<?xml version="1.0" encoding="UTF-8"?>
<testsuites name="QA_IWP2.5_Regression" time="11820.487" tests="73" failures="11" errors="41">
   <testsuite name="QA_IWP2.5_Regression" tests="73" failures="11" errors="41" time="11820.487" skipped="0" timestamp="24-10-2024T06:20:17" hostname="t476046 - TXD87096.deluxe.com" id="Test Suites/QA/IWP2.5/QA_IWP2.5_Regression">
      <properties>
         <property name="deviceName" value=""/>
         <property name="devicePlatform"/>
         <property name="logFolder" value="C:\\Users\\t476046\\Documents\\katalon\\VPS-Katalon\\Reports\\20241024_062001\\QA\\IWP2.5\\QA_IWP2.5_Regression\\20241024_062001"/>
         <property name="logFiles" value="C:\\Users\\t476046\\Documents\\katalon\\VPS-Katalon\\Reports\\20241024_062001\\QA\\IWP2.5\\QA_IWP2.5_Regression\\20241024_062001\\execution0.log, C:\\Users\\t476046\\Documents\\katalon\\VPS-Katalon\\Reports\\20241024_062001\\QA\\IWP2.5\\QA_IWP2.5_Regression\\20241024_062001\\execution1.log"/>
         <property name="attachments" value="C:\\Users\\t476046\\Documents\\katalon\\VPS-Katalon\\Reports\\20241024_062001\\QA\\IWP2.5\\QA_IWP2.5_Regression\\20241024_062001\\1729735852859.png"/>
         <property name="hostName" value="t476046 - TXD87096.deluxe.com"/>
         <property name="os" value="Windows 10 64bit"/>
         <property name="katalonVersion" value="9.6.0.217"/>
         <property name="browser" value="Edge Chromium 130"/>
         <property name="hostAddress" value="10.203.40.166"/>
         <property name="sessionId" value="6c1d128fe2c20c0f2b8e92bb7dff3960"/>
         <property name="seleniumVersion" value="3.141.59"/>
         <property name="proxyInformation" value="ProxyInformation { proxyOption=NO_PROXY, proxyServerType=HTTP, username=, password=********, proxyServerAddress=, proxyServerPort=0, executionList=&quot;&quot;, isApplyToDesiredCapabilities=true }"/>
         <property name="platform" value="Windows 10"/>
      </properties>
      <testcase name="Test Cases/IntegratedWeb/IWP25/Payments/NoModifyAmountCC" time="106.052" classname="Test Cases/IntegratedWeb/IWP25/Payments/NoModifyAmountCC" status="ERROR">
         <error type="ERROR" message="Test Cases/IntegratedWeb/IWP25/Payments/NoModifyAmountCC FAILED.&#xa;Reason:&#xa;org.codehaus.groovy.runtime.InvokerInvocationException: java.io.FileNotFoundException: KatalonData\IWPTestData\VRelay25Payments.xlsx (The process cannot access the file because it is being used by another process)&#xa;	at com.kms.katalon.core.main.CustomKeywordDelegatingMetaClass.invokeStaticMethod(CustomKeywordDelegatingMetaClass.java:55)&#xa;	at NoModifyAmountCC.run(NoModifyAmountCC:98)&#xa;	at com.kms.katalon.core.main.ScriptEngine.run(ScriptEngine.java:194)&#xa;	at com.kms.katalon.core.main.ScriptEngine.runScriptAsRawText(ScriptEngine.java:119)&#xa;	at com.kms.katalon.core.main.TestCaseExecutor.runScript(TestCaseExecutor.java:448)&#xa;	at com.kms.katalon.core.main.TestCaseExecutor.doExecute(TestCaseExecutor.java:439)&#xa;	at com.kms.katalon.core.main.TestCaseExecutor.processExecutionPhase(TestCaseExecutor.java:418)&#xa;	at com.kms.katalon.core.main.TestCaseExecutor.accessMainPhase(TestCaseExecutor.java:410)&#xa;	at com.kms.katalon.core.main.TestCaseExecutor.execute(TestCaseExecutor.java:285)&#xa;	at com.kms.katalon.core.common.CommonExecutor.accessTestCaseMainPhase(CommonExecutor.java:65)&#xa;	at com.kms.katalon.core.main.TestSuiteExecutor.accessTestSuiteMainPhase(TestSuiteExecutor.java:150)&#xa;	at com.kms.katalon.core.main.TestSuiteExecutor.execute(TestSuiteExecutor.java:106)&#xa;	at com.kms.katalon.core.main.TestCaseMain.startTestSuite(TestCaseMain.java:180)&#xa;	at TempTestSuite1729731001385.run(TempTestSuite1729731001385.groovy:35)&#xa;	at java.base/jdk.internal.reflect.NativeMethodAccessorImpl.invoke0(Native Method)&#xa;	at java.base/jdk.internal.reflect.NativeMethodAccessorImpl.invoke(NativeMethodAccessorImpl.java:77)&#xa;	at java.base/jdk.internal.reflect.DelegatingMethodAccessorImpl.invoke(DelegatingMethodAccessorImpl.java:43)&#xa;Caused by: java.io.FileNotFoundException: KatalonData\IWPTestData\VRelay25Payments.xlsx (The process cannot access the file because it is being used by another process)&#xa;	at pages.WriteExcel.demoKey(WriteExcel.groovy:93)&#xa;	at java.base/jdk.internal.reflect.NativeMethodAccessorImpl.invoke0(Native Method)&#xa;	at java.base/jdk.internal.reflect.NativeMethodAccessorImpl.invoke(NativeMethodAccessorImpl.java:77)&#xa;	at java.base/jdk.internal.reflect.DelegatingMethodAccessorImpl.invoke(DelegatingMethodAccessorImpl.java:43)&#xa;	... 17 more&#xa;"/>
         <system-out><![CDATA[24-10-2024T06:20:18 - [TEST_CASE][ERROR] - Test Cases/IntegratedWeb/IWP25/Payments/NoModifyAmountCC: Test Cases/IntegratedWeb/IWP25/Payments/NoModifyAmountCC FAILED.
Reason:
org.codehaus.groovy.runtime.InvokerInvocationException: java.io.FileNotFoundException: KatalonData\IWPTestData\VRelay25Payments.xlsx (The process cannot access the file because it is being used by another process)
	at com.kms.katalon.core.main.CustomKeywordDelegatingMetaClass.invokeStaticMethod(CustomKeywordDelegatingMetaClass.java:55)
	at NoModifyAmountCC.run(NoModifyAmountCC:98)
	at com.kms.katalon.core.main.ScriptEngine.run(ScriptEngine.java:194)
	at com.kms.katalon.core.main.ScriptEngine.runScriptAsRawText(ScriptEngine.java:119)
	at com.kms.katalon.core.main.TestCaseExecutor.runScript(TestCaseExecutor.java:448)
	at com.kms.katalon.core.main.TestCaseExecutor.doExecute(TestCaseExecutor.java:439)
	at com.kms.katalon.core.main.TestCaseExecutor.processExecutionPhase(TestCaseExecutor.java:418)
	at com.kms.katalon.core.main.TestCaseExecutor.accessMainPhase(TestCaseExecutor.java:410)
	at com.kms.katalon.core.main.TestCaseExecutor.execute(TestCaseExecutor.java:285)
	at com.kms.katalon.core.common.CommonExecutor.accessTestCaseMainPhase(CommonExecutor.java:65)
	at com.kms.katalon.core.main.TestSuiteExecutor.accessTestSuiteMainPhase(TestSuiteExecutor.java:150)
	at com.kms.katalon.core.main.TestSuiteExecutor.execute(TestSuiteExecutor.java:106)
	at com.kms.katalon.core.main.TestCaseMain.startTestSuite(TestCaseMain.java:180)
	at TempTestSuite1729731001385.run(TempTestSuite1729731001385.groovy:35)
	at java.base/jdk.internal.reflect.NativeMethodAccessorImpl.invoke0(Native Method)
	at java.base/jdk.internal.reflect.NativeMethodAccessorImpl.invoke(NativeMethodAccessorImpl.java:77)
	at java.base/jdk.internal.reflect.DelegatingMethodAccessorImpl.invoke(DelegatingMethodAccessorImpl.java:43)
Caused by: java.io.FileNotFoundException: KatalonData\IWPTestData\VRelay25Payments.xlsx (The process cannot access the file because it is being used by another process)
	at pages.WriteExcel.demoKey(WriteExcel.groovy:93)
	at java.base/jdk.internal.reflect.NativeMethodAccessorImpl.invoke0(Native Method)
	at java.base/jdk.internal.reflect.NativeMethodAccessorImpl.invoke(NativeMethodAccessorImpl.java:77)
	at java.base/jdk.internal.reflect.DelegatingMethodAccessorImpl.invoke(DelegatingMethodAccessorImpl.java:43)
	... 17 more


24-10-2024T06:20:18 - [TEST_STEP][PASSED] - resText = "Fail": null

24-10-2024T06:20:18 - [TEST_STEP][PASSED] - resColumn = "Result": null

24-10-2024T06:20:19 - [TEST_STEP][PASSED] - datCloumn = "Date": null

24-10-2024T06:20:19 - [TEST_STEP][PASSED] - fileLoc = "KatalonData/IWPTestData/VRelay25Payments.xlsx": null

24-10-2024T06:20:19 - [TEST_STEP][PASSED] - numOfRows = <not implemented yet for class: org.codehaus.groovy.ast.expr.EmptyExpression>: null

24-10-2024T06:20:19 - [TEST_STEP][PASSED] - dataFile = <not implemented yet for class: org.codehaus.groovy.ast.expr.EmptyExpression>: null

24-10-2024T06:20:19 - [TEST_STEP][PASSED] - nameSheet = <not implemented yet for class: org.codehaus.groovy.ast.expr.EmptyExpression>: null

24-10-2024T06:20:19 - [TEST_STEP][PASSED] - dataFileEmulator = <not implemented yet for class: org.codehaus.groovy.ast.expr.EmptyExpression>: null

24-10-2024T06:20:19 - [TEST_STEP][PASSED] - nameSheet = "NoModifyAmountCC": null

24-10-2024T06:20:19 - [TEST_STEP][PASSED] - dataFile = "IWPTestData/IWP25NoModifyAmountCC": null

24-10-2024T06:20:19 - [TEST_STEP][PASSED] - dataFileEmulator = "IWPTestData/EmulatorData": null

24-10-2024T06:20:19 - [TEST_STEP][PASSED] - numOfRows = findTestData(dataFile).getRowNumbers(): null

24-10-2024T06:20:20 - [TEST_STEP][PASSED] - println("Number of Records: " + numOfRows): null

24-10-2024T06:20:20 - [TEST_STEP][PASSED] - for ([row = 1, row <= numOfRows, (row++)]): null

24-10-2024T06:20:20 - [TEST_STEP][PASSED] - ExecuteTC = findTestData(dataFile).getValue("Execute", row): null

24-10-2024T06:20:20 - [TEST_STEP][PASSED] - out.println("Value of Execute is : " + ExecuteTC): null

24-10-2024T06:20:20 - [TEST_STEP][PASSED] - if (ExecuteTC.equalsIgnoreCase("Y")): null

24-10-2024T06:20:20 - [TEST_STEP][PASSED] - out.println("Begin Record Number: " + row): null

24-10-2024T06:20:20 - [TEST_STEP][PASSED] - today = new java.util.Date(): null

24-10-2024T06:20:20 - [TEST_STEP][PASSED] - println(today): null

24-10-2024T06:20:20 - [TEST_STEP][PASSED] - datText = today: null

24-10-2024T06:20:20 - [TEST_STEP][PASSED] - EmulatorDataKey = findTestData(dataFile).getValue("EmulatorData", row): null

24-10-2024T06:20:20 - [TEST_STEP][PASSED] - out.println("Value of Emulator Key is : " + EmulatorDataKey): null

24-10-2024T06:20:20 - [TEST_STEP][PASSED] - iwpPages.emulatorIWP30.setDataEmulator_DD(EmulatorDataKey): iwpPages.emulatorIWP30.setDataEmulator_DD is PASSED

24-10-2024T06:20:22 - [MESSAGE][INFO] - Starting 'Edge Chromium' driver

24-10-2024T06:20:22 - [MESSAGE][INFO] - User set preference: ['acceptInsecureCerts', 'true']

24-10-2024T06:20:25 - [MESSAGE][INFO] - Action delay is set to 0 milliseconds

24-10-2024T06:20:29 - [MESSAGE][PASSED] - Browser is opened with url: 'https://qa2.velocitypayment.com/agencyx/config.action?action=editor&message_version=2_5'

24-10-2024T06:20:29 - [MESSAGE][PASSED] - Current window maximized

24-10-2024T06:21:01 - [MESSAGE][INFO] - Unable to find the element located by 'By.xpath: //select[@name='message_version']'. Please recheck the objects properties to make sure the desired element is located. 

24-10-2024T06:21:01 - [MESSAGE][WARNING] - [SELF-HEALING] Failed to find element with id 'Object Repository/IWP30/Page_VRelay30Emulator/MV'. Try using Self-healing.

24-10-2024T06:21:01 - [MESSAGE][WARNING] - [SELF-HEALING] The current locator of test object 'Object Repository/IWP30/Page_VRelay30Emulator/MV' was broken. Propose an alternative one: '(.//*[normalize-space(text()) and normalize-space(.)='Message Version'])[1]/following::select[1]'.

24-10-2024T06:21:02 - [MESSAGE][PASSED] - All options with value '2.5' are selected in object 'Object Repository/IWP30/Page_VRelay30Emulator/MV'  using regular expression

24-10-2024T06:21:02 - [MESSAGE][PASSED] - Text '10.50' is set on object 'Object Repository/IWP30/Page_EmulatorAgencyX/Amount'

24-10-2024T06:21:03 - [MESSAGE][PASSED] - Text '9bRWK1vbsUCi' is set on object 'Object Repository/IWP30/Page_EmulatorAgencyX/CAN'

24-10-2024T06:21:04 - [MESSAGE][PASSED] - Text 'PayNow' is set on object 'Object Repository/IWP30/Page_EmulatorAgencyX/Action'

24-10-2024T06:21:04 - [MESSAGE][PASSED] - Text 'en_US' is set on object 'Object Repository/IWP30/Page_EmulatorAgencyX/Lang'

24-10-2024T06:21:05 - [MESSAGE][PASSED] - Text 'Jasmine' is set on object 'Object Repository/IWP30/Page_EmulatorAgencyX/Fname'

24-10-2024T06:21:06 - [MESSAGE][PASSED] - Text 'Patrinol' is set on object 'Object Repository/IWP30/Page_EmulatorAgencyX/Lname'

24-10-2024T06:21:06 - [MESSAGE][PASSED] - Text '258 Underwood rd' is set on object 'Object Repository/IWP30/Page_EmulatorAgencyX/AL1'

24-10-2024T06:21:07 - [MESSAGE][PASSED] - Text 'Suite 600' is set on object 'Object Repository/IWP30/Page_EmulatorAgencyX/AL2'

24-10-2024T06:21:07 - [MESSAGE][PASSED] - Text '840' is set on object 'Object Repository/IWP30/Page_EmulatorAgencyX/Country'

24-10-2024T06:21:08 - [MESSAGE][PASSED] - Text 'Arlington' is set on object 'Object Repository/IWP30/Page_EmulatorAgencyX/City'

24-10-2024T06:21:09 - [MESSAGE][PASSED] - Text 'VA' is set on object 'Object Repository/IWP30/Page_EmulatorAgencyX/State'

24-10-2024T06:21:09 - [MESSAGE][PASSED] - Text '22201' is set on object 'Object Repository/IWP30/Page_EmulatorAgencyX/ZIP'

24-10-2024T06:21:10 - [MESSAGE][PASSED] - Text '' is set on object 'Object Repository/IWP30/Page_EmulatorAgencyX/Order'

24-10-2024T06:21:11 - [MESSAGE][PASSED] - Text 'Some Company' is set on object 'Object Repository/IWP30/Page_EmulatorAgencyX/Company'

24-10-2024T06:21:11 - [MESSAGE][PASSED] - Text 'iahmed@govolution.com' is set on object 'Object Repository/IWP30/Page_EmulatorAgencyX/Email'

24-10-2024T06:21:12 - [MESSAGE][PASSED] - Text 'udf data 1' is set on object 'Object Repository/IWP30/Page_EmulatorAgencyX/UDF1'

24-10-2024T06:21:12 - [MESSAGE][PASSED] - Text 'udf data 2' is set on object 'Object Repository/IWP30/Page_EmulatorAgencyX/UDF2'

24-10-2024T06:21:13 - [MESSAGE][PASSED] - Text 'udf data 3' is set on object 'Object Repository/IWP30/Page_EmulatorAgencyX/UDF3'

24-10-2024T06:21:14 - [MESSAGE][PASSED] - Text 'udf data 4' is set on object 'Object Repository/IWP30/Page_EmulatorAgencyX/UDF4'

24-10-2024T06:21:14 - [MESSAGE][PASSED] - Text 'udf data 5' is set on object 'Object Repository/IWP30/Page_EmulatorAgencyX/UDF5'

24-10-2024T06:21:15 - [MESSAGE][PASSED] - Text 'udf data 6' is set on object 'Object Repository/IWP30/Page_EmulatorAgencyX/UDF6'

24-10-2024T06:21:15 - [MESSAGE][PASSED] - Text 'Orange' is set on object 'Object Repository/IWP30/Page_EmulatorAgencyX/UDF7'

24-10-2024T06:21:16 - [MESSAGE][PASSED] - Text 'Soccer' is set on object 'Object Repository/IWP30/Page_EmulatorAgencyX/UDF8'

24-10-2024T06:21:17 - [MESSAGE][PASSED] - Text 'udf data 9' is set on object 'Object Repository/IWP30/Page_EmulatorAgencyX/UDF9'

24-10-2024T06:21:17 - [MESSAGE][PASSED] - Text 'udf data 10' is set on object 'Object Repository/IWP30/Page_EmulatorAgencyX/UDF10'

24-10-2024T06:21:19 - [MESSAGE][PASSED] - Object: 'Object Repository/IWP30/Page_EmulatorAgencyX/Submit' is clicked on

24-10-2024T06:21:23 - [MESSAGE][PASSED] - Browser is closed

24-10-2024T06:21:27 - [MESSAGE][PASSED] - iwpPages.emulatorIWP30.setDataEmulator_DD is PASSED

24-10-2024T06:21:27 - [TEST_STEP][PASSED] - testHarnessURL = urlTestHarness: null

24-10-2024T06:21:27 - [TEST_STEP][PASSED] - openBrowser(testHarnessURL): Browser is opened with url: 'https://dev-algorithm.govolution.com/vrelaytest/QA2/version_2_2/vrelaytest.html'

24-10-2024T06:21:27 - [MESSAGE][INFO] - Starting 'Edge Chromium' driver

24-10-2024T06:21:27 - [MESSAGE][INFO] - User set preference: ['acceptInsecureCerts', 'true']

24-10-2024T06:21:30 - [MESSAGE][INFO] - Action delay is set to 0 milliseconds

24-10-2024T06:21:33 - [MESSAGE][PASSED] - Browser is opened with url: 'https://dev-algorithm.govolution.com/vrelaytest/QA2/version_2_2/vrelaytest.html'

24-10-2024T06:21:33 - [TEST_STEP][PASSED] - maximizeWindow(): Current window maximized

24-10-2024T06:21:34 - [MESSAGE][PASSED] - Current window maximized

24-10-2024T06:21:34 - [TEST_STEP][PASSED] - iwpPages.TestHarnessPage.setDataMethod(row, dataFile): iwpPages.TestHarnessPage.setDataMethod is PASSED

24-10-2024T06:21:34 - [MESSAGE][PASSED] - Object 'Object Repository/IWP30/Page_QATestHarness/RemittanceID' is present

24-10-2024T06:21:35 - [MESSAGE][PASSED] - Text '654' is set on object 'Object Repository/IWP30/Page_QATestHarness/ApplicationID'

24-10-2024T06:21:36 - [MESSAGE][PASSED] - Text '2.5' is set on object 'Object Repository/IWP30/Page_QATestHarness/MessageVersion'

24-10-2024T06:21:36 - [MESSAGE][PASSED] - Text 'Z3NFZc4844N4' is set on object 'Object Repository/IWP30/Page_QATestHarness/RemittanceID'

24-10-2024T06:21:40 - [MESSAGE][PASSED] - Object: 'Object Repository/IWP30/Page_QATestHarness/SubmitButton' is clicked on

24-10-2024T06:21:40 - [MESSAGE][PASSED] - iwpPages.TestHarnessPage.setDataMethod is PASSED

24-10-2024T06:21:40 - [TEST_STEP][PASSED] - click(findTestObject("Object Repository/IWP30/Page_SelectPaymentMethod/PayByCreditCard")): Object: 'Object Repository/IWP30/Page_SelectPaymentMethod/PayByCreditCard' is clicked on

24-10-2024T06:21:40 - [MESSAGE][PASSED] - Object: 'Object Repository/IWP30/Page_SelectPaymentMethod/PayByCreditCard' is clicked on

24-10-2024T06:21:40 - [TEST_STEP][PASSED] - click(findTestObject("Object Repository/IWP30/Page_SelectPaymentMethod/MakePaymentButton")): Object: 'Object Repository/IWP30/Page_SelectPaymentMethod/MakePaymentButton' is clicked on

24-10-2024T06:21:43 - [MESSAGE][PASSED] - Object: 'Object Repository/IWP30/Page_SelectPaymentMethod/MakePaymentButton' is clicked on

24-10-2024T06:21:43 - [TEST_STEP][PASSED] - if (verifyElementNotPresent(findTestObject("Object Repository/IWP30/Page_CCPaymentEntry/Amount"), 30) && verifyTextPresent("$10.50", false)): null

24-10-2024T06:21:44 - [MESSAGE][PASSED] - Web element with id: 'Object Repository/IWP30/Page_CCPaymentEntry/Amount' located by 'By.xpath: //*[@type = 'text' and @name = 'amount' and @alt = 'Amount']' is not present after '30' second(s)

24-10-2024T06:21:44 - [MESSAGE][PASSED] - Text '$10.50' is present on page 

24-10-2024T06:21:44 - [TEST_STEP][PASSED] - iwpPages.ccPaymentEntryPage.setDataCCPM(row, dataFile): iwpPages.ccPaymentEntryPage.setDataCCPM is PASSED

24-10-2024T06:21:46 - [MESSAGE][PASSED] - Object 'Object Repository/IWP30/Page_CCPaymentEntry/Name' is present

24-10-2024T06:21:46 - [MESSAGE][PASSED] - Object 'Object Repository/IWP30/Page_CCPaymentEntry/Name' is present

24-10-2024T06:21:46 - [MESSAGE][PASSED] - Object 'Object Repository/IWP30/Page_CCPaymentEntry/CardNumber' is present

24-10-2024T06:21:47 - [MESSAGE][PASSED] - Text '5146312200000035' is set on object 'Object Repository/IWP30/Page_CCPaymentEntry/CardNumber'

24-10-2024T06:21:47 - [MESSAGE][PASSED] - Object 'Object Repository/IWP30/Page_CCPaymentEntry/Month' is present

24-10-2024T06:21:48 - [MESSAGE][PASSED] - All options with label '09' are selected in object 'Object Repository/IWP30/Page_CCPaymentEntry/Month' 

24-10-2024T06:21:48 - [MESSAGE][PASSED] - Object 'Object Repository/IWP30/Page_CCPaymentEntry/Year' is present

24-10-2024T06:21:49 - [MESSAGE][PASSED] - All options with label '2028' are selected in object 'Object Repository/IWP30/Page_CCPaymentEntry/Year' 

24-10-2024T06:21:49 - [MESSAGE][PASSED] - Object 'Object Repository/IWP30/Page_CCPaymentEntry/EmailAddress' is present

24-10-2024T06:21:49 - [MESSAGE][PASSED] - Object 'Object Repository/IWP30/Page_CCPaymentEntry/TermCondCheckBox' is present

24-10-2024T06:21:50 - [MESSAGE][PASSED] - Object 'Object Repository/IWP30/Page_CCPaymentEntry/TermCondCheckBox' is checked

24-10-2024T06:21:50 - [MESSAGE][PASSED] - Object 'Object Repository/IWP30/Page_CCPaymentEntry/ContinueButton' is present

24-10-2024T06:21:51 - [MESSAGE][PASSED] - Object: 'Object Repository/IWP30/Page_CCPaymentEntry/ContinueButton' is clicked on

24-10-2024T06:21:51 - [MESSAGE][PASSED] - iwpPages.ccPaymentEntryPage.setDataCCPM is PASSED

24-10-2024T06:21:51 - [TEST_STEP][PASSED] - click(findTestObject("Object Repository/IWP30/Page_Confirmation/ConfirmButton")): Object: 'Object Repository/IWP30/Page_Confirmation/ConfirmButton' is clicked on

24-10-2024T06:21:53 - [MESSAGE][PASSED] - Object: 'Object Repository/IWP30/Page_Confirmation/ConfirmButton' is clicked on

24-10-2024T06:21:53 - [TEST_STEP][PASSED] - Thread.sleep(10000): null

24-10-2024T06:22:03 - [TEST_STEP][PASSED] - if (verifyTextPresent("Successful Payment Receipt", false)): null

24-10-2024T06:22:03 - [MESSAGE][PASSED] - Text 'Successful Payment Receipt' is present on page 

24-10-2024T06:22:03 - [TEST_STEP][PASSED] - println("Successful Payment Receipt text is present on the Receipt page"): null

24-10-2024T06:22:03 - [TEST_STEP][PASSED] - markPassed("Successful Payment Receipt text is present on the Receipt page"): Successful Payment Receipt text is present on the Receipt page

24-10-2024T06:22:03 - [MESSAGE][PASSED] - Successful Payment Receipt text is present on the Receipt page

24-10-2024T06:22:03 - [TEST_STEP][PASSED] - resText = "Pass": null

24-10-2024T06:22:03 - [TEST_STEP][ERROR] - pages.WriteExcel.demoKey(resText, datText, resColumn, datCloumn, fileLoc, nameSheet, row): Test Cases/IntegratedWeb/IWP25/Payments/NoModifyAmountCC FAILED.
Reason:
com.kms.katalon.core.exception.StepErrorException: org.codehaus.groovy.runtime.InvokerInvocationException: java.io.FileNotFoundException: KatalonData\IWPTestData\VRelay25Payments.xlsx (The process cannot access the file because it is being used by another process)
	at com.kms.katalon.core.main.CustomKeywordDelegatingMetaClass.throwError(CustomKeywordDelegatingMetaClass.java:101)
	at com.kms.katalon.core.main.CustomKeywordDelegatingMetaClass.invokeStaticMethod(CustomKeywordDelegatingMetaClass.java:73)
	at NoModifyAmountCC.run(NoModifyAmountCC:98)
	at com.kms.katalon.core.main.ScriptEngine.run(ScriptEngine.java:194)
	at com.kms.katalon.core.main.ScriptEngine.runScriptAsRawText(ScriptEngine.java:119)
	at com.kms.katalon.core.main.TestCaseExecutor.runScript(TestCaseExecutor.java:448)
	at com.kms.katalon.core.main.TestCaseExecutor.doExecute(TestCaseExecutor.java:439)
	at com.kms.katalon.core.main.TestCaseExecutor.processExecutionPhase(TestCaseExecutor.java:418)
	at com.kms.katalon.core.main.TestCaseExecutor.accessMainPhase(TestCaseExecutor.java:410)
	at com.kms.katalon.core.main.TestCaseExecutor.execute(TestCaseExecutor.java:285)
	at com.kms.katalon.core.common.CommonExecutor.accessTestCaseMainPhase(CommonExecutor.java:65)
	at com.kms.katalon.core.main.TestSuiteExecutor.accessTestSuiteMainPhase(TestSuiteExecutor.java:150)
	at com.kms.katalon.core.main.TestSuiteExecutor.execute(TestSuiteExecutor.java:106)
	at com.kms.katalon.core.main.TestCaseMain.startTestSuite(TestCaseMain.java:180)
	at TempTestSuite1729731001385.run(TempTestSuite1729731001385.groovy:35)
	at java.base/jdk.internal.reflect.NativeMethodAccessorImpl.invoke0(Native Method)
	at java.base/jdk.internal.reflect.NativeMethodAccessorImpl.invoke(NativeMethodAccessorImpl.java:77)
	at java.base/jdk.internal.reflect.DelegatingMethodAccessorImpl.invoke(DelegatingMethodAccessorImpl.java:43)
Caused by: org.codehaus.groovy.runtime.InvokerInvocationException: java.io.FileNotFoundException: KatalonData\IWPTestData\VRelay25Payments.xlsx (The process cannot access the file because it is being used by another process)
	at com.kms.katalon.core.main.CustomKeywordDelegatingMetaClass.invokeStaticMethod(CustomKeywordDelegatingMetaClass.java:55)
	at Script1725023160926.run(Script1725023160926.groovy:98)
	... 15 more
Caused by: java.io.FileNotFoundException: KatalonData\IWPTestData\VRelay25Payments.xlsx (The process cannot access the file because it is being used by another process)
	at pages.WriteExcel.demoKey(WriteExcel.groovy:93)
	at java.base/jdk.internal.reflect.NativeMethodAccessorImpl.invoke0(Native Method)
	at java.base/jdk.internal.reflect.NativeMethodAccessorImpl.invoke(NativeMethodAccessorImpl.java:77)
	at java.base/jdk.internal.reflect.DelegatingMethodAccessorImpl.invoke(DelegatingMethodAccessorImpl.java:43)
	at com.kms.katalon.core.main.CustomKeywordDelegatingMetaClass.invokeStaticMethod(CustomKeywordDelegatingMetaClass.java:55)
	at NoModifyAmountCC.run(NoModifyAmountCC:98)
	... 15 more


24-10-2024T06:22:04 - [MESSAGE][ERROR] - java.io.FileNotFoundException: KatalonData\IWPTestData\VRelay25Payments.xlsx (The process cannot access the file because it is being used by another process)

24-10-2024T06:22:04 - [MESSAGE][ERROR] - Test Cases/IntegratedWeb/IWP25/Payments/NoModifyAmountCC FAILED.
Reason:
com.kms.katalon.core.exception.StepErrorException: org.codehaus.groovy.runtime.InvokerInvocationException: java.io.FileNotFoundException: KatalonData\IWPTestData\VRelay25Payments.xlsx (The process cannot access the file because it is being used by another process)
	at com.kms.katalon.core.main.CustomKeywordDelegatingMetaClass.throwError(CustomKeywordDelegatingMetaClass.java:101)
	at com.kms.katalon.core.main.CustomKeywordDelegatingMetaClass.invokeStaticMethod(CustomKeywordDelegatingMetaClass.java:73)
	at NoModifyAmountCC.run(NoModifyAmountCC:98)
	at com.kms.katalon.core.main.ScriptEngine.run(ScriptEngine.java:194)
	at com.kms.katalon.core.main.ScriptEngine.runScriptAsRawText(ScriptEngine.java:119)
	at com.kms.katalon.core.main.TestCaseExecutor.runScript(TestCaseExecutor.java:448)
	at com.kms.katalon.core.main.TestCaseExecutor.doExecute(TestCaseExecutor.java:439)
	at com.kms.katalon.core.main.TestCaseExecutor.processExecutionPhase(TestCaseExecutor.java:418)
	at com.kms.katalon.core.main.TestCaseExecutor.accessMainPhase(TestCaseExecutor.java:410)
	at com.kms.katalon.core.main.TestCaseExecutor.execute(TestCaseExecutor.java:285)
	at com.kms.katalon.core.common.CommonExecutor.accessTestCaseMainPhase(CommonExecutor.java:65)
	at com.kms.katalon.core.main.TestSuiteExecutor.accessTestSuiteMainPhase(TestSuiteExecutor.java:150)
	at com.kms.katalon.core.main.TestSuiteExecutor.execute(TestSuiteExecutor.java:106)
	at com.kms.katalon.core.main.TestCaseMain.startTestSuite(TestCaseMain.java:180)
	at TempTestSuite1729731001385.run(TempTestSuite1729731001385.groovy:35)
	at java.base/jdk.internal.reflect.NativeMethodAccessorImpl.invoke0(Native Method)
	at java.base/jdk.internal.reflect.NativeMethodAccessorImpl.invoke(NativeMethodAccessorImpl.java:77)
	at java.base/jdk.internal.reflect.DelegatingMethodAccessorImpl.invoke(DelegatingMethodAccessorImpl.java:43)
Caused by: org.codehaus.groovy.runtime.InvokerInvocationException: java.io.FileNotFoundException: KatalonData\IWPTestData\VRelay25Payments.xlsx (The process cannot access the file because it is being used by another process)
	at com.kms.katalon.core.main.CustomKeywordDelegatingMetaClass.invokeStaticMethod(CustomKeywordDelegatingMetaClass.java:55)
	at Script1725023160926.run(Script1725023160926.groovy:98)
	... 15 more
Caused by: java.io.FileNotFoundException: KatalonData\IWPTestData\VRelay25Payments.xlsx (The process cannot access the file because it is being used by another process)
	at pages.WriteExcel.demoKey(WriteExcel.groovy:93)
	at java.base/jdk.internal.reflect.NativeMethodAccessorImpl.invoke0(Native Method)
	at java.base/jdk.internal.reflect.NativeMethodAccessorImpl.invoke(NativeMethodAccessorImpl.java:77)
	at java.base/jdk.internal.reflect.DelegatingMethodAccessorImpl.invoke(DelegatingMethodAccessorImpl.java:43)
	at com.kms.katalon.core.main.CustomKeywordDelegatingMetaClass.invokeStaticMethod(CustomKeywordDelegatingMetaClass.java:55)
	at NoModifyAmountCC.run(NoModifyAmountCC:98)
	... 15 more]]></system-out>
         <system-err><![CDATA[24-10-2024T06:20:18 - [TEST_CASE][ERROR] - Test Cases/IntegratedWeb/IWP25/Payments/NoModifyAmountCC: Test Cases/IntegratedWeb/IWP25/Payments/NoModifyAmountCC FAILED.
Reason:
org.codehaus.groovy.runtime.InvokerInvocationException: java.io.FileNotFoundException: KatalonData\IWPTestData\VRelay25Payments.xlsx (The process cannot access the file because it is being used by another process)
	at com.kms.katalon.core.main.CustomKeywordDelegatingMetaClass.invokeStaticMethod(CustomKeywordDelegatingMetaClass.java:55)
	at NoModifyAmountCC.run(NoModifyAmountCC:98)
	at com.kms.katalon.core.main.ScriptEngine.run(ScriptEngine.java:194)
	at com.kms.katalon.core.main.ScriptEngine.runScriptAsRawText(ScriptEngine.java:119)
	at com.kms.katalon.core.main.TestCaseExecutor.runScript(TestCaseExecutor.java:448)
	at com.kms.katalon.core.main.TestCaseExecutor.doExecute(TestCaseExecutor.java:439)
	at com.kms.katalon.core.main.TestCaseExecutor.processExecutionPhase(TestCaseExecutor.java:418)
	at com.kms.katalon.core.main.TestCaseExecutor.accessMainPhase(TestCaseExecutor.java:410)
	at com.kms.katalon.core.main.TestCaseExecutor.execute(TestCaseExecutor.java:285)
	at com.kms.katalon.core.common.CommonExecutor.accessTestCaseMainPhase(CommonExecutor.java:65)
	at com.kms.katalon.core.main.TestSuiteExecutor.accessTestSuiteMainPhase(TestSuiteExecutor.java:150)
	at com.kms.katalon.core.main.TestSuiteExecutor.execute(TestSuiteExecutor.java:106)
	at com.kms.katalon.core.main.TestCaseMain.startTestSuite(TestCaseMain.java:180)
	at TempTestSuite1729731001385.run(TempTestSuite1729731001385.groovy:35)
	at java.base/jdk.internal.reflect.NativeMethodAccessorImpl.invoke0(Native Method)
	at java.base/jdk.internal.reflect.NativeMethodAccessorImpl.invoke(NativeMethodAccessorImpl.java:77)
	at java.base/jdk.internal.reflect.DelegatingMethodAccessorImpl.invoke(DelegatingMethodAccessorImpl.java:43)
Caused by: java.io.FileNotFoundException: KatalonData\IWPTestData\VRelay25Payments.xlsx (The process cannot access the file because it is being used by another process)
	at pages.WriteExcel.demoKey(WriteExcel.groovy:93)
	at java.base/jdk.internal.reflect.NativeMethodAccessorImpl.invoke0(Native Method)
	at java.base/jdk.internal.reflect.NativeMethodAccessorImpl.invoke(NativeMethodAccessorImpl.java:77)
	at java.base/jdk.internal.reflect.DelegatingMethodAccessorImpl.invoke(DelegatingMethodAccessorImpl.java:43)
	... 17 more]]></system-err>
      </testcase>
      <testcase name="Test Cases/IntegratedWeb/IWP25/Payments/NoModifyAmountCorp" time="101.273" classname="Test Cases/IntegratedWeb/IWP25/Payments/NoModifyAmountCorp" status="ERROR">
         <error type="ERROR" message="Test Cases/IntegratedWeb/IWP25/Payments/NoModifyAmountCorp FAILED.&#xa;Reason:&#xa;org.codehaus.groovy.runtime.InvokerInvocationException: java.io.FileNotFoundException: KatalonData\IWPTestData\VRelay25Payments.xlsx (The process cannot access the file because it is being used by another process)&#xa;	at com.kms.katalon.core.main.CustomKeywordDelegatingMetaClass.invokeStaticMethod(CustomKeywordDelegatingMetaClass.java:55)&#xa;	at NoModifyAmountCorp.run(NoModifyAmountCorp:100)&#xa;	at com.kms.katalon.core.main.ScriptEngine.run(ScriptEngine.java:194)&#xa;	at com.kms.katalon.core.main.ScriptEngine.runScriptAsRawText(ScriptEngine.java:119)&#xa;	at com.kms.katalon.core.main.TestCaseExecutor.runScript(TestCaseExecutor.java:448)&#xa;	at com.kms.katalon.core.main.TestCaseExecutor.doExecute(TestCaseExecutor.java:439)&#xa;	at com.kms.katalon.core.main.TestCaseExecutor.processExecutionPhase(TestCaseExecutor.java:418)&#xa;	at com.kms.katalon.core.main.TestCaseExecutor.accessMainPhase(TestCaseExecutor.java:410)&#xa;	at com.kms.katalon.core.main.TestCaseExecutor.execute(TestCaseExecutor.java:285)&#xa;	at com.kms.katalon.core.common.CommonExecutor.accessTestCaseMainPhase(CommonExecutor.java:65)&#xa;	at com.kms.katalon.core.main.TestSuiteExecutor.accessTestSuiteMainPhase(TestSuiteExecutor.java:150)&#xa;	at com.kms.katalon.core.main.TestSuiteExecutor.execute(TestSuiteExecutor.java:106)&#xa;	at com.kms.katalon.core.main.TestCaseMain.startTestSuite(TestCaseMain.java:180)&#xa;	at TempTestSuite1729731001385.run(TempTestSuite1729731001385.groovy:35)&#xa;	at java.base/jdk.internal.reflect.NativeMethodAccessorImpl.invoke0(Native Method)&#xa;	at java.base/jdk.internal.reflect.NativeMethodAccessorImpl.invoke(NativeMethodAccessorImpl.java:77)&#xa;	at java.base/jdk.internal.reflect.DelegatingMethodAccessorImpl.invoke(DelegatingMethodAccessorImpl.java:43)&#xa;Caused by: java.io.FileNotFoundException: KatalonData\IWPTestData\VRelay25Payments.xlsx (The process cannot access the file because it is being used by another process)&#xa;	at pages.WriteExcel.demoKey(WriteExcel.groovy:93)&#xa;	at java.base/jdk.internal.reflect.NativeMethodAccessorImpl.invoke0(Native Method)&#xa;	at java.base/jdk.internal.reflect.NativeMethodAccessorImpl.invoke(NativeMethodAccessorImpl.java:77)&#xa;	at java.base/jdk.internal.reflect.DelegatingMethodAccessorImpl.invoke(DelegatingMethodAccessorImpl.java:43)&#xa;	... 17 more&#xa;"/>
         <system-out><![CDATA[24-10-2024T06:22:04 - [TEST_CASE][ERROR] - Test Cases/IntegratedWeb/IWP25/Payments/NoModifyAmountCorp: Test Cases/IntegratedWeb/IWP25/Payments/NoModifyAmountCorp FAILED.
Reason:
org.codehaus.groovy.runtime.InvokerInvocationException: java.io.FileNotFoundException: KatalonData\IWPTestData\VRelay25Payments.xlsx (The process cannot access the file because it is being used by another process)
	at com.kms.katalon.core.main.CustomKeywordDelegatingMetaClass.invokeStaticMethod(CustomKeywordDelegatingMetaClass.java:55)
	at NoModifyAmountCorp.run(NoModifyAmountCorp:100)
	at com.kms.katalon.core.main.ScriptEngine.run(ScriptEngine.java:194)
	at com.kms.katalon.core.main.ScriptEngine.runScriptAsRawText(ScriptEngine.java:119)
	at com.kms.katalon.core.main.TestCaseExecutor.runScript(TestCaseExecutor.java:448)
	at com.kms.katalon.core.main.TestCaseExecutor.doExecute(TestCaseExecutor.java:439)
	at com.kms.katalon.core.main.TestCaseExecutor.processExecutionPhase(TestCaseExecutor.java:418)
	at com.kms.katalon.core.main.TestCaseExecutor.accessMainPhase(TestCaseExecutor.java:410)
	at com.kms.katalon.core.main.TestCaseExecutor.execute(TestCaseExecutor.java:285)
	at com.kms.katalon.core.common.CommonExecutor.accessTestCaseMainPhase(CommonExecutor.java:65)
	at com.kms.katalon.core.main.TestSuiteExecutor.accessTestSuiteMainPhase(TestSuiteExecutor.java:150)
	at com.kms.katalon.core.main.TestSuiteExecutor.execute(TestSuiteExecutor.java:106)
	at com.kms.katalon.core.main.TestCaseMain.startTestSuite(TestCaseMain.java:180)
	at TempTestSuite1729731001385.run(TempTestSuite1729731001385.groovy:35)
	at java.base/jdk.internal.reflect.NativeMethodAccessorImpl.invoke0(Native Method)
	at java.base/jdk.internal.reflect.NativeMethodAccessorImpl.invoke(NativeMethodAccessorImpl.java:77)
	at java.base/jdk.internal.reflect.DelegatingMethodAccessorImpl.invoke(DelegatingMethodAccessorImpl.java:43)
Caused by: java.io.FileNotFoundException: KatalonData\IWPTestData\VRelay25Payments.xlsx (The process cannot access the file because it is being used by another process)
	at pages.WriteExcel.demoKey(WriteExcel.groovy:93)
	at java.base/jdk.internal.reflect.NativeMethodAccessorImpl.invoke0(Native Method)
	at java.base/jdk.internal.reflect.NativeMethodAccessorImpl.invoke(NativeMethodAccessorImpl.java:77)
	at java.base/jdk.internal.reflect.DelegatingMethodAccessorImpl.invoke(DelegatingMethodAccessorImpl.java:43)
	... 17 more


24-10-2024T06:22:04 - [TEST_STEP][PASSED] - resText = "Fail": null

24-10-2024T06:22:04 - [TEST_STEP][PASSED] - resColumn = "Result": null

24-10-2024T06:22:04 - [TEST_STEP][PASSED] - datCloumn = "Date": null

24-10-2024T06:22:04 - [TEST_STEP][PASSED] - fileLoc = "KatalonData/IWPTestData/VRelay25Payments.xlsx": null

24-10-2024T06:22:04 - [TEST_STEP][PASSED] - numOfRows = <not implemented yet for class: org.codehaus.groovy.ast.expr.EmptyExpression>: null

24-10-2024T06:22:04 - [TEST_STEP][PASSED] - dataFile = <not implemented yet for class: org.codehaus.groovy.ast.expr.EmptyExpression>: null

24-10-2024T06:22:04 - [TEST_STEP][PASSED] - nameSheet = <not implemented yet for class: org.codehaus.groovy.ast.expr.EmptyExpression>: null

24-10-2024T06:22:04 - [TEST_STEP][PASSED] - dataFileEmulator = <not implemented yet for class: org.codehaus.groovy.ast.expr.EmptyExpression>: null

24-10-2024T06:22:04 - [TEST_STEP][PASSED] - nameSheet = "NoModifyAmountCorp": null

24-10-2024T06:22:04 - [TEST_STEP][PASSED] - dataFile = "IWPTestData/IWP25NoModifyAmountCorp": null

24-10-2024T06:22:04 - [TEST_STEP][PASSED] - dataFileEmulator = "IWPTestData/EmulatorData": null

24-10-2024T06:22:04 - [TEST_STEP][PASSED] - numOfRows = findTestData(dataFile).getRowNumbers(): null

24-10-2024T06:22:04 - [TEST_STEP][PASSED] - println("Number of Records: " + numOfRows): null

24-10-2024T06:22:04 - [TEST_STEP][PASSED] - for ([row = 1, row <= numOfRows, (row++)]): null

24-10-2024T06:22:04 - [TEST_STEP][PASSED] - ExecuteTC = findTestData(dataFile).getValue("Execute", row): null

24-10-2024T06:22:04 - [TEST_STEP][PASSED] - out.println("Value of Execute is : " + ExecuteTC): null

24-10-2024T06:22:04 - [TEST_STEP][PASSED] - if (ExecuteTC.equalsIgnoreCase("Y")): null

24-10-2024T06:22:04 - [TEST_STEP][PASSED] - out.println("Begin Record Number: " + row): null

24-10-2024T06:22:04 - [TEST_STEP][PASSED] - today = new java.util.Date(): null

24-10-2024T06:22:04 - [TEST_STEP][PASSED] - println(today): null

24-10-2024T06:22:04 - [TEST_STEP][PASSED] - datText = today: null

24-10-2024T06:22:04 - [TEST_STEP][PASSED] - EmulatorDataKey = findTestData(dataFile).getValue("EmulatorData", row): null

24-10-2024T06:22:04 - [TEST_STEP][PASSED] - out.println("Value of Emulator Key is : " + EmulatorDataKey): null

24-10-2024T06:22:04 - [TEST_STEP][PASSED] - iwpPages.emulatorIWP30.setDataEmulator_DD(EmulatorDataKey): iwpPages.emulatorIWP30.setDataEmulator_DD is PASSED

24-10-2024T06:22:05 - [MESSAGE][WARNING] - A browser is already opened. Closing browser and opening a new one

24-10-2024T06:22:05 - [MESSAGE][INFO] - Starting 'Edge Chromium' driver

24-10-2024T06:22:05 - [MESSAGE][INFO] - User set preference: ['acceptInsecureCerts', 'true']

24-10-2024T06:22:07 - [MESSAGE][INFO] - Action delay is set to 0 milliseconds

24-10-2024T06:22:13 - [MESSAGE][PASSED] - Browser is opened with url: 'https://qa2.velocitypayment.com/agencyx/config.action?action=editor&message_version=2_5'

24-10-2024T06:22:13 - [MESSAGE][PASSED] - Current window maximized

24-10-2024T06:22:44 - [MESSAGE][INFO] - Unable to find the element located by 'By.xpath: //select[@name='message_version']'. Please recheck the objects properties to make sure the desired element is located. 

24-10-2024T06:22:44 - [MESSAGE][WARNING] - [SELF-HEALING] Failed to find element with id 'Object Repository/IWP30/Page_VRelay30Emulator/MV'. Try using Self-healing.

24-10-2024T06:22:44 - [MESSAGE][WARNING] - [SELF-HEALING] The current locator of test object 'Object Repository/IWP30/Page_VRelay30Emulator/MV' was broken. Propose an alternative one: '(.//*[normalize-space(text()) and normalize-space(.)='Message Version'])[1]/following::select[1]'.

24-10-2024T06:22:45 - [MESSAGE][PASSED] - All options with value '2.5' are selected in object 'Object Repository/IWP30/Page_VRelay30Emulator/MV'  using regular expression

24-10-2024T06:22:45 - [MESSAGE][PASSED] - Text '10.50' is set on object 'Object Repository/IWP30/Page_EmulatorAgencyX/Amount'

24-10-2024T06:22:46 - [MESSAGE][PASSED] - Text 'P1rvvND4AL6r' is set on object 'Object Repository/IWP30/Page_EmulatorAgencyX/CAN'

24-10-2024T06:22:47 - [MESSAGE][PASSED] - Text 'PayNow' is set on object 'Object Repository/IWP30/Page_EmulatorAgencyX/Action'

24-10-2024T06:22:47 - [MESSAGE][PASSED] - Text 'en_US' is set on object 'Object Repository/IWP30/Page_EmulatorAgencyX/Lang'

24-10-2024T06:22:48 - [MESSAGE][PASSED] - Text 'Jasmine' is set on object 'Object Repository/IWP30/Page_EmulatorAgencyX/Fname'

24-10-2024T06:22:48 - [MESSAGE][PASSED] - Text 'Patrinol' is set on object 'Object Repository/IWP30/Page_EmulatorAgencyX/Lname'

24-10-2024T06:22:49 - [MESSAGE][PASSED] - Text '258 Underwood rd' is set on object 'Object Repository/IWP30/Page_EmulatorAgencyX/AL1'

24-10-2024T06:22:49 - [MESSAGE][PASSED] - Text 'Suite 600' is set on object 'Object Repository/IWP30/Page_EmulatorAgencyX/AL2'

24-10-2024T06:22:50 - [MESSAGE][PASSED] - Text '840' is set on object 'Object Repository/IWP30/Page_EmulatorAgencyX/Country'

24-10-2024T06:22:51 - [MESSAGE][PASSED] - Text 'Arlington' is set on object 'Object Repository/IWP30/Page_EmulatorAgencyX/City'

24-10-2024T06:22:51 - [MESSAGE][PASSED] - Text 'VA' is set on object 'Object Repository/IWP30/Page_EmulatorAgencyX/State'

24-10-2024T06:22:52 - [MESSAGE][PASSED] - Text '22201' is set on object 'Object Repository/IWP30/Page_EmulatorAgencyX/ZIP'

24-10-2024T06:22:52 - [MESSAGE][PASSED] - Text '' is set on object 'Object Repository/IWP30/Page_EmulatorAgencyX/Order'

24-10-2024T06:22:53 - [MESSAGE][PASSED] - Text 'Some Company' is set on object 'Object Repository/IWP30/Page_EmulatorAgencyX/Company'

24-10-2024T06:22:54 - [MESSAGE][PASSED] - Text 'iahmed@govolution.com' is set on object 'Object Repository/IWP30/Page_EmulatorAgencyX/Email'

24-10-2024T06:22:54 - [MESSAGE][PASSED] - Text 'udf data 1' is set on object 'Object Repository/IWP30/Page_EmulatorAgencyX/UDF1'

24-10-2024T06:22:55 - [MESSAGE][PASSED] - Text 'udf data 2' is set on object 'Object Repository/IWP30/Page_EmulatorAgencyX/UDF2'

24-10-2024T06:22:55 - [MESSAGE][PASSED] - Text 'udf data 3' is set on object 'Object Repository/IWP30/Page_EmulatorAgencyX/UDF3'

24-10-2024T06:22:56 - [MESSAGE][PASSED] - Text 'udf data 4' is set on object 'Object Repository/IWP30/Page_EmulatorAgencyX/UDF4'

24-10-2024T06:22:57 - [MESSAGE][PASSED] - Text 'udf data 5' is set on object 'Object Repository/IWP30/Page_EmulatorAgencyX/UDF5'

24-10-2024T06:22:57 - [MESSAGE][PASSED] - Text 'udf data 6' is set on object 'Object Repository/IWP30/Page_EmulatorAgencyX/UDF6'

24-10-2024T06:22:58 - [MESSAGE][PASSED] - Text 'Orange' is set on object 'Object Repository/IWP30/Page_EmulatorAgencyX/UDF7'

24-10-2024T06:22:58 - [MESSAGE][PASSED] - Text 'Soccer' is set on object 'Object Repository/IWP30/Page_EmulatorAgencyX/UDF8'

24-10-2024T06:22:59 - [MESSAGE][PASSED] - Text 'udf data 9' is set on object 'Object Repository/IWP30/Page_EmulatorAgencyX/UDF9'

24-10-2024T06:23:00 - [MESSAGE][PASSED] - Text 'udf data 10' is set on object 'Object Repository/IWP30/Page_EmulatorAgencyX/UDF10'

24-10-2024T06:23:01 - [MESSAGE][PASSED] - Object: 'Object Repository/IWP30/Page_EmulatorAgencyX/Submit' is clicked on

24-10-2024T06:23:06 - [MESSAGE][PASSED] - Browser is closed

24-10-2024T06:23:10 - [MESSAGE][PASSED] - iwpPages.emulatorIWP30.setDataEmulator_DD is PASSED

24-10-2024T06:23:10 - [TEST_STEP][PASSED] - testHarnessURL = urlTestHarness: null

24-10-2024T06:23:10 - [TEST_STEP][PASSED] - openBrowser(testHarnessURL): Browser is opened with url: 'https://dev-algorithm.govolution.com/vrelaytest/QA2/version_2_2/vrelaytest.html'

24-10-2024T06:23:10 - [MESSAGE][INFO] - Starting 'Edge Chromium' driver

24-10-2024T06:23:10 - [MESSAGE][INFO] - User set preference: ['acceptInsecureCerts', 'true']

24-10-2024T06:23:12 - [MESSAGE][INFO] - Action delay is set to 0 milliseconds

24-10-2024T06:23:16 - [MESSAGE][PASSED] - Browser is opened with url: 'https://dev-algorithm.govolution.com/vrelaytest/QA2/version_2_2/vrelaytest.html'

24-10-2024T06:23:16 - [TEST_STEP][PASSED] - maximizeWindow(): Current window maximized

24-10-2024T06:23:16 - [MESSAGE][PASSED] - Current window maximized

24-10-2024T06:23:16 - [TEST_STEP][PASSED] - iwpPages.TestHarnessPage.setDataMethod(row, dataFile): iwpPages.TestHarnessPage.setDataMethod is PASSED

24-10-2024T06:23:16 - [MESSAGE][PASSED] - Object 'Object Repository/IWP30/Page_QATestHarness/RemittanceID' is present

24-10-2024T06:23:17 - [MESSAGE][PASSED] - Text '654' is set on object 'Object Repository/IWP30/Page_QATestHarness/ApplicationID'

24-10-2024T06:23:17 - [MESSAGE][PASSED] - Text '2.5' is set on object 'Object Repository/IWP30/Page_QATestHarness/MessageVersion'

24-10-2024T06:23:18 - [MESSAGE][PASSED] - Text 'kwyvmnK3OEy9' is set on object 'Object Repository/IWP30/Page_QATestHarness/RemittanceID'

24-10-2024T06:23:21 - [MESSAGE][PASSED] - Object: 'Object Repository/IWP30/Page_QATestHarness/SubmitButton' is clicked on

24-10-2024T06:23:21 - [MESSAGE][PASSED] - iwpPages.TestHarnessPage.setDataMethod is PASSED

24-10-2024T06:23:21 - [TEST_STEP][PASSED] - click(findTestObject("Object Repository/IWP30/Page_SelectPaymentMethod/PayByCorporateCheck")): Object: 'Object Repository/IWP30/Page_SelectPaymentMethod/PayByCorporateCheck' is clicked on

24-10-2024T06:23:22 - [MESSAGE][PASSED] - Object: 'Object Repository/IWP30/Page_SelectPaymentMethod/PayByCorporateCheck' is clicked on

24-10-2024T06:23:22 - [TEST_STEP][PASSED] - click(findTestObject("Object Repository/IWP30/Page_SelectPaymentMethod/MakePaymentButton")): Object: 'Object Repository/IWP30/Page_SelectPaymentMethod/MakePaymentButton' is clicked on

24-10-2024T06:23:24 - [MESSAGE][PASSED] - Object: 'Object Repository/IWP30/Page_SelectPaymentMethod/MakePaymentButton' is clicked on

24-10-2024T06:23:24 - [TEST_STEP][PASSED] - if (verifyElementNotPresent(findTestObject("Object Repository/IWP30/Page_ACHCorporatePaymentEntry/txt_Amount"), 30) && verifyTextPresent("$ 10.50", false)): null

24-10-2024T06:23:25 - [MESSAGE][PASSED] - Web element with id: 'Object Repository/IWP30/Page_ACHCorporatePaymentEntry/txt_Amount' located by 'By.xpath: //*[@type = 'text' and @name = 'amount' and @alt = 'Amount']' is not present after '30' second(s)

24-10-2024T06:23:25 - [MESSAGE][PASSED] - Text '$ 10.50' is present on page 

24-10-2024T06:23:25 - [TEST_STEP][PASSED] - iwpPages.achCorporatePaymentEntryPage.setDataCorporate(row, dataFile): iwpPages.achCorporatePaymentEntryPage.setDataCorporate is PASSED

24-10-2024T06:23:27 - [MESSAGE][PASSED] - Object 'Object Repository/IWP30/Page_ACHCorporatePaymentEntry/txt_accountNumber' is present

24-10-2024T06:23:27 - [MESSAGE][PASSED] - Object 'Object Repository/IWP30/Page_ACHCorporatePaymentEntry/input_CompanyName' is present

24-10-2024T06:23:27 - [MESSAGE][PASSED] - Object 'Object Repository/IWP30/Page_ACHCorporatePaymentEntry/input_EIN' is present

24-10-2024T06:23:28 - [MESSAGE][PASSED] - Text '123456789' is set on object 'Object Repository/IWP30/Page_ACHCorporatePaymentEntry/input_EIN'

24-10-2024T06:23:28 - [MESSAGE][PASSED] - Object 'Object Repository/IWP30/Page_ACHCorporatePaymentEntry/txt_routingNumber' is present

24-10-2024T06:23:29 - [MESSAGE][PASSED] - Text '256072691' is set on object 'Object Repository/IWP30/Page_ACHCorporatePaymentEntry/txt_routingNumber'

24-10-2024T06:23:29 - [MESSAGE][PASSED] - Object 'Object Repository/IWP30/Page_ACHCorporatePaymentEntry/txt_accountNumber' is present

24-10-2024T06:23:30 - [MESSAGE][PASSED] - Text '12344444' is set on object 'Object Repository/IWP30/Page_ACHCorporatePaymentEntry/txt_accountNumber'

24-10-2024T06:23:30 - [MESSAGE][PASSED] - Object 'Object Repository/IWP30/Page_ACHCorporatePaymentEntry/txt_confirmAccountNumber' is present

24-10-2024T06:23:31 - [MESSAGE][PASSED] - Text '12344444' is set on object 'Object Repository/IWP30/Page_ACHCorporatePaymentEntry/txt_confirmAccountNumber'

24-10-2024T06:23:31 - [MESSAGE][PASSED] - Object 'Object Repository/IWP30/Page_ACHCorporatePaymentEntry/txt_Email' is present

24-10-2024T06:23:31 - [MESSAGE][PASSED] - Object 'Object Repository/IWP30/Page_ACHCorporatePaymentEntry/cb_TermsAndCond' is present

24-10-2024T06:23:32 - [MESSAGE][PASSED] - Object: 'Object Repository/IWP30/Page_ACHCorporatePaymentEntry/cb_TermsAndCond' is clicked on

24-10-2024T06:23:32 - [MESSAGE][PASSED] - Object 'Object Repository/IWP30/Page_ACHCorporatePaymentEntry/btn_Continue' is present

24-10-2024T06:23:33 - [MESSAGE][PASSED] - Object: 'Object Repository/IWP30/Page_ACHCorporatePaymentEntry/btn_Continue' is clicked on

24-10-2024T06:23:33 - [MESSAGE][PASSED] - iwpPages.achCorporatePaymentEntryPage.setDataCorporate is PASSED

24-10-2024T06:23:33 - [TEST_STEP][PASSED] - click(findTestObject("Object Repository/IWP30/Page_Confirmation/ConfirmButton")): Object: 'Object Repository/IWP30/Page_Confirmation/ConfirmButton' is clicked on

24-10-2024T06:23:35 - [MESSAGE][PASSED] - Object: 'Object Repository/IWP30/Page_Confirmation/ConfirmButton' is clicked on

24-10-2024T06:23:35 - [TEST_STEP][PASSED] - Thread.sleep(10000): null

24-10-2024T06:23:45 - [TEST_STEP][PASSED] - if (verifyTextPresent("Successful Payment Receipt", false)): null

24-10-2024T06:23:45 - [MESSAGE][PASSED] - Text 'Successful Payment Receipt' is present on page 

24-10-2024T06:23:45 - [TEST_STEP][PASSED] - println("Successful Payment Receipt text is present on the Receipt page"): null

24-10-2024T06:23:45 - [TEST_STEP][PASSED] - markPassed("Successful Payment Receipt text is present on the Receipt page"): Successful Payment Receipt text is present on the Receipt page

24-10-2024T06:23:45 - [MESSAGE][PASSED] - Successful Payment Receipt text is present on the Receipt page

24-10-2024T06:23:45 - [TEST_STEP][PASSED] - resText = "Pass": null

24-10-2024T06:23:45 - [TEST_STEP][ERROR] - pages.WriteExcel.demoKey(resText, datText, resColumn, datCloumn, fileLoc, nameSheet, row): Test Cases/IntegratedWeb/IWP25/Payments/NoModifyAmountCorp FAILED.
Reason:
com.kms.katalon.core.exception.StepErrorException: org.codehaus.groovy.runtime.InvokerInvocationException: java.io.FileNotFoundException: KatalonData\IWPTestData\VRelay25Payments.xlsx (The process cannot access the file because it is being used by another process)
	at com.kms.katalon.core.main.CustomKeywordDelegatingMetaClass.throwError(CustomKeywordDelegatingMetaClass.java:101)
	at com.kms.katalon.core.main.CustomKeywordDelegatingMetaClass.invokeStaticMethod(CustomKeywordDelegatingMetaClass.java:73)
	at NoModifyAmountCorp.run(NoModifyAmountCorp:100)
	at com.kms.katalon.core.main.ScriptEngine.run(ScriptEngine.java:194)
	at com.kms.katalon.core.main.ScriptEngine.runScriptAsRawText(ScriptEngine.java:119)
	at com.kms.katalon.core.main.TestCaseExecutor.runScript(TestCaseExecutor.java:448)
	at com.kms.katalon.core.main.TestCaseExecutor.doExecute(TestCaseExecutor.java:439)
	at com.kms.katalon.core.main.TestCaseExecutor.processExecutionPhase(TestCaseExecutor.java:418)
	at com.kms.katalon.core.main.TestCaseExecutor.accessMainPhase(TestCaseExecutor.java:410)
	at com.kms.katalon.core.main.TestCaseExecutor.execute(TestCaseExecutor.java:285)
	at com.kms.katalon.core.common.CommonExecutor.accessTestCaseMainPhase(CommonExecutor.java:65)
	at com.kms.katalon.core.main.TestSuiteExecutor.accessTestSuiteMainPhase(TestSuiteExecutor.java:150)
	at com.kms.katalon.core.main.TestSuiteExecutor.execute(TestSuiteExecutor.java:106)
	at com.kms.katalon.core.main.TestCaseMain.startTestSuite(TestCaseMain.java:180)
	at TempTestSuite1729731001385.run(TempTestSuite1729731001385.groovy:35)
	at java.base/jdk.internal.reflect.NativeMethodAccessorImpl.invoke0(Native Method)
	at java.base/jdk.internal.reflect.NativeMethodAccessorImpl.invoke(NativeMethodAccessorImpl.java:77)
	at java.base/jdk.internal.reflect.DelegatingMethodAccessorImpl.invoke(DelegatingMethodAccessorImpl.java:43)
Caused by: org.codehaus.groovy.runtime.InvokerInvocationException: java.io.FileNotFoundException: KatalonData\IWPTestData\VRelay25Payments.xlsx (The process cannot access the file because it is being used by another process)
	at com.kms.katalon.core.main.CustomKeywordDelegatingMetaClass.invokeStaticMethod(CustomKeywordDelegatingMetaClass.java:55)
	at Script1724247190433.run(Script1724247190433.groovy:100)
	... 15 more
Caused by: java.io.FileNotFoundException: KatalonData\IWPTestData\VRelay25Payments.xlsx (The process cannot access the file because it is being used by another process)
	at pages.WriteExcel.demoKey(WriteExcel.groovy:93)
	at java.base/jdk.internal.reflect.NativeMethodAccessorImpl.invoke0(Native Method)
	at java.base/jdk.internal.reflect.NativeMethodAccessorImpl.invoke(NativeMethodAccessorImpl.java:77)
	at java.base/jdk.internal.reflect.DelegatingMethodAccessorImpl.invoke(DelegatingMethodAccessorImpl.java:43)
	at com.kms.katalon.core.main.CustomKeywordDelegatingMetaClass.invokeStaticMethod(CustomKeywordDelegatingMetaClass.java:55)
	at NoModifyAmountCorp.run(NoModifyAmountCorp:100)
	... 15 more


24-10-2024T06:23:45 - [MESSAGE][ERROR] - java.io.FileNotFoundException: KatalonData\IWPTestData\VRelay25Payments.xlsx (The process cannot access the file because it is being used by another process)

24-10-2024T06:23:45 - [MESSAGE][ERROR] - Test Cases/IntegratedWeb/IWP25/Payments/NoModifyAmountCorp FAILED.
Reason:
com.kms.katalon.core.exception.StepErrorException: org.codehaus.groovy.runtime.InvokerInvocationException: java.io.FileNotFoundException: KatalonData\IWPTestData\VRelay25Payments.xlsx (The process cannot access the file because it is being used by another process)
	at com.kms.katalon.core.main.CustomKeywordDelegatingMetaClass.throwError(CustomKeywordDelegatingMetaClass.java:101)
	at com.kms.katalon.core.main.CustomKeywordDelegatingMetaClass.invokeStaticMethod(CustomKeywordDelegatingMetaClass.java:73)
	at NoModifyAmountCorp.run(NoModifyAmountCorp:100)
	at com.kms.katalon.core.main.ScriptEngine.run(ScriptEngine.java:194)
	at com.kms.katalon.core.main.ScriptEngine.runScriptAsRawText(ScriptEngine.java:119)
	at com.kms.katalon.core.main.TestCaseExecutor.runScript(TestCaseExecutor.java:448)
	at com.kms.katalon.core.main.TestCaseExecutor.doExecute(TestCaseExecutor.java:439)
	at com.kms.katalon.core.main.TestCaseExecutor.processExecutionPhase(TestCaseExecutor.java:418)
	at com.kms.katalon.core.main.TestCaseExecutor.accessMainPhase(TestCaseExecutor.java:410)
	at com.kms.katalon.core.main.TestCaseExecutor.execute(TestCaseExecutor.java:285)
	at com.kms.katalon.core.common.CommonExecutor.accessTestCaseMainPhase(CommonExecutor.java:65)
	at com.kms.katalon.core.main.TestSuiteExecutor.accessTestSuiteMainPhase(TestSuiteExecutor.java:150)
	at com.kms.katalon.core.main.TestSuiteExecutor.execute(TestSuiteExecutor.java:106)
	at com.kms.katalon.core.main.TestCaseMain.startTestSuite(TestCaseMain.java:180)
	at TempTestSuite1729731001385.run(TempTestSuite1729731001385.groovy:35)
	at java.base/jdk.internal.reflect.NativeMethodAccessorImpl.invoke0(Native Method)
	at java.base/jdk.internal.reflect.NativeMethodAccessorImpl.invoke(NativeMethodAccessorImpl.java:77)
	at java.base/jdk.internal.reflect.DelegatingMethodAccessorImpl.invoke(DelegatingMethodAccessorImpl.java:43)
Caused by: org.codehaus.groovy.runtime.InvokerInvocationException: java.io.FileNotFoundException: KatalonData\IWPTestData\VRelay25Payments.xlsx (The process cannot access the file because it is being used by another process)
	at com.kms.katalon.core.main.CustomKeywordDelegatingMetaClass.invokeStaticMethod(CustomKeywordDelegatingMetaClass.java:55)
	at Script1724247190433.run(Script1724247190433.groovy:100)
	... 15 more
Caused by: java.io.FileNotFoundException: KatalonData\IWPTestData\VRelay25Payments.xlsx (The process cannot access the file because it is being used by another process)
	at pages.WriteExcel.demoKey(WriteExcel.groovy:93)
	at java.base/jdk.internal.reflect.NativeMethodAccessorImpl.invoke0(Native Method)
	at java.base/jdk.internal.reflect.NativeMethodAccessorImpl.invoke(NativeMethodAccessorImpl.java:77)
	at java.base/jdk.internal.reflect.DelegatingMethodAccessorImpl.invoke(DelegatingMethodAccessorImpl.java:43)
	at com.kms.katalon.core.main.CustomKeywordDelegatingMetaClass.invokeStaticMethod(CustomKeywordDelegatingMetaClass.java:55)
	at NoModifyAmountCorp.run(NoModifyAmountCorp:100)
	... 15 more]]></system-out>
         <system-err><![CDATA[24-10-2024T06:22:04 - [TEST_CASE][ERROR] - Test Cases/IntegratedWeb/IWP25/Payments/NoModifyAmountCorp: Test Cases/IntegratedWeb/IWP25/Payments/NoModifyAmountCorp FAILED.
Reason:
org.codehaus.groovy.runtime.InvokerInvocationException: java.io.FileNotFoundException: KatalonData\IWPTestData\VRelay25Payments.xlsx (The process cannot access the file because it is being used by another process)
	at com.kms.katalon.core.main.CustomKeywordDelegatingMetaClass.invokeStaticMethod(CustomKeywordDelegatingMetaClass.java:55)
	at NoModifyAmountCorp.run(NoModifyAmountCorp:100)
	at com.kms.katalon.core.main.ScriptEngine.run(ScriptEngine.java:194)
	at com.kms.katalon.core.main.ScriptEngine.runScriptAsRawText(ScriptEngine.java:119)
	at com.kms.katalon.core.main.TestCaseExecutor.runScript(TestCaseExecutor.java:448)
	at com.kms.katalon.core.main.TestCaseExecutor.doExecute(TestCaseExecutor.java:439)
	at com.kms.katalon.core.main.TestCaseExecutor.processExecutionPhase(TestCaseExecutor.java:418)
	at com.kms.katalon.core.main.TestCaseExecutor.accessMainPhase(TestCaseExecutor.java:410)
	at com.kms.katalon.core.main.TestCaseExecutor.execute(TestCaseExecutor.java:285)
	at com.kms.katalon.core.common.CommonExecutor.accessTestCaseMainPhase(CommonExecutor.java:65)
	at com.kms.katalon.core.main.TestSuiteExecutor.accessTestSuiteMainPhase(TestSuiteExecutor.java:150)
	at com.kms.katalon.core.main.TestSuiteExecutor.execute(TestSuiteExecutor.java:106)
	at com.kms.katalon.core.main.TestCaseMain.startTestSuite(TestCaseMain.java:180)
	at TempTestSuite1729731001385.run(TempTestSuite1729731001385.groovy:35)
	at java.base/jdk.internal.reflect.NativeMethodAccessorImpl.invoke0(Native Method)
	at java.base/jdk.internal.reflect.NativeMethodAccessorImpl.invoke(NativeMethodAccessorImpl.java:77)
	at java.base/jdk.internal.reflect.DelegatingMethodAccessorImpl.invoke(DelegatingMethodAccessorImpl.java:43)
Caused by: java.io.FileNotFoundException: KatalonData\IWPTestData\VRelay25Payments.xlsx (The process cannot access the file because it is being used by another process)
	at pages.WriteExcel.demoKey(WriteExcel.groovy:93)
	at java.base/jdk.internal.reflect.NativeMethodAccessorImpl.invoke0(Native Method)
	at java.base/jdk.internal.reflect.NativeMethodAccessorImpl.invoke(NativeMethodAccessorImpl.java:77)
	at java.base/jdk.internal.reflect.DelegatingMethodAccessorImpl.invoke(DelegatingMethodAccessorImpl.java:43)
	... 17 more]]></system-err>
      </testcase>
      <testcase name="Test Cases/IntegratedWeb/IWP25/Payments/NoModifyAmountPC" time="102.086" classname="Test Cases/IntegratedWeb/IWP25/Payments/NoModifyAmountPC" status="ERROR">
         <error type="ERROR" message="Test Cases/IntegratedWeb/IWP25/Payments/NoModifyAmountPC FAILED.&#xa;Reason:&#xa;org.codehaus.groovy.runtime.InvokerInvocationException: java.io.FileNotFoundException: KatalonData\IWPTestData\VRelay25Payments.xlsx (The process cannot access the file because it is being used by another process)&#xa;	at com.kms.katalon.core.main.CustomKeywordDelegatingMetaClass.invokeStaticMethod(CustomKeywordDelegatingMetaClass.java:55)&#xa;	at NoModifyAmountPC.run(NoModifyAmountPC:98)&#xa;	at com.kms.katalon.core.main.ScriptEngine.run(ScriptEngine.java:194)&#xa;	at com.kms.katalon.core.main.ScriptEngine.runScriptAsRawText(ScriptEngine.java:119)&#xa;	at com.kms.katalon.core.main.TestCaseExecutor.runScript(TestCaseExecutor.java:448)&#xa;	at com.kms.katalon.core.main.TestCaseExecutor.doExecute(TestCaseExecutor.java:439)&#xa;	at com.kms.katalon.core.main.TestCaseExecutor.processExecutionPhase(TestCaseExecutor.java:418)&#xa;	at com.kms.katalon.core.main.TestCaseExecutor.accessMainPhase(TestCaseExecutor.java:410)&#xa;	at com.kms.katalon.core.main.TestCaseExecutor.execute(TestCaseExecutor.java:285)&#xa;	at com.kms.katalon.core.common.CommonExecutor.accessTestCaseMainPhase(CommonExecutor.java:65)&#xa;	at com.kms.katalon.core.main.TestSuiteExecutor.accessTestSuiteMainPhase(TestSuiteExecutor.java:150)&#xa;	at com.kms.katalon.core.main.TestSuiteExecutor.execute(TestSuiteExecutor.java:106)&#xa;	at com.kms.katalon.core.main.TestCaseMain.startTestSuite(TestCaseMain.java:180)&#xa;	at TempTestSuite1729731001385.run(TempTestSuite1729731001385.groovy:35)&#xa;	at java.base/jdk.internal.reflect.NativeMethodAccessorImpl.invoke0(Native Method)&#xa;	at java.base/jdk.internal.reflect.NativeMethodAccessorImpl.invoke(NativeMethodAccessorImpl.java:77)&#xa;	at java.base/jdk.internal.reflect.DelegatingMethodAccessorImpl.invoke(DelegatingMethodAccessorImpl.java:43)&#xa;Caused by: java.io.FileNotFoundException: KatalonData\IWPTestData\VRelay25Payments.xlsx (The process cannot access the file because it is being used by another process)&#xa;	at pages.WriteExcel.demoKey(WriteExcel.groovy:93)&#xa;	at java.base/jdk.internal.reflect.NativeMethodAccessorImpl.invoke0(Native Method)&#xa;	at java.base/jdk.internal.reflect.NativeMethodAccessorImpl.invoke(NativeMethodAccessorImpl.java:77)&#xa;	at java.base/jdk.internal.reflect.DelegatingMethodAccessorImpl.invoke(DelegatingMethodAccessorImpl.java:43)&#xa;	... 17 more&#xa;"/>
         <system-out><![CDATA[24-10-2024T06:23:45 - [TEST_CASE][ERROR] - Test Cases/IntegratedWeb/IWP25/Payments/NoModifyAmountPC: Test Cases/IntegratedWeb/IWP25/Payments/NoModifyAmountPC FAILED.
Reason:
org.codehaus.groovy.runtime.InvokerInvocationException: java.io.FileNotFoundException: KatalonData\IWPTestData\VRelay25Payments.xlsx (The process cannot access the file because it is being used by another process)
	at com.kms.katalon.core.main.CustomKeywordDelegatingMetaClass.invokeStaticMethod(CustomKeywordDelegatingMetaClass.java:55)
	at NoModifyAmountPC.run(NoModifyAmountPC:98)
	at com.kms.katalon.core.main.ScriptEngine.run(ScriptEngine.java:194)
	at com.kms.katalon.core.main.ScriptEngine.runScriptAsRawText(ScriptEngine.java:119)
	at com.kms.katalon.core.main.TestCaseExecutor.runScript(TestCaseExecutor.java:448)
	at com.kms.katalon.core.main.TestCaseExecutor.doExecute(TestCaseExecutor.java:439)
	at com.kms.katalon.core.main.TestCaseExecutor.processExecutionPhase(TestCaseExecutor.java:418)
	at com.kms.katalon.core.main.TestCaseExecutor.accessMainPhase(TestCaseExecutor.java:410)
	at com.kms.katalon.core.main.TestCaseExecutor.execute(TestCaseExecutor.java:285)
	at com.kms.katalon.core.common.CommonExecutor.accessTestCaseMainPhase(CommonExecutor.java:65)
	at com.kms.katalon.core.main.TestSuiteExecutor.accessTestSuiteMainPhase(TestSuiteExecutor.java:150)
	at com.kms.katalon.core.main.TestSuiteExecutor.execute(TestSuiteExecutor.java:106)
	at com.kms.katalon.core.main.TestCaseMain.startTestSuite(TestCaseMain.java:180)
	at TempTestSuite1729731001385.run(TempTestSuite1729731001385.groovy:35)
	at java.base/jdk.internal.reflect.NativeMethodAccessorImpl.invoke0(Native Method)
	at java.base/jdk.internal.reflect.NativeMethodAccessorImpl.invoke(NativeMethodAccessorImpl.java:77)
	at java.base/jdk.internal.reflect.DelegatingMethodAccessorImpl.invoke(DelegatingMethodAccessorImpl.java:43)
Caused by: java.io.FileNotFoundException: KatalonData\IWPTestData\VRelay25Payments.xlsx (The process cannot access the file because it is being used by another process)
	at pages.WriteExcel.demoKey(WriteExcel.groovy:93)
	at java.base/jdk.internal.reflect.NativeMethodAccessorImpl.invoke0(Native Method)
	at java.base/jdk.internal.reflect.NativeMethodAccessorImpl.invoke(NativeMethodAccessorImpl.java:77)
	at java.base/jdk.internal.reflect.DelegatingMethodAccessorImpl.invoke(DelegatingMethodAccessorImpl.java:43)
	... 17 more


24-10-2024T06:23:45 - [TEST_STEP][PASSED] - resText = "Fail": null

24-10-2024T06:23:45 - [TEST_STEP][PASSED] - resColumn = "Result": null

24-10-2024T06:23:45 - [TEST_STEP][PASSED] - datCloumn = "Date": null

24-10-2024T06:23:45 - [TEST_STEP][PASSED] - fileLoc = "KatalonData/IWPTestData/VRelay25Payments.xlsx": null

24-10-2024T06:23:45 - [TEST_STEP][PASSED] - numOfRows = <not implemented yet for class: org.codehaus.groovy.ast.expr.EmptyExpression>: null

24-10-2024T06:23:45 - [TEST_STEP][PASSED] - dataFile = <not implemented yet for class: org.codehaus.groovy.ast.expr.EmptyExpression>: null

24-10-2024T06:23:45 - [TEST_STEP][PASSED] - nameSheet = <not implemented yet for class: org.codehaus.groovy.ast.expr.EmptyExpression>: null

24-10-2024T06:23:45 - [TEST_STEP][PASSED] - dataFileEmulator = <not implemented yet for class: org.codehaus.groovy.ast.expr.EmptyExpression>: null

24-10-2024T06:23:45 - [TEST_STEP][PASSED] - nameSheet = "NoModifyAmountPC": null

24-10-2024T06:23:45 - [TEST_STEP][PASSED] - dataFile = "IWPTestData/IWP25NoModifyAmountPC": null

24-10-2024T06:23:45 - [TEST_STEP][PASSED] - dataFileEmulator = "IWPTestData/EmulatorData": null

24-10-2024T06:23:45 - [TEST_STEP][PASSED] - numOfRows = findTestData(dataFile).getRowNumbers(): null

24-10-2024T06:23:45 - [TEST_STEP][PASSED] - println("Number of Records: " + numOfRows): null

24-10-2024T06:23:45 - [TEST_STEP][PASSED] - for ([row = 1, row <= numOfRows, (row++)]): null

24-10-2024T06:23:45 - [TEST_STEP][PASSED] - ExecuteTC = findTestData(dataFile).getValue("Execute", row): null

24-10-2024T06:23:45 - [TEST_STEP][PASSED] - out.println("Value of Execute is : " + ExecuteTC): null

24-10-2024T06:23:45 - [TEST_STEP][PASSED] - if (ExecuteTC.equalsIgnoreCase("Y")): null

24-10-2024T06:23:45 - [TEST_STEP][PASSED] - out.println("Begin Record Number: " + row): null

24-10-2024T06:23:45 - [TEST_STEP][PASSED] - today = new java.util.Date(): null

24-10-2024T06:23:45 - [TEST_STEP][PASSED] - println(today): null

24-10-2024T06:23:45 - [TEST_STEP][PASSED] - datText = today: null

24-10-2024T06:23:45 - [TEST_STEP][PASSED] - EmulatorDataKey = findTestData(dataFile).getValue("EmulatorData", row): null

24-10-2024T06:23:46 - [TEST_STEP][PASSED] - out.println("Value of Emulator Key is : " + EmulatorDataKey): null

24-10-2024T06:23:46 - [TEST_STEP][PASSED] - iwpPages.emulatorIWP30.setDataEmulator_DD(EmulatorDataKey): iwpPages.emulatorIWP30.setDataEmulator_DD is PASSED

24-10-2024T06:23:46 - [MESSAGE][WARNING] - A browser is already opened. Closing browser and opening a new one

24-10-2024T06:23:46 - [MESSAGE][INFO] - Starting 'Edge Chromium' driver

24-10-2024T06:23:46 - [MESSAGE][INFO] - User set preference: ['acceptInsecureCerts', 'true']

24-10-2024T06:23:48 - [MESSAGE][INFO] - Action delay is set to 0 milliseconds

24-10-2024T06:23:52 - [MESSAGE][PASSED] - Browser is opened with url: 'https://qa2.velocitypayment.com/agencyx/config.action?action=editor&message_version=2_5'

24-10-2024T06:23:52 - [MESSAGE][PASSED] - Current window maximized

24-10-2024T06:24:24 - [MESSAGE][INFO] - Unable to find the element located by 'By.xpath: //select[@name='message_version']'. Please recheck the objects properties to make sure the desired element is located. 

24-10-2024T06:24:24 - [MESSAGE][WARNING] - [SELF-HEALING] Failed to find element with id 'Object Repository/IWP30/Page_VRelay30Emulator/MV'. Try using Self-healing.

24-10-2024T06:24:24 - [MESSAGE][WARNING] - [SELF-HEALING] The current locator of test object 'Object Repository/IWP30/Page_VRelay30Emulator/MV' was broken. Propose an alternative one: '(.//*[normalize-space(text()) and normalize-space(.)='Message Version'])[1]/following::select[1]'.

24-10-2024T06:24:24 - [MESSAGE][PASSED] - All options with value '2.5' are selected in object 'Object Repository/IWP30/Page_VRelay30Emulator/MV'  using regular expression

24-10-2024T06:24:25 - [MESSAGE][PASSED] - Text '10.50' is set on object 'Object Repository/IWP30/Page_EmulatorAgencyX/Amount'

24-10-2024T06:24:26 - [MESSAGE][PASSED] - Text 'BWbIE9pYaEmo' is set on object 'Object Repository/IWP30/Page_EmulatorAgencyX/CAN'

24-10-2024T06:24:26 - [MESSAGE][PASSED] - Text 'PayNow' is set on object 'Object Repository/IWP30/Page_EmulatorAgencyX/Action'

24-10-2024T06:24:27 - [MESSAGE][PASSED] - Text 'en_US' is set on object 'Object Repository/IWP30/Page_EmulatorAgencyX/Lang'

24-10-2024T06:24:28 - [MESSAGE][PASSED] - Text 'Jasmine' is set on object 'Object Repository/IWP30/Page_EmulatorAgencyX/Fname'

24-10-2024T06:24:28 - [MESSAGE][PASSED] - Text 'Patrinol' is set on object 'Object Repository/IWP30/Page_EmulatorAgencyX/Lname'

24-10-2024T06:24:29 - [MESSAGE][PASSED] - Text '258 Underwood rd' is set on object 'Object Repository/IWP30/Page_EmulatorAgencyX/AL1'

24-10-2024T06:24:29 - [MESSAGE][PASSED] - Text 'Suite 600' is set on object 'Object Repository/IWP30/Page_EmulatorAgencyX/AL2'

24-10-2024T06:24:30 - [MESSAGE][PASSED] - Text '840' is set on object 'Object Repository/IWP30/Page_EmulatorAgencyX/Country'

24-10-2024T06:24:31 - [MESSAGE][PASSED] - Text 'Arlington' is set on object 'Object Repository/IWP30/Page_EmulatorAgencyX/City'

24-10-2024T06:24:31 - [MESSAGE][PASSED] - Text 'VA' is set on object 'Object Repository/IWP30/Page_EmulatorAgencyX/State'

24-10-2024T06:24:32 - [MESSAGE][PASSED] - Text '22201' is set on object 'Object Repository/IWP30/Page_EmulatorAgencyX/ZIP'

24-10-2024T06:24:32 - [MESSAGE][PASSED] - Text '' is set on object 'Object Repository/IWP30/Page_EmulatorAgencyX/Order'

24-10-2024T06:24:33 - [MESSAGE][PASSED] - Text 'Some Company' is set on object 'Object Repository/IWP30/Page_EmulatorAgencyX/Company'

24-10-2024T06:24:34 - [MESSAGE][PASSED] - Text 'iahmed@govolution.com' is set on object 'Object Repository/IWP30/Page_EmulatorAgencyX/Email'

24-10-2024T06:24:34 - [MESSAGE][PASSED] - Text 'udf data 1' is set on object 'Object Repository/IWP30/Page_EmulatorAgencyX/UDF1'

24-10-2024T06:24:35 - [MESSAGE][PASSED] - Text 'udf data 2' is set on object 'Object Repository/IWP30/Page_EmulatorAgencyX/UDF2'

24-10-2024T06:24:35 - [MESSAGE][PASSED] - Text 'udf data 3' is set on object 'Object Repository/IWP30/Page_EmulatorAgencyX/UDF3'

24-10-2024T06:24:36 - [MESSAGE][PASSED] - Text 'udf data 4' is set on object 'Object Repository/IWP30/Page_EmulatorAgencyX/UDF4'

24-10-2024T06:24:37 - [MESSAGE][PASSED] - Text 'udf data 5' is set on object 'Object Repository/IWP30/Page_EmulatorAgencyX/UDF5'

24-10-2024T06:24:37 - [MESSAGE][PASSED] - Text 'udf data 6' is set on object 'Object Repository/IWP30/Page_EmulatorAgencyX/UDF6'

24-10-2024T06:24:38 - [MESSAGE][PASSED] - Text 'Orange' is set on object 'Object Repository/IWP30/Page_EmulatorAgencyX/UDF7'

24-10-2024T06:24:38 - [MESSAGE][PASSED] - Text 'Soccer' is set on object 'Object Repository/IWP30/Page_EmulatorAgencyX/UDF8'

24-10-2024T06:24:39 - [MESSAGE][PASSED] - Text 'udf data 9' is set on object 'Object Repository/IWP30/Page_EmulatorAgencyX/UDF9'

24-10-2024T06:24:40 - [MESSAGE][PASSED] - Text 'udf data 10' is set on object 'Object Repository/IWP30/Page_EmulatorAgencyX/UDF10'

24-10-2024T06:24:41 - [MESSAGE][PASSED] - Object: 'Object Repository/IWP30/Page_EmulatorAgencyX/Submit' is clicked on

24-10-2024T06:24:45 - [MESSAGE][PASSED] - Browser is closed

24-10-2024T06:24:49 - [MESSAGE][PASSED] - iwpPages.emulatorIWP30.setDataEmulator_DD is PASSED

24-10-2024T06:24:49 - [TEST_STEP][PASSED] - testHarnessURL = urlTestHarness: null

24-10-2024T06:24:49 - [TEST_STEP][PASSED] - openBrowser(testHarnessURL): Browser is opened with url: 'https://dev-algorithm.govolution.com/vrelaytest/QA2/version_2_2/vrelaytest.html'

24-10-2024T06:24:50 - [MESSAGE][INFO] - Starting 'Edge Chromium' driver

24-10-2024T06:24:50 - [MESSAGE][INFO] - User set preference: ['acceptInsecureCerts', 'true']

24-10-2024T06:24:52 - [MESSAGE][INFO] - Action delay is set to 0 milliseconds

24-10-2024T06:24:55 - [MESSAGE][PASSED] - Browser is opened with url: 'https://dev-algorithm.govolution.com/vrelaytest/QA2/version_2_2/vrelaytest.html'

24-10-2024T06:24:55 - [TEST_STEP][PASSED] - maximizeWindow(): Current window maximized

24-10-2024T06:24:55 - [MESSAGE][PASSED] - Current window maximized

24-10-2024T06:24:55 - [TEST_STEP][PASSED] - iwpPages.TestHarnessPage.setDataMethod(row, dataFile): iwpPages.TestHarnessPage.setDataMethod is PASSED

24-10-2024T06:24:56 - [MESSAGE][PASSED] - Object 'Object Repository/IWP30/Page_QATestHarness/RemittanceID' is present

24-10-2024T06:24:56 - [MESSAGE][PASSED] - Text '654' is set on object 'Object Repository/IWP30/Page_QATestHarness/ApplicationID'

24-10-2024T06:24:57 - [MESSAGE][PASSED] - Text '2.5' is set on object 'Object Repository/IWP30/Page_QATestHarness/MessageVersion'

24-10-2024T06:24:58 - [MESSAGE][PASSED] - Text '1euBWEpWEzfG' is set on object 'Object Repository/IWP30/Page_QATestHarness/RemittanceID'

24-10-2024T06:25:01 - [MESSAGE][PASSED] - Object: 'Object Repository/IWP30/Page_QATestHarness/SubmitButton' is clicked on

24-10-2024T06:25:01 - [MESSAGE][PASSED] - iwpPages.TestHarnessPage.setDataMethod is PASSED

24-10-2024T06:25:01 - [TEST_STEP][PASSED] - click(findTestObject("Object Repository/IWP30/Page_SelectPaymentMethod/PayByPersonalCheck")): Object: 'Object Repository/IWP30/Page_SelectPaymentMethod/PayByPersonalCheck' is clicked on

24-10-2024T06:25:02 - [MESSAGE][PASSED] - Object: 'Object Repository/IWP30/Page_SelectPaymentMethod/PayByPersonalCheck' is clicked on

24-10-2024T06:25:02 - [TEST_STEP][PASSED] - click(findTestObject("Object Repository/IWP30/Page_SelectPaymentMethod/MakePaymentButton")): Object: 'Object Repository/IWP30/Page_SelectPaymentMethod/MakePaymentButton' is clicked on

24-10-2024T06:25:05 - [MESSAGE][PASSED] - Object: 'Object Repository/IWP30/Page_SelectPaymentMethod/MakePaymentButton' is clicked on

24-10-2024T06:25:05 - [TEST_STEP][PASSED] - if (verifyElementNotPresent(findTestObject("Object Repository/IWP30/Page_ACHPersonalPaymentEntry/txt_Amount"), 30) && verifyTextPresent("$ 10.50", false)): null

24-10-2024T06:25:06 - [MESSAGE][PASSED] - Web element with id: 'Object Repository/IWP30/Page_ACHPersonalPaymentEntry/txt_Amount' located by 'By.xpath: //*[@type = 'text' and @name = 'amount']' is not present after '30' second(s)

24-10-2024T06:25:06 - [MESSAGE][PASSED] - Text '$ 10.50' is present on page 

24-10-2024T06:25:06 - [TEST_STEP][PASSED] - iwpPages.achPersonalPaymentEntryPage.setDataACHPPM(row, dataFile): iwpPages.achPersonalPaymentEntryPage.setDataACHPPM is PASSED

24-10-2024T06:25:07 - [MESSAGE][PASSED] - Object 'Object Repository/IWP30/Page_ACHPersonalPaymentEntry/txt_accountNumber' is present

24-10-2024T06:25:07 - [MESSAGE][PASSED] - Object 'Object Repository/IWP30/Page_ACHPersonalPaymentEntry/txt_UDF2' is present

24-10-2024T06:25:08 - [MESSAGE][PASSED] - Object 'Object Repository/IWP30/Page_ACHPersonalPaymentEntry/txt_Firstname' is present

24-10-2024T06:25:08 - [MESSAGE][PASSED] - Text 'Elizath' is set on object 'Object Repository/IWP30/Page_ACHPersonalPaymentEntry/txt_Firstname'

24-10-2024T06:25:09 - [MESSAGE][PASSED] - Object 'Object Repository/IWP30/Page_ACHPersonalPaymentEntry/txt_Lastname' is present

24-10-2024T06:25:09 - [MESSAGE][PASSED] - Text 'Christine' is set on object 'Object Repository/IWP30/Page_ACHPersonalPaymentEntry/txt_Lastname'

24-10-2024T06:25:10 - [MESSAGE][PASSED] - Object 'Object Repository/IWP30/Page_ACHPersonalPaymentEntry/txt_routingNumber' is present

24-10-2024T06:25:10 - [MESSAGE][PASSED] - Text '256072691' is set on object 'Object Repository/IWP30/Page_ACHPersonalPaymentEntry/txt_routingNumber'

24-10-2024T06:25:10 - [MESSAGE][PASSED] - Object 'Object Repository/IWP30/Page_ACHPersonalPaymentEntry/txt_accountNumber' is present

24-10-2024T06:25:11 - [MESSAGE][PASSED] - Text '12344444' is set on object 'Object Repository/IWP30/Page_ACHPersonalPaymentEntry/txt_accountNumber'

24-10-2024T06:25:12 - [MESSAGE][PASSED] - Object 'Object Repository/IWP30/Page_ACHPersonalPaymentEntry/txt_confirmAccountNumber' is present

24-10-2024T06:25:12 - [MESSAGE][PASSED] - Text '12344444' is set on object 'Object Repository/IWP30/Page_ACHPersonalPaymentEntry/txt_confirmAccountNumber'

24-10-2024T06:25:13 - [MESSAGE][PASSED] - Object 'Object Repository/IWP30/Page_ACHPersonalPaymentEntry/rd_accountType' is present

24-10-2024T06:25:13 - [MESSAGE][PASSED] - Modify property of object successfully

24-10-2024T06:25:13 - [MESSAGE][PASSED] - Object: 'Object Repository/IWP30/Page_ACHPersonalPaymentEntry/rd_accountType' is clicked on

24-10-2024T06:25:13 - [MESSAGE][PASSED] - Object 'Object Repository/IWP30/Page_ACHPersonalPaymentEntry/txt_Email' is present

24-10-2024T06:25:13 - [MESSAGE][PASSED] - Object 'Object Repository/IWP30/Page_ACHPersonalPaymentEntry/cb_TermsAndCond' is present

24-10-2024T06:25:14 - [MESSAGE][PASSED] - Object: 'Object Repository/IWP30/Page_ACHPersonalPaymentEntry/cb_TermsAndCond' is clicked on

24-10-2024T06:25:14 - [MESSAGE][PASSED] - Object 'Object Repository/IWP30/Page_ACHPersonalPaymentEntry/btn_Continue' is present

24-10-2024T06:25:15 - [MESSAGE][PASSED] - Object: 'Object Repository/IWP30/Page_ACHPersonalPaymentEntry/btn_Continue' is clicked on

24-10-2024T06:25:15 - [MESSAGE][PASSED] - iwpPages.achPersonalPaymentEntryPage.setDataACHPPM is PASSED

24-10-2024T06:25:15 - [TEST_STEP][PASSED] - click(findTestObject("Object Repository/IWP30/Page_Confirmation/ConfirmButton")): Object: 'Object Repository/IWP30/Page_Confirmation/ConfirmButton' is clicked on

24-10-2024T06:25:17 - [MESSAGE][PASSED] - Object: 'Object Repository/IWP30/Page_Confirmation/ConfirmButton' is clicked on

24-10-2024T06:25:17 - [TEST_STEP][PASSED] - Thread.sleep(10000): null

24-10-2024T06:25:27 - [TEST_STEP][PASSED] - if (verifyTextPresent("Successful Payment Receipt", false)): null

24-10-2024T06:25:27 - [MESSAGE][PASSED] - Text 'Successful Payment Receipt' is present on page 

24-10-2024T06:25:27 - [TEST_STEP][PASSED] - println("Successful Payment Receipt text is present on the Receipt page"): null

24-10-2024T06:25:27 - [TEST_STEP][PASSED] - markPassed("Successful Payment Receipt text is present on the Receipt page"): Successful Payment Receipt text is present on the Receipt page

24-10-2024T06:25:27 - [MESSAGE][PASSED] - Successful Payment Receipt text is present on the Receipt page

24-10-2024T06:25:27 - [TEST_STEP][PASSED] - resText = "Pass": null

24-10-2024T06:25:27 - [TEST_STEP][ERROR] - pages.WriteExcel.demoKey(resText, datText, resColumn, datCloumn, fileLoc, nameSheet, row): Test Cases/IntegratedWeb/IWP25/Payments/NoModifyAmountPC FAILED.
Reason:
com.kms.katalon.core.exception.StepErrorException: org.codehaus.groovy.runtime.InvokerInvocationException: java.io.FileNotFoundException: KatalonData\IWPTestData\VRelay25Payments.xlsx (The process cannot access the file because it is being used by another process)
	at com.kms.katalon.core.main.CustomKeywordDelegatingMetaClass.throwError(CustomKeywordDelegatingMetaClass.java:101)
	at com.kms.katalon.core.main.CustomKeywordDelegatingMetaClass.invokeStaticMethod(CustomKeywordDelegatingMetaClass.java:73)
	at NoModifyAmountPC.run(NoModifyAmountPC:98)
	at com.kms.katalon.core.main.ScriptEngine.run(ScriptEngine.java:194)
	at com.kms.katalon.core.main.ScriptEngine.runScriptAsRawText(ScriptEngine.java:119)
	at com.kms.katalon.core.main.TestCaseExecutor.runScript(TestCaseExecutor.java:448)
	at com.kms.katalon.core.main.TestCaseExecutor.doExecute(TestCaseExecutor.java:439)
	at com.kms.katalon.core.main.TestCaseExecutor.processExecutionPhase(TestCaseExecutor.java:418)
	at com.kms.katalon.core.main.TestCaseExecutor.accessMainPhase(TestCaseExecutor.java:410)
	at com.kms.katalon.core.main.TestCaseExecutor.execute(TestCaseExecutor.java:285)
	at com.kms.katalon.core.common.CommonExecutor.accessTestCaseMainPhase(CommonExecutor.java:65)
	at com.kms.katalon.core.main.TestSuiteExecutor.accessTestSuiteMainPhase(TestSuiteExecutor.java:150)
	at com.kms.katalon.core.main.TestSuiteExecutor.execute(TestSuiteExecutor.java:106)
	at com.kms.katalon.core.main.TestCaseMain.startTestSuite(TestCaseMain.java:180)
	at TempTestSuite1729731001385.run(TempTestSuite1729731001385.groovy:35)
	at java.base/jdk.internal.reflect.NativeMethodAccessorImpl.invoke0(Native Method)
	at java.base/jdk.internal.reflect.NativeMethodAccessorImpl.invoke(NativeMethodAccessorImpl.java:77)
	at java.base/jdk.internal.reflect.DelegatingMethodAccessorImpl.invoke(DelegatingMethodAccessorImpl.java:43)
Caused by: org.codehaus.groovy.runtime.InvokerInvocationException: java.io.FileNotFoundException: KatalonData\IWPTestData\VRelay25Payments.xlsx (The process cannot access the file because it is being used by another process)
	at com.kms.katalon.core.main.CustomKeywordDelegatingMetaClass.invokeStaticMethod(CustomKeywordDelegatingMetaClass.java:55)
	at Script1724429509552.run(Script1724429509552.groovy:98)
	... 15 more
Caused by: java.io.FileNotFoundException: KatalonData\IWPTestData\VRelay25Payments.xlsx (The process cannot access the file because it is being used by another process)
	at pages.WriteExcel.demoKey(WriteExcel.groovy:93)
	at java.base/jdk.internal.reflect.NativeMethodAccessorImpl.invoke0(Native Method)
	at java.base/jdk.internal.reflect.NativeMethodAccessorImpl.invoke(NativeMethodAccessorImpl.java:77)
	at java.base/jdk.internal.reflect.DelegatingMethodAccessorImpl.invoke(DelegatingMethodAccessorImpl.java:43)
	at com.kms.katalon.core.main.CustomKeywordDelegatingMetaClass.invokeStaticMethod(CustomKeywordDelegatingMetaClass.java:55)
	at NoModifyAmountPC.run(NoModifyAmountPC:98)
	... 15 more


24-10-2024T06:25:27 - [MESSAGE][ERROR] - java.io.FileNotFoundException: KatalonData\IWPTestData\VRelay25Payments.xlsx (The process cannot access the file because it is being used by another process)

24-10-2024T06:25:27 - [MESSAGE][ERROR] - Test Cases/IntegratedWeb/IWP25/Payments/NoModifyAmountPC FAILED.
Reason:
com.kms.katalon.core.exception.StepErrorException: org.codehaus.groovy.runtime.InvokerInvocationException: java.io.FileNotFoundException: KatalonData\IWPTestData\VRelay25Payments.xlsx (The process cannot access the file because it is being used by another process)
	at com.kms.katalon.core.main.CustomKeywordDelegatingMetaClass.throwError(CustomKeywordDelegatingMetaClass.java:101)
	at com.kms.katalon.core.main.CustomKeywordDelegatingMetaClass.invokeStaticMethod(CustomKeywordDelegatingMetaClass.java:73)
	at NoModifyAmountPC.run(NoModifyAmountPC:98)
	at com.kms.katalon.core.main.ScriptEngine.run(ScriptEngine.java:194)
	at com.kms.katalon.core.main.ScriptEngine.runScriptAsRawText(ScriptEngine.java:119)
	at com.kms.katalon.core.main.TestCaseExecutor.runScript(TestCaseExecutor.java:448)
	at com.kms.katalon.core.main.TestCaseExecutor.doExecute(TestCaseExecutor.java:439)
	at com.kms.katalon.core.main.TestCaseExecutor.processExecutionPhase(TestCaseExecutor.java:418)
	at com.kms.katalon.core.main.TestCaseExecutor.accessMainPhase(TestCaseExecutor.java:410)
	at com.kms.katalon.core.main.TestCaseExecutor.execute(TestCaseExecutor.java:285)
	at com.kms.katalon.core.common.CommonExecutor.accessTestCaseMainPhase(CommonExecutor.java:65)
	at com.kms.katalon.core.main.TestSuiteExecutor.accessTestSuiteMainPhase(TestSuiteExecutor.java:150)
	at com.kms.katalon.core.main.TestSuiteExecutor.execute(TestSuiteExecutor.java:106)
	at com.kms.katalon.core.main.TestCaseMain.startTestSuite(TestCaseMain.java:180)
	at TempTestSuite1729731001385.run(TempTestSuite1729731001385.groovy:35)
	at java.base/jdk.internal.reflect.NativeMethodAccessorImpl.invoke0(Native Method)
	at java.base/jdk.internal.reflect.NativeMethodAccessorImpl.invoke(NativeMethodAccessorImpl.java:77)
	at java.base/jdk.internal.reflect.DelegatingMethodAccessorImpl.invoke(DelegatingMethodAccessorImpl.java:43)
Caused by: org.codehaus.groovy.runtime.InvokerInvocationException: java.io.FileNotFoundException: KatalonData\IWPTestData\VRelay25Payments.xlsx (The process cannot access the file because it is being used by another process)
	at com.kms.katalon.core.main.CustomKeywordDelegatingMetaClass.invokeStaticMethod(CustomKeywordDelegatingMetaClass.java:55)
	at Script1724429509552.run(Script1724429509552.groovy:98)
	... 15 more
Caused by: java.io.FileNotFoundException: KatalonData\IWPTestData\VRelay25Payments.xlsx (The process cannot access the file because it is being used by another process)
	at pages.WriteExcel.demoKey(WriteExcel.groovy:93)
	at java.base/jdk.internal.reflect.NativeMethodAccessorImpl.invoke0(Native Method)
	at java.base/jdk.internal.reflect.NativeMethodAccessorImpl.invoke(NativeMethodAccessorImpl.java:77)
	at java.base/jdk.internal.reflect.DelegatingMethodAccessorImpl.invoke(DelegatingMethodAccessorImpl.java:43)
	at com.kms.katalon.core.main.CustomKeywordDelegatingMetaClass.invokeStaticMethod(CustomKeywordDelegatingMetaClass.java:55)
	at NoModifyAmountPC.run(NoModifyAmountPC:98)
	... 15 more]]></system-out>
         <system-err><![CDATA[24-10-2024T06:23:45 - [TEST_CASE][ERROR] - Test Cases/IntegratedWeb/IWP25/Payments/NoModifyAmountPC: Test Cases/IntegratedWeb/IWP25/Payments/NoModifyAmountPC FAILED.
Reason:
org.codehaus.groovy.runtime.InvokerInvocationException: java.io.FileNotFoundException: KatalonData\IWPTestData\VRelay25Payments.xlsx (The process cannot access the file because it is being used by another process)
	at com.kms.katalon.core.main.CustomKeywordDelegatingMetaClass.invokeStaticMethod(CustomKeywordDelegatingMetaClass.java:55)
	at NoModifyAmountPC.run(NoModifyAmountPC:98)
	at com.kms.katalon.core.main.ScriptEngine.run(ScriptEngine.java:194)
	at com.kms.katalon.core.main.ScriptEngine.runScriptAsRawText(ScriptEngine.java:119)
	at com.kms.katalon.core.main.TestCaseExecutor.runScript(TestCaseExecutor.java:448)
	at com.kms.katalon.core.main.TestCaseExecutor.doExecute(TestCaseExecutor.java:439)
	at com.kms.katalon.core.main.TestCaseExecutor.processExecutionPhase(TestCaseExecutor.java:418)
	at com.kms.katalon.core.main.TestCaseExecutor.accessMainPhase(TestCaseExecutor.java:410)
	at com.kms.katalon.core.main.TestCaseExecutor.execute(TestCaseExecutor.java:285)
	at com.kms.katalon.core.common.CommonExecutor.accessTestCaseMainPhase(CommonExecutor.java:65)
	at com.kms.katalon.core.main.TestSuiteExecutor.accessTestSuiteMainPhase(TestSuiteExecutor.java:150)
	at com.kms.katalon.core.main.TestSuiteExecutor.execute(TestSuiteExecutor.java:106)
	at com.kms.katalon.core.main.TestCaseMain.startTestSuite(TestCaseMain.java:180)
	at TempTestSuite1729731001385.run(TempTestSuite1729731001385.groovy:35)
	at java.base/jdk.internal.reflect.NativeMethodAccessorImpl.invoke0(Native Method)
	at java.base/jdk.internal.reflect.NativeMethodAccessorImpl.invoke(NativeMethodAccessorImpl.java:77)
	at java.base/jdk.internal.reflect.DelegatingMethodAccessorImpl.invoke(DelegatingMethodAccessorImpl.java:43)
Caused by: java.io.FileNotFoundException: KatalonData\IWPTestData\VRelay25Payments.xlsx (The process cannot access the file because it is being used by another process)
	at pages.WriteExcel.demoKey(WriteExcel.groovy:93)
	at java.base/jdk.internal.reflect.NativeMethodAccessorImpl.invoke0(Native Method)
	at java.base/jdk.internal.reflect.NativeMethodAccessorImpl.invoke(NativeMethodAccessorImpl.java:77)
	at java.base/jdk.internal.reflect.DelegatingMethodAccessorImpl.invoke(DelegatingMethodAccessorImpl.java:43)
	... 17 more]]></system-err>
      </testcase>
      <testcase name="Test Cases/IntegratedWeb/IWP25/Payments/NoModifyAmountPS" time="100.475" classname="Test Cases/IntegratedWeb/IWP25/Payments/NoModifyAmountPS" status="ERROR">
         <error type="ERROR" message="Test Cases/IntegratedWeb/IWP25/Payments/NoModifyAmountPS FAILED.&#xa;Reason:&#xa;org.codehaus.groovy.runtime.InvokerInvocationException: java.io.FileNotFoundException: KatalonData\IWPTestData\VRelay25Payments.xlsx (The process cannot access the file because it is being used by another process)&#xa;	at com.kms.katalon.core.main.CustomKeywordDelegatingMetaClass.invokeStaticMethod(CustomKeywordDelegatingMetaClass.java:55)&#xa;	at NoModifyAmountPS.run(NoModifyAmountPS:98)&#xa;	at com.kms.katalon.core.main.ScriptEngine.run(ScriptEngine.java:194)&#xa;	at com.kms.katalon.core.main.ScriptEngine.runScriptAsRawText(ScriptEngine.java:119)&#xa;	at com.kms.katalon.core.main.TestCaseExecutor.runScript(TestCaseExecutor.java:448)&#xa;	at com.kms.katalon.core.main.TestCaseExecutor.doExecute(TestCaseExecutor.java:439)&#xa;	at com.kms.katalon.core.main.TestCaseExecutor.processExecutionPhase(TestCaseExecutor.java:418)&#xa;	at com.kms.katalon.core.main.TestCaseExecutor.accessMainPhase(TestCaseExecutor.java:410)&#xa;	at com.kms.katalon.core.main.TestCaseExecutor.execute(TestCaseExecutor.java:285)&#xa;	at com.kms.katalon.core.common.CommonExecutor.accessTestCaseMainPhase(CommonExecutor.java:65)&#xa;	at com.kms.katalon.core.main.TestSuiteExecutor.accessTestSuiteMainPhase(TestSuiteExecutor.java:150)&#xa;	at com.kms.katalon.core.main.TestSuiteExecutor.execute(TestSuiteExecutor.java:106)&#xa;	at com.kms.katalon.core.main.TestCaseMain.startTestSuite(TestCaseMain.java:180)&#xa;	at TempTestSuite1729731001385.run(TempTestSuite1729731001385.groovy:35)&#xa;	at java.base/jdk.internal.reflect.NativeMethodAccessorImpl.invoke0(Native Method)&#xa;	at java.base/jdk.internal.reflect.NativeMethodAccessorImpl.invoke(NativeMethodAccessorImpl.java:77)&#xa;	at java.base/jdk.internal.reflect.DelegatingMethodAccessorImpl.invoke(DelegatingMethodAccessorImpl.java:43)&#xa;Caused by: java.io.FileNotFoundException: KatalonData\IWPTestData\VRelay25Payments.xlsx (The process cannot access the file because it is being used by another process)&#xa;	at pages.WriteExcel.demoKey(WriteExcel.groovy:93)&#xa;	at java.base/jdk.internal.reflect.NativeMethodAccessorImpl.invoke0(Native Method)&#xa;	at java.base/jdk.internal.reflect.NativeMethodAccessorImpl.invoke(NativeMethodAccessorImpl.java:77)&#xa;	at java.base/jdk.internal.reflect.DelegatingMethodAccessorImpl.invoke(DelegatingMethodAccessorImpl.java:43)&#xa;	... 17 more&#xa;"/>
         <system-out><![CDATA[24-10-2024T06:25:27 - [TEST_CASE][ERROR] - Test Cases/IntegratedWeb/IWP25/Payments/NoModifyAmountPS: Test Cases/IntegratedWeb/IWP25/Payments/NoModifyAmountPS FAILED.
Reason:
org.codehaus.groovy.runtime.InvokerInvocationException: java.io.FileNotFoundException: KatalonData\IWPTestData\VRelay25Payments.xlsx (The process cannot access the file because it is being used by another process)
	at com.kms.katalon.core.main.CustomKeywordDelegatingMetaClass.invokeStaticMethod(CustomKeywordDelegatingMetaClass.java:55)
	at NoModifyAmountPS.run(NoModifyAmountPS:98)
	at com.kms.katalon.core.main.ScriptEngine.run(ScriptEngine.java:194)
	at com.kms.katalon.core.main.ScriptEngine.runScriptAsRawText(ScriptEngine.java:119)
	at com.kms.katalon.core.main.TestCaseExecutor.runScript(TestCaseExecutor.java:448)
	at com.kms.katalon.core.main.TestCaseExecutor.doExecute(TestCaseExecutor.java:439)
	at com.kms.katalon.core.main.TestCaseExecutor.processExecutionPhase(TestCaseExecutor.java:418)
	at com.kms.katalon.core.main.TestCaseExecutor.accessMainPhase(TestCaseExecutor.java:410)
	at com.kms.katalon.core.main.TestCaseExecutor.execute(TestCaseExecutor.java:285)
	at com.kms.katalon.core.common.CommonExecutor.accessTestCaseMainPhase(CommonExecutor.java:65)
	at com.kms.katalon.core.main.TestSuiteExecutor.accessTestSuiteMainPhase(TestSuiteExecutor.java:150)
	at com.kms.katalon.core.main.TestSuiteExecutor.execute(TestSuiteExecutor.java:106)
	at com.kms.katalon.core.main.TestCaseMain.startTestSuite(TestCaseMain.java:180)
	at TempTestSuite1729731001385.run(TempTestSuite1729731001385.groovy:35)
	at java.base/jdk.internal.reflect.NativeMethodAccessorImpl.invoke0(Native Method)
	at java.base/jdk.internal.reflect.NativeMethodAccessorImpl.invoke(NativeMethodAccessorImpl.java:77)
	at java.base/jdk.internal.reflect.DelegatingMethodAccessorImpl.invoke(DelegatingMethodAccessorImpl.java:43)
Caused by: java.io.FileNotFoundException: KatalonData\IWPTestData\VRelay25Payments.xlsx (The process cannot access the file because it is being used by another process)
	at pages.WriteExcel.demoKey(WriteExcel.groovy:93)
	at java.base/jdk.internal.reflect.NativeMethodAccessorImpl.invoke0(Native Method)
	at java.base/jdk.internal.reflect.NativeMethodAccessorImpl.invoke(NativeMethodAccessorImpl.java:77)
	at java.base/jdk.internal.reflect.DelegatingMethodAccessorImpl.invoke(DelegatingMethodAccessorImpl.java:43)
	... 17 more


24-10-2024T06:25:27 - [TEST_STEP][PASSED] - resText = "Fail": null

24-10-2024T06:25:27 - [TEST_STEP][PASSED] - resColumn = "Result": null

24-10-2024T06:25:27 - [TEST_STEP][PASSED] - datCloumn = "Date": null

24-10-2024T06:25:27 - [TEST_STEP][PASSED] - fileLoc = "KatalonData/IWPTestData/VRelay25Payments.xlsx": null

24-10-2024T06:25:27 - [TEST_STEP][PASSED] - numOfRows = <not implemented yet for class: org.codehaus.groovy.ast.expr.EmptyExpression>: null

24-10-2024T06:25:27 - [TEST_STEP][PASSED] - dataFile = <not implemented yet for class: org.codehaus.groovy.ast.expr.EmptyExpression>: null

24-10-2024T06:25:27 - [TEST_STEP][PASSED] - nameSheet = <not implemented yet for class: org.codehaus.groovy.ast.expr.EmptyExpression>: null

24-10-2024T06:25:27 - [TEST_STEP][PASSED] - dataFileEmulator = <not implemented yet for class: org.codehaus.groovy.ast.expr.EmptyExpression>: null

24-10-2024T06:25:27 - [TEST_STEP][PASSED] - nameSheet = "NoModifyAmountPS": null

24-10-2024T06:25:27 - [TEST_STEP][PASSED] - dataFile = "IWPTestData/IWP25NoModifyAmountPS": null

24-10-2024T06:25:27 - [TEST_STEP][PASSED] - dataFileEmulator = "IWPTestData/EmulatorData": null

24-10-2024T06:25:27 - [TEST_STEP][PASSED] - numOfRows = findTestData(dataFile).getRowNumbers(): null

24-10-2024T06:25:27 - [TEST_STEP][PASSED] - println("Number of Records: " + numOfRows): null

24-10-2024T06:25:27 - [TEST_STEP][PASSED] - for ([row = 1, row <= numOfRows, (row++)]): null

24-10-2024T06:25:27 - [TEST_STEP][PASSED] - ExecuteTC = findTestData(dataFile).getValue("Execute", row): null

24-10-2024T06:25:27 - [TEST_STEP][PASSED] - out.println("Value of Execute is : " + ExecuteTC): null

24-10-2024T06:25:27 - [TEST_STEP][PASSED] - if (ExecuteTC.equalsIgnoreCase("Y")): null

24-10-2024T06:25:27 - [TEST_STEP][PASSED] - out.println("Begin Record Number: " + row): null

24-10-2024T06:25:27 - [TEST_STEP][PASSED] - today = new java.util.Date(): null

24-10-2024T06:25:27 - [TEST_STEP][PASSED] - println(today): null

24-10-2024T06:25:27 - [TEST_STEP][PASSED] - datText = today: null

24-10-2024T06:25:27 - [TEST_STEP][PASSED] - EmulatorDataKey = findTestData(dataFile).getValue("EmulatorData", row): null

24-10-2024T06:25:28 - [TEST_STEP][PASSED] - out.println("Value of Emulator Key is : " + EmulatorDataKey): null

24-10-2024T06:25:28 - [TEST_STEP][PASSED] - iwpPages.emulatorIWP30.setDataEmulator_DD(EmulatorDataKey): iwpPages.emulatorIWP30.setDataEmulator_DD is PASSED

24-10-2024T06:25:28 - [MESSAGE][WARNING] - A browser is already opened. Closing browser and opening a new one

24-10-2024T06:25:28 - [MESSAGE][INFO] - Starting 'Edge Chromium' driver

24-10-2024T06:25:28 - [MESSAGE][INFO] - User set preference: ['acceptInsecureCerts', 'true']

24-10-2024T06:25:30 - [MESSAGE][INFO] - Action delay is set to 0 milliseconds

24-10-2024T06:25:34 - [MESSAGE][PASSED] - Browser is opened with url: 'https://qa2.velocitypayment.com/agencyx/config.action?action=editor&message_version=2_5'

24-10-2024T06:25:34 - [MESSAGE][PASSED] - Current window maximized

24-10-2024T06:26:05 - [MESSAGE][INFO] - Unable to find the element located by 'By.xpath: //select[@name='message_version']'. Please recheck the objects properties to make sure the desired element is located. 

24-10-2024T06:26:05 - [MESSAGE][WARNING] - [SELF-HEALING] Failed to find element with id 'Object Repository/IWP30/Page_VRelay30Emulator/MV'. Try using Self-healing.

24-10-2024T06:26:06 - [MESSAGE][WARNING] - [SELF-HEALING] The current locator of test object 'Object Repository/IWP30/Page_VRelay30Emulator/MV' was broken. Propose an alternative one: '(.//*[normalize-space(text()) and normalize-space(.)='Message Version'])[1]/following::select[1]'.

24-10-2024T06:26:06 - [MESSAGE][PASSED] - All options with value '2.5' are selected in object 'Object Repository/IWP30/Page_VRelay30Emulator/MV'  using regular expression

24-10-2024T06:26:07 - [MESSAGE][PASSED] - Text '10.50' is set on object 'Object Repository/IWP30/Page_EmulatorAgencyX/Amount'

24-10-2024T06:26:08 - [MESSAGE][PASSED] - Text 'IlEiuzfY8318' is set on object 'Object Repository/IWP30/Page_EmulatorAgencyX/CAN'

24-10-2024T06:26:08 - [MESSAGE][PASSED] - Text 'PayNow' is set on object 'Object Repository/IWP30/Page_EmulatorAgencyX/Action'

24-10-2024T06:26:09 - [MESSAGE][PASSED] - Text 'en_US' is set on object 'Object Repository/IWP30/Page_EmulatorAgencyX/Lang'

24-10-2024T06:26:09 - [MESSAGE][PASSED] - Text 'Jasmine' is set on object 'Object Repository/IWP30/Page_EmulatorAgencyX/Fname'

24-10-2024T06:26:10 - [MESSAGE][PASSED] - Text 'Patrinol' is set on object 'Object Repository/IWP30/Page_EmulatorAgencyX/Lname'

24-10-2024T06:26:10 - [MESSAGE][PASSED] - Text '258 Underwood rd' is set on object 'Object Repository/IWP30/Page_EmulatorAgencyX/AL1'

24-10-2024T06:26:11 - [MESSAGE][PASSED] - Text 'Suite 600' is set on object 'Object Repository/IWP30/Page_EmulatorAgencyX/AL2'

24-10-2024T06:26:12 - [MESSAGE][PASSED] - Text '840' is set on object 'Object Repository/IWP30/Page_EmulatorAgencyX/Country'

24-10-2024T06:26:12 - [MESSAGE][PASSED] - Text 'Arlington' is set on object 'Object Repository/IWP30/Page_EmulatorAgencyX/City'

24-10-2024T06:26:13 - [MESSAGE][PASSED] - Text 'VA' is set on object 'Object Repository/IWP30/Page_EmulatorAgencyX/State'

24-10-2024T06:26:13 - [MESSAGE][PASSED] - Text '22201' is set on object 'Object Repository/IWP30/Page_EmulatorAgencyX/ZIP'

24-10-2024T06:26:14 - [MESSAGE][PASSED] - Text '' is set on object 'Object Repository/IWP30/Page_EmulatorAgencyX/Order'

24-10-2024T06:26:15 - [MESSAGE][PASSED] - Text 'Some Company' is set on object 'Object Repository/IWP30/Page_EmulatorAgencyX/Company'

24-10-2024T06:26:15 - [MESSAGE][PASSED] - Text 'iahmed@govolution.com' is set on object 'Object Repository/IWP30/Page_EmulatorAgencyX/Email'

24-10-2024T06:26:16 - [MESSAGE][PASSED] - Text 'udf data 1' is set on object 'Object Repository/IWP30/Page_EmulatorAgencyX/UDF1'

24-10-2024T06:26:16 - [MESSAGE][PASSED] - Text 'udf data 2' is set on object 'Object Repository/IWP30/Page_EmulatorAgencyX/UDF2'

24-10-2024T06:26:17 - [MESSAGE][PASSED] - Text 'udf data 3' is set on object 'Object Repository/IWP30/Page_EmulatorAgencyX/UDF3'

24-10-2024T06:26:18 - [MESSAGE][PASSED] - Text 'udf data 4' is set on object 'Object Repository/IWP30/Page_EmulatorAgencyX/UDF4'

24-10-2024T06:26:18 - [MESSAGE][PASSED] - Text 'udf data 5' is set on object 'Object Repository/IWP30/Page_EmulatorAgencyX/UDF5'

24-10-2024T06:26:19 - [MESSAGE][PASSED] - Text 'udf data 6' is set on object 'Object Repository/IWP30/Page_EmulatorAgencyX/UDF6'

24-10-2024T06:26:19 - [MESSAGE][PASSED] - Text 'Orange' is set on object 'Object Repository/IWP30/Page_EmulatorAgencyX/UDF7'

24-10-2024T06:26:20 - [MESSAGE][PASSED] - Text 'Soccer' is set on object 'Object Repository/IWP30/Page_EmulatorAgencyX/UDF8'

24-10-2024T06:26:21 - [MESSAGE][PASSED] - Text 'udf data 9' is set on object 'Object Repository/IWP30/Page_EmulatorAgencyX/UDF9'

24-10-2024T06:26:21 - [MESSAGE][PASSED] - Text 'udf data 10' is set on object 'Object Repository/IWP30/Page_EmulatorAgencyX/UDF10'

24-10-2024T06:26:23 - [MESSAGE][PASSED] - Object: 'Object Repository/IWP30/Page_EmulatorAgencyX/Submit' is clicked on

24-10-2024T06:26:27 - [MESSAGE][PASSED] - Browser is closed

24-10-2024T06:26:31 - [MESSAGE][PASSED] - iwpPages.emulatorIWP30.setDataEmulator_DD is PASSED

24-10-2024T06:26:31 - [TEST_STEP][PASSED] - testHarnessURL = urlTestHarness: null

24-10-2024T06:26:31 - [TEST_STEP][PASSED] - openBrowser(testHarnessURL): Browser is opened with url: 'https://dev-algorithm.govolution.com/vrelaytest/QA2/version_2_2/vrelaytest.html'

24-10-2024T06:26:31 - [MESSAGE][INFO] - Starting 'Edge Chromium' driver

24-10-2024T06:26:31 - [MESSAGE][INFO] - User set preference: ['acceptInsecureCerts', 'true']

24-10-2024T06:26:33 - [MESSAGE][INFO] - Action delay is set to 0 milliseconds

24-10-2024T06:26:37 - [MESSAGE][PASSED] - Browser is opened with url: 'https://dev-algorithm.govolution.com/vrelaytest/QA2/version_2_2/vrelaytest.html'

24-10-2024T06:26:37 - [TEST_STEP][PASSED] - maximizeWindow(): Current window maximized

24-10-2024T06:26:37 - [MESSAGE][PASSED] - Current window maximized

24-10-2024T06:26:37 - [TEST_STEP][PASSED] - iwpPages.TestHarnessPage.setDataMethod(row, dataFile): iwpPages.TestHarnessPage.setDataMethod is PASSED

24-10-2024T06:26:37 - [MESSAGE][PASSED] - Object 'Object Repository/IWP30/Page_QATestHarness/RemittanceID' is present

24-10-2024T06:26:38 - [MESSAGE][PASSED] - Text '654' is set on object 'Object Repository/IWP30/Page_QATestHarness/ApplicationID'

24-10-2024T06:26:38 - [MESSAGE][PASSED] - Text '2.5' is set on object 'Object Repository/IWP30/Page_QATestHarness/MessageVersion'

24-10-2024T06:26:39 - [MESSAGE][PASSED] - Text 'Pccr9zD08jw8' is set on object 'Object Repository/IWP30/Page_QATestHarness/RemittanceID'

24-10-2024T06:26:43 - [MESSAGE][PASSED] - Object: 'Object Repository/IWP30/Page_QATestHarness/SubmitButton' is clicked on

24-10-2024T06:26:43 - [MESSAGE][PASSED] - iwpPages.TestHarnessPage.setDataMethod is PASSED

24-10-2024T06:26:43 - [TEST_STEP][PASSED] - click(findTestObject("Object Repository/IWP30/Page_SelectPaymentMethod/PayByPersonalCheck")): Object: 'Object Repository/IWP30/Page_SelectPaymentMethod/PayByPersonalCheck' is clicked on

24-10-2024T06:26:43 - [MESSAGE][PASSED] - Object: 'Object Repository/IWP30/Page_SelectPaymentMethod/PayByPersonalCheck' is clicked on

24-10-2024T06:26:43 - [TEST_STEP][PASSED] - click(findTestObject("Object Repository/IWP30/Page_SelectPaymentMethod/MakePaymentButton")): Object: 'Object Repository/IWP30/Page_SelectPaymentMethod/MakePaymentButton' is clicked on

24-10-2024T06:26:46 - [MESSAGE][PASSED] - Object: 'Object Repository/IWP30/Page_SelectPaymentMethod/MakePaymentButton' is clicked on

24-10-2024T06:26:46 - [TEST_STEP][PASSED] - if (verifyElementNotPresent(findTestObject("Object Repository/IWP30/Page_ACHPersonalPaymentEntry/txt_Amount"), 30) && verifyTextPresent("$ 10.50", false)): null

24-10-2024T06:26:46 - [MESSAGE][PASSED] - Web element with id: 'Object Repository/IWP30/Page_ACHPersonalPaymentEntry/txt_Amount' located by 'By.xpath: //*[@type = 'text' and @name = 'amount']' is not present after '30' second(s)

24-10-2024T06:26:46 - [MESSAGE][PASSED] - Text '$ 10.50' is present on page 

24-10-2024T06:26:46 - [TEST_STEP][PASSED] - iwpPages.achPersonalPaymentEntryPage.setDataACHPPM(row, dataFile): iwpPages.achPersonalPaymentEntryPage.setDataACHPPM is PASSED

24-10-2024T06:26:48 - [MESSAGE][PASSED] - Object 'Object Repository/IWP30/Page_ACHPersonalPaymentEntry/txt_accountNumber' is present

24-10-2024T06:26:48 - [MESSAGE][PASSED] - Object 'Object Repository/IWP30/Page_ACHPersonalPaymentEntry/txt_UDF2' is present

24-10-2024T06:26:48 - [MESSAGE][PASSED] - Object 'Object Repository/IWP30/Page_ACHPersonalPaymentEntry/txt_Firstname' is present

24-10-2024T06:26:49 - [MESSAGE][PASSED] - Text 'Elizath' is set on object 'Object Repository/IWP30/Page_ACHPersonalPaymentEntry/txt_Firstname'

24-10-2024T06:26:49 - [MESSAGE][PASSED] - Object 'Object Repository/IWP30/Page_ACHPersonalPaymentEntry/txt_Lastname' is present

24-10-2024T06:26:49 - [MESSAGE][PASSED] - Text 'Christine' is set on object 'Object Repository/IWP30/Page_ACHPersonalPaymentEntry/txt_Lastname'

24-10-2024T06:26:50 - [MESSAGE][PASSED] - Object 'Object Repository/IWP30/Page_ACHPersonalPaymentEntry/txt_routingNumber' is present

24-10-2024T06:26:50 - [MESSAGE][PASSED] - Text '256072691' is set on object 'Object Repository/IWP30/Page_ACHPersonalPaymentEntry/txt_routingNumber'

24-10-2024T06:26:51 - [MESSAGE][PASSED] - Object 'Object Repository/IWP30/Page_ACHPersonalPaymentEntry/txt_accountNumber' is present

24-10-2024T06:26:52 - [MESSAGE][PASSED] - Text '12344444' is set on object 'Object Repository/IWP30/Page_ACHPersonalPaymentEntry/txt_accountNumber'

24-10-2024T06:26:52 - [MESSAGE][PASSED] - Object 'Object Repository/IWP30/Page_ACHPersonalPaymentEntry/txt_confirmAccountNumber' is present

24-10-2024T06:26:53 - [MESSAGE][PASSED] - Text '12344444' is set on object 'Object Repository/IWP30/Page_ACHPersonalPaymentEntry/txt_confirmAccountNumber'

24-10-2024T06:26:53 - [MESSAGE][PASSED] - Object 'Object Repository/IWP30/Page_ACHPersonalPaymentEntry/rd_accountType' is present

24-10-2024T06:26:53 - [MESSAGE][PASSED] - Modify property of object successfully

24-10-2024T06:26:54 - [MESSAGE][PASSED] - Object: 'Object Repository/IWP30/Page_ACHPersonalPaymentEntry/rd_accountType' is clicked on

24-10-2024T06:26:54 - [MESSAGE][PASSED] - Object 'Object Repository/IWP30/Page_ACHPersonalPaymentEntry/txt_Email' is present

24-10-2024T06:26:54 - [MESSAGE][PASSED] - Object 'Object Repository/IWP30/Page_ACHPersonalPaymentEntry/cb_TermsAndCond' is present

24-10-2024T06:26:54 - [MESSAGE][PASSED] - Object: 'Object Repository/IWP30/Page_ACHPersonalPaymentEntry/cb_TermsAndCond' is clicked on

24-10-2024T06:26:55 - [MESSAGE][PASSED] - Object 'Object Repository/IWP30/Page_ACHPersonalPaymentEntry/btn_Continue' is present

24-10-2024T06:26:56 - [MESSAGE][PASSED] - Object: 'Object Repository/IWP30/Page_ACHPersonalPaymentEntry/btn_Continue' is clicked on

24-10-2024T06:26:56 - [MESSAGE][PASSED] - iwpPages.achPersonalPaymentEntryPage.setDataACHPPM is PASSED

24-10-2024T06:26:56 - [TEST_STEP][PASSED] - click(findTestObject("Object Repository/IWP30/Page_Confirmation/ConfirmButton")): Object: 'Object Repository/IWP30/Page_Confirmation/ConfirmButton' is clicked on

24-10-2024T06:26:57 - [MESSAGE][PASSED] - Object: 'Object Repository/IWP30/Page_Confirmation/ConfirmButton' is clicked on

24-10-2024T06:26:57 - [TEST_STEP][PASSED] - Thread.sleep(10000): null

24-10-2024T06:27:07 - [TEST_STEP][PASSED] - if (verifyTextPresent("Successful Payment Receipt", false)): null

24-10-2024T06:27:07 - [MESSAGE][PASSED] - Text 'Successful Payment Receipt' is present on page 

24-10-2024T06:27:07 - [TEST_STEP][PASSED] - println("Successful Payment Receipt text is present on the Receipt page"): null

24-10-2024T06:27:07 - [TEST_STEP][PASSED] - markPassed("Successful Payment Receipt text is present on the Receipt page"): Successful Payment Receipt text is present on the Receipt page

24-10-2024T06:27:07 - [MESSAGE][PASSED] - Successful Payment Receipt text is present on the Receipt page

24-10-2024T06:27:07 - [TEST_STEP][PASSED] - resText = "Pass": null

24-10-2024T06:27:07 - [TEST_STEP][ERROR] - pages.WriteExcel.demoKey(resText, datText, resColumn, datCloumn, fileLoc, nameSheet, row): Test Cases/IntegratedWeb/IWP25/Payments/NoModifyAmountPS FAILED.
Reason:
com.kms.katalon.core.exception.StepErrorException: org.codehaus.groovy.runtime.InvokerInvocationException: java.io.FileNotFoundException: KatalonData\IWPTestData\VRelay25Payments.xlsx (The process cannot access the file because it is being used by another process)
	at com.kms.katalon.core.main.CustomKeywordDelegatingMetaClass.throwError(CustomKeywordDelegatingMetaClass.java:101)
	at com.kms.katalon.core.main.CustomKeywordDelegatingMetaClass.invokeStaticMethod(CustomKeywordDelegatingMetaClass.java:73)
	at NoModifyAmountPS.run(NoModifyAmountPS:98)
	at com.kms.katalon.core.main.ScriptEngine.run(ScriptEngine.java:194)
	at com.kms.katalon.core.main.ScriptEngine.runScriptAsRawText(ScriptEngine.java:119)
	at com.kms.katalon.core.main.TestCaseExecutor.runScript(TestCaseExecutor.java:448)
	at com.kms.katalon.core.main.TestCaseExecutor.doExecute(TestCaseExecutor.java:439)
	at com.kms.katalon.core.main.TestCaseExecutor.processExecutionPhase(TestCaseExecutor.java:418)
	at com.kms.katalon.core.main.TestCaseExecutor.accessMainPhase(TestCaseExecutor.java:410)
	at com.kms.katalon.core.main.TestCaseExecutor.execute(TestCaseExecutor.java:285)
	at com.kms.katalon.core.common.CommonExecutor.accessTestCaseMainPhase(CommonExecutor.java:65)
	at com.kms.katalon.core.main.TestSuiteExecutor.accessTestSuiteMainPhase(TestSuiteExecutor.java:150)
	at com.kms.katalon.core.main.TestSuiteExecutor.execute(TestSuiteExecutor.java:106)
	at com.kms.katalon.core.main.TestCaseMain.startTestSuite(TestCaseMain.java:180)
	at TempTestSuite1729731001385.run(TempTestSuite1729731001385.groovy:35)
	at java.base/jdk.internal.reflect.NativeMethodAccessorImpl.invoke0(Native Method)
	at java.base/jdk.internal.reflect.NativeMethodAccessorImpl.invoke(NativeMethodAccessorImpl.java:77)
	at java.base/jdk.internal.reflect.DelegatingMethodAccessorImpl.invoke(DelegatingMethodAccessorImpl.java:43)
Caused by: org.codehaus.groovy.runtime.InvokerInvocationException: java.io.FileNotFoundException: KatalonData\IWPTestData\VRelay25Payments.xlsx (The process cannot access the file because it is being used by another process)
	at com.kms.katalon.core.main.CustomKeywordDelegatingMetaClass.invokeStaticMethod(CustomKeywordDelegatingMetaClass.java:55)
	at Script1724851199284.run(Script1724851199284.groovy:98)
	... 15 more
Caused by: java.io.FileNotFoundException: KatalonData\IWPTestData\VRelay25Payments.xlsx (The process cannot access the file because it is being used by another process)
	at pages.WriteExcel.demoKey(WriteExcel.groovy:93)
	at java.base/jdk.internal.reflect.NativeMethodAccessorImpl.invoke0(Native Method)
	at java.base/jdk.internal.reflect.NativeMethodAccessorImpl.invoke(NativeMethodAccessorImpl.java:77)
	at java.base/jdk.internal.reflect.DelegatingMethodAccessorImpl.invoke(DelegatingMethodAccessorImpl.java:43)
	at com.kms.katalon.core.main.CustomKeywordDelegatingMetaClass.invokeStaticMethod(CustomKeywordDelegatingMetaClass.java:55)
	at NoModifyAmountPS.run(NoModifyAmountPS:98)
	... 15 more


24-10-2024T06:27:07 - [MESSAGE][ERROR] - java.io.FileNotFoundException: KatalonData\IWPTestData\VRelay25Payments.xlsx (The process cannot access the file because it is being used by another process)

24-10-2024T06:27:07 - [MESSAGE][ERROR] - Test Cases/IntegratedWeb/IWP25/Payments/NoModifyAmountPS FAILED.
Reason:
com.kms.katalon.core.exception.StepErrorException: org.codehaus.groovy.runtime.InvokerInvocationException: java.io.FileNotFoundException: KatalonData\IWPTestData\VRelay25Payments.xlsx (The process cannot access the file because it is being used by another process)
	at com.kms.katalon.core.main.CustomKeywordDelegatingMetaClass.throwError(CustomKeywordDelegatingMetaClass.java:101)
	at com.kms.katalon.core.main.CustomKeywordDelegatingMetaClass.invokeStaticMethod(CustomKeywordDelegatingMetaClass.java:73)
	at NoModifyAmountPS.run(NoModifyAmountPS:98)
	at com.kms.katalon.core.main.ScriptEngine.run(ScriptEngine.java:194)
	at com.kms.katalon.core.main.ScriptEngine.runScriptAsRawText(ScriptEngine.java:119)
	at com.kms.katalon.core.main.TestCaseExecutor.runScript(TestCaseExecutor.java:448)
	at com.kms.katalon.core.main.TestCaseExecutor.doExecute(TestCaseExecutor.java:439)
	at com.kms.katalon.core.main.TestCaseExecutor.processExecutionPhase(TestCaseExecutor.java:418)
	at com.kms.katalon.core.main.TestCaseExecutor.accessMainPhase(TestCaseExecutor.java:410)
	at com.kms.katalon.core.main.TestCaseExecutor.execute(TestCaseExecutor.java:285)
	at com.kms.katalon.core.common.CommonExecutor.accessTestCaseMainPhase(CommonExecutor.java:65)
	at com.kms.katalon.core.main.TestSuiteExecutor.accessTestSuiteMainPhase(TestSuiteExecutor.java:150)
	at com.kms.katalon.core.main.TestSuiteExecutor.execute(TestSuiteExecutor.java:106)
	at com.kms.katalon.core.main.TestCaseMain.startTestSuite(TestCaseMain.java:180)
	at TempTestSuite1729731001385.run(TempTestSuite1729731001385.groovy:35)
	at java.base/jdk.internal.reflect.NativeMethodAccessorImpl.invoke0(Native Method)
	at java.base/jdk.internal.reflect.NativeMethodAccessorImpl.invoke(NativeMethodAccessorImpl.java:77)
	at java.base/jdk.internal.reflect.DelegatingMethodAccessorImpl.invoke(DelegatingMethodAccessorImpl.java:43)
Caused by: org.codehaus.groovy.runtime.InvokerInvocationException: java.io.FileNotFoundException: KatalonData\IWPTestData\VRelay25Payments.xlsx (The process cannot access the file because it is being used by another process)
	at com.kms.katalon.core.main.CustomKeywordDelegatingMetaClass.invokeStaticMethod(CustomKeywordDelegatingMetaClass.java:55)
	at Script1724851199284.run(Script1724851199284.groovy:98)
	... 15 more
Caused by: java.io.FileNotFoundException: KatalonData\IWPTestData\VRelay25Payments.xlsx (The process cannot access the file because it is being used by another process)
	at pages.WriteExcel.demoKey(WriteExcel.groovy:93)
	at java.base/jdk.internal.reflect.NativeMethodAccessorImpl.invoke0(Native Method)
	at java.base/jdk.internal.reflect.NativeMethodAccessorImpl.invoke(NativeMethodAccessorImpl.java:77)
	at java.base/jdk.internal.reflect.DelegatingMethodAccessorImpl.invoke(DelegatingMethodAccessorImpl.java:43)
	at com.kms.katalon.core.main.CustomKeywordDelegatingMetaClass.invokeStaticMethod(CustomKeywordDelegatingMetaClass.java:55)
	at NoModifyAmountPS.run(NoModifyAmountPS:98)
	... 15 more]]></system-out>
         <system-err><![CDATA[24-10-2024T06:25:27 - [TEST_CASE][ERROR] - Test Cases/IntegratedWeb/IWP25/Payments/NoModifyAmountPS: Test Cases/IntegratedWeb/IWP25/Payments/NoModifyAmountPS FAILED.
Reason:
org.codehaus.groovy.runtime.InvokerInvocationException: java.io.FileNotFoundException: KatalonData\IWPTestData\VRelay25Payments.xlsx (The process cannot access the file because it is being used by another process)
	at com.kms.katalon.core.main.CustomKeywordDelegatingMetaClass.invokeStaticMethod(CustomKeywordDelegatingMetaClass.java:55)
	at NoModifyAmountPS.run(NoModifyAmountPS:98)
	at com.kms.katalon.core.main.ScriptEngine.run(ScriptEngine.java:194)
	at com.kms.katalon.core.main.ScriptEngine.runScriptAsRawText(ScriptEngine.java:119)
	at com.kms.katalon.core.main.TestCaseExecutor.runScript(TestCaseExecutor.java:448)
	at com.kms.katalon.core.main.TestCaseExecutor.doExecute(TestCaseExecutor.java:439)
	at com.kms.katalon.core.main.TestCaseExecutor.processExecutionPhase(TestCaseExecutor.java:418)
	at com.kms.katalon.core.main.TestCaseExecutor.accessMainPhase(TestCaseExecutor.java:410)
	at com.kms.katalon.core.main.TestCaseExecutor.execute(TestCaseExecutor.java:285)
	at com.kms.katalon.core.common.CommonExecutor.accessTestCaseMainPhase(CommonExecutor.java:65)
	at com.kms.katalon.core.main.TestSuiteExecutor.accessTestSuiteMainPhase(TestSuiteExecutor.java:150)
	at com.kms.katalon.core.main.TestSuiteExecutor.execute(TestSuiteExecutor.java:106)
	at com.kms.katalon.core.main.TestCaseMain.startTestSuite(TestCaseMain.java:180)
	at TempTestSuite1729731001385.run(TempTestSuite1729731001385.groovy:35)
	at java.base/jdk.internal.reflect.NativeMethodAccessorImpl.invoke0(Native Method)
	at java.base/jdk.internal.reflect.NativeMethodAccessorImpl.invoke(NativeMethodAccessorImpl.java:77)
	at java.base/jdk.internal.reflect.DelegatingMethodAccessorImpl.invoke(DelegatingMethodAccessorImpl.java:43)
Caused by: java.io.FileNotFoundException: KatalonData\IWPTestData\VRelay25Payments.xlsx (The process cannot access the file because it is being used by another process)
	at pages.WriteExcel.demoKey(WriteExcel.groovy:93)
	at java.base/jdk.internal.reflect.NativeMethodAccessorImpl.invoke0(Native Method)
	at java.base/jdk.internal.reflect.NativeMethodAccessorImpl.invoke(NativeMethodAccessorImpl.java:77)
	at java.base/jdk.internal.reflect.DelegatingMethodAccessorImpl.invoke(DelegatingMethodAccessorImpl.java:43)
	... 17 more]]></system-err>
      </testcase>
      <testcase name="Test Cases/IntegratedWeb/IWP25/Payments/OverAndUnderPayCorp" time="102.647" classname="Test Cases/IntegratedWeb/IWP25/Payments/OverAndUnderPayCorp" status="ERROR">
         <error type="ERROR" message="Test Cases/IntegratedWeb/IWP25/Payments/OverAndUnderPayCorp FAILED.&#xa;Reason:&#xa;org.codehaus.groovy.runtime.InvokerInvocationException: java.io.FileNotFoundException: KatalonData\IWPTestData\VRelay25Payments.xlsx (The process cannot access the file because it is being used by another process)&#xa;	at com.kms.katalon.core.main.CustomKeywordDelegatingMetaClass.invokeStaticMethod(CustomKeywordDelegatingMetaClass.java:55)&#xa;	at OverAndUnderPayCorp.run(OverAndUnderPayCorp:96)&#xa;	at com.kms.katalon.core.main.ScriptEngine.run(ScriptEngine.java:194)&#xa;	at com.kms.katalon.core.main.ScriptEngine.runScriptAsRawText(ScriptEngine.java:119)&#xa;	at com.kms.katalon.core.main.TestCaseExecutor.runScript(TestCaseExecutor.java:448)&#xa;	at com.kms.katalon.core.main.TestCaseExecutor.doExecute(TestCaseExecutor.java:439)&#xa;	at com.kms.katalon.core.main.TestCaseExecutor.processExecutionPhase(TestCaseExecutor.java:418)&#xa;	at com.kms.katalon.core.main.TestCaseExecutor.accessMainPhase(TestCaseExecutor.java:410)&#xa;	at com.kms.katalon.core.main.TestCaseExecutor.execute(TestCaseExecutor.java:285)&#xa;	at com.kms.katalon.core.common.CommonExecutor.accessTestCaseMainPhase(CommonExecutor.java:65)&#xa;	at com.kms.katalon.core.main.TestSuiteExecutor.accessTestSuiteMainPhase(TestSuiteExecutor.java:150)&#xa;	at com.kms.katalon.core.main.TestSuiteExecutor.execute(TestSuiteExecutor.java:106)&#xa;	at com.kms.katalon.core.main.TestCaseMain.startTestSuite(TestCaseMain.java:180)&#xa;	at TempTestSuite1729731001385.run(TempTestSuite1729731001385.groovy:35)&#xa;	at java.base/jdk.internal.reflect.NativeMethodAccessorImpl.invoke0(Native Method)&#xa;	at java.base/jdk.internal.reflect.NativeMethodAccessorImpl.invoke(NativeMethodAccessorImpl.java:77)&#xa;	at java.base/jdk.internal.reflect.DelegatingMethodAccessorImpl.invoke(DelegatingMethodAccessorImpl.java:43)&#xa;Caused by: java.io.FileNotFoundException: KatalonData\IWPTestData\VRelay25Payments.xlsx (The process cannot access the file because it is being used by another process)&#xa;	at pages.WriteExcel.demoKey(WriteExcel.groovy:93)&#xa;	at java.base/jdk.internal.reflect.NativeMethodAccessorImpl.invoke0(Native Method)&#xa;	at java.base/jdk.internal.reflect.NativeMethodAccessorImpl.invoke(NativeMethodAccessorImpl.java:77)&#xa;	at java.base/jdk.internal.reflect.DelegatingMethodAccessorImpl.invoke(DelegatingMethodAccessorImpl.java:43)&#xa;	... 17 more&#xa;"/>
         <system-out><![CDATA[24-10-2024T06:27:07 - [TEST_CASE][ERROR] - Test Cases/IntegratedWeb/IWP25/Payments/OverAndUnderPayCorp: Test Cases/IntegratedWeb/IWP25/Payments/OverAndUnderPayCorp FAILED.
Reason:
org.codehaus.groovy.runtime.InvokerInvocationException: java.io.FileNotFoundException: KatalonData\IWPTestData\VRelay25Payments.xlsx (The process cannot access the file because it is being used by another process)
	at com.kms.katalon.core.main.CustomKeywordDelegatingMetaClass.invokeStaticMethod(CustomKeywordDelegatingMetaClass.java:55)
	at OverAndUnderPayCorp.run(OverAndUnderPayCorp:96)
	at com.kms.katalon.core.main.ScriptEngine.run(ScriptEngine.java:194)
	at com.kms.katalon.core.main.ScriptEngine.runScriptAsRawText(ScriptEngine.java:119)
	at com.kms.katalon.core.main.TestCaseExecutor.runScript(TestCaseExecutor.java:448)
	at com.kms.katalon.core.main.TestCaseExecutor.doExecute(TestCaseExecutor.java:439)
	at com.kms.katalon.core.main.TestCaseExecutor.processExecutionPhase(TestCaseExecutor.java:418)
	at com.kms.katalon.core.main.TestCaseExecutor.accessMainPhase(TestCaseExecutor.java:410)
	at com.kms.katalon.core.main.TestCaseExecutor.execute(TestCaseExecutor.java:285)
	at com.kms.katalon.core.common.CommonExecutor.accessTestCaseMainPhase(CommonExecutor.java:65)
	at com.kms.katalon.core.main.TestSuiteExecutor.accessTestSuiteMainPhase(TestSuiteExecutor.java:150)
	at com.kms.katalon.core.main.TestSuiteExecutor.execute(TestSuiteExecutor.java:106)
	at com.kms.katalon.core.main.TestCaseMain.startTestSuite(TestCaseMain.java:180)
	at TempTestSuite1729731001385.run(TempTestSuite1729731001385.groovy:35)
	at java.base/jdk.internal.reflect.NativeMethodAccessorImpl.invoke0(Native Method)
	at java.base/jdk.internal.reflect.NativeMethodAccessorImpl.invoke(NativeMethodAccessorImpl.java:77)
	at java.base/jdk.internal.reflect.DelegatingMethodAccessorImpl.invoke(DelegatingMethodAccessorImpl.java:43)
Caused by: java.io.FileNotFoundException: KatalonData\IWPTestData\VRelay25Payments.xlsx (The process cannot access the file because it is being used by another process)
	at pages.WriteExcel.demoKey(WriteExcel.groovy:93)
	at java.base/jdk.internal.reflect.NativeMethodAccessorImpl.invoke0(Native Method)
	at java.base/jdk.internal.reflect.NativeMethodAccessorImpl.invoke(NativeMethodAccessorImpl.java:77)
	at java.base/jdk.internal.reflect.DelegatingMethodAccessorImpl.invoke(DelegatingMethodAccessorImpl.java:43)
	... 17 more


24-10-2024T06:27:08 - [TEST_STEP][PASSED] - resText = "Fail": null

24-10-2024T06:27:08 - [TEST_STEP][PASSED] - resColumn = "Result": null

24-10-2024T06:27:08 - [TEST_STEP][PASSED] - datCloumn = "Date": null

24-10-2024T06:27:08 - [TEST_STEP][PASSED] - fileLoc = "KatalonData/IWPTestData/VRelay25Payments.xlsx": null

24-10-2024T06:27:08 - [TEST_STEP][PASSED] - numOfRows = <not implemented yet for class: org.codehaus.groovy.ast.expr.EmptyExpression>: null

24-10-2024T06:27:08 - [TEST_STEP][PASSED] - dataFile = <not implemented yet for class: org.codehaus.groovy.ast.expr.EmptyExpression>: null

24-10-2024T06:27:08 - [TEST_STEP][PASSED] - nameSheet = <not implemented yet for class: org.codehaus.groovy.ast.expr.EmptyExpression>: null

24-10-2024T06:27:08 - [TEST_STEP][PASSED] - dataFileEmulator = <not implemented yet for class: org.codehaus.groovy.ast.expr.EmptyExpression>: null

24-10-2024T06:27:08 - [TEST_STEP][PASSED] - isRequiredTextPresent = false: null

24-10-2024T06:27:08 - [TEST_STEP][PASSED] - nameSheet = "OverAndUnderPayCorp": null

24-10-2024T06:27:08 - [TEST_STEP][PASSED] - dataFile = "IWPTestData/IWP25OverAndUnderPayCorp": null

24-10-2024T06:27:08 - [TEST_STEP][PASSED] - dataFileEmulator = "IWPTestData/EmulatorData": null

24-10-2024T06:27:08 - [TEST_STEP][PASSED] - numOfRows = findTestData(dataFile).getRowNumbers(): null

24-10-2024T06:27:08 - [TEST_STEP][PASSED] - println("Number of Records: " + numOfRows): null

24-10-2024T06:27:08 - [TEST_STEP][PASSED] - for ([row = 1, row <= numOfRows, (row++)]): null

24-10-2024T06:27:08 - [TEST_STEP][PASSED] - ExecuteTC = findTestData(dataFile).getValue("Execute", row): null

24-10-2024T06:27:08 - [TEST_STEP][PASSED] - out.println("Value of Execute is : " + ExecuteTC): null

24-10-2024T06:27:08 - [TEST_STEP][PASSED] - if (ExecuteTC.equalsIgnoreCase("Y")): null

24-10-2024T06:27:08 - [TEST_STEP][PASSED] - out.println("Begin Record Number: " + row): null

24-10-2024T06:27:08 - [TEST_STEP][PASSED] - today = new java.util.Date(): null

24-10-2024T06:27:08 - [TEST_STEP][PASSED] - println(today): null

24-10-2024T06:27:08 - [TEST_STEP][PASSED] - datText = today: null

24-10-2024T06:27:08 - [TEST_STEP][PASSED] - EmulatorDataKey = findTestData(dataFile).getValue("EmulatorData", row): null

24-10-2024T06:27:08 - [TEST_STEP][PASSED] - out.println("Value of Emulator Key is : " + EmulatorDataKey): null

24-10-2024T06:27:08 - [TEST_STEP][PASSED] - iwpPages.emulatorIWP30.setDataEmulator_DD(EmulatorDataKey): iwpPages.emulatorIWP30.setDataEmulator_DD is PASSED

24-10-2024T06:27:08 - [MESSAGE][WARNING] - A browser is already opened. Closing browser and opening a new one

24-10-2024T06:27:09 - [MESSAGE][INFO] - Starting 'Edge Chromium' driver

24-10-2024T06:27:09 - [MESSAGE][INFO] - User set preference: ['acceptInsecureCerts', 'true']

24-10-2024T06:27:11 - [MESSAGE][INFO] - Action delay is set to 0 milliseconds

24-10-2024T06:27:15 - [MESSAGE][PASSED] - Browser is opened with url: 'https://qa2.velocitypayment.com/agencyx/config.action?action=editor&message_version=2_5'

24-10-2024T06:27:15 - [MESSAGE][PASSED] - Current window maximized

24-10-2024T06:27:46 - [MESSAGE][INFO] - Unable to find the element located by 'By.xpath: //select[@name='message_version']'. Please recheck the objects properties to make sure the desired element is located. 

24-10-2024T06:27:46 - [MESSAGE][WARNING] - [SELF-HEALING] Failed to find element with id 'Object Repository/IWP30/Page_VRelay30Emulator/MV'. Try using Self-healing.

24-10-2024T06:27:46 - [MESSAGE][WARNING] - [SELF-HEALING] The current locator of test object 'Object Repository/IWP30/Page_VRelay30Emulator/MV' was broken. Propose an alternative one: '(.//*[normalize-space(text()) and normalize-space(.)='Message Version'])[1]/following::select[1]'.

24-10-2024T06:27:47 - [MESSAGE][PASSED] - All options with value '2.5' are selected in object 'Object Repository/IWP30/Page_VRelay30Emulator/MV'  using regular expression

24-10-2024T06:27:47 - [MESSAGE][PASSED] - Text '10.50' is set on object 'Object Repository/IWP30/Page_EmulatorAgencyX/Amount'

24-10-2024T06:27:48 - [MESSAGE][PASSED] - Text 'RmsrcAaOQBFq' is set on object 'Object Repository/IWP30/Page_EmulatorAgencyX/CAN'

24-10-2024T06:27:49 - [MESSAGE][PASSED] - Text 'PayNow' is set on object 'Object Repository/IWP30/Page_EmulatorAgencyX/Action'

24-10-2024T06:27:49 - [MESSAGE][PASSED] - Text 'en_US' is set on object 'Object Repository/IWP30/Page_EmulatorAgencyX/Lang'

24-10-2024T06:27:50 - [MESSAGE][PASSED] - Text 'Jasmine' is set on object 'Object Repository/IWP30/Page_EmulatorAgencyX/Fname'

24-10-2024T06:27:50 - [MESSAGE][PASSED] - Text 'Patrinol' is set on object 'Object Repository/IWP30/Page_EmulatorAgencyX/Lname'

24-10-2024T06:27:51 - [MESSAGE][PASSED] - Text '258 Underwood rd' is set on object 'Object Repository/IWP30/Page_EmulatorAgencyX/AL1'

24-10-2024T06:27:52 - [MESSAGE][PASSED] - Text 'Suite 600' is set on object 'Object Repository/IWP30/Page_EmulatorAgencyX/AL2'

24-10-2024T06:27:52 - [MESSAGE][PASSED] - Text '840' is set on object 'Object Repository/IWP30/Page_EmulatorAgencyX/Country'

24-10-2024T06:27:53 - [MESSAGE][PASSED] - Text 'Arlington' is set on object 'Object Repository/IWP30/Page_EmulatorAgencyX/City'

24-10-2024T06:27:53 - [MESSAGE][PASSED] - Text 'VA' is set on object 'Object Repository/IWP30/Page_EmulatorAgencyX/State'

24-10-2024T06:27:54 - [MESSAGE][PASSED] - Text '22201' is set on object 'Object Repository/IWP30/Page_EmulatorAgencyX/ZIP'

24-10-2024T06:27:54 - [MESSAGE][PASSED] - Text '' is set on object 'Object Repository/IWP30/Page_EmulatorAgencyX/Order'

24-10-2024T06:27:55 - [MESSAGE][PASSED] - Text 'Some Company' is set on object 'Object Repository/IWP30/Page_EmulatorAgencyX/Company'

24-10-2024T06:27:56 - [MESSAGE][PASSED] - Text 'iahmed@govolution.com' is set on object 'Object Repository/IWP30/Page_EmulatorAgencyX/Email'

24-10-2024T06:27:56 - [MESSAGE][PASSED] - Text 'udf data 1' is set on object 'Object Repository/IWP30/Page_EmulatorAgencyX/UDF1'

24-10-2024T06:27:57 - [MESSAGE][PASSED] - Text 'udf data 2' is set on object 'Object Repository/IWP30/Page_EmulatorAgencyX/UDF2'

24-10-2024T06:27:57 - [MESSAGE][PASSED] - Text 'udf data 3' is set on object 'Object Repository/IWP30/Page_EmulatorAgencyX/UDF3'

24-10-2024T06:27:58 - [MESSAGE][PASSED] - Text 'udf data 4' is set on object 'Object Repository/IWP30/Page_EmulatorAgencyX/UDF4'

24-10-2024T06:27:59 - [MESSAGE][PASSED] - Text 'udf data 5' is set on object 'Object Repository/IWP30/Page_EmulatorAgencyX/UDF5'

24-10-2024T06:27:59 - [MESSAGE][PASSED] - Text 'udf data 6' is set on object 'Object Repository/IWP30/Page_EmulatorAgencyX/UDF6'

24-10-2024T06:28:00 - [MESSAGE][PASSED] - Text 'Orange' is set on object 'Object Repository/IWP30/Page_EmulatorAgencyX/UDF7'

24-10-2024T06:28:00 - [MESSAGE][PASSED] - Text 'Soccer' is set on object 'Object Repository/IWP30/Page_EmulatorAgencyX/UDF8'

24-10-2024T06:28:01 - [MESSAGE][PASSED] - Text 'udf data 9' is set on object 'Object Repository/IWP30/Page_EmulatorAgencyX/UDF9'

24-10-2024T06:28:02 - [MESSAGE][PASSED] - Text 'udf data 10' is set on object 'Object Repository/IWP30/Page_EmulatorAgencyX/UDF10'

24-10-2024T06:28:03 - [MESSAGE][PASSED] - Object: 'Object Repository/IWP30/Page_EmulatorAgencyX/Submit' is clicked on

24-10-2024T06:28:08 - [MESSAGE][PASSED] - Browser is closed

24-10-2024T06:28:12 - [MESSAGE][PASSED] - iwpPages.emulatorIWP30.setDataEmulator_DD is PASSED

24-10-2024T06:28:12 - [TEST_STEP][PASSED] - testHarnessURL = urlTestHarness: null

24-10-2024T06:28:12 - [TEST_STEP][PASSED] - openBrowser(testHarnessURL): Browser is opened with url: 'https://dev-algorithm.govolution.com/vrelaytest/QA2/version_2_2/vrelaytest.html'

24-10-2024T06:28:12 - [MESSAGE][INFO] - Starting 'Edge Chromium' driver

24-10-2024T06:28:12 - [MESSAGE][INFO] - User set preference: ['acceptInsecureCerts', 'true']

24-10-2024T06:28:14 - [MESSAGE][INFO] - Action delay is set to 0 milliseconds

24-10-2024T06:28:17 - [MESSAGE][PASSED] - Browser is opened with url: 'https://dev-algorithm.govolution.com/vrelaytest/QA2/version_2_2/vrelaytest.html'

24-10-2024T06:28:17 - [TEST_STEP][PASSED] - maximizeWindow(): Current window maximized

24-10-2024T06:28:18 - [MESSAGE][PASSED] - Current window maximized

24-10-2024T06:28:18 - [TEST_STEP][PASSED] - iwpPages.TestHarnessPage.setDataMethod(row, dataFile): iwpPages.TestHarnessPage.setDataMethod is PASSED

24-10-2024T06:28:18 - [MESSAGE][PASSED] - Object 'Object Repository/IWP30/Page_QATestHarness/RemittanceID' is present

24-10-2024T06:28:19 - [MESSAGE][PASSED] - Text '638' is set on object 'Object Repository/IWP30/Page_QATestHarness/ApplicationID'

24-10-2024T06:28:19 - [MESSAGE][PASSED] - Text '2.5' is set on object 'Object Repository/IWP30/Page_QATestHarness/MessageVersion'

24-10-2024T06:28:20 - [MESSAGE][PASSED] - Text 'QKw5yc8h6Cxh' is set on object 'Object Repository/IWP30/Page_QATestHarness/RemittanceID'

24-10-2024T06:28:25 - [MESSAGE][PASSED] - Object: 'Object Repository/IWP30/Page_QATestHarness/SubmitButton' is clicked on

24-10-2024T06:28:25 - [MESSAGE][PASSED] - iwpPages.TestHarnessPage.setDataMethod is PASSED

24-10-2024T06:28:25 - [TEST_STEP][PASSED] - click(findTestObject("Object Repository/IWP30/Page_SelectPaymentMethod/PayByCorporateCheck")): Object: 'Object Repository/IWP30/Page_SelectPaymentMethod/PayByCorporateCheck' is clicked on

24-10-2024T06:28:25 - [MESSAGE][PASSED] - Object: 'Object Repository/IWP30/Page_SelectPaymentMethod/PayByCorporateCheck' is clicked on

24-10-2024T06:28:25 - [TEST_STEP][PASSED] - click(findTestObject("Object Repository/IWP30/Page_SelectPaymentMethod/MakePaymentButton")): Object: 'Object Repository/IWP30/Page_SelectPaymentMethod/MakePaymentButton' is clicked on

24-10-2024T06:28:28 - [MESSAGE][PASSED] - Object: 'Object Repository/IWP30/Page_SelectPaymentMethod/MakePaymentButton' is clicked on

24-10-2024T06:28:28 - [TEST_STEP][PASSED] - iwpPages.achCorporatePaymentEntryPage.setDataCorporate(row, dataFile): iwpPages.achCorporatePaymentEntryPage.setDataCorporate is PASSED

24-10-2024T06:28:29 - [MESSAGE][PASSED] - Object 'Object Repository/IWP30/Page_ACHCorporatePaymentEntry/txt_accountNumber' is present

24-10-2024T06:28:29 - [MESSAGE][PASSED] - Object 'Object Repository/IWP30/Page_ACHCorporatePaymentEntry/input_CompanyName' is present

24-10-2024T06:28:30 - [MESSAGE][PASSED] - Text 'My Company' is set on object 'Object Repository/IWP30/Page_ACHCorporatePaymentEntry/input_CompanyName'

24-10-2024T06:28:30 - [MESSAGE][PASSED] - Object 'Object Repository/IWP30/Page_ACHCorporatePaymentEntry/input_EIN' is present

24-10-2024T06:28:31 - [MESSAGE][PASSED] - Text '123456789' is set on object 'Object Repository/IWP30/Page_ACHCorporatePaymentEntry/input_EIN'

24-10-2024T06:28:31 - [MESSAGE][PASSED] - Text '11.50' is set on object 'Object Repository/IWP30/Page_ACHCorporatePaymentEntry/txt_Amount'

24-10-2024T06:28:32 - [MESSAGE][PASSED] - All options with label 'Soccer' are selected in object 'Object Repository/IWP30/Page_ACHCorporatePaymentEntry/dd_UDF8' 

24-10-2024T06:28:32 - [MESSAGE][PASSED] - Object 'Object Repository/IWP30/Page_ACHCorporatePaymentEntry/txt_routingNumber' is present

24-10-2024T06:28:33 - [MESSAGE][PASSED] - Text '256072691' is set on object 'Object Repository/IWP30/Page_ACHCorporatePaymentEntry/txt_routingNumber'

24-10-2024T06:28:33 - [MESSAGE][PASSED] - Object 'Object Repository/IWP30/Page_ACHCorporatePaymentEntry/txt_accountNumber' is present

24-10-2024T06:28:34 - [MESSAGE][PASSED] - Text '12344444' is set on object 'Object Repository/IWP30/Page_ACHCorporatePaymentEntry/txt_accountNumber'

24-10-2024T06:28:35 - [MESSAGE][PASSED] - Object 'Object Repository/IWP30/Page_ACHCorporatePaymentEntry/txt_confirmAccountNumber' is present

24-10-2024T06:28:35 - [MESSAGE][PASSED] - Text '12344444' is set on object 'Object Repository/IWP30/Page_ACHCorporatePaymentEntry/txt_confirmAccountNumber'

24-10-2024T06:28:36 - [MESSAGE][PASSED] - Object 'Object Repository/IWP30/Page_ACHCorporatePaymentEntry/txt_Email' is present

24-10-2024T06:28:36 - [MESSAGE][PASSED] - Object 'Object Repository/IWP30/Page_ACHCorporatePaymentEntry/cb_TermsAndCond' is present

24-10-2024T06:28:36 - [MESSAGE][PASSED] - Object: 'Object Repository/IWP30/Page_ACHCorporatePaymentEntry/cb_TermsAndCond' is clicked on

24-10-2024T06:28:36 - [MESSAGE][PASSED] - Object 'Object Repository/IWP30/Page_ACHCorporatePaymentEntry/btn_Continue' is present

24-10-2024T06:28:38 - [MESSAGE][PASSED] - Object: 'Object Repository/IWP30/Page_ACHCorporatePaymentEntry/btn_Continue' is clicked on

24-10-2024T06:28:38 - [MESSAGE][PASSED] - iwpPages.achCorporatePaymentEntryPage.setDataCorporate is PASSED

24-10-2024T06:28:38 - [TEST_STEP][PASSED] - click(findTestObject("Object Repository/IWP30/Page_Confirmation/ConfirmButton")): Object: 'Object Repository/IWP30/Page_Confirmation/ConfirmButton' is clicked on

24-10-2024T06:28:40 - [MESSAGE][PASSED] - Object: 'Object Repository/IWP30/Page_Confirmation/ConfirmButton' is clicked on

24-10-2024T06:28:40 - [TEST_STEP][PASSED] - Thread.sleep(10000): null

24-10-2024T06:28:50 - [TEST_STEP][PASSED] - if (verifyTextPresent("Successful Payment Receipt", false)): null

24-10-2024T06:28:50 - [MESSAGE][PASSED] - Text 'Successful Payment Receipt' is present on page 

24-10-2024T06:28:50 - [TEST_STEP][PASSED] - println("Successful Payment Receipt text is present on the Receipt page"): null

24-10-2024T06:28:50 - [TEST_STEP][PASSED] - markPassed("Successful Payment Receipt text is present on the Receipt page"): Successful Payment Receipt text is present on the Receipt page

24-10-2024T06:28:50 - [MESSAGE][PASSED] - Successful Payment Receipt text is present on the Receipt page

24-10-2024T06:28:50 - [TEST_STEP][PASSED] - resText = "Pass": null

24-10-2024T06:28:50 - [TEST_STEP][ERROR] - pages.WriteExcel.demoKey(resText, datText, resColumn, datCloumn, fileLoc, nameSheet, row): Test Cases/IntegratedWeb/IWP25/Payments/OverAndUnderPayCorp FAILED.
Reason:
com.kms.katalon.core.exception.StepErrorException: org.codehaus.groovy.runtime.InvokerInvocationException: java.io.FileNotFoundException: KatalonData\IWPTestData\VRelay25Payments.xlsx (The process cannot access the file because it is being used by another process)
	at com.kms.katalon.core.main.CustomKeywordDelegatingMetaClass.throwError(CustomKeywordDelegatingMetaClass.java:101)
	at com.kms.katalon.core.main.CustomKeywordDelegatingMetaClass.invokeStaticMethod(CustomKeywordDelegatingMetaClass.java:73)
	at OverAndUnderPayCorp.run(OverAndUnderPayCorp:96)
	at com.kms.katalon.core.main.ScriptEngine.run(ScriptEngine.java:194)
	at com.kms.katalon.core.main.ScriptEngine.runScriptAsRawText(ScriptEngine.java:119)
	at com.kms.katalon.core.main.TestCaseExecutor.runScript(TestCaseExecutor.java:448)
	at com.kms.katalon.core.main.TestCaseExecutor.doExecute(TestCaseExecutor.java:439)
	at com.kms.katalon.core.main.TestCaseExecutor.processExecutionPhase(TestCaseExecutor.java:418)
	at com.kms.katalon.core.main.TestCaseExecutor.accessMainPhase(TestCaseExecutor.java:410)
	at com.kms.katalon.core.main.TestCaseExecutor.execute(TestCaseExecutor.java:285)
	at com.kms.katalon.core.common.CommonExecutor.accessTestCaseMainPhase(CommonExecutor.java:65)
	at com.kms.katalon.core.main.TestSuiteExecutor.accessTestSuiteMainPhase(TestSuiteExecutor.java:150)
	at com.kms.katalon.core.main.TestSuiteExecutor.execute(TestSuiteExecutor.java:106)
	at com.kms.katalon.core.main.TestCaseMain.startTestSuite(TestCaseMain.java:180)
	at TempTestSuite1729731001385.run(TempTestSuite1729731001385.groovy:35)
	at java.base/jdk.internal.reflect.NativeMethodAccessorImpl.invoke0(Native Method)
	at java.base/jdk.internal.reflect.NativeMethodAccessorImpl.invoke(NativeMethodAccessorImpl.java:77)
	at java.base/jdk.internal.reflect.DelegatingMethodAccessorImpl.invoke(DelegatingMethodAccessorImpl.java:43)
Caused by: org.codehaus.groovy.runtime.InvokerInvocationException: java.io.FileNotFoundException: KatalonData\IWPTestData\VRelay25Payments.xlsx (The process cannot access the file because it is being used by another process)
	at com.kms.katalon.core.main.CustomKeywordDelegatingMetaClass.invokeStaticMethod(CustomKeywordDelegatingMetaClass.java:55)
	at Script1724093324303.run(Script1724093324303.groovy:96)
	... 15 more
Caused by: java.io.FileNotFoundException: KatalonData\IWPTestData\VRelay25Payments.xlsx (The process cannot access the file because it is being used by another process)
	at pages.WriteExcel.demoKey(WriteExcel.groovy:93)
	at java.base/jdk.internal.reflect.NativeMethodAccessorImpl.invoke0(Native Method)
	at java.base/jdk.internal.reflect.NativeMethodAccessorImpl.invoke(NativeMethodAccessorImpl.java:77)
	at java.base/jdk.internal.reflect.DelegatingMethodAccessorImpl.invoke(DelegatingMethodAccessorImpl.java:43)
	at com.kms.katalon.core.main.CustomKeywordDelegatingMetaClass.invokeStaticMethod(CustomKeywordDelegatingMetaClass.java:55)
	at OverAndUnderPayCorp.run(OverAndUnderPayCorp:96)
	... 15 more


24-10-2024T06:28:50 - [MESSAGE][ERROR] - java.io.FileNotFoundException: KatalonData\IWPTestData\VRelay25Payments.xlsx (The process cannot access the file because it is being used by another process)

24-10-2024T06:28:50 - [MESSAGE][ERROR] - Test Cases/IntegratedWeb/IWP25/Payments/OverAndUnderPayCorp FAILED.
Reason:
com.kms.katalon.core.exception.StepErrorException: org.codehaus.groovy.runtime.InvokerInvocationException: java.io.FileNotFoundException: KatalonData\IWPTestData\VRelay25Payments.xlsx (The process cannot access the file because it is being used by another process)
	at com.kms.katalon.core.main.CustomKeywordDelegatingMetaClass.throwError(CustomKeywordDelegatingMetaClass.java:101)
	at com.kms.katalon.core.main.CustomKeywordDelegatingMetaClass.invokeStaticMethod(CustomKeywordDelegatingMetaClass.java:73)
	at OverAndUnderPayCorp.run(OverAndUnderPayCorp:96)
	at com.kms.katalon.core.main.ScriptEngine.run(ScriptEngine.java:194)
	at com.kms.katalon.core.main.ScriptEngine.runScriptAsRawText(ScriptEngine.java:119)
	at com.kms.katalon.core.main.TestCaseExecutor.runScript(TestCaseExecutor.java:448)
	at com.kms.katalon.core.main.TestCaseExecutor.doExecute(TestCaseExecutor.java:439)
	at com.kms.katalon.core.main.TestCaseExecutor.processExecutionPhase(TestCaseExecutor.java:418)
	at com.kms.katalon.core.main.TestCaseExecutor.accessMainPhase(TestCaseExecutor.java:410)
	at com.kms.katalon.core.main.TestCaseExecutor.execute(TestCaseExecutor.java:285)
	at com.kms.katalon.core.common.CommonExecutor.accessTestCaseMainPhase(CommonExecutor.java:65)
	at com.kms.katalon.core.main.TestSuiteExecutor.accessTestSuiteMainPhase(TestSuiteExecutor.java:150)
	at com.kms.katalon.core.main.TestSuiteExecutor.execute(TestSuiteExecutor.java:106)
	at com.kms.katalon.core.main.TestCaseMain.startTestSuite(TestCaseMain.java:180)
	at TempTestSuite1729731001385.run(TempTestSuite1729731001385.groovy:35)
	at java.base/jdk.internal.reflect.NativeMethodAccessorImpl.invoke0(Native Method)
	at java.base/jdk.internal.reflect.NativeMethodAccessorImpl.invoke(NativeMethodAccessorImpl.java:77)
	at java.base/jdk.internal.reflect.DelegatingMethodAccessorImpl.invoke(DelegatingMethodAccessorImpl.java:43)
Caused by: org.codehaus.groovy.runtime.InvokerInvocationException: java.io.FileNotFoundException: KatalonData\IWPTestData\VRelay25Payments.xlsx (The process cannot access the file because it is being used by another process)
	at com.kms.katalon.core.main.CustomKeywordDelegatingMetaClass.invokeStaticMethod(CustomKeywordDelegatingMetaClass.java:55)
	at Script1724093324303.run(Script1724093324303.groovy:96)
	... 15 more
Caused by: java.io.FileNotFoundException: KatalonData\IWPTestData\VRelay25Payments.xlsx (The process cannot access the file because it is being used by another process)
	at pages.WriteExcel.demoKey(WriteExcel.groovy:93)
	at java.base/jdk.internal.reflect.NativeMethodAccessorImpl.invoke0(Native Method)
	at java.base/jdk.internal.reflect.NativeMethodAccessorImpl.invoke(NativeMethodAccessorImpl.java:77)
	at java.base/jdk.internal.reflect.DelegatingMethodAccessorImpl.invoke(DelegatingMethodAccessorImpl.java:43)
	at com.kms.katalon.core.main.CustomKeywordDelegatingMetaClass.invokeStaticMethod(CustomKeywordDelegatingMetaClass.java:55)
	at OverAndUnderPayCorp.run(OverAndUnderPayCorp:96)
	... 15 more]]></system-out>
         <system-err><![CDATA[24-10-2024T06:27:07 - [TEST_CASE][ERROR] - Test Cases/IntegratedWeb/IWP25/Payments/OverAndUnderPayCorp: Test Cases/IntegratedWeb/IWP25/Payments/OverAndUnderPayCorp FAILED.
Reason:
org.codehaus.groovy.runtime.InvokerInvocationException: java.io.FileNotFoundException: KatalonData\IWPTestData\VRelay25Payments.xlsx (The process cannot access the file because it is being used by another process)
	at com.kms.katalon.core.main.CustomKeywordDelegatingMetaClass.invokeStaticMethod(CustomKeywordDelegatingMetaClass.java:55)
	at OverAndUnderPayCorp.run(OverAndUnderPayCorp:96)
	at com.kms.katalon.core.main.ScriptEngine.run(ScriptEngine.java:194)
	at com.kms.katalon.core.main.ScriptEngine.runScriptAsRawText(ScriptEngine.java:119)
	at com.kms.katalon.core.main.TestCaseExecutor.runScript(TestCaseExecutor.java:448)
	at com.kms.katalon.core.main.TestCaseExecutor.doExecute(TestCaseExecutor.java:439)
	at com.kms.katalon.core.main.TestCaseExecutor.processExecutionPhase(TestCaseExecutor.java:418)
	at com.kms.katalon.core.main.TestCaseExecutor.accessMainPhase(TestCaseExecutor.java:410)
	at com.kms.katalon.core.main.TestCaseExecutor.execute(TestCaseExecutor.java:285)
	at com.kms.katalon.core.common.CommonExecutor.accessTestCaseMainPhase(CommonExecutor.java:65)
	at com.kms.katalon.core.main.TestSuiteExecutor.accessTestSuiteMainPhase(TestSuiteExecutor.java:150)
	at com.kms.katalon.core.main.TestSuiteExecutor.execute(TestSuiteExecutor.java:106)
	at com.kms.katalon.core.main.TestCaseMain.startTestSuite(TestCaseMain.java:180)
	at TempTestSuite1729731001385.run(TempTestSuite1729731001385.groovy:35)
	at java.base/jdk.internal.reflect.NativeMethodAccessorImpl.invoke0(Native Method)
	at java.base/jdk.internal.reflect.NativeMethodAccessorImpl.invoke(NativeMethodAccessorImpl.java:77)
	at java.base/jdk.internal.reflect.DelegatingMethodAccessorImpl.invoke(DelegatingMethodAccessorImpl.java:43)
Caused by: java.io.FileNotFoundException: KatalonData\IWPTestData\VRelay25Payments.xlsx (The process cannot access the file because it is being used by another process)
	at pages.WriteExcel.demoKey(WriteExcel.groovy:93)
	at java.base/jdk.internal.reflect.NativeMethodAccessorImpl.invoke0(Native Method)
	at java.base/jdk.internal.reflect.NativeMethodAccessorImpl.invoke(NativeMethodAccessorImpl.java:77)
	at java.base/jdk.internal.reflect.DelegatingMethodAccessorImpl.invoke(DelegatingMethodAccessorImpl.java:43)
	... 17 more]]></system-err>
      </testcase>
      <testcase name="Test Cases/IntegratedWeb/IWP25/Payments/OverAndUnderPayCredit" time="100.64" classname="Test Cases/IntegratedWeb/IWP25/Payments/OverAndUnderPayCredit" status="ERROR">
         <error type="ERROR" message="Test Cases/IntegratedWeb/IWP25/Payments/OverAndUnderPayCredit FAILED.&#xa;Reason:&#xa;org.codehaus.groovy.runtime.InvokerInvocationException: java.io.FileNotFoundException: KatalonData\IWPTestData\VRelay25Payments.xlsx (The process cannot access the file because it is being used by another process)&#xa;	at com.kms.katalon.core.main.CustomKeywordDelegatingMetaClass.invokeStaticMethod(CustomKeywordDelegatingMetaClass.java:55)&#xa;	at OverAndUnderPayCredit.run(OverAndUnderPayCredit:94)&#xa;	at com.kms.katalon.core.main.ScriptEngine.run(ScriptEngine.java:194)&#xa;	at com.kms.katalon.core.main.ScriptEngine.runScriptAsRawText(ScriptEngine.java:119)&#xa;	at com.kms.katalon.core.main.TestCaseExecutor.runScript(TestCaseExecutor.java:448)&#xa;	at com.kms.katalon.core.main.TestCaseExecutor.doExecute(TestCaseExecutor.java:439)&#xa;	at com.kms.katalon.core.main.TestCaseExecutor.processExecutionPhase(TestCaseExecutor.java:418)&#xa;	at com.kms.katalon.core.main.TestCaseExecutor.accessMainPhase(TestCaseExecutor.java:410)&#xa;	at com.kms.katalon.core.main.TestCaseExecutor.execute(TestCaseExecutor.java:285)&#xa;	at com.kms.katalon.core.common.CommonExecutor.accessTestCaseMainPhase(CommonExecutor.java:65)&#xa;	at com.kms.katalon.core.main.TestSuiteExecutor.accessTestSuiteMainPhase(TestSuiteExecutor.java:150)&#xa;	at com.kms.katalon.core.main.TestSuiteExecutor.execute(TestSuiteExecutor.java:106)&#xa;	at com.kms.katalon.core.main.TestCaseMain.startTestSuite(TestCaseMain.java:180)&#xa;	at TempTestSuite1729731001385.run(TempTestSuite1729731001385.groovy:35)&#xa;	at java.base/jdk.internal.reflect.NativeMethodAccessorImpl.invoke0(Native Method)&#xa;	at java.base/jdk.internal.reflect.NativeMethodAccessorImpl.invoke(NativeMethodAccessorImpl.java:77)&#xa;	at java.base/jdk.internal.reflect.DelegatingMethodAccessorImpl.invoke(DelegatingMethodAccessorImpl.java:43)&#xa;Caused by: java.io.FileNotFoundException: KatalonData\IWPTestData\VRelay25Payments.xlsx (The process cannot access the file because it is being used by another process)&#xa;	at pages.WriteExcel.demoKey(WriteExcel.groovy:93)&#xa;	at java.base/jdk.internal.reflect.NativeMethodAccessorImpl.invoke0(Native Method)&#xa;	at java.base/jdk.internal.reflect.NativeMethodAccessorImpl.invoke(NativeMethodAccessorImpl.java:77)&#xa;	at java.base/jdk.internal.reflect.DelegatingMethodAccessorImpl.invoke(DelegatingMethodAccessorImpl.java:43)&#xa;	... 17 more&#xa;"/>
         <system-out><![CDATA[24-10-2024T06:28:50 - [TEST_CASE][ERROR] - Test Cases/IntegratedWeb/IWP25/Payments/OverAndUnderPayCredit: Test Cases/IntegratedWeb/IWP25/Payments/OverAndUnderPayCredit FAILED.
Reason:
org.codehaus.groovy.runtime.InvokerInvocationException: java.io.FileNotFoundException: KatalonData\IWPTestData\VRelay25Payments.xlsx (The process cannot access the file because it is being used by another process)
	at com.kms.katalon.core.main.CustomKeywordDelegatingMetaClass.invokeStaticMethod(CustomKeywordDelegatingMetaClass.java:55)
	at OverAndUnderPayCredit.run(OverAndUnderPayCredit:94)
	at com.kms.katalon.core.main.ScriptEngine.run(ScriptEngine.java:194)
	at com.kms.katalon.core.main.ScriptEngine.runScriptAsRawText(ScriptEngine.java:119)
	at com.kms.katalon.core.main.TestCaseExecutor.runScript(TestCaseExecutor.java:448)
	at com.kms.katalon.core.main.TestCaseExecutor.doExecute(TestCaseExecutor.java:439)
	at com.kms.katalon.core.main.TestCaseExecutor.processExecutionPhase(TestCaseExecutor.java:418)
	at com.kms.katalon.core.main.TestCaseExecutor.accessMainPhase(TestCaseExecutor.java:410)
	at com.kms.katalon.core.main.TestCaseExecutor.execute(TestCaseExecutor.java:285)
	at com.kms.katalon.core.common.CommonExecutor.accessTestCaseMainPhase(CommonExecutor.java:65)
	at com.kms.katalon.core.main.TestSuiteExecutor.accessTestSuiteMainPhase(TestSuiteExecutor.java:150)
	at com.kms.katalon.core.main.TestSuiteExecutor.execute(TestSuiteExecutor.java:106)
	at com.kms.katalon.core.main.TestCaseMain.startTestSuite(TestCaseMain.java:180)
	at TempTestSuite1729731001385.run(TempTestSuite1729731001385.groovy:35)
	at java.base/jdk.internal.reflect.NativeMethodAccessorImpl.invoke0(Native Method)
	at java.base/jdk.internal.reflect.NativeMethodAccessorImpl.invoke(NativeMethodAccessorImpl.java:77)
	at java.base/jdk.internal.reflect.DelegatingMethodAccessorImpl.invoke(DelegatingMethodAccessorImpl.java:43)
Caused by: java.io.FileNotFoundException: KatalonData\IWPTestData\VRelay25Payments.xlsx (The process cannot access the file because it is being used by another process)
	at pages.WriteExcel.demoKey(WriteExcel.groovy:93)
	at java.base/jdk.internal.reflect.NativeMethodAccessorImpl.invoke0(Native Method)
	at java.base/jdk.internal.reflect.NativeMethodAccessorImpl.invoke(NativeMethodAccessorImpl.java:77)
	at java.base/jdk.internal.reflect.DelegatingMethodAccessorImpl.invoke(DelegatingMethodAccessorImpl.java:43)
	... 17 more


24-10-2024T06:28:50 - [TEST_STEP][PASSED] - resText = "Fail": null

24-10-2024T06:28:50 - [TEST_STEP][PASSED] - resColumn = "Result": null

24-10-2024T06:28:50 - [TEST_STEP][PASSED] - datCloumn = "Date": null

24-10-2024T06:28:50 - [TEST_STEP][PASSED] - fileLoc = "KatalonData/IWPTestData/VRelay25Payments.xlsx": null

24-10-2024T06:28:50 - [TEST_STEP][PASSED] - numOfRows = <not implemented yet for class: org.codehaus.groovy.ast.expr.EmptyExpression>: null

24-10-2024T06:28:50 - [TEST_STEP][PASSED] - dataFile = <not implemented yet for class: org.codehaus.groovy.ast.expr.EmptyExpression>: null

24-10-2024T06:28:50 - [TEST_STEP][PASSED] - nameSheet = <not implemented yet for class: org.codehaus.groovy.ast.expr.EmptyExpression>: null

24-10-2024T06:28:50 - [TEST_STEP][PASSED] - dataFileEmulator = <not implemented yet for class: org.codehaus.groovy.ast.expr.EmptyExpression>: null

24-10-2024T06:28:50 - [TEST_STEP][PASSED] - isRequiredTextPresent = false: null

24-10-2024T06:28:50 - [TEST_STEP][PASSED] - nameSheet = "OverAndUnderPayCredit": null

24-10-2024T06:28:50 - [TEST_STEP][PASSED] - dataFile = "IWPTestData/IWP25OverAndUnderPayCredit": null

24-10-2024T06:28:50 - [TEST_STEP][PASSED] - dataFileEmulator = "IWPTestData/EmulatorData": null

24-10-2024T06:28:50 - [TEST_STEP][PASSED] - numOfRows = findTestData(dataFile).getRowNumbers(): null

24-10-2024T06:28:51 - [TEST_STEP][PASSED] - println("Number of Records: " + numOfRows): null

24-10-2024T06:28:51 - [TEST_STEP][PASSED] - for ([row = 1, row <= numOfRows, (row++)]): null

24-10-2024T06:28:51 - [TEST_STEP][PASSED] - ExecuteTC = findTestData(dataFile).getValue("Execute", row): null

24-10-2024T06:28:51 - [TEST_STEP][PASSED] - out.println("Value of Execute is : " + ExecuteTC): null

24-10-2024T06:28:51 - [TEST_STEP][PASSED] - if (ExecuteTC.equalsIgnoreCase("Y")): null

24-10-2024T06:28:51 - [TEST_STEP][PASSED] - out.println("Begin Record Number: " + row): null

24-10-2024T06:28:51 - [TEST_STEP][PASSED] - today = new java.util.Date(): null

24-10-2024T06:28:51 - [TEST_STEP][PASSED] - println(today): null

24-10-2024T06:28:51 - [TEST_STEP][PASSED] - datText = today: null

24-10-2024T06:28:51 - [TEST_STEP][PASSED] - EmulatorDataKey = findTestData(dataFile).getValue("EmulatorData", row): null

24-10-2024T06:28:51 - [TEST_STEP][PASSED] - out.println("Value of Emulator Key is : " + EmulatorDataKey): null

24-10-2024T06:28:51 - [TEST_STEP][PASSED] - iwpPages.emulatorIWP30.setDataEmulator_DD(EmulatorDataKey): iwpPages.emulatorIWP30.setDataEmulator_DD is PASSED

24-10-2024T06:28:51 - [MESSAGE][WARNING] - A browser is already opened. Closing browser and opening a new one

24-10-2024T06:28:51 - [MESSAGE][INFO] - Starting 'Edge Chromium' driver

24-10-2024T06:28:51 - [MESSAGE][INFO] - User set preference: ['acceptInsecureCerts', 'true']

24-10-2024T06:28:53 - [MESSAGE][INFO] - Action delay is set to 0 milliseconds

24-10-2024T06:28:57 - [MESSAGE][PASSED] - Browser is opened with url: 'https://qa2.velocitypayment.com/agencyx/config.action?action=editor&message_version=2_5'

24-10-2024T06:28:57 - [MESSAGE][PASSED] - Current window maximized

24-10-2024T06:29:29 - [MESSAGE][INFO] - Unable to find the element located by 'By.xpath: //select[@name='message_version']'. Please recheck the objects properties to make sure the desired element is located. 

24-10-2024T06:29:29 - [MESSAGE][WARNING] - [SELF-HEALING] Failed to find element with id 'Object Repository/IWP30/Page_VRelay30Emulator/MV'. Try using Self-healing.

24-10-2024T06:29:29 - [MESSAGE][WARNING] - [SELF-HEALING] The current locator of test object 'Object Repository/IWP30/Page_VRelay30Emulator/MV' was broken. Propose an alternative one: '(.//*[normalize-space(text()) and normalize-space(.)='Message Version'])[1]/following::select[1]'.

24-10-2024T06:29:29 - [MESSAGE][PASSED] - All options with value '2.5' are selected in object 'Object Repository/IWP30/Page_VRelay30Emulator/MV'  using regular expression

24-10-2024T06:29:30 - [MESSAGE][PASSED] - Text '10.50' is set on object 'Object Repository/IWP30/Page_EmulatorAgencyX/Amount'

24-10-2024T06:29:31 - [MESSAGE][PASSED] - Text 'uvzT4PYtKoKV' is set on object 'Object Repository/IWP30/Page_EmulatorAgencyX/CAN'

24-10-2024T06:29:31 - [MESSAGE][PASSED] - Text 'PayNow' is set on object 'Object Repository/IWP30/Page_EmulatorAgencyX/Action'

24-10-2024T06:29:32 - [MESSAGE][PASSED] - Text 'en_US' is set on object 'Object Repository/IWP30/Page_EmulatorAgencyX/Lang'

24-10-2024T06:29:32 - [MESSAGE][PASSED] - Text 'Jasmine' is set on object 'Object Repository/IWP30/Page_EmulatorAgencyX/Fname'

24-10-2024T06:29:33 - [MESSAGE][PASSED] - Text 'Patrinol' is set on object 'Object Repository/IWP30/Page_EmulatorAgencyX/Lname'

24-10-2024T06:29:34 - [MESSAGE][PASSED] - Text '258 Underwood rd' is set on object 'Object Repository/IWP30/Page_EmulatorAgencyX/AL1'

24-10-2024T06:29:34 - [MESSAGE][PASSED] - Text 'Suite 600' is set on object 'Object Repository/IWP30/Page_EmulatorAgencyX/AL2'

24-10-2024T06:29:35 - [MESSAGE][PASSED] - Text '840' is set on object 'Object Repository/IWP30/Page_EmulatorAgencyX/Country'

24-10-2024T06:29:35 - [MESSAGE][PASSED] - Text 'Arlington' is set on object 'Object Repository/IWP30/Page_EmulatorAgencyX/City'

24-10-2024T06:29:36 - [MESSAGE][PASSED] - Text 'VA' is set on object 'Object Repository/IWP30/Page_EmulatorAgencyX/State'

24-10-2024T06:29:37 - [MESSAGE][PASSED] - Text '22201' is set on object 'Object Repository/IWP30/Page_EmulatorAgencyX/ZIP'

24-10-2024T06:29:37 - [MESSAGE][PASSED] - Text '' is set on object 'Object Repository/IWP30/Page_EmulatorAgencyX/Order'

24-10-2024T06:29:38 - [MESSAGE][PASSED] - Text 'Some Company' is set on object 'Object Repository/IWP30/Page_EmulatorAgencyX/Company'

24-10-2024T06:29:38 - [MESSAGE][PASSED] - Text 'iahmed@govolution.com' is set on object 'Object Repository/IWP30/Page_EmulatorAgencyX/Email'

24-10-2024T06:29:39 - [MESSAGE][PASSED] - Text 'udf data 1' is set on object 'Object Repository/IWP30/Page_EmulatorAgencyX/UDF1'

24-10-2024T06:29:40 - [MESSAGE][PASSED] - Text 'udf data 2' is set on object 'Object Repository/IWP30/Page_EmulatorAgencyX/UDF2'

24-10-2024T06:29:40 - [MESSAGE][PASSED] - Text 'udf data 3' is set on object 'Object Repository/IWP30/Page_EmulatorAgencyX/UDF3'

24-10-2024T06:29:41 - [MESSAGE][PASSED] - Text 'udf data 4' is set on object 'Object Repository/IWP30/Page_EmulatorAgencyX/UDF4'

24-10-2024T06:29:41 - [MESSAGE][PASSED] - Text 'udf data 5' is set on object 'Object Repository/IWP30/Page_EmulatorAgencyX/UDF5'

24-10-2024T06:29:42 - [MESSAGE][PASSED] - Text 'udf data 6' is set on object 'Object Repository/IWP30/Page_EmulatorAgencyX/UDF6'

24-10-2024T06:29:42 - [MESSAGE][PASSED] - Text 'Orange' is set on object 'Object Repository/IWP30/Page_EmulatorAgencyX/UDF7'

24-10-2024T06:29:43 - [MESSAGE][PASSED] - Text 'Soccer' is set on object 'Object Repository/IWP30/Page_EmulatorAgencyX/UDF8'

24-10-2024T06:29:44 - [MESSAGE][PASSED] - Text 'udf data 9' is set on object 'Object Repository/IWP30/Page_EmulatorAgencyX/UDF9'

24-10-2024T06:29:44 - [MESSAGE][PASSED] - Text 'udf data 10' is set on object 'Object Repository/IWP30/Page_EmulatorAgencyX/UDF10'

24-10-2024T06:29:46 - [MESSAGE][PASSED] - Object: 'Object Repository/IWP30/Page_EmulatorAgencyX/Submit' is clicked on

24-10-2024T06:29:50 - [MESSAGE][PASSED] - Browser is closed

24-10-2024T06:29:54 - [MESSAGE][PASSED] - iwpPages.emulatorIWP30.setDataEmulator_DD is PASSED

24-10-2024T06:29:54 - [TEST_STEP][PASSED] - testHarnessURL = urlTestHarness: null

24-10-2024T06:29:54 - [TEST_STEP][PASSED] - openBrowser(testHarnessURL): Browser is opened with url: 'https://dev-algorithm.govolution.com/vrelaytest/QA2/version_2_2/vrelaytest.html'

24-10-2024T06:29:54 - [MESSAGE][INFO] - Starting 'Edge Chromium' driver

24-10-2024T06:29:54 - [MESSAGE][INFO] - User set preference: ['acceptInsecureCerts', 'true']

24-10-2024T06:29:56 - [MESSAGE][INFO] - Action delay is set to 0 milliseconds

24-10-2024T06:30:00 - [MESSAGE][PASSED] - Browser is opened with url: 'https://dev-algorithm.govolution.com/vrelaytest/QA2/version_2_2/vrelaytest.html'

24-10-2024T06:30:00 - [TEST_STEP][PASSED] - maximizeWindow(): Current window maximized

24-10-2024T06:30:00 - [MESSAGE][PASSED] - Current window maximized

24-10-2024T06:30:00 - [TEST_STEP][PASSED] - iwpPages.TestHarnessPage.setDataMethod(row, dataFile): iwpPages.TestHarnessPage.setDataMethod is PASSED

24-10-2024T06:30:00 - [MESSAGE][PASSED] - Object 'Object Repository/IWP30/Page_QATestHarness/RemittanceID' is present

24-10-2024T06:30:01 - [MESSAGE][PASSED] - Text '638' is set on object 'Object Repository/IWP30/Page_QATestHarness/ApplicationID'

24-10-2024T06:30:02 - [MESSAGE][PASSED] - Text '2.5' is set on object 'Object Repository/IWP30/Page_QATestHarness/MessageVersion'

24-10-2024T06:30:02 - [MESSAGE][PASSED] - Text 'vun78Tuw6jIY' is set on object 'Object Repository/IWP30/Page_QATestHarness/RemittanceID'

24-10-2024T06:30:06 - [MESSAGE][PASSED] - Object: 'Object Repository/IWP30/Page_QATestHarness/SubmitButton' is clicked on

24-10-2024T06:30:06 - [MESSAGE][PASSED] - iwpPages.TestHarnessPage.setDataMethod is PASSED

24-10-2024T06:30:06 - [TEST_STEP][PASSED] - click(findTestObject("Object Repository/IWP30/Page_SelectPaymentMethod/PayByCreditCard")): Object: 'Object Repository/IWP30/Page_SelectPaymentMethod/PayByCreditCard' is clicked on

24-10-2024T06:30:06 - [MESSAGE][PASSED] - Object: 'Object Repository/IWP30/Page_SelectPaymentMethod/PayByCreditCard' is clicked on

24-10-2024T06:30:06 - [TEST_STEP][PASSED] - click(findTestObject("Object Repository/IWP30/Page_SelectPaymentMethod/MakePaymentButton")): Object: 'Object Repository/IWP30/Page_SelectPaymentMethod/MakePaymentButton' is clicked on

24-10-2024T06:30:10 - [MESSAGE][PASSED] - Object: 'Object Repository/IWP30/Page_SelectPaymentMethod/MakePaymentButton' is clicked on

24-10-2024T06:30:10 - [TEST_STEP][PASSED] - iwpPages.ccPaymentEntryPage.setDataCCPM(row, dataFile): iwpPages.ccPaymentEntryPage.setDataCCPM is PASSED

24-10-2024T06:30:11 - [MESSAGE][PASSED] - Object 'Object Repository/IWP30/Page_CCPaymentEntry/Name' is present

24-10-2024T06:30:11 - [MESSAGE][PASSED] - Text '11.50' is set on object 'Object Repository/IWP30/Page_CCPaymentEntry/Amount'

24-10-2024T06:30:12 - [MESSAGE][PASSED] - All options with label 'Soccer' are selected in object 'Object Repository/IWP30/Page_CCPaymentEntry/UserDefined8' 

24-10-2024T06:30:12 - [MESSAGE][PASSED] - Object 'Object Repository/IWP30/Page_CCPaymentEntry/Name' is present

24-10-2024T06:30:12 - [MESSAGE][PASSED] - Object 'Object Repository/IWP30/Page_CCPaymentEntry/CardNumber' is present

24-10-2024T06:30:13 - [MESSAGE][PASSED] - Text '4111111111111111' is set on object 'Object Repository/IWP30/Page_CCPaymentEntry/CardNumber'

24-10-2024T06:30:14 - [MESSAGE][PASSED] - Text '123' is set on object 'Object Repository/IWP30/Page_CCPaymentEntry/SPC'

24-10-2024T06:30:14 - [MESSAGE][PASSED] - Object 'Object Repository/IWP30/Page_CCPaymentEntry/Month' is present

24-10-2024T06:30:15 - [MESSAGE][PASSED] - All options with label '09' are selected in object 'Object Repository/IWP30/Page_CCPaymentEntry/Month' 

24-10-2024T06:30:15 - [MESSAGE][PASSED] - Object 'Object Repository/IWP30/Page_CCPaymentEntry/Year' is present

24-10-2024T06:30:15 - [MESSAGE][PASSED] - All options with label '2028' are selected in object 'Object Repository/IWP30/Page_CCPaymentEntry/Year' 

24-10-2024T06:30:16 - [MESSAGE][PASSED] - Object 'Object Repository/IWP30/Page_CCPaymentEntry/EmailAddress' is present

24-10-2024T06:30:16 - [MESSAGE][PASSED] - Object 'Object Repository/IWP30/Page_CCPaymentEntry/TermCondCheckBox' is present

24-10-2024T06:30:16 - [MESSAGE][PASSED] - Object 'Object Repository/IWP30/Page_CCPaymentEntry/TermCondCheckBox' is checked

24-10-2024T06:30:16 - [MESSAGE][PASSED] - Object 'Object Repository/IWP30/Page_CCPaymentEntry/ContinueButton' is present

24-10-2024T06:30:18 - [MESSAGE][PASSED] - Object: 'Object Repository/IWP30/Page_CCPaymentEntry/ContinueButton' is clicked on

24-10-2024T06:30:18 - [MESSAGE][PASSED] - iwpPages.ccPaymentEntryPage.setDataCCPM is PASSED

24-10-2024T06:30:18 - [TEST_STEP][PASSED] - click(findTestObject("Object Repository/IWP30/Page_Confirmation/ConfirmButton")): Object: 'Object Repository/IWP30/Page_Confirmation/ConfirmButton' is clicked on

24-10-2024T06:30:20 - [MESSAGE][PASSED] - Object: 'Object Repository/IWP30/Page_Confirmation/ConfirmButton' is clicked on

24-10-2024T06:30:20 - [TEST_STEP][PASSED] - Thread.sleep(10000): null

24-10-2024T06:30:30 - [TEST_STEP][PASSED] - if (verifyTextPresent("Successful Payment Receipt", false)): null

24-10-2024T06:30:31 - [MESSAGE][PASSED] - Text 'Successful Payment Receipt' is present on page 

24-10-2024T06:30:31 - [TEST_STEP][PASSED] - println("Successful Payment Receipt text is present on the Receipt page"): null

24-10-2024T06:30:31 - [TEST_STEP][PASSED] - markPassed("Successful Payment Receipt text is present on the Receipt page"): Successful Payment Receipt text is present on the Receipt page

24-10-2024T06:30:31 - [MESSAGE][PASSED] - Successful Payment Receipt text is present on the Receipt page

24-10-2024T06:30:31 - [TEST_STEP][PASSED] - resText = "Pass": null

24-10-2024T06:30:31 - [TEST_STEP][ERROR] - pages.WriteExcel.demoKey(resText, datText, resColumn, datCloumn, fileLoc, nameSheet, row): Test Cases/IntegratedWeb/IWP25/Payments/OverAndUnderPayCredit FAILED.
Reason:
com.kms.katalon.core.exception.StepErrorException: org.codehaus.groovy.runtime.InvokerInvocationException: java.io.FileNotFoundException: KatalonData\IWPTestData\VRelay25Payments.xlsx (The process cannot access the file because it is being used by another process)
	at com.kms.katalon.core.main.CustomKeywordDelegatingMetaClass.throwError(CustomKeywordDelegatingMetaClass.java:101)
	at com.kms.katalon.core.main.CustomKeywordDelegatingMetaClass.invokeStaticMethod(CustomKeywordDelegatingMetaClass.java:73)
	at OverAndUnderPayCredit.run(OverAndUnderPayCredit:94)
	at com.kms.katalon.core.main.ScriptEngine.run(ScriptEngine.java:194)
	at com.kms.katalon.core.main.ScriptEngine.runScriptAsRawText(ScriptEngine.java:119)
	at com.kms.katalon.core.main.TestCaseExecutor.runScript(TestCaseExecutor.java:448)
	at com.kms.katalon.core.main.TestCaseExecutor.doExecute(TestCaseExecutor.java:439)
	at com.kms.katalon.core.main.TestCaseExecutor.processExecutionPhase(TestCaseExecutor.java:418)
	at com.kms.katalon.core.main.TestCaseExecutor.accessMainPhase(TestCaseExecutor.java:410)
	at com.kms.katalon.core.main.TestCaseExecutor.execute(TestCaseExecutor.java:285)
	at com.kms.katalon.core.common.CommonExecutor.accessTestCaseMainPhase(CommonExecutor.java:65)
	at com.kms.katalon.core.main.TestSuiteExecutor.accessTestSuiteMainPhase(TestSuiteExecutor.java:150)
	at com.kms.katalon.core.main.TestSuiteExecutor.execute(TestSuiteExecutor.java:106)
	at com.kms.katalon.core.main.TestCaseMain.startTestSuite(TestCaseMain.java:180)
	at TempTestSuite1729731001385.run(TempTestSuite1729731001385.groovy:35)
	at java.base/jdk.internal.reflect.NativeMethodAccessorImpl.invoke0(Native Method)
	at java.base/jdk.internal.reflect.NativeMethodAccessorImpl.invoke(NativeMethodAccessorImpl.java:77)
	at java.base/jdk.internal.reflect.DelegatingMethodAccessorImpl.invoke(DelegatingMethodAccessorImpl.java:43)
Caused by: org.codehaus.groovy.runtime.InvokerInvocationException: java.io.FileNotFoundException: KatalonData\IWPTestData\VRelay25Payments.xlsx (The process cannot access the file because it is being used by another process)
	at com.kms.katalon.core.main.CustomKeywordDelegatingMetaClass.invokeStaticMethod(CustomKeywordDelegatingMetaClass.java:55)
	at Script1725292605358.run(Script1725292605358.groovy:94)
	... 15 more
Caused by: java.io.FileNotFoundException: KatalonData\IWPTestData\VRelay25Payments.xlsx (The process cannot access the file because it is being used by another process)
	at pages.WriteExcel.demoKey(WriteExcel.groovy:93)
	at java.base/jdk.internal.reflect.NativeMethodAccessorImpl.invoke0(Native Method)
	at java.base/jdk.internal.reflect.NativeMethodAccessorImpl.invoke(NativeMethodAccessorImpl.java:77)
	at java.base/jdk.internal.reflect.DelegatingMethodAccessorImpl.invoke(DelegatingMethodAccessorImpl.java:43)
	at com.kms.katalon.core.main.CustomKeywordDelegatingMetaClass.invokeStaticMethod(CustomKeywordDelegatingMetaClass.java:55)
	at OverAndUnderPayCredit.run(OverAndUnderPayCredit:94)
	... 15 more


24-10-2024T06:30:31 - [MESSAGE][ERROR] - java.io.FileNotFoundException: KatalonData\IWPTestData\VRelay25Payments.xlsx (The process cannot access the file because it is being used by another process)

24-10-2024T06:30:31 - [MESSAGE][ERROR] - Test Cases/IntegratedWeb/IWP25/Payments/OverAndUnderPayCredit FAILED.
Reason:
com.kms.katalon.core.exception.StepErrorException: org.codehaus.groovy.runtime.InvokerInvocationException: java.io.FileNotFoundException: KatalonData\IWPTestData\VRelay25Payments.xlsx (The process cannot access the file because it is being used by another process)
	at com.kms.katalon.core.main.CustomKeywordDelegatingMetaClass.throwError(CustomKeywordDelegatingMetaClass.java:101)
	at com.kms.katalon.core.main.CustomKeywordDelegatingMetaClass.invokeStaticMethod(CustomKeywordDelegatingMetaClass.java:73)
	at OverAndUnderPayCredit.run(OverAndUnderPayCredit:94)
	at com.kms.katalon.core.main.ScriptEngine.run(ScriptEngine.java:194)
	at com.kms.katalon.core.main.ScriptEngine.runScriptAsRawText(ScriptEngine.java:119)
	at com.kms.katalon.core.main.TestCaseExecutor.runScript(TestCaseExecutor.java:448)
	at com.kms.katalon.core.main.TestCaseExecutor.doExecute(TestCaseExecutor.java:439)
	at com.kms.katalon.core.main.TestCaseExecutor.processExecutionPhase(TestCaseExecutor.java:418)
	at com.kms.katalon.core.main.TestCaseExecutor.accessMainPhase(TestCaseExecutor.java:410)
	at com.kms.katalon.core.main.TestCaseExecutor.execute(TestCaseExecutor.java:285)
	at com.kms.katalon.core.common.CommonExecutor.accessTestCaseMainPhase(CommonExecutor.java:65)
	at com.kms.katalon.core.main.TestSuiteExecutor.accessTestSuiteMainPhase(TestSuiteExecutor.java:150)
	at com.kms.katalon.core.main.TestSuiteExecutor.execute(TestSuiteExecutor.java:106)
	at com.kms.katalon.core.main.TestCaseMain.startTestSuite(TestCaseMain.java:180)
	at TempTestSuite1729731001385.run(TempTestSuite1729731001385.groovy:35)
	at java.base/jdk.internal.reflect.NativeMethodAccessorImpl.invoke0(Native Method)
	at java.base/jdk.internal.reflect.NativeMethodAccessorImpl.invoke(NativeMethodAccessorImpl.java:77)
	at java.base/jdk.internal.reflect.DelegatingMethodAccessorImpl.invoke(DelegatingMethodAccessorImpl.java:43)
Caused by: org.codehaus.groovy.runtime.InvokerInvocationException: java.io.FileNotFoundException: KatalonData\IWPTestData\VRelay25Payments.xlsx (The process cannot access the file because it is being used by another process)
	at com.kms.katalon.core.main.CustomKeywordDelegatingMetaClass.invokeStaticMethod(CustomKeywordDelegatingMetaClass.java:55)
	at Script1725292605358.run(Script1725292605358.groovy:94)
	... 15 more
Caused by: java.io.FileNotFoundException: KatalonData\IWPTestData\VRelay25Payments.xlsx (The process cannot access the file because it is being used by another process)
	at pages.WriteExcel.demoKey(WriteExcel.groovy:93)
	at java.base/jdk.internal.reflect.NativeMethodAccessorImpl.invoke0(Native Method)
	at java.base/jdk.internal.reflect.NativeMethodAccessorImpl.invoke(NativeMethodAccessorImpl.java:77)
	at java.base/jdk.internal.reflect.DelegatingMethodAccessorImpl.invoke(DelegatingMethodAccessorImpl.java:43)
	at com.kms.katalon.core.main.CustomKeywordDelegatingMetaClass.invokeStaticMethod(CustomKeywordDelegatingMetaClass.java:55)
	at OverAndUnderPayCredit.run(OverAndUnderPayCredit:94)
	... 15 more]]></system-out>
         <system-err><![CDATA[24-10-2024T06:28:50 - [TEST_CASE][ERROR] - Test Cases/IntegratedWeb/IWP25/Payments/OverAndUnderPayCredit: Test Cases/IntegratedWeb/IWP25/Payments/OverAndUnderPayCredit FAILED.
Reason:
org.codehaus.groovy.runtime.InvokerInvocationException: java.io.FileNotFoundException: KatalonData\IWPTestData\VRelay25Payments.xlsx (The process cannot access the file because it is being used by another process)
	at com.kms.katalon.core.main.CustomKeywordDelegatingMetaClass.invokeStaticMethod(CustomKeywordDelegatingMetaClass.java:55)
	at OverAndUnderPayCredit.run(OverAndUnderPayCredit:94)
	at com.kms.katalon.core.main.ScriptEngine.run(ScriptEngine.java:194)
	at com.kms.katalon.core.main.ScriptEngine.runScriptAsRawText(ScriptEngine.java:119)
	at com.kms.katalon.core.main.TestCaseExecutor.runScript(TestCaseExecutor.java:448)
	at com.kms.katalon.core.main.TestCaseExecutor.doExecute(TestCaseExecutor.java:439)
	at com.kms.katalon.core.main.TestCaseExecutor.processExecutionPhase(TestCaseExecutor.java:418)
	at com.kms.katalon.core.main.TestCaseExecutor.accessMainPhase(TestCaseExecutor.java:410)
	at com.kms.katalon.core.main.TestCaseExecutor.execute(TestCaseExecutor.java:285)
	at com.kms.katalon.core.common.CommonExecutor.accessTestCaseMainPhase(CommonExecutor.java:65)
	at com.kms.katalon.core.main.TestSuiteExecutor.accessTestSuiteMainPhase(TestSuiteExecutor.java:150)
	at com.kms.katalon.core.main.TestSuiteExecutor.execute(TestSuiteExecutor.java:106)
	at com.kms.katalon.core.main.TestCaseMain.startTestSuite(TestCaseMain.java:180)
	at TempTestSuite1729731001385.run(TempTestSuite1729731001385.groovy:35)
	at java.base/jdk.internal.reflect.NativeMethodAccessorImpl.invoke0(Native Method)
	at java.base/jdk.internal.reflect.NativeMethodAccessorImpl.invoke(NativeMethodAccessorImpl.java:77)
	at java.base/jdk.internal.reflect.DelegatingMethodAccessorImpl.invoke(DelegatingMethodAccessorImpl.java:43)
Caused by: java.io.FileNotFoundException: KatalonData\IWPTestData\VRelay25Payments.xlsx (The process cannot access the file because it is being used by another process)
	at pages.WriteExcel.demoKey(WriteExcel.groovy:93)
	at java.base/jdk.internal.reflect.NativeMethodAccessorImpl.invoke0(Native Method)
	at java.base/jdk.internal.reflect.NativeMethodAccessorImpl.invoke(NativeMethodAccessorImpl.java:77)
	at java.base/jdk.internal.reflect.DelegatingMethodAccessorImpl.invoke(DelegatingMethodAccessorImpl.java:43)
	... 17 more]]></system-err>
      </testcase>
      <testcase name="Test Cases/IntegratedWeb/IWP25/Payments/OverAndUnderPayPC" time="102.233" classname="Test Cases/IntegratedWeb/IWP25/Payments/OverAndUnderPayPC" status="ERROR">
         <error type="ERROR" message="Test Cases/IntegratedWeb/IWP25/Payments/OverAndUnderPayPC FAILED.&#xa;Reason:&#xa;org.codehaus.groovy.runtime.InvokerInvocationException: java.io.FileNotFoundException: KatalonData\IWPTestData\VRelay25Payments.xlsx (The process cannot access the file because it is being used by another process)&#xa;	at com.kms.katalon.core.main.CustomKeywordDelegatingMetaClass.invokeStaticMethod(CustomKeywordDelegatingMetaClass.java:55)&#xa;	at OverAndUnderPayPC.run(OverAndUnderPayPC:94)&#xa;	at com.kms.katalon.core.main.ScriptEngine.run(ScriptEngine.java:194)&#xa;	at com.kms.katalon.core.main.ScriptEngine.runScriptAsRawText(ScriptEngine.java:119)&#xa;	at com.kms.katalon.core.main.TestCaseExecutor.runScript(TestCaseExecutor.java:448)&#xa;	at com.kms.katalon.core.main.TestCaseExecutor.doExecute(TestCaseExecutor.java:439)&#xa;	at com.kms.katalon.core.main.TestCaseExecutor.processExecutionPhase(TestCaseExecutor.java:418)&#xa;	at com.kms.katalon.core.main.TestCaseExecutor.accessMainPhase(TestCaseExecutor.java:410)&#xa;	at com.kms.katalon.core.main.TestCaseExecutor.execute(TestCaseExecutor.java:285)&#xa;	at com.kms.katalon.core.common.CommonExecutor.accessTestCaseMainPhase(CommonExecutor.java:65)&#xa;	at com.kms.katalon.core.main.TestSuiteExecutor.accessTestSuiteMainPhase(TestSuiteExecutor.java:150)&#xa;	at com.kms.katalon.core.main.TestSuiteExecutor.execute(TestSuiteExecutor.java:106)&#xa;	at com.kms.katalon.core.main.TestCaseMain.startTestSuite(TestCaseMain.java:180)&#xa;	at TempTestSuite1729731001385.run(TempTestSuite1729731001385.groovy:35)&#xa;	at java.base/jdk.internal.reflect.NativeMethodAccessorImpl.invoke0(Native Method)&#xa;	at java.base/jdk.internal.reflect.NativeMethodAccessorImpl.invoke(NativeMethodAccessorImpl.java:77)&#xa;	at java.base/jdk.internal.reflect.DelegatingMethodAccessorImpl.invoke(DelegatingMethodAccessorImpl.java:43)&#xa;Caused by: java.io.FileNotFoundException: KatalonData\IWPTestData\VRelay25Payments.xlsx (The process cannot access the file because it is being used by another process)&#xa;	at pages.WriteExcel.demoKey(WriteExcel.groovy:93)&#xa;	at java.base/jdk.internal.reflect.NativeMethodAccessorImpl.invoke0(Native Method)&#xa;	at java.base/jdk.internal.reflect.NativeMethodAccessorImpl.invoke(NativeMethodAccessorImpl.java:77)&#xa;	at java.base/jdk.internal.reflect.DelegatingMethodAccessorImpl.invoke(DelegatingMethodAccessorImpl.java:43)&#xa;	... 17 more&#xa;"/>
         <system-out><![CDATA[24-10-2024T06:30:31 - [TEST_CASE][ERROR] - Test Cases/IntegratedWeb/IWP25/Payments/OverAndUnderPayPC: Test Cases/IntegratedWeb/IWP25/Payments/OverAndUnderPayPC FAILED.
Reason:
org.codehaus.groovy.runtime.InvokerInvocationException: java.io.FileNotFoundException: KatalonData\IWPTestData\VRelay25Payments.xlsx (The process cannot access the file because it is being used by another process)
	at com.kms.katalon.core.main.CustomKeywordDelegatingMetaClass.invokeStaticMethod(CustomKeywordDelegatingMetaClass.java:55)
	at OverAndUnderPayPC.run(OverAndUnderPayPC:94)
	at com.kms.katalon.core.main.ScriptEngine.run(ScriptEngine.java:194)
	at com.kms.katalon.core.main.ScriptEngine.runScriptAsRawText(ScriptEngine.java:119)
	at com.kms.katalon.core.main.TestCaseExecutor.runScript(TestCaseExecutor.java:448)
	at com.kms.katalon.core.main.TestCaseExecutor.doExecute(TestCaseExecutor.java:439)
	at com.kms.katalon.core.main.TestCaseExecutor.processExecutionPhase(TestCaseExecutor.java:418)
	at com.kms.katalon.core.main.TestCaseExecutor.accessMainPhase(TestCaseExecutor.java:410)
	at com.kms.katalon.core.main.TestCaseExecutor.execute(TestCaseExecutor.java:285)
	at com.kms.katalon.core.common.CommonExecutor.accessTestCaseMainPhase(CommonExecutor.java:65)
	at com.kms.katalon.core.main.TestSuiteExecutor.accessTestSuiteMainPhase(TestSuiteExecutor.java:150)
	at com.kms.katalon.core.main.TestSuiteExecutor.execute(TestSuiteExecutor.java:106)
	at com.kms.katalon.core.main.TestCaseMain.startTestSuite(TestCaseMain.java:180)
	at TempTestSuite1729731001385.run(TempTestSuite1729731001385.groovy:35)
	at java.base/jdk.internal.reflect.NativeMethodAccessorImpl.invoke0(Native Method)
	at java.base/jdk.internal.reflect.NativeMethodAccessorImpl.invoke(NativeMethodAccessorImpl.java:77)
	at java.base/jdk.internal.reflect.DelegatingMethodAccessorImpl.invoke(DelegatingMethodAccessorImpl.java:43)
Caused by: java.io.FileNotFoundException: KatalonData\IWPTestData\VRelay25Payments.xlsx (The process cannot access the file because it is being used by another process)
	at pages.WriteExcel.demoKey(WriteExcel.groovy:93)
	at java.base/jdk.internal.reflect.NativeMethodAccessorImpl.invoke0(Native Method)
	at java.base/jdk.internal.reflect.NativeMethodAccessorImpl.invoke(NativeMethodAccessorImpl.java:77)
	at java.base/jdk.internal.reflect.DelegatingMethodAccessorImpl.invoke(DelegatingMethodAccessorImpl.java:43)
	... 17 more


24-10-2024T06:30:31 - [TEST_STEP][PASSED] - resText = "Fail": null

24-10-2024T06:30:31 - [TEST_STEP][PASSED] - resColumn = "Result": null

24-10-2024T06:30:31 - [TEST_STEP][PASSED] - datCloumn = "Date": null

24-10-2024T06:30:31 - [TEST_STEP][PASSED] - fileLoc = "KatalonData/IWPTestData/VRelay25Payments.xlsx": null

24-10-2024T06:30:31 - [TEST_STEP][PASSED] - numOfRows = <not implemented yet for class: org.codehaus.groovy.ast.expr.EmptyExpression>: null

24-10-2024T06:30:31 - [TEST_STEP][PASSED] - dataFile = <not implemented yet for class: org.codehaus.groovy.ast.expr.EmptyExpression>: null

24-10-2024T06:30:31 - [TEST_STEP][PASSED] - nameSheet = <not implemented yet for class: org.codehaus.groovy.ast.expr.EmptyExpression>: null

24-10-2024T06:30:31 - [TEST_STEP][PASSED] - dataFileEmulator = <not implemented yet for class: org.codehaus.groovy.ast.expr.EmptyExpression>: null

24-10-2024T06:30:31 - [TEST_STEP][PASSED] - isRequiredTextPresent = false: null

24-10-2024T06:30:31 - [TEST_STEP][PASSED] - nameSheet = "OverAndUnderPayPC": null

24-10-2024T06:30:31 - [TEST_STEP][PASSED] - dataFile = "IWPTestData/IWP25OverAndUnderPayPC": null

24-10-2024T06:30:31 - [TEST_STEP][PASSED] - dataFileEmulator = "IWPTestData/EmulatorData": null

24-10-2024T06:30:31 - [TEST_STEP][PASSED] - numOfRows = findTestData(dataFile).getRowNumbers(): null

24-10-2024T06:30:31 - [TEST_STEP][PASSED] - println("Number of Records: " + numOfRows): null

24-10-2024T06:30:31 - [TEST_STEP][PASSED] - for ([row = 1, row <= numOfRows, (row++)]): null

24-10-2024T06:30:31 - [TEST_STEP][PASSED] - ExecuteTC = findTestData(dataFile).getValue("Execute", row): null

24-10-2024T06:30:31 - [TEST_STEP][PASSED] - out.println("Value of Execute is : " + ExecuteTC): null

24-10-2024T06:30:31 - [TEST_STEP][PASSED] - if (ExecuteTC.equalsIgnoreCase("Y")): null

24-10-2024T06:30:31 - [TEST_STEP][PASSED] - out.println("Begin Record Number: " + row): null

24-10-2024T06:30:31 - [TEST_STEP][PASSED] - today = new java.util.Date(): null

24-10-2024T06:30:31 - [TEST_STEP][PASSED] - println(today): null

24-10-2024T06:30:31 - [TEST_STEP][PASSED] - datText = today: null

24-10-2024T06:30:31 - [TEST_STEP][PASSED] - EmulatorDataKey = findTestData(dataFile).getValue("EmulatorData", row): null

24-10-2024T06:30:31 - [TEST_STEP][PASSED] - out.println("Value of Emulator Key is : " + EmulatorDataKey): null

24-10-2024T06:30:31 - [TEST_STEP][PASSED] - iwpPages.emulatorIWP30.setDataEmulator_DD(EmulatorDataKey): iwpPages.emulatorIWP30.setDataEmulator_DD is PASSED

24-10-2024T06:30:32 - [MESSAGE][WARNING] - A browser is already opened. Closing browser and opening a new one

24-10-2024T06:30:32 - [MESSAGE][INFO] - Starting 'Edge Chromium' driver

24-10-2024T06:30:32 - [MESSAGE][INFO] - User set preference: ['acceptInsecureCerts', 'true']

24-10-2024T06:30:34 - [MESSAGE][INFO] - Action delay is set to 0 milliseconds

24-10-2024T06:30:37 - [MESSAGE][PASSED] - Browser is opened with url: 'https://qa2.velocitypayment.com/agencyx/config.action?action=editor&message_version=2_5'

24-10-2024T06:30:38 - [MESSAGE][PASSED] - Current window maximized

24-10-2024T06:31:09 - [MESSAGE][INFO] - Unable to find the element located by 'By.xpath: //select[@name='message_version']'. Please recheck the objects properties to make sure the desired element is located. 

24-10-2024T06:31:09 - [MESSAGE][WARNING] - [SELF-HEALING] Failed to find element with id 'Object Repository/IWP30/Page_VRelay30Emulator/MV'. Try using Self-healing.

24-10-2024T06:31:09 - [MESSAGE][WARNING] - [SELF-HEALING] The current locator of test object 'Object Repository/IWP30/Page_VRelay30Emulator/MV' was broken. Propose an alternative one: '(.//*[normalize-space(text()) and normalize-space(.)='Message Version'])[1]/following::select[1]'.

24-10-2024T06:31:10 - [MESSAGE][PASSED] - All options with value '2.5' are selected in object 'Object Repository/IWP30/Page_VRelay30Emulator/MV'  using regular expression

24-10-2024T06:31:11 - [MESSAGE][PASSED] - Text '10.50' is set on object 'Object Repository/IWP30/Page_EmulatorAgencyX/Amount'

24-10-2024T06:31:11 - [MESSAGE][PASSED] - Text 'GY5AtbfxBkDm' is set on object 'Object Repository/IWP30/Page_EmulatorAgencyX/CAN'

24-10-2024T06:31:12 - [MESSAGE][PASSED] - Text 'PayNow' is set on object 'Object Repository/IWP30/Page_EmulatorAgencyX/Action'

24-10-2024T06:31:13 - [MESSAGE][PASSED] - Text 'en_US' is set on object 'Object Repository/IWP30/Page_EmulatorAgencyX/Lang'

24-10-2024T06:31:13 - [MESSAGE][PASSED] - Text 'Jasmine' is set on object 'Object Repository/IWP30/Page_EmulatorAgencyX/Fname'

24-10-2024T06:31:14 - [MESSAGE][PASSED] - Text 'Patrinol' is set on object 'Object Repository/IWP30/Page_EmulatorAgencyX/Lname'

24-10-2024T06:31:14 - [MESSAGE][PASSED] - Text '258 Underwood rd' is set on object 'Object Repository/IWP30/Page_EmulatorAgencyX/AL1'

24-10-2024T06:31:15 - [MESSAGE][PASSED] - Text 'Suite 600' is set on object 'Object Repository/IWP30/Page_EmulatorAgencyX/AL2'

24-10-2024T06:31:16 - [MESSAGE][PASSED] - Text '840' is set on object 'Object Repository/IWP30/Page_EmulatorAgencyX/Country'

24-10-2024T06:31:16 - [MESSAGE][PASSED] - Text 'Arlington' is set on object 'Object Repository/IWP30/Page_EmulatorAgencyX/City'

24-10-2024T06:31:17 - [MESSAGE][PASSED] - Text 'VA' is set on object 'Object Repository/IWP30/Page_EmulatorAgencyX/State'

24-10-2024T06:31:17 - [MESSAGE][PASSED] - Text '22201' is set on object 'Object Repository/IWP30/Page_EmulatorAgencyX/ZIP'

24-10-2024T06:31:18 - [MESSAGE][PASSED] - Text '' is set on object 'Object Repository/IWP30/Page_EmulatorAgencyX/Order'

24-10-2024T06:31:18 - [MESSAGE][PASSED] - Text 'Some Company' is set on object 'Object Repository/IWP30/Page_EmulatorAgencyX/Company'

24-10-2024T06:31:19 - [MESSAGE][PASSED] - Text 'iahmed@govolution.com' is set on object 'Object Repository/IWP30/Page_EmulatorAgencyX/Email'

24-10-2024T06:31:20 - [MESSAGE][PASSED] - Text 'udf data 1' is set on object 'Object Repository/IWP30/Page_EmulatorAgencyX/UDF1'

24-10-2024T06:31:20 - [MESSAGE][PASSED] - Text 'udf data 2' is set on object 'Object Repository/IWP30/Page_EmulatorAgencyX/UDF2'

24-10-2024T06:31:21 - [MESSAGE][PASSED] - Text 'udf data 3' is set on object 'Object Repository/IWP30/Page_EmulatorAgencyX/UDF3'

24-10-2024T06:31:21 - [MESSAGE][PASSED] - Text 'udf data 4' is set on object 'Object Repository/IWP30/Page_EmulatorAgencyX/UDF4'

24-10-2024T06:31:22 - [MESSAGE][PASSED] - Text 'udf data 5' is set on object 'Object Repository/IWP30/Page_EmulatorAgencyX/UDF5'

24-10-2024T06:31:23 - [MESSAGE][PASSED] - Text 'udf data 6' is set on object 'Object Repository/IWP30/Page_EmulatorAgencyX/UDF6'

24-10-2024T06:31:23 - [MESSAGE][PASSED] - Text 'Orange' is set on object 'Object Repository/IWP30/Page_EmulatorAgencyX/UDF7'

24-10-2024T06:31:24 - [MESSAGE][PASSED] - Text 'Soccer' is set on object 'Object Repository/IWP30/Page_EmulatorAgencyX/UDF8'

24-10-2024T06:31:24 - [MESSAGE][PASSED] - Text 'udf data 9' is set on object 'Object Repository/IWP30/Page_EmulatorAgencyX/UDF9'

24-10-2024T06:31:25 - [MESSAGE][PASSED] - Text 'udf data 10' is set on object 'Object Repository/IWP30/Page_EmulatorAgencyX/UDF10'

24-10-2024T06:31:26 - [MESSAGE][PASSED] - Object: 'Object Repository/IWP30/Page_EmulatorAgencyX/Submit' is clicked on

24-10-2024T06:31:31 - [MESSAGE][PASSED] - Browser is closed

24-10-2024T06:31:35 - [MESSAGE][PASSED] - iwpPages.emulatorIWP30.setDataEmulator_DD is PASSED

24-10-2024T06:31:35 - [TEST_STEP][PASSED] - testHarnessURL = urlTestHarness: null

24-10-2024T06:31:35 - [TEST_STEP][PASSED] - openBrowser(testHarnessURL): Browser is opened with url: 'https://dev-algorithm.govolution.com/vrelaytest/QA2/version_2_2/vrelaytest.html'

24-10-2024T06:31:35 - [MESSAGE][INFO] - Starting 'Edge Chromium' driver

24-10-2024T06:31:35 - [MESSAGE][INFO] - User set preference: ['acceptInsecureCerts', 'true']

24-10-2024T06:31:37 - [MESSAGE][INFO] - Action delay is set to 0 milliseconds

24-10-2024T06:31:41 - [MESSAGE][PASSED] - Browser is opened with url: 'https://dev-algorithm.govolution.com/vrelaytest/QA2/version_2_2/vrelaytest.html'

24-10-2024T06:31:41 - [TEST_STEP][PASSED] - maximizeWindow(): Current window maximized

24-10-2024T06:31:41 - [MESSAGE][PASSED] - Current window maximized

24-10-2024T06:31:41 - [TEST_STEP][PASSED] - iwpPages.TestHarnessPage.setDataMethod(row, dataFile): iwpPages.TestHarnessPage.setDataMethod is PASSED

24-10-2024T06:31:41 - [MESSAGE][PASSED] - Object 'Object Repository/IWP30/Page_QATestHarness/RemittanceID' is present

24-10-2024T06:31:42 - [MESSAGE][PASSED] - Text '638' is set on object 'Object Repository/IWP30/Page_QATestHarness/ApplicationID'

24-10-2024T06:31:43 - [MESSAGE][PASSED] - Text '2.5' is set on object 'Object Repository/IWP30/Page_QATestHarness/MessageVersion'

24-10-2024T06:31:43 - [MESSAGE][PASSED] - Text 'baXEsWsh4SgN' is set on object 'Object Repository/IWP30/Page_QATestHarness/RemittanceID'

24-10-2024T06:31:47 - [MESSAGE][PASSED] - Object: 'Object Repository/IWP30/Page_QATestHarness/SubmitButton' is clicked on

24-10-2024T06:31:47 - [MESSAGE][PASSED] - iwpPages.TestHarnessPage.setDataMethod is PASSED

24-10-2024T06:31:47 - [TEST_STEP][PASSED] - click(findTestObject("Object Repository/IWP30/Page_SelectPaymentMethod/PayByPersonalCheck")): Object: 'Object Repository/IWP30/Page_SelectPaymentMethod/PayByPersonalCheck' is clicked on

24-10-2024T06:31:47 - [MESSAGE][PASSED] - Object: 'Object Repository/IWP30/Page_SelectPaymentMethod/PayByPersonalCheck' is clicked on

24-10-2024T06:31:47 - [TEST_STEP][PASSED] - click(findTestObject("Object Repository/IWP30/Page_SelectPaymentMethod/MakePaymentButton")): Object: 'Object Repository/IWP30/Page_SelectPaymentMethod/MakePaymentButton' is clicked on

24-10-2024T06:31:50 - [MESSAGE][PASSED] - Object: 'Object Repository/IWP30/Page_SelectPaymentMethod/MakePaymentButton' is clicked on

24-10-2024T06:31:50 - [TEST_STEP][PASSED] - iwpPages.achPersonalPaymentEntryPage.setDataACHPPM(row, dataFile): iwpPages.achPersonalPaymentEntryPage.setDataACHPPM is PASSED

24-10-2024T06:31:51 - [MESSAGE][PASSED] - Object 'Object Repository/IWP30/Page_ACHPersonalPaymentEntry/txt_accountNumber' is present

24-10-2024T06:31:52 - [MESSAGE][PASSED] - Text '11.50' is set on object 'Object Repository/IWP30/Page_ACHPersonalPaymentEntry/txt_Amount'

24-10-2024T06:31:52 - [MESSAGE][PASSED] - Object 'Object Repository/IWP30/Page_ACHPersonalPaymentEntry/txt_UDF2' is present

24-10-2024T06:31:52 - [MESSAGE][PASSED] - All options with label 'Soccer' are selected in object 'Object Repository/IWP30/Page_ACHPersonalPaymentEntry/dd_UDF8' 

24-10-2024T06:31:53 - [MESSAGE][PASSED] - Object 'Object Repository/IWP30/Page_ACHPersonalPaymentEntry/txt_Firstname' is present

24-10-2024T06:31:53 - [MESSAGE][PASSED] - Text 'Elizath' is set on object 'Object Repository/IWP30/Page_ACHPersonalPaymentEntry/txt_Firstname'

24-10-2024T06:31:53 - [MESSAGE][PASSED] - Object 'Object Repository/IWP30/Page_ACHPersonalPaymentEntry/txt_Lastname' is present

24-10-2024T06:31:54 - [MESSAGE][PASSED] - Text 'Christine' is set on object 'Object Repository/IWP30/Page_ACHPersonalPaymentEntry/txt_Lastname'

24-10-2024T06:31:54 - [MESSAGE][PASSED] - Object 'Object Repository/IWP30/Page_ACHPersonalPaymentEntry/txt_routingNumber' is present

24-10-2024T06:31:55 - [MESSAGE][PASSED] - Text '256072691' is set on object 'Object Repository/IWP30/Page_ACHPersonalPaymentEntry/txt_routingNumber'

24-10-2024T06:31:55 - [MESSAGE][PASSED] - Object 'Object Repository/IWP30/Page_ACHPersonalPaymentEntry/txt_accountNumber' is present

24-10-2024T06:31:57 - [MESSAGE][PASSED] - Text '12344444' is set on object 'Object Repository/IWP30/Page_ACHPersonalPaymentEntry/txt_accountNumber'

24-10-2024T06:31:57 - [MESSAGE][PASSED] - Object 'Object Repository/IWP30/Page_ACHPersonalPaymentEntry/txt_confirmAccountNumber' is present

24-10-2024T06:31:58 - [MESSAGE][PASSED] - Text '12344444' is set on object 'Object Repository/IWP30/Page_ACHPersonalPaymentEntry/txt_confirmAccountNumber'

24-10-2024T06:31:58 - [MESSAGE][PASSED] - Object 'Object Repository/IWP30/Page_ACHPersonalPaymentEntry/rd_accountType' is present

24-10-2024T06:31:58 - [MESSAGE][PASSED] - Modify property of object successfully

24-10-2024T06:31:58 - [MESSAGE][PASSED] - Object: 'Object Repository/IWP30/Page_ACHPersonalPaymentEntry/rd_accountType' is clicked on

24-10-2024T06:31:58 - [MESSAGE][PASSED] - Object 'Object Repository/IWP30/Page_ACHPersonalPaymentEntry/txt_Email' is present

24-10-2024T06:31:59 - [MESSAGE][PASSED] - Object 'Object Repository/IWP30/Page_ACHPersonalPaymentEntry/cb_TermsAndCond' is present

24-10-2024T06:31:59 - [MESSAGE][PASSED] - Object: 'Object Repository/IWP30/Page_ACHPersonalPaymentEntry/cb_TermsAndCond' is clicked on

24-10-2024T06:31:59 - [MESSAGE][PASSED] - Object 'Object Repository/IWP30/Page_ACHPersonalPaymentEntry/btn_Continue' is present

24-10-2024T06:32:01 - [MESSAGE][PASSED] - Object: 'Object Repository/IWP30/Page_ACHPersonalPaymentEntry/btn_Continue' is clicked on

24-10-2024T06:32:01 - [MESSAGE][PASSED] - iwpPages.achPersonalPaymentEntryPage.setDataACHPPM is PASSED

24-10-2024T06:32:01 - [TEST_STEP][PASSED] - click(findTestObject("Object Repository/IWP30/Page_Confirmation/ConfirmButton")): Object: 'Object Repository/IWP30/Page_Confirmation/ConfirmButton' is clicked on

24-10-2024T06:32:03 - [MESSAGE][PASSED] - Object: 'Object Repository/IWP30/Page_Confirmation/ConfirmButton' is clicked on

24-10-2024T06:32:03 - [TEST_STEP][PASSED] - Thread.sleep(10000): null

24-10-2024T06:32:13 - [TEST_STEP][PASSED] - if (verifyTextPresent("Successful Payment Receipt", false)): null

24-10-2024T06:32:13 - [MESSAGE][PASSED] - Text 'Successful Payment Receipt' is present on page 

24-10-2024T06:32:13 - [TEST_STEP][PASSED] - println("Successful Payment Receipt text is present on the Receipt page"): null

24-10-2024T06:32:13 - [TEST_STEP][PASSED] - markPassed("Successful Payment Receipt text is present on the Receipt page"): Successful Payment Receipt text is present on the Receipt page

24-10-2024T06:32:13 - [MESSAGE][PASSED] - Successful Payment Receipt text is present on the Receipt page

24-10-2024T06:32:13 - [TEST_STEP][PASSED] - resText = "Pass": null

24-10-2024T06:32:13 - [TEST_STEP][ERROR] - pages.WriteExcel.demoKey(resText, datText, resColumn, datCloumn, fileLoc, nameSheet, row): Test Cases/IntegratedWeb/IWP25/Payments/OverAndUnderPayPC FAILED.
Reason:
com.kms.katalon.core.exception.StepErrorException: org.codehaus.groovy.runtime.InvokerInvocationException: java.io.FileNotFoundException: KatalonData\IWPTestData\VRelay25Payments.xlsx (The process cannot access the file because it is being used by another process)
	at com.kms.katalon.core.main.CustomKeywordDelegatingMetaClass.throwError(CustomKeywordDelegatingMetaClass.java:101)
	at com.kms.katalon.core.main.CustomKeywordDelegatingMetaClass.invokeStaticMethod(CustomKeywordDelegatingMetaClass.java:73)
	at OverAndUnderPayPC.run(OverAndUnderPayPC:94)
	at com.kms.katalon.core.main.ScriptEngine.run(ScriptEngine.java:194)
	at com.kms.katalon.core.main.ScriptEngine.runScriptAsRawText(ScriptEngine.java:119)
	at com.kms.katalon.core.main.TestCaseExecutor.runScript(TestCaseExecutor.java:448)
	at com.kms.katalon.core.main.TestCaseExecutor.doExecute(TestCaseExecutor.java:439)
	at com.kms.katalon.core.main.TestCaseExecutor.processExecutionPhase(TestCaseExecutor.java:418)
	at com.kms.katalon.core.main.TestCaseExecutor.accessMainPhase(TestCaseExecutor.java:410)
	at com.kms.katalon.core.main.TestCaseExecutor.execute(TestCaseExecutor.java:285)
	at com.kms.katalon.core.common.CommonExecutor.accessTestCaseMainPhase(CommonExecutor.java:65)
	at com.kms.katalon.core.main.TestSuiteExecutor.accessTestSuiteMainPhase(TestSuiteExecutor.java:150)
	at com.kms.katalon.core.main.TestSuiteExecutor.execute(TestSuiteExecutor.java:106)
	at com.kms.katalon.core.main.TestCaseMain.startTestSuite(TestCaseMain.java:180)
	at TempTestSuite1729731001385.run(TempTestSuite1729731001385.groovy:35)
	at java.base/jdk.internal.reflect.NativeMethodAccessorImpl.invoke0(Native Method)
	at java.base/jdk.internal.reflect.NativeMethodAccessorImpl.invoke(NativeMethodAccessorImpl.java:77)
	at java.base/jdk.internal.reflect.DelegatingMethodAccessorImpl.invoke(DelegatingMethodAccessorImpl.java:43)
Caused by: org.codehaus.groovy.runtime.InvokerInvocationException: java.io.FileNotFoundException: KatalonData\IWPTestData\VRelay25Payments.xlsx (The process cannot access the file because it is being used by another process)
	at com.kms.katalon.core.main.CustomKeywordDelegatingMetaClass.invokeStaticMethod(CustomKeywordDelegatingMetaClass.java:55)
	at Script1724429530114.run(Script1724429530114.groovy:94)
	... 15 more
Caused by: java.io.FileNotFoundException: KatalonData\IWPTestData\VRelay25Payments.xlsx (The process cannot access the file because it is being used by another process)
	at pages.WriteExcel.demoKey(WriteExcel.groovy:93)
	at java.base/jdk.internal.reflect.NativeMethodAccessorImpl.invoke0(Native Method)
	at java.base/jdk.internal.reflect.NativeMethodAccessorImpl.invoke(NativeMethodAccessorImpl.java:77)
	at java.base/jdk.internal.reflect.DelegatingMethodAccessorImpl.invoke(DelegatingMethodAccessorImpl.java:43)
	at com.kms.katalon.core.main.CustomKeywordDelegatingMetaClass.invokeStaticMethod(CustomKeywordDelegatingMetaClass.java:55)
	at OverAndUnderPayPC.run(OverAndUnderPayPC:94)
	... 15 more


24-10-2024T06:32:13 - [MESSAGE][ERROR] - java.io.FileNotFoundException: KatalonData\IWPTestData\VRelay25Payments.xlsx (The process cannot access the file because it is being used by another process)

24-10-2024T06:32:13 - [MESSAGE][ERROR] - Test Cases/IntegratedWeb/IWP25/Payments/OverAndUnderPayPC FAILED.
Reason:
com.kms.katalon.core.exception.StepErrorException: org.codehaus.groovy.runtime.InvokerInvocationException: java.io.FileNotFoundException: KatalonData\IWPTestData\VRelay25Payments.xlsx (The process cannot access the file because it is being used by another process)
	at com.kms.katalon.core.main.CustomKeywordDelegatingMetaClass.throwError(CustomKeywordDelegatingMetaClass.java:101)
	at com.kms.katalon.core.main.CustomKeywordDelegatingMetaClass.invokeStaticMethod(CustomKeywordDelegatingMetaClass.java:73)
	at OverAndUnderPayPC.run(OverAndUnderPayPC:94)
	at com.kms.katalon.core.main.ScriptEngine.run(ScriptEngine.java:194)
	at com.kms.katalon.core.main.ScriptEngine.runScriptAsRawText(ScriptEngine.java:119)
	at com.kms.katalon.core.main.TestCaseExecutor.runScript(TestCaseExecutor.java:448)
	at com.kms.katalon.core.main.TestCaseExecutor.doExecute(TestCaseExecutor.java:439)
	at com.kms.katalon.core.main.TestCaseExecutor.processExecutionPhase(TestCaseExecutor.java:418)
	at com.kms.katalon.core.main.TestCaseExecutor.accessMainPhase(TestCaseExecutor.java:410)
	at com.kms.katalon.core.main.TestCaseExecutor.execute(TestCaseExecutor.java:285)
	at com.kms.katalon.core.common.CommonExecutor.accessTestCaseMainPhase(CommonExecutor.java:65)
	at com.kms.katalon.core.main.TestSuiteExecutor.accessTestSuiteMainPhase(TestSuiteExecutor.java:150)
	at com.kms.katalon.core.main.TestSuiteExecutor.execute(TestSuiteExecutor.java:106)
	at com.kms.katalon.core.main.TestCaseMain.startTestSuite(TestCaseMain.java:180)
	at TempTestSuite1729731001385.run(TempTestSuite1729731001385.groovy:35)
	at java.base/jdk.internal.reflect.NativeMethodAccessorImpl.invoke0(Native Method)
	at java.base/jdk.internal.reflect.NativeMethodAccessorImpl.invoke(NativeMethodAccessorImpl.java:77)
	at java.base/jdk.internal.reflect.DelegatingMethodAccessorImpl.invoke(DelegatingMethodAccessorImpl.java:43)
Caused by: org.codehaus.groovy.runtime.InvokerInvocationException: java.io.FileNotFoundException: KatalonData\IWPTestData\VRelay25Payments.xlsx (The process cannot access the file because it is being used by another process)
	at com.kms.katalon.core.main.CustomKeywordDelegatingMetaClass.invokeStaticMethod(CustomKeywordDelegatingMetaClass.java:55)
	at Script1724429530114.run(Script1724429530114.groovy:94)
	... 15 more
Caused by: java.io.FileNotFoundException: KatalonData\IWPTestData\VRelay25Payments.xlsx (The process cannot access the file because it is being used by another process)
	at pages.WriteExcel.demoKey(WriteExcel.groovy:93)
	at java.base/jdk.internal.reflect.NativeMethodAccessorImpl.invoke0(Native Method)
	at java.base/jdk.internal.reflect.NativeMethodAccessorImpl.invoke(NativeMethodAccessorImpl.java:77)
	at java.base/jdk.internal.reflect.DelegatingMethodAccessorImpl.invoke(DelegatingMethodAccessorImpl.java:43)
	at com.kms.katalon.core.main.CustomKeywordDelegatingMetaClass.invokeStaticMethod(CustomKeywordDelegatingMetaClass.java:55)
	at OverAndUnderPayPC.run(OverAndUnderPayPC:94)
	... 15 more]]></system-out>
         <system-err><![CDATA[24-10-2024T06:30:31 - [TEST_CASE][ERROR] - Test Cases/IntegratedWeb/IWP25/Payments/OverAndUnderPayPC: Test Cases/IntegratedWeb/IWP25/Payments/OverAndUnderPayPC FAILED.
Reason:
org.codehaus.groovy.runtime.InvokerInvocationException: java.io.FileNotFoundException: KatalonData\IWPTestData\VRelay25Payments.xlsx (The process cannot access the file because it is being used by another process)
	at com.kms.katalon.core.main.CustomKeywordDelegatingMetaClass.invokeStaticMethod(CustomKeywordDelegatingMetaClass.java:55)
	at OverAndUnderPayPC.run(OverAndUnderPayPC:94)
	at com.kms.katalon.core.main.ScriptEngine.run(ScriptEngine.java:194)
	at com.kms.katalon.core.main.ScriptEngine.runScriptAsRawText(ScriptEngine.java:119)
	at com.kms.katalon.core.main.TestCaseExecutor.runScript(TestCaseExecutor.java:448)
	at com.kms.katalon.core.main.TestCaseExecutor.doExecute(TestCaseExecutor.java:439)
	at com.kms.katalon.core.main.TestCaseExecutor.processExecutionPhase(TestCaseExecutor.java:418)
	at com.kms.katalon.core.main.TestCaseExecutor.accessMainPhase(TestCaseExecutor.java:410)
	at com.kms.katalon.core.main.TestCaseExecutor.execute(TestCaseExecutor.java:285)
	at com.kms.katalon.core.common.CommonExecutor.accessTestCaseMainPhase(CommonExecutor.java:65)
	at com.kms.katalon.core.main.TestSuiteExecutor.accessTestSuiteMainPhase(TestSuiteExecutor.java:150)
	at com.kms.katalon.core.main.TestSuiteExecutor.execute(TestSuiteExecutor.java:106)
	at com.kms.katalon.core.main.TestCaseMain.startTestSuite(TestCaseMain.java:180)
	at TempTestSuite1729731001385.run(TempTestSuite1729731001385.groovy:35)
	at java.base/jdk.internal.reflect.NativeMethodAccessorImpl.invoke0(Native Method)
	at java.base/jdk.internal.reflect.NativeMethodAccessorImpl.invoke(NativeMethodAccessorImpl.java:77)
	at java.base/jdk.internal.reflect.DelegatingMethodAccessorImpl.invoke(DelegatingMethodAccessorImpl.java:43)
Caused by: java.io.FileNotFoundException: KatalonData\IWPTestData\VRelay25Payments.xlsx (The process cannot access the file because it is being used by another process)
	at pages.WriteExcel.demoKey(WriteExcel.groovy:93)
	at java.base/jdk.internal.reflect.NativeMethodAccessorImpl.invoke0(Native Method)
	at java.base/jdk.internal.reflect.NativeMethodAccessorImpl.invoke(NativeMethodAccessorImpl.java:77)
	at java.base/jdk.internal.reflect.DelegatingMethodAccessorImpl.invoke(DelegatingMethodAccessorImpl.java:43)
	... 17 more]]></system-err>
      </testcase>
      <testcase name="Test Cases/IntegratedWeb/IWP25/Payments/OverAndUnderPayPS" time="102.558" classname="Test Cases/IntegratedWeb/IWP25/Payments/OverAndUnderPayPS" status="ERROR">
         <error type="ERROR" message="Test Cases/IntegratedWeb/IWP25/Payments/OverAndUnderPayPS FAILED.&#xa;Reason:&#xa;org.codehaus.groovy.runtime.InvokerInvocationException: java.io.FileNotFoundException: KatalonData\IWPTestData\VRelay25Payments.xlsx (The process cannot access the file because it is being used by another process)&#xa;	at com.kms.katalon.core.main.CustomKeywordDelegatingMetaClass.invokeStaticMethod(CustomKeywordDelegatingMetaClass.java:55)&#xa;	at OverAndUnderPayPS.run(OverAndUnderPayPS:94)&#xa;	at com.kms.katalon.core.main.ScriptEngine.run(ScriptEngine.java:194)&#xa;	at com.kms.katalon.core.main.ScriptEngine.runScriptAsRawText(ScriptEngine.java:119)&#xa;	at com.kms.katalon.core.main.TestCaseExecutor.runScript(TestCaseExecutor.java:448)&#xa;	at com.kms.katalon.core.main.TestCaseExecutor.doExecute(TestCaseExecutor.java:439)&#xa;	at com.kms.katalon.core.main.TestCaseExecutor.processExecutionPhase(TestCaseExecutor.java:418)&#xa;	at com.kms.katalon.core.main.TestCaseExecutor.accessMainPhase(TestCaseExecutor.java:410)&#xa;	at com.kms.katalon.core.main.TestCaseExecutor.execute(TestCaseExecutor.java:285)&#xa;	at com.kms.katalon.core.common.CommonExecutor.accessTestCaseMainPhase(CommonExecutor.java:65)&#xa;	at com.kms.katalon.core.main.TestSuiteExecutor.accessTestSuiteMainPhase(TestSuiteExecutor.java:150)&#xa;	at com.kms.katalon.core.main.TestSuiteExecutor.execute(TestSuiteExecutor.java:106)&#xa;	at com.kms.katalon.core.main.TestCaseMain.startTestSuite(TestCaseMain.java:180)&#xa;	at TempTestSuite1729731001385.run(TempTestSuite1729731001385.groovy:35)&#xa;	at java.base/jdk.internal.reflect.NativeMethodAccessorImpl.invoke0(Native Method)&#xa;	at java.base/jdk.internal.reflect.NativeMethodAccessorImpl.invoke(NativeMethodAccessorImpl.java:77)&#xa;	at java.base/jdk.internal.reflect.DelegatingMethodAccessorImpl.invoke(DelegatingMethodAccessorImpl.java:43)&#xa;Caused by: java.io.FileNotFoundException: KatalonData\IWPTestData\VRelay25Payments.xlsx (The process cannot access the file because it is being used by another process)&#xa;	at pages.WriteExcel.demoKey(WriteExcel.groovy:93)&#xa;	at java.base/jdk.internal.reflect.NativeMethodAccessorImpl.invoke0(Native Method)&#xa;	at java.base/jdk.internal.reflect.NativeMethodAccessorImpl.invoke(NativeMethodAccessorImpl.java:77)&#xa;	at java.base/jdk.internal.reflect.DelegatingMethodAccessorImpl.invoke(DelegatingMethodAccessorImpl.java:43)&#xa;	... 17 more&#xa;"/>
         <system-out><![CDATA[24-10-2024T06:32:13 - [TEST_CASE][ERROR] - Test Cases/IntegratedWeb/IWP25/Payments/OverAndUnderPayPS: Test Cases/IntegratedWeb/IWP25/Payments/OverAndUnderPayPS FAILED.
Reason:
org.codehaus.groovy.runtime.InvokerInvocationException: java.io.FileNotFoundException: KatalonData\IWPTestData\VRelay25Payments.xlsx (The process cannot access the file because it is being used by another process)
	at com.kms.katalon.core.main.CustomKeywordDelegatingMetaClass.invokeStaticMethod(CustomKeywordDelegatingMetaClass.java:55)
	at OverAndUnderPayPS.run(OverAndUnderPayPS:94)
	at com.kms.katalon.core.main.ScriptEngine.run(ScriptEngine.java:194)
	at com.kms.katalon.core.main.ScriptEngine.runScriptAsRawText(ScriptEngine.java:119)
	at com.kms.katalon.core.main.TestCaseExecutor.runScript(TestCaseExecutor.java:448)
	at com.kms.katalon.core.main.TestCaseExecutor.doExecute(TestCaseExecutor.java:439)
	at com.kms.katalon.core.main.TestCaseExecutor.processExecutionPhase(TestCaseExecutor.java:418)
	at com.kms.katalon.core.main.TestCaseExecutor.accessMainPhase(TestCaseExecutor.java:410)
	at com.kms.katalon.core.main.TestCaseExecutor.execute(TestCaseExecutor.java:285)
	at com.kms.katalon.core.common.CommonExecutor.accessTestCaseMainPhase(CommonExecutor.java:65)
	at com.kms.katalon.core.main.TestSuiteExecutor.accessTestSuiteMainPhase(TestSuiteExecutor.java:150)
	at com.kms.katalon.core.main.TestSuiteExecutor.execute(TestSuiteExecutor.java:106)
	at com.kms.katalon.core.main.TestCaseMain.startTestSuite(TestCaseMain.java:180)
	at TempTestSuite1729731001385.run(TempTestSuite1729731001385.groovy:35)
	at java.base/jdk.internal.reflect.NativeMethodAccessorImpl.invoke0(Native Method)
	at java.base/jdk.internal.reflect.NativeMethodAccessorImpl.invoke(NativeMethodAccessorImpl.java:77)
	at java.base/jdk.internal.reflect.DelegatingMethodAccessorImpl.invoke(DelegatingMethodAccessorImpl.java:43)
Caused by: java.io.FileNotFoundException: KatalonData\IWPTestData\VRelay25Payments.xlsx (The process cannot access the file because it is being used by another process)
	at pages.WriteExcel.demoKey(WriteExcel.groovy:93)
	at java.base/jdk.internal.reflect.NativeMethodAccessorImpl.invoke0(Native Method)
	at java.base/jdk.internal.reflect.NativeMethodAccessorImpl.invoke(NativeMethodAccessorImpl.java:77)
	at java.base/jdk.internal.reflect.DelegatingMethodAccessorImpl.invoke(DelegatingMethodAccessorImpl.java:43)
	... 17 more


24-10-2024T06:32:13 - [TEST_STEP][PASSED] - resText = "Fail": null

24-10-2024T06:32:13 - [TEST_STEP][PASSED] - resColumn = "Result": null

24-10-2024T06:32:13 - [TEST_STEP][PASSED] - datCloumn = "Date": null

24-10-2024T06:32:13 - [TEST_STEP][PASSED] - fileLoc = "KatalonData/IWPTestData/VRelay25Payments.xlsx": null

24-10-2024T06:32:13 - [TEST_STEP][PASSED] - numOfRows = <not implemented yet for class: org.codehaus.groovy.ast.expr.EmptyExpression>: null

24-10-2024T06:32:13 - [TEST_STEP][PASSED] - dataFile = <not implemented yet for class: org.codehaus.groovy.ast.expr.EmptyExpression>: null

24-10-2024T06:32:13 - [TEST_STEP][PASSED] - nameSheet = <not implemented yet for class: org.codehaus.groovy.ast.expr.EmptyExpression>: null

24-10-2024T06:32:13 - [TEST_STEP][PASSED] - dataFileEmulator = <not implemented yet for class: org.codehaus.groovy.ast.expr.EmptyExpression>: null

24-10-2024T06:32:13 - [TEST_STEP][PASSED] - isRequiredTextPresent = false: null

24-10-2024T06:32:13 - [TEST_STEP][PASSED] - nameSheet = "OverAndUnderPayPS": null

24-10-2024T06:32:13 - [TEST_STEP][PASSED] - dataFile = "IWPTestData/IWP25OverAndUnderPayPS": null

24-10-2024T06:32:13 - [TEST_STEP][PASSED] - dataFileEmulator = "IWPTestData/EmulatorData": null

24-10-2024T06:32:13 - [TEST_STEP][PASSED] - numOfRows = findTestData(dataFile).getRowNumbers(): null

24-10-2024T06:32:13 - [TEST_STEP][PASSED] - println("Number of Records: " + numOfRows): null

24-10-2024T06:32:13 - [TEST_STEP][PASSED] - for ([row = 1, row <= numOfRows, (row++)]): null

24-10-2024T06:32:13 - [TEST_STEP][PASSED] - ExecuteTC = findTestData(dataFile).getValue("Execute", row): null

24-10-2024T06:32:13 - [TEST_STEP][PASSED] - out.println("Value of Execute is : " + ExecuteTC): null

24-10-2024T06:32:13 - [TEST_STEP][PASSED] - if (ExecuteTC.equalsIgnoreCase("Y")): null

24-10-2024T06:32:13 - [TEST_STEP][PASSED] - out.println("Begin Record Number: " + row): null

24-10-2024T06:32:13 - [TEST_STEP][PASSED] - today = new java.util.Date(): null

24-10-2024T06:32:13 - [TEST_STEP][PASSED] - println(today): null

24-10-2024T06:32:13 - [TEST_STEP][PASSED] - datText = today: null

24-10-2024T06:32:13 - [TEST_STEP][PASSED] - EmulatorDataKey = findTestData(dataFile).getValue("EmulatorData", row): null

24-10-2024T06:32:14 - [TEST_STEP][PASSED] - out.println("Value of Emulator Key is : " + EmulatorDataKey): null

24-10-2024T06:32:14 - [TEST_STEP][PASSED] - iwpPages.emulatorIWP30.setDataEmulator_DD(EmulatorDataKey): iwpPages.emulatorIWP30.setDataEmulator_DD is PASSED

24-10-2024T06:32:14 - [MESSAGE][WARNING] - A browser is already opened. Closing browser and opening a new one

24-10-2024T06:32:14 - [MESSAGE][INFO] - Starting 'Edge Chromium' driver

24-10-2024T06:32:14 - [MESSAGE][INFO] - User set preference: ['acceptInsecureCerts', 'true']

24-10-2024T06:32:16 - [MESSAGE][INFO] - Action delay is set to 0 milliseconds

24-10-2024T06:32:21 - [MESSAGE][PASSED] - Browser is opened with url: 'https://qa2.velocitypayment.com/agencyx/config.action?action=editor&message_version=2_5'

24-10-2024T06:32:21 - [MESSAGE][PASSED] - Current window maximized

24-10-2024T06:32:52 - [MESSAGE][INFO] - Unable to find the element located by 'By.xpath: //select[@name='message_version']'. Please recheck the objects properties to make sure the desired element is located. 

24-10-2024T06:32:52 - [MESSAGE][WARNING] - [SELF-HEALING] Failed to find element with id 'Object Repository/IWP30/Page_VRelay30Emulator/MV'. Try using Self-healing.

24-10-2024T06:32:52 - [MESSAGE][WARNING] - [SELF-HEALING] The current locator of test object 'Object Repository/IWP30/Page_VRelay30Emulator/MV' was broken. Propose an alternative one: '(.//*[normalize-space(text()) and normalize-space(.)='Message Version'])[1]/following::select[1]'.

24-10-2024T06:32:53 - [MESSAGE][PASSED] - All options with value '2.5' are selected in object 'Object Repository/IWP30/Page_VRelay30Emulator/MV'  using regular expression

24-10-2024T06:32:53 - [MESSAGE][PASSED] - Text '10.50' is set on object 'Object Repository/IWP30/Page_EmulatorAgencyX/Amount'

24-10-2024T06:32:54 - [MESSAGE][PASSED] - Text '0SlxVZ5yxlUj' is set on object 'Object Repository/IWP30/Page_EmulatorAgencyX/CAN'

24-10-2024T06:32:54 - [MESSAGE][PASSED] - Text 'PayNow' is set on object 'Object Repository/IWP30/Page_EmulatorAgencyX/Action'

24-10-2024T06:32:55 - [MESSAGE][PASSED] - Text 'en_US' is set on object 'Object Repository/IWP30/Page_EmulatorAgencyX/Lang'

24-10-2024T06:32:56 - [MESSAGE][PASSED] - Text 'Jasmine' is set on object 'Object Repository/IWP30/Page_EmulatorAgencyX/Fname'

24-10-2024T06:32:56 - [MESSAGE][PASSED] - Text 'Patrinol' is set on object 'Object Repository/IWP30/Page_EmulatorAgencyX/Lname'

24-10-2024T06:32:57 - [MESSAGE][PASSED] - Text '258 Underwood rd' is set on object 'Object Repository/IWP30/Page_EmulatorAgencyX/AL1'

24-10-2024T06:32:58 - [MESSAGE][PASSED] - Text 'Suite 600' is set on object 'Object Repository/IWP30/Page_EmulatorAgencyX/AL2'

24-10-2024T06:32:58 - [MESSAGE][PASSED] - Text '840' is set on object 'Object Repository/IWP30/Page_EmulatorAgencyX/Country'

24-10-2024T06:32:59 - [MESSAGE][PASSED] - Text 'Arlington' is set on object 'Object Repository/IWP30/Page_EmulatorAgencyX/City'

24-10-2024T06:32:59 - [MESSAGE][PASSED] - Text 'VA' is set on object 'Object Repository/IWP30/Page_EmulatorAgencyX/State'

24-10-2024T06:33:00 - [MESSAGE][PASSED] - Text '22201' is set on object 'Object Repository/IWP30/Page_EmulatorAgencyX/ZIP'

24-10-2024T06:33:01 - [MESSAGE][PASSED] - Text '' is set on object 'Object Repository/IWP30/Page_EmulatorAgencyX/Order'

24-10-2024T06:33:01 - [MESSAGE][PASSED] - Text 'Some Company' is set on object 'Object Repository/IWP30/Page_EmulatorAgencyX/Company'

24-10-2024T06:33:02 - [MESSAGE][PASSED] - Text 'iahmed@govolution.com' is set on object 'Object Repository/IWP30/Page_EmulatorAgencyX/Email'

24-10-2024T06:33:02 - [MESSAGE][PASSED] - Text 'udf data 1' is set on object 'Object Repository/IWP30/Page_EmulatorAgencyX/UDF1'

24-10-2024T06:33:03 - [MESSAGE][PASSED] - Text 'udf data 2' is set on object 'Object Repository/IWP30/Page_EmulatorAgencyX/UDF2'

24-10-2024T06:33:04 - [MESSAGE][PASSED] - Text 'udf data 3' is set on object 'Object Repository/IWP30/Page_EmulatorAgencyX/UDF3'

24-10-2024T06:33:04 - [MESSAGE][PASSED] - Text 'udf data 4' is set on object 'Object Repository/IWP30/Page_EmulatorAgencyX/UDF4'

24-10-2024T06:33:05 - [MESSAGE][PASSED] - Text 'udf data 5' is set on object 'Object Repository/IWP30/Page_EmulatorAgencyX/UDF5'

24-10-2024T06:33:05 - [MESSAGE][PASSED] - Text 'udf data 6' is set on object 'Object Repository/IWP30/Page_EmulatorAgencyX/UDF6'

24-10-2024T06:33:06 - [MESSAGE][PASSED] - Text 'Orange' is set on object 'Object Repository/IWP30/Page_EmulatorAgencyX/UDF7'

24-10-2024T06:33:07 - [MESSAGE][PASSED] - Text 'Soccer' is set on object 'Object Repository/IWP30/Page_EmulatorAgencyX/UDF8'

24-10-2024T06:33:07 - [MESSAGE][PASSED] - Text 'udf data 9' is set on object 'Object Repository/IWP30/Page_EmulatorAgencyX/UDF9'

24-10-2024T06:33:08 - [MESSAGE][PASSED] - Text 'udf data 10' is set on object 'Object Repository/IWP30/Page_EmulatorAgencyX/UDF10'

24-10-2024T06:33:09 - [MESSAGE][PASSED] - Object: 'Object Repository/IWP30/Page_EmulatorAgencyX/Submit' is clicked on

24-10-2024T06:33:14 - [MESSAGE][PASSED] - Browser is closed

24-10-2024T06:33:18 - [MESSAGE][PASSED] - iwpPages.emulatorIWP30.setDataEmulator_DD is PASSED

24-10-2024T06:33:18 - [TEST_STEP][PASSED] - testHarnessURL = urlTestHarness: null

24-10-2024T06:33:18 - [TEST_STEP][PASSED] - openBrowser(testHarnessURL): Browser is opened with url: 'https://dev-algorithm.govolution.com/vrelaytest/QA2/version_2_2/vrelaytest.html'

24-10-2024T06:33:18 - [MESSAGE][INFO] - Starting 'Edge Chromium' driver

24-10-2024T06:33:18 - [MESSAGE][INFO] - User set preference: ['acceptInsecureCerts', 'true']

24-10-2024T06:33:20 - [MESSAGE][INFO] - Action delay is set to 0 milliseconds

24-10-2024T06:33:23 - [MESSAGE][PASSED] - Browser is opened with url: 'https://dev-algorithm.govolution.com/vrelaytest/QA2/version_2_2/vrelaytest.html'

24-10-2024T06:33:23 - [TEST_STEP][PASSED] - maximizeWindow(): Current window maximized

24-10-2024T06:33:23 - [MESSAGE][PASSED] - Current window maximized

24-10-2024T06:33:23 - [TEST_STEP][PASSED] - iwpPages.TestHarnessPage.setDataMethod(row, dataFile): iwpPages.TestHarnessPage.setDataMethod is PASSED

24-10-2024T06:33:24 - [MESSAGE][PASSED] - Object 'Object Repository/IWP30/Page_QATestHarness/RemittanceID' is present

24-10-2024T06:33:24 - [MESSAGE][PASSED] - Text '638' is set on object 'Object Repository/IWP30/Page_QATestHarness/ApplicationID'

24-10-2024T06:33:25 - [MESSAGE][PASSED] - Text '2.5' is set on object 'Object Repository/IWP30/Page_QATestHarness/MessageVersion'

24-10-2024T06:33:26 - [MESSAGE][PASSED] - Text 'k9ozgk1dwYQF' is set on object 'Object Repository/IWP30/Page_QATestHarness/RemittanceID'

24-10-2024T06:33:29 - [MESSAGE][PASSED] - Object: 'Object Repository/IWP30/Page_QATestHarness/SubmitButton' is clicked on

24-10-2024T06:33:29 - [MESSAGE][PASSED] - iwpPages.TestHarnessPage.setDataMethod is PASSED

24-10-2024T06:33:29 - [TEST_STEP][PASSED] - click(findTestObject("Object Repository/IWP30/Page_SelectPaymentMethod/PayByPersonalCheck")): Object: 'Object Repository/IWP30/Page_SelectPaymentMethod/PayByPersonalCheck' is clicked on

24-10-2024T06:33:30 - [MESSAGE][PASSED] - Object: 'Object Repository/IWP30/Page_SelectPaymentMethod/PayByPersonalCheck' is clicked on

24-10-2024T06:33:30 - [TEST_STEP][PASSED] - click(findTestObject("Object Repository/IWP30/Page_SelectPaymentMethod/MakePaymentButton")): Object: 'Object Repository/IWP30/Page_SelectPaymentMethod/MakePaymentButton' is clicked on

24-10-2024T06:33:33 - [MESSAGE][PASSED] - Object: 'Object Repository/IWP30/Page_SelectPaymentMethod/MakePaymentButton' is clicked on

24-10-2024T06:33:33 - [TEST_STEP][PASSED] - iwpPages.achPersonalPaymentEntryPage.setDataACHPPM(row, dataFile): iwpPages.achPersonalPaymentEntryPage.setDataACHPPM is PASSED

24-10-2024T06:33:34 - [MESSAGE][PASSED] - Object 'Object Repository/IWP30/Page_ACHPersonalPaymentEntry/txt_accountNumber' is present

24-10-2024T06:33:34 - [MESSAGE][PASSED] - Text '11.50' is set on object 'Object Repository/IWP30/Page_ACHPersonalPaymentEntry/txt_Amount'

24-10-2024T06:33:34 - [MESSAGE][PASSED] - Object 'Object Repository/IWP30/Page_ACHPersonalPaymentEntry/txt_UDF2' is present

24-10-2024T06:33:35 - [MESSAGE][PASSED] - All options with label 'Soccer' are selected in object 'Object Repository/IWP30/Page_ACHPersonalPaymentEntry/dd_UDF8' 

24-10-2024T06:33:35 - [MESSAGE][PASSED] - Object 'Object Repository/IWP30/Page_ACHPersonalPaymentEntry/txt_Firstname' is present

24-10-2024T06:33:36 - [MESSAGE][PASSED] - Text 'Elizath' is set on object 'Object Repository/IWP30/Page_ACHPersonalPaymentEntry/txt_Firstname'

24-10-2024T06:33:36 - [MESSAGE][PASSED] - Object 'Object Repository/IWP30/Page_ACHPersonalPaymentEntry/txt_Lastname' is present

24-10-2024T06:33:37 - [MESSAGE][PASSED] - Text 'Christine' is set on object 'Object Repository/IWP30/Page_ACHPersonalPaymentEntry/txt_Lastname'

24-10-2024T06:33:37 - [MESSAGE][PASSED] - Object 'Object Repository/IWP30/Page_ACHPersonalPaymentEntry/txt_routingNumber' is present

24-10-2024T06:33:38 - [MESSAGE][PASSED] - Text '256072691' is set on object 'Object Repository/IWP30/Page_ACHPersonalPaymentEntry/txt_routingNumber'

24-10-2024T06:33:38 - [MESSAGE][PASSED] - Object 'Object Repository/IWP30/Page_ACHPersonalPaymentEntry/txt_accountNumber' is present

24-10-2024T06:33:39 - [MESSAGE][PASSED] - Text '12344444' is set on object 'Object Repository/IWP30/Page_ACHPersonalPaymentEntry/txt_accountNumber'

24-10-2024T06:33:40 - [MESSAGE][PASSED] - Object 'Object Repository/IWP30/Page_ACHPersonalPaymentEntry/txt_confirmAccountNumber' is present

24-10-2024T06:33:40 - [MESSAGE][PASSED] - Text '12344444' is set on object 'Object Repository/IWP30/Page_ACHPersonalPaymentEntry/txt_confirmAccountNumber'

24-10-2024T06:33:41 - [MESSAGE][PASSED] - Object 'Object Repository/IWP30/Page_ACHPersonalPaymentEntry/rd_accountType' is present

24-10-2024T06:33:41 - [MESSAGE][PASSED] - Modify property of object successfully

24-10-2024T06:33:41 - [MESSAGE][PASSED] - Object: 'Object Repository/IWP30/Page_ACHPersonalPaymentEntry/rd_accountType' is clicked on

24-10-2024T06:33:41 - [MESSAGE][PASSED] - Object 'Object Repository/IWP30/Page_ACHPersonalPaymentEntry/txt_Email' is present

24-10-2024T06:33:41 - [MESSAGE][PASSED] - Object 'Object Repository/IWP30/Page_ACHPersonalPaymentEntry/cb_TermsAndCond' is present

24-10-2024T06:33:42 - [MESSAGE][PASSED] - Object: 'Object Repository/IWP30/Page_ACHPersonalPaymentEntry/cb_TermsAndCond' is clicked on

24-10-2024T06:33:42 - [MESSAGE][PASSED] - Object 'Object Repository/IWP30/Page_ACHPersonalPaymentEntry/btn_Continue' is present

24-10-2024T06:33:43 - [MESSAGE][PASSED] - Object: 'Object Repository/IWP30/Page_ACHPersonalPaymentEntry/btn_Continue' is clicked on

24-10-2024T06:33:43 - [MESSAGE][PASSED] - iwpPages.achPersonalPaymentEntryPage.setDataACHPPM is PASSED

24-10-2024T06:33:43 - [TEST_STEP][PASSED] - click(findTestObject("Object Repository/IWP30/Page_Confirmation/ConfirmButton")): Object: 'Object Repository/IWP30/Page_Confirmation/ConfirmButton' is clicked on

24-10-2024T06:33:45 - [MESSAGE][PASSED] - Object: 'Object Repository/IWP30/Page_Confirmation/ConfirmButton' is clicked on

24-10-2024T06:33:45 - [TEST_STEP][PASSED] - Thread.sleep(10000): null

24-10-2024T06:33:55 - [TEST_STEP][PASSED] - if (verifyTextPresent("Successful Payment Receipt", false)): null

24-10-2024T06:33:56 - [MESSAGE][PASSED] - Text 'Successful Payment Receipt' is present on page 

24-10-2024T06:33:56 - [TEST_STEP][PASSED] - println("Successful Payment Receipt text is present on the Receipt page"): null

24-10-2024T06:33:56 - [TEST_STEP][PASSED] - markPassed("Successful Payment Receipt text is present on the Receipt page"): Successful Payment Receipt text is present on the Receipt page

24-10-2024T06:33:56 - [MESSAGE][PASSED] - Successful Payment Receipt text is present on the Receipt page

24-10-2024T06:33:56 - [TEST_STEP][PASSED] - resText = "Pass": null

24-10-2024T06:33:56 - [TEST_STEP][ERROR] - pages.WriteExcel.demoKey(resText, datText, resColumn, datCloumn, fileLoc, nameSheet, row): Test Cases/IntegratedWeb/IWP25/Payments/OverAndUnderPayPS FAILED.
Reason:
com.kms.katalon.core.exception.StepErrorException: org.codehaus.groovy.runtime.InvokerInvocationException: java.io.FileNotFoundException: KatalonData\IWPTestData\VRelay25Payments.xlsx (The process cannot access the file because it is being used by another process)
	at com.kms.katalon.core.main.CustomKeywordDelegatingMetaClass.throwError(CustomKeywordDelegatingMetaClass.java:101)
	at com.kms.katalon.core.main.CustomKeywordDelegatingMetaClass.invokeStaticMethod(CustomKeywordDelegatingMetaClass.java:73)
	at OverAndUnderPayPS.run(OverAndUnderPayPS:94)
	at com.kms.katalon.core.main.ScriptEngine.run(ScriptEngine.java:194)
	at com.kms.katalon.core.main.ScriptEngine.runScriptAsRawText(ScriptEngine.java:119)
	at com.kms.katalon.core.main.TestCaseExecutor.runScript(TestCaseExecutor.java:448)
	at com.kms.katalon.core.main.TestCaseExecutor.doExecute(TestCaseExecutor.java:439)
	at com.kms.katalon.core.main.TestCaseExecutor.processExecutionPhase(TestCaseExecutor.java:418)
	at com.kms.katalon.core.main.TestCaseExecutor.accessMainPhase(TestCaseExecutor.java:410)
	at com.kms.katalon.core.main.TestCaseExecutor.execute(TestCaseExecutor.java:285)
	at com.kms.katalon.core.common.CommonExecutor.accessTestCaseMainPhase(CommonExecutor.java:65)
	at com.kms.katalon.core.main.TestSuiteExecutor.accessTestSuiteMainPhase(TestSuiteExecutor.java:150)
	at com.kms.katalon.core.main.TestSuiteExecutor.execute(TestSuiteExecutor.java:106)
	at com.kms.katalon.core.main.TestCaseMain.startTestSuite(TestCaseMain.java:180)
	at TempTestSuite1729731001385.run(TempTestSuite1729731001385.groovy:35)
	at java.base/jdk.internal.reflect.NativeMethodAccessorImpl.invoke0(Native Method)
	at java.base/jdk.internal.reflect.NativeMethodAccessorImpl.invoke(NativeMethodAccessorImpl.java:77)
	at java.base/jdk.internal.reflect.DelegatingMethodAccessorImpl.invoke(DelegatingMethodAccessorImpl.java:43)
Caused by: org.codehaus.groovy.runtime.InvokerInvocationException: java.io.FileNotFoundException: KatalonData\IWPTestData\VRelay25Payments.xlsx (The process cannot access the file because it is being used by another process)
	at com.kms.katalon.core.main.CustomKeywordDelegatingMetaClass.invokeStaticMethod(CustomKeywordDelegatingMetaClass.java:55)
	at Script1724850680651.run(Script1724850680651.groovy:94)
	... 15 more
Caused by: java.io.FileNotFoundException: KatalonData\IWPTestData\VRelay25Payments.xlsx (The process cannot access the file because it is being used by another process)
	at pages.WriteExcel.demoKey(WriteExcel.groovy:93)
	at java.base/jdk.internal.reflect.NativeMethodAccessorImpl.invoke0(Native Method)
	at java.base/jdk.internal.reflect.NativeMethodAccessorImpl.invoke(NativeMethodAccessorImpl.java:77)
	at java.base/jdk.internal.reflect.DelegatingMethodAccessorImpl.invoke(DelegatingMethodAccessorImpl.java:43)
	at com.kms.katalon.core.main.CustomKeywordDelegatingMetaClass.invokeStaticMethod(CustomKeywordDelegatingMetaClass.java:55)
	at OverAndUnderPayPS.run(OverAndUnderPayPS:94)
	... 15 more


24-10-2024T06:33:56 - [MESSAGE][ERROR] - java.io.FileNotFoundException: KatalonData\IWPTestData\VRelay25Payments.xlsx (The process cannot access the file because it is being used by another process)

24-10-2024T06:33:56 - [MESSAGE][ERROR] - Test Cases/IntegratedWeb/IWP25/Payments/OverAndUnderPayPS FAILED.
Reason:
com.kms.katalon.core.exception.StepErrorException: org.codehaus.groovy.runtime.InvokerInvocationException: java.io.FileNotFoundException: KatalonData\IWPTestData\VRelay25Payments.xlsx (The process cannot access the file because it is being used by another process)
	at com.kms.katalon.core.main.CustomKeywordDelegatingMetaClass.throwError(CustomKeywordDelegatingMetaClass.java:101)
	at com.kms.katalon.core.main.CustomKeywordDelegatingMetaClass.invokeStaticMethod(CustomKeywordDelegatingMetaClass.java:73)
	at OverAndUnderPayPS.run(OverAndUnderPayPS:94)
	at com.kms.katalon.core.main.ScriptEngine.run(ScriptEngine.java:194)
	at com.kms.katalon.core.main.ScriptEngine.runScriptAsRawText(ScriptEngine.java:119)
	at com.kms.katalon.core.main.TestCaseExecutor.runScript(TestCaseExecutor.java:448)
	at com.kms.katalon.core.main.TestCaseExecutor.doExecute(TestCaseExecutor.java:439)
	at com.kms.katalon.core.main.TestCaseExecutor.processExecutionPhase(TestCaseExecutor.java:418)
	at com.kms.katalon.core.main.TestCaseExecutor.accessMainPhase(TestCaseExecutor.java:410)
	at com.kms.katalon.core.main.TestCaseExecutor.execute(TestCaseExecutor.java:285)
	at com.kms.katalon.core.common.CommonExecutor.accessTestCaseMainPhase(CommonExecutor.java:65)
	at com.kms.katalon.core.main.TestSuiteExecutor.accessTestSuiteMainPhase(TestSuiteExecutor.java:150)
	at com.kms.katalon.core.main.TestSuiteExecutor.execute(TestSuiteExecutor.java:106)
	at com.kms.katalon.core.main.TestCaseMain.startTestSuite(TestCaseMain.java:180)
	at TempTestSuite1729731001385.run(TempTestSuite1729731001385.groovy:35)
	at java.base/jdk.internal.reflect.NativeMethodAccessorImpl.invoke0(Native Method)
	at java.base/jdk.internal.reflect.NativeMethodAccessorImpl.invoke(NativeMethodAccessorImpl.java:77)
	at java.base/jdk.internal.reflect.DelegatingMethodAccessorImpl.invoke(DelegatingMethodAccessorImpl.java:43)
Caused by: org.codehaus.groovy.runtime.InvokerInvocationException: java.io.FileNotFoundException: KatalonData\IWPTestData\VRelay25Payments.xlsx (The process cannot access the file because it is being used by another process)
	at com.kms.katalon.core.main.CustomKeywordDelegatingMetaClass.invokeStaticMethod(CustomKeywordDelegatingMetaClass.java:55)
	at Script1724850680651.run(Script1724850680651.groovy:94)
	... 15 more
Caused by: java.io.FileNotFoundException: KatalonData\IWPTestData\VRelay25Payments.xlsx (The process cannot access the file because it is being used by another process)
	at pages.WriteExcel.demoKey(WriteExcel.groovy:93)
	at java.base/jdk.internal.reflect.NativeMethodAccessorImpl.invoke0(Native Method)
	at java.base/jdk.internal.reflect.NativeMethodAccessorImpl.invoke(NativeMethodAccessorImpl.java:77)
	at java.base/jdk.internal.reflect.DelegatingMethodAccessorImpl.invoke(DelegatingMethodAccessorImpl.java:43)
	at com.kms.katalon.core.main.CustomKeywordDelegatingMetaClass.invokeStaticMethod(CustomKeywordDelegatingMetaClass.java:55)
	at OverAndUnderPayPS.run(OverAndUnderPayPS:94)
	... 15 more]]></system-out>
         <system-err><![CDATA[24-10-2024T06:32:13 - [TEST_CASE][ERROR] - Test Cases/IntegratedWeb/IWP25/Payments/OverAndUnderPayPS: Test Cases/IntegratedWeb/IWP25/Payments/OverAndUnderPayPS FAILED.
Reason:
org.codehaus.groovy.runtime.InvokerInvocationException: java.io.FileNotFoundException: KatalonData\IWPTestData\VRelay25Payments.xlsx (The process cannot access the file because it is being used by another process)
	at com.kms.katalon.core.main.CustomKeywordDelegatingMetaClass.invokeStaticMethod(CustomKeywordDelegatingMetaClass.java:55)
	at OverAndUnderPayPS.run(OverAndUnderPayPS:94)
	at com.kms.katalon.core.main.ScriptEngine.run(ScriptEngine.java:194)
	at com.kms.katalon.core.main.ScriptEngine.runScriptAsRawText(ScriptEngine.java:119)
	at com.kms.katalon.core.main.TestCaseExecutor.runScript(TestCaseExecutor.java:448)
	at com.kms.katalon.core.main.TestCaseExecutor.doExecute(TestCaseExecutor.java:439)
	at com.kms.katalon.core.main.TestCaseExecutor.processExecutionPhase(TestCaseExecutor.java:418)
	at com.kms.katalon.core.main.TestCaseExecutor.accessMainPhase(TestCaseExecutor.java:410)
	at com.kms.katalon.core.main.TestCaseExecutor.execute(TestCaseExecutor.java:285)
	at com.kms.katalon.core.common.CommonExecutor.accessTestCaseMainPhase(CommonExecutor.java:65)
	at com.kms.katalon.core.main.TestSuiteExecutor.accessTestSuiteMainPhase(TestSuiteExecutor.java:150)
	at com.kms.katalon.core.main.TestSuiteExecutor.execute(TestSuiteExecutor.java:106)
	at com.kms.katalon.core.main.TestCaseMain.startTestSuite(TestCaseMain.java:180)
	at TempTestSuite1729731001385.run(TempTestSuite1729731001385.groovy:35)
	at java.base/jdk.internal.reflect.NativeMethodAccessorImpl.invoke0(Native Method)
	at java.base/jdk.internal.reflect.NativeMethodAccessorImpl.invoke(NativeMethodAccessorImpl.java:77)
	at java.base/jdk.internal.reflect.DelegatingMethodAccessorImpl.invoke(DelegatingMethodAccessorImpl.java:43)
Caused by: java.io.FileNotFoundException: KatalonData\IWPTestData\VRelay25Payments.xlsx (The process cannot access the file because it is being used by another process)
	at pages.WriteExcel.demoKey(WriteExcel.groovy:93)
	at java.base/jdk.internal.reflect.NativeMethodAccessorImpl.invoke0(Native Method)
	at java.base/jdk.internal.reflect.NativeMethodAccessorImpl.invoke(NativeMethodAccessorImpl.java:77)
	at java.base/jdk.internal.reflect.DelegatingMethodAccessorImpl.invoke(DelegatingMethodAccessorImpl.java:43)
	... 17 more]]></system-err>
      </testcase>
      <testcase name="Test Cases/IntegratedWeb/IWP25/Payments/PayNowCorpDCF" time="123.589" classname="Test Cases/IntegratedWeb/IWP25/Payments/PayNowCorpDCF" status="ERROR">
         <error type="ERROR" message="Test Cases/IntegratedWeb/IWP25/Payments/PayNowCorpDCF FAILED.&#xa;Reason:&#xa;org.codehaus.groovy.runtime.InvokerInvocationException: java.io.FileNotFoundException: KatalonData\IWPTestData\VRelay25Payments.xlsx (The process cannot access the file because it is being used by another process)&#xa;	at com.kms.katalon.core.main.CustomKeywordDelegatingMetaClass.invokeStaticMethod(CustomKeywordDelegatingMetaClass.java:55)&#xa;	at PayNowCorpDCF.run(PayNowCorpDCF:157)&#xa;	at com.kms.katalon.core.main.ScriptEngine.run(ScriptEngine.java:194)&#xa;	at com.kms.katalon.core.main.ScriptEngine.runScriptAsRawText(ScriptEngine.java:119)&#xa;	at com.kms.katalon.core.main.TestCaseExecutor.runScript(TestCaseExecutor.java:448)&#xa;	at com.kms.katalon.core.main.TestCaseExecutor.doExecute(TestCaseExecutor.java:439)&#xa;	at com.kms.katalon.core.main.TestCaseExecutor.processExecutionPhase(TestCaseExecutor.java:418)&#xa;	at com.kms.katalon.core.main.TestCaseExecutor.accessMainPhase(TestCaseExecutor.java:410)&#xa;	at com.kms.katalon.core.main.TestCaseExecutor.execute(TestCaseExecutor.java:285)&#xa;	at com.kms.katalon.core.common.CommonExecutor.accessTestCaseMainPhase(CommonExecutor.java:65)&#xa;	at com.kms.katalon.core.main.TestSuiteExecutor.accessTestSuiteMainPhase(TestSuiteExecutor.java:150)&#xa;	at com.kms.katalon.core.main.TestSuiteExecutor.execute(TestSuiteExecutor.java:106)&#xa;	at com.kms.katalon.core.main.TestCaseMain.startTestSuite(TestCaseMain.java:180)&#xa;	at TempTestSuite1729731001385.run(TempTestSuite1729731001385.groovy:35)&#xa;	at java.base/jdk.internal.reflect.NativeMethodAccessorImpl.invoke0(Native Method)&#xa;	at java.base/jdk.internal.reflect.NativeMethodAccessorImpl.invoke(NativeMethodAccessorImpl.java:77)&#xa;	at java.base/jdk.internal.reflect.DelegatingMethodAccessorImpl.invoke(DelegatingMethodAccessorImpl.java:43)&#xa;Caused by: java.io.FileNotFoundException: KatalonData\IWPTestData\VRelay25Payments.xlsx (The process cannot access the file because it is being used by another process)&#xa;	at pages.WriteExcel.demoKey(WriteExcel.groovy:93)&#xa;	at java.base/jdk.internal.reflect.NativeMethodAccessorImpl.invoke0(Native Method)&#xa;	at java.base/jdk.internal.reflect.NativeMethodAccessorImpl.invoke(NativeMethodAccessorImpl.java:77)&#xa;	at java.base/jdk.internal.reflect.DelegatingMethodAccessorImpl.invoke(DelegatingMethodAccessorImpl.java:43)&#xa;	... 17 more&#xa;"/>
         <system-out><![CDATA[24-10-2024T06:33:56 - [TEST_CASE][ERROR] - Test Cases/IntegratedWeb/IWP25/Payments/PayNowCorpDCF: Test Cases/IntegratedWeb/IWP25/Payments/PayNowCorpDCF FAILED.
Reason:
org.codehaus.groovy.runtime.InvokerInvocationException: java.io.FileNotFoundException: KatalonData\IWPTestData\VRelay25Payments.xlsx (The process cannot access the file because it is being used by another process)
	at com.kms.katalon.core.main.CustomKeywordDelegatingMetaClass.invokeStaticMethod(CustomKeywordDelegatingMetaClass.java:55)
	at PayNowCorpDCF.run(PayNowCorpDCF:157)
	at com.kms.katalon.core.main.ScriptEngine.run(ScriptEngine.java:194)
	at com.kms.katalon.core.main.ScriptEngine.runScriptAsRawText(ScriptEngine.java:119)
	at com.kms.katalon.core.main.TestCaseExecutor.runScript(TestCaseExecutor.java:448)
	at com.kms.katalon.core.main.TestCaseExecutor.doExecute(TestCaseExecutor.java:439)
	at com.kms.katalon.core.main.TestCaseExecutor.processExecutionPhase(TestCaseExecutor.java:418)
	at com.kms.katalon.core.main.TestCaseExecutor.accessMainPhase(TestCaseExecutor.java:410)
	at com.kms.katalon.core.main.TestCaseExecutor.execute(TestCaseExecutor.java:285)
	at com.kms.katalon.core.common.CommonExecutor.accessTestCaseMainPhase(CommonExecutor.java:65)
	at com.kms.katalon.core.main.TestSuiteExecutor.accessTestSuiteMainPhase(TestSuiteExecutor.java:150)
	at com.kms.katalon.core.main.TestSuiteExecutor.execute(TestSuiteExecutor.java:106)
	at com.kms.katalon.core.main.TestCaseMain.startTestSuite(TestCaseMain.java:180)
	at TempTestSuite1729731001385.run(TempTestSuite1729731001385.groovy:35)
	at java.base/jdk.internal.reflect.NativeMethodAccessorImpl.invoke0(Native Method)
	at java.base/jdk.internal.reflect.NativeMethodAccessorImpl.invoke(NativeMethodAccessorImpl.java:77)
	at java.base/jdk.internal.reflect.DelegatingMethodAccessorImpl.invoke(DelegatingMethodAccessorImpl.java:43)
Caused by: java.io.FileNotFoundException: KatalonData\IWPTestData\VRelay25Payments.xlsx (The process cannot access the file because it is being used by another process)
	at pages.WriteExcel.demoKey(WriteExcel.groovy:93)
	at java.base/jdk.internal.reflect.NativeMethodAccessorImpl.invoke0(Native Method)
	at java.base/jdk.internal.reflect.NativeMethodAccessorImpl.invoke(NativeMethodAccessorImpl.java:77)
	at java.base/jdk.internal.reflect.DelegatingMethodAccessorImpl.invoke(DelegatingMethodAccessorImpl.java:43)
	... 17 more


24-10-2024T06:33:56 - [TEST_STEP][PASSED] - resText = "Fail": null

24-10-2024T06:33:56 - [TEST_STEP][PASSED] - resColumn = "Result": null

24-10-2024T06:33:56 - [TEST_STEP][PASSED] - datCloumn = "Date": null

24-10-2024T06:33:56 - [TEST_STEP][PASSED] - fileLoc = "KatalonData/IWPTestData/VRelay25Payments.xlsx": null

24-10-2024T06:33:56 - [TEST_STEP][PASSED] - numOfRows = <not implemented yet for class: org.codehaus.groovy.ast.expr.EmptyExpression>: null

24-10-2024T06:33:56 - [TEST_STEP][PASSED] - dataFile = <not implemented yet for class: org.codehaus.groovy.ast.expr.EmptyExpression>: null

24-10-2024T06:33:56 - [TEST_STEP][PASSED] - nameSheet = <not implemented yet for class: org.codehaus.groovy.ast.expr.EmptyExpression>: null

24-10-2024T06:33:56 - [TEST_STEP][PASSED] - dataFileEmulator = <not implemented yet for class: org.codehaus.groovy.ast.expr.EmptyExpression>: null

24-10-2024T06:33:56 - [TEST_STEP][PASSED] - isRequiredTextPresent = false: null

24-10-2024T06:33:56 - [TEST_STEP][PASSED] - nameSheet = "PayNowCorpDCF": null

24-10-2024T06:33:56 - [TEST_STEP][PASSED] - dataFile = "IWPTestData/IWP25PayNowCorpDCF": null

24-10-2024T06:33:56 - [TEST_STEP][PASSED] - dataFileEmulator = "IWPTestData/EmulatorData": null

24-10-2024T06:33:56 - [TEST_STEP][PASSED] - numOfRows = findTestData(dataFile).getRowNumbers(): null

24-10-2024T06:33:56 - [TEST_STEP][PASSED] - println("Number of Records: " + numOfRows): null

24-10-2024T06:33:56 - [TEST_STEP][PASSED] - for ([row = 1, row <= numOfRows, (row++)]): null

24-10-2024T06:33:56 - [TEST_STEP][PASSED] - ExecuteTC = findTestData(dataFile).getValue("Execute", row): null

24-10-2024T06:33:56 - [TEST_STEP][PASSED] - out.println("Value of Execute is : " + ExecuteTC): null

24-10-2024T06:33:56 - [TEST_STEP][PASSED] - if (ExecuteTC.equalsIgnoreCase("Y")): null

24-10-2024T06:33:56 - [TEST_STEP][PASSED] - out.println("Begin Record Number: " + row): null

24-10-2024T06:33:56 - [TEST_STEP][PASSED] - today = new java.util.Date(): null

24-10-2024T06:33:56 - [TEST_STEP][PASSED] - println(today): null

24-10-2024T06:33:56 - [TEST_STEP][PASSED] - datText = today: null

24-10-2024T06:33:56 - [TEST_STEP][PASSED] - EmulatorDataKey = findTestData(dataFile).getValue("EmulatorData", row): null

24-10-2024T06:33:56 - [TEST_STEP][PASSED] - out.println("Value of Emulator Key is : " + EmulatorDataKey): null

24-10-2024T06:33:56 - [TEST_STEP][PASSED] - iwpPages.emulatorIWP30.setDataEmulator_DD(EmulatorDataKey): iwpPages.emulatorIWP30.setDataEmulator_DD is PASSED

24-10-2024T06:33:57 - [MESSAGE][WARNING] - A browser is already opened. Closing browser and opening a new one

24-10-2024T06:33:57 - [MESSAGE][INFO] - Starting 'Edge Chromium' driver

24-10-2024T06:33:57 - [MESSAGE][INFO] - User set preference: ['acceptInsecureCerts', 'true']

24-10-2024T06:33:59 - [MESSAGE][INFO] - Action delay is set to 0 milliseconds

24-10-2024T06:34:03 - [MESSAGE][PASSED] - Browser is opened with url: 'https://qa2.velocitypayment.com/agencyx/config.action?action=editor&message_version=2_5'

24-10-2024T06:34:03 - [MESSAGE][PASSED] - Current window maximized

24-10-2024T06:34:34 - [MESSAGE][INFO] - Unable to find the element located by 'By.xpath: //select[@name='message_version']'. Please recheck the objects properties to make sure the desired element is located. 

24-10-2024T06:34:34 - [MESSAGE][WARNING] - [SELF-HEALING] Failed to find element with id 'Object Repository/IWP30/Page_VRelay30Emulator/MV'. Try using Self-healing.

24-10-2024T06:34:35 - [MESSAGE][WARNING] - [SELF-HEALING] The current locator of test object 'Object Repository/IWP30/Page_VRelay30Emulator/MV' was broken. Propose an alternative one: '(.//*[normalize-space(text()) and normalize-space(.)='Message Version'])[1]/following::select[1]'.

24-10-2024T06:34:35 - [MESSAGE][PASSED] - All options with value '2.5' are selected in object 'Object Repository/IWP30/Page_VRelay30Emulator/MV'  using regular expression

24-10-2024T06:34:36 - [MESSAGE][PASSED] - Text '10.50' is set on object 'Object Repository/IWP30/Page_EmulatorAgencyX/Amount'

24-10-2024T06:34:37 - [MESSAGE][PASSED] - Text 'ZAHNDBh97lGg' is set on object 'Object Repository/IWP30/Page_EmulatorAgencyX/CAN'

24-10-2024T06:34:37 - [MESSAGE][PASSED] - Text 'PayNow' is set on object 'Object Repository/IWP30/Page_EmulatorAgencyX/Action'

24-10-2024T06:34:38 - [MESSAGE][PASSED] - Text 'en_US' is set on object 'Object Repository/IWP30/Page_EmulatorAgencyX/Lang'

24-10-2024T06:34:38 - [MESSAGE][PASSED] - Text '' is set on object 'Object Repository/IWP30/Page_EmulatorAgencyX/Fname'

24-10-2024T06:34:39 - [MESSAGE][PASSED] - Text '' is set on object 'Object Repository/IWP30/Page_EmulatorAgencyX/Lname'

24-10-2024T06:34:39 - [MESSAGE][PASSED] - Text '' is set on object 'Object Repository/IWP30/Page_EmulatorAgencyX/AL1'

24-10-2024T06:34:40 - [MESSAGE][PASSED] - Text '' is set on object 'Object Repository/IWP30/Page_EmulatorAgencyX/AL2'

24-10-2024T06:34:41 - [MESSAGE][PASSED] - Text '' is set on object 'Object Repository/IWP30/Page_EmulatorAgencyX/Country'

24-10-2024T06:34:41 - [MESSAGE][PASSED] - Text '' is set on object 'Object Repository/IWP30/Page_EmulatorAgencyX/City'

24-10-2024T06:34:42 - [MESSAGE][PASSED] - Text '' is set on object 'Object Repository/IWP30/Page_EmulatorAgencyX/State'

24-10-2024T06:34:42 - [MESSAGE][PASSED] - Text '' is set on object 'Object Repository/IWP30/Page_EmulatorAgencyX/ZIP'

24-10-2024T06:34:43 - [MESSAGE][PASSED] - Text '' is set on object 'Object Repository/IWP30/Page_EmulatorAgencyX/Order'

24-10-2024T06:34:44 - [MESSAGE][PASSED] - Text '' is set on object 'Object Repository/IWP30/Page_EmulatorAgencyX/Company'

24-10-2024T06:34:44 - [MESSAGE][PASSED] - Text '' is set on object 'Object Repository/IWP30/Page_EmulatorAgencyX/Email'

24-10-2024T06:34:45 - [MESSAGE][PASSED] - Text '' is set on object 'Object Repository/IWP30/Page_EmulatorAgencyX/UDF1'

24-10-2024T06:34:45 - [MESSAGE][PASSED] - Text '' is set on object 'Object Repository/IWP30/Page_EmulatorAgencyX/UDF2'

24-10-2024T06:34:46 - [MESSAGE][PASSED] - Text '' is set on object 'Object Repository/IWP30/Page_EmulatorAgencyX/UDF3'

24-10-2024T06:34:46 - [MESSAGE][PASSED] - Text 'udf data 4' is set on object 'Object Repository/IWP30/Page_EmulatorAgencyX/UDF4'

24-10-2024T06:34:47 - [MESSAGE][PASSED] - Text 'udf data 5' is set on object 'Object Repository/IWP30/Page_EmulatorAgencyX/UDF5'

24-10-2024T06:34:48 - [MESSAGE][PASSED] - Text '' is set on object 'Object Repository/IWP30/Page_EmulatorAgencyX/UDF6'

24-10-2024T06:34:48 - [MESSAGE][PASSED] - Text '' is set on object 'Object Repository/IWP30/Page_EmulatorAgencyX/UDF7'

24-10-2024T06:34:49 - [MESSAGE][PASSED] - Text '' is set on object 'Object Repository/IWP30/Page_EmulatorAgencyX/UDF8'

24-10-2024T06:34:49 - [MESSAGE][PASSED] - Text 'udf data 9' is set on object 'Object Repository/IWP30/Page_EmulatorAgencyX/UDF9'

24-10-2024T06:34:50 - [MESSAGE][PASSED] - Text 'udf data 10' is set on object 'Object Repository/IWP30/Page_EmulatorAgencyX/UDF10'

24-10-2024T06:34:51 - [MESSAGE][PASSED] - Object: 'Object Repository/IWP30/Page_EmulatorAgencyX/Submit' is clicked on

24-10-2024T06:34:56 - [MESSAGE][PASSED] - Browser is closed

24-10-2024T06:35:00 - [MESSAGE][PASSED] - iwpPages.emulatorIWP30.setDataEmulator_DD is PASSED

24-10-2024T06:35:00 - [TEST_STEP][PASSED] - testHarnessURL = urlTestHarness: null

24-10-2024T06:35:00 - [TEST_STEP][PASSED] - openBrowser(testHarnessURL): Browser is opened with url: 'https://dev-algorithm.govolution.com/vrelaytest/QA2/version_2_2/vrelaytest.html'

24-10-2024T06:35:00 - [MESSAGE][INFO] - Starting 'Edge Chromium' driver

24-10-2024T06:35:00 - [MESSAGE][INFO] - User set preference: ['acceptInsecureCerts', 'true']

24-10-2024T06:35:02 - [MESSAGE][INFO] - Action delay is set to 0 milliseconds

24-10-2024T06:35:06 - [MESSAGE][PASSED] - Browser is opened with url: 'https://dev-algorithm.govolution.com/vrelaytest/QA2/version_2_2/vrelaytest.html'

24-10-2024T06:35:06 - [TEST_STEP][PASSED] - maximizeWindow(): Current window maximized

24-10-2024T06:35:06 - [MESSAGE][PASSED] - Current window maximized

24-10-2024T06:35:06 - [TEST_STEP][PASSED] - iwpPages.TestHarnessPage.setDataMethod(row, dataFile): iwpPages.TestHarnessPage.setDataMethod is PASSED

24-10-2024T06:35:06 - [MESSAGE][PASSED] - Object 'Object Repository/IWP30/Page_QATestHarness/RemittanceID' is present

24-10-2024T06:35:07 - [MESSAGE][PASSED] - Text '640' is set on object 'Object Repository/IWP30/Page_QATestHarness/ApplicationID'

24-10-2024T06:35:07 - [MESSAGE][PASSED] - Text '2.5' is set on object 'Object Repository/IWP30/Page_QATestHarness/MessageVersion'

24-10-2024T06:35:08 - [MESSAGE][PASSED] - Text 'HLqxt5Hz9oUI' is set on object 'Object Repository/IWP30/Page_QATestHarness/RemittanceID'

24-10-2024T06:35:11 - [MESSAGE][PASSED] - Object: 'Object Repository/IWP30/Page_QATestHarness/SubmitButton' is clicked on

24-10-2024T06:35:11 - [MESSAGE][PASSED] - iwpPages.TestHarnessPage.setDataMethod is PASSED

24-10-2024T06:35:11 - [TEST_STEP][PASSED] - click(findTestObject("Object Repository/IWP30/Page_SelectPaymentMethod/PayByCorporateCheck")): Object: 'Object Repository/IWP30/Page_SelectPaymentMethod/PayByCorporateCheck' is clicked on

24-10-2024T06:35:12 - [MESSAGE][PASSED] - Object: 'Object Repository/IWP30/Page_SelectPaymentMethod/PayByCorporateCheck' is clicked on

24-10-2024T06:35:12 - [TEST_STEP][PASSED] - click(findTestObject("Object Repository/IWP30/Page_SelectPaymentMethod/MakePaymentButton")): Object: 'Object Repository/IWP30/Page_SelectPaymentMethod/MakePaymentButton' is clicked on

24-10-2024T06:35:14 - [MESSAGE][PASSED] - Object: 'Object Repository/IWP30/Page_SelectPaymentMethod/MakePaymentButton' is clicked on

24-10-2024T06:35:14 - [TEST_STEP][PASSED] - iwpPages.achCorporatePaymentEntryPage.setDataCorporate(row, dataFile): iwpPages.achCorporatePaymentEntryPage.setDataCorporate is PASSED

24-10-2024T06:35:15 - [MESSAGE][PASSED] - Object 'Object Repository/IWP30/Page_ACHCorporatePaymentEntry/txt_accountNumber' is present

24-10-2024T06:35:16 - [MESSAGE][PASSED] - Object 'Object Repository/IWP30/Page_ACHCorporatePaymentEntry/input_CompanyName' is present

24-10-2024T06:35:16 - [MESSAGE][PASSED] - Text 'My Company' is set on object 'Object Repository/IWP30/Page_ACHCorporatePaymentEntry/input_CompanyName'

24-10-2024T06:35:17 - [MESSAGE][PASSED] - Object 'Object Repository/IWP30/Page_ACHCorporatePaymentEntry/input_EIN' is present

24-10-2024T06:35:17 - [MESSAGE][PASSED] - Text '123456789' is set on object 'Object Repository/IWP30/Page_ACHCorporatePaymentEntry/input_EIN'

24-10-2024T06:35:18 - [MESSAGE][PASSED] - Text '10.50' is set on object 'Object Repository/IWP30/Page_ACHCorporatePaymentEntry/txt_Amount'

24-10-2024T06:35:18 - [MESSAGE][PASSED] - Text 'udf data 2' is set on object 'Object Repository/IWP30/Page_ACHCorporatePaymentEntry/txt_UDF2'

24-10-2024T06:35:19 - [MESSAGE][PASSED] - Text 'udf data 3' is set on object 'Object Repository/IWP30/Page_ACHCorporatePaymentEntry/txt_UDF3'

24-10-2024T06:35:19 - [MESSAGE][PASSED] - All options with label 'Orange' are selected in object 'Object Repository/IWP30/Page_ACHCorporatePaymentEntry/dd_UDF7' 

24-10-2024T06:35:20 - [MESSAGE][PASSED] - All options with label 'Soccer' are selected in object 'Object Repository/IWP30/Page_ACHCorporatePaymentEntry/dd_UDF8' 

24-10-2024T06:35:20 - [MESSAGE][PASSED] - Object 'Object Repository/IWP30/Page_ACHCorporatePaymentEntry/txt_routingNumber' is present

24-10-2024T06:35:21 - [MESSAGE][PASSED] - Text '256072691' is set on object 'Object Repository/IWP30/Page_ACHCorporatePaymentEntry/txt_routingNumber'

24-10-2024T06:35:21 - [MESSAGE][PASSED] - Object 'Object Repository/IWP30/Page_ACHCorporatePaymentEntry/txt_accountNumber' is present

24-10-2024T06:35:22 - [MESSAGE][PASSED] - Text '12344444' is set on object 'Object Repository/IWP30/Page_ACHCorporatePaymentEntry/txt_accountNumber'

24-10-2024T06:35:23 - [MESSAGE][PASSED] - Object 'Object Repository/IWP30/Page_ACHCorporatePaymentEntry/txt_confirmAccountNumber' is present

24-10-2024T06:35:24 - [MESSAGE][PASSED] - Text '12344444' is set on object 'Object Repository/IWP30/Page_ACHCorporatePaymentEntry/txt_confirmAccountNumber'

24-10-2024T06:35:24 - [MESSAGE][PASSED] - Text '365 Main Avenue' is set on object 'Object Repository/IWP30/Page_ACHCorporatePaymentEntry/txt_AL1'

24-10-2024T06:35:25 - [MESSAGE][PASSED] - Text '22201' is set on object 'Object Repository/IWP30/Page_ACHCorporatePaymentEntry/txt_ZIP'

24-10-2024T06:35:25 - [MESSAGE][PASSED] - Object 'Object Repository/IWP30/Page_ACHCorporatePaymentEntry/txt_Email' is present

24-10-2024T06:35:26 - [MESSAGE][PASSED] - Text 'iahmed@govolution.com' is set on object 'Object Repository/IWP30/Page_ACHCorporatePaymentEntry/txt_Email'

24-10-2024T06:35:27 - [MESSAGE][PASSED] - Object 'Object Repository/IWP30/Page_ACHCorporatePaymentEntry/cb_TermsAndCond' is present

24-10-2024T06:35:27 - [MESSAGE][PASSED] - Object: 'Object Repository/IWP30/Page_ACHCorporatePaymentEntry/cb_TermsAndCond' is clicked on

24-10-2024T06:35:27 - [MESSAGE][PASSED] - Object 'Object Repository/IWP30/Page_ACHCorporatePaymentEntry/btn_Continue' is present

24-10-2024T06:35:29 - [MESSAGE][PASSED] - Object: 'Object Repository/IWP30/Page_ACHCorporatePaymentEntry/btn_Continue' is clicked on

24-10-2024T06:35:29 - [MESSAGE][PASSED] - iwpPages.achCorporatePaymentEntryPage.setDataCorporate is PASSED

24-10-2024T06:35:29 - [TEST_STEP][PASSED] - click(findTestObject("Object Repository/IWP30/Page_Confirmation/ConfirmButton")): Object: 'Object Repository/IWP30/Page_Confirmation/ConfirmButton' is clicked on

24-10-2024T06:35:30 - [MESSAGE][PASSED] - Object: 'Object Repository/IWP30/Page_Confirmation/ConfirmButton' is clicked on

24-10-2024T06:35:30 - [TEST_STEP][PASSED] - Thread.sleep(5000): null

24-10-2024T06:35:35 - [TEST_STEP][PASSED] - println("I am on real estate page"): null

24-10-2024T06:35:35 - [TEST_STEP][PASSED] - if (verifyTextPresent("Make a Real Estate Payment", false)): null

24-10-2024T06:35:36 - [MESSAGE][PASSED] - Text 'Make a Real Estate Payment' is present on page 

24-10-2024T06:35:36 - [TEST_STEP][PASSED] - isRequiredTextPresent = true: null

24-10-2024T06:35:36 - [TEST_STEP][PASSED] - println(isRequiredTextPresent): null

24-10-2024T06:35:36 - [TEST_STEP][PASSED] - if (isRequiredTextPresent): null

24-10-2024T06:35:36 - [TEST_STEP][PASSED] - if (verifyTextPresent("This transaction is subject to a Convenience Fees of $2.00.", false)): null

24-10-2024T06:35:36 - [MESSAGE][PASSED] - Text 'This transaction is subject to a Convenience Fees of $2.00.' is present on page 

24-10-2024T06:35:36 - [TEST_STEP][PASSED] - isRequiredTextPresent = true: null

24-10-2024T06:35:36 - [TEST_STEP][PASSED] - println(isRequiredTextPresent): null

24-10-2024T06:35:36 - [TEST_STEP][PASSED] - if (isRequiredTextPresent): null

24-10-2024T06:35:36 - [TEST_STEP][PASSED] - if (verifyTextPresent("Payment Amount:  $10.50", false)): null

24-10-2024T06:35:36 - [MESSAGE][PASSED] - Text 'Payment Amount:  $10.50' is present on page 

24-10-2024T06:35:36 - [TEST_STEP][PASSED] - isRequiredTextPresent = true: null

24-10-2024T06:35:36 - [TEST_STEP][PASSED] - if (isRequiredTextPresent): null

24-10-2024T06:35:36 - [TEST_STEP][PASSED] - if (verifyTextPresent("Convenience Fees:  $2.00", false)): null

24-10-2024T06:35:37 - [MESSAGE][PASSED] - Text 'Convenience Fees:  $2.00' is present on page 

24-10-2024T06:35:37 - [TEST_STEP][PASSED] - isRequiredTextPresent = true: null

24-10-2024T06:35:37 - [TEST_STEP][PASSED] - if (isRequiredTextPresent): null

24-10-2024T06:35:37 - [TEST_STEP][PASSED] - if (verifyTextPresent("Total Amount:  $12.50", false)): null

24-10-2024T06:35:37 - [MESSAGE][PASSED] - Text 'Total Amount:  $12.50' is present on page 

24-10-2024T06:35:37 - [TEST_STEP][PASSED] - isRequiredTextPresent = true: null

24-10-2024T06:35:37 - [TEST_STEP][PASSED] - if (isRequiredTextPresent): null

24-10-2024T06:35:37 - [TEST_STEP][PASSED] - if (verifyTextPresent("Two transactions will appear on your bank statement, one in the amount of $10.50 and one in the amount of $2.00.", false)): null

24-10-2024T06:35:37 - [MESSAGE][PASSED] - Text 'Two transactions will appear on your bank statement, one in the amount of $10.50 and one in the amount of $2.00.' is present on page 

24-10-2024T06:35:37 - [TEST_STEP][PASSED] - isRequiredTextPresent = true: null

24-10-2024T06:35:37 - [TEST_STEP][PASSED] - Thread.sleep(10000): null

24-10-2024T06:35:47 - [TEST_STEP][PASSED] - click(findTestObject("Object Repository/IWP30/Page_ConvenienceFees/btn_convFeeNotifyAction")): Object: 'Object Repository/IWP30/Page_ConvenienceFees/btn_convFeeNotifyAction' is clicked on

24-10-2024T06:35:49 - [MESSAGE][PASSED] - Object: 'Object Repository/IWP30/Page_ConvenienceFees/btn_convFeeNotifyAction' is clicked on

24-10-2024T06:35:49 - [TEST_STEP][PASSED] - Thread.sleep(10000): null

24-10-2024T06:35:59 - [TEST_STEP][PASSED] - if (verifyTextPresent("Successful Payment Receipt", false)): null

24-10-2024T06:35:59 - [MESSAGE][PASSED] - Text 'Successful Payment Receipt' is present on page 

24-10-2024T06:35:59 - [TEST_STEP][PASSED] - println("Successful Payment Receipt text is present on the Receipt page"): null

24-10-2024T06:35:59 - [TEST_STEP][PASSED] - markPassed("Successful Payment Receipt text is present on the Receipt page"): Successful Payment Receipt text is present on the Receipt page

24-10-2024T06:35:59 - [MESSAGE][PASSED] - Successful Payment Receipt text is present on the Receipt page

24-10-2024T06:35:59 - [TEST_STEP][PASSED] - resText = "Pass": null

24-10-2024T06:35:59 - [TEST_STEP][ERROR] - pages.WriteExcel.demoKey(resText, datText, resColumn, datCloumn, fileLoc, nameSheet, row): Test Cases/IntegratedWeb/IWP25/Payments/PayNowCorpDCF FAILED.
Reason:
com.kms.katalon.core.exception.StepErrorException: org.codehaus.groovy.runtime.InvokerInvocationException: java.io.FileNotFoundException: KatalonData\IWPTestData\VRelay25Payments.xlsx (The process cannot access the file because it is being used by another process)
	at com.kms.katalon.core.main.CustomKeywordDelegatingMetaClass.throwError(CustomKeywordDelegatingMetaClass.java:101)
	at com.kms.katalon.core.main.CustomKeywordDelegatingMetaClass.invokeStaticMethod(CustomKeywordDelegatingMetaClass.java:73)
	at PayNowCorpDCF.run(PayNowCorpDCF:157)
	at com.kms.katalon.core.main.ScriptEngine.run(ScriptEngine.java:194)
	at com.kms.katalon.core.main.ScriptEngine.runScriptAsRawText(ScriptEngine.java:119)
	at com.kms.katalon.core.main.TestCaseExecutor.runScript(TestCaseExecutor.java:448)
	at com.kms.katalon.core.main.TestCaseExecutor.doExecute(TestCaseExecutor.java:439)
	at com.kms.katalon.core.main.TestCaseExecutor.processExecutionPhase(TestCaseExecutor.java:418)
	at com.kms.katalon.core.main.TestCaseExecutor.accessMainPhase(TestCaseExecutor.java:410)
	at com.kms.katalon.core.main.TestCaseExecutor.execute(TestCaseExecutor.java:285)
	at com.kms.katalon.core.common.CommonExecutor.accessTestCaseMainPhase(CommonExecutor.java:65)
	at com.kms.katalon.core.main.TestSuiteExecutor.accessTestSuiteMainPhase(TestSuiteExecutor.java:150)
	at com.kms.katalon.core.main.TestSuiteExecutor.execute(TestSuiteExecutor.java:106)
	at com.kms.katalon.core.main.TestCaseMain.startTestSuite(TestCaseMain.java:180)
	at TempTestSuite1729731001385.run(TempTestSuite1729731001385.groovy:35)
	at java.base/jdk.internal.reflect.NativeMethodAccessorImpl.invoke0(Native Method)
	at java.base/jdk.internal.reflect.NativeMethodAccessorImpl.invoke(NativeMethodAccessorImpl.java:77)
	at java.base/jdk.internal.reflect.DelegatingMethodAccessorImpl.invoke(DelegatingMethodAccessorImpl.java:43)
Caused by: org.codehaus.groovy.runtime.InvokerInvocationException: java.io.FileNotFoundException: KatalonData\IWPTestData\VRelay25Payments.xlsx (The process cannot access the file because it is being used by another process)
	at com.kms.katalon.core.main.CustomKeywordDelegatingMetaClass.invokeStaticMethod(CustomKeywordDelegatingMetaClass.java:55)
	at Script1723846264201.run(Script1723846264201.groovy:157)
	... 15 more
Caused by: java.io.FileNotFoundException: KatalonData\IWPTestData\VRelay25Payments.xlsx (The process cannot access the file because it is being used by another process)
	at pages.WriteExcel.demoKey(WriteExcel.groovy:93)
	at java.base/jdk.internal.reflect.NativeMethodAccessorImpl.invoke0(Native Method)
	at java.base/jdk.internal.reflect.NativeMethodAccessorImpl.invoke(NativeMethodAccessorImpl.java:77)
	at java.base/jdk.internal.reflect.DelegatingMethodAccessorImpl.invoke(DelegatingMethodAccessorImpl.java:43)
	at com.kms.katalon.core.main.CustomKeywordDelegatingMetaClass.invokeStaticMethod(CustomKeywordDelegatingMetaClass.java:55)
	at PayNowCorpDCF.run(PayNowCorpDCF:157)
	... 15 more


24-10-2024T06:35:59 - [MESSAGE][ERROR] - java.io.FileNotFoundException: KatalonData\IWPTestData\VRelay25Payments.xlsx (The process cannot access the file because it is being used by another process)

24-10-2024T06:35:59 - [MESSAGE][ERROR] - Test Cases/IntegratedWeb/IWP25/Payments/PayNowCorpDCF FAILED.
Reason:
com.kms.katalon.core.exception.StepErrorException: org.codehaus.groovy.runtime.InvokerInvocationException: java.io.FileNotFoundException: KatalonData\IWPTestData\VRelay25Payments.xlsx (The process cannot access the file because it is being used by another process)
	at com.kms.katalon.core.main.CustomKeywordDelegatingMetaClass.throwError(CustomKeywordDelegatingMetaClass.java:101)
	at com.kms.katalon.core.main.CustomKeywordDelegatingMetaClass.invokeStaticMethod(CustomKeywordDelegatingMetaClass.java:73)
	at PayNowCorpDCF.run(PayNowCorpDCF:157)
	at com.kms.katalon.core.main.ScriptEngine.run(ScriptEngine.java:194)
	at com.kms.katalon.core.main.ScriptEngine.runScriptAsRawText(ScriptEngine.java:119)
	at com.kms.katalon.core.main.TestCaseExecutor.runScript(TestCaseExecutor.java:448)
	at com.kms.katalon.core.main.TestCaseExecutor.doExecute(TestCaseExecutor.java:439)
	at com.kms.katalon.core.main.TestCaseExecutor.processExecutionPhase(TestCaseExecutor.java:418)
	at com.kms.katalon.core.main.TestCaseExecutor.accessMainPhase(TestCaseExecutor.java:410)
	at com.kms.katalon.core.main.TestCaseExecutor.execute(TestCaseExecutor.java:285)
	at com.kms.katalon.core.common.CommonExecutor.accessTestCaseMainPhase(CommonExecutor.java:65)
	at com.kms.katalon.core.main.TestSuiteExecutor.accessTestSuiteMainPhase(TestSuiteExecutor.java:150)
	at com.kms.katalon.core.main.TestSuiteExecutor.execute(TestSuiteExecutor.java:106)
	at com.kms.katalon.core.main.TestCaseMain.startTestSuite(TestCaseMain.java:180)
	at TempTestSuite1729731001385.run(TempTestSuite1729731001385.groovy:35)
	at java.base/jdk.internal.reflect.NativeMethodAccessorImpl.invoke0(Native Method)
	at java.base/jdk.internal.reflect.NativeMethodAccessorImpl.invoke(NativeMethodAccessorImpl.java:77)
	at java.base/jdk.internal.reflect.DelegatingMethodAccessorImpl.invoke(DelegatingMethodAccessorImpl.java:43)
Caused by: org.codehaus.groovy.runtime.InvokerInvocationException: java.io.FileNotFoundException: KatalonData\IWPTestData\VRelay25Payments.xlsx (The process cannot access the file because it is being used by another process)
	at com.kms.katalon.core.main.CustomKeywordDelegatingMetaClass.invokeStaticMethod(CustomKeywordDelegatingMetaClass.java:55)
	at Script1723846264201.run(Script1723846264201.groovy:157)
	... 15 more
Caused by: java.io.FileNotFoundException: KatalonData\IWPTestData\VRelay25Payments.xlsx (The process cannot access the file because it is being used by another process)
	at pages.WriteExcel.demoKey(WriteExcel.groovy:93)
	at java.base/jdk.internal.reflect.NativeMethodAccessorImpl.invoke0(Native Method)
	at java.base/jdk.internal.reflect.NativeMethodAccessorImpl.invoke(NativeMethodAccessorImpl.java:77)
	at java.base/jdk.internal.reflect.DelegatingMethodAccessorImpl.invoke(DelegatingMethodAccessorImpl.java:43)
	at com.kms.katalon.core.main.CustomKeywordDelegatingMetaClass.invokeStaticMethod(CustomKeywordDelegatingMetaClass.java:55)
	at PayNowCorpDCF.run(PayNowCorpDCF:157)
	... 15 more]]></system-out>
         <system-err><![CDATA[24-10-2024T06:33:56 - [TEST_CASE][ERROR] - Test Cases/IntegratedWeb/IWP25/Payments/PayNowCorpDCF: Test Cases/IntegratedWeb/IWP25/Payments/PayNowCorpDCF FAILED.
Reason:
org.codehaus.groovy.runtime.InvokerInvocationException: java.io.FileNotFoundException: KatalonData\IWPTestData\VRelay25Payments.xlsx (The process cannot access the file because it is being used by another process)
	at com.kms.katalon.core.main.CustomKeywordDelegatingMetaClass.invokeStaticMethod(CustomKeywordDelegatingMetaClass.java:55)
	at PayNowCorpDCF.run(PayNowCorpDCF:157)
	at com.kms.katalon.core.main.ScriptEngine.run(ScriptEngine.java:194)
	at com.kms.katalon.core.main.ScriptEngine.runScriptAsRawText(ScriptEngine.java:119)
	at com.kms.katalon.core.main.TestCaseExecutor.runScript(TestCaseExecutor.java:448)
	at com.kms.katalon.core.main.TestCaseExecutor.doExecute(TestCaseExecutor.java:439)
	at com.kms.katalon.core.main.TestCaseExecutor.processExecutionPhase(TestCaseExecutor.java:418)
	at com.kms.katalon.core.main.TestCaseExecutor.accessMainPhase(TestCaseExecutor.java:410)
	at com.kms.katalon.core.main.TestCaseExecutor.execute(TestCaseExecutor.java:285)
	at com.kms.katalon.core.common.CommonExecutor.accessTestCaseMainPhase(CommonExecutor.java:65)
	at com.kms.katalon.core.main.TestSuiteExecutor.accessTestSuiteMainPhase(TestSuiteExecutor.java:150)
	at com.kms.katalon.core.main.TestSuiteExecutor.execute(TestSuiteExecutor.java:106)
	at com.kms.katalon.core.main.TestCaseMain.startTestSuite(TestCaseMain.java:180)
	at TempTestSuite1729731001385.run(TempTestSuite1729731001385.groovy:35)
	at java.base/jdk.internal.reflect.NativeMethodAccessorImpl.invoke0(Native Method)
	at java.base/jdk.internal.reflect.NativeMethodAccessorImpl.invoke(NativeMethodAccessorImpl.java:77)
	at java.base/jdk.internal.reflect.DelegatingMethodAccessorImpl.invoke(DelegatingMethodAccessorImpl.java:43)
Caused by: java.io.FileNotFoundException: KatalonData\IWPTestData\VRelay25Payments.xlsx (The process cannot access the file because it is being used by another process)
	at pages.WriteExcel.demoKey(WriteExcel.groovy:93)
	at java.base/jdk.internal.reflect.NativeMethodAccessorImpl.invoke0(Native Method)
	at java.base/jdk.internal.reflect.NativeMethodAccessorImpl.invoke(NativeMethodAccessorImpl.java:77)
	at java.base/jdk.internal.reflect.DelegatingMethodAccessorImpl.invoke(DelegatingMethodAccessorImpl.java:43)
	... 17 more]]></system-err>
      </testcase>
      <testcase name="Test Cases/IntegratedWeb/IWP25/Payments/PayNowCorporate" time="106.462" classname="Test Cases/IntegratedWeb/IWP25/Payments/PayNowCorporate" status="ERROR">
         <error type="ERROR" message="Test Cases/IntegratedWeb/IWP25/Payments/PayNowCorporate FAILED.&#xa;Reason:&#xa;org.codehaus.groovy.runtime.InvokerInvocationException: java.io.FileNotFoundException: KatalonData\IWPTestData\VRelay25Payments.xlsx (The process cannot access the file because it is being used by another process)&#xa;	at com.kms.katalon.core.main.CustomKeywordDelegatingMetaClass.invokeStaticMethod(CustomKeywordDelegatingMetaClass.java:55)&#xa;	at PayNowCorporate.run(PayNowCorporate:101)&#xa;	at com.kms.katalon.core.main.ScriptEngine.run(ScriptEngine.java:194)&#xa;	at com.kms.katalon.core.main.ScriptEngine.runScriptAsRawText(ScriptEngine.java:119)&#xa;	at com.kms.katalon.core.main.TestCaseExecutor.runScript(TestCaseExecutor.java:448)&#xa;	at com.kms.katalon.core.main.TestCaseExecutor.doExecute(TestCaseExecutor.java:439)&#xa;	at com.kms.katalon.core.main.TestCaseExecutor.processExecutionPhase(TestCaseExecutor.java:418)&#xa;	at com.kms.katalon.core.main.TestCaseExecutor.accessMainPhase(TestCaseExecutor.java:410)&#xa;	at com.kms.katalon.core.main.TestCaseExecutor.execute(TestCaseExecutor.java:285)&#xa;	at com.kms.katalon.core.common.CommonExecutor.accessTestCaseMainPhase(CommonExecutor.java:65)&#xa;	at com.kms.katalon.core.main.TestSuiteExecutor.accessTestSuiteMainPhase(TestSuiteExecutor.java:150)&#xa;	at com.kms.katalon.core.main.TestSuiteExecutor.execute(TestSuiteExecutor.java:106)&#xa;	at com.kms.katalon.core.main.TestCaseMain.startTestSuite(TestCaseMain.java:180)&#xa;	at TempTestSuite1729731001385.run(TempTestSuite1729731001385.groovy:35)&#xa;	at java.base/jdk.internal.reflect.NativeMethodAccessorImpl.invoke0(Native Method)&#xa;	at java.base/jdk.internal.reflect.NativeMethodAccessorImpl.invoke(NativeMethodAccessorImpl.java:77)&#xa;	at java.base/jdk.internal.reflect.DelegatingMethodAccessorImpl.invoke(DelegatingMethodAccessorImpl.java:43)&#xa;Caused by: java.io.FileNotFoundException: KatalonData\IWPTestData\VRelay25Payments.xlsx (The process cannot access the file because it is being used by another process)&#xa;	at pages.WriteExcel.demoKey(WriteExcel.groovy:93)&#xa;	at java.base/jdk.internal.reflect.NativeMethodAccessorImpl.invoke0(Native Method)&#xa;	at java.base/jdk.internal.reflect.NativeMethodAccessorImpl.invoke(NativeMethodAccessorImpl.java:77)&#xa;	at java.base/jdk.internal.reflect.DelegatingMethodAccessorImpl.invoke(DelegatingMethodAccessorImpl.java:43)&#xa;	... 17 more&#xa;"/>
         <system-out><![CDATA[24-10-2024T06:35:59 - [TEST_CASE][ERROR] - Test Cases/IntegratedWeb/IWP25/Payments/PayNowCorporate: Test Cases/IntegratedWeb/IWP25/Payments/PayNowCorporate FAILED.
Reason:
org.codehaus.groovy.runtime.InvokerInvocationException: java.io.FileNotFoundException: KatalonData\IWPTestData\VRelay25Payments.xlsx (The process cannot access the file because it is being used by another process)
	at com.kms.katalon.core.main.CustomKeywordDelegatingMetaClass.invokeStaticMethod(CustomKeywordDelegatingMetaClass.java:55)
	at PayNowCorporate.run(PayNowCorporate:101)
	at com.kms.katalon.core.main.ScriptEngine.run(ScriptEngine.java:194)
	at com.kms.katalon.core.main.ScriptEngine.runScriptAsRawText(ScriptEngine.java:119)
	at com.kms.katalon.core.main.TestCaseExecutor.runScript(TestCaseExecutor.java:448)
	at com.kms.katalon.core.main.TestCaseExecutor.doExecute(TestCaseExecutor.java:439)
	at com.kms.katalon.core.main.TestCaseExecutor.processExecutionPhase(TestCaseExecutor.java:418)
	at com.kms.katalon.core.main.TestCaseExecutor.accessMainPhase(TestCaseExecutor.java:410)
	at com.kms.katalon.core.main.TestCaseExecutor.execute(TestCaseExecutor.java:285)
	at com.kms.katalon.core.common.CommonExecutor.accessTestCaseMainPhase(CommonExecutor.java:65)
	at com.kms.katalon.core.main.TestSuiteExecutor.accessTestSuiteMainPhase(TestSuiteExecutor.java:150)
	at com.kms.katalon.core.main.TestSuiteExecutor.execute(TestSuiteExecutor.java:106)
	at com.kms.katalon.core.main.TestCaseMain.startTestSuite(TestCaseMain.java:180)
	at TempTestSuite1729731001385.run(TempTestSuite1729731001385.groovy:35)
	at java.base/jdk.internal.reflect.NativeMethodAccessorImpl.invoke0(Native Method)
	at java.base/jdk.internal.reflect.NativeMethodAccessorImpl.invoke(NativeMethodAccessorImpl.java:77)
	at java.base/jdk.internal.reflect.DelegatingMethodAccessorImpl.invoke(DelegatingMethodAccessorImpl.java:43)
Caused by: java.io.FileNotFoundException: KatalonData\IWPTestData\VRelay25Payments.xlsx (The process cannot access the file because it is being used by another process)
	at pages.WriteExcel.demoKey(WriteExcel.groovy:93)
	at java.base/jdk.internal.reflect.NativeMethodAccessorImpl.invoke0(Native Method)
	at java.base/jdk.internal.reflect.NativeMethodAccessorImpl.invoke(NativeMethodAccessorImpl.java:77)
	at java.base/jdk.internal.reflect.DelegatingMethodAccessorImpl.invoke(DelegatingMethodAccessorImpl.java:43)
	... 17 more


24-10-2024T06:35:59 - [TEST_STEP][PASSED] - resText = "Fail": null

24-10-2024T06:35:59 - [TEST_STEP][PASSED] - resColumn = "Result": null

24-10-2024T06:35:59 - [TEST_STEP][PASSED] - datCloumn = "Date": null

24-10-2024T06:35:59 - [TEST_STEP][PASSED] - fileLoc = "KatalonData/IWPTestData/VRelay25Payments.xlsx": null

24-10-2024T06:35:59 - [TEST_STEP][PASSED] - numOfRows = <not implemented yet for class: org.codehaus.groovy.ast.expr.EmptyExpression>: null

24-10-2024T06:35:59 - [TEST_STEP][PASSED] - dataFile = <not implemented yet for class: org.codehaus.groovy.ast.expr.EmptyExpression>: null

24-10-2024T06:35:59 - [TEST_STEP][PASSED] - nameSheet = <not implemented yet for class: org.codehaus.groovy.ast.expr.EmptyExpression>: null

24-10-2024T06:35:59 - [TEST_STEP][PASSED] - dataFileEmulator = <not implemented yet for class: org.codehaus.groovy.ast.expr.EmptyExpression>: null

24-10-2024T06:35:59 - [TEST_STEP][PASSED] - nameSheet = "PayNowCorp": null

24-10-2024T06:35:59 - [TEST_STEP][PASSED] - dataFile = "IWPTestData/IWP25PayNowCorp": null

24-10-2024T06:35:59 - [TEST_STEP][PASSED] - dataFileEmulator = "IWPTestData/EmulatorData": null

24-10-2024T06:35:59 - [TEST_STEP][PASSED] - numOfRows = findTestData(dataFile).getRowNumbers(): null

24-10-2024T06:36:00 - [TEST_STEP][PASSED] - println("Number of Records: " + numOfRows): null

24-10-2024T06:36:00 - [TEST_STEP][PASSED] - for ([row = 1, row <= numOfRows, (row++)]): null

24-10-2024T06:36:00 - [TEST_STEP][PASSED] - ExecuteTC = findTestData(dataFile).getValue("Execute", row): null

24-10-2024T06:36:00 - [TEST_STEP][PASSED] - out.println("Value of Execute is : " + ExecuteTC): null

24-10-2024T06:36:00 - [TEST_STEP][PASSED] - if (ExecuteTC.equalsIgnoreCase("Y")): null

24-10-2024T06:36:00 - [TEST_STEP][PASSED] - out.println("Begin Record Number: " + row): null

24-10-2024T06:36:00 - [TEST_STEP][PASSED] - today = new java.util.Date(): null

24-10-2024T06:36:00 - [TEST_STEP][PASSED] - println(today): null

24-10-2024T06:36:00 - [TEST_STEP][PASSED] - datText = today: null

24-10-2024T06:36:00 - [TEST_STEP][PASSED] - EmulatorDataKey = findTestData(dataFile).getValue("EmulatorData", row): null

24-10-2024T06:36:00 - [TEST_STEP][PASSED] - out.println("Value of Emulator Key is : " + EmulatorDataKey): null

24-10-2024T06:36:00 - [TEST_STEP][PASSED] - iwpPages.emulatorIWP30.setDataEmulator_DD(EmulatorDataKey): iwpPages.emulatorIWP30.setDataEmulator_DD is PASSED

24-10-2024T06:36:00 - [MESSAGE][WARNING] - A browser is already opened. Closing browser and opening a new one

24-10-2024T06:36:00 - [MESSAGE][INFO] - Starting 'Edge Chromium' driver

24-10-2024T06:36:00 - [MESSAGE][INFO] - User set preference: ['acceptInsecureCerts', 'true']

24-10-2024T06:36:02 - [MESSAGE][INFO] - Action delay is set to 0 milliseconds

24-10-2024T06:36:07 - [MESSAGE][PASSED] - Browser is opened with url: 'https://qa2.velocitypayment.com/agencyx/config.action?action=editor&message_version=2_5'

24-10-2024T06:36:07 - [MESSAGE][PASSED] - Current window maximized

24-10-2024T06:36:38 - [MESSAGE][INFO] - Unable to find the element located by 'By.xpath: //select[@name='message_version']'. Please recheck the objects properties to make sure the desired element is located. 

24-10-2024T06:36:38 - [MESSAGE][WARNING] - [SELF-HEALING] Failed to find element with id 'Object Repository/IWP30/Page_VRelay30Emulator/MV'. Try using Self-healing.

24-10-2024T06:36:38 - [MESSAGE][WARNING] - [SELF-HEALING] The current locator of test object 'Object Repository/IWP30/Page_VRelay30Emulator/MV' was broken. Propose an alternative one: '(.//*[normalize-space(text()) and normalize-space(.)='Message Version'])[1]/following::select[1]'.

24-10-2024T06:36:39 - [MESSAGE][PASSED] - All options with value '2.5' are selected in object 'Object Repository/IWP30/Page_VRelay30Emulator/MV'  using regular expression

24-10-2024T06:36:39 - [MESSAGE][PASSED] - Text '10.50' is set on object 'Object Repository/IWP30/Page_EmulatorAgencyX/Amount'

24-10-2024T06:36:40 - [MESSAGE][PASSED] - Text 'Up4D0CAOr9XO' is set on object 'Object Repository/IWP30/Page_EmulatorAgencyX/CAN'

24-10-2024T06:36:41 - [MESSAGE][PASSED] - Text 'PayNow' is set on object 'Object Repository/IWP30/Page_EmulatorAgencyX/Action'

24-10-2024T06:36:41 - [MESSAGE][PASSED] - Text 'en_US' is set on object 'Object Repository/IWP30/Page_EmulatorAgencyX/Lang'

24-10-2024T06:36:42 - [MESSAGE][PASSED] - Text '' is set on object 'Object Repository/IWP30/Page_EmulatorAgencyX/Fname'

24-10-2024T06:36:42 - [MESSAGE][PASSED] - Text '' is set on object 'Object Repository/IWP30/Page_EmulatorAgencyX/Lname'

24-10-2024T06:36:43 - [MESSAGE][PASSED] - Text '' is set on object 'Object Repository/IWP30/Page_EmulatorAgencyX/AL1'

24-10-2024T06:36:43 - [MESSAGE][PASSED] - Text '' is set on object 'Object Repository/IWP30/Page_EmulatorAgencyX/AL2'

24-10-2024T06:36:44 - [MESSAGE][PASSED] - Text '' is set on object 'Object Repository/IWP30/Page_EmulatorAgencyX/Country'

24-10-2024T06:36:45 - [MESSAGE][PASSED] - Text '' is set on object 'Object Repository/IWP30/Page_EmulatorAgencyX/City'

24-10-2024T06:36:45 - [MESSAGE][PASSED] - Text '' is set on object 'Object Repository/IWP30/Page_EmulatorAgencyX/State'

24-10-2024T06:36:46 - [MESSAGE][PASSED] - Text '' is set on object 'Object Repository/IWP30/Page_EmulatorAgencyX/ZIP'

24-10-2024T06:36:46 - [MESSAGE][PASSED] - Text '' is set on object 'Object Repository/IWP30/Page_EmulatorAgencyX/Order'

24-10-2024T06:36:47 - [MESSAGE][PASSED] - Text '' is set on object 'Object Repository/IWP30/Page_EmulatorAgencyX/Company'

24-10-2024T06:36:47 - [MESSAGE][PASSED] - Text '' is set on object 'Object Repository/IWP30/Page_EmulatorAgencyX/Email'

24-10-2024T06:36:48 - [MESSAGE][PASSED] - Text '' is set on object 'Object Repository/IWP30/Page_EmulatorAgencyX/UDF1'

24-10-2024T06:36:49 - [MESSAGE][PASSED] - Text '' is set on object 'Object Repository/IWP30/Page_EmulatorAgencyX/UDF2'

24-10-2024T06:36:49 - [MESSAGE][PASSED] - Text '' is set on object 'Object Repository/IWP30/Page_EmulatorAgencyX/UDF3'

24-10-2024T06:36:50 - [MESSAGE][PASSED] - Text 'udf data 4' is set on object 'Object Repository/IWP30/Page_EmulatorAgencyX/UDF4'

24-10-2024T06:36:50 - [MESSAGE][PASSED] - Text 'udf data 5' is set on object 'Object Repository/IWP30/Page_EmulatorAgencyX/UDF5'

24-10-2024T06:36:51 - [MESSAGE][PASSED] - Text '' is set on object 'Object Repository/IWP30/Page_EmulatorAgencyX/UDF6'

24-10-2024T06:36:51 - [MESSAGE][PASSED] - Text '' is set on object 'Object Repository/IWP30/Page_EmulatorAgencyX/UDF7'

24-10-2024T06:36:52 - [MESSAGE][PASSED] - Text '' is set on object 'Object Repository/IWP30/Page_EmulatorAgencyX/UDF8'

24-10-2024T06:36:53 - [MESSAGE][PASSED] - Text 'udf data 9' is set on object 'Object Repository/IWP30/Page_EmulatorAgencyX/UDF9'

24-10-2024T06:36:53 - [MESSAGE][PASSED] - Text 'udf data 10' is set on object 'Object Repository/IWP30/Page_EmulatorAgencyX/UDF10'

24-10-2024T06:36:55 - [MESSAGE][PASSED] - Object: 'Object Repository/IWP30/Page_EmulatorAgencyX/Submit' is clicked on

24-10-2024T06:36:59 - [MESSAGE][PASSED] - Browser is closed

24-10-2024T06:37:03 - [MESSAGE][PASSED] - iwpPages.emulatorIWP30.setDataEmulator_DD is PASSED

24-10-2024T06:37:03 - [TEST_STEP][PASSED] - testHarnessURL = urlTestHarness: null

24-10-2024T06:37:03 - [TEST_STEP][PASSED] - openBrowser(testHarnessURL): Browser is opened with url: 'https://dev-algorithm.govolution.com/vrelaytest/QA2/version_2_2/vrelaytest.html'

24-10-2024T06:37:03 - [MESSAGE][INFO] - Starting 'Edge Chromium' driver

24-10-2024T06:37:03 - [MESSAGE][INFO] - User set preference: ['acceptInsecureCerts', 'true']

24-10-2024T06:37:05 - [MESSAGE][INFO] - Action delay is set to 0 milliseconds

24-10-2024T06:37:09 - [MESSAGE][PASSED] - Browser is opened with url: 'https://dev-algorithm.govolution.com/vrelaytest/QA2/version_2_2/vrelaytest.html'

24-10-2024T06:37:09 - [TEST_STEP][PASSED] - maximizeWindow(): Current window maximized

24-10-2024T06:37:09 - [MESSAGE][PASSED] - Current window maximized

24-10-2024T06:37:09 - [TEST_STEP][PASSED] - iwpPages.TestHarnessPage.setDataMethod(row, dataFile): iwpPages.TestHarnessPage.setDataMethod is PASSED

24-10-2024T06:37:10 - [MESSAGE][PASSED] - Object 'Object Repository/IWP30/Page_QATestHarness/RemittanceID' is present

24-10-2024T06:37:10 - [MESSAGE][PASSED] - Text '638' is set on object 'Object Repository/IWP30/Page_QATestHarness/ApplicationID'

24-10-2024T06:37:11 - [MESSAGE][PASSED] - Text '2.5' is set on object 'Object Repository/IWP30/Page_QATestHarness/MessageVersion'

24-10-2024T06:37:11 - [MESSAGE][PASSED] - Text 'H0T0KzJYMIvF' is set on object 'Object Repository/IWP30/Page_QATestHarness/RemittanceID'

24-10-2024T06:37:16 - [MESSAGE][PASSED] - Object: 'Object Repository/IWP30/Page_QATestHarness/SubmitButton' is clicked on

24-10-2024T06:37:16 - [MESSAGE][PASSED] - iwpPages.TestHarnessPage.setDataMethod is PASSED

24-10-2024T06:37:16 - [TEST_STEP][PASSED] - click(findTestObject("Object Repository/IWP30/Page_SelectPaymentMethod/PayByCorporateCheck")): Object: 'Object Repository/IWP30/Page_SelectPaymentMethod/PayByCorporateCheck' is clicked on

24-10-2024T06:37:16 - [MESSAGE][PASSED] - Object: 'Object Repository/IWP30/Page_SelectPaymentMethod/PayByCorporateCheck' is clicked on

24-10-2024T06:37:16 - [TEST_STEP][PASSED] - click(findTestObject("Object Repository/IWP30/Page_SelectPaymentMethod/MakePaymentButton")): Object: 'Object Repository/IWP30/Page_SelectPaymentMethod/MakePaymentButton' is clicked on

24-10-2024T06:37:19 - [MESSAGE][PASSED] - Object: 'Object Repository/IWP30/Page_SelectPaymentMethod/MakePaymentButton' is clicked on

24-10-2024T06:37:19 - [TEST_STEP][PASSED] - iwpPages.achCorporatePaymentEntryPage.setDataCorporate(row, dataFile): iwpPages.achCorporatePaymentEntryPage.setDataCorporate is PASSED

24-10-2024T06:37:20 - [MESSAGE][PASSED] - Object 'Object Repository/IWP30/Page_ACHCorporatePaymentEntry/txt_accountNumber' is present

24-10-2024T06:37:20 - [MESSAGE][PASSED] - Object 'Object Repository/IWP30/Page_ACHCorporatePaymentEntry/input_CompanyName' is present

24-10-2024T06:37:21 - [MESSAGE][PASSED] - Text 'My Company' is set on object 'Object Repository/IWP30/Page_ACHCorporatePaymentEntry/input_CompanyName'

24-10-2024T06:37:21 - [MESSAGE][PASSED] - Object 'Object Repository/IWP30/Page_ACHCorporatePaymentEntry/input_EIN' is present

24-10-2024T06:37:22 - [MESSAGE][PASSED] - Text '123456789' is set on object 'Object Repository/IWP30/Page_ACHCorporatePaymentEntry/input_EIN'

24-10-2024T06:37:22 - [MESSAGE][PASSED] - Text '10.50' is set on object 'Object Repository/IWP30/Page_ACHCorporatePaymentEntry/txt_Amount'

24-10-2024T06:37:23 - [MESSAGE][PASSED] - Text 'udf data 2' is set on object 'Object Repository/IWP30/Page_ACHCorporatePaymentEntry/txt_UDF2'

24-10-2024T06:37:24 - [MESSAGE][PASSED] - Text 'udf data 3' is set on object 'Object Repository/IWP30/Page_ACHCorporatePaymentEntry/txt_UDF3'

24-10-2024T06:37:24 - [MESSAGE][PASSED] - All options with label 'Orange' are selected in object 'Object Repository/IWP30/Page_ACHCorporatePaymentEntry/dd_UDF7' 

24-10-2024T06:37:25 - [MESSAGE][PASSED] - All options with label 'Soccer' are selected in object 'Object Repository/IWP30/Page_ACHCorporatePaymentEntry/dd_UDF8' 

24-10-2024T06:37:25 - [MESSAGE][PASSED] - Object 'Object Repository/IWP30/Page_ACHCorporatePaymentEntry/txt_routingNumber' is present

24-10-2024T06:37:25 - [MESSAGE][PASSED] - Text '256072691' is set on object 'Object Repository/IWP30/Page_ACHCorporatePaymentEntry/txt_routingNumber'

24-10-2024T06:37:26 - [MESSAGE][PASSED] - Object 'Object Repository/IWP30/Page_ACHCorporatePaymentEntry/txt_accountNumber' is present

24-10-2024T06:37:27 - [MESSAGE][PASSED] - Text '12344444' is set on object 'Object Repository/IWP30/Page_ACHCorporatePaymentEntry/txt_accountNumber'

24-10-2024T06:37:28 - [MESSAGE][PASSED] - Object 'Object Repository/IWP30/Page_ACHCorporatePaymentEntry/txt_confirmAccountNumber' is present

24-10-2024T06:37:28 - [MESSAGE][PASSED] - Text '12344444' is set on object 'Object Repository/IWP30/Page_ACHCorporatePaymentEntry/txt_confirmAccountNumber'

24-10-2024T06:37:29 - [MESSAGE][PASSED] - Text '365 Main Avenue' is set on object 'Object Repository/IWP30/Page_ACHCorporatePaymentEntry/txt_AL1'

24-10-2024T06:37:30 - [MESSAGE][PASSED] - Text '22201' is set on object 'Object Repository/IWP30/Page_ACHCorporatePaymentEntry/txt_ZIP'

24-10-2024T06:37:30 - [MESSAGE][PASSED] - Object 'Object Repository/IWP30/Page_ACHCorporatePaymentEntry/txt_Email' is present

24-10-2024T06:37:31 - [MESSAGE][PASSED] - Text 'iahmed@govolution.com' is set on object 'Object Repository/IWP30/Page_ACHCorporatePaymentEntry/txt_Email'

24-10-2024T06:37:31 - [MESSAGE][PASSED] - Object 'Object Repository/IWP30/Page_ACHCorporatePaymentEntry/cb_TermsAndCond' is present

24-10-2024T06:37:32 - [MESSAGE][PASSED] - Object: 'Object Repository/IWP30/Page_ACHCorporatePaymentEntry/cb_TermsAndCond' is clicked on

24-10-2024T06:37:32 - [MESSAGE][PASSED] - Object 'Object Repository/IWP30/Page_ACHCorporatePaymentEntry/btn_Continue' is present

24-10-2024T06:37:33 - [MESSAGE][PASSED] - Object: 'Object Repository/IWP30/Page_ACHCorporatePaymentEntry/btn_Continue' is clicked on

24-10-2024T06:37:33 - [MESSAGE][PASSED] - iwpPages.achCorporatePaymentEntryPage.setDataCorporate is PASSED

24-10-2024T06:37:33 - [TEST_STEP][PASSED] - click(findTestObject("Object Repository/IWP30/Page_Confirmation/ConfirmButton")): Object: 'Object Repository/IWP30/Page_Confirmation/ConfirmButton' is clicked on

24-10-2024T06:37:35 - [MESSAGE][PASSED] - Object: 'Object Repository/IWP30/Page_Confirmation/ConfirmButton' is clicked on

24-10-2024T06:37:35 - [TEST_STEP][PASSED] - Thread.sleep(10000): null

24-10-2024T06:37:45 - [TEST_STEP][PASSED] - if (verifyTextPresent("Successful Payment Receipt", false)): null

24-10-2024T06:37:46 - [MESSAGE][PASSED] - Text 'Successful Payment Receipt' is present on page 

24-10-2024T06:37:46 - [TEST_STEP][PASSED] - println("Successful Payment Receipt text is present on the Receipt page"): null

24-10-2024T06:37:46 - [TEST_STEP][PASSED] - markPassed("Successful Payment Receipt text is present on the Receipt page"): Successful Payment Receipt text is present on the Receipt page

24-10-2024T06:37:46 - [MESSAGE][PASSED] - Successful Payment Receipt text is present on the Receipt page

24-10-2024T06:37:46 - [TEST_STEP][PASSED] - resText = "Pass": null

24-10-2024T06:37:46 - [TEST_STEP][ERROR] - pages.WriteExcel.demoKey(resText, datText, resColumn, datCloumn, fileLoc, nameSheet, row): Test Cases/IntegratedWeb/IWP25/Payments/PayNowCorporate FAILED.
Reason:
com.kms.katalon.core.exception.StepErrorException: org.codehaus.groovy.runtime.InvokerInvocationException: java.io.FileNotFoundException: KatalonData\IWPTestData\VRelay25Payments.xlsx (The process cannot access the file because it is being used by another process)
	at com.kms.katalon.core.main.CustomKeywordDelegatingMetaClass.throwError(CustomKeywordDelegatingMetaClass.java:101)
	at com.kms.katalon.core.main.CustomKeywordDelegatingMetaClass.invokeStaticMethod(CustomKeywordDelegatingMetaClass.java:73)
	at PayNowCorporate.run(PayNowCorporate:101)
	at com.kms.katalon.core.main.ScriptEngine.run(ScriptEngine.java:194)
	at com.kms.katalon.core.main.ScriptEngine.runScriptAsRawText(ScriptEngine.java:119)
	at com.kms.katalon.core.main.TestCaseExecutor.runScript(TestCaseExecutor.java:448)
	at com.kms.katalon.core.main.TestCaseExecutor.doExecute(TestCaseExecutor.java:439)
	at com.kms.katalon.core.main.TestCaseExecutor.processExecutionPhase(TestCaseExecutor.java:418)
	at com.kms.katalon.core.main.TestCaseExecutor.accessMainPhase(TestCaseExecutor.java:410)
	at com.kms.katalon.core.main.TestCaseExecutor.execute(TestCaseExecutor.java:285)
	at com.kms.katalon.core.common.CommonExecutor.accessTestCaseMainPhase(CommonExecutor.java:65)
	at com.kms.katalon.core.main.TestSuiteExecutor.accessTestSuiteMainPhase(TestSuiteExecutor.java:150)
	at com.kms.katalon.core.main.TestSuiteExecutor.execute(TestSuiteExecutor.java:106)
	at com.kms.katalon.core.main.TestCaseMain.startTestSuite(TestCaseMain.java:180)
	at TempTestSuite1729731001385.run(TempTestSuite1729731001385.groovy:35)
	at java.base/jdk.internal.reflect.NativeMethodAccessorImpl.invoke0(Native Method)
	at java.base/jdk.internal.reflect.NativeMethodAccessorImpl.invoke(NativeMethodAccessorImpl.java:77)
	at java.base/jdk.internal.reflect.DelegatingMethodAccessorImpl.invoke(DelegatingMethodAccessorImpl.java:43)
Caused by: org.codehaus.groovy.runtime.InvokerInvocationException: java.io.FileNotFoundException: KatalonData\IWPTestData\VRelay25Payments.xlsx (The process cannot access the file because it is being used by another process)
	at com.kms.katalon.core.main.CustomKeywordDelegatingMetaClass.invokeStaticMethod(CustomKeywordDelegatingMetaClass.java:55)
	at Script1723565002820.run(Script1723565002820.groovy:101)
	... 15 more
Caused by: java.io.FileNotFoundException: KatalonData\IWPTestData\VRelay25Payments.xlsx (The process cannot access the file because it is being used by another process)
	at pages.WriteExcel.demoKey(WriteExcel.groovy:93)
	at java.base/jdk.internal.reflect.NativeMethodAccessorImpl.invoke0(Native Method)
	at java.base/jdk.internal.reflect.NativeMethodAccessorImpl.invoke(NativeMethodAccessorImpl.java:77)
	at java.base/jdk.internal.reflect.DelegatingMethodAccessorImpl.invoke(DelegatingMethodAccessorImpl.java:43)
	at com.kms.katalon.core.main.CustomKeywordDelegatingMetaClass.invokeStaticMethod(CustomKeywordDelegatingMetaClass.java:55)
	at PayNowCorporate.run(PayNowCorporate:101)
	... 15 more


24-10-2024T06:37:46 - [MESSAGE][ERROR] - java.io.FileNotFoundException: KatalonData\IWPTestData\VRelay25Payments.xlsx (The process cannot access the file because it is being used by another process)

24-10-2024T06:37:46 - [MESSAGE][ERROR] - Test Cases/IntegratedWeb/IWP25/Payments/PayNowCorporate FAILED.
Reason:
com.kms.katalon.core.exception.StepErrorException: org.codehaus.groovy.runtime.InvokerInvocationException: java.io.FileNotFoundException: KatalonData\IWPTestData\VRelay25Payments.xlsx (The process cannot access the file because it is being used by another process)
	at com.kms.katalon.core.main.CustomKeywordDelegatingMetaClass.throwError(CustomKeywordDelegatingMetaClass.java:101)
	at com.kms.katalon.core.main.CustomKeywordDelegatingMetaClass.invokeStaticMethod(CustomKeywordDelegatingMetaClass.java:73)
	at PayNowCorporate.run(PayNowCorporate:101)
	at com.kms.katalon.core.main.ScriptEngine.run(ScriptEngine.java:194)
	at com.kms.katalon.core.main.ScriptEngine.runScriptAsRawText(ScriptEngine.java:119)
	at com.kms.katalon.core.main.TestCaseExecutor.runScript(TestCaseExecutor.java:448)
	at com.kms.katalon.core.main.TestCaseExecutor.doExecute(TestCaseExecutor.java:439)
	at com.kms.katalon.core.main.TestCaseExecutor.processExecutionPhase(TestCaseExecutor.java:418)
	at com.kms.katalon.core.main.TestCaseExecutor.accessMainPhase(TestCaseExecutor.java:410)
	at com.kms.katalon.core.main.TestCaseExecutor.execute(TestCaseExecutor.java:285)
	at com.kms.katalon.core.common.CommonExecutor.accessTestCaseMainPhase(CommonExecutor.java:65)
	at com.kms.katalon.core.main.TestSuiteExecutor.accessTestSuiteMainPhase(TestSuiteExecutor.java:150)
	at com.kms.katalon.core.main.TestSuiteExecutor.execute(TestSuiteExecutor.java:106)
	at com.kms.katalon.core.main.TestCaseMain.startTestSuite(TestCaseMain.java:180)
	at TempTestSuite1729731001385.run(TempTestSuite1729731001385.groovy:35)
	at java.base/jdk.internal.reflect.NativeMethodAccessorImpl.invoke0(Native Method)
	at java.base/jdk.internal.reflect.NativeMethodAccessorImpl.invoke(NativeMethodAccessorImpl.java:77)
	at java.base/jdk.internal.reflect.DelegatingMethodAccessorImpl.invoke(DelegatingMethodAccessorImpl.java:43)
Caused by: org.codehaus.groovy.runtime.InvokerInvocationException: java.io.FileNotFoundException: KatalonData\IWPTestData\VRelay25Payments.xlsx (The process cannot access the file because it is being used by another process)
	at com.kms.katalon.core.main.CustomKeywordDelegatingMetaClass.invokeStaticMethod(CustomKeywordDelegatingMetaClass.java:55)
	at Script1723565002820.run(Script1723565002820.groovy:101)
	... 15 more
Caused by: java.io.FileNotFoundException: KatalonData\IWPTestData\VRelay25Payments.xlsx (The process cannot access the file because it is being used by another process)
	at pages.WriteExcel.demoKey(WriteExcel.groovy:93)
	at java.base/jdk.internal.reflect.NativeMethodAccessorImpl.invoke0(Native Method)
	at java.base/jdk.internal.reflect.NativeMethodAccessorImpl.invoke(NativeMethodAccessorImpl.java:77)
	at java.base/jdk.internal.reflect.DelegatingMethodAccessorImpl.invoke(DelegatingMethodAccessorImpl.java:43)
	at com.kms.katalon.core.main.CustomKeywordDelegatingMetaClass.invokeStaticMethod(CustomKeywordDelegatingMetaClass.java:55)
	at PayNowCorporate.run(PayNowCorporate:101)
	... 15 more]]></system-out>
         <system-err><![CDATA[24-10-2024T06:35:59 - [TEST_CASE][ERROR] - Test Cases/IntegratedWeb/IWP25/Payments/PayNowCorporate: Test Cases/IntegratedWeb/IWP25/Payments/PayNowCorporate FAILED.
Reason:
org.codehaus.groovy.runtime.InvokerInvocationException: java.io.FileNotFoundException: KatalonData\IWPTestData\VRelay25Payments.xlsx (The process cannot access the file because it is being used by another process)
	at com.kms.katalon.core.main.CustomKeywordDelegatingMetaClass.invokeStaticMethod(CustomKeywordDelegatingMetaClass.java:55)
	at PayNowCorporate.run(PayNowCorporate:101)
	at com.kms.katalon.core.main.ScriptEngine.run(ScriptEngine.java:194)
	at com.kms.katalon.core.main.ScriptEngine.runScriptAsRawText(ScriptEngine.java:119)
	at com.kms.katalon.core.main.TestCaseExecutor.runScript(TestCaseExecutor.java:448)
	at com.kms.katalon.core.main.TestCaseExecutor.doExecute(TestCaseExecutor.java:439)
	at com.kms.katalon.core.main.TestCaseExecutor.processExecutionPhase(TestCaseExecutor.java:418)
	at com.kms.katalon.core.main.TestCaseExecutor.accessMainPhase(TestCaseExecutor.java:410)
	at com.kms.katalon.core.main.TestCaseExecutor.execute(TestCaseExecutor.java:285)
	at com.kms.katalon.core.common.CommonExecutor.accessTestCaseMainPhase(CommonExecutor.java:65)
	at com.kms.katalon.core.main.TestSuiteExecutor.accessTestSuiteMainPhase(TestSuiteExecutor.java:150)
	at com.kms.katalon.core.main.TestSuiteExecutor.execute(TestSuiteExecutor.java:106)
	at com.kms.katalon.core.main.TestCaseMain.startTestSuite(TestCaseMain.java:180)
	at TempTestSuite1729731001385.run(TempTestSuite1729731001385.groovy:35)
	at java.base/jdk.internal.reflect.NativeMethodAccessorImpl.invoke0(Native Method)
	at java.base/jdk.internal.reflect.NativeMethodAccessorImpl.invoke(NativeMethodAccessorImpl.java:77)
	at java.base/jdk.internal.reflect.DelegatingMethodAccessorImpl.invoke(DelegatingMethodAccessorImpl.java:43)
Caused by: java.io.FileNotFoundException: KatalonData\IWPTestData\VRelay25Payments.xlsx (The process cannot access the file because it is being used by another process)
	at pages.WriteExcel.demoKey(WriteExcel.groovy:93)
	at java.base/jdk.internal.reflect.NativeMethodAccessorImpl.invoke0(Native Method)
	at java.base/jdk.internal.reflect.NativeMethodAccessorImpl.invoke(NativeMethodAccessorImpl.java:77)
	at java.base/jdk.internal.reflect.DelegatingMethodAccessorImpl.invoke(DelegatingMethodAccessorImpl.java:43)
	... 17 more]]></system-err>
      </testcase>
      <testcase name="Test Cases/IntegratedWeb/IWP25/Payments/PayNowCorpSCF" time="125.007" classname="Test Cases/IntegratedWeb/IWP25/Payments/PayNowCorpSCF" status="ERROR">
         <error type="ERROR" message="Test Cases/IntegratedWeb/IWP25/Payments/PayNowCorpSCF FAILED.&#xa;Reason:&#xa;org.codehaus.groovy.runtime.InvokerInvocationException: java.io.FileNotFoundException: KatalonData\IWPTestData\VRelay25Payments.xlsx (The process cannot access the file because it is being used by another process)&#xa;	at com.kms.katalon.core.main.CustomKeywordDelegatingMetaClass.invokeStaticMethod(CustomKeywordDelegatingMetaClass.java:55)&#xa;	at PayNowCorpSCF.run(PayNowCorpSCF:160)&#xa;	at com.kms.katalon.core.main.ScriptEngine.run(ScriptEngine.java:194)&#xa;	at com.kms.katalon.core.main.ScriptEngine.runScriptAsRawText(ScriptEngine.java:119)&#xa;	at com.kms.katalon.core.main.TestCaseExecutor.runScript(TestCaseExecutor.java:448)&#xa;	at com.kms.katalon.core.main.TestCaseExecutor.doExecute(TestCaseExecutor.java:439)&#xa;	at com.kms.katalon.core.main.TestCaseExecutor.processExecutionPhase(TestCaseExecutor.java:418)&#xa;	at com.kms.katalon.core.main.TestCaseExecutor.accessMainPhase(TestCaseExecutor.java:410)&#xa;	at com.kms.katalon.core.main.TestCaseExecutor.execute(TestCaseExecutor.java:285)&#xa;	at com.kms.katalon.core.common.CommonExecutor.accessTestCaseMainPhase(CommonExecutor.java:65)&#xa;	at com.kms.katalon.core.main.TestSuiteExecutor.accessTestSuiteMainPhase(TestSuiteExecutor.java:150)&#xa;	at com.kms.katalon.core.main.TestSuiteExecutor.execute(TestSuiteExecutor.java:106)&#xa;	at com.kms.katalon.core.main.TestCaseMain.startTestSuite(TestCaseMain.java:180)&#xa;	at TempTestSuite1729731001385.run(TempTestSuite1729731001385.groovy:35)&#xa;	at java.base/jdk.internal.reflect.NativeMethodAccessorImpl.invoke0(Native Method)&#xa;	at java.base/jdk.internal.reflect.NativeMethodAccessorImpl.invoke(NativeMethodAccessorImpl.java:77)&#xa;	at java.base/jdk.internal.reflect.DelegatingMethodAccessorImpl.invoke(DelegatingMethodAccessorImpl.java:43)&#xa;Caused by: java.io.FileNotFoundException: KatalonData\IWPTestData\VRelay25Payments.xlsx (The process cannot access the file because it is being used by another process)&#xa;	at pages.WriteExcel.demoKey(WriteExcel.groovy:93)&#xa;	at java.base/jdk.internal.reflect.NativeMethodAccessorImpl.invoke0(Native Method)&#xa;	at java.base/jdk.internal.reflect.NativeMethodAccessorImpl.invoke(NativeMethodAccessorImpl.java:77)&#xa;	at java.base/jdk.internal.reflect.DelegatingMethodAccessorImpl.invoke(DelegatingMethodAccessorImpl.java:43)&#xa;	... 17 more&#xa;"/>
         <system-out><![CDATA[24-10-2024T06:37:46 - [TEST_CASE][ERROR] - Test Cases/IntegratedWeb/IWP25/Payments/PayNowCorpSCF: Test Cases/IntegratedWeb/IWP25/Payments/PayNowCorpSCF FAILED.
Reason:
org.codehaus.groovy.runtime.InvokerInvocationException: java.io.FileNotFoundException: KatalonData\IWPTestData\VRelay25Payments.xlsx (The process cannot access the file because it is being used by another process)
	at com.kms.katalon.core.main.CustomKeywordDelegatingMetaClass.invokeStaticMethod(CustomKeywordDelegatingMetaClass.java:55)
	at PayNowCorpSCF.run(PayNowCorpSCF:160)
	at com.kms.katalon.core.main.ScriptEngine.run(ScriptEngine.java:194)
	at com.kms.katalon.core.main.ScriptEngine.runScriptAsRawText(ScriptEngine.java:119)
	at com.kms.katalon.core.main.TestCaseExecutor.runScript(TestCaseExecutor.java:448)
	at com.kms.katalon.core.main.TestCaseExecutor.doExecute(TestCaseExecutor.java:439)
	at com.kms.katalon.core.main.TestCaseExecutor.processExecutionPhase(TestCaseExecutor.java:418)
	at com.kms.katalon.core.main.TestCaseExecutor.accessMainPhase(TestCaseExecutor.java:410)
	at com.kms.katalon.core.main.TestCaseExecutor.execute(TestCaseExecutor.java:285)
	at com.kms.katalon.core.common.CommonExecutor.accessTestCaseMainPhase(CommonExecutor.java:65)
	at com.kms.katalon.core.main.TestSuiteExecutor.accessTestSuiteMainPhase(TestSuiteExecutor.java:150)
	at com.kms.katalon.core.main.TestSuiteExecutor.execute(TestSuiteExecutor.java:106)
	at com.kms.katalon.core.main.TestCaseMain.startTestSuite(TestCaseMain.java:180)
	at TempTestSuite1729731001385.run(TempTestSuite1729731001385.groovy:35)
	at java.base/jdk.internal.reflect.NativeMethodAccessorImpl.invoke0(Native Method)
	at java.base/jdk.internal.reflect.NativeMethodAccessorImpl.invoke(NativeMethodAccessorImpl.java:77)
	at java.base/jdk.internal.reflect.DelegatingMethodAccessorImpl.invoke(DelegatingMethodAccessorImpl.java:43)
Caused by: java.io.FileNotFoundException: KatalonData\IWPTestData\VRelay25Payments.xlsx (The process cannot access the file because it is being used by another process)
	at pages.WriteExcel.demoKey(WriteExcel.groovy:93)
	at java.base/jdk.internal.reflect.NativeMethodAccessorImpl.invoke0(Native Method)
	at java.base/jdk.internal.reflect.NativeMethodAccessorImpl.invoke(NativeMethodAccessorImpl.java:77)
	at java.base/jdk.internal.reflect.DelegatingMethodAccessorImpl.invoke(DelegatingMethodAccessorImpl.java:43)
	... 17 more


24-10-2024T06:37:46 - [TEST_STEP][PASSED] - resText = "Fail": null

24-10-2024T06:37:46 - [TEST_STEP][PASSED] - resColumn = "Result": null

24-10-2024T06:37:46 - [TEST_STEP][PASSED] - datCloumn = "Date": null

24-10-2024T06:37:46 - [TEST_STEP][PASSED] - fileLoc = "KatalonData/IWPTestData/VRelay25Payments.xlsx": null

24-10-2024T06:37:46 - [TEST_STEP][PASSED] - numOfRows = <not implemented yet for class: org.codehaus.groovy.ast.expr.EmptyExpression>: null

24-10-2024T06:37:46 - [TEST_STEP][PASSED] - dataFile = <not implemented yet for class: org.codehaus.groovy.ast.expr.EmptyExpression>: null

24-10-2024T06:37:46 - [TEST_STEP][PASSED] - nameSheet = <not implemented yet for class: org.codehaus.groovy.ast.expr.EmptyExpression>: null

24-10-2024T06:37:46 - [TEST_STEP][PASSED] - dataFileEmulator = <not implemented yet for class: org.codehaus.groovy.ast.expr.EmptyExpression>: null

24-10-2024T06:37:46 - [TEST_STEP][PASSED] - isRequiredTextPresent = false: null

24-10-2024T06:37:46 - [TEST_STEP][PASSED] - nameSheet = "PayNowCorpSCF": null

24-10-2024T06:37:46 - [TEST_STEP][PASSED] - dataFile = "IWPTestData/IWP25PayNowCorpSCF": null

24-10-2024T06:37:46 - [TEST_STEP][PASSED] - dataFileEmulator = "IWPTestData/EmulatorData": null

24-10-2024T06:37:46 - [TEST_STEP][PASSED] - numOfRows = findTestData(dataFile).getRowNumbers(): null

24-10-2024T06:37:46 - [TEST_STEP][PASSED] - println("Number of Records: " + numOfRows): null

24-10-2024T06:37:46 - [TEST_STEP][PASSED] - for ([row = 1, row <= numOfRows, (row++)]): null

24-10-2024T06:37:46 - [TEST_STEP][PASSED] - ExecuteTC = findTestData(dataFile).getValue("Execute", row): null

24-10-2024T06:37:46 - [TEST_STEP][PASSED] - out.println("Value of Execute is : " + ExecuteTC): null

24-10-2024T06:37:46 - [TEST_STEP][PASSED] - if (ExecuteTC.equalsIgnoreCase("Y")): null

24-10-2024T06:37:46 - [TEST_STEP][PASSED] - out.println("Begin Record Number: " + row): null

24-10-2024T06:37:46 - [TEST_STEP][PASSED] - today = new java.util.Date(): null

24-10-2024T06:37:46 - [TEST_STEP][PASSED] - println(today): null

24-10-2024T06:37:46 - [TEST_STEP][PASSED] - datText = today: null

24-10-2024T06:37:46 - [TEST_STEP][PASSED] - EmulatorDataKey = findTestData(dataFile).getValue("EmulatorData", row): null

24-10-2024T06:37:46 - [TEST_STEP][PASSED] - out.println("Value of Emulator Key is : " + EmulatorDataKey): null

24-10-2024T06:37:46 - [TEST_STEP][PASSED] - iwpPages.emulatorIWP30.setDataEmulator_DD(EmulatorDataKey): iwpPages.emulatorIWP30.setDataEmulator_DD is PASSED

24-10-2024T06:37:47 - [MESSAGE][WARNING] - A browser is already opened. Closing browser and opening a new one

24-10-2024T06:37:47 - [MESSAGE][INFO] - Starting 'Edge Chromium' driver

24-10-2024T06:37:47 - [MESSAGE][INFO] - User set preference: ['acceptInsecureCerts', 'true']

24-10-2024T06:37:49 - [MESSAGE][INFO] - Action delay is set to 0 milliseconds

24-10-2024T06:37:53 - [MESSAGE][PASSED] - Browser is opened with url: 'https://qa2.velocitypayment.com/agencyx/config.action?action=editor&message_version=2_5'

24-10-2024T06:37:53 - [MESSAGE][PASSED] - Current window maximized

24-10-2024T06:38:24 - [MESSAGE][INFO] - Unable to find the element located by 'By.xpath: //select[@name='message_version']'. Please recheck the objects properties to make sure the desired element is located. 

24-10-2024T06:38:24 - [MESSAGE][WARNING] - [SELF-HEALING] Failed to find element with id 'Object Repository/IWP30/Page_VRelay30Emulator/MV'. Try using Self-healing.

24-10-2024T06:38:25 - [MESSAGE][WARNING] - [SELF-HEALING] The current locator of test object 'Object Repository/IWP30/Page_VRelay30Emulator/MV' was broken. Propose an alternative one: '(.//*[normalize-space(text()) and normalize-space(.)='Message Version'])[1]/following::select[1]'.

24-10-2024T06:38:25 - [MESSAGE][PASSED] - All options with value '2.5' are selected in object 'Object Repository/IWP30/Page_VRelay30Emulator/MV'  using regular expression

24-10-2024T06:38:26 - [MESSAGE][PASSED] - Text '10.50' is set on object 'Object Repository/IWP30/Page_EmulatorAgencyX/Amount'

24-10-2024T06:38:26 - [MESSAGE][PASSED] - Text 'bYWHYo1L7lPB' is set on object 'Object Repository/IWP30/Page_EmulatorAgencyX/CAN'

24-10-2024T06:38:27 - [MESSAGE][PASSED] - Text 'PayNow' is set on object 'Object Repository/IWP30/Page_EmulatorAgencyX/Action'

24-10-2024T06:38:28 - [MESSAGE][PASSED] - Text 'en_US' is set on object 'Object Repository/IWP30/Page_EmulatorAgencyX/Lang'

24-10-2024T06:38:28 - [MESSAGE][PASSED] - Text '' is set on object 'Object Repository/IWP30/Page_EmulatorAgencyX/Fname'

24-10-2024T06:38:29 - [MESSAGE][PASSED] - Text '' is set on object 'Object Repository/IWP30/Page_EmulatorAgencyX/Lname'

24-10-2024T06:38:29 - [MESSAGE][PASSED] - Text '' is set on object 'Object Repository/IWP30/Page_EmulatorAgencyX/AL1'

24-10-2024T06:38:30 - [MESSAGE][PASSED] - Text '' is set on object 'Object Repository/IWP30/Page_EmulatorAgencyX/AL2'

24-10-2024T06:38:30 - [MESSAGE][PASSED] - Text '' is set on object 'Object Repository/IWP30/Page_EmulatorAgencyX/Country'

24-10-2024T06:38:31 - [MESSAGE][PASSED] - Text '' is set on object 'Object Repository/IWP30/Page_EmulatorAgencyX/City'

24-10-2024T06:38:32 - [MESSAGE][PASSED] - Text '' is set on object 'Object Repository/IWP30/Page_EmulatorAgencyX/State'

24-10-2024T06:38:32 - [MESSAGE][PASSED] - Text '' is set on object 'Object Repository/IWP30/Page_EmulatorAgencyX/ZIP'

24-10-2024T06:38:33 - [MESSAGE][PASSED] - Text '' is set on object 'Object Repository/IWP30/Page_EmulatorAgencyX/Order'

24-10-2024T06:38:33 - [MESSAGE][PASSED] - Text '' is set on object 'Object Repository/IWP30/Page_EmulatorAgencyX/Company'

24-10-2024T06:38:34 - [MESSAGE][PASSED] - Text '' is set on object 'Object Repository/IWP30/Page_EmulatorAgencyX/Email'

24-10-2024T06:38:34 - [MESSAGE][PASSED] - Text '' is set on object 'Object Repository/IWP30/Page_EmulatorAgencyX/UDF1'

24-10-2024T06:38:35 - [MESSAGE][PASSED] - Text '' is set on object 'Object Repository/IWP30/Page_EmulatorAgencyX/UDF2'

24-10-2024T06:38:36 - [MESSAGE][PASSED] - Text '' is set on object 'Object Repository/IWP30/Page_EmulatorAgencyX/UDF3'

24-10-2024T06:38:36 - [MESSAGE][PASSED] - Text 'udf data 4' is set on object 'Object Repository/IWP30/Page_EmulatorAgencyX/UDF4'

24-10-2024T06:38:37 - [MESSAGE][PASSED] - Text 'udf data 5' is set on object 'Object Repository/IWP30/Page_EmulatorAgencyX/UDF5'

24-10-2024T06:38:37 - [MESSAGE][PASSED] - Text '' is set on object 'Object Repository/IWP30/Page_EmulatorAgencyX/UDF6'

24-10-2024T06:38:38 - [MESSAGE][PASSED] - Text '' is set on object 'Object Repository/IWP30/Page_EmulatorAgencyX/UDF7'

24-10-2024T06:38:39 - [MESSAGE][PASSED] - Text '' is set on object 'Object Repository/IWP30/Page_EmulatorAgencyX/UDF8'

24-10-2024T06:38:39 - [MESSAGE][PASSED] - Text 'udf data 9' is set on object 'Object Repository/IWP30/Page_EmulatorAgencyX/UDF9'

24-10-2024T06:38:40 - [MESSAGE][PASSED] - Text 'udf data 10' is set on object 'Object Repository/IWP30/Page_EmulatorAgencyX/UDF10'

24-10-2024T06:38:41 - [MESSAGE][PASSED] - Object: 'Object Repository/IWP30/Page_EmulatorAgencyX/Submit' is clicked on

24-10-2024T06:38:46 - [MESSAGE][PASSED] - Browser is closed

24-10-2024T06:38:50 - [MESSAGE][PASSED] - iwpPages.emulatorIWP30.setDataEmulator_DD is PASSED

24-10-2024T06:38:50 - [TEST_STEP][PASSED] - testHarnessURL = urlTestHarness: null

24-10-2024T06:38:50 - [TEST_STEP][PASSED] - openBrowser(testHarnessURL): Browser is opened with url: 'https://dev-algorithm.govolution.com/vrelaytest/QA2/version_2_2/vrelaytest.html'

24-10-2024T06:38:50 - [MESSAGE][INFO] - Starting 'Edge Chromium' driver

24-10-2024T06:38:50 - [MESSAGE][INFO] - User set preference: ['acceptInsecureCerts', 'true']

24-10-2024T06:38:52 - [MESSAGE][INFO] - Action delay is set to 0 milliseconds

24-10-2024T06:38:55 - [MESSAGE][PASSED] - Browser is opened with url: 'https://dev-algorithm.govolution.com/vrelaytest/QA2/version_2_2/vrelaytest.html'

24-10-2024T06:38:55 - [TEST_STEP][PASSED] - maximizeWindow(): Current window maximized

24-10-2024T06:38:55 - [MESSAGE][PASSED] - Current window maximized

24-10-2024T06:38:55 - [TEST_STEP][PASSED] - iwpPages.TestHarnessPage.setDataMethod(row, dataFile): iwpPages.TestHarnessPage.setDataMethod is PASSED

24-10-2024T06:38:55 - [MESSAGE][PASSED] - Object 'Object Repository/IWP30/Page_QATestHarness/RemittanceID' is present

24-10-2024T06:38:56 - [MESSAGE][PASSED] - Text '639' is set on object 'Object Repository/IWP30/Page_QATestHarness/ApplicationID'

24-10-2024T06:38:57 - [MESSAGE][PASSED] - Text '2.5' is set on object 'Object Repository/IWP30/Page_QATestHarness/MessageVersion'

24-10-2024T06:38:57 - [MESSAGE][PASSED] - Text 'sew56EdnXgm5' is set on object 'Object Repository/IWP30/Page_QATestHarness/RemittanceID'

24-10-2024T06:39:03 - [MESSAGE][PASSED] - Object: 'Object Repository/IWP30/Page_QATestHarness/SubmitButton' is clicked on

24-10-2024T06:39:03 - [MESSAGE][PASSED] - iwpPages.TestHarnessPage.setDataMethod is PASSED

24-10-2024T06:39:03 - [TEST_STEP][PASSED] - click(findTestObject("Object Repository/IWP30/Page_SelectPaymentMethod/PayByCorporateCheck")): Object: 'Object Repository/IWP30/Page_SelectPaymentMethod/PayByCorporateCheck' is clicked on

24-10-2024T06:39:03 - [MESSAGE][PASSED] - Object: 'Object Repository/IWP30/Page_SelectPaymentMethod/PayByCorporateCheck' is clicked on

24-10-2024T06:39:03 - [TEST_STEP][PASSED] - click(findTestObject("Object Repository/IWP30/Page_SelectPaymentMethod/MakePaymentButton")): Object: 'Object Repository/IWP30/Page_SelectPaymentMethod/MakePaymentButton' is clicked on

24-10-2024T06:39:06 - [MESSAGE][PASSED] - Object: 'Object Repository/IWP30/Page_SelectPaymentMethod/MakePaymentButton' is clicked on

24-10-2024T06:39:06 - [TEST_STEP][PASSED] - iwpPages.achCorporatePaymentEntryPage.setDataCorporate(row, dataFile): iwpPages.achCorporatePaymentEntryPage.setDataCorporate is PASSED

24-10-2024T06:39:07 - [MESSAGE][PASSED] - Object 'Object Repository/IWP30/Page_ACHCorporatePaymentEntry/txt_accountNumber' is present

24-10-2024T06:39:07 - [MESSAGE][PASSED] - Object 'Object Repository/IWP30/Page_ACHCorporatePaymentEntry/input_CompanyName' is present

24-10-2024T06:39:08 - [MESSAGE][PASSED] - Text 'My Company' is set on object 'Object Repository/IWP30/Page_ACHCorporatePaymentEntry/input_CompanyName'

24-10-2024T06:39:08 - [MESSAGE][PASSED] - Object 'Object Repository/IWP30/Page_ACHCorporatePaymentEntry/input_EIN' is present

24-10-2024T06:39:09 - [MESSAGE][PASSED] - Text '123456789' is set on object 'Object Repository/IWP30/Page_ACHCorporatePaymentEntry/input_EIN'

24-10-2024T06:39:09 - [MESSAGE][PASSED] - Text '10.50' is set on object 'Object Repository/IWP30/Page_ACHCorporatePaymentEntry/txt_Amount'

24-10-2024T06:39:10 - [MESSAGE][PASSED] - Text 'udf data 2' is set on object 'Object Repository/IWP30/Page_ACHCorporatePaymentEntry/txt_UDF2'

24-10-2024T06:39:10 - [MESSAGE][PASSED] - Text 'udf data 3' is set on object 'Object Repository/IWP30/Page_ACHCorporatePaymentEntry/txt_UDF3'

24-10-2024T06:39:11 - [MESSAGE][PASSED] - All options with label 'Orange' are selected in object 'Object Repository/IWP30/Page_ACHCorporatePaymentEntry/dd_UDF7' 

24-10-2024T06:39:12 - [MESSAGE][PASSED] - All options with label 'Soccer' are selected in object 'Object Repository/IWP30/Page_ACHCorporatePaymentEntry/dd_UDF8' 

24-10-2024T06:39:12 - [MESSAGE][PASSED] - Object 'Object Repository/IWP30/Page_ACHCorporatePaymentEntry/txt_routingNumber' is present

24-10-2024T06:39:12 - [MESSAGE][PASSED] - Text '256072691' is set on object 'Object Repository/IWP30/Page_ACHCorporatePaymentEntry/txt_routingNumber'

24-10-2024T06:39:13 - [MESSAGE][PASSED] - Object 'Object Repository/IWP30/Page_ACHCorporatePaymentEntry/txt_accountNumber' is present

24-10-2024T06:39:14 - [MESSAGE][PASSED] - Text '12344444' is set on object 'Object Repository/IWP30/Page_ACHCorporatePaymentEntry/txt_accountNumber'

24-10-2024T06:39:14 - [MESSAGE][PASSED] - Object 'Object Repository/IWP30/Page_ACHCorporatePaymentEntry/txt_confirmAccountNumber' is present

24-10-2024T06:39:15 - [MESSAGE][PASSED] - Text '12344444' is set on object 'Object Repository/IWP30/Page_ACHCorporatePaymentEntry/txt_confirmAccountNumber'

24-10-2024T06:39:16 - [MESSAGE][PASSED] - Text '365 Main Avenue' is set on object 'Object Repository/IWP30/Page_ACHCorporatePaymentEntry/txt_AL1'

24-10-2024T06:39:16 - [MESSAGE][PASSED] - Text '22201' is set on object 'Object Repository/IWP30/Page_ACHCorporatePaymentEntry/txt_ZIP'

24-10-2024T06:39:17 - [MESSAGE][PASSED] - Object 'Object Repository/IWP30/Page_ACHCorporatePaymentEntry/txt_Email' is present

24-10-2024T06:39:18 - [MESSAGE][PASSED] - Text 'iahmed@govolution.com' is set on object 'Object Repository/IWP30/Page_ACHCorporatePaymentEntry/txt_Email'

24-10-2024T06:39:18 - [MESSAGE][PASSED] - Object 'Object Repository/IWP30/Page_ACHCorporatePaymentEntry/cb_TermsAndCond' is present

24-10-2024T06:39:19 - [MESSAGE][PASSED] - Object: 'Object Repository/IWP30/Page_ACHCorporatePaymentEntry/cb_TermsAndCond' is clicked on

24-10-2024T06:39:19 - [MESSAGE][PASSED] - Object 'Object Repository/IWP30/Page_ACHCorporatePaymentEntry/btn_Continue' is present

24-10-2024T06:39:20 - [MESSAGE][PASSED] - Object: 'Object Repository/IWP30/Page_ACHCorporatePaymentEntry/btn_Continue' is clicked on

24-10-2024T06:39:20 - [MESSAGE][PASSED] - iwpPages.achCorporatePaymentEntryPage.setDataCorporate is PASSED

24-10-2024T06:39:20 - [TEST_STEP][PASSED] - click(findTestObject("Object Repository/IWP30/Page_Confirmation/ConfirmButton")): Object: 'Object Repository/IWP30/Page_Confirmation/ConfirmButton' is clicked on

24-10-2024T06:39:22 - [MESSAGE][PASSED] - Object: 'Object Repository/IWP30/Page_Confirmation/ConfirmButton' is clicked on

24-10-2024T06:39:22 - [TEST_STEP][PASSED] - Thread.sleep(5000): null

24-10-2024T06:39:27 - [TEST_STEP][PASSED] - if (verifyTextPresent("Make a Real Estate Payment", false)): null

24-10-2024T06:39:27 - [MESSAGE][PASSED] - Text 'Make a Real Estate Payment' is present on page 

24-10-2024T06:39:27 - [TEST_STEP][PASSED] - isRequiredTextPresent = true: null

24-10-2024T06:39:27 - [TEST_STEP][PASSED] - println(isRequiredTextPresent): null

24-10-2024T06:39:27 - [TEST_STEP][PASSED] - if (isRequiredTextPresent): null

24-10-2024T06:39:27 - [TEST_STEP][PASSED] - if (verifyTextPresent("This transaction is subject to a Convenience Fees of $2.00.", false)): null

24-10-2024T06:39:28 - [MESSAGE][PASSED] - Text 'This transaction is subject to a Convenience Fees of $2.00.' is present on page 

24-10-2024T06:39:28 - [TEST_STEP][PASSED] - isRequiredTextPresent = true: null

24-10-2024T06:39:28 - [TEST_STEP][PASSED] - println(isRequiredTextPresent): null

24-10-2024T06:39:28 - [TEST_STEP][PASSED] - if (isRequiredTextPresent): null

24-10-2024T06:39:28 - [TEST_STEP][PASSED] - if (verifyTextPresent("Payment Amount:  $10.50", false)): null

24-10-2024T06:39:28 - [MESSAGE][PASSED] - Text 'Payment Amount:  $10.50' is present on page 

24-10-2024T06:39:28 - [TEST_STEP][PASSED] - isRequiredTextPresent = true: null

24-10-2024T06:39:28 - [TEST_STEP][PASSED] - if (isRequiredTextPresent): null

24-10-2024T06:39:28 - [TEST_STEP][PASSED] - if (verifyTextPresent("Convenience Fees:  $2.00", false)): null

24-10-2024T06:39:28 - [MESSAGE][PASSED] - Text 'Convenience Fees:  $2.00' is present on page 

24-10-2024T06:39:28 - [TEST_STEP][PASSED] - isRequiredTextPresent = true: null

24-10-2024T06:39:28 - [TEST_STEP][PASSED] - if (isRequiredTextPresent): null

24-10-2024T06:39:28 - [TEST_STEP][PASSED] - if (verifyTextPresent("Total Amount:  $12.50", false)): null

24-10-2024T06:39:28 - [MESSAGE][PASSED] - Text 'Total Amount:  $12.50' is present on page 

24-10-2024T06:39:28 - [TEST_STEP][PASSED] - isRequiredTextPresent = true: null

24-10-2024T06:39:28 - [TEST_STEP][PASSED] - if (isRequiredTextPresent): null

24-10-2024T06:39:28 - [TEST_STEP][PASSED] - if (verifyTextPresent("One transaction in the amount of $12.50 will appear on your bank statement.", false)): null

24-10-2024T06:39:29 - [MESSAGE][PASSED] - Text 'One transaction in the amount of $12.50 will appear on your bank statement.' is present on page 

24-10-2024T06:39:29 - [TEST_STEP][PASSED] - isRequiredTextPresent = true: null

24-10-2024T06:39:29 - [TEST_STEP][PASSED] - Thread.sleep(10000): null

24-10-2024T06:39:39 - [TEST_STEP][PASSED] - click(findTestObject("Object Repository/IWP30/Page_ConvenienceFees/btn_convFeeNotifyAction")): Object: 'Object Repository/IWP30/Page_ConvenienceFees/btn_convFeeNotifyAction' is clicked on

24-10-2024T06:39:40 - [MESSAGE][PASSED] - Object: 'Object Repository/IWP30/Page_ConvenienceFees/btn_convFeeNotifyAction' is clicked on

24-10-2024T06:39:40 - [TEST_STEP][PASSED] - Thread.sleep(10000): null

24-10-2024T06:39:50 - [TEST_STEP][PASSED] - if (verifyTextPresent("Successful Payment Receipt", false)): null

24-10-2024T06:39:51 - [MESSAGE][PASSED] - Text 'Successful Payment Receipt' is present on page 

24-10-2024T06:39:51 - [TEST_STEP][PASSED] - println("Successful Payment Receipt text is present on the Receipt page"): null

24-10-2024T06:39:51 - [TEST_STEP][PASSED] - markPassed("Successful Payment Receipt text is present on the Receipt page"): Successful Payment Receipt text is present on the Receipt page

24-10-2024T06:39:51 - [MESSAGE][PASSED] - Successful Payment Receipt text is present on the Receipt page

24-10-2024T06:39:51 - [TEST_STEP][PASSED] - resText = "Pass": null

24-10-2024T06:39:51 - [TEST_STEP][ERROR] - pages.WriteExcel.demoKey(resText, datText, resColumn, datCloumn, fileLoc, nameSheet, row): Test Cases/IntegratedWeb/IWP25/Payments/PayNowCorpSCF FAILED.
Reason:
com.kms.katalon.core.exception.StepErrorException: org.codehaus.groovy.runtime.InvokerInvocationException: java.io.FileNotFoundException: KatalonData\IWPTestData\VRelay25Payments.xlsx (The process cannot access the file because it is being used by another process)
	at com.kms.katalon.core.main.CustomKeywordDelegatingMetaClass.throwError(CustomKeywordDelegatingMetaClass.java:101)
	at com.kms.katalon.core.main.CustomKeywordDelegatingMetaClass.invokeStaticMethod(CustomKeywordDelegatingMetaClass.java:73)
	at PayNowCorpSCF.run(PayNowCorpSCF:160)
	at com.kms.katalon.core.main.ScriptEngine.run(ScriptEngine.java:194)
	at com.kms.katalon.core.main.ScriptEngine.runScriptAsRawText(ScriptEngine.java:119)
	at com.kms.katalon.core.main.TestCaseExecutor.runScript(TestCaseExecutor.java:448)
	at com.kms.katalon.core.main.TestCaseExecutor.doExecute(TestCaseExecutor.java:439)
	at com.kms.katalon.core.main.TestCaseExecutor.processExecutionPhase(TestCaseExecutor.java:418)
	at com.kms.katalon.core.main.TestCaseExecutor.accessMainPhase(TestCaseExecutor.java:410)
	at com.kms.katalon.core.main.TestCaseExecutor.execute(TestCaseExecutor.java:285)
	at com.kms.katalon.core.common.CommonExecutor.accessTestCaseMainPhase(CommonExecutor.java:65)
	at com.kms.katalon.core.main.TestSuiteExecutor.accessTestSuiteMainPhase(TestSuiteExecutor.java:150)
	at com.kms.katalon.core.main.TestSuiteExecutor.execute(TestSuiteExecutor.java:106)
	at com.kms.katalon.core.main.TestCaseMain.startTestSuite(TestCaseMain.java:180)
	at TempTestSuite1729731001385.run(TempTestSuite1729731001385.groovy:35)
	at java.base/jdk.internal.reflect.NativeMethodAccessorImpl.invoke0(Native Method)
	at java.base/jdk.internal.reflect.NativeMethodAccessorImpl.invoke(NativeMethodAccessorImpl.java:77)
	at java.base/jdk.internal.reflect.DelegatingMethodAccessorImpl.invoke(DelegatingMethodAccessorImpl.java:43)
Caused by: org.codehaus.groovy.runtime.InvokerInvocationException: java.io.FileNotFoundException: KatalonData\IWPTestData\VRelay25Payments.xlsx (The process cannot access the file because it is being used by another process)
	at com.kms.katalon.core.main.CustomKeywordDelegatingMetaClass.invokeStaticMethod(CustomKeywordDelegatingMetaClass.java:55)
	at Script1723846247927.run(Script1723846247927.groovy:160)
	... 15 more
Caused by: java.io.FileNotFoundException: KatalonData\IWPTestData\VRelay25Payments.xlsx (The process cannot access the file because it is being used by another process)
	at pages.WriteExcel.demoKey(WriteExcel.groovy:93)
	at java.base/jdk.internal.reflect.NativeMethodAccessorImpl.invoke0(Native Method)
	at java.base/jdk.internal.reflect.NativeMethodAccessorImpl.invoke(NativeMethodAccessorImpl.java:77)
	at java.base/jdk.internal.reflect.DelegatingMethodAccessorImpl.invoke(DelegatingMethodAccessorImpl.java:43)
	at com.kms.katalon.core.main.CustomKeywordDelegatingMetaClass.invokeStaticMethod(CustomKeywordDelegatingMetaClass.java:55)
	at PayNowCorpSCF.run(PayNowCorpSCF:160)
	... 15 more


24-10-2024T06:39:51 - [MESSAGE][ERROR] - java.io.FileNotFoundException: KatalonData\IWPTestData\VRelay25Payments.xlsx (The process cannot access the file because it is being used by another process)

24-10-2024T06:39:51 - [MESSAGE][ERROR] - Test Cases/IntegratedWeb/IWP25/Payments/PayNowCorpSCF FAILED.
Reason:
com.kms.katalon.core.exception.StepErrorException: org.codehaus.groovy.runtime.InvokerInvocationException: java.io.FileNotFoundException: KatalonData\IWPTestData\VRelay25Payments.xlsx (The process cannot access the file because it is being used by another process)
	at com.kms.katalon.core.main.CustomKeywordDelegatingMetaClass.throwError(CustomKeywordDelegatingMetaClass.java:101)
	at com.kms.katalon.core.main.CustomKeywordDelegatingMetaClass.invokeStaticMethod(CustomKeywordDelegatingMetaClass.java:73)
	at PayNowCorpSCF.run(PayNowCorpSCF:160)
	at com.kms.katalon.core.main.ScriptEngine.run(ScriptEngine.java:194)
	at com.kms.katalon.core.main.ScriptEngine.runScriptAsRawText(ScriptEngine.java:119)
	at com.kms.katalon.core.main.TestCaseExecutor.runScript(TestCaseExecutor.java:448)
	at com.kms.katalon.core.main.TestCaseExecutor.doExecute(TestCaseExecutor.java:439)
	at com.kms.katalon.core.main.TestCaseExecutor.processExecutionPhase(TestCaseExecutor.java:418)
	at com.kms.katalon.core.main.TestCaseExecutor.accessMainPhase(TestCaseExecutor.java:410)
	at com.kms.katalon.core.main.TestCaseExecutor.execute(TestCaseExecutor.java:285)
	at com.kms.katalon.core.common.CommonExecutor.accessTestCaseMainPhase(CommonExecutor.java:65)
	at com.kms.katalon.core.main.TestSuiteExecutor.accessTestSuiteMainPhase(TestSuiteExecutor.java:150)
	at com.kms.katalon.core.main.TestSuiteExecutor.execute(TestSuiteExecutor.java:106)
	at com.kms.katalon.core.main.TestCaseMain.startTestSuite(TestCaseMain.java:180)
	at TempTestSuite1729731001385.run(TempTestSuite1729731001385.groovy:35)
	at java.base/jdk.internal.reflect.NativeMethodAccessorImpl.invoke0(Native Method)
	at java.base/jdk.internal.reflect.NativeMethodAccessorImpl.invoke(NativeMethodAccessorImpl.java:77)
	at java.base/jdk.internal.reflect.DelegatingMethodAccessorImpl.invoke(DelegatingMethodAccessorImpl.java:43)
Caused by: org.codehaus.groovy.runtime.InvokerInvocationException: java.io.FileNotFoundException: KatalonData\IWPTestData\VRelay25Payments.xlsx (The process cannot access the file because it is being used by another process)
	at com.kms.katalon.core.main.CustomKeywordDelegatingMetaClass.invokeStaticMethod(CustomKeywordDelegatingMetaClass.java:55)
	at Script1723846247927.run(Script1723846247927.groovy:160)
	... 15 more
Caused by: java.io.FileNotFoundException: KatalonData\IWPTestData\VRelay25Payments.xlsx (The process cannot access the file because it is being used by another process)
	at pages.WriteExcel.demoKey(WriteExcel.groovy:93)
	at java.base/jdk.internal.reflect.NativeMethodAccessorImpl.invoke0(Native Method)
	at java.base/jdk.internal.reflect.NativeMethodAccessorImpl.invoke(NativeMethodAccessorImpl.java:77)
	at java.base/jdk.internal.reflect.DelegatingMethodAccessorImpl.invoke(DelegatingMethodAccessorImpl.java:43)
	at com.kms.katalon.core.main.CustomKeywordDelegatingMetaClass.invokeStaticMethod(CustomKeywordDelegatingMetaClass.java:55)
	at PayNowCorpSCF.run(PayNowCorpSCF:160)
	... 15 more]]></system-out>
         <system-err><![CDATA[24-10-2024T06:37:46 - [TEST_CASE][ERROR] - Test Cases/IntegratedWeb/IWP25/Payments/PayNowCorpSCF: Test Cases/IntegratedWeb/IWP25/Payments/PayNowCorpSCF FAILED.
Reason:
org.codehaus.groovy.runtime.InvokerInvocationException: java.io.FileNotFoundException: KatalonData\IWPTestData\VRelay25Payments.xlsx (The process cannot access the file because it is being used by another process)
	at com.kms.katalon.core.main.CustomKeywordDelegatingMetaClass.invokeStaticMethod(CustomKeywordDelegatingMetaClass.java:55)
	at PayNowCorpSCF.run(PayNowCorpSCF:160)
	at com.kms.katalon.core.main.ScriptEngine.run(ScriptEngine.java:194)
	at com.kms.katalon.core.main.ScriptEngine.runScriptAsRawText(ScriptEngine.java:119)
	at com.kms.katalon.core.main.TestCaseExecutor.runScript(TestCaseExecutor.java:448)
	at com.kms.katalon.core.main.TestCaseExecutor.doExecute(TestCaseExecutor.java:439)
	at com.kms.katalon.core.main.TestCaseExecutor.processExecutionPhase(TestCaseExecutor.java:418)
	at com.kms.katalon.core.main.TestCaseExecutor.accessMainPhase(TestCaseExecutor.java:410)
	at com.kms.katalon.core.main.TestCaseExecutor.execute(TestCaseExecutor.java:285)
	at com.kms.katalon.core.common.CommonExecutor.accessTestCaseMainPhase(CommonExecutor.java:65)
	at com.kms.katalon.core.main.TestSuiteExecutor.accessTestSuiteMainPhase(TestSuiteExecutor.java:150)
	at com.kms.katalon.core.main.TestSuiteExecutor.execute(TestSuiteExecutor.java:106)
	at com.kms.katalon.core.main.TestCaseMain.startTestSuite(TestCaseMain.java:180)
	at TempTestSuite1729731001385.run(TempTestSuite1729731001385.groovy:35)
	at java.base/jdk.internal.reflect.NativeMethodAccessorImpl.invoke0(Native Method)
	at java.base/jdk.internal.reflect.NativeMethodAccessorImpl.invoke(NativeMethodAccessorImpl.java:77)
	at java.base/jdk.internal.reflect.DelegatingMethodAccessorImpl.invoke(DelegatingMethodAccessorImpl.java:43)
Caused by: java.io.FileNotFoundException: KatalonData\IWPTestData\VRelay25Payments.xlsx (The process cannot access the file because it is being used by another process)
	at pages.WriteExcel.demoKey(WriteExcel.groovy:93)
	at java.base/jdk.internal.reflect.NativeMethodAccessorImpl.invoke0(Native Method)
	at java.base/jdk.internal.reflect.NativeMethodAccessorImpl.invoke(NativeMethodAccessorImpl.java:77)
	at java.base/jdk.internal.reflect.DelegatingMethodAccessorImpl.invoke(DelegatingMethodAccessorImpl.java:43)
	... 17 more]]></system-err>
      </testcase>
      <testcase name="Test Cases/IntegratedWeb/IWP25/Payments/PayNowCreditDCF" time="117.861" classname="Test Cases/IntegratedWeb/IWP25/Payments/PayNowCreditDCF" status="ERROR">
         <error type="ERROR" message="Test Cases/IntegratedWeb/IWP25/Payments/PayNowCreditDCF FAILED.&#xa;Reason:&#xa;org.codehaus.groovy.runtime.InvokerInvocationException: java.io.FileNotFoundException: KatalonData\IWPTestData\VRelay25Payments.xlsx (The process cannot access the file because it is being used by another process)&#xa;	at com.kms.katalon.core.main.CustomKeywordDelegatingMetaClass.invokeStaticMethod(CustomKeywordDelegatingMetaClass.java:55)&#xa;	at PayNowCreditDCF.run(PayNowCreditDCF:155)&#xa;	at com.kms.katalon.core.main.ScriptEngine.run(ScriptEngine.java:194)&#xa;	at com.kms.katalon.core.main.ScriptEngine.runScriptAsRawText(ScriptEngine.java:119)&#xa;	at com.kms.katalon.core.main.TestCaseExecutor.runScript(TestCaseExecutor.java:448)&#xa;	at com.kms.katalon.core.main.TestCaseExecutor.doExecute(TestCaseExecutor.java:439)&#xa;	at com.kms.katalon.core.main.TestCaseExecutor.processExecutionPhase(TestCaseExecutor.java:418)&#xa;	at com.kms.katalon.core.main.TestCaseExecutor.accessMainPhase(TestCaseExecutor.java:410)&#xa;	at com.kms.katalon.core.main.TestCaseExecutor.execute(TestCaseExecutor.java:285)&#xa;	at com.kms.katalon.core.common.CommonExecutor.accessTestCaseMainPhase(CommonExecutor.java:65)&#xa;	at com.kms.katalon.core.main.TestSuiteExecutor.accessTestSuiteMainPhase(TestSuiteExecutor.java:150)&#xa;	at com.kms.katalon.core.main.TestSuiteExecutor.execute(TestSuiteExecutor.java:106)&#xa;	at com.kms.katalon.core.main.TestCaseMain.startTestSuite(TestCaseMain.java:180)&#xa;	at TempTestSuite1729731001385.run(TempTestSuite1729731001385.groovy:35)&#xa;	at java.base/jdk.internal.reflect.NativeMethodAccessorImpl.invoke0(Native Method)&#xa;	at java.base/jdk.internal.reflect.NativeMethodAccessorImpl.invoke(NativeMethodAccessorImpl.java:77)&#xa;	at java.base/jdk.internal.reflect.DelegatingMethodAccessorImpl.invoke(DelegatingMethodAccessorImpl.java:43)&#xa;Caused by: java.io.FileNotFoundException: KatalonData\IWPTestData\VRelay25Payments.xlsx (The process cannot access the file because it is being used by another process)&#xa;	at pages.WriteExcel.demoKey(WriteExcel.groovy:93)&#xa;	at java.base/jdk.internal.reflect.NativeMethodAccessorImpl.invoke0(Native Method)&#xa;	at java.base/jdk.internal.reflect.NativeMethodAccessorImpl.invoke(NativeMethodAccessorImpl.java:77)&#xa;	at java.base/jdk.internal.reflect.DelegatingMethodAccessorImpl.invoke(DelegatingMethodAccessorImpl.java:43)&#xa;	... 17 more&#xa;"/>
         <system-out><![CDATA[24-10-2024T06:39:51 - [TEST_CASE][ERROR] - Test Cases/IntegratedWeb/IWP25/Payments/PayNowCreditDCF: Test Cases/IntegratedWeb/IWP25/Payments/PayNowCreditDCF FAILED.
Reason:
org.codehaus.groovy.runtime.InvokerInvocationException: java.io.FileNotFoundException: KatalonData\IWPTestData\VRelay25Payments.xlsx (The process cannot access the file because it is being used by another process)
	at com.kms.katalon.core.main.CustomKeywordDelegatingMetaClass.invokeStaticMethod(CustomKeywordDelegatingMetaClass.java:55)
	at PayNowCreditDCF.run(PayNowCreditDCF:155)
	at com.kms.katalon.core.main.ScriptEngine.run(ScriptEngine.java:194)
	at com.kms.katalon.core.main.ScriptEngine.runScriptAsRawText(ScriptEngine.java:119)
	at com.kms.katalon.core.main.TestCaseExecutor.runScript(TestCaseExecutor.java:448)
	at com.kms.katalon.core.main.TestCaseExecutor.doExecute(TestCaseExecutor.java:439)
	at com.kms.katalon.core.main.TestCaseExecutor.processExecutionPhase(TestCaseExecutor.java:418)
	at com.kms.katalon.core.main.TestCaseExecutor.accessMainPhase(TestCaseExecutor.java:410)
	at com.kms.katalon.core.main.TestCaseExecutor.execute(TestCaseExecutor.java:285)
	at com.kms.katalon.core.common.CommonExecutor.accessTestCaseMainPhase(CommonExecutor.java:65)
	at com.kms.katalon.core.main.TestSuiteExecutor.accessTestSuiteMainPhase(TestSuiteExecutor.java:150)
	at com.kms.katalon.core.main.TestSuiteExecutor.execute(TestSuiteExecutor.java:106)
	at com.kms.katalon.core.main.TestCaseMain.startTestSuite(TestCaseMain.java:180)
	at TempTestSuite1729731001385.run(TempTestSuite1729731001385.groovy:35)
	at java.base/jdk.internal.reflect.NativeMethodAccessorImpl.invoke0(Native Method)
	at java.base/jdk.internal.reflect.NativeMethodAccessorImpl.invoke(NativeMethodAccessorImpl.java:77)
	at java.base/jdk.internal.reflect.DelegatingMethodAccessorImpl.invoke(DelegatingMethodAccessorImpl.java:43)
Caused by: java.io.FileNotFoundException: KatalonData\IWPTestData\VRelay25Payments.xlsx (The process cannot access the file because it is being used by another process)
	at pages.WriteExcel.demoKey(WriteExcel.groovy:93)
	at java.base/jdk.internal.reflect.NativeMethodAccessorImpl.invoke0(Native Method)
	at java.base/jdk.internal.reflect.NativeMethodAccessorImpl.invoke(NativeMethodAccessorImpl.java:77)
	at java.base/jdk.internal.reflect.DelegatingMethodAccessorImpl.invoke(DelegatingMethodAccessorImpl.java:43)
	... 17 more


24-10-2024T06:39:51 - [TEST_STEP][PASSED] - resText = "Fail": null

24-10-2024T06:39:51 - [TEST_STEP][PASSED] - resColumn = "Result": null

24-10-2024T06:39:51 - [TEST_STEP][PASSED] - datCloumn = "Date": null

24-10-2024T06:39:51 - [TEST_STEP][PASSED] - fileLoc = "KatalonData/IWPTestData/VRelay25Payments.xlsx": null

24-10-2024T06:39:51 - [TEST_STEP][PASSED] - numOfRows = <not implemented yet for class: org.codehaus.groovy.ast.expr.EmptyExpression>: null

24-10-2024T06:39:51 - [TEST_STEP][PASSED] - dataFile = <not implemented yet for class: org.codehaus.groovy.ast.expr.EmptyExpression>: null

24-10-2024T06:39:51 - [TEST_STEP][PASSED] - nameSheet = <not implemented yet for class: org.codehaus.groovy.ast.expr.EmptyExpression>: null

24-10-2024T06:39:51 - [TEST_STEP][PASSED] - dataFileEmulator = <not implemented yet for class: org.codehaus.groovy.ast.expr.EmptyExpression>: null

24-10-2024T06:39:51 - [TEST_STEP][PASSED] - isRequiredTextPresent = false: null

24-10-2024T06:39:51 - [TEST_STEP][PASSED] - nameSheet = "PayNowCreditDCF": null

24-10-2024T06:39:51 - [TEST_STEP][PASSED] - dataFile = "IWPTestData/PayNowCreditDCF": null

24-10-2024T06:39:51 - [TEST_STEP][PASSED] - dataFileEmulator = "IWPTestData/EmulatorData": null

24-10-2024T06:39:51 - [TEST_STEP][PASSED] - numOfRows = findTestData(dataFile).getRowNumbers(): null

24-10-2024T06:39:51 - [TEST_STEP][PASSED] - println("Number of Records: " + numOfRows): null

24-10-2024T06:39:51 - [TEST_STEP][PASSED] - for ([row = 1, row <= numOfRows, (row++)]): null

24-10-2024T06:39:51 - [TEST_STEP][PASSED] - ExecuteTC = findTestData(dataFile).getValue("Execute", row): null

24-10-2024T06:39:51 - [TEST_STEP][PASSED] - out.println("Value of Execute is : " + ExecuteTC): null

24-10-2024T06:39:51 - [TEST_STEP][PASSED] - if (ExecuteTC.equalsIgnoreCase("Y")): null

24-10-2024T06:39:51 - [TEST_STEP][PASSED] - out.println("Begin Record Number: " + row): null

24-10-2024T06:39:51 - [TEST_STEP][PASSED] - today = new java.util.Date(): null

24-10-2024T06:39:51 - [TEST_STEP][PASSED] - println(today): null

24-10-2024T06:39:51 - [TEST_STEP][PASSED] - datText = today: null

24-10-2024T06:39:51 - [TEST_STEP][PASSED] - EmulatorDataKey = findTestData(dataFile).getValue("EmulatorData", row): null

24-10-2024T06:39:51 - [TEST_STEP][PASSED] - out.println("Value of Emulator Key is : " + EmulatorDataKey): null

24-10-2024T06:39:51 - [TEST_STEP][PASSED] - iwpPages.emulatorIWP30.setDataEmulator_DD(EmulatorDataKey): iwpPages.emulatorIWP30.setDataEmulator_DD is PASSED

24-10-2024T06:39:51 - [MESSAGE][WARNING] - A browser is already opened. Closing browser and opening a new one

24-10-2024T06:39:52 - [MESSAGE][INFO] - Starting 'Edge Chromium' driver

24-10-2024T06:39:52 - [MESSAGE][INFO] - User set preference: ['acceptInsecureCerts', 'true']

24-10-2024T06:39:54 - [MESSAGE][INFO] - Action delay is set to 0 milliseconds

24-10-2024T06:39:58 - [MESSAGE][PASSED] - Browser is opened with url: 'https://qa2.velocitypayment.com/agencyx/config.action?action=editor&message_version=2_5'

24-10-2024T06:39:58 - [MESSAGE][PASSED] - Current window maximized

24-10-2024T06:40:29 - [MESSAGE][INFO] - Unable to find the element located by 'By.xpath: //select[@name='message_version']'. Please recheck the objects properties to make sure the desired element is located. 

24-10-2024T06:40:29 - [MESSAGE][WARNING] - [SELF-HEALING] Failed to find element with id 'Object Repository/IWP30/Page_VRelay30Emulator/MV'. Try using Self-healing.

24-10-2024T06:40:29 - [MESSAGE][WARNING] - [SELF-HEALING] The current locator of test object 'Object Repository/IWP30/Page_VRelay30Emulator/MV' was broken. Propose an alternative one: '(.//*[normalize-space(text()) and normalize-space(.)='Message Version'])[1]/following::select[1]'.

24-10-2024T06:40:30 - [MESSAGE][PASSED] - All options with value '2.5' are selected in object 'Object Repository/IWP30/Page_VRelay30Emulator/MV'  using regular expression

24-10-2024T06:40:30 - [MESSAGE][PASSED] - Text '10.50' is set on object 'Object Repository/IWP30/Page_EmulatorAgencyX/Amount'

24-10-2024T06:40:31 - [MESSAGE][PASSED] - Text 'hWsx0Nu2me6p' is set on object 'Object Repository/IWP30/Page_EmulatorAgencyX/CAN'

24-10-2024T06:40:32 - [MESSAGE][PASSED] - Text 'PayNow' is set on object 'Object Repository/IWP30/Page_EmulatorAgencyX/Action'

24-10-2024T06:40:32 - [MESSAGE][PASSED] - Text 'en_US' is set on object 'Object Repository/IWP30/Page_EmulatorAgencyX/Lang'

24-10-2024T06:40:33 - [MESSAGE][PASSED] - Text 'Jasmine' is set on object 'Object Repository/IWP30/Page_EmulatorAgencyX/Fname'

24-10-2024T06:40:33 - [MESSAGE][PASSED] - Text 'Patrinol' is set on object 'Object Repository/IWP30/Page_EmulatorAgencyX/Lname'

24-10-2024T06:40:34 - [MESSAGE][PASSED] - Text '258 Underwood rd' is set on object 'Object Repository/IWP30/Page_EmulatorAgencyX/AL1'

24-10-2024T06:40:35 - [MESSAGE][PASSED] - Text 'Suite 600' is set on object 'Object Repository/IWP30/Page_EmulatorAgencyX/AL2'

24-10-2024T06:40:35 - [MESSAGE][PASSED] - Text '840' is set on object 'Object Repository/IWP30/Page_EmulatorAgencyX/Country'

24-10-2024T06:40:36 - [MESSAGE][PASSED] - Text 'Arlington' is set on object 'Object Repository/IWP30/Page_EmulatorAgencyX/City'

24-10-2024T06:40:36 - [MESSAGE][PASSED] - Text 'VA' is set on object 'Object Repository/IWP30/Page_EmulatorAgencyX/State'

24-10-2024T06:40:37 - [MESSAGE][PASSED] - Text '22201' is set on object 'Object Repository/IWP30/Page_EmulatorAgencyX/ZIP'

24-10-2024T06:40:38 - [MESSAGE][PASSED] - Text '' is set on object 'Object Repository/IWP30/Page_EmulatorAgencyX/Order'

24-10-2024T06:40:38 - [MESSAGE][PASSED] - Text 'Some Company' is set on object 'Object Repository/IWP30/Page_EmulatorAgencyX/Company'

24-10-2024T06:40:39 - [MESSAGE][PASSED] - Text 'iahmed@govolution.com' is set on object 'Object Repository/IWP30/Page_EmulatorAgencyX/Email'

24-10-2024T06:40:39 - [MESSAGE][PASSED] - Text 'udf data 1' is set on object 'Object Repository/IWP30/Page_EmulatorAgencyX/UDF1'

24-10-2024T06:40:40 - [MESSAGE][PASSED] - Text 'udf data 2' is set on object 'Object Repository/IWP30/Page_EmulatorAgencyX/UDF2'

24-10-2024T06:40:41 - [MESSAGE][PASSED] - Text 'udf data 3' is set on object 'Object Repository/IWP30/Page_EmulatorAgencyX/UDF3'

24-10-2024T06:40:41 - [MESSAGE][PASSED] - Text 'udf data 4' is set on object 'Object Repository/IWP30/Page_EmulatorAgencyX/UDF4'

24-10-2024T06:40:42 - [MESSAGE][PASSED] - Text 'udf data 5' is set on object 'Object Repository/IWP30/Page_EmulatorAgencyX/UDF5'

24-10-2024T06:40:42 - [MESSAGE][PASSED] - Text 'udf data 6' is set on object 'Object Repository/IWP30/Page_EmulatorAgencyX/UDF6'

24-10-2024T06:40:43 - [MESSAGE][PASSED] - Text 'Orange' is set on object 'Object Repository/IWP30/Page_EmulatorAgencyX/UDF7'

24-10-2024T06:40:44 - [MESSAGE][PASSED] - Text 'Soccer' is set on object 'Object Repository/IWP30/Page_EmulatorAgencyX/UDF8'

24-10-2024T06:40:44 - [MESSAGE][PASSED] - Text 'udf data 9' is set on object 'Object Repository/IWP30/Page_EmulatorAgencyX/UDF9'

24-10-2024T06:40:45 - [MESSAGE][PASSED] - Text 'udf data 10' is set on object 'Object Repository/IWP30/Page_EmulatorAgencyX/UDF10'

24-10-2024T06:40:46 - [MESSAGE][PASSED] - Object: 'Object Repository/IWP30/Page_EmulatorAgencyX/Submit' is clicked on

24-10-2024T06:40:51 - [MESSAGE][PASSED] - Browser is closed

24-10-2024T06:40:55 - [MESSAGE][PASSED] - iwpPages.emulatorIWP30.setDataEmulator_DD is PASSED

24-10-2024T06:40:55 - [TEST_STEP][PASSED] - testHarnessURL = urlTestHarness: null

24-10-2024T06:40:55 - [TEST_STEP][PASSED] - openBrowser(testHarnessURL): Browser is opened with url: 'https://dev-algorithm.govolution.com/vrelaytest/QA2/version_2_2/vrelaytest.html'

24-10-2024T06:40:55 - [MESSAGE][INFO] - Starting 'Edge Chromium' driver

24-10-2024T06:40:55 - [MESSAGE][INFO] - User set preference: ['acceptInsecureCerts', 'true']

24-10-2024T06:40:57 - [MESSAGE][INFO] - Action delay is set to 0 milliseconds

24-10-2024T06:41:00 - [MESSAGE][PASSED] - Browser is opened with url: 'https://dev-algorithm.govolution.com/vrelaytest/QA2/version_2_2/vrelaytest.html'

24-10-2024T06:41:00 - [TEST_STEP][PASSED] - maximizeWindow(): Current window maximized

24-10-2024T06:41:00 - [MESSAGE][PASSED] - Current window maximized

24-10-2024T06:41:00 - [TEST_STEP][PASSED] - iwpPages.TestHarnessPage.setDataMethod(row, dataFile): iwpPages.TestHarnessPage.setDataMethod is PASSED

24-10-2024T06:41:01 - [MESSAGE][PASSED] - Object 'Object Repository/IWP30/Page_QATestHarness/RemittanceID' is present

24-10-2024T06:41:01 - [MESSAGE][PASSED] - Text '640' is set on object 'Object Repository/IWP30/Page_QATestHarness/ApplicationID'

24-10-2024T06:41:02 - [MESSAGE][PASSED] - Text '2.5' is set on object 'Object Repository/IWP30/Page_QATestHarness/MessageVersion'

24-10-2024T06:41:03 - [MESSAGE][PASSED] - Text 'TbqlXobqK80T' is set on object 'Object Repository/IWP30/Page_QATestHarness/RemittanceID'

24-10-2024T06:41:06 - [MESSAGE][PASSED] - Object: 'Object Repository/IWP30/Page_QATestHarness/SubmitButton' is clicked on

24-10-2024T06:41:06 - [MESSAGE][PASSED] - iwpPages.TestHarnessPage.setDataMethod is PASSED

24-10-2024T06:41:06 - [TEST_STEP][PASSED] - click(findTestObject("Object Repository/IWP30/Page_SelectPaymentMethod/PayByCreditCard")): Object: 'Object Repository/IWP30/Page_SelectPaymentMethod/PayByCreditCard' is clicked on

24-10-2024T06:41:07 - [MESSAGE][PASSED] - Object: 'Object Repository/IWP30/Page_SelectPaymentMethod/PayByCreditCard' is clicked on

24-10-2024T06:41:07 - [TEST_STEP][PASSED] - click(findTestObject("Object Repository/IWP30/Page_SelectPaymentMethod/MakePaymentButton")): Object: 'Object Repository/IWP30/Page_SelectPaymentMethod/MakePaymentButton' is clicked on

24-10-2024T06:41:10 - [MESSAGE][PASSED] - Object: 'Object Repository/IWP30/Page_SelectPaymentMethod/MakePaymentButton' is clicked on

24-10-2024T06:41:10 - [TEST_STEP][PASSED] - iwpPages.ccPaymentEntryPage.setDataCCPM(row, dataFile): iwpPages.ccPaymentEntryPage.setDataCCPM is PASSED

24-10-2024T06:41:11 - [MESSAGE][PASSED] - Object 'Object Repository/IWP30/Page_CCPaymentEntry/Name' is present

24-10-2024T06:41:12 - [MESSAGE][PASSED] - All options with label 'Soccer' are selected in object 'Object Repository/IWP30/Page_CCPaymentEntry/UserDefined8' 

24-10-2024T06:41:12 - [MESSAGE][PASSED] - Object 'Object Repository/IWP30/Page_CCPaymentEntry/Name' is present

24-10-2024T06:41:12 - [MESSAGE][PASSED] - Object 'Object Repository/IWP30/Page_CCPaymentEntry/CardNumber' is present

24-10-2024T06:41:13 - [MESSAGE][PASSED] - Text '4761730000000011' is set on object 'Object Repository/IWP30/Page_CCPaymentEntry/CardNumber'

24-10-2024T06:41:13 - [MESSAGE][PASSED] - Text '123' is set on object 'Object Repository/IWP30/Page_CCPaymentEntry/SPC'

24-10-2024T06:41:14 - [MESSAGE][PASSED] - Object 'Object Repository/IWP30/Page_CCPaymentEntry/Month' is present

24-10-2024T06:41:14 - [MESSAGE][PASSED] - All options with label '09' are selected in object 'Object Repository/IWP30/Page_CCPaymentEntry/Month' 

24-10-2024T06:41:15 - [MESSAGE][PASSED] - Object 'Object Repository/IWP30/Page_CCPaymentEntry/Year' is present

24-10-2024T06:41:15 - [MESSAGE][PASSED] - All options with label '2028' are selected in object 'Object Repository/IWP30/Page_CCPaymentEntry/Year' 

24-10-2024T06:41:15 - [MESSAGE][PASSED] - Object 'Object Repository/IWP30/Page_CCPaymentEntry/EmailAddress' is present

24-10-2024T06:41:16 - [MESSAGE][PASSED] - Object 'Object Repository/IWP30/Page_CCPaymentEntry/TermCondCheckBox' is present

24-10-2024T06:41:16 - [MESSAGE][PASSED] - Object 'Object Repository/IWP30/Page_CCPaymentEntry/TermCondCheckBox' is checked

24-10-2024T06:41:16 - [MESSAGE][PASSED] - Object 'Object Repository/IWP30/Page_CCPaymentEntry/ContinueButton' is present

24-10-2024T06:41:18 - [MESSAGE][PASSED] - Object: 'Object Repository/IWP30/Page_CCPaymentEntry/ContinueButton' is clicked on

24-10-2024T06:41:18 - [MESSAGE][PASSED] - iwpPages.ccPaymentEntryPage.setDataCCPM is PASSED

24-10-2024T06:41:18 - [TEST_STEP][PASSED] - click(findTestObject("Object Repository/IWP30/Page_Confirmation/ConfirmButton")): Object: 'Object Repository/IWP30/Page_Confirmation/ConfirmButton' is clicked on

24-10-2024T06:41:20 - [MESSAGE][PASSED] - Object: 'Object Repository/IWP30/Page_Confirmation/ConfirmButton' is clicked on

24-10-2024T06:41:20 - [TEST_STEP][PASSED] - Thread.sleep(5000): null

24-10-2024T06:41:25 - [TEST_STEP][PASSED] - println("I am on real estate page"): null

24-10-2024T06:41:25 - [TEST_STEP][PASSED] - if (verifyTextPresent("Make a Real Estate Payment", false)): null

24-10-2024T06:41:25 - [MESSAGE][PASSED] - Text 'Make a Real Estate Payment' is present on page 

24-10-2024T06:41:25 - [TEST_STEP][PASSED] - isRequiredTextPresent = true: null

24-10-2024T06:41:25 - [TEST_STEP][PASSED] - println(isRequiredTextPresent): null

24-10-2024T06:41:25 - [TEST_STEP][PASSED] - if (isRequiredTextPresent): null

24-10-2024T06:41:25 - [TEST_STEP][PASSED] - if (verifyTextPresent("This transaction is subject to a Convenience Fees of $2.00.", false)): null

24-10-2024T06:41:25 - [MESSAGE][PASSED] - Text 'This transaction is subject to a Convenience Fees of $2.00.' is present on page 

24-10-2024T06:41:25 - [TEST_STEP][PASSED] - isRequiredTextPresent = true: null

24-10-2024T06:41:25 - [TEST_STEP][PASSED] - println(isRequiredTextPresent): null

24-10-2024T06:41:25 - [TEST_STEP][PASSED] - if (isRequiredTextPresent): null

24-10-2024T06:41:25 - [TEST_STEP][PASSED] - if (verifyTextPresent("Payment Amount:  $10.50", false)): null

24-10-2024T06:41:26 - [MESSAGE][PASSED] - Text 'Payment Amount:  $10.50' is present on page 

24-10-2024T06:41:26 - [TEST_STEP][PASSED] - isRequiredTextPresent = true: null

24-10-2024T06:41:26 - [TEST_STEP][PASSED] - if (isRequiredTextPresent): null

24-10-2024T06:41:26 - [TEST_STEP][PASSED] - if (verifyTextPresent("Convenience Fees:  $2.00", false)): null

24-10-2024T06:41:26 - [MESSAGE][PASSED] - Text 'Convenience Fees:  $2.00' is present on page 

24-10-2024T06:41:26 - [TEST_STEP][PASSED] - isRequiredTextPresent = true: null

24-10-2024T06:41:26 - [TEST_STEP][PASSED] - if (isRequiredTextPresent): null

24-10-2024T06:41:26 - [TEST_STEP][PASSED] - if (verifyTextPresent("Total Amount:  $12.50", false)): null

24-10-2024T06:41:26 - [MESSAGE][PASSED] - Text 'Total Amount:  $12.50' is present on page 

24-10-2024T06:41:26 - [TEST_STEP][PASSED] - isRequiredTextPresent = true: null

24-10-2024T06:41:26 - [TEST_STEP][PASSED] - if (isRequiredTextPresent): null

24-10-2024T06:41:26 - [TEST_STEP][PASSED] - if (verifyTextPresent("Two transactions will appear on your bank statement, one in the amount of $10.50 and one in the amount of $2.00.", false)): null

24-10-2024T06:41:26 - [MESSAGE][PASSED] - Text 'Two transactions will appear on your bank statement, one in the amount of $10.50 and one in the amount of $2.00.' is present on page 

24-10-2024T06:41:26 - [TEST_STEP][PASSED] - isRequiredTextPresent = true: null

24-10-2024T06:41:26 - [TEST_STEP][PASSED] - Thread.sleep(10000): null

24-10-2024T06:41:36 - [TEST_STEP][PASSED] - click(findTestObject("Object Repository/IWP30/Page_ConvenienceFees/btn_convFeeNotifyAction")): Object: 'Object Repository/IWP30/Page_ConvenienceFees/btn_convFeeNotifyAction' is clicked on

24-10-2024T06:41:38 - [MESSAGE][PASSED] - Object: 'Object Repository/IWP30/Page_ConvenienceFees/btn_convFeeNotifyAction' is clicked on

24-10-2024T06:41:38 - [TEST_STEP][PASSED] - Thread.sleep(10000): null

24-10-2024T06:41:48 - [TEST_STEP][PASSED] - if (verifyTextPresent("Successful Payment Receipt", false)): null

24-10-2024T06:41:49 - [MESSAGE][PASSED] - Text 'Successful Payment Receipt' is present on page 

24-10-2024T06:41:49 - [TEST_STEP][PASSED] - println("Successful Payment Receipt text is present on the Receipt page"): null

24-10-2024T06:41:49 - [TEST_STEP][PASSED] - markPassed("Successful Payment Receipt text is present on the Receipt page"): Successful Payment Receipt text is present on the Receipt page

24-10-2024T06:41:49 - [MESSAGE][PASSED] - Successful Payment Receipt text is present on the Receipt page

24-10-2024T06:41:49 - [TEST_STEP][PASSED] - resText = "Pass": null

24-10-2024T06:41:49 - [TEST_STEP][ERROR] - pages.WriteExcel.demoKey(resText, datText, resColumn, datCloumn, fileLoc, nameSheet, row): Test Cases/IntegratedWeb/IWP25/Payments/PayNowCreditDCF FAILED.
Reason:
com.kms.katalon.core.exception.StepErrorException: org.codehaus.groovy.runtime.InvokerInvocationException: java.io.FileNotFoundException: KatalonData\IWPTestData\VRelay25Payments.xlsx (The process cannot access the file because it is being used by another process)
	at com.kms.katalon.core.main.CustomKeywordDelegatingMetaClass.throwError(CustomKeywordDelegatingMetaClass.java:101)
	at com.kms.katalon.core.main.CustomKeywordDelegatingMetaClass.invokeStaticMethod(CustomKeywordDelegatingMetaClass.java:73)
	at PayNowCreditDCF.run(PayNowCreditDCF:155)
	at com.kms.katalon.core.main.ScriptEngine.run(ScriptEngine.java:194)
	at com.kms.katalon.core.main.ScriptEngine.runScriptAsRawText(ScriptEngine.java:119)
	at com.kms.katalon.core.main.TestCaseExecutor.runScript(TestCaseExecutor.java:448)
	at com.kms.katalon.core.main.TestCaseExecutor.doExecute(TestCaseExecutor.java:439)
	at com.kms.katalon.core.main.TestCaseExecutor.processExecutionPhase(TestCaseExecutor.java:418)
	at com.kms.katalon.core.main.TestCaseExecutor.accessMainPhase(TestCaseExecutor.java:410)
	at com.kms.katalon.core.main.TestCaseExecutor.execute(TestCaseExecutor.java:285)
	at com.kms.katalon.core.common.CommonExecutor.accessTestCaseMainPhase(CommonExecutor.java:65)
	at com.kms.katalon.core.main.TestSuiteExecutor.accessTestSuiteMainPhase(TestSuiteExecutor.java:150)
	at com.kms.katalon.core.main.TestSuiteExecutor.execute(TestSuiteExecutor.java:106)
	at com.kms.katalon.core.main.TestCaseMain.startTestSuite(TestCaseMain.java:180)
	at TempTestSuite1729731001385.run(TempTestSuite1729731001385.groovy:35)
	at java.base/jdk.internal.reflect.NativeMethodAccessorImpl.invoke0(Native Method)
	at java.base/jdk.internal.reflect.NativeMethodAccessorImpl.invoke(NativeMethodAccessorImpl.java:77)
	at java.base/jdk.internal.reflect.DelegatingMethodAccessorImpl.invoke(DelegatingMethodAccessorImpl.java:43)
Caused by: org.codehaus.groovy.runtime.InvokerInvocationException: java.io.FileNotFoundException: KatalonData\IWPTestData\VRelay25Payments.xlsx (The process cannot access the file because it is being used by another process)
	at com.kms.katalon.core.main.CustomKeywordDelegatingMetaClass.invokeStaticMethod(CustomKeywordDelegatingMetaClass.java:55)
	at Script1725289788433.run(Script1725289788433.groovy:155)
	... 15 more
Caused by: java.io.FileNotFoundException: KatalonData\IWPTestData\VRelay25Payments.xlsx (The process cannot access the file because it is being used by another process)
	at pages.WriteExcel.demoKey(WriteExcel.groovy:93)
	at java.base/jdk.internal.reflect.NativeMethodAccessorImpl.invoke0(Native Method)
	at java.base/jdk.internal.reflect.NativeMethodAccessorImpl.invoke(NativeMethodAccessorImpl.java:77)
	at java.base/jdk.internal.reflect.DelegatingMethodAccessorImpl.invoke(DelegatingMethodAccessorImpl.java:43)
	at com.kms.katalon.core.main.CustomKeywordDelegatingMetaClass.invokeStaticMethod(CustomKeywordDelegatingMetaClass.java:55)
	at PayNowCreditDCF.run(PayNowCreditDCF:155)
	... 15 more


24-10-2024T06:41:49 - [MESSAGE][ERROR] - java.io.FileNotFoundException: KatalonData\IWPTestData\VRelay25Payments.xlsx (The process cannot access the file because it is being used by another process)

24-10-2024T06:41:49 - [MESSAGE][ERROR] - Test Cases/IntegratedWeb/IWP25/Payments/PayNowCreditDCF FAILED.
Reason:
com.kms.katalon.core.exception.StepErrorException: org.codehaus.groovy.runtime.InvokerInvocationException: java.io.FileNotFoundException: KatalonData\IWPTestData\VRelay25Payments.xlsx (The process cannot access the file because it is being used by another process)
	at com.kms.katalon.core.main.CustomKeywordDelegatingMetaClass.throwError(CustomKeywordDelegatingMetaClass.java:101)
	at com.kms.katalon.core.main.CustomKeywordDelegatingMetaClass.invokeStaticMethod(CustomKeywordDelegatingMetaClass.java:73)
	at PayNowCreditDCF.run(PayNowCreditDCF:155)
	at com.kms.katalon.core.main.ScriptEngine.run(ScriptEngine.java:194)
	at com.kms.katalon.core.main.ScriptEngine.runScriptAsRawText(ScriptEngine.java:119)
	at com.kms.katalon.core.main.TestCaseExecutor.runScript(TestCaseExecutor.java:448)
	at com.kms.katalon.core.main.TestCaseExecutor.doExecute(TestCaseExecutor.java:439)
	at com.kms.katalon.core.main.TestCaseExecutor.processExecutionPhase(TestCaseExecutor.java:418)
	at com.kms.katalon.core.main.TestCaseExecutor.accessMainPhase(TestCaseExecutor.java:410)
	at com.kms.katalon.core.main.TestCaseExecutor.execute(TestCaseExecutor.java:285)
	at com.kms.katalon.core.common.CommonExecutor.accessTestCaseMainPhase(CommonExecutor.java:65)
	at com.kms.katalon.core.main.TestSuiteExecutor.accessTestSuiteMainPhase(TestSuiteExecutor.java:150)
	at com.kms.katalon.core.main.TestSuiteExecutor.execute(TestSuiteExecutor.java:106)
	at com.kms.katalon.core.main.TestCaseMain.startTestSuite(TestCaseMain.java:180)
	at TempTestSuite1729731001385.run(TempTestSuite1729731001385.groovy:35)
	at java.base/jdk.internal.reflect.NativeMethodAccessorImpl.invoke0(Native Method)
	at java.base/jdk.internal.reflect.NativeMethodAccessorImpl.invoke(NativeMethodAccessorImpl.java:77)
	at java.base/jdk.internal.reflect.DelegatingMethodAccessorImpl.invoke(DelegatingMethodAccessorImpl.java:43)
Caused by: org.codehaus.groovy.runtime.InvokerInvocationException: java.io.FileNotFoundException: KatalonData\IWPTestData\VRelay25Payments.xlsx (The process cannot access the file because it is being used by another process)
	at com.kms.katalon.core.main.CustomKeywordDelegatingMetaClass.invokeStaticMethod(CustomKeywordDelegatingMetaClass.java:55)
	at Script1725289788433.run(Script1725289788433.groovy:155)
	... 15 more
Caused by: java.io.FileNotFoundException: KatalonData\IWPTestData\VRelay25Payments.xlsx (The process cannot access the file because it is being used by another process)
	at pages.WriteExcel.demoKey(WriteExcel.groovy:93)
	at java.base/jdk.internal.reflect.NativeMethodAccessorImpl.invoke0(Native Method)
	at java.base/jdk.internal.reflect.NativeMethodAccessorImpl.invoke(NativeMethodAccessorImpl.java:77)
	at java.base/jdk.internal.reflect.DelegatingMethodAccessorImpl.invoke(DelegatingMethodAccessorImpl.java:43)
	at com.kms.katalon.core.main.CustomKeywordDelegatingMetaClass.invokeStaticMethod(CustomKeywordDelegatingMetaClass.java:55)
	at PayNowCreditDCF.run(PayNowCreditDCF:155)
	... 15 more]]></system-out>
         <system-err><![CDATA[24-10-2024T06:39:51 - [TEST_CASE][ERROR] - Test Cases/IntegratedWeb/IWP25/Payments/PayNowCreditDCF: Test Cases/IntegratedWeb/IWP25/Payments/PayNowCreditDCF FAILED.
Reason:
org.codehaus.groovy.runtime.InvokerInvocationException: java.io.FileNotFoundException: KatalonData\IWPTestData\VRelay25Payments.xlsx (The process cannot access the file because it is being used by another process)
	at com.kms.katalon.core.main.CustomKeywordDelegatingMetaClass.invokeStaticMethod(CustomKeywordDelegatingMetaClass.java:55)
	at PayNowCreditDCF.run(PayNowCreditDCF:155)
	at com.kms.katalon.core.main.ScriptEngine.run(ScriptEngine.java:194)
	at com.kms.katalon.core.main.ScriptEngine.runScriptAsRawText(ScriptEngine.java:119)
	at com.kms.katalon.core.main.TestCaseExecutor.runScript(TestCaseExecutor.java:448)
	at com.kms.katalon.core.main.TestCaseExecutor.doExecute(TestCaseExecutor.java:439)
	at com.kms.katalon.core.main.TestCaseExecutor.processExecutionPhase(TestCaseExecutor.java:418)
	at com.kms.katalon.core.main.TestCaseExecutor.accessMainPhase(TestCaseExecutor.java:410)
	at com.kms.katalon.core.main.TestCaseExecutor.execute(TestCaseExecutor.java:285)
	at com.kms.katalon.core.common.CommonExecutor.accessTestCaseMainPhase(CommonExecutor.java:65)
	at com.kms.katalon.core.main.TestSuiteExecutor.accessTestSuiteMainPhase(TestSuiteExecutor.java:150)
	at com.kms.katalon.core.main.TestSuiteExecutor.execute(TestSuiteExecutor.java:106)
	at com.kms.katalon.core.main.TestCaseMain.startTestSuite(TestCaseMain.java:180)
	at TempTestSuite1729731001385.run(TempTestSuite1729731001385.groovy:35)
	at java.base/jdk.internal.reflect.NativeMethodAccessorImpl.invoke0(Native Method)
	at java.base/jdk.internal.reflect.NativeMethodAccessorImpl.invoke(NativeMethodAccessorImpl.java:77)
	at java.base/jdk.internal.reflect.DelegatingMethodAccessorImpl.invoke(DelegatingMethodAccessorImpl.java:43)
Caused by: java.io.FileNotFoundException: KatalonData\IWPTestData\VRelay25Payments.xlsx (The process cannot access the file because it is being used by another process)
	at pages.WriteExcel.demoKey(WriteExcel.groovy:93)
	at java.base/jdk.internal.reflect.NativeMethodAccessorImpl.invoke0(Native Method)
	at java.base/jdk.internal.reflect.NativeMethodAccessorImpl.invoke(NativeMethodAccessorImpl.java:77)
	at java.base/jdk.internal.reflect.DelegatingMethodAccessorImpl.invoke(DelegatingMethodAccessorImpl.java:43)
	... 17 more]]></system-err>
      </testcase>
      <testcase name="Test Cases/IntegratedWeb/IWP25/Payments/PayNowCreditSCF" time="119.094" classname="Test Cases/IntegratedWeb/IWP25/Payments/PayNowCreditSCF" status="ERROR">
         <error type="ERROR" message="Test Cases/IntegratedWeb/IWP25/Payments/PayNowCreditSCF FAILED.&#xa;Reason:&#xa;org.codehaus.groovy.runtime.InvokerInvocationException: java.io.FileNotFoundException: KatalonData\IWPTestData\VRelay25Payments.xlsx (The process cannot access the file because it is being used by another process)&#xa;	at com.kms.katalon.core.main.CustomKeywordDelegatingMetaClass.invokeStaticMethod(CustomKeywordDelegatingMetaClass.java:55)&#xa;	at PayNowCreditSCF.run(PayNowCreditSCF:158)&#xa;	at com.kms.katalon.core.main.ScriptEngine.run(ScriptEngine.java:194)&#xa;	at com.kms.katalon.core.main.ScriptEngine.runScriptAsRawText(ScriptEngine.java:119)&#xa;	at com.kms.katalon.core.main.TestCaseExecutor.runScript(TestCaseExecutor.java:448)&#xa;	at com.kms.katalon.core.main.TestCaseExecutor.doExecute(TestCaseExecutor.java:439)&#xa;	at com.kms.katalon.core.main.TestCaseExecutor.processExecutionPhase(TestCaseExecutor.java:418)&#xa;	at com.kms.katalon.core.main.TestCaseExecutor.accessMainPhase(TestCaseExecutor.java:410)&#xa;	at com.kms.katalon.core.main.TestCaseExecutor.execute(TestCaseExecutor.java:285)&#xa;	at com.kms.katalon.core.common.CommonExecutor.accessTestCaseMainPhase(CommonExecutor.java:65)&#xa;	at com.kms.katalon.core.main.TestSuiteExecutor.accessTestSuiteMainPhase(TestSuiteExecutor.java:150)&#xa;	at com.kms.katalon.core.main.TestSuiteExecutor.execute(TestSuiteExecutor.java:106)&#xa;	at com.kms.katalon.core.main.TestCaseMain.startTestSuite(TestCaseMain.java:180)&#xa;	at TempTestSuite1729731001385.run(TempTestSuite1729731001385.groovy:35)&#xa;	at java.base/jdk.internal.reflect.NativeMethodAccessorImpl.invoke0(Native Method)&#xa;	at java.base/jdk.internal.reflect.NativeMethodAccessorImpl.invoke(NativeMethodAccessorImpl.java:77)&#xa;	at java.base/jdk.internal.reflect.DelegatingMethodAccessorImpl.invoke(DelegatingMethodAccessorImpl.java:43)&#xa;Caused by: java.io.FileNotFoundException: KatalonData\IWPTestData\VRelay25Payments.xlsx (The process cannot access the file because it is being used by another process)&#xa;	at pages.WriteExcel.demoKey(WriteExcel.groovy:93)&#xa;	at java.base/jdk.internal.reflect.NativeMethodAccessorImpl.invoke0(Native Method)&#xa;	at java.base/jdk.internal.reflect.NativeMethodAccessorImpl.invoke(NativeMethodAccessorImpl.java:77)&#xa;	at java.base/jdk.internal.reflect.DelegatingMethodAccessorImpl.invoke(DelegatingMethodAccessorImpl.java:43)&#xa;	... 17 more&#xa;"/>
         <system-out><![CDATA[24-10-2024T06:41:49 - [TEST_CASE][ERROR] - Test Cases/IntegratedWeb/IWP25/Payments/PayNowCreditSCF: Test Cases/IntegratedWeb/IWP25/Payments/PayNowCreditSCF FAILED.
Reason:
org.codehaus.groovy.runtime.InvokerInvocationException: java.io.FileNotFoundException: KatalonData\IWPTestData\VRelay25Payments.xlsx (The process cannot access the file because it is being used by another process)
	at com.kms.katalon.core.main.CustomKeywordDelegatingMetaClass.invokeStaticMethod(CustomKeywordDelegatingMetaClass.java:55)
	at PayNowCreditSCF.run(PayNowCreditSCF:158)
	at com.kms.katalon.core.main.ScriptEngine.run(ScriptEngine.java:194)
	at com.kms.katalon.core.main.ScriptEngine.runScriptAsRawText(ScriptEngine.java:119)
	at com.kms.katalon.core.main.TestCaseExecutor.runScript(TestCaseExecutor.java:448)
	at com.kms.katalon.core.main.TestCaseExecutor.doExecute(TestCaseExecutor.java:439)
	at com.kms.katalon.core.main.TestCaseExecutor.processExecutionPhase(TestCaseExecutor.java:418)
	at com.kms.katalon.core.main.TestCaseExecutor.accessMainPhase(TestCaseExecutor.java:410)
	at com.kms.katalon.core.main.TestCaseExecutor.execute(TestCaseExecutor.java:285)
	at com.kms.katalon.core.common.CommonExecutor.accessTestCaseMainPhase(CommonExecutor.java:65)
	at com.kms.katalon.core.main.TestSuiteExecutor.accessTestSuiteMainPhase(TestSuiteExecutor.java:150)
	at com.kms.katalon.core.main.TestSuiteExecutor.execute(TestSuiteExecutor.java:106)
	at com.kms.katalon.core.main.TestCaseMain.startTestSuite(TestCaseMain.java:180)
	at TempTestSuite1729731001385.run(TempTestSuite1729731001385.groovy:35)
	at java.base/jdk.internal.reflect.NativeMethodAccessorImpl.invoke0(Native Method)
	at java.base/jdk.internal.reflect.NativeMethodAccessorImpl.invoke(NativeMethodAccessorImpl.java:77)
	at java.base/jdk.internal.reflect.DelegatingMethodAccessorImpl.invoke(DelegatingMethodAccessorImpl.java:43)
Caused by: java.io.FileNotFoundException: KatalonData\IWPTestData\VRelay25Payments.xlsx (The process cannot access the file because it is being used by another process)
	at pages.WriteExcel.demoKey(WriteExcel.groovy:93)
	at java.base/jdk.internal.reflect.NativeMethodAccessorImpl.invoke0(Native Method)
	at java.base/jdk.internal.reflect.NativeMethodAccessorImpl.invoke(NativeMethodAccessorImpl.java:77)
	at java.base/jdk.internal.reflect.DelegatingMethodAccessorImpl.invoke(DelegatingMethodAccessorImpl.java:43)
	... 17 more


24-10-2024T06:41:49 - [TEST_STEP][PASSED] - resText = "Fail": null

24-10-2024T06:41:49 - [TEST_STEP][PASSED] - resColumn = "Result": null

24-10-2024T06:41:49 - [TEST_STEP][PASSED] - datCloumn = "Date": null

24-10-2024T06:41:49 - [TEST_STEP][PASSED] - fileLoc = "KatalonData/IWPTestData/VRelay25Payments.xlsx": null

24-10-2024T06:41:49 - [TEST_STEP][PASSED] - numOfRows = <not implemented yet for class: org.codehaus.groovy.ast.expr.EmptyExpression>: null

24-10-2024T06:41:49 - [TEST_STEP][PASSED] - dataFile = <not implemented yet for class: org.codehaus.groovy.ast.expr.EmptyExpression>: null

24-10-2024T06:41:49 - [TEST_STEP][PASSED] - nameSheet = <not implemented yet for class: org.codehaus.groovy.ast.expr.EmptyExpression>: null

24-10-2024T06:41:49 - [TEST_STEP][PASSED] - dataFileEmulator = <not implemented yet for class: org.codehaus.groovy.ast.expr.EmptyExpression>: null

24-10-2024T06:41:49 - [TEST_STEP][PASSED] - isRequiredTextPresent = false: null

24-10-2024T06:41:49 - [TEST_STEP][PASSED] - nameSheet = "PayNowCreditSCF": null

24-10-2024T06:41:49 - [TEST_STEP][PASSED] - dataFile = "IWPTestData/PayNowCreditSCF": null

24-10-2024T06:41:49 - [TEST_STEP][PASSED] - dataFileEmulator = "IWPTestData/EmulatorData": null

24-10-2024T06:41:49 - [TEST_STEP][PASSED] - numOfRows = findTestData(dataFile).getRowNumbers(): null

24-10-2024T06:41:49 - [TEST_STEP][PASSED] - println("Number of Records: " + numOfRows): null

24-10-2024T06:41:49 - [TEST_STEP][PASSED] - for ([row = 1, row <= numOfRows, (row++)]): null

24-10-2024T06:41:49 - [TEST_STEP][PASSED] - ExecuteTC = findTestData(dataFile).getValue("Execute", row): null

24-10-2024T06:41:49 - [TEST_STEP][PASSED] - out.println("Value of Execute is : " + ExecuteTC): null

24-10-2024T06:41:49 - [TEST_STEP][PASSED] - if (ExecuteTC.equalsIgnoreCase("Y")): null

24-10-2024T06:41:49 - [TEST_STEP][PASSED] - out.println("Begin Record Number: " + row): null

24-10-2024T06:41:49 - [TEST_STEP][PASSED] - today = new java.util.Date(): null

24-10-2024T06:41:49 - [TEST_STEP][PASSED] - println(today): null

24-10-2024T06:41:49 - [TEST_STEP][PASSED] - datText = today: null

24-10-2024T06:41:49 - [TEST_STEP][PASSED] - EmulatorDataKey = findTestData(dataFile).getValue("EmulatorData", row): null

24-10-2024T06:41:49 - [TEST_STEP][PASSED] - out.println("Value of Emulator Key is : " + EmulatorDataKey): null

24-10-2024T06:41:49 - [TEST_STEP][PASSED] - iwpPages.emulatorIWP30.setDataEmulator_DD(EmulatorDataKey): iwpPages.emulatorIWP30.setDataEmulator_DD is PASSED

24-10-2024T06:41:49 - [MESSAGE][WARNING] - A browser is already opened. Closing browser and opening a new one

24-10-2024T06:41:50 - [MESSAGE][INFO] - Starting 'Edge Chromium' driver

24-10-2024T06:41:50 - [MESSAGE][INFO] - User set preference: ['acceptInsecureCerts', 'true']

24-10-2024T06:41:52 - [MESSAGE][INFO] - Action delay is set to 0 milliseconds

24-10-2024T06:41:56 - [MESSAGE][PASSED] - Browser is opened with url: 'https://qa2.velocitypayment.com/agencyx/config.action?action=editor&message_version=2_5'

24-10-2024T06:41:56 - [MESSAGE][PASSED] - Current window maximized

24-10-2024T06:42:27 - [MESSAGE][INFO] - Unable to find the element located by 'By.xpath: //select[@name='message_version']'. Please recheck the objects properties to make sure the desired element is located. 

24-10-2024T06:42:27 - [MESSAGE][WARNING] - [SELF-HEALING] Failed to find element with id 'Object Repository/IWP30/Page_VRelay30Emulator/MV'. Try using Self-healing.

24-10-2024T06:42:28 - [MESSAGE][WARNING] - [SELF-HEALING] The current locator of test object 'Object Repository/IWP30/Page_VRelay30Emulator/MV' was broken. Propose an alternative one: '(.//*[normalize-space(text()) and normalize-space(.)='Message Version'])[1]/following::select[1]'.

24-10-2024T06:42:28 - [MESSAGE][PASSED] - All options with value '2.5' are selected in object 'Object Repository/IWP30/Page_VRelay30Emulator/MV'  using regular expression

24-10-2024T06:42:29 - [MESSAGE][PASSED] - Text '10.50' is set on object 'Object Repository/IWP30/Page_EmulatorAgencyX/Amount'

24-10-2024T06:42:29 - [MESSAGE][PASSED] - Text 'uiilqIv2xMJO' is set on object 'Object Repository/IWP30/Page_EmulatorAgencyX/CAN'

24-10-2024T06:42:30 - [MESSAGE][PASSED] - Text 'PayNow' is set on object 'Object Repository/IWP30/Page_EmulatorAgencyX/Action'

24-10-2024T06:42:31 - [MESSAGE][PASSED] - Text 'en_US' is set on object 'Object Repository/IWP30/Page_EmulatorAgencyX/Lang'

24-10-2024T06:42:31 - [MESSAGE][PASSED] - Text 'Jasmine' is set on object 'Object Repository/IWP30/Page_EmulatorAgencyX/Fname'

24-10-2024T06:42:32 - [MESSAGE][PASSED] - Text 'Patrinol' is set on object 'Object Repository/IWP30/Page_EmulatorAgencyX/Lname'

24-10-2024T06:42:32 - [MESSAGE][PASSED] - Text '258 Underwood rd' is set on object 'Object Repository/IWP30/Page_EmulatorAgencyX/AL1'

24-10-2024T06:42:33 - [MESSAGE][PASSED] - Text 'Suite 600' is set on object 'Object Repository/IWP30/Page_EmulatorAgencyX/AL2'

24-10-2024T06:42:34 - [MESSAGE][PASSED] - Text '840' is set on object 'Object Repository/IWP30/Page_EmulatorAgencyX/Country'

24-10-2024T06:42:34 - [MESSAGE][PASSED] - Text 'Arlington' is set on object 'Object Repository/IWP30/Page_EmulatorAgencyX/City'

24-10-2024T06:42:35 - [MESSAGE][PASSED] - Text 'VA' is set on object 'Object Repository/IWP30/Page_EmulatorAgencyX/State'

24-10-2024T06:42:35 - [MESSAGE][PASSED] - Text '22201' is set on object 'Object Repository/IWP30/Page_EmulatorAgencyX/ZIP'

24-10-2024T06:42:36 - [MESSAGE][PASSED] - Text '' is set on object 'Object Repository/IWP30/Page_EmulatorAgencyX/Order'

24-10-2024T06:42:36 - [MESSAGE][PASSED] - Text 'Some Company' is set on object 'Object Repository/IWP30/Page_EmulatorAgencyX/Company'

24-10-2024T06:42:37 - [MESSAGE][PASSED] - Text 'iahmed@govolution.com' is set on object 'Object Repository/IWP30/Page_EmulatorAgencyX/Email'

24-10-2024T06:42:38 - [MESSAGE][PASSED] - Text 'udf data 1' is set on object 'Object Repository/IWP30/Page_EmulatorAgencyX/UDF1'

24-10-2024T06:42:38 - [MESSAGE][PASSED] - Text 'udf data 2' is set on object 'Object Repository/IWP30/Page_EmulatorAgencyX/UDF2'

24-10-2024T06:42:39 - [MESSAGE][PASSED] - Text 'udf data 3' is set on object 'Object Repository/IWP30/Page_EmulatorAgencyX/UDF3'

24-10-2024T06:42:39 - [MESSAGE][PASSED] - Text 'udf data 4' is set on object 'Object Repository/IWP30/Page_EmulatorAgencyX/UDF4'

24-10-2024T06:42:40 - [MESSAGE][PASSED] - Text 'udf data 5' is set on object 'Object Repository/IWP30/Page_EmulatorAgencyX/UDF5'

24-10-2024T06:42:41 - [MESSAGE][PASSED] - Text 'udf data 6' is set on object 'Object Repository/IWP30/Page_EmulatorAgencyX/UDF6'

24-10-2024T06:42:41 - [MESSAGE][PASSED] - Text 'Orange' is set on object 'Object Repository/IWP30/Page_EmulatorAgencyX/UDF7'

24-10-2024T06:42:42 - [MESSAGE][PASSED] - Text 'Soccer' is set on object 'Object Repository/IWP30/Page_EmulatorAgencyX/UDF8'

24-10-2024T06:42:43 - [MESSAGE][PASSED] - Text 'udf data 9' is set on object 'Object Repository/IWP30/Page_EmulatorAgencyX/UDF9'

24-10-2024T06:42:43 - [MESSAGE][PASSED] - Text 'udf data 10' is set on object 'Object Repository/IWP30/Page_EmulatorAgencyX/UDF10'

24-10-2024T06:42:45 - [MESSAGE][PASSED] - Object: 'Object Repository/IWP30/Page_EmulatorAgencyX/Submit' is clicked on

24-10-2024T06:42:49 - [MESSAGE][PASSED] - Browser is closed

24-10-2024T06:42:53 - [MESSAGE][PASSED] - iwpPages.emulatorIWP30.setDataEmulator_DD is PASSED

24-10-2024T06:42:53 - [TEST_STEP][PASSED] - testHarnessURL = urlTestHarness: null

24-10-2024T06:42:53 - [TEST_STEP][PASSED] - openBrowser(testHarnessURL): Browser is opened with url: 'https://dev-algorithm.govolution.com/vrelaytest/QA2/version_2_2/vrelaytest.html'

24-10-2024T06:42:53 - [MESSAGE][INFO] - Starting 'Edge Chromium' driver

24-10-2024T06:42:53 - [MESSAGE][INFO] - User set preference: ['acceptInsecureCerts', 'true']

24-10-2024T06:42:55 - [MESSAGE][INFO] - Action delay is set to 0 milliseconds

24-10-2024T06:42:59 - [MESSAGE][PASSED] - Browser is opened with url: 'https://dev-algorithm.govolution.com/vrelaytest/QA2/version_2_2/vrelaytest.html'

24-10-2024T06:42:59 - [TEST_STEP][PASSED] - maximizeWindow(): Current window maximized

24-10-2024T06:42:59 - [MESSAGE][PASSED] - Current window maximized

24-10-2024T06:42:59 - [TEST_STEP][PASSED] - iwpPages.TestHarnessPage.setDataMethod(row, dataFile): iwpPages.TestHarnessPage.setDataMethod is PASSED

24-10-2024T06:42:59 - [MESSAGE][PASSED] - Object 'Object Repository/IWP30/Page_QATestHarness/RemittanceID' is present

24-10-2024T06:43:00 - [MESSAGE][PASSED] - Text '639' is set on object 'Object Repository/IWP30/Page_QATestHarness/ApplicationID'

24-10-2024T06:43:00 - [MESSAGE][PASSED] - Text '2.5' is set on object 'Object Repository/IWP30/Page_QATestHarness/MessageVersion'

24-10-2024T06:43:01 - [MESSAGE][PASSED] - Text 'Z0eM3ZUvMFtE' is set on object 'Object Repository/IWP30/Page_QATestHarness/RemittanceID'

24-10-2024T06:43:06 - [MESSAGE][PASSED] - Object: 'Object Repository/IWP30/Page_QATestHarness/SubmitButton' is clicked on

24-10-2024T06:43:06 - [MESSAGE][PASSED] - iwpPages.TestHarnessPage.setDataMethod is PASSED

24-10-2024T06:43:06 - [TEST_STEP][PASSED] - click(findTestObject("Object Repository/IWP30/Page_SelectPaymentMethod/PayByCreditCard")): Object: 'Object Repository/IWP30/Page_SelectPaymentMethod/PayByCreditCard' is clicked on

24-10-2024T06:43:06 - [MESSAGE][PASSED] - Object: 'Object Repository/IWP30/Page_SelectPaymentMethod/PayByCreditCard' is clicked on

24-10-2024T06:43:06 - [TEST_STEP][PASSED] - click(findTestObject("Object Repository/IWP30/Page_SelectPaymentMethod/MakePaymentButton")): Object: 'Object Repository/IWP30/Page_SelectPaymentMethod/MakePaymentButton' is clicked on

24-10-2024T06:43:09 - [MESSAGE][PASSED] - Object: 'Object Repository/IWP30/Page_SelectPaymentMethod/MakePaymentButton' is clicked on

24-10-2024T06:43:09 - [TEST_STEP][PASSED] - iwpPages.ccPaymentEntryPage.setDataCCPM(row, dataFile): iwpPages.ccPaymentEntryPage.setDataCCPM is PASSED

24-10-2024T06:43:11 - [MESSAGE][PASSED] - Object 'Object Repository/IWP30/Page_CCPaymentEntry/Name' is present

24-10-2024T06:43:11 - [MESSAGE][PASSED] - All options with label 'Soccer' are selected in object 'Object Repository/IWP30/Page_CCPaymentEntry/UserDefined8' 

24-10-2024T06:43:11 - [MESSAGE][PASSED] - Object 'Object Repository/IWP30/Page_CCPaymentEntry/Name' is present

24-10-2024T06:43:12 - [MESSAGE][PASSED] - Object 'Object Repository/IWP30/Page_CCPaymentEntry/CardNumber' is present

24-10-2024T06:43:12 - [MESSAGE][PASSED] - Text '5146312200000035' is set on object 'Object Repository/IWP30/Page_CCPaymentEntry/CardNumber'

24-10-2024T06:43:13 - [MESSAGE][PASSED] - Text '123' is set on object 'Object Repository/IWP30/Page_CCPaymentEntry/SPC'

24-10-2024T06:43:13 - [MESSAGE][PASSED] - Object 'Object Repository/IWP30/Page_CCPaymentEntry/Month' is present

24-10-2024T06:43:14 - [MESSAGE][PASSED] - All options with label '09' are selected in object 'Object Repository/IWP30/Page_CCPaymentEntry/Month' 

24-10-2024T06:43:14 - [MESSAGE][PASSED] - Object 'Object Repository/IWP30/Page_CCPaymentEntry/Year' is present

24-10-2024T06:43:15 - [MESSAGE][PASSED] - All options with label '2028' are selected in object 'Object Repository/IWP30/Page_CCPaymentEntry/Year' 

24-10-2024T06:43:15 - [MESSAGE][PASSED] - Object 'Object Repository/IWP30/Page_CCPaymentEntry/EmailAddress' is present

24-10-2024T06:43:15 - [MESSAGE][PASSED] - Object 'Object Repository/IWP30/Page_CCPaymentEntry/TermCondCheckBox' is present

24-10-2024T06:43:15 - [MESSAGE][PASSED] - Object 'Object Repository/IWP30/Page_CCPaymentEntry/TermCondCheckBox' is checked

24-10-2024T06:43:16 - [MESSAGE][PASSED] - Object 'Object Repository/IWP30/Page_CCPaymentEntry/ContinueButton' is present

24-10-2024T06:43:17 - [MESSAGE][PASSED] - Object: 'Object Repository/IWP30/Page_CCPaymentEntry/ContinueButton' is clicked on

24-10-2024T06:43:17 - [MESSAGE][PASSED] - iwpPages.ccPaymentEntryPage.setDataCCPM is PASSED

24-10-2024T06:43:17 - [TEST_STEP][PASSED] - click(findTestObject("Object Repository/IWP30/Page_Confirmation/ConfirmButton")): Object: 'Object Repository/IWP30/Page_Confirmation/ConfirmButton' is clicked on

24-10-2024T06:43:19 - [MESSAGE][PASSED] - Object: 'Object Repository/IWP30/Page_Confirmation/ConfirmButton' is clicked on

24-10-2024T06:43:19 - [TEST_STEP][PASSED] - Thread.sleep(5000): null

24-10-2024T06:43:24 - [TEST_STEP][PASSED] - if (verifyTextPresent("Make a Real Estate Payment", false)): null

24-10-2024T06:43:24 - [MESSAGE][PASSED] - Text 'Make a Real Estate Payment' is present on page 

24-10-2024T06:43:24 - [TEST_STEP][PASSED] - isRequiredTextPresent = true: null

24-10-2024T06:43:24 - [TEST_STEP][PASSED] - println(isRequiredTextPresent): null

24-10-2024T06:43:24 - [TEST_STEP][PASSED] - if (isRequiredTextPresent): null

24-10-2024T06:43:24 - [TEST_STEP][PASSED] - if (verifyTextPresent("This transaction is subject to a Convenience Fees of $2.00.", false)): null

24-10-2024T06:43:24 - [MESSAGE][PASSED] - Text 'This transaction is subject to a Convenience Fees of $2.00.' is present on page 

24-10-2024T06:43:24 - [TEST_STEP][PASSED] - isRequiredTextPresent = true: null

24-10-2024T06:43:24 - [TEST_STEP][PASSED] - println(isRequiredTextPresent): null

24-10-2024T06:43:24 - [TEST_STEP][PASSED] - if (isRequiredTextPresent): null

24-10-2024T06:43:24 - [TEST_STEP][PASSED] - if (verifyTextPresent("Payment Amount:  $10.50", false)): null

24-10-2024T06:43:25 - [MESSAGE][PASSED] - Text 'Payment Amount:  $10.50' is present on page 

24-10-2024T06:43:25 - [TEST_STEP][PASSED] - isRequiredTextPresent = true: null

24-10-2024T06:43:25 - [TEST_STEP][PASSED] - if (isRequiredTextPresent): null

24-10-2024T06:43:25 - [TEST_STEP][PASSED] - if (verifyTextPresent("Convenience Fees:  $2.00", false)): null

24-10-2024T06:43:25 - [MESSAGE][PASSED] - Text 'Convenience Fees:  $2.00' is present on page 

24-10-2024T06:43:25 - [TEST_STEP][PASSED] - isRequiredTextPresent = true: null

24-10-2024T06:43:25 - [TEST_STEP][PASSED] - if (isRequiredTextPresent): null

24-10-2024T06:43:25 - [TEST_STEP][PASSED] - if (verifyTextPresent("Total Amount:  $12.50", false)): null

24-10-2024T06:43:25 - [MESSAGE][PASSED] - Text 'Total Amount:  $12.50' is present on page 

24-10-2024T06:43:25 - [TEST_STEP][PASSED] - isRequiredTextPresent = true: null

24-10-2024T06:43:25 - [TEST_STEP][PASSED] - if (isRequiredTextPresent): null

24-10-2024T06:43:25 - [TEST_STEP][PASSED] - if (verifyTextPresent("One transaction in the amount of $12.50 will appear on your bank statement.", false)): null

24-10-2024T06:43:25 - [MESSAGE][PASSED] - Text 'One transaction in the amount of $12.50 will appear on your bank statement.' is present on page 

24-10-2024T06:43:25 - [TEST_STEP][PASSED] - isRequiredTextPresent = true: null

24-10-2024T06:43:25 - [TEST_STEP][PASSED] - Thread.sleep(10000): null

24-10-2024T06:43:35 - [TEST_STEP][PASSED] - click(findTestObject("Object Repository/IWP30/Page_ConvenienceFees/btn_convFeeNotifyAction")): Object: 'Object Repository/IWP30/Page_ConvenienceFees/btn_convFeeNotifyAction' is clicked on

24-10-2024T06:43:37 - [MESSAGE][PASSED] - Object: 'Object Repository/IWP30/Page_ConvenienceFees/btn_convFeeNotifyAction' is clicked on

24-10-2024T06:43:37 - [TEST_STEP][PASSED] - Thread.sleep(10000): null

24-10-2024T06:43:47 - [TEST_STEP][PASSED] - if (verifyTextPresent("Successful Payment Receipt", false)): null

24-10-2024T06:43:48 - [MESSAGE][PASSED] - Text 'Successful Payment Receipt' is present on page 

24-10-2024T06:43:48 - [TEST_STEP][PASSED] - println("Successful Payment Receipt text is present on the Receipt page"): null

24-10-2024T06:43:48 - [TEST_STEP][PASSED] - markPassed("Successful Payment Receipt text is present on the Receipt page"): Successful Payment Receipt text is present on the Receipt page

24-10-2024T06:43:48 - [MESSAGE][PASSED] - Successful Payment Receipt text is present on the Receipt page

24-10-2024T06:43:48 - [TEST_STEP][PASSED] - resText = "Pass": null

24-10-2024T06:43:48 - [TEST_STEP][ERROR] - pages.WriteExcel.demoKey(resText, datText, resColumn, datCloumn, fileLoc, nameSheet, row): Test Cases/IntegratedWeb/IWP25/Payments/PayNowCreditSCF FAILED.
Reason:
com.kms.katalon.core.exception.StepErrorException: org.codehaus.groovy.runtime.InvokerInvocationException: java.io.FileNotFoundException: KatalonData\IWPTestData\VRelay25Payments.xlsx (The process cannot access the file because it is being used by another process)
	at com.kms.katalon.core.main.CustomKeywordDelegatingMetaClass.throwError(CustomKeywordDelegatingMetaClass.java:101)
	at com.kms.katalon.core.main.CustomKeywordDelegatingMetaClass.invokeStaticMethod(CustomKeywordDelegatingMetaClass.java:73)
	at PayNowCreditSCF.run(PayNowCreditSCF:158)
	at com.kms.katalon.core.main.ScriptEngine.run(ScriptEngine.java:194)
	at com.kms.katalon.core.main.ScriptEngine.runScriptAsRawText(ScriptEngine.java:119)
	at com.kms.katalon.core.main.TestCaseExecutor.runScript(TestCaseExecutor.java:448)
	at com.kms.katalon.core.main.TestCaseExecutor.doExecute(TestCaseExecutor.java:439)
	at com.kms.katalon.core.main.TestCaseExecutor.processExecutionPhase(TestCaseExecutor.java:418)
	at com.kms.katalon.core.main.TestCaseExecutor.accessMainPhase(TestCaseExecutor.java:410)
	at com.kms.katalon.core.main.TestCaseExecutor.execute(TestCaseExecutor.java:285)
	at com.kms.katalon.core.common.CommonExecutor.accessTestCaseMainPhase(CommonExecutor.java:65)
	at com.kms.katalon.core.main.TestSuiteExecutor.accessTestSuiteMainPhase(TestSuiteExecutor.java:150)
	at com.kms.katalon.core.main.TestSuiteExecutor.execute(TestSuiteExecutor.java:106)
	at com.kms.katalon.core.main.TestCaseMain.startTestSuite(TestCaseMain.java:180)
	at TempTestSuite1729731001385.run(TempTestSuite1729731001385.groovy:35)
	at java.base/jdk.internal.reflect.NativeMethodAccessorImpl.invoke0(Native Method)
	at java.base/jdk.internal.reflect.NativeMethodAccessorImpl.invoke(NativeMethodAccessorImpl.java:77)
	at java.base/jdk.internal.reflect.DelegatingMethodAccessorImpl.invoke(DelegatingMethodAccessorImpl.java:43)
Caused by: org.codehaus.groovy.runtime.InvokerInvocationException: java.io.FileNotFoundException: KatalonData\IWPTestData\VRelay25Payments.xlsx (The process cannot access the file because it is being used by another process)
	at com.kms.katalon.core.main.CustomKeywordDelegatingMetaClass.invokeStaticMethod(CustomKeywordDelegatingMetaClass.java:55)
	at Script1725289772283.run(Script1725289772283.groovy:158)
	... 15 more
Caused by: java.io.FileNotFoundException: KatalonData\IWPTestData\VRelay25Payments.xlsx (The process cannot access the file because it is being used by another process)
	at pages.WriteExcel.demoKey(WriteExcel.groovy:93)
	at java.base/jdk.internal.reflect.NativeMethodAccessorImpl.invoke0(Native Method)
	at java.base/jdk.internal.reflect.NativeMethodAccessorImpl.invoke(NativeMethodAccessorImpl.java:77)
	at java.base/jdk.internal.reflect.DelegatingMethodAccessorImpl.invoke(DelegatingMethodAccessorImpl.java:43)
	at com.kms.katalon.core.main.CustomKeywordDelegatingMetaClass.invokeStaticMethod(CustomKeywordDelegatingMetaClass.java:55)
	at PayNowCreditSCF.run(PayNowCreditSCF:158)
	... 15 more


24-10-2024T06:43:48 - [MESSAGE][ERROR] - java.io.FileNotFoundException: KatalonData\IWPTestData\VRelay25Payments.xlsx (The process cannot access the file because it is being used by another process)

24-10-2024T06:43:48 - [MESSAGE][ERROR] - Test Cases/IntegratedWeb/IWP25/Payments/PayNowCreditSCF FAILED.
Reason:
com.kms.katalon.core.exception.StepErrorException: org.codehaus.groovy.runtime.InvokerInvocationException: java.io.FileNotFoundException: KatalonData\IWPTestData\VRelay25Payments.xlsx (The process cannot access the file because it is being used by another process)
	at com.kms.katalon.core.main.CustomKeywordDelegatingMetaClass.throwError(CustomKeywordDelegatingMetaClass.java:101)
	at com.kms.katalon.core.main.CustomKeywordDelegatingMetaClass.invokeStaticMethod(CustomKeywordDelegatingMetaClass.java:73)
	at PayNowCreditSCF.run(PayNowCreditSCF:158)
	at com.kms.katalon.core.main.ScriptEngine.run(ScriptEngine.java:194)
	at com.kms.katalon.core.main.ScriptEngine.runScriptAsRawText(ScriptEngine.java:119)
	at com.kms.katalon.core.main.TestCaseExecutor.runScript(TestCaseExecutor.java:448)
	at com.kms.katalon.core.main.TestCaseExecutor.doExecute(TestCaseExecutor.java:439)
	at com.kms.katalon.core.main.TestCaseExecutor.processExecutionPhase(TestCaseExecutor.java:418)
	at com.kms.katalon.core.main.TestCaseExecutor.accessMainPhase(TestCaseExecutor.java:410)
	at com.kms.katalon.core.main.TestCaseExecutor.execute(TestCaseExecutor.java:285)
	at com.kms.katalon.core.common.CommonExecutor.accessTestCaseMainPhase(CommonExecutor.java:65)
	at com.kms.katalon.core.main.TestSuiteExecutor.accessTestSuiteMainPhase(TestSuiteExecutor.java:150)
	at com.kms.katalon.core.main.TestSuiteExecutor.execute(TestSuiteExecutor.java:106)
	at com.kms.katalon.core.main.TestCaseMain.startTestSuite(TestCaseMain.java:180)
	at TempTestSuite1729731001385.run(TempTestSuite1729731001385.groovy:35)
	at java.base/jdk.internal.reflect.NativeMethodAccessorImpl.invoke0(Native Method)
	at java.base/jdk.internal.reflect.NativeMethodAccessorImpl.invoke(NativeMethodAccessorImpl.java:77)
	at java.base/jdk.internal.reflect.DelegatingMethodAccessorImpl.invoke(DelegatingMethodAccessorImpl.java:43)
Caused by: org.codehaus.groovy.runtime.InvokerInvocationException: java.io.FileNotFoundException: KatalonData\IWPTestData\VRelay25Payments.xlsx (The process cannot access the file because it is being used by another process)
	at com.kms.katalon.core.main.CustomKeywordDelegatingMetaClass.invokeStaticMethod(CustomKeywordDelegatingMetaClass.java:55)
	at Script1725289772283.run(Script1725289772283.groovy:158)
	... 15 more
Caused by: java.io.FileNotFoundException: KatalonData\IWPTestData\VRelay25Payments.xlsx (The process cannot access the file because it is being used by another process)
	at pages.WriteExcel.demoKey(WriteExcel.groovy:93)
	at java.base/jdk.internal.reflect.NativeMethodAccessorImpl.invoke0(Native Method)
	at java.base/jdk.internal.reflect.NativeMethodAccessorImpl.invoke(NativeMethodAccessorImpl.java:77)
	at java.base/jdk.internal.reflect.DelegatingMethodAccessorImpl.invoke(DelegatingMethodAccessorImpl.java:43)
	at com.kms.katalon.core.main.CustomKeywordDelegatingMetaClass.invokeStaticMethod(CustomKeywordDelegatingMetaClass.java:55)
	at PayNowCreditSCF.run(PayNowCreditSCF:158)
	... 15 more]]></system-out>
         <system-err><![CDATA[24-10-2024T06:41:49 - [TEST_CASE][ERROR] - Test Cases/IntegratedWeb/IWP25/Payments/PayNowCreditSCF: Test Cases/IntegratedWeb/IWP25/Payments/PayNowCreditSCF FAILED.
Reason:
org.codehaus.groovy.runtime.InvokerInvocationException: java.io.FileNotFoundException: KatalonData\IWPTestData\VRelay25Payments.xlsx (The process cannot access the file because it is being used by another process)
	at com.kms.katalon.core.main.CustomKeywordDelegatingMetaClass.invokeStaticMethod(CustomKeywordDelegatingMetaClass.java:55)
	at PayNowCreditSCF.run(PayNowCreditSCF:158)
	at com.kms.katalon.core.main.ScriptEngine.run(ScriptEngine.java:194)
	at com.kms.katalon.core.main.ScriptEngine.runScriptAsRawText(ScriptEngine.java:119)
	at com.kms.katalon.core.main.TestCaseExecutor.runScript(TestCaseExecutor.java:448)
	at com.kms.katalon.core.main.TestCaseExecutor.doExecute(TestCaseExecutor.java:439)
	at com.kms.katalon.core.main.TestCaseExecutor.processExecutionPhase(TestCaseExecutor.java:418)
	at com.kms.katalon.core.main.TestCaseExecutor.accessMainPhase(TestCaseExecutor.java:410)
	at com.kms.katalon.core.main.TestCaseExecutor.execute(TestCaseExecutor.java:285)
	at com.kms.katalon.core.common.CommonExecutor.accessTestCaseMainPhase(CommonExecutor.java:65)
	at com.kms.katalon.core.main.TestSuiteExecutor.accessTestSuiteMainPhase(TestSuiteExecutor.java:150)
	at com.kms.katalon.core.main.TestSuiteExecutor.execute(TestSuiteExecutor.java:106)
	at com.kms.katalon.core.main.TestCaseMain.startTestSuite(TestCaseMain.java:180)
	at TempTestSuite1729731001385.run(TempTestSuite1729731001385.groovy:35)
	at java.base/jdk.internal.reflect.NativeMethodAccessorImpl.invoke0(Native Method)
	at java.base/jdk.internal.reflect.NativeMethodAccessorImpl.invoke(NativeMethodAccessorImpl.java:77)
	at java.base/jdk.internal.reflect.DelegatingMethodAccessorImpl.invoke(DelegatingMethodAccessorImpl.java:43)
Caused by: java.io.FileNotFoundException: KatalonData\IWPTestData\VRelay25Payments.xlsx (The process cannot access the file because it is being used by another process)
	at pages.WriteExcel.demoKey(WriteExcel.groovy:93)
	at java.base/jdk.internal.reflect.NativeMethodAccessorImpl.invoke0(Native Method)
	at java.base/jdk.internal.reflect.NativeMethodAccessorImpl.invoke(NativeMethodAccessorImpl.java:77)
	at java.base/jdk.internal.reflect.DelegatingMethodAccessorImpl.invoke(DelegatingMethodAccessorImpl.java:43)
	... 17 more]]></system-err>
      </testcase>
      <testcase name="Test Cases/IntegratedWeb/IWP25/Payments/PayNowPersonalCheckDCF" time="124.031" classname="Test Cases/IntegratedWeb/IWP25/Payments/PayNowPersonalCheckDCF" status="ERROR">
         <error type="ERROR" message="Test Cases/IntegratedWeb/IWP25/Payments/PayNowPersonalCheckDCF FAILED.&#xa;Reason:&#xa;org.codehaus.groovy.runtime.InvokerInvocationException: java.io.FileNotFoundException: KatalonData\IWPTestData\VRelay25Payments.xlsx (The process cannot access the file because it is being used by another process)&#xa;	at com.kms.katalon.core.main.CustomKeywordDelegatingMetaClass.invokeStaticMethod(CustomKeywordDelegatingMetaClass.java:55)&#xa;	at PayNowPersonalCheckDCF.run(PayNowPersonalCheckDCF:155)&#xa;	at com.kms.katalon.core.main.ScriptEngine.run(ScriptEngine.java:194)&#xa;	at com.kms.katalon.core.main.ScriptEngine.runScriptAsRawText(ScriptEngine.java:119)&#xa;	at com.kms.katalon.core.main.TestCaseExecutor.runScript(TestCaseExecutor.java:448)&#xa;	at com.kms.katalon.core.main.TestCaseExecutor.doExecute(TestCaseExecutor.java:439)&#xa;	at com.kms.katalon.core.main.TestCaseExecutor.processExecutionPhase(TestCaseExecutor.java:418)&#xa;	at com.kms.katalon.core.main.TestCaseExecutor.accessMainPhase(TestCaseExecutor.java:410)&#xa;	at com.kms.katalon.core.main.TestCaseExecutor.execute(TestCaseExecutor.java:285)&#xa;	at com.kms.katalon.core.common.CommonExecutor.accessTestCaseMainPhase(CommonExecutor.java:65)&#xa;	at com.kms.katalon.core.main.TestSuiteExecutor.accessTestSuiteMainPhase(TestSuiteExecutor.java:150)&#xa;	at com.kms.katalon.core.main.TestSuiteExecutor.execute(TestSuiteExecutor.java:106)&#xa;	at com.kms.katalon.core.main.TestCaseMain.startTestSuite(TestCaseMain.java:180)&#xa;	at TempTestSuite1729731001385.run(TempTestSuite1729731001385.groovy:35)&#xa;	at java.base/jdk.internal.reflect.NativeMethodAccessorImpl.invoke0(Native Method)&#xa;	at java.base/jdk.internal.reflect.NativeMethodAccessorImpl.invoke(NativeMethodAccessorImpl.java:77)&#xa;	at java.base/jdk.internal.reflect.DelegatingMethodAccessorImpl.invoke(DelegatingMethodAccessorImpl.java:43)&#xa;Caused by: java.io.FileNotFoundException: KatalonData\IWPTestData\VRelay25Payments.xlsx (The process cannot access the file because it is being used by another process)&#xa;	at pages.WriteExcel.demoKey(WriteExcel.groovy:93)&#xa;	at java.base/jdk.internal.reflect.NativeMethodAccessorImpl.invoke0(Native Method)&#xa;	at java.base/jdk.internal.reflect.NativeMethodAccessorImpl.invoke(NativeMethodAccessorImpl.java:77)&#xa;	at java.base/jdk.internal.reflect.DelegatingMethodAccessorImpl.invoke(DelegatingMethodAccessorImpl.java:43)&#xa;	... 17 more&#xa;"/>
         <system-out><![CDATA[24-10-2024T06:43:48 - [TEST_CASE][ERROR] - Test Cases/IntegratedWeb/IWP25/Payments/PayNowPersonalCheckDCF: Test Cases/IntegratedWeb/IWP25/Payments/PayNowPersonalCheckDCF FAILED.
Reason:
org.codehaus.groovy.runtime.InvokerInvocationException: java.io.FileNotFoundException: KatalonData\IWPTestData\VRelay25Payments.xlsx (The process cannot access the file because it is being used by another process)
	at com.kms.katalon.core.main.CustomKeywordDelegatingMetaClass.invokeStaticMethod(CustomKeywordDelegatingMetaClass.java:55)
	at PayNowPersonalCheckDCF.run(PayNowPersonalCheckDCF:155)
	at com.kms.katalon.core.main.ScriptEngine.run(ScriptEngine.java:194)
	at com.kms.katalon.core.main.ScriptEngine.runScriptAsRawText(ScriptEngine.java:119)
	at com.kms.katalon.core.main.TestCaseExecutor.runScript(TestCaseExecutor.java:448)
	at com.kms.katalon.core.main.TestCaseExecutor.doExecute(TestCaseExecutor.java:439)
	at com.kms.katalon.core.main.TestCaseExecutor.processExecutionPhase(TestCaseExecutor.java:418)
	at com.kms.katalon.core.main.TestCaseExecutor.accessMainPhase(TestCaseExecutor.java:410)
	at com.kms.katalon.core.main.TestCaseExecutor.execute(TestCaseExecutor.java:285)
	at com.kms.katalon.core.common.CommonExecutor.accessTestCaseMainPhase(CommonExecutor.java:65)
	at com.kms.katalon.core.main.TestSuiteExecutor.accessTestSuiteMainPhase(TestSuiteExecutor.java:150)
	at com.kms.katalon.core.main.TestSuiteExecutor.execute(TestSuiteExecutor.java:106)
	at com.kms.katalon.core.main.TestCaseMain.startTestSuite(TestCaseMain.java:180)
	at TempTestSuite1729731001385.run(TempTestSuite1729731001385.groovy:35)
	at java.base/jdk.internal.reflect.NativeMethodAccessorImpl.invoke0(Native Method)
	at java.base/jdk.internal.reflect.NativeMethodAccessorImpl.invoke(NativeMethodAccessorImpl.java:77)
	at java.base/jdk.internal.reflect.DelegatingMethodAccessorImpl.invoke(DelegatingMethodAccessorImpl.java:43)
Caused by: java.io.FileNotFoundException: KatalonData\IWPTestData\VRelay25Payments.xlsx (The process cannot access the file because it is being used by another process)
	at pages.WriteExcel.demoKey(WriteExcel.groovy:93)
	at java.base/jdk.internal.reflect.NativeMethodAccessorImpl.invoke0(Native Method)
	at java.base/jdk.internal.reflect.NativeMethodAccessorImpl.invoke(NativeMethodAccessorImpl.java:77)
	at java.base/jdk.internal.reflect.DelegatingMethodAccessorImpl.invoke(DelegatingMethodAccessorImpl.java:43)
	... 17 more


24-10-2024T06:43:48 - [TEST_STEP][PASSED] - resText = "Fail": null

24-10-2024T06:43:48 - [TEST_STEP][PASSED] - resColumn = "Result": null

24-10-2024T06:43:48 - [TEST_STEP][PASSED] - datCloumn = "Date": null

24-10-2024T06:43:48 - [TEST_STEP][PASSED] - fileLoc = "KatalonData/IWPTestData/VRelay25Payments.xlsx": null

24-10-2024T06:43:48 - [TEST_STEP][PASSED] - numOfRows = <not implemented yet for class: org.codehaus.groovy.ast.expr.EmptyExpression>: null

24-10-2024T06:43:48 - [TEST_STEP][PASSED] - dataFile = <not implemented yet for class: org.codehaus.groovy.ast.expr.EmptyExpression>: null

24-10-2024T06:43:48 - [TEST_STEP][PASSED] - nameSheet = <not implemented yet for class: org.codehaus.groovy.ast.expr.EmptyExpression>: null

24-10-2024T06:43:48 - [TEST_STEP][PASSED] - dataFileEmulator = <not implemented yet for class: org.codehaus.groovy.ast.expr.EmptyExpression>: null

24-10-2024T06:43:48 - [TEST_STEP][PASSED] - isRequiredTextPresent = false: null

24-10-2024T06:43:48 - [TEST_STEP][PASSED] - nameSheet = "PayNowPersonalCheckDCF": null

24-10-2024T06:43:48 - [TEST_STEP][PASSED] - dataFile = "IWPTestData/IWP25PayNowPersonalCheckDCF": null

24-10-2024T06:43:48 - [TEST_STEP][PASSED] - dataFileEmulator = "IWPTestData/EmulatorData": null

24-10-2024T06:43:48 - [TEST_STEP][PASSED] - numOfRows = findTestData(dataFile).getRowNumbers(): null

24-10-2024T06:43:48 - [TEST_STEP][PASSED] - println("Number of Records: " + numOfRows): null

24-10-2024T06:43:48 - [TEST_STEP][PASSED] - for ([row = 1, row <= numOfRows, (row++)]): null

24-10-2024T06:43:48 - [TEST_STEP][PASSED] - ExecuteTC = findTestData(dataFile).getValue("Execute", row): null

24-10-2024T06:43:48 - [TEST_STEP][PASSED] - out.println("Value of Execute is : " + ExecuteTC): null

24-10-2024T06:43:48 - [TEST_STEP][PASSED] - if (ExecuteTC.equalsIgnoreCase("Y")): null

24-10-2024T06:43:48 - [TEST_STEP][PASSED] - out.println("Begin Record Number: " + row): null

24-10-2024T06:43:48 - [TEST_STEP][PASSED] - today = new java.util.Date(): null

24-10-2024T06:43:48 - [TEST_STEP][PASSED] - println(today): null

24-10-2024T06:43:48 - [TEST_STEP][PASSED] - datText = today: null

24-10-2024T06:43:48 - [TEST_STEP][PASSED] - EmulatorDataKey = findTestData(dataFile).getValue("EmulatorData", row): null

24-10-2024T06:43:48 - [TEST_STEP][PASSED] - out.println("Value of Emulator Key is : " + EmulatorDataKey): null

24-10-2024T06:43:48 - [TEST_STEP][PASSED] - iwpPages.emulatorIWP30.setDataEmulator_DD(EmulatorDataKey): iwpPages.emulatorIWP30.setDataEmulator_DD is PASSED

24-10-2024T06:43:48 - [MESSAGE][WARNING] - A browser is already opened. Closing browser and opening a new one

24-10-2024T06:43:49 - [MESSAGE][INFO] - Starting 'Edge Chromium' driver

24-10-2024T06:43:49 - [MESSAGE][INFO] - User set preference: ['acceptInsecureCerts', 'true']

24-10-2024T06:43:51 - [MESSAGE][INFO] - Action delay is set to 0 milliseconds

24-10-2024T06:43:55 - [MESSAGE][PASSED] - Browser is opened with url: 'https://qa2.velocitypayment.com/agencyx/config.action?action=editor&message_version=2_5'

24-10-2024T06:43:55 - [MESSAGE][PASSED] - Current window maximized

24-10-2024T06:44:26 - [MESSAGE][INFO] - Unable to find the element located by 'By.xpath: //select[@name='message_version']'. Please recheck the objects properties to make sure the desired element is located. 

24-10-2024T06:44:26 - [MESSAGE][WARNING] - [SELF-HEALING] Failed to find element with id 'Object Repository/IWP30/Page_VRelay30Emulator/MV'. Try using Self-healing.

24-10-2024T06:44:26 - [MESSAGE][WARNING] - [SELF-HEALING] The current locator of test object 'Object Repository/IWP30/Page_VRelay30Emulator/MV' was broken. Propose an alternative one: '(.//*[normalize-space(text()) and normalize-space(.)='Message Version'])[1]/following::select[1]'.

24-10-2024T06:44:27 - [MESSAGE][PASSED] - All options with value '2.5' are selected in object 'Object Repository/IWP30/Page_VRelay30Emulator/MV'  using regular expression

24-10-2024T06:44:27 - [MESSAGE][PASSED] - Text '10.50' is set on object 'Object Repository/IWP30/Page_EmulatorAgencyX/Amount'

24-10-2024T06:44:28 - [MESSAGE][PASSED] - Text 'xFFbpGXEVHmN' is set on object 'Object Repository/IWP30/Page_EmulatorAgencyX/CAN'

24-10-2024T06:44:29 - [MESSAGE][PASSED] - Text 'PayNow' is set on object 'Object Repository/IWP30/Page_EmulatorAgencyX/Action'

24-10-2024T06:44:29 - [MESSAGE][PASSED] - Text 'en_US' is set on object 'Object Repository/IWP30/Page_EmulatorAgencyX/Lang'

24-10-2024T06:44:30 - [MESSAGE][PASSED] - Text '' is set on object 'Object Repository/IWP30/Page_EmulatorAgencyX/Fname'

24-10-2024T06:44:30 - [MESSAGE][PASSED] - Text '' is set on object 'Object Repository/IWP30/Page_EmulatorAgencyX/Lname'

24-10-2024T06:44:31 - [MESSAGE][PASSED] - Text '' is set on object 'Object Repository/IWP30/Page_EmulatorAgencyX/AL1'

24-10-2024T06:44:32 - [MESSAGE][PASSED] - Text '' is set on object 'Object Repository/IWP30/Page_EmulatorAgencyX/AL2'

24-10-2024T06:44:32 - [MESSAGE][PASSED] - Text '' is set on object 'Object Repository/IWP30/Page_EmulatorAgencyX/Country'

24-10-2024T06:44:33 - [MESSAGE][PASSED] - Text '' is set on object 'Object Repository/IWP30/Page_EmulatorAgencyX/City'

24-10-2024T06:44:33 - [MESSAGE][PASSED] - Text '' is set on object 'Object Repository/IWP30/Page_EmulatorAgencyX/State'

24-10-2024T06:44:34 - [MESSAGE][PASSED] - Text '' is set on object 'Object Repository/IWP30/Page_EmulatorAgencyX/ZIP'

24-10-2024T06:44:34 - [MESSAGE][PASSED] - Text '' is set on object 'Object Repository/IWP30/Page_EmulatorAgencyX/Order'

24-10-2024T06:44:35 - [MESSAGE][PASSED] - Text '' is set on object 'Object Repository/IWP30/Page_EmulatorAgencyX/Company'

24-10-2024T06:44:36 - [MESSAGE][PASSED] - Text '' is set on object 'Object Repository/IWP30/Page_EmulatorAgencyX/Email'

24-10-2024T06:44:36 - [MESSAGE][PASSED] - Text '' is set on object 'Object Repository/IWP30/Page_EmulatorAgencyX/UDF1'

24-10-2024T06:44:37 - [MESSAGE][PASSED] - Text '' is set on object 'Object Repository/IWP30/Page_EmulatorAgencyX/UDF2'

24-10-2024T06:44:37 - [MESSAGE][PASSED] - Text '' is set on object 'Object Repository/IWP30/Page_EmulatorAgencyX/UDF3'

24-10-2024T06:44:38 - [MESSAGE][PASSED] - Text 'udf data 4' is set on object 'Object Repository/IWP30/Page_EmulatorAgencyX/UDF4'

24-10-2024T06:44:39 - [MESSAGE][PASSED] - Text 'udf data 5' is set on object 'Object Repository/IWP30/Page_EmulatorAgencyX/UDF5'

24-10-2024T06:44:39 - [MESSAGE][PASSED] - Text '' is set on object 'Object Repository/IWP30/Page_EmulatorAgencyX/UDF6'

24-10-2024T06:44:40 - [MESSAGE][PASSED] - Text '' is set on object 'Object Repository/IWP30/Page_EmulatorAgencyX/UDF7'

24-10-2024T06:44:40 - [MESSAGE][PASSED] - Text '' is set on object 'Object Repository/IWP30/Page_EmulatorAgencyX/UDF8'

24-10-2024T06:44:41 - [MESSAGE][PASSED] - Text 'udf data 9' is set on object 'Object Repository/IWP30/Page_EmulatorAgencyX/UDF9'

24-10-2024T06:44:42 - [MESSAGE][PASSED] - Text 'udf data 10' is set on object 'Object Repository/IWP30/Page_EmulatorAgencyX/UDF10'

24-10-2024T06:44:43 - [MESSAGE][PASSED] - Object: 'Object Repository/IWP30/Page_EmulatorAgencyX/Submit' is clicked on

24-10-2024T06:44:47 - [MESSAGE][PASSED] - Browser is closed

24-10-2024T06:44:51 - [MESSAGE][PASSED] - iwpPages.emulatorIWP30.setDataEmulator_DD is PASSED

24-10-2024T06:44:51 - [TEST_STEP][PASSED] - testHarnessURL = urlTestHarness: null

24-10-2024T06:44:51 - [TEST_STEP][PASSED] - openBrowser(testHarnessURL): Browser is opened with url: 'https://dev-algorithm.govolution.com/vrelaytest/QA2/version_2_2/vrelaytest.html'

24-10-2024T06:44:51 - [MESSAGE][INFO] - Starting 'Edge Chromium' driver

24-10-2024T06:44:51 - [MESSAGE][INFO] - User set preference: ['acceptInsecureCerts', 'true']

24-10-2024T06:44:53 - [MESSAGE][INFO] - Action delay is set to 0 milliseconds

24-10-2024T06:44:57 - [MESSAGE][PASSED] - Browser is opened with url: 'https://dev-algorithm.govolution.com/vrelaytest/QA2/version_2_2/vrelaytest.html'

24-10-2024T06:44:57 - [TEST_STEP][PASSED] - maximizeWindow(): Current window maximized

24-10-2024T06:44:57 - [MESSAGE][PASSED] - Current window maximized

24-10-2024T06:44:57 - [TEST_STEP][PASSED] - iwpPages.TestHarnessPage.setDataMethod(row, dataFile): iwpPages.TestHarnessPage.setDataMethod is PASSED

24-10-2024T06:44:58 - [MESSAGE][PASSED] - Object 'Object Repository/IWP30/Page_QATestHarness/RemittanceID' is present

24-10-2024T06:44:58 - [MESSAGE][PASSED] - Text '640' is set on object 'Object Repository/IWP30/Page_QATestHarness/ApplicationID'

24-10-2024T06:44:59 - [MESSAGE][PASSED] - Text '2.5' is set on object 'Object Repository/IWP30/Page_QATestHarness/MessageVersion'

24-10-2024T06:45:00 - [MESSAGE][PASSED] - Text 'KIji4mUbn47L' is set on object 'Object Repository/IWP30/Page_QATestHarness/RemittanceID'

24-10-2024T06:45:03 - [MESSAGE][PASSED] - Object: 'Object Repository/IWP30/Page_QATestHarness/SubmitButton' is clicked on

24-10-2024T06:45:03 - [MESSAGE][PASSED] - iwpPages.TestHarnessPage.setDataMethod is PASSED

24-10-2024T06:45:03 - [TEST_STEP][PASSED] - click(findTestObject("Object Repository/IWP30/Page_SelectPaymentMethod/PayByPersonalCheck")): Object: 'Object Repository/IWP30/Page_SelectPaymentMethod/PayByPersonalCheck' is clicked on

24-10-2024T06:45:03 - [MESSAGE][PASSED] - Object: 'Object Repository/IWP30/Page_SelectPaymentMethod/PayByPersonalCheck' is clicked on

24-10-2024T06:45:03 - [TEST_STEP][PASSED] - click(findTestObject("Object Repository/IWP30/Page_SelectPaymentMethod/MakePaymentButton")): Object: 'Object Repository/IWP30/Page_SelectPaymentMethod/MakePaymentButton' is clicked on

24-10-2024T06:45:06 - [MESSAGE][PASSED] - Object: 'Object Repository/IWP30/Page_SelectPaymentMethod/MakePaymentButton' is clicked on

24-10-2024T06:45:06 - [TEST_STEP][PASSED] - iwpPages.achPersonalPaymentEntryPage.setDataACHPPM(row, dataFile): iwpPages.achPersonalPaymentEntryPage.setDataACHPPM is PASSED

24-10-2024T06:45:07 - [MESSAGE][PASSED] - Object 'Object Repository/IWP30/Page_ACHPersonalPaymentEntry/txt_accountNumber' is present

24-10-2024T06:45:08 - [MESSAGE][PASSED] - Text '10.50' is set on object 'Object Repository/IWP30/Page_ACHPersonalPaymentEntry/txt_Amount'

24-10-2024T06:45:08 - [MESSAGE][PASSED] - Object 'Object Repository/IWP30/Page_ACHPersonalPaymentEntry/txt_UDF2' is present

24-10-2024T06:45:09 - [MESSAGE][PASSED] - Text 'udf data 2' is set on object 'Object Repository/IWP30/Page_ACHPersonalPaymentEntry/txt_UDF2'

24-10-2024T06:45:09 - [MESSAGE][PASSED] - Text 'udf data 3' is set on object 'Object Repository/IWP30/Page_ACHPersonalPaymentEntry/txt_UDF3'

24-10-2024T06:45:10 - [MESSAGE][PASSED] - All options with label 'Orange' are selected in object 'Object Repository/IWP30/Page_ACHPersonalPaymentEntry/dd_UDF7' 

24-10-2024T06:45:10 - [MESSAGE][PASSED] - All options with label 'Soccer' are selected in object 'Object Repository/IWP30/Page_ACHPersonalPaymentEntry/dd_UDF8' 

24-10-2024T06:45:11 - [MESSAGE][PASSED] - Object 'Object Repository/IWP30/Page_ACHPersonalPaymentEntry/txt_Firstname' is present

24-10-2024T06:45:11 - [MESSAGE][PASSED] - Text 'Elizath' is set on object 'Object Repository/IWP30/Page_ACHPersonalPaymentEntry/txt_Firstname'

24-10-2024T06:45:12 - [MESSAGE][PASSED] - Object 'Object Repository/IWP30/Page_ACHPersonalPaymentEntry/txt_Lastname' is present

24-10-2024T06:45:12 - [MESSAGE][PASSED] - Text 'Christine' is set on object 'Object Repository/IWP30/Page_ACHPersonalPaymentEntry/txt_Lastname'

24-10-2024T06:45:12 - [MESSAGE][PASSED] - Object 'Object Repository/IWP30/Page_ACHPersonalPaymentEntry/txt_routingNumber' is present

24-10-2024T06:45:13 - [MESSAGE][PASSED] - Text '256072691' is set on object 'Object Repository/IWP30/Page_ACHPersonalPaymentEntry/txt_routingNumber'

24-10-2024T06:45:13 - [MESSAGE][PASSED] - Object 'Object Repository/IWP30/Page_ACHPersonalPaymentEntry/txt_accountNumber' is present

24-10-2024T06:45:15 - [MESSAGE][PASSED] - Text '12344444' is set on object 'Object Repository/IWP30/Page_ACHPersonalPaymentEntry/txt_accountNumber'

24-10-2024T06:45:15 - [MESSAGE][PASSED] - Object 'Object Repository/IWP30/Page_ACHPersonalPaymentEntry/txt_confirmAccountNumber' is present

24-10-2024T06:45:16 - [MESSAGE][PASSED] - Text '12344444' is set on object 'Object Repository/IWP30/Page_ACHPersonalPaymentEntry/txt_confirmAccountNumber'

24-10-2024T06:45:16 - [MESSAGE][PASSED] - Object 'Object Repository/IWP30/Page_ACHPersonalPaymentEntry/rd_accountType' is present

24-10-2024T06:45:16 - [MESSAGE][PASSED] - Modify property of object successfully

24-10-2024T06:45:16 - [MESSAGE][PASSED] - Object: 'Object Repository/IWP30/Page_ACHPersonalPaymentEntry/rd_accountType' is clicked on

24-10-2024T06:45:17 - [MESSAGE][PASSED] - Text '365 Main Avenue' is set on object 'Object Repository/IWP30/Page_ACHPersonalPaymentEntry/txt_AL1'

24-10-2024T06:45:18 - [MESSAGE][PASSED] - Text '22201' is set on object 'Object Repository/IWP30/Page_ACHPersonalPaymentEntry/txt_ZIP'

24-10-2024T06:45:18 - [MESSAGE][PASSED] - Object 'Object Repository/IWP30/Page_ACHPersonalPaymentEntry/txt_Email' is present

24-10-2024T06:45:19 - [MESSAGE][PASSED] - Text 'iahmed@govolution.com' is set on object 'Object Repository/IWP30/Page_ACHPersonalPaymentEntry/txt_Email'

24-10-2024T06:45:19 - [MESSAGE][PASSED] - Object 'Object Repository/IWP30/Page_ACHPersonalPaymentEntry/cb_TermsAndCond' is present

24-10-2024T06:45:19 - [MESSAGE][PASSED] - Object: 'Object Repository/IWP30/Page_ACHPersonalPaymentEntry/cb_TermsAndCond' is clicked on

24-10-2024T06:45:20 - [MESSAGE][PASSED] - Object 'Object Repository/IWP30/Page_ACHPersonalPaymentEntry/btn_Continue' is present

24-10-2024T06:45:21 - [MESSAGE][PASSED] - Object: 'Object Repository/IWP30/Page_ACHPersonalPaymentEntry/btn_Continue' is clicked on

24-10-2024T06:45:21 - [MESSAGE][PASSED] - iwpPages.achPersonalPaymentEntryPage.setDataACHPPM is PASSED

24-10-2024T06:45:21 - [TEST_STEP][PASSED] - click(findTestObject("Object Repository/IWP30/Page_Confirmation/ConfirmButton")): Object: 'Object Repository/IWP30/Page_Confirmation/ConfirmButton' is clicked on

24-10-2024T06:45:23 - [MESSAGE][PASSED] - Object: 'Object Repository/IWP30/Page_Confirmation/ConfirmButton' is clicked on

24-10-2024T06:45:23 - [TEST_STEP][PASSED] - Thread.sleep(5000): null

24-10-2024T06:45:28 - [TEST_STEP][PASSED] - println("I am on real estate page"): null

24-10-2024T06:45:28 - [TEST_STEP][PASSED] - if (verifyTextPresent("Make a Real Estate Payment", false)): null

24-10-2024T06:45:28 - [MESSAGE][PASSED] - Text 'Make a Real Estate Payment' is present on page 

24-10-2024T06:45:28 - [TEST_STEP][PASSED] - isRequiredTextPresent = true: null

24-10-2024T06:45:28 - [TEST_STEP][PASSED] - println(isRequiredTextPresent): null

24-10-2024T06:45:28 - [TEST_STEP][PASSED] - if (isRequiredTextPresent): null

24-10-2024T06:45:28 - [TEST_STEP][PASSED] - if (verifyTextPresent("This transaction is subject to a Convenience Fees of $2.00.", false)): null

24-10-2024T06:45:28 - [MESSAGE][PASSED] - Text 'This transaction is subject to a Convenience Fees of $2.00.' is present on page 

24-10-2024T06:45:28 - [TEST_STEP][PASSED] - isRequiredTextPresent = true: null

24-10-2024T06:45:28 - [TEST_STEP][PASSED] - println(isRequiredTextPresent): null

24-10-2024T06:45:28 - [TEST_STEP][PASSED] - if (isRequiredTextPresent): null

24-10-2024T06:45:28 - [TEST_STEP][PASSED] - if (verifyTextPresent("Payment Amount:  $10.50", false)): null

24-10-2024T06:45:29 - [MESSAGE][PASSED] - Text 'Payment Amount:  $10.50' is present on page 

24-10-2024T06:45:29 - [TEST_STEP][PASSED] - isRequiredTextPresent = true: null

24-10-2024T06:45:29 - [TEST_STEP][PASSED] - if (isRequiredTextPresent): null

24-10-2024T06:45:29 - [TEST_STEP][PASSED] - if (verifyTextPresent("Convenience Fees:  $2.00", false)): null

24-10-2024T06:45:29 - [MESSAGE][PASSED] - Text 'Convenience Fees:  $2.00' is present on page 

24-10-2024T06:45:29 - [TEST_STEP][PASSED] - isRequiredTextPresent = true: null

24-10-2024T06:45:29 - [TEST_STEP][PASSED] - if (isRequiredTextPresent): null

24-10-2024T06:45:29 - [TEST_STEP][PASSED] - if (verifyTextPresent("Total Amount:  $12.50", false)): null

24-10-2024T06:45:29 - [MESSAGE][PASSED] - Text 'Total Amount:  $12.50' is present on page 

24-10-2024T06:45:29 - [TEST_STEP][PASSED] - isRequiredTextPresent = true: null

24-10-2024T06:45:29 - [TEST_STEP][PASSED] - if (isRequiredTextPresent): null

24-10-2024T06:45:29 - [TEST_STEP][PASSED] - if (verifyTextPresent("Two transactions will appear on your bank statement, one in the amount of $10.50 and one in the amount of $2.00.", false)): null

24-10-2024T06:45:29 - [MESSAGE][PASSED] - Text 'Two transactions will appear on your bank statement, one in the amount of $10.50 and one in the amount of $2.00.' is present on page 

24-10-2024T06:45:29 - [TEST_STEP][PASSED] - isRequiredTextPresent = true: null

24-10-2024T06:45:29 - [TEST_STEP][PASSED] - Thread.sleep(10000): null

24-10-2024T06:45:39 - [TEST_STEP][PASSED] - click(findTestObject("Object Repository/IWP30/Page_ConvenienceFees/btn_convFeeNotifyAction")): Object: 'Object Repository/IWP30/Page_ConvenienceFees/btn_convFeeNotifyAction' is clicked on

24-10-2024T06:45:41 - [MESSAGE][PASSED] - Object: 'Object Repository/IWP30/Page_ConvenienceFees/btn_convFeeNotifyAction' is clicked on

24-10-2024T06:45:41 - [TEST_STEP][PASSED] - Thread.sleep(10000): null

24-10-2024T06:45:51 - [TEST_STEP][PASSED] - if (verifyTextPresent("Successful Payment Receipt", false)): null

24-10-2024T06:45:52 - [MESSAGE][PASSED] - Text 'Successful Payment Receipt' is present on page 

24-10-2024T06:45:52 - [TEST_STEP][PASSED] - println("Successful Payment Receipt text is present on the Receipt page"): null

24-10-2024T06:45:52 - [TEST_STEP][PASSED] - markPassed("Successful Payment Receipt text is present on the Receipt page"): Successful Payment Receipt text is present on the Receipt page

24-10-2024T06:45:52 - [MESSAGE][PASSED] - Successful Payment Receipt text is present on the Receipt page

24-10-2024T06:45:52 - [TEST_STEP][PASSED] - resText = "Pass": null

24-10-2024T06:45:52 - [TEST_STEP][ERROR] - pages.WriteExcel.demoKey(resText, datText, resColumn, datCloumn, fileLoc, nameSheet, row): Test Cases/IntegratedWeb/IWP25/Payments/PayNowPersonalCheckDCF FAILED.
Reason:
com.kms.katalon.core.exception.StepErrorException: org.codehaus.groovy.runtime.InvokerInvocationException: java.io.FileNotFoundException: KatalonData\IWPTestData\VRelay25Payments.xlsx (The process cannot access the file because it is being used by another process)
	at com.kms.katalon.core.main.CustomKeywordDelegatingMetaClass.throwError(CustomKeywordDelegatingMetaClass.java:101)
	at com.kms.katalon.core.main.CustomKeywordDelegatingMetaClass.invokeStaticMethod(CustomKeywordDelegatingMetaClass.java:73)
	at PayNowPersonalCheckDCF.run(PayNowPersonalCheckDCF:155)
	at com.kms.katalon.core.main.ScriptEngine.run(ScriptEngine.java:194)
	at com.kms.katalon.core.main.ScriptEngine.runScriptAsRawText(ScriptEngine.java:119)
	at com.kms.katalon.core.main.TestCaseExecutor.runScript(TestCaseExecutor.java:448)
	at com.kms.katalon.core.main.TestCaseExecutor.doExecute(TestCaseExecutor.java:439)
	at com.kms.katalon.core.main.TestCaseExecutor.processExecutionPhase(TestCaseExecutor.java:418)
	at com.kms.katalon.core.main.TestCaseExecutor.accessMainPhase(TestCaseExecutor.java:410)
	at com.kms.katalon.core.main.TestCaseExecutor.execute(TestCaseExecutor.java:285)
	at com.kms.katalon.core.common.CommonExecutor.accessTestCaseMainPhase(CommonExecutor.java:65)
	at com.kms.katalon.core.main.TestSuiteExecutor.accessTestSuiteMainPhase(TestSuiteExecutor.java:150)
	at com.kms.katalon.core.main.TestSuiteExecutor.execute(TestSuiteExecutor.java:106)
	at com.kms.katalon.core.main.TestCaseMain.startTestSuite(TestCaseMain.java:180)
	at TempTestSuite1729731001385.run(TempTestSuite1729731001385.groovy:35)
	at java.base/jdk.internal.reflect.NativeMethodAccessorImpl.invoke0(Native Method)
	at java.base/jdk.internal.reflect.NativeMethodAccessorImpl.invoke(NativeMethodAccessorImpl.java:77)
	at java.base/jdk.internal.reflect.DelegatingMethodAccessorImpl.invoke(DelegatingMethodAccessorImpl.java:43)
Caused by: org.codehaus.groovy.runtime.InvokerInvocationException: java.io.FileNotFoundException: KatalonData\IWPTestData\VRelay25Payments.xlsx (The process cannot access the file because it is being used by another process)
	at com.kms.katalon.core.main.CustomKeywordDelegatingMetaClass.invokeStaticMethod(CustomKeywordDelegatingMetaClass.java:55)
	at Script1724345169138.run(Script1724345169138.groovy:155)
	... 15 more
Caused by: java.io.FileNotFoundException: KatalonData\IWPTestData\VRelay25Payments.xlsx (The process cannot access the file because it is being used by another process)
	at pages.WriteExcel.demoKey(WriteExcel.groovy:93)
	at java.base/jdk.internal.reflect.NativeMethodAccessorImpl.invoke0(Native Method)
	at java.base/jdk.internal.reflect.NativeMethodAccessorImpl.invoke(NativeMethodAccessorImpl.java:77)
	at java.base/jdk.internal.reflect.DelegatingMethodAccessorImpl.invoke(DelegatingMethodAccessorImpl.java:43)
	at com.kms.katalon.core.main.CustomKeywordDelegatingMetaClass.invokeStaticMethod(CustomKeywordDelegatingMetaClass.java:55)
	at PayNowPersonalCheckDCF.run(PayNowPersonalCheckDCF:155)
	... 15 more


24-10-2024T06:45:52 - [MESSAGE][ERROR] - java.io.FileNotFoundException: KatalonData\IWPTestData\VRelay25Payments.xlsx (The process cannot access the file because it is being used by another process)

24-10-2024T06:45:52 - [MESSAGE][ERROR] - Test Cases/IntegratedWeb/IWP25/Payments/PayNowPersonalCheckDCF FAILED.
Reason:
com.kms.katalon.core.exception.StepErrorException: org.codehaus.groovy.runtime.InvokerInvocationException: java.io.FileNotFoundException: KatalonData\IWPTestData\VRelay25Payments.xlsx (The process cannot access the file because it is being used by another process)
	at com.kms.katalon.core.main.CustomKeywordDelegatingMetaClass.throwError(CustomKeywordDelegatingMetaClass.java:101)
	at com.kms.katalon.core.main.CustomKeywordDelegatingMetaClass.invokeStaticMethod(CustomKeywordDelegatingMetaClass.java:73)
	at PayNowPersonalCheckDCF.run(PayNowPersonalCheckDCF:155)
	at com.kms.katalon.core.main.ScriptEngine.run(ScriptEngine.java:194)
	at com.kms.katalon.core.main.ScriptEngine.runScriptAsRawText(ScriptEngine.java:119)
	at com.kms.katalon.core.main.TestCaseExecutor.runScript(TestCaseExecutor.java:448)
	at com.kms.katalon.core.main.TestCaseExecutor.doExecute(TestCaseExecutor.java:439)
	at com.kms.katalon.core.main.TestCaseExecutor.processExecutionPhase(TestCaseExecutor.java:418)
	at com.kms.katalon.core.main.TestCaseExecutor.accessMainPhase(TestCaseExecutor.java:410)
	at com.kms.katalon.core.main.TestCaseExecutor.execute(TestCaseExecutor.java:285)
	at com.kms.katalon.core.common.CommonExecutor.accessTestCaseMainPhase(CommonExecutor.java:65)
	at com.kms.katalon.core.main.TestSuiteExecutor.accessTestSuiteMainPhase(TestSuiteExecutor.java:150)
	at com.kms.katalon.core.main.TestSuiteExecutor.execute(TestSuiteExecutor.java:106)
	at com.kms.katalon.core.main.TestCaseMain.startTestSuite(TestCaseMain.java:180)
	at TempTestSuite1729731001385.run(TempTestSuite1729731001385.groovy:35)
	at java.base/jdk.internal.reflect.NativeMethodAccessorImpl.invoke0(Native Method)
	at java.base/jdk.internal.reflect.NativeMethodAccessorImpl.invoke(NativeMethodAccessorImpl.java:77)
	at java.base/jdk.internal.reflect.DelegatingMethodAccessorImpl.invoke(DelegatingMethodAccessorImpl.java:43)
Caused by: org.codehaus.groovy.runtime.InvokerInvocationException: java.io.FileNotFoundException: KatalonData\IWPTestData\VRelay25Payments.xlsx (The process cannot access the file because it is being used by another process)
	at com.kms.katalon.core.main.CustomKeywordDelegatingMetaClass.invokeStaticMethod(CustomKeywordDelegatingMetaClass.java:55)
	at Script1724345169138.run(Script1724345169138.groovy:155)
	... 15 more
Caused by: java.io.FileNotFoundException: KatalonData\IWPTestData\VRelay25Payments.xlsx (The process cannot access the file because it is being used by another process)
	at pages.WriteExcel.demoKey(WriteExcel.groovy:93)
	at java.base/jdk.internal.reflect.NativeMethodAccessorImpl.invoke0(Native Method)
	at java.base/jdk.internal.reflect.NativeMethodAccessorImpl.invoke(NativeMethodAccessorImpl.java:77)
	at java.base/jdk.internal.reflect.DelegatingMethodAccessorImpl.invoke(DelegatingMethodAccessorImpl.java:43)
	at com.kms.katalon.core.main.CustomKeywordDelegatingMetaClass.invokeStaticMethod(CustomKeywordDelegatingMetaClass.java:55)
	at PayNowPersonalCheckDCF.run(PayNowPersonalCheckDCF:155)
	... 15 more]]></system-out>
         <system-err><![CDATA[24-10-2024T06:43:48 - [TEST_CASE][ERROR] - Test Cases/IntegratedWeb/IWP25/Payments/PayNowPersonalCheckDCF: Test Cases/IntegratedWeb/IWP25/Payments/PayNowPersonalCheckDCF FAILED.
Reason:
org.codehaus.groovy.runtime.InvokerInvocationException: java.io.FileNotFoundException: KatalonData\IWPTestData\VRelay25Payments.xlsx (The process cannot access the file because it is being used by another process)
	at com.kms.katalon.core.main.CustomKeywordDelegatingMetaClass.invokeStaticMethod(CustomKeywordDelegatingMetaClass.java:55)
	at PayNowPersonalCheckDCF.run(PayNowPersonalCheckDCF:155)
	at com.kms.katalon.core.main.ScriptEngine.run(ScriptEngine.java:194)
	at com.kms.katalon.core.main.ScriptEngine.runScriptAsRawText(ScriptEngine.java:119)
	at com.kms.katalon.core.main.TestCaseExecutor.runScript(TestCaseExecutor.java:448)
	at com.kms.katalon.core.main.TestCaseExecutor.doExecute(TestCaseExecutor.java:439)
	at com.kms.katalon.core.main.TestCaseExecutor.processExecutionPhase(TestCaseExecutor.java:418)
	at com.kms.katalon.core.main.TestCaseExecutor.accessMainPhase(TestCaseExecutor.java:410)
	at com.kms.katalon.core.main.TestCaseExecutor.execute(TestCaseExecutor.java:285)
	at com.kms.katalon.core.common.CommonExecutor.accessTestCaseMainPhase(CommonExecutor.java:65)
	at com.kms.katalon.core.main.TestSuiteExecutor.accessTestSuiteMainPhase(TestSuiteExecutor.java:150)
	at com.kms.katalon.core.main.TestSuiteExecutor.execute(TestSuiteExecutor.java:106)
	at com.kms.katalon.core.main.TestCaseMain.startTestSuite(TestCaseMain.java:180)
	at TempTestSuite1729731001385.run(TempTestSuite1729731001385.groovy:35)
	at java.base/jdk.internal.reflect.NativeMethodAccessorImpl.invoke0(Native Method)
	at java.base/jdk.internal.reflect.NativeMethodAccessorImpl.invoke(NativeMethodAccessorImpl.java:77)
	at java.base/jdk.internal.reflect.DelegatingMethodAccessorImpl.invoke(DelegatingMethodAccessorImpl.java:43)
Caused by: java.io.FileNotFoundException: KatalonData\IWPTestData\VRelay25Payments.xlsx (The process cannot access the file because it is being used by another process)
	at pages.WriteExcel.demoKey(WriteExcel.groovy:93)
	at java.base/jdk.internal.reflect.NativeMethodAccessorImpl.invoke0(Native Method)
	at java.base/jdk.internal.reflect.NativeMethodAccessorImpl.invoke(NativeMethodAccessorImpl.java:77)
	at java.base/jdk.internal.reflect.DelegatingMethodAccessorImpl.invoke(DelegatingMethodAccessorImpl.java:43)
	... 17 more]]></system-err>
      </testcase>
      <testcase name="Test Cases/IntegratedWeb/IWP25/Payments/PayNowPersonalCheckSCF" time="124.56" classname="Test Cases/IntegratedWeb/IWP25/Payments/PayNowPersonalCheckSCF" status="ERROR">
         <error type="ERROR" message="Test Cases/IntegratedWeb/IWP25/Payments/PayNowPersonalCheckSCF FAILED.&#xa;Reason:&#xa;org.codehaus.groovy.runtime.InvokerInvocationException: java.io.FileNotFoundException: KatalonData\IWPTestData\VRelay25Payments.xlsx (The process cannot access the file because it is being used by another process)&#xa;	at com.kms.katalon.core.main.CustomKeywordDelegatingMetaClass.invokeStaticMethod(CustomKeywordDelegatingMetaClass.java:55)&#xa;	at PayNowPersonalCheckSCF.run(PayNowPersonalCheckSCF:157)&#xa;	at com.kms.katalon.core.main.ScriptEngine.run(ScriptEngine.java:194)&#xa;	at com.kms.katalon.core.main.ScriptEngine.runScriptAsRawText(ScriptEngine.java:119)&#xa;	at com.kms.katalon.core.main.TestCaseExecutor.runScript(TestCaseExecutor.java:448)&#xa;	at com.kms.katalon.core.main.TestCaseExecutor.doExecute(TestCaseExecutor.java:439)&#xa;	at com.kms.katalon.core.main.TestCaseExecutor.processExecutionPhase(TestCaseExecutor.java:418)&#xa;	at com.kms.katalon.core.main.TestCaseExecutor.accessMainPhase(TestCaseExecutor.java:410)&#xa;	at com.kms.katalon.core.main.TestCaseExecutor.execute(TestCaseExecutor.java:285)&#xa;	at com.kms.katalon.core.common.CommonExecutor.accessTestCaseMainPhase(CommonExecutor.java:65)&#xa;	at com.kms.katalon.core.main.TestSuiteExecutor.accessTestSuiteMainPhase(TestSuiteExecutor.java:150)&#xa;	at com.kms.katalon.core.main.TestSuiteExecutor.execute(TestSuiteExecutor.java:106)&#xa;	at com.kms.katalon.core.main.TestCaseMain.startTestSuite(TestCaseMain.java:180)&#xa;	at TempTestSuite1729731001385.run(TempTestSuite1729731001385.groovy:35)&#xa;	at java.base/jdk.internal.reflect.NativeMethodAccessorImpl.invoke0(Native Method)&#xa;	at java.base/jdk.internal.reflect.NativeMethodAccessorImpl.invoke(NativeMethodAccessorImpl.java:77)&#xa;	at java.base/jdk.internal.reflect.DelegatingMethodAccessorImpl.invoke(DelegatingMethodAccessorImpl.java:43)&#xa;Caused by: java.io.FileNotFoundException: KatalonData\IWPTestData\VRelay25Payments.xlsx (The process cannot access the file because it is being used by another process)&#xa;	at pages.WriteExcel.demoKey(WriteExcel.groovy:93)&#xa;	at java.base/jdk.internal.reflect.NativeMethodAccessorImpl.invoke0(Native Method)&#xa;	at java.base/jdk.internal.reflect.NativeMethodAccessorImpl.invoke(NativeMethodAccessorImpl.java:77)&#xa;	at java.base/jdk.internal.reflect.DelegatingMethodAccessorImpl.invoke(DelegatingMethodAccessorImpl.java:43)&#xa;	... 17 more&#xa;"/>
         <system-out><![CDATA[24-10-2024T06:45:52 - [TEST_CASE][ERROR] - Test Cases/IntegratedWeb/IWP25/Payments/PayNowPersonalCheckSCF: Test Cases/IntegratedWeb/IWP25/Payments/PayNowPersonalCheckSCF FAILED.
Reason:
org.codehaus.groovy.runtime.InvokerInvocationException: java.io.FileNotFoundException: KatalonData\IWPTestData\VRelay25Payments.xlsx (The process cannot access the file because it is being used by another process)
	at com.kms.katalon.core.main.CustomKeywordDelegatingMetaClass.invokeStaticMethod(CustomKeywordDelegatingMetaClass.java:55)
	at PayNowPersonalCheckSCF.run(PayNowPersonalCheckSCF:157)
	at com.kms.katalon.core.main.ScriptEngine.run(ScriptEngine.java:194)
	at com.kms.katalon.core.main.ScriptEngine.runScriptAsRawText(ScriptEngine.java:119)
	at com.kms.katalon.core.main.TestCaseExecutor.runScript(TestCaseExecutor.java:448)
	at com.kms.katalon.core.main.TestCaseExecutor.doExecute(TestCaseExecutor.java:439)
	at com.kms.katalon.core.main.TestCaseExecutor.processExecutionPhase(TestCaseExecutor.java:418)
	at com.kms.katalon.core.main.TestCaseExecutor.accessMainPhase(TestCaseExecutor.java:410)
	at com.kms.katalon.core.main.TestCaseExecutor.execute(TestCaseExecutor.java:285)
	at com.kms.katalon.core.common.CommonExecutor.accessTestCaseMainPhase(CommonExecutor.java:65)
	at com.kms.katalon.core.main.TestSuiteExecutor.accessTestSuiteMainPhase(TestSuiteExecutor.java:150)
	at com.kms.katalon.core.main.TestSuiteExecutor.execute(TestSuiteExecutor.java:106)
	at com.kms.katalon.core.main.TestCaseMain.startTestSuite(TestCaseMain.java:180)
	at TempTestSuite1729731001385.run(TempTestSuite1729731001385.groovy:35)
	at java.base/jdk.internal.reflect.NativeMethodAccessorImpl.invoke0(Native Method)
	at java.base/jdk.internal.reflect.NativeMethodAccessorImpl.invoke(NativeMethodAccessorImpl.java:77)
	at java.base/jdk.internal.reflect.DelegatingMethodAccessorImpl.invoke(DelegatingMethodAccessorImpl.java:43)
Caused by: java.io.FileNotFoundException: KatalonData\IWPTestData\VRelay25Payments.xlsx (The process cannot access the file because it is being used by another process)
	at pages.WriteExcel.demoKey(WriteExcel.groovy:93)
	at java.base/jdk.internal.reflect.NativeMethodAccessorImpl.invoke0(Native Method)
	at java.base/jdk.internal.reflect.NativeMethodAccessorImpl.invoke(NativeMethodAccessorImpl.java:77)
	at java.base/jdk.internal.reflect.DelegatingMethodAccessorImpl.invoke(DelegatingMethodAccessorImpl.java:43)
	... 17 more


24-10-2024T06:45:52 - [TEST_STEP][PASSED] - resText = "Fail": null

24-10-2024T06:45:52 - [TEST_STEP][PASSED] - resColumn = "Result": null

24-10-2024T06:45:52 - [TEST_STEP][PASSED] - datCloumn = "Date": null

24-10-2024T06:45:52 - [TEST_STEP][PASSED] - fileLoc = "KatalonData/IWPTestData/VRelay25Payments.xlsx": null

24-10-2024T06:45:52 - [TEST_STEP][PASSED] - numOfRows = <not implemented yet for class: org.codehaus.groovy.ast.expr.EmptyExpression>: null

24-10-2024T06:45:52 - [TEST_STEP][PASSED] - dataFile = <not implemented yet for class: org.codehaus.groovy.ast.expr.EmptyExpression>: null

24-10-2024T06:45:52 - [TEST_STEP][PASSED] - nameSheet = <not implemented yet for class: org.codehaus.groovy.ast.expr.EmptyExpression>: null

24-10-2024T06:45:52 - [TEST_STEP][PASSED] - dataFileEmulator = <not implemented yet for class: org.codehaus.groovy.ast.expr.EmptyExpression>: null

24-10-2024T06:45:52 - [TEST_STEP][PASSED] - isRequiredTextPresent = false: null

24-10-2024T06:45:52 - [TEST_STEP][PASSED] - nameSheet = "PayNowPersonalCheckSCF": null

24-10-2024T06:45:52 - [TEST_STEP][PASSED] - dataFile = "IWPTestData/IWP25PayNowPersonalCheckSCF": null

24-10-2024T06:45:52 - [TEST_STEP][PASSED] - dataFileEmulator = "IWPTestData/EmulatorData": null

24-10-2024T06:45:52 - [TEST_STEP][PASSED] - numOfRows = findTestData(dataFile).getRowNumbers(): null

24-10-2024T06:45:52 - [TEST_STEP][PASSED] - println("Number of Records: " + numOfRows): null

24-10-2024T06:45:52 - [TEST_STEP][PASSED] - for ([row = 1, row <= numOfRows, (row++)]): null

24-10-2024T06:45:52 - [TEST_STEP][PASSED] - ExecuteTC = findTestData(dataFile).getValue("Execute", row): null

24-10-2024T06:45:52 - [TEST_STEP][PASSED] - out.println("Value of Execute is : " + ExecuteTC): null

24-10-2024T06:45:52 - [TEST_STEP][PASSED] - if (ExecuteTC.equalsIgnoreCase("Y")): null

24-10-2024T06:45:52 - [TEST_STEP][PASSED] - out.println("Begin Record Number: " + row): null

24-10-2024T06:45:52 - [TEST_STEP][PASSED] - today = new java.util.Date(): null

24-10-2024T06:45:52 - [TEST_STEP][PASSED] - println(today): null

24-10-2024T06:45:52 - [TEST_STEP][PASSED] - datText = today: null

24-10-2024T06:45:52 - [TEST_STEP][PASSED] - EmulatorDataKey = findTestData(dataFile).getValue("EmulatorData", row): null

24-10-2024T06:45:52 - [TEST_STEP][PASSED] - out.println("Value of Emulator Key is : " + EmulatorDataKey): null

24-10-2024T06:45:52 - [TEST_STEP][PASSED] - iwpPages.emulatorIWP30.setDataEmulator_DD(EmulatorDataKey): iwpPages.emulatorIWP30.setDataEmulator_DD is PASSED

24-10-2024T06:45:53 - [MESSAGE][WARNING] - A browser is already opened. Closing browser and opening a new one

24-10-2024T06:45:53 - [MESSAGE][INFO] - Starting 'Edge Chromium' driver

24-10-2024T06:45:53 - [MESSAGE][INFO] - User set preference: ['acceptInsecureCerts', 'true']

24-10-2024T06:45:55 - [MESSAGE][INFO] - Action delay is set to 0 milliseconds

24-10-2024T06:45:59 - [MESSAGE][PASSED] - Browser is opened with url: 'https://qa2.velocitypayment.com/agencyx/config.action?action=editor&message_version=2_5'

24-10-2024T06:45:59 - [MESSAGE][PASSED] - Current window maximized

24-10-2024T06:46:31 - [MESSAGE][INFO] - Unable to find the element located by 'By.xpath: //select[@name='message_version']'. Please recheck the objects properties to make sure the desired element is located. 

24-10-2024T06:46:31 - [MESSAGE][WARNING] - [SELF-HEALING] Failed to find element with id 'Object Repository/IWP30/Page_VRelay30Emulator/MV'. Try using Self-healing.

24-10-2024T06:46:31 - [MESSAGE][WARNING] - [SELF-HEALING] The current locator of test object 'Object Repository/IWP30/Page_VRelay30Emulator/MV' was broken. Propose an alternative one: '(.//*[normalize-space(text()) and normalize-space(.)='Message Version'])[1]/following::select[1]'.

24-10-2024T06:46:31 - [MESSAGE][PASSED] - All options with value '2.5' are selected in object 'Object Repository/IWP30/Page_VRelay30Emulator/MV'  using regular expression

24-10-2024T06:46:32 - [MESSAGE][PASSED] - Text '10.50' is set on object 'Object Repository/IWP30/Page_EmulatorAgencyX/Amount'

24-10-2024T06:46:33 - [MESSAGE][PASSED] - Text 'w081xhVBpFZ6' is set on object 'Object Repository/IWP30/Page_EmulatorAgencyX/CAN'

24-10-2024T06:46:33 - [MESSAGE][PASSED] - Text 'PayNow' is set on object 'Object Repository/IWP30/Page_EmulatorAgencyX/Action'

24-10-2024T06:46:34 - [MESSAGE][PASSED] - Text 'en_US' is set on object 'Object Repository/IWP30/Page_EmulatorAgencyX/Lang'

24-10-2024T06:46:34 - [MESSAGE][PASSED] - Text '' is set on object 'Object Repository/IWP30/Page_EmulatorAgencyX/Fname'

24-10-2024T06:46:35 - [MESSAGE][PASSED] - Text '' is set on object 'Object Repository/IWP30/Page_EmulatorAgencyX/Lname'

24-10-2024T06:46:36 - [MESSAGE][PASSED] - Text '' is set on object 'Object Repository/IWP30/Page_EmulatorAgencyX/AL1'

24-10-2024T06:46:36 - [MESSAGE][PASSED] - Text '' is set on object 'Object Repository/IWP30/Page_EmulatorAgencyX/AL2'

24-10-2024T06:46:37 - [MESSAGE][PASSED] - Text '' is set on object 'Object Repository/IWP30/Page_EmulatorAgencyX/Country'

24-10-2024T06:46:37 - [MESSAGE][PASSED] - Text '' is set on object 'Object Repository/IWP30/Page_EmulatorAgencyX/City'

24-10-2024T06:46:38 - [MESSAGE][PASSED] - Text '' is set on object 'Object Repository/IWP30/Page_EmulatorAgencyX/State'

24-10-2024T06:46:38 - [MESSAGE][PASSED] - Text '' is set on object 'Object Repository/IWP30/Page_EmulatorAgencyX/ZIP'

24-10-2024T06:46:39 - [MESSAGE][PASSED] - Text '' is set on object 'Object Repository/IWP30/Page_EmulatorAgencyX/Order'

24-10-2024T06:46:40 - [MESSAGE][PASSED] - Text '' is set on object 'Object Repository/IWP30/Page_EmulatorAgencyX/Company'

24-10-2024T06:46:40 - [MESSAGE][PASSED] - Text '' is set on object 'Object Repository/IWP30/Page_EmulatorAgencyX/Email'

24-10-2024T06:46:41 - [MESSAGE][PASSED] - Text '' is set on object 'Object Repository/IWP30/Page_EmulatorAgencyX/UDF1'

24-10-2024T06:46:41 - [MESSAGE][PASSED] - Text '' is set on object 'Object Repository/IWP30/Page_EmulatorAgencyX/UDF2'

24-10-2024T06:46:42 - [MESSAGE][PASSED] - Text '' is set on object 'Object Repository/IWP30/Page_EmulatorAgencyX/UDF3'

24-10-2024T06:46:42 - [MESSAGE][PASSED] - Text 'udf data 4' is set on object 'Object Repository/IWP30/Page_EmulatorAgencyX/UDF4'

24-10-2024T06:46:43 - [MESSAGE][PASSED] - Text 'udf data 5' is set on object 'Object Repository/IWP30/Page_EmulatorAgencyX/UDF5'

24-10-2024T06:46:44 - [MESSAGE][PASSED] - Text '' is set on object 'Object Repository/IWP30/Page_EmulatorAgencyX/UDF6'

24-10-2024T06:46:44 - [MESSAGE][PASSED] - Text '' is set on object 'Object Repository/IWP30/Page_EmulatorAgencyX/UDF7'

24-10-2024T06:46:45 - [MESSAGE][PASSED] - Text '' is set on object 'Object Repository/IWP30/Page_EmulatorAgencyX/UDF8'

24-10-2024T06:46:45 - [MESSAGE][PASSED] - Text 'udf data 9' is set on object 'Object Repository/IWP30/Page_EmulatorAgencyX/UDF9'

24-10-2024T06:46:46 - [MESSAGE][PASSED] - Text 'udf data 10' is set on object 'Object Repository/IWP30/Page_EmulatorAgencyX/UDF10'

24-10-2024T06:46:47 - [MESSAGE][PASSED] - Object: 'Object Repository/IWP30/Page_EmulatorAgencyX/Submit' is clicked on

24-10-2024T06:46:52 - [MESSAGE][PASSED] - Browser is closed

24-10-2024T06:46:56 - [MESSAGE][PASSED] - iwpPages.emulatorIWP30.setDataEmulator_DD is PASSED

24-10-2024T06:46:56 - [TEST_STEP][PASSED] - testHarnessURL = urlTestHarness: null

24-10-2024T06:46:56 - [TEST_STEP][PASSED] - openBrowser(testHarnessURL): Browser is opened with url: 'https://dev-algorithm.govolution.com/vrelaytest/QA2/version_2_2/vrelaytest.html'

24-10-2024T06:46:56 - [MESSAGE][INFO] - Starting 'Edge Chromium' driver

24-10-2024T06:46:56 - [MESSAGE][INFO] - User set preference: ['acceptInsecureCerts', 'true']

24-10-2024T06:46:58 - [MESSAGE][INFO] - Action delay is set to 0 milliseconds

24-10-2024T06:47:01 - [MESSAGE][PASSED] - Browser is opened with url: 'https://dev-algorithm.govolution.com/vrelaytest/QA2/version_2_2/vrelaytest.html'

24-10-2024T06:47:01 - [TEST_STEP][PASSED] - maximizeWindow(): Current window maximized

24-10-2024T06:47:01 - [MESSAGE][PASSED] - Current window maximized

24-10-2024T06:47:01 - [TEST_STEP][PASSED] - iwpPages.TestHarnessPage.setDataMethod(row, dataFile): iwpPages.TestHarnessPage.setDataMethod is PASSED

24-10-2024T06:47:02 - [MESSAGE][PASSED] - Object 'Object Repository/IWP30/Page_QATestHarness/RemittanceID' is present

24-10-2024T06:47:03 - [MESSAGE][PASSED] - Text '639' is set on object 'Object Repository/IWP30/Page_QATestHarness/ApplicationID'

24-10-2024T06:47:03 - [MESSAGE][PASSED] - Text '2.5' is set on object 'Object Repository/IWP30/Page_QATestHarness/MessageVersion'

24-10-2024T06:47:04 - [MESSAGE][PASSED] - Text 'bhbTOY8ikFd7' is set on object 'Object Repository/IWP30/Page_QATestHarness/RemittanceID'

24-10-2024T06:47:07 - [MESSAGE][PASSED] - Object: 'Object Repository/IWP30/Page_QATestHarness/SubmitButton' is clicked on

24-10-2024T06:47:07 - [MESSAGE][PASSED] - iwpPages.TestHarnessPage.setDataMethod is PASSED

24-10-2024T06:47:07 - [TEST_STEP][PASSED] - click(findTestObject("Object Repository/IWP30/Page_SelectPaymentMethod/PayByPersonalCheck")): Object: 'Object Repository/IWP30/Page_SelectPaymentMethod/PayByPersonalCheck' is clicked on

24-10-2024T06:47:08 - [MESSAGE][PASSED] - Object: 'Object Repository/IWP30/Page_SelectPaymentMethod/PayByPersonalCheck' is clicked on

24-10-2024T06:47:08 - [TEST_STEP][PASSED] - click(findTestObject("Object Repository/IWP30/Page_SelectPaymentMethod/MakePaymentButton")): Object: 'Object Repository/IWP30/Page_SelectPaymentMethod/MakePaymentButton' is clicked on

24-10-2024T06:47:11 - [MESSAGE][PASSED] - Object: 'Object Repository/IWP30/Page_SelectPaymentMethod/MakePaymentButton' is clicked on

24-10-2024T06:47:11 - [TEST_STEP][PASSED] - iwpPages.achPersonalPaymentEntryPage.setDataACHPPM(row, dataFile): iwpPages.achPersonalPaymentEntryPage.setDataACHPPM is PASSED

24-10-2024T06:47:12 - [MESSAGE][PASSED] - Object 'Object Repository/IWP30/Page_ACHPersonalPaymentEntry/txt_accountNumber' is present

24-10-2024T06:47:12 - [MESSAGE][PASSED] - Text '10.50' is set on object 'Object Repository/IWP30/Page_ACHPersonalPaymentEntry/txt_Amount'

24-10-2024T06:47:13 - [MESSAGE][PASSED] - Object 'Object Repository/IWP30/Page_ACHPersonalPaymentEntry/txt_UDF2' is present

24-10-2024T06:47:13 - [MESSAGE][PASSED] - Text 'udf data 2' is set on object 'Object Repository/IWP30/Page_ACHPersonalPaymentEntry/txt_UDF2'

24-10-2024T06:47:14 - [MESSAGE][PASSED] - Text 'udf data 3' is set on object 'Object Repository/IWP30/Page_ACHPersonalPaymentEntry/txt_UDF3'

24-10-2024T06:47:14 - [MESSAGE][PASSED] - All options with label 'Orange' are selected in object 'Object Repository/IWP30/Page_ACHPersonalPaymentEntry/dd_UDF7' 

24-10-2024T06:47:15 - [MESSAGE][PASSED] - All options with label 'Soccer' are selected in object 'Object Repository/IWP30/Page_ACHPersonalPaymentEntry/dd_UDF8' 

24-10-2024T06:47:15 - [MESSAGE][PASSED] - Object 'Object Repository/IWP30/Page_ACHPersonalPaymentEntry/txt_Firstname' is present

24-10-2024T06:47:16 - [MESSAGE][PASSED] - Text 'Elizath' is set on object 'Object Repository/IWP30/Page_ACHPersonalPaymentEntry/txt_Firstname'

24-10-2024T06:47:16 - [MESSAGE][PASSED] - Object 'Object Repository/IWP30/Page_ACHPersonalPaymentEntry/txt_Lastname' is present

24-10-2024T06:47:17 - [MESSAGE][PASSED] - Text 'Christine' is set on object 'Object Repository/IWP30/Page_ACHPersonalPaymentEntry/txt_Lastname'

24-10-2024T06:47:17 - [MESSAGE][PASSED] - Object 'Object Repository/IWP30/Page_ACHPersonalPaymentEntry/txt_routingNumber' is present

24-10-2024T06:47:17 - [MESSAGE][PASSED] - Text '256072691' is set on object 'Object Repository/IWP30/Page_ACHPersonalPaymentEntry/txt_routingNumber'

24-10-2024T06:47:18 - [MESSAGE][PASSED] - Object 'Object Repository/IWP30/Page_ACHPersonalPaymentEntry/txt_accountNumber' is present

24-10-2024T06:47:19 - [MESSAGE][PASSED] - Text '12344444' is set on object 'Object Repository/IWP30/Page_ACHPersonalPaymentEntry/txt_accountNumber'

24-10-2024T06:47:19 - [MESSAGE][PASSED] - Object 'Object Repository/IWP30/Page_ACHPersonalPaymentEntry/txt_confirmAccountNumber' is present

24-10-2024T06:47:20 - [MESSAGE][PASSED] - Text '12344444' is set on object 'Object Repository/IWP30/Page_ACHPersonalPaymentEntry/txt_confirmAccountNumber'

24-10-2024T06:47:20 - [MESSAGE][PASSED] - Object 'Object Repository/IWP30/Page_ACHPersonalPaymentEntry/rd_accountType' is present

24-10-2024T06:47:20 - [MESSAGE][PASSED] - Modify property of object successfully

24-10-2024T06:47:21 - [MESSAGE][PASSED] - Object: 'Object Repository/IWP30/Page_ACHPersonalPaymentEntry/rd_accountType' is clicked on

24-10-2024T06:47:21 - [MESSAGE][PASSED] - Text '365 Main Avenue' is set on object 'Object Repository/IWP30/Page_ACHPersonalPaymentEntry/txt_AL1'

24-10-2024T06:47:22 - [MESSAGE][PASSED] - Text '22201' is set on object 'Object Repository/IWP30/Page_ACHPersonalPaymentEntry/txt_ZIP'

24-10-2024T06:47:22 - [MESSAGE][PASSED] - Object 'Object Repository/IWP30/Page_ACHPersonalPaymentEntry/txt_Email' is present

24-10-2024T06:47:24 - [MESSAGE][PASSED] - Text 'iahmed@govolution.com' is set on object 'Object Repository/IWP30/Page_ACHPersonalPaymentEntry/txt_Email'

24-10-2024T06:47:24 - [MESSAGE][PASSED] - Object 'Object Repository/IWP30/Page_ACHPersonalPaymentEntry/cb_TermsAndCond' is present

24-10-2024T06:47:24 - [MESSAGE][PASSED] - Object: 'Object Repository/IWP30/Page_ACHPersonalPaymentEntry/cb_TermsAndCond' is clicked on

24-10-2024T06:47:24 - [MESSAGE][PASSED] - Object 'Object Repository/IWP30/Page_ACHPersonalPaymentEntry/btn_Continue' is present

24-10-2024T06:47:26 - [MESSAGE][PASSED] - Object: 'Object Repository/IWP30/Page_ACHPersonalPaymentEntry/btn_Continue' is clicked on

24-10-2024T06:47:26 - [MESSAGE][PASSED] - iwpPages.achPersonalPaymentEntryPage.setDataACHPPM is PASSED

24-10-2024T06:47:26 - [TEST_STEP][PASSED] - click(findTestObject("Object Repository/IWP30/Page_Confirmation/ConfirmButton")): Object: 'Object Repository/IWP30/Page_Confirmation/ConfirmButton' is clicked on

24-10-2024T06:47:28 - [MESSAGE][PASSED] - Object: 'Object Repository/IWP30/Page_Confirmation/ConfirmButton' is clicked on

24-10-2024T06:47:28 - [TEST_STEP][PASSED] - Thread.sleep(5000): null

24-10-2024T06:47:33 - [TEST_STEP][PASSED] - if (verifyTextPresent("Make a Real Estate Payment", false)): null

24-10-2024T06:47:33 - [MESSAGE][PASSED] - Text 'Make a Real Estate Payment' is present on page 

24-10-2024T06:47:33 - [TEST_STEP][PASSED] - isRequiredTextPresent = true: null

24-10-2024T06:47:33 - [TEST_STEP][PASSED] - println(isRequiredTextPresent): null

24-10-2024T06:47:33 - [TEST_STEP][PASSED] - if (isRequiredTextPresent): null

24-10-2024T06:47:33 - [TEST_STEP][PASSED] - if (verifyTextPresent("This transaction is subject to a Convenience Fees of $2.00.", false)): null

24-10-2024T06:47:33 - [MESSAGE][PASSED] - Text 'This transaction is subject to a Convenience Fees of $2.00.' is present on page 

24-10-2024T06:47:33 - [TEST_STEP][PASSED] - isRequiredTextPresent = true: null

24-10-2024T06:47:33 - [TEST_STEP][PASSED] - println(isRequiredTextPresent): null

24-10-2024T06:47:33 - [TEST_STEP][PASSED] - if (isRequiredTextPresent): null

24-10-2024T06:47:33 - [TEST_STEP][PASSED] - if (verifyTextPresent("Payment Amount:  $10.50", false)): null

24-10-2024T06:47:33 - [MESSAGE][PASSED] - Text 'Payment Amount:  $10.50' is present on page 

24-10-2024T06:47:33 - [TEST_STEP][PASSED] - isRequiredTextPresent = true: null

24-10-2024T06:47:33 - [TEST_STEP][PASSED] - if (isRequiredTextPresent): null

24-10-2024T06:47:33 - [TEST_STEP][PASSED] - if (verifyTextPresent("Convenience Fees:  $2.00", false)): null

24-10-2024T06:47:34 - [MESSAGE][PASSED] - Text 'Convenience Fees:  $2.00' is present on page 

24-10-2024T06:47:34 - [TEST_STEP][PASSED] - isRequiredTextPresent = true: null

24-10-2024T06:47:34 - [TEST_STEP][PASSED] - if (isRequiredTextPresent): null

24-10-2024T06:47:34 - [TEST_STEP][PASSED] - if (verifyTextPresent("Total Amount:  $12.50", false)): null

24-10-2024T06:47:34 - [MESSAGE][PASSED] - Text 'Total Amount:  $12.50' is present on page 

24-10-2024T06:47:34 - [TEST_STEP][PASSED] - isRequiredTextPresent = true: null

24-10-2024T06:47:34 - [TEST_STEP][PASSED] - if (isRequiredTextPresent): null

24-10-2024T06:47:34 - [TEST_STEP][PASSED] - if (verifyTextPresent("One transaction in the amount of $12.50 will appear on your bank statement.", false)): null

24-10-2024T06:47:34 - [MESSAGE][PASSED] - Text 'One transaction in the amount of $12.50 will appear on your bank statement.' is present on page 

24-10-2024T06:47:34 - [TEST_STEP][PASSED] - isRequiredTextPresent = true: null

24-10-2024T06:47:34 - [TEST_STEP][PASSED] - Thread.sleep(10000): null

24-10-2024T06:47:44 - [TEST_STEP][PASSED] - click(findTestObject("Object Repository/IWP30/Page_ConvenienceFees/btn_convFeeNotifyAction")): Object: 'Object Repository/IWP30/Page_ConvenienceFees/btn_convFeeNotifyAction' is clicked on

24-10-2024T06:47:46 - [MESSAGE][PASSED] - Object: 'Object Repository/IWP30/Page_ConvenienceFees/btn_convFeeNotifyAction' is clicked on

24-10-2024T06:47:46 - [TEST_STEP][PASSED] - Thread.sleep(10000): null

24-10-2024T06:47:56 - [TEST_STEP][PASSED] - if (verifyTextPresent("Successful Payment Receipt", false)): null

24-10-2024T06:47:56 - [MESSAGE][PASSED] - Text 'Successful Payment Receipt' is present on page 

24-10-2024T06:47:56 - [TEST_STEP][PASSED] - println("Successful Payment Receipt text is present on the Receipt page"): null

24-10-2024T06:47:56 - [TEST_STEP][PASSED] - markPassed("Successful Payment Receipt text is present on the Receipt page"): Successful Payment Receipt text is present on the Receipt page

24-10-2024T06:47:56 - [MESSAGE][PASSED] - Successful Payment Receipt text is present on the Receipt page

24-10-2024T06:47:56 - [TEST_STEP][PASSED] - resText = "Pass": null

24-10-2024T06:47:56 - [TEST_STEP][ERROR] - pages.WriteExcel.demoKey(resText, datText, resColumn, datCloumn, fileLoc, nameSheet, row): Test Cases/IntegratedWeb/IWP25/Payments/PayNowPersonalCheckSCF FAILED.
Reason:
com.kms.katalon.core.exception.StepErrorException: org.codehaus.groovy.runtime.InvokerInvocationException: java.io.FileNotFoundException: KatalonData\IWPTestData\VRelay25Payments.xlsx (The process cannot access the file because it is being used by another process)
	at com.kms.katalon.core.main.CustomKeywordDelegatingMetaClass.throwError(CustomKeywordDelegatingMetaClass.java:101)
	at com.kms.katalon.core.main.CustomKeywordDelegatingMetaClass.invokeStaticMethod(CustomKeywordDelegatingMetaClass.java:73)
	at PayNowPersonalCheckSCF.run(PayNowPersonalCheckSCF:157)
	at com.kms.katalon.core.main.ScriptEngine.run(ScriptEngine.java:194)
	at com.kms.katalon.core.main.ScriptEngine.runScriptAsRawText(ScriptEngine.java:119)
	at com.kms.katalon.core.main.TestCaseExecutor.runScript(TestCaseExecutor.java:448)
	at com.kms.katalon.core.main.TestCaseExecutor.doExecute(TestCaseExecutor.java:439)
	at com.kms.katalon.core.main.TestCaseExecutor.processExecutionPhase(TestCaseExecutor.java:418)
	at com.kms.katalon.core.main.TestCaseExecutor.accessMainPhase(TestCaseExecutor.java:410)
	at com.kms.katalon.core.main.TestCaseExecutor.execute(TestCaseExecutor.java:285)
	at com.kms.katalon.core.common.CommonExecutor.accessTestCaseMainPhase(CommonExecutor.java:65)
	at com.kms.katalon.core.main.TestSuiteExecutor.accessTestSuiteMainPhase(TestSuiteExecutor.java:150)
	at com.kms.katalon.core.main.TestSuiteExecutor.execute(TestSuiteExecutor.java:106)
	at com.kms.katalon.core.main.TestCaseMain.startTestSuite(TestCaseMain.java:180)
	at TempTestSuite1729731001385.run(TempTestSuite1729731001385.groovy:35)
	at java.base/jdk.internal.reflect.NativeMethodAccessorImpl.invoke0(Native Method)
	at java.base/jdk.internal.reflect.NativeMethodAccessorImpl.invoke(NativeMethodAccessorImpl.java:77)
	at java.base/jdk.internal.reflect.DelegatingMethodAccessorImpl.invoke(DelegatingMethodAccessorImpl.java:43)
Caused by: org.codehaus.groovy.runtime.InvokerInvocationException: java.io.FileNotFoundException: KatalonData\IWPTestData\VRelay25Payments.xlsx (The process cannot access the file because it is being used by another process)
	at com.kms.katalon.core.main.CustomKeywordDelegatingMetaClass.invokeStaticMethod(CustomKeywordDelegatingMetaClass.java:55)
	at Script1724332114425.run(Script1724332114425.groovy:157)
	... 15 more
Caused by: java.io.FileNotFoundException: KatalonData\IWPTestData\VRelay25Payments.xlsx (The process cannot access the file because it is being used by another process)
	at pages.WriteExcel.demoKey(WriteExcel.groovy:93)
	at java.base/jdk.internal.reflect.NativeMethodAccessorImpl.invoke0(Native Method)
	at java.base/jdk.internal.reflect.NativeMethodAccessorImpl.invoke(NativeMethodAccessorImpl.java:77)
	at java.base/jdk.internal.reflect.DelegatingMethodAccessorImpl.invoke(DelegatingMethodAccessorImpl.java:43)
	at com.kms.katalon.core.main.CustomKeywordDelegatingMetaClass.invokeStaticMethod(CustomKeywordDelegatingMetaClass.java:55)
	at PayNowPersonalCheckSCF.run(PayNowPersonalCheckSCF:157)
	... 15 more


24-10-2024T06:47:56 - [MESSAGE][ERROR] - java.io.FileNotFoundException: KatalonData\IWPTestData\VRelay25Payments.xlsx (The process cannot access the file because it is being used by another process)

24-10-2024T06:47:56 - [MESSAGE][ERROR] - Test Cases/IntegratedWeb/IWP25/Payments/PayNowPersonalCheckSCF FAILED.
Reason:
com.kms.katalon.core.exception.StepErrorException: org.codehaus.groovy.runtime.InvokerInvocationException: java.io.FileNotFoundException: KatalonData\IWPTestData\VRelay25Payments.xlsx (The process cannot access the file because it is being used by another process)
	at com.kms.katalon.core.main.CustomKeywordDelegatingMetaClass.throwError(CustomKeywordDelegatingMetaClass.java:101)
	at com.kms.katalon.core.main.CustomKeywordDelegatingMetaClass.invokeStaticMethod(CustomKeywordDelegatingMetaClass.java:73)
	at PayNowPersonalCheckSCF.run(PayNowPersonalCheckSCF:157)
	at com.kms.katalon.core.main.ScriptEngine.run(ScriptEngine.java:194)
	at com.kms.katalon.core.main.ScriptEngine.runScriptAsRawText(ScriptEngine.java:119)
	at com.kms.katalon.core.main.TestCaseExecutor.runScript(TestCaseExecutor.java:448)
	at com.kms.katalon.core.main.TestCaseExecutor.doExecute(TestCaseExecutor.java:439)
	at com.kms.katalon.core.main.TestCaseExecutor.processExecutionPhase(TestCaseExecutor.java:418)
	at com.kms.katalon.core.main.TestCaseExecutor.accessMainPhase(TestCaseExecutor.java:410)
	at com.kms.katalon.core.main.TestCaseExecutor.execute(TestCaseExecutor.java:285)
	at com.kms.katalon.core.common.CommonExecutor.accessTestCaseMainPhase(CommonExecutor.java:65)
	at com.kms.katalon.core.main.TestSuiteExecutor.accessTestSuiteMainPhase(TestSuiteExecutor.java:150)
	at com.kms.katalon.core.main.TestSuiteExecutor.execute(TestSuiteExecutor.java:106)
	at com.kms.katalon.core.main.TestCaseMain.startTestSuite(TestCaseMain.java:180)
	at TempTestSuite1729731001385.run(TempTestSuite1729731001385.groovy:35)
	at java.base/jdk.internal.reflect.NativeMethodAccessorImpl.invoke0(Native Method)
	at java.base/jdk.internal.reflect.NativeMethodAccessorImpl.invoke(NativeMethodAccessorImpl.java:77)
	at java.base/jdk.internal.reflect.DelegatingMethodAccessorImpl.invoke(DelegatingMethodAccessorImpl.java:43)
Caused by: org.codehaus.groovy.runtime.InvokerInvocationException: java.io.FileNotFoundException: KatalonData\IWPTestData\VRelay25Payments.xlsx (The process cannot access the file because it is being used by another process)
	at com.kms.katalon.core.main.CustomKeywordDelegatingMetaClass.invokeStaticMethod(CustomKeywordDelegatingMetaClass.java:55)
	at Script1724332114425.run(Script1724332114425.groovy:157)
	... 15 more
Caused by: java.io.FileNotFoundException: KatalonData\IWPTestData\VRelay25Payments.xlsx (The process cannot access the file because it is being used by another process)
	at pages.WriteExcel.demoKey(WriteExcel.groovy:93)
	at java.base/jdk.internal.reflect.NativeMethodAccessorImpl.invoke0(Native Method)
	at java.base/jdk.internal.reflect.NativeMethodAccessorImpl.invoke(NativeMethodAccessorImpl.java:77)
	at java.base/jdk.internal.reflect.DelegatingMethodAccessorImpl.invoke(DelegatingMethodAccessorImpl.java:43)
	at com.kms.katalon.core.main.CustomKeywordDelegatingMetaClass.invokeStaticMethod(CustomKeywordDelegatingMetaClass.java:55)
	at PayNowPersonalCheckSCF.run(PayNowPersonalCheckSCF:157)
	... 15 more]]></system-out>
         <system-err><![CDATA[24-10-2024T06:45:52 - [TEST_CASE][ERROR] - Test Cases/IntegratedWeb/IWP25/Payments/PayNowPersonalCheckSCF: Test Cases/IntegratedWeb/IWP25/Payments/PayNowPersonalCheckSCF FAILED.
Reason:
org.codehaus.groovy.runtime.InvokerInvocationException: java.io.FileNotFoundException: KatalonData\IWPTestData\VRelay25Payments.xlsx (The process cannot access the file because it is being used by another process)
	at com.kms.katalon.core.main.CustomKeywordDelegatingMetaClass.invokeStaticMethod(CustomKeywordDelegatingMetaClass.java:55)
	at PayNowPersonalCheckSCF.run(PayNowPersonalCheckSCF:157)
	at com.kms.katalon.core.main.ScriptEngine.run(ScriptEngine.java:194)
	at com.kms.katalon.core.main.ScriptEngine.runScriptAsRawText(ScriptEngine.java:119)
	at com.kms.katalon.core.main.TestCaseExecutor.runScript(TestCaseExecutor.java:448)
	at com.kms.katalon.core.main.TestCaseExecutor.doExecute(TestCaseExecutor.java:439)
	at com.kms.katalon.core.main.TestCaseExecutor.processExecutionPhase(TestCaseExecutor.java:418)
	at com.kms.katalon.core.main.TestCaseExecutor.accessMainPhase(TestCaseExecutor.java:410)
	at com.kms.katalon.core.main.TestCaseExecutor.execute(TestCaseExecutor.java:285)
	at com.kms.katalon.core.common.CommonExecutor.accessTestCaseMainPhase(CommonExecutor.java:65)
	at com.kms.katalon.core.main.TestSuiteExecutor.accessTestSuiteMainPhase(TestSuiteExecutor.java:150)
	at com.kms.katalon.core.main.TestSuiteExecutor.execute(TestSuiteExecutor.java:106)
	at com.kms.katalon.core.main.TestCaseMain.startTestSuite(TestCaseMain.java:180)
	at TempTestSuite1729731001385.run(TempTestSuite1729731001385.groovy:35)
	at java.base/jdk.internal.reflect.NativeMethodAccessorImpl.invoke0(Native Method)
	at java.base/jdk.internal.reflect.NativeMethodAccessorImpl.invoke(NativeMethodAccessorImpl.java:77)
	at java.base/jdk.internal.reflect.DelegatingMethodAccessorImpl.invoke(DelegatingMethodAccessorImpl.java:43)
Caused by: java.io.FileNotFoundException: KatalonData\IWPTestData\VRelay25Payments.xlsx (The process cannot access the file because it is being used by another process)
	at pages.WriteExcel.demoKey(WriteExcel.groovy:93)
	at java.base/jdk.internal.reflect.NativeMethodAccessorImpl.invoke0(Native Method)
	at java.base/jdk.internal.reflect.NativeMethodAccessorImpl.invoke(NativeMethodAccessorImpl.java:77)
	at java.base/jdk.internal.reflect.DelegatingMethodAccessorImpl.invoke(DelegatingMethodAccessorImpl.java:43)
	... 17 more]]></system-err>
      </testcase>
      <testcase name="Test Cases/IntegratedWeb/IWP25/Payments/PayNowPersonalSavingsDCF" time="125.507" classname="Test Cases/IntegratedWeb/IWP25/Payments/PayNowPersonalSavingsDCF" status="ERROR">
         <error type="ERROR" message="Test Cases/IntegratedWeb/IWP25/Payments/PayNowPersonalSavingsDCF FAILED.&#xa;Reason:&#xa;org.codehaus.groovy.runtime.InvokerInvocationException: java.io.FileNotFoundException: KatalonData\IWPTestData\VRelay25Payments.xlsx (The process cannot access the file because it is being used by another process)&#xa;	at com.kms.katalon.core.main.CustomKeywordDelegatingMetaClass.invokeStaticMethod(CustomKeywordDelegatingMetaClass.java:55)&#xa;	at PayNowPersonalCheckDCF.run(PayNowPersonalCheckDCF:155)&#xa;	at com.kms.katalon.core.main.ScriptEngine.run(ScriptEngine.java:194)&#xa;	at com.kms.katalon.core.main.ScriptEngine.runScriptAsRawText(ScriptEngine.java:119)&#xa;	at com.kms.katalon.core.main.TestCaseExecutor.runScript(TestCaseExecutor.java:448)&#xa;	at com.kms.katalon.core.main.TestCaseExecutor.doExecute(TestCaseExecutor.java:439)&#xa;	at com.kms.katalon.core.main.TestCaseExecutor.processExecutionPhase(TestCaseExecutor.java:418)&#xa;	at com.kms.katalon.core.main.TestCaseExecutor.accessMainPhase(TestCaseExecutor.java:410)&#xa;	at com.kms.katalon.core.main.TestCaseExecutor.execute(TestCaseExecutor.java:285)&#xa;	at com.kms.katalon.core.common.CommonExecutor.accessTestCaseMainPhase(CommonExecutor.java:65)&#xa;	at com.kms.katalon.core.main.TestSuiteExecutor.accessTestSuiteMainPhase(TestSuiteExecutor.java:150)&#xa;	at com.kms.katalon.core.main.TestSuiteExecutor.execute(TestSuiteExecutor.java:106)&#xa;	at com.kms.katalon.core.main.TestCaseMain.startTestSuite(TestCaseMain.java:180)&#xa;	at TempTestSuite1729731001385.run(TempTestSuite1729731001385.groovy:35)&#xa;	at java.base/jdk.internal.reflect.NativeMethodAccessorImpl.invoke0(Native Method)&#xa;	at java.base/jdk.internal.reflect.NativeMethodAccessorImpl.invoke(NativeMethodAccessorImpl.java:77)&#xa;	at java.base/jdk.internal.reflect.DelegatingMethodAccessorImpl.invoke(DelegatingMethodAccessorImpl.java:43)&#xa;Caused by: java.io.FileNotFoundException: KatalonData\IWPTestData\VRelay25Payments.xlsx (The process cannot access the file because it is being used by another process)&#xa;	at pages.WriteExcel.demoKey(WriteExcel.groovy:93)&#xa;	at java.base/jdk.internal.reflect.NativeMethodAccessorImpl.invoke0(Native Method)&#xa;	at java.base/jdk.internal.reflect.NativeMethodAccessorImpl.invoke(NativeMethodAccessorImpl.java:77)&#xa;	at java.base/jdk.internal.reflect.DelegatingMethodAccessorImpl.invoke(DelegatingMethodAccessorImpl.java:43)&#xa;	... 17 more&#xa;"/>
         <system-out><![CDATA[24-10-2024T06:47:56 - [TEST_CASE][ERROR] - Test Cases/IntegratedWeb/IWP25/Payments/PayNowPersonalSavingsDCF: Test Cases/IntegratedWeb/IWP25/Payments/PayNowPersonalSavingsDCF FAILED.
Reason:
org.codehaus.groovy.runtime.InvokerInvocationException: java.io.FileNotFoundException: KatalonData\IWPTestData\VRelay25Payments.xlsx (The process cannot access the file because it is being used by another process)
	at com.kms.katalon.core.main.CustomKeywordDelegatingMetaClass.invokeStaticMethod(CustomKeywordDelegatingMetaClass.java:55)
	at PayNowPersonalCheckDCF.run(PayNowPersonalCheckDCF:155)
	at com.kms.katalon.core.main.ScriptEngine.run(ScriptEngine.java:194)
	at com.kms.katalon.core.main.ScriptEngine.runScriptAsRawText(ScriptEngine.java:119)
	at com.kms.katalon.core.main.TestCaseExecutor.runScript(TestCaseExecutor.java:448)
	at com.kms.katalon.core.main.TestCaseExecutor.doExecute(TestCaseExecutor.java:439)
	at com.kms.katalon.core.main.TestCaseExecutor.processExecutionPhase(TestCaseExecutor.java:418)
	at com.kms.katalon.core.main.TestCaseExecutor.accessMainPhase(TestCaseExecutor.java:410)
	at com.kms.katalon.core.main.TestCaseExecutor.execute(TestCaseExecutor.java:285)
	at com.kms.katalon.core.common.CommonExecutor.accessTestCaseMainPhase(CommonExecutor.java:65)
	at com.kms.katalon.core.main.TestSuiteExecutor.accessTestSuiteMainPhase(TestSuiteExecutor.java:150)
	at com.kms.katalon.core.main.TestSuiteExecutor.execute(TestSuiteExecutor.java:106)
	at com.kms.katalon.core.main.TestCaseMain.startTestSuite(TestCaseMain.java:180)
	at TempTestSuite1729731001385.run(TempTestSuite1729731001385.groovy:35)
	at java.base/jdk.internal.reflect.NativeMethodAccessorImpl.invoke0(Native Method)
	at java.base/jdk.internal.reflect.NativeMethodAccessorImpl.invoke(NativeMethodAccessorImpl.java:77)
	at java.base/jdk.internal.reflect.DelegatingMethodAccessorImpl.invoke(DelegatingMethodAccessorImpl.java:43)
Caused by: java.io.FileNotFoundException: KatalonData\IWPTestData\VRelay25Payments.xlsx (The process cannot access the file because it is being used by another process)
	at pages.WriteExcel.demoKey(WriteExcel.groovy:93)
	at java.base/jdk.internal.reflect.NativeMethodAccessorImpl.invoke0(Native Method)
	at java.base/jdk.internal.reflect.NativeMethodAccessorImpl.invoke(NativeMethodAccessorImpl.java:77)
	at java.base/jdk.internal.reflect.DelegatingMethodAccessorImpl.invoke(DelegatingMethodAccessorImpl.java:43)
	... 17 more


24-10-2024T06:47:56 - [TEST_STEP][PASSED] - resText = "Fail": null

24-10-2024T06:47:56 - [TEST_STEP][PASSED] - resColumn = "Result": null

24-10-2024T06:47:56 - [TEST_STEP][PASSED] - datCloumn = "Date": null

24-10-2024T06:47:56 - [TEST_STEP][PASSED] - fileLoc = "KatalonData/IWPTestData/VRelay25Payments.xlsx": null

24-10-2024T06:47:56 - [TEST_STEP][PASSED] - numOfRows = <not implemented yet for class: org.codehaus.groovy.ast.expr.EmptyExpression>: null

24-10-2024T06:47:56 - [TEST_STEP][PASSED] - dataFile = <not implemented yet for class: org.codehaus.groovy.ast.expr.EmptyExpression>: null

24-10-2024T06:47:56 - [TEST_STEP][PASSED] - nameSheet = <not implemented yet for class: org.codehaus.groovy.ast.expr.EmptyExpression>: null

24-10-2024T06:47:56 - [TEST_STEP][PASSED] - dataFileEmulator = <not implemented yet for class: org.codehaus.groovy.ast.expr.EmptyExpression>: null

24-10-2024T06:47:56 - [TEST_STEP][PASSED] - isRequiredTextPresent = false: null

24-10-2024T06:47:56 - [TEST_STEP][PASSED] - nameSheet = "PayNowPersonalCheckDCF": null

24-10-2024T06:47:56 - [TEST_STEP][PASSED] - dataFile = "IWPTestData/IWP25PayNowPersonalCheckDCF": null

24-10-2024T06:47:56 - [TEST_STEP][PASSED] - dataFileEmulator = "IWPTestData/EmulatorData": null

24-10-2024T06:47:56 - [TEST_STEP][PASSED] - numOfRows = findTestData(dataFile).getRowNumbers(): null

24-10-2024T06:47:56 - [TEST_STEP][PASSED] - println("Number of Records: " + numOfRows): null

24-10-2024T06:47:56 - [TEST_STEP][PASSED] - for ([row = 1, row <= numOfRows, (row++)]): null

24-10-2024T06:47:56 - [TEST_STEP][PASSED] - ExecuteTC = findTestData(dataFile).getValue("Execute", row): null

24-10-2024T06:47:56 - [TEST_STEP][PASSED] - out.println("Value of Execute is : " + ExecuteTC): null

24-10-2024T06:47:56 - [TEST_STEP][PASSED] - if (ExecuteTC.equalsIgnoreCase("Y")): null

24-10-2024T06:47:56 - [TEST_STEP][PASSED] - out.println("Begin Record Number: " + row): null

24-10-2024T06:47:56 - [TEST_STEP][PASSED] - today = new java.util.Date(): null

24-10-2024T06:47:56 - [TEST_STEP][PASSED] - println(today): null

24-10-2024T06:47:56 - [TEST_STEP][PASSED] - datText = today: null

24-10-2024T06:47:56 - [TEST_STEP][PASSED] - EmulatorDataKey = findTestData(dataFile).getValue("EmulatorData", row): null

24-10-2024T06:47:57 - [TEST_STEP][PASSED] - out.println("Value of Emulator Key is : " + EmulatorDataKey): null

24-10-2024T06:47:57 - [TEST_STEP][PASSED] - iwpPages.emulatorIWP30.setDataEmulator_DD(EmulatorDataKey): iwpPages.emulatorIWP30.setDataEmulator_DD is PASSED

24-10-2024T06:47:57 - [MESSAGE][WARNING] - A browser is already opened. Closing browser and opening a new one

24-10-2024T06:47:57 - [MESSAGE][INFO] - Starting 'Edge Chromium' driver

24-10-2024T06:47:57 - [MESSAGE][INFO] - User set preference: ['acceptInsecureCerts', 'true']

24-10-2024T06:47:59 - [MESSAGE][INFO] - Action delay is set to 0 milliseconds

24-10-2024T06:48:04 - [MESSAGE][PASSED] - Browser is opened with url: 'https://qa2.velocitypayment.com/agencyx/config.action?action=editor&message_version=2_5'

24-10-2024T06:48:04 - [MESSAGE][PASSED] - Current window maximized

24-10-2024T06:48:35 - [MESSAGE][INFO] - Unable to find the element located by 'By.xpath: //select[@name='message_version']'. Please recheck the objects properties to make sure the desired element is located. 

24-10-2024T06:48:35 - [MESSAGE][WARNING] - [SELF-HEALING] Failed to find element with id 'Object Repository/IWP30/Page_VRelay30Emulator/MV'. Try using Self-healing.

24-10-2024T06:48:35 - [MESSAGE][WARNING] - [SELF-HEALING] The current locator of test object 'Object Repository/IWP30/Page_VRelay30Emulator/MV' was broken. Propose an alternative one: '(.//*[normalize-space(text()) and normalize-space(.)='Message Version'])[1]/following::select[1]'.

24-10-2024T06:48:36 - [MESSAGE][PASSED] - All options with value '2.5' are selected in object 'Object Repository/IWP30/Page_VRelay30Emulator/MV'  using regular expression

24-10-2024T06:48:36 - [MESSAGE][PASSED] - Text '10.50' is set on object 'Object Repository/IWP30/Page_EmulatorAgencyX/Amount'

24-10-2024T06:48:37 - [MESSAGE][PASSED] - Text 'VldDV30uqEXV' is set on object 'Object Repository/IWP30/Page_EmulatorAgencyX/CAN'

24-10-2024T06:48:38 - [MESSAGE][PASSED] - Text 'PayNow' is set on object 'Object Repository/IWP30/Page_EmulatorAgencyX/Action'

24-10-2024T06:48:38 - [MESSAGE][PASSED] - Text 'en_US' is set on object 'Object Repository/IWP30/Page_EmulatorAgencyX/Lang'

24-10-2024T06:48:39 - [MESSAGE][PASSED] - Text '' is set on object 'Object Repository/IWP30/Page_EmulatorAgencyX/Fname'

24-10-2024T06:48:39 - [MESSAGE][PASSED] - Text '' is set on object 'Object Repository/IWP30/Page_EmulatorAgencyX/Lname'

24-10-2024T06:48:40 - [MESSAGE][PASSED] - Text '' is set on object 'Object Repository/IWP30/Page_EmulatorAgencyX/AL1'

24-10-2024T06:48:41 - [MESSAGE][PASSED] - Text '' is set on object 'Object Repository/IWP30/Page_EmulatorAgencyX/AL2'

24-10-2024T06:48:41 - [MESSAGE][PASSED] - Text '' is set on object 'Object Repository/IWP30/Page_EmulatorAgencyX/Country'

24-10-2024T06:48:42 - [MESSAGE][PASSED] - Text '' is set on object 'Object Repository/IWP30/Page_EmulatorAgencyX/City'

24-10-2024T06:48:42 - [MESSAGE][PASSED] - Text '' is set on object 'Object Repository/IWP30/Page_EmulatorAgencyX/State'

24-10-2024T06:48:43 - [MESSAGE][PASSED] - Text '' is set on object 'Object Repository/IWP30/Page_EmulatorAgencyX/ZIP'

24-10-2024T06:48:43 - [MESSAGE][PASSED] - Text '' is set on object 'Object Repository/IWP30/Page_EmulatorAgencyX/Order'

24-10-2024T06:48:44 - [MESSAGE][PASSED] - Text '' is set on object 'Object Repository/IWP30/Page_EmulatorAgencyX/Company'

24-10-2024T06:48:45 - [MESSAGE][PASSED] - Text '' is set on object 'Object Repository/IWP30/Page_EmulatorAgencyX/Email'

24-10-2024T06:48:45 - [MESSAGE][PASSED] - Text '' is set on object 'Object Repository/IWP30/Page_EmulatorAgencyX/UDF1'

24-10-2024T06:48:46 - [MESSAGE][PASSED] - Text '' is set on object 'Object Repository/IWP30/Page_EmulatorAgencyX/UDF2'

24-10-2024T06:48:46 - [MESSAGE][PASSED] - Text '' is set on object 'Object Repository/IWP30/Page_EmulatorAgencyX/UDF3'

24-10-2024T06:48:47 - [MESSAGE][PASSED] - Text 'udf data 4' is set on object 'Object Repository/IWP30/Page_EmulatorAgencyX/UDF4'

24-10-2024T06:48:48 - [MESSAGE][PASSED] - Text 'udf data 5' is set on object 'Object Repository/IWP30/Page_EmulatorAgencyX/UDF5'

24-10-2024T06:48:48 - [MESSAGE][PASSED] - Text '' is set on object 'Object Repository/IWP30/Page_EmulatorAgencyX/UDF6'

24-10-2024T06:48:49 - [MESSAGE][PASSED] - Text '' is set on object 'Object Repository/IWP30/Page_EmulatorAgencyX/UDF7'

24-10-2024T06:48:49 - [MESSAGE][PASSED] - Text '' is set on object 'Object Repository/IWP30/Page_EmulatorAgencyX/UDF8'

24-10-2024T06:48:50 - [MESSAGE][PASSED] - Text 'udf data 9' is set on object 'Object Repository/IWP30/Page_EmulatorAgencyX/UDF9'

24-10-2024T06:48:51 - [MESSAGE][PASSED] - Text 'udf data 10' is set on object 'Object Repository/IWP30/Page_EmulatorAgencyX/UDF10'

24-10-2024T06:48:52 - [MESSAGE][PASSED] - Object: 'Object Repository/IWP30/Page_EmulatorAgencyX/Submit' is clicked on

24-10-2024T06:48:56 - [MESSAGE][PASSED] - Browser is closed

24-10-2024T06:49:00 - [MESSAGE][PASSED] - iwpPages.emulatorIWP30.setDataEmulator_DD is PASSED

24-10-2024T06:49:00 - [TEST_STEP][PASSED] - testHarnessURL = urlTestHarness: null

24-10-2024T06:49:00 - [TEST_STEP][PASSED] - openBrowser(testHarnessURL): Browser is opened with url: 'https://dev-algorithm.govolution.com/vrelaytest/QA2/version_2_2/vrelaytest.html'

24-10-2024T06:49:00 - [MESSAGE][INFO] - Starting 'Edge Chromium' driver

24-10-2024T06:49:00 - [MESSAGE][INFO] - User set preference: ['acceptInsecureCerts', 'true']

24-10-2024T06:49:03 - [MESSAGE][INFO] - Action delay is set to 0 milliseconds

24-10-2024T06:49:06 - [MESSAGE][PASSED] - Browser is opened with url: 'https://dev-algorithm.govolution.com/vrelaytest/QA2/version_2_2/vrelaytest.html'

24-10-2024T06:49:06 - [TEST_STEP][PASSED] - maximizeWindow(): Current window maximized

24-10-2024T06:49:06 - [MESSAGE][PASSED] - Current window maximized

24-10-2024T06:49:06 - [TEST_STEP][PASSED] - iwpPages.TestHarnessPage.setDataMethod(row, dataFile): iwpPages.TestHarnessPage.setDataMethod is PASSED

24-10-2024T06:49:07 - [MESSAGE][PASSED] - Object 'Object Repository/IWP30/Page_QATestHarness/RemittanceID' is present

24-10-2024T06:49:07 - [MESSAGE][PASSED] - Text '640' is set on object 'Object Repository/IWP30/Page_QATestHarness/ApplicationID'

24-10-2024T06:49:08 - [MESSAGE][PASSED] - Text '2.5' is set on object 'Object Repository/IWP30/Page_QATestHarness/MessageVersion'

24-10-2024T06:49:09 - [MESSAGE][PASSED] - Text 'qkTVPHqn3R7B' is set on object 'Object Repository/IWP30/Page_QATestHarness/RemittanceID'

24-10-2024T06:49:13 - [MESSAGE][PASSED] - Object: 'Object Repository/IWP30/Page_QATestHarness/SubmitButton' is clicked on

24-10-2024T06:49:13 - [MESSAGE][PASSED] - iwpPages.TestHarnessPage.setDataMethod is PASSED

24-10-2024T06:49:13 - [TEST_STEP][PASSED] - click(findTestObject("Object Repository/IWP30/Page_SelectPaymentMethod/PayByPersonalCheck")): Object: 'Object Repository/IWP30/Page_SelectPaymentMethod/PayByPersonalCheck' is clicked on

24-10-2024T06:49:14 - [MESSAGE][PASSED] - Object: 'Object Repository/IWP30/Page_SelectPaymentMethod/PayByPersonalCheck' is clicked on

24-10-2024T06:49:14 - [TEST_STEP][PASSED] - click(findTestObject("Object Repository/IWP30/Page_SelectPaymentMethod/MakePaymentButton")): Object: 'Object Repository/IWP30/Page_SelectPaymentMethod/MakePaymentButton' is clicked on

24-10-2024T06:49:16 - [MESSAGE][PASSED] - Object: 'Object Repository/IWP30/Page_SelectPaymentMethod/MakePaymentButton' is clicked on

24-10-2024T06:49:16 - [TEST_STEP][PASSED] - iwpPages.achPersonalPaymentEntryPage.setDataACHPPM(row, dataFile): iwpPages.achPersonalPaymentEntryPage.setDataACHPPM is PASSED

24-10-2024T06:49:18 - [MESSAGE][PASSED] - Object 'Object Repository/IWP30/Page_ACHPersonalPaymentEntry/txt_accountNumber' is present

24-10-2024T06:49:18 - [MESSAGE][PASSED] - Text '10.50' is set on object 'Object Repository/IWP30/Page_ACHPersonalPaymentEntry/txt_Amount'

24-10-2024T06:49:18 - [MESSAGE][PASSED] - Object 'Object Repository/IWP30/Page_ACHPersonalPaymentEntry/txt_UDF2' is present

24-10-2024T06:49:19 - [MESSAGE][PASSED] - Text 'udf data 2' is set on object 'Object Repository/IWP30/Page_ACHPersonalPaymentEntry/txt_UDF2'

24-10-2024T06:49:20 - [MESSAGE][PASSED] - Text 'udf data 3' is set on object 'Object Repository/IWP30/Page_ACHPersonalPaymentEntry/txt_UDF3'

24-10-2024T06:49:20 - [MESSAGE][PASSED] - All options with label 'Orange' are selected in object 'Object Repository/IWP30/Page_ACHPersonalPaymentEntry/dd_UDF7' 

24-10-2024T06:49:21 - [MESSAGE][PASSED] - All options with label 'Soccer' are selected in object 'Object Repository/IWP30/Page_ACHPersonalPaymentEntry/dd_UDF8' 

24-10-2024T06:49:21 - [MESSAGE][PASSED] - Object 'Object Repository/IWP30/Page_ACHPersonalPaymentEntry/txt_Firstname' is present

24-10-2024T06:49:22 - [MESSAGE][PASSED] - Text 'Elizath' is set on object 'Object Repository/IWP30/Page_ACHPersonalPaymentEntry/txt_Firstname'

24-10-2024T06:49:22 - [MESSAGE][PASSED] - Object 'Object Repository/IWP30/Page_ACHPersonalPaymentEntry/txt_Lastname' is present

24-10-2024T06:49:22 - [MESSAGE][PASSED] - Text 'Christine' is set on object 'Object Repository/IWP30/Page_ACHPersonalPaymentEntry/txt_Lastname'

24-10-2024T06:49:23 - [MESSAGE][PASSED] - Object 'Object Repository/IWP30/Page_ACHPersonalPaymentEntry/txt_routingNumber' is present

24-10-2024T06:49:23 - [MESSAGE][PASSED] - Text '256072691' is set on object 'Object Repository/IWP30/Page_ACHPersonalPaymentEntry/txt_routingNumber'

24-10-2024T06:49:24 - [MESSAGE][PASSED] - Object 'Object Repository/IWP30/Page_ACHPersonalPaymentEntry/txt_accountNumber' is present

24-10-2024T06:49:25 - [MESSAGE][PASSED] - Text '12344444' is set on object 'Object Repository/IWP30/Page_ACHPersonalPaymentEntry/txt_accountNumber'

24-10-2024T06:49:25 - [MESSAGE][PASSED] - Object 'Object Repository/IWP30/Page_ACHPersonalPaymentEntry/txt_confirmAccountNumber' is present

24-10-2024T06:49:26 - [MESSAGE][PASSED] - Text '12344444' is set on object 'Object Repository/IWP30/Page_ACHPersonalPaymentEntry/txt_confirmAccountNumber'

24-10-2024T06:49:26 - [MESSAGE][PASSED] - Object 'Object Repository/IWP30/Page_ACHPersonalPaymentEntry/rd_accountType' is present

24-10-2024T06:49:26 - [MESSAGE][PASSED] - Modify property of object successfully

24-10-2024T06:49:26 - [MESSAGE][PASSED] - Object: 'Object Repository/IWP30/Page_ACHPersonalPaymentEntry/rd_accountType' is clicked on

24-10-2024T06:49:27 - [MESSAGE][PASSED] - Text '365 Main Avenue' is set on object 'Object Repository/IWP30/Page_ACHPersonalPaymentEntry/txt_AL1'

24-10-2024T06:49:28 - [MESSAGE][PASSED] - Text '22201' is set on object 'Object Repository/IWP30/Page_ACHPersonalPaymentEntry/txt_ZIP'

24-10-2024T06:49:28 - [MESSAGE][PASSED] - Object 'Object Repository/IWP30/Page_ACHPersonalPaymentEntry/txt_Email' is present

24-10-2024T06:49:29 - [MESSAGE][PASSED] - Text 'iahmed@govolution.com' is set on object 'Object Repository/IWP30/Page_ACHPersonalPaymentEntry/txt_Email'

24-10-2024T06:49:29 - [MESSAGE][PASSED] - Object 'Object Repository/IWP30/Page_ACHPersonalPaymentEntry/cb_TermsAndCond' is present

24-10-2024T06:49:30 - [MESSAGE][PASSED] - Object: 'Object Repository/IWP30/Page_ACHPersonalPaymentEntry/cb_TermsAndCond' is clicked on

24-10-2024T06:49:30 - [MESSAGE][PASSED] - Object 'Object Repository/IWP30/Page_ACHPersonalPaymentEntry/btn_Continue' is present

24-10-2024T06:49:31 - [MESSAGE][PASSED] - Object: 'Object Repository/IWP30/Page_ACHPersonalPaymentEntry/btn_Continue' is clicked on

24-10-2024T06:49:31 - [MESSAGE][PASSED] - iwpPages.achPersonalPaymentEntryPage.setDataACHPPM is PASSED

24-10-2024T06:49:31 - [TEST_STEP][PASSED] - click(findTestObject("Object Repository/IWP30/Page_Confirmation/ConfirmButton")): Object: 'Object Repository/IWP30/Page_Confirmation/ConfirmButton' is clicked on

24-10-2024T06:49:33 - [MESSAGE][PASSED] - Object: 'Object Repository/IWP30/Page_Confirmation/ConfirmButton' is clicked on

24-10-2024T06:49:33 - [TEST_STEP][PASSED] - Thread.sleep(5000): null

24-10-2024T06:49:38 - [TEST_STEP][PASSED] - println("I am on real estate page"): null

24-10-2024T06:49:38 - [TEST_STEP][PASSED] - if (verifyTextPresent("Make a Real Estate Payment", false)): null

24-10-2024T06:49:38 - [MESSAGE][PASSED] - Text 'Make a Real Estate Payment' is present on page 

24-10-2024T06:49:38 - [TEST_STEP][PASSED] - isRequiredTextPresent = true: null

24-10-2024T06:49:38 - [TEST_STEP][PASSED] - println(isRequiredTextPresent): null

24-10-2024T06:49:38 - [TEST_STEP][PASSED] - if (isRequiredTextPresent): null

24-10-2024T06:49:38 - [TEST_STEP][PASSED] - if (verifyTextPresent("This transaction is subject to a Convenience Fees of $2.00.", false)): null

24-10-2024T06:49:39 - [MESSAGE][PASSED] - Text 'This transaction is subject to a Convenience Fees of $2.00.' is present on page 

24-10-2024T06:49:39 - [TEST_STEP][PASSED] - isRequiredTextPresent = true: null

24-10-2024T06:49:39 - [TEST_STEP][PASSED] - println(isRequiredTextPresent): null

24-10-2024T06:49:39 - [TEST_STEP][PASSED] - if (isRequiredTextPresent): null

24-10-2024T06:49:39 - [TEST_STEP][PASSED] - if (verifyTextPresent("Payment Amount:  $10.50", false)): null

24-10-2024T06:49:39 - [MESSAGE][PASSED] - Text 'Payment Amount:  $10.50' is present on page 

24-10-2024T06:49:39 - [TEST_STEP][PASSED] - isRequiredTextPresent = true: null

24-10-2024T06:49:39 - [TEST_STEP][PASSED] - if (isRequiredTextPresent): null

24-10-2024T06:49:39 - [TEST_STEP][PASSED] - if (verifyTextPresent("Convenience Fees:  $2.00", false)): null

24-10-2024T06:49:39 - [MESSAGE][PASSED] - Text 'Convenience Fees:  $2.00' is present on page 

24-10-2024T06:49:39 - [TEST_STEP][PASSED] - isRequiredTextPresent = true: null

24-10-2024T06:49:39 - [TEST_STEP][PASSED] - if (isRequiredTextPresent): null

24-10-2024T06:49:39 - [TEST_STEP][PASSED] - if (verifyTextPresent("Total Amount:  $12.50", false)): null

24-10-2024T06:49:39 - [MESSAGE][PASSED] - Text 'Total Amount:  $12.50' is present on page 

24-10-2024T06:49:39 - [TEST_STEP][PASSED] - isRequiredTextPresent = true: null

24-10-2024T06:49:39 - [TEST_STEP][PASSED] - if (isRequiredTextPresent): null

24-10-2024T06:49:39 - [TEST_STEP][PASSED] - if (verifyTextPresent("Two transactions will appear on your bank statement, one in the amount of $10.50 and one in the amount of $2.00.", false)): null

24-10-2024T06:49:40 - [MESSAGE][PASSED] - Text 'Two transactions will appear on your bank statement, one in the amount of $10.50 and one in the amount of $2.00.' is present on page 

24-10-2024T06:49:40 - [TEST_STEP][PASSED] - isRequiredTextPresent = true: null

24-10-2024T06:49:40 - [TEST_STEP][PASSED] - Thread.sleep(10000): null

24-10-2024T06:49:50 - [TEST_STEP][PASSED] - click(findTestObject("Object Repository/IWP30/Page_ConvenienceFees/btn_convFeeNotifyAction")): Object: 'Object Repository/IWP30/Page_ConvenienceFees/btn_convFeeNotifyAction' is clicked on

24-10-2024T06:49:52 - [MESSAGE][PASSED] - Object: 'Object Repository/IWP30/Page_ConvenienceFees/btn_convFeeNotifyAction' is clicked on

24-10-2024T06:49:52 - [TEST_STEP][PASSED] - Thread.sleep(10000): null

24-10-2024T06:50:02 - [TEST_STEP][PASSED] - if (verifyTextPresent("Successful Payment Receipt", false)): null

24-10-2024T06:50:02 - [MESSAGE][PASSED] - Text 'Successful Payment Receipt' is present on page 

24-10-2024T06:50:02 - [TEST_STEP][PASSED] - println("Successful Payment Receipt text is present on the Receipt page"): null

24-10-2024T06:50:02 - [TEST_STEP][PASSED] - markPassed("Successful Payment Receipt text is present on the Receipt page"): Successful Payment Receipt text is present on the Receipt page

24-10-2024T06:50:02 - [MESSAGE][PASSED] - Successful Payment Receipt text is present on the Receipt page

24-10-2024T06:50:02 - [TEST_STEP][PASSED] - resText = "Pass": null

24-10-2024T06:50:02 - [TEST_STEP][ERROR] - pages.WriteExcel.demoKey(resText, datText, resColumn, datCloumn, fileLoc, nameSheet, row): Test Cases/IntegratedWeb/IWP25/Payments/PayNowPersonalSavingsDCF FAILED.
Reason:
com.kms.katalon.core.exception.StepErrorException: org.codehaus.groovy.runtime.InvokerInvocationException: java.io.FileNotFoundException: KatalonData\IWPTestData\VRelay25Payments.xlsx (The process cannot access the file because it is being used by another process)
	at com.kms.katalon.core.main.CustomKeywordDelegatingMetaClass.throwError(CustomKeywordDelegatingMetaClass.java:101)
	at com.kms.katalon.core.main.CustomKeywordDelegatingMetaClass.invokeStaticMethod(CustomKeywordDelegatingMetaClass.java:73)
	at PayNowPersonalCheckDCF.run(PayNowPersonalCheckDCF:155)
	at com.kms.katalon.core.main.ScriptEngine.run(ScriptEngine.java:194)
	at com.kms.katalon.core.main.ScriptEngine.runScriptAsRawText(ScriptEngine.java:119)
	at com.kms.katalon.core.main.TestCaseExecutor.runScript(TestCaseExecutor.java:448)
	at com.kms.katalon.core.main.TestCaseExecutor.doExecute(TestCaseExecutor.java:439)
	at com.kms.katalon.core.main.TestCaseExecutor.processExecutionPhase(TestCaseExecutor.java:418)
	at com.kms.katalon.core.main.TestCaseExecutor.accessMainPhase(TestCaseExecutor.java:410)
	at com.kms.katalon.core.main.TestCaseExecutor.execute(TestCaseExecutor.java:285)
	at com.kms.katalon.core.common.CommonExecutor.accessTestCaseMainPhase(CommonExecutor.java:65)
	at com.kms.katalon.core.main.TestSuiteExecutor.accessTestSuiteMainPhase(TestSuiteExecutor.java:150)
	at com.kms.katalon.core.main.TestSuiteExecutor.execute(TestSuiteExecutor.java:106)
	at com.kms.katalon.core.main.TestCaseMain.startTestSuite(TestCaseMain.java:180)
	at TempTestSuite1729731001385.run(TempTestSuite1729731001385.groovy:35)
	at java.base/jdk.internal.reflect.NativeMethodAccessorImpl.invoke0(Native Method)
	at java.base/jdk.internal.reflect.NativeMethodAccessorImpl.invoke(NativeMethodAccessorImpl.java:77)
	at java.base/jdk.internal.reflect.DelegatingMethodAccessorImpl.invoke(DelegatingMethodAccessorImpl.java:43)
Caused by: org.codehaus.groovy.runtime.InvokerInvocationException: java.io.FileNotFoundException: KatalonData\IWPTestData\VRelay25Payments.xlsx (The process cannot access the file because it is being used by another process)
	at com.kms.katalon.core.main.CustomKeywordDelegatingMetaClass.invokeStaticMethod(CustomKeywordDelegatingMetaClass.java:55)
	at Script1724345169138.run(Script1724345169138.groovy:155)
	... 15 more
Caused by: java.io.FileNotFoundException: KatalonData\IWPTestData\VRelay25Payments.xlsx (The process cannot access the file because it is being used by another process)
	at pages.WriteExcel.demoKey(WriteExcel.groovy:93)
	at java.base/jdk.internal.reflect.NativeMethodAccessorImpl.invoke0(Native Method)
	at java.base/jdk.internal.reflect.NativeMethodAccessorImpl.invoke(NativeMethodAccessorImpl.java:77)
	at java.base/jdk.internal.reflect.DelegatingMethodAccessorImpl.invoke(DelegatingMethodAccessorImpl.java:43)
	at com.kms.katalon.core.main.CustomKeywordDelegatingMetaClass.invokeStaticMethod(CustomKeywordDelegatingMetaClass.java:55)
	at PayNowPersonalCheckDCF.run(PayNowPersonalCheckDCF:155)
	... 15 more


24-10-2024T06:50:02 - [MESSAGE][ERROR] - java.io.FileNotFoundException: KatalonData\IWPTestData\VRelay25Payments.xlsx (The process cannot access the file because it is being used by another process)

24-10-2024T06:50:02 - [MESSAGE][ERROR] - Test Cases/IntegratedWeb/IWP25/Payments/PayNowPersonalSavingsDCF FAILED.
Reason:
com.kms.katalon.core.exception.StepErrorException: org.codehaus.groovy.runtime.InvokerInvocationException: java.io.FileNotFoundException: KatalonData\IWPTestData\VRelay25Payments.xlsx (The process cannot access the file because it is being used by another process)
	at com.kms.katalon.core.main.CustomKeywordDelegatingMetaClass.throwError(CustomKeywordDelegatingMetaClass.java:101)
	at com.kms.katalon.core.main.CustomKeywordDelegatingMetaClass.invokeStaticMethod(CustomKeywordDelegatingMetaClass.java:73)
	at PayNowPersonalCheckDCF.run(PayNowPersonalCheckDCF:155)
	at com.kms.katalon.core.main.ScriptEngine.run(ScriptEngine.java:194)
	at com.kms.katalon.core.main.ScriptEngine.runScriptAsRawText(ScriptEngine.java:119)
	at com.kms.katalon.core.main.TestCaseExecutor.runScript(TestCaseExecutor.java:448)
	at com.kms.katalon.core.main.TestCaseExecutor.doExecute(TestCaseExecutor.java:439)
	at com.kms.katalon.core.main.TestCaseExecutor.processExecutionPhase(TestCaseExecutor.java:418)
	at com.kms.katalon.core.main.TestCaseExecutor.accessMainPhase(TestCaseExecutor.java:410)
	at com.kms.katalon.core.main.TestCaseExecutor.execute(TestCaseExecutor.java:285)
	at com.kms.katalon.core.common.CommonExecutor.accessTestCaseMainPhase(CommonExecutor.java:65)
	at com.kms.katalon.core.main.TestSuiteExecutor.accessTestSuiteMainPhase(TestSuiteExecutor.java:150)
	at com.kms.katalon.core.main.TestSuiteExecutor.execute(TestSuiteExecutor.java:106)
	at com.kms.katalon.core.main.TestCaseMain.startTestSuite(TestCaseMain.java:180)
	at TempTestSuite1729731001385.run(TempTestSuite1729731001385.groovy:35)
	at java.base/jdk.internal.reflect.NativeMethodAccessorImpl.invoke0(Native Method)
	at java.base/jdk.internal.reflect.NativeMethodAccessorImpl.invoke(NativeMethodAccessorImpl.java:77)
	at java.base/jdk.internal.reflect.DelegatingMethodAccessorImpl.invoke(DelegatingMethodAccessorImpl.java:43)
Caused by: org.codehaus.groovy.runtime.InvokerInvocationException: java.io.FileNotFoundException: KatalonData\IWPTestData\VRelay25Payments.xlsx (The process cannot access the file because it is being used by another process)
	at com.kms.katalon.core.main.CustomKeywordDelegatingMetaClass.invokeStaticMethod(CustomKeywordDelegatingMetaClass.java:55)
	at Script1724345169138.run(Script1724345169138.groovy:155)
	... 15 more
Caused by: java.io.FileNotFoundException: KatalonData\IWPTestData\VRelay25Payments.xlsx (The process cannot access the file because it is being used by another process)
	at pages.WriteExcel.demoKey(WriteExcel.groovy:93)
	at java.base/jdk.internal.reflect.NativeMethodAccessorImpl.invoke0(Native Method)
	at java.base/jdk.internal.reflect.NativeMethodAccessorImpl.invoke(NativeMethodAccessorImpl.java:77)
	at java.base/jdk.internal.reflect.DelegatingMethodAccessorImpl.invoke(DelegatingMethodAccessorImpl.java:43)
	at com.kms.katalon.core.main.CustomKeywordDelegatingMetaClass.invokeStaticMethod(CustomKeywordDelegatingMetaClass.java:55)
	at PayNowPersonalCheckDCF.run(PayNowPersonalCheckDCF:155)
	... 15 more]]></system-out>
         <system-err><![CDATA[24-10-2024T06:47:56 - [TEST_CASE][ERROR] - Test Cases/IntegratedWeb/IWP25/Payments/PayNowPersonalSavingsDCF: Test Cases/IntegratedWeb/IWP25/Payments/PayNowPersonalSavingsDCF FAILED.
Reason:
org.codehaus.groovy.runtime.InvokerInvocationException: java.io.FileNotFoundException: KatalonData\IWPTestData\VRelay25Payments.xlsx (The process cannot access the file because it is being used by another process)
	at com.kms.katalon.core.main.CustomKeywordDelegatingMetaClass.invokeStaticMethod(CustomKeywordDelegatingMetaClass.java:55)
	at PayNowPersonalCheckDCF.run(PayNowPersonalCheckDCF:155)
	at com.kms.katalon.core.main.ScriptEngine.run(ScriptEngine.java:194)
	at com.kms.katalon.core.main.ScriptEngine.runScriptAsRawText(ScriptEngine.java:119)
	at com.kms.katalon.core.main.TestCaseExecutor.runScript(TestCaseExecutor.java:448)
	at com.kms.katalon.core.main.TestCaseExecutor.doExecute(TestCaseExecutor.java:439)
	at com.kms.katalon.core.main.TestCaseExecutor.processExecutionPhase(TestCaseExecutor.java:418)
	at com.kms.katalon.core.main.TestCaseExecutor.accessMainPhase(TestCaseExecutor.java:410)
	at com.kms.katalon.core.main.TestCaseExecutor.execute(TestCaseExecutor.java:285)
	at com.kms.katalon.core.common.CommonExecutor.accessTestCaseMainPhase(CommonExecutor.java:65)
	at com.kms.katalon.core.main.TestSuiteExecutor.accessTestSuiteMainPhase(TestSuiteExecutor.java:150)
	at com.kms.katalon.core.main.TestSuiteExecutor.execute(TestSuiteExecutor.java:106)
	at com.kms.katalon.core.main.TestCaseMain.startTestSuite(TestCaseMain.java:180)
	at TempTestSuite1729731001385.run(TempTestSuite1729731001385.groovy:35)
	at java.base/jdk.internal.reflect.NativeMethodAccessorImpl.invoke0(Native Method)
	at java.base/jdk.internal.reflect.NativeMethodAccessorImpl.invoke(NativeMethodAccessorImpl.java:77)
	at java.base/jdk.internal.reflect.DelegatingMethodAccessorImpl.invoke(DelegatingMethodAccessorImpl.java:43)
Caused by: java.io.FileNotFoundException: KatalonData\IWPTestData\VRelay25Payments.xlsx (The process cannot access the file because it is being used by another process)
	at pages.WriteExcel.demoKey(WriteExcel.groovy:93)
	at java.base/jdk.internal.reflect.NativeMethodAccessorImpl.invoke0(Native Method)
	at java.base/jdk.internal.reflect.NativeMethodAccessorImpl.invoke(NativeMethodAccessorImpl.java:77)
	at java.base/jdk.internal.reflect.DelegatingMethodAccessorImpl.invoke(DelegatingMethodAccessorImpl.java:43)
	... 17 more]]></system-err>
      </testcase>
      <testcase name="Test Cases/IntegratedWeb/IWP25/Payments/PayNowPersonalSavingsSCF" time="123.976" classname="Test Cases/IntegratedWeb/IWP25/Payments/PayNowPersonalSavingsSCF" status="ERROR">
         <error type="ERROR" message="Test Cases/IntegratedWeb/IWP25/Payments/PayNowPersonalSavingsSCF FAILED.&#xa;Reason:&#xa;org.codehaus.groovy.runtime.InvokerInvocationException: java.io.FileNotFoundException: KatalonData\IWPTestData\VRelay25Payments.xlsx (The process cannot access the file because it is being used by another process)&#xa;	at com.kms.katalon.core.main.CustomKeywordDelegatingMetaClass.invokeStaticMethod(CustomKeywordDelegatingMetaClass.java:55)&#xa;	at PayNowPersonalSavingsSCF.run(PayNowPersonalSavingsSCF:157)&#xa;	at com.kms.katalon.core.main.ScriptEngine.run(ScriptEngine.java:194)&#xa;	at com.kms.katalon.core.main.ScriptEngine.runScriptAsRawText(ScriptEngine.java:119)&#xa;	at com.kms.katalon.core.main.TestCaseExecutor.runScript(TestCaseExecutor.java:448)&#xa;	at com.kms.katalon.core.main.TestCaseExecutor.doExecute(TestCaseExecutor.java:439)&#xa;	at com.kms.katalon.core.main.TestCaseExecutor.processExecutionPhase(TestCaseExecutor.java:418)&#xa;	at com.kms.katalon.core.main.TestCaseExecutor.accessMainPhase(TestCaseExecutor.java:410)&#xa;	at com.kms.katalon.core.main.TestCaseExecutor.execute(TestCaseExecutor.java:285)&#xa;	at com.kms.katalon.core.common.CommonExecutor.accessTestCaseMainPhase(CommonExecutor.java:65)&#xa;	at com.kms.katalon.core.main.TestSuiteExecutor.accessTestSuiteMainPhase(TestSuiteExecutor.java:150)&#xa;	at com.kms.katalon.core.main.TestSuiteExecutor.execute(TestSuiteExecutor.java:106)&#xa;	at com.kms.katalon.core.main.TestCaseMain.startTestSuite(TestCaseMain.java:180)&#xa;	at TempTestSuite1729731001385.run(TempTestSuite1729731001385.groovy:35)&#xa;	at java.base/jdk.internal.reflect.NativeMethodAccessorImpl.invoke0(Native Method)&#xa;	at java.base/jdk.internal.reflect.NativeMethodAccessorImpl.invoke(NativeMethodAccessorImpl.java:77)&#xa;	at java.base/jdk.internal.reflect.DelegatingMethodAccessorImpl.invoke(DelegatingMethodAccessorImpl.java:43)&#xa;Caused by: java.io.FileNotFoundException: KatalonData\IWPTestData\VRelay25Payments.xlsx (The process cannot access the file because it is being used by another process)&#xa;	at pages.WriteExcel.demoKey(WriteExcel.groovy:93)&#xa;	at jdk.internal.reflect.GeneratedMethodAccessor43.invoke(Unknown Source)&#xa;	at java.base/jdk.internal.reflect.DelegatingMethodAccessorImpl.invoke(DelegatingMethodAccessorImpl.java:43)&#xa;	... 17 more&#xa;"/>
         <system-out><![CDATA[24-10-2024T06:50:02 - [TEST_CASE][ERROR] - Test Cases/IntegratedWeb/IWP25/Payments/PayNowPersonalSavingsSCF: Test Cases/IntegratedWeb/IWP25/Payments/PayNowPersonalSavingsSCF FAILED.
Reason:
org.codehaus.groovy.runtime.InvokerInvocationException: java.io.FileNotFoundException: KatalonData\IWPTestData\VRelay25Payments.xlsx (The process cannot access the file because it is being used by another process)
	at com.kms.katalon.core.main.CustomKeywordDelegatingMetaClass.invokeStaticMethod(CustomKeywordDelegatingMetaClass.java:55)
	at PayNowPersonalSavingsSCF.run(PayNowPersonalSavingsSCF:157)
	at com.kms.katalon.core.main.ScriptEngine.run(ScriptEngine.java:194)
	at com.kms.katalon.core.main.ScriptEngine.runScriptAsRawText(ScriptEngine.java:119)
	at com.kms.katalon.core.main.TestCaseExecutor.runScript(TestCaseExecutor.java:448)
	at com.kms.katalon.core.main.TestCaseExecutor.doExecute(TestCaseExecutor.java:439)
	at com.kms.katalon.core.main.TestCaseExecutor.processExecutionPhase(TestCaseExecutor.java:418)
	at com.kms.katalon.core.main.TestCaseExecutor.accessMainPhase(TestCaseExecutor.java:410)
	at com.kms.katalon.core.main.TestCaseExecutor.execute(TestCaseExecutor.java:285)
	at com.kms.katalon.core.common.CommonExecutor.accessTestCaseMainPhase(CommonExecutor.java:65)
	at com.kms.katalon.core.main.TestSuiteExecutor.accessTestSuiteMainPhase(TestSuiteExecutor.java:150)
	at com.kms.katalon.core.main.TestSuiteExecutor.execute(TestSuiteExecutor.java:106)
	at com.kms.katalon.core.main.TestCaseMain.startTestSuite(TestCaseMain.java:180)
	at TempTestSuite1729731001385.run(TempTestSuite1729731001385.groovy:35)
	at java.base/jdk.internal.reflect.NativeMethodAccessorImpl.invoke0(Native Method)
	at java.base/jdk.internal.reflect.NativeMethodAccessorImpl.invoke(NativeMethodAccessorImpl.java:77)
	at java.base/jdk.internal.reflect.DelegatingMethodAccessorImpl.invoke(DelegatingMethodAccessorImpl.java:43)
Caused by: java.io.FileNotFoundException: KatalonData\IWPTestData\VRelay25Payments.xlsx (The process cannot access the file because it is being used by another process)
	at pages.WriteExcel.demoKey(WriteExcel.groovy:93)
	at jdk.internal.reflect.GeneratedMethodAccessor43.invoke(Unknown Source)
	at java.base/jdk.internal.reflect.DelegatingMethodAccessorImpl.invoke(DelegatingMethodAccessorImpl.java:43)
	... 17 more


24-10-2024T06:50:02 - [TEST_STEP][PASSED] - resText = "Fail": null

24-10-2024T06:50:02 - [TEST_STEP][PASSED] - resColumn = "Result": null

24-10-2024T06:50:02 - [TEST_STEP][PASSED] - datCloumn = "Date": null

24-10-2024T06:50:02 - [TEST_STEP][PASSED] - fileLoc = "KatalonData/IWPTestData/VRelay25Payments.xlsx": null

24-10-2024T06:50:02 - [TEST_STEP][PASSED] - numOfRows = <not implemented yet for class: org.codehaus.groovy.ast.expr.EmptyExpression>: null

24-10-2024T06:50:02 - [TEST_STEP][PASSED] - dataFile = <not implemented yet for class: org.codehaus.groovy.ast.expr.EmptyExpression>: null

24-10-2024T06:50:02 - [TEST_STEP][PASSED] - nameSheet = <not implemented yet for class: org.codehaus.groovy.ast.expr.EmptyExpression>: null

24-10-2024T06:50:02 - [TEST_STEP][PASSED] - dataFileEmulator = <not implemented yet for class: org.codehaus.groovy.ast.expr.EmptyExpression>: null

24-10-2024T06:50:02 - [TEST_STEP][PASSED] - isRequiredTextPresent = false: null

24-10-2024T06:50:02 - [TEST_STEP][PASSED] - nameSheet = "PayNowPersonalSavingsSCF": null

24-10-2024T06:50:02 - [TEST_STEP][PASSED] - dataFile = "IWPTestData/IWP25PayNowPersonalSavingsSCF": null

24-10-2024T06:50:02 - [TEST_STEP][PASSED] - dataFileEmulator = "IWPTestData/EmulatorData": null

24-10-2024T06:50:02 - [TEST_STEP][PASSED] - numOfRows = findTestData(dataFile).getRowNumbers(): null

24-10-2024T06:50:02 - [TEST_STEP][PASSED] - println("Number of Records: " + numOfRows): null

24-10-2024T06:50:02 - [TEST_STEP][PASSED] - for ([row = 1, row <= numOfRows, (row++)]): null

24-10-2024T06:50:02 - [TEST_STEP][PASSED] - ExecuteTC = findTestData(dataFile).getValue("Execute", row): null

24-10-2024T06:50:02 - [TEST_STEP][PASSED] - out.println("Value of Execute is : " + ExecuteTC): null

24-10-2024T06:50:02 - [TEST_STEP][PASSED] - if (ExecuteTC.equalsIgnoreCase("Y")): null

24-10-2024T06:50:02 - [TEST_STEP][PASSED] - out.println("Begin Record Number: " + row): null

24-10-2024T06:50:02 - [TEST_STEP][PASSED] - today = new java.util.Date(): null

24-10-2024T06:50:02 - [TEST_STEP][PASSED] - println(today): null

24-10-2024T06:50:02 - [TEST_STEP][PASSED] - datText = today: null

24-10-2024T06:50:02 - [TEST_STEP][PASSED] - EmulatorDataKey = findTestData(dataFile).getValue("EmulatorData", row): null

24-10-2024T06:50:02 - [TEST_STEP][PASSED] - out.println("Value of Emulator Key is : " + EmulatorDataKey): null

24-10-2024T06:50:02 - [TEST_STEP][PASSED] - iwpPages.emulatorIWP30.setDataEmulator_DD(EmulatorDataKey): iwpPages.emulatorIWP30.setDataEmulator_DD is PASSED

24-10-2024T06:50:03 - [MESSAGE][WARNING] - A browser is already opened. Closing browser and opening a new one

24-10-2024T06:50:03 - [MESSAGE][INFO] - Starting 'Edge Chromium' driver

24-10-2024T06:50:03 - [MESSAGE][INFO] - User set preference: ['acceptInsecureCerts', 'true']

24-10-2024T06:50:05 - [MESSAGE][INFO] - Action delay is set to 0 milliseconds

24-10-2024T06:50:09 - [MESSAGE][PASSED] - Browser is opened with url: 'https://qa2.velocitypayment.com/agencyx/config.action?action=editor&message_version=2_5'

24-10-2024T06:50:09 - [MESSAGE][PASSED] - Current window maximized

24-10-2024T06:50:40 - [MESSAGE][INFO] - Unable to find the element located by 'By.xpath: //select[@name='message_version']'. Please recheck the objects properties to make sure the desired element is located. 

24-10-2024T06:50:40 - [MESSAGE][WARNING] - [SELF-HEALING] Failed to find element with id 'Object Repository/IWP30/Page_VRelay30Emulator/MV'. Try using Self-healing.

24-10-2024T06:50:41 - [MESSAGE][WARNING] - [SELF-HEALING] The current locator of test object 'Object Repository/IWP30/Page_VRelay30Emulator/MV' was broken. Propose an alternative one: '(.//*[normalize-space(text()) and normalize-space(.)='Message Version'])[1]/following::select[1]'.

24-10-2024T06:50:41 - [MESSAGE][PASSED] - All options with value '2.5' are selected in object 'Object Repository/IWP30/Page_VRelay30Emulator/MV'  using regular expression

24-10-2024T06:50:42 - [MESSAGE][PASSED] - Text '10.50' is set on object 'Object Repository/IWP30/Page_EmulatorAgencyX/Amount'

24-10-2024T06:50:42 - [MESSAGE][PASSED] - Text 'y8YvxqODloJy' is set on object 'Object Repository/IWP30/Page_EmulatorAgencyX/CAN'

24-10-2024T06:50:43 - [MESSAGE][PASSED] - Text 'PayNow' is set on object 'Object Repository/IWP30/Page_EmulatorAgencyX/Action'

24-10-2024T06:50:44 - [MESSAGE][PASSED] - Text 'en_US' is set on object 'Object Repository/IWP30/Page_EmulatorAgencyX/Lang'

24-10-2024T06:50:44 - [MESSAGE][PASSED] - Text '' is set on object 'Object Repository/IWP30/Page_EmulatorAgencyX/Fname'

24-10-2024T06:50:45 - [MESSAGE][PASSED] - Text '' is set on object 'Object Repository/IWP30/Page_EmulatorAgencyX/Lname'

24-10-2024T06:50:45 - [MESSAGE][PASSED] - Text '' is set on object 'Object Repository/IWP30/Page_EmulatorAgencyX/AL1'

24-10-2024T06:50:46 - [MESSAGE][PASSED] - Text '' is set on object 'Object Repository/IWP30/Page_EmulatorAgencyX/AL2'

24-10-2024T06:50:46 - [MESSAGE][PASSED] - Text '' is set on object 'Object Repository/IWP30/Page_EmulatorAgencyX/Country'

24-10-2024T06:50:47 - [MESSAGE][PASSED] - Text '' is set on object 'Object Repository/IWP30/Page_EmulatorAgencyX/City'

24-10-2024T06:50:48 - [MESSAGE][PASSED] - Text '' is set on object 'Object Repository/IWP30/Page_EmulatorAgencyX/State'

24-10-2024T06:50:48 - [MESSAGE][PASSED] - Text '' is set on object 'Object Repository/IWP30/Page_EmulatorAgencyX/ZIP'

24-10-2024T06:50:49 - [MESSAGE][PASSED] - Text '' is set on object 'Object Repository/IWP30/Page_EmulatorAgencyX/Order'

24-10-2024T06:50:49 - [MESSAGE][PASSED] - Text '' is set on object 'Object Repository/IWP30/Page_EmulatorAgencyX/Company'

24-10-2024T06:50:50 - [MESSAGE][PASSED] - Text '' is set on object 'Object Repository/IWP30/Page_EmulatorAgencyX/Email'

24-10-2024T06:50:50 - [MESSAGE][PASSED] - Text '' is set on object 'Object Repository/IWP30/Page_EmulatorAgencyX/UDF1'

24-10-2024T06:50:51 - [MESSAGE][PASSED] - Text '' is set on object 'Object Repository/IWP30/Page_EmulatorAgencyX/UDF2'

24-10-2024T06:50:52 - [MESSAGE][PASSED] - Text '' is set on object 'Object Repository/IWP30/Page_EmulatorAgencyX/UDF3'

24-10-2024T06:50:52 - [MESSAGE][PASSED] - Text 'udf data 4' is set on object 'Object Repository/IWP30/Page_EmulatorAgencyX/UDF4'

24-10-2024T06:50:53 - [MESSAGE][PASSED] - Text 'udf data 5' is set on object 'Object Repository/IWP30/Page_EmulatorAgencyX/UDF5'

24-10-2024T06:50:53 - [MESSAGE][PASSED] - Text '' is set on object 'Object Repository/IWP30/Page_EmulatorAgencyX/UDF6'

24-10-2024T06:50:54 - [MESSAGE][PASSED] - Text '' is set on object 'Object Repository/IWP30/Page_EmulatorAgencyX/UDF7'

24-10-2024T06:50:55 - [MESSAGE][PASSED] - Text '' is set on object 'Object Repository/IWP30/Page_EmulatorAgencyX/UDF8'

24-10-2024T06:50:55 - [MESSAGE][PASSED] - Text 'udf data 9' is set on object 'Object Repository/IWP30/Page_EmulatorAgencyX/UDF9'

24-10-2024T06:50:56 - [MESSAGE][PASSED] - Text 'udf data 10' is set on object 'Object Repository/IWP30/Page_EmulatorAgencyX/UDF10'

24-10-2024T06:50:57 - [MESSAGE][PASSED] - Object: 'Object Repository/IWP30/Page_EmulatorAgencyX/Submit' is clicked on

24-10-2024T06:51:02 - [MESSAGE][PASSED] - Browser is closed

24-10-2024T06:51:06 - [MESSAGE][PASSED] - iwpPages.emulatorIWP30.setDataEmulator_DD is PASSED

24-10-2024T06:51:06 - [TEST_STEP][PASSED] - testHarnessURL = urlTestHarness: null

24-10-2024T06:51:06 - [TEST_STEP][PASSED] - openBrowser(testHarnessURL): Browser is opened with url: 'https://dev-algorithm.govolution.com/vrelaytest/QA2/version_2_2/vrelaytest.html'

24-10-2024T06:51:06 - [MESSAGE][INFO] - Starting 'Edge Chromium' driver

24-10-2024T06:51:06 - [MESSAGE][INFO] - User set preference: ['acceptInsecureCerts', 'true']

24-10-2024T06:51:08 - [MESSAGE][INFO] - Action delay is set to 0 milliseconds

24-10-2024T06:51:11 - [MESSAGE][PASSED] - Browser is opened with url: 'https://dev-algorithm.govolution.com/vrelaytest/QA2/version_2_2/vrelaytest.html'

24-10-2024T06:51:11 - [TEST_STEP][PASSED] - maximizeWindow(): Current window maximized

24-10-2024T06:51:11 - [MESSAGE][PASSED] - Current window maximized

24-10-2024T06:51:11 - [TEST_STEP][PASSED] - iwpPages.TestHarnessPage.setDataMethod(row, dataFile): iwpPages.TestHarnessPage.setDataMethod is PASSED

24-10-2024T06:51:12 - [MESSAGE][PASSED] - Object 'Object Repository/IWP30/Page_QATestHarness/RemittanceID' is present

24-10-2024T06:51:12 - [MESSAGE][PASSED] - Text '639' is set on object 'Object Repository/IWP30/Page_QATestHarness/ApplicationID'

24-10-2024T06:51:13 - [MESSAGE][PASSED] - Text '2.5' is set on object 'Object Repository/IWP30/Page_QATestHarness/MessageVersion'

24-10-2024T06:51:14 - [MESSAGE][PASSED] - Text 'Kplm5B21B1Hd' is set on object 'Object Repository/IWP30/Page_QATestHarness/RemittanceID'

24-10-2024T06:51:17 - [MESSAGE][PASSED] - Object: 'Object Repository/IWP30/Page_QATestHarness/SubmitButton' is clicked on

24-10-2024T06:51:17 - [MESSAGE][PASSED] - iwpPages.TestHarnessPage.setDataMethod is PASSED

24-10-2024T06:51:17 - [TEST_STEP][PASSED] - click(findTestObject("Object Repository/IWP30/Page_SelectPaymentMethod/PayByPersonalCheck")): Object: 'Object Repository/IWP30/Page_SelectPaymentMethod/PayByPersonalCheck' is clicked on

24-10-2024T06:51:17 - [MESSAGE][PASSED] - Object: 'Object Repository/IWP30/Page_SelectPaymentMethod/PayByPersonalCheck' is clicked on

24-10-2024T06:51:17 - [TEST_STEP][PASSED] - click(findTestObject("Object Repository/IWP30/Page_SelectPaymentMethod/MakePaymentButton")): Object: 'Object Repository/IWP30/Page_SelectPaymentMethod/MakePaymentButton' is clicked on

24-10-2024T06:51:20 - [MESSAGE][PASSED] - Object: 'Object Repository/IWP30/Page_SelectPaymentMethod/MakePaymentButton' is clicked on

24-10-2024T06:51:20 - [TEST_STEP][PASSED] - iwpPages.achPersonalPaymentEntryPage.setDataACHPPM(row, dataFile): iwpPages.achPersonalPaymentEntryPage.setDataACHPPM is PASSED

24-10-2024T06:51:21 - [MESSAGE][PASSED] - Object 'Object Repository/IWP30/Page_ACHPersonalPaymentEntry/txt_accountNumber' is present

24-10-2024T06:51:22 - [MESSAGE][PASSED] - Text '10.50' is set on object 'Object Repository/IWP30/Page_ACHPersonalPaymentEntry/txt_Amount'

24-10-2024T06:51:22 - [MESSAGE][PASSED] - Object 'Object Repository/IWP30/Page_ACHPersonalPaymentEntry/txt_UDF2' is present

24-10-2024T06:51:23 - [MESSAGE][PASSED] - Text 'udf data 2' is set on object 'Object Repository/IWP30/Page_ACHPersonalPaymentEntry/txt_UDF2'

24-10-2024T06:51:23 - [MESSAGE][PASSED] - Text 'udf data 3' is set on object 'Object Repository/IWP30/Page_ACHPersonalPaymentEntry/txt_UDF3'

24-10-2024T06:51:24 - [MESSAGE][PASSED] - All options with label 'Orange' are selected in object 'Object Repository/IWP30/Page_ACHPersonalPaymentEntry/dd_UDF7' 

24-10-2024T06:51:24 - [MESSAGE][PASSED] - All options with label 'Soccer' are selected in object 'Object Repository/IWP30/Page_ACHPersonalPaymentEntry/dd_UDF8' 

24-10-2024T06:51:25 - [MESSAGE][PASSED] - Object 'Object Repository/IWP30/Page_ACHPersonalPaymentEntry/txt_Firstname' is present

24-10-2024T06:51:25 - [MESSAGE][PASSED] - Text 'Elizath' is set on object 'Object Repository/IWP30/Page_ACHPersonalPaymentEntry/txt_Firstname'

24-10-2024T06:51:26 - [MESSAGE][PASSED] - Object 'Object Repository/IWP30/Page_ACHPersonalPaymentEntry/txt_Lastname' is present

24-10-2024T06:51:26 - [MESSAGE][PASSED] - Text 'Christine' is set on object 'Object Repository/IWP30/Page_ACHPersonalPaymentEntry/txt_Lastname'

24-10-2024T06:51:26 - [MESSAGE][PASSED] - Object 'Object Repository/IWP30/Page_ACHPersonalPaymentEntry/txt_routingNumber' is present

24-10-2024T06:51:27 - [MESSAGE][PASSED] - Text '256072691' is set on object 'Object Repository/IWP30/Page_ACHPersonalPaymentEntry/txt_routingNumber'

24-10-2024T06:51:27 - [MESSAGE][PASSED] - Object 'Object Repository/IWP30/Page_ACHPersonalPaymentEntry/txt_accountNumber' is present

24-10-2024T06:51:29 - [MESSAGE][PASSED] - Text '12344444' is set on object 'Object Repository/IWP30/Page_ACHPersonalPaymentEntry/txt_accountNumber'

24-10-2024T06:51:29 - [MESSAGE][PASSED] - Object 'Object Repository/IWP30/Page_ACHPersonalPaymentEntry/txt_confirmAccountNumber' is present

24-10-2024T06:51:30 - [MESSAGE][PASSED] - Text '12344444' is set on object 'Object Repository/IWP30/Page_ACHPersonalPaymentEntry/txt_confirmAccountNumber'

24-10-2024T06:51:30 - [MESSAGE][PASSED] - Object 'Object Repository/IWP30/Page_ACHPersonalPaymentEntry/rd_accountType' is present

24-10-2024T06:51:30 - [MESSAGE][PASSED] - Modify property of object successfully

24-10-2024T06:51:30 - [MESSAGE][PASSED] - Object: 'Object Repository/IWP30/Page_ACHPersonalPaymentEntry/rd_accountType' is clicked on

24-10-2024T06:51:31 - [MESSAGE][PASSED] - Text '365 Main Avenue' is set on object 'Object Repository/IWP30/Page_ACHPersonalPaymentEntry/txt_AL1'

24-10-2024T06:51:32 - [MESSAGE][PASSED] - Text '22201' is set on object 'Object Repository/IWP30/Page_ACHPersonalPaymentEntry/txt_ZIP'

24-10-2024T06:51:32 - [MESSAGE][PASSED] - Object 'Object Repository/IWP30/Page_ACHPersonalPaymentEntry/txt_Email' is present

24-10-2024T06:51:33 - [MESSAGE][PASSED] - Text 'iahmed@govolution.com' is set on object 'Object Repository/IWP30/Page_ACHPersonalPaymentEntry/txt_Email'

24-10-2024T06:51:34 - [MESSAGE][PASSED] - Object 'Object Repository/IWP30/Page_ACHPersonalPaymentEntry/cb_TermsAndCond' is present

24-10-2024T06:51:34 - [MESSAGE][PASSED] - Object: 'Object Repository/IWP30/Page_ACHPersonalPaymentEntry/cb_TermsAndCond' is clicked on

24-10-2024T06:51:34 - [MESSAGE][PASSED] - Object 'Object Repository/IWP30/Page_ACHPersonalPaymentEntry/btn_Continue' is present

24-10-2024T06:51:35 - [MESSAGE][PASSED] - Object: 'Object Repository/IWP30/Page_ACHPersonalPaymentEntry/btn_Continue' is clicked on

24-10-2024T06:51:35 - [MESSAGE][PASSED] - iwpPages.achPersonalPaymentEntryPage.setDataACHPPM is PASSED

24-10-2024T06:51:35 - [TEST_STEP][PASSED] - click(findTestObject("Object Repository/IWP30/Page_Confirmation/ConfirmButton")): Object: 'Object Repository/IWP30/Page_Confirmation/ConfirmButton' is clicked on

24-10-2024T06:51:37 - [MESSAGE][PASSED] - Object: 'Object Repository/IWP30/Page_Confirmation/ConfirmButton' is clicked on

24-10-2024T06:51:37 - [TEST_STEP][PASSED] - Thread.sleep(5000): null

24-10-2024T06:51:42 - [TEST_STEP][PASSED] - if (verifyTextPresent("Make a Real Estate Payment", false)): null

24-10-2024T06:51:42 - [MESSAGE][PASSED] - Text 'Make a Real Estate Payment' is present on page 

24-10-2024T06:51:42 - [TEST_STEP][PASSED] - isRequiredTextPresent = true: null

24-10-2024T06:51:42 - [TEST_STEP][PASSED] - println(isRequiredTextPresent): null

24-10-2024T06:51:42 - [TEST_STEP][PASSED] - if (isRequiredTextPresent): null

24-10-2024T06:51:42 - [TEST_STEP][PASSED] - if (verifyTextPresent("This transaction is subject to a Convenience Fees of $2.00.", false)): null

24-10-2024T06:51:43 - [MESSAGE][PASSED] - Text 'This transaction is subject to a Convenience Fees of $2.00.' is present on page 

24-10-2024T06:51:43 - [TEST_STEP][PASSED] - isRequiredTextPresent = true: null

24-10-2024T06:51:43 - [TEST_STEP][PASSED] - println(isRequiredTextPresent): null

24-10-2024T06:51:43 - [TEST_STEP][PASSED] - if (isRequiredTextPresent): null

24-10-2024T06:51:43 - [TEST_STEP][PASSED] - if (verifyTextPresent("Payment Amount:  $10.50", false)): null

24-10-2024T06:51:43 - [MESSAGE][PASSED] - Text 'Payment Amount:  $10.50' is present on page 

24-10-2024T06:51:43 - [TEST_STEP][PASSED] - isRequiredTextPresent = true: null

24-10-2024T06:51:43 - [TEST_STEP][PASSED] - if (isRequiredTextPresent): null

24-10-2024T06:51:43 - [TEST_STEP][PASSED] - if (verifyTextPresent("Convenience Fees:  $2.00", false)): null

24-10-2024T06:51:43 - [MESSAGE][PASSED] - Text 'Convenience Fees:  $2.00' is present on page 

24-10-2024T06:51:43 - [TEST_STEP][PASSED] - isRequiredTextPresent = true: null

24-10-2024T06:51:43 - [TEST_STEP][PASSED] - if (isRequiredTextPresent): null

24-10-2024T06:51:43 - [TEST_STEP][PASSED] - if (verifyTextPresent("Total Amount:  $12.50", false)): null

24-10-2024T06:51:43 - [MESSAGE][PASSED] - Text 'Total Amount:  $12.50' is present on page 

24-10-2024T06:51:43 - [TEST_STEP][PASSED] - isRequiredTextPresent = true: null

24-10-2024T06:51:43 - [TEST_STEP][PASSED] - if (isRequiredTextPresent): null

24-10-2024T06:51:43 - [TEST_STEP][PASSED] - if (verifyTextPresent("One transaction in the amount of $12.50 will appear on your bank statement.", false)): null

24-10-2024T06:51:44 - [MESSAGE][PASSED] - Text 'One transaction in the amount of $12.50 will appear on your bank statement.' is present on page 

24-10-2024T06:51:44 - [TEST_STEP][PASSED] - isRequiredTextPresent = true: null

24-10-2024T06:51:44 - [TEST_STEP][PASSED] - Thread.sleep(10000): null

24-10-2024T06:51:54 - [TEST_STEP][PASSED] - click(findTestObject("Object Repository/IWP30/Page_ConvenienceFees/btn_convFeeNotifyAction")): Object: 'Object Repository/IWP30/Page_ConvenienceFees/btn_convFeeNotifyAction' is clicked on

24-10-2024T06:51:56 - [MESSAGE][PASSED] - Object: 'Object Repository/IWP30/Page_ConvenienceFees/btn_convFeeNotifyAction' is clicked on

24-10-2024T06:51:56 - [TEST_STEP][PASSED] - Thread.sleep(10000): null

24-10-2024T06:52:06 - [TEST_STEP][PASSED] - if (verifyTextPresent("Successful Payment Receipt", false)): null

24-10-2024T06:52:06 - [MESSAGE][PASSED] - Text 'Successful Payment Receipt' is present on page 

24-10-2024T06:52:06 - [TEST_STEP][PASSED] - println("Successful Payment Receipt text is present on the Receipt page"): null

24-10-2024T06:52:06 - [TEST_STEP][PASSED] - markPassed("Successful Payment Receipt text is present on the Receipt page"): Successful Payment Receipt text is present on the Receipt page

24-10-2024T06:52:06 - [MESSAGE][PASSED] - Successful Payment Receipt text is present on the Receipt page

24-10-2024T06:52:06 - [TEST_STEP][PASSED] - resText = "Pass": null

24-10-2024T06:52:06 - [TEST_STEP][ERROR] - pages.WriteExcel.demoKey(resText, datText, resColumn, datCloumn, fileLoc, nameSheet, row): Test Cases/IntegratedWeb/IWP25/Payments/PayNowPersonalSavingsSCF FAILED.
Reason:
com.kms.katalon.core.exception.StepErrorException: org.codehaus.groovy.runtime.InvokerInvocationException: java.io.FileNotFoundException: KatalonData\IWPTestData\VRelay25Payments.xlsx (The process cannot access the file because it is being used by another process)
	at com.kms.katalon.core.main.CustomKeywordDelegatingMetaClass.throwError(CustomKeywordDelegatingMetaClass.java:101)
	at com.kms.katalon.core.main.CustomKeywordDelegatingMetaClass.invokeStaticMethod(CustomKeywordDelegatingMetaClass.java:73)
	at PayNowPersonalSavingsSCF.run(PayNowPersonalSavingsSCF:157)
	at com.kms.katalon.core.main.ScriptEngine.run(ScriptEngine.java:194)
	at com.kms.katalon.core.main.ScriptEngine.runScriptAsRawText(ScriptEngine.java:119)
	at com.kms.katalon.core.main.TestCaseExecutor.runScript(TestCaseExecutor.java:448)
	at com.kms.katalon.core.main.TestCaseExecutor.doExecute(TestCaseExecutor.java:439)
	at com.kms.katalon.core.main.TestCaseExecutor.processExecutionPhase(TestCaseExecutor.java:418)
	at com.kms.katalon.core.main.TestCaseExecutor.accessMainPhase(TestCaseExecutor.java:410)
	at com.kms.katalon.core.main.TestCaseExecutor.execute(TestCaseExecutor.java:285)
	at com.kms.katalon.core.common.CommonExecutor.accessTestCaseMainPhase(CommonExecutor.java:65)
	at com.kms.katalon.core.main.TestSuiteExecutor.accessTestSuiteMainPhase(TestSuiteExecutor.java:150)
	at com.kms.katalon.core.main.TestSuiteExecutor.execute(TestSuiteExecutor.java:106)
	at com.kms.katalon.core.main.TestCaseMain.startTestSuite(TestCaseMain.java:180)
	at TempTestSuite1729731001385.run(TempTestSuite1729731001385.groovy:35)
	at java.base/jdk.internal.reflect.NativeMethodAccessorImpl.invoke0(Native Method)
	at java.base/jdk.internal.reflect.NativeMethodAccessorImpl.invoke(NativeMethodAccessorImpl.java:77)
	at java.base/jdk.internal.reflect.DelegatingMethodAccessorImpl.invoke(DelegatingMethodAccessorImpl.java:43)
Caused by: org.codehaus.groovy.runtime.InvokerInvocationException: java.io.FileNotFoundException: KatalonData\IWPTestData\VRelay25Payments.xlsx (The process cannot access the file because it is being used by another process)
	at com.kms.katalon.core.main.CustomKeywordDelegatingMetaClass.invokeStaticMethod(CustomKeywordDelegatingMetaClass.java:55)
	at Script1724850775255.run(Script1724850775255.groovy:157)
	... 15 more
Caused by: java.io.FileNotFoundException: KatalonData\IWPTestData\VRelay25Payments.xlsx (The process cannot access the file because it is being used by another process)
	at pages.WriteExcel.demoKey(WriteExcel.groovy:93)
	at jdk.internal.reflect.GeneratedMethodAccessor43.invoke(Unknown Source)
	at java.base/jdk.internal.reflect.DelegatingMethodAccessorImpl.invoke(DelegatingMethodAccessorImpl.java:43)
	at com.kms.katalon.core.main.CustomKeywordDelegatingMetaClass.invokeStaticMethod(CustomKeywordDelegatingMetaClass.java:55)
	at PayNowPersonalSavingsSCF.run(PayNowPersonalSavingsSCF:157)
	... 15 more


24-10-2024T06:52:06 - [MESSAGE][ERROR] - java.io.FileNotFoundException: KatalonData\IWPTestData\VRelay25Payments.xlsx (The process cannot access the file because it is being used by another process)

24-10-2024T06:52:06 - [MESSAGE][ERROR] - Test Cases/IntegratedWeb/IWP25/Payments/PayNowPersonalSavingsSCF FAILED.
Reason:
com.kms.katalon.core.exception.StepErrorException: org.codehaus.groovy.runtime.InvokerInvocationException: java.io.FileNotFoundException: KatalonData\IWPTestData\VRelay25Payments.xlsx (The process cannot access the file because it is being used by another process)
	at com.kms.katalon.core.main.CustomKeywordDelegatingMetaClass.throwError(CustomKeywordDelegatingMetaClass.java:101)
	at com.kms.katalon.core.main.CustomKeywordDelegatingMetaClass.invokeStaticMethod(CustomKeywordDelegatingMetaClass.java:73)
	at PayNowPersonalSavingsSCF.run(PayNowPersonalSavingsSCF:157)
	at com.kms.katalon.core.main.ScriptEngine.run(ScriptEngine.java:194)
	at com.kms.katalon.core.main.ScriptEngine.runScriptAsRawText(ScriptEngine.java:119)
	at com.kms.katalon.core.main.TestCaseExecutor.runScript(TestCaseExecutor.java:448)
	at com.kms.katalon.core.main.TestCaseExecutor.doExecute(TestCaseExecutor.java:439)
	at com.kms.katalon.core.main.TestCaseExecutor.processExecutionPhase(TestCaseExecutor.java:418)
	at com.kms.katalon.core.main.TestCaseExecutor.accessMainPhase(TestCaseExecutor.java:410)
	at com.kms.katalon.core.main.TestCaseExecutor.execute(TestCaseExecutor.java:285)
	at com.kms.katalon.core.common.CommonExecutor.accessTestCaseMainPhase(CommonExecutor.java:65)
	at com.kms.katalon.core.main.TestSuiteExecutor.accessTestSuiteMainPhase(TestSuiteExecutor.java:150)
	at com.kms.katalon.core.main.TestSuiteExecutor.execute(TestSuiteExecutor.java:106)
	at com.kms.katalon.core.main.TestCaseMain.startTestSuite(TestCaseMain.java:180)
	at TempTestSuite1729731001385.run(TempTestSuite1729731001385.groovy:35)
	at java.base/jdk.internal.reflect.NativeMethodAccessorImpl.invoke0(Native Method)
	at java.base/jdk.internal.reflect.NativeMethodAccessorImpl.invoke(NativeMethodAccessorImpl.java:77)
	at java.base/jdk.internal.reflect.DelegatingMethodAccessorImpl.invoke(DelegatingMethodAccessorImpl.java:43)
Caused by: org.codehaus.groovy.runtime.InvokerInvocationException: java.io.FileNotFoundException: KatalonData\IWPTestData\VRelay25Payments.xlsx (The process cannot access the file because it is being used by another process)
	at com.kms.katalon.core.main.CustomKeywordDelegatingMetaClass.invokeStaticMethod(CustomKeywordDelegatingMetaClass.java:55)
	at Script1724850775255.run(Script1724850775255.groovy:157)
	... 15 more
Caused by: java.io.FileNotFoundException: KatalonData\IWPTestData\VRelay25Payments.xlsx (The process cannot access the file because it is being used by another process)
	at pages.WriteExcel.demoKey(WriteExcel.groovy:93)
	at jdk.internal.reflect.GeneratedMethodAccessor43.invoke(Unknown Source)
	at java.base/jdk.internal.reflect.DelegatingMethodAccessorImpl.invoke(DelegatingMethodAccessorImpl.java:43)
	at com.kms.katalon.core.main.CustomKeywordDelegatingMetaClass.invokeStaticMethod(CustomKeywordDelegatingMetaClass.java:55)
	at PayNowPersonalSavingsSCF.run(PayNowPersonalSavingsSCF:157)
	... 15 more]]></system-out>
         <system-err><![CDATA[24-10-2024T06:50:02 - [TEST_CASE][ERROR] - Test Cases/IntegratedWeb/IWP25/Payments/PayNowPersonalSavingsSCF: Test Cases/IntegratedWeb/IWP25/Payments/PayNowPersonalSavingsSCF FAILED.
Reason:
org.codehaus.groovy.runtime.InvokerInvocationException: java.io.FileNotFoundException: KatalonData\IWPTestData\VRelay25Payments.xlsx (The process cannot access the file because it is being used by another process)
	at com.kms.katalon.core.main.CustomKeywordDelegatingMetaClass.invokeStaticMethod(CustomKeywordDelegatingMetaClass.java:55)
	at PayNowPersonalSavingsSCF.run(PayNowPersonalSavingsSCF:157)
	at com.kms.katalon.core.main.ScriptEngine.run(ScriptEngine.java:194)
	at com.kms.katalon.core.main.ScriptEngine.runScriptAsRawText(ScriptEngine.java:119)
	at com.kms.katalon.core.main.TestCaseExecutor.runScript(TestCaseExecutor.java:448)
	at com.kms.katalon.core.main.TestCaseExecutor.doExecute(TestCaseExecutor.java:439)
	at com.kms.katalon.core.main.TestCaseExecutor.processExecutionPhase(TestCaseExecutor.java:418)
	at com.kms.katalon.core.main.TestCaseExecutor.accessMainPhase(TestCaseExecutor.java:410)
	at com.kms.katalon.core.main.TestCaseExecutor.execute(TestCaseExecutor.java:285)
	at com.kms.katalon.core.common.CommonExecutor.accessTestCaseMainPhase(CommonExecutor.java:65)
	at com.kms.katalon.core.main.TestSuiteExecutor.accessTestSuiteMainPhase(TestSuiteExecutor.java:150)
	at com.kms.katalon.core.main.TestSuiteExecutor.execute(TestSuiteExecutor.java:106)
	at com.kms.katalon.core.main.TestCaseMain.startTestSuite(TestCaseMain.java:180)
	at TempTestSuite1729731001385.run(TempTestSuite1729731001385.groovy:35)
	at java.base/jdk.internal.reflect.NativeMethodAccessorImpl.invoke0(Native Method)
	at java.base/jdk.internal.reflect.NativeMethodAccessorImpl.invoke(NativeMethodAccessorImpl.java:77)
	at java.base/jdk.internal.reflect.DelegatingMethodAccessorImpl.invoke(DelegatingMethodAccessorImpl.java:43)
Caused by: java.io.FileNotFoundException: KatalonData\IWPTestData\VRelay25Payments.xlsx (The process cannot access the file because it is being used by another process)
	at pages.WriteExcel.demoKey(WriteExcel.groovy:93)
	at jdk.internal.reflect.GeneratedMethodAccessor43.invoke(Unknown Source)
	at java.base/jdk.internal.reflect.DelegatingMethodAccessorImpl.invoke(DelegatingMethodAccessorImpl.java:43)
	... 17 more]]></system-err>
      </testcase>
      <testcase name="Test Cases/IntegratedWeb/IWP25/Payments/PayNowSuccesfulPaymentCC" time="100.638" classname="Test Cases/IntegratedWeb/IWP25/Payments/PayNowSuccesfulPaymentCC" status="ERROR">
         <error type="ERROR" message="Test Cases/IntegratedWeb/IWP25/Payments/PayNowSuccesfulPaymentCC FAILED.&#xa;Reason:&#xa;org.codehaus.groovy.runtime.InvokerInvocationException: java.io.FileNotFoundException: KatalonData\IWPTestData\VRelay25Payments.xlsx (The process cannot access the file because it is being used by another process)&#xa;	at com.kms.katalon.core.main.CustomKeywordDelegatingMetaClass.invokeStaticMethod(CustomKeywordDelegatingMetaClass.java:55)&#xa;	at PayNowSuccesfulPaymentCC.run(PayNowSuccesfulPaymentCC:97)&#xa;	at com.kms.katalon.core.main.ScriptEngine.run(ScriptEngine.java:194)&#xa;	at com.kms.katalon.core.main.ScriptEngine.runScriptAsRawText(ScriptEngine.java:119)&#xa;	at com.kms.katalon.core.main.TestCaseExecutor.runScript(TestCaseExecutor.java:448)&#xa;	at com.kms.katalon.core.main.TestCaseExecutor.doExecute(TestCaseExecutor.java:439)&#xa;	at com.kms.katalon.core.main.TestCaseExecutor.processExecutionPhase(TestCaseExecutor.java:418)&#xa;	at com.kms.katalon.core.main.TestCaseExecutor.accessMainPhase(TestCaseExecutor.java:410)&#xa;	at com.kms.katalon.core.main.TestCaseExecutor.execute(TestCaseExecutor.java:285)&#xa;	at com.kms.katalon.core.common.CommonExecutor.accessTestCaseMainPhase(CommonExecutor.java:65)&#xa;	at com.kms.katalon.core.main.TestSuiteExecutor.accessTestSuiteMainPhase(TestSuiteExecutor.java:150)&#xa;	at com.kms.katalon.core.main.TestSuiteExecutor.execute(TestSuiteExecutor.java:106)&#xa;	at com.kms.katalon.core.main.TestCaseMain.startTestSuite(TestCaseMain.java:180)&#xa;	at TempTestSuite1729731001385.run(TempTestSuite1729731001385.groovy:35)&#xa;	at java.base/jdk.internal.reflect.NativeMethodAccessorImpl.invoke0(Native Method)&#xa;	at java.base/jdk.internal.reflect.NativeMethodAccessorImpl.invoke(NativeMethodAccessorImpl.java:77)&#xa;	at java.base/jdk.internal.reflect.DelegatingMethodAccessorImpl.invoke(DelegatingMethodAccessorImpl.java:43)&#xa;Caused by: java.io.FileNotFoundException: KatalonData\IWPTestData\VRelay25Payments.xlsx (The process cannot access the file because it is being used by another process)&#xa;	at pages.WriteExcel.demoKey(WriteExcel.groovy:93)&#xa;	at jdk.internal.reflect.GeneratedMethodAccessor43.invoke(Unknown Source)&#xa;	at java.base/jdk.internal.reflect.DelegatingMethodAccessorImpl.invoke(DelegatingMethodAccessorImpl.java:43)&#xa;	... 17 more&#xa;"/>
         <system-out><![CDATA[24-10-2024T06:52:06 - [TEST_CASE][ERROR] - Test Cases/IntegratedWeb/IWP25/Payments/PayNowSuccesfulPaymentCC: Test Cases/IntegratedWeb/IWP25/Payments/PayNowSuccesfulPaymentCC FAILED.
Reason:
org.codehaus.groovy.runtime.InvokerInvocationException: java.io.FileNotFoundException: KatalonData\IWPTestData\VRelay25Payments.xlsx (The process cannot access the file because it is being used by another process)
	at com.kms.katalon.core.main.CustomKeywordDelegatingMetaClass.invokeStaticMethod(CustomKeywordDelegatingMetaClass.java:55)
	at PayNowSuccesfulPaymentCC.run(PayNowSuccesfulPaymentCC:97)
	at com.kms.katalon.core.main.ScriptEngine.run(ScriptEngine.java:194)
	at com.kms.katalon.core.main.ScriptEngine.runScriptAsRawText(ScriptEngine.java:119)
	at com.kms.katalon.core.main.TestCaseExecutor.runScript(TestCaseExecutor.java:448)
	at com.kms.katalon.core.main.TestCaseExecutor.doExecute(TestCaseExecutor.java:439)
	at com.kms.katalon.core.main.TestCaseExecutor.processExecutionPhase(TestCaseExecutor.java:418)
	at com.kms.katalon.core.main.TestCaseExecutor.accessMainPhase(TestCaseExecutor.java:410)
	at com.kms.katalon.core.main.TestCaseExecutor.execute(TestCaseExecutor.java:285)
	at com.kms.katalon.core.common.CommonExecutor.accessTestCaseMainPhase(CommonExecutor.java:65)
	at com.kms.katalon.core.main.TestSuiteExecutor.accessTestSuiteMainPhase(TestSuiteExecutor.java:150)
	at com.kms.katalon.core.main.TestSuiteExecutor.execute(TestSuiteExecutor.java:106)
	at com.kms.katalon.core.main.TestCaseMain.startTestSuite(TestCaseMain.java:180)
	at TempTestSuite1729731001385.run(TempTestSuite1729731001385.groovy:35)
	at java.base/jdk.internal.reflect.NativeMethodAccessorImpl.invoke0(Native Method)
	at java.base/jdk.internal.reflect.NativeMethodAccessorImpl.invoke(NativeMethodAccessorImpl.java:77)
	at java.base/jdk.internal.reflect.DelegatingMethodAccessorImpl.invoke(DelegatingMethodAccessorImpl.java:43)
Caused by: java.io.FileNotFoundException: KatalonData\IWPTestData\VRelay25Payments.xlsx (The process cannot access the file because it is being used by another process)
	at pages.WriteExcel.demoKey(WriteExcel.groovy:93)
	at jdk.internal.reflect.GeneratedMethodAccessor43.invoke(Unknown Source)
	at java.base/jdk.internal.reflect.DelegatingMethodAccessorImpl.invoke(DelegatingMethodAccessorImpl.java:43)
	... 17 more


24-10-2024T06:52:06 - [TEST_STEP][PASSED] - resText = "Fail": null

24-10-2024T06:52:06 - [TEST_STEP][PASSED] - resColumn = "Result": null

24-10-2024T06:52:06 - [TEST_STEP][PASSED] - datCloumn = "Date": null

24-10-2024T06:52:06 - [TEST_STEP][PASSED] - fileLoc = "KatalonData/IWPTestData/VRelay25Payments.xlsx": null

24-10-2024T06:52:06 - [TEST_STEP][PASSED] - numOfRows = <not implemented yet for class: org.codehaus.groovy.ast.expr.EmptyExpression>: null

24-10-2024T06:52:06 - [TEST_STEP][PASSED] - dataFile = <not implemented yet for class: org.codehaus.groovy.ast.expr.EmptyExpression>: null

24-10-2024T06:52:06 - [TEST_STEP][PASSED] - nameSheet = <not implemented yet for class: org.codehaus.groovy.ast.expr.EmptyExpression>: null

24-10-2024T06:52:06 - [TEST_STEP][PASSED] - dataFileEmulator = <not implemented yet for class: org.codehaus.groovy.ast.expr.EmptyExpression>: null

24-10-2024T06:52:06 - [TEST_STEP][PASSED] - nameSheet = "PayNowCC": null

24-10-2024T06:52:06 - [TEST_STEP][PASSED] - dataFile = "IWPTestData/IWP25PayNowCC": null

24-10-2024T06:52:06 - [TEST_STEP][PASSED] - dataFileEmulator = "IWPTestData/EmulatorData": null

24-10-2024T06:52:06 - [TEST_STEP][PASSED] - numOfRows = findTestData(dataFile).getRowNumbers(): null

24-10-2024T06:52:06 - [TEST_STEP][PASSED] - println("Number of Records: " + numOfRows): null

24-10-2024T06:52:06 - [TEST_STEP][PASSED] - for ([row = 1, row <= numOfRows, (row++)]): null

24-10-2024T06:52:06 - [TEST_STEP][PASSED] - ExecuteTC = findTestData(dataFile).getValue("Execute", row): null

24-10-2024T06:52:06 - [TEST_STEP][PASSED] - out.println("Value of Execute is : " + ExecuteTC): null

24-10-2024T06:52:06 - [TEST_STEP][PASSED] - if (ExecuteTC.equalsIgnoreCase("Y")): null

24-10-2024T06:52:06 - [TEST_STEP][PASSED] - out.println("Begin Record Number: " + row): null

24-10-2024T06:52:06 - [TEST_STEP][PASSED] - today = new java.util.Date(): null

24-10-2024T06:52:06 - [TEST_STEP][PASSED] - println(today): null

24-10-2024T06:52:06 - [TEST_STEP][PASSED] - datText = today: null

24-10-2024T06:52:06 - [TEST_STEP][PASSED] - EmulatorDataKey = findTestData(dataFile).getValue("EmulatorData", row): null

24-10-2024T06:52:06 - [TEST_STEP][PASSED] - out.println("Value of Emulator Key is : " + EmulatorDataKey): null

24-10-2024T06:52:06 - [TEST_STEP][PASSED] - iwpPages.emulatorIWP30.setDataEmulator_DD(EmulatorDataKey): iwpPages.emulatorIWP30.setDataEmulator_DD is PASSED

24-10-2024T06:52:07 - [MESSAGE][WARNING] - A browser is already opened. Closing browser and opening a new one

24-10-2024T06:52:07 - [MESSAGE][INFO] - Starting 'Edge Chromium' driver

24-10-2024T06:52:07 - [MESSAGE][INFO] - User set preference: ['acceptInsecureCerts', 'true']

24-10-2024T06:52:09 - [MESSAGE][INFO] - Action delay is set to 0 milliseconds

24-10-2024T06:52:13 - [MESSAGE][PASSED] - Browser is opened with url: 'https://qa2.velocitypayment.com/agencyx/config.action?action=editor&message_version=2_5'

24-10-2024T06:52:13 - [MESSAGE][PASSED] - Current window maximized

24-10-2024T06:52:45 - [MESSAGE][INFO] - Unable to find the element located by 'By.xpath: //select[@name='message_version']'. Please recheck the objects properties to make sure the desired element is located. 

24-10-2024T06:52:45 - [MESSAGE][WARNING] - [SELF-HEALING] Failed to find element with id 'Object Repository/IWP30/Page_VRelay30Emulator/MV'. Try using Self-healing.

24-10-2024T06:52:45 - [MESSAGE][WARNING] - [SELF-HEALING] The current locator of test object 'Object Repository/IWP30/Page_VRelay30Emulator/MV' was broken. Propose an alternative one: '(.//*[normalize-space(text()) and normalize-space(.)='Message Version'])[1]/following::select[1]'.

24-10-2024T06:52:45 - [MESSAGE][PASSED] - All options with value '2.5' are selected in object 'Object Repository/IWP30/Page_VRelay30Emulator/MV'  using regular expression

24-10-2024T06:52:46 - [MESSAGE][PASSED] - Text '10.50' is set on object 'Object Repository/IWP30/Page_EmulatorAgencyX/Amount'

24-10-2024T06:52:47 - [MESSAGE][PASSED] - Text 'RNrfUU4n2Igh' is set on object 'Object Repository/IWP30/Page_EmulatorAgencyX/CAN'

24-10-2024T06:52:47 - [MESSAGE][PASSED] - Text 'PayNow' is set on object 'Object Repository/IWP30/Page_EmulatorAgencyX/Action'

24-10-2024T06:52:48 - [MESSAGE][PASSED] - Text 'en_US' is set on object 'Object Repository/IWP30/Page_EmulatorAgencyX/Lang'

24-10-2024T06:52:48 - [MESSAGE][PASSED] - Text 'Jasmine' is set on object 'Object Repository/IWP30/Page_EmulatorAgencyX/Fname'

24-10-2024T06:52:49 - [MESSAGE][PASSED] - Text 'Patrinol' is set on object 'Object Repository/IWP30/Page_EmulatorAgencyX/Lname'

24-10-2024T06:52:50 - [MESSAGE][PASSED] - Text '258 Underwood rd' is set on object 'Object Repository/IWP30/Page_EmulatorAgencyX/AL1'

24-10-2024T06:52:50 - [MESSAGE][PASSED] - Text 'Suite 600' is set on object 'Object Repository/IWP30/Page_EmulatorAgencyX/AL2'

24-10-2024T06:52:51 - [MESSAGE][PASSED] - Text '840' is set on object 'Object Repository/IWP30/Page_EmulatorAgencyX/Country'

24-10-2024T06:52:51 - [MESSAGE][PASSED] - Text 'Arlington' is set on object 'Object Repository/IWP30/Page_EmulatorAgencyX/City'

24-10-2024T06:52:52 - [MESSAGE][PASSED] - Text 'VA' is set on object 'Object Repository/IWP30/Page_EmulatorAgencyX/State'

24-10-2024T06:52:53 - [MESSAGE][PASSED] - Text '22201' is set on object 'Object Repository/IWP30/Page_EmulatorAgencyX/ZIP'

24-10-2024T06:52:53 - [MESSAGE][PASSED] - Text '' is set on object 'Object Repository/IWP30/Page_EmulatorAgencyX/Order'

24-10-2024T06:52:54 - [MESSAGE][PASSED] - Text 'Some Company' is set on object 'Object Repository/IWP30/Page_EmulatorAgencyX/Company'

24-10-2024T06:52:54 - [MESSAGE][PASSED] - Text 'iahmed@govolution.com' is set on object 'Object Repository/IWP30/Page_EmulatorAgencyX/Email'

24-10-2024T06:52:55 - [MESSAGE][PASSED] - Text 'udf data 1' is set on object 'Object Repository/IWP30/Page_EmulatorAgencyX/UDF1'

24-10-2024T06:52:56 - [MESSAGE][PASSED] - Text 'udf data 2' is set on object 'Object Repository/IWP30/Page_EmulatorAgencyX/UDF2'

24-10-2024T06:52:56 - [MESSAGE][PASSED] - Text 'udf data 3' is set on object 'Object Repository/IWP30/Page_EmulatorAgencyX/UDF3'

24-10-2024T06:52:57 - [MESSAGE][PASSED] - Text 'udf data 4' is set on object 'Object Repository/IWP30/Page_EmulatorAgencyX/UDF4'

24-10-2024T06:52:57 - [MESSAGE][PASSED] - Text 'udf data 5' is set on object 'Object Repository/IWP30/Page_EmulatorAgencyX/UDF5'

24-10-2024T06:52:58 - [MESSAGE][PASSED] - Text 'udf data 6' is set on object 'Object Repository/IWP30/Page_EmulatorAgencyX/UDF6'

24-10-2024T06:52:59 - [MESSAGE][PASSED] - Text 'Orange' is set on object 'Object Repository/IWP30/Page_EmulatorAgencyX/UDF7'

24-10-2024T06:52:59 - [MESSAGE][PASSED] - Text 'Soccer' is set on object 'Object Repository/IWP30/Page_EmulatorAgencyX/UDF8'

24-10-2024T06:53:00 - [MESSAGE][PASSED] - Text 'udf data 9' is set on object 'Object Repository/IWP30/Page_EmulatorAgencyX/UDF9'

24-10-2024T06:53:00 - [MESSAGE][PASSED] - Text 'udf data 10' is set on object 'Object Repository/IWP30/Page_EmulatorAgencyX/UDF10'

24-10-2024T06:53:02 - [MESSAGE][PASSED] - Object: 'Object Repository/IWP30/Page_EmulatorAgencyX/Submit' is clicked on

24-10-2024T06:53:06 - [MESSAGE][PASSED] - Browser is closed

24-10-2024T06:53:10 - [MESSAGE][PASSED] - iwpPages.emulatorIWP30.setDataEmulator_DD is PASSED

24-10-2024T06:53:10 - [TEST_STEP][PASSED] - testHarnessURL = urlTestHarness: null

24-10-2024T06:53:10 - [TEST_STEP][PASSED] - openBrowser(testHarnessURL): Browser is opened with url: 'https://dev-algorithm.govolution.com/vrelaytest/QA2/version_2_2/vrelaytest.html'

24-10-2024T06:53:10 - [MESSAGE][INFO] - Starting 'Edge Chromium' driver

24-10-2024T06:53:10 - [MESSAGE][INFO] - User set preference: ['acceptInsecureCerts', 'true']

24-10-2024T06:53:12 - [MESSAGE][INFO] - Action delay is set to 0 milliseconds

24-10-2024T06:53:16 - [MESSAGE][PASSED] - Browser is opened with url: 'https://dev-algorithm.govolution.com/vrelaytest/QA2/version_2_2/vrelaytest.html'

24-10-2024T06:53:16 - [TEST_STEP][PASSED] - maximizeWindow(): Current window maximized

24-10-2024T06:53:16 - [MESSAGE][PASSED] - Current window maximized

24-10-2024T06:53:16 - [TEST_STEP][PASSED] - iwpPages.TestHarnessPage.setDataMethod(row, dataFile): iwpPages.TestHarnessPage.setDataMethod is PASSED

24-10-2024T06:53:16 - [MESSAGE][PASSED] - Object 'Object Repository/IWP30/Page_QATestHarness/RemittanceID' is present

24-10-2024T06:53:17 - [MESSAGE][PASSED] - Text '638' is set on object 'Object Repository/IWP30/Page_QATestHarness/ApplicationID'

24-10-2024T06:53:18 - [MESSAGE][PASSED] - Text '2.5' is set on object 'Object Repository/IWP30/Page_QATestHarness/MessageVersion'

24-10-2024T06:53:18 - [MESSAGE][PASSED] - Text 'PUMMXWEDMARG' is set on object 'Object Repository/IWP30/Page_QATestHarness/RemittanceID'

24-10-2024T06:53:22 - [MESSAGE][PASSED] - Object: 'Object Repository/IWP30/Page_QATestHarness/SubmitButton' is clicked on

24-10-2024T06:53:22 - [MESSAGE][PASSED] - iwpPages.TestHarnessPage.setDataMethod is PASSED

24-10-2024T06:53:22 - [TEST_STEP][PASSED] - check(findTestObject("Object Repository/IWP30/Page_SelectPaymentMethod/PayByCreditCard")): Object 'Object Repository/IWP30/Page_SelectPaymentMethod/PayByCreditCard' is checked

24-10-2024T06:53:22 - [MESSAGE][PASSED] - Object 'Object Repository/IWP30/Page_SelectPaymentMethod/PayByCreditCard' is checked

24-10-2024T06:53:22 - [TEST_STEP][PASSED] - click(findTestObject("Object Repository/IWP30/Page_SelectPaymentMethod/MakePaymentButton")): Object: 'Object Repository/IWP30/Page_SelectPaymentMethod/MakePaymentButton' is clicked on

24-10-2024T06:53:26 - [MESSAGE][PASSED] - Object: 'Object Repository/IWP30/Page_SelectPaymentMethod/MakePaymentButton' is clicked on

24-10-2024T06:53:26 - [TEST_STEP][PASSED] - iwpPages.ccPaymentEntryPage.setDataCCPM(row, dataFile): iwpPages.ccPaymentEntryPage.setDataCCPM is PASSED

24-10-2024T06:53:27 - [MESSAGE][PASSED] - Object 'Object Repository/IWP30/Page_CCPaymentEntry/Name' is present

24-10-2024T06:53:27 - [MESSAGE][PASSED] - All options with label 'Soccer' are selected in object 'Object Repository/IWP30/Page_CCPaymentEntry/UserDefined8' 

24-10-2024T06:53:28 - [MESSAGE][PASSED] - Object 'Object Repository/IWP30/Page_CCPaymentEntry/Name' is present

24-10-2024T06:53:28 - [MESSAGE][PASSED] - Object 'Object Repository/IWP30/Page_CCPaymentEntry/CardNumber' is present

24-10-2024T06:53:29 - [MESSAGE][PASSED] - Text '5146312200000035' is set on object 'Object Repository/IWP30/Page_CCPaymentEntry/CardNumber'

24-10-2024T06:53:29 - [MESSAGE][PASSED] - Text '123' is set on object 'Object Repository/IWP30/Page_CCPaymentEntry/SPC'

24-10-2024T06:53:30 - [MESSAGE][PASSED] - Object 'Object Repository/IWP30/Page_CCPaymentEntry/Month' is present

24-10-2024T06:53:30 - [MESSAGE][PASSED] - All options with label '09' are selected in object 'Object Repository/IWP30/Page_CCPaymentEntry/Month' 

24-10-2024T06:53:31 - [MESSAGE][PASSED] - Object 'Object Repository/IWP30/Page_CCPaymentEntry/Year' is present

24-10-2024T06:53:31 - [MESSAGE][PASSED] - All options with label '2028' are selected in object 'Object Repository/IWP30/Page_CCPaymentEntry/Year' 

24-10-2024T06:53:31 - [MESSAGE][PASSED] - Object 'Object Repository/IWP30/Page_CCPaymentEntry/EmailAddress' is present

24-10-2024T06:53:32 - [MESSAGE][PASSED] - Object 'Object Repository/IWP30/Page_CCPaymentEntry/TermCondCheckBox' is present

24-10-2024T06:53:32 - [MESSAGE][PASSED] - Object 'Object Repository/IWP30/Page_CCPaymentEntry/TermCondCheckBox' is checked

24-10-2024T06:53:32 - [MESSAGE][PASSED] - Object 'Object Repository/IWP30/Page_CCPaymentEntry/ContinueButton' is present

24-10-2024T06:53:34 - [MESSAGE][PASSED] - Object: 'Object Repository/IWP30/Page_CCPaymentEntry/ContinueButton' is clicked on

24-10-2024T06:53:34 - [MESSAGE][PASSED] - iwpPages.ccPaymentEntryPage.setDataCCPM is PASSED

24-10-2024T06:53:34 - [TEST_STEP][PASSED] - click(findTestObject("Object Repository/IWP30/Page_Confirmation/ConfirmButton")): Object: 'Object Repository/IWP30/Page_Confirmation/ConfirmButton' is clicked on

24-10-2024T06:53:36 - [MESSAGE][PASSED] - Object: 'Object Repository/IWP30/Page_Confirmation/ConfirmButton' is clicked on

24-10-2024T06:53:36 - [TEST_STEP][PASSED] - Thread.sleep(10000): null

24-10-2024T06:53:46 - [TEST_STEP][PASSED] - if (verifyTextPresent("Successful Payment Receipt", false)): null

24-10-2024T06:53:46 - [MESSAGE][PASSED] - Text 'Successful Payment Receipt' is present on page 

24-10-2024T06:53:46 - [TEST_STEP][PASSED] - println("Successful Payment Receipt text is present on the Receipt page"): null

24-10-2024T06:53:46 - [TEST_STEP][PASSED] - markPassed("Successful Payment Receipt text is present on the Receipt page"): Successful Payment Receipt text is present on the Receipt page

24-10-2024T06:53:46 - [MESSAGE][PASSED] - Successful Payment Receipt text is present on the Receipt page

24-10-2024T06:53:46 - [TEST_STEP][PASSED] - resText = "Pass": null

24-10-2024T06:53:46 - [TEST_STEP][ERROR] - pages.WriteExcel.demoKey(resText, datText, resColumn, datCloumn, fileLoc, nameSheet, row): Test Cases/IntegratedWeb/IWP25/Payments/PayNowSuccesfulPaymentCC FAILED.
Reason:
com.kms.katalon.core.exception.StepErrorException: org.codehaus.groovy.runtime.InvokerInvocationException: java.io.FileNotFoundException: KatalonData\IWPTestData\VRelay25Payments.xlsx (The process cannot access the file because it is being used by another process)
	at com.kms.katalon.core.main.CustomKeywordDelegatingMetaClass.throwError(CustomKeywordDelegatingMetaClass.java:101)
	at com.kms.katalon.core.main.CustomKeywordDelegatingMetaClass.invokeStaticMethod(CustomKeywordDelegatingMetaClass.java:73)
	at PayNowSuccesfulPaymentCC.run(PayNowSuccesfulPaymentCC:97)
	at com.kms.katalon.core.main.ScriptEngine.run(ScriptEngine.java:194)
	at com.kms.katalon.core.main.ScriptEngine.runScriptAsRawText(ScriptEngine.java:119)
	at com.kms.katalon.core.main.TestCaseExecutor.runScript(TestCaseExecutor.java:448)
	at com.kms.katalon.core.main.TestCaseExecutor.doExecute(TestCaseExecutor.java:439)
	at com.kms.katalon.core.main.TestCaseExecutor.processExecutionPhase(TestCaseExecutor.java:418)
	at com.kms.katalon.core.main.TestCaseExecutor.accessMainPhase(TestCaseExecutor.java:410)
	at com.kms.katalon.core.main.TestCaseExecutor.execute(TestCaseExecutor.java:285)
	at com.kms.katalon.core.common.CommonExecutor.accessTestCaseMainPhase(CommonExecutor.java:65)
	at com.kms.katalon.core.main.TestSuiteExecutor.accessTestSuiteMainPhase(TestSuiteExecutor.java:150)
	at com.kms.katalon.core.main.TestSuiteExecutor.execute(TestSuiteExecutor.java:106)
	at com.kms.katalon.core.main.TestCaseMain.startTestSuite(TestCaseMain.java:180)
	at TempTestSuite1729731001385.run(TempTestSuite1729731001385.groovy:35)
	at java.base/jdk.internal.reflect.NativeMethodAccessorImpl.invoke0(Native Method)
	at java.base/jdk.internal.reflect.NativeMethodAccessorImpl.invoke(NativeMethodAccessorImpl.java:77)
	at java.base/jdk.internal.reflect.DelegatingMethodAccessorImpl.invoke(DelegatingMethodAccessorImpl.java:43)
Caused by: org.codehaus.groovy.runtime.InvokerInvocationException: java.io.FileNotFoundException: KatalonData\IWPTestData\VRelay25Payments.xlsx (The process cannot access the file because it is being used by another process)
	at com.kms.katalon.core.main.CustomKeywordDelegatingMetaClass.invokeStaticMethod(CustomKeywordDelegatingMetaClass.java:55)
	at Script1723140349688.run(Script1723140349688.groovy:97)
	... 15 more
Caused by: java.io.FileNotFoundException: KatalonData\IWPTestData\VRelay25Payments.xlsx (The process cannot access the file because it is being used by another process)
	at pages.WriteExcel.demoKey(WriteExcel.groovy:93)
	at jdk.internal.reflect.GeneratedMethodAccessor43.invoke(Unknown Source)
	at java.base/jdk.internal.reflect.DelegatingMethodAccessorImpl.invoke(DelegatingMethodAccessorImpl.java:43)
	at com.kms.katalon.core.main.CustomKeywordDelegatingMetaClass.invokeStaticMethod(CustomKeywordDelegatingMetaClass.java:55)
	at PayNowSuccesfulPaymentCC.run(PayNowSuccesfulPaymentCC:97)
	... 15 more


24-10-2024T06:53:46 - [MESSAGE][ERROR] - java.io.FileNotFoundException: KatalonData\IWPTestData\VRelay25Payments.xlsx (The process cannot access the file because it is being used by another process)

24-10-2024T06:53:46 - [MESSAGE][ERROR] - Test Cases/IntegratedWeb/IWP25/Payments/PayNowSuccesfulPaymentCC FAILED.
Reason:
com.kms.katalon.core.exception.StepErrorException: org.codehaus.groovy.runtime.InvokerInvocationException: java.io.FileNotFoundException: KatalonData\IWPTestData\VRelay25Payments.xlsx (The process cannot access the file because it is being used by another process)
	at com.kms.katalon.core.main.CustomKeywordDelegatingMetaClass.throwError(CustomKeywordDelegatingMetaClass.java:101)
	at com.kms.katalon.core.main.CustomKeywordDelegatingMetaClass.invokeStaticMethod(CustomKeywordDelegatingMetaClass.java:73)
	at PayNowSuccesfulPaymentCC.run(PayNowSuccesfulPaymentCC:97)
	at com.kms.katalon.core.main.ScriptEngine.run(ScriptEngine.java:194)
	at com.kms.katalon.core.main.ScriptEngine.runScriptAsRawText(ScriptEngine.java:119)
	at com.kms.katalon.core.main.TestCaseExecutor.runScript(TestCaseExecutor.java:448)
	at com.kms.katalon.core.main.TestCaseExecutor.doExecute(TestCaseExecutor.java:439)
	at com.kms.katalon.core.main.TestCaseExecutor.processExecutionPhase(TestCaseExecutor.java:418)
	at com.kms.katalon.core.main.TestCaseExecutor.accessMainPhase(TestCaseExecutor.java:410)
	at com.kms.katalon.core.main.TestCaseExecutor.execute(TestCaseExecutor.java:285)
	at com.kms.katalon.core.common.CommonExecutor.accessTestCaseMainPhase(CommonExecutor.java:65)
	at com.kms.katalon.core.main.TestSuiteExecutor.accessTestSuiteMainPhase(TestSuiteExecutor.java:150)
	at com.kms.katalon.core.main.TestSuiteExecutor.execute(TestSuiteExecutor.java:106)
	at com.kms.katalon.core.main.TestCaseMain.startTestSuite(TestCaseMain.java:180)
	at TempTestSuite1729731001385.run(TempTestSuite1729731001385.groovy:35)
	at java.base/jdk.internal.reflect.NativeMethodAccessorImpl.invoke0(Native Method)
	at java.base/jdk.internal.reflect.NativeMethodAccessorImpl.invoke(NativeMethodAccessorImpl.java:77)
	at java.base/jdk.internal.reflect.DelegatingMethodAccessorImpl.invoke(DelegatingMethodAccessorImpl.java:43)
Caused by: org.codehaus.groovy.runtime.InvokerInvocationException: java.io.FileNotFoundException: KatalonData\IWPTestData\VRelay25Payments.xlsx (The process cannot access the file because it is being used by another process)
	at com.kms.katalon.core.main.CustomKeywordDelegatingMetaClass.invokeStaticMethod(CustomKeywordDelegatingMetaClass.java:55)
	at Script1723140349688.run(Script1723140349688.groovy:97)
	... 15 more
Caused by: java.io.FileNotFoundException: KatalonData\IWPTestData\VRelay25Payments.xlsx (The process cannot access the file because it is being used by another process)
	at pages.WriteExcel.demoKey(WriteExcel.groovy:93)
	at jdk.internal.reflect.GeneratedMethodAccessor43.invoke(Unknown Source)
	at java.base/jdk.internal.reflect.DelegatingMethodAccessorImpl.invoke(DelegatingMethodAccessorImpl.java:43)
	at com.kms.katalon.core.main.CustomKeywordDelegatingMetaClass.invokeStaticMethod(CustomKeywordDelegatingMetaClass.java:55)
	at PayNowSuccesfulPaymentCC.run(PayNowSuccesfulPaymentCC:97)
	... 15 more]]></system-out>
         <system-err><![CDATA[24-10-2024T06:52:06 - [TEST_CASE][ERROR] - Test Cases/IntegratedWeb/IWP25/Payments/PayNowSuccesfulPaymentCC: Test Cases/IntegratedWeb/IWP25/Payments/PayNowSuccesfulPaymentCC FAILED.
Reason:
org.codehaus.groovy.runtime.InvokerInvocationException: java.io.FileNotFoundException: KatalonData\IWPTestData\VRelay25Payments.xlsx (The process cannot access the file because it is being used by another process)
	at com.kms.katalon.core.main.CustomKeywordDelegatingMetaClass.invokeStaticMethod(CustomKeywordDelegatingMetaClass.java:55)
	at PayNowSuccesfulPaymentCC.run(PayNowSuccesfulPaymentCC:97)
	at com.kms.katalon.core.main.ScriptEngine.run(ScriptEngine.java:194)
	at com.kms.katalon.core.main.ScriptEngine.runScriptAsRawText(ScriptEngine.java:119)
	at com.kms.katalon.core.main.TestCaseExecutor.runScript(TestCaseExecutor.java:448)
	at com.kms.katalon.core.main.TestCaseExecutor.doExecute(TestCaseExecutor.java:439)
	at com.kms.katalon.core.main.TestCaseExecutor.processExecutionPhase(TestCaseExecutor.java:418)
	at com.kms.katalon.core.main.TestCaseExecutor.accessMainPhase(TestCaseExecutor.java:410)
	at com.kms.katalon.core.main.TestCaseExecutor.execute(TestCaseExecutor.java:285)
	at com.kms.katalon.core.common.CommonExecutor.accessTestCaseMainPhase(CommonExecutor.java:65)
	at com.kms.katalon.core.main.TestSuiteExecutor.accessTestSuiteMainPhase(TestSuiteExecutor.java:150)
	at com.kms.katalon.core.main.TestSuiteExecutor.execute(TestSuiteExecutor.java:106)
	at com.kms.katalon.core.main.TestCaseMain.startTestSuite(TestCaseMain.java:180)
	at TempTestSuite1729731001385.run(TempTestSuite1729731001385.groovy:35)
	at java.base/jdk.internal.reflect.NativeMethodAccessorImpl.invoke0(Native Method)
	at java.base/jdk.internal.reflect.NativeMethodAccessorImpl.invoke(NativeMethodAccessorImpl.java:77)
	at java.base/jdk.internal.reflect.DelegatingMethodAccessorImpl.invoke(DelegatingMethodAccessorImpl.java:43)
Caused by: java.io.FileNotFoundException: KatalonData\IWPTestData\VRelay25Payments.xlsx (The process cannot access the file because it is being used by another process)
	at pages.WriteExcel.demoKey(WriteExcel.groovy:93)
	at jdk.internal.reflect.GeneratedMethodAccessor43.invoke(Unknown Source)
	at java.base/jdk.internal.reflect.DelegatingMethodAccessorImpl.invoke(DelegatingMethodAccessorImpl.java:43)
	... 17 more]]></system-err>
      </testcase>
      <testcase name="Test Cases/IntegratedWeb/IWP25/Payments/VerifyCancelReceiptLabelsDeferredCC" time="229.326" classname="Test Cases/IntegratedWeb/IWP25/Payments/VerifyCancelReceiptLabelsDeferredCC" status="PASSED">
         <system-out><![CDATA[24-10-2024T06:53:47 - [TEST_CASE][PASSED] - Test Cases/IntegratedWeb/IWP25/Payments/VerifyCancelReceiptLabelsDeferredCC: Test Cases/IntegratedWeb/IWP25/Payments/VerifyCancelReceiptLabelsDeferredCC

24-10-2024T06:53:47 - [TEST_STEP][PASSED] - resText = "Fail": null

24-10-2024T06:53:47 - [TEST_STEP][PASSED] - resColumn = "Result": null

24-10-2024T06:53:47 - [TEST_STEP][PASSED] - datCloumn = "Date": null

24-10-2024T06:53:47 - [TEST_STEP][PASSED] - fileLoc = "KatalonData/IWPTestData/VRelay25PaymentsExtension.xlsx": null

24-10-2024T06:53:47 - [TEST_STEP][PASSED] - numOfRows = <not implemented yet for class: org.codehaus.groovy.ast.expr.EmptyExpression>: null

24-10-2024T06:53:47 - [TEST_STEP][PASSED] - dataFile = <not implemented yet for class: org.codehaus.groovy.ast.expr.EmptyExpression>: null

24-10-2024T06:53:47 - [TEST_STEP][PASSED] - nameSheet = <not implemented yet for class: org.codehaus.groovy.ast.expr.EmptyExpression>: null

24-10-2024T06:53:47 - [TEST_STEP][PASSED] - dataFileEmulator = <not implemented yet for class: org.codehaus.groovy.ast.expr.EmptyExpression>: null

24-10-2024T06:53:47 - [TEST_STEP][PASSED] - isRequiredTextPresent = false: null

24-10-2024T06:53:47 - [TEST_STEP][PASSED] - nameSheet = "VerifyCancelLabelDeferredCredit": null

24-10-2024T06:53:47 - [TEST_STEP][PASSED] - dataFile = getExcelDataWithDefaultSheet("KatalonData/IWPTestData/VRelay25PaymentsExtension.xlsx", nameSheet, true): null

24-10-2024T06:53:47 - [TEST_STEP][PASSED] - dataFileEmulator = "IWPTestData/EmulatorData": null

24-10-2024T06:53:47 - [TEST_STEP][PASSED] - numOfRows = dataFile.getRowNumbers(): null

24-10-2024T06:53:47 - [TEST_STEP][PASSED] - println("Number of Records: " + numOfRows): null

24-10-2024T06:53:47 - [TEST_STEP][PASSED] - for ([row = 1, row <= numOfRows, (row++)]): Browser is closed

24-10-2024T06:53:47 - [TEST_STEP][PASSED] - ExecuteTC = dataFile.getValue("Execute", row): null

24-10-2024T06:53:47 - [TEST_STEP][PASSED] - out.println("Value of Execute is : " + ExecuteTC): null

24-10-2024T06:53:47 - [TEST_STEP][PASSED] - if (ExecuteTC.equalsIgnoreCase("Y")): null

24-10-2024T06:53:47 - [TEST_STEP][PASSED] - out.println("Begin Record Number: " + row): null

24-10-2024T06:53:47 - [TEST_STEP][PASSED] - today = new java.util.Date(): null

24-10-2024T06:53:47 - [TEST_STEP][PASSED] - println(today): null

24-10-2024T06:53:47 - [TEST_STEP][PASSED] - datText = today: null

24-10-2024T06:53:47 - [TEST_STEP][PASSED] - EmulatorDataKey = dataFile.getValue("EmulatorData", row): null

24-10-2024T06:53:47 - [TEST_STEP][PASSED] - out.println("Value of Emulator Key is : " + EmulatorDataKey): null

24-10-2024T06:53:47 - [TEST_STEP][PASSED] - iwpPages.emulatorIWP30.setDataEmulator_DD(EmulatorDataKey): iwpPages.emulatorIWP30.setDataEmulator_DD is PASSED

24-10-2024T06:53:47 - [MESSAGE][WARNING] - A browser is already opened. Closing browser and opening a new one

24-10-2024T06:53:48 - [MESSAGE][INFO] - Starting 'Edge Chromium' driver

24-10-2024T06:53:48 - [MESSAGE][INFO] - User set preference: ['acceptInsecureCerts', 'true']

24-10-2024T06:53:50 - [MESSAGE][INFO] - Action delay is set to 0 milliseconds

24-10-2024T06:53:54 - [MESSAGE][PASSED] - Browser is opened with url: 'https://qa2.velocitypayment.com/agencyx/config.action?action=editor&message_version=2_5'

24-10-2024T06:53:54 - [MESSAGE][PASSED] - Current window maximized

24-10-2024T06:54:25 - [MESSAGE][INFO] - Unable to find the element located by 'By.xpath: //select[@name='message_version']'. Please recheck the objects properties to make sure the desired element is located. 

24-10-2024T06:54:25 - [MESSAGE][WARNING] - [SELF-HEALING] Failed to find element with id 'Object Repository/IWP30/Page_VRelay30Emulator/MV'. Try using Self-healing.

24-10-2024T06:54:26 - [MESSAGE][WARNING] - [SELF-HEALING] The current locator of test object 'Object Repository/IWP30/Page_VRelay30Emulator/MV' was broken. Propose an alternative one: '(.//*[normalize-space(text()) and normalize-space(.)='Message Version'])[1]/following::select[1]'.

24-10-2024T06:54:26 - [MESSAGE][PASSED] - All options with value '2.5' are selected in object 'Object Repository/IWP30/Page_VRelay30Emulator/MV'  using regular expression

24-10-2024T06:54:27 - [MESSAGE][PASSED] - Text '10.50' is set on object 'Object Repository/IWP30/Page_EmulatorAgencyX/Amount'

24-10-2024T06:54:28 - [MESSAGE][PASSED] - Text 'WnM7pRn4dSwy' is set on object 'Object Repository/IWP30/Page_EmulatorAgencyX/CAN'

24-10-2024T06:54:28 - [MESSAGE][PASSED] - Text 'PayNow' is set on object 'Object Repository/IWP30/Page_EmulatorAgencyX/Action'

24-10-2024T06:54:29 - [MESSAGE][PASSED] - Text 'en_US' is set on object 'Object Repository/IWP30/Page_EmulatorAgencyX/Lang'

24-10-2024T06:54:29 - [MESSAGE][PASSED] - Text '' is set on object 'Object Repository/IWP30/Page_EmulatorAgencyX/Fname'

24-10-2024T06:54:30 - [MESSAGE][PASSED] - Text '' is set on object 'Object Repository/IWP30/Page_EmulatorAgencyX/Lname'

24-10-2024T06:54:31 - [MESSAGE][PASSED] - Text '' is set on object 'Object Repository/IWP30/Page_EmulatorAgencyX/AL1'

24-10-2024T06:54:31 - [MESSAGE][PASSED] - Text '' is set on object 'Object Repository/IWP30/Page_EmulatorAgencyX/AL2'

24-10-2024T06:54:32 - [MESSAGE][PASSED] - Text '' is set on object 'Object Repository/IWP30/Page_EmulatorAgencyX/Country'

24-10-2024T06:54:32 - [MESSAGE][PASSED] - Text '' is set on object 'Object Repository/IWP30/Page_EmulatorAgencyX/City'

24-10-2024T06:54:33 - [MESSAGE][PASSED] - Text '' is set on object 'Object Repository/IWP30/Page_EmulatorAgencyX/State'

24-10-2024T06:54:33 - [MESSAGE][PASSED] - Text '' is set on object 'Object Repository/IWP30/Page_EmulatorAgencyX/ZIP'

24-10-2024T06:54:34 - [MESSAGE][PASSED] - Text '' is set on object 'Object Repository/IWP30/Page_EmulatorAgencyX/Order'

24-10-2024T06:54:35 - [MESSAGE][PASSED] - Text '' is set on object 'Object Repository/IWP30/Page_EmulatorAgencyX/Company'

24-10-2024T06:54:35 - [MESSAGE][PASSED] - Text '' is set on object 'Object Repository/IWP30/Page_EmulatorAgencyX/Email'

24-10-2024T06:54:36 - [MESSAGE][PASSED] - Text '' is set on object 'Object Repository/IWP30/Page_EmulatorAgencyX/UDF1'

24-10-2024T06:54:36 - [MESSAGE][PASSED] - Text '' is set on object 'Object Repository/IWP30/Page_EmulatorAgencyX/UDF2'

24-10-2024T06:54:37 - [MESSAGE][PASSED] - Text '' is set on object 'Object Repository/IWP30/Page_EmulatorAgencyX/UDF3'

24-10-2024T06:54:38 - [MESSAGE][PASSED] - Text 'udf data 4' is set on object 'Object Repository/IWP30/Page_EmulatorAgencyX/UDF4'

24-10-2024T06:54:38 - [MESSAGE][PASSED] - Text 'udf data 5' is set on object 'Object Repository/IWP30/Page_EmulatorAgencyX/UDF5'

24-10-2024T06:54:39 - [MESSAGE][PASSED] - Text '' is set on object 'Object Repository/IWP30/Page_EmulatorAgencyX/UDF6'

24-10-2024T06:54:39 - [MESSAGE][PASSED] - Text '' is set on object 'Object Repository/IWP30/Page_EmulatorAgencyX/UDF7'

24-10-2024T06:54:40 - [MESSAGE][PASSED] - Text '' is set on object 'Object Repository/IWP30/Page_EmulatorAgencyX/UDF8'

24-10-2024T06:54:41 - [MESSAGE][PASSED] - Text 'udf data 9' is set on object 'Object Repository/IWP30/Page_EmulatorAgencyX/UDF9'

24-10-2024T06:54:41 - [MESSAGE][PASSED] - Text 'udf data 10' is set on object 'Object Repository/IWP30/Page_EmulatorAgencyX/UDF10'

24-10-2024T06:54:43 - [MESSAGE][PASSED] - Object: 'Object Repository/IWP30/Page_EmulatorAgencyX/Submit' is clicked on

24-10-2024T06:54:47 - [MESSAGE][PASSED] - Browser is closed

24-10-2024T06:54:51 - [MESSAGE][PASSED] - iwpPages.emulatorIWP30.setDataEmulator_DD is PASSED

24-10-2024T06:54:51 - [TEST_STEP][PASSED] - testHarnessURL = urlTestHarness: null

24-10-2024T06:54:51 - [TEST_STEP][PASSED] - openBrowser(testHarnessURL): Browser is opened with url: 'https://dev-algorithm.govolution.com/vrelaytest/QA2/version_2_2/vrelaytest.html'

24-10-2024T06:54:51 - [MESSAGE][INFO] - Starting 'Edge Chromium' driver

24-10-2024T06:54:51 - [MESSAGE][INFO] - User set preference: ['acceptInsecureCerts', 'true']

24-10-2024T06:54:53 - [MESSAGE][INFO] - Action delay is set to 0 milliseconds

24-10-2024T06:54:57 - [MESSAGE][PASSED] - Browser is opened with url: 'https://dev-algorithm.govolution.com/vrelaytest/QA2/version_2_2/vrelaytest.html'

24-10-2024T06:54:57 - [TEST_STEP][PASSED] - maximizeWindow(): Current window maximized

24-10-2024T06:54:57 - [MESSAGE][PASSED] - Current window maximized

24-10-2024T06:54:57 - [TEST_STEP][PASSED] - iwpPages.TestHarnessPage.setDataMethodEF(row, dataFile): iwpPages.TestHarnessPage.setDataMethodEF is PASSED

24-10-2024T06:54:57 - [MESSAGE][PASSED] - Object 'Object Repository/IWP30/Page_QATestHarness/RemittanceID' is present

24-10-2024T06:54:58 - [MESSAGE][PASSED] - Text '638' is set on object 'Object Repository/IWP30/Page_QATestHarness/ApplicationID'

24-10-2024T06:54:58 - [MESSAGE][PASSED] - Text '2.5' is set on object 'Object Repository/IWP30/Page_QATestHarness/MessageVersion'

24-10-2024T06:54:59 - [MESSAGE][PASSED] - Text 'q7IjdUZbQ4Yi' is set on object 'Object Repository/IWP30/Page_QATestHarness/RemittanceID'

24-10-2024T06:55:02 - [MESSAGE][PASSED] - Object: 'Object Repository/IWP30/Page_QATestHarness/SubmitButton' is clicked on

24-10-2024T06:55:02 - [MESSAGE][PASSED] - iwpPages.TestHarnessPage.setDataMethodEF is PASSED

24-10-2024T06:55:02 - [TEST_STEP][PASSED] - click(findTestObject("Object Repository/IWP30/Page_SelectPaymentMethod/PayByCreditCard")): Object: 'Object Repository/IWP30/Page_SelectPaymentMethod/PayByCreditCard' is clicked on

24-10-2024T06:55:03 - [MESSAGE][PASSED] - Object: 'Object Repository/IWP30/Page_SelectPaymentMethod/PayByCreditCard' is clicked on

24-10-2024T06:55:03 - [TEST_STEP][PASSED] - click(findTestObject("Object Repository/IWP30/Page_SelectPaymentMethod/MakePaymentButton")): Object: 'Object Repository/IWP30/Page_SelectPaymentMethod/MakePaymentButton' is clicked on

24-10-2024T06:55:06 - [MESSAGE][PASSED] - Object: 'Object Repository/IWP30/Page_SelectPaymentMethod/MakePaymentButton' is clicked on

24-10-2024T06:55:06 - [TEST_STEP][PASSED] - iwpPages.ccPaymentEntryPage.setDataCCPM(row, dataFile): iwpPages.ccPaymentEntryPage.setDataCCPM is PASSED

24-10-2024T06:55:07 - [MESSAGE][PASSED] - Object 'Object Repository/IWP30/Page_CCPaymentEntry/Name' is present

24-10-2024T06:55:08 - [MESSAGE][PASSED] - Text '10.50' is set on object 'Object Repository/IWP30/Page_CCPaymentEntry/Amount'

24-10-2024T06:55:08 - [MESSAGE][PASSED] - Text 'udf data 2' is set on object 'Object Repository/IWP30/Page_CCPaymentEntry/UserDefined2'

24-10-2024T06:55:09 - [MESSAGE][PASSED] - Text 'udf data 3' is set on object 'Object Repository/IWP30/Page_CCPaymentEntry/UserDefined3'

24-10-2024T06:55:09 - [MESSAGE][PASSED] - All options with label 'Orange' are selected in object 'Object Repository/IWP30/Page_CCPaymentEntry/UserDefined7' 

24-10-2024T06:55:10 - [MESSAGE][PASSED] - All options with label 'Soccer' are selected in object 'Object Repository/IWP30/Page_CCPaymentEntry/UserDefined8' 

24-10-2024T06:55:10 - [MESSAGE][PASSED] - Object 'Object Repository/IWP30/Page_CCPaymentEntry/Name' is present

24-10-2024T06:55:11 - [MESSAGE][PASSED] - Text 'Kavita Ranawati' is set on object 'Object Repository/IWP30/Page_CCPaymentEntry/Name'

24-10-2024T06:55:11 - [MESSAGE][PASSED] - Object 'Object Repository/IWP30/Page_CCPaymentEntry/CardNumber' is present

24-10-2024T06:55:12 - [MESSAGE][PASSED] - Text '4111111111111111' is set on object 'Object Repository/IWP30/Page_CCPaymentEntry/CardNumber'

24-10-2024T06:55:12 - [MESSAGE][PASSED] - Text '123' is set on object 'Object Repository/IWP30/Page_CCPaymentEntry/SPC'

24-10-2024T06:55:13 - [MESSAGE][PASSED] - Object 'Object Repository/IWP30/Page_CCPaymentEntry/Month' is present

24-10-2024T06:55:13 - [MESSAGE][PASSED] - All options with label '01' are selected in object 'Object Repository/IWP30/Page_CCPaymentEntry/Month' 

24-10-2024T06:55:13 - [MESSAGE][PASSED] - Object 'Object Repository/IWP30/Page_CCPaymentEntry/Year' is present

24-10-2024T06:55:14 - [MESSAGE][PASSED] - All options with label '2028' are selected in object 'Object Repository/IWP30/Page_CCPaymentEntry/Year' 

24-10-2024T06:55:14 - [MESSAGE][PASSED] - Execute JavaScript '
				   document.getElementById('processDate').value = '08/09/2025'
				  ' successfully

24-10-2024T06:55:15 - [MESSAGE][PASSED] - Text '365 Main Avenue' is set on object 'Object Repository/IWP30/Page_CCPaymentEntry/AL1'

24-10-2024T06:55:15 - [MESSAGE][PASSED] - Text 'Ohio' is set on object 'Object Repository/IWP30/Page_CCPaymentEntry/AL2'

24-10-2024T06:55:16 - [MESSAGE][PASSED] - Text '22201' is set on object 'Object Repository/IWP30/Page_CCPaymentEntry/ZIP'

24-10-2024T06:55:16 - [MESSAGE][PASSED] - Object 'Object Repository/IWP30/Page_CCPaymentEntry/EmailAddress' is present

24-10-2024T06:55:18 - [MESSAGE][PASSED] - Text 'iahmed@govolution.com' is set on object 'Object Repository/IWP30/Page_CCPaymentEntry/EmailAddress'

24-10-2024T06:55:18 - [MESSAGE][PASSED] - Object 'Object Repository/IWP30/Page_CCPaymentEntry/TermCondCheckBox' is present

24-10-2024T06:55:18 - [MESSAGE][PASSED] - Object 'Object Repository/IWP30/Page_CCPaymentEntry/TermCondCheckBox' is checked

24-10-2024T06:55:19 - [MESSAGE][PASSED] - Object 'Object Repository/IWP30/Page_CCPaymentEntry/ContinueButton' is present

24-10-2024T06:55:20 - [MESSAGE][PASSED] - Object: 'Object Repository/IWP30/Page_CCPaymentEntry/ContinueButton' is clicked on

24-10-2024T06:55:20 - [MESSAGE][PASSED] - iwpPages.ccPaymentEntryPage.setDataCCPM is PASSED

24-10-2024T06:55:20 - [TEST_STEP][PASSED] - click(findTestObject("Object Repository/IWP30/Page_Confirmation/ConfirmButton")): Object: 'Object Repository/IWP30/Page_Confirmation/ConfirmButton' is clicked on

24-10-2024T06:55:22 - [MESSAGE][PASSED] - Object: 'Object Repository/IWP30/Page_Confirmation/ConfirmButton' is clicked on

24-10-2024T06:55:22 - [TEST_STEP][PASSED] - Thread.sleep(2000): null

24-10-2024T06:55:24 - [TEST_STEP][PASSED] - if (verifyTextPresent("Deferred", false)): null

24-10-2024T06:55:25 - [MESSAGE][PASSED] - Text 'Deferred' is present on page 

24-10-2024T06:55:25 - [TEST_STEP][PASSED] - click(findTestObject("Object Repository/IWP30/Page_Receipt/ViewScheduledPaymentsButton")): Object: 'Object Repository/IWP30/Page_Receipt/ViewScheduledPaymentsButton' is clicked on

24-10-2024T06:55:25 - [MESSAGE][PASSED] - Object: 'Object Repository/IWP30/Page_Receipt/ViewScheduledPaymentsButton' is clicked on

24-10-2024T06:55:25 - [TEST_STEP][PASSED] - switchToWindowTitle("View Scheduled Payments"): Switched to window with title: 'View Scheduled Payments'

24-10-2024T06:55:25 - [MESSAGE][PASSED] - Switched to window with title: 'View Scheduled Payments'

24-10-2024T06:55:25 - [TEST_STEP][PASSED] - Thread.sleep(4000): null

24-10-2024T06:55:29 - [TEST_STEP][PASSED] - if (verifyTextPresent("View Scheduled Payments", false)): null

24-10-2024T06:55:30 - [MESSAGE][PASSED] - Text 'View Scheduled Payments' is present on page 

24-10-2024T06:55:30 - [TEST_STEP][PASSED] - click(findTestObject("Object Repository/IWP30/Page_ScheduledPayments/cancel_payment")): Object: 'Object Repository/IWP30/Page_ScheduledPayments/cancel_payment' is clicked on

24-10-2024T06:55:31 - [MESSAGE][PASSED] - Object: 'Object Repository/IWP30/Page_ScheduledPayments/cancel_payment' is clicked on

24-10-2024T06:55:31 - [TEST_STEP][PASSED] - if (verifyTextPresent("Cancel Payment Plan", false)): null

24-10-2024T06:55:32 - [MESSAGE][PASSED] - Text 'Cancel Payment Plan' is present on page 

24-10-2024T06:55:32 - [TEST_STEP][PASSED] - click(findTestObject("Object Repository/IWP30/Page_PaymentPlan/btn_cancel")): Object: 'Object Repository/IWP30/Page_PaymentPlan/btn_cancel' is clicked on

24-10-2024T06:55:32 - [MESSAGE][PASSED] - Object: 'Object Repository/IWP30/Page_PaymentPlan/btn_cancel' is clicked on

24-10-2024T06:55:32 - [TEST_STEP][PASSED] - acceptAlert(): Alert accepted

24-10-2024T06:55:32 - [MESSAGE][PASSED] - Alert accepted

24-10-2024T06:55:32 - [TEST_STEP][PASSED] - if (verifyTextPresent("Your payment plan has been successfully canceled", false)): null

24-10-2024T06:55:33 - [MESSAGE][PASSED] - Text 'Your payment plan has been successfully canceled' is present on page 

24-10-2024T06:55:33 - [TEST_STEP][PASSED] - isRequiredTextPresent = true: null

24-10-2024T06:55:33 - [TEST_STEP][PASSED] - println(isRequiredTextPresent): null

24-10-2024T06:55:33 - [TEST_STEP][PASSED] - if (isRequiredTextPresent): null

24-10-2024T06:55:33 - [TEST_STEP][PASSED] - if (verifyTextPresent("CAN Label:", false)): null

24-10-2024T06:55:34 - [MESSAGE][PASSED] - Text 'CAN Label:' is present on page 

24-10-2024T06:55:34 - [TEST_STEP][PASSED] - isRequiredTextPresent = true: null

24-10-2024T06:55:34 - [TEST_STEP][PASSED] - println(isRequiredTextPresent): null

24-10-2024T06:55:34 - [TEST_STEP][PASSED] - if (isRequiredTextPresent): null

24-10-2024T06:55:34 - [TEST_STEP][PASSED] - if (verifyTextPresent("Please verify the following information:", false)): null

24-10-2024T06:55:34 - [MESSAGE][PASSED] - Text 'Please verify the following information:' is present on page 

24-10-2024T06:55:34 - [TEST_STEP][PASSED] - isRequiredTextPresent = true: null

24-10-2024T06:55:34 - [TEST_STEP][PASSED] - println(isRequiredTextPresent): null

24-10-2024T06:55:34 - [TEST_STEP][PASSED] - if (isRequiredTextPresent): null

24-10-2024T06:55:34 - [TEST_STEP][PASSED] - if (verifyTextPresent("Payment Information:", false)): null

24-10-2024T06:55:34 - [MESSAGE][PASSED] - Text 'Payment Information:' is present on page 

24-10-2024T06:55:34 - [TEST_STEP][PASSED] - isRequiredTextPresent = true: null

24-10-2024T06:55:34 - [TEST_STEP][PASSED] - println(isRequiredTextPresent): null

24-10-2024T06:55:34 - [TEST_STEP][PASSED] - if (isRequiredTextPresent): null

24-10-2024T06:55:34 - [TEST_STEP][PASSED] - if (verifyTextPresent("UDF2 Label:", false)): null

24-10-2024T06:55:34 - [MESSAGE][PASSED] - Text 'UDF2 Label:' is present on page 

24-10-2024T06:55:34 - [TEST_STEP][PASSED] - isRequiredTextPresent = true: null

24-10-2024T06:55:34 - [TEST_STEP][PASSED] - println(isRequiredTextPresent): null

24-10-2024T06:55:34 - [TEST_STEP][PASSED] - if (isRequiredTextPresent): null

24-10-2024T06:55:34 - [TEST_STEP][PASSED] - if (verifyTextPresent("UDF3 Label:", false)): null

24-10-2024T06:55:35 - [MESSAGE][PASSED] - Text 'UDF3 Label:' is present on page 

24-10-2024T06:55:35 - [TEST_STEP][PASSED] - isRequiredTextPresent = true: null

24-10-2024T06:55:35 - [TEST_STEP][PASSED] - println(isRequiredTextPresent): null

24-10-2024T06:55:35 - [TEST_STEP][PASSED] - if (isRequiredTextPresent): null

24-10-2024T06:55:35 - [TEST_STEP][PASSED] - if (verifyTextPresent("UDF4 Label:", false)): null

24-10-2024T06:55:35 - [MESSAGE][PASSED] - Text 'UDF4 Label:' is present on page 

24-10-2024T06:55:35 - [TEST_STEP][PASSED] - isRequiredTextPresent = true: null

24-10-2024T06:55:35 - [TEST_STEP][PASSED] - println(isRequiredTextPresent): null

24-10-2024T06:55:35 - [TEST_STEP][PASSED] - if (isRequiredTextPresent): null

24-10-2024T06:55:35 - [TEST_STEP][PASSED] - if (verifyTextPresent("UDF7 Label:", false)): null

24-10-2024T06:55:35 - [MESSAGE][PASSED] - Text 'UDF7 Label:' is present on page 

24-10-2024T06:55:35 - [TEST_STEP][PASSED] - isRequiredTextPresent = true: null

24-10-2024T06:55:35 - [TEST_STEP][PASSED] - println(isRequiredTextPresent): null

24-10-2024T06:55:35 - [TEST_STEP][PASSED] - if (isRequiredTextPresent): null

24-10-2024T06:55:35 - [TEST_STEP][PASSED] - if (verifyTextPresent("UDF8 Label:", false)): null

24-10-2024T06:55:35 - [MESSAGE][PASSED] - Text 'UDF8 Label:' is present on page 

24-10-2024T06:55:35 - [TEST_STEP][PASSED] - isRequiredTextPresent = true: null

24-10-2024T06:55:35 - [TEST_STEP][PASSED] - println(isRequiredTextPresent): null

24-10-2024T06:55:35 - [TEST_STEP][PASSED] - if (isRequiredTextPresent): null

24-10-2024T06:55:35 - [TEST_STEP][PASSED] - if (verifyTextPresent("UDF9 Label:", false)): null

24-10-2024T06:55:36 - [MESSAGE][PASSED] - Text 'UDF9 Label:' is present on page 

24-10-2024T06:55:36 - [TEST_STEP][PASSED] - isRequiredTextPresent = true: null

24-10-2024T06:55:36 - [TEST_STEP][PASSED] - println(isRequiredTextPresent): null

24-10-2024T06:55:36 - [TEST_STEP][PASSED] - if (isRequiredTextPresent): null

24-10-2024T06:55:36 - [TEST_STEP][PASSED] - if (verifyTextPresent("Card Information", false)): null

24-10-2024T06:55:36 - [MESSAGE][PASSED] - Text 'Card Information' is present on page 

24-10-2024T06:55:36 - [TEST_STEP][PASSED] - isRequiredTextPresent = true: null

24-10-2024T06:55:36 - [TEST_STEP][PASSED] - println(isRequiredTextPresent): null

24-10-2024T06:55:36 - [TEST_STEP][PASSED] - if (isRequiredTextPresent): null

24-10-2024T06:55:36 - [TEST_STEP][PASSED] - if (verifyTextPresent("Cardholder's Name:", false)): null

24-10-2024T06:55:36 - [MESSAGE][PASSED] - Text 'Cardholder's Name:' is present on page 

24-10-2024T06:55:36 - [TEST_STEP][PASSED] - isRequiredTextPresent = true: null

24-10-2024T06:55:36 - [TEST_STEP][PASSED] - println(isRequiredTextPresent): null

24-10-2024T06:55:36 - [TEST_STEP][PASSED] - if (isRequiredTextPresent): null

24-10-2024T06:55:36 - [TEST_STEP][PASSED] - if (verifyTextPresent("Card Type:", false)): null

24-10-2024T06:55:37 - [MESSAGE][PASSED] - Text 'Card Type:' is present on page 

24-10-2024T06:55:37 - [TEST_STEP][PASSED] - isRequiredTextPresent = true: null

24-10-2024T06:55:37 - [TEST_STEP][PASSED] - println(isRequiredTextPresent): null

24-10-2024T06:55:37 - [TEST_STEP][PASSED] - if (isRequiredTextPresent): null

24-10-2024T06:55:37 - [TEST_STEP][PASSED] - if (verifyTextPresent("Card Number:", false)): null

24-10-2024T06:55:37 - [MESSAGE][PASSED] - Text 'Card Number:' is present on page 

24-10-2024T06:55:37 - [TEST_STEP][PASSED] - isRequiredTextPresent = true: null

24-10-2024T06:55:37 - [TEST_STEP][PASSED] - println(isRequiredTextPresent): null

24-10-2024T06:55:37 - [TEST_STEP][PASSED] - if (isRequiredTextPresent): null

24-10-2024T06:55:37 - [TEST_STEP][PASSED] - if (verifyTextPresent("Card Security Code:", false)): null

24-10-2024T06:55:37 - [MESSAGE][PASSED] - Text 'Card Security Code:' is present on page 

24-10-2024T06:55:37 - [TEST_STEP][PASSED] - isRequiredTextPresent = true: null

24-10-2024T06:55:37 - [TEST_STEP][PASSED] - println(isRequiredTextPresent): null

24-10-2024T06:55:37 - [TEST_STEP][PASSED] - if (isRequiredTextPresent): null

24-10-2024T06:55:37 - [TEST_STEP][PASSED] - if (verifyTextPresent("Expiration Date:", false)): null

24-10-2024T06:55:38 - [MESSAGE][PASSED] - Text 'Expiration Date:' is present on page 

24-10-2024T06:55:38 - [TEST_STEP][PASSED] - isRequiredTextPresent = true: null

24-10-2024T06:55:38 - [TEST_STEP][PASSED] - println(isRequiredTextPresent): null

24-10-2024T06:55:38 - [TEST_STEP][PASSED] - if (isRequiredTextPresent): null

24-10-2024T06:55:38 - [TEST_STEP][PASSED] - if (verifyTextPresent("Billing Information:", false)): null

24-10-2024T06:55:38 - [MESSAGE][PASSED] - Text 'Billing Information:' is present on page 

24-10-2024T06:55:38 - [TEST_STEP][PASSED] - isRequiredTextPresent = true: null

24-10-2024T06:55:38 - [TEST_STEP][PASSED] - println(isRequiredTextPresent): null

24-10-2024T06:55:38 - [TEST_STEP][PASSED] - if (isRequiredTextPresent): null

24-10-2024T06:55:38 - [TEST_STEP][PASSED] - if (verifyTextPresent("Address Line 1:", false)): null

24-10-2024T06:55:38 - [MESSAGE][PASSED] - Text 'Address Line 1:' is present on page 

24-10-2024T06:55:38 - [TEST_STEP][PASSED] - isRequiredTextPresent = true: null

24-10-2024T06:55:38 - [TEST_STEP][PASSED] - println(isRequiredTextPresent): null

24-10-2024T06:55:38 - [TEST_STEP][PASSED] - if (isRequiredTextPresent): null

24-10-2024T06:55:38 - [TEST_STEP][PASSED] - if (verifyTextPresent("Address Line 2:", false)): null

24-10-2024T06:55:38 - [MESSAGE][PASSED] - Text 'Address Line 2:' is present on page 

24-10-2024T06:55:38 - [TEST_STEP][PASSED] - isRequiredTextPresent = true: null

24-10-2024T06:55:38 - [TEST_STEP][PASSED] - println(isRequiredTextPresent): null

24-10-2024T06:55:38 - [TEST_STEP][PASSED] - if (isRequiredTextPresent): null

24-10-2024T06:55:38 - [TEST_STEP][PASSED] - if (verifyTextPresent("Country:", false)): null

24-10-2024T06:55:39 - [MESSAGE][PASSED] - Text 'Country:' is present on page 

24-10-2024T06:55:39 - [TEST_STEP][PASSED] - isRequiredTextPresent = true: null

24-10-2024T06:55:39 - [TEST_STEP][PASSED] - println(isRequiredTextPresent): null

24-10-2024T06:55:39 - [TEST_STEP][PASSED] - if (isRequiredTextPresent): null

24-10-2024T06:55:39 - [TEST_STEP][PASSED] - if (verifyTextNotPresent("City:", false)): null

24-10-2024T06:55:39 - [MESSAGE][PASSED] - Text 'City:' is not present on page

24-10-2024T06:55:39 - [TEST_STEP][PASSED] - isRequiredTextPresent = true: null

24-10-2024T06:55:39 - [TEST_STEP][PASSED] - println(isRequiredTextPresent): null

24-10-2024T06:55:39 - [TEST_STEP][PASSED] - if (isRequiredTextPresent): null

24-10-2024T06:55:39 - [TEST_STEP][PASSED] - if (verifyTextPresent("State:", false)): null

24-10-2024T06:55:39 - [MESSAGE][PASSED] - Text 'State:' is present on page 

24-10-2024T06:55:39 - [TEST_STEP][PASSED] - isRequiredTextPresent = true: null

24-10-2024T06:55:39 - [TEST_STEP][PASSED] - println(isRequiredTextPresent): null

24-10-2024T06:55:39 - [TEST_STEP][PASSED] - if (isRequiredTextPresent): null

24-10-2024T06:55:39 - [TEST_STEP][PASSED] - if (verifyTextPresent("ZIP Code:", false)): null

24-10-2024T06:55:40 - [MESSAGE][PASSED] - Text 'ZIP Code:' is present on page 

24-10-2024T06:55:40 - [TEST_STEP][PASSED] - isRequiredTextPresent = true: null

24-10-2024T06:55:40 - [TEST_STEP][PASSED] - println(isRequiredTextPresent): null

24-10-2024T06:55:40 - [TEST_STEP][PASSED] - if (isRequiredTextPresent): null

24-10-2024T06:55:40 - [TEST_STEP][PASSED] - if (verifyTextPresent("Email Address:", false)): null

24-10-2024T06:55:40 - [MESSAGE][PASSED] - Text 'Email Address:' is present on page 

24-10-2024T06:55:40 - [TEST_STEP][PASSED] - isRequiredTextPresent = true: null

24-10-2024T06:55:40 - [TEST_STEP][PASSED] - println(isRequiredTextPresent): null

24-10-2024T06:55:40 - [TEST_STEP][PASSED] - if (isRequiredTextPresent): null

24-10-2024T06:55:40 - [TEST_STEP][PASSED] - if (verifyTextPresent("Payment Plan Information:", false)): null

24-10-2024T06:55:40 - [MESSAGE][PASSED] - Text 'Payment Plan Information:' is present on page 

24-10-2024T06:55:40 - [TEST_STEP][PASSED] - isRequiredTextPresent = true: null

24-10-2024T06:55:40 - [TEST_STEP][PASSED] - println(isRequiredTextPresent): null

24-10-2024T06:55:40 - [TEST_STEP][PASSED] - if (isRequiredTextPresent): null

24-10-2024T06:55:40 - [TEST_STEP][PASSED] - if (verifyTextPresent("Payment Plan Type:", false)): null

24-10-2024T06:55:40 - [MESSAGE][PASSED] - Text 'Payment Plan Type:' is present on page 

24-10-2024T06:55:40 - [TEST_STEP][PASSED] - isRequiredTextPresent = true: null

24-10-2024T06:55:40 - [TEST_STEP][PASSED] - println(isRequiredTextPresent): null

24-10-2024T06:55:40 - [TEST_STEP][PASSED] - if (isRequiredTextPresent): null

24-10-2024T06:55:40 - [TEST_STEP][PASSED] - if (verifyTextPresent("Payment Plan Status:", false)): null

24-10-2024T06:55:41 - [MESSAGE][PASSED] - Text 'Payment Plan Status:' is present on page 

24-10-2024T06:55:41 - [TEST_STEP][PASSED] - isRequiredTextPresent = true: null

24-10-2024T06:55:41 - [TEST_STEP][PASSED] - println(isRequiredTextPresent): null

24-10-2024T06:55:41 - [TEST_STEP][PASSED] - if (isRequiredTextPresent): null

24-10-2024T06:55:41 - [TEST_STEP][PASSED] - if (verifyTextPresent("Payment Plan ID:", false)): null

24-10-2024T06:55:41 - [MESSAGE][PASSED] - Text 'Payment Plan ID:' is present on page 

24-10-2024T06:55:41 - [TEST_STEP][PASSED] - isRequiredTextPresent = true: null

24-10-2024T06:55:41 - [TEST_STEP][PASSED] - println(isRequiredTextPresent): null

24-10-2024T06:55:41 - [TEST_STEP][PASSED] - if (isRequiredTextPresent): null

24-10-2024T06:55:41 - [TEST_STEP][PASSED] - if (verifyTextPresent("Payment Plan Start Date:", false)): null

24-10-2024T06:55:41 - [MESSAGE][PASSED] - Text 'Payment Plan Start Date:' is present on page 

24-10-2024T06:55:41 - [TEST_STEP][PASSED] - isRequiredTextPresent = true: null

24-10-2024T06:55:41 - [TEST_STEP][PASSED] - println(isRequiredTextPresent): null

24-10-2024T06:55:41 - [TEST_STEP][PASSED] - if (isRequiredTextPresent): null

24-10-2024T06:55:41 - [TEST_STEP][PASSED] - if (verifyTextPresent("Amount:", false)): null

24-10-2024T06:55:41 - [MESSAGE][PASSED] - Text 'Amount:' is present on page 

24-10-2024T06:55:41 - [TEST_STEP][PASSED] - isRequiredTextPresent = true: null

24-10-2024T06:55:41 - [TEST_STEP][PASSED] - println(isRequiredTextPresent): null

24-10-2024T06:55:41 - [TEST_STEP][PASSED] - if (isRequiredTextPresent == true): pages.WriteExcel.demoKey is PASSED

24-10-2024T06:55:41 - [TEST_STEP][PASSED] - println("All the relevant texts are present on Receipt Page"): null

24-10-2024T06:55:41 - [TEST_STEP][PASSED] - markPassed("All the relevant texts are present on Receipt Page"): All the relevant texts are present on Receipt Page

24-10-2024T06:55:41 - [MESSAGE][PASSED] - All the relevant texts are present on Receipt Page

24-10-2024T06:55:41 - [TEST_STEP][PASSED] - resText = "Pass": null

24-10-2024T06:55:41 - [TEST_STEP][PASSED] - pages.WriteExcel.demoKey(resText, datText, resColumn, datCloumn, fileLoc, nameSheet, row): pages.WriteExcel.demoKey is PASSED

24-10-2024T06:55:42 - [MESSAGE][PASSED] - pages.WriteExcel.demoKey is PASSED

24-10-2024T06:55:42 - [TEST_STEP][PASSED] - closeBrowser(): Browser is closed

24-10-2024T06:55:43 - [MESSAGE][PASSED] - Browser is closed

24-10-2024T06:55:43 - [TEST_STEP][PASSED] - ExecuteTC = dataFile.getValue("Execute", row): null

24-10-2024T06:55:43 - [TEST_STEP][PASSED] - out.println("Value of Execute is : " + ExecuteTC): null

24-10-2024T06:55:43 - [TEST_STEP][PASSED] - if (ExecuteTC.equalsIgnoreCase("Y")): null

24-10-2024T06:55:43 - [TEST_STEP][PASSED] - out.println("Begin Record Number: " + row): null

24-10-2024T06:55:43 - [TEST_STEP][PASSED] - today = new java.util.Date(): null

24-10-2024T06:55:43 - [TEST_STEP][PASSED] - println(today): null

24-10-2024T06:55:43 - [TEST_STEP][PASSED] - datText = today: null

24-10-2024T06:55:43 - [TEST_STEP][PASSED] - EmulatorDataKey = dataFile.getValue("EmulatorData", row): null

24-10-2024T06:55:43 - [TEST_STEP][PASSED] - out.println("Value of Emulator Key is : " + EmulatorDataKey): null

24-10-2024T06:55:43 - [TEST_STEP][PASSED] - iwpPages.emulatorIWP30.setDataEmulator_DD(EmulatorDataKey): iwpPages.emulatorIWP30.setDataEmulator_DD is PASSED

24-10-2024T06:55:43 - [MESSAGE][INFO] - Starting 'Edge Chromium' driver

24-10-2024T06:55:43 - [MESSAGE][INFO] - User set preference: ['acceptInsecureCerts', 'true']

24-10-2024T06:55:46 - [MESSAGE][INFO] - Action delay is set to 0 milliseconds

24-10-2024T06:55:50 - [MESSAGE][PASSED] - Browser is opened with url: 'https://qa2.velocitypayment.com/agencyx/config.action?action=editor&message_version=3_0'

24-10-2024T06:55:50 - [MESSAGE][PASSED] - Current window maximized

24-10-2024T06:56:21 - [MESSAGE][INFO] - Unable to find the element located by 'By.xpath: //select[@name='message_version']'. Please recheck the objects properties to make sure the desired element is located. 

24-10-2024T06:56:21 - [MESSAGE][WARNING] - [SELF-HEALING] Failed to find element with id 'Object Repository/IWP30/Page_VRelay30Emulator/MV'. Try using Self-healing.

24-10-2024T06:56:21 - [MESSAGE][WARNING] - [SELF-HEALING] The current locator of test object 'Object Repository/IWP30/Page_VRelay30Emulator/MV' was broken. Propose an alternative one: '(.//*[normalize-space(text()) and normalize-space(.)='Message Version'])[1]/following::select[1]'.

24-10-2024T06:56:22 - [MESSAGE][PASSED] - All options with value '3.0' are selected in object 'Object Repository/IWP30/Page_VRelay30Emulator/MV'  using regular expression

24-10-2024T06:56:22 - [MESSAGE][PASSED] - Text '10.50' is set on object 'Object Repository/IWP30/Page_EmulatorAgencyX/Amount'

24-10-2024T06:56:23 - [MESSAGE][PASSED] - Text 'Ip7k4PGkcFZ6' is set on object 'Object Repository/IWP30/Page_EmulatorAgencyX/CAN'

24-10-2024T06:56:24 - [MESSAGE][PASSED] - Text 'PayNow' is set on object 'Object Repository/IWP30/Page_EmulatorAgencyX/Action'

24-10-2024T06:56:24 - [MESSAGE][PASSED] - Text 'en_US' is set on object 'Object Repository/IWP30/Page_EmulatorAgencyX/Lang'

24-10-2024T06:56:25 - [MESSAGE][PASSED] - Text '' is set on object 'Object Repository/IWP30/Page_EmulatorAgencyX/Fname'

24-10-2024T06:56:25 - [MESSAGE][PASSED] - Text '' is set on object 'Object Repository/IWP30/Page_EmulatorAgencyX/Lname'

24-10-2024T06:56:26 - [MESSAGE][PASSED] - Text '' is set on object 'Object Repository/IWP30/Page_EmulatorAgencyX/AL1'

24-10-2024T06:56:27 - [MESSAGE][PASSED] - Text '' is set on object 'Object Repository/IWP30/Page_EmulatorAgencyX/AL2'

24-10-2024T06:56:27 - [MESSAGE][PASSED] - Text '' is set on object 'Object Repository/IWP30/Page_EmulatorAgencyX/Country'

24-10-2024T06:56:28 - [MESSAGE][PASSED] - Text '' is set on object 'Object Repository/IWP30/Page_EmulatorAgencyX/City'

24-10-2024T06:56:28 - [MESSAGE][PASSED] - Text '' is set on object 'Object Repository/IWP30/Page_EmulatorAgencyX/State'

24-10-2024T06:56:29 - [MESSAGE][PASSED] - Text '' is set on object 'Object Repository/IWP30/Page_EmulatorAgencyX/ZIP'

24-10-2024T06:56:29 - [MESSAGE][PASSED] - Text '' is set on object 'Object Repository/IWP30/Page_EmulatorAgencyX/Order'

24-10-2024T06:56:30 - [MESSAGE][PASSED] - Text '' is set on object 'Object Repository/IWP30/Page_EmulatorAgencyX/Company'

24-10-2024T06:56:31 - [MESSAGE][PASSED] - Text '' is set on object 'Object Repository/IWP30/Page_EmulatorAgencyX/Email'

24-10-2024T06:56:31 - [MESSAGE][PASSED] - Text '' is set on object 'Object Repository/IWP30/Page_EmulatorAgencyX/UDF1'

24-10-2024T06:56:32 - [MESSAGE][PASSED] - Text '' is set on object 'Object Repository/IWP30/Page_EmulatorAgencyX/UDF2'

24-10-2024T06:56:32 - [MESSAGE][PASSED] - Text '' is set on object 'Object Repository/IWP30/Page_EmulatorAgencyX/UDF3'

24-10-2024T06:56:33 - [MESSAGE][PASSED] - Text 'udf data 4' is set on object 'Object Repository/IWP30/Page_EmulatorAgencyX/UDF4'

24-10-2024T06:56:33 - [MESSAGE][PASSED] - Text 'udf data 5' is set on object 'Object Repository/IWP30/Page_EmulatorAgencyX/UDF5'

24-10-2024T06:56:34 - [MESSAGE][PASSED] - Text '' is set on object 'Object Repository/IWP30/Page_EmulatorAgencyX/UDF6'

24-10-2024T06:56:35 - [MESSAGE][PASSED] - Text '' is set on object 'Object Repository/IWP30/Page_EmulatorAgencyX/UDF7'

24-10-2024T06:56:35 - [MESSAGE][PASSED] - Text '' is set on object 'Object Repository/IWP30/Page_EmulatorAgencyX/UDF8'

24-10-2024T06:56:36 - [MESSAGE][PASSED] - Text 'udf data 9' is set on object 'Object Repository/IWP30/Page_EmulatorAgencyX/UDF9'

24-10-2024T06:56:36 - [MESSAGE][PASSED] - Text 'udf data 10' is set on object 'Object Repository/IWP30/Page_EmulatorAgencyX/UDF10'

24-10-2024T06:56:38 - [MESSAGE][PASSED] - Object: 'Object Repository/IWP30/Page_EmulatorAgencyX/Submit' is clicked on

24-10-2024T06:56:42 - [MESSAGE][PASSED] - Browser is closed

24-10-2024T06:56:46 - [MESSAGE][PASSED] - iwpPages.emulatorIWP30.setDataEmulator_DD is PASSED

24-10-2024T06:56:46 - [TEST_STEP][PASSED] - testHarnessURL = urlTestHarness: null

24-10-2024T06:56:46 - [TEST_STEP][PASSED] - openBrowser(testHarnessURL): Browser is opened with url: 'https://dev-algorithm.govolution.com/vrelaytest/QA2/version_2_2/vrelaytest.html'

24-10-2024T06:56:46 - [MESSAGE][INFO] - Starting 'Edge Chromium' driver

24-10-2024T06:56:46 - [MESSAGE][INFO] - User set preference: ['acceptInsecureCerts', 'true']

24-10-2024T06:56:48 - [MESSAGE][INFO] - Action delay is set to 0 milliseconds

24-10-2024T06:56:52 - [MESSAGE][PASSED] - Browser is opened with url: 'https://dev-algorithm.govolution.com/vrelaytest/QA2/version_2_2/vrelaytest.html'

24-10-2024T06:56:52 - [TEST_STEP][PASSED] - maximizeWindow(): Current window maximized

24-10-2024T06:56:52 - [MESSAGE][PASSED] - Current window maximized

24-10-2024T06:56:52 - [TEST_STEP][PASSED] - iwpPages.TestHarnessPage.setDataMethodEF(row, dataFile): iwpPages.TestHarnessPage.setDataMethodEF is PASSED

24-10-2024T06:56:52 - [MESSAGE][PASSED] - Object 'Object Repository/IWP30/Page_QATestHarness/RemittanceID' is present

24-10-2024T06:56:53 - [MESSAGE][PASSED] - Text '649' is set on object 'Object Repository/IWP30/Page_QATestHarness/ApplicationID'

24-10-2024T06:56:53 - [MESSAGE][PASSED] - Text '3.0' is set on object 'Object Repository/IWP30/Page_QATestHarness/MessageVersion'

24-10-2024T06:56:54 - [MESSAGE][PASSED] - Text '9HgMjVRtMOaJ' is set on object 'Object Repository/IWP30/Page_QATestHarness/RemittanceID'

24-10-2024T06:56:58 - [MESSAGE][PASSED] - Object: 'Object Repository/IWP30/Page_QATestHarness/SubmitButton' is clicked on

24-10-2024T06:56:58 - [MESSAGE][PASSED] - iwpPages.TestHarnessPage.setDataMethodEF is PASSED

24-10-2024T06:56:58 - [TEST_STEP][PASSED] - click(findTestObject("Object Repository/IWP30/Page_SelectPaymentMethod/PayByCreditCard")): Object: 'Object Repository/IWP30/Page_SelectPaymentMethod/PayByCreditCard' is clicked on

24-10-2024T06:56:58 - [MESSAGE][PASSED] - Object: 'Object Repository/IWP30/Page_SelectPaymentMethod/PayByCreditCard' is clicked on

24-10-2024T06:56:58 - [TEST_STEP][PASSED] - click(findTestObject("Object Repository/IWP30/Page_SelectPaymentMethod/MakePaymentButton")): Object: 'Object Repository/IWP30/Page_SelectPaymentMethod/MakePaymentButton' is clicked on

24-10-2024T06:57:01 - [MESSAGE][PASSED] - Object: 'Object Repository/IWP30/Page_SelectPaymentMethod/MakePaymentButton' is clicked on

24-10-2024T06:57:01 - [TEST_STEP][PASSED] - iwpPages.ccPaymentEntryPage.setDataCCPM(row, dataFile): iwpPages.ccPaymentEntryPage.setDataCCPM is PASSED

24-10-2024T06:57:01 - [MESSAGE][PASSED] - Object 'Object Repository/IWP30/Page_CCPaymentEntry/Name' is present

24-10-2024T06:57:02 - [MESSAGE][PASSED] - Text '10.50' is set on object 'Object Repository/IWP30/Page_CCPaymentEntry/Amount'

24-10-2024T06:57:02 - [MESSAGE][PASSED] - Text 'udf data 2' is set on object 'Object Repository/IWP30/Page_CCPaymentEntry/UserDefined2'

24-10-2024T06:57:03 - [MESSAGE][PASSED] - Text 'udf data 3' is set on object 'Object Repository/IWP30/Page_CCPaymentEntry/UserDefined3'

24-10-2024T06:57:04 - [MESSAGE][PASSED] - All options with label 'Orange' are selected in object 'Object Repository/IWP30/Page_CCPaymentEntry/UserDefined7' 

24-10-2024T06:57:04 - [MESSAGE][PASSED] - All options with label 'Soccer' are selected in object 'Object Repository/IWP30/Page_CCPaymentEntry/UserDefined8' 

24-10-2024T06:57:04 - [MESSAGE][PASSED] - Object 'Object Repository/IWP30/Page_CCPaymentEntry/Name' is present

24-10-2024T06:57:05 - [MESSAGE][PASSED] - Text 'Kavita Ranawati' is set on object 'Object Repository/IWP30/Page_CCPaymentEntry/Name'

24-10-2024T06:57:05 - [MESSAGE][PASSED] - Object 'Object Repository/IWP30/Page_CCPaymentEntry/CardNumber' is present

24-10-2024T06:57:06 - [MESSAGE][PASSED] - Text '4111111111111111' is set on object 'Object Repository/IWP30/Page_CCPaymentEntry/CardNumber'

24-10-2024T06:57:06 - [MESSAGE][PASSED] - Text '123' is set on object 'Object Repository/IWP30/Page_CCPaymentEntry/SPC'

24-10-2024T06:57:07 - [MESSAGE][PASSED] - Object 'Object Repository/IWP30/Page_CCPaymentEntry/Month' is present

24-10-2024T06:57:08 - [MESSAGE][PASSED] - All options with label '01' are selected in object 'Object Repository/IWP30/Page_CCPaymentEntry/Month' 

24-10-2024T06:57:08 - [MESSAGE][PASSED] - Object 'Object Repository/IWP30/Page_CCPaymentEntry/Year' is present

24-10-2024T06:57:09 - [MESSAGE][PASSED] - All options with label '2028' are selected in object 'Object Repository/IWP30/Page_CCPaymentEntry/Year' 

24-10-2024T06:57:09 - [MESSAGE][PASSED] - Execute JavaScript '
				   document.getElementById('processDate').value = '08/09/2025'
				  ' successfully

24-10-2024T06:57:09 - [MESSAGE][PASSED] - Text '365 Main Avenue' is set on object 'Object Repository/IWP30/Page_CCPaymentEntry/AL1'

24-10-2024T06:57:10 - [MESSAGE][PASSED] - Text 'Ohio' is set on object 'Object Repository/IWP30/Page_CCPaymentEntry/AL2'

24-10-2024T06:57:11 - [MESSAGE][PASSED] - Text '22201' is set on object 'Object Repository/IWP30/Page_CCPaymentEntry/ZIP'

24-10-2024T06:57:11 - [MESSAGE][PASSED] - Object 'Object Repository/IWP30/Page_CCPaymentEntry/EmailAddress' is present

24-10-2024T06:57:12 - [MESSAGE][PASSED] - Text 'iahmed@govolution.com' is set on object 'Object Repository/IWP30/Page_CCPaymentEntry/EmailAddress'

24-10-2024T06:57:12 - [MESSAGE][PASSED] - Object 'Object Repository/IWP30/Page_CCPaymentEntry/TermCondCheckBox' is present

24-10-2024T06:57:12 - [MESSAGE][PASSED] - Object 'Object Repository/IWP30/Page_CCPaymentEntry/TermCondCheckBox' is checked

24-10-2024T06:57:13 - [MESSAGE][PASSED] - Object 'Object Repository/IWP30/Page_CCPaymentEntry/ContinueButton' is present

24-10-2024T06:57:14 - [MESSAGE][PASSED] - Object: 'Object Repository/IWP30/Page_CCPaymentEntry/ContinueButton' is clicked on

24-10-2024T06:57:14 - [MESSAGE][PASSED] - iwpPages.ccPaymentEntryPage.setDataCCPM is PASSED

24-10-2024T06:57:14 - [TEST_STEP][PASSED] - click(findTestObject("Object Repository/IWP30/Page_Confirmation/ConfirmButton")): Object: 'Object Repository/IWP30/Page_Confirmation/ConfirmButton' is clicked on

24-10-2024T06:57:16 - [MESSAGE][PASSED] - Object: 'Object Repository/IWP30/Page_Confirmation/ConfirmButton' is clicked on

24-10-2024T06:57:16 - [TEST_STEP][PASSED] - Thread.sleep(2000): null

24-10-2024T06:57:18 - [TEST_STEP][PASSED] - if (verifyTextPresent("Deferred", false)): null

24-10-2024T06:57:18 - [MESSAGE][PASSED] - Text 'Deferred' is present on page 

24-10-2024T06:57:18 - [TEST_STEP][PASSED] - click(findTestObject("Object Repository/IWP30/Page_Receipt/ViewScheduledPaymentsButton")): Object: 'Object Repository/IWP30/Page_Receipt/ViewScheduledPaymentsButton' is clicked on

24-10-2024T06:57:19 - [MESSAGE][PASSED] - Object: 'Object Repository/IWP30/Page_Receipt/ViewScheduledPaymentsButton' is clicked on

24-10-2024T06:57:19 - [TEST_STEP][PASSED] - switchToWindowTitle("View Scheduled Payments"): Switched to window with title: 'View Scheduled Payments'

24-10-2024T06:57:19 - [MESSAGE][PASSED] - Switched to window with title: 'View Scheduled Payments'

24-10-2024T06:57:19 - [TEST_STEP][PASSED] - Thread.sleep(4000): null

24-10-2024T06:57:23 - [TEST_STEP][PASSED] - if (verifyTextPresent("View Scheduled Payments", false)): null

24-10-2024T06:57:23 - [MESSAGE][PASSED] - Text 'View Scheduled Payments' is present on page 

24-10-2024T06:57:23 - [TEST_STEP][PASSED] - click(findTestObject("Object Repository/IWP30/Page_ScheduledPayments/cancel_payment")): Object: 'Object Repository/IWP30/Page_ScheduledPayments/cancel_payment' is clicked on

24-10-2024T06:57:24 - [MESSAGE][PASSED] - Object: 'Object Repository/IWP30/Page_ScheduledPayments/cancel_payment' is clicked on

24-10-2024T06:57:24 - [TEST_STEP][PASSED] - if (verifyTextPresent("Cancel Payment Plan", false)): null

24-10-2024T06:57:25 - [MESSAGE][PASSED] - Text 'Cancel Payment Plan' is present on page 

24-10-2024T06:57:25 - [TEST_STEP][PASSED] - click(findTestObject("Object Repository/IWP30/Page_PaymentPlan/btn_cancel")): Object: 'Object Repository/IWP30/Page_PaymentPlan/btn_cancel' is clicked on

24-10-2024T06:57:25 - [MESSAGE][PASSED] - Object: 'Object Repository/IWP30/Page_PaymentPlan/btn_cancel' is clicked on

24-10-2024T06:57:25 - [TEST_STEP][PASSED] - acceptAlert(): Alert accepted

24-10-2024T06:57:25 - [MESSAGE][PASSED] - Alert accepted

24-10-2024T06:57:25 - [TEST_STEP][PASSED] - if (verifyTextPresent("Your payment plan has been successfully canceled", false)): null

24-10-2024T06:57:26 - [MESSAGE][PASSED] - Text 'Your payment plan has been successfully canceled' is present on page 

24-10-2024T06:57:26 - [TEST_STEP][PASSED] - isRequiredTextPresent = true: null

24-10-2024T06:57:26 - [TEST_STEP][PASSED] - println(isRequiredTextPresent): null

24-10-2024T06:57:26 - [TEST_STEP][PASSED] - if (isRequiredTextPresent): null

24-10-2024T06:57:26 - [TEST_STEP][PASSED] - if (verifyTextPresent("CAN Label:", false)): null

24-10-2024T06:57:27 - [MESSAGE][PASSED] - Text 'CAN Label:' is present on page 

24-10-2024T06:57:27 - [TEST_STEP][PASSED] - isRequiredTextPresent = true: null

24-10-2024T06:57:27 - [TEST_STEP][PASSED] - println(isRequiredTextPresent): null

24-10-2024T06:57:27 - [TEST_STEP][PASSED] - if (isRequiredTextPresent): null

24-10-2024T06:57:27 - [TEST_STEP][PASSED] - if (verifyTextPresent("Please verify the following information:", false)): null

24-10-2024T06:57:27 - [MESSAGE][PASSED] - Text 'Please verify the following information:' is present on page 

24-10-2024T06:57:27 - [TEST_STEP][PASSED] - isRequiredTextPresent = true: null

24-10-2024T06:57:27 - [TEST_STEP][PASSED] - println(isRequiredTextPresent): null

24-10-2024T06:57:27 - [TEST_STEP][PASSED] - if (isRequiredTextPresent): null

24-10-2024T06:57:27 - [TEST_STEP][PASSED] - if (verifyTextPresent("Payment Information:", false)): null

24-10-2024T06:57:27 - [MESSAGE][PASSED] - Text 'Payment Information:' is present on page 

24-10-2024T06:57:27 - [TEST_STEP][PASSED] - isRequiredTextPresent = true: null

24-10-2024T06:57:27 - [TEST_STEP][PASSED] - println(isRequiredTextPresent): null

24-10-2024T06:57:27 - [TEST_STEP][PASSED] - if (isRequiredTextPresent): null

24-10-2024T06:57:27 - [TEST_STEP][PASSED] - if (verifyTextPresent("UDF2 Label:", false)): null

24-10-2024T06:57:28 - [MESSAGE][PASSED] - Text 'UDF2 Label:' is present on page 

24-10-2024T06:57:28 - [TEST_STEP][PASSED] - isRequiredTextPresent = true: null

24-10-2024T06:57:28 - [TEST_STEP][PASSED] - println(isRequiredTextPresent): null

24-10-2024T06:57:28 - [TEST_STEP][PASSED] - if (isRequiredTextPresent): null

24-10-2024T06:57:28 - [TEST_STEP][PASSED] - if (verifyTextPresent("UDF3 Label:", false)): null

24-10-2024T06:57:28 - [MESSAGE][PASSED] - Text 'UDF3 Label:' is present on page 

24-10-2024T06:57:28 - [TEST_STEP][PASSED] - isRequiredTextPresent = true: null

24-10-2024T06:57:28 - [TEST_STEP][PASSED] - println(isRequiredTextPresent): null

24-10-2024T06:57:28 - [TEST_STEP][PASSED] - if (isRequiredTextPresent): null

24-10-2024T06:57:28 - [TEST_STEP][PASSED] - if (verifyTextPresent("UDF4 Label:", false)): null

24-10-2024T06:57:28 - [MESSAGE][PASSED] - Text 'UDF4 Label:' is present on page 

24-10-2024T06:57:28 - [TEST_STEP][PASSED] - isRequiredTextPresent = true: null

24-10-2024T06:57:28 - [TEST_STEP][PASSED] - println(isRequiredTextPresent): null

24-10-2024T06:57:28 - [TEST_STEP][PASSED] - if (isRequiredTextPresent): null

24-10-2024T06:57:28 - [TEST_STEP][PASSED] - if (verifyTextPresent("UDF7 Label:", false)): null

24-10-2024T06:57:28 - [MESSAGE][PASSED] - Text 'UDF7 Label:' is present on page 

24-10-2024T06:57:28 - [TEST_STEP][PASSED] - isRequiredTextPresent = true: null

24-10-2024T06:57:28 - [TEST_STEP][PASSED] - println(isRequiredTextPresent): null

24-10-2024T06:57:28 - [TEST_STEP][PASSED] - if (isRequiredTextPresent): null

24-10-2024T06:57:28 - [TEST_STEP][PASSED] - if (verifyTextPresent("UDF8 Label:", false)): null

24-10-2024T06:57:29 - [MESSAGE][PASSED] - Text 'UDF8 Label:' is present on page 

24-10-2024T06:57:29 - [TEST_STEP][PASSED] - isRequiredTextPresent = true: null

24-10-2024T06:57:29 - [TEST_STEP][PASSED] - println(isRequiredTextPresent): null

24-10-2024T06:57:29 - [TEST_STEP][PASSED] - if (isRequiredTextPresent): null

24-10-2024T06:57:29 - [TEST_STEP][PASSED] - if (verifyTextPresent("UDF9 Label:", false)): null

24-10-2024T06:57:29 - [MESSAGE][PASSED] - Text 'UDF9 Label:' is present on page 

24-10-2024T06:57:29 - [TEST_STEP][PASSED] - isRequiredTextPresent = true: null

24-10-2024T06:57:29 - [TEST_STEP][PASSED] - println(isRequiredTextPresent): null

24-10-2024T06:57:29 - [TEST_STEP][PASSED] - if (isRequiredTextPresent): null

24-10-2024T06:57:29 - [TEST_STEP][PASSED] - if (verifyTextPresent("Card Information", false)): null

24-10-2024T06:57:29 - [MESSAGE][PASSED] - Text 'Card Information' is present on page 

24-10-2024T06:57:29 - [TEST_STEP][PASSED] - isRequiredTextPresent = true: null

24-10-2024T06:57:29 - [TEST_STEP][PASSED] - println(isRequiredTextPresent): null

24-10-2024T06:57:29 - [TEST_STEP][PASSED] - if (isRequiredTextPresent): null

24-10-2024T06:57:29 - [TEST_STEP][PASSED] - if (verifyTextPresent("Cardholder's Name:", false)): null

24-10-2024T06:57:29 - [MESSAGE][PASSED] - Text 'Cardholder's Name:' is present on page 

24-10-2024T06:57:29 - [TEST_STEP][PASSED] - isRequiredTextPresent = true: null

24-10-2024T06:57:29 - [TEST_STEP][PASSED] - println(isRequiredTextPresent): null

24-10-2024T06:57:29 - [TEST_STEP][PASSED] - if (isRequiredTextPresent): null

24-10-2024T06:57:29 - [TEST_STEP][PASSED] - if (verifyTextPresent("Card Type:", false)): null

24-10-2024T06:57:30 - [MESSAGE][PASSED] - Text 'Card Type:' is present on page 

24-10-2024T06:57:30 - [TEST_STEP][PASSED] - isRequiredTextPresent = true: null

24-10-2024T06:57:30 - [TEST_STEP][PASSED] - println(isRequiredTextPresent): null

24-10-2024T06:57:30 - [TEST_STEP][PASSED] - if (isRequiredTextPresent): null

24-10-2024T06:57:30 - [TEST_STEP][PASSED] - if (verifyTextPresent("Card Number:", false)): null

24-10-2024T06:57:30 - [MESSAGE][PASSED] - Text 'Card Number:' is present on page 

24-10-2024T06:57:30 - [TEST_STEP][PASSED] - isRequiredTextPresent = true: null

24-10-2024T06:57:30 - [TEST_STEP][PASSED] - println(isRequiredTextPresent): null

24-10-2024T06:57:30 - [TEST_STEP][PASSED] - if (isRequiredTextPresent): null

24-10-2024T06:57:30 - [TEST_STEP][PASSED] - if (verifyTextPresent("Card Security Code:", false)): null

24-10-2024T06:57:30 - [MESSAGE][PASSED] - Text 'Card Security Code:' is present on page 

24-10-2024T06:57:30 - [TEST_STEP][PASSED] - isRequiredTextPresent = true: null

24-10-2024T06:57:30 - [TEST_STEP][PASSED] - println(isRequiredTextPresent): null

24-10-2024T06:57:30 - [TEST_STEP][PASSED] - if (isRequiredTextPresent): null

24-10-2024T06:57:30 - [TEST_STEP][PASSED] - if (verifyTextPresent("Expiration Date:", false)): null

24-10-2024T06:57:31 - [MESSAGE][PASSED] - Text 'Expiration Date:' is present on page 

24-10-2024T06:57:31 - [TEST_STEP][PASSED] - isRequiredTextPresent = true: null

24-10-2024T06:57:31 - [TEST_STEP][PASSED] - println(isRequiredTextPresent): null

24-10-2024T06:57:31 - [TEST_STEP][PASSED] - if (isRequiredTextPresent): null

24-10-2024T06:57:31 - [TEST_STEP][PASSED] - if (verifyTextPresent("Billing Information:", false)): null

24-10-2024T06:57:31 - [MESSAGE][PASSED] - Text 'Billing Information:' is present on page 

24-10-2024T06:57:31 - [TEST_STEP][PASSED] - isRequiredTextPresent = true: null

24-10-2024T06:57:31 - [TEST_STEP][PASSED] - println(isRequiredTextPresent): null

24-10-2024T06:57:31 - [TEST_STEP][PASSED] - if (isRequiredTextPresent): null

24-10-2024T06:57:31 - [TEST_STEP][PASSED] - if (verifyTextPresent("Address Line 1:", false)): null

24-10-2024T06:57:31 - [MESSAGE][PASSED] - Text 'Address Line 1:' is present on page 

24-10-2024T06:57:31 - [TEST_STEP][PASSED] - isRequiredTextPresent = true: null

24-10-2024T06:57:31 - [TEST_STEP][PASSED] - println(isRequiredTextPresent): null

24-10-2024T06:57:31 - [TEST_STEP][PASSED] - if (isRequiredTextPresent): null

24-10-2024T06:57:31 - [TEST_STEP][PASSED] - if (verifyTextPresent("Address Line 2:", false)): null

24-10-2024T06:57:31 - [MESSAGE][PASSED] - Text 'Address Line 2:' is present on page 

24-10-2024T06:57:31 - [TEST_STEP][PASSED] - isRequiredTextPresent = true: null

24-10-2024T06:57:31 - [TEST_STEP][PASSED] - println(isRequiredTextPresent): null

24-10-2024T06:57:31 - [TEST_STEP][PASSED] - if (isRequiredTextPresent): null

24-10-2024T06:57:31 - [TEST_STEP][PASSED] - if (verifyTextPresent("Country:", false)): null

24-10-2024T06:57:32 - [MESSAGE][PASSED] - Text 'Country:' is present on page 

24-10-2024T06:57:32 - [TEST_STEP][PASSED] - isRequiredTextPresent = true: null

24-10-2024T06:57:32 - [TEST_STEP][PASSED] - println(isRequiredTextPresent): null

24-10-2024T06:57:32 - [TEST_STEP][PASSED] - if (isRequiredTextPresent): null

24-10-2024T06:57:32 - [TEST_STEP][PASSED] - if (verifyTextNotPresent("City:", false)): null

24-10-2024T06:57:32 - [MESSAGE][PASSED] - Text 'City:' is not present on page

24-10-2024T06:57:32 - [TEST_STEP][PASSED] - isRequiredTextPresent = true: null

24-10-2024T06:57:32 - [TEST_STEP][PASSED] - println(isRequiredTextPresent): null

24-10-2024T06:57:32 - [TEST_STEP][PASSED] - if (isRequiredTextPresent): null

24-10-2024T06:57:32 - [TEST_STEP][PASSED] - if (verifyTextPresent("State:", false)): null

24-10-2024T06:57:32 - [MESSAGE][PASSED] - Text 'State:' is present on page 

24-10-2024T06:57:32 - [TEST_STEP][PASSED] - isRequiredTextPresent = true: null

24-10-2024T06:57:32 - [TEST_STEP][PASSED] - println(isRequiredTextPresent): null

24-10-2024T06:57:32 - [TEST_STEP][PASSED] - if (isRequiredTextPresent): null

24-10-2024T06:57:32 - [TEST_STEP][PASSED] - if (verifyTextPresent("ZIP Code:", false)): null

24-10-2024T06:57:33 - [MESSAGE][PASSED] - Text 'ZIP Code:' is present on page 

24-10-2024T06:57:33 - [TEST_STEP][PASSED] - isRequiredTextPresent = true: null

24-10-2024T06:57:33 - [TEST_STEP][PASSED] - println(isRequiredTextPresent): null

24-10-2024T06:57:33 - [TEST_STEP][PASSED] - if (isRequiredTextPresent): null

24-10-2024T06:57:33 - [TEST_STEP][PASSED] - if (verifyTextPresent("Email Address:", false)): null

24-10-2024T06:57:33 - [MESSAGE][PASSED] - Text 'Email Address:' is present on page 

24-10-2024T06:57:33 - [TEST_STEP][PASSED] - isRequiredTextPresent = true: null

24-10-2024T06:57:33 - [TEST_STEP][PASSED] - println(isRequiredTextPresent): null

24-10-2024T06:57:33 - [TEST_STEP][PASSED] - if (isRequiredTextPresent): null

24-10-2024T06:57:33 - [TEST_STEP][PASSED] - if (verifyTextPresent("Payment Plan Information:", false)): null

24-10-2024T06:57:33 - [MESSAGE][PASSED] - Text 'Payment Plan Information:' is present on page 

24-10-2024T06:57:33 - [TEST_STEP][PASSED] - isRequiredTextPresent = true: null

24-10-2024T06:57:33 - [TEST_STEP][PASSED] - println(isRequiredTextPresent): null

24-10-2024T06:57:33 - [TEST_STEP][PASSED] - if (isRequiredTextPresent): null

24-10-2024T06:57:33 - [TEST_STEP][PASSED] - if (verifyTextPresent("Payment Plan Type:", false)): null

24-10-2024T06:57:33 - [MESSAGE][PASSED] - Text 'Payment Plan Type:' is present on page 

24-10-2024T06:57:33 - [TEST_STEP][PASSED] - isRequiredTextPresent = true: null

24-10-2024T06:57:33 - [TEST_STEP][PASSED] - println(isRequiredTextPresent): null

24-10-2024T06:57:33 - [TEST_STEP][PASSED] - if (isRequiredTextPresent): null

24-10-2024T06:57:33 - [TEST_STEP][PASSED] - if (verifyTextPresent("Payment Plan Status:", false)): null

24-10-2024T06:57:34 - [MESSAGE][PASSED] - Text 'Payment Plan Status:' is present on page 

24-10-2024T06:57:34 - [TEST_STEP][PASSED] - isRequiredTextPresent = true: null

24-10-2024T06:57:34 - [TEST_STEP][PASSED] - println(isRequiredTextPresent): null

24-10-2024T06:57:34 - [TEST_STEP][PASSED] - if (isRequiredTextPresent): null

24-10-2024T06:57:34 - [TEST_STEP][PASSED] - if (verifyTextPresent("Payment Plan ID:", false)): null

24-10-2024T06:57:34 - [MESSAGE][PASSED] - Text 'Payment Plan ID:' is present on page 

24-10-2024T06:57:34 - [TEST_STEP][PASSED] - isRequiredTextPresent = true: null

24-10-2024T06:57:34 - [TEST_STEP][PASSED] - println(isRequiredTextPresent): null

24-10-2024T06:57:34 - [TEST_STEP][PASSED] - if (isRequiredTextPresent): null

24-10-2024T06:57:34 - [TEST_STEP][PASSED] - if (verifyTextPresent("Payment Plan Start Date:", false)): null

24-10-2024T06:57:34 - [MESSAGE][PASSED] - Text 'Payment Plan Start Date:' is present on page 

24-10-2024T06:57:34 - [TEST_STEP][PASSED] - isRequiredTextPresent = true: null

24-10-2024T06:57:34 - [TEST_STEP][PASSED] - println(isRequiredTextPresent): null

24-10-2024T06:57:34 - [TEST_STEP][PASSED] - if (isRequiredTextPresent): null

24-10-2024T06:57:34 - [TEST_STEP][PASSED] - if (verifyTextPresent("Amount:", false)): null

24-10-2024T06:57:34 - [MESSAGE][PASSED] - Text 'Amount:' is present on page 

24-10-2024T06:57:34 - [TEST_STEP][PASSED] - isRequiredTextPresent = true: null

24-10-2024T06:57:34 - [TEST_STEP][PASSED] - println(isRequiredTextPresent): null

24-10-2024T06:57:34 - [TEST_STEP][PASSED] - if (isRequiredTextPresent == true): pages.WriteExcel.demoKey is PASSED

24-10-2024T06:57:34 - [TEST_STEP][PASSED] - println("All the relevant texts are present on Receipt Page"): null

24-10-2024T06:57:34 - [TEST_STEP][PASSED] - markPassed("All the relevant texts are present on Receipt Page"): All the relevant texts are present on Receipt Page

24-10-2024T06:57:34 - [MESSAGE][PASSED] - All the relevant texts are present on Receipt Page

24-10-2024T06:57:34 - [TEST_STEP][PASSED] - resText = "Pass": null

24-10-2024T06:57:34 - [TEST_STEP][PASSED] - pages.WriteExcel.demoKey(resText, datText, resColumn, datCloumn, fileLoc, nameSheet, row): pages.WriteExcel.demoKey is PASSED

24-10-2024T06:57:35 - [MESSAGE][PASSED] - pages.WriteExcel.demoKey is PASSED

24-10-2024T06:57:35 - [TEST_STEP][PASSED] - closeBrowser(): Browser is closed

24-10-2024T06:57:36 - [MESSAGE][PASSED] - Browser is closed]]></system-out>
         <system-err><![CDATA[]]></system-err>
      </testcase>
      <testcase name="Test Cases/IntegratedWeb/IWP25/Payments/VerifyCancelReceiptLabelsDeferredCorp" time="257.988" classname="Test Cases/IntegratedWeb/IWP25/Payments/VerifyCancelReceiptLabelsDeferredCorp" status="PASSED">
         <system-out><![CDATA[24-10-2024T06:57:36 - [TEST_CASE][PASSED] - Test Cases/IntegratedWeb/IWP25/Payments/VerifyCancelReceiptLabelsDeferredCorp: Test Cases/IntegratedWeb/IWP25/Payments/VerifyCancelReceiptLabelsDeferredCorp

24-10-2024T06:57:36 - [TEST_STEP][PASSED] - resText = "Fail": null

24-10-2024T06:57:36 - [TEST_STEP][PASSED] - resColumn = "Result": null

24-10-2024T06:57:36 - [TEST_STEP][PASSED] - datCloumn = "Date": null

24-10-2024T06:57:36 - [TEST_STEP][PASSED] - fileLoc = "KatalonData/IWPTestData/VRelay25PaymentsExtension.xlsx": null

24-10-2024T06:57:36 - [TEST_STEP][PASSED] - numOfRows = <not implemented yet for class: org.codehaus.groovy.ast.expr.EmptyExpression>: null

24-10-2024T06:57:36 - [TEST_STEP][PASSED] - dataFile = <not implemented yet for class: org.codehaus.groovy.ast.expr.EmptyExpression>: null

24-10-2024T06:57:36 - [TEST_STEP][PASSED] - nameSheet = <not implemented yet for class: org.codehaus.groovy.ast.expr.EmptyExpression>: null

24-10-2024T06:57:36 - [TEST_STEP][PASSED] - dataFileEmulator = <not implemented yet for class: org.codehaus.groovy.ast.expr.EmptyExpression>: null

24-10-2024T06:57:36 - [TEST_STEP][PASSED] - isRequiredTextPresent = false: null

24-10-2024T06:57:36 - [TEST_STEP][PASSED] - nameSheet = "VerifyCancelLabelDeferredCorp": null

24-10-2024T06:57:36 - [TEST_STEP][PASSED] - dataFile = getExcelDataWithDefaultSheet("KatalonData/IWPTestData/VRelay25PaymentsExtension.xlsx", nameSheet, true): null

24-10-2024T06:57:37 - [TEST_STEP][PASSED] - dataFileEmulator = "IWPTestData/EmulatorData": null

24-10-2024T06:57:37 - [TEST_STEP][PASSED] - numOfRows = dataFile.getRowNumbers(): null

24-10-2024T06:57:37 - [TEST_STEP][PASSED] - println("Number of Records: " + numOfRows): null

24-10-2024T06:57:37 - [TEST_STEP][PASSED] - for ([row = 1, row <= numOfRows, (row++)]): Browser is closed

24-10-2024T06:57:37 - [TEST_STEP][PASSED] - ExecuteTC = dataFile.getValue("Execute", row): null

24-10-2024T06:57:37 - [TEST_STEP][PASSED] - out.println("Value of Execute is : " + ExecuteTC): null

24-10-2024T06:57:37 - [TEST_STEP][PASSED] - if (ExecuteTC.equalsIgnoreCase("Y")): null

24-10-2024T06:57:37 - [TEST_STEP][PASSED] - out.println("Begin Record Number: " + row): null

24-10-2024T06:57:37 - [TEST_STEP][PASSED] - today = new java.util.Date(): null

24-10-2024T06:57:37 - [TEST_STEP][PASSED] - println(today): null

24-10-2024T06:57:37 - [TEST_STEP][PASSED] - datText = today: null

24-10-2024T06:57:37 - [TEST_STEP][PASSED] - EmulatorDataKey = dataFile.getValue("EmulatorData", row): null

24-10-2024T06:57:37 - [TEST_STEP][PASSED] - out.println("Value of Emulator Key is : " + EmulatorDataKey): null

24-10-2024T06:57:37 - [TEST_STEP][PASSED] - iwpPages.emulatorIWP30.setDataEmulator_DD(EmulatorDataKey): iwpPages.emulatorIWP30.setDataEmulator_DD is PASSED

24-10-2024T06:57:37 - [MESSAGE][INFO] - Starting 'Edge Chromium' driver

24-10-2024T06:57:37 - [MESSAGE][INFO] - User set preference: ['acceptInsecureCerts', 'true']

24-10-2024T06:57:40 - [MESSAGE][INFO] - Action delay is set to 0 milliseconds

24-10-2024T06:57:43 - [MESSAGE][PASSED] - Browser is opened with url: 'https://qa2.velocitypayment.com/agencyx/config.action?action=editor&message_version=2_5'

24-10-2024T06:57:43 - [MESSAGE][PASSED] - Current window maximized

24-10-2024T06:58:15 - [MESSAGE][INFO] - Unable to find the element located by 'By.xpath: //select[@name='message_version']'. Please recheck the objects properties to make sure the desired element is located. 

24-10-2024T06:58:15 - [MESSAGE][WARNING] - [SELF-HEALING] Failed to find element with id 'Object Repository/IWP30/Page_VRelay30Emulator/MV'. Try using Self-healing.

24-10-2024T06:58:15 - [MESSAGE][WARNING] - [SELF-HEALING] The current locator of test object 'Object Repository/IWP30/Page_VRelay30Emulator/MV' was broken. Propose an alternative one: '(.//*[normalize-space(text()) and normalize-space(.)='Message Version'])[1]/following::select[1]'.

24-10-2024T06:58:15 - [MESSAGE][PASSED] - All options with value '2.5' are selected in object 'Object Repository/IWP30/Page_VRelay30Emulator/MV'  using regular expression

24-10-2024T06:58:16 - [MESSAGE][PASSED] - Text '10.50' is set on object 'Object Repository/IWP30/Page_EmulatorAgencyX/Amount'

24-10-2024T06:58:17 - [MESSAGE][PASSED] - Text 'DzYW8kN4BHAg' is set on object 'Object Repository/IWP30/Page_EmulatorAgencyX/CAN'

24-10-2024T06:58:17 - [MESSAGE][PASSED] - Text 'PayNow' is set on object 'Object Repository/IWP30/Page_EmulatorAgencyX/Action'

24-10-2024T06:58:18 - [MESSAGE][PASSED] - Text 'en_US' is set on object 'Object Repository/IWP30/Page_EmulatorAgencyX/Lang'

24-10-2024T06:58:18 - [MESSAGE][PASSED] - Text '' is set on object 'Object Repository/IWP30/Page_EmulatorAgencyX/Fname'

24-10-2024T06:58:19 - [MESSAGE][PASSED] - Text '' is set on object 'Object Repository/IWP30/Page_EmulatorAgencyX/Lname'

24-10-2024T06:58:20 - [MESSAGE][PASSED] - Text '' is set on object 'Object Repository/IWP30/Page_EmulatorAgencyX/AL1'

24-10-2024T06:58:20 - [MESSAGE][PASSED] - Text '' is set on object 'Object Repository/IWP30/Page_EmulatorAgencyX/AL2'

24-10-2024T06:58:21 - [MESSAGE][PASSED] - Text '' is set on object 'Object Repository/IWP30/Page_EmulatorAgencyX/Country'

24-10-2024T06:58:21 - [MESSAGE][PASSED] - Text '' is set on object 'Object Repository/IWP30/Page_EmulatorAgencyX/City'

24-10-2024T06:58:22 - [MESSAGE][PASSED] - Text '' is set on object 'Object Repository/IWP30/Page_EmulatorAgencyX/State'

24-10-2024T06:58:22 - [MESSAGE][PASSED] - Text '' is set on object 'Object Repository/IWP30/Page_EmulatorAgencyX/ZIP'

24-10-2024T06:58:23 - [MESSAGE][PASSED] - Text '' is set on object 'Object Repository/IWP30/Page_EmulatorAgencyX/Order'

24-10-2024T06:58:24 - [MESSAGE][PASSED] - Text '' is set on object 'Object Repository/IWP30/Page_EmulatorAgencyX/Company'

24-10-2024T06:58:24 - [MESSAGE][PASSED] - Text '' is set on object 'Object Repository/IWP30/Page_EmulatorAgencyX/Email'

24-10-2024T06:58:25 - [MESSAGE][PASSED] - Text '' is set on object 'Object Repository/IWP30/Page_EmulatorAgencyX/UDF1'

24-10-2024T06:58:25 - [MESSAGE][PASSED] - Text '' is set on object 'Object Repository/IWP30/Page_EmulatorAgencyX/UDF2'

24-10-2024T06:58:26 - [MESSAGE][PASSED] - Text '' is set on object 'Object Repository/IWP30/Page_EmulatorAgencyX/UDF3'

24-10-2024T06:58:26 - [MESSAGE][PASSED] - Text 'udf data 4' is set on object 'Object Repository/IWP30/Page_EmulatorAgencyX/UDF4'

24-10-2024T06:58:27 - [MESSAGE][PASSED] - Text 'udf data 5' is set on object 'Object Repository/IWP30/Page_EmulatorAgencyX/UDF5'

24-10-2024T06:58:28 - [MESSAGE][PASSED] - Text '' is set on object 'Object Repository/IWP30/Page_EmulatorAgencyX/UDF6'

24-10-2024T06:58:28 - [MESSAGE][PASSED] - Text '' is set on object 'Object Repository/IWP30/Page_EmulatorAgencyX/UDF7'

24-10-2024T06:58:29 - [MESSAGE][PASSED] - Text '' is set on object 'Object Repository/IWP30/Page_EmulatorAgencyX/UDF8'

24-10-2024T06:58:29 - [MESSAGE][PASSED] - Text 'udf data 9' is set on object 'Object Repository/IWP30/Page_EmulatorAgencyX/UDF9'

24-10-2024T06:58:30 - [MESSAGE][PASSED] - Text 'udf data 10' is set on object 'Object Repository/IWP30/Page_EmulatorAgencyX/UDF10'

24-10-2024T06:58:31 - [MESSAGE][PASSED] - Object: 'Object Repository/IWP30/Page_EmulatorAgencyX/Submit' is clicked on

24-10-2024T06:58:36 - [MESSAGE][PASSED] - Browser is closed

24-10-2024T06:58:40 - [MESSAGE][PASSED] - iwpPages.emulatorIWP30.setDataEmulator_DD is PASSED

24-10-2024T06:58:40 - [TEST_STEP][PASSED] - testHarnessURL = urlTestHarness: null

24-10-2024T06:58:40 - [TEST_STEP][PASSED] - openBrowser(testHarnessURL): Browser is opened with url: 'https://dev-algorithm.govolution.com/vrelaytest/QA2/version_2_2/vrelaytest.html'

24-10-2024T06:58:40 - [MESSAGE][INFO] - Starting 'Edge Chromium' driver

24-10-2024T06:58:40 - [MESSAGE][INFO] - User set preference: ['acceptInsecureCerts', 'true']

24-10-2024T06:58:42 - [MESSAGE][INFO] - Action delay is set to 0 milliseconds

24-10-2024T06:58:46 - [MESSAGE][PASSED] - Browser is opened with url: 'https://dev-algorithm.govolution.com/vrelaytest/QA2/version_2_2/vrelaytest.html'

24-10-2024T06:58:46 - [TEST_STEP][PASSED] - maximizeWindow(): Current window maximized

24-10-2024T06:58:46 - [MESSAGE][PASSED] - Current window maximized

24-10-2024T06:58:46 - [TEST_STEP][PASSED] - iwpPages.TestHarnessPage.setDataMethodEF(row, dataFile): iwpPages.TestHarnessPage.setDataMethodEF is PASSED

24-10-2024T06:58:46 - [MESSAGE][PASSED] - Object 'Object Repository/IWP30/Page_QATestHarness/RemittanceID' is present

24-10-2024T06:58:47 - [MESSAGE][PASSED] - Text '638' is set on object 'Object Repository/IWP30/Page_QATestHarness/ApplicationID'

24-10-2024T06:58:47 - [MESSAGE][PASSED] - Text '2.5' is set on object 'Object Repository/IWP30/Page_QATestHarness/MessageVersion'

24-10-2024T06:58:48 - [MESSAGE][PASSED] - Text 'Ra6E1Z7stMDL' is set on object 'Object Repository/IWP30/Page_QATestHarness/RemittanceID'

24-10-2024T06:58:52 - [MESSAGE][PASSED] - Object: 'Object Repository/IWP30/Page_QATestHarness/SubmitButton' is clicked on

24-10-2024T06:58:52 - [MESSAGE][PASSED] - iwpPages.TestHarnessPage.setDataMethodEF is PASSED

24-10-2024T06:58:52 - [TEST_STEP][PASSED] - click(findTestObject("Object Repository/IWP30/Page_SelectPaymentMethod/PayByCorporateCheck")): Object: 'Object Repository/IWP30/Page_SelectPaymentMethod/PayByCorporateCheck' is clicked on

24-10-2024T06:58:52 - [MESSAGE][PASSED] - Object: 'Object Repository/IWP30/Page_SelectPaymentMethod/PayByCorporateCheck' is clicked on

24-10-2024T06:58:52 - [TEST_STEP][PASSED] - click(findTestObject("Object Repository/IWP30/Page_SelectPaymentMethod/MakePaymentButton")): Object: 'Object Repository/IWP30/Page_SelectPaymentMethod/MakePaymentButton' is clicked on

24-10-2024T06:58:55 - [MESSAGE][PASSED] - Object: 'Object Repository/IWP30/Page_SelectPaymentMethod/MakePaymentButton' is clicked on

24-10-2024T06:58:55 - [TEST_STEP][PASSED] - iwpPages.achCorporatePaymentEntryPage.setDataCorporate(row, dataFile): iwpPages.achCorporatePaymentEntryPage.setDataCorporate is PASSED

24-10-2024T06:58:55 - [MESSAGE][PASSED] - Object 'Object Repository/IWP30/Page_ACHCorporatePaymentEntry/txt_accountNumber' is present

24-10-2024T06:58:56 - [MESSAGE][PASSED] - Object 'Object Repository/IWP30/Page_ACHCorporatePaymentEntry/input_CompanyName' is present

24-10-2024T06:58:56 - [MESSAGE][PASSED] - Text 'My Company' is set on object 'Object Repository/IWP30/Page_ACHCorporatePaymentEntry/input_CompanyName'

24-10-2024T06:58:56 - [MESSAGE][PASSED] - Object 'Object Repository/IWP30/Page_ACHCorporatePaymentEntry/input_EIN' is present

24-10-2024T06:58:57 - [MESSAGE][PASSED] - Text '123456789' is set on object 'Object Repository/IWP30/Page_ACHCorporatePaymentEntry/input_EIN'

24-10-2024T06:58:58 - [MESSAGE][PASSED] - Text '10.50' is set on object 'Object Repository/IWP30/Page_ACHCorporatePaymentEntry/txt_Amount'

24-10-2024T06:58:58 - [MESSAGE][PASSED] - Text 'udf data 2' is set on object 'Object Repository/IWP30/Page_ACHCorporatePaymentEntry/txt_UDF2'

24-10-2024T06:58:59 - [MESSAGE][PASSED] - Text 'udf data 3' is set on object 'Object Repository/IWP30/Page_ACHCorporatePaymentEntry/txt_UDF3'

24-10-2024T06:58:59 - [MESSAGE][PASSED] - All options with label 'Orange' are selected in object 'Object Repository/IWP30/Page_ACHCorporatePaymentEntry/dd_UDF7' 

24-10-2024T06:59:00 - [MESSAGE][PASSED] - All options with label 'Soccer' are selected in object 'Object Repository/IWP30/Page_ACHCorporatePaymentEntry/dd_UDF8' 

24-10-2024T06:59:00 - [MESSAGE][PASSED] - Object 'Object Repository/IWP30/Page_ACHCorporatePaymentEntry/txt_routingNumber' is present

24-10-2024T06:59:01 - [MESSAGE][PASSED] - Text '256072691' is set on object 'Object Repository/IWP30/Page_ACHCorporatePaymentEntry/txt_routingNumber'

24-10-2024T06:59:01 - [MESSAGE][PASSED] - Object 'Object Repository/IWP30/Page_ACHCorporatePaymentEntry/txt_accountNumber' is present

24-10-2024T06:59:02 - [MESSAGE][PASSED] - Text '12344444' is set on object 'Object Repository/IWP30/Page_ACHCorporatePaymentEntry/txt_accountNumber'

24-10-2024T06:59:03 - [MESSAGE][PASSED] - Object 'Object Repository/IWP30/Page_ACHCorporatePaymentEntry/txt_confirmAccountNumber' is present

24-10-2024T06:59:03 - [MESSAGE][PASSED] - Text '12344444' is set on object 'Object Repository/IWP30/Page_ACHCorporatePaymentEntry/txt_confirmAccountNumber'

24-10-2024T06:59:03 - [MESSAGE][PASSED] - Execute JavaScript '
				   document.getElementById('processDate').value = '08/09/2025'
				  ' successfully

24-10-2024T06:59:04 - [MESSAGE][PASSED] - Text '365 Main Avenue' is set on object 'Object Repository/IWP30/Page_ACHCorporatePaymentEntry/txt_AL1'

24-10-2024T06:59:05 - [MESSAGE][PASSED] - Text 'Ohio' is set on object 'Object Repository/IWP30/Page_ACHCorporatePaymentEntry/txt_AL2'

24-10-2024T06:59:06 - [MESSAGE][PASSED] - Text '22201' is set on object 'Object Repository/IWP30/Page_ACHCorporatePaymentEntry/txt_ZIP'

24-10-2024T06:59:06 - [MESSAGE][PASSED] - Object 'Object Repository/IWP30/Page_ACHCorporatePaymentEntry/txt_Email' is present

24-10-2024T06:59:07 - [MESSAGE][PASSED] - Text 'iahmed@govolution.com' is set on object 'Object Repository/IWP30/Page_ACHCorporatePaymentEntry/txt_Email'

24-10-2024T06:59:07 - [MESSAGE][PASSED] - Object 'Object Repository/IWP30/Page_ACHCorporatePaymentEntry/cb_TermsAndCond' is present

24-10-2024T06:59:07 - [MESSAGE][PASSED] - Object: 'Object Repository/IWP30/Page_ACHCorporatePaymentEntry/cb_TermsAndCond' is clicked on

24-10-2024T06:59:08 - [MESSAGE][PASSED] - Object 'Object Repository/IWP30/Page_ACHCorporatePaymentEntry/btn_Continue' is present

24-10-2024T06:59:09 - [MESSAGE][PASSED] - Object: 'Object Repository/IWP30/Page_ACHCorporatePaymentEntry/btn_Continue' is clicked on

24-10-2024T06:59:09 - [MESSAGE][PASSED] - iwpPages.achCorporatePaymentEntryPage.setDataCorporate is PASSED

24-10-2024T06:59:09 - [TEST_STEP][PASSED] - click(findTestObject("Object Repository/IWP30/Page_Confirmation/ConfirmButton")): Object: 'Object Repository/IWP30/Page_Confirmation/ConfirmButton' is clicked on

24-10-2024T06:59:11 - [MESSAGE][PASSED] - Object: 'Object Repository/IWP30/Page_Confirmation/ConfirmButton' is clicked on

24-10-2024T06:59:11 - [TEST_STEP][PASSED] - Thread.sleep(2000): null

24-10-2024T06:59:13 - [TEST_STEP][PASSED] - if (verifyTextPresent("Deferred", false)): null

24-10-2024T06:59:14 - [MESSAGE][PASSED] - Text 'Deferred' is present on page 

24-10-2024T06:59:14 - [TEST_STEP][PASSED] - click(findTestObject("Object Repository/IWP30/Page_Receipt/ViewScheduledPaymentsButton")): Object: 'Object Repository/IWP30/Page_Receipt/ViewScheduledPaymentsButton' is clicked on

24-10-2024T06:59:14 - [MESSAGE][PASSED] - Object: 'Object Repository/IWP30/Page_Receipt/ViewScheduledPaymentsButton' is clicked on

24-10-2024T06:59:14 - [TEST_STEP][PASSED] - switchToWindowTitle("View Scheduled Payments"): Switched to window with title: 'View Scheduled Payments'

24-10-2024T06:59:14 - [MESSAGE][PASSED] - Switched to window with title: 'View Scheduled Payments'

24-10-2024T06:59:14 - [TEST_STEP][PASSED] - Thread.sleep(4000): null

24-10-2024T06:59:18 - [TEST_STEP][PASSED] - if (verifyTextPresent("View Scheduled Payments", false)): null

24-10-2024T06:59:19 - [MESSAGE][PASSED] - Text 'View Scheduled Payments' is present on page 

24-10-2024T06:59:19 - [TEST_STEP][PASSED] - click(findTestObject("Object Repository/IWP30/Page_ScheduledPayments/cancel_payment")): Object: 'Object Repository/IWP30/Page_ScheduledPayments/cancel_payment' is clicked on

24-10-2024T06:59:20 - [MESSAGE][PASSED] - Object: 'Object Repository/IWP30/Page_ScheduledPayments/cancel_payment' is clicked on

24-10-2024T06:59:20 - [TEST_STEP][PASSED] - if (verifyTextPresent("Cancel Payment Plan", false)): null

24-10-2024T06:59:20 - [MESSAGE][PASSED] - Text 'Cancel Payment Plan' is present on page 

24-10-2024T06:59:20 - [TEST_STEP][PASSED] - click(findTestObject("Object Repository/IWP30/Page_PaymentPlan/btn_cancel")): Object: 'Object Repository/IWP30/Page_PaymentPlan/btn_cancel' is clicked on

24-10-2024T06:59:21 - [MESSAGE][PASSED] - Object: 'Object Repository/IWP30/Page_PaymentPlan/btn_cancel' is clicked on

24-10-2024T06:59:21 - [TEST_STEP][PASSED] - acceptAlert(): Alert accepted

24-10-2024T06:59:21 - [MESSAGE][PASSED] - Alert accepted

24-10-2024T06:59:21 - [TEST_STEP][PASSED] - if (verifyTextPresent("Your payment plan has been successfully canceled", false)): null

24-10-2024T06:59:22 - [MESSAGE][PASSED] - Text 'Your payment plan has been successfully canceled' is present on page 

24-10-2024T06:59:22 - [TEST_STEP][PASSED] - isRequiredTextPresent = true: null

24-10-2024T06:59:22 - [TEST_STEP][PASSED] - println(isRequiredTextPresent): null

24-10-2024T06:59:22 - [TEST_STEP][PASSED] - if (isRequiredTextPresent): null

24-10-2024T06:59:22 - [TEST_STEP][PASSED] - if (verifyTextPresent("CAN Label:", false)): null

24-10-2024T06:59:22 - [MESSAGE][PASSED] - Text 'CAN Label:' is present on page 

24-10-2024T06:59:22 - [TEST_STEP][PASSED] - isRequiredTextPresent = true: null

24-10-2024T06:59:22 - [TEST_STEP][PASSED] - println(isRequiredTextPresent): null

24-10-2024T06:59:22 - [TEST_STEP][PASSED] - if (isRequiredTextPresent): null

24-10-2024T06:59:22 - [TEST_STEP][PASSED] - if (verifyTextPresent("Please verify the following information:", false)): null

24-10-2024T06:59:23 - [MESSAGE][PASSED] - Text 'Please verify the following information:' is present on page 

24-10-2024T06:59:23 - [TEST_STEP][PASSED] - isRequiredTextPresent = true: null

24-10-2024T06:59:23 - [TEST_STEP][PASSED] - println(isRequiredTextPresent): null

24-10-2024T06:59:23 - [TEST_STEP][PASSED] - if (isRequiredTextPresent): null

24-10-2024T06:59:23 - [TEST_STEP][PASSED] - if (verifyTextPresent("Payment Information:", false)): null

24-10-2024T06:59:23 - [MESSAGE][PASSED] - Text 'Payment Information:' is present on page 

24-10-2024T06:59:23 - [TEST_STEP][PASSED] - isRequiredTextPresent = true: null

24-10-2024T06:59:23 - [TEST_STEP][PASSED] - println(isRequiredTextPresent): null

24-10-2024T06:59:23 - [TEST_STEP][PASSED] - if (isRequiredTextPresent): null

24-10-2024T06:59:23 - [TEST_STEP][PASSED] - if (verifyTextPresent("UDF2 Label:", false)): null

24-10-2024T06:59:23 - [MESSAGE][PASSED] - Text 'UDF2 Label:' is present on page 

24-10-2024T06:59:23 - [TEST_STEP][PASSED] - isRequiredTextPresent = true: null

24-10-2024T06:59:23 - [TEST_STEP][PASSED] - println(isRequiredTextPresent): null

24-10-2024T06:59:23 - [TEST_STEP][PASSED] - if (isRequiredTextPresent): null

24-10-2024T06:59:23 - [TEST_STEP][PASSED] - if (verifyTextPresent("UDF3 Label:", false)): null

24-10-2024T06:59:23 - [MESSAGE][PASSED] - Text 'UDF3 Label:' is present on page 

24-10-2024T06:59:23 - [TEST_STEP][PASSED] - isRequiredTextPresent = true: null

24-10-2024T06:59:23 - [TEST_STEP][PASSED] - println(isRequiredTextPresent): null

24-10-2024T06:59:23 - [TEST_STEP][PASSED] - if (isRequiredTextPresent): null

24-10-2024T06:59:23 - [TEST_STEP][PASSED] - if (verifyTextPresent("UDF4 Label:", false)): null

24-10-2024T06:59:24 - [MESSAGE][PASSED] - Text 'UDF4 Label:' is present on page 

24-10-2024T06:59:24 - [TEST_STEP][PASSED] - isRequiredTextPresent = true: null

24-10-2024T06:59:24 - [TEST_STEP][PASSED] - println(isRequiredTextPresent): null

24-10-2024T06:59:24 - [TEST_STEP][PASSED] - if (isRequiredTextPresent): null

24-10-2024T06:59:24 - [TEST_STEP][PASSED] - if (verifyTextPresent("UDF7 Label:", false)): null

24-10-2024T06:59:24 - [MESSAGE][PASSED] - Text 'UDF7 Label:' is present on page 

24-10-2024T06:59:24 - [TEST_STEP][PASSED] - isRequiredTextPresent = true: null

24-10-2024T06:59:24 - [TEST_STEP][PASSED] - println(isRequiredTextPresent): null

24-10-2024T06:59:24 - [TEST_STEP][PASSED] - if (isRequiredTextPresent): null

24-10-2024T06:59:24 - [TEST_STEP][PASSED] - if (verifyTextPresent("UDF8 Label:", false)): null

24-10-2024T06:59:24 - [MESSAGE][PASSED] - Text 'UDF8 Label:' is present on page 

24-10-2024T06:59:24 - [TEST_STEP][PASSED] - isRequiredTextPresent = true: null

24-10-2024T06:59:24 - [TEST_STEP][PASSED] - println(isRequiredTextPresent): null

24-10-2024T06:59:24 - [TEST_STEP][PASSED] - if (isRequiredTextPresent): null

24-10-2024T06:59:24 - [TEST_STEP][PASSED] - if (verifyTextPresent("UDF9 Label:", false)): null

24-10-2024T06:59:25 - [MESSAGE][PASSED] - Text 'UDF9 Label:' is present on page 

24-10-2024T06:59:25 - [TEST_STEP][PASSED] - isRequiredTextPresent = true: null

24-10-2024T06:59:25 - [TEST_STEP][PASSED] - println(isRequiredTextPresent): null

24-10-2024T06:59:25 - [TEST_STEP][PASSED] - if (isRequiredTextPresent): null

24-10-2024T06:59:25 - [TEST_STEP][PASSED] - if (verifyTextPresent("Account Information", false)): null

24-10-2024T06:59:25 - [MESSAGE][PASSED] - Text 'Account Information' is present on page 

24-10-2024T06:59:25 - [TEST_STEP][PASSED] - isRequiredTextPresent = true: null

24-10-2024T06:59:25 - [TEST_STEP][PASSED] - println(isRequiredTextPresent): null

24-10-2024T06:59:25 - [TEST_STEP][PASSED] - if (isRequiredTextPresent): null

24-10-2024T06:59:25 - [TEST_STEP][PASSED] - if (verifyTextPresent("Routing Transit Number:", false)): null

24-10-2024T06:59:25 - [MESSAGE][PASSED] - Text 'Routing Transit Number:' is present on page 

24-10-2024T06:59:25 - [TEST_STEP][PASSED] - isRequiredTextPresent = true: null

24-10-2024T06:59:25 - [TEST_STEP][PASSED] - println(isRequiredTextPresent): null

24-10-2024T06:59:25 - [TEST_STEP][PASSED] - if (isRequiredTextPresent): null

24-10-2024T06:59:25 - [TEST_STEP][PASSED] - if (verifyTextPresent("Account Number:", false)): null

24-10-2024T06:59:25 - [MESSAGE][PASSED] - Text 'Account Number:' is present on page 

24-10-2024T06:59:25 - [TEST_STEP][PASSED] - isRequiredTextPresent = true: null

24-10-2024T06:59:25 - [TEST_STEP][PASSED] - println(isRequiredTextPresent): null

24-10-2024T06:59:25 - [TEST_STEP][PASSED] - if (isRequiredTextPresent): null

24-10-2024T06:59:25 - [TEST_STEP][PASSED] - if (verifyTextPresent("Company Name:", false)): null

24-10-2024T06:59:26 - [MESSAGE][PASSED] - Text 'Company Name:' is present on page 

24-10-2024T06:59:26 - [TEST_STEP][PASSED] - isRequiredTextPresent = true: null

24-10-2024T06:59:26 - [TEST_STEP][PASSED] - println(isRequiredTextPresent): null

24-10-2024T06:59:26 - [TEST_STEP][PASSED] - if (isRequiredTextPresent): null

24-10-2024T06:59:26 - [TEST_STEP][PASSED] - if (verifyTextPresent("Employer Identification Number (EIN):", false)): null

24-10-2024T06:59:26 - [MESSAGE][PASSED] - Text 'Employer Identification Number (EIN):' is present on page 

24-10-2024T06:59:26 - [TEST_STEP][PASSED] - isRequiredTextPresent = true: null

24-10-2024T06:59:26 - [TEST_STEP][PASSED] - println(isRequiredTextPresent): null

24-10-2024T06:59:26 - [TEST_STEP][PASSED] - if (isRequiredTextPresent): null

24-10-2024T06:59:26 - [TEST_STEP][PASSED] - if (verifyTextPresent("Type of Account:", false)): null

24-10-2024T06:59:26 - [MESSAGE][PASSED] - Text 'Type of Account:' is present on page 

24-10-2024T06:59:26 - [TEST_STEP][PASSED] - isRequiredTextPresent = true: null

24-10-2024T06:59:26 - [TEST_STEP][PASSED] - println(isRequiredTextPresent): null

24-10-2024T06:59:26 - [TEST_STEP][PASSED] - if (isRequiredTextPresent): null

24-10-2024T06:59:26 - [TEST_STEP][PASSED] - if (verifyTextPresent("Address Line 1:", false)): null

24-10-2024T06:59:27 - [MESSAGE][PASSED] - Text 'Address Line 1:' is present on page 

24-10-2024T06:59:27 - [TEST_STEP][PASSED] - isRequiredTextPresent = true: null

24-10-2024T06:59:27 - [TEST_STEP][PASSED] - println(isRequiredTextPresent): null

24-10-2024T06:59:27 - [TEST_STEP][PASSED] - if (isRequiredTextPresent): null

24-10-2024T06:59:27 - [TEST_STEP][PASSED] - if (verifyTextPresent("Address Line 2:", false)): null

24-10-2024T06:59:27 - [MESSAGE][PASSED] - Text 'Address Line 2:' is present on page 

24-10-2024T06:59:27 - [TEST_STEP][PASSED] - isRequiredTextPresent = true: null

24-10-2024T06:59:27 - [TEST_STEP][PASSED] - println(isRequiredTextPresent): null

24-10-2024T06:59:27 - [TEST_STEP][PASSED] - if (isRequiredTextPresent): null

24-10-2024T06:59:27 - [TEST_STEP][PASSED] - if (verifyTextPresent("Country:", false)): null

24-10-2024T06:59:27 - [MESSAGE][PASSED] - Text 'Country:' is present on page 

24-10-2024T06:59:27 - [TEST_STEP][PASSED] - isRequiredTextPresent = true: null

24-10-2024T06:59:27 - [TEST_STEP][PASSED] - println(isRequiredTextPresent): null

24-10-2024T06:59:27 - [TEST_STEP][PASSED] - if (isRequiredTextPresent): null

24-10-2024T06:59:27 - [TEST_STEP][PASSED] - if (verifyTextPresent("City:", false)): null

24-10-2024T06:59:27 - [MESSAGE][PASSED] - Text 'City:' is present on page 

24-10-2024T06:59:27 - [TEST_STEP][PASSED] - isRequiredTextPresent = true: null

24-10-2024T06:59:27 - [TEST_STEP][PASSED] - println(isRequiredTextPresent): null

24-10-2024T06:59:27 - [TEST_STEP][PASSED] - if (isRequiredTextPresent): null

24-10-2024T06:59:27 - [TEST_STEP][PASSED] - if (verifyTextPresent("State:", false)): null

24-10-2024T06:59:28 - [MESSAGE][PASSED] - Text 'State:' is present on page 

24-10-2024T06:59:28 - [TEST_STEP][PASSED] - isRequiredTextPresent = true: null

24-10-2024T06:59:28 - [TEST_STEP][PASSED] - println(isRequiredTextPresent): null

24-10-2024T06:59:28 - [TEST_STEP][PASSED] - if (isRequiredTextPresent): null

24-10-2024T06:59:28 - [TEST_STEP][PASSED] - if (verifyTextPresent("ZIP Code:", false)): null

24-10-2024T06:59:28 - [MESSAGE][PASSED] - Text 'ZIP Code:' is present on page 

24-10-2024T06:59:28 - [TEST_STEP][PASSED] - isRequiredTextPresent = true: null

24-10-2024T06:59:28 - [TEST_STEP][PASSED] - println(isRequiredTextPresent): null

24-10-2024T06:59:28 - [TEST_STEP][PASSED] - if (isRequiredTextPresent): null

24-10-2024T06:59:28 - [TEST_STEP][PASSED] - if (verifyTextPresent("Email Address:", false)): null

24-10-2024T06:59:28 - [MESSAGE][PASSED] - Text 'Email Address:' is present on page 

24-10-2024T06:59:28 - [TEST_STEP][PASSED] - isRequiredTextPresent = true: null

24-10-2024T06:59:28 - [TEST_STEP][PASSED] - println(isRequiredTextPresent): null

24-10-2024T06:59:28 - [TEST_STEP][PASSED] - if (isRequiredTextPresent): null

24-10-2024T06:59:28 - [TEST_STEP][PASSED] - if (verifyTextPresent("Payment Plan Information:", false)): null

24-10-2024T06:59:29 - [MESSAGE][PASSED] - Text 'Payment Plan Information:' is present on page 

24-10-2024T06:59:29 - [TEST_STEP][PASSED] - isRequiredTextPresent = true: null

24-10-2024T06:59:29 - [TEST_STEP][PASSED] - println(isRequiredTextPresent): null

24-10-2024T06:59:29 - [TEST_STEP][PASSED] - if (isRequiredTextPresent): null

24-10-2024T06:59:29 - [TEST_STEP][PASSED] - if (verifyTextPresent("Payment Plan Type:", false)): null

24-10-2024T06:59:29 - [MESSAGE][PASSED] - Text 'Payment Plan Type:' is present on page 

24-10-2024T06:59:29 - [TEST_STEP][PASSED] - isRequiredTextPresent = true: null

24-10-2024T06:59:29 - [TEST_STEP][PASSED] - println(isRequiredTextPresent): null

24-10-2024T06:59:29 - [TEST_STEP][PASSED] - if (isRequiredTextPresent): null

24-10-2024T06:59:29 - [TEST_STEP][PASSED] - if (verifyTextPresent("Payment Plan Status:", false)): null

24-10-2024T06:59:29 - [MESSAGE][PASSED] - Text 'Payment Plan Status:' is present on page 

24-10-2024T06:59:29 - [TEST_STEP][PASSED] - isRequiredTextPresent = true: null

24-10-2024T06:59:29 - [TEST_STEP][PASSED] - println(isRequiredTextPresent): null

24-10-2024T06:59:29 - [TEST_STEP][PASSED] - if (isRequiredTextPresent): null

24-10-2024T06:59:29 - [TEST_STEP][PASSED] - if (verifyTextPresent("Payment Plan ID:", false)): null

24-10-2024T06:59:29 - [MESSAGE][PASSED] - Text 'Payment Plan ID:' is present on page 

24-10-2024T06:59:29 - [TEST_STEP][PASSED] - isRequiredTextPresent = true: null

24-10-2024T06:59:29 - [TEST_STEP][PASSED] - println(isRequiredTextPresent): null

24-10-2024T06:59:29 - [TEST_STEP][PASSED] - if (isRequiredTextPresent): null

24-10-2024T06:59:29 - [TEST_STEP][PASSED] - if (verifyTextPresent("Payment Plan Start Date:", false)): null

24-10-2024T06:59:30 - [MESSAGE][PASSED] - Text 'Payment Plan Start Date:' is present on page 

24-10-2024T06:59:30 - [TEST_STEP][PASSED] - isRequiredTextPresent = true: null

24-10-2024T06:59:30 - [TEST_STEP][PASSED] - println(isRequiredTextPresent): null

24-10-2024T06:59:30 - [TEST_STEP][PASSED] - if (isRequiredTextPresent): null

24-10-2024T06:59:30 - [TEST_STEP][PASSED] - if (verifyTextPresent("Amount:", false)): null

24-10-2024T06:59:30 - [MESSAGE][PASSED] - Text 'Amount:' is present on page 

24-10-2024T06:59:30 - [TEST_STEP][PASSED] - isRequiredTextPresent = true: null

24-10-2024T06:59:30 - [TEST_STEP][PASSED] - println(isRequiredTextPresent): null

24-10-2024T06:59:30 - [TEST_STEP][PASSED] - if (isRequiredTextPresent == true): pages.WriteExcel.demoKey is PASSED

24-10-2024T06:59:30 - [TEST_STEP][PASSED] - println("All the relevant texts are present on Receipt Page"): null

24-10-2024T06:59:30 - [TEST_STEP][PASSED] - markPassed("All the relevant texts are present on Receipt Page"): All the relevant texts are present on Receipt Page

24-10-2024T06:59:30 - [MESSAGE][PASSED] - All the relevant texts are present on Receipt Page

24-10-2024T06:59:30 - [TEST_STEP][PASSED] - resText = "Pass": null

24-10-2024T06:59:30 - [TEST_STEP][PASSED] - pages.WriteExcel.demoKey(resText, datText, resColumn, datCloumn, fileLoc, nameSheet, row): pages.WriteExcel.demoKey is PASSED

24-10-2024T06:59:30 - [MESSAGE][PASSED] - pages.WriteExcel.demoKey is PASSED

24-10-2024T06:59:30 - [TEST_STEP][PASSED] - closeBrowser(): Browser is closed

24-10-2024T06:59:31 - [MESSAGE][PASSED] - Browser is closed

24-10-2024T06:59:31 - [TEST_STEP][PASSED] - ExecuteTC = dataFile.getValue("Execute", row): null

24-10-2024T06:59:31 - [TEST_STEP][PASSED] - out.println("Value of Execute is : " + ExecuteTC): null

24-10-2024T06:59:31 - [TEST_STEP][PASSED] - if (ExecuteTC.equalsIgnoreCase("Y")): null

24-10-2024T06:59:31 - [TEST_STEP][PASSED] - out.println("Begin Record Number: " + row): null

24-10-2024T06:59:31 - [TEST_STEP][PASSED] - today = new java.util.Date(): null

24-10-2024T06:59:31 - [TEST_STEP][PASSED] - println(today): null

24-10-2024T06:59:31 - [TEST_STEP][PASSED] - datText = today: null

24-10-2024T06:59:31 - [TEST_STEP][PASSED] - EmulatorDataKey = dataFile.getValue("EmulatorData", row): null

24-10-2024T06:59:31 - [TEST_STEP][PASSED] - out.println("Value of Emulator Key is : " + EmulatorDataKey): null

24-10-2024T06:59:31 - [TEST_STEP][PASSED] - iwpPages.emulatorIWP30.setDataEmulator_DD(EmulatorDataKey): iwpPages.emulatorIWP30.setDataEmulator_DD is PASSED

24-10-2024T06:59:31 - [MESSAGE][INFO] - Starting 'Edge Chromium' driver

24-10-2024T06:59:31 - [MESSAGE][INFO] - User set preference: ['acceptInsecureCerts', 'true']

24-10-2024T06:59:33 - [MESSAGE][INFO] - Action delay is set to 0 milliseconds

24-10-2024T06:59:38 - [MESSAGE][PASSED] - Browser is opened with url: 'https://qa2.velocitypayment.com/agencyx/config.action?action=editor&message_version=3_0'

24-10-2024T06:59:38 - [MESSAGE][PASSED] - Current window maximized

24-10-2024T07:00:09 - [MESSAGE][INFO] - Unable to find the element located by 'By.xpath: //select[@name='message_version']'. Please recheck the objects properties to make sure the desired element is located. 

24-10-2024T07:00:09 - [MESSAGE][WARNING] - [SELF-HEALING] Failed to find element with id 'Object Repository/IWP30/Page_VRelay30Emulator/MV'. Try using Self-healing.

24-10-2024T07:00:09 - [MESSAGE][WARNING] - [SELF-HEALING] The current locator of test object 'Object Repository/IWP30/Page_VRelay30Emulator/MV' was broken. Propose an alternative one: '(.//*[normalize-space(text()) and normalize-space(.)='Message Version'])[1]/following::select[1]'.

24-10-2024T07:00:10 - [MESSAGE][PASSED] - All options with value '3.0' are selected in object 'Object Repository/IWP30/Page_VRelay30Emulator/MV'  using regular expression

24-10-2024T07:00:10 - [MESSAGE][PASSED] - Text '10.50' is set on object 'Object Repository/IWP30/Page_EmulatorAgencyX/Amount'

24-10-2024T07:00:11 - [MESSAGE][PASSED] - Text 'ZRWGildiaKlN' is set on object 'Object Repository/IWP30/Page_EmulatorAgencyX/CAN'

24-10-2024T07:00:12 - [MESSAGE][PASSED] - Text 'PayNow' is set on object 'Object Repository/IWP30/Page_EmulatorAgencyX/Action'

24-10-2024T07:00:12 - [MESSAGE][PASSED] - Text 'en_US' is set on object 'Object Repository/IWP30/Page_EmulatorAgencyX/Lang'

24-10-2024T07:00:13 - [MESSAGE][PASSED] - Text '' is set on object 'Object Repository/IWP30/Page_EmulatorAgencyX/Fname'

24-10-2024T07:00:13 - [MESSAGE][PASSED] - Text '' is set on object 'Object Repository/IWP30/Page_EmulatorAgencyX/Lname'

24-10-2024T07:00:14 - [MESSAGE][PASSED] - Text '' is set on object 'Object Repository/IWP30/Page_EmulatorAgencyX/AL1'

24-10-2024T07:00:15 - [MESSAGE][PASSED] - Text '' is set on object 'Object Repository/IWP30/Page_EmulatorAgencyX/AL2'

24-10-2024T07:00:15 - [MESSAGE][PASSED] - Text '' is set on object 'Object Repository/IWP30/Page_EmulatorAgencyX/Country'

24-10-2024T07:00:16 - [MESSAGE][PASSED] - Text '' is set on object 'Object Repository/IWP30/Page_EmulatorAgencyX/City'

24-10-2024T07:00:16 - [MESSAGE][PASSED] - Text '' is set on object 'Object Repository/IWP30/Page_EmulatorAgencyX/State'

24-10-2024T07:00:17 - [MESSAGE][PASSED] - Text '' is set on object 'Object Repository/IWP30/Page_EmulatorAgencyX/ZIP'

24-10-2024T07:00:17 - [MESSAGE][PASSED] - Text '' is set on object 'Object Repository/IWP30/Page_EmulatorAgencyX/Order'

24-10-2024T07:00:18 - [MESSAGE][PASSED] - Text '' is set on object 'Object Repository/IWP30/Page_EmulatorAgencyX/Company'

24-10-2024T07:00:19 - [MESSAGE][PASSED] - Text '' is set on object 'Object Repository/IWP30/Page_EmulatorAgencyX/Email'

24-10-2024T07:00:19 - [MESSAGE][PASSED] - Text '' is set on object 'Object Repository/IWP30/Page_EmulatorAgencyX/UDF1'

24-10-2024T07:00:20 - [MESSAGE][PASSED] - Text '' is set on object 'Object Repository/IWP30/Page_EmulatorAgencyX/UDF2'

24-10-2024T07:00:20 - [MESSAGE][PASSED] - Text '' is set on object 'Object Repository/IWP30/Page_EmulatorAgencyX/UDF3'

24-10-2024T07:00:21 - [MESSAGE][PASSED] - Text 'udf data 4' is set on object 'Object Repository/IWP30/Page_EmulatorAgencyX/UDF4'

24-10-2024T07:00:21 - [MESSAGE][PASSED] - Text 'udf data 5' is set on object 'Object Repository/IWP30/Page_EmulatorAgencyX/UDF5'

24-10-2024T07:00:22 - [MESSAGE][PASSED] - Text '' is set on object 'Object Repository/IWP30/Page_EmulatorAgencyX/UDF6'

24-10-2024T07:00:23 - [MESSAGE][PASSED] - Text '' is set on object 'Object Repository/IWP30/Page_EmulatorAgencyX/UDF7'

24-10-2024T07:00:23 - [MESSAGE][PASSED] - Text '' is set on object 'Object Repository/IWP30/Page_EmulatorAgencyX/UDF8'

24-10-2024T07:00:24 - [MESSAGE][PASSED] - Text 'udf data 9' is set on object 'Object Repository/IWP30/Page_EmulatorAgencyX/UDF9'

24-10-2024T07:00:24 - [MESSAGE][PASSED] - Text 'udf data 10' is set on object 'Object Repository/IWP30/Page_EmulatorAgencyX/UDF10'

24-10-2024T07:00:26 - [MESSAGE][PASSED] - Object: 'Object Repository/IWP30/Page_EmulatorAgencyX/Submit' is clicked on

24-10-2024T07:00:30 - [MESSAGE][PASSED] - Browser is closed

24-10-2024T07:00:34 - [MESSAGE][PASSED] - iwpPages.emulatorIWP30.setDataEmulator_DD is PASSED

24-10-2024T07:00:34 - [TEST_STEP][PASSED] - testHarnessURL = urlTestHarness: null

24-10-2024T07:00:34 - [TEST_STEP][PASSED] - openBrowser(testHarnessURL): Browser is opened with url: 'https://dev-algorithm.govolution.com/vrelaytest/QA2/version_2_2/vrelaytest.html'

24-10-2024T07:00:34 - [MESSAGE][INFO] - Starting 'Edge Chromium' driver

24-10-2024T07:00:34 - [MESSAGE][INFO] - User set preference: ['acceptInsecureCerts', 'true']

24-10-2024T07:00:36 - [MESSAGE][INFO] - Action delay is set to 0 milliseconds

24-10-2024T07:00:40 - [MESSAGE][PASSED] - Browser is opened with url: 'https://dev-algorithm.govolution.com/vrelaytest/QA2/version_2_2/vrelaytest.html'

24-10-2024T07:00:40 - [TEST_STEP][PASSED] - maximizeWindow(): Current window maximized

24-10-2024T07:00:40 - [MESSAGE][PASSED] - Current window maximized

24-10-2024T07:00:40 - [TEST_STEP][PASSED] - iwpPages.TestHarnessPage.setDataMethodEF(row, dataFile): iwpPages.TestHarnessPage.setDataMethodEF is PASSED

24-10-2024T07:00:40 - [MESSAGE][PASSED] - Object 'Object Repository/IWP30/Page_QATestHarness/RemittanceID' is present

24-10-2024T07:00:41 - [MESSAGE][PASSED] - Text '649' is set on object 'Object Repository/IWP30/Page_QATestHarness/ApplicationID'

24-10-2024T07:00:41 - [MESSAGE][PASSED] - Text '3.0' is set on object 'Object Repository/IWP30/Page_QATestHarness/MessageVersion'

24-10-2024T07:00:42 - [MESSAGE][PASSED] - Text '3h5ytcjyShUL' is set on object 'Object Repository/IWP30/Page_QATestHarness/RemittanceID'

24-10-2024T07:00:46 - [MESSAGE][PASSED] - Object: 'Object Repository/IWP30/Page_QATestHarness/SubmitButton' is clicked on

24-10-2024T07:00:46 - [MESSAGE][PASSED] - iwpPages.TestHarnessPage.setDataMethodEF is PASSED

24-10-2024T07:00:46 - [TEST_STEP][PASSED] - click(findTestObject("Object Repository/IWP30/Page_SelectPaymentMethod/PayByCorporateCheck")): Object: 'Object Repository/IWP30/Page_SelectPaymentMethod/PayByCorporateCheck' is clicked on

24-10-2024T07:00:46 - [MESSAGE][PASSED] - Object: 'Object Repository/IWP30/Page_SelectPaymentMethod/PayByCorporateCheck' is clicked on

24-10-2024T07:00:46 - [TEST_STEP][PASSED] - click(findTestObject("Object Repository/IWP30/Page_SelectPaymentMethod/MakePaymentButton")): Object: 'Object Repository/IWP30/Page_SelectPaymentMethod/MakePaymentButton' is clicked on

24-10-2024T07:00:49 - [MESSAGE][PASSED] - Object: 'Object Repository/IWP30/Page_SelectPaymentMethod/MakePaymentButton' is clicked on

24-10-2024T07:00:49 - [TEST_STEP][PASSED] - iwpPages.achCorporatePaymentEntryPage.setDataCorporate(row, dataFile): iwpPages.achCorporatePaymentEntryPage.setDataCorporate is PASSED

24-10-2024T07:00:49 - [MESSAGE][PASSED] - Object 'Object Repository/IWP30/Page_ACHCorporatePaymentEntry/txt_accountNumber' is present

24-10-2024T07:00:49 - [MESSAGE][PASSED] - Object 'Object Repository/IWP30/Page_ACHCorporatePaymentEntry/input_CompanyName' is present

24-10-2024T07:00:50 - [MESSAGE][PASSED] - Text 'My Company' is set on object 'Object Repository/IWP30/Page_ACHCorporatePaymentEntry/input_CompanyName'

24-10-2024T07:00:50 - [MESSAGE][PASSED] - Object 'Object Repository/IWP30/Page_ACHCorporatePaymentEntry/input_EIN' is present

24-10-2024T07:00:51 - [MESSAGE][PASSED] - Text '123456789' is set on object 'Object Repository/IWP30/Page_ACHCorporatePaymentEntry/input_EIN'

24-10-2024T07:00:51 - [MESSAGE][PASSED] - Text '10.50' is set on object 'Object Repository/IWP30/Page_ACHCorporatePaymentEntry/txt_Amount'

24-10-2024T07:00:52 - [MESSAGE][PASSED] - Text 'udf data 2' is set on object 'Object Repository/IWP30/Page_ACHCorporatePaymentEntry/txt_UDF2'

24-10-2024T07:00:53 - [MESSAGE][PASSED] - Text 'udf data 3' is set on object 'Object Repository/IWP30/Page_ACHCorporatePaymentEntry/txt_UDF3'

24-10-2024T07:00:53 - [MESSAGE][PASSED] - All options with label 'Orange' are selected in object 'Object Repository/IWP30/Page_ACHCorporatePaymentEntry/dd_UDF7' 

24-10-2024T07:00:54 - [MESSAGE][PASSED] - All options with label 'Soccer' are selected in object 'Object Repository/IWP30/Page_ACHCorporatePaymentEntry/dd_UDF8' 

24-10-2024T07:00:54 - [MESSAGE][PASSED] - Object 'Object Repository/IWP30/Page_ACHCorporatePaymentEntry/txt_routingNumber' is present

24-10-2024T07:00:55 - [MESSAGE][PASSED] - Text '256072691' is set on object 'Object Repository/IWP30/Page_ACHCorporatePaymentEntry/txt_routingNumber'

24-10-2024T07:00:55 - [MESSAGE][PASSED] - Object 'Object Repository/IWP30/Page_ACHCorporatePaymentEntry/txt_accountNumber' is present

24-10-2024T07:00:56 - [MESSAGE][PASSED] - Text '12344444' is set on object 'Object Repository/IWP30/Page_ACHCorporatePaymentEntry/txt_accountNumber'

24-10-2024T07:00:56 - [MESSAGE][PASSED] - Object 'Object Repository/IWP30/Page_ACHCorporatePaymentEntry/txt_confirmAccountNumber' is present

24-10-2024T07:00:57 - [MESSAGE][PASSED] - Text '12344444' is set on object 'Object Repository/IWP30/Page_ACHCorporatePaymentEntry/txt_confirmAccountNumber'

24-10-2024T07:00:57 - [MESSAGE][PASSED] - Execute JavaScript '
				   document.getElementById('processDate').value = '08/09/2025'
				  ' successfully

24-10-2024T07:00:57 - [MESSAGE][PASSED] - Text '365 Main Avenue' is set on object 'Object Repository/IWP30/Page_ACHCorporatePaymentEntry/txt_AL1'

24-10-2024T07:00:58 - [MESSAGE][PASSED] - Text 'Ohio' is set on object 'Object Repository/IWP30/Page_ACHCorporatePaymentEntry/txt_AL2'

24-10-2024T07:00:59 - [MESSAGE][PASSED] - Text '22201' is set on object 'Object Repository/IWP30/Page_ACHCorporatePaymentEntry/txt_ZIP'

24-10-2024T07:00:59 - [MESSAGE][PASSED] - Object 'Object Repository/IWP30/Page_ACHCorporatePaymentEntry/txt_Email' is present

24-10-2024T07:01:00 - [MESSAGE][PASSED] - Text 'iahmed@govolution.com' is set on object 'Object Repository/IWP30/Page_ACHCorporatePaymentEntry/txt_Email'

24-10-2024T07:01:00 - [MESSAGE][PASSED] - Object 'Object Repository/IWP30/Page_ACHCorporatePaymentEntry/cb_TermsAndCond' is present

24-10-2024T07:01:00 - [MESSAGE][PASSED] - Object: 'Object Repository/IWP30/Page_ACHCorporatePaymentEntry/cb_TermsAndCond' is clicked on

24-10-2024T07:01:01 - [MESSAGE][PASSED] - Object 'Object Repository/IWP30/Page_ACHCorporatePaymentEntry/btn_Continue' is present

24-10-2024T07:01:02 - [MESSAGE][PASSED] - Object: 'Object Repository/IWP30/Page_ACHCorporatePaymentEntry/btn_Continue' is clicked on

24-10-2024T07:01:02 - [MESSAGE][PASSED] - iwpPages.achCorporatePaymentEntryPage.setDataCorporate is PASSED

24-10-2024T07:01:02 - [TEST_STEP][PASSED] - click(findTestObject("Object Repository/IWP30/Page_Confirmation/ConfirmButton")): Object: 'Object Repository/IWP30/Page_Confirmation/ConfirmButton' is clicked on

24-10-2024T07:01:33 - [MESSAGE][INFO] - Unable to find the element located by 'By.xpath: //*[@type = 'submit' and @name = 'confirmNotifyAction' and @id = 'submitYes' and @value = 'Confirm']'. Please recheck the objects properties to make sure the desired element is located. 

24-10-2024T07:01:33 - [MESSAGE][WARNING] - [SELF-HEALING] Failed to find element with id 'Object Repository/IWP30/Page_Confirmation/ConfirmButton'. Try using Self-healing.

24-10-2024T07:01:33 - [MESSAGE][WARNING] - [SELF-HEALING] The current locator of test object 'Object Repository/IWP30/Page_Confirmation/ConfirmButton' was broken. Propose an alternative one: '//div/input'.

24-10-2024T07:01:35 - [MESSAGE][PASSED] - Object: 'Object Repository/IWP30/Page_Confirmation/ConfirmButton' is clicked on

24-10-2024T07:01:35 - [TEST_STEP][PASSED] - Thread.sleep(2000): null

24-10-2024T07:01:37 - [TEST_STEP][PASSED] - if (verifyTextPresent("Deferred", false)): null

24-10-2024T07:01:37 - [MESSAGE][PASSED] - Text 'Deferred' is present on page 

24-10-2024T07:01:37 - [TEST_STEP][PASSED] - click(findTestObject("Object Repository/IWP30/Page_Receipt/ViewScheduledPaymentsButton")): Object: 'Object Repository/IWP30/Page_Receipt/ViewScheduledPaymentsButton' is clicked on

24-10-2024T07:01:38 - [MESSAGE][PASSED] - Object: 'Object Repository/IWP30/Page_Receipt/ViewScheduledPaymentsButton' is clicked on

24-10-2024T07:01:38 - [TEST_STEP][PASSED] - switchToWindowTitle("View Scheduled Payments"): Switched to window with title: 'View Scheduled Payments'

24-10-2024T07:01:38 - [MESSAGE][PASSED] - Switched to window with title: 'View Scheduled Payments'

24-10-2024T07:01:38 - [TEST_STEP][PASSED] - Thread.sleep(4000): null

24-10-2024T07:01:42 - [TEST_STEP][PASSED] - if (verifyTextPresent("View Scheduled Payments", false)): null

24-10-2024T07:01:42 - [MESSAGE][PASSED] - Text 'View Scheduled Payments' is present on page 

24-10-2024T07:01:42 - [TEST_STEP][PASSED] - click(findTestObject("Object Repository/IWP30/Page_ScheduledPayments/cancel_payment")): Object: 'Object Repository/IWP30/Page_ScheduledPayments/cancel_payment' is clicked on

24-10-2024T07:01:43 - [MESSAGE][PASSED] - Object: 'Object Repository/IWP30/Page_ScheduledPayments/cancel_payment' is clicked on

24-10-2024T07:01:43 - [TEST_STEP][PASSED] - if (verifyTextPresent("Cancel Payment Plan", false)): null

24-10-2024T07:01:44 - [MESSAGE][PASSED] - Text 'Cancel Payment Plan' is present on page 

24-10-2024T07:01:44 - [TEST_STEP][PASSED] - click(findTestObject("Object Repository/IWP30/Page_PaymentPlan/btn_cancel")): Object: 'Object Repository/IWP30/Page_PaymentPlan/btn_cancel' is clicked on

24-10-2024T07:01:44 - [MESSAGE][PASSED] - Object: 'Object Repository/IWP30/Page_PaymentPlan/btn_cancel' is clicked on

24-10-2024T07:01:44 - [TEST_STEP][PASSED] - acceptAlert(): Alert accepted

24-10-2024T07:01:44 - [MESSAGE][PASSED] - Alert accepted

24-10-2024T07:01:44 - [TEST_STEP][PASSED] - if (verifyTextPresent("Your payment plan has been successfully canceled", false)): null

24-10-2024T07:01:45 - [MESSAGE][PASSED] - Text 'Your payment plan has been successfully canceled' is present on page 

24-10-2024T07:01:45 - [TEST_STEP][PASSED] - isRequiredTextPresent = true: null

24-10-2024T07:01:45 - [TEST_STEP][PASSED] - println(isRequiredTextPresent): null

24-10-2024T07:01:45 - [TEST_STEP][PASSED] - if (isRequiredTextPresent): null

24-10-2024T07:01:45 - [TEST_STEP][PASSED] - if (verifyTextPresent("CAN Label:", false)): null

24-10-2024T07:01:46 - [MESSAGE][PASSED] - Text 'CAN Label:' is present on page 

24-10-2024T07:01:46 - [TEST_STEP][PASSED] - isRequiredTextPresent = true: null

24-10-2024T07:01:46 - [TEST_STEP][PASSED] - println(isRequiredTextPresent): null

24-10-2024T07:01:46 - [TEST_STEP][PASSED] - if (isRequiredTextPresent): null

24-10-2024T07:01:46 - [TEST_STEP][PASSED] - if (verifyTextPresent("Please verify the following information:", false)): null

24-10-2024T07:01:46 - [MESSAGE][PASSED] - Text 'Please verify the following information:' is present on page 

24-10-2024T07:01:46 - [TEST_STEP][PASSED] - isRequiredTextPresent = true: null

24-10-2024T07:01:46 - [TEST_STEP][PASSED] - println(isRequiredTextPresent): null

24-10-2024T07:01:46 - [TEST_STEP][PASSED] - if (isRequiredTextPresent): null

24-10-2024T07:01:46 - [TEST_STEP][PASSED] - if (verifyTextPresent("Payment Information:", false)): null

24-10-2024T07:01:46 - [MESSAGE][PASSED] - Text 'Payment Information:' is present on page 

24-10-2024T07:01:46 - [TEST_STEP][PASSED] - isRequiredTextPresent = true: null

24-10-2024T07:01:46 - [TEST_STEP][PASSED] - println(isRequiredTextPresent): null

24-10-2024T07:01:46 - [TEST_STEP][PASSED] - if (isRequiredTextPresent): null

24-10-2024T07:01:46 - [TEST_STEP][PASSED] - if (verifyTextPresent("UDF2 Label:", false)): null

24-10-2024T07:01:47 - [MESSAGE][PASSED] - Text 'UDF2 Label:' is present on page 

24-10-2024T07:01:47 - [TEST_STEP][PASSED] - isRequiredTextPresent = true: null

24-10-2024T07:01:47 - [TEST_STEP][PASSED] - println(isRequiredTextPresent): null

24-10-2024T07:01:47 - [TEST_STEP][PASSED] - if (isRequiredTextPresent): null

24-10-2024T07:01:47 - [TEST_STEP][PASSED] - if (verifyTextPresent("UDF3 Label:", false)): null

24-10-2024T07:01:47 - [MESSAGE][PASSED] - Text 'UDF3 Label:' is present on page 

24-10-2024T07:01:47 - [TEST_STEP][PASSED] - isRequiredTextPresent = true: null

24-10-2024T07:01:47 - [TEST_STEP][PASSED] - println(isRequiredTextPresent): null

24-10-2024T07:01:47 - [TEST_STEP][PASSED] - if (isRequiredTextPresent): null

24-10-2024T07:01:47 - [TEST_STEP][PASSED] - if (verifyTextPresent("UDF4 Label:", false)): null

24-10-2024T07:01:47 - [MESSAGE][PASSED] - Text 'UDF4 Label:' is present on page 

24-10-2024T07:01:47 - [TEST_STEP][PASSED] - isRequiredTextPresent = true: null

24-10-2024T07:01:47 - [TEST_STEP][PASSED] - println(isRequiredTextPresent): null

24-10-2024T07:01:47 - [TEST_STEP][PASSED] - if (isRequiredTextPresent): null

24-10-2024T07:01:47 - [TEST_STEP][PASSED] - if (verifyTextPresent("UDF7 Label:", false)): null

24-10-2024T07:01:47 - [MESSAGE][PASSED] - Text 'UDF7 Label:' is present on page 

24-10-2024T07:01:47 - [TEST_STEP][PASSED] - isRequiredTextPresent = true: null

24-10-2024T07:01:47 - [TEST_STEP][PASSED] - println(isRequiredTextPresent): null

24-10-2024T07:01:47 - [TEST_STEP][PASSED] - if (isRequiredTextPresent): null

24-10-2024T07:01:47 - [TEST_STEP][PASSED] - if (verifyTextPresent("UDF8 Label:", false)): null

24-10-2024T07:01:48 - [MESSAGE][PASSED] - Text 'UDF8 Label:' is present on page 

24-10-2024T07:01:48 - [TEST_STEP][PASSED] - isRequiredTextPresent = true: null

24-10-2024T07:01:48 - [TEST_STEP][PASSED] - println(isRequiredTextPresent): null

24-10-2024T07:01:48 - [TEST_STEP][PASSED] - if (isRequiredTextPresent): null

24-10-2024T07:01:48 - [TEST_STEP][PASSED] - if (verifyTextPresent("UDF9 Label:", false)): null

24-10-2024T07:01:48 - [MESSAGE][PASSED] - Text 'UDF9 Label:' is present on page 

24-10-2024T07:01:48 - [TEST_STEP][PASSED] - isRequiredTextPresent = true: null

24-10-2024T07:01:48 - [TEST_STEP][PASSED] - println(isRequiredTextPresent): null

24-10-2024T07:01:48 - [TEST_STEP][PASSED] - if (isRequiredTextPresent): null

24-10-2024T07:01:48 - [TEST_STEP][PASSED] - if (verifyTextPresent("Account Information", false)): null

24-10-2024T07:01:48 - [MESSAGE][PASSED] - Text 'Account Information' is present on page 

24-10-2024T07:01:48 - [TEST_STEP][PASSED] - isRequiredTextPresent = true: null

24-10-2024T07:01:48 - [TEST_STEP][PASSED] - println(isRequiredTextPresent): null

24-10-2024T07:01:48 - [TEST_STEP][PASSED] - if (isRequiredTextPresent): null

24-10-2024T07:01:48 - [TEST_STEP][PASSED] - if (verifyTextPresent("Routing Transit Number:", false)): null

24-10-2024T07:01:48 - [MESSAGE][PASSED] - Text 'Routing Transit Number:' is present on page 

24-10-2024T07:01:48 - [TEST_STEP][PASSED] - isRequiredTextPresent = true: null

24-10-2024T07:01:48 - [TEST_STEP][PASSED] - println(isRequiredTextPresent): null

24-10-2024T07:01:48 - [TEST_STEP][PASSED] - if (isRequiredTextPresent): null

24-10-2024T07:01:48 - [TEST_STEP][PASSED] - if (verifyTextPresent("Account Number:", false)): null

24-10-2024T07:01:49 - [MESSAGE][PASSED] - Text 'Account Number:' is present on page 

24-10-2024T07:01:49 - [TEST_STEP][PASSED] - isRequiredTextPresent = true: null

24-10-2024T07:01:49 - [TEST_STEP][PASSED] - println(isRequiredTextPresent): null

24-10-2024T07:01:49 - [TEST_STEP][PASSED] - if (isRequiredTextPresent): null

24-10-2024T07:01:49 - [TEST_STEP][PASSED] - if (verifyTextPresent("Company Name:", false)): null

24-10-2024T07:01:49 - [MESSAGE][PASSED] - Text 'Company Name:' is present on page 

24-10-2024T07:01:49 - [TEST_STEP][PASSED] - isRequiredTextPresent = true: null

24-10-2024T07:01:49 - [TEST_STEP][PASSED] - println(isRequiredTextPresent): null

24-10-2024T07:01:49 - [TEST_STEP][PASSED] - if (isRequiredTextPresent): null

24-10-2024T07:01:49 - [TEST_STEP][PASSED] - if (verifyTextPresent("Employer Identification Number (EIN):", false)): null

24-10-2024T07:01:49 - [MESSAGE][PASSED] - Text 'Employer Identification Number (EIN):' is present on page 

24-10-2024T07:01:49 - [TEST_STEP][PASSED] - isRequiredTextPresent = true: null

24-10-2024T07:01:49 - [TEST_STEP][PASSED] - println(isRequiredTextPresent): null

24-10-2024T07:01:49 - [TEST_STEP][PASSED] - if (isRequiredTextPresent): null

24-10-2024T07:01:49 - [TEST_STEP][PASSED] - if (verifyTextPresent("Type of Account:", false)): null

24-10-2024T07:01:50 - [MESSAGE][PASSED] - Text 'Type of Account:' is present on page 

24-10-2024T07:01:50 - [TEST_STEP][PASSED] - isRequiredTextPresent = true: null

24-10-2024T07:01:50 - [TEST_STEP][PASSED] - println(isRequiredTextPresent): null

24-10-2024T07:01:50 - [TEST_STEP][PASSED] - if (isRequiredTextPresent): null

24-10-2024T07:01:50 - [TEST_STEP][PASSED] - if (verifyTextPresent("Address Line 1:", false)): null

24-10-2024T07:01:50 - [MESSAGE][PASSED] - Text 'Address Line 1:' is present on page 

24-10-2024T07:01:50 - [TEST_STEP][PASSED] - isRequiredTextPresent = true: null

24-10-2024T07:01:50 - [TEST_STEP][PASSED] - println(isRequiredTextPresent): null

24-10-2024T07:01:50 - [TEST_STEP][PASSED] - if (isRequiredTextPresent): null

24-10-2024T07:01:50 - [TEST_STEP][PASSED] - if (verifyTextPresent("Address Line 2:", false)): null

24-10-2024T07:01:50 - [MESSAGE][PASSED] - Text 'Address Line 2:' is present on page 

24-10-2024T07:01:50 - [TEST_STEP][PASSED] - isRequiredTextPresent = true: null

24-10-2024T07:01:50 - [TEST_STEP][PASSED] - println(isRequiredTextPresent): null

24-10-2024T07:01:50 - [TEST_STEP][PASSED] - if (isRequiredTextPresent): null

24-10-2024T07:01:50 - [TEST_STEP][PASSED] - if (verifyTextPresent("Country:", false)): null

24-10-2024T07:01:50 - [MESSAGE][PASSED] - Text 'Country:' is present on page 

24-10-2024T07:01:50 - [TEST_STEP][PASSED] - isRequiredTextPresent = true: null

24-10-2024T07:01:50 - [TEST_STEP][PASSED] - println(isRequiredTextPresent): null

24-10-2024T07:01:50 - [TEST_STEP][PASSED] - if (isRequiredTextPresent): null

24-10-2024T07:01:50 - [TEST_STEP][PASSED] - if (verifyTextPresent("City:", false)): null

24-10-2024T07:01:51 - [MESSAGE][PASSED] - Text 'City:' is present on page 

24-10-2024T07:01:51 - [TEST_STEP][PASSED] - isRequiredTextPresent = true: null

24-10-2024T07:01:51 - [TEST_STEP][PASSED] - println(isRequiredTextPresent): null

24-10-2024T07:01:51 - [TEST_STEP][PASSED] - if (isRequiredTextPresent): null

24-10-2024T07:01:51 - [TEST_STEP][PASSED] - if (verifyTextPresent("State:", false)): null

24-10-2024T07:01:51 - [MESSAGE][PASSED] - Text 'State:' is present on page 

24-10-2024T07:01:51 - [TEST_STEP][PASSED] - isRequiredTextPresent = true: null

24-10-2024T07:01:51 - [TEST_STEP][PASSED] - println(isRequiredTextPresent): null

24-10-2024T07:01:51 - [TEST_STEP][PASSED] - if (isRequiredTextPresent): null

24-10-2024T07:01:51 - [TEST_STEP][PASSED] - if (verifyTextPresent("ZIP Code:", false)): null

24-10-2024T07:01:51 - [MESSAGE][PASSED] - Text 'ZIP Code:' is present on page 

24-10-2024T07:01:51 - [TEST_STEP][PASSED] - isRequiredTextPresent = true: null

24-10-2024T07:01:51 - [TEST_STEP][PASSED] - println(isRequiredTextPresent): null

24-10-2024T07:01:51 - [TEST_STEP][PASSED] - if (isRequiredTextPresent): null

24-10-2024T07:01:51 - [TEST_STEP][PASSED] - if (verifyTextPresent("Email Address:", false)): null

24-10-2024T07:01:51 - [MESSAGE][PASSED] - Text 'Email Address:' is present on page 

24-10-2024T07:01:51 - [TEST_STEP][PASSED] - isRequiredTextPresent = true: null

24-10-2024T07:01:51 - [TEST_STEP][PASSED] - println(isRequiredTextPresent): null

24-10-2024T07:01:51 - [TEST_STEP][PASSED] - if (isRequiredTextPresent): null

24-10-2024T07:01:51 - [TEST_STEP][PASSED] - if (verifyTextPresent("Payment Plan Information:", false)): null

24-10-2024T07:01:52 - [MESSAGE][PASSED] - Text 'Payment Plan Information:' is present on page 

24-10-2024T07:01:52 - [TEST_STEP][PASSED] - isRequiredTextPresent = true: null

24-10-2024T07:01:52 - [TEST_STEP][PASSED] - println(isRequiredTextPresent): null

24-10-2024T07:01:52 - [TEST_STEP][PASSED] - if (isRequiredTextPresent): null

24-10-2024T07:01:52 - [TEST_STEP][PASSED] - if (verifyTextPresent("Payment Plan Type:", false)): null

24-10-2024T07:01:52 - [MESSAGE][PASSED] - Text 'Payment Plan Type:' is present on page 

24-10-2024T07:01:52 - [TEST_STEP][PASSED] - isRequiredTextPresent = true: null

24-10-2024T07:01:52 - [TEST_STEP][PASSED] - println(isRequiredTextPresent): null

24-10-2024T07:01:52 - [TEST_STEP][PASSED] - if (isRequiredTextPresent): null

24-10-2024T07:01:52 - [TEST_STEP][PASSED] - if (verifyTextPresent("Payment Plan Status:", false)): null

24-10-2024T07:01:52 - [MESSAGE][PASSED] - Text 'Payment Plan Status:' is present on page 

24-10-2024T07:01:52 - [TEST_STEP][PASSED] - isRequiredTextPresent = true: null

24-10-2024T07:01:52 - [TEST_STEP][PASSED] - println(isRequiredTextPresent): null

24-10-2024T07:01:52 - [TEST_STEP][PASSED] - if (isRequiredTextPresent): null

24-10-2024T07:01:52 - [TEST_STEP][PASSED] - if (verifyTextPresent("Payment Plan ID:", false)): null

24-10-2024T07:01:53 - [MESSAGE][PASSED] - Text 'Payment Plan ID:' is present on page 

24-10-2024T07:01:53 - [TEST_STEP][PASSED] - isRequiredTextPresent = true: null

24-10-2024T07:01:53 - [TEST_STEP][PASSED] - println(isRequiredTextPresent): null

24-10-2024T07:01:53 - [TEST_STEP][PASSED] - if (isRequiredTextPresent): null

24-10-2024T07:01:53 - [TEST_STEP][PASSED] - if (verifyTextPresent("Payment Plan Start Date:", false)): null

24-10-2024T07:01:53 - [MESSAGE][PASSED] - Text 'Payment Plan Start Date:' is present on page 

24-10-2024T07:01:53 - [TEST_STEP][PASSED] - isRequiredTextPresent = true: null

24-10-2024T07:01:53 - [TEST_STEP][PASSED] - println(isRequiredTextPresent): null

24-10-2024T07:01:53 - [TEST_STEP][PASSED] - if (isRequiredTextPresent): null

24-10-2024T07:01:53 - [TEST_STEP][PASSED] - if (verifyTextPresent("Amount:", false)): null

24-10-2024T07:01:53 - [MESSAGE][PASSED] - Text 'Amount:' is present on page 

24-10-2024T07:01:53 - [TEST_STEP][PASSED] - isRequiredTextPresent = true: null

24-10-2024T07:01:53 - [TEST_STEP][PASSED] - println(isRequiredTextPresent): null

24-10-2024T07:01:53 - [TEST_STEP][PASSED] - if (isRequiredTextPresent == true): pages.WriteExcel.demoKey is PASSED

24-10-2024T07:01:53 - [TEST_STEP][PASSED] - println("All the relevant texts are present on Receipt Page"): null

24-10-2024T07:01:53 - [TEST_STEP][PASSED] - markPassed("All the relevant texts are present on Receipt Page"): All the relevant texts are present on Receipt Page

24-10-2024T07:01:53 - [MESSAGE][PASSED] - All the relevant texts are present on Receipt Page

24-10-2024T07:01:53 - [TEST_STEP][PASSED] - resText = "Pass": null

24-10-2024T07:01:53 - [TEST_STEP][PASSED] - pages.WriteExcel.demoKey(resText, datText, resColumn, datCloumn, fileLoc, nameSheet, row): pages.WriteExcel.demoKey is PASSED

24-10-2024T07:01:53 - [MESSAGE][PASSED] - pages.WriteExcel.demoKey is PASSED

24-10-2024T07:01:53 - [TEST_STEP][PASSED] - closeBrowser(): Browser is closed

24-10-2024T07:01:54 - [MESSAGE][PASSED] - Browser is closed]]></system-out>
         <system-err><![CDATA[]]></system-err>
      </testcase>
      <testcase name="Test Cases/IntegratedWeb/IWP25/Payments/VerifyCancelReceiptLabelsDeferredPC" time="260.382" classname="Test Cases/IntegratedWeb/IWP25/Payments/VerifyCancelReceiptLabelsDeferredPC" status="PASSED">
         <system-out><![CDATA[24-10-2024T07:01:54 - [TEST_CASE][PASSED] - Test Cases/IntegratedWeb/IWP25/Payments/VerifyCancelReceiptLabelsDeferredPC: Test Cases/IntegratedWeb/IWP25/Payments/VerifyCancelReceiptLabelsDeferredPC

24-10-2024T07:01:54 - [TEST_STEP][PASSED] - resText = "Fail": null

24-10-2024T07:01:54 - [TEST_STEP][PASSED] - resColumn = "Result": null

24-10-2024T07:01:54 - [TEST_STEP][PASSED] - datCloumn = "Date": null

24-10-2024T07:01:54 - [TEST_STEP][PASSED] - fileLoc = "KatalonData/IWPTestData/VRelay25PaymentsExtension.xlsx": null

24-10-2024T07:01:54 - [TEST_STEP][PASSED] - numOfRows = <not implemented yet for class: org.codehaus.groovy.ast.expr.EmptyExpression>: null

24-10-2024T07:01:54 - [TEST_STEP][PASSED] - dataFile = <not implemented yet for class: org.codehaus.groovy.ast.expr.EmptyExpression>: null

24-10-2024T07:01:54 - [TEST_STEP][PASSED] - nameSheet = <not implemented yet for class: org.codehaus.groovy.ast.expr.EmptyExpression>: null

24-10-2024T07:01:54 - [TEST_STEP][PASSED] - dataFileEmulator = <not implemented yet for class: org.codehaus.groovy.ast.expr.EmptyExpression>: null

24-10-2024T07:01:54 - [TEST_STEP][PASSED] - isRequiredTextPresent = false: null

24-10-2024T07:01:54 - [TEST_STEP][PASSED] - nameSheet = "VerifyCancelLabelDeferredPC": null

24-10-2024T07:01:54 - [TEST_STEP][PASSED] - dataFile = getExcelDataWithDefaultSheet("KatalonData/IWPTestData/VRelay25PaymentsExtension.xlsx", nameSheet, true): null

24-10-2024T07:01:54 - [TEST_STEP][PASSED] - dataFileEmulator = "IWPTestData/EmulatorData": null

24-10-2024T07:01:54 - [TEST_STEP][PASSED] - numOfRows = dataFile.getRowNumbers(): null

24-10-2024T07:01:54 - [TEST_STEP][PASSED] - println("Number of Records: " + numOfRows): null

24-10-2024T07:01:54 - [TEST_STEP][PASSED] - for ([row = 1, row <= numOfRows, (row++)]): Browser is closed

24-10-2024T07:01:54 - [TEST_STEP][PASSED] - ExecuteTC = dataFile.getValue("Execute", row): null

24-10-2024T07:01:54 - [TEST_STEP][PASSED] - out.println("Value of Execute is : " + ExecuteTC): null

24-10-2024T07:01:54 - [TEST_STEP][PASSED] - if (ExecuteTC.equalsIgnoreCase("Y")): null

24-10-2024T07:01:54 - [TEST_STEP][PASSED] - out.println("Begin Record Number: " + row): null

24-10-2024T07:01:54 - [TEST_STEP][PASSED] - today = new java.util.Date(): null

24-10-2024T07:01:54 - [TEST_STEP][PASSED] - println(today): null

24-10-2024T07:01:54 - [TEST_STEP][PASSED] - datText = today: null

24-10-2024T07:01:54 - [TEST_STEP][PASSED] - EmulatorDataKey = dataFile.getValue("EmulatorData", row): null

24-10-2024T07:01:54 - [TEST_STEP][PASSED] - out.println("Value of Emulator Key is : " + EmulatorDataKey): null

24-10-2024T07:01:54 - [TEST_STEP][PASSED] - iwpPages.emulatorIWP30.setDataEmulator_DD(EmulatorDataKey): iwpPages.emulatorIWP30.setDataEmulator_DD is PASSED

24-10-2024T07:01:55 - [MESSAGE][INFO] - Starting 'Edge Chromium' driver

24-10-2024T07:01:55 - [MESSAGE][INFO] - User set preference: ['acceptInsecureCerts', 'true']

24-10-2024T07:01:57 - [MESSAGE][INFO] - Action delay is set to 0 milliseconds

24-10-2024T07:02:01 - [MESSAGE][PASSED] - Browser is opened with url: 'https://qa2.velocitypayment.com/agencyx/config.action?action=editor&message_version=2_5'

24-10-2024T07:02:01 - [MESSAGE][PASSED] - Current window maximized

24-10-2024T07:02:32 - [MESSAGE][INFO] - Unable to find the element located by 'By.xpath: //select[@name='message_version']'. Please recheck the objects properties to make sure the desired element is located. 

24-10-2024T07:02:32 - [MESSAGE][WARNING] - [SELF-HEALING] Failed to find element with id 'Object Repository/IWP30/Page_VRelay30Emulator/MV'. Try using Self-healing.

24-10-2024T07:02:32 - [MESSAGE][WARNING] - [SELF-HEALING] The current locator of test object 'Object Repository/IWP30/Page_VRelay30Emulator/MV' was broken. Propose an alternative one: '(.//*[normalize-space(text()) and normalize-space(.)='Message Version'])[1]/following::select[1]'.

24-10-2024T07:02:33 - [MESSAGE][PASSED] - All options with value '2.5' are selected in object 'Object Repository/IWP30/Page_VRelay30Emulator/MV'  using regular expression

24-10-2024T07:02:33 - [MESSAGE][PASSED] - Text '10.50' is set on object 'Object Repository/IWP30/Page_EmulatorAgencyX/Amount'

24-10-2024T07:02:34 - [MESSAGE][PASSED] - Text 'H6moTS5sU2pp' is set on object 'Object Repository/IWP30/Page_EmulatorAgencyX/CAN'

24-10-2024T07:02:35 - [MESSAGE][PASSED] - Text 'PayNow' is set on object 'Object Repository/IWP30/Page_EmulatorAgencyX/Action'

24-10-2024T07:02:35 - [MESSAGE][PASSED] - Text 'en_US' is set on object 'Object Repository/IWP30/Page_EmulatorAgencyX/Lang'

24-10-2024T07:02:36 - [MESSAGE][PASSED] - Text '' is set on object 'Object Repository/IWP30/Page_EmulatorAgencyX/Fname'

24-10-2024T07:02:36 - [MESSAGE][PASSED] - Text '' is set on object 'Object Repository/IWP30/Page_EmulatorAgencyX/Lname'

24-10-2024T07:02:37 - [MESSAGE][PASSED] - Text '' is set on object 'Object Repository/IWP30/Page_EmulatorAgencyX/AL1'

24-10-2024T07:02:38 - [MESSAGE][PASSED] - Text '' is set on object 'Object Repository/IWP30/Page_EmulatorAgencyX/AL2'

24-10-2024T07:02:38 - [MESSAGE][PASSED] - Text '' is set on object 'Object Repository/IWP30/Page_EmulatorAgencyX/Country'

24-10-2024T07:02:39 - [MESSAGE][PASSED] - Text '' is set on object 'Object Repository/IWP30/Page_EmulatorAgencyX/City'

24-10-2024T07:02:39 - [MESSAGE][PASSED] - Text '' is set on object 'Object Repository/IWP30/Page_EmulatorAgencyX/State'

24-10-2024T07:02:40 - [MESSAGE][PASSED] - Text '' is set on object 'Object Repository/IWP30/Page_EmulatorAgencyX/ZIP'

24-10-2024T07:02:41 - [MESSAGE][PASSED] - Text '' is set on object 'Object Repository/IWP30/Page_EmulatorAgencyX/Order'

24-10-2024T07:02:41 - [MESSAGE][PASSED] - Text '' is set on object 'Object Repository/IWP30/Page_EmulatorAgencyX/Company'

24-10-2024T07:02:42 - [MESSAGE][PASSED] - Text '' is set on object 'Object Repository/IWP30/Page_EmulatorAgencyX/Email'

24-10-2024T07:02:42 - [MESSAGE][PASSED] - Text '' is set on object 'Object Repository/IWP30/Page_EmulatorAgencyX/UDF1'

24-10-2024T07:02:43 - [MESSAGE][PASSED] - Text '' is set on object 'Object Repository/IWP30/Page_EmulatorAgencyX/UDF2'

24-10-2024T07:02:44 - [MESSAGE][PASSED] - Text '' is set on object 'Object Repository/IWP30/Page_EmulatorAgencyX/UDF3'

24-10-2024T07:02:44 - [MESSAGE][PASSED] - Text 'udf data 4' is set on object 'Object Repository/IWP30/Page_EmulatorAgencyX/UDF4'

24-10-2024T07:02:45 - [MESSAGE][PASSED] - Text 'udf data 5' is set on object 'Object Repository/IWP30/Page_EmulatorAgencyX/UDF5'

24-10-2024T07:02:45 - [MESSAGE][PASSED] - Text '' is set on object 'Object Repository/IWP30/Page_EmulatorAgencyX/UDF6'

24-10-2024T07:02:46 - [MESSAGE][PASSED] - Text '' is set on object 'Object Repository/IWP30/Page_EmulatorAgencyX/UDF7'

24-10-2024T07:02:46 - [MESSAGE][PASSED] - Text '' is set on object 'Object Repository/IWP30/Page_EmulatorAgencyX/UDF8'

24-10-2024T07:02:47 - [MESSAGE][PASSED] - Text 'udf data 9' is set on object 'Object Repository/IWP30/Page_EmulatorAgencyX/UDF9'

24-10-2024T07:02:48 - [MESSAGE][PASSED] - Text 'udf data 10' is set on object 'Object Repository/IWP30/Page_EmulatorAgencyX/UDF10'

24-10-2024T07:02:49 - [MESSAGE][PASSED] - Object: 'Object Repository/IWP30/Page_EmulatorAgencyX/Submit' is clicked on

24-10-2024T07:02:54 - [MESSAGE][PASSED] - Browser is closed

24-10-2024T07:02:58 - [MESSAGE][PASSED] - iwpPages.emulatorIWP30.setDataEmulator_DD is PASSED

24-10-2024T07:02:58 - [TEST_STEP][PASSED] - testHarnessURL = urlTestHarness: null

24-10-2024T07:02:58 - [TEST_STEP][PASSED] - openBrowser(testHarnessURL): Browser is opened with url: 'https://dev-algorithm.govolution.com/vrelaytest/QA2/version_2_2/vrelaytest.html'

24-10-2024T07:02:58 - [MESSAGE][INFO] - Starting 'Edge Chromium' driver

24-10-2024T07:02:58 - [MESSAGE][INFO] - User set preference: ['acceptInsecureCerts', 'true']

24-10-2024T07:03:00 - [MESSAGE][INFO] - Action delay is set to 0 milliseconds

24-10-2024T07:03:03 - [MESSAGE][PASSED] - Browser is opened with url: 'https://dev-algorithm.govolution.com/vrelaytest/QA2/version_2_2/vrelaytest.html'

24-10-2024T07:03:03 - [TEST_STEP][PASSED] - maximizeWindow(): Current window maximized

24-10-2024T07:03:03 - [MESSAGE][PASSED] - Current window maximized

24-10-2024T07:03:03 - [TEST_STEP][PASSED] - iwpPages.TestHarnessPage.setDataMethodEF(row, dataFile): iwpPages.TestHarnessPage.setDataMethodEF is PASSED

24-10-2024T07:03:04 - [MESSAGE][PASSED] - Object 'Object Repository/IWP30/Page_QATestHarness/RemittanceID' is present

24-10-2024T07:03:04 - [MESSAGE][PASSED] - Text '638' is set on object 'Object Repository/IWP30/Page_QATestHarness/ApplicationID'

24-10-2024T07:03:05 - [MESSAGE][PASSED] - Text '2.5' is set on object 'Object Repository/IWP30/Page_QATestHarness/MessageVersion'

24-10-2024T07:03:06 - [MESSAGE][PASSED] - Text 'v63QaH9cDgIP' is set on object 'Object Repository/IWP30/Page_QATestHarness/RemittanceID'

24-10-2024T07:03:09 - [MESSAGE][PASSED] - Object: 'Object Repository/IWP30/Page_QATestHarness/SubmitButton' is clicked on

24-10-2024T07:03:09 - [MESSAGE][PASSED] - iwpPages.TestHarnessPage.setDataMethodEF is PASSED

24-10-2024T07:03:09 - [TEST_STEP][PASSED] - click(findTestObject("Object Repository/IWP30/Page_SelectPaymentMethod/PayByPersonalCheck")): Object: 'Object Repository/IWP30/Page_SelectPaymentMethod/PayByPersonalCheck' is clicked on

24-10-2024T07:03:10 - [MESSAGE][PASSED] - Object: 'Object Repository/IWP30/Page_SelectPaymentMethod/PayByPersonalCheck' is clicked on

24-10-2024T07:03:10 - [TEST_STEP][PASSED] - click(findTestObject("Object Repository/IWP30/Page_SelectPaymentMethod/MakePaymentButton")): Object: 'Object Repository/IWP30/Page_SelectPaymentMethod/MakePaymentButton' is clicked on

24-10-2024T07:03:13 - [MESSAGE][PASSED] - Object: 'Object Repository/IWP30/Page_SelectPaymentMethod/MakePaymentButton' is clicked on

24-10-2024T07:03:13 - [TEST_STEP][PASSED] - iwpPages.achPersonalPaymentEntryPage.setDataACHPPM(row, dataFile): iwpPages.achPersonalPaymentEntryPage.setDataACHPPM is PASSED

24-10-2024T07:03:13 - [MESSAGE][PASSED] - Object 'Object Repository/IWP30/Page_ACHPersonalPaymentEntry/txt_accountNumber' is present

24-10-2024T07:03:14 - [MESSAGE][PASSED] - Text '10.50' is set on object 'Object Repository/IWP30/Page_ACHPersonalPaymentEntry/txt_Amount'

24-10-2024T07:03:14 - [MESSAGE][PASSED] - Object 'Object Repository/IWP30/Page_ACHPersonalPaymentEntry/txt_UDF2' is present

24-10-2024T07:03:15 - [MESSAGE][PASSED] - Text 'udf data 2' is set on object 'Object Repository/IWP30/Page_ACHPersonalPaymentEntry/txt_UDF2'

24-10-2024T07:03:15 - [MESSAGE][PASSED] - Text 'udf data 3' is set on object 'Object Repository/IWP30/Page_ACHPersonalPaymentEntry/txt_UDF3'

24-10-2024T07:03:16 - [MESSAGE][PASSED] - All options with label 'Orange' are selected in object 'Object Repository/IWP30/Page_ACHPersonalPaymentEntry/dd_UDF7' 

24-10-2024T07:03:16 - [MESSAGE][PASSED] - All options with label 'Soccer' are selected in object 'Object Repository/IWP30/Page_ACHPersonalPaymentEntry/dd_UDF8' 

24-10-2024T07:03:17 - [MESSAGE][PASSED] - Object 'Object Repository/IWP30/Page_ACHPersonalPaymentEntry/txt_Firstname' is present

24-10-2024T07:03:17 - [MESSAGE][PASSED] - Text 'Elizath' is set on object 'Object Repository/IWP30/Page_ACHPersonalPaymentEntry/txt_Firstname'

24-10-2024T07:03:18 - [MESSAGE][PASSED] - Object 'Object Repository/IWP30/Page_ACHPersonalPaymentEntry/txt_Lastname' is present

24-10-2024T07:03:18 - [MESSAGE][PASSED] - Text 'Christine' is set on object 'Object Repository/IWP30/Page_ACHPersonalPaymentEntry/txt_Lastname'

24-10-2024T07:03:18 - [MESSAGE][PASSED] - Object 'Object Repository/IWP30/Page_ACHPersonalPaymentEntry/txt_routingNumber' is present

24-10-2024T07:03:19 - [MESSAGE][PASSED] - Text '256072691' is set on object 'Object Repository/IWP30/Page_ACHPersonalPaymentEntry/txt_routingNumber'

24-10-2024T07:03:19 - [MESSAGE][PASSED] - Object 'Object Repository/IWP30/Page_ACHPersonalPaymentEntry/txt_accountNumber' is present

24-10-2024T07:03:21 - [MESSAGE][PASSED] - Text '12344444' is set on object 'Object Repository/IWP30/Page_ACHPersonalPaymentEntry/txt_accountNumber'

24-10-2024T07:03:21 - [MESSAGE][PASSED] - Object 'Object Repository/IWP30/Page_ACHPersonalPaymentEntry/txt_confirmAccountNumber' is present

24-10-2024T07:03:22 - [MESSAGE][PASSED] - Text '12344444' is set on object 'Object Repository/IWP30/Page_ACHPersonalPaymentEntry/txt_confirmAccountNumber'

24-10-2024T07:03:22 - [MESSAGE][PASSED] - Object 'Object Repository/IWP30/Page_ACHPersonalPaymentEntry/rd_accountType' is present

24-10-2024T07:03:22 - [MESSAGE][PASSED] - Modify property of object successfully

24-10-2024T07:03:22 - [MESSAGE][PASSED] - Object: 'Object Repository/IWP30/Page_ACHPersonalPaymentEntry/rd_accountType' is clicked on

24-10-2024T07:03:22 - [MESSAGE][PASSED] - Execute JavaScript '
				   document.getElementById('processDate').value = '08/09/2025'
				  ' successfully

24-10-2024T07:03:23 - [MESSAGE][PASSED] - Text '365 Main Avenue' is set on object 'Object Repository/IWP30/Page_ACHPersonalPaymentEntry/txt_AL1'

24-10-2024T07:03:24 - [MESSAGE][PASSED] - Text 'Ohio' is set on object 'Object Repository/IWP30/Page_ACHPersonalPaymentEntry/txt_AL2'

24-10-2024T07:03:24 - [MESSAGE][PASSED] - Text '22201' is set on object 'Object Repository/IWP30/Page_ACHPersonalPaymentEntry/txt_ZIP'

24-10-2024T07:03:25 - [MESSAGE][PASSED] - Object 'Object Repository/IWP30/Page_ACHPersonalPaymentEntry/txt_Email' is present

24-10-2024T07:03:26 - [MESSAGE][PASSED] - Text 'iahmed@govolution.com' is set on object 'Object Repository/IWP30/Page_ACHPersonalPaymentEntry/txt_Email'

24-10-2024T07:03:26 - [MESSAGE][PASSED] - Object 'Object Repository/IWP30/Page_ACHPersonalPaymentEntry/cb_TermsAndCond' is present

24-10-2024T07:03:27 - [MESSAGE][PASSED] - Object: 'Object Repository/IWP30/Page_ACHPersonalPaymentEntry/cb_TermsAndCond' is clicked on

24-10-2024T07:03:27 - [MESSAGE][PASSED] - Object 'Object Repository/IWP30/Page_ACHPersonalPaymentEntry/btn_Continue' is present

24-10-2024T07:03:28 - [MESSAGE][PASSED] - Object: 'Object Repository/IWP30/Page_ACHPersonalPaymentEntry/btn_Continue' is clicked on

24-10-2024T07:03:28 - [MESSAGE][PASSED] - iwpPages.achPersonalPaymentEntryPage.setDataACHPPM is PASSED

24-10-2024T07:03:28 - [TEST_STEP][PASSED] - click(findTestObject("Object Repository/IWP30/Page_Confirmation/ConfirmButton")): Object: 'Object Repository/IWP30/Page_Confirmation/ConfirmButton' is clicked on

24-10-2024T07:03:30 - [MESSAGE][PASSED] - Object: 'Object Repository/IWP30/Page_Confirmation/ConfirmButton' is clicked on

24-10-2024T07:03:30 - [TEST_STEP][PASSED] - Thread.sleep(2000): null

24-10-2024T07:03:33 - [TEST_STEP][PASSED] - if (verifyTextPresent("Deferred", false)): null

24-10-2024T07:03:33 - [MESSAGE][PASSED] - Text 'Deferred' is present on page 

24-10-2024T07:03:33 - [TEST_STEP][PASSED] - click(findTestObject("Object Repository/IWP30/Page_Receipt/ViewScheduledPaymentsButton")): Object: 'Object Repository/IWP30/Page_Receipt/ViewScheduledPaymentsButton' is clicked on

24-10-2024T07:03:33 - [MESSAGE][PASSED] - Object: 'Object Repository/IWP30/Page_Receipt/ViewScheduledPaymentsButton' is clicked on

24-10-2024T07:03:33 - [TEST_STEP][PASSED] - switchToWindowTitle("View Scheduled Payments"): Switched to window with title: 'View Scheduled Payments'

24-10-2024T07:03:33 - [MESSAGE][PASSED] - Switched to window with title: 'View Scheduled Payments'

24-10-2024T07:03:33 - [TEST_STEP][PASSED] - Thread.sleep(4000): null

24-10-2024T07:03:37 - [TEST_STEP][PASSED] - if (verifyTextPresent("View Scheduled Payments", false)): null

24-10-2024T07:03:38 - [MESSAGE][PASSED] - Text 'View Scheduled Payments' is present on page 

24-10-2024T07:03:38 - [TEST_STEP][PASSED] - click(findTestObject("Object Repository/IWP30/Page_ScheduledPayments/cancel_payment")): Object: 'Object Repository/IWP30/Page_ScheduledPayments/cancel_payment' is clicked on

24-10-2024T07:03:39 - [MESSAGE][PASSED] - Object: 'Object Repository/IWP30/Page_ScheduledPayments/cancel_payment' is clicked on

24-10-2024T07:03:39 - [TEST_STEP][PASSED] - if (verifyTextPresent("Cancel Payment Plan", false)): null

24-10-2024T07:03:39 - [MESSAGE][PASSED] - Text 'Cancel Payment Plan' is present on page 

24-10-2024T07:03:39 - [TEST_STEP][PASSED] - click(findTestObject("Object Repository/IWP30/Page_PaymentPlan/btn_cancel")): Object: 'Object Repository/IWP30/Page_PaymentPlan/btn_cancel' is clicked on

24-10-2024T07:03:40 - [MESSAGE][PASSED] - Object: 'Object Repository/IWP30/Page_PaymentPlan/btn_cancel' is clicked on

24-10-2024T07:03:40 - [TEST_STEP][PASSED] - acceptAlert(): Alert accepted

24-10-2024T07:03:40 - [MESSAGE][PASSED] - Alert accepted

24-10-2024T07:03:40 - [TEST_STEP][PASSED] - if (verifyTextPresent("Your payment plan has been successfully canceled", false)): null

24-10-2024T07:03:41 - [MESSAGE][PASSED] - Text 'Your payment plan has been successfully canceled' is present on page 

24-10-2024T07:03:41 - [TEST_STEP][PASSED] - isRequiredTextPresent = true: null

24-10-2024T07:03:41 - [TEST_STEP][PASSED] - println(isRequiredTextPresent): null

24-10-2024T07:03:41 - [TEST_STEP][PASSED] - if (isRequiredTextPresent): null

24-10-2024T07:03:41 - [TEST_STEP][PASSED] - if (verifyTextPresent("CAN Label:", false)): null

24-10-2024T07:03:41 - [MESSAGE][PASSED] - Text 'CAN Label:' is present on page 

24-10-2024T07:03:41 - [TEST_STEP][PASSED] - isRequiredTextPresent = true: null

24-10-2024T07:03:41 - [TEST_STEP][PASSED] - println(isRequiredTextPresent): null

24-10-2024T07:03:41 - [TEST_STEP][PASSED] - if (isRequiredTextPresent): null

24-10-2024T07:03:41 - [TEST_STEP][PASSED] - if (verifyTextPresent("Please verify the following information:", false)): null

24-10-2024T07:03:42 - [MESSAGE][PASSED] - Text 'Please verify the following information:' is present on page 

24-10-2024T07:03:42 - [TEST_STEP][PASSED] - isRequiredTextPresent = true: null

24-10-2024T07:03:42 - [TEST_STEP][PASSED] - println(isRequiredTextPresent): null

24-10-2024T07:03:42 - [TEST_STEP][PASSED] - if (isRequiredTextPresent): null

24-10-2024T07:03:42 - [TEST_STEP][PASSED] - if (verifyTextPresent("Payment Information:", false)): null

24-10-2024T07:03:42 - [MESSAGE][PASSED] - Text 'Payment Information:' is present on page 

24-10-2024T07:03:42 - [TEST_STEP][PASSED] - isRequiredTextPresent = true: null

24-10-2024T07:03:42 - [TEST_STEP][PASSED] - println(isRequiredTextPresent): null

24-10-2024T07:03:42 - [TEST_STEP][PASSED] - if (isRequiredTextPresent): null

24-10-2024T07:03:42 - [TEST_STEP][PASSED] - if (verifyTextPresent("UDF2 Label:", false)): null

24-10-2024T07:03:42 - [MESSAGE][PASSED] - Text 'UDF2 Label:' is present on page 

24-10-2024T07:03:42 - [TEST_STEP][PASSED] - isRequiredTextPresent = true: null

24-10-2024T07:03:42 - [TEST_STEP][PASSED] - println(isRequiredTextPresent): null

24-10-2024T07:03:42 - [TEST_STEP][PASSED] - if (isRequiredTextPresent): null

24-10-2024T07:03:42 - [TEST_STEP][PASSED] - if (verifyTextPresent("UDF3 Label:", false)): null

24-10-2024T07:03:43 - [MESSAGE][PASSED] - Text 'UDF3 Label:' is present on page 

24-10-2024T07:03:43 - [TEST_STEP][PASSED] - isRequiredTextPresent = true: null

24-10-2024T07:03:43 - [TEST_STEP][PASSED] - println(isRequiredTextPresent): null

24-10-2024T07:03:43 - [TEST_STEP][PASSED] - if (isRequiredTextPresent): null

24-10-2024T07:03:43 - [TEST_STEP][PASSED] - if (verifyTextPresent("UDF4 Label:", false)): null

24-10-2024T07:03:43 - [MESSAGE][PASSED] - Text 'UDF4 Label:' is present on page 

24-10-2024T07:03:43 - [TEST_STEP][PASSED] - isRequiredTextPresent = true: null

24-10-2024T07:03:43 - [TEST_STEP][PASSED] - println(isRequiredTextPresent): null

24-10-2024T07:03:43 - [TEST_STEP][PASSED] - if (isRequiredTextPresent): null

24-10-2024T07:03:43 - [TEST_STEP][PASSED] - if (verifyTextPresent("UDF7 Label:", false)): null

24-10-2024T07:03:43 - [MESSAGE][PASSED] - Text 'UDF7 Label:' is present on page 

24-10-2024T07:03:43 - [TEST_STEP][PASSED] - isRequiredTextPresent = true: null

24-10-2024T07:03:43 - [TEST_STEP][PASSED] - println(isRequiredTextPresent): null

24-10-2024T07:03:43 - [TEST_STEP][PASSED] - if (isRequiredTextPresent): null

24-10-2024T07:03:43 - [TEST_STEP][PASSED] - if (verifyTextPresent("UDF8 Label:", false)): null

24-10-2024T07:03:43 - [MESSAGE][PASSED] - Text 'UDF8 Label:' is present on page 

24-10-2024T07:03:43 - [TEST_STEP][PASSED] - isRequiredTextPresent = true: null

24-10-2024T07:03:43 - [TEST_STEP][PASSED] - println(isRequiredTextPresent): null

24-10-2024T07:03:43 - [TEST_STEP][PASSED] - if (isRequiredTextPresent): null

24-10-2024T07:03:43 - [TEST_STEP][PASSED] - if (verifyTextPresent("UDF9 Label:", false)): null

24-10-2024T07:03:44 - [MESSAGE][PASSED] - Text 'UDF9 Label:' is present on page 

24-10-2024T07:03:44 - [TEST_STEP][PASSED] - isRequiredTextPresent = true: null

24-10-2024T07:03:44 - [TEST_STEP][PASSED] - println(isRequiredTextPresent): null

24-10-2024T07:03:44 - [TEST_STEP][PASSED] - if (isRequiredTextPresent): null

24-10-2024T07:03:44 - [TEST_STEP][PASSED] - if (verifyTextPresent("Account Information", false)): null

24-10-2024T07:03:44 - [MESSAGE][PASSED] - Text 'Account Information' is present on page 

24-10-2024T07:03:44 - [TEST_STEP][PASSED] - isRequiredTextPresent = true: null

24-10-2024T07:03:44 - [TEST_STEP][PASSED] - println(isRequiredTextPresent): null

24-10-2024T07:03:44 - [TEST_STEP][PASSED] - if (isRequiredTextPresent): null

24-10-2024T07:03:44 - [TEST_STEP][PASSED] - if (verifyTextPresent("First Name on Check:", false)): null

24-10-2024T07:03:44 - [MESSAGE][PASSED] - Text 'First Name on Check:' is present on page 

24-10-2024T07:03:44 - [TEST_STEP][PASSED] - isRequiredTextPresent = true: null

24-10-2024T07:03:44 - [TEST_STEP][PASSED] - println(isRequiredTextPresent): null

24-10-2024T07:03:44 - [TEST_STEP][PASSED] - if (isRequiredTextPresent): null

24-10-2024T07:03:44 - [TEST_STEP][PASSED] - if (verifyTextPresent("Last Name on Check:", false)): null

24-10-2024T07:03:44 - [MESSAGE][PASSED] - Text 'Last Name on Check:' is present on page 

24-10-2024T07:03:44 - [TEST_STEP][PASSED] - isRequiredTextPresent = true: null

24-10-2024T07:03:44 - [TEST_STEP][PASSED] - println(isRequiredTextPresent): null

24-10-2024T07:03:44 - [TEST_STEP][PASSED] - if (isRequiredTextPresent): null

24-10-2024T07:03:44 - [TEST_STEP][PASSED] - if (verifyTextPresent("Routing Transit Number:", false)): null

24-10-2024T07:03:45 - [MESSAGE][PASSED] - Text 'Routing Transit Number:' is present on page 

24-10-2024T07:03:45 - [TEST_STEP][PASSED] - isRequiredTextPresent = true: null

24-10-2024T07:03:45 - [TEST_STEP][PASSED] - println(isRequiredTextPresent): null

24-10-2024T07:03:45 - [TEST_STEP][PASSED] - if (isRequiredTextPresent): null

24-10-2024T07:03:45 - [TEST_STEP][PASSED] - if (verifyTextPresent("Account Number:", false)): null

24-10-2024T07:03:45 - [MESSAGE][PASSED] - Text 'Account Number:' is present on page 

24-10-2024T07:03:45 - [TEST_STEP][PASSED] - isRequiredTextPresent = true: null

24-10-2024T07:03:45 - [TEST_STEP][PASSED] - println(isRequiredTextPresent): null

24-10-2024T07:03:45 - [TEST_STEP][PASSED] - if (isRequiredTextPresent): null

24-10-2024T07:03:45 - [TEST_STEP][PASSED] - if (verifyTextPresent("Type of Account:", false)): null

24-10-2024T07:03:45 - [MESSAGE][PASSED] - Text 'Type of Account:' is present on page 

24-10-2024T07:03:45 - [TEST_STEP][PASSED] - isRequiredTextPresent = true: null

24-10-2024T07:03:45 - [TEST_STEP][PASSED] - println(isRequiredTextPresent): null

24-10-2024T07:03:45 - [TEST_STEP][PASSED] - if (isRequiredTextPresent): null

24-10-2024T07:03:45 - [TEST_STEP][PASSED] - if (verifyTextPresent("Address Line 1:", false)): null

24-10-2024T07:03:46 - [MESSAGE][PASSED] - Text 'Address Line 1:' is present on page 

24-10-2024T07:03:46 - [TEST_STEP][PASSED] - isRequiredTextPresent = true: null

24-10-2024T07:03:46 - [TEST_STEP][PASSED] - println(isRequiredTextPresent): null

24-10-2024T07:03:46 - [TEST_STEP][PASSED] - if (isRequiredTextPresent): null

24-10-2024T07:03:46 - [TEST_STEP][PASSED] - if (verifyTextPresent("Address Line 2:", false)): null

24-10-2024T07:03:46 - [MESSAGE][PASSED] - Text 'Address Line 2:' is present on page 

24-10-2024T07:03:46 - [TEST_STEP][PASSED] - isRequiredTextPresent = true: null

24-10-2024T07:03:46 - [TEST_STEP][PASSED] - println(isRequiredTextPresent): null

24-10-2024T07:03:46 - [TEST_STEP][PASSED] - if (isRequiredTextPresent): null

24-10-2024T07:03:46 - [TEST_STEP][PASSED] - if (verifyTextPresent("Country:", false)): null

24-10-2024T07:03:46 - [MESSAGE][PASSED] - Text 'Country:' is present on page 

24-10-2024T07:03:46 - [TEST_STEP][PASSED] - isRequiredTextPresent = true: null

24-10-2024T07:03:46 - [TEST_STEP][PASSED] - println(isRequiredTextPresent): null

24-10-2024T07:03:46 - [TEST_STEP][PASSED] - if (isRequiredTextPresent): null

24-10-2024T07:03:46 - [TEST_STEP][PASSED] - if (verifyTextPresent("City:", false)): null

24-10-2024T07:03:46 - [MESSAGE][PASSED] - Text 'City:' is present on page 

24-10-2024T07:03:46 - [TEST_STEP][PASSED] - isRequiredTextPresent = true: null

24-10-2024T07:03:46 - [TEST_STEP][PASSED] - println(isRequiredTextPresent): null

24-10-2024T07:03:46 - [TEST_STEP][PASSED] - if (isRequiredTextPresent): null

24-10-2024T07:03:46 - [TEST_STEP][PASSED] - if (verifyTextPresent("State:", false)): null

24-10-2024T07:03:47 - [MESSAGE][PASSED] - Text 'State:' is present on page 

24-10-2024T07:03:47 - [TEST_STEP][PASSED] - isRequiredTextPresent = true: null

24-10-2024T07:03:47 - [TEST_STEP][PASSED] - println(isRequiredTextPresent): null

24-10-2024T07:03:47 - [TEST_STEP][PASSED] - if (isRequiredTextPresent): null

24-10-2024T07:03:47 - [TEST_STEP][PASSED] - if (verifyTextPresent("ZIP Code:", false)): null

24-10-2024T07:03:47 - [MESSAGE][PASSED] - Text 'ZIP Code:' is present on page 

24-10-2024T07:03:47 - [TEST_STEP][PASSED] - isRequiredTextPresent = true: null

24-10-2024T07:03:47 - [TEST_STEP][PASSED] - println(isRequiredTextPresent): null

24-10-2024T07:03:47 - [TEST_STEP][PASSED] - if (isRequiredTextPresent): null

24-10-2024T07:03:47 - [TEST_STEP][PASSED] - if (verifyTextPresent("Email Address:", false)): null

24-10-2024T07:03:47 - [MESSAGE][PASSED] - Text 'Email Address:' is present on page 

24-10-2024T07:03:47 - [TEST_STEP][PASSED] - isRequiredTextPresent = true: null

24-10-2024T07:03:47 - [TEST_STEP][PASSED] - println(isRequiredTextPresent): null

24-10-2024T07:03:47 - [TEST_STEP][PASSED] - if (isRequiredTextPresent): null

24-10-2024T07:03:47 - [TEST_STEP][PASSED] - if (verifyTextPresent("Payment Plan Information:", false)): null

24-10-2024T07:03:48 - [MESSAGE][PASSED] - Text 'Payment Plan Information:' is present on page 

24-10-2024T07:03:48 - [TEST_STEP][PASSED] - isRequiredTextPresent = true: null

24-10-2024T07:03:48 - [TEST_STEP][PASSED] - println(isRequiredTextPresent): null

24-10-2024T07:03:48 - [TEST_STEP][PASSED] - if (isRequiredTextPresent): null

24-10-2024T07:03:48 - [TEST_STEP][PASSED] - if (verifyTextPresent("Payment Plan Type:", false)): null

24-10-2024T07:03:48 - [MESSAGE][PASSED] - Text 'Payment Plan Type:' is present on page 

24-10-2024T07:03:48 - [TEST_STEP][PASSED] - isRequiredTextPresent = true: null

24-10-2024T07:03:48 - [TEST_STEP][PASSED] - println(isRequiredTextPresent): null

24-10-2024T07:03:48 - [TEST_STEP][PASSED] - if (isRequiredTextPresent): null

24-10-2024T07:03:48 - [TEST_STEP][PASSED] - if (verifyTextPresent("Payment Plan Status:", false)): null

24-10-2024T07:03:48 - [MESSAGE][PASSED] - Text 'Payment Plan Status:' is present on page 

24-10-2024T07:03:48 - [TEST_STEP][PASSED] - isRequiredTextPresent = true: null

24-10-2024T07:03:48 - [TEST_STEP][PASSED] - println(isRequiredTextPresent): null

24-10-2024T07:03:48 - [TEST_STEP][PASSED] - if (isRequiredTextPresent): null

24-10-2024T07:03:48 - [TEST_STEP][PASSED] - if (verifyTextPresent("Payment Plan ID:", false)): null

24-10-2024T07:03:48 - [MESSAGE][PASSED] - Text 'Payment Plan ID:' is present on page 

24-10-2024T07:03:48 - [TEST_STEP][PASSED] - isRequiredTextPresent = true: null

24-10-2024T07:03:48 - [TEST_STEP][PASSED] - println(isRequiredTextPresent): null

24-10-2024T07:03:48 - [TEST_STEP][PASSED] - if (isRequiredTextPresent): null

24-10-2024T07:03:48 - [TEST_STEP][PASSED] - if (verifyTextPresent("Payment Plan Start Date:", false)): null

24-10-2024T07:03:49 - [MESSAGE][PASSED] - Text 'Payment Plan Start Date:' is present on page 

24-10-2024T07:03:49 - [TEST_STEP][PASSED] - isRequiredTextPresent = true: null

24-10-2024T07:03:49 - [TEST_STEP][PASSED] - println(isRequiredTextPresent): null

24-10-2024T07:03:49 - [TEST_STEP][PASSED] - if (isRequiredTextPresent): null

24-10-2024T07:03:49 - [TEST_STEP][PASSED] - if (verifyTextPresent("Amount:", false)): null

24-10-2024T07:03:49 - [MESSAGE][PASSED] - Text 'Amount:' is present on page 

24-10-2024T07:03:49 - [TEST_STEP][PASSED] - isRequiredTextPresent = true: null

24-10-2024T07:03:49 - [TEST_STEP][PASSED] - println(isRequiredTextPresent): null

24-10-2024T07:03:49 - [TEST_STEP][PASSED] - if (isRequiredTextPresent == true): pages.WriteExcel.demoKey is PASSED

24-10-2024T07:03:49 - [TEST_STEP][PASSED] - println("All the relevant texts are present on Receipt Page"): null

24-10-2024T07:03:49 - [TEST_STEP][PASSED] - markPassed("All the relevant texts are present on Receipt Page"): All the relevant texts are present on Receipt Page

24-10-2024T07:03:49 - [MESSAGE][PASSED] - All the relevant texts are present on Receipt Page

24-10-2024T07:03:49 - [TEST_STEP][PASSED] - resText = "Pass": null

24-10-2024T07:03:49 - [TEST_STEP][PASSED] - pages.WriteExcel.demoKey(resText, datText, resColumn, datCloumn, fileLoc, nameSheet, row): pages.WriteExcel.demoKey is PASSED

24-10-2024T07:03:49 - [MESSAGE][PASSED] - pages.WriteExcel.demoKey is PASSED

24-10-2024T07:03:49 - [TEST_STEP][PASSED] - closeBrowser(): Browser is closed

24-10-2024T07:03:50 - [MESSAGE][PASSED] - Browser is closed

24-10-2024T07:03:50 - [TEST_STEP][PASSED] - ExecuteTC = dataFile.getValue("Execute", row): null

24-10-2024T07:03:50 - [TEST_STEP][PASSED] - out.println("Value of Execute is : " + ExecuteTC): null

24-10-2024T07:03:50 - [TEST_STEP][PASSED] - if (ExecuteTC.equalsIgnoreCase("Y")): null

24-10-2024T07:03:50 - [TEST_STEP][PASSED] - out.println("Begin Record Number: " + row): null

24-10-2024T07:03:50 - [TEST_STEP][PASSED] - today = new java.util.Date(): null

24-10-2024T07:03:50 - [TEST_STEP][PASSED] - println(today): null

24-10-2024T07:03:50 - [TEST_STEP][PASSED] - datText = today: null

24-10-2024T07:03:50 - [TEST_STEP][PASSED] - EmulatorDataKey = dataFile.getValue("EmulatorData", row): null

24-10-2024T07:03:50 - [TEST_STEP][PASSED] - out.println("Value of Emulator Key is : " + EmulatorDataKey): null

24-10-2024T07:03:50 - [TEST_STEP][PASSED] - iwpPages.emulatorIWP30.setDataEmulator_DD(EmulatorDataKey): iwpPages.emulatorIWP30.setDataEmulator_DD is PASSED

24-10-2024T07:03:50 - [MESSAGE][INFO] - Starting 'Edge Chromium' driver

24-10-2024T07:03:50 - [MESSAGE][INFO] - User set preference: ['acceptInsecureCerts', 'true']

24-10-2024T07:03:52 - [MESSAGE][INFO] - Action delay is set to 0 milliseconds

24-10-2024T07:03:56 - [MESSAGE][PASSED] - Browser is opened with url: 'https://qa2.velocitypayment.com/agencyx/config.action?action=editor&message_version=3_0'

24-10-2024T07:03:56 - [MESSAGE][PASSED] - Current window maximized

24-10-2024T07:04:27 - [MESSAGE][INFO] - Unable to find the element located by 'By.xpath: //select[@name='message_version']'. Please recheck the objects properties to make sure the desired element is located. 

24-10-2024T07:04:27 - [MESSAGE][WARNING] - [SELF-HEALING] Failed to find element with id 'Object Repository/IWP30/Page_VRelay30Emulator/MV'. Try using Self-healing.

24-10-2024T07:04:28 - [MESSAGE][WARNING] - [SELF-HEALING] The current locator of test object 'Object Repository/IWP30/Page_VRelay30Emulator/MV' was broken. Propose an alternative one: '(.//*[normalize-space(text()) and normalize-space(.)='Message Version'])[1]/following::select[1]'.

24-10-2024T07:04:28 - [MESSAGE][PASSED] - All options with value '3.0' are selected in object 'Object Repository/IWP30/Page_VRelay30Emulator/MV'  using regular expression

24-10-2024T07:04:29 - [MESSAGE][PASSED] - Text '10.50' is set on object 'Object Repository/IWP30/Page_EmulatorAgencyX/Amount'

24-10-2024T07:04:29 - [MESSAGE][PASSED] - Text 'JFzsRe4nBWbZ' is set on object 'Object Repository/IWP30/Page_EmulatorAgencyX/CAN'

24-10-2024T07:04:30 - [MESSAGE][PASSED] - Text 'PayNow' is set on object 'Object Repository/IWP30/Page_EmulatorAgencyX/Action'

24-10-2024T07:04:31 - [MESSAGE][PASSED] - Text 'en_US' is set on object 'Object Repository/IWP30/Page_EmulatorAgencyX/Lang'

24-10-2024T07:04:31 - [MESSAGE][PASSED] - Text '' is set on object 'Object Repository/IWP30/Page_EmulatorAgencyX/Fname'

24-10-2024T07:04:32 - [MESSAGE][PASSED] - Text '' is set on object 'Object Repository/IWP30/Page_EmulatorAgencyX/Lname'

24-10-2024T07:04:32 - [MESSAGE][PASSED] - Text '' is set on object 'Object Repository/IWP30/Page_EmulatorAgencyX/AL1'

24-10-2024T07:04:33 - [MESSAGE][PASSED] - Text '' is set on object 'Object Repository/IWP30/Page_EmulatorAgencyX/AL2'

24-10-2024T07:04:34 - [MESSAGE][PASSED] - Text '' is set on object 'Object Repository/IWP30/Page_EmulatorAgencyX/Country'

24-10-2024T07:04:34 - [MESSAGE][PASSED] - Text '' is set on object 'Object Repository/IWP30/Page_EmulatorAgencyX/City'

24-10-2024T07:04:35 - [MESSAGE][PASSED] - Text '' is set on object 'Object Repository/IWP30/Page_EmulatorAgencyX/State'

24-10-2024T07:04:35 - [MESSAGE][PASSED] - Text '' is set on object 'Object Repository/IWP30/Page_EmulatorAgencyX/ZIP'

24-10-2024T07:04:36 - [MESSAGE][PASSED] - Text '' is set on object 'Object Repository/IWP30/Page_EmulatorAgencyX/Order'

24-10-2024T07:04:36 - [MESSAGE][PASSED] - Text '' is set on object 'Object Repository/IWP30/Page_EmulatorAgencyX/Company'

24-10-2024T07:04:37 - [MESSAGE][PASSED] - Text '' is set on object 'Object Repository/IWP30/Page_EmulatorAgencyX/Email'

24-10-2024T07:04:38 - [MESSAGE][PASSED] - Text '' is set on object 'Object Repository/IWP30/Page_EmulatorAgencyX/UDF1'

24-10-2024T07:04:38 - [MESSAGE][PASSED] - Text '' is set on object 'Object Repository/IWP30/Page_EmulatorAgencyX/UDF2'

24-10-2024T07:04:39 - [MESSAGE][PASSED] - Text '' is set on object 'Object Repository/IWP30/Page_EmulatorAgencyX/UDF3'

24-10-2024T07:04:39 - [MESSAGE][PASSED] - Text 'udf data 4' is set on object 'Object Repository/IWP30/Page_EmulatorAgencyX/UDF4'

24-10-2024T07:04:40 - [MESSAGE][PASSED] - Text 'udf data 5' is set on object 'Object Repository/IWP30/Page_EmulatorAgencyX/UDF5'

24-10-2024T07:04:40 - [MESSAGE][PASSED] - Text '' is set on object 'Object Repository/IWP30/Page_EmulatorAgencyX/UDF6'

24-10-2024T07:04:41 - [MESSAGE][PASSED] - Text '' is set on object 'Object Repository/IWP30/Page_EmulatorAgencyX/UDF7'

24-10-2024T07:04:42 - [MESSAGE][PASSED] - Text '' is set on object 'Object Repository/IWP30/Page_EmulatorAgencyX/UDF8'

24-10-2024T07:04:42 - [MESSAGE][PASSED] - Text 'udf data 9' is set on object 'Object Repository/IWP30/Page_EmulatorAgencyX/UDF9'

24-10-2024T07:04:43 - [MESSAGE][PASSED] - Text 'udf data 10' is set on object 'Object Repository/IWP30/Page_EmulatorAgencyX/UDF10'

24-10-2024T07:04:44 - [MESSAGE][PASSED] - Object: 'Object Repository/IWP30/Page_EmulatorAgencyX/Submit' is clicked on

24-10-2024T07:04:49 - [MESSAGE][PASSED] - Browser is closed

24-10-2024T07:04:53 - [MESSAGE][PASSED] - iwpPages.emulatorIWP30.setDataEmulator_DD is PASSED

24-10-2024T07:04:53 - [TEST_STEP][PASSED] - testHarnessURL = urlTestHarness: null

24-10-2024T07:04:53 - [TEST_STEP][PASSED] - openBrowser(testHarnessURL): Browser is opened with url: 'https://dev-algorithm.govolution.com/vrelaytest/QA2/version_2_2/vrelaytest.html'

24-10-2024T07:04:53 - [MESSAGE][INFO] - Starting 'Edge Chromium' driver

24-10-2024T07:04:53 - [MESSAGE][INFO] - User set preference: ['acceptInsecureCerts', 'true']

24-10-2024T07:04:55 - [MESSAGE][INFO] - Action delay is set to 0 milliseconds

24-10-2024T07:04:58 - [MESSAGE][PASSED] - Browser is opened with url: 'https://dev-algorithm.govolution.com/vrelaytest/QA2/version_2_2/vrelaytest.html'

24-10-2024T07:04:58 - [TEST_STEP][PASSED] - maximizeWindow(): Current window maximized

24-10-2024T07:04:58 - [MESSAGE][PASSED] - Current window maximized

24-10-2024T07:04:58 - [TEST_STEP][PASSED] - iwpPages.TestHarnessPage.setDataMethodEF(row, dataFile): iwpPages.TestHarnessPage.setDataMethodEF is PASSED

24-10-2024T07:04:59 - [MESSAGE][PASSED] - Object 'Object Repository/IWP30/Page_QATestHarness/RemittanceID' is present

24-10-2024T07:04:59 - [MESSAGE][PASSED] - Text '649' is set on object 'Object Repository/IWP30/Page_QATestHarness/ApplicationID'

24-10-2024T07:05:00 - [MESSAGE][PASSED] - Text '3.0' is set on object 'Object Repository/IWP30/Page_QATestHarness/MessageVersion'

24-10-2024T07:05:01 - [MESSAGE][PASSED] - Text 'BKf91RmTP91I' is set on object 'Object Repository/IWP30/Page_QATestHarness/RemittanceID'

24-10-2024T07:05:05 - [MESSAGE][PASSED] - Object: 'Object Repository/IWP30/Page_QATestHarness/SubmitButton' is clicked on

24-10-2024T07:05:05 - [MESSAGE][PASSED] - iwpPages.TestHarnessPage.setDataMethodEF is PASSED

24-10-2024T07:05:05 - [TEST_STEP][PASSED] - click(findTestObject("Object Repository/IWP30/Page_SelectPaymentMethod/PayByPersonalCheck")): Object: 'Object Repository/IWP30/Page_SelectPaymentMethod/PayByPersonalCheck' is clicked on

24-10-2024T07:05:06 - [MESSAGE][PASSED] - Object: 'Object Repository/IWP30/Page_SelectPaymentMethod/PayByPersonalCheck' is clicked on

24-10-2024T07:05:06 - [TEST_STEP][PASSED] - click(findTestObject("Object Repository/IWP30/Page_SelectPaymentMethod/MakePaymentButton")): Object: 'Object Repository/IWP30/Page_SelectPaymentMethod/MakePaymentButton' is clicked on

24-10-2024T07:05:08 - [MESSAGE][PASSED] - Object: 'Object Repository/IWP30/Page_SelectPaymentMethod/MakePaymentButton' is clicked on

24-10-2024T07:05:08 - [TEST_STEP][PASSED] - iwpPages.achPersonalPaymentEntryPage.setDataACHPPM(row, dataFile): iwpPages.achPersonalPaymentEntryPage.setDataACHPPM is PASSED

24-10-2024T07:05:09 - [MESSAGE][PASSED] - Object 'Object Repository/IWP30/Page_ACHPersonalPaymentEntry/txt_accountNumber' is present

24-10-2024T07:05:09 - [MESSAGE][PASSED] - Text '10.50' is set on object 'Object Repository/IWP30/Page_ACHPersonalPaymentEntry/txt_Amount'

24-10-2024T07:05:09 - [MESSAGE][PASSED] - Object 'Object Repository/IWP30/Page_ACHPersonalPaymentEntry/txt_UDF2' is present

24-10-2024T07:05:10 - [MESSAGE][PASSED] - Text 'udf data 2' is set on object 'Object Repository/IWP30/Page_ACHPersonalPaymentEntry/txt_UDF2'

24-10-2024T07:05:11 - [MESSAGE][PASSED] - Text 'udf data 3' is set on object 'Object Repository/IWP30/Page_ACHPersonalPaymentEntry/txt_UDF3'

24-10-2024T07:05:11 - [MESSAGE][PASSED] - All options with label 'Orange' are selected in object 'Object Repository/IWP30/Page_ACHPersonalPaymentEntry/dd_UDF7' 

24-10-2024T07:05:12 - [MESSAGE][PASSED] - All options with label 'Soccer' are selected in object 'Object Repository/IWP30/Page_ACHPersonalPaymentEntry/dd_UDF8' 

24-10-2024T07:05:12 - [MESSAGE][PASSED] - Object 'Object Repository/IWP30/Page_ACHPersonalPaymentEntry/txt_Firstname' is present

24-10-2024T07:05:13 - [MESSAGE][PASSED] - Text 'Elizath' is set on object 'Object Repository/IWP30/Page_ACHPersonalPaymentEntry/txt_Firstname'

24-10-2024T07:05:13 - [MESSAGE][PASSED] - Object 'Object Repository/IWP30/Page_ACHPersonalPaymentEntry/txt_Lastname' is present

24-10-2024T07:05:13 - [MESSAGE][PASSED] - Text 'Christine' is set on object 'Object Repository/IWP30/Page_ACHPersonalPaymentEntry/txt_Lastname'

24-10-2024T07:05:14 - [MESSAGE][PASSED] - Object 'Object Repository/IWP30/Page_ACHPersonalPaymentEntry/txt_routingNumber' is present

24-10-2024T07:05:14 - [MESSAGE][PASSED] - Text '256072691' is set on object 'Object Repository/IWP30/Page_ACHPersonalPaymentEntry/txt_routingNumber'

24-10-2024T07:05:14 - [MESSAGE][PASSED] - Object 'Object Repository/IWP30/Page_ACHPersonalPaymentEntry/txt_accountNumber' is present

24-10-2024T07:05:15 - [MESSAGE][PASSED] - Text '12344444' is set on object 'Object Repository/IWP30/Page_ACHPersonalPaymentEntry/txt_accountNumber'

24-10-2024T07:05:16 - [MESSAGE][PASSED] - Object 'Object Repository/IWP30/Page_ACHPersonalPaymentEntry/txt_confirmAccountNumber' is present

24-10-2024T07:05:16 - [MESSAGE][PASSED] - Text '12344444' is set on object 'Object Repository/IWP30/Page_ACHPersonalPaymentEntry/txt_confirmAccountNumber'

24-10-2024T07:05:17 - [MESSAGE][PASSED] - Object 'Object Repository/IWP30/Page_ACHPersonalPaymentEntry/rd_accountType' is present

24-10-2024T07:05:17 - [MESSAGE][PASSED] - Modify property of object successfully

24-10-2024T07:05:17 - [MESSAGE][PASSED] - Object: 'Object Repository/IWP30/Page_ACHPersonalPaymentEntry/rd_accountType' is clicked on

24-10-2024T07:05:17 - [MESSAGE][PASSED] - Execute JavaScript '
				   document.getElementById('processDate').value = '08/09/2025'
				  ' successfully

24-10-2024T07:05:18 - [MESSAGE][PASSED] - Text '365 Main Avenue' is set on object 'Object Repository/IWP30/Page_ACHPersonalPaymentEntry/txt_AL1'

24-10-2024T07:05:18 - [MESSAGE][PASSED] - Text 'Ohio' is set on object 'Object Repository/IWP30/Page_ACHPersonalPaymentEntry/txt_AL2'

24-10-2024T07:05:19 - [MESSAGE][PASSED] - Text '22201' is set on object 'Object Repository/IWP30/Page_ACHPersonalPaymentEntry/txt_ZIP'

24-10-2024T07:05:19 - [MESSAGE][PASSED] - Object 'Object Repository/IWP30/Page_ACHPersonalPaymentEntry/txt_Email' is present

24-10-2024T07:05:20 - [MESSAGE][PASSED] - Text 'iahmed@govolution.com' is set on object 'Object Repository/IWP30/Page_ACHPersonalPaymentEntry/txt_Email'

24-10-2024T07:05:20 - [MESSAGE][PASSED] - Object 'Object Repository/IWP30/Page_ACHPersonalPaymentEntry/cb_TermsAndCond' is present

24-10-2024T07:05:21 - [MESSAGE][PASSED] - Object: 'Object Repository/IWP30/Page_ACHPersonalPaymentEntry/cb_TermsAndCond' is clicked on

24-10-2024T07:05:21 - [MESSAGE][PASSED] - Object 'Object Repository/IWP30/Page_ACHPersonalPaymentEntry/btn_Continue' is present

24-10-2024T07:05:22 - [MESSAGE][PASSED] - Object: 'Object Repository/IWP30/Page_ACHPersonalPaymentEntry/btn_Continue' is clicked on

24-10-2024T07:05:22 - [MESSAGE][PASSED] - iwpPages.achPersonalPaymentEntryPage.setDataACHPPM is PASSED

24-10-2024T07:05:22 - [TEST_STEP][PASSED] - click(findTestObject("Object Repository/IWP30/Page_Confirmation/ConfirmButton")): Object: 'Object Repository/IWP30/Page_Confirmation/ConfirmButton' is clicked on

24-10-2024T07:05:53 - [MESSAGE][INFO] - Unable to find the element located by 'By.xpath: //*[@type = 'submit' and @name = 'confirmNotifyAction' and @id = 'submitYes' and @value = 'Confirm']'. Please recheck the objects properties to make sure the desired element is located. 

24-10-2024T07:05:53 - [MESSAGE][WARNING] - [SELF-HEALING] Failed to find element with id 'Object Repository/IWP30/Page_Confirmation/ConfirmButton'. Try using Self-healing.

24-10-2024T07:05:53 - [MESSAGE][WARNING] - [SELF-HEALING] The current locator of test object 'Object Repository/IWP30/Page_Confirmation/ConfirmButton' was broken. Propose an alternative one: '//div/input'.

24-10-2024T07:05:55 - [MESSAGE][PASSED] - Object: 'Object Repository/IWP30/Page_Confirmation/ConfirmButton' is clicked on

24-10-2024T07:05:55 - [TEST_STEP][PASSED] - Thread.sleep(2000): null

24-10-2024T07:05:57 - [TEST_STEP][PASSED] - if (verifyTextPresent("Deferred", false)): null

24-10-2024T07:05:58 - [MESSAGE][PASSED] - Text 'Deferred' is present on page 

24-10-2024T07:05:58 - [TEST_STEP][PASSED] - click(findTestObject("Object Repository/IWP30/Page_Receipt/ViewScheduledPaymentsButton")): Object: 'Object Repository/IWP30/Page_Receipt/ViewScheduledPaymentsButton' is clicked on

24-10-2024T07:05:58 - [MESSAGE][PASSED] - Object: 'Object Repository/IWP30/Page_Receipt/ViewScheduledPaymentsButton' is clicked on

24-10-2024T07:05:58 - [TEST_STEP][PASSED] - switchToWindowTitle("View Scheduled Payments"): Switched to window with title: 'View Scheduled Payments'

24-10-2024T07:05:58 - [MESSAGE][PASSED] - Switched to window with title: 'View Scheduled Payments'

24-10-2024T07:05:58 - [TEST_STEP][PASSED] - Thread.sleep(4000): null

24-10-2024T07:06:02 - [TEST_STEP][PASSED] - if (verifyTextPresent("View Scheduled Payments", false)): null

24-10-2024T07:06:03 - [MESSAGE][PASSED] - Text 'View Scheduled Payments' is present on page 

24-10-2024T07:06:03 - [TEST_STEP][PASSED] - click(findTestObject("Object Repository/IWP30/Page_ScheduledPayments/cancel_payment")): Object: 'Object Repository/IWP30/Page_ScheduledPayments/cancel_payment' is clicked on

24-10-2024T07:06:04 - [MESSAGE][PASSED] - Object: 'Object Repository/IWP30/Page_ScheduledPayments/cancel_payment' is clicked on

24-10-2024T07:06:04 - [TEST_STEP][PASSED] - if (verifyTextPresent("Cancel Payment Plan", false)): null

24-10-2024T07:06:04 - [MESSAGE][PASSED] - Text 'Cancel Payment Plan' is present on page 

24-10-2024T07:06:04 - [TEST_STEP][PASSED] - click(findTestObject("Object Repository/IWP30/Page_PaymentPlan/btn_cancel")): Object: 'Object Repository/IWP30/Page_PaymentPlan/btn_cancel' is clicked on

24-10-2024T07:06:04 - [MESSAGE][PASSED] - Object: 'Object Repository/IWP30/Page_PaymentPlan/btn_cancel' is clicked on

24-10-2024T07:06:04 - [TEST_STEP][PASSED] - acceptAlert(): Alert accepted

24-10-2024T07:06:04 - [MESSAGE][PASSED] - Alert accepted

24-10-2024T07:06:04 - [TEST_STEP][PASSED] - if (verifyTextPresent("Your payment plan has been successfully canceled", false)): null

24-10-2024T07:06:06 - [MESSAGE][PASSED] - Text 'Your payment plan has been successfully canceled' is present on page 

24-10-2024T07:06:06 - [TEST_STEP][PASSED] - isRequiredTextPresent = true: null

24-10-2024T07:06:06 - [TEST_STEP][PASSED] - println(isRequiredTextPresent): null

24-10-2024T07:06:06 - [TEST_STEP][PASSED] - if (isRequiredTextPresent): null

24-10-2024T07:06:06 - [TEST_STEP][PASSED] - if (verifyTextPresent("CAN Label:", false)): null

24-10-2024T07:06:06 - [MESSAGE][PASSED] - Text 'CAN Label:' is present on page 

24-10-2024T07:06:06 - [TEST_STEP][PASSED] - isRequiredTextPresent = true: null

24-10-2024T07:06:06 - [TEST_STEP][PASSED] - println(isRequiredTextPresent): null

24-10-2024T07:06:06 - [TEST_STEP][PASSED] - if (isRequiredTextPresent): null

24-10-2024T07:06:06 - [TEST_STEP][PASSED] - if (verifyTextPresent("Please verify the following information:", false)): null

24-10-2024T07:06:06 - [MESSAGE][PASSED] - Text 'Please verify the following information:' is present on page 

24-10-2024T07:06:06 - [TEST_STEP][PASSED] - isRequiredTextPresent = true: null

24-10-2024T07:06:06 - [TEST_STEP][PASSED] - println(isRequiredTextPresent): null

24-10-2024T07:06:06 - [TEST_STEP][PASSED] - if (isRequiredTextPresent): null

24-10-2024T07:06:06 - [TEST_STEP][PASSED] - if (verifyTextPresent("Payment Information:", false)): null

24-10-2024T07:06:07 - [MESSAGE][PASSED] - Text 'Payment Information:' is present on page 

24-10-2024T07:06:07 - [TEST_STEP][PASSED] - isRequiredTextPresent = true: null

24-10-2024T07:06:07 - [TEST_STEP][PASSED] - println(isRequiredTextPresent): null

24-10-2024T07:06:07 - [TEST_STEP][PASSED] - if (isRequiredTextPresent): null

24-10-2024T07:06:07 - [TEST_STEP][PASSED] - if (verifyTextPresent("UDF2 Label:", false)): null

24-10-2024T07:06:07 - [MESSAGE][PASSED] - Text 'UDF2 Label:' is present on page 

24-10-2024T07:06:07 - [TEST_STEP][PASSED] - isRequiredTextPresent = true: null

24-10-2024T07:06:07 - [TEST_STEP][PASSED] - println(isRequiredTextPresent): null

24-10-2024T07:06:07 - [TEST_STEP][PASSED] - if (isRequiredTextPresent): null

24-10-2024T07:06:07 - [TEST_STEP][PASSED] - if (verifyTextPresent("UDF3 Label:", false)): null

24-10-2024T07:06:07 - [MESSAGE][PASSED] - Text 'UDF3 Label:' is present on page 

24-10-2024T07:06:07 - [TEST_STEP][PASSED] - isRequiredTextPresent = true: null

24-10-2024T07:06:07 - [TEST_STEP][PASSED] - println(isRequiredTextPresent): null

24-10-2024T07:06:07 - [TEST_STEP][PASSED] - if (isRequiredTextPresent): null

24-10-2024T07:06:07 - [TEST_STEP][PASSED] - if (verifyTextPresent("UDF4 Label:", false)): null

24-10-2024T07:06:07 - [MESSAGE][PASSED] - Text 'UDF4 Label:' is present on page 

24-10-2024T07:06:07 - [TEST_STEP][PASSED] - isRequiredTextPresent = true: null

24-10-2024T07:06:07 - [TEST_STEP][PASSED] - println(isRequiredTextPresent): null

24-10-2024T07:06:07 - [TEST_STEP][PASSED] - if (isRequiredTextPresent): null

24-10-2024T07:06:07 - [TEST_STEP][PASSED] - if (verifyTextPresent("UDF7 Label:", false)): null

24-10-2024T07:06:08 - [MESSAGE][PASSED] - Text 'UDF7 Label:' is present on page 

24-10-2024T07:06:08 - [TEST_STEP][PASSED] - isRequiredTextPresent = true: null

24-10-2024T07:06:08 - [TEST_STEP][PASSED] - println(isRequiredTextPresent): null

24-10-2024T07:06:08 - [TEST_STEP][PASSED] - if (isRequiredTextPresent): null

24-10-2024T07:06:08 - [TEST_STEP][PASSED] - if (verifyTextPresent("UDF8 Label:", false)): null

24-10-2024T07:06:08 - [MESSAGE][PASSED] - Text 'UDF8 Label:' is present on page 

24-10-2024T07:06:08 - [TEST_STEP][PASSED] - isRequiredTextPresent = true: null

24-10-2024T07:06:08 - [TEST_STEP][PASSED] - println(isRequiredTextPresent): null

24-10-2024T07:06:08 - [TEST_STEP][PASSED] - if (isRequiredTextPresent): null

24-10-2024T07:06:08 - [TEST_STEP][PASSED] - if (verifyTextPresent("UDF9 Label:", false)): null

24-10-2024T07:06:08 - [MESSAGE][PASSED] - Text 'UDF9 Label:' is present on page 

24-10-2024T07:06:08 - [TEST_STEP][PASSED] - isRequiredTextPresent = true: null

24-10-2024T07:06:08 - [TEST_STEP][PASSED] - println(isRequiredTextPresent): null

24-10-2024T07:06:08 - [TEST_STEP][PASSED] - if (isRequiredTextPresent): null

24-10-2024T07:06:08 - [TEST_STEP][PASSED] - if (verifyTextPresent("Account Information", false)): null

24-10-2024T07:06:09 - [MESSAGE][PASSED] - Text 'Account Information' is present on page 

24-10-2024T07:06:09 - [TEST_STEP][PASSED] - isRequiredTextPresent = true: null

24-10-2024T07:06:09 - [TEST_STEP][PASSED] - println(isRequiredTextPresent): null

24-10-2024T07:06:09 - [TEST_STEP][PASSED] - if (isRequiredTextPresent): null

24-10-2024T07:06:09 - [TEST_STEP][PASSED] - if (verifyTextPresent("First Name on Check:", false)): null

24-10-2024T07:06:09 - [MESSAGE][PASSED] - Text 'First Name on Check:' is present on page 

24-10-2024T07:06:09 - [TEST_STEP][PASSED] - isRequiredTextPresent = true: null

24-10-2024T07:06:09 - [TEST_STEP][PASSED] - println(isRequiredTextPresent): null

24-10-2024T07:06:09 - [TEST_STEP][PASSED] - if (isRequiredTextPresent): null

24-10-2024T07:06:09 - [TEST_STEP][PASSED] - if (verifyTextPresent("Last Name on Check:", false)): null

24-10-2024T07:06:09 - [MESSAGE][PASSED] - Text 'Last Name on Check:' is present on page 

24-10-2024T07:06:09 - [TEST_STEP][PASSED] - isRequiredTextPresent = true: null

24-10-2024T07:06:09 - [TEST_STEP][PASSED] - println(isRequiredTextPresent): null

24-10-2024T07:06:09 - [TEST_STEP][PASSED] - if (isRequiredTextPresent): null

24-10-2024T07:06:09 - [TEST_STEP][PASSED] - if (verifyTextPresent("Routing Transit Number:", false)): null

24-10-2024T07:06:09 - [MESSAGE][PASSED] - Text 'Routing Transit Number:' is present on page 

24-10-2024T07:06:09 - [TEST_STEP][PASSED] - isRequiredTextPresent = true: null

24-10-2024T07:06:09 - [TEST_STEP][PASSED] - println(isRequiredTextPresent): null

24-10-2024T07:06:09 - [TEST_STEP][PASSED] - if (isRequiredTextPresent): null

24-10-2024T07:06:09 - [TEST_STEP][PASSED] - if (verifyTextPresent("Account Number:", false)): null

24-10-2024T07:06:10 - [MESSAGE][PASSED] - Text 'Account Number:' is present on page 

24-10-2024T07:06:10 - [TEST_STEP][PASSED] - isRequiredTextPresent = true: null

24-10-2024T07:06:10 - [TEST_STEP][PASSED] - println(isRequiredTextPresent): null

24-10-2024T07:06:10 - [TEST_STEP][PASSED] - if (isRequiredTextPresent): null

24-10-2024T07:06:10 - [TEST_STEP][PASSED] - if (verifyTextPresent("Type of Account:", false)): null

24-10-2024T07:06:10 - [MESSAGE][PASSED] - Text 'Type of Account:' is present on page 

24-10-2024T07:06:10 - [TEST_STEP][PASSED] - isRequiredTextPresent = true: null

24-10-2024T07:06:10 - [TEST_STEP][PASSED] - println(isRequiredTextPresent): null

24-10-2024T07:06:10 - [TEST_STEP][PASSED] - if (isRequiredTextPresent): null

24-10-2024T07:06:10 - [TEST_STEP][PASSED] - if (verifyTextPresent("Address Line 1:", false)): null

24-10-2024T07:06:10 - [MESSAGE][PASSED] - Text 'Address Line 1:' is present on page 

24-10-2024T07:06:10 - [TEST_STEP][PASSED] - isRequiredTextPresent = true: null

24-10-2024T07:06:10 - [TEST_STEP][PASSED] - println(isRequiredTextPresent): null

24-10-2024T07:06:10 - [TEST_STEP][PASSED] - if (isRequiredTextPresent): null

24-10-2024T07:06:10 - [TEST_STEP][PASSED] - if (verifyTextPresent("Address Line 2:", false)): null

24-10-2024T07:06:10 - [MESSAGE][PASSED] - Text 'Address Line 2:' is present on page 

24-10-2024T07:06:10 - [TEST_STEP][PASSED] - isRequiredTextPresent = true: null

24-10-2024T07:06:10 - [TEST_STEP][PASSED] - println(isRequiredTextPresent): null

24-10-2024T07:06:10 - [TEST_STEP][PASSED] - if (isRequiredTextPresent): null

24-10-2024T07:06:10 - [TEST_STEP][PASSED] - if (verifyTextPresent("Country:", false)): null

24-10-2024T07:06:11 - [MESSAGE][PASSED] - Text 'Country:' is present on page 

24-10-2024T07:06:11 - [TEST_STEP][PASSED] - isRequiredTextPresent = true: null

24-10-2024T07:06:11 - [TEST_STEP][PASSED] - println(isRequiredTextPresent): null

24-10-2024T07:06:11 - [TEST_STEP][PASSED] - if (isRequiredTextPresent): null

24-10-2024T07:06:11 - [TEST_STEP][PASSED] - if (verifyTextPresent("City:", false)): null

24-10-2024T07:06:11 - [MESSAGE][PASSED] - Text 'City:' is present on page 

24-10-2024T07:06:11 - [TEST_STEP][PASSED] - isRequiredTextPresent = true: null

24-10-2024T07:06:11 - [TEST_STEP][PASSED] - println(isRequiredTextPresent): null

24-10-2024T07:06:11 - [TEST_STEP][PASSED] - if (isRequiredTextPresent): null

24-10-2024T07:06:11 - [TEST_STEP][PASSED] - if (verifyTextPresent("State:", false)): null

24-10-2024T07:06:11 - [MESSAGE][PASSED] - Text 'State:' is present on page 

24-10-2024T07:06:11 - [TEST_STEP][PASSED] - isRequiredTextPresent = true: null

24-10-2024T07:06:11 - [TEST_STEP][PASSED] - println(isRequiredTextPresent): null

24-10-2024T07:06:11 - [TEST_STEP][PASSED] - if (isRequiredTextPresent): null

24-10-2024T07:06:11 - [TEST_STEP][PASSED] - if (verifyTextPresent("ZIP Code:", false)): null

24-10-2024T07:06:12 - [MESSAGE][PASSED] - Text 'ZIP Code:' is present on page 

24-10-2024T07:06:12 - [TEST_STEP][PASSED] - isRequiredTextPresent = true: null

24-10-2024T07:06:12 - [TEST_STEP][PASSED] - println(isRequiredTextPresent): null

24-10-2024T07:06:12 - [TEST_STEP][PASSED] - if (isRequiredTextPresent): null

24-10-2024T07:06:12 - [TEST_STEP][PASSED] - if (verifyTextPresent("Email Address:", false)): null

24-10-2024T07:06:12 - [MESSAGE][PASSED] - Text 'Email Address:' is present on page 

24-10-2024T07:06:12 - [TEST_STEP][PASSED] - isRequiredTextPresent = true: null

24-10-2024T07:06:12 - [TEST_STEP][PASSED] - println(isRequiredTextPresent): null

24-10-2024T07:06:12 - [TEST_STEP][PASSED] - if (isRequiredTextPresent): null

24-10-2024T07:06:12 - [TEST_STEP][PASSED] - if (verifyTextPresent("Payment Plan Information:", false)): null

24-10-2024T07:06:12 - [MESSAGE][PASSED] - Text 'Payment Plan Information:' is present on page 

24-10-2024T07:06:12 - [TEST_STEP][PASSED] - isRequiredTextPresent = true: null

24-10-2024T07:06:12 - [TEST_STEP][PASSED] - println(isRequiredTextPresent): null

24-10-2024T07:06:12 - [TEST_STEP][PASSED] - if (isRequiredTextPresent): null

24-10-2024T07:06:12 - [TEST_STEP][PASSED] - if (verifyTextPresent("Payment Plan Type:", false)): null

24-10-2024T07:06:12 - [MESSAGE][PASSED] - Text 'Payment Plan Type:' is present on page 

24-10-2024T07:06:12 - [TEST_STEP][PASSED] - isRequiredTextPresent = true: null

24-10-2024T07:06:12 - [TEST_STEP][PASSED] - println(isRequiredTextPresent): null

24-10-2024T07:06:12 - [TEST_STEP][PASSED] - if (isRequiredTextPresent): null

24-10-2024T07:06:12 - [TEST_STEP][PASSED] - if (verifyTextPresent("Payment Plan Status:", false)): null

24-10-2024T07:06:13 - [MESSAGE][PASSED] - Text 'Payment Plan Status:' is present on page 

24-10-2024T07:06:13 - [TEST_STEP][PASSED] - isRequiredTextPresent = true: null

24-10-2024T07:06:13 - [TEST_STEP][PASSED] - println(isRequiredTextPresent): null

24-10-2024T07:06:13 - [TEST_STEP][PASSED] - if (isRequiredTextPresent): null

24-10-2024T07:06:13 - [TEST_STEP][PASSED] - if (verifyTextPresent("Payment Plan ID:", false)): null

24-10-2024T07:06:13 - [MESSAGE][PASSED] - Text 'Payment Plan ID:' is present on page 

24-10-2024T07:06:13 - [TEST_STEP][PASSED] - isRequiredTextPresent = true: null

24-10-2024T07:06:13 - [TEST_STEP][PASSED] - println(isRequiredTextPresent): null

24-10-2024T07:06:13 - [TEST_STEP][PASSED] - if (isRequiredTextPresent): null

24-10-2024T07:06:13 - [TEST_STEP][PASSED] - if (verifyTextPresent("Payment Plan Start Date:", false)): null

24-10-2024T07:06:13 - [MESSAGE][PASSED] - Text 'Payment Plan Start Date:' is present on page 

24-10-2024T07:06:13 - [TEST_STEP][PASSED] - isRequiredTextPresent = true: null

24-10-2024T07:06:13 - [TEST_STEP][PASSED] - println(isRequiredTextPresent): null

24-10-2024T07:06:13 - [TEST_STEP][PASSED] - if (isRequiredTextPresent): null

24-10-2024T07:06:13 - [TEST_STEP][PASSED] - if (verifyTextPresent("Amount:", false)): null

24-10-2024T07:06:14 - [MESSAGE][PASSED] - Text 'Amount:' is present on page 

24-10-2024T07:06:14 - [TEST_STEP][PASSED] - isRequiredTextPresent = true: null

24-10-2024T07:06:14 - [TEST_STEP][PASSED] - println(isRequiredTextPresent): null

24-10-2024T07:06:14 - [TEST_STEP][PASSED] - if (isRequiredTextPresent == true): pages.WriteExcel.demoKey is PASSED

24-10-2024T07:06:14 - [TEST_STEP][PASSED] - println("All the relevant texts are present on Receipt Page"): null

24-10-2024T07:06:14 - [TEST_STEP][PASSED] - markPassed("All the relevant texts are present on Receipt Page"): All the relevant texts are present on Receipt Page

24-10-2024T07:06:14 - [MESSAGE][PASSED] - All the relevant texts are present on Receipt Page

24-10-2024T07:06:14 - [TEST_STEP][PASSED] - resText = "Pass": null

24-10-2024T07:06:14 - [TEST_STEP][PASSED] - pages.WriteExcel.demoKey(resText, datText, resColumn, datCloumn, fileLoc, nameSheet, row): pages.WriteExcel.demoKey is PASSED

24-10-2024T07:06:14 - [MESSAGE][PASSED] - pages.WriteExcel.demoKey is PASSED

24-10-2024T07:06:14 - [TEST_STEP][PASSED] - closeBrowser(): Browser is closed

24-10-2024T07:06:14 - [MESSAGE][PASSED] - Browser is closed]]></system-out>
         <system-err><![CDATA[]]></system-err>
      </testcase>
      <testcase name="Test Cases/IntegratedWeb/IWP25/Payments/VerifyCancelReceiptLabelsDeferredPS" time="260.717" classname="Test Cases/IntegratedWeb/IWP25/Payments/VerifyCancelReceiptLabelsDeferredPS" status="PASSED">
         <system-out><![CDATA[24-10-2024T07:06:14 - [TEST_CASE][PASSED] - Test Cases/IntegratedWeb/IWP25/Payments/VerifyCancelReceiptLabelsDeferredPS: Test Cases/IntegratedWeb/IWP25/Payments/VerifyCancelReceiptLabelsDeferredPS

24-10-2024T07:06:15 - [TEST_STEP][PASSED] - resText = "Fail": null

24-10-2024T07:06:15 - [TEST_STEP][PASSED] - resColumn = "Result": null

24-10-2024T07:06:15 - [TEST_STEP][PASSED] - datCloumn = "Date": null

24-10-2024T07:06:15 - [TEST_STEP][PASSED] - fileLoc = "KatalonData/IWPTestData/VRelay25PaymentsExtension.xlsx": null

24-10-2024T07:06:15 - [TEST_STEP][PASSED] - numOfRows = <not implemented yet for class: org.codehaus.groovy.ast.expr.EmptyExpression>: null

24-10-2024T07:06:15 - [TEST_STEP][PASSED] - dataFile = <not implemented yet for class: org.codehaus.groovy.ast.expr.EmptyExpression>: null

24-10-2024T07:06:15 - [TEST_STEP][PASSED] - nameSheet = <not implemented yet for class: org.codehaus.groovy.ast.expr.EmptyExpression>: null

24-10-2024T07:06:15 - [TEST_STEP][PASSED] - dataFileEmulator = <not implemented yet for class: org.codehaus.groovy.ast.expr.EmptyExpression>: null

24-10-2024T07:06:15 - [TEST_STEP][PASSED] - isRequiredTextPresent = false: null

24-10-2024T07:06:15 - [TEST_STEP][PASSED] - nameSheet = "VerifyCancelLabelDeferredPS": null

24-10-2024T07:06:15 - [TEST_STEP][PASSED] - dataFile = getExcelDataWithDefaultSheet("KatalonData/IWPTestData/VRelay25PaymentsExtension.xlsx", nameSheet, true): null

24-10-2024T07:06:15 - [TEST_STEP][PASSED] - dataFileEmulator = "IWPTestData/EmulatorData": null

24-10-2024T07:06:15 - [TEST_STEP][PASSED] - numOfRows = dataFile.getRowNumbers(): null

24-10-2024T07:06:15 - [TEST_STEP][PASSED] - println("Number of Records: " + numOfRows): null

24-10-2024T07:06:15 - [TEST_STEP][PASSED] - for ([row = 1, row <= numOfRows, (row++)]): Browser is closed

24-10-2024T07:06:15 - [TEST_STEP][PASSED] - ExecuteTC = dataFile.getValue("Execute", row): null

24-10-2024T07:06:15 - [TEST_STEP][PASSED] - out.println("Value of Execute is : " + ExecuteTC): null

24-10-2024T07:06:15 - [TEST_STEP][PASSED] - if (ExecuteTC.equalsIgnoreCase("Y")): null

24-10-2024T07:06:15 - [TEST_STEP][PASSED] - out.println("Begin Record Number: " + row): null

24-10-2024T07:06:15 - [TEST_STEP][PASSED] - today = new java.util.Date(): null

24-10-2024T07:06:15 - [TEST_STEP][PASSED] - println(today): null

24-10-2024T07:06:15 - [TEST_STEP][PASSED] - datText = today: null

24-10-2024T07:06:15 - [TEST_STEP][PASSED] - EmulatorDataKey = dataFile.getValue("EmulatorData", row): null

24-10-2024T07:06:15 - [TEST_STEP][PASSED] - out.println("Value of Emulator Key is : " + EmulatorDataKey): null

24-10-2024T07:06:15 - [TEST_STEP][PASSED] - iwpPages.emulatorIWP30.setDataEmulator_DD(EmulatorDataKey): iwpPages.emulatorIWP30.setDataEmulator_DD is PASSED

24-10-2024T07:06:16 - [MESSAGE][INFO] - Starting 'Edge Chromium' driver

24-10-2024T07:06:16 - [MESSAGE][INFO] - User set preference: ['acceptInsecureCerts', 'true']

24-10-2024T07:06:18 - [MESSAGE][INFO] - Action delay is set to 0 milliseconds

24-10-2024T07:06:22 - [MESSAGE][PASSED] - Browser is opened with url: 'https://qa2.velocitypayment.com/agencyx/config.action?action=editor&message_version=2_5'

24-10-2024T07:06:22 - [MESSAGE][PASSED] - Current window maximized

24-10-2024T07:06:53 - [MESSAGE][INFO] - Unable to find the element located by 'By.xpath: //select[@name='message_version']'. Please recheck the objects properties to make sure the desired element is located. 

24-10-2024T07:06:53 - [MESSAGE][WARNING] - [SELF-HEALING] Failed to find element with id 'Object Repository/IWP30/Page_VRelay30Emulator/MV'. Try using Self-healing.

24-10-2024T07:06:53 - [MESSAGE][WARNING] - [SELF-HEALING] The current locator of test object 'Object Repository/IWP30/Page_VRelay30Emulator/MV' was broken. Propose an alternative one: '(.//*[normalize-space(text()) and normalize-space(.)='Message Version'])[1]/following::select[1]'.

24-10-2024T07:06:54 - [MESSAGE][PASSED] - All options with value '2.5' are selected in object 'Object Repository/IWP30/Page_VRelay30Emulator/MV'  using regular expression

24-10-2024T07:06:54 - [MESSAGE][PASSED] - Text '10.50' is set on object 'Object Repository/IWP30/Page_EmulatorAgencyX/Amount'

24-10-2024T07:06:55 - [MESSAGE][PASSED] - Text '4L0Dq6G39Dme' is set on object 'Object Repository/IWP30/Page_EmulatorAgencyX/CAN'

24-10-2024T07:06:55 - [MESSAGE][PASSED] - Text 'PayNow' is set on object 'Object Repository/IWP30/Page_EmulatorAgencyX/Action'

24-10-2024T07:06:56 - [MESSAGE][PASSED] - Text 'en_US' is set on object 'Object Repository/IWP30/Page_EmulatorAgencyX/Lang'

24-10-2024T07:06:57 - [MESSAGE][PASSED] - Text '' is set on object 'Object Repository/IWP30/Page_EmulatorAgencyX/Fname'

24-10-2024T07:06:57 - [MESSAGE][PASSED] - Text '' is set on object 'Object Repository/IWP30/Page_EmulatorAgencyX/Lname'

24-10-2024T07:06:58 - [MESSAGE][PASSED] - Text '' is set on object 'Object Repository/IWP30/Page_EmulatorAgencyX/AL1'

24-10-2024T07:06:58 - [MESSAGE][PASSED] - Text '' is set on object 'Object Repository/IWP30/Page_EmulatorAgencyX/AL2'

24-10-2024T07:06:59 - [MESSAGE][PASSED] - Text '' is set on object 'Object Repository/IWP30/Page_EmulatorAgencyX/Country'

24-10-2024T07:06:59 - [MESSAGE][PASSED] - Text '' is set on object 'Object Repository/IWP30/Page_EmulatorAgencyX/City'

24-10-2024T07:07:00 - [MESSAGE][PASSED] - Text '' is set on object 'Object Repository/IWP30/Page_EmulatorAgencyX/State'

24-10-2024T07:07:01 - [MESSAGE][PASSED] - Text '' is set on object 'Object Repository/IWP30/Page_EmulatorAgencyX/ZIP'

24-10-2024T07:07:01 - [MESSAGE][PASSED] - Text '' is set on object 'Object Repository/IWP30/Page_EmulatorAgencyX/Order'

24-10-2024T07:07:02 - [MESSAGE][PASSED] - Text '' is set on object 'Object Repository/IWP30/Page_EmulatorAgencyX/Company'

24-10-2024T07:07:02 - [MESSAGE][PASSED] - Text '' is set on object 'Object Repository/IWP30/Page_EmulatorAgencyX/Email'

24-10-2024T07:07:03 - [MESSAGE][PASSED] - Text '' is set on object 'Object Repository/IWP30/Page_EmulatorAgencyX/UDF1'

24-10-2024T07:07:03 - [MESSAGE][PASSED] - Text '' is set on object 'Object Repository/IWP30/Page_EmulatorAgencyX/UDF2'

24-10-2024T07:07:04 - [MESSAGE][PASSED] - Text '' is set on object 'Object Repository/IWP30/Page_EmulatorAgencyX/UDF3'

24-10-2024T07:07:05 - [MESSAGE][PASSED] - Text 'udf data 4' is set on object 'Object Repository/IWP30/Page_EmulatorAgencyX/UDF4'

24-10-2024T07:07:05 - [MESSAGE][PASSED] - Text 'udf data 5' is set on object 'Object Repository/IWP30/Page_EmulatorAgencyX/UDF5'

24-10-2024T07:07:06 - [MESSAGE][PASSED] - Text '' is set on object 'Object Repository/IWP30/Page_EmulatorAgencyX/UDF6'

24-10-2024T07:07:06 - [MESSAGE][PASSED] - Text '' is set on object 'Object Repository/IWP30/Page_EmulatorAgencyX/UDF7'

24-10-2024T07:07:07 - [MESSAGE][PASSED] - Text '' is set on object 'Object Repository/IWP30/Page_EmulatorAgencyX/UDF8'

24-10-2024T07:07:08 - [MESSAGE][PASSED] - Text 'udf data 9' is set on object 'Object Repository/IWP30/Page_EmulatorAgencyX/UDF9'

24-10-2024T07:07:08 - [MESSAGE][PASSED] - Text 'udf data 10' is set on object 'Object Repository/IWP30/Page_EmulatorAgencyX/UDF10'

24-10-2024T07:07:10 - [MESSAGE][PASSED] - Object: 'Object Repository/IWP30/Page_EmulatorAgencyX/Submit' is clicked on

24-10-2024T07:07:14 - [MESSAGE][PASSED] - Browser is closed

24-10-2024T07:07:18 - [MESSAGE][PASSED] - iwpPages.emulatorIWP30.setDataEmulator_DD is PASSED

24-10-2024T07:07:18 - [TEST_STEP][PASSED] - testHarnessURL = urlTestHarness: null

24-10-2024T07:07:18 - [TEST_STEP][PASSED] - openBrowser(testHarnessURL): Browser is opened with url: 'https://dev-algorithm.govolution.com/vrelaytest/QA2/version_2_2/vrelaytest.html'

24-10-2024T07:07:18 - [MESSAGE][INFO] - Starting 'Edge Chromium' driver

24-10-2024T07:07:18 - [MESSAGE][INFO] - User set preference: ['acceptInsecureCerts', 'true']

24-10-2024T07:07:20 - [MESSAGE][INFO] - Action delay is set to 0 milliseconds

24-10-2024T07:07:24 - [MESSAGE][PASSED] - Browser is opened with url: 'https://dev-algorithm.govolution.com/vrelaytest/QA2/version_2_2/vrelaytest.html'

24-10-2024T07:07:24 - [TEST_STEP][PASSED] - maximizeWindow(): Current window maximized

24-10-2024T07:07:24 - [MESSAGE][PASSED] - Current window maximized

24-10-2024T07:07:24 - [TEST_STEP][PASSED] - iwpPages.TestHarnessPage.setDataMethodEF(row, dataFile): iwpPages.TestHarnessPage.setDataMethodEF is PASSED

24-10-2024T07:07:24 - [MESSAGE][PASSED] - Object 'Object Repository/IWP30/Page_QATestHarness/RemittanceID' is present

24-10-2024T07:07:25 - [MESSAGE][PASSED] - Text '638' is set on object 'Object Repository/IWP30/Page_QATestHarness/ApplicationID'

24-10-2024T07:07:25 - [MESSAGE][PASSED] - Text '2.5' is set on object 'Object Repository/IWP30/Page_QATestHarness/MessageVersion'

24-10-2024T07:07:26 - [MESSAGE][PASSED] - Text 'jxWG1hVibJ1q' is set on object 'Object Repository/IWP30/Page_QATestHarness/RemittanceID'

24-10-2024T07:07:31 - [MESSAGE][PASSED] - Object: 'Object Repository/IWP30/Page_QATestHarness/SubmitButton' is clicked on

24-10-2024T07:07:31 - [MESSAGE][PASSED] - iwpPages.TestHarnessPage.setDataMethodEF is PASSED

24-10-2024T07:07:31 - [TEST_STEP][PASSED] - click(findTestObject("Object Repository/IWP30/Page_SelectPaymentMethod/PayByPersonalCheck")): Object: 'Object Repository/IWP30/Page_SelectPaymentMethod/PayByPersonalCheck' is clicked on

24-10-2024T07:07:31 - [MESSAGE][PASSED] - Object: 'Object Repository/IWP30/Page_SelectPaymentMethod/PayByPersonalCheck' is clicked on

24-10-2024T07:07:31 - [TEST_STEP][PASSED] - click(findTestObject("Object Repository/IWP30/Page_SelectPaymentMethod/MakePaymentButton")): Object: 'Object Repository/IWP30/Page_SelectPaymentMethod/MakePaymentButton' is clicked on

24-10-2024T07:07:34 - [MESSAGE][PASSED] - Object: 'Object Repository/IWP30/Page_SelectPaymentMethod/MakePaymentButton' is clicked on

24-10-2024T07:07:34 - [TEST_STEP][PASSED] - iwpPages.achPersonalPaymentEntryPage.setDataACHPPM(row, dataFile): iwpPages.achPersonalPaymentEntryPage.setDataACHPPM is PASSED

24-10-2024T07:07:35 - [MESSAGE][PASSED] - Object 'Object Repository/IWP30/Page_ACHPersonalPaymentEntry/txt_accountNumber' is present

24-10-2024T07:07:35 - [MESSAGE][PASSED] - Text '10.50' is set on object 'Object Repository/IWP30/Page_ACHPersonalPaymentEntry/txt_Amount'

24-10-2024T07:07:35 - [MESSAGE][PASSED] - Object 'Object Repository/IWP30/Page_ACHPersonalPaymentEntry/txt_UDF2' is present

24-10-2024T07:07:36 - [MESSAGE][PASSED] - Text 'udf data 2' is set on object 'Object Repository/IWP30/Page_ACHPersonalPaymentEntry/txt_UDF2'

24-10-2024T07:07:37 - [MESSAGE][PASSED] - Text 'udf data 3' is set on object 'Object Repository/IWP30/Page_ACHPersonalPaymentEntry/txt_UDF3'

24-10-2024T07:07:37 - [MESSAGE][PASSED] - All options with label 'Orange' are selected in object 'Object Repository/IWP30/Page_ACHPersonalPaymentEntry/dd_UDF7' 

24-10-2024T07:07:38 - [MESSAGE][PASSED] - All options with label 'Soccer' are selected in object 'Object Repository/IWP30/Page_ACHPersonalPaymentEntry/dd_UDF8' 

24-10-2024T07:07:38 - [MESSAGE][PASSED] - Object 'Object Repository/IWP30/Page_ACHPersonalPaymentEntry/txt_Firstname' is present

24-10-2024T07:07:39 - [MESSAGE][PASSED] - Text 'Elizath' is set on object 'Object Repository/IWP30/Page_ACHPersonalPaymentEntry/txt_Firstname'

24-10-2024T07:07:39 - [MESSAGE][PASSED] - Object 'Object Repository/IWP30/Page_ACHPersonalPaymentEntry/txt_Lastname' is present

24-10-2024T07:07:39 - [MESSAGE][PASSED] - Text 'Christine' is set on object 'Object Repository/IWP30/Page_ACHPersonalPaymentEntry/txt_Lastname'

24-10-2024T07:07:40 - [MESSAGE][PASSED] - Object 'Object Repository/IWP30/Page_ACHPersonalPaymentEntry/txt_routingNumber' is present

24-10-2024T07:07:40 - [MESSAGE][PASSED] - Text '256072691' is set on object 'Object Repository/IWP30/Page_ACHPersonalPaymentEntry/txt_routingNumber'

24-10-2024T07:07:41 - [MESSAGE][PASSED] - Object 'Object Repository/IWP30/Page_ACHPersonalPaymentEntry/txt_accountNumber' is present

24-10-2024T07:07:42 - [MESSAGE][PASSED] - Text '12344444' is set on object 'Object Repository/IWP30/Page_ACHPersonalPaymentEntry/txt_accountNumber'

24-10-2024T07:07:42 - [MESSAGE][PASSED] - Object 'Object Repository/IWP30/Page_ACHPersonalPaymentEntry/txt_confirmAccountNumber' is present

24-10-2024T07:07:43 - [MESSAGE][PASSED] - Text '12344444' is set on object 'Object Repository/IWP30/Page_ACHPersonalPaymentEntry/txt_confirmAccountNumber'

24-10-2024T07:07:43 - [MESSAGE][PASSED] - Object 'Object Repository/IWP30/Page_ACHPersonalPaymentEntry/rd_accountType' is present

24-10-2024T07:07:43 - [MESSAGE][PASSED] - Modify property of object successfully

24-10-2024T07:07:43 - [MESSAGE][PASSED] - Object: 'Object Repository/IWP30/Page_ACHPersonalPaymentEntry/rd_accountType' is clicked on

24-10-2024T07:07:43 - [MESSAGE][PASSED] - Execute JavaScript '
				   document.getElementById('processDate').value = '08/09/2025'
				  ' successfully

24-10-2024T07:07:44 - [MESSAGE][PASSED] - Text '365 Main Avenue' is set on object 'Object Repository/IWP30/Page_ACHPersonalPaymentEntry/txt_AL1'

24-10-2024T07:07:45 - [MESSAGE][PASSED] - Text 'Ohio' is set on object 'Object Repository/IWP30/Page_ACHPersonalPaymentEntry/txt_AL2'

24-10-2024T07:07:46 - [MESSAGE][PASSED] - Text '22201' is set on object 'Object Repository/IWP30/Page_ACHPersonalPaymentEntry/txt_ZIP'

24-10-2024T07:07:46 - [MESSAGE][PASSED] - Object 'Object Repository/IWP30/Page_ACHPersonalPaymentEntry/txt_Email' is present

24-10-2024T07:07:47 - [MESSAGE][PASSED] - Text 'iahmed@govolution.com' is set on object 'Object Repository/IWP30/Page_ACHPersonalPaymentEntry/txt_Email'

24-10-2024T07:07:47 - [MESSAGE][PASSED] - Object 'Object Repository/IWP30/Page_ACHPersonalPaymentEntry/cb_TermsAndCond' is present

24-10-2024T07:07:47 - [MESSAGE][PASSED] - Object: 'Object Repository/IWP30/Page_ACHPersonalPaymentEntry/cb_TermsAndCond' is clicked on

24-10-2024T07:07:48 - [MESSAGE][PASSED] - Object 'Object Repository/IWP30/Page_ACHPersonalPaymentEntry/btn_Continue' is present

24-10-2024T07:07:49 - [MESSAGE][PASSED] - Object: 'Object Repository/IWP30/Page_ACHPersonalPaymentEntry/btn_Continue' is clicked on

24-10-2024T07:07:49 - [MESSAGE][PASSED] - iwpPages.achPersonalPaymentEntryPage.setDataACHPPM is PASSED

24-10-2024T07:07:49 - [TEST_STEP][PASSED] - click(findTestObject("Object Repository/IWP30/Page_Confirmation/ConfirmButton")): Object: 'Object Repository/IWP30/Page_Confirmation/ConfirmButton' is clicked on

24-10-2024T07:07:52 - [MESSAGE][PASSED] - Object: 'Object Repository/IWP30/Page_Confirmation/ConfirmButton' is clicked on

24-10-2024T07:07:52 - [TEST_STEP][PASSED] - Thread.sleep(2000): null

24-10-2024T07:07:54 - [TEST_STEP][PASSED] - if (verifyTextPresent("Deferred", false)): null

24-10-2024T07:07:54 - [MESSAGE][PASSED] - Text 'Deferred' is present on page 

24-10-2024T07:07:54 - [TEST_STEP][PASSED] - click(findTestObject("Object Repository/IWP30/Page_Receipt/ViewScheduledPaymentsButton")): Object: 'Object Repository/IWP30/Page_Receipt/ViewScheduledPaymentsButton' is clicked on

24-10-2024T07:07:54 - [MESSAGE][PASSED] - Object: 'Object Repository/IWP30/Page_Receipt/ViewScheduledPaymentsButton' is clicked on

24-10-2024T07:07:54 - [TEST_STEP][PASSED] - switchToWindowTitle("View Scheduled Payments"): Switched to window with title: 'View Scheduled Payments'

24-10-2024T07:07:55 - [MESSAGE][PASSED] - Switched to window with title: 'View Scheduled Payments'

24-10-2024T07:07:55 - [TEST_STEP][PASSED] - Thread.sleep(4000): null

24-10-2024T07:07:59 - [TEST_STEP][PASSED] - if (verifyTextPresent("View Scheduled Payments", false)): null

24-10-2024T07:07:59 - [MESSAGE][PASSED] - Text 'View Scheduled Payments' is present on page 

24-10-2024T07:07:59 - [TEST_STEP][PASSED] - click(findTestObject("Object Repository/IWP30/Page_ScheduledPayments/cancel_payment")): Object: 'Object Repository/IWP30/Page_ScheduledPayments/cancel_payment' is clicked on

24-10-2024T07:07:59 - [MESSAGE][PASSED] - Object: 'Object Repository/IWP30/Page_ScheduledPayments/cancel_payment' is clicked on

24-10-2024T07:07:59 - [TEST_STEP][PASSED] - if (verifyTextPresent("Cancel Payment Plan", false)): null

24-10-2024T07:08:00 - [MESSAGE][PASSED] - Text 'Cancel Payment Plan' is present on page 

24-10-2024T07:08:00 - [TEST_STEP][PASSED] - click(findTestObject("Object Repository/IWP30/Page_PaymentPlan/btn_cancel")): Object: 'Object Repository/IWP30/Page_PaymentPlan/btn_cancel' is clicked on

24-10-2024T07:08:01 - [MESSAGE][PASSED] - Object: 'Object Repository/IWP30/Page_PaymentPlan/btn_cancel' is clicked on

24-10-2024T07:08:01 - [TEST_STEP][PASSED] - acceptAlert(): Alert accepted

24-10-2024T07:08:01 - [MESSAGE][PASSED] - Alert accepted

24-10-2024T07:08:01 - [TEST_STEP][PASSED] - if (verifyTextPresent("Your payment plan has been successfully canceled", false)): null

24-10-2024T07:08:02 - [MESSAGE][PASSED] - Text 'Your payment plan has been successfully canceled' is present on page 

24-10-2024T07:08:02 - [TEST_STEP][PASSED] - isRequiredTextPresent = true: null

24-10-2024T07:08:02 - [TEST_STEP][PASSED] - println(isRequiredTextPresent): null

24-10-2024T07:08:02 - [TEST_STEP][PASSED] - if (isRequiredTextPresent): null

24-10-2024T07:08:02 - [TEST_STEP][PASSED] - if (verifyTextPresent("CAN Label:", false)): null

24-10-2024T07:08:03 - [MESSAGE][PASSED] - Text 'CAN Label:' is present on page 

24-10-2024T07:08:03 - [TEST_STEP][PASSED] - isRequiredTextPresent = true: null

24-10-2024T07:08:03 - [TEST_STEP][PASSED] - println(isRequiredTextPresent): null

24-10-2024T07:08:03 - [TEST_STEP][PASSED] - if (isRequiredTextPresent): null

24-10-2024T07:08:03 - [TEST_STEP][PASSED] - if (verifyTextPresent("Please verify the following information:", false)): null

24-10-2024T07:08:03 - [MESSAGE][PASSED] - Text 'Please verify the following information:' is present on page 

24-10-2024T07:08:03 - [TEST_STEP][PASSED] - isRequiredTextPresent = true: null

24-10-2024T07:08:03 - [TEST_STEP][PASSED] - println(isRequiredTextPresent): null

24-10-2024T07:08:03 - [TEST_STEP][PASSED] - if (isRequiredTextPresent): null

24-10-2024T07:08:03 - [TEST_STEP][PASSED] - if (verifyTextPresent("Payment Information:", false)): null

24-10-2024T07:08:03 - [MESSAGE][PASSED] - Text 'Payment Information:' is present on page 

24-10-2024T07:08:03 - [TEST_STEP][PASSED] - isRequiredTextPresent = true: null

24-10-2024T07:08:03 - [TEST_STEP][PASSED] - println(isRequiredTextPresent): null

24-10-2024T07:08:03 - [TEST_STEP][PASSED] - if (isRequiredTextPresent): null

24-10-2024T07:08:03 - [TEST_STEP][PASSED] - if (verifyTextPresent("UDF2 Label:", false)): null

24-10-2024T07:08:03 - [MESSAGE][PASSED] - Text 'UDF2 Label:' is present on page 

24-10-2024T07:08:03 - [TEST_STEP][PASSED] - isRequiredTextPresent = true: null

24-10-2024T07:08:03 - [TEST_STEP][PASSED] - println(isRequiredTextPresent): null

24-10-2024T07:08:03 - [TEST_STEP][PASSED] - if (isRequiredTextPresent): null

24-10-2024T07:08:03 - [TEST_STEP][PASSED] - if (verifyTextPresent("UDF3 Label:", false)): null

24-10-2024T07:08:04 - [MESSAGE][PASSED] - Text 'UDF3 Label:' is present on page 

24-10-2024T07:08:04 - [TEST_STEP][PASSED] - isRequiredTextPresent = true: null

24-10-2024T07:08:04 - [TEST_STEP][PASSED] - println(isRequiredTextPresent): null

24-10-2024T07:08:04 - [TEST_STEP][PASSED] - if (isRequiredTextPresent): null

24-10-2024T07:08:04 - [TEST_STEP][PASSED] - if (verifyTextPresent("UDF4 Label:", false)): null

24-10-2024T07:08:04 - [MESSAGE][PASSED] - Text 'UDF4 Label:' is present on page 

24-10-2024T07:08:04 - [TEST_STEP][PASSED] - isRequiredTextPresent = true: null

24-10-2024T07:08:04 - [TEST_STEP][PASSED] - println(isRequiredTextPresent): null

24-10-2024T07:08:04 - [TEST_STEP][PASSED] - if (isRequiredTextPresent): null

24-10-2024T07:08:04 - [TEST_STEP][PASSED] - if (verifyTextPresent("UDF7 Label:", false)): null

24-10-2024T07:08:04 - [MESSAGE][PASSED] - Text 'UDF7 Label:' is present on page 

24-10-2024T07:08:04 - [TEST_STEP][PASSED] - isRequiredTextPresent = true: null

24-10-2024T07:08:04 - [TEST_STEP][PASSED] - println(isRequiredTextPresent): null

24-10-2024T07:08:04 - [TEST_STEP][PASSED] - if (isRequiredTextPresent): null

24-10-2024T07:08:04 - [TEST_STEP][PASSED] - if (verifyTextPresent("UDF8 Label:", false)): null

24-10-2024T07:08:05 - [MESSAGE][PASSED] - Text 'UDF8 Label:' is present on page 

24-10-2024T07:08:05 - [TEST_STEP][PASSED] - isRequiredTextPresent = true: null

24-10-2024T07:08:05 - [TEST_STEP][PASSED] - println(isRequiredTextPresent): null

24-10-2024T07:08:05 - [TEST_STEP][PASSED] - if (isRequiredTextPresent): null

24-10-2024T07:08:05 - [TEST_STEP][PASSED] - if (verifyTextPresent("UDF9 Label:", false)): null

24-10-2024T07:08:05 - [MESSAGE][PASSED] - Text 'UDF9 Label:' is present on page 

24-10-2024T07:08:05 - [TEST_STEP][PASSED] - isRequiredTextPresent = true: null

24-10-2024T07:08:05 - [TEST_STEP][PASSED] - println(isRequiredTextPresent): null

24-10-2024T07:08:05 - [TEST_STEP][PASSED] - if (isRequiredTextPresent): null

24-10-2024T07:08:05 - [TEST_STEP][PASSED] - if (verifyTextPresent("Account Information", false)): null

24-10-2024T07:08:05 - [MESSAGE][PASSED] - Text 'Account Information' is present on page 

24-10-2024T07:08:05 - [TEST_STEP][PASSED] - isRequiredTextPresent = true: null

24-10-2024T07:08:05 - [TEST_STEP][PASSED] - println(isRequiredTextPresent): null

24-10-2024T07:08:05 - [TEST_STEP][PASSED] - if (isRequiredTextPresent): null

24-10-2024T07:08:05 - [TEST_STEP][PASSED] - if (verifyTextPresent("First Name on Check:", false)): null

24-10-2024T07:08:05 - [MESSAGE][PASSED] - Text 'First Name on Check:' is present on page 

24-10-2024T07:08:05 - [TEST_STEP][PASSED] - isRequiredTextPresent = true: null

24-10-2024T07:08:05 - [TEST_STEP][PASSED] - println(isRequiredTextPresent): null

24-10-2024T07:08:05 - [TEST_STEP][PASSED] - if (isRequiredTextPresent): null

24-10-2024T07:08:05 - [TEST_STEP][PASSED] - if (verifyTextPresent("Last Name on Check:", false)): null

24-10-2024T07:08:06 - [MESSAGE][PASSED] - Text 'Last Name on Check:' is present on page 

24-10-2024T07:08:06 - [TEST_STEP][PASSED] - isRequiredTextPresent = true: null

24-10-2024T07:08:06 - [TEST_STEP][PASSED] - println(isRequiredTextPresent): null

24-10-2024T07:08:06 - [TEST_STEP][PASSED] - if (isRequiredTextPresent): null

24-10-2024T07:08:06 - [TEST_STEP][PASSED] - if (verifyTextPresent("Routing Transit Number:", false)): null

24-10-2024T07:08:06 - [MESSAGE][PASSED] - Text 'Routing Transit Number:' is present on page 

24-10-2024T07:08:06 - [TEST_STEP][PASSED] - isRequiredTextPresent = true: null

24-10-2024T07:08:06 - [TEST_STEP][PASSED] - println(isRequiredTextPresent): null

24-10-2024T07:08:06 - [TEST_STEP][PASSED] - if (isRequiredTextPresent): null

24-10-2024T07:08:06 - [TEST_STEP][PASSED] - if (verifyTextPresent("Account Number:", false)): null

24-10-2024T07:08:06 - [MESSAGE][PASSED] - Text 'Account Number:' is present on page 

24-10-2024T07:08:06 - [TEST_STEP][PASSED] - isRequiredTextPresent = true: null

24-10-2024T07:08:06 - [TEST_STEP][PASSED] - println(isRequiredTextPresent): null

24-10-2024T07:08:06 - [TEST_STEP][PASSED] - if (isRequiredTextPresent): null

24-10-2024T07:08:06 - [TEST_STEP][PASSED] - if (verifyTextPresent("Type of Account:", false)): null

24-10-2024T07:08:07 - [MESSAGE][PASSED] - Text 'Type of Account:' is present on page 

24-10-2024T07:08:07 - [TEST_STEP][PASSED] - isRequiredTextPresent = true: null

24-10-2024T07:08:07 - [TEST_STEP][PASSED] - println(isRequiredTextPresent): null

24-10-2024T07:08:07 - [TEST_STEP][PASSED] - if (isRequiredTextPresent): null

24-10-2024T07:08:07 - [TEST_STEP][PASSED] - if (verifyTextPresent("Address Line 1:", false)): null

24-10-2024T07:08:07 - [MESSAGE][PASSED] - Text 'Address Line 1:' is present on page 

24-10-2024T07:08:07 - [TEST_STEP][PASSED] - isRequiredTextPresent = true: null

24-10-2024T07:08:07 - [TEST_STEP][PASSED] - println(isRequiredTextPresent): null

24-10-2024T07:08:07 - [TEST_STEP][PASSED] - if (isRequiredTextPresent): null

24-10-2024T07:08:07 - [TEST_STEP][PASSED] - if (verifyTextPresent("Address Line 2:", false)): null

24-10-2024T07:08:07 - [MESSAGE][PASSED] - Text 'Address Line 2:' is present on page 

24-10-2024T07:08:07 - [TEST_STEP][PASSED] - isRequiredTextPresent = true: null

24-10-2024T07:08:07 - [TEST_STEP][PASSED] - println(isRequiredTextPresent): null

24-10-2024T07:08:07 - [TEST_STEP][PASSED] - if (isRequiredTextPresent): null

24-10-2024T07:08:07 - [TEST_STEP][PASSED] - if (verifyTextPresent("Country:", false)): null

24-10-2024T07:08:07 - [MESSAGE][PASSED] - Text 'Country:' is present on page 

24-10-2024T07:08:07 - [TEST_STEP][PASSED] - isRequiredTextPresent = true: null

24-10-2024T07:08:07 - [TEST_STEP][PASSED] - println(isRequiredTextPresent): null

24-10-2024T07:08:07 - [TEST_STEP][PASSED] - if (isRequiredTextPresent): null

24-10-2024T07:08:07 - [TEST_STEP][PASSED] - if (verifyTextPresent("City:", false)): null

24-10-2024T07:08:08 - [MESSAGE][PASSED] - Text 'City:' is present on page 

24-10-2024T07:08:08 - [TEST_STEP][PASSED] - isRequiredTextPresent = true: null

24-10-2024T07:08:08 - [TEST_STEP][PASSED] - println(isRequiredTextPresent): null

24-10-2024T07:08:08 - [TEST_STEP][PASSED] - if (isRequiredTextPresent): null

24-10-2024T07:08:08 - [TEST_STEP][PASSED] - if (verifyTextPresent("State:", false)): null

24-10-2024T07:08:08 - [MESSAGE][PASSED] - Text 'State:' is present on page 

24-10-2024T07:08:08 - [TEST_STEP][PASSED] - isRequiredTextPresent = true: null

24-10-2024T07:08:08 - [TEST_STEP][PASSED] - println(isRequiredTextPresent): null

24-10-2024T07:08:08 - [TEST_STEP][PASSED] - if (isRequiredTextPresent): null

24-10-2024T07:08:08 - [TEST_STEP][PASSED] - if (verifyTextPresent("ZIP Code:", false)): null

24-10-2024T07:08:08 - [MESSAGE][PASSED] - Text 'ZIP Code:' is present on page 

24-10-2024T07:08:08 - [TEST_STEP][PASSED] - isRequiredTextPresent = true: null

24-10-2024T07:08:08 - [TEST_STEP][PASSED] - println(isRequiredTextPresent): null

24-10-2024T07:08:08 - [TEST_STEP][PASSED] - if (isRequiredTextPresent): null

24-10-2024T07:08:08 - [TEST_STEP][PASSED] - if (verifyTextPresent("Email Address:", false)): null

24-10-2024T07:08:09 - [MESSAGE][PASSED] - Text 'Email Address:' is present on page 

24-10-2024T07:08:09 - [TEST_STEP][PASSED] - isRequiredTextPresent = true: null

24-10-2024T07:08:09 - [TEST_STEP][PASSED] - println(isRequiredTextPresent): null

24-10-2024T07:08:09 - [TEST_STEP][PASSED] - if (isRequiredTextPresent): null

24-10-2024T07:08:09 - [TEST_STEP][PASSED] - if (verifyTextPresent("Payment Plan Information:", false)): null

24-10-2024T07:08:09 - [MESSAGE][PASSED] - Text 'Payment Plan Information:' is present on page 

24-10-2024T07:08:09 - [TEST_STEP][PASSED] - isRequiredTextPresent = true: null

24-10-2024T07:08:09 - [TEST_STEP][PASSED] - println(isRequiredTextPresent): null

24-10-2024T07:08:09 - [TEST_STEP][PASSED] - if (isRequiredTextPresent): null

24-10-2024T07:08:09 - [TEST_STEP][PASSED] - if (verifyTextPresent("Payment Plan Type:", false)): null

24-10-2024T07:08:09 - [MESSAGE][PASSED] - Text 'Payment Plan Type:' is present on page 

24-10-2024T07:08:09 - [TEST_STEP][PASSED] - isRequiredTextPresent = true: null

24-10-2024T07:08:09 - [TEST_STEP][PASSED] - println(isRequiredTextPresent): null

24-10-2024T07:08:09 - [TEST_STEP][PASSED] - if (isRequiredTextPresent): null

24-10-2024T07:08:09 - [TEST_STEP][PASSED] - if (verifyTextPresent("Payment Plan Status:", false)): null

24-10-2024T07:08:09 - [MESSAGE][PASSED] - Text 'Payment Plan Status:' is present on page 

24-10-2024T07:08:09 - [TEST_STEP][PASSED] - isRequiredTextPresent = true: null

24-10-2024T07:08:09 - [TEST_STEP][PASSED] - println(isRequiredTextPresent): null

24-10-2024T07:08:09 - [TEST_STEP][PASSED] - if (isRequiredTextPresent): null

24-10-2024T07:08:09 - [TEST_STEP][PASSED] - if (verifyTextPresent("Payment Plan ID:", false)): null

24-10-2024T07:08:10 - [MESSAGE][PASSED] - Text 'Payment Plan ID:' is present on page 

24-10-2024T07:08:10 - [TEST_STEP][PASSED] - isRequiredTextPresent = true: null

24-10-2024T07:08:10 - [TEST_STEP][PASSED] - println(isRequiredTextPresent): null

24-10-2024T07:08:10 - [TEST_STEP][PASSED] - if (isRequiredTextPresent): null

24-10-2024T07:08:10 - [TEST_STEP][PASSED] - if (verifyTextPresent("Payment Plan Start Date:", false)): null

24-10-2024T07:08:10 - [MESSAGE][PASSED] - Text 'Payment Plan Start Date:' is present on page 

24-10-2024T07:08:10 - [TEST_STEP][PASSED] - isRequiredTextPresent = true: null

24-10-2024T07:08:10 - [TEST_STEP][PASSED] - println(isRequiredTextPresent): null

24-10-2024T07:08:10 - [TEST_STEP][PASSED] - if (isRequiredTextPresent): null

24-10-2024T07:08:10 - [TEST_STEP][PASSED] - if (verifyTextPresent("Amount:", false)): null

24-10-2024T07:08:10 - [MESSAGE][PASSED] - Text 'Amount:' is present on page 

24-10-2024T07:08:10 - [TEST_STEP][PASSED] - isRequiredTextPresent = true: null

24-10-2024T07:08:10 - [TEST_STEP][PASSED] - println(isRequiredTextPresent): null

24-10-2024T07:08:10 - [TEST_STEP][PASSED] - if (isRequiredTextPresent == true): pages.WriteExcel.demoKey is PASSED

24-10-2024T07:08:10 - [TEST_STEP][PASSED] - println("All the relevant texts are present on Receipt Page"): null

24-10-2024T07:08:10 - [TEST_STEP][PASSED] - markPassed("All the relevant texts are present on Receipt Page"): All the relevant texts are present on Receipt Page

24-10-2024T07:08:10 - [MESSAGE][PASSED] - All the relevant texts are present on Receipt Page

24-10-2024T07:08:10 - [TEST_STEP][PASSED] - resText = "Pass": null

24-10-2024T07:08:10 - [TEST_STEP][PASSED] - pages.WriteExcel.demoKey(resText, datText, resColumn, datCloumn, fileLoc, nameSheet, row): pages.WriteExcel.demoKey is PASSED

24-10-2024T07:08:10 - [MESSAGE][PASSED] - pages.WriteExcel.demoKey is PASSED

24-10-2024T07:08:10 - [TEST_STEP][PASSED] - closeBrowser(): Browser is closed

24-10-2024T07:08:11 - [MESSAGE][PASSED] - Browser is closed

24-10-2024T07:08:11 - [TEST_STEP][PASSED] - ExecuteTC = dataFile.getValue("Execute", row): null

24-10-2024T07:08:11 - [TEST_STEP][PASSED] - out.println("Value of Execute is : " + ExecuteTC): null

24-10-2024T07:08:11 - [TEST_STEP][PASSED] - if (ExecuteTC.equalsIgnoreCase("Y")): null

24-10-2024T07:08:11 - [TEST_STEP][PASSED] - out.println("Begin Record Number: " + row): null

24-10-2024T07:08:11 - [TEST_STEP][PASSED] - today = new java.util.Date(): null

24-10-2024T07:08:11 - [TEST_STEP][PASSED] - println(today): null

24-10-2024T07:08:11 - [TEST_STEP][PASSED] - datText = today: null

24-10-2024T07:08:11 - [TEST_STEP][PASSED] - EmulatorDataKey = dataFile.getValue("EmulatorData", row): null

24-10-2024T07:08:11 - [TEST_STEP][PASSED] - out.println("Value of Emulator Key is : " + EmulatorDataKey): null

24-10-2024T07:08:11 - [TEST_STEP][PASSED] - iwpPages.emulatorIWP30.setDataEmulator_DD(EmulatorDataKey): iwpPages.emulatorIWP30.setDataEmulator_DD is PASSED

24-10-2024T07:08:12 - [MESSAGE][INFO] - Starting 'Edge Chromium' driver

24-10-2024T07:08:12 - [MESSAGE][INFO] - User set preference: ['acceptInsecureCerts', 'true']

24-10-2024T07:08:14 - [MESSAGE][INFO] - Action delay is set to 0 milliseconds

24-10-2024T07:08:18 - [MESSAGE][PASSED] - Browser is opened with url: 'https://qa2.velocitypayment.com/agencyx/config.action?action=editor&message_version=3_0'

24-10-2024T07:08:18 - [MESSAGE][PASSED] - Current window maximized

24-10-2024T07:08:49 - [MESSAGE][INFO] - Unable to find the element located by 'By.xpath: //select[@name='message_version']'. Please recheck the objects properties to make sure the desired element is located. 

24-10-2024T07:08:49 - [MESSAGE][WARNING] - [SELF-HEALING] Failed to find element with id 'Object Repository/IWP30/Page_VRelay30Emulator/MV'. Try using Self-healing.

24-10-2024T07:08:50 - [MESSAGE][WARNING] - [SELF-HEALING] The current locator of test object 'Object Repository/IWP30/Page_VRelay30Emulator/MV' was broken. Propose an alternative one: '(.//*[normalize-space(text()) and normalize-space(.)='Message Version'])[1]/following::select[1]'.

24-10-2024T07:08:50 - [MESSAGE][PASSED] - All options with value '3.0' are selected in object 'Object Repository/IWP30/Page_VRelay30Emulator/MV'  using regular expression

24-10-2024T07:08:51 - [MESSAGE][PASSED] - Text '10.50' is set on object 'Object Repository/IWP30/Page_EmulatorAgencyX/Amount'

24-10-2024T07:08:52 - [MESSAGE][PASSED] - Text 'cA3F70X8m7bl' is set on object 'Object Repository/IWP30/Page_EmulatorAgencyX/CAN'

24-10-2024T07:08:52 - [MESSAGE][PASSED] - Text 'PayNow' is set on object 'Object Repository/IWP30/Page_EmulatorAgencyX/Action'

24-10-2024T07:08:53 - [MESSAGE][PASSED] - Text 'en_US' is set on object 'Object Repository/IWP30/Page_EmulatorAgencyX/Lang'

24-10-2024T07:08:53 - [MESSAGE][PASSED] - Text '' is set on object 'Object Repository/IWP30/Page_EmulatorAgencyX/Fname'

24-10-2024T07:08:54 - [MESSAGE][PASSED] - Text '' is set on object 'Object Repository/IWP30/Page_EmulatorAgencyX/Lname'

24-10-2024T07:08:54 - [MESSAGE][PASSED] - Text '' is set on object 'Object Repository/IWP30/Page_EmulatorAgencyX/AL1'

24-10-2024T07:08:55 - [MESSAGE][PASSED] - Text '' is set on object 'Object Repository/IWP30/Page_EmulatorAgencyX/AL2'

24-10-2024T07:08:56 - [MESSAGE][PASSED] - Text '' is set on object 'Object Repository/IWP30/Page_EmulatorAgencyX/Country'

24-10-2024T07:08:56 - [MESSAGE][PASSED] - Text '' is set on object 'Object Repository/IWP30/Page_EmulatorAgencyX/City'

24-10-2024T07:08:57 - [MESSAGE][PASSED] - Text '' is set on object 'Object Repository/IWP30/Page_EmulatorAgencyX/State'

24-10-2024T07:08:57 - [MESSAGE][PASSED] - Text '' is set on object 'Object Repository/IWP30/Page_EmulatorAgencyX/ZIP'

24-10-2024T07:08:58 - [MESSAGE][PASSED] - Text '' is set on object 'Object Repository/IWP30/Page_EmulatorAgencyX/Order'

24-10-2024T07:08:58 - [MESSAGE][PASSED] - Text '' is set on object 'Object Repository/IWP30/Page_EmulatorAgencyX/Company'

24-10-2024T07:08:59 - [MESSAGE][PASSED] - Text '' is set on object 'Object Repository/IWP30/Page_EmulatorAgencyX/Email'

24-10-2024T07:09:00 - [MESSAGE][PASSED] - Text '' is set on object 'Object Repository/IWP30/Page_EmulatorAgencyX/UDF1'

24-10-2024T07:09:00 - [MESSAGE][PASSED] - Text '' is set on object 'Object Repository/IWP30/Page_EmulatorAgencyX/UDF2'

24-10-2024T07:09:01 - [MESSAGE][PASSED] - Text '' is set on object 'Object Repository/IWP30/Page_EmulatorAgencyX/UDF3'

24-10-2024T07:09:01 - [MESSAGE][PASSED] - Text 'udf data 4' is set on object 'Object Repository/IWP30/Page_EmulatorAgencyX/UDF4'

24-10-2024T07:09:02 - [MESSAGE][PASSED] - Text 'udf data 5' is set on object 'Object Repository/IWP30/Page_EmulatorAgencyX/UDF5'

24-10-2024T07:09:03 - [MESSAGE][PASSED] - Text '' is set on object 'Object Repository/IWP30/Page_EmulatorAgencyX/UDF6'

24-10-2024T07:09:03 - [MESSAGE][PASSED] - Text '' is set on object 'Object Repository/IWP30/Page_EmulatorAgencyX/UDF7'

24-10-2024T07:09:04 - [MESSAGE][PASSED] - Text '' is set on object 'Object Repository/IWP30/Page_EmulatorAgencyX/UDF8'

24-10-2024T07:09:04 - [MESSAGE][PASSED] - Text 'udf data 9' is set on object 'Object Repository/IWP30/Page_EmulatorAgencyX/UDF9'

24-10-2024T07:09:05 - [MESSAGE][PASSED] - Text 'udf data 10' is set on object 'Object Repository/IWP30/Page_EmulatorAgencyX/UDF10'

24-10-2024T07:09:06 - [MESSAGE][PASSED] - Object: 'Object Repository/IWP30/Page_EmulatorAgencyX/Submit' is clicked on

24-10-2024T07:09:11 - [MESSAGE][PASSED] - Browser is closed

24-10-2024T07:09:15 - [MESSAGE][PASSED] - iwpPages.emulatorIWP30.setDataEmulator_DD is PASSED

24-10-2024T07:09:15 - [TEST_STEP][PASSED] - testHarnessURL = urlTestHarness: null

24-10-2024T07:09:15 - [TEST_STEP][PASSED] - openBrowser(testHarnessURL): Browser is opened with url: 'https://dev-algorithm.govolution.com/vrelaytest/QA2/version_2_2/vrelaytest.html'

24-10-2024T07:09:15 - [MESSAGE][INFO] - Starting 'Edge Chromium' driver

24-10-2024T07:09:15 - [MESSAGE][INFO] - User set preference: ['acceptInsecureCerts', 'true']

24-10-2024T07:09:17 - [MESSAGE][INFO] - Action delay is set to 0 milliseconds

24-10-2024T07:09:20 - [MESSAGE][PASSED] - Browser is opened with url: 'https://dev-algorithm.govolution.com/vrelaytest/QA2/version_2_2/vrelaytest.html'

24-10-2024T07:09:20 - [TEST_STEP][PASSED] - maximizeWindow(): Current window maximized

24-10-2024T07:09:20 - [MESSAGE][PASSED] - Current window maximized

24-10-2024T07:09:20 - [TEST_STEP][PASSED] - iwpPages.TestHarnessPage.setDataMethodEF(row, dataFile): iwpPages.TestHarnessPage.setDataMethodEF is PASSED

24-10-2024T07:09:21 - [MESSAGE][PASSED] - Object 'Object Repository/IWP30/Page_QATestHarness/RemittanceID' is present

24-10-2024T07:09:21 - [MESSAGE][PASSED] - Text '649' is set on object 'Object Repository/IWP30/Page_QATestHarness/ApplicationID'

24-10-2024T07:09:22 - [MESSAGE][PASSED] - Text '3.0' is set on object 'Object Repository/IWP30/Page_QATestHarness/MessageVersion'

24-10-2024T07:09:22 - [MESSAGE][PASSED] - Text 'QB2DRtbsLPK3' is set on object 'Object Repository/IWP30/Page_QATestHarness/RemittanceID'

24-10-2024T07:09:26 - [MESSAGE][PASSED] - Object: 'Object Repository/IWP30/Page_QATestHarness/SubmitButton' is clicked on

24-10-2024T07:09:26 - [MESSAGE][PASSED] - iwpPages.TestHarnessPage.setDataMethodEF is PASSED

24-10-2024T07:09:26 - [TEST_STEP][PASSED] - click(findTestObject("Object Repository/IWP30/Page_SelectPaymentMethod/PayByPersonalCheck")): Object: 'Object Repository/IWP30/Page_SelectPaymentMethod/PayByPersonalCheck' is clicked on

24-10-2024T07:09:26 - [MESSAGE][PASSED] - Object: 'Object Repository/IWP30/Page_SelectPaymentMethod/PayByPersonalCheck' is clicked on

24-10-2024T07:09:26 - [TEST_STEP][PASSED] - click(findTestObject("Object Repository/IWP30/Page_SelectPaymentMethod/MakePaymentButton")): Object: 'Object Repository/IWP30/Page_SelectPaymentMethod/MakePaymentButton' is clicked on

24-10-2024T07:09:29 - [MESSAGE][PASSED] - Object: 'Object Repository/IWP30/Page_SelectPaymentMethod/MakePaymentButton' is clicked on

24-10-2024T07:09:29 - [TEST_STEP][PASSED] - iwpPages.achPersonalPaymentEntryPage.setDataACHPPM(row, dataFile): iwpPages.achPersonalPaymentEntryPage.setDataACHPPM is PASSED

24-10-2024T07:09:29 - [MESSAGE][PASSED] - Object 'Object Repository/IWP30/Page_ACHPersonalPaymentEntry/txt_accountNumber' is present

24-10-2024T07:09:30 - [MESSAGE][PASSED] - Text '10.50' is set on object 'Object Repository/IWP30/Page_ACHPersonalPaymentEntry/txt_Amount'

24-10-2024T07:09:30 - [MESSAGE][PASSED] - Object 'Object Repository/IWP30/Page_ACHPersonalPaymentEntry/txt_UDF2' is present

24-10-2024T07:09:30 - [MESSAGE][PASSED] - Text 'udf data 2' is set on object 'Object Repository/IWP30/Page_ACHPersonalPaymentEntry/txt_UDF2'

24-10-2024T07:09:31 - [MESSAGE][PASSED] - Text 'udf data 3' is set on object 'Object Repository/IWP30/Page_ACHPersonalPaymentEntry/txt_UDF3'

24-10-2024T07:09:32 - [MESSAGE][PASSED] - All options with label 'Orange' are selected in object 'Object Repository/IWP30/Page_ACHPersonalPaymentEntry/dd_UDF7' 

24-10-2024T07:09:32 - [MESSAGE][PASSED] - All options with label 'Soccer' are selected in object 'Object Repository/IWP30/Page_ACHPersonalPaymentEntry/dd_UDF8' 

24-10-2024T07:09:32 - [MESSAGE][PASSED] - Object 'Object Repository/IWP30/Page_ACHPersonalPaymentEntry/txt_Firstname' is present

24-10-2024T07:09:33 - [MESSAGE][PASSED] - Text 'Elizath' is set on object 'Object Repository/IWP30/Page_ACHPersonalPaymentEntry/txt_Firstname'

24-10-2024T07:09:33 - [MESSAGE][PASSED] - Object 'Object Repository/IWP30/Page_ACHPersonalPaymentEntry/txt_Lastname' is present

24-10-2024T07:09:34 - [MESSAGE][PASSED] - Text 'Christine' is set on object 'Object Repository/IWP30/Page_ACHPersonalPaymentEntry/txt_Lastname'

24-10-2024T07:09:34 - [MESSAGE][PASSED] - Object 'Object Repository/IWP30/Page_ACHPersonalPaymentEntry/txt_routingNumber' is present

24-10-2024T07:09:35 - [MESSAGE][PASSED] - Text '256072691' is set on object 'Object Repository/IWP30/Page_ACHPersonalPaymentEntry/txt_routingNumber'

24-10-2024T07:09:35 - [MESSAGE][PASSED] - Object 'Object Repository/IWP30/Page_ACHPersonalPaymentEntry/txt_accountNumber' is present

24-10-2024T07:09:36 - [MESSAGE][PASSED] - Text '12344444' is set on object 'Object Repository/IWP30/Page_ACHPersonalPaymentEntry/txt_accountNumber'

24-10-2024T07:09:36 - [MESSAGE][PASSED] - Object 'Object Repository/IWP30/Page_ACHPersonalPaymentEntry/txt_confirmAccountNumber' is present

24-10-2024T07:09:37 - [MESSAGE][PASSED] - Text '12344444' is set on object 'Object Repository/IWP30/Page_ACHPersonalPaymentEntry/txt_confirmAccountNumber'

24-10-2024T07:09:37 - [MESSAGE][PASSED] - Object 'Object Repository/IWP30/Page_ACHPersonalPaymentEntry/rd_accountType' is present

24-10-2024T07:09:37 - [MESSAGE][PASSED] - Modify property of object successfully

24-10-2024T07:09:37 - [MESSAGE][PASSED] - Object: 'Object Repository/IWP30/Page_ACHPersonalPaymentEntry/rd_accountType' is clicked on

24-10-2024T07:09:37 - [MESSAGE][PASSED] - Execute JavaScript '
				   document.getElementById('processDate').value = '08/09/2025'
				  ' successfully

24-10-2024T07:09:38 - [MESSAGE][PASSED] - Text '365 Main Avenue' is set on object 'Object Repository/IWP30/Page_ACHPersonalPaymentEntry/txt_AL1'

24-10-2024T07:09:39 - [MESSAGE][PASSED] - Text 'Ohio' is set on object 'Object Repository/IWP30/Page_ACHPersonalPaymentEntry/txt_AL2'

24-10-2024T07:09:39 - [MESSAGE][PASSED] - Text '22201' is set on object 'Object Repository/IWP30/Page_ACHPersonalPaymentEntry/txt_ZIP'

24-10-2024T07:09:40 - [MESSAGE][PASSED] - Object 'Object Repository/IWP30/Page_ACHPersonalPaymentEntry/txt_Email' is present

24-10-2024T07:09:41 - [MESSAGE][PASSED] - Text 'iahmed@govolution.com' is set on object 'Object Repository/IWP30/Page_ACHPersonalPaymentEntry/txt_Email'

24-10-2024T07:09:41 - [MESSAGE][PASSED] - Object 'Object Repository/IWP30/Page_ACHPersonalPaymentEntry/cb_TermsAndCond' is present

24-10-2024T07:09:42 - [MESSAGE][PASSED] - Object: 'Object Repository/IWP30/Page_ACHPersonalPaymentEntry/cb_TermsAndCond' is clicked on

24-10-2024T07:09:42 - [MESSAGE][PASSED] - Object 'Object Repository/IWP30/Page_ACHPersonalPaymentEntry/btn_Continue' is present

24-10-2024T07:09:43 - [MESSAGE][PASSED] - Object: 'Object Repository/IWP30/Page_ACHPersonalPaymentEntry/btn_Continue' is clicked on

24-10-2024T07:09:43 - [MESSAGE][PASSED] - iwpPages.achPersonalPaymentEntryPage.setDataACHPPM is PASSED

24-10-2024T07:09:43 - [TEST_STEP][PASSED] - click(findTestObject("Object Repository/IWP30/Page_Confirmation/ConfirmButton")): Object: 'Object Repository/IWP30/Page_Confirmation/ConfirmButton' is clicked on

24-10-2024T07:10:14 - [MESSAGE][INFO] - Unable to find the element located by 'By.xpath: //*[@type = 'submit' and @name = 'confirmNotifyAction' and @id = 'submitYes' and @value = 'Confirm']'. Please recheck the objects properties to make sure the desired element is located. 

24-10-2024T07:10:14 - [MESSAGE][WARNING] - [SELF-HEALING] Failed to find element with id 'Object Repository/IWP30/Page_Confirmation/ConfirmButton'. Try using Self-healing.

24-10-2024T07:10:14 - [MESSAGE][WARNING] - [SELF-HEALING] The current locator of test object 'Object Repository/IWP30/Page_Confirmation/ConfirmButton' was broken. Propose an alternative one: '//div/input'.

24-10-2024T07:10:16 - [MESSAGE][PASSED] - Object: 'Object Repository/IWP30/Page_Confirmation/ConfirmButton' is clicked on

24-10-2024T07:10:16 - [TEST_STEP][PASSED] - Thread.sleep(2000): null

24-10-2024T07:10:18 - [TEST_STEP][PASSED] - if (verifyTextPresent("Deferred", false)): null

24-10-2024T07:10:18 - [MESSAGE][PASSED] - Text 'Deferred' is present on page 

24-10-2024T07:10:18 - [TEST_STEP][PASSED] - click(findTestObject("Object Repository/IWP30/Page_Receipt/ViewScheduledPaymentsButton")): Object: 'Object Repository/IWP30/Page_Receipt/ViewScheduledPaymentsButton' is clicked on

24-10-2024T07:10:19 - [MESSAGE][PASSED] - Object: 'Object Repository/IWP30/Page_Receipt/ViewScheduledPaymentsButton' is clicked on

24-10-2024T07:10:19 - [TEST_STEP][PASSED] - switchToWindowTitle("View Scheduled Payments"): Switched to window with title: 'View Scheduled Payments'

24-10-2024T07:10:19 - [MESSAGE][PASSED] - Switched to window with title: 'View Scheduled Payments'

24-10-2024T07:10:19 - [TEST_STEP][PASSED] - Thread.sleep(4000): null

24-10-2024T07:10:23 - [TEST_STEP][PASSED] - if (verifyTextPresent("View Scheduled Payments", false)): null

24-10-2024T07:10:23 - [MESSAGE][PASSED] - Text 'View Scheduled Payments' is present on page 

24-10-2024T07:10:23 - [TEST_STEP][PASSED] - click(findTestObject("Object Repository/IWP30/Page_ScheduledPayments/cancel_payment")): Object: 'Object Repository/IWP30/Page_ScheduledPayments/cancel_payment' is clicked on

24-10-2024T07:10:24 - [MESSAGE][PASSED] - Object: 'Object Repository/IWP30/Page_ScheduledPayments/cancel_payment' is clicked on

24-10-2024T07:10:24 - [TEST_STEP][PASSED] - if (verifyTextPresent("Cancel Payment Plan", false)): null

24-10-2024T07:10:25 - [MESSAGE][PASSED] - Text 'Cancel Payment Plan' is present on page 

24-10-2024T07:10:25 - [TEST_STEP][PASSED] - click(findTestObject("Object Repository/IWP30/Page_PaymentPlan/btn_cancel")): Object: 'Object Repository/IWP30/Page_PaymentPlan/btn_cancel' is clicked on

24-10-2024T07:10:25 - [MESSAGE][PASSED] - Object: 'Object Repository/IWP30/Page_PaymentPlan/btn_cancel' is clicked on

24-10-2024T07:10:25 - [TEST_STEP][PASSED] - acceptAlert(): Alert accepted

24-10-2024T07:10:25 - [MESSAGE][PASSED] - Alert accepted

24-10-2024T07:10:25 - [TEST_STEP][PASSED] - if (verifyTextPresent("Your payment plan has been successfully canceled", false)): null

24-10-2024T07:10:27 - [MESSAGE][PASSED] - Text 'Your payment plan has been successfully canceled' is present on page 

24-10-2024T07:10:27 - [TEST_STEP][PASSED] - isRequiredTextPresent = true: null

24-10-2024T07:10:27 - [TEST_STEP][PASSED] - println(isRequiredTextPresent): null

24-10-2024T07:10:27 - [TEST_STEP][PASSED] - if (isRequiredTextPresent): null

24-10-2024T07:10:27 - [TEST_STEP][PASSED] - if (verifyTextPresent("CAN Label:", false)): null

24-10-2024T07:10:27 - [MESSAGE][PASSED] - Text 'CAN Label:' is present on page 

24-10-2024T07:10:27 - [TEST_STEP][PASSED] - isRequiredTextPresent = true: null

24-10-2024T07:10:27 - [TEST_STEP][PASSED] - println(isRequiredTextPresent): null

24-10-2024T07:10:27 - [TEST_STEP][PASSED] - if (isRequiredTextPresent): null

24-10-2024T07:10:27 - [TEST_STEP][PASSED] - if (verifyTextPresent("Please verify the following information:", false)): null

24-10-2024T07:10:27 - [MESSAGE][PASSED] - Text 'Please verify the following information:' is present on page 

24-10-2024T07:10:27 - [TEST_STEP][PASSED] - isRequiredTextPresent = true: null

24-10-2024T07:10:27 - [TEST_STEP][PASSED] - println(isRequiredTextPresent): null

24-10-2024T07:10:27 - [TEST_STEP][PASSED] - if (isRequiredTextPresent): null

24-10-2024T07:10:27 - [TEST_STEP][PASSED] - if (verifyTextPresent("Payment Information:", false)): null

24-10-2024T07:10:27 - [MESSAGE][PASSED] - Text 'Payment Information:' is present on page 

24-10-2024T07:10:27 - [TEST_STEP][PASSED] - isRequiredTextPresent = true: null

24-10-2024T07:10:27 - [TEST_STEP][PASSED] - println(isRequiredTextPresent): null

24-10-2024T07:10:27 - [TEST_STEP][PASSED] - if (isRequiredTextPresent): null

24-10-2024T07:10:27 - [TEST_STEP][PASSED] - if (verifyTextPresent("UDF2 Label:", false)): null

24-10-2024T07:10:28 - [MESSAGE][PASSED] - Text 'UDF2 Label:' is present on page 

24-10-2024T07:10:28 - [TEST_STEP][PASSED] - isRequiredTextPresent = true: null

24-10-2024T07:10:28 - [TEST_STEP][PASSED] - println(isRequiredTextPresent): null

24-10-2024T07:10:28 - [TEST_STEP][PASSED] - if (isRequiredTextPresent): null

24-10-2024T07:10:28 - [TEST_STEP][PASSED] - if (verifyTextPresent("UDF3 Label:", false)): null

24-10-2024T07:10:28 - [MESSAGE][PASSED] - Text 'UDF3 Label:' is present on page 

24-10-2024T07:10:28 - [TEST_STEP][PASSED] - isRequiredTextPresent = true: null

24-10-2024T07:10:28 - [TEST_STEP][PASSED] - println(isRequiredTextPresent): null

24-10-2024T07:10:28 - [TEST_STEP][PASSED] - if (isRequiredTextPresent): null

24-10-2024T07:10:28 - [TEST_STEP][PASSED] - if (verifyTextPresent("UDF4 Label:", false)): null

24-10-2024T07:10:28 - [MESSAGE][PASSED] - Text 'UDF4 Label:' is present on page 

24-10-2024T07:10:28 - [TEST_STEP][PASSED] - isRequiredTextPresent = true: null

24-10-2024T07:10:28 - [TEST_STEP][PASSED] - println(isRequiredTextPresent): null

24-10-2024T07:10:28 - [TEST_STEP][PASSED] - if (isRequiredTextPresent): null

24-10-2024T07:10:28 - [TEST_STEP][PASSED] - if (verifyTextPresent("UDF7 Label:", false)): null

24-10-2024T07:10:29 - [MESSAGE][PASSED] - Text 'UDF7 Label:' is present on page 

24-10-2024T07:10:29 - [TEST_STEP][PASSED] - isRequiredTextPresent = true: null

24-10-2024T07:10:29 - [TEST_STEP][PASSED] - println(isRequiredTextPresent): null

24-10-2024T07:10:29 - [TEST_STEP][PASSED] - if (isRequiredTextPresent): null

24-10-2024T07:10:29 - [TEST_STEP][PASSED] - if (verifyTextPresent("UDF8 Label:", false)): null

24-10-2024T07:10:29 - [MESSAGE][PASSED] - Text 'UDF8 Label:' is present on page 

24-10-2024T07:10:29 - [TEST_STEP][PASSED] - isRequiredTextPresent = true: null

24-10-2024T07:10:29 - [TEST_STEP][PASSED] - println(isRequiredTextPresent): null

24-10-2024T07:10:29 - [TEST_STEP][PASSED] - if (isRequiredTextPresent): null

24-10-2024T07:10:29 - [TEST_STEP][PASSED] - if (verifyTextPresent("UDF9 Label:", false)): null

24-10-2024T07:10:29 - [MESSAGE][PASSED] - Text 'UDF9 Label:' is present on page 

24-10-2024T07:10:29 - [TEST_STEP][PASSED] - isRequiredTextPresent = true: null

24-10-2024T07:10:29 - [TEST_STEP][PASSED] - println(isRequiredTextPresent): null

24-10-2024T07:10:29 - [TEST_STEP][PASSED] - if (isRequiredTextPresent): null

24-10-2024T07:10:29 - [TEST_STEP][PASSED] - if (verifyTextPresent("Account Information", false)): null

24-10-2024T07:10:29 - [MESSAGE][PASSED] - Text 'Account Information' is present on page 

24-10-2024T07:10:29 - [TEST_STEP][PASSED] - isRequiredTextPresent = true: null

24-10-2024T07:10:29 - [TEST_STEP][PASSED] - println(isRequiredTextPresent): null

24-10-2024T07:10:29 - [TEST_STEP][PASSED] - if (isRequiredTextPresent): null

24-10-2024T07:10:29 - [TEST_STEP][PASSED] - if (verifyTextPresent("First Name on Check:", false)): null

24-10-2024T07:10:30 - [MESSAGE][PASSED] - Text 'First Name on Check:' is present on page 

24-10-2024T07:10:30 - [TEST_STEP][PASSED] - isRequiredTextPresent = true: null

24-10-2024T07:10:30 - [TEST_STEP][PASSED] - println(isRequiredTextPresent): null

24-10-2024T07:10:30 - [TEST_STEP][PASSED] - if (isRequiredTextPresent): null

24-10-2024T07:10:30 - [TEST_STEP][PASSED] - if (verifyTextPresent("Last Name on Check:", false)): null

24-10-2024T07:10:30 - [MESSAGE][PASSED] - Text 'Last Name on Check:' is present on page 

24-10-2024T07:10:30 - [TEST_STEP][PASSED] - isRequiredTextPresent = true: null

24-10-2024T07:10:30 - [TEST_STEP][PASSED] - println(isRequiredTextPresent): null

24-10-2024T07:10:30 - [TEST_STEP][PASSED] - if (isRequiredTextPresent): null

24-10-2024T07:10:30 - [TEST_STEP][PASSED] - if (verifyTextPresent("Routing Transit Number:", false)): null

24-10-2024T07:10:30 - [MESSAGE][PASSED] - Text 'Routing Transit Number:' is present on page 

24-10-2024T07:10:30 - [TEST_STEP][PASSED] - isRequiredTextPresent = true: null

24-10-2024T07:10:30 - [TEST_STEP][PASSED] - println(isRequiredTextPresent): null

24-10-2024T07:10:30 - [TEST_STEP][PASSED] - if (isRequiredTextPresent): null

24-10-2024T07:10:30 - [TEST_STEP][PASSED] - if (verifyTextPresent("Account Number:", false)): null

24-10-2024T07:10:30 - [MESSAGE][PASSED] - Text 'Account Number:' is present on page 

24-10-2024T07:10:30 - [TEST_STEP][PASSED] - isRequiredTextPresent = true: null

24-10-2024T07:10:30 - [TEST_STEP][PASSED] - println(isRequiredTextPresent): null

24-10-2024T07:10:30 - [TEST_STEP][PASSED] - if (isRequiredTextPresent): null

24-10-2024T07:10:30 - [TEST_STEP][PASSED] - if (verifyTextPresent("Type of Account:", false)): null

24-10-2024T07:10:31 - [MESSAGE][PASSED] - Text 'Type of Account:' is present on page 

24-10-2024T07:10:31 - [TEST_STEP][PASSED] - isRequiredTextPresent = true: null

24-10-2024T07:10:31 - [TEST_STEP][PASSED] - println(isRequiredTextPresent): null

24-10-2024T07:10:31 - [TEST_STEP][PASSED] - if (isRequiredTextPresent): null

24-10-2024T07:10:31 - [TEST_STEP][PASSED] - if (verifyTextPresent("Address Line 1:", false)): null

24-10-2024T07:10:31 - [MESSAGE][PASSED] - Text 'Address Line 1:' is present on page 

24-10-2024T07:10:31 - [TEST_STEP][PASSED] - isRequiredTextPresent = true: null

24-10-2024T07:10:31 - [TEST_STEP][PASSED] - println(isRequiredTextPresent): null

24-10-2024T07:10:31 - [TEST_STEP][PASSED] - if (isRequiredTextPresent): null

24-10-2024T07:10:31 - [TEST_STEP][PASSED] - if (verifyTextPresent("Address Line 2:", false)): null

24-10-2024T07:10:31 - [MESSAGE][PASSED] - Text 'Address Line 2:' is present on page 

24-10-2024T07:10:31 - [TEST_STEP][PASSED] - isRequiredTextPresent = true: null

24-10-2024T07:10:31 - [TEST_STEP][PASSED] - println(isRequiredTextPresent): null

24-10-2024T07:10:31 - [TEST_STEP][PASSED] - if (isRequiredTextPresent): null

24-10-2024T07:10:31 - [TEST_STEP][PASSED] - if (verifyTextPresent("Country:", false)): null

24-10-2024T07:10:32 - [MESSAGE][PASSED] - Text 'Country:' is present on page 

24-10-2024T07:10:32 - [TEST_STEP][PASSED] - isRequiredTextPresent = true: null

24-10-2024T07:10:32 - [TEST_STEP][PASSED] - println(isRequiredTextPresent): null

24-10-2024T07:10:32 - [TEST_STEP][PASSED] - if (isRequiredTextPresent): null

24-10-2024T07:10:32 - [TEST_STEP][PASSED] - if (verifyTextPresent("City:", false)): null

24-10-2024T07:10:32 - [MESSAGE][PASSED] - Text 'City:' is present on page 

24-10-2024T07:10:32 - [TEST_STEP][PASSED] - isRequiredTextPresent = true: null

24-10-2024T07:10:32 - [TEST_STEP][PASSED] - println(isRequiredTextPresent): null

24-10-2024T07:10:32 - [TEST_STEP][PASSED] - if (isRequiredTextPresent): null

24-10-2024T07:10:32 - [TEST_STEP][PASSED] - if (verifyTextPresent("State:", false)): null

24-10-2024T07:10:32 - [MESSAGE][PASSED] - Text 'State:' is present on page 

24-10-2024T07:10:32 - [TEST_STEP][PASSED] - isRequiredTextPresent = true: null

24-10-2024T07:10:32 - [TEST_STEP][PASSED] - println(isRequiredTextPresent): null

24-10-2024T07:10:32 - [TEST_STEP][PASSED] - if (isRequiredTextPresent): null

24-10-2024T07:10:32 - [TEST_STEP][PASSED] - if (verifyTextPresent("ZIP Code:", false)): null

24-10-2024T07:10:32 - [MESSAGE][PASSED] - Text 'ZIP Code:' is present on page 

24-10-2024T07:10:32 - [TEST_STEP][PASSED] - isRequiredTextPresent = true: null

24-10-2024T07:10:32 - [TEST_STEP][PASSED] - println(isRequiredTextPresent): null

24-10-2024T07:10:32 - [TEST_STEP][PASSED] - if (isRequiredTextPresent): null

24-10-2024T07:10:32 - [TEST_STEP][PASSED] - if (verifyTextPresent("Email Address:", false)): null

24-10-2024T07:10:33 - [MESSAGE][PASSED] - Text 'Email Address:' is present on page 

24-10-2024T07:10:33 - [TEST_STEP][PASSED] - isRequiredTextPresent = true: null

24-10-2024T07:10:33 - [TEST_STEP][PASSED] - println(isRequiredTextPresent): null

24-10-2024T07:10:33 - [TEST_STEP][PASSED] - if (isRequiredTextPresent): null

24-10-2024T07:10:33 - [TEST_STEP][PASSED] - if (verifyTextPresent("Payment Plan Information:", false)): null

24-10-2024T07:10:33 - [MESSAGE][PASSED] - Text 'Payment Plan Information:' is present on page 

24-10-2024T07:10:33 - [TEST_STEP][PASSED] - isRequiredTextPresent = true: null

24-10-2024T07:10:33 - [TEST_STEP][PASSED] - println(isRequiredTextPresent): null

24-10-2024T07:10:33 - [TEST_STEP][PASSED] - if (isRequiredTextPresent): null

24-10-2024T07:10:33 - [TEST_STEP][PASSED] - if (verifyTextPresent("Payment Plan Type:", false)): null

24-10-2024T07:10:33 - [MESSAGE][PASSED] - Text 'Payment Plan Type:' is present on page 

24-10-2024T07:10:33 - [TEST_STEP][PASSED] - isRequiredTextPresent = true: null

24-10-2024T07:10:33 - [TEST_STEP][PASSED] - println(isRequiredTextPresent): null

24-10-2024T07:10:33 - [TEST_STEP][PASSED] - if (isRequiredTextPresent): null

24-10-2024T07:10:33 - [TEST_STEP][PASSED] - if (verifyTextPresent("Payment Plan Status:", false)): null

24-10-2024T07:10:33 - [MESSAGE][PASSED] - Text 'Payment Plan Status:' is present on page 

24-10-2024T07:10:33 - [TEST_STEP][PASSED] - isRequiredTextPresent = true: null

24-10-2024T07:10:33 - [TEST_STEP][PASSED] - println(isRequiredTextPresent): null

24-10-2024T07:10:33 - [TEST_STEP][PASSED] - if (isRequiredTextPresent): null

24-10-2024T07:10:33 - [TEST_STEP][PASSED] - if (verifyTextPresent("Payment Plan ID:", false)): null

24-10-2024T07:10:34 - [MESSAGE][PASSED] - Text 'Payment Plan ID:' is present on page 

24-10-2024T07:10:34 - [TEST_STEP][PASSED] - isRequiredTextPresent = true: null

24-10-2024T07:10:34 - [TEST_STEP][PASSED] - println(isRequiredTextPresent): null

24-10-2024T07:10:34 - [TEST_STEP][PASSED] - if (isRequiredTextPresent): null

24-10-2024T07:10:34 - [TEST_STEP][PASSED] - if (verifyTextPresent("Payment Plan Start Date:", false)): null

24-10-2024T07:10:34 - [MESSAGE][PASSED] - Text 'Payment Plan Start Date:' is present on page 

24-10-2024T07:10:34 - [TEST_STEP][PASSED] - isRequiredTextPresent = true: null

24-10-2024T07:10:34 - [TEST_STEP][PASSED] - println(isRequiredTextPresent): null

24-10-2024T07:10:34 - [TEST_STEP][PASSED] - if (isRequiredTextPresent): null

24-10-2024T07:10:34 - [TEST_STEP][PASSED] - if (verifyTextPresent("Amount:", false)): null

24-10-2024T07:10:34 - [MESSAGE][PASSED] - Text 'Amount:' is present on page 

24-10-2024T07:10:34 - [TEST_STEP][PASSED] - isRequiredTextPresent = true: null

24-10-2024T07:10:34 - [TEST_STEP][PASSED] - println(isRequiredTextPresent): null

24-10-2024T07:10:34 - [TEST_STEP][PASSED] - if (isRequiredTextPresent == true): pages.WriteExcel.demoKey is PASSED

24-10-2024T07:10:34 - [TEST_STEP][PASSED] - println("All the relevant texts are present on Receipt Page"): null

24-10-2024T07:10:34 - [TEST_STEP][PASSED] - markPassed("All the relevant texts are present on Receipt Page"): All the relevant texts are present on Receipt Page

24-10-2024T07:10:34 - [MESSAGE][PASSED] - All the relevant texts are present on Receipt Page

24-10-2024T07:10:34 - [TEST_STEP][PASSED] - resText = "Pass": null

24-10-2024T07:10:34 - [TEST_STEP][PASSED] - pages.WriteExcel.demoKey(resText, datText, resColumn, datCloumn, fileLoc, nameSheet, row): pages.WriteExcel.demoKey is PASSED

24-10-2024T07:10:34 - [MESSAGE][PASSED] - pages.WriteExcel.demoKey is PASSED

24-10-2024T07:10:34 - [TEST_STEP][PASSED] - closeBrowser(): Browser is closed

24-10-2024T07:10:35 - [MESSAGE][PASSED] - Browser is closed]]></system-out>
         <system-err><![CDATA[]]></system-err>
      </testcase>
      <testcase name="Test Cases/IntegratedWeb/IWP25/Payments/VerifyConfirmPageLabelsCC" time="94.82" classname="Test Cases/IntegratedWeb/IWP25/Payments/VerifyConfirmPageLabelsCC" status="FAILED">
         <failure type="FAILED" message="Test Cases/IntegratedWeb/IWP25/Payments/VerifyConfirmPageLabelsCC FAILED.&#xa;Reason:&#xa;com.kms.katalon.core.exception.StepFailedException: Text 'Confirm Payment Information' is not present on page  (Root cause: com.kms.katalon.core.exception.StepFailedException: Text 'Confirm Payment Information' is not present on page &#xa;	at com.kms.katalon.core.webui.keyword.internal.WebUIKeywordMain.stepFailed(WebUIKeywordMain.groovy:64)&#xa;	at com.kms.katalon.core.webui.keyword.builtin.VerifyTextPresentKeyword$_verifyTextPresent_closure1.doCall(VerifyTextPresentKeyword.groovy:79)&#xa;	at com.kms.katalon.core.webui.keyword.builtin.VerifyTextPresentKeyword$_verifyTextPresent_closure1.call(VerifyTextPresentKeyword.groovy)&#xa;	at com.kms.katalon.core.webui.keyword.internal.WebUIKeywordMain.runKeyword(WebUIKeywordMain.groovy:20)&#xa;	at com.kms.katalon.core.webui.keyword.builtin.VerifyTextPresentKeyword.verifyTextPresent(VerifyTextPresentKeyword.groovy:83)&#xa;	at com.kms.katalon.core.webui.keyword.builtin.VerifyTextPresentKeyword.execute(VerifyTextPresentKeyword.groovy:68)&#xa;	at com.kms.katalon.core.keyword.internal.KeywordExecutor.executeKeywordForPlatform(KeywordExecutor.groovy:74)&#xa;	at com.kms.katalon.core.webui.keyword.WebUiBuiltInKeywords.verifyTextPresent(WebUiBuiltInKeywords.groovy:1762)&#xa;	at VerifyConfirmPageLabelsCC.run(VerifyConfirmPageLabelsCC:97)&#xa;	at com.kms.katalon.core.main.ScriptEngine.run(ScriptEngine.java:194)&#xa;	at com.kms.katalon.core.main.ScriptEngine.runScriptAsRawText(ScriptEngine.java:119)&#xa;	at com.kms.katalon.core.main.TestCaseExecutor.runScript(TestCaseExecutor.java:448)&#xa;	at com.kms.katalon.core.main.TestCaseExecutor.doExecute(TestCaseExecutor.java:439)&#xa;	at com.kms.katalon.core.main.TestCaseExecutor.processExecutionPhase(TestCaseExecutor.java:418)&#xa;	at com.kms.katalon.core.main.TestCaseExecutor.accessMainPhase(TestCaseExecutor.java:410)&#xa;	at com.kms.katalon.core.main.TestCaseExecutor.execute(TestCaseExecutor.java:285)&#xa;	at com.kms.katalon.core.common.CommonExecutor.accessTestCaseMainPhase(CommonExecutor.java:65)&#xa;	at com.kms.katalon.core.main.TestSuiteExecutor.accessTestSuiteMainPhase(TestSuiteExecutor.java:150)&#xa;	at com.kms.katalon.core.main.TestSuiteExecutor.execute(TestSuiteExecutor.java:106)&#xa;	at com.kms.katalon.core.main.TestCaseMain.startTestSuite(TestCaseMain.java:180)&#xa;	at TempTestSuite1729731001385.run(TempTestSuite1729731001385.groovy:35)&#xa;	at java.base/jdk.internal.reflect.NativeMethodAccessorImpl.invoke0(Native Method)&#xa;	at java.base/jdk.internal.reflect.NativeMethodAccessorImpl.invoke(NativeMethodAccessorImpl.java:77)&#xa;	at java.base/jdk.internal.reflect.DelegatingMethodAccessorImpl.invoke(DelegatingMethodAccessorImpl.java:43)&#xa;)&#xa;	at com.kms.katalon.core.keyword.internal.KeywordMain.stepFailed(KeywordMain.groovy:39)&#xa;	at com.kms.katalon.core.webui.keyword.internal.WebUIKeywordMain.stepFailed(WebUIKeywordMain.groovy:64)&#xa;	at com.kms.katalon.core.webui.keyword.builtin.VerifyTextPresentKeyword$_verifyTextPresent_closure1.doCall(VerifyTextPresentKeyword.groovy:79)&#xa;	at com.kms.katalon.core.webui.keyword.builtin.VerifyTextPresentKeyword$_verifyTextPresent_closure1.call(VerifyTextPresentKeyword.groovy)&#xa;	at com.kms.katalon.core.webui.keyword.internal.WebUIKeywordMain.runKeyword(WebUIKeywordMain.groovy:20)&#xa;	at com.kms.katalon.core.webui.keyword.builtin.VerifyTextPresentKeyword.verifyTextPresent(VerifyTextPresentKeyword.groovy:83)&#xa;	at com.kms.katalon.core.webui.keyword.builtin.VerifyTextPresentKeyword.execute(VerifyTextPresentKeyword.groovy:68)&#xa;	at com.kms.katalon.core.keyword.internal.KeywordExecutor.executeKeywordForPlatform(KeywordExecutor.groovy:74)&#xa;	at com.kms.katalon.core.webui.keyword.WebUiBuiltInKeywords.verifyTextPresent(WebUiBuiltInKeywords.groovy:1762)&#xa;	at VerifyConfirmPageLabelsCC.run(VerifyConfirmPageLabelsCC:97)&#xa;	at com.kms.katalon.core.main.ScriptEngine.run(ScriptEngine.java:194)&#xa;	at com.kms.katalon.core.main.ScriptEngine.runScriptAsRawText(ScriptEngine.java:119)&#xa;	at com.kms.katalon.core.main.TestCaseExecutor.runScript(TestCaseExecutor.java:448)&#xa;	at com.kms.katalon.core.main.TestCaseExecutor.doExecute(TestCaseExecutor.java:439)&#xa;	at com.kms.katalon.core.main.TestCaseExecutor.processExecutionPhase(TestCaseExecutor.java:418)&#xa;	at com.kms.katalon.core.main.TestCaseExecutor.accessMainPhase(TestCaseExecutor.java:410)&#xa;	at com.kms.katalon.core.main.TestCaseExecutor.execute(TestCaseExecutor.java:285)&#xa;	at com.kms.katalon.core.common.CommonExecutor.accessTestCaseMainPhase(CommonExecutor.java:65)&#xa;	at com.kms.katalon.core.main.TestSuiteExecutor.accessTestSuiteMainPhase(TestSuiteExecutor.java:150)&#xa;	at com.kms.katalon.core.main.TestSuiteExecutor.execute(TestSuiteExecutor.java:106)&#xa;	at com.kms.katalon.core.main.TestCaseMain.startTestSuite(TestCaseMain.java:180)&#xa;	at TempTestSuite1729731001385.run(TempTestSuite1729731001385.groovy:35)&#xa;	at java.base/jdk.internal.reflect.NativeMethodAccessorImpl.invoke0(Native Method)&#xa;	at java.base/jdk.internal.reflect.NativeMethodAccessorImpl.invoke(NativeMethodAccessorImpl.java:77)&#xa;	at java.base/jdk.internal.reflect.DelegatingMethodAccessorImpl.invoke(DelegatingMethodAccessorImpl.java:43)&#xa;Caused by: com.kms.katalon.core.exception.StepFailedException: Text 'Confirm Payment Information' is not present on page &#xa;	... 24 more&#xa;"/>
         <system-out><![CDATA[24-10-2024T07:10:35 - [TEST_CASE][FAILED] - Test Cases/IntegratedWeb/IWP25/Payments/VerifyConfirmPageLabelsCC: Test Cases/IntegratedWeb/IWP25/Payments/VerifyConfirmPageLabelsCC FAILED.
Reason:
com.kms.katalon.core.exception.StepFailedException: Text 'Confirm Payment Information' is not present on page  (Root cause: com.kms.katalon.core.exception.StepFailedException: Text 'Confirm Payment Information' is not present on page 
	at com.kms.katalon.core.webui.keyword.internal.WebUIKeywordMain.stepFailed(WebUIKeywordMain.groovy:64)
	at com.kms.katalon.core.webui.keyword.builtin.VerifyTextPresentKeyword$_verifyTextPresent_closure1.doCall(VerifyTextPresentKeyword.groovy:79)
	at com.kms.katalon.core.webui.keyword.builtin.VerifyTextPresentKeyword$_verifyTextPresent_closure1.call(VerifyTextPresentKeyword.groovy)
	at com.kms.katalon.core.webui.keyword.internal.WebUIKeywordMain.runKeyword(WebUIKeywordMain.groovy:20)
	at com.kms.katalon.core.webui.keyword.builtin.VerifyTextPresentKeyword.verifyTextPresent(VerifyTextPresentKeyword.groovy:83)
	at com.kms.katalon.core.webui.keyword.builtin.VerifyTextPresentKeyword.execute(VerifyTextPresentKeyword.groovy:68)
	at com.kms.katalon.core.keyword.internal.KeywordExecutor.executeKeywordForPlatform(KeywordExecutor.groovy:74)
	at com.kms.katalon.core.webui.keyword.WebUiBuiltInKeywords.verifyTextPresent(WebUiBuiltInKeywords.groovy:1762)
	at VerifyConfirmPageLabelsCC.run(VerifyConfirmPageLabelsCC:97)
	at com.kms.katalon.core.main.ScriptEngine.run(ScriptEngine.java:194)
	at com.kms.katalon.core.main.ScriptEngine.runScriptAsRawText(ScriptEngine.java:119)
	at com.kms.katalon.core.main.TestCaseExecutor.runScript(TestCaseExecutor.java:448)
	at com.kms.katalon.core.main.TestCaseExecutor.doExecute(TestCaseExecutor.java:439)
	at com.kms.katalon.core.main.TestCaseExecutor.processExecutionPhase(TestCaseExecutor.java:418)
	at com.kms.katalon.core.main.TestCaseExecutor.accessMainPhase(TestCaseExecutor.java:410)
	at com.kms.katalon.core.main.TestCaseExecutor.execute(TestCaseExecutor.java:285)
	at com.kms.katalon.core.common.CommonExecutor.accessTestCaseMainPhase(CommonExecutor.java:65)
	at com.kms.katalon.core.main.TestSuiteExecutor.accessTestSuiteMainPhase(TestSuiteExecutor.java:150)
	at com.kms.katalon.core.main.TestSuiteExecutor.execute(TestSuiteExecutor.java:106)
	at com.kms.katalon.core.main.TestCaseMain.startTestSuite(TestCaseMain.java:180)
	at TempTestSuite1729731001385.run(TempTestSuite1729731001385.groovy:35)
	at java.base/jdk.internal.reflect.NativeMethodAccessorImpl.invoke0(Native Method)
	at java.base/jdk.internal.reflect.NativeMethodAccessorImpl.invoke(NativeMethodAccessorImpl.java:77)
	at java.base/jdk.internal.reflect.DelegatingMethodAccessorImpl.invoke(DelegatingMethodAccessorImpl.java:43)
)
	at com.kms.katalon.core.keyword.internal.KeywordMain.stepFailed(KeywordMain.groovy:39)
	at com.kms.katalon.core.webui.keyword.internal.WebUIKeywordMain.stepFailed(WebUIKeywordMain.groovy:64)
	at com.kms.katalon.core.webui.keyword.builtin.VerifyTextPresentKeyword$_verifyTextPresent_closure1.doCall(VerifyTextPresentKeyword.groovy:79)
	at com.kms.katalon.core.webui.keyword.builtin.VerifyTextPresentKeyword$_verifyTextPresent_closure1.call(VerifyTextPresentKeyword.groovy)
	at com.kms.katalon.core.webui.keyword.internal.WebUIKeywordMain.runKeyword(WebUIKeywordMain.groovy:20)
	at com.kms.katalon.core.webui.keyword.builtin.VerifyTextPresentKeyword.verifyTextPresent(VerifyTextPresentKeyword.groovy:83)
	at com.kms.katalon.core.webui.keyword.builtin.VerifyTextPresentKeyword.execute(VerifyTextPresentKeyword.groovy:68)
	at com.kms.katalon.core.keyword.internal.KeywordExecutor.executeKeywordForPlatform(KeywordExecutor.groovy:74)
	at com.kms.katalon.core.webui.keyword.WebUiBuiltInKeywords.verifyTextPresent(WebUiBuiltInKeywords.groovy:1762)
	at VerifyConfirmPageLabelsCC.run(VerifyConfirmPageLabelsCC:97)
	at com.kms.katalon.core.main.ScriptEngine.run(ScriptEngine.java:194)
	at com.kms.katalon.core.main.ScriptEngine.runScriptAsRawText(ScriptEngine.java:119)
	at com.kms.katalon.core.main.TestCaseExecutor.runScript(TestCaseExecutor.java:448)
	at com.kms.katalon.core.main.TestCaseExecutor.doExecute(TestCaseExecutor.java:439)
	at com.kms.katalon.core.main.TestCaseExecutor.processExecutionPhase(TestCaseExecutor.java:418)
	at com.kms.katalon.core.main.TestCaseExecutor.accessMainPhase(TestCaseExecutor.java:410)
	at com.kms.katalon.core.main.TestCaseExecutor.execute(TestCaseExecutor.java:285)
	at com.kms.katalon.core.common.CommonExecutor.accessTestCaseMainPhase(CommonExecutor.java:65)
	at com.kms.katalon.core.main.TestSuiteExecutor.accessTestSuiteMainPhase(TestSuiteExecutor.java:150)
	at com.kms.katalon.core.main.TestSuiteExecutor.execute(TestSuiteExecutor.java:106)
	at com.kms.katalon.core.main.TestCaseMain.startTestSuite(TestCaseMain.java:180)
	at TempTestSuite1729731001385.run(TempTestSuite1729731001385.groovy:35)
	at java.base/jdk.internal.reflect.NativeMethodAccessorImpl.invoke0(Native Method)
	at java.base/jdk.internal.reflect.NativeMethodAccessorImpl.invoke(NativeMethodAccessorImpl.java:77)
	at java.base/jdk.internal.reflect.DelegatingMethodAccessorImpl.invoke(DelegatingMethodAccessorImpl.java:43)
Caused by: com.kms.katalon.core.exception.StepFailedException: Text 'Confirm Payment Information' is not present on page 
	... 24 more


24-10-2024T07:10:35 - [TEST_STEP][PASSED] - resText = "Fail": null

24-10-2024T07:10:35 - [TEST_STEP][PASSED] - resColumn = "Result": null

24-10-2024T07:10:35 - [TEST_STEP][PASSED] - datCloumn = "Date": null

24-10-2024T07:10:35 - [TEST_STEP][PASSED] - fileLoc = "KatalonData/IWPTestData/VRelay25Payments.xlsx": null

24-10-2024T07:10:35 - [TEST_STEP][PASSED] - numOfRows = <not implemented yet for class: org.codehaus.groovy.ast.expr.EmptyExpression>: null

24-10-2024T07:10:35 - [TEST_STEP][PASSED] - dataFile = <not implemented yet for class: org.codehaus.groovy.ast.expr.EmptyExpression>: null

24-10-2024T07:10:35 - [TEST_STEP][PASSED] - nameSheet = <not implemented yet for class: org.codehaus.groovy.ast.expr.EmptyExpression>: null

24-10-2024T07:10:35 - [TEST_STEP][PASSED] - dataFileEmulator = <not implemented yet for class: org.codehaus.groovy.ast.expr.EmptyExpression>: null

24-10-2024T07:10:35 - [TEST_STEP][PASSED] - isRequiredTextPresent = false: null

24-10-2024T07:10:35 - [TEST_STEP][PASSED] - nameSheet = "VerifyConfirmPageLabelsCredit": null

24-10-2024T07:10:35 - [TEST_STEP][PASSED] - dataFile = "IWPTestData/IWP25VerifyConfirmPageLabelsCC": null

24-10-2024T07:10:35 - [TEST_STEP][PASSED] - dataFileEmulator = "IWPTestData/EmulatorData": null

24-10-2024T07:10:35 - [TEST_STEP][PASSED] - numOfRows = findTestData(dataFile).getRowNumbers(): null

24-10-2024T07:10:35 - [TEST_STEP][PASSED] - println("Number of Records: " + numOfRows): null

24-10-2024T07:10:35 - [TEST_STEP][FAILED] - for ([row = 2, row <= numOfRows, (row++)]): null

24-10-2024T07:10:35 - [TEST_STEP][PASSED] - ExecuteTC = findTestData(dataFile).getValue("Execute", row): null

24-10-2024T07:10:35 - [TEST_STEP][PASSED] - out.println("Value of Execute is : " + ExecuteTC): null

24-10-2024T07:10:35 - [TEST_STEP][FAILED] - if (ExecuteTC.equalsIgnoreCase("Y")): null

24-10-2024T07:10:35 - [TEST_STEP][PASSED] - out.println("Begin Record Number: " + row): null

24-10-2024T07:10:35 - [TEST_STEP][PASSED] - today = new java.util.Date(): null

24-10-2024T07:10:35 - [TEST_STEP][PASSED] - println(today): null

24-10-2024T07:10:36 - [TEST_STEP][PASSED] - datText = today: null

24-10-2024T07:10:36 - [TEST_STEP][PASSED] - EmulatorDataKey = findTestData(dataFile).getValue("EmulatorData", row): null

24-10-2024T07:10:36 - [TEST_STEP][PASSED] - out.println("Value of Emulator Key is : " + EmulatorDataKey): null

24-10-2024T07:10:36 - [TEST_STEP][PASSED] - iwpPages.emulatorIWP30.setDataEmulator_DD(EmulatorDataKey): iwpPages.emulatorIWP30.setDataEmulator_DD is PASSED

24-10-2024T07:10:36 - [MESSAGE][INFO] - Starting 'Edge Chromium' driver

24-10-2024T07:10:36 - [MESSAGE][INFO] - User set preference: ['acceptInsecureCerts', 'true']

24-10-2024T07:10:38 - [MESSAGE][INFO] - Action delay is set to 0 milliseconds

24-10-2024T07:10:42 - [MESSAGE][PASSED] - Browser is opened with url: 'https://qa2.velocitypayment.com/agencyx/config.action?action=editor&message_version=3_0'

24-10-2024T07:10:42 - [MESSAGE][PASSED] - Current window maximized

24-10-2024T07:11:13 - [MESSAGE][INFO] - Unable to find the element located by 'By.xpath: //select[@name='message_version']'. Please recheck the objects properties to make sure the desired element is located. 

24-10-2024T07:11:13 - [MESSAGE][WARNING] - [SELF-HEALING] Failed to find element with id 'Object Repository/IWP30/Page_VRelay30Emulator/MV'. Try using Self-healing.

24-10-2024T07:11:14 - [MESSAGE][WARNING] - [SELF-HEALING] The current locator of test object 'Object Repository/IWP30/Page_VRelay30Emulator/MV' was broken. Propose an alternative one: '(.//*[normalize-space(text()) and normalize-space(.)='Message Version'])[1]/following::select[1]'.

24-10-2024T07:11:14 - [MESSAGE][PASSED] - All options with value '3.0' are selected in object 'Object Repository/IWP30/Page_VRelay30Emulator/MV'  using regular expression

24-10-2024T07:11:15 - [MESSAGE][PASSED] - Text '10.50' is set on object 'Object Repository/IWP30/Page_EmulatorAgencyX/Amount'

24-10-2024T07:11:16 - [MESSAGE][PASSED] - Text 'QjXb7kWMcXEL' is set on object 'Object Repository/IWP30/Page_EmulatorAgencyX/CAN'

24-10-2024T07:11:16 - [MESSAGE][PASSED] - Text 'PayNow' is set on object 'Object Repository/IWP30/Page_EmulatorAgencyX/Action'

24-10-2024T07:11:17 - [MESSAGE][PASSED] - Text 'en_US' is set on object 'Object Repository/IWP30/Page_EmulatorAgencyX/Lang'

24-10-2024T07:11:17 - [MESSAGE][PASSED] - Text '' is set on object 'Object Repository/IWP30/Page_EmulatorAgencyX/Fname'

24-10-2024T07:11:18 - [MESSAGE][PASSED] - Text '' is set on object 'Object Repository/IWP30/Page_EmulatorAgencyX/Lname'

24-10-2024T07:11:18 - [MESSAGE][PASSED] - Text '' is set on object 'Object Repository/IWP30/Page_EmulatorAgencyX/AL1'

24-10-2024T07:11:19 - [MESSAGE][PASSED] - Text '' is set on object 'Object Repository/IWP30/Page_EmulatorAgencyX/AL2'

24-10-2024T07:11:20 - [MESSAGE][PASSED] - Text '' is set on object 'Object Repository/IWP30/Page_EmulatorAgencyX/Country'

24-10-2024T07:11:20 - [MESSAGE][PASSED] - Text '' is set on object 'Object Repository/IWP30/Page_EmulatorAgencyX/City'

24-10-2024T07:11:21 - [MESSAGE][PASSED] - Text '' is set on object 'Object Repository/IWP30/Page_EmulatorAgencyX/State'

24-10-2024T07:11:21 - [MESSAGE][PASSED] - Text '' is set on object 'Object Repository/IWP30/Page_EmulatorAgencyX/ZIP'

24-10-2024T07:11:22 - [MESSAGE][PASSED] - Text '' is set on object 'Object Repository/IWP30/Page_EmulatorAgencyX/Order'

24-10-2024T07:11:22 - [MESSAGE][PASSED] - Text '' is set on object 'Object Repository/IWP30/Page_EmulatorAgencyX/Company'

24-10-2024T07:11:23 - [MESSAGE][PASSED] - Text '' is set on object 'Object Repository/IWP30/Page_EmulatorAgencyX/Email'

24-10-2024T07:11:24 - [MESSAGE][PASSED] - Text '' is set on object 'Object Repository/IWP30/Page_EmulatorAgencyX/UDF1'

24-10-2024T07:11:24 - [MESSAGE][PASSED] - Text '' is set on object 'Object Repository/IWP30/Page_EmulatorAgencyX/UDF2'

24-10-2024T07:11:25 - [MESSAGE][PASSED] - Text '' is set on object 'Object Repository/IWP30/Page_EmulatorAgencyX/UDF3'

24-10-2024T07:11:25 - [MESSAGE][PASSED] - Text 'udf data 4' is set on object 'Object Repository/IWP30/Page_EmulatorAgencyX/UDF4'

24-10-2024T07:11:26 - [MESSAGE][PASSED] - Text 'udf data 5' is set on object 'Object Repository/IWP30/Page_EmulatorAgencyX/UDF5'

24-10-2024T07:11:26 - [MESSAGE][PASSED] - Text '' is set on object 'Object Repository/IWP30/Page_EmulatorAgencyX/UDF6'

24-10-2024T07:11:27 - [MESSAGE][PASSED] - Text '' is set on object 'Object Repository/IWP30/Page_EmulatorAgencyX/UDF7'

24-10-2024T07:11:28 - [MESSAGE][PASSED] - Text '' is set on object 'Object Repository/IWP30/Page_EmulatorAgencyX/UDF8'

24-10-2024T07:11:28 - [MESSAGE][PASSED] - Text 'udf data 9' is set on object 'Object Repository/IWP30/Page_EmulatorAgencyX/UDF9'

24-10-2024T07:11:29 - [MESSAGE][PASSED] - Text 'udf data 10' is set on object 'Object Repository/IWP30/Page_EmulatorAgencyX/UDF10'

24-10-2024T07:11:30 - [MESSAGE][PASSED] - Object: 'Object Repository/IWP30/Page_EmulatorAgencyX/Submit' is clicked on

24-10-2024T07:11:35 - [MESSAGE][PASSED] - Browser is closed

24-10-2024T07:11:39 - [MESSAGE][PASSED] - iwpPages.emulatorIWP30.setDataEmulator_DD is PASSED

24-10-2024T07:11:39 - [TEST_STEP][PASSED] - testHarnessURL = urlTestHarness: null

24-10-2024T07:11:39 - [TEST_STEP][PASSED] - openBrowser(testHarnessURL): Browser is opened with url: 'https://dev-algorithm.govolution.com/vrelaytest/QA2/version_2_2/vrelaytest.html'

24-10-2024T07:11:39 - [MESSAGE][INFO] - Starting 'Edge Chromium' driver

24-10-2024T07:11:39 - [MESSAGE][INFO] - User set preference: ['acceptInsecureCerts', 'true']

24-10-2024T07:11:41 - [MESSAGE][INFO] - Action delay is set to 0 milliseconds

24-10-2024T07:11:45 - [MESSAGE][PASSED] - Browser is opened with url: 'https://dev-algorithm.govolution.com/vrelaytest/QA2/version_2_2/vrelaytest.html'

24-10-2024T07:11:45 - [TEST_STEP][PASSED] - maximizeWindow(): Current window maximized

24-10-2024T07:11:45 - [MESSAGE][PASSED] - Current window maximized

24-10-2024T07:11:45 - [TEST_STEP][PASSED] - iwpPages.TestHarnessPage.setDataMethod(row, dataFile): iwpPages.TestHarnessPage.setDataMethod is PASSED

24-10-2024T07:11:46 - [MESSAGE][PASSED] - Object 'Object Repository/IWP30/Page_QATestHarness/RemittanceID' is present

24-10-2024T07:11:46 - [MESSAGE][PASSED] - Text '649' is set on object 'Object Repository/IWP30/Page_QATestHarness/ApplicationID'

24-10-2024T07:11:47 - [MESSAGE][PASSED] - Text '3.0' is set on object 'Object Repository/IWP30/Page_QATestHarness/MessageVersion'

24-10-2024T07:11:48 - [MESSAGE][PASSED] - Text 'EFxhDve5VS2D' is set on object 'Object Repository/IWP30/Page_QATestHarness/RemittanceID'

24-10-2024T07:11:52 - [MESSAGE][PASSED] - Object: 'Object Repository/IWP30/Page_QATestHarness/SubmitButton' is clicked on

24-10-2024T07:11:52 - [MESSAGE][PASSED] - iwpPages.TestHarnessPage.setDataMethod is PASSED

24-10-2024T07:11:52 - [TEST_STEP][PASSED] - click(findTestObject("Object Repository/IWP30/Page_SelectPaymentMethod/PayByCreditCard")): Object: 'Object Repository/IWP30/Page_SelectPaymentMethod/PayByCreditCard' is clicked on

24-10-2024T07:11:52 - [MESSAGE][PASSED] - Object: 'Object Repository/IWP30/Page_SelectPaymentMethod/PayByCreditCard' is clicked on

24-10-2024T07:11:52 - [TEST_STEP][PASSED] - click(findTestObject("Object Repository/IWP30/Page_SelectPaymentMethod/MakePaymentButton")): Object: 'Object Repository/IWP30/Page_SelectPaymentMethod/MakePaymentButton' is clicked on

24-10-2024T07:11:55 - [MESSAGE][PASSED] - Object: 'Object Repository/IWP30/Page_SelectPaymentMethod/MakePaymentButton' is clicked on

24-10-2024T07:11:55 - [TEST_STEP][PASSED] - iwpPages.ccPaymentEntryPage.setDataCCPM(row, dataFile): iwpPages.ccPaymentEntryPage.setDataCCPM is PASSED

24-10-2024T07:11:56 - [MESSAGE][PASSED] - Object 'Object Repository/IWP30/Page_CCPaymentEntry/Name' is present

24-10-2024T07:11:57 - [MESSAGE][PASSED] - Text '10.50' is set on object 'Object Repository/IWP30/Page_CCPaymentEntry/Amount'

24-10-2024T07:11:57 - [MESSAGE][PASSED] - Text 'udf data 2' is set on object 'Object Repository/IWP30/Page_CCPaymentEntry/UserDefined2'

24-10-2024T07:11:58 - [MESSAGE][PASSED] - Text 'udf data 3' is set on object 'Object Repository/IWP30/Page_CCPaymentEntry/UserDefined3'

24-10-2024T07:11:59 - [MESSAGE][PASSED] - All options with label 'Orange' are selected in object 'Object Repository/IWP30/Page_CCPaymentEntry/UserDefined7' 

24-10-2024T07:11:59 - [MESSAGE][PASSED] - All options with label 'Soccer' are selected in object 'Object Repository/IWP30/Page_CCPaymentEntry/UserDefined8' 

24-10-2024T07:11:59 - [MESSAGE][PASSED] - Object 'Object Repository/IWP30/Page_CCPaymentEntry/Name' is present

24-10-2024T07:12:00 - [MESSAGE][PASSED] - Text 'Kavita Ranawati' is set on object 'Object Repository/IWP30/Page_CCPaymentEntry/Name'

24-10-2024T07:12:00 - [MESSAGE][PASSED] - Object 'Object Repository/IWP30/Page_CCPaymentEntry/CardNumber' is present

24-10-2024T07:12:01 - [MESSAGE][PASSED] - Text '4111111111111111' is set on object 'Object Repository/IWP30/Page_CCPaymentEntry/CardNumber'

24-10-2024T07:12:01 - [MESSAGE][PASSED] - Text '123' is set on object 'Object Repository/IWP30/Page_CCPaymentEntry/SPC'

24-10-2024T07:12:02 - [MESSAGE][PASSED] - Object 'Object Repository/IWP30/Page_CCPaymentEntry/Month' is present

24-10-2024T07:12:03 - [MESSAGE][PASSED] - All options with label '09' are selected in object 'Object Repository/IWP30/Page_CCPaymentEntry/Month' 

24-10-2024T07:12:03 - [MESSAGE][PASSED] - Object 'Object Repository/IWP30/Page_CCPaymentEntry/Year' is present

24-10-2024T07:12:04 - [MESSAGE][PASSED] - All options with label '2028' are selected in object 'Object Repository/IWP30/Page_CCPaymentEntry/Year' 

24-10-2024T07:12:04 - [MESSAGE][PASSED] - Text '365 Main Avenue' is set on object 'Object Repository/IWP30/Page_CCPaymentEntry/AL1'

24-10-2024T07:12:05 - [MESSAGE][PASSED] - Text '22201' is set on object 'Object Repository/IWP30/Page_CCPaymentEntry/ZIP'

24-10-2024T07:12:05 - [MESSAGE][PASSED] - Object 'Object Repository/IWP30/Page_CCPaymentEntry/EmailAddress' is present

24-10-2024T07:12:06 - [MESSAGE][PASSED] - Text 'iahmed@govolution.com' is set on object 'Object Repository/IWP30/Page_CCPaymentEntry/EmailAddress'

24-10-2024T07:12:07 - [MESSAGE][PASSED] - Object 'Object Repository/IWP30/Page_CCPaymentEntry/TermCondCheckBox' is present

24-10-2024T07:12:07 - [MESSAGE][PASSED] - Object 'Object Repository/IWP30/Page_CCPaymentEntry/TermCondCheckBox' is checked

24-10-2024T07:12:07 - [MESSAGE][PASSED] - Object 'Object Repository/IWP30/Page_CCPaymentEntry/ContinueButton' is present

24-10-2024T07:12:09 - [MESSAGE][PASSED] - Object: 'Object Repository/IWP30/Page_CCPaymentEntry/ContinueButton' is clicked on

24-10-2024T07:12:09 - [MESSAGE][PASSED] - iwpPages.ccPaymentEntryPage.setDataCCPM is PASSED

24-10-2024T07:12:09 - [TEST_STEP][PASSED] - if (verifyTextPresent("Make a Real Estate Payment", false)): null

24-10-2024T07:12:09 - [MESSAGE][PASSED] - Text 'Make a Real Estate Payment' is present on page 

24-10-2024T07:12:09 - [TEST_STEP][PASSED] - isRequiredTextPresent = true: null

24-10-2024T07:12:09 - [TEST_STEP][PASSED] - println(isRequiredTextPresent): null

24-10-2024T07:12:09 - [TEST_STEP][FAILED] - if (isRequiredTextPresent): null

24-10-2024T07:12:09 - [TEST_STEP][FAILED] - if (verifyTextPresent("Confirm Payment Information", false)): Text 'Confirm Payment Information' is not present on page  (Root cause: com.kms.katalon.core.exception.StepFailedException: Text 'Confirm Payment Information' is not present on page 
	at com.kms.katalon.core.webui.keyword.internal.WebUIKeywordMain.stepFailed(WebUIKeywordMain.groovy:64)
	at com.kms.katalon.core.webui.keyword.builtin.VerifyTextPresentKeyword$_verifyTextPresent_closure1.doCall(VerifyTextPresentKeyword.groovy:79)
	at com.kms.katalon.core.webui.keyword.builtin.VerifyTextPresentKeyword$_verifyTextPresent_closure1.call(VerifyTextPresentKeyword.groovy)
	at com.kms.katalon.core.webui.keyword.internal.WebUIKeywordMain.runKeyword(WebUIKeywordMain.groovy:20)
	at com.kms.katalon.core.webui.keyword.builtin.VerifyTextPresentKeyword.verifyTextPresent(VerifyTextPresentKeyword.groovy:83)
	at com.kms.katalon.core.webui.keyword.builtin.VerifyTextPresentKeyword.execute(VerifyTextPresentKeyword.groovy:68)
	at com.kms.katalon.core.keyword.internal.KeywordExecutor.executeKeywordForPlatform(KeywordExecutor.groovy:74)
	at com.kms.katalon.core.webui.keyword.WebUiBuiltInKeywords.verifyTextPresent(WebUiBuiltInKeywords.groovy:1762)
	at VerifyConfirmPageLabelsCC.run(VerifyConfirmPageLabelsCC:97)
	at com.kms.katalon.core.main.ScriptEngine.run(ScriptEngine.java:194)
	at com.kms.katalon.core.main.ScriptEngine.runScriptAsRawText(ScriptEngine.java:119)
	at com.kms.katalon.core.main.TestCaseExecutor.runScript(TestCaseExecutor.java:448)
	at com.kms.katalon.core.main.TestCaseExecutor.doExecute(TestCaseExecutor.java:439)
	at com.kms.katalon.core.main.TestCaseExecutor.processExecutionPhase(TestCaseExecutor.java:418)
	at com.kms.katalon.core.main.TestCaseExecutor.accessMainPhase(TestCaseExecutor.java:410)
	at com.kms.katalon.core.main.TestCaseExecutor.execute(TestCaseExecutor.java:285)
	at com.kms.katalon.core.common.CommonExecutor.accessTestCaseMainPhase(CommonExecutor.java:65)
	at com.kms.katalon.core.main.TestSuiteExecutor.accessTestSuiteMainPhase(TestSuiteExecutor.java:150)
	at com.kms.katalon.core.main.TestSuiteExecutor.execute(TestSuiteExecutor.java:106)
	at com.kms.katalon.core.main.TestCaseMain.startTestSuite(TestCaseMain.java:180)
	at TempTestSuite1729731001385.run(TempTestSuite1729731001385.groovy:35)
	at java.base/jdk.internal.reflect.NativeMethodAccessorImpl.invoke0(Native Method)
	at java.base/jdk.internal.reflect.NativeMethodAccessorImpl.invoke(NativeMethodAccessorImpl.java:77)
	at java.base/jdk.internal.reflect.DelegatingMethodAccessorImpl.invoke(DelegatingMethodAccessorImpl.java:43)
)

24-10-2024T07:12:10 - [MESSAGE][FAILED] - Text 'Confirm Payment Information' is not present on page  (Root cause: com.kms.katalon.core.exception.StepFailedException: Text 'Confirm Payment Information' is not present on page 
	at com.kms.katalon.core.webui.keyword.internal.WebUIKeywordMain.stepFailed(WebUIKeywordMain.groovy:64)
	at com.kms.katalon.core.webui.keyword.builtin.VerifyTextPresentKeyword$_verifyTextPresent_closure1.doCall(VerifyTextPresentKeyword.groovy:79)
	at com.kms.katalon.core.webui.keyword.builtin.VerifyTextPresentKeyword$_verifyTextPresent_closure1.call(VerifyTextPresentKeyword.groovy)
	at com.kms.katalon.core.webui.keyword.internal.WebUIKeywordMain.runKeyword(WebUIKeywordMain.groovy:20)
	at com.kms.katalon.core.webui.keyword.builtin.VerifyTextPresentKeyword.verifyTextPresent(VerifyTextPresentKeyword.groovy:83)
	at com.kms.katalon.core.webui.keyword.builtin.VerifyTextPresentKeyword.execute(VerifyTextPresentKeyword.groovy:68)
	at com.kms.katalon.core.keyword.internal.KeywordExecutor.executeKeywordForPlatform(KeywordExecutor.groovy:74)
	at com.kms.katalon.core.webui.keyword.WebUiBuiltInKeywords.verifyTextPresent(WebUiBuiltInKeywords.groovy:1762)
	at VerifyConfirmPageLabelsCC.run(VerifyConfirmPageLabelsCC:97)
	at com.kms.katalon.core.main.ScriptEngine.run(ScriptEngine.java:194)
	at com.kms.katalon.core.main.ScriptEngine.runScriptAsRawText(ScriptEngine.java:119)
	at com.kms.katalon.core.main.TestCaseExecutor.runScript(TestCaseExecutor.java:448)
	at com.kms.katalon.core.main.TestCaseExecutor.doExecute(TestCaseExecutor.java:439)
	at com.kms.katalon.core.main.TestCaseExecutor.processExecutionPhase(TestCaseExecutor.java:418)
	at com.kms.katalon.core.main.TestCaseExecutor.accessMainPhase(TestCaseExecutor.java:410)
	at com.kms.katalon.core.main.TestCaseExecutor.execute(TestCaseExecutor.java:285)
	at com.kms.katalon.core.common.CommonExecutor.accessTestCaseMainPhase(CommonExecutor.java:65)
	at com.kms.katalon.core.main.TestSuiteExecutor.accessTestSuiteMainPhase(TestSuiteExecutor.java:150)
	at com.kms.katalon.core.main.TestSuiteExecutor.execute(TestSuiteExecutor.java:106)
	at com.kms.katalon.core.main.TestCaseMain.startTestSuite(TestCaseMain.java:180)
	at TempTestSuite1729731001385.run(TempTestSuite1729731001385.groovy:35)
	at java.base/jdk.internal.reflect.NativeMethodAccessorImpl.invoke0(Native Method)
	at java.base/jdk.internal.reflect.NativeMethodAccessorImpl.invoke(NativeMethodAccessorImpl.java:77)
	at java.base/jdk.internal.reflect.DelegatingMethodAccessorImpl.invoke(DelegatingMethodAccessorImpl.java:43)
)

24-10-2024T07:12:10 - [TEST_STEP][PASSED] - else: null

24-10-2024T07:12:10 - [TEST_STEP][PASSED] - isRequiredTextPresent = false: null

24-10-2024T07:12:10 - [TEST_STEP][PASSED] - if (isRequiredTextPresent): null

24-10-2024T07:12:10 - [TEST_STEP][PASSED] - if (isRequiredTextPresent): null

24-10-2024T07:12:10 - [TEST_STEP][PASSED] - if (isRequiredTextPresent): null

24-10-2024T07:12:10 - [TEST_STEP][PASSED] - if (isRequiredTextPresent): null

24-10-2024T07:12:10 - [TEST_STEP][PASSED] - if (isRequiredTextPresent): null

24-10-2024T07:12:10 - [TEST_STEP][PASSED] - if (isRequiredTextPresent): null

24-10-2024T07:12:10 - [TEST_STEP][PASSED] - if (isRequiredTextPresent): null

24-10-2024T07:12:10 - [TEST_STEP][PASSED] - if (isRequiredTextPresent): null

24-10-2024T07:12:10 - [TEST_STEP][PASSED] - if (isRequiredTextPresent): null

24-10-2024T07:12:10 - [TEST_STEP][PASSED] - if (isRequiredTextPresent): null

24-10-2024T07:12:10 - [TEST_STEP][PASSED] - if (isRequiredTextPresent): null

24-10-2024T07:12:10 - [TEST_STEP][PASSED] - if (isRequiredTextPresent): null

24-10-2024T07:12:10 - [TEST_STEP][PASSED] - if (isRequiredTextPresent): null

24-10-2024T07:12:10 - [TEST_STEP][PASSED] - if (isRequiredTextPresent): null

24-10-2024T07:12:10 - [TEST_STEP][PASSED] - if (isRequiredTextPresent): null

24-10-2024T07:12:10 - [TEST_STEP][PASSED] - if (isRequiredTextPresent): null

24-10-2024T07:12:10 - [TEST_STEP][PASSED] - if (isRequiredTextPresent): null

24-10-2024T07:12:10 - [TEST_STEP][PASSED] - if (isRequiredTextPresent): null

24-10-2024T07:12:10 - [TEST_STEP][PASSED] - if (isRequiredTextPresent): null

24-10-2024T07:12:10 - [TEST_STEP][PASSED] - if (isRequiredTextPresent): null

24-10-2024T07:12:10 - [TEST_STEP][PASSED] - if (isRequiredTextPresent): null

24-10-2024T07:12:10 - [TEST_STEP][PASSED] - if (isRequiredTextPresent): null

24-10-2024T07:12:10 - [TEST_STEP][PASSED] - if (isRequiredTextPresent): null

24-10-2024T07:12:10 - [TEST_STEP][PASSED] - if (isRequiredTextPresent): null

24-10-2024T07:12:10 - [TEST_STEP][PASSED] - if (isRequiredTextPresent): null

24-10-2024T07:12:10 - [TEST_STEP][PASSED] - if (isRequiredTextPresent): null

24-10-2024T07:12:10 - [TEST_STEP][PASSED] - if (isRequiredTextPresent == true): null

24-10-2024T07:12:10 - [TEST_STEP][ERROR] - else: Test Cases/IntegratedWeb/IWP25/Payments/VerifyConfirmPageLabelsCC FAILED.
Reason:
com.kms.katalon.core.exception.StepErrorException: org.codehaus.groovy.runtime.InvokerInvocationException: java.io.FileNotFoundException: KatalonData\IWPTestData\VRelay25Payments.xlsx (The process cannot access the file because it is being used by another process)
	at com.kms.katalon.core.main.CustomKeywordDelegatingMetaClass.throwError(CustomKeywordDelegatingMetaClass.java:101)
	at com.kms.katalon.core.main.CustomKeywordDelegatingMetaClass.invokeStaticMethod(CustomKeywordDelegatingMetaClass.java:73)
	at VerifyConfirmPageLabelsCC.run(VerifyConfirmPageLabelsCC:340)
	at com.kms.katalon.core.main.ScriptEngine.run(ScriptEngine.java:194)
	at com.kms.katalon.core.main.ScriptEngine.runScriptAsRawText(ScriptEngine.java:119)
	at com.kms.katalon.core.main.TestCaseExecutor.runScript(TestCaseExecutor.java:448)
	at com.kms.katalon.core.main.TestCaseExecutor.doExecute(TestCaseExecutor.java:439)
	at com.kms.katalon.core.main.TestCaseExecutor.processExecutionPhase(TestCaseExecutor.java:418)
	at com.kms.katalon.core.main.TestCaseExecutor.accessMainPhase(TestCaseExecutor.java:410)
	at com.kms.katalon.core.main.TestCaseExecutor.execute(TestCaseExecutor.java:285)
	at com.kms.katalon.core.common.CommonExecutor.accessTestCaseMainPhase(CommonExecutor.java:65)
	at com.kms.katalon.core.main.TestSuiteExecutor.accessTestSuiteMainPhase(TestSuiteExecutor.java:150)
	at com.kms.katalon.core.main.TestSuiteExecutor.execute(TestSuiteExecutor.java:106)
	at com.kms.katalon.core.main.TestCaseMain.startTestSuite(TestCaseMain.java:180)
	at TempTestSuite1729731001385.run(TempTestSuite1729731001385.groovy:35)
	at java.base/jdk.internal.reflect.NativeMethodAccessorImpl.invoke0(Native Method)
	at java.base/jdk.internal.reflect.NativeMethodAccessorImpl.invoke(NativeMethodAccessorImpl.java:77)
	at java.base/jdk.internal.reflect.DelegatingMethodAccessorImpl.invoke(DelegatingMethodAccessorImpl.java:43)
Caused by: org.codehaus.groovy.runtime.InvokerInvocationException: java.io.FileNotFoundException: KatalonData\IWPTestData\VRelay25Payments.xlsx (The process cannot access the file because it is being used by another process)
	at com.kms.katalon.core.main.CustomKeywordDelegatingMetaClass.invokeStaticMethod(CustomKeywordDelegatingMetaClass.java:55)
	at Script1725371823976.run(Script1725371823976.groovy:340)
	... 15 more
Caused by: java.io.FileNotFoundException: KatalonData\IWPTestData\VRelay25Payments.xlsx (The process cannot access the file because it is being used by another process)
	at pages.WriteExcel.demoKey(WriteExcel.groovy:93)
	at jdk.internal.reflect.GeneratedMethodAccessor43.invoke(Unknown Source)
	at java.base/jdk.internal.reflect.DelegatingMethodAccessorImpl.invoke(DelegatingMethodAccessorImpl.java:43)
	at com.kms.katalon.core.main.CustomKeywordDelegatingMetaClass.invokeStaticMethod(CustomKeywordDelegatingMetaClass.java:55)
	at VerifyConfirmPageLabelsCC.run(VerifyConfirmPageLabelsCC:340)
	... 15 more


24-10-2024T07:12:10 - [TEST_STEP][PASSED] - println("Some texts are missing on the Confirm page"): null

24-10-2024T07:12:10 - [TEST_STEP][PASSED] - resText = "Fail": null

24-10-2024T07:12:10 - [TEST_STEP][ERROR] - pages.WriteExcel.demoKey(resText, datText, resColumn, datCloumn, fileLoc, nameSheet, row): Test Cases/IntegratedWeb/IWP25/Payments/VerifyConfirmPageLabelsCC FAILED.
Reason:
com.kms.katalon.core.exception.StepErrorException: org.codehaus.groovy.runtime.InvokerInvocationException: java.io.FileNotFoundException: KatalonData\IWPTestData\VRelay25Payments.xlsx (The process cannot access the file because it is being used by another process)
	at com.kms.katalon.core.main.CustomKeywordDelegatingMetaClass.throwError(CustomKeywordDelegatingMetaClass.java:101)
	at com.kms.katalon.core.main.CustomKeywordDelegatingMetaClass.invokeStaticMethod(CustomKeywordDelegatingMetaClass.java:73)
	at VerifyConfirmPageLabelsCC.run(VerifyConfirmPageLabelsCC:340)
	at com.kms.katalon.core.main.ScriptEngine.run(ScriptEngine.java:194)
	at com.kms.katalon.core.main.ScriptEngine.runScriptAsRawText(ScriptEngine.java:119)
	at com.kms.katalon.core.main.TestCaseExecutor.runScript(TestCaseExecutor.java:448)
	at com.kms.katalon.core.main.TestCaseExecutor.doExecute(TestCaseExecutor.java:439)
	at com.kms.katalon.core.main.TestCaseExecutor.processExecutionPhase(TestCaseExecutor.java:418)
	at com.kms.katalon.core.main.TestCaseExecutor.accessMainPhase(TestCaseExecutor.java:410)
	at com.kms.katalon.core.main.TestCaseExecutor.execute(TestCaseExecutor.java:285)
	at com.kms.katalon.core.common.CommonExecutor.accessTestCaseMainPhase(CommonExecutor.java:65)
	at com.kms.katalon.core.main.TestSuiteExecutor.accessTestSuiteMainPhase(TestSuiteExecutor.java:150)
	at com.kms.katalon.core.main.TestSuiteExecutor.execute(TestSuiteExecutor.java:106)
	at com.kms.katalon.core.main.TestCaseMain.startTestSuite(TestCaseMain.java:180)
	at TempTestSuite1729731001385.run(TempTestSuite1729731001385.groovy:35)
	at java.base/jdk.internal.reflect.NativeMethodAccessorImpl.invoke0(Native Method)
	at java.base/jdk.internal.reflect.NativeMethodAccessorImpl.invoke(NativeMethodAccessorImpl.java:77)
	at java.base/jdk.internal.reflect.DelegatingMethodAccessorImpl.invoke(DelegatingMethodAccessorImpl.java:43)
Caused by: org.codehaus.groovy.runtime.InvokerInvocationException: java.io.FileNotFoundException: KatalonData\IWPTestData\VRelay25Payments.xlsx (The process cannot access the file because it is being used by another process)
	at com.kms.katalon.core.main.CustomKeywordDelegatingMetaClass.invokeStaticMethod(CustomKeywordDelegatingMetaClass.java:55)
	at Script1725371823976.run(Script1725371823976.groovy:340)
	... 15 more
Caused by: java.io.FileNotFoundException: KatalonData\IWPTestData\VRelay25Payments.xlsx (The process cannot access the file because it is being used by another process)
	at pages.WriteExcel.demoKey(WriteExcel.groovy:93)
	at jdk.internal.reflect.GeneratedMethodAccessor43.invoke(Unknown Source)
	at java.base/jdk.internal.reflect.DelegatingMethodAccessorImpl.invoke(DelegatingMethodAccessorImpl.java:43)
	at com.kms.katalon.core.main.CustomKeywordDelegatingMetaClass.invokeStaticMethod(CustomKeywordDelegatingMetaClass.java:55)
	at VerifyConfirmPageLabelsCC.run(VerifyConfirmPageLabelsCC:340)
	... 15 more


24-10-2024T07:12:10 - [MESSAGE][ERROR] - java.io.FileNotFoundException: KatalonData\IWPTestData\VRelay25Payments.xlsx (The process cannot access the file because it is being used by another process)

24-10-2024T07:12:10 - [MESSAGE][ERROR] - Test Cases/IntegratedWeb/IWP25/Payments/VerifyConfirmPageLabelsCC FAILED.
Reason:
com.kms.katalon.core.exception.StepErrorException: org.codehaus.groovy.runtime.InvokerInvocationException: java.io.FileNotFoundException: KatalonData\IWPTestData\VRelay25Payments.xlsx (The process cannot access the file because it is being used by another process)
	at com.kms.katalon.core.main.CustomKeywordDelegatingMetaClass.throwError(CustomKeywordDelegatingMetaClass.java:101)
	at com.kms.katalon.core.main.CustomKeywordDelegatingMetaClass.invokeStaticMethod(CustomKeywordDelegatingMetaClass.java:73)
	at VerifyConfirmPageLabelsCC.run(VerifyConfirmPageLabelsCC:340)
	at com.kms.katalon.core.main.ScriptEngine.run(ScriptEngine.java:194)
	at com.kms.katalon.core.main.ScriptEngine.runScriptAsRawText(ScriptEngine.java:119)
	at com.kms.katalon.core.main.TestCaseExecutor.runScript(TestCaseExecutor.java:448)
	at com.kms.katalon.core.main.TestCaseExecutor.doExecute(TestCaseExecutor.java:439)
	at com.kms.katalon.core.main.TestCaseExecutor.processExecutionPhase(TestCaseExecutor.java:418)
	at com.kms.katalon.core.main.TestCaseExecutor.accessMainPhase(TestCaseExecutor.java:410)
	at com.kms.katalon.core.main.TestCaseExecutor.execute(TestCaseExecutor.java:285)
	at com.kms.katalon.core.common.CommonExecutor.accessTestCaseMainPhase(CommonExecutor.java:65)
	at com.kms.katalon.core.main.TestSuiteExecutor.accessTestSuiteMainPhase(TestSuiteExecutor.java:150)
	at com.kms.katalon.core.main.TestSuiteExecutor.execute(TestSuiteExecutor.java:106)
	at com.kms.katalon.core.main.TestCaseMain.startTestSuite(TestCaseMain.java:180)
	at TempTestSuite1729731001385.run(TempTestSuite1729731001385.groovy:35)
	at java.base/jdk.internal.reflect.NativeMethodAccessorImpl.invoke0(Native Method)
	at java.base/jdk.internal.reflect.NativeMethodAccessorImpl.invoke(NativeMethodAccessorImpl.java:77)
	at java.base/jdk.internal.reflect.DelegatingMethodAccessorImpl.invoke(DelegatingMethodAccessorImpl.java:43)
Caused by: org.codehaus.groovy.runtime.InvokerInvocationException: java.io.FileNotFoundException: KatalonData\IWPTestData\VRelay25Payments.xlsx (The process cannot access the file because it is being used by another process)
	at com.kms.katalon.core.main.CustomKeywordDelegatingMetaClass.invokeStaticMethod(CustomKeywordDelegatingMetaClass.java:55)
	at Script1725371823976.run(Script1725371823976.groovy:340)
	... 15 more
Caused by: java.io.FileNotFoundException: KatalonData\IWPTestData\VRelay25Payments.xlsx (The process cannot access the file because it is being used by another process)
	at pages.WriteExcel.demoKey(WriteExcel.groovy:93)
	at jdk.internal.reflect.GeneratedMethodAccessor43.invoke(Unknown Source)
	at java.base/jdk.internal.reflect.DelegatingMethodAccessorImpl.invoke(DelegatingMethodAccessorImpl.java:43)
	at com.kms.katalon.core.main.CustomKeywordDelegatingMetaClass.invokeStaticMethod(CustomKeywordDelegatingMetaClass.java:55)
	at VerifyConfirmPageLabelsCC.run(VerifyConfirmPageLabelsCC:340)
	... 15 more]]></system-out>
         <system-err><![CDATA[24-10-2024T07:10:35 - [TEST_CASE][FAILED] - Test Cases/IntegratedWeb/IWP25/Payments/VerifyConfirmPageLabelsCC: Test Cases/IntegratedWeb/IWP25/Payments/VerifyConfirmPageLabelsCC FAILED.
Reason:
com.kms.katalon.core.exception.StepFailedException: Text 'Confirm Payment Information' is not present on page  (Root cause: com.kms.katalon.core.exception.StepFailedException: Text 'Confirm Payment Information' is not present on page 
	at com.kms.katalon.core.webui.keyword.internal.WebUIKeywordMain.stepFailed(WebUIKeywordMain.groovy:64)
	at com.kms.katalon.core.webui.keyword.builtin.VerifyTextPresentKeyword$_verifyTextPresent_closure1.doCall(VerifyTextPresentKeyword.groovy:79)
	at com.kms.katalon.core.webui.keyword.builtin.VerifyTextPresentKeyword$_verifyTextPresent_closure1.call(VerifyTextPresentKeyword.groovy)
	at com.kms.katalon.core.webui.keyword.internal.WebUIKeywordMain.runKeyword(WebUIKeywordMain.groovy:20)
	at com.kms.katalon.core.webui.keyword.builtin.VerifyTextPresentKeyword.verifyTextPresent(VerifyTextPresentKeyword.groovy:83)
	at com.kms.katalon.core.webui.keyword.builtin.VerifyTextPresentKeyword.execute(VerifyTextPresentKeyword.groovy:68)
	at com.kms.katalon.core.keyword.internal.KeywordExecutor.executeKeywordForPlatform(KeywordExecutor.groovy:74)
	at com.kms.katalon.core.webui.keyword.WebUiBuiltInKeywords.verifyTextPresent(WebUiBuiltInKeywords.groovy:1762)
	at VerifyConfirmPageLabelsCC.run(VerifyConfirmPageLabelsCC:97)
	at com.kms.katalon.core.main.ScriptEngine.run(ScriptEngine.java:194)
	at com.kms.katalon.core.main.ScriptEngine.runScriptAsRawText(ScriptEngine.java:119)
	at com.kms.katalon.core.main.TestCaseExecutor.runScript(TestCaseExecutor.java:448)
	at com.kms.katalon.core.main.TestCaseExecutor.doExecute(TestCaseExecutor.java:439)
	at com.kms.katalon.core.main.TestCaseExecutor.processExecutionPhase(TestCaseExecutor.java:418)
	at com.kms.katalon.core.main.TestCaseExecutor.accessMainPhase(TestCaseExecutor.java:410)
	at com.kms.katalon.core.main.TestCaseExecutor.execute(TestCaseExecutor.java:285)
	at com.kms.katalon.core.common.CommonExecutor.accessTestCaseMainPhase(CommonExecutor.java:65)
	at com.kms.katalon.core.main.TestSuiteExecutor.accessTestSuiteMainPhase(TestSuiteExecutor.java:150)
	at com.kms.katalon.core.main.TestSuiteExecutor.execute(TestSuiteExecutor.java:106)
	at com.kms.katalon.core.main.TestCaseMain.startTestSuite(TestCaseMain.java:180)
	at TempTestSuite1729731001385.run(TempTestSuite1729731001385.groovy:35)
	at java.base/jdk.internal.reflect.NativeMethodAccessorImpl.invoke0(Native Method)
	at java.base/jdk.internal.reflect.NativeMethodAccessorImpl.invoke(NativeMethodAccessorImpl.java:77)
	at java.base/jdk.internal.reflect.DelegatingMethodAccessorImpl.invoke(DelegatingMethodAccessorImpl.java:43)
)
	at com.kms.katalon.core.keyword.internal.KeywordMain.stepFailed(KeywordMain.groovy:39)
	at com.kms.katalon.core.webui.keyword.internal.WebUIKeywordMain.stepFailed(WebUIKeywordMain.groovy:64)
	at com.kms.katalon.core.webui.keyword.builtin.VerifyTextPresentKeyword$_verifyTextPresent_closure1.doCall(VerifyTextPresentKeyword.groovy:79)
	at com.kms.katalon.core.webui.keyword.builtin.VerifyTextPresentKeyword$_verifyTextPresent_closure1.call(VerifyTextPresentKeyword.groovy)
	at com.kms.katalon.core.webui.keyword.internal.WebUIKeywordMain.runKeyword(WebUIKeywordMain.groovy:20)
	at com.kms.katalon.core.webui.keyword.builtin.VerifyTextPresentKeyword.verifyTextPresent(VerifyTextPresentKeyword.groovy:83)
	at com.kms.katalon.core.webui.keyword.builtin.VerifyTextPresentKeyword.execute(VerifyTextPresentKeyword.groovy:68)
	at com.kms.katalon.core.keyword.internal.KeywordExecutor.executeKeywordForPlatform(KeywordExecutor.groovy:74)
	at com.kms.katalon.core.webui.keyword.WebUiBuiltInKeywords.verifyTextPresent(WebUiBuiltInKeywords.groovy:1762)
	at VerifyConfirmPageLabelsCC.run(VerifyConfirmPageLabelsCC:97)
	at com.kms.katalon.core.main.ScriptEngine.run(ScriptEngine.java:194)
	at com.kms.katalon.core.main.ScriptEngine.runScriptAsRawText(ScriptEngine.java:119)
	at com.kms.katalon.core.main.TestCaseExecutor.runScript(TestCaseExecutor.java:448)
	at com.kms.katalon.core.main.TestCaseExecutor.doExecute(TestCaseExecutor.java:439)
	at com.kms.katalon.core.main.TestCaseExecutor.processExecutionPhase(TestCaseExecutor.java:418)
	at com.kms.katalon.core.main.TestCaseExecutor.accessMainPhase(TestCaseExecutor.java:410)
	at com.kms.katalon.core.main.TestCaseExecutor.execute(TestCaseExecutor.java:285)
	at com.kms.katalon.core.common.CommonExecutor.accessTestCaseMainPhase(CommonExecutor.java:65)
	at com.kms.katalon.core.main.TestSuiteExecutor.accessTestSuiteMainPhase(TestSuiteExecutor.java:150)
	at com.kms.katalon.core.main.TestSuiteExecutor.execute(TestSuiteExecutor.java:106)
	at com.kms.katalon.core.main.TestCaseMain.startTestSuite(TestCaseMain.java:180)
	at TempTestSuite1729731001385.run(TempTestSuite1729731001385.groovy:35)
	at java.base/jdk.internal.reflect.NativeMethodAccessorImpl.invoke0(Native Method)
	at java.base/jdk.internal.reflect.NativeMethodAccessorImpl.invoke(NativeMethodAccessorImpl.java:77)
	at java.base/jdk.internal.reflect.DelegatingMethodAccessorImpl.invoke(DelegatingMethodAccessorImpl.java:43)
Caused by: com.kms.katalon.core.exception.StepFailedException: Text 'Confirm Payment Information' is not present on page 
	... 24 more]]></system-err>
      </testcase>
      <testcase name="Test Cases/IntegratedWeb/IWP25/Payments/VerifyConfirmPageLabelsCorp" time="99.029" classname="Test Cases/IntegratedWeb/IWP25/Payments/VerifyConfirmPageLabelsCorp" status="ERROR">
         <error type="ERROR" message="Test Cases/IntegratedWeb/IWP25/Payments/VerifyConfirmPageLabelsCorp FAILED.&#xa;Reason:&#xa;org.codehaus.groovy.runtime.InvokerInvocationException: java.io.FileNotFoundException: KatalonData\IWPTestData\VRelay25Payments.xlsx (The process cannot access the file because it is being used by another process)&#xa;	at com.kms.katalon.core.main.CustomKeywordDelegatingMetaClass.invokeStaticMethod(CustomKeywordDelegatingMetaClass.java:55)&#xa;	at VerifyConfirmPageLabelsCorp.run(VerifyConfirmPageLabelsCorp:327)&#xa;	at com.kms.katalon.core.main.ScriptEngine.run(ScriptEngine.java:194)&#xa;	at com.kms.katalon.core.main.ScriptEngine.runScriptAsRawText(ScriptEngine.java:119)&#xa;	at com.kms.katalon.core.main.TestCaseExecutor.runScript(TestCaseExecutor.java:448)&#xa;	at com.kms.katalon.core.main.TestCaseExecutor.doExecute(TestCaseExecutor.java:439)&#xa;	at com.kms.katalon.core.main.TestCaseExecutor.processExecutionPhase(TestCaseExecutor.java:418)&#xa;	at com.kms.katalon.core.main.TestCaseExecutor.accessMainPhase(TestCaseExecutor.java:410)&#xa;	at com.kms.katalon.core.main.TestCaseExecutor.execute(TestCaseExecutor.java:285)&#xa;	at com.kms.katalon.core.common.CommonExecutor.accessTestCaseMainPhase(CommonExecutor.java:65)&#xa;	at com.kms.katalon.core.main.TestSuiteExecutor.accessTestSuiteMainPhase(TestSuiteExecutor.java:150)&#xa;	at com.kms.katalon.core.main.TestSuiteExecutor.execute(TestSuiteExecutor.java:106)&#xa;	at com.kms.katalon.core.main.TestCaseMain.startTestSuite(TestCaseMain.java:180)&#xa;	at TempTestSuite1729731001385.run(TempTestSuite1729731001385.groovy:35)&#xa;	at java.base/jdk.internal.reflect.NativeMethodAccessorImpl.invoke0(Native Method)&#xa;	at java.base/jdk.internal.reflect.NativeMethodAccessorImpl.invoke(NativeMethodAccessorImpl.java:77)&#xa;	at java.base/jdk.internal.reflect.DelegatingMethodAccessorImpl.invoke(DelegatingMethodAccessorImpl.java:43)&#xa;Caused by: java.io.FileNotFoundException: KatalonData\IWPTestData\VRelay25Payments.xlsx (The process cannot access the file because it is being used by another process)&#xa;	at pages.WriteExcel.demoKey(WriteExcel.groovy:93)&#xa;	at jdk.internal.reflect.GeneratedMethodAccessor43.invoke(Unknown Source)&#xa;	at java.base/jdk.internal.reflect.DelegatingMethodAccessorImpl.invoke(DelegatingMethodAccessorImpl.java:43)&#xa;	... 17 more&#xa;"/>
         <system-out><![CDATA[24-10-2024T07:12:10 - [TEST_CASE][ERROR] - Test Cases/IntegratedWeb/IWP25/Payments/VerifyConfirmPageLabelsCorp: Test Cases/IntegratedWeb/IWP25/Payments/VerifyConfirmPageLabelsCorp FAILED.
Reason:
org.codehaus.groovy.runtime.InvokerInvocationException: java.io.FileNotFoundException: KatalonData\IWPTestData\VRelay25Payments.xlsx (The process cannot access the file because it is being used by another process)
	at com.kms.katalon.core.main.CustomKeywordDelegatingMetaClass.invokeStaticMethod(CustomKeywordDelegatingMetaClass.java:55)
	at VerifyConfirmPageLabelsCorp.run(VerifyConfirmPageLabelsCorp:327)
	at com.kms.katalon.core.main.ScriptEngine.run(ScriptEngine.java:194)
	at com.kms.katalon.core.main.ScriptEngine.runScriptAsRawText(ScriptEngine.java:119)
	at com.kms.katalon.core.main.TestCaseExecutor.runScript(TestCaseExecutor.java:448)
	at com.kms.katalon.core.main.TestCaseExecutor.doExecute(TestCaseExecutor.java:439)
	at com.kms.katalon.core.main.TestCaseExecutor.processExecutionPhase(TestCaseExecutor.java:418)
	at com.kms.katalon.core.main.TestCaseExecutor.accessMainPhase(TestCaseExecutor.java:410)
	at com.kms.katalon.core.main.TestCaseExecutor.execute(TestCaseExecutor.java:285)
	at com.kms.katalon.core.common.CommonExecutor.accessTestCaseMainPhase(CommonExecutor.java:65)
	at com.kms.katalon.core.main.TestSuiteExecutor.accessTestSuiteMainPhase(TestSuiteExecutor.java:150)
	at com.kms.katalon.core.main.TestSuiteExecutor.execute(TestSuiteExecutor.java:106)
	at com.kms.katalon.core.main.TestCaseMain.startTestSuite(TestCaseMain.java:180)
	at TempTestSuite1729731001385.run(TempTestSuite1729731001385.groovy:35)
	at java.base/jdk.internal.reflect.NativeMethodAccessorImpl.invoke0(Native Method)
	at java.base/jdk.internal.reflect.NativeMethodAccessorImpl.invoke(NativeMethodAccessorImpl.java:77)
	at java.base/jdk.internal.reflect.DelegatingMethodAccessorImpl.invoke(DelegatingMethodAccessorImpl.java:43)
Caused by: java.io.FileNotFoundException: KatalonData\IWPTestData\VRelay25Payments.xlsx (The process cannot access the file because it is being used by another process)
	at pages.WriteExcel.demoKey(WriteExcel.groovy:93)
	at jdk.internal.reflect.GeneratedMethodAccessor43.invoke(Unknown Source)
	at java.base/jdk.internal.reflect.DelegatingMethodAccessorImpl.invoke(DelegatingMethodAccessorImpl.java:43)
	... 17 more


24-10-2024T07:12:10 - [TEST_STEP][PASSED] - resText = "Fail": null

24-10-2024T07:12:10 - [TEST_STEP][PASSED] - resColumn = "Result": null

24-10-2024T07:12:10 - [TEST_STEP][PASSED] - datCloumn = "Date": null

24-10-2024T07:12:10 - [TEST_STEP][PASSED] - fileLoc = "KatalonData/IWPTestData/VRelay25Payments.xlsx": null

24-10-2024T07:12:10 - [TEST_STEP][PASSED] - numOfRows = <not implemented yet for class: org.codehaus.groovy.ast.expr.EmptyExpression>: null

24-10-2024T07:12:10 - [TEST_STEP][PASSED] - dataFile = <not implemented yet for class: org.codehaus.groovy.ast.expr.EmptyExpression>: null

24-10-2024T07:12:10 - [TEST_STEP][PASSED] - nameSheet = <not implemented yet for class: org.codehaus.groovy.ast.expr.EmptyExpression>: null

24-10-2024T07:12:10 - [TEST_STEP][PASSED] - dataFileEmulator = <not implemented yet for class: org.codehaus.groovy.ast.expr.EmptyExpression>: null

24-10-2024T07:12:10 - [TEST_STEP][PASSED] - isRequiredTextPresent = false: null

24-10-2024T07:12:10 - [TEST_STEP][PASSED] - nameSheet = "VerifyConfirmPageLabelsCorp": null

24-10-2024T07:12:10 - [TEST_STEP][PASSED] - dataFile = "IWPTestData/IWP25VerifyConfirmPageLabelsCorp": null

24-10-2024T07:12:10 - [TEST_STEP][PASSED] - dataFileEmulator = "IWPTestData/EmulatorData": null

24-10-2024T07:12:10 - [TEST_STEP][PASSED] - numOfRows = findTestData(dataFile).getRowNumbers(): null

24-10-2024T07:12:10 - [TEST_STEP][PASSED] - println("Number of Records: " + numOfRows): null

24-10-2024T07:12:10 - [TEST_STEP][ERROR] - for ([row = 1, row <= numOfRows, (row++)]): Test Cases/IntegratedWeb/IWP25/Payments/VerifyConfirmPageLabelsCorp FAILED.
Reason:
com.kms.katalon.core.exception.StepErrorException: org.codehaus.groovy.runtime.InvokerInvocationException: java.io.FileNotFoundException: KatalonData\IWPTestData\VRelay25Payments.xlsx (The process cannot access the file because it is being used by another process)
	at com.kms.katalon.core.main.CustomKeywordDelegatingMetaClass.throwError(CustomKeywordDelegatingMetaClass.java:101)
	at com.kms.katalon.core.main.CustomKeywordDelegatingMetaClass.invokeStaticMethod(CustomKeywordDelegatingMetaClass.java:73)
	at VerifyConfirmPageLabelsCorp.run(VerifyConfirmPageLabelsCorp:327)
	at com.kms.katalon.core.main.ScriptEngine.run(ScriptEngine.java:194)
	at com.kms.katalon.core.main.ScriptEngine.runScriptAsRawText(ScriptEngine.java:119)
	at com.kms.katalon.core.main.TestCaseExecutor.runScript(TestCaseExecutor.java:448)
	at com.kms.katalon.core.main.TestCaseExecutor.doExecute(TestCaseExecutor.java:439)
	at com.kms.katalon.core.main.TestCaseExecutor.processExecutionPhase(TestCaseExecutor.java:418)
	at com.kms.katalon.core.main.TestCaseExecutor.accessMainPhase(TestCaseExecutor.java:410)
	at com.kms.katalon.core.main.TestCaseExecutor.execute(TestCaseExecutor.java:285)
	at com.kms.katalon.core.common.CommonExecutor.accessTestCaseMainPhase(CommonExecutor.java:65)
	at com.kms.katalon.core.main.TestSuiteExecutor.accessTestSuiteMainPhase(TestSuiteExecutor.java:150)
	at com.kms.katalon.core.main.TestSuiteExecutor.execute(TestSuiteExecutor.java:106)
	at com.kms.katalon.core.main.TestCaseMain.startTestSuite(TestCaseMain.java:180)
	at TempTestSuite1729731001385.run(TempTestSuite1729731001385.groovy:35)
	at java.base/jdk.internal.reflect.NativeMethodAccessorImpl.invoke0(Native Method)
	at java.base/jdk.internal.reflect.NativeMethodAccessorImpl.invoke(NativeMethodAccessorImpl.java:77)
	at java.base/jdk.internal.reflect.DelegatingMethodAccessorImpl.invoke(DelegatingMethodAccessorImpl.java:43)
Caused by: org.codehaus.groovy.runtime.InvokerInvocationException: java.io.FileNotFoundException: KatalonData\IWPTestData\VRelay25Payments.xlsx (The process cannot access the file because it is being used by another process)
	at com.kms.katalon.core.main.CustomKeywordDelegatingMetaClass.invokeStaticMethod(CustomKeywordDelegatingMetaClass.java:55)
	at Script1724932989648.run(Script1724932989648.groovy:327)
	... 15 more
Caused by: java.io.FileNotFoundException: KatalonData\IWPTestData\VRelay25Payments.xlsx (The process cannot access the file because it is being used by another process)
	at pages.WriteExcel.demoKey(WriteExcel.groovy:93)
	at jdk.internal.reflect.GeneratedMethodAccessor43.invoke(Unknown Source)
	at java.base/jdk.internal.reflect.DelegatingMethodAccessorImpl.invoke(DelegatingMethodAccessorImpl.java:43)
	at com.kms.katalon.core.main.CustomKeywordDelegatingMetaClass.invokeStaticMethod(CustomKeywordDelegatingMetaClass.java:55)
	at VerifyConfirmPageLabelsCorp.run(VerifyConfirmPageLabelsCorp:327)
	... 15 more


24-10-2024T07:12:10 - [TEST_STEP][PASSED] - ExecuteTC = findTestData(dataFile).getValue("Execute", row): null

24-10-2024T07:12:10 - [TEST_STEP][PASSED] - out.println("Value of Execute is : " + ExecuteTC): null

24-10-2024T07:12:10 - [TEST_STEP][ERROR] - if (ExecuteTC.equalsIgnoreCase("Y")): Test Cases/IntegratedWeb/IWP25/Payments/VerifyConfirmPageLabelsCorp FAILED.
Reason:
com.kms.katalon.core.exception.StepErrorException: org.codehaus.groovy.runtime.InvokerInvocationException: java.io.FileNotFoundException: KatalonData\IWPTestData\VRelay25Payments.xlsx (The process cannot access the file because it is being used by another process)
	at com.kms.katalon.core.main.CustomKeywordDelegatingMetaClass.throwError(CustomKeywordDelegatingMetaClass.java:101)
	at com.kms.katalon.core.main.CustomKeywordDelegatingMetaClass.invokeStaticMethod(CustomKeywordDelegatingMetaClass.java:73)
	at VerifyConfirmPageLabelsCorp.run(VerifyConfirmPageLabelsCorp:327)
	at com.kms.katalon.core.main.ScriptEngine.run(ScriptEngine.java:194)
	at com.kms.katalon.core.main.ScriptEngine.runScriptAsRawText(ScriptEngine.java:119)
	at com.kms.katalon.core.main.TestCaseExecutor.runScript(TestCaseExecutor.java:448)
	at com.kms.katalon.core.main.TestCaseExecutor.doExecute(TestCaseExecutor.java:439)
	at com.kms.katalon.core.main.TestCaseExecutor.processExecutionPhase(TestCaseExecutor.java:418)
	at com.kms.katalon.core.main.TestCaseExecutor.accessMainPhase(TestCaseExecutor.java:410)
	at com.kms.katalon.core.main.TestCaseExecutor.execute(TestCaseExecutor.java:285)
	at com.kms.katalon.core.common.CommonExecutor.accessTestCaseMainPhase(CommonExecutor.java:65)
	at com.kms.katalon.core.main.TestSuiteExecutor.accessTestSuiteMainPhase(TestSuiteExecutor.java:150)
	at com.kms.katalon.core.main.TestSuiteExecutor.execute(TestSuiteExecutor.java:106)
	at com.kms.katalon.core.main.TestCaseMain.startTestSuite(TestCaseMain.java:180)
	at TempTestSuite1729731001385.run(TempTestSuite1729731001385.groovy:35)
	at java.base/jdk.internal.reflect.NativeMethodAccessorImpl.invoke0(Native Method)
	at java.base/jdk.internal.reflect.NativeMethodAccessorImpl.invoke(NativeMethodAccessorImpl.java:77)
	at java.base/jdk.internal.reflect.DelegatingMethodAccessorImpl.invoke(DelegatingMethodAccessorImpl.java:43)
Caused by: org.codehaus.groovy.runtime.InvokerInvocationException: java.io.FileNotFoundException: KatalonData\IWPTestData\VRelay25Payments.xlsx (The process cannot access the file because it is being used by another process)
	at com.kms.katalon.core.main.CustomKeywordDelegatingMetaClass.invokeStaticMethod(CustomKeywordDelegatingMetaClass.java:55)
	at Script1724932989648.run(Script1724932989648.groovy:327)
	... 15 more
Caused by: java.io.FileNotFoundException: KatalonData\IWPTestData\VRelay25Payments.xlsx (The process cannot access the file because it is being used by another process)
	at pages.WriteExcel.demoKey(WriteExcel.groovy:93)
	at jdk.internal.reflect.GeneratedMethodAccessor43.invoke(Unknown Source)
	at java.base/jdk.internal.reflect.DelegatingMethodAccessorImpl.invoke(DelegatingMethodAccessorImpl.java:43)
	at com.kms.katalon.core.main.CustomKeywordDelegatingMetaClass.invokeStaticMethod(CustomKeywordDelegatingMetaClass.java:55)
	at VerifyConfirmPageLabelsCorp.run(VerifyConfirmPageLabelsCorp:327)
	... 15 more


24-10-2024T07:12:10 - [TEST_STEP][PASSED] - out.println("Begin Record Number: " + row): null

24-10-2024T07:12:10 - [TEST_STEP][PASSED] - today = new java.util.Date(): null

24-10-2024T07:12:10 - [TEST_STEP][PASSED] - println(today): null

24-10-2024T07:12:10 - [TEST_STEP][PASSED] - datText = today: null

24-10-2024T07:12:10 - [TEST_STEP][PASSED] - EmulatorDataKey = findTestData(dataFile).getValue("EmulatorData", row): null

24-10-2024T07:12:10 - [TEST_STEP][PASSED] - out.println("Value of Emulator Key is : " + EmulatorDataKey): null

24-10-2024T07:12:10 - [TEST_STEP][PASSED] - iwpPages.emulatorIWP30.setDataEmulator_DD(EmulatorDataKey): iwpPages.emulatorIWP30.setDataEmulator_DD is PASSED

24-10-2024T07:12:11 - [MESSAGE][WARNING] - A browser is already opened. Closing browser and opening a new one

24-10-2024T07:12:11 - [MESSAGE][INFO] - Starting 'Edge Chromium' driver

24-10-2024T07:12:11 - [MESSAGE][INFO] - User set preference: ['acceptInsecureCerts', 'true']

24-10-2024T07:12:13 - [MESSAGE][INFO] - Action delay is set to 0 milliseconds

24-10-2024T07:12:16 - [MESSAGE][PASSED] - Browser is opened with url: 'https://qa2.velocitypayment.com/agencyx/config.action?action=editor&message_version=2_5'

24-10-2024T07:12:17 - [MESSAGE][PASSED] - Current window maximized

24-10-2024T07:12:48 - [MESSAGE][INFO] - Unable to find the element located by 'By.xpath: //select[@name='message_version']'. Please recheck the objects properties to make sure the desired element is located. 

24-10-2024T07:12:48 - [MESSAGE][WARNING] - [SELF-HEALING] Failed to find element with id 'Object Repository/IWP30/Page_VRelay30Emulator/MV'. Try using Self-healing.

24-10-2024T07:12:48 - [MESSAGE][WARNING] - [SELF-HEALING] The current locator of test object 'Object Repository/IWP30/Page_VRelay30Emulator/MV' was broken. Propose an alternative one: '(.//*[normalize-space(text()) and normalize-space(.)='Message Version'])[1]/following::select[1]'.

24-10-2024T07:12:49 - [MESSAGE][PASSED] - All options with value '2.5' are selected in object 'Object Repository/IWP30/Page_VRelay30Emulator/MV'  using regular expression

24-10-2024T07:12:50 - [MESSAGE][PASSED] - Text '10.50' is set on object 'Object Repository/IWP30/Page_EmulatorAgencyX/Amount'

24-10-2024T07:12:50 - [MESSAGE][PASSED] - Text '9TjKD1PVnz9p' is set on object 'Object Repository/IWP30/Page_EmulatorAgencyX/CAN'

24-10-2024T07:12:51 - [MESSAGE][PASSED] - Text 'PayNow' is set on object 'Object Repository/IWP30/Page_EmulatorAgencyX/Action'

24-10-2024T07:12:52 - [MESSAGE][PASSED] - Text 'en_US' is set on object 'Object Repository/IWP30/Page_EmulatorAgencyX/Lang'

24-10-2024T07:12:52 - [MESSAGE][PASSED] - Text '' is set on object 'Object Repository/IWP30/Page_EmulatorAgencyX/Fname'

24-10-2024T07:12:53 - [MESSAGE][PASSED] - Text '' is set on object 'Object Repository/IWP30/Page_EmulatorAgencyX/Lname'

24-10-2024T07:12:53 - [MESSAGE][PASSED] - Text '' is set on object 'Object Repository/IWP30/Page_EmulatorAgencyX/AL1'

24-10-2024T07:12:54 - [MESSAGE][PASSED] - Text '' is set on object 'Object Repository/IWP30/Page_EmulatorAgencyX/AL2'

24-10-2024T07:12:54 - [MESSAGE][PASSED] - Text '' is set on object 'Object Repository/IWP30/Page_EmulatorAgencyX/Country'

24-10-2024T07:12:55 - [MESSAGE][PASSED] - Text '' is set on object 'Object Repository/IWP30/Page_EmulatorAgencyX/City'

24-10-2024T07:12:56 - [MESSAGE][PASSED] - Text '' is set on object 'Object Repository/IWP30/Page_EmulatorAgencyX/State'

24-10-2024T07:12:56 - [MESSAGE][PASSED] - Text '' is set on object 'Object Repository/IWP30/Page_EmulatorAgencyX/ZIP'

24-10-2024T07:12:57 - [MESSAGE][PASSED] - Text '' is set on object 'Object Repository/IWP30/Page_EmulatorAgencyX/Order'

24-10-2024T07:12:57 - [MESSAGE][PASSED] - Text '' is set on object 'Object Repository/IWP30/Page_EmulatorAgencyX/Company'

24-10-2024T07:12:58 - [MESSAGE][PASSED] - Text '' is set on object 'Object Repository/IWP30/Page_EmulatorAgencyX/Email'

24-10-2024T07:12:58 - [MESSAGE][PASSED] - Text '' is set on object 'Object Repository/IWP30/Page_EmulatorAgencyX/UDF1'

24-10-2024T07:12:59 - [MESSAGE][PASSED] - Text '' is set on object 'Object Repository/IWP30/Page_EmulatorAgencyX/UDF2'

24-10-2024T07:13:00 - [MESSAGE][PASSED] - Text '' is set on object 'Object Repository/IWP30/Page_EmulatorAgencyX/UDF3'

24-10-2024T07:13:00 - [MESSAGE][PASSED] - Text 'udf data 4' is set on object 'Object Repository/IWP30/Page_EmulatorAgencyX/UDF4'

24-10-2024T07:13:01 - [MESSAGE][PASSED] - Text 'udf data 5' is set on object 'Object Repository/IWP30/Page_EmulatorAgencyX/UDF5'

24-10-2024T07:13:01 - [MESSAGE][PASSED] - Text '' is set on object 'Object Repository/IWP30/Page_EmulatorAgencyX/UDF6'

24-10-2024T07:13:02 - [MESSAGE][PASSED] - Text '' is set on object 'Object Repository/IWP30/Page_EmulatorAgencyX/UDF7'

24-10-2024T07:13:02 - [MESSAGE][PASSED] - Text '' is set on object 'Object Repository/IWP30/Page_EmulatorAgencyX/UDF8'

24-10-2024T07:13:03 - [MESSAGE][PASSED] - Text 'udf data 9' is set on object 'Object Repository/IWP30/Page_EmulatorAgencyX/UDF9'

24-10-2024T07:13:04 - [MESSAGE][PASSED] - Text 'udf data 10' is set on object 'Object Repository/IWP30/Page_EmulatorAgencyX/UDF10'

24-10-2024T07:13:05 - [MESSAGE][PASSED] - Object: 'Object Repository/IWP30/Page_EmulatorAgencyX/Submit' is clicked on

24-10-2024T07:13:09 - [MESSAGE][PASSED] - Browser is closed

24-10-2024T07:13:14 - [MESSAGE][PASSED] - iwpPages.emulatorIWP30.setDataEmulator_DD is PASSED

24-10-2024T07:13:14 - [TEST_STEP][PASSED] - testHarnessURL = urlTestHarness: null

24-10-2024T07:13:14 - [TEST_STEP][PASSED] - openBrowser(testHarnessURL): Browser is opened with url: 'https://dev-algorithm.govolution.com/vrelaytest/QA2/version_2_2/vrelaytest.html'

24-10-2024T07:13:14 - [MESSAGE][INFO] - Starting 'Edge Chromium' driver

24-10-2024T07:13:14 - [MESSAGE][INFO] - User set preference: ['acceptInsecureCerts', 'true']

24-10-2024T07:13:16 - [MESSAGE][INFO] - Action delay is set to 0 milliseconds

24-10-2024T07:13:19 - [MESSAGE][PASSED] - Browser is opened with url: 'https://dev-algorithm.govolution.com/vrelaytest/QA2/version_2_2/vrelaytest.html'

24-10-2024T07:13:19 - [TEST_STEP][PASSED] - maximizeWindow(): Current window maximized

24-10-2024T07:13:19 - [MESSAGE][PASSED] - Current window maximized

24-10-2024T07:13:19 - [TEST_STEP][PASSED] - iwpPages.TestHarnessPage.setDataMethod(row, dataFile): iwpPages.TestHarnessPage.setDataMethod is PASSED

24-10-2024T07:13:20 - [MESSAGE][PASSED] - Object 'Object Repository/IWP30/Page_QATestHarness/RemittanceID' is present

24-10-2024T07:13:20 - [MESSAGE][PASSED] - Text '638' is set on object 'Object Repository/IWP30/Page_QATestHarness/ApplicationID'

24-10-2024T07:13:21 - [MESSAGE][PASSED] - Text '2.5' is set on object 'Object Repository/IWP30/Page_QATestHarness/MessageVersion'

24-10-2024T07:13:21 - [MESSAGE][PASSED] - Text 'fivjYysmhsQy' is set on object 'Object Repository/IWP30/Page_QATestHarness/RemittanceID'

24-10-2024T07:13:25 - [MESSAGE][PASSED] - Object: 'Object Repository/IWP30/Page_QATestHarness/SubmitButton' is clicked on

24-10-2024T07:13:25 - [MESSAGE][PASSED] - iwpPages.TestHarnessPage.setDataMethod is PASSED

24-10-2024T07:13:25 - [TEST_STEP][PASSED] - click(findTestObject("Object Repository/IWP30/Page_SelectPaymentMethod/PayByCorporateCheck")): Object: 'Object Repository/IWP30/Page_SelectPaymentMethod/PayByCorporateCheck' is clicked on

24-10-2024T07:13:26 - [MESSAGE][PASSED] - Object: 'Object Repository/IWP30/Page_SelectPaymentMethod/PayByCorporateCheck' is clicked on

24-10-2024T07:13:26 - [TEST_STEP][PASSED] - click(findTestObject("Object Repository/IWP30/Page_SelectPaymentMethod/MakePaymentButton")): Object: 'Object Repository/IWP30/Page_SelectPaymentMethod/MakePaymentButton' is clicked on

24-10-2024T07:13:28 - [MESSAGE][PASSED] - Object: 'Object Repository/IWP30/Page_SelectPaymentMethod/MakePaymentButton' is clicked on

24-10-2024T07:13:28 - [TEST_STEP][PASSED] - iwpPages.achCorporatePaymentEntryPage.setDataCorporate(row, dataFile): iwpPages.achCorporatePaymentEntryPage.setDataCorporate is PASSED

24-10-2024T07:13:29 - [MESSAGE][PASSED] - Object 'Object Repository/IWP30/Page_ACHCorporatePaymentEntry/txt_accountNumber' is present

24-10-2024T07:13:30 - [MESSAGE][PASSED] - Object 'Object Repository/IWP30/Page_ACHCorporatePaymentEntry/input_CompanyName' is present

24-10-2024T07:13:30 - [MESSAGE][PASSED] - Text 'My Company' is set on object 'Object Repository/IWP30/Page_ACHCorporatePaymentEntry/input_CompanyName'

24-10-2024T07:13:31 - [MESSAGE][PASSED] - Object 'Object Repository/IWP30/Page_ACHCorporatePaymentEntry/input_EIN' is present

24-10-2024T07:13:31 - [MESSAGE][PASSED] - Text '10.50' is set on object 'Object Repository/IWP30/Page_ACHCorporatePaymentEntry/txt_Amount'

24-10-2024T07:13:32 - [MESSAGE][PASSED] - Text 'udf data 3' is set on object 'Object Repository/IWP30/Page_ACHCorporatePaymentEntry/txt_UDF3'

24-10-2024T07:13:32 - [MESSAGE][PASSED] - All options with label 'Soccer' are selected in object 'Object Repository/IWP30/Page_ACHCorporatePaymentEntry/dd_UDF8' 

24-10-2024T07:13:33 - [MESSAGE][PASSED] - Object 'Object Repository/IWP30/Page_ACHCorporatePaymentEntry/txt_routingNumber' is present

24-10-2024T07:13:33 - [MESSAGE][PASSED] - Text '256072691' is set on object 'Object Repository/IWP30/Page_ACHCorporatePaymentEntry/txt_routingNumber'

24-10-2024T07:13:33 - [MESSAGE][PASSED] - Object 'Object Repository/IWP30/Page_ACHCorporatePaymentEntry/txt_accountNumber' is present

24-10-2024T07:13:35 - [MESSAGE][PASSED] - Text '12344444' is set on object 'Object Repository/IWP30/Page_ACHCorporatePaymentEntry/txt_accountNumber'

24-10-2024T07:13:35 - [MESSAGE][PASSED] - Object 'Object Repository/IWP30/Page_ACHCorporatePaymentEntry/txt_confirmAccountNumber' is present

24-10-2024T07:13:36 - [MESSAGE][PASSED] - Text '12344444' is set on object 'Object Repository/IWP30/Page_ACHCorporatePaymentEntry/txt_confirmAccountNumber'

24-10-2024T07:13:36 - [MESSAGE][PASSED] - Text '365 Main Avenue' is set on object 'Object Repository/IWP30/Page_ACHCorporatePaymentEntry/txt_AL1'

24-10-2024T07:13:37 - [MESSAGE][PASSED] - Text '22201' is set on object 'Object Repository/IWP30/Page_ACHCorporatePaymentEntry/txt_ZIP'

24-10-2024T07:13:38 - [MESSAGE][PASSED] - Object 'Object Repository/IWP30/Page_ACHCorporatePaymentEntry/txt_Email' is present

24-10-2024T07:13:39 - [MESSAGE][PASSED] - Text 'iahmed@govolution.com' is set on object 'Object Repository/IWP30/Page_ACHCorporatePaymentEntry/txt_Email'

24-10-2024T07:13:39 - [MESSAGE][PASSED] - Object 'Object Repository/IWP30/Page_ACHCorporatePaymentEntry/cb_TermsAndCond' is present

24-10-2024T07:13:39 - [MESSAGE][PASSED] - Object: 'Object Repository/IWP30/Page_ACHCorporatePaymentEntry/cb_TermsAndCond' is clicked on

24-10-2024T07:13:39 - [MESSAGE][PASSED] - Object 'Object Repository/IWP30/Page_ACHCorporatePaymentEntry/btn_Continue' is present

24-10-2024T07:13:41 - [MESSAGE][PASSED] - Object: 'Object Repository/IWP30/Page_ACHCorporatePaymentEntry/btn_Continue' is clicked on

24-10-2024T07:13:41 - [MESSAGE][PASSED] - iwpPages.achCorporatePaymentEntryPage.setDataCorporate is PASSED

24-10-2024T07:13:41 - [TEST_STEP][PASSED] - if (verifyTextPresent("Make a Real Estate Payment", false)): null

24-10-2024T07:13:41 - [MESSAGE][PASSED] - Text 'Make a Real Estate Payment' is present on page 

24-10-2024T07:13:41 - [TEST_STEP][PASSED] - isRequiredTextPresent = true: null

24-10-2024T07:13:41 - [TEST_STEP][PASSED] - println(isRequiredTextPresent): null

24-10-2024T07:13:41 - [TEST_STEP][PASSED] - if (isRequiredTextPresent): null

24-10-2024T07:13:41 - [TEST_STEP][PASSED] - if (verifyTextPresent("Confirm Payment Information", false)): null

24-10-2024T07:13:42 - [MESSAGE][PASSED] - Text 'Confirm Payment Information' is present on page 

24-10-2024T07:13:42 - [TEST_STEP][PASSED] - isRequiredTextPresent = true: null

24-10-2024T07:13:42 - [TEST_STEP][PASSED] - println(isRequiredTextPresent): null

24-10-2024T07:13:42 - [TEST_STEP][PASSED] - if (isRequiredTextPresent): null

24-10-2024T07:13:42 - [TEST_STEP][PASSED] - if (verifyTextPresent("Please verify the following information:", false)): null

24-10-2024T07:13:42 - [MESSAGE][PASSED] - Text 'Please verify the following information:' is present on page 

24-10-2024T07:13:42 - [TEST_STEP][PASSED] - isRequiredTextPresent = true: null

24-10-2024T07:13:42 - [TEST_STEP][PASSED] - if (isRequiredTextPresent): null

24-10-2024T07:13:42 - [TEST_STEP][PASSED] - if (verifyTextPresent("Payment Information:", false)): null

24-10-2024T07:13:42 - [MESSAGE][PASSED] - Text 'Payment Information:' is present on page 

24-10-2024T07:13:42 - [TEST_STEP][PASSED] - isRequiredTextPresent = true: null

24-10-2024T07:13:42 - [TEST_STEP][PASSED] - if (isRequiredTextPresent): null

24-10-2024T07:13:42 - [TEST_STEP][PASSED] - if (verifyTextPresent("CAN Label:", false)): null

24-10-2024T07:13:43 - [MESSAGE][PASSED] - Text 'CAN Label:' is present on page 

24-10-2024T07:13:43 - [TEST_STEP][PASSED] - isRequiredTextPresent = true: null

24-10-2024T07:13:43 - [TEST_STEP][PASSED] - if (isRequiredTextPresent): null

24-10-2024T07:13:43 - [TEST_STEP][PASSED] - if (verifyTextPresent("Tax Amount:", false)): null

24-10-2024T07:13:43 - [MESSAGE][PASSED] - Text 'Tax Amount:' is present on page 

24-10-2024T07:13:43 - [TEST_STEP][PASSED] - isRequiredTextPresent = true: null

24-10-2024T07:13:43 - [TEST_STEP][PASSED] - if (isRequiredTextPresent): null

24-10-2024T07:13:43 - [TEST_STEP][PASSED] - if (verifyTextPresent("Amount:", false)): null

24-10-2024T07:13:43 - [MESSAGE][PASSED] - Text 'Amount:' is present on page 

24-10-2024T07:13:43 - [TEST_STEP][PASSED] - isRequiredTextPresent = true: null

24-10-2024T07:13:43 - [TEST_STEP][PASSED] - if (isRequiredTextPresent): null

24-10-2024T07:13:43 - [TEST_STEP][PASSED] - if (verifyTextPresent("UDF3 Label:", false)): null

24-10-2024T07:13:43 - [MESSAGE][PASSED] - Text 'UDF3 Label:' is present on page 

24-10-2024T07:13:43 - [TEST_STEP][PASSED] - isRequiredTextPresent = true: null

24-10-2024T07:13:43 - [TEST_STEP][PASSED] - if (isRequiredTextPresent): null

24-10-2024T07:13:43 - [TEST_STEP][PASSED] - if (verifyTextPresent("UDF4 Label:", false)): null

24-10-2024T07:13:44 - [MESSAGE][PASSED] - Text 'UDF4 Label:' is present on page 

24-10-2024T07:13:44 - [TEST_STEP][PASSED] - isRequiredTextPresent = true: null

24-10-2024T07:13:44 - [TEST_STEP][PASSED] - if (isRequiredTextPresent): null

24-10-2024T07:13:44 - [TEST_STEP][PASSED] - if (verifyTextPresent("UDF8 Label:", false)): null

24-10-2024T07:13:44 - [MESSAGE][PASSED] - Text 'UDF8 Label:' is present on page 

24-10-2024T07:13:44 - [TEST_STEP][PASSED] - isRequiredTextPresent = true: null

24-10-2024T07:13:44 - [TEST_STEP][PASSED] - if (isRequiredTextPresent): null

24-10-2024T07:13:44 - [TEST_STEP][PASSED] - if (verifyTextPresent("UDF9 Label:", false)): null

24-10-2024T07:13:44 - [MESSAGE][PASSED] - Text 'UDF9 Label:' is present on page 

24-10-2024T07:13:44 - [TEST_STEP][PASSED] - isRequiredTextPresent = true: null

24-10-2024T07:13:44 - [TEST_STEP][PASSED] - if (isRequiredTextPresent): null

24-10-2024T07:13:44 - [TEST_STEP][PASSED] - if (verifyTextPresent("UDF8 Label:", false)): null

24-10-2024T07:13:45 - [MESSAGE][PASSED] - Text 'UDF8 Label:' is present on page 

24-10-2024T07:13:45 - [TEST_STEP][PASSED] - isRequiredTextPresent = true: null

24-10-2024T07:13:45 - [TEST_STEP][PASSED] - if (isRequiredTextPresent): null

24-10-2024T07:13:45 - [TEST_STEP][PASSED] - if (verifyTextPresent("UDF9 Label:", false)): null

24-10-2024T07:13:45 - [MESSAGE][PASSED] - Text 'UDF9 Label:' is present on page 

24-10-2024T07:13:45 - [TEST_STEP][PASSED] - isRequiredTextPresent = true: null

24-10-2024T07:13:45 - [TEST_STEP][PASSED] - if (isRequiredTextPresent): null

24-10-2024T07:13:45 - [TEST_STEP][PASSED] - if (verifyTextPresent("Account Information:", false)): null

24-10-2024T07:13:45 - [MESSAGE][PASSED] - Text 'Account Information:' is present on page 

24-10-2024T07:13:45 - [TEST_STEP][PASSED] - isRequiredTextPresent = true: null

24-10-2024T07:13:45 - [TEST_STEP][PASSED] - if (isRequiredTextPresent): null

24-10-2024T07:13:45 - [TEST_STEP][PASSED] - if (verifyTextPresent("Company Name:", false)): null

24-10-2024T07:13:45 - [MESSAGE][PASSED] - Text 'Company Name:' is present on page 

24-10-2024T07:13:45 - [TEST_STEP][PASSED] - isRequiredTextPresent = true: null

24-10-2024T07:13:45 - [TEST_STEP][PASSED] - if (isRequiredTextPresent): null

24-10-2024T07:13:45 - [TEST_STEP][PASSED] - if (verifyTextPresent("Routing Transit Number:", false)): null

24-10-2024T07:13:46 - [MESSAGE][PASSED] - Text 'Routing Transit Number:' is present on page 

24-10-2024T07:13:46 - [TEST_STEP][PASSED] - isRequiredTextPresent = true: null

24-10-2024T07:13:46 - [TEST_STEP][PASSED] - if (isRequiredTextPresent): null

24-10-2024T07:13:46 - [TEST_STEP][PASSED] - if (verifyTextPresent("Account Number:", false)): null

24-10-2024T07:13:46 - [MESSAGE][PASSED] - Text 'Account Number:' is present on page 

24-10-2024T07:13:46 - [TEST_STEP][PASSED] - isRequiredTextPresent = true: null

24-10-2024T07:13:46 - [TEST_STEP][PASSED] - if (isRequiredTextPresent): null

24-10-2024T07:13:46 - [TEST_STEP][PASSED] - if (verifyTextPresent("Employer Identification Number (EIN):", false)): null

24-10-2024T07:13:46 - [MESSAGE][PASSED] - Text 'Employer Identification Number (EIN):' is present on page 

24-10-2024T07:13:46 - [TEST_STEP][PASSED] - isRequiredTextPresent = true: null

24-10-2024T07:13:46 - [TEST_STEP][PASSED] - if (isRequiredTextPresent): null

24-10-2024T07:13:46 - [TEST_STEP][PASSED] - if (verifyTextPresent("Type of Account:", false)): null

24-10-2024T07:13:47 - [MESSAGE][PASSED] - Text 'Type of Account:' is present on page 

24-10-2024T07:13:47 - [TEST_STEP][PASSED] - isRequiredTextPresent = true: null

24-10-2024T07:13:47 - [TEST_STEP][PASSED] - if (isRequiredTextPresent): null

24-10-2024T07:13:47 - [TEST_STEP][PASSED] - if (verifyTextPresent("Payment Date:", false)): null

24-10-2024T07:13:47 - [MESSAGE][PASSED] - Text 'Payment Date:' is present on page 

24-10-2024T07:13:47 - [TEST_STEP][PASSED] - isRequiredTextPresent = true: null

24-10-2024T07:13:47 - [TEST_STEP][PASSED] - if (isRequiredTextPresent): null

24-10-2024T07:13:47 - [TEST_STEP][PASSED] - if (verifyTextPresent("Address Line 1:", false)): null

24-10-2024T07:13:47 - [MESSAGE][PASSED] - Text 'Address Line 1:' is present on page 

24-10-2024T07:13:47 - [TEST_STEP][PASSED] - isRequiredTextPresent = true: null

24-10-2024T07:13:47 - [TEST_STEP][PASSED] - if (isRequiredTextPresent): null

24-10-2024T07:13:47 - [TEST_STEP][PASSED] - if (verifyTextPresent("Country:", false)): null

24-10-2024T07:13:47 - [MESSAGE][PASSED] - Text 'Country:' is present on page 

24-10-2024T07:13:47 - [TEST_STEP][PASSED] - isRequiredTextPresent = true: null

24-10-2024T07:13:47 - [TEST_STEP][PASSED] - if (isRequiredTextPresent): null

24-10-2024T07:13:47 - [TEST_STEP][PASSED] - if (verifyTextPresent("City:", false)): null

24-10-2024T07:13:48 - [MESSAGE][PASSED] - Text 'City:' is present on page 

24-10-2024T07:13:48 - [TEST_STEP][PASSED] - isRequiredTextPresent = true: null

24-10-2024T07:13:48 - [TEST_STEP][PASSED] - if (isRequiredTextPresent): null

24-10-2024T07:13:48 - [TEST_STEP][PASSED] - if (verifyTextPresent("State:", false)): null

24-10-2024T07:13:48 - [MESSAGE][PASSED] - Text 'State:' is present on page 

24-10-2024T07:13:48 - [TEST_STEP][PASSED] - isRequiredTextPresent = true: null

24-10-2024T07:13:48 - [TEST_STEP][PASSED] - if (isRequiredTextPresent): null

24-10-2024T07:13:48 - [TEST_STEP][PASSED] - if (verifyTextPresent("ZIP Code:", false)): null

24-10-2024T07:13:48 - [MESSAGE][PASSED] - Text 'ZIP Code:' is present on page 

24-10-2024T07:13:48 - [TEST_STEP][PASSED] - isRequiredTextPresent = true: null

24-10-2024T07:13:48 - [TEST_STEP][PASSED] - if (isRequiredTextPresent): null

24-10-2024T07:13:48 - [TEST_STEP][PASSED] - if (verifyTextPresent("Email Address:", false)): null

24-10-2024T07:13:49 - [MESSAGE][PASSED] - Text 'Email Address:' is present on page 

24-10-2024T07:13:49 - [TEST_STEP][PASSED] - isRequiredTextPresent = true: null

24-10-2024T07:13:49 - [TEST_STEP][PASSED] - if (isRequiredTextPresent): null

24-10-2024T07:13:49 - [TEST_STEP][PASSED] - if (verifyTextPresent("Is this information correct?", false)): null

24-10-2024T07:13:49 - [MESSAGE][PASSED] - Text 'Is this information correct?' is present on page 

24-10-2024T07:13:49 - [TEST_STEP][PASSED] - isRequiredTextPresent = true: null

24-10-2024T07:13:49 - [TEST_STEP][ERROR] - if (isRequiredTextPresent == true): Test Cases/IntegratedWeb/IWP25/Payments/VerifyConfirmPageLabelsCorp FAILED.
Reason:
com.kms.katalon.core.exception.StepErrorException: org.codehaus.groovy.runtime.InvokerInvocationException: java.io.FileNotFoundException: KatalonData\IWPTestData\VRelay25Payments.xlsx (The process cannot access the file because it is being used by another process)
	at com.kms.katalon.core.main.CustomKeywordDelegatingMetaClass.throwError(CustomKeywordDelegatingMetaClass.java:101)
	at com.kms.katalon.core.main.CustomKeywordDelegatingMetaClass.invokeStaticMethod(CustomKeywordDelegatingMetaClass.java:73)
	at VerifyConfirmPageLabelsCorp.run(VerifyConfirmPageLabelsCorp:327)
	at com.kms.katalon.core.main.ScriptEngine.run(ScriptEngine.java:194)
	at com.kms.katalon.core.main.ScriptEngine.runScriptAsRawText(ScriptEngine.java:119)
	at com.kms.katalon.core.main.TestCaseExecutor.runScript(TestCaseExecutor.java:448)
	at com.kms.katalon.core.main.TestCaseExecutor.doExecute(TestCaseExecutor.java:439)
	at com.kms.katalon.core.main.TestCaseExecutor.processExecutionPhase(TestCaseExecutor.java:418)
	at com.kms.katalon.core.main.TestCaseExecutor.accessMainPhase(TestCaseExecutor.java:410)
	at com.kms.katalon.core.main.TestCaseExecutor.execute(TestCaseExecutor.java:285)
	at com.kms.katalon.core.common.CommonExecutor.accessTestCaseMainPhase(CommonExecutor.java:65)
	at com.kms.katalon.core.main.TestSuiteExecutor.accessTestSuiteMainPhase(TestSuiteExecutor.java:150)
	at com.kms.katalon.core.main.TestSuiteExecutor.execute(TestSuiteExecutor.java:106)
	at com.kms.katalon.core.main.TestCaseMain.startTestSuite(TestCaseMain.java:180)
	at TempTestSuite1729731001385.run(TempTestSuite1729731001385.groovy:35)
	at java.base/jdk.internal.reflect.NativeMethodAccessorImpl.invoke0(Native Method)
	at java.base/jdk.internal.reflect.NativeMethodAccessorImpl.invoke(NativeMethodAccessorImpl.java:77)
	at java.base/jdk.internal.reflect.DelegatingMethodAccessorImpl.invoke(DelegatingMethodAccessorImpl.java:43)
Caused by: org.codehaus.groovy.runtime.InvokerInvocationException: java.io.FileNotFoundException: KatalonData\IWPTestData\VRelay25Payments.xlsx (The process cannot access the file because it is being used by another process)
	at com.kms.katalon.core.main.CustomKeywordDelegatingMetaClass.invokeStaticMethod(CustomKeywordDelegatingMetaClass.java:55)
	at Script1724932989648.run(Script1724932989648.groovy:327)
	... 15 more
Caused by: java.io.FileNotFoundException: KatalonData\IWPTestData\VRelay25Payments.xlsx (The process cannot access the file because it is being used by another process)
	at pages.WriteExcel.demoKey(WriteExcel.groovy:93)
	at jdk.internal.reflect.GeneratedMethodAccessor43.invoke(Unknown Source)
	at java.base/jdk.internal.reflect.DelegatingMethodAccessorImpl.invoke(DelegatingMethodAccessorImpl.java:43)
	at com.kms.katalon.core.main.CustomKeywordDelegatingMetaClass.invokeStaticMethod(CustomKeywordDelegatingMetaClass.java:55)
	at VerifyConfirmPageLabelsCorp.run(VerifyConfirmPageLabelsCorp:327)
	... 15 more


24-10-2024T07:13:49 - [TEST_STEP][PASSED] - println("All the relevant texts are present on Confirm Page"): null

24-10-2024T07:13:49 - [TEST_STEP][PASSED] - markPassed("All the relevant texts are present on Confirm Page"): All the relevant texts are present on Confirm Page

24-10-2024T07:13:49 - [MESSAGE][PASSED] - All the relevant texts are present on Confirm Page

24-10-2024T07:13:49 - [TEST_STEP][PASSED] - resText = "Pass": null

24-10-2024T07:13:49 - [TEST_STEP][ERROR] - pages.WriteExcel.demoKey(resText, datText, resColumn, datCloumn, fileLoc, nameSheet, row): Test Cases/IntegratedWeb/IWP25/Payments/VerifyConfirmPageLabelsCorp FAILED.
Reason:
com.kms.katalon.core.exception.StepErrorException: org.codehaus.groovy.runtime.InvokerInvocationException: java.io.FileNotFoundException: KatalonData\IWPTestData\VRelay25Payments.xlsx (The process cannot access the file because it is being used by another process)
	at com.kms.katalon.core.main.CustomKeywordDelegatingMetaClass.throwError(CustomKeywordDelegatingMetaClass.java:101)
	at com.kms.katalon.core.main.CustomKeywordDelegatingMetaClass.invokeStaticMethod(CustomKeywordDelegatingMetaClass.java:73)
	at VerifyConfirmPageLabelsCorp.run(VerifyConfirmPageLabelsCorp:327)
	at com.kms.katalon.core.main.ScriptEngine.run(ScriptEngine.java:194)
	at com.kms.katalon.core.main.ScriptEngine.runScriptAsRawText(ScriptEngine.java:119)
	at com.kms.katalon.core.main.TestCaseExecutor.runScript(TestCaseExecutor.java:448)
	at com.kms.katalon.core.main.TestCaseExecutor.doExecute(TestCaseExecutor.java:439)
	at com.kms.katalon.core.main.TestCaseExecutor.processExecutionPhase(TestCaseExecutor.java:418)
	at com.kms.katalon.core.main.TestCaseExecutor.accessMainPhase(TestCaseExecutor.java:410)
	at com.kms.katalon.core.main.TestCaseExecutor.execute(TestCaseExecutor.java:285)
	at com.kms.katalon.core.common.CommonExecutor.accessTestCaseMainPhase(CommonExecutor.java:65)
	at com.kms.katalon.core.main.TestSuiteExecutor.accessTestSuiteMainPhase(TestSuiteExecutor.java:150)
	at com.kms.katalon.core.main.TestSuiteExecutor.execute(TestSuiteExecutor.java:106)
	at com.kms.katalon.core.main.TestCaseMain.startTestSuite(TestCaseMain.java:180)
	at TempTestSuite1729731001385.run(TempTestSuite1729731001385.groovy:35)
	at java.base/jdk.internal.reflect.NativeMethodAccessorImpl.invoke0(Native Method)
	at java.base/jdk.internal.reflect.NativeMethodAccessorImpl.invoke(NativeMethodAccessorImpl.java:77)
	at java.base/jdk.internal.reflect.DelegatingMethodAccessorImpl.invoke(DelegatingMethodAccessorImpl.java:43)
Caused by: org.codehaus.groovy.runtime.InvokerInvocationException: java.io.FileNotFoundException: KatalonData\IWPTestData\VRelay25Payments.xlsx (The process cannot access the file because it is being used by another process)
	at com.kms.katalon.core.main.CustomKeywordDelegatingMetaClass.invokeStaticMethod(CustomKeywordDelegatingMetaClass.java:55)
	at Script1724932989648.run(Script1724932989648.groovy:327)
	... 15 more
Caused by: java.io.FileNotFoundException: KatalonData\IWPTestData\VRelay25Payments.xlsx (The process cannot access the file because it is being used by another process)
	at pages.WriteExcel.demoKey(WriteExcel.groovy:93)
	at jdk.internal.reflect.GeneratedMethodAccessor43.invoke(Unknown Source)
	at java.base/jdk.internal.reflect.DelegatingMethodAccessorImpl.invoke(DelegatingMethodAccessorImpl.java:43)
	at com.kms.katalon.core.main.CustomKeywordDelegatingMetaClass.invokeStaticMethod(CustomKeywordDelegatingMetaClass.java:55)
	at VerifyConfirmPageLabelsCorp.run(VerifyConfirmPageLabelsCorp:327)
	... 15 more


24-10-2024T07:13:49 - [MESSAGE][ERROR] - java.io.FileNotFoundException: KatalonData\IWPTestData\VRelay25Payments.xlsx (The process cannot access the file because it is being used by another process)

24-10-2024T07:13:49 - [MESSAGE][ERROR] - Test Cases/IntegratedWeb/IWP25/Payments/VerifyConfirmPageLabelsCorp FAILED.
Reason:
com.kms.katalon.core.exception.StepErrorException: org.codehaus.groovy.runtime.InvokerInvocationException: java.io.FileNotFoundException: KatalonData\IWPTestData\VRelay25Payments.xlsx (The process cannot access the file because it is being used by another process)
	at com.kms.katalon.core.main.CustomKeywordDelegatingMetaClass.throwError(CustomKeywordDelegatingMetaClass.java:101)
	at com.kms.katalon.core.main.CustomKeywordDelegatingMetaClass.invokeStaticMethod(CustomKeywordDelegatingMetaClass.java:73)
	at VerifyConfirmPageLabelsCorp.run(VerifyConfirmPageLabelsCorp:327)
	at com.kms.katalon.core.main.ScriptEngine.run(ScriptEngine.java:194)
	at com.kms.katalon.core.main.ScriptEngine.runScriptAsRawText(ScriptEngine.java:119)
	at com.kms.katalon.core.main.TestCaseExecutor.runScript(TestCaseExecutor.java:448)
	at com.kms.katalon.core.main.TestCaseExecutor.doExecute(TestCaseExecutor.java:439)
	at com.kms.katalon.core.main.TestCaseExecutor.processExecutionPhase(TestCaseExecutor.java:418)
	at com.kms.katalon.core.main.TestCaseExecutor.accessMainPhase(TestCaseExecutor.java:410)
	at com.kms.katalon.core.main.TestCaseExecutor.execute(TestCaseExecutor.java:285)
	at com.kms.katalon.core.common.CommonExecutor.accessTestCaseMainPhase(CommonExecutor.java:65)
	at com.kms.katalon.core.main.TestSuiteExecutor.accessTestSuiteMainPhase(TestSuiteExecutor.java:150)
	at com.kms.katalon.core.main.TestSuiteExecutor.execute(TestSuiteExecutor.java:106)
	at com.kms.katalon.core.main.TestCaseMain.startTestSuite(TestCaseMain.java:180)
	at TempTestSuite1729731001385.run(TempTestSuite1729731001385.groovy:35)
	at java.base/jdk.internal.reflect.NativeMethodAccessorImpl.invoke0(Native Method)
	at java.base/jdk.internal.reflect.NativeMethodAccessorImpl.invoke(NativeMethodAccessorImpl.java:77)
	at java.base/jdk.internal.reflect.DelegatingMethodAccessorImpl.invoke(DelegatingMethodAccessorImpl.java:43)
Caused by: org.codehaus.groovy.runtime.InvokerInvocationException: java.io.FileNotFoundException: KatalonData\IWPTestData\VRelay25Payments.xlsx (The process cannot access the file because it is being used by another process)
	at com.kms.katalon.core.main.CustomKeywordDelegatingMetaClass.invokeStaticMethod(CustomKeywordDelegatingMetaClass.java:55)
	at Script1724932989648.run(Script1724932989648.groovy:327)
	... 15 more
Caused by: java.io.FileNotFoundException: KatalonData\IWPTestData\VRelay25Payments.xlsx (The process cannot access the file because it is being used by another process)
	at pages.WriteExcel.demoKey(WriteExcel.groovy:93)
	at jdk.internal.reflect.GeneratedMethodAccessor43.invoke(Unknown Source)
	at java.base/jdk.internal.reflect.DelegatingMethodAccessorImpl.invoke(DelegatingMethodAccessorImpl.java:43)
	at com.kms.katalon.core.main.CustomKeywordDelegatingMetaClass.invokeStaticMethod(CustomKeywordDelegatingMetaClass.java:55)
	at VerifyConfirmPageLabelsCorp.run(VerifyConfirmPageLabelsCorp:327)
	... 15 more]]></system-out>
         <system-err><![CDATA[24-10-2024T07:12:10 - [TEST_CASE][ERROR] - Test Cases/IntegratedWeb/IWP25/Payments/VerifyConfirmPageLabelsCorp: Test Cases/IntegratedWeb/IWP25/Payments/VerifyConfirmPageLabelsCorp FAILED.
Reason:
org.codehaus.groovy.runtime.InvokerInvocationException: java.io.FileNotFoundException: KatalonData\IWPTestData\VRelay25Payments.xlsx (The process cannot access the file because it is being used by another process)
	at com.kms.katalon.core.main.CustomKeywordDelegatingMetaClass.invokeStaticMethod(CustomKeywordDelegatingMetaClass.java:55)
	at VerifyConfirmPageLabelsCorp.run(VerifyConfirmPageLabelsCorp:327)
	at com.kms.katalon.core.main.ScriptEngine.run(ScriptEngine.java:194)
	at com.kms.katalon.core.main.ScriptEngine.runScriptAsRawText(ScriptEngine.java:119)
	at com.kms.katalon.core.main.TestCaseExecutor.runScript(TestCaseExecutor.java:448)
	at com.kms.katalon.core.main.TestCaseExecutor.doExecute(TestCaseExecutor.java:439)
	at com.kms.katalon.core.main.TestCaseExecutor.processExecutionPhase(TestCaseExecutor.java:418)
	at com.kms.katalon.core.main.TestCaseExecutor.accessMainPhase(TestCaseExecutor.java:410)
	at com.kms.katalon.core.main.TestCaseExecutor.execute(TestCaseExecutor.java:285)
	at com.kms.katalon.core.common.CommonExecutor.accessTestCaseMainPhase(CommonExecutor.java:65)
	at com.kms.katalon.core.main.TestSuiteExecutor.accessTestSuiteMainPhase(TestSuiteExecutor.java:150)
	at com.kms.katalon.core.main.TestSuiteExecutor.execute(TestSuiteExecutor.java:106)
	at com.kms.katalon.core.main.TestCaseMain.startTestSuite(TestCaseMain.java:180)
	at TempTestSuite1729731001385.run(TempTestSuite1729731001385.groovy:35)
	at java.base/jdk.internal.reflect.NativeMethodAccessorImpl.invoke0(Native Method)
	at java.base/jdk.internal.reflect.NativeMethodAccessorImpl.invoke(NativeMethodAccessorImpl.java:77)
	at java.base/jdk.internal.reflect.DelegatingMethodAccessorImpl.invoke(DelegatingMethodAccessorImpl.java:43)
Caused by: java.io.FileNotFoundException: KatalonData\IWPTestData\VRelay25Payments.xlsx (The process cannot access the file because it is being used by another process)
	at pages.WriteExcel.demoKey(WriteExcel.groovy:93)
	at jdk.internal.reflect.GeneratedMethodAccessor43.invoke(Unknown Source)
	at java.base/jdk.internal.reflect.DelegatingMethodAccessorImpl.invoke(DelegatingMethodAccessorImpl.java:43)
	... 17 more]]></system-err>
      </testcase>
      <testcase name="Test Cases/IntegratedWeb/IWP25/Payments/VerifyConfirmPageLabelsPC" time="211.326" classname="Test Cases/IntegratedWeb/IWP25/Payments/VerifyConfirmPageLabelsPC" status="PASSED">
         <system-out><![CDATA[24-10-2024T07:13:49 - [TEST_CASE][PASSED] - Test Cases/IntegratedWeb/IWP25/Payments/VerifyConfirmPageLabelsPC: Test Cases/IntegratedWeb/IWP25/Payments/VerifyConfirmPageLabelsPC

24-10-2024T07:13:49 - [TEST_STEP][PASSED] - resText = "Fail": null

24-10-2024T07:13:49 - [TEST_STEP][PASSED] - resColumn = "Result": null

24-10-2024T07:13:49 - [TEST_STEP][PASSED] - datCloumn = "Date": null

24-10-2024T07:13:49 - [TEST_STEP][PASSED] - fileLoc = "KatalonData/IWPTestData/VRelay25Payments.xlsx": null

24-10-2024T07:13:49 - [TEST_STEP][PASSED] - numOfRows = <not implemented yet for class: org.codehaus.groovy.ast.expr.EmptyExpression>: null

24-10-2024T07:13:49 - [TEST_STEP][PASSED] - dataFile = <not implemented yet for class: org.codehaus.groovy.ast.expr.EmptyExpression>: null

24-10-2024T07:13:49 - [TEST_STEP][PASSED] - nameSheet = <not implemented yet for class: org.codehaus.groovy.ast.expr.EmptyExpression>: null

24-10-2024T07:13:49 - [TEST_STEP][PASSED] - dataFileEmulator = <not implemented yet for class: org.codehaus.groovy.ast.expr.EmptyExpression>: null

24-10-2024T07:13:49 - [TEST_STEP][PASSED] - isRequiredTextPresent = false: null

24-10-2024T07:13:49 - [TEST_STEP][PASSED] - nameSheet = "VerifyConfirmPageLabelsPC": null

24-10-2024T07:13:49 - [TEST_STEP][PASSED] - dataFile = "IWPTestData/IWP25VerifyConfirmPageLabelsPC": null

24-10-2024T07:13:49 - [TEST_STEP][PASSED] - dataFileEmulator = "IWPTestData/EmulatorData": null

24-10-2024T07:13:49 - [TEST_STEP][PASSED] - numOfRows = findTestData(dataFile).getRowNumbers(): null

24-10-2024T07:13:49 - [TEST_STEP][PASSED] - println("Number of Records: " + numOfRows): null

24-10-2024T07:13:49 - [TEST_STEP][PASSED] - for ([row = 1, row <= numOfRows, (row++)]): Browser is closed

24-10-2024T07:13:49 - [TEST_STEP][PASSED] - ExecuteTC = findTestData(dataFile).getValue("Execute", row): null

24-10-2024T07:13:49 - [TEST_STEP][PASSED] - out.println("Value of Execute is : " + ExecuteTC): null

24-10-2024T07:13:49 - [TEST_STEP][PASSED] - if (ExecuteTC.equalsIgnoreCase("Y")): null

24-10-2024T07:13:49 - [TEST_STEP][PASSED] - out.println("Begin Record Number: " + row): null

24-10-2024T07:13:49 - [TEST_STEP][PASSED] - today = new java.util.Date(): null

24-10-2024T07:13:49 - [TEST_STEP][PASSED] - println(today): null

24-10-2024T07:13:49 - [TEST_STEP][PASSED] - datText = today: null

24-10-2024T07:13:49 - [TEST_STEP][PASSED] - EmulatorDataKey = findTestData(dataFile).getValue("EmulatorData", row): null

24-10-2024T07:13:49 - [TEST_STEP][PASSED] - out.println("Value of Emulator Key is : " + EmulatorDataKey): null

24-10-2024T07:13:49 - [TEST_STEP][PASSED] - iwpPages.emulatorIWP30.setDataEmulator_DD(EmulatorDataKey): iwpPages.emulatorIWP30.setDataEmulator_DD is PASSED

24-10-2024T07:13:50 - [MESSAGE][WARNING] - A browser is already opened. Closing browser and opening a new one

24-10-2024T07:13:50 - [MESSAGE][INFO] - Starting 'Edge Chromium' driver

24-10-2024T07:13:50 - [MESSAGE][INFO] - User set preference: ['acceptInsecureCerts', 'true']

24-10-2024T07:13:52 - [MESSAGE][INFO] - Action delay is set to 0 milliseconds

24-10-2024T07:13:55 - [MESSAGE][PASSED] - Browser is opened with url: 'https://qa2.velocitypayment.com/agencyx/config.action?action=editor&message_version=2_5'

24-10-2024T07:13:56 - [MESSAGE][PASSED] - Current window maximized

24-10-2024T07:14:28 - [MESSAGE][INFO] - Unable to find the element located by 'By.xpath: //select[@name='message_version']'. Please recheck the objects properties to make sure the desired element is located. 

24-10-2024T07:14:28 - [MESSAGE][WARNING] - [SELF-HEALING] Failed to find element with id 'Object Repository/IWP30/Page_VRelay30Emulator/MV'. Try using Self-healing.

24-10-2024T07:14:28 - [MESSAGE][WARNING] - [SELF-HEALING] The current locator of test object 'Object Repository/IWP30/Page_VRelay30Emulator/MV' was broken. Propose an alternative one: '(.//*[normalize-space(text()) and normalize-space(.)='Message Version'])[1]/following::select[1]'.

24-10-2024T07:14:28 - [MESSAGE][PASSED] - All options with value '2.5' are selected in object 'Object Repository/IWP30/Page_VRelay30Emulator/MV'  using regular expression

24-10-2024T07:14:29 - [MESSAGE][PASSED] - Text '10.50' is set on object 'Object Repository/IWP30/Page_EmulatorAgencyX/Amount'

24-10-2024T07:14:30 - [MESSAGE][PASSED] - Text '2BjOpTlla1YO' is set on object 'Object Repository/IWP30/Page_EmulatorAgencyX/CAN'

24-10-2024T07:14:30 - [MESSAGE][PASSED] - Text 'PayNow' is set on object 'Object Repository/IWP30/Page_EmulatorAgencyX/Action'

24-10-2024T07:14:31 - [MESSAGE][PASSED] - Text 'en_US' is set on object 'Object Repository/IWP30/Page_EmulatorAgencyX/Lang'

24-10-2024T07:14:31 - [MESSAGE][PASSED] - Text '' is set on object 'Object Repository/IWP30/Page_EmulatorAgencyX/Fname'

24-10-2024T07:14:32 - [MESSAGE][PASSED] - Text '' is set on object 'Object Repository/IWP30/Page_EmulatorAgencyX/Lname'

24-10-2024T07:14:32 - [MESSAGE][PASSED] - Text '' is set on object 'Object Repository/IWP30/Page_EmulatorAgencyX/AL1'

24-10-2024T07:14:33 - [MESSAGE][PASSED] - Text '' is set on object 'Object Repository/IWP30/Page_EmulatorAgencyX/AL2'

24-10-2024T07:14:34 - [MESSAGE][PASSED] - Text '' is set on object 'Object Repository/IWP30/Page_EmulatorAgencyX/Country'

24-10-2024T07:14:34 - [MESSAGE][PASSED] - Text '' is set on object 'Object Repository/IWP30/Page_EmulatorAgencyX/City'

24-10-2024T07:14:35 - [MESSAGE][PASSED] - Text '' is set on object 'Object Repository/IWP30/Page_EmulatorAgencyX/State'

24-10-2024T07:14:35 - [MESSAGE][PASSED] - Text '' is set on object 'Object Repository/IWP30/Page_EmulatorAgencyX/ZIP'

24-10-2024T07:14:36 - [MESSAGE][PASSED] - Text '' is set on object 'Object Repository/IWP30/Page_EmulatorAgencyX/Order'

24-10-2024T07:14:36 - [MESSAGE][PASSED] - Text '' is set on object 'Object Repository/IWP30/Page_EmulatorAgencyX/Company'

24-10-2024T07:14:37 - [MESSAGE][PASSED] - Text '' is set on object 'Object Repository/IWP30/Page_EmulatorAgencyX/Email'

24-10-2024T07:14:38 - [MESSAGE][PASSED] - Text '' is set on object 'Object Repository/IWP30/Page_EmulatorAgencyX/UDF1'

24-10-2024T07:14:38 - [MESSAGE][PASSED] - Text '' is set on object 'Object Repository/IWP30/Page_EmulatorAgencyX/UDF2'

24-10-2024T07:14:39 - [MESSAGE][PASSED] - Text '' is set on object 'Object Repository/IWP30/Page_EmulatorAgencyX/UDF3'

24-10-2024T07:14:39 - [MESSAGE][PASSED] - Text 'udf data 4' is set on object 'Object Repository/IWP30/Page_EmulatorAgencyX/UDF4'

24-10-2024T07:14:40 - [MESSAGE][PASSED] - Text 'udf data 5' is set on object 'Object Repository/IWP30/Page_EmulatorAgencyX/UDF5'

24-10-2024T07:14:40 - [MESSAGE][PASSED] - Text '' is set on object 'Object Repository/IWP30/Page_EmulatorAgencyX/UDF6'

24-10-2024T07:14:41 - [MESSAGE][PASSED] - Text '' is set on object 'Object Repository/IWP30/Page_EmulatorAgencyX/UDF7'

24-10-2024T07:14:42 - [MESSAGE][PASSED] - Text '' is set on object 'Object Repository/IWP30/Page_EmulatorAgencyX/UDF8'

24-10-2024T07:14:42 - [MESSAGE][PASSED] - Text 'udf data 9' is set on object 'Object Repository/IWP30/Page_EmulatorAgencyX/UDF9'

24-10-2024T07:14:43 - [MESSAGE][PASSED] - Text 'udf data 10' is set on object 'Object Repository/IWP30/Page_EmulatorAgencyX/UDF10'

24-10-2024T07:14:44 - [MESSAGE][PASSED] - Object: 'Object Repository/IWP30/Page_EmulatorAgencyX/Submit' is clicked on

24-10-2024T07:14:49 - [MESSAGE][PASSED] - Browser is closed

24-10-2024T07:14:53 - [MESSAGE][PASSED] - iwpPages.emulatorIWP30.setDataEmulator_DD is PASSED

24-10-2024T07:14:53 - [TEST_STEP][PASSED] - testHarnessURL = urlTestHarness: null

24-10-2024T07:14:53 - [TEST_STEP][PASSED] - openBrowser(testHarnessURL): Browser is opened with url: 'https://dev-algorithm.govolution.com/vrelaytest/QA2/version_2_2/vrelaytest.html'

24-10-2024T07:14:53 - [MESSAGE][INFO] - Starting 'Edge Chromium' driver

24-10-2024T07:14:53 - [MESSAGE][INFO] - User set preference: ['acceptInsecureCerts', 'true']

24-10-2024T07:14:55 - [MESSAGE][INFO] - Action delay is set to 0 milliseconds

24-10-2024T07:14:58 - [MESSAGE][PASSED] - Browser is opened with url: 'https://dev-algorithm.govolution.com/vrelaytest/QA2/version_2_2/vrelaytest.html'

24-10-2024T07:14:58 - [TEST_STEP][PASSED] - maximizeWindow(): Current window maximized

24-10-2024T07:14:59 - [MESSAGE][PASSED] - Current window maximized

24-10-2024T07:14:59 - [TEST_STEP][PASSED] - iwpPages.TestHarnessPage.setDataMethod(row, dataFile): iwpPages.TestHarnessPage.setDataMethod is PASSED

24-10-2024T07:14:59 - [MESSAGE][PASSED] - Object 'Object Repository/IWP30/Page_QATestHarness/RemittanceID' is present

24-10-2024T07:14:59 - [MESSAGE][PASSED] - Text '638' is set on object 'Object Repository/IWP30/Page_QATestHarness/ApplicationID'

24-10-2024T07:15:00 - [MESSAGE][PASSED] - Text '2.5' is set on object 'Object Repository/IWP30/Page_QATestHarness/MessageVersion'

24-10-2024T07:15:01 - [MESSAGE][PASSED] - Text 'p4gnVtQ7srra' is set on object 'Object Repository/IWP30/Page_QATestHarness/RemittanceID'

24-10-2024T07:15:05 - [MESSAGE][PASSED] - Object: 'Object Repository/IWP30/Page_QATestHarness/SubmitButton' is clicked on

24-10-2024T07:15:05 - [MESSAGE][PASSED] - iwpPages.TestHarnessPage.setDataMethod is PASSED

24-10-2024T07:15:05 - [TEST_STEP][PASSED] - click(findTestObject("Object Repository/IWP30/Page_SelectPaymentMethod/PayByPersonalCheck")): Object: 'Object Repository/IWP30/Page_SelectPaymentMethod/PayByPersonalCheck' is clicked on

24-10-2024T07:15:06 - [MESSAGE][PASSED] - Object: 'Object Repository/IWP30/Page_SelectPaymentMethod/PayByPersonalCheck' is clicked on

24-10-2024T07:15:06 - [TEST_STEP][PASSED] - click(findTestObject("Object Repository/IWP30/Page_SelectPaymentMethod/MakePaymentButton")): Object: 'Object Repository/IWP30/Page_SelectPaymentMethod/MakePaymentButton' is clicked on

24-10-2024T07:15:08 - [MESSAGE][PASSED] - Object: 'Object Repository/IWP30/Page_SelectPaymentMethod/MakePaymentButton' is clicked on

24-10-2024T07:15:08 - [TEST_STEP][PASSED] - iwpPages.achPersonalPaymentEntryPage.setDataACHPPM(row, dataFile): iwpPages.achPersonalPaymentEntryPage.setDataACHPPM is PASSED

24-10-2024T07:15:09 - [MESSAGE][PASSED] - Object 'Object Repository/IWP30/Page_ACHPersonalPaymentEntry/txt_accountNumber' is present

24-10-2024T07:15:10 - [MESSAGE][PASSED] - Text '10.50' is set on object 'Object Repository/IWP30/Page_ACHPersonalPaymentEntry/txt_Amount'

24-10-2024T07:15:10 - [MESSAGE][PASSED] - Object 'Object Repository/IWP30/Page_ACHPersonalPaymentEntry/txt_UDF2' is present

24-10-2024T07:15:11 - [MESSAGE][PASSED] - Text 'udf data 2' is set on object 'Object Repository/IWP30/Page_ACHPersonalPaymentEntry/txt_UDF2'

24-10-2024T07:15:11 - [MESSAGE][PASSED] - Text 'udf data 3' is set on object 'Object Repository/IWP30/Page_ACHPersonalPaymentEntry/txt_UDF3'

24-10-2024T07:15:12 - [MESSAGE][PASSED] - All options with label 'Orange' are selected in object 'Object Repository/IWP30/Page_ACHPersonalPaymentEntry/dd_UDF7' 

24-10-2024T07:15:12 - [MESSAGE][PASSED] - All options with label 'Soccer' are selected in object 'Object Repository/IWP30/Page_ACHPersonalPaymentEntry/dd_UDF8' 

24-10-2024T07:15:13 - [MESSAGE][PASSED] - Object 'Object Repository/IWP30/Page_ACHPersonalPaymentEntry/txt_Firstname' is present

24-10-2024T07:15:13 - [MESSAGE][PASSED] - Text 'Curlonty' is set on object 'Object Repository/IWP30/Page_ACHPersonalPaymentEntry/txt_Firstname'

24-10-2024T07:15:13 - [MESSAGE][PASSED] - Object 'Object Repository/IWP30/Page_ACHPersonalPaymentEntry/txt_Lastname' is present

24-10-2024T07:15:14 - [MESSAGE][PASSED] - Text 'Lachuga' is set on object 'Object Repository/IWP30/Page_ACHPersonalPaymentEntry/txt_Lastname'

24-10-2024T07:15:14 - [MESSAGE][PASSED] - Object 'Object Repository/IWP30/Page_ACHPersonalPaymentEntry/txt_routingNumber' is present

24-10-2024T07:15:15 - [MESSAGE][PASSED] - Text '256072691' is set on object 'Object Repository/IWP30/Page_ACHPersonalPaymentEntry/txt_routingNumber'

24-10-2024T07:15:15 - [MESSAGE][PASSED] - Object 'Object Repository/IWP30/Page_ACHPersonalPaymentEntry/txt_accountNumber' is present

24-10-2024T07:15:17 - [MESSAGE][PASSED] - Text '12342222' is set on object 'Object Repository/IWP30/Page_ACHPersonalPaymentEntry/txt_accountNumber'

24-10-2024T07:15:17 - [MESSAGE][PASSED] - Object 'Object Repository/IWP30/Page_ACHPersonalPaymentEntry/txt_confirmAccountNumber' is present

24-10-2024T07:15:17 - [MESSAGE][PASSED] - Text '12342222' is set on object 'Object Repository/IWP30/Page_ACHPersonalPaymentEntry/txt_confirmAccountNumber'

24-10-2024T07:15:18 - [MESSAGE][PASSED] - Object 'Object Repository/IWP30/Page_ACHPersonalPaymentEntry/rd_accountType' is present

24-10-2024T07:15:18 - [MESSAGE][PASSED] - Modify property of object successfully

24-10-2024T07:15:18 - [MESSAGE][PASSED] - Object: 'Object Repository/IWP30/Page_ACHPersonalPaymentEntry/rd_accountType' is clicked on

24-10-2024T07:15:19 - [MESSAGE][PASSED] - Text '365 Main Avenue' is set on object 'Object Repository/IWP30/Page_ACHPersonalPaymentEntry/txt_AL1'

24-10-2024T07:15:19 - [MESSAGE][PASSED] - Text '22201' is set on object 'Object Repository/IWP30/Page_ACHPersonalPaymentEntry/txt_ZIP'

24-10-2024T07:15:20 - [MESSAGE][PASSED] - Object 'Object Repository/IWP30/Page_ACHPersonalPaymentEntry/txt_Email' is present

24-10-2024T07:15:21 - [MESSAGE][PASSED] - Text 'iahmed@govolution.com' is set on object 'Object Repository/IWP30/Page_ACHPersonalPaymentEntry/txt_Email'

24-10-2024T07:15:21 - [MESSAGE][PASSED] - Object 'Object Repository/IWP30/Page_ACHPersonalPaymentEntry/cb_TermsAndCond' is present

24-10-2024T07:15:21 - [MESSAGE][PASSED] - Object: 'Object Repository/IWP30/Page_ACHPersonalPaymentEntry/cb_TermsAndCond' is clicked on

24-10-2024T07:15:22 - [MESSAGE][PASSED] - Object 'Object Repository/IWP30/Page_ACHPersonalPaymentEntry/btn_Continue' is present

24-10-2024T07:15:23 - [MESSAGE][PASSED] - Object: 'Object Repository/IWP30/Page_ACHPersonalPaymentEntry/btn_Continue' is clicked on

24-10-2024T07:15:23 - [MESSAGE][PASSED] - iwpPages.achPersonalPaymentEntryPage.setDataACHPPM is PASSED

24-10-2024T07:15:23 - [TEST_STEP][PASSED] - Thread.sleep(5000): null

24-10-2024T07:15:28 - [TEST_STEP][PASSED] - if (verifyTextPresent("Make a Real Estate Payment", false)): null

24-10-2024T07:15:28 - [MESSAGE][PASSED] - Text 'Make a Real Estate Payment' is present on page 

24-10-2024T07:15:28 - [TEST_STEP][PASSED] - isRequiredTextPresent = true: null

24-10-2024T07:15:28 - [TEST_STEP][PASSED] - println(isRequiredTextPresent): null

24-10-2024T07:15:28 - [TEST_STEP][PASSED] - if (isRequiredTextPresent): null

24-10-2024T07:15:28 - [TEST_STEP][PASSED] - if (verifyTextPresent("Confirm Payment Information", false)): null

24-10-2024T07:15:29 - [MESSAGE][PASSED] - Text 'Confirm Payment Information' is present on page 

24-10-2024T07:15:29 - [TEST_STEP][PASSED] - isRequiredTextPresent = true: null

24-10-2024T07:15:29 - [TEST_STEP][PASSED] - println(isRequiredTextPresent): null

24-10-2024T07:15:29 - [TEST_STEP][PASSED] - if (isRequiredTextPresent): null

24-10-2024T07:15:29 - [TEST_STEP][PASSED] - if (verifyTextPresent("Please verify the following information:", false)): null

24-10-2024T07:15:29 - [MESSAGE][PASSED] - Text 'Please verify the following information:' is present on page 

24-10-2024T07:15:29 - [TEST_STEP][PASSED] - isRequiredTextPresent = true: null

24-10-2024T07:15:29 - [TEST_STEP][PASSED] - if (isRequiredTextPresent): null

24-10-2024T07:15:29 - [TEST_STEP][PASSED] - if (verifyTextPresent("Payment Information:", false)): null

24-10-2024T07:15:29 - [MESSAGE][PASSED] - Text 'Payment Information:' is present on page 

24-10-2024T07:15:29 - [TEST_STEP][PASSED] - isRequiredTextPresent = true: null

24-10-2024T07:15:29 - [TEST_STEP][PASSED] - if (isRequiredTextPresent): null

24-10-2024T07:15:29 - [TEST_STEP][PASSED] - if (verifyTextPresent("Tax Amount:", false)): null

24-10-2024T07:15:29 - [MESSAGE][PASSED] - Text 'Tax Amount:' is present on page 

24-10-2024T07:15:29 - [TEST_STEP][PASSED] - isRequiredTextPresent = true: null

24-10-2024T07:15:29 - [TEST_STEP][PASSED] - if (isRequiredTextPresent): null

24-10-2024T07:15:29 - [TEST_STEP][PASSED] - if (verifyTextPresent("Amount:", false)): null

24-10-2024T07:15:30 - [MESSAGE][PASSED] - Text 'Amount:' is present on page 

24-10-2024T07:15:30 - [TEST_STEP][PASSED] - isRequiredTextPresent = true: null

24-10-2024T07:15:30 - [TEST_STEP][PASSED] - if (isRequiredTextPresent): null

24-10-2024T07:15:30 - [TEST_STEP][PASSED] - if (verifyTextPresent("UDF2 Label:", false)): null

24-10-2024T07:15:30 - [MESSAGE][PASSED] - Text 'UDF2 Label:' is present on page 

24-10-2024T07:15:30 - [TEST_STEP][PASSED] - isRequiredTextPresent = true: null

24-10-2024T07:15:30 - [TEST_STEP][PASSED] - if (isRequiredTextPresent): null

24-10-2024T07:15:30 - [TEST_STEP][PASSED] - if (verifyTextPresent("UDF3 Label:", false)): null

24-10-2024T07:15:30 - [MESSAGE][PASSED] - Text 'UDF3 Label:' is present on page 

24-10-2024T07:15:30 - [TEST_STEP][PASSED] - isRequiredTextPresent = true: null

24-10-2024T07:15:30 - [TEST_STEP][PASSED] - if (isRequiredTextPresent): null

24-10-2024T07:15:30 - [TEST_STEP][PASSED] - if (verifyTextPresent("UDF4 Label:", false)): null

24-10-2024T07:15:31 - [MESSAGE][PASSED] - Text 'UDF4 Label:' is present on page 

24-10-2024T07:15:31 - [TEST_STEP][PASSED] - isRequiredTextPresent = true: null

24-10-2024T07:15:31 - [TEST_STEP][PASSED] - if (isRequiredTextPresent): null

24-10-2024T07:15:31 - [TEST_STEP][PASSED] - if (verifyTextPresent("UDF7 Label:", false)): null

24-10-2024T07:15:31 - [MESSAGE][PASSED] - Text 'UDF7 Label:' is present on page 

24-10-2024T07:15:31 - [TEST_STEP][PASSED] - isRequiredTextPresent = true: null

24-10-2024T07:15:31 - [TEST_STEP][PASSED] - if (isRequiredTextPresent): null

24-10-2024T07:15:31 - [TEST_STEP][PASSED] - if (verifyTextPresent("UDF8 Label:", false)): null

24-10-2024T07:15:31 - [MESSAGE][PASSED] - Text 'UDF8 Label:' is present on page 

24-10-2024T07:15:31 - [TEST_STEP][PASSED] - isRequiredTextPresent = true: null

24-10-2024T07:15:31 - [TEST_STEP][PASSED] - if (isRequiredTextPresent): null

24-10-2024T07:15:31 - [TEST_STEP][PASSED] - if (verifyTextPresent("UDF9 Label:", false)): null

24-10-2024T07:15:31 - [MESSAGE][PASSED] - Text 'UDF9 Label:' is present on page 

24-10-2024T07:15:31 - [TEST_STEP][PASSED] - isRequiredTextPresent = true: null

24-10-2024T07:15:31 - [TEST_STEP][PASSED] - if (isRequiredTextPresent): null

24-10-2024T07:15:31 - [TEST_STEP][PASSED] - if (verifyTextPresent("UDF9 Label:", false)): null

24-10-2024T07:15:32 - [MESSAGE][PASSED] - Text 'UDF9 Label:' is present on page 

24-10-2024T07:15:32 - [TEST_STEP][PASSED] - isRequiredTextPresent = true: null

24-10-2024T07:15:32 - [TEST_STEP][PASSED] - if (isRequiredTextPresent): null

24-10-2024T07:15:32 - [TEST_STEP][PASSED] - if (verifyTextPresent("Account Information:", false)): null

24-10-2024T07:15:32 - [MESSAGE][PASSED] - Text 'Account Information:' is present on page 

24-10-2024T07:15:32 - [TEST_STEP][PASSED] - isRequiredTextPresent = true: null

24-10-2024T07:15:32 - [TEST_STEP][PASSED] - if (isRequiredTextPresent): null

24-10-2024T07:15:32 - [TEST_STEP][PASSED] - if (verifyTextPresent("First Name on Check:", false)): null

24-10-2024T07:15:32 - [MESSAGE][PASSED] - Text 'First Name on Check:' is present on page 

24-10-2024T07:15:32 - [TEST_STEP][PASSED] - isRequiredTextPresent = true: null

24-10-2024T07:15:32 - [TEST_STEP][PASSED] - if (isRequiredTextPresent): null

24-10-2024T07:15:32 - [TEST_STEP][PASSED] - if (verifyTextPresent("Last Name on Check:", false)): null

24-10-2024T07:15:33 - [MESSAGE][PASSED] - Text 'Last Name on Check:' is present on page 

24-10-2024T07:15:33 - [TEST_STEP][PASSED] - isRequiredTextPresent = true: null

24-10-2024T07:15:33 - [TEST_STEP][PASSED] - if (isRequiredTextPresent): null

24-10-2024T07:15:33 - [TEST_STEP][PASSED] - if (verifyTextPresent("Routing Transit Number:", false)): null

24-10-2024T07:15:33 - [MESSAGE][PASSED] - Text 'Routing Transit Number:' is present on page 

24-10-2024T07:15:33 - [TEST_STEP][PASSED] - isRequiredTextPresent = true: null

24-10-2024T07:15:33 - [TEST_STEP][PASSED] - if (isRequiredTextPresent): null

24-10-2024T07:15:33 - [TEST_STEP][PASSED] - if (verifyTextPresent("Account Number:", false)): null

24-10-2024T07:15:33 - [MESSAGE][PASSED] - Text 'Account Number:' is present on page 

24-10-2024T07:15:33 - [TEST_STEP][PASSED] - isRequiredTextPresent = true: null

24-10-2024T07:15:33 - [TEST_STEP][PASSED] - if (isRequiredTextPresent): null

24-10-2024T07:15:33 - [TEST_STEP][PASSED] - if (verifyTextPresent("Type of Account:", false)): null

24-10-2024T07:15:34 - [MESSAGE][PASSED] - Text 'Type of Account:' is present on page 

24-10-2024T07:15:34 - [TEST_STEP][PASSED] - isRequiredTextPresent = true: null

24-10-2024T07:15:34 - [TEST_STEP][PASSED] - if (isRequiredTextPresent): null

24-10-2024T07:15:34 - [TEST_STEP][PASSED] - if (verifyTextPresent("Payment Date:", false)): null

24-10-2024T07:15:34 - [MESSAGE][PASSED] - Text 'Payment Date:' is present on page 

24-10-2024T07:15:34 - [TEST_STEP][PASSED] - isRequiredTextPresent = true: null

24-10-2024T07:15:34 - [TEST_STEP][PASSED] - if (isRequiredTextPresent): null

24-10-2024T07:15:34 - [TEST_STEP][PASSED] - if (verifyTextPresent("Address Line 1:", false)): null

24-10-2024T07:15:34 - [MESSAGE][PASSED] - Text 'Address Line 1:' is present on page 

24-10-2024T07:15:34 - [TEST_STEP][PASSED] - isRequiredTextPresent = true: null

24-10-2024T07:15:34 - [TEST_STEP][PASSED] - if (isRequiredTextPresent): null

24-10-2024T07:15:34 - [TEST_STEP][PASSED] - if (verifyTextPresent("Country:", false)): null

24-10-2024T07:15:34 - [MESSAGE][PASSED] - Text 'Country:' is present on page 

24-10-2024T07:15:34 - [TEST_STEP][PASSED] - isRequiredTextPresent = true: null

24-10-2024T07:15:34 - [TEST_STEP][PASSED] - if (isRequiredTextPresent): null

24-10-2024T07:15:34 - [TEST_STEP][PASSED] - if (verifyTextPresent("City:", false)): null

24-10-2024T07:15:35 - [MESSAGE][PASSED] - Text 'City:' is present on page 

24-10-2024T07:15:35 - [TEST_STEP][PASSED] - isRequiredTextPresent = true: null

24-10-2024T07:15:35 - [TEST_STEP][PASSED] - if (isRequiredTextPresent): null

24-10-2024T07:15:35 - [TEST_STEP][PASSED] - if (verifyTextPresent("State:", false)): null

24-10-2024T07:15:35 - [MESSAGE][PASSED] - Text 'State:' is present on page 

24-10-2024T07:15:35 - [TEST_STEP][PASSED] - isRequiredTextPresent = true: null

24-10-2024T07:15:35 - [TEST_STEP][PASSED] - if (isRequiredTextPresent): null

24-10-2024T07:15:35 - [TEST_STEP][PASSED] - if (verifyTextPresent("ZIP Code:", false)): null

24-10-2024T07:15:35 - [MESSAGE][PASSED] - Text 'ZIP Code:' is present on page 

24-10-2024T07:15:35 - [TEST_STEP][PASSED] - isRequiredTextPresent = true: null

24-10-2024T07:15:35 - [TEST_STEP][PASSED] - if (isRequiredTextPresent): null

24-10-2024T07:15:35 - [TEST_STEP][PASSED] - if (verifyTextPresent("Email Address:", false)): null

24-10-2024T07:15:36 - [MESSAGE][PASSED] - Text 'Email Address:' is present on page 

24-10-2024T07:15:36 - [TEST_STEP][PASSED] - isRequiredTextPresent = true: null

24-10-2024T07:15:36 - [TEST_STEP][PASSED] - if (isRequiredTextPresent): null

24-10-2024T07:15:36 - [TEST_STEP][PASSED] - if (verifyTextPresent("Is this information correct?", false)): null

24-10-2024T07:15:36 - [MESSAGE][PASSED] - Text 'Is this information correct?' is present on page 

24-10-2024T07:15:36 - [TEST_STEP][PASSED] - isRequiredTextPresent = true: null

24-10-2024T07:15:36 - [TEST_STEP][PASSED] - closeBrowser(): Browser is closed

24-10-2024T07:15:36 - [MESSAGE][PASSED] - Browser is closed

24-10-2024T07:15:36 - [TEST_STEP][PASSED] - ExecuteTC = findTestData(dataFile).getValue("Execute", row): null

24-10-2024T07:15:36 - [TEST_STEP][PASSED] - out.println("Value of Execute is : " + ExecuteTC): null

24-10-2024T07:15:36 - [TEST_STEP][PASSED] - if (ExecuteTC.equalsIgnoreCase("Y")): null

24-10-2024T07:15:36 - [TEST_STEP][PASSED] - out.println("Begin Record Number: " + row): null

24-10-2024T07:15:36 - [TEST_STEP][PASSED] - today = new java.util.Date(): null

24-10-2024T07:15:36 - [TEST_STEP][PASSED] - println(today): null

24-10-2024T07:15:36 - [TEST_STEP][PASSED] - datText = today: null

24-10-2024T07:15:36 - [TEST_STEP][PASSED] - EmulatorDataKey = findTestData(dataFile).getValue("EmulatorData", row): null

24-10-2024T07:15:37 - [TEST_STEP][PASSED] - out.println("Value of Emulator Key is : " + EmulatorDataKey): null

24-10-2024T07:15:37 - [TEST_STEP][PASSED] - iwpPages.emulatorIWP30.setDataEmulator_DD(EmulatorDataKey): iwpPages.emulatorIWP30.setDataEmulator_DD is PASSED

24-10-2024T07:15:37 - [MESSAGE][INFO] - Starting 'Edge Chromium' driver

24-10-2024T07:15:37 - [MESSAGE][INFO] - User set preference: ['acceptInsecureCerts', 'true']

24-10-2024T07:15:39 - [MESSAGE][INFO] - Action delay is set to 0 milliseconds

24-10-2024T07:15:42 - [MESSAGE][PASSED] - Browser is opened with url: 'https://qa2.velocitypayment.com/agencyx/config.action?action=editor&message_version=3_0'

24-10-2024T07:15:43 - [MESSAGE][PASSED] - Current window maximized

24-10-2024T07:16:14 - [MESSAGE][INFO] - Unable to find the element located by 'By.xpath: //select[@name='message_version']'. Please recheck the objects properties to make sure the desired element is located. 

24-10-2024T07:16:14 - [MESSAGE][WARNING] - [SELF-HEALING] Failed to find element with id 'Object Repository/IWP30/Page_VRelay30Emulator/MV'. Try using Self-healing.

24-10-2024T07:16:14 - [MESSAGE][WARNING] - [SELF-HEALING] The current locator of test object 'Object Repository/IWP30/Page_VRelay30Emulator/MV' was broken. Propose an alternative one: '(.//*[normalize-space(text()) and normalize-space(.)='Message Version'])[1]/following::select[1]'.

24-10-2024T07:16:14 - [MESSAGE][PASSED] - All options with value '3.0' are selected in object 'Object Repository/IWP30/Page_VRelay30Emulator/MV'  using regular expression

24-10-2024T07:16:15 - [MESSAGE][PASSED] - Text '10.50' is set on object 'Object Repository/IWP30/Page_EmulatorAgencyX/Amount'

24-10-2024T07:16:16 - [MESSAGE][PASSED] - Text 'VaNhRrGGsS3G' is set on object 'Object Repository/IWP30/Page_EmulatorAgencyX/CAN'

24-10-2024T07:16:16 - [MESSAGE][PASSED] - Text 'PayNow' is set on object 'Object Repository/IWP30/Page_EmulatorAgencyX/Action'

24-10-2024T07:16:17 - [MESSAGE][PASSED] - Text 'en_US' is set on object 'Object Repository/IWP30/Page_EmulatorAgencyX/Lang'

24-10-2024T07:16:17 - [MESSAGE][PASSED] - Text '' is set on object 'Object Repository/IWP30/Page_EmulatorAgencyX/Fname'

24-10-2024T07:16:18 - [MESSAGE][PASSED] - Text '' is set on object 'Object Repository/IWP30/Page_EmulatorAgencyX/Lname'

24-10-2024T07:16:19 - [MESSAGE][PASSED] - Text '' is set on object 'Object Repository/IWP30/Page_EmulatorAgencyX/AL1'

24-10-2024T07:16:19 - [MESSAGE][PASSED] - Text '' is set on object 'Object Repository/IWP30/Page_EmulatorAgencyX/AL2'

24-10-2024T07:16:20 - [MESSAGE][PASSED] - Text '' is set on object 'Object Repository/IWP30/Page_EmulatorAgencyX/Country'

24-10-2024T07:16:20 - [MESSAGE][PASSED] - Text '' is set on object 'Object Repository/IWP30/Page_EmulatorAgencyX/City'

24-10-2024T07:16:21 - [MESSAGE][PASSED] - Text '' is set on object 'Object Repository/IWP30/Page_EmulatorAgencyX/State'

24-10-2024T07:16:21 - [MESSAGE][PASSED] - Text '' is set on object 'Object Repository/IWP30/Page_EmulatorAgencyX/ZIP'

24-10-2024T07:16:22 - [MESSAGE][PASSED] - Text '' is set on object 'Object Repository/IWP30/Page_EmulatorAgencyX/Order'

24-10-2024T07:16:23 - [MESSAGE][PASSED] - Text '' is set on object 'Object Repository/IWP30/Page_EmulatorAgencyX/Company'

24-10-2024T07:16:23 - [MESSAGE][PASSED] - Text '' is set on object 'Object Repository/IWP30/Page_EmulatorAgencyX/Email'

24-10-2024T07:16:24 - [MESSAGE][PASSED] - Text '' is set on object 'Object Repository/IWP30/Page_EmulatorAgencyX/UDF1'

24-10-2024T07:16:24 - [MESSAGE][PASSED] - Text '' is set on object 'Object Repository/IWP30/Page_EmulatorAgencyX/UDF2'

24-10-2024T07:16:25 - [MESSAGE][PASSED] - Text '' is set on object 'Object Repository/IWP30/Page_EmulatorAgencyX/UDF3'

24-10-2024T07:16:25 - [MESSAGE][PASSED] - Text 'udf data 4' is set on object 'Object Repository/IWP30/Page_EmulatorAgencyX/UDF4'

24-10-2024T07:16:26 - [MESSAGE][PASSED] - Text 'udf data 5' is set on object 'Object Repository/IWP30/Page_EmulatorAgencyX/UDF5'

24-10-2024T07:16:27 - [MESSAGE][PASSED] - Text '' is set on object 'Object Repository/IWP30/Page_EmulatorAgencyX/UDF6'

24-10-2024T07:16:27 - [MESSAGE][PASSED] - Text '' is set on object 'Object Repository/IWP30/Page_EmulatorAgencyX/UDF7'

24-10-2024T07:16:28 - [MESSAGE][PASSED] - Text '' is set on object 'Object Repository/IWP30/Page_EmulatorAgencyX/UDF8'

24-10-2024T07:16:28 - [MESSAGE][PASSED] - Text 'udf data 9' is set on object 'Object Repository/IWP30/Page_EmulatorAgencyX/UDF9'

24-10-2024T07:16:29 - [MESSAGE][PASSED] - Text 'udf data 10' is set on object 'Object Repository/IWP30/Page_EmulatorAgencyX/UDF10'

24-10-2024T07:16:30 - [MESSAGE][PASSED] - Object: 'Object Repository/IWP30/Page_EmulatorAgencyX/Submit' is clicked on

24-10-2024T07:16:35 - [MESSAGE][PASSED] - Browser is closed

24-10-2024T07:16:39 - [MESSAGE][PASSED] - iwpPages.emulatorIWP30.setDataEmulator_DD is PASSED

24-10-2024T07:16:39 - [TEST_STEP][PASSED] - testHarnessURL = urlTestHarness: null

24-10-2024T07:16:39 - [TEST_STEP][PASSED] - openBrowser(testHarnessURL): Browser is opened with url: 'https://dev-algorithm.govolution.com/vrelaytest/QA2/version_2_2/vrelaytest.html'

24-10-2024T07:16:39 - [MESSAGE][INFO] - Starting 'Edge Chromium' driver

24-10-2024T07:16:39 - [MESSAGE][INFO] - User set preference: ['acceptInsecureCerts', 'true']

24-10-2024T07:16:41 - [MESSAGE][INFO] - Action delay is set to 0 milliseconds

24-10-2024T07:16:44 - [MESSAGE][PASSED] - Browser is opened with url: 'https://dev-algorithm.govolution.com/vrelaytest/QA2/version_2_2/vrelaytest.html'

24-10-2024T07:16:44 - [TEST_STEP][PASSED] - maximizeWindow(): Current window maximized

24-10-2024T07:16:45 - [MESSAGE][PASSED] - Current window maximized

24-10-2024T07:16:45 - [TEST_STEP][PASSED] - iwpPages.TestHarnessPage.setDataMethod(row, dataFile): iwpPages.TestHarnessPage.setDataMethod is PASSED

24-10-2024T07:16:45 - [MESSAGE][PASSED] - Object 'Object Repository/IWP30/Page_QATestHarness/RemittanceID' is present

24-10-2024T07:16:46 - [MESSAGE][PASSED] - Text '649' is set on object 'Object Repository/IWP30/Page_QATestHarness/ApplicationID'

24-10-2024T07:16:46 - [MESSAGE][PASSED] - Text '3.0' is set on object 'Object Repository/IWP30/Page_QATestHarness/MessageVersion'

24-10-2024T07:16:47 - [MESSAGE][PASSED] - Text 'CZkAWhc9NZ5O' is set on object 'Object Repository/IWP30/Page_QATestHarness/RemittanceID'

24-10-2024T07:16:50 - [MESSAGE][PASSED] - Object: 'Object Repository/IWP30/Page_QATestHarness/SubmitButton' is clicked on

24-10-2024T07:16:50 - [MESSAGE][PASSED] - iwpPages.TestHarnessPage.setDataMethod is PASSED

24-10-2024T07:16:50 - [TEST_STEP][PASSED] - click(findTestObject("Object Repository/IWP30/Page_SelectPaymentMethod/PayByPersonalCheck")): Object: 'Object Repository/IWP30/Page_SelectPaymentMethod/PayByPersonalCheck' is clicked on

24-10-2024T07:16:51 - [MESSAGE][PASSED] - Object: 'Object Repository/IWP30/Page_SelectPaymentMethod/PayByPersonalCheck' is clicked on

24-10-2024T07:16:51 - [TEST_STEP][PASSED] - click(findTestObject("Object Repository/IWP30/Page_SelectPaymentMethod/MakePaymentButton")): Object: 'Object Repository/IWP30/Page_SelectPaymentMethod/MakePaymentButton' is clicked on

24-10-2024T07:16:53 - [MESSAGE][PASSED] - Object: 'Object Repository/IWP30/Page_SelectPaymentMethod/MakePaymentButton' is clicked on

24-10-2024T07:16:53 - [TEST_STEP][PASSED] - iwpPages.achPersonalPaymentEntryPage.setDataACHPPM(row, dataFile): iwpPages.achPersonalPaymentEntryPage.setDataACHPPM is PASSED

24-10-2024T07:16:54 - [MESSAGE][PASSED] - Object 'Object Repository/IWP30/Page_ACHPersonalPaymentEntry/txt_accountNumber' is present

24-10-2024T07:16:55 - [MESSAGE][PASSED] - Text '10.50' is set on object 'Object Repository/IWP30/Page_ACHPersonalPaymentEntry/txt_Amount'

24-10-2024T07:16:55 - [MESSAGE][PASSED] - Object 'Object Repository/IWP30/Page_ACHPersonalPaymentEntry/txt_UDF2' is present

24-10-2024T07:16:56 - [MESSAGE][PASSED] - Text 'udf data 2' is set on object 'Object Repository/IWP30/Page_ACHPersonalPaymentEntry/txt_UDF2'

24-10-2024T07:16:56 - [MESSAGE][PASSED] - Text 'udf data 3' is set on object 'Object Repository/IWP30/Page_ACHPersonalPaymentEntry/txt_UDF3'

24-10-2024T07:16:57 - [MESSAGE][PASSED] - All options with label 'Orange' are selected in object 'Object Repository/IWP30/Page_ACHPersonalPaymentEntry/dd_UDF7' 

24-10-2024T07:16:57 - [MESSAGE][PASSED] - All options with label 'Soccer' are selected in object 'Object Repository/IWP30/Page_ACHPersonalPaymentEntry/dd_UDF8' 

24-10-2024T07:16:58 - [MESSAGE][PASSED] - Object 'Object Repository/IWP30/Page_ACHPersonalPaymentEntry/txt_Firstname' is present

24-10-2024T07:16:58 - [MESSAGE][PASSED] - Text 'Curlonty' is set on object 'Object Repository/IWP30/Page_ACHPersonalPaymentEntry/txt_Firstname'

24-10-2024T07:16:58 - [MESSAGE][PASSED] - Object 'Object Repository/IWP30/Page_ACHPersonalPaymentEntry/txt_Lastname' is present

24-10-2024T07:16:59 - [MESSAGE][PASSED] - Text 'Lachuga' is set on object 'Object Repository/IWP30/Page_ACHPersonalPaymentEntry/txt_Lastname'

24-10-2024T07:16:59 - [MESSAGE][PASSED] - Object 'Object Repository/IWP30/Page_ACHPersonalPaymentEntry/txt_routingNumber' is present

24-10-2024T07:17:00 - [MESSAGE][PASSED] - Text '256072691' is set on object 'Object Repository/IWP30/Page_ACHPersonalPaymentEntry/txt_routingNumber'

24-10-2024T07:17:00 - [MESSAGE][PASSED] - Object 'Object Repository/IWP30/Page_ACHPersonalPaymentEntry/txt_accountNumber' is present

24-10-2024T07:17:01 - [MESSAGE][PASSED] - Text '12342222' is set on object 'Object Repository/IWP30/Page_ACHPersonalPaymentEntry/txt_accountNumber'

24-10-2024T07:17:01 - [MESSAGE][PASSED] - Object 'Object Repository/IWP30/Page_ACHPersonalPaymentEntry/txt_confirmAccountNumber' is present

24-10-2024T07:17:02 - [MESSAGE][PASSED] - Text '12342222' is set on object 'Object Repository/IWP30/Page_ACHPersonalPaymentEntry/txt_confirmAccountNumber'

24-10-2024T07:17:02 - [MESSAGE][PASSED] - Object 'Object Repository/IWP30/Page_ACHPersonalPaymentEntry/rd_accountType' is present

24-10-2024T07:17:02 - [MESSAGE][PASSED] - Modify property of object successfully

24-10-2024T07:17:03 - [MESSAGE][PASSED] - Object: 'Object Repository/IWP30/Page_ACHPersonalPaymentEntry/rd_accountType' is clicked on

24-10-2024T07:17:03 - [MESSAGE][PASSED] - Text '365 Main Avenue' is set on object 'Object Repository/IWP30/Page_ACHPersonalPaymentEntry/txt_AL1'

24-10-2024T07:17:04 - [MESSAGE][PASSED] - Text '22201' is set on object 'Object Repository/IWP30/Page_ACHPersonalPaymentEntry/txt_ZIP'

24-10-2024T07:17:04 - [MESSAGE][PASSED] - Object 'Object Repository/IWP30/Page_ACHPersonalPaymentEntry/txt_Email' is present

24-10-2024T07:17:05 - [MESSAGE][PASSED] - Text 'iahmed@govolution.com' is set on object 'Object Repository/IWP30/Page_ACHPersonalPaymentEntry/txt_Email'

24-10-2024T07:17:05 - [MESSAGE][PASSED] - Object 'Object Repository/IWP30/Page_ACHPersonalPaymentEntry/cb_TermsAndCond' is present

24-10-2024T07:17:06 - [MESSAGE][PASSED] - Object: 'Object Repository/IWP30/Page_ACHPersonalPaymentEntry/cb_TermsAndCond' is clicked on

24-10-2024T07:17:06 - [MESSAGE][PASSED] - Object 'Object Repository/IWP30/Page_ACHPersonalPaymentEntry/btn_Continue' is present

24-10-2024T07:17:07 - [MESSAGE][PASSED] - Object: 'Object Repository/IWP30/Page_ACHPersonalPaymentEntry/btn_Continue' is clicked on

24-10-2024T07:17:07 - [MESSAGE][PASSED] - iwpPages.achPersonalPaymentEntryPage.setDataACHPPM is PASSED

24-10-2024T07:17:07 - [TEST_STEP][PASSED] - Thread.sleep(5000): null

24-10-2024T07:17:12 - [TEST_STEP][PASSED] - if (verifyTextPresent("Make a Real Estate Payment", false)): null

24-10-2024T07:17:12 - [MESSAGE][PASSED] - Text 'Make a Real Estate Payment' is present on page 

24-10-2024T07:17:12 - [TEST_STEP][PASSED] - isRequiredTextPresent = true: null

24-10-2024T07:17:12 - [TEST_STEP][PASSED] - println(isRequiredTextPresent): null

24-10-2024T07:17:12 - [TEST_STEP][PASSED] - if (isRequiredTextPresent): null

24-10-2024T07:17:12 - [TEST_STEP][PASSED] - if (verifyTextPresent("Confirm Payment Information", false)): null

24-10-2024T07:17:13 - [MESSAGE][PASSED] - Text 'Confirm Payment Information' is present on page 

24-10-2024T07:17:13 - [TEST_STEP][PASSED] - isRequiredTextPresent = true: null

24-10-2024T07:17:13 - [TEST_STEP][PASSED] - println(isRequiredTextPresent): null

24-10-2024T07:17:13 - [TEST_STEP][PASSED] - if (isRequiredTextPresent): null

24-10-2024T07:17:13 - [TEST_STEP][PASSED] - if (verifyTextPresent("Please verify the following information:", false)): null

24-10-2024T07:17:13 - [MESSAGE][PASSED] - Text 'Please verify the following information:' is present on page 

24-10-2024T07:17:13 - [TEST_STEP][PASSED] - isRequiredTextPresent = true: null

24-10-2024T07:17:13 - [TEST_STEP][PASSED] - if (isRequiredTextPresent): null

24-10-2024T07:17:13 - [TEST_STEP][PASSED] - if (verifyTextPresent("Payment Information:", false)): null

24-10-2024T07:17:13 - [MESSAGE][PASSED] - Text 'Payment Information:' is present on page 

24-10-2024T07:17:13 - [TEST_STEP][PASSED] - isRequiredTextPresent = true: null

24-10-2024T07:17:13 - [TEST_STEP][PASSED] - if (isRequiredTextPresent): null

24-10-2024T07:17:13 - [TEST_STEP][PASSED] - if (verifyTextPresent("Tax Amount:", false)): null

24-10-2024T07:17:13 - [MESSAGE][PASSED] - Text 'Tax Amount:' is present on page 

24-10-2024T07:17:13 - [TEST_STEP][PASSED] - isRequiredTextPresent = true: null

24-10-2024T07:17:13 - [TEST_STEP][PASSED] - if (isRequiredTextPresent): null

24-10-2024T07:17:13 - [TEST_STEP][PASSED] - if (verifyTextPresent("Amount:", false)): null

24-10-2024T07:17:14 - [MESSAGE][PASSED] - Text 'Amount:' is present on page 

24-10-2024T07:17:14 - [TEST_STEP][PASSED] - isRequiredTextPresent = true: null

24-10-2024T07:17:14 - [TEST_STEP][PASSED] - if (isRequiredTextPresent): null

24-10-2024T07:17:14 - [TEST_STEP][PASSED] - if (verifyTextPresent("UDF2 Label:", false)): null

24-10-2024T07:17:14 - [MESSAGE][PASSED] - Text 'UDF2 Label:' is present on page 

24-10-2024T07:17:14 - [TEST_STEP][PASSED] - isRequiredTextPresent = true: null

24-10-2024T07:17:14 - [TEST_STEP][PASSED] - if (isRequiredTextPresent): null

24-10-2024T07:17:14 - [TEST_STEP][PASSED] - if (verifyTextPresent("UDF3 Label:", false)): null

24-10-2024T07:17:14 - [MESSAGE][PASSED] - Text 'UDF3 Label:' is present on page 

24-10-2024T07:17:14 - [TEST_STEP][PASSED] - isRequiredTextPresent = true: null

24-10-2024T07:17:14 - [TEST_STEP][PASSED] - if (isRequiredTextPresent): null

24-10-2024T07:17:14 - [TEST_STEP][PASSED] - if (verifyTextPresent("UDF4 Label:", false)): null

24-10-2024T07:17:15 - [MESSAGE][PASSED] - Text 'UDF4 Label:' is present on page 

24-10-2024T07:17:15 - [TEST_STEP][PASSED] - isRequiredTextPresent = true: null

24-10-2024T07:17:15 - [TEST_STEP][PASSED] - if (isRequiredTextPresent): null

24-10-2024T07:17:15 - [TEST_STEP][PASSED] - if (verifyTextPresent("UDF7 Label:", false)): null

24-10-2024T07:17:15 - [MESSAGE][PASSED] - Text 'UDF7 Label:' is present on page 

24-10-2024T07:17:15 - [TEST_STEP][PASSED] - isRequiredTextPresent = true: null

24-10-2024T07:17:15 - [TEST_STEP][PASSED] - if (isRequiredTextPresent): null

24-10-2024T07:17:15 - [TEST_STEP][PASSED] - if (verifyTextPresent("UDF8 Label:", false)): null

24-10-2024T07:17:15 - [MESSAGE][PASSED] - Text 'UDF8 Label:' is present on page 

24-10-2024T07:17:15 - [TEST_STEP][PASSED] - isRequiredTextPresent = true: null

24-10-2024T07:17:15 - [TEST_STEP][PASSED] - if (isRequiredTextPresent): null

24-10-2024T07:17:15 - [TEST_STEP][PASSED] - if (verifyTextPresent("UDF9 Label:", false)): null

24-10-2024T07:17:15 - [MESSAGE][PASSED] - Text 'UDF9 Label:' is present on page 

24-10-2024T07:17:15 - [TEST_STEP][PASSED] - isRequiredTextPresent = true: null

24-10-2024T07:17:15 - [TEST_STEP][PASSED] - if (isRequiredTextPresent): null

24-10-2024T07:17:15 - [TEST_STEP][PASSED] - if (verifyTextPresent("UDF9 Label:", false)): null

24-10-2024T07:17:16 - [MESSAGE][PASSED] - Text 'UDF9 Label:' is present on page 

24-10-2024T07:17:16 - [TEST_STEP][PASSED] - isRequiredTextPresent = true: null

24-10-2024T07:17:16 - [TEST_STEP][PASSED] - if (isRequiredTextPresent): null

24-10-2024T07:17:16 - [TEST_STEP][PASSED] - if (verifyTextPresent("Account Information:", false)): null

24-10-2024T07:17:16 - [MESSAGE][PASSED] - Text 'Account Information:' is present on page 

24-10-2024T07:17:16 - [TEST_STEP][PASSED] - isRequiredTextPresent = true: null

24-10-2024T07:17:16 - [TEST_STEP][PASSED] - if (isRequiredTextPresent): null

24-10-2024T07:17:16 - [TEST_STEP][PASSED] - if (verifyTextPresent("First Name on Check:", false)): null

24-10-2024T07:17:16 - [MESSAGE][PASSED] - Text 'First Name on Check:' is present on page 

24-10-2024T07:17:16 - [TEST_STEP][PASSED] - isRequiredTextPresent = true: null

24-10-2024T07:17:16 - [TEST_STEP][PASSED] - if (isRequiredTextPresent): null

24-10-2024T07:17:16 - [TEST_STEP][PASSED] - if (verifyTextPresent("Last Name on Check:", false)): null

24-10-2024T07:17:16 - [MESSAGE][PASSED] - Text 'Last Name on Check:' is present on page 

24-10-2024T07:17:16 - [TEST_STEP][PASSED] - isRequiredTextPresent = true: null

24-10-2024T07:17:16 - [TEST_STEP][PASSED] - if (isRequiredTextPresent): null

24-10-2024T07:17:16 - [TEST_STEP][PASSED] - if (verifyTextPresent("Routing Transit Number:", false)): null

24-10-2024T07:17:17 - [MESSAGE][PASSED] - Text 'Routing Transit Number:' is present on page 

24-10-2024T07:17:17 - [TEST_STEP][PASSED] - isRequiredTextPresent = true: null

24-10-2024T07:17:17 - [TEST_STEP][PASSED] - if (isRequiredTextPresent): null

24-10-2024T07:17:17 - [TEST_STEP][PASSED] - if (verifyTextPresent("Account Number:", false)): null

24-10-2024T07:17:17 - [MESSAGE][PASSED] - Text 'Account Number:' is present on page 

24-10-2024T07:17:17 - [TEST_STEP][PASSED] - isRequiredTextPresent = true: null

24-10-2024T07:17:17 - [TEST_STEP][PASSED] - if (isRequiredTextPresent): null

24-10-2024T07:17:17 - [TEST_STEP][PASSED] - if (verifyTextPresent("Type of Account:", false)): null

24-10-2024T07:17:17 - [MESSAGE][PASSED] - Text 'Type of Account:' is present on page 

24-10-2024T07:17:17 - [TEST_STEP][PASSED] - isRequiredTextPresent = true: null

24-10-2024T07:17:17 - [TEST_STEP][PASSED] - if (isRequiredTextPresent): null

24-10-2024T07:17:17 - [TEST_STEP][PASSED] - if (verifyTextPresent("Payment Date:", false)): null

24-10-2024T07:17:18 - [MESSAGE][PASSED] - Text 'Payment Date:' is present on page 

24-10-2024T07:17:18 - [TEST_STEP][PASSED] - isRequiredTextPresent = true: null

24-10-2024T07:17:18 - [TEST_STEP][PASSED] - if (isRequiredTextPresent): null

24-10-2024T07:17:18 - [TEST_STEP][PASSED] - if (verifyTextPresent("Address Line 1:", false)): null

24-10-2024T07:17:18 - [MESSAGE][PASSED] - Text 'Address Line 1:' is present on page 

24-10-2024T07:17:18 - [TEST_STEP][PASSED] - isRequiredTextPresent = true: null

24-10-2024T07:17:18 - [TEST_STEP][PASSED] - if (isRequiredTextPresent): null

24-10-2024T07:17:18 - [TEST_STEP][PASSED] - if (verifyTextPresent("Country:", false)): null

24-10-2024T07:17:18 - [MESSAGE][PASSED] - Text 'Country:' is present on page 

24-10-2024T07:17:18 - [TEST_STEP][PASSED] - isRequiredTextPresent = true: null

24-10-2024T07:17:18 - [TEST_STEP][PASSED] - if (isRequiredTextPresent): null

24-10-2024T07:17:18 - [TEST_STEP][PASSED] - if (verifyTextPresent("City:", false)): null

24-10-2024T07:17:18 - [MESSAGE][PASSED] - Text 'City:' is present on page 

24-10-2024T07:17:18 - [TEST_STEP][PASSED] - isRequiredTextPresent = true: null

24-10-2024T07:17:18 - [TEST_STEP][PASSED] - if (isRequiredTextPresent): null

24-10-2024T07:17:18 - [TEST_STEP][PASSED] - if (verifyTextPresent("State:", false)): null

24-10-2024T07:17:19 - [MESSAGE][PASSED] - Text 'State:' is present on page 

24-10-2024T07:17:19 - [TEST_STEP][PASSED] - isRequiredTextPresent = true: null

24-10-2024T07:17:19 - [TEST_STEP][PASSED] - if (isRequiredTextPresent): null

24-10-2024T07:17:19 - [TEST_STEP][PASSED] - if (verifyTextPresent("ZIP Code:", false)): null

24-10-2024T07:17:19 - [MESSAGE][PASSED] - Text 'ZIP Code:' is present on page 

24-10-2024T07:17:19 - [TEST_STEP][PASSED] - isRequiredTextPresent = true: null

24-10-2024T07:17:19 - [TEST_STEP][PASSED] - if (isRequiredTextPresent): null

24-10-2024T07:17:19 - [TEST_STEP][PASSED] - if (verifyTextPresent("Email Address:", false)): null

24-10-2024T07:17:19 - [MESSAGE][PASSED] - Text 'Email Address:' is present on page 

24-10-2024T07:17:19 - [TEST_STEP][PASSED] - isRequiredTextPresent = true: null

24-10-2024T07:17:19 - [TEST_STEP][PASSED] - if (isRequiredTextPresent): null

24-10-2024T07:17:19 - [TEST_STEP][PASSED] - if (verifyTextPresent("Is this information correct?", false)): null

24-10-2024T07:17:20 - [MESSAGE][PASSED] - Text 'Is this information correct?' is present on page 

24-10-2024T07:17:20 - [TEST_STEP][PASSED] - isRequiredTextPresent = true: null

24-10-2024T07:17:20 - [TEST_STEP][PASSED] - closeBrowser(): Browser is closed

24-10-2024T07:17:20 - [MESSAGE][PASSED] - Browser is closed]]></system-out>
         <system-err><![CDATA[]]></system-err>
      </testcase>
      <testcase name="Test Cases/IntegratedWeb/IWP25/Payments/VerifyConfirmPageLabelsPS" time="212.326" classname="Test Cases/IntegratedWeb/IWP25/Payments/VerifyConfirmPageLabelsPS" status="PASSED">
         <system-out><![CDATA[24-10-2024T07:17:20 - [TEST_CASE][PASSED] - Test Cases/IntegratedWeb/IWP25/Payments/VerifyConfirmPageLabelsPS: Test Cases/IntegratedWeb/IWP25/Payments/VerifyConfirmPageLabelsPS

24-10-2024T07:17:20 - [TEST_STEP][PASSED] - resText = "Fail": null

24-10-2024T07:17:20 - [TEST_STEP][PASSED] - resColumn = "Result": null

24-10-2024T07:17:20 - [TEST_STEP][PASSED] - datCloumn = "Date": null

24-10-2024T07:17:20 - [TEST_STEP][PASSED] - fileLoc = "KatalonData/IWPTestData/VRelay25Payments.xlsx": null

24-10-2024T07:17:20 - [TEST_STEP][PASSED] - numOfRows = <not implemented yet for class: org.codehaus.groovy.ast.expr.EmptyExpression>: null

24-10-2024T07:17:20 - [TEST_STEP][PASSED] - dataFile = <not implemented yet for class: org.codehaus.groovy.ast.expr.EmptyExpression>: null

24-10-2024T07:17:20 - [TEST_STEP][PASSED] - nameSheet = <not implemented yet for class: org.codehaus.groovy.ast.expr.EmptyExpression>: null

24-10-2024T07:17:20 - [TEST_STEP][PASSED] - dataFileEmulator = <not implemented yet for class: org.codehaus.groovy.ast.expr.EmptyExpression>: null

24-10-2024T07:17:20 - [TEST_STEP][PASSED] - isRequiredTextPresent = false: null

24-10-2024T07:17:20 - [TEST_STEP][PASSED] - nameSheet = "VerifyConfirmPageLabelsPS": null

24-10-2024T07:17:20 - [TEST_STEP][PASSED] - dataFile = "IWPTestData/IWP25VerifyConfirmPageLabelsPS": null

24-10-2024T07:17:20 - [TEST_STEP][PASSED] - dataFileEmulator = "IWPTestData/EmulatorData": null

24-10-2024T07:17:20 - [TEST_STEP][PASSED] - numOfRows = findTestData(dataFile).getRowNumbers(): null

24-10-2024T07:17:21 - [TEST_STEP][PASSED] - println("Number of Records: " + numOfRows): null

24-10-2024T07:17:21 - [TEST_STEP][PASSED] - for ([row = 1, row <= numOfRows, (row++)]): Browser is closed

24-10-2024T07:17:21 - [TEST_STEP][PASSED] - ExecuteTC = findTestData(dataFile).getValue("Execute", row): null

24-10-2024T07:17:21 - [TEST_STEP][PASSED] - out.println("Value of Execute is : " + ExecuteTC): null

24-10-2024T07:17:21 - [TEST_STEP][PASSED] - if (ExecuteTC.equalsIgnoreCase("Y")): null

24-10-2024T07:17:21 - [TEST_STEP][PASSED] - out.println("Begin Record Number: " + row): null

24-10-2024T07:17:21 - [TEST_STEP][PASSED] - today = new java.util.Date(): null

24-10-2024T07:17:21 - [TEST_STEP][PASSED] - println(today): null

24-10-2024T07:17:21 - [TEST_STEP][PASSED] - datText = today: null

24-10-2024T07:17:21 - [TEST_STEP][PASSED] - EmulatorDataKey = findTestData(dataFile).getValue("EmulatorData", row): null

24-10-2024T07:17:21 - [TEST_STEP][PASSED] - out.println("Value of Emulator Key is : " + EmulatorDataKey): null

24-10-2024T07:17:21 - [TEST_STEP][PASSED] - iwpPages.emulatorIWP30.setDataEmulator_DD(EmulatorDataKey): iwpPages.emulatorIWP30.setDataEmulator_DD is PASSED

24-10-2024T07:17:21 - [MESSAGE][INFO] - Starting 'Edge Chromium' driver

24-10-2024T07:17:21 - [MESSAGE][INFO] - User set preference: ['acceptInsecureCerts', 'true']

24-10-2024T07:17:23 - [MESSAGE][INFO] - Action delay is set to 0 milliseconds

24-10-2024T07:17:27 - [MESSAGE][PASSED] - Browser is opened with url: 'https://qa2.velocitypayment.com/agencyx/config.action?action=editor&message_version=2_5'

24-10-2024T07:17:27 - [MESSAGE][PASSED] - Current window maximized

24-10-2024T07:17:58 - [MESSAGE][INFO] - Unable to find the element located by 'By.xpath: //select[@name='message_version']'. Please recheck the objects properties to make sure the desired element is located. 

24-10-2024T07:17:58 - [MESSAGE][WARNING] - [SELF-HEALING] Failed to find element with id 'Object Repository/IWP30/Page_VRelay30Emulator/MV'. Try using Self-healing.

24-10-2024T07:17:58 - [MESSAGE][WARNING] - [SELF-HEALING] The current locator of test object 'Object Repository/IWP30/Page_VRelay30Emulator/MV' was broken. Propose an alternative one: '(.//*[normalize-space(text()) and normalize-space(.)='Message Version'])[1]/following::select[1]'.

24-10-2024T07:17:59 - [MESSAGE][PASSED] - All options with value '2.5' are selected in object 'Object Repository/IWP30/Page_VRelay30Emulator/MV'  using regular expression

24-10-2024T07:18:00 - [MESSAGE][PASSED] - Text '10.50' is set on object 'Object Repository/IWP30/Page_EmulatorAgencyX/Amount'

24-10-2024T07:18:00 - [MESSAGE][PASSED] - Text 'rNQhj1MB1d9k' is set on object 'Object Repository/IWP30/Page_EmulatorAgencyX/CAN'

24-10-2024T07:18:01 - [MESSAGE][PASSED] - Text 'PayNow' is set on object 'Object Repository/IWP30/Page_EmulatorAgencyX/Action'

24-10-2024T07:18:01 - [MESSAGE][PASSED] - Text 'en_US' is set on object 'Object Repository/IWP30/Page_EmulatorAgencyX/Lang'

24-10-2024T07:18:02 - [MESSAGE][PASSED] - Text '' is set on object 'Object Repository/IWP30/Page_EmulatorAgencyX/Fname'

24-10-2024T07:18:03 - [MESSAGE][PASSED] - Text '' is set on object 'Object Repository/IWP30/Page_EmulatorAgencyX/Lname'

24-10-2024T07:18:03 - [MESSAGE][PASSED] - Text '' is set on object 'Object Repository/IWP30/Page_EmulatorAgencyX/AL1'

24-10-2024T07:18:04 - [MESSAGE][PASSED] - Text '' is set on object 'Object Repository/IWP30/Page_EmulatorAgencyX/AL2'

24-10-2024T07:18:04 - [MESSAGE][PASSED] - Text '' is set on object 'Object Repository/IWP30/Page_EmulatorAgencyX/Country'

24-10-2024T07:18:05 - [MESSAGE][PASSED] - Text '' is set on object 'Object Repository/IWP30/Page_EmulatorAgencyX/City'

24-10-2024T07:18:05 - [MESSAGE][PASSED] - Text '' is set on object 'Object Repository/IWP30/Page_EmulatorAgencyX/State'

24-10-2024T07:18:06 - [MESSAGE][PASSED] - Text '' is set on object 'Object Repository/IWP30/Page_EmulatorAgencyX/ZIP'

24-10-2024T07:18:07 - [MESSAGE][PASSED] - Text '' is set on object 'Object Repository/IWP30/Page_EmulatorAgencyX/Order'

24-10-2024T07:18:07 - [MESSAGE][PASSED] - Text '' is set on object 'Object Repository/IWP30/Page_EmulatorAgencyX/Company'

24-10-2024T07:18:08 - [MESSAGE][PASSED] - Text '' is set on object 'Object Repository/IWP30/Page_EmulatorAgencyX/Email'

24-10-2024T07:18:08 - [MESSAGE][PASSED] - Text '' is set on object 'Object Repository/IWP30/Page_EmulatorAgencyX/UDF1'

24-10-2024T07:18:09 - [MESSAGE][PASSED] - Text '' is set on object 'Object Repository/IWP30/Page_EmulatorAgencyX/UDF2'

24-10-2024T07:18:10 - [MESSAGE][PASSED] - Text '' is set on object 'Object Repository/IWP30/Page_EmulatorAgencyX/UDF3'

24-10-2024T07:18:10 - [MESSAGE][PASSED] - Text 'udf data 4' is set on object 'Object Repository/IWP30/Page_EmulatorAgencyX/UDF4'

24-10-2024T07:18:11 - [MESSAGE][PASSED] - Text 'udf data 5' is set on object 'Object Repository/IWP30/Page_EmulatorAgencyX/UDF5'

24-10-2024T07:18:11 - [MESSAGE][PASSED] - Text '' is set on object 'Object Repository/IWP30/Page_EmulatorAgencyX/UDF6'

24-10-2024T07:18:12 - [MESSAGE][PASSED] - Text '' is set on object 'Object Repository/IWP30/Page_EmulatorAgencyX/UDF7'

24-10-2024T07:18:13 - [MESSAGE][PASSED] - Text '' is set on object 'Object Repository/IWP30/Page_EmulatorAgencyX/UDF8'

24-10-2024T07:18:13 - [MESSAGE][PASSED] - Text 'udf data 9' is set on object 'Object Repository/IWP30/Page_EmulatorAgencyX/UDF9'

24-10-2024T07:18:14 - [MESSAGE][PASSED] - Text 'udf data 10' is set on object 'Object Repository/IWP30/Page_EmulatorAgencyX/UDF10'

24-10-2024T07:18:15 - [MESSAGE][PASSED] - Object: 'Object Repository/IWP30/Page_EmulatorAgencyX/Submit' is clicked on

24-10-2024T07:18:20 - [MESSAGE][PASSED] - Browser is closed

24-10-2024T07:18:24 - [MESSAGE][PASSED] - iwpPages.emulatorIWP30.setDataEmulator_DD is PASSED

24-10-2024T07:18:24 - [TEST_STEP][PASSED] - testHarnessURL = urlTestHarness: null

24-10-2024T07:18:24 - [TEST_STEP][PASSED] - openBrowser(testHarnessURL): Browser is opened with url: 'https://dev-algorithm.govolution.com/vrelaytest/QA2/version_2_2/vrelaytest.html'

24-10-2024T07:18:24 - [MESSAGE][INFO] - Starting 'Edge Chromium' driver

24-10-2024T07:18:24 - [MESSAGE][INFO] - User set preference: ['acceptInsecureCerts', 'true']

24-10-2024T07:18:26 - [MESSAGE][INFO] - Action delay is set to 0 milliseconds

24-10-2024T07:18:29 - [MESSAGE][PASSED] - Browser is opened with url: 'https://dev-algorithm.govolution.com/vrelaytest/QA2/version_2_2/vrelaytest.html'

24-10-2024T07:18:29 - [TEST_STEP][PASSED] - maximizeWindow(): Current window maximized

24-10-2024T07:18:29 - [MESSAGE][PASSED] - Current window maximized

24-10-2024T07:18:29 - [TEST_STEP][PASSED] - iwpPages.TestHarnessPage.setDataMethod(row, dataFile): iwpPages.TestHarnessPage.setDataMethod is PASSED

24-10-2024T07:18:30 - [MESSAGE][PASSED] - Object 'Object Repository/IWP30/Page_QATestHarness/RemittanceID' is present

24-10-2024T07:18:30 - [MESSAGE][PASSED] - Text '638' is set on object 'Object Repository/IWP30/Page_QATestHarness/ApplicationID'

24-10-2024T07:18:31 - [MESSAGE][PASSED] - Text '2.5' is set on object 'Object Repository/IWP30/Page_QATestHarness/MessageVersion'

24-10-2024T07:18:32 - [MESSAGE][PASSED] - Text 'hNiarc5on9CC' is set on object 'Object Repository/IWP30/Page_QATestHarness/RemittanceID'

24-10-2024T07:18:36 - [MESSAGE][PASSED] - Object: 'Object Repository/IWP30/Page_QATestHarness/SubmitButton' is clicked on

24-10-2024T07:18:36 - [MESSAGE][PASSED] - iwpPages.TestHarnessPage.setDataMethod is PASSED

24-10-2024T07:18:36 - [TEST_STEP][PASSED] - click(findTestObject("Object Repository/IWP30/Page_SelectPaymentMethod/PayByPersonalCheck")): Object: 'Object Repository/IWP30/Page_SelectPaymentMethod/PayByPersonalCheck' is clicked on

24-10-2024T07:18:36 - [MESSAGE][PASSED] - Object: 'Object Repository/IWP30/Page_SelectPaymentMethod/PayByPersonalCheck' is clicked on

24-10-2024T07:18:36 - [TEST_STEP][PASSED] - click(findTestObject("Object Repository/IWP30/Page_SelectPaymentMethod/MakePaymentButton")): Object: 'Object Repository/IWP30/Page_SelectPaymentMethod/MakePaymentButton' is clicked on

24-10-2024T07:18:39 - [MESSAGE][PASSED] - Object: 'Object Repository/IWP30/Page_SelectPaymentMethod/MakePaymentButton' is clicked on

24-10-2024T07:18:39 - [TEST_STEP][PASSED] - iwpPages.achPersonalPaymentEntryPage.setDataACHPPM(row, dataFile): iwpPages.achPersonalPaymentEntryPage.setDataACHPPM is PASSED

24-10-2024T07:18:40 - [MESSAGE][PASSED] - Object 'Object Repository/IWP30/Page_ACHPersonalPaymentEntry/txt_accountNumber' is present

24-10-2024T07:18:41 - [MESSAGE][PASSED] - Text '10.50' is set on object 'Object Repository/IWP30/Page_ACHPersonalPaymentEntry/txt_Amount'

24-10-2024T07:18:41 - [MESSAGE][PASSED] - Object 'Object Repository/IWP30/Page_ACHPersonalPaymentEntry/txt_UDF2' is present

24-10-2024T07:18:42 - [MESSAGE][PASSED] - Text 'udf data 2' is set on object 'Object Repository/IWP30/Page_ACHPersonalPaymentEntry/txt_UDF2'

24-10-2024T07:18:42 - [MESSAGE][PASSED] - Text 'udf data 3' is set on object 'Object Repository/IWP30/Page_ACHPersonalPaymentEntry/txt_UDF3'

24-10-2024T07:18:43 - [MESSAGE][PASSED] - All options with label 'Orange' are selected in object 'Object Repository/IWP30/Page_ACHPersonalPaymentEntry/dd_UDF7' 

24-10-2024T07:18:43 - [MESSAGE][PASSED] - All options with label 'Soccer' are selected in object 'Object Repository/IWP30/Page_ACHPersonalPaymentEntry/dd_UDF8' 

24-10-2024T07:18:44 - [MESSAGE][PASSED] - Object 'Object Repository/IWP30/Page_ACHPersonalPaymentEntry/txt_Firstname' is present

24-10-2024T07:18:44 - [MESSAGE][PASSED] - Text 'Curlonty' is set on object 'Object Repository/IWP30/Page_ACHPersonalPaymentEntry/txt_Firstname'

24-10-2024T07:18:44 - [MESSAGE][PASSED] - Object 'Object Repository/IWP30/Page_ACHPersonalPaymentEntry/txt_Lastname' is present

24-10-2024T07:18:45 - [MESSAGE][PASSED] - Text 'Lachuga' is set on object 'Object Repository/IWP30/Page_ACHPersonalPaymentEntry/txt_Lastname'

24-10-2024T07:18:45 - [MESSAGE][PASSED] - Object 'Object Repository/IWP30/Page_ACHPersonalPaymentEntry/txt_routingNumber' is present

24-10-2024T07:18:46 - [MESSAGE][PASSED] - Text '256072691' is set on object 'Object Repository/IWP30/Page_ACHPersonalPaymentEntry/txt_routingNumber'

24-10-2024T07:18:46 - [MESSAGE][PASSED] - Object 'Object Repository/IWP30/Page_ACHPersonalPaymentEntry/txt_accountNumber' is present

24-10-2024T07:18:48 - [MESSAGE][PASSED] - Text '12342222' is set on object 'Object Repository/IWP30/Page_ACHPersonalPaymentEntry/txt_accountNumber'

24-10-2024T07:18:48 - [MESSAGE][PASSED] - Object 'Object Repository/IWP30/Page_ACHPersonalPaymentEntry/txt_confirmAccountNumber' is present

24-10-2024T07:18:48 - [MESSAGE][PASSED] - Text '12342222' is set on object 'Object Repository/IWP30/Page_ACHPersonalPaymentEntry/txt_confirmAccountNumber'

24-10-2024T07:18:49 - [MESSAGE][PASSED] - Object 'Object Repository/IWP30/Page_ACHPersonalPaymentEntry/rd_accountType' is present

24-10-2024T07:18:49 - [MESSAGE][PASSED] - Modify property of object successfully

24-10-2024T07:18:49 - [MESSAGE][PASSED] - Object: 'Object Repository/IWP30/Page_ACHPersonalPaymentEntry/rd_accountType' is clicked on

24-10-2024T07:18:50 - [MESSAGE][PASSED] - Text '365 Main Avenue' is set on object 'Object Repository/IWP30/Page_ACHPersonalPaymentEntry/txt_AL1'

24-10-2024T07:18:51 - [MESSAGE][PASSED] - Text '22201' is set on object 'Object Repository/IWP30/Page_ACHPersonalPaymentEntry/txt_ZIP'

24-10-2024T07:18:51 - [MESSAGE][PASSED] - Object 'Object Repository/IWP30/Page_ACHPersonalPaymentEntry/txt_Email' is present

24-10-2024T07:18:52 - [MESSAGE][PASSED] - Text 'iahmed@govolution.com' is set on object 'Object Repository/IWP30/Page_ACHPersonalPaymentEntry/txt_Email'

24-10-2024T07:18:52 - [MESSAGE][PASSED] - Object 'Object Repository/IWP30/Page_ACHPersonalPaymentEntry/cb_TermsAndCond' is present

24-10-2024T07:18:53 - [MESSAGE][PASSED] - Object: 'Object Repository/IWP30/Page_ACHPersonalPaymentEntry/cb_TermsAndCond' is clicked on

24-10-2024T07:18:53 - [MESSAGE][PASSED] - Object 'Object Repository/IWP30/Page_ACHPersonalPaymentEntry/btn_Continue' is present

24-10-2024T07:18:54 - [MESSAGE][PASSED] - Object: 'Object Repository/IWP30/Page_ACHPersonalPaymentEntry/btn_Continue' is clicked on

24-10-2024T07:18:54 - [MESSAGE][PASSED] - iwpPages.achPersonalPaymentEntryPage.setDataACHPPM is PASSED

24-10-2024T07:18:54 - [TEST_STEP][PASSED] - Thread.sleep(5000): null

24-10-2024T07:18:59 - [TEST_STEP][PASSED] - if (verifyTextPresent("Make a Real Estate Payment", false)): null

24-10-2024T07:19:00 - [MESSAGE][PASSED] - Text 'Make a Real Estate Payment' is present on page 

24-10-2024T07:19:00 - [TEST_STEP][PASSED] - isRequiredTextPresent = true: null

24-10-2024T07:19:00 - [TEST_STEP][PASSED] - println(isRequiredTextPresent): null

24-10-2024T07:19:00 - [TEST_STEP][PASSED] - if (isRequiredTextPresent): null

24-10-2024T07:19:00 - [TEST_STEP][PASSED] - if (verifyTextPresent("Confirm Payment Information", false)): null

24-10-2024T07:19:00 - [MESSAGE][PASSED] - Text 'Confirm Payment Information' is present on page 

24-10-2024T07:19:00 - [TEST_STEP][PASSED] - isRequiredTextPresent = true: null

24-10-2024T07:19:00 - [TEST_STEP][PASSED] - println(isRequiredTextPresent): null

24-10-2024T07:19:00 - [TEST_STEP][PASSED] - if (isRequiredTextPresent): null

24-10-2024T07:19:00 - [TEST_STEP][PASSED] - if (verifyTextPresent("Please verify the following information:", false)): null

24-10-2024T07:19:00 - [MESSAGE][PASSED] - Text 'Please verify the following information:' is present on page 

24-10-2024T07:19:00 - [TEST_STEP][PASSED] - isRequiredTextPresent = true: null

24-10-2024T07:19:00 - [TEST_STEP][PASSED] - if (isRequiredTextPresent): null

24-10-2024T07:19:00 - [TEST_STEP][PASSED] - if (verifyTextPresent("Payment Information:", false)): null

24-10-2024T07:19:01 - [MESSAGE][PASSED] - Text 'Payment Information:' is present on page 

24-10-2024T07:19:01 - [TEST_STEP][PASSED] - isRequiredTextPresent = true: null

24-10-2024T07:19:01 - [TEST_STEP][PASSED] - if (isRequiredTextPresent): null

24-10-2024T07:19:01 - [TEST_STEP][PASSED] - if (verifyTextPresent("Tax Amount:", false)): null

24-10-2024T07:19:01 - [MESSAGE][PASSED] - Text 'Tax Amount:' is present on page 

24-10-2024T07:19:01 - [TEST_STEP][PASSED] - isRequiredTextPresent = true: null

24-10-2024T07:19:01 - [TEST_STEP][PASSED] - if (isRequiredTextPresent): null

24-10-2024T07:19:01 - [TEST_STEP][PASSED] - if (verifyTextPresent("Amount:", false)): null

24-10-2024T07:19:01 - [MESSAGE][PASSED] - Text 'Amount:' is present on page 

24-10-2024T07:19:01 - [TEST_STEP][PASSED] - isRequiredTextPresent = true: null

24-10-2024T07:19:01 - [TEST_STEP][PASSED] - if (isRequiredTextPresent): null

24-10-2024T07:19:01 - [TEST_STEP][PASSED] - if (verifyTextPresent("UDF2 Label:", false)): null

24-10-2024T07:19:01 - [MESSAGE][PASSED] - Text 'UDF2 Label:' is present on page 

24-10-2024T07:19:01 - [TEST_STEP][PASSED] - isRequiredTextPresent = true: null

24-10-2024T07:19:01 - [TEST_STEP][PASSED] - if (isRequiredTextPresent): null

24-10-2024T07:19:01 - [TEST_STEP][PASSED] - if (verifyTextPresent("UDF3 Label:", false)): null

24-10-2024T07:19:02 - [MESSAGE][PASSED] - Text 'UDF3 Label:' is present on page 

24-10-2024T07:19:02 - [TEST_STEP][PASSED] - isRequiredTextPresent = true: null

24-10-2024T07:19:02 - [TEST_STEP][PASSED] - if (isRequiredTextPresent): null

24-10-2024T07:19:02 - [TEST_STEP][PASSED] - if (verifyTextPresent("UDF4 Label:", false)): null

24-10-2024T07:19:02 - [MESSAGE][PASSED] - Text 'UDF4 Label:' is present on page 

24-10-2024T07:19:02 - [TEST_STEP][PASSED] - isRequiredTextPresent = true: null

24-10-2024T07:19:02 - [TEST_STEP][PASSED] - if (isRequiredTextPresent): null

24-10-2024T07:19:02 - [TEST_STEP][PASSED] - if (verifyTextPresent("UDF7 Label:", false)): null

24-10-2024T07:19:02 - [MESSAGE][PASSED] - Text 'UDF7 Label:' is present on page 

24-10-2024T07:19:02 - [TEST_STEP][PASSED] - isRequiredTextPresent = true: null

24-10-2024T07:19:02 - [TEST_STEP][PASSED] - if (isRequiredTextPresent): null

24-10-2024T07:19:02 - [TEST_STEP][PASSED] - if (verifyTextPresent("UDF8 Label:", false)): null

24-10-2024T07:19:02 - [MESSAGE][PASSED] - Text 'UDF8 Label:' is present on page 

24-10-2024T07:19:02 - [TEST_STEP][PASSED] - isRequiredTextPresent = true: null

24-10-2024T07:19:02 - [TEST_STEP][PASSED] - if (isRequiredTextPresent): null

24-10-2024T07:19:02 - [TEST_STEP][PASSED] - if (verifyTextPresent("UDF9 Label:", false)): null

24-10-2024T07:19:03 - [MESSAGE][PASSED] - Text 'UDF9 Label:' is present on page 

24-10-2024T07:19:03 - [TEST_STEP][PASSED] - isRequiredTextPresent = true: null

24-10-2024T07:19:03 - [TEST_STEP][PASSED] - if (isRequiredTextPresent): null

24-10-2024T07:19:03 - [TEST_STEP][PASSED] - if (verifyTextPresent("UDF9 Label:", false)): null

24-10-2024T07:19:03 - [MESSAGE][PASSED] - Text 'UDF9 Label:' is present on page 

24-10-2024T07:19:03 - [TEST_STEP][PASSED] - isRequiredTextPresent = true: null

24-10-2024T07:19:03 - [TEST_STEP][PASSED] - if (isRequiredTextPresent): null

24-10-2024T07:19:03 - [TEST_STEP][PASSED] - if (verifyTextPresent("Account Information:", false)): null

24-10-2024T07:19:03 - [MESSAGE][PASSED] - Text 'Account Information:' is present on page 

24-10-2024T07:19:03 - [TEST_STEP][PASSED] - isRequiredTextPresent = true: null

24-10-2024T07:19:03 - [TEST_STEP][PASSED] - if (isRequiredTextPresent): null

24-10-2024T07:19:03 - [TEST_STEP][PASSED] - if (verifyTextPresent("First Name on Check:", false)): null

24-10-2024T07:19:04 - [MESSAGE][PASSED] - Text 'First Name on Check:' is present on page 

24-10-2024T07:19:04 - [TEST_STEP][PASSED] - isRequiredTextPresent = true: null

24-10-2024T07:19:04 - [TEST_STEP][PASSED] - if (isRequiredTextPresent): null

24-10-2024T07:19:04 - [TEST_STEP][PASSED] - if (verifyTextPresent("Last Name on Check:", false)): null

24-10-2024T07:19:04 - [MESSAGE][PASSED] - Text 'Last Name on Check:' is present on page 

24-10-2024T07:19:04 - [TEST_STEP][PASSED] - isRequiredTextPresent = true: null

24-10-2024T07:19:04 - [TEST_STEP][PASSED] - if (isRequiredTextPresent): null

24-10-2024T07:19:04 - [TEST_STEP][PASSED] - if (verifyTextPresent("Routing Transit Number:", false)): null

24-10-2024T07:19:04 - [MESSAGE][PASSED] - Text 'Routing Transit Number:' is present on page 

24-10-2024T07:19:04 - [TEST_STEP][PASSED] - isRequiredTextPresent = true: null

24-10-2024T07:19:04 - [TEST_STEP][PASSED] - if (isRequiredTextPresent): null

24-10-2024T07:19:04 - [TEST_STEP][PASSED] - if (verifyTextPresent("Account Number:", false)): null

24-10-2024T07:19:05 - [MESSAGE][PASSED] - Text 'Account Number:' is present on page 

24-10-2024T07:19:05 - [TEST_STEP][PASSED] - isRequiredTextPresent = true: null

24-10-2024T07:19:05 - [TEST_STEP][PASSED] - if (isRequiredTextPresent): null

24-10-2024T07:19:05 - [TEST_STEP][PASSED] - if (verifyTextPresent("Type of Account:", false)): null

24-10-2024T07:19:05 - [MESSAGE][PASSED] - Text 'Type of Account:' is present on page 

24-10-2024T07:19:05 - [TEST_STEP][PASSED] - isRequiredTextPresent = true: null

24-10-2024T07:19:05 - [TEST_STEP][PASSED] - if (isRequiredTextPresent): null

24-10-2024T07:19:05 - [TEST_STEP][PASSED] - if (verifyTextPresent("Payment Date:", false)): null

24-10-2024T07:19:05 - [MESSAGE][PASSED] - Text 'Payment Date:' is present on page 

24-10-2024T07:19:05 - [TEST_STEP][PASSED] - isRequiredTextPresent = true: null

24-10-2024T07:19:05 - [TEST_STEP][PASSED] - if (isRequiredTextPresent): null

24-10-2024T07:19:05 - [TEST_STEP][PASSED] - if (verifyTextPresent("Address Line 1:", false)): null

24-10-2024T07:19:05 - [MESSAGE][PASSED] - Text 'Address Line 1:' is present on page 

24-10-2024T07:19:05 - [TEST_STEP][PASSED] - isRequiredTextPresent = true: null

24-10-2024T07:19:05 - [TEST_STEP][PASSED] - if (isRequiredTextPresent): null

24-10-2024T07:19:05 - [TEST_STEP][PASSED] - if (verifyTextPresent("Country:", false)): null

24-10-2024T07:19:06 - [MESSAGE][PASSED] - Text 'Country:' is present on page 

24-10-2024T07:19:06 - [TEST_STEP][PASSED] - isRequiredTextPresent = true: null

24-10-2024T07:19:06 - [TEST_STEP][PASSED] - if (isRequiredTextPresent): null

24-10-2024T07:19:06 - [TEST_STEP][PASSED] - if (verifyTextPresent("City:", false)): null

24-10-2024T07:19:06 - [MESSAGE][PASSED] - Text 'City:' is present on page 

24-10-2024T07:19:06 - [TEST_STEP][PASSED] - isRequiredTextPresent = true: null

24-10-2024T07:19:06 - [TEST_STEP][PASSED] - if (isRequiredTextPresent): null

24-10-2024T07:19:06 - [TEST_STEP][PASSED] - if (verifyTextPresent("State:", false)): null

24-10-2024T07:19:06 - [MESSAGE][PASSED] - Text 'State:' is present on page 

24-10-2024T07:19:06 - [TEST_STEP][PASSED] - isRequiredTextPresent = true: null

24-10-2024T07:19:06 - [TEST_STEP][PASSED] - if (isRequiredTextPresent): null

24-10-2024T07:19:06 - [TEST_STEP][PASSED] - if (verifyTextPresent("ZIP Code:", false)): null

24-10-2024T07:19:07 - [MESSAGE][PASSED] - Text 'ZIP Code:' is present on page 

24-10-2024T07:19:07 - [TEST_STEP][PASSED] - isRequiredTextPresent = true: null

24-10-2024T07:19:07 - [TEST_STEP][PASSED] - if (isRequiredTextPresent): null

24-10-2024T07:19:07 - [TEST_STEP][PASSED] - if (verifyTextPresent("Email Address:", false)): null

24-10-2024T07:19:07 - [MESSAGE][PASSED] - Text 'Email Address:' is present on page 

24-10-2024T07:19:07 - [TEST_STEP][PASSED] - isRequiredTextPresent = true: null

24-10-2024T07:19:07 - [TEST_STEP][PASSED] - if (isRequiredTextPresent): null

24-10-2024T07:19:07 - [TEST_STEP][PASSED] - if (verifyTextPresent("Is this information correct?", false)): null

24-10-2024T07:19:07 - [MESSAGE][PASSED] - Text 'Is this information correct?' is present on page 

24-10-2024T07:19:07 - [TEST_STEP][PASSED] - isRequiredTextPresent = true: null

24-10-2024T07:19:07 - [TEST_STEP][PASSED] - closeBrowser(): Browser is closed

24-10-2024T07:19:08 - [MESSAGE][PASSED] - Browser is closed

24-10-2024T07:19:08 - [TEST_STEP][PASSED] - ExecuteTC = findTestData(dataFile).getValue("Execute", row): null

24-10-2024T07:19:08 - [TEST_STEP][PASSED] - out.println("Value of Execute is : " + ExecuteTC): null

24-10-2024T07:19:08 - [TEST_STEP][PASSED] - if (ExecuteTC.equalsIgnoreCase("Y")): null

24-10-2024T07:19:08 - [TEST_STEP][PASSED] - out.println("Begin Record Number: " + row): null

24-10-2024T07:19:08 - [TEST_STEP][PASSED] - today = new java.util.Date(): null

24-10-2024T07:19:08 - [TEST_STEP][PASSED] - println(today): null

24-10-2024T07:19:08 - [TEST_STEP][PASSED] - datText = today: null

24-10-2024T07:19:08 - [TEST_STEP][PASSED] - EmulatorDataKey = findTestData(dataFile).getValue("EmulatorData", row): null

24-10-2024T07:19:08 - [TEST_STEP][PASSED] - out.println("Value of Emulator Key is : " + EmulatorDataKey): null

24-10-2024T07:19:08 - [TEST_STEP][PASSED] - iwpPages.emulatorIWP30.setDataEmulator_DD(EmulatorDataKey): iwpPages.emulatorIWP30.setDataEmulator_DD is PASSED

24-10-2024T07:19:08 - [MESSAGE][INFO] - Starting 'Edge Chromium' driver

24-10-2024T07:19:08 - [MESSAGE][INFO] - User set preference: ['acceptInsecureCerts', 'true']

24-10-2024T07:19:10 - [MESSAGE][INFO] - Action delay is set to 0 milliseconds

24-10-2024T07:19:14 - [MESSAGE][PASSED] - Browser is opened with url: 'https://qa2.velocitypayment.com/agencyx/config.action?action=editor&message_version=3_0'

24-10-2024T07:19:14 - [MESSAGE][PASSED] - Current window maximized

24-10-2024T07:19:45 - [MESSAGE][INFO] - Unable to find the element located by 'By.xpath: //select[@name='message_version']'. Please recheck the objects properties to make sure the desired element is located. 

24-10-2024T07:19:45 - [MESSAGE][WARNING] - [SELF-HEALING] Failed to find element with id 'Object Repository/IWP30/Page_VRelay30Emulator/MV'. Try using Self-healing.

24-10-2024T07:19:45 - [MESSAGE][WARNING] - [SELF-HEALING] The current locator of test object 'Object Repository/IWP30/Page_VRelay30Emulator/MV' was broken. Propose an alternative one: '(.//*[normalize-space(text()) and normalize-space(.)='Message Version'])[1]/following::select[1]'.

24-10-2024T07:19:46 - [MESSAGE][PASSED] - All options with value '3.0' are selected in object 'Object Repository/IWP30/Page_VRelay30Emulator/MV'  using regular expression

24-10-2024T07:19:47 - [MESSAGE][PASSED] - Text '10.50' is set on object 'Object Repository/IWP30/Page_EmulatorAgencyX/Amount'

24-10-2024T07:19:47 - [MESSAGE][PASSED] - Text 'IisMl3QmLKu0' is set on object 'Object Repository/IWP30/Page_EmulatorAgencyX/CAN'

24-10-2024T07:19:48 - [MESSAGE][PASSED] - Text 'PayNow' is set on object 'Object Repository/IWP30/Page_EmulatorAgencyX/Action'

24-10-2024T07:19:48 - [MESSAGE][PASSED] - Text 'en_US' is set on object 'Object Repository/IWP30/Page_EmulatorAgencyX/Lang'

24-10-2024T07:19:49 - [MESSAGE][PASSED] - Text '' is set on object 'Object Repository/IWP30/Page_EmulatorAgencyX/Fname'

24-10-2024T07:19:50 - [MESSAGE][PASSED] - Text '' is set on object 'Object Repository/IWP30/Page_EmulatorAgencyX/Lname'

24-10-2024T07:19:50 - [MESSAGE][PASSED] - Text '' is set on object 'Object Repository/IWP30/Page_EmulatorAgencyX/AL1'

24-10-2024T07:19:51 - [MESSAGE][PASSED] - Text '' is set on object 'Object Repository/IWP30/Page_EmulatorAgencyX/AL2'

24-10-2024T07:19:51 - [MESSAGE][PASSED] - Text '' is set on object 'Object Repository/IWP30/Page_EmulatorAgencyX/Country'

24-10-2024T07:19:52 - [MESSAGE][PASSED] - Text '' is set on object 'Object Repository/IWP30/Page_EmulatorAgencyX/City'

24-10-2024T07:19:52 - [MESSAGE][PASSED] - Text '' is set on object 'Object Repository/IWP30/Page_EmulatorAgencyX/State'

24-10-2024T07:19:53 - [MESSAGE][PASSED] - Text '' is set on object 'Object Repository/IWP30/Page_EmulatorAgencyX/ZIP'

24-10-2024T07:19:54 - [MESSAGE][PASSED] - Text '' is set on object 'Object Repository/IWP30/Page_EmulatorAgencyX/Order'

24-10-2024T07:19:54 - [MESSAGE][PASSED] - Text '' is set on object 'Object Repository/IWP30/Page_EmulatorAgencyX/Company'

24-10-2024T07:19:55 - [MESSAGE][PASSED] - Text '' is set on object 'Object Repository/IWP30/Page_EmulatorAgencyX/Email'

24-10-2024T07:19:55 - [MESSAGE][PASSED] - Text '' is set on object 'Object Repository/IWP30/Page_EmulatorAgencyX/UDF1'

24-10-2024T07:19:56 - [MESSAGE][PASSED] - Text '' is set on object 'Object Repository/IWP30/Page_EmulatorAgencyX/UDF2'

24-10-2024T07:19:56 - [MESSAGE][PASSED] - Text '' is set on object 'Object Repository/IWP30/Page_EmulatorAgencyX/UDF3'

24-10-2024T07:19:57 - [MESSAGE][PASSED] - Text 'udf data 4' is set on object 'Object Repository/IWP30/Page_EmulatorAgencyX/UDF4'

24-10-2024T07:19:58 - [MESSAGE][PASSED] - Text 'udf data 5' is set on object 'Object Repository/IWP30/Page_EmulatorAgencyX/UDF5'

24-10-2024T07:19:58 - [MESSAGE][PASSED] - Text '' is set on object 'Object Repository/IWP30/Page_EmulatorAgencyX/UDF6'

24-10-2024T07:19:59 - [MESSAGE][PASSED] - Text '' is set on object 'Object Repository/IWP30/Page_EmulatorAgencyX/UDF7'

24-10-2024T07:19:59 - [MESSAGE][PASSED] - Text '' is set on object 'Object Repository/IWP30/Page_EmulatorAgencyX/UDF8'

24-10-2024T07:20:00 - [MESSAGE][PASSED] - Text 'udf data 9' is set on object 'Object Repository/IWP30/Page_EmulatorAgencyX/UDF9'

24-10-2024T07:20:01 - [MESSAGE][PASSED] - Text 'udf data 10' is set on object 'Object Repository/IWP30/Page_EmulatorAgencyX/UDF10'

24-10-2024T07:20:02 - [MESSAGE][PASSED] - Object: 'Object Repository/IWP30/Page_EmulatorAgencyX/Submit' is clicked on

24-10-2024T07:20:06 - [MESSAGE][PASSED] - Browser is closed

24-10-2024T07:20:10 - [MESSAGE][PASSED] - iwpPages.emulatorIWP30.setDataEmulator_DD is PASSED

24-10-2024T07:20:10 - [TEST_STEP][PASSED] - testHarnessURL = urlTestHarness: null

24-10-2024T07:20:10 - [TEST_STEP][PASSED] - openBrowser(testHarnessURL): Browser is opened with url: 'https://dev-algorithm.govolution.com/vrelaytest/QA2/version_2_2/vrelaytest.html'

24-10-2024T07:20:10 - [MESSAGE][INFO] - Starting 'Edge Chromium' driver

24-10-2024T07:20:10 - [MESSAGE][INFO] - User set preference: ['acceptInsecureCerts', 'true']

24-10-2024T07:20:13 - [MESSAGE][INFO] - Action delay is set to 0 milliseconds

24-10-2024T07:20:16 - [MESSAGE][PASSED] - Browser is opened with url: 'https://dev-algorithm.govolution.com/vrelaytest/QA2/version_2_2/vrelaytest.html'

24-10-2024T07:20:16 - [TEST_STEP][PASSED] - maximizeWindow(): Current window maximized

24-10-2024T07:20:16 - [MESSAGE][PASSED] - Current window maximized

24-10-2024T07:20:16 - [TEST_STEP][PASSED] - iwpPages.TestHarnessPage.setDataMethod(row, dataFile): iwpPages.TestHarnessPage.setDataMethod is PASSED

24-10-2024T07:20:17 - [MESSAGE][PASSED] - Object 'Object Repository/IWP30/Page_QATestHarness/RemittanceID' is present

24-10-2024T07:20:17 - [MESSAGE][PASSED] - Text '649' is set on object 'Object Repository/IWP30/Page_QATestHarness/ApplicationID'

24-10-2024T07:20:18 - [MESSAGE][PASSED] - Text '3.0' is set on object 'Object Repository/IWP30/Page_QATestHarness/MessageVersion'

24-10-2024T07:20:19 - [MESSAGE][PASSED] - Text 'fJNfSnBtDRWv' is set on object 'Object Repository/IWP30/Page_QATestHarness/RemittanceID'

24-10-2024T07:20:22 - [MESSAGE][PASSED] - Object: 'Object Repository/IWP30/Page_QATestHarness/SubmitButton' is clicked on

24-10-2024T07:20:22 - [MESSAGE][PASSED] - iwpPages.TestHarnessPage.setDataMethod is PASSED

24-10-2024T07:20:22 - [TEST_STEP][PASSED] - click(findTestObject("Object Repository/IWP30/Page_SelectPaymentMethod/PayByPersonalCheck")): Object: 'Object Repository/IWP30/Page_SelectPaymentMethod/PayByPersonalCheck' is clicked on

24-10-2024T07:20:23 - [MESSAGE][PASSED] - Object: 'Object Repository/IWP30/Page_SelectPaymentMethod/PayByPersonalCheck' is clicked on

24-10-2024T07:20:23 - [TEST_STEP][PASSED] - click(findTestObject("Object Repository/IWP30/Page_SelectPaymentMethod/MakePaymentButton")): Object: 'Object Repository/IWP30/Page_SelectPaymentMethod/MakePaymentButton' is clicked on

24-10-2024T07:20:25 - [MESSAGE][PASSED] - Object: 'Object Repository/IWP30/Page_SelectPaymentMethod/MakePaymentButton' is clicked on

24-10-2024T07:20:25 - [TEST_STEP][PASSED] - iwpPages.achPersonalPaymentEntryPage.setDataACHPPM(row, dataFile): iwpPages.achPersonalPaymentEntryPage.setDataACHPPM is PASSED

24-10-2024T07:20:26 - [MESSAGE][PASSED] - Object 'Object Repository/IWP30/Page_ACHPersonalPaymentEntry/txt_accountNumber' is present

24-10-2024T07:20:27 - [MESSAGE][PASSED] - Text '10.50' is set on object 'Object Repository/IWP30/Page_ACHPersonalPaymentEntry/txt_Amount'

24-10-2024T07:20:27 - [MESSAGE][PASSED] - Object 'Object Repository/IWP30/Page_ACHPersonalPaymentEntry/txt_UDF2' is present

24-10-2024T07:20:28 - [MESSAGE][PASSED] - Text 'udf data 2' is set on object 'Object Repository/IWP30/Page_ACHPersonalPaymentEntry/txt_UDF2'

24-10-2024T07:20:28 - [MESSAGE][PASSED] - Text 'udf data 3' is set on object 'Object Repository/IWP30/Page_ACHPersonalPaymentEntry/txt_UDF3'

24-10-2024T07:20:29 - [MESSAGE][PASSED] - All options with label 'Orange' are selected in object 'Object Repository/IWP30/Page_ACHPersonalPaymentEntry/dd_UDF7' 

24-10-2024T07:20:29 - [MESSAGE][PASSED] - All options with label 'Soccer' are selected in object 'Object Repository/IWP30/Page_ACHPersonalPaymentEntry/dd_UDF8' 

24-10-2024T07:20:30 - [MESSAGE][PASSED] - Object 'Object Repository/IWP30/Page_ACHPersonalPaymentEntry/txt_Firstname' is present

24-10-2024T07:20:30 - [MESSAGE][PASSED] - Text 'Curlonty' is set on object 'Object Repository/IWP30/Page_ACHPersonalPaymentEntry/txt_Firstname'

24-10-2024T07:20:30 - [MESSAGE][PASSED] - Object 'Object Repository/IWP30/Page_ACHPersonalPaymentEntry/txt_Lastname' is present

24-10-2024T07:20:31 - [MESSAGE][PASSED] - Text 'Lachuga' is set on object 'Object Repository/IWP30/Page_ACHPersonalPaymentEntry/txt_Lastname'

24-10-2024T07:20:31 - [MESSAGE][PASSED] - Object 'Object Repository/IWP30/Page_ACHPersonalPaymentEntry/txt_routingNumber' is present

24-10-2024T07:20:32 - [MESSAGE][PASSED] - Text '256072691' is set on object 'Object Repository/IWP30/Page_ACHPersonalPaymentEntry/txt_routingNumber'

24-10-2024T07:20:32 - [MESSAGE][PASSED] - Object 'Object Repository/IWP30/Page_ACHPersonalPaymentEntry/txt_accountNumber' is present

24-10-2024T07:20:33 - [MESSAGE][PASSED] - Text '12342222' is set on object 'Object Repository/IWP30/Page_ACHPersonalPaymentEntry/txt_accountNumber'

24-10-2024T07:20:33 - [MESSAGE][PASSED] - Object 'Object Repository/IWP30/Page_ACHPersonalPaymentEntry/txt_confirmAccountNumber' is present

24-10-2024T07:20:34 - [MESSAGE][PASSED] - Text '12342222' is set on object 'Object Repository/IWP30/Page_ACHPersonalPaymentEntry/txt_confirmAccountNumber'

24-10-2024T07:20:34 - [MESSAGE][PASSED] - Object 'Object Repository/IWP30/Page_ACHPersonalPaymentEntry/rd_accountType' is present

24-10-2024T07:20:34 - [MESSAGE][PASSED] - Modify property of object successfully

24-10-2024T07:20:35 - [MESSAGE][PASSED] - Object: 'Object Repository/IWP30/Page_ACHPersonalPaymentEntry/rd_accountType' is clicked on

24-10-2024T07:20:35 - [MESSAGE][PASSED] - Text '365 Main Avenue' is set on object 'Object Repository/IWP30/Page_ACHPersonalPaymentEntry/txt_AL1'

24-10-2024T07:20:36 - [MESSAGE][PASSED] - Text '22201' is set on object 'Object Repository/IWP30/Page_ACHPersonalPaymentEntry/txt_ZIP'

24-10-2024T07:20:36 - [MESSAGE][PASSED] - Object 'Object Repository/IWP30/Page_ACHPersonalPaymentEntry/txt_Email' is present

24-10-2024T07:20:37 - [MESSAGE][PASSED] - Text 'iahmed@govolution.com' is set on object 'Object Repository/IWP30/Page_ACHPersonalPaymentEntry/txt_Email'

24-10-2024T07:20:37 - [MESSAGE][PASSED] - Object 'Object Repository/IWP30/Page_ACHPersonalPaymentEntry/cb_TermsAndCond' is present

24-10-2024T07:20:38 - [MESSAGE][PASSED] - Object: 'Object Repository/IWP30/Page_ACHPersonalPaymentEntry/cb_TermsAndCond' is clicked on

24-10-2024T07:20:38 - [MESSAGE][PASSED] - Object 'Object Repository/IWP30/Page_ACHPersonalPaymentEntry/btn_Continue' is present

24-10-2024T07:20:39 - [MESSAGE][PASSED] - Object: 'Object Repository/IWP30/Page_ACHPersonalPaymentEntry/btn_Continue' is clicked on

24-10-2024T07:20:39 - [MESSAGE][PASSED] - iwpPages.achPersonalPaymentEntryPage.setDataACHPPM is PASSED

24-10-2024T07:20:39 - [TEST_STEP][PASSED] - Thread.sleep(5000): null

24-10-2024T07:20:44 - [TEST_STEP][PASSED] - if (verifyTextPresent("Make a Real Estate Payment", false)): null

24-10-2024T07:20:44 - [MESSAGE][PASSED] - Text 'Make a Real Estate Payment' is present on page 

24-10-2024T07:20:44 - [TEST_STEP][PASSED] - isRequiredTextPresent = true: null

24-10-2024T07:20:44 - [TEST_STEP][PASSED] - println(isRequiredTextPresent): null

24-10-2024T07:20:44 - [TEST_STEP][PASSED] - if (isRequiredTextPresent): null

24-10-2024T07:20:44 - [TEST_STEP][PASSED] - if (verifyTextPresent("Confirm Payment Information", false)): null

24-10-2024T07:20:45 - [MESSAGE][PASSED] - Text 'Confirm Payment Information' is present on page 

24-10-2024T07:20:45 - [TEST_STEP][PASSED] - isRequiredTextPresent = true: null

24-10-2024T07:20:45 - [TEST_STEP][PASSED] - println(isRequiredTextPresent): null

24-10-2024T07:20:45 - [TEST_STEP][PASSED] - if (isRequiredTextPresent): null

24-10-2024T07:20:45 - [TEST_STEP][PASSED] - if (verifyTextPresent("Please verify the following information:", false)): null

24-10-2024T07:20:45 - [MESSAGE][PASSED] - Text 'Please verify the following information:' is present on page 

24-10-2024T07:20:45 - [TEST_STEP][PASSED] - isRequiredTextPresent = true: null

24-10-2024T07:20:45 - [TEST_STEP][PASSED] - if (isRequiredTextPresent): null

24-10-2024T07:20:45 - [TEST_STEP][PASSED] - if (verifyTextPresent("Payment Information:", false)): null

24-10-2024T07:20:45 - [MESSAGE][PASSED] - Text 'Payment Information:' is present on page 

24-10-2024T07:20:45 - [TEST_STEP][PASSED] - isRequiredTextPresent = true: null

24-10-2024T07:20:45 - [TEST_STEP][PASSED] - if (isRequiredTextPresent): null

24-10-2024T07:20:45 - [TEST_STEP][PASSED] - if (verifyTextPresent("Tax Amount:", false)): null

24-10-2024T07:20:45 - [MESSAGE][PASSED] - Text 'Tax Amount:' is present on page 

24-10-2024T07:20:45 - [TEST_STEP][PASSED] - isRequiredTextPresent = true: null

24-10-2024T07:20:45 - [TEST_STEP][PASSED] - if (isRequiredTextPresent): null

24-10-2024T07:20:45 - [TEST_STEP][PASSED] - if (verifyTextPresent("Amount:", false)): null

24-10-2024T07:20:46 - [MESSAGE][PASSED] - Text 'Amount:' is present on page 

24-10-2024T07:20:46 - [TEST_STEP][PASSED] - isRequiredTextPresent = true: null

24-10-2024T07:20:46 - [TEST_STEP][PASSED] - if (isRequiredTextPresent): null

24-10-2024T07:20:46 - [TEST_STEP][PASSED] - if (verifyTextPresent("UDF2 Label:", false)): null

24-10-2024T07:20:46 - [MESSAGE][PASSED] - Text 'UDF2 Label:' is present on page 

24-10-2024T07:20:46 - [TEST_STEP][PASSED] - isRequiredTextPresent = true: null

24-10-2024T07:20:46 - [TEST_STEP][PASSED] - if (isRequiredTextPresent): null

24-10-2024T07:20:46 - [TEST_STEP][PASSED] - if (verifyTextPresent("UDF3 Label:", false)): null

24-10-2024T07:20:46 - [MESSAGE][PASSED] - Text 'UDF3 Label:' is present on page 

24-10-2024T07:20:46 - [TEST_STEP][PASSED] - isRequiredTextPresent = true: null

24-10-2024T07:20:46 - [TEST_STEP][PASSED] - if (isRequiredTextPresent): null

24-10-2024T07:20:46 - [TEST_STEP][PASSED] - if (verifyTextPresent("UDF4 Label:", false)): null

24-10-2024T07:20:47 - [MESSAGE][PASSED] - Text 'UDF4 Label:' is present on page 

24-10-2024T07:20:47 - [TEST_STEP][PASSED] - isRequiredTextPresent = true: null

24-10-2024T07:20:47 - [TEST_STEP][PASSED] - if (isRequiredTextPresent): null

24-10-2024T07:20:47 - [TEST_STEP][PASSED] - if (verifyTextPresent("UDF7 Label:", false)): null

24-10-2024T07:20:47 - [MESSAGE][PASSED] - Text 'UDF7 Label:' is present on page 

24-10-2024T07:20:47 - [TEST_STEP][PASSED] - isRequiredTextPresent = true: null

24-10-2024T07:20:47 - [TEST_STEP][PASSED] - if (isRequiredTextPresent): null

24-10-2024T07:20:47 - [TEST_STEP][PASSED] - if (verifyTextPresent("UDF8 Label:", false)): null

24-10-2024T07:20:47 - [MESSAGE][PASSED] - Text 'UDF8 Label:' is present on page 

24-10-2024T07:20:47 - [TEST_STEP][PASSED] - isRequiredTextPresent = true: null

24-10-2024T07:20:47 - [TEST_STEP][PASSED] - if (isRequiredTextPresent): null

24-10-2024T07:20:47 - [TEST_STEP][PASSED] - if (verifyTextPresent("UDF9 Label:", false)): null

24-10-2024T07:20:47 - [MESSAGE][PASSED] - Text 'UDF9 Label:' is present on page 

24-10-2024T07:20:47 - [TEST_STEP][PASSED] - isRequiredTextPresent = true: null

24-10-2024T07:20:47 - [TEST_STEP][PASSED] - if (isRequiredTextPresent): null

24-10-2024T07:20:47 - [TEST_STEP][PASSED] - if (verifyTextPresent("UDF9 Label:", false)): null

24-10-2024T07:20:48 - [MESSAGE][PASSED] - Text 'UDF9 Label:' is present on page 

24-10-2024T07:20:48 - [TEST_STEP][PASSED] - isRequiredTextPresent = true: null

24-10-2024T07:20:48 - [TEST_STEP][PASSED] - if (isRequiredTextPresent): null

24-10-2024T07:20:48 - [TEST_STEP][PASSED] - if (verifyTextPresent("Account Information:", false)): null

24-10-2024T07:20:48 - [MESSAGE][PASSED] - Text 'Account Information:' is present on page 

24-10-2024T07:20:48 - [TEST_STEP][PASSED] - isRequiredTextPresent = true: null

24-10-2024T07:20:48 - [TEST_STEP][PASSED] - if (isRequiredTextPresent): null

24-10-2024T07:20:48 - [TEST_STEP][PASSED] - if (verifyTextPresent("First Name on Check:", false)): null

24-10-2024T07:20:48 - [MESSAGE][PASSED] - Text 'First Name on Check:' is present on page 

24-10-2024T07:20:48 - [TEST_STEP][PASSED] - isRequiredTextPresent = true: null

24-10-2024T07:20:48 - [TEST_STEP][PASSED] - if (isRequiredTextPresent): null

24-10-2024T07:20:48 - [TEST_STEP][PASSED] - if (verifyTextPresent("Last Name on Check:", false)): null

24-10-2024T07:20:49 - [MESSAGE][PASSED] - Text 'Last Name on Check:' is present on page 

24-10-2024T07:20:49 - [TEST_STEP][PASSED] - isRequiredTextPresent = true: null

24-10-2024T07:20:49 - [TEST_STEP][PASSED] - if (isRequiredTextPresent): null

24-10-2024T07:20:49 - [TEST_STEP][PASSED] - if (verifyTextPresent("Routing Transit Number:", false)): null

24-10-2024T07:20:49 - [MESSAGE][PASSED] - Text 'Routing Transit Number:' is present on page 

24-10-2024T07:20:49 - [TEST_STEP][PASSED] - isRequiredTextPresent = true: null

24-10-2024T07:20:49 - [TEST_STEP][PASSED] - if (isRequiredTextPresent): null

24-10-2024T07:20:49 - [TEST_STEP][PASSED] - if (verifyTextPresent("Account Number:", false)): null

24-10-2024T07:20:49 - [MESSAGE][PASSED] - Text 'Account Number:' is present on page 

24-10-2024T07:20:49 - [TEST_STEP][PASSED] - isRequiredTextPresent = true: null

24-10-2024T07:20:49 - [TEST_STEP][PASSED] - if (isRequiredTextPresent): null

24-10-2024T07:20:49 - [TEST_STEP][PASSED] - if (verifyTextPresent("Type of Account:", false)): null

24-10-2024T07:20:49 - [MESSAGE][PASSED] - Text 'Type of Account:' is present on page 

24-10-2024T07:20:49 - [TEST_STEP][PASSED] - isRequiredTextPresent = true: null

24-10-2024T07:20:49 - [TEST_STEP][PASSED] - if (isRequiredTextPresent): null

24-10-2024T07:20:49 - [TEST_STEP][PASSED] - if (verifyTextPresent("Payment Date:", false)): null

24-10-2024T07:20:50 - [MESSAGE][PASSED] - Text 'Payment Date:' is present on page 

24-10-2024T07:20:50 - [TEST_STEP][PASSED] - isRequiredTextPresent = true: null

24-10-2024T07:20:50 - [TEST_STEP][PASSED] - if (isRequiredTextPresent): null

24-10-2024T07:20:50 - [TEST_STEP][PASSED] - if (verifyTextPresent("Address Line 1:", false)): null

24-10-2024T07:20:50 - [MESSAGE][PASSED] - Text 'Address Line 1:' is present on page 

24-10-2024T07:20:50 - [TEST_STEP][PASSED] - isRequiredTextPresent = true: null

24-10-2024T07:20:50 - [TEST_STEP][PASSED] - if (isRequiredTextPresent): null

24-10-2024T07:20:50 - [TEST_STEP][PASSED] - if (verifyTextPresent("Country:", false)): null

24-10-2024T07:20:50 - [MESSAGE][PASSED] - Text 'Country:' is present on page 

24-10-2024T07:20:50 - [TEST_STEP][PASSED] - isRequiredTextPresent = true: null

24-10-2024T07:20:50 - [TEST_STEP][PASSED] - if (isRequiredTextPresent): null

24-10-2024T07:20:50 - [TEST_STEP][PASSED] - if (verifyTextPresent("City:", false)): null

24-10-2024T07:20:51 - [MESSAGE][PASSED] - Text 'City:' is present on page 

24-10-2024T07:20:51 - [TEST_STEP][PASSED] - isRequiredTextPresent = true: null

24-10-2024T07:20:51 - [TEST_STEP][PASSED] - if (isRequiredTextPresent): null

24-10-2024T07:20:51 - [TEST_STEP][PASSED] - if (verifyTextPresent("State:", false)): null

24-10-2024T07:20:51 - [MESSAGE][PASSED] - Text 'State:' is present on page 

24-10-2024T07:20:51 - [TEST_STEP][PASSED] - isRequiredTextPresent = true: null

24-10-2024T07:20:51 - [TEST_STEP][PASSED] - if (isRequiredTextPresent): null

24-10-2024T07:20:51 - [TEST_STEP][PASSED] - if (verifyTextPresent("ZIP Code:", false)): null

24-10-2024T07:20:51 - [MESSAGE][PASSED] - Text 'ZIP Code:' is present on page 

24-10-2024T07:20:51 - [TEST_STEP][PASSED] - isRequiredTextPresent = true: null

24-10-2024T07:20:51 - [TEST_STEP][PASSED] - if (isRequiredTextPresent): null

24-10-2024T07:20:51 - [TEST_STEP][PASSED] - if (verifyTextPresent("Email Address:", false)): null

24-10-2024T07:20:52 - [MESSAGE][PASSED] - Text 'Email Address:' is present on page 

24-10-2024T07:20:52 - [TEST_STEP][PASSED] - isRequiredTextPresent = true: null

24-10-2024T07:20:52 - [TEST_STEP][PASSED] - if (isRequiredTextPresent): null

24-10-2024T07:20:52 - [TEST_STEP][PASSED] - if (verifyTextPresent("Is this information correct?", false)): null

24-10-2024T07:20:52 - [MESSAGE][PASSED] - Text 'Is this information correct?' is present on page 

24-10-2024T07:20:52 - [TEST_STEP][PASSED] - isRequiredTextPresent = true: null

24-10-2024T07:20:52 - [TEST_STEP][PASSED] - closeBrowser(): Browser is closed

24-10-2024T07:20:53 - [MESSAGE][PASSED] - Browser is closed]]></system-out>
         <system-err><![CDATA[]]></system-err>
      </testcase>
      <testcase name="Test Cases/IntegratedWeb/IWP25/Payments/VerifyCreateReceiptLabelsDeferredCC" time="209.621" classname="Test Cases/IntegratedWeb/IWP25/Payments/VerifyCreateReceiptLabelsDeferredCC" status="PASSED">
         <system-out><![CDATA[24-10-2024T07:20:53 - [TEST_CASE][PASSED] - Test Cases/IntegratedWeb/IWP25/Payments/VerifyCreateReceiptLabelsDeferredCC: Test Cases/IntegratedWeb/IWP25/Payments/VerifyCreateReceiptLabelsDeferredCC

24-10-2024T07:20:53 - [TEST_STEP][PASSED] - resText = "Fail": null

24-10-2024T07:20:53 - [TEST_STEP][PASSED] - resColumn = "Result": null

24-10-2024T07:20:53 - [TEST_STEP][PASSED] - datCloumn = "Date": null

24-10-2024T07:20:53 - [TEST_STEP][PASSED] - fileLoc = "KatalonData/IWPTestData/VRelay25PaymentsExtension.xlsx": null

24-10-2024T07:20:53 - [TEST_STEP][PASSED] - numOfRows = <not implemented yet for class: org.codehaus.groovy.ast.expr.EmptyExpression>: null

24-10-2024T07:20:53 - [TEST_STEP][PASSED] - dataFile = <not implemented yet for class: org.codehaus.groovy.ast.expr.EmptyExpression>: null

24-10-2024T07:20:53 - [TEST_STEP][PASSED] - nameSheet = <not implemented yet for class: org.codehaus.groovy.ast.expr.EmptyExpression>: null

24-10-2024T07:20:53 - [TEST_STEP][PASSED] - dataFileEmulator = <not implemented yet for class: org.codehaus.groovy.ast.expr.EmptyExpression>: null

24-10-2024T07:20:53 - [TEST_STEP][PASSED] - isRequiredTextPresent = false: null

24-10-2024T07:20:53 - [TEST_STEP][PASSED] - nameSheet = "VerifyCreateLabelDeferredCredit": null

24-10-2024T07:20:53 - [TEST_STEP][PASSED] - dataFile = getExcelDataWithDefaultSheet("KatalonData/IWPTestData/VRelay25PaymentsExtension.xlsx", nameSheet, true): null

24-10-2024T07:20:53 - [TEST_STEP][PASSED] - dataFileEmulator = "IWPTestData/EmulatorData": null

24-10-2024T07:20:53 - [TEST_STEP][PASSED] - numOfRows = dataFile.getRowNumbers(): null

24-10-2024T07:20:53 - [TEST_STEP][PASSED] - println("Number of Records: " + numOfRows): null

24-10-2024T07:20:53 - [TEST_STEP][PASSED] - for ([row = 1, row <= numOfRows, (row++)]): Browser is closed

24-10-2024T07:20:53 - [TEST_STEP][PASSED] - ExecuteTC = dataFile.getValue("Execute", row): null

24-10-2024T07:20:53 - [TEST_STEP][PASSED] - out.println("Value of Execute is : " + ExecuteTC): null

24-10-2024T07:20:53 - [TEST_STEP][PASSED] - if (ExecuteTC.equalsIgnoreCase("Y")): null

24-10-2024T07:20:53 - [TEST_STEP][PASSED] - out.println("Begin Record Number: " + row): null

24-10-2024T07:20:53 - [TEST_STEP][PASSED] - today = new java.util.Date(): null

24-10-2024T07:20:53 - [TEST_STEP][PASSED] - println(today): null

24-10-2024T07:20:53 - [TEST_STEP][PASSED] - datText = today: null

24-10-2024T07:20:53 - [TEST_STEP][PASSED] - EmulatorDataKey = dataFile.getValue("EmulatorData", row): null

24-10-2024T07:20:53 - [TEST_STEP][PASSED] - out.println("Value of Emulator Key is : " + EmulatorDataKey): null

24-10-2024T07:20:53 - [TEST_STEP][PASSED] - iwpPages.emulatorIWP30.setDataEmulator_DD(EmulatorDataKey): iwpPages.emulatorIWP30.setDataEmulator_DD is PASSED

24-10-2024T07:20:54 - [MESSAGE][INFO] - Starting 'Edge Chromium' driver

24-10-2024T07:20:54 - [MESSAGE][INFO] - User set preference: ['acceptInsecureCerts', 'true']

24-10-2024T07:20:56 - [MESSAGE][INFO] - Action delay is set to 0 milliseconds

24-10-2024T07:20:59 - [MESSAGE][PASSED] - Browser is opened with url: 'https://qa2.velocitypayment.com/agencyx/config.action?action=editor&message_version=2_5'

24-10-2024T07:21:00 - [MESSAGE][PASSED] - Current window maximized

24-10-2024T07:21:31 - [MESSAGE][INFO] - Unable to find the element located by 'By.xpath: //select[@name='message_version']'. Please recheck the objects properties to make sure the desired element is located. 

24-10-2024T07:21:31 - [MESSAGE][WARNING] - [SELF-HEALING] Failed to find element with id 'Object Repository/IWP30/Page_VRelay30Emulator/MV'. Try using Self-healing.

24-10-2024T07:21:31 - [MESSAGE][WARNING] - [SELF-HEALING] The current locator of test object 'Object Repository/IWP30/Page_VRelay30Emulator/MV' was broken. Propose an alternative one: '(.//*[normalize-space(text()) and normalize-space(.)='Message Version'])[1]/following::select[1]'.

24-10-2024T07:21:32 - [MESSAGE][PASSED] - All options with value '2.5' are selected in object 'Object Repository/IWP30/Page_VRelay30Emulator/MV'  using regular expression

24-10-2024T07:21:32 - [MESSAGE][PASSED] - Text '10.50' is set on object 'Object Repository/IWP30/Page_EmulatorAgencyX/Amount'

24-10-2024T07:21:33 - [MESSAGE][PASSED] - Text '4i0SjnVU1CPr' is set on object 'Object Repository/IWP30/Page_EmulatorAgencyX/CAN'

24-10-2024T07:21:34 - [MESSAGE][PASSED] - Text 'PayNow' is set on object 'Object Repository/IWP30/Page_EmulatorAgencyX/Action'

24-10-2024T07:21:34 - [MESSAGE][PASSED] - Text 'en_US' is set on object 'Object Repository/IWP30/Page_EmulatorAgencyX/Lang'

24-10-2024T07:21:35 - [MESSAGE][PASSED] - Text '' is set on object 'Object Repository/IWP30/Page_EmulatorAgencyX/Fname'

24-10-2024T07:21:35 - [MESSAGE][PASSED] - Text '' is set on object 'Object Repository/IWP30/Page_EmulatorAgencyX/Lname'

24-10-2024T07:21:36 - [MESSAGE][PASSED] - Text '' is set on object 'Object Repository/IWP30/Page_EmulatorAgencyX/AL1'

24-10-2024T07:21:37 - [MESSAGE][PASSED] - Text '' is set on object 'Object Repository/IWP30/Page_EmulatorAgencyX/AL2'

24-10-2024T07:21:37 - [MESSAGE][PASSED] - Text '' is set on object 'Object Repository/IWP30/Page_EmulatorAgencyX/Country'

24-10-2024T07:21:38 - [MESSAGE][PASSED] - Text '' is set on object 'Object Repository/IWP30/Page_EmulatorAgencyX/City'

24-10-2024T07:21:38 - [MESSAGE][PASSED] - Text '' is set on object 'Object Repository/IWP30/Page_EmulatorAgencyX/State'

24-10-2024T07:21:39 - [MESSAGE][PASSED] - Text '' is set on object 'Object Repository/IWP30/Page_EmulatorAgencyX/ZIP'

24-10-2024T07:21:39 - [MESSAGE][PASSED] - Text '' is set on object 'Object Repository/IWP30/Page_EmulatorAgencyX/Order'

24-10-2024T07:21:40 - [MESSAGE][PASSED] - Text '' is set on object 'Object Repository/IWP30/Page_EmulatorAgencyX/Company'

24-10-2024T07:21:41 - [MESSAGE][PASSED] - Text '' is set on object 'Object Repository/IWP30/Page_EmulatorAgencyX/Email'

24-10-2024T07:21:41 - [MESSAGE][PASSED] - Text '' is set on object 'Object Repository/IWP30/Page_EmulatorAgencyX/UDF1'

24-10-2024T07:21:42 - [MESSAGE][PASSED] - Text '' is set on object 'Object Repository/IWP30/Page_EmulatorAgencyX/UDF2'

24-10-2024T07:21:42 - [MESSAGE][PASSED] - Text '' is set on object 'Object Repository/IWP30/Page_EmulatorAgencyX/UDF3'

24-10-2024T07:21:43 - [MESSAGE][PASSED] - Text 'udf data 4' is set on object 'Object Repository/IWP30/Page_EmulatorAgencyX/UDF4'

24-10-2024T07:21:43 - [MESSAGE][PASSED] - Text 'udf data 5' is set on object 'Object Repository/IWP30/Page_EmulatorAgencyX/UDF5'

24-10-2024T07:21:44 - [MESSAGE][PASSED] - Text '' is set on object 'Object Repository/IWP30/Page_EmulatorAgencyX/UDF6'

24-10-2024T07:21:45 - [MESSAGE][PASSED] - Text '' is set on object 'Object Repository/IWP30/Page_EmulatorAgencyX/UDF7'

24-10-2024T07:21:45 - [MESSAGE][PASSED] - Text '' is set on object 'Object Repository/IWP30/Page_EmulatorAgencyX/UDF8'

24-10-2024T07:21:46 - [MESSAGE][PASSED] - Text 'udf data 9' is set on object 'Object Repository/IWP30/Page_EmulatorAgencyX/UDF9'

24-10-2024T07:21:46 - [MESSAGE][PASSED] - Text 'udf data 10' is set on object 'Object Repository/IWP30/Page_EmulatorAgencyX/UDF10'

24-10-2024T07:21:48 - [MESSAGE][PASSED] - Object: 'Object Repository/IWP30/Page_EmulatorAgencyX/Submit' is clicked on

24-10-2024T07:21:52 - [MESSAGE][PASSED] - Browser is closed

24-10-2024T07:21:56 - [MESSAGE][PASSED] - iwpPages.emulatorIWP30.setDataEmulator_DD is PASSED

24-10-2024T07:21:56 - [TEST_STEP][PASSED] - testHarnessURL = urlTestHarness: null

24-10-2024T07:21:56 - [TEST_STEP][PASSED] - openBrowser(testHarnessURL): Browser is opened with url: 'https://dev-algorithm.govolution.com/vrelaytest/QA2/version_2_2/vrelaytest.html'

24-10-2024T07:21:56 - [MESSAGE][INFO] - Starting 'Edge Chromium' driver

24-10-2024T07:21:56 - [MESSAGE][INFO] - User set preference: ['acceptInsecureCerts', 'true']

24-10-2024T07:21:58 - [MESSAGE][INFO] - Action delay is set to 0 milliseconds

24-10-2024T07:22:02 - [MESSAGE][PASSED] - Browser is opened with url: 'https://dev-algorithm.govolution.com/vrelaytest/QA2/version_2_2/vrelaytest.html'

24-10-2024T07:22:02 - [TEST_STEP][PASSED] - maximizeWindow(): Current window maximized

24-10-2024T07:22:02 - [MESSAGE][PASSED] - Current window maximized

24-10-2024T07:22:02 - [TEST_STEP][PASSED] - iwpPages.TestHarnessPage.setDataMethodEF(row, dataFile): iwpPages.TestHarnessPage.setDataMethodEF is PASSED

24-10-2024T07:22:02 - [MESSAGE][PASSED] - Object 'Object Repository/IWP30/Page_QATestHarness/RemittanceID' is present

24-10-2024T07:22:03 - [MESSAGE][PASSED] - Text '638' is set on object 'Object Repository/IWP30/Page_QATestHarness/ApplicationID'

24-10-2024T07:22:03 - [MESSAGE][PASSED] - Text '2.5' is set on object 'Object Repository/IWP30/Page_QATestHarness/MessageVersion'

24-10-2024T07:22:04 - [MESSAGE][PASSED] - Text 'kZqwtS1IRuYd' is set on object 'Object Repository/IWP30/Page_QATestHarness/RemittanceID'

24-10-2024T07:22:08 - [MESSAGE][PASSED] - Object: 'Object Repository/IWP30/Page_QATestHarness/SubmitButton' is clicked on

24-10-2024T07:22:08 - [MESSAGE][PASSED] - iwpPages.TestHarnessPage.setDataMethodEF is PASSED

24-10-2024T07:22:08 - [TEST_STEP][PASSED] - click(findTestObject("Object Repository/IWP30/Page_SelectPaymentMethod/PayByCreditCard")): Object: 'Object Repository/IWP30/Page_SelectPaymentMethod/PayByCreditCard' is clicked on

24-10-2024T07:22:08 - [MESSAGE][PASSED] - Object: 'Object Repository/IWP30/Page_SelectPaymentMethod/PayByCreditCard' is clicked on

24-10-2024T07:22:08 - [TEST_STEP][PASSED] - click(findTestObject("Object Repository/IWP30/Page_SelectPaymentMethod/MakePaymentButton")): Object: 'Object Repository/IWP30/Page_SelectPaymentMethod/MakePaymentButton' is clicked on

24-10-2024T07:22:11 - [MESSAGE][PASSED] - Object: 'Object Repository/IWP30/Page_SelectPaymentMethod/MakePaymentButton' is clicked on

24-10-2024T07:22:11 - [TEST_STEP][PASSED] - iwpPages.ccPaymentEntryPage.setDataCCPM(row, dataFile): iwpPages.ccPaymentEntryPage.setDataCCPM is PASSED

24-10-2024T07:22:12 - [MESSAGE][PASSED] - Object 'Object Repository/IWP30/Page_CCPaymentEntry/Name' is present

24-10-2024T07:22:13 - [MESSAGE][PASSED] - Text '10.50' is set on object 'Object Repository/IWP30/Page_CCPaymentEntry/Amount'

24-10-2024T07:22:13 - [MESSAGE][PASSED] - Text 'udf data 2' is set on object 'Object Repository/IWP30/Page_CCPaymentEntry/UserDefined2'

24-10-2024T07:22:14 - [MESSAGE][PASSED] - Text 'udf data 3' is set on object 'Object Repository/IWP30/Page_CCPaymentEntry/UserDefined3'

24-10-2024T07:22:14 - [MESSAGE][PASSED] - All options with label 'Orange' are selected in object 'Object Repository/IWP30/Page_CCPaymentEntry/UserDefined7' 

24-10-2024T07:22:15 - [MESSAGE][PASSED] - All options with label 'Soccer' are selected in object 'Object Repository/IWP30/Page_CCPaymentEntry/UserDefined8' 

24-10-2024T07:22:15 - [MESSAGE][PASSED] - Object 'Object Repository/IWP30/Page_CCPaymentEntry/Name' is present

24-10-2024T07:22:16 - [MESSAGE][PASSED] - Text 'Kavita Ranawati' is set on object 'Object Repository/IWP30/Page_CCPaymentEntry/Name'

24-10-2024T07:22:16 - [MESSAGE][PASSED] - Object 'Object Repository/IWP30/Page_CCPaymentEntry/CardNumber' is present

24-10-2024T07:22:17 - [MESSAGE][PASSED] - Text '4111111111111111' is set on object 'Object Repository/IWP30/Page_CCPaymentEntry/CardNumber'

24-10-2024T07:22:17 - [MESSAGE][PASSED] - Text '123' is set on object 'Object Repository/IWP30/Page_CCPaymentEntry/SPC'

24-10-2024T07:22:18 - [MESSAGE][PASSED] - Object 'Object Repository/IWP30/Page_CCPaymentEntry/Month' is present

24-10-2024T07:22:18 - [MESSAGE][PASSED] - All options with label '01' are selected in object 'Object Repository/IWP30/Page_CCPaymentEntry/Month' 

24-10-2024T07:22:19 - [MESSAGE][PASSED] - Object 'Object Repository/IWP30/Page_CCPaymentEntry/Year' is present

24-10-2024T07:22:19 - [MESSAGE][PASSED] - All options with label '2028' are selected in object 'Object Repository/IWP30/Page_CCPaymentEntry/Year' 

24-10-2024T07:22:19 - [MESSAGE][PASSED] - Execute JavaScript '
				   document.getElementById('processDate').value = '08/09/2025'
				  ' successfully

24-10-2024T07:22:20 - [MESSAGE][PASSED] - Text '365 Main Avenue' is set on object 'Object Repository/IWP30/Page_CCPaymentEntry/AL1'

24-10-2024T07:22:20 - [MESSAGE][PASSED] - Text 'Ohio' is set on object 'Object Repository/IWP30/Page_CCPaymentEntry/AL2'

24-10-2024T07:22:21 - [MESSAGE][PASSED] - Text '22201' is set on object 'Object Repository/IWP30/Page_CCPaymentEntry/ZIP'

24-10-2024T07:22:21 - [MESSAGE][PASSED] - Object 'Object Repository/IWP30/Page_CCPaymentEntry/EmailAddress' is present

24-10-2024T07:22:23 - [MESSAGE][PASSED] - Text 'iahmed@govolution.com' is set on object 'Object Repository/IWP30/Page_CCPaymentEntry/EmailAddress'

24-10-2024T07:22:23 - [MESSAGE][PASSED] - Object 'Object Repository/IWP30/Page_CCPaymentEntry/TermCondCheckBox' is present

24-10-2024T07:22:23 - [MESSAGE][PASSED] - Object 'Object Repository/IWP30/Page_CCPaymentEntry/TermCondCheckBox' is checked

24-10-2024T07:22:23 - [MESSAGE][PASSED] - Object 'Object Repository/IWP30/Page_CCPaymentEntry/ContinueButton' is present

24-10-2024T07:22:25 - [MESSAGE][PASSED] - Object: 'Object Repository/IWP30/Page_CCPaymentEntry/ContinueButton' is clicked on

24-10-2024T07:22:25 - [MESSAGE][PASSED] - iwpPages.ccPaymentEntryPage.setDataCCPM is PASSED

24-10-2024T07:22:25 - [TEST_STEP][PASSED] - click(findTestObject("Object Repository/IWP30/Page_Confirmation/ConfirmButton")): Object: 'Object Repository/IWP30/Page_Confirmation/ConfirmButton' is clicked on

24-10-2024T07:22:28 - [MESSAGE][PASSED] - Object: 'Object Repository/IWP30/Page_Confirmation/ConfirmButton' is clicked on

24-10-2024T07:22:28 - [TEST_STEP][PASSED] - Thread.sleep(2000): null

24-10-2024T07:22:30 - [TEST_STEP][PASSED] - if (verifyTextPresent("Deferred", false)): null

24-10-2024T07:22:30 - [MESSAGE][PASSED] - Text 'Deferred' is present on page 

24-10-2024T07:22:30 - [TEST_STEP][PASSED] - if (verifyTextPresent("Your payment plan has been successfully created", false)): null

24-10-2024T07:22:30 - [MESSAGE][PASSED] - Text 'Your payment plan has been successfully created' is present on page 

24-10-2024T07:22:30 - [TEST_STEP][PASSED] - isRequiredTextPresent = true: null

24-10-2024T07:22:30 - [TEST_STEP][PASSED] - println(isRequiredTextPresent): null

24-10-2024T07:22:30 - [TEST_STEP][PASSED] - if (isRequiredTextPresent): null

24-10-2024T07:22:30 - [TEST_STEP][PASSED] - if (verifyTextPresent("CAN Label:", false)): null

24-10-2024T07:22:31 - [MESSAGE][PASSED] - Text 'CAN Label:' is present on page 

24-10-2024T07:22:31 - [TEST_STEP][PASSED] - isRequiredTextPresent = true: null

24-10-2024T07:22:31 - [TEST_STEP][PASSED] - println(isRequiredTextPresent): null

24-10-2024T07:22:31 - [TEST_STEP][PASSED] - if (isRequiredTextPresent): null

24-10-2024T07:22:31 - [TEST_STEP][PASSED] - if (verifyTextPresent("Remittance ID:", false)): null

24-10-2024T07:22:31 - [MESSAGE][PASSED] - Text 'Remittance ID:' is present on page 

24-10-2024T07:22:31 - [TEST_STEP][PASSED] - isRequiredTextPresent = true: null

24-10-2024T07:22:31 - [TEST_STEP][PASSED] - println(isRequiredTextPresent): null

24-10-2024T07:22:31 - [TEST_STEP][PASSED] - if (isRequiredTextPresent): null

24-10-2024T07:22:31 - [TEST_STEP][PASSED] - if (verifyTextPresent("UDF2 Label:", false)): null

24-10-2024T07:22:31 - [MESSAGE][PASSED] - Text 'UDF2 Label:' is present on page 

24-10-2024T07:22:31 - [TEST_STEP][PASSED] - isRequiredTextPresent = true: null

24-10-2024T07:22:31 - [TEST_STEP][PASSED] - println(isRequiredTextPresent): null

24-10-2024T07:22:31 - [TEST_STEP][PASSED] - if (isRequiredTextPresent): null

24-10-2024T07:22:31 - [TEST_STEP][PASSED] - if (verifyTextPresent("UDF3 Label:", false)): null

24-10-2024T07:22:31 - [MESSAGE][PASSED] - Text 'UDF3 Label:' is present on page 

24-10-2024T07:22:31 - [TEST_STEP][PASSED] - isRequiredTextPresent = true: null

24-10-2024T07:22:31 - [TEST_STEP][PASSED] - println(isRequiredTextPresent): null

24-10-2024T07:22:31 - [TEST_STEP][PASSED] - if (isRequiredTextPresent): null

24-10-2024T07:22:31 - [TEST_STEP][PASSED] - if (verifyTextPresent("UDF4 Label:", false)): null

24-10-2024T07:22:32 - [MESSAGE][PASSED] - Text 'UDF4 Label:' is present on page 

24-10-2024T07:22:32 - [TEST_STEP][PASSED] - isRequiredTextPresent = true: null

24-10-2024T07:22:32 - [TEST_STEP][PASSED] - println(isRequiredTextPresent): null

24-10-2024T07:22:32 - [TEST_STEP][PASSED] - if (isRequiredTextPresent): null

24-10-2024T07:22:32 - [TEST_STEP][PASSED] - if (verifyTextPresent("UDF7 Label:", false)): null

24-10-2024T07:22:32 - [MESSAGE][PASSED] - Text 'UDF7 Label:' is present on page 

24-10-2024T07:22:32 - [TEST_STEP][PASSED] - isRequiredTextPresent = true: null

24-10-2024T07:22:32 - [TEST_STEP][PASSED] - println(isRequiredTextPresent): null

24-10-2024T07:22:32 - [TEST_STEP][PASSED] - if (isRequiredTextPresent): null

24-10-2024T07:22:32 - [TEST_STEP][PASSED] - if (verifyTextPresent("UDF8 Label:", false)): null

24-10-2024T07:22:32 - [MESSAGE][PASSED] - Text 'UDF8 Label:' is present on page 

24-10-2024T07:22:32 - [TEST_STEP][PASSED] - isRequiredTextPresent = true: null

24-10-2024T07:22:32 - [TEST_STEP][PASSED] - println(isRequiredTextPresent): null

24-10-2024T07:22:32 - [TEST_STEP][PASSED] - if (isRequiredTextPresent): null

24-10-2024T07:22:32 - [TEST_STEP][PASSED] - if (verifyTextPresent("UDF9 Label:", false)): null

24-10-2024T07:22:32 - [MESSAGE][PASSED] - Text 'UDF9 Label:' is present on page 

24-10-2024T07:22:32 - [TEST_STEP][PASSED] - isRequiredTextPresent = true: null

24-10-2024T07:22:32 - [TEST_STEP][PASSED] - println(isRequiredTextPresent): null

24-10-2024T07:22:32 - [TEST_STEP][PASSED] - if (isRequiredTextPresent): null

24-10-2024T07:22:32 - [TEST_STEP][PASSED] - if (verifyTextPresent("Transaction Type:", false)): null

24-10-2024T07:22:33 - [MESSAGE][PASSED] - Text 'Transaction Type:' is present on page 

24-10-2024T07:22:33 - [TEST_STEP][PASSED] - isRequiredTextPresent = true: null

24-10-2024T07:22:33 - [TEST_STEP][PASSED] - println(isRequiredTextPresent): null

24-10-2024T07:22:33 - [TEST_STEP][PASSED] - if (isRequiredTextPresent): null

24-10-2024T07:22:33 - [TEST_STEP][PASSED] - if (verifyTextPresent("Amount:", false)): null

24-10-2024T07:22:33 - [MESSAGE][PASSED] - Text 'Amount:' is present on page 

24-10-2024T07:22:33 - [TEST_STEP][PASSED] - isRequiredTextPresent = true: null

24-10-2024T07:22:33 - [TEST_STEP][PASSED] - println(isRequiredTextPresent): null

24-10-2024T07:22:33 - [TEST_STEP][PASSED] - if (isRequiredTextPresent): null

24-10-2024T07:22:33 - [TEST_STEP][PASSED] - if (verifyTextPresent("Card Information:", false)): null

24-10-2024T07:22:33 - [MESSAGE][PASSED] - Text 'Card Information:' is present on page 

24-10-2024T07:22:33 - [TEST_STEP][PASSED] - isRequiredTextPresent = true: null

24-10-2024T07:22:33 - [TEST_STEP][PASSED] - println(isRequiredTextPresent): null

24-10-2024T07:22:33 - [TEST_STEP][PASSED] - if (isRequiredTextPresent): null

24-10-2024T07:22:33 - [TEST_STEP][PASSED] - if (verifyTextPresent("Card Type:", false)): null

24-10-2024T07:22:34 - [MESSAGE][PASSED] - Text 'Card Type:' is present on page 

24-10-2024T07:22:34 - [TEST_STEP][PASSED] - isRequiredTextPresent = true: null

24-10-2024T07:22:34 - [TEST_STEP][PASSED] - println(isRequiredTextPresent): null

24-10-2024T07:22:34 - [TEST_STEP][PASSED] - if (isRequiredTextPresent): null

24-10-2024T07:22:34 - [TEST_STEP][PASSED] - if (verifyTextPresent("Name of Account:", false)): null

24-10-2024T07:22:34 - [MESSAGE][PASSED] - Text 'Name of Account:' is present on page 

24-10-2024T07:22:34 - [TEST_STEP][PASSED] - isRequiredTextPresent = true: null

24-10-2024T07:22:34 - [TEST_STEP][PASSED] - println(isRequiredTextPresent): null

24-10-2024T07:22:34 - [TEST_STEP][PASSED] - if (isRequiredTextPresent): null

24-10-2024T07:22:34 - [TEST_STEP][PASSED] - if (verifyTextPresent("Card Number:", false)): null

24-10-2024T07:22:34 - [MESSAGE][PASSED] - Text 'Card Number:' is present on page 

24-10-2024T07:22:34 - [TEST_STEP][PASSED] - isRequiredTextPresent = true: null

24-10-2024T07:22:34 - [TEST_STEP][PASSED] - println(isRequiredTextPresent): null

24-10-2024T07:22:34 - [TEST_STEP][PASSED] - if (isRequiredTextPresent): null

24-10-2024T07:22:34 - [TEST_STEP][PASSED] - if (verifyTextPresent("Expiration Date:", false)): null

24-10-2024T07:22:34 - [MESSAGE][PASSED] - Text 'Expiration Date:' is present on page 

24-10-2024T07:22:34 - [TEST_STEP][PASSED] - isRequiredTextPresent = true: null

24-10-2024T07:22:34 - [TEST_STEP][PASSED] - println(isRequiredTextPresent): null

24-10-2024T07:22:34 - [TEST_STEP][PASSED] - if (isRequiredTextPresent): null

24-10-2024T07:22:34 - [TEST_STEP][PASSED] - if (verifyTextPresent("Billing Information:", false)): null

24-10-2024T07:22:35 - [MESSAGE][PASSED] - Text 'Billing Information:' is present on page 

24-10-2024T07:22:35 - [TEST_STEP][PASSED] - isRequiredTextPresent = true: null

24-10-2024T07:22:35 - [TEST_STEP][PASSED] - println(isRequiredTextPresent): null

24-10-2024T07:22:35 - [TEST_STEP][PASSED] - if (isRequiredTextPresent): null

24-10-2024T07:22:35 - [TEST_STEP][PASSED] - if (verifyTextPresent("Address Line 1:", false)): null

24-10-2024T07:22:35 - [MESSAGE][PASSED] - Text 'Address Line 1:' is present on page 

24-10-2024T07:22:35 - [TEST_STEP][PASSED] - isRequiredTextPresent = true: null

24-10-2024T07:22:35 - [TEST_STEP][PASSED] - println(isRequiredTextPresent): null

24-10-2024T07:22:35 - [TEST_STEP][PASSED] - if (isRequiredTextPresent): null

24-10-2024T07:22:35 - [TEST_STEP][PASSED] - if (verifyTextPresent("Address Line 2:", false)): null

24-10-2024T07:22:35 - [MESSAGE][PASSED] - Text 'Address Line 2:' is present on page 

24-10-2024T07:22:35 - [TEST_STEP][PASSED] - isRequiredTextPresent = true: null

24-10-2024T07:22:35 - [TEST_STEP][PASSED] - println(isRequiredTextPresent): null

24-10-2024T07:22:35 - [TEST_STEP][PASSED] - if (isRequiredTextPresent): null

24-10-2024T07:22:35 - [TEST_STEP][PASSED] - if (verifyTextPresent("Country:", false)): null

24-10-2024T07:22:36 - [MESSAGE][PASSED] - Text 'Country:' is present on page 

24-10-2024T07:22:36 - [TEST_STEP][PASSED] - isRequiredTextPresent = true: null

24-10-2024T07:22:36 - [TEST_STEP][PASSED] - println(isRequiredTextPresent): null

24-10-2024T07:22:36 - [TEST_STEP][PASSED] - if (isRequiredTextPresent): null

24-10-2024T07:22:36 - [TEST_STEP][PASSED] - if (verifyTextPresent("City:", false)): null

24-10-2024T07:22:36 - [MESSAGE][PASSED] - Text 'City:' is present on page 

24-10-2024T07:22:36 - [TEST_STEP][PASSED] - isRequiredTextPresent = true: null

24-10-2024T07:22:36 - [TEST_STEP][PASSED] - println(isRequiredTextPresent): null

24-10-2024T07:22:36 - [TEST_STEP][PASSED] - if (isRequiredTextPresent): null

24-10-2024T07:22:36 - [TEST_STEP][PASSED] - if (verifyTextPresent("State:", false)): null

24-10-2024T07:22:36 - [MESSAGE][PASSED] - Text 'State:' is present on page 

24-10-2024T07:22:36 - [TEST_STEP][PASSED] - isRequiredTextPresent = true: null

24-10-2024T07:22:36 - [TEST_STEP][PASSED] - println(isRequiredTextPresent): null

24-10-2024T07:22:36 - [TEST_STEP][PASSED] - if (isRequiredTextPresent): null

24-10-2024T07:22:36 - [TEST_STEP][PASSED] - if (verifyTextPresent("Zip Code:", false)): null

24-10-2024T07:22:36 - [MESSAGE][PASSED] - Text 'Zip Code:' is present on page 

24-10-2024T07:22:36 - [TEST_STEP][PASSED] - isRequiredTextPresent = true: null

24-10-2024T07:22:36 - [TEST_STEP][PASSED] - println(isRequiredTextPresent): null

24-10-2024T07:22:36 - [TEST_STEP][PASSED] - if (isRequiredTextPresent): null

24-10-2024T07:22:36 - [TEST_STEP][PASSED] - if (verifyTextPresent("Plan Information:", false)): null

24-10-2024T07:22:37 - [MESSAGE][PASSED] - Text 'Plan Information:' is present on page 

24-10-2024T07:22:37 - [TEST_STEP][PASSED] - isRequiredTextPresent = true: null

24-10-2024T07:22:37 - [TEST_STEP][PASSED] - println(isRequiredTextPresent): null

24-10-2024T07:22:37 - [TEST_STEP][PASSED] - if (isRequiredTextPresent): null

24-10-2024T07:22:37 - [TEST_STEP][PASSED] - if (verifyTextPresent("Payment Plan Type:", false)): null

24-10-2024T07:22:37 - [MESSAGE][PASSED] - Text 'Payment Plan Type:' is present on page 

24-10-2024T07:22:37 - [TEST_STEP][PASSED] - isRequiredTextPresent = true: null

24-10-2024T07:22:37 - [TEST_STEP][PASSED] - println(isRequiredTextPresent): null

24-10-2024T07:22:37 - [TEST_STEP][PASSED] - if (isRequiredTextPresent): null

24-10-2024T07:22:37 - [TEST_STEP][PASSED] - if (verifyTextPresent("Payment Plan ID:", false)): null

24-10-2024T07:22:37 - [MESSAGE][PASSED] - Text 'Payment Plan ID:' is present on page 

24-10-2024T07:22:37 - [TEST_STEP][PASSED] - isRequiredTextPresent = true: null

24-10-2024T07:22:37 - [TEST_STEP][PASSED] - println(isRequiredTextPresent): null

24-10-2024T07:22:37 - [TEST_STEP][PASSED] - if (isRequiredTextPresent): null

24-10-2024T07:22:37 - [TEST_STEP][PASSED] - if (verifyTextPresent("Payment Date:", false)): null

24-10-2024T07:22:38 - [MESSAGE][PASSED] - Text 'Payment Date:' is present on page 

24-10-2024T07:22:38 - [TEST_STEP][PASSED] - isRequiredTextPresent = true: null

24-10-2024T07:22:38 - [TEST_STEP][PASSED] - println(isRequiredTextPresent): null

24-10-2024T07:22:38 - [TEST_STEP][PASSED] - if (isRequiredTextPresent == true): pages.WriteExcel.demoKey is PASSED

24-10-2024T07:22:38 - [TEST_STEP][PASSED] - println("All the relevant texts are present on Receipt Page"): null

24-10-2024T07:22:38 - [TEST_STEP][PASSED] - markPassed("All the relevant texts are present on Receipt Page"): All the relevant texts are present on Receipt Page

24-10-2024T07:22:38 - [MESSAGE][PASSED] - All the relevant texts are present on Receipt Page

24-10-2024T07:22:38 - [TEST_STEP][PASSED] - resText = "Pass": null

24-10-2024T07:22:38 - [TEST_STEP][PASSED] - pages.WriteExcel.demoKey(resText, datText, resColumn, datCloumn, fileLoc, nameSheet, row): pages.WriteExcel.demoKey is PASSED

24-10-2024T07:22:38 - [MESSAGE][PASSED] - pages.WriteExcel.demoKey is PASSED

24-10-2024T07:22:38 - [TEST_STEP][PASSED] - closeBrowser(): Browser is closed

24-10-2024T07:22:38 - [MESSAGE][PASSED] - Browser is closed

24-10-2024T07:22:38 - [TEST_STEP][PASSED] - ExecuteTC = dataFile.getValue("Execute", row): null

24-10-2024T07:22:38 - [TEST_STEP][PASSED] - out.println("Value of Execute is : " + ExecuteTC): null

24-10-2024T07:22:38 - [TEST_STEP][PASSED] - if (ExecuteTC.equalsIgnoreCase("Y")): null

24-10-2024T07:22:38 - [TEST_STEP][PASSED] - out.println("Begin Record Number: " + row): null

24-10-2024T07:22:38 - [TEST_STEP][PASSED] - today = new java.util.Date(): null

24-10-2024T07:22:38 - [TEST_STEP][PASSED] - println(today): null

24-10-2024T07:22:38 - [TEST_STEP][PASSED] - datText = today: null

24-10-2024T07:22:38 - [TEST_STEP][PASSED] - EmulatorDataKey = dataFile.getValue("EmulatorData", row): null

24-10-2024T07:22:38 - [TEST_STEP][PASSED] - out.println("Value of Emulator Key is : " + EmulatorDataKey): null

24-10-2024T07:22:38 - [TEST_STEP][PASSED] - iwpPages.emulatorIWP30.setDataEmulator_DD(EmulatorDataKey): iwpPages.emulatorIWP30.setDataEmulator_DD is PASSED

24-10-2024T07:22:39 - [MESSAGE][INFO] - Starting 'Edge Chromium' driver

24-10-2024T07:22:39 - [MESSAGE][INFO] - User set preference: ['acceptInsecureCerts', 'true']

24-10-2024T07:22:41 - [MESSAGE][INFO] - Action delay is set to 0 milliseconds

24-10-2024T07:22:45 - [MESSAGE][PASSED] - Browser is opened with url: 'https://qa2.velocitypayment.com/agencyx/config.action?action=editor&message_version=3_0'

24-10-2024T07:22:45 - [MESSAGE][PASSED] - Current window maximized

24-10-2024T07:23:16 - [MESSAGE][INFO] - Unable to find the element located by 'By.xpath: //select[@name='message_version']'. Please recheck the objects properties to make sure the desired element is located. 

24-10-2024T07:23:16 - [MESSAGE][WARNING] - [SELF-HEALING] Failed to find element with id 'Object Repository/IWP30/Page_VRelay30Emulator/MV'. Try using Self-healing.

24-10-2024T07:23:16 - [MESSAGE][WARNING] - [SELF-HEALING] The current locator of test object 'Object Repository/IWP30/Page_VRelay30Emulator/MV' was broken. Propose an alternative one: '(.//*[normalize-space(text()) and normalize-space(.)='Message Version'])[1]/following::select[1]'.

24-10-2024T07:23:17 - [MESSAGE][PASSED] - All options with value '3.0' are selected in object 'Object Repository/IWP30/Page_VRelay30Emulator/MV'  using regular expression

24-10-2024T07:23:17 - [MESSAGE][PASSED] - Text '10.50' is set on object 'Object Repository/IWP30/Page_EmulatorAgencyX/Amount'

24-10-2024T07:23:18 - [MESSAGE][PASSED] - Text '9Iz8x6gsO5E8' is set on object 'Object Repository/IWP30/Page_EmulatorAgencyX/CAN'

24-10-2024T07:23:18 - [MESSAGE][PASSED] - Text 'PayNow' is set on object 'Object Repository/IWP30/Page_EmulatorAgencyX/Action'

24-10-2024T07:23:19 - [MESSAGE][PASSED] - Text 'en_US' is set on object 'Object Repository/IWP30/Page_EmulatorAgencyX/Lang'

24-10-2024T07:23:20 - [MESSAGE][PASSED] - Text '' is set on object 'Object Repository/IWP30/Page_EmulatorAgencyX/Fname'

24-10-2024T07:23:20 - [MESSAGE][PASSED] - Text '' is set on object 'Object Repository/IWP30/Page_EmulatorAgencyX/Lname'

24-10-2024T07:23:21 - [MESSAGE][PASSED] - Text '' is set on object 'Object Repository/IWP30/Page_EmulatorAgencyX/AL1'

24-10-2024T07:23:21 - [MESSAGE][PASSED] - Text '' is set on object 'Object Repository/IWP30/Page_EmulatorAgencyX/AL2'

24-10-2024T07:23:22 - [MESSAGE][PASSED] - Text '' is set on object 'Object Repository/IWP30/Page_EmulatorAgencyX/Country'

24-10-2024T07:23:22 - [MESSAGE][PASSED] - Text '' is set on object 'Object Repository/IWP30/Page_EmulatorAgencyX/City'

24-10-2024T07:23:23 - [MESSAGE][PASSED] - Text '' is set on object 'Object Repository/IWP30/Page_EmulatorAgencyX/State'

24-10-2024T07:23:24 - [MESSAGE][PASSED] - Text '' is set on object 'Object Repository/IWP30/Page_EmulatorAgencyX/ZIP'

24-10-2024T07:23:24 - [MESSAGE][PASSED] - Text '' is set on object 'Object Repository/IWP30/Page_EmulatorAgencyX/Order'

24-10-2024T07:23:25 - [MESSAGE][PASSED] - Text '' is set on object 'Object Repository/IWP30/Page_EmulatorAgencyX/Company'

24-10-2024T07:23:25 - [MESSAGE][PASSED] - Text '' is set on object 'Object Repository/IWP30/Page_EmulatorAgencyX/Email'

24-10-2024T07:23:26 - [MESSAGE][PASSED] - Text '' is set on object 'Object Repository/IWP30/Page_EmulatorAgencyX/UDF1'

24-10-2024T07:23:26 - [MESSAGE][PASSED] - Text '' is set on object 'Object Repository/IWP30/Page_EmulatorAgencyX/UDF2'

24-10-2024T07:23:27 - [MESSAGE][PASSED] - Text '' is set on object 'Object Repository/IWP30/Page_EmulatorAgencyX/UDF3'

24-10-2024T07:23:28 - [MESSAGE][PASSED] - Text 'udf data 4' is set on object 'Object Repository/IWP30/Page_EmulatorAgencyX/UDF4'

24-10-2024T07:23:28 - [MESSAGE][PASSED] - Text 'udf data 5' is set on object 'Object Repository/IWP30/Page_EmulatorAgencyX/UDF5'

24-10-2024T07:23:29 - [MESSAGE][PASSED] - Text '' is set on object 'Object Repository/IWP30/Page_EmulatorAgencyX/UDF6'

24-10-2024T07:23:29 - [MESSAGE][PASSED] - Text '' is set on object 'Object Repository/IWP30/Page_EmulatorAgencyX/UDF7'

24-10-2024T07:23:30 - [MESSAGE][PASSED] - Text '' is set on object 'Object Repository/IWP30/Page_EmulatorAgencyX/UDF8'

24-10-2024T07:23:31 - [MESSAGE][PASSED] - Text 'udf data 9' is set on object 'Object Repository/IWP30/Page_EmulatorAgencyX/UDF9'

24-10-2024T07:23:31 - [MESSAGE][PASSED] - Text 'udf data 10' is set on object 'Object Repository/IWP30/Page_EmulatorAgencyX/UDF10'

24-10-2024T07:23:33 - [MESSAGE][PASSED] - Object: 'Object Repository/IWP30/Page_EmulatorAgencyX/Submit' is clicked on

24-10-2024T07:23:37 - [MESSAGE][PASSED] - Browser is closed

24-10-2024T07:23:41 - [MESSAGE][PASSED] - iwpPages.emulatorIWP30.setDataEmulator_DD is PASSED

24-10-2024T07:23:41 - [TEST_STEP][PASSED] - testHarnessURL = urlTestHarness: null

24-10-2024T07:23:41 - [TEST_STEP][PASSED] - openBrowser(testHarnessURL): Browser is opened with url: 'https://dev-algorithm.govolution.com/vrelaytest/QA2/version_2_2/vrelaytest.html'

24-10-2024T07:23:41 - [MESSAGE][INFO] - Starting 'Edge Chromium' driver

24-10-2024T07:23:41 - [MESSAGE][INFO] - User set preference: ['acceptInsecureCerts', 'true']

24-10-2024T07:23:43 - [MESSAGE][INFO] - Action delay is set to 0 milliseconds

24-10-2024T07:23:47 - [MESSAGE][PASSED] - Browser is opened with url: 'https://dev-algorithm.govolution.com/vrelaytest/QA2/version_2_2/vrelaytest.html'

24-10-2024T07:23:47 - [TEST_STEP][PASSED] - maximizeWindow(): Current window maximized

24-10-2024T07:23:47 - [MESSAGE][PASSED] - Current window maximized

24-10-2024T07:23:47 - [TEST_STEP][PASSED] - iwpPages.TestHarnessPage.setDataMethodEF(row, dataFile): iwpPages.TestHarnessPage.setDataMethodEF is PASSED

24-10-2024T07:23:47 - [MESSAGE][PASSED] - Object 'Object Repository/IWP30/Page_QATestHarness/RemittanceID' is present

24-10-2024T07:23:48 - [MESSAGE][PASSED] - Text '649' is set on object 'Object Repository/IWP30/Page_QATestHarness/ApplicationID'

24-10-2024T07:23:48 - [MESSAGE][PASSED] - Text '3.0' is set on object 'Object Repository/IWP30/Page_QATestHarness/MessageVersion'

24-10-2024T07:23:49 - [MESSAGE][PASSED] - Text 'UPiKZkwvXqhY' is set on object 'Object Repository/IWP30/Page_QATestHarness/RemittanceID'

24-10-2024T07:23:53 - [MESSAGE][PASSED] - Object: 'Object Repository/IWP30/Page_QATestHarness/SubmitButton' is clicked on

24-10-2024T07:23:53 - [MESSAGE][PASSED] - iwpPages.TestHarnessPage.setDataMethodEF is PASSED

24-10-2024T07:23:53 - [TEST_STEP][PASSED] - click(findTestObject("Object Repository/IWP30/Page_SelectPaymentMethod/PayByCreditCard")): Object: 'Object Repository/IWP30/Page_SelectPaymentMethod/PayByCreditCard' is clicked on

24-10-2024T07:23:54 - [MESSAGE][PASSED] - Object: 'Object Repository/IWP30/Page_SelectPaymentMethod/PayByCreditCard' is clicked on

24-10-2024T07:23:54 - [TEST_STEP][PASSED] - click(findTestObject("Object Repository/IWP30/Page_SelectPaymentMethod/MakePaymentButton")): Object: 'Object Repository/IWP30/Page_SelectPaymentMethod/MakePaymentButton' is clicked on

24-10-2024T07:23:56 - [MESSAGE][PASSED] - Object: 'Object Repository/IWP30/Page_SelectPaymentMethod/MakePaymentButton' is clicked on

24-10-2024T07:23:56 - [TEST_STEP][PASSED] - iwpPages.ccPaymentEntryPage.setDataCCPM(row, dataFile): iwpPages.ccPaymentEntryPage.setDataCCPM is PASSED

24-10-2024T07:23:57 - [MESSAGE][PASSED] - Object 'Object Repository/IWP30/Page_CCPaymentEntry/Name' is present

24-10-2024T07:23:57 - [MESSAGE][PASSED] - Text '10.50' is set on object 'Object Repository/IWP30/Page_CCPaymentEntry/Amount'

24-10-2024T07:23:58 - [MESSAGE][PASSED] - Text 'udf data 2' is set on object 'Object Repository/IWP30/Page_CCPaymentEntry/UserDefined2'

24-10-2024T07:23:59 - [MESSAGE][PASSED] - Text 'udf data 3' is set on object 'Object Repository/IWP30/Page_CCPaymentEntry/UserDefined3'

24-10-2024T07:23:59 - [MESSAGE][PASSED] - All options with label 'Orange' are selected in object 'Object Repository/IWP30/Page_CCPaymentEntry/UserDefined7' 

24-10-2024T07:24:00 - [MESSAGE][PASSED] - All options with label 'Soccer' are selected in object 'Object Repository/IWP30/Page_CCPaymentEntry/UserDefined8' 

24-10-2024T07:24:00 - [MESSAGE][PASSED] - Object 'Object Repository/IWP30/Page_CCPaymentEntry/Name' is present

24-10-2024T07:24:00 - [MESSAGE][PASSED] - Text 'Kavita Ranawati' is set on object 'Object Repository/IWP30/Page_CCPaymentEntry/Name'

24-10-2024T07:24:01 - [MESSAGE][PASSED] - Object 'Object Repository/IWP30/Page_CCPaymentEntry/CardNumber' is present

24-10-2024T07:24:01 - [MESSAGE][PASSED] - Text '4111111111111111' is set on object 'Object Repository/IWP30/Page_CCPaymentEntry/CardNumber'

24-10-2024T07:24:02 - [MESSAGE][PASSED] - Text '123' is set on object 'Object Repository/IWP30/Page_CCPaymentEntry/SPC'

24-10-2024T07:24:03 - [MESSAGE][PASSED] - Object 'Object Repository/IWP30/Page_CCPaymentEntry/Month' is present

24-10-2024T07:24:03 - [MESSAGE][PASSED] - All options with label '01' are selected in object 'Object Repository/IWP30/Page_CCPaymentEntry/Month' 

24-10-2024T07:24:04 - [MESSAGE][PASSED] - Object 'Object Repository/IWP30/Page_CCPaymentEntry/Year' is present

24-10-2024T07:24:04 - [MESSAGE][PASSED] - All options with label '2028' are selected in object 'Object Repository/IWP30/Page_CCPaymentEntry/Year' 

24-10-2024T07:24:04 - [MESSAGE][PASSED] - Execute JavaScript '
				   document.getElementById('processDate').value = '08/09/2025'
				  ' successfully

24-10-2024T07:24:05 - [MESSAGE][PASSED] - Text '365 Main Avenue' is set on object 'Object Repository/IWP30/Page_CCPaymentEntry/AL1'

24-10-2024T07:24:05 - [MESSAGE][PASSED] - Text 'Ohio' is set on object 'Object Repository/IWP30/Page_CCPaymentEntry/AL2'

24-10-2024T07:24:06 - [MESSAGE][PASSED] - Text '22201' is set on object 'Object Repository/IWP30/Page_CCPaymentEntry/ZIP'

24-10-2024T07:24:06 - [MESSAGE][PASSED] - Object 'Object Repository/IWP30/Page_CCPaymentEntry/EmailAddress' is present

24-10-2024T07:24:07 - [MESSAGE][PASSED] - Text 'iahmed@govolution.com' is set on object 'Object Repository/IWP30/Page_CCPaymentEntry/EmailAddress'

24-10-2024T07:24:08 - [MESSAGE][PASSED] - Object 'Object Repository/IWP30/Page_CCPaymentEntry/TermCondCheckBox' is present

24-10-2024T07:24:08 - [MESSAGE][PASSED] - Object 'Object Repository/IWP30/Page_CCPaymentEntry/TermCondCheckBox' is checked

24-10-2024T07:24:08 - [MESSAGE][PASSED] - Object 'Object Repository/IWP30/Page_CCPaymentEntry/ContinueButton' is present

24-10-2024T07:24:10 - [MESSAGE][PASSED] - Object: 'Object Repository/IWP30/Page_CCPaymentEntry/ContinueButton' is clicked on

24-10-2024T07:24:10 - [MESSAGE][PASSED] - iwpPages.ccPaymentEntryPage.setDataCCPM is PASSED

24-10-2024T07:24:10 - [TEST_STEP][PASSED] - click(findTestObject("Object Repository/IWP30/Page_Confirmation/ConfirmButton")): Object: 'Object Repository/IWP30/Page_Confirmation/ConfirmButton' is clicked on

24-10-2024T07:24:11 - [MESSAGE][PASSED] - Object: 'Object Repository/IWP30/Page_Confirmation/ConfirmButton' is clicked on

24-10-2024T07:24:11 - [TEST_STEP][PASSED] - Thread.sleep(2000): null

24-10-2024T07:24:13 - [TEST_STEP][PASSED] - if (verifyTextPresent("Deferred", false)): null

24-10-2024T07:24:14 - [MESSAGE][PASSED] - Text 'Deferred' is present on page 

24-10-2024T07:24:14 - [TEST_STEP][PASSED] - if (verifyTextPresent("Your payment plan has been successfully created", false)): null

24-10-2024T07:24:14 - [MESSAGE][PASSED] - Text 'Your payment plan has been successfully created' is present on page 

24-10-2024T07:24:14 - [TEST_STEP][PASSED] - isRequiredTextPresent = true: null

24-10-2024T07:24:14 - [TEST_STEP][PASSED] - println(isRequiredTextPresent): null

24-10-2024T07:24:14 - [TEST_STEP][PASSED] - if (isRequiredTextPresent): null

24-10-2024T07:24:14 - [TEST_STEP][PASSED] - if (verifyTextPresent("CAN Label:", false)): null

24-10-2024T07:24:14 - [MESSAGE][PASSED] - Text 'CAN Label:' is present on page 

24-10-2024T07:24:14 - [TEST_STEP][PASSED] - isRequiredTextPresent = true: null

24-10-2024T07:24:14 - [TEST_STEP][PASSED] - println(isRequiredTextPresent): null

24-10-2024T07:24:14 - [TEST_STEP][PASSED] - if (isRequiredTextPresent): null

24-10-2024T07:24:14 - [TEST_STEP][PASSED] - if (verifyTextPresent("Remittance ID:", false)): null

24-10-2024T07:24:15 - [MESSAGE][PASSED] - Text 'Remittance ID:' is present on page 

24-10-2024T07:24:15 - [TEST_STEP][PASSED] - isRequiredTextPresent = true: null

24-10-2024T07:24:15 - [TEST_STEP][PASSED] - println(isRequiredTextPresent): null

24-10-2024T07:24:15 - [TEST_STEP][PASSED] - if (isRequiredTextPresent): null

24-10-2024T07:24:15 - [TEST_STEP][PASSED] - if (verifyTextPresent("UDF2 Label:", false)): null

24-10-2024T07:24:15 - [MESSAGE][PASSED] - Text 'UDF2 Label:' is present on page 

24-10-2024T07:24:15 - [TEST_STEP][PASSED] - isRequiredTextPresent = true: null

24-10-2024T07:24:15 - [TEST_STEP][PASSED] - println(isRequiredTextPresent): null

24-10-2024T07:24:15 - [TEST_STEP][PASSED] - if (isRequiredTextPresent): null

24-10-2024T07:24:15 - [TEST_STEP][PASSED] - if (verifyTextPresent("UDF3 Label:", false)): null

24-10-2024T07:24:15 - [MESSAGE][PASSED] - Text 'UDF3 Label:' is present on page 

24-10-2024T07:24:15 - [TEST_STEP][PASSED] - isRequiredTextPresent = true: null

24-10-2024T07:24:15 - [TEST_STEP][PASSED] - println(isRequiredTextPresent): null

24-10-2024T07:24:15 - [TEST_STEP][PASSED] - if (isRequiredTextPresent): null

24-10-2024T07:24:15 - [TEST_STEP][PASSED] - if (verifyTextPresent("UDF4 Label:", false)): null

24-10-2024T07:24:15 - [MESSAGE][PASSED] - Text 'UDF4 Label:' is present on page 

24-10-2024T07:24:15 - [TEST_STEP][PASSED] - isRequiredTextPresent = true: null

24-10-2024T07:24:15 - [TEST_STEP][PASSED] - println(isRequiredTextPresent): null

24-10-2024T07:24:15 - [TEST_STEP][PASSED] - if (isRequiredTextPresent): null

24-10-2024T07:24:15 - [TEST_STEP][PASSED] - if (verifyTextPresent("UDF7 Label:", false)): null

24-10-2024T07:24:16 - [MESSAGE][PASSED] - Text 'UDF7 Label:' is present on page 

24-10-2024T07:24:16 - [TEST_STEP][PASSED] - isRequiredTextPresent = true: null

24-10-2024T07:24:16 - [TEST_STEP][PASSED] - println(isRequiredTextPresent): null

24-10-2024T07:24:16 - [TEST_STEP][PASSED] - if (isRequiredTextPresent): null

24-10-2024T07:24:16 - [TEST_STEP][PASSED] - if (verifyTextPresent("UDF8 Label:", false)): null

24-10-2024T07:24:16 - [MESSAGE][PASSED] - Text 'UDF8 Label:' is present on page 

24-10-2024T07:24:16 - [TEST_STEP][PASSED] - isRequiredTextPresent = true: null

24-10-2024T07:24:16 - [TEST_STEP][PASSED] - println(isRequiredTextPresent): null

24-10-2024T07:24:16 - [TEST_STEP][PASSED] - if (isRequiredTextPresent): null

24-10-2024T07:24:16 - [TEST_STEP][PASSED] - if (verifyTextPresent("UDF9 Label:", false)): null

24-10-2024T07:24:16 - [MESSAGE][PASSED] - Text 'UDF9 Label:' is present on page 

24-10-2024T07:24:16 - [TEST_STEP][PASSED] - isRequiredTextPresent = true: null

24-10-2024T07:24:16 - [TEST_STEP][PASSED] - println(isRequiredTextPresent): null

24-10-2024T07:24:16 - [TEST_STEP][PASSED] - if (isRequiredTextPresent): null

24-10-2024T07:24:16 - [TEST_STEP][PASSED] - if (verifyTextPresent("Transaction Type:", false)): null

24-10-2024T07:24:17 - [MESSAGE][PASSED] - Text 'Transaction Type:' is present on page 

24-10-2024T07:24:17 - [TEST_STEP][PASSED] - isRequiredTextPresent = true: null

24-10-2024T07:24:17 - [TEST_STEP][PASSED] - println(isRequiredTextPresent): null

24-10-2024T07:24:17 - [TEST_STEP][PASSED] - if (isRequiredTextPresent): null

24-10-2024T07:24:17 - [TEST_STEP][PASSED] - if (verifyTextPresent("Amount:", false)): null

24-10-2024T07:24:17 - [MESSAGE][PASSED] - Text 'Amount:' is present on page 

24-10-2024T07:24:17 - [TEST_STEP][PASSED] - isRequiredTextPresent = true: null

24-10-2024T07:24:17 - [TEST_STEP][PASSED] - println(isRequiredTextPresent): null

24-10-2024T07:24:17 - [TEST_STEP][PASSED] - if (isRequiredTextPresent): null

24-10-2024T07:24:17 - [TEST_STEP][PASSED] - if (verifyTextPresent("Card Information:", false)): null

24-10-2024T07:24:17 - [MESSAGE][PASSED] - Text 'Card Information:' is present on page 

24-10-2024T07:24:17 - [TEST_STEP][PASSED] - isRequiredTextPresent = true: null

24-10-2024T07:24:17 - [TEST_STEP][PASSED] - println(isRequiredTextPresent): null

24-10-2024T07:24:17 - [TEST_STEP][PASSED] - if (isRequiredTextPresent): null

24-10-2024T07:24:17 - [TEST_STEP][PASSED] - if (verifyTextPresent("Card Type:", false)): null

24-10-2024T07:24:17 - [MESSAGE][PASSED] - Text 'Card Type:' is present on page 

24-10-2024T07:24:17 - [TEST_STEP][PASSED] - isRequiredTextPresent = true: null

24-10-2024T07:24:17 - [TEST_STEP][PASSED] - println(isRequiredTextPresent): null

24-10-2024T07:24:17 - [TEST_STEP][PASSED] - if (isRequiredTextPresent): null

24-10-2024T07:24:17 - [TEST_STEP][PASSED] - if (verifyTextPresent("Name of Account:", false)): null

24-10-2024T07:24:18 - [MESSAGE][PASSED] - Text 'Name of Account:' is present on page 

24-10-2024T07:24:18 - [TEST_STEP][PASSED] - isRequiredTextPresent = true: null

24-10-2024T07:24:18 - [TEST_STEP][PASSED] - println(isRequiredTextPresent): null

24-10-2024T07:24:18 - [TEST_STEP][PASSED] - if (isRequiredTextPresent): null

24-10-2024T07:24:18 - [TEST_STEP][PASSED] - if (verifyTextPresent("Card Number:", false)): null

24-10-2024T07:24:18 - [MESSAGE][PASSED] - Text 'Card Number:' is present on page 

24-10-2024T07:24:18 - [TEST_STEP][PASSED] - isRequiredTextPresent = true: null

24-10-2024T07:24:18 - [TEST_STEP][PASSED] - println(isRequiredTextPresent): null

24-10-2024T07:24:18 - [TEST_STEP][PASSED] - if (isRequiredTextPresent): null

24-10-2024T07:24:18 - [TEST_STEP][PASSED] - if (verifyTextPresent("Expiration Date:", false)): null

24-10-2024T07:24:18 - [MESSAGE][PASSED] - Text 'Expiration Date:' is present on page 

24-10-2024T07:24:18 - [TEST_STEP][PASSED] - isRequiredTextPresent = true: null

24-10-2024T07:24:18 - [TEST_STEP][PASSED] - println(isRequiredTextPresent): null

24-10-2024T07:24:18 - [TEST_STEP][PASSED] - if (isRequiredTextPresent): null

24-10-2024T07:24:18 - [TEST_STEP][PASSED] - if (verifyTextPresent("Billing Information:", false)): null

24-10-2024T07:24:18 - [MESSAGE][PASSED] - Text 'Billing Information:' is present on page 

24-10-2024T07:24:18 - [TEST_STEP][PASSED] - isRequiredTextPresent = true: null

24-10-2024T07:24:18 - [TEST_STEP][PASSED] - println(isRequiredTextPresent): null

24-10-2024T07:24:18 - [TEST_STEP][PASSED] - if (isRequiredTextPresent): null

24-10-2024T07:24:18 - [TEST_STEP][PASSED] - if (verifyTextPresent("Address Line 1:", false)): null

24-10-2024T07:24:19 - [MESSAGE][PASSED] - Text 'Address Line 1:' is present on page 

24-10-2024T07:24:19 - [TEST_STEP][PASSED] - isRequiredTextPresent = true: null

24-10-2024T07:24:19 - [TEST_STEP][PASSED] - println(isRequiredTextPresent): null

24-10-2024T07:24:19 - [TEST_STEP][PASSED] - if (isRequiredTextPresent): null

24-10-2024T07:24:19 - [TEST_STEP][PASSED] - if (verifyTextPresent("Address Line 2:", false)): null

24-10-2024T07:24:19 - [MESSAGE][PASSED] - Text 'Address Line 2:' is present on page 

24-10-2024T07:24:19 - [TEST_STEP][PASSED] - isRequiredTextPresent = true: null

24-10-2024T07:24:19 - [TEST_STEP][PASSED] - println(isRequiredTextPresent): null

24-10-2024T07:24:19 - [TEST_STEP][PASSED] - if (isRequiredTextPresent): null

24-10-2024T07:24:19 - [TEST_STEP][PASSED] - if (verifyTextPresent("Country:", false)): null

24-10-2024T07:24:19 - [MESSAGE][PASSED] - Text 'Country:' is present on page 

24-10-2024T07:24:19 - [TEST_STEP][PASSED] - isRequiredTextPresent = true: null

24-10-2024T07:24:19 - [TEST_STEP][PASSED] - println(isRequiredTextPresent): null

24-10-2024T07:24:19 - [TEST_STEP][PASSED] - if (isRequiredTextPresent): null

24-10-2024T07:24:19 - [TEST_STEP][PASSED] - if (verifyTextPresent("City:", false)): null

24-10-2024T07:24:20 - [MESSAGE][PASSED] - Text 'City:' is present on page 

24-10-2024T07:24:20 - [TEST_STEP][PASSED] - isRequiredTextPresent = true: null

24-10-2024T07:24:20 - [TEST_STEP][PASSED] - println(isRequiredTextPresent): null

24-10-2024T07:24:20 - [TEST_STEP][PASSED] - if (isRequiredTextPresent): null

24-10-2024T07:24:20 - [TEST_STEP][PASSED] - if (verifyTextPresent("State:", false)): null

24-10-2024T07:24:20 - [MESSAGE][PASSED] - Text 'State:' is present on page 

24-10-2024T07:24:20 - [TEST_STEP][PASSED] - isRequiredTextPresent = true: null

24-10-2024T07:24:20 - [TEST_STEP][PASSED] - println(isRequiredTextPresent): null

24-10-2024T07:24:20 - [TEST_STEP][PASSED] - if (isRequiredTextPresent): null

24-10-2024T07:24:20 - [TEST_STEP][PASSED] - if (verifyTextPresent("Zip Code:", false)): null

24-10-2024T07:24:20 - [MESSAGE][PASSED] - Text 'Zip Code:' is present on page 

24-10-2024T07:24:20 - [TEST_STEP][PASSED] - isRequiredTextPresent = true: null

24-10-2024T07:24:20 - [TEST_STEP][PASSED] - println(isRequiredTextPresent): null

24-10-2024T07:24:20 - [TEST_STEP][PASSED] - if (isRequiredTextPresent): null

24-10-2024T07:24:20 - [TEST_STEP][PASSED] - if (verifyTextPresent("Plan Information:", false)): null

24-10-2024T07:24:20 - [MESSAGE][PASSED] - Text 'Plan Information:' is present on page 

24-10-2024T07:24:20 - [TEST_STEP][PASSED] - isRequiredTextPresent = true: null

24-10-2024T07:24:20 - [TEST_STEP][PASSED] - println(isRequiredTextPresent): null

24-10-2024T07:24:20 - [TEST_STEP][PASSED] - if (isRequiredTextPresent): null

24-10-2024T07:24:20 - [TEST_STEP][PASSED] - if (verifyTextPresent("Payment Plan Type:", false)): null

24-10-2024T07:24:21 - [MESSAGE][PASSED] - Text 'Payment Plan Type:' is present on page 

24-10-2024T07:24:21 - [TEST_STEP][PASSED] - isRequiredTextPresent = true: null

24-10-2024T07:24:21 - [TEST_STEP][PASSED] - println(isRequiredTextPresent): null

24-10-2024T07:24:21 - [TEST_STEP][PASSED] - if (isRequiredTextPresent): null

24-10-2024T07:24:21 - [TEST_STEP][PASSED] - if (verifyTextPresent("Payment Plan ID:", false)): null

24-10-2024T07:24:21 - [MESSAGE][PASSED] - Text 'Payment Plan ID:' is present on page 

24-10-2024T07:24:21 - [TEST_STEP][PASSED] - isRequiredTextPresent = true: null

24-10-2024T07:24:21 - [TEST_STEP][PASSED] - println(isRequiredTextPresent): null

24-10-2024T07:24:21 - [TEST_STEP][PASSED] - if (isRequiredTextPresent): null

24-10-2024T07:24:21 - [TEST_STEP][PASSED] - if (verifyTextPresent("Payment Date:", false)): null

24-10-2024T07:24:21 - [MESSAGE][PASSED] - Text 'Payment Date:' is present on page 

24-10-2024T07:24:21 - [TEST_STEP][PASSED] - isRequiredTextPresent = true: null

24-10-2024T07:24:21 - [TEST_STEP][PASSED] - println(isRequiredTextPresent): null

24-10-2024T07:24:21 - [TEST_STEP][PASSED] - if (isRequiredTextPresent == true): pages.WriteExcel.demoKey is PASSED

24-10-2024T07:24:21 - [TEST_STEP][PASSED] - println("All the relevant texts are present on Receipt Page"): null

24-10-2024T07:24:21 - [TEST_STEP][PASSED] - markPassed("All the relevant texts are present on Receipt Page"): All the relevant texts are present on Receipt Page

24-10-2024T07:24:21 - [MESSAGE][PASSED] - All the relevant texts are present on Receipt Page

24-10-2024T07:24:21 - [TEST_STEP][PASSED] - resText = "Pass": null

24-10-2024T07:24:21 - [TEST_STEP][PASSED] - pages.WriteExcel.demoKey(resText, datText, resColumn, datCloumn, fileLoc, nameSheet, row): pages.WriteExcel.demoKey is PASSED

24-10-2024T07:24:21 - [MESSAGE][PASSED] - pages.WriteExcel.demoKey is PASSED

24-10-2024T07:24:21 - [TEST_STEP][PASSED] - closeBrowser(): Browser is closed

24-10-2024T07:24:22 - [MESSAGE][PASSED] - Browser is closed]]></system-out>
         <system-err><![CDATA[]]></system-err>
      </testcase>
      <testcase name="Test Cases/IntegratedWeb/IWP25/Payments/VerifyCreateReceiptLabelsDeferredCorp" time="241.012" classname="Test Cases/IntegratedWeb/IWP25/Payments/VerifyCreateReceiptLabelsDeferredCorp" status="PASSED">
         <system-out><![CDATA[24-10-2024T07:24:22 - [TEST_CASE][PASSED] - Test Cases/IntegratedWeb/IWP25/Payments/VerifyCreateReceiptLabelsDeferredCorp: Test Cases/IntegratedWeb/IWP25/Payments/VerifyCreateReceiptLabelsDeferredCorp

24-10-2024T07:24:23 - [TEST_STEP][PASSED] - resText = "Fail": null

24-10-2024T07:24:23 - [TEST_STEP][PASSED] - resColumn = "Result": null

24-10-2024T07:24:23 - [TEST_STEP][PASSED] - datCloumn = "Date": null

24-10-2024T07:24:23 - [TEST_STEP][PASSED] - fileLoc = "KatalonData/IWPTestData/VRelay25PaymentsExtension.xlsx": null

24-10-2024T07:24:23 - [TEST_STEP][PASSED] - numOfRows = <not implemented yet for class: org.codehaus.groovy.ast.expr.EmptyExpression>: null

24-10-2024T07:24:23 - [TEST_STEP][PASSED] - dataFile = <not implemented yet for class: org.codehaus.groovy.ast.expr.EmptyExpression>: null

24-10-2024T07:24:23 - [TEST_STEP][PASSED] - nameSheet = <not implemented yet for class: org.codehaus.groovy.ast.expr.EmptyExpression>: null

24-10-2024T07:24:23 - [TEST_STEP][PASSED] - dataFileEmulator = <not implemented yet for class: org.codehaus.groovy.ast.expr.EmptyExpression>: null

24-10-2024T07:24:23 - [TEST_STEP][PASSED] - isRequiredTextPresent = false: null

24-10-2024T07:24:23 - [TEST_STEP][PASSED] - nameSheet = "VerifyCreateLabelDeferredCorp": null

24-10-2024T07:24:23 - [TEST_STEP][PASSED] - dataFile = getExcelDataWithDefaultSheet("KatalonData/IWPTestData/VRelay25PaymentsExtension.xlsx", nameSheet, true): null

24-10-2024T07:24:23 - [TEST_STEP][PASSED] - dataFileEmulator = "IWPTestData/EmulatorData": null

24-10-2024T07:24:23 - [TEST_STEP][PASSED] - numOfRows = dataFile.getRowNumbers(): null

24-10-2024T07:24:23 - [TEST_STEP][PASSED] - println("Number of Records: " + numOfRows): null

24-10-2024T07:24:23 - [TEST_STEP][PASSED] - for ([row = 1, row <= numOfRows, (row++)]): Browser is closed

24-10-2024T07:24:23 - [TEST_STEP][PASSED] - ExecuteTC = dataFile.getValue("Execute", row): null

24-10-2024T07:24:23 - [TEST_STEP][PASSED] - out.println("Value of Execute is : " + ExecuteTC): null

24-10-2024T07:24:23 - [TEST_STEP][PASSED] - if (ExecuteTC.equalsIgnoreCase("Y")): null

24-10-2024T07:24:23 - [TEST_STEP][PASSED] - out.println("Begin Record Number: " + row): null

24-10-2024T07:24:23 - [TEST_STEP][PASSED] - today = new java.util.Date(): null

24-10-2024T07:24:23 - [TEST_STEP][PASSED] - println(today): null

24-10-2024T07:24:23 - [TEST_STEP][PASSED] - datText = today: null

24-10-2024T07:24:23 - [TEST_STEP][PASSED] - EmulatorDataKey = dataFile.getValue("EmulatorData", row): null

24-10-2024T07:24:23 - [TEST_STEP][PASSED] - out.println("Value of Emulator Key is : " + EmulatorDataKey): null

24-10-2024T07:24:23 - [TEST_STEP][PASSED] - iwpPages.emulatorIWP30.setDataEmulator_DD(EmulatorDataKey): iwpPages.emulatorIWP30.setDataEmulator_DD is PASSED

24-10-2024T07:24:23 - [MESSAGE][INFO] - Starting 'Edge Chromium' driver

24-10-2024T07:24:23 - [MESSAGE][INFO] - User set preference: ['acceptInsecureCerts', 'true']

24-10-2024T07:24:25 - [MESSAGE][INFO] - Action delay is set to 0 milliseconds

24-10-2024T07:24:29 - [MESSAGE][PASSED] - Browser is opened with url: 'https://qa2.velocitypayment.com/agencyx/config.action?action=editor&message_version=2_5'

24-10-2024T07:24:29 - [MESSAGE][PASSED] - Current window maximized

24-10-2024T07:25:00 - [MESSAGE][INFO] - Unable to find the element located by 'By.xpath: //select[@name='message_version']'. Please recheck the objects properties to make sure the desired element is located. 

24-10-2024T07:25:00 - [MESSAGE][WARNING] - [SELF-HEALING] Failed to find element with id 'Object Repository/IWP30/Page_VRelay30Emulator/MV'. Try using Self-healing.

24-10-2024T07:25:01 - [MESSAGE][WARNING] - [SELF-HEALING] The current locator of test object 'Object Repository/IWP30/Page_VRelay30Emulator/MV' was broken. Propose an alternative one: '(.//*[normalize-space(text()) and normalize-space(.)='Message Version'])[1]/following::select[1]'.

24-10-2024T07:25:01 - [MESSAGE][PASSED] - All options with value '2.5' are selected in object 'Object Repository/IWP30/Page_VRelay30Emulator/MV'  using regular expression

24-10-2024T07:25:02 - [MESSAGE][PASSED] - Text '10.50' is set on object 'Object Repository/IWP30/Page_EmulatorAgencyX/Amount'

24-10-2024T07:25:02 - [MESSAGE][PASSED] - Text 'YXVPdt0z396z' is set on object 'Object Repository/IWP30/Page_EmulatorAgencyX/CAN'

24-10-2024T07:25:03 - [MESSAGE][PASSED] - Text 'PayNow' is set on object 'Object Repository/IWP30/Page_EmulatorAgencyX/Action'

24-10-2024T07:25:04 - [MESSAGE][PASSED] - Text 'en_US' is set on object 'Object Repository/IWP30/Page_EmulatorAgencyX/Lang'

24-10-2024T07:25:04 - [MESSAGE][PASSED] - Text '' is set on object 'Object Repository/IWP30/Page_EmulatorAgencyX/Fname'

24-10-2024T07:25:05 - [MESSAGE][PASSED] - Text '' is set on object 'Object Repository/IWP30/Page_EmulatorAgencyX/Lname'

24-10-2024T07:25:05 - [MESSAGE][PASSED] - Text '' is set on object 'Object Repository/IWP30/Page_EmulatorAgencyX/AL1'

24-10-2024T07:25:06 - [MESSAGE][PASSED] - Text '' is set on object 'Object Repository/IWP30/Page_EmulatorAgencyX/AL2'

24-10-2024T07:25:06 - [MESSAGE][PASSED] - Text '' is set on object 'Object Repository/IWP30/Page_EmulatorAgencyX/Country'

24-10-2024T07:25:07 - [MESSAGE][PASSED] - Text '' is set on object 'Object Repository/IWP30/Page_EmulatorAgencyX/City'

24-10-2024T07:25:08 - [MESSAGE][PASSED] - Text '' is set on object 'Object Repository/IWP30/Page_EmulatorAgencyX/State'

24-10-2024T07:25:08 - [MESSAGE][PASSED] - Text '' is set on object 'Object Repository/IWP30/Page_EmulatorAgencyX/ZIP'

24-10-2024T07:25:09 - [MESSAGE][PASSED] - Text '' is set on object 'Object Repository/IWP30/Page_EmulatorAgencyX/Order'

24-10-2024T07:25:09 - [MESSAGE][PASSED] - Text '' is set on object 'Object Repository/IWP30/Page_EmulatorAgencyX/Company'

24-10-2024T07:25:10 - [MESSAGE][PASSED] - Text '' is set on object 'Object Repository/IWP30/Page_EmulatorAgencyX/Email'

24-10-2024T07:25:10 - [MESSAGE][PASSED] - Text '' is set on object 'Object Repository/IWP30/Page_EmulatorAgencyX/UDF1'

24-10-2024T07:25:11 - [MESSAGE][PASSED] - Text '' is set on object 'Object Repository/IWP30/Page_EmulatorAgencyX/UDF2'

24-10-2024T07:25:12 - [MESSAGE][PASSED] - Text '' is set on object 'Object Repository/IWP30/Page_EmulatorAgencyX/UDF3'

24-10-2024T07:25:12 - [MESSAGE][PASSED] - Text 'udf data 4' is set on object 'Object Repository/IWP30/Page_EmulatorAgencyX/UDF4'

24-10-2024T07:25:13 - [MESSAGE][PASSED] - Text 'udf data 5' is set on object 'Object Repository/IWP30/Page_EmulatorAgencyX/UDF5'

24-10-2024T07:25:13 - [MESSAGE][PASSED] - Text '' is set on object 'Object Repository/IWP30/Page_EmulatorAgencyX/UDF6'

24-10-2024T07:25:14 - [MESSAGE][PASSED] - Text '' is set on object 'Object Repository/IWP30/Page_EmulatorAgencyX/UDF7'

24-10-2024T07:25:15 - [MESSAGE][PASSED] - Text '' is set on object 'Object Repository/IWP30/Page_EmulatorAgencyX/UDF8'

24-10-2024T07:25:15 - [MESSAGE][PASSED] - Text 'udf data 9' is set on object 'Object Repository/IWP30/Page_EmulatorAgencyX/UDF9'

24-10-2024T07:25:16 - [MESSAGE][PASSED] - Text 'udf data 10' is set on object 'Object Repository/IWP30/Page_EmulatorAgencyX/UDF10'

24-10-2024T07:25:17 - [MESSAGE][PASSED] - Object: 'Object Repository/IWP30/Page_EmulatorAgencyX/Submit' is clicked on

24-10-2024T07:25:22 - [MESSAGE][PASSED] - Browser is closed

24-10-2024T07:25:26 - [MESSAGE][PASSED] - iwpPages.emulatorIWP30.setDataEmulator_DD is PASSED

24-10-2024T07:25:26 - [TEST_STEP][PASSED] - testHarnessURL = urlTestHarness: null

24-10-2024T07:25:26 - [TEST_STEP][PASSED] - openBrowser(testHarnessURL): Browser is opened with url: 'https://dev-algorithm.govolution.com/vrelaytest/QA2/version_2_2/vrelaytest.html'

24-10-2024T07:25:26 - [MESSAGE][INFO] - Starting 'Edge Chromium' driver

24-10-2024T07:25:26 - [MESSAGE][INFO] - User set preference: ['acceptInsecureCerts', 'true']

24-10-2024T07:25:28 - [MESSAGE][INFO] - Action delay is set to 0 milliseconds

24-10-2024T07:25:31 - [MESSAGE][PASSED] - Browser is opened with url: 'https://dev-algorithm.govolution.com/vrelaytest/QA2/version_2_2/vrelaytest.html'

24-10-2024T07:25:31 - [TEST_STEP][PASSED] - maximizeWindow(): Current window maximized

24-10-2024T07:25:31 - [MESSAGE][PASSED] - Current window maximized

24-10-2024T07:25:31 - [TEST_STEP][PASSED] - iwpPages.TestHarnessPage.setDataMethodEF(row, dataFile): iwpPages.TestHarnessPage.setDataMethodEF is PASSED

24-10-2024T07:25:32 - [MESSAGE][PASSED] - Object 'Object Repository/IWP30/Page_QATestHarness/RemittanceID' is present

24-10-2024T07:25:32 - [MESSAGE][PASSED] - Text '638' is set on object 'Object Repository/IWP30/Page_QATestHarness/ApplicationID'

24-10-2024T07:25:33 - [MESSAGE][PASSED] - Text '2.5' is set on object 'Object Repository/IWP30/Page_QATestHarness/MessageVersion'

24-10-2024T07:25:34 - [MESSAGE][PASSED] - Text 'KbZU7meMHhIt' is set on object 'Object Repository/IWP30/Page_QATestHarness/RemittanceID'

24-10-2024T07:25:37 - [MESSAGE][PASSED] - Object: 'Object Repository/IWP30/Page_QATestHarness/SubmitButton' is clicked on

24-10-2024T07:25:37 - [MESSAGE][PASSED] - iwpPages.TestHarnessPage.setDataMethodEF is PASSED

24-10-2024T07:25:37 - [TEST_STEP][PASSED] - click(findTestObject("Object Repository/IWP30/Page_SelectPaymentMethod/PayByCorporateCheck")): Object: 'Object Repository/IWP30/Page_SelectPaymentMethod/PayByCorporateCheck' is clicked on

24-10-2024T07:25:37 - [MESSAGE][PASSED] - Object: 'Object Repository/IWP30/Page_SelectPaymentMethod/PayByCorporateCheck' is clicked on

24-10-2024T07:25:37 - [TEST_STEP][PASSED] - click(findTestObject("Object Repository/IWP30/Page_SelectPaymentMethod/MakePaymentButton")): Object: 'Object Repository/IWP30/Page_SelectPaymentMethod/MakePaymentButton' is clicked on

24-10-2024T07:25:40 - [MESSAGE][PASSED] - Object: 'Object Repository/IWP30/Page_SelectPaymentMethod/MakePaymentButton' is clicked on

24-10-2024T07:25:40 - [TEST_STEP][PASSED] - iwpPages.achCorporatePaymentEntryPage.setDataCorporate(row, dataFile): iwpPages.achCorporatePaymentEntryPage.setDataCorporate is PASSED

24-10-2024T07:25:41 - [MESSAGE][PASSED] - Object 'Object Repository/IWP30/Page_ACHCorporatePaymentEntry/txt_accountNumber' is present

24-10-2024T07:25:41 - [MESSAGE][PASSED] - Object 'Object Repository/IWP30/Page_ACHCorporatePaymentEntry/input_CompanyName' is present

24-10-2024T07:25:41 - [MESSAGE][PASSED] - Text 'My Company' is set on object 'Object Repository/IWP30/Page_ACHCorporatePaymentEntry/input_CompanyName'

24-10-2024T07:25:42 - [MESSAGE][PASSED] - Object 'Object Repository/IWP30/Page_ACHCorporatePaymentEntry/input_EIN' is present

24-10-2024T07:25:42 - [MESSAGE][PASSED] - Text '123456789' is set on object 'Object Repository/IWP30/Page_ACHCorporatePaymentEntry/input_EIN'

24-10-2024T07:25:43 - [MESSAGE][PASSED] - Text '10.50' is set on object 'Object Repository/IWP30/Page_ACHCorporatePaymentEntry/txt_Amount'

24-10-2024T07:25:44 - [MESSAGE][PASSED] - Text 'udf data 2' is set on object 'Object Repository/IWP30/Page_ACHCorporatePaymentEntry/txt_UDF2'

24-10-2024T07:25:44 - [MESSAGE][PASSED] - Text 'udf data 3' is set on object 'Object Repository/IWP30/Page_ACHCorporatePaymentEntry/txt_UDF3'

24-10-2024T07:25:45 - [MESSAGE][PASSED] - All options with label 'Orange' are selected in object 'Object Repository/IWP30/Page_ACHCorporatePaymentEntry/dd_UDF7' 

24-10-2024T07:25:45 - [MESSAGE][PASSED] - All options with label 'Soccer' are selected in object 'Object Repository/IWP30/Page_ACHCorporatePaymentEntry/dd_UDF8' 

24-10-2024T07:25:46 - [MESSAGE][PASSED] - Object 'Object Repository/IWP30/Page_ACHCorporatePaymentEntry/txt_routingNumber' is present

24-10-2024T07:25:46 - [MESSAGE][PASSED] - Text '256072691' is set on object 'Object Repository/IWP30/Page_ACHCorporatePaymentEntry/txt_routingNumber'

24-10-2024T07:25:46 - [MESSAGE][PASSED] - Object 'Object Repository/IWP30/Page_ACHCorporatePaymentEntry/txt_accountNumber' is present

24-10-2024T07:25:48 - [MESSAGE][PASSED] - Text '12344444' is set on object 'Object Repository/IWP30/Page_ACHCorporatePaymentEntry/txt_accountNumber'

24-10-2024T07:25:48 - [MESSAGE][PASSED] - Object 'Object Repository/IWP30/Page_ACHCorporatePaymentEntry/txt_confirmAccountNumber' is present

24-10-2024T07:25:49 - [MESSAGE][PASSED] - Text '12344444' is set on object 'Object Repository/IWP30/Page_ACHCorporatePaymentEntry/txt_confirmAccountNumber'

24-10-2024T07:25:49 - [MESSAGE][PASSED] - Execute JavaScript '
				   document.getElementById('processDate').value = '08/09/2025'
				  ' successfully

24-10-2024T07:25:50 - [MESSAGE][PASSED] - Text '365 Main Avenue' is set on object 'Object Repository/IWP30/Page_ACHCorporatePaymentEntry/txt_AL1'

24-10-2024T07:25:50 - [MESSAGE][PASSED] - Text 'Ohio' is set on object 'Object Repository/IWP30/Page_ACHCorporatePaymentEntry/txt_AL2'

24-10-2024T07:25:51 - [MESSAGE][PASSED] - Text '22201' is set on object 'Object Repository/IWP30/Page_ACHCorporatePaymentEntry/txt_ZIP'

24-10-2024T07:25:51 - [MESSAGE][PASSED] - Object 'Object Repository/IWP30/Page_ACHCorporatePaymentEntry/txt_Email' is present

24-10-2024T07:25:53 - [MESSAGE][PASSED] - Text 'iahmed@govolution.com' is set on object 'Object Repository/IWP30/Page_ACHCorporatePaymentEntry/txt_Email'

24-10-2024T07:25:53 - [MESSAGE][PASSED] - Object 'Object Repository/IWP30/Page_ACHCorporatePaymentEntry/cb_TermsAndCond' is present

24-10-2024T07:25:53 - [MESSAGE][PASSED] - Object: 'Object Repository/IWP30/Page_ACHCorporatePaymentEntry/cb_TermsAndCond' is clicked on

24-10-2024T07:25:53 - [MESSAGE][PASSED] - Object 'Object Repository/IWP30/Page_ACHCorporatePaymentEntry/btn_Continue' is present

24-10-2024T07:25:55 - [MESSAGE][PASSED] - Object: 'Object Repository/IWP30/Page_ACHCorporatePaymentEntry/btn_Continue' is clicked on

24-10-2024T07:25:55 - [MESSAGE][PASSED] - iwpPages.achCorporatePaymentEntryPage.setDataCorporate is PASSED

24-10-2024T07:25:55 - [TEST_STEP][PASSED] - click(findTestObject("Object Repository/IWP30/Page_Confirmation/ConfirmButton")): Object: 'Object Repository/IWP30/Page_Confirmation/ConfirmButton' is clicked on

24-10-2024T07:25:57 - [MESSAGE][PASSED] - Object: 'Object Repository/IWP30/Page_Confirmation/ConfirmButton' is clicked on

24-10-2024T07:25:57 - [TEST_STEP][PASSED] - Thread.sleep(2000): null

24-10-2024T07:25:59 - [TEST_STEP][PASSED] - if (verifyTextPresent("Deferred", false)): null

24-10-2024T07:26:00 - [MESSAGE][PASSED] - Text 'Deferred' is present on page 

24-10-2024T07:26:00 - [TEST_STEP][PASSED] - if (verifyTextPresent("Your payment plan has been successfully created", false)): null

24-10-2024T07:26:00 - [MESSAGE][PASSED] - Text 'Your payment plan has been successfully created' is present on page 

24-10-2024T07:26:00 - [TEST_STEP][PASSED] - isRequiredTextPresent = true: null

24-10-2024T07:26:00 - [TEST_STEP][PASSED] - println(isRequiredTextPresent): null

24-10-2024T07:26:00 - [TEST_STEP][PASSED] - if (isRequiredTextPresent): null

24-10-2024T07:26:00 - [TEST_STEP][PASSED] - if (verifyTextPresent("CAN Label:", false)): null

24-10-2024T07:26:00 - [MESSAGE][PASSED] - Text 'CAN Label:' is present on page 

24-10-2024T07:26:00 - [TEST_STEP][PASSED] - isRequiredTextPresent = true: null

24-10-2024T07:26:00 - [TEST_STEP][PASSED] - println(isRequiredTextPresent): null

24-10-2024T07:26:00 - [TEST_STEP][PASSED] - if (isRequiredTextPresent): null

24-10-2024T07:26:00 - [TEST_STEP][PASSED] - if (verifyTextPresent("Remittance ID:", false)): null

24-10-2024T07:26:00 - [MESSAGE][PASSED] - Text 'Remittance ID:' is present on page 

24-10-2024T07:26:00 - [TEST_STEP][PASSED] - isRequiredTextPresent = true: null

24-10-2024T07:26:00 - [TEST_STEP][PASSED] - println(isRequiredTextPresent): null

24-10-2024T07:26:00 - [TEST_STEP][PASSED] - if (isRequiredTextPresent): null

24-10-2024T07:26:00 - [TEST_STEP][PASSED] - if (verifyTextPresent("UDF2 Label:", false)): null

24-10-2024T07:26:01 - [MESSAGE][PASSED] - Text 'UDF2 Label:' is present on page 

24-10-2024T07:26:01 - [TEST_STEP][PASSED] - isRequiredTextPresent = true: null

24-10-2024T07:26:01 - [TEST_STEP][PASSED] - println(isRequiredTextPresent): null

24-10-2024T07:26:01 - [TEST_STEP][PASSED] - if (isRequiredTextPresent): null

24-10-2024T07:26:01 - [TEST_STEP][PASSED] - if (verifyTextPresent("UDF3 Label:", false)): null

24-10-2024T07:26:01 - [MESSAGE][PASSED] - Text 'UDF3 Label:' is present on page 

24-10-2024T07:26:01 - [TEST_STEP][PASSED] - isRequiredTextPresent = true: null

24-10-2024T07:26:01 - [TEST_STEP][PASSED] - println(isRequiredTextPresent): null

24-10-2024T07:26:01 - [TEST_STEP][PASSED] - if (isRequiredTextPresent): null

24-10-2024T07:26:01 - [TEST_STEP][PASSED] - if (verifyTextPresent("UDF4 Label:", false)): null

24-10-2024T07:26:01 - [MESSAGE][PASSED] - Text 'UDF4 Label:' is present on page 

24-10-2024T07:26:01 - [TEST_STEP][PASSED] - isRequiredTextPresent = true: null

24-10-2024T07:26:01 - [TEST_STEP][PASSED] - println(isRequiredTextPresent): null

24-10-2024T07:26:01 - [TEST_STEP][PASSED] - if (isRequiredTextPresent): null

24-10-2024T07:26:01 - [TEST_STEP][PASSED] - if (verifyTextPresent("UDF7 Label:", false)): null

24-10-2024T07:26:02 - [MESSAGE][PASSED] - Text 'UDF7 Label:' is present on page 

24-10-2024T07:26:02 - [TEST_STEP][PASSED] - isRequiredTextPresent = true: null

24-10-2024T07:26:02 - [TEST_STEP][PASSED] - println(isRequiredTextPresent): null

24-10-2024T07:26:02 - [TEST_STEP][PASSED] - if (isRequiredTextPresent): null

24-10-2024T07:26:02 - [TEST_STEP][PASSED] - if (verifyTextPresent("UDF8 Label:", false)): null

24-10-2024T07:26:02 - [MESSAGE][PASSED] - Text 'UDF8 Label:' is present on page 

24-10-2024T07:26:02 - [TEST_STEP][PASSED] - isRequiredTextPresent = true: null

24-10-2024T07:26:02 - [TEST_STEP][PASSED] - println(isRequiredTextPresent): null

24-10-2024T07:26:02 - [TEST_STEP][PASSED] - if (isRequiredTextPresent): null

24-10-2024T07:26:02 - [TEST_STEP][PASSED] - if (verifyTextPresent("UDF9 Label:", false)): null

24-10-2024T07:26:02 - [MESSAGE][PASSED] - Text 'UDF9 Label:' is present on page 

24-10-2024T07:26:02 - [TEST_STEP][PASSED] - isRequiredTextPresent = true: null

24-10-2024T07:26:02 - [TEST_STEP][PASSED] - println(isRequiredTextPresent): null

24-10-2024T07:26:02 - [TEST_STEP][PASSED] - if (isRequiredTextPresent): null

24-10-2024T07:26:02 - [TEST_STEP][PASSED] - if (verifyTextPresent("Transaction Type:", false)): null

24-10-2024T07:26:02 - [MESSAGE][PASSED] - Text 'Transaction Type:' is present on page 

24-10-2024T07:26:02 - [TEST_STEP][PASSED] - isRequiredTextPresent = true: null

24-10-2024T07:26:02 - [TEST_STEP][PASSED] - println(isRequiredTextPresent): null

24-10-2024T07:26:02 - [TEST_STEP][PASSED] - if (isRequiredTextPresent): null

24-10-2024T07:26:02 - [TEST_STEP][PASSED] - if (verifyTextPresent("Amount:", false)): null

24-10-2024T07:26:03 - [MESSAGE][PASSED] - Text 'Amount:' is present on page 

24-10-2024T07:26:03 - [TEST_STEP][PASSED] - isRequiredTextPresent = true: null

24-10-2024T07:26:03 - [TEST_STEP][PASSED] - println(isRequiredTextPresent): null

24-10-2024T07:26:03 - [TEST_STEP][PASSED] - if (isRequiredTextPresent): null

24-10-2024T07:26:03 - [TEST_STEP][PASSED] - if (verifyTextPresent("Check Information:", false)): null

24-10-2024T07:26:03 - [MESSAGE][PASSED] - Text 'Check Information:' is present on page 

24-10-2024T07:26:03 - [TEST_STEP][PASSED] - isRequiredTextPresent = true: null

24-10-2024T07:26:03 - [TEST_STEP][PASSED] - println(isRequiredTextPresent): null

24-10-2024T07:26:03 - [TEST_STEP][PASSED] - if (isRequiredTextPresent): null

24-10-2024T07:26:03 - [TEST_STEP][PASSED] - if (verifyTextPresent("Account Type:", false)): null

24-10-2024T07:26:03 - [MESSAGE][PASSED] - Text 'Account Type:' is present on page 

24-10-2024T07:26:03 - [TEST_STEP][PASSED] - isRequiredTextPresent = true: null

24-10-2024T07:26:03 - [TEST_STEP][PASSED] - println(isRequiredTextPresent): null

24-10-2024T07:26:03 - [TEST_STEP][PASSED] - if (isRequiredTextPresent): null

24-10-2024T07:26:03 - [TEST_STEP][PASSED] - if (verifyTextPresent("Employer Identification Number(EIN):", false)): null

24-10-2024T07:26:03 - [MESSAGE][PASSED] - Text 'Employer Identification Number(EIN):' is present on page 

24-10-2024T07:26:03 - [TEST_STEP][PASSED] - isRequiredTextPresent = true: null

24-10-2024T07:26:03 - [TEST_STEP][PASSED] - println(isRequiredTextPresent): null

24-10-2024T07:26:03 - [TEST_STEP][PASSED] - if (isRequiredTextPresent): null

24-10-2024T07:26:03 - [TEST_STEP][PASSED] - if (verifyTextPresent("Account Number:", false)): null

24-10-2024T07:26:04 - [MESSAGE][PASSED] - Text 'Account Number:' is present on page 

24-10-2024T07:26:04 - [TEST_STEP][PASSED] - isRequiredTextPresent = true: null

24-10-2024T07:26:04 - [TEST_STEP][PASSED] - println(isRequiredTextPresent): null

24-10-2024T07:26:04 - [TEST_STEP][PASSED] - if (isRequiredTextPresent): null

24-10-2024T07:26:04 - [TEST_STEP][PASSED] - if (verifyTextPresent("Routing Number:", false)): null

24-10-2024T07:26:04 - [MESSAGE][PASSED] - Text 'Routing Number:' is present on page 

24-10-2024T07:26:04 - [TEST_STEP][PASSED] - isRequiredTextPresent = true: null

24-10-2024T07:26:04 - [TEST_STEP][PASSED] - println(isRequiredTextPresent): null

24-10-2024T07:26:04 - [TEST_STEP][PASSED] - if (isRequiredTextPresent): null

24-10-2024T07:26:04 - [TEST_STEP][PASSED] - if (verifyTextPresent("Company Name:", false)): null

24-10-2024T07:26:04 - [MESSAGE][PASSED] - Text 'Company Name:' is present on page 

24-10-2024T07:26:04 - [TEST_STEP][PASSED] - isRequiredTextPresent = true: null

24-10-2024T07:26:04 - [TEST_STEP][PASSED] - println(isRequiredTextPresent): null

24-10-2024T07:26:04 - [TEST_STEP][PASSED] - if (isRequiredTextPresent): null

24-10-2024T07:26:04 - [TEST_STEP][PASSED] - if (verifyTextPresent("Billing Information:", false)): null

24-10-2024T07:26:05 - [MESSAGE][PASSED] - Text 'Billing Information:' is present on page 

24-10-2024T07:26:05 - [TEST_STEP][PASSED] - isRequiredTextPresent = true: null

24-10-2024T07:26:05 - [TEST_STEP][PASSED] - println(isRequiredTextPresent): null

24-10-2024T07:26:05 - [TEST_STEP][PASSED] - if (isRequiredTextPresent): null

24-10-2024T07:26:05 - [TEST_STEP][PASSED] - if (verifyTextPresent("Address Line 1:", false)): null

24-10-2024T07:26:05 - [MESSAGE][PASSED] - Text 'Address Line 1:' is present on page 

24-10-2024T07:26:05 - [TEST_STEP][PASSED] - isRequiredTextPresent = true: null

24-10-2024T07:26:05 - [TEST_STEP][PASSED] - println(isRequiredTextPresent): null

24-10-2024T07:26:05 - [TEST_STEP][PASSED] - if (isRequiredTextPresent): null

24-10-2024T07:26:05 - [TEST_STEP][PASSED] - if (verifyTextPresent("Address Line 2:", false)): null

24-10-2024T07:26:05 - [MESSAGE][PASSED] - Text 'Address Line 2:' is present on page 

24-10-2024T07:26:05 - [TEST_STEP][PASSED] - isRequiredTextPresent = true: null

24-10-2024T07:26:05 - [TEST_STEP][PASSED] - println(isRequiredTextPresent): null

24-10-2024T07:26:05 - [TEST_STEP][PASSED] - if (isRequiredTextPresent): null

24-10-2024T07:26:05 - [TEST_STEP][PASSED] - if (verifyTextPresent("Country:", false)): null

24-10-2024T07:26:05 - [MESSAGE][PASSED] - Text 'Country:' is present on page 

24-10-2024T07:26:05 - [TEST_STEP][PASSED] - isRequiredTextPresent = true: null

24-10-2024T07:26:05 - [TEST_STEP][PASSED] - println(isRequiredTextPresent): null

24-10-2024T07:26:05 - [TEST_STEP][PASSED] - if (isRequiredTextPresent): null

24-10-2024T07:26:05 - [TEST_STEP][PASSED] - if (verifyTextPresent("City:", false)): null

24-10-2024T07:26:06 - [MESSAGE][PASSED] - Text 'City:' is present on page 

24-10-2024T07:26:06 - [TEST_STEP][PASSED] - isRequiredTextPresent = true: null

24-10-2024T07:26:06 - [TEST_STEP][PASSED] - println(isRequiredTextPresent): null

24-10-2024T07:26:06 - [TEST_STEP][PASSED] - if (isRequiredTextPresent): null

24-10-2024T07:26:06 - [TEST_STEP][PASSED] - if (verifyTextPresent("State:", false)): null

24-10-2024T07:26:06 - [MESSAGE][PASSED] - Text 'State:' is present on page 

24-10-2024T07:26:06 - [TEST_STEP][PASSED] - isRequiredTextPresent = true: null

24-10-2024T07:26:06 - [TEST_STEP][PASSED] - println(isRequiredTextPresent): null

24-10-2024T07:26:06 - [TEST_STEP][PASSED] - if (isRequiredTextPresent): null

24-10-2024T07:26:06 - [TEST_STEP][PASSED] - if (verifyTextPresent("Zip Code:", false)): null

24-10-2024T07:26:06 - [MESSAGE][PASSED] - Text 'Zip Code:' is present on page 

24-10-2024T07:26:06 - [TEST_STEP][PASSED] - isRequiredTextPresent = true: null

24-10-2024T07:26:06 - [TEST_STEP][PASSED] - println(isRequiredTextPresent): null

24-10-2024T07:26:06 - [TEST_STEP][PASSED] - if (isRequiredTextPresent): null

24-10-2024T07:26:06 - [TEST_STEP][PASSED] - if (verifyTextPresent("Plan Information:", false)): null

24-10-2024T07:26:07 - [MESSAGE][PASSED] - Text 'Plan Information:' is present on page 

24-10-2024T07:26:07 - [TEST_STEP][PASSED] - isRequiredTextPresent = true: null

24-10-2024T07:26:07 - [TEST_STEP][PASSED] - println(isRequiredTextPresent): null

24-10-2024T07:26:07 - [TEST_STEP][PASSED] - if (isRequiredTextPresent): null

24-10-2024T07:26:07 - [TEST_STEP][PASSED] - if (verifyTextPresent("Payment Plan Type:", false)): null

24-10-2024T07:26:07 - [MESSAGE][PASSED] - Text 'Payment Plan Type:' is present on page 

24-10-2024T07:26:07 - [TEST_STEP][PASSED] - isRequiredTextPresent = true: null

24-10-2024T07:26:07 - [TEST_STEP][PASSED] - println(isRequiredTextPresent): null

24-10-2024T07:26:07 - [TEST_STEP][PASSED] - if (isRequiredTextPresent): null

24-10-2024T07:26:07 - [TEST_STEP][PASSED] - if (verifyTextPresent("Payment Plan ID:", false)): null

24-10-2024T07:26:07 - [MESSAGE][PASSED] - Text 'Payment Plan ID:' is present on page 

24-10-2024T07:26:07 - [TEST_STEP][PASSED] - isRequiredTextPresent = true: null

24-10-2024T07:26:07 - [TEST_STEP][PASSED] - println(isRequiredTextPresent): null

24-10-2024T07:26:07 - [TEST_STEP][PASSED] - if (isRequiredTextPresent): null

24-10-2024T07:26:07 - [TEST_STEP][PASSED] - if (verifyTextPresent("Payment Date:", false)): null

24-10-2024T07:26:07 - [MESSAGE][PASSED] - Text 'Payment Date:' is present on page 

24-10-2024T07:26:07 - [TEST_STEP][PASSED] - isRequiredTextPresent = true: null

24-10-2024T07:26:07 - [TEST_STEP][PASSED] - println(isRequiredTextPresent): null

24-10-2024T07:26:07 - [TEST_STEP][PASSED] - if (isRequiredTextPresent == true): pages.WriteExcel.demoKey is PASSED

24-10-2024T07:26:07 - [TEST_STEP][PASSED] - println("All the relevant texts are present on Receipt Page"): null

24-10-2024T07:26:07 - [TEST_STEP][PASSED] - markPassed("All the relevant texts are present on Receipt Page"): All the relevant texts are present on Receipt Page

24-10-2024T07:26:07 - [MESSAGE][PASSED] - All the relevant texts are present on Receipt Page

24-10-2024T07:26:07 - [TEST_STEP][PASSED] - resText = "Pass": null

24-10-2024T07:26:07 - [TEST_STEP][PASSED] - pages.WriteExcel.demoKey(resText, datText, resColumn, datCloumn, fileLoc, nameSheet, row): pages.WriteExcel.demoKey is PASSED

24-10-2024T07:26:08 - [MESSAGE][PASSED] - pages.WriteExcel.demoKey is PASSED

24-10-2024T07:26:08 - [TEST_STEP][PASSED] - closeBrowser(): Browser is closed

24-10-2024T07:26:08 - [MESSAGE][PASSED] - Browser is closed

24-10-2024T07:26:08 - [TEST_STEP][PASSED] - ExecuteTC = dataFile.getValue("Execute", row): null

24-10-2024T07:26:08 - [TEST_STEP][PASSED] - out.println("Value of Execute is : " + ExecuteTC): null

24-10-2024T07:26:08 - [TEST_STEP][PASSED] - if (ExecuteTC.equalsIgnoreCase("Y")): null

24-10-2024T07:26:08 - [TEST_STEP][PASSED] - out.println("Begin Record Number: " + row): null

24-10-2024T07:26:08 - [TEST_STEP][PASSED] - today = new java.util.Date(): null

24-10-2024T07:26:08 - [TEST_STEP][PASSED] - println(today): null

24-10-2024T07:26:08 - [TEST_STEP][PASSED] - datText = today: null

24-10-2024T07:26:08 - [TEST_STEP][PASSED] - EmulatorDataKey = dataFile.getValue("EmulatorData", row): null

24-10-2024T07:26:08 - [TEST_STEP][PASSED] - out.println("Value of Emulator Key is : " + EmulatorDataKey): null

24-10-2024T07:26:08 - [TEST_STEP][PASSED] - iwpPages.emulatorIWP30.setDataEmulator_DD(EmulatorDataKey): iwpPages.emulatorIWP30.setDataEmulator_DD is PASSED

24-10-2024T07:26:09 - [MESSAGE][INFO] - Starting 'Edge Chromium' driver

24-10-2024T07:26:09 - [MESSAGE][INFO] - User set preference: ['acceptInsecureCerts', 'true']

24-10-2024T07:26:11 - [MESSAGE][INFO] - Action delay is set to 0 milliseconds

24-10-2024T07:26:15 - [MESSAGE][PASSED] - Browser is opened with url: 'https://qa2.velocitypayment.com/agencyx/config.action?action=editor&message_version=3_0'

24-10-2024T07:26:15 - [MESSAGE][PASSED] - Current window maximized

24-10-2024T07:26:46 - [MESSAGE][INFO] - Unable to find the element located by 'By.xpath: //select[@name='message_version']'. Please recheck the objects properties to make sure the desired element is located. 

24-10-2024T07:26:46 - [MESSAGE][WARNING] - [SELF-HEALING] Failed to find element with id 'Object Repository/IWP30/Page_VRelay30Emulator/MV'. Try using Self-healing.

24-10-2024T07:26:46 - [MESSAGE][WARNING] - [SELF-HEALING] The current locator of test object 'Object Repository/IWP30/Page_VRelay30Emulator/MV' was broken. Propose an alternative one: '(.//*[normalize-space(text()) and normalize-space(.)='Message Version'])[1]/following::select[1]'.

24-10-2024T07:26:47 - [MESSAGE][PASSED] - All options with value '3.0' are selected in object 'Object Repository/IWP30/Page_VRelay30Emulator/MV'  using regular expression

24-10-2024T07:26:48 - [MESSAGE][PASSED] - Text '10.50' is set on object 'Object Repository/IWP30/Page_EmulatorAgencyX/Amount'

24-10-2024T07:26:48 - [MESSAGE][PASSED] - Text 'n8OZbUWTZ2nd' is set on object 'Object Repository/IWP30/Page_EmulatorAgencyX/CAN'

24-10-2024T07:26:49 - [MESSAGE][PASSED] - Text 'PayNow' is set on object 'Object Repository/IWP30/Page_EmulatorAgencyX/Action'

24-10-2024T07:26:49 - [MESSAGE][PASSED] - Text 'en_US' is set on object 'Object Repository/IWP30/Page_EmulatorAgencyX/Lang'

24-10-2024T07:26:50 - [MESSAGE][PASSED] - Text '' is set on object 'Object Repository/IWP30/Page_EmulatorAgencyX/Fname'

24-10-2024T07:26:50 - [MESSAGE][PASSED] - Text '' is set on object 'Object Repository/IWP30/Page_EmulatorAgencyX/Lname'

24-10-2024T07:26:51 - [MESSAGE][PASSED] - Text '' is set on object 'Object Repository/IWP30/Page_EmulatorAgencyX/AL1'

24-10-2024T07:26:52 - [MESSAGE][PASSED] - Text '' is set on object 'Object Repository/IWP30/Page_EmulatorAgencyX/AL2'

24-10-2024T07:26:52 - [MESSAGE][PASSED] - Text '' is set on object 'Object Repository/IWP30/Page_EmulatorAgencyX/Country'

24-10-2024T07:26:53 - [MESSAGE][PASSED] - Text '' is set on object 'Object Repository/IWP30/Page_EmulatorAgencyX/City'

24-10-2024T07:26:53 - [MESSAGE][PASSED] - Text '' is set on object 'Object Repository/IWP30/Page_EmulatorAgencyX/State'

24-10-2024T07:26:54 - [MESSAGE][PASSED] - Text '' is set on object 'Object Repository/IWP30/Page_EmulatorAgencyX/ZIP'

24-10-2024T07:26:54 - [MESSAGE][PASSED] - Text '' is set on object 'Object Repository/IWP30/Page_EmulatorAgencyX/Order'

24-10-2024T07:26:55 - [MESSAGE][PASSED] - Text '' is set on object 'Object Repository/IWP30/Page_EmulatorAgencyX/Company'

24-10-2024T07:26:56 - [MESSAGE][PASSED] - Text '' is set on object 'Object Repository/IWP30/Page_EmulatorAgencyX/Email'

24-10-2024T07:26:56 - [MESSAGE][PASSED] - Text '' is set on object 'Object Repository/IWP30/Page_EmulatorAgencyX/UDF1'

24-10-2024T07:26:57 - [MESSAGE][PASSED] - Text '' is set on object 'Object Repository/IWP30/Page_EmulatorAgencyX/UDF2'

24-10-2024T07:26:57 - [MESSAGE][PASSED] - Text '' is set on object 'Object Repository/IWP30/Page_EmulatorAgencyX/UDF3'

24-10-2024T07:26:58 - [MESSAGE][PASSED] - Text 'udf data 4' is set on object 'Object Repository/IWP30/Page_EmulatorAgencyX/UDF4'

24-10-2024T07:26:58 - [MESSAGE][PASSED] - Text 'udf data 5' is set on object 'Object Repository/IWP30/Page_EmulatorAgencyX/UDF5'

24-10-2024T07:26:59 - [MESSAGE][PASSED] - Text '' is set on object 'Object Repository/IWP30/Page_EmulatorAgencyX/UDF6'

24-10-2024T07:27:00 - [MESSAGE][PASSED] - Text '' is set on object 'Object Repository/IWP30/Page_EmulatorAgencyX/UDF7'

24-10-2024T07:27:00 - [MESSAGE][PASSED] - Text '' is set on object 'Object Repository/IWP30/Page_EmulatorAgencyX/UDF8'

24-10-2024T07:27:01 - [MESSAGE][PASSED] - Text 'udf data 9' is set on object 'Object Repository/IWP30/Page_EmulatorAgencyX/UDF9'

24-10-2024T07:27:01 - [MESSAGE][PASSED] - Text 'udf data 10' is set on object 'Object Repository/IWP30/Page_EmulatorAgencyX/UDF10'

24-10-2024T07:27:03 - [MESSAGE][PASSED] - Object: 'Object Repository/IWP30/Page_EmulatorAgencyX/Submit' is clicked on

24-10-2024T07:27:07 - [MESSAGE][PASSED] - Browser is closed

24-10-2024T07:27:11 - [MESSAGE][PASSED] - iwpPages.emulatorIWP30.setDataEmulator_DD is PASSED

24-10-2024T07:27:11 - [TEST_STEP][PASSED] - testHarnessURL = urlTestHarness: null

24-10-2024T07:27:11 - [TEST_STEP][PASSED] - openBrowser(testHarnessURL): Browser is opened with url: 'https://dev-algorithm.govolution.com/vrelaytest/QA2/version_2_2/vrelaytest.html'

24-10-2024T07:27:11 - [MESSAGE][INFO] - Starting 'Edge Chromium' driver

24-10-2024T07:27:11 - [MESSAGE][INFO] - User set preference: ['acceptInsecureCerts', 'true']

24-10-2024T07:27:13 - [MESSAGE][INFO] - Action delay is set to 0 milliseconds

24-10-2024T07:27:17 - [MESSAGE][PASSED] - Browser is opened with url: 'https://dev-algorithm.govolution.com/vrelaytest/QA2/version_2_2/vrelaytest.html'

24-10-2024T07:27:17 - [TEST_STEP][PASSED] - maximizeWindow(): Current window maximized

24-10-2024T07:27:17 - [MESSAGE][PASSED] - Current window maximized

24-10-2024T07:27:17 - [TEST_STEP][PASSED] - iwpPages.TestHarnessPage.setDataMethodEF(row, dataFile): iwpPages.TestHarnessPage.setDataMethodEF is PASSED

24-10-2024T07:27:17 - [MESSAGE][PASSED] - Object 'Object Repository/IWP30/Page_QATestHarness/RemittanceID' is present

24-10-2024T07:27:18 - [MESSAGE][PASSED] - Text '649' is set on object 'Object Repository/IWP30/Page_QATestHarness/ApplicationID'

24-10-2024T07:27:19 - [MESSAGE][PASSED] - Text '3.0' is set on object 'Object Repository/IWP30/Page_QATestHarness/MessageVersion'

24-10-2024T07:27:19 - [MESSAGE][PASSED] - Text 'vcfIfNU1Tshq' is set on object 'Object Repository/IWP30/Page_QATestHarness/RemittanceID'

24-10-2024T07:27:23 - [MESSAGE][PASSED] - Object: 'Object Repository/IWP30/Page_QATestHarness/SubmitButton' is clicked on

24-10-2024T07:27:24 - [MESSAGE][PASSED] - iwpPages.TestHarnessPage.setDataMethodEF is PASSED

24-10-2024T07:27:24 - [TEST_STEP][PASSED] - click(findTestObject("Object Repository/IWP30/Page_SelectPaymentMethod/PayByCorporateCheck")): Object: 'Object Repository/IWP30/Page_SelectPaymentMethod/PayByCorporateCheck' is clicked on

24-10-2024T07:27:24 - [MESSAGE][PASSED] - Object: 'Object Repository/IWP30/Page_SelectPaymentMethod/PayByCorporateCheck' is clicked on

24-10-2024T07:27:24 - [TEST_STEP][PASSED] - click(findTestObject("Object Repository/IWP30/Page_SelectPaymentMethod/MakePaymentButton")): Object: 'Object Repository/IWP30/Page_SelectPaymentMethod/MakePaymentButton' is clicked on

24-10-2024T07:27:26 - [MESSAGE][PASSED] - Object: 'Object Repository/IWP30/Page_SelectPaymentMethod/MakePaymentButton' is clicked on

24-10-2024T07:27:26 - [TEST_STEP][PASSED] - iwpPages.achCorporatePaymentEntryPage.setDataCorporate(row, dataFile): iwpPages.achCorporatePaymentEntryPage.setDataCorporate is PASSED

24-10-2024T07:27:27 - [MESSAGE][PASSED] - Object 'Object Repository/IWP30/Page_ACHCorporatePaymentEntry/txt_accountNumber' is present

24-10-2024T07:27:27 - [MESSAGE][PASSED] - Object 'Object Repository/IWP30/Page_ACHCorporatePaymentEntry/input_CompanyName' is present

24-10-2024T07:27:28 - [MESSAGE][PASSED] - Text 'My Company' is set on object 'Object Repository/IWP30/Page_ACHCorporatePaymentEntry/input_CompanyName'

24-10-2024T07:27:28 - [MESSAGE][PASSED] - Object 'Object Repository/IWP30/Page_ACHCorporatePaymentEntry/input_EIN' is present

24-10-2024T07:27:29 - [MESSAGE][PASSED] - Text '123456789' is set on object 'Object Repository/IWP30/Page_ACHCorporatePaymentEntry/input_EIN'

24-10-2024T07:27:29 - [MESSAGE][PASSED] - Text '10.50' is set on object 'Object Repository/IWP30/Page_ACHCorporatePaymentEntry/txt_Amount'

24-10-2024T07:27:30 - [MESSAGE][PASSED] - Text 'udf data 2' is set on object 'Object Repository/IWP30/Page_ACHCorporatePaymentEntry/txt_UDF2'

24-10-2024T07:27:30 - [MESSAGE][PASSED] - Text 'udf data 3' is set on object 'Object Repository/IWP30/Page_ACHCorporatePaymentEntry/txt_UDF3'

24-10-2024T07:27:31 - [MESSAGE][PASSED] - All options with label 'Orange' are selected in object 'Object Repository/IWP30/Page_ACHCorporatePaymentEntry/dd_UDF7' 

24-10-2024T07:27:31 - [MESSAGE][PASSED] - All options with label 'Soccer' are selected in object 'Object Repository/IWP30/Page_ACHCorporatePaymentEntry/dd_UDF8' 

24-10-2024T07:27:32 - [MESSAGE][PASSED] - Object 'Object Repository/IWP30/Page_ACHCorporatePaymentEntry/txt_routingNumber' is present

24-10-2024T07:27:32 - [MESSAGE][PASSED] - Text '256072691' is set on object 'Object Repository/IWP30/Page_ACHCorporatePaymentEntry/txt_routingNumber'

24-10-2024T07:27:33 - [MESSAGE][PASSED] - Object 'Object Repository/IWP30/Page_ACHCorporatePaymentEntry/txt_accountNumber' is present

24-10-2024T07:27:33 - [MESSAGE][PASSED] - Text '12344444' is set on object 'Object Repository/IWP30/Page_ACHCorporatePaymentEntry/txt_accountNumber'

24-10-2024T07:27:34 - [MESSAGE][PASSED] - Object 'Object Repository/IWP30/Page_ACHCorporatePaymentEntry/txt_confirmAccountNumber' is present

24-10-2024T07:27:34 - [MESSAGE][PASSED] - Text '12344444' is set on object 'Object Repository/IWP30/Page_ACHCorporatePaymentEntry/txt_confirmAccountNumber'

24-10-2024T07:27:34 - [MESSAGE][PASSED] - Execute JavaScript '
				   document.getElementById('processDate').value = '08/09/2025'
				  ' successfully

24-10-2024T07:27:35 - [MESSAGE][PASSED] - Text '365 Main Avenue' is set on object 'Object Repository/IWP30/Page_ACHCorporatePaymentEntry/txt_AL1'

24-10-2024T07:27:36 - [MESSAGE][PASSED] - Text 'Ohio' is set on object 'Object Repository/IWP30/Page_ACHCorporatePaymentEntry/txt_AL2'

24-10-2024T07:27:36 - [MESSAGE][PASSED] - Text '22201' is set on object 'Object Repository/IWP30/Page_ACHCorporatePaymentEntry/txt_ZIP'

24-10-2024T07:27:36 - [MESSAGE][PASSED] - Object 'Object Repository/IWP30/Page_ACHCorporatePaymentEntry/txt_Email' is present

24-10-2024T07:27:37 - [MESSAGE][PASSED] - Text 'iahmed@govolution.com' is set on object 'Object Repository/IWP30/Page_ACHCorporatePaymentEntry/txt_Email'

24-10-2024T07:27:38 - [MESSAGE][PASSED] - Object 'Object Repository/IWP30/Page_ACHCorporatePaymentEntry/cb_TermsAndCond' is present

24-10-2024T07:27:38 - [MESSAGE][PASSED] - Object: 'Object Repository/IWP30/Page_ACHCorporatePaymentEntry/cb_TermsAndCond' is clicked on

24-10-2024T07:27:38 - [MESSAGE][PASSED] - Object 'Object Repository/IWP30/Page_ACHCorporatePaymentEntry/btn_Continue' is present

24-10-2024T07:27:39 - [MESSAGE][PASSED] - Object: 'Object Repository/IWP30/Page_ACHCorporatePaymentEntry/btn_Continue' is clicked on

24-10-2024T07:27:39 - [MESSAGE][PASSED] - iwpPages.achCorporatePaymentEntryPage.setDataCorporate is PASSED

24-10-2024T07:27:39 - [TEST_STEP][PASSED] - click(findTestObject("Object Repository/IWP30/Page_Confirmation/ConfirmButton")): Object: 'Object Repository/IWP30/Page_Confirmation/ConfirmButton' is clicked on

24-10-2024T07:28:10 - [MESSAGE][INFO] - Unable to find the element located by 'By.xpath: //*[@type = 'submit' and @name = 'confirmNotifyAction' and @id = 'submitYes' and @value = 'Confirm']'. Please recheck the objects properties to make sure the desired element is located. 

24-10-2024T07:28:10 - [MESSAGE][WARNING] - [SELF-HEALING] Failed to find element with id 'Object Repository/IWP30/Page_Confirmation/ConfirmButton'. Try using Self-healing.

24-10-2024T07:28:11 - [MESSAGE][WARNING] - [SELF-HEALING] The current locator of test object 'Object Repository/IWP30/Page_Confirmation/ConfirmButton' was broken. Propose an alternative one: '//div/input'.

24-10-2024T07:28:12 - [MESSAGE][PASSED] - Object: 'Object Repository/IWP30/Page_Confirmation/ConfirmButton' is clicked on

24-10-2024T07:28:12 - [TEST_STEP][PASSED] - Thread.sleep(2000): null

24-10-2024T07:28:15 - [TEST_STEP][PASSED] - if (verifyTextPresent("Deferred", false)): null

24-10-2024T07:28:15 - [MESSAGE][PASSED] - Text 'Deferred' is present on page 

24-10-2024T07:28:15 - [TEST_STEP][PASSED] - if (verifyTextPresent("Your payment plan has been successfully created", false)): null

24-10-2024T07:28:15 - [MESSAGE][PASSED] - Text 'Your payment plan has been successfully created' is present on page 

24-10-2024T07:28:15 - [TEST_STEP][PASSED] - isRequiredTextPresent = true: null

24-10-2024T07:28:15 - [TEST_STEP][PASSED] - println(isRequiredTextPresent): null

24-10-2024T07:28:15 - [TEST_STEP][PASSED] - if (isRequiredTextPresent): null

24-10-2024T07:28:15 - [TEST_STEP][PASSED] - if (verifyTextPresent("CAN Label:", false)): null

24-10-2024T07:28:15 - [MESSAGE][PASSED] - Text 'CAN Label:' is present on page 

24-10-2024T07:28:15 - [TEST_STEP][PASSED] - isRequiredTextPresent = true: null

24-10-2024T07:28:15 - [TEST_STEP][PASSED] - println(isRequiredTextPresent): null

24-10-2024T07:28:15 - [TEST_STEP][PASSED] - if (isRequiredTextPresent): null

24-10-2024T07:28:15 - [TEST_STEP][PASSED] - if (verifyTextPresent("Remittance ID:", false)): null

24-10-2024T07:28:16 - [MESSAGE][PASSED] - Text 'Remittance ID:' is present on page 

24-10-2024T07:28:16 - [TEST_STEP][PASSED] - isRequiredTextPresent = true: null

24-10-2024T07:28:16 - [TEST_STEP][PASSED] - println(isRequiredTextPresent): null

24-10-2024T07:28:16 - [TEST_STEP][PASSED] - if (isRequiredTextPresent): null

24-10-2024T07:28:16 - [TEST_STEP][PASSED] - if (verifyTextPresent("UDF2 Label:", false)): null

24-10-2024T07:28:16 - [MESSAGE][PASSED] - Text 'UDF2 Label:' is present on page 

24-10-2024T07:28:16 - [TEST_STEP][PASSED] - isRequiredTextPresent = true: null

24-10-2024T07:28:16 - [TEST_STEP][PASSED] - println(isRequiredTextPresent): null

24-10-2024T07:28:16 - [TEST_STEP][PASSED] - if (isRequiredTextPresent): null

24-10-2024T07:28:16 - [TEST_STEP][PASSED] - if (verifyTextPresent("UDF3 Label:", false)): null

24-10-2024T07:28:16 - [MESSAGE][PASSED] - Text 'UDF3 Label:' is present on page 

24-10-2024T07:28:16 - [TEST_STEP][PASSED] - isRequiredTextPresent = true: null

24-10-2024T07:28:16 - [TEST_STEP][PASSED] - println(isRequiredTextPresent): null

24-10-2024T07:28:16 - [TEST_STEP][PASSED] - if (isRequiredTextPresent): null

24-10-2024T07:28:16 - [TEST_STEP][PASSED] - if (verifyTextPresent("UDF4 Label:", false)): null

24-10-2024T07:28:16 - [MESSAGE][PASSED] - Text 'UDF4 Label:' is present on page 

24-10-2024T07:28:16 - [TEST_STEP][PASSED] - isRequiredTextPresent = true: null

24-10-2024T07:28:16 - [TEST_STEP][PASSED] - println(isRequiredTextPresent): null

24-10-2024T07:28:16 - [TEST_STEP][PASSED] - if (isRequiredTextPresent): null

24-10-2024T07:28:16 - [TEST_STEP][PASSED] - if (verifyTextPresent("UDF7 Label:", false)): null

24-10-2024T07:28:17 - [MESSAGE][PASSED] - Text 'UDF7 Label:' is present on page 

24-10-2024T07:28:17 - [TEST_STEP][PASSED] - isRequiredTextPresent = true: null

24-10-2024T07:28:17 - [TEST_STEP][PASSED] - println(isRequiredTextPresent): null

24-10-2024T07:28:17 - [TEST_STEP][PASSED] - if (isRequiredTextPresent): null

24-10-2024T07:28:17 - [TEST_STEP][PASSED] - if (verifyTextPresent("UDF8 Label:", false)): null

24-10-2024T07:28:17 - [MESSAGE][PASSED] - Text 'UDF8 Label:' is present on page 

24-10-2024T07:28:17 - [TEST_STEP][PASSED] - isRequiredTextPresent = true: null

24-10-2024T07:28:17 - [TEST_STEP][PASSED] - println(isRequiredTextPresent): null

24-10-2024T07:28:17 - [TEST_STEP][PASSED] - if (isRequiredTextPresent): null

24-10-2024T07:28:17 - [TEST_STEP][PASSED] - if (verifyTextPresent("UDF9 Label:", false)): null

24-10-2024T07:28:17 - [MESSAGE][PASSED] - Text 'UDF9 Label:' is present on page 

24-10-2024T07:28:17 - [TEST_STEP][PASSED] - isRequiredTextPresent = true: null

24-10-2024T07:28:17 - [TEST_STEP][PASSED] - println(isRequiredTextPresent): null

24-10-2024T07:28:17 - [TEST_STEP][PASSED] - if (isRequiredTextPresent): null

24-10-2024T07:28:17 - [TEST_STEP][PASSED] - if (verifyTextPresent("Transaction Type:", false)): null

24-10-2024T07:28:18 - [MESSAGE][PASSED] - Text 'Transaction Type:' is present on page 

24-10-2024T07:28:18 - [TEST_STEP][PASSED] - isRequiredTextPresent = true: null

24-10-2024T07:28:18 - [TEST_STEP][PASSED] - println(isRequiredTextPresent): null

24-10-2024T07:28:18 - [TEST_STEP][PASSED] - if (isRequiredTextPresent): null

24-10-2024T07:28:18 - [TEST_STEP][PASSED] - if (verifyTextPresent("Amount:", false)): null

24-10-2024T07:28:18 - [MESSAGE][PASSED] - Text 'Amount:' is present on page 

24-10-2024T07:28:18 - [TEST_STEP][PASSED] - isRequiredTextPresent = true: null

24-10-2024T07:28:18 - [TEST_STEP][PASSED] - println(isRequiredTextPresent): null

24-10-2024T07:28:18 - [TEST_STEP][PASSED] - if (isRequiredTextPresent): null

24-10-2024T07:28:18 - [TEST_STEP][PASSED] - if (verifyTextPresent("Check Information:", false)): null

24-10-2024T07:28:18 - [MESSAGE][PASSED] - Text 'Check Information:' is present on page 

24-10-2024T07:28:18 - [TEST_STEP][PASSED] - isRequiredTextPresent = true: null

24-10-2024T07:28:18 - [TEST_STEP][PASSED] - println(isRequiredTextPresent): null

24-10-2024T07:28:18 - [TEST_STEP][PASSED] - if (isRequiredTextPresent): null

24-10-2024T07:28:18 - [TEST_STEP][PASSED] - if (verifyTextPresent("Account Type:", false)): null

24-10-2024T07:28:18 - [MESSAGE][PASSED] - Text 'Account Type:' is present on page 

24-10-2024T07:28:18 - [TEST_STEP][PASSED] - isRequiredTextPresent = true: null

24-10-2024T07:28:18 - [TEST_STEP][PASSED] - println(isRequiredTextPresent): null

24-10-2024T07:28:18 - [TEST_STEP][PASSED] - if (isRequiredTextPresent): null

24-10-2024T07:28:18 - [TEST_STEP][PASSED] - if (verifyTextPresent("Employer Identification Number(EIN):", false)): null

24-10-2024T07:28:19 - [MESSAGE][PASSED] - Text 'Employer Identification Number(EIN):' is present on page 

24-10-2024T07:28:19 - [TEST_STEP][PASSED] - isRequiredTextPresent = true: null

24-10-2024T07:28:19 - [TEST_STEP][PASSED] - println(isRequiredTextPresent): null

24-10-2024T07:28:19 - [TEST_STEP][PASSED] - if (isRequiredTextPresent): null

24-10-2024T07:28:19 - [TEST_STEP][PASSED] - if (verifyTextPresent("Account Number:", false)): null

24-10-2024T07:28:19 - [MESSAGE][PASSED] - Text 'Account Number:' is present on page 

24-10-2024T07:28:19 - [TEST_STEP][PASSED] - isRequiredTextPresent = true: null

24-10-2024T07:28:19 - [TEST_STEP][PASSED] - println(isRequiredTextPresent): null

24-10-2024T07:28:19 - [TEST_STEP][PASSED] - if (isRequiredTextPresent): null

24-10-2024T07:28:19 - [TEST_STEP][PASSED] - if (verifyTextPresent("Routing Number:", false)): null

24-10-2024T07:28:19 - [MESSAGE][PASSED] - Text 'Routing Number:' is present on page 

24-10-2024T07:28:19 - [TEST_STEP][PASSED] - isRequiredTextPresent = true: null

24-10-2024T07:28:19 - [TEST_STEP][PASSED] - println(isRequiredTextPresent): null

24-10-2024T07:28:19 - [TEST_STEP][PASSED] - if (isRequiredTextPresent): null

24-10-2024T07:28:19 - [TEST_STEP][PASSED] - if (verifyTextPresent("Company Name:", false)): null

24-10-2024T07:28:20 - [MESSAGE][PASSED] - Text 'Company Name:' is present on page 

24-10-2024T07:28:20 - [TEST_STEP][PASSED] - isRequiredTextPresent = true: null

24-10-2024T07:28:20 - [TEST_STEP][PASSED] - println(isRequiredTextPresent): null

24-10-2024T07:28:20 - [TEST_STEP][PASSED] - if (isRequiredTextPresent): null

24-10-2024T07:28:20 - [TEST_STEP][PASSED] - if (verifyTextPresent("Billing Information:", false)): null

24-10-2024T07:28:20 - [MESSAGE][PASSED] - Text 'Billing Information:' is present on page 

24-10-2024T07:28:20 - [TEST_STEP][PASSED] - isRequiredTextPresent = true: null

24-10-2024T07:28:20 - [TEST_STEP][PASSED] - println(isRequiredTextPresent): null

24-10-2024T07:28:20 - [TEST_STEP][PASSED] - if (isRequiredTextPresent): null

24-10-2024T07:28:20 - [TEST_STEP][PASSED] - if (verifyTextPresent("Address Line 1:", false)): null

24-10-2024T07:28:20 - [MESSAGE][PASSED] - Text 'Address Line 1:' is present on page 

24-10-2024T07:28:20 - [TEST_STEP][PASSED] - isRequiredTextPresent = true: null

24-10-2024T07:28:20 - [TEST_STEP][PASSED] - println(isRequiredTextPresent): null

24-10-2024T07:28:20 - [TEST_STEP][PASSED] - if (isRequiredTextPresent): null

24-10-2024T07:28:20 - [TEST_STEP][PASSED] - if (verifyTextPresent("Address Line 2:", false)): null

24-10-2024T07:28:20 - [MESSAGE][PASSED] - Text 'Address Line 2:' is present on page 

24-10-2024T07:28:20 - [TEST_STEP][PASSED] - isRequiredTextPresent = true: null

24-10-2024T07:28:20 - [TEST_STEP][PASSED] - println(isRequiredTextPresent): null

24-10-2024T07:28:20 - [TEST_STEP][PASSED] - if (isRequiredTextPresent): null

24-10-2024T07:28:20 - [TEST_STEP][PASSED] - if (verifyTextPresent("Country:", false)): null

24-10-2024T07:28:21 - [MESSAGE][PASSED] - Text 'Country:' is present on page 

24-10-2024T07:28:21 - [TEST_STEP][PASSED] - isRequiredTextPresent = true: null

24-10-2024T07:28:21 - [TEST_STEP][PASSED] - println(isRequiredTextPresent): null

24-10-2024T07:28:21 - [TEST_STEP][PASSED] - if (isRequiredTextPresent): null

24-10-2024T07:28:21 - [TEST_STEP][PASSED] - if (verifyTextPresent("City:", false)): null

24-10-2024T07:28:21 - [MESSAGE][PASSED] - Text 'City:' is present on page 

24-10-2024T07:28:21 - [TEST_STEP][PASSED] - isRequiredTextPresent = true: null

24-10-2024T07:28:21 - [TEST_STEP][PASSED] - println(isRequiredTextPresent): null

24-10-2024T07:28:21 - [TEST_STEP][PASSED] - if (isRequiredTextPresent): null

24-10-2024T07:28:21 - [TEST_STEP][PASSED] - if (verifyTextPresent("State:", false)): null

24-10-2024T07:28:21 - [MESSAGE][PASSED] - Text 'State:' is present on page 

24-10-2024T07:28:21 - [TEST_STEP][PASSED] - isRequiredTextPresent = true: null

24-10-2024T07:28:21 - [TEST_STEP][PASSED] - println(isRequiredTextPresent): null

24-10-2024T07:28:21 - [TEST_STEP][PASSED] - if (isRequiredTextPresent): null

24-10-2024T07:28:21 - [TEST_STEP][PASSED] - if (verifyTextPresent("Zip Code:", false)): null

24-10-2024T07:28:22 - [MESSAGE][PASSED] - Text 'Zip Code:' is present on page 

24-10-2024T07:28:22 - [TEST_STEP][PASSED] - isRequiredTextPresent = true: null

24-10-2024T07:28:22 - [TEST_STEP][PASSED] - println(isRequiredTextPresent): null

24-10-2024T07:28:22 - [TEST_STEP][PASSED] - if (isRequiredTextPresent): null

24-10-2024T07:28:22 - [TEST_STEP][PASSED] - if (verifyTextPresent("Plan Information:", false)): null

24-10-2024T07:28:22 - [MESSAGE][PASSED] - Text 'Plan Information:' is present on page 

24-10-2024T07:28:22 - [TEST_STEP][PASSED] - isRequiredTextPresent = true: null

24-10-2024T07:28:22 - [TEST_STEP][PASSED] - println(isRequiredTextPresent): null

24-10-2024T07:28:22 - [TEST_STEP][PASSED] - if (isRequiredTextPresent): null

24-10-2024T07:28:22 - [TEST_STEP][PASSED] - if (verifyTextPresent("Payment Plan Type:", false)): null

24-10-2024T07:28:22 - [MESSAGE][PASSED] - Text 'Payment Plan Type:' is present on page 

24-10-2024T07:28:22 - [TEST_STEP][PASSED] - isRequiredTextPresent = true: null

24-10-2024T07:28:22 - [TEST_STEP][PASSED] - println(isRequiredTextPresent): null

24-10-2024T07:28:22 - [TEST_STEP][PASSED] - if (isRequiredTextPresent): null

24-10-2024T07:28:22 - [TEST_STEP][PASSED] - if (verifyTextPresent("Payment Plan ID:", false)): null

24-10-2024T07:28:22 - [MESSAGE][PASSED] - Text 'Payment Plan ID:' is present on page 

24-10-2024T07:28:22 - [TEST_STEP][PASSED] - isRequiredTextPresent = true: null

24-10-2024T07:28:22 - [TEST_STEP][PASSED] - println(isRequiredTextPresent): null

24-10-2024T07:28:22 - [TEST_STEP][PASSED] - if (isRequiredTextPresent): null

24-10-2024T07:28:22 - [TEST_STEP][PASSED] - if (verifyTextPresent("Payment Date:", false)): null

24-10-2024T07:28:23 - [MESSAGE][PASSED] - Text 'Payment Date:' is present on page 

24-10-2024T07:28:23 - [TEST_STEP][PASSED] - isRequiredTextPresent = true: null

24-10-2024T07:28:23 - [TEST_STEP][PASSED] - println(isRequiredTextPresent): null

24-10-2024T07:28:23 - [TEST_STEP][PASSED] - if (isRequiredTextPresent == true): pages.WriteExcel.demoKey is PASSED

24-10-2024T07:28:23 - [TEST_STEP][PASSED] - println("All the relevant texts are present on Receipt Page"): null

24-10-2024T07:28:23 - [TEST_STEP][PASSED] - markPassed("All the relevant texts are present on Receipt Page"): All the relevant texts are present on Receipt Page

24-10-2024T07:28:23 - [MESSAGE][PASSED] - All the relevant texts are present on Receipt Page

24-10-2024T07:28:23 - [TEST_STEP][PASSED] - resText = "Pass": null

24-10-2024T07:28:23 - [TEST_STEP][PASSED] - pages.WriteExcel.demoKey(resText, datText, resColumn, datCloumn, fileLoc, nameSheet, row): pages.WriteExcel.demoKey is PASSED

24-10-2024T07:28:23 - [MESSAGE][PASSED] - pages.WriteExcel.demoKey is PASSED

24-10-2024T07:28:23 - [TEST_STEP][PASSED] - closeBrowser(): Browser is closed

24-10-2024T07:28:23 - [MESSAGE][PASSED] - Browser is closed]]></system-out>
         <system-err><![CDATA[]]></system-err>
      </testcase>
      <testcase name="Test Cases/IntegratedWeb/IWP25/Payments/VerifyCreateReceiptLabelsDeferredPC" time="241.076" classname="Test Cases/IntegratedWeb/IWP25/Payments/VerifyCreateReceiptLabelsDeferredPC" status="PASSED">
         <system-out><![CDATA[24-10-2024T07:28:23 - [TEST_CASE][PASSED] - Test Cases/IntegratedWeb/IWP25/Payments/VerifyCreateReceiptLabelsDeferredPC: Test Cases/IntegratedWeb/IWP25/Payments/VerifyCreateReceiptLabelsDeferredPC

24-10-2024T07:28:24 - [TEST_STEP][PASSED] - resText = "Fail": null

24-10-2024T07:28:24 - [TEST_STEP][PASSED] - resColumn = "Result": null

24-10-2024T07:28:24 - [TEST_STEP][PASSED] - datCloumn = "Date": null

24-10-2024T07:28:24 - [TEST_STEP][PASSED] - fileLoc = "KatalonData/IWPTestData/VRelay25PaymentsExtension.xlsx": null

24-10-2024T07:28:24 - [TEST_STEP][PASSED] - numOfRows = <not implemented yet for class: org.codehaus.groovy.ast.expr.EmptyExpression>: null

24-10-2024T07:28:24 - [TEST_STEP][PASSED] - dataFile = <not implemented yet for class: org.codehaus.groovy.ast.expr.EmptyExpression>: null

24-10-2024T07:28:24 - [TEST_STEP][PASSED] - nameSheet = <not implemented yet for class: org.codehaus.groovy.ast.expr.EmptyExpression>: null

24-10-2024T07:28:24 - [TEST_STEP][PASSED] - dataFileEmulator = <not implemented yet for class: org.codehaus.groovy.ast.expr.EmptyExpression>: null

24-10-2024T07:28:24 - [TEST_STEP][PASSED] - isRequiredTextPresent = false: null

24-10-2024T07:28:24 - [TEST_STEP][PASSED] - nameSheet = "VerifyCreateLabelDeferredPC": null

24-10-2024T07:28:24 - [TEST_STEP][PASSED] - dataFile = getExcelDataWithDefaultSheet("KatalonData/IWPTestData/VRelay25PaymentsExtension.xlsx", nameSheet, true): null

24-10-2024T07:28:24 - [TEST_STEP][PASSED] - dataFileEmulator = "IWPTestData/EmulatorData": null

24-10-2024T07:28:24 - [TEST_STEP][PASSED] - numOfRows = dataFile.getRowNumbers(): null

24-10-2024T07:28:24 - [TEST_STEP][PASSED] - println("Number of Records: " + numOfRows): null

24-10-2024T07:28:24 - [TEST_STEP][PASSED] - for ([row = 1, row <= numOfRows, (row++)]): Browser is closed

24-10-2024T07:28:24 - [TEST_STEP][PASSED] - ExecuteTC = dataFile.getValue("Execute", row): null

24-10-2024T07:28:24 - [TEST_STEP][PASSED] - out.println("Value of Execute is : " + ExecuteTC): null

24-10-2024T07:28:24 - [TEST_STEP][PASSED] - if (ExecuteTC.equalsIgnoreCase("Y")): null

24-10-2024T07:28:24 - [TEST_STEP][PASSED] - out.println("Begin Record Number: " + row): null

24-10-2024T07:28:24 - [TEST_STEP][PASSED] - today = new java.util.Date(): null

24-10-2024T07:28:24 - [TEST_STEP][PASSED] - println(today): null

24-10-2024T07:28:24 - [TEST_STEP][PASSED] - datText = today: null

24-10-2024T07:28:24 - [TEST_STEP][PASSED] - EmulatorDataKey = dataFile.getValue("EmulatorData", row): null

24-10-2024T07:28:24 - [TEST_STEP][PASSED] - out.println("Value of Emulator Key is : " + EmulatorDataKey): null

24-10-2024T07:28:24 - [TEST_STEP][PASSED] - iwpPages.emulatorIWP30.setDataEmulator_DD(EmulatorDataKey): iwpPages.emulatorIWP30.setDataEmulator_DD is PASSED

24-10-2024T07:28:24 - [MESSAGE][INFO] - Starting 'Edge Chromium' driver

24-10-2024T07:28:24 - [MESSAGE][INFO] - User set preference: ['acceptInsecureCerts', 'true']

24-10-2024T07:28:26 - [MESSAGE][INFO] - Action delay is set to 0 milliseconds

24-10-2024T07:28:30 - [MESSAGE][PASSED] - Browser is opened with url: 'https://qa2.velocitypayment.com/agencyx/config.action?action=editor&message_version=2_5'

24-10-2024T07:28:30 - [MESSAGE][PASSED] - Current window maximized

24-10-2024T07:29:01 - [MESSAGE][INFO] - Unable to find the element located by 'By.xpath: //select[@name='message_version']'. Please recheck the objects properties to make sure the desired element is located. 

24-10-2024T07:29:01 - [MESSAGE][WARNING] - [SELF-HEALING] Failed to find element with id 'Object Repository/IWP30/Page_VRelay30Emulator/MV'. Try using Self-healing.

24-10-2024T07:29:01 - [MESSAGE][WARNING] - [SELF-HEALING] The current locator of test object 'Object Repository/IWP30/Page_VRelay30Emulator/MV' was broken. Propose an alternative one: '(.//*[normalize-space(text()) and normalize-space(.)='Message Version'])[1]/following::select[1]'.

24-10-2024T07:29:02 - [MESSAGE][PASSED] - All options with value '2.5' are selected in object 'Object Repository/IWP30/Page_VRelay30Emulator/MV'  using regular expression

24-10-2024T07:29:03 - [MESSAGE][PASSED] - Text '10.50' is set on object 'Object Repository/IWP30/Page_EmulatorAgencyX/Amount'

24-10-2024T07:29:03 - [MESSAGE][PASSED] - Text '2IHWxIofY5Z6' is set on object 'Object Repository/IWP30/Page_EmulatorAgencyX/CAN'

24-10-2024T07:29:04 - [MESSAGE][PASSED] - Text 'PayNow' is set on object 'Object Repository/IWP30/Page_EmulatorAgencyX/Action'

24-10-2024T07:29:04 - [MESSAGE][PASSED] - Text 'en_US' is set on object 'Object Repository/IWP30/Page_EmulatorAgencyX/Lang'

24-10-2024T07:29:05 - [MESSAGE][PASSED] - Text '' is set on object 'Object Repository/IWP30/Page_EmulatorAgencyX/Fname'

24-10-2024T07:29:06 - [MESSAGE][PASSED] - Text '' is set on object 'Object Repository/IWP30/Page_EmulatorAgencyX/Lname'

24-10-2024T07:29:06 - [MESSAGE][PASSED] - Text '' is set on object 'Object Repository/IWP30/Page_EmulatorAgencyX/AL1'

24-10-2024T07:29:07 - [MESSAGE][PASSED] - Text '' is set on object 'Object Repository/IWP30/Page_EmulatorAgencyX/AL2'

24-10-2024T07:29:07 - [MESSAGE][PASSED] - Text '' is set on object 'Object Repository/IWP30/Page_EmulatorAgencyX/Country'

24-10-2024T07:29:08 - [MESSAGE][PASSED] - Text '' is set on object 'Object Repository/IWP30/Page_EmulatorAgencyX/City'

24-10-2024T07:29:08 - [MESSAGE][PASSED] - Text '' is set on object 'Object Repository/IWP30/Page_EmulatorAgencyX/State'

24-10-2024T07:29:09 - [MESSAGE][PASSED] - Text '' is set on object 'Object Repository/IWP30/Page_EmulatorAgencyX/ZIP'

24-10-2024T07:29:10 - [MESSAGE][PASSED] - Text '' is set on object 'Object Repository/IWP30/Page_EmulatorAgencyX/Order'

24-10-2024T07:29:10 - [MESSAGE][PASSED] - Text '' is set on object 'Object Repository/IWP30/Page_EmulatorAgencyX/Company'

24-10-2024T07:29:11 - [MESSAGE][PASSED] - Text '' is set on object 'Object Repository/IWP30/Page_EmulatorAgencyX/Email'

24-10-2024T07:29:11 - [MESSAGE][PASSED] - Text '' is set on object 'Object Repository/IWP30/Page_EmulatorAgencyX/UDF1'

24-10-2024T07:29:12 - [MESSAGE][PASSED] - Text '' is set on object 'Object Repository/IWP30/Page_EmulatorAgencyX/UDF2'

24-10-2024T07:29:12 - [MESSAGE][PASSED] - Text '' is set on object 'Object Repository/IWP30/Page_EmulatorAgencyX/UDF3'

24-10-2024T07:29:13 - [MESSAGE][PASSED] - Text 'udf data 4' is set on object 'Object Repository/IWP30/Page_EmulatorAgencyX/UDF4'

24-10-2024T07:29:14 - [MESSAGE][PASSED] - Text 'udf data 5' is set on object 'Object Repository/IWP30/Page_EmulatorAgencyX/UDF5'

24-10-2024T07:29:14 - [MESSAGE][PASSED] - Text '' is set on object 'Object Repository/IWP30/Page_EmulatorAgencyX/UDF6'

24-10-2024T07:29:15 - [MESSAGE][PASSED] - Text '' is set on object 'Object Repository/IWP30/Page_EmulatorAgencyX/UDF7'

24-10-2024T07:29:15 - [MESSAGE][PASSED] - Text '' is set on object 'Object Repository/IWP30/Page_EmulatorAgencyX/UDF8'

24-10-2024T07:29:16 - [MESSAGE][PASSED] - Text 'udf data 9' is set on object 'Object Repository/IWP30/Page_EmulatorAgencyX/UDF9'

24-10-2024T07:29:17 - [MESSAGE][PASSED] - Text 'udf data 10' is set on object 'Object Repository/IWP30/Page_EmulatorAgencyX/UDF10'

24-10-2024T07:29:18 - [MESSAGE][PASSED] - Object: 'Object Repository/IWP30/Page_EmulatorAgencyX/Submit' is clicked on

24-10-2024T07:29:22 - [MESSAGE][PASSED] - Browser is closed

24-10-2024T07:29:26 - [MESSAGE][PASSED] - iwpPages.emulatorIWP30.setDataEmulator_DD is PASSED

24-10-2024T07:29:26 - [TEST_STEP][PASSED] - testHarnessURL = urlTestHarness: null

24-10-2024T07:29:26 - [TEST_STEP][PASSED] - openBrowser(testHarnessURL): Browser is opened with url: 'https://dev-algorithm.govolution.com/vrelaytest/QA2/version_2_2/vrelaytest.html'

24-10-2024T07:29:26 - [MESSAGE][INFO] - Starting 'Edge Chromium' driver

24-10-2024T07:29:26 - [MESSAGE][INFO] - User set preference: ['acceptInsecureCerts', 'true']

24-10-2024T07:29:28 - [MESSAGE][INFO] - Action delay is set to 0 milliseconds

24-10-2024T07:29:32 - [MESSAGE][PASSED] - Browser is opened with url: 'https://dev-algorithm.govolution.com/vrelaytest/QA2/version_2_2/vrelaytest.html'

24-10-2024T07:29:32 - [TEST_STEP][PASSED] - maximizeWindow(): Current window maximized

24-10-2024T07:29:32 - [MESSAGE][PASSED] - Current window maximized

24-10-2024T07:29:32 - [TEST_STEP][PASSED] - iwpPages.TestHarnessPage.setDataMethodEF(row, dataFile): iwpPages.TestHarnessPage.setDataMethodEF is PASSED

24-10-2024T07:29:32 - [MESSAGE][PASSED] - Object 'Object Repository/IWP30/Page_QATestHarness/RemittanceID' is present

24-10-2024T07:29:33 - [MESSAGE][PASSED] - Text '638' is set on object 'Object Repository/IWP30/Page_QATestHarness/ApplicationID'

24-10-2024T07:29:34 - [MESSAGE][PASSED] - Text '2.5' is set on object 'Object Repository/IWP30/Page_QATestHarness/MessageVersion'

24-10-2024T07:29:34 - [MESSAGE][PASSED] - Text 'DpjYP5o1FfgL' is set on object 'Object Repository/IWP30/Page_QATestHarness/RemittanceID'

24-10-2024T07:29:38 - [MESSAGE][PASSED] - Object: 'Object Repository/IWP30/Page_QATestHarness/SubmitButton' is clicked on

24-10-2024T07:29:38 - [MESSAGE][PASSED] - iwpPages.TestHarnessPage.setDataMethodEF is PASSED

24-10-2024T07:29:38 - [TEST_STEP][PASSED] - click(findTestObject("Object Repository/IWP30/Page_SelectPaymentMethod/PayByPersonalCheck")): Object: 'Object Repository/IWP30/Page_SelectPaymentMethod/PayByPersonalCheck' is clicked on

24-10-2024T07:29:38 - [MESSAGE][PASSED] - Object: 'Object Repository/IWP30/Page_SelectPaymentMethod/PayByPersonalCheck' is clicked on

24-10-2024T07:29:38 - [TEST_STEP][PASSED] - click(findTestObject("Object Repository/IWP30/Page_SelectPaymentMethod/MakePaymentButton")): Object: 'Object Repository/IWP30/Page_SelectPaymentMethod/MakePaymentButton' is clicked on

24-10-2024T07:29:41 - [MESSAGE][PASSED] - Object: 'Object Repository/IWP30/Page_SelectPaymentMethod/MakePaymentButton' is clicked on

24-10-2024T07:29:41 - [TEST_STEP][PASSED] - iwpPages.achPersonalPaymentEntryPage.setDataACHPPM(row, dataFile): iwpPages.achPersonalPaymentEntryPage.setDataACHPPM is PASSED

24-10-2024T07:29:42 - [MESSAGE][PASSED] - Object 'Object Repository/IWP30/Page_ACHPersonalPaymentEntry/txt_accountNumber' is present

24-10-2024T07:29:42 - [MESSAGE][PASSED] - Text '10.50' is set on object 'Object Repository/IWP30/Page_ACHPersonalPaymentEntry/txt_Amount'

24-10-2024T07:29:43 - [MESSAGE][PASSED] - Object 'Object Repository/IWP30/Page_ACHPersonalPaymentEntry/txt_UDF2' is present

24-10-2024T07:29:43 - [MESSAGE][PASSED] - Text 'udf data 2' is set on object 'Object Repository/IWP30/Page_ACHPersonalPaymentEntry/txt_UDF2'

24-10-2024T07:29:44 - [MESSAGE][PASSED] - Text 'udf data 3' is set on object 'Object Repository/IWP30/Page_ACHPersonalPaymentEntry/txt_UDF3'

24-10-2024T07:29:44 - [MESSAGE][PASSED] - All options with label 'Orange' are selected in object 'Object Repository/IWP30/Page_ACHPersonalPaymentEntry/dd_UDF7' 

24-10-2024T07:29:45 - [MESSAGE][PASSED] - All options with label 'Soccer' are selected in object 'Object Repository/IWP30/Page_ACHPersonalPaymentEntry/dd_UDF8' 

24-10-2024T07:29:45 - [MESSAGE][PASSED] - Object 'Object Repository/IWP30/Page_ACHPersonalPaymentEntry/txt_Firstname' is present

24-10-2024T07:29:46 - [MESSAGE][PASSED] - Text 'Elizath' is set on object 'Object Repository/IWP30/Page_ACHPersonalPaymentEntry/txt_Firstname'

24-10-2024T07:29:46 - [MESSAGE][PASSED] - Object 'Object Repository/IWP30/Page_ACHPersonalPaymentEntry/txt_Lastname' is present

24-10-2024T07:29:47 - [MESSAGE][PASSED] - Text 'Christine' is set on object 'Object Repository/IWP30/Page_ACHPersonalPaymentEntry/txt_Lastname'

24-10-2024T07:29:47 - [MESSAGE][PASSED] - Object 'Object Repository/IWP30/Page_ACHPersonalPaymentEntry/txt_routingNumber' is present

24-10-2024T07:29:47 - [MESSAGE][PASSED] - Text '256072691' is set on object 'Object Repository/IWP30/Page_ACHPersonalPaymentEntry/txt_routingNumber'

24-10-2024T07:29:48 - [MESSAGE][PASSED] - Object 'Object Repository/IWP30/Page_ACHPersonalPaymentEntry/txt_accountNumber' is present

24-10-2024T07:29:49 - [MESSAGE][PASSED] - Text '12344444' is set on object 'Object Repository/IWP30/Page_ACHPersonalPaymentEntry/txt_accountNumber'

24-10-2024T07:29:49 - [MESSAGE][PASSED] - Object 'Object Repository/IWP30/Page_ACHPersonalPaymentEntry/txt_confirmAccountNumber' is present

24-10-2024T07:29:50 - [MESSAGE][PASSED] - Text '12344444' is set on object 'Object Repository/IWP30/Page_ACHPersonalPaymentEntry/txt_confirmAccountNumber'

24-10-2024T07:29:50 - [MESSAGE][PASSED] - Object 'Object Repository/IWP30/Page_ACHPersonalPaymentEntry/rd_accountType' is present

24-10-2024T07:29:50 - [MESSAGE][PASSED] - Modify property of object successfully

24-10-2024T07:29:51 - [MESSAGE][PASSED] - Object: 'Object Repository/IWP30/Page_ACHPersonalPaymentEntry/rd_accountType' is clicked on

24-10-2024T07:29:51 - [MESSAGE][PASSED] - Execute JavaScript '
				   document.getElementById('processDate').value = '08/09/2025'
				  ' successfully

24-10-2024T07:29:51 - [MESSAGE][PASSED] - Text '365 Main Avenue' is set on object 'Object Repository/IWP30/Page_ACHPersonalPaymentEntry/txt_AL1'

24-10-2024T07:29:52 - [MESSAGE][PASSED] - Text 'Ohio' is set on object 'Object Repository/IWP30/Page_ACHPersonalPaymentEntry/txt_AL2'

24-10-2024T07:29:53 - [MESSAGE][PASSED] - Text '22201' is set on object 'Object Repository/IWP30/Page_ACHPersonalPaymentEntry/txt_ZIP'

24-10-2024T07:29:53 - [MESSAGE][PASSED] - Object 'Object Repository/IWP30/Page_ACHPersonalPaymentEntry/txt_Email' is present

24-10-2024T07:29:54 - [MESSAGE][PASSED] - Text 'iahmed@govolution.com' is set on object 'Object Repository/IWP30/Page_ACHPersonalPaymentEntry/txt_Email'

24-10-2024T07:29:54 - [MESSAGE][PASSED] - Object 'Object Repository/IWP30/Page_ACHPersonalPaymentEntry/cb_TermsAndCond' is present

24-10-2024T07:29:54 - [MESSAGE][PASSED] - Object: 'Object Repository/IWP30/Page_ACHPersonalPaymentEntry/cb_TermsAndCond' is clicked on

24-10-2024T07:29:55 - [MESSAGE][PASSED] - Object 'Object Repository/IWP30/Page_ACHPersonalPaymentEntry/btn_Continue' is present

24-10-2024T07:29:56 - [MESSAGE][PASSED] - Object: 'Object Repository/IWP30/Page_ACHPersonalPaymentEntry/btn_Continue' is clicked on

24-10-2024T07:29:56 - [MESSAGE][PASSED] - iwpPages.achPersonalPaymentEntryPage.setDataACHPPM is PASSED

24-10-2024T07:29:56 - [TEST_STEP][PASSED] - click(findTestObject("Object Repository/IWP30/Page_Confirmation/ConfirmButton")): Object: 'Object Repository/IWP30/Page_Confirmation/ConfirmButton' is clicked on

24-10-2024T07:29:59 - [MESSAGE][PASSED] - Object: 'Object Repository/IWP30/Page_Confirmation/ConfirmButton' is clicked on

24-10-2024T07:29:59 - [TEST_STEP][PASSED] - Thread.sleep(2000): null

24-10-2024T07:30:01 - [TEST_STEP][PASSED] - if (verifyTextPresent("Deferred", false)): null

24-10-2024T07:30:01 - [MESSAGE][PASSED] - Text 'Deferred' is present on page 

24-10-2024T07:30:01 - [TEST_STEP][PASSED] - if (verifyTextPresent("Your payment plan has been successfully created", false)): null

24-10-2024T07:30:01 - [MESSAGE][PASSED] - Text 'Your payment plan has been successfully created' is present on page 

24-10-2024T07:30:01 - [TEST_STEP][PASSED] - isRequiredTextPresent = true: null

24-10-2024T07:30:01 - [TEST_STEP][PASSED] - println(isRequiredTextPresent): null

24-10-2024T07:30:01 - [TEST_STEP][PASSED] - if (isRequiredTextPresent): null

24-10-2024T07:30:01 - [TEST_STEP][PASSED] - if (verifyTextPresent("CAN Label:", false)): null

24-10-2024T07:30:01 - [MESSAGE][PASSED] - Text 'CAN Label:' is present on page 

24-10-2024T07:30:01 - [TEST_STEP][PASSED] - isRequiredTextPresent = true: null

24-10-2024T07:30:01 - [TEST_STEP][PASSED] - println(isRequiredTextPresent): null

24-10-2024T07:30:01 - [TEST_STEP][PASSED] - if (isRequiredTextPresent): null

24-10-2024T07:30:01 - [TEST_STEP][PASSED] - if (verifyTextPresent("Remittance ID:", false)): null

24-10-2024T07:30:02 - [MESSAGE][PASSED] - Text 'Remittance ID:' is present on page 

24-10-2024T07:30:02 - [TEST_STEP][PASSED] - isRequiredTextPresent = true: null

24-10-2024T07:30:02 - [TEST_STEP][PASSED] - println(isRequiredTextPresent): null

24-10-2024T07:30:02 - [TEST_STEP][PASSED] - if (isRequiredTextPresent): null

24-10-2024T07:30:02 - [TEST_STEP][PASSED] - if (verifyTextPresent("UDF2 Label:", false)): null

24-10-2024T07:30:02 - [MESSAGE][PASSED] - Text 'UDF2 Label:' is present on page 

24-10-2024T07:30:02 - [TEST_STEP][PASSED] - isRequiredTextPresent = true: null

24-10-2024T07:30:02 - [TEST_STEP][PASSED] - println(isRequiredTextPresent): null

24-10-2024T07:30:02 - [TEST_STEP][PASSED] - if (isRequiredTextPresent): null

24-10-2024T07:30:02 - [TEST_STEP][PASSED] - if (verifyTextPresent("UDF3 Label:", false)): null

24-10-2024T07:30:02 - [MESSAGE][PASSED] - Text 'UDF3 Label:' is present on page 

24-10-2024T07:30:02 - [TEST_STEP][PASSED] - isRequiredTextPresent = true: null

24-10-2024T07:30:02 - [TEST_STEP][PASSED] - println(isRequiredTextPresent): null

24-10-2024T07:30:02 - [TEST_STEP][PASSED] - if (isRequiredTextPresent): null

24-10-2024T07:30:02 - [TEST_STEP][PASSED] - if (verifyTextPresent("UDF4 Label:", false)): null

24-10-2024T07:30:03 - [MESSAGE][PASSED] - Text 'UDF4 Label:' is present on page 

24-10-2024T07:30:03 - [TEST_STEP][PASSED] - isRequiredTextPresent = true: null

24-10-2024T07:30:03 - [TEST_STEP][PASSED] - println(isRequiredTextPresent): null

24-10-2024T07:30:03 - [TEST_STEP][PASSED] - if (isRequiredTextPresent): null

24-10-2024T07:30:03 - [TEST_STEP][PASSED] - if (verifyTextPresent("UDF7 Label:", false)): null

24-10-2024T07:30:03 - [MESSAGE][PASSED] - Text 'UDF7 Label:' is present on page 

24-10-2024T07:30:03 - [TEST_STEP][PASSED] - isRequiredTextPresent = true: null

24-10-2024T07:30:03 - [TEST_STEP][PASSED] - println(isRequiredTextPresent): null

24-10-2024T07:30:03 - [TEST_STEP][PASSED] - if (isRequiredTextPresent): null

24-10-2024T07:30:03 - [TEST_STEP][PASSED] - if (verifyTextPresent("UDF8 Label:", false)): null

24-10-2024T07:30:03 - [MESSAGE][PASSED] - Text 'UDF8 Label:' is present on page 

24-10-2024T07:30:03 - [TEST_STEP][PASSED] - isRequiredTextPresent = true: null

24-10-2024T07:30:03 - [TEST_STEP][PASSED] - println(isRequiredTextPresent): null

24-10-2024T07:30:03 - [TEST_STEP][PASSED] - if (isRequiredTextPresent): null

24-10-2024T07:30:03 - [TEST_STEP][PASSED] - if (verifyTextPresent("UDF9 Label:", false)): null

24-10-2024T07:30:03 - [MESSAGE][PASSED] - Text 'UDF9 Label:' is present on page 

24-10-2024T07:30:03 - [TEST_STEP][PASSED] - isRequiredTextPresent = true: null

24-10-2024T07:30:03 - [TEST_STEP][PASSED] - println(isRequiredTextPresent): null

24-10-2024T07:30:03 - [TEST_STEP][PASSED] - if (isRequiredTextPresent): null

24-10-2024T07:30:03 - [TEST_STEP][PASSED] - if (verifyTextPresent("Transaction Type:", false)): null

24-10-2024T07:30:04 - [MESSAGE][PASSED] - Text 'Transaction Type:' is present on page 

24-10-2024T07:30:04 - [TEST_STEP][PASSED] - isRequiredTextPresent = true: null

24-10-2024T07:30:04 - [TEST_STEP][PASSED] - println(isRequiredTextPresent): null

24-10-2024T07:30:04 - [TEST_STEP][PASSED] - if (isRequiredTextPresent): null

24-10-2024T07:30:04 - [TEST_STEP][PASSED] - if (verifyTextPresent("Amount:", false)): null

24-10-2024T07:30:04 - [MESSAGE][PASSED] - Text 'Amount:' is present on page 

24-10-2024T07:30:04 - [TEST_STEP][PASSED] - isRequiredTextPresent = true: null

24-10-2024T07:30:04 - [TEST_STEP][PASSED] - println(isRequiredTextPresent): null

24-10-2024T07:30:04 - [TEST_STEP][PASSED] - if (isRequiredTextPresent): null

24-10-2024T07:30:04 - [TEST_STEP][PASSED] - if (verifyTextPresent("Check Information:", false)): null

24-10-2024T07:30:04 - [MESSAGE][PASSED] - Text 'Check Information:' is present on page 

24-10-2024T07:30:04 - [TEST_STEP][PASSED] - isRequiredTextPresent = true: null

24-10-2024T07:30:04 - [TEST_STEP][PASSED] - println(isRequiredTextPresent): null

24-10-2024T07:30:04 - [TEST_STEP][PASSED] - if (isRequiredTextPresent): null

24-10-2024T07:30:04 - [TEST_STEP][PASSED] - if (verifyTextPresent("Account Type:", false)): null

24-10-2024T07:30:04 - [MESSAGE][PASSED] - Text 'Account Type:' is present on page 

24-10-2024T07:30:04 - [TEST_STEP][PASSED] - isRequiredTextPresent = true: null

24-10-2024T07:30:04 - [TEST_STEP][PASSED] - println(isRequiredTextPresent): null

24-10-2024T07:30:04 - [TEST_STEP][PASSED] - if (isRequiredTextPresent): null

24-10-2024T07:30:04 - [TEST_STEP][PASSED] - if (verifyTextPresent("Account Number:", false)): null

24-10-2024T07:30:05 - [MESSAGE][PASSED] - Text 'Account Number:' is present on page 

24-10-2024T07:30:05 - [TEST_STEP][PASSED] - isRequiredTextPresent = true: null

24-10-2024T07:30:05 - [TEST_STEP][PASSED] - println(isRequiredTextPresent): null

24-10-2024T07:30:05 - [TEST_STEP][PASSED] - if (isRequiredTextPresent): null

24-10-2024T07:30:05 - [TEST_STEP][PASSED] - if (verifyTextPresent("Routing Number:", false)): null

24-10-2024T07:30:05 - [MESSAGE][PASSED] - Text 'Routing Number:' is present on page 

24-10-2024T07:30:05 - [TEST_STEP][PASSED] - isRequiredTextPresent = true: null

24-10-2024T07:30:05 - [TEST_STEP][PASSED] - println(isRequiredTextPresent): null

24-10-2024T07:30:05 - [TEST_STEP][PASSED] - if (isRequiredTextPresent): null

24-10-2024T07:30:05 - [TEST_STEP][PASSED] - if (verifyTextPresent("Name of Account:", false)): null

24-10-2024T07:30:05 - [MESSAGE][PASSED] - Text 'Name of Account:' is present on page 

24-10-2024T07:30:05 - [TEST_STEP][PASSED] - isRequiredTextPresent = true: null

24-10-2024T07:30:05 - [TEST_STEP][PASSED] - println(isRequiredTextPresent): null

24-10-2024T07:30:05 - [TEST_STEP][PASSED] - if (isRequiredTextPresent): null

24-10-2024T07:30:05 - [TEST_STEP][PASSED] - if (verifyTextPresent("Billing Information:", false)): null

24-10-2024T07:30:06 - [MESSAGE][PASSED] - Text 'Billing Information:' is present on page 

24-10-2024T07:30:06 - [TEST_STEP][PASSED] - isRequiredTextPresent = true: null

24-10-2024T07:30:06 - [TEST_STEP][PASSED] - println(isRequiredTextPresent): null

24-10-2024T07:30:06 - [TEST_STEP][PASSED] - if (isRequiredTextPresent): null

24-10-2024T07:30:06 - [TEST_STEP][PASSED] - if (verifyTextPresent("Address Line 1:", false)): null

24-10-2024T07:30:06 - [MESSAGE][PASSED] - Text 'Address Line 1:' is present on page 

24-10-2024T07:30:06 - [TEST_STEP][PASSED] - isRequiredTextPresent = true: null

24-10-2024T07:30:06 - [TEST_STEP][PASSED] - println(isRequiredTextPresent): null

24-10-2024T07:30:06 - [TEST_STEP][PASSED] - if (isRequiredTextPresent): null

24-10-2024T07:30:06 - [TEST_STEP][PASSED] - if (verifyTextPresent("Address Line 2:", false)): null

24-10-2024T07:30:06 - [MESSAGE][PASSED] - Text 'Address Line 2:' is present on page 

24-10-2024T07:30:06 - [TEST_STEP][PASSED] - isRequiredTextPresent = true: null

24-10-2024T07:30:06 - [TEST_STEP][PASSED] - println(isRequiredTextPresent): null

24-10-2024T07:30:06 - [TEST_STEP][PASSED] - if (isRequiredTextPresent): null

24-10-2024T07:30:06 - [TEST_STEP][PASSED] - if (verifyTextPresent("Country:", false)): null

24-10-2024T07:30:06 - [MESSAGE][PASSED] - Text 'Country:' is present on page 

24-10-2024T07:30:06 - [TEST_STEP][PASSED] - isRequiredTextPresent = true: null

24-10-2024T07:30:06 - [TEST_STEP][PASSED] - println(isRequiredTextPresent): null

24-10-2024T07:30:06 - [TEST_STEP][PASSED] - if (isRequiredTextPresent): null

24-10-2024T07:30:06 - [TEST_STEP][PASSED] - if (verifyTextPresent("City:", false)): null

24-10-2024T07:30:07 - [MESSAGE][PASSED] - Text 'City:' is present on page 

24-10-2024T07:30:07 - [TEST_STEP][PASSED] - isRequiredTextPresent = true: null

24-10-2024T07:30:07 - [TEST_STEP][PASSED] - println(isRequiredTextPresent): null

24-10-2024T07:30:07 - [TEST_STEP][PASSED] - if (isRequiredTextPresent): null

24-10-2024T07:30:07 - [TEST_STEP][PASSED] - if (verifyTextPresent("State:", false)): null

24-10-2024T07:30:07 - [MESSAGE][PASSED] - Text 'State:' is present on page 

24-10-2024T07:30:07 - [TEST_STEP][PASSED] - isRequiredTextPresent = true: null

24-10-2024T07:30:07 - [TEST_STEP][PASSED] - println(isRequiredTextPresent): null

24-10-2024T07:30:07 - [TEST_STEP][PASSED] - if (isRequiredTextPresent): null

24-10-2024T07:30:07 - [TEST_STEP][PASSED] - if (verifyTextPresent("Zip Code:", false)): null

24-10-2024T07:30:07 - [MESSAGE][PASSED] - Text 'Zip Code:' is present on page 

24-10-2024T07:30:07 - [TEST_STEP][PASSED] - isRequiredTextPresent = true: null

24-10-2024T07:30:07 - [TEST_STEP][PASSED] - println(isRequiredTextPresent): null

24-10-2024T07:30:07 - [TEST_STEP][PASSED] - if (isRequiredTextPresent): null

24-10-2024T07:30:07 - [TEST_STEP][PASSED] - if (verifyTextPresent("Plan Information:", false)): null

24-10-2024T07:30:08 - [MESSAGE][PASSED] - Text 'Plan Information:' is present on page 

24-10-2024T07:30:08 - [TEST_STEP][PASSED] - isRequiredTextPresent = true: null

24-10-2024T07:30:08 - [TEST_STEP][PASSED] - println(isRequiredTextPresent): null

24-10-2024T07:30:08 - [TEST_STEP][PASSED] - if (isRequiredTextPresent): null

24-10-2024T07:30:08 - [TEST_STEP][PASSED] - if (verifyTextPresent("Payment Plan Type:", false)): null

24-10-2024T07:30:08 - [MESSAGE][PASSED] - Text 'Payment Plan Type:' is present on page 

24-10-2024T07:30:08 - [TEST_STEP][PASSED] - isRequiredTextPresent = true: null

24-10-2024T07:30:08 - [TEST_STEP][PASSED] - println(isRequiredTextPresent): null

24-10-2024T07:30:08 - [TEST_STEP][PASSED] - if (isRequiredTextPresent): null

24-10-2024T07:30:08 - [TEST_STEP][PASSED] - if (verifyTextPresent("Payment Plan ID:", false)): null

24-10-2024T07:30:08 - [MESSAGE][PASSED] - Text 'Payment Plan ID:' is present on page 

24-10-2024T07:30:08 - [TEST_STEP][PASSED] - isRequiredTextPresent = true: null

24-10-2024T07:30:08 - [TEST_STEP][PASSED] - println(isRequiredTextPresent): null

24-10-2024T07:30:08 - [TEST_STEP][PASSED] - if (isRequiredTextPresent): null

24-10-2024T07:30:08 - [TEST_STEP][PASSED] - if (verifyTextPresent("Payment Date:", false)): null

24-10-2024T07:30:08 - [MESSAGE][PASSED] - Text 'Payment Date:' is present on page 

24-10-2024T07:30:08 - [TEST_STEP][PASSED] - isRequiredTextPresent = true: null

24-10-2024T07:30:08 - [TEST_STEP][PASSED] - println(isRequiredTextPresent): null

24-10-2024T07:30:08 - [TEST_STEP][PASSED] - if (isRequiredTextPresent == true): pages.WriteExcel.demoKey is PASSED

24-10-2024T07:30:08 - [TEST_STEP][PASSED] - println("All the relevant texts are present on Receipt Page"): null

24-10-2024T07:30:08 - [TEST_STEP][PASSED] - markPassed("All the relevant texts are present on Receipt Page"): All the relevant texts are present on Receipt Page

24-10-2024T07:30:08 - [MESSAGE][PASSED] - All the relevant texts are present on Receipt Page

24-10-2024T07:30:08 - [TEST_STEP][PASSED] - resText = "Pass": null

24-10-2024T07:30:08 - [TEST_STEP][PASSED] - pages.WriteExcel.demoKey(resText, datText, resColumn, datCloumn, fileLoc, nameSheet, row): pages.WriteExcel.demoKey is PASSED

24-10-2024T07:30:08 - [MESSAGE][PASSED] - pages.WriteExcel.demoKey is PASSED

24-10-2024T07:30:08 - [TEST_STEP][PASSED] - closeBrowser(): Browser is closed

24-10-2024T07:30:09 - [MESSAGE][PASSED] - Browser is closed

24-10-2024T07:30:09 - [TEST_STEP][PASSED] - ExecuteTC = dataFile.getValue("Execute", row): null

24-10-2024T07:30:09 - [TEST_STEP][PASSED] - out.println("Value of Execute is : " + ExecuteTC): null

24-10-2024T07:30:09 - [TEST_STEP][PASSED] - if (ExecuteTC.equalsIgnoreCase("Y")): null

24-10-2024T07:30:09 - [TEST_STEP][PASSED] - out.println("Begin Record Number: " + row): null

24-10-2024T07:30:09 - [TEST_STEP][PASSED] - today = new java.util.Date(): null

24-10-2024T07:30:09 - [TEST_STEP][PASSED] - println(today): null

24-10-2024T07:30:09 - [TEST_STEP][PASSED] - datText = today: null

24-10-2024T07:30:09 - [TEST_STEP][PASSED] - EmulatorDataKey = dataFile.getValue("EmulatorData", row): null

24-10-2024T07:30:09 - [TEST_STEP][PASSED] - out.println("Value of Emulator Key is : " + EmulatorDataKey): null

24-10-2024T07:30:09 - [TEST_STEP][PASSED] - iwpPages.emulatorIWP30.setDataEmulator_DD(EmulatorDataKey): iwpPages.emulatorIWP30.setDataEmulator_DD is PASSED

24-10-2024T07:30:10 - [MESSAGE][INFO] - Starting 'Edge Chromium' driver

24-10-2024T07:30:10 - [MESSAGE][INFO] - User set preference: ['acceptInsecureCerts', 'true']

24-10-2024T07:30:12 - [MESSAGE][INFO] - Action delay is set to 0 milliseconds

24-10-2024T07:30:16 - [MESSAGE][PASSED] - Browser is opened with url: 'https://qa2.velocitypayment.com/agencyx/config.action?action=editor&message_version=3_0'

24-10-2024T07:30:16 - [MESSAGE][PASSED] - Current window maximized

24-10-2024T07:30:47 - [MESSAGE][INFO] - Unable to find the element located by 'By.xpath: //select[@name='message_version']'. Please recheck the objects properties to make sure the desired element is located. 

24-10-2024T07:30:47 - [MESSAGE][WARNING] - [SELF-HEALING] Failed to find element with id 'Object Repository/IWP30/Page_VRelay30Emulator/MV'. Try using Self-healing.

24-10-2024T07:30:47 - [MESSAGE][WARNING] - [SELF-HEALING] The current locator of test object 'Object Repository/IWP30/Page_VRelay30Emulator/MV' was broken. Propose an alternative one: '(.//*[normalize-space(text()) and normalize-space(.)='Message Version'])[1]/following::select[1]'.

24-10-2024T07:30:48 - [MESSAGE][PASSED] - All options with value '3.0' are selected in object 'Object Repository/IWP30/Page_VRelay30Emulator/MV'  using regular expression

24-10-2024T07:30:48 - [MESSAGE][PASSED] - Text '10.50' is set on object 'Object Repository/IWP30/Page_EmulatorAgencyX/Amount'

24-10-2024T07:30:49 - [MESSAGE][PASSED] - Text '0ZDPPu2xnTEG' is set on object 'Object Repository/IWP30/Page_EmulatorAgencyX/CAN'

24-10-2024T07:30:50 - [MESSAGE][PASSED] - Text 'PayNow' is set on object 'Object Repository/IWP30/Page_EmulatorAgencyX/Action'

24-10-2024T07:30:50 - [MESSAGE][PASSED] - Text 'en_US' is set on object 'Object Repository/IWP30/Page_EmulatorAgencyX/Lang'

24-10-2024T07:30:51 - [MESSAGE][PASSED] - Text '' is set on object 'Object Repository/IWP30/Page_EmulatorAgencyX/Fname'

24-10-2024T07:30:51 - [MESSAGE][PASSED] - Text '' is set on object 'Object Repository/IWP30/Page_EmulatorAgencyX/Lname'

24-10-2024T07:30:52 - [MESSAGE][PASSED] - Text '' is set on object 'Object Repository/IWP30/Page_EmulatorAgencyX/AL1'

24-10-2024T07:30:53 - [MESSAGE][PASSED] - Text '' is set on object 'Object Repository/IWP30/Page_EmulatorAgencyX/AL2'

24-10-2024T07:30:53 - [MESSAGE][PASSED] - Text '' is set on object 'Object Repository/IWP30/Page_EmulatorAgencyX/Country'

24-10-2024T07:30:54 - [MESSAGE][PASSED] - Text '' is set on object 'Object Repository/IWP30/Page_EmulatorAgencyX/City'

24-10-2024T07:30:54 - [MESSAGE][PASSED] - Text '' is set on object 'Object Repository/IWP30/Page_EmulatorAgencyX/State'

24-10-2024T07:30:55 - [MESSAGE][PASSED] - Text '' is set on object 'Object Repository/IWP30/Page_EmulatorAgencyX/ZIP'

24-10-2024T07:30:55 - [MESSAGE][PASSED] - Text '' is set on object 'Object Repository/IWP30/Page_EmulatorAgencyX/Order'

24-10-2024T07:30:56 - [MESSAGE][PASSED] - Text '' is set on object 'Object Repository/IWP30/Page_EmulatorAgencyX/Company'

24-10-2024T07:30:57 - [MESSAGE][PASSED] - Text '' is set on object 'Object Repository/IWP30/Page_EmulatorAgencyX/Email'

24-10-2024T07:30:57 - [MESSAGE][PASSED] - Text '' is set on object 'Object Repository/IWP30/Page_EmulatorAgencyX/UDF1'

24-10-2024T07:30:58 - [MESSAGE][PASSED] - Text '' is set on object 'Object Repository/IWP30/Page_EmulatorAgencyX/UDF2'

24-10-2024T07:30:58 - [MESSAGE][PASSED] - Text '' is set on object 'Object Repository/IWP30/Page_EmulatorAgencyX/UDF3'

24-10-2024T07:30:59 - [MESSAGE][PASSED] - Text 'udf data 4' is set on object 'Object Repository/IWP30/Page_EmulatorAgencyX/UDF4'

24-10-2024T07:30:59 - [MESSAGE][PASSED] - Text 'udf data 5' is set on object 'Object Repository/IWP30/Page_EmulatorAgencyX/UDF5'

24-10-2024T07:31:00 - [MESSAGE][PASSED] - Text '' is set on object 'Object Repository/IWP30/Page_EmulatorAgencyX/UDF6'

24-10-2024T07:31:01 - [MESSAGE][PASSED] - Text '' is set on object 'Object Repository/IWP30/Page_EmulatorAgencyX/UDF7'

24-10-2024T07:31:01 - [MESSAGE][PASSED] - Text '' is set on object 'Object Repository/IWP30/Page_EmulatorAgencyX/UDF8'

24-10-2024T07:31:02 - [MESSAGE][PASSED] - Text 'udf data 9' is set on object 'Object Repository/IWP30/Page_EmulatorAgencyX/UDF9'

24-10-2024T07:31:02 - [MESSAGE][PASSED] - Text 'udf data 10' is set on object 'Object Repository/IWP30/Page_EmulatorAgencyX/UDF10'

24-10-2024T07:31:04 - [MESSAGE][PASSED] - Object: 'Object Repository/IWP30/Page_EmulatorAgencyX/Submit' is clicked on

24-10-2024T07:31:08 - [MESSAGE][PASSED] - Browser is closed

24-10-2024T07:31:12 - [MESSAGE][PASSED] - iwpPages.emulatorIWP30.setDataEmulator_DD is PASSED

24-10-2024T07:31:12 - [TEST_STEP][PASSED] - testHarnessURL = urlTestHarness: null

24-10-2024T07:31:12 - [TEST_STEP][PASSED] - openBrowser(testHarnessURL): Browser is opened with url: 'https://dev-algorithm.govolution.com/vrelaytest/QA2/version_2_2/vrelaytest.html'

24-10-2024T07:31:12 - [MESSAGE][INFO] - Starting 'Edge Chromium' driver

24-10-2024T07:31:12 - [MESSAGE][INFO] - User set preference: ['acceptInsecureCerts', 'true']

24-10-2024T07:31:14 - [MESSAGE][INFO] - Action delay is set to 0 milliseconds

24-10-2024T07:31:18 - [MESSAGE][PASSED] - Browser is opened with url: 'https://dev-algorithm.govolution.com/vrelaytest/QA2/version_2_2/vrelaytest.html'

24-10-2024T07:31:18 - [TEST_STEP][PASSED] - maximizeWindow(): Current window maximized

24-10-2024T07:31:18 - [MESSAGE][PASSED] - Current window maximized

24-10-2024T07:31:18 - [TEST_STEP][PASSED] - iwpPages.TestHarnessPage.setDataMethodEF(row, dataFile): iwpPages.TestHarnessPage.setDataMethodEF is PASSED

24-10-2024T07:31:18 - [MESSAGE][PASSED] - Object 'Object Repository/IWP30/Page_QATestHarness/RemittanceID' is present

24-10-2024T07:31:19 - [MESSAGE][PASSED] - Text '649' is set on object 'Object Repository/IWP30/Page_QATestHarness/ApplicationID'

24-10-2024T07:31:20 - [MESSAGE][PASSED] - Text '3.0' is set on object 'Object Repository/IWP30/Page_QATestHarness/MessageVersion'

24-10-2024T07:31:20 - [MESSAGE][PASSED] - Text 'F1h0Q7a9wApr' is set on object 'Object Repository/IWP30/Page_QATestHarness/RemittanceID'

24-10-2024T07:31:24 - [MESSAGE][PASSED] - Object: 'Object Repository/IWP30/Page_QATestHarness/SubmitButton' is clicked on

24-10-2024T07:31:24 - [MESSAGE][PASSED] - iwpPages.TestHarnessPage.setDataMethodEF is PASSED

24-10-2024T07:31:24 - [TEST_STEP][PASSED] - click(findTestObject("Object Repository/IWP30/Page_SelectPaymentMethod/PayByPersonalCheck")): Object: 'Object Repository/IWP30/Page_SelectPaymentMethod/PayByPersonalCheck' is clicked on

24-10-2024T07:31:24 - [MESSAGE][PASSED] - Object: 'Object Repository/IWP30/Page_SelectPaymentMethod/PayByPersonalCheck' is clicked on

24-10-2024T07:31:24 - [TEST_STEP][PASSED] - click(findTestObject("Object Repository/IWP30/Page_SelectPaymentMethod/MakePaymentButton")): Object: 'Object Repository/IWP30/Page_SelectPaymentMethod/MakePaymentButton' is clicked on

24-10-2024T07:31:27 - [MESSAGE][PASSED] - Object: 'Object Repository/IWP30/Page_SelectPaymentMethod/MakePaymentButton' is clicked on

24-10-2024T07:31:27 - [TEST_STEP][PASSED] - iwpPages.achPersonalPaymentEntryPage.setDataACHPPM(row, dataFile): iwpPages.achPersonalPaymentEntryPage.setDataACHPPM is PASSED

24-10-2024T07:31:27 - [MESSAGE][PASSED] - Object 'Object Repository/IWP30/Page_ACHPersonalPaymentEntry/txt_accountNumber' is present

24-10-2024T07:31:28 - [MESSAGE][PASSED] - Text '10.50' is set on object 'Object Repository/IWP30/Page_ACHPersonalPaymentEntry/txt_Amount'

24-10-2024T07:31:28 - [MESSAGE][PASSED] - Object 'Object Repository/IWP30/Page_ACHPersonalPaymentEntry/txt_UDF2' is present

24-10-2024T07:31:29 - [MESSAGE][PASSED] - Text 'udf data 2' is set on object 'Object Repository/IWP30/Page_ACHPersonalPaymentEntry/txt_UDF2'

24-10-2024T07:31:29 - [MESSAGE][PASSED] - Text 'udf data 3' is set on object 'Object Repository/IWP30/Page_ACHPersonalPaymentEntry/txt_UDF3'

24-10-2024T07:31:30 - [MESSAGE][PASSED] - All options with label 'Orange' are selected in object 'Object Repository/IWP30/Page_ACHPersonalPaymentEntry/dd_UDF7' 

24-10-2024T07:31:30 - [MESSAGE][PASSED] - All options with label 'Soccer' are selected in object 'Object Repository/IWP30/Page_ACHPersonalPaymentEntry/dd_UDF8' 

24-10-2024T07:31:31 - [MESSAGE][PASSED] - Object 'Object Repository/IWP30/Page_ACHPersonalPaymentEntry/txt_Firstname' is present

24-10-2024T07:31:31 - [MESSAGE][PASSED] - Text 'Elizath' is set on object 'Object Repository/IWP30/Page_ACHPersonalPaymentEntry/txt_Firstname'

24-10-2024T07:31:32 - [MESSAGE][PASSED] - Object 'Object Repository/IWP30/Page_ACHPersonalPaymentEntry/txt_Lastname' is present

24-10-2024T07:31:32 - [MESSAGE][PASSED] - Text 'Christine' is set on object 'Object Repository/IWP30/Page_ACHPersonalPaymentEntry/txt_Lastname'

24-10-2024T07:31:32 - [MESSAGE][PASSED] - Object 'Object Repository/IWP30/Page_ACHPersonalPaymentEntry/txt_routingNumber' is present

24-10-2024T07:31:33 - [MESSAGE][PASSED] - Text '256072691' is set on object 'Object Repository/IWP30/Page_ACHPersonalPaymentEntry/txt_routingNumber'

24-10-2024T07:31:33 - [MESSAGE][PASSED] - Object 'Object Repository/IWP30/Page_ACHPersonalPaymentEntry/txt_accountNumber' is present

24-10-2024T07:31:34 - [MESSAGE][PASSED] - Text '12344444' is set on object 'Object Repository/IWP30/Page_ACHPersonalPaymentEntry/txt_accountNumber'

24-10-2024T07:31:35 - [MESSAGE][PASSED] - Object 'Object Repository/IWP30/Page_ACHPersonalPaymentEntry/txt_confirmAccountNumber' is present

24-10-2024T07:31:35 - [MESSAGE][PASSED] - Text '12344444' is set on object 'Object Repository/IWP30/Page_ACHPersonalPaymentEntry/txt_confirmAccountNumber'

24-10-2024T07:31:35 - [MESSAGE][PASSED] - Object 'Object Repository/IWP30/Page_ACHPersonalPaymentEntry/rd_accountType' is present

24-10-2024T07:31:35 - [MESSAGE][PASSED] - Modify property of object successfully

24-10-2024T07:31:36 - [MESSAGE][PASSED] - Object: 'Object Repository/IWP30/Page_ACHPersonalPaymentEntry/rd_accountType' is clicked on

24-10-2024T07:31:36 - [MESSAGE][PASSED] - Execute JavaScript '
				   document.getElementById('processDate').value = '08/09/2025'
				  ' successfully

24-10-2024T07:31:36 - [MESSAGE][PASSED] - Text '365 Main Avenue' is set on object 'Object Repository/IWP30/Page_ACHPersonalPaymentEntry/txt_AL1'

24-10-2024T07:31:37 - [MESSAGE][PASSED] - Text 'Ohio' is set on object 'Object Repository/IWP30/Page_ACHPersonalPaymentEntry/txt_AL2'

24-10-2024T07:31:38 - [MESSAGE][PASSED] - Text '22201' is set on object 'Object Repository/IWP30/Page_ACHPersonalPaymentEntry/txt_ZIP'

24-10-2024T07:31:38 - [MESSAGE][PASSED] - Object 'Object Repository/IWP30/Page_ACHPersonalPaymentEntry/txt_Email' is present

24-10-2024T07:31:39 - [MESSAGE][PASSED] - Text 'iahmed@govolution.com' is set on object 'Object Repository/IWP30/Page_ACHPersonalPaymentEntry/txt_Email'

24-10-2024T07:31:39 - [MESSAGE][PASSED] - Object 'Object Repository/IWP30/Page_ACHPersonalPaymentEntry/cb_TermsAndCond' is present

24-10-2024T07:31:39 - [MESSAGE][PASSED] - Object: 'Object Repository/IWP30/Page_ACHPersonalPaymentEntry/cb_TermsAndCond' is clicked on

24-10-2024T07:31:40 - [MESSAGE][PASSED] - Object 'Object Repository/IWP30/Page_ACHPersonalPaymentEntry/btn_Continue' is present

24-10-2024T07:31:41 - [MESSAGE][PASSED] - Object: 'Object Repository/IWP30/Page_ACHPersonalPaymentEntry/btn_Continue' is clicked on

24-10-2024T07:31:41 - [MESSAGE][PASSED] - iwpPages.achPersonalPaymentEntryPage.setDataACHPPM is PASSED

24-10-2024T07:31:41 - [TEST_STEP][PASSED] - click(findTestObject("Object Repository/IWP30/Page_Confirmation/ConfirmButton")): Object: 'Object Repository/IWP30/Page_Confirmation/ConfirmButton' is clicked on

24-10-2024T07:32:12 - [MESSAGE][INFO] - Unable to find the element located by 'By.xpath: //*[@type = 'submit' and @name = 'confirmNotifyAction' and @id = 'submitYes' and @value = 'Confirm']'. Please recheck the objects properties to make sure the desired element is located. 

24-10-2024T07:32:12 - [MESSAGE][WARNING] - [SELF-HEALING] Failed to find element with id 'Object Repository/IWP30/Page_Confirmation/ConfirmButton'. Try using Self-healing.

24-10-2024T07:32:12 - [MESSAGE][WARNING] - [SELF-HEALING] The current locator of test object 'Object Repository/IWP30/Page_Confirmation/ConfirmButton' was broken. Propose an alternative one: '//div/input'.

24-10-2024T07:32:14 - [MESSAGE][PASSED] - Object: 'Object Repository/IWP30/Page_Confirmation/ConfirmButton' is clicked on

24-10-2024T07:32:14 - [TEST_STEP][PASSED] - Thread.sleep(2000): null

24-10-2024T07:32:16 - [TEST_STEP][PASSED] - if (verifyTextPresent("Deferred", false)): null

24-10-2024T07:32:16 - [MESSAGE][PASSED] - Text 'Deferred' is present on page 

24-10-2024T07:32:16 - [TEST_STEP][PASSED] - if (verifyTextPresent("Your payment plan has been successfully created", false)): null

24-10-2024T07:32:16 - [MESSAGE][PASSED] - Text 'Your payment plan has been successfully created' is present on page 

24-10-2024T07:32:16 - [TEST_STEP][PASSED] - isRequiredTextPresent = true: null

24-10-2024T07:32:16 - [TEST_STEP][PASSED] - println(isRequiredTextPresent): null

24-10-2024T07:32:16 - [TEST_STEP][PASSED] - if (isRequiredTextPresent): null

24-10-2024T07:32:16 - [TEST_STEP][PASSED] - if (verifyTextPresent("CAN Label:", false)): null

24-10-2024T07:32:17 - [MESSAGE][PASSED] - Text 'CAN Label:' is present on page 

24-10-2024T07:32:17 - [TEST_STEP][PASSED] - isRequiredTextPresent = true: null

24-10-2024T07:32:17 - [TEST_STEP][PASSED] - println(isRequiredTextPresent): null

24-10-2024T07:32:17 - [TEST_STEP][PASSED] - if (isRequiredTextPresent): null

24-10-2024T07:32:17 - [TEST_STEP][PASSED] - if (verifyTextPresent("Remittance ID:", false)): null

24-10-2024T07:32:17 - [MESSAGE][PASSED] - Text 'Remittance ID:' is present on page 

24-10-2024T07:32:17 - [TEST_STEP][PASSED] - isRequiredTextPresent = true: null

24-10-2024T07:32:17 - [TEST_STEP][PASSED] - println(isRequiredTextPresent): null

24-10-2024T07:32:17 - [TEST_STEP][PASSED] - if (isRequiredTextPresent): null

24-10-2024T07:32:17 - [TEST_STEP][PASSED] - if (verifyTextPresent("UDF2 Label:", false)): null

24-10-2024T07:32:17 - [MESSAGE][PASSED] - Text 'UDF2 Label:' is present on page 

24-10-2024T07:32:17 - [TEST_STEP][PASSED] - isRequiredTextPresent = true: null

24-10-2024T07:32:17 - [TEST_STEP][PASSED] - println(isRequiredTextPresent): null

24-10-2024T07:32:17 - [TEST_STEP][PASSED] - if (isRequiredTextPresent): null

24-10-2024T07:32:17 - [TEST_STEP][PASSED] - if (verifyTextPresent("UDF3 Label:", false)): null

24-10-2024T07:32:18 - [MESSAGE][PASSED] - Text 'UDF3 Label:' is present on page 

24-10-2024T07:32:18 - [TEST_STEP][PASSED] - isRequiredTextPresent = true: null

24-10-2024T07:32:18 - [TEST_STEP][PASSED] - println(isRequiredTextPresent): null

24-10-2024T07:32:18 - [TEST_STEP][PASSED] - if (isRequiredTextPresent): null

24-10-2024T07:32:18 - [TEST_STEP][PASSED] - if (verifyTextPresent("UDF4 Label:", false)): null

24-10-2024T07:32:18 - [MESSAGE][PASSED] - Text 'UDF4 Label:' is present on page 

24-10-2024T07:32:18 - [TEST_STEP][PASSED] - isRequiredTextPresent = true: null

24-10-2024T07:32:18 - [TEST_STEP][PASSED] - println(isRequiredTextPresent): null

24-10-2024T07:32:18 - [TEST_STEP][PASSED] - if (isRequiredTextPresent): null

24-10-2024T07:32:18 - [TEST_STEP][PASSED] - if (verifyTextPresent("UDF7 Label:", false)): null

24-10-2024T07:32:18 - [MESSAGE][PASSED] - Text 'UDF7 Label:' is present on page 

24-10-2024T07:32:18 - [TEST_STEP][PASSED] - isRequiredTextPresent = true: null

24-10-2024T07:32:18 - [TEST_STEP][PASSED] - println(isRequiredTextPresent): null

24-10-2024T07:32:18 - [TEST_STEP][PASSED] - if (isRequiredTextPresent): null

24-10-2024T07:32:18 - [TEST_STEP][PASSED] - if (verifyTextPresent("UDF8 Label:", false)): null

24-10-2024T07:32:18 - [MESSAGE][PASSED] - Text 'UDF8 Label:' is present on page 

24-10-2024T07:32:18 - [TEST_STEP][PASSED] - isRequiredTextPresent = true: null

24-10-2024T07:32:18 - [TEST_STEP][PASSED] - println(isRequiredTextPresent): null

24-10-2024T07:32:18 - [TEST_STEP][PASSED] - if (isRequiredTextPresent): null

24-10-2024T07:32:18 - [TEST_STEP][PASSED] - if (verifyTextPresent("UDF9 Label:", false)): null

24-10-2024T07:32:19 - [MESSAGE][PASSED] - Text 'UDF9 Label:' is present on page 

24-10-2024T07:32:19 - [TEST_STEP][PASSED] - isRequiredTextPresent = true: null

24-10-2024T07:32:19 - [TEST_STEP][PASSED] - println(isRequiredTextPresent): null

24-10-2024T07:32:19 - [TEST_STEP][PASSED] - if (isRequiredTextPresent): null

24-10-2024T07:32:19 - [TEST_STEP][PASSED] - if (verifyTextPresent("Transaction Type:", false)): null

24-10-2024T07:32:19 - [MESSAGE][PASSED] - Text 'Transaction Type:' is present on page 

24-10-2024T07:32:19 - [TEST_STEP][PASSED] - isRequiredTextPresent = true: null

24-10-2024T07:32:19 - [TEST_STEP][PASSED] - println(isRequiredTextPresent): null

24-10-2024T07:32:19 - [TEST_STEP][PASSED] - if (isRequiredTextPresent): null

24-10-2024T07:32:19 - [TEST_STEP][PASSED] - if (verifyTextPresent("Amount:", false)): null

24-10-2024T07:32:19 - [MESSAGE][PASSED] - Text 'Amount:' is present on page 

24-10-2024T07:32:19 - [TEST_STEP][PASSED] - isRequiredTextPresent = true: null

24-10-2024T07:32:19 - [TEST_STEP][PASSED] - println(isRequiredTextPresent): null

24-10-2024T07:32:19 - [TEST_STEP][PASSED] - if (isRequiredTextPresent): null

24-10-2024T07:32:19 - [TEST_STEP][PASSED] - if (verifyTextPresent("Check Information:", false)): null

24-10-2024T07:32:20 - [MESSAGE][PASSED] - Text 'Check Information:' is present on page 

24-10-2024T07:32:20 - [TEST_STEP][PASSED] - isRequiredTextPresent = true: null

24-10-2024T07:32:20 - [TEST_STEP][PASSED] - println(isRequiredTextPresent): null

24-10-2024T07:32:20 - [TEST_STEP][PASSED] - if (isRequiredTextPresent): null

24-10-2024T07:32:20 - [TEST_STEP][PASSED] - if (verifyTextPresent("Account Type:", false)): null

24-10-2024T07:32:20 - [MESSAGE][PASSED] - Text 'Account Type:' is present on page 

24-10-2024T07:32:20 - [TEST_STEP][PASSED] - isRequiredTextPresent = true: null

24-10-2024T07:32:20 - [TEST_STEP][PASSED] - println(isRequiredTextPresent): null

24-10-2024T07:32:20 - [TEST_STEP][PASSED] - if (isRequiredTextPresent): null

24-10-2024T07:32:20 - [TEST_STEP][PASSED] - if (verifyTextPresent("Account Number:", false)): null

24-10-2024T07:32:20 - [MESSAGE][PASSED] - Text 'Account Number:' is present on page 

24-10-2024T07:32:20 - [TEST_STEP][PASSED] - isRequiredTextPresent = true: null

24-10-2024T07:32:20 - [TEST_STEP][PASSED] - println(isRequiredTextPresent): null

24-10-2024T07:32:20 - [TEST_STEP][PASSED] - if (isRequiredTextPresent): null

24-10-2024T07:32:20 - [TEST_STEP][PASSED] - if (verifyTextPresent("Routing Number:", false)): null

24-10-2024T07:32:20 - [MESSAGE][PASSED] - Text 'Routing Number:' is present on page 

24-10-2024T07:32:20 - [TEST_STEP][PASSED] - isRequiredTextPresent = true: null

24-10-2024T07:32:20 - [TEST_STEP][PASSED] - println(isRequiredTextPresent): null

24-10-2024T07:32:20 - [TEST_STEP][PASSED] - if (isRequiredTextPresent): null

24-10-2024T07:32:20 - [TEST_STEP][PASSED] - if (verifyTextPresent("Name of Account:", false)): null

24-10-2024T07:32:21 - [MESSAGE][PASSED] - Text 'Name of Account:' is present on page 

24-10-2024T07:32:21 - [TEST_STEP][PASSED] - isRequiredTextPresent = true: null

24-10-2024T07:32:21 - [TEST_STEP][PASSED] - println(isRequiredTextPresent): null

24-10-2024T07:32:21 - [TEST_STEP][PASSED] - if (isRequiredTextPresent): null

24-10-2024T07:32:21 - [TEST_STEP][PASSED] - if (verifyTextPresent("Billing Information:", false)): null

24-10-2024T07:32:21 - [MESSAGE][PASSED] - Text 'Billing Information:' is present on page 

24-10-2024T07:32:21 - [TEST_STEP][PASSED] - isRequiredTextPresent = true: null

24-10-2024T07:32:21 - [TEST_STEP][PASSED] - println(isRequiredTextPresent): null

24-10-2024T07:32:21 - [TEST_STEP][PASSED] - if (isRequiredTextPresent): null

24-10-2024T07:32:21 - [TEST_STEP][PASSED] - if (verifyTextPresent("Address Line 1:", false)): null

24-10-2024T07:32:21 - [MESSAGE][PASSED] - Text 'Address Line 1:' is present on page 

24-10-2024T07:32:21 - [TEST_STEP][PASSED] - isRequiredTextPresent = true: null

24-10-2024T07:32:21 - [TEST_STEP][PASSED] - println(isRequiredTextPresent): null

24-10-2024T07:32:21 - [TEST_STEP][PASSED] - if (isRequiredTextPresent): null

24-10-2024T07:32:21 - [TEST_STEP][PASSED] - if (verifyTextPresent("Address Line 2:", false)): null

24-10-2024T07:32:22 - [MESSAGE][PASSED] - Text 'Address Line 2:' is present on page 

24-10-2024T07:32:22 - [TEST_STEP][PASSED] - isRequiredTextPresent = true: null

24-10-2024T07:32:22 - [TEST_STEP][PASSED] - println(isRequiredTextPresent): null

24-10-2024T07:32:22 - [TEST_STEP][PASSED] - if (isRequiredTextPresent): null

24-10-2024T07:32:22 - [TEST_STEP][PASSED] - if (verifyTextPresent("Country:", false)): null

24-10-2024T07:32:22 - [MESSAGE][PASSED] - Text 'Country:' is present on page 

24-10-2024T07:32:22 - [TEST_STEP][PASSED] - isRequiredTextPresent = true: null

24-10-2024T07:32:22 - [TEST_STEP][PASSED] - println(isRequiredTextPresent): null

24-10-2024T07:32:22 - [TEST_STEP][PASSED] - if (isRequiredTextPresent): null

24-10-2024T07:32:22 - [TEST_STEP][PASSED] - if (verifyTextPresent("City:", false)): null

24-10-2024T07:32:22 - [MESSAGE][PASSED] - Text 'City:' is present on page 

24-10-2024T07:32:22 - [TEST_STEP][PASSED] - isRequiredTextPresent = true: null

24-10-2024T07:32:22 - [TEST_STEP][PASSED] - println(isRequiredTextPresent): null

24-10-2024T07:32:22 - [TEST_STEP][PASSED] - if (isRequiredTextPresent): null

24-10-2024T07:32:22 - [TEST_STEP][PASSED] - if (verifyTextPresent("State:", false)): null

24-10-2024T07:32:22 - [MESSAGE][PASSED] - Text 'State:' is present on page 

24-10-2024T07:32:22 - [TEST_STEP][PASSED] - isRequiredTextPresent = true: null

24-10-2024T07:32:22 - [TEST_STEP][PASSED] - println(isRequiredTextPresent): null

24-10-2024T07:32:22 - [TEST_STEP][PASSED] - if (isRequiredTextPresent): null

24-10-2024T07:32:22 - [TEST_STEP][PASSED] - if (verifyTextPresent("Zip Code:", false)): null

24-10-2024T07:32:23 - [MESSAGE][PASSED] - Text 'Zip Code:' is present on page 

24-10-2024T07:32:23 - [TEST_STEP][PASSED] - isRequiredTextPresent = true: null

24-10-2024T07:32:23 - [TEST_STEP][PASSED] - println(isRequiredTextPresent): null

24-10-2024T07:32:23 - [TEST_STEP][PASSED] - if (isRequiredTextPresent): null

24-10-2024T07:32:23 - [TEST_STEP][PASSED] - if (verifyTextPresent("Plan Information:", false)): null

24-10-2024T07:32:23 - [MESSAGE][PASSED] - Text 'Plan Information:' is present on page 

24-10-2024T07:32:23 - [TEST_STEP][PASSED] - isRequiredTextPresent = true: null

24-10-2024T07:32:23 - [TEST_STEP][PASSED] - println(isRequiredTextPresent): null

24-10-2024T07:32:23 - [TEST_STEP][PASSED] - if (isRequiredTextPresent): null

24-10-2024T07:32:23 - [TEST_STEP][PASSED] - if (verifyTextPresent("Payment Plan Type:", false)): null

24-10-2024T07:32:23 - [MESSAGE][PASSED] - Text 'Payment Plan Type:' is present on page 

24-10-2024T07:32:23 - [TEST_STEP][PASSED] - isRequiredTextPresent = true: null

24-10-2024T07:32:23 - [TEST_STEP][PASSED] - println(isRequiredTextPresent): null

24-10-2024T07:32:23 - [TEST_STEP][PASSED] - if (isRequiredTextPresent): null

24-10-2024T07:32:23 - [TEST_STEP][PASSED] - if (verifyTextPresent("Payment Plan ID:", false)): null

24-10-2024T07:32:23 - [MESSAGE][PASSED] - Text 'Payment Plan ID:' is present on page 

24-10-2024T07:32:23 - [TEST_STEP][PASSED] - isRequiredTextPresent = true: null

24-10-2024T07:32:23 - [TEST_STEP][PASSED] - println(isRequiredTextPresent): null

24-10-2024T07:32:23 - [TEST_STEP][PASSED] - if (isRequiredTextPresent): null

24-10-2024T07:32:23 - [TEST_STEP][PASSED] - if (verifyTextPresent("Payment Date:", false)): null

24-10-2024T07:32:24 - [MESSAGE][PASSED] - Text 'Payment Date:' is present on page 

24-10-2024T07:32:24 - [TEST_STEP][PASSED] - isRequiredTextPresent = true: null

24-10-2024T07:32:24 - [TEST_STEP][PASSED] - println(isRequiredTextPresent): null

24-10-2024T07:32:24 - [TEST_STEP][PASSED] - if (isRequiredTextPresent == true): pages.WriteExcel.demoKey is PASSED

24-10-2024T07:32:24 - [TEST_STEP][PASSED] - println("All the relevant texts are present on Receipt Page"): null

24-10-2024T07:32:24 - [TEST_STEP][PASSED] - markPassed("All the relevant texts are present on Receipt Page"): All the relevant texts are present on Receipt Page

24-10-2024T07:32:24 - [MESSAGE][PASSED] - All the relevant texts are present on Receipt Page

24-10-2024T07:32:24 - [TEST_STEP][PASSED] - resText = "Pass": null

24-10-2024T07:32:24 - [TEST_STEP][PASSED] - pages.WriteExcel.demoKey(resText, datText, resColumn, datCloumn, fileLoc, nameSheet, row): pages.WriteExcel.demoKey is PASSED

24-10-2024T07:32:24 - [MESSAGE][PASSED] - pages.WriteExcel.demoKey is PASSED

24-10-2024T07:32:24 - [TEST_STEP][PASSED] - closeBrowser(): Browser is closed

24-10-2024T07:32:24 - [MESSAGE][PASSED] - Browser is closed]]></system-out>
         <system-err><![CDATA[]]></system-err>
      </testcase>
      <testcase name="Test Cases/IntegratedWeb/IWP25/Payments/VerifyCreateReceiptLabelsDeferredPS" time="242.331" classname="Test Cases/IntegratedWeb/IWP25/Payments/VerifyCreateReceiptLabelsDeferredPS" status="PASSED">
         <system-out><![CDATA[24-10-2024T07:32:24 - [TEST_CASE][PASSED] - Test Cases/IntegratedWeb/IWP25/Payments/VerifyCreateReceiptLabelsDeferredPS: Test Cases/IntegratedWeb/IWP25/Payments/VerifyCreateReceiptLabelsDeferredPS

24-10-2024T07:32:25 - [TEST_STEP][PASSED] - resText = "Fail": null

24-10-2024T07:32:25 - [TEST_STEP][PASSED] - resColumn = "Result": null

24-10-2024T07:32:25 - [TEST_STEP][PASSED] - datCloumn = "Date": null

24-10-2024T07:32:25 - [TEST_STEP][PASSED] - fileLoc = "KatalonData/IWPTestData/VRelay25PaymentsExtension.xlsx": null

24-10-2024T07:32:25 - [TEST_STEP][PASSED] - numOfRows = <not implemented yet for class: org.codehaus.groovy.ast.expr.EmptyExpression>: null

24-10-2024T07:32:25 - [TEST_STEP][PASSED] - dataFile = <not implemented yet for class: org.codehaus.groovy.ast.expr.EmptyExpression>: null

24-10-2024T07:32:25 - [TEST_STEP][PASSED] - nameSheet = <not implemented yet for class: org.codehaus.groovy.ast.expr.EmptyExpression>: null

24-10-2024T07:32:25 - [TEST_STEP][PASSED] - dataFileEmulator = <not implemented yet for class: org.codehaus.groovy.ast.expr.EmptyExpression>: null

24-10-2024T07:32:25 - [TEST_STEP][PASSED] - isRequiredTextPresent = false: null

24-10-2024T07:32:25 - [TEST_STEP][PASSED] - nameSheet = "VerifyCreateLabelDeferredPS": null

24-10-2024T07:32:25 - [TEST_STEP][PASSED] - dataFile = getExcelDataWithDefaultSheet("KatalonData/IWPTestData/VRelay25PaymentsExtension.xlsx", nameSheet, true): null

24-10-2024T07:32:25 - [TEST_STEP][PASSED] - dataFileEmulator = "IWPTestData/EmulatorData": null

24-10-2024T07:32:25 - [TEST_STEP][PASSED] - numOfRows = dataFile.getRowNumbers(): null

24-10-2024T07:32:25 - [TEST_STEP][PASSED] - println("Number of Records: " + numOfRows): null

24-10-2024T07:32:25 - [TEST_STEP][PASSED] - for ([row = 1, row <= numOfRows, (row++)]): Browser is closed

24-10-2024T07:32:25 - [TEST_STEP][PASSED] - ExecuteTC = dataFile.getValue("Execute", row): null

24-10-2024T07:32:25 - [TEST_STEP][PASSED] - out.println("Value of Execute is : " + ExecuteTC): null

24-10-2024T07:32:25 - [TEST_STEP][PASSED] - if (ExecuteTC.equalsIgnoreCase("Y")): null

24-10-2024T07:32:25 - [TEST_STEP][PASSED] - out.println("Begin Record Number: " + row): null

24-10-2024T07:32:25 - [TEST_STEP][PASSED] - today = new java.util.Date(): null

24-10-2024T07:32:25 - [TEST_STEP][PASSED] - println(today): null

24-10-2024T07:32:25 - [TEST_STEP][PASSED] - datText = today: null

24-10-2024T07:32:25 - [TEST_STEP][PASSED] - EmulatorDataKey = dataFile.getValue("EmulatorData", row): null

24-10-2024T07:32:25 - [TEST_STEP][PASSED] - out.println("Value of Emulator Key is : " + EmulatorDataKey): null

24-10-2024T07:32:25 - [TEST_STEP][PASSED] - iwpPages.emulatorIWP30.setDataEmulator_DD(EmulatorDataKey): iwpPages.emulatorIWP30.setDataEmulator_DD is PASSED

24-10-2024T07:32:25 - [MESSAGE][INFO] - Starting 'Edge Chromium' driver

24-10-2024T07:32:25 - [MESSAGE][INFO] - User set preference: ['acceptInsecureCerts', 'true']

24-10-2024T07:32:27 - [MESSAGE][INFO] - Action delay is set to 0 milliseconds

24-10-2024T07:32:31 - [MESSAGE][PASSED] - Browser is opened with url: 'https://qa2.velocitypayment.com/agencyx/config.action?action=editor&message_version=2_5'

24-10-2024T07:32:31 - [MESSAGE][PASSED] - Current window maximized

24-10-2024T07:33:02 - [MESSAGE][INFO] - Unable to find the element located by 'By.xpath: //select[@name='message_version']'. Please recheck the objects properties to make sure the desired element is located. 

24-10-2024T07:33:02 - [MESSAGE][WARNING] - [SELF-HEALING] Failed to find element with id 'Object Repository/IWP30/Page_VRelay30Emulator/MV'. Try using Self-healing.

24-10-2024T07:33:03 - [MESSAGE][WARNING] - [SELF-HEALING] The current locator of test object 'Object Repository/IWP30/Page_VRelay30Emulator/MV' was broken. Propose an alternative one: '(.//*[normalize-space(text()) and normalize-space(.)='Message Version'])[1]/following::select[1]'.

24-10-2024T07:33:03 - [MESSAGE][PASSED] - All options with value '2.5' are selected in object 'Object Repository/IWP30/Page_VRelay30Emulator/MV'  using regular expression

24-10-2024T07:33:04 - [MESSAGE][PASSED] - Text '10.50' is set on object 'Object Repository/IWP30/Page_EmulatorAgencyX/Amount'

24-10-2024T07:33:04 - [MESSAGE][PASSED] - Text 'yzwM9Bj5dKB6' is set on object 'Object Repository/IWP30/Page_EmulatorAgencyX/CAN'

24-10-2024T07:33:05 - [MESSAGE][PASSED] - Text 'PayNow' is set on object 'Object Repository/IWP30/Page_EmulatorAgencyX/Action'

24-10-2024T07:33:06 - [MESSAGE][PASSED] - Text 'en_US' is set on object 'Object Repository/IWP30/Page_EmulatorAgencyX/Lang'

24-10-2024T07:33:06 - [MESSAGE][PASSED] - Text '' is set on object 'Object Repository/IWP30/Page_EmulatorAgencyX/Fname'

24-10-2024T07:33:07 - [MESSAGE][PASSED] - Text '' is set on object 'Object Repository/IWP30/Page_EmulatorAgencyX/Lname'

24-10-2024T07:33:07 - [MESSAGE][PASSED] - Text '' is set on object 'Object Repository/IWP30/Page_EmulatorAgencyX/AL1'

24-10-2024T07:33:08 - [MESSAGE][PASSED] - Text '' is set on object 'Object Repository/IWP30/Page_EmulatorAgencyX/AL2'

24-10-2024T07:33:09 - [MESSAGE][PASSED] - Text '' is set on object 'Object Repository/IWP30/Page_EmulatorAgencyX/Country'

24-10-2024T07:33:09 - [MESSAGE][PASSED] - Text '' is set on object 'Object Repository/IWP30/Page_EmulatorAgencyX/City'

24-10-2024T07:33:10 - [MESSAGE][PASSED] - Text '' is set on object 'Object Repository/IWP30/Page_EmulatorAgencyX/State'

24-10-2024T07:33:10 - [MESSAGE][PASSED] - Text '' is set on object 'Object Repository/IWP30/Page_EmulatorAgencyX/ZIP'

24-10-2024T07:33:11 - [MESSAGE][PASSED] - Text '' is set on object 'Object Repository/IWP30/Page_EmulatorAgencyX/Order'

24-10-2024T07:33:12 - [MESSAGE][PASSED] - Text '' is set on object 'Object Repository/IWP30/Page_EmulatorAgencyX/Company'

24-10-2024T07:33:12 - [MESSAGE][PASSED] - Text '' is set on object 'Object Repository/IWP30/Page_EmulatorAgencyX/Email'

24-10-2024T07:33:13 - [MESSAGE][PASSED] - Text '' is set on object 'Object Repository/IWP30/Page_EmulatorAgencyX/UDF1'

24-10-2024T07:33:13 - [MESSAGE][PASSED] - Text '' is set on object 'Object Repository/IWP30/Page_EmulatorAgencyX/UDF2'

24-10-2024T07:33:14 - [MESSAGE][PASSED] - Text '' is set on object 'Object Repository/IWP30/Page_EmulatorAgencyX/UDF3'

24-10-2024T07:33:15 - [MESSAGE][PASSED] - Text 'udf data 4' is set on object 'Object Repository/IWP30/Page_EmulatorAgencyX/UDF4'

24-10-2024T07:33:15 - [MESSAGE][PASSED] - Text 'udf data 5' is set on object 'Object Repository/IWP30/Page_EmulatorAgencyX/UDF5'

24-10-2024T07:33:16 - [MESSAGE][PASSED] - Text '' is set on object 'Object Repository/IWP30/Page_EmulatorAgencyX/UDF6'

24-10-2024T07:33:16 - [MESSAGE][PASSED] - Text '' is set on object 'Object Repository/IWP30/Page_EmulatorAgencyX/UDF7'

24-10-2024T07:33:17 - [MESSAGE][PASSED] - Text '' is set on object 'Object Repository/IWP30/Page_EmulatorAgencyX/UDF8'

24-10-2024T07:33:17 - [MESSAGE][PASSED] - Text 'udf data 9' is set on object 'Object Repository/IWP30/Page_EmulatorAgencyX/UDF9'

24-10-2024T07:33:18 - [MESSAGE][PASSED] - Text 'udf data 10' is set on object 'Object Repository/IWP30/Page_EmulatorAgencyX/UDF10'

24-10-2024T07:33:20 - [MESSAGE][PASSED] - Object: 'Object Repository/IWP30/Page_EmulatorAgencyX/Submit' is clicked on

24-10-2024T07:33:24 - [MESSAGE][PASSED] - Browser is closed

24-10-2024T07:33:28 - [MESSAGE][PASSED] - iwpPages.emulatorIWP30.setDataEmulator_DD is PASSED

24-10-2024T07:33:28 - [TEST_STEP][PASSED] - testHarnessURL = urlTestHarness: null

24-10-2024T07:33:28 - [TEST_STEP][PASSED] - openBrowser(testHarnessURL): Browser is opened with url: 'https://dev-algorithm.govolution.com/vrelaytest/QA2/version_2_2/vrelaytest.html'

24-10-2024T07:33:28 - [MESSAGE][INFO] - Starting 'Edge Chromium' driver

24-10-2024T07:33:28 - [MESSAGE][INFO] - User set preference: ['acceptInsecureCerts', 'true']

24-10-2024T07:33:30 - [MESSAGE][INFO] - Action delay is set to 0 milliseconds

24-10-2024T07:33:34 - [MESSAGE][PASSED] - Browser is opened with url: 'https://dev-algorithm.govolution.com/vrelaytest/QA2/version_2_2/vrelaytest.html'

24-10-2024T07:33:34 - [TEST_STEP][PASSED] - maximizeWindow(): Current window maximized

24-10-2024T07:33:34 - [MESSAGE][PASSED] - Current window maximized

24-10-2024T07:33:34 - [TEST_STEP][PASSED] - iwpPages.TestHarnessPage.setDataMethodEF(row, dataFile): iwpPages.TestHarnessPage.setDataMethodEF is PASSED

24-10-2024T07:33:34 - [MESSAGE][PASSED] - Object 'Object Repository/IWP30/Page_QATestHarness/RemittanceID' is present

24-10-2024T07:33:35 - [MESSAGE][PASSED] - Text '638' is set on object 'Object Repository/IWP30/Page_QATestHarness/ApplicationID'

24-10-2024T07:33:35 - [MESSAGE][PASSED] - Text '2.5' is set on object 'Object Repository/IWP30/Page_QATestHarness/MessageVersion'

24-10-2024T07:33:36 - [MESSAGE][PASSED] - Text 'KfereUwQc5UQ' is set on object 'Object Repository/IWP30/Page_QATestHarness/RemittanceID'

24-10-2024T07:33:40 - [MESSAGE][PASSED] - Object: 'Object Repository/IWP30/Page_QATestHarness/SubmitButton' is clicked on

24-10-2024T07:33:40 - [MESSAGE][PASSED] - iwpPages.TestHarnessPage.setDataMethodEF is PASSED

24-10-2024T07:33:40 - [TEST_STEP][PASSED] - click(findTestObject("Object Repository/IWP30/Page_SelectPaymentMethod/PayByPersonalCheck")): Object: 'Object Repository/IWP30/Page_SelectPaymentMethod/PayByPersonalCheck' is clicked on

24-10-2024T07:33:40 - [MESSAGE][PASSED] - Object: 'Object Repository/IWP30/Page_SelectPaymentMethod/PayByPersonalCheck' is clicked on

24-10-2024T07:33:40 - [TEST_STEP][PASSED] - click(findTestObject("Object Repository/IWP30/Page_SelectPaymentMethod/MakePaymentButton")): Object: 'Object Repository/IWP30/Page_SelectPaymentMethod/MakePaymentButton' is clicked on

24-10-2024T07:33:43 - [MESSAGE][PASSED] - Object: 'Object Repository/IWP30/Page_SelectPaymentMethod/MakePaymentButton' is clicked on

24-10-2024T07:33:43 - [TEST_STEP][PASSED] - iwpPages.achPersonalPaymentEntryPage.setDataACHPPM(row, dataFile): iwpPages.achPersonalPaymentEntryPage.setDataACHPPM is PASSED

24-10-2024T07:33:43 - [MESSAGE][PASSED] - Object 'Object Repository/IWP30/Page_ACHPersonalPaymentEntry/txt_accountNumber' is present

24-10-2024T07:33:44 - [MESSAGE][PASSED] - Text '10.50' is set on object 'Object Repository/IWP30/Page_ACHPersonalPaymentEntry/txt_Amount'

24-10-2024T07:33:44 - [MESSAGE][PASSED] - Object 'Object Repository/IWP30/Page_ACHPersonalPaymentEntry/txt_UDF2' is present

24-10-2024T07:33:45 - [MESSAGE][PASSED] - Text 'udf data 2' is set on object 'Object Repository/IWP30/Page_ACHPersonalPaymentEntry/txt_UDF2'

24-10-2024T07:33:46 - [MESSAGE][PASSED] - Text 'udf data 3' is set on object 'Object Repository/IWP30/Page_ACHPersonalPaymentEntry/txt_UDF3'

24-10-2024T07:33:46 - [MESSAGE][PASSED] - All options with label 'Orange' are selected in object 'Object Repository/IWP30/Page_ACHPersonalPaymentEntry/dd_UDF7' 

24-10-2024T07:33:47 - [MESSAGE][PASSED] - All options with label 'Soccer' are selected in object 'Object Repository/IWP30/Page_ACHPersonalPaymentEntry/dd_UDF8' 

24-10-2024T07:33:47 - [MESSAGE][PASSED] - Object 'Object Repository/IWP30/Page_ACHPersonalPaymentEntry/txt_Firstname' is present

24-10-2024T07:33:48 - [MESSAGE][PASSED] - Text 'Elizath' is set on object 'Object Repository/IWP30/Page_ACHPersonalPaymentEntry/txt_Firstname'

24-10-2024T07:33:48 - [MESSAGE][PASSED] - Object 'Object Repository/IWP30/Page_ACHPersonalPaymentEntry/txt_Lastname' is present

24-10-2024T07:33:48 - [MESSAGE][PASSED] - Text 'Christine' is set on object 'Object Repository/IWP30/Page_ACHPersonalPaymentEntry/txt_Lastname'

24-10-2024T07:33:49 - [MESSAGE][PASSED] - Object 'Object Repository/IWP30/Page_ACHPersonalPaymentEntry/txt_routingNumber' is present

24-10-2024T07:33:49 - [MESSAGE][PASSED] - Text '256072691' is set on object 'Object Repository/IWP30/Page_ACHPersonalPaymentEntry/txt_routingNumber'

24-10-2024T07:33:50 - [MESSAGE][PASSED] - Object 'Object Repository/IWP30/Page_ACHPersonalPaymentEntry/txt_accountNumber' is present

24-10-2024T07:33:51 - [MESSAGE][PASSED] - Text '12344444' is set on object 'Object Repository/IWP30/Page_ACHPersonalPaymentEntry/txt_accountNumber'

24-10-2024T07:33:51 - [MESSAGE][PASSED] - Object 'Object Repository/IWP30/Page_ACHPersonalPaymentEntry/txt_confirmAccountNumber' is present

24-10-2024T07:33:52 - [MESSAGE][PASSED] - Text '12344444' is set on object 'Object Repository/IWP30/Page_ACHPersonalPaymentEntry/txt_confirmAccountNumber'

24-10-2024T07:33:52 - [MESSAGE][PASSED] - Object 'Object Repository/IWP30/Page_ACHPersonalPaymentEntry/rd_accountType' is present

24-10-2024T07:33:52 - [MESSAGE][PASSED] - Modify property of object successfully

24-10-2024T07:33:53 - [MESSAGE][PASSED] - Object: 'Object Repository/IWP30/Page_ACHPersonalPaymentEntry/rd_accountType' is clicked on

24-10-2024T07:33:53 - [MESSAGE][PASSED] - Execute JavaScript '
				   document.getElementById('processDate').value = '08/09/2025'
				  ' successfully

24-10-2024T07:33:53 - [MESSAGE][PASSED] - Text '365 Main Avenue' is set on object 'Object Repository/IWP30/Page_ACHPersonalPaymentEntry/txt_AL1'

24-10-2024T07:33:54 - [MESSAGE][PASSED] - Text 'Ohio' is set on object 'Object Repository/IWP30/Page_ACHPersonalPaymentEntry/txt_AL2'

24-10-2024T07:33:55 - [MESSAGE][PASSED] - Text '22201' is set on object 'Object Repository/IWP30/Page_ACHPersonalPaymentEntry/txt_ZIP'

24-10-2024T07:33:55 - [MESSAGE][PASSED] - Object 'Object Repository/IWP30/Page_ACHPersonalPaymentEntry/txt_Email' is present

24-10-2024T07:33:56 - [MESSAGE][PASSED] - Text 'iahmed@govolution.com' is set on object 'Object Repository/IWP30/Page_ACHPersonalPaymentEntry/txt_Email'

24-10-2024T07:33:56 - [MESSAGE][PASSED] - Object 'Object Repository/IWP30/Page_ACHPersonalPaymentEntry/cb_TermsAndCond' is present

24-10-2024T07:33:57 - [MESSAGE][PASSED] - Object: 'Object Repository/IWP30/Page_ACHPersonalPaymentEntry/cb_TermsAndCond' is clicked on

24-10-2024T07:33:57 - [MESSAGE][PASSED] - Object 'Object Repository/IWP30/Page_ACHPersonalPaymentEntry/btn_Continue' is present

24-10-2024T07:33:58 - [MESSAGE][PASSED] - Object: 'Object Repository/IWP30/Page_ACHPersonalPaymentEntry/btn_Continue' is clicked on

24-10-2024T07:33:58 - [MESSAGE][PASSED] - iwpPages.achPersonalPaymentEntryPage.setDataACHPPM is PASSED

24-10-2024T07:33:58 - [TEST_STEP][PASSED] - click(findTestObject("Object Repository/IWP30/Page_Confirmation/ConfirmButton")): Object: 'Object Repository/IWP30/Page_Confirmation/ConfirmButton' is clicked on

24-10-2024T07:34:01 - [MESSAGE][PASSED] - Object: 'Object Repository/IWP30/Page_Confirmation/ConfirmButton' is clicked on

24-10-2024T07:34:01 - [TEST_STEP][PASSED] - Thread.sleep(2000): null

24-10-2024T07:34:03 - [TEST_STEP][PASSED] - if (verifyTextPresent("Deferred", false)): null

24-10-2024T07:34:03 - [MESSAGE][PASSED] - Text 'Deferred' is present on page 

24-10-2024T07:34:03 - [TEST_STEP][PASSED] - if (verifyTextPresent("Your payment plan has been successfully created", false)): null

24-10-2024T07:34:03 - [MESSAGE][PASSED] - Text 'Your payment plan has been successfully created' is present on page 

24-10-2024T07:34:03 - [TEST_STEP][PASSED] - isRequiredTextPresent = true: null

24-10-2024T07:34:03 - [TEST_STEP][PASSED] - println(isRequiredTextPresent): null

24-10-2024T07:34:03 - [TEST_STEP][PASSED] - if (isRequiredTextPresent): null

24-10-2024T07:34:03 - [TEST_STEP][PASSED] - if (verifyTextPresent("CAN Label:", false)): null

24-10-2024T07:34:04 - [MESSAGE][PASSED] - Text 'CAN Label:' is present on page 

24-10-2024T07:34:04 - [TEST_STEP][PASSED] - isRequiredTextPresent = true: null

24-10-2024T07:34:04 - [TEST_STEP][PASSED] - println(isRequiredTextPresent): null

24-10-2024T07:34:04 - [TEST_STEP][PASSED] - if (isRequiredTextPresent): null

24-10-2024T07:34:04 - [TEST_STEP][PASSED] - if (verifyTextPresent("Remittance ID:", false)): null

24-10-2024T07:34:04 - [MESSAGE][PASSED] - Text 'Remittance ID:' is present on page 

24-10-2024T07:34:04 - [TEST_STEP][PASSED] - isRequiredTextPresent = true: null

24-10-2024T07:34:04 - [TEST_STEP][PASSED] - println(isRequiredTextPresent): null

24-10-2024T07:34:04 - [TEST_STEP][PASSED] - if (isRequiredTextPresent): null

24-10-2024T07:34:04 - [TEST_STEP][PASSED] - if (verifyTextPresent("UDF2 Label:", false)): null

24-10-2024T07:34:04 - [MESSAGE][PASSED] - Text 'UDF2 Label:' is present on page 

24-10-2024T07:34:04 - [TEST_STEP][PASSED] - isRequiredTextPresent = true: null

24-10-2024T07:34:04 - [TEST_STEP][PASSED] - println(isRequiredTextPresent): null

24-10-2024T07:34:04 - [TEST_STEP][PASSED] - if (isRequiredTextPresent): null

24-10-2024T07:34:04 - [TEST_STEP][PASSED] - if (verifyTextPresent("UDF3 Label:", false)): null

24-10-2024T07:34:04 - [MESSAGE][PASSED] - Text 'UDF3 Label:' is present on page 

24-10-2024T07:34:04 - [TEST_STEP][PASSED] - isRequiredTextPresent = true: null

24-10-2024T07:34:04 - [TEST_STEP][PASSED] - println(isRequiredTextPresent): null

24-10-2024T07:34:04 - [TEST_STEP][PASSED] - if (isRequiredTextPresent): null

24-10-2024T07:34:04 - [TEST_STEP][PASSED] - if (verifyTextPresent("UDF4 Label:", false)): null

24-10-2024T07:34:05 - [MESSAGE][PASSED] - Text 'UDF4 Label:' is present on page 

24-10-2024T07:34:05 - [TEST_STEP][PASSED] - isRequiredTextPresent = true: null

24-10-2024T07:34:05 - [TEST_STEP][PASSED] - println(isRequiredTextPresent): null

24-10-2024T07:34:05 - [TEST_STEP][PASSED] - if (isRequiredTextPresent): null

24-10-2024T07:34:05 - [TEST_STEP][PASSED] - if (verifyTextPresent("UDF7 Label:", false)): null

24-10-2024T07:34:05 - [MESSAGE][PASSED] - Text 'UDF7 Label:' is present on page 

24-10-2024T07:34:05 - [TEST_STEP][PASSED] - isRequiredTextPresent = true: null

24-10-2024T07:34:05 - [TEST_STEP][PASSED] - println(isRequiredTextPresent): null

24-10-2024T07:34:05 - [TEST_STEP][PASSED] - if (isRequiredTextPresent): null

24-10-2024T07:34:05 - [TEST_STEP][PASSED] - if (verifyTextPresent("UDF8 Label:", false)): null

24-10-2024T07:34:05 - [MESSAGE][PASSED] - Text 'UDF8 Label:' is present on page 

24-10-2024T07:34:05 - [TEST_STEP][PASSED] - isRequiredTextPresent = true: null

24-10-2024T07:34:05 - [TEST_STEP][PASSED] - println(isRequiredTextPresent): null

24-10-2024T07:34:05 - [TEST_STEP][PASSED] - if (isRequiredTextPresent): null

24-10-2024T07:34:05 - [TEST_STEP][PASSED] - if (verifyTextPresent("UDF9 Label:", false)): null

24-10-2024T07:34:05 - [MESSAGE][PASSED] - Text 'UDF9 Label:' is present on page 

24-10-2024T07:34:05 - [TEST_STEP][PASSED] - isRequiredTextPresent = true: null

24-10-2024T07:34:05 - [TEST_STEP][PASSED] - println(isRequiredTextPresent): null

24-10-2024T07:34:05 - [TEST_STEP][PASSED] - if (isRequiredTextPresent): null

24-10-2024T07:34:05 - [TEST_STEP][PASSED] - if (verifyTextPresent("Transaction Type:", false)): null

24-10-2024T07:34:06 - [MESSAGE][PASSED] - Text 'Transaction Type:' is present on page 

24-10-2024T07:34:06 - [TEST_STEP][PASSED] - isRequiredTextPresent = true: null

24-10-2024T07:34:06 - [TEST_STEP][PASSED] - println(isRequiredTextPresent): null

24-10-2024T07:34:06 - [TEST_STEP][PASSED] - if (isRequiredTextPresent): null

24-10-2024T07:34:06 - [TEST_STEP][PASSED] - if (verifyTextPresent("Amount:", false)): null

24-10-2024T07:34:06 - [MESSAGE][PASSED] - Text 'Amount:' is present on page 

24-10-2024T07:34:06 - [TEST_STEP][PASSED] - isRequiredTextPresent = true: null

24-10-2024T07:34:06 - [TEST_STEP][PASSED] - println(isRequiredTextPresent): null

24-10-2024T07:34:06 - [TEST_STEP][PASSED] - if (isRequiredTextPresent): null

24-10-2024T07:34:06 - [TEST_STEP][PASSED] - if (verifyTextPresent("Check Information:", false)): null

24-10-2024T07:34:06 - [MESSAGE][PASSED] - Text 'Check Information:' is present on page 

24-10-2024T07:34:06 - [TEST_STEP][PASSED] - isRequiredTextPresent = true: null

24-10-2024T07:34:06 - [TEST_STEP][PASSED] - println(isRequiredTextPresent): null

24-10-2024T07:34:06 - [TEST_STEP][PASSED] - if (isRequiredTextPresent): null

24-10-2024T07:34:06 - [TEST_STEP][PASSED] - if (verifyTextPresent("Account Type:", false)): null

24-10-2024T07:34:07 - [MESSAGE][PASSED] - Text 'Account Type:' is present on page 

24-10-2024T07:34:07 - [TEST_STEP][PASSED] - isRequiredTextPresent = true: null

24-10-2024T07:34:07 - [TEST_STEP][PASSED] - println(isRequiredTextPresent): null

24-10-2024T07:34:07 - [TEST_STEP][PASSED] - if (isRequiredTextPresent): null

24-10-2024T07:34:07 - [TEST_STEP][PASSED] - if (verifyTextPresent("Account Number:", false)): null

24-10-2024T07:34:07 - [MESSAGE][PASSED] - Text 'Account Number:' is present on page 

24-10-2024T07:34:07 - [TEST_STEP][PASSED] - isRequiredTextPresent = true: null

24-10-2024T07:34:07 - [TEST_STEP][PASSED] - println(isRequiredTextPresent): null

24-10-2024T07:34:07 - [TEST_STEP][PASSED] - if (isRequiredTextPresent): null

24-10-2024T07:34:07 - [TEST_STEP][PASSED] - if (verifyTextPresent("Routing Number:", false)): null

24-10-2024T07:34:07 - [MESSAGE][PASSED] - Text 'Routing Number:' is present on page 

24-10-2024T07:34:07 - [TEST_STEP][PASSED] - isRequiredTextPresent = true: null

24-10-2024T07:34:07 - [TEST_STEP][PASSED] - println(isRequiredTextPresent): null

24-10-2024T07:34:07 - [TEST_STEP][PASSED] - if (isRequiredTextPresent): null

24-10-2024T07:34:07 - [TEST_STEP][PASSED] - if (verifyTextPresent("Name of Account:", false)): null

24-10-2024T07:34:07 - [MESSAGE][PASSED] - Text 'Name of Account:' is present on page 

24-10-2024T07:34:07 - [TEST_STEP][PASSED] - isRequiredTextPresent = true: null

24-10-2024T07:34:07 - [TEST_STEP][PASSED] - println(isRequiredTextPresent): null

24-10-2024T07:34:07 - [TEST_STEP][PASSED] - if (isRequiredTextPresent): null

24-10-2024T07:34:07 - [TEST_STEP][PASSED] - if (verifyTextPresent("Billing Information:", false)): null

24-10-2024T07:34:08 - [MESSAGE][PASSED] - Text 'Billing Information:' is present on page 

24-10-2024T07:34:08 - [TEST_STEP][PASSED] - isRequiredTextPresent = true: null

24-10-2024T07:34:08 - [TEST_STEP][PASSED] - println(isRequiredTextPresent): null

24-10-2024T07:34:08 - [TEST_STEP][PASSED] - if (isRequiredTextPresent): null

24-10-2024T07:34:08 - [TEST_STEP][PASSED] - if (verifyTextPresent("Address Line 1:", false)): null

24-10-2024T07:34:08 - [MESSAGE][PASSED] - Text 'Address Line 1:' is present on page 

24-10-2024T07:34:08 - [TEST_STEP][PASSED] - isRequiredTextPresent = true: null

24-10-2024T07:34:08 - [TEST_STEP][PASSED] - println(isRequiredTextPresent): null

24-10-2024T07:34:08 - [TEST_STEP][PASSED] - if (isRequiredTextPresent): null

24-10-2024T07:34:08 - [TEST_STEP][PASSED] - if (verifyTextPresent("Address Line 2:", false)): null

24-10-2024T07:34:08 - [MESSAGE][PASSED] - Text 'Address Line 2:' is present on page 

24-10-2024T07:34:08 - [TEST_STEP][PASSED] - isRequiredTextPresent = true: null

24-10-2024T07:34:08 - [TEST_STEP][PASSED] - println(isRequiredTextPresent): null

24-10-2024T07:34:08 - [TEST_STEP][PASSED] - if (isRequiredTextPresent): null

24-10-2024T07:34:08 - [TEST_STEP][PASSED] - if (verifyTextPresent("Country:", false)): null

24-10-2024T07:34:09 - [MESSAGE][PASSED] - Text 'Country:' is present on page 

24-10-2024T07:34:09 - [TEST_STEP][PASSED] - isRequiredTextPresent = true: null

24-10-2024T07:34:09 - [TEST_STEP][PASSED] - println(isRequiredTextPresent): null

24-10-2024T07:34:09 - [TEST_STEP][PASSED] - if (isRequiredTextPresent): null

24-10-2024T07:34:09 - [TEST_STEP][PASSED] - if (verifyTextPresent("City:", false)): null

24-10-2024T07:34:09 - [MESSAGE][PASSED] - Text 'City:' is present on page 

24-10-2024T07:34:09 - [TEST_STEP][PASSED] - isRequiredTextPresent = true: null

24-10-2024T07:34:09 - [TEST_STEP][PASSED] - println(isRequiredTextPresent): null

24-10-2024T07:34:09 - [TEST_STEP][PASSED] - if (isRequiredTextPresent): null

24-10-2024T07:34:09 - [TEST_STEP][PASSED] - if (verifyTextPresent("State:", false)): null

24-10-2024T07:34:09 - [MESSAGE][PASSED] - Text 'State:' is present on page 

24-10-2024T07:34:09 - [TEST_STEP][PASSED] - isRequiredTextPresent = true: null

24-10-2024T07:34:09 - [TEST_STEP][PASSED] - println(isRequiredTextPresent): null

24-10-2024T07:34:09 - [TEST_STEP][PASSED] - if (isRequiredTextPresent): null

24-10-2024T07:34:09 - [TEST_STEP][PASSED] - if (verifyTextPresent("Zip Code:", false)): null

24-10-2024T07:34:09 - [MESSAGE][PASSED] - Text 'Zip Code:' is present on page 

24-10-2024T07:34:09 - [TEST_STEP][PASSED] - isRequiredTextPresent = true: null

24-10-2024T07:34:09 - [TEST_STEP][PASSED] - println(isRequiredTextPresent): null

24-10-2024T07:34:09 - [TEST_STEP][PASSED] - if (isRequiredTextPresent): null

24-10-2024T07:34:09 - [TEST_STEP][PASSED] - if (verifyTextPresent("Plan Information:", false)): null

24-10-2024T07:34:10 - [MESSAGE][PASSED] - Text 'Plan Information:' is present on page 

24-10-2024T07:34:10 - [TEST_STEP][PASSED] - isRequiredTextPresent = true: null

24-10-2024T07:34:10 - [TEST_STEP][PASSED] - println(isRequiredTextPresent): null

24-10-2024T07:34:10 - [TEST_STEP][PASSED] - if (isRequiredTextPresent): null

24-10-2024T07:34:10 - [TEST_STEP][PASSED] - if (verifyTextPresent("Payment Plan Type:", false)): null

24-10-2024T07:34:10 - [MESSAGE][PASSED] - Text 'Payment Plan Type:' is present on page 

24-10-2024T07:34:10 - [TEST_STEP][PASSED] - isRequiredTextPresent = true: null

24-10-2024T07:34:10 - [TEST_STEP][PASSED] - println(isRequiredTextPresent): null

24-10-2024T07:34:10 - [TEST_STEP][PASSED] - if (isRequiredTextPresent): null

24-10-2024T07:34:10 - [TEST_STEP][PASSED] - if (verifyTextPresent("Payment Plan ID:", false)): null

24-10-2024T07:34:10 - [MESSAGE][PASSED] - Text 'Payment Plan ID:' is present on page 

24-10-2024T07:34:10 - [TEST_STEP][PASSED] - isRequiredTextPresent = true: null

24-10-2024T07:34:10 - [TEST_STEP][PASSED] - println(isRequiredTextPresent): null

24-10-2024T07:34:10 - [TEST_STEP][PASSED] - if (isRequiredTextPresent): null

24-10-2024T07:34:10 - [TEST_STEP][PASSED] - if (verifyTextPresent("Payment Date:", false)): null

24-10-2024T07:34:11 - [MESSAGE][PASSED] - Text 'Payment Date:' is present on page 

24-10-2024T07:34:11 - [TEST_STEP][PASSED] - isRequiredTextPresent = true: null

24-10-2024T07:34:11 - [TEST_STEP][PASSED] - println(isRequiredTextPresent): null

24-10-2024T07:34:11 - [TEST_STEP][PASSED] - if (isRequiredTextPresent == true): pages.WriteExcel.demoKey is PASSED

24-10-2024T07:34:11 - [TEST_STEP][PASSED] - println("All the relevant texts are present on Receipt Page"): null

24-10-2024T07:34:11 - [TEST_STEP][PASSED] - markPassed("All the relevant texts are present on Receipt Page"): All the relevant texts are present on Receipt Page

24-10-2024T07:34:11 - [MESSAGE][PASSED] - All the relevant texts are present on Receipt Page

24-10-2024T07:34:11 - [TEST_STEP][PASSED] - resText = "Pass": null

24-10-2024T07:34:11 - [TEST_STEP][PASSED] - pages.WriteExcel.demoKey(resText, datText, resColumn, datCloumn, fileLoc, nameSheet, row): pages.WriteExcel.demoKey is PASSED

24-10-2024T07:34:11 - [MESSAGE][PASSED] - pages.WriteExcel.demoKey is PASSED

24-10-2024T07:34:11 - [TEST_STEP][PASSED] - closeBrowser(): Browser is closed

24-10-2024T07:34:11 - [MESSAGE][PASSED] - Browser is closed

24-10-2024T07:34:11 - [TEST_STEP][PASSED] - ExecuteTC = dataFile.getValue("Execute", row): null

24-10-2024T07:34:11 - [TEST_STEP][PASSED] - out.println("Value of Execute is : " + ExecuteTC): null

24-10-2024T07:34:11 - [TEST_STEP][PASSED] - if (ExecuteTC.equalsIgnoreCase("Y")): null

24-10-2024T07:34:11 - [TEST_STEP][PASSED] - out.println("Begin Record Number: " + row): null

24-10-2024T07:34:11 - [TEST_STEP][PASSED] - today = new java.util.Date(): null

24-10-2024T07:34:11 - [TEST_STEP][PASSED] - println(today): null

24-10-2024T07:34:11 - [TEST_STEP][PASSED] - datText = today: null

24-10-2024T07:34:11 - [TEST_STEP][PASSED] - EmulatorDataKey = dataFile.getValue("EmulatorData", row): null

24-10-2024T07:34:11 - [TEST_STEP][PASSED] - out.println("Value of Emulator Key is : " + EmulatorDataKey): null

24-10-2024T07:34:11 - [TEST_STEP][PASSED] - iwpPages.emulatorIWP30.setDataEmulator_DD(EmulatorDataKey): iwpPages.emulatorIWP30.setDataEmulator_DD is PASSED

24-10-2024T07:34:12 - [MESSAGE][INFO] - Starting 'Edge Chromium' driver

24-10-2024T07:34:12 - [MESSAGE][INFO] - User set preference: ['acceptInsecureCerts', 'true']

24-10-2024T07:34:14 - [MESSAGE][INFO] - Action delay is set to 0 milliseconds

24-10-2024T07:34:18 - [MESSAGE][PASSED] - Browser is opened with url: 'https://qa2.velocitypayment.com/agencyx/config.action?action=editor&message_version=3_0'

24-10-2024T07:34:18 - [MESSAGE][PASSED] - Current window maximized

24-10-2024T07:34:49 - [MESSAGE][INFO] - Unable to find the element located by 'By.xpath: //select[@name='message_version']'. Please recheck the objects properties to make sure the desired element is located. 

24-10-2024T07:34:49 - [MESSAGE][WARNING] - [SELF-HEALING] Failed to find element with id 'Object Repository/IWP30/Page_VRelay30Emulator/MV'. Try using Self-healing.

24-10-2024T07:34:49 - [MESSAGE][WARNING] - [SELF-HEALING] The current locator of test object 'Object Repository/IWP30/Page_VRelay30Emulator/MV' was broken. Propose an alternative one: '(.//*[normalize-space(text()) and normalize-space(.)='Message Version'])[1]/following::select[1]'.

24-10-2024T07:34:50 - [MESSAGE][PASSED] - All options with value '3.0' are selected in object 'Object Repository/IWP30/Page_VRelay30Emulator/MV'  using regular expression

24-10-2024T07:34:50 - [MESSAGE][PASSED] - Text '10.50' is set on object 'Object Repository/IWP30/Page_EmulatorAgencyX/Amount'

24-10-2024T07:34:51 - [MESSAGE][PASSED] - Text 'Mf3fE5ivWKda' is set on object 'Object Repository/IWP30/Page_EmulatorAgencyX/CAN'

24-10-2024T07:34:52 - [MESSAGE][PASSED] - Text 'PayNow' is set on object 'Object Repository/IWP30/Page_EmulatorAgencyX/Action'

24-10-2024T07:34:52 - [MESSAGE][PASSED] - Text 'en_US' is set on object 'Object Repository/IWP30/Page_EmulatorAgencyX/Lang'

24-10-2024T07:34:53 - [MESSAGE][PASSED] - Text '' is set on object 'Object Repository/IWP30/Page_EmulatorAgencyX/Fname'

24-10-2024T07:34:53 - [MESSAGE][PASSED] - Text '' is set on object 'Object Repository/IWP30/Page_EmulatorAgencyX/Lname'

24-10-2024T07:34:54 - [MESSAGE][PASSED] - Text '' is set on object 'Object Repository/IWP30/Page_EmulatorAgencyX/AL1'

24-10-2024T07:34:55 - [MESSAGE][PASSED] - Text '' is set on object 'Object Repository/IWP30/Page_EmulatorAgencyX/AL2'

24-10-2024T07:34:55 - [MESSAGE][PASSED] - Text '' is set on object 'Object Repository/IWP30/Page_EmulatorAgencyX/Country'

24-10-2024T07:34:56 - [MESSAGE][PASSED] - Text '' is set on object 'Object Repository/IWP30/Page_EmulatorAgencyX/City'

24-10-2024T07:34:56 - [MESSAGE][PASSED] - Text '' is set on object 'Object Repository/IWP30/Page_EmulatorAgencyX/State'

24-10-2024T07:34:57 - [MESSAGE][PASSED] - Text '' is set on object 'Object Repository/IWP30/Page_EmulatorAgencyX/ZIP'

24-10-2024T07:34:57 - [MESSAGE][PASSED] - Text '' is set on object 'Object Repository/IWP30/Page_EmulatorAgencyX/Order'

24-10-2024T07:34:58 - [MESSAGE][PASSED] - Text '' is set on object 'Object Repository/IWP30/Page_EmulatorAgencyX/Company'

24-10-2024T07:34:59 - [MESSAGE][PASSED] - Text '' is set on object 'Object Repository/IWP30/Page_EmulatorAgencyX/Email'

24-10-2024T07:34:59 - [MESSAGE][PASSED] - Text '' is set on object 'Object Repository/IWP30/Page_EmulatorAgencyX/UDF1'

24-10-2024T07:35:00 - [MESSAGE][PASSED] - Text '' is set on object 'Object Repository/IWP30/Page_EmulatorAgencyX/UDF2'

24-10-2024T07:35:00 - [MESSAGE][PASSED] - Text '' is set on object 'Object Repository/IWP30/Page_EmulatorAgencyX/UDF3'

24-10-2024T07:35:01 - [MESSAGE][PASSED] - Text 'udf data 4' is set on object 'Object Repository/IWP30/Page_EmulatorAgencyX/UDF4'

24-10-2024T07:35:01 - [MESSAGE][PASSED] - Text 'udf data 5' is set on object 'Object Repository/IWP30/Page_EmulatorAgencyX/UDF5'

24-10-2024T07:35:02 - [MESSAGE][PASSED] - Text '' is set on object 'Object Repository/IWP30/Page_EmulatorAgencyX/UDF6'

24-10-2024T07:35:03 - [MESSAGE][PASSED] - Text '' is set on object 'Object Repository/IWP30/Page_EmulatorAgencyX/UDF7'

24-10-2024T07:35:03 - [MESSAGE][PASSED] - Text '' is set on object 'Object Repository/IWP30/Page_EmulatorAgencyX/UDF8'

24-10-2024T07:35:04 - [MESSAGE][PASSED] - Text 'udf data 9' is set on object 'Object Repository/IWP30/Page_EmulatorAgencyX/UDF9'

24-10-2024T07:35:04 - [MESSAGE][PASSED] - Text 'udf data 10' is set on object 'Object Repository/IWP30/Page_EmulatorAgencyX/UDF10'

24-10-2024T07:35:06 - [MESSAGE][PASSED] - Object: 'Object Repository/IWP30/Page_EmulatorAgencyX/Submit' is clicked on

24-10-2024T07:35:10 - [MESSAGE][PASSED] - Browser is closed

24-10-2024T07:35:14 - [MESSAGE][PASSED] - iwpPages.emulatorIWP30.setDataEmulator_DD is PASSED

24-10-2024T07:35:14 - [TEST_STEP][PASSED] - testHarnessURL = urlTestHarness: null

24-10-2024T07:35:14 - [TEST_STEP][PASSED] - openBrowser(testHarnessURL): Browser is opened with url: 'https://dev-algorithm.govolution.com/vrelaytest/QA2/version_2_2/vrelaytest.html'

24-10-2024T07:35:14 - [MESSAGE][INFO] - Starting 'Edge Chromium' driver

24-10-2024T07:35:14 - [MESSAGE][INFO] - User set preference: ['acceptInsecureCerts', 'true']

24-10-2024T07:35:17 - [MESSAGE][INFO] - Action delay is set to 0 milliseconds

24-10-2024T07:35:20 - [MESSAGE][PASSED] - Browser is opened with url: 'https://dev-algorithm.govolution.com/vrelaytest/QA2/version_2_2/vrelaytest.html'

24-10-2024T07:35:20 - [TEST_STEP][PASSED] - maximizeWindow(): Current window maximized

24-10-2024T07:35:20 - [MESSAGE][PASSED] - Current window maximized

24-10-2024T07:35:20 - [TEST_STEP][PASSED] - iwpPages.TestHarnessPage.setDataMethodEF(row, dataFile): iwpPages.TestHarnessPage.setDataMethodEF is PASSED

24-10-2024T07:35:21 - [MESSAGE][PASSED] - Object 'Object Repository/IWP30/Page_QATestHarness/RemittanceID' is present

24-10-2024T07:35:21 - [MESSAGE][PASSED] - Text '649' is set on object 'Object Repository/IWP30/Page_QATestHarness/ApplicationID'

24-10-2024T07:35:22 - [MESSAGE][PASSED] - Text '3.0' is set on object 'Object Repository/IWP30/Page_QATestHarness/MessageVersion'

24-10-2024T07:35:22 - [MESSAGE][PASSED] - Text 'CbEOwFbYmMQ1' is set on object 'Object Repository/IWP30/Page_QATestHarness/RemittanceID'

24-10-2024T07:35:26 - [MESSAGE][PASSED] - Object: 'Object Repository/IWP30/Page_QATestHarness/SubmitButton' is clicked on

24-10-2024T07:35:26 - [MESSAGE][PASSED] - iwpPages.TestHarnessPage.setDataMethodEF is PASSED

24-10-2024T07:35:26 - [TEST_STEP][PASSED] - click(findTestObject("Object Repository/IWP30/Page_SelectPaymentMethod/PayByPersonalCheck")): Object: 'Object Repository/IWP30/Page_SelectPaymentMethod/PayByPersonalCheck' is clicked on

24-10-2024T07:35:26 - [MESSAGE][PASSED] - Object: 'Object Repository/IWP30/Page_SelectPaymentMethod/PayByPersonalCheck' is clicked on

24-10-2024T07:35:26 - [TEST_STEP][PASSED] - click(findTestObject("Object Repository/IWP30/Page_SelectPaymentMethod/MakePaymentButton")): Object: 'Object Repository/IWP30/Page_SelectPaymentMethod/MakePaymentButton' is clicked on

24-10-2024T07:35:29 - [MESSAGE][PASSED] - Object: 'Object Repository/IWP30/Page_SelectPaymentMethod/MakePaymentButton' is clicked on

24-10-2024T07:35:29 - [TEST_STEP][PASSED] - iwpPages.achPersonalPaymentEntryPage.setDataACHPPM(row, dataFile): iwpPages.achPersonalPaymentEntryPage.setDataACHPPM is PASSED

24-10-2024T07:35:30 - [MESSAGE][PASSED] - Object 'Object Repository/IWP30/Page_ACHPersonalPaymentEntry/txt_accountNumber' is present

24-10-2024T07:35:30 - [MESSAGE][PASSED] - Text '10.50' is set on object 'Object Repository/IWP30/Page_ACHPersonalPaymentEntry/txt_Amount'

24-10-2024T07:35:31 - [MESSAGE][PASSED] - Object 'Object Repository/IWP30/Page_ACHPersonalPaymentEntry/txt_UDF2' is present

24-10-2024T07:35:31 - [MESSAGE][PASSED] - Text 'udf data 2' is set on object 'Object Repository/IWP30/Page_ACHPersonalPaymentEntry/txt_UDF2'

24-10-2024T07:35:32 - [MESSAGE][PASSED] - Text 'udf data 3' is set on object 'Object Repository/IWP30/Page_ACHPersonalPaymentEntry/txt_UDF3'

24-10-2024T07:35:32 - [MESSAGE][PASSED] - All options with label 'Orange' are selected in object 'Object Repository/IWP30/Page_ACHPersonalPaymentEntry/dd_UDF7' 

24-10-2024T07:35:33 - [MESSAGE][PASSED] - All options with label 'Soccer' are selected in object 'Object Repository/IWP30/Page_ACHPersonalPaymentEntry/dd_UDF8' 

24-10-2024T07:35:33 - [MESSAGE][PASSED] - Object 'Object Repository/IWP30/Page_ACHPersonalPaymentEntry/txt_Firstname' is present

24-10-2024T07:35:34 - [MESSAGE][PASSED] - Text 'Elizath' is set on object 'Object Repository/IWP30/Page_ACHPersonalPaymentEntry/txt_Firstname'

24-10-2024T07:35:34 - [MESSAGE][PASSED] - Object 'Object Repository/IWP30/Page_ACHPersonalPaymentEntry/txt_Lastname' is present

24-10-2024T07:35:35 - [MESSAGE][PASSED] - Text 'Christine' is set on object 'Object Repository/IWP30/Page_ACHPersonalPaymentEntry/txt_Lastname'

24-10-2024T07:35:35 - [MESSAGE][PASSED] - Object 'Object Repository/IWP30/Page_ACHPersonalPaymentEntry/txt_routingNumber' is present

24-10-2024T07:35:35 - [MESSAGE][PASSED] - Text '256072691' is set on object 'Object Repository/IWP30/Page_ACHPersonalPaymentEntry/txt_routingNumber'

24-10-2024T07:35:36 - [MESSAGE][PASSED] - Object 'Object Repository/IWP30/Page_ACHPersonalPaymentEntry/txt_accountNumber' is present

24-10-2024T07:35:37 - [MESSAGE][PASSED] - Text '12344444' is set on object 'Object Repository/IWP30/Page_ACHPersonalPaymentEntry/txt_accountNumber'

24-10-2024T07:35:37 - [MESSAGE][PASSED] - Object 'Object Repository/IWP30/Page_ACHPersonalPaymentEntry/txt_confirmAccountNumber' is present

24-10-2024T07:35:38 - [MESSAGE][PASSED] - Text '12344444' is set on object 'Object Repository/IWP30/Page_ACHPersonalPaymentEntry/txt_confirmAccountNumber'

24-10-2024T07:35:38 - [MESSAGE][PASSED] - Object 'Object Repository/IWP30/Page_ACHPersonalPaymentEntry/rd_accountType' is present

24-10-2024T07:35:38 - [MESSAGE][PASSED] - Modify property of object successfully

24-10-2024T07:35:38 - [MESSAGE][PASSED] - Object: 'Object Repository/IWP30/Page_ACHPersonalPaymentEntry/rd_accountType' is clicked on

24-10-2024T07:35:38 - [MESSAGE][PASSED] - Execute JavaScript '
				   document.getElementById('processDate').value = '08/09/2025'
				  ' successfully

24-10-2024T07:35:39 - [MESSAGE][PASSED] - Text '365 Main Avenue' is set on object 'Object Repository/IWP30/Page_ACHPersonalPaymentEntry/txt_AL1'

24-10-2024T07:35:39 - [MESSAGE][PASSED] - Text 'Ohio' is set on object 'Object Repository/IWP30/Page_ACHPersonalPaymentEntry/txt_AL2'

24-10-2024T07:35:40 - [MESSAGE][PASSED] - Text '22201' is set on object 'Object Repository/IWP30/Page_ACHPersonalPaymentEntry/txt_ZIP'

24-10-2024T07:35:40 - [MESSAGE][PASSED] - Object 'Object Repository/IWP30/Page_ACHPersonalPaymentEntry/txt_Email' is present

24-10-2024T07:35:41 - [MESSAGE][PASSED] - Text 'iahmed@govolution.com' is set on object 'Object Repository/IWP30/Page_ACHPersonalPaymentEntry/txt_Email'

24-10-2024T07:35:42 - [MESSAGE][PASSED] - Object 'Object Repository/IWP30/Page_ACHPersonalPaymentEntry/cb_TermsAndCond' is present

24-10-2024T07:35:42 - [MESSAGE][PASSED] - Object: 'Object Repository/IWP30/Page_ACHPersonalPaymentEntry/cb_TermsAndCond' is clicked on

24-10-2024T07:35:42 - [MESSAGE][PASSED] - Object 'Object Repository/IWP30/Page_ACHPersonalPaymentEntry/btn_Continue' is present

24-10-2024T07:35:43 - [MESSAGE][PASSED] - Object: 'Object Repository/IWP30/Page_ACHPersonalPaymentEntry/btn_Continue' is clicked on

24-10-2024T07:35:43 - [MESSAGE][PASSED] - iwpPages.achPersonalPaymentEntryPage.setDataACHPPM is PASSED

24-10-2024T07:35:43 - [TEST_STEP][PASSED] - click(findTestObject("Object Repository/IWP30/Page_Confirmation/ConfirmButton")): Object: 'Object Repository/IWP30/Page_Confirmation/ConfirmButton' is clicked on

24-10-2024T07:36:14 - [MESSAGE][INFO] - Unable to find the element located by 'By.xpath: //*[@type = 'submit' and @name = 'confirmNotifyAction' and @id = 'submitYes' and @value = 'Confirm']'. Please recheck the objects properties to make sure the desired element is located. 

24-10-2024T07:36:14 - [MESSAGE][WARNING] - [SELF-HEALING] Failed to find element with id 'Object Repository/IWP30/Page_Confirmation/ConfirmButton'. Try using Self-healing.

24-10-2024T07:36:15 - [MESSAGE][WARNING] - [SELF-HEALING] The current locator of test object 'Object Repository/IWP30/Page_Confirmation/ConfirmButton' was broken. Propose an alternative one: '//div/input'.

24-10-2024T07:36:16 - [MESSAGE][PASSED] - Object: 'Object Repository/IWP30/Page_Confirmation/ConfirmButton' is clicked on

24-10-2024T07:36:16 - [TEST_STEP][PASSED] - Thread.sleep(2000): null

24-10-2024T07:36:18 - [TEST_STEP][PASSED] - if (verifyTextPresent("Deferred", false)): null

24-10-2024T07:36:19 - [MESSAGE][PASSED] - Text 'Deferred' is present on page 

24-10-2024T07:36:19 - [TEST_STEP][PASSED] - if (verifyTextPresent("Your payment plan has been successfully created", false)): null

24-10-2024T07:36:19 - [MESSAGE][PASSED] - Text 'Your payment plan has been successfully created' is present on page 

24-10-2024T07:36:19 - [TEST_STEP][PASSED] - isRequiredTextPresent = true: null

24-10-2024T07:36:19 - [TEST_STEP][PASSED] - println(isRequiredTextPresent): null

24-10-2024T07:36:19 - [TEST_STEP][PASSED] - if (isRequiredTextPresent): null

24-10-2024T07:36:19 - [TEST_STEP][PASSED] - if (verifyTextPresent("CAN Label:", false)): null

24-10-2024T07:36:19 - [MESSAGE][PASSED] - Text 'CAN Label:' is present on page 

24-10-2024T07:36:19 - [TEST_STEP][PASSED] - isRequiredTextPresent = true: null

24-10-2024T07:36:19 - [TEST_STEP][PASSED] - println(isRequiredTextPresent): null

24-10-2024T07:36:19 - [TEST_STEP][PASSED] - if (isRequiredTextPresent): null

24-10-2024T07:36:19 - [TEST_STEP][PASSED] - if (verifyTextPresent("Remittance ID:", false)): null

24-10-2024T07:36:19 - [MESSAGE][PASSED] - Text 'Remittance ID:' is present on page 

24-10-2024T07:36:19 - [TEST_STEP][PASSED] - isRequiredTextPresent = true: null

24-10-2024T07:36:19 - [TEST_STEP][PASSED] - println(isRequiredTextPresent): null

24-10-2024T07:36:19 - [TEST_STEP][PASSED] - if (isRequiredTextPresent): null

24-10-2024T07:36:19 - [TEST_STEP][PASSED] - if (verifyTextPresent("UDF2 Label:", false)): null

24-10-2024T07:36:20 - [MESSAGE][PASSED] - Text 'UDF2 Label:' is present on page 

24-10-2024T07:36:20 - [TEST_STEP][PASSED] - isRequiredTextPresent = true: null

24-10-2024T07:36:20 - [TEST_STEP][PASSED] - println(isRequiredTextPresent): null

24-10-2024T07:36:20 - [TEST_STEP][PASSED] - if (isRequiredTextPresent): null

24-10-2024T07:36:20 - [TEST_STEP][PASSED] - if (verifyTextPresent("UDF3 Label:", false)): null

24-10-2024T07:36:20 - [MESSAGE][PASSED] - Text 'UDF3 Label:' is present on page 

24-10-2024T07:36:20 - [TEST_STEP][PASSED] - isRequiredTextPresent = true: null

24-10-2024T07:36:20 - [TEST_STEP][PASSED] - println(isRequiredTextPresent): null

24-10-2024T07:36:20 - [TEST_STEP][PASSED] - if (isRequiredTextPresent): null

24-10-2024T07:36:20 - [TEST_STEP][PASSED] - if (verifyTextPresent("UDF4 Label:", false)): null

24-10-2024T07:36:20 - [MESSAGE][PASSED] - Text 'UDF4 Label:' is present on page 

24-10-2024T07:36:20 - [TEST_STEP][PASSED] - isRequiredTextPresent = true: null

24-10-2024T07:36:20 - [TEST_STEP][PASSED] - println(isRequiredTextPresent): null

24-10-2024T07:36:20 - [TEST_STEP][PASSED] - if (isRequiredTextPresent): null

24-10-2024T07:36:20 - [TEST_STEP][PASSED] - if (verifyTextPresent("UDF7 Label:", false)): null

24-10-2024T07:36:21 - [MESSAGE][PASSED] - Text 'UDF7 Label:' is present on page 

24-10-2024T07:36:21 - [TEST_STEP][PASSED] - isRequiredTextPresent = true: null

24-10-2024T07:36:21 - [TEST_STEP][PASSED] - println(isRequiredTextPresent): null

24-10-2024T07:36:21 - [TEST_STEP][PASSED] - if (isRequiredTextPresent): null

24-10-2024T07:36:21 - [TEST_STEP][PASSED] - if (verifyTextPresent("UDF8 Label:", false)): null

24-10-2024T07:36:21 - [MESSAGE][PASSED] - Text 'UDF8 Label:' is present on page 

24-10-2024T07:36:21 - [TEST_STEP][PASSED] - isRequiredTextPresent = true: null

24-10-2024T07:36:21 - [TEST_STEP][PASSED] - println(isRequiredTextPresent): null

24-10-2024T07:36:21 - [TEST_STEP][PASSED] - if (isRequiredTextPresent): null

24-10-2024T07:36:21 - [TEST_STEP][PASSED] - if (verifyTextPresent("UDF9 Label:", false)): null

24-10-2024T07:36:21 - [MESSAGE][PASSED] - Text 'UDF9 Label:' is present on page 

24-10-2024T07:36:21 - [TEST_STEP][PASSED] - isRequiredTextPresent = true: null

24-10-2024T07:36:21 - [TEST_STEP][PASSED] - println(isRequiredTextPresent): null

24-10-2024T07:36:21 - [TEST_STEP][PASSED] - if (isRequiredTextPresent): null

24-10-2024T07:36:21 - [TEST_STEP][PASSED] - if (verifyTextPresent("Transaction Type:", false)): null

24-10-2024T07:36:21 - [MESSAGE][PASSED] - Text 'Transaction Type:' is present on page 

24-10-2024T07:36:21 - [TEST_STEP][PASSED] - isRequiredTextPresent = true: null

24-10-2024T07:36:21 - [TEST_STEP][PASSED] - println(isRequiredTextPresent): null

24-10-2024T07:36:21 - [TEST_STEP][PASSED] - if (isRequiredTextPresent): null

24-10-2024T07:36:21 - [TEST_STEP][PASSED] - if (verifyTextPresent("Amount:", false)): null

24-10-2024T07:36:22 - [MESSAGE][PASSED] - Text 'Amount:' is present on page 

24-10-2024T07:36:22 - [TEST_STEP][PASSED] - isRequiredTextPresent = true: null

24-10-2024T07:36:22 - [TEST_STEP][PASSED] - println(isRequiredTextPresent): null

24-10-2024T07:36:22 - [TEST_STEP][PASSED] - if (isRequiredTextPresent): null

24-10-2024T07:36:22 - [TEST_STEP][PASSED] - if (verifyTextPresent("Check Information:", false)): null

24-10-2024T07:36:22 - [MESSAGE][PASSED] - Text 'Check Information:' is present on page 

24-10-2024T07:36:22 - [TEST_STEP][PASSED] - isRequiredTextPresent = true: null

24-10-2024T07:36:22 - [TEST_STEP][PASSED] - println(isRequiredTextPresent): null

24-10-2024T07:36:22 - [TEST_STEP][PASSED] - if (isRequiredTextPresent): null

24-10-2024T07:36:22 - [TEST_STEP][PASSED] - if (verifyTextPresent("Account Type:", false)): null

24-10-2024T07:36:22 - [MESSAGE][PASSED] - Text 'Account Type:' is present on page 

24-10-2024T07:36:22 - [TEST_STEP][PASSED] - isRequiredTextPresent = true: null

24-10-2024T07:36:22 - [TEST_STEP][PASSED] - println(isRequiredTextPresent): null

24-10-2024T07:36:22 - [TEST_STEP][PASSED] - if (isRequiredTextPresent): null

24-10-2024T07:36:22 - [TEST_STEP][PASSED] - if (verifyTextPresent("Account Number:", false)): null

24-10-2024T07:36:22 - [MESSAGE][PASSED] - Text 'Account Number:' is present on page 

24-10-2024T07:36:22 - [TEST_STEP][PASSED] - isRequiredTextPresent = true: null

24-10-2024T07:36:22 - [TEST_STEP][PASSED] - println(isRequiredTextPresent): null

24-10-2024T07:36:22 - [TEST_STEP][PASSED] - if (isRequiredTextPresent): null

24-10-2024T07:36:22 - [TEST_STEP][PASSED] - if (verifyTextPresent("Routing Number:", false)): null

24-10-2024T07:36:23 - [MESSAGE][PASSED] - Text 'Routing Number:' is present on page 

24-10-2024T07:36:23 - [TEST_STEP][PASSED] - isRequiredTextPresent = true: null

24-10-2024T07:36:23 - [TEST_STEP][PASSED] - println(isRequiredTextPresent): null

24-10-2024T07:36:23 - [TEST_STEP][PASSED] - if (isRequiredTextPresent): null

24-10-2024T07:36:23 - [TEST_STEP][PASSED] - if (verifyTextPresent("Name of Account:", false)): null

24-10-2024T07:36:23 - [MESSAGE][PASSED] - Text 'Name of Account:' is present on page 

24-10-2024T07:36:23 - [TEST_STEP][PASSED] - isRequiredTextPresent = true: null

24-10-2024T07:36:23 - [TEST_STEP][PASSED] - println(isRequiredTextPresent): null

24-10-2024T07:36:23 - [TEST_STEP][PASSED] - if (isRequiredTextPresent): null

24-10-2024T07:36:23 - [TEST_STEP][PASSED] - if (verifyTextPresent("Billing Information:", false)): null

24-10-2024T07:36:23 - [MESSAGE][PASSED] - Text 'Billing Information:' is present on page 

24-10-2024T07:36:23 - [TEST_STEP][PASSED] - isRequiredTextPresent = true: null

24-10-2024T07:36:23 - [TEST_STEP][PASSED] - println(isRequiredTextPresent): null

24-10-2024T07:36:23 - [TEST_STEP][PASSED] - if (isRequiredTextPresent): null

24-10-2024T07:36:23 - [TEST_STEP][PASSED] - if (verifyTextPresent("Address Line 1:", false)): null

24-10-2024T07:36:24 - [MESSAGE][PASSED] - Text 'Address Line 1:' is present on page 

24-10-2024T07:36:24 - [TEST_STEP][PASSED] - isRequiredTextPresent = true: null

24-10-2024T07:36:24 - [TEST_STEP][PASSED] - println(isRequiredTextPresent): null

24-10-2024T07:36:24 - [TEST_STEP][PASSED] - if (isRequiredTextPresent): null

24-10-2024T07:36:24 - [TEST_STEP][PASSED] - if (verifyTextPresent("Address Line 2:", false)): null

24-10-2024T07:36:24 - [MESSAGE][PASSED] - Text 'Address Line 2:' is present on page 

24-10-2024T07:36:24 - [TEST_STEP][PASSED] - isRequiredTextPresent = true: null

24-10-2024T07:36:24 - [TEST_STEP][PASSED] - println(isRequiredTextPresent): null

24-10-2024T07:36:24 - [TEST_STEP][PASSED] - if (isRequiredTextPresent): null

24-10-2024T07:36:24 - [TEST_STEP][PASSED] - if (verifyTextPresent("Country:", false)): null

24-10-2024T07:36:24 - [MESSAGE][PASSED] - Text 'Country:' is present on page 

24-10-2024T07:36:24 - [TEST_STEP][PASSED] - isRequiredTextPresent = true: null

24-10-2024T07:36:24 - [TEST_STEP][PASSED] - println(isRequiredTextPresent): null

24-10-2024T07:36:24 - [TEST_STEP][PASSED] - if (isRequiredTextPresent): null

24-10-2024T07:36:24 - [TEST_STEP][PASSED] - if (verifyTextPresent("City:", false)): null

24-10-2024T07:36:24 - [MESSAGE][PASSED] - Text 'City:' is present on page 

24-10-2024T07:36:24 - [TEST_STEP][PASSED] - isRequiredTextPresent = true: null

24-10-2024T07:36:24 - [TEST_STEP][PASSED] - println(isRequiredTextPresent): null

24-10-2024T07:36:24 - [TEST_STEP][PASSED] - if (isRequiredTextPresent): null

24-10-2024T07:36:24 - [TEST_STEP][PASSED] - if (verifyTextPresent("State:", false)): null

24-10-2024T07:36:25 - [MESSAGE][PASSED] - Text 'State:' is present on page 

24-10-2024T07:36:25 - [TEST_STEP][PASSED] - isRequiredTextPresent = true: null

24-10-2024T07:36:25 - [TEST_STEP][PASSED] - println(isRequiredTextPresent): null

24-10-2024T07:36:25 - [TEST_STEP][PASSED] - if (isRequiredTextPresent): null

24-10-2024T07:36:25 - [TEST_STEP][PASSED] - if (verifyTextPresent("Zip Code:", false)): null

24-10-2024T07:36:25 - [MESSAGE][PASSED] - Text 'Zip Code:' is present on page 

24-10-2024T07:36:25 - [TEST_STEP][PASSED] - isRequiredTextPresent = true: null

24-10-2024T07:36:25 - [TEST_STEP][PASSED] - println(isRequiredTextPresent): null

24-10-2024T07:36:25 - [TEST_STEP][PASSED] - if (isRequiredTextPresent): null

24-10-2024T07:36:25 - [TEST_STEP][PASSED] - if (verifyTextPresent("Plan Information:", false)): null

24-10-2024T07:36:25 - [MESSAGE][PASSED] - Text 'Plan Information:' is present on page 

24-10-2024T07:36:25 - [TEST_STEP][PASSED] - isRequiredTextPresent = true: null

24-10-2024T07:36:25 - [TEST_STEP][PASSED] - println(isRequiredTextPresent): null

24-10-2024T07:36:25 - [TEST_STEP][PASSED] - if (isRequiredTextPresent): null

24-10-2024T07:36:25 - [TEST_STEP][PASSED] - if (verifyTextPresent("Payment Plan Type:", false)): null

24-10-2024T07:36:25 - [MESSAGE][PASSED] - Text 'Payment Plan Type:' is present on page 

24-10-2024T07:36:25 - [TEST_STEP][PASSED] - isRequiredTextPresent = true: null

24-10-2024T07:36:25 - [TEST_STEP][PASSED] - println(isRequiredTextPresent): null

24-10-2024T07:36:25 - [TEST_STEP][PASSED] - if (isRequiredTextPresent): null

24-10-2024T07:36:25 - [TEST_STEP][PASSED] - if (verifyTextPresent("Payment Plan ID:", false)): null

24-10-2024T07:36:26 - [MESSAGE][PASSED] - Text 'Payment Plan ID:' is present on page 

24-10-2024T07:36:26 - [TEST_STEP][PASSED] - isRequiredTextPresent = true: null

24-10-2024T07:36:26 - [TEST_STEP][PASSED] - println(isRequiredTextPresent): null

24-10-2024T07:36:26 - [TEST_STEP][PASSED] - if (isRequiredTextPresent): null

24-10-2024T07:36:26 - [TEST_STEP][PASSED] - if (verifyTextPresent("Payment Date:", false)): null

24-10-2024T07:36:26 - [MESSAGE][PASSED] - Text 'Payment Date:' is present on page 

24-10-2024T07:36:26 - [TEST_STEP][PASSED] - isRequiredTextPresent = true: null

24-10-2024T07:36:26 - [TEST_STEP][PASSED] - println(isRequiredTextPresent): null

24-10-2024T07:36:26 - [TEST_STEP][PASSED] - if (isRequiredTextPresent == true): pages.WriteExcel.demoKey is PASSED

24-10-2024T07:36:26 - [TEST_STEP][PASSED] - println("All the relevant texts are present on Receipt Page"): null

24-10-2024T07:36:26 - [TEST_STEP][PASSED] - markPassed("All the relevant texts are present on Receipt Page"): All the relevant texts are present on Receipt Page

24-10-2024T07:36:26 - [MESSAGE][PASSED] - All the relevant texts are present on Receipt Page

24-10-2024T07:36:26 - [TEST_STEP][PASSED] - resText = "Pass": null

24-10-2024T07:36:26 - [TEST_STEP][PASSED] - pages.WriteExcel.demoKey(resText, datText, resColumn, datCloumn, fileLoc, nameSheet, row): pages.WriteExcel.demoKey is PASSED

24-10-2024T07:36:26 - [MESSAGE][PASSED] - pages.WriteExcel.demoKey is PASSED

24-10-2024T07:36:26 - [TEST_STEP][PASSED] - closeBrowser(): Browser is closed

24-10-2024T07:36:27 - [MESSAGE][PASSED] - Browser is closed]]></system-out>
         <system-err><![CDATA[]]></system-err>
      </testcase>
      <testcase name="Test Cases/IntegratedWeb/IWP25/Payments/VerifyEditReceiptLabelsDeferredCC" time="286.539" classname="Test Cases/IntegratedWeb/IWP25/Payments/VerifyEditReceiptLabelsDeferredCC" status="FAILED">
         <failure type="FAILED" message="Test Cases/IntegratedWeb/IWP25/Payments/VerifyEditReceiptLabelsDeferredCC FAILED.&#xa;Reason:&#xa;com.kms.katalon.core.exception.StepFailedException: Cannot find window with title: 'View Scheduled Payments' (Root cause: com.kms.katalon.core.exception.StepFailedException: Cannot find window with title: 'View Scheduled Payments'&#xa;	at com.kms.katalon.core.webui.keyword.internal.WebUIKeywordMain.stepFailed(WebUIKeywordMain.groovy:64)&#xa;	at com.kms.katalon.core.webui.keyword.builtin.SwitchToWindowTitleKeyword$_switchToWindowTitle_closure1.doCall(SwitchToWindowTitleKeyword.groovy:82)&#xa;	at com.kms.katalon.core.webui.keyword.builtin.SwitchToWindowTitleKeyword$_switchToWindowTitle_closure1.call(SwitchToWindowTitleKeyword.groovy)&#xa;	at com.kms.katalon.core.webui.keyword.internal.WebUIKeywordMain.runKeyword(WebUIKeywordMain.groovy:20)&#xa;	at com.kms.katalon.core.webui.keyword.builtin.SwitchToWindowTitleKeyword.switchToWindowTitle(SwitchToWindowTitleKeyword.groovy:84)&#xa;	at com.kms.katalon.core.webui.keyword.builtin.SwitchToWindowTitleKeyword.execute(SwitchToWindowTitleKeyword.groovy:67)&#xa;	at com.kms.katalon.core.keyword.internal.KeywordExecutor.executeKeywordForPlatform(KeywordExecutor.groovy:74)&#xa;	at com.kms.katalon.core.webui.keyword.WebUiBuiltInKeywords.switchToWindowTitle(WebUiBuiltInKeywords.groovy:1822)&#xa;	at VerifyEditReceiptLabelsDeferredCC.run(VerifyEditReceiptLabelsDeferredCC:97)&#xa;	at com.kms.katalon.core.main.ScriptEngine.run(ScriptEngine.java:194)&#xa;	at com.kms.katalon.core.main.ScriptEngine.runScriptAsRawText(ScriptEngine.java:119)&#xa;	at com.kms.katalon.core.main.TestCaseExecutor.runScript(TestCaseExecutor.java:448)&#xa;	at com.kms.katalon.core.main.TestCaseExecutor.doExecute(TestCaseExecutor.java:439)&#xa;	at com.kms.katalon.core.main.TestCaseExecutor.processExecutionPhase(TestCaseExecutor.java:418)&#xa;	at com.kms.katalon.core.main.TestCaseExecutor.accessMainPhase(TestCaseExecutor.java:410)&#xa;	at com.kms.katalon.core.main.TestCaseExecutor.execute(TestCaseExecutor.java:285)&#xa;	at com.kms.katalon.core.common.CommonExecutor.accessTestCaseMainPhase(CommonExecutor.java:65)&#xa;	at com.kms.katalon.core.main.TestSuiteExecutor.accessTestSuiteMainPhase(TestSuiteExecutor.java:150)&#xa;	at com.kms.katalon.core.main.TestSuiteExecutor.execute(TestSuiteExecutor.java:106)&#xa;	at com.kms.katalon.core.main.TestCaseMain.startTestSuite(TestCaseMain.java:180)&#xa;	at TempTestSuite1729731001385.run(TempTestSuite1729731001385.groovy:35)&#xa;	at java.base/jdk.internal.reflect.NativeMethodAccessorImpl.invoke0(Native Method)&#xa;	at java.base/jdk.internal.reflect.NativeMethodAccessorImpl.invoke(NativeMethodAccessorImpl.java:77)&#xa;	at java.base/jdk.internal.reflect.DelegatingMethodAccessorImpl.invoke(DelegatingMethodAccessorImpl.java:43)&#xa;)&#xa;	at com.kms.katalon.core.keyword.internal.KeywordMain.stepFailed(KeywordMain.groovy:39)&#xa;	at com.kms.katalon.core.webui.keyword.internal.WebUIKeywordMain.stepFailed(WebUIKeywordMain.groovy:64)&#xa;	at com.kms.katalon.core.webui.keyword.builtin.SwitchToWindowTitleKeyword$_switchToWindowTitle_closure1.doCall(SwitchToWindowTitleKeyword.groovy:82)&#xa;	at com.kms.katalon.core.webui.keyword.builtin.SwitchToWindowTitleKeyword$_switchToWindowTitle_closure1.call(SwitchToWindowTitleKeyword.groovy)&#xa;	at com.kms.katalon.core.webui.keyword.internal.WebUIKeywordMain.runKeyword(WebUIKeywordMain.groovy:20)&#xa;	at com.kms.katalon.core.webui.keyword.builtin.SwitchToWindowTitleKeyword.switchToWindowTitle(SwitchToWindowTitleKeyword.groovy:84)&#xa;	at com.kms.katalon.core.webui.keyword.builtin.SwitchToWindowTitleKeyword.execute(SwitchToWindowTitleKeyword.groovy:67)&#xa;	at com.kms.katalon.core.keyword.internal.KeywordExecutor.executeKeywordForPlatform(KeywordExecutor.groovy:74)&#xa;	at com.kms.katalon.core.webui.keyword.WebUiBuiltInKeywords.switchToWindowTitle(WebUiBuiltInKeywords.groovy:1822)&#xa;	at VerifyEditReceiptLabelsDeferredCC.run(VerifyEditReceiptLabelsDeferredCC:97)&#xa;	at com.kms.katalon.core.main.ScriptEngine.run(ScriptEngine.java:194)&#xa;	at com.kms.katalon.core.main.ScriptEngine.runScriptAsRawText(ScriptEngine.java:119)&#xa;	at com.kms.katalon.core.main.TestCaseExecutor.runScript(TestCaseExecutor.java:448)&#xa;	at com.kms.katalon.core.main.TestCaseExecutor.doExecute(TestCaseExecutor.java:439)&#xa;	at com.kms.katalon.core.main.TestCaseExecutor.processExecutionPhase(TestCaseExecutor.java:418)&#xa;	at com.kms.katalon.core.main.TestCaseExecutor.accessMainPhase(TestCaseExecutor.java:410)&#xa;	at com.kms.katalon.core.main.TestCaseExecutor.execute(TestCaseExecutor.java:285)&#xa;	at com.kms.katalon.core.common.CommonExecutor.accessTestCaseMainPhase(CommonExecutor.java:65)&#xa;	at com.kms.katalon.core.main.TestSuiteExecutor.accessTestSuiteMainPhase(TestSuiteExecutor.java:150)&#xa;	at com.kms.katalon.core.main.TestSuiteExecutor.execute(TestSuiteExecutor.java:106)&#xa;	at com.kms.katalon.core.main.TestCaseMain.startTestSuite(TestCaseMain.java:180)&#xa;	at TempTestSuite1729731001385.run(TempTestSuite1729731001385.groovy:35)&#xa;	at java.base/jdk.internal.reflect.NativeMethodAccessorImpl.invoke0(Native Method)&#xa;	at java.base/jdk.internal.reflect.NativeMethodAccessorImpl.invoke(NativeMethodAccessorImpl.java:77)&#xa;	at java.base/jdk.internal.reflect.DelegatingMethodAccessorImpl.invoke(DelegatingMethodAccessorImpl.java:43)&#xa;Caused by: com.kms.katalon.core.exception.StepFailedException: Cannot find window with title: 'View Scheduled Payments'&#xa;	... 24 more&#xa;"/>
         <system-out><![CDATA[24-10-2024T07:36:27 - [TEST_CASE][FAILED] - Test Cases/IntegratedWeb/IWP25/Payments/VerifyEditReceiptLabelsDeferredCC: Test Cases/IntegratedWeb/IWP25/Payments/VerifyEditReceiptLabelsDeferredCC FAILED.
Reason:
com.kms.katalon.core.exception.StepFailedException: Cannot find window with title: 'View Scheduled Payments' (Root cause: com.kms.katalon.core.exception.StepFailedException: Cannot find window with title: 'View Scheduled Payments'
	at com.kms.katalon.core.webui.keyword.internal.WebUIKeywordMain.stepFailed(WebUIKeywordMain.groovy:64)
	at com.kms.katalon.core.webui.keyword.builtin.SwitchToWindowTitleKeyword$_switchToWindowTitle_closure1.doCall(SwitchToWindowTitleKeyword.groovy:82)
	at com.kms.katalon.core.webui.keyword.builtin.SwitchToWindowTitleKeyword$_switchToWindowTitle_closure1.call(SwitchToWindowTitleKeyword.groovy)
	at com.kms.katalon.core.webui.keyword.internal.WebUIKeywordMain.runKeyword(WebUIKeywordMain.groovy:20)
	at com.kms.katalon.core.webui.keyword.builtin.SwitchToWindowTitleKeyword.switchToWindowTitle(SwitchToWindowTitleKeyword.groovy:84)
	at com.kms.katalon.core.webui.keyword.builtin.SwitchToWindowTitleKeyword.execute(SwitchToWindowTitleKeyword.groovy:67)
	at com.kms.katalon.core.keyword.internal.KeywordExecutor.executeKeywordForPlatform(KeywordExecutor.groovy:74)
	at com.kms.katalon.core.webui.keyword.WebUiBuiltInKeywords.switchToWindowTitle(WebUiBuiltInKeywords.groovy:1822)
	at VerifyEditReceiptLabelsDeferredCC.run(VerifyEditReceiptLabelsDeferredCC:97)
	at com.kms.katalon.core.main.ScriptEngine.run(ScriptEngine.java:194)
	at com.kms.katalon.core.main.ScriptEngine.runScriptAsRawText(ScriptEngine.java:119)
	at com.kms.katalon.core.main.TestCaseExecutor.runScript(TestCaseExecutor.java:448)
	at com.kms.katalon.core.main.TestCaseExecutor.doExecute(TestCaseExecutor.java:439)
	at com.kms.katalon.core.main.TestCaseExecutor.processExecutionPhase(TestCaseExecutor.java:418)
	at com.kms.katalon.core.main.TestCaseExecutor.accessMainPhase(TestCaseExecutor.java:410)
	at com.kms.katalon.core.main.TestCaseExecutor.execute(TestCaseExecutor.java:285)
	at com.kms.katalon.core.common.CommonExecutor.accessTestCaseMainPhase(CommonExecutor.java:65)
	at com.kms.katalon.core.main.TestSuiteExecutor.accessTestSuiteMainPhase(TestSuiteExecutor.java:150)
	at com.kms.katalon.core.main.TestSuiteExecutor.execute(TestSuiteExecutor.java:106)
	at com.kms.katalon.core.main.TestCaseMain.startTestSuite(TestCaseMain.java:180)
	at TempTestSuite1729731001385.run(TempTestSuite1729731001385.groovy:35)
	at java.base/jdk.internal.reflect.NativeMethodAccessorImpl.invoke0(Native Method)
	at java.base/jdk.internal.reflect.NativeMethodAccessorImpl.invoke(NativeMethodAccessorImpl.java:77)
	at java.base/jdk.internal.reflect.DelegatingMethodAccessorImpl.invoke(DelegatingMethodAccessorImpl.java:43)
)
	at com.kms.katalon.core.keyword.internal.KeywordMain.stepFailed(KeywordMain.groovy:39)
	at com.kms.katalon.core.webui.keyword.internal.WebUIKeywordMain.stepFailed(WebUIKeywordMain.groovy:64)
	at com.kms.katalon.core.webui.keyword.builtin.SwitchToWindowTitleKeyword$_switchToWindowTitle_closure1.doCall(SwitchToWindowTitleKeyword.groovy:82)
	at com.kms.katalon.core.webui.keyword.builtin.SwitchToWindowTitleKeyword$_switchToWindowTitle_closure1.call(SwitchToWindowTitleKeyword.groovy)
	at com.kms.katalon.core.webui.keyword.internal.WebUIKeywordMain.runKeyword(WebUIKeywordMain.groovy:20)
	at com.kms.katalon.core.webui.keyword.builtin.SwitchToWindowTitleKeyword.switchToWindowTitle(SwitchToWindowTitleKeyword.groovy:84)
	at com.kms.katalon.core.webui.keyword.builtin.SwitchToWindowTitleKeyword.execute(SwitchToWindowTitleKeyword.groovy:67)
	at com.kms.katalon.core.keyword.internal.KeywordExecutor.executeKeywordForPlatform(KeywordExecutor.groovy:74)
	at com.kms.katalon.core.webui.keyword.WebUiBuiltInKeywords.switchToWindowTitle(WebUiBuiltInKeywords.groovy:1822)
	at VerifyEditReceiptLabelsDeferredCC.run(VerifyEditReceiptLabelsDeferredCC:97)
	at com.kms.katalon.core.main.ScriptEngine.run(ScriptEngine.java:194)
	at com.kms.katalon.core.main.ScriptEngine.runScriptAsRawText(ScriptEngine.java:119)
	at com.kms.katalon.core.main.TestCaseExecutor.runScript(TestCaseExecutor.java:448)
	at com.kms.katalon.core.main.TestCaseExecutor.doExecute(TestCaseExecutor.java:439)
	at com.kms.katalon.core.main.TestCaseExecutor.processExecutionPhase(TestCaseExecutor.java:418)
	at com.kms.katalon.core.main.TestCaseExecutor.accessMainPhase(TestCaseExecutor.java:410)
	at com.kms.katalon.core.main.TestCaseExecutor.execute(TestCaseExecutor.java:285)
	at com.kms.katalon.core.common.CommonExecutor.accessTestCaseMainPhase(CommonExecutor.java:65)
	at com.kms.katalon.core.main.TestSuiteExecutor.accessTestSuiteMainPhase(TestSuiteExecutor.java:150)
	at com.kms.katalon.core.main.TestSuiteExecutor.execute(TestSuiteExecutor.java:106)
	at com.kms.katalon.core.main.TestCaseMain.startTestSuite(TestCaseMain.java:180)
	at TempTestSuite1729731001385.run(TempTestSuite1729731001385.groovy:35)
	at java.base/jdk.internal.reflect.NativeMethodAccessorImpl.invoke0(Native Method)
	at java.base/jdk.internal.reflect.NativeMethodAccessorImpl.invoke(NativeMethodAccessorImpl.java:77)
	at java.base/jdk.internal.reflect.DelegatingMethodAccessorImpl.invoke(DelegatingMethodAccessorImpl.java:43)
Caused by: com.kms.katalon.core.exception.StepFailedException: Cannot find window with title: 'View Scheduled Payments'
	... 24 more


24-10-2024T07:36:27 - [TEST_STEP][PASSED] - resText = "Fail": null

24-10-2024T07:36:27 - [TEST_STEP][PASSED] - resColumn = "Result": null

24-10-2024T07:36:27 - [TEST_STEP][PASSED] - datCloumn = "Date": null

24-10-2024T07:36:27 - [TEST_STEP][PASSED] - fileLoc = "KatalonData/IWPTestData/VRelay25PaymentsExtension.xlsx": null

24-10-2024T07:36:27 - [TEST_STEP][PASSED] - numOfRows = <not implemented yet for class: org.codehaus.groovy.ast.expr.EmptyExpression>: null

24-10-2024T07:36:27 - [TEST_STEP][PASSED] - nameSheet = <not implemented yet for class: org.codehaus.groovy.ast.expr.EmptyExpression>: null

24-10-2024T07:36:27 - [TEST_STEP][PASSED] - dataFileEmulator = <not implemented yet for class: org.codehaus.groovy.ast.expr.EmptyExpression>: null

24-10-2024T07:36:27 - [TEST_STEP][PASSED] - isRequiredTextPresent = false: null

24-10-2024T07:36:27 - [TEST_STEP][PASSED] - nameSheet = "VerifyEditLabelDeferredCredit": null

24-10-2024T07:36:27 - [TEST_STEP][PASSED] - dataFile = getExcelDataWithDefaultSheet("KatalonData/IWPTestData/VRelay25PaymentsExtension.xlsx", nameSheet, true): null

24-10-2024T07:36:27 - [TEST_STEP][PASSED] - dataFileEmulator = "IWPTestData/EmulatorData": null

24-10-2024T07:36:27 - [TEST_STEP][PASSED] - numOfRows = dataFile.getRowNumbers(): null

24-10-2024T07:36:27 - [TEST_STEP][PASSED] - println("Number of Records: " + numOfRows): null

24-10-2024T07:36:27 - [TEST_STEP][PASSED] - columnNames = dataFile.getColumnNames(): null

24-10-2024T07:36:27 - [TEST_STEP][PASSED] - println(columnNames[0]): null

24-10-2024T07:36:27 - [TEST_STEP][PASSED] - for ([row = 1, row <= numOfRows, (row++)]): Browser is closed

24-10-2024T07:36:27 - [TEST_STEP][PASSED] - ExecuteTC = dataFile.getValue("Execute", row): null

24-10-2024T07:36:27 - [TEST_STEP][PASSED] - out.println("Value of Execute is : " + ExecuteTC): null

24-10-2024T07:36:27 - [TEST_STEP][PASSED] - if (ExecuteTC.equalsIgnoreCase("Y")): null

24-10-2024T07:36:27 - [TEST_STEP][PASSED] - out.println("Begin Record Number: " + row): null

24-10-2024T07:36:27 - [TEST_STEP][PASSED] - today = new java.util.Date(): null

24-10-2024T07:36:27 - [TEST_STEP][PASSED] - println(today): null

24-10-2024T07:36:27 - [TEST_STEP][PASSED] - datText = today: null

24-10-2024T07:36:27 - [TEST_STEP][PASSED] - EmulatorDataKey = dataFile.getValue("EmulatorData", row): null

24-10-2024T07:36:27 - [TEST_STEP][PASSED] - out.println("Value of Emulator Key is : " + EmulatorDataKey): null

24-10-2024T07:36:27 - [TEST_STEP][PASSED] - iwpPages.emulatorIWP30.setDataEmulator_DD(EmulatorDataKey): iwpPages.emulatorIWP30.setDataEmulator_DD is PASSED

24-10-2024T07:36:28 - [MESSAGE][INFO] - Starting 'Edge Chromium' driver

24-10-2024T07:36:28 - [MESSAGE][INFO] - User set preference: ['acceptInsecureCerts', 'true']

24-10-2024T07:36:30 - [MESSAGE][INFO] - Action delay is set to 0 milliseconds

24-10-2024T07:36:34 - [MESSAGE][PASSED] - Browser is opened with url: 'https://qa2.velocitypayment.com/agencyx/config.action?action=editor&message_version=2_5'

24-10-2024T07:36:34 - [MESSAGE][PASSED] - Current window maximized

24-10-2024T07:37:05 - [MESSAGE][INFO] - Unable to find the element located by 'By.xpath: //select[@name='message_version']'. Please recheck the objects properties to make sure the desired element is located. 

24-10-2024T07:37:05 - [MESSAGE][WARNING] - [SELF-HEALING] Failed to find element with id 'Object Repository/IWP30/Page_VRelay30Emulator/MV'. Try using Self-healing.

24-10-2024T07:37:05 - [MESSAGE][WARNING] - [SELF-HEALING] The current locator of test object 'Object Repository/IWP30/Page_VRelay30Emulator/MV' was broken. Propose an alternative one: '(.//*[normalize-space(text()) and normalize-space(.)='Message Version'])[1]/following::select[1]'.

24-10-2024T07:37:06 - [MESSAGE][PASSED] - All options with value '2.5' are selected in object 'Object Repository/IWP30/Page_VRelay30Emulator/MV'  using regular expression

24-10-2024T07:37:07 - [MESSAGE][PASSED] - Text '10.50' is set on object 'Object Repository/IWP30/Page_EmulatorAgencyX/Amount'

24-10-2024T07:37:07 - [MESSAGE][PASSED] - Text '1hO2dP3b4npC' is set on object 'Object Repository/IWP30/Page_EmulatorAgencyX/CAN'

24-10-2024T07:37:08 - [MESSAGE][PASSED] - Text 'PayNow' is set on object 'Object Repository/IWP30/Page_EmulatorAgencyX/Action'

24-10-2024T07:37:08 - [MESSAGE][PASSED] - Text 'en_US' is set on object 'Object Repository/IWP30/Page_EmulatorAgencyX/Lang'

24-10-2024T07:37:09 - [MESSAGE][PASSED] - Text '' is set on object 'Object Repository/IWP30/Page_EmulatorAgencyX/Fname'

24-10-2024T07:37:09 - [MESSAGE][PASSED] - Text '' is set on object 'Object Repository/IWP30/Page_EmulatorAgencyX/Lname'

24-10-2024T07:37:10 - [MESSAGE][PASSED] - Text '' is set on object 'Object Repository/IWP30/Page_EmulatorAgencyX/AL1'

24-10-2024T07:37:11 - [MESSAGE][PASSED] - Text '' is set on object 'Object Repository/IWP30/Page_EmulatorAgencyX/AL2'

24-10-2024T07:37:11 - [MESSAGE][PASSED] - Text '' is set on object 'Object Repository/IWP30/Page_EmulatorAgencyX/Country'

24-10-2024T07:37:12 - [MESSAGE][PASSED] - Text '' is set on object 'Object Repository/IWP30/Page_EmulatorAgencyX/City'

24-10-2024T07:37:12 - [MESSAGE][PASSED] - Text '' is set on object 'Object Repository/IWP30/Page_EmulatorAgencyX/State'

24-10-2024T07:37:13 - [MESSAGE][PASSED] - Text '' is set on object 'Object Repository/IWP30/Page_EmulatorAgencyX/ZIP'

24-10-2024T07:37:13 - [MESSAGE][PASSED] - Text '' is set on object 'Object Repository/IWP30/Page_EmulatorAgencyX/Order'

24-10-2024T07:37:14 - [MESSAGE][PASSED] - Text '' is set on object 'Object Repository/IWP30/Page_EmulatorAgencyX/Company'

24-10-2024T07:37:15 - [MESSAGE][PASSED] - Text '' is set on object 'Object Repository/IWP30/Page_EmulatorAgencyX/Email'

24-10-2024T07:37:15 - [MESSAGE][PASSED] - Text '' is set on object 'Object Repository/IWP30/Page_EmulatorAgencyX/UDF1'

24-10-2024T07:37:16 - [MESSAGE][PASSED] - Text '' is set on object 'Object Repository/IWP30/Page_EmulatorAgencyX/UDF2'

24-10-2024T07:37:16 - [MESSAGE][PASSED] - Text '' is set on object 'Object Repository/IWP30/Page_EmulatorAgencyX/UDF3'

24-10-2024T07:37:17 - [MESSAGE][PASSED] - Text 'udf data 4' is set on object 'Object Repository/IWP30/Page_EmulatorAgencyX/UDF4'

24-10-2024T07:37:18 - [MESSAGE][PASSED] - Text 'udf data 5' is set on object 'Object Repository/IWP30/Page_EmulatorAgencyX/UDF5'

24-10-2024T07:37:18 - [MESSAGE][PASSED] - Text '' is set on object 'Object Repository/IWP30/Page_EmulatorAgencyX/UDF6'

24-10-2024T07:37:19 - [MESSAGE][PASSED] - Text '' is set on object 'Object Repository/IWP30/Page_EmulatorAgencyX/UDF7'

24-10-2024T07:37:19 - [MESSAGE][PASSED] - Text '' is set on object 'Object Repository/IWP30/Page_EmulatorAgencyX/UDF8'

24-10-2024T07:37:20 - [MESSAGE][PASSED] - Text 'udf data 9' is set on object 'Object Repository/IWP30/Page_EmulatorAgencyX/UDF9'

24-10-2024T07:37:20 - [MESSAGE][PASSED] - Text 'udf data 10' is set on object 'Object Repository/IWP30/Page_EmulatorAgencyX/UDF10'

24-10-2024T07:37:22 - [MESSAGE][PASSED] - Object: 'Object Repository/IWP30/Page_EmulatorAgencyX/Submit' is clicked on

24-10-2024T07:37:26 - [MESSAGE][PASSED] - Browser is closed

24-10-2024T07:37:30 - [MESSAGE][PASSED] - iwpPages.emulatorIWP30.setDataEmulator_DD is PASSED

24-10-2024T07:37:30 - [TEST_STEP][PASSED] - testHarnessURL = urlTestHarness: null

24-10-2024T07:37:30 - [TEST_STEP][PASSED] - openBrowser(testHarnessURL): Browser is opened with url: 'https://dev-algorithm.govolution.com/vrelaytest/QA2/version_2_2/vrelaytest.html'

24-10-2024T07:37:30 - [MESSAGE][INFO] - Starting 'Edge Chromium' driver

24-10-2024T07:37:30 - [MESSAGE][INFO] - User set preference: ['acceptInsecureCerts', 'true']

24-10-2024T07:37:32 - [MESSAGE][INFO] - Action delay is set to 0 milliseconds

24-10-2024T07:37:36 - [MESSAGE][PASSED] - Browser is opened with url: 'https://dev-algorithm.govolution.com/vrelaytest/QA2/version_2_2/vrelaytest.html'

24-10-2024T07:37:36 - [TEST_STEP][PASSED] - maximizeWindow(): Current window maximized

24-10-2024T07:37:36 - [MESSAGE][PASSED] - Current window maximized

24-10-2024T07:37:36 - [TEST_STEP][PASSED] - iwpPages.TestHarnessPage.setDataMethodEF(row, dataFile): iwpPages.TestHarnessPage.setDataMethodEF is PASSED

24-10-2024T07:37:37 - [MESSAGE][PASSED] - Object 'Object Repository/IWP30/Page_QATestHarness/RemittanceID' is present

24-10-2024T07:37:37 - [MESSAGE][PASSED] - Text '638' is set on object 'Object Repository/IWP30/Page_QATestHarness/ApplicationID'

24-10-2024T07:37:38 - [MESSAGE][PASSED] - Text '2.5' is set on object 'Object Repository/IWP30/Page_QATestHarness/MessageVersion'

24-10-2024T07:37:39 - [MESSAGE][PASSED] - Text 'DbSyRJfIc5iB' is set on object 'Object Repository/IWP30/Page_QATestHarness/RemittanceID'

24-10-2024T07:37:42 - [MESSAGE][PASSED] - Object: 'Object Repository/IWP30/Page_QATestHarness/SubmitButton' is clicked on

24-10-2024T07:37:42 - [MESSAGE][PASSED] - iwpPages.TestHarnessPage.setDataMethodEF is PASSED

24-10-2024T07:37:42 - [TEST_STEP][PASSED] - click(findTestObject("Object Repository/IWP30/Page_SelectPaymentMethod/PayByCreditCard")): Object: 'Object Repository/IWP30/Page_SelectPaymentMethod/PayByCreditCard' is clicked on

24-10-2024T07:37:43 - [MESSAGE][PASSED] - Object: 'Object Repository/IWP30/Page_SelectPaymentMethod/PayByCreditCard' is clicked on

24-10-2024T07:37:43 - [TEST_STEP][PASSED] - click(findTestObject("Object Repository/IWP30/Page_SelectPaymentMethod/MakePaymentButton")): Object: 'Object Repository/IWP30/Page_SelectPaymentMethod/MakePaymentButton' is clicked on

24-10-2024T07:37:46 - [MESSAGE][PASSED] - Object: 'Object Repository/IWP30/Page_SelectPaymentMethod/MakePaymentButton' is clicked on

24-10-2024T07:37:46 - [TEST_STEP][PASSED] - iwpPages.ccPaymentEntryPage.setDataCCPM(row, dataFile): iwpPages.ccPaymentEntryPage.setDataCCPM is PASSED

24-10-2024T07:37:46 - [MESSAGE][PASSED] - Object 'Object Repository/IWP30/Page_CCPaymentEntry/Name' is present

24-10-2024T07:37:47 - [MESSAGE][PASSED] - Text '10.50' is set on object 'Object Repository/IWP30/Page_CCPaymentEntry/Amount'

24-10-2024T07:37:47 - [MESSAGE][PASSED] - Text 'udf data 2' is set on object 'Object Repository/IWP30/Page_CCPaymentEntry/UserDefined2'

24-10-2024T07:37:48 - [MESSAGE][PASSED] - Text 'udf data 3' is set on object 'Object Repository/IWP30/Page_CCPaymentEntry/UserDefined3'

24-10-2024T07:37:49 - [MESSAGE][PASSED] - All options with label 'Orange' are selected in object 'Object Repository/IWP30/Page_CCPaymentEntry/UserDefined7' 

24-10-2024T07:37:49 - [MESSAGE][PASSED] - All options with label 'Soccer' are selected in object 'Object Repository/IWP30/Page_CCPaymentEntry/UserDefined8' 

24-10-2024T07:37:49 - [MESSAGE][PASSED] - Object 'Object Repository/IWP30/Page_CCPaymentEntry/Name' is present

24-10-2024T07:37:50 - [MESSAGE][PASSED] - Text 'Kavita Ranawati' is set on object 'Object Repository/IWP30/Page_CCPaymentEntry/Name'

24-10-2024T07:37:50 - [MESSAGE][PASSED] - Object 'Object Repository/IWP30/Page_CCPaymentEntry/CardNumber' is present

24-10-2024T07:37:51 - [MESSAGE][PASSED] - Text '4111111111111111' is set on object 'Object Repository/IWP30/Page_CCPaymentEntry/CardNumber'

24-10-2024T07:37:51 - [MESSAGE][PASSED] - Text '123' is set on object 'Object Repository/IWP30/Page_CCPaymentEntry/SPC'

24-10-2024T07:37:52 - [MESSAGE][PASSED] - Object 'Object Repository/IWP30/Page_CCPaymentEntry/Month' is present

24-10-2024T07:37:53 - [MESSAGE][PASSED] - All options with label '01' are selected in object 'Object Repository/IWP30/Page_CCPaymentEntry/Month' 

24-10-2024T07:37:53 - [MESSAGE][PASSED] - Object 'Object Repository/IWP30/Page_CCPaymentEntry/Year' is present

24-10-2024T07:37:53 - [MESSAGE][PASSED] - All options with label '2028' are selected in object 'Object Repository/IWP30/Page_CCPaymentEntry/Year' 

24-10-2024T07:37:53 - [MESSAGE][PASSED] - Execute JavaScript '
				   document.getElementById('processDate').value = '08/09/2025'
				  ' successfully

24-10-2024T07:37:54 - [MESSAGE][PASSED] - Text '365 Main Avenue' is set on object 'Object Repository/IWP30/Page_CCPaymentEntry/AL1'

24-10-2024T07:37:55 - [MESSAGE][PASSED] - Text 'Ohio' is set on object 'Object Repository/IWP30/Page_CCPaymentEntry/AL2'

24-10-2024T07:37:55 - [MESSAGE][PASSED] - Text '22201' is set on object 'Object Repository/IWP30/Page_CCPaymentEntry/ZIP'

24-10-2024T07:37:56 - [MESSAGE][PASSED] - Object 'Object Repository/IWP30/Page_CCPaymentEntry/EmailAddress' is present

24-10-2024T07:37:57 - [MESSAGE][PASSED] - Text 'iahmed@govolution.com' is set on object 'Object Repository/IWP30/Page_CCPaymentEntry/EmailAddress'

24-10-2024T07:37:57 - [MESSAGE][PASSED] - Object 'Object Repository/IWP30/Page_CCPaymentEntry/TermCondCheckBox' is present

24-10-2024T07:37:58 - [MESSAGE][PASSED] - Object 'Object Repository/IWP30/Page_CCPaymentEntry/TermCondCheckBox' is checked

24-10-2024T07:37:58 - [MESSAGE][PASSED] - Object 'Object Repository/IWP30/Page_CCPaymentEntry/ContinueButton' is present

24-10-2024T07:38:00 - [MESSAGE][PASSED] - Object: 'Object Repository/IWP30/Page_CCPaymentEntry/ContinueButton' is clicked on

24-10-2024T07:38:00 - [MESSAGE][PASSED] - iwpPages.ccPaymentEntryPage.setDataCCPM is PASSED

24-10-2024T07:38:00 - [TEST_STEP][PASSED] - click(findTestObject("Object Repository/IWP30/Page_Confirmation/ConfirmButton")): Object: 'Object Repository/IWP30/Page_Confirmation/ConfirmButton' is clicked on

24-10-2024T07:38:02 - [MESSAGE][PASSED] - Object: 'Object Repository/IWP30/Page_Confirmation/ConfirmButton' is clicked on

24-10-2024T07:38:02 - [TEST_STEP][PASSED] - Thread.sleep(2000): null

24-10-2024T07:38:04 - [TEST_STEP][PASSED] - if (verifyTextPresent("Deferred", false)): null

24-10-2024T07:38:04 - [MESSAGE][PASSED] - Text 'Deferred' is present on page 

24-10-2024T07:38:04 - [TEST_STEP][PASSED] - click(findTestObject("Object Repository/IWP30/Page_Receipt/ViewScheduledPaymentsButton")): Object: 'Object Repository/IWP30/Page_Receipt/ViewScheduledPaymentsButton' is clicked on

24-10-2024T07:38:05 - [MESSAGE][PASSED] - Object: 'Object Repository/IWP30/Page_Receipt/ViewScheduledPaymentsButton' is clicked on

24-10-2024T07:38:05 - [TEST_STEP][PASSED] - switchToWindowTitle("View Scheduled Payments"): Switched to window with title: 'View Scheduled Payments'

24-10-2024T07:38:05 - [MESSAGE][PASSED] - Switched to window with title: 'View Scheduled Payments'

24-10-2024T07:38:05 - [TEST_STEP][PASSED] - Thread.sleep(5000): null

24-10-2024T07:38:10 - [TEST_STEP][PASSED] - if (verifyTextPresent("View Scheduled Payments", false)): null

24-10-2024T07:38:10 - [MESSAGE][PASSED] - Text 'View Scheduled Payments' is present on page 

24-10-2024T07:38:10 - [TEST_STEP][PASSED] - click(findTestObject("Object Repository/IWP30/Page_ScheduledPayments/edit_payment")): Object: 'Object Repository/IWP30/Page_ScheduledPayments/edit_payment' is clicked on

24-10-2024T07:38:14 - [MESSAGE][PASSED] - Object: 'Object Repository/IWP30/Page_ScheduledPayments/edit_payment' is clicked on

24-10-2024T07:38:14 - [TEST_STEP][PASSED] - iwpPages.editSchedulePayment.setDataSchedPaymentEF(row, dataFile): iwpPages.editSchedulePayment.setDataSchedPaymentEF is PASSED

24-10-2024T07:38:14 - [MESSAGE][PASSED] - Text 'Edit Payment Plan' is present on page 

24-10-2024T07:38:15 - [MESSAGE][PASSED] - All options with label 'Orange' are selected in object 'Object Repository/IWP30/Page_CCPaymentEntry/UserDefined7' 

24-10-2024T07:38:15 - [MESSAGE][PASSED] - All options with label 'Soccer' are selected in object 'Object Repository/IWP30/Page_CCPaymentEntry/UserDefined8' 

24-10-2024T07:38:16 - [MESSAGE][PASSED] - Text '123' is set on object 'Object Repository/IWP30/Page_CCPaymentEntry/SPC'

24-10-2024T07:38:16 - [MESSAGE][PASSED] - Execute JavaScript '
				   document.getElementById('processDate').value = '08/09/2045'
				  ' successfully

24-10-2024T07:38:16 - [MESSAGE][PASSED] - iwpPages.editSchedulePayment.setDataSchedPaymentEF is PASSED

24-10-2024T07:38:16 - [TEST_STEP][PASSED] - click(findTestObject("Object Repository/Page_EditSchedPayment/chkbox_acceptterms")): Object: 'Object Repository/Page_EditSchedPayment/chkbox_acceptterms' is clicked on

24-10-2024T07:38:16 - [MESSAGE][PASSED] - Object: 'Object Repository/Page_EditSchedPayment/chkbox_acceptterms' is clicked on

24-10-2024T07:38:16 - [TEST_STEP][PASSED] - click(findTestObject("Object Repository/Page_EditSchedPayment/btn_update")): Object: 'Object Repository/Page_EditSchedPayment/btn_update' is clicked on

24-10-2024T07:38:19 - [MESSAGE][PASSED] - Object: 'Object Repository/Page_EditSchedPayment/btn_update' is clicked on

24-10-2024T07:38:19 - [TEST_STEP][PASSED] - if (verifyTextPresent("Successful Payment Plan Update", false)): null

24-10-2024T07:38:19 - [MESSAGE][PASSED] - Text 'Successful Payment Plan Update' is present on page 

24-10-2024T07:38:19 - [TEST_STEP][PASSED] - isRequiredTextPresent = true: null

24-10-2024T07:38:19 - [TEST_STEP][PASSED] - println(isRequiredTextPresent): null

24-10-2024T07:38:19 - [TEST_STEP][PASSED] - if (isRequiredTextPresent): null

24-10-2024T07:38:19 - [TEST_STEP][PASSED] - if (verifyTextPresent("CAN Label:", false)): null

24-10-2024T07:38:20 - [MESSAGE][PASSED] - Text 'CAN Label:' is present on page 

24-10-2024T07:38:20 - [TEST_STEP][PASSED] - isRequiredTextPresent = true: null

24-10-2024T07:38:20 - [TEST_STEP][PASSED] - println(isRequiredTextPresent): null

24-10-2024T07:38:20 - [TEST_STEP][PASSED] - if (isRequiredTextPresent): null

24-10-2024T07:38:20 - [TEST_STEP][PASSED] - if (verifyTextPresent("Remittance ID:", false)): null

24-10-2024T07:38:20 - [MESSAGE][PASSED] - Text 'Remittance ID:' is present on page 

24-10-2024T07:38:20 - [TEST_STEP][PASSED] - isRequiredTextPresent = true: null

24-10-2024T07:38:20 - [TEST_STEP][PASSED] - println(isRequiredTextPresent): null

24-10-2024T07:38:20 - [TEST_STEP][PASSED] - if (isRequiredTextPresent): null

24-10-2024T07:38:20 - [TEST_STEP][PASSED] - if (verifyTextPresent("UDF2 Label:", false)): null

24-10-2024T07:38:20 - [MESSAGE][PASSED] - Text 'UDF2 Label:' is present on page 

24-10-2024T07:38:20 - [TEST_STEP][PASSED] - isRequiredTextPresent = true: null

24-10-2024T07:38:20 - [TEST_STEP][PASSED] - println(isRequiredTextPresent): null

24-10-2024T07:38:20 - [TEST_STEP][PASSED] - if (isRequiredTextPresent): null

24-10-2024T07:38:20 - [TEST_STEP][PASSED] - if (verifyTextPresent("UDF3 Label:", false)): null

24-10-2024T07:38:20 - [MESSAGE][PASSED] - Text 'UDF3 Label:' is present on page 

24-10-2024T07:38:20 - [TEST_STEP][PASSED] - isRequiredTextPresent = true: null

24-10-2024T07:38:20 - [TEST_STEP][PASSED] - println(isRequiredTextPresent): null

24-10-2024T07:38:20 - [TEST_STEP][PASSED] - if (isRequiredTextPresent): null

24-10-2024T07:38:20 - [TEST_STEP][PASSED] - if (verifyTextPresent("UDF4 Label:", false)): null

24-10-2024T07:38:21 - [MESSAGE][PASSED] - Text 'UDF4 Label:' is present on page 

24-10-2024T07:38:21 - [TEST_STEP][PASSED] - isRequiredTextPresent = true: null

24-10-2024T07:38:21 - [TEST_STEP][PASSED] - println(isRequiredTextPresent): null

24-10-2024T07:38:21 - [TEST_STEP][PASSED] - if (isRequiredTextPresent): null

24-10-2024T07:38:21 - [TEST_STEP][PASSED] - if (verifyTextPresent("UDF7 Label:", false)): null

24-10-2024T07:38:21 - [MESSAGE][PASSED] - Text 'UDF7 Label:' is present on page 

24-10-2024T07:38:21 - [TEST_STEP][PASSED] - isRequiredTextPresent = true: null

24-10-2024T07:38:21 - [TEST_STEP][PASSED] - println(isRequiredTextPresent): null

24-10-2024T07:38:21 - [TEST_STEP][PASSED] - if (isRequiredTextPresent): null

24-10-2024T07:38:21 - [TEST_STEP][PASSED] - if (verifyTextPresent("UDF8 Label:", false)): null

24-10-2024T07:38:21 - [MESSAGE][PASSED] - Text 'UDF8 Label:' is present on page 

24-10-2024T07:38:21 - [TEST_STEP][PASSED] - isRequiredTextPresent = true: null

24-10-2024T07:38:21 - [TEST_STEP][PASSED] - println(isRequiredTextPresent): null

24-10-2024T07:38:21 - [TEST_STEP][PASSED] - if (isRequiredTextPresent): null

24-10-2024T07:38:21 - [TEST_STEP][PASSED] - if (verifyTextPresent("UDF9 Label:", false)): null

24-10-2024T07:38:22 - [MESSAGE][PASSED] - Text 'UDF9 Label:' is present on page 

24-10-2024T07:38:22 - [TEST_STEP][PASSED] - isRequiredTextPresent = true: null

24-10-2024T07:38:22 - [TEST_STEP][PASSED] - println(isRequiredTextPresent): null

24-10-2024T07:38:22 - [TEST_STEP][PASSED] - if (isRequiredTextPresent): null

24-10-2024T07:38:22 - [TEST_STEP][PASSED] - if (verifyTextPresent("Transaction Type:", false)): null

24-10-2024T07:38:22 - [MESSAGE][PASSED] - Text 'Transaction Type:' is present on page 

24-10-2024T07:38:22 - [TEST_STEP][PASSED] - isRequiredTextPresent = true: null

24-10-2024T07:38:22 - [TEST_STEP][PASSED] - println(isRequiredTextPresent): null

24-10-2024T07:38:22 - [TEST_STEP][PASSED] - if (isRequiredTextPresent): null

24-10-2024T07:38:22 - [TEST_STEP][PASSED] - if (verifyTextPresent("Amount:", false)): null

24-10-2024T07:38:22 - [MESSAGE][PASSED] - Text 'Amount:' is present on page 

24-10-2024T07:38:22 - [TEST_STEP][PASSED] - isRequiredTextPresent = true: null

24-10-2024T07:38:22 - [TEST_STEP][PASSED] - println(isRequiredTextPresent): null

24-10-2024T07:38:22 - [TEST_STEP][PASSED] - if (isRequiredTextPresent): null

24-10-2024T07:38:22 - [TEST_STEP][PASSED] - if (verifyTextPresent("Card Information:", false)): null

24-10-2024T07:38:22 - [MESSAGE][PASSED] - Text 'Card Information:' is present on page 

24-10-2024T07:38:22 - [TEST_STEP][PASSED] - isRequiredTextPresent = true: null

24-10-2024T07:38:22 - [TEST_STEP][PASSED] - println(isRequiredTextPresent): null

24-10-2024T07:38:22 - [TEST_STEP][PASSED] - if (isRequiredTextPresent): null

24-10-2024T07:38:22 - [TEST_STEP][PASSED] - if (verifyTextPresent("Card Type:", false)): null

24-10-2024T07:38:23 - [MESSAGE][PASSED] - Text 'Card Type:' is present on page 

24-10-2024T07:38:23 - [TEST_STEP][PASSED] - isRequiredTextPresent = true: null

24-10-2024T07:38:23 - [TEST_STEP][PASSED] - println(isRequiredTextPresent): null

24-10-2024T07:38:23 - [TEST_STEP][PASSED] - if (isRequiredTextPresent): null

24-10-2024T07:38:23 - [TEST_STEP][PASSED] - if (verifyTextPresent("Name of Account:", false)): null

24-10-2024T07:38:23 - [MESSAGE][PASSED] - Text 'Name of Account:' is present on page 

24-10-2024T07:38:23 - [TEST_STEP][PASSED] - isRequiredTextPresent = true: null

24-10-2024T07:38:23 - [TEST_STEP][PASSED] - println(isRequiredTextPresent): null

24-10-2024T07:38:23 - [TEST_STEP][PASSED] - if (isRequiredTextPresent): null

24-10-2024T07:38:23 - [TEST_STEP][PASSED] - if (verifyTextPresent("Card Number:", false)): null

24-10-2024T07:38:23 - [MESSAGE][PASSED] - Text 'Card Number:' is present on page 

24-10-2024T07:38:23 - [TEST_STEP][PASSED] - isRequiredTextPresent = true: null

24-10-2024T07:38:23 - [TEST_STEP][PASSED] - println(isRequiredTextPresent): null

24-10-2024T07:38:23 - [TEST_STEP][PASSED] - if (isRequiredTextPresent): null

24-10-2024T07:38:23 - [TEST_STEP][PASSED] - if (verifyTextPresent("Expiration Date:", false)): null

24-10-2024T07:38:23 - [MESSAGE][PASSED] - Text 'Expiration Date:' is present on page 

24-10-2024T07:38:23 - [TEST_STEP][PASSED] - isRequiredTextPresent = true: null

24-10-2024T07:38:23 - [TEST_STEP][PASSED] - println(isRequiredTextPresent): null

24-10-2024T07:38:23 - [TEST_STEP][PASSED] - if (isRequiredTextPresent): null

24-10-2024T07:38:23 - [TEST_STEP][PASSED] - if (verifyTextPresent("Billing Information:", false)): null

24-10-2024T07:38:24 - [MESSAGE][PASSED] - Text 'Billing Information:' is present on page 

24-10-2024T07:38:24 - [TEST_STEP][PASSED] - isRequiredTextPresent = true: null

24-10-2024T07:38:24 - [TEST_STEP][PASSED] - println(isRequiredTextPresent): null

24-10-2024T07:38:24 - [TEST_STEP][PASSED] - if (isRequiredTextPresent): null

24-10-2024T07:38:24 - [TEST_STEP][PASSED] - if (verifyTextPresent("Address Line 1:", false)): null

24-10-2024T07:38:24 - [MESSAGE][PASSED] - Text 'Address Line 1:' is present on page 

24-10-2024T07:38:24 - [TEST_STEP][PASSED] - isRequiredTextPresent = true: null

24-10-2024T07:38:24 - [TEST_STEP][PASSED] - println(isRequiredTextPresent): null

24-10-2024T07:38:24 - [TEST_STEP][PASSED] - if (isRequiredTextPresent): null

24-10-2024T07:38:24 - [TEST_STEP][PASSED] - if (verifyTextPresent("Address Line 2:", false)): null

24-10-2024T07:38:24 - [MESSAGE][PASSED] - Text 'Address Line 2:' is present on page 

24-10-2024T07:38:24 - [TEST_STEP][PASSED] - isRequiredTextPresent = true: null

24-10-2024T07:38:24 - [TEST_STEP][PASSED] - println(isRequiredTextPresent): null

24-10-2024T07:38:24 - [TEST_STEP][PASSED] - if (isRequiredTextPresent): null

24-10-2024T07:38:24 - [TEST_STEP][PASSED] - if (verifyTextPresent("Country:", false)): null

24-10-2024T07:38:25 - [MESSAGE][PASSED] - Text 'Country:' is present on page 

24-10-2024T07:38:25 - [TEST_STEP][PASSED] - isRequiredTextPresent = true: null

24-10-2024T07:38:25 - [TEST_STEP][PASSED] - println(isRequiredTextPresent): null

24-10-2024T07:38:25 - [TEST_STEP][PASSED] - if (isRequiredTextPresent): null

24-10-2024T07:38:25 - [TEST_STEP][PASSED] - if (verifyTextPresent("City:", false)): null

24-10-2024T07:38:25 - [MESSAGE][PASSED] - Text 'City:' is present on page 

24-10-2024T07:38:25 - [TEST_STEP][PASSED] - isRequiredTextPresent = true: null

24-10-2024T07:38:25 - [TEST_STEP][PASSED] - println(isRequiredTextPresent): null

24-10-2024T07:38:25 - [TEST_STEP][PASSED] - if (isRequiredTextPresent): null

24-10-2024T07:38:25 - [TEST_STEP][PASSED] - if (verifyTextPresent("State:", false)): null

24-10-2024T07:38:25 - [MESSAGE][PASSED] - Text 'State:' is present on page 

24-10-2024T07:38:25 - [TEST_STEP][PASSED] - isRequiredTextPresent = true: null

24-10-2024T07:38:25 - [TEST_STEP][PASSED] - println(isRequiredTextPresent): null

24-10-2024T07:38:25 - [TEST_STEP][PASSED] - if (isRequiredTextPresent): null

24-10-2024T07:38:25 - [TEST_STEP][PASSED] - if (verifyTextPresent("Zip Code:", false)): null

24-10-2024T07:38:25 - [MESSAGE][PASSED] - Text 'Zip Code:' is present on page 

24-10-2024T07:38:25 - [TEST_STEP][PASSED] - isRequiredTextPresent = true: null

24-10-2024T07:38:25 - [TEST_STEP][PASSED] - println(isRequiredTextPresent): null

24-10-2024T07:38:25 - [TEST_STEP][PASSED] - if (isRequiredTextPresent): null

24-10-2024T07:38:25 - [TEST_STEP][PASSED] - if (verifyTextPresent("Plan Information:", false)): null

24-10-2024T07:38:26 - [MESSAGE][PASSED] - Text 'Plan Information:' is present on page 

24-10-2024T07:38:26 - [TEST_STEP][PASSED] - isRequiredTextPresent = true: null

24-10-2024T07:38:26 - [TEST_STEP][PASSED] - println(isRequiredTextPresent): null

24-10-2024T07:38:26 - [TEST_STEP][PASSED] - if (isRequiredTextPresent): null

24-10-2024T07:38:26 - [TEST_STEP][PASSED] - if (verifyTextPresent("Payment Plan Type:", false)): null

24-10-2024T07:38:26 - [MESSAGE][PASSED] - Text 'Payment Plan Type:' is present on page 

24-10-2024T07:38:26 - [TEST_STEP][PASSED] - isRequiredTextPresent = true: null

24-10-2024T07:38:26 - [TEST_STEP][PASSED] - println(isRequiredTextPresent): null

24-10-2024T07:38:26 - [TEST_STEP][PASSED] - if (isRequiredTextPresent): null

24-10-2024T07:38:26 - [TEST_STEP][PASSED] - if (verifyTextPresent("Payment Plan ID:", false)): null

24-10-2024T07:38:26 - [MESSAGE][PASSED] - Text 'Payment Plan ID:' is present on page 

24-10-2024T07:38:26 - [TEST_STEP][PASSED] - isRequiredTextPresent = true: null

24-10-2024T07:38:26 - [TEST_STEP][PASSED] - println(isRequiredTextPresent): null

24-10-2024T07:38:26 - [TEST_STEP][PASSED] - if (isRequiredTextPresent): null

24-10-2024T07:38:26 - [TEST_STEP][PASSED] - if (verifyTextPresent("Start Date:", false)): null

24-10-2024T07:38:27 - [MESSAGE][PASSED] - Text 'Start Date:' is present on page 

24-10-2024T07:38:27 - [TEST_STEP][PASSED] - isRequiredTextPresent = true: null

24-10-2024T07:38:27 - [TEST_STEP][PASSED] - println(isRequiredTextPresent): null

24-10-2024T07:38:27 - [TEST_STEP][PASSED] - if (isRequiredTextPresent == true): pages.WriteExcel.demoKey is PASSED

24-10-2024T07:38:27 - [TEST_STEP][PASSED] - println("All the relevant texts are present on Receipt Page"): null

24-10-2024T07:38:27 - [TEST_STEP][PASSED] - markPassed("All the relevant texts are present on Receipt Page"): All the relevant texts are present on Receipt Page

24-10-2024T07:38:27 - [MESSAGE][PASSED] - All the relevant texts are present on Receipt Page

24-10-2024T07:38:27 - [TEST_STEP][PASSED] - resText = "Pass": null

24-10-2024T07:38:27 - [TEST_STEP][PASSED] - pages.WriteExcel.demoKey(resText, datText, resColumn, datCloumn, fileLoc, nameSheet, row): pages.WriteExcel.demoKey is PASSED

24-10-2024T07:38:27 - [MESSAGE][PASSED] - pages.WriteExcel.demoKey is PASSED

24-10-2024T07:38:27 - [TEST_STEP][PASSED] - closeBrowser(): Browser is closed

24-10-2024T07:38:27 - [MESSAGE][PASSED] - Browser is closed

24-10-2024T07:38:27 - [TEST_STEP][PASSED] - ExecuteTC = dataFile.getValue("Execute", row): null

24-10-2024T07:38:27 - [TEST_STEP][PASSED] - out.println("Value of Execute is : " + ExecuteTC): null

24-10-2024T07:38:27 - [TEST_STEP][PASSED] - if (ExecuteTC.equalsIgnoreCase("Y")): null

24-10-2024T07:38:27 - [TEST_STEP][PASSED] - out.println("Begin Record Number: " + row): null

24-10-2024T07:38:27 - [TEST_STEP][PASSED] - today = new java.util.Date(): null

24-10-2024T07:38:27 - [TEST_STEP][PASSED] - println(today): null

24-10-2024T07:38:27 - [TEST_STEP][PASSED] - datText = today: null

24-10-2024T07:38:27 - [TEST_STEP][PASSED] - EmulatorDataKey = dataFile.getValue("EmulatorData", row): null

24-10-2024T07:38:27 - [TEST_STEP][PASSED] - out.println("Value of Emulator Key is : " + EmulatorDataKey): null

24-10-2024T07:38:27 - [TEST_STEP][PASSED] - iwpPages.emulatorIWP30.setDataEmulator_DD(EmulatorDataKey): iwpPages.emulatorIWP30.setDataEmulator_DD is PASSED

24-10-2024T07:38:28 - [MESSAGE][INFO] - Starting 'Edge Chromium' driver

24-10-2024T07:38:28 - [MESSAGE][INFO] - User set preference: ['acceptInsecureCerts', 'true']

24-10-2024T07:38:30 - [MESSAGE][INFO] - Action delay is set to 0 milliseconds

24-10-2024T07:38:34 - [MESSAGE][PASSED] - Browser is opened with url: 'https://qa2.velocitypayment.com/agencyx/config.action?action=editor&message_version=3_0'

24-10-2024T07:38:34 - [MESSAGE][PASSED] - Current window maximized

24-10-2024T07:39:05 - [MESSAGE][INFO] - Unable to find the element located by 'By.xpath: //select[@name='message_version']'. Please recheck the objects properties to make sure the desired element is located. 

24-10-2024T07:39:05 - [MESSAGE][WARNING] - [SELF-HEALING] Failed to find element with id 'Object Repository/IWP30/Page_VRelay30Emulator/MV'. Try using Self-healing.

24-10-2024T07:39:05 - [MESSAGE][WARNING] - [SELF-HEALING] The current locator of test object 'Object Repository/IWP30/Page_VRelay30Emulator/MV' was broken. Propose an alternative one: '(.//*[normalize-space(text()) and normalize-space(.)='Message Version'])[1]/following::select[1]'.

24-10-2024T07:39:06 - [MESSAGE][PASSED] - All options with value '3.0' are selected in object 'Object Repository/IWP30/Page_VRelay30Emulator/MV'  using regular expression

24-10-2024T07:39:07 - [MESSAGE][PASSED] - Text '10.50' is set on object 'Object Repository/IWP30/Page_EmulatorAgencyX/Amount'

24-10-2024T07:39:07 - [MESSAGE][PASSED] - Text 'TUL29Ipbj8T7' is set on object 'Object Repository/IWP30/Page_EmulatorAgencyX/CAN'

24-10-2024T07:39:08 - [MESSAGE][PASSED] - Text 'PayNow' is set on object 'Object Repository/IWP30/Page_EmulatorAgencyX/Action'

24-10-2024T07:39:08 - [MESSAGE][PASSED] - Text 'en_US' is set on object 'Object Repository/IWP30/Page_EmulatorAgencyX/Lang'

24-10-2024T07:39:09 - [MESSAGE][PASSED] - Text '' is set on object 'Object Repository/IWP30/Page_EmulatorAgencyX/Fname'

24-10-2024T07:39:09 - [MESSAGE][PASSED] - Text '' is set on object 'Object Repository/IWP30/Page_EmulatorAgencyX/Lname'

24-10-2024T07:39:10 - [MESSAGE][PASSED] - Text '' is set on object 'Object Repository/IWP30/Page_EmulatorAgencyX/AL1'

24-10-2024T07:39:11 - [MESSAGE][PASSED] - Text '' is set on object 'Object Repository/IWP30/Page_EmulatorAgencyX/AL2'

24-10-2024T07:39:11 - [MESSAGE][PASSED] - Text '' is set on object 'Object Repository/IWP30/Page_EmulatorAgencyX/Country'

24-10-2024T07:39:12 - [MESSAGE][PASSED] - Text '' is set on object 'Object Repository/IWP30/Page_EmulatorAgencyX/City'

24-10-2024T07:39:12 - [MESSAGE][PASSED] - Text '' is set on object 'Object Repository/IWP30/Page_EmulatorAgencyX/State'

24-10-2024T07:39:13 - [MESSAGE][PASSED] - Text '' is set on object 'Object Repository/IWP30/Page_EmulatorAgencyX/ZIP'

24-10-2024T07:39:13 - [MESSAGE][PASSED] - Text '' is set on object 'Object Repository/IWP30/Page_EmulatorAgencyX/Order'

24-10-2024T07:39:14 - [MESSAGE][PASSED] - Text '' is set on object 'Object Repository/IWP30/Page_EmulatorAgencyX/Company'

24-10-2024T07:39:15 - [MESSAGE][PASSED] - Text '' is set on object 'Object Repository/IWP30/Page_EmulatorAgencyX/Email'

24-10-2024T07:39:15 - [MESSAGE][PASSED] - Text '' is set on object 'Object Repository/IWP30/Page_EmulatorAgencyX/UDF1'

24-10-2024T07:39:16 - [MESSAGE][PASSED] - Text '' is set on object 'Object Repository/IWP30/Page_EmulatorAgencyX/UDF2'

24-10-2024T07:39:16 - [MESSAGE][PASSED] - Text '' is set on object 'Object Repository/IWP30/Page_EmulatorAgencyX/UDF3'

24-10-2024T07:39:17 - [MESSAGE][PASSED] - Text 'udf data 4' is set on object 'Object Repository/IWP30/Page_EmulatorAgencyX/UDF4'

24-10-2024T07:39:18 - [MESSAGE][PASSED] - Text 'udf data 5' is set on object 'Object Repository/IWP30/Page_EmulatorAgencyX/UDF5'

24-10-2024T07:39:18 - [MESSAGE][PASSED] - Text '' is set on object 'Object Repository/IWP30/Page_EmulatorAgencyX/UDF6'

24-10-2024T07:39:19 - [MESSAGE][PASSED] - Text '' is set on object 'Object Repository/IWP30/Page_EmulatorAgencyX/UDF7'

24-10-2024T07:39:19 - [MESSAGE][PASSED] - Text '' is set on object 'Object Repository/IWP30/Page_EmulatorAgencyX/UDF8'

24-10-2024T07:39:20 - [MESSAGE][PASSED] - Text 'udf data 9' is set on object 'Object Repository/IWP30/Page_EmulatorAgencyX/UDF9'

24-10-2024T07:39:20 - [MESSAGE][PASSED] - Text 'udf data 10' is set on object 'Object Repository/IWP30/Page_EmulatorAgencyX/UDF10'

24-10-2024T07:39:22 - [MESSAGE][PASSED] - Object: 'Object Repository/IWP30/Page_EmulatorAgencyX/Submit' is clicked on

24-10-2024T07:39:26 - [MESSAGE][PASSED] - Browser is closed

24-10-2024T07:39:30 - [MESSAGE][PASSED] - iwpPages.emulatorIWP30.setDataEmulator_DD is PASSED

24-10-2024T07:39:30 - [TEST_STEP][PASSED] - testHarnessURL = urlTestHarness: null

24-10-2024T07:39:30 - [TEST_STEP][PASSED] - openBrowser(testHarnessURL): Browser is opened with url: 'https://dev-algorithm.govolution.com/vrelaytest/QA2/version_2_2/vrelaytest.html'

24-10-2024T07:39:30 - [MESSAGE][INFO] - Starting 'Edge Chromium' driver

24-10-2024T07:39:30 - [MESSAGE][INFO] - User set preference: ['acceptInsecureCerts', 'true']

24-10-2024T07:39:32 - [MESSAGE][INFO] - Action delay is set to 0 milliseconds

24-10-2024T07:39:36 - [MESSAGE][PASSED] - Browser is opened with url: 'https://dev-algorithm.govolution.com/vrelaytest/QA2/version_2_2/vrelaytest.html'

24-10-2024T07:39:36 - [TEST_STEP][PASSED] - maximizeWindow(): Current window maximized

24-10-2024T07:39:36 - [MESSAGE][PASSED] - Current window maximized

24-10-2024T07:39:36 - [TEST_STEP][PASSED] - iwpPages.TestHarnessPage.setDataMethodEF(row, dataFile): iwpPages.TestHarnessPage.setDataMethodEF is PASSED

24-10-2024T07:39:36 - [MESSAGE][PASSED] - Object 'Object Repository/IWP30/Page_QATestHarness/RemittanceID' is present

24-10-2024T07:39:37 - [MESSAGE][PASSED] - Text '649' is set on object 'Object Repository/IWP30/Page_QATestHarness/ApplicationID'

24-10-2024T07:39:38 - [MESSAGE][PASSED] - Text '3.0' is set on object 'Object Repository/IWP30/Page_QATestHarness/MessageVersion'

24-10-2024T07:39:38 - [MESSAGE][PASSED] - Text '8dENgK8UEUnp' is set on object 'Object Repository/IWP30/Page_QATestHarness/RemittanceID'

24-10-2024T07:39:42 - [MESSAGE][PASSED] - Object: 'Object Repository/IWP30/Page_QATestHarness/SubmitButton' is clicked on

24-10-2024T07:39:42 - [MESSAGE][PASSED] - iwpPages.TestHarnessPage.setDataMethodEF is PASSED

24-10-2024T07:39:42 - [TEST_STEP][PASSED] - click(findTestObject("Object Repository/IWP30/Page_SelectPaymentMethod/PayByCreditCard")): Object: 'Object Repository/IWP30/Page_SelectPaymentMethod/PayByCreditCard' is clicked on

24-10-2024T07:39:42 - [MESSAGE][PASSED] - Object: 'Object Repository/IWP30/Page_SelectPaymentMethod/PayByCreditCard' is clicked on

24-10-2024T07:39:42 - [TEST_STEP][PASSED] - click(findTestObject("Object Repository/IWP30/Page_SelectPaymentMethod/MakePaymentButton")): Object: 'Object Repository/IWP30/Page_SelectPaymentMethod/MakePaymentButton' is clicked on

24-10-2024T07:39:45 - [MESSAGE][PASSED] - Object: 'Object Repository/IWP30/Page_SelectPaymentMethod/MakePaymentButton' is clicked on

24-10-2024T07:39:45 - [TEST_STEP][PASSED] - iwpPages.ccPaymentEntryPage.setDataCCPM(row, dataFile): iwpPages.ccPaymentEntryPage.setDataCCPM is PASSED

24-10-2024T07:39:45 - [MESSAGE][PASSED] - Object 'Object Repository/IWP30/Page_CCPaymentEntry/Name' is present

24-10-2024T07:39:46 - [MESSAGE][PASSED] - Text '10.50' is set on object 'Object Repository/IWP30/Page_CCPaymentEntry/Amount'

24-10-2024T07:39:47 - [MESSAGE][PASSED] - Text 'udf data 2' is set on object 'Object Repository/IWP30/Page_CCPaymentEntry/UserDefined2'

24-10-2024T07:39:47 - [MESSAGE][PASSED] - Text 'udf data 3' is set on object 'Object Repository/IWP30/Page_CCPaymentEntry/UserDefined3'

24-10-2024T07:39:48 - [MESSAGE][PASSED] - All options with label 'Orange' are selected in object 'Object Repository/IWP30/Page_CCPaymentEntry/UserDefined7' 

24-10-2024T07:39:48 - [MESSAGE][PASSED] - All options with label 'Soccer' are selected in object 'Object Repository/IWP30/Page_CCPaymentEntry/UserDefined8' 

24-10-2024T07:39:49 - [MESSAGE][PASSED] - Object 'Object Repository/IWP30/Page_CCPaymentEntry/Name' is present

24-10-2024T07:39:49 - [MESSAGE][PASSED] - Text 'Kavita Ranawati' is set on object 'Object Repository/IWP30/Page_CCPaymentEntry/Name'

24-10-2024T07:39:49 - [MESSAGE][PASSED] - Object 'Object Repository/IWP30/Page_CCPaymentEntry/CardNumber' is present

24-10-2024T07:39:50 - [MESSAGE][PASSED] - Text '4111111111111111' is set on object 'Object Repository/IWP30/Page_CCPaymentEntry/CardNumber'

24-10-2024T07:39:51 - [MESSAGE][PASSED] - Text '123' is set on object 'Object Repository/IWP30/Page_CCPaymentEntry/SPC'

24-10-2024T07:39:52 - [MESSAGE][PASSED] - Object 'Object Repository/IWP30/Page_CCPaymentEntry/Month' is present

24-10-2024T07:39:52 - [MESSAGE][PASSED] - All options with label '01' are selected in object 'Object Repository/IWP30/Page_CCPaymentEntry/Month' 

24-10-2024T07:39:52 - [MESSAGE][PASSED] - Object 'Object Repository/IWP30/Page_CCPaymentEntry/Year' is present

24-10-2024T07:39:53 - [MESSAGE][PASSED] - All options with label '2028' are selected in object 'Object Repository/IWP30/Page_CCPaymentEntry/Year' 

24-10-2024T07:39:53 - [MESSAGE][PASSED] - Execute JavaScript '
				   document.getElementById('processDate').value = '08/09/2025'
				  ' successfully

24-10-2024T07:39:54 - [MESSAGE][PASSED] - Text '365 Main Avenue' is set on object 'Object Repository/IWP30/Page_CCPaymentEntry/AL1'

24-10-2024T07:39:54 - [MESSAGE][PASSED] - Text 'Ohio' is set on object 'Object Repository/IWP30/Page_CCPaymentEntry/AL2'

24-10-2024T07:39:55 - [MESSAGE][PASSED] - Text '22201' is set on object 'Object Repository/IWP30/Page_CCPaymentEntry/ZIP'

24-10-2024T07:39:55 - [MESSAGE][PASSED] - Object 'Object Repository/IWP30/Page_CCPaymentEntry/EmailAddress' is present

24-10-2024T07:39:56 - [MESSAGE][PASSED] - Text 'iahmed@govolution.com' is set on object 'Object Repository/IWP30/Page_CCPaymentEntry/EmailAddress'

24-10-2024T07:39:56 - [MESSAGE][PASSED] - Object 'Object Repository/IWP30/Page_CCPaymentEntry/TermCondCheckBox' is present

24-10-2024T07:39:57 - [MESSAGE][PASSED] - Object 'Object Repository/IWP30/Page_CCPaymentEntry/TermCondCheckBox' is checked

24-10-2024T07:39:57 - [MESSAGE][PASSED] - Object 'Object Repository/IWP30/Page_CCPaymentEntry/ContinueButton' is present

24-10-2024T07:39:58 - [MESSAGE][PASSED] - Object: 'Object Repository/IWP30/Page_CCPaymentEntry/ContinueButton' is clicked on

24-10-2024T07:39:58 - [MESSAGE][PASSED] - iwpPages.ccPaymentEntryPage.setDataCCPM is PASSED

24-10-2024T07:39:58 - [TEST_STEP][PASSED] - click(findTestObject("Object Repository/IWP30/Page_Confirmation/ConfirmButton")): Object: 'Object Repository/IWP30/Page_Confirmation/ConfirmButton' is clicked on

24-10-2024T07:40:00 - [MESSAGE][PASSED] - Object: 'Object Repository/IWP30/Page_Confirmation/ConfirmButton' is clicked on

24-10-2024T07:40:00 - [TEST_STEP][PASSED] - Thread.sleep(2000): null

24-10-2024T07:40:02 - [TEST_STEP][PASSED] - if (verifyTextPresent("Deferred", false)): null

24-10-2024T07:40:03 - [MESSAGE][PASSED] - Text 'Deferred' is present on page 

24-10-2024T07:40:03 - [TEST_STEP][PASSED] - click(findTestObject("Object Repository/IWP30/Page_Receipt/ViewScheduledPaymentsButton")): Object: 'Object Repository/IWP30/Page_Receipt/ViewScheduledPaymentsButton' is clicked on

24-10-2024T07:40:03 - [MESSAGE][PASSED] - Object: 'Object Repository/IWP30/Page_Receipt/ViewScheduledPaymentsButton' is clicked on

24-10-2024T07:40:03 - [TEST_STEP][FAILED] - switchToWindowTitle("View Scheduled Payments"): Cannot find window with title: 'View Scheduled Payments' (Root cause: com.kms.katalon.core.exception.StepFailedException: Cannot find window with title: 'View Scheduled Payments'
	at com.kms.katalon.core.webui.keyword.internal.WebUIKeywordMain.stepFailed(WebUIKeywordMain.groovy:64)
	at com.kms.katalon.core.webui.keyword.builtin.SwitchToWindowTitleKeyword$_switchToWindowTitle_closure1.doCall(SwitchToWindowTitleKeyword.groovy:82)
	at com.kms.katalon.core.webui.keyword.builtin.SwitchToWindowTitleKeyword$_switchToWindowTitle_closure1.call(SwitchToWindowTitleKeyword.groovy)
	at com.kms.katalon.core.webui.keyword.internal.WebUIKeywordMain.runKeyword(WebUIKeywordMain.groovy:20)
	at com.kms.katalon.core.webui.keyword.builtin.SwitchToWindowTitleKeyword.switchToWindowTitle(SwitchToWindowTitleKeyword.groovy:84)
	at com.kms.katalon.core.webui.keyword.builtin.SwitchToWindowTitleKeyword.execute(SwitchToWindowTitleKeyword.groovy:67)
	at com.kms.katalon.core.keyword.internal.KeywordExecutor.executeKeywordForPlatform(KeywordExecutor.groovy:74)
	at com.kms.katalon.core.webui.keyword.WebUiBuiltInKeywords.switchToWindowTitle(WebUiBuiltInKeywords.groovy:1822)
	at VerifyEditReceiptLabelsDeferredCC.run(VerifyEditReceiptLabelsDeferredCC:97)
	at com.kms.katalon.core.main.ScriptEngine.run(ScriptEngine.java:194)
	at com.kms.katalon.core.main.ScriptEngine.runScriptAsRawText(ScriptEngine.java:119)
	at com.kms.katalon.core.main.TestCaseExecutor.runScript(TestCaseExecutor.java:448)
	at com.kms.katalon.core.main.TestCaseExecutor.doExecute(TestCaseExecutor.java:439)
	at com.kms.katalon.core.main.TestCaseExecutor.processExecutionPhase(TestCaseExecutor.java:418)
	at com.kms.katalon.core.main.TestCaseExecutor.accessMainPhase(TestCaseExecutor.java:410)
	at com.kms.katalon.core.main.TestCaseExecutor.execute(TestCaseExecutor.java:285)
	at com.kms.katalon.core.common.CommonExecutor.accessTestCaseMainPhase(CommonExecutor.java:65)
	at com.kms.katalon.core.main.TestSuiteExecutor.accessTestSuiteMainPhase(TestSuiteExecutor.java:150)
	at com.kms.katalon.core.main.TestSuiteExecutor.execute(TestSuiteExecutor.java:106)
	at com.kms.katalon.core.main.TestCaseMain.startTestSuite(TestCaseMain.java:180)
	at TempTestSuite1729731001385.run(TempTestSuite1729731001385.groovy:35)
	at java.base/jdk.internal.reflect.NativeMethodAccessorImpl.invoke0(Native Method)
	at java.base/jdk.internal.reflect.NativeMethodAccessorImpl.invoke(NativeMethodAccessorImpl.java:77)
	at java.base/jdk.internal.reflect.DelegatingMethodAccessorImpl.invoke(DelegatingMethodAccessorImpl.java:43)
)

24-10-2024T07:40:52 - [MESSAGE][FAILED] - Cannot find window with title: 'View Scheduled Payments' (Root cause: com.kms.katalon.core.exception.StepFailedException: Cannot find window with title: 'View Scheduled Payments'
	at com.kms.katalon.core.webui.keyword.internal.WebUIKeywordMain.stepFailed(WebUIKeywordMain.groovy:64)
	at com.kms.katalon.core.webui.keyword.builtin.SwitchToWindowTitleKeyword$_switchToWindowTitle_closure1.doCall(SwitchToWindowTitleKeyword.groovy:82)
	at com.kms.katalon.core.webui.keyword.builtin.SwitchToWindowTitleKeyword$_switchToWindowTitle_closure1.call(SwitchToWindowTitleKeyword.groovy)
	at com.kms.katalon.core.webui.keyword.internal.WebUIKeywordMain.runKeyword(WebUIKeywordMain.groovy:20)
	at com.kms.katalon.core.webui.keyword.builtin.SwitchToWindowTitleKeyword.switchToWindowTitle(SwitchToWindowTitleKeyword.groovy:84)
	at com.kms.katalon.core.webui.keyword.builtin.SwitchToWindowTitleKeyword.execute(SwitchToWindowTitleKeyword.groovy:67)
	at com.kms.katalon.core.keyword.internal.KeywordExecutor.executeKeywordForPlatform(KeywordExecutor.groovy:74)
	at com.kms.katalon.core.webui.keyword.WebUiBuiltInKeywords.switchToWindowTitle(WebUiBuiltInKeywords.groovy:1822)
	at VerifyEditReceiptLabelsDeferredCC.run(VerifyEditReceiptLabelsDeferredCC:97)
	at com.kms.katalon.core.main.ScriptEngine.run(ScriptEngine.java:194)
	at com.kms.katalon.core.main.ScriptEngine.runScriptAsRawText(ScriptEngine.java:119)
	at com.kms.katalon.core.main.TestCaseExecutor.runScript(TestCaseExecutor.java:448)
	at com.kms.katalon.core.main.TestCaseExecutor.doExecute(TestCaseExecutor.java:439)
	at com.kms.katalon.core.main.TestCaseExecutor.processExecutionPhase(TestCaseExecutor.java:418)
	at com.kms.katalon.core.main.TestCaseExecutor.accessMainPhase(TestCaseExecutor.java:410)
	at com.kms.katalon.core.main.TestCaseExecutor.execute(TestCaseExecutor.java:285)
	at com.kms.katalon.core.common.CommonExecutor.accessTestCaseMainPhase(CommonExecutor.java:65)
	at com.kms.katalon.core.main.TestSuiteExecutor.accessTestSuiteMainPhase(TestSuiteExecutor.java:150)
	at com.kms.katalon.core.main.TestSuiteExecutor.execute(TestSuiteExecutor.java:106)
	at com.kms.katalon.core.main.TestCaseMain.startTestSuite(TestCaseMain.java:180)
	at TempTestSuite1729731001385.run(TempTestSuite1729731001385.groovy:35)
	at java.base/jdk.internal.reflect.NativeMethodAccessorImpl.invoke0(Native Method)
	at java.base/jdk.internal.reflect.NativeMethodAccessorImpl.invoke(NativeMethodAccessorImpl.java:77)
	at java.base/jdk.internal.reflect.DelegatingMethodAccessorImpl.invoke(DelegatingMethodAccessorImpl.java:43)
)
[[ATTACHMENT|C:\\Users\\t476046\\Documents\\katalon\\VPS-Katalon\\Reports\\20241024_062001\\QA\\IWP2.5\\QA_IWP2.5_Regression\\20241024_062001\\1729735852859.png]]

24-10-2024T07:40:52 - [TEST_STEP][PASSED] - Thread.sleep(5000): null

24-10-2024T07:40:57 - [TEST_STEP][PASSED] - if (verifyTextPresent("View Scheduled Payments", false)): null

24-10-2024T07:40:58 - [MESSAGE][PASSED] - Text 'View Scheduled Payments' is present on page 

24-10-2024T07:40:58 - [TEST_STEP][PASSED] - click(findTestObject("Object Repository/IWP30/Page_ScheduledPayments/edit_payment")): Object: 'Object Repository/IWP30/Page_ScheduledPayments/edit_payment' is clicked on

24-10-2024T07:41:00 - [MESSAGE][PASSED] - Object: 'Object Repository/IWP30/Page_ScheduledPayments/edit_payment' is clicked on

24-10-2024T07:41:00 - [TEST_STEP][PASSED] - iwpPages.editSchedulePayment.setDataSchedPaymentEF(row, dataFile): iwpPages.editSchedulePayment.setDataSchedPaymentEF is PASSED

24-10-2024T07:41:01 - [MESSAGE][PASSED] - Text 'Edit Payment Plan' is present on page 

24-10-2024T07:41:02 - [MESSAGE][PASSED] - All options with label 'Orange' are selected in object 'Object Repository/IWP30/Page_CCPaymentEntry/UserDefined7' 

24-10-2024T07:41:02 - [MESSAGE][PASSED] - All options with label 'Soccer' are selected in object 'Object Repository/IWP30/Page_CCPaymentEntry/UserDefined8' 

24-10-2024T07:41:03 - [MESSAGE][PASSED] - Text '123' is set on object 'Object Repository/IWP30/Page_CCPaymentEntry/SPC'

24-10-2024T07:41:03 - [MESSAGE][PASSED] - Execute JavaScript '
				   document.getElementById('processDate').value = '08/09/2045'
				  ' successfully

24-10-2024T07:41:03 - [MESSAGE][PASSED] - iwpPages.editSchedulePayment.setDataSchedPaymentEF is PASSED

24-10-2024T07:41:03 - [TEST_STEP][PASSED] - click(findTestObject("Object Repository/Page_EditSchedPayment/chkbox_acceptterms")): Object: 'Object Repository/Page_EditSchedPayment/chkbox_acceptterms' is clicked on

24-10-2024T07:41:03 - [MESSAGE][PASSED] - Object: 'Object Repository/Page_EditSchedPayment/chkbox_acceptterms' is clicked on

24-10-2024T07:41:03 - [TEST_STEP][PASSED] - click(findTestObject("Object Repository/Page_EditSchedPayment/btn_update")): Object: 'Object Repository/Page_EditSchedPayment/btn_update' is clicked on

24-10-2024T07:41:05 - [MESSAGE][PASSED] - Object: 'Object Repository/Page_EditSchedPayment/btn_update' is clicked on

24-10-2024T07:41:05 - [TEST_STEP][PASSED] - if (verifyTextPresent("Successful Payment Plan Update", false)): null

24-10-2024T07:41:05 - [MESSAGE][PASSED] - Text 'Successful Payment Plan Update' is present on page 

24-10-2024T07:41:05 - [TEST_STEP][PASSED] - isRequiredTextPresent = true: null

24-10-2024T07:41:05 - [TEST_STEP][PASSED] - println(isRequiredTextPresent): null

24-10-2024T07:41:05 - [TEST_STEP][PASSED] - if (isRequiredTextPresent): null

24-10-2024T07:41:05 - [TEST_STEP][PASSED] - if (verifyTextPresent("CAN Label:", false)): null

24-10-2024T07:41:06 - [MESSAGE][PASSED] - Text 'CAN Label:' is present on page 

24-10-2024T07:41:06 - [TEST_STEP][PASSED] - isRequiredTextPresent = true: null

24-10-2024T07:41:06 - [TEST_STEP][PASSED] - println(isRequiredTextPresent): null

24-10-2024T07:41:06 - [TEST_STEP][PASSED] - if (isRequiredTextPresent): null

24-10-2024T07:41:06 - [TEST_STEP][PASSED] - if (verifyTextPresent("Remittance ID:", false)): null

24-10-2024T07:41:06 - [MESSAGE][PASSED] - Text 'Remittance ID:' is present on page 

24-10-2024T07:41:06 - [TEST_STEP][PASSED] - isRequiredTextPresent = true: null

24-10-2024T07:41:06 - [TEST_STEP][PASSED] - println(isRequiredTextPresent): null

24-10-2024T07:41:06 - [TEST_STEP][PASSED] - if (isRequiredTextPresent): null

24-10-2024T07:41:06 - [TEST_STEP][PASSED] - if (verifyTextPresent("UDF2 Label:", false)): null

24-10-2024T07:41:06 - [MESSAGE][PASSED] - Text 'UDF2 Label:' is present on page 

24-10-2024T07:41:06 - [TEST_STEP][PASSED] - isRequiredTextPresent = true: null

24-10-2024T07:41:06 - [TEST_STEP][PASSED] - println(isRequiredTextPresent): null

24-10-2024T07:41:06 - [TEST_STEP][PASSED] - if (isRequiredTextPresent): null

24-10-2024T07:41:06 - [TEST_STEP][PASSED] - if (verifyTextPresent("UDF3 Label:", false)): null

24-10-2024T07:41:07 - [MESSAGE][PASSED] - Text 'UDF3 Label:' is present on page 

24-10-2024T07:41:07 - [TEST_STEP][PASSED] - isRequiredTextPresent = true: null

24-10-2024T07:41:07 - [TEST_STEP][PASSED] - println(isRequiredTextPresent): null

24-10-2024T07:41:07 - [TEST_STEP][PASSED] - if (isRequiredTextPresent): null

24-10-2024T07:41:07 - [TEST_STEP][PASSED] - if (verifyTextPresent("UDF4 Label:", false)): null

24-10-2024T07:41:07 - [MESSAGE][PASSED] - Text 'UDF4 Label:' is present on page 

24-10-2024T07:41:07 - [TEST_STEP][PASSED] - isRequiredTextPresent = true: null

24-10-2024T07:41:07 - [TEST_STEP][PASSED] - println(isRequiredTextPresent): null

24-10-2024T07:41:07 - [TEST_STEP][PASSED] - if (isRequiredTextPresent): null

24-10-2024T07:41:07 - [TEST_STEP][PASSED] - if (verifyTextPresent("UDF7 Label:", false)): null

24-10-2024T07:41:07 - [MESSAGE][PASSED] - Text 'UDF7 Label:' is present on page 

24-10-2024T07:41:07 - [TEST_STEP][PASSED] - isRequiredTextPresent = true: null

24-10-2024T07:41:07 - [TEST_STEP][PASSED] - println(isRequiredTextPresent): null

24-10-2024T07:41:07 - [TEST_STEP][PASSED] - if (isRequiredTextPresent): null

24-10-2024T07:41:07 - [TEST_STEP][PASSED] - if (verifyTextPresent("UDF8 Label:", false)): null

24-10-2024T07:41:07 - [MESSAGE][PASSED] - Text 'UDF8 Label:' is present on page 

24-10-2024T07:41:07 - [TEST_STEP][PASSED] - isRequiredTextPresent = true: null

24-10-2024T07:41:07 - [TEST_STEP][PASSED] - println(isRequiredTextPresent): null

24-10-2024T07:41:07 - [TEST_STEP][PASSED] - if (isRequiredTextPresent): null

24-10-2024T07:41:07 - [TEST_STEP][PASSED] - if (verifyTextPresent("UDF9 Label:", false)): null

24-10-2024T07:41:08 - [MESSAGE][PASSED] - Text 'UDF9 Label:' is present on page 

24-10-2024T07:41:08 - [TEST_STEP][PASSED] - isRequiredTextPresent = true: null

24-10-2024T07:41:08 - [TEST_STEP][PASSED] - println(isRequiredTextPresent): null

24-10-2024T07:41:08 - [TEST_STEP][PASSED] - if (isRequiredTextPresent): null

24-10-2024T07:41:08 - [TEST_STEP][PASSED] - if (verifyTextPresent("Transaction Type:", false)): null

24-10-2024T07:41:08 - [MESSAGE][PASSED] - Text 'Transaction Type:' is present on page 

24-10-2024T07:41:08 - [TEST_STEP][PASSED] - isRequiredTextPresent = true: null

24-10-2024T07:41:08 - [TEST_STEP][PASSED] - println(isRequiredTextPresent): null

24-10-2024T07:41:08 - [TEST_STEP][PASSED] - if (isRequiredTextPresent): null

24-10-2024T07:41:08 - [TEST_STEP][PASSED] - if (verifyTextPresent("Amount:", false)): null

24-10-2024T07:41:08 - [MESSAGE][PASSED] - Text 'Amount:' is present on page 

24-10-2024T07:41:08 - [TEST_STEP][PASSED] - isRequiredTextPresent = true: null

24-10-2024T07:41:08 - [TEST_STEP][PASSED] - println(isRequiredTextPresent): null

24-10-2024T07:41:08 - [TEST_STEP][PASSED] - if (isRequiredTextPresent): null

24-10-2024T07:41:08 - [TEST_STEP][PASSED] - if (verifyTextPresent("Card Information:", false)): null

24-10-2024T07:41:08 - [MESSAGE][PASSED] - Text 'Card Information:' is present on page 

24-10-2024T07:41:08 - [TEST_STEP][PASSED] - isRequiredTextPresent = true: null

24-10-2024T07:41:08 - [TEST_STEP][PASSED] - println(isRequiredTextPresent): null

24-10-2024T07:41:08 - [TEST_STEP][PASSED] - if (isRequiredTextPresent): null

24-10-2024T07:41:08 - [TEST_STEP][PASSED] - if (verifyTextPresent("Card Type:", false)): null

24-10-2024T07:41:09 - [MESSAGE][PASSED] - Text 'Card Type:' is present on page 

24-10-2024T07:41:09 - [TEST_STEP][PASSED] - isRequiredTextPresent = true: null

24-10-2024T07:41:09 - [TEST_STEP][PASSED] - println(isRequiredTextPresent): null

24-10-2024T07:41:09 - [TEST_STEP][PASSED] - if (isRequiredTextPresent): null

24-10-2024T07:41:09 - [TEST_STEP][PASSED] - if (verifyTextPresent("Name of Account:", false)): null

24-10-2024T07:41:09 - [MESSAGE][PASSED] - Text 'Name of Account:' is present on page 

24-10-2024T07:41:09 - [TEST_STEP][PASSED] - isRequiredTextPresent = true: null

24-10-2024T07:41:09 - [TEST_STEP][PASSED] - println(isRequiredTextPresent): null

24-10-2024T07:41:09 - [TEST_STEP][PASSED] - if (isRequiredTextPresent): null

24-10-2024T07:41:09 - [TEST_STEP][PASSED] - if (verifyTextPresent("Card Number:", false)): null

24-10-2024T07:41:09 - [MESSAGE][PASSED] - Text 'Card Number:' is present on page 

24-10-2024T07:41:09 - [TEST_STEP][PASSED] - isRequiredTextPresent = true: null

24-10-2024T07:41:09 - [TEST_STEP][PASSED] - println(isRequiredTextPresent): null

24-10-2024T07:41:09 - [TEST_STEP][PASSED] - if (isRequiredTextPresent): null

24-10-2024T07:41:09 - [TEST_STEP][PASSED] - if (verifyTextPresent("Expiration Date:", false)): null

24-10-2024T07:41:10 - [MESSAGE][PASSED] - Text 'Expiration Date:' is present on page 

24-10-2024T07:41:10 - [TEST_STEP][PASSED] - isRequiredTextPresent = true: null

24-10-2024T07:41:10 - [TEST_STEP][PASSED] - println(isRequiredTextPresent): null

24-10-2024T07:41:10 - [TEST_STEP][PASSED] - if (isRequiredTextPresent): null

24-10-2024T07:41:10 - [TEST_STEP][PASSED] - if (verifyTextPresent("Billing Information:", false)): null

24-10-2024T07:41:10 - [MESSAGE][PASSED] - Text 'Billing Information:' is present on page 

24-10-2024T07:41:10 - [TEST_STEP][PASSED] - isRequiredTextPresent = true: null

24-10-2024T07:41:10 - [TEST_STEP][PASSED] - println(isRequiredTextPresent): null

24-10-2024T07:41:10 - [TEST_STEP][PASSED] - if (isRequiredTextPresent): null

24-10-2024T07:41:10 - [TEST_STEP][PASSED] - if (verifyTextPresent("Address Line 1:", false)): null

24-10-2024T07:41:10 - [MESSAGE][PASSED] - Text 'Address Line 1:' is present on page 

24-10-2024T07:41:10 - [TEST_STEP][PASSED] - isRequiredTextPresent = true: null

24-10-2024T07:41:10 - [TEST_STEP][PASSED] - println(isRequiredTextPresent): null

24-10-2024T07:41:10 - [TEST_STEP][PASSED] - if (isRequiredTextPresent): null

24-10-2024T07:41:10 - [TEST_STEP][PASSED] - if (verifyTextPresent("Address Line 2:", false)): null

24-10-2024T07:41:10 - [MESSAGE][PASSED] - Text 'Address Line 2:' is present on page 

24-10-2024T07:41:10 - [TEST_STEP][PASSED] - isRequiredTextPresent = true: null

24-10-2024T07:41:10 - [TEST_STEP][PASSED] - println(isRequiredTextPresent): null

24-10-2024T07:41:10 - [TEST_STEP][PASSED] - if (isRequiredTextPresent): null

24-10-2024T07:41:10 - [TEST_STEP][PASSED] - if (verifyTextPresent("Country:", false)): null

24-10-2024T07:41:11 - [MESSAGE][PASSED] - Text 'Country:' is present on page 

24-10-2024T07:41:11 - [TEST_STEP][PASSED] - isRequiredTextPresent = true: null

24-10-2024T07:41:11 - [TEST_STEP][PASSED] - println(isRequiredTextPresent): null

24-10-2024T07:41:11 - [TEST_STEP][PASSED] - if (isRequiredTextPresent): null

24-10-2024T07:41:11 - [TEST_STEP][PASSED] - if (verifyTextPresent("City:", false)): null

24-10-2024T07:41:11 - [MESSAGE][PASSED] - Text 'City:' is present on page 

24-10-2024T07:41:11 - [TEST_STEP][PASSED] - isRequiredTextPresent = true: null

24-10-2024T07:41:11 - [TEST_STEP][PASSED] - println(isRequiredTextPresent): null

24-10-2024T07:41:11 - [TEST_STEP][PASSED] - if (isRequiredTextPresent): null

24-10-2024T07:41:11 - [TEST_STEP][PASSED] - if (verifyTextPresent("State:", false)): null

24-10-2024T07:41:11 - [MESSAGE][PASSED] - Text 'State:' is present on page 

24-10-2024T07:41:11 - [TEST_STEP][PASSED] - isRequiredTextPresent = true: null

24-10-2024T07:41:11 - [TEST_STEP][PASSED] - println(isRequiredTextPresent): null

24-10-2024T07:41:11 - [TEST_STEP][PASSED] - if (isRequiredTextPresent): null

24-10-2024T07:41:11 - [TEST_STEP][PASSED] - if (verifyTextPresent("Zip Code:", false)): null

24-10-2024T07:41:11 - [MESSAGE][PASSED] - Text 'Zip Code:' is present on page 

24-10-2024T07:41:11 - [TEST_STEP][PASSED] - isRequiredTextPresent = true: null

24-10-2024T07:41:11 - [TEST_STEP][PASSED] - println(isRequiredTextPresent): null

24-10-2024T07:41:11 - [TEST_STEP][PASSED] - if (isRequiredTextPresent): null

24-10-2024T07:41:11 - [TEST_STEP][PASSED] - if (verifyTextPresent("Plan Information:", false)): null

24-10-2024T07:41:12 - [MESSAGE][PASSED] - Text 'Plan Information:' is present on page 

24-10-2024T07:41:12 - [TEST_STEP][PASSED] - isRequiredTextPresent = true: null

24-10-2024T07:41:12 - [TEST_STEP][PASSED] - println(isRequiredTextPresent): null

24-10-2024T07:41:12 - [TEST_STEP][PASSED] - if (isRequiredTextPresent): null

24-10-2024T07:41:12 - [TEST_STEP][PASSED] - if (verifyTextPresent("Payment Plan Type:", false)): null

24-10-2024T07:41:12 - [MESSAGE][PASSED] - Text 'Payment Plan Type:' is present on page 

24-10-2024T07:41:12 - [TEST_STEP][PASSED] - isRequiredTextPresent = true: null

24-10-2024T07:41:12 - [TEST_STEP][PASSED] - println(isRequiredTextPresent): null

24-10-2024T07:41:12 - [TEST_STEP][PASSED] - if (isRequiredTextPresent): null

24-10-2024T07:41:12 - [TEST_STEP][PASSED] - if (verifyTextPresent("Payment Plan ID:", false)): null

24-10-2024T07:41:12 - [MESSAGE][PASSED] - Text 'Payment Plan ID:' is present on page 

24-10-2024T07:41:12 - [TEST_STEP][PASSED] - isRequiredTextPresent = true: null

24-10-2024T07:41:12 - [TEST_STEP][PASSED] - println(isRequiredTextPresent): null

24-10-2024T07:41:12 - [TEST_STEP][PASSED] - if (isRequiredTextPresent): null

24-10-2024T07:41:12 - [TEST_STEP][PASSED] - if (verifyTextPresent("Start Date:", false)): null

24-10-2024T07:41:13 - [MESSAGE][PASSED] - Text 'Start Date:' is present on page 

24-10-2024T07:41:13 - [TEST_STEP][PASSED] - isRequiredTextPresent = true: null

24-10-2024T07:41:13 - [TEST_STEP][PASSED] - println(isRequiredTextPresent): null

24-10-2024T07:41:13 - [TEST_STEP][PASSED] - if (isRequiredTextPresent == true): pages.WriteExcel.demoKey is PASSED

24-10-2024T07:41:13 - [TEST_STEP][PASSED] - println("All the relevant texts are present on Receipt Page"): null

24-10-2024T07:41:13 - [TEST_STEP][PASSED] - markPassed("All the relevant texts are present on Receipt Page"): All the relevant texts are present on Receipt Page

24-10-2024T07:41:13 - [MESSAGE][PASSED] - All the relevant texts are present on Receipt Page

24-10-2024T07:41:13 - [TEST_STEP][PASSED] - resText = "Pass": null

24-10-2024T07:41:13 - [TEST_STEP][PASSED] - pages.WriteExcel.demoKey(resText, datText, resColumn, datCloumn, fileLoc, nameSheet, row): pages.WriteExcel.demoKey is PASSED

24-10-2024T07:41:13 - [MESSAGE][PASSED] - pages.WriteExcel.demoKey is PASSED

24-10-2024T07:41:13 - [TEST_STEP][PASSED] - closeBrowser(): Browser is closed

24-10-2024T07:41:13 - [MESSAGE][PASSED] - Browser is closed]]></system-out>
         <system-err><![CDATA[24-10-2024T07:36:27 - [TEST_CASE][FAILED] - Test Cases/IntegratedWeb/IWP25/Payments/VerifyEditReceiptLabelsDeferredCC: Test Cases/IntegratedWeb/IWP25/Payments/VerifyEditReceiptLabelsDeferredCC FAILED.
Reason:
com.kms.katalon.core.exception.StepFailedException: Cannot find window with title: 'View Scheduled Payments' (Root cause: com.kms.katalon.core.exception.StepFailedException: Cannot find window with title: 'View Scheduled Payments'
	at com.kms.katalon.core.webui.keyword.internal.WebUIKeywordMain.stepFailed(WebUIKeywordMain.groovy:64)
	at com.kms.katalon.core.webui.keyword.builtin.SwitchToWindowTitleKeyword$_switchToWindowTitle_closure1.doCall(SwitchToWindowTitleKeyword.groovy:82)
	at com.kms.katalon.core.webui.keyword.builtin.SwitchToWindowTitleKeyword$_switchToWindowTitle_closure1.call(SwitchToWindowTitleKeyword.groovy)
	at com.kms.katalon.core.webui.keyword.internal.WebUIKeywordMain.runKeyword(WebUIKeywordMain.groovy:20)
	at com.kms.katalon.core.webui.keyword.builtin.SwitchToWindowTitleKeyword.switchToWindowTitle(SwitchToWindowTitleKeyword.groovy:84)
	at com.kms.katalon.core.webui.keyword.builtin.SwitchToWindowTitleKeyword.execute(SwitchToWindowTitleKeyword.groovy:67)
	at com.kms.katalon.core.keyword.internal.KeywordExecutor.executeKeywordForPlatform(KeywordExecutor.groovy:74)
	at com.kms.katalon.core.webui.keyword.WebUiBuiltInKeywords.switchToWindowTitle(WebUiBuiltInKeywords.groovy:1822)
	at VerifyEditReceiptLabelsDeferredCC.run(VerifyEditReceiptLabelsDeferredCC:97)
	at com.kms.katalon.core.main.ScriptEngine.run(ScriptEngine.java:194)
	at com.kms.katalon.core.main.ScriptEngine.runScriptAsRawText(ScriptEngine.java:119)
	at com.kms.katalon.core.main.TestCaseExecutor.runScript(TestCaseExecutor.java:448)
	at com.kms.katalon.core.main.TestCaseExecutor.doExecute(TestCaseExecutor.java:439)
	at com.kms.katalon.core.main.TestCaseExecutor.processExecutionPhase(TestCaseExecutor.java:418)
	at com.kms.katalon.core.main.TestCaseExecutor.accessMainPhase(TestCaseExecutor.java:410)
	at com.kms.katalon.core.main.TestCaseExecutor.execute(TestCaseExecutor.java:285)
	at com.kms.katalon.core.common.CommonExecutor.accessTestCaseMainPhase(CommonExecutor.java:65)
	at com.kms.katalon.core.main.TestSuiteExecutor.accessTestSuiteMainPhase(TestSuiteExecutor.java:150)
	at com.kms.katalon.core.main.TestSuiteExecutor.execute(TestSuiteExecutor.java:106)
	at com.kms.katalon.core.main.TestCaseMain.startTestSuite(TestCaseMain.java:180)
	at TempTestSuite1729731001385.run(TempTestSuite1729731001385.groovy:35)
	at java.base/jdk.internal.reflect.NativeMethodAccessorImpl.invoke0(Native Method)
	at java.base/jdk.internal.reflect.NativeMethodAccessorImpl.invoke(NativeMethodAccessorImpl.java:77)
	at java.base/jdk.internal.reflect.DelegatingMethodAccessorImpl.invoke(DelegatingMethodAccessorImpl.java:43)
)
	at com.kms.katalon.core.keyword.internal.KeywordMain.stepFailed(KeywordMain.groovy:39)
	at com.kms.katalon.core.webui.keyword.internal.WebUIKeywordMain.stepFailed(WebUIKeywordMain.groovy:64)
	at com.kms.katalon.core.webui.keyword.builtin.SwitchToWindowTitleKeyword$_switchToWindowTitle_closure1.doCall(SwitchToWindowTitleKeyword.groovy:82)
	at com.kms.katalon.core.webui.keyword.builtin.SwitchToWindowTitleKeyword$_switchToWindowTitle_closure1.call(SwitchToWindowTitleKeyword.groovy)
	at com.kms.katalon.core.webui.keyword.internal.WebUIKeywordMain.runKeyword(WebUIKeywordMain.groovy:20)
	at com.kms.katalon.core.webui.keyword.builtin.SwitchToWindowTitleKeyword.switchToWindowTitle(SwitchToWindowTitleKeyword.groovy:84)
	at com.kms.katalon.core.webui.keyword.builtin.SwitchToWindowTitleKeyword.execute(SwitchToWindowTitleKeyword.groovy:67)
	at com.kms.katalon.core.keyword.internal.KeywordExecutor.executeKeywordForPlatform(KeywordExecutor.groovy:74)
	at com.kms.katalon.core.webui.keyword.WebUiBuiltInKeywords.switchToWindowTitle(WebUiBuiltInKeywords.groovy:1822)
	at VerifyEditReceiptLabelsDeferredCC.run(VerifyEditReceiptLabelsDeferredCC:97)
	at com.kms.katalon.core.main.ScriptEngine.run(ScriptEngine.java:194)
	at com.kms.katalon.core.main.ScriptEngine.runScriptAsRawText(ScriptEngine.java:119)
	at com.kms.katalon.core.main.TestCaseExecutor.runScript(TestCaseExecutor.java:448)
	at com.kms.katalon.core.main.TestCaseExecutor.doExecute(TestCaseExecutor.java:439)
	at com.kms.katalon.core.main.TestCaseExecutor.processExecutionPhase(TestCaseExecutor.java:418)
	at com.kms.katalon.core.main.TestCaseExecutor.accessMainPhase(TestCaseExecutor.java:410)
	at com.kms.katalon.core.main.TestCaseExecutor.execute(TestCaseExecutor.java:285)
	at com.kms.katalon.core.common.CommonExecutor.accessTestCaseMainPhase(CommonExecutor.java:65)
	at com.kms.katalon.core.main.TestSuiteExecutor.accessTestSuiteMainPhase(TestSuiteExecutor.java:150)
	at com.kms.katalon.core.main.TestSuiteExecutor.execute(TestSuiteExecutor.java:106)
	at com.kms.katalon.core.main.TestCaseMain.startTestSuite(TestCaseMain.java:180)
	at TempTestSuite1729731001385.run(TempTestSuite1729731001385.groovy:35)
	at java.base/jdk.internal.reflect.NativeMethodAccessorImpl.invoke0(Native Method)
	at java.base/jdk.internal.reflect.NativeMethodAccessorImpl.invoke(NativeMethodAccessorImpl.java:77)
	at java.base/jdk.internal.reflect.DelegatingMethodAccessorImpl.invoke(DelegatingMethodAccessorImpl.java:43)
Caused by: com.kms.katalon.core.exception.StepFailedException: Cannot find window with title: 'View Scheduled Payments'
	... 24 more]]></system-err>
      </testcase>
      <testcase name="Test Cases/IntegratedWeb/IWP25/Payments/VerifyEditReceiptLabelsDeferredCorp" time="268.762" classname="Test Cases/IntegratedWeb/IWP25/Payments/VerifyEditReceiptLabelsDeferredCorp" status="PASSED">
         <system-out><![CDATA[24-10-2024T07:41:13 - [TEST_CASE][PASSED] - Test Cases/IntegratedWeb/IWP25/Payments/VerifyEditReceiptLabelsDeferredCorp: Test Cases/IntegratedWeb/IWP25/Payments/VerifyEditReceiptLabelsDeferredCorp

24-10-2024T07:41:14 - [TEST_STEP][PASSED] - resText = "Fail": null

24-10-2024T07:41:14 - [TEST_STEP][PASSED] - resColumn = "Result": null

24-10-2024T07:41:14 - [TEST_STEP][PASSED] - datCloumn = "Date": null

24-10-2024T07:41:14 - [TEST_STEP][PASSED] - fileLoc = "KatalonData/IWPTestData/VRelay25PaymentsExtension.xlsx": null

24-10-2024T07:41:14 - [TEST_STEP][PASSED] - numOfRows = <not implemented yet for class: org.codehaus.groovy.ast.expr.EmptyExpression>: null

24-10-2024T07:41:14 - [TEST_STEP][PASSED] - nameSheet = <not implemented yet for class: org.codehaus.groovy.ast.expr.EmptyExpression>: null

24-10-2024T07:41:14 - [TEST_STEP][PASSED] - dataFileEmulator = <not implemented yet for class: org.codehaus.groovy.ast.expr.EmptyExpression>: null

24-10-2024T07:41:14 - [TEST_STEP][PASSED] - isRequiredTextPresent = false: null

24-10-2024T07:41:14 - [TEST_STEP][PASSED] - nameSheet = "VerifyEditLabelDeferredCorp": null

24-10-2024T07:41:14 - [TEST_STEP][PASSED] - dataFile = getExcelDataWithDefaultSheet("KatalonData/IWPTestData/VRelay25PaymentsExtension.xlsx", nameSheet, true): null

24-10-2024T07:41:14 - [TEST_STEP][PASSED] - dataFileEmulator = "IWPTestData/EmulatorData": null

24-10-2024T07:41:14 - [TEST_STEP][PASSED] - numOfRows = dataFile.getRowNumbers(): null

24-10-2024T07:41:14 - [TEST_STEP][PASSED] - println("Number of Records: " + numOfRows): null

24-10-2024T07:41:14 - [TEST_STEP][PASSED] - columnNames = dataFile.getColumnNames(): null

24-10-2024T07:41:14 - [TEST_STEP][PASSED] - println(columnNames[0]): null

24-10-2024T07:41:14 - [TEST_STEP][PASSED] - for ([row = 1, row <= numOfRows, (row++)]): Browser is closed

24-10-2024T07:41:14 - [TEST_STEP][PASSED] - ExecuteTC = dataFile.getValue("Execute", row): null

24-10-2024T07:41:14 - [TEST_STEP][PASSED] - out.println("Value of Execute is : " + ExecuteTC): null

24-10-2024T07:41:14 - [TEST_STEP][PASSED] - if (ExecuteTC.equalsIgnoreCase("Y")): null

24-10-2024T07:41:14 - [TEST_STEP][PASSED] - out.println("Begin Record Number: " + row): null

24-10-2024T07:41:14 - [TEST_STEP][PASSED] - today = new java.util.Date(): null

24-10-2024T07:41:14 - [TEST_STEP][PASSED] - println(today): null

24-10-2024T07:41:14 - [TEST_STEP][PASSED] - datText = today: null

24-10-2024T07:41:14 - [TEST_STEP][PASSED] - EmulatorDataKey = dataFile.getValue("EmulatorData", row): null

24-10-2024T07:41:14 - [TEST_STEP][PASSED] - out.println("Value of Emulator Key is : " + EmulatorDataKey): null

24-10-2024T07:41:14 - [TEST_STEP][PASSED] - iwpPages.emulatorIWP30.setDataEmulator_DD(EmulatorDataKey): iwpPages.emulatorIWP30.setDataEmulator_DD is PASSED

24-10-2024T07:41:14 - [MESSAGE][INFO] - Starting 'Edge Chromium' driver

24-10-2024T07:41:14 - [MESSAGE][INFO] - User set preference: ['acceptInsecureCerts', 'true']

24-10-2024T07:41:16 - [MESSAGE][INFO] - Action delay is set to 0 milliseconds

24-10-2024T07:41:21 - [MESSAGE][PASSED] - Browser is opened with url: 'https://qa2.velocitypayment.com/agencyx/config.action?action=editor&message_version=2_5'

24-10-2024T07:41:21 - [MESSAGE][PASSED] - Current window maximized

24-10-2024T07:41:52 - [MESSAGE][INFO] - Unable to find the element located by 'By.xpath: //select[@name='message_version']'. Please recheck the objects properties to make sure the desired element is located. 

24-10-2024T07:41:52 - [MESSAGE][WARNING] - [SELF-HEALING] Failed to find element with id 'Object Repository/IWP30/Page_VRelay30Emulator/MV'. Try using Self-healing.

24-10-2024T07:41:52 - [MESSAGE][WARNING] - [SELF-HEALING] The current locator of test object 'Object Repository/IWP30/Page_VRelay30Emulator/MV' was broken. Propose an alternative one: '(.//*[normalize-space(text()) and normalize-space(.)='Message Version'])[1]/following::select[1]'.

24-10-2024T07:41:53 - [MESSAGE][PASSED] - All options with value '2.5' are selected in object 'Object Repository/IWP30/Page_VRelay30Emulator/MV'  using regular expression

24-10-2024T07:41:53 - [MESSAGE][PASSED] - Text '10.50' is set on object 'Object Repository/IWP30/Page_EmulatorAgencyX/Amount'

24-10-2024T07:41:54 - [MESSAGE][PASSED] - Text 'c2Yga53iFXus' is set on object 'Object Repository/IWP30/Page_EmulatorAgencyX/CAN'

24-10-2024T07:41:54 - [MESSAGE][PASSED] - Text 'PayNow' is set on object 'Object Repository/IWP30/Page_EmulatorAgencyX/Action'

24-10-2024T07:41:55 - [MESSAGE][PASSED] - Text 'en_US' is set on object 'Object Repository/IWP30/Page_EmulatorAgencyX/Lang'

24-10-2024T07:41:56 - [MESSAGE][PASSED] - Text '' is set on object 'Object Repository/IWP30/Page_EmulatorAgencyX/Fname'

24-10-2024T07:41:56 - [MESSAGE][PASSED] - Text '' is set on object 'Object Repository/IWP30/Page_EmulatorAgencyX/Lname'

24-10-2024T07:41:57 - [MESSAGE][PASSED] - Text '' is set on object 'Object Repository/IWP30/Page_EmulatorAgencyX/AL1'

24-10-2024T07:41:57 - [MESSAGE][PASSED] - Text '' is set on object 'Object Repository/IWP30/Page_EmulatorAgencyX/AL2'

24-10-2024T07:41:58 - [MESSAGE][PASSED] - Text '' is set on object 'Object Repository/IWP30/Page_EmulatorAgencyX/Country'

24-10-2024T07:41:58 - [MESSAGE][PASSED] - Text '' is set on object 'Object Repository/IWP30/Page_EmulatorAgencyX/City'

24-10-2024T07:41:59 - [MESSAGE][PASSED] - Text '' is set on object 'Object Repository/IWP30/Page_EmulatorAgencyX/State'

24-10-2024T07:42:00 - [MESSAGE][PASSED] - Text '' is set on object 'Object Repository/IWP30/Page_EmulatorAgencyX/ZIP'

24-10-2024T07:42:00 - [MESSAGE][PASSED] - Text '' is set on object 'Object Repository/IWP30/Page_EmulatorAgencyX/Order'

24-10-2024T07:42:01 - [MESSAGE][PASSED] - Text '' is set on object 'Object Repository/IWP30/Page_EmulatorAgencyX/Company'

24-10-2024T07:42:01 - [MESSAGE][PASSED] - Text '' is set on object 'Object Repository/IWP30/Page_EmulatorAgencyX/Email'

24-10-2024T07:42:02 - [MESSAGE][PASSED] - Text '' is set on object 'Object Repository/IWP30/Page_EmulatorAgencyX/UDF1'

24-10-2024T07:42:02 - [MESSAGE][PASSED] - Text '' is set on object 'Object Repository/IWP30/Page_EmulatorAgencyX/UDF2'

24-10-2024T07:42:03 - [MESSAGE][PASSED] - Text '' is set on object 'Object Repository/IWP30/Page_EmulatorAgencyX/UDF3'

24-10-2024T07:42:04 - [MESSAGE][PASSED] - Text 'udf data 4' is set on object 'Object Repository/IWP30/Page_EmulatorAgencyX/UDF4'

24-10-2024T07:42:04 - [MESSAGE][PASSED] - Text 'udf data 5' is set on object 'Object Repository/IWP30/Page_EmulatorAgencyX/UDF5'

24-10-2024T07:42:05 - [MESSAGE][PASSED] - Text '' is set on object 'Object Repository/IWP30/Page_EmulatorAgencyX/UDF6'

24-10-2024T07:42:05 - [MESSAGE][PASSED] - Text '' is set on object 'Object Repository/IWP30/Page_EmulatorAgencyX/UDF7'

24-10-2024T07:42:06 - [MESSAGE][PASSED] - Text '' is set on object 'Object Repository/IWP30/Page_EmulatorAgencyX/UDF8'

24-10-2024T07:42:06 - [MESSAGE][PASSED] - Text 'udf data 9' is set on object 'Object Repository/IWP30/Page_EmulatorAgencyX/UDF9'

24-10-2024T07:42:07 - [MESSAGE][PASSED] - Text 'udf data 10' is set on object 'Object Repository/IWP30/Page_EmulatorAgencyX/UDF10'

24-10-2024T07:42:09 - [MESSAGE][PASSED] - Object: 'Object Repository/IWP30/Page_EmulatorAgencyX/Submit' is clicked on

24-10-2024T07:42:13 - [MESSAGE][PASSED] - Browser is closed

24-10-2024T07:42:17 - [MESSAGE][PASSED] - iwpPages.emulatorIWP30.setDataEmulator_DD is PASSED

24-10-2024T07:42:17 - [TEST_STEP][PASSED] - testHarnessURL = urlTestHarness: null

24-10-2024T07:42:17 - [TEST_STEP][PASSED] - openBrowser(testHarnessURL): Browser is opened with url: 'https://dev-algorithm.govolution.com/vrelaytest/QA2/version_2_2/vrelaytest.html'

24-10-2024T07:42:17 - [MESSAGE][INFO] - Starting 'Edge Chromium' driver

24-10-2024T07:42:17 - [MESSAGE][INFO] - User set preference: ['acceptInsecureCerts', 'true']

24-10-2024T07:42:19 - [MESSAGE][INFO] - Action delay is set to 0 milliseconds

24-10-2024T07:42:23 - [MESSAGE][PASSED] - Browser is opened with url: 'https://dev-algorithm.govolution.com/vrelaytest/QA2/version_2_2/vrelaytest.html'

24-10-2024T07:42:23 - [TEST_STEP][PASSED] - maximizeWindow(): Current window maximized

24-10-2024T07:42:23 - [MESSAGE][PASSED] - Current window maximized

24-10-2024T07:42:23 - [TEST_STEP][PASSED] - iwpPages.TestHarnessPage.setDataMethodEF(row, dataFile): iwpPages.TestHarnessPage.setDataMethodEF is PASSED

24-10-2024T07:42:23 - [MESSAGE][PASSED] - Object 'Object Repository/IWP30/Page_QATestHarness/RemittanceID' is present

24-10-2024T07:42:24 - [MESSAGE][PASSED] - Text '638' is set on object 'Object Repository/IWP30/Page_QATestHarness/ApplicationID'

24-10-2024T07:42:24 - [MESSAGE][PASSED] - Text '2.5' is set on object 'Object Repository/IWP30/Page_QATestHarness/MessageVersion'

24-10-2024T07:42:25 - [MESSAGE][PASSED] - Text 'x4lQclXzliaB' is set on object 'Object Repository/IWP30/Page_QATestHarness/RemittanceID'

24-10-2024T07:42:30 - [MESSAGE][PASSED] - Object: 'Object Repository/IWP30/Page_QATestHarness/SubmitButton' is clicked on

24-10-2024T07:42:30 - [MESSAGE][PASSED] - iwpPages.TestHarnessPage.setDataMethodEF is PASSED

24-10-2024T07:42:30 - [TEST_STEP][PASSED] - click(findTestObject("Object Repository/IWP30/Page_SelectPaymentMethod/PayByCorporateCheck")): Object: 'Object Repository/IWP30/Page_SelectPaymentMethod/PayByCorporateCheck' is clicked on

24-10-2024T07:42:31 - [MESSAGE][PASSED] - Object: 'Object Repository/IWP30/Page_SelectPaymentMethod/PayByCorporateCheck' is clicked on

24-10-2024T07:42:31 - [TEST_STEP][PASSED] - click(findTestObject("Object Repository/IWP30/Page_SelectPaymentMethod/MakePaymentButton")): Object: 'Object Repository/IWP30/Page_SelectPaymentMethod/MakePaymentButton' is clicked on

24-10-2024T07:42:33 - [MESSAGE][PASSED] - Object: 'Object Repository/IWP30/Page_SelectPaymentMethod/MakePaymentButton' is clicked on

24-10-2024T07:42:33 - [TEST_STEP][PASSED] - iwpPages.achCorporatePaymentEntryPage.setDataCorporate(row, dataFile): iwpPages.achCorporatePaymentEntryPage.setDataCorporate is PASSED

24-10-2024T07:42:34 - [MESSAGE][PASSED] - Object 'Object Repository/IWP30/Page_ACHCorporatePaymentEntry/txt_accountNumber' is present

24-10-2024T07:42:34 - [MESSAGE][PASSED] - Object 'Object Repository/IWP30/Page_ACHCorporatePaymentEntry/input_CompanyName' is present

24-10-2024T07:42:35 - [MESSAGE][PASSED] - Text 'My Company' is set on object 'Object Repository/IWP30/Page_ACHCorporatePaymentEntry/input_CompanyName'

24-10-2024T07:42:35 - [MESSAGE][PASSED] - Object 'Object Repository/IWP30/Page_ACHCorporatePaymentEntry/input_EIN' is present

24-10-2024T07:42:36 - [MESSAGE][PASSED] - Text '123456789' is set on object 'Object Repository/IWP30/Page_ACHCorporatePaymentEntry/input_EIN'

24-10-2024T07:42:36 - [MESSAGE][PASSED] - Text '10.50' is set on object 'Object Repository/IWP30/Page_ACHCorporatePaymentEntry/txt_Amount'

24-10-2024T07:42:37 - [MESSAGE][PASSED] - Text 'udf data 2' is set on object 'Object Repository/IWP30/Page_ACHCorporatePaymentEntry/txt_UDF2'

24-10-2024T07:42:37 - [MESSAGE][PASSED] - Text 'udf data 3' is set on object 'Object Repository/IWP30/Page_ACHCorporatePaymentEntry/txt_UDF3'

24-10-2024T07:42:38 - [MESSAGE][PASSED] - All options with label 'Orange' are selected in object 'Object Repository/IWP30/Page_ACHCorporatePaymentEntry/dd_UDF7' 

24-10-2024T07:42:39 - [MESSAGE][PASSED] - All options with label 'Soccer' are selected in object 'Object Repository/IWP30/Page_ACHCorporatePaymentEntry/dd_UDF8' 

24-10-2024T07:42:39 - [MESSAGE][PASSED] - Object 'Object Repository/IWP30/Page_ACHCorporatePaymentEntry/txt_routingNumber' is present

24-10-2024T07:42:39 - [MESSAGE][PASSED] - Text '256072691' is set on object 'Object Repository/IWP30/Page_ACHCorporatePaymentEntry/txt_routingNumber'

24-10-2024T07:42:40 - [MESSAGE][PASSED] - Object 'Object Repository/IWP30/Page_ACHCorporatePaymentEntry/txt_accountNumber' is present

24-10-2024T07:42:41 - [MESSAGE][PASSED] - Text '12344444' is set on object 'Object Repository/IWP30/Page_ACHCorporatePaymentEntry/txt_accountNumber'

24-10-2024T07:42:41 - [MESSAGE][PASSED] - Object 'Object Repository/IWP30/Page_ACHCorporatePaymentEntry/txt_confirmAccountNumber' is present

24-10-2024T07:42:42 - [MESSAGE][PASSED] - Text '12344444' is set on object 'Object Repository/IWP30/Page_ACHCorporatePaymentEntry/txt_confirmAccountNumber'

24-10-2024T07:42:42 - [MESSAGE][PASSED] - Execute JavaScript '
				   document.getElementById('processDate').value = '08/09/2025'
				  ' successfully

24-10-2024T07:42:43 - [MESSAGE][PASSED] - Text '365 Main Avenue' is set on object 'Object Repository/IWP30/Page_ACHCorporatePaymentEntry/txt_AL1'

24-10-2024T07:42:43 - [MESSAGE][PASSED] - Text 'Ohio' is set on object 'Object Repository/IWP30/Page_ACHCorporatePaymentEntry/txt_AL2'

24-10-2024T07:42:44 - [MESSAGE][PASSED] - Text '22201' is set on object 'Object Repository/IWP30/Page_ACHCorporatePaymentEntry/txt_ZIP'

24-10-2024T07:42:44 - [MESSAGE][PASSED] - Object 'Object Repository/IWP30/Page_ACHCorporatePaymentEntry/txt_Email' is present

24-10-2024T07:42:46 - [MESSAGE][PASSED] - Text 'iahmed@govolution.com' is set on object 'Object Repository/IWP30/Page_ACHCorporatePaymentEntry/txt_Email'

24-10-2024T07:42:46 - [MESSAGE][PASSED] - Object 'Object Repository/IWP30/Page_ACHCorporatePaymentEntry/cb_TermsAndCond' is present

24-10-2024T07:42:46 - [MESSAGE][PASSED] - Object: 'Object Repository/IWP30/Page_ACHCorporatePaymentEntry/cb_TermsAndCond' is clicked on

24-10-2024T07:42:47 - [MESSAGE][PASSED] - Object 'Object Repository/IWP30/Page_ACHCorporatePaymentEntry/btn_Continue' is present

24-10-2024T07:42:48 - [MESSAGE][PASSED] - Object: 'Object Repository/IWP30/Page_ACHCorporatePaymentEntry/btn_Continue' is clicked on

24-10-2024T07:42:48 - [MESSAGE][PASSED] - iwpPages.achCorporatePaymentEntryPage.setDataCorporate is PASSED

24-10-2024T07:42:48 - [TEST_STEP][PASSED] - click(findTestObject("Object Repository/IWP30/Page_Confirmation/ConfirmButton")): Object: 'Object Repository/IWP30/Page_Confirmation/ConfirmButton' is clicked on

24-10-2024T07:42:50 - [MESSAGE][PASSED] - Object: 'Object Repository/IWP30/Page_Confirmation/ConfirmButton' is clicked on

24-10-2024T07:42:50 - [TEST_STEP][PASSED] - Thread.sleep(2000): null

24-10-2024T07:42:53 - [TEST_STEP][PASSED] - if (verifyTextPresent("Deferred", false)): null

24-10-2024T07:42:53 - [MESSAGE][PASSED] - Text 'Deferred' is present on page 

24-10-2024T07:42:53 - [TEST_STEP][PASSED] - click(findTestObject("Object Repository/IWP30/Page_Receipt/ViewScheduledPaymentsButton")): Object: 'Object Repository/IWP30/Page_Receipt/ViewScheduledPaymentsButton' is clicked on

24-10-2024T07:42:53 - [MESSAGE][PASSED] - Object: 'Object Repository/IWP30/Page_Receipt/ViewScheduledPaymentsButton' is clicked on

24-10-2024T07:42:53 - [TEST_STEP][PASSED] - switchToWindowTitle("View Scheduled Payments"): Switched to window with title: 'View Scheduled Payments'

24-10-2024T07:42:53 - [MESSAGE][PASSED] - Switched to window with title: 'View Scheduled Payments'

24-10-2024T07:42:54 - [TEST_STEP][PASSED] - Thread.sleep(5000): null

24-10-2024T07:42:59 - [TEST_STEP][PASSED] - if (verifyTextPresent("View Scheduled Payments", false)): null

24-10-2024T07:42:59 - [MESSAGE][PASSED] - Text 'View Scheduled Payments' is present on page 

24-10-2024T07:42:59 - [TEST_STEP][PASSED] - click(findTestObject("Object Repository/IWP30/Page_ScheduledPayments/edit_payment")): Object: 'Object Repository/IWP30/Page_ScheduledPayments/edit_payment' is clicked on

24-10-2024T07:43:02 - [MESSAGE][PASSED] - Object: 'Object Repository/IWP30/Page_ScheduledPayments/edit_payment' is clicked on

24-10-2024T07:43:02 - [TEST_STEP][PASSED] - iwpPages.editSchedulePayment.setDataSchedPaymentEF(row, dataFile): iwpPages.editSchedulePayment.setDataSchedPaymentEF is PASSED

24-10-2024T07:43:03 - [MESSAGE][PASSED] - Text 'Edit Payment Plan' is present on page 

24-10-2024T07:43:03 - [MESSAGE][PASSED] - All options with label 'Orange' are selected in object 'Object Repository/IWP30/Page_CCPaymentEntry/UserDefined7' 

24-10-2024T07:43:04 - [MESSAGE][PASSED] - All options with label 'Soccer' are selected in object 'Object Repository/IWP30/Page_CCPaymentEntry/UserDefined8' 

24-10-2024T07:43:04 - [MESSAGE][PASSED] - Execute JavaScript '
				   document.getElementById('processDate').value = '08/09/2045'
				  ' successfully

24-10-2024T07:43:04 - [MESSAGE][PASSED] - iwpPages.editSchedulePayment.setDataSchedPaymentEF is PASSED

24-10-2024T07:43:04 - [TEST_STEP][PASSED] - click(findTestObject("Object Repository/Page_EditSchedPayment/chkbox_acceptterms")): Object: 'Object Repository/Page_EditSchedPayment/chkbox_acceptterms' is clicked on

24-10-2024T07:43:04 - [MESSAGE][PASSED] - Object: 'Object Repository/Page_EditSchedPayment/chkbox_acceptterms' is clicked on

24-10-2024T07:43:04 - [TEST_STEP][PASSED] - click(findTestObject("Object Repository/Page_EditSchedPayment/btn_update")): Object: 'Object Repository/Page_EditSchedPayment/btn_update' is clicked on

24-10-2024T07:43:06 - [MESSAGE][PASSED] - Object: 'Object Repository/Page_EditSchedPayment/btn_update' is clicked on

24-10-2024T07:43:06 - [TEST_STEP][PASSED] - if (verifyTextPresent("Successful Payment Plan Update", false)): null

24-10-2024T07:43:07 - [MESSAGE][PASSED] - Text 'Successful Payment Plan Update' is present on page 

24-10-2024T07:43:07 - [TEST_STEP][PASSED] - isRequiredTextPresent = true: null

24-10-2024T07:43:07 - [TEST_STEP][PASSED] - println(isRequiredTextPresent): null

24-10-2024T07:43:07 - [TEST_STEP][PASSED] - if (isRequiredTextPresent): null

24-10-2024T07:43:07 - [TEST_STEP][PASSED] - if (verifyTextPresent("CAN Label:", false)): null

24-10-2024T07:43:07 - [MESSAGE][PASSED] - Text 'CAN Label:' is present on page 

24-10-2024T07:43:07 - [TEST_STEP][PASSED] - isRequiredTextPresent = true: null

24-10-2024T07:43:07 - [TEST_STEP][PASSED] - println(isRequiredTextPresent): null

24-10-2024T07:43:07 - [TEST_STEP][PASSED] - if (isRequiredTextPresent): null

24-10-2024T07:43:07 - [TEST_STEP][PASSED] - if (verifyTextPresent("Remittance ID:", false)): null

24-10-2024T07:43:07 - [MESSAGE][PASSED] - Text 'Remittance ID:' is present on page 

24-10-2024T07:43:07 - [TEST_STEP][PASSED] - isRequiredTextPresent = true: null

24-10-2024T07:43:07 - [TEST_STEP][PASSED] - println(isRequiredTextPresent): null

24-10-2024T07:43:07 - [TEST_STEP][PASSED] - if (isRequiredTextPresent): null

24-10-2024T07:43:07 - [TEST_STEP][PASSED] - if (verifyTextPresent("UDF2 Label:", false)): null

24-10-2024T07:43:08 - [MESSAGE][PASSED] - Text 'UDF2 Label:' is present on page 

24-10-2024T07:43:08 - [TEST_STEP][PASSED] - isRequiredTextPresent = true: null

24-10-2024T07:43:08 - [TEST_STEP][PASSED] - println(isRequiredTextPresent): null

24-10-2024T07:43:08 - [TEST_STEP][PASSED] - if (isRequiredTextPresent): null

24-10-2024T07:43:08 - [TEST_STEP][PASSED] - if (verifyTextPresent("UDF3 Label:", false)): null

24-10-2024T07:43:08 - [MESSAGE][PASSED] - Text 'UDF3 Label:' is present on page 

24-10-2024T07:43:08 - [TEST_STEP][PASSED] - isRequiredTextPresent = true: null

24-10-2024T07:43:08 - [TEST_STEP][PASSED] - println(isRequiredTextPresent): null

24-10-2024T07:43:08 - [TEST_STEP][PASSED] - if (isRequiredTextPresent): null

24-10-2024T07:43:08 - [TEST_STEP][PASSED] - if (verifyTextPresent("UDF4 Label:", false)): null

24-10-2024T07:43:08 - [MESSAGE][PASSED] - Text 'UDF4 Label:' is present on page 

24-10-2024T07:43:08 - [TEST_STEP][PASSED] - isRequiredTextPresent = true: null

24-10-2024T07:43:08 - [TEST_STEP][PASSED] - println(isRequiredTextPresent): null

24-10-2024T07:43:08 - [TEST_STEP][PASSED] - if (isRequiredTextPresent): null

24-10-2024T07:43:08 - [TEST_STEP][PASSED] - if (verifyTextPresent("UDF7 Label:", false)): null

24-10-2024T07:43:08 - [MESSAGE][PASSED] - Text 'UDF7 Label:' is present on page 

24-10-2024T07:43:08 - [TEST_STEP][PASSED] - isRequiredTextPresent = true: null

24-10-2024T07:43:08 - [TEST_STEP][PASSED] - println(isRequiredTextPresent): null

24-10-2024T07:43:08 - [TEST_STEP][PASSED] - if (isRequiredTextPresent): null

24-10-2024T07:43:08 - [TEST_STEP][PASSED] - if (verifyTextPresent("UDF8 Label:", false)): null

24-10-2024T07:43:09 - [MESSAGE][PASSED] - Text 'UDF8 Label:' is present on page 

24-10-2024T07:43:09 - [TEST_STEP][PASSED] - isRequiredTextPresent = true: null

24-10-2024T07:43:09 - [TEST_STEP][PASSED] - println(isRequiredTextPresent): null

24-10-2024T07:43:09 - [TEST_STEP][PASSED] - if (isRequiredTextPresent): null

24-10-2024T07:43:09 - [TEST_STEP][PASSED] - if (verifyTextPresent("UDF9 Label:", false)): null

24-10-2024T07:43:09 - [MESSAGE][PASSED] - Text 'UDF9 Label:' is present on page 

24-10-2024T07:43:09 - [TEST_STEP][PASSED] - isRequiredTextPresent = true: null

24-10-2024T07:43:09 - [TEST_STEP][PASSED] - println(isRequiredTextPresent): null

24-10-2024T07:43:09 - [TEST_STEP][PASSED] - if (isRequiredTextPresent): null

24-10-2024T07:43:09 - [TEST_STEP][PASSED] - if (verifyTextPresent("Transaction Type:", false)): null

24-10-2024T07:43:09 - [MESSAGE][PASSED] - Text 'Transaction Type:' is present on page 

24-10-2024T07:43:09 - [TEST_STEP][PASSED] - isRequiredTextPresent = true: null

24-10-2024T07:43:09 - [TEST_STEP][PASSED] - println(isRequiredTextPresent): null

24-10-2024T07:43:09 - [TEST_STEP][PASSED] - if (isRequiredTextPresent): null

24-10-2024T07:43:09 - [TEST_STEP][PASSED] - if (verifyTextPresent("Amount:", false)): null

24-10-2024T07:43:09 - [MESSAGE][PASSED] - Text 'Amount:' is present on page 

24-10-2024T07:43:09 - [TEST_STEP][PASSED] - isRequiredTextPresent = true: null

24-10-2024T07:43:09 - [TEST_STEP][PASSED] - println(isRequiredTextPresent): null

24-10-2024T07:43:09 - [TEST_STEP][PASSED] - if (isRequiredTextPresent): null

24-10-2024T07:43:09 - [TEST_STEP][PASSED] - if (verifyTextPresent("Check Information:", false)): null

24-10-2024T07:43:10 - [MESSAGE][PASSED] - Text 'Check Information:' is present on page 

24-10-2024T07:43:10 - [TEST_STEP][PASSED] - isRequiredTextPresent = true: null

24-10-2024T07:43:10 - [TEST_STEP][PASSED] - println(isRequiredTextPresent): null

24-10-2024T07:43:10 - [TEST_STEP][PASSED] - if (isRequiredTextPresent): null

24-10-2024T07:43:10 - [TEST_STEP][PASSED] - if (verifyTextPresent("Account Type:", false)): null

24-10-2024T07:43:10 - [MESSAGE][PASSED] - Text 'Account Type:' is present on page 

24-10-2024T07:43:10 - [TEST_STEP][PASSED] - isRequiredTextPresent = true: null

24-10-2024T07:43:10 - [TEST_STEP][PASSED] - println(isRequiredTextPresent): null

24-10-2024T07:43:10 - [TEST_STEP][PASSED] - if (isRequiredTextPresent): null

24-10-2024T07:43:10 - [TEST_STEP][PASSED] - if (verifyTextPresent("Employer Identification Number(EIN):", false)): null

24-10-2024T07:43:10 - [MESSAGE][PASSED] - Text 'Employer Identification Number(EIN):' is present on page 

24-10-2024T07:43:10 - [TEST_STEP][PASSED] - isRequiredTextPresent = true: null

24-10-2024T07:43:10 - [TEST_STEP][PASSED] - println(isRequiredTextPresent): null

24-10-2024T07:43:10 - [TEST_STEP][PASSED] - if (isRequiredTextPresent): null

24-10-2024T07:43:10 - [TEST_STEP][PASSED] - if (verifyTextPresent("Account Number:", false)): null

24-10-2024T07:43:11 - [MESSAGE][PASSED] - Text 'Account Number:' is present on page 

24-10-2024T07:43:11 - [TEST_STEP][PASSED] - isRequiredTextPresent = true: null

24-10-2024T07:43:11 - [TEST_STEP][PASSED] - println(isRequiredTextPresent): null

24-10-2024T07:43:11 - [TEST_STEP][PASSED] - if (isRequiredTextPresent): null

24-10-2024T07:43:11 - [TEST_STEP][PASSED] - if (verifyTextPresent("Routing Number:", false)): null

24-10-2024T07:43:11 - [MESSAGE][PASSED] - Text 'Routing Number:' is present on page 

24-10-2024T07:43:11 - [TEST_STEP][PASSED] - isRequiredTextPresent = true: null

24-10-2024T07:43:11 - [TEST_STEP][PASSED] - println(isRequiredTextPresent): null

24-10-2024T07:43:11 - [TEST_STEP][PASSED] - if (isRequiredTextPresent): null

24-10-2024T07:43:11 - [TEST_STEP][PASSED] - if (verifyTextPresent("Company Name:", false)): null

24-10-2024T07:43:11 - [MESSAGE][PASSED] - Text 'Company Name:' is present on page 

24-10-2024T07:43:11 - [TEST_STEP][PASSED] - isRequiredTextPresent = true: null

24-10-2024T07:43:11 - [TEST_STEP][PASSED] - println(isRequiredTextPresent): null

24-10-2024T07:43:11 - [TEST_STEP][PASSED] - if (isRequiredTextPresent): null

24-10-2024T07:43:11 - [TEST_STEP][PASSED] - if (verifyTextPresent("Billing Information:", false)): null

24-10-2024T07:43:11 - [MESSAGE][PASSED] - Text 'Billing Information:' is present on page 

24-10-2024T07:43:11 - [TEST_STEP][PASSED] - isRequiredTextPresent = true: null

24-10-2024T07:43:11 - [TEST_STEP][PASSED] - println(isRequiredTextPresent): null

24-10-2024T07:43:11 - [TEST_STEP][PASSED] - if (isRequiredTextPresent): null

24-10-2024T07:43:11 - [TEST_STEP][PASSED] - if (verifyTextPresent("Address Line 1:", false)): null

24-10-2024T07:43:12 - [MESSAGE][PASSED] - Text 'Address Line 1:' is present on page 

24-10-2024T07:43:12 - [TEST_STEP][PASSED] - isRequiredTextPresent = true: null

24-10-2024T07:43:12 - [TEST_STEP][PASSED] - println(isRequiredTextPresent): null

24-10-2024T07:43:12 - [TEST_STEP][PASSED] - if (isRequiredTextPresent): null

24-10-2024T07:43:12 - [TEST_STEP][PASSED] - if (verifyTextPresent("Address Line 2:", false)): null

24-10-2024T07:43:12 - [MESSAGE][PASSED] - Text 'Address Line 2:' is present on page 

24-10-2024T07:43:12 - [TEST_STEP][PASSED] - isRequiredTextPresent = true: null

24-10-2024T07:43:12 - [TEST_STEP][PASSED] - println(isRequiredTextPresent): null

24-10-2024T07:43:12 - [TEST_STEP][PASSED] - if (isRequiredTextPresent): null

24-10-2024T07:43:12 - [TEST_STEP][PASSED] - if (verifyTextPresent("Country:", false)): null

24-10-2024T07:43:12 - [MESSAGE][PASSED] - Text 'Country:' is present on page 

24-10-2024T07:43:12 - [TEST_STEP][PASSED] - isRequiredTextPresent = true: null

24-10-2024T07:43:12 - [TEST_STEP][PASSED] - println(isRequiredTextPresent): null

24-10-2024T07:43:12 - [TEST_STEP][PASSED] - if (isRequiredTextPresent): null

24-10-2024T07:43:12 - [TEST_STEP][PASSED] - if (verifyTextPresent("City:", false)): null

24-10-2024T07:43:12 - [MESSAGE][PASSED] - Text 'City:' is present on page 

24-10-2024T07:43:12 - [TEST_STEP][PASSED] - isRequiredTextPresent = true: null

24-10-2024T07:43:12 - [TEST_STEP][PASSED] - println(isRequiredTextPresent): null

24-10-2024T07:43:12 - [TEST_STEP][PASSED] - if (isRequiredTextPresent): null

24-10-2024T07:43:12 - [TEST_STEP][PASSED] - if (verifyTextPresent("State:", false)): null

24-10-2024T07:43:13 - [MESSAGE][PASSED] - Text 'State:' is present on page 

24-10-2024T07:43:13 - [TEST_STEP][PASSED] - isRequiredTextPresent = true: null

24-10-2024T07:43:13 - [TEST_STEP][PASSED] - println(isRequiredTextPresent): null

24-10-2024T07:43:13 - [TEST_STEP][PASSED] - if (isRequiredTextPresent): null

24-10-2024T07:43:13 - [TEST_STEP][PASSED] - if (verifyTextPresent("Zip Code:", false)): null

24-10-2024T07:43:13 - [MESSAGE][PASSED] - Text 'Zip Code:' is present on page 

24-10-2024T07:43:13 - [TEST_STEP][PASSED] - isRequiredTextPresent = true: null

24-10-2024T07:43:13 - [TEST_STEP][PASSED] - println(isRequiredTextPresent): null

24-10-2024T07:43:13 - [TEST_STEP][PASSED] - if (isRequiredTextPresent): null

24-10-2024T07:43:13 - [TEST_STEP][PASSED] - if (verifyTextPresent("Plan Information:", false)): null

24-10-2024T07:43:13 - [MESSAGE][PASSED] - Text 'Plan Information:' is present on page 

24-10-2024T07:43:13 - [TEST_STEP][PASSED] - isRequiredTextPresent = true: null

24-10-2024T07:43:13 - [TEST_STEP][PASSED] - println(isRequiredTextPresent): null

24-10-2024T07:43:13 - [TEST_STEP][PASSED] - if (isRequiredTextPresent): null

24-10-2024T07:43:13 - [TEST_STEP][PASSED] - if (verifyTextPresent("Payment Plan Type:", false)): null

24-10-2024T07:43:14 - [MESSAGE][PASSED] - Text 'Payment Plan Type:' is present on page 

24-10-2024T07:43:14 - [TEST_STEP][PASSED] - isRequiredTextPresent = true: null

24-10-2024T07:43:14 - [TEST_STEP][PASSED] - println(isRequiredTextPresent): null

24-10-2024T07:43:14 - [TEST_STEP][PASSED] - if (isRequiredTextPresent): null

24-10-2024T07:43:14 - [TEST_STEP][PASSED] - if (verifyTextPresent("Payment Plan ID:", false)): null

24-10-2024T07:43:14 - [MESSAGE][PASSED] - Text 'Payment Plan ID:' is present on page 

24-10-2024T07:43:14 - [TEST_STEP][PASSED] - isRequiredTextPresent = true: null

24-10-2024T07:43:14 - [TEST_STEP][PASSED] - println(isRequiredTextPresent): null

24-10-2024T07:43:14 - [TEST_STEP][PASSED] - if (isRequiredTextPresent): null

24-10-2024T07:43:14 - [TEST_STEP][PASSED] - if (verifyTextPresent("Start Date:", false)): null

24-10-2024T07:43:14 - [MESSAGE][PASSED] - Text 'Start Date:' is present on page 

24-10-2024T07:43:14 - [TEST_STEP][PASSED] - isRequiredTextPresent = true: null

24-10-2024T07:43:14 - [TEST_STEP][PASSED] - println(isRequiredTextPresent): null

24-10-2024T07:43:14 - [TEST_STEP][PASSED] - if (isRequiredTextPresent == true): pages.WriteExcel.demoKey is PASSED

24-10-2024T07:43:14 - [TEST_STEP][PASSED] - println("All the relevant texts are present on Receipt Page"): null

24-10-2024T07:43:14 - [TEST_STEP][PASSED] - markPassed("All the relevant texts are present on Receipt Page"): All the relevant texts are present on Receipt Page

24-10-2024T07:43:14 - [MESSAGE][PASSED] - All the relevant texts are present on Receipt Page

24-10-2024T07:43:14 - [TEST_STEP][PASSED] - resText = "Pass": null

24-10-2024T07:43:14 - [TEST_STEP][PASSED] - pages.WriteExcel.demoKey(resText, datText, resColumn, datCloumn, fileLoc, nameSheet, row): pages.WriteExcel.demoKey is PASSED

24-10-2024T07:43:14 - [MESSAGE][PASSED] - pages.WriteExcel.demoKey is PASSED

24-10-2024T07:43:14 - [TEST_STEP][PASSED] - closeBrowser(): Browser is closed

24-10-2024T07:43:15 - [MESSAGE][PASSED] - Browser is closed

24-10-2024T07:43:15 - [TEST_STEP][PASSED] - ExecuteTC = dataFile.getValue("Execute", row): null

24-10-2024T07:43:15 - [TEST_STEP][PASSED] - out.println("Value of Execute is : " + ExecuteTC): null

24-10-2024T07:43:15 - [TEST_STEP][PASSED] - if (ExecuteTC.equalsIgnoreCase("Y")): null

24-10-2024T07:43:15 - [TEST_STEP][PASSED] - out.println("Begin Record Number: " + row): null

24-10-2024T07:43:15 - [TEST_STEP][PASSED] - today = new java.util.Date(): null

24-10-2024T07:43:15 - [TEST_STEP][PASSED] - println(today): null

24-10-2024T07:43:15 - [TEST_STEP][PASSED] - datText = today: null

24-10-2024T07:43:15 - [TEST_STEP][PASSED] - EmulatorDataKey = dataFile.getValue("EmulatorData", row): null

24-10-2024T07:43:15 - [TEST_STEP][PASSED] - out.println("Value of Emulator Key is : " + EmulatorDataKey): null

24-10-2024T07:43:15 - [TEST_STEP][PASSED] - iwpPages.emulatorIWP30.setDataEmulator_DD(EmulatorDataKey): iwpPages.emulatorIWP30.setDataEmulator_DD is PASSED

24-10-2024T07:43:15 - [MESSAGE][INFO] - Starting 'Edge Chromium' driver

24-10-2024T07:43:15 - [MESSAGE][INFO] - User set preference: ['acceptInsecureCerts', 'true']

24-10-2024T07:43:17 - [MESSAGE][INFO] - Action delay is set to 0 milliseconds

24-10-2024T07:43:22 - [MESSAGE][PASSED] - Browser is opened with url: 'https://qa2.velocitypayment.com/agencyx/config.action?action=editor&message_version=3_0'

24-10-2024T07:43:22 - [MESSAGE][PASSED] - Current window maximized

24-10-2024T07:43:53 - [MESSAGE][INFO] - Unable to find the element located by 'By.xpath: //select[@name='message_version']'. Please recheck the objects properties to make sure the desired element is located. 

24-10-2024T07:43:53 - [MESSAGE][WARNING] - [SELF-HEALING] Failed to find element with id 'Object Repository/IWP30/Page_VRelay30Emulator/MV'. Try using Self-healing.

24-10-2024T07:43:53 - [MESSAGE][WARNING] - [SELF-HEALING] The current locator of test object 'Object Repository/IWP30/Page_VRelay30Emulator/MV' was broken. Propose an alternative one: '(.//*[normalize-space(text()) and normalize-space(.)='Message Version'])[1]/following::select[1]'.

24-10-2024T07:43:54 - [MESSAGE][PASSED] - All options with value '3.0' are selected in object 'Object Repository/IWP30/Page_VRelay30Emulator/MV'  using regular expression

24-10-2024T07:43:54 - [MESSAGE][PASSED] - Text '10.50' is set on object 'Object Repository/IWP30/Page_EmulatorAgencyX/Amount'

24-10-2024T07:43:55 - [MESSAGE][PASSED] - Text 'GaWf2eJxmIIu' is set on object 'Object Repository/IWP30/Page_EmulatorAgencyX/CAN'

24-10-2024T07:43:56 - [MESSAGE][PASSED] - Text 'PayNow' is set on object 'Object Repository/IWP30/Page_EmulatorAgencyX/Action'

24-10-2024T07:43:56 - [MESSAGE][PASSED] - Text 'en_US' is set on object 'Object Repository/IWP30/Page_EmulatorAgencyX/Lang'

24-10-2024T07:43:57 - [MESSAGE][PASSED] - Text '' is set on object 'Object Repository/IWP30/Page_EmulatorAgencyX/Fname'

24-10-2024T07:43:57 - [MESSAGE][PASSED] - Text '' is set on object 'Object Repository/IWP30/Page_EmulatorAgencyX/Lname'

24-10-2024T07:43:58 - [MESSAGE][PASSED] - Text '' is set on object 'Object Repository/IWP30/Page_EmulatorAgencyX/AL1'

24-10-2024T07:43:58 - [MESSAGE][PASSED] - Text '' is set on object 'Object Repository/IWP30/Page_EmulatorAgencyX/AL2'

24-10-2024T07:43:59 - [MESSAGE][PASSED] - Text '' is set on object 'Object Repository/IWP30/Page_EmulatorAgencyX/Country'

24-10-2024T07:44:00 - [MESSAGE][PASSED] - Text '' is set on object 'Object Repository/IWP30/Page_EmulatorAgencyX/City'

24-10-2024T07:44:00 - [MESSAGE][PASSED] - Text '' is set on object 'Object Repository/IWP30/Page_EmulatorAgencyX/State'

24-10-2024T07:44:01 - [MESSAGE][PASSED] - Text '' is set on object 'Object Repository/IWP30/Page_EmulatorAgencyX/ZIP'

24-10-2024T07:44:01 - [MESSAGE][PASSED] - Text '' is set on object 'Object Repository/IWP30/Page_EmulatorAgencyX/Order'

24-10-2024T07:44:02 - [MESSAGE][PASSED] - Text '' is set on object 'Object Repository/IWP30/Page_EmulatorAgencyX/Company'

24-10-2024T07:44:02 - [MESSAGE][PASSED] - Text '' is set on object 'Object Repository/IWP30/Page_EmulatorAgencyX/Email'

24-10-2024T07:44:03 - [MESSAGE][PASSED] - Text '' is set on object 'Object Repository/IWP30/Page_EmulatorAgencyX/UDF1'

24-10-2024T07:44:04 - [MESSAGE][PASSED] - Text '' is set on object 'Object Repository/IWP30/Page_EmulatorAgencyX/UDF2'

24-10-2024T07:44:04 - [MESSAGE][PASSED] - Text '' is set on object 'Object Repository/IWP30/Page_EmulatorAgencyX/UDF3'

24-10-2024T07:44:05 - [MESSAGE][PASSED] - Text 'udf data 4' is set on object 'Object Repository/IWP30/Page_EmulatorAgencyX/UDF4'

24-10-2024T07:44:05 - [MESSAGE][PASSED] - Text 'udf data 5' is set on object 'Object Repository/IWP30/Page_EmulatorAgencyX/UDF5'

24-10-2024T07:44:06 - [MESSAGE][PASSED] - Text '' is set on object 'Object Repository/IWP30/Page_EmulatorAgencyX/UDF6'

24-10-2024T07:44:06 - [MESSAGE][PASSED] - Text '' is set on object 'Object Repository/IWP30/Page_EmulatorAgencyX/UDF7'

24-10-2024T07:44:07 - [MESSAGE][PASSED] - Text '' is set on object 'Object Repository/IWP30/Page_EmulatorAgencyX/UDF8'

24-10-2024T07:44:08 - [MESSAGE][PASSED] - Text 'udf data 9' is set on object 'Object Repository/IWP30/Page_EmulatorAgencyX/UDF9'

24-10-2024T07:44:08 - [MESSAGE][PASSED] - Text 'udf data 10' is set on object 'Object Repository/IWP30/Page_EmulatorAgencyX/UDF10'

24-10-2024T07:44:10 - [MESSAGE][PASSED] - Object: 'Object Repository/IWP30/Page_EmulatorAgencyX/Submit' is clicked on

24-10-2024T07:44:14 - [MESSAGE][PASSED] - Browser is closed

24-10-2024T07:44:18 - [MESSAGE][PASSED] - iwpPages.emulatorIWP30.setDataEmulator_DD is PASSED

24-10-2024T07:44:18 - [TEST_STEP][PASSED] - testHarnessURL = urlTestHarness: null

24-10-2024T07:44:18 - [TEST_STEP][PASSED] - openBrowser(testHarnessURL): Browser is opened with url: 'https://dev-algorithm.govolution.com/vrelaytest/QA2/version_2_2/vrelaytest.html'

24-10-2024T07:44:18 - [MESSAGE][INFO] - Starting 'Edge Chromium' driver

24-10-2024T07:44:18 - [MESSAGE][INFO] - User set preference: ['acceptInsecureCerts', 'true']

24-10-2024T07:44:20 - [MESSAGE][INFO] - Action delay is set to 0 milliseconds

24-10-2024T07:44:23 - [MESSAGE][PASSED] - Browser is opened with url: 'https://dev-algorithm.govolution.com/vrelaytest/QA2/version_2_2/vrelaytest.html'

24-10-2024T07:44:23 - [TEST_STEP][PASSED] - maximizeWindow(): Current window maximized

24-10-2024T07:44:24 - [MESSAGE][PASSED] - Current window maximized

24-10-2024T07:44:24 - [TEST_STEP][PASSED] - iwpPages.TestHarnessPage.setDataMethodEF(row, dataFile): iwpPages.TestHarnessPage.setDataMethodEF is PASSED

24-10-2024T07:44:24 - [MESSAGE][PASSED] - Object 'Object Repository/IWP30/Page_QATestHarness/RemittanceID' is present

24-10-2024T07:44:25 - [MESSAGE][PASSED] - Text '649' is set on object 'Object Repository/IWP30/Page_QATestHarness/ApplicationID'

24-10-2024T07:44:25 - [MESSAGE][PASSED] - Text '3.0' is set on object 'Object Repository/IWP30/Page_QATestHarness/MessageVersion'

24-10-2024T07:44:26 - [MESSAGE][PASSED] - Text 'qHy19863zZL6' is set on object 'Object Repository/IWP30/Page_QATestHarness/RemittanceID'

24-10-2024T07:44:29 - [MESSAGE][PASSED] - Object: 'Object Repository/IWP30/Page_QATestHarness/SubmitButton' is clicked on

24-10-2024T07:44:29 - [MESSAGE][PASSED] - iwpPages.TestHarnessPage.setDataMethodEF is PASSED

24-10-2024T07:44:29 - [TEST_STEP][PASSED] - click(findTestObject("Object Repository/IWP30/Page_SelectPaymentMethod/PayByCorporateCheck")): Object: 'Object Repository/IWP30/Page_SelectPaymentMethod/PayByCorporateCheck' is clicked on

24-10-2024T07:44:30 - [MESSAGE][PASSED] - Object: 'Object Repository/IWP30/Page_SelectPaymentMethod/PayByCorporateCheck' is clicked on

24-10-2024T07:44:30 - [TEST_STEP][PASSED] - click(findTestObject("Object Repository/IWP30/Page_SelectPaymentMethod/MakePaymentButton")): Object: 'Object Repository/IWP30/Page_SelectPaymentMethod/MakePaymentButton' is clicked on

24-10-2024T07:44:32 - [MESSAGE][PASSED] - Object: 'Object Repository/IWP30/Page_SelectPaymentMethod/MakePaymentButton' is clicked on

24-10-2024T07:44:32 - [TEST_STEP][PASSED] - iwpPages.achCorporatePaymentEntryPage.setDataCorporate(row, dataFile): iwpPages.achCorporatePaymentEntryPage.setDataCorporate is PASSED

24-10-2024T07:44:33 - [MESSAGE][PASSED] - Object 'Object Repository/IWP30/Page_ACHCorporatePaymentEntry/txt_accountNumber' is present

24-10-2024T07:44:33 - [MESSAGE][PASSED] - Object 'Object Repository/IWP30/Page_ACHCorporatePaymentEntry/input_CompanyName' is present

24-10-2024T07:44:33 - [MESSAGE][PASSED] - Text 'My Company' is set on object 'Object Repository/IWP30/Page_ACHCorporatePaymentEntry/input_CompanyName'

24-10-2024T07:44:34 - [MESSAGE][PASSED] - Object 'Object Repository/IWP30/Page_ACHCorporatePaymentEntry/input_EIN' is present

24-10-2024T07:44:34 - [MESSAGE][PASSED] - Text '123456789' is set on object 'Object Repository/IWP30/Page_ACHCorporatePaymentEntry/input_EIN'

24-10-2024T07:44:35 - [MESSAGE][PASSED] - Text '10.50' is set on object 'Object Repository/IWP30/Page_ACHCorporatePaymentEntry/txt_Amount'

24-10-2024T07:44:35 - [MESSAGE][PASSED] - Text 'udf data 2' is set on object 'Object Repository/IWP30/Page_ACHCorporatePaymentEntry/txt_UDF2'

24-10-2024T07:44:36 - [MESSAGE][PASSED] - Text 'udf data 3' is set on object 'Object Repository/IWP30/Page_ACHCorporatePaymentEntry/txt_UDF3'

24-10-2024T07:44:37 - [MESSAGE][PASSED] - All options with label 'Orange' are selected in object 'Object Repository/IWP30/Page_ACHCorporatePaymentEntry/dd_UDF7' 

24-10-2024T07:44:37 - [MESSAGE][PASSED] - All options with label 'Soccer' are selected in object 'Object Repository/IWP30/Page_ACHCorporatePaymentEntry/dd_UDF8' 

24-10-2024T07:44:37 - [MESSAGE][PASSED] - Object 'Object Repository/IWP30/Page_ACHCorporatePaymentEntry/txt_routingNumber' is present

24-10-2024T07:44:38 - [MESSAGE][PASSED] - Text '256072691' is set on object 'Object Repository/IWP30/Page_ACHCorporatePaymentEntry/txt_routingNumber'

24-10-2024T07:44:38 - [MESSAGE][PASSED] - Object 'Object Repository/IWP30/Page_ACHCorporatePaymentEntry/txt_accountNumber' is present

24-10-2024T07:44:39 - [MESSAGE][PASSED] - Text '12344444' is set on object 'Object Repository/IWP30/Page_ACHCorporatePaymentEntry/txt_accountNumber'

24-10-2024T07:44:40 - [MESSAGE][PASSED] - Object 'Object Repository/IWP30/Page_ACHCorporatePaymentEntry/txt_confirmAccountNumber' is present

24-10-2024T07:44:40 - [MESSAGE][PASSED] - Text '12344444' is set on object 'Object Repository/IWP30/Page_ACHCorporatePaymentEntry/txt_confirmAccountNumber'

24-10-2024T07:44:40 - [MESSAGE][PASSED] - Execute JavaScript '
				   document.getElementById('processDate').value = '08/09/2025'
				  ' successfully

24-10-2024T07:44:41 - [MESSAGE][PASSED] - Text '365 Main Avenue' is set on object 'Object Repository/IWP30/Page_ACHCorporatePaymentEntry/txt_AL1'

24-10-2024T07:44:42 - [MESSAGE][PASSED] - Text 'Ohio' is set on object 'Object Repository/IWP30/Page_ACHCorporatePaymentEntry/txt_AL2'

24-10-2024T07:44:42 - [MESSAGE][PASSED] - Text '22201' is set on object 'Object Repository/IWP30/Page_ACHCorporatePaymentEntry/txt_ZIP'

24-10-2024T07:44:42 - [MESSAGE][PASSED] - Object 'Object Repository/IWP30/Page_ACHCorporatePaymentEntry/txt_Email' is present

24-10-2024T07:44:43 - [MESSAGE][PASSED] - Text 'iahmed@govolution.com' is set on object 'Object Repository/IWP30/Page_ACHCorporatePaymentEntry/txt_Email'

24-10-2024T07:44:44 - [MESSAGE][PASSED] - Object 'Object Repository/IWP30/Page_ACHCorporatePaymentEntry/cb_TermsAndCond' is present

24-10-2024T07:44:44 - [MESSAGE][PASSED] - Object: 'Object Repository/IWP30/Page_ACHCorporatePaymentEntry/cb_TermsAndCond' is clicked on

24-10-2024T07:44:44 - [MESSAGE][PASSED] - Object 'Object Repository/IWP30/Page_ACHCorporatePaymentEntry/btn_Continue' is present

24-10-2024T07:44:45 - [MESSAGE][PASSED] - Object: 'Object Repository/IWP30/Page_ACHCorporatePaymentEntry/btn_Continue' is clicked on

24-10-2024T07:44:45 - [MESSAGE][PASSED] - iwpPages.achCorporatePaymentEntryPage.setDataCorporate is PASSED

24-10-2024T07:44:45 - [TEST_STEP][PASSED] - click(findTestObject("Object Repository/IWP30/Page_Confirmation/ConfirmButton")): Object: 'Object Repository/IWP30/Page_Confirmation/ConfirmButton' is clicked on

24-10-2024T07:45:17 - [MESSAGE][INFO] - Unable to find the element located by 'By.xpath: //*[@type = 'submit' and @name = 'confirmNotifyAction' and @id = 'submitYes' and @value = 'Confirm']'. Please recheck the objects properties to make sure the desired element is located. 

24-10-2024T07:45:17 - [MESSAGE][WARNING] - [SELF-HEALING] Failed to find element with id 'Object Repository/IWP30/Page_Confirmation/ConfirmButton'. Try using Self-healing.

24-10-2024T07:45:17 - [MESSAGE][WARNING] - [SELF-HEALING] The current locator of test object 'Object Repository/IWP30/Page_Confirmation/ConfirmButton' was broken. Propose an alternative one: '//div/input'.

24-10-2024T07:45:19 - [MESSAGE][PASSED] - Object: 'Object Repository/IWP30/Page_Confirmation/ConfirmButton' is clicked on

24-10-2024T07:45:19 - [TEST_STEP][PASSED] - Thread.sleep(2000): null

24-10-2024T07:45:21 - [TEST_STEP][PASSED] - if (verifyTextPresent("Deferred", false)): null

24-10-2024T07:45:21 - [MESSAGE][PASSED] - Text 'Deferred' is present on page 

24-10-2024T07:45:21 - [TEST_STEP][PASSED] - click(findTestObject("Object Repository/IWP30/Page_Receipt/ViewScheduledPaymentsButton")): Object: 'Object Repository/IWP30/Page_Receipt/ViewScheduledPaymentsButton' is clicked on

24-10-2024T07:45:21 - [MESSAGE][PASSED] - Object: 'Object Repository/IWP30/Page_Receipt/ViewScheduledPaymentsButton' is clicked on

24-10-2024T07:45:21 - [TEST_STEP][PASSED] - switchToWindowTitle("View Scheduled Payments"): Switched to window with title: 'View Scheduled Payments'

24-10-2024T07:45:22 - [MESSAGE][PASSED] - Switched to window with title: 'View Scheduled Payments'

24-10-2024T07:45:22 - [TEST_STEP][PASSED] - Thread.sleep(5000): null

24-10-2024T07:45:27 - [TEST_STEP][PASSED] - if (verifyTextPresent("View Scheduled Payments", false)): null

24-10-2024T07:45:27 - [MESSAGE][PASSED] - Text 'View Scheduled Payments' is present on page 

24-10-2024T07:45:27 - [TEST_STEP][PASSED] - click(findTestObject("Object Repository/IWP30/Page_ScheduledPayments/edit_payment")): Object: 'Object Repository/IWP30/Page_ScheduledPayments/edit_payment' is clicked on

24-10-2024T07:45:29 - [MESSAGE][PASSED] - Object: 'Object Repository/IWP30/Page_ScheduledPayments/edit_payment' is clicked on

24-10-2024T07:45:29 - [TEST_STEP][PASSED] - iwpPages.editSchedulePayment.setDataSchedPaymentEF(row, dataFile): iwpPages.editSchedulePayment.setDataSchedPaymentEF is PASSED

24-10-2024T07:45:30 - [MESSAGE][PASSED] - Text 'Edit Payment Plan' is present on page 

24-10-2024T07:45:31 - [MESSAGE][PASSED] - All options with label 'Orange' are selected in object 'Object Repository/IWP30/Page_CCPaymentEntry/UserDefined7' 

24-10-2024T07:45:31 - [MESSAGE][PASSED] - All options with label 'Soccer' are selected in object 'Object Repository/IWP30/Page_CCPaymentEntry/UserDefined8' 

24-10-2024T07:45:31 - [MESSAGE][PASSED] - Execute JavaScript '
				   document.getElementById('processDate').value = '08/09/2045'
				  ' successfully

24-10-2024T07:45:31 - [MESSAGE][PASSED] - iwpPages.editSchedulePayment.setDataSchedPaymentEF is PASSED

24-10-2024T07:45:31 - [TEST_STEP][PASSED] - click(findTestObject("Object Repository/Page_EditSchedPayment/chkbox_acceptterms")): Object: 'Object Repository/Page_EditSchedPayment/chkbox_acceptterms' is clicked on

24-10-2024T07:45:32 - [MESSAGE][PASSED] - Object: 'Object Repository/Page_EditSchedPayment/chkbox_acceptterms' is clicked on

24-10-2024T07:45:32 - [TEST_STEP][PASSED] - click(findTestObject("Object Repository/Page_EditSchedPayment/btn_update")): Object: 'Object Repository/Page_EditSchedPayment/btn_update' is clicked on

24-10-2024T07:45:33 - [MESSAGE][PASSED] - Object: 'Object Repository/Page_EditSchedPayment/btn_update' is clicked on

24-10-2024T07:45:33 - [TEST_STEP][PASSED] - if (verifyTextPresent("Successful Payment Plan Update", false)): null

24-10-2024T07:45:34 - [MESSAGE][PASSED] - Text 'Successful Payment Plan Update' is present on page 

24-10-2024T07:45:34 - [TEST_STEP][PASSED] - isRequiredTextPresent = true: null

24-10-2024T07:45:34 - [TEST_STEP][PASSED] - println(isRequiredTextPresent): null

24-10-2024T07:45:34 - [TEST_STEP][PASSED] - if (isRequiredTextPresent): null

24-10-2024T07:45:34 - [TEST_STEP][PASSED] - if (verifyTextPresent("CAN Label:", false)): null

24-10-2024T07:45:34 - [MESSAGE][PASSED] - Text 'CAN Label:' is present on page 

24-10-2024T07:45:34 - [TEST_STEP][PASSED] - isRequiredTextPresent = true: null

24-10-2024T07:45:34 - [TEST_STEP][PASSED] - println(isRequiredTextPresent): null

24-10-2024T07:45:34 - [TEST_STEP][PASSED] - if (isRequiredTextPresent): null

24-10-2024T07:45:34 - [TEST_STEP][PASSED] - if (verifyTextPresent("Remittance ID:", false)): null

24-10-2024T07:45:34 - [MESSAGE][PASSED] - Text 'Remittance ID:' is present on page 

24-10-2024T07:45:34 - [TEST_STEP][PASSED] - isRequiredTextPresent = true: null

24-10-2024T07:45:34 - [TEST_STEP][PASSED] - println(isRequiredTextPresent): null

24-10-2024T07:45:34 - [TEST_STEP][PASSED] - if (isRequiredTextPresent): null

24-10-2024T07:45:34 - [TEST_STEP][PASSED] - if (verifyTextPresent("UDF2 Label:", false)): null

24-10-2024T07:45:35 - [MESSAGE][PASSED] - Text 'UDF2 Label:' is present on page 

24-10-2024T07:45:35 - [TEST_STEP][PASSED] - isRequiredTextPresent = true: null

24-10-2024T07:45:35 - [TEST_STEP][PASSED] - println(isRequiredTextPresent): null

24-10-2024T07:45:35 - [TEST_STEP][PASSED] - if (isRequiredTextPresent): null

24-10-2024T07:45:35 - [TEST_STEP][PASSED] - if (verifyTextPresent("UDF3 Label:", false)): null

24-10-2024T07:45:35 - [MESSAGE][PASSED] - Text 'UDF3 Label:' is present on page 

24-10-2024T07:45:35 - [TEST_STEP][PASSED] - isRequiredTextPresent = true: null

24-10-2024T07:45:35 - [TEST_STEP][PASSED] - println(isRequiredTextPresent): null

24-10-2024T07:45:35 - [TEST_STEP][PASSED] - if (isRequiredTextPresent): null

24-10-2024T07:45:35 - [TEST_STEP][PASSED] - if (verifyTextPresent("UDF4 Label:", false)): null

24-10-2024T07:45:35 - [MESSAGE][PASSED] - Text 'UDF4 Label:' is present on page 

24-10-2024T07:45:35 - [TEST_STEP][PASSED] - isRequiredTextPresent = true: null

24-10-2024T07:45:35 - [TEST_STEP][PASSED] - println(isRequiredTextPresent): null

24-10-2024T07:45:35 - [TEST_STEP][PASSED] - if (isRequiredTextPresent): null

24-10-2024T07:45:35 - [TEST_STEP][PASSED] - if (verifyTextPresent("UDF7 Label:", false)): null

24-10-2024T07:45:35 - [MESSAGE][PASSED] - Text 'UDF7 Label:' is present on page 

24-10-2024T07:45:35 - [TEST_STEP][PASSED] - isRequiredTextPresent = true: null

24-10-2024T07:45:35 - [TEST_STEP][PASSED] - println(isRequiredTextPresent): null

24-10-2024T07:45:35 - [TEST_STEP][PASSED] - if (isRequiredTextPresent): null

24-10-2024T07:45:35 - [TEST_STEP][PASSED] - if (verifyTextPresent("UDF8 Label:", false)): null

24-10-2024T07:45:36 - [MESSAGE][PASSED] - Text 'UDF8 Label:' is present on page 

24-10-2024T07:45:36 - [TEST_STEP][PASSED] - isRequiredTextPresent = true: null

24-10-2024T07:45:36 - [TEST_STEP][PASSED] - println(isRequiredTextPresent): null

24-10-2024T07:45:36 - [TEST_STEP][PASSED] - if (isRequiredTextPresent): null

24-10-2024T07:45:36 - [TEST_STEP][PASSED] - if (verifyTextPresent("UDF9 Label:", false)): null

24-10-2024T07:45:36 - [MESSAGE][PASSED] - Text 'UDF9 Label:' is present on page 

24-10-2024T07:45:36 - [TEST_STEP][PASSED] - isRequiredTextPresent = true: null

24-10-2024T07:45:36 - [TEST_STEP][PASSED] - println(isRequiredTextPresent): null

24-10-2024T07:45:36 - [TEST_STEP][PASSED] - if (isRequiredTextPresent): null

24-10-2024T07:45:36 - [TEST_STEP][PASSED] - if (verifyTextPresent("Transaction Type:", false)): null

24-10-2024T07:45:36 - [MESSAGE][PASSED] - Text 'Transaction Type:' is present on page 

24-10-2024T07:45:36 - [TEST_STEP][PASSED] - isRequiredTextPresent = true: null

24-10-2024T07:45:36 - [TEST_STEP][PASSED] - println(isRequiredTextPresent): null

24-10-2024T07:45:36 - [TEST_STEP][PASSED] - if (isRequiredTextPresent): null

24-10-2024T07:45:36 - [TEST_STEP][PASSED] - if (verifyTextPresent("Amount:", false)): null

24-10-2024T07:45:37 - [MESSAGE][PASSED] - Text 'Amount:' is present on page 

24-10-2024T07:45:37 - [TEST_STEP][PASSED] - isRequiredTextPresent = true: null

24-10-2024T07:45:37 - [TEST_STEP][PASSED] - println(isRequiredTextPresent): null

24-10-2024T07:45:37 - [TEST_STEP][PASSED] - if (isRequiredTextPresent): null

24-10-2024T07:45:37 - [TEST_STEP][PASSED] - if (verifyTextPresent("Check Information:", false)): null

24-10-2024T07:45:37 - [MESSAGE][PASSED] - Text 'Check Information:' is present on page 

24-10-2024T07:45:37 - [TEST_STEP][PASSED] - isRequiredTextPresent = true: null

24-10-2024T07:45:37 - [TEST_STEP][PASSED] - println(isRequiredTextPresent): null

24-10-2024T07:45:37 - [TEST_STEP][PASSED] - if (isRequiredTextPresent): null

24-10-2024T07:45:37 - [TEST_STEP][PASSED] - if (verifyTextPresent("Account Type:", false)): null

24-10-2024T07:45:37 - [MESSAGE][PASSED] - Text 'Account Type:' is present on page 

24-10-2024T07:45:37 - [TEST_STEP][PASSED] - isRequiredTextPresent = true: null

24-10-2024T07:45:37 - [TEST_STEP][PASSED] - println(isRequiredTextPresent): null

24-10-2024T07:45:37 - [TEST_STEP][PASSED] - if (isRequiredTextPresent): null

24-10-2024T07:45:37 - [TEST_STEP][PASSED] - if (verifyTextPresent("Employer Identification Number(EIN):", false)): null

24-10-2024T07:45:37 - [MESSAGE][PASSED] - Text 'Employer Identification Number(EIN):' is present on page 

24-10-2024T07:45:37 - [TEST_STEP][PASSED] - isRequiredTextPresent = true: null

24-10-2024T07:45:37 - [TEST_STEP][PASSED] - println(isRequiredTextPresent): null

24-10-2024T07:45:37 - [TEST_STEP][PASSED] - if (isRequiredTextPresent): null

24-10-2024T07:45:37 - [TEST_STEP][PASSED] - if (verifyTextPresent("Account Number:", false)): null

24-10-2024T07:45:38 - [MESSAGE][PASSED] - Text 'Account Number:' is present on page 

24-10-2024T07:45:38 - [TEST_STEP][PASSED] - isRequiredTextPresent = true: null

24-10-2024T07:45:38 - [TEST_STEP][PASSED] - println(isRequiredTextPresent): null

24-10-2024T07:45:38 - [TEST_STEP][PASSED] - if (isRequiredTextPresent): null

24-10-2024T07:45:38 - [TEST_STEP][PASSED] - if (verifyTextPresent("Routing Number:", false)): null

24-10-2024T07:45:38 - [MESSAGE][PASSED] - Text 'Routing Number:' is present on page 

24-10-2024T07:45:38 - [TEST_STEP][PASSED] - isRequiredTextPresent = true: null

24-10-2024T07:45:38 - [TEST_STEP][PASSED] - println(isRequiredTextPresent): null

24-10-2024T07:45:38 - [TEST_STEP][PASSED] - if (isRequiredTextPresent): null

24-10-2024T07:45:38 - [TEST_STEP][PASSED] - if (verifyTextPresent("Company Name:", false)): null

24-10-2024T07:45:38 - [MESSAGE][PASSED] - Text 'Company Name:' is present on page 

24-10-2024T07:45:38 - [TEST_STEP][PASSED] - isRequiredTextPresent = true: null

24-10-2024T07:45:38 - [TEST_STEP][PASSED] - println(isRequiredTextPresent): null

24-10-2024T07:45:38 - [TEST_STEP][PASSED] - if (isRequiredTextPresent): null

24-10-2024T07:45:38 - [TEST_STEP][PASSED] - if (verifyTextPresent("Billing Information:", false)): null

24-10-2024T07:45:38 - [MESSAGE][PASSED] - Text 'Billing Information:' is present on page 

24-10-2024T07:45:38 - [TEST_STEP][PASSED] - isRequiredTextPresent = true: null

24-10-2024T07:45:38 - [TEST_STEP][PASSED] - println(isRequiredTextPresent): null

24-10-2024T07:45:38 - [TEST_STEP][PASSED] - if (isRequiredTextPresent): null

24-10-2024T07:45:38 - [TEST_STEP][PASSED] - if (verifyTextPresent("Address Line 1:", false)): null

24-10-2024T07:45:39 - [MESSAGE][PASSED] - Text 'Address Line 1:' is present on page 

24-10-2024T07:45:39 - [TEST_STEP][PASSED] - isRequiredTextPresent = true: null

24-10-2024T07:45:39 - [TEST_STEP][PASSED] - println(isRequiredTextPresent): null

24-10-2024T07:45:39 - [TEST_STEP][PASSED] - if (isRequiredTextPresent): null

24-10-2024T07:45:39 - [TEST_STEP][PASSED] - if (verifyTextPresent("Address Line 2:", false)): null

24-10-2024T07:45:39 - [MESSAGE][PASSED] - Text 'Address Line 2:' is present on page 

24-10-2024T07:45:39 - [TEST_STEP][PASSED] - isRequiredTextPresent = true: null

24-10-2024T07:45:39 - [TEST_STEP][PASSED] - println(isRequiredTextPresent): null

24-10-2024T07:45:39 - [TEST_STEP][PASSED] - if (isRequiredTextPresent): null

24-10-2024T07:45:39 - [TEST_STEP][PASSED] - if (verifyTextPresent("Country:", false)): null

24-10-2024T07:45:39 - [MESSAGE][PASSED] - Text 'Country:' is present on page 

24-10-2024T07:45:39 - [TEST_STEP][PASSED] - isRequiredTextPresent = true: null

24-10-2024T07:45:39 - [TEST_STEP][PASSED] - println(isRequiredTextPresent): null

24-10-2024T07:45:39 - [TEST_STEP][PASSED] - if (isRequiredTextPresent): null

24-10-2024T07:45:39 - [TEST_STEP][PASSED] - if (verifyTextPresent("City:", false)): null

24-10-2024T07:45:40 - [MESSAGE][PASSED] - Text 'City:' is present on page 

24-10-2024T07:45:40 - [TEST_STEP][PASSED] - isRequiredTextPresent = true: null

24-10-2024T07:45:40 - [TEST_STEP][PASSED] - println(isRequiredTextPresent): null

24-10-2024T07:45:40 - [TEST_STEP][PASSED] - if (isRequiredTextPresent): null

24-10-2024T07:45:40 - [TEST_STEP][PASSED] - if (verifyTextPresent("State:", false)): null

24-10-2024T07:45:40 - [MESSAGE][PASSED] - Text 'State:' is present on page 

24-10-2024T07:45:40 - [TEST_STEP][PASSED] - isRequiredTextPresent = true: null

24-10-2024T07:45:40 - [TEST_STEP][PASSED] - println(isRequiredTextPresent): null

24-10-2024T07:45:40 - [TEST_STEP][PASSED] - if (isRequiredTextPresent): null

24-10-2024T07:45:40 - [TEST_STEP][PASSED] - if (verifyTextPresent("Zip Code:", false)): null

24-10-2024T07:45:40 - [MESSAGE][PASSED] - Text 'Zip Code:' is present on page 

24-10-2024T07:45:40 - [TEST_STEP][PASSED] - isRequiredTextPresent = true: null

24-10-2024T07:45:40 - [TEST_STEP][PASSED] - println(isRequiredTextPresent): null

24-10-2024T07:45:40 - [TEST_STEP][PASSED] - if (isRequiredTextPresent): null

24-10-2024T07:45:40 - [TEST_STEP][PASSED] - if (verifyTextPresent("Plan Information:", false)): null

24-10-2024T07:45:40 - [MESSAGE][PASSED] - Text 'Plan Information:' is present on page 

24-10-2024T07:45:40 - [TEST_STEP][PASSED] - isRequiredTextPresent = true: null

24-10-2024T07:45:40 - [TEST_STEP][PASSED] - println(isRequiredTextPresent): null

24-10-2024T07:45:40 - [TEST_STEP][PASSED] - if (isRequiredTextPresent): null

24-10-2024T07:45:40 - [TEST_STEP][PASSED] - if (verifyTextPresent("Payment Plan Type:", false)): null

24-10-2024T07:45:41 - [MESSAGE][PASSED] - Text 'Payment Plan Type:' is present on page 

24-10-2024T07:45:41 - [TEST_STEP][PASSED] - isRequiredTextPresent = true: null

24-10-2024T07:45:41 - [TEST_STEP][PASSED] - println(isRequiredTextPresent): null

24-10-2024T07:45:41 - [TEST_STEP][PASSED] - if (isRequiredTextPresent): null

24-10-2024T07:45:41 - [TEST_STEP][PASSED] - if (verifyTextPresent("Payment Plan ID:", false)): null

24-10-2024T07:45:41 - [MESSAGE][PASSED] - Text 'Payment Plan ID:' is present on page 

24-10-2024T07:45:41 - [TEST_STEP][PASSED] - isRequiredTextPresent = true: null

24-10-2024T07:45:41 - [TEST_STEP][PASSED] - println(isRequiredTextPresent): null

24-10-2024T07:45:41 - [TEST_STEP][PASSED] - if (isRequiredTextPresent): null

24-10-2024T07:45:41 - [TEST_STEP][PASSED] - if (verifyTextPresent("Start Date:", false)): null

24-10-2024T07:45:41 - [MESSAGE][PASSED] - Text 'Start Date:' is present on page 

24-10-2024T07:45:41 - [TEST_STEP][PASSED] - isRequiredTextPresent = true: null

24-10-2024T07:45:41 - [TEST_STEP][PASSED] - println(isRequiredTextPresent): null

24-10-2024T07:45:41 - [TEST_STEP][PASSED] - if (isRequiredTextPresent == true): pages.WriteExcel.demoKey is PASSED

24-10-2024T07:45:41 - [TEST_STEP][PASSED] - println("All the relevant texts are present on Receipt Page"): null

24-10-2024T07:45:41 - [TEST_STEP][PASSED] - markPassed("All the relevant texts are present on Receipt Page"): All the relevant texts are present on Receipt Page

24-10-2024T07:45:41 - [MESSAGE][PASSED] - All the relevant texts are present on Receipt Page

24-10-2024T07:45:41 - [TEST_STEP][PASSED] - resText = "Pass": null

24-10-2024T07:45:41 - [TEST_STEP][PASSED] - pages.WriteExcel.demoKey(resText, datText, resColumn, datCloumn, fileLoc, nameSheet, row): pages.WriteExcel.demoKey is PASSED

24-10-2024T07:45:41 - [MESSAGE][PASSED] - pages.WriteExcel.demoKey is PASSED

24-10-2024T07:45:41 - [TEST_STEP][PASSED] - closeBrowser(): Browser is closed

24-10-2024T07:45:42 - [MESSAGE][PASSED] - Browser is closed]]></system-out>
         <system-err><![CDATA[]]></system-err>
      </testcase>
      <testcase name="Test Cases/IntegratedWeb/IWP25/Payments/VerifyEditReceiptLabelsDeferredPC" time="269.489" classname="Test Cases/IntegratedWeb/IWP25/Payments/VerifyEditReceiptLabelsDeferredPC" status="PASSED">
         <system-out><![CDATA[24-10-2024T07:45:42 - [TEST_CASE][PASSED] - Test Cases/IntegratedWeb/IWP25/Payments/VerifyEditReceiptLabelsDeferredPC: Test Cases/IntegratedWeb/IWP25/Payments/VerifyEditReceiptLabelsDeferredPC

24-10-2024T07:45:42 - [TEST_STEP][PASSED] - resText = "Fail": null

24-10-2024T07:45:42 - [TEST_STEP][PASSED] - resColumn = "Result": null

24-10-2024T07:45:42 - [TEST_STEP][PASSED] - datCloumn = "Date": null

24-10-2024T07:45:42 - [TEST_STEP][PASSED] - fileLoc = "KatalonData/IWPTestData/VRelay25PaymentsExtension.xlsx": null

24-10-2024T07:45:42 - [TEST_STEP][PASSED] - numOfRows = <not implemented yet for class: org.codehaus.groovy.ast.expr.EmptyExpression>: null

24-10-2024T07:45:42 - [TEST_STEP][PASSED] - nameSheet = <not implemented yet for class: org.codehaus.groovy.ast.expr.EmptyExpression>: null

24-10-2024T07:45:42 - [TEST_STEP][PASSED] - dataFileEmulator = <not implemented yet for class: org.codehaus.groovy.ast.expr.EmptyExpression>: null

24-10-2024T07:45:42 - [TEST_STEP][PASSED] - isRequiredTextPresent = false: null

24-10-2024T07:45:42 - [TEST_STEP][PASSED] - nameSheet = "VerifyEditLabelDeferredPC": null

24-10-2024T07:45:42 - [TEST_STEP][PASSED] - dataFile = getExcelDataWithDefaultSheet("KatalonData/IWPTestData/VRelay25PaymentsExtension.xlsx", nameSheet, true): null

24-10-2024T07:45:42 - [TEST_STEP][PASSED] - dataFileEmulator = "IWPTestData/EmulatorData": null

24-10-2024T07:45:42 - [TEST_STEP][PASSED] - numOfRows = dataFile.getRowNumbers(): null

24-10-2024T07:45:42 - [TEST_STEP][PASSED] - println("Number of Records: " + numOfRows): null

24-10-2024T07:45:42 - [TEST_STEP][PASSED] - columnNames = dataFile.getColumnNames(): null

24-10-2024T07:45:42 - [TEST_STEP][PASSED] - println(columnNames[0]): null

24-10-2024T07:45:42 - [TEST_STEP][PASSED] - for ([row = 1, row <= numOfRows, (row++)]): Browser is closed

24-10-2024T07:45:42 - [TEST_STEP][PASSED] - ExecuteTC = dataFile.getValue("Execute", row): null

24-10-2024T07:45:42 - [TEST_STEP][PASSED] - out.println("Value of Execute is : " + ExecuteTC): null

24-10-2024T07:45:42 - [TEST_STEP][PASSED] - if (ExecuteTC.equalsIgnoreCase("Y")): null

24-10-2024T07:45:42 - [TEST_STEP][PASSED] - out.println("Begin Record Number: " + row): null

24-10-2024T07:45:42 - [TEST_STEP][PASSED] - today = new java.util.Date(): null

24-10-2024T07:45:42 - [TEST_STEP][PASSED] - println(today): null

24-10-2024T07:45:42 - [TEST_STEP][PASSED] - datText = today: null

24-10-2024T07:45:42 - [TEST_STEP][PASSED] - EmulatorDataKey = dataFile.getValue("EmulatorData", row): null

24-10-2024T07:45:42 - [TEST_STEP][PASSED] - out.println("Value of Emulator Key is : " + EmulatorDataKey): null

24-10-2024T07:45:42 - [TEST_STEP][PASSED] - iwpPages.emulatorIWP30.setDataEmulator_DD(EmulatorDataKey): iwpPages.emulatorIWP30.setDataEmulator_DD is PASSED

24-10-2024T07:45:43 - [MESSAGE][INFO] - Starting 'Edge Chromium' driver

24-10-2024T07:45:43 - [MESSAGE][INFO] - User set preference: ['acceptInsecureCerts', 'true']

24-10-2024T07:45:45 - [MESSAGE][INFO] - Action delay is set to 0 milliseconds

24-10-2024T07:45:49 - [MESSAGE][PASSED] - Browser is opened with url: 'https://qa2.velocitypayment.com/agencyx/config.action?action=editor&message_version=2_5'

24-10-2024T07:45:49 - [MESSAGE][PASSED] - Current window maximized

24-10-2024T07:46:20 - [MESSAGE][INFO] - Unable to find the element located by 'By.xpath: //select[@name='message_version']'. Please recheck the objects properties to make sure the desired element is located. 

24-10-2024T07:46:20 - [MESSAGE][WARNING] - [SELF-HEALING] Failed to find element with id 'Object Repository/IWP30/Page_VRelay30Emulator/MV'. Try using Self-healing.

24-10-2024T07:46:20 - [MESSAGE][WARNING] - [SELF-HEALING] The current locator of test object 'Object Repository/IWP30/Page_VRelay30Emulator/MV' was broken. Propose an alternative one: '(.//*[normalize-space(text()) and normalize-space(.)='Message Version'])[1]/following::select[1]'.

24-10-2024T07:46:21 - [MESSAGE][PASSED] - All options with value '2.5' are selected in object 'Object Repository/IWP30/Page_VRelay30Emulator/MV'  using regular expression

24-10-2024T07:46:21 - [MESSAGE][PASSED] - Text '10.50' is set on object 'Object Repository/IWP30/Page_EmulatorAgencyX/Amount'

24-10-2024T07:46:22 - [MESSAGE][PASSED] - Text 'DvvejXMDjOHR' is set on object 'Object Repository/IWP30/Page_EmulatorAgencyX/CAN'

24-10-2024T07:46:23 - [MESSAGE][PASSED] - Text 'PayNow' is set on object 'Object Repository/IWP30/Page_EmulatorAgencyX/Action'

24-10-2024T07:46:23 - [MESSAGE][PASSED] - Text 'en_US' is set on object 'Object Repository/IWP30/Page_EmulatorAgencyX/Lang'

24-10-2024T07:46:24 - [MESSAGE][PASSED] - Text '' is set on object 'Object Repository/IWP30/Page_EmulatorAgencyX/Fname'

24-10-2024T07:46:25 - [MESSAGE][PASSED] - Text '' is set on object 'Object Repository/IWP30/Page_EmulatorAgencyX/Lname'

24-10-2024T07:46:25 - [MESSAGE][PASSED] - Text '' is set on object 'Object Repository/IWP30/Page_EmulatorAgencyX/AL1'

24-10-2024T07:46:26 - [MESSAGE][PASSED] - Text '' is set on object 'Object Repository/IWP30/Page_EmulatorAgencyX/AL2'

24-10-2024T07:46:26 - [MESSAGE][PASSED] - Text '' is set on object 'Object Repository/IWP30/Page_EmulatorAgencyX/Country'

24-10-2024T07:46:27 - [MESSAGE][PASSED] - Text '' is set on object 'Object Repository/IWP30/Page_EmulatorAgencyX/City'

24-10-2024T07:46:27 - [MESSAGE][PASSED] - Text '' is set on object 'Object Repository/IWP30/Page_EmulatorAgencyX/State'

24-10-2024T07:46:28 - [MESSAGE][PASSED] - Text '' is set on object 'Object Repository/IWP30/Page_EmulatorAgencyX/ZIP'

24-10-2024T07:46:29 - [MESSAGE][PASSED] - Text '' is set on object 'Object Repository/IWP30/Page_EmulatorAgencyX/Order'

24-10-2024T07:46:29 - [MESSAGE][PASSED] - Text '' is set on object 'Object Repository/IWP30/Page_EmulatorAgencyX/Company'

24-10-2024T07:46:30 - [MESSAGE][PASSED] - Text '' is set on object 'Object Repository/IWP30/Page_EmulatorAgencyX/Email'

24-10-2024T07:46:30 - [MESSAGE][PASSED] - Text '' is set on object 'Object Repository/IWP30/Page_EmulatorAgencyX/UDF1'

24-10-2024T07:46:31 - [MESSAGE][PASSED] - Text '' is set on object 'Object Repository/IWP30/Page_EmulatorAgencyX/UDF2'

24-10-2024T07:46:31 - [MESSAGE][PASSED] - Text '' is set on object 'Object Repository/IWP30/Page_EmulatorAgencyX/UDF3'

24-10-2024T07:46:32 - [MESSAGE][PASSED] - Text 'udf data 4' is set on object 'Object Repository/IWP30/Page_EmulatorAgencyX/UDF4'

24-10-2024T07:46:33 - [MESSAGE][PASSED] - Text 'udf data 5' is set on object 'Object Repository/IWP30/Page_EmulatorAgencyX/UDF5'

24-10-2024T07:46:33 - [MESSAGE][PASSED] - Text '' is set on object 'Object Repository/IWP30/Page_EmulatorAgencyX/UDF6'

24-10-2024T07:46:34 - [MESSAGE][PASSED] - Text '' is set on object 'Object Repository/IWP30/Page_EmulatorAgencyX/UDF7'

24-10-2024T07:46:34 - [MESSAGE][PASSED] - Text '' is set on object 'Object Repository/IWP30/Page_EmulatorAgencyX/UDF8'

24-10-2024T07:46:35 - [MESSAGE][PASSED] - Text 'udf data 9' is set on object 'Object Repository/IWP30/Page_EmulatorAgencyX/UDF9'

24-10-2024T07:46:36 - [MESSAGE][PASSED] - Text 'udf data 10' is set on object 'Object Repository/IWP30/Page_EmulatorAgencyX/UDF10'

24-10-2024T07:46:37 - [MESSAGE][PASSED] - Object: 'Object Repository/IWP30/Page_EmulatorAgencyX/Submit' is clicked on

24-10-2024T07:46:41 - [MESSAGE][PASSED] - Browser is closed

24-10-2024T07:46:45 - [MESSAGE][PASSED] - iwpPages.emulatorIWP30.setDataEmulator_DD is PASSED

24-10-2024T07:46:45 - [TEST_STEP][PASSED] - testHarnessURL = urlTestHarness: null

24-10-2024T07:46:45 - [TEST_STEP][PASSED] - openBrowser(testHarnessURL): Browser is opened with url: 'https://dev-algorithm.govolution.com/vrelaytest/QA2/version_2_2/vrelaytest.html'

24-10-2024T07:46:45 - [MESSAGE][INFO] - Starting 'Edge Chromium' driver

24-10-2024T07:46:45 - [MESSAGE][INFO] - User set preference: ['acceptInsecureCerts', 'true']

24-10-2024T07:46:48 - [MESSAGE][INFO] - Action delay is set to 0 milliseconds

24-10-2024T07:46:51 - [MESSAGE][PASSED] - Browser is opened with url: 'https://dev-algorithm.govolution.com/vrelaytest/QA2/version_2_2/vrelaytest.html'

24-10-2024T07:46:51 - [TEST_STEP][PASSED] - maximizeWindow(): Current window maximized

24-10-2024T07:46:51 - [MESSAGE][PASSED] - Current window maximized

24-10-2024T07:46:51 - [TEST_STEP][PASSED] - iwpPages.TestHarnessPage.setDataMethodEF(row, dataFile): iwpPages.TestHarnessPage.setDataMethodEF is PASSED

24-10-2024T07:46:52 - [MESSAGE][PASSED] - Object 'Object Repository/IWP30/Page_QATestHarness/RemittanceID' is present

24-10-2024T07:46:52 - [MESSAGE][PASSED] - Text '638' is set on object 'Object Repository/IWP30/Page_QATestHarness/ApplicationID'

24-10-2024T07:46:53 - [MESSAGE][PASSED] - Text '2.5' is set on object 'Object Repository/IWP30/Page_QATestHarness/MessageVersion'

24-10-2024T07:46:54 - [MESSAGE][PASSED] - Text 'l9PhZs2phHCq' is set on object 'Object Repository/IWP30/Page_QATestHarness/RemittanceID'

24-10-2024T07:46:57 - [MESSAGE][PASSED] - Object: 'Object Repository/IWP30/Page_QATestHarness/SubmitButton' is clicked on

24-10-2024T07:46:57 - [MESSAGE][PASSED] - iwpPages.TestHarnessPage.setDataMethodEF is PASSED

24-10-2024T07:46:57 - [TEST_STEP][PASSED] - click(findTestObject("Object Repository/IWP30/Page_SelectPaymentMethod/PayByPersonalCheck")): Object: 'Object Repository/IWP30/Page_SelectPaymentMethod/PayByPersonalCheck' is clicked on

24-10-2024T07:46:58 - [MESSAGE][PASSED] - Object: 'Object Repository/IWP30/Page_SelectPaymentMethod/PayByPersonalCheck' is clicked on

24-10-2024T07:46:58 - [TEST_STEP][PASSED] - click(findTestObject("Object Repository/IWP30/Page_SelectPaymentMethod/MakePaymentButton")): Object: 'Object Repository/IWP30/Page_SelectPaymentMethod/MakePaymentButton' is clicked on

24-10-2024T07:47:01 - [MESSAGE][PASSED] - Object: 'Object Repository/IWP30/Page_SelectPaymentMethod/MakePaymentButton' is clicked on

24-10-2024T07:47:01 - [TEST_STEP][PASSED] - iwpPages.achPersonalPaymentEntryPage.setDataACHPPM(row, dataFile): iwpPages.achPersonalPaymentEntryPage.setDataACHPPM is PASSED

24-10-2024T07:47:01 - [MESSAGE][PASSED] - Object 'Object Repository/IWP30/Page_ACHPersonalPaymentEntry/txt_accountNumber' is present

24-10-2024T07:47:02 - [MESSAGE][PASSED] - Text '10.50' is set on object 'Object Repository/IWP30/Page_ACHPersonalPaymentEntry/txt_Amount'

24-10-2024T07:47:02 - [MESSAGE][PASSED] - Object 'Object Repository/IWP30/Page_ACHPersonalPaymentEntry/txt_UDF2' is present

24-10-2024T07:47:02 - [MESSAGE][PASSED] - Text 'udf data 2' is set on object 'Object Repository/IWP30/Page_ACHPersonalPaymentEntry/txt_UDF2'

24-10-2024T07:47:03 - [MESSAGE][PASSED] - Text 'udf data 3' is set on object 'Object Repository/IWP30/Page_ACHPersonalPaymentEntry/txt_UDF3'

24-10-2024T07:47:04 - [MESSAGE][PASSED] - All options with label 'Orange' are selected in object 'Object Repository/IWP30/Page_ACHPersonalPaymentEntry/dd_UDF7' 

24-10-2024T07:47:04 - [MESSAGE][PASSED] - All options with label 'Soccer' are selected in object 'Object Repository/IWP30/Page_ACHPersonalPaymentEntry/dd_UDF8' 

24-10-2024T07:47:04 - [MESSAGE][PASSED] - Object 'Object Repository/IWP30/Page_ACHPersonalPaymentEntry/txt_Firstname' is present

24-10-2024T07:47:05 - [MESSAGE][PASSED] - Text 'Elizath' is set on object 'Object Repository/IWP30/Page_ACHPersonalPaymentEntry/txt_Firstname'

24-10-2024T07:47:05 - [MESSAGE][PASSED] - Object 'Object Repository/IWP30/Page_ACHPersonalPaymentEntry/txt_Lastname' is present

24-10-2024T07:47:06 - [MESSAGE][PASSED] - Text 'Christine' is set on object 'Object Repository/IWP30/Page_ACHPersonalPaymentEntry/txt_Lastname'

24-10-2024T07:47:06 - [MESSAGE][PASSED] - Object 'Object Repository/IWP30/Page_ACHPersonalPaymentEntry/txt_routingNumber' is present

24-10-2024T07:47:07 - [MESSAGE][PASSED] - Text '256072691' is set on object 'Object Repository/IWP30/Page_ACHPersonalPaymentEntry/txt_routingNumber'

24-10-2024T07:47:07 - [MESSAGE][PASSED] - Object 'Object Repository/IWP30/Page_ACHPersonalPaymentEntry/txt_accountNumber' is present

24-10-2024T07:47:08 - [MESSAGE][PASSED] - Text '12344444' is set on object 'Object Repository/IWP30/Page_ACHPersonalPaymentEntry/txt_accountNumber'

24-10-2024T07:47:09 - [MESSAGE][PASSED] - Object 'Object Repository/IWP30/Page_ACHPersonalPaymentEntry/txt_confirmAccountNumber' is present

24-10-2024T07:47:09 - [MESSAGE][PASSED] - Text '12344444' is set on object 'Object Repository/IWP30/Page_ACHPersonalPaymentEntry/txt_confirmAccountNumber'

24-10-2024T07:47:10 - [MESSAGE][PASSED] - Object 'Object Repository/IWP30/Page_ACHPersonalPaymentEntry/rd_accountType' is present

24-10-2024T07:47:10 - [MESSAGE][PASSED] - Modify property of object successfully

24-10-2024T07:47:10 - [MESSAGE][PASSED] - Object: 'Object Repository/IWP30/Page_ACHPersonalPaymentEntry/rd_accountType' is clicked on

24-10-2024T07:47:10 - [MESSAGE][PASSED] - Execute JavaScript '
				   document.getElementById('processDate').value = '08/09/2025'
				  ' successfully

24-10-2024T07:47:11 - [MESSAGE][PASSED] - Text '365 Main Avenue' is set on object 'Object Repository/IWP30/Page_ACHPersonalPaymentEntry/txt_AL1'

24-10-2024T07:47:11 - [MESSAGE][PASSED] - Text 'Ohio' is set on object 'Object Repository/IWP30/Page_ACHPersonalPaymentEntry/txt_AL2'

24-10-2024T07:47:12 - [MESSAGE][PASSED] - Text '22201' is set on object 'Object Repository/IWP30/Page_ACHPersonalPaymentEntry/txt_ZIP'

24-10-2024T07:47:12 - [MESSAGE][PASSED] - Object 'Object Repository/IWP30/Page_ACHPersonalPaymentEntry/txt_Email' is present

24-10-2024T07:47:13 - [MESSAGE][PASSED] - Text 'iahmed@govolution.com' is set on object 'Object Repository/IWP30/Page_ACHPersonalPaymentEntry/txt_Email'

24-10-2024T07:47:14 - [MESSAGE][PASSED] - Object 'Object Repository/IWP30/Page_ACHPersonalPaymentEntry/cb_TermsAndCond' is present

24-10-2024T07:47:14 - [MESSAGE][PASSED] - Object: 'Object Repository/IWP30/Page_ACHPersonalPaymentEntry/cb_TermsAndCond' is clicked on

24-10-2024T07:47:14 - [MESSAGE][PASSED] - Object 'Object Repository/IWP30/Page_ACHPersonalPaymentEntry/btn_Continue' is present

24-10-2024T07:47:15 - [MESSAGE][PASSED] - Object: 'Object Repository/IWP30/Page_ACHPersonalPaymentEntry/btn_Continue' is clicked on

24-10-2024T07:47:15 - [MESSAGE][PASSED] - iwpPages.achPersonalPaymentEntryPage.setDataACHPPM is PASSED

24-10-2024T07:47:15 - [TEST_STEP][PASSED] - click(findTestObject("Object Repository/IWP30/Page_Confirmation/ConfirmButton")): Object: 'Object Repository/IWP30/Page_Confirmation/ConfirmButton' is clicked on

24-10-2024T07:47:18 - [MESSAGE][PASSED] - Object: 'Object Repository/IWP30/Page_Confirmation/ConfirmButton' is clicked on

24-10-2024T07:47:18 - [TEST_STEP][PASSED] - Thread.sleep(2000): null

24-10-2024T07:47:20 - [TEST_STEP][PASSED] - if (verifyTextPresent("Deferred", false)): null

24-10-2024T07:47:20 - [MESSAGE][PASSED] - Text 'Deferred' is present on page 

24-10-2024T07:47:20 - [TEST_STEP][PASSED] - click(findTestObject("Object Repository/IWP30/Page_Receipt/ViewScheduledPaymentsButton")): Object: 'Object Repository/IWP30/Page_Receipt/ViewScheduledPaymentsButton' is clicked on

24-10-2024T07:47:21 - [MESSAGE][PASSED] - Object: 'Object Repository/IWP30/Page_Receipt/ViewScheduledPaymentsButton' is clicked on

24-10-2024T07:47:21 - [TEST_STEP][PASSED] - switchToWindowTitle("View Scheduled Payments"): Switched to window with title: 'View Scheduled Payments'

24-10-2024T07:47:21 - [MESSAGE][PASSED] - Switched to window with title: 'View Scheduled Payments'

24-10-2024T07:47:21 - [TEST_STEP][PASSED] - Thread.sleep(5000): null

24-10-2024T07:47:26 - [TEST_STEP][PASSED] - if (verifyTextPresent("View Scheduled Payments", false)): null

24-10-2024T07:47:26 - [MESSAGE][PASSED] - Text 'View Scheduled Payments' is present on page 

24-10-2024T07:47:26 - [TEST_STEP][PASSED] - click(findTestObject("Object Repository/IWP30/Page_ScheduledPayments/edit_payment")): Object: 'Object Repository/IWP30/Page_ScheduledPayments/edit_payment' is clicked on

24-10-2024T07:47:29 - [MESSAGE][PASSED] - Object: 'Object Repository/IWP30/Page_ScheduledPayments/edit_payment' is clicked on

24-10-2024T07:47:29 - [TEST_STEP][PASSED] - iwpPages.editSchedulePayment.setDataSchedPaymentEF(row, dataFile): iwpPages.editSchedulePayment.setDataSchedPaymentEF is PASSED

24-10-2024T07:47:30 - [MESSAGE][PASSED] - Text 'Edit Payment Plan' is present on page 

24-10-2024T07:47:30 - [MESSAGE][PASSED] - All options with label 'Orange' are selected in object 'Object Repository/IWP30/Page_CCPaymentEntry/UserDefined7' 

24-10-2024T07:47:31 - [MESSAGE][PASSED] - All options with label 'Soccer' are selected in object 'Object Repository/IWP30/Page_CCPaymentEntry/UserDefined8' 

24-10-2024T07:47:31 - [MESSAGE][PASSED] - Execute JavaScript '
				   document.getElementById('processDate').value = '08/09/2045'
				  ' successfully

24-10-2024T07:47:31 - [MESSAGE][PASSED] - iwpPages.editSchedulePayment.setDataSchedPaymentEF is PASSED

24-10-2024T07:47:31 - [TEST_STEP][PASSED] - click(findTestObject("Object Repository/Page_EditSchedPayment/chkbox_acceptterms")): Object: 'Object Repository/Page_EditSchedPayment/chkbox_acceptterms' is clicked on

24-10-2024T07:47:31 - [MESSAGE][PASSED] - Object: 'Object Repository/Page_EditSchedPayment/chkbox_acceptterms' is clicked on

24-10-2024T07:47:31 - [TEST_STEP][PASSED] - click(findTestObject("Object Repository/Page_EditSchedPayment/btn_update")): Object: 'Object Repository/Page_EditSchedPayment/btn_update' is clicked on

24-10-2024T07:47:34 - [MESSAGE][PASSED] - Object: 'Object Repository/Page_EditSchedPayment/btn_update' is clicked on

24-10-2024T07:47:34 - [TEST_STEP][PASSED] - if (verifyTextPresent("Successful Payment Plan Update", false)): null

24-10-2024T07:47:34 - [MESSAGE][PASSED] - Text 'Successful Payment Plan Update' is present on page 

24-10-2024T07:47:34 - [TEST_STEP][PASSED] - isRequiredTextPresent = true: null

24-10-2024T07:47:34 - [TEST_STEP][PASSED] - println(isRequiredTextPresent): null

24-10-2024T07:47:34 - [TEST_STEP][PASSED] - if (isRequiredTextPresent): null

24-10-2024T07:47:34 - [TEST_STEP][PASSED] - if (verifyTextPresent("CAN Label:", false)): null

24-10-2024T07:47:34 - [MESSAGE][PASSED] - Text 'CAN Label:' is present on page 

24-10-2024T07:47:34 - [TEST_STEP][PASSED] - isRequiredTextPresent = true: null

24-10-2024T07:47:34 - [TEST_STEP][PASSED] - println(isRequiredTextPresent): null

24-10-2024T07:47:34 - [TEST_STEP][PASSED] - if (isRequiredTextPresent): null

24-10-2024T07:47:34 - [TEST_STEP][PASSED] - if (verifyTextPresent("Remittance ID:", false)): null

24-10-2024T07:47:35 - [MESSAGE][PASSED] - Text 'Remittance ID:' is present on page 

24-10-2024T07:47:35 - [TEST_STEP][PASSED] - isRequiredTextPresent = true: null

24-10-2024T07:47:35 - [TEST_STEP][PASSED] - println(isRequiredTextPresent): null

24-10-2024T07:47:35 - [TEST_STEP][PASSED] - if (isRequiredTextPresent): null

24-10-2024T07:47:35 - [TEST_STEP][PASSED] - if (verifyTextPresent("UDF2 Label:", false)): null

24-10-2024T07:47:35 - [MESSAGE][PASSED] - Text 'UDF2 Label:' is present on page 

24-10-2024T07:47:35 - [TEST_STEP][PASSED] - isRequiredTextPresent = true: null

24-10-2024T07:47:35 - [TEST_STEP][PASSED] - println(isRequiredTextPresent): null

24-10-2024T07:47:35 - [TEST_STEP][PASSED] - if (isRequiredTextPresent): null

24-10-2024T07:47:35 - [TEST_STEP][PASSED] - if (verifyTextPresent("UDF3 Label:", false)): null

24-10-2024T07:47:35 - [MESSAGE][PASSED] - Text 'UDF3 Label:' is present on page 

24-10-2024T07:47:35 - [TEST_STEP][PASSED] - isRequiredTextPresent = true: null

24-10-2024T07:47:35 - [TEST_STEP][PASSED] - println(isRequiredTextPresent): null

24-10-2024T07:47:35 - [TEST_STEP][PASSED] - if (isRequiredTextPresent): null

24-10-2024T07:47:35 - [TEST_STEP][PASSED] - if (verifyTextPresent("UDF4 Label:", false)): null

24-10-2024T07:47:35 - [MESSAGE][PASSED] - Text 'UDF4 Label:' is present on page 

24-10-2024T07:47:35 - [TEST_STEP][PASSED] - isRequiredTextPresent = true: null

24-10-2024T07:47:35 - [TEST_STEP][PASSED] - println(isRequiredTextPresent): null

24-10-2024T07:47:35 - [TEST_STEP][PASSED] - if (isRequiredTextPresent): null

24-10-2024T07:47:35 - [TEST_STEP][PASSED] - if (verifyTextPresent("UDF7 Label:", false)): null

24-10-2024T07:47:36 - [MESSAGE][PASSED] - Text 'UDF7 Label:' is present on page 

24-10-2024T07:47:36 - [TEST_STEP][PASSED] - isRequiredTextPresent = true: null

24-10-2024T07:47:36 - [TEST_STEP][PASSED] - println(isRequiredTextPresent): null

24-10-2024T07:47:36 - [TEST_STEP][PASSED] - if (isRequiredTextPresent): null

24-10-2024T07:47:36 - [TEST_STEP][PASSED] - if (verifyTextPresent("UDF8 Label:", false)): null

24-10-2024T07:47:36 - [MESSAGE][PASSED] - Text 'UDF8 Label:' is present on page 

24-10-2024T07:47:36 - [TEST_STEP][PASSED] - isRequiredTextPresent = true: null

24-10-2024T07:47:36 - [TEST_STEP][PASSED] - println(isRequiredTextPresent): null

24-10-2024T07:47:36 - [TEST_STEP][PASSED] - if (isRequiredTextPresent): null

24-10-2024T07:47:36 - [TEST_STEP][PASSED] - if (verifyTextPresent("UDF9 Label:", false)): null

24-10-2024T07:47:36 - [MESSAGE][PASSED] - Text 'UDF9 Label:' is present on page 

24-10-2024T07:47:36 - [TEST_STEP][PASSED] - isRequiredTextPresent = true: null

24-10-2024T07:47:36 - [TEST_STEP][PASSED] - println(isRequiredTextPresent): null

24-10-2024T07:47:36 - [TEST_STEP][PASSED] - if (isRequiredTextPresent): null

24-10-2024T07:47:36 - [TEST_STEP][PASSED] - if (verifyTextPresent("Transaction Type:", false)): null

24-10-2024T07:47:37 - [MESSAGE][PASSED] - Text 'Transaction Type:' is present on page 

24-10-2024T07:47:37 - [TEST_STEP][PASSED] - isRequiredTextPresent = true: null

24-10-2024T07:47:37 - [TEST_STEP][PASSED] - println(isRequiredTextPresent): null

24-10-2024T07:47:37 - [TEST_STEP][PASSED] - if (isRequiredTextPresent): null

24-10-2024T07:47:37 - [TEST_STEP][PASSED] - if (verifyTextPresent("Amount:", false)): null

24-10-2024T07:47:37 - [MESSAGE][PASSED] - Text 'Amount:' is present on page 

24-10-2024T07:47:37 - [TEST_STEP][PASSED] - isRequiredTextPresent = true: null

24-10-2024T07:47:37 - [TEST_STEP][PASSED] - println(isRequiredTextPresent): null

24-10-2024T07:47:37 - [TEST_STEP][PASSED] - if (isRequiredTextPresent): null

24-10-2024T07:47:37 - [TEST_STEP][PASSED] - if (verifyTextPresent("Check Information:", false)): null

24-10-2024T07:47:37 - [MESSAGE][PASSED] - Text 'Check Information:' is present on page 

24-10-2024T07:47:37 - [TEST_STEP][PASSED] - isRequiredTextPresent = true: null

24-10-2024T07:47:37 - [TEST_STEP][PASSED] - println(isRequiredTextPresent): null

24-10-2024T07:47:37 - [TEST_STEP][PASSED] - if (isRequiredTextPresent): null

24-10-2024T07:47:37 - [TEST_STEP][PASSED] - if (verifyTextPresent("Account Type:", false)): null

24-10-2024T07:47:37 - [MESSAGE][PASSED] - Text 'Account Type:' is present on page 

24-10-2024T07:47:37 - [TEST_STEP][PASSED] - isRequiredTextPresent = true: null

24-10-2024T07:47:37 - [TEST_STEP][PASSED] - println(isRequiredTextPresent): null

24-10-2024T07:47:37 - [TEST_STEP][PASSED] - if (isRequiredTextPresent): null

24-10-2024T07:47:37 - [TEST_STEP][PASSED] - if (verifyTextPresent("Account Number:", false)): null

24-10-2024T07:47:38 - [MESSAGE][PASSED] - Text 'Account Number:' is present on page 

24-10-2024T07:47:38 - [TEST_STEP][PASSED] - isRequiredTextPresent = true: null

24-10-2024T07:47:38 - [TEST_STEP][PASSED] - println(isRequiredTextPresent): null

24-10-2024T07:47:38 - [TEST_STEP][PASSED] - if (isRequiredTextPresent): null

24-10-2024T07:47:38 - [TEST_STEP][PASSED] - if (verifyTextPresent("Routing Number:", false)): null

24-10-2024T07:47:38 - [MESSAGE][PASSED] - Text 'Routing Number:' is present on page 

24-10-2024T07:47:38 - [TEST_STEP][PASSED] - isRequiredTextPresent = true: null

24-10-2024T07:47:38 - [TEST_STEP][PASSED] - println(isRequiredTextPresent): null

24-10-2024T07:47:38 - [TEST_STEP][PASSED] - if (isRequiredTextPresent): null

24-10-2024T07:47:38 - [TEST_STEP][PASSED] - if (verifyTextPresent("Name of Account:", false)): null

24-10-2024T07:47:38 - [MESSAGE][PASSED] - Text 'Name of Account:' is present on page 

24-10-2024T07:47:38 - [TEST_STEP][PASSED] - isRequiredTextPresent = true: null

24-10-2024T07:47:38 - [TEST_STEP][PASSED] - println(isRequiredTextPresent): null

24-10-2024T07:47:38 - [TEST_STEP][PASSED] - if (isRequiredTextPresent): null

24-10-2024T07:47:38 - [TEST_STEP][PASSED] - if (verifyTextPresent("Billing Information:", false)): null

24-10-2024T07:47:38 - [MESSAGE][PASSED] - Text 'Billing Information:' is present on page 

24-10-2024T07:47:38 - [TEST_STEP][PASSED] - isRequiredTextPresent = true: null

24-10-2024T07:47:38 - [TEST_STEP][PASSED] - println(isRequiredTextPresent): null

24-10-2024T07:47:38 - [TEST_STEP][PASSED] - if (isRequiredTextPresent): null

24-10-2024T07:47:38 - [TEST_STEP][PASSED] - if (verifyTextPresent("Address Line 1:", false)): null

24-10-2024T07:47:39 - [MESSAGE][PASSED] - Text 'Address Line 1:' is present on page 

24-10-2024T07:47:39 - [TEST_STEP][PASSED] - isRequiredTextPresent = true: null

24-10-2024T07:47:39 - [TEST_STEP][PASSED] - println(isRequiredTextPresent): null

24-10-2024T07:47:39 - [TEST_STEP][PASSED] - if (isRequiredTextPresent): null

24-10-2024T07:47:39 - [TEST_STEP][PASSED] - if (verifyTextPresent("Address Line 2:", false)): null

24-10-2024T07:47:39 - [MESSAGE][PASSED] - Text 'Address Line 2:' is present on page 

24-10-2024T07:47:39 - [TEST_STEP][PASSED] - isRequiredTextPresent = true: null

24-10-2024T07:47:39 - [TEST_STEP][PASSED] - println(isRequiredTextPresent): null

24-10-2024T07:47:39 - [TEST_STEP][PASSED] - if (isRequiredTextPresent): null

24-10-2024T07:47:39 - [TEST_STEP][PASSED] - if (verifyTextPresent("Country:", false)): null

24-10-2024T07:47:39 - [MESSAGE][PASSED] - Text 'Country:' is present on page 

24-10-2024T07:47:39 - [TEST_STEP][PASSED] - isRequiredTextPresent = true: null

24-10-2024T07:47:39 - [TEST_STEP][PASSED] - println(isRequiredTextPresent): null

24-10-2024T07:47:39 - [TEST_STEP][PASSED] - if (isRequiredTextPresent): null

24-10-2024T07:47:39 - [TEST_STEP][PASSED] - if (verifyTextPresent("City:", false)): null

24-10-2024T07:47:40 - [MESSAGE][PASSED] - Text 'City:' is present on page 

24-10-2024T07:47:40 - [TEST_STEP][PASSED] - isRequiredTextPresent = true: null

24-10-2024T07:47:40 - [TEST_STEP][PASSED] - println(isRequiredTextPresent): null

24-10-2024T07:47:40 - [TEST_STEP][PASSED] - if (isRequiredTextPresent): null

24-10-2024T07:47:40 - [TEST_STEP][PASSED] - if (verifyTextPresent("State:", false)): null

24-10-2024T07:47:40 - [MESSAGE][PASSED] - Text 'State:' is present on page 

24-10-2024T07:47:40 - [TEST_STEP][PASSED] - isRequiredTextPresent = true: null

24-10-2024T07:47:40 - [TEST_STEP][PASSED] - println(isRequiredTextPresent): null

24-10-2024T07:47:40 - [TEST_STEP][PASSED] - if (isRequiredTextPresent): null

24-10-2024T07:47:40 - [TEST_STEP][PASSED] - if (verifyTextPresent("Zip Code:", false)): null

24-10-2024T07:47:40 - [MESSAGE][PASSED] - Text 'Zip Code:' is present on page 

24-10-2024T07:47:40 - [TEST_STEP][PASSED] - isRequiredTextPresent = true: null

24-10-2024T07:47:40 - [TEST_STEP][PASSED] - println(isRequiredTextPresent): null

24-10-2024T07:47:40 - [TEST_STEP][PASSED] - if (isRequiredTextPresent): null

24-10-2024T07:47:40 - [TEST_STEP][PASSED] - if (verifyTextPresent("Plan Information:", false)): null

24-10-2024T07:47:40 - [MESSAGE][PASSED] - Text 'Plan Information:' is present on page 

24-10-2024T07:47:40 - [TEST_STEP][PASSED] - isRequiredTextPresent = true: null

24-10-2024T07:47:40 - [TEST_STEP][PASSED] - println(isRequiredTextPresent): null

24-10-2024T07:47:40 - [TEST_STEP][PASSED] - if (isRequiredTextPresent): null

24-10-2024T07:47:40 - [TEST_STEP][PASSED] - if (verifyTextPresent("Payment Plan Type:", false)): null

24-10-2024T07:47:41 - [MESSAGE][PASSED] - Text 'Payment Plan Type:' is present on page 

24-10-2024T07:47:41 - [TEST_STEP][PASSED] - isRequiredTextPresent = true: null

24-10-2024T07:47:41 - [TEST_STEP][PASSED] - println(isRequiredTextPresent): null

24-10-2024T07:47:41 - [TEST_STEP][PASSED] - if (isRequiredTextPresent): null

24-10-2024T07:47:41 - [TEST_STEP][PASSED] - if (verifyTextPresent("Payment Plan ID:", false)): null

24-10-2024T07:47:41 - [MESSAGE][PASSED] - Text 'Payment Plan ID:' is present on page 

24-10-2024T07:47:41 - [TEST_STEP][PASSED] - isRequiredTextPresent = true: null

24-10-2024T07:47:41 - [TEST_STEP][PASSED] - println(isRequiredTextPresent): null

24-10-2024T07:47:41 - [TEST_STEP][PASSED] - if (isRequiredTextPresent): null

24-10-2024T07:47:41 - [TEST_STEP][PASSED] - if (verifyTextPresent("Start Date:", false)): null

24-10-2024T07:47:41 - [MESSAGE][PASSED] - Text 'Start Date:' is present on page 

24-10-2024T07:47:41 - [TEST_STEP][PASSED] - isRequiredTextPresent = true: null

24-10-2024T07:47:41 - [TEST_STEP][PASSED] - println(isRequiredTextPresent): null

24-10-2024T07:47:41 - [TEST_STEP][PASSED] - if (isRequiredTextPresent == true): pages.WriteExcel.demoKey is PASSED

24-10-2024T07:47:41 - [TEST_STEP][PASSED] - println("All the relevant texts are present on Receipt Page"): null

24-10-2024T07:47:41 - [TEST_STEP][PASSED] - markPassed("All the relevant texts are present on Receipt Page"): All the relevant texts are present on Receipt Page

24-10-2024T07:47:41 - [MESSAGE][PASSED] - All the relevant texts are present on Receipt Page

24-10-2024T07:47:41 - [TEST_STEP][PASSED] - resText = "Pass": null

24-10-2024T07:47:41 - [TEST_STEP][PASSED] - pages.WriteExcel.demoKey(resText, datText, resColumn, datCloumn, fileLoc, nameSheet, row): pages.WriteExcel.demoKey is PASSED

24-10-2024T07:47:41 - [MESSAGE][PASSED] - pages.WriteExcel.demoKey is PASSED

24-10-2024T07:47:41 - [TEST_STEP][PASSED] - closeBrowser(): Browser is closed

24-10-2024T07:47:42 - [MESSAGE][PASSED] - Browser is closed

24-10-2024T07:47:42 - [TEST_STEP][PASSED] - ExecuteTC = dataFile.getValue("Execute", row): null

24-10-2024T07:47:42 - [TEST_STEP][PASSED] - out.println("Value of Execute is : " + ExecuteTC): null

24-10-2024T07:47:42 - [TEST_STEP][PASSED] - if (ExecuteTC.equalsIgnoreCase("Y")): null

24-10-2024T07:47:42 - [TEST_STEP][PASSED] - out.println("Begin Record Number: " + row): null

24-10-2024T07:47:42 - [TEST_STEP][PASSED] - today = new java.util.Date(): null

24-10-2024T07:47:42 - [TEST_STEP][PASSED] - println(today): null

24-10-2024T07:47:42 - [TEST_STEP][PASSED] - datText = today: null

24-10-2024T07:47:42 - [TEST_STEP][PASSED] - EmulatorDataKey = dataFile.getValue("EmulatorData", row): null

24-10-2024T07:47:42 - [TEST_STEP][PASSED] - out.println("Value of Emulator Key is : " + EmulatorDataKey): null

24-10-2024T07:47:42 - [TEST_STEP][PASSED] - iwpPages.emulatorIWP30.setDataEmulator_DD(EmulatorDataKey): iwpPages.emulatorIWP30.setDataEmulator_DD is PASSED

24-10-2024T07:47:42 - [MESSAGE][INFO] - Starting 'Edge Chromium' driver

24-10-2024T07:47:42 - [MESSAGE][INFO] - User set preference: ['acceptInsecureCerts', 'true']

24-10-2024T07:47:44 - [MESSAGE][INFO] - Action delay is set to 0 milliseconds

24-10-2024T07:47:49 - [MESSAGE][PASSED] - Browser is opened with url: 'https://qa2.velocitypayment.com/agencyx/config.action?action=editor&message_version=3_0'

24-10-2024T07:47:49 - [MESSAGE][PASSED] - Current window maximized

24-10-2024T07:48:20 - [MESSAGE][INFO] - Unable to find the element located by 'By.xpath: //select[@name='message_version']'. Please recheck the objects properties to make sure the desired element is located. 

24-10-2024T07:48:20 - [MESSAGE][WARNING] - [SELF-HEALING] Failed to find element with id 'Object Repository/IWP30/Page_VRelay30Emulator/MV'. Try using Self-healing.

24-10-2024T07:48:20 - [MESSAGE][WARNING] - [SELF-HEALING] The current locator of test object 'Object Repository/IWP30/Page_VRelay30Emulator/MV' was broken. Propose an alternative one: '(.//*[normalize-space(text()) and normalize-space(.)='Message Version'])[1]/following::select[1]'.

24-10-2024T07:48:21 - [MESSAGE][PASSED] - All options with value '3.0' are selected in object 'Object Repository/IWP30/Page_VRelay30Emulator/MV'  using regular expression

24-10-2024T07:48:22 - [MESSAGE][PASSED] - Text '10.50' is set on object 'Object Repository/IWP30/Page_EmulatorAgencyX/Amount'

24-10-2024T07:48:22 - [MESSAGE][PASSED] - Text 'Y3B9zdJ9vC84' is set on object 'Object Repository/IWP30/Page_EmulatorAgencyX/CAN'

24-10-2024T07:48:23 - [MESSAGE][PASSED] - Text 'PayNow' is set on object 'Object Repository/IWP30/Page_EmulatorAgencyX/Action'

24-10-2024T07:48:23 - [MESSAGE][PASSED] - Text 'en_US' is set on object 'Object Repository/IWP30/Page_EmulatorAgencyX/Lang'

24-10-2024T07:48:24 - [MESSAGE][PASSED] - Text '' is set on object 'Object Repository/IWP30/Page_EmulatorAgencyX/Fname'

24-10-2024T07:48:25 - [MESSAGE][PASSED] - Text '' is set on object 'Object Repository/IWP30/Page_EmulatorAgencyX/Lname'

24-10-2024T07:48:25 - [MESSAGE][PASSED] - Text '' is set on object 'Object Repository/IWP30/Page_EmulatorAgencyX/AL1'

24-10-2024T07:48:26 - [MESSAGE][PASSED] - Text '' is set on object 'Object Repository/IWP30/Page_EmulatorAgencyX/AL2'

24-10-2024T07:48:26 - [MESSAGE][PASSED] - Text '' is set on object 'Object Repository/IWP30/Page_EmulatorAgencyX/Country'

24-10-2024T07:48:27 - [MESSAGE][PASSED] - Text '' is set on object 'Object Repository/IWP30/Page_EmulatorAgencyX/City'

24-10-2024T07:48:27 - [MESSAGE][PASSED] - Text '' is set on object 'Object Repository/IWP30/Page_EmulatorAgencyX/State'

24-10-2024T07:48:28 - [MESSAGE][PASSED] - Text '' is set on object 'Object Repository/IWP30/Page_EmulatorAgencyX/ZIP'

24-10-2024T07:48:29 - [MESSAGE][PASSED] - Text '' is set on object 'Object Repository/IWP30/Page_EmulatorAgencyX/Order'

24-10-2024T07:48:29 - [MESSAGE][PASSED] - Text '' is set on object 'Object Repository/IWP30/Page_EmulatorAgencyX/Company'

24-10-2024T07:48:30 - [MESSAGE][PASSED] - Text '' is set on object 'Object Repository/IWP30/Page_EmulatorAgencyX/Email'

24-10-2024T07:48:30 - [MESSAGE][PASSED] - Text '' is set on object 'Object Repository/IWP30/Page_EmulatorAgencyX/UDF1'

24-10-2024T07:48:31 - [MESSAGE][PASSED] - Text '' is set on object 'Object Repository/IWP30/Page_EmulatorAgencyX/UDF2'

24-10-2024T07:48:32 - [MESSAGE][PASSED] - Text '' is set on object 'Object Repository/IWP30/Page_EmulatorAgencyX/UDF3'

24-10-2024T07:48:32 - [MESSAGE][PASSED] - Text 'udf data 4' is set on object 'Object Repository/IWP30/Page_EmulatorAgencyX/UDF4'

24-10-2024T07:48:33 - [MESSAGE][PASSED] - Text 'udf data 5' is set on object 'Object Repository/IWP30/Page_EmulatorAgencyX/UDF5'

24-10-2024T07:48:33 - [MESSAGE][PASSED] - Text '' is set on object 'Object Repository/IWP30/Page_EmulatorAgencyX/UDF6'

24-10-2024T07:48:34 - [MESSAGE][PASSED] - Text '' is set on object 'Object Repository/IWP30/Page_EmulatorAgencyX/UDF7'

24-10-2024T07:48:35 - [MESSAGE][PASSED] - Text '' is set on object 'Object Repository/IWP30/Page_EmulatorAgencyX/UDF8'

24-10-2024T07:48:35 - [MESSAGE][PASSED] - Text 'udf data 9' is set on object 'Object Repository/IWP30/Page_EmulatorAgencyX/UDF9'

24-10-2024T07:48:36 - [MESSAGE][PASSED] - Text 'udf data 10' is set on object 'Object Repository/IWP30/Page_EmulatorAgencyX/UDF10'

24-10-2024T07:48:37 - [MESSAGE][PASSED] - Object: 'Object Repository/IWP30/Page_EmulatorAgencyX/Submit' is clicked on

24-10-2024T07:48:42 - [MESSAGE][PASSED] - Browser is closed

24-10-2024T07:48:46 - [MESSAGE][PASSED] - iwpPages.emulatorIWP30.setDataEmulator_DD is PASSED

24-10-2024T07:48:46 - [TEST_STEP][PASSED] - testHarnessURL = urlTestHarness: null

24-10-2024T07:48:46 - [TEST_STEP][PASSED] - openBrowser(testHarnessURL): Browser is opened with url: 'https://dev-algorithm.govolution.com/vrelaytest/QA2/version_2_2/vrelaytest.html'

24-10-2024T07:48:46 - [MESSAGE][INFO] - Starting 'Edge Chromium' driver

24-10-2024T07:48:46 - [MESSAGE][INFO] - User set preference: ['acceptInsecureCerts', 'true']

24-10-2024T07:48:48 - [MESSAGE][INFO] - Action delay is set to 0 milliseconds

24-10-2024T07:48:51 - [MESSAGE][PASSED] - Browser is opened with url: 'https://dev-algorithm.govolution.com/vrelaytest/QA2/version_2_2/vrelaytest.html'

24-10-2024T07:48:51 - [TEST_STEP][PASSED] - maximizeWindow(): Current window maximized

24-10-2024T07:48:51 - [MESSAGE][PASSED] - Current window maximized

24-10-2024T07:48:51 - [TEST_STEP][PASSED] - iwpPages.TestHarnessPage.setDataMethodEF(row, dataFile): iwpPages.TestHarnessPage.setDataMethodEF is PASSED

24-10-2024T07:48:52 - [MESSAGE][PASSED] - Object 'Object Repository/IWP30/Page_QATestHarness/RemittanceID' is present

24-10-2024T07:48:52 - [MESSAGE][PASSED] - Text '649' is set on object 'Object Repository/IWP30/Page_QATestHarness/ApplicationID'

24-10-2024T07:48:53 - [MESSAGE][PASSED] - Text '3.0' is set on object 'Object Repository/IWP30/Page_QATestHarness/MessageVersion'

24-10-2024T07:48:54 - [MESSAGE][PASSED] - Text 'nt1CGQjZHyt9' is set on object 'Object Repository/IWP30/Page_QATestHarness/RemittanceID'

24-10-2024T07:48:57 - [MESSAGE][PASSED] - Object: 'Object Repository/IWP30/Page_QATestHarness/SubmitButton' is clicked on

24-10-2024T07:48:57 - [MESSAGE][PASSED] - iwpPages.TestHarnessPage.setDataMethodEF is PASSED

24-10-2024T07:48:57 - [TEST_STEP][PASSED] - click(findTestObject("Object Repository/IWP30/Page_SelectPaymentMethod/PayByPersonalCheck")): Object: 'Object Repository/IWP30/Page_SelectPaymentMethod/PayByPersonalCheck' is clicked on

24-10-2024T07:48:58 - [MESSAGE][PASSED] - Object: 'Object Repository/IWP30/Page_SelectPaymentMethod/PayByPersonalCheck' is clicked on

24-10-2024T07:48:58 - [TEST_STEP][PASSED] - click(findTestObject("Object Repository/IWP30/Page_SelectPaymentMethod/MakePaymentButton")): Object: 'Object Repository/IWP30/Page_SelectPaymentMethod/MakePaymentButton' is clicked on

24-10-2024T07:49:00 - [MESSAGE][PASSED] - Object: 'Object Repository/IWP30/Page_SelectPaymentMethod/MakePaymentButton' is clicked on

24-10-2024T07:49:00 - [TEST_STEP][PASSED] - iwpPages.achPersonalPaymentEntryPage.setDataACHPPM(row, dataFile): iwpPages.achPersonalPaymentEntryPage.setDataACHPPM is PASSED

24-10-2024T07:49:01 - [MESSAGE][PASSED] - Object 'Object Repository/IWP30/Page_ACHPersonalPaymentEntry/txt_accountNumber' is present

24-10-2024T07:49:01 - [MESSAGE][PASSED] - Text '10.50' is set on object 'Object Repository/IWP30/Page_ACHPersonalPaymentEntry/txt_Amount'

24-10-2024T07:49:02 - [MESSAGE][PASSED] - Object 'Object Repository/IWP30/Page_ACHPersonalPaymentEntry/txt_UDF2' is present

24-10-2024T07:49:02 - [MESSAGE][PASSED] - Text 'udf data 2' is set on object 'Object Repository/IWP30/Page_ACHPersonalPaymentEntry/txt_UDF2'

24-10-2024T07:49:03 - [MESSAGE][PASSED] - Text 'udf data 3' is set on object 'Object Repository/IWP30/Page_ACHPersonalPaymentEntry/txt_UDF3'

24-10-2024T07:49:03 - [MESSAGE][PASSED] - All options with label 'Orange' are selected in object 'Object Repository/IWP30/Page_ACHPersonalPaymentEntry/dd_UDF7' 

24-10-2024T07:49:04 - [MESSAGE][PASSED] - All options with label 'Soccer' are selected in object 'Object Repository/IWP30/Page_ACHPersonalPaymentEntry/dd_UDF8' 

24-10-2024T07:49:04 - [MESSAGE][PASSED] - Object 'Object Repository/IWP30/Page_ACHPersonalPaymentEntry/txt_Firstname' is present

24-10-2024T07:49:05 - [MESSAGE][PASSED] - Text 'Elizath' is set on object 'Object Repository/IWP30/Page_ACHPersonalPaymentEntry/txt_Firstname'

24-10-2024T07:49:05 - [MESSAGE][PASSED] - Object 'Object Repository/IWP30/Page_ACHPersonalPaymentEntry/txt_Lastname' is present

24-10-2024T07:49:06 - [MESSAGE][PASSED] - Text 'Christine' is set on object 'Object Repository/IWP30/Page_ACHPersonalPaymentEntry/txt_Lastname'

24-10-2024T07:49:06 - [MESSAGE][PASSED] - Object 'Object Repository/IWP30/Page_ACHPersonalPaymentEntry/txt_routingNumber' is present

24-10-2024T07:49:07 - [MESSAGE][PASSED] - Text '256072691' is set on object 'Object Repository/IWP30/Page_ACHPersonalPaymentEntry/txt_routingNumber'

24-10-2024T07:49:07 - [MESSAGE][PASSED] - Object 'Object Repository/IWP30/Page_ACHPersonalPaymentEntry/txt_accountNumber' is present

24-10-2024T07:49:08 - [MESSAGE][PASSED] - Text '12344444' is set on object 'Object Repository/IWP30/Page_ACHPersonalPaymentEntry/txt_accountNumber'

24-10-2024T07:49:08 - [MESSAGE][PASSED] - Object 'Object Repository/IWP30/Page_ACHPersonalPaymentEntry/txt_confirmAccountNumber' is present

24-10-2024T07:49:09 - [MESSAGE][PASSED] - Text '12344444' is set on object 'Object Repository/IWP30/Page_ACHPersonalPaymentEntry/txt_confirmAccountNumber'

24-10-2024T07:49:09 - [MESSAGE][PASSED] - Object 'Object Repository/IWP30/Page_ACHPersonalPaymentEntry/rd_accountType' is present

24-10-2024T07:49:09 - [MESSAGE][PASSED] - Modify property of object successfully

24-10-2024T07:49:09 - [MESSAGE][PASSED] - Object: 'Object Repository/IWP30/Page_ACHPersonalPaymentEntry/rd_accountType' is clicked on

24-10-2024T07:49:09 - [MESSAGE][PASSED] - Execute JavaScript '
				   document.getElementById('processDate').value = '08/09/2025'
				  ' successfully

24-10-2024T07:49:10 - [MESSAGE][PASSED] - Text '365 Main Avenue' is set on object 'Object Repository/IWP30/Page_ACHPersonalPaymentEntry/txt_AL1'

24-10-2024T07:49:11 - [MESSAGE][PASSED] - Text 'Ohio' is set on object 'Object Repository/IWP30/Page_ACHPersonalPaymentEntry/txt_AL2'

24-10-2024T07:49:11 - [MESSAGE][PASSED] - Text '22201' is set on object 'Object Repository/IWP30/Page_ACHPersonalPaymentEntry/txt_ZIP'

24-10-2024T07:49:11 - [MESSAGE][PASSED] - Object 'Object Repository/IWP30/Page_ACHPersonalPaymentEntry/txt_Email' is present

24-10-2024T07:49:12 - [MESSAGE][PASSED] - Text 'iahmed@govolution.com' is set on object 'Object Repository/IWP30/Page_ACHPersonalPaymentEntry/txt_Email'

24-10-2024T07:49:13 - [MESSAGE][PASSED] - Object 'Object Repository/IWP30/Page_ACHPersonalPaymentEntry/cb_TermsAndCond' is present

24-10-2024T07:49:13 - [MESSAGE][PASSED] - Object: 'Object Repository/IWP30/Page_ACHPersonalPaymentEntry/cb_TermsAndCond' is clicked on

24-10-2024T07:49:13 - [MESSAGE][PASSED] - Object 'Object Repository/IWP30/Page_ACHPersonalPaymentEntry/btn_Continue' is present

24-10-2024T07:49:15 - [MESSAGE][PASSED] - Object: 'Object Repository/IWP30/Page_ACHPersonalPaymentEntry/btn_Continue' is clicked on

24-10-2024T07:49:15 - [MESSAGE][PASSED] - iwpPages.achPersonalPaymentEntryPage.setDataACHPPM is PASSED

24-10-2024T07:49:15 - [TEST_STEP][PASSED] - click(findTestObject("Object Repository/IWP30/Page_Confirmation/ConfirmButton")): Object: 'Object Repository/IWP30/Page_Confirmation/ConfirmButton' is clicked on

24-10-2024T07:49:46 - [MESSAGE][INFO] - Unable to find the element located by 'By.xpath: //*[@type = 'submit' and @name = 'confirmNotifyAction' and @id = 'submitYes' and @value = 'Confirm']'. Please recheck the objects properties to make sure the desired element is located. 

24-10-2024T07:49:46 - [MESSAGE][WARNING] - [SELF-HEALING] Failed to find element with id 'Object Repository/IWP30/Page_Confirmation/ConfirmButton'. Try using Self-healing.

24-10-2024T07:49:46 - [MESSAGE][WARNING] - [SELF-HEALING] The current locator of test object 'Object Repository/IWP30/Page_Confirmation/ConfirmButton' was broken. Propose an alternative one: '//div/input'.

24-10-2024T07:49:48 - [MESSAGE][PASSED] - Object: 'Object Repository/IWP30/Page_Confirmation/ConfirmButton' is clicked on

24-10-2024T07:49:48 - [TEST_STEP][PASSED] - Thread.sleep(2000): null

24-10-2024T07:49:50 - [TEST_STEP][PASSED] - if (verifyTextPresent("Deferred", false)): null

24-10-2024T07:49:50 - [MESSAGE][PASSED] - Text 'Deferred' is present on page 

24-10-2024T07:49:50 - [TEST_STEP][PASSED] - click(findTestObject("Object Repository/IWP30/Page_Receipt/ViewScheduledPaymentsButton")): Object: 'Object Repository/IWP30/Page_Receipt/ViewScheduledPaymentsButton' is clicked on

24-10-2024T07:49:51 - [MESSAGE][PASSED] - Object: 'Object Repository/IWP30/Page_Receipt/ViewScheduledPaymentsButton' is clicked on

24-10-2024T07:49:51 - [TEST_STEP][PASSED] - switchToWindowTitle("View Scheduled Payments"): Switched to window with title: 'View Scheduled Payments'

24-10-2024T07:49:51 - [MESSAGE][PASSED] - Switched to window with title: 'View Scheduled Payments'

24-10-2024T07:49:51 - [TEST_STEP][PASSED] - Thread.sleep(5000): null

24-10-2024T07:49:56 - [TEST_STEP][PASSED] - if (verifyTextPresent("View Scheduled Payments", false)): null

24-10-2024T07:49:56 - [MESSAGE][PASSED] - Text 'View Scheduled Payments' is present on page 

24-10-2024T07:49:56 - [TEST_STEP][PASSED] - click(findTestObject("Object Repository/IWP30/Page_ScheduledPayments/edit_payment")): Object: 'Object Repository/IWP30/Page_ScheduledPayments/edit_payment' is clicked on

24-10-2024T07:49:59 - [MESSAGE][PASSED] - Object: 'Object Repository/IWP30/Page_ScheduledPayments/edit_payment' is clicked on

24-10-2024T07:49:59 - [TEST_STEP][PASSED] - iwpPages.editSchedulePayment.setDataSchedPaymentEF(row, dataFile): iwpPages.editSchedulePayment.setDataSchedPaymentEF is PASSED

24-10-2024T07:50:00 - [MESSAGE][PASSED] - Text 'Edit Payment Plan' is present on page 

24-10-2024T07:50:00 - [MESSAGE][PASSED] - All options with label 'Orange' are selected in object 'Object Repository/IWP30/Page_CCPaymentEntry/UserDefined7' 

24-10-2024T07:50:01 - [MESSAGE][PASSED] - All options with label 'Soccer' are selected in object 'Object Repository/IWP30/Page_CCPaymentEntry/UserDefined8' 

24-10-2024T07:50:01 - [MESSAGE][PASSED] - Execute JavaScript '
				   document.getElementById('processDate').value = '08/09/2045'
				  ' successfully

24-10-2024T07:50:01 - [MESSAGE][PASSED] - iwpPages.editSchedulePayment.setDataSchedPaymentEF is PASSED

24-10-2024T07:50:01 - [TEST_STEP][PASSED] - click(findTestObject("Object Repository/Page_EditSchedPayment/chkbox_acceptterms")): Object: 'Object Repository/Page_EditSchedPayment/chkbox_acceptterms' is clicked on

24-10-2024T07:50:01 - [MESSAGE][PASSED] - Object: 'Object Repository/Page_EditSchedPayment/chkbox_acceptterms' is clicked on

24-10-2024T07:50:01 - [TEST_STEP][PASSED] - click(findTestObject("Object Repository/Page_EditSchedPayment/btn_update")): Object: 'Object Repository/Page_EditSchedPayment/btn_update' is clicked on

24-10-2024T07:50:03 - [MESSAGE][PASSED] - Object: 'Object Repository/Page_EditSchedPayment/btn_update' is clicked on

24-10-2024T07:50:03 - [TEST_STEP][PASSED] - if (verifyTextPresent("Successful Payment Plan Update", false)): null

24-10-2024T07:50:04 - [MESSAGE][PASSED] - Text 'Successful Payment Plan Update' is present on page 

24-10-2024T07:50:04 - [TEST_STEP][PASSED] - isRequiredTextPresent = true: null

24-10-2024T07:50:04 - [TEST_STEP][PASSED] - println(isRequiredTextPresent): null

24-10-2024T07:50:04 - [TEST_STEP][PASSED] - if (isRequiredTextPresent): null

24-10-2024T07:50:04 - [TEST_STEP][PASSED] - if (verifyTextPresent("CAN Label:", false)): null

24-10-2024T07:50:04 - [MESSAGE][PASSED] - Text 'CAN Label:' is present on page 

24-10-2024T07:50:04 - [TEST_STEP][PASSED] - isRequiredTextPresent = true: null

24-10-2024T07:50:04 - [TEST_STEP][PASSED] - println(isRequiredTextPresent): null

24-10-2024T07:50:04 - [TEST_STEP][PASSED] - if (isRequiredTextPresent): null

24-10-2024T07:50:04 - [TEST_STEP][PASSED] - if (verifyTextPresent("Remittance ID:", false)): null

24-10-2024T07:50:04 - [MESSAGE][PASSED] - Text 'Remittance ID:' is present on page 

24-10-2024T07:50:04 - [TEST_STEP][PASSED] - isRequiredTextPresent = true: null

24-10-2024T07:50:04 - [TEST_STEP][PASSED] - println(isRequiredTextPresent): null

24-10-2024T07:50:04 - [TEST_STEP][PASSED] - if (isRequiredTextPresent): null

24-10-2024T07:50:04 - [TEST_STEP][PASSED] - if (verifyTextPresent("UDF2 Label:", false)): null

24-10-2024T07:50:05 - [MESSAGE][PASSED] - Text 'UDF2 Label:' is present on page 

24-10-2024T07:50:05 - [TEST_STEP][PASSED] - isRequiredTextPresent = true: null

24-10-2024T07:50:05 - [TEST_STEP][PASSED] - println(isRequiredTextPresent): null

24-10-2024T07:50:05 - [TEST_STEP][PASSED] - if (isRequiredTextPresent): null

24-10-2024T07:50:05 - [TEST_STEP][PASSED] - if (verifyTextPresent("UDF3 Label:", false)): null

24-10-2024T07:50:05 - [MESSAGE][PASSED] - Text 'UDF3 Label:' is present on page 

24-10-2024T07:50:05 - [TEST_STEP][PASSED] - isRequiredTextPresent = true: null

24-10-2024T07:50:05 - [TEST_STEP][PASSED] - println(isRequiredTextPresent): null

24-10-2024T07:50:05 - [TEST_STEP][PASSED] - if (isRequiredTextPresent): null

24-10-2024T07:50:05 - [TEST_STEP][PASSED] - if (verifyTextPresent("UDF4 Label:", false)): null

24-10-2024T07:50:05 - [MESSAGE][PASSED] - Text 'UDF4 Label:' is present on page 

24-10-2024T07:50:05 - [TEST_STEP][PASSED] - isRequiredTextPresent = true: null

24-10-2024T07:50:05 - [TEST_STEP][PASSED] - println(isRequiredTextPresent): null

24-10-2024T07:50:05 - [TEST_STEP][PASSED] - if (isRequiredTextPresent): null

24-10-2024T07:50:05 - [TEST_STEP][PASSED] - if (verifyTextPresent("UDF7 Label:", false)): null

24-10-2024T07:50:05 - [MESSAGE][PASSED] - Text 'UDF7 Label:' is present on page 

24-10-2024T07:50:05 - [TEST_STEP][PASSED] - isRequiredTextPresent = true: null

24-10-2024T07:50:05 - [TEST_STEP][PASSED] - println(isRequiredTextPresent): null

24-10-2024T07:50:05 - [TEST_STEP][PASSED] - if (isRequiredTextPresent): null

24-10-2024T07:50:05 - [TEST_STEP][PASSED] - if (verifyTextPresent("UDF8 Label:", false)): null

24-10-2024T07:50:06 - [MESSAGE][PASSED] - Text 'UDF8 Label:' is present on page 

24-10-2024T07:50:06 - [TEST_STEP][PASSED] - isRequiredTextPresent = true: null

24-10-2024T07:50:06 - [TEST_STEP][PASSED] - println(isRequiredTextPresent): null

24-10-2024T07:50:06 - [TEST_STEP][PASSED] - if (isRequiredTextPresent): null

24-10-2024T07:50:06 - [TEST_STEP][PASSED] - if (verifyTextPresent("UDF9 Label:", false)): null

24-10-2024T07:50:06 - [MESSAGE][PASSED] - Text 'UDF9 Label:' is present on page 

24-10-2024T07:50:06 - [TEST_STEP][PASSED] - isRequiredTextPresent = true: null

24-10-2024T07:50:06 - [TEST_STEP][PASSED] - println(isRequiredTextPresent): null

24-10-2024T07:50:06 - [TEST_STEP][PASSED] - if (isRequiredTextPresent): null

24-10-2024T07:50:06 - [TEST_STEP][PASSED] - if (verifyTextPresent("Transaction Type:", false)): null

24-10-2024T07:50:06 - [MESSAGE][PASSED] - Text 'Transaction Type:' is present on page 

24-10-2024T07:50:06 - [TEST_STEP][PASSED] - isRequiredTextPresent = true: null

24-10-2024T07:50:06 - [TEST_STEP][PASSED] - println(isRequiredTextPresent): null

24-10-2024T07:50:06 - [TEST_STEP][PASSED] - if (isRequiredTextPresent): null

24-10-2024T07:50:06 - [TEST_STEP][PASSED] - if (verifyTextPresent("Amount:", false)): null

24-10-2024T07:50:07 - [MESSAGE][PASSED] - Text 'Amount:' is present on page 

24-10-2024T07:50:07 - [TEST_STEP][PASSED] - isRequiredTextPresent = true: null

24-10-2024T07:50:07 - [TEST_STEP][PASSED] - println(isRequiredTextPresent): null

24-10-2024T07:50:07 - [TEST_STEP][PASSED] - if (isRequiredTextPresent): null

24-10-2024T07:50:07 - [TEST_STEP][PASSED] - if (verifyTextPresent("Check Information:", false)): null

24-10-2024T07:50:07 - [MESSAGE][PASSED] - Text 'Check Information:' is present on page 

24-10-2024T07:50:07 - [TEST_STEP][PASSED] - isRequiredTextPresent = true: null

24-10-2024T07:50:07 - [TEST_STEP][PASSED] - println(isRequiredTextPresent): null

24-10-2024T07:50:07 - [TEST_STEP][PASSED] - if (isRequiredTextPresent): null

24-10-2024T07:50:07 - [TEST_STEP][PASSED] - if (verifyTextPresent("Account Type:", false)): null

24-10-2024T07:50:07 - [MESSAGE][PASSED] - Text 'Account Type:' is present on page 

24-10-2024T07:50:07 - [TEST_STEP][PASSED] - isRequiredTextPresent = true: null

24-10-2024T07:50:07 - [TEST_STEP][PASSED] - println(isRequiredTextPresent): null

24-10-2024T07:50:07 - [TEST_STEP][PASSED] - if (isRequiredTextPresent): null

24-10-2024T07:50:07 - [TEST_STEP][PASSED] - if (verifyTextPresent("Account Number:", false)): null

24-10-2024T07:50:07 - [MESSAGE][PASSED] - Text 'Account Number:' is present on page 

24-10-2024T07:50:07 - [TEST_STEP][PASSED] - isRequiredTextPresent = true: null

24-10-2024T07:50:07 - [TEST_STEP][PASSED] - println(isRequiredTextPresent): null

24-10-2024T07:50:07 - [TEST_STEP][PASSED] - if (isRequiredTextPresent): null

24-10-2024T07:50:07 - [TEST_STEP][PASSED] - if (verifyTextPresent("Routing Number:", false)): null

24-10-2024T07:50:08 - [MESSAGE][PASSED] - Text 'Routing Number:' is present on page 

24-10-2024T07:50:08 - [TEST_STEP][PASSED] - isRequiredTextPresent = true: null

24-10-2024T07:50:08 - [TEST_STEP][PASSED] - println(isRequiredTextPresent): null

24-10-2024T07:50:08 - [TEST_STEP][PASSED] - if (isRequiredTextPresent): null

24-10-2024T07:50:08 - [TEST_STEP][PASSED] - if (verifyTextPresent("Name of Account:", false)): null

24-10-2024T07:50:08 - [MESSAGE][PASSED] - Text 'Name of Account:' is present on page 

24-10-2024T07:50:08 - [TEST_STEP][PASSED] - isRequiredTextPresent = true: null

24-10-2024T07:50:08 - [TEST_STEP][PASSED] - println(isRequiredTextPresent): null

24-10-2024T07:50:08 - [TEST_STEP][PASSED] - if (isRequiredTextPresent): null

24-10-2024T07:50:08 - [TEST_STEP][PASSED] - if (verifyTextPresent("Billing Information:", false)): null

24-10-2024T07:50:08 - [MESSAGE][PASSED] - Text 'Billing Information:' is present on page 

24-10-2024T07:50:08 - [TEST_STEP][PASSED] - isRequiredTextPresent = true: null

24-10-2024T07:50:08 - [TEST_STEP][PASSED] - println(isRequiredTextPresent): null

24-10-2024T07:50:08 - [TEST_STEP][PASSED] - if (isRequiredTextPresent): null

24-10-2024T07:50:08 - [TEST_STEP][PASSED] - if (verifyTextPresent("Address Line 1:", false)): null

24-10-2024T07:50:08 - [MESSAGE][PASSED] - Text 'Address Line 1:' is present on page 

24-10-2024T07:50:08 - [TEST_STEP][PASSED] - isRequiredTextPresent = true: null

24-10-2024T07:50:08 - [TEST_STEP][PASSED] - println(isRequiredTextPresent): null

24-10-2024T07:50:08 - [TEST_STEP][PASSED] - if (isRequiredTextPresent): null

24-10-2024T07:50:08 - [TEST_STEP][PASSED] - if (verifyTextPresent("Address Line 2:", false)): null

24-10-2024T07:50:09 - [MESSAGE][PASSED] - Text 'Address Line 2:' is present on page 

24-10-2024T07:50:09 - [TEST_STEP][PASSED] - isRequiredTextPresent = true: null

24-10-2024T07:50:09 - [TEST_STEP][PASSED] - println(isRequiredTextPresent): null

24-10-2024T07:50:09 - [TEST_STEP][PASSED] - if (isRequiredTextPresent): null

24-10-2024T07:50:09 - [TEST_STEP][PASSED] - if (verifyTextPresent("Country:", false)): null

24-10-2024T07:50:09 - [MESSAGE][PASSED] - Text 'Country:' is present on page 

24-10-2024T07:50:09 - [TEST_STEP][PASSED] - isRequiredTextPresent = true: null

24-10-2024T07:50:09 - [TEST_STEP][PASSED] - println(isRequiredTextPresent): null

24-10-2024T07:50:09 - [TEST_STEP][PASSED] - if (isRequiredTextPresent): null

24-10-2024T07:50:09 - [TEST_STEP][PASSED] - if (verifyTextPresent("City:", false)): null

24-10-2024T07:50:09 - [MESSAGE][PASSED] - Text 'City:' is present on page 

24-10-2024T07:50:09 - [TEST_STEP][PASSED] - isRequiredTextPresent = true: null

24-10-2024T07:50:09 - [TEST_STEP][PASSED] - println(isRequiredTextPresent): null

24-10-2024T07:50:09 - [TEST_STEP][PASSED] - if (isRequiredTextPresent): null

24-10-2024T07:50:09 - [TEST_STEP][PASSED] - if (verifyTextPresent("State:", false)): null

24-10-2024T07:50:09 - [MESSAGE][PASSED] - Text 'State:' is present on page 

24-10-2024T07:50:09 - [TEST_STEP][PASSED] - isRequiredTextPresent = true: null

24-10-2024T07:50:09 - [TEST_STEP][PASSED] - println(isRequiredTextPresent): null

24-10-2024T07:50:09 - [TEST_STEP][PASSED] - if (isRequiredTextPresent): null

24-10-2024T07:50:09 - [TEST_STEP][PASSED] - if (verifyTextPresent("Zip Code:", false)): null

24-10-2024T07:50:10 - [MESSAGE][PASSED] - Text 'Zip Code:' is present on page 

24-10-2024T07:50:10 - [TEST_STEP][PASSED] - isRequiredTextPresent = true: null

24-10-2024T07:50:10 - [TEST_STEP][PASSED] - println(isRequiredTextPresent): null

24-10-2024T07:50:10 - [TEST_STEP][PASSED] - if (isRequiredTextPresent): null

24-10-2024T07:50:10 - [TEST_STEP][PASSED] - if (verifyTextPresent("Plan Information:", false)): null

24-10-2024T07:50:10 - [MESSAGE][PASSED] - Text 'Plan Information:' is present on page 

24-10-2024T07:50:10 - [TEST_STEP][PASSED] - isRequiredTextPresent = true: null

24-10-2024T07:50:10 - [TEST_STEP][PASSED] - println(isRequiredTextPresent): null

24-10-2024T07:50:10 - [TEST_STEP][PASSED] - if (isRequiredTextPresent): null

24-10-2024T07:50:10 - [TEST_STEP][PASSED] - if (verifyTextPresent("Payment Plan Type:", false)): null

24-10-2024T07:50:10 - [MESSAGE][PASSED] - Text 'Payment Plan Type:' is present on page 

24-10-2024T07:50:10 - [TEST_STEP][PASSED] - isRequiredTextPresent = true: null

24-10-2024T07:50:10 - [TEST_STEP][PASSED] - println(isRequiredTextPresent): null

24-10-2024T07:50:10 - [TEST_STEP][PASSED] - if (isRequiredTextPresent): null

24-10-2024T07:50:10 - [TEST_STEP][PASSED] - if (verifyTextPresent("Payment Plan ID:", false)): null

24-10-2024T07:50:11 - [MESSAGE][PASSED] - Text 'Payment Plan ID:' is present on page 

24-10-2024T07:50:11 - [TEST_STEP][PASSED] - isRequiredTextPresent = true: null

24-10-2024T07:50:11 - [TEST_STEP][PASSED] - println(isRequiredTextPresent): null

24-10-2024T07:50:11 - [TEST_STEP][PASSED] - if (isRequiredTextPresent): null

24-10-2024T07:50:11 - [TEST_STEP][PASSED] - if (verifyTextPresent("Start Date:", false)): null

24-10-2024T07:50:11 - [MESSAGE][PASSED] - Text 'Start Date:' is present on page 

24-10-2024T07:50:11 - [TEST_STEP][PASSED] - isRequiredTextPresent = true: null

24-10-2024T07:50:11 - [TEST_STEP][PASSED] - println(isRequiredTextPresent): null

24-10-2024T07:50:11 - [TEST_STEP][PASSED] - if (isRequiredTextPresent == true): pages.WriteExcel.demoKey is PASSED

24-10-2024T07:50:11 - [TEST_STEP][PASSED] - println("All the relevant texts are present on Receipt Page"): null

24-10-2024T07:50:11 - [TEST_STEP][PASSED] - markPassed("All the relevant texts are present on Receipt Page"): All the relevant texts are present on Receipt Page

24-10-2024T07:50:11 - [MESSAGE][PASSED] - All the relevant texts are present on Receipt Page

24-10-2024T07:50:11 - [TEST_STEP][PASSED] - resText = "Pass": null

24-10-2024T07:50:11 - [TEST_STEP][PASSED] - pages.WriteExcel.demoKey(resText, datText, resColumn, datCloumn, fileLoc, nameSheet, row): pages.WriteExcel.demoKey is PASSED

24-10-2024T07:50:11 - [MESSAGE][PASSED] - pages.WriteExcel.demoKey is PASSED

24-10-2024T07:50:11 - [TEST_STEP][PASSED] - closeBrowser(): Browser is closed

24-10-2024T07:50:11 - [MESSAGE][PASSED] - Browser is closed]]></system-out>
         <system-err><![CDATA[]]></system-err>
      </testcase>
      <testcase name="Test Cases/IntegratedWeb/IWP25/Payments/VerifyEditReceiptLabelsDeferredPS" time="268.473" classname="Test Cases/IntegratedWeb/IWP25/Payments/VerifyEditReceiptLabelsDeferredPS" status="PASSED">
         <system-out><![CDATA[24-10-2024T07:50:12 - [TEST_CASE][PASSED] - Test Cases/IntegratedWeb/IWP25/Payments/VerifyEditReceiptLabelsDeferredPS: Test Cases/IntegratedWeb/IWP25/Payments/VerifyEditReceiptLabelsDeferredPS

24-10-2024T07:50:12 - [TEST_STEP][PASSED] - resText = "Fail": null

24-10-2024T07:50:12 - [TEST_STEP][PASSED] - resColumn = "Result": null

24-10-2024T07:50:12 - [TEST_STEP][PASSED] - datCloumn = "Date": null

24-10-2024T07:50:12 - [TEST_STEP][PASSED] - fileLoc = "KatalonData/IWPTestData/VRelay25PaymentsExtension.xlsx": null

24-10-2024T07:50:12 - [TEST_STEP][PASSED] - numOfRows = <not implemented yet for class: org.codehaus.groovy.ast.expr.EmptyExpression>: null

24-10-2024T07:50:12 - [TEST_STEP][PASSED] - nameSheet = <not implemented yet for class: org.codehaus.groovy.ast.expr.EmptyExpression>: null

24-10-2024T07:50:12 - [TEST_STEP][PASSED] - dataFileEmulator = <not implemented yet for class: org.codehaus.groovy.ast.expr.EmptyExpression>: null

24-10-2024T07:50:12 - [TEST_STEP][PASSED] - isRequiredTextPresent = false: null

24-10-2024T07:50:12 - [TEST_STEP][PASSED] - nameSheet = "VerifyEditLabelDeferredPS": null

24-10-2024T07:50:12 - [TEST_STEP][PASSED] - dataFile = getExcelDataWithDefaultSheet("KatalonData/IWPTestData/VRelay25PaymentsExtension.xlsx", nameSheet, true): null

24-10-2024T07:50:12 - [TEST_STEP][PASSED] - dataFileEmulator = "IWPTestData/EmulatorData": null

24-10-2024T07:50:12 - [TEST_STEP][PASSED] - numOfRows = dataFile.getRowNumbers(): null

24-10-2024T07:50:12 - [TEST_STEP][PASSED] - println("Number of Records: " + numOfRows): null

24-10-2024T07:50:12 - [TEST_STEP][PASSED] - columnNames = dataFile.getColumnNames(): null

24-10-2024T07:50:12 - [TEST_STEP][PASSED] - println(columnNames[0]): null

24-10-2024T07:50:12 - [TEST_STEP][PASSED] - for ([row = 1, row <= numOfRows, (row++)]): Browser is closed

24-10-2024T07:50:12 - [TEST_STEP][PASSED] - ExecuteTC = dataFile.getValue("Execute", row): null

24-10-2024T07:50:12 - [TEST_STEP][PASSED] - out.println("Value of Execute is : " + ExecuteTC): null

24-10-2024T07:50:12 - [TEST_STEP][PASSED] - if (ExecuteTC.equalsIgnoreCase("Y")): null

24-10-2024T07:50:12 - [TEST_STEP][PASSED] - out.println("Begin Record Number: " + row): null

24-10-2024T07:50:12 - [TEST_STEP][PASSED] - today = new java.util.Date(): null

24-10-2024T07:50:12 - [TEST_STEP][PASSED] - println(today): null

24-10-2024T07:50:12 - [TEST_STEP][PASSED] - datText = today: null

24-10-2024T07:50:12 - [TEST_STEP][PASSED] - EmulatorDataKey = dataFile.getValue("EmulatorData", row): null

24-10-2024T07:50:12 - [TEST_STEP][PASSED] - out.println("Value of Emulator Key is : " + EmulatorDataKey): null

24-10-2024T07:50:12 - [TEST_STEP][PASSED] - iwpPages.emulatorIWP30.setDataEmulator_DD(EmulatorDataKey): iwpPages.emulatorIWP30.setDataEmulator_DD is PASSED

24-10-2024T07:50:12 - [MESSAGE][INFO] - Starting 'Edge Chromium' driver

24-10-2024T07:50:12 - [MESSAGE][INFO] - User set preference: ['acceptInsecureCerts', 'true']

24-10-2024T07:50:14 - [MESSAGE][INFO] - Action delay is set to 0 milliseconds

24-10-2024T07:50:19 - [MESSAGE][PASSED] - Browser is opened with url: 'https://qa2.velocitypayment.com/agencyx/config.action?action=editor&message_version=2_5'

24-10-2024T07:50:19 - [MESSAGE][PASSED] - Current window maximized

24-10-2024T07:50:50 - [MESSAGE][INFO] - Unable to find the element located by 'By.xpath: //select[@name='message_version']'. Please recheck the objects properties to make sure the desired element is located. 

24-10-2024T07:50:50 - [MESSAGE][WARNING] - [SELF-HEALING] Failed to find element with id 'Object Repository/IWP30/Page_VRelay30Emulator/MV'. Try using Self-healing.

24-10-2024T07:50:51 - [MESSAGE][WARNING] - [SELF-HEALING] The current locator of test object 'Object Repository/IWP30/Page_VRelay30Emulator/MV' was broken. Propose an alternative one: '(.//*[normalize-space(text()) and normalize-space(.)='Message Version'])[1]/following::select[1]'.

24-10-2024T07:50:51 - [MESSAGE][PASSED] - All options with value '2.5' are selected in object 'Object Repository/IWP30/Page_VRelay30Emulator/MV'  using regular expression

24-10-2024T07:50:52 - [MESSAGE][PASSED] - Text '10.50' is set on object 'Object Repository/IWP30/Page_EmulatorAgencyX/Amount'

24-10-2024T07:50:53 - [MESSAGE][PASSED] - Text '3nBEeYsQcxon' is set on object 'Object Repository/IWP30/Page_EmulatorAgencyX/CAN'

24-10-2024T07:50:53 - [MESSAGE][PASSED] - Text 'PayNow' is set on object 'Object Repository/IWP30/Page_EmulatorAgencyX/Action'

24-10-2024T07:50:54 - [MESSAGE][PASSED] - Text 'en_US' is set on object 'Object Repository/IWP30/Page_EmulatorAgencyX/Lang'

24-10-2024T07:50:54 - [MESSAGE][PASSED] - Text '' is set on object 'Object Repository/IWP30/Page_EmulatorAgencyX/Fname'

24-10-2024T07:50:55 - [MESSAGE][PASSED] - Text '' is set on object 'Object Repository/IWP30/Page_EmulatorAgencyX/Lname'

24-10-2024T07:50:55 - [MESSAGE][PASSED] - Text '' is set on object 'Object Repository/IWP30/Page_EmulatorAgencyX/AL1'

24-10-2024T07:50:56 - [MESSAGE][PASSED] - Text '' is set on object 'Object Repository/IWP30/Page_EmulatorAgencyX/AL2'

24-10-2024T07:50:57 - [MESSAGE][PASSED] - Text '' is set on object 'Object Repository/IWP30/Page_EmulatorAgencyX/Country'

24-10-2024T07:50:57 - [MESSAGE][PASSED] - Text '' is set on object 'Object Repository/IWP30/Page_EmulatorAgencyX/City'

24-10-2024T07:50:58 - [MESSAGE][PASSED] - Text '' is set on object 'Object Repository/IWP30/Page_EmulatorAgencyX/State'

24-10-2024T07:50:58 - [MESSAGE][PASSED] - Text '' is set on object 'Object Repository/IWP30/Page_EmulatorAgencyX/ZIP'

24-10-2024T07:50:59 - [MESSAGE][PASSED] - Text '' is set on object 'Object Repository/IWP30/Page_EmulatorAgencyX/Order'

24-10-2024T07:50:59 - [MESSAGE][PASSED] - Text '' is set on object 'Object Repository/IWP30/Page_EmulatorAgencyX/Company'

24-10-2024T07:51:00 - [MESSAGE][PASSED] - Text '' is set on object 'Object Repository/IWP30/Page_EmulatorAgencyX/Email'

24-10-2024T07:51:01 - [MESSAGE][PASSED] - Text '' is set on object 'Object Repository/IWP30/Page_EmulatorAgencyX/UDF1'

24-10-2024T07:51:01 - [MESSAGE][PASSED] - Text '' is set on object 'Object Repository/IWP30/Page_EmulatorAgencyX/UDF2'

24-10-2024T07:51:02 - [MESSAGE][PASSED] - Text '' is set on object 'Object Repository/IWP30/Page_EmulatorAgencyX/UDF3'

24-10-2024T07:51:02 - [MESSAGE][PASSED] - Text 'udf data 4' is set on object 'Object Repository/IWP30/Page_EmulatorAgencyX/UDF4'

24-10-2024T07:51:03 - [MESSAGE][PASSED] - Text 'udf data 5' is set on object 'Object Repository/IWP30/Page_EmulatorAgencyX/UDF5'

24-10-2024T07:51:04 - [MESSAGE][PASSED] - Text '' is set on object 'Object Repository/IWP30/Page_EmulatorAgencyX/UDF6'

24-10-2024T07:51:04 - [MESSAGE][PASSED] - Text '' is set on object 'Object Repository/IWP30/Page_EmulatorAgencyX/UDF7'

24-10-2024T07:51:05 - [MESSAGE][PASSED] - Text '' is set on object 'Object Repository/IWP30/Page_EmulatorAgencyX/UDF8'

24-10-2024T07:51:05 - [MESSAGE][PASSED] - Text 'udf data 9' is set on object 'Object Repository/IWP30/Page_EmulatorAgencyX/UDF9'

24-10-2024T07:51:06 - [MESSAGE][PASSED] - Text 'udf data 10' is set on object 'Object Repository/IWP30/Page_EmulatorAgencyX/UDF10'

24-10-2024T07:51:07 - [MESSAGE][PASSED] - Object: 'Object Repository/IWP30/Page_EmulatorAgencyX/Submit' is clicked on

24-10-2024T07:51:12 - [MESSAGE][PASSED] - Browser is closed

24-10-2024T07:51:16 - [MESSAGE][PASSED] - iwpPages.emulatorIWP30.setDataEmulator_DD is PASSED

24-10-2024T07:51:16 - [TEST_STEP][PASSED] - testHarnessURL = urlTestHarness: null

24-10-2024T07:51:16 - [TEST_STEP][PASSED] - openBrowser(testHarnessURL): Browser is opened with url: 'https://dev-algorithm.govolution.com/vrelaytest/QA2/version_2_2/vrelaytest.html'

24-10-2024T07:51:16 - [MESSAGE][INFO] - Starting 'Edge Chromium' driver

24-10-2024T07:51:16 - [MESSAGE][INFO] - User set preference: ['acceptInsecureCerts', 'true']

24-10-2024T07:51:18 - [MESSAGE][INFO] - Action delay is set to 0 milliseconds

24-10-2024T07:51:22 - [MESSAGE][PASSED] - Browser is opened with url: 'https://dev-algorithm.govolution.com/vrelaytest/QA2/version_2_2/vrelaytest.html'

24-10-2024T07:51:22 - [TEST_STEP][PASSED] - maximizeWindow(): Current window maximized

24-10-2024T07:51:22 - [MESSAGE][PASSED] - Current window maximized

24-10-2024T07:51:22 - [TEST_STEP][PASSED] - iwpPages.TestHarnessPage.setDataMethodEF(row, dataFile): iwpPages.TestHarnessPage.setDataMethodEF is PASSED

24-10-2024T07:51:22 - [MESSAGE][PASSED] - Object 'Object Repository/IWP30/Page_QATestHarness/RemittanceID' is present

24-10-2024T07:51:23 - [MESSAGE][PASSED] - Text '638' is set on object 'Object Repository/IWP30/Page_QATestHarness/ApplicationID'

24-10-2024T07:51:23 - [MESSAGE][PASSED] - Text '2.5' is set on object 'Object Repository/IWP30/Page_QATestHarness/MessageVersion'

24-10-2024T07:51:24 - [MESSAGE][PASSED] - Text 'gxUHTNPzPNYY' is set on object 'Object Repository/IWP30/Page_QATestHarness/RemittanceID'

24-10-2024T07:51:27 - [MESSAGE][PASSED] - Object: 'Object Repository/IWP30/Page_QATestHarness/SubmitButton' is clicked on

24-10-2024T07:51:27 - [MESSAGE][PASSED] - iwpPages.TestHarnessPage.setDataMethodEF is PASSED

24-10-2024T07:51:27 - [TEST_STEP][PASSED] - click(findTestObject("Object Repository/IWP30/Page_SelectPaymentMethod/PayByPersonalCheck")): Object: 'Object Repository/IWP30/Page_SelectPaymentMethod/PayByPersonalCheck' is clicked on

24-10-2024T07:51:28 - [MESSAGE][PASSED] - Object: 'Object Repository/IWP30/Page_SelectPaymentMethod/PayByPersonalCheck' is clicked on

24-10-2024T07:51:28 - [TEST_STEP][PASSED] - click(findTestObject("Object Repository/IWP30/Page_SelectPaymentMethod/MakePaymentButton")): Object: 'Object Repository/IWP30/Page_SelectPaymentMethod/MakePaymentButton' is clicked on

24-10-2024T07:51:31 - [MESSAGE][PASSED] - Object: 'Object Repository/IWP30/Page_SelectPaymentMethod/MakePaymentButton' is clicked on

24-10-2024T07:51:31 - [TEST_STEP][PASSED] - iwpPages.achPersonalPaymentEntryPage.setDataACHPPM(row, dataFile): iwpPages.achPersonalPaymentEntryPage.setDataACHPPM is PASSED

24-10-2024T07:51:31 - [MESSAGE][PASSED] - Object 'Object Repository/IWP30/Page_ACHPersonalPaymentEntry/txt_accountNumber' is present

24-10-2024T07:51:32 - [MESSAGE][PASSED] - Text '10.50' is set on object 'Object Repository/IWP30/Page_ACHPersonalPaymentEntry/txt_Amount'

24-10-2024T07:51:32 - [MESSAGE][PASSED] - Object 'Object Repository/IWP30/Page_ACHPersonalPaymentEntry/txt_UDF2' is present

24-10-2024T07:51:32 - [MESSAGE][PASSED] - Text 'udf data 2' is set on object 'Object Repository/IWP30/Page_ACHPersonalPaymentEntry/txt_UDF2'

24-10-2024T07:51:33 - [MESSAGE][PASSED] - Text 'udf data 3' is set on object 'Object Repository/IWP30/Page_ACHPersonalPaymentEntry/txt_UDF3'

24-10-2024T07:51:34 - [MESSAGE][PASSED] - All options with label 'Orange' are selected in object 'Object Repository/IWP30/Page_ACHPersonalPaymentEntry/dd_UDF7' 

24-10-2024T07:51:34 - [MESSAGE][PASSED] - All options with label 'Soccer' are selected in object 'Object Repository/IWP30/Page_ACHPersonalPaymentEntry/dd_UDF8' 

24-10-2024T07:51:34 - [MESSAGE][PASSED] - Object 'Object Repository/IWP30/Page_ACHPersonalPaymentEntry/txt_Firstname' is present

24-10-2024T07:51:35 - [MESSAGE][PASSED] - Text 'Elizath' is set on object 'Object Repository/IWP30/Page_ACHPersonalPaymentEntry/txt_Firstname'

24-10-2024T07:51:35 - [MESSAGE][PASSED] - Object 'Object Repository/IWP30/Page_ACHPersonalPaymentEntry/txt_Lastname' is present

24-10-2024T07:51:36 - [MESSAGE][PASSED] - Text 'Christine' is set on object 'Object Repository/IWP30/Page_ACHPersonalPaymentEntry/txt_Lastname'

24-10-2024T07:51:36 - [MESSAGE][PASSED] - Object 'Object Repository/IWP30/Page_ACHPersonalPaymentEntry/txt_routingNumber' is present

24-10-2024T07:51:37 - [MESSAGE][PASSED] - Text '256072691' is set on object 'Object Repository/IWP30/Page_ACHPersonalPaymentEntry/txt_routingNumber'

24-10-2024T07:51:37 - [MESSAGE][PASSED] - Object 'Object Repository/IWP30/Page_ACHPersonalPaymentEntry/txt_accountNumber' is present

24-10-2024T07:51:38 - [MESSAGE][PASSED] - Text '12344444' is set on object 'Object Repository/IWP30/Page_ACHPersonalPaymentEntry/txt_accountNumber'

24-10-2024T07:51:39 - [MESSAGE][PASSED] - Object 'Object Repository/IWP30/Page_ACHPersonalPaymentEntry/txt_confirmAccountNumber' is present

24-10-2024T07:51:39 - [MESSAGE][PASSED] - Text '12344444' is set on object 'Object Repository/IWP30/Page_ACHPersonalPaymentEntry/txt_confirmAccountNumber'

24-10-2024T07:51:40 - [MESSAGE][PASSED] - Object 'Object Repository/IWP30/Page_ACHPersonalPaymentEntry/rd_accountType' is present

24-10-2024T07:51:40 - [MESSAGE][PASSED] - Modify property of object successfully

24-10-2024T07:51:40 - [MESSAGE][PASSED] - Object: 'Object Repository/IWP30/Page_ACHPersonalPaymentEntry/rd_accountType' is clicked on

24-10-2024T07:51:40 - [MESSAGE][PASSED] - Execute JavaScript '
				   document.getElementById('processDate').value = '08/09/2025'
				  ' successfully

24-10-2024T07:51:41 - [MESSAGE][PASSED] - Text '365 Main Avenue' is set on object 'Object Repository/IWP30/Page_ACHPersonalPaymentEntry/txt_AL1'

24-10-2024T07:51:41 - [MESSAGE][PASSED] - Text 'Ohio' is set on object 'Object Repository/IWP30/Page_ACHPersonalPaymentEntry/txt_AL2'

24-10-2024T07:51:42 - [MESSAGE][PASSED] - Text '22201' is set on object 'Object Repository/IWP30/Page_ACHPersonalPaymentEntry/txt_ZIP'

24-10-2024T07:51:42 - [MESSAGE][PASSED] - Object 'Object Repository/IWP30/Page_ACHPersonalPaymentEntry/txt_Email' is present

24-10-2024T07:51:43 - [MESSAGE][PASSED] - Text 'iahmed@govolution.com' is set on object 'Object Repository/IWP30/Page_ACHPersonalPaymentEntry/txt_Email'

24-10-2024T07:51:44 - [MESSAGE][PASSED] - Object 'Object Repository/IWP30/Page_ACHPersonalPaymentEntry/cb_TermsAndCond' is present

24-10-2024T07:51:44 - [MESSAGE][PASSED] - Object: 'Object Repository/IWP30/Page_ACHPersonalPaymentEntry/cb_TermsAndCond' is clicked on

24-10-2024T07:51:44 - [MESSAGE][PASSED] - Object 'Object Repository/IWP30/Page_ACHPersonalPaymentEntry/btn_Continue' is present

24-10-2024T07:51:46 - [MESSAGE][PASSED] - Object: 'Object Repository/IWP30/Page_ACHPersonalPaymentEntry/btn_Continue' is clicked on

24-10-2024T07:51:46 - [MESSAGE][PASSED] - iwpPages.achPersonalPaymentEntryPage.setDataACHPPM is PASSED

24-10-2024T07:51:46 - [TEST_STEP][PASSED] - click(findTestObject("Object Repository/IWP30/Page_Confirmation/ConfirmButton")): Object: 'Object Repository/IWP30/Page_Confirmation/ConfirmButton' is clicked on

24-10-2024T07:51:48 - [MESSAGE][PASSED] - Object: 'Object Repository/IWP30/Page_Confirmation/ConfirmButton' is clicked on

24-10-2024T07:51:48 - [TEST_STEP][PASSED] - Thread.sleep(2000): null

24-10-2024T07:51:50 - [TEST_STEP][PASSED] - if (verifyTextPresent("Deferred", false)): null

24-10-2024T07:51:50 - [MESSAGE][PASSED] - Text 'Deferred' is present on page 

24-10-2024T07:51:50 - [TEST_STEP][PASSED] - click(findTestObject("Object Repository/IWP30/Page_Receipt/ViewScheduledPaymentsButton")): Object: 'Object Repository/IWP30/Page_Receipt/ViewScheduledPaymentsButton' is clicked on

24-10-2024T07:51:51 - [MESSAGE][PASSED] - Object: 'Object Repository/IWP30/Page_Receipt/ViewScheduledPaymentsButton' is clicked on

24-10-2024T07:51:51 - [TEST_STEP][PASSED] - switchToWindowTitle("View Scheduled Payments"): Switched to window with title: 'View Scheduled Payments'

24-10-2024T07:51:51 - [MESSAGE][PASSED] - Switched to window with title: 'View Scheduled Payments'

24-10-2024T07:51:51 - [TEST_STEP][PASSED] - Thread.sleep(5000): null

24-10-2024T07:51:56 - [TEST_STEP][PASSED] - if (verifyTextPresent("View Scheduled Payments", false)): null

24-10-2024T07:51:56 - [MESSAGE][PASSED] - Text 'View Scheduled Payments' is present on page 

24-10-2024T07:51:56 - [TEST_STEP][PASSED] - click(findTestObject("Object Repository/IWP30/Page_ScheduledPayments/edit_payment")): Object: 'Object Repository/IWP30/Page_ScheduledPayments/edit_payment' is clicked on

24-10-2024T07:51:59 - [MESSAGE][PASSED] - Object: 'Object Repository/IWP30/Page_ScheduledPayments/edit_payment' is clicked on

24-10-2024T07:51:59 - [TEST_STEP][PASSED] - iwpPages.editSchedulePayment.setDataSchedPaymentEF(row, dataFile): iwpPages.editSchedulePayment.setDataSchedPaymentEF is PASSED

24-10-2024T07:52:00 - [MESSAGE][PASSED] - Text 'Edit Payment Plan' is present on page 

24-10-2024T07:52:00 - [MESSAGE][PASSED] - All options with label 'Orange' are selected in object 'Object Repository/IWP30/Page_CCPaymentEntry/UserDefined7' 

24-10-2024T07:52:01 - [MESSAGE][PASSED] - All options with label 'Soccer' are selected in object 'Object Repository/IWP30/Page_CCPaymentEntry/UserDefined8' 

24-10-2024T07:52:01 - [MESSAGE][PASSED] - Execute JavaScript '
				   document.getElementById('processDate').value = '08/09/2045'
				  ' successfully

24-10-2024T07:52:01 - [MESSAGE][PASSED] - iwpPages.editSchedulePayment.setDataSchedPaymentEF is PASSED

24-10-2024T07:52:01 - [TEST_STEP][PASSED] - click(findTestObject("Object Repository/Page_EditSchedPayment/chkbox_acceptterms")): Object: 'Object Repository/Page_EditSchedPayment/chkbox_acceptterms' is clicked on

24-10-2024T07:52:01 - [MESSAGE][PASSED] - Object: 'Object Repository/Page_EditSchedPayment/chkbox_acceptterms' is clicked on

24-10-2024T07:52:01 - [TEST_STEP][PASSED] - click(findTestObject("Object Repository/Page_EditSchedPayment/btn_update")): Object: 'Object Repository/Page_EditSchedPayment/btn_update' is clicked on

24-10-2024T07:52:04 - [MESSAGE][PASSED] - Object: 'Object Repository/Page_EditSchedPayment/btn_update' is clicked on

24-10-2024T07:52:04 - [TEST_STEP][PASSED] - if (verifyTextPresent("Successful Payment Plan Update", false)): null

24-10-2024T07:52:04 - [MESSAGE][PASSED] - Text 'Successful Payment Plan Update' is present on page 

24-10-2024T07:52:04 - [TEST_STEP][PASSED] - isRequiredTextPresent = true: null

24-10-2024T07:52:04 - [TEST_STEP][PASSED] - println(isRequiredTextPresent): null

24-10-2024T07:52:04 - [TEST_STEP][PASSED] - if (isRequiredTextPresent): null

24-10-2024T07:52:04 - [TEST_STEP][PASSED] - if (verifyTextPresent("CAN Label:", false)): null

24-10-2024T07:52:04 - [MESSAGE][PASSED] - Text 'CAN Label:' is present on page 

24-10-2024T07:52:04 - [TEST_STEP][PASSED] - isRequiredTextPresent = true: null

24-10-2024T07:52:04 - [TEST_STEP][PASSED] - println(isRequiredTextPresent): null

24-10-2024T07:52:04 - [TEST_STEP][PASSED] - if (isRequiredTextPresent): null

24-10-2024T07:52:04 - [TEST_STEP][PASSED] - if (verifyTextPresent("Remittance ID:", false)): null

24-10-2024T07:52:05 - [MESSAGE][PASSED] - Text 'Remittance ID:' is present on page 

24-10-2024T07:52:05 - [TEST_STEP][PASSED] - isRequiredTextPresent = true: null

24-10-2024T07:52:05 - [TEST_STEP][PASSED] - println(isRequiredTextPresent): null

24-10-2024T07:52:05 - [TEST_STEP][PASSED] - if (isRequiredTextPresent): null

24-10-2024T07:52:05 - [TEST_STEP][PASSED] - if (verifyTextPresent("UDF2 Label:", false)): null

24-10-2024T07:52:05 - [MESSAGE][PASSED] - Text 'UDF2 Label:' is present on page 

24-10-2024T07:52:05 - [TEST_STEP][PASSED] - isRequiredTextPresent = true: null

24-10-2024T07:52:05 - [TEST_STEP][PASSED] - println(isRequiredTextPresent): null

24-10-2024T07:52:05 - [TEST_STEP][PASSED] - if (isRequiredTextPresent): null

24-10-2024T07:52:05 - [TEST_STEP][PASSED] - if (verifyTextPresent("UDF3 Label:", false)): null

24-10-2024T07:52:05 - [MESSAGE][PASSED] - Text 'UDF3 Label:' is present on page 

24-10-2024T07:52:05 - [TEST_STEP][PASSED] - isRequiredTextPresent = true: null

24-10-2024T07:52:05 - [TEST_STEP][PASSED] - println(isRequiredTextPresent): null

24-10-2024T07:52:05 - [TEST_STEP][PASSED] - if (isRequiredTextPresent): null

24-10-2024T07:52:05 - [TEST_STEP][PASSED] - if (verifyTextPresent("UDF4 Label:", false)): null

24-10-2024T07:52:06 - [MESSAGE][PASSED] - Text 'UDF4 Label:' is present on page 

24-10-2024T07:52:06 - [TEST_STEP][PASSED] - isRequiredTextPresent = true: null

24-10-2024T07:52:06 - [TEST_STEP][PASSED] - println(isRequiredTextPresent): null

24-10-2024T07:52:06 - [TEST_STEP][PASSED] - if (isRequiredTextPresent): null

24-10-2024T07:52:06 - [TEST_STEP][PASSED] - if (verifyTextPresent("UDF7 Label:", false)): null

24-10-2024T07:52:06 - [MESSAGE][PASSED] - Text 'UDF7 Label:' is present on page 

24-10-2024T07:52:06 - [TEST_STEP][PASSED] - isRequiredTextPresent = true: null

24-10-2024T07:52:06 - [TEST_STEP][PASSED] - println(isRequiredTextPresent): null

24-10-2024T07:52:06 - [TEST_STEP][PASSED] - if (isRequiredTextPresent): null

24-10-2024T07:52:06 - [TEST_STEP][PASSED] - if (verifyTextPresent("UDF8 Label:", false)): null

24-10-2024T07:52:06 - [MESSAGE][PASSED] - Text 'UDF8 Label:' is present on page 

24-10-2024T07:52:06 - [TEST_STEP][PASSED] - isRequiredTextPresent = true: null

24-10-2024T07:52:06 - [TEST_STEP][PASSED] - println(isRequiredTextPresent): null

24-10-2024T07:52:06 - [TEST_STEP][PASSED] - if (isRequiredTextPresent): null

24-10-2024T07:52:06 - [TEST_STEP][PASSED] - if (verifyTextPresent("UDF9 Label:", false)): null

24-10-2024T07:52:06 - [MESSAGE][PASSED] - Text 'UDF9 Label:' is present on page 

24-10-2024T07:52:06 - [TEST_STEP][PASSED] - isRequiredTextPresent = true: null

24-10-2024T07:52:06 - [TEST_STEP][PASSED] - println(isRequiredTextPresent): null

24-10-2024T07:52:06 - [TEST_STEP][PASSED] - if (isRequiredTextPresent): null

24-10-2024T07:52:06 - [TEST_STEP][PASSED] - if (verifyTextPresent("Transaction Type:", false)): null

24-10-2024T07:52:07 - [MESSAGE][PASSED] - Text 'Transaction Type:' is present on page 

24-10-2024T07:52:07 - [TEST_STEP][PASSED] - isRequiredTextPresent = true: null

24-10-2024T07:52:07 - [TEST_STEP][PASSED] - println(isRequiredTextPresent): null

24-10-2024T07:52:07 - [TEST_STEP][PASSED] - if (isRequiredTextPresent): null

24-10-2024T07:52:07 - [TEST_STEP][PASSED] - if (verifyTextPresent("Amount:", false)): null

24-10-2024T07:52:07 - [MESSAGE][PASSED] - Text 'Amount:' is present on page 

24-10-2024T07:52:07 - [TEST_STEP][PASSED] - isRequiredTextPresent = true: null

24-10-2024T07:52:07 - [TEST_STEP][PASSED] - println(isRequiredTextPresent): null

24-10-2024T07:52:07 - [TEST_STEP][PASSED] - if (isRequiredTextPresent): null

24-10-2024T07:52:07 - [TEST_STEP][PASSED] - if (verifyTextPresent("Check Information:", false)): null

24-10-2024T07:52:07 - [MESSAGE][PASSED] - Text 'Check Information:' is present on page 

24-10-2024T07:52:07 - [TEST_STEP][PASSED] - isRequiredTextPresent = true: null

24-10-2024T07:52:07 - [TEST_STEP][PASSED] - println(isRequiredTextPresent): null

24-10-2024T07:52:07 - [TEST_STEP][PASSED] - if (isRequiredTextPresent): null

24-10-2024T07:52:07 - [TEST_STEP][PASSED] - if (verifyTextPresent("Account Type:", false)): null

24-10-2024T07:52:08 - [MESSAGE][PASSED] - Text 'Account Type:' is present on page 

24-10-2024T07:52:08 - [TEST_STEP][PASSED] - isRequiredTextPresent = true: null

24-10-2024T07:52:08 - [TEST_STEP][PASSED] - println(isRequiredTextPresent): null

24-10-2024T07:52:08 - [TEST_STEP][PASSED] - if (isRequiredTextPresent): null

24-10-2024T07:52:08 - [TEST_STEP][PASSED] - if (verifyTextPresent("Account Number:", false)): null

24-10-2024T07:52:08 - [MESSAGE][PASSED] - Text 'Account Number:' is present on page 

24-10-2024T07:52:08 - [TEST_STEP][PASSED] - isRequiredTextPresent = true: null

24-10-2024T07:52:08 - [TEST_STEP][PASSED] - println(isRequiredTextPresent): null

24-10-2024T07:52:08 - [TEST_STEP][PASSED] - if (isRequiredTextPresent): null

24-10-2024T07:52:08 - [TEST_STEP][PASSED] - if (verifyTextPresent("Routing Number:", false)): null

24-10-2024T07:52:08 - [MESSAGE][PASSED] - Text 'Routing Number:' is present on page 

24-10-2024T07:52:08 - [TEST_STEP][PASSED] - isRequiredTextPresent = true: null

24-10-2024T07:52:08 - [TEST_STEP][PASSED] - println(isRequiredTextPresent): null

24-10-2024T07:52:08 - [TEST_STEP][PASSED] - if (isRequiredTextPresent): null

24-10-2024T07:52:08 - [TEST_STEP][PASSED] - if (verifyTextPresent("Name of Account:", false)): null

24-10-2024T07:52:08 - [MESSAGE][PASSED] - Text 'Name of Account:' is present on page 

24-10-2024T07:52:08 - [TEST_STEP][PASSED] - isRequiredTextPresent = true: null

24-10-2024T07:52:08 - [TEST_STEP][PASSED] - println(isRequiredTextPresent): null

24-10-2024T07:52:08 - [TEST_STEP][PASSED] - if (isRequiredTextPresent): null

24-10-2024T07:52:08 - [TEST_STEP][PASSED] - if (verifyTextPresent("Billing Information:", false)): null

24-10-2024T07:52:09 - [MESSAGE][PASSED] - Text 'Billing Information:' is present on page 

24-10-2024T07:52:09 - [TEST_STEP][PASSED] - isRequiredTextPresent = true: null

24-10-2024T07:52:09 - [TEST_STEP][PASSED] - println(isRequiredTextPresent): null

24-10-2024T07:52:09 - [TEST_STEP][PASSED] - if (isRequiredTextPresent): null

24-10-2024T07:52:09 - [TEST_STEP][PASSED] - if (verifyTextPresent("Address Line 1:", false)): null

24-10-2024T07:52:09 - [MESSAGE][PASSED] - Text 'Address Line 1:' is present on page 

24-10-2024T07:52:09 - [TEST_STEP][PASSED] - isRequiredTextPresent = true: null

24-10-2024T07:52:09 - [TEST_STEP][PASSED] - println(isRequiredTextPresent): null

24-10-2024T07:52:09 - [TEST_STEP][PASSED] - if (isRequiredTextPresent): null

24-10-2024T07:52:09 - [TEST_STEP][PASSED] - if (verifyTextPresent("Address Line 2:", false)): null

24-10-2024T07:52:09 - [MESSAGE][PASSED] - Text 'Address Line 2:' is present on page 

24-10-2024T07:52:09 - [TEST_STEP][PASSED] - isRequiredTextPresent = true: null

24-10-2024T07:52:09 - [TEST_STEP][PASSED] - println(isRequiredTextPresent): null

24-10-2024T07:52:09 - [TEST_STEP][PASSED] - if (isRequiredTextPresent): null

24-10-2024T07:52:09 - [TEST_STEP][PASSED] - if (verifyTextPresent("Country:", false)): null

24-10-2024T07:52:09 - [MESSAGE][PASSED] - Text 'Country:' is present on page 

24-10-2024T07:52:09 - [TEST_STEP][PASSED] - isRequiredTextPresent = true: null

24-10-2024T07:52:09 - [TEST_STEP][PASSED] - println(isRequiredTextPresent): null

24-10-2024T07:52:09 - [TEST_STEP][PASSED] - if (isRequiredTextPresent): null

24-10-2024T07:52:09 - [TEST_STEP][PASSED] - if (verifyTextPresent("City:", false)): null

24-10-2024T07:52:10 - [MESSAGE][PASSED] - Text 'City:' is present on page 

24-10-2024T07:52:10 - [TEST_STEP][PASSED] - isRequiredTextPresent = true: null

24-10-2024T07:52:10 - [TEST_STEP][PASSED] - println(isRequiredTextPresent): null

24-10-2024T07:52:10 - [TEST_STEP][PASSED] - if (isRequiredTextPresent): null

24-10-2024T07:52:10 - [TEST_STEP][PASSED] - if (verifyTextPresent("State:", false)): null

24-10-2024T07:52:10 - [MESSAGE][PASSED] - Text 'State:' is present on page 

24-10-2024T07:52:10 - [TEST_STEP][PASSED] - isRequiredTextPresent = true: null

24-10-2024T07:52:10 - [TEST_STEP][PASSED] - println(isRequiredTextPresent): null

24-10-2024T07:52:10 - [TEST_STEP][PASSED] - if (isRequiredTextPresent): null

24-10-2024T07:52:10 - [TEST_STEP][PASSED] - if (verifyTextPresent("Zip Code:", false)): null

24-10-2024T07:52:10 - [MESSAGE][PASSED] - Text 'Zip Code:' is present on page 

24-10-2024T07:52:10 - [TEST_STEP][PASSED] - isRequiredTextPresent = true: null

24-10-2024T07:52:10 - [TEST_STEP][PASSED] - println(isRequiredTextPresent): null

24-10-2024T07:52:10 - [TEST_STEP][PASSED] - if (isRequiredTextPresent): null

24-10-2024T07:52:10 - [TEST_STEP][PASSED] - if (verifyTextPresent("Plan Information:", false)): null

24-10-2024T07:52:11 - [MESSAGE][PASSED] - Text 'Plan Information:' is present on page 

24-10-2024T07:52:11 - [TEST_STEP][PASSED] - isRequiredTextPresent = true: null

24-10-2024T07:52:11 - [TEST_STEP][PASSED] - println(isRequiredTextPresent): null

24-10-2024T07:52:11 - [TEST_STEP][PASSED] - if (isRequiredTextPresent): null

24-10-2024T07:52:11 - [TEST_STEP][PASSED] - if (verifyTextPresent("Payment Plan Type:", false)): null

24-10-2024T07:52:11 - [MESSAGE][PASSED] - Text 'Payment Plan Type:' is present on page 

24-10-2024T07:52:11 - [TEST_STEP][PASSED] - isRequiredTextPresent = true: null

24-10-2024T07:52:11 - [TEST_STEP][PASSED] - println(isRequiredTextPresent): null

24-10-2024T07:52:11 - [TEST_STEP][PASSED] - if (isRequiredTextPresent): null

24-10-2024T07:52:11 - [TEST_STEP][PASSED] - if (verifyTextPresent("Payment Plan ID:", false)): null

24-10-2024T07:52:11 - [MESSAGE][PASSED] - Text 'Payment Plan ID:' is present on page 

24-10-2024T07:52:11 - [TEST_STEP][PASSED] - isRequiredTextPresent = true: null

24-10-2024T07:52:11 - [TEST_STEP][PASSED] - println(isRequiredTextPresent): null

24-10-2024T07:52:11 - [TEST_STEP][PASSED] - if (isRequiredTextPresent): null

24-10-2024T07:52:11 - [TEST_STEP][PASSED] - if (verifyTextPresent("Start Date:", false)): null

24-10-2024T07:52:11 - [MESSAGE][PASSED] - Text 'Start Date:' is present on page 

24-10-2024T07:52:11 - [TEST_STEP][PASSED] - isRequiredTextPresent = true: null

24-10-2024T07:52:11 - [TEST_STEP][PASSED] - println(isRequiredTextPresent): null

24-10-2024T07:52:11 - [TEST_STEP][PASSED] - if (isRequiredTextPresent == true): pages.WriteExcel.demoKey is PASSED

24-10-2024T07:52:11 - [TEST_STEP][PASSED] - println("All the relevant texts are present on Receipt Page"): null

24-10-2024T07:52:11 - [TEST_STEP][PASSED] - markPassed("All the relevant texts are present on Receipt Page"): All the relevant texts are present on Receipt Page

24-10-2024T07:52:11 - [MESSAGE][PASSED] - All the relevant texts are present on Receipt Page

24-10-2024T07:52:11 - [TEST_STEP][PASSED] - resText = "Pass": null

24-10-2024T07:52:11 - [TEST_STEP][PASSED] - pages.WriteExcel.demoKey(resText, datText, resColumn, datCloumn, fileLoc, nameSheet, row): pages.WriteExcel.demoKey is PASSED

24-10-2024T07:52:11 - [MESSAGE][PASSED] - pages.WriteExcel.demoKey is PASSED

24-10-2024T07:52:11 - [TEST_STEP][PASSED] - closeBrowser(): Browser is closed

24-10-2024T07:52:12 - [MESSAGE][PASSED] - Browser is closed

24-10-2024T07:52:12 - [TEST_STEP][PASSED] - ExecuteTC = dataFile.getValue("Execute", row): null

24-10-2024T07:52:12 - [TEST_STEP][PASSED] - out.println("Value of Execute is : " + ExecuteTC): null

24-10-2024T07:52:12 - [TEST_STEP][PASSED] - if (ExecuteTC.equalsIgnoreCase("Y")): null

24-10-2024T07:52:12 - [TEST_STEP][PASSED] - out.println("Begin Record Number: " + row): null

24-10-2024T07:52:12 - [TEST_STEP][PASSED] - today = new java.util.Date(): null

24-10-2024T07:52:12 - [TEST_STEP][PASSED] - println(today): null

24-10-2024T07:52:12 - [TEST_STEP][PASSED] - datText = today: null

24-10-2024T07:52:12 - [TEST_STEP][PASSED] - EmulatorDataKey = dataFile.getValue("EmulatorData", row): null

24-10-2024T07:52:12 - [TEST_STEP][PASSED] - out.println("Value of Emulator Key is : " + EmulatorDataKey): null

24-10-2024T07:52:12 - [TEST_STEP][PASSED] - iwpPages.emulatorIWP30.setDataEmulator_DD(EmulatorDataKey): iwpPages.emulatorIWP30.setDataEmulator_DD is PASSED

24-10-2024T07:52:12 - [MESSAGE][INFO] - Starting 'Edge Chromium' driver

24-10-2024T07:52:12 - [MESSAGE][INFO] - User set preference: ['acceptInsecureCerts', 'true']

24-10-2024T07:52:14 - [MESSAGE][INFO] - Action delay is set to 0 milliseconds

24-10-2024T07:52:19 - [MESSAGE][PASSED] - Browser is opened with url: 'https://qa2.velocitypayment.com/agencyx/config.action?action=editor&message_version=3_0'

24-10-2024T07:52:19 - [MESSAGE][PASSED] - Current window maximized

24-10-2024T07:52:50 - [MESSAGE][INFO] - Unable to find the element located by 'By.xpath: //select[@name='message_version']'. Please recheck the objects properties to make sure the desired element is located. 

24-10-2024T07:52:50 - [MESSAGE][WARNING] - [SELF-HEALING] Failed to find element with id 'Object Repository/IWP30/Page_VRelay30Emulator/MV'. Try using Self-healing.

24-10-2024T07:52:50 - [MESSAGE][WARNING] - [SELF-HEALING] The current locator of test object 'Object Repository/IWP30/Page_VRelay30Emulator/MV' was broken. Propose an alternative one: '(.//*[normalize-space(text()) and normalize-space(.)='Message Version'])[1]/following::select[1]'.

24-10-2024T07:52:51 - [MESSAGE][PASSED] - All options with value '3.0' are selected in object 'Object Repository/IWP30/Page_VRelay30Emulator/MV'  using regular expression

24-10-2024T07:52:52 - [MESSAGE][PASSED] - Text '10.50' is set on object 'Object Repository/IWP30/Page_EmulatorAgencyX/Amount'

24-10-2024T07:52:52 - [MESSAGE][PASSED] - Text 'Xqw4QZUDv1BQ' is set on object 'Object Repository/IWP30/Page_EmulatorAgencyX/CAN'

24-10-2024T07:52:53 - [MESSAGE][PASSED] - Text 'PayNow' is set on object 'Object Repository/IWP30/Page_EmulatorAgencyX/Action'

24-10-2024T07:52:53 - [MESSAGE][PASSED] - Text 'en_US' is set on object 'Object Repository/IWP30/Page_EmulatorAgencyX/Lang'

24-10-2024T07:52:54 - [MESSAGE][PASSED] - Text '' is set on object 'Object Repository/IWP30/Page_EmulatorAgencyX/Fname'

24-10-2024T07:52:55 - [MESSAGE][PASSED] - Text '' is set on object 'Object Repository/IWP30/Page_EmulatorAgencyX/Lname'

24-10-2024T07:52:55 - [MESSAGE][PASSED] - Text '' is set on object 'Object Repository/IWP30/Page_EmulatorAgencyX/AL1'

24-10-2024T07:52:56 - [MESSAGE][PASSED] - Text '' is set on object 'Object Repository/IWP30/Page_EmulatorAgencyX/AL2'

24-10-2024T07:52:56 - [MESSAGE][PASSED] - Text '' is set on object 'Object Repository/IWP30/Page_EmulatorAgencyX/Country'

24-10-2024T07:52:57 - [MESSAGE][PASSED] - Text '' is set on object 'Object Repository/IWP30/Page_EmulatorAgencyX/City'

24-10-2024T07:52:57 - [MESSAGE][PASSED] - Text '' is set on object 'Object Repository/IWP30/Page_EmulatorAgencyX/State'

24-10-2024T07:52:58 - [MESSAGE][PASSED] - Text '' is set on object 'Object Repository/IWP30/Page_EmulatorAgencyX/ZIP'

24-10-2024T07:52:59 - [MESSAGE][PASSED] - Text '' is set on object 'Object Repository/IWP30/Page_EmulatorAgencyX/Order'

24-10-2024T07:52:59 - [MESSAGE][PASSED] - Text '' is set on object 'Object Repository/IWP30/Page_EmulatorAgencyX/Company'

24-10-2024T07:53:00 - [MESSAGE][PASSED] - Text '' is set on object 'Object Repository/IWP30/Page_EmulatorAgencyX/Email'

24-10-2024T07:53:00 - [MESSAGE][PASSED] - Text '' is set on object 'Object Repository/IWP30/Page_EmulatorAgencyX/UDF1'

24-10-2024T07:53:01 - [MESSAGE][PASSED] - Text '' is set on object 'Object Repository/IWP30/Page_EmulatorAgencyX/UDF2'

24-10-2024T07:53:01 - [MESSAGE][PASSED] - Text '' is set on object 'Object Repository/IWP30/Page_EmulatorAgencyX/UDF3'

24-10-2024T07:53:02 - [MESSAGE][PASSED] - Text 'udf data 4' is set on object 'Object Repository/IWP30/Page_EmulatorAgencyX/UDF4'

24-10-2024T07:53:03 - [MESSAGE][PASSED] - Text 'udf data 5' is set on object 'Object Repository/IWP30/Page_EmulatorAgencyX/UDF5'

24-10-2024T07:53:03 - [MESSAGE][PASSED] - Text '' is set on object 'Object Repository/IWP30/Page_EmulatorAgencyX/UDF6'

24-10-2024T07:53:04 - [MESSAGE][PASSED] - Text '' is set on object 'Object Repository/IWP30/Page_EmulatorAgencyX/UDF7'

24-10-2024T07:53:04 - [MESSAGE][PASSED] - Text '' is set on object 'Object Repository/IWP30/Page_EmulatorAgencyX/UDF8'

24-10-2024T07:53:05 - [MESSAGE][PASSED] - Text 'udf data 9' is set on object 'Object Repository/IWP30/Page_EmulatorAgencyX/UDF9'

24-10-2024T07:53:05 - [MESSAGE][PASSED] - Text 'udf data 10' is set on object 'Object Repository/IWP30/Page_EmulatorAgencyX/UDF10'

24-10-2024T07:53:07 - [MESSAGE][PASSED] - Object: 'Object Repository/IWP30/Page_EmulatorAgencyX/Submit' is clicked on

24-10-2024T07:53:11 - [MESSAGE][PASSED] - Browser is closed

24-10-2024T07:53:15 - [MESSAGE][PASSED] - iwpPages.emulatorIWP30.setDataEmulator_DD is PASSED

24-10-2024T07:53:15 - [TEST_STEP][PASSED] - testHarnessURL = urlTestHarness: null

24-10-2024T07:53:15 - [TEST_STEP][PASSED] - openBrowser(testHarnessURL): Browser is opened with url: 'https://dev-algorithm.govolution.com/vrelaytest/QA2/version_2_2/vrelaytest.html'

24-10-2024T07:53:15 - [MESSAGE][INFO] - Starting 'Edge Chromium' driver

24-10-2024T07:53:15 - [MESSAGE][INFO] - User set preference: ['acceptInsecureCerts', 'true']

24-10-2024T07:53:17 - [MESSAGE][INFO] - Action delay is set to 0 milliseconds

24-10-2024T07:53:21 - [MESSAGE][PASSED] - Browser is opened with url: 'https://dev-algorithm.govolution.com/vrelaytest/QA2/version_2_2/vrelaytest.html'

24-10-2024T07:53:21 - [TEST_STEP][PASSED] - maximizeWindow(): Current window maximized

24-10-2024T07:53:21 - [MESSAGE][PASSED] - Current window maximized

24-10-2024T07:53:21 - [TEST_STEP][PASSED] - iwpPages.TestHarnessPage.setDataMethodEF(row, dataFile): iwpPages.TestHarnessPage.setDataMethodEF is PASSED

24-10-2024T07:53:21 - [MESSAGE][PASSED] - Object 'Object Repository/IWP30/Page_QATestHarness/RemittanceID' is present

24-10-2024T07:53:22 - [MESSAGE][PASSED] - Text '649' is set on object 'Object Repository/IWP30/Page_QATestHarness/ApplicationID'

24-10-2024T07:53:23 - [MESSAGE][PASSED] - Text '3.0' is set on object 'Object Repository/IWP30/Page_QATestHarness/MessageVersion'

24-10-2024T07:53:23 - [MESSAGE][PASSED] - Text '63IhJukJ3ijT' is set on object 'Object Repository/IWP30/Page_QATestHarness/RemittanceID'

24-10-2024T07:53:26 - [MESSAGE][PASSED] - Object: 'Object Repository/IWP30/Page_QATestHarness/SubmitButton' is clicked on

24-10-2024T07:53:26 - [MESSAGE][PASSED] - iwpPages.TestHarnessPage.setDataMethodEF is PASSED

24-10-2024T07:53:26 - [TEST_STEP][PASSED] - click(findTestObject("Object Repository/IWP30/Page_SelectPaymentMethod/PayByPersonalCheck")): Object: 'Object Repository/IWP30/Page_SelectPaymentMethod/PayByPersonalCheck' is clicked on

24-10-2024T07:53:27 - [MESSAGE][PASSED] - Object: 'Object Repository/IWP30/Page_SelectPaymentMethod/PayByPersonalCheck' is clicked on

24-10-2024T07:53:27 - [TEST_STEP][PASSED] - click(findTestObject("Object Repository/IWP30/Page_SelectPaymentMethod/MakePaymentButton")): Object: 'Object Repository/IWP30/Page_SelectPaymentMethod/MakePaymentButton' is clicked on

24-10-2024T07:53:29 - [MESSAGE][PASSED] - Object: 'Object Repository/IWP30/Page_SelectPaymentMethod/MakePaymentButton' is clicked on

24-10-2024T07:53:29 - [TEST_STEP][PASSED] - iwpPages.achPersonalPaymentEntryPage.setDataACHPPM(row, dataFile): iwpPages.achPersonalPaymentEntryPage.setDataACHPPM is PASSED

24-10-2024T07:53:30 - [MESSAGE][PASSED] - Object 'Object Repository/IWP30/Page_ACHPersonalPaymentEntry/txt_accountNumber' is present

24-10-2024T07:53:30 - [MESSAGE][PASSED] - Text '10.50' is set on object 'Object Repository/IWP30/Page_ACHPersonalPaymentEntry/txt_Amount'

24-10-2024T07:53:31 - [MESSAGE][PASSED] - Object 'Object Repository/IWP30/Page_ACHPersonalPaymentEntry/txt_UDF2' is present

24-10-2024T07:53:31 - [MESSAGE][PASSED] - Text 'udf data 2' is set on object 'Object Repository/IWP30/Page_ACHPersonalPaymentEntry/txt_UDF2'

24-10-2024T07:53:32 - [MESSAGE][PASSED] - Text 'udf data 3' is set on object 'Object Repository/IWP30/Page_ACHPersonalPaymentEntry/txt_UDF3'

24-10-2024T07:53:32 - [MESSAGE][PASSED] - All options with label 'Orange' are selected in object 'Object Repository/IWP30/Page_ACHPersonalPaymentEntry/dd_UDF7' 

24-10-2024T07:53:33 - [MESSAGE][PASSED] - All options with label 'Soccer' are selected in object 'Object Repository/IWP30/Page_ACHPersonalPaymentEntry/dd_UDF8' 

24-10-2024T07:53:33 - [MESSAGE][PASSED] - Object 'Object Repository/IWP30/Page_ACHPersonalPaymentEntry/txt_Firstname' is present

24-10-2024T07:53:34 - [MESSAGE][PASSED] - Text 'Elizath' is set on object 'Object Repository/IWP30/Page_ACHPersonalPaymentEntry/txt_Firstname'

24-10-2024T07:53:34 - [MESSAGE][PASSED] - Object 'Object Repository/IWP30/Page_ACHPersonalPaymentEntry/txt_Lastname' is present

24-10-2024T07:53:35 - [MESSAGE][PASSED] - Text 'Christine' is set on object 'Object Repository/IWP30/Page_ACHPersonalPaymentEntry/txt_Lastname'

24-10-2024T07:53:35 - [MESSAGE][PASSED] - Object 'Object Repository/IWP30/Page_ACHPersonalPaymentEntry/txt_routingNumber' is present

24-10-2024T07:53:35 - [MESSAGE][PASSED] - Text '256072691' is set on object 'Object Repository/IWP30/Page_ACHPersonalPaymentEntry/txt_routingNumber'

24-10-2024T07:53:36 - [MESSAGE][PASSED] - Object 'Object Repository/IWP30/Page_ACHPersonalPaymentEntry/txt_accountNumber' is present

24-10-2024T07:53:37 - [MESSAGE][PASSED] - Text '12344444' is set on object 'Object Repository/IWP30/Page_ACHPersonalPaymentEntry/txt_accountNumber'

24-10-2024T07:53:37 - [MESSAGE][PASSED] - Object 'Object Repository/IWP30/Page_ACHPersonalPaymentEntry/txt_confirmAccountNumber' is present

24-10-2024T07:53:38 - [MESSAGE][PASSED] - Text '12344444' is set on object 'Object Repository/IWP30/Page_ACHPersonalPaymentEntry/txt_confirmAccountNumber'

24-10-2024T07:53:38 - [MESSAGE][PASSED] - Object 'Object Repository/IWP30/Page_ACHPersonalPaymentEntry/rd_accountType' is present

24-10-2024T07:53:38 - [MESSAGE][PASSED] - Modify property of object successfully

24-10-2024T07:53:38 - [MESSAGE][PASSED] - Object: 'Object Repository/IWP30/Page_ACHPersonalPaymentEntry/rd_accountType' is clicked on

24-10-2024T07:53:38 - [MESSAGE][PASSED] - Execute JavaScript '
				   document.getElementById('processDate').value = '08/09/2025'
				  ' successfully

24-10-2024T07:53:39 - [MESSAGE][PASSED] - Text '365 Main Avenue' is set on object 'Object Repository/IWP30/Page_ACHPersonalPaymentEntry/txt_AL1'

24-10-2024T07:53:39 - [MESSAGE][PASSED] - Text 'Ohio' is set on object 'Object Repository/IWP30/Page_ACHPersonalPaymentEntry/txt_AL2'

24-10-2024T07:53:40 - [MESSAGE][PASSED] - Text '22201' is set on object 'Object Repository/IWP30/Page_ACHPersonalPaymentEntry/txt_ZIP'

24-10-2024T07:53:40 - [MESSAGE][PASSED] - Object 'Object Repository/IWP30/Page_ACHPersonalPaymentEntry/txt_Email' is present

24-10-2024T07:53:41 - [MESSAGE][PASSED] - Text 'iahmed@govolution.com' is set on object 'Object Repository/IWP30/Page_ACHPersonalPaymentEntry/txt_Email'

24-10-2024T07:53:42 - [MESSAGE][PASSED] - Object 'Object Repository/IWP30/Page_ACHPersonalPaymentEntry/cb_TermsAndCond' is present

24-10-2024T07:53:42 - [MESSAGE][PASSED] - Object: 'Object Repository/IWP30/Page_ACHPersonalPaymentEntry/cb_TermsAndCond' is clicked on

24-10-2024T07:53:42 - [MESSAGE][PASSED] - Object 'Object Repository/IWP30/Page_ACHPersonalPaymentEntry/btn_Continue' is present

24-10-2024T07:53:43 - [MESSAGE][PASSED] - Object: 'Object Repository/IWP30/Page_ACHPersonalPaymentEntry/btn_Continue' is clicked on

24-10-2024T07:53:43 - [MESSAGE][PASSED] - iwpPages.achPersonalPaymentEntryPage.setDataACHPPM is PASSED

24-10-2024T07:53:43 - [TEST_STEP][PASSED] - click(findTestObject("Object Repository/IWP30/Page_Confirmation/ConfirmButton")): Object: 'Object Repository/IWP30/Page_Confirmation/ConfirmButton' is clicked on

24-10-2024T07:54:14 - [MESSAGE][INFO] - Unable to find the element located by 'By.xpath: //*[@type = 'submit' and @name = 'confirmNotifyAction' and @id = 'submitYes' and @value = 'Confirm']'. Please recheck the objects properties to make sure the desired element is located. 

24-10-2024T07:54:14 - [MESSAGE][WARNING] - [SELF-HEALING] Failed to find element with id 'Object Repository/IWP30/Page_Confirmation/ConfirmButton'. Try using Self-healing.

24-10-2024T07:54:15 - [MESSAGE][WARNING] - [SELF-HEALING] The current locator of test object 'Object Repository/IWP30/Page_Confirmation/ConfirmButton' was broken. Propose an alternative one: '//div/input'.

24-10-2024T07:54:16 - [MESSAGE][PASSED] - Object: 'Object Repository/IWP30/Page_Confirmation/ConfirmButton' is clicked on

24-10-2024T07:54:16 - [TEST_STEP][PASSED] - Thread.sleep(2000): null

24-10-2024T07:54:19 - [TEST_STEP][PASSED] - if (verifyTextPresent("Deferred", false)): null

24-10-2024T07:54:19 - [MESSAGE][PASSED] - Text 'Deferred' is present on page 

24-10-2024T07:54:19 - [TEST_STEP][PASSED] - click(findTestObject("Object Repository/IWP30/Page_Receipt/ViewScheduledPaymentsButton")): Object: 'Object Repository/IWP30/Page_Receipt/ViewScheduledPaymentsButton' is clicked on

24-10-2024T07:54:19 - [MESSAGE][PASSED] - Object: 'Object Repository/IWP30/Page_Receipt/ViewScheduledPaymentsButton' is clicked on

24-10-2024T07:54:19 - [TEST_STEP][PASSED] - switchToWindowTitle("View Scheduled Payments"): Switched to window with title: 'View Scheduled Payments'

24-10-2024T07:54:20 - [MESSAGE][PASSED] - Switched to window with title: 'View Scheduled Payments'

24-10-2024T07:54:20 - [TEST_STEP][PASSED] - Thread.sleep(5000): null

24-10-2024T07:54:25 - [TEST_STEP][PASSED] - if (verifyTextPresent("View Scheduled Payments", false)): null

24-10-2024T07:54:25 - [MESSAGE][PASSED] - Text 'View Scheduled Payments' is present on page 

24-10-2024T07:54:25 - [TEST_STEP][PASSED] - click(findTestObject("Object Repository/IWP30/Page_ScheduledPayments/edit_payment")): Object: 'Object Repository/IWP30/Page_ScheduledPayments/edit_payment' is clicked on

24-10-2024T07:54:27 - [MESSAGE][PASSED] - Object: 'Object Repository/IWP30/Page_ScheduledPayments/edit_payment' is clicked on

24-10-2024T07:54:27 - [TEST_STEP][PASSED] - iwpPages.editSchedulePayment.setDataSchedPaymentEF(row, dataFile): iwpPages.editSchedulePayment.setDataSchedPaymentEF is PASSED

24-10-2024T07:54:28 - [MESSAGE][PASSED] - Text 'Edit Payment Plan' is present on page 

24-10-2024T07:54:29 - [MESSAGE][PASSED] - All options with label 'Orange' are selected in object 'Object Repository/IWP30/Page_CCPaymentEntry/UserDefined7' 

24-10-2024T07:54:29 - [MESSAGE][PASSED] - All options with label 'Soccer' are selected in object 'Object Repository/IWP30/Page_CCPaymentEntry/UserDefined8' 

24-10-2024T07:54:29 - [MESSAGE][PASSED] - Execute JavaScript '
				   document.getElementById('processDate').value = '08/09/2045'
				  ' successfully

24-10-2024T07:54:29 - [MESSAGE][PASSED] - iwpPages.editSchedulePayment.setDataSchedPaymentEF is PASSED

24-10-2024T07:54:29 - [TEST_STEP][PASSED] - click(findTestObject("Object Repository/Page_EditSchedPayment/chkbox_acceptterms")): Object: 'Object Repository/Page_EditSchedPayment/chkbox_acceptterms' is clicked on

24-10-2024T07:54:30 - [MESSAGE][PASSED] - Object: 'Object Repository/Page_EditSchedPayment/chkbox_acceptterms' is clicked on

24-10-2024T07:54:30 - [TEST_STEP][PASSED] - click(findTestObject("Object Repository/Page_EditSchedPayment/btn_update")): Object: 'Object Repository/Page_EditSchedPayment/btn_update' is clicked on

24-10-2024T07:54:31 - [MESSAGE][PASSED] - Object: 'Object Repository/Page_EditSchedPayment/btn_update' is clicked on

24-10-2024T07:54:31 - [TEST_STEP][PASSED] - if (verifyTextPresent("Successful Payment Plan Update", false)): null

24-10-2024T07:54:32 - [MESSAGE][PASSED] - Text 'Successful Payment Plan Update' is present on page 

24-10-2024T07:54:32 - [TEST_STEP][PASSED] - isRequiredTextPresent = true: null

24-10-2024T07:54:32 - [TEST_STEP][PASSED] - println(isRequiredTextPresent): null

24-10-2024T07:54:32 - [TEST_STEP][PASSED] - if (isRequiredTextPresent): null

24-10-2024T07:54:32 - [TEST_STEP][PASSED] - if (verifyTextPresent("CAN Label:", false)): null

24-10-2024T07:54:32 - [MESSAGE][PASSED] - Text 'CAN Label:' is present on page 

24-10-2024T07:54:32 - [TEST_STEP][PASSED] - isRequiredTextPresent = true: null

24-10-2024T07:54:32 - [TEST_STEP][PASSED] - println(isRequiredTextPresent): null

24-10-2024T07:54:32 - [TEST_STEP][PASSED] - if (isRequiredTextPresent): null

24-10-2024T07:54:32 - [TEST_STEP][PASSED] - if (verifyTextPresent("Remittance ID:", false)): null

24-10-2024T07:54:33 - [MESSAGE][PASSED] - Text 'Remittance ID:' is present on page 

24-10-2024T07:54:33 - [TEST_STEP][PASSED] - isRequiredTextPresent = true: null

24-10-2024T07:54:33 - [TEST_STEP][PASSED] - println(isRequiredTextPresent): null

24-10-2024T07:54:33 - [TEST_STEP][PASSED] - if (isRequiredTextPresent): null

24-10-2024T07:54:33 - [TEST_STEP][PASSED] - if (verifyTextPresent("UDF2 Label:", false)): null

24-10-2024T07:54:33 - [MESSAGE][PASSED] - Text 'UDF2 Label:' is present on page 

24-10-2024T07:54:33 - [TEST_STEP][PASSED] - isRequiredTextPresent = true: null

24-10-2024T07:54:33 - [TEST_STEP][PASSED] - println(isRequiredTextPresent): null

24-10-2024T07:54:33 - [TEST_STEP][PASSED] - if (isRequiredTextPresent): null

24-10-2024T07:54:33 - [TEST_STEP][PASSED] - if (verifyTextPresent("UDF3 Label:", false)): null

24-10-2024T07:54:33 - [MESSAGE][PASSED] - Text 'UDF3 Label:' is present on page 

24-10-2024T07:54:33 - [TEST_STEP][PASSED] - isRequiredTextPresent = true: null

24-10-2024T07:54:33 - [TEST_STEP][PASSED] - println(isRequiredTextPresent): null

24-10-2024T07:54:33 - [TEST_STEP][PASSED] - if (isRequiredTextPresent): null

24-10-2024T07:54:33 - [TEST_STEP][PASSED] - if (verifyTextPresent("UDF4 Label:", false)): null

24-10-2024T07:54:33 - [MESSAGE][PASSED] - Text 'UDF4 Label:' is present on page 

24-10-2024T07:54:33 - [TEST_STEP][PASSED] - isRequiredTextPresent = true: null

24-10-2024T07:54:33 - [TEST_STEP][PASSED] - println(isRequiredTextPresent): null

24-10-2024T07:54:33 - [TEST_STEP][PASSED] - if (isRequiredTextPresent): null

24-10-2024T07:54:33 - [TEST_STEP][PASSED] - if (verifyTextPresent("UDF7 Label:", false)): null

24-10-2024T07:54:34 - [MESSAGE][PASSED] - Text 'UDF7 Label:' is present on page 

24-10-2024T07:54:34 - [TEST_STEP][PASSED] - isRequiredTextPresent = true: null

24-10-2024T07:54:34 - [TEST_STEP][PASSED] - println(isRequiredTextPresent): null

24-10-2024T07:54:34 - [TEST_STEP][PASSED] - if (isRequiredTextPresent): null

24-10-2024T07:54:34 - [TEST_STEP][PASSED] - if (verifyTextPresent("UDF8 Label:", false)): null

24-10-2024T07:54:34 - [MESSAGE][PASSED] - Text 'UDF8 Label:' is present on page 

24-10-2024T07:54:34 - [TEST_STEP][PASSED] - isRequiredTextPresent = true: null

24-10-2024T07:54:34 - [TEST_STEP][PASSED] - println(isRequiredTextPresent): null

24-10-2024T07:54:34 - [TEST_STEP][PASSED] - if (isRequiredTextPresent): null

24-10-2024T07:54:34 - [TEST_STEP][PASSED] - if (verifyTextPresent("UDF9 Label:", false)): null

24-10-2024T07:54:34 - [MESSAGE][PASSED] - Text 'UDF9 Label:' is present on page 

24-10-2024T07:54:34 - [TEST_STEP][PASSED] - isRequiredTextPresent = true: null

24-10-2024T07:54:34 - [TEST_STEP][PASSED] - println(isRequiredTextPresent): null

24-10-2024T07:54:34 - [TEST_STEP][PASSED] - if (isRequiredTextPresent): null

24-10-2024T07:54:34 - [TEST_STEP][PASSED] - if (verifyTextPresent("Transaction Type:", false)): null

24-10-2024T07:54:34 - [MESSAGE][PASSED] - Text 'Transaction Type:' is present on page 

24-10-2024T07:54:34 - [TEST_STEP][PASSED] - isRequiredTextPresent = true: null

24-10-2024T07:54:34 - [TEST_STEP][PASSED] - println(isRequiredTextPresent): null

24-10-2024T07:54:34 - [TEST_STEP][PASSED] - if (isRequiredTextPresent): null

24-10-2024T07:54:34 - [TEST_STEP][PASSED] - if (verifyTextPresent("Amount:", false)): null

24-10-2024T07:54:35 - [MESSAGE][PASSED] - Text 'Amount:' is present on page 

24-10-2024T07:54:35 - [TEST_STEP][PASSED] - isRequiredTextPresent = true: null

24-10-2024T07:54:35 - [TEST_STEP][PASSED] - println(isRequiredTextPresent): null

24-10-2024T07:54:35 - [TEST_STEP][PASSED] - if (isRequiredTextPresent): null

24-10-2024T07:54:35 - [TEST_STEP][PASSED] - if (verifyTextPresent("Check Information:", false)): null

24-10-2024T07:54:35 - [MESSAGE][PASSED] - Text 'Check Information:' is present on page 

24-10-2024T07:54:35 - [TEST_STEP][PASSED] - isRequiredTextPresent = true: null

24-10-2024T07:54:35 - [TEST_STEP][PASSED] - println(isRequiredTextPresent): null

24-10-2024T07:54:35 - [TEST_STEP][PASSED] - if (isRequiredTextPresent): null

24-10-2024T07:54:35 - [TEST_STEP][PASSED] - if (verifyTextPresent("Account Type:", false)): null

24-10-2024T07:54:35 - [MESSAGE][PASSED] - Text 'Account Type:' is present on page 

24-10-2024T07:54:35 - [TEST_STEP][PASSED] - isRequiredTextPresent = true: null

24-10-2024T07:54:35 - [TEST_STEP][PASSED] - println(isRequiredTextPresent): null

24-10-2024T07:54:35 - [TEST_STEP][PASSED] - if (isRequiredTextPresent): null

24-10-2024T07:54:35 - [TEST_STEP][PASSED] - if (verifyTextPresent("Account Number:", false)): null

24-10-2024T07:54:36 - [MESSAGE][PASSED] - Text 'Account Number:' is present on page 

24-10-2024T07:54:36 - [TEST_STEP][PASSED] - isRequiredTextPresent = true: null

24-10-2024T07:54:36 - [TEST_STEP][PASSED] - println(isRequiredTextPresent): null

24-10-2024T07:54:36 - [TEST_STEP][PASSED] - if (isRequiredTextPresent): null

24-10-2024T07:54:36 - [TEST_STEP][PASSED] - if (verifyTextPresent("Routing Number:", false)): null

24-10-2024T07:54:36 - [MESSAGE][PASSED] - Text 'Routing Number:' is present on page 

24-10-2024T07:54:36 - [TEST_STEP][PASSED] - isRequiredTextPresent = true: null

24-10-2024T07:54:36 - [TEST_STEP][PASSED] - println(isRequiredTextPresent): null

24-10-2024T07:54:36 - [TEST_STEP][PASSED] - if (isRequiredTextPresent): null

24-10-2024T07:54:36 - [TEST_STEP][PASSED] - if (verifyTextPresent("Name of Account:", false)): null

24-10-2024T07:54:36 - [MESSAGE][PASSED] - Text 'Name of Account:' is present on page 

24-10-2024T07:54:36 - [TEST_STEP][PASSED] - isRequiredTextPresent = true: null

24-10-2024T07:54:36 - [TEST_STEP][PASSED] - println(isRequiredTextPresent): null

24-10-2024T07:54:36 - [TEST_STEP][PASSED] - if (isRequiredTextPresent): null

24-10-2024T07:54:36 - [TEST_STEP][PASSED] - if (verifyTextPresent("Billing Information:", false)): null

24-10-2024T07:54:36 - [MESSAGE][PASSED] - Text 'Billing Information:' is present on page 

24-10-2024T07:54:36 - [TEST_STEP][PASSED] - isRequiredTextPresent = true: null

24-10-2024T07:54:36 - [TEST_STEP][PASSED] - println(isRequiredTextPresent): null

24-10-2024T07:54:36 - [TEST_STEP][PASSED] - if (isRequiredTextPresent): null

24-10-2024T07:54:36 - [TEST_STEP][PASSED] - if (verifyTextPresent("Address Line 1:", false)): null

24-10-2024T07:54:37 - [MESSAGE][PASSED] - Text 'Address Line 1:' is present on page 

24-10-2024T07:54:37 - [TEST_STEP][PASSED] - isRequiredTextPresent = true: null

24-10-2024T07:54:37 - [TEST_STEP][PASSED] - println(isRequiredTextPresent): null

24-10-2024T07:54:37 - [TEST_STEP][PASSED] - if (isRequiredTextPresent): null

24-10-2024T07:54:37 - [TEST_STEP][PASSED] - if (verifyTextPresent("Address Line 2:", false)): null

24-10-2024T07:54:37 - [MESSAGE][PASSED] - Text 'Address Line 2:' is present on page 

24-10-2024T07:54:37 - [TEST_STEP][PASSED] - isRequiredTextPresent = true: null

24-10-2024T07:54:37 - [TEST_STEP][PASSED] - println(isRequiredTextPresent): null

24-10-2024T07:54:37 - [TEST_STEP][PASSED] - if (isRequiredTextPresent): null

24-10-2024T07:54:37 - [TEST_STEP][PASSED] - if (verifyTextPresent("Country:", false)): null

24-10-2024T07:54:37 - [MESSAGE][PASSED] - Text 'Country:' is present on page 

24-10-2024T07:54:37 - [TEST_STEP][PASSED] - isRequiredTextPresent = true: null

24-10-2024T07:54:37 - [TEST_STEP][PASSED] - println(isRequiredTextPresent): null

24-10-2024T07:54:37 - [TEST_STEP][PASSED] - if (isRequiredTextPresent): null

24-10-2024T07:54:37 - [TEST_STEP][PASSED] - if (verifyTextPresent("City:", false)): null

24-10-2024T07:54:37 - [MESSAGE][PASSED] - Text 'City:' is present on page 

24-10-2024T07:54:37 - [TEST_STEP][PASSED] - isRequiredTextPresent = true: null

24-10-2024T07:54:37 - [TEST_STEP][PASSED] - println(isRequiredTextPresent): null

24-10-2024T07:54:37 - [TEST_STEP][PASSED] - if (isRequiredTextPresent): null

24-10-2024T07:54:37 - [TEST_STEP][PASSED] - if (verifyTextPresent("State:", false)): null

24-10-2024T07:54:38 - [MESSAGE][PASSED] - Text 'State:' is present on page 

24-10-2024T07:54:38 - [TEST_STEP][PASSED] - isRequiredTextPresent = true: null

24-10-2024T07:54:38 - [TEST_STEP][PASSED] - println(isRequiredTextPresent): null

24-10-2024T07:54:38 - [TEST_STEP][PASSED] - if (isRequiredTextPresent): null

24-10-2024T07:54:38 - [TEST_STEP][PASSED] - if (verifyTextPresent("Zip Code:", false)): null

24-10-2024T07:54:38 - [MESSAGE][PASSED] - Text 'Zip Code:' is present on page 

24-10-2024T07:54:38 - [TEST_STEP][PASSED] - isRequiredTextPresent = true: null

24-10-2024T07:54:38 - [TEST_STEP][PASSED] - println(isRequiredTextPresent): null

24-10-2024T07:54:38 - [TEST_STEP][PASSED] - if (isRequiredTextPresent): null

24-10-2024T07:54:38 - [TEST_STEP][PASSED] - if (verifyTextPresent("Plan Information:", false)): null

24-10-2024T07:54:38 - [MESSAGE][PASSED] - Text 'Plan Information:' is present on page 

24-10-2024T07:54:38 - [TEST_STEP][PASSED] - isRequiredTextPresent = true: null

24-10-2024T07:54:38 - [TEST_STEP][PASSED] - println(isRequiredTextPresent): null

24-10-2024T07:54:38 - [TEST_STEP][PASSED] - if (isRequiredTextPresent): null

24-10-2024T07:54:38 - [TEST_STEP][PASSED] - if (verifyTextPresent("Payment Plan Type:", false)): null

24-10-2024T07:54:39 - [MESSAGE][PASSED] - Text 'Payment Plan Type:' is present on page 

24-10-2024T07:54:39 - [TEST_STEP][PASSED] - isRequiredTextPresent = true: null

24-10-2024T07:54:39 - [TEST_STEP][PASSED] - println(isRequiredTextPresent): null

24-10-2024T07:54:39 - [TEST_STEP][PASSED] - if (isRequiredTextPresent): null

24-10-2024T07:54:39 - [TEST_STEP][PASSED] - if (verifyTextPresent("Payment Plan ID:", false)): null

24-10-2024T07:54:39 - [MESSAGE][PASSED] - Text 'Payment Plan ID:' is present on page 

24-10-2024T07:54:39 - [TEST_STEP][PASSED] - isRequiredTextPresent = true: null

24-10-2024T07:54:39 - [TEST_STEP][PASSED] - println(isRequiredTextPresent): null

24-10-2024T07:54:39 - [TEST_STEP][PASSED] - if (isRequiredTextPresent): null

24-10-2024T07:54:39 - [TEST_STEP][PASSED] - if (verifyTextPresent("Start Date:", false)): null

24-10-2024T07:54:39 - [MESSAGE][PASSED] - Text 'Start Date:' is present on page 

24-10-2024T07:54:39 - [TEST_STEP][PASSED] - isRequiredTextPresent = true: null

24-10-2024T07:54:39 - [TEST_STEP][PASSED] - println(isRequiredTextPresent): null

24-10-2024T07:54:39 - [TEST_STEP][PASSED] - if (isRequiredTextPresent == true): pages.WriteExcel.demoKey is PASSED

24-10-2024T07:54:39 - [TEST_STEP][PASSED] - println("All the relevant texts are present on Receipt Page"): null

24-10-2024T07:54:39 - [TEST_STEP][PASSED] - markPassed("All the relevant texts are present on Receipt Page"): All the relevant texts are present on Receipt Page

24-10-2024T07:54:39 - [MESSAGE][PASSED] - All the relevant texts are present on Receipt Page

24-10-2024T07:54:39 - [TEST_STEP][PASSED] - resText = "Pass": null

24-10-2024T07:54:39 - [TEST_STEP][PASSED] - pages.WriteExcel.demoKey(resText, datText, resColumn, datCloumn, fileLoc, nameSheet, row): pages.WriteExcel.demoKey is PASSED

24-10-2024T07:54:39 - [MESSAGE][PASSED] - pages.WriteExcel.demoKey is PASSED

24-10-2024T07:54:39 - [TEST_STEP][PASSED] - closeBrowser(): Browser is closed

24-10-2024T07:54:40 - [MESSAGE][PASSED] - Browser is closed]]></system-out>
         <system-err><![CDATA[]]></system-err>
      </testcase>
      <testcase name="Test Cases/IntegratedWeb/IWP25/Payments/VerifyReceiptPageLabelsCC" time="108.91" classname="Test Cases/IntegratedWeb/IWP25/Payments/VerifyReceiptPageLabelsCC" status="ERROR">
         <error type="ERROR" message="Test Cases/IntegratedWeb/IWP25/Payments/VerifyReceiptPageLabelsCC FAILED.&#xa;Reason:&#xa;org.codehaus.groovy.runtime.InvokerInvocationException: java.io.FileNotFoundException: KatalonData\IWPTestData\VRelay25Payments.xlsx (The process cannot access the file because it is being used by another process)&#xa;	at com.kms.katalon.core.main.CustomKeywordDelegatingMetaClass.invokeStaticMethod(CustomKeywordDelegatingMetaClass.java:55)&#xa;	at VerifyReceiptPageLabelsCC.run(VerifyReceiptPageLabelsCC:335)&#xa;	at com.kms.katalon.core.main.ScriptEngine.run(ScriptEngine.java:194)&#xa;	at com.kms.katalon.core.main.ScriptEngine.runScriptAsRawText(ScriptEngine.java:119)&#xa;	at com.kms.katalon.core.main.TestCaseExecutor.runScript(TestCaseExecutor.java:448)&#xa;	at com.kms.katalon.core.main.TestCaseExecutor.doExecute(TestCaseExecutor.java:439)&#xa;	at com.kms.katalon.core.main.TestCaseExecutor.processExecutionPhase(TestCaseExecutor.java:418)&#xa;	at com.kms.katalon.core.main.TestCaseExecutor.accessMainPhase(TestCaseExecutor.java:410)&#xa;	at com.kms.katalon.core.main.TestCaseExecutor.execute(TestCaseExecutor.java:285)&#xa;	at com.kms.katalon.core.common.CommonExecutor.accessTestCaseMainPhase(CommonExecutor.java:65)&#xa;	at com.kms.katalon.core.main.TestSuiteExecutor.accessTestSuiteMainPhase(TestSuiteExecutor.java:150)&#xa;	at com.kms.katalon.core.main.TestSuiteExecutor.execute(TestSuiteExecutor.java:106)&#xa;	at com.kms.katalon.core.main.TestCaseMain.startTestSuite(TestCaseMain.java:180)&#xa;	at TempTestSuite1729731001385.run(TempTestSuite1729731001385.groovy:35)&#xa;	at java.base/jdk.internal.reflect.NativeMethodAccessorImpl.invoke0(Native Method)&#xa;	at java.base/jdk.internal.reflect.NativeMethodAccessorImpl.invoke(NativeMethodAccessorImpl.java:77)&#xa;	at java.base/jdk.internal.reflect.DelegatingMethodAccessorImpl.invoke(DelegatingMethodAccessorImpl.java:43)&#xa;Caused by: java.io.FileNotFoundException: KatalonData\IWPTestData\VRelay25Payments.xlsx (The process cannot access the file because it is being used by another process)&#xa;	at pages.WriteExcel.demoKey(WriteExcel.groovy:93)&#xa;	at jdk.internal.reflect.GeneratedMethodAccessor43.invoke(Unknown Source)&#xa;	at java.base/jdk.internal.reflect.DelegatingMethodAccessorImpl.invoke(DelegatingMethodAccessorImpl.java:43)&#xa;	... 17 more&#xa;"/>
         <system-out><![CDATA[24-10-2024T07:54:40 - [TEST_CASE][ERROR] - Test Cases/IntegratedWeb/IWP25/Payments/VerifyReceiptPageLabelsCC: Test Cases/IntegratedWeb/IWP25/Payments/VerifyReceiptPageLabelsCC FAILED.
Reason:
org.codehaus.groovy.runtime.InvokerInvocationException: java.io.FileNotFoundException: KatalonData\IWPTestData\VRelay25Payments.xlsx (The process cannot access the file because it is being used by another process)
	at com.kms.katalon.core.main.CustomKeywordDelegatingMetaClass.invokeStaticMethod(CustomKeywordDelegatingMetaClass.java:55)
	at VerifyReceiptPageLabelsCC.run(VerifyReceiptPageLabelsCC:335)
	at com.kms.katalon.core.main.ScriptEngine.run(ScriptEngine.java:194)
	at com.kms.katalon.core.main.ScriptEngine.runScriptAsRawText(ScriptEngine.java:119)
	at com.kms.katalon.core.main.TestCaseExecutor.runScript(TestCaseExecutor.java:448)
	at com.kms.katalon.core.main.TestCaseExecutor.doExecute(TestCaseExecutor.java:439)
	at com.kms.katalon.core.main.TestCaseExecutor.processExecutionPhase(TestCaseExecutor.java:418)
	at com.kms.katalon.core.main.TestCaseExecutor.accessMainPhase(TestCaseExecutor.java:410)
	at com.kms.katalon.core.main.TestCaseExecutor.execute(TestCaseExecutor.java:285)
	at com.kms.katalon.core.common.CommonExecutor.accessTestCaseMainPhase(CommonExecutor.java:65)
	at com.kms.katalon.core.main.TestSuiteExecutor.accessTestSuiteMainPhase(TestSuiteExecutor.java:150)
	at com.kms.katalon.core.main.TestSuiteExecutor.execute(TestSuiteExecutor.java:106)
	at com.kms.katalon.core.main.TestCaseMain.startTestSuite(TestCaseMain.java:180)
	at TempTestSuite1729731001385.run(TempTestSuite1729731001385.groovy:35)
	at java.base/jdk.internal.reflect.NativeMethodAccessorImpl.invoke0(Native Method)
	at java.base/jdk.internal.reflect.NativeMethodAccessorImpl.invoke(NativeMethodAccessorImpl.java:77)
	at java.base/jdk.internal.reflect.DelegatingMethodAccessorImpl.invoke(DelegatingMethodAccessorImpl.java:43)
Caused by: java.io.FileNotFoundException: KatalonData\IWPTestData\VRelay25Payments.xlsx (The process cannot access the file because it is being used by another process)
	at pages.WriteExcel.demoKey(WriteExcel.groovy:93)
	at jdk.internal.reflect.GeneratedMethodAccessor43.invoke(Unknown Source)
	at java.base/jdk.internal.reflect.DelegatingMethodAccessorImpl.invoke(DelegatingMethodAccessorImpl.java:43)
	... 17 more


24-10-2024T07:54:40 - [TEST_STEP][PASSED] - resText = "Fail": null

24-10-2024T07:54:40 - [TEST_STEP][PASSED] - resColumn = "Result": null

24-10-2024T07:54:40 - [TEST_STEP][PASSED] - datCloumn = "Date": null

24-10-2024T07:54:40 - [TEST_STEP][PASSED] - fileLoc = "KatalonData/IWPTestData/VRelay25Payments.xlsx": null

24-10-2024T07:54:40 - [TEST_STEP][PASSED] - numOfRows = <not implemented yet for class: org.codehaus.groovy.ast.expr.EmptyExpression>: null

24-10-2024T07:54:40 - [TEST_STEP][PASSED] - dataFile = <not implemented yet for class: org.codehaus.groovy.ast.expr.EmptyExpression>: null

24-10-2024T07:54:40 - [TEST_STEP][PASSED] - nameSheet = <not implemented yet for class: org.codehaus.groovy.ast.expr.EmptyExpression>: null

24-10-2024T07:54:40 - [TEST_STEP][PASSED] - dataFileEmulator = <not implemented yet for class: org.codehaus.groovy.ast.expr.EmptyExpression>: null

24-10-2024T07:54:40 - [TEST_STEP][PASSED] - isRequiredTextPresent = false: null

24-10-2024T07:54:40 - [TEST_STEP][PASSED] - nameSheet = "VerifyReceiptPageLabelsCredit": null

24-10-2024T07:54:40 - [TEST_STEP][PASSED] - dataFile = "IWPTestData/IWP25VerifyReceiptPageLabelsCC": null

24-10-2024T07:54:40 - [TEST_STEP][PASSED] - dataFileEmulator = "IWPTestData/EmulatorData": null

24-10-2024T07:54:40 - [TEST_STEP][PASSED] - numOfRows = findTestData(dataFile).getRowNumbers(): null

24-10-2024T07:54:40 - [TEST_STEP][PASSED] - println("Number of Records: " + numOfRows): null

24-10-2024T07:54:40 - [TEST_STEP][ERROR] - for ([row = 1, row <= numOfRows, (row++)]): Test Cases/IntegratedWeb/IWP25/Payments/VerifyReceiptPageLabelsCC FAILED.
Reason:
com.kms.katalon.core.exception.StepErrorException: org.codehaus.groovy.runtime.InvokerInvocationException: java.io.FileNotFoundException: KatalonData\IWPTestData\VRelay25Payments.xlsx (The process cannot access the file because it is being used by another process)
	at com.kms.katalon.core.main.CustomKeywordDelegatingMetaClass.throwError(CustomKeywordDelegatingMetaClass.java:101)
	at com.kms.katalon.core.main.CustomKeywordDelegatingMetaClass.invokeStaticMethod(CustomKeywordDelegatingMetaClass.java:73)
	at VerifyReceiptPageLabelsCC.run(VerifyReceiptPageLabelsCC:335)
	at com.kms.katalon.core.main.ScriptEngine.run(ScriptEngine.java:194)
	at com.kms.katalon.core.main.ScriptEngine.runScriptAsRawText(ScriptEngine.java:119)
	at com.kms.katalon.core.main.TestCaseExecutor.runScript(TestCaseExecutor.java:448)
	at com.kms.katalon.core.main.TestCaseExecutor.doExecute(TestCaseExecutor.java:439)
	at com.kms.katalon.core.main.TestCaseExecutor.processExecutionPhase(TestCaseExecutor.java:418)
	at com.kms.katalon.core.main.TestCaseExecutor.accessMainPhase(TestCaseExecutor.java:410)
	at com.kms.katalon.core.main.TestCaseExecutor.execute(TestCaseExecutor.java:285)
	at com.kms.katalon.core.common.CommonExecutor.accessTestCaseMainPhase(CommonExecutor.java:65)
	at com.kms.katalon.core.main.TestSuiteExecutor.accessTestSuiteMainPhase(TestSuiteExecutor.java:150)
	at com.kms.katalon.core.main.TestSuiteExecutor.execute(TestSuiteExecutor.java:106)
	at com.kms.katalon.core.main.TestCaseMain.startTestSuite(TestCaseMain.java:180)
	at TempTestSuite1729731001385.run(TempTestSuite1729731001385.groovy:35)
	at java.base/jdk.internal.reflect.NativeMethodAccessorImpl.invoke0(Native Method)
	at java.base/jdk.internal.reflect.NativeMethodAccessorImpl.invoke(NativeMethodAccessorImpl.java:77)
	at java.base/jdk.internal.reflect.DelegatingMethodAccessorImpl.invoke(DelegatingMethodAccessorImpl.java:43)
Caused by: org.codehaus.groovy.runtime.InvokerInvocationException: java.io.FileNotFoundException: KatalonData\IWPTestData\VRelay25Payments.xlsx (The process cannot access the file because it is being used by another process)
	at com.kms.katalon.core.main.CustomKeywordDelegatingMetaClass.invokeStaticMethod(CustomKeywordDelegatingMetaClass.java:55)
	at Script1725371846707.run(Script1725371846707.groovy:335)
	... 15 more
Caused by: java.io.FileNotFoundException: KatalonData\IWPTestData\VRelay25Payments.xlsx (The process cannot access the file because it is being used by another process)
	at pages.WriteExcel.demoKey(WriteExcel.groovy:93)
	at jdk.internal.reflect.GeneratedMethodAccessor43.invoke(Unknown Source)
	at java.base/jdk.internal.reflect.DelegatingMethodAccessorImpl.invoke(DelegatingMethodAccessorImpl.java:43)
	at com.kms.katalon.core.main.CustomKeywordDelegatingMetaClass.invokeStaticMethod(CustomKeywordDelegatingMetaClass.java:55)
	at VerifyReceiptPageLabelsCC.run(VerifyReceiptPageLabelsCC:335)
	... 15 more


24-10-2024T07:54:40 - [TEST_STEP][PASSED] - ExecuteTC = findTestData(dataFile).getValue("Execute", row): null

24-10-2024T07:54:41 - [TEST_STEP][PASSED] - out.println("Value of Execute is : " + ExecuteTC): null

24-10-2024T07:54:41 - [TEST_STEP][ERROR] - if (ExecuteTC.equalsIgnoreCase("Y")): Test Cases/IntegratedWeb/IWP25/Payments/VerifyReceiptPageLabelsCC FAILED.
Reason:
com.kms.katalon.core.exception.StepErrorException: org.codehaus.groovy.runtime.InvokerInvocationException: java.io.FileNotFoundException: KatalonData\IWPTestData\VRelay25Payments.xlsx (The process cannot access the file because it is being used by another process)
	at com.kms.katalon.core.main.CustomKeywordDelegatingMetaClass.throwError(CustomKeywordDelegatingMetaClass.java:101)
	at com.kms.katalon.core.main.CustomKeywordDelegatingMetaClass.invokeStaticMethod(CustomKeywordDelegatingMetaClass.java:73)
	at VerifyReceiptPageLabelsCC.run(VerifyReceiptPageLabelsCC:335)
	at com.kms.katalon.core.main.ScriptEngine.run(ScriptEngine.java:194)
	at com.kms.katalon.core.main.ScriptEngine.runScriptAsRawText(ScriptEngine.java:119)
	at com.kms.katalon.core.main.TestCaseExecutor.runScript(TestCaseExecutor.java:448)
	at com.kms.katalon.core.main.TestCaseExecutor.doExecute(TestCaseExecutor.java:439)
	at com.kms.katalon.core.main.TestCaseExecutor.processExecutionPhase(TestCaseExecutor.java:418)
	at com.kms.katalon.core.main.TestCaseExecutor.accessMainPhase(TestCaseExecutor.java:410)
	at com.kms.katalon.core.main.TestCaseExecutor.execute(TestCaseExecutor.java:285)
	at com.kms.katalon.core.common.CommonExecutor.accessTestCaseMainPhase(CommonExecutor.java:65)
	at com.kms.katalon.core.main.TestSuiteExecutor.accessTestSuiteMainPhase(TestSuiteExecutor.java:150)
	at com.kms.katalon.core.main.TestSuiteExecutor.execute(TestSuiteExecutor.java:106)
	at com.kms.katalon.core.main.TestCaseMain.startTestSuite(TestCaseMain.java:180)
	at TempTestSuite1729731001385.run(TempTestSuite1729731001385.groovy:35)
	at java.base/jdk.internal.reflect.NativeMethodAccessorImpl.invoke0(Native Method)
	at java.base/jdk.internal.reflect.NativeMethodAccessorImpl.invoke(NativeMethodAccessorImpl.java:77)
	at java.base/jdk.internal.reflect.DelegatingMethodAccessorImpl.invoke(DelegatingMethodAccessorImpl.java:43)
Caused by: org.codehaus.groovy.runtime.InvokerInvocationException: java.io.FileNotFoundException: KatalonData\IWPTestData\VRelay25Payments.xlsx (The process cannot access the file because it is being used by another process)
	at com.kms.katalon.core.main.CustomKeywordDelegatingMetaClass.invokeStaticMethod(CustomKeywordDelegatingMetaClass.java:55)
	at Script1725371846707.run(Script1725371846707.groovy:335)
	... 15 more
Caused by: java.io.FileNotFoundException: KatalonData\IWPTestData\VRelay25Payments.xlsx (The process cannot access the file because it is being used by another process)
	at pages.WriteExcel.demoKey(WriteExcel.groovy:93)
	at jdk.internal.reflect.GeneratedMethodAccessor43.invoke(Unknown Source)
	at java.base/jdk.internal.reflect.DelegatingMethodAccessorImpl.invoke(DelegatingMethodAccessorImpl.java:43)
	at com.kms.katalon.core.main.CustomKeywordDelegatingMetaClass.invokeStaticMethod(CustomKeywordDelegatingMetaClass.java:55)
	at VerifyReceiptPageLabelsCC.run(VerifyReceiptPageLabelsCC:335)
	... 15 more


24-10-2024T07:54:41 - [TEST_STEP][PASSED] - out.println("Begin Record Number: " + row): null

24-10-2024T07:54:41 - [TEST_STEP][PASSED] - today = new java.util.Date(): null

24-10-2024T07:54:41 - [TEST_STEP][PASSED] - println(today): null

24-10-2024T07:54:41 - [TEST_STEP][PASSED] - datText = today: null

24-10-2024T07:54:41 - [TEST_STEP][PASSED] - EmulatorDataKey = findTestData(dataFile).getValue("EmulatorData", row): null

24-10-2024T07:54:41 - [TEST_STEP][PASSED] - out.println("Value of Emulator Key is : " + EmulatorDataKey): null

24-10-2024T07:54:41 - [TEST_STEP][PASSED] - iwpPages.emulatorIWP30.setDataEmulator_DD(EmulatorDataKey): iwpPages.emulatorIWP30.setDataEmulator_DD is PASSED

24-10-2024T07:54:41 - [MESSAGE][INFO] - Starting 'Edge Chromium' driver

24-10-2024T07:54:41 - [MESSAGE][INFO] - User set preference: ['acceptInsecureCerts', 'true']

24-10-2024T07:54:43 - [MESSAGE][INFO] - Action delay is set to 0 milliseconds

24-10-2024T07:54:47 - [MESSAGE][PASSED] - Browser is opened with url: 'https://qa2.velocitypayment.com/agencyx/config.action?action=editor&message_version=2_5'

24-10-2024T07:54:47 - [MESSAGE][PASSED] - Current window maximized

24-10-2024T07:55:18 - [MESSAGE][INFO] - Unable to find the element located by 'By.xpath: //select[@name='message_version']'. Please recheck the objects properties to make sure the desired element is located. 

24-10-2024T07:55:18 - [MESSAGE][WARNING] - [SELF-HEALING] Failed to find element with id 'Object Repository/IWP30/Page_VRelay30Emulator/MV'. Try using Self-healing.

24-10-2024T07:55:18 - [MESSAGE][WARNING] - [SELF-HEALING] The current locator of test object 'Object Repository/IWP30/Page_VRelay30Emulator/MV' was broken. Propose an alternative one: '(.//*[normalize-space(text()) and normalize-space(.)='Message Version'])[1]/following::select[1]'.

24-10-2024T07:55:19 - [MESSAGE][PASSED] - All options with value '2.5' are selected in object 'Object Repository/IWP30/Page_VRelay30Emulator/MV'  using regular expression

24-10-2024T07:55:20 - [MESSAGE][PASSED] - Text '10.50' is set on object 'Object Repository/IWP30/Page_EmulatorAgencyX/Amount'

24-10-2024T07:55:20 - [MESSAGE][PASSED] - Text 'syau738y2mgL' is set on object 'Object Repository/IWP30/Page_EmulatorAgencyX/CAN'

24-10-2024T07:55:21 - [MESSAGE][PASSED] - Text 'PayNow' is set on object 'Object Repository/IWP30/Page_EmulatorAgencyX/Action'

24-10-2024T07:55:21 - [MESSAGE][PASSED] - Text 'en_US' is set on object 'Object Repository/IWP30/Page_EmulatorAgencyX/Lang'

24-10-2024T07:55:22 - [MESSAGE][PASSED] - Text '' is set on object 'Object Repository/IWP30/Page_EmulatorAgencyX/Fname'

24-10-2024T07:55:23 - [MESSAGE][PASSED] - Text '' is set on object 'Object Repository/IWP30/Page_EmulatorAgencyX/Lname'

24-10-2024T07:55:23 - [MESSAGE][PASSED] - Text '' is set on object 'Object Repository/IWP30/Page_EmulatorAgencyX/AL1'

24-10-2024T07:55:24 - [MESSAGE][PASSED] - Text '' is set on object 'Object Repository/IWP30/Page_EmulatorAgencyX/AL2'

24-10-2024T07:55:24 - [MESSAGE][PASSED] - Text '' is set on object 'Object Repository/IWP30/Page_EmulatorAgencyX/Country'

24-10-2024T07:55:25 - [MESSAGE][PASSED] - Text '' is set on object 'Object Repository/IWP30/Page_EmulatorAgencyX/City'

24-10-2024T07:55:25 - [MESSAGE][PASSED] - Text '' is set on object 'Object Repository/IWP30/Page_EmulatorAgencyX/State'

24-10-2024T07:55:26 - [MESSAGE][PASSED] - Text '' is set on object 'Object Repository/IWP30/Page_EmulatorAgencyX/ZIP'

24-10-2024T07:55:27 - [MESSAGE][PASSED] - Text '' is set on object 'Object Repository/IWP30/Page_EmulatorAgencyX/Order'

24-10-2024T07:55:27 - [MESSAGE][PASSED] - Text '' is set on object 'Object Repository/IWP30/Page_EmulatorAgencyX/Company'

24-10-2024T07:55:28 - [MESSAGE][PASSED] - Text '' is set on object 'Object Repository/IWP30/Page_EmulatorAgencyX/Email'

24-10-2024T07:55:28 - [MESSAGE][PASSED] - Text '' is set on object 'Object Repository/IWP30/Page_EmulatorAgencyX/UDF1'

24-10-2024T07:55:29 - [MESSAGE][PASSED] - Text '' is set on object 'Object Repository/IWP30/Page_EmulatorAgencyX/UDF2'

24-10-2024T07:55:29 - [MESSAGE][PASSED] - Text '' is set on object 'Object Repository/IWP30/Page_EmulatorAgencyX/UDF3'

24-10-2024T07:55:30 - [MESSAGE][PASSED] - Text 'udf data 4' is set on object 'Object Repository/IWP30/Page_EmulatorAgencyX/UDF4'

24-10-2024T07:55:31 - [MESSAGE][PASSED] - Text 'udf data 5' is set on object 'Object Repository/IWP30/Page_EmulatorAgencyX/UDF5'

24-10-2024T07:55:31 - [MESSAGE][PASSED] - Text '' is set on object 'Object Repository/IWP30/Page_EmulatorAgencyX/UDF6'

24-10-2024T07:55:32 - [MESSAGE][PASSED] - Text '' is set on object 'Object Repository/IWP30/Page_EmulatorAgencyX/UDF7'

24-10-2024T07:55:32 - [MESSAGE][PASSED] - Text '' is set on object 'Object Repository/IWP30/Page_EmulatorAgencyX/UDF8'

24-10-2024T07:55:33 - [MESSAGE][PASSED] - Text 'udf data 9' is set on object 'Object Repository/IWP30/Page_EmulatorAgencyX/UDF9'

24-10-2024T07:55:34 - [MESSAGE][PASSED] - Text 'udf data 10' is set on object 'Object Repository/IWP30/Page_EmulatorAgencyX/UDF10'

24-10-2024T07:55:35 - [MESSAGE][PASSED] - Object: 'Object Repository/IWP30/Page_EmulatorAgencyX/Submit' is clicked on

24-10-2024T07:55:39 - [MESSAGE][PASSED] - Browser is closed

24-10-2024T07:55:43 - [MESSAGE][PASSED] - iwpPages.emulatorIWP30.setDataEmulator_DD is PASSED

24-10-2024T07:55:43 - [TEST_STEP][PASSED] - testHarnessURL = urlTestHarness: null

24-10-2024T07:55:43 - [TEST_STEP][PASSED] - openBrowser(testHarnessURL): Browser is opened with url: 'https://dev-algorithm.govolution.com/vrelaytest/QA2/version_2_2/vrelaytest.html'

24-10-2024T07:55:43 - [MESSAGE][INFO] - Starting 'Edge Chromium' driver

24-10-2024T07:55:43 - [MESSAGE][INFO] - User set preference: ['acceptInsecureCerts', 'true']

24-10-2024T07:55:46 - [MESSAGE][INFO] - Action delay is set to 0 milliseconds

24-10-2024T07:55:49 - [MESSAGE][PASSED] - Browser is opened with url: 'https://dev-algorithm.govolution.com/vrelaytest/QA2/version_2_2/vrelaytest.html'

24-10-2024T07:55:49 - [TEST_STEP][PASSED] - maximizeWindow(): Current window maximized

24-10-2024T07:55:49 - [MESSAGE][PASSED] - Current window maximized

24-10-2024T07:55:49 - [TEST_STEP][PASSED] - iwpPages.TestHarnessPage.setDataMethod(row, dataFile): iwpPages.TestHarnessPage.setDataMethod is PASSED

24-10-2024T07:55:49 - [MESSAGE][PASSED] - Object 'Object Repository/IWP30/Page_QATestHarness/RemittanceID' is present

24-10-2024T07:55:50 - [MESSAGE][PASSED] - Text '638' is set on object 'Object Repository/IWP30/Page_QATestHarness/ApplicationID'

24-10-2024T07:55:51 - [MESSAGE][PASSED] - Text '2.5' is set on object 'Object Repository/IWP30/Page_QATestHarness/MessageVersion'

24-10-2024T07:55:51 - [MESSAGE][PASSED] - Text 'cnTDlsX38H9w' is set on object 'Object Repository/IWP30/Page_QATestHarness/RemittanceID'

24-10-2024T07:55:55 - [MESSAGE][PASSED] - Object: 'Object Repository/IWP30/Page_QATestHarness/SubmitButton' is clicked on

24-10-2024T07:55:55 - [MESSAGE][PASSED] - iwpPages.TestHarnessPage.setDataMethod is PASSED

24-10-2024T07:55:55 - [TEST_STEP][PASSED] - click(findTestObject("Object Repository/IWP30/Page_SelectPaymentMethod/PayByCreditCard")): Object: 'Object Repository/IWP30/Page_SelectPaymentMethod/PayByCreditCard' is clicked on

24-10-2024T07:55:56 - [MESSAGE][PASSED] - Object: 'Object Repository/IWP30/Page_SelectPaymentMethod/PayByCreditCard' is clicked on

24-10-2024T07:55:56 - [TEST_STEP][PASSED] - click(findTestObject("Object Repository/IWP30/Page_SelectPaymentMethod/MakePaymentButton")): Object: 'Object Repository/IWP30/Page_SelectPaymentMethod/MakePaymentButton' is clicked on

24-10-2024T07:55:59 - [MESSAGE][PASSED] - Object: 'Object Repository/IWP30/Page_SelectPaymentMethod/MakePaymentButton' is clicked on

24-10-2024T07:55:59 - [TEST_STEP][PASSED] - iwpPages.ccPaymentEntryPage.setDataCCPM(row, dataFile): iwpPages.ccPaymentEntryPage.setDataCCPM is PASSED

24-10-2024T07:56:00 - [MESSAGE][PASSED] - Object 'Object Repository/IWP30/Page_CCPaymentEntry/Name' is present

24-10-2024T07:56:01 - [MESSAGE][PASSED] - Text '10.50' is set on object 'Object Repository/IWP30/Page_CCPaymentEntry/Amount'

24-10-2024T07:56:02 - [MESSAGE][PASSED] - Text 'udf data 2' is set on object 'Object Repository/IWP30/Page_CCPaymentEntry/UserDefined2'

24-10-2024T07:56:02 - [MESSAGE][PASSED] - Text 'udf data 3' is set on object 'Object Repository/IWP30/Page_CCPaymentEntry/UserDefined3'

24-10-2024T07:56:03 - [MESSAGE][PASSED] - All options with label 'Orange' are selected in object 'Object Repository/IWP30/Page_CCPaymentEntry/UserDefined7' 

24-10-2024T07:56:03 - [MESSAGE][PASSED] - All options with label 'Soccer' are selected in object 'Object Repository/IWP30/Page_CCPaymentEntry/UserDefined8' 

24-10-2024T07:56:04 - [MESSAGE][PASSED] - Object 'Object Repository/IWP30/Page_CCPaymentEntry/Name' is present

24-10-2024T07:56:04 - [MESSAGE][PASSED] - Text 'Kavita Ranawati' is set on object 'Object Repository/IWP30/Page_CCPaymentEntry/Name'

24-10-2024T07:56:05 - [MESSAGE][PASSED] - Object 'Object Repository/IWP30/Page_CCPaymentEntry/CardNumber' is present

24-10-2024T07:56:05 - [MESSAGE][PASSED] - Text '4111111111111111' is set on object 'Object Repository/IWP30/Page_CCPaymentEntry/CardNumber'

24-10-2024T07:56:06 - [MESSAGE][PASSED] - Text '123' is set on object 'Object Repository/IWP30/Page_CCPaymentEntry/SPC'

24-10-2024T07:56:06 - [MESSAGE][PASSED] - Object 'Object Repository/IWP30/Page_CCPaymentEntry/Month' is present

24-10-2024T07:56:07 - [MESSAGE][PASSED] - All options with label '09' are selected in object 'Object Repository/IWP30/Page_CCPaymentEntry/Month' 

24-10-2024T07:56:07 - [MESSAGE][PASSED] - Object 'Object Repository/IWP30/Page_CCPaymentEntry/Year' is present

24-10-2024T07:56:08 - [MESSAGE][PASSED] - All options with label '2028' are selected in object 'Object Repository/IWP30/Page_CCPaymentEntry/Year' 

24-10-2024T07:56:08 - [MESSAGE][PASSED] - Text '365 Main Avenue' is set on object 'Object Repository/IWP30/Page_CCPaymentEntry/AL1'

24-10-2024T07:56:09 - [MESSAGE][PASSED] - Text '22201' is set on object 'Object Repository/IWP30/Page_CCPaymentEntry/ZIP'

24-10-2024T07:56:09 - [MESSAGE][PASSED] - Object 'Object Repository/IWP30/Page_CCPaymentEntry/EmailAddress' is present

24-10-2024T07:56:11 - [MESSAGE][PASSED] - Text 'iahmed@govolution.com' is set on object 'Object Repository/IWP30/Page_CCPaymentEntry/EmailAddress'

24-10-2024T07:56:11 - [MESSAGE][PASSED] - Object 'Object Repository/IWP30/Page_CCPaymentEntry/TermCondCheckBox' is present

24-10-2024T07:56:11 - [MESSAGE][PASSED] - Object 'Object Repository/IWP30/Page_CCPaymentEntry/TermCondCheckBox' is checked

24-10-2024T07:56:11 - [MESSAGE][PASSED] - Object 'Object Repository/IWP30/Page_CCPaymentEntry/ContinueButton' is present

24-10-2024T07:56:13 - [MESSAGE][PASSED] - Object: 'Object Repository/IWP30/Page_CCPaymentEntry/ContinueButton' is clicked on

24-10-2024T07:56:13 - [MESSAGE][PASSED] - iwpPages.ccPaymentEntryPage.setDataCCPM is PASSED

24-10-2024T07:56:13 - [TEST_STEP][PASSED] - click(findTestObject("Object Repository/IWP30/Page_Confirmation/ConfirmButton")): Object: 'Object Repository/IWP30/Page_Confirmation/ConfirmButton' is clicked on

24-10-2024T07:56:15 - [MESSAGE][PASSED] - Object: 'Object Repository/IWP30/Page_Confirmation/ConfirmButton' is clicked on

24-10-2024T07:56:15 - [TEST_STEP][PASSED] - Thread.sleep(5000): null

24-10-2024T07:56:20 - [TEST_STEP][PASSED] - if (verifyTextPresent("Make a Real Estate Payment", false)): null

24-10-2024T07:56:22 - [MESSAGE][PASSED] - Text 'Make a Real Estate Payment' is present on page 

24-10-2024T07:56:22 - [TEST_STEP][PASSED] - isRequiredTextPresent = true: null

24-10-2024T07:56:22 - [TEST_STEP][PASSED] - println(isRequiredTextPresent): null

24-10-2024T07:56:22 - [TEST_STEP][PASSED] - if (isRequiredTextPresent): null

24-10-2024T07:56:22 - [TEST_STEP][PASSED] - if (verifyTextPresent("Successful Payment Receipt", false)): null

24-10-2024T07:56:22 - [MESSAGE][PASSED] - Text 'Successful Payment Receipt' is present on page 

24-10-2024T07:56:22 - [TEST_STEP][PASSED] - isRequiredTextPresent = true: null

24-10-2024T07:56:22 - [TEST_STEP][PASSED] - println(isRequiredTextPresent): null

24-10-2024T07:56:22 - [TEST_STEP][PASSED] - if (isRequiredTextPresent): null

24-10-2024T07:56:22 - [TEST_STEP][PASSED] - if (verifyTextPresent("Please print this receipt for your records", false)): null

24-10-2024T07:56:22 - [MESSAGE][PASSED] - Text 'Please print this receipt for your records' is present on page 

24-10-2024T07:56:22 - [TEST_STEP][PASSED] - isRequiredTextPresent = true: null

24-10-2024T07:56:22 - [TEST_STEP][PASSED] - if (isRequiredTextPresent): null

24-10-2024T07:56:22 - [TEST_STEP][PASSED] - if (verifyTextPresent("Remittance ID:", false)): null

24-10-2024T07:56:23 - [MESSAGE][PASSED] - Text 'Remittance ID:' is present on page 

24-10-2024T07:56:23 - [TEST_STEP][PASSED] - isRequiredTextPresent = true: null

24-10-2024T07:56:23 - [TEST_STEP][PASSED] - if (isRequiredTextPresent): null

24-10-2024T07:56:23 - [TEST_STEP][PASSED] - if (verifyTextPresent("Payment ID:", false)): null

24-10-2024T07:56:23 - [MESSAGE][PASSED] - Text 'Payment ID:' is present on page 

24-10-2024T07:56:23 - [TEST_STEP][PASSED] - isRequiredTextPresent = true: null

24-10-2024T07:56:23 - [TEST_STEP][PASSED] - if (isRequiredTextPresent): null

24-10-2024T07:56:23 - [TEST_STEP][PASSED] - if (verifyTextPresent("CAN Label:", false)): null

24-10-2024T07:56:23 - [MESSAGE][PASSED] - Text 'CAN Label:' is present on page 

24-10-2024T07:56:23 - [TEST_STEP][PASSED] - isRequiredTextPresent = true: null

24-10-2024T07:56:23 - [TEST_STEP][PASSED] - if (isRequiredTextPresent): null

24-10-2024T07:56:23 - [TEST_STEP][PASSED] - if (verifyTextPresent("Received:", false)): null

24-10-2024T07:56:24 - [MESSAGE][PASSED] - Text 'Received:' is present on page 

24-10-2024T07:56:24 - [TEST_STEP][PASSED] - isRequiredTextPresent = true: null

24-10-2024T07:56:24 - [TEST_STEP][PASSED] - if (isRequiredTextPresent): null

24-10-2024T07:56:24 - [TEST_STEP][PASSED] - if (verifyTextPresent("UDF1 Label:", false)): null

24-10-2024T07:56:24 - [MESSAGE][PASSED] - Text 'UDF1 Label:' is present on page 

24-10-2024T07:56:24 - [TEST_STEP][PASSED] - isRequiredTextPresent = true: null

24-10-2024T07:56:24 - [TEST_STEP][PASSED] - if (isRequiredTextPresent): null

24-10-2024T07:56:24 - [TEST_STEP][PASSED] - if (verifyTextPresent("UDF2 Label:", false)): null

24-10-2024T07:56:24 - [MESSAGE][PASSED] - Text 'UDF2 Label:' is present on page 

24-10-2024T07:56:24 - [TEST_STEP][PASSED] - isRequiredTextPresent = true: null

24-10-2024T07:56:24 - [TEST_STEP][PASSED] - if (isRequiredTextPresent): null

24-10-2024T07:56:24 - [TEST_STEP][PASSED] - if (verifyTextPresent("UDF3 Label:", false)): null

24-10-2024T07:56:24 - [MESSAGE][PASSED] - Text 'UDF3 Label:' is present on page 

24-10-2024T07:56:24 - [TEST_STEP][PASSED] - isRequiredTextPresent = true: null

24-10-2024T07:56:24 - [TEST_STEP][PASSED] - if (isRequiredTextPresent): null

24-10-2024T07:56:24 - [TEST_STEP][PASSED] - if (verifyTextPresent("UDF4 Label:", false)): null

24-10-2024T07:56:25 - [MESSAGE][PASSED] - Text 'UDF4 Label:' is present on page 

24-10-2024T07:56:25 - [TEST_STEP][PASSED] - isRequiredTextPresent = true: null

24-10-2024T07:56:25 - [TEST_STEP][PASSED] - if (isRequiredTextPresent): null

24-10-2024T07:56:25 - [TEST_STEP][PASSED] - if (verifyTextPresent("UDF6 Label:", false)): null

24-10-2024T07:56:25 - [MESSAGE][PASSED] - Text 'UDF6 Label:' is present on page 

24-10-2024T07:56:25 - [TEST_STEP][PASSED] - isRequiredTextPresent = true: null

24-10-2024T07:56:25 - [TEST_STEP][PASSED] - if (isRequiredTextPresent): null

24-10-2024T07:56:25 - [TEST_STEP][PASSED] - if (verifyTextPresent("UDF7 Label:", false)): null

24-10-2024T07:56:25 - [MESSAGE][PASSED] - Text 'UDF7 Label:' is present on page 

24-10-2024T07:56:25 - [TEST_STEP][PASSED] - isRequiredTextPresent = true: null

24-10-2024T07:56:25 - [TEST_STEP][PASSED] - if (isRequiredTextPresent): null

24-10-2024T07:56:25 - [TEST_STEP][PASSED] - if (verifyTextPresent("UDF8 Label:", false)): null

24-10-2024T07:56:25 - [MESSAGE][PASSED] - Text 'UDF8 Label:' is present on page 

24-10-2024T07:56:25 - [TEST_STEP][PASSED] - isRequiredTextPresent = true: null

24-10-2024T07:56:25 - [TEST_STEP][PASSED] - if (isRequiredTextPresent): null

24-10-2024T07:56:25 - [TEST_STEP][PASSED] - if (verifyTextPresent("UDF9 Label:", false)): null

24-10-2024T07:56:26 - [MESSAGE][PASSED] - Text 'UDF9 Label:' is present on page 

24-10-2024T07:56:26 - [TEST_STEP][PASSED] - isRequiredTextPresent = true: null

24-10-2024T07:56:26 - [TEST_STEP][PASSED] - if (isRequiredTextPresent): null

24-10-2024T07:56:26 - [TEST_STEP][PASSED] - if (verifyTextPresent("Tax Amount:", false)): null

24-10-2024T07:56:26 - [MESSAGE][PASSED] - Text 'Tax Amount:' is present on page 

24-10-2024T07:56:26 - [TEST_STEP][PASSED] - isRequiredTextPresent = true: null

24-10-2024T07:56:26 - [TEST_STEP][PASSED] - if (isRequiredTextPresent): null

24-10-2024T07:56:26 - [TEST_STEP][PASSED] - if (verifyTextPresent("Amount:", false)): null

24-10-2024T07:56:26 - [MESSAGE][PASSED] - Text 'Amount:' is present on page 

24-10-2024T07:56:26 - [TEST_STEP][PASSED] - isRequiredTextPresent = true: null

24-10-2024T07:56:26 - [TEST_STEP][PASSED] - if (isRequiredTextPresent): null

24-10-2024T07:56:26 - [TEST_STEP][PASSED] - if (verifyTextPresent("Transaction Type:", false)): null

24-10-2024T07:56:26 - [MESSAGE][PASSED] - Text 'Transaction Type:' is present on page 

24-10-2024T07:56:26 - [TEST_STEP][PASSED] - isRequiredTextPresent = true: null

24-10-2024T07:56:26 - [TEST_STEP][PASSED] - if (isRequiredTextPresent): null

24-10-2024T07:56:26 - [TEST_STEP][PASSED] - if (verifyTextPresent("Card Information:", false)): null

24-10-2024T07:56:27 - [MESSAGE][PASSED] - Text 'Card Information:' is present on page 

24-10-2024T07:56:27 - [TEST_STEP][PASSED] - isRequiredTextPresent = true: null

24-10-2024T07:56:27 - [TEST_STEP][PASSED] - if (isRequiredTextPresent): null

24-10-2024T07:56:27 - [TEST_STEP][PASSED] - if (verifyTextPresent("Billing Information:", false)): null

24-10-2024T07:56:27 - [MESSAGE][PASSED] - Text 'Billing Information:' is present on page 

24-10-2024T07:56:27 - [TEST_STEP][PASSED] - isRequiredTextPresent = true: null

24-10-2024T07:56:27 - [TEST_STEP][PASSED] - if (isRequiredTextPresent): null

24-10-2024T07:56:27 - [TEST_STEP][PASSED] - if (verifyTextPresent("Address Line 1:", false)): null

24-10-2024T07:56:27 - [MESSAGE][PASSED] - Text 'Address Line 1:' is present on page 

24-10-2024T07:56:27 - [TEST_STEP][PASSED] - isRequiredTextPresent = true: null

24-10-2024T07:56:27 - [TEST_STEP][PASSED] - if (isRequiredTextPresent): null

24-10-2024T07:56:27 - [TEST_STEP][PASSED] - if (verifyTextPresent("Address Line 2:", false)): null

24-10-2024T07:56:28 - [MESSAGE][PASSED] - Text 'Address Line 2:' is present on page 

24-10-2024T07:56:28 - [TEST_STEP][PASSED] - isRequiredTextPresent = true: null

24-10-2024T07:56:28 - [TEST_STEP][PASSED] - if (isRequiredTextPresent): null

24-10-2024T07:56:28 - [TEST_STEP][PASSED] - if (verifyTextPresent("Country:", false)): null

24-10-2024T07:56:28 - [MESSAGE][PASSED] - Text 'Country:' is present on page 

24-10-2024T07:56:28 - [TEST_STEP][PASSED] - isRequiredTextPresent = true: null

24-10-2024T07:56:28 - [TEST_STEP][PASSED] - if (isRequiredTextPresent): null

24-10-2024T07:56:28 - [TEST_STEP][PASSED] - if (verifyTextPresent("City:", false)): null

24-10-2024T07:56:28 - [MESSAGE][PASSED] - Text 'City:' is present on page 

24-10-2024T07:56:28 - [TEST_STEP][PASSED] - isRequiredTextPresent = true: null

24-10-2024T07:56:28 - [TEST_STEP][PASSED] - if (isRequiredTextPresent): null

24-10-2024T07:56:28 - [TEST_STEP][PASSED] - if (verifyTextPresent("State:", false)): null

24-10-2024T07:56:28 - [MESSAGE][PASSED] - Text 'State:' is present on page 

24-10-2024T07:56:28 - [TEST_STEP][PASSED] - isRequiredTextPresent = true: null

24-10-2024T07:56:28 - [TEST_STEP][PASSED] - if (isRequiredTextPresent): null

24-10-2024T07:56:28 - [TEST_STEP][PASSED] - if (verifyTextPresent("ZIP Code:", false)): null

24-10-2024T07:56:29 - [MESSAGE][PASSED] - Text 'ZIP Code:' is present on page 

24-10-2024T07:56:29 - [TEST_STEP][PASSED] - isRequiredTextPresent = true: null

24-10-2024T07:56:29 - [TEST_STEP][PASSED] - if (isRequiredTextPresent): null

24-10-2024T07:56:29 - [TEST_STEP][PASSED] - if (verifyTextPresent("Please click here to make another payment.", false)): null

24-10-2024T07:56:29 - [MESSAGE][PASSED] - Text 'Please click here to make another payment.' is present on page 

24-10-2024T07:56:29 - [TEST_STEP][PASSED] - isRequiredTextPresent = true: null

24-10-2024T07:56:29 - [TEST_STEP][ERROR] - if (isRequiredTextPresent == true): Test Cases/IntegratedWeb/IWP25/Payments/VerifyReceiptPageLabelsCC FAILED.
Reason:
com.kms.katalon.core.exception.StepErrorException: org.codehaus.groovy.runtime.InvokerInvocationException: java.io.FileNotFoundException: KatalonData\IWPTestData\VRelay25Payments.xlsx (The process cannot access the file because it is being used by another process)
	at com.kms.katalon.core.main.CustomKeywordDelegatingMetaClass.throwError(CustomKeywordDelegatingMetaClass.java:101)
	at com.kms.katalon.core.main.CustomKeywordDelegatingMetaClass.invokeStaticMethod(CustomKeywordDelegatingMetaClass.java:73)
	at VerifyReceiptPageLabelsCC.run(VerifyReceiptPageLabelsCC:335)
	at com.kms.katalon.core.main.ScriptEngine.run(ScriptEngine.java:194)
	at com.kms.katalon.core.main.ScriptEngine.runScriptAsRawText(ScriptEngine.java:119)
	at com.kms.katalon.core.main.TestCaseExecutor.runScript(TestCaseExecutor.java:448)
	at com.kms.katalon.core.main.TestCaseExecutor.doExecute(TestCaseExecutor.java:439)
	at com.kms.katalon.core.main.TestCaseExecutor.processExecutionPhase(TestCaseExecutor.java:418)
	at com.kms.katalon.core.main.TestCaseExecutor.accessMainPhase(TestCaseExecutor.java:410)
	at com.kms.katalon.core.main.TestCaseExecutor.execute(TestCaseExecutor.java:285)
	at com.kms.katalon.core.common.CommonExecutor.accessTestCaseMainPhase(CommonExecutor.java:65)
	at com.kms.katalon.core.main.TestSuiteExecutor.accessTestSuiteMainPhase(TestSuiteExecutor.java:150)
	at com.kms.katalon.core.main.TestSuiteExecutor.execute(TestSuiteExecutor.java:106)
	at com.kms.katalon.core.main.TestCaseMain.startTestSuite(TestCaseMain.java:180)
	at TempTestSuite1729731001385.run(TempTestSuite1729731001385.groovy:35)
	at java.base/jdk.internal.reflect.NativeMethodAccessorImpl.invoke0(Native Method)
	at java.base/jdk.internal.reflect.NativeMethodAccessorImpl.invoke(NativeMethodAccessorImpl.java:77)
	at java.base/jdk.internal.reflect.DelegatingMethodAccessorImpl.invoke(DelegatingMethodAccessorImpl.java:43)
Caused by: org.codehaus.groovy.runtime.InvokerInvocationException: java.io.FileNotFoundException: KatalonData\IWPTestData\VRelay25Payments.xlsx (The process cannot access the file because it is being used by another process)
	at com.kms.katalon.core.main.CustomKeywordDelegatingMetaClass.invokeStaticMethod(CustomKeywordDelegatingMetaClass.java:55)
	at Script1725371846707.run(Script1725371846707.groovy:335)
	... 15 more
Caused by: java.io.FileNotFoundException: KatalonData\IWPTestData\VRelay25Payments.xlsx (The process cannot access the file because it is being used by another process)
	at pages.WriteExcel.demoKey(WriteExcel.groovy:93)
	at jdk.internal.reflect.GeneratedMethodAccessor43.invoke(Unknown Source)
	at java.base/jdk.internal.reflect.DelegatingMethodAccessorImpl.invoke(DelegatingMethodAccessorImpl.java:43)
	at com.kms.katalon.core.main.CustomKeywordDelegatingMetaClass.invokeStaticMethod(CustomKeywordDelegatingMetaClass.java:55)
	at VerifyReceiptPageLabelsCC.run(VerifyReceiptPageLabelsCC:335)
	... 15 more


24-10-2024T07:56:29 - [TEST_STEP][PASSED] - println("All the relevant texts are present on Receipt Page"): null

24-10-2024T07:56:29 - [TEST_STEP][PASSED] - markPassed("All the relevant texts are present on Receipt Page"): All the relevant texts are present on Receipt Page

24-10-2024T07:56:29 - [MESSAGE][PASSED] - All the relevant texts are present on Receipt Page

24-10-2024T07:56:29 - [TEST_STEP][PASSED] - resText = "Pass": null

24-10-2024T07:56:29 - [TEST_STEP][ERROR] - pages.WriteExcel.demoKey(resText, datText, resColumn, datCloumn, fileLoc, nameSheet, row): Test Cases/IntegratedWeb/IWP25/Payments/VerifyReceiptPageLabelsCC FAILED.
Reason:
com.kms.katalon.core.exception.StepErrorException: org.codehaus.groovy.runtime.InvokerInvocationException: java.io.FileNotFoundException: KatalonData\IWPTestData\VRelay25Payments.xlsx (The process cannot access the file because it is being used by another process)
	at com.kms.katalon.core.main.CustomKeywordDelegatingMetaClass.throwError(CustomKeywordDelegatingMetaClass.java:101)
	at com.kms.katalon.core.main.CustomKeywordDelegatingMetaClass.invokeStaticMethod(CustomKeywordDelegatingMetaClass.java:73)
	at VerifyReceiptPageLabelsCC.run(VerifyReceiptPageLabelsCC:335)
	at com.kms.katalon.core.main.ScriptEngine.run(ScriptEngine.java:194)
	at com.kms.katalon.core.main.ScriptEngine.runScriptAsRawText(ScriptEngine.java:119)
	at com.kms.katalon.core.main.TestCaseExecutor.runScript(TestCaseExecutor.java:448)
	at com.kms.katalon.core.main.TestCaseExecutor.doExecute(TestCaseExecutor.java:439)
	at com.kms.katalon.core.main.TestCaseExecutor.processExecutionPhase(TestCaseExecutor.java:418)
	at com.kms.katalon.core.main.TestCaseExecutor.accessMainPhase(TestCaseExecutor.java:410)
	at com.kms.katalon.core.main.TestCaseExecutor.execute(TestCaseExecutor.java:285)
	at com.kms.katalon.core.common.CommonExecutor.accessTestCaseMainPhase(CommonExecutor.java:65)
	at com.kms.katalon.core.main.TestSuiteExecutor.accessTestSuiteMainPhase(TestSuiteExecutor.java:150)
	at com.kms.katalon.core.main.TestSuiteExecutor.execute(TestSuiteExecutor.java:106)
	at com.kms.katalon.core.main.TestCaseMain.startTestSuite(TestCaseMain.java:180)
	at TempTestSuite1729731001385.run(TempTestSuite1729731001385.groovy:35)
	at java.base/jdk.internal.reflect.NativeMethodAccessorImpl.invoke0(Native Method)
	at java.base/jdk.internal.reflect.NativeMethodAccessorImpl.invoke(NativeMethodAccessorImpl.java:77)
	at java.base/jdk.internal.reflect.DelegatingMethodAccessorImpl.invoke(DelegatingMethodAccessorImpl.java:43)
Caused by: org.codehaus.groovy.runtime.InvokerInvocationException: java.io.FileNotFoundException: KatalonData\IWPTestData\VRelay25Payments.xlsx (The process cannot access the file because it is being used by another process)
	at com.kms.katalon.core.main.CustomKeywordDelegatingMetaClass.invokeStaticMethod(CustomKeywordDelegatingMetaClass.java:55)
	at Script1725371846707.run(Script1725371846707.groovy:335)
	... 15 more
Caused by: java.io.FileNotFoundException: KatalonData\IWPTestData\VRelay25Payments.xlsx (The process cannot access the file because it is being used by another process)
	at pages.WriteExcel.demoKey(WriteExcel.groovy:93)
	at jdk.internal.reflect.GeneratedMethodAccessor43.invoke(Unknown Source)
	at java.base/jdk.internal.reflect.DelegatingMethodAccessorImpl.invoke(DelegatingMethodAccessorImpl.java:43)
	at com.kms.katalon.core.main.CustomKeywordDelegatingMetaClass.invokeStaticMethod(CustomKeywordDelegatingMetaClass.java:55)
	at VerifyReceiptPageLabelsCC.run(VerifyReceiptPageLabelsCC:335)
	... 15 more


24-10-2024T07:56:29 - [MESSAGE][ERROR] - java.io.FileNotFoundException: KatalonData\IWPTestData\VRelay25Payments.xlsx (The process cannot access the file because it is being used by another process)

24-10-2024T07:56:29 - [MESSAGE][ERROR] - Test Cases/IntegratedWeb/IWP25/Payments/VerifyReceiptPageLabelsCC FAILED.
Reason:
com.kms.katalon.core.exception.StepErrorException: org.codehaus.groovy.runtime.InvokerInvocationException: java.io.FileNotFoundException: KatalonData\IWPTestData\VRelay25Payments.xlsx (The process cannot access the file because it is being used by another process)
	at com.kms.katalon.core.main.CustomKeywordDelegatingMetaClass.throwError(CustomKeywordDelegatingMetaClass.java:101)
	at com.kms.katalon.core.main.CustomKeywordDelegatingMetaClass.invokeStaticMethod(CustomKeywordDelegatingMetaClass.java:73)
	at VerifyReceiptPageLabelsCC.run(VerifyReceiptPageLabelsCC:335)
	at com.kms.katalon.core.main.ScriptEngine.run(ScriptEngine.java:194)
	at com.kms.katalon.core.main.ScriptEngine.runScriptAsRawText(ScriptEngine.java:119)
	at com.kms.katalon.core.main.TestCaseExecutor.runScript(TestCaseExecutor.java:448)
	at com.kms.katalon.core.main.TestCaseExecutor.doExecute(TestCaseExecutor.java:439)
	at com.kms.katalon.core.main.TestCaseExecutor.processExecutionPhase(TestCaseExecutor.java:418)
	at com.kms.katalon.core.main.TestCaseExecutor.accessMainPhase(TestCaseExecutor.java:410)
	at com.kms.katalon.core.main.TestCaseExecutor.execute(TestCaseExecutor.java:285)
	at com.kms.katalon.core.common.CommonExecutor.accessTestCaseMainPhase(CommonExecutor.java:65)
	at com.kms.katalon.core.main.TestSuiteExecutor.accessTestSuiteMainPhase(TestSuiteExecutor.java:150)
	at com.kms.katalon.core.main.TestSuiteExecutor.execute(TestSuiteExecutor.java:106)
	at com.kms.katalon.core.main.TestCaseMain.startTestSuite(TestCaseMain.java:180)
	at TempTestSuite1729731001385.run(TempTestSuite1729731001385.groovy:35)
	at java.base/jdk.internal.reflect.NativeMethodAccessorImpl.invoke0(Native Method)
	at java.base/jdk.internal.reflect.NativeMethodAccessorImpl.invoke(NativeMethodAccessorImpl.java:77)
	at java.base/jdk.internal.reflect.DelegatingMethodAccessorImpl.invoke(DelegatingMethodAccessorImpl.java:43)
Caused by: org.codehaus.groovy.runtime.InvokerInvocationException: java.io.FileNotFoundException: KatalonData\IWPTestData\VRelay25Payments.xlsx (The process cannot access the file because it is being used by another process)
	at com.kms.katalon.core.main.CustomKeywordDelegatingMetaClass.invokeStaticMethod(CustomKeywordDelegatingMetaClass.java:55)
	at Script1725371846707.run(Script1725371846707.groovy:335)
	... 15 more
Caused by: java.io.FileNotFoundException: KatalonData\IWPTestData\VRelay25Payments.xlsx (The process cannot access the file because it is being used by another process)
	at pages.WriteExcel.demoKey(WriteExcel.groovy:93)
	at jdk.internal.reflect.GeneratedMethodAccessor43.invoke(Unknown Source)
	at java.base/jdk.internal.reflect.DelegatingMethodAccessorImpl.invoke(DelegatingMethodAccessorImpl.java:43)
	at com.kms.katalon.core.main.CustomKeywordDelegatingMetaClass.invokeStaticMethod(CustomKeywordDelegatingMetaClass.java:55)
	at VerifyReceiptPageLabelsCC.run(VerifyReceiptPageLabelsCC:335)
	... 15 more]]></system-out>
         <system-err><![CDATA[24-10-2024T07:54:40 - [TEST_CASE][ERROR] - Test Cases/IntegratedWeb/IWP25/Payments/VerifyReceiptPageLabelsCC: Test Cases/IntegratedWeb/IWP25/Payments/VerifyReceiptPageLabelsCC FAILED.
Reason:
org.codehaus.groovy.runtime.InvokerInvocationException: java.io.FileNotFoundException: KatalonData\IWPTestData\VRelay25Payments.xlsx (The process cannot access the file because it is being used by another process)
	at com.kms.katalon.core.main.CustomKeywordDelegatingMetaClass.invokeStaticMethod(CustomKeywordDelegatingMetaClass.java:55)
	at VerifyReceiptPageLabelsCC.run(VerifyReceiptPageLabelsCC:335)
	at com.kms.katalon.core.main.ScriptEngine.run(ScriptEngine.java:194)
	at com.kms.katalon.core.main.ScriptEngine.runScriptAsRawText(ScriptEngine.java:119)
	at com.kms.katalon.core.main.TestCaseExecutor.runScript(TestCaseExecutor.java:448)
	at com.kms.katalon.core.main.TestCaseExecutor.doExecute(TestCaseExecutor.java:439)
	at com.kms.katalon.core.main.TestCaseExecutor.processExecutionPhase(TestCaseExecutor.java:418)
	at com.kms.katalon.core.main.TestCaseExecutor.accessMainPhase(TestCaseExecutor.java:410)
	at com.kms.katalon.core.main.TestCaseExecutor.execute(TestCaseExecutor.java:285)
	at com.kms.katalon.core.common.CommonExecutor.accessTestCaseMainPhase(CommonExecutor.java:65)
	at com.kms.katalon.core.main.TestSuiteExecutor.accessTestSuiteMainPhase(TestSuiteExecutor.java:150)
	at com.kms.katalon.core.main.TestSuiteExecutor.execute(TestSuiteExecutor.java:106)
	at com.kms.katalon.core.main.TestCaseMain.startTestSuite(TestCaseMain.java:180)
	at TempTestSuite1729731001385.run(TempTestSuite1729731001385.groovy:35)
	at java.base/jdk.internal.reflect.NativeMethodAccessorImpl.invoke0(Native Method)
	at java.base/jdk.internal.reflect.NativeMethodAccessorImpl.invoke(NativeMethodAccessorImpl.java:77)
	at java.base/jdk.internal.reflect.DelegatingMethodAccessorImpl.invoke(DelegatingMethodAccessorImpl.java:43)
Caused by: java.io.FileNotFoundException: KatalonData\IWPTestData\VRelay25Payments.xlsx (The process cannot access the file because it is being used by another process)
	at pages.WriteExcel.demoKey(WriteExcel.groovy:93)
	at jdk.internal.reflect.GeneratedMethodAccessor43.invoke(Unknown Source)
	at java.base/jdk.internal.reflect.DelegatingMethodAccessorImpl.invoke(DelegatingMethodAccessorImpl.java:43)
	... 17 more]]></system-err>
      </testcase>
      <testcase name="Test Cases/IntegratedWeb/IWP25/Payments/VerifyReceiptPageLabelsCorp" time="107.276" classname="Test Cases/IntegratedWeb/IWP25/Payments/VerifyReceiptPageLabelsCorp" status="ERROR">
         <error type="ERROR" message="Test Cases/IntegratedWeb/IWP25/Payments/VerifyReceiptPageLabelsCorp FAILED.&#xa;Reason:&#xa;org.codehaus.groovy.runtime.InvokerInvocationException: java.io.FileNotFoundException: KatalonData\IWPTestData\VRelay25Payments.xlsx (The process cannot access the file because it is being used by another process)&#xa;	at com.kms.katalon.core.main.CustomKeywordDelegatingMetaClass.invokeStaticMethod(CustomKeywordDelegatingMetaClass.java:55)&#xa;	at VerifyReceiptPageLabelsCorp.run(VerifyReceiptPageLabelsCorp:362)&#xa;	at com.kms.katalon.core.main.ScriptEngine.run(ScriptEngine.java:194)&#xa;	at com.kms.katalon.core.main.ScriptEngine.runScriptAsRawText(ScriptEngine.java:119)&#xa;	at com.kms.katalon.core.main.TestCaseExecutor.runScript(TestCaseExecutor.java:448)&#xa;	at com.kms.katalon.core.main.TestCaseExecutor.doExecute(TestCaseExecutor.java:439)&#xa;	at com.kms.katalon.core.main.TestCaseExecutor.processExecutionPhase(TestCaseExecutor.java:418)&#xa;	at com.kms.katalon.core.main.TestCaseExecutor.accessMainPhase(TestCaseExecutor.java:410)&#xa;	at com.kms.katalon.core.main.TestCaseExecutor.execute(TestCaseExecutor.java:285)&#xa;	at com.kms.katalon.core.common.CommonExecutor.accessTestCaseMainPhase(CommonExecutor.java:65)&#xa;	at com.kms.katalon.core.main.TestSuiteExecutor.accessTestSuiteMainPhase(TestSuiteExecutor.java:150)&#xa;	at com.kms.katalon.core.main.TestSuiteExecutor.execute(TestSuiteExecutor.java:106)&#xa;	at com.kms.katalon.core.main.TestCaseMain.startTestSuite(TestCaseMain.java:180)&#xa;	at TempTestSuite1729731001385.run(TempTestSuite1729731001385.groovy:35)&#xa;	at java.base/jdk.internal.reflect.NativeMethodAccessorImpl.invoke0(Native Method)&#xa;	at java.base/jdk.internal.reflect.NativeMethodAccessorImpl.invoke(NativeMethodAccessorImpl.java:77)&#xa;	at java.base/jdk.internal.reflect.DelegatingMethodAccessorImpl.invoke(DelegatingMethodAccessorImpl.java:43)&#xa;Caused by: java.io.FileNotFoundException: KatalonData\IWPTestData\VRelay25Payments.xlsx (The process cannot access the file because it is being used by another process)&#xa;	at pages.WriteExcel.demoKey(WriteExcel.groovy:93)&#xa;	at jdk.internal.reflect.GeneratedMethodAccessor43.invoke(Unknown Source)&#xa;	at java.base/jdk.internal.reflect.DelegatingMethodAccessorImpl.invoke(DelegatingMethodAccessorImpl.java:43)&#xa;	... 17 more&#xa;"/>
         <system-out><![CDATA[24-10-2024T07:56:29 - [TEST_CASE][ERROR] - Test Cases/IntegratedWeb/IWP25/Payments/VerifyReceiptPageLabelsCorp: Test Cases/IntegratedWeb/IWP25/Payments/VerifyReceiptPageLabelsCorp FAILED.
Reason:
org.codehaus.groovy.runtime.InvokerInvocationException: java.io.FileNotFoundException: KatalonData\IWPTestData\VRelay25Payments.xlsx (The process cannot access the file because it is being used by another process)
	at com.kms.katalon.core.main.CustomKeywordDelegatingMetaClass.invokeStaticMethod(CustomKeywordDelegatingMetaClass.java:55)
	at VerifyReceiptPageLabelsCorp.run(VerifyReceiptPageLabelsCorp:362)
	at com.kms.katalon.core.main.ScriptEngine.run(ScriptEngine.java:194)
	at com.kms.katalon.core.main.ScriptEngine.runScriptAsRawText(ScriptEngine.java:119)
	at com.kms.katalon.core.main.TestCaseExecutor.runScript(TestCaseExecutor.java:448)
	at com.kms.katalon.core.main.TestCaseExecutor.doExecute(TestCaseExecutor.java:439)
	at com.kms.katalon.core.main.TestCaseExecutor.processExecutionPhase(TestCaseExecutor.java:418)
	at com.kms.katalon.core.main.TestCaseExecutor.accessMainPhase(TestCaseExecutor.java:410)
	at com.kms.katalon.core.main.TestCaseExecutor.execute(TestCaseExecutor.java:285)
	at com.kms.katalon.core.common.CommonExecutor.accessTestCaseMainPhase(CommonExecutor.java:65)
	at com.kms.katalon.core.main.TestSuiteExecutor.accessTestSuiteMainPhase(TestSuiteExecutor.java:150)
	at com.kms.katalon.core.main.TestSuiteExecutor.execute(TestSuiteExecutor.java:106)
	at com.kms.katalon.core.main.TestCaseMain.startTestSuite(TestCaseMain.java:180)
	at TempTestSuite1729731001385.run(TempTestSuite1729731001385.groovy:35)
	at java.base/jdk.internal.reflect.NativeMethodAccessorImpl.invoke0(Native Method)
	at java.base/jdk.internal.reflect.NativeMethodAccessorImpl.invoke(NativeMethodAccessorImpl.java:77)
	at java.base/jdk.internal.reflect.DelegatingMethodAccessorImpl.invoke(DelegatingMethodAccessorImpl.java:43)
Caused by: java.io.FileNotFoundException: KatalonData\IWPTestData\VRelay25Payments.xlsx (The process cannot access the file because it is being used by another process)
	at pages.WriteExcel.demoKey(WriteExcel.groovy:93)
	at jdk.internal.reflect.GeneratedMethodAccessor43.invoke(Unknown Source)
	at java.base/jdk.internal.reflect.DelegatingMethodAccessorImpl.invoke(DelegatingMethodAccessorImpl.java:43)
	... 17 more


24-10-2024T07:56:29 - [TEST_STEP][PASSED] - resText = "Fail": null

24-10-2024T07:56:29 - [TEST_STEP][PASSED] - resColumn = "Result": null

24-10-2024T07:56:29 - [TEST_STEP][PASSED] - datCloumn = "Date": null

24-10-2024T07:56:29 - [TEST_STEP][PASSED] - fileLoc = "KatalonData/IWPTestData/VRelay25Payments.xlsx": null

24-10-2024T07:56:29 - [TEST_STEP][PASSED] - numOfRows = <not implemented yet for class: org.codehaus.groovy.ast.expr.EmptyExpression>: null

24-10-2024T07:56:29 - [TEST_STEP][PASSED] - dataFile = <not implemented yet for class: org.codehaus.groovy.ast.expr.EmptyExpression>: null

24-10-2024T07:56:29 - [TEST_STEP][PASSED] - nameSheet = <not implemented yet for class: org.codehaus.groovy.ast.expr.EmptyExpression>: null

24-10-2024T07:56:29 - [TEST_STEP][PASSED] - dataFileEmulator = <not implemented yet for class: org.codehaus.groovy.ast.expr.EmptyExpression>: null

24-10-2024T07:56:29 - [TEST_STEP][PASSED] - isRequiredTextPresent = false: null

24-10-2024T07:56:29 - [TEST_STEP][PASSED] - nameSheet = "VerifyReceiptPageLabelsCorp": null

24-10-2024T07:56:29 - [TEST_STEP][PASSED] - dataFile = "IWPTestData/IWP25VerifyReceiptPageLabelsCorp": null

24-10-2024T07:56:29 - [TEST_STEP][PASSED] - dataFileEmulator = "IWPTestData/EmulatorData": null

24-10-2024T07:56:29 - [TEST_STEP][PASSED] - numOfRows = findTestData(dataFile).getRowNumbers(): null

24-10-2024T07:56:29 - [TEST_STEP][PASSED] - println("Number of Records: " + numOfRows): null

24-10-2024T07:56:29 - [TEST_STEP][ERROR] - for ([row = 1, row <= numOfRows, (row++)]): Test Cases/IntegratedWeb/IWP25/Payments/VerifyReceiptPageLabelsCorp FAILED.
Reason:
com.kms.katalon.core.exception.StepErrorException: org.codehaus.groovy.runtime.InvokerInvocationException: java.io.FileNotFoundException: KatalonData\IWPTestData\VRelay25Payments.xlsx (The process cannot access the file because it is being used by another process)
	at com.kms.katalon.core.main.CustomKeywordDelegatingMetaClass.throwError(CustomKeywordDelegatingMetaClass.java:101)
	at com.kms.katalon.core.main.CustomKeywordDelegatingMetaClass.invokeStaticMethod(CustomKeywordDelegatingMetaClass.java:73)
	at VerifyReceiptPageLabelsCorp.run(VerifyReceiptPageLabelsCorp:362)
	at com.kms.katalon.core.main.ScriptEngine.run(ScriptEngine.java:194)
	at com.kms.katalon.core.main.ScriptEngine.runScriptAsRawText(ScriptEngine.java:119)
	at com.kms.katalon.core.main.TestCaseExecutor.runScript(TestCaseExecutor.java:448)
	at com.kms.katalon.core.main.TestCaseExecutor.doExecute(TestCaseExecutor.java:439)
	at com.kms.katalon.core.main.TestCaseExecutor.processExecutionPhase(TestCaseExecutor.java:418)
	at com.kms.katalon.core.main.TestCaseExecutor.accessMainPhase(TestCaseExecutor.java:410)
	at com.kms.katalon.core.main.TestCaseExecutor.execute(TestCaseExecutor.java:285)
	at com.kms.katalon.core.common.CommonExecutor.accessTestCaseMainPhase(CommonExecutor.java:65)
	at com.kms.katalon.core.main.TestSuiteExecutor.accessTestSuiteMainPhase(TestSuiteExecutor.java:150)
	at com.kms.katalon.core.main.TestSuiteExecutor.execute(TestSuiteExecutor.java:106)
	at com.kms.katalon.core.main.TestCaseMain.startTestSuite(TestCaseMain.java:180)
	at TempTestSuite1729731001385.run(TempTestSuite1729731001385.groovy:35)
	at java.base/jdk.internal.reflect.NativeMethodAccessorImpl.invoke0(Native Method)
	at java.base/jdk.internal.reflect.NativeMethodAccessorImpl.invoke(NativeMethodAccessorImpl.java:77)
	at java.base/jdk.internal.reflect.DelegatingMethodAccessorImpl.invoke(DelegatingMethodAccessorImpl.java:43)
Caused by: org.codehaus.groovy.runtime.InvokerInvocationException: java.io.FileNotFoundException: KatalonData\IWPTestData\VRelay25Payments.xlsx (The process cannot access the file because it is being used by another process)
	at com.kms.katalon.core.main.CustomKeywordDelegatingMetaClass.invokeStaticMethod(CustomKeywordDelegatingMetaClass.java:55)
	at Script1724933026286.run(Script1724933026286.groovy:362)
	... 15 more
Caused by: java.io.FileNotFoundException: KatalonData\IWPTestData\VRelay25Payments.xlsx (The process cannot access the file because it is being used by another process)
	at pages.WriteExcel.demoKey(WriteExcel.groovy:93)
	at jdk.internal.reflect.GeneratedMethodAccessor43.invoke(Unknown Source)
	at java.base/jdk.internal.reflect.DelegatingMethodAccessorImpl.invoke(DelegatingMethodAccessorImpl.java:43)
	at com.kms.katalon.core.main.CustomKeywordDelegatingMetaClass.invokeStaticMethod(CustomKeywordDelegatingMetaClass.java:55)
	at VerifyReceiptPageLabelsCorp.run(VerifyReceiptPageLabelsCorp:362)
	... 15 more


24-10-2024T07:56:29 - [TEST_STEP][PASSED] - ExecuteTC = findTestData(dataFile).getValue("Execute", row): null

24-10-2024T07:56:29 - [TEST_STEP][PASSED] - out.println("Value of Execute is : " + ExecuteTC): null

24-10-2024T07:56:29 - [TEST_STEP][ERROR] - if (ExecuteTC.equalsIgnoreCase("Y")): Test Cases/IntegratedWeb/IWP25/Payments/VerifyReceiptPageLabelsCorp FAILED.
Reason:
com.kms.katalon.core.exception.StepErrorException: org.codehaus.groovy.runtime.InvokerInvocationException: java.io.FileNotFoundException: KatalonData\IWPTestData\VRelay25Payments.xlsx (The process cannot access the file because it is being used by another process)
	at com.kms.katalon.core.main.CustomKeywordDelegatingMetaClass.throwError(CustomKeywordDelegatingMetaClass.java:101)
	at com.kms.katalon.core.main.CustomKeywordDelegatingMetaClass.invokeStaticMethod(CustomKeywordDelegatingMetaClass.java:73)
	at VerifyReceiptPageLabelsCorp.run(VerifyReceiptPageLabelsCorp:362)
	at com.kms.katalon.core.main.ScriptEngine.run(ScriptEngine.java:194)
	at com.kms.katalon.core.main.ScriptEngine.runScriptAsRawText(ScriptEngine.java:119)
	at com.kms.katalon.core.main.TestCaseExecutor.runScript(TestCaseExecutor.java:448)
	at com.kms.katalon.core.main.TestCaseExecutor.doExecute(TestCaseExecutor.java:439)
	at com.kms.katalon.core.main.TestCaseExecutor.processExecutionPhase(TestCaseExecutor.java:418)
	at com.kms.katalon.core.main.TestCaseExecutor.accessMainPhase(TestCaseExecutor.java:410)
	at com.kms.katalon.core.main.TestCaseExecutor.execute(TestCaseExecutor.java:285)
	at com.kms.katalon.core.common.CommonExecutor.accessTestCaseMainPhase(CommonExecutor.java:65)
	at com.kms.katalon.core.main.TestSuiteExecutor.accessTestSuiteMainPhase(TestSuiteExecutor.java:150)
	at com.kms.katalon.core.main.TestSuiteExecutor.execute(TestSuiteExecutor.java:106)
	at com.kms.katalon.core.main.TestCaseMain.startTestSuite(TestCaseMain.java:180)
	at TempTestSuite1729731001385.run(TempTestSuite1729731001385.groovy:35)
	at java.base/jdk.internal.reflect.NativeMethodAccessorImpl.invoke0(Native Method)
	at java.base/jdk.internal.reflect.NativeMethodAccessorImpl.invoke(NativeMethodAccessorImpl.java:77)
	at java.base/jdk.internal.reflect.DelegatingMethodAccessorImpl.invoke(DelegatingMethodAccessorImpl.java:43)
Caused by: org.codehaus.groovy.runtime.InvokerInvocationException: java.io.FileNotFoundException: KatalonData\IWPTestData\VRelay25Payments.xlsx (The process cannot access the file because it is being used by another process)
	at com.kms.katalon.core.main.CustomKeywordDelegatingMetaClass.invokeStaticMethod(CustomKeywordDelegatingMetaClass.java:55)
	at Script1724933026286.run(Script1724933026286.groovy:362)
	... 15 more
Caused by: java.io.FileNotFoundException: KatalonData\IWPTestData\VRelay25Payments.xlsx (The process cannot access the file because it is being used by another process)
	at pages.WriteExcel.demoKey(WriteExcel.groovy:93)
	at jdk.internal.reflect.GeneratedMethodAccessor43.invoke(Unknown Source)
	at java.base/jdk.internal.reflect.DelegatingMethodAccessorImpl.invoke(DelegatingMethodAccessorImpl.java:43)
	at com.kms.katalon.core.main.CustomKeywordDelegatingMetaClass.invokeStaticMethod(CustomKeywordDelegatingMetaClass.java:55)
	at VerifyReceiptPageLabelsCorp.run(VerifyReceiptPageLabelsCorp:362)
	... 15 more


24-10-2024T07:56:29 - [TEST_STEP][PASSED] - out.println("Begin Record Number: " + row): null

24-10-2024T07:56:29 - [TEST_STEP][PASSED] - today = new java.util.Date(): null

24-10-2024T07:56:29 - [TEST_STEP][PASSED] - println(today): null

24-10-2024T07:56:29 - [TEST_STEP][PASSED] - datText = today: null

24-10-2024T07:56:29 - [TEST_STEP][PASSED] - EmulatorDataKey = findTestData(dataFile).getValue("EmulatorData", row): null

24-10-2024T07:56:29 - [TEST_STEP][PASSED] - out.println("Value of Emulator Key is : " + EmulatorDataKey): null

24-10-2024T07:56:29 - [TEST_STEP][PASSED] - iwpPages.emulatorIWP30.setDataEmulator_DD(EmulatorDataKey): iwpPages.emulatorIWP30.setDataEmulator_DD is PASSED

24-10-2024T07:56:30 - [MESSAGE][WARNING] - A browser is already opened. Closing browser and opening a new one

24-10-2024T07:56:30 - [MESSAGE][INFO] - Starting 'Edge Chromium' driver

24-10-2024T07:56:30 - [MESSAGE][INFO] - User set preference: ['acceptInsecureCerts', 'true']

24-10-2024T07:56:32 - [MESSAGE][INFO] - Action delay is set to 0 milliseconds

24-10-2024T07:56:36 - [MESSAGE][PASSED] - Browser is opened with url: 'https://qa2.velocitypayment.com/agencyx/config.action?action=editor&message_version=2_5'

24-10-2024T07:56:36 - [MESSAGE][PASSED] - Current window maximized

24-10-2024T07:57:07 - [MESSAGE][INFO] - Unable to find the element located by 'By.xpath: //select[@name='message_version']'. Please recheck the objects properties to make sure the desired element is located. 

24-10-2024T07:57:07 - [MESSAGE][WARNING] - [SELF-HEALING] Failed to find element with id 'Object Repository/IWP30/Page_VRelay30Emulator/MV'. Try using Self-healing.

24-10-2024T07:57:07 - [MESSAGE][WARNING] - [SELF-HEALING] The current locator of test object 'Object Repository/IWP30/Page_VRelay30Emulator/MV' was broken. Propose an alternative one: '(.//*[normalize-space(text()) and normalize-space(.)='Message Version'])[1]/following::select[1]'.

24-10-2024T07:57:08 - [MESSAGE][PASSED] - All options with value '2.5' are selected in object 'Object Repository/IWP30/Page_VRelay30Emulator/MV'  using regular expression

24-10-2024T07:57:08 - [MESSAGE][PASSED] - Text '10.50' is set on object 'Object Repository/IWP30/Page_EmulatorAgencyX/Amount'

24-10-2024T07:57:09 - [MESSAGE][PASSED] - Text 'JT2Zak2emfLJ' is set on object 'Object Repository/IWP30/Page_EmulatorAgencyX/CAN'

24-10-2024T07:57:10 - [MESSAGE][PASSED] - Text 'PayNow' is set on object 'Object Repository/IWP30/Page_EmulatorAgencyX/Action'

24-10-2024T07:57:10 - [MESSAGE][PASSED] - Text 'en_US' is set on object 'Object Repository/IWP30/Page_EmulatorAgencyX/Lang'

24-10-2024T07:57:11 - [MESSAGE][PASSED] - Text '' is set on object 'Object Repository/IWP30/Page_EmulatorAgencyX/Fname'

24-10-2024T07:57:11 - [MESSAGE][PASSED] - Text '' is set on object 'Object Repository/IWP30/Page_EmulatorAgencyX/Lname'

24-10-2024T07:57:12 - [MESSAGE][PASSED] - Text '' is set on object 'Object Repository/IWP30/Page_EmulatorAgencyX/AL1'

24-10-2024T07:57:12 - [MESSAGE][PASSED] - Text '' is set on object 'Object Repository/IWP30/Page_EmulatorAgencyX/AL2'

24-10-2024T07:57:13 - [MESSAGE][PASSED] - Text '' is set on object 'Object Repository/IWP30/Page_EmulatorAgencyX/Country'

24-10-2024T07:57:14 - [MESSAGE][PASSED] - Text '' is set on object 'Object Repository/IWP30/Page_EmulatorAgencyX/City'

24-10-2024T07:57:14 - [MESSAGE][PASSED] - Text '' is set on object 'Object Repository/IWP30/Page_EmulatorAgencyX/State'

24-10-2024T07:57:15 - [MESSAGE][PASSED] - Text '' is set on object 'Object Repository/IWP30/Page_EmulatorAgencyX/ZIP'

24-10-2024T07:57:15 - [MESSAGE][PASSED] - Text '' is set on object 'Object Repository/IWP30/Page_EmulatorAgencyX/Order'

24-10-2024T07:57:16 - [MESSAGE][PASSED] - Text '' is set on object 'Object Repository/IWP30/Page_EmulatorAgencyX/Company'

24-10-2024T07:57:16 - [MESSAGE][PASSED] - Text '' is set on object 'Object Repository/IWP30/Page_EmulatorAgencyX/Email'

24-10-2024T07:57:17 - [MESSAGE][PASSED] - Text '' is set on object 'Object Repository/IWP30/Page_EmulatorAgencyX/UDF1'

24-10-2024T07:57:18 - [MESSAGE][PASSED] - Text '' is set on object 'Object Repository/IWP30/Page_EmulatorAgencyX/UDF2'

24-10-2024T07:57:18 - [MESSAGE][PASSED] - Text '' is set on object 'Object Repository/IWP30/Page_EmulatorAgencyX/UDF3'

24-10-2024T07:57:19 - [MESSAGE][PASSED] - Text 'udf data 4' is set on object 'Object Repository/IWP30/Page_EmulatorAgencyX/UDF4'

24-10-2024T07:57:19 - [MESSAGE][PASSED] - Text 'udf data 5' is set on object 'Object Repository/IWP30/Page_EmulatorAgencyX/UDF5'

24-10-2024T07:57:20 - [MESSAGE][PASSED] - Text '' is set on object 'Object Repository/IWP30/Page_EmulatorAgencyX/UDF6'

24-10-2024T07:57:21 - [MESSAGE][PASSED] - Text '' is set on object 'Object Repository/IWP30/Page_EmulatorAgencyX/UDF7'

24-10-2024T07:57:21 - [MESSAGE][PASSED] - Text '' is set on object 'Object Repository/IWP30/Page_EmulatorAgencyX/UDF8'

24-10-2024T07:57:22 - [MESSAGE][PASSED] - Text 'udf data 9' is set on object 'Object Repository/IWP30/Page_EmulatorAgencyX/UDF9'

24-10-2024T07:57:22 - [MESSAGE][PASSED] - Text 'udf data 10' is set on object 'Object Repository/IWP30/Page_EmulatorAgencyX/UDF10'

24-10-2024T07:57:24 - [MESSAGE][PASSED] - Object: 'Object Repository/IWP30/Page_EmulatorAgencyX/Submit' is clicked on

24-10-2024T07:57:28 - [MESSAGE][PASSED] - Browser is closed

24-10-2024T07:57:32 - [MESSAGE][PASSED] - iwpPages.emulatorIWP30.setDataEmulator_DD is PASSED

24-10-2024T07:57:32 - [TEST_STEP][PASSED] - testHarnessURL = urlTestHarness: null

24-10-2024T07:57:32 - [TEST_STEP][PASSED] - openBrowser(testHarnessURL): Browser is opened with url: 'https://dev-algorithm.govolution.com/vrelaytest/QA2/version_2_2/vrelaytest.html'

24-10-2024T07:57:32 - [MESSAGE][INFO] - Starting 'Edge Chromium' driver

24-10-2024T07:57:32 - [MESSAGE][INFO] - User set preference: ['acceptInsecureCerts', 'true']

24-10-2024T07:57:34 - [MESSAGE][INFO] - Action delay is set to 0 milliseconds

24-10-2024T07:57:38 - [MESSAGE][PASSED] - Browser is opened with url: 'https://dev-algorithm.govolution.com/vrelaytest/QA2/version_2_2/vrelaytest.html'

24-10-2024T07:57:38 - [TEST_STEP][PASSED] - maximizeWindow(): Current window maximized

24-10-2024T07:57:38 - [MESSAGE][PASSED] - Current window maximized

24-10-2024T07:57:38 - [TEST_STEP][PASSED] - iwpPages.TestHarnessPage.setDataMethod(row, dataFile): iwpPages.TestHarnessPage.setDataMethod is PASSED

24-10-2024T07:57:39 - [MESSAGE][PASSED] - Object 'Object Repository/IWP30/Page_QATestHarness/RemittanceID' is present

24-10-2024T07:57:39 - [MESSAGE][PASSED] - Text '638' is set on object 'Object Repository/IWP30/Page_QATestHarness/ApplicationID'

24-10-2024T07:57:40 - [MESSAGE][PASSED] - Text '2.5' is set on object 'Object Repository/IWP30/Page_QATestHarness/MessageVersion'

24-10-2024T07:57:40 - [MESSAGE][PASSED] - Text 'CGsYnaC6umq3' is set on object 'Object Repository/IWP30/Page_QATestHarness/RemittanceID'

24-10-2024T07:57:44 - [MESSAGE][PASSED] - Object: 'Object Repository/IWP30/Page_QATestHarness/SubmitButton' is clicked on

24-10-2024T07:57:44 - [MESSAGE][PASSED] - iwpPages.TestHarnessPage.setDataMethod is PASSED

24-10-2024T07:57:44 - [TEST_STEP][PASSED] - click(findTestObject("Object Repository/IWP30/Page_SelectPaymentMethod/PayByCorporateCheck")): Object: 'Object Repository/IWP30/Page_SelectPaymentMethod/PayByCorporateCheck' is clicked on

24-10-2024T07:57:45 - [MESSAGE][PASSED] - Object: 'Object Repository/IWP30/Page_SelectPaymentMethod/PayByCorporateCheck' is clicked on

24-10-2024T07:57:45 - [TEST_STEP][PASSED] - click(findTestObject("Object Repository/IWP30/Page_SelectPaymentMethod/MakePaymentButton")): Object: 'Object Repository/IWP30/Page_SelectPaymentMethod/MakePaymentButton' is clicked on

24-10-2024T07:57:47 - [MESSAGE][PASSED] - Object: 'Object Repository/IWP30/Page_SelectPaymentMethod/MakePaymentButton' is clicked on

24-10-2024T07:57:47 - [TEST_STEP][PASSED] - iwpPages.achCorporatePaymentEntryPage.setDataCorporate(row, dataFile): iwpPages.achCorporatePaymentEntryPage.setDataCorporate is PASSED

24-10-2024T07:57:48 - [MESSAGE][PASSED] - Object 'Object Repository/IWP30/Page_ACHCorporatePaymentEntry/txt_accountNumber' is present

24-10-2024T07:57:49 - [MESSAGE][PASSED] - Object 'Object Repository/IWP30/Page_ACHCorporatePaymentEntry/input_CompanyName' is present

24-10-2024T07:57:49 - [MESSAGE][PASSED] - Text 'My Company' is set on object 'Object Repository/IWP30/Page_ACHCorporatePaymentEntry/input_CompanyName'

24-10-2024T07:57:49 - [MESSAGE][PASSED] - Object 'Object Repository/IWP30/Page_ACHCorporatePaymentEntry/input_EIN' is present

24-10-2024T07:57:50 - [MESSAGE][PASSED] - Text '10.50' is set on object 'Object Repository/IWP30/Page_ACHCorporatePaymentEntry/txt_Amount'

24-10-2024T07:57:51 - [MESSAGE][PASSED] - Text 'udf data 3' is set on object 'Object Repository/IWP30/Page_ACHCorporatePaymentEntry/txt_UDF3'

24-10-2024T07:57:51 - [MESSAGE][PASSED] - All options with label 'Soccer' are selected in object 'Object Repository/IWP30/Page_ACHCorporatePaymentEntry/dd_UDF8' 

24-10-2024T07:57:52 - [MESSAGE][PASSED] - Object 'Object Repository/IWP30/Page_ACHCorporatePaymentEntry/txt_routingNumber' is present

24-10-2024T07:57:52 - [MESSAGE][PASSED] - Text '256072691' is set on object 'Object Repository/IWP30/Page_ACHCorporatePaymentEntry/txt_routingNumber'

24-10-2024T07:57:52 - [MESSAGE][PASSED] - Object 'Object Repository/IWP30/Page_ACHCorporatePaymentEntry/txt_accountNumber' is present

24-10-2024T07:57:54 - [MESSAGE][PASSED] - Text '12344444' is set on object 'Object Repository/IWP30/Page_ACHCorporatePaymentEntry/txt_accountNumber'

24-10-2024T07:57:54 - [MESSAGE][PASSED] - Object 'Object Repository/IWP30/Page_ACHCorporatePaymentEntry/txt_confirmAccountNumber' is present

24-10-2024T07:57:55 - [MESSAGE][PASSED] - Text '12344444' is set on object 'Object Repository/IWP30/Page_ACHCorporatePaymentEntry/txt_confirmAccountNumber'

24-10-2024T07:57:55 - [MESSAGE][PASSED] - Text '365 Main Avenue' is set on object 'Object Repository/IWP30/Page_ACHCorporatePaymentEntry/txt_AL1'

24-10-2024T07:57:56 - [MESSAGE][PASSED] - Text '22201' is set on object 'Object Repository/IWP30/Page_ACHCorporatePaymentEntry/txt_ZIP'

24-10-2024T07:57:56 - [MESSAGE][PASSED] - Object 'Object Repository/IWP30/Page_ACHCorporatePaymentEntry/txt_Email' is present

24-10-2024T07:57:58 - [MESSAGE][PASSED] - Text 'iahmed@govolution.com' is set on object 'Object Repository/IWP30/Page_ACHCorporatePaymentEntry/txt_Email'

24-10-2024T07:57:58 - [MESSAGE][PASSED] - Object 'Object Repository/IWP30/Page_ACHCorporatePaymentEntry/cb_TermsAndCond' is present

24-10-2024T07:57:58 - [MESSAGE][PASSED] - Object: 'Object Repository/IWP30/Page_ACHCorporatePaymentEntry/cb_TermsAndCond' is clicked on

24-10-2024T07:57:58 - [MESSAGE][PASSED] - Object 'Object Repository/IWP30/Page_ACHCorporatePaymentEntry/btn_Continue' is present

24-10-2024T07:58:00 - [MESSAGE][PASSED] - Object: 'Object Repository/IWP30/Page_ACHCorporatePaymentEntry/btn_Continue' is clicked on

24-10-2024T07:58:00 - [MESSAGE][PASSED] - iwpPages.achCorporatePaymentEntryPage.setDataCorporate is PASSED

24-10-2024T07:58:00 - [TEST_STEP][PASSED] - click(findTestObject("Object Repository/IWP30/Page_Confirmation/ConfirmButton")): Object: 'Object Repository/IWP30/Page_Confirmation/ConfirmButton' is clicked on

24-10-2024T07:58:02 - [MESSAGE][PASSED] - Object: 'Object Repository/IWP30/Page_Confirmation/ConfirmButton' is clicked on

24-10-2024T07:58:02 - [TEST_STEP][PASSED] - Thread.sleep(5000): null

24-10-2024T07:58:07 - [TEST_STEP][PASSED] - if (verifyTextPresent("Make a Real Estate Payment", false)): null

24-10-2024T07:58:08 - [MESSAGE][PASSED] - Text 'Make a Real Estate Payment' is present on page 

24-10-2024T07:58:08 - [TEST_STEP][PASSED] - isRequiredTextPresent = true: null

24-10-2024T07:58:08 - [TEST_STEP][PASSED] - println(isRequiredTextPresent): null

24-10-2024T07:58:08 - [TEST_STEP][PASSED] - if (isRequiredTextPresent): null

24-10-2024T07:58:08 - [TEST_STEP][PASSED] - if (verifyTextPresent("Successful Payment Receipt", false)): null

24-10-2024T07:58:09 - [MESSAGE][PASSED] - Text 'Successful Payment Receipt' is present on page 

24-10-2024T07:58:09 - [TEST_STEP][PASSED] - isRequiredTextPresent = true: null

24-10-2024T07:58:09 - [TEST_STEP][PASSED] - println(isRequiredTextPresent): null

24-10-2024T07:58:09 - [TEST_STEP][PASSED] - if (isRequiredTextPresent): null

24-10-2024T07:58:09 - [TEST_STEP][PASSED] - if (verifyTextPresent("Please print this receipt for your records", false)): null

24-10-2024T07:58:09 - [MESSAGE][PASSED] - Text 'Please print this receipt for your records' is present on page 

24-10-2024T07:58:09 - [TEST_STEP][PASSED] - isRequiredTextPresent = true: null

24-10-2024T07:58:09 - [TEST_STEP][PASSED] - if (isRequiredTextPresent): null

24-10-2024T07:58:09 - [TEST_STEP][PASSED] - if (verifyTextPresent("Remittance ID:", false)): null

24-10-2024T07:58:09 - [MESSAGE][PASSED] - Text 'Remittance ID:' is present on page 

24-10-2024T07:58:09 - [TEST_STEP][PASSED] - isRequiredTextPresent = true: null

24-10-2024T07:58:09 - [TEST_STEP][PASSED] - if (isRequiredTextPresent): null

24-10-2024T07:58:09 - [TEST_STEP][PASSED] - if (verifyTextPresent("Payment ID:", false)): null

24-10-2024T07:58:09 - [MESSAGE][PASSED] - Text 'Payment ID:' is present on page 

24-10-2024T07:58:09 - [TEST_STEP][PASSED] - isRequiredTextPresent = true: null

24-10-2024T07:58:09 - [TEST_STEP][PASSED] - if (isRequiredTextPresent): null

24-10-2024T07:58:09 - [TEST_STEP][PASSED] - if (verifyTextPresent("CAN Label:", false)): null

24-10-2024T07:58:10 - [MESSAGE][PASSED] - Text 'CAN Label:' is present on page 

24-10-2024T07:58:10 - [TEST_STEP][PASSED] - isRequiredTextPresent = true: null

24-10-2024T07:58:10 - [TEST_STEP][PASSED] - if (isRequiredTextPresent): null

24-10-2024T07:58:10 - [TEST_STEP][PASSED] - if (verifyTextPresent("Received:", false)): null

24-10-2024T07:58:10 - [MESSAGE][PASSED] - Text 'Received:' is present on page 

24-10-2024T07:58:10 - [TEST_STEP][PASSED] - isRequiredTextPresent = true: null

24-10-2024T07:58:10 - [TEST_STEP][PASSED] - if (isRequiredTextPresent): null

24-10-2024T07:58:10 - [TEST_STEP][PASSED] - if (verifyTextPresent("UDF1 Label:", false)): null

24-10-2024T07:58:10 - [MESSAGE][PASSED] - Text 'UDF1 Label:' is present on page 

24-10-2024T07:58:10 - [TEST_STEP][PASSED] - isRequiredTextPresent = true: null

24-10-2024T07:58:10 - [TEST_STEP][PASSED] - if (isRequiredTextPresent): null

24-10-2024T07:58:10 - [TEST_STEP][PASSED] - if (verifyTextPresent("UDF2 Label:", false)): null

24-10-2024T07:58:11 - [MESSAGE][PASSED] - Text 'UDF2 Label:' is present on page 

24-10-2024T07:58:11 - [TEST_STEP][PASSED] - isRequiredTextPresent = true: null

24-10-2024T07:58:11 - [TEST_STEP][PASSED] - if (isRequiredTextPresent): null

24-10-2024T07:58:11 - [TEST_STEP][PASSED] - if (verifyTextPresent("UDF3 Label:", false)): null

24-10-2024T07:58:11 - [MESSAGE][PASSED] - Text 'UDF3 Label:' is present on page 

24-10-2024T07:58:11 - [TEST_STEP][PASSED] - isRequiredTextPresent = true: null

24-10-2024T07:58:11 - [TEST_STEP][PASSED] - if (isRequiredTextPresent): null

24-10-2024T07:58:11 - [TEST_STEP][PASSED] - if (verifyTextPresent("UDF4 Label:", false)): null

24-10-2024T07:58:11 - [MESSAGE][PASSED] - Text 'UDF4 Label:' is present on page 

24-10-2024T07:58:11 - [TEST_STEP][PASSED] - isRequiredTextPresent = true: null

24-10-2024T07:58:11 - [TEST_STEP][PASSED] - if (isRequiredTextPresent): null

24-10-2024T07:58:11 - [TEST_STEP][PASSED] - if (verifyTextPresent("UDF6 Label:", false)): null

24-10-2024T07:58:11 - [MESSAGE][PASSED] - Text 'UDF6 Label:' is present on page 

24-10-2024T07:58:11 - [TEST_STEP][PASSED] - isRequiredTextPresent = true: null

24-10-2024T07:58:11 - [TEST_STEP][PASSED] - if (isRequiredTextPresent): null

24-10-2024T07:58:11 - [TEST_STEP][PASSED] - if (verifyTextPresent("UDF7 Label:", false)): null

24-10-2024T07:58:12 - [MESSAGE][PASSED] - Text 'UDF7 Label:' is present on page 

24-10-2024T07:58:12 - [TEST_STEP][PASSED] - isRequiredTextPresent = true: null

24-10-2024T07:58:12 - [TEST_STEP][PASSED] - if (isRequiredTextPresent): null

24-10-2024T07:58:12 - [TEST_STEP][PASSED] - if (verifyTextPresent("UDF8 Label:", false)): null

24-10-2024T07:58:12 - [MESSAGE][PASSED] - Text 'UDF8 Label:' is present on page 

24-10-2024T07:58:12 - [TEST_STEP][PASSED] - isRequiredTextPresent = true: null

24-10-2024T07:58:12 - [TEST_STEP][PASSED] - if (isRequiredTextPresent): null

24-10-2024T07:58:12 - [TEST_STEP][PASSED] - if (verifyTextPresent("UDF9 Label:", false)): null

24-10-2024T07:58:12 - [MESSAGE][PASSED] - Text 'UDF9 Label:' is present on page 

24-10-2024T07:58:12 - [TEST_STEP][PASSED] - isRequiredTextPresent = true: null

24-10-2024T07:58:12 - [TEST_STEP][PASSED] - if (isRequiredTextPresent): null

24-10-2024T07:58:12 - [TEST_STEP][PASSED] - if (verifyTextPresent("Tax Amount:", false)): null

24-10-2024T07:58:12 - [MESSAGE][PASSED] - Text 'Tax Amount:' is present on page 

24-10-2024T07:58:12 - [TEST_STEP][PASSED] - isRequiredTextPresent = true: null

24-10-2024T07:58:12 - [TEST_STEP][PASSED] - if (isRequiredTextPresent): null

24-10-2024T07:58:12 - [TEST_STEP][PASSED] - if (verifyTextPresent("Amount:", false)): null

24-10-2024T07:58:13 - [MESSAGE][PASSED] - Text 'Amount:' is present on page 

24-10-2024T07:58:13 - [TEST_STEP][PASSED] - isRequiredTextPresent = true: null

24-10-2024T07:58:13 - [TEST_STEP][PASSED] - if (isRequiredTextPresent): null

24-10-2024T07:58:13 - [TEST_STEP][PASSED] - if (verifyTextPresent("Transaction Type:", false)): null

24-10-2024T07:58:13 - [MESSAGE][PASSED] - Text 'Transaction Type:' is present on page 

24-10-2024T07:58:13 - [TEST_STEP][PASSED] - isRequiredTextPresent = true: null

24-10-2024T07:58:13 - [TEST_STEP][PASSED] - if (isRequiredTextPresent): null

24-10-2024T07:58:13 - [TEST_STEP][PASSED] - if (verifyTextPresent("Check Information:", false)): null

24-10-2024T07:58:13 - [MESSAGE][PASSED] - Text 'Check Information:' is present on page 

24-10-2024T07:58:13 - [TEST_STEP][PASSED] - isRequiredTextPresent = true: null

24-10-2024T07:58:13 - [TEST_STEP][PASSED] - if (isRequiredTextPresent): null

24-10-2024T07:58:13 - [TEST_STEP][PASSED] - if (verifyTextPresent("Company's Name:", false)): null

24-10-2024T07:58:13 - [MESSAGE][PASSED] - Text 'Company's Name:' is present on page 

24-10-2024T07:58:13 - [TEST_STEP][PASSED] - isRequiredTextPresent = true: null

24-10-2024T07:58:13 - [TEST_STEP][PASSED] - if (isRequiredTextPresent): null

24-10-2024T07:58:13 - [TEST_STEP][PASSED] - if (verifyTextPresent("Routing Number:", false)): null

24-10-2024T07:58:14 - [MESSAGE][PASSED] - Text 'Routing Number:' is present on page 

24-10-2024T07:58:14 - [TEST_STEP][PASSED] - isRequiredTextPresent = true: null

24-10-2024T07:58:14 - [TEST_STEP][PASSED] - if (isRequiredTextPresent): null

24-10-2024T07:58:14 - [TEST_STEP][PASSED] - if (verifyTextPresent("Account Number:", false)): null

24-10-2024T07:58:14 - [MESSAGE][PASSED] - Text 'Account Number:' is present on page 

24-10-2024T07:58:14 - [TEST_STEP][PASSED] - isRequiredTextPresent = true: null

24-10-2024T07:58:14 - [TEST_STEP][PASSED] - if (isRequiredTextPresent): null

24-10-2024T07:58:14 - [TEST_STEP][PASSED] - if (verifyTextPresent("Account Type:", false)): null

24-10-2024T07:58:14 - [MESSAGE][PASSED] - Text 'Account Type:' is present on page 

24-10-2024T07:58:14 - [TEST_STEP][PASSED] - isRequiredTextPresent = true: null

24-10-2024T07:58:14 - [TEST_STEP][PASSED] - if (isRequiredTextPresent): null

24-10-2024T07:58:14 - [TEST_STEP][PASSED] - if (verifyTextPresent("Billing Information:", false)): null

24-10-2024T07:58:15 - [MESSAGE][PASSED] - Text 'Billing Information:' is present on page 

24-10-2024T07:58:15 - [TEST_STEP][PASSED] - isRequiredTextPresent = true: null

24-10-2024T07:58:15 - [TEST_STEP][PASSED] - if (isRequiredTextPresent): null

24-10-2024T07:58:15 - [TEST_STEP][PASSED] - if (verifyTextPresent("Address Line 1:", false)): null

24-10-2024T07:58:15 - [MESSAGE][PASSED] - Text 'Address Line 1:' is present on page 

24-10-2024T07:58:15 - [TEST_STEP][PASSED] - isRequiredTextPresent = true: null

24-10-2024T07:58:15 - [TEST_STEP][PASSED] - if (isRequiredTextPresent): null

24-10-2024T07:58:15 - [TEST_STEP][PASSED] - if (verifyTextPresent("Country:", false)): null

24-10-2024T07:58:15 - [MESSAGE][PASSED] - Text 'Country:' is present on page 

24-10-2024T07:58:15 - [TEST_STEP][PASSED] - isRequiredTextPresent = true: null

24-10-2024T07:58:15 - [TEST_STEP][PASSED] - if (isRequiredTextPresent): null

24-10-2024T07:58:15 - [TEST_STEP][PASSED] - if (verifyTextPresent("City:", false)): null

24-10-2024T07:58:15 - [MESSAGE][PASSED] - Text 'City:' is present on page 

24-10-2024T07:58:15 - [TEST_STEP][PASSED] - isRequiredTextPresent = true: null

24-10-2024T07:58:15 - [TEST_STEP][PASSED] - if (isRequiredTextPresent): null

24-10-2024T07:58:15 - [TEST_STEP][PASSED] - if (verifyTextPresent("State:", false)): null

24-10-2024T07:58:16 - [MESSAGE][PASSED] - Text 'State:' is present on page 

24-10-2024T07:58:16 - [TEST_STEP][PASSED] - isRequiredTextPresent = true: null

24-10-2024T07:58:16 - [TEST_STEP][PASSED] - if (isRequiredTextPresent): null

24-10-2024T07:58:16 - [TEST_STEP][PASSED] - if (verifyTextPresent("ZIP Code:", false)): null

24-10-2024T07:58:16 - [MESSAGE][PASSED] - Text 'ZIP Code:' is present on page 

24-10-2024T07:58:16 - [TEST_STEP][PASSED] - isRequiredTextPresent = true: null

24-10-2024T07:58:16 - [TEST_STEP][PASSED] - if (isRequiredTextPresent): null

24-10-2024T07:58:16 - [TEST_STEP][PASSED] - if (verifyTextPresent("Please click here to make another payment.", false)): null

24-10-2024T07:58:16 - [MESSAGE][PASSED] - Text 'Please click here to make another payment.' is present on page 

24-10-2024T07:58:16 - [TEST_STEP][PASSED] - isRequiredTextPresent = true: null

24-10-2024T07:58:16 - [TEST_STEP][ERROR] - if (isRequiredTextPresent == true): Test Cases/IntegratedWeb/IWP25/Payments/VerifyReceiptPageLabelsCorp FAILED.
Reason:
com.kms.katalon.core.exception.StepErrorException: org.codehaus.groovy.runtime.InvokerInvocationException: java.io.FileNotFoundException: KatalonData\IWPTestData\VRelay25Payments.xlsx (The process cannot access the file because it is being used by another process)
	at com.kms.katalon.core.main.CustomKeywordDelegatingMetaClass.throwError(CustomKeywordDelegatingMetaClass.java:101)
	at com.kms.katalon.core.main.CustomKeywordDelegatingMetaClass.invokeStaticMethod(CustomKeywordDelegatingMetaClass.java:73)
	at VerifyReceiptPageLabelsCorp.run(VerifyReceiptPageLabelsCorp:362)
	at com.kms.katalon.core.main.ScriptEngine.run(ScriptEngine.java:194)
	at com.kms.katalon.core.main.ScriptEngine.runScriptAsRawText(ScriptEngine.java:119)
	at com.kms.katalon.core.main.TestCaseExecutor.runScript(TestCaseExecutor.java:448)
	at com.kms.katalon.core.main.TestCaseExecutor.doExecute(TestCaseExecutor.java:439)
	at com.kms.katalon.core.main.TestCaseExecutor.processExecutionPhase(TestCaseExecutor.java:418)
	at com.kms.katalon.core.main.TestCaseExecutor.accessMainPhase(TestCaseExecutor.java:410)
	at com.kms.katalon.core.main.TestCaseExecutor.execute(TestCaseExecutor.java:285)
	at com.kms.katalon.core.common.CommonExecutor.accessTestCaseMainPhase(CommonExecutor.java:65)
	at com.kms.katalon.core.main.TestSuiteExecutor.accessTestSuiteMainPhase(TestSuiteExecutor.java:150)
	at com.kms.katalon.core.main.TestSuiteExecutor.execute(TestSuiteExecutor.java:106)
	at com.kms.katalon.core.main.TestCaseMain.startTestSuite(TestCaseMain.java:180)
	at TempTestSuite1729731001385.run(TempTestSuite1729731001385.groovy:35)
	at java.base/jdk.internal.reflect.NativeMethodAccessorImpl.invoke0(Native Method)
	at java.base/jdk.internal.reflect.NativeMethodAccessorImpl.invoke(NativeMethodAccessorImpl.java:77)
	at java.base/jdk.internal.reflect.DelegatingMethodAccessorImpl.invoke(DelegatingMethodAccessorImpl.java:43)
Caused by: org.codehaus.groovy.runtime.InvokerInvocationException: java.io.FileNotFoundException: KatalonData\IWPTestData\VRelay25Payments.xlsx (The process cannot access the file because it is being used by another process)
	at com.kms.katalon.core.main.CustomKeywordDelegatingMetaClass.invokeStaticMethod(CustomKeywordDelegatingMetaClass.java:55)
	at Script1724933026286.run(Script1724933026286.groovy:362)
	... 15 more
Caused by: java.io.FileNotFoundException: KatalonData\IWPTestData\VRelay25Payments.xlsx (The process cannot access the file because it is being used by another process)
	at pages.WriteExcel.demoKey(WriteExcel.groovy:93)
	at jdk.internal.reflect.GeneratedMethodAccessor43.invoke(Unknown Source)
	at java.base/jdk.internal.reflect.DelegatingMethodAccessorImpl.invoke(DelegatingMethodAccessorImpl.java:43)
	at com.kms.katalon.core.main.CustomKeywordDelegatingMetaClass.invokeStaticMethod(CustomKeywordDelegatingMetaClass.java:55)
	at VerifyReceiptPageLabelsCorp.run(VerifyReceiptPageLabelsCorp:362)
	... 15 more


24-10-2024T07:58:16 - [TEST_STEP][PASSED] - println("All the relevant texts are present on Receipt Page"): null

24-10-2024T07:58:16 - [TEST_STEP][PASSED] - markPassed("All the relevant texts are present on Receipt Page"): All the relevant texts are present on Receipt Page

24-10-2024T07:58:16 - [MESSAGE][PASSED] - All the relevant texts are present on Receipt Page

24-10-2024T07:58:16 - [TEST_STEP][PASSED] - resText = "Pass": null

24-10-2024T07:58:16 - [TEST_STEP][ERROR] - pages.WriteExcel.demoKey(resText, datText, resColumn, datCloumn, fileLoc, nameSheet, row): Test Cases/IntegratedWeb/IWP25/Payments/VerifyReceiptPageLabelsCorp FAILED.
Reason:
com.kms.katalon.core.exception.StepErrorException: org.codehaus.groovy.runtime.InvokerInvocationException: java.io.FileNotFoundException: KatalonData\IWPTestData\VRelay25Payments.xlsx (The process cannot access the file because it is being used by another process)
	at com.kms.katalon.core.main.CustomKeywordDelegatingMetaClass.throwError(CustomKeywordDelegatingMetaClass.java:101)
	at com.kms.katalon.core.main.CustomKeywordDelegatingMetaClass.invokeStaticMethod(CustomKeywordDelegatingMetaClass.java:73)
	at VerifyReceiptPageLabelsCorp.run(VerifyReceiptPageLabelsCorp:362)
	at com.kms.katalon.core.main.ScriptEngine.run(ScriptEngine.java:194)
	at com.kms.katalon.core.main.ScriptEngine.runScriptAsRawText(ScriptEngine.java:119)
	at com.kms.katalon.core.main.TestCaseExecutor.runScript(TestCaseExecutor.java:448)
	at com.kms.katalon.core.main.TestCaseExecutor.doExecute(TestCaseExecutor.java:439)
	at com.kms.katalon.core.main.TestCaseExecutor.processExecutionPhase(TestCaseExecutor.java:418)
	at com.kms.katalon.core.main.TestCaseExecutor.accessMainPhase(TestCaseExecutor.java:410)
	at com.kms.katalon.core.main.TestCaseExecutor.execute(TestCaseExecutor.java:285)
	at com.kms.katalon.core.common.CommonExecutor.accessTestCaseMainPhase(CommonExecutor.java:65)
	at com.kms.katalon.core.main.TestSuiteExecutor.accessTestSuiteMainPhase(TestSuiteExecutor.java:150)
	at com.kms.katalon.core.main.TestSuiteExecutor.execute(TestSuiteExecutor.java:106)
	at com.kms.katalon.core.main.TestCaseMain.startTestSuite(TestCaseMain.java:180)
	at TempTestSuite1729731001385.run(TempTestSuite1729731001385.groovy:35)
	at java.base/jdk.internal.reflect.NativeMethodAccessorImpl.invoke0(Native Method)
	at java.base/jdk.internal.reflect.NativeMethodAccessorImpl.invoke(NativeMethodAccessorImpl.java:77)
	at java.base/jdk.internal.reflect.DelegatingMethodAccessorImpl.invoke(DelegatingMethodAccessorImpl.java:43)
Caused by: org.codehaus.groovy.runtime.InvokerInvocationException: java.io.FileNotFoundException: KatalonData\IWPTestData\VRelay25Payments.xlsx (The process cannot access the file because it is being used by another process)
	at com.kms.katalon.core.main.CustomKeywordDelegatingMetaClass.invokeStaticMethod(CustomKeywordDelegatingMetaClass.java:55)
	at Script1724933026286.run(Script1724933026286.groovy:362)
	... 15 more
Caused by: java.io.FileNotFoundException: KatalonData\IWPTestData\VRelay25Payments.xlsx (The process cannot access the file because it is being used by another process)
	at pages.WriteExcel.demoKey(WriteExcel.groovy:93)
	at jdk.internal.reflect.GeneratedMethodAccessor43.invoke(Unknown Source)
	at java.base/jdk.internal.reflect.DelegatingMethodAccessorImpl.invoke(DelegatingMethodAccessorImpl.java:43)
	at com.kms.katalon.core.main.CustomKeywordDelegatingMetaClass.invokeStaticMethod(CustomKeywordDelegatingMetaClass.java:55)
	at VerifyReceiptPageLabelsCorp.run(VerifyReceiptPageLabelsCorp:362)
	... 15 more


24-10-2024T07:58:16 - [MESSAGE][ERROR] - java.io.FileNotFoundException: KatalonData\IWPTestData\VRelay25Payments.xlsx (The process cannot access the file because it is being used by another process)

24-10-2024T07:58:16 - [MESSAGE][ERROR] - Test Cases/IntegratedWeb/IWP25/Payments/VerifyReceiptPageLabelsCorp FAILED.
Reason:
com.kms.katalon.core.exception.StepErrorException: org.codehaus.groovy.runtime.InvokerInvocationException: java.io.FileNotFoundException: KatalonData\IWPTestData\VRelay25Payments.xlsx (The process cannot access the file because it is being used by another process)
	at com.kms.katalon.core.main.CustomKeywordDelegatingMetaClass.throwError(CustomKeywordDelegatingMetaClass.java:101)
	at com.kms.katalon.core.main.CustomKeywordDelegatingMetaClass.invokeStaticMethod(CustomKeywordDelegatingMetaClass.java:73)
	at VerifyReceiptPageLabelsCorp.run(VerifyReceiptPageLabelsCorp:362)
	at com.kms.katalon.core.main.ScriptEngine.run(ScriptEngine.java:194)
	at com.kms.katalon.core.main.ScriptEngine.runScriptAsRawText(ScriptEngine.java:119)
	at com.kms.katalon.core.main.TestCaseExecutor.runScript(TestCaseExecutor.java:448)
	at com.kms.katalon.core.main.TestCaseExecutor.doExecute(TestCaseExecutor.java:439)
	at com.kms.katalon.core.main.TestCaseExecutor.processExecutionPhase(TestCaseExecutor.java:418)
	at com.kms.katalon.core.main.TestCaseExecutor.accessMainPhase(TestCaseExecutor.java:410)
	at com.kms.katalon.core.main.TestCaseExecutor.execute(TestCaseExecutor.java:285)
	at com.kms.katalon.core.common.CommonExecutor.accessTestCaseMainPhase(CommonExecutor.java:65)
	at com.kms.katalon.core.main.TestSuiteExecutor.accessTestSuiteMainPhase(TestSuiteExecutor.java:150)
	at com.kms.katalon.core.main.TestSuiteExecutor.execute(TestSuiteExecutor.java:106)
	at com.kms.katalon.core.main.TestCaseMain.startTestSuite(TestCaseMain.java:180)
	at TempTestSuite1729731001385.run(TempTestSuite1729731001385.groovy:35)
	at java.base/jdk.internal.reflect.NativeMethodAccessorImpl.invoke0(Native Method)
	at java.base/jdk.internal.reflect.NativeMethodAccessorImpl.invoke(NativeMethodAccessorImpl.java:77)
	at java.base/jdk.internal.reflect.DelegatingMethodAccessorImpl.invoke(DelegatingMethodAccessorImpl.java:43)
Caused by: org.codehaus.groovy.runtime.InvokerInvocationException: java.io.FileNotFoundException: KatalonData\IWPTestData\VRelay25Payments.xlsx (The process cannot access the file because it is being used by another process)
	at com.kms.katalon.core.main.CustomKeywordDelegatingMetaClass.invokeStaticMethod(CustomKeywordDelegatingMetaClass.java:55)
	at Script1724933026286.run(Script1724933026286.groovy:362)
	... 15 more
Caused by: java.io.FileNotFoundException: KatalonData\IWPTestData\VRelay25Payments.xlsx (The process cannot access the file because it is being used by another process)
	at pages.WriteExcel.demoKey(WriteExcel.groovy:93)
	at jdk.internal.reflect.GeneratedMethodAccessor43.invoke(Unknown Source)
	at java.base/jdk.internal.reflect.DelegatingMethodAccessorImpl.invoke(DelegatingMethodAccessorImpl.java:43)
	at com.kms.katalon.core.main.CustomKeywordDelegatingMetaClass.invokeStaticMethod(CustomKeywordDelegatingMetaClass.java:55)
	at VerifyReceiptPageLabelsCorp.run(VerifyReceiptPageLabelsCorp:362)
	... 15 more]]></system-out>
         <system-err><![CDATA[24-10-2024T07:56:29 - [TEST_CASE][ERROR] - Test Cases/IntegratedWeb/IWP25/Payments/VerifyReceiptPageLabelsCorp: Test Cases/IntegratedWeb/IWP25/Payments/VerifyReceiptPageLabelsCorp FAILED.
Reason:
org.codehaus.groovy.runtime.InvokerInvocationException: java.io.FileNotFoundException: KatalonData\IWPTestData\VRelay25Payments.xlsx (The process cannot access the file because it is being used by another process)
	at com.kms.katalon.core.main.CustomKeywordDelegatingMetaClass.invokeStaticMethod(CustomKeywordDelegatingMetaClass.java:55)
	at VerifyReceiptPageLabelsCorp.run(VerifyReceiptPageLabelsCorp:362)
	at com.kms.katalon.core.main.ScriptEngine.run(ScriptEngine.java:194)
	at com.kms.katalon.core.main.ScriptEngine.runScriptAsRawText(ScriptEngine.java:119)
	at com.kms.katalon.core.main.TestCaseExecutor.runScript(TestCaseExecutor.java:448)
	at com.kms.katalon.core.main.TestCaseExecutor.doExecute(TestCaseExecutor.java:439)
	at com.kms.katalon.core.main.TestCaseExecutor.processExecutionPhase(TestCaseExecutor.java:418)
	at com.kms.katalon.core.main.TestCaseExecutor.accessMainPhase(TestCaseExecutor.java:410)
	at com.kms.katalon.core.main.TestCaseExecutor.execute(TestCaseExecutor.java:285)
	at com.kms.katalon.core.common.CommonExecutor.accessTestCaseMainPhase(CommonExecutor.java:65)
	at com.kms.katalon.core.main.TestSuiteExecutor.accessTestSuiteMainPhase(TestSuiteExecutor.java:150)
	at com.kms.katalon.core.main.TestSuiteExecutor.execute(TestSuiteExecutor.java:106)
	at com.kms.katalon.core.main.TestCaseMain.startTestSuite(TestCaseMain.java:180)
	at TempTestSuite1729731001385.run(TempTestSuite1729731001385.groovy:35)
	at java.base/jdk.internal.reflect.NativeMethodAccessorImpl.invoke0(Native Method)
	at java.base/jdk.internal.reflect.NativeMethodAccessorImpl.invoke(NativeMethodAccessorImpl.java:77)
	at java.base/jdk.internal.reflect.DelegatingMethodAccessorImpl.invoke(DelegatingMethodAccessorImpl.java:43)
Caused by: java.io.FileNotFoundException: KatalonData\IWPTestData\VRelay25Payments.xlsx (The process cannot access the file because it is being used by another process)
	at pages.WriteExcel.demoKey(WriteExcel.groovy:93)
	at jdk.internal.reflect.GeneratedMethodAccessor43.invoke(Unknown Source)
	at java.base/jdk.internal.reflect.DelegatingMethodAccessorImpl.invoke(DelegatingMethodAccessorImpl.java:43)
	... 17 more]]></system-err>
      </testcase>
      <testcase name="Test Cases/IntegratedWeb/IWP25/Payments/VerifyReceiptPageLabelsPC" time="118.135" classname="Test Cases/IntegratedWeb/IWP25/Payments/VerifyReceiptPageLabelsPC" status="ERROR">
         <error type="ERROR" message="Test Cases/IntegratedWeb/IWP25/Payments/VerifyReceiptPageLabelsPC FAILED.&#xa;Reason:&#xa;org.codehaus.groovy.runtime.InvokerInvocationException: java.io.FileNotFoundException: KatalonData\IWPTestData\VRelay25Payments.xlsx (The process cannot access the file because it is being used by another process)&#xa;	at com.kms.katalon.core.main.CustomKeywordDelegatingMetaClass.invokeStaticMethod(CustomKeywordDelegatingMetaClass.java:55)&#xa;	at VerifyReceiptPageLabelsPC.run(VerifyReceiptPageLabelsPC:362)&#xa;	at com.kms.katalon.core.main.ScriptEngine.run(ScriptEngine.java:194)&#xa;	at com.kms.katalon.core.main.ScriptEngine.runScriptAsRawText(ScriptEngine.java:119)&#xa;	at com.kms.katalon.core.main.TestCaseExecutor.runScript(TestCaseExecutor.java:448)&#xa;	at com.kms.katalon.core.main.TestCaseExecutor.doExecute(TestCaseExecutor.java:439)&#xa;	at com.kms.katalon.core.main.TestCaseExecutor.processExecutionPhase(TestCaseExecutor.java:418)&#xa;	at com.kms.katalon.core.main.TestCaseExecutor.accessMainPhase(TestCaseExecutor.java:410)&#xa;	at com.kms.katalon.core.main.TestCaseExecutor.execute(TestCaseExecutor.java:285)&#xa;	at com.kms.katalon.core.common.CommonExecutor.accessTestCaseMainPhase(CommonExecutor.java:65)&#xa;	at com.kms.katalon.core.main.TestSuiteExecutor.accessTestSuiteMainPhase(TestSuiteExecutor.java:150)&#xa;	at com.kms.katalon.core.main.TestSuiteExecutor.execute(TestSuiteExecutor.java:106)&#xa;	at com.kms.katalon.core.main.TestCaseMain.startTestSuite(TestCaseMain.java:180)&#xa;	at TempTestSuite1729731001385.run(TempTestSuite1729731001385.groovy:35)&#xa;	at java.base/jdk.internal.reflect.NativeMethodAccessorImpl.invoke0(Native Method)&#xa;	at java.base/jdk.internal.reflect.NativeMethodAccessorImpl.invoke(NativeMethodAccessorImpl.java:77)&#xa;	at java.base/jdk.internal.reflect.DelegatingMethodAccessorImpl.invoke(DelegatingMethodAccessorImpl.java:43)&#xa;Caused by: java.io.FileNotFoundException: KatalonData\IWPTestData\VRelay25Payments.xlsx (The process cannot access the file because it is being used by another process)&#xa;	at pages.WriteExcel.demoKey(WriteExcel.groovy:93)&#xa;	at jdk.internal.reflect.GeneratedMethodAccessor43.invoke(Unknown Source)&#xa;	at java.base/jdk.internal.reflect.DelegatingMethodAccessorImpl.invoke(DelegatingMethodAccessorImpl.java:43)&#xa;	... 17 more&#xa;"/>
         <system-out><![CDATA[24-10-2024T07:58:16 - [TEST_CASE][ERROR] - Test Cases/IntegratedWeb/IWP25/Payments/VerifyReceiptPageLabelsPC: Test Cases/IntegratedWeb/IWP25/Payments/VerifyReceiptPageLabelsPC FAILED.
Reason:
org.codehaus.groovy.runtime.InvokerInvocationException: java.io.FileNotFoundException: KatalonData\IWPTestData\VRelay25Payments.xlsx (The process cannot access the file because it is being used by another process)
	at com.kms.katalon.core.main.CustomKeywordDelegatingMetaClass.invokeStaticMethod(CustomKeywordDelegatingMetaClass.java:55)
	at VerifyReceiptPageLabelsPC.run(VerifyReceiptPageLabelsPC:362)
	at com.kms.katalon.core.main.ScriptEngine.run(ScriptEngine.java:194)
	at com.kms.katalon.core.main.ScriptEngine.runScriptAsRawText(ScriptEngine.java:119)
	at com.kms.katalon.core.main.TestCaseExecutor.runScript(TestCaseExecutor.java:448)
	at com.kms.katalon.core.main.TestCaseExecutor.doExecute(TestCaseExecutor.java:439)
	at com.kms.katalon.core.main.TestCaseExecutor.processExecutionPhase(TestCaseExecutor.java:418)
	at com.kms.katalon.core.main.TestCaseExecutor.accessMainPhase(TestCaseExecutor.java:410)
	at com.kms.katalon.core.main.TestCaseExecutor.execute(TestCaseExecutor.java:285)
	at com.kms.katalon.core.common.CommonExecutor.accessTestCaseMainPhase(CommonExecutor.java:65)
	at com.kms.katalon.core.main.TestSuiteExecutor.accessTestSuiteMainPhase(TestSuiteExecutor.java:150)
	at com.kms.katalon.core.main.TestSuiteExecutor.execute(TestSuiteExecutor.java:106)
	at com.kms.katalon.core.main.TestCaseMain.startTestSuite(TestCaseMain.java:180)
	at TempTestSuite1729731001385.run(TempTestSuite1729731001385.groovy:35)
	at java.base/jdk.internal.reflect.NativeMethodAccessorImpl.invoke0(Native Method)
	at java.base/jdk.internal.reflect.NativeMethodAccessorImpl.invoke(NativeMethodAccessorImpl.java:77)
	at java.base/jdk.internal.reflect.DelegatingMethodAccessorImpl.invoke(DelegatingMethodAccessorImpl.java:43)
Caused by: java.io.FileNotFoundException: KatalonData\IWPTestData\VRelay25Payments.xlsx (The process cannot access the file because it is being used by another process)
	at pages.WriteExcel.demoKey(WriteExcel.groovy:93)
	at jdk.internal.reflect.GeneratedMethodAccessor43.invoke(Unknown Source)
	at java.base/jdk.internal.reflect.DelegatingMethodAccessorImpl.invoke(DelegatingMethodAccessorImpl.java:43)
	... 17 more


24-10-2024T07:58:16 - [TEST_STEP][PASSED] - resText = "Fail": null

24-10-2024T07:58:16 - [TEST_STEP][PASSED] - resColumn = "Result": null

24-10-2024T07:58:16 - [TEST_STEP][PASSED] - datCloumn = "Date": null

24-10-2024T07:58:16 - [TEST_STEP][PASSED] - fileLoc = "KatalonData/IWPTestData/VRelay25Payments.xlsx": null

24-10-2024T07:58:16 - [TEST_STEP][PASSED] - numOfRows = <not implemented yet for class: org.codehaus.groovy.ast.expr.EmptyExpression>: null

24-10-2024T07:58:16 - [TEST_STEP][PASSED] - dataFile = <not implemented yet for class: org.codehaus.groovy.ast.expr.EmptyExpression>: null

24-10-2024T07:58:16 - [TEST_STEP][PASSED] - nameSheet = <not implemented yet for class: org.codehaus.groovy.ast.expr.EmptyExpression>: null

24-10-2024T07:58:16 - [TEST_STEP][PASSED] - dataFileEmulator = <not implemented yet for class: org.codehaus.groovy.ast.expr.EmptyExpression>: null

24-10-2024T07:58:16 - [TEST_STEP][PASSED] - isRequiredTextPresent = false: null

24-10-2024T07:58:16 - [TEST_STEP][PASSED] - nameSheet = "VerifyReceiptPageLabelsPC": null

24-10-2024T07:58:16 - [TEST_STEP][PASSED] - dataFile = "IWPTestData/IWP25VerifyReceiptPageLabelsPC": null

24-10-2024T07:58:16 - [TEST_STEP][PASSED] - dataFileEmulator = "IWPTestData/EmulatorData": null

24-10-2024T07:58:16 - [TEST_STEP][PASSED] - numOfRows = findTestData(dataFile).getRowNumbers(): null

24-10-2024T07:58:17 - [TEST_STEP][PASSED] - println("Number of Records: " + numOfRows): null

24-10-2024T07:58:17 - [TEST_STEP][ERROR] - for ([row = 1, row <= numOfRows, (row++)]): Test Cases/IntegratedWeb/IWP25/Payments/VerifyReceiptPageLabelsPC FAILED.
Reason:
com.kms.katalon.core.exception.StepErrorException: org.codehaus.groovy.runtime.InvokerInvocationException: java.io.FileNotFoundException: KatalonData\IWPTestData\VRelay25Payments.xlsx (The process cannot access the file because it is being used by another process)
	at com.kms.katalon.core.main.CustomKeywordDelegatingMetaClass.throwError(CustomKeywordDelegatingMetaClass.java:101)
	at com.kms.katalon.core.main.CustomKeywordDelegatingMetaClass.invokeStaticMethod(CustomKeywordDelegatingMetaClass.java:73)
	at VerifyReceiptPageLabelsPC.run(VerifyReceiptPageLabelsPC:362)
	at com.kms.katalon.core.main.ScriptEngine.run(ScriptEngine.java:194)
	at com.kms.katalon.core.main.ScriptEngine.runScriptAsRawText(ScriptEngine.java:119)
	at com.kms.katalon.core.main.TestCaseExecutor.runScript(TestCaseExecutor.java:448)
	at com.kms.katalon.core.main.TestCaseExecutor.doExecute(TestCaseExecutor.java:439)
	at com.kms.katalon.core.main.TestCaseExecutor.processExecutionPhase(TestCaseExecutor.java:418)
	at com.kms.katalon.core.main.TestCaseExecutor.accessMainPhase(TestCaseExecutor.java:410)
	at com.kms.katalon.core.main.TestCaseExecutor.execute(TestCaseExecutor.java:285)
	at com.kms.katalon.core.common.CommonExecutor.accessTestCaseMainPhase(CommonExecutor.java:65)
	at com.kms.katalon.core.main.TestSuiteExecutor.accessTestSuiteMainPhase(TestSuiteExecutor.java:150)
	at com.kms.katalon.core.main.TestSuiteExecutor.execute(TestSuiteExecutor.java:106)
	at com.kms.katalon.core.main.TestCaseMain.startTestSuite(TestCaseMain.java:180)
	at TempTestSuite1729731001385.run(TempTestSuite1729731001385.groovy:35)
	at java.base/jdk.internal.reflect.NativeMethodAccessorImpl.invoke0(Native Method)
	at java.base/jdk.internal.reflect.NativeMethodAccessorImpl.invoke(NativeMethodAccessorImpl.java:77)
	at java.base/jdk.internal.reflect.DelegatingMethodAccessorImpl.invoke(DelegatingMethodAccessorImpl.java:43)
Caused by: org.codehaus.groovy.runtime.InvokerInvocationException: java.io.FileNotFoundException: KatalonData\IWPTestData\VRelay25Payments.xlsx (The process cannot access the file because it is being used by another process)
	at com.kms.katalon.core.main.CustomKeywordDelegatingMetaClass.invokeStaticMethod(CustomKeywordDelegatingMetaClass.java:55)
	at Script1724949063784.run(Script1724949063784.groovy:362)
	... 15 more
Caused by: java.io.FileNotFoundException: KatalonData\IWPTestData\VRelay25Payments.xlsx (The process cannot access the file because it is being used by another process)
	at pages.WriteExcel.demoKey(WriteExcel.groovy:93)
	at jdk.internal.reflect.GeneratedMethodAccessor43.invoke(Unknown Source)
	at java.base/jdk.internal.reflect.DelegatingMethodAccessorImpl.invoke(DelegatingMethodAccessorImpl.java:43)
	at com.kms.katalon.core.main.CustomKeywordDelegatingMetaClass.invokeStaticMethod(CustomKeywordDelegatingMetaClass.java:55)
	at VerifyReceiptPageLabelsPC.run(VerifyReceiptPageLabelsPC:362)
	... 15 more


24-10-2024T07:58:17 - [TEST_STEP][PASSED] - ExecuteTC = findTestData(dataFile).getValue("Execute", row): null

24-10-2024T07:58:17 - [TEST_STEP][PASSED] - out.println("Value of Execute is : " + ExecuteTC): null

24-10-2024T07:58:17 - [TEST_STEP][ERROR] - if (ExecuteTC.equalsIgnoreCase("Y")): Test Cases/IntegratedWeb/IWP25/Payments/VerifyReceiptPageLabelsPC FAILED.
Reason:
com.kms.katalon.core.exception.StepErrorException: org.codehaus.groovy.runtime.InvokerInvocationException: java.io.FileNotFoundException: KatalonData\IWPTestData\VRelay25Payments.xlsx (The process cannot access the file because it is being used by another process)
	at com.kms.katalon.core.main.CustomKeywordDelegatingMetaClass.throwError(CustomKeywordDelegatingMetaClass.java:101)
	at com.kms.katalon.core.main.CustomKeywordDelegatingMetaClass.invokeStaticMethod(CustomKeywordDelegatingMetaClass.java:73)
	at VerifyReceiptPageLabelsPC.run(VerifyReceiptPageLabelsPC:362)
	at com.kms.katalon.core.main.ScriptEngine.run(ScriptEngine.java:194)
	at com.kms.katalon.core.main.ScriptEngine.runScriptAsRawText(ScriptEngine.java:119)
	at com.kms.katalon.core.main.TestCaseExecutor.runScript(TestCaseExecutor.java:448)
	at com.kms.katalon.core.main.TestCaseExecutor.doExecute(TestCaseExecutor.java:439)
	at com.kms.katalon.core.main.TestCaseExecutor.processExecutionPhase(TestCaseExecutor.java:418)
	at com.kms.katalon.core.main.TestCaseExecutor.accessMainPhase(TestCaseExecutor.java:410)
	at com.kms.katalon.core.main.TestCaseExecutor.execute(TestCaseExecutor.java:285)
	at com.kms.katalon.core.common.CommonExecutor.accessTestCaseMainPhase(CommonExecutor.java:65)
	at com.kms.katalon.core.main.TestSuiteExecutor.accessTestSuiteMainPhase(TestSuiteExecutor.java:150)
	at com.kms.katalon.core.main.TestSuiteExecutor.execute(TestSuiteExecutor.java:106)
	at com.kms.katalon.core.main.TestCaseMain.startTestSuite(TestCaseMain.java:180)
	at TempTestSuite1729731001385.run(TempTestSuite1729731001385.groovy:35)
	at java.base/jdk.internal.reflect.NativeMethodAccessorImpl.invoke0(Native Method)
	at java.base/jdk.internal.reflect.NativeMethodAccessorImpl.invoke(NativeMethodAccessorImpl.java:77)
	at java.base/jdk.internal.reflect.DelegatingMethodAccessorImpl.invoke(DelegatingMethodAccessorImpl.java:43)
Caused by: org.codehaus.groovy.runtime.InvokerInvocationException: java.io.FileNotFoundException: KatalonData\IWPTestData\VRelay25Payments.xlsx (The process cannot access the file because it is being used by another process)
	at com.kms.katalon.core.main.CustomKeywordDelegatingMetaClass.invokeStaticMethod(CustomKeywordDelegatingMetaClass.java:55)
	at Script1724949063784.run(Script1724949063784.groovy:362)
	... 15 more
Caused by: java.io.FileNotFoundException: KatalonData\IWPTestData\VRelay25Payments.xlsx (The process cannot access the file because it is being used by another process)
	at pages.WriteExcel.demoKey(WriteExcel.groovy:93)
	at jdk.internal.reflect.GeneratedMethodAccessor43.invoke(Unknown Source)
	at java.base/jdk.internal.reflect.DelegatingMethodAccessorImpl.invoke(DelegatingMethodAccessorImpl.java:43)
	at com.kms.katalon.core.main.CustomKeywordDelegatingMetaClass.invokeStaticMethod(CustomKeywordDelegatingMetaClass.java:55)
	at VerifyReceiptPageLabelsPC.run(VerifyReceiptPageLabelsPC:362)
	... 15 more


24-10-2024T07:58:17 - [TEST_STEP][PASSED] - out.println("Begin Record Number: " + row): null

24-10-2024T07:58:17 - [TEST_STEP][PASSED] - today = new java.util.Date(): null

24-10-2024T07:58:17 - [TEST_STEP][PASSED] - println(today): null

24-10-2024T07:58:17 - [TEST_STEP][PASSED] - datText = today: null

24-10-2024T07:58:17 - [TEST_STEP][PASSED] - EmulatorDataKey = findTestData(dataFile).getValue("EmulatorData", row): null

24-10-2024T07:58:17 - [TEST_STEP][PASSED] - out.println("Value of Emulator Key is : " + EmulatorDataKey): null

24-10-2024T07:58:17 - [TEST_STEP][PASSED] - iwpPages.emulatorIWP30.setDataEmulator_DD(EmulatorDataKey): iwpPages.emulatorIWP30.setDataEmulator_DD is PASSED

24-10-2024T07:58:17 - [MESSAGE][WARNING] - A browser is already opened. Closing browser and opening a new one

24-10-2024T07:58:17 - [MESSAGE][INFO] - Starting 'Edge Chromium' driver

24-10-2024T07:58:17 - [MESSAGE][INFO] - User set preference: ['acceptInsecureCerts', 'true']

24-10-2024T07:58:19 - [MESSAGE][INFO] - Action delay is set to 0 milliseconds

24-10-2024T07:58:23 - [MESSAGE][PASSED] - Browser is opened with url: 'https://qa2.velocitypayment.com/agencyx/config.action?action=editor&message_version=2_5'

24-10-2024T07:58:24 - [MESSAGE][PASSED] - Current window maximized

24-10-2024T07:58:55 - [MESSAGE][INFO] - Unable to find the element located by 'By.xpath: //select[@name='message_version']'. Please recheck the objects properties to make sure the desired element is located. 

24-10-2024T07:58:55 - [MESSAGE][WARNING] - [SELF-HEALING] Failed to find element with id 'Object Repository/IWP30/Page_VRelay30Emulator/MV'. Try using Self-healing.

24-10-2024T07:58:55 - [MESSAGE][WARNING] - [SELF-HEALING] The current locator of test object 'Object Repository/IWP30/Page_VRelay30Emulator/MV' was broken. Propose an alternative one: '(.//*[normalize-space(text()) and normalize-space(.)='Message Version'])[1]/following::select[1]'.

24-10-2024T07:58:55 - [MESSAGE][PASSED] - All options with value '2.5' are selected in object 'Object Repository/IWP30/Page_VRelay30Emulator/MV'  using regular expression

24-10-2024T07:58:56 - [MESSAGE][PASSED] - Text '10.50' is set on object 'Object Repository/IWP30/Page_EmulatorAgencyX/Amount'

24-10-2024T07:58:57 - [MESSAGE][PASSED] - Text 'lLBwi0hiRgrG' is set on object 'Object Repository/IWP30/Page_EmulatorAgencyX/CAN'

24-10-2024T07:58:57 - [MESSAGE][PASSED] - Text 'PayNow' is set on object 'Object Repository/IWP30/Page_EmulatorAgencyX/Action'

24-10-2024T07:58:58 - [MESSAGE][PASSED] - Text 'en_US' is set on object 'Object Repository/IWP30/Page_EmulatorAgencyX/Lang'

24-10-2024T07:58:58 - [MESSAGE][PASSED] - Text '' is set on object 'Object Repository/IWP30/Page_EmulatorAgencyX/Fname'

24-10-2024T07:58:59 - [MESSAGE][PASSED] - Text '' is set on object 'Object Repository/IWP30/Page_EmulatorAgencyX/Lname'

24-10-2024T07:59:00 - [MESSAGE][PASSED] - Text '' is set on object 'Object Repository/IWP30/Page_EmulatorAgencyX/AL1'

24-10-2024T07:59:00 - [MESSAGE][PASSED] - Text '' is set on object 'Object Repository/IWP30/Page_EmulatorAgencyX/AL2'

24-10-2024T07:59:01 - [MESSAGE][PASSED] - Text '' is set on object 'Object Repository/IWP30/Page_EmulatorAgencyX/Country'

24-10-2024T07:59:01 - [MESSAGE][PASSED] - Text '' is set on object 'Object Repository/IWP30/Page_EmulatorAgencyX/City'

24-10-2024T07:59:02 - [MESSAGE][PASSED] - Text '' is set on object 'Object Repository/IWP30/Page_EmulatorAgencyX/State'

24-10-2024T07:59:02 - [MESSAGE][PASSED] - Text '' is set on object 'Object Repository/IWP30/Page_EmulatorAgencyX/ZIP'

24-10-2024T07:59:03 - [MESSAGE][PASSED] - Text '' is set on object 'Object Repository/IWP30/Page_EmulatorAgencyX/Order'

24-10-2024T07:59:04 - [MESSAGE][PASSED] - Text '' is set on object 'Object Repository/IWP30/Page_EmulatorAgencyX/Company'

24-10-2024T07:59:04 - [MESSAGE][PASSED] - Text '' is set on object 'Object Repository/IWP30/Page_EmulatorAgencyX/Email'

24-10-2024T07:59:05 - [MESSAGE][PASSED] - Text '' is set on object 'Object Repository/IWP30/Page_EmulatorAgencyX/UDF1'

24-10-2024T07:59:05 - [MESSAGE][PASSED] - Text '' is set on object 'Object Repository/IWP30/Page_EmulatorAgencyX/UDF2'

24-10-2024T07:59:06 - [MESSAGE][PASSED] - Text '' is set on object 'Object Repository/IWP30/Page_EmulatorAgencyX/UDF3'

24-10-2024T07:59:06 - [MESSAGE][PASSED] - Text 'udf data 4' is set on object 'Object Repository/IWP30/Page_EmulatorAgencyX/UDF4'

24-10-2024T07:59:07 - [MESSAGE][PASSED] - Text 'udf data 5' is set on object 'Object Repository/IWP30/Page_EmulatorAgencyX/UDF5'

24-10-2024T07:59:08 - [MESSAGE][PASSED] - Text '' is set on object 'Object Repository/IWP30/Page_EmulatorAgencyX/UDF6'

24-10-2024T07:59:08 - [MESSAGE][PASSED] - Text '' is set on object 'Object Repository/IWP30/Page_EmulatorAgencyX/UDF7'

24-10-2024T07:59:09 - [MESSAGE][PASSED] - Text '' is set on object 'Object Repository/IWP30/Page_EmulatorAgencyX/UDF8'

24-10-2024T07:59:09 - [MESSAGE][PASSED] - Text 'udf data 9' is set on object 'Object Repository/IWP30/Page_EmulatorAgencyX/UDF9'

24-10-2024T07:59:10 - [MESSAGE][PASSED] - Text 'udf data 10' is set on object 'Object Repository/IWP30/Page_EmulatorAgencyX/UDF10'

24-10-2024T07:59:11 - [MESSAGE][PASSED] - Object: 'Object Repository/IWP30/Page_EmulatorAgencyX/Submit' is clicked on

24-10-2024T07:59:16 - [MESSAGE][PASSED] - Browser is closed

24-10-2024T07:59:20 - [MESSAGE][PASSED] - iwpPages.emulatorIWP30.setDataEmulator_DD is PASSED

24-10-2024T07:59:20 - [TEST_STEP][PASSED] - testHarnessURL = urlTestHarness: null

24-10-2024T07:59:20 - [TEST_STEP][PASSED] - openBrowser(testHarnessURL): Browser is opened with url: 'https://dev-algorithm.govolution.com/vrelaytest/QA2/version_2_2/vrelaytest.html'

24-10-2024T07:59:20 - [MESSAGE][INFO] - Starting 'Edge Chromium' driver

24-10-2024T07:59:20 - [MESSAGE][INFO] - User set preference: ['acceptInsecureCerts', 'true']

24-10-2024T07:59:22 - [MESSAGE][INFO] - Action delay is set to 0 milliseconds

24-10-2024T07:59:25 - [MESSAGE][PASSED] - Browser is opened with url: 'https://dev-algorithm.govolution.com/vrelaytest/QA2/version_2_2/vrelaytest.html'

24-10-2024T07:59:25 - [TEST_STEP][PASSED] - maximizeWindow(): Current window maximized

24-10-2024T07:59:25 - [MESSAGE][PASSED] - Current window maximized

24-10-2024T07:59:25 - [TEST_STEP][PASSED] - iwpPages.TestHarnessPage.setDataMethod(row, dataFile): iwpPages.TestHarnessPage.setDataMethod is PASSED

24-10-2024T07:59:26 - [MESSAGE][PASSED] - Object 'Object Repository/IWP30/Page_QATestHarness/RemittanceID' is present

24-10-2024T07:59:26 - [MESSAGE][PASSED] - Text '638' is set on object 'Object Repository/IWP30/Page_QATestHarness/ApplicationID'

24-10-2024T07:59:27 - [MESSAGE][PASSED] - Text '2.5' is set on object 'Object Repository/IWP30/Page_QATestHarness/MessageVersion'

24-10-2024T07:59:28 - [MESSAGE][PASSED] - Text 'oXQiZjM5yk2Q' is set on object 'Object Repository/IWP30/Page_QATestHarness/RemittanceID'

24-10-2024T07:59:31 - [MESSAGE][PASSED] - Object: 'Object Repository/IWP30/Page_QATestHarness/SubmitButton' is clicked on

24-10-2024T07:59:31 - [MESSAGE][PASSED] - iwpPages.TestHarnessPage.setDataMethod is PASSED

24-10-2024T07:59:31 - [TEST_STEP][PASSED] - click(findTestObject("Object Repository/IWP30/Page_SelectPaymentMethod/PayByPersonalCheck")): Object: 'Object Repository/IWP30/Page_SelectPaymentMethod/PayByPersonalCheck' is clicked on

24-10-2024T07:59:32 - [MESSAGE][PASSED] - Object: 'Object Repository/IWP30/Page_SelectPaymentMethod/PayByPersonalCheck' is clicked on

24-10-2024T07:59:32 - [TEST_STEP][PASSED] - click(findTestObject("Object Repository/IWP30/Page_SelectPaymentMethod/MakePaymentButton")): Object: 'Object Repository/IWP30/Page_SelectPaymentMethod/MakePaymentButton' is clicked on

24-10-2024T07:59:34 - [MESSAGE][PASSED] - Object: 'Object Repository/IWP30/Page_SelectPaymentMethod/MakePaymentButton' is clicked on

24-10-2024T07:59:34 - [TEST_STEP][PASSED] - iwpPages.achPersonalPaymentEntryPage.setDataACHPPM(row, dataFile): iwpPages.achPersonalPaymentEntryPage.setDataACHPPM is PASSED

24-10-2024T07:59:35 - [MESSAGE][PASSED] - Object 'Object Repository/IWP30/Page_ACHPersonalPaymentEntry/txt_accountNumber' is present

24-10-2024T07:59:36 - [MESSAGE][PASSED] - Text '10.50' is set on object 'Object Repository/IWP30/Page_ACHPersonalPaymentEntry/txt_Amount'

24-10-2024T07:59:36 - [MESSAGE][PASSED] - Object 'Object Repository/IWP30/Page_ACHPersonalPaymentEntry/txt_UDF2' is present

24-10-2024T07:59:37 - [MESSAGE][PASSED] - Text 'udf data 2' is set on object 'Object Repository/IWP30/Page_ACHPersonalPaymentEntry/txt_UDF2'

24-10-2024T07:59:37 - [MESSAGE][PASSED] - Text 'udf data 3' is set on object 'Object Repository/IWP30/Page_ACHPersonalPaymentEntry/txt_UDF3'

24-10-2024T07:59:38 - [MESSAGE][PASSED] - All options with label 'Orange' are selected in object 'Object Repository/IWP30/Page_ACHPersonalPaymentEntry/dd_UDF7' 

24-10-2024T07:59:38 - [MESSAGE][PASSED] - All options with label 'Soccer' are selected in object 'Object Repository/IWP30/Page_ACHPersonalPaymentEntry/dd_UDF8' 

24-10-2024T07:59:39 - [MESSAGE][PASSED] - Object 'Object Repository/IWP30/Page_ACHPersonalPaymentEntry/txt_Firstname' is present

24-10-2024T07:59:39 - [MESSAGE][PASSED] - Text 'Curlonty' is set on object 'Object Repository/IWP30/Page_ACHPersonalPaymentEntry/txt_Firstname'

24-10-2024T07:59:39 - [MESSAGE][PASSED] - Object 'Object Repository/IWP30/Page_ACHPersonalPaymentEntry/txt_Lastname' is present

24-10-2024T07:59:40 - [MESSAGE][PASSED] - Text 'Lachuga' is set on object 'Object Repository/IWP30/Page_ACHPersonalPaymentEntry/txt_Lastname'

24-10-2024T07:59:40 - [MESSAGE][PASSED] - Object 'Object Repository/IWP30/Page_ACHPersonalPaymentEntry/txt_routingNumber' is present

24-10-2024T07:59:41 - [MESSAGE][PASSED] - Text '256072691' is set on object 'Object Repository/IWP30/Page_ACHPersonalPaymentEntry/txt_routingNumber'

24-10-2024T07:59:41 - [MESSAGE][PASSED] - Object 'Object Repository/IWP30/Page_ACHPersonalPaymentEntry/txt_accountNumber' is present

24-10-2024T07:59:43 - [MESSAGE][PASSED] - Text '12342222' is set on object 'Object Repository/IWP30/Page_ACHPersonalPaymentEntry/txt_accountNumber'

24-10-2024T07:59:43 - [MESSAGE][PASSED] - Object 'Object Repository/IWP30/Page_ACHPersonalPaymentEntry/txt_confirmAccountNumber' is present

24-10-2024T07:59:44 - [MESSAGE][PASSED] - Text '12342222' is set on object 'Object Repository/IWP30/Page_ACHPersonalPaymentEntry/txt_confirmAccountNumber'

24-10-2024T07:59:44 - [MESSAGE][PASSED] - Object 'Object Repository/IWP30/Page_ACHPersonalPaymentEntry/rd_accountType' is present

24-10-2024T07:59:44 - [MESSAGE][PASSED] - Modify property of object successfully

24-10-2024T07:59:44 - [MESSAGE][PASSED] - Object: 'Object Repository/IWP30/Page_ACHPersonalPaymentEntry/rd_accountType' is clicked on

24-10-2024T07:59:45 - [MESSAGE][PASSED] - Text '365 Main Avenue' is set on object 'Object Repository/IWP30/Page_ACHPersonalPaymentEntry/txt_AL1'

24-10-2024T07:59:46 - [MESSAGE][PASSED] - Text '22201' is set on object 'Object Repository/IWP30/Page_ACHPersonalPaymentEntry/txt_ZIP'

24-10-2024T07:59:46 - [MESSAGE][PASSED] - Object 'Object Repository/IWP30/Page_ACHPersonalPaymentEntry/txt_Email' is present

24-10-2024T07:59:47 - [MESSAGE][PASSED] - Text 'iahmed@govolution.com' is set on object 'Object Repository/IWP30/Page_ACHPersonalPaymentEntry/txt_Email'

24-10-2024T07:59:47 - [MESSAGE][PASSED] - Object 'Object Repository/IWP30/Page_ACHPersonalPaymentEntry/cb_TermsAndCond' is present

24-10-2024T07:59:47 - [MESSAGE][PASSED] - Object: 'Object Repository/IWP30/Page_ACHPersonalPaymentEntry/cb_TermsAndCond' is clicked on

24-10-2024T07:59:48 - [MESSAGE][PASSED] - Object 'Object Repository/IWP30/Page_ACHPersonalPaymentEntry/btn_Continue' is present

24-10-2024T07:59:49 - [MESSAGE][PASSED] - Object: 'Object Repository/IWP30/Page_ACHPersonalPaymentEntry/btn_Continue' is clicked on

24-10-2024T07:59:49 - [MESSAGE][PASSED] - iwpPages.achPersonalPaymentEntryPage.setDataACHPPM is PASSED

24-10-2024T07:59:49 - [TEST_STEP][PASSED] - click(findTestObject("Object Repository/IWP30/Page_Confirmation/ConfirmButton")): Object: 'Object Repository/IWP30/Page_Confirmation/ConfirmButton' is clicked on

24-10-2024T07:59:51 - [MESSAGE][PASSED] - Object: 'Object Repository/IWP30/Page_Confirmation/ConfirmButton' is clicked on

24-10-2024T07:59:51 - [TEST_STEP][PASSED] - Thread.sleep(15000): null

24-10-2024T08:00:06 - [TEST_STEP][PASSED] - if (verifyTextPresent("Make a Real Estate Payment", false)): null

24-10-2024T08:00:07 - [MESSAGE][PASSED] - Text 'Make a Real Estate Payment' is present on page 

24-10-2024T08:00:07 - [TEST_STEP][PASSED] - isRequiredTextPresent = true: null

24-10-2024T08:00:07 - [TEST_STEP][PASSED] - println(isRequiredTextPresent): null

24-10-2024T08:00:07 - [TEST_STEP][PASSED] - if (isRequiredTextPresent): null

24-10-2024T08:00:07 - [TEST_STEP][PASSED] - if (verifyTextPresent("Successful Payment Receipt", false)): null

24-10-2024T08:00:07 - [MESSAGE][PASSED] - Text 'Successful Payment Receipt' is present on page 

24-10-2024T08:00:07 - [TEST_STEP][PASSED] - isRequiredTextPresent = true: null

24-10-2024T08:00:07 - [TEST_STEP][PASSED] - println(isRequiredTextPresent): null

24-10-2024T08:00:07 - [TEST_STEP][PASSED] - if (isRequiredTextPresent): null

24-10-2024T08:00:07 - [TEST_STEP][PASSED] - if (verifyTextPresent("Please print this receipt for your records", false)): null

24-10-2024T08:00:07 - [MESSAGE][PASSED] - Text 'Please print this receipt for your records' is present on page 

24-10-2024T08:00:07 - [TEST_STEP][PASSED] - isRequiredTextPresent = true: null

24-10-2024T08:00:07 - [TEST_STEP][PASSED] - if (isRequiredTextPresent): null

24-10-2024T08:00:07 - [TEST_STEP][PASSED] - if (verifyTextPresent("Remittance ID:", false)): null

24-10-2024T08:00:07 - [MESSAGE][PASSED] - Text 'Remittance ID:' is present on page 

24-10-2024T08:00:07 - [TEST_STEP][PASSED] - isRequiredTextPresent = true: null

24-10-2024T08:00:07 - [TEST_STEP][PASSED] - if (isRequiredTextPresent): null

24-10-2024T08:00:07 - [TEST_STEP][PASSED] - if (verifyTextPresent("Payment ID:", false)): null

24-10-2024T08:00:08 - [MESSAGE][PASSED] - Text 'Payment ID:' is present on page 

24-10-2024T08:00:08 - [TEST_STEP][PASSED] - isRequiredTextPresent = true: null

24-10-2024T08:00:08 - [TEST_STEP][PASSED] - if (isRequiredTextPresent): null

24-10-2024T08:00:08 - [TEST_STEP][PASSED] - if (verifyTextPresent("CAN Label:", false)): null

24-10-2024T08:00:08 - [MESSAGE][PASSED] - Text 'CAN Label:' is present on page 

24-10-2024T08:00:08 - [TEST_STEP][PASSED] - isRequiredTextPresent = true: null

24-10-2024T08:00:08 - [TEST_STEP][PASSED] - if (isRequiredTextPresent): null

24-10-2024T08:00:08 - [TEST_STEP][PASSED] - if (verifyTextPresent("Received:", false)): null

24-10-2024T08:00:08 - [MESSAGE][PASSED] - Text 'Received:' is present on page 

24-10-2024T08:00:08 - [TEST_STEP][PASSED] - isRequiredTextPresent = true: null

24-10-2024T08:00:08 - [TEST_STEP][PASSED] - if (isRequiredTextPresent): null

24-10-2024T08:00:08 - [TEST_STEP][PASSED] - if (verifyTextPresent("UDF1 Label:", false)): null

24-10-2024T08:00:09 - [MESSAGE][PASSED] - Text 'UDF1 Label:' is present on page 

24-10-2024T08:00:09 - [TEST_STEP][PASSED] - isRequiredTextPresent = true: null

24-10-2024T08:00:09 - [TEST_STEP][PASSED] - if (isRequiredTextPresent): null

24-10-2024T08:00:09 - [TEST_STEP][PASSED] - if (verifyTextPresent("UDF2 Label:", false)): null

24-10-2024T08:00:09 - [MESSAGE][PASSED] - Text 'UDF2 Label:' is present on page 

24-10-2024T08:00:09 - [TEST_STEP][PASSED] - isRequiredTextPresent = true: null

24-10-2024T08:00:09 - [TEST_STEP][PASSED] - if (isRequiredTextPresent): null

24-10-2024T08:00:09 - [TEST_STEP][PASSED] - if (verifyTextPresent("UDF3 Label:", false)): null

24-10-2024T08:00:09 - [MESSAGE][PASSED] - Text 'UDF3 Label:' is present on page 

24-10-2024T08:00:09 - [TEST_STEP][PASSED] - isRequiredTextPresent = true: null

24-10-2024T08:00:09 - [TEST_STEP][PASSED] - if (isRequiredTextPresent): null

24-10-2024T08:00:09 - [TEST_STEP][PASSED] - if (verifyTextPresent("UDF4 Label:", false)): null

24-10-2024T08:00:09 - [MESSAGE][PASSED] - Text 'UDF4 Label:' is present on page 

24-10-2024T08:00:09 - [TEST_STEP][PASSED] - isRequiredTextPresent = true: null

24-10-2024T08:00:09 - [TEST_STEP][PASSED] - if (isRequiredTextPresent): null

24-10-2024T08:00:09 - [TEST_STEP][PASSED] - if (verifyTextPresent("UDF6 Label:", false)): null

24-10-2024T08:00:10 - [MESSAGE][PASSED] - Text 'UDF6 Label:' is present on page 

24-10-2024T08:00:10 - [TEST_STEP][PASSED] - isRequiredTextPresent = true: null

24-10-2024T08:00:10 - [TEST_STEP][PASSED] - if (isRequiredTextPresent): null

24-10-2024T08:00:10 - [TEST_STEP][PASSED] - if (verifyTextPresent("UDF7 Label:", false)): null

24-10-2024T08:00:10 - [MESSAGE][PASSED] - Text 'UDF7 Label:' is present on page 

24-10-2024T08:00:10 - [TEST_STEP][PASSED] - isRequiredTextPresent = true: null

24-10-2024T08:00:10 - [TEST_STEP][PASSED] - if (isRequiredTextPresent): null

24-10-2024T08:00:10 - [TEST_STEP][PASSED] - if (verifyTextPresent("UDF8 Label:", false)): null

24-10-2024T08:00:10 - [MESSAGE][PASSED] - Text 'UDF8 Label:' is present on page 

24-10-2024T08:00:10 - [TEST_STEP][PASSED] - isRequiredTextPresent = true: null

24-10-2024T08:00:10 - [TEST_STEP][PASSED] - if (isRequiredTextPresent): null

24-10-2024T08:00:10 - [TEST_STEP][PASSED] - if (verifyTextPresent("UDF9 Label:", false)): null

24-10-2024T08:00:10 - [MESSAGE][PASSED] - Text 'UDF9 Label:' is present on page 

24-10-2024T08:00:10 - [TEST_STEP][PASSED] - isRequiredTextPresent = true: null

24-10-2024T08:00:10 - [TEST_STEP][PASSED] - if (isRequiredTextPresent): null

24-10-2024T08:00:10 - [TEST_STEP][PASSED] - if (verifyTextPresent("Tax Amount:", false)): null

24-10-2024T08:00:11 - [MESSAGE][PASSED] - Text 'Tax Amount:' is present on page 

24-10-2024T08:00:11 - [TEST_STEP][PASSED] - isRequiredTextPresent = true: null

24-10-2024T08:00:11 - [TEST_STEP][PASSED] - if (isRequiredTextPresent): null

24-10-2024T08:00:11 - [TEST_STEP][PASSED] - if (verifyTextPresent("Amount:", false)): null

24-10-2024T08:00:11 - [MESSAGE][PASSED] - Text 'Amount:' is present on page 

24-10-2024T08:00:11 - [TEST_STEP][PASSED] - isRequiredTextPresent = true: null

24-10-2024T08:00:11 - [TEST_STEP][PASSED] - if (isRequiredTextPresent): null

24-10-2024T08:00:11 - [TEST_STEP][PASSED] - if (verifyTextPresent("Transaction Type:", false)): null

24-10-2024T08:00:11 - [MESSAGE][PASSED] - Text 'Transaction Type:' is present on page 

24-10-2024T08:00:11 - [TEST_STEP][PASSED] - isRequiredTextPresent = true: null

24-10-2024T08:00:11 - [TEST_STEP][PASSED] - if (isRequiredTextPresent): null

24-10-2024T08:00:11 - [TEST_STEP][PASSED] - if (verifyTextPresent("Check Information:", false)): null

24-10-2024T08:00:11 - [MESSAGE][PASSED] - Text 'Check Information:' is present on page 

24-10-2024T08:00:11 - [TEST_STEP][PASSED] - isRequiredTextPresent = true: null

24-10-2024T08:00:11 - [TEST_STEP][PASSED] - if (isRequiredTextPresent): null

24-10-2024T08:00:11 - [TEST_STEP][PASSED] - if (verifyTextPresent("Name on Account:", false)): null

24-10-2024T08:00:12 - [MESSAGE][PASSED] - Text 'Name on Account:' is present on page 

24-10-2024T08:00:12 - [TEST_STEP][PASSED] - isRequiredTextPresent = true: null

24-10-2024T08:00:12 - [TEST_STEP][PASSED] - if (isRequiredTextPresent): null

24-10-2024T08:00:12 - [TEST_STEP][PASSED] - if (verifyTextPresent("Routing Number:", false)): null

24-10-2024T08:00:12 - [MESSAGE][PASSED] - Text 'Routing Number:' is present on page 

24-10-2024T08:00:12 - [TEST_STEP][PASSED] - isRequiredTextPresent = true: null

24-10-2024T08:00:12 - [TEST_STEP][PASSED] - if (isRequiredTextPresent): null

24-10-2024T08:00:12 - [TEST_STEP][PASSED] - if (verifyTextPresent("Account Number:", false)): null

24-10-2024T08:00:12 - [MESSAGE][PASSED] - Text 'Account Number:' is present on page 

24-10-2024T08:00:12 - [TEST_STEP][PASSED] - isRequiredTextPresent = true: null

24-10-2024T08:00:12 - [TEST_STEP][PASSED] - if (isRequiredTextPresent): null

24-10-2024T08:00:12 - [TEST_STEP][PASSED] - if (verifyTextPresent("Account Type:", false)): null

24-10-2024T08:00:12 - [MESSAGE][PASSED] - Text 'Account Type:' is present on page 

24-10-2024T08:00:12 - [TEST_STEP][PASSED] - isRequiredTextPresent = true: null

24-10-2024T08:00:12 - [TEST_STEP][PASSED] - if (isRequiredTextPresent): null

24-10-2024T08:00:12 - [TEST_STEP][PASSED] - if (verifyTextPresent("Billing Information:", false)): null

24-10-2024T08:00:13 - [MESSAGE][PASSED] - Text 'Billing Information:' is present on page 

24-10-2024T08:00:13 - [TEST_STEP][PASSED] - isRequiredTextPresent = true: null

24-10-2024T08:00:13 - [TEST_STEP][PASSED] - if (isRequiredTextPresent): null

24-10-2024T08:00:13 - [TEST_STEP][PASSED] - if (verifyTextPresent("Address Line 1:", false)): null

24-10-2024T08:00:13 - [MESSAGE][PASSED] - Text 'Address Line 1:' is present on page 

24-10-2024T08:00:13 - [TEST_STEP][PASSED] - isRequiredTextPresent = true: null

24-10-2024T08:00:13 - [TEST_STEP][PASSED] - if (isRequiredTextPresent): null

24-10-2024T08:00:13 - [TEST_STEP][PASSED] - if (verifyTextPresent("Country:", false)): null

24-10-2024T08:00:13 - [MESSAGE][PASSED] - Text 'Country:' is present on page 

24-10-2024T08:00:13 - [TEST_STEP][PASSED] - isRequiredTextPresent = true: null

24-10-2024T08:00:13 - [TEST_STEP][PASSED] - if (isRequiredTextPresent): null

24-10-2024T08:00:13 - [TEST_STEP][PASSED] - if (verifyTextPresent("City:", false)): null

24-10-2024T08:00:14 - [MESSAGE][PASSED] - Text 'City:' is present on page 

24-10-2024T08:00:14 - [TEST_STEP][PASSED] - isRequiredTextPresent = true: null

24-10-2024T08:00:14 - [TEST_STEP][PASSED] - if (isRequiredTextPresent): null

24-10-2024T08:00:14 - [TEST_STEP][PASSED] - if (verifyTextPresent("State:", false)): null

24-10-2024T08:00:14 - [MESSAGE][PASSED] - Text 'State:' is present on page 

24-10-2024T08:00:14 - [TEST_STEP][PASSED] - isRequiredTextPresent = true: null

24-10-2024T08:00:14 - [TEST_STEP][PASSED] - if (isRequiredTextPresent): null

24-10-2024T08:00:14 - [TEST_STEP][PASSED] - if (verifyTextPresent("ZIP Code:", false)): null

24-10-2024T08:00:14 - [MESSAGE][PASSED] - Text 'ZIP Code:' is present on page 

24-10-2024T08:00:14 - [TEST_STEP][PASSED] - isRequiredTextPresent = true: null

24-10-2024T08:00:14 - [TEST_STEP][PASSED] - if (isRequiredTextPresent): null

24-10-2024T08:00:14 - [TEST_STEP][PASSED] - if (verifyTextPresent("Please click here to make another payment.", false)): null

24-10-2024T08:00:14 - [MESSAGE][PASSED] - Text 'Please click here to make another payment.' is present on page 

24-10-2024T08:00:14 - [TEST_STEP][PASSED] - isRequiredTextPresent = true: null

24-10-2024T08:00:14 - [TEST_STEP][ERROR] - if (isRequiredTextPresent == true): Test Cases/IntegratedWeb/IWP25/Payments/VerifyReceiptPageLabelsPC FAILED.
Reason:
com.kms.katalon.core.exception.StepErrorException: org.codehaus.groovy.runtime.InvokerInvocationException: java.io.FileNotFoundException: KatalonData\IWPTestData\VRelay25Payments.xlsx (The process cannot access the file because it is being used by another process)
	at com.kms.katalon.core.main.CustomKeywordDelegatingMetaClass.throwError(CustomKeywordDelegatingMetaClass.java:101)
	at com.kms.katalon.core.main.CustomKeywordDelegatingMetaClass.invokeStaticMethod(CustomKeywordDelegatingMetaClass.java:73)
	at VerifyReceiptPageLabelsPC.run(VerifyReceiptPageLabelsPC:362)
	at com.kms.katalon.core.main.ScriptEngine.run(ScriptEngine.java:194)
	at com.kms.katalon.core.main.ScriptEngine.runScriptAsRawText(ScriptEngine.java:119)
	at com.kms.katalon.core.main.TestCaseExecutor.runScript(TestCaseExecutor.java:448)
	at com.kms.katalon.core.main.TestCaseExecutor.doExecute(TestCaseExecutor.java:439)
	at com.kms.katalon.core.main.TestCaseExecutor.processExecutionPhase(TestCaseExecutor.java:418)
	at com.kms.katalon.core.main.TestCaseExecutor.accessMainPhase(TestCaseExecutor.java:410)
	at com.kms.katalon.core.main.TestCaseExecutor.execute(TestCaseExecutor.java:285)
	at com.kms.katalon.core.common.CommonExecutor.accessTestCaseMainPhase(CommonExecutor.java:65)
	at com.kms.katalon.core.main.TestSuiteExecutor.accessTestSuiteMainPhase(TestSuiteExecutor.java:150)
	at com.kms.katalon.core.main.TestSuiteExecutor.execute(TestSuiteExecutor.java:106)
	at com.kms.katalon.core.main.TestCaseMain.startTestSuite(TestCaseMain.java:180)
	at TempTestSuite1729731001385.run(TempTestSuite1729731001385.groovy:35)
	at java.base/jdk.internal.reflect.NativeMethodAccessorImpl.invoke0(Native Method)
	at java.base/jdk.internal.reflect.NativeMethodAccessorImpl.invoke(NativeMethodAccessorImpl.java:77)
	at java.base/jdk.internal.reflect.DelegatingMethodAccessorImpl.invoke(DelegatingMethodAccessorImpl.java:43)
Caused by: org.codehaus.groovy.runtime.InvokerInvocationException: java.io.FileNotFoundException: KatalonData\IWPTestData\VRelay25Payments.xlsx (The process cannot access the file because it is being used by another process)
	at com.kms.katalon.core.main.CustomKeywordDelegatingMetaClass.invokeStaticMethod(CustomKeywordDelegatingMetaClass.java:55)
	at Script1724949063784.run(Script1724949063784.groovy:362)
	... 15 more
Caused by: java.io.FileNotFoundException: KatalonData\IWPTestData\VRelay25Payments.xlsx (The process cannot access the file because it is being used by another process)
	at pages.WriteExcel.demoKey(WriteExcel.groovy:93)
	at jdk.internal.reflect.GeneratedMethodAccessor43.invoke(Unknown Source)
	at java.base/jdk.internal.reflect.DelegatingMethodAccessorImpl.invoke(DelegatingMethodAccessorImpl.java:43)
	at com.kms.katalon.core.main.CustomKeywordDelegatingMetaClass.invokeStaticMethod(CustomKeywordDelegatingMetaClass.java:55)
	at VerifyReceiptPageLabelsPC.run(VerifyReceiptPageLabelsPC:362)
	... 15 more


24-10-2024T08:00:14 - [TEST_STEP][PASSED] - println("All the relevant texts are present on Receipt Page"): null

24-10-2024T08:00:14 - [TEST_STEP][PASSED] - markPassed("All the relevant texts are present on Receipt Page"): All the relevant texts are present on Receipt Page

24-10-2024T08:00:14 - [MESSAGE][PASSED] - All the relevant texts are present on Receipt Page

24-10-2024T08:00:14 - [TEST_STEP][PASSED] - resText = "Pass": null

24-10-2024T08:00:14 - [TEST_STEP][ERROR] - pages.WriteExcel.demoKey(resText, datText, resColumn, datCloumn, fileLoc, nameSheet, row): Test Cases/IntegratedWeb/IWP25/Payments/VerifyReceiptPageLabelsPC FAILED.
Reason:
com.kms.katalon.core.exception.StepErrorException: org.codehaus.groovy.runtime.InvokerInvocationException: java.io.FileNotFoundException: KatalonData\IWPTestData\VRelay25Payments.xlsx (The process cannot access the file because it is being used by another process)
	at com.kms.katalon.core.main.CustomKeywordDelegatingMetaClass.throwError(CustomKeywordDelegatingMetaClass.java:101)
	at com.kms.katalon.core.main.CustomKeywordDelegatingMetaClass.invokeStaticMethod(CustomKeywordDelegatingMetaClass.java:73)
	at VerifyReceiptPageLabelsPC.run(VerifyReceiptPageLabelsPC:362)
	at com.kms.katalon.core.main.ScriptEngine.run(ScriptEngine.java:194)
	at com.kms.katalon.core.main.ScriptEngine.runScriptAsRawText(ScriptEngine.java:119)
	at com.kms.katalon.core.main.TestCaseExecutor.runScript(TestCaseExecutor.java:448)
	at com.kms.katalon.core.main.TestCaseExecutor.doExecute(TestCaseExecutor.java:439)
	at com.kms.katalon.core.main.TestCaseExecutor.processExecutionPhase(TestCaseExecutor.java:418)
	at com.kms.katalon.core.main.TestCaseExecutor.accessMainPhase(TestCaseExecutor.java:410)
	at com.kms.katalon.core.main.TestCaseExecutor.execute(TestCaseExecutor.java:285)
	at com.kms.katalon.core.common.CommonExecutor.accessTestCaseMainPhase(CommonExecutor.java:65)
	at com.kms.katalon.core.main.TestSuiteExecutor.accessTestSuiteMainPhase(TestSuiteExecutor.java:150)
	at com.kms.katalon.core.main.TestSuiteExecutor.execute(TestSuiteExecutor.java:106)
	at com.kms.katalon.core.main.TestCaseMain.startTestSuite(TestCaseMain.java:180)
	at TempTestSuite1729731001385.run(TempTestSuite1729731001385.groovy:35)
	at java.base/jdk.internal.reflect.NativeMethodAccessorImpl.invoke0(Native Method)
	at java.base/jdk.internal.reflect.NativeMethodAccessorImpl.invoke(NativeMethodAccessorImpl.java:77)
	at java.base/jdk.internal.reflect.DelegatingMethodAccessorImpl.invoke(DelegatingMethodAccessorImpl.java:43)
Caused by: org.codehaus.groovy.runtime.InvokerInvocationException: java.io.FileNotFoundException: KatalonData\IWPTestData\VRelay25Payments.xlsx (The process cannot access the file because it is being used by another process)
	at com.kms.katalon.core.main.CustomKeywordDelegatingMetaClass.invokeStaticMethod(CustomKeywordDelegatingMetaClass.java:55)
	at Script1724949063784.run(Script1724949063784.groovy:362)
	... 15 more
Caused by: java.io.FileNotFoundException: KatalonData\IWPTestData\VRelay25Payments.xlsx (The process cannot access the file because it is being used by another process)
	at pages.WriteExcel.demoKey(WriteExcel.groovy:93)
	at jdk.internal.reflect.GeneratedMethodAccessor43.invoke(Unknown Source)
	at java.base/jdk.internal.reflect.DelegatingMethodAccessorImpl.invoke(DelegatingMethodAccessorImpl.java:43)
	at com.kms.katalon.core.main.CustomKeywordDelegatingMetaClass.invokeStaticMethod(CustomKeywordDelegatingMetaClass.java:55)
	at VerifyReceiptPageLabelsPC.run(VerifyReceiptPageLabelsPC:362)
	... 15 more


24-10-2024T08:00:14 - [MESSAGE][ERROR] - java.io.FileNotFoundException: KatalonData\IWPTestData\VRelay25Payments.xlsx (The process cannot access the file because it is being used by another process)

24-10-2024T08:00:14 - [MESSAGE][ERROR] - Test Cases/IntegratedWeb/IWP25/Payments/VerifyReceiptPageLabelsPC FAILED.
Reason:
com.kms.katalon.core.exception.StepErrorException: org.codehaus.groovy.runtime.InvokerInvocationException: java.io.FileNotFoundException: KatalonData\IWPTestData\VRelay25Payments.xlsx (The process cannot access the file because it is being used by another process)
	at com.kms.katalon.core.main.CustomKeywordDelegatingMetaClass.throwError(CustomKeywordDelegatingMetaClass.java:101)
	at com.kms.katalon.core.main.CustomKeywordDelegatingMetaClass.invokeStaticMethod(CustomKeywordDelegatingMetaClass.java:73)
	at VerifyReceiptPageLabelsPC.run(VerifyReceiptPageLabelsPC:362)
	at com.kms.katalon.core.main.ScriptEngine.run(ScriptEngine.java:194)
	at com.kms.katalon.core.main.ScriptEngine.runScriptAsRawText(ScriptEngine.java:119)
	at com.kms.katalon.core.main.TestCaseExecutor.runScript(TestCaseExecutor.java:448)
	at com.kms.katalon.core.main.TestCaseExecutor.doExecute(TestCaseExecutor.java:439)
	at com.kms.katalon.core.main.TestCaseExecutor.processExecutionPhase(TestCaseExecutor.java:418)
	at com.kms.katalon.core.main.TestCaseExecutor.accessMainPhase(TestCaseExecutor.java:410)
	at com.kms.katalon.core.main.TestCaseExecutor.execute(TestCaseExecutor.java:285)
	at com.kms.katalon.core.common.CommonExecutor.accessTestCaseMainPhase(CommonExecutor.java:65)
	at com.kms.katalon.core.main.TestSuiteExecutor.accessTestSuiteMainPhase(TestSuiteExecutor.java:150)
	at com.kms.katalon.core.main.TestSuiteExecutor.execute(TestSuiteExecutor.java:106)
	at com.kms.katalon.core.main.TestCaseMain.startTestSuite(TestCaseMain.java:180)
	at TempTestSuite1729731001385.run(TempTestSuite1729731001385.groovy:35)
	at java.base/jdk.internal.reflect.NativeMethodAccessorImpl.invoke0(Native Method)
	at java.base/jdk.internal.reflect.NativeMethodAccessorImpl.invoke(NativeMethodAccessorImpl.java:77)
	at java.base/jdk.internal.reflect.DelegatingMethodAccessorImpl.invoke(DelegatingMethodAccessorImpl.java:43)
Caused by: org.codehaus.groovy.runtime.InvokerInvocationException: java.io.FileNotFoundException: KatalonData\IWPTestData\VRelay25Payments.xlsx (The process cannot access the file because it is being used by another process)
	at com.kms.katalon.core.main.CustomKeywordDelegatingMetaClass.invokeStaticMethod(CustomKeywordDelegatingMetaClass.java:55)
	at Script1724949063784.run(Script1724949063784.groovy:362)
	... 15 more
Caused by: java.io.FileNotFoundException: KatalonData\IWPTestData\VRelay25Payments.xlsx (The process cannot access the file because it is being used by another process)
	at pages.WriteExcel.demoKey(WriteExcel.groovy:93)
	at jdk.internal.reflect.GeneratedMethodAccessor43.invoke(Unknown Source)
	at java.base/jdk.internal.reflect.DelegatingMethodAccessorImpl.invoke(DelegatingMethodAccessorImpl.java:43)
	at com.kms.katalon.core.main.CustomKeywordDelegatingMetaClass.invokeStaticMethod(CustomKeywordDelegatingMetaClass.java:55)
	at VerifyReceiptPageLabelsPC.run(VerifyReceiptPageLabelsPC:362)
	... 15 more]]></system-out>
         <system-err><![CDATA[24-10-2024T07:58:16 - [TEST_CASE][ERROR] - Test Cases/IntegratedWeb/IWP25/Payments/VerifyReceiptPageLabelsPC: Test Cases/IntegratedWeb/IWP25/Payments/VerifyReceiptPageLabelsPC FAILED.
Reason:
org.codehaus.groovy.runtime.InvokerInvocationException: java.io.FileNotFoundException: KatalonData\IWPTestData\VRelay25Payments.xlsx (The process cannot access the file because it is being used by another process)
	at com.kms.katalon.core.main.CustomKeywordDelegatingMetaClass.invokeStaticMethod(CustomKeywordDelegatingMetaClass.java:55)
	at VerifyReceiptPageLabelsPC.run(VerifyReceiptPageLabelsPC:362)
	at com.kms.katalon.core.main.ScriptEngine.run(ScriptEngine.java:194)
	at com.kms.katalon.core.main.ScriptEngine.runScriptAsRawText(ScriptEngine.java:119)
	at com.kms.katalon.core.main.TestCaseExecutor.runScript(TestCaseExecutor.java:448)
	at com.kms.katalon.core.main.TestCaseExecutor.doExecute(TestCaseExecutor.java:439)
	at com.kms.katalon.core.main.TestCaseExecutor.processExecutionPhase(TestCaseExecutor.java:418)
	at com.kms.katalon.core.main.TestCaseExecutor.accessMainPhase(TestCaseExecutor.java:410)
	at com.kms.katalon.core.main.TestCaseExecutor.execute(TestCaseExecutor.java:285)
	at com.kms.katalon.core.common.CommonExecutor.accessTestCaseMainPhase(CommonExecutor.java:65)
	at com.kms.katalon.core.main.TestSuiteExecutor.accessTestSuiteMainPhase(TestSuiteExecutor.java:150)
	at com.kms.katalon.core.main.TestSuiteExecutor.execute(TestSuiteExecutor.java:106)
	at com.kms.katalon.core.main.TestCaseMain.startTestSuite(TestCaseMain.java:180)
	at TempTestSuite1729731001385.run(TempTestSuite1729731001385.groovy:35)
	at java.base/jdk.internal.reflect.NativeMethodAccessorImpl.invoke0(Native Method)
	at java.base/jdk.internal.reflect.NativeMethodAccessorImpl.invoke(NativeMethodAccessorImpl.java:77)
	at java.base/jdk.internal.reflect.DelegatingMethodAccessorImpl.invoke(DelegatingMethodAccessorImpl.java:43)
Caused by: java.io.FileNotFoundException: KatalonData\IWPTestData\VRelay25Payments.xlsx (The process cannot access the file because it is being used by another process)
	at pages.WriteExcel.demoKey(WriteExcel.groovy:93)
	at jdk.internal.reflect.GeneratedMethodAccessor43.invoke(Unknown Source)
	at java.base/jdk.internal.reflect.DelegatingMethodAccessorImpl.invoke(DelegatingMethodAccessorImpl.java:43)
	... 17 more]]></system-err>
      </testcase>
      <testcase name="Test Cases/IntegratedWeb/IWP25/Payments/VerifyReceiptPageLabelsPS" time="118.984" classname="Test Cases/IntegratedWeb/IWP25/Payments/VerifyReceiptPageLabelsPS" status="ERROR">
         <error type="ERROR" message="Test Cases/IntegratedWeb/IWP25/Payments/VerifyReceiptPageLabelsPS FAILED.&#xa;Reason:&#xa;org.codehaus.groovy.runtime.InvokerInvocationException: java.io.FileNotFoundException: KatalonData\IWPTestData\VRelay25Payments.xlsx (The process cannot access the file because it is being used by another process)&#xa;	at com.kms.katalon.core.main.CustomKeywordDelegatingMetaClass.invokeStaticMethod(CustomKeywordDelegatingMetaClass.java:55)&#xa;	at VerifyReceiptPageLabelsPS.run(VerifyReceiptPageLabelsPS:362)&#xa;	at com.kms.katalon.core.main.ScriptEngine.run(ScriptEngine.java:194)&#xa;	at com.kms.katalon.core.main.ScriptEngine.runScriptAsRawText(ScriptEngine.java:119)&#xa;	at com.kms.katalon.core.main.TestCaseExecutor.runScript(TestCaseExecutor.java:448)&#xa;	at com.kms.katalon.core.main.TestCaseExecutor.doExecute(TestCaseExecutor.java:439)&#xa;	at com.kms.katalon.core.main.TestCaseExecutor.processExecutionPhase(TestCaseExecutor.java:418)&#xa;	at com.kms.katalon.core.main.TestCaseExecutor.accessMainPhase(TestCaseExecutor.java:410)&#xa;	at com.kms.katalon.core.main.TestCaseExecutor.execute(TestCaseExecutor.java:285)&#xa;	at com.kms.katalon.core.common.CommonExecutor.accessTestCaseMainPhase(CommonExecutor.java:65)&#xa;	at com.kms.katalon.core.main.TestSuiteExecutor.accessTestSuiteMainPhase(TestSuiteExecutor.java:150)&#xa;	at com.kms.katalon.core.main.TestSuiteExecutor.execute(TestSuiteExecutor.java:106)&#xa;	at com.kms.katalon.core.main.TestCaseMain.startTestSuite(TestCaseMain.java:180)&#xa;	at TempTestSuite1729731001385.run(TempTestSuite1729731001385.groovy:35)&#xa;	at java.base/jdk.internal.reflect.NativeMethodAccessorImpl.invoke0(Native Method)&#xa;	at java.base/jdk.internal.reflect.NativeMethodAccessorImpl.invoke(NativeMethodAccessorImpl.java:77)&#xa;	at java.base/jdk.internal.reflect.DelegatingMethodAccessorImpl.invoke(DelegatingMethodAccessorImpl.java:43)&#xa;Caused by: java.io.FileNotFoundException: KatalonData\IWPTestData\VRelay25Payments.xlsx (The process cannot access the file because it is being used by another process)&#xa;	at pages.WriteExcel.demoKey(WriteExcel.groovy:93)&#xa;	at jdk.internal.reflect.GeneratedMethodAccessor43.invoke(Unknown Source)&#xa;	at java.base/jdk.internal.reflect.DelegatingMethodAccessorImpl.invoke(DelegatingMethodAccessorImpl.java:43)&#xa;	... 17 more&#xa;"/>
         <system-out><![CDATA[24-10-2024T08:00:14 - [TEST_CASE][ERROR] - Test Cases/IntegratedWeb/IWP25/Payments/VerifyReceiptPageLabelsPS: Test Cases/IntegratedWeb/IWP25/Payments/VerifyReceiptPageLabelsPS FAILED.
Reason:
org.codehaus.groovy.runtime.InvokerInvocationException: java.io.FileNotFoundException: KatalonData\IWPTestData\VRelay25Payments.xlsx (The process cannot access the file because it is being used by another process)
	at com.kms.katalon.core.main.CustomKeywordDelegatingMetaClass.invokeStaticMethod(CustomKeywordDelegatingMetaClass.java:55)
	at VerifyReceiptPageLabelsPS.run(VerifyReceiptPageLabelsPS:362)
	at com.kms.katalon.core.main.ScriptEngine.run(ScriptEngine.java:194)
	at com.kms.katalon.core.main.ScriptEngine.runScriptAsRawText(ScriptEngine.java:119)
	at com.kms.katalon.core.main.TestCaseExecutor.runScript(TestCaseExecutor.java:448)
	at com.kms.katalon.core.main.TestCaseExecutor.doExecute(TestCaseExecutor.java:439)
	at com.kms.katalon.core.main.TestCaseExecutor.processExecutionPhase(TestCaseExecutor.java:418)
	at com.kms.katalon.core.main.TestCaseExecutor.accessMainPhase(TestCaseExecutor.java:410)
	at com.kms.katalon.core.main.TestCaseExecutor.execute(TestCaseExecutor.java:285)
	at com.kms.katalon.core.common.CommonExecutor.accessTestCaseMainPhase(CommonExecutor.java:65)
	at com.kms.katalon.core.main.TestSuiteExecutor.accessTestSuiteMainPhase(TestSuiteExecutor.java:150)
	at com.kms.katalon.core.main.TestSuiteExecutor.execute(TestSuiteExecutor.java:106)
	at com.kms.katalon.core.main.TestCaseMain.startTestSuite(TestCaseMain.java:180)
	at TempTestSuite1729731001385.run(TempTestSuite1729731001385.groovy:35)
	at java.base/jdk.internal.reflect.NativeMethodAccessorImpl.invoke0(Native Method)
	at java.base/jdk.internal.reflect.NativeMethodAccessorImpl.invoke(NativeMethodAccessorImpl.java:77)
	at java.base/jdk.internal.reflect.DelegatingMethodAccessorImpl.invoke(DelegatingMethodAccessorImpl.java:43)
Caused by: java.io.FileNotFoundException: KatalonData\IWPTestData\VRelay25Payments.xlsx (The process cannot access the file because it is being used by another process)
	at pages.WriteExcel.demoKey(WriteExcel.groovy:93)
	at jdk.internal.reflect.GeneratedMethodAccessor43.invoke(Unknown Source)
	at java.base/jdk.internal.reflect.DelegatingMethodAccessorImpl.invoke(DelegatingMethodAccessorImpl.java:43)
	... 17 more


24-10-2024T08:00:15 - [TEST_STEP][PASSED] - resText = "Fail": null

24-10-2024T08:00:15 - [TEST_STEP][PASSED] - resColumn = "Result": null

24-10-2024T08:00:15 - [TEST_STEP][PASSED] - datCloumn = "Date": null

24-10-2024T08:00:15 - [TEST_STEP][PASSED] - fileLoc = "KatalonData/IWPTestData/VRelay25Payments.xlsx": null

24-10-2024T08:00:15 - [TEST_STEP][PASSED] - numOfRows = <not implemented yet for class: org.codehaus.groovy.ast.expr.EmptyExpression>: null

24-10-2024T08:00:15 - [TEST_STEP][PASSED] - dataFile = <not implemented yet for class: org.codehaus.groovy.ast.expr.EmptyExpression>: null

24-10-2024T08:00:15 - [TEST_STEP][PASSED] - nameSheet = <not implemented yet for class: org.codehaus.groovy.ast.expr.EmptyExpression>: null

24-10-2024T08:00:15 - [TEST_STEP][PASSED] - dataFileEmulator = <not implemented yet for class: org.codehaus.groovy.ast.expr.EmptyExpression>: null

24-10-2024T08:00:15 - [TEST_STEP][PASSED] - isRequiredTextPresent = false: null

24-10-2024T08:00:15 - [TEST_STEP][PASSED] - nameSheet = "VerifyReceiptPageLabelsPS": null

24-10-2024T08:00:15 - [TEST_STEP][PASSED] - dataFile = "IWPTestData/IWP25VerifyReceiptPageLabelsPS": null

24-10-2024T08:00:15 - [TEST_STEP][PASSED] - dataFileEmulator = "IWPTestData/EmulatorData": null

24-10-2024T08:00:15 - [TEST_STEP][PASSED] - numOfRows = findTestData(dataFile).getRowNumbers(): null

24-10-2024T08:00:15 - [TEST_STEP][PASSED] - println("Number of Records: " + numOfRows): null

24-10-2024T08:00:15 - [TEST_STEP][ERROR] - for ([row = 1, row <= numOfRows, (row++)]): Test Cases/IntegratedWeb/IWP25/Payments/VerifyReceiptPageLabelsPS FAILED.
Reason:
com.kms.katalon.core.exception.StepErrorException: org.codehaus.groovy.runtime.InvokerInvocationException: java.io.FileNotFoundException: KatalonData\IWPTestData\VRelay25Payments.xlsx (The process cannot access the file because it is being used by another process)
	at com.kms.katalon.core.main.CustomKeywordDelegatingMetaClass.throwError(CustomKeywordDelegatingMetaClass.java:101)
	at com.kms.katalon.core.main.CustomKeywordDelegatingMetaClass.invokeStaticMethod(CustomKeywordDelegatingMetaClass.java:73)
	at VerifyReceiptPageLabelsPS.run(VerifyReceiptPageLabelsPS:362)
	at com.kms.katalon.core.main.ScriptEngine.run(ScriptEngine.java:194)
	at com.kms.katalon.core.main.ScriptEngine.runScriptAsRawText(ScriptEngine.java:119)
	at com.kms.katalon.core.main.TestCaseExecutor.runScript(TestCaseExecutor.java:448)
	at com.kms.katalon.core.main.TestCaseExecutor.doExecute(TestCaseExecutor.java:439)
	at com.kms.katalon.core.main.TestCaseExecutor.processExecutionPhase(TestCaseExecutor.java:418)
	at com.kms.katalon.core.main.TestCaseExecutor.accessMainPhase(TestCaseExecutor.java:410)
	at com.kms.katalon.core.main.TestCaseExecutor.execute(TestCaseExecutor.java:285)
	at com.kms.katalon.core.common.CommonExecutor.accessTestCaseMainPhase(CommonExecutor.java:65)
	at com.kms.katalon.core.main.TestSuiteExecutor.accessTestSuiteMainPhase(TestSuiteExecutor.java:150)
	at com.kms.katalon.core.main.TestSuiteExecutor.execute(TestSuiteExecutor.java:106)
	at com.kms.katalon.core.main.TestCaseMain.startTestSuite(TestCaseMain.java:180)
	at TempTestSuite1729731001385.run(TempTestSuite1729731001385.groovy:35)
	at java.base/jdk.internal.reflect.NativeMethodAccessorImpl.invoke0(Native Method)
	at java.base/jdk.internal.reflect.NativeMethodAccessorImpl.invoke(NativeMethodAccessorImpl.java:77)
	at java.base/jdk.internal.reflect.DelegatingMethodAccessorImpl.invoke(DelegatingMethodAccessorImpl.java:43)
Caused by: org.codehaus.groovy.runtime.InvokerInvocationException: java.io.FileNotFoundException: KatalonData\IWPTestData\VRelay25Payments.xlsx (The process cannot access the file because it is being used by another process)
	at com.kms.katalon.core.main.CustomKeywordDelegatingMetaClass.invokeStaticMethod(CustomKeywordDelegatingMetaClass.java:55)
	at Script1724951210695.run(Script1724951210695.groovy:362)
	... 15 more
Caused by: java.io.FileNotFoundException: KatalonData\IWPTestData\VRelay25Payments.xlsx (The process cannot access the file because it is being used by another process)
	at pages.WriteExcel.demoKey(WriteExcel.groovy:93)
	at jdk.internal.reflect.GeneratedMethodAccessor43.invoke(Unknown Source)
	at java.base/jdk.internal.reflect.DelegatingMethodAccessorImpl.invoke(DelegatingMethodAccessorImpl.java:43)
	at com.kms.katalon.core.main.CustomKeywordDelegatingMetaClass.invokeStaticMethod(CustomKeywordDelegatingMetaClass.java:55)
	at VerifyReceiptPageLabelsPS.run(VerifyReceiptPageLabelsPS:362)
	... 15 more


24-10-2024T08:00:15 - [TEST_STEP][PASSED] - ExecuteTC = findTestData(dataFile).getValue("Execute", row): null

24-10-2024T08:00:15 - [TEST_STEP][PASSED] - out.println("Value of Execute is : " + ExecuteTC): null

24-10-2024T08:00:15 - [TEST_STEP][ERROR] - if (ExecuteTC.equalsIgnoreCase("Y")): Test Cases/IntegratedWeb/IWP25/Payments/VerifyReceiptPageLabelsPS FAILED.
Reason:
com.kms.katalon.core.exception.StepErrorException: org.codehaus.groovy.runtime.InvokerInvocationException: java.io.FileNotFoundException: KatalonData\IWPTestData\VRelay25Payments.xlsx (The process cannot access the file because it is being used by another process)
	at com.kms.katalon.core.main.CustomKeywordDelegatingMetaClass.throwError(CustomKeywordDelegatingMetaClass.java:101)
	at com.kms.katalon.core.main.CustomKeywordDelegatingMetaClass.invokeStaticMethod(CustomKeywordDelegatingMetaClass.java:73)
	at VerifyReceiptPageLabelsPS.run(VerifyReceiptPageLabelsPS:362)
	at com.kms.katalon.core.main.ScriptEngine.run(ScriptEngine.java:194)
	at com.kms.katalon.core.main.ScriptEngine.runScriptAsRawText(ScriptEngine.java:119)
	at com.kms.katalon.core.main.TestCaseExecutor.runScript(TestCaseExecutor.java:448)
	at com.kms.katalon.core.main.TestCaseExecutor.doExecute(TestCaseExecutor.java:439)
	at com.kms.katalon.core.main.TestCaseExecutor.processExecutionPhase(TestCaseExecutor.java:418)
	at com.kms.katalon.core.main.TestCaseExecutor.accessMainPhase(TestCaseExecutor.java:410)
	at com.kms.katalon.core.main.TestCaseExecutor.execute(TestCaseExecutor.java:285)
	at com.kms.katalon.core.common.CommonExecutor.accessTestCaseMainPhase(CommonExecutor.java:65)
	at com.kms.katalon.core.main.TestSuiteExecutor.accessTestSuiteMainPhase(TestSuiteExecutor.java:150)
	at com.kms.katalon.core.main.TestSuiteExecutor.execute(TestSuiteExecutor.java:106)
	at com.kms.katalon.core.main.TestCaseMain.startTestSuite(TestCaseMain.java:180)
	at TempTestSuite1729731001385.run(TempTestSuite1729731001385.groovy:35)
	at java.base/jdk.internal.reflect.NativeMethodAccessorImpl.invoke0(Native Method)
	at java.base/jdk.internal.reflect.NativeMethodAccessorImpl.invoke(NativeMethodAccessorImpl.java:77)
	at java.base/jdk.internal.reflect.DelegatingMethodAccessorImpl.invoke(DelegatingMethodAccessorImpl.java:43)
Caused by: org.codehaus.groovy.runtime.InvokerInvocationException: java.io.FileNotFoundException: KatalonData\IWPTestData\VRelay25Payments.xlsx (The process cannot access the file because it is being used by another process)
	at com.kms.katalon.core.main.CustomKeywordDelegatingMetaClass.invokeStaticMethod(CustomKeywordDelegatingMetaClass.java:55)
	at Script1724951210695.run(Script1724951210695.groovy:362)
	... 15 more
Caused by: java.io.FileNotFoundException: KatalonData\IWPTestData\VRelay25Payments.xlsx (The process cannot access the file because it is being used by another process)
	at pages.WriteExcel.demoKey(WriteExcel.groovy:93)
	at jdk.internal.reflect.GeneratedMethodAccessor43.invoke(Unknown Source)
	at java.base/jdk.internal.reflect.DelegatingMethodAccessorImpl.invoke(DelegatingMethodAccessorImpl.java:43)
	at com.kms.katalon.core.main.CustomKeywordDelegatingMetaClass.invokeStaticMethod(CustomKeywordDelegatingMetaClass.java:55)
	at VerifyReceiptPageLabelsPS.run(VerifyReceiptPageLabelsPS:362)
	... 15 more


24-10-2024T08:00:15 - [TEST_STEP][PASSED] - out.println("Begin Record Number: " + row): null

24-10-2024T08:00:15 - [TEST_STEP][PASSED] - today = new java.util.Date(): null

24-10-2024T08:00:15 - [TEST_STEP][PASSED] - println(today): null

24-10-2024T08:00:15 - [TEST_STEP][PASSED] - datText = today: null

24-10-2024T08:00:15 - [TEST_STEP][PASSED] - EmulatorDataKey = findTestData(dataFile).getValue("EmulatorData", row): null

24-10-2024T08:00:15 - [TEST_STEP][PASSED] - out.println("Value of Emulator Key is : " + EmulatorDataKey): null

24-10-2024T08:00:15 - [TEST_STEP][PASSED] - iwpPages.emulatorIWP30.setDataEmulator_DD(EmulatorDataKey): iwpPages.emulatorIWP30.setDataEmulator_DD is PASSED

24-10-2024T08:00:15 - [MESSAGE][WARNING] - A browser is already opened. Closing browser and opening a new one

24-10-2024T08:00:16 - [MESSAGE][INFO] - Starting 'Edge Chromium' driver

24-10-2024T08:00:16 - [MESSAGE][INFO] - User set preference: ['acceptInsecureCerts', 'true']

24-10-2024T08:00:18 - [MESSAGE][INFO] - Action delay is set to 0 milliseconds

24-10-2024T08:00:22 - [MESSAGE][PASSED] - Browser is opened with url: 'https://qa2.velocitypayment.com/agencyx/config.action?action=editor&message_version=2_5'

24-10-2024T08:00:22 - [MESSAGE][PASSED] - Current window maximized

24-10-2024T08:00:53 - [MESSAGE][INFO] - Unable to find the element located by 'By.xpath: //select[@name='message_version']'. Please recheck the objects properties to make sure the desired element is located. 

24-10-2024T08:00:53 - [MESSAGE][WARNING] - [SELF-HEALING] Failed to find element with id 'Object Repository/IWP30/Page_VRelay30Emulator/MV'. Try using Self-healing.

24-10-2024T08:00:53 - [MESSAGE][WARNING] - [SELF-HEALING] The current locator of test object 'Object Repository/IWP30/Page_VRelay30Emulator/MV' was broken. Propose an alternative one: '(.//*[normalize-space(text()) and normalize-space(.)='Message Version'])[1]/following::select[1]'.

24-10-2024T08:00:54 - [MESSAGE][PASSED] - All options with value '2.5' are selected in object 'Object Repository/IWP30/Page_VRelay30Emulator/MV'  using regular expression

24-10-2024T08:00:55 - [MESSAGE][PASSED] - Text '10.50' is set on object 'Object Repository/IWP30/Page_EmulatorAgencyX/Amount'

24-10-2024T08:00:55 - [MESSAGE][PASSED] - Text 'pNxDAkZwYRJ1' is set on object 'Object Repository/IWP30/Page_EmulatorAgencyX/CAN'

24-10-2024T08:00:56 - [MESSAGE][PASSED] - Text 'PayNow' is set on object 'Object Repository/IWP30/Page_EmulatorAgencyX/Action'

24-10-2024T08:00:56 - [MESSAGE][PASSED] - Text 'en_US' is set on object 'Object Repository/IWP30/Page_EmulatorAgencyX/Lang'

24-10-2024T08:00:57 - [MESSAGE][PASSED] - Text '' is set on object 'Object Repository/IWP30/Page_EmulatorAgencyX/Fname'

24-10-2024T08:00:57 - [MESSAGE][PASSED] - Text '' is set on object 'Object Repository/IWP30/Page_EmulatorAgencyX/Lname'

24-10-2024T08:00:58 - [MESSAGE][PASSED] - Text '' is set on object 'Object Repository/IWP30/Page_EmulatorAgencyX/AL1'

24-10-2024T08:00:59 - [MESSAGE][PASSED] - Text '' is set on object 'Object Repository/IWP30/Page_EmulatorAgencyX/AL2'

24-10-2024T08:00:59 - [MESSAGE][PASSED] - Text '' is set on object 'Object Repository/IWP30/Page_EmulatorAgencyX/Country'

24-10-2024T08:01:00 - [MESSAGE][PASSED] - Text '' is set on object 'Object Repository/IWP30/Page_EmulatorAgencyX/City'

24-10-2024T08:01:00 - [MESSAGE][PASSED] - Text '' is set on object 'Object Repository/IWP30/Page_EmulatorAgencyX/State'

24-10-2024T08:01:01 - [MESSAGE][PASSED] - Text '' is set on object 'Object Repository/IWP30/Page_EmulatorAgencyX/ZIP'

24-10-2024T08:01:02 - [MESSAGE][PASSED] - Text '' is set on object 'Object Repository/IWP30/Page_EmulatorAgencyX/Order'

24-10-2024T08:01:02 - [MESSAGE][PASSED] - Text '' is set on object 'Object Repository/IWP30/Page_EmulatorAgencyX/Company'

24-10-2024T08:01:03 - [MESSAGE][PASSED] - Text '' is set on object 'Object Repository/IWP30/Page_EmulatorAgencyX/Email'

24-10-2024T08:01:03 - [MESSAGE][PASSED] - Text '' is set on object 'Object Repository/IWP30/Page_EmulatorAgencyX/UDF1'

24-10-2024T08:01:04 - [MESSAGE][PASSED] - Text '' is set on object 'Object Repository/IWP30/Page_EmulatorAgencyX/UDF2'

24-10-2024T08:01:04 - [MESSAGE][PASSED] - Text '' is set on object 'Object Repository/IWP30/Page_EmulatorAgencyX/UDF3'

24-10-2024T08:01:05 - [MESSAGE][PASSED] - Text 'udf data 4' is set on object 'Object Repository/IWP30/Page_EmulatorAgencyX/UDF4'

24-10-2024T08:01:06 - [MESSAGE][PASSED] - Text 'udf data 5' is set on object 'Object Repository/IWP30/Page_EmulatorAgencyX/UDF5'

24-10-2024T08:01:06 - [MESSAGE][PASSED] - Text '' is set on object 'Object Repository/IWP30/Page_EmulatorAgencyX/UDF6'

24-10-2024T08:01:07 - [MESSAGE][PASSED] - Text '' is set on object 'Object Repository/IWP30/Page_EmulatorAgencyX/UDF7'

24-10-2024T08:01:07 - [MESSAGE][PASSED] - Text '' is set on object 'Object Repository/IWP30/Page_EmulatorAgencyX/UDF8'

24-10-2024T08:01:08 - [MESSAGE][PASSED] - Text 'udf data 9' is set on object 'Object Repository/IWP30/Page_EmulatorAgencyX/UDF9'

24-10-2024T08:01:09 - [MESSAGE][PASSED] - Text 'udf data 10' is set on object 'Object Repository/IWP30/Page_EmulatorAgencyX/UDF10'

24-10-2024T08:01:10 - [MESSAGE][PASSED] - Object: 'Object Repository/IWP30/Page_EmulatorAgencyX/Submit' is clicked on

24-10-2024T08:01:14 - [MESSAGE][PASSED] - Browser is closed

24-10-2024T08:01:18 - [MESSAGE][PASSED] - iwpPages.emulatorIWP30.setDataEmulator_DD is PASSED

24-10-2024T08:01:18 - [TEST_STEP][PASSED] - testHarnessURL = urlTestHarness: null

24-10-2024T08:01:18 - [TEST_STEP][PASSED] - openBrowser(testHarnessURL): Browser is opened with url: 'https://dev-algorithm.govolution.com/vrelaytest/QA2/version_2_2/vrelaytest.html'

24-10-2024T08:01:18 - [MESSAGE][INFO] - Starting 'Edge Chromium' driver

24-10-2024T08:01:18 - [MESSAGE][INFO] - User set preference: ['acceptInsecureCerts', 'true']

24-10-2024T08:01:20 - [MESSAGE][INFO] - Action delay is set to 0 milliseconds

24-10-2024T08:01:24 - [MESSAGE][PASSED] - Browser is opened with url: 'https://dev-algorithm.govolution.com/vrelaytest/QA2/version_2_2/vrelaytest.html'

24-10-2024T08:01:24 - [TEST_STEP][PASSED] - maximizeWindow(): Current window maximized

24-10-2024T08:01:24 - [MESSAGE][PASSED] - Current window maximized

24-10-2024T08:01:24 - [TEST_STEP][PASSED] - iwpPages.TestHarnessPage.setDataMethod(row, dataFile): iwpPages.TestHarnessPage.setDataMethod is PASSED

24-10-2024T08:01:25 - [MESSAGE][PASSED] - Object 'Object Repository/IWP30/Page_QATestHarness/RemittanceID' is present

24-10-2024T08:01:25 - [MESSAGE][PASSED] - Text '638' is set on object 'Object Repository/IWP30/Page_QATestHarness/ApplicationID'

24-10-2024T08:01:26 - [MESSAGE][PASSED] - Text '2.5' is set on object 'Object Repository/IWP30/Page_QATestHarness/MessageVersion'

24-10-2024T08:01:27 - [MESSAGE][PASSED] - Text 'LwFKnuS9ZWmS' is set on object 'Object Repository/IWP30/Page_QATestHarness/RemittanceID'

24-10-2024T08:01:30 - [MESSAGE][PASSED] - Object: 'Object Repository/IWP30/Page_QATestHarness/SubmitButton' is clicked on

24-10-2024T08:01:30 - [MESSAGE][PASSED] - iwpPages.TestHarnessPage.setDataMethod is PASSED

24-10-2024T08:01:30 - [TEST_STEP][PASSED] - click(findTestObject("Object Repository/IWP30/Page_SelectPaymentMethod/PayByPersonalCheck")): Object: 'Object Repository/IWP30/Page_SelectPaymentMethod/PayByPersonalCheck' is clicked on

24-10-2024T08:01:31 - [MESSAGE][PASSED] - Object: 'Object Repository/IWP30/Page_SelectPaymentMethod/PayByPersonalCheck' is clicked on

24-10-2024T08:01:31 - [TEST_STEP][PASSED] - click(findTestObject("Object Repository/IWP30/Page_SelectPaymentMethod/MakePaymentButton")): Object: 'Object Repository/IWP30/Page_SelectPaymentMethod/MakePaymentButton' is clicked on

24-10-2024T08:01:34 - [MESSAGE][PASSED] - Object: 'Object Repository/IWP30/Page_SelectPaymentMethod/MakePaymentButton' is clicked on

24-10-2024T08:01:34 - [TEST_STEP][PASSED] - iwpPages.achPersonalPaymentEntryPage.setDataACHPPM(row, dataFile): iwpPages.achPersonalPaymentEntryPage.setDataACHPPM is PASSED

24-10-2024T08:01:35 - [MESSAGE][PASSED] - Object 'Object Repository/IWP30/Page_ACHPersonalPaymentEntry/txt_accountNumber' is present

24-10-2024T08:01:35 - [MESSAGE][PASSED] - Text '10.50' is set on object 'Object Repository/IWP30/Page_ACHPersonalPaymentEntry/txt_Amount'

24-10-2024T08:01:36 - [MESSAGE][PASSED] - Object 'Object Repository/IWP30/Page_ACHPersonalPaymentEntry/txt_UDF2' is present

24-10-2024T08:01:36 - [MESSAGE][PASSED] - Text 'udf data 2' is set on object 'Object Repository/IWP30/Page_ACHPersonalPaymentEntry/txt_UDF2'

24-10-2024T08:01:37 - [MESSAGE][PASSED] - Text 'udf data 3' is set on object 'Object Repository/IWP30/Page_ACHPersonalPaymentEntry/txt_UDF3'

24-10-2024T08:01:37 - [MESSAGE][PASSED] - All options with label 'Orange' are selected in object 'Object Repository/IWP30/Page_ACHPersonalPaymentEntry/dd_UDF7' 

24-10-2024T08:01:38 - [MESSAGE][PASSED] - All options with label 'Soccer' are selected in object 'Object Repository/IWP30/Page_ACHPersonalPaymentEntry/dd_UDF8' 

24-10-2024T08:01:38 - [MESSAGE][PASSED] - Object 'Object Repository/IWP30/Page_ACHPersonalPaymentEntry/txt_Firstname' is present

24-10-2024T08:01:39 - [MESSAGE][PASSED] - Text 'Curlonty' is set on object 'Object Repository/IWP30/Page_ACHPersonalPaymentEntry/txt_Firstname'

24-10-2024T08:01:39 - [MESSAGE][PASSED] - Object 'Object Repository/IWP30/Page_ACHPersonalPaymentEntry/txt_Lastname' is present

24-10-2024T08:01:40 - [MESSAGE][PASSED] - Text 'Lachuga' is set on object 'Object Repository/IWP30/Page_ACHPersonalPaymentEntry/txt_Lastname'

24-10-2024T08:01:40 - [MESSAGE][PASSED] - Object 'Object Repository/IWP30/Page_ACHPersonalPaymentEntry/txt_routingNumber' is present

24-10-2024T08:01:40 - [MESSAGE][PASSED] - Text '256072691' is set on object 'Object Repository/IWP30/Page_ACHPersonalPaymentEntry/txt_routingNumber'

24-10-2024T08:01:41 - [MESSAGE][PASSED] - Object 'Object Repository/IWP30/Page_ACHPersonalPaymentEntry/txt_accountNumber' is present

24-10-2024T08:01:42 - [MESSAGE][PASSED] - Text '12342222' is set on object 'Object Repository/IWP30/Page_ACHPersonalPaymentEntry/txt_accountNumber'

24-10-2024T08:01:42 - [MESSAGE][PASSED] - Object 'Object Repository/IWP30/Page_ACHPersonalPaymentEntry/txt_confirmAccountNumber' is present

24-10-2024T08:01:43 - [MESSAGE][PASSED] - Text '12342222' is set on object 'Object Repository/IWP30/Page_ACHPersonalPaymentEntry/txt_confirmAccountNumber'

24-10-2024T08:01:43 - [MESSAGE][PASSED] - Object 'Object Repository/IWP30/Page_ACHPersonalPaymentEntry/rd_accountType' is present

24-10-2024T08:01:43 - [MESSAGE][PASSED] - Modify property of object successfully

24-10-2024T08:01:43 - [MESSAGE][PASSED] - Object: 'Object Repository/IWP30/Page_ACHPersonalPaymentEntry/rd_accountType' is clicked on

24-10-2024T08:01:44 - [MESSAGE][PASSED] - Text '365 Main Avenue' is set on object 'Object Repository/IWP30/Page_ACHPersonalPaymentEntry/txt_AL1'

24-10-2024T08:01:45 - [MESSAGE][PASSED] - Text '22201' is set on object 'Object Repository/IWP30/Page_ACHPersonalPaymentEntry/txt_ZIP'

24-10-2024T08:01:45 - [MESSAGE][PASSED] - Object 'Object Repository/IWP30/Page_ACHPersonalPaymentEntry/txt_Email' is present

24-10-2024T08:01:46 - [MESSAGE][PASSED] - Text 'iahmed@govolution.com' is set on object 'Object Repository/IWP30/Page_ACHPersonalPaymentEntry/txt_Email'

24-10-2024T08:01:46 - [MESSAGE][PASSED] - Object 'Object Repository/IWP30/Page_ACHPersonalPaymentEntry/cb_TermsAndCond' is present

24-10-2024T08:01:46 - [MESSAGE][PASSED] - Object: 'Object Repository/IWP30/Page_ACHPersonalPaymentEntry/cb_TermsAndCond' is clicked on

24-10-2024T08:01:47 - [MESSAGE][PASSED] - Object 'Object Repository/IWP30/Page_ACHPersonalPaymentEntry/btn_Continue' is present

24-10-2024T08:01:48 - [MESSAGE][PASSED] - Object: 'Object Repository/IWP30/Page_ACHPersonalPaymentEntry/btn_Continue' is clicked on

24-10-2024T08:01:48 - [MESSAGE][PASSED] - iwpPages.achPersonalPaymentEntryPage.setDataACHPPM is PASSED

24-10-2024T08:01:48 - [TEST_STEP][PASSED] - click(findTestObject("Object Repository/IWP30/Page_Confirmation/ConfirmButton")): Object: 'Object Repository/IWP30/Page_Confirmation/ConfirmButton' is clicked on

24-10-2024T08:01:50 - [MESSAGE][PASSED] - Object: 'Object Repository/IWP30/Page_Confirmation/ConfirmButton' is clicked on

24-10-2024T08:01:50 - [TEST_STEP][PASSED] - Thread.sleep(15000): null

24-10-2024T08:02:05 - [TEST_STEP][PASSED] - if (verifyTextPresent("Make a Real Estate Payment", false)): null

24-10-2024T08:02:06 - [MESSAGE][PASSED] - Text 'Make a Real Estate Payment' is present on page 

24-10-2024T08:02:06 - [TEST_STEP][PASSED] - isRequiredTextPresent = true: null

24-10-2024T08:02:06 - [TEST_STEP][PASSED] - println(isRequiredTextPresent): null

24-10-2024T08:02:06 - [TEST_STEP][PASSED] - if (isRequiredTextPresent): null

24-10-2024T08:02:06 - [TEST_STEP][PASSED] - if (verifyTextPresent("Successful Payment Receipt", false)): null

24-10-2024T08:02:06 - [MESSAGE][PASSED] - Text 'Successful Payment Receipt' is present on page 

24-10-2024T08:02:06 - [TEST_STEP][PASSED] - isRequiredTextPresent = true: null

24-10-2024T08:02:06 - [TEST_STEP][PASSED] - println(isRequiredTextPresent): null

24-10-2024T08:02:06 - [TEST_STEP][PASSED] - if (isRequiredTextPresent): null

24-10-2024T08:02:06 - [TEST_STEP][PASSED] - if (verifyTextPresent("Please print this receipt for your records", false)): null

24-10-2024T08:02:06 - [MESSAGE][PASSED] - Text 'Please print this receipt for your records' is present on page 

24-10-2024T08:02:06 - [TEST_STEP][PASSED] - isRequiredTextPresent = true: null

24-10-2024T08:02:06 - [TEST_STEP][PASSED] - if (isRequiredTextPresent): null

24-10-2024T08:02:06 - [TEST_STEP][PASSED] - if (verifyTextPresent("Remittance ID:", false)): null

24-10-2024T08:02:06 - [MESSAGE][PASSED] - Text 'Remittance ID:' is present on page 

24-10-2024T08:02:06 - [TEST_STEP][PASSED] - isRequiredTextPresent = true: null

24-10-2024T08:02:06 - [TEST_STEP][PASSED] - if (isRequiredTextPresent): null

24-10-2024T08:02:06 - [TEST_STEP][PASSED] - if (verifyTextPresent("Payment ID:", false)): null

24-10-2024T08:02:07 - [MESSAGE][PASSED] - Text 'Payment ID:' is present on page 

24-10-2024T08:02:07 - [TEST_STEP][PASSED] - isRequiredTextPresent = true: null

24-10-2024T08:02:07 - [TEST_STEP][PASSED] - if (isRequiredTextPresent): null

24-10-2024T08:02:07 - [TEST_STEP][PASSED] - if (verifyTextPresent("CAN Label:", false)): null

24-10-2024T08:02:07 - [MESSAGE][PASSED] - Text 'CAN Label:' is present on page 

24-10-2024T08:02:07 - [TEST_STEP][PASSED] - isRequiredTextPresent = true: null

24-10-2024T08:02:07 - [TEST_STEP][PASSED] - if (isRequiredTextPresent): null

24-10-2024T08:02:07 - [TEST_STEP][PASSED] - if (verifyTextPresent("Received:", false)): null

24-10-2024T08:02:07 - [MESSAGE][PASSED] - Text 'Received:' is present on page 

24-10-2024T08:02:07 - [TEST_STEP][PASSED] - isRequiredTextPresent = true: null

24-10-2024T08:02:07 - [TEST_STEP][PASSED] - if (isRequiredTextPresent): null

24-10-2024T08:02:07 - [TEST_STEP][PASSED] - if (verifyTextPresent("UDF1 Label:", false)): null

24-10-2024T08:02:07 - [MESSAGE][PASSED] - Text 'UDF1 Label:' is present on page 

24-10-2024T08:02:07 - [TEST_STEP][PASSED] - isRequiredTextPresent = true: null

24-10-2024T08:02:07 - [TEST_STEP][PASSED] - if (isRequiredTextPresent): null

24-10-2024T08:02:07 - [TEST_STEP][PASSED] - if (verifyTextPresent("UDF2 Label:", false)): null

24-10-2024T08:02:08 - [MESSAGE][PASSED] - Text 'UDF2 Label:' is present on page 

24-10-2024T08:02:08 - [TEST_STEP][PASSED] - isRequiredTextPresent = true: null

24-10-2024T08:02:08 - [TEST_STEP][PASSED] - if (isRequiredTextPresent): null

24-10-2024T08:02:08 - [TEST_STEP][PASSED] - if (verifyTextPresent("UDF3 Label:", false)): null

24-10-2024T08:02:08 - [MESSAGE][PASSED] - Text 'UDF3 Label:' is present on page 

24-10-2024T08:02:08 - [TEST_STEP][PASSED] - isRequiredTextPresent = true: null

24-10-2024T08:02:08 - [TEST_STEP][PASSED] - if (isRequiredTextPresent): null

24-10-2024T08:02:08 - [TEST_STEP][PASSED] - if (verifyTextPresent("UDF4 Label:", false)): null

24-10-2024T08:02:08 - [MESSAGE][PASSED] - Text 'UDF4 Label:' is present on page 

24-10-2024T08:02:08 - [TEST_STEP][PASSED] - isRequiredTextPresent = true: null

24-10-2024T08:02:08 - [TEST_STEP][PASSED] - if (isRequiredTextPresent): null

24-10-2024T08:02:08 - [TEST_STEP][PASSED] - if (verifyTextPresent("UDF6 Label:", false)): null

24-10-2024T08:02:08 - [MESSAGE][PASSED] - Text 'UDF6 Label:' is present on page 

24-10-2024T08:02:08 - [TEST_STEP][PASSED] - isRequiredTextPresent = true: null

24-10-2024T08:02:08 - [TEST_STEP][PASSED] - if (isRequiredTextPresent): null

24-10-2024T08:02:08 - [TEST_STEP][PASSED] - if (verifyTextPresent("UDF7 Label:", false)): null

24-10-2024T08:02:09 - [MESSAGE][PASSED] - Text 'UDF7 Label:' is present on page 

24-10-2024T08:02:09 - [TEST_STEP][PASSED] - isRequiredTextPresent = true: null

24-10-2024T08:02:09 - [TEST_STEP][PASSED] - if (isRequiredTextPresent): null

24-10-2024T08:02:09 - [TEST_STEP][PASSED] - if (verifyTextPresent("UDF8 Label:", false)): null

24-10-2024T08:02:09 - [MESSAGE][PASSED] - Text 'UDF8 Label:' is present on page 

24-10-2024T08:02:09 - [TEST_STEP][PASSED] - isRequiredTextPresent = true: null

24-10-2024T08:02:09 - [TEST_STEP][PASSED] - if (isRequiredTextPresent): null

24-10-2024T08:02:09 - [TEST_STEP][PASSED] - if (verifyTextPresent("UDF9 Label:", false)): null

24-10-2024T08:02:09 - [MESSAGE][PASSED] - Text 'UDF9 Label:' is present on page 

24-10-2024T08:02:09 - [TEST_STEP][PASSED] - isRequiredTextPresent = true: null

24-10-2024T08:02:09 - [TEST_STEP][PASSED] - if (isRequiredTextPresent): null

24-10-2024T08:02:09 - [TEST_STEP][PASSED] - if (verifyTextPresent("Tax Amount:", false)): null

24-10-2024T08:02:10 - [MESSAGE][PASSED] - Text 'Tax Amount:' is present on page 

24-10-2024T08:02:10 - [TEST_STEP][PASSED] - isRequiredTextPresent = true: null

24-10-2024T08:02:10 - [TEST_STEP][PASSED] - if (isRequiredTextPresent): null

24-10-2024T08:02:10 - [TEST_STEP][PASSED] - if (verifyTextPresent("Amount:", false)): null

24-10-2024T08:02:10 - [MESSAGE][PASSED] - Text 'Amount:' is present on page 

24-10-2024T08:02:10 - [TEST_STEP][PASSED] - isRequiredTextPresent = true: null

24-10-2024T08:02:10 - [TEST_STEP][PASSED] - if (isRequiredTextPresent): null

24-10-2024T08:02:10 - [TEST_STEP][PASSED] - if (verifyTextPresent("Transaction Type:", false)): null

24-10-2024T08:02:10 - [MESSAGE][PASSED] - Text 'Transaction Type:' is present on page 

24-10-2024T08:02:10 - [TEST_STEP][PASSED] - isRequiredTextPresent = true: null

24-10-2024T08:02:10 - [TEST_STEP][PASSED] - if (isRequiredTextPresent): null

24-10-2024T08:02:10 - [TEST_STEP][PASSED] - if (verifyTextPresent("Check Information:", false)): null

24-10-2024T08:02:10 - [MESSAGE][PASSED] - Text 'Check Information:' is present on page 

24-10-2024T08:02:10 - [TEST_STEP][PASSED] - isRequiredTextPresent = true: null

24-10-2024T08:02:10 - [TEST_STEP][PASSED] - if (isRequiredTextPresent): null

24-10-2024T08:02:10 - [TEST_STEP][PASSED] - if (verifyTextPresent("Name on Account:", false)): null

24-10-2024T08:02:11 - [MESSAGE][PASSED] - Text 'Name on Account:' is present on page 

24-10-2024T08:02:11 - [TEST_STEP][PASSED] - isRequiredTextPresent = true: null

24-10-2024T08:02:11 - [TEST_STEP][PASSED] - if (isRequiredTextPresent): null

24-10-2024T08:02:11 - [TEST_STEP][PASSED] - if (verifyTextPresent("Routing Number:", false)): null

24-10-2024T08:02:11 - [MESSAGE][PASSED] - Text 'Routing Number:' is present on page 

24-10-2024T08:02:11 - [TEST_STEP][PASSED] - isRequiredTextPresent = true: null

24-10-2024T08:02:11 - [TEST_STEP][PASSED] - if (isRequiredTextPresent): null

24-10-2024T08:02:11 - [TEST_STEP][PASSED] - if (verifyTextPresent("Account Number:", false)): null

24-10-2024T08:02:11 - [MESSAGE][PASSED] - Text 'Account Number:' is present on page 

24-10-2024T08:02:11 - [TEST_STEP][PASSED] - isRequiredTextPresent = true: null

24-10-2024T08:02:11 - [TEST_STEP][PASSED] - if (isRequiredTextPresent): null

24-10-2024T08:02:11 - [TEST_STEP][PASSED] - if (verifyTextPresent("Account Type:", false)): null

24-10-2024T08:02:11 - [MESSAGE][PASSED] - Text 'Account Type:' is present on page 

24-10-2024T08:02:11 - [TEST_STEP][PASSED] - isRequiredTextPresent = true: null

24-10-2024T08:02:11 - [TEST_STEP][PASSED] - if (isRequiredTextPresent): null

24-10-2024T08:02:11 - [TEST_STEP][PASSED] - if (verifyTextPresent("Billing Information:", false)): null

24-10-2024T08:02:12 - [MESSAGE][PASSED] - Text 'Billing Information:' is present on page 

24-10-2024T08:02:12 - [TEST_STEP][PASSED] - isRequiredTextPresent = true: null

24-10-2024T08:02:12 - [TEST_STEP][PASSED] - if (isRequiredTextPresent): null

24-10-2024T08:02:12 - [TEST_STEP][PASSED] - if (verifyTextPresent("Address Line 1:", false)): null

24-10-2024T08:02:12 - [MESSAGE][PASSED] - Text 'Address Line 1:' is present on page 

24-10-2024T08:02:12 - [TEST_STEP][PASSED] - isRequiredTextPresent = true: null

24-10-2024T08:02:12 - [TEST_STEP][PASSED] - if (isRequiredTextPresent): null

24-10-2024T08:02:12 - [TEST_STEP][PASSED] - if (verifyTextPresent("Country:", false)): null

24-10-2024T08:02:12 - [MESSAGE][PASSED] - Text 'Country:' is present on page 

24-10-2024T08:02:12 - [TEST_STEP][PASSED] - isRequiredTextPresent = true: null

24-10-2024T08:02:12 - [TEST_STEP][PASSED] - if (isRequiredTextPresent): null

24-10-2024T08:02:12 - [TEST_STEP][PASSED] - if (verifyTextPresent("City:", false)): null

24-10-2024T08:02:12 - [MESSAGE][PASSED] - Text 'City:' is present on page 

24-10-2024T08:02:12 - [TEST_STEP][PASSED] - isRequiredTextPresent = true: null

24-10-2024T08:02:12 - [TEST_STEP][PASSED] - if (isRequiredTextPresent): null

24-10-2024T08:02:12 - [TEST_STEP][PASSED] - if (verifyTextPresent("State:", false)): null

24-10-2024T08:02:13 - [MESSAGE][PASSED] - Text 'State:' is present on page 

24-10-2024T08:02:13 - [TEST_STEP][PASSED] - isRequiredTextPresent = true: null

24-10-2024T08:02:13 - [TEST_STEP][PASSED] - if (isRequiredTextPresent): null

24-10-2024T08:02:13 - [TEST_STEP][PASSED] - if (verifyTextPresent("ZIP Code:", false)): null

24-10-2024T08:02:13 - [MESSAGE][PASSED] - Text 'ZIP Code:' is present on page 

24-10-2024T08:02:13 - [TEST_STEP][PASSED] - isRequiredTextPresent = true: null

24-10-2024T08:02:13 - [TEST_STEP][PASSED] - if (isRequiredTextPresent): null

24-10-2024T08:02:13 - [TEST_STEP][PASSED] - if (verifyTextPresent("Please click here to make another payment.", false)): null

24-10-2024T08:02:13 - [MESSAGE][PASSED] - Text 'Please click here to make another payment.' is present on page 

24-10-2024T08:02:13 - [TEST_STEP][PASSED] - isRequiredTextPresent = true: null

24-10-2024T08:02:13 - [TEST_STEP][ERROR] - if (isRequiredTextPresent == true): Test Cases/IntegratedWeb/IWP25/Payments/VerifyReceiptPageLabelsPS FAILED.
Reason:
com.kms.katalon.core.exception.StepErrorException: org.codehaus.groovy.runtime.InvokerInvocationException: java.io.FileNotFoundException: KatalonData\IWPTestData\VRelay25Payments.xlsx (The process cannot access the file because it is being used by another process)
	at com.kms.katalon.core.main.CustomKeywordDelegatingMetaClass.throwError(CustomKeywordDelegatingMetaClass.java:101)
	at com.kms.katalon.core.main.CustomKeywordDelegatingMetaClass.invokeStaticMethod(CustomKeywordDelegatingMetaClass.java:73)
	at VerifyReceiptPageLabelsPS.run(VerifyReceiptPageLabelsPS:362)
	at com.kms.katalon.core.main.ScriptEngine.run(ScriptEngine.java:194)
	at com.kms.katalon.core.main.ScriptEngine.runScriptAsRawText(ScriptEngine.java:119)
	at com.kms.katalon.core.main.TestCaseExecutor.runScript(TestCaseExecutor.java:448)
	at com.kms.katalon.core.main.TestCaseExecutor.doExecute(TestCaseExecutor.java:439)
	at com.kms.katalon.core.main.TestCaseExecutor.processExecutionPhase(TestCaseExecutor.java:418)
	at com.kms.katalon.core.main.TestCaseExecutor.accessMainPhase(TestCaseExecutor.java:410)
	at com.kms.katalon.core.main.TestCaseExecutor.execute(TestCaseExecutor.java:285)
	at com.kms.katalon.core.common.CommonExecutor.accessTestCaseMainPhase(CommonExecutor.java:65)
	at com.kms.katalon.core.main.TestSuiteExecutor.accessTestSuiteMainPhase(TestSuiteExecutor.java:150)
	at com.kms.katalon.core.main.TestSuiteExecutor.execute(TestSuiteExecutor.java:106)
	at com.kms.katalon.core.main.TestCaseMain.startTestSuite(TestCaseMain.java:180)
	at TempTestSuite1729731001385.run(TempTestSuite1729731001385.groovy:35)
	at java.base/jdk.internal.reflect.NativeMethodAccessorImpl.invoke0(Native Method)
	at java.base/jdk.internal.reflect.NativeMethodAccessorImpl.invoke(NativeMethodAccessorImpl.java:77)
	at java.base/jdk.internal.reflect.DelegatingMethodAccessorImpl.invoke(DelegatingMethodAccessorImpl.java:43)
Caused by: org.codehaus.groovy.runtime.InvokerInvocationException: java.io.FileNotFoundException: KatalonData\IWPTestData\VRelay25Payments.xlsx (The process cannot access the file because it is being used by another process)
	at com.kms.katalon.core.main.CustomKeywordDelegatingMetaClass.invokeStaticMethod(CustomKeywordDelegatingMetaClass.java:55)
	at Script1724951210695.run(Script1724951210695.groovy:362)
	... 15 more
Caused by: java.io.FileNotFoundException: KatalonData\IWPTestData\VRelay25Payments.xlsx (The process cannot access the file because it is being used by another process)
	at pages.WriteExcel.demoKey(WriteExcel.groovy:93)
	at jdk.internal.reflect.GeneratedMethodAccessor43.invoke(Unknown Source)
	at java.base/jdk.internal.reflect.DelegatingMethodAccessorImpl.invoke(DelegatingMethodAccessorImpl.java:43)
	at com.kms.katalon.core.main.CustomKeywordDelegatingMetaClass.invokeStaticMethod(CustomKeywordDelegatingMetaClass.java:55)
	at VerifyReceiptPageLabelsPS.run(VerifyReceiptPageLabelsPS:362)
	... 15 more


24-10-2024T08:02:13 - [TEST_STEP][PASSED] - println("All the relevant texts are present on Receipt Page"): null

24-10-2024T08:02:13 - [TEST_STEP][PASSED] - markPassed("All the relevant texts are present on Receipt Page"): All the relevant texts are present on Receipt Page

24-10-2024T08:02:13 - [MESSAGE][PASSED] - All the relevant texts are present on Receipt Page

24-10-2024T08:02:13 - [TEST_STEP][PASSED] - resText = "Pass": null

24-10-2024T08:02:13 - [TEST_STEP][ERROR] - pages.WriteExcel.demoKey(resText, datText, resColumn, datCloumn, fileLoc, nameSheet, row): Test Cases/IntegratedWeb/IWP25/Payments/VerifyReceiptPageLabelsPS FAILED.
Reason:
com.kms.katalon.core.exception.StepErrorException: org.codehaus.groovy.runtime.InvokerInvocationException: java.io.FileNotFoundException: KatalonData\IWPTestData\VRelay25Payments.xlsx (The process cannot access the file because it is being used by another process)
	at com.kms.katalon.core.main.CustomKeywordDelegatingMetaClass.throwError(CustomKeywordDelegatingMetaClass.java:101)
	at com.kms.katalon.core.main.CustomKeywordDelegatingMetaClass.invokeStaticMethod(CustomKeywordDelegatingMetaClass.java:73)
	at VerifyReceiptPageLabelsPS.run(VerifyReceiptPageLabelsPS:362)
	at com.kms.katalon.core.main.ScriptEngine.run(ScriptEngine.java:194)
	at com.kms.katalon.core.main.ScriptEngine.runScriptAsRawText(ScriptEngine.java:119)
	at com.kms.katalon.core.main.TestCaseExecutor.runScript(TestCaseExecutor.java:448)
	at com.kms.katalon.core.main.TestCaseExecutor.doExecute(TestCaseExecutor.java:439)
	at com.kms.katalon.core.main.TestCaseExecutor.processExecutionPhase(TestCaseExecutor.java:418)
	at com.kms.katalon.core.main.TestCaseExecutor.accessMainPhase(TestCaseExecutor.java:410)
	at com.kms.katalon.core.main.TestCaseExecutor.execute(TestCaseExecutor.java:285)
	at com.kms.katalon.core.common.CommonExecutor.accessTestCaseMainPhase(CommonExecutor.java:65)
	at com.kms.katalon.core.main.TestSuiteExecutor.accessTestSuiteMainPhase(TestSuiteExecutor.java:150)
	at com.kms.katalon.core.main.TestSuiteExecutor.execute(TestSuiteExecutor.java:106)
	at com.kms.katalon.core.main.TestCaseMain.startTestSuite(TestCaseMain.java:180)
	at TempTestSuite1729731001385.run(TempTestSuite1729731001385.groovy:35)
	at java.base/jdk.internal.reflect.NativeMethodAccessorImpl.invoke0(Native Method)
	at java.base/jdk.internal.reflect.NativeMethodAccessorImpl.invoke(NativeMethodAccessorImpl.java:77)
	at java.base/jdk.internal.reflect.DelegatingMethodAccessorImpl.invoke(DelegatingMethodAccessorImpl.java:43)
Caused by: org.codehaus.groovy.runtime.InvokerInvocationException: java.io.FileNotFoundException: KatalonData\IWPTestData\VRelay25Payments.xlsx (The process cannot access the file because it is being used by another process)
	at com.kms.katalon.core.main.CustomKeywordDelegatingMetaClass.invokeStaticMethod(CustomKeywordDelegatingMetaClass.java:55)
	at Script1724951210695.run(Script1724951210695.groovy:362)
	... 15 more
Caused by: java.io.FileNotFoundException: KatalonData\IWPTestData\VRelay25Payments.xlsx (The process cannot access the file because it is being used by another process)
	at pages.WriteExcel.demoKey(WriteExcel.groovy:93)
	at jdk.internal.reflect.GeneratedMethodAccessor43.invoke(Unknown Source)
	at java.base/jdk.internal.reflect.DelegatingMethodAccessorImpl.invoke(DelegatingMethodAccessorImpl.java:43)
	at com.kms.katalon.core.main.CustomKeywordDelegatingMetaClass.invokeStaticMethod(CustomKeywordDelegatingMetaClass.java:55)
	at VerifyReceiptPageLabelsPS.run(VerifyReceiptPageLabelsPS:362)
	... 15 more


24-10-2024T08:02:13 - [MESSAGE][ERROR] - java.io.FileNotFoundException: KatalonData\IWPTestData\VRelay25Payments.xlsx (The process cannot access the file because it is being used by another process)

24-10-2024T08:02:13 - [MESSAGE][ERROR] - Test Cases/IntegratedWeb/IWP25/Payments/VerifyReceiptPageLabelsPS FAILED.
Reason:
com.kms.katalon.core.exception.StepErrorException: org.codehaus.groovy.runtime.InvokerInvocationException: java.io.FileNotFoundException: KatalonData\IWPTestData\VRelay25Payments.xlsx (The process cannot access the file because it is being used by another process)
	at com.kms.katalon.core.main.CustomKeywordDelegatingMetaClass.throwError(CustomKeywordDelegatingMetaClass.java:101)
	at com.kms.katalon.core.main.CustomKeywordDelegatingMetaClass.invokeStaticMethod(CustomKeywordDelegatingMetaClass.java:73)
	at VerifyReceiptPageLabelsPS.run(VerifyReceiptPageLabelsPS:362)
	at com.kms.katalon.core.main.ScriptEngine.run(ScriptEngine.java:194)
	at com.kms.katalon.core.main.ScriptEngine.runScriptAsRawText(ScriptEngine.java:119)
	at com.kms.katalon.core.main.TestCaseExecutor.runScript(TestCaseExecutor.java:448)
	at com.kms.katalon.core.main.TestCaseExecutor.doExecute(TestCaseExecutor.java:439)
	at com.kms.katalon.core.main.TestCaseExecutor.processExecutionPhase(TestCaseExecutor.java:418)
	at com.kms.katalon.core.main.TestCaseExecutor.accessMainPhase(TestCaseExecutor.java:410)
	at com.kms.katalon.core.main.TestCaseExecutor.execute(TestCaseExecutor.java:285)
	at com.kms.katalon.core.common.CommonExecutor.accessTestCaseMainPhase(CommonExecutor.java:65)
	at com.kms.katalon.core.main.TestSuiteExecutor.accessTestSuiteMainPhase(TestSuiteExecutor.java:150)
	at com.kms.katalon.core.main.TestSuiteExecutor.execute(TestSuiteExecutor.java:106)
	at com.kms.katalon.core.main.TestCaseMain.startTestSuite(TestCaseMain.java:180)
	at TempTestSuite1729731001385.run(TempTestSuite1729731001385.groovy:35)
	at java.base/jdk.internal.reflect.NativeMethodAccessorImpl.invoke0(Native Method)
	at java.base/jdk.internal.reflect.NativeMethodAccessorImpl.invoke(NativeMethodAccessorImpl.java:77)
	at java.base/jdk.internal.reflect.DelegatingMethodAccessorImpl.invoke(DelegatingMethodAccessorImpl.java:43)
Caused by: org.codehaus.groovy.runtime.InvokerInvocationException: java.io.FileNotFoundException: KatalonData\IWPTestData\VRelay25Payments.xlsx (The process cannot access the file because it is being used by another process)
	at com.kms.katalon.core.main.CustomKeywordDelegatingMetaClass.invokeStaticMethod(CustomKeywordDelegatingMetaClass.java:55)
	at Script1724951210695.run(Script1724951210695.groovy:362)
	... 15 more
Caused by: java.io.FileNotFoundException: KatalonData\IWPTestData\VRelay25Payments.xlsx (The process cannot access the file because it is being used by another process)
	at pages.WriteExcel.demoKey(WriteExcel.groovy:93)
	at jdk.internal.reflect.GeneratedMethodAccessor43.invoke(Unknown Source)
	at java.base/jdk.internal.reflect.DelegatingMethodAccessorImpl.invoke(DelegatingMethodAccessorImpl.java:43)
	at com.kms.katalon.core.main.CustomKeywordDelegatingMetaClass.invokeStaticMethod(CustomKeywordDelegatingMetaClass.java:55)
	at VerifyReceiptPageLabelsPS.run(VerifyReceiptPageLabelsPS:362)
	... 15 more]]></system-out>
         <system-err><![CDATA[24-10-2024T08:00:14 - [TEST_CASE][ERROR] - Test Cases/IntegratedWeb/IWP25/Payments/VerifyReceiptPageLabelsPS: Test Cases/IntegratedWeb/IWP25/Payments/VerifyReceiptPageLabelsPS FAILED.
Reason:
org.codehaus.groovy.runtime.InvokerInvocationException: java.io.FileNotFoundException: KatalonData\IWPTestData\VRelay25Payments.xlsx (The process cannot access the file because it is being used by another process)
	at com.kms.katalon.core.main.CustomKeywordDelegatingMetaClass.invokeStaticMethod(CustomKeywordDelegatingMetaClass.java:55)
	at VerifyReceiptPageLabelsPS.run(VerifyReceiptPageLabelsPS:362)
	at com.kms.katalon.core.main.ScriptEngine.run(ScriptEngine.java:194)
	at com.kms.katalon.core.main.ScriptEngine.runScriptAsRawText(ScriptEngine.java:119)
	at com.kms.katalon.core.main.TestCaseExecutor.runScript(TestCaseExecutor.java:448)
	at com.kms.katalon.core.main.TestCaseExecutor.doExecute(TestCaseExecutor.java:439)
	at com.kms.katalon.core.main.TestCaseExecutor.processExecutionPhase(TestCaseExecutor.java:418)
	at com.kms.katalon.core.main.TestCaseExecutor.accessMainPhase(TestCaseExecutor.java:410)
	at com.kms.katalon.core.main.TestCaseExecutor.execute(TestCaseExecutor.java:285)
	at com.kms.katalon.core.common.CommonExecutor.accessTestCaseMainPhase(CommonExecutor.java:65)
	at com.kms.katalon.core.main.TestSuiteExecutor.accessTestSuiteMainPhase(TestSuiteExecutor.java:150)
	at com.kms.katalon.core.main.TestSuiteExecutor.execute(TestSuiteExecutor.java:106)
	at com.kms.katalon.core.main.TestCaseMain.startTestSuite(TestCaseMain.java:180)
	at TempTestSuite1729731001385.run(TempTestSuite1729731001385.groovy:35)
	at java.base/jdk.internal.reflect.NativeMethodAccessorImpl.invoke0(Native Method)
	at java.base/jdk.internal.reflect.NativeMethodAccessorImpl.invoke(NativeMethodAccessorImpl.java:77)
	at java.base/jdk.internal.reflect.DelegatingMethodAccessorImpl.invoke(DelegatingMethodAccessorImpl.java:43)
Caused by: java.io.FileNotFoundException: KatalonData\IWPTestData\VRelay25Payments.xlsx (The process cannot access the file because it is being used by another process)
	at pages.WriteExcel.demoKey(WriteExcel.groovy:93)
	at jdk.internal.reflect.GeneratedMethodAccessor43.invoke(Unknown Source)
	at java.base/jdk.internal.reflect.DelegatingMethodAccessorImpl.invoke(DelegatingMethodAccessorImpl.java:43)
	... 17 more]]></system-err>
      </testcase>
      <testcase name="Test Cases/IntegratedWeb/IWP25/Payments/CCAutoPayCorp" time="241.092" classname="Test Cases/IntegratedWeb/IWP25/Payments/CCAutoPayCorp" status="FAILED">
         <failure type="FAILED" message="Test Cases/IntegratedWeb/IWP25/Payments/CCAutoPayCorp FAILED.&#xa;Reason:&#xa;com.kms.katalon.core.exception.StepFailedException: Text 'AutoPay' is not present on page  (Root cause: com.kms.katalon.core.exception.StepFailedException: Text 'AutoPay' is not present on page &#xa;	at com.kms.katalon.core.webui.keyword.internal.WebUIKeywordMain.stepFailed(WebUIKeywordMain.groovy:64)&#xa;	at com.kms.katalon.core.webui.keyword.builtin.VerifyTextPresentKeyword$_verifyTextPresent_closure1.doCall(VerifyTextPresentKeyword.groovy:79)&#xa;	at com.kms.katalon.core.webui.keyword.builtin.VerifyTextPresentKeyword$_verifyTextPresent_closure1.call(VerifyTextPresentKeyword.groovy)&#xa;	at com.kms.katalon.core.webui.keyword.internal.WebUIKeywordMain.runKeyword(WebUIKeywordMain.groovy:20)&#xa;	at com.kms.katalon.core.webui.keyword.builtin.VerifyTextPresentKeyword.verifyTextPresent(VerifyTextPresentKeyword.groovy:83)&#xa;	at com.kms.katalon.core.webui.keyword.builtin.VerifyTextPresentKeyword.execute(VerifyTextPresentKeyword.groovy:68)&#xa;	at com.kms.katalon.core.keyword.internal.KeywordExecutor.executeKeywordForPlatform(KeywordExecutor.groovy:74)&#xa;	at com.kms.katalon.core.webui.keyword.WebUiBuiltInKeywords.verifyTextPresent(WebUiBuiltInKeywords.groovy:1762)&#xa;	at CCAutoPayCorp.run(CCAutoPayCorp:92)&#xa;	at com.kms.katalon.core.main.ScriptEngine.run(ScriptEngine.java:194)&#xa;	at com.kms.katalon.core.main.ScriptEngine.runScriptAsRawText(ScriptEngine.java:119)&#xa;	at com.kms.katalon.core.main.TestCaseExecutor.runScript(TestCaseExecutor.java:448)&#xa;	at com.kms.katalon.core.main.TestCaseExecutor.doExecute(TestCaseExecutor.java:439)&#xa;	at com.kms.katalon.core.main.TestCaseExecutor.processExecutionPhase(TestCaseExecutor.java:418)&#xa;	at com.kms.katalon.core.main.TestCaseExecutor.accessMainPhase(TestCaseExecutor.java:410)&#xa;	at com.kms.katalon.core.main.TestCaseExecutor.execute(TestCaseExecutor.java:285)&#xa;	at com.kms.katalon.core.common.CommonExecutor.accessTestCaseMainPhase(CommonExecutor.java:65)&#xa;	at com.kms.katalon.core.main.TestSuiteExecutor.accessTestSuiteMainPhase(TestSuiteExecutor.java:150)&#xa;	at com.kms.katalon.core.main.TestSuiteExecutor.execute(TestSuiteExecutor.java:106)&#xa;	at com.kms.katalon.core.main.TestCaseMain.startTestSuite(TestCaseMain.java:180)&#xa;	at TempTestSuite1729731001385.run(TempTestSuite1729731001385.groovy:35)&#xa;	at java.base/jdk.internal.reflect.NativeMethodAccessorImpl.invoke0(Native Method)&#xa;	at java.base/jdk.internal.reflect.NativeMethodAccessorImpl.invoke(NativeMethodAccessorImpl.java:77)&#xa;	at java.base/jdk.internal.reflect.DelegatingMethodAccessorImpl.invoke(DelegatingMethodAccessorImpl.java:43)&#xa;)&#xa;	at com.kms.katalon.core.keyword.internal.KeywordMain.stepFailed(KeywordMain.groovy:39)&#xa;	at com.kms.katalon.core.webui.keyword.internal.WebUIKeywordMain.stepFailed(WebUIKeywordMain.groovy:64)&#xa;	at com.kms.katalon.core.webui.keyword.builtin.VerifyTextPresentKeyword$_verifyTextPresent_closure1.doCall(VerifyTextPresentKeyword.groovy:79)&#xa;	at com.kms.katalon.core.webui.keyword.builtin.VerifyTextPresentKeyword$_verifyTextPresent_closure1.call(VerifyTextPresentKeyword.groovy)&#xa;	at com.kms.katalon.core.webui.keyword.internal.WebUIKeywordMain.runKeyword(WebUIKeywordMain.groovy:20)&#xa;	at com.kms.katalon.core.webui.keyword.builtin.VerifyTextPresentKeyword.verifyTextPresent(VerifyTextPresentKeyword.groovy:83)&#xa;	at com.kms.katalon.core.webui.keyword.builtin.VerifyTextPresentKeyword.execute(VerifyTextPresentKeyword.groovy:68)&#xa;	at com.kms.katalon.core.keyword.internal.KeywordExecutor.executeKeywordForPlatform(KeywordExecutor.groovy:74)&#xa;	at com.kms.katalon.core.webui.keyword.WebUiBuiltInKeywords.verifyTextPresent(WebUiBuiltInKeywords.groovy:1762)&#xa;	at CCAutoPayCorp.run(CCAutoPayCorp:92)&#xa;	at com.kms.katalon.core.main.ScriptEngine.run(ScriptEngine.java:194)&#xa;	at com.kms.katalon.core.main.ScriptEngine.runScriptAsRawText(ScriptEngine.java:119)&#xa;	at com.kms.katalon.core.main.TestCaseExecutor.runScript(TestCaseExecutor.java:448)&#xa;	at com.kms.katalon.core.main.TestCaseExecutor.doExecute(TestCaseExecutor.java:439)&#xa;	at com.kms.katalon.core.main.TestCaseExecutor.processExecutionPhase(TestCaseExecutor.java:418)&#xa;	at com.kms.katalon.core.main.TestCaseExecutor.accessMainPhase(TestCaseExecutor.java:410)&#xa;	at com.kms.katalon.core.main.TestCaseExecutor.execute(TestCaseExecutor.java:285)&#xa;	at com.kms.katalon.core.common.CommonExecutor.accessTestCaseMainPhase(CommonExecutor.java:65)&#xa;	at com.kms.katalon.core.main.TestSuiteExecutor.accessTestSuiteMainPhase(TestSuiteExecutor.java:150)&#xa;	at com.kms.katalon.core.main.TestSuiteExecutor.execute(TestSuiteExecutor.java:106)&#xa;	at com.kms.katalon.core.main.TestCaseMain.startTestSuite(TestCaseMain.java:180)&#xa;	at TempTestSuite1729731001385.run(TempTestSuite1729731001385.groovy:35)&#xa;	at java.base/jdk.internal.reflect.NativeMethodAccessorImpl.invoke0(Native Method)&#xa;	at java.base/jdk.internal.reflect.NativeMethodAccessorImpl.invoke(NativeMethodAccessorImpl.java:77)&#xa;	at java.base/jdk.internal.reflect.DelegatingMethodAccessorImpl.invoke(DelegatingMethodAccessorImpl.java:43)&#xa;Caused by: com.kms.katalon.core.exception.StepFailedException: Text 'AutoPay' is not present on page &#xa;	... 24 more&#xa;"/>
         <system-out><![CDATA[24-10-2024T08:02:13 - [TEST_CASE][FAILED] - Test Cases/IntegratedWeb/IWP25/Payments/CCAutoPayCorp: Test Cases/IntegratedWeb/IWP25/Payments/CCAutoPayCorp FAILED.
Reason:
com.kms.katalon.core.exception.StepFailedException: Text 'AutoPay' is not present on page  (Root cause: com.kms.katalon.core.exception.StepFailedException: Text 'AutoPay' is not present on page 
	at com.kms.katalon.core.webui.keyword.internal.WebUIKeywordMain.stepFailed(WebUIKeywordMain.groovy:64)
	at com.kms.katalon.core.webui.keyword.builtin.VerifyTextPresentKeyword$_verifyTextPresent_closure1.doCall(VerifyTextPresentKeyword.groovy:79)
	at com.kms.katalon.core.webui.keyword.builtin.VerifyTextPresentKeyword$_verifyTextPresent_closure1.call(VerifyTextPresentKeyword.groovy)
	at com.kms.katalon.core.webui.keyword.internal.WebUIKeywordMain.runKeyword(WebUIKeywordMain.groovy:20)
	at com.kms.katalon.core.webui.keyword.builtin.VerifyTextPresentKeyword.verifyTextPresent(VerifyTextPresentKeyword.groovy:83)
	at com.kms.katalon.core.webui.keyword.builtin.VerifyTextPresentKeyword.execute(VerifyTextPresentKeyword.groovy:68)
	at com.kms.katalon.core.keyword.internal.KeywordExecutor.executeKeywordForPlatform(KeywordExecutor.groovy:74)
	at com.kms.katalon.core.webui.keyword.WebUiBuiltInKeywords.verifyTextPresent(WebUiBuiltInKeywords.groovy:1762)
	at CCAutoPayCorp.run(CCAutoPayCorp:92)
	at com.kms.katalon.core.main.ScriptEngine.run(ScriptEngine.java:194)
	at com.kms.katalon.core.main.ScriptEngine.runScriptAsRawText(ScriptEngine.java:119)
	at com.kms.katalon.core.main.TestCaseExecutor.runScript(TestCaseExecutor.java:448)
	at com.kms.katalon.core.main.TestCaseExecutor.doExecute(TestCaseExecutor.java:439)
	at com.kms.katalon.core.main.TestCaseExecutor.processExecutionPhase(TestCaseExecutor.java:418)
	at com.kms.katalon.core.main.TestCaseExecutor.accessMainPhase(TestCaseExecutor.java:410)
	at com.kms.katalon.core.main.TestCaseExecutor.execute(TestCaseExecutor.java:285)
	at com.kms.katalon.core.common.CommonExecutor.accessTestCaseMainPhase(CommonExecutor.java:65)
	at com.kms.katalon.core.main.TestSuiteExecutor.accessTestSuiteMainPhase(TestSuiteExecutor.java:150)
	at com.kms.katalon.core.main.TestSuiteExecutor.execute(TestSuiteExecutor.java:106)
	at com.kms.katalon.core.main.TestCaseMain.startTestSuite(TestCaseMain.java:180)
	at TempTestSuite1729731001385.run(TempTestSuite1729731001385.groovy:35)
	at java.base/jdk.internal.reflect.NativeMethodAccessorImpl.invoke0(Native Method)
	at java.base/jdk.internal.reflect.NativeMethodAccessorImpl.invoke(NativeMethodAccessorImpl.java:77)
	at java.base/jdk.internal.reflect.DelegatingMethodAccessorImpl.invoke(DelegatingMethodAccessorImpl.java:43)
)
	at com.kms.katalon.core.keyword.internal.KeywordMain.stepFailed(KeywordMain.groovy:39)
	at com.kms.katalon.core.webui.keyword.internal.WebUIKeywordMain.stepFailed(WebUIKeywordMain.groovy:64)
	at com.kms.katalon.core.webui.keyword.builtin.VerifyTextPresentKeyword$_verifyTextPresent_closure1.doCall(VerifyTextPresentKeyword.groovy:79)
	at com.kms.katalon.core.webui.keyword.builtin.VerifyTextPresentKeyword$_verifyTextPresent_closure1.call(VerifyTextPresentKeyword.groovy)
	at com.kms.katalon.core.webui.keyword.internal.WebUIKeywordMain.runKeyword(WebUIKeywordMain.groovy:20)
	at com.kms.katalon.core.webui.keyword.builtin.VerifyTextPresentKeyword.verifyTextPresent(VerifyTextPresentKeyword.groovy:83)
	at com.kms.katalon.core.webui.keyword.builtin.VerifyTextPresentKeyword.execute(VerifyTextPresentKeyword.groovy:68)
	at com.kms.katalon.core.keyword.internal.KeywordExecutor.executeKeywordForPlatform(KeywordExecutor.groovy:74)
	at com.kms.katalon.core.webui.keyword.WebUiBuiltInKeywords.verifyTextPresent(WebUiBuiltInKeywords.groovy:1762)
	at CCAutoPayCorp.run(CCAutoPayCorp:92)
	at com.kms.katalon.core.main.ScriptEngine.run(ScriptEngine.java:194)
	at com.kms.katalon.core.main.ScriptEngine.runScriptAsRawText(ScriptEngine.java:119)
	at com.kms.katalon.core.main.TestCaseExecutor.runScript(TestCaseExecutor.java:448)
	at com.kms.katalon.core.main.TestCaseExecutor.doExecute(TestCaseExecutor.java:439)
	at com.kms.katalon.core.main.TestCaseExecutor.processExecutionPhase(TestCaseExecutor.java:418)
	at com.kms.katalon.core.main.TestCaseExecutor.accessMainPhase(TestCaseExecutor.java:410)
	at com.kms.katalon.core.main.TestCaseExecutor.execute(TestCaseExecutor.java:285)
	at com.kms.katalon.core.common.CommonExecutor.accessTestCaseMainPhase(CommonExecutor.java:65)
	at com.kms.katalon.core.main.TestSuiteExecutor.accessTestSuiteMainPhase(TestSuiteExecutor.java:150)
	at com.kms.katalon.core.main.TestSuiteExecutor.execute(TestSuiteExecutor.java:106)
	at com.kms.katalon.core.main.TestCaseMain.startTestSuite(TestCaseMain.java:180)
	at TempTestSuite1729731001385.run(TempTestSuite1729731001385.groovy:35)
	at java.base/jdk.internal.reflect.NativeMethodAccessorImpl.invoke0(Native Method)
	at java.base/jdk.internal.reflect.NativeMethodAccessorImpl.invoke(NativeMethodAccessorImpl.java:77)
	at java.base/jdk.internal.reflect.DelegatingMethodAccessorImpl.invoke(DelegatingMethodAccessorImpl.java:43)
Caused by: com.kms.katalon.core.exception.StepFailedException: Text 'AutoPay' is not present on page 
	... 24 more


24-10-2024T08:02:14 - [TEST_STEP][PASSED] - resText = "Fail": null

24-10-2024T08:02:14 - [TEST_STEP][PASSED] - resColumn = "Result": null

24-10-2024T08:02:14 - [TEST_STEP][PASSED] - datCloumn = "Date": null

24-10-2024T08:02:14 - [TEST_STEP][PASSED] - fileLoc = "KatalonData/IWPTestData/VRelay25PaymentsExtension.xlsx": null

24-10-2024T08:02:14 - [TEST_STEP][PASSED] - numOfRows = <not implemented yet for class: org.codehaus.groovy.ast.expr.EmptyExpression>: null

24-10-2024T08:02:14 - [TEST_STEP][PASSED] - dataFile = <not implemented yet for class: org.codehaus.groovy.ast.expr.EmptyExpression>: null

24-10-2024T08:02:14 - [TEST_STEP][PASSED] - nameSheet = <not implemented yet for class: org.codehaus.groovy.ast.expr.EmptyExpression>: null

24-10-2024T08:02:14 - [TEST_STEP][PASSED] - dataFileEmulator = <not implemented yet for class: org.codehaus.groovy.ast.expr.EmptyExpression>: null

24-10-2024T08:02:14 - [TEST_STEP][PASSED] - isRequiredTextPresent = false: null

24-10-2024T08:02:14 - [TEST_STEP][PASSED] - nameSheet = "CCAutoPayPlanCorp": null

24-10-2024T08:02:14 - [TEST_STEP][PASSED] - dataFile = getExcelDataWithDefaultSheet("KatalonData/IWPTestData/VRelay25PaymentsExtension.xlsx", nameSheet, true): null

24-10-2024T08:02:14 - [TEST_STEP][PASSED] - dataFileEmulator = "IWPTestData/EmulatorData": null

24-10-2024T08:02:14 - [TEST_STEP][PASSED] - numOfRows = dataFile.getRowNumbers(): null

24-10-2024T08:02:14 - [TEST_STEP][PASSED] - println("Number of Records: " + numOfRows): null

24-10-2024T08:02:14 - [TEST_STEP][PASSED] - columnNames = dataFile.getColumnNames(): null

24-10-2024T08:02:14 - [TEST_STEP][PASSED] - println(columnNames[0]): null

24-10-2024T08:02:14 - [TEST_STEP][FAILED] - for ([row = 1, row <= numOfRows, (row++)]): null

24-10-2024T08:02:14 - [TEST_STEP][PASSED] - ExecuteTC = dataFile.getValue("Execute", row): null

24-10-2024T08:02:14 - [TEST_STEP][PASSED] - out.println("Value of Execute is : " + ExecuteTC): null

24-10-2024T08:02:14 - [TEST_STEP][FAILED] - if (ExecuteTC.equalsIgnoreCase("Y")): null

24-10-2024T08:02:14 - [TEST_STEP][PASSED] - out.println("Begin Record Number: " + row): null

24-10-2024T08:02:14 - [TEST_STEP][PASSED] - today = new java.util.Date(): null

24-10-2024T08:02:14 - [TEST_STEP][PASSED] - println(today): null

24-10-2024T08:02:14 - [TEST_STEP][PASSED] - datText = today: null

24-10-2024T08:02:14 - [TEST_STEP][PASSED] - EmulatorDataKey = dataFile.getValue("EmulatorData", row): null

24-10-2024T08:02:14 - [TEST_STEP][PASSED] - out.println("Value of Emulator Key is : " + EmulatorDataKey): null

24-10-2024T08:02:14 - [TEST_STEP][PASSED] - iwpPages.emulatorIWP30.setDataEmulator_DD(EmulatorDataKey): iwpPages.emulatorIWP30.setDataEmulator_DD is PASSED

24-10-2024T08:02:14 - [MESSAGE][WARNING] - A browser is already opened. Closing browser and opening a new one

24-10-2024T08:02:15 - [MESSAGE][INFO] - Starting 'Edge Chromium' driver

24-10-2024T08:02:15 - [MESSAGE][INFO] - User set preference: ['acceptInsecureCerts', 'true']

24-10-2024T08:02:17 - [MESSAGE][INFO] - Action delay is set to 0 milliseconds

24-10-2024T08:02:21 - [MESSAGE][PASSED] - Browser is opened with url: 'https://qa2.velocitypayment.com/agencyx/config.action?action=editor&message_version=2_5'

24-10-2024T08:02:21 - [MESSAGE][PASSED] - Current window maximized

24-10-2024T08:02:52 - [MESSAGE][INFO] - Unable to find the element located by 'By.xpath: //select[@name='message_version']'. Please recheck the objects properties to make sure the desired element is located. 

24-10-2024T08:02:52 - [MESSAGE][WARNING] - [SELF-HEALING] Failed to find element with id 'Object Repository/IWP30/Page_VRelay30Emulator/MV'. Try using Self-healing.

24-10-2024T08:02:52 - [MESSAGE][WARNING] - [SELF-HEALING] The current locator of test object 'Object Repository/IWP30/Page_VRelay30Emulator/MV' was broken. Propose an alternative one: '(.//*[normalize-space(text()) and normalize-space(.)='Message Version'])[1]/following::select[1]'.

24-10-2024T08:02:53 - [MESSAGE][PASSED] - All options with value '2.5' are selected in object 'Object Repository/IWP30/Page_VRelay30Emulator/MV'  using regular expression

24-10-2024T08:02:53 - [MESSAGE][PASSED] - Text '10.50' is set on object 'Object Repository/IWP30/Page_EmulatorAgencyX/Amount'

24-10-2024T08:02:54 - [MESSAGE][PASSED] - Text 'kxJmfZDymc0K' is set on object 'Object Repository/IWP30/Page_EmulatorAgencyX/CAN'

24-10-2024T08:02:55 - [MESSAGE][PASSED] - Text 'AutoPay' is set on object 'Object Repository/IWP30/Page_EmulatorAgencyX/Action'

24-10-2024T08:02:55 - [MESSAGE][PASSED] - Text 'en_US' is set on object 'Object Repository/IWP30/Page_EmulatorAgencyX/Lang'

24-10-2024T08:02:56 - [MESSAGE][PASSED] - Text '' is set on object 'Object Repository/IWP30/Page_EmulatorAgencyX/Fname'

24-10-2024T08:02:56 - [MESSAGE][PASSED] - Text '' is set on object 'Object Repository/IWP30/Page_EmulatorAgencyX/Lname'

24-10-2024T08:02:57 - [MESSAGE][PASSED] - Text '' is set on object 'Object Repository/IWP30/Page_EmulatorAgencyX/AL1'

24-10-2024T08:02:58 - [MESSAGE][PASSED] - Text '' is set on object 'Object Repository/IWP30/Page_EmulatorAgencyX/AL2'

24-10-2024T08:02:58 - [MESSAGE][PASSED] - Text '' is set on object 'Object Repository/IWP30/Page_EmulatorAgencyX/Country'

24-10-2024T08:02:59 - [MESSAGE][PASSED] - Text '' is set on object 'Object Repository/IWP30/Page_EmulatorAgencyX/City'

24-10-2024T08:02:59 - [MESSAGE][PASSED] - Text '' is set on object 'Object Repository/IWP30/Page_EmulatorAgencyX/State'

24-10-2024T08:03:00 - [MESSAGE][PASSED] - Text '' is set on object 'Object Repository/IWP30/Page_EmulatorAgencyX/ZIP'

24-10-2024T08:03:01 - [MESSAGE][PASSED] - Text '' is set on object 'Object Repository/IWP30/Page_EmulatorAgencyX/Order'

24-10-2024T08:03:01 - [MESSAGE][PASSED] - Text '' is set on object 'Object Repository/IWP30/Page_EmulatorAgencyX/Company'

24-10-2024T08:03:02 - [MESSAGE][PASSED] - Text '' is set on object 'Object Repository/IWP30/Page_EmulatorAgencyX/Email'

24-10-2024T08:03:02 - [MESSAGE][PASSED] - Text '' is set on object 'Object Repository/IWP30/Page_EmulatorAgencyX/UDF1'

24-10-2024T08:03:03 - [MESSAGE][PASSED] - Text '' is set on object 'Object Repository/IWP30/Page_EmulatorAgencyX/UDF2'

24-10-2024T08:03:03 - [MESSAGE][PASSED] - Text '' is set on object 'Object Repository/IWP30/Page_EmulatorAgencyX/UDF3'

24-10-2024T08:03:04 - [MESSAGE][PASSED] - Text 'udf data 4' is set on object 'Object Repository/IWP30/Page_EmulatorAgencyX/UDF4'

24-10-2024T08:03:05 - [MESSAGE][PASSED] - Text 'udf data 5' is set on object 'Object Repository/IWP30/Page_EmulatorAgencyX/UDF5'

24-10-2024T08:03:05 - [MESSAGE][PASSED] - Text '' is set on object 'Object Repository/IWP30/Page_EmulatorAgencyX/UDF6'

24-10-2024T08:03:06 - [MESSAGE][PASSED] - Text '' is set on object 'Object Repository/IWP30/Page_EmulatorAgencyX/UDF7'

24-10-2024T08:03:06 - [MESSAGE][PASSED] - Text '' is set on object 'Object Repository/IWP30/Page_EmulatorAgencyX/UDF8'

24-10-2024T08:03:07 - [MESSAGE][PASSED] - Text 'udf data 9' is set on object 'Object Repository/IWP30/Page_EmulatorAgencyX/UDF9'

24-10-2024T08:03:08 - [MESSAGE][PASSED] - Text 'udf data 10' is set on object 'Object Repository/IWP30/Page_EmulatorAgencyX/UDF10'

24-10-2024T08:03:09 - [MESSAGE][PASSED] - Object: 'Object Repository/IWP30/Page_EmulatorAgencyX/Submit' is clicked on

24-10-2024T08:03:14 - [MESSAGE][PASSED] - Browser is closed

24-10-2024T08:03:18 - [MESSAGE][PASSED] - iwpPages.emulatorIWP30.setDataEmulator_DD is PASSED

24-10-2024T08:03:18 - [TEST_STEP][PASSED] - testHarnessURL = urlTestHarness: null

24-10-2024T08:03:18 - [TEST_STEP][PASSED] - openBrowser(testHarnessURL): Browser is opened with url: 'https://dev-algorithm.govolution.com/vrelaytest/QA2/version_2_2/vrelaytest.html'

24-10-2024T08:03:18 - [MESSAGE][INFO] - Starting 'Edge Chromium' driver

24-10-2024T08:03:18 - [MESSAGE][INFO] - User set preference: ['acceptInsecureCerts', 'true']

24-10-2024T08:03:20 - [MESSAGE][INFO] - Action delay is set to 0 milliseconds

24-10-2024T08:03:23 - [MESSAGE][PASSED] - Browser is opened with url: 'https://dev-algorithm.govolution.com/vrelaytest/QA2/version_2_2/vrelaytest.html'

24-10-2024T08:03:23 - [TEST_STEP][PASSED] - maximizeWindow(): Current window maximized

24-10-2024T08:03:23 - [MESSAGE][PASSED] - Current window maximized

24-10-2024T08:03:23 - [TEST_STEP][PASSED] - iwpPages.TestHarnessPage.setDataMethodEF(row, dataFile): iwpPages.TestHarnessPage.setDataMethodEF is PASSED

24-10-2024T08:03:24 - [MESSAGE][PASSED] - Object 'Object Repository/IWP30/Page_QATestHarness/RemittanceID' is present

24-10-2024T08:03:24 - [MESSAGE][PASSED] - Text '638' is set on object 'Object Repository/IWP30/Page_QATestHarness/ApplicationID'

24-10-2024T08:03:25 - [MESSAGE][PASSED] - Text '2.5' is set on object 'Object Repository/IWP30/Page_QATestHarness/MessageVersion'

24-10-2024T08:03:26 - [MESSAGE][PASSED] - Text 'aBFK90N4wbtT' is set on object 'Object Repository/IWP30/Page_QATestHarness/RemittanceID'

24-10-2024T08:03:30 - [MESSAGE][PASSED] - Object: 'Object Repository/IWP30/Page_QATestHarness/SubmitButton' is clicked on

24-10-2024T08:03:30 - [MESSAGE][PASSED] - iwpPages.TestHarnessPage.setDataMethodEF is PASSED

24-10-2024T08:03:30 - [TEST_STEP][PASSED] - click(findTestObject("Object Repository/IWP30/Page_SelectPaymentMethod/PayByCorporateCheck")): Object: 'Object Repository/IWP30/Page_SelectPaymentMethod/PayByCorporateCheck' is clicked on

24-10-2024T08:03:31 - [MESSAGE][PASSED] - Object: 'Object Repository/IWP30/Page_SelectPaymentMethod/PayByCorporateCheck' is clicked on

24-10-2024T08:03:31 - [TEST_STEP][PASSED] - click(findTestObject("Object Repository/IWP30/Page_SelectPaymentMethod/MakePaymentButton")): Object: 'Object Repository/IWP30/Page_SelectPaymentMethod/MakePaymentButton' is clicked on

24-10-2024T08:03:34 - [MESSAGE][PASSED] - Object: 'Object Repository/IWP30/Page_SelectPaymentMethod/MakePaymentButton' is clicked on

24-10-2024T08:03:34 - [TEST_STEP][PASSED] - iwpPages.achCorporatePaymentEntryPage.setDataCorporate(row, dataFile): iwpPages.achCorporatePaymentEntryPage.setDataCorporate is PASSED

24-10-2024T08:03:34 - [MESSAGE][PASSED] - Object 'Object Repository/IWP30/Page_ACHCorporatePaymentEntry/txt_accountNumber' is present

24-10-2024T08:03:34 - [MESSAGE][PASSED] - Object 'Object Repository/IWP30/Page_ACHCorporatePaymentEntry/input_CompanyName' is present

24-10-2024T08:03:35 - [MESSAGE][PASSED] - Text 'My Company' is set on object 'Object Repository/IWP30/Page_ACHCorporatePaymentEntry/input_CompanyName'

24-10-2024T08:03:35 - [MESSAGE][PASSED] - Object 'Object Repository/IWP30/Page_ACHCorporatePaymentEntry/input_EIN' is present

24-10-2024T08:03:36 - [MESSAGE][PASSED] - Text '123456789' is set on object 'Object Repository/IWP30/Page_ACHCorporatePaymentEntry/input_EIN'

24-10-2024T08:03:37 - [MESSAGE][PASSED] - Text 'udf data 2' is set on object 'Object Repository/IWP30/Page_ACHCorporatePaymentEntry/txt_UDF2'

24-10-2024T08:03:37 - [MESSAGE][PASSED] - Text 'udf data 3' is set on object 'Object Repository/IWP30/Page_ACHCorporatePaymentEntry/txt_UDF3'

24-10-2024T08:03:38 - [MESSAGE][PASSED] - All options with label 'Orange' are selected in object 'Object Repository/IWP30/Page_ACHCorporatePaymentEntry/dd_UDF7' 

24-10-2024T08:03:38 - [MESSAGE][PASSED] - All options with label 'Soccer' are selected in object 'Object Repository/IWP30/Page_ACHCorporatePaymentEntry/dd_UDF8' 

24-10-2024T08:03:39 - [MESSAGE][PASSED] - Object 'Object Repository/IWP30/Page_ACHCorporatePaymentEntry/txt_routingNumber' is present

24-10-2024T08:03:39 - [MESSAGE][PASSED] - Text '256072691' is set on object 'Object Repository/IWP30/Page_ACHCorporatePaymentEntry/txt_routingNumber'

24-10-2024T08:03:39 - [MESSAGE][PASSED] - Object 'Object Repository/IWP30/Page_ACHCorporatePaymentEntry/txt_accountNumber' is present

24-10-2024T08:03:41 - [MESSAGE][PASSED] - Text '12344444' is set on object 'Object Repository/IWP30/Page_ACHCorporatePaymentEntry/txt_accountNumber'

24-10-2024T08:03:41 - [MESSAGE][PASSED] - Object 'Object Repository/IWP30/Page_ACHCorporatePaymentEntry/txt_confirmAccountNumber' is present

24-10-2024T08:03:42 - [MESSAGE][PASSED] - Text '12344444' is set on object 'Object Repository/IWP30/Page_ACHCorporatePaymentEntry/txt_confirmAccountNumber'

24-10-2024T08:03:42 - [MESSAGE][PASSED] - Text '365 Main Avenue' is set on object 'Object Repository/IWP30/Page_ACHCorporatePaymentEntry/txt_AL1'

24-10-2024T08:03:43 - [MESSAGE][PASSED] - Text '22201' is set on object 'Object Repository/IWP30/Page_ACHCorporatePaymentEntry/txt_ZIP'

24-10-2024T08:03:43 - [MESSAGE][PASSED] - Object 'Object Repository/IWP30/Page_ACHCorporatePaymentEntry/txt_Email' is present

24-10-2024T08:03:45 - [MESSAGE][PASSED] - Text 'iahmed@govolution.com' is set on object 'Object Repository/IWP30/Page_ACHCorporatePaymentEntry/txt_Email'

24-10-2024T08:03:45 - [MESSAGE][PASSED] - Object 'Object Repository/IWP30/Page_ACHCorporatePaymentEntry/cb_TermsAndCond' is present

24-10-2024T08:03:45 - [MESSAGE][PASSED] - Object: 'Object Repository/IWP30/Page_ACHCorporatePaymentEntry/cb_TermsAndCond' is clicked on

24-10-2024T08:03:46 - [MESSAGE][PASSED] - Object 'Object Repository/IWP30/Page_ACHCorporatePaymentEntry/btn_Continue' is present

24-10-2024T08:03:47 - [MESSAGE][PASSED] - Object: 'Object Repository/IWP30/Page_ACHCorporatePaymentEntry/btn_Continue' is clicked on

24-10-2024T08:03:47 - [MESSAGE][PASSED] - iwpPages.achCorporatePaymentEntryPage.setDataCorporate is PASSED

24-10-2024T08:03:47 - [TEST_STEP][PASSED] - click(findTestObject("Object Repository/IWP30/Page_Confirmation/ConfirmButton")): Object: 'Object Repository/IWP30/Page_Confirmation/ConfirmButton' is clicked on

24-10-2024T08:03:49 - [MESSAGE][PASSED] - Object: 'Object Repository/IWP30/Page_Confirmation/ConfirmButton' is clicked on

24-10-2024T08:03:49 - [TEST_STEP][PASSED] - Thread.sleep(2000): null

24-10-2024T08:03:51 - [TEST_STEP][FAILED] - if (verifyTextPresent("AutoPay", false)): Text 'AutoPay' is not present on page  (Root cause: com.kms.katalon.core.exception.StepFailedException: Text 'AutoPay' is not present on page 
	at com.kms.katalon.core.webui.keyword.internal.WebUIKeywordMain.stepFailed(WebUIKeywordMain.groovy:64)
	at com.kms.katalon.core.webui.keyword.builtin.VerifyTextPresentKeyword$_verifyTextPresent_closure1.doCall(VerifyTextPresentKeyword.groovy:79)
	at com.kms.katalon.core.webui.keyword.builtin.VerifyTextPresentKeyword$_verifyTextPresent_closure1.call(VerifyTextPresentKeyword.groovy)
	at com.kms.katalon.core.webui.keyword.internal.WebUIKeywordMain.runKeyword(WebUIKeywordMain.groovy:20)
	at com.kms.katalon.core.webui.keyword.builtin.VerifyTextPresentKeyword.verifyTextPresent(VerifyTextPresentKeyword.groovy:83)
	at com.kms.katalon.core.webui.keyword.builtin.VerifyTextPresentKeyword.execute(VerifyTextPresentKeyword.groovy:68)
	at com.kms.katalon.core.keyword.internal.KeywordExecutor.executeKeywordForPlatform(KeywordExecutor.groovy:74)
	at com.kms.katalon.core.webui.keyword.WebUiBuiltInKeywords.verifyTextPresent(WebUiBuiltInKeywords.groovy:1762)
	at CCAutoPayCorp.run(CCAutoPayCorp:92)
	at com.kms.katalon.core.main.ScriptEngine.run(ScriptEngine.java:194)
	at com.kms.katalon.core.main.ScriptEngine.runScriptAsRawText(ScriptEngine.java:119)
	at com.kms.katalon.core.main.TestCaseExecutor.runScript(TestCaseExecutor.java:448)
	at com.kms.katalon.core.main.TestCaseExecutor.doExecute(TestCaseExecutor.java:439)
	at com.kms.katalon.core.main.TestCaseExecutor.processExecutionPhase(TestCaseExecutor.java:418)
	at com.kms.katalon.core.main.TestCaseExecutor.accessMainPhase(TestCaseExecutor.java:410)
	at com.kms.katalon.core.main.TestCaseExecutor.execute(TestCaseExecutor.java:285)
	at com.kms.katalon.core.common.CommonExecutor.accessTestCaseMainPhase(CommonExecutor.java:65)
	at com.kms.katalon.core.main.TestSuiteExecutor.accessTestSuiteMainPhase(TestSuiteExecutor.java:150)
	at com.kms.katalon.core.main.TestSuiteExecutor.execute(TestSuiteExecutor.java:106)
	at com.kms.katalon.core.main.TestCaseMain.startTestSuite(TestCaseMain.java:180)
	at TempTestSuite1729731001385.run(TempTestSuite1729731001385.groovy:35)
	at java.base/jdk.internal.reflect.NativeMethodAccessorImpl.invoke0(Native Method)
	at java.base/jdk.internal.reflect.NativeMethodAccessorImpl.invoke(NativeMethodAccessorImpl.java:77)
	at java.base/jdk.internal.reflect.DelegatingMethodAccessorImpl.invoke(DelegatingMethodAccessorImpl.java:43)
)

24-10-2024T08:03:52 - [MESSAGE][FAILED] - Text 'AutoPay' is not present on page  (Root cause: com.kms.katalon.core.exception.StepFailedException: Text 'AutoPay' is not present on page 
	at com.kms.katalon.core.webui.keyword.internal.WebUIKeywordMain.stepFailed(WebUIKeywordMain.groovy:64)
	at com.kms.katalon.core.webui.keyword.builtin.VerifyTextPresentKeyword$_verifyTextPresent_closure1.doCall(VerifyTextPresentKeyword.groovy:79)
	at com.kms.katalon.core.webui.keyword.builtin.VerifyTextPresentKeyword$_verifyTextPresent_closure1.call(VerifyTextPresentKeyword.groovy)
	at com.kms.katalon.core.webui.keyword.internal.WebUIKeywordMain.runKeyword(WebUIKeywordMain.groovy:20)
	at com.kms.katalon.core.webui.keyword.builtin.VerifyTextPresentKeyword.verifyTextPresent(VerifyTextPresentKeyword.groovy:83)
	at com.kms.katalon.core.webui.keyword.builtin.VerifyTextPresentKeyword.execute(VerifyTextPresentKeyword.groovy:68)
	at com.kms.katalon.core.keyword.internal.KeywordExecutor.executeKeywordForPlatform(KeywordExecutor.groovy:74)
	at com.kms.katalon.core.webui.keyword.WebUiBuiltInKeywords.verifyTextPresent(WebUiBuiltInKeywords.groovy:1762)
	at CCAutoPayCorp.run(CCAutoPayCorp:92)
	at com.kms.katalon.core.main.ScriptEngine.run(ScriptEngine.java:194)
	at com.kms.katalon.core.main.ScriptEngine.runScriptAsRawText(ScriptEngine.java:119)
	at com.kms.katalon.core.main.TestCaseExecutor.runScript(TestCaseExecutor.java:448)
	at com.kms.katalon.core.main.TestCaseExecutor.doExecute(TestCaseExecutor.java:439)
	at com.kms.katalon.core.main.TestCaseExecutor.processExecutionPhase(TestCaseExecutor.java:418)
	at com.kms.katalon.core.main.TestCaseExecutor.accessMainPhase(TestCaseExecutor.java:410)
	at com.kms.katalon.core.main.TestCaseExecutor.execute(TestCaseExecutor.java:285)
	at com.kms.katalon.core.common.CommonExecutor.accessTestCaseMainPhase(CommonExecutor.java:65)
	at com.kms.katalon.core.main.TestSuiteExecutor.accessTestSuiteMainPhase(TestSuiteExecutor.java:150)
	at com.kms.katalon.core.main.TestSuiteExecutor.execute(TestSuiteExecutor.java:106)
	at com.kms.katalon.core.main.TestCaseMain.startTestSuite(TestCaseMain.java:180)
	at TempTestSuite1729731001385.run(TempTestSuite1729731001385.groovy:35)
	at java.base/jdk.internal.reflect.NativeMethodAccessorImpl.invoke0(Native Method)
	at java.base/jdk.internal.reflect.NativeMethodAccessorImpl.invoke(NativeMethodAccessorImpl.java:77)
	at java.base/jdk.internal.reflect.DelegatingMethodAccessorImpl.invoke(DelegatingMethodAccessorImpl.java:43)
)

24-10-2024T08:03:52 - [TEST_STEP][FAILED] - else: null

24-10-2024T08:03:52 - [TEST_STEP][FAILED] - markFailed("Autopay is not present on page"): Autopay is not present on page

24-10-2024T08:03:52 - [MESSAGE][FAILED] - Autopay is not present on page

24-10-2024T08:03:52 - [TEST_STEP][PASSED] - resText = "Fail": null

24-10-2024T08:03:52 - [TEST_STEP][PASSED] - pages.WriteExcel.demoKey(resText, datText, resColumn, datCloumn, fileLoc, nameSheet, row): pages.WriteExcel.demoKey is PASSED

24-10-2024T08:03:52 - [MESSAGE][PASSED] - pages.WriteExcel.demoKey is PASSED

24-10-2024T08:03:52 - [TEST_STEP][PASSED] - closeBrowser(): Browser is closed

24-10-2024T08:03:52 - [MESSAGE][PASSED] - Browser is closed

24-10-2024T08:03:52 - [TEST_STEP][PASSED] - ExecuteTC = dataFile.getValue("Execute", row): null

24-10-2024T08:03:52 - [TEST_STEP][PASSED] - out.println("Value of Execute is : " + ExecuteTC): null

24-10-2024T08:03:52 - [TEST_STEP][PASSED] - if (ExecuteTC.equalsIgnoreCase("Y")): null

24-10-2024T08:03:52 - [TEST_STEP][PASSED] - out.println("Begin Record Number: " + row): null

24-10-2024T08:03:52 - [TEST_STEP][PASSED] - today = new java.util.Date(): null

24-10-2024T08:03:52 - [TEST_STEP][PASSED] - println(today): null

24-10-2024T08:03:52 - [TEST_STEP][PASSED] - datText = today: null

24-10-2024T08:03:52 - [TEST_STEP][PASSED] - EmulatorDataKey = dataFile.getValue("EmulatorData", row): null

24-10-2024T08:03:52 - [TEST_STEP][PASSED] - out.println("Value of Emulator Key is : " + EmulatorDataKey): null

24-10-2024T08:03:52 - [TEST_STEP][PASSED] - iwpPages.emulatorIWP30.setDataEmulator_DD(EmulatorDataKey): iwpPages.emulatorIWP30.setDataEmulator_DD is PASSED

24-10-2024T08:03:53 - [MESSAGE][INFO] - Starting 'Edge Chromium' driver

24-10-2024T08:03:53 - [MESSAGE][INFO] - User set preference: ['acceptInsecureCerts', 'true']

24-10-2024T08:03:55 - [MESSAGE][INFO] - Action delay is set to 0 milliseconds

24-10-2024T08:04:00 - [MESSAGE][PASSED] - Browser is opened with url: 'https://qa2.velocitypayment.com/agencyx/config.action?action=editor&message_version=3_0'

24-10-2024T08:04:00 - [MESSAGE][PASSED] - Current window maximized

24-10-2024T08:04:31 - [MESSAGE][INFO] - Unable to find the element located by 'By.xpath: //select[@name='message_version']'. Please recheck the objects properties to make sure the desired element is located. 

24-10-2024T08:04:31 - [MESSAGE][WARNING] - [SELF-HEALING] Failed to find element with id 'Object Repository/IWP30/Page_VRelay30Emulator/MV'. Try using Self-healing.

24-10-2024T08:04:32 - [MESSAGE][WARNING] - [SELF-HEALING] The current locator of test object 'Object Repository/IWP30/Page_VRelay30Emulator/MV' was broken. Propose an alternative one: '(.//*[normalize-space(text()) and normalize-space(.)='Message Version'])[1]/following::select[1]'.

24-10-2024T08:04:32 - [MESSAGE][PASSED] - All options with value '3.0' are selected in object 'Object Repository/IWP30/Page_VRelay30Emulator/MV'  using regular expression

24-10-2024T08:04:33 - [MESSAGE][PASSED] - Text '10.50' is set on object 'Object Repository/IWP30/Page_EmulatorAgencyX/Amount'

24-10-2024T08:04:33 - [MESSAGE][PASSED] - Text 'fvR66UHKD6xS' is set on object 'Object Repository/IWP30/Page_EmulatorAgencyX/CAN'

24-10-2024T08:04:34 - [MESSAGE][PASSED] - Text 'AutoPay' is set on object 'Object Repository/IWP30/Page_EmulatorAgencyX/Action'

24-10-2024T08:04:35 - [MESSAGE][PASSED] - Text 'en_US' is set on object 'Object Repository/IWP30/Page_EmulatorAgencyX/Lang'

24-10-2024T08:04:35 - [MESSAGE][PASSED] - Text '' is set on object 'Object Repository/IWP30/Page_EmulatorAgencyX/Fname'

24-10-2024T08:04:36 - [MESSAGE][PASSED] - Text '' is set on object 'Object Repository/IWP30/Page_EmulatorAgencyX/Lname'

24-10-2024T08:04:36 - [MESSAGE][PASSED] - Text '' is set on object 'Object Repository/IWP30/Page_EmulatorAgencyX/AL1'

24-10-2024T08:04:37 - [MESSAGE][PASSED] - Text '' is set on object 'Object Repository/IWP30/Page_EmulatorAgencyX/AL2'

24-10-2024T08:04:37 - [MESSAGE][PASSED] - Text '' is set on object 'Object Repository/IWP30/Page_EmulatorAgencyX/Country'

24-10-2024T08:04:38 - [MESSAGE][PASSED] - Text '' is set on object 'Object Repository/IWP30/Page_EmulatorAgencyX/City'

24-10-2024T08:04:39 - [MESSAGE][PASSED] - Text '' is set on object 'Object Repository/IWP30/Page_EmulatorAgencyX/State'

24-10-2024T08:04:39 - [MESSAGE][PASSED] - Text '' is set on object 'Object Repository/IWP30/Page_EmulatorAgencyX/ZIP'

24-10-2024T08:04:40 - [MESSAGE][PASSED] - Text '' is set on object 'Object Repository/IWP30/Page_EmulatorAgencyX/Order'

24-10-2024T08:04:40 - [MESSAGE][PASSED] - Text '' is set on object 'Object Repository/IWP30/Page_EmulatorAgencyX/Company'

24-10-2024T08:04:41 - [MESSAGE][PASSED] - Text '' is set on object 'Object Repository/IWP30/Page_EmulatorAgencyX/Email'

24-10-2024T08:04:41 - [MESSAGE][PASSED] - Text '' is set on object 'Object Repository/IWP30/Page_EmulatorAgencyX/UDF1'

24-10-2024T08:04:42 - [MESSAGE][PASSED] - Text '' is set on object 'Object Repository/IWP30/Page_EmulatorAgencyX/UDF2'

24-10-2024T08:04:43 - [MESSAGE][PASSED] - Text '' is set on object 'Object Repository/IWP30/Page_EmulatorAgencyX/UDF3'

24-10-2024T08:04:43 - [MESSAGE][PASSED] - Text 'udf data 4' is set on object 'Object Repository/IWP30/Page_EmulatorAgencyX/UDF4'

24-10-2024T08:04:44 - [MESSAGE][PASSED] - Text 'udf data 5' is set on object 'Object Repository/IWP30/Page_EmulatorAgencyX/UDF5'

24-10-2024T08:04:44 - [MESSAGE][PASSED] - Text '' is set on object 'Object Repository/IWP30/Page_EmulatorAgencyX/UDF6'

24-10-2024T08:04:45 - [MESSAGE][PASSED] - Text '' is set on object 'Object Repository/IWP30/Page_EmulatorAgencyX/UDF7'

24-10-2024T08:04:46 - [MESSAGE][PASSED] - Text '' is set on object 'Object Repository/IWP30/Page_EmulatorAgencyX/UDF8'

24-10-2024T08:04:46 - [MESSAGE][PASSED] - Text 'udf data 9' is set on object 'Object Repository/IWP30/Page_EmulatorAgencyX/UDF9'

24-10-2024T08:04:47 - [MESSAGE][PASSED] - Text 'udf data 10' is set on object 'Object Repository/IWP30/Page_EmulatorAgencyX/UDF10'

24-10-2024T08:04:48 - [MESSAGE][PASSED] - Object: 'Object Repository/IWP30/Page_EmulatorAgencyX/Submit' is clicked on

24-10-2024T08:04:53 - [MESSAGE][PASSED] - Browser is closed

24-10-2024T08:04:57 - [MESSAGE][PASSED] - iwpPages.emulatorIWP30.setDataEmulator_DD is PASSED

24-10-2024T08:04:57 - [TEST_STEP][PASSED] - testHarnessURL = urlTestHarness: null

24-10-2024T08:04:57 - [TEST_STEP][PASSED] - openBrowser(testHarnessURL): Browser is opened with url: 'https://dev-algorithm.govolution.com/vrelaytest/QA2/version_2_2/vrelaytest.html'

24-10-2024T08:04:57 - [MESSAGE][INFO] - Starting 'Edge Chromium' driver

24-10-2024T08:04:57 - [MESSAGE][INFO] - User set preference: ['acceptInsecureCerts', 'true']

24-10-2024T08:04:59 - [MESSAGE][INFO] - Action delay is set to 0 milliseconds

24-10-2024T08:05:02 - [MESSAGE][PASSED] - Browser is opened with url: 'https://dev-algorithm.govolution.com/vrelaytest/QA2/version_2_2/vrelaytest.html'

24-10-2024T08:05:02 - [TEST_STEP][PASSED] - maximizeWindow(): Current window maximized

24-10-2024T08:05:02 - [MESSAGE][PASSED] - Current window maximized

24-10-2024T08:05:02 - [TEST_STEP][PASSED] - iwpPages.TestHarnessPage.setDataMethodEF(row, dataFile): iwpPages.TestHarnessPage.setDataMethodEF is PASSED

24-10-2024T08:05:03 - [MESSAGE][PASSED] - Object 'Object Repository/IWP30/Page_QATestHarness/RemittanceID' is present

24-10-2024T08:05:03 - [MESSAGE][PASSED] - Text '649' is set on object 'Object Repository/IWP30/Page_QATestHarness/ApplicationID'

24-10-2024T08:05:04 - [MESSAGE][PASSED] - Text '3.0' is set on object 'Object Repository/IWP30/Page_QATestHarness/MessageVersion'

24-10-2024T08:05:05 - [MESSAGE][PASSED] - Text 'e6Xwd2jXf8zk' is set on object 'Object Repository/IWP30/Page_QATestHarness/RemittanceID'

24-10-2024T08:05:08 - [MESSAGE][PASSED] - Object: 'Object Repository/IWP30/Page_QATestHarness/SubmitButton' is clicked on

24-10-2024T08:05:08 - [MESSAGE][PASSED] - iwpPages.TestHarnessPage.setDataMethodEF is PASSED

24-10-2024T08:05:08 - [TEST_STEP][PASSED] - click(findTestObject("Object Repository/IWP30/Page_SelectPaymentMethod/PayByCorporateCheck")): Object: 'Object Repository/IWP30/Page_SelectPaymentMethod/PayByCorporateCheck' is clicked on

24-10-2024T08:05:08 - [MESSAGE][PASSED] - Object: 'Object Repository/IWP30/Page_SelectPaymentMethod/PayByCorporateCheck' is clicked on

24-10-2024T08:05:08 - [TEST_STEP][PASSED] - click(findTestObject("Object Repository/IWP30/Page_SelectPaymentMethod/MakePaymentButton")): Object: 'Object Repository/IWP30/Page_SelectPaymentMethod/MakePaymentButton' is clicked on

24-10-2024T08:05:11 - [MESSAGE][PASSED] - Object: 'Object Repository/IWP30/Page_SelectPaymentMethod/MakePaymentButton' is clicked on

24-10-2024T08:05:11 - [TEST_STEP][PASSED] - iwpPages.achCorporatePaymentEntryPage.setDataCorporate(row, dataFile): iwpPages.achCorporatePaymentEntryPage.setDataCorporate is PASSED

24-10-2024T08:05:12 - [MESSAGE][PASSED] - Object 'Object Repository/IWP30/Page_ACHCorporatePaymentEntry/txt_accountNumber' is present

24-10-2024T08:05:12 - [MESSAGE][PASSED] - Object 'Object Repository/IWP30/Page_ACHCorporatePaymentEntry/input_CompanyName' is present

24-10-2024T08:05:12 - [MESSAGE][PASSED] - Text 'My Company' is set on object 'Object Repository/IWP30/Page_ACHCorporatePaymentEntry/input_CompanyName'

24-10-2024T08:05:13 - [MESSAGE][PASSED] - Object 'Object Repository/IWP30/Page_ACHCorporatePaymentEntry/input_EIN' is present

24-10-2024T08:05:13 - [MESSAGE][PASSED] - Text '123456789' is set on object 'Object Repository/IWP30/Page_ACHCorporatePaymentEntry/input_EIN'

24-10-2024T08:05:14 - [MESSAGE][PASSED] - Text 'udf data 2' is set on object 'Object Repository/IWP30/Page_ACHCorporatePaymentEntry/txt_UDF2'

24-10-2024T08:05:14 - [MESSAGE][PASSED] - Text 'udf data 3' is set on object 'Object Repository/IWP30/Page_ACHCorporatePaymentEntry/txt_UDF3'

24-10-2024T08:05:15 - [MESSAGE][PASSED] - All options with label 'Orange' are selected in object 'Object Repository/IWP30/Page_ACHCorporatePaymentEntry/dd_UDF7' 

24-10-2024T08:05:16 - [MESSAGE][PASSED] - All options with label 'Soccer' are selected in object 'Object Repository/IWP30/Page_ACHCorporatePaymentEntry/dd_UDF8' 

24-10-2024T08:05:16 - [MESSAGE][PASSED] - Object 'Object Repository/IWP30/Page_ACHCorporatePaymentEntry/txt_routingNumber' is present

24-10-2024T08:05:16 - [MESSAGE][PASSED] - Text '256072691' is set on object 'Object Repository/IWP30/Page_ACHCorporatePaymentEntry/txt_routingNumber'

24-10-2024T08:05:17 - [MESSAGE][PASSED] - Object 'Object Repository/IWP30/Page_ACHCorporatePaymentEntry/txt_accountNumber' is present

24-10-2024T08:05:18 - [MESSAGE][PASSED] - Text '12344444' is set on object 'Object Repository/IWP30/Page_ACHCorporatePaymentEntry/txt_accountNumber'

24-10-2024T08:05:18 - [MESSAGE][PASSED] - Object 'Object Repository/IWP30/Page_ACHCorporatePaymentEntry/txt_confirmAccountNumber' is present

24-10-2024T08:05:19 - [MESSAGE][PASSED] - Text '12344444' is set on object 'Object Repository/IWP30/Page_ACHCorporatePaymentEntry/txt_confirmAccountNumber'

24-10-2024T08:05:19 - [MESSAGE][PASSED] - Text '365 Main Avenue' is set on object 'Object Repository/IWP30/Page_ACHCorporatePaymentEntry/txt_AL1'

24-10-2024T08:05:20 - [MESSAGE][PASSED] - Text '22201' is set on object 'Object Repository/IWP30/Page_ACHCorporatePaymentEntry/txt_ZIP'

24-10-2024T08:05:20 - [MESSAGE][PASSED] - Object 'Object Repository/IWP30/Page_ACHCorporatePaymentEntry/txt_Email' is present

24-10-2024T08:05:21 - [MESSAGE][PASSED] - Text 'iahmed@govolution.com' is set on object 'Object Repository/IWP30/Page_ACHCorporatePaymentEntry/txt_Email'

24-10-2024T08:05:21 - [MESSAGE][PASSED] - Object 'Object Repository/IWP30/Page_ACHCorporatePaymentEntry/cb_TermsAndCond' is present

24-10-2024T08:05:22 - [MESSAGE][PASSED] - Object: 'Object Repository/IWP30/Page_ACHCorporatePaymentEntry/cb_TermsAndCond' is clicked on

24-10-2024T08:05:22 - [MESSAGE][PASSED] - Object 'Object Repository/IWP30/Page_ACHCorporatePaymentEntry/btn_Continue' is present

24-10-2024T08:05:23 - [MESSAGE][PASSED] - Object: 'Object Repository/IWP30/Page_ACHCorporatePaymentEntry/btn_Continue' is clicked on

24-10-2024T08:05:23 - [MESSAGE][PASSED] - iwpPages.achCorporatePaymentEntryPage.setDataCorporate is PASSED

24-10-2024T08:05:23 - [TEST_STEP][PASSED] - click(findTestObject("Object Repository/IWP30/Page_Confirmation/ConfirmButton")): Object: 'Object Repository/IWP30/Page_Confirmation/ConfirmButton' is clicked on

24-10-2024T08:05:54 - [MESSAGE][INFO] - Unable to find the element located by 'By.xpath: //*[@type = 'submit' and @name = 'confirmNotifyAction' and @id = 'submitYes' and @value = 'Confirm']'. Please recheck the objects properties to make sure the desired element is located. 

24-10-2024T08:05:54 - [MESSAGE][WARNING] - [SELF-HEALING] Failed to find element with id 'Object Repository/IWP30/Page_Confirmation/ConfirmButton'. Try using Self-healing.

24-10-2024T08:05:54 - [MESSAGE][WARNING] - [SELF-HEALING] The current locator of test object 'Object Repository/IWP30/Page_Confirmation/ConfirmButton' was broken. Propose an alternative one: '//div/input'.

24-10-2024T08:05:56 - [MESSAGE][PASSED] - Object: 'Object Repository/IWP30/Page_Confirmation/ConfirmButton' is clicked on

24-10-2024T08:05:56 - [TEST_STEP][PASSED] - Thread.sleep(2000): null

24-10-2024T08:05:58 - [TEST_STEP][PASSED] - if (verifyTextPresent("AutoPay", false)): null

24-10-2024T08:05:59 - [MESSAGE][PASSED] - Text 'AutoPay' is present on page 

24-10-2024T08:05:59 - [TEST_STEP][PASSED] - println("Autopay is present on page. Autopay is created"): null

24-10-2024T08:05:59 - [TEST_STEP][PASSED] - openBrowser(testHarnessURL): Browser is opened with url: 'https://dev-algorithm.govolution.com/vrelaytest/QA2/version_2_2/vrelaytest.html'

24-10-2024T08:05:59 - [MESSAGE][WARNING] - A browser is already opened. Closing browser and opening a new one

24-10-2024T08:05:59 - [MESSAGE][INFO] - Starting 'Edge Chromium' driver

24-10-2024T08:05:59 - [MESSAGE][INFO] - User set preference: ['acceptInsecureCerts', 'true']

24-10-2024T08:06:01 - [MESSAGE][INFO] - Action delay is set to 0 milliseconds

24-10-2024T08:06:05 - [MESSAGE][PASSED] - Browser is opened with url: 'https://dev-algorithm.govolution.com/vrelaytest/QA2/version_2_2/vrelaytest.html'

24-10-2024T08:06:05 - [TEST_STEP][PASSED] - maximizeWindow(): Current window maximized

24-10-2024T08:06:05 - [MESSAGE][PASSED] - Current window maximized

24-10-2024T08:06:05 - [TEST_STEP][PASSED] - iwpPages.TestHarnessPage.setDataMethodEF(row, dataFile): iwpPages.TestHarnessPage.setDataMethodEF is PASSED

24-10-2024T08:06:05 - [MESSAGE][PASSED] - Object 'Object Repository/IWP30/Page_QATestHarness/RemittanceID' is present

24-10-2024T08:06:06 - [MESSAGE][PASSED] - Text '649' is set on object 'Object Repository/IWP30/Page_QATestHarness/ApplicationID'

24-10-2024T08:06:07 - [MESSAGE][PASSED] - Text '3.0' is set on object 'Object Repository/IWP30/Page_QATestHarness/MessageVersion'

24-10-2024T08:06:07 - [MESSAGE][PASSED] - Text 'suMNCYM8oj9L' is set on object 'Object Repository/IWP30/Page_QATestHarness/RemittanceID'

24-10-2024T08:06:11 - [MESSAGE][PASSED] - Object: 'Object Repository/IWP30/Page_QATestHarness/SubmitButton' is clicked on

24-10-2024T08:06:11 - [MESSAGE][PASSED] - iwpPages.TestHarnessPage.setDataMethodEF is PASSED

24-10-2024T08:06:11 - [TEST_STEP][PASSED] - click(findTestObject("Object Repository/IWP30/Page_ManagePlan_Autopay/btn_cancel")): Object: 'Object Repository/IWP30/Page_ManagePlan_Autopay/btn_cancel' is clicked on

24-10-2024T08:06:11 - [MESSAGE][PASSED] - Object: 'Object Repository/IWP30/Page_ManagePlan_Autopay/btn_cancel' is clicked on

24-10-2024T08:06:11 - [TEST_STEP][PASSED] - click(findTestObject("Object Repository/IWP30/Page_CancelPlan/btn_cancel")): Object: 'Object Repository/IWP30/Page_CancelPlan/btn_cancel' is clicked on

24-10-2024T08:06:13 - [MESSAGE][PASSED] - Object: 'Object Repository/IWP30/Page_CancelPlan/btn_cancel' is clicked on

24-10-2024T08:06:13 - [TEST_STEP][PASSED] - if (verifyTextPresent("Your payment plan has been cancelled successfully", false)): null

24-10-2024T08:06:13 - [MESSAGE][PASSED] - Text 'Your payment plan has been cancelled successfully' is present on page 

24-10-2024T08:06:13 - [TEST_STEP][PASSED] - markPassed("Your payment plan has been successfully created and canceled"): Your payment plan has been successfully created and canceled

24-10-2024T08:06:13 - [MESSAGE][PASSED] - Your payment plan has been successfully created and canceled

24-10-2024T08:06:13 - [TEST_STEP][PASSED] - resText = "Pass": null

24-10-2024T08:06:13 - [TEST_STEP][PASSED] - println(row): null

24-10-2024T08:06:13 - [TEST_STEP][PASSED] - pages.WriteExcel.demoKey(resText, datText, resColumn, datCloumn, fileLoc, nameSheet, row): pages.WriteExcel.demoKey is PASSED

24-10-2024T08:06:14 - [MESSAGE][PASSED] - pages.WriteExcel.demoKey is PASSED

24-10-2024T08:06:14 - [TEST_STEP][PASSED] - closeBrowser(): Browser is closed

24-10-2024T08:06:14 - [MESSAGE][PASSED] - Browser is closed]]></system-out>
         <system-err><![CDATA[24-10-2024T08:02:13 - [TEST_CASE][FAILED] - Test Cases/IntegratedWeb/IWP25/Payments/CCAutoPayCorp: Test Cases/IntegratedWeb/IWP25/Payments/CCAutoPayCorp FAILED.
Reason:
com.kms.katalon.core.exception.StepFailedException: Text 'AutoPay' is not present on page  (Root cause: com.kms.katalon.core.exception.StepFailedException: Text 'AutoPay' is not present on page 
	at com.kms.katalon.core.webui.keyword.internal.WebUIKeywordMain.stepFailed(WebUIKeywordMain.groovy:64)
	at com.kms.katalon.core.webui.keyword.builtin.VerifyTextPresentKeyword$_verifyTextPresent_closure1.doCall(VerifyTextPresentKeyword.groovy:79)
	at com.kms.katalon.core.webui.keyword.builtin.VerifyTextPresentKeyword$_verifyTextPresent_closure1.call(VerifyTextPresentKeyword.groovy)
	at com.kms.katalon.core.webui.keyword.internal.WebUIKeywordMain.runKeyword(WebUIKeywordMain.groovy:20)
	at com.kms.katalon.core.webui.keyword.builtin.VerifyTextPresentKeyword.verifyTextPresent(VerifyTextPresentKeyword.groovy:83)
	at com.kms.katalon.core.webui.keyword.builtin.VerifyTextPresentKeyword.execute(VerifyTextPresentKeyword.groovy:68)
	at com.kms.katalon.core.keyword.internal.KeywordExecutor.executeKeywordForPlatform(KeywordExecutor.groovy:74)
	at com.kms.katalon.core.webui.keyword.WebUiBuiltInKeywords.verifyTextPresent(WebUiBuiltInKeywords.groovy:1762)
	at CCAutoPayCorp.run(CCAutoPayCorp:92)
	at com.kms.katalon.core.main.ScriptEngine.run(ScriptEngine.java:194)
	at com.kms.katalon.core.main.ScriptEngine.runScriptAsRawText(ScriptEngine.java:119)
	at com.kms.katalon.core.main.TestCaseExecutor.runScript(TestCaseExecutor.java:448)
	at com.kms.katalon.core.main.TestCaseExecutor.doExecute(TestCaseExecutor.java:439)
	at com.kms.katalon.core.main.TestCaseExecutor.processExecutionPhase(TestCaseExecutor.java:418)
	at com.kms.katalon.core.main.TestCaseExecutor.accessMainPhase(TestCaseExecutor.java:410)
	at com.kms.katalon.core.main.TestCaseExecutor.execute(TestCaseExecutor.java:285)
	at com.kms.katalon.core.common.CommonExecutor.accessTestCaseMainPhase(CommonExecutor.java:65)
	at com.kms.katalon.core.main.TestSuiteExecutor.accessTestSuiteMainPhase(TestSuiteExecutor.java:150)
	at com.kms.katalon.core.main.TestSuiteExecutor.execute(TestSuiteExecutor.java:106)
	at com.kms.katalon.core.main.TestCaseMain.startTestSuite(TestCaseMain.java:180)
	at TempTestSuite1729731001385.run(TempTestSuite1729731001385.groovy:35)
	at java.base/jdk.internal.reflect.NativeMethodAccessorImpl.invoke0(Native Method)
	at java.base/jdk.internal.reflect.NativeMethodAccessorImpl.invoke(NativeMethodAccessorImpl.java:77)
	at java.base/jdk.internal.reflect.DelegatingMethodAccessorImpl.invoke(DelegatingMethodAccessorImpl.java:43)
)
	at com.kms.katalon.core.keyword.internal.KeywordMain.stepFailed(KeywordMain.groovy:39)
	at com.kms.katalon.core.webui.keyword.internal.WebUIKeywordMain.stepFailed(WebUIKeywordMain.groovy:64)
	at com.kms.katalon.core.webui.keyword.builtin.VerifyTextPresentKeyword$_verifyTextPresent_closure1.doCall(VerifyTextPresentKeyword.groovy:79)
	at com.kms.katalon.core.webui.keyword.builtin.VerifyTextPresentKeyword$_verifyTextPresent_closure1.call(VerifyTextPresentKeyword.groovy)
	at com.kms.katalon.core.webui.keyword.internal.WebUIKeywordMain.runKeyword(WebUIKeywordMain.groovy:20)
	at com.kms.katalon.core.webui.keyword.builtin.VerifyTextPresentKeyword.verifyTextPresent(VerifyTextPresentKeyword.groovy:83)
	at com.kms.katalon.core.webui.keyword.builtin.VerifyTextPresentKeyword.execute(VerifyTextPresentKeyword.groovy:68)
	at com.kms.katalon.core.keyword.internal.KeywordExecutor.executeKeywordForPlatform(KeywordExecutor.groovy:74)
	at com.kms.katalon.core.webui.keyword.WebUiBuiltInKeywords.verifyTextPresent(WebUiBuiltInKeywords.groovy:1762)
	at CCAutoPayCorp.run(CCAutoPayCorp:92)
	at com.kms.katalon.core.main.ScriptEngine.run(ScriptEngine.java:194)
	at com.kms.katalon.core.main.ScriptEngine.runScriptAsRawText(ScriptEngine.java:119)
	at com.kms.katalon.core.main.TestCaseExecutor.runScript(TestCaseExecutor.java:448)
	at com.kms.katalon.core.main.TestCaseExecutor.doExecute(TestCaseExecutor.java:439)
	at com.kms.katalon.core.main.TestCaseExecutor.processExecutionPhase(TestCaseExecutor.java:418)
	at com.kms.katalon.core.main.TestCaseExecutor.accessMainPhase(TestCaseExecutor.java:410)
	at com.kms.katalon.core.main.TestCaseExecutor.execute(TestCaseExecutor.java:285)
	at com.kms.katalon.core.common.CommonExecutor.accessTestCaseMainPhase(CommonExecutor.java:65)
	at com.kms.katalon.core.main.TestSuiteExecutor.accessTestSuiteMainPhase(TestSuiteExecutor.java:150)
	at com.kms.katalon.core.main.TestSuiteExecutor.execute(TestSuiteExecutor.java:106)
	at com.kms.katalon.core.main.TestCaseMain.startTestSuite(TestCaseMain.java:180)
	at TempTestSuite1729731001385.run(TempTestSuite1729731001385.groovy:35)
	at java.base/jdk.internal.reflect.NativeMethodAccessorImpl.invoke0(Native Method)
	at java.base/jdk.internal.reflect.NativeMethodAccessorImpl.invoke(NativeMethodAccessorImpl.java:77)
	at java.base/jdk.internal.reflect.DelegatingMethodAccessorImpl.invoke(DelegatingMethodAccessorImpl.java:43)
Caused by: com.kms.katalon.core.exception.StepFailedException: Text 'AutoPay' is not present on page 
	... 24 more]]></system-err>
      </testcase>
      <testcase name="Test Cases/IntegratedWeb/IWP25/Payments/CCAutoPayCredit" time="207.253" classname="Test Cases/IntegratedWeb/IWP25/Payments/CCAutoPayCredit" status="FAILED">
         <failure type="FAILED" message="Test Cases/IntegratedWeb/IWP25/Payments/CCAutoPayCredit FAILED.&#xa;Reason:&#xa;com.kms.katalon.core.exception.StepFailedException: Text 'AutoPay' is not present on page  (Root cause: com.kms.katalon.core.exception.StepFailedException: Text 'AutoPay' is not present on page &#xa;	at com.kms.katalon.core.webui.keyword.internal.WebUIKeywordMain.stepFailed(WebUIKeywordMain.groovy:64)&#xa;	at com.kms.katalon.core.webui.keyword.builtin.VerifyTextPresentKeyword$_verifyTextPresent_closure1.doCall(VerifyTextPresentKeyword.groovy:79)&#xa;	at com.kms.katalon.core.webui.keyword.builtin.VerifyTextPresentKeyword$_verifyTextPresent_closure1.call(VerifyTextPresentKeyword.groovy)&#xa;	at com.kms.katalon.core.webui.keyword.internal.WebUIKeywordMain.runKeyword(WebUIKeywordMain.groovy:20)&#xa;	at com.kms.katalon.core.webui.keyword.builtin.VerifyTextPresentKeyword.verifyTextPresent(VerifyTextPresentKeyword.groovy:83)&#xa;	at com.kms.katalon.core.webui.keyword.builtin.VerifyTextPresentKeyword.execute(VerifyTextPresentKeyword.groovy:68)&#xa;	at com.kms.katalon.core.keyword.internal.KeywordExecutor.executeKeywordForPlatform(KeywordExecutor.groovy:74)&#xa;	at com.kms.katalon.core.webui.keyword.WebUiBuiltInKeywords.verifyTextPresent(WebUiBuiltInKeywords.groovy:1762)&#xa;	at CCAutoPayCredit.run(CCAutoPayCredit:92)&#xa;	at com.kms.katalon.core.main.ScriptEngine.run(ScriptEngine.java:194)&#xa;	at com.kms.katalon.core.main.ScriptEngine.runScriptAsRawText(ScriptEngine.java:119)&#xa;	at com.kms.katalon.core.main.TestCaseExecutor.runScript(TestCaseExecutor.java:448)&#xa;	at com.kms.katalon.core.main.TestCaseExecutor.doExecute(TestCaseExecutor.java:439)&#xa;	at com.kms.katalon.core.main.TestCaseExecutor.processExecutionPhase(TestCaseExecutor.java:418)&#xa;	at com.kms.katalon.core.main.TestCaseExecutor.accessMainPhase(TestCaseExecutor.java:410)&#xa;	at com.kms.katalon.core.main.TestCaseExecutor.execute(TestCaseExecutor.java:285)&#xa;	at com.kms.katalon.core.common.CommonExecutor.accessTestCaseMainPhase(CommonExecutor.java:65)&#xa;	at com.kms.katalon.core.main.TestSuiteExecutor.accessTestSuiteMainPhase(TestSuiteExecutor.java:150)&#xa;	at com.kms.katalon.core.main.TestSuiteExecutor.execute(TestSuiteExecutor.java:106)&#xa;	at com.kms.katalon.core.main.TestCaseMain.startTestSuite(TestCaseMain.java:180)&#xa;	at TempTestSuite1729731001385.run(TempTestSuite1729731001385.groovy:35)&#xa;	at java.base/jdk.internal.reflect.NativeMethodAccessorImpl.invoke0(Native Method)&#xa;	at java.base/jdk.internal.reflect.NativeMethodAccessorImpl.invoke(NativeMethodAccessorImpl.java:77)&#xa;	at java.base/jdk.internal.reflect.DelegatingMethodAccessorImpl.invoke(DelegatingMethodAccessorImpl.java:43)&#xa;)&#xa;	at com.kms.katalon.core.keyword.internal.KeywordMain.stepFailed(KeywordMain.groovy:39)&#xa;	at com.kms.katalon.core.webui.keyword.internal.WebUIKeywordMain.stepFailed(WebUIKeywordMain.groovy:64)&#xa;	at com.kms.katalon.core.webui.keyword.builtin.VerifyTextPresentKeyword$_verifyTextPresent_closure1.doCall(VerifyTextPresentKeyword.groovy:79)&#xa;	at com.kms.katalon.core.webui.keyword.builtin.VerifyTextPresentKeyword$_verifyTextPresent_closure1.call(VerifyTextPresentKeyword.groovy)&#xa;	at com.kms.katalon.core.webui.keyword.internal.WebUIKeywordMain.runKeyword(WebUIKeywordMain.groovy:20)&#xa;	at com.kms.katalon.core.webui.keyword.builtin.VerifyTextPresentKeyword.verifyTextPresent(VerifyTextPresentKeyword.groovy:83)&#xa;	at com.kms.katalon.core.webui.keyword.builtin.VerifyTextPresentKeyword.execute(VerifyTextPresentKeyword.groovy:68)&#xa;	at com.kms.katalon.core.keyword.internal.KeywordExecutor.executeKeywordForPlatform(KeywordExecutor.groovy:74)&#xa;	at com.kms.katalon.core.webui.keyword.WebUiBuiltInKeywords.verifyTextPresent(WebUiBuiltInKeywords.groovy:1762)&#xa;	at CCAutoPayCredit.run(CCAutoPayCredit:92)&#xa;	at com.kms.katalon.core.main.ScriptEngine.run(ScriptEngine.java:194)&#xa;	at com.kms.katalon.core.main.ScriptEngine.runScriptAsRawText(ScriptEngine.java:119)&#xa;	at com.kms.katalon.core.main.TestCaseExecutor.runScript(TestCaseExecutor.java:448)&#xa;	at com.kms.katalon.core.main.TestCaseExecutor.doExecute(TestCaseExecutor.java:439)&#xa;	at com.kms.katalon.core.main.TestCaseExecutor.processExecutionPhase(TestCaseExecutor.java:418)&#xa;	at com.kms.katalon.core.main.TestCaseExecutor.accessMainPhase(TestCaseExecutor.java:410)&#xa;	at com.kms.katalon.core.main.TestCaseExecutor.execute(TestCaseExecutor.java:285)&#xa;	at com.kms.katalon.core.common.CommonExecutor.accessTestCaseMainPhase(CommonExecutor.java:65)&#xa;	at com.kms.katalon.core.main.TestSuiteExecutor.accessTestSuiteMainPhase(TestSuiteExecutor.java:150)&#xa;	at com.kms.katalon.core.main.TestSuiteExecutor.execute(TestSuiteExecutor.java:106)&#xa;	at com.kms.katalon.core.main.TestCaseMain.startTestSuite(TestCaseMain.java:180)&#xa;	at TempTestSuite1729731001385.run(TempTestSuite1729731001385.groovy:35)&#xa;	at java.base/jdk.internal.reflect.NativeMethodAccessorImpl.invoke0(Native Method)&#xa;	at java.base/jdk.internal.reflect.NativeMethodAccessorImpl.invoke(NativeMethodAccessorImpl.java:77)&#xa;	at java.base/jdk.internal.reflect.DelegatingMethodAccessorImpl.invoke(DelegatingMethodAccessorImpl.java:43)&#xa;Caused by: com.kms.katalon.core.exception.StepFailedException: Text 'AutoPay' is not present on page &#xa;	... 24 more&#xa;"/>
         <system-out><![CDATA[24-10-2024T08:06:14 - [TEST_CASE][FAILED] - Test Cases/IntegratedWeb/IWP25/Payments/CCAutoPayCredit: Test Cases/IntegratedWeb/IWP25/Payments/CCAutoPayCredit FAILED.
Reason:
com.kms.katalon.core.exception.StepFailedException: Text 'AutoPay' is not present on page  (Root cause: com.kms.katalon.core.exception.StepFailedException: Text 'AutoPay' is not present on page 
	at com.kms.katalon.core.webui.keyword.internal.WebUIKeywordMain.stepFailed(WebUIKeywordMain.groovy:64)
	at com.kms.katalon.core.webui.keyword.builtin.VerifyTextPresentKeyword$_verifyTextPresent_closure1.doCall(VerifyTextPresentKeyword.groovy:79)
	at com.kms.katalon.core.webui.keyword.builtin.VerifyTextPresentKeyword$_verifyTextPresent_closure1.call(VerifyTextPresentKeyword.groovy)
	at com.kms.katalon.core.webui.keyword.internal.WebUIKeywordMain.runKeyword(WebUIKeywordMain.groovy:20)
	at com.kms.katalon.core.webui.keyword.builtin.VerifyTextPresentKeyword.verifyTextPresent(VerifyTextPresentKeyword.groovy:83)
	at com.kms.katalon.core.webui.keyword.builtin.VerifyTextPresentKeyword.execute(VerifyTextPresentKeyword.groovy:68)
	at com.kms.katalon.core.keyword.internal.KeywordExecutor.executeKeywordForPlatform(KeywordExecutor.groovy:74)
	at com.kms.katalon.core.webui.keyword.WebUiBuiltInKeywords.verifyTextPresent(WebUiBuiltInKeywords.groovy:1762)
	at CCAutoPayCredit.run(CCAutoPayCredit:92)
	at com.kms.katalon.core.main.ScriptEngine.run(ScriptEngine.java:194)
	at com.kms.katalon.core.main.ScriptEngine.runScriptAsRawText(ScriptEngine.java:119)
	at com.kms.katalon.core.main.TestCaseExecutor.runScript(TestCaseExecutor.java:448)
	at com.kms.katalon.core.main.TestCaseExecutor.doExecute(TestCaseExecutor.java:439)
	at com.kms.katalon.core.main.TestCaseExecutor.processExecutionPhase(TestCaseExecutor.java:418)
	at com.kms.katalon.core.main.TestCaseExecutor.accessMainPhase(TestCaseExecutor.java:410)
	at com.kms.katalon.core.main.TestCaseExecutor.execute(TestCaseExecutor.java:285)
	at com.kms.katalon.core.common.CommonExecutor.accessTestCaseMainPhase(CommonExecutor.java:65)
	at com.kms.katalon.core.main.TestSuiteExecutor.accessTestSuiteMainPhase(TestSuiteExecutor.java:150)
	at com.kms.katalon.core.main.TestSuiteExecutor.execute(TestSuiteExecutor.java:106)
	at com.kms.katalon.core.main.TestCaseMain.startTestSuite(TestCaseMain.java:180)
	at TempTestSuite1729731001385.run(TempTestSuite1729731001385.groovy:35)
	at java.base/jdk.internal.reflect.NativeMethodAccessorImpl.invoke0(Native Method)
	at java.base/jdk.internal.reflect.NativeMethodAccessorImpl.invoke(NativeMethodAccessorImpl.java:77)
	at java.base/jdk.internal.reflect.DelegatingMethodAccessorImpl.invoke(DelegatingMethodAccessorImpl.java:43)
)
	at com.kms.katalon.core.keyword.internal.KeywordMain.stepFailed(KeywordMain.groovy:39)
	at com.kms.katalon.core.webui.keyword.internal.WebUIKeywordMain.stepFailed(WebUIKeywordMain.groovy:64)
	at com.kms.katalon.core.webui.keyword.builtin.VerifyTextPresentKeyword$_verifyTextPresent_closure1.doCall(VerifyTextPresentKeyword.groovy:79)
	at com.kms.katalon.core.webui.keyword.builtin.VerifyTextPresentKeyword$_verifyTextPresent_closure1.call(VerifyTextPresentKeyword.groovy)
	at com.kms.katalon.core.webui.keyword.internal.WebUIKeywordMain.runKeyword(WebUIKeywordMain.groovy:20)
	at com.kms.katalon.core.webui.keyword.builtin.VerifyTextPresentKeyword.verifyTextPresent(VerifyTextPresentKeyword.groovy:83)
	at com.kms.katalon.core.webui.keyword.builtin.VerifyTextPresentKeyword.execute(VerifyTextPresentKeyword.groovy:68)
	at com.kms.katalon.core.keyword.internal.KeywordExecutor.executeKeywordForPlatform(KeywordExecutor.groovy:74)
	at com.kms.katalon.core.webui.keyword.WebUiBuiltInKeywords.verifyTextPresent(WebUiBuiltInKeywords.groovy:1762)
	at CCAutoPayCredit.run(CCAutoPayCredit:92)
	at com.kms.katalon.core.main.ScriptEngine.run(ScriptEngine.java:194)
	at com.kms.katalon.core.main.ScriptEngine.runScriptAsRawText(ScriptEngine.java:119)
	at com.kms.katalon.core.main.TestCaseExecutor.runScript(TestCaseExecutor.java:448)
	at com.kms.katalon.core.main.TestCaseExecutor.doExecute(TestCaseExecutor.java:439)
	at com.kms.katalon.core.main.TestCaseExecutor.processExecutionPhase(TestCaseExecutor.java:418)
	at com.kms.katalon.core.main.TestCaseExecutor.accessMainPhase(TestCaseExecutor.java:410)
	at com.kms.katalon.core.main.TestCaseExecutor.execute(TestCaseExecutor.java:285)
	at com.kms.katalon.core.common.CommonExecutor.accessTestCaseMainPhase(CommonExecutor.java:65)
	at com.kms.katalon.core.main.TestSuiteExecutor.accessTestSuiteMainPhase(TestSuiteExecutor.java:150)
	at com.kms.katalon.core.main.TestSuiteExecutor.execute(TestSuiteExecutor.java:106)
	at com.kms.katalon.core.main.TestCaseMain.startTestSuite(TestCaseMain.java:180)
	at TempTestSuite1729731001385.run(TempTestSuite1729731001385.groovy:35)
	at java.base/jdk.internal.reflect.NativeMethodAccessorImpl.invoke0(Native Method)
	at java.base/jdk.internal.reflect.NativeMethodAccessorImpl.invoke(NativeMethodAccessorImpl.java:77)
	at java.base/jdk.internal.reflect.DelegatingMethodAccessorImpl.invoke(DelegatingMethodAccessorImpl.java:43)
Caused by: com.kms.katalon.core.exception.StepFailedException: Text 'AutoPay' is not present on page 
	... 24 more


24-10-2024T08:06:15 - [TEST_STEP][PASSED] - resText = "Fail": null

24-10-2024T08:06:15 - [TEST_STEP][PASSED] - resColumn = "Result": null

24-10-2024T08:06:15 - [TEST_STEP][PASSED] - datCloumn = "Date": null

24-10-2024T08:06:15 - [TEST_STEP][PASSED] - fileLoc = "KatalonData/IWPTestData/VRelay25PaymentsExtension.xlsx": null

24-10-2024T08:06:15 - [TEST_STEP][PASSED] - numOfRows = <not implemented yet for class: org.codehaus.groovy.ast.expr.EmptyExpression>: null

24-10-2024T08:06:15 - [TEST_STEP][PASSED] - dataFile = <not implemented yet for class: org.codehaus.groovy.ast.expr.EmptyExpression>: null

24-10-2024T08:06:15 - [TEST_STEP][PASSED] - nameSheet = <not implemented yet for class: org.codehaus.groovy.ast.expr.EmptyExpression>: null

24-10-2024T08:06:15 - [TEST_STEP][PASSED] - dataFileEmulator = <not implemented yet for class: org.codehaus.groovy.ast.expr.EmptyExpression>: null

24-10-2024T08:06:15 - [TEST_STEP][PASSED] - isRequiredTextPresent = false: null

24-10-2024T08:06:15 - [TEST_STEP][PASSED] - nameSheet = "CCAutoPayPlanCredit": null

24-10-2024T08:06:15 - [TEST_STEP][PASSED] - dataFile = getExcelDataWithDefaultSheet("KatalonData/IWPTestData/VRelay25PaymentsExtension.xlsx", nameSheet, true): null

24-10-2024T08:06:15 - [TEST_STEP][PASSED] - dataFileEmulator = "IWPTestData/EmulatorData": null

24-10-2024T08:06:15 - [TEST_STEP][PASSED] - numOfRows = dataFile.getRowNumbers(): null

24-10-2024T08:06:15 - [TEST_STEP][PASSED] - println("Number of Records: " + numOfRows): null

24-10-2024T08:06:15 - [TEST_STEP][PASSED] - columnNames = dataFile.getColumnNames(): null

24-10-2024T08:06:15 - [TEST_STEP][PASSED] - println(columnNames[0]): null

24-10-2024T08:06:15 - [TEST_STEP][FAILED] - for ([row = 1, row <= numOfRows, (row++)]): null

24-10-2024T08:06:15 - [TEST_STEP][PASSED] - ExecuteTC = dataFile.getValue("Execute", row): null

24-10-2024T08:06:15 - [TEST_STEP][PASSED] - out.println("Value of Execute is : " + ExecuteTC): null

24-10-2024T08:06:15 - [TEST_STEP][FAILED] - if (ExecuteTC.equalsIgnoreCase("Y")): null

24-10-2024T08:06:15 - [TEST_STEP][PASSED] - out.println("Begin Record Number: " + row): null

24-10-2024T08:06:15 - [TEST_STEP][PASSED] - today = new java.util.Date(): null

24-10-2024T08:06:15 - [TEST_STEP][PASSED] - println(today): null

24-10-2024T08:06:15 - [TEST_STEP][PASSED] - datText = today: null

24-10-2024T08:06:15 - [TEST_STEP][PASSED] - EmulatorDataKey = dataFile.getValue("EmulatorData", row): null

24-10-2024T08:06:15 - [TEST_STEP][PASSED] - out.println("Value of Emulator Key is : " + EmulatorDataKey): null

24-10-2024T08:06:15 - [TEST_STEP][PASSED] - iwpPages.emulatorIWP30.setDataEmulator_DD(EmulatorDataKey): iwpPages.emulatorIWP30.setDataEmulator_DD is PASSED

24-10-2024T08:06:15 - [MESSAGE][INFO] - Starting 'Edge Chromium' driver

24-10-2024T08:06:15 - [MESSAGE][INFO] - User set preference: ['acceptInsecureCerts', 'true']

24-10-2024T08:06:17 - [MESSAGE][INFO] - Action delay is set to 0 milliseconds

24-10-2024T08:06:21 - [MESSAGE][PASSED] - Browser is opened with url: 'https://qa2.velocitypayment.com/agencyx/config.action?action=editor&message_version=2_5'

24-10-2024T08:06:22 - [MESSAGE][PASSED] - Current window maximized

24-10-2024T08:06:53 - [MESSAGE][INFO] - Unable to find the element located by 'By.xpath: //select[@name='message_version']'. Please recheck the objects properties to make sure the desired element is located. 

24-10-2024T08:06:53 - [MESSAGE][WARNING] - [SELF-HEALING] Failed to find element with id 'Object Repository/IWP30/Page_VRelay30Emulator/MV'. Try using Self-healing.

24-10-2024T08:06:54 - [MESSAGE][WARNING] - [SELF-HEALING] The current locator of test object 'Object Repository/IWP30/Page_VRelay30Emulator/MV' was broken. Propose an alternative one: '(.//*[normalize-space(text()) and normalize-space(.)='Message Version'])[1]/following::select[1]'.

24-10-2024T08:06:54 - [MESSAGE][PASSED] - All options with value '2.5' are selected in object 'Object Repository/IWP30/Page_VRelay30Emulator/MV'  using regular expression

24-10-2024T08:06:55 - [MESSAGE][PASSED] - Text '10.50' is set on object 'Object Repository/IWP30/Page_EmulatorAgencyX/Amount'

24-10-2024T08:06:56 - [MESSAGE][PASSED] - Text 'DyalHX8nP9JX' is set on object 'Object Repository/IWP30/Page_EmulatorAgencyX/CAN'

24-10-2024T08:06:56 - [MESSAGE][PASSED] - Text 'AutoPay' is set on object 'Object Repository/IWP30/Page_EmulatorAgencyX/Action'

24-10-2024T08:06:57 - [MESSAGE][PASSED] - Text 'en_US' is set on object 'Object Repository/IWP30/Page_EmulatorAgencyX/Lang'

24-10-2024T08:06:57 - [MESSAGE][PASSED] - Text '' is set on object 'Object Repository/IWP30/Page_EmulatorAgencyX/Fname'

24-10-2024T08:06:58 - [MESSAGE][PASSED] - Text '' is set on object 'Object Repository/IWP30/Page_EmulatorAgencyX/Lname'

24-10-2024T08:06:58 - [MESSAGE][PASSED] - Text '' is set on object 'Object Repository/IWP30/Page_EmulatorAgencyX/AL1'

24-10-2024T08:06:59 - [MESSAGE][PASSED] - Text '' is set on object 'Object Repository/IWP30/Page_EmulatorAgencyX/AL2'

24-10-2024T08:07:00 - [MESSAGE][PASSED] - Text '' is set on object 'Object Repository/IWP30/Page_EmulatorAgencyX/Country'

24-10-2024T08:07:00 - [MESSAGE][PASSED] - Text '' is set on object 'Object Repository/IWP30/Page_EmulatorAgencyX/City'

24-10-2024T08:07:01 - [MESSAGE][PASSED] - Text '' is set on object 'Object Repository/IWP30/Page_EmulatorAgencyX/State'

24-10-2024T08:07:01 - [MESSAGE][PASSED] - Text '' is set on object 'Object Repository/IWP30/Page_EmulatorAgencyX/ZIP'

24-10-2024T08:07:02 - [MESSAGE][PASSED] - Text '' is set on object 'Object Repository/IWP30/Page_EmulatorAgencyX/Order'

24-10-2024T08:07:02 - [MESSAGE][PASSED] - Text '' is set on object 'Object Repository/IWP30/Page_EmulatorAgencyX/Company'

24-10-2024T08:07:03 - [MESSAGE][PASSED] - Text '' is set on object 'Object Repository/IWP30/Page_EmulatorAgencyX/Email'

24-10-2024T08:07:04 - [MESSAGE][PASSED] - Text '' is set on object 'Object Repository/IWP30/Page_EmulatorAgencyX/UDF1'

24-10-2024T08:07:04 - [MESSAGE][PASSED] - Text '' is set on object 'Object Repository/IWP30/Page_EmulatorAgencyX/UDF2'

24-10-2024T08:07:05 - [MESSAGE][PASSED] - Text '' is set on object 'Object Repository/IWP30/Page_EmulatorAgencyX/UDF3'

24-10-2024T08:07:05 - [MESSAGE][PASSED] - Text 'udf data 4' is set on object 'Object Repository/IWP30/Page_EmulatorAgencyX/UDF4'

24-10-2024T08:07:06 - [MESSAGE][PASSED] - Text 'udf data 5' is set on object 'Object Repository/IWP30/Page_EmulatorAgencyX/UDF5'

24-10-2024T08:07:06 - [MESSAGE][PASSED] - Text '' is set on object 'Object Repository/IWP30/Page_EmulatorAgencyX/UDF6'

24-10-2024T08:07:07 - [MESSAGE][PASSED] - Text '' is set on object 'Object Repository/IWP30/Page_EmulatorAgencyX/UDF7'

24-10-2024T08:07:08 - [MESSAGE][PASSED] - Text '' is set on object 'Object Repository/IWP30/Page_EmulatorAgencyX/UDF8'

24-10-2024T08:07:08 - [MESSAGE][PASSED] - Text 'udf data 9' is set on object 'Object Repository/IWP30/Page_EmulatorAgencyX/UDF9'

24-10-2024T08:07:09 - [MESSAGE][PASSED] - Text 'udf data 10' is set on object 'Object Repository/IWP30/Page_EmulatorAgencyX/UDF10'

24-10-2024T08:07:10 - [MESSAGE][PASSED] - Object: 'Object Repository/IWP30/Page_EmulatorAgencyX/Submit' is clicked on

24-10-2024T08:07:15 - [MESSAGE][PASSED] - Browser is closed

24-10-2024T08:07:19 - [MESSAGE][PASSED] - iwpPages.emulatorIWP30.setDataEmulator_DD is PASSED

24-10-2024T08:07:19 - [TEST_STEP][PASSED] - testHarnessURL = urlTestHarness: null

24-10-2024T08:07:19 - [TEST_STEP][PASSED] - openBrowser(testHarnessURL): Browser is opened with url: 'https://dev-algorithm.govolution.com/vrelaytest/QA2/version_2_2/vrelaytest.html'

24-10-2024T08:07:19 - [MESSAGE][INFO] - Starting 'Edge Chromium' driver

24-10-2024T08:07:19 - [MESSAGE][INFO] - User set preference: ['acceptInsecureCerts', 'true']

24-10-2024T08:07:21 - [MESSAGE][INFO] - Action delay is set to 0 milliseconds

24-10-2024T08:07:24 - [MESSAGE][PASSED] - Browser is opened with url: 'https://dev-algorithm.govolution.com/vrelaytest/QA2/version_2_2/vrelaytest.html'

24-10-2024T08:07:24 - [TEST_STEP][PASSED] - maximizeWindow(): Current window maximized

24-10-2024T08:07:24 - [MESSAGE][PASSED] - Current window maximized

24-10-2024T08:07:24 - [TEST_STEP][PASSED] - iwpPages.TestHarnessPage.setDataMethodEF(row, dataFile): iwpPages.TestHarnessPage.setDataMethodEF is PASSED

24-10-2024T08:07:25 - [MESSAGE][PASSED] - Object 'Object Repository/IWP30/Page_QATestHarness/RemittanceID' is present

24-10-2024T08:07:25 - [MESSAGE][PASSED] - Text '638' is set on object 'Object Repository/IWP30/Page_QATestHarness/ApplicationID'

24-10-2024T08:07:26 - [MESSAGE][PASSED] - Text '2.5' is set on object 'Object Repository/IWP30/Page_QATestHarness/MessageVersion'

24-10-2024T08:07:27 - [MESSAGE][PASSED] - Text 'AVdDV5Q0PjDO' is set on object 'Object Repository/IWP30/Page_QATestHarness/RemittanceID'

24-10-2024T08:07:31 - [MESSAGE][PASSED] - Object: 'Object Repository/IWP30/Page_QATestHarness/SubmitButton' is clicked on

24-10-2024T08:07:31 - [MESSAGE][PASSED] - iwpPages.TestHarnessPage.setDataMethodEF is PASSED

24-10-2024T08:07:31 - [TEST_STEP][PASSED] - click(findTestObject("Object Repository/IWP30/Page_SelectPaymentMethod/PayByCreditCard")): Object: 'Object Repository/IWP30/Page_SelectPaymentMethod/PayByCreditCard' is clicked on

24-10-2024T08:07:32 - [MESSAGE][PASSED] - Object: 'Object Repository/IWP30/Page_SelectPaymentMethod/PayByCreditCard' is clicked on

24-10-2024T08:07:32 - [TEST_STEP][PASSED] - click(findTestObject("Object Repository/IWP30/Page_SelectPaymentMethod/MakePaymentButton")): Object: 'Object Repository/IWP30/Page_SelectPaymentMethod/MakePaymentButton' is clicked on

24-10-2024T08:07:35 - [MESSAGE][PASSED] - Object: 'Object Repository/IWP30/Page_SelectPaymentMethod/MakePaymentButton' is clicked on

24-10-2024T08:07:35 - [TEST_STEP][PASSED] - iwpPages.ccPaymentEntryPage.setDataCCPM(row, dataFile): iwpPages.ccPaymentEntryPage.setDataCCPM is PASSED

24-10-2024T08:07:35 - [MESSAGE][PASSED] - Object 'Object Repository/IWP30/Page_CCPaymentEntry/Name' is present

24-10-2024T08:07:36 - [MESSAGE][PASSED] - Text 'udf data 2' is set on object 'Object Repository/IWP30/Page_CCPaymentEntry/UserDefined2'

24-10-2024T08:07:36 - [MESSAGE][PASSED] - Text 'udf data 3' is set on object 'Object Repository/IWP30/Page_CCPaymentEntry/UserDefined3'

24-10-2024T08:07:37 - [MESSAGE][PASSED] - All options with label 'Orange' are selected in object 'Object Repository/IWP30/Page_CCPaymentEntry/UserDefined7' 

24-10-2024T08:07:38 - [MESSAGE][PASSED] - All options with label 'Soccer' are selected in object 'Object Repository/IWP30/Page_CCPaymentEntry/UserDefined8' 

24-10-2024T08:07:38 - [MESSAGE][PASSED] - Object 'Object Repository/IWP30/Page_CCPaymentEntry/Name' is present

24-10-2024T08:07:38 - [MESSAGE][PASSED] - Text 'Kavita Ranawati' is set on object 'Object Repository/IWP30/Page_CCPaymentEntry/Name'

24-10-2024T08:07:39 - [MESSAGE][PASSED] - Object 'Object Repository/IWP30/Page_CCPaymentEntry/CardNumber' is present

24-10-2024T08:07:39 - [MESSAGE][PASSED] - Text '4111111111111111' is set on object 'Object Repository/IWP30/Page_CCPaymentEntry/CardNumber'

24-10-2024T08:07:40 - [MESSAGE][PASSED] - Text '123' is set on object 'Object Repository/IWP30/Page_CCPaymentEntry/SPC'

24-10-2024T08:07:40 - [MESSAGE][PASSED] - Object 'Object Repository/IWP30/Page_CCPaymentEntry/Month' is present

24-10-2024T08:07:41 - [MESSAGE][PASSED] - All options with label '01' are selected in object 'Object Repository/IWP30/Page_CCPaymentEntry/Month' 

24-10-2024T08:07:41 - [MESSAGE][PASSED] - Object 'Object Repository/IWP30/Page_CCPaymentEntry/Year' is present

24-10-2024T08:07:42 - [MESSAGE][PASSED] - All options with label '2028' are selected in object 'Object Repository/IWP30/Page_CCPaymentEntry/Year' 

24-10-2024T08:07:42 - [MESSAGE][PASSED] - Text '365 Main Avenue' is set on object 'Object Repository/IWP30/Page_CCPaymentEntry/AL1'

24-10-2024T08:07:43 - [MESSAGE][PASSED] - Text '22201' is set on object 'Object Repository/IWP30/Page_CCPaymentEntry/ZIP'

24-10-2024T08:07:43 - [MESSAGE][PASSED] - Object 'Object Repository/IWP30/Page_CCPaymentEntry/EmailAddress' is present

24-10-2024T08:07:45 - [MESSAGE][PASSED] - Text 'iahmed@govolution.com' is set on object 'Object Repository/IWP30/Page_CCPaymentEntry/EmailAddress'

24-10-2024T08:07:45 - [MESSAGE][PASSED] - Object 'Object Repository/IWP30/Page_CCPaymentEntry/TermCondCheckBox' is present

24-10-2024T08:07:45 - [MESSAGE][PASSED] - Object 'Object Repository/IWP30/Page_CCPaymentEntry/TermCondCheckBox' is checked

24-10-2024T08:07:45 - [MESSAGE][PASSED] - Object 'Object Repository/IWP30/Page_CCPaymentEntry/ContinueButton' is present

24-10-2024T08:07:47 - [MESSAGE][PASSED] - Object: 'Object Repository/IWP30/Page_CCPaymentEntry/ContinueButton' is clicked on

24-10-2024T08:07:47 - [MESSAGE][PASSED] - iwpPages.ccPaymentEntryPage.setDataCCPM is PASSED

24-10-2024T08:07:47 - [TEST_STEP][PASSED] - click(findTestObject("Object Repository/IWP30/Page_Confirmation/ConfirmButton")): Object: 'Object Repository/IWP30/Page_Confirmation/ConfirmButton' is clicked on

24-10-2024T08:07:50 - [MESSAGE][PASSED] - Object: 'Object Repository/IWP30/Page_Confirmation/ConfirmButton' is clicked on

24-10-2024T08:07:50 - [TEST_STEP][PASSED] - Thread.sleep(2000): null

24-10-2024T08:07:52 - [TEST_STEP][FAILED] - if (verifyTextPresent("AutoPay", false)): Text 'AutoPay' is not present on page  (Root cause: com.kms.katalon.core.exception.StepFailedException: Text 'AutoPay' is not present on page 
	at com.kms.katalon.core.webui.keyword.internal.WebUIKeywordMain.stepFailed(WebUIKeywordMain.groovy:64)
	at com.kms.katalon.core.webui.keyword.builtin.VerifyTextPresentKeyword$_verifyTextPresent_closure1.doCall(VerifyTextPresentKeyword.groovy:79)
	at com.kms.katalon.core.webui.keyword.builtin.VerifyTextPresentKeyword$_verifyTextPresent_closure1.call(VerifyTextPresentKeyword.groovy)
	at com.kms.katalon.core.webui.keyword.internal.WebUIKeywordMain.runKeyword(WebUIKeywordMain.groovy:20)
	at com.kms.katalon.core.webui.keyword.builtin.VerifyTextPresentKeyword.verifyTextPresent(VerifyTextPresentKeyword.groovy:83)
	at com.kms.katalon.core.webui.keyword.builtin.VerifyTextPresentKeyword.execute(VerifyTextPresentKeyword.groovy:68)
	at com.kms.katalon.core.keyword.internal.KeywordExecutor.executeKeywordForPlatform(KeywordExecutor.groovy:74)
	at com.kms.katalon.core.webui.keyword.WebUiBuiltInKeywords.verifyTextPresent(WebUiBuiltInKeywords.groovy:1762)
	at CCAutoPayCredit.run(CCAutoPayCredit:92)
	at com.kms.katalon.core.main.ScriptEngine.run(ScriptEngine.java:194)
	at com.kms.katalon.core.main.ScriptEngine.runScriptAsRawText(ScriptEngine.java:119)
	at com.kms.katalon.core.main.TestCaseExecutor.runScript(TestCaseExecutor.java:448)
	at com.kms.katalon.core.main.TestCaseExecutor.doExecute(TestCaseExecutor.java:439)
	at com.kms.katalon.core.main.TestCaseExecutor.processExecutionPhase(TestCaseExecutor.java:418)
	at com.kms.katalon.core.main.TestCaseExecutor.accessMainPhase(TestCaseExecutor.java:410)
	at com.kms.katalon.core.main.TestCaseExecutor.execute(TestCaseExecutor.java:285)
	at com.kms.katalon.core.common.CommonExecutor.accessTestCaseMainPhase(CommonExecutor.java:65)
	at com.kms.katalon.core.main.TestSuiteExecutor.accessTestSuiteMainPhase(TestSuiteExecutor.java:150)
	at com.kms.katalon.core.main.TestSuiteExecutor.execute(TestSuiteExecutor.java:106)
	at com.kms.katalon.core.main.TestCaseMain.startTestSuite(TestCaseMain.java:180)
	at TempTestSuite1729731001385.run(TempTestSuite1729731001385.groovy:35)
	at java.base/jdk.internal.reflect.NativeMethodAccessorImpl.invoke0(Native Method)
	at java.base/jdk.internal.reflect.NativeMethodAccessorImpl.invoke(NativeMethodAccessorImpl.java:77)
	at java.base/jdk.internal.reflect.DelegatingMethodAccessorImpl.invoke(DelegatingMethodAccessorImpl.java:43)
)

24-10-2024T08:07:52 - [MESSAGE][FAILED] - Text 'AutoPay' is not present on page  (Root cause: com.kms.katalon.core.exception.StepFailedException: Text 'AutoPay' is not present on page 
	at com.kms.katalon.core.webui.keyword.internal.WebUIKeywordMain.stepFailed(WebUIKeywordMain.groovy:64)
	at com.kms.katalon.core.webui.keyword.builtin.VerifyTextPresentKeyword$_verifyTextPresent_closure1.doCall(VerifyTextPresentKeyword.groovy:79)
	at com.kms.katalon.core.webui.keyword.builtin.VerifyTextPresentKeyword$_verifyTextPresent_closure1.call(VerifyTextPresentKeyword.groovy)
	at com.kms.katalon.core.webui.keyword.internal.WebUIKeywordMain.runKeyword(WebUIKeywordMain.groovy:20)
	at com.kms.katalon.core.webui.keyword.builtin.VerifyTextPresentKeyword.verifyTextPresent(VerifyTextPresentKeyword.groovy:83)
	at com.kms.katalon.core.webui.keyword.builtin.VerifyTextPresentKeyword.execute(VerifyTextPresentKeyword.groovy:68)
	at com.kms.katalon.core.keyword.internal.KeywordExecutor.executeKeywordForPlatform(KeywordExecutor.groovy:74)
	at com.kms.katalon.core.webui.keyword.WebUiBuiltInKeywords.verifyTextPresent(WebUiBuiltInKeywords.groovy:1762)
	at CCAutoPayCredit.run(CCAutoPayCredit:92)
	at com.kms.katalon.core.main.ScriptEngine.run(ScriptEngine.java:194)
	at com.kms.katalon.core.main.ScriptEngine.runScriptAsRawText(ScriptEngine.java:119)
	at com.kms.katalon.core.main.TestCaseExecutor.runScript(TestCaseExecutor.java:448)
	at com.kms.katalon.core.main.TestCaseExecutor.doExecute(TestCaseExecutor.java:439)
	at com.kms.katalon.core.main.TestCaseExecutor.processExecutionPhase(TestCaseExecutor.java:418)
	at com.kms.katalon.core.main.TestCaseExecutor.accessMainPhase(TestCaseExecutor.java:410)
	at com.kms.katalon.core.main.TestCaseExecutor.execute(TestCaseExecutor.java:285)
	at com.kms.katalon.core.common.CommonExecutor.accessTestCaseMainPhase(CommonExecutor.java:65)
	at com.kms.katalon.core.main.TestSuiteExecutor.accessTestSuiteMainPhase(TestSuiteExecutor.java:150)
	at com.kms.katalon.core.main.TestSuiteExecutor.execute(TestSuiteExecutor.java:106)
	at com.kms.katalon.core.main.TestCaseMain.startTestSuite(TestCaseMain.java:180)
	at TempTestSuite1729731001385.run(TempTestSuite1729731001385.groovy:35)
	at java.base/jdk.internal.reflect.NativeMethodAccessorImpl.invoke0(Native Method)
	at java.base/jdk.internal.reflect.NativeMethodAccessorImpl.invoke(NativeMethodAccessorImpl.java:77)
	at java.base/jdk.internal.reflect.DelegatingMethodAccessorImpl.invoke(DelegatingMethodAccessorImpl.java:43)
)

24-10-2024T08:07:52 - [TEST_STEP][FAILED] - else: null

24-10-2024T08:07:52 - [TEST_STEP][FAILED] - markFailed("Autopay is not present on page"): Autopay is not present on page

24-10-2024T08:07:52 - [MESSAGE][FAILED] - Autopay is not present on page

24-10-2024T08:07:52 - [TEST_STEP][PASSED] - resText = "Fail": null

24-10-2024T08:07:52 - [TEST_STEP][PASSED] - pages.WriteExcel.demoKey(resText, datText, resColumn, datCloumn, fileLoc, nameSheet, row): pages.WriteExcel.demoKey is PASSED

24-10-2024T08:07:52 - [MESSAGE][PASSED] - pages.WriteExcel.demoKey is PASSED

24-10-2024T08:07:52 - [TEST_STEP][PASSED] - closeBrowser(): Browser is closed

24-10-2024T08:07:53 - [MESSAGE][PASSED] - Browser is closed

24-10-2024T08:07:53 - [TEST_STEP][PASSED] - ExecuteTC = dataFile.getValue("Execute", row): null

24-10-2024T08:07:53 - [TEST_STEP][PASSED] - out.println("Value of Execute is : " + ExecuteTC): null

24-10-2024T08:07:53 - [TEST_STEP][PASSED] - if (ExecuteTC.equalsIgnoreCase("Y")): null

24-10-2024T08:07:53 - [TEST_STEP][PASSED] - out.println("Begin Record Number: " + row): null

24-10-2024T08:07:53 - [TEST_STEP][PASSED] - today = new java.util.Date(): null

24-10-2024T08:07:53 - [TEST_STEP][PASSED] - println(today): null

24-10-2024T08:07:53 - [TEST_STEP][PASSED] - datText = today: null

24-10-2024T08:07:53 - [TEST_STEP][PASSED] - EmulatorDataKey = dataFile.getValue("EmulatorData", row): null

24-10-2024T08:07:53 - [TEST_STEP][PASSED] - out.println("Value of Emulator Key is : " + EmulatorDataKey): null

24-10-2024T08:07:53 - [TEST_STEP][PASSED] - iwpPages.emulatorIWP30.setDataEmulator_DD(EmulatorDataKey): iwpPages.emulatorIWP30.setDataEmulator_DD is PASSED

24-10-2024T08:07:53 - [MESSAGE][INFO] - Starting 'Edge Chromium' driver

24-10-2024T08:07:53 - [MESSAGE][INFO] - User set preference: ['acceptInsecureCerts', 'true']

24-10-2024T08:07:55 - [MESSAGE][INFO] - Action delay is set to 0 milliseconds

24-10-2024T08:07:59 - [MESSAGE][PASSED] - Browser is opened with url: 'https://qa2.velocitypayment.com/agencyx/config.action?action=editor&message_version=3_0'

24-10-2024T08:07:59 - [MESSAGE][PASSED] - Current window maximized

24-10-2024T08:08:30 - [MESSAGE][INFO] - Unable to find the element located by 'By.xpath: //select[@name='message_version']'. Please recheck the objects properties to make sure the desired element is located. 

24-10-2024T08:08:30 - [MESSAGE][WARNING] - [SELF-HEALING] Failed to find element with id 'Object Repository/IWP30/Page_VRelay30Emulator/MV'. Try using Self-healing.

24-10-2024T08:08:30 - [MESSAGE][WARNING] - [SELF-HEALING] The current locator of test object 'Object Repository/IWP30/Page_VRelay30Emulator/MV' was broken. Propose an alternative one: '(.//*[normalize-space(text()) and normalize-space(.)='Message Version'])[1]/following::select[1]'.

24-10-2024T08:08:31 - [MESSAGE][PASSED] - All options with value '3.0' are selected in object 'Object Repository/IWP30/Page_VRelay30Emulator/MV'  using regular expression

24-10-2024T08:08:31 - [MESSAGE][PASSED] - Text '10.50' is set on object 'Object Repository/IWP30/Page_EmulatorAgencyX/Amount'

24-10-2024T08:08:32 - [MESSAGE][PASSED] - Text 'LHnGXvgpjTUj' is set on object 'Object Repository/IWP30/Page_EmulatorAgencyX/CAN'

24-10-2024T08:08:33 - [MESSAGE][PASSED] - Text 'AutoPay' is set on object 'Object Repository/IWP30/Page_EmulatorAgencyX/Action'

24-10-2024T08:08:33 - [MESSAGE][PASSED] - Text 'en_US' is set on object 'Object Repository/IWP30/Page_EmulatorAgencyX/Lang'

24-10-2024T08:08:34 - [MESSAGE][PASSED] - Text '' is set on object 'Object Repository/IWP30/Page_EmulatorAgencyX/Fname'

24-10-2024T08:08:34 - [MESSAGE][PASSED] - Text '' is set on object 'Object Repository/IWP30/Page_EmulatorAgencyX/Lname'

24-10-2024T08:08:35 - [MESSAGE][PASSED] - Text '' is set on object 'Object Repository/IWP30/Page_EmulatorAgencyX/AL1'

24-10-2024T08:08:35 - [MESSAGE][PASSED] - Text '' is set on object 'Object Repository/IWP30/Page_EmulatorAgencyX/AL2'

24-10-2024T08:08:36 - [MESSAGE][PASSED] - Text '' is set on object 'Object Repository/IWP30/Page_EmulatorAgencyX/Country'

24-10-2024T08:08:37 - [MESSAGE][PASSED] - Text '' is set on object 'Object Repository/IWP30/Page_EmulatorAgencyX/City'

24-10-2024T08:08:37 - [MESSAGE][PASSED] - Text '' is set on object 'Object Repository/IWP30/Page_EmulatorAgencyX/State'

24-10-2024T08:08:38 - [MESSAGE][PASSED] - Text '' is set on object 'Object Repository/IWP30/Page_EmulatorAgencyX/ZIP'

24-10-2024T08:08:38 - [MESSAGE][PASSED] - Text '' is set on object 'Object Repository/IWP30/Page_EmulatorAgencyX/Order'

24-10-2024T08:08:39 - [MESSAGE][PASSED] - Text '' is set on object 'Object Repository/IWP30/Page_EmulatorAgencyX/Company'

24-10-2024T08:08:39 - [MESSAGE][PASSED] - Text '' is set on object 'Object Repository/IWP30/Page_EmulatorAgencyX/Email'

24-10-2024T08:08:40 - [MESSAGE][PASSED] - Text '' is set on object 'Object Repository/IWP30/Page_EmulatorAgencyX/UDF1'

24-10-2024T08:08:41 - [MESSAGE][PASSED] - Text '' is set on object 'Object Repository/IWP30/Page_EmulatorAgencyX/UDF2'

24-10-2024T08:08:41 - [MESSAGE][PASSED] - Text '' is set on object 'Object Repository/IWP30/Page_EmulatorAgencyX/UDF3'

24-10-2024T08:08:42 - [MESSAGE][PASSED] - Text 'udf data 4' is set on object 'Object Repository/IWP30/Page_EmulatorAgencyX/UDF4'

24-10-2024T08:08:42 - [MESSAGE][PASSED] - Text 'udf data 5' is set on object 'Object Repository/IWP30/Page_EmulatorAgencyX/UDF5'

24-10-2024T08:08:43 - [MESSAGE][PASSED] - Text '' is set on object 'Object Repository/IWP30/Page_EmulatorAgencyX/UDF6'

24-10-2024T08:08:43 - [MESSAGE][PASSED] - Text '' is set on object 'Object Repository/IWP30/Page_EmulatorAgencyX/UDF7'

24-10-2024T08:08:44 - [MESSAGE][PASSED] - Text '' is set on object 'Object Repository/IWP30/Page_EmulatorAgencyX/UDF8'

24-10-2024T08:08:45 - [MESSAGE][PASSED] - Text 'udf data 9' is set on object 'Object Repository/IWP30/Page_EmulatorAgencyX/UDF9'

24-10-2024T08:08:45 - [MESSAGE][PASSED] - Text 'udf data 10' is set on object 'Object Repository/IWP30/Page_EmulatorAgencyX/UDF10'

24-10-2024T08:08:47 - [MESSAGE][PASSED] - Object: 'Object Repository/IWP30/Page_EmulatorAgencyX/Submit' is clicked on

24-10-2024T08:08:51 - [MESSAGE][PASSED] - Browser is closed

24-10-2024T08:08:55 - [MESSAGE][PASSED] - iwpPages.emulatorIWP30.setDataEmulator_DD is PASSED

24-10-2024T08:08:55 - [TEST_STEP][PASSED] - testHarnessURL = urlTestHarness: null

24-10-2024T08:08:55 - [TEST_STEP][PASSED] - openBrowser(testHarnessURL): Browser is opened with url: 'https://dev-algorithm.govolution.com/vrelaytest/QA2/version_2_2/vrelaytest.html'

24-10-2024T08:08:55 - [MESSAGE][INFO] - Starting 'Edge Chromium' driver

24-10-2024T08:08:55 - [MESSAGE][INFO] - User set preference: ['acceptInsecureCerts', 'true']

24-10-2024T08:08:57 - [MESSAGE][INFO] - Action delay is set to 0 milliseconds

24-10-2024T08:09:01 - [MESSAGE][PASSED] - Browser is opened with url: 'https://dev-algorithm.govolution.com/vrelaytest/QA2/version_2_2/vrelaytest.html'

24-10-2024T08:09:01 - [TEST_STEP][PASSED] - maximizeWindow(): Current window maximized

24-10-2024T08:09:01 - [MESSAGE][PASSED] - Current window maximized

24-10-2024T08:09:01 - [TEST_STEP][PASSED] - iwpPages.TestHarnessPage.setDataMethodEF(row, dataFile): iwpPages.TestHarnessPage.setDataMethodEF is PASSED

24-10-2024T08:09:01 - [MESSAGE][PASSED] - Object 'Object Repository/IWP30/Page_QATestHarness/RemittanceID' is present

24-10-2024T08:09:02 - [MESSAGE][PASSED] - Text '649' is set on object 'Object Repository/IWP30/Page_QATestHarness/ApplicationID'

24-10-2024T08:09:03 - [MESSAGE][PASSED] - Text '3.0' is set on object 'Object Repository/IWP30/Page_QATestHarness/MessageVersion'

24-10-2024T08:09:03 - [MESSAGE][PASSED] - Text '0cOWcmRLKlE3' is set on object 'Object Repository/IWP30/Page_QATestHarness/RemittanceID'

24-10-2024T08:09:07 - [MESSAGE][PASSED] - Object: 'Object Repository/IWP30/Page_QATestHarness/SubmitButton' is clicked on

24-10-2024T08:09:07 - [MESSAGE][PASSED] - iwpPages.TestHarnessPage.setDataMethodEF is PASSED

24-10-2024T08:09:07 - [TEST_STEP][PASSED] - click(findTestObject("Object Repository/IWP30/Page_SelectPaymentMethod/PayByCreditCard")): Object: 'Object Repository/IWP30/Page_SelectPaymentMethod/PayByCreditCard' is clicked on

24-10-2024T08:09:07 - [MESSAGE][PASSED] - Object: 'Object Repository/IWP30/Page_SelectPaymentMethod/PayByCreditCard' is clicked on

24-10-2024T08:09:07 - [TEST_STEP][PASSED] - click(findTestObject("Object Repository/IWP30/Page_SelectPaymentMethod/MakePaymentButton")): Object: 'Object Repository/IWP30/Page_SelectPaymentMethod/MakePaymentButton' is clicked on

24-10-2024T08:09:10 - [MESSAGE][PASSED] - Object: 'Object Repository/IWP30/Page_SelectPaymentMethod/MakePaymentButton' is clicked on

24-10-2024T08:09:10 - [TEST_STEP][PASSED] - iwpPages.ccPaymentEntryPage.setDataCCPM(row, dataFile): iwpPages.ccPaymentEntryPage.setDataCCPM is PASSED

24-10-2024T08:09:11 - [MESSAGE][PASSED] - Object 'Object Repository/IWP30/Page_CCPaymentEntry/Name' is present

24-10-2024T08:09:11 - [MESSAGE][PASSED] - Text 'udf data 2' is set on object 'Object Repository/IWP30/Page_CCPaymentEntry/UserDefined2'

24-10-2024T08:09:12 - [MESSAGE][PASSED] - Text 'udf data 3' is set on object 'Object Repository/IWP30/Page_CCPaymentEntry/UserDefined3'

24-10-2024T08:09:12 - [MESSAGE][PASSED] - All options with label 'Orange' are selected in object 'Object Repository/IWP30/Page_CCPaymentEntry/UserDefined7' 

24-10-2024T08:09:13 - [MESSAGE][PASSED] - All options with label 'Soccer' are selected in object 'Object Repository/IWP30/Page_CCPaymentEntry/UserDefined8' 

24-10-2024T08:09:13 - [MESSAGE][PASSED] - Object 'Object Repository/IWP30/Page_CCPaymentEntry/Name' is present

24-10-2024T08:09:14 - [MESSAGE][PASSED] - Text 'Kavita Ranawati' is set on object 'Object Repository/IWP30/Page_CCPaymentEntry/Name'

24-10-2024T08:09:14 - [MESSAGE][PASSED] - Object 'Object Repository/IWP30/Page_CCPaymentEntry/CardNumber' is present

24-10-2024T08:09:15 - [MESSAGE][PASSED] - Text '4111111111111111' is set on object 'Object Repository/IWP30/Page_CCPaymentEntry/CardNumber'

24-10-2024T08:09:15 - [MESSAGE][PASSED] - Text '123' is set on object 'Object Repository/IWP30/Page_CCPaymentEntry/SPC'

24-10-2024T08:09:15 - [MESSAGE][PASSED] - Object 'Object Repository/IWP30/Page_CCPaymentEntry/Month' is present

24-10-2024T08:09:16 - [MESSAGE][PASSED] - All options with label '01' are selected in object 'Object Repository/IWP30/Page_CCPaymentEntry/Month' 

24-10-2024T08:09:16 - [MESSAGE][PASSED] - Object 'Object Repository/IWP30/Page_CCPaymentEntry/Year' is present

24-10-2024T08:09:17 - [MESSAGE][PASSED] - All options with label '2028' are selected in object 'Object Repository/IWP30/Page_CCPaymentEntry/Year' 

24-10-2024T08:09:17 - [MESSAGE][PASSED] - Text '365 Main Avenue' is set on object 'Object Repository/IWP30/Page_CCPaymentEntry/AL1'

24-10-2024T08:09:18 - [MESSAGE][PASSED] - Text '22201' is set on object 'Object Repository/IWP30/Page_CCPaymentEntry/ZIP'

24-10-2024T08:09:18 - [MESSAGE][PASSED] - Object 'Object Repository/IWP30/Page_CCPaymentEntry/EmailAddress' is present

24-10-2024T08:09:19 - [MESSAGE][PASSED] - Text 'iahmed@govolution.com' is set on object 'Object Repository/IWP30/Page_CCPaymentEntry/EmailAddress'

24-10-2024T08:09:20 - [MESSAGE][PASSED] - Object 'Object Repository/IWP30/Page_CCPaymentEntry/TermCondCheckBox' is present

24-10-2024T08:09:20 - [MESSAGE][PASSED] - Object 'Object Repository/IWP30/Page_CCPaymentEntry/TermCondCheckBox' is checked

24-10-2024T08:09:20 - [MESSAGE][PASSED] - Object 'Object Repository/IWP30/Page_CCPaymentEntry/ContinueButton' is present

24-10-2024T08:09:22 - [MESSAGE][PASSED] - Object: 'Object Repository/IWP30/Page_CCPaymentEntry/ContinueButton' is clicked on

24-10-2024T08:09:22 - [MESSAGE][PASSED] - iwpPages.ccPaymentEntryPage.setDataCCPM is PASSED

24-10-2024T08:09:22 - [TEST_STEP][PASSED] - click(findTestObject("Object Repository/IWP30/Page_Confirmation/ConfirmButton")): Object: 'Object Repository/IWP30/Page_Confirmation/ConfirmButton' is clicked on

24-10-2024T08:09:24 - [MESSAGE][PASSED] - Object: 'Object Repository/IWP30/Page_Confirmation/ConfirmButton' is clicked on

24-10-2024T08:09:24 - [TEST_STEP][PASSED] - Thread.sleep(2000): null

24-10-2024T08:09:26 - [TEST_STEP][PASSED] - if (verifyTextPresent("AutoPay", false)): null

24-10-2024T08:09:26 - [MESSAGE][PASSED] - Text 'AutoPay' is present on page 

24-10-2024T08:09:26 - [TEST_STEP][PASSED] - println("Autopay is present on page. Autopay is created"): null

24-10-2024T08:09:26 - [TEST_STEP][PASSED] - openBrowser(testHarnessURL): Browser is opened with url: 'https://dev-algorithm.govolution.com/vrelaytest/QA2/version_2_2/vrelaytest.html'

24-10-2024T08:09:26 - [MESSAGE][WARNING] - A browser is already opened. Closing browser and opening a new one

24-10-2024T08:09:27 - [MESSAGE][INFO] - Starting 'Edge Chromium' driver

24-10-2024T08:09:27 - [MESSAGE][INFO] - User set preference: ['acceptInsecureCerts', 'true']

24-10-2024T08:09:29 - [MESSAGE][INFO] - Action delay is set to 0 milliseconds

24-10-2024T08:09:32 - [MESSAGE][PASSED] - Browser is opened with url: 'https://dev-algorithm.govolution.com/vrelaytest/QA2/version_2_2/vrelaytest.html'

24-10-2024T08:09:32 - [TEST_STEP][PASSED] - maximizeWindow(): Current window maximized

24-10-2024T08:09:32 - [MESSAGE][PASSED] - Current window maximized

24-10-2024T08:09:32 - [TEST_STEP][PASSED] - iwpPages.TestHarnessPage.setDataMethodEF(row, dataFile): iwpPages.TestHarnessPage.setDataMethodEF is PASSED

24-10-2024T08:09:33 - [MESSAGE][PASSED] - Object 'Object Repository/IWP30/Page_QATestHarness/RemittanceID' is present

24-10-2024T08:09:33 - [MESSAGE][PASSED] - Text '649' is set on object 'Object Repository/IWP30/Page_QATestHarness/ApplicationID'

24-10-2024T08:09:34 - [MESSAGE][PASSED] - Text '3.0' is set on object 'Object Repository/IWP30/Page_QATestHarness/MessageVersion'

24-10-2024T08:09:35 - [MESSAGE][PASSED] - Text 'gApN6X1LU1S4' is set on object 'Object Repository/IWP30/Page_QATestHarness/RemittanceID'

24-10-2024T08:09:38 - [MESSAGE][PASSED] - Object: 'Object Repository/IWP30/Page_QATestHarness/SubmitButton' is clicked on

24-10-2024T08:09:38 - [MESSAGE][PASSED] - iwpPages.TestHarnessPage.setDataMethodEF is PASSED

24-10-2024T08:09:38 - [TEST_STEP][PASSED] - click(findTestObject("Object Repository/IWP30/Page_ManagePlan_Autopay/btn_cancel")): Object: 'Object Repository/IWP30/Page_ManagePlan_Autopay/btn_cancel' is clicked on

24-10-2024T08:09:39 - [MESSAGE][PASSED] - Object: 'Object Repository/IWP30/Page_ManagePlan_Autopay/btn_cancel' is clicked on

24-10-2024T08:09:39 - [TEST_STEP][PASSED] - click(findTestObject("Object Repository/IWP30/Page_CancelPlan/btn_cancel")): Object: 'Object Repository/IWP30/Page_CancelPlan/btn_cancel' is clicked on

24-10-2024T08:09:41 - [MESSAGE][PASSED] - Object: 'Object Repository/IWP30/Page_CancelPlan/btn_cancel' is clicked on

24-10-2024T08:09:41 - [TEST_STEP][PASSED] - if (verifyTextPresent("Your payment plan has been cancelled successfully", false)): null

24-10-2024T08:09:41 - [MESSAGE][PASSED] - Text 'Your payment plan has been cancelled successfully' is present on page 

24-10-2024T08:09:41 - [TEST_STEP][PASSED] - markPassed("Your payment plan has been successfully created and canceled"): Your payment plan has been successfully created and canceled

24-10-2024T08:09:41 - [MESSAGE][PASSED] - Your payment plan has been successfully created and canceled

24-10-2024T08:09:41 - [TEST_STEP][PASSED] - resText = "Pass": null

24-10-2024T08:09:41 - [TEST_STEP][PASSED] - println(row): null

24-10-2024T08:09:41 - [TEST_STEP][PASSED] - pages.WriteExcel.demoKey(resText, datText, resColumn, datCloumn, fileLoc, nameSheet, row): pages.WriteExcel.demoKey is PASSED

24-10-2024T08:09:41 - [MESSAGE][PASSED] - pages.WriteExcel.demoKey is PASSED

24-10-2024T08:09:41 - [TEST_STEP][PASSED] - closeBrowser(): Browser is closed

24-10-2024T08:09:42 - [MESSAGE][PASSED] - Browser is closed]]></system-out>
         <system-err><![CDATA[24-10-2024T08:06:14 - [TEST_CASE][FAILED] - Test Cases/IntegratedWeb/IWP25/Payments/CCAutoPayCredit: Test Cases/IntegratedWeb/IWP25/Payments/CCAutoPayCredit FAILED.
Reason:
com.kms.katalon.core.exception.StepFailedException: Text 'AutoPay' is not present on page  (Root cause: com.kms.katalon.core.exception.StepFailedException: Text 'AutoPay' is not present on page 
	at com.kms.katalon.core.webui.keyword.internal.WebUIKeywordMain.stepFailed(WebUIKeywordMain.groovy:64)
	at com.kms.katalon.core.webui.keyword.builtin.VerifyTextPresentKeyword$_verifyTextPresent_closure1.doCall(VerifyTextPresentKeyword.groovy:79)
	at com.kms.katalon.core.webui.keyword.builtin.VerifyTextPresentKeyword$_verifyTextPresent_closure1.call(VerifyTextPresentKeyword.groovy)
	at com.kms.katalon.core.webui.keyword.internal.WebUIKeywordMain.runKeyword(WebUIKeywordMain.groovy:20)
	at com.kms.katalon.core.webui.keyword.builtin.VerifyTextPresentKeyword.verifyTextPresent(VerifyTextPresentKeyword.groovy:83)
	at com.kms.katalon.core.webui.keyword.builtin.VerifyTextPresentKeyword.execute(VerifyTextPresentKeyword.groovy:68)
	at com.kms.katalon.core.keyword.internal.KeywordExecutor.executeKeywordForPlatform(KeywordExecutor.groovy:74)
	at com.kms.katalon.core.webui.keyword.WebUiBuiltInKeywords.verifyTextPresent(WebUiBuiltInKeywords.groovy:1762)
	at CCAutoPayCredit.run(CCAutoPayCredit:92)
	at com.kms.katalon.core.main.ScriptEngine.run(ScriptEngine.java:194)
	at com.kms.katalon.core.main.ScriptEngine.runScriptAsRawText(ScriptEngine.java:119)
	at com.kms.katalon.core.main.TestCaseExecutor.runScript(TestCaseExecutor.java:448)
	at com.kms.katalon.core.main.TestCaseExecutor.doExecute(TestCaseExecutor.java:439)
	at com.kms.katalon.core.main.TestCaseExecutor.processExecutionPhase(TestCaseExecutor.java:418)
	at com.kms.katalon.core.main.TestCaseExecutor.accessMainPhase(TestCaseExecutor.java:410)
	at com.kms.katalon.core.main.TestCaseExecutor.execute(TestCaseExecutor.java:285)
	at com.kms.katalon.core.common.CommonExecutor.accessTestCaseMainPhase(CommonExecutor.java:65)
	at com.kms.katalon.core.main.TestSuiteExecutor.accessTestSuiteMainPhase(TestSuiteExecutor.java:150)
	at com.kms.katalon.core.main.TestSuiteExecutor.execute(TestSuiteExecutor.java:106)
	at com.kms.katalon.core.main.TestCaseMain.startTestSuite(TestCaseMain.java:180)
	at TempTestSuite1729731001385.run(TempTestSuite1729731001385.groovy:35)
	at java.base/jdk.internal.reflect.NativeMethodAccessorImpl.invoke0(Native Method)
	at java.base/jdk.internal.reflect.NativeMethodAccessorImpl.invoke(NativeMethodAccessorImpl.java:77)
	at java.base/jdk.internal.reflect.DelegatingMethodAccessorImpl.invoke(DelegatingMethodAccessorImpl.java:43)
)
	at com.kms.katalon.core.keyword.internal.KeywordMain.stepFailed(KeywordMain.groovy:39)
	at com.kms.katalon.core.webui.keyword.internal.WebUIKeywordMain.stepFailed(WebUIKeywordMain.groovy:64)
	at com.kms.katalon.core.webui.keyword.builtin.VerifyTextPresentKeyword$_verifyTextPresent_closure1.doCall(VerifyTextPresentKeyword.groovy:79)
	at com.kms.katalon.core.webui.keyword.builtin.VerifyTextPresentKeyword$_verifyTextPresent_closure1.call(VerifyTextPresentKeyword.groovy)
	at com.kms.katalon.core.webui.keyword.internal.WebUIKeywordMain.runKeyword(WebUIKeywordMain.groovy:20)
	at com.kms.katalon.core.webui.keyword.builtin.VerifyTextPresentKeyword.verifyTextPresent(VerifyTextPresentKeyword.groovy:83)
	at com.kms.katalon.core.webui.keyword.builtin.VerifyTextPresentKeyword.execute(VerifyTextPresentKeyword.groovy:68)
	at com.kms.katalon.core.keyword.internal.KeywordExecutor.executeKeywordForPlatform(KeywordExecutor.groovy:74)
	at com.kms.katalon.core.webui.keyword.WebUiBuiltInKeywords.verifyTextPresent(WebUiBuiltInKeywords.groovy:1762)
	at CCAutoPayCredit.run(CCAutoPayCredit:92)
	at com.kms.katalon.core.main.ScriptEngine.run(ScriptEngine.java:194)
	at com.kms.katalon.core.main.ScriptEngine.runScriptAsRawText(ScriptEngine.java:119)
	at com.kms.katalon.core.main.TestCaseExecutor.runScript(TestCaseExecutor.java:448)
	at com.kms.katalon.core.main.TestCaseExecutor.doExecute(TestCaseExecutor.java:439)
	at com.kms.katalon.core.main.TestCaseExecutor.processExecutionPhase(TestCaseExecutor.java:418)
	at com.kms.katalon.core.main.TestCaseExecutor.accessMainPhase(TestCaseExecutor.java:410)
	at com.kms.katalon.core.main.TestCaseExecutor.execute(TestCaseExecutor.java:285)
	at com.kms.katalon.core.common.CommonExecutor.accessTestCaseMainPhase(CommonExecutor.java:65)
	at com.kms.katalon.core.main.TestSuiteExecutor.accessTestSuiteMainPhase(TestSuiteExecutor.java:150)
	at com.kms.katalon.core.main.TestSuiteExecutor.execute(TestSuiteExecutor.java:106)
	at com.kms.katalon.core.main.TestCaseMain.startTestSuite(TestCaseMain.java:180)
	at TempTestSuite1729731001385.run(TempTestSuite1729731001385.groovy:35)
	at java.base/jdk.internal.reflect.NativeMethodAccessorImpl.invoke0(Native Method)
	at java.base/jdk.internal.reflect.NativeMethodAccessorImpl.invoke(NativeMethodAccessorImpl.java:77)
	at java.base/jdk.internal.reflect.DelegatingMethodAccessorImpl.invoke(DelegatingMethodAccessorImpl.java:43)
Caused by: com.kms.katalon.core.exception.StepFailedException: Text 'AutoPay' is not present on page 
	... 24 more]]></system-err>
      </testcase>
      <testcase name="Test Cases/IntegratedWeb/IWP25/Payments/CCAutoPayPC" time="238.561" classname="Test Cases/IntegratedWeb/IWP25/Payments/CCAutoPayPC" status="FAILED">
         <failure type="FAILED" message="Test Cases/IntegratedWeb/IWP25/Payments/CCAutoPayPC FAILED.&#xa;Reason:&#xa;com.kms.katalon.core.exception.StepFailedException: Text 'AutoPay' is not present on page  (Root cause: com.kms.katalon.core.exception.StepFailedException: Text 'AutoPay' is not present on page &#xa;	at com.kms.katalon.core.webui.keyword.internal.WebUIKeywordMain.stepFailed(WebUIKeywordMain.groovy:64)&#xa;	at com.kms.katalon.core.webui.keyword.builtin.VerifyTextPresentKeyword$_verifyTextPresent_closure1.doCall(VerifyTextPresentKeyword.groovy:79)&#xa;	at com.kms.katalon.core.webui.keyword.builtin.VerifyTextPresentKeyword$_verifyTextPresent_closure1.call(VerifyTextPresentKeyword.groovy)&#xa;	at com.kms.katalon.core.webui.keyword.internal.WebUIKeywordMain.runKeyword(WebUIKeywordMain.groovy:20)&#xa;	at com.kms.katalon.core.webui.keyword.builtin.VerifyTextPresentKeyword.verifyTextPresent(VerifyTextPresentKeyword.groovy:83)&#xa;	at com.kms.katalon.core.webui.keyword.builtin.VerifyTextPresentKeyword.execute(VerifyTextPresentKeyword.groovy:68)&#xa;	at com.kms.katalon.core.keyword.internal.KeywordExecutor.executeKeywordForPlatform(KeywordExecutor.groovy:74)&#xa;	at com.kms.katalon.core.webui.keyword.WebUiBuiltInKeywords.verifyTextPresent(WebUiBuiltInKeywords.groovy:1762)&#xa;	at CCAutoPayPC.run(CCAutoPayPC:91)&#xa;	at com.kms.katalon.core.main.ScriptEngine.run(ScriptEngine.java:194)&#xa;	at com.kms.katalon.core.main.ScriptEngine.runScriptAsRawText(ScriptEngine.java:119)&#xa;	at com.kms.katalon.core.main.TestCaseExecutor.runScript(TestCaseExecutor.java:448)&#xa;	at com.kms.katalon.core.main.TestCaseExecutor.doExecute(TestCaseExecutor.java:439)&#xa;	at com.kms.katalon.core.main.TestCaseExecutor.processExecutionPhase(TestCaseExecutor.java:418)&#xa;	at com.kms.katalon.core.main.TestCaseExecutor.accessMainPhase(TestCaseExecutor.java:410)&#xa;	at com.kms.katalon.core.main.TestCaseExecutor.execute(TestCaseExecutor.java:285)&#xa;	at com.kms.katalon.core.common.CommonExecutor.accessTestCaseMainPhase(CommonExecutor.java:65)&#xa;	at com.kms.katalon.core.main.TestSuiteExecutor.accessTestSuiteMainPhase(TestSuiteExecutor.java:150)&#xa;	at com.kms.katalon.core.main.TestSuiteExecutor.execute(TestSuiteExecutor.java:106)&#xa;	at com.kms.katalon.core.main.TestCaseMain.startTestSuite(TestCaseMain.java:180)&#xa;	at TempTestSuite1729731001385.run(TempTestSuite1729731001385.groovy:35)&#xa;	at java.base/jdk.internal.reflect.NativeMethodAccessorImpl.invoke0(Native Method)&#xa;	at java.base/jdk.internal.reflect.NativeMethodAccessorImpl.invoke(NativeMethodAccessorImpl.java:77)&#xa;	at java.base/jdk.internal.reflect.DelegatingMethodAccessorImpl.invoke(DelegatingMethodAccessorImpl.java:43)&#xa;)&#xa;	at com.kms.katalon.core.keyword.internal.KeywordMain.stepFailed(KeywordMain.groovy:39)&#xa;	at com.kms.katalon.core.webui.keyword.internal.WebUIKeywordMain.stepFailed(WebUIKeywordMain.groovy:64)&#xa;	at com.kms.katalon.core.webui.keyword.builtin.VerifyTextPresentKeyword$_verifyTextPresent_closure1.doCall(VerifyTextPresentKeyword.groovy:79)&#xa;	at com.kms.katalon.core.webui.keyword.builtin.VerifyTextPresentKeyword$_verifyTextPresent_closure1.call(VerifyTextPresentKeyword.groovy)&#xa;	at com.kms.katalon.core.webui.keyword.internal.WebUIKeywordMain.runKeyword(WebUIKeywordMain.groovy:20)&#xa;	at com.kms.katalon.core.webui.keyword.builtin.VerifyTextPresentKeyword.verifyTextPresent(VerifyTextPresentKeyword.groovy:83)&#xa;	at com.kms.katalon.core.webui.keyword.builtin.VerifyTextPresentKeyword.execute(VerifyTextPresentKeyword.groovy:68)&#xa;	at com.kms.katalon.core.keyword.internal.KeywordExecutor.executeKeywordForPlatform(KeywordExecutor.groovy:74)&#xa;	at com.kms.katalon.core.webui.keyword.WebUiBuiltInKeywords.verifyTextPresent(WebUiBuiltInKeywords.groovy:1762)&#xa;	at CCAutoPayPC.run(CCAutoPayPC:91)&#xa;	at com.kms.katalon.core.main.ScriptEngine.run(ScriptEngine.java:194)&#xa;	at com.kms.katalon.core.main.ScriptEngine.runScriptAsRawText(ScriptEngine.java:119)&#xa;	at com.kms.katalon.core.main.TestCaseExecutor.runScript(TestCaseExecutor.java:448)&#xa;	at com.kms.katalon.core.main.TestCaseExecutor.doExecute(TestCaseExecutor.java:439)&#xa;	at com.kms.katalon.core.main.TestCaseExecutor.processExecutionPhase(TestCaseExecutor.java:418)&#xa;	at com.kms.katalon.core.main.TestCaseExecutor.accessMainPhase(TestCaseExecutor.java:410)&#xa;	at com.kms.katalon.core.main.TestCaseExecutor.execute(TestCaseExecutor.java:285)&#xa;	at com.kms.katalon.core.common.CommonExecutor.accessTestCaseMainPhase(CommonExecutor.java:65)&#xa;	at com.kms.katalon.core.main.TestSuiteExecutor.accessTestSuiteMainPhase(TestSuiteExecutor.java:150)&#xa;	at com.kms.katalon.core.main.TestSuiteExecutor.execute(TestSuiteExecutor.java:106)&#xa;	at com.kms.katalon.core.main.TestCaseMain.startTestSuite(TestCaseMain.java:180)&#xa;	at TempTestSuite1729731001385.run(TempTestSuite1729731001385.groovy:35)&#xa;	at java.base/jdk.internal.reflect.NativeMethodAccessorImpl.invoke0(Native Method)&#xa;	at java.base/jdk.internal.reflect.NativeMethodAccessorImpl.invoke(NativeMethodAccessorImpl.java:77)&#xa;	at java.base/jdk.internal.reflect.DelegatingMethodAccessorImpl.invoke(DelegatingMethodAccessorImpl.java:43)&#xa;Caused by: com.kms.katalon.core.exception.StepFailedException: Text 'AutoPay' is not present on page &#xa;	... 24 more&#xa;"/>
         <system-out><![CDATA[24-10-2024T08:09:42 - [TEST_CASE][FAILED] - Test Cases/IntegratedWeb/IWP25/Payments/CCAutoPayPC: Test Cases/IntegratedWeb/IWP25/Payments/CCAutoPayPC FAILED.
Reason:
com.kms.katalon.core.exception.StepFailedException: Text 'AutoPay' is not present on page  (Root cause: com.kms.katalon.core.exception.StepFailedException: Text 'AutoPay' is not present on page 
	at com.kms.katalon.core.webui.keyword.internal.WebUIKeywordMain.stepFailed(WebUIKeywordMain.groovy:64)
	at com.kms.katalon.core.webui.keyword.builtin.VerifyTextPresentKeyword$_verifyTextPresent_closure1.doCall(VerifyTextPresentKeyword.groovy:79)
	at com.kms.katalon.core.webui.keyword.builtin.VerifyTextPresentKeyword$_verifyTextPresent_closure1.call(VerifyTextPresentKeyword.groovy)
	at com.kms.katalon.core.webui.keyword.internal.WebUIKeywordMain.runKeyword(WebUIKeywordMain.groovy:20)
	at com.kms.katalon.core.webui.keyword.builtin.VerifyTextPresentKeyword.verifyTextPresent(VerifyTextPresentKeyword.groovy:83)
	at com.kms.katalon.core.webui.keyword.builtin.VerifyTextPresentKeyword.execute(VerifyTextPresentKeyword.groovy:68)
	at com.kms.katalon.core.keyword.internal.KeywordExecutor.executeKeywordForPlatform(KeywordExecutor.groovy:74)
	at com.kms.katalon.core.webui.keyword.WebUiBuiltInKeywords.verifyTextPresent(WebUiBuiltInKeywords.groovy:1762)
	at CCAutoPayPC.run(CCAutoPayPC:91)
	at com.kms.katalon.core.main.ScriptEngine.run(ScriptEngine.java:194)
	at com.kms.katalon.core.main.ScriptEngine.runScriptAsRawText(ScriptEngine.java:119)
	at com.kms.katalon.core.main.TestCaseExecutor.runScript(TestCaseExecutor.java:448)
	at com.kms.katalon.core.main.TestCaseExecutor.doExecute(TestCaseExecutor.java:439)
	at com.kms.katalon.core.main.TestCaseExecutor.processExecutionPhase(TestCaseExecutor.java:418)
	at com.kms.katalon.core.main.TestCaseExecutor.accessMainPhase(TestCaseExecutor.java:410)
	at com.kms.katalon.core.main.TestCaseExecutor.execute(TestCaseExecutor.java:285)
	at com.kms.katalon.core.common.CommonExecutor.accessTestCaseMainPhase(CommonExecutor.java:65)
	at com.kms.katalon.core.main.TestSuiteExecutor.accessTestSuiteMainPhase(TestSuiteExecutor.java:150)
	at com.kms.katalon.core.main.TestSuiteExecutor.execute(TestSuiteExecutor.java:106)
	at com.kms.katalon.core.main.TestCaseMain.startTestSuite(TestCaseMain.java:180)
	at TempTestSuite1729731001385.run(TempTestSuite1729731001385.groovy:35)
	at java.base/jdk.internal.reflect.NativeMethodAccessorImpl.invoke0(Native Method)
	at java.base/jdk.internal.reflect.NativeMethodAccessorImpl.invoke(NativeMethodAccessorImpl.java:77)
	at java.base/jdk.internal.reflect.DelegatingMethodAccessorImpl.invoke(DelegatingMethodAccessorImpl.java:43)
)
	at com.kms.katalon.core.keyword.internal.KeywordMain.stepFailed(KeywordMain.groovy:39)
	at com.kms.katalon.core.webui.keyword.internal.WebUIKeywordMain.stepFailed(WebUIKeywordMain.groovy:64)
	at com.kms.katalon.core.webui.keyword.builtin.VerifyTextPresentKeyword$_verifyTextPresent_closure1.doCall(VerifyTextPresentKeyword.groovy:79)
	at com.kms.katalon.core.webui.keyword.builtin.VerifyTextPresentKeyword$_verifyTextPresent_closure1.call(VerifyTextPresentKeyword.groovy)
	at com.kms.katalon.core.webui.keyword.internal.WebUIKeywordMain.runKeyword(WebUIKeywordMain.groovy:20)
	at com.kms.katalon.core.webui.keyword.builtin.VerifyTextPresentKeyword.verifyTextPresent(VerifyTextPresentKeyword.groovy:83)
	at com.kms.katalon.core.webui.keyword.builtin.VerifyTextPresentKeyword.execute(VerifyTextPresentKeyword.groovy:68)
	at com.kms.katalon.core.keyword.internal.KeywordExecutor.executeKeywordForPlatform(KeywordExecutor.groovy:74)
	at com.kms.katalon.core.webui.keyword.WebUiBuiltInKeywords.verifyTextPresent(WebUiBuiltInKeywords.groovy:1762)
	at CCAutoPayPC.run(CCAutoPayPC:91)
	at com.kms.katalon.core.main.ScriptEngine.run(ScriptEngine.java:194)
	at com.kms.katalon.core.main.ScriptEngine.runScriptAsRawText(ScriptEngine.java:119)
	at com.kms.katalon.core.main.TestCaseExecutor.runScript(TestCaseExecutor.java:448)
	at com.kms.katalon.core.main.TestCaseExecutor.doExecute(TestCaseExecutor.java:439)
	at com.kms.katalon.core.main.TestCaseExecutor.processExecutionPhase(TestCaseExecutor.java:418)
	at com.kms.katalon.core.main.TestCaseExecutor.accessMainPhase(TestCaseExecutor.java:410)
	at com.kms.katalon.core.main.TestCaseExecutor.execute(TestCaseExecutor.java:285)
	at com.kms.katalon.core.common.CommonExecutor.accessTestCaseMainPhase(CommonExecutor.java:65)
	at com.kms.katalon.core.main.TestSuiteExecutor.accessTestSuiteMainPhase(TestSuiteExecutor.java:150)
	at com.kms.katalon.core.main.TestSuiteExecutor.execute(TestSuiteExecutor.java:106)
	at com.kms.katalon.core.main.TestCaseMain.startTestSuite(TestCaseMain.java:180)
	at TempTestSuite1729731001385.run(TempTestSuite1729731001385.groovy:35)
	at java.base/jdk.internal.reflect.NativeMethodAccessorImpl.invoke0(Native Method)
	at java.base/jdk.internal.reflect.NativeMethodAccessorImpl.invoke(NativeMethodAccessorImpl.java:77)
	at java.base/jdk.internal.reflect.DelegatingMethodAccessorImpl.invoke(DelegatingMethodAccessorImpl.java:43)
Caused by: com.kms.katalon.core.exception.StepFailedException: Text 'AutoPay' is not present on page 
	... 24 more


24-10-2024T08:09:42 - [TEST_STEP][PASSED] - resText = "Fail": null

24-10-2024T08:09:42 - [TEST_STEP][PASSED] - resColumn = "Result": null

24-10-2024T08:09:42 - [TEST_STEP][PASSED] - datCloumn = "Date": null

24-10-2024T08:09:42 - [TEST_STEP][PASSED] - fileLoc = "KatalonData/IWPTestData/VRelay25PaymentsExtension.xlsx": null

24-10-2024T08:09:42 - [TEST_STEP][PASSED] - numOfRows = <not implemented yet for class: org.codehaus.groovy.ast.expr.EmptyExpression>: null

24-10-2024T08:09:42 - [TEST_STEP][PASSED] - dataFile = <not implemented yet for class: org.codehaus.groovy.ast.expr.EmptyExpression>: null

24-10-2024T08:09:42 - [TEST_STEP][PASSED] - nameSheet = <not implemented yet for class: org.codehaus.groovy.ast.expr.EmptyExpression>: null

24-10-2024T08:09:42 - [TEST_STEP][PASSED] - dataFileEmulator = <not implemented yet for class: org.codehaus.groovy.ast.expr.EmptyExpression>: null

24-10-2024T08:09:42 - [TEST_STEP][PASSED] - isRequiredTextPresent = false: null

24-10-2024T08:09:42 - [TEST_STEP][PASSED] - nameSheet = "CCAutoPayPlanPC": null

24-10-2024T08:09:42 - [TEST_STEP][PASSED] - dataFile = getExcelDataWithDefaultSheet("KatalonData/IWPTestData/VRelay25PaymentsExtension.xlsx", nameSheet, true): null

24-10-2024T08:09:42 - [TEST_STEP][PASSED] - dataFileEmulator = "IWPTestData/EmulatorData": null

24-10-2024T08:09:42 - [TEST_STEP][PASSED] - numOfRows = dataFile.getRowNumbers(): null

24-10-2024T08:09:42 - [TEST_STEP][PASSED] - println("Number of Records: " + numOfRows): null

24-10-2024T08:09:42 - [TEST_STEP][FAILED] - for ([row = 1, row <= numOfRows, (row++)]): null

24-10-2024T08:09:42 - [TEST_STEP][PASSED] - ExecuteTC = dataFile.getValue("Execute", row): null

24-10-2024T08:09:42 - [TEST_STEP][PASSED] - out.println("Value of Execute is : " + ExecuteTC): null

24-10-2024T08:09:42 - [TEST_STEP][FAILED] - if (ExecuteTC.equalsIgnoreCase("Y")): null

24-10-2024T08:09:42 - [TEST_STEP][PASSED] - out.println("Begin Record Number: " + row): null

24-10-2024T08:09:42 - [TEST_STEP][PASSED] - today = new java.util.Date(): null

24-10-2024T08:09:42 - [TEST_STEP][PASSED] - println(today): null

24-10-2024T08:09:42 - [TEST_STEP][PASSED] - datText = today: null

24-10-2024T08:09:42 - [TEST_STEP][PASSED] - EmulatorDataKey = dataFile.getValue("EmulatorData", row): null

24-10-2024T08:09:42 - [TEST_STEP][PASSED] - out.println("Value of Emulator Key is : " + EmulatorDataKey): null

24-10-2024T08:09:42 - [TEST_STEP][PASSED] - iwpPages.emulatorIWP30.setDataEmulator_DD(EmulatorDataKey): iwpPages.emulatorIWP30.setDataEmulator_DD is PASSED

24-10-2024T08:09:42 - [MESSAGE][INFO] - Starting 'Edge Chromium' driver

24-10-2024T08:09:42 - [MESSAGE][INFO] - User set preference: ['acceptInsecureCerts', 'true']

24-10-2024T08:09:44 - [MESSAGE][INFO] - Action delay is set to 0 milliseconds

24-10-2024T08:09:49 - [MESSAGE][PASSED] - Browser is opened with url: 'https://qa2.velocitypayment.com/agencyx/config.action?action=editor&message_version=2_5'

24-10-2024T08:09:49 - [MESSAGE][PASSED] - Current window maximized

24-10-2024T08:10:20 - [MESSAGE][INFO] - Unable to find the element located by 'By.xpath: //select[@name='message_version']'. Please recheck the objects properties to make sure the desired element is located. 

24-10-2024T08:10:20 - [MESSAGE][WARNING] - [SELF-HEALING] Failed to find element with id 'Object Repository/IWP30/Page_VRelay30Emulator/MV'. Try using Self-healing.

24-10-2024T08:10:20 - [MESSAGE][WARNING] - [SELF-HEALING] The current locator of test object 'Object Repository/IWP30/Page_VRelay30Emulator/MV' was broken. Propose an alternative one: '(.//*[normalize-space(text()) and normalize-space(.)='Message Version'])[1]/following::select[1]'.

24-10-2024T08:10:21 - [MESSAGE][PASSED] - All options with value '2.5' are selected in object 'Object Repository/IWP30/Page_VRelay30Emulator/MV'  using regular expression

24-10-2024T08:10:21 - [MESSAGE][PASSED] - Text '10.50' is set on object 'Object Repository/IWP30/Page_EmulatorAgencyX/Amount'

24-10-2024T08:10:22 - [MESSAGE][PASSED] - Text 'BH9vvyhta1cz' is set on object 'Object Repository/IWP30/Page_EmulatorAgencyX/CAN'

24-10-2024T08:10:23 - [MESSAGE][PASSED] - Text 'AutoPay' is set on object 'Object Repository/IWP30/Page_EmulatorAgencyX/Action'

24-10-2024T08:10:23 - [MESSAGE][PASSED] - Text 'en_US' is set on object 'Object Repository/IWP30/Page_EmulatorAgencyX/Lang'

24-10-2024T08:10:24 - [MESSAGE][PASSED] - Text '' is set on object 'Object Repository/IWP30/Page_EmulatorAgencyX/Fname'

24-10-2024T08:10:24 - [MESSAGE][PASSED] - Text '' is set on object 'Object Repository/IWP30/Page_EmulatorAgencyX/Lname'

24-10-2024T08:10:25 - [MESSAGE][PASSED] - Text '' is set on object 'Object Repository/IWP30/Page_EmulatorAgencyX/AL1'

24-10-2024T08:10:25 - [MESSAGE][PASSED] - Text '' is set on object 'Object Repository/IWP30/Page_EmulatorAgencyX/AL2'

24-10-2024T08:10:26 - [MESSAGE][PASSED] - Text '' is set on object 'Object Repository/IWP30/Page_EmulatorAgencyX/Country'

24-10-2024T08:10:27 - [MESSAGE][PASSED] - Text '' is set on object 'Object Repository/IWP30/Page_EmulatorAgencyX/City'

24-10-2024T08:10:27 - [MESSAGE][PASSED] - Text '' is set on object 'Object Repository/IWP30/Page_EmulatorAgencyX/State'

24-10-2024T08:10:28 - [MESSAGE][PASSED] - Text '' is set on object 'Object Repository/IWP30/Page_EmulatorAgencyX/ZIP'

24-10-2024T08:10:28 - [MESSAGE][PASSED] - Text '' is set on object 'Object Repository/IWP30/Page_EmulatorAgencyX/Order'

24-10-2024T08:10:29 - [MESSAGE][PASSED] - Text '' is set on object 'Object Repository/IWP30/Page_EmulatorAgencyX/Company'

24-10-2024T08:10:29 - [MESSAGE][PASSED] - Text '' is set on object 'Object Repository/IWP30/Page_EmulatorAgencyX/Email'

24-10-2024T08:10:30 - [MESSAGE][PASSED] - Text '' is set on object 'Object Repository/IWP30/Page_EmulatorAgencyX/UDF1'

24-10-2024T08:10:31 - [MESSAGE][PASSED] - Text '' is set on object 'Object Repository/IWP30/Page_EmulatorAgencyX/UDF2'

24-10-2024T08:10:31 - [MESSAGE][PASSED] - Text '' is set on object 'Object Repository/IWP30/Page_EmulatorAgencyX/UDF3'

24-10-2024T08:10:32 - [MESSAGE][PASSED] - Text 'udf data 4' is set on object 'Object Repository/IWP30/Page_EmulatorAgencyX/UDF4'

24-10-2024T08:10:32 - [MESSAGE][PASSED] - Text 'udf data 5' is set on object 'Object Repository/IWP30/Page_EmulatorAgencyX/UDF5'

24-10-2024T08:10:33 - [MESSAGE][PASSED] - Text '' is set on object 'Object Repository/IWP30/Page_EmulatorAgencyX/UDF6'

24-10-2024T08:10:33 - [MESSAGE][PASSED] - Text '' is set on object 'Object Repository/IWP30/Page_EmulatorAgencyX/UDF7'

24-10-2024T08:10:34 - [MESSAGE][PASSED] - Text '' is set on object 'Object Repository/IWP30/Page_EmulatorAgencyX/UDF8'

24-10-2024T08:10:35 - [MESSAGE][PASSED] - Text 'udf data 9' is set on object 'Object Repository/IWP30/Page_EmulatorAgencyX/UDF9'

24-10-2024T08:10:35 - [MESSAGE][PASSED] - Text 'udf data 10' is set on object 'Object Repository/IWP30/Page_EmulatorAgencyX/UDF10'

24-10-2024T08:10:37 - [MESSAGE][PASSED] - Object: 'Object Repository/IWP30/Page_EmulatorAgencyX/Submit' is clicked on

24-10-2024T08:10:41 - [MESSAGE][PASSED] - Browser is closed

24-10-2024T08:10:45 - [MESSAGE][PASSED] - iwpPages.emulatorIWP30.setDataEmulator_DD is PASSED

24-10-2024T08:10:45 - [TEST_STEP][PASSED] - testHarnessURL = urlTestHarness: null

24-10-2024T08:10:45 - [TEST_STEP][PASSED] - openBrowser(testHarnessURL): Browser is opened with url: 'https://dev-algorithm.govolution.com/vrelaytest/QA2/version_2_2/vrelaytest.html'

24-10-2024T08:10:45 - [MESSAGE][INFO] - Starting 'Edge Chromium' driver

24-10-2024T08:10:45 - [MESSAGE][INFO] - User set preference: ['acceptInsecureCerts', 'true']

24-10-2024T08:10:47 - [MESSAGE][INFO] - Action delay is set to 0 milliseconds

24-10-2024T08:10:51 - [MESSAGE][PASSED] - Browser is opened with url: 'https://dev-algorithm.govolution.com/vrelaytest/QA2/version_2_2/vrelaytest.html'

24-10-2024T08:10:51 - [TEST_STEP][PASSED] - maximizeWindow(): Current window maximized

24-10-2024T08:10:51 - [MESSAGE][PASSED] - Current window maximized

24-10-2024T08:10:51 - [TEST_STEP][PASSED] - iwpPages.TestHarnessPage.setDataMethodEF(row, dataFile): iwpPages.TestHarnessPage.setDataMethodEF is PASSED

24-10-2024T08:10:51 - [MESSAGE][PASSED] - Object 'Object Repository/IWP30/Page_QATestHarness/RemittanceID' is present

24-10-2024T08:10:52 - [MESSAGE][PASSED] - Text '638' is set on object 'Object Repository/IWP30/Page_QATestHarness/ApplicationID'

24-10-2024T08:10:53 - [MESSAGE][PASSED] - Text '2.5' is set on object 'Object Repository/IWP30/Page_QATestHarness/MessageVersion'

24-10-2024T08:10:53 - [MESSAGE][PASSED] - Text 'CioTRmL8dw40' is set on object 'Object Repository/IWP30/Page_QATestHarness/RemittanceID'

24-10-2024T08:10:57 - [MESSAGE][PASSED] - Object: 'Object Repository/IWP30/Page_QATestHarness/SubmitButton' is clicked on

24-10-2024T08:10:57 - [MESSAGE][PASSED] - iwpPages.TestHarnessPage.setDataMethodEF is PASSED

24-10-2024T08:10:57 - [TEST_STEP][PASSED] - click(findTestObject("Object Repository/IWP30/Page_SelectPaymentMethod/PayByPersonalCheck")): Object: 'Object Repository/IWP30/Page_SelectPaymentMethod/PayByPersonalCheck' is clicked on

24-10-2024T08:10:57 - [MESSAGE][PASSED] - Object: 'Object Repository/IWP30/Page_SelectPaymentMethod/PayByPersonalCheck' is clicked on

24-10-2024T08:10:57 - [TEST_STEP][PASSED] - click(findTestObject("Object Repository/IWP30/Page_SelectPaymentMethod/MakePaymentButton")): Object: 'Object Repository/IWP30/Page_SelectPaymentMethod/MakePaymentButton' is clicked on

24-10-2024T08:11:00 - [MESSAGE][PASSED] - Object: 'Object Repository/IWP30/Page_SelectPaymentMethod/MakePaymentButton' is clicked on

24-10-2024T08:11:00 - [TEST_STEP][PASSED] - iwpPages.achPersonalPaymentEntryPage.setDataACHPPM(row, dataFile): iwpPages.achPersonalPaymentEntryPage.setDataACHPPM is PASSED

24-10-2024T08:11:01 - [MESSAGE][PASSED] - Object 'Object Repository/IWP30/Page_ACHPersonalPaymentEntry/txt_accountNumber' is present

24-10-2024T08:11:01 - [MESSAGE][PASSED] - Object 'Object Repository/IWP30/Page_ACHPersonalPaymentEntry/txt_UDF2' is present

24-10-2024T08:11:02 - [MESSAGE][PASSED] - Text 'udf data 2' is set on object 'Object Repository/IWP30/Page_ACHPersonalPaymentEntry/txt_UDF2'

24-10-2024T08:11:02 - [MESSAGE][PASSED] - Text 'udf data 3' is set on object 'Object Repository/IWP30/Page_ACHPersonalPaymentEntry/txt_UDF3'

24-10-2024T08:11:03 - [MESSAGE][PASSED] - All options with label 'Orange' are selected in object 'Object Repository/IWP30/Page_ACHPersonalPaymentEntry/dd_UDF7' 

24-10-2024T08:11:03 - [MESSAGE][PASSED] - All options with label 'Soccer' are selected in object 'Object Repository/IWP30/Page_ACHPersonalPaymentEntry/dd_UDF8' 

24-10-2024T08:11:04 - [MESSAGE][PASSED] - Object 'Object Repository/IWP30/Page_ACHPersonalPaymentEntry/txt_Firstname' is present

24-10-2024T08:11:04 - [MESSAGE][PASSED] - Text 'Elizath' is set on object 'Object Repository/IWP30/Page_ACHPersonalPaymentEntry/txt_Firstname'

24-10-2024T08:11:04 - [MESSAGE][PASSED] - Object 'Object Repository/IWP30/Page_ACHPersonalPaymentEntry/txt_Lastname' is present

24-10-2024T08:11:05 - [MESSAGE][PASSED] - Text 'Christine' is set on object 'Object Repository/IWP30/Page_ACHPersonalPaymentEntry/txt_Lastname'

24-10-2024T08:11:05 - [MESSAGE][PASSED] - Object 'Object Repository/IWP30/Page_ACHPersonalPaymentEntry/txt_routingNumber' is present

24-10-2024T08:11:06 - [MESSAGE][PASSED] - Text '256072691' is set on object 'Object Repository/IWP30/Page_ACHPersonalPaymentEntry/txt_routingNumber'

24-10-2024T08:11:06 - [MESSAGE][PASSED] - Object 'Object Repository/IWP30/Page_ACHPersonalPaymentEntry/txt_accountNumber' is present

24-10-2024T08:11:07 - [MESSAGE][PASSED] - Text '12344444' is set on object 'Object Repository/IWP30/Page_ACHPersonalPaymentEntry/txt_accountNumber'

24-10-2024T08:11:08 - [MESSAGE][PASSED] - Object 'Object Repository/IWP30/Page_ACHPersonalPaymentEntry/txt_confirmAccountNumber' is present

24-10-2024T08:11:08 - [MESSAGE][PASSED] - Text '12344444' is set on object 'Object Repository/IWP30/Page_ACHPersonalPaymentEntry/txt_confirmAccountNumber'

24-10-2024T08:11:09 - [MESSAGE][PASSED] - Object 'Object Repository/IWP30/Page_ACHPersonalPaymentEntry/rd_accountType' is present

24-10-2024T08:11:09 - [MESSAGE][PASSED] - Modify property of object successfully

24-10-2024T08:11:09 - [MESSAGE][PASSED] - Object: 'Object Repository/IWP30/Page_ACHPersonalPaymentEntry/rd_accountType' is clicked on

24-10-2024T08:11:10 - [MESSAGE][PASSED] - Text '365 Main Avenue' is set on object 'Object Repository/IWP30/Page_ACHPersonalPaymentEntry/txt_AL1'

24-10-2024T08:11:10 - [MESSAGE][PASSED] - Text '22201' is set on object 'Object Repository/IWP30/Page_ACHPersonalPaymentEntry/txt_ZIP'

24-10-2024T08:11:11 - [MESSAGE][PASSED] - Object 'Object Repository/IWP30/Page_ACHPersonalPaymentEntry/txt_Email' is present

24-10-2024T08:11:12 - [MESSAGE][PASSED] - Text 'iahmed@govolution.com' is set on object 'Object Repository/IWP30/Page_ACHPersonalPaymentEntry/txt_Email'

24-10-2024T08:11:12 - [MESSAGE][PASSED] - Object 'Object Repository/IWP30/Page_ACHPersonalPaymentEntry/cb_TermsAndCond' is present

24-10-2024T08:11:13 - [MESSAGE][PASSED] - Object: 'Object Repository/IWP30/Page_ACHPersonalPaymentEntry/cb_TermsAndCond' is clicked on

24-10-2024T08:11:13 - [MESSAGE][PASSED] - Object 'Object Repository/IWP30/Page_ACHPersonalPaymentEntry/btn_Continue' is present

24-10-2024T08:11:14 - [MESSAGE][PASSED] - Object: 'Object Repository/IWP30/Page_ACHPersonalPaymentEntry/btn_Continue' is clicked on

24-10-2024T08:11:14 - [MESSAGE][PASSED] - iwpPages.achPersonalPaymentEntryPage.setDataACHPPM is PASSED

24-10-2024T08:11:14 - [TEST_STEP][PASSED] - click(findTestObject("Object Repository/IWP30/Page_Confirmation/ConfirmButton")): Object: 'Object Repository/IWP30/Page_Confirmation/ConfirmButton' is clicked on

24-10-2024T08:11:16 - [MESSAGE][PASSED] - Object: 'Object Repository/IWP30/Page_Confirmation/ConfirmButton' is clicked on

24-10-2024T08:11:16 - [TEST_STEP][PASSED] - Thread.sleep(2000): null

24-10-2024T08:11:19 - [TEST_STEP][FAILED] - if (verifyTextPresent("AutoPay", false)): Text 'AutoPay' is not present on page  (Root cause: com.kms.katalon.core.exception.StepFailedException: Text 'AutoPay' is not present on page 
	at com.kms.katalon.core.webui.keyword.internal.WebUIKeywordMain.stepFailed(WebUIKeywordMain.groovy:64)
	at com.kms.katalon.core.webui.keyword.builtin.VerifyTextPresentKeyword$_verifyTextPresent_closure1.doCall(VerifyTextPresentKeyword.groovy:79)
	at com.kms.katalon.core.webui.keyword.builtin.VerifyTextPresentKeyword$_verifyTextPresent_closure1.call(VerifyTextPresentKeyword.groovy)
	at com.kms.katalon.core.webui.keyword.internal.WebUIKeywordMain.runKeyword(WebUIKeywordMain.groovy:20)
	at com.kms.katalon.core.webui.keyword.builtin.VerifyTextPresentKeyword.verifyTextPresent(VerifyTextPresentKeyword.groovy:83)
	at com.kms.katalon.core.webui.keyword.builtin.VerifyTextPresentKeyword.execute(VerifyTextPresentKeyword.groovy:68)
	at com.kms.katalon.core.keyword.internal.KeywordExecutor.executeKeywordForPlatform(KeywordExecutor.groovy:74)
	at com.kms.katalon.core.webui.keyword.WebUiBuiltInKeywords.verifyTextPresent(WebUiBuiltInKeywords.groovy:1762)
	at CCAutoPayPC.run(CCAutoPayPC:91)
	at com.kms.katalon.core.main.ScriptEngine.run(ScriptEngine.java:194)
	at com.kms.katalon.core.main.ScriptEngine.runScriptAsRawText(ScriptEngine.java:119)
	at com.kms.katalon.core.main.TestCaseExecutor.runScript(TestCaseExecutor.java:448)
	at com.kms.katalon.core.main.TestCaseExecutor.doExecute(TestCaseExecutor.java:439)
	at com.kms.katalon.core.main.TestCaseExecutor.processExecutionPhase(TestCaseExecutor.java:418)
	at com.kms.katalon.core.main.TestCaseExecutor.accessMainPhase(TestCaseExecutor.java:410)
	at com.kms.katalon.core.main.TestCaseExecutor.execute(TestCaseExecutor.java:285)
	at com.kms.katalon.core.common.CommonExecutor.accessTestCaseMainPhase(CommonExecutor.java:65)
	at com.kms.katalon.core.main.TestSuiteExecutor.accessTestSuiteMainPhase(TestSuiteExecutor.java:150)
	at com.kms.katalon.core.main.TestSuiteExecutor.execute(TestSuiteExecutor.java:106)
	at com.kms.katalon.core.main.TestCaseMain.startTestSuite(TestCaseMain.java:180)
	at TempTestSuite1729731001385.run(TempTestSuite1729731001385.groovy:35)
	at java.base/jdk.internal.reflect.NativeMethodAccessorImpl.invoke0(Native Method)
	at java.base/jdk.internal.reflect.NativeMethodAccessorImpl.invoke(NativeMethodAccessorImpl.java:77)
	at java.base/jdk.internal.reflect.DelegatingMethodAccessorImpl.invoke(DelegatingMethodAccessorImpl.java:43)
)

24-10-2024T08:11:19 - [MESSAGE][FAILED] - Text 'AutoPay' is not present on page  (Root cause: com.kms.katalon.core.exception.StepFailedException: Text 'AutoPay' is not present on page 
	at com.kms.katalon.core.webui.keyword.internal.WebUIKeywordMain.stepFailed(WebUIKeywordMain.groovy:64)
	at com.kms.katalon.core.webui.keyword.builtin.VerifyTextPresentKeyword$_verifyTextPresent_closure1.doCall(VerifyTextPresentKeyword.groovy:79)
	at com.kms.katalon.core.webui.keyword.builtin.VerifyTextPresentKeyword$_verifyTextPresent_closure1.call(VerifyTextPresentKeyword.groovy)
	at com.kms.katalon.core.webui.keyword.internal.WebUIKeywordMain.runKeyword(WebUIKeywordMain.groovy:20)
	at com.kms.katalon.core.webui.keyword.builtin.VerifyTextPresentKeyword.verifyTextPresent(VerifyTextPresentKeyword.groovy:83)
	at com.kms.katalon.core.webui.keyword.builtin.VerifyTextPresentKeyword.execute(VerifyTextPresentKeyword.groovy:68)
	at com.kms.katalon.core.keyword.internal.KeywordExecutor.executeKeywordForPlatform(KeywordExecutor.groovy:74)
	at com.kms.katalon.core.webui.keyword.WebUiBuiltInKeywords.verifyTextPresent(WebUiBuiltInKeywords.groovy:1762)
	at CCAutoPayPC.run(CCAutoPayPC:91)
	at com.kms.katalon.core.main.ScriptEngine.run(ScriptEngine.java:194)
	at com.kms.katalon.core.main.ScriptEngine.runScriptAsRawText(ScriptEngine.java:119)
	at com.kms.katalon.core.main.TestCaseExecutor.runScript(TestCaseExecutor.java:448)
	at com.kms.katalon.core.main.TestCaseExecutor.doExecute(TestCaseExecutor.java:439)
	at com.kms.katalon.core.main.TestCaseExecutor.processExecutionPhase(TestCaseExecutor.java:418)
	at com.kms.katalon.core.main.TestCaseExecutor.accessMainPhase(TestCaseExecutor.java:410)
	at com.kms.katalon.core.main.TestCaseExecutor.execute(TestCaseExecutor.java:285)
	at com.kms.katalon.core.common.CommonExecutor.accessTestCaseMainPhase(CommonExecutor.java:65)
	at com.kms.katalon.core.main.TestSuiteExecutor.accessTestSuiteMainPhase(TestSuiteExecutor.java:150)
	at com.kms.katalon.core.main.TestSuiteExecutor.execute(TestSuiteExecutor.java:106)
	at com.kms.katalon.core.main.TestCaseMain.startTestSuite(TestCaseMain.java:180)
	at TempTestSuite1729731001385.run(TempTestSuite1729731001385.groovy:35)
	at java.base/jdk.internal.reflect.NativeMethodAccessorImpl.invoke0(Native Method)
	at java.base/jdk.internal.reflect.NativeMethodAccessorImpl.invoke(NativeMethodAccessorImpl.java:77)
	at java.base/jdk.internal.reflect.DelegatingMethodAccessorImpl.invoke(DelegatingMethodAccessorImpl.java:43)
)

24-10-2024T08:11:19 - [TEST_STEP][FAILED] - else: null

24-10-2024T08:11:19 - [TEST_STEP][FAILED] - markFailed("Autopay is not present on page"): Autopay is not present on page

24-10-2024T08:11:19 - [MESSAGE][FAILED] - Autopay is not present on page

24-10-2024T08:11:19 - [TEST_STEP][PASSED] - resText = "Fail": null

24-10-2024T08:11:19 - [TEST_STEP][PASSED] - pages.WriteExcel.demoKey(resText, datText, resColumn, datCloumn, fileLoc, nameSheet, row): pages.WriteExcel.demoKey is PASSED

24-10-2024T08:11:19 - [MESSAGE][PASSED] - pages.WriteExcel.demoKey is PASSED

24-10-2024T08:11:19 - [TEST_STEP][PASSED] - closeBrowser(): Browser is closed

24-10-2024T08:11:19 - [MESSAGE][PASSED] - Browser is closed

24-10-2024T08:11:19 - [TEST_STEP][PASSED] - ExecuteTC = dataFile.getValue("Execute", row): null

24-10-2024T08:11:19 - [TEST_STEP][PASSED] - out.println("Value of Execute is : " + ExecuteTC): null

24-10-2024T08:11:19 - [TEST_STEP][PASSED] - if (ExecuteTC.equalsIgnoreCase("Y")): null

24-10-2024T08:11:19 - [TEST_STEP][PASSED] - out.println("Begin Record Number: " + row): null

24-10-2024T08:11:19 - [TEST_STEP][PASSED] - today = new java.util.Date(): null

24-10-2024T08:11:19 - [TEST_STEP][PASSED] - println(today): null

24-10-2024T08:11:19 - [TEST_STEP][PASSED] - datText = today: null

24-10-2024T08:11:19 - [TEST_STEP][PASSED] - EmulatorDataKey = dataFile.getValue("EmulatorData", row): null

24-10-2024T08:11:19 - [TEST_STEP][PASSED] - out.println("Value of Emulator Key is : " + EmulatorDataKey): null

24-10-2024T08:11:19 - [TEST_STEP][PASSED] - iwpPages.emulatorIWP30.setDataEmulator_DD(EmulatorDataKey): iwpPages.emulatorIWP30.setDataEmulator_DD is PASSED

24-10-2024T08:11:20 - [MESSAGE][INFO] - Starting 'Edge Chromium' driver

24-10-2024T08:11:20 - [MESSAGE][INFO] - User set preference: ['acceptInsecureCerts', 'true']

24-10-2024T08:11:22 - [MESSAGE][INFO] - Action delay is set to 0 milliseconds

24-10-2024T08:11:25 - [MESSAGE][PASSED] - Browser is opened with url: 'https://qa2.velocitypayment.com/agencyx/config.action?action=editor&message_version=3_0'

24-10-2024T08:11:26 - [MESSAGE][PASSED] - Current window maximized

24-10-2024T08:11:57 - [MESSAGE][INFO] - Unable to find the element located by 'By.xpath: //select[@name='message_version']'. Please recheck the objects properties to make sure the desired element is located. 

24-10-2024T08:11:57 - [MESSAGE][WARNING] - [SELF-HEALING] Failed to find element with id 'Object Repository/IWP30/Page_VRelay30Emulator/MV'. Try using Self-healing.

24-10-2024T08:11:57 - [MESSAGE][WARNING] - [SELF-HEALING] The current locator of test object 'Object Repository/IWP30/Page_VRelay30Emulator/MV' was broken. Propose an alternative one: '(.//*[normalize-space(text()) and normalize-space(.)='Message Version'])[1]/following::select[1]'.

24-10-2024T08:11:57 - [MESSAGE][PASSED] - All options with value '3.0' are selected in object 'Object Repository/IWP30/Page_VRelay30Emulator/MV'  using regular expression

24-10-2024T08:11:58 - [MESSAGE][PASSED] - Text '10.50' is set on object 'Object Repository/IWP30/Page_EmulatorAgencyX/Amount'

24-10-2024T08:11:59 - [MESSAGE][PASSED] - Text '9J5sWr0OwY8K' is set on object 'Object Repository/IWP30/Page_EmulatorAgencyX/CAN'

24-10-2024T08:11:59 - [MESSAGE][PASSED] - Text 'AutoPay' is set on object 'Object Repository/IWP30/Page_EmulatorAgencyX/Action'

24-10-2024T08:12:00 - [MESSAGE][PASSED] - Text 'en_US' is set on object 'Object Repository/IWP30/Page_EmulatorAgencyX/Lang'

24-10-2024T08:12:00 - [MESSAGE][PASSED] - Text '' is set on object 'Object Repository/IWP30/Page_EmulatorAgencyX/Fname'

24-10-2024T08:12:01 - [MESSAGE][PASSED] - Text '' is set on object 'Object Repository/IWP30/Page_EmulatorAgencyX/Lname'

24-10-2024T08:12:02 - [MESSAGE][PASSED] - Text '' is set on object 'Object Repository/IWP30/Page_EmulatorAgencyX/AL1'

24-10-2024T08:12:02 - [MESSAGE][PASSED] - Text '' is set on object 'Object Repository/IWP30/Page_EmulatorAgencyX/AL2'

24-10-2024T08:12:03 - [MESSAGE][PASSED] - Text '' is set on object 'Object Repository/IWP30/Page_EmulatorAgencyX/Country'

24-10-2024T08:12:03 - [MESSAGE][PASSED] - Text '' is set on object 'Object Repository/IWP30/Page_EmulatorAgencyX/City'

24-10-2024T08:12:04 - [MESSAGE][PASSED] - Text '' is set on object 'Object Repository/IWP30/Page_EmulatorAgencyX/State'

24-10-2024T08:12:04 - [MESSAGE][PASSED] - Text '' is set on object 'Object Repository/IWP30/Page_EmulatorAgencyX/ZIP'

24-10-2024T08:12:05 - [MESSAGE][PASSED] - Text '' is set on object 'Object Repository/IWP30/Page_EmulatorAgencyX/Order'

24-10-2024T08:12:06 - [MESSAGE][PASSED] - Text '' is set on object 'Object Repository/IWP30/Page_EmulatorAgencyX/Company'

24-10-2024T08:12:06 - [MESSAGE][PASSED] - Text '' is set on object 'Object Repository/IWP30/Page_EmulatorAgencyX/Email'

24-10-2024T08:12:07 - [MESSAGE][PASSED] - Text '' is set on object 'Object Repository/IWP30/Page_EmulatorAgencyX/UDF1'

24-10-2024T08:12:07 - [MESSAGE][PASSED] - Text '' is set on object 'Object Repository/IWP30/Page_EmulatorAgencyX/UDF2'

24-10-2024T08:12:08 - [MESSAGE][PASSED] - Text '' is set on object 'Object Repository/IWP30/Page_EmulatorAgencyX/UDF3'

24-10-2024T08:12:08 - [MESSAGE][PASSED] - Text 'udf data 4' is set on object 'Object Repository/IWP30/Page_EmulatorAgencyX/UDF4'

24-10-2024T08:12:09 - [MESSAGE][PASSED] - Text 'udf data 5' is set on object 'Object Repository/IWP30/Page_EmulatorAgencyX/UDF5'

24-10-2024T08:12:10 - [MESSAGE][PASSED] - Text '' is set on object 'Object Repository/IWP30/Page_EmulatorAgencyX/UDF6'

24-10-2024T08:12:10 - [MESSAGE][PASSED] - Text '' is set on object 'Object Repository/IWP30/Page_EmulatorAgencyX/UDF7'

24-10-2024T08:12:11 - [MESSAGE][PASSED] - Text '' is set on object 'Object Repository/IWP30/Page_EmulatorAgencyX/UDF8'

24-10-2024T08:12:11 - [MESSAGE][PASSED] - Text 'udf data 9' is set on object 'Object Repository/IWP30/Page_EmulatorAgencyX/UDF9'

24-10-2024T08:12:12 - [MESSAGE][PASSED] - Text 'udf data 10' is set on object 'Object Repository/IWP30/Page_EmulatorAgencyX/UDF10'

24-10-2024T08:12:13 - [MESSAGE][PASSED] - Object: 'Object Repository/IWP30/Page_EmulatorAgencyX/Submit' is clicked on

24-10-2024T08:12:18 - [MESSAGE][PASSED] - Browser is closed

24-10-2024T08:12:22 - [MESSAGE][PASSED] - iwpPages.emulatorIWP30.setDataEmulator_DD is PASSED

24-10-2024T08:12:22 - [TEST_STEP][PASSED] - testHarnessURL = urlTestHarness: null

24-10-2024T08:12:22 - [TEST_STEP][PASSED] - openBrowser(testHarnessURL): Browser is opened with url: 'https://dev-algorithm.govolution.com/vrelaytest/QA2/version_2_2/vrelaytest.html'

24-10-2024T08:12:22 - [MESSAGE][INFO] - Starting 'Edge Chromium' driver

24-10-2024T08:12:22 - [MESSAGE][INFO] - User set preference: ['acceptInsecureCerts', 'true']

24-10-2024T08:12:24 - [MESSAGE][INFO] - Action delay is set to 0 milliseconds

24-10-2024T08:12:27 - [MESSAGE][PASSED] - Browser is opened with url: 'https://dev-algorithm.govolution.com/vrelaytest/QA2/version_2_2/vrelaytest.html'

24-10-2024T08:12:27 - [TEST_STEP][PASSED] - maximizeWindow(): Current window maximized

24-10-2024T08:12:27 - [MESSAGE][PASSED] - Current window maximized

24-10-2024T08:12:27 - [TEST_STEP][PASSED] - iwpPages.TestHarnessPage.setDataMethodEF(row, dataFile): iwpPages.TestHarnessPage.setDataMethodEF is PASSED

24-10-2024T08:12:28 - [MESSAGE][PASSED] - Object 'Object Repository/IWP30/Page_QATestHarness/RemittanceID' is present

24-10-2024T08:12:28 - [MESSAGE][PASSED] - Text '649' is set on object 'Object Repository/IWP30/Page_QATestHarness/ApplicationID'

24-10-2024T08:12:29 - [MESSAGE][PASSED] - Text '3.0' is set on object 'Object Repository/IWP30/Page_QATestHarness/MessageVersion'

24-10-2024T08:12:30 - [MESSAGE][PASSED] - Text 'uWbnbfGKzit9' is set on object 'Object Repository/IWP30/Page_QATestHarness/RemittanceID'

24-10-2024T08:12:33 - [MESSAGE][PASSED] - Object: 'Object Repository/IWP30/Page_QATestHarness/SubmitButton' is clicked on

24-10-2024T08:12:33 - [MESSAGE][PASSED] - iwpPages.TestHarnessPage.setDataMethodEF is PASSED

24-10-2024T08:12:33 - [TEST_STEP][PASSED] - click(findTestObject("Object Repository/IWP30/Page_SelectPaymentMethod/PayByPersonalCheck")): Object: 'Object Repository/IWP30/Page_SelectPaymentMethod/PayByPersonalCheck' is clicked on

24-10-2024T08:12:34 - [MESSAGE][PASSED] - Object: 'Object Repository/IWP30/Page_SelectPaymentMethod/PayByPersonalCheck' is clicked on

24-10-2024T08:12:34 - [TEST_STEP][PASSED] - click(findTestObject("Object Repository/IWP30/Page_SelectPaymentMethod/MakePaymentButton")): Object: 'Object Repository/IWP30/Page_SelectPaymentMethod/MakePaymentButton' is clicked on

24-10-2024T08:12:36 - [MESSAGE][PASSED] - Object: 'Object Repository/IWP30/Page_SelectPaymentMethod/MakePaymentButton' is clicked on

24-10-2024T08:12:36 - [TEST_STEP][PASSED] - iwpPages.achPersonalPaymentEntryPage.setDataACHPPM(row, dataFile): iwpPages.achPersonalPaymentEntryPage.setDataACHPPM is PASSED

24-10-2024T08:12:37 - [MESSAGE][PASSED] - Object 'Object Repository/IWP30/Page_ACHPersonalPaymentEntry/txt_accountNumber' is present

24-10-2024T08:12:37 - [MESSAGE][PASSED] - Object 'Object Repository/IWP30/Page_ACHPersonalPaymentEntry/txt_UDF2' is present

24-10-2024T08:12:38 - [MESSAGE][PASSED] - Text 'udf data 2' is set on object 'Object Repository/IWP30/Page_ACHPersonalPaymentEntry/txt_UDF2'

24-10-2024T08:12:38 - [MESSAGE][PASSED] - Text 'udf data 3' is set on object 'Object Repository/IWP30/Page_ACHPersonalPaymentEntry/txt_UDF3'

24-10-2024T08:12:39 - [MESSAGE][PASSED] - All options with label 'Orange' are selected in object 'Object Repository/IWP30/Page_ACHPersonalPaymentEntry/dd_UDF7' 

24-10-2024T08:12:39 - [MESSAGE][PASSED] - All options with label 'Soccer' are selected in object 'Object Repository/IWP30/Page_ACHPersonalPaymentEntry/dd_UDF8' 

24-10-2024T08:12:40 - [MESSAGE][PASSED] - Object 'Object Repository/IWP30/Page_ACHPersonalPaymentEntry/txt_Firstname' is present

24-10-2024T08:12:40 - [MESSAGE][PASSED] - Text 'Elizath' is set on object 'Object Repository/IWP30/Page_ACHPersonalPaymentEntry/txt_Firstname'

24-10-2024T08:12:40 - [MESSAGE][PASSED] - Object 'Object Repository/IWP30/Page_ACHPersonalPaymentEntry/txt_Lastname' is present

24-10-2024T08:12:41 - [MESSAGE][PASSED] - Text 'Christine' is set on object 'Object Repository/IWP30/Page_ACHPersonalPaymentEntry/txt_Lastname'

24-10-2024T08:12:41 - [MESSAGE][PASSED] - Object 'Object Repository/IWP30/Page_ACHPersonalPaymentEntry/txt_routingNumber' is present

24-10-2024T08:12:42 - [MESSAGE][PASSED] - Text '256072691' is set on object 'Object Repository/IWP30/Page_ACHPersonalPaymentEntry/txt_routingNumber'

24-10-2024T08:12:42 - [MESSAGE][PASSED] - Object 'Object Repository/IWP30/Page_ACHPersonalPaymentEntry/txt_accountNumber' is present

24-10-2024T08:12:44 - [MESSAGE][PASSED] - Text '12344444' is set on object 'Object Repository/IWP30/Page_ACHPersonalPaymentEntry/txt_accountNumber'

24-10-2024T08:12:44 - [MESSAGE][PASSED] - Object 'Object Repository/IWP30/Page_ACHPersonalPaymentEntry/txt_confirmAccountNumber' is present

24-10-2024T08:12:45 - [MESSAGE][PASSED] - Text '12344444' is set on object 'Object Repository/IWP30/Page_ACHPersonalPaymentEntry/txt_confirmAccountNumber'

24-10-2024T08:12:45 - [MESSAGE][PASSED] - Object 'Object Repository/IWP30/Page_ACHPersonalPaymentEntry/rd_accountType' is present

24-10-2024T08:12:45 - [MESSAGE][PASSED] - Modify property of object successfully

24-10-2024T08:12:45 - [MESSAGE][PASSED] - Object: 'Object Repository/IWP30/Page_ACHPersonalPaymentEntry/rd_accountType' is clicked on

24-10-2024T08:12:46 - [MESSAGE][PASSED] - Text '365 Main Avenue' is set on object 'Object Repository/IWP30/Page_ACHPersonalPaymentEntry/txt_AL1'

24-10-2024T08:12:46 - [MESSAGE][PASSED] - Text '22201' is set on object 'Object Repository/IWP30/Page_ACHPersonalPaymentEntry/txt_ZIP'

24-10-2024T08:12:47 - [MESSAGE][PASSED] - Object 'Object Repository/IWP30/Page_ACHPersonalPaymentEntry/txt_Email' is present

24-10-2024T08:12:47 - [MESSAGE][PASSED] - Text 'iahmed@govolution.com' is set on object 'Object Repository/IWP30/Page_ACHPersonalPaymentEntry/txt_Email'

24-10-2024T08:12:48 - [MESSAGE][PASSED] - Object 'Object Repository/IWP30/Page_ACHPersonalPaymentEntry/cb_TermsAndCond' is present

24-10-2024T08:12:48 - [MESSAGE][PASSED] - Object: 'Object Repository/IWP30/Page_ACHPersonalPaymentEntry/cb_TermsAndCond' is clicked on

24-10-2024T08:12:48 - [MESSAGE][PASSED] - Object 'Object Repository/IWP30/Page_ACHPersonalPaymentEntry/btn_Continue' is present

24-10-2024T08:12:49 - [MESSAGE][PASSED] - Object: 'Object Repository/IWP30/Page_ACHPersonalPaymentEntry/btn_Continue' is clicked on

24-10-2024T08:12:49 - [MESSAGE][PASSED] - iwpPages.achPersonalPaymentEntryPage.setDataACHPPM is PASSED

24-10-2024T08:12:49 - [TEST_STEP][PASSED] - click(findTestObject("Object Repository/IWP30/Page_Confirmation/ConfirmButton")): Object: 'Object Repository/IWP30/Page_Confirmation/ConfirmButton' is clicked on

24-10-2024T08:13:20 - [MESSAGE][INFO] - Unable to find the element located by 'By.xpath: //*[@type = 'submit' and @name = 'confirmNotifyAction' and @id = 'submitYes' and @value = 'Confirm']'. Please recheck the objects properties to make sure the desired element is located. 

24-10-2024T08:13:20 - [MESSAGE][WARNING] - [SELF-HEALING] Failed to find element with id 'Object Repository/IWP30/Page_Confirmation/ConfirmButton'. Try using Self-healing.

24-10-2024T08:13:21 - [MESSAGE][WARNING] - [SELF-HEALING] The current locator of test object 'Object Repository/IWP30/Page_Confirmation/ConfirmButton' was broken. Propose an alternative one: '//div/input'.

24-10-2024T08:13:22 - [MESSAGE][PASSED] - Object: 'Object Repository/IWP30/Page_Confirmation/ConfirmButton' is clicked on

24-10-2024T08:13:22 - [TEST_STEP][PASSED] - Thread.sleep(2000): null

24-10-2024T08:13:24 - [TEST_STEP][PASSED] - if (verifyTextPresent("AutoPay", false)): null

24-10-2024T08:13:25 - [MESSAGE][PASSED] - Text 'AutoPay' is present on page 

24-10-2024T08:13:25 - [TEST_STEP][PASSED] - println("Autopay is present on page. Autopay is created"): null

24-10-2024T08:13:25 - [TEST_STEP][PASSED] - openBrowser(testHarnessURL): Browser is opened with url: 'https://dev-algorithm.govolution.com/vrelaytest/QA2/version_2_2/vrelaytest.html'

24-10-2024T08:13:25 - [MESSAGE][WARNING] - A browser is already opened. Closing browser and opening a new one

24-10-2024T08:13:25 - [MESSAGE][INFO] - Starting 'Edge Chromium' driver

24-10-2024T08:13:25 - [MESSAGE][INFO] - User set preference: ['acceptInsecureCerts', 'true']

24-10-2024T08:13:27 - [MESSAGE][INFO] - Action delay is set to 0 milliseconds

24-10-2024T08:13:31 - [MESSAGE][PASSED] - Browser is opened with url: 'https://dev-algorithm.govolution.com/vrelaytest/QA2/version_2_2/vrelaytest.html'

24-10-2024T08:13:31 - [TEST_STEP][PASSED] - maximizeWindow(): Current window maximized

24-10-2024T08:13:31 - [MESSAGE][PASSED] - Current window maximized

24-10-2024T08:13:31 - [TEST_STEP][PASSED] - iwpPages.TestHarnessPage.setDataMethodEF(row, dataFile): iwpPages.TestHarnessPage.setDataMethodEF is PASSED

24-10-2024T08:13:31 - [MESSAGE][PASSED] - Object 'Object Repository/IWP30/Page_QATestHarness/RemittanceID' is present

24-10-2024T08:13:32 - [MESSAGE][PASSED] - Text '649' is set on object 'Object Repository/IWP30/Page_QATestHarness/ApplicationID'

24-10-2024T08:13:33 - [MESSAGE][PASSED] - Text '3.0' is set on object 'Object Repository/IWP30/Page_QATestHarness/MessageVersion'

24-10-2024T08:13:33 - [MESSAGE][PASSED] - Text 'TUl4YWnpq6aD' is set on object 'Object Repository/IWP30/Page_QATestHarness/RemittanceID'

24-10-2024T08:13:37 - [MESSAGE][PASSED] - Object: 'Object Repository/IWP30/Page_QATestHarness/SubmitButton' is clicked on

24-10-2024T08:13:37 - [MESSAGE][PASSED] - iwpPages.TestHarnessPage.setDataMethodEF is PASSED

24-10-2024T08:13:37 - [TEST_STEP][PASSED] - click(findTestObject("Object Repository/IWP30/Page_ManagePlan_Autopay/btn_cancel")): Object: 'Object Repository/IWP30/Page_ManagePlan_Autopay/btn_cancel' is clicked on

24-10-2024T08:13:37 - [MESSAGE][PASSED] - Object: 'Object Repository/IWP30/Page_ManagePlan_Autopay/btn_cancel' is clicked on

24-10-2024T08:13:37 - [TEST_STEP][PASSED] - click(findTestObject("Object Repository/IWP30/Page_CancelPlan/btn_cancel")): Object: 'Object Repository/IWP30/Page_CancelPlan/btn_cancel' is clicked on

24-10-2024T08:13:39 - [MESSAGE][PASSED] - Object: 'Object Repository/IWP30/Page_CancelPlan/btn_cancel' is clicked on

24-10-2024T08:13:39 - [TEST_STEP][PASSED] - if (verifyTextPresent("Your payment plan has been cancelled successfully", false)): null

24-10-2024T08:13:40 - [MESSAGE][PASSED] - Text 'Your payment plan has been cancelled successfully' is present on page 

24-10-2024T08:13:40 - [TEST_STEP][PASSED] - markPassed("Your payment plan has been successfully created and canceled"): Your payment plan has been successfully created and canceled

24-10-2024T08:13:40 - [MESSAGE][PASSED] - Your payment plan has been successfully created and canceled

24-10-2024T08:13:40 - [TEST_STEP][PASSED] - resText = "Pass": null

24-10-2024T08:13:40 - [TEST_STEP][PASSED] - println(row): null

24-10-2024T08:13:40 - [TEST_STEP][PASSED] - pages.WriteExcel.demoKey(resText, datText, resColumn, datCloumn, fileLoc, nameSheet, row): pages.WriteExcel.demoKey is PASSED

24-10-2024T08:13:40 - [MESSAGE][PASSED] - pages.WriteExcel.demoKey is PASSED

24-10-2024T08:13:40 - [TEST_STEP][PASSED] - closeBrowser(): Browser is closed

24-10-2024T08:13:40 - [MESSAGE][PASSED] - Browser is closed]]></system-out>
         <system-err><![CDATA[24-10-2024T08:09:42 - [TEST_CASE][FAILED] - Test Cases/IntegratedWeb/IWP25/Payments/CCAutoPayPC: Test Cases/IntegratedWeb/IWP25/Payments/CCAutoPayPC FAILED.
Reason:
com.kms.katalon.core.exception.StepFailedException: Text 'AutoPay' is not present on page  (Root cause: com.kms.katalon.core.exception.StepFailedException: Text 'AutoPay' is not present on page 
	at com.kms.katalon.core.webui.keyword.internal.WebUIKeywordMain.stepFailed(WebUIKeywordMain.groovy:64)
	at com.kms.katalon.core.webui.keyword.builtin.VerifyTextPresentKeyword$_verifyTextPresent_closure1.doCall(VerifyTextPresentKeyword.groovy:79)
	at com.kms.katalon.core.webui.keyword.builtin.VerifyTextPresentKeyword$_verifyTextPresent_closure1.call(VerifyTextPresentKeyword.groovy)
	at com.kms.katalon.core.webui.keyword.internal.WebUIKeywordMain.runKeyword(WebUIKeywordMain.groovy:20)
	at com.kms.katalon.core.webui.keyword.builtin.VerifyTextPresentKeyword.verifyTextPresent(VerifyTextPresentKeyword.groovy:83)
	at com.kms.katalon.core.webui.keyword.builtin.VerifyTextPresentKeyword.execute(VerifyTextPresentKeyword.groovy:68)
	at com.kms.katalon.core.keyword.internal.KeywordExecutor.executeKeywordForPlatform(KeywordExecutor.groovy:74)
	at com.kms.katalon.core.webui.keyword.WebUiBuiltInKeywords.verifyTextPresent(WebUiBuiltInKeywords.groovy:1762)
	at CCAutoPayPC.run(CCAutoPayPC:91)
	at com.kms.katalon.core.main.ScriptEngine.run(ScriptEngine.java:194)
	at com.kms.katalon.core.main.ScriptEngine.runScriptAsRawText(ScriptEngine.java:119)
	at com.kms.katalon.core.main.TestCaseExecutor.runScript(TestCaseExecutor.java:448)
	at com.kms.katalon.core.main.TestCaseExecutor.doExecute(TestCaseExecutor.java:439)
	at com.kms.katalon.core.main.TestCaseExecutor.processExecutionPhase(TestCaseExecutor.java:418)
	at com.kms.katalon.core.main.TestCaseExecutor.accessMainPhase(TestCaseExecutor.java:410)
	at com.kms.katalon.core.main.TestCaseExecutor.execute(TestCaseExecutor.java:285)
	at com.kms.katalon.core.common.CommonExecutor.accessTestCaseMainPhase(CommonExecutor.java:65)
	at com.kms.katalon.core.main.TestSuiteExecutor.accessTestSuiteMainPhase(TestSuiteExecutor.java:150)
	at com.kms.katalon.core.main.TestSuiteExecutor.execute(TestSuiteExecutor.java:106)
	at com.kms.katalon.core.main.TestCaseMain.startTestSuite(TestCaseMain.java:180)
	at TempTestSuite1729731001385.run(TempTestSuite1729731001385.groovy:35)
	at java.base/jdk.internal.reflect.NativeMethodAccessorImpl.invoke0(Native Method)
	at java.base/jdk.internal.reflect.NativeMethodAccessorImpl.invoke(NativeMethodAccessorImpl.java:77)
	at java.base/jdk.internal.reflect.DelegatingMethodAccessorImpl.invoke(DelegatingMethodAccessorImpl.java:43)
)
	at com.kms.katalon.core.keyword.internal.KeywordMain.stepFailed(KeywordMain.groovy:39)
	at com.kms.katalon.core.webui.keyword.internal.WebUIKeywordMain.stepFailed(WebUIKeywordMain.groovy:64)
	at com.kms.katalon.core.webui.keyword.builtin.VerifyTextPresentKeyword$_verifyTextPresent_closure1.doCall(VerifyTextPresentKeyword.groovy:79)
	at com.kms.katalon.core.webui.keyword.builtin.VerifyTextPresentKeyword$_verifyTextPresent_closure1.call(VerifyTextPresentKeyword.groovy)
	at com.kms.katalon.core.webui.keyword.internal.WebUIKeywordMain.runKeyword(WebUIKeywordMain.groovy:20)
	at com.kms.katalon.core.webui.keyword.builtin.VerifyTextPresentKeyword.verifyTextPresent(VerifyTextPresentKeyword.groovy:83)
	at com.kms.katalon.core.webui.keyword.builtin.VerifyTextPresentKeyword.execute(VerifyTextPresentKeyword.groovy:68)
	at com.kms.katalon.core.keyword.internal.KeywordExecutor.executeKeywordForPlatform(KeywordExecutor.groovy:74)
	at com.kms.katalon.core.webui.keyword.WebUiBuiltInKeywords.verifyTextPresent(WebUiBuiltInKeywords.groovy:1762)
	at CCAutoPayPC.run(CCAutoPayPC:91)
	at com.kms.katalon.core.main.ScriptEngine.run(ScriptEngine.java:194)
	at com.kms.katalon.core.main.ScriptEngine.runScriptAsRawText(ScriptEngine.java:119)
	at com.kms.katalon.core.main.TestCaseExecutor.runScript(TestCaseExecutor.java:448)
	at com.kms.katalon.core.main.TestCaseExecutor.doExecute(TestCaseExecutor.java:439)
	at com.kms.katalon.core.main.TestCaseExecutor.processExecutionPhase(TestCaseExecutor.java:418)
	at com.kms.katalon.core.main.TestCaseExecutor.accessMainPhase(TestCaseExecutor.java:410)
	at com.kms.katalon.core.main.TestCaseExecutor.execute(TestCaseExecutor.java:285)
	at com.kms.katalon.core.common.CommonExecutor.accessTestCaseMainPhase(CommonExecutor.java:65)
	at com.kms.katalon.core.main.TestSuiteExecutor.accessTestSuiteMainPhase(TestSuiteExecutor.java:150)
	at com.kms.katalon.core.main.TestSuiteExecutor.execute(TestSuiteExecutor.java:106)
	at com.kms.katalon.core.main.TestCaseMain.startTestSuite(TestCaseMain.java:180)
	at TempTestSuite1729731001385.run(TempTestSuite1729731001385.groovy:35)
	at java.base/jdk.internal.reflect.NativeMethodAccessorImpl.invoke0(Native Method)
	at java.base/jdk.internal.reflect.NativeMethodAccessorImpl.invoke(NativeMethodAccessorImpl.java:77)
	at java.base/jdk.internal.reflect.DelegatingMethodAccessorImpl.invoke(DelegatingMethodAccessorImpl.java:43)
Caused by: com.kms.katalon.core.exception.StepFailedException: Text 'AutoPay' is not present on page 
	... 24 more]]></system-err>
      </testcase>
      <testcase name="Test Cases/IntegratedWeb/IWP25/Payments/CCAutoPayPS" time="241.057" classname="Test Cases/IntegratedWeb/IWP25/Payments/CCAutoPayPS" status="FAILED">
         <failure type="FAILED" message="Test Cases/IntegratedWeb/IWP25/Payments/CCAutoPayPS FAILED.&#xa;Reason:&#xa;com.kms.katalon.core.exception.StepFailedException: Text 'AutoPay' is not present on page  (Root cause: com.kms.katalon.core.exception.StepFailedException: Text 'AutoPay' is not present on page &#xa;	at com.kms.katalon.core.webui.keyword.internal.WebUIKeywordMain.stepFailed(WebUIKeywordMain.groovy:64)&#xa;	at com.kms.katalon.core.webui.keyword.builtin.VerifyTextPresentKeyword$_verifyTextPresent_closure1.doCall(VerifyTextPresentKeyword.groovy:79)&#xa;	at com.kms.katalon.core.webui.keyword.builtin.VerifyTextPresentKeyword$_verifyTextPresent_closure1.call(VerifyTextPresentKeyword.groovy)&#xa;	at com.kms.katalon.core.webui.keyword.internal.WebUIKeywordMain.runKeyword(WebUIKeywordMain.groovy:20)&#xa;	at com.kms.katalon.core.webui.keyword.builtin.VerifyTextPresentKeyword.verifyTextPresent(VerifyTextPresentKeyword.groovy:83)&#xa;	at com.kms.katalon.core.webui.keyword.builtin.VerifyTextPresentKeyword.execute(VerifyTextPresentKeyword.groovy:68)&#xa;	at com.kms.katalon.core.keyword.internal.KeywordExecutor.executeKeywordForPlatform(KeywordExecutor.groovy:74)&#xa;	at com.kms.katalon.core.webui.keyword.WebUiBuiltInKeywords.verifyTextPresent(WebUiBuiltInKeywords.groovy:1762)&#xa;	at CCAutoPayPS.run(CCAutoPayPS:91)&#xa;	at com.kms.katalon.core.main.ScriptEngine.run(ScriptEngine.java:194)&#xa;	at com.kms.katalon.core.main.ScriptEngine.runScriptAsRawText(ScriptEngine.java:119)&#xa;	at com.kms.katalon.core.main.TestCaseExecutor.runScript(TestCaseExecutor.java:448)&#xa;	at com.kms.katalon.core.main.TestCaseExecutor.doExecute(TestCaseExecutor.java:439)&#xa;	at com.kms.katalon.core.main.TestCaseExecutor.processExecutionPhase(TestCaseExecutor.java:418)&#xa;	at com.kms.katalon.core.main.TestCaseExecutor.accessMainPhase(TestCaseExecutor.java:410)&#xa;	at com.kms.katalon.core.main.TestCaseExecutor.execute(TestCaseExecutor.java:285)&#xa;	at com.kms.katalon.core.common.CommonExecutor.accessTestCaseMainPhase(CommonExecutor.java:65)&#xa;	at com.kms.katalon.core.main.TestSuiteExecutor.accessTestSuiteMainPhase(TestSuiteExecutor.java:150)&#xa;	at com.kms.katalon.core.main.TestSuiteExecutor.execute(TestSuiteExecutor.java:106)&#xa;	at com.kms.katalon.core.main.TestCaseMain.startTestSuite(TestCaseMain.java:180)&#xa;	at TempTestSuite1729731001385.run(TempTestSuite1729731001385.groovy:35)&#xa;	at java.base/jdk.internal.reflect.NativeMethodAccessorImpl.invoke0(Native Method)&#xa;	at java.base/jdk.internal.reflect.NativeMethodAccessorImpl.invoke(NativeMethodAccessorImpl.java:77)&#xa;	at java.base/jdk.internal.reflect.DelegatingMethodAccessorImpl.invoke(DelegatingMethodAccessorImpl.java:43)&#xa;)&#xa;	at com.kms.katalon.core.keyword.internal.KeywordMain.stepFailed(KeywordMain.groovy:39)&#xa;	at com.kms.katalon.core.webui.keyword.internal.WebUIKeywordMain.stepFailed(WebUIKeywordMain.groovy:64)&#xa;	at com.kms.katalon.core.webui.keyword.builtin.VerifyTextPresentKeyword$_verifyTextPresent_closure1.doCall(VerifyTextPresentKeyword.groovy:79)&#xa;	at com.kms.katalon.core.webui.keyword.builtin.VerifyTextPresentKeyword$_verifyTextPresent_closure1.call(VerifyTextPresentKeyword.groovy)&#xa;	at com.kms.katalon.core.webui.keyword.internal.WebUIKeywordMain.runKeyword(WebUIKeywordMain.groovy:20)&#xa;	at com.kms.katalon.core.webui.keyword.builtin.VerifyTextPresentKeyword.verifyTextPresent(VerifyTextPresentKeyword.groovy:83)&#xa;	at com.kms.katalon.core.webui.keyword.builtin.VerifyTextPresentKeyword.execute(VerifyTextPresentKeyword.groovy:68)&#xa;	at com.kms.katalon.core.keyword.internal.KeywordExecutor.executeKeywordForPlatform(KeywordExecutor.groovy:74)&#xa;	at com.kms.katalon.core.webui.keyword.WebUiBuiltInKeywords.verifyTextPresent(WebUiBuiltInKeywords.groovy:1762)&#xa;	at CCAutoPayPS.run(CCAutoPayPS:91)&#xa;	at com.kms.katalon.core.main.ScriptEngine.run(ScriptEngine.java:194)&#xa;	at com.kms.katalon.core.main.ScriptEngine.runScriptAsRawText(ScriptEngine.java:119)&#xa;	at com.kms.katalon.core.main.TestCaseExecutor.runScript(TestCaseExecutor.java:448)&#xa;	at com.kms.katalon.core.main.TestCaseExecutor.doExecute(TestCaseExecutor.java:439)&#xa;	at com.kms.katalon.core.main.TestCaseExecutor.processExecutionPhase(TestCaseExecutor.java:418)&#xa;	at com.kms.katalon.core.main.TestCaseExecutor.accessMainPhase(TestCaseExecutor.java:410)&#xa;	at com.kms.katalon.core.main.TestCaseExecutor.execute(TestCaseExecutor.java:285)&#xa;	at com.kms.katalon.core.common.CommonExecutor.accessTestCaseMainPhase(CommonExecutor.java:65)&#xa;	at com.kms.katalon.core.main.TestSuiteExecutor.accessTestSuiteMainPhase(TestSuiteExecutor.java:150)&#xa;	at com.kms.katalon.core.main.TestSuiteExecutor.execute(TestSuiteExecutor.java:106)&#xa;	at com.kms.katalon.core.main.TestCaseMain.startTestSuite(TestCaseMain.java:180)&#xa;	at TempTestSuite1729731001385.run(TempTestSuite1729731001385.groovy:35)&#xa;	at java.base/jdk.internal.reflect.NativeMethodAccessorImpl.invoke0(Native Method)&#xa;	at java.base/jdk.internal.reflect.NativeMethodAccessorImpl.invoke(NativeMethodAccessorImpl.java:77)&#xa;	at java.base/jdk.internal.reflect.DelegatingMethodAccessorImpl.invoke(DelegatingMethodAccessorImpl.java:43)&#xa;Caused by: com.kms.katalon.core.exception.StepFailedException: Text 'AutoPay' is not present on page &#xa;	... 24 more&#xa;"/>
         <system-out><![CDATA[24-10-2024T08:13:40 - [TEST_CASE][FAILED] - Test Cases/IntegratedWeb/IWP25/Payments/CCAutoPayPS: Test Cases/IntegratedWeb/IWP25/Payments/CCAutoPayPS FAILED.
Reason:
com.kms.katalon.core.exception.StepFailedException: Text 'AutoPay' is not present on page  (Root cause: com.kms.katalon.core.exception.StepFailedException: Text 'AutoPay' is not present on page 
	at com.kms.katalon.core.webui.keyword.internal.WebUIKeywordMain.stepFailed(WebUIKeywordMain.groovy:64)
	at com.kms.katalon.core.webui.keyword.builtin.VerifyTextPresentKeyword$_verifyTextPresent_closure1.doCall(VerifyTextPresentKeyword.groovy:79)
	at com.kms.katalon.core.webui.keyword.builtin.VerifyTextPresentKeyword$_verifyTextPresent_closure1.call(VerifyTextPresentKeyword.groovy)
	at com.kms.katalon.core.webui.keyword.internal.WebUIKeywordMain.runKeyword(WebUIKeywordMain.groovy:20)
	at com.kms.katalon.core.webui.keyword.builtin.VerifyTextPresentKeyword.verifyTextPresent(VerifyTextPresentKeyword.groovy:83)
	at com.kms.katalon.core.webui.keyword.builtin.VerifyTextPresentKeyword.execute(VerifyTextPresentKeyword.groovy:68)
	at com.kms.katalon.core.keyword.internal.KeywordExecutor.executeKeywordForPlatform(KeywordExecutor.groovy:74)
	at com.kms.katalon.core.webui.keyword.WebUiBuiltInKeywords.verifyTextPresent(WebUiBuiltInKeywords.groovy:1762)
	at CCAutoPayPS.run(CCAutoPayPS:91)
	at com.kms.katalon.core.main.ScriptEngine.run(ScriptEngine.java:194)
	at com.kms.katalon.core.main.ScriptEngine.runScriptAsRawText(ScriptEngine.java:119)
	at com.kms.katalon.core.main.TestCaseExecutor.runScript(TestCaseExecutor.java:448)
	at com.kms.katalon.core.main.TestCaseExecutor.doExecute(TestCaseExecutor.java:439)
	at com.kms.katalon.core.main.TestCaseExecutor.processExecutionPhase(TestCaseExecutor.java:418)
	at com.kms.katalon.core.main.TestCaseExecutor.accessMainPhase(TestCaseExecutor.java:410)
	at com.kms.katalon.core.main.TestCaseExecutor.execute(TestCaseExecutor.java:285)
	at com.kms.katalon.core.common.CommonExecutor.accessTestCaseMainPhase(CommonExecutor.java:65)
	at com.kms.katalon.core.main.TestSuiteExecutor.accessTestSuiteMainPhase(TestSuiteExecutor.java:150)
	at com.kms.katalon.core.main.TestSuiteExecutor.execute(TestSuiteExecutor.java:106)
	at com.kms.katalon.core.main.TestCaseMain.startTestSuite(TestCaseMain.java:180)
	at TempTestSuite1729731001385.run(TempTestSuite1729731001385.groovy:35)
	at java.base/jdk.internal.reflect.NativeMethodAccessorImpl.invoke0(Native Method)
	at java.base/jdk.internal.reflect.NativeMethodAccessorImpl.invoke(NativeMethodAccessorImpl.java:77)
	at java.base/jdk.internal.reflect.DelegatingMethodAccessorImpl.invoke(DelegatingMethodAccessorImpl.java:43)
)
	at com.kms.katalon.core.keyword.internal.KeywordMain.stepFailed(KeywordMain.groovy:39)
	at com.kms.katalon.core.webui.keyword.internal.WebUIKeywordMain.stepFailed(WebUIKeywordMain.groovy:64)
	at com.kms.katalon.core.webui.keyword.builtin.VerifyTextPresentKeyword$_verifyTextPresent_closure1.doCall(VerifyTextPresentKeyword.groovy:79)
	at com.kms.katalon.core.webui.keyword.builtin.VerifyTextPresentKeyword$_verifyTextPresent_closure1.call(VerifyTextPresentKeyword.groovy)
	at com.kms.katalon.core.webui.keyword.internal.WebUIKeywordMain.runKeyword(WebUIKeywordMain.groovy:20)
	at com.kms.katalon.core.webui.keyword.builtin.VerifyTextPresentKeyword.verifyTextPresent(VerifyTextPresentKeyword.groovy:83)
	at com.kms.katalon.core.webui.keyword.builtin.VerifyTextPresentKeyword.execute(VerifyTextPresentKeyword.groovy:68)
	at com.kms.katalon.core.keyword.internal.KeywordExecutor.executeKeywordForPlatform(KeywordExecutor.groovy:74)
	at com.kms.katalon.core.webui.keyword.WebUiBuiltInKeywords.verifyTextPresent(WebUiBuiltInKeywords.groovy:1762)
	at CCAutoPayPS.run(CCAutoPayPS:91)
	at com.kms.katalon.core.main.ScriptEngine.run(ScriptEngine.java:194)
	at com.kms.katalon.core.main.ScriptEngine.runScriptAsRawText(ScriptEngine.java:119)
	at com.kms.katalon.core.main.TestCaseExecutor.runScript(TestCaseExecutor.java:448)
	at com.kms.katalon.core.main.TestCaseExecutor.doExecute(TestCaseExecutor.java:439)
	at com.kms.katalon.core.main.TestCaseExecutor.processExecutionPhase(TestCaseExecutor.java:418)
	at com.kms.katalon.core.main.TestCaseExecutor.accessMainPhase(TestCaseExecutor.java:410)
	at com.kms.katalon.core.main.TestCaseExecutor.execute(TestCaseExecutor.java:285)
	at com.kms.katalon.core.common.CommonExecutor.accessTestCaseMainPhase(CommonExecutor.java:65)
	at com.kms.katalon.core.main.TestSuiteExecutor.accessTestSuiteMainPhase(TestSuiteExecutor.java:150)
	at com.kms.katalon.core.main.TestSuiteExecutor.execute(TestSuiteExecutor.java:106)
	at com.kms.katalon.core.main.TestCaseMain.startTestSuite(TestCaseMain.java:180)
	at TempTestSuite1729731001385.run(TempTestSuite1729731001385.groovy:35)
	at java.base/jdk.internal.reflect.NativeMethodAccessorImpl.invoke0(Native Method)
	at java.base/jdk.internal.reflect.NativeMethodAccessorImpl.invoke(NativeMethodAccessorImpl.java:77)
	at java.base/jdk.internal.reflect.DelegatingMethodAccessorImpl.invoke(DelegatingMethodAccessorImpl.java:43)
Caused by: com.kms.katalon.core.exception.StepFailedException: Text 'AutoPay' is not present on page 
	... 24 more


24-10-2024T08:13:41 - [TEST_STEP][PASSED] - resText = "Fail": null

24-10-2024T08:13:41 - [TEST_STEP][PASSED] - resColumn = "Result": null

24-10-2024T08:13:41 - [TEST_STEP][PASSED] - datCloumn = "Date": null

24-10-2024T08:13:41 - [TEST_STEP][PASSED] - fileLoc = "KatalonData/IWPTestData/VRelay25PaymentsExtension.xlsx": null

24-10-2024T08:13:41 - [TEST_STEP][PASSED] - numOfRows = <not implemented yet for class: org.codehaus.groovy.ast.expr.EmptyExpression>: null

24-10-2024T08:13:41 - [TEST_STEP][PASSED] - dataFile = <not implemented yet for class: org.codehaus.groovy.ast.expr.EmptyExpression>: null

24-10-2024T08:13:41 - [TEST_STEP][PASSED] - nameSheet = <not implemented yet for class: org.codehaus.groovy.ast.expr.EmptyExpression>: null

24-10-2024T08:13:41 - [TEST_STEP][PASSED] - dataFileEmulator = <not implemented yet for class: org.codehaus.groovy.ast.expr.EmptyExpression>: null

24-10-2024T08:13:41 - [TEST_STEP][PASSED] - isRequiredTextPresent = false: null

24-10-2024T08:13:41 - [TEST_STEP][PASSED] - nameSheet = "CCAutoPayPlanPS": null

24-10-2024T08:13:41 - [TEST_STEP][PASSED] - dataFile = getExcelDataWithDefaultSheet("KatalonData/IWPTestData/VRelay25PaymentsExtension.xlsx", nameSheet, true): null

24-10-2024T08:13:41 - [TEST_STEP][PASSED] - dataFileEmulator = "IWPTestData/EmulatorData": null

24-10-2024T08:13:41 - [TEST_STEP][PASSED] - numOfRows = dataFile.getRowNumbers(): null

24-10-2024T08:13:41 - [TEST_STEP][PASSED] - println("Number of Records: " + numOfRows): null

24-10-2024T08:13:41 - [TEST_STEP][FAILED] - for ([row = 1, row <= numOfRows, (row++)]): null

24-10-2024T08:13:41 - [TEST_STEP][PASSED] - ExecuteTC = dataFile.getValue("Execute", row): null

24-10-2024T08:13:41 - [TEST_STEP][PASSED] - out.println("Value of Execute is : " + ExecuteTC): null

24-10-2024T08:13:41 - [TEST_STEP][FAILED] - if (ExecuteTC.equalsIgnoreCase("Y")): null

24-10-2024T08:13:41 - [TEST_STEP][PASSED] - out.println("Begin Record Number: " + row): null

24-10-2024T08:13:41 - [TEST_STEP][PASSED] - today = new java.util.Date(): null

24-10-2024T08:13:41 - [TEST_STEP][PASSED] - println(today): null

24-10-2024T08:13:41 - [TEST_STEP][PASSED] - datText = today: null

24-10-2024T08:13:41 - [TEST_STEP][PASSED] - EmulatorDataKey = dataFile.getValue("EmulatorData", row): null

24-10-2024T08:13:41 - [TEST_STEP][PASSED] - out.println("Value of Emulator Key is : " + EmulatorDataKey): null

24-10-2024T08:13:41 - [TEST_STEP][PASSED] - iwpPages.emulatorIWP30.setDataEmulator_DD(EmulatorDataKey): iwpPages.emulatorIWP30.setDataEmulator_DD is PASSED

24-10-2024T08:13:41 - [MESSAGE][INFO] - Starting 'Edge Chromium' driver

24-10-2024T08:13:41 - [MESSAGE][INFO] - User set preference: ['acceptInsecureCerts', 'true']

24-10-2024T08:13:43 - [MESSAGE][INFO] - Action delay is set to 0 milliseconds

24-10-2024T08:13:46 - [MESSAGE][PASSED] - Browser is opened with url: 'https://qa2.velocitypayment.com/agencyx/config.action?action=editor&message_version=2_5'

24-10-2024T08:13:47 - [MESSAGE][PASSED] - Current window maximized

24-10-2024T08:14:18 - [MESSAGE][INFO] - Unable to find the element located by 'By.xpath: //select[@name='message_version']'. Please recheck the objects properties to make sure the desired element is located. 

24-10-2024T08:14:18 - [MESSAGE][WARNING] - [SELF-HEALING] Failed to find element with id 'Object Repository/IWP30/Page_VRelay30Emulator/MV'. Try using Self-healing.

24-10-2024T08:14:19 - [MESSAGE][WARNING] - [SELF-HEALING] The current locator of test object 'Object Repository/IWP30/Page_VRelay30Emulator/MV' was broken. Propose an alternative one: '(.//*[normalize-space(text()) and normalize-space(.)='Message Version'])[1]/following::select[1]'.

24-10-2024T08:14:19 - [MESSAGE][PASSED] - All options with value '2.5' are selected in object 'Object Repository/IWP30/Page_VRelay30Emulator/MV'  using regular expression

24-10-2024T08:14:20 - [MESSAGE][PASSED] - Text '10.50' is set on object 'Object Repository/IWP30/Page_EmulatorAgencyX/Amount'

24-10-2024T08:14:20 - [MESSAGE][PASSED] - Text 'Nps6lV3A1Pw3' is set on object 'Object Repository/IWP30/Page_EmulatorAgencyX/CAN'

24-10-2024T08:14:21 - [MESSAGE][PASSED] - Text 'AutoPay' is set on object 'Object Repository/IWP30/Page_EmulatorAgencyX/Action'

24-10-2024T08:14:22 - [MESSAGE][PASSED] - Text 'en_US' is set on object 'Object Repository/IWP30/Page_EmulatorAgencyX/Lang'

24-10-2024T08:14:22 - [MESSAGE][PASSED] - Text '' is set on object 'Object Repository/IWP30/Page_EmulatorAgencyX/Fname'

24-10-2024T08:14:23 - [MESSAGE][PASSED] - Text '' is set on object 'Object Repository/IWP30/Page_EmulatorAgencyX/Lname'

24-10-2024T08:14:23 - [MESSAGE][PASSED] - Text '' is set on object 'Object Repository/IWP30/Page_EmulatorAgencyX/AL1'

24-10-2024T08:14:24 - [MESSAGE][PASSED] - Text '' is set on object 'Object Repository/IWP30/Page_EmulatorAgencyX/AL2'

24-10-2024T08:14:25 - [MESSAGE][PASSED] - Text '' is set on object 'Object Repository/IWP30/Page_EmulatorAgencyX/Country'

24-10-2024T08:14:25 - [MESSAGE][PASSED] - Text '' is set on object 'Object Repository/IWP30/Page_EmulatorAgencyX/City'

24-10-2024T08:14:26 - [MESSAGE][PASSED] - Text '' is set on object 'Object Repository/IWP30/Page_EmulatorAgencyX/State'

24-10-2024T08:14:26 - [MESSAGE][PASSED] - Text '' is set on object 'Object Repository/IWP30/Page_EmulatorAgencyX/ZIP'

24-10-2024T08:14:27 - [MESSAGE][PASSED] - Text '' is set on object 'Object Repository/IWP30/Page_EmulatorAgencyX/Order'

24-10-2024T08:14:28 - [MESSAGE][PASSED] - Text '' is set on object 'Object Repository/IWP30/Page_EmulatorAgencyX/Company'

24-10-2024T08:14:28 - [MESSAGE][PASSED] - Text '' is set on object 'Object Repository/IWP30/Page_EmulatorAgencyX/Email'

24-10-2024T08:14:29 - [MESSAGE][PASSED] - Text '' is set on object 'Object Repository/IWP30/Page_EmulatorAgencyX/UDF1'

24-10-2024T08:14:29 - [MESSAGE][PASSED] - Text '' is set on object 'Object Repository/IWP30/Page_EmulatorAgencyX/UDF2'

24-10-2024T08:14:30 - [MESSAGE][PASSED] - Text '' is set on object 'Object Repository/IWP30/Page_EmulatorAgencyX/UDF3'

24-10-2024T08:14:31 - [MESSAGE][PASSED] - Text 'udf data 4' is set on object 'Object Repository/IWP30/Page_EmulatorAgencyX/UDF4'

24-10-2024T08:14:31 - [MESSAGE][PASSED] - Text 'udf data 5' is set on object 'Object Repository/IWP30/Page_EmulatorAgencyX/UDF5'

24-10-2024T08:14:32 - [MESSAGE][PASSED] - Text '' is set on object 'Object Repository/IWP30/Page_EmulatorAgencyX/UDF6'

24-10-2024T08:14:32 - [MESSAGE][PASSED] - Text '' is set on object 'Object Repository/IWP30/Page_EmulatorAgencyX/UDF7'

24-10-2024T08:14:33 - [MESSAGE][PASSED] - Text '' is set on object 'Object Repository/IWP30/Page_EmulatorAgencyX/UDF8'

24-10-2024T08:14:34 - [MESSAGE][PASSED] - Text 'udf data 9' is set on object 'Object Repository/IWP30/Page_EmulatorAgencyX/UDF9'

24-10-2024T08:14:34 - [MESSAGE][PASSED] - Text 'udf data 10' is set on object 'Object Repository/IWP30/Page_EmulatorAgencyX/UDF10'

24-10-2024T08:14:36 - [MESSAGE][PASSED] - Object: 'Object Repository/IWP30/Page_EmulatorAgencyX/Submit' is clicked on

24-10-2024T08:14:40 - [MESSAGE][PASSED] - Browser is closed

24-10-2024T08:14:44 - [MESSAGE][PASSED] - iwpPages.emulatorIWP30.setDataEmulator_DD is PASSED

24-10-2024T08:14:44 - [TEST_STEP][PASSED] - testHarnessURL = urlTestHarness: null

24-10-2024T08:14:44 - [TEST_STEP][PASSED] - openBrowser(testHarnessURL): Browser is opened with url: 'https://dev-algorithm.govolution.com/vrelaytest/QA2/version_2_2/vrelaytest.html'

24-10-2024T08:14:44 - [MESSAGE][INFO] - Starting 'Edge Chromium' driver

24-10-2024T08:14:44 - [MESSAGE][INFO] - User set preference: ['acceptInsecureCerts', 'true']

24-10-2024T08:14:46 - [MESSAGE][INFO] - Action delay is set to 0 milliseconds

24-10-2024T08:14:50 - [MESSAGE][PASSED] - Browser is opened with url: 'https://dev-algorithm.govolution.com/vrelaytest/QA2/version_2_2/vrelaytest.html'

24-10-2024T08:14:50 - [TEST_STEP][PASSED] - maximizeWindow(): Current window maximized

24-10-2024T08:14:50 - [MESSAGE][PASSED] - Current window maximized

24-10-2024T08:14:50 - [TEST_STEP][PASSED] - iwpPages.TestHarnessPage.setDataMethodEF(row, dataFile): iwpPages.TestHarnessPage.setDataMethodEF is PASSED

24-10-2024T08:14:50 - [MESSAGE][PASSED] - Object 'Object Repository/IWP30/Page_QATestHarness/RemittanceID' is present

24-10-2024T08:14:51 - [MESSAGE][PASSED] - Text '638' is set on object 'Object Repository/IWP30/Page_QATestHarness/ApplicationID'

24-10-2024T08:14:52 - [MESSAGE][PASSED] - Text '2.5' is set on object 'Object Repository/IWP30/Page_QATestHarness/MessageVersion'

24-10-2024T08:14:52 - [MESSAGE][PASSED] - Text 'c7eHbRltJzPV' is set on object 'Object Repository/IWP30/Page_QATestHarness/RemittanceID'

24-10-2024T08:14:56 - [MESSAGE][PASSED] - Object: 'Object Repository/IWP30/Page_QATestHarness/SubmitButton' is clicked on

24-10-2024T08:14:56 - [MESSAGE][PASSED] - iwpPages.TestHarnessPage.setDataMethodEF is PASSED

24-10-2024T08:14:56 - [TEST_STEP][PASSED] - click(findTestObject("Object Repository/IWP30/Page_SelectPaymentMethod/PayByPersonalCheck")): Object: 'Object Repository/IWP30/Page_SelectPaymentMethod/PayByPersonalCheck' is clicked on

24-10-2024T08:14:56 - [MESSAGE][PASSED] - Object: 'Object Repository/IWP30/Page_SelectPaymentMethod/PayByPersonalCheck' is clicked on

24-10-2024T08:14:56 - [TEST_STEP][PASSED] - click(findTestObject("Object Repository/IWP30/Page_SelectPaymentMethod/MakePaymentButton")): Object: 'Object Repository/IWP30/Page_SelectPaymentMethod/MakePaymentButton' is clicked on

24-10-2024T08:14:59 - [MESSAGE][PASSED] - Object: 'Object Repository/IWP30/Page_SelectPaymentMethod/MakePaymentButton' is clicked on

24-10-2024T08:14:59 - [TEST_STEP][PASSED] - iwpPages.achPersonalPaymentEntryPage.setDataACHPPM(row, dataFile): iwpPages.achPersonalPaymentEntryPage.setDataACHPPM is PASSED

24-10-2024T08:15:00 - [MESSAGE][PASSED] - Object 'Object Repository/IWP30/Page_ACHPersonalPaymentEntry/txt_accountNumber' is present

24-10-2024T08:15:00 - [MESSAGE][PASSED] - Object 'Object Repository/IWP30/Page_ACHPersonalPaymentEntry/txt_UDF2' is present

24-10-2024T08:15:00 - [MESSAGE][PASSED] - Text 'udf data 2' is set on object 'Object Repository/IWP30/Page_ACHPersonalPaymentEntry/txt_UDF2'

24-10-2024T08:15:01 - [MESSAGE][PASSED] - Text 'udf data 3' is set on object 'Object Repository/IWP30/Page_ACHPersonalPaymentEntry/txt_UDF3'

24-10-2024T08:15:02 - [MESSAGE][PASSED] - All options with label 'Orange' are selected in object 'Object Repository/IWP30/Page_ACHPersonalPaymentEntry/dd_UDF7' 

24-10-2024T08:15:02 - [MESSAGE][PASSED] - All options with label 'Soccer' are selected in object 'Object Repository/IWP30/Page_ACHPersonalPaymentEntry/dd_UDF8' 

24-10-2024T08:15:02 - [MESSAGE][PASSED] - Object 'Object Repository/IWP30/Page_ACHPersonalPaymentEntry/txt_Firstname' is present

24-10-2024T08:15:03 - [MESSAGE][PASSED] - Text 'Elizath' is set on object 'Object Repository/IWP30/Page_ACHPersonalPaymentEntry/txt_Firstname'

24-10-2024T08:15:03 - [MESSAGE][PASSED] - Object 'Object Repository/IWP30/Page_ACHPersonalPaymentEntry/txt_Lastname' is present

24-10-2024T08:15:04 - [MESSAGE][PASSED] - Text 'Christine' is set on object 'Object Repository/IWP30/Page_ACHPersonalPaymentEntry/txt_Lastname'

24-10-2024T08:15:04 - [MESSAGE][PASSED] - Object 'Object Repository/IWP30/Page_ACHPersonalPaymentEntry/txt_routingNumber' is present

24-10-2024T08:15:05 - [MESSAGE][PASSED] - Text '256072691' is set on object 'Object Repository/IWP30/Page_ACHPersonalPaymentEntry/txt_routingNumber'

24-10-2024T08:15:05 - [MESSAGE][PASSED] - Object 'Object Repository/IWP30/Page_ACHPersonalPaymentEntry/txt_accountNumber' is present

24-10-2024T08:15:07 - [MESSAGE][PASSED] - Text '12344444' is set on object 'Object Repository/IWP30/Page_ACHPersonalPaymentEntry/txt_accountNumber'

24-10-2024T08:15:07 - [MESSAGE][PASSED] - Object 'Object Repository/IWP30/Page_ACHPersonalPaymentEntry/txt_confirmAccountNumber' is present

24-10-2024T08:15:07 - [MESSAGE][PASSED] - Text '12344444' is set on object 'Object Repository/IWP30/Page_ACHPersonalPaymentEntry/txt_confirmAccountNumber'

24-10-2024T08:15:08 - [MESSAGE][PASSED] - Object 'Object Repository/IWP30/Page_ACHPersonalPaymentEntry/rd_accountType' is present

24-10-2024T08:15:08 - [MESSAGE][PASSED] - Modify property of object successfully

24-10-2024T08:15:08 - [MESSAGE][PASSED] - Object: 'Object Repository/IWP30/Page_ACHPersonalPaymentEntry/rd_accountType' is clicked on

24-10-2024T08:15:09 - [MESSAGE][PASSED] - Text '365 Main Avenue' is set on object 'Object Repository/IWP30/Page_ACHPersonalPaymentEntry/txt_AL1'

24-10-2024T08:15:10 - [MESSAGE][PASSED] - Text '22201' is set on object 'Object Repository/IWP30/Page_ACHPersonalPaymentEntry/txt_ZIP'

24-10-2024T08:15:10 - [MESSAGE][PASSED] - Object 'Object Repository/IWP30/Page_ACHPersonalPaymentEntry/txt_Email' is present

24-10-2024T08:15:11 - [MESSAGE][PASSED] - Text 'iahmed@govolution.com' is set on object 'Object Repository/IWP30/Page_ACHPersonalPaymentEntry/txt_Email'

24-10-2024T08:15:11 - [MESSAGE][PASSED] - Object 'Object Repository/IWP30/Page_ACHPersonalPaymentEntry/cb_TermsAndCond' is present

24-10-2024T08:15:11 - [MESSAGE][PASSED] - Object: 'Object Repository/IWP30/Page_ACHPersonalPaymentEntry/cb_TermsAndCond' is clicked on

24-10-2024T08:15:12 - [MESSAGE][PASSED] - Object 'Object Repository/IWP30/Page_ACHPersonalPaymentEntry/btn_Continue' is present

24-10-2024T08:15:13 - [MESSAGE][PASSED] - Object: 'Object Repository/IWP30/Page_ACHPersonalPaymentEntry/btn_Continue' is clicked on

24-10-2024T08:15:13 - [MESSAGE][PASSED] - iwpPages.achPersonalPaymentEntryPage.setDataACHPPM is PASSED

24-10-2024T08:15:13 - [TEST_STEP][PASSED] - click(findTestObject("Object Repository/IWP30/Page_Confirmation/ConfirmButton")): Object: 'Object Repository/IWP30/Page_Confirmation/ConfirmButton' is clicked on

24-10-2024T08:15:15 - [MESSAGE][PASSED] - Object: 'Object Repository/IWP30/Page_Confirmation/ConfirmButton' is clicked on

24-10-2024T08:15:15 - [TEST_STEP][PASSED] - Thread.sleep(2000): null

24-10-2024T08:15:17 - [TEST_STEP][FAILED] - if (verifyTextPresent("AutoPay", false)): Text 'AutoPay' is not present on page  (Root cause: com.kms.katalon.core.exception.StepFailedException: Text 'AutoPay' is not present on page 
	at com.kms.katalon.core.webui.keyword.internal.WebUIKeywordMain.stepFailed(WebUIKeywordMain.groovy:64)
	at com.kms.katalon.core.webui.keyword.builtin.VerifyTextPresentKeyword$_verifyTextPresent_closure1.doCall(VerifyTextPresentKeyword.groovy:79)
	at com.kms.katalon.core.webui.keyword.builtin.VerifyTextPresentKeyword$_verifyTextPresent_closure1.call(VerifyTextPresentKeyword.groovy)
	at com.kms.katalon.core.webui.keyword.internal.WebUIKeywordMain.runKeyword(WebUIKeywordMain.groovy:20)
	at com.kms.katalon.core.webui.keyword.builtin.VerifyTextPresentKeyword.verifyTextPresent(VerifyTextPresentKeyword.groovy:83)
	at com.kms.katalon.core.webui.keyword.builtin.VerifyTextPresentKeyword.execute(VerifyTextPresentKeyword.groovy:68)
	at com.kms.katalon.core.keyword.internal.KeywordExecutor.executeKeywordForPlatform(KeywordExecutor.groovy:74)
	at com.kms.katalon.core.webui.keyword.WebUiBuiltInKeywords.verifyTextPresent(WebUiBuiltInKeywords.groovy:1762)
	at CCAutoPayPS.run(CCAutoPayPS:91)
	at com.kms.katalon.core.main.ScriptEngine.run(ScriptEngine.java:194)
	at com.kms.katalon.core.main.ScriptEngine.runScriptAsRawText(ScriptEngine.java:119)
	at com.kms.katalon.core.main.TestCaseExecutor.runScript(TestCaseExecutor.java:448)
	at com.kms.katalon.core.main.TestCaseExecutor.doExecute(TestCaseExecutor.java:439)
	at com.kms.katalon.core.main.TestCaseExecutor.processExecutionPhase(TestCaseExecutor.java:418)
	at com.kms.katalon.core.main.TestCaseExecutor.accessMainPhase(TestCaseExecutor.java:410)
	at com.kms.katalon.core.main.TestCaseExecutor.execute(TestCaseExecutor.java:285)
	at com.kms.katalon.core.common.CommonExecutor.accessTestCaseMainPhase(CommonExecutor.java:65)
	at com.kms.katalon.core.main.TestSuiteExecutor.accessTestSuiteMainPhase(TestSuiteExecutor.java:150)
	at com.kms.katalon.core.main.TestSuiteExecutor.execute(TestSuiteExecutor.java:106)
	at com.kms.katalon.core.main.TestCaseMain.startTestSuite(TestCaseMain.java:180)
	at TempTestSuite1729731001385.run(TempTestSuite1729731001385.groovy:35)
	at java.base/jdk.internal.reflect.NativeMethodAccessorImpl.invoke0(Native Method)
	at java.base/jdk.internal.reflect.NativeMethodAccessorImpl.invoke(NativeMethodAccessorImpl.java:77)
	at java.base/jdk.internal.reflect.DelegatingMethodAccessorImpl.invoke(DelegatingMethodAccessorImpl.java:43)
)

24-10-2024T08:15:18 - [MESSAGE][FAILED] - Text 'AutoPay' is not present on page  (Root cause: com.kms.katalon.core.exception.StepFailedException: Text 'AutoPay' is not present on page 
	at com.kms.katalon.core.webui.keyword.internal.WebUIKeywordMain.stepFailed(WebUIKeywordMain.groovy:64)
	at com.kms.katalon.core.webui.keyword.builtin.VerifyTextPresentKeyword$_verifyTextPresent_closure1.doCall(VerifyTextPresentKeyword.groovy:79)
	at com.kms.katalon.core.webui.keyword.builtin.VerifyTextPresentKeyword$_verifyTextPresent_closure1.call(VerifyTextPresentKeyword.groovy)
	at com.kms.katalon.core.webui.keyword.internal.WebUIKeywordMain.runKeyword(WebUIKeywordMain.groovy:20)
	at com.kms.katalon.core.webui.keyword.builtin.VerifyTextPresentKeyword.verifyTextPresent(VerifyTextPresentKeyword.groovy:83)
	at com.kms.katalon.core.webui.keyword.builtin.VerifyTextPresentKeyword.execute(VerifyTextPresentKeyword.groovy:68)
	at com.kms.katalon.core.keyword.internal.KeywordExecutor.executeKeywordForPlatform(KeywordExecutor.groovy:74)
	at com.kms.katalon.core.webui.keyword.WebUiBuiltInKeywords.verifyTextPresent(WebUiBuiltInKeywords.groovy:1762)
	at CCAutoPayPS.run(CCAutoPayPS:91)
	at com.kms.katalon.core.main.ScriptEngine.run(ScriptEngine.java:194)
	at com.kms.katalon.core.main.ScriptEngine.runScriptAsRawText(ScriptEngine.java:119)
	at com.kms.katalon.core.main.TestCaseExecutor.runScript(TestCaseExecutor.java:448)
	at com.kms.katalon.core.main.TestCaseExecutor.doExecute(TestCaseExecutor.java:439)
	at com.kms.katalon.core.main.TestCaseExecutor.processExecutionPhase(TestCaseExecutor.java:418)
	at com.kms.katalon.core.main.TestCaseExecutor.accessMainPhase(TestCaseExecutor.java:410)
	at com.kms.katalon.core.main.TestCaseExecutor.execute(TestCaseExecutor.java:285)
	at com.kms.katalon.core.common.CommonExecutor.accessTestCaseMainPhase(CommonExecutor.java:65)
	at com.kms.katalon.core.main.TestSuiteExecutor.accessTestSuiteMainPhase(TestSuiteExecutor.java:150)
	at com.kms.katalon.core.main.TestSuiteExecutor.execute(TestSuiteExecutor.java:106)
	at com.kms.katalon.core.main.TestCaseMain.startTestSuite(TestCaseMain.java:180)
	at TempTestSuite1729731001385.run(TempTestSuite1729731001385.groovy:35)
	at java.base/jdk.internal.reflect.NativeMethodAccessorImpl.invoke0(Native Method)
	at java.base/jdk.internal.reflect.NativeMethodAccessorImpl.invoke(NativeMethodAccessorImpl.java:77)
	at java.base/jdk.internal.reflect.DelegatingMethodAccessorImpl.invoke(DelegatingMethodAccessorImpl.java:43)
)

24-10-2024T08:15:18 - [TEST_STEP][FAILED] - else: null

24-10-2024T08:15:18 - [TEST_STEP][FAILED] - markFailed("Autopay is not present on page"): Autopay is not present on page

24-10-2024T08:15:18 - [MESSAGE][FAILED] - Autopay is not present on page

24-10-2024T08:15:18 - [TEST_STEP][PASSED] - resText = "Fail": null

24-10-2024T08:15:18 - [TEST_STEP][PASSED] - pages.WriteExcel.demoKey(resText, datText, resColumn, datCloumn, fileLoc, nameSheet, row): pages.WriteExcel.demoKey is PASSED

24-10-2024T08:15:18 - [MESSAGE][PASSED] - pages.WriteExcel.demoKey is PASSED

24-10-2024T08:15:18 - [TEST_STEP][PASSED] - closeBrowser(): Browser is closed

24-10-2024T08:15:18 - [MESSAGE][PASSED] - Browser is closed

24-10-2024T08:15:18 - [TEST_STEP][PASSED] - ExecuteTC = dataFile.getValue("Execute", row): null

24-10-2024T08:15:18 - [TEST_STEP][PASSED] - out.println("Value of Execute is : " + ExecuteTC): null

24-10-2024T08:15:18 - [TEST_STEP][PASSED] - if (ExecuteTC.equalsIgnoreCase("Y")): null

24-10-2024T08:15:18 - [TEST_STEP][PASSED] - out.println("Begin Record Number: " + row): null

24-10-2024T08:15:18 - [TEST_STEP][PASSED] - today = new java.util.Date(): null

24-10-2024T08:15:18 - [TEST_STEP][PASSED] - println(today): null

24-10-2024T08:15:18 - [TEST_STEP][PASSED] - datText = today: null

24-10-2024T08:15:18 - [TEST_STEP][PASSED] - EmulatorDataKey = dataFile.getValue("EmulatorData", row): null

24-10-2024T08:15:18 - [TEST_STEP][PASSED] - out.println("Value of Emulator Key is : " + EmulatorDataKey): null

24-10-2024T08:15:18 - [TEST_STEP][PASSED] - iwpPages.emulatorIWP30.setDataEmulator_DD(EmulatorDataKey): iwpPages.emulatorIWP30.setDataEmulator_DD is PASSED

24-10-2024T08:15:19 - [MESSAGE][INFO] - Starting 'Edge Chromium' driver

24-10-2024T08:15:19 - [MESSAGE][INFO] - User set preference: ['acceptInsecureCerts', 'true']

24-10-2024T08:15:22 - [MESSAGE][INFO] - Action delay is set to 0 milliseconds

24-10-2024T08:15:25 - [MESSAGE][PASSED] - Browser is opened with url: 'https://qa2.velocitypayment.com/agencyx/config.action?action=editor&message_version=3_0'

24-10-2024T08:15:25 - [MESSAGE][PASSED] - Current window maximized

24-10-2024T08:15:56 - [MESSAGE][INFO] - Unable to find the element located by 'By.xpath: //select[@name='message_version']'. Please recheck the objects properties to make sure the desired element is located. 

24-10-2024T08:15:56 - [MESSAGE][WARNING] - [SELF-HEALING] Failed to find element with id 'Object Repository/IWP30/Page_VRelay30Emulator/MV'. Try using Self-healing.

24-10-2024T08:15:56 - [MESSAGE][WARNING] - [SELF-HEALING] The current locator of test object 'Object Repository/IWP30/Page_VRelay30Emulator/MV' was broken. Propose an alternative one: '(.//*[normalize-space(text()) and normalize-space(.)='Message Version'])[1]/following::select[1]'.

24-10-2024T08:15:57 - [MESSAGE][PASSED] - All options with value '3.0' are selected in object 'Object Repository/IWP30/Page_VRelay30Emulator/MV'  using regular expression

24-10-2024T08:15:58 - [MESSAGE][PASSED] - Text '10.50' is set on object 'Object Repository/IWP30/Page_EmulatorAgencyX/Amount'

24-10-2024T08:15:58 - [MESSAGE][PASSED] - Text 'Ogyyf4ZVoRiD' is set on object 'Object Repository/IWP30/Page_EmulatorAgencyX/CAN'

24-10-2024T08:15:59 - [MESSAGE][PASSED] - Text 'AutoPay' is set on object 'Object Repository/IWP30/Page_EmulatorAgencyX/Action'

24-10-2024T08:16:00 - [MESSAGE][PASSED] - Text 'en_US' is set on object 'Object Repository/IWP30/Page_EmulatorAgencyX/Lang'

24-10-2024T08:16:00 - [MESSAGE][PASSED] - Text '' is set on object 'Object Repository/IWP30/Page_EmulatorAgencyX/Fname'

24-10-2024T08:16:01 - [MESSAGE][PASSED] - Text '' is set on object 'Object Repository/IWP30/Page_EmulatorAgencyX/Lname'

24-10-2024T08:16:01 - [MESSAGE][PASSED] - Text '' is set on object 'Object Repository/IWP30/Page_EmulatorAgencyX/AL1'

24-10-2024T08:16:02 - [MESSAGE][PASSED] - Text '' is set on object 'Object Repository/IWP30/Page_EmulatorAgencyX/AL2'

24-10-2024T08:16:03 - [MESSAGE][PASSED] - Text '' is set on object 'Object Repository/IWP30/Page_EmulatorAgencyX/Country'

24-10-2024T08:16:03 - [MESSAGE][PASSED] - Text '' is set on object 'Object Repository/IWP30/Page_EmulatorAgencyX/City'

24-10-2024T08:16:04 - [MESSAGE][PASSED] - Text '' is set on object 'Object Repository/IWP30/Page_EmulatorAgencyX/State'

24-10-2024T08:16:04 - [MESSAGE][PASSED] - Text '' is set on object 'Object Repository/IWP30/Page_EmulatorAgencyX/ZIP'

24-10-2024T08:16:05 - [MESSAGE][PASSED] - Text '' is set on object 'Object Repository/IWP30/Page_EmulatorAgencyX/Order'

24-10-2024T08:16:05 - [MESSAGE][PASSED] - Text '' is set on object 'Object Repository/IWP30/Page_EmulatorAgencyX/Company'

24-10-2024T08:16:06 - [MESSAGE][PASSED] - Text '' is set on object 'Object Repository/IWP30/Page_EmulatorAgencyX/Email'

24-10-2024T08:16:07 - [MESSAGE][PASSED] - Text '' is set on object 'Object Repository/IWP30/Page_EmulatorAgencyX/UDF1'

24-10-2024T08:16:07 - [MESSAGE][PASSED] - Text '' is set on object 'Object Repository/IWP30/Page_EmulatorAgencyX/UDF2'

24-10-2024T08:16:08 - [MESSAGE][PASSED] - Text '' is set on object 'Object Repository/IWP30/Page_EmulatorAgencyX/UDF3'

24-10-2024T08:16:08 - [MESSAGE][PASSED] - Text 'udf data 4' is set on object 'Object Repository/IWP30/Page_EmulatorAgencyX/UDF4'

24-10-2024T08:16:09 - [MESSAGE][PASSED] - Text 'udf data 5' is set on object 'Object Repository/IWP30/Page_EmulatorAgencyX/UDF5'

24-10-2024T08:16:10 - [MESSAGE][PASSED] - Text '' is set on object 'Object Repository/IWP30/Page_EmulatorAgencyX/UDF6'

24-10-2024T08:16:10 - [MESSAGE][PASSED] - Text '' is set on object 'Object Repository/IWP30/Page_EmulatorAgencyX/UDF7'

24-10-2024T08:16:11 - [MESSAGE][PASSED] - Text '' is set on object 'Object Repository/IWP30/Page_EmulatorAgencyX/UDF8'

24-10-2024T08:16:11 - [MESSAGE][PASSED] - Text 'udf data 9' is set on object 'Object Repository/IWP30/Page_EmulatorAgencyX/UDF9'

24-10-2024T08:16:12 - [MESSAGE][PASSED] - Text 'udf data 10' is set on object 'Object Repository/IWP30/Page_EmulatorAgencyX/UDF10'

24-10-2024T08:16:13 - [MESSAGE][PASSED] - Object: 'Object Repository/IWP30/Page_EmulatorAgencyX/Submit' is clicked on

24-10-2024T08:16:18 - [MESSAGE][PASSED] - Browser is closed

24-10-2024T08:16:22 - [MESSAGE][PASSED] - iwpPages.emulatorIWP30.setDataEmulator_DD is PASSED

24-10-2024T08:16:22 - [TEST_STEP][PASSED] - testHarnessURL = urlTestHarness: null

24-10-2024T08:16:22 - [TEST_STEP][PASSED] - openBrowser(testHarnessURL): Browser is opened with url: 'https://dev-algorithm.govolution.com/vrelaytest/QA2/version_2_2/vrelaytest.html'

24-10-2024T08:16:22 - [MESSAGE][INFO] - Starting 'Edge Chromium' driver

24-10-2024T08:16:22 - [MESSAGE][INFO] - User set preference: ['acceptInsecureCerts', 'true']

24-10-2024T08:16:24 - [MESSAGE][INFO] - Action delay is set to 0 milliseconds

24-10-2024T08:16:27 - [MESSAGE][PASSED] - Browser is opened with url: 'https://dev-algorithm.govolution.com/vrelaytest/QA2/version_2_2/vrelaytest.html'

24-10-2024T08:16:27 - [TEST_STEP][PASSED] - maximizeWindow(): Current window maximized

24-10-2024T08:16:28 - [MESSAGE][PASSED] - Current window maximized

24-10-2024T08:16:28 - [TEST_STEP][PASSED] - iwpPages.TestHarnessPage.setDataMethodEF(row, dataFile): iwpPages.TestHarnessPage.setDataMethodEF is PASSED

24-10-2024T08:16:28 - [MESSAGE][PASSED] - Object 'Object Repository/IWP30/Page_QATestHarness/RemittanceID' is present

24-10-2024T08:16:28 - [MESSAGE][PASSED] - Text '649' is set on object 'Object Repository/IWP30/Page_QATestHarness/ApplicationID'

24-10-2024T08:16:29 - [MESSAGE][PASSED] - Text '3.0' is set on object 'Object Repository/IWP30/Page_QATestHarness/MessageVersion'

24-10-2024T08:16:30 - [MESSAGE][PASSED] - Text '2WUAxcb8Ngz1' is set on object 'Object Repository/IWP30/Page_QATestHarness/RemittanceID'

24-10-2024T08:16:33 - [MESSAGE][PASSED] - Object: 'Object Repository/IWP30/Page_QATestHarness/SubmitButton' is clicked on

24-10-2024T08:16:33 - [MESSAGE][PASSED] - iwpPages.TestHarnessPage.setDataMethodEF is PASSED

24-10-2024T08:16:33 - [TEST_STEP][PASSED] - click(findTestObject("Object Repository/IWP30/Page_SelectPaymentMethod/PayByPersonalCheck")): Object: 'Object Repository/IWP30/Page_SelectPaymentMethod/PayByPersonalCheck' is clicked on

24-10-2024T08:16:34 - [MESSAGE][PASSED] - Object: 'Object Repository/IWP30/Page_SelectPaymentMethod/PayByPersonalCheck' is clicked on

24-10-2024T08:16:34 - [TEST_STEP][PASSED] - click(findTestObject("Object Repository/IWP30/Page_SelectPaymentMethod/MakePaymentButton")): Object: 'Object Repository/IWP30/Page_SelectPaymentMethod/MakePaymentButton' is clicked on

24-10-2024T08:16:36 - [MESSAGE][PASSED] - Object: 'Object Repository/IWP30/Page_SelectPaymentMethod/MakePaymentButton' is clicked on

24-10-2024T08:16:36 - [TEST_STEP][PASSED] - iwpPages.achPersonalPaymentEntryPage.setDataACHPPM(row, dataFile): iwpPages.achPersonalPaymentEntryPage.setDataACHPPM is PASSED

24-10-2024T08:16:37 - [MESSAGE][PASSED] - Object 'Object Repository/IWP30/Page_ACHPersonalPaymentEntry/txt_accountNumber' is present

24-10-2024T08:16:37 - [MESSAGE][PASSED] - Object 'Object Repository/IWP30/Page_ACHPersonalPaymentEntry/txt_UDF2' is present

24-10-2024T08:16:38 - [MESSAGE][PASSED] - Text 'udf data 2' is set on object 'Object Repository/IWP30/Page_ACHPersonalPaymentEntry/txt_UDF2'

24-10-2024T08:16:38 - [MESSAGE][PASSED] - Text 'udf data 3' is set on object 'Object Repository/IWP30/Page_ACHPersonalPaymentEntry/txt_UDF3'

24-10-2024T08:16:39 - [MESSAGE][PASSED] - All options with label 'Orange' are selected in object 'Object Repository/IWP30/Page_ACHPersonalPaymentEntry/dd_UDF7' 

24-10-2024T08:16:40 - [MESSAGE][PASSED] - All options with label 'Soccer' are selected in object 'Object Repository/IWP30/Page_ACHPersonalPaymentEntry/dd_UDF8' 

24-10-2024T08:16:40 - [MESSAGE][PASSED] - Object 'Object Repository/IWP30/Page_ACHPersonalPaymentEntry/txt_Firstname' is present

24-10-2024T08:16:40 - [MESSAGE][PASSED] - Text 'Elizath' is set on object 'Object Repository/IWP30/Page_ACHPersonalPaymentEntry/txt_Firstname'

24-10-2024T08:16:41 - [MESSAGE][PASSED] - Object 'Object Repository/IWP30/Page_ACHPersonalPaymentEntry/txt_Lastname' is present

24-10-2024T08:16:41 - [MESSAGE][PASSED] - Text 'Christine' is set on object 'Object Repository/IWP30/Page_ACHPersonalPaymentEntry/txt_Lastname'

24-10-2024T08:16:41 - [MESSAGE][PASSED] - Object 'Object Repository/IWP30/Page_ACHPersonalPaymentEntry/txt_routingNumber' is present

24-10-2024T08:16:42 - [MESSAGE][PASSED] - Text '256072691' is set on object 'Object Repository/IWP30/Page_ACHPersonalPaymentEntry/txt_routingNumber'

24-10-2024T08:16:42 - [MESSAGE][PASSED] - Object 'Object Repository/IWP30/Page_ACHPersonalPaymentEntry/txt_accountNumber' is present

24-10-2024T08:16:44 - [MESSAGE][PASSED] - Text '12344444' is set on object 'Object Repository/IWP30/Page_ACHPersonalPaymentEntry/txt_accountNumber'

24-10-2024T08:16:44 - [MESSAGE][PASSED] - Object 'Object Repository/IWP30/Page_ACHPersonalPaymentEntry/txt_confirmAccountNumber' is present

24-10-2024T08:16:45 - [MESSAGE][PASSED] - Text '12344444' is set on object 'Object Repository/IWP30/Page_ACHPersonalPaymentEntry/txt_confirmAccountNumber'

24-10-2024T08:16:45 - [MESSAGE][PASSED] - Object 'Object Repository/IWP30/Page_ACHPersonalPaymentEntry/rd_accountType' is present

24-10-2024T08:16:45 - [MESSAGE][PASSED] - Modify property of object successfully

24-10-2024T08:16:45 - [MESSAGE][PASSED] - Object: 'Object Repository/IWP30/Page_ACHPersonalPaymentEntry/rd_accountType' is clicked on

24-10-2024T08:16:46 - [MESSAGE][PASSED] - Text '365 Main Avenue' is set on object 'Object Repository/IWP30/Page_ACHPersonalPaymentEntry/txt_AL1'

24-10-2024T08:16:46 - [MESSAGE][PASSED] - Text '22201' is set on object 'Object Repository/IWP30/Page_ACHPersonalPaymentEntry/txt_ZIP'

24-10-2024T08:16:47 - [MESSAGE][PASSED] - Object 'Object Repository/IWP30/Page_ACHPersonalPaymentEntry/txt_Email' is present

24-10-2024T08:16:48 - [MESSAGE][PASSED] - Text 'iahmed@govolution.com' is set on object 'Object Repository/IWP30/Page_ACHPersonalPaymentEntry/txt_Email'

24-10-2024T08:16:48 - [MESSAGE][PASSED] - Object 'Object Repository/IWP30/Page_ACHPersonalPaymentEntry/cb_TermsAndCond' is present

24-10-2024T08:16:48 - [MESSAGE][PASSED] - Object: 'Object Repository/IWP30/Page_ACHPersonalPaymentEntry/cb_TermsAndCond' is clicked on

24-10-2024T08:16:48 - [MESSAGE][PASSED] - Object 'Object Repository/IWP30/Page_ACHPersonalPaymentEntry/btn_Continue' is present

24-10-2024T08:16:50 - [MESSAGE][PASSED] - Object: 'Object Repository/IWP30/Page_ACHPersonalPaymentEntry/btn_Continue' is clicked on

24-10-2024T08:16:50 - [MESSAGE][PASSED] - iwpPages.achPersonalPaymentEntryPage.setDataACHPPM is PASSED

24-10-2024T08:16:50 - [TEST_STEP][PASSED] - click(findTestObject("Object Repository/IWP30/Page_Confirmation/ConfirmButton")): Object: 'Object Repository/IWP30/Page_Confirmation/ConfirmButton' is clicked on

24-10-2024T08:17:21 - [MESSAGE][INFO] - Unable to find the element located by 'By.xpath: //*[@type = 'submit' and @name = 'confirmNotifyAction' and @id = 'submitYes' and @value = 'Confirm']'. Please recheck the objects properties to make sure the desired element is located. 

24-10-2024T08:17:21 - [MESSAGE][WARNING] - [SELF-HEALING] Failed to find element with id 'Object Repository/IWP30/Page_Confirmation/ConfirmButton'. Try using Self-healing.

24-10-2024T08:17:21 - [MESSAGE][WARNING] - [SELF-HEALING] The current locator of test object 'Object Repository/IWP30/Page_Confirmation/ConfirmButton' was broken. Propose an alternative one: '//div/input'.

24-10-2024T08:17:23 - [MESSAGE][PASSED] - Object: 'Object Repository/IWP30/Page_Confirmation/ConfirmButton' is clicked on

24-10-2024T08:17:23 - [TEST_STEP][PASSED] - Thread.sleep(2000): null

24-10-2024T08:17:25 - [TEST_STEP][PASSED] - if (verifyTextPresent("AutoPay", false)): null

24-10-2024T08:17:25 - [MESSAGE][PASSED] - Text 'AutoPay' is present on page 

24-10-2024T08:17:25 - [TEST_STEP][PASSED] - println("Autopay is present on page. Autopay is created"): null

24-10-2024T08:17:25 - [TEST_STEP][PASSED] - openBrowser(testHarnessURL): Browser is opened with url: 'https://dev-algorithm.govolution.com/vrelaytest/QA2/version_2_2/vrelaytest.html'

24-10-2024T08:17:25 - [MESSAGE][WARNING] - A browser is already opened. Closing browser and opening a new one

24-10-2024T08:17:26 - [MESSAGE][INFO] - Starting 'Edge Chromium' driver

24-10-2024T08:17:26 - [MESSAGE][INFO] - User set preference: ['acceptInsecureCerts', 'true']

24-10-2024T08:17:28 - [MESSAGE][INFO] - Action delay is set to 0 milliseconds

24-10-2024T08:17:31 - [MESSAGE][PASSED] - Browser is opened with url: 'https://dev-algorithm.govolution.com/vrelaytest/QA2/version_2_2/vrelaytest.html'

24-10-2024T08:17:31 - [TEST_STEP][PASSED] - maximizeWindow(): Current window maximized

24-10-2024T08:17:31 - [MESSAGE][PASSED] - Current window maximized

24-10-2024T08:17:31 - [TEST_STEP][PASSED] - iwpPages.TestHarnessPage.setDataMethodEF(row, dataFile): iwpPages.TestHarnessPage.setDataMethodEF is PASSED

24-10-2024T08:17:32 - [MESSAGE][PASSED] - Object 'Object Repository/IWP30/Page_QATestHarness/RemittanceID' is present

24-10-2024T08:17:32 - [MESSAGE][PASSED] - Text '649' is set on object 'Object Repository/IWP30/Page_QATestHarness/ApplicationID'

24-10-2024T08:17:33 - [MESSAGE][PASSED] - Text '3.0' is set on object 'Object Repository/IWP30/Page_QATestHarness/MessageVersion'

24-10-2024T08:17:33 - [MESSAGE][PASSED] - Text 'N1FXh8sFrR1Q' is set on object 'Object Repository/IWP30/Page_QATestHarness/RemittanceID'

24-10-2024T08:17:38 - [MESSAGE][PASSED] - Object: 'Object Repository/IWP30/Page_QATestHarness/SubmitButton' is clicked on

24-10-2024T08:17:38 - [MESSAGE][PASSED] - iwpPages.TestHarnessPage.setDataMethodEF is PASSED

24-10-2024T08:17:38 - [TEST_STEP][PASSED] - click(findTestObject("Object Repository/IWP30/Page_ManagePlan_Autopay/btn_cancel")): Object: 'Object Repository/IWP30/Page_ManagePlan_Autopay/btn_cancel' is clicked on

24-10-2024T08:17:38 - [MESSAGE][PASSED] - Object: 'Object Repository/IWP30/Page_ManagePlan_Autopay/btn_cancel' is clicked on

24-10-2024T08:17:38 - [TEST_STEP][PASSED] - click(findTestObject("Object Repository/IWP30/Page_CancelPlan/btn_cancel")): Object: 'Object Repository/IWP30/Page_CancelPlan/btn_cancel' is clicked on

24-10-2024T08:17:40 - [MESSAGE][PASSED] - Object: 'Object Repository/IWP30/Page_CancelPlan/btn_cancel' is clicked on

24-10-2024T08:17:40 - [TEST_STEP][PASSED] - if (verifyTextPresent("Your payment plan has been cancelled successfully", false)): null

24-10-2024T08:17:41 - [MESSAGE][PASSED] - Text 'Your payment plan has been cancelled successfully' is present on page 

24-10-2024T08:17:41 - [TEST_STEP][PASSED] - markPassed("Your payment plan has been successfully created and canceled"): Your payment plan has been successfully created and canceled

24-10-2024T08:17:41 - [MESSAGE][PASSED] - Your payment plan has been successfully created and canceled

24-10-2024T08:17:41 - [TEST_STEP][PASSED] - resText = "Pass": null

24-10-2024T08:17:41 - [TEST_STEP][PASSED] - println(row): null

24-10-2024T08:17:41 - [TEST_STEP][PASSED] - pages.WriteExcel.demoKey(resText, datText, resColumn, datCloumn, fileLoc, nameSheet, row): pages.WriteExcel.demoKey is PASSED

24-10-2024T08:17:41 - [MESSAGE][PASSED] - pages.WriteExcel.demoKey is PASSED

24-10-2024T08:17:41 - [TEST_STEP][PASSED] - closeBrowser(): Browser is closed

24-10-2024T08:17:41 - [MESSAGE][PASSED] - Browser is closed]]></system-out>
         <system-err><![CDATA[24-10-2024T08:13:40 - [TEST_CASE][FAILED] - Test Cases/IntegratedWeb/IWP25/Payments/CCAutoPayPS: Test Cases/IntegratedWeb/IWP25/Payments/CCAutoPayPS FAILED.
Reason:
com.kms.katalon.core.exception.StepFailedException: Text 'AutoPay' is not present on page  (Root cause: com.kms.katalon.core.exception.StepFailedException: Text 'AutoPay' is not present on page 
	at com.kms.katalon.core.webui.keyword.internal.WebUIKeywordMain.stepFailed(WebUIKeywordMain.groovy:64)
	at com.kms.katalon.core.webui.keyword.builtin.VerifyTextPresentKeyword$_verifyTextPresent_closure1.doCall(VerifyTextPresentKeyword.groovy:79)
	at com.kms.katalon.core.webui.keyword.builtin.VerifyTextPresentKeyword$_verifyTextPresent_closure1.call(VerifyTextPresentKeyword.groovy)
	at com.kms.katalon.core.webui.keyword.internal.WebUIKeywordMain.runKeyword(WebUIKeywordMain.groovy:20)
	at com.kms.katalon.core.webui.keyword.builtin.VerifyTextPresentKeyword.verifyTextPresent(VerifyTextPresentKeyword.groovy:83)
	at com.kms.katalon.core.webui.keyword.builtin.VerifyTextPresentKeyword.execute(VerifyTextPresentKeyword.groovy:68)
	at com.kms.katalon.core.keyword.internal.KeywordExecutor.executeKeywordForPlatform(KeywordExecutor.groovy:74)
	at com.kms.katalon.core.webui.keyword.WebUiBuiltInKeywords.verifyTextPresent(WebUiBuiltInKeywords.groovy:1762)
	at CCAutoPayPS.run(CCAutoPayPS:91)
	at com.kms.katalon.core.main.ScriptEngine.run(ScriptEngine.java:194)
	at com.kms.katalon.core.main.ScriptEngine.runScriptAsRawText(ScriptEngine.java:119)
	at com.kms.katalon.core.main.TestCaseExecutor.runScript(TestCaseExecutor.java:448)
	at com.kms.katalon.core.main.TestCaseExecutor.doExecute(TestCaseExecutor.java:439)
	at com.kms.katalon.core.main.TestCaseExecutor.processExecutionPhase(TestCaseExecutor.java:418)
	at com.kms.katalon.core.main.TestCaseExecutor.accessMainPhase(TestCaseExecutor.java:410)
	at com.kms.katalon.core.main.TestCaseExecutor.execute(TestCaseExecutor.java:285)
	at com.kms.katalon.core.common.CommonExecutor.accessTestCaseMainPhase(CommonExecutor.java:65)
	at com.kms.katalon.core.main.TestSuiteExecutor.accessTestSuiteMainPhase(TestSuiteExecutor.java:150)
	at com.kms.katalon.core.main.TestSuiteExecutor.execute(TestSuiteExecutor.java:106)
	at com.kms.katalon.core.main.TestCaseMain.startTestSuite(TestCaseMain.java:180)
	at TempTestSuite1729731001385.run(TempTestSuite1729731001385.groovy:35)
	at java.base/jdk.internal.reflect.NativeMethodAccessorImpl.invoke0(Native Method)
	at java.base/jdk.internal.reflect.NativeMethodAccessorImpl.invoke(NativeMethodAccessorImpl.java:77)
	at java.base/jdk.internal.reflect.DelegatingMethodAccessorImpl.invoke(DelegatingMethodAccessorImpl.java:43)
)
	at com.kms.katalon.core.keyword.internal.KeywordMain.stepFailed(KeywordMain.groovy:39)
	at com.kms.katalon.core.webui.keyword.internal.WebUIKeywordMain.stepFailed(WebUIKeywordMain.groovy:64)
	at com.kms.katalon.core.webui.keyword.builtin.VerifyTextPresentKeyword$_verifyTextPresent_closure1.doCall(VerifyTextPresentKeyword.groovy:79)
	at com.kms.katalon.core.webui.keyword.builtin.VerifyTextPresentKeyword$_verifyTextPresent_closure1.call(VerifyTextPresentKeyword.groovy)
	at com.kms.katalon.core.webui.keyword.internal.WebUIKeywordMain.runKeyword(WebUIKeywordMain.groovy:20)
	at com.kms.katalon.core.webui.keyword.builtin.VerifyTextPresentKeyword.verifyTextPresent(VerifyTextPresentKeyword.groovy:83)
	at com.kms.katalon.core.webui.keyword.builtin.VerifyTextPresentKeyword.execute(VerifyTextPresentKeyword.groovy:68)
	at com.kms.katalon.core.keyword.internal.KeywordExecutor.executeKeywordForPlatform(KeywordExecutor.groovy:74)
	at com.kms.katalon.core.webui.keyword.WebUiBuiltInKeywords.verifyTextPresent(WebUiBuiltInKeywords.groovy:1762)
	at CCAutoPayPS.run(CCAutoPayPS:91)
	at com.kms.katalon.core.main.ScriptEngine.run(ScriptEngine.java:194)
	at com.kms.katalon.core.main.ScriptEngine.runScriptAsRawText(ScriptEngine.java:119)
	at com.kms.katalon.core.main.TestCaseExecutor.runScript(TestCaseExecutor.java:448)
	at com.kms.katalon.core.main.TestCaseExecutor.doExecute(TestCaseExecutor.java:439)
	at com.kms.katalon.core.main.TestCaseExecutor.processExecutionPhase(TestCaseExecutor.java:418)
	at com.kms.katalon.core.main.TestCaseExecutor.accessMainPhase(TestCaseExecutor.java:410)
	at com.kms.katalon.core.main.TestCaseExecutor.execute(TestCaseExecutor.java:285)
	at com.kms.katalon.core.common.CommonExecutor.accessTestCaseMainPhase(CommonExecutor.java:65)
	at com.kms.katalon.core.main.TestSuiteExecutor.accessTestSuiteMainPhase(TestSuiteExecutor.java:150)
	at com.kms.katalon.core.main.TestSuiteExecutor.execute(TestSuiteExecutor.java:106)
	at com.kms.katalon.core.main.TestCaseMain.startTestSuite(TestCaseMain.java:180)
	at TempTestSuite1729731001385.run(TempTestSuite1729731001385.groovy:35)
	at java.base/jdk.internal.reflect.NativeMethodAccessorImpl.invoke0(Native Method)
	at java.base/jdk.internal.reflect.NativeMethodAccessorImpl.invoke(NativeMethodAccessorImpl.java:77)
	at java.base/jdk.internal.reflect.DelegatingMethodAccessorImpl.invoke(DelegatingMethodAccessorImpl.java:43)
Caused by: com.kms.katalon.core.exception.StepFailedException: Text 'AutoPay' is not present on page 
	... 24 more]]></system-err>
      </testcase>
      <testcase name="Test Cases/IntegratedWeb/IWP25/Payments/CCDeferredCorp" time="246.418" classname="Test Cases/IntegratedWeb/IWP25/Payments/CCDeferredCorp" status="PASSED">
         <system-out><![CDATA[24-10-2024T08:17:41 - [TEST_CASE][PASSED] - Test Cases/IntegratedWeb/IWP25/Payments/CCDeferredCorp: Test Cases/IntegratedWeb/IWP25/Payments/CCDeferredCorp

24-10-2024T08:17:42 - [TEST_STEP][PASSED] - resText = "Fail": null

24-10-2024T08:17:42 - [TEST_STEP][PASSED] - resColumn = "Result": null

24-10-2024T08:17:42 - [TEST_STEP][PASSED] - datCloumn = "Date": null

24-10-2024T08:17:42 - [TEST_STEP][PASSED] - fileLoc = "KatalonData/IWPTestData/VRelay25PaymentsExtension.xlsx": null

24-10-2024T08:17:42 - [TEST_STEP][PASSED] - numOfRows = <not implemented yet for class: org.codehaus.groovy.ast.expr.EmptyExpression>: null

24-10-2024T08:17:42 - [TEST_STEP][PASSED] - dataFile = <not implemented yet for class: org.codehaus.groovy.ast.expr.EmptyExpression>: null

24-10-2024T08:17:42 - [TEST_STEP][PASSED] - nameSheet = <not implemented yet for class: org.codehaus.groovy.ast.expr.EmptyExpression>: null

24-10-2024T08:17:42 - [TEST_STEP][PASSED] - dataFileEmulator = <not implemented yet for class: org.codehaus.groovy.ast.expr.EmptyExpression>: null

24-10-2024T08:17:42 - [TEST_STEP][PASSED] - isRequiredTextPresent = false: null

24-10-2024T08:17:42 - [TEST_STEP][PASSED] - nameSheet = "CCDeferredPlanCorp": null

24-10-2024T08:17:42 - [TEST_STEP][PASSED] - dataFile = "IWPTestData/IWP25CCDeferredCorp": null

24-10-2024T08:17:42 - [TEST_STEP][PASSED] - dataFileEmulator = "IWPTestData/EmulatorData": null

24-10-2024T08:17:42 - [TEST_STEP][PASSED] - numOfRows = findTestData(dataFile).getRowNumbers(): null

24-10-2024T08:17:42 - [TEST_STEP][PASSED] - println("Number of Records: " + numOfRows): null

24-10-2024T08:17:42 - [TEST_STEP][PASSED] - for ([row = 1, row <= numOfRows, (row++)]): Browser is closed

24-10-2024T08:17:42 - [TEST_STEP][PASSED] - ExecuteTC = findTestData(dataFile).getValue("Execute", row): null

24-10-2024T08:17:42 - [TEST_STEP][PASSED] - out.println("Value of Execute is : " + ExecuteTC): null

24-10-2024T08:17:42 - [TEST_STEP][PASSED] - if (ExecuteTC.equalsIgnoreCase("Y")): null

24-10-2024T08:17:42 - [TEST_STEP][PASSED] - out.println("Begin Record Number: " + row): null

24-10-2024T08:17:42 - [TEST_STEP][PASSED] - today = new java.util.Date(): null

24-10-2024T08:17:42 - [TEST_STEP][PASSED] - println(today): null

24-10-2024T08:17:42 - [TEST_STEP][PASSED] - datText = today: null

24-10-2024T08:17:42 - [TEST_STEP][PASSED] - EmulatorDataKey = findTestData(dataFile).getValue("EmulatorData", row): null

24-10-2024T08:17:42 - [TEST_STEP][PASSED] - out.println("Value of Emulator Key is : " + EmulatorDataKey): null

24-10-2024T08:17:42 - [TEST_STEP][PASSED] - iwpPages.emulatorIWP30.setDataEmulator_DD(EmulatorDataKey): iwpPages.emulatorIWP30.setDataEmulator_DD is PASSED

24-10-2024T08:17:42 - [MESSAGE][INFO] - Starting 'Edge Chromium' driver

24-10-2024T08:17:42 - [MESSAGE][INFO] - User set preference: ['acceptInsecureCerts', 'true']

24-10-2024T08:17:44 - [MESSAGE][INFO] - Action delay is set to 0 milliseconds

24-10-2024T08:17:48 - [MESSAGE][PASSED] - Browser is opened with url: 'https://qa2.velocitypayment.com/agencyx/config.action?action=editor&message_version=2_5'

24-10-2024T08:17:49 - [MESSAGE][PASSED] - Current window maximized

24-10-2024T08:18:20 - [MESSAGE][INFO] - Unable to find the element located by 'By.xpath: //select[@name='message_version']'. Please recheck the objects properties to make sure the desired element is located. 

24-10-2024T08:18:20 - [MESSAGE][WARNING] - [SELF-HEALING] Failed to find element with id 'Object Repository/IWP30/Page_VRelay30Emulator/MV'. Try using Self-healing.

24-10-2024T08:18:20 - [MESSAGE][WARNING] - [SELF-HEALING] The current locator of test object 'Object Repository/IWP30/Page_VRelay30Emulator/MV' was broken. Propose an alternative one: '(.//*[normalize-space(text()) and normalize-space(.)='Message Version'])[1]/following::select[1]'.

24-10-2024T08:18:21 - [MESSAGE][PASSED] - All options with value '2.5' are selected in object 'Object Repository/IWP30/Page_VRelay30Emulator/MV'  using regular expression

24-10-2024T08:18:21 - [MESSAGE][PASSED] - Text '10.50' is set on object 'Object Repository/IWP30/Page_EmulatorAgencyX/Amount'

24-10-2024T08:18:22 - [MESSAGE][PASSED] - Text 'mr2BdzcfS3bl' is set on object 'Object Repository/IWP30/Page_EmulatorAgencyX/CAN'

24-10-2024T08:18:22 - [MESSAGE][PASSED] - Text 'PayNow' is set on object 'Object Repository/IWP30/Page_EmulatorAgencyX/Action'

24-10-2024T08:18:23 - [MESSAGE][PASSED] - Text 'en_US' is set on object 'Object Repository/IWP30/Page_EmulatorAgencyX/Lang'

24-10-2024T08:18:24 - [MESSAGE][PASSED] - Text '' is set on object 'Object Repository/IWP30/Page_EmulatorAgencyX/Fname'

24-10-2024T08:18:24 - [MESSAGE][PASSED] - Text '' is set on object 'Object Repository/IWP30/Page_EmulatorAgencyX/Lname'

24-10-2024T08:18:25 - [MESSAGE][PASSED] - Text '' is set on object 'Object Repository/IWP30/Page_EmulatorAgencyX/AL1'

24-10-2024T08:18:25 - [MESSAGE][PASSED] - Text '' is set on object 'Object Repository/IWP30/Page_EmulatorAgencyX/AL2'

24-10-2024T08:18:26 - [MESSAGE][PASSED] - Text '' is set on object 'Object Repository/IWP30/Page_EmulatorAgencyX/Country'

24-10-2024T08:18:26 - [MESSAGE][PASSED] - Text '' is set on object 'Object Repository/IWP30/Page_EmulatorAgencyX/City'

24-10-2024T08:18:27 - [MESSAGE][PASSED] - Text '' is set on object 'Object Repository/IWP30/Page_EmulatorAgencyX/State'

24-10-2024T08:18:28 - [MESSAGE][PASSED] - Text '' is set on object 'Object Repository/IWP30/Page_EmulatorAgencyX/ZIP'

24-10-2024T08:18:28 - [MESSAGE][PASSED] - Text '' is set on object 'Object Repository/IWP30/Page_EmulatorAgencyX/Order'

24-10-2024T08:18:29 - [MESSAGE][PASSED] - Text '' is set on object 'Object Repository/IWP30/Page_EmulatorAgencyX/Company'

24-10-2024T08:18:29 - [MESSAGE][PASSED] - Text '' is set on object 'Object Repository/IWP30/Page_EmulatorAgencyX/Email'

24-10-2024T08:18:30 - [MESSAGE][PASSED] - Text '' is set on object 'Object Repository/IWP30/Page_EmulatorAgencyX/UDF1'

24-10-2024T08:18:30 - [MESSAGE][PASSED] - Text '' is set on object 'Object Repository/IWP30/Page_EmulatorAgencyX/UDF2'

24-10-2024T08:18:31 - [MESSAGE][PASSED] - Text '' is set on object 'Object Repository/IWP30/Page_EmulatorAgencyX/UDF3'

24-10-2024T08:18:31 - [MESSAGE][PASSED] - Text 'udf data 4' is set on object 'Object Repository/IWP30/Page_EmulatorAgencyX/UDF4'

24-10-2024T08:18:32 - [MESSAGE][PASSED] - Text 'udf data 5' is set on object 'Object Repository/IWP30/Page_EmulatorAgencyX/UDF5'

24-10-2024T08:18:33 - [MESSAGE][PASSED] - Text '' is set on object 'Object Repository/IWP30/Page_EmulatorAgencyX/UDF6'

24-10-2024T08:18:33 - [MESSAGE][PASSED] - Text '' is set on object 'Object Repository/IWP30/Page_EmulatorAgencyX/UDF7'

24-10-2024T08:18:34 - [MESSAGE][PASSED] - Text '' is set on object 'Object Repository/IWP30/Page_EmulatorAgencyX/UDF8'

24-10-2024T08:18:34 - [MESSAGE][PASSED] - Text 'udf data 9' is set on object 'Object Repository/IWP30/Page_EmulatorAgencyX/UDF9'

24-10-2024T08:18:35 - [MESSAGE][PASSED] - Text 'udf data 10' is set on object 'Object Repository/IWP30/Page_EmulatorAgencyX/UDF10'

24-10-2024T08:18:36 - [MESSAGE][PASSED] - Object: 'Object Repository/IWP30/Page_EmulatorAgencyX/Submit' is clicked on

24-10-2024T08:18:41 - [MESSAGE][PASSED] - Browser is closed

24-10-2024T08:18:45 - [MESSAGE][PASSED] - iwpPages.emulatorIWP30.setDataEmulator_DD is PASSED

24-10-2024T08:18:45 - [TEST_STEP][PASSED] - testHarnessURL = urlTestHarness: null

24-10-2024T08:18:45 - [TEST_STEP][PASSED] - openBrowser(testHarnessURL): Browser is opened with url: 'https://dev-algorithm.govolution.com/vrelaytest/QA2/version_2_2/vrelaytest.html'

24-10-2024T08:18:45 - [MESSAGE][INFO] - Starting 'Edge Chromium' driver

24-10-2024T08:18:45 - [MESSAGE][INFO] - User set preference: ['acceptInsecureCerts', 'true']

24-10-2024T08:18:47 - [MESSAGE][INFO] - Action delay is set to 0 milliseconds

24-10-2024T08:18:51 - [MESSAGE][PASSED] - Browser is opened with url: 'https://dev-algorithm.govolution.com/vrelaytest/QA2/version_2_2/vrelaytest.html'

24-10-2024T08:18:51 - [TEST_STEP][PASSED] - maximizeWindow(): Current window maximized

24-10-2024T08:18:51 - [MESSAGE][PASSED] - Current window maximized

24-10-2024T08:18:51 - [TEST_STEP][PASSED] - iwpPages.TestHarnessPage.setDataMethod(row, dataFile): iwpPages.TestHarnessPage.setDataMethod is PASSED

24-10-2024T08:18:51 - [MESSAGE][PASSED] - Object 'Object Repository/IWP30/Page_QATestHarness/RemittanceID' is present

24-10-2024T08:18:52 - [MESSAGE][PASSED] - Text '638' is set on object 'Object Repository/IWP30/Page_QATestHarness/ApplicationID'

24-10-2024T08:18:52 - [MESSAGE][PASSED] - Text '2.5' is set on object 'Object Repository/IWP30/Page_QATestHarness/MessageVersion'

24-10-2024T08:18:53 - [MESSAGE][PASSED] - Text 'J0D8bQQ5L32m' is set on object 'Object Repository/IWP30/Page_QATestHarness/RemittanceID'

24-10-2024T08:18:57 - [MESSAGE][PASSED] - Object: 'Object Repository/IWP30/Page_QATestHarness/SubmitButton' is clicked on

24-10-2024T08:18:57 - [MESSAGE][PASSED] - iwpPages.TestHarnessPage.setDataMethod is PASSED

24-10-2024T08:18:57 - [TEST_STEP][PASSED] - click(findTestObject("Object Repository/IWP30/Page_SelectPaymentMethod/PayByCorporateCheck")): Object: 'Object Repository/IWP30/Page_SelectPaymentMethod/PayByCorporateCheck' is clicked on

24-10-2024T08:18:58 - [MESSAGE][PASSED] - Object: 'Object Repository/IWP30/Page_SelectPaymentMethod/PayByCorporateCheck' is clicked on

24-10-2024T08:18:58 - [TEST_STEP][PASSED] - click(findTestObject("Object Repository/IWP30/Page_SelectPaymentMethod/MakePaymentButton")): Object: 'Object Repository/IWP30/Page_SelectPaymentMethod/MakePaymentButton' is clicked on

24-10-2024T08:19:01 - [MESSAGE][PASSED] - Object: 'Object Repository/IWP30/Page_SelectPaymentMethod/MakePaymentButton' is clicked on

24-10-2024T08:19:01 - [TEST_STEP][PASSED] - iwpPages.achCorporatePaymentEntryPage.setDataCorporate(row, dataFile): iwpPages.achCorporatePaymentEntryPage.setDataCorporate is PASSED

24-10-2024T08:19:02 - [MESSAGE][PASSED] - Object 'Object Repository/IWP30/Page_ACHCorporatePaymentEntry/txt_accountNumber' is present

24-10-2024T08:19:02 - [MESSAGE][PASSED] - Object 'Object Repository/IWP30/Page_ACHCorporatePaymentEntry/input_CompanyName' is present

24-10-2024T08:19:02 - [MESSAGE][PASSED] - Text 'My Company' is set on object 'Object Repository/IWP30/Page_ACHCorporatePaymentEntry/input_CompanyName'

24-10-2024T08:19:03 - [MESSAGE][PASSED] - Object 'Object Repository/IWP30/Page_ACHCorporatePaymentEntry/input_EIN' is present

24-10-2024T08:19:03 - [MESSAGE][PASSED] - Text '123456789' is set on object 'Object Repository/IWP30/Page_ACHCorporatePaymentEntry/input_EIN'

24-10-2024T08:19:04 - [MESSAGE][PASSED] - Text '10.50' is set on object 'Object Repository/IWP30/Page_ACHCorporatePaymentEntry/txt_Amount'

24-10-2024T08:19:05 - [MESSAGE][PASSED] - Text 'udf data 2' is set on object 'Object Repository/IWP30/Page_ACHCorporatePaymentEntry/txt_UDF2'

24-10-2024T08:19:05 - [MESSAGE][PASSED] - Text 'udf data 3' is set on object 'Object Repository/IWP30/Page_ACHCorporatePaymentEntry/txt_UDF3'

24-10-2024T08:19:06 - [MESSAGE][PASSED] - All options with label 'Orange' are selected in object 'Object Repository/IWP30/Page_ACHCorporatePaymentEntry/dd_UDF7' 

24-10-2024T08:19:06 - [MESSAGE][PASSED] - All options with label 'Soccer' are selected in object 'Object Repository/IWP30/Page_ACHCorporatePaymentEntry/dd_UDF8' 

24-10-2024T08:19:07 - [MESSAGE][PASSED] - Object 'Object Repository/IWP30/Page_ACHCorporatePaymentEntry/txt_routingNumber' is present

24-10-2024T08:19:07 - [MESSAGE][PASSED] - Text '256072691' is set on object 'Object Repository/IWP30/Page_ACHCorporatePaymentEntry/txt_routingNumber'

24-10-2024T08:19:07 - [MESSAGE][PASSED] - Object 'Object Repository/IWP30/Page_ACHCorporatePaymentEntry/txt_accountNumber' is present

24-10-2024T08:19:09 - [MESSAGE][PASSED] - Text '12344444' is set on object 'Object Repository/IWP30/Page_ACHCorporatePaymentEntry/txt_accountNumber'

24-10-2024T08:19:09 - [MESSAGE][PASSED] - Object 'Object Repository/IWP30/Page_ACHCorporatePaymentEntry/txt_confirmAccountNumber' is present

24-10-2024T08:19:10 - [MESSAGE][PASSED] - Text '12344444' is set on object 'Object Repository/IWP30/Page_ACHCorporatePaymentEntry/txt_confirmAccountNumber'

24-10-2024T08:19:10 - [MESSAGE][PASSED] - Execute JavaScript '
				   document.getElementById('processDate').value = '08/09/2025'
				  ' successfully

24-10-2024T08:19:10 - [MESSAGE][PASSED] - Text '365 Main Avenue' is set on object 'Object Repository/IWP30/Page_ACHCorporatePaymentEntry/txt_AL1'

24-10-2024T08:19:11 - [MESSAGE][PASSED] - Text '22201' is set on object 'Object Repository/IWP30/Page_ACHCorporatePaymentEntry/txt_ZIP'

24-10-2024T08:19:12 - [MESSAGE][PASSED] - Object 'Object Repository/IWP30/Page_ACHCorporatePaymentEntry/txt_Email' is present

24-10-2024T08:19:13 - [MESSAGE][PASSED] - Text 'iahmed@govolution.com' is set on object 'Object Repository/IWP30/Page_ACHCorporatePaymentEntry/txt_Email'

24-10-2024T08:19:13 - [MESSAGE][PASSED] - Object 'Object Repository/IWP30/Page_ACHCorporatePaymentEntry/cb_TermsAndCond' is present

24-10-2024T08:19:13 - [MESSAGE][PASSED] - Object: 'Object Repository/IWP30/Page_ACHCorporatePaymentEntry/cb_TermsAndCond' is clicked on

24-10-2024T08:19:13 - [MESSAGE][PASSED] - Object 'Object Repository/IWP30/Page_ACHCorporatePaymentEntry/btn_Continue' is present

24-10-2024T08:19:15 - [MESSAGE][PASSED] - Object: 'Object Repository/IWP30/Page_ACHCorporatePaymentEntry/btn_Continue' is clicked on

24-10-2024T08:19:15 - [MESSAGE][PASSED] - iwpPages.achCorporatePaymentEntryPage.setDataCorporate is PASSED

24-10-2024T08:19:15 - [TEST_STEP][PASSED] - click(findTestObject("Object Repository/IWP30/Page_Confirmation/ConfirmButton")): Object: 'Object Repository/IWP30/Page_Confirmation/ConfirmButton' is clicked on

24-10-2024T08:19:17 - [MESSAGE][PASSED] - Object: 'Object Repository/IWP30/Page_Confirmation/ConfirmButton' is clicked on

24-10-2024T08:19:17 - [TEST_STEP][PASSED] - Thread.sleep(2000): null

24-10-2024T08:19:19 - [TEST_STEP][PASSED] - if (verifyTextPresent("Deferred", false)): null

24-10-2024T08:19:20 - [MESSAGE][PASSED] - Text 'Deferred' is present on page 

24-10-2024T08:19:20 - [TEST_STEP][PASSED] - println("Deferred is present on page. Deferred Pay is created"): null

24-10-2024T08:19:20 - [TEST_STEP][PASSED] - click(findTestObject("Object Repository/IWP30/Page_Receipt/ViewScheduledPaymentsButton")): Object: 'Object Repository/IWP30/Page_Receipt/ViewScheduledPaymentsButton' is clicked on

24-10-2024T08:19:20 - [MESSAGE][PASSED] - Object: 'Object Repository/IWP30/Page_Receipt/ViewScheduledPaymentsButton' is clicked on

24-10-2024T08:19:20 - [TEST_STEP][PASSED] - switchToWindowTitle("View Scheduled Payments"): Switched to window with title: 'View Scheduled Payments'

24-10-2024T08:19:20 - [MESSAGE][PASSED] - Switched to window with title: 'View Scheduled Payments'

24-10-2024T08:19:20 - [TEST_STEP][PASSED] - Thread.sleep(5000): null

24-10-2024T08:19:26 - [TEST_STEP][PASSED] - if (verifyTextPresent("View Scheduled Payments", false)): null

24-10-2024T08:19:26 - [MESSAGE][PASSED] - Text 'View Scheduled Payments' is present on page 

24-10-2024T08:19:26 - [TEST_STEP][PASSED] - click(findTestObject("Object Repository/IWP30/Page_ScheduledPayments/cancel_payment")): Object: 'Object Repository/IWP30/Page_ScheduledPayments/cancel_payment' is clicked on

24-10-2024T08:19:27 - [MESSAGE][PASSED] - Object: 'Object Repository/IWP30/Page_ScheduledPayments/cancel_payment' is clicked on

24-10-2024T08:19:27 - [TEST_STEP][PASSED] - if (verifyTextPresent("Cancel Payment Plan", false)): null

24-10-2024T08:19:28 - [MESSAGE][PASSED] - Text 'Cancel Payment Plan' is present on page 

24-10-2024T08:19:28 - [TEST_STEP][PASSED] - click(findTestObject("Object Repository/IWP30/Page_PaymentPlan/btn_cancel")): Object: 'Object Repository/IWP30/Page_PaymentPlan/btn_cancel' is clicked on

24-10-2024T08:19:28 - [MESSAGE][PASSED] - Object: 'Object Repository/IWP30/Page_PaymentPlan/btn_cancel' is clicked on

24-10-2024T08:19:28 - [TEST_STEP][PASSED] - acceptAlert(): Alert accepted

24-10-2024T08:19:28 - [MESSAGE][PASSED] - Alert accepted

24-10-2024T08:19:28 - [TEST_STEP][PASSED] - if (verifyTextPresent("Your payment plan has been successfully canceled", false)): null

24-10-2024T08:19:30 - [MESSAGE][PASSED] - Text 'Your payment plan has been successfully canceled' is present on page 

24-10-2024T08:19:30 - [TEST_STEP][PASSED] - markPassed("Your payment plan has been successfully created and canceled"): Your payment plan has been successfully created and canceled

24-10-2024T08:19:30 - [MESSAGE][PASSED] - Your payment plan has been successfully created and canceled

24-10-2024T08:19:30 - [TEST_STEP][PASSED] - resText = "Pass": null

24-10-2024T08:19:30 - [TEST_STEP][PASSED] - println(row): null

24-10-2024T08:19:30 - [TEST_STEP][PASSED] - pages.WriteExcel.demoKey(resText, datText, resColumn, datCloumn, fileLoc, nameSheet, row): pages.WriteExcel.demoKey is PASSED

24-10-2024T08:19:30 - [MESSAGE][PASSED] - pages.WriteExcel.demoKey is PASSED

24-10-2024T08:19:30 - [TEST_STEP][PASSED] - closeBrowser(): Browser is closed

24-10-2024T08:19:31 - [MESSAGE][PASSED] - Browser is closed

24-10-2024T08:19:31 - [TEST_STEP][PASSED] - ExecuteTC = findTestData(dataFile).getValue("Execute", row): null

24-10-2024T08:19:31 - [TEST_STEP][PASSED] - out.println("Value of Execute is : " + ExecuteTC): null

24-10-2024T08:19:31 - [TEST_STEP][PASSED] - if (ExecuteTC.equalsIgnoreCase("Y")): null

24-10-2024T08:19:31 - [TEST_STEP][PASSED] - out.println("Begin Record Number: " + row): null

24-10-2024T08:19:31 - [TEST_STEP][PASSED] - today = new java.util.Date(): null

24-10-2024T08:19:31 - [TEST_STEP][PASSED] - println(today): null

24-10-2024T08:19:31 - [TEST_STEP][PASSED] - datText = today: null

24-10-2024T08:19:31 - [TEST_STEP][PASSED] - EmulatorDataKey = findTestData(dataFile).getValue("EmulatorData", row): null

24-10-2024T08:19:31 - [TEST_STEP][PASSED] - out.println("Value of Emulator Key is : " + EmulatorDataKey): null

24-10-2024T08:19:31 - [TEST_STEP][PASSED] - iwpPages.emulatorIWP30.setDataEmulator_DD(EmulatorDataKey): iwpPages.emulatorIWP30.setDataEmulator_DD is PASSED

24-10-2024T08:19:31 - [MESSAGE][INFO] - Starting 'Edge Chromium' driver

24-10-2024T08:19:31 - [MESSAGE][INFO] - User set preference: ['acceptInsecureCerts', 'true']

24-10-2024T08:19:33 - [MESSAGE][INFO] - Action delay is set to 0 milliseconds

24-10-2024T08:19:37 - [MESSAGE][PASSED] - Browser is opened with url: 'https://qa2.velocitypayment.com/agencyx/config.action?action=editor&message_version=3_0'

24-10-2024T08:19:37 - [MESSAGE][PASSED] - Current window maximized

24-10-2024T08:20:08 - [MESSAGE][INFO] - Unable to find the element located by 'By.xpath: //select[@name='message_version']'. Please recheck the objects properties to make sure the desired element is located. 

24-10-2024T08:20:08 - [MESSAGE][WARNING] - [SELF-HEALING] Failed to find element with id 'Object Repository/IWP30/Page_VRelay30Emulator/MV'. Try using Self-healing.

24-10-2024T08:20:08 - [MESSAGE][WARNING] - [SELF-HEALING] The current locator of test object 'Object Repository/IWP30/Page_VRelay30Emulator/MV' was broken. Propose an alternative one: '(.//*[normalize-space(text()) and normalize-space(.)='Message Version'])[1]/following::select[1]'.

24-10-2024T08:20:09 - [MESSAGE][PASSED] - All options with value '3.0' are selected in object 'Object Repository/IWP30/Page_VRelay30Emulator/MV'  using regular expression

24-10-2024T08:20:10 - [MESSAGE][PASSED] - Text '10.50' is set on object 'Object Repository/IWP30/Page_EmulatorAgencyX/Amount'

24-10-2024T08:20:10 - [MESSAGE][PASSED] - Text 'M5V3RM6ynlzx' is set on object 'Object Repository/IWP30/Page_EmulatorAgencyX/CAN'

24-10-2024T08:20:11 - [MESSAGE][PASSED] - Text 'PayNow' is set on object 'Object Repository/IWP30/Page_EmulatorAgencyX/Action'

24-10-2024T08:20:11 - [MESSAGE][PASSED] - Text 'en_US' is set on object 'Object Repository/IWP30/Page_EmulatorAgencyX/Lang'

24-10-2024T08:20:12 - [MESSAGE][PASSED] - Text '' is set on object 'Object Repository/IWP30/Page_EmulatorAgencyX/Fname'

24-10-2024T08:20:13 - [MESSAGE][PASSED] - Text '' is set on object 'Object Repository/IWP30/Page_EmulatorAgencyX/Lname'

24-10-2024T08:20:13 - [MESSAGE][PASSED] - Text '' is set on object 'Object Repository/IWP30/Page_EmulatorAgencyX/AL1'

24-10-2024T08:20:14 - [MESSAGE][PASSED] - Text '' is set on object 'Object Repository/IWP30/Page_EmulatorAgencyX/AL2'

24-10-2024T08:20:14 - [MESSAGE][PASSED] - Text '' is set on object 'Object Repository/IWP30/Page_EmulatorAgencyX/Country'

24-10-2024T08:20:15 - [MESSAGE][PASSED] - Text '' is set on object 'Object Repository/IWP30/Page_EmulatorAgencyX/City'

24-10-2024T08:20:15 - [MESSAGE][PASSED] - Text '' is set on object 'Object Repository/IWP30/Page_EmulatorAgencyX/State'

24-10-2024T08:20:16 - [MESSAGE][PASSED] - Text '' is set on object 'Object Repository/IWP30/Page_EmulatorAgencyX/ZIP'

24-10-2024T08:20:17 - [MESSAGE][PASSED] - Text '' is set on object 'Object Repository/IWP30/Page_EmulatorAgencyX/Order'

24-10-2024T08:20:17 - [MESSAGE][PASSED] - Text '' is set on object 'Object Repository/IWP30/Page_EmulatorAgencyX/Company'

24-10-2024T08:20:18 - [MESSAGE][PASSED] - Text '' is set on object 'Object Repository/IWP30/Page_EmulatorAgencyX/Email'

24-10-2024T08:20:18 - [MESSAGE][PASSED] - Text '' is set on object 'Object Repository/IWP30/Page_EmulatorAgencyX/UDF1'

24-10-2024T08:20:19 - [MESSAGE][PASSED] - Text '' is set on object 'Object Repository/IWP30/Page_EmulatorAgencyX/UDF2'

24-10-2024T08:20:19 - [MESSAGE][PASSED] - Text '' is set on object 'Object Repository/IWP30/Page_EmulatorAgencyX/UDF3'

24-10-2024T08:20:20 - [MESSAGE][PASSED] - Text 'udf data 4' is set on object 'Object Repository/IWP30/Page_EmulatorAgencyX/UDF4'

24-10-2024T08:20:21 - [MESSAGE][PASSED] - Text 'udf data 5' is set on object 'Object Repository/IWP30/Page_EmulatorAgencyX/UDF5'

24-10-2024T08:20:21 - [MESSAGE][PASSED] - Text '' is set on object 'Object Repository/IWP30/Page_EmulatorAgencyX/UDF6'

24-10-2024T08:20:22 - [MESSAGE][PASSED] - Text '' is set on object 'Object Repository/IWP30/Page_EmulatorAgencyX/UDF7'

24-10-2024T08:20:22 - [MESSAGE][PASSED] - Text '' is set on object 'Object Repository/IWP30/Page_EmulatorAgencyX/UDF8'

24-10-2024T08:20:23 - [MESSAGE][PASSED] - Text 'udf data 9' is set on object 'Object Repository/IWP30/Page_EmulatorAgencyX/UDF9'

24-10-2024T08:20:24 - [MESSAGE][PASSED] - Text 'udf data 10' is set on object 'Object Repository/IWP30/Page_EmulatorAgencyX/UDF10'

24-10-2024T08:20:25 - [MESSAGE][PASSED] - Object: 'Object Repository/IWP30/Page_EmulatorAgencyX/Submit' is clicked on

24-10-2024T08:20:29 - [MESSAGE][PASSED] - Browser is closed

24-10-2024T08:20:33 - [MESSAGE][PASSED] - iwpPages.emulatorIWP30.setDataEmulator_DD is PASSED

24-10-2024T08:20:33 - [TEST_STEP][PASSED] - testHarnessURL = urlTestHarness: null

24-10-2024T08:20:33 - [TEST_STEP][PASSED] - openBrowser(testHarnessURL): Browser is opened with url: 'https://dev-algorithm.govolution.com/vrelaytest/QA2/version_2_2/vrelaytest.html'

24-10-2024T08:20:33 - [MESSAGE][INFO] - Starting 'Edge Chromium' driver

24-10-2024T08:20:33 - [MESSAGE][INFO] - User set preference: ['acceptInsecureCerts', 'true']

24-10-2024T08:20:35 - [MESSAGE][INFO] - Action delay is set to 0 milliseconds

24-10-2024T08:20:39 - [MESSAGE][PASSED] - Browser is opened with url: 'https://dev-algorithm.govolution.com/vrelaytest/QA2/version_2_2/vrelaytest.html'

24-10-2024T08:20:39 - [TEST_STEP][PASSED] - maximizeWindow(): Current window maximized

24-10-2024T08:20:39 - [MESSAGE][PASSED] - Current window maximized

24-10-2024T08:20:39 - [TEST_STEP][PASSED] - iwpPages.TestHarnessPage.setDataMethod(row, dataFile): iwpPages.TestHarnessPage.setDataMethod is PASSED

24-10-2024T08:20:39 - [MESSAGE][PASSED] - Object 'Object Repository/IWP30/Page_QATestHarness/RemittanceID' is present

24-10-2024T08:20:40 - [MESSAGE][PASSED] - Text '649' is set on object 'Object Repository/IWP30/Page_QATestHarness/ApplicationID'

24-10-2024T08:20:41 - [MESSAGE][PASSED] - Text '3.0' is set on object 'Object Repository/IWP30/Page_QATestHarness/MessageVersion'

24-10-2024T08:20:41 - [MESSAGE][PASSED] - Text 'Yhzgl8lF33rB' is set on object 'Object Repository/IWP30/Page_QATestHarness/RemittanceID'

24-10-2024T08:20:46 - [MESSAGE][PASSED] - Object: 'Object Repository/IWP30/Page_QATestHarness/SubmitButton' is clicked on

24-10-2024T08:20:46 - [MESSAGE][PASSED] - iwpPages.TestHarnessPage.setDataMethod is PASSED

24-10-2024T08:20:46 - [TEST_STEP][PASSED] - click(findTestObject("Object Repository/IWP30/Page_SelectPaymentMethod/PayByCorporateCheck")): Object: 'Object Repository/IWP30/Page_SelectPaymentMethod/PayByCorporateCheck' is clicked on

24-10-2024T08:20:47 - [MESSAGE][PASSED] - Object: 'Object Repository/IWP30/Page_SelectPaymentMethod/PayByCorporateCheck' is clicked on

24-10-2024T08:20:47 - [TEST_STEP][PASSED] - click(findTestObject("Object Repository/IWP30/Page_SelectPaymentMethod/MakePaymentButton")): Object: 'Object Repository/IWP30/Page_SelectPaymentMethod/MakePaymentButton' is clicked on

24-10-2024T08:20:49 - [MESSAGE][PASSED] - Object: 'Object Repository/IWP30/Page_SelectPaymentMethod/MakePaymentButton' is clicked on

24-10-2024T08:20:49 - [TEST_STEP][PASSED] - iwpPages.achCorporatePaymentEntryPage.setDataCorporate(row, dataFile): iwpPages.achCorporatePaymentEntryPage.setDataCorporate is PASSED

24-10-2024T08:20:50 - [MESSAGE][PASSED] - Object 'Object Repository/IWP30/Page_ACHCorporatePaymentEntry/txt_accountNumber' is present

24-10-2024T08:20:50 - [MESSAGE][PASSED] - Object 'Object Repository/IWP30/Page_ACHCorporatePaymentEntry/input_CompanyName' is present

24-10-2024T08:20:51 - [MESSAGE][PASSED] - Text 'My Company' is set on object 'Object Repository/IWP30/Page_ACHCorporatePaymentEntry/input_CompanyName'

24-10-2024T08:20:51 - [MESSAGE][PASSED] - Object 'Object Repository/IWP30/Page_ACHCorporatePaymentEntry/input_EIN' is present

24-10-2024T08:20:52 - [MESSAGE][PASSED] - Text '123456789' is set on object 'Object Repository/IWP30/Page_ACHCorporatePaymentEntry/input_EIN'

24-10-2024T08:20:52 - [MESSAGE][PASSED] - Text '10.50' is set on object 'Object Repository/IWP30/Page_ACHCorporatePaymentEntry/txt_Amount'

24-10-2024T08:20:53 - [MESSAGE][PASSED] - Text 'udf data 2' is set on object 'Object Repository/IWP30/Page_ACHCorporatePaymentEntry/txt_UDF2'

24-10-2024T08:20:53 - [MESSAGE][PASSED] - Text 'udf data 3' is set on object 'Object Repository/IWP30/Page_ACHCorporatePaymentEntry/txt_UDF3'

24-10-2024T08:20:54 - [MESSAGE][PASSED] - All options with label 'Orange' are selected in object 'Object Repository/IWP30/Page_ACHCorporatePaymentEntry/dd_UDF7' 

24-10-2024T08:20:55 - [MESSAGE][PASSED] - All options with label 'Soccer' are selected in object 'Object Repository/IWP30/Page_ACHCorporatePaymentEntry/dd_UDF8' 

24-10-2024T08:20:55 - [MESSAGE][PASSED] - Object 'Object Repository/IWP30/Page_ACHCorporatePaymentEntry/txt_routingNumber' is present

24-10-2024T08:20:55 - [MESSAGE][PASSED] - Text '256072691' is set on object 'Object Repository/IWP30/Page_ACHCorporatePaymentEntry/txt_routingNumber'

24-10-2024T08:20:56 - [MESSAGE][PASSED] - Object 'Object Repository/IWP30/Page_ACHCorporatePaymentEntry/txt_accountNumber' is present

24-10-2024T08:20:56 - [MESSAGE][PASSED] - Text '12344444' is set on object 'Object Repository/IWP30/Page_ACHCorporatePaymentEntry/txt_accountNumber'

24-10-2024T08:20:57 - [MESSAGE][PASSED] - Object 'Object Repository/IWP30/Page_ACHCorporatePaymentEntry/txt_confirmAccountNumber' is present

24-10-2024T08:20:58 - [MESSAGE][PASSED] - Text '12344444' is set on object 'Object Repository/IWP30/Page_ACHCorporatePaymentEntry/txt_confirmAccountNumber'

24-10-2024T08:20:58 - [MESSAGE][PASSED] - Execute JavaScript '
				   document.getElementById('processDate').value = '08/09/2025'
				  ' successfully

24-10-2024T08:20:58 - [MESSAGE][PASSED] - Text '365 Main Avenue' is set on object 'Object Repository/IWP30/Page_ACHCorporatePaymentEntry/txt_AL1'

24-10-2024T08:20:59 - [MESSAGE][PASSED] - Text '22201' is set on object 'Object Repository/IWP30/Page_ACHCorporatePaymentEntry/txt_ZIP'

24-10-2024T08:20:59 - [MESSAGE][PASSED] - Object 'Object Repository/IWP30/Page_ACHCorporatePaymentEntry/txt_Email' is present

24-10-2024T08:21:00 - [MESSAGE][PASSED] - Text 'iahmed@govolution.com' is set on object 'Object Repository/IWP30/Page_ACHCorporatePaymentEntry/txt_Email'

24-10-2024T08:21:00 - [MESSAGE][PASSED] - Object 'Object Repository/IWP30/Page_ACHCorporatePaymentEntry/cb_TermsAndCond' is present

24-10-2024T08:21:01 - [MESSAGE][PASSED] - Object: 'Object Repository/IWP30/Page_ACHCorporatePaymentEntry/cb_TermsAndCond' is clicked on

24-10-2024T08:21:01 - [MESSAGE][PASSED] - Object 'Object Repository/IWP30/Page_ACHCorporatePaymentEntry/btn_Continue' is present

24-10-2024T08:21:02 - [MESSAGE][PASSED] - Object: 'Object Repository/IWP30/Page_ACHCorporatePaymentEntry/btn_Continue' is clicked on

24-10-2024T08:21:02 - [MESSAGE][PASSED] - iwpPages.achCorporatePaymentEntryPage.setDataCorporate is PASSED

24-10-2024T08:21:02 - [TEST_STEP][PASSED] - click(findTestObject("Object Repository/IWP30/Page_Confirmation/ConfirmButton")): Object: 'Object Repository/IWP30/Page_Confirmation/ConfirmButton' is clicked on

24-10-2024T08:21:33 - [MESSAGE][INFO] - Unable to find the element located by 'By.xpath: //*[@type = 'submit' and @name = 'confirmNotifyAction' and @id = 'submitYes' and @value = 'Confirm']'. Please recheck the objects properties to make sure the desired element is located. 

24-10-2024T08:21:33 - [MESSAGE][WARNING] - [SELF-HEALING] Failed to find element with id 'Object Repository/IWP30/Page_Confirmation/ConfirmButton'. Try using Self-healing.

24-10-2024T08:21:33 - [MESSAGE][WARNING] - [SELF-HEALING] The current locator of test object 'Object Repository/IWP30/Page_Confirmation/ConfirmButton' was broken. Propose an alternative one: '//div/input'.

24-10-2024T08:21:35 - [MESSAGE][PASSED] - Object: 'Object Repository/IWP30/Page_Confirmation/ConfirmButton' is clicked on

24-10-2024T08:21:35 - [TEST_STEP][PASSED] - Thread.sleep(2000): null

24-10-2024T08:21:37 - [TEST_STEP][PASSED] - if (verifyTextPresent("Deferred", false)): null

24-10-2024T08:21:38 - [MESSAGE][PASSED] - Text 'Deferred' is present on page 

24-10-2024T08:21:38 - [TEST_STEP][PASSED] - println("Deferred is present on page. Deferred Pay is created"): null

24-10-2024T08:21:38 - [TEST_STEP][PASSED] - click(findTestObject("Object Repository/IWP30/Page_Receipt/ViewScheduledPaymentsButton")): Object: 'Object Repository/IWP30/Page_Receipt/ViewScheduledPaymentsButton' is clicked on

24-10-2024T08:21:38 - [MESSAGE][PASSED] - Object: 'Object Repository/IWP30/Page_Receipt/ViewScheduledPaymentsButton' is clicked on

24-10-2024T08:21:38 - [TEST_STEP][PASSED] - switchToWindowTitle("View Scheduled Payments"): Switched to window with title: 'View Scheduled Payments'

24-10-2024T08:21:38 - [MESSAGE][PASSED] - Switched to window with title: 'View Scheduled Payments'

24-10-2024T08:21:38 - [TEST_STEP][PASSED] - Thread.sleep(5000): null

24-10-2024T08:21:43 - [TEST_STEP][PASSED] - if (verifyTextPresent("View Scheduled Payments", false)): null

24-10-2024T08:21:44 - [MESSAGE][PASSED] - Text 'View Scheduled Payments' is present on page 

24-10-2024T08:21:44 - [TEST_STEP][PASSED] - click(findTestObject("Object Repository/IWP30/Page_ScheduledPayments/cancel_payment")): Object: 'Object Repository/IWP30/Page_ScheduledPayments/cancel_payment' is clicked on

24-10-2024T08:21:45 - [MESSAGE][PASSED] - Object: 'Object Repository/IWP30/Page_ScheduledPayments/cancel_payment' is clicked on

24-10-2024T08:21:45 - [TEST_STEP][PASSED] - if (verifyTextPresent("Cancel Payment Plan", false)): null

24-10-2024T08:21:46 - [MESSAGE][PASSED] - Text 'Cancel Payment Plan' is present on page 

24-10-2024T08:21:46 - [TEST_STEP][PASSED] - click(findTestObject("Object Repository/IWP30/Page_PaymentPlan/btn_cancel")): Object: 'Object Repository/IWP30/Page_PaymentPlan/btn_cancel' is clicked on

24-10-2024T08:21:46 - [MESSAGE][PASSED] - Object: 'Object Repository/IWP30/Page_PaymentPlan/btn_cancel' is clicked on

24-10-2024T08:21:46 - [TEST_STEP][PASSED] - acceptAlert(): Alert accepted

24-10-2024T08:21:46 - [MESSAGE][PASSED] - Alert accepted

24-10-2024T08:21:46 - [TEST_STEP][PASSED] - if (verifyTextPresent("Your payment plan has been successfully canceled", false)): null

24-10-2024T08:21:47 - [MESSAGE][PASSED] - Text 'Your payment plan has been successfully canceled' is present on page 

24-10-2024T08:21:47 - [TEST_STEP][PASSED] - markPassed("Your payment plan has been successfully created and canceled"): Your payment plan has been successfully created and canceled

24-10-2024T08:21:47 - [MESSAGE][PASSED] - Your payment plan has been successfully created and canceled

24-10-2024T08:21:47 - [TEST_STEP][PASSED] - resText = "Pass": null

24-10-2024T08:21:47 - [TEST_STEP][PASSED] - println(row): null

24-10-2024T08:21:47 - [TEST_STEP][PASSED] - pages.WriteExcel.demoKey(resText, datText, resColumn, datCloumn, fileLoc, nameSheet, row): pages.WriteExcel.demoKey is PASSED

24-10-2024T08:21:47 - [MESSAGE][PASSED] - pages.WriteExcel.demoKey is PASSED

24-10-2024T08:21:47 - [TEST_STEP][PASSED] - closeBrowser(): Browser is closed

24-10-2024T08:21:48 - [MESSAGE][PASSED] - Browser is closed]]></system-out>
         <system-err><![CDATA[]]></system-err>
      </testcase>
      <testcase name="Test Cases/IntegratedWeb/IWP25/Payments/CCDeferredCredit" time="215.636" classname="Test Cases/IntegratedWeb/IWP25/Payments/CCDeferredCredit" status="PASSED">
         <system-out><![CDATA[24-10-2024T08:21:48 - [TEST_CASE][PASSED] - Test Cases/IntegratedWeb/IWP25/Payments/CCDeferredCredit: Test Cases/IntegratedWeb/IWP25/Payments/CCDeferredCredit

24-10-2024T08:21:48 - [TEST_STEP][PASSED] - resText = "Fail": null

24-10-2024T08:21:48 - [TEST_STEP][PASSED] - resColumn = "Result": null

24-10-2024T08:21:48 - [TEST_STEP][PASSED] - datCloumn = "Date": null

24-10-2024T08:21:48 - [TEST_STEP][PASSED] - fileLoc = "KatalonData/IWPTestData/VRelay25PaymentsExtension.xlsx": null

24-10-2024T08:21:48 - [TEST_STEP][PASSED] - numOfRows = <not implemented yet for class: org.codehaus.groovy.ast.expr.EmptyExpression>: null

24-10-2024T08:21:48 - [TEST_STEP][PASSED] - dataFile = <not implemented yet for class: org.codehaus.groovy.ast.expr.EmptyExpression>: null

24-10-2024T08:21:48 - [TEST_STEP][PASSED] - nameSheet = <not implemented yet for class: org.codehaus.groovy.ast.expr.EmptyExpression>: null

24-10-2024T08:21:48 - [TEST_STEP][PASSED] - dataFileEmulator = <not implemented yet for class: org.codehaus.groovy.ast.expr.EmptyExpression>: null

24-10-2024T08:21:48 - [TEST_STEP][PASSED] - isRequiredTextPresent = false: null

24-10-2024T08:21:48 - [TEST_STEP][PASSED] - nameSheet = "CCDeferredPlanCredit": null

24-10-2024T08:21:48 - [TEST_STEP][PASSED] - dataFile = "IWPTestData/IWP25CCDeferredCredit": null

24-10-2024T08:21:48 - [TEST_STEP][PASSED] - dataFileEmulator = "IWPTestData/EmulatorData": null

24-10-2024T08:21:48 - [TEST_STEP][PASSED] - numOfRows = findTestData(dataFile).getRowNumbers(): null

24-10-2024T08:21:48 - [TEST_STEP][PASSED] - println("Number of Records: " + numOfRows): null

24-10-2024T08:21:48 - [TEST_STEP][PASSED] - for ([row = 1, row <= numOfRows, (row++)]): Browser is closed

24-10-2024T08:21:48 - [TEST_STEP][PASSED] - ExecuteTC = findTestData(dataFile).getValue("Execute", row): null

24-10-2024T08:21:48 - [TEST_STEP][PASSED] - out.println("Value of Execute is : " + ExecuteTC): null

24-10-2024T08:21:48 - [TEST_STEP][PASSED] - if (ExecuteTC.equalsIgnoreCase("Y")): null

24-10-2024T08:21:48 - [TEST_STEP][PASSED] - out.println("Begin Record Number: " + row): null

24-10-2024T08:21:48 - [TEST_STEP][PASSED] - today = new java.util.Date(): null

24-10-2024T08:21:48 - [TEST_STEP][PASSED] - println(today): null

24-10-2024T08:21:48 - [TEST_STEP][PASSED] - datText = today: null

24-10-2024T08:21:48 - [TEST_STEP][PASSED] - EmulatorDataKey = findTestData(dataFile).getValue("EmulatorData", row): null

24-10-2024T08:21:48 - [TEST_STEP][PASSED] - out.println("Value of Emulator Key is : " + EmulatorDataKey): null

24-10-2024T08:21:48 - [TEST_STEP][PASSED] - iwpPages.emulatorIWP30.setDataEmulator_DD(EmulatorDataKey): iwpPages.emulatorIWP30.setDataEmulator_DD is PASSED

24-10-2024T08:21:49 - [MESSAGE][INFO] - Starting 'Edge Chromium' driver

24-10-2024T08:21:49 - [MESSAGE][INFO] - User set preference: ['acceptInsecureCerts', 'true']

24-10-2024T08:21:51 - [MESSAGE][INFO] - Action delay is set to 0 milliseconds

24-10-2024T08:21:55 - [MESSAGE][PASSED] - Browser is opened with url: 'https://qa2.velocitypayment.com/agencyx/config.action?action=editor&message_version=2_5'

24-10-2024T08:21:55 - [MESSAGE][PASSED] - Current window maximized

24-10-2024T08:22:26 - [MESSAGE][INFO] - Unable to find the element located by 'By.xpath: //select[@name='message_version']'. Please recheck the objects properties to make sure the desired element is located. 

24-10-2024T08:22:26 - [MESSAGE][WARNING] - [SELF-HEALING] Failed to find element with id 'Object Repository/IWP30/Page_VRelay30Emulator/MV'. Try using Self-healing.

24-10-2024T08:22:26 - [MESSAGE][WARNING] - [SELF-HEALING] The current locator of test object 'Object Repository/IWP30/Page_VRelay30Emulator/MV' was broken. Propose an alternative one: '(.//*[normalize-space(text()) and normalize-space(.)='Message Version'])[1]/following::select[1]'.

24-10-2024T08:22:27 - [MESSAGE][PASSED] - All options with value '2.5' are selected in object 'Object Repository/IWP30/Page_VRelay30Emulator/MV'  using regular expression

24-10-2024T08:22:27 - [MESSAGE][PASSED] - Text '10.50' is set on object 'Object Repository/IWP30/Page_EmulatorAgencyX/Amount'

24-10-2024T08:22:28 - [MESSAGE][PASSED] - Text 'VFYeRPfqmZ2P' is set on object 'Object Repository/IWP30/Page_EmulatorAgencyX/CAN'

24-10-2024T08:22:28 - [MESSAGE][PASSED] - Text 'PayNow' is set on object 'Object Repository/IWP30/Page_EmulatorAgencyX/Action'

24-10-2024T08:22:29 - [MESSAGE][PASSED] - Text 'en_US' is set on object 'Object Repository/IWP30/Page_EmulatorAgencyX/Lang'

24-10-2024T08:22:30 - [MESSAGE][PASSED] - Text '' is set on object 'Object Repository/IWP30/Page_EmulatorAgencyX/Fname'

24-10-2024T08:22:30 - [MESSAGE][PASSED] - Text '' is set on object 'Object Repository/IWP30/Page_EmulatorAgencyX/Lname'

24-10-2024T08:22:31 - [MESSAGE][PASSED] - Text '' is set on object 'Object Repository/IWP30/Page_EmulatorAgencyX/AL1'

24-10-2024T08:22:31 - [MESSAGE][PASSED] - Text '' is set on object 'Object Repository/IWP30/Page_EmulatorAgencyX/AL2'

24-10-2024T08:22:32 - [MESSAGE][PASSED] - Text '' is set on object 'Object Repository/IWP30/Page_EmulatorAgencyX/Country'

24-10-2024T08:22:32 - [MESSAGE][PASSED] - Text '' is set on object 'Object Repository/IWP30/Page_EmulatorAgencyX/City'

24-10-2024T08:22:33 - [MESSAGE][PASSED] - Text '' is set on object 'Object Repository/IWP30/Page_EmulatorAgencyX/State'

24-10-2024T08:22:34 - [MESSAGE][PASSED] - Text '' is set on object 'Object Repository/IWP30/Page_EmulatorAgencyX/ZIP'

24-10-2024T08:22:34 - [MESSAGE][PASSED] - Text '' is set on object 'Object Repository/IWP30/Page_EmulatorAgencyX/Order'

24-10-2024T08:22:35 - [MESSAGE][PASSED] - Text '' is set on object 'Object Repository/IWP30/Page_EmulatorAgencyX/Company'

24-10-2024T08:22:35 - [MESSAGE][PASSED] - Text '' is set on object 'Object Repository/IWP30/Page_EmulatorAgencyX/Email'

24-10-2024T08:22:36 - [MESSAGE][PASSED] - Text '' is set on object 'Object Repository/IWP30/Page_EmulatorAgencyX/UDF1'

24-10-2024T08:22:36 - [MESSAGE][PASSED] - Text '' is set on object 'Object Repository/IWP30/Page_EmulatorAgencyX/UDF2'

24-10-2024T08:22:37 - [MESSAGE][PASSED] - Text '' is set on object 'Object Repository/IWP30/Page_EmulatorAgencyX/UDF3'

24-10-2024T08:22:38 - [MESSAGE][PASSED] - Text 'udf data 4' is set on object 'Object Repository/IWP30/Page_EmulatorAgencyX/UDF4'

24-10-2024T08:22:38 - [MESSAGE][PASSED] - Text 'udf data 5' is set on object 'Object Repository/IWP30/Page_EmulatorAgencyX/UDF5'

24-10-2024T08:22:39 - [MESSAGE][PASSED] - Text '' is set on object 'Object Repository/IWP30/Page_EmulatorAgencyX/UDF6'

24-10-2024T08:22:39 - [MESSAGE][PASSED] - Text '' is set on object 'Object Repository/IWP30/Page_EmulatorAgencyX/UDF7'

24-10-2024T08:22:40 - [MESSAGE][PASSED] - Text '' is set on object 'Object Repository/IWP30/Page_EmulatorAgencyX/UDF8'

24-10-2024T08:22:41 - [MESSAGE][PASSED] - Text 'udf data 9' is set on object 'Object Repository/IWP30/Page_EmulatorAgencyX/UDF9'

24-10-2024T08:22:41 - [MESSAGE][PASSED] - Text 'udf data 10' is set on object 'Object Repository/IWP30/Page_EmulatorAgencyX/UDF10'

24-10-2024T08:22:43 - [MESSAGE][PASSED] - Object: 'Object Repository/IWP30/Page_EmulatorAgencyX/Submit' is clicked on

24-10-2024T08:22:47 - [MESSAGE][PASSED] - Browser is closed

24-10-2024T08:22:51 - [MESSAGE][PASSED] - iwpPages.emulatorIWP30.setDataEmulator_DD is PASSED

24-10-2024T08:22:51 - [TEST_STEP][PASSED] - testHarnessURL = urlTestHarness: null

24-10-2024T08:22:51 - [TEST_STEP][PASSED] - openBrowser(testHarnessURL): Browser is opened with url: 'https://dev-algorithm.govolution.com/vrelaytest/QA2/version_2_2/vrelaytest.html'

24-10-2024T08:22:51 - [MESSAGE][INFO] - Starting 'Edge Chromium' driver

24-10-2024T08:22:51 - [MESSAGE][INFO] - User set preference: ['acceptInsecureCerts', 'true']

24-10-2024T08:22:53 - [MESSAGE][INFO] - Action delay is set to 0 milliseconds

24-10-2024T08:22:57 - [MESSAGE][PASSED] - Browser is opened with url: 'https://dev-algorithm.govolution.com/vrelaytest/QA2/version_2_2/vrelaytest.html'

24-10-2024T08:22:57 - [TEST_STEP][PASSED] - maximizeWindow(): Current window maximized

24-10-2024T08:22:57 - [MESSAGE][PASSED] - Current window maximized

24-10-2024T08:22:57 - [TEST_STEP][PASSED] - iwpPages.TestHarnessPage.setDataMethod(row, dataFile): iwpPages.TestHarnessPage.setDataMethod is PASSED

24-10-2024T08:22:57 - [MESSAGE][PASSED] - Object 'Object Repository/IWP30/Page_QATestHarness/RemittanceID' is present

24-10-2024T08:22:58 - [MESSAGE][PASSED] - Text '638' is set on object 'Object Repository/IWP30/Page_QATestHarness/ApplicationID'

24-10-2024T08:22:58 - [MESSAGE][PASSED] - Text '2.5' is set on object 'Object Repository/IWP30/Page_QATestHarness/MessageVersion'

24-10-2024T08:22:59 - [MESSAGE][PASSED] - Text 'bb5fIux4F16j' is set on object 'Object Repository/IWP30/Page_QATestHarness/RemittanceID'

24-10-2024T08:23:04 - [MESSAGE][PASSED] - Object: 'Object Repository/IWP30/Page_QATestHarness/SubmitButton' is clicked on

24-10-2024T08:23:04 - [MESSAGE][PASSED] - iwpPages.TestHarnessPage.setDataMethod is PASSED

24-10-2024T08:23:04 - [TEST_STEP][PASSED] - click(findTestObject("Object Repository/IWP30/Page_SelectPaymentMethod/PayByCreditCard")): Object: 'Object Repository/IWP30/Page_SelectPaymentMethod/PayByCreditCard' is clicked on

24-10-2024T08:23:05 - [MESSAGE][PASSED] - Object: 'Object Repository/IWP30/Page_SelectPaymentMethod/PayByCreditCard' is clicked on

24-10-2024T08:23:05 - [TEST_STEP][PASSED] - click(findTestObject("Object Repository/IWP30/Page_SelectPaymentMethod/MakePaymentButton")): Object: 'Object Repository/IWP30/Page_SelectPaymentMethod/MakePaymentButton' is clicked on

24-10-2024T08:23:08 - [MESSAGE][PASSED] - Object: 'Object Repository/IWP30/Page_SelectPaymentMethod/MakePaymentButton' is clicked on

24-10-2024T08:23:08 - [TEST_STEP][PASSED] - iwpPages.ccPaymentEntryPage.setDataCCPM(row, dataFile): iwpPages.ccPaymentEntryPage.setDataCCPM is PASSED

24-10-2024T08:23:09 - [MESSAGE][PASSED] - Object 'Object Repository/IWP30/Page_CCPaymentEntry/Name' is present

24-10-2024T08:23:10 - [MESSAGE][PASSED] - Text '10.50' is set on object 'Object Repository/IWP30/Page_CCPaymentEntry/Amount'

24-10-2024T08:23:10 - [MESSAGE][PASSED] - Text 'udf data 2' is set on object 'Object Repository/IWP30/Page_CCPaymentEntry/UserDefined2'

24-10-2024T08:23:11 - [MESSAGE][PASSED] - Text 'udf data 3' is set on object 'Object Repository/IWP30/Page_CCPaymentEntry/UserDefined3'

24-10-2024T08:23:12 - [MESSAGE][PASSED] - All options with label 'Orange' are selected in object 'Object Repository/IWP30/Page_CCPaymentEntry/UserDefined7' 

24-10-2024T08:23:12 - [MESSAGE][PASSED] - All options with label 'Soccer' are selected in object 'Object Repository/IWP30/Page_CCPaymentEntry/UserDefined8' 

24-10-2024T08:23:12 - [MESSAGE][PASSED] - Object 'Object Repository/IWP30/Page_CCPaymentEntry/Name' is present

24-10-2024T08:23:13 - [MESSAGE][PASSED] - Text 'Kavita Ranawati' is set on object 'Object Repository/IWP30/Page_CCPaymentEntry/Name'

24-10-2024T08:23:13 - [MESSAGE][PASSED] - Object 'Object Repository/IWP30/Page_CCPaymentEntry/CardNumber' is present

24-10-2024T08:23:14 - [MESSAGE][PASSED] - Text '4111111111111111' is set on object 'Object Repository/IWP30/Page_CCPaymentEntry/CardNumber'

24-10-2024T08:23:14 - [MESSAGE][PASSED] - Text '123' is set on object 'Object Repository/IWP30/Page_CCPaymentEntry/SPC'

24-10-2024T08:23:15 - [MESSAGE][PASSED] - Object 'Object Repository/IWP30/Page_CCPaymentEntry/Month' is present

24-10-2024T08:23:15 - [MESSAGE][PASSED] - All options with label '01' are selected in object 'Object Repository/IWP30/Page_CCPaymentEntry/Month' 

24-10-2024T08:23:16 - [MESSAGE][PASSED] - Object 'Object Repository/IWP30/Page_CCPaymentEntry/Year' is present

24-10-2024T08:23:16 - [MESSAGE][PASSED] - All options with label '2028' are selected in object 'Object Repository/IWP30/Page_CCPaymentEntry/Year' 

24-10-2024T08:23:16 - [MESSAGE][PASSED] - Execute JavaScript '
				   document.getElementById('processDate').value = '08/09/2025'
				  ' successfully

24-10-2024T08:23:17 - [MESSAGE][PASSED] - Text '365 Main Avenue' is set on object 'Object Repository/IWP30/Page_CCPaymentEntry/AL1'

24-10-2024T08:23:18 - [MESSAGE][PASSED] - Text '22201' is set on object 'Object Repository/IWP30/Page_CCPaymentEntry/ZIP'

24-10-2024T08:23:18 - [MESSAGE][PASSED] - Object 'Object Repository/IWP30/Page_CCPaymentEntry/EmailAddress' is present

24-10-2024T08:23:19 - [MESSAGE][PASSED] - Text 'iahmed@govolution.com' is set on object 'Object Repository/IWP30/Page_CCPaymentEntry/EmailAddress'

24-10-2024T08:23:19 - [MESSAGE][PASSED] - Object 'Object Repository/IWP30/Page_CCPaymentEntry/TermCondCheckBox' is present

24-10-2024T08:23:20 - [MESSAGE][PASSED] - Object 'Object Repository/IWP30/Page_CCPaymentEntry/TermCondCheckBox' is checked

24-10-2024T08:23:20 - [MESSAGE][PASSED] - Object 'Object Repository/IWP30/Page_CCPaymentEntry/ContinueButton' is present

24-10-2024T08:23:22 - [MESSAGE][PASSED] - Object: 'Object Repository/IWP30/Page_CCPaymentEntry/ContinueButton' is clicked on

24-10-2024T08:23:22 - [MESSAGE][PASSED] - iwpPages.ccPaymentEntryPage.setDataCCPM is PASSED

24-10-2024T08:23:22 - [TEST_STEP][PASSED] - click(findTestObject("Object Repository/IWP30/Page_Confirmation/ConfirmButton")): Object: 'Object Repository/IWP30/Page_Confirmation/ConfirmButton' is clicked on

24-10-2024T08:23:25 - [MESSAGE][PASSED] - Object: 'Object Repository/IWP30/Page_Confirmation/ConfirmButton' is clicked on

24-10-2024T08:23:25 - [TEST_STEP][PASSED] - Thread.sleep(2000): null

24-10-2024T08:23:27 - [TEST_STEP][PASSED] - if (verifyTextPresent("Deferred", false)): null

24-10-2024T08:23:27 - [MESSAGE][PASSED] - Text 'Deferred' is present on page 

24-10-2024T08:23:27 - [TEST_STEP][PASSED] - println("Deferred is present on page. Deferred Pay is created"): null

24-10-2024T08:23:27 - [TEST_STEP][PASSED] - click(findTestObject("Object Repository/IWP30/Page_Receipt/ViewScheduledPaymentsButton")): Object: 'Object Repository/IWP30/Page_Receipt/ViewScheduledPaymentsButton' is clicked on

24-10-2024T08:23:27 - [MESSAGE][PASSED] - Object: 'Object Repository/IWP30/Page_Receipt/ViewScheduledPaymentsButton' is clicked on

24-10-2024T08:23:27 - [TEST_STEP][PASSED] - switchToWindowTitle("View Scheduled Payments"): Switched to window with title: 'View Scheduled Payments'

24-10-2024T08:23:28 - [MESSAGE][PASSED] - Switched to window with title: 'View Scheduled Payments'

24-10-2024T08:23:28 - [TEST_STEP][PASSED] - Thread.sleep(5000): null

24-10-2024T08:23:33 - [TEST_STEP][PASSED] - if (verifyTextPresent("View Scheduled Payments", false)): null

24-10-2024T08:23:33 - [MESSAGE][PASSED] - Text 'View Scheduled Payments' is present on page 

24-10-2024T08:23:33 - [TEST_STEP][PASSED] - click(findTestObject("Object Repository/IWP30/Page_ScheduledPayments/cancel_payment")): Object: 'Object Repository/IWP30/Page_ScheduledPayments/cancel_payment' is clicked on

24-10-2024T08:23:35 - [MESSAGE][PASSED] - Object: 'Object Repository/IWP30/Page_ScheduledPayments/cancel_payment' is clicked on

24-10-2024T08:23:35 - [TEST_STEP][PASSED] - if (verifyTextPresent("Cancel Payment Plan", false)): null

24-10-2024T08:23:35 - [MESSAGE][PASSED] - Text 'Cancel Payment Plan' is present on page 

24-10-2024T08:23:35 - [TEST_STEP][PASSED] - click(findTestObject("Object Repository/IWP30/Page_PaymentPlan/btn_cancel")): Object: 'Object Repository/IWP30/Page_PaymentPlan/btn_cancel' is clicked on

24-10-2024T08:23:35 - [MESSAGE][PASSED] - Object: 'Object Repository/IWP30/Page_PaymentPlan/btn_cancel' is clicked on

24-10-2024T08:23:35 - [TEST_STEP][PASSED] - acceptAlert(): Alert accepted

24-10-2024T08:23:35 - [MESSAGE][PASSED] - Alert accepted

24-10-2024T08:23:35 - [TEST_STEP][PASSED] - if (verifyTextPresent("Your payment plan has been successfully canceled", false)): null

24-10-2024T08:23:37 - [MESSAGE][PASSED] - Text 'Your payment plan has been successfully canceled' is present on page 

24-10-2024T08:23:37 - [TEST_STEP][PASSED] - markPassed("Your payment plan has been successfully created and canceled"): Your payment plan has been successfully created and canceled

24-10-2024T08:23:37 - [MESSAGE][PASSED] - Your payment plan has been successfully created and canceled

24-10-2024T08:23:37 - [TEST_STEP][PASSED] - resText = "Pass": null

24-10-2024T08:23:37 - [TEST_STEP][PASSED] - println(row): null

24-10-2024T08:23:37 - [TEST_STEP][PASSED] - pages.WriteExcel.demoKey(resText, datText, resColumn, datCloumn, fileLoc, nameSheet, row): pages.WriteExcel.demoKey is PASSED

24-10-2024T08:23:37 - [MESSAGE][PASSED] - pages.WriteExcel.demoKey is PASSED

24-10-2024T08:23:37 - [TEST_STEP][PASSED] - closeBrowser(): Browser is closed

24-10-2024T08:23:37 - [MESSAGE][PASSED] - Browser is closed

24-10-2024T08:23:37 - [TEST_STEP][PASSED] - ExecuteTC = findTestData(dataFile).getValue("Execute", row): null

24-10-2024T08:23:37 - [TEST_STEP][PASSED] - out.println("Value of Execute is : " + ExecuteTC): null

24-10-2024T08:23:37 - [TEST_STEP][PASSED] - if (ExecuteTC.equalsIgnoreCase("Y")): null

24-10-2024T08:23:37 - [TEST_STEP][PASSED] - out.println("Begin Record Number: " + row): null

24-10-2024T08:23:37 - [TEST_STEP][PASSED] - today = new java.util.Date(): null

24-10-2024T08:23:37 - [TEST_STEP][PASSED] - println(today): null

24-10-2024T08:23:37 - [TEST_STEP][PASSED] - datText = today: null

24-10-2024T08:23:37 - [TEST_STEP][PASSED] - EmulatorDataKey = findTestData(dataFile).getValue("EmulatorData", row): null

24-10-2024T08:23:37 - [TEST_STEP][PASSED] - out.println("Value of Emulator Key is : " + EmulatorDataKey): null

24-10-2024T08:23:37 - [TEST_STEP][PASSED] - iwpPages.emulatorIWP30.setDataEmulator_DD(EmulatorDataKey): iwpPages.emulatorIWP30.setDataEmulator_DD is PASSED

24-10-2024T08:23:38 - [MESSAGE][INFO] - Starting 'Edge Chromium' driver

24-10-2024T08:23:38 - [MESSAGE][INFO] - User set preference: ['acceptInsecureCerts', 'true']

24-10-2024T08:23:40 - [MESSAGE][INFO] - Action delay is set to 0 milliseconds

24-10-2024T08:23:44 - [MESSAGE][PASSED] - Browser is opened with url: 'https://qa2.velocitypayment.com/agencyx/config.action?action=editor&message_version=3_0'

24-10-2024T08:23:44 - [MESSAGE][PASSED] - Current window maximized

24-10-2024T08:24:15 - [MESSAGE][INFO] - Unable to find the element located by 'By.xpath: //select[@name='message_version']'. Please recheck the objects properties to make sure the desired element is located. 

24-10-2024T08:24:15 - [MESSAGE][WARNING] - [SELF-HEALING] Failed to find element with id 'Object Repository/IWP30/Page_VRelay30Emulator/MV'. Try using Self-healing.

24-10-2024T08:24:15 - [MESSAGE][WARNING] - [SELF-HEALING] The current locator of test object 'Object Repository/IWP30/Page_VRelay30Emulator/MV' was broken. Propose an alternative one: '(.//*[normalize-space(text()) and normalize-space(.)='Message Version'])[1]/following::select[1]'.

24-10-2024T08:24:16 - [MESSAGE][PASSED] - All options with value '3.0' are selected in object 'Object Repository/IWP30/Page_VRelay30Emulator/MV'  using regular expression

24-10-2024T08:24:16 - [MESSAGE][PASSED] - Text '10.50' is set on object 'Object Repository/IWP30/Page_EmulatorAgencyX/Amount'

24-10-2024T08:24:17 - [MESSAGE][PASSED] - Text 'vhX8wOUs61Ju' is set on object 'Object Repository/IWP30/Page_EmulatorAgencyX/CAN'

24-10-2024T08:24:18 - [MESSAGE][PASSED] - Text 'PayNow' is set on object 'Object Repository/IWP30/Page_EmulatorAgencyX/Action'

24-10-2024T08:24:18 - [MESSAGE][PASSED] - Text 'en_US' is set on object 'Object Repository/IWP30/Page_EmulatorAgencyX/Lang'

24-10-2024T08:24:19 - [MESSAGE][PASSED] - Text '' is set on object 'Object Repository/IWP30/Page_EmulatorAgencyX/Fname'

24-10-2024T08:24:19 - [MESSAGE][PASSED] - Text '' is set on object 'Object Repository/IWP30/Page_EmulatorAgencyX/Lname'

24-10-2024T08:24:20 - [MESSAGE][PASSED] - Text '' is set on object 'Object Repository/IWP30/Page_EmulatorAgencyX/AL1'

24-10-2024T08:24:20 - [MESSAGE][PASSED] - Text '' is set on object 'Object Repository/IWP30/Page_EmulatorAgencyX/AL2'

24-10-2024T08:24:21 - [MESSAGE][PASSED] - Text '' is set on object 'Object Repository/IWP30/Page_EmulatorAgencyX/Country'

24-10-2024T08:24:22 - [MESSAGE][PASSED] - Text '' is set on object 'Object Repository/IWP30/Page_EmulatorAgencyX/City'

24-10-2024T08:24:22 - [MESSAGE][PASSED] - Text '' is set on object 'Object Repository/IWP30/Page_EmulatorAgencyX/State'

24-10-2024T08:24:23 - [MESSAGE][PASSED] - Text '' is set on object 'Object Repository/IWP30/Page_EmulatorAgencyX/ZIP'

24-10-2024T08:24:23 - [MESSAGE][PASSED] - Text '' is set on object 'Object Repository/IWP30/Page_EmulatorAgencyX/Order'

24-10-2024T08:24:24 - [MESSAGE][PASSED] - Text '' is set on object 'Object Repository/IWP30/Page_EmulatorAgencyX/Company'

24-10-2024T08:24:24 - [MESSAGE][PASSED] - Text '' is set on object 'Object Repository/IWP30/Page_EmulatorAgencyX/Email'

24-10-2024T08:24:25 - [MESSAGE][PASSED] - Text '' is set on object 'Object Repository/IWP30/Page_EmulatorAgencyX/UDF1'

24-10-2024T08:24:26 - [MESSAGE][PASSED] - Text '' is set on object 'Object Repository/IWP30/Page_EmulatorAgencyX/UDF2'

24-10-2024T08:24:26 - [MESSAGE][PASSED] - Text '' is set on object 'Object Repository/IWP30/Page_EmulatorAgencyX/UDF3'

24-10-2024T08:24:27 - [MESSAGE][PASSED] - Text 'udf data 4' is set on object 'Object Repository/IWP30/Page_EmulatorAgencyX/UDF4'

24-10-2024T08:24:27 - [MESSAGE][PASSED] - Text 'udf data 5' is set on object 'Object Repository/IWP30/Page_EmulatorAgencyX/UDF5'

24-10-2024T08:24:28 - [MESSAGE][PASSED] - Text '' is set on object 'Object Repository/IWP30/Page_EmulatorAgencyX/UDF6'

24-10-2024T08:24:29 - [MESSAGE][PASSED] - Text '' is set on object 'Object Repository/IWP30/Page_EmulatorAgencyX/UDF7'

24-10-2024T08:24:29 - [MESSAGE][PASSED] - Text '' is set on object 'Object Repository/IWP30/Page_EmulatorAgencyX/UDF8'

24-10-2024T08:24:30 - [MESSAGE][PASSED] - Text 'udf data 9' is set on object 'Object Repository/IWP30/Page_EmulatorAgencyX/UDF9'

24-10-2024T08:24:30 - [MESSAGE][PASSED] - Text 'udf data 10' is set on object 'Object Repository/IWP30/Page_EmulatorAgencyX/UDF10'

24-10-2024T08:24:32 - [MESSAGE][PASSED] - Object: 'Object Repository/IWP30/Page_EmulatorAgencyX/Submit' is clicked on

24-10-2024T08:24:36 - [MESSAGE][PASSED] - Browser is closed

24-10-2024T08:24:40 - [MESSAGE][PASSED] - iwpPages.emulatorIWP30.setDataEmulator_DD is PASSED

24-10-2024T08:24:40 - [TEST_STEP][PASSED] - testHarnessURL = urlTestHarness: null

24-10-2024T08:24:40 - [TEST_STEP][PASSED] - openBrowser(testHarnessURL): Browser is opened with url: 'https://dev-algorithm.govolution.com/vrelaytest/QA2/version_2_2/vrelaytest.html'

24-10-2024T08:24:40 - [MESSAGE][INFO] - Starting 'Edge Chromium' driver

24-10-2024T08:24:40 - [MESSAGE][INFO] - User set preference: ['acceptInsecureCerts', 'true']

24-10-2024T08:24:42 - [MESSAGE][INFO] - Action delay is set to 0 milliseconds

24-10-2024T08:24:46 - [MESSAGE][PASSED] - Browser is opened with url: 'https://dev-algorithm.govolution.com/vrelaytest/QA2/version_2_2/vrelaytest.html'

24-10-2024T08:24:46 - [TEST_STEP][PASSED] - maximizeWindow(): Current window maximized

24-10-2024T08:24:46 - [MESSAGE][PASSED] - Current window maximized

24-10-2024T08:24:46 - [TEST_STEP][PASSED] - iwpPages.TestHarnessPage.setDataMethod(row, dataFile): iwpPages.TestHarnessPage.setDataMethod is PASSED

24-10-2024T08:24:46 - [MESSAGE][PASSED] - Object 'Object Repository/IWP30/Page_QATestHarness/RemittanceID' is present

24-10-2024T08:24:47 - [MESSAGE][PASSED] - Text '649' is set on object 'Object Repository/IWP30/Page_QATestHarness/ApplicationID'

24-10-2024T08:24:48 - [MESSAGE][PASSED] - Text '3.0' is set on object 'Object Repository/IWP30/Page_QATestHarness/MessageVersion'

24-10-2024T08:24:48 - [MESSAGE][PASSED] - Text 'qm0n5CGm3cy2' is set on object 'Object Repository/IWP30/Page_QATestHarness/RemittanceID'

24-10-2024T08:24:52 - [MESSAGE][PASSED] - Object: 'Object Repository/IWP30/Page_QATestHarness/SubmitButton' is clicked on

24-10-2024T08:24:52 - [MESSAGE][PASSED] - iwpPages.TestHarnessPage.setDataMethod is PASSED

24-10-2024T08:24:52 - [TEST_STEP][PASSED] - click(findTestObject("Object Repository/IWP30/Page_SelectPaymentMethod/PayByCreditCard")): Object: 'Object Repository/IWP30/Page_SelectPaymentMethod/PayByCreditCard' is clicked on

24-10-2024T08:24:52 - [MESSAGE][PASSED] - Object: 'Object Repository/IWP30/Page_SelectPaymentMethod/PayByCreditCard' is clicked on

24-10-2024T08:24:52 - [TEST_STEP][PASSED] - click(findTestObject("Object Repository/IWP30/Page_SelectPaymentMethod/MakePaymentButton")): Object: 'Object Repository/IWP30/Page_SelectPaymentMethod/MakePaymentButton' is clicked on

24-10-2024T08:24:55 - [MESSAGE][PASSED] - Object: 'Object Repository/IWP30/Page_SelectPaymentMethod/MakePaymentButton' is clicked on

24-10-2024T08:24:55 - [TEST_STEP][PASSED] - iwpPages.ccPaymentEntryPage.setDataCCPM(row, dataFile): iwpPages.ccPaymentEntryPage.setDataCCPM is PASSED

24-10-2024T08:24:56 - [MESSAGE][PASSED] - Object 'Object Repository/IWP30/Page_CCPaymentEntry/Name' is present

24-10-2024T08:24:57 - [MESSAGE][PASSED] - Text '10.50' is set on object 'Object Repository/IWP30/Page_CCPaymentEntry/Amount'

24-10-2024T08:24:57 - [MESSAGE][PASSED] - Text 'udf data 2' is set on object 'Object Repository/IWP30/Page_CCPaymentEntry/UserDefined2'

24-10-2024T08:24:58 - [MESSAGE][PASSED] - Text 'udf data 3' is set on object 'Object Repository/IWP30/Page_CCPaymentEntry/UserDefined3'

24-10-2024T08:24:59 - [MESSAGE][PASSED] - All options with label 'Orange' are selected in object 'Object Repository/IWP30/Page_CCPaymentEntry/UserDefined7' 

24-10-2024T08:24:59 - [MESSAGE][PASSED] - All options with label 'Soccer' are selected in object 'Object Repository/IWP30/Page_CCPaymentEntry/UserDefined8' 

24-10-2024T08:24:59 - [MESSAGE][PASSED] - Object 'Object Repository/IWP30/Page_CCPaymentEntry/Name' is present

24-10-2024T08:25:00 - [MESSAGE][PASSED] - Text 'Kavita Ranawati' is set on object 'Object Repository/IWP30/Page_CCPaymentEntry/Name'

24-10-2024T08:25:00 - [MESSAGE][PASSED] - Object 'Object Repository/IWP30/Page_CCPaymentEntry/CardNumber' is present

24-10-2024T08:25:01 - [MESSAGE][PASSED] - Text '4111111111111111' is set on object 'Object Repository/IWP30/Page_CCPaymentEntry/CardNumber'

24-10-2024T08:25:01 - [MESSAGE][PASSED] - Text '123' is set on object 'Object Repository/IWP30/Page_CCPaymentEntry/SPC'

24-10-2024T08:25:03 - [MESSAGE][PASSED] - Object 'Object Repository/IWP30/Page_CCPaymentEntry/Month' is present

24-10-2024T08:25:03 - [MESSAGE][PASSED] - All options with label '01' are selected in object 'Object Repository/IWP30/Page_CCPaymentEntry/Month' 

24-10-2024T08:25:03 - [MESSAGE][PASSED] - Object 'Object Repository/IWP30/Page_CCPaymentEntry/Year' is present

24-10-2024T08:25:04 - [MESSAGE][PASSED] - All options with label '2028' are selected in object 'Object Repository/IWP30/Page_CCPaymentEntry/Year' 

24-10-2024T08:25:04 - [MESSAGE][PASSED] - Execute JavaScript '
				   document.getElementById('processDate').value = '08/09/2025'
				  ' successfully

24-10-2024T08:25:04 - [MESSAGE][PASSED] - Text '365 Main Avenue' is set on object 'Object Repository/IWP30/Page_CCPaymentEntry/AL1'

24-10-2024T08:25:05 - [MESSAGE][PASSED] - Text '22201' is set on object 'Object Repository/IWP30/Page_CCPaymentEntry/ZIP'

24-10-2024T08:25:05 - [MESSAGE][PASSED] - Object 'Object Repository/IWP30/Page_CCPaymentEntry/EmailAddress' is present

24-10-2024T08:25:06 - [MESSAGE][PASSED] - Text 'iahmed@govolution.com' is set on object 'Object Repository/IWP30/Page_CCPaymentEntry/EmailAddress'

24-10-2024T08:25:07 - [MESSAGE][PASSED] - Object 'Object Repository/IWP30/Page_CCPaymentEntry/TermCondCheckBox' is present

24-10-2024T08:25:07 - [MESSAGE][PASSED] - Object 'Object Repository/IWP30/Page_CCPaymentEntry/TermCondCheckBox' is checked

24-10-2024T08:25:07 - [MESSAGE][PASSED] - Object 'Object Repository/IWP30/Page_CCPaymentEntry/ContinueButton' is present

24-10-2024T08:25:09 - [MESSAGE][PASSED] - Object: 'Object Repository/IWP30/Page_CCPaymentEntry/ContinueButton' is clicked on

24-10-2024T08:25:09 - [MESSAGE][PASSED] - iwpPages.ccPaymentEntryPage.setDataCCPM is PASSED

24-10-2024T08:25:09 - [TEST_STEP][PASSED] - click(findTestObject("Object Repository/IWP30/Page_Confirmation/ConfirmButton")): Object: 'Object Repository/IWP30/Page_Confirmation/ConfirmButton' is clicked on

24-10-2024T08:25:11 - [MESSAGE][PASSED] - Object: 'Object Repository/IWP30/Page_Confirmation/ConfirmButton' is clicked on

24-10-2024T08:25:11 - [TEST_STEP][PASSED] - Thread.sleep(2000): null

24-10-2024T08:25:13 - [TEST_STEP][PASSED] - if (verifyTextPresent("Deferred", false)): null

24-10-2024T08:25:13 - [MESSAGE][PASSED] - Text 'Deferred' is present on page 

24-10-2024T08:25:13 - [TEST_STEP][PASSED] - println("Deferred is present on page. Deferred Pay is created"): null

24-10-2024T08:25:13 - [TEST_STEP][PASSED] - click(findTestObject("Object Repository/IWP30/Page_Receipt/ViewScheduledPaymentsButton")): Object: 'Object Repository/IWP30/Page_Receipt/ViewScheduledPaymentsButton' is clicked on

24-10-2024T08:25:13 - [MESSAGE][PASSED] - Object: 'Object Repository/IWP30/Page_Receipt/ViewScheduledPaymentsButton' is clicked on

24-10-2024T08:25:13 - [TEST_STEP][PASSED] - switchToWindowTitle("View Scheduled Payments"): Switched to window with title: 'View Scheduled Payments'

24-10-2024T08:25:14 - [MESSAGE][PASSED] - Switched to window with title: 'View Scheduled Payments'

24-10-2024T08:25:14 - [TEST_STEP][PASSED] - Thread.sleep(5000): null

24-10-2024T08:25:19 - [TEST_STEP][PASSED] - if (verifyTextPresent("View Scheduled Payments", false)): null

24-10-2024T08:25:19 - [MESSAGE][PASSED] - Text 'View Scheduled Payments' is present on page 

24-10-2024T08:25:19 - [TEST_STEP][PASSED] - click(findTestObject("Object Repository/IWP30/Page_ScheduledPayments/cancel_payment")): Object: 'Object Repository/IWP30/Page_ScheduledPayments/cancel_payment' is clicked on

24-10-2024T08:25:21 - [MESSAGE][PASSED] - Object: 'Object Repository/IWP30/Page_ScheduledPayments/cancel_payment' is clicked on

24-10-2024T08:25:21 - [TEST_STEP][PASSED] - if (verifyTextPresent("Cancel Payment Plan", false)): null

24-10-2024T08:25:21 - [MESSAGE][PASSED] - Text 'Cancel Payment Plan' is present on page 

24-10-2024T08:25:21 - [TEST_STEP][PASSED] - click(findTestObject("Object Repository/IWP30/Page_PaymentPlan/btn_cancel")): Object: 'Object Repository/IWP30/Page_PaymentPlan/btn_cancel' is clicked on

24-10-2024T08:25:21 - [MESSAGE][PASSED] - Object: 'Object Repository/IWP30/Page_PaymentPlan/btn_cancel' is clicked on

24-10-2024T08:25:21 - [TEST_STEP][PASSED] - acceptAlert(): Alert accepted

24-10-2024T08:25:21 - [MESSAGE][PASSED] - Alert accepted

24-10-2024T08:25:21 - [TEST_STEP][PASSED] - if (verifyTextPresent("Your payment plan has been successfully canceled", false)): null

24-10-2024T08:25:23 - [MESSAGE][PASSED] - Text 'Your payment plan has been successfully canceled' is present on page 

24-10-2024T08:25:23 - [TEST_STEP][PASSED] - markPassed("Your payment plan has been successfully created and canceled"): Your payment plan has been successfully created and canceled

24-10-2024T08:25:23 - [MESSAGE][PASSED] - Your payment plan has been successfully created and canceled

24-10-2024T08:25:23 - [TEST_STEP][PASSED] - resText = "Pass": null

24-10-2024T08:25:23 - [TEST_STEP][PASSED] - println(row): null

24-10-2024T08:25:23 - [TEST_STEP][PASSED] - pages.WriteExcel.demoKey(resText, datText, resColumn, datCloumn, fileLoc, nameSheet, row): pages.WriteExcel.demoKey is PASSED

24-10-2024T08:25:23 - [MESSAGE][PASSED] - pages.WriteExcel.demoKey is PASSED

24-10-2024T08:25:23 - [TEST_STEP][PASSED] - closeBrowser(): Browser is closed

24-10-2024T08:25:23 - [MESSAGE][PASSED] - Browser is closed]]></system-out>
         <system-err><![CDATA[]]></system-err>
      </testcase>
      <testcase name="Test Cases/IntegratedWeb/IWP25/Payments/CCDeferredPC" time="245.422" classname="Test Cases/IntegratedWeb/IWP25/Payments/CCDeferredPC" status="PASSED">
         <system-out><![CDATA[24-10-2024T08:25:23 - [TEST_CASE][PASSED] - Test Cases/IntegratedWeb/IWP25/Payments/CCDeferredPC: Test Cases/IntegratedWeb/IWP25/Payments/CCDeferredPC

24-10-2024T08:25:24 - [TEST_STEP][PASSED] - resText = "Fail": null

24-10-2024T08:25:24 - [TEST_STEP][PASSED] - resColumn = "Result": null

24-10-2024T08:25:24 - [TEST_STEP][PASSED] - datCloumn = "Date": null

24-10-2024T08:25:24 - [TEST_STEP][PASSED] - fileLoc = "KatalonData/IWPTestData/VRelay25PaymentsExtension.xlsx": null

24-10-2024T08:25:24 - [TEST_STEP][PASSED] - numOfRows = <not implemented yet for class: org.codehaus.groovy.ast.expr.EmptyExpression>: null

24-10-2024T08:25:24 - [TEST_STEP][PASSED] - dataFile = <not implemented yet for class: org.codehaus.groovy.ast.expr.EmptyExpression>: null

24-10-2024T08:25:24 - [TEST_STEP][PASSED] - nameSheet = <not implemented yet for class: org.codehaus.groovy.ast.expr.EmptyExpression>: null

24-10-2024T08:25:24 - [TEST_STEP][PASSED] - dataFileEmulator = <not implemented yet for class: org.codehaus.groovy.ast.expr.EmptyExpression>: null

24-10-2024T08:25:24 - [TEST_STEP][PASSED] - isRequiredTextPresent = false: null

24-10-2024T08:25:24 - [TEST_STEP][PASSED] - nameSheet = "CCDeferredPlanPC": null

24-10-2024T08:25:24 - [TEST_STEP][PASSED] - dataFile = "IWPTestData/IWP25CCDeferredPC": null

24-10-2024T08:25:24 - [TEST_STEP][PASSED] - dataFileEmulator = "IWPTestData/EmulatorData": null

24-10-2024T08:25:24 - [TEST_STEP][PASSED] - numOfRows = findTestData(dataFile).getRowNumbers(): null

24-10-2024T08:25:24 - [TEST_STEP][PASSED] - println("Number of Records: " + numOfRows): null

24-10-2024T08:25:24 - [TEST_STEP][PASSED] - for ([row = 1, row <= numOfRows, (row++)]): Browser is closed

24-10-2024T08:25:24 - [TEST_STEP][PASSED] - ExecuteTC = findTestData(dataFile).getValue("Execute", row): null

24-10-2024T08:25:24 - [TEST_STEP][PASSED] - out.println("Value of Execute is : " + ExecuteTC): null

24-10-2024T08:25:24 - [TEST_STEP][PASSED] - if (ExecuteTC.equalsIgnoreCase("Y")): null

24-10-2024T08:25:24 - [TEST_STEP][PASSED] - out.println("Begin Record Number: " + row): null

24-10-2024T08:25:24 - [TEST_STEP][PASSED] - today = new java.util.Date(): null

24-10-2024T08:25:24 - [TEST_STEP][PASSED] - println(today): null

24-10-2024T08:25:24 - [TEST_STEP][PASSED] - datText = today: null

24-10-2024T08:25:24 - [TEST_STEP][PASSED] - EmulatorDataKey = findTestData(dataFile).getValue("EmulatorData", row): null

24-10-2024T08:25:24 - [TEST_STEP][PASSED] - out.println("Value of Emulator Key is : " + EmulatorDataKey): null

24-10-2024T08:25:24 - [TEST_STEP][PASSED] - iwpPages.emulatorIWP30.setDataEmulator_DD(EmulatorDataKey): iwpPages.emulatorIWP30.setDataEmulator_DD is PASSED

24-10-2024T08:25:24 - [MESSAGE][INFO] - Starting 'Edge Chromium' driver

24-10-2024T08:25:24 - [MESSAGE][INFO] - User set preference: ['acceptInsecureCerts', 'true']

24-10-2024T08:25:27 - [MESSAGE][INFO] - Action delay is set to 0 milliseconds

24-10-2024T08:25:30 - [MESSAGE][PASSED] - Browser is opened with url: 'https://qa2.velocitypayment.com/agencyx/config.action?action=editor&message_version=2_5'

24-10-2024T08:25:31 - [MESSAGE][PASSED] - Current window maximized

24-10-2024T08:26:02 - [MESSAGE][INFO] - Unable to find the element located by 'By.xpath: //select[@name='message_version']'. Please recheck the objects properties to make sure the desired element is located. 

24-10-2024T08:26:02 - [MESSAGE][WARNING] - [SELF-HEALING] Failed to find element with id 'Object Repository/IWP30/Page_VRelay30Emulator/MV'. Try using Self-healing.

24-10-2024T08:26:02 - [MESSAGE][WARNING] - [SELF-HEALING] The current locator of test object 'Object Repository/IWP30/Page_VRelay30Emulator/MV' was broken. Propose an alternative one: '(.//*[normalize-space(text()) and normalize-space(.)='Message Version'])[1]/following::select[1]'.

24-10-2024T08:26:03 - [MESSAGE][PASSED] - All options with value '2.5' are selected in object 'Object Repository/IWP30/Page_VRelay30Emulator/MV'  using regular expression

24-10-2024T08:26:04 - [MESSAGE][PASSED] - Text '10.50' is set on object 'Object Repository/IWP30/Page_EmulatorAgencyX/Amount'

24-10-2024T08:26:04 - [MESSAGE][PASSED] - Text 'Q8Yv2Fwgeiu0' is set on object 'Object Repository/IWP30/Page_EmulatorAgencyX/CAN'

24-10-2024T08:26:05 - [MESSAGE][PASSED] - Text 'PayNow' is set on object 'Object Repository/IWP30/Page_EmulatorAgencyX/Action'

24-10-2024T08:26:05 - [MESSAGE][PASSED] - Text 'en_US' is set on object 'Object Repository/IWP30/Page_EmulatorAgencyX/Lang'

24-10-2024T08:26:06 - [MESSAGE][PASSED] - Text '' is set on object 'Object Repository/IWP30/Page_EmulatorAgencyX/Fname'

24-10-2024T08:26:07 - [MESSAGE][PASSED] - Text '' is set on object 'Object Repository/IWP30/Page_EmulatorAgencyX/Lname'

24-10-2024T08:26:07 - [MESSAGE][PASSED] - Text '' is set on object 'Object Repository/IWP30/Page_EmulatorAgencyX/AL1'

24-10-2024T08:26:08 - [MESSAGE][PASSED] - Text '' is set on object 'Object Repository/IWP30/Page_EmulatorAgencyX/AL2'

24-10-2024T08:26:08 - [MESSAGE][PASSED] - Text '' is set on object 'Object Repository/IWP30/Page_EmulatorAgencyX/Country'

24-10-2024T08:26:09 - [MESSAGE][PASSED] - Text '' is set on object 'Object Repository/IWP30/Page_EmulatorAgencyX/City'

24-10-2024T08:26:09 - [MESSAGE][PASSED] - Text '' is set on object 'Object Repository/IWP30/Page_EmulatorAgencyX/State'

24-10-2024T08:26:10 - [MESSAGE][PASSED] - Text '' is set on object 'Object Repository/IWP30/Page_EmulatorAgencyX/ZIP'

24-10-2024T08:26:11 - [MESSAGE][PASSED] - Text '' is set on object 'Object Repository/IWP30/Page_EmulatorAgencyX/Order'

24-10-2024T08:26:11 - [MESSAGE][PASSED] - Text '' is set on object 'Object Repository/IWP30/Page_EmulatorAgencyX/Company'

24-10-2024T08:26:12 - [MESSAGE][PASSED] - Text '' is set on object 'Object Repository/IWP30/Page_EmulatorAgencyX/Email'

24-10-2024T08:26:12 - [MESSAGE][PASSED] - Text '' is set on object 'Object Repository/IWP30/Page_EmulatorAgencyX/UDF1'

24-10-2024T08:26:13 - [MESSAGE][PASSED] - Text '' is set on object 'Object Repository/IWP30/Page_EmulatorAgencyX/UDF2'

24-10-2024T08:26:13 - [MESSAGE][PASSED] - Text '' is set on object 'Object Repository/IWP30/Page_EmulatorAgencyX/UDF3'

24-10-2024T08:26:14 - [MESSAGE][PASSED] - Text 'udf data 4' is set on object 'Object Repository/IWP30/Page_EmulatorAgencyX/UDF4'

24-10-2024T08:26:15 - [MESSAGE][PASSED] - Text 'udf data 5' is set on object 'Object Repository/IWP30/Page_EmulatorAgencyX/UDF5'

24-10-2024T08:26:15 - [MESSAGE][PASSED] - Text '' is set on object 'Object Repository/IWP30/Page_EmulatorAgencyX/UDF6'

24-10-2024T08:26:16 - [MESSAGE][PASSED] - Text '' is set on object 'Object Repository/IWP30/Page_EmulatorAgencyX/UDF7'

24-10-2024T08:26:16 - [MESSAGE][PASSED] - Text '' is set on object 'Object Repository/IWP30/Page_EmulatorAgencyX/UDF8'

24-10-2024T08:26:17 - [MESSAGE][PASSED] - Text 'udf data 9' is set on object 'Object Repository/IWP30/Page_EmulatorAgencyX/UDF9'

24-10-2024T08:26:18 - [MESSAGE][PASSED] - Text 'udf data 10' is set on object 'Object Repository/IWP30/Page_EmulatorAgencyX/UDF10'

24-10-2024T08:26:19 - [MESSAGE][PASSED] - Object: 'Object Repository/IWP30/Page_EmulatorAgencyX/Submit' is clicked on

24-10-2024T08:26:23 - [MESSAGE][PASSED] - Browser is closed

24-10-2024T08:26:27 - [MESSAGE][PASSED] - iwpPages.emulatorIWP30.setDataEmulator_DD is PASSED

24-10-2024T08:26:27 - [TEST_STEP][PASSED] - testHarnessURL = urlTestHarness: null

24-10-2024T08:26:27 - [TEST_STEP][PASSED] - openBrowser(testHarnessURL): Browser is opened with url: 'https://dev-algorithm.govolution.com/vrelaytest/QA2/version_2_2/vrelaytest.html'

24-10-2024T08:26:27 - [MESSAGE][INFO] - Starting 'Edge Chromium' driver

24-10-2024T08:26:27 - [MESSAGE][INFO] - User set preference: ['acceptInsecureCerts', 'true']

24-10-2024T08:26:29 - [MESSAGE][INFO] - Action delay is set to 0 milliseconds

24-10-2024T08:26:33 - [MESSAGE][PASSED] - Browser is opened with url: 'https://dev-algorithm.govolution.com/vrelaytest/QA2/version_2_2/vrelaytest.html'

24-10-2024T08:26:33 - [TEST_STEP][PASSED] - maximizeWindow(): Current window maximized

24-10-2024T08:26:33 - [MESSAGE][PASSED] - Current window maximized

24-10-2024T08:26:33 - [TEST_STEP][PASSED] - iwpPages.TestHarnessPage.setDataMethod(row, dataFile): iwpPages.TestHarnessPage.setDataMethod is PASSED

24-10-2024T08:26:34 - [MESSAGE][PASSED] - Object 'Object Repository/IWP30/Page_QATestHarness/RemittanceID' is present

24-10-2024T08:26:34 - [MESSAGE][PASSED] - Text '638' is set on object 'Object Repository/IWP30/Page_QATestHarness/ApplicationID'

24-10-2024T08:26:35 - [MESSAGE][PASSED] - Text '2.5' is set on object 'Object Repository/IWP30/Page_QATestHarness/MessageVersion'

24-10-2024T08:26:36 - [MESSAGE][PASSED] - Text '74lqcSRWDiXJ' is set on object 'Object Repository/IWP30/Page_QATestHarness/RemittanceID'

24-10-2024T08:26:39 - [MESSAGE][PASSED] - Object: 'Object Repository/IWP30/Page_QATestHarness/SubmitButton' is clicked on

24-10-2024T08:26:39 - [MESSAGE][PASSED] - iwpPages.TestHarnessPage.setDataMethod is PASSED

24-10-2024T08:26:39 - [TEST_STEP][PASSED] - click(findTestObject("Object Repository/IWP30/Page_SelectPaymentMethod/PayByPersonalCheck")): Object: 'Object Repository/IWP30/Page_SelectPaymentMethod/PayByPersonalCheck' is clicked on

24-10-2024T08:26:39 - [MESSAGE][PASSED] - Object: 'Object Repository/IWP30/Page_SelectPaymentMethod/PayByPersonalCheck' is clicked on

24-10-2024T08:26:39 - [TEST_STEP][PASSED] - click(findTestObject("Object Repository/IWP30/Page_SelectPaymentMethod/MakePaymentButton")): Object: 'Object Repository/IWP30/Page_SelectPaymentMethod/MakePaymentButton' is clicked on

24-10-2024T08:26:42 - [MESSAGE][PASSED] - Object: 'Object Repository/IWP30/Page_SelectPaymentMethod/MakePaymentButton' is clicked on

24-10-2024T08:26:42 - [TEST_STEP][PASSED] - iwpPages.achPersonalPaymentEntryPage.setDataACHPPM(row, dataFile): iwpPages.achPersonalPaymentEntryPage.setDataACHPPM is PASSED

24-10-2024T08:26:43 - [MESSAGE][PASSED] - Object 'Object Repository/IWP30/Page_ACHPersonalPaymentEntry/txt_accountNumber' is present

24-10-2024T08:26:44 - [MESSAGE][PASSED] - Text '10.50' is set on object 'Object Repository/IWP30/Page_ACHPersonalPaymentEntry/txt_Amount'

24-10-2024T08:26:44 - [MESSAGE][PASSED] - Object 'Object Repository/IWP30/Page_ACHPersonalPaymentEntry/txt_UDF2' is present

24-10-2024T08:26:45 - [MESSAGE][PASSED] - Text 'udf data 2' is set on object 'Object Repository/IWP30/Page_ACHPersonalPaymentEntry/txt_UDF2'

24-10-2024T08:26:45 - [MESSAGE][PASSED] - Text 'udf data 3' is set on object 'Object Repository/IWP30/Page_ACHPersonalPaymentEntry/txt_UDF3'

24-10-2024T08:26:46 - [MESSAGE][PASSED] - All options with label 'Orange' are selected in object 'Object Repository/IWP30/Page_ACHPersonalPaymentEntry/dd_UDF7' 

24-10-2024T08:26:46 - [MESSAGE][PASSED] - All options with label 'Soccer' are selected in object 'Object Repository/IWP30/Page_ACHPersonalPaymentEntry/dd_UDF8' 

24-10-2024T08:26:46 - [MESSAGE][PASSED] - Object 'Object Repository/IWP30/Page_ACHPersonalPaymentEntry/txt_Firstname' is present

24-10-2024T08:26:47 - [MESSAGE][PASSED] - Text 'Elizath' is set on object 'Object Repository/IWP30/Page_ACHPersonalPaymentEntry/txt_Firstname'

24-10-2024T08:26:47 - [MESSAGE][PASSED] - Object 'Object Repository/IWP30/Page_ACHPersonalPaymentEntry/txt_Lastname' is present

24-10-2024T08:26:48 - [MESSAGE][PASSED] - Text 'Christine' is set on object 'Object Repository/IWP30/Page_ACHPersonalPaymentEntry/txt_Lastname'

24-10-2024T08:26:48 - [MESSAGE][PASSED] - Object 'Object Repository/IWP30/Page_ACHPersonalPaymentEntry/txt_routingNumber' is present

24-10-2024T08:26:49 - [MESSAGE][PASSED] - Text '256072691' is set on object 'Object Repository/IWP30/Page_ACHPersonalPaymentEntry/txt_routingNumber'

24-10-2024T08:26:49 - [MESSAGE][PASSED] - Object 'Object Repository/IWP30/Page_ACHPersonalPaymentEntry/txt_accountNumber' is present

24-10-2024T08:26:50 - [MESSAGE][PASSED] - Text '12344444' is set on object 'Object Repository/IWP30/Page_ACHPersonalPaymentEntry/txt_accountNumber'

24-10-2024T08:26:51 - [MESSAGE][PASSED] - Object 'Object Repository/IWP30/Page_ACHPersonalPaymentEntry/txt_confirmAccountNumber' is present

24-10-2024T08:26:51 - [MESSAGE][PASSED] - Text '12344444' is set on object 'Object Repository/IWP30/Page_ACHPersonalPaymentEntry/txt_confirmAccountNumber'

24-10-2024T08:26:52 - [MESSAGE][PASSED] - Object 'Object Repository/IWP30/Page_ACHPersonalPaymentEntry/rd_accountType' is present

24-10-2024T08:26:52 - [MESSAGE][PASSED] - Modify property of object successfully

24-10-2024T08:26:52 - [MESSAGE][PASSED] - Object: 'Object Repository/IWP30/Page_ACHPersonalPaymentEntry/rd_accountType' is clicked on

24-10-2024T08:26:52 - [MESSAGE][PASSED] - Execute JavaScript '
				   document.getElementById('processDate').value = '08/09/2025'
				  ' successfully

24-10-2024T08:26:53 - [MESSAGE][PASSED] - Text '365 Main Avenue' is set on object 'Object Repository/IWP30/Page_ACHPersonalPaymentEntry/txt_AL1'

24-10-2024T08:26:53 - [MESSAGE][PASSED] - Text '22201' is set on object 'Object Repository/IWP30/Page_ACHPersonalPaymentEntry/txt_ZIP'

24-10-2024T08:26:54 - [MESSAGE][PASSED] - Object 'Object Repository/IWP30/Page_ACHPersonalPaymentEntry/txt_Email' is present

24-10-2024T08:26:55 - [MESSAGE][PASSED] - Text 'iahmed@govolution.com' is set on object 'Object Repository/IWP30/Page_ACHPersonalPaymentEntry/txt_Email'

24-10-2024T08:26:55 - [MESSAGE][PASSED] - Object 'Object Repository/IWP30/Page_ACHPersonalPaymentEntry/cb_TermsAndCond' is present

24-10-2024T08:26:55 - [MESSAGE][PASSED] - Object: 'Object Repository/IWP30/Page_ACHPersonalPaymentEntry/cb_TermsAndCond' is clicked on

24-10-2024T08:26:56 - [MESSAGE][PASSED] - Object 'Object Repository/IWP30/Page_ACHPersonalPaymentEntry/btn_Continue' is present

24-10-2024T08:26:57 - [MESSAGE][PASSED] - Object: 'Object Repository/IWP30/Page_ACHPersonalPaymentEntry/btn_Continue' is clicked on

24-10-2024T08:26:57 - [MESSAGE][PASSED] - iwpPages.achPersonalPaymentEntryPage.setDataACHPPM is PASSED

24-10-2024T08:26:57 - [TEST_STEP][PASSED] - click(findTestObject("Object Repository/IWP30/Page_Confirmation/ConfirmButton")): Object: 'Object Repository/IWP30/Page_Confirmation/ConfirmButton' is clicked on

24-10-2024T08:26:59 - [MESSAGE][PASSED] - Object: 'Object Repository/IWP30/Page_Confirmation/ConfirmButton' is clicked on

24-10-2024T08:26:59 - [TEST_STEP][PASSED] - Thread.sleep(2000): null

24-10-2024T08:27:01 - [TEST_STEP][PASSED] - if (verifyTextPresent("Deferred", false)): null

24-10-2024T08:27:02 - [MESSAGE][PASSED] - Text 'Deferred' is present on page 

24-10-2024T08:27:02 - [TEST_STEP][PASSED] - println("Deferred is present on page. Deferred Pay is created"): null

24-10-2024T08:27:02 - [TEST_STEP][PASSED] - click(findTestObject("Object Repository/IWP30/Page_Receipt/ViewScheduledPaymentsButton")): Object: 'Object Repository/IWP30/Page_Receipt/ViewScheduledPaymentsButton' is clicked on

24-10-2024T08:27:02 - [MESSAGE][PASSED] - Object: 'Object Repository/IWP30/Page_Receipt/ViewScheduledPaymentsButton' is clicked on

24-10-2024T08:27:02 - [TEST_STEP][PASSED] - switchToWindowTitle("View Scheduled Payments"): Switched to window with title: 'View Scheduled Payments'

24-10-2024T08:27:02 - [MESSAGE][PASSED] - Switched to window with title: 'View Scheduled Payments'

24-10-2024T08:27:02 - [TEST_STEP][PASSED] - Thread.sleep(5000): null

24-10-2024T08:27:07 - [TEST_STEP][PASSED] - if (verifyTextPresent("View Scheduled Payments", false)): null

24-10-2024T08:27:08 - [MESSAGE][PASSED] - Text 'View Scheduled Payments' is present on page 

24-10-2024T08:27:08 - [TEST_STEP][PASSED] - click(findTestObject("Object Repository/IWP30/Page_ScheduledPayments/cancel_payment")): Object: 'Object Repository/IWP30/Page_ScheduledPayments/cancel_payment' is clicked on

24-10-2024T08:27:09 - [MESSAGE][PASSED] - Object: 'Object Repository/IWP30/Page_ScheduledPayments/cancel_payment' is clicked on

24-10-2024T08:27:09 - [TEST_STEP][PASSED] - if (verifyTextPresent("Cancel Payment Plan", false)): null

24-10-2024T08:27:10 - [MESSAGE][PASSED] - Text 'Cancel Payment Plan' is present on page 

24-10-2024T08:27:10 - [TEST_STEP][PASSED] - click(findTestObject("Object Repository/IWP30/Page_PaymentPlan/btn_cancel")): Object: 'Object Repository/IWP30/Page_PaymentPlan/btn_cancel' is clicked on

24-10-2024T08:27:10 - [MESSAGE][PASSED] - Object: 'Object Repository/IWP30/Page_PaymentPlan/btn_cancel' is clicked on

24-10-2024T08:27:10 - [TEST_STEP][PASSED] - acceptAlert(): Alert accepted

24-10-2024T08:27:10 - [MESSAGE][PASSED] - Alert accepted

24-10-2024T08:27:10 - [TEST_STEP][PASSED] - if (verifyTextPresent("Your payment plan has been successfully canceled", false)): null

24-10-2024T08:27:12 - [MESSAGE][PASSED] - Text 'Your payment plan has been successfully canceled' is present on page 

24-10-2024T08:27:12 - [TEST_STEP][PASSED] - markPassed("Your payment plan has been successfully created and canceled"): Your payment plan has been successfully created and canceled

24-10-2024T08:27:12 - [MESSAGE][PASSED] - Your payment plan has been successfully created and canceled

24-10-2024T08:27:12 - [TEST_STEP][PASSED] - resText = "Pass": null

24-10-2024T08:27:12 - [TEST_STEP][PASSED] - println(row): null

24-10-2024T08:27:12 - [TEST_STEP][PASSED] - pages.WriteExcel.demoKey(resText, datText, resColumn, datCloumn, fileLoc, nameSheet, row): pages.WriteExcel.demoKey is PASSED

24-10-2024T08:27:12 - [MESSAGE][PASSED] - pages.WriteExcel.demoKey is PASSED

24-10-2024T08:27:12 - [TEST_STEP][PASSED] - closeBrowser(): Browser is closed

24-10-2024T08:27:12 - [MESSAGE][PASSED] - Browser is closed

24-10-2024T08:27:12 - [TEST_STEP][PASSED] - ExecuteTC = findTestData(dataFile).getValue("Execute", row): null

24-10-2024T08:27:12 - [TEST_STEP][PASSED] - out.println("Value of Execute is : " + ExecuteTC): null

24-10-2024T08:27:12 - [TEST_STEP][PASSED] - if (ExecuteTC.equalsIgnoreCase("Y")): null

24-10-2024T08:27:12 - [TEST_STEP][PASSED] - out.println("Begin Record Number: " + row): null

24-10-2024T08:27:12 - [TEST_STEP][PASSED] - today = new java.util.Date(): null

24-10-2024T08:27:12 - [TEST_STEP][PASSED] - println(today): null

24-10-2024T08:27:12 - [TEST_STEP][PASSED] - datText = today: null

24-10-2024T08:27:12 - [TEST_STEP][PASSED] - EmulatorDataKey = findTestData(dataFile).getValue("EmulatorData", row): null

24-10-2024T08:27:12 - [TEST_STEP][PASSED] - out.println("Value of Emulator Key is : " + EmulatorDataKey): null

24-10-2024T08:27:12 - [TEST_STEP][PASSED] - iwpPages.emulatorIWP30.setDataEmulator_DD(EmulatorDataKey): iwpPages.emulatorIWP30.setDataEmulator_DD is PASSED

24-10-2024T08:27:13 - [MESSAGE][INFO] - Starting 'Edge Chromium' driver

24-10-2024T08:27:13 - [MESSAGE][INFO] - User set preference: ['acceptInsecureCerts', 'true']

24-10-2024T08:27:15 - [MESSAGE][INFO] - Action delay is set to 0 milliseconds

24-10-2024T08:27:18 - [MESSAGE][PASSED] - Browser is opened with url: 'https://qa2.velocitypayment.com/agencyx/config.action?action=editor&message_version=3_0'

24-10-2024T08:27:18 - [MESSAGE][PASSED] - Current window maximized

24-10-2024T08:27:49 - [MESSAGE][INFO] - Unable to find the element located by 'By.xpath: //select[@name='message_version']'. Please recheck the objects properties to make sure the desired element is located. 

24-10-2024T08:27:49 - [MESSAGE][WARNING] - [SELF-HEALING] Failed to find element with id 'Object Repository/IWP30/Page_VRelay30Emulator/MV'. Try using Self-healing.

24-10-2024T08:27:50 - [MESSAGE][WARNING] - [SELF-HEALING] The current locator of test object 'Object Repository/IWP30/Page_VRelay30Emulator/MV' was broken. Propose an alternative one: '(.//*[normalize-space(text()) and normalize-space(.)='Message Version'])[1]/following::select[1]'.

24-10-2024T08:27:50 - [MESSAGE][PASSED] - All options with value '3.0' are selected in object 'Object Repository/IWP30/Page_VRelay30Emulator/MV'  using regular expression

24-10-2024T08:27:51 - [MESSAGE][PASSED] - Text '10.50' is set on object 'Object Repository/IWP30/Page_EmulatorAgencyX/Amount'

24-10-2024T08:27:52 - [MESSAGE][PASSED] - Text 'u8qlc3Wx5LEn' is set on object 'Object Repository/IWP30/Page_EmulatorAgencyX/CAN'

24-10-2024T08:27:52 - [MESSAGE][PASSED] - Text 'PayNow' is set on object 'Object Repository/IWP30/Page_EmulatorAgencyX/Action'

24-10-2024T08:27:53 - [MESSAGE][PASSED] - Text 'en_US' is set on object 'Object Repository/IWP30/Page_EmulatorAgencyX/Lang'

24-10-2024T08:27:53 - [MESSAGE][PASSED] - Text '' is set on object 'Object Repository/IWP30/Page_EmulatorAgencyX/Fname'

24-10-2024T08:27:54 - [MESSAGE][PASSED] - Text '' is set on object 'Object Repository/IWP30/Page_EmulatorAgencyX/Lname'

24-10-2024T08:27:54 - [MESSAGE][PASSED] - Text '' is set on object 'Object Repository/IWP30/Page_EmulatorAgencyX/AL1'

24-10-2024T08:27:55 - [MESSAGE][PASSED] - Text '' is set on object 'Object Repository/IWP30/Page_EmulatorAgencyX/AL2'

24-10-2024T08:27:56 - [MESSAGE][PASSED] - Text '' is set on object 'Object Repository/IWP30/Page_EmulatorAgencyX/Country'

24-10-2024T08:27:56 - [MESSAGE][PASSED] - Text '' is set on object 'Object Repository/IWP30/Page_EmulatorAgencyX/City'

24-10-2024T08:27:57 - [MESSAGE][PASSED] - Text '' is set on object 'Object Repository/IWP30/Page_EmulatorAgencyX/State'

24-10-2024T08:27:57 - [MESSAGE][PASSED] - Text '' is set on object 'Object Repository/IWP30/Page_EmulatorAgencyX/ZIP'

24-10-2024T08:27:58 - [MESSAGE][PASSED] - Text '' is set on object 'Object Repository/IWP30/Page_EmulatorAgencyX/Order'

24-10-2024T08:27:58 - [MESSAGE][PASSED] - Text '' is set on object 'Object Repository/IWP30/Page_EmulatorAgencyX/Company'

24-10-2024T08:27:59 - [MESSAGE][PASSED] - Text '' is set on object 'Object Repository/IWP30/Page_EmulatorAgencyX/Email'

24-10-2024T08:28:00 - [MESSAGE][PASSED] - Text '' is set on object 'Object Repository/IWP30/Page_EmulatorAgencyX/UDF1'

24-10-2024T08:28:00 - [MESSAGE][PASSED] - Text '' is set on object 'Object Repository/IWP30/Page_EmulatorAgencyX/UDF2'

24-10-2024T08:28:01 - [MESSAGE][PASSED] - Text '' is set on object 'Object Repository/IWP30/Page_EmulatorAgencyX/UDF3'

24-10-2024T08:28:01 - [MESSAGE][PASSED] - Text 'udf data 4' is set on object 'Object Repository/IWP30/Page_EmulatorAgencyX/UDF4'

24-10-2024T08:28:02 - [MESSAGE][PASSED] - Text 'udf data 5' is set on object 'Object Repository/IWP30/Page_EmulatorAgencyX/UDF5'

24-10-2024T08:28:03 - [MESSAGE][PASSED] - Text '' is set on object 'Object Repository/IWP30/Page_EmulatorAgencyX/UDF6'

24-10-2024T08:28:03 - [MESSAGE][PASSED] - Text '' is set on object 'Object Repository/IWP30/Page_EmulatorAgencyX/UDF7'

24-10-2024T08:28:04 - [MESSAGE][PASSED] - Text '' is set on object 'Object Repository/IWP30/Page_EmulatorAgencyX/UDF8'

24-10-2024T08:28:04 - [MESSAGE][PASSED] - Text 'udf data 9' is set on object 'Object Repository/IWP30/Page_EmulatorAgencyX/UDF9'

24-10-2024T08:28:05 - [MESSAGE][PASSED] - Text 'udf data 10' is set on object 'Object Repository/IWP30/Page_EmulatorAgencyX/UDF10'

24-10-2024T08:28:06 - [MESSAGE][PASSED] - Object: 'Object Repository/IWP30/Page_EmulatorAgencyX/Submit' is clicked on

24-10-2024T08:28:11 - [MESSAGE][PASSED] - Browser is closed

24-10-2024T08:28:15 - [MESSAGE][PASSED] - iwpPages.emulatorIWP30.setDataEmulator_DD is PASSED

24-10-2024T08:28:15 - [TEST_STEP][PASSED] - testHarnessURL = urlTestHarness: null

24-10-2024T08:28:15 - [TEST_STEP][PASSED] - openBrowser(testHarnessURL): Browser is opened with url: 'https://dev-algorithm.govolution.com/vrelaytest/QA2/version_2_2/vrelaytest.html'

24-10-2024T08:28:15 - [MESSAGE][INFO] - Starting 'Edge Chromium' driver

24-10-2024T08:28:15 - [MESSAGE][INFO] - User set preference: ['acceptInsecureCerts', 'true']

24-10-2024T08:28:17 - [MESSAGE][INFO] - Action delay is set to 0 milliseconds

24-10-2024T08:28:20 - [MESSAGE][PASSED] - Browser is opened with url: 'https://dev-algorithm.govolution.com/vrelaytest/QA2/version_2_2/vrelaytest.html'

24-10-2024T08:28:20 - [TEST_STEP][PASSED] - maximizeWindow(): Current window maximized

24-10-2024T08:28:21 - [MESSAGE][PASSED] - Current window maximized

24-10-2024T08:28:21 - [TEST_STEP][PASSED] - iwpPages.TestHarnessPage.setDataMethod(row, dataFile): iwpPages.TestHarnessPage.setDataMethod is PASSED

24-10-2024T08:28:21 - [MESSAGE][PASSED] - Object 'Object Repository/IWP30/Page_QATestHarness/RemittanceID' is present

24-10-2024T08:28:22 - [MESSAGE][PASSED] - Text '649' is set on object 'Object Repository/IWP30/Page_QATestHarness/ApplicationID'

24-10-2024T08:28:22 - [MESSAGE][PASSED] - Text '3.0' is set on object 'Object Repository/IWP30/Page_QATestHarness/MessageVersion'

24-10-2024T08:28:23 - [MESSAGE][PASSED] - Text 'd9QSMjOywb0X' is set on object 'Object Repository/IWP30/Page_QATestHarness/RemittanceID'

24-10-2024T08:28:26 - [MESSAGE][PASSED] - Object: 'Object Repository/IWP30/Page_QATestHarness/SubmitButton' is clicked on

24-10-2024T08:28:26 - [MESSAGE][PASSED] - iwpPages.TestHarnessPage.setDataMethod is PASSED

24-10-2024T08:28:26 - [TEST_STEP][PASSED] - click(findTestObject("Object Repository/IWP30/Page_SelectPaymentMethod/PayByPersonalCheck")): Object: 'Object Repository/IWP30/Page_SelectPaymentMethod/PayByPersonalCheck' is clicked on

24-10-2024T08:28:27 - [MESSAGE][PASSED] - Object: 'Object Repository/IWP30/Page_SelectPaymentMethod/PayByPersonalCheck' is clicked on

24-10-2024T08:28:27 - [TEST_STEP][PASSED] - click(findTestObject("Object Repository/IWP30/Page_SelectPaymentMethod/MakePaymentButton")): Object: 'Object Repository/IWP30/Page_SelectPaymentMethod/MakePaymentButton' is clicked on

24-10-2024T08:28:29 - [MESSAGE][PASSED] - Object: 'Object Repository/IWP30/Page_SelectPaymentMethod/MakePaymentButton' is clicked on

24-10-2024T08:28:29 - [TEST_STEP][PASSED] - iwpPages.achPersonalPaymentEntryPage.setDataACHPPM(row, dataFile): iwpPages.achPersonalPaymentEntryPage.setDataACHPPM is PASSED

24-10-2024T08:28:30 - [MESSAGE][PASSED] - Object 'Object Repository/IWP30/Page_ACHPersonalPaymentEntry/txt_accountNumber' is present

24-10-2024T08:28:31 - [MESSAGE][PASSED] - Text '10.50' is set on object 'Object Repository/IWP30/Page_ACHPersonalPaymentEntry/txt_Amount'

24-10-2024T08:28:31 - [MESSAGE][PASSED] - Object 'Object Repository/IWP30/Page_ACHPersonalPaymentEntry/txt_UDF2' is present

24-10-2024T08:28:32 - [MESSAGE][PASSED] - Text 'udf data 2' is set on object 'Object Repository/IWP30/Page_ACHPersonalPaymentEntry/txt_UDF2'

24-10-2024T08:28:32 - [MESSAGE][PASSED] - Text 'udf data 3' is set on object 'Object Repository/IWP30/Page_ACHPersonalPaymentEntry/txt_UDF3'

24-10-2024T08:28:33 - [MESSAGE][PASSED] - All options with label 'Orange' are selected in object 'Object Repository/IWP30/Page_ACHPersonalPaymentEntry/dd_UDF7' 

24-10-2024T08:28:33 - [MESSAGE][PASSED] - All options with label 'Soccer' are selected in object 'Object Repository/IWP30/Page_ACHPersonalPaymentEntry/dd_UDF8' 

24-10-2024T08:28:34 - [MESSAGE][PASSED] - Object 'Object Repository/IWP30/Page_ACHPersonalPaymentEntry/txt_Firstname' is present

24-10-2024T08:28:34 - [MESSAGE][PASSED] - Text 'Elizath' is set on object 'Object Repository/IWP30/Page_ACHPersonalPaymentEntry/txt_Firstname'

24-10-2024T08:28:34 - [MESSAGE][PASSED] - Object 'Object Repository/IWP30/Page_ACHPersonalPaymentEntry/txt_Lastname' is present

24-10-2024T08:28:35 - [MESSAGE][PASSED] - Text 'Christine' is set on object 'Object Repository/IWP30/Page_ACHPersonalPaymentEntry/txt_Lastname'

24-10-2024T08:28:35 - [MESSAGE][PASSED] - Object 'Object Repository/IWP30/Page_ACHPersonalPaymentEntry/txt_routingNumber' is present

24-10-2024T08:28:36 - [MESSAGE][PASSED] - Text '256072691' is set on object 'Object Repository/IWP30/Page_ACHPersonalPaymentEntry/txt_routingNumber'

24-10-2024T08:28:36 - [MESSAGE][PASSED] - Object 'Object Repository/IWP30/Page_ACHPersonalPaymentEntry/txt_accountNumber' is present

24-10-2024T08:28:37 - [MESSAGE][PASSED] - Text '12344444' is set on object 'Object Repository/IWP30/Page_ACHPersonalPaymentEntry/txt_accountNumber'

24-10-2024T08:28:38 - [MESSAGE][PASSED] - Object 'Object Repository/IWP30/Page_ACHPersonalPaymentEntry/txt_confirmAccountNumber' is present

24-10-2024T08:28:38 - [MESSAGE][PASSED] - Text '12344444' is set on object 'Object Repository/IWP30/Page_ACHPersonalPaymentEntry/txt_confirmAccountNumber'

24-10-2024T08:28:38 - [MESSAGE][PASSED] - Object 'Object Repository/IWP30/Page_ACHPersonalPaymentEntry/rd_accountType' is present

24-10-2024T08:28:38 - [MESSAGE][PASSED] - Modify property of object successfully

24-10-2024T08:28:39 - [MESSAGE][PASSED] - Object: 'Object Repository/IWP30/Page_ACHPersonalPaymentEntry/rd_accountType' is clicked on

24-10-2024T08:28:39 - [MESSAGE][PASSED] - Execute JavaScript '
				   document.getElementById('processDate').value = '08/09/2025'
				  ' successfully

24-10-2024T08:28:39 - [MESSAGE][PASSED] - Text '365 Main Avenue' is set on object 'Object Repository/IWP30/Page_ACHPersonalPaymentEntry/txt_AL1'

24-10-2024T08:28:40 - [MESSAGE][PASSED] - Text '22201' is set on object 'Object Repository/IWP30/Page_ACHPersonalPaymentEntry/txt_ZIP'

24-10-2024T08:28:40 - [MESSAGE][PASSED] - Object 'Object Repository/IWP30/Page_ACHPersonalPaymentEntry/txt_Email' is present

24-10-2024T08:28:41 - [MESSAGE][PASSED] - Text 'iahmed@govolution.com' is set on object 'Object Repository/IWP30/Page_ACHPersonalPaymentEntry/txt_Email'

24-10-2024T08:28:41 - [MESSAGE][PASSED] - Object 'Object Repository/IWP30/Page_ACHPersonalPaymentEntry/cb_TermsAndCond' is present

24-10-2024T08:28:42 - [MESSAGE][PASSED] - Object: 'Object Repository/IWP30/Page_ACHPersonalPaymentEntry/cb_TermsAndCond' is clicked on

24-10-2024T08:28:42 - [MESSAGE][PASSED] - Object 'Object Repository/IWP30/Page_ACHPersonalPaymentEntry/btn_Continue' is present

24-10-2024T08:28:43 - [MESSAGE][PASSED] - Object: 'Object Repository/IWP30/Page_ACHPersonalPaymentEntry/btn_Continue' is clicked on

24-10-2024T08:28:43 - [MESSAGE][PASSED] - iwpPages.achPersonalPaymentEntryPage.setDataACHPPM is PASSED

24-10-2024T08:28:43 - [TEST_STEP][PASSED] - click(findTestObject("Object Repository/IWP30/Page_Confirmation/ConfirmButton")): Object: 'Object Repository/IWP30/Page_Confirmation/ConfirmButton' is clicked on

24-10-2024T08:29:14 - [MESSAGE][INFO] - Unable to find the element located by 'By.xpath: //*[@type = 'submit' and @name = 'confirmNotifyAction' and @id = 'submitYes' and @value = 'Confirm']'. Please recheck the objects properties to make sure the desired element is located. 

24-10-2024T08:29:14 - [MESSAGE][WARNING] - [SELF-HEALING] Failed to find element with id 'Object Repository/IWP30/Page_Confirmation/ConfirmButton'. Try using Self-healing.

24-10-2024T08:29:14 - [MESSAGE][WARNING] - [SELF-HEALING] The current locator of test object 'Object Repository/IWP30/Page_Confirmation/ConfirmButton' was broken. Propose an alternative one: '//div/input'.

24-10-2024T08:29:16 - [MESSAGE][PASSED] - Object: 'Object Repository/IWP30/Page_Confirmation/ConfirmButton' is clicked on

24-10-2024T08:29:16 - [TEST_STEP][PASSED] - Thread.sleep(2000): null

24-10-2024T08:29:18 - [TEST_STEP][PASSED] - if (verifyTextPresent("Deferred", false)): null

24-10-2024T08:29:19 - [MESSAGE][PASSED] - Text 'Deferred' is present on page 

24-10-2024T08:29:19 - [TEST_STEP][PASSED] - println("Deferred is present on page. Deferred Pay is created"): null

24-10-2024T08:29:19 - [TEST_STEP][PASSED] - click(findTestObject("Object Repository/IWP30/Page_Receipt/ViewScheduledPaymentsButton")): Object: 'Object Repository/IWP30/Page_Receipt/ViewScheduledPaymentsButton' is clicked on

24-10-2024T08:29:19 - [MESSAGE][PASSED] - Object: 'Object Repository/IWP30/Page_Receipt/ViewScheduledPaymentsButton' is clicked on

24-10-2024T08:29:19 - [TEST_STEP][PASSED] - switchToWindowTitle("View Scheduled Payments"): Switched to window with title: 'View Scheduled Payments'

24-10-2024T08:29:19 - [MESSAGE][PASSED] - Switched to window with title: 'View Scheduled Payments'

24-10-2024T08:29:19 - [TEST_STEP][PASSED] - Thread.sleep(5000): null

24-10-2024T08:29:24 - [TEST_STEP][PASSED] - if (verifyTextPresent("View Scheduled Payments", false)): null

24-10-2024T08:29:24 - [MESSAGE][PASSED] - Text 'View Scheduled Payments' is present on page 

24-10-2024T08:29:24 - [TEST_STEP][PASSED] - click(findTestObject("Object Repository/IWP30/Page_ScheduledPayments/cancel_payment")): Object: 'Object Repository/IWP30/Page_ScheduledPayments/cancel_payment' is clicked on

24-10-2024T08:29:26 - [MESSAGE][PASSED] - Object: 'Object Repository/IWP30/Page_ScheduledPayments/cancel_payment' is clicked on

24-10-2024T08:29:26 - [TEST_STEP][PASSED] - if (verifyTextPresent("Cancel Payment Plan", false)): null

24-10-2024T08:29:27 - [MESSAGE][PASSED] - Text 'Cancel Payment Plan' is present on page 

24-10-2024T08:29:27 - [TEST_STEP][PASSED] - click(findTestObject("Object Repository/IWP30/Page_PaymentPlan/btn_cancel")): Object: 'Object Repository/IWP30/Page_PaymentPlan/btn_cancel' is clicked on

24-10-2024T08:29:27 - [MESSAGE][PASSED] - Object: 'Object Repository/IWP30/Page_PaymentPlan/btn_cancel' is clicked on

24-10-2024T08:29:27 - [TEST_STEP][PASSED] - acceptAlert(): Alert accepted

24-10-2024T08:29:27 - [MESSAGE][PASSED] - Alert accepted

24-10-2024T08:29:27 - [TEST_STEP][PASSED] - if (verifyTextPresent("Your payment plan has been successfully canceled", false)): null

24-10-2024T08:29:28 - [MESSAGE][PASSED] - Text 'Your payment plan has been successfully canceled' is present on page 

24-10-2024T08:29:28 - [TEST_STEP][PASSED] - markPassed("Your payment plan has been successfully created and canceled"): Your payment plan has been successfully created and canceled

24-10-2024T08:29:28 - [MESSAGE][PASSED] - Your payment plan has been successfully created and canceled

24-10-2024T08:29:28 - [TEST_STEP][PASSED] - resText = "Pass": null

24-10-2024T08:29:28 - [TEST_STEP][PASSED] - println(row): null

24-10-2024T08:29:28 - [TEST_STEP][PASSED] - pages.WriteExcel.demoKey(resText, datText, resColumn, datCloumn, fileLoc, nameSheet, row): pages.WriteExcel.demoKey is PASSED

24-10-2024T08:29:28 - [MESSAGE][PASSED] - pages.WriteExcel.demoKey is PASSED

24-10-2024T08:29:28 - [TEST_STEP][PASSED] - closeBrowser(): Browser is closed

24-10-2024T08:29:29 - [MESSAGE][PASSED] - Browser is closed]]></system-out>
         <system-err><![CDATA[]]></system-err>
      </testcase>
      <testcase name="Test Cases/IntegratedWeb/IWP25/Payments/CCDeferredPS" time="248.124" classname="Test Cases/IntegratedWeb/IWP25/Payments/CCDeferredPS" status="PASSED">
         <system-out><![CDATA[24-10-2024T08:29:29 - [TEST_CASE][PASSED] - Test Cases/IntegratedWeb/IWP25/Payments/CCDeferredPS: Test Cases/IntegratedWeb/IWP25/Payments/CCDeferredPS

24-10-2024T08:29:29 - [TEST_STEP][PASSED] - resText = "Fail": null

24-10-2024T08:29:29 - [TEST_STEP][PASSED] - resColumn = "Result": null

24-10-2024T08:29:29 - [TEST_STEP][PASSED] - datCloumn = "Date": null

24-10-2024T08:29:29 - [TEST_STEP][PASSED] - fileLoc = "KatalonData/IWPTestData/VRelay25PaymentsExtension.xlsx": null

24-10-2024T08:29:29 - [TEST_STEP][PASSED] - numOfRows = <not implemented yet for class: org.codehaus.groovy.ast.expr.EmptyExpression>: null

24-10-2024T08:29:29 - [TEST_STEP][PASSED] - dataFile = <not implemented yet for class: org.codehaus.groovy.ast.expr.EmptyExpression>: null

24-10-2024T08:29:29 - [TEST_STEP][PASSED] - nameSheet = <not implemented yet for class: org.codehaus.groovy.ast.expr.EmptyExpression>: null

24-10-2024T08:29:29 - [TEST_STEP][PASSED] - dataFileEmulator = <not implemented yet for class: org.codehaus.groovy.ast.expr.EmptyExpression>: null

24-10-2024T08:29:29 - [TEST_STEP][PASSED] - isRequiredTextPresent = false: null

24-10-2024T08:29:29 - [TEST_STEP][PASSED] - nameSheet = "CCDeferredPlanPS": null

24-10-2024T08:29:29 - [TEST_STEP][PASSED] - dataFile = "IWPTestData/IWP25CCDeferredPS": null

24-10-2024T08:29:29 - [TEST_STEP][PASSED] - dataFileEmulator = "IWPTestData/EmulatorData": null

24-10-2024T08:29:29 - [TEST_STEP][PASSED] - numOfRows = findTestData(dataFile).getRowNumbers(): null

24-10-2024T08:29:29 - [TEST_STEP][PASSED] - println("Number of Records: " + numOfRows): null

24-10-2024T08:29:29 - [TEST_STEP][PASSED] - for ([row = 1, row <= numOfRows, (row++)]): Browser is closed

24-10-2024T08:29:29 - [TEST_STEP][PASSED] - ExecuteTC = findTestData(dataFile).getValue("Execute", row): null

24-10-2024T08:29:29 - [TEST_STEP][PASSED] - out.println("Value of Execute is : " + ExecuteTC): null

24-10-2024T08:29:29 - [TEST_STEP][PASSED] - if (ExecuteTC.equalsIgnoreCase("Y")): null

24-10-2024T08:29:29 - [TEST_STEP][PASSED] - out.println("Begin Record Number: " + row): null

24-10-2024T08:29:29 - [TEST_STEP][PASSED] - today = new java.util.Date(): null

24-10-2024T08:29:29 - [TEST_STEP][PASSED] - println(today): null

24-10-2024T08:29:29 - [TEST_STEP][PASSED] - datText = today: null

24-10-2024T08:29:29 - [TEST_STEP][PASSED] - EmulatorDataKey = findTestData(dataFile).getValue("EmulatorData", row): null

24-10-2024T08:29:29 - [TEST_STEP][PASSED] - out.println("Value of Emulator Key is : " + EmulatorDataKey): null

24-10-2024T08:29:29 - [TEST_STEP][PASSED] - iwpPages.emulatorIWP30.setDataEmulator_DD(EmulatorDataKey): iwpPages.emulatorIWP30.setDataEmulator_DD is PASSED

24-10-2024T08:29:30 - [MESSAGE][INFO] - Starting 'Edge Chromium' driver

24-10-2024T08:29:30 - [MESSAGE][INFO] - User set preference: ['acceptInsecureCerts', 'true']

24-10-2024T08:29:32 - [MESSAGE][INFO] - Action delay is set to 0 milliseconds

24-10-2024T08:29:36 - [MESSAGE][PASSED] - Browser is opened with url: 'https://qa2.velocitypayment.com/agencyx/config.action?action=editor&message_version=2_5'

24-10-2024T08:29:36 - [MESSAGE][PASSED] - Current window maximized

24-10-2024T08:30:07 - [MESSAGE][INFO] - Unable to find the element located by 'By.xpath: //select[@name='message_version']'. Please recheck the objects properties to make sure the desired element is located. 

24-10-2024T08:30:07 - [MESSAGE][WARNING] - [SELF-HEALING] Failed to find element with id 'Object Repository/IWP30/Page_VRelay30Emulator/MV'. Try using Self-healing.

24-10-2024T08:30:07 - [MESSAGE][WARNING] - [SELF-HEALING] The current locator of test object 'Object Repository/IWP30/Page_VRelay30Emulator/MV' was broken. Propose an alternative one: '(.//*[normalize-space(text()) and normalize-space(.)='Message Version'])[1]/following::select[1]'.

24-10-2024T08:30:08 - [MESSAGE][PASSED] - All options with value '2.5' are selected in object 'Object Repository/IWP30/Page_VRelay30Emulator/MV'  using regular expression

24-10-2024T08:30:09 - [MESSAGE][PASSED] - Text '10.50' is set on object 'Object Repository/IWP30/Page_EmulatorAgencyX/Amount'

24-10-2024T08:30:09 - [MESSAGE][PASSED] - Text 'U0fh7PcXf6oj' is set on object 'Object Repository/IWP30/Page_EmulatorAgencyX/CAN'

24-10-2024T08:30:10 - [MESSAGE][PASSED] - Text 'PayNow' is set on object 'Object Repository/IWP30/Page_EmulatorAgencyX/Action'

24-10-2024T08:30:10 - [MESSAGE][PASSED] - Text 'en_US' is set on object 'Object Repository/IWP30/Page_EmulatorAgencyX/Lang'

24-10-2024T08:30:11 - [MESSAGE][PASSED] - Text '' is set on object 'Object Repository/IWP30/Page_EmulatorAgencyX/Fname'

24-10-2024T08:30:11 - [MESSAGE][PASSED] - Text '' is set on object 'Object Repository/IWP30/Page_EmulatorAgencyX/Lname'

24-10-2024T08:30:12 - [MESSAGE][PASSED] - Text '' is set on object 'Object Repository/IWP30/Page_EmulatorAgencyX/AL1'

24-10-2024T08:30:13 - [MESSAGE][PASSED] - Text '' is set on object 'Object Repository/IWP30/Page_EmulatorAgencyX/AL2'

24-10-2024T08:30:13 - [MESSAGE][PASSED] - Text '' is set on object 'Object Repository/IWP30/Page_EmulatorAgencyX/Country'

24-10-2024T08:30:14 - [MESSAGE][PASSED] - Text '' is set on object 'Object Repository/IWP30/Page_EmulatorAgencyX/City'

24-10-2024T08:30:14 - [MESSAGE][PASSED] - Text '' is set on object 'Object Repository/IWP30/Page_EmulatorAgencyX/State'

24-10-2024T08:30:15 - [MESSAGE][PASSED] - Text '' is set on object 'Object Repository/IWP30/Page_EmulatorAgencyX/ZIP'

24-10-2024T08:30:16 - [MESSAGE][PASSED] - Text '' is set on object 'Object Repository/IWP30/Page_EmulatorAgencyX/Order'

24-10-2024T08:30:16 - [MESSAGE][PASSED] - Text '' is set on object 'Object Repository/IWP30/Page_EmulatorAgencyX/Company'

24-10-2024T08:30:17 - [MESSAGE][PASSED] - Text '' is set on object 'Object Repository/IWP30/Page_EmulatorAgencyX/Email'

24-10-2024T08:30:17 - [MESSAGE][PASSED] - Text '' is set on object 'Object Repository/IWP30/Page_EmulatorAgencyX/UDF1'

24-10-2024T08:30:18 - [MESSAGE][PASSED] - Text '' is set on object 'Object Repository/IWP30/Page_EmulatorAgencyX/UDF2'

24-10-2024T08:30:18 - [MESSAGE][PASSED] - Text '' is set on object 'Object Repository/IWP30/Page_EmulatorAgencyX/UDF3'

24-10-2024T08:30:19 - [MESSAGE][PASSED] - Text 'udf data 4' is set on object 'Object Repository/IWP30/Page_EmulatorAgencyX/UDF4'

24-10-2024T08:30:20 - [MESSAGE][PASSED] - Text 'udf data 5' is set on object 'Object Repository/IWP30/Page_EmulatorAgencyX/UDF5'

24-10-2024T08:30:20 - [MESSAGE][PASSED] - Text '' is set on object 'Object Repository/IWP30/Page_EmulatorAgencyX/UDF6'

24-10-2024T08:30:21 - [MESSAGE][PASSED] - Text '' is set on object 'Object Repository/IWP30/Page_EmulatorAgencyX/UDF7'

24-10-2024T08:30:21 - [MESSAGE][PASSED] - Text '' is set on object 'Object Repository/IWP30/Page_EmulatorAgencyX/UDF8'

24-10-2024T08:30:22 - [MESSAGE][PASSED] - Text 'udf data 9' is set on object 'Object Repository/IWP30/Page_EmulatorAgencyX/UDF9'

24-10-2024T08:30:22 - [MESSAGE][PASSED] - Text 'udf data 10' is set on object 'Object Repository/IWP30/Page_EmulatorAgencyX/UDF10'

24-10-2024T08:30:24 - [MESSAGE][PASSED] - Object: 'Object Repository/IWP30/Page_EmulatorAgencyX/Submit' is clicked on

24-10-2024T08:30:29 - [MESSAGE][PASSED] - Browser is closed

24-10-2024T08:30:33 - [MESSAGE][PASSED] - iwpPages.emulatorIWP30.setDataEmulator_DD is PASSED

24-10-2024T08:30:33 - [TEST_STEP][PASSED] - testHarnessURL = urlTestHarness: null

24-10-2024T08:30:33 - [TEST_STEP][PASSED] - openBrowser(testHarnessURL): Browser is opened with url: 'https://dev-algorithm.govolution.com/vrelaytest/QA2/version_2_2/vrelaytest.html'

24-10-2024T08:30:33 - [MESSAGE][INFO] - Starting 'Edge Chromium' driver

24-10-2024T08:30:33 - [MESSAGE][INFO] - User set preference: ['acceptInsecureCerts', 'true']

24-10-2024T08:30:35 - [MESSAGE][INFO] - Action delay is set to 0 milliseconds

24-10-2024T08:30:38 - [MESSAGE][PASSED] - Browser is opened with url: 'https://dev-algorithm.govolution.com/vrelaytest/QA2/version_2_2/vrelaytest.html'

24-10-2024T08:30:38 - [TEST_STEP][PASSED] - maximizeWindow(): Current window maximized

24-10-2024T08:30:39 - [MESSAGE][PASSED] - Current window maximized

24-10-2024T08:30:39 - [TEST_STEP][PASSED] - iwpPages.TestHarnessPage.setDataMethod(row, dataFile): iwpPages.TestHarnessPage.setDataMethod is PASSED

24-10-2024T08:30:39 - [MESSAGE][PASSED] - Object 'Object Repository/IWP30/Page_QATestHarness/RemittanceID' is present

24-10-2024T08:30:39 - [MESSAGE][PASSED] - Text '638' is set on object 'Object Repository/IWP30/Page_QATestHarness/ApplicationID'

24-10-2024T08:30:40 - [MESSAGE][PASSED] - Text '2.5' is set on object 'Object Repository/IWP30/Page_QATestHarness/MessageVersion'

24-10-2024T08:30:41 - [MESSAGE][PASSED] - Text 'PNaDC19jUkBm' is set on object 'Object Repository/IWP30/Page_QATestHarness/RemittanceID'

24-10-2024T08:30:46 - [MESSAGE][PASSED] - Object: 'Object Repository/IWP30/Page_QATestHarness/SubmitButton' is clicked on

24-10-2024T08:30:46 - [MESSAGE][PASSED] - iwpPages.TestHarnessPage.setDataMethod is PASSED

24-10-2024T08:30:46 - [TEST_STEP][PASSED] - click(findTestObject("Object Repository/IWP30/Page_SelectPaymentMethod/PayByPersonalCheck")): Object: 'Object Repository/IWP30/Page_SelectPaymentMethod/PayByPersonalCheck' is clicked on

24-10-2024T08:30:47 - [MESSAGE][PASSED] - Object: 'Object Repository/IWP30/Page_SelectPaymentMethod/PayByPersonalCheck' is clicked on

24-10-2024T08:30:47 - [TEST_STEP][PASSED] - click(findTestObject("Object Repository/IWP30/Page_SelectPaymentMethod/MakePaymentButton")): Object: 'Object Repository/IWP30/Page_SelectPaymentMethod/MakePaymentButton' is clicked on

24-10-2024T08:30:49 - [MESSAGE][PASSED] - Object: 'Object Repository/IWP30/Page_SelectPaymentMethod/MakePaymentButton' is clicked on

24-10-2024T08:30:49 - [TEST_STEP][PASSED] - iwpPages.achPersonalPaymentEntryPage.setDataACHPPM(row, dataFile): iwpPages.achPersonalPaymentEntryPage.setDataACHPPM is PASSED

24-10-2024T08:30:50 - [MESSAGE][PASSED] - Object 'Object Repository/IWP30/Page_ACHPersonalPaymentEntry/txt_accountNumber' is present

24-10-2024T08:30:51 - [MESSAGE][PASSED] - Text '10.50' is set on object 'Object Repository/IWP30/Page_ACHPersonalPaymentEntry/txt_Amount'

24-10-2024T08:30:51 - [MESSAGE][PASSED] - Object 'Object Repository/IWP30/Page_ACHPersonalPaymentEntry/txt_UDF2' is present

24-10-2024T08:30:52 - [MESSAGE][PASSED] - Text 'udf data 2' is set on object 'Object Repository/IWP30/Page_ACHPersonalPaymentEntry/txt_UDF2'

24-10-2024T08:30:53 - [MESSAGE][PASSED] - Text 'udf data 3' is set on object 'Object Repository/IWP30/Page_ACHPersonalPaymentEntry/txt_UDF3'

24-10-2024T08:30:53 - [MESSAGE][PASSED] - All options with label 'Orange' are selected in object 'Object Repository/IWP30/Page_ACHPersonalPaymentEntry/dd_UDF7' 

24-10-2024T08:30:54 - [MESSAGE][PASSED] - All options with label 'Soccer' are selected in object 'Object Repository/IWP30/Page_ACHPersonalPaymentEntry/dd_UDF8' 

24-10-2024T08:30:54 - [MESSAGE][PASSED] - Object 'Object Repository/IWP30/Page_ACHPersonalPaymentEntry/txt_Firstname' is present

24-10-2024T08:30:55 - [MESSAGE][PASSED] - Text 'Elizath' is set on object 'Object Repository/IWP30/Page_ACHPersonalPaymentEntry/txt_Firstname'

24-10-2024T08:30:55 - [MESSAGE][PASSED] - Object 'Object Repository/IWP30/Page_ACHPersonalPaymentEntry/txt_Lastname' is present

24-10-2024T08:30:55 - [MESSAGE][PASSED] - Text 'Christine' is set on object 'Object Repository/IWP30/Page_ACHPersonalPaymentEntry/txt_Lastname'

24-10-2024T08:30:56 - [MESSAGE][PASSED] - Object 'Object Repository/IWP30/Page_ACHPersonalPaymentEntry/txt_routingNumber' is present

24-10-2024T08:30:56 - [MESSAGE][PASSED] - Text '256072691' is set on object 'Object Repository/IWP30/Page_ACHPersonalPaymentEntry/txt_routingNumber'

24-10-2024T08:30:56 - [MESSAGE][PASSED] - Object 'Object Repository/IWP30/Page_ACHPersonalPaymentEntry/txt_accountNumber' is present

24-10-2024T08:30:58 - [MESSAGE][PASSED] - Text '12344444' is set on object 'Object Repository/IWP30/Page_ACHPersonalPaymentEntry/txt_accountNumber'

24-10-2024T08:30:58 - [MESSAGE][PASSED] - Object 'Object Repository/IWP30/Page_ACHPersonalPaymentEntry/txt_confirmAccountNumber' is present

24-10-2024T08:30:59 - [MESSAGE][PASSED] - Text '12344444' is set on object 'Object Repository/IWP30/Page_ACHPersonalPaymentEntry/txt_confirmAccountNumber'

24-10-2024T08:30:59 - [MESSAGE][PASSED] - Object 'Object Repository/IWP30/Page_ACHPersonalPaymentEntry/rd_accountType' is present

24-10-2024T08:30:59 - [MESSAGE][PASSED] - Modify property of object successfully

24-10-2024T08:30:59 - [MESSAGE][PASSED] - Object: 'Object Repository/IWP30/Page_ACHPersonalPaymentEntry/rd_accountType' is clicked on

24-10-2024T08:30:59 - [MESSAGE][PASSED] - Execute JavaScript '
				   document.getElementById('processDate').value = '08/09/2025'
				  ' successfully

24-10-2024T08:31:00 - [MESSAGE][PASSED] - Text '365 Main Avenue' is set on object 'Object Repository/IWP30/Page_ACHPersonalPaymentEntry/txt_AL1'

24-10-2024T08:31:01 - [MESSAGE][PASSED] - Text '22201' is set on object 'Object Repository/IWP30/Page_ACHPersonalPaymentEntry/txt_ZIP'

24-10-2024T08:31:01 - [MESSAGE][PASSED] - Object 'Object Repository/IWP30/Page_ACHPersonalPaymentEntry/txt_Email' is present

24-10-2024T08:31:02 - [MESSAGE][PASSED] - Text 'iahmed@govolution.com' is set on object 'Object Repository/IWP30/Page_ACHPersonalPaymentEntry/txt_Email'

24-10-2024T08:31:03 - [MESSAGE][PASSED] - Object 'Object Repository/IWP30/Page_ACHPersonalPaymentEntry/cb_TermsAndCond' is present

24-10-2024T08:31:03 - [MESSAGE][PASSED] - Object: 'Object Repository/IWP30/Page_ACHPersonalPaymentEntry/cb_TermsAndCond' is clicked on

24-10-2024T08:31:03 - [MESSAGE][PASSED] - Object 'Object Repository/IWP30/Page_ACHPersonalPaymentEntry/btn_Continue' is present

24-10-2024T08:31:04 - [MESSAGE][PASSED] - Object: 'Object Repository/IWP30/Page_ACHPersonalPaymentEntry/btn_Continue' is clicked on

24-10-2024T08:31:04 - [MESSAGE][PASSED] - iwpPages.achPersonalPaymentEntryPage.setDataACHPPM is PASSED

24-10-2024T08:31:04 - [TEST_STEP][PASSED] - click(findTestObject("Object Repository/IWP30/Page_Confirmation/ConfirmButton")): Object: 'Object Repository/IWP30/Page_Confirmation/ConfirmButton' is clicked on

24-10-2024T08:31:07 - [MESSAGE][PASSED] - Object: 'Object Repository/IWP30/Page_Confirmation/ConfirmButton' is clicked on

24-10-2024T08:31:07 - [TEST_STEP][PASSED] - Thread.sleep(2000): null

24-10-2024T08:31:09 - [TEST_STEP][PASSED] - if (verifyTextPresent("Deferred", false)): null

24-10-2024T08:31:09 - [MESSAGE][PASSED] - Text 'Deferred' is present on page 

24-10-2024T08:31:09 - [TEST_STEP][PASSED] - println("Deferred is present on page. Deferred Pay is created"): null

24-10-2024T08:31:09 - [TEST_STEP][PASSED] - click(findTestObject("Object Repository/IWP30/Page_Receipt/ViewScheduledPaymentsButton")): Object: 'Object Repository/IWP30/Page_Receipt/ViewScheduledPaymentsButton' is clicked on

24-10-2024T08:31:10 - [MESSAGE][PASSED] - Object: 'Object Repository/IWP30/Page_Receipt/ViewScheduledPaymentsButton' is clicked on

24-10-2024T08:31:10 - [TEST_STEP][PASSED] - switchToWindowTitle("View Scheduled Payments"): Switched to window with title: 'View Scheduled Payments'

24-10-2024T08:31:10 - [MESSAGE][PASSED] - Switched to window with title: 'View Scheduled Payments'

24-10-2024T08:31:10 - [TEST_STEP][PASSED] - Thread.sleep(5000): null

24-10-2024T08:31:15 - [TEST_STEP][PASSED] - if (verifyTextPresent("View Scheduled Payments", false)): null

24-10-2024T08:31:15 - [MESSAGE][PASSED] - Text 'View Scheduled Payments' is present on page 

24-10-2024T08:31:15 - [TEST_STEP][PASSED] - click(findTestObject("Object Repository/IWP30/Page_ScheduledPayments/cancel_payment")): Object: 'Object Repository/IWP30/Page_ScheduledPayments/cancel_payment' is clicked on

24-10-2024T08:31:17 - [MESSAGE][PASSED] - Object: 'Object Repository/IWP30/Page_ScheduledPayments/cancel_payment' is clicked on

24-10-2024T08:31:17 - [TEST_STEP][PASSED] - if (verifyTextPresent("Cancel Payment Plan", false)): null

24-10-2024T08:31:17 - [MESSAGE][PASSED] - Text 'Cancel Payment Plan' is present on page 

24-10-2024T08:31:17 - [TEST_STEP][PASSED] - click(findTestObject("Object Repository/IWP30/Page_PaymentPlan/btn_cancel")): Object: 'Object Repository/IWP30/Page_PaymentPlan/btn_cancel' is clicked on

24-10-2024T08:31:18 - [MESSAGE][PASSED] - Object: 'Object Repository/IWP30/Page_PaymentPlan/btn_cancel' is clicked on

24-10-2024T08:31:18 - [TEST_STEP][PASSED] - acceptAlert(): Alert accepted

24-10-2024T08:31:18 - [MESSAGE][PASSED] - Alert accepted

24-10-2024T08:31:18 - [TEST_STEP][PASSED] - if (verifyTextPresent("Your payment plan has been successfully canceled", false)): null

24-10-2024T08:31:19 - [MESSAGE][PASSED] - Text 'Your payment plan has been successfully canceled' is present on page 

24-10-2024T08:31:19 - [TEST_STEP][PASSED] - markPassed("Your payment plan has been successfully created and canceled"): Your payment plan has been successfully created and canceled

24-10-2024T08:31:19 - [MESSAGE][PASSED] - Your payment plan has been successfully created and canceled

24-10-2024T08:31:19 - [TEST_STEP][PASSED] - resText = "Pass": null

24-10-2024T08:31:19 - [TEST_STEP][PASSED] - println(row): null

24-10-2024T08:31:19 - [TEST_STEP][PASSED] - pages.WriteExcel.demoKey(resText, datText, resColumn, datCloumn, fileLoc, nameSheet, row): pages.WriteExcel.demoKey is PASSED

24-10-2024T08:31:19 - [MESSAGE][PASSED] - pages.WriteExcel.demoKey is PASSED

24-10-2024T08:31:19 - [TEST_STEP][PASSED] - closeBrowser(): Browser is closed

24-10-2024T08:31:20 - [MESSAGE][PASSED] - Browser is closed

24-10-2024T08:31:20 - [TEST_STEP][PASSED] - ExecuteTC = findTestData(dataFile).getValue("Execute", row): null

24-10-2024T08:31:20 - [TEST_STEP][PASSED] - out.println("Value of Execute is : " + ExecuteTC): null

24-10-2024T08:31:20 - [TEST_STEP][PASSED] - if (ExecuteTC.equalsIgnoreCase("Y")): null

24-10-2024T08:31:20 - [TEST_STEP][PASSED] - out.println("Begin Record Number: " + row): null

24-10-2024T08:31:20 - [TEST_STEP][PASSED] - today = new java.util.Date(): null

24-10-2024T08:31:20 - [TEST_STEP][PASSED] - println(today): null

24-10-2024T08:31:20 - [TEST_STEP][PASSED] - datText = today: null

24-10-2024T08:31:20 - [TEST_STEP][PASSED] - EmulatorDataKey = findTestData(dataFile).getValue("EmulatorData", row): null

24-10-2024T08:31:20 - [TEST_STEP][PASSED] - out.println("Value of Emulator Key is : " + EmulatorDataKey): null

24-10-2024T08:31:20 - [TEST_STEP][PASSED] - iwpPages.emulatorIWP30.setDataEmulator_DD(EmulatorDataKey): iwpPages.emulatorIWP30.setDataEmulator_DD is PASSED

24-10-2024T08:31:20 - [MESSAGE][INFO] - Starting 'Edge Chromium' driver

24-10-2024T08:31:20 - [MESSAGE][INFO] - User set preference: ['acceptInsecureCerts', 'true']

24-10-2024T08:31:22 - [MESSAGE][INFO] - Action delay is set to 0 milliseconds

24-10-2024T08:31:26 - [MESSAGE][PASSED] - Browser is opened with url: 'https://qa2.velocitypayment.com/agencyx/config.action?action=editor&message_version=3_0'

24-10-2024T08:31:26 - [MESSAGE][PASSED] - Current window maximized

24-10-2024T08:31:57 - [MESSAGE][INFO] - Unable to find the element located by 'By.xpath: //select[@name='message_version']'. Please recheck the objects properties to make sure the desired element is located. 

24-10-2024T08:31:57 - [MESSAGE][WARNING] - [SELF-HEALING] Failed to find element with id 'Object Repository/IWP30/Page_VRelay30Emulator/MV'. Try using Self-healing.

24-10-2024T08:31:58 - [MESSAGE][WARNING] - [SELF-HEALING] The current locator of test object 'Object Repository/IWP30/Page_VRelay30Emulator/MV' was broken. Propose an alternative one: '(.//*[normalize-space(text()) and normalize-space(.)='Message Version'])[1]/following::select[1]'.

24-10-2024T08:31:58 - [MESSAGE][PASSED] - All options with value '3.0' are selected in object 'Object Repository/IWP30/Page_VRelay30Emulator/MV'  using regular expression

24-10-2024T08:31:59 - [MESSAGE][PASSED] - Text '10.50' is set on object 'Object Repository/IWP30/Page_EmulatorAgencyX/Amount'

24-10-2024T08:32:00 - [MESSAGE][PASSED] - Text '3hQW1c1vraOY' is set on object 'Object Repository/IWP30/Page_EmulatorAgencyX/CAN'

24-10-2024T08:32:00 - [MESSAGE][PASSED] - Text 'PayNow' is set on object 'Object Repository/IWP30/Page_EmulatorAgencyX/Action'

24-10-2024T08:32:01 - [MESSAGE][PASSED] - Text 'en_US' is set on object 'Object Repository/IWP30/Page_EmulatorAgencyX/Lang'

24-10-2024T08:32:01 - [MESSAGE][PASSED] - Text '' is set on object 'Object Repository/IWP30/Page_EmulatorAgencyX/Fname'

24-10-2024T08:32:02 - [MESSAGE][PASSED] - Text '' is set on object 'Object Repository/IWP30/Page_EmulatorAgencyX/Lname'

24-10-2024T08:32:02 - [MESSAGE][PASSED] - Text '' is set on object 'Object Repository/IWP30/Page_EmulatorAgencyX/AL1'

24-10-2024T08:32:03 - [MESSAGE][PASSED] - Text '' is set on object 'Object Repository/IWP30/Page_EmulatorAgencyX/AL2'

24-10-2024T08:32:04 - [MESSAGE][PASSED] - Text '' is set on object 'Object Repository/IWP30/Page_EmulatorAgencyX/Country'

24-10-2024T08:32:04 - [MESSAGE][PASSED] - Text '' is set on object 'Object Repository/IWP30/Page_EmulatorAgencyX/City'

24-10-2024T08:32:05 - [MESSAGE][PASSED] - Text '' is set on object 'Object Repository/IWP30/Page_EmulatorAgencyX/State'

24-10-2024T08:32:05 - [MESSAGE][PASSED] - Text '' is set on object 'Object Repository/IWP30/Page_EmulatorAgencyX/ZIP'

24-10-2024T08:32:06 - [MESSAGE][PASSED] - Text '' is set on object 'Object Repository/IWP30/Page_EmulatorAgencyX/Order'

24-10-2024T08:32:06 - [MESSAGE][PASSED] - Text '' is set on object 'Object Repository/IWP30/Page_EmulatorAgencyX/Company'

24-10-2024T08:32:07 - [MESSAGE][PASSED] - Text '' is set on object 'Object Repository/IWP30/Page_EmulatorAgencyX/Email'

24-10-2024T08:32:08 - [MESSAGE][PASSED] - Text '' is set on object 'Object Repository/IWP30/Page_EmulatorAgencyX/UDF1'

24-10-2024T08:32:08 - [MESSAGE][PASSED] - Text '' is set on object 'Object Repository/IWP30/Page_EmulatorAgencyX/UDF2'

24-10-2024T08:32:09 - [MESSAGE][PASSED] - Text '' is set on object 'Object Repository/IWP30/Page_EmulatorAgencyX/UDF3'

24-10-2024T08:32:09 - [MESSAGE][PASSED] - Text 'udf data 4' is set on object 'Object Repository/IWP30/Page_EmulatorAgencyX/UDF4'

24-10-2024T08:32:10 - [MESSAGE][PASSED] - Text 'udf data 5' is set on object 'Object Repository/IWP30/Page_EmulatorAgencyX/UDF5'

24-10-2024T08:32:10 - [MESSAGE][PASSED] - Text '' is set on object 'Object Repository/IWP30/Page_EmulatorAgencyX/UDF6'

24-10-2024T08:32:11 - [MESSAGE][PASSED] - Text '' is set on object 'Object Repository/IWP30/Page_EmulatorAgencyX/UDF7'

24-10-2024T08:32:12 - [MESSAGE][PASSED] - Text '' is set on object 'Object Repository/IWP30/Page_EmulatorAgencyX/UDF8'

24-10-2024T08:32:12 - [MESSAGE][PASSED] - Text 'udf data 9' is set on object 'Object Repository/IWP30/Page_EmulatorAgencyX/UDF9'

24-10-2024T08:32:13 - [MESSAGE][PASSED] - Text 'udf data 10' is set on object 'Object Repository/IWP30/Page_EmulatorAgencyX/UDF10'

24-10-2024T08:32:14 - [MESSAGE][PASSED] - Object: 'Object Repository/IWP30/Page_EmulatorAgencyX/Submit' is clicked on

24-10-2024T08:32:19 - [MESSAGE][PASSED] - Browser is closed

24-10-2024T08:32:23 - [MESSAGE][PASSED] - iwpPages.emulatorIWP30.setDataEmulator_DD is PASSED

24-10-2024T08:32:23 - [TEST_STEP][PASSED] - testHarnessURL = urlTestHarness: null

24-10-2024T08:32:23 - [TEST_STEP][PASSED] - openBrowser(testHarnessURL): Browser is opened with url: 'https://dev-algorithm.govolution.com/vrelaytest/QA2/version_2_2/vrelaytest.html'

24-10-2024T08:32:23 - [MESSAGE][INFO] - Starting 'Edge Chromium' driver

24-10-2024T08:32:23 - [MESSAGE][INFO] - User set preference: ['acceptInsecureCerts', 'true']

24-10-2024T08:32:25 - [MESSAGE][INFO] - Action delay is set to 0 milliseconds

24-10-2024T08:32:28 - [MESSAGE][PASSED] - Browser is opened with url: 'https://dev-algorithm.govolution.com/vrelaytest/QA2/version_2_2/vrelaytest.html'

24-10-2024T08:32:28 - [TEST_STEP][PASSED] - maximizeWindow(): Current window maximized

24-10-2024T08:32:28 - [MESSAGE][PASSED] - Current window maximized

24-10-2024T08:32:28 - [TEST_STEP][PASSED] - iwpPages.TestHarnessPage.setDataMethod(row, dataFile): iwpPages.TestHarnessPage.setDataMethod is PASSED

24-10-2024T08:32:29 - [MESSAGE][PASSED] - Object 'Object Repository/IWP30/Page_QATestHarness/RemittanceID' is present

24-10-2024T08:32:29 - [MESSAGE][PASSED] - Text '649' is set on object 'Object Repository/IWP30/Page_QATestHarness/ApplicationID'

24-10-2024T08:32:30 - [MESSAGE][PASSED] - Text '3.0' is set on object 'Object Repository/IWP30/Page_QATestHarness/MessageVersion'

24-10-2024T08:32:31 - [MESSAGE][PASSED] - Text 'JsRP4SyIbXdr' is set on object 'Object Repository/IWP30/Page_QATestHarness/RemittanceID'

24-10-2024T08:32:34 - [MESSAGE][PASSED] - Object: 'Object Repository/IWP30/Page_QATestHarness/SubmitButton' is clicked on

24-10-2024T08:32:34 - [MESSAGE][PASSED] - iwpPages.TestHarnessPage.setDataMethod is PASSED

24-10-2024T08:32:34 - [TEST_STEP][PASSED] - click(findTestObject("Object Repository/IWP30/Page_SelectPaymentMethod/PayByPersonalCheck")): Object: 'Object Repository/IWP30/Page_SelectPaymentMethod/PayByPersonalCheck' is clicked on

24-10-2024T08:32:34 - [MESSAGE][PASSED] - Object: 'Object Repository/IWP30/Page_SelectPaymentMethod/PayByPersonalCheck' is clicked on

24-10-2024T08:32:34 - [TEST_STEP][PASSED] - click(findTestObject("Object Repository/IWP30/Page_SelectPaymentMethod/MakePaymentButton")): Object: 'Object Repository/IWP30/Page_SelectPaymentMethod/MakePaymentButton' is clicked on

24-10-2024T08:32:37 - [MESSAGE][PASSED] - Object: 'Object Repository/IWP30/Page_SelectPaymentMethod/MakePaymentButton' is clicked on

24-10-2024T08:32:37 - [TEST_STEP][PASSED] - iwpPages.achPersonalPaymentEntryPage.setDataACHPPM(row, dataFile): iwpPages.achPersonalPaymentEntryPage.setDataACHPPM is PASSED

24-10-2024T08:32:38 - [MESSAGE][PASSED] - Object 'Object Repository/IWP30/Page_ACHPersonalPaymentEntry/txt_accountNumber' is present

24-10-2024T08:32:39 - [MESSAGE][PASSED] - Text '10.50' is set on object 'Object Repository/IWP30/Page_ACHPersonalPaymentEntry/txt_Amount'

24-10-2024T08:32:39 - [MESSAGE][PASSED] - Object 'Object Repository/IWP30/Page_ACHPersonalPaymentEntry/txt_UDF2' is present

24-10-2024T08:32:39 - [MESSAGE][PASSED] - Text 'udf data 2' is set on object 'Object Repository/IWP30/Page_ACHPersonalPaymentEntry/txt_UDF2'

24-10-2024T08:32:40 - [MESSAGE][PASSED] - Text 'udf data 3' is set on object 'Object Repository/IWP30/Page_ACHPersonalPaymentEntry/txt_UDF3'

24-10-2024T08:32:41 - [MESSAGE][PASSED] - All options with label 'Orange' are selected in object 'Object Repository/IWP30/Page_ACHPersonalPaymentEntry/dd_UDF7' 

24-10-2024T08:32:41 - [MESSAGE][PASSED] - All options with label 'Soccer' are selected in object 'Object Repository/IWP30/Page_ACHPersonalPaymentEntry/dd_UDF8' 

24-10-2024T08:32:41 - [MESSAGE][PASSED] - Object 'Object Repository/IWP30/Page_ACHPersonalPaymentEntry/txt_Firstname' is present

24-10-2024T08:32:42 - [MESSAGE][PASSED] - Text 'Elizath' is set on object 'Object Repository/IWP30/Page_ACHPersonalPaymentEntry/txt_Firstname'

24-10-2024T08:32:42 - [MESSAGE][PASSED] - Object 'Object Repository/IWP30/Page_ACHPersonalPaymentEntry/txt_Lastname' is present

24-10-2024T08:32:43 - [MESSAGE][PASSED] - Text 'Christine' is set on object 'Object Repository/IWP30/Page_ACHPersonalPaymentEntry/txt_Lastname'

24-10-2024T08:32:43 - [MESSAGE][PASSED] - Object 'Object Repository/IWP30/Page_ACHPersonalPaymentEntry/txt_routingNumber' is present

24-10-2024T08:32:44 - [MESSAGE][PASSED] - Text '256072691' is set on object 'Object Repository/IWP30/Page_ACHPersonalPaymentEntry/txt_routingNumber'

24-10-2024T08:32:44 - [MESSAGE][PASSED] - Object 'Object Repository/IWP30/Page_ACHPersonalPaymentEntry/txt_accountNumber' is present

24-10-2024T08:32:45 - [MESSAGE][PASSED] - Text '12344444' is set on object 'Object Repository/IWP30/Page_ACHPersonalPaymentEntry/txt_accountNumber'

24-10-2024T08:32:45 - [MESSAGE][PASSED] - Object 'Object Repository/IWP30/Page_ACHPersonalPaymentEntry/txt_confirmAccountNumber' is present

24-10-2024T08:32:46 - [MESSAGE][PASSED] - Text '12344444' is set on object 'Object Repository/IWP30/Page_ACHPersonalPaymentEntry/txt_confirmAccountNumber'

24-10-2024T08:32:46 - [MESSAGE][PASSED] - Object 'Object Repository/IWP30/Page_ACHPersonalPaymentEntry/rd_accountType' is present

24-10-2024T08:32:46 - [MESSAGE][PASSED] - Modify property of object successfully

24-10-2024T08:32:46 - [MESSAGE][PASSED] - Object: 'Object Repository/IWP30/Page_ACHPersonalPaymentEntry/rd_accountType' is clicked on

24-10-2024T08:32:46 - [MESSAGE][PASSED] - Execute JavaScript '
				   document.getElementById('processDate').value = '08/09/2025'
				  ' successfully

24-10-2024T08:32:47 - [MESSAGE][PASSED] - Text '365 Main Avenue' is set on object 'Object Repository/IWP30/Page_ACHPersonalPaymentEntry/txt_AL1'

24-10-2024T08:32:48 - [MESSAGE][PASSED] - Text '22201' is set on object 'Object Repository/IWP30/Page_ACHPersonalPaymentEntry/txt_ZIP'

24-10-2024T08:32:48 - [MESSAGE][PASSED] - Object 'Object Repository/IWP30/Page_ACHPersonalPaymentEntry/txt_Email' is present

24-10-2024T08:32:49 - [MESSAGE][PASSED] - Text 'iahmed@govolution.com' is set on object 'Object Repository/IWP30/Page_ACHPersonalPaymentEntry/txt_Email'

24-10-2024T08:32:49 - [MESSAGE][PASSED] - Object 'Object Repository/IWP30/Page_ACHPersonalPaymentEntry/cb_TermsAndCond' is present

24-10-2024T08:32:50 - [MESSAGE][PASSED] - Object: 'Object Repository/IWP30/Page_ACHPersonalPaymentEntry/cb_TermsAndCond' is clicked on

24-10-2024T08:32:50 - [MESSAGE][PASSED] - Object 'Object Repository/IWP30/Page_ACHPersonalPaymentEntry/btn_Continue' is present

24-10-2024T08:32:51 - [MESSAGE][PASSED] - Object: 'Object Repository/IWP30/Page_ACHPersonalPaymentEntry/btn_Continue' is clicked on

24-10-2024T08:32:51 - [MESSAGE][PASSED] - iwpPages.achPersonalPaymentEntryPage.setDataACHPPM is PASSED

24-10-2024T08:32:51 - [TEST_STEP][PASSED] - click(findTestObject("Object Repository/IWP30/Page_Confirmation/ConfirmButton")): Object: 'Object Repository/IWP30/Page_Confirmation/ConfirmButton' is clicked on

24-10-2024T08:33:22 - [MESSAGE][INFO] - Unable to find the element located by 'By.xpath: //*[@type = 'submit' and @name = 'confirmNotifyAction' and @id = 'submitYes' and @value = 'Confirm']'. Please recheck the objects properties to make sure the desired element is located. 

24-10-2024T08:33:22 - [MESSAGE][WARNING] - [SELF-HEALING] Failed to find element with id 'Object Repository/IWP30/Page_Confirmation/ConfirmButton'. Try using Self-healing.

24-10-2024T08:33:23 - [MESSAGE][WARNING] - [SELF-HEALING] The current locator of test object 'Object Repository/IWP30/Page_Confirmation/ConfirmButton' was broken. Propose an alternative one: '//div/input'.

24-10-2024T08:33:24 - [MESSAGE][PASSED] - Object: 'Object Repository/IWP30/Page_Confirmation/ConfirmButton' is clicked on

24-10-2024T08:33:24 - [TEST_STEP][PASSED] - Thread.sleep(2000): null

24-10-2024T08:33:26 - [TEST_STEP][PASSED] - if (verifyTextPresent("Deferred", false)): null

24-10-2024T08:33:27 - [MESSAGE][PASSED] - Text 'Deferred' is present on page 

24-10-2024T08:33:27 - [TEST_STEP][PASSED] - println("Deferred is present on page. Deferred Pay is created"): null

24-10-2024T08:33:27 - [TEST_STEP][PASSED] - click(findTestObject("Object Repository/IWP30/Page_Receipt/ViewScheduledPaymentsButton")): Object: 'Object Repository/IWP30/Page_Receipt/ViewScheduledPaymentsButton' is clicked on

24-10-2024T08:33:27 - [MESSAGE][PASSED] - Object: 'Object Repository/IWP30/Page_Receipt/ViewScheduledPaymentsButton' is clicked on

24-10-2024T08:33:27 - [TEST_STEP][PASSED] - switchToWindowTitle("View Scheduled Payments"): Switched to window with title: 'View Scheduled Payments'

24-10-2024T08:33:27 - [MESSAGE][PASSED] - Switched to window with title: 'View Scheduled Payments'

24-10-2024T08:33:27 - [TEST_STEP][PASSED] - Thread.sleep(5000): null

24-10-2024T08:33:32 - [TEST_STEP][PASSED] - if (verifyTextPresent("View Scheduled Payments", false)): null

24-10-2024T08:33:33 - [MESSAGE][PASSED] - Text 'View Scheduled Payments' is present on page 

24-10-2024T08:33:33 - [TEST_STEP][PASSED] - click(findTestObject("Object Repository/IWP30/Page_ScheduledPayments/cancel_payment")): Object: 'Object Repository/IWP30/Page_ScheduledPayments/cancel_payment' is clicked on

24-10-2024T08:33:34 - [MESSAGE][PASSED] - Object: 'Object Repository/IWP30/Page_ScheduledPayments/cancel_payment' is clicked on

24-10-2024T08:33:34 - [TEST_STEP][PASSED] - if (verifyTextPresent("Cancel Payment Plan", false)): null

24-10-2024T08:33:35 - [MESSAGE][PASSED] - Text 'Cancel Payment Plan' is present on page 

24-10-2024T08:33:35 - [TEST_STEP][PASSED] - click(findTestObject("Object Repository/IWP30/Page_PaymentPlan/btn_cancel")): Object: 'Object Repository/IWP30/Page_PaymentPlan/btn_cancel' is clicked on

24-10-2024T08:33:35 - [MESSAGE][PASSED] - Object: 'Object Repository/IWP30/Page_PaymentPlan/btn_cancel' is clicked on

24-10-2024T08:33:35 - [TEST_STEP][PASSED] - acceptAlert(): Alert accepted

24-10-2024T08:33:35 - [MESSAGE][PASSED] - Alert accepted

24-10-2024T08:33:35 - [TEST_STEP][PASSED] - if (verifyTextPresent("Your payment plan has been successfully canceled", false)): null

24-10-2024T08:33:36 - [MESSAGE][PASSED] - Text 'Your payment plan has been successfully canceled' is present on page 

24-10-2024T08:33:36 - [TEST_STEP][PASSED] - markPassed("Your payment plan has been successfully created and canceled"): Your payment plan has been successfully created and canceled

24-10-2024T08:33:36 - [MESSAGE][PASSED] - Your payment plan has been successfully created and canceled

24-10-2024T08:33:36 - [TEST_STEP][PASSED] - resText = "Pass": null

24-10-2024T08:33:36 - [TEST_STEP][PASSED] - println(row): null

24-10-2024T08:33:36 - [TEST_STEP][PASSED] - pages.WriteExcel.demoKey(resText, datText, resColumn, datCloumn, fileLoc, nameSheet, row): pages.WriteExcel.demoKey is PASSED

24-10-2024T08:33:36 - [MESSAGE][PASSED] - pages.WriteExcel.demoKey is PASSED

24-10-2024T08:33:36 - [TEST_STEP][PASSED] - closeBrowser(): Browser is closed

24-10-2024T08:33:37 - [MESSAGE][PASSED] - Browser is closed]]></system-out>
         <system-err><![CDATA[]]></system-err>
      </testcase>
      <testcase name="Test Cases/IntegratedWeb/IWP25/Payments/CMCAutoPayCorp" time="240.08" classname="Test Cases/IntegratedWeb/IWP25/Payments/CMCAutoPayCorp" status="FAILED">
         <failure type="FAILED" message="Test Cases/IntegratedWeb/IWP25/Payments/CMCAutoPayCorp FAILED.&#xa;Reason:&#xa;com.kms.katalon.core.exception.StepFailedException: Text 'AutoPay' is not present on page  (Root cause: com.kms.katalon.core.exception.StepFailedException: Text 'AutoPay' is not present on page &#xa;	at com.kms.katalon.core.webui.keyword.internal.WebUIKeywordMain.stepFailed(WebUIKeywordMain.groovy:64)&#xa;	at com.kms.katalon.core.webui.keyword.builtin.VerifyTextPresentKeyword$_verifyTextPresent_closure1.doCall(VerifyTextPresentKeyword.groovy:79)&#xa;	at com.kms.katalon.core.webui.keyword.builtin.VerifyTextPresentKeyword$_verifyTextPresent_closure1.call(VerifyTextPresentKeyword.groovy)&#xa;	at com.kms.katalon.core.webui.keyword.internal.WebUIKeywordMain.runKeyword(WebUIKeywordMain.groovy:20)&#xa;	at com.kms.katalon.core.webui.keyword.builtin.VerifyTextPresentKeyword.verifyTextPresent(VerifyTextPresentKeyword.groovy:83)&#xa;	at com.kms.katalon.core.webui.keyword.builtin.VerifyTextPresentKeyword.execute(VerifyTextPresentKeyword.groovy:68)&#xa;	at com.kms.katalon.core.keyword.internal.KeywordExecutor.executeKeywordForPlatform(KeywordExecutor.groovy:74)&#xa;	at com.kms.katalon.core.webui.keyword.WebUiBuiltInKeywords.verifyTextPresent(WebUiBuiltInKeywords.groovy:1762)&#xa;	at CMCAutoPayCorp.run(CMCAutoPayCorp:91)&#xa;	at com.kms.katalon.core.main.ScriptEngine.run(ScriptEngine.java:194)&#xa;	at com.kms.katalon.core.main.ScriptEngine.runScriptAsRawText(ScriptEngine.java:119)&#xa;	at com.kms.katalon.core.main.TestCaseExecutor.runScript(TestCaseExecutor.java:448)&#xa;	at com.kms.katalon.core.main.TestCaseExecutor.doExecute(TestCaseExecutor.java:439)&#xa;	at com.kms.katalon.core.main.TestCaseExecutor.processExecutionPhase(TestCaseExecutor.java:418)&#xa;	at com.kms.katalon.core.main.TestCaseExecutor.accessMainPhase(TestCaseExecutor.java:410)&#xa;	at com.kms.katalon.core.main.TestCaseExecutor.execute(TestCaseExecutor.java:285)&#xa;	at com.kms.katalon.core.common.CommonExecutor.accessTestCaseMainPhase(CommonExecutor.java:65)&#xa;	at com.kms.katalon.core.main.TestSuiteExecutor.accessTestSuiteMainPhase(TestSuiteExecutor.java:150)&#xa;	at com.kms.katalon.core.main.TestSuiteExecutor.execute(TestSuiteExecutor.java:106)&#xa;	at com.kms.katalon.core.main.TestCaseMain.startTestSuite(TestCaseMain.java:180)&#xa;	at TempTestSuite1729731001385.run(TempTestSuite1729731001385.groovy:35)&#xa;	at java.base/jdk.internal.reflect.NativeMethodAccessorImpl.invoke0(Native Method)&#xa;	at java.base/jdk.internal.reflect.NativeMethodAccessorImpl.invoke(NativeMethodAccessorImpl.java:77)&#xa;	at java.base/jdk.internal.reflect.DelegatingMethodAccessorImpl.invoke(DelegatingMethodAccessorImpl.java:43)&#xa;)&#xa;	at com.kms.katalon.core.keyword.internal.KeywordMain.stepFailed(KeywordMain.groovy:39)&#xa;	at com.kms.katalon.core.webui.keyword.internal.WebUIKeywordMain.stepFailed(WebUIKeywordMain.groovy:64)&#xa;	at com.kms.katalon.core.webui.keyword.builtin.VerifyTextPresentKeyword$_verifyTextPresent_closure1.doCall(VerifyTextPresentKeyword.groovy:79)&#xa;	at com.kms.katalon.core.webui.keyword.builtin.VerifyTextPresentKeyword$_verifyTextPresent_closure1.call(VerifyTextPresentKeyword.groovy)&#xa;	at com.kms.katalon.core.webui.keyword.internal.WebUIKeywordMain.runKeyword(WebUIKeywordMain.groovy:20)&#xa;	at com.kms.katalon.core.webui.keyword.builtin.VerifyTextPresentKeyword.verifyTextPresent(VerifyTextPresentKeyword.groovy:83)&#xa;	at com.kms.katalon.core.webui.keyword.builtin.VerifyTextPresentKeyword.execute(VerifyTextPresentKeyword.groovy:68)&#xa;	at com.kms.katalon.core.keyword.internal.KeywordExecutor.executeKeywordForPlatform(KeywordExecutor.groovy:74)&#xa;	at com.kms.katalon.core.webui.keyword.WebUiBuiltInKeywords.verifyTextPresent(WebUiBuiltInKeywords.groovy:1762)&#xa;	at CMCAutoPayCorp.run(CMCAutoPayCorp:91)&#xa;	at com.kms.katalon.core.main.ScriptEngine.run(ScriptEngine.java:194)&#xa;	at com.kms.katalon.core.main.ScriptEngine.runScriptAsRawText(ScriptEngine.java:119)&#xa;	at com.kms.katalon.core.main.TestCaseExecutor.runScript(TestCaseExecutor.java:448)&#xa;	at com.kms.katalon.core.main.TestCaseExecutor.doExecute(TestCaseExecutor.java:439)&#xa;	at com.kms.katalon.core.main.TestCaseExecutor.processExecutionPhase(TestCaseExecutor.java:418)&#xa;	at com.kms.katalon.core.main.TestCaseExecutor.accessMainPhase(TestCaseExecutor.java:410)&#xa;	at com.kms.katalon.core.main.TestCaseExecutor.execute(TestCaseExecutor.java:285)&#xa;	at com.kms.katalon.core.common.CommonExecutor.accessTestCaseMainPhase(CommonExecutor.java:65)&#xa;	at com.kms.katalon.core.main.TestSuiteExecutor.accessTestSuiteMainPhase(TestSuiteExecutor.java:150)&#xa;	at com.kms.katalon.core.main.TestSuiteExecutor.execute(TestSuiteExecutor.java:106)&#xa;	at com.kms.katalon.core.main.TestCaseMain.startTestSuite(TestCaseMain.java:180)&#xa;	at TempTestSuite1729731001385.run(TempTestSuite1729731001385.groovy:35)&#xa;	at java.base/jdk.internal.reflect.NativeMethodAccessorImpl.invoke0(Native Method)&#xa;	at java.base/jdk.internal.reflect.NativeMethodAccessorImpl.invoke(NativeMethodAccessorImpl.java:77)&#xa;	at java.base/jdk.internal.reflect.DelegatingMethodAccessorImpl.invoke(DelegatingMethodAccessorImpl.java:43)&#xa;Caused by: com.kms.katalon.core.exception.StepFailedException: Text 'AutoPay' is not present on page &#xa;	... 24 more&#xa;"/>
         <system-out><![CDATA[24-10-2024T08:33:37 - [TEST_CASE][FAILED] - Test Cases/IntegratedWeb/IWP25/Payments/CMCAutoPayCorp: Test Cases/IntegratedWeb/IWP25/Payments/CMCAutoPayCorp FAILED.
Reason:
com.kms.katalon.core.exception.StepFailedException: Text 'AutoPay' is not present on page  (Root cause: com.kms.katalon.core.exception.StepFailedException: Text 'AutoPay' is not present on page 
	at com.kms.katalon.core.webui.keyword.internal.WebUIKeywordMain.stepFailed(WebUIKeywordMain.groovy:64)
	at com.kms.katalon.core.webui.keyword.builtin.VerifyTextPresentKeyword$_verifyTextPresent_closure1.doCall(VerifyTextPresentKeyword.groovy:79)
	at com.kms.katalon.core.webui.keyword.builtin.VerifyTextPresentKeyword$_verifyTextPresent_closure1.call(VerifyTextPresentKeyword.groovy)
	at com.kms.katalon.core.webui.keyword.internal.WebUIKeywordMain.runKeyword(WebUIKeywordMain.groovy:20)
	at com.kms.katalon.core.webui.keyword.builtin.VerifyTextPresentKeyword.verifyTextPresent(VerifyTextPresentKeyword.groovy:83)
	at com.kms.katalon.core.webui.keyword.builtin.VerifyTextPresentKeyword.execute(VerifyTextPresentKeyword.groovy:68)
	at com.kms.katalon.core.keyword.internal.KeywordExecutor.executeKeywordForPlatform(KeywordExecutor.groovy:74)
	at com.kms.katalon.core.webui.keyword.WebUiBuiltInKeywords.verifyTextPresent(WebUiBuiltInKeywords.groovy:1762)
	at CMCAutoPayCorp.run(CMCAutoPayCorp:91)
	at com.kms.katalon.core.main.ScriptEngine.run(ScriptEngine.java:194)
	at com.kms.katalon.core.main.ScriptEngine.runScriptAsRawText(ScriptEngine.java:119)
	at com.kms.katalon.core.main.TestCaseExecutor.runScript(TestCaseExecutor.java:448)
	at com.kms.katalon.core.main.TestCaseExecutor.doExecute(TestCaseExecutor.java:439)
	at com.kms.katalon.core.main.TestCaseExecutor.processExecutionPhase(TestCaseExecutor.java:418)
	at com.kms.katalon.core.main.TestCaseExecutor.accessMainPhase(TestCaseExecutor.java:410)
	at com.kms.katalon.core.main.TestCaseExecutor.execute(TestCaseExecutor.java:285)
	at com.kms.katalon.core.common.CommonExecutor.accessTestCaseMainPhase(CommonExecutor.java:65)
	at com.kms.katalon.core.main.TestSuiteExecutor.accessTestSuiteMainPhase(TestSuiteExecutor.java:150)
	at com.kms.katalon.core.main.TestSuiteExecutor.execute(TestSuiteExecutor.java:106)
	at com.kms.katalon.core.main.TestCaseMain.startTestSuite(TestCaseMain.java:180)
	at TempTestSuite1729731001385.run(TempTestSuite1729731001385.groovy:35)
	at java.base/jdk.internal.reflect.NativeMethodAccessorImpl.invoke0(Native Method)
	at java.base/jdk.internal.reflect.NativeMethodAccessorImpl.invoke(NativeMethodAccessorImpl.java:77)
	at java.base/jdk.internal.reflect.DelegatingMethodAccessorImpl.invoke(DelegatingMethodAccessorImpl.java:43)
)
	at com.kms.katalon.core.keyword.internal.KeywordMain.stepFailed(KeywordMain.groovy:39)
	at com.kms.katalon.core.webui.keyword.internal.WebUIKeywordMain.stepFailed(WebUIKeywordMain.groovy:64)
	at com.kms.katalon.core.webui.keyword.builtin.VerifyTextPresentKeyword$_verifyTextPresent_closure1.doCall(VerifyTextPresentKeyword.groovy:79)
	at com.kms.katalon.core.webui.keyword.builtin.VerifyTextPresentKeyword$_verifyTextPresent_closure1.call(VerifyTextPresentKeyword.groovy)
	at com.kms.katalon.core.webui.keyword.internal.WebUIKeywordMain.runKeyword(WebUIKeywordMain.groovy:20)
	at com.kms.katalon.core.webui.keyword.builtin.VerifyTextPresentKeyword.verifyTextPresent(VerifyTextPresentKeyword.groovy:83)
	at com.kms.katalon.core.webui.keyword.builtin.VerifyTextPresentKeyword.execute(VerifyTextPresentKeyword.groovy:68)
	at com.kms.katalon.core.keyword.internal.KeywordExecutor.executeKeywordForPlatform(KeywordExecutor.groovy:74)
	at com.kms.katalon.core.webui.keyword.WebUiBuiltInKeywords.verifyTextPresent(WebUiBuiltInKeywords.groovy:1762)
	at CMCAutoPayCorp.run(CMCAutoPayCorp:91)
	at com.kms.katalon.core.main.ScriptEngine.run(ScriptEngine.java:194)
	at com.kms.katalon.core.main.ScriptEngine.runScriptAsRawText(ScriptEngine.java:119)
	at com.kms.katalon.core.main.TestCaseExecutor.runScript(TestCaseExecutor.java:448)
	at com.kms.katalon.core.main.TestCaseExecutor.doExecute(TestCaseExecutor.java:439)
	at com.kms.katalon.core.main.TestCaseExecutor.processExecutionPhase(TestCaseExecutor.java:418)
	at com.kms.katalon.core.main.TestCaseExecutor.accessMainPhase(TestCaseExecutor.java:410)
	at com.kms.katalon.core.main.TestCaseExecutor.execute(TestCaseExecutor.java:285)
	at com.kms.katalon.core.common.CommonExecutor.accessTestCaseMainPhase(CommonExecutor.java:65)
	at com.kms.katalon.core.main.TestSuiteExecutor.accessTestSuiteMainPhase(TestSuiteExecutor.java:150)
	at com.kms.katalon.core.main.TestSuiteExecutor.execute(TestSuiteExecutor.java:106)
	at com.kms.katalon.core.main.TestCaseMain.startTestSuite(TestCaseMain.java:180)
	at TempTestSuite1729731001385.run(TempTestSuite1729731001385.groovy:35)
	at java.base/jdk.internal.reflect.NativeMethodAccessorImpl.invoke0(Native Method)
	at java.base/jdk.internal.reflect.NativeMethodAccessorImpl.invoke(NativeMethodAccessorImpl.java:77)
	at java.base/jdk.internal.reflect.DelegatingMethodAccessorImpl.invoke(DelegatingMethodAccessorImpl.java:43)
Caused by: com.kms.katalon.core.exception.StepFailedException: Text 'AutoPay' is not present on page 
	... 24 more


24-10-2024T08:33:37 - [TEST_STEP][PASSED] - resText = "Fail": null

24-10-2024T08:33:37 - [TEST_STEP][PASSED] - resColumn = "Result": null

24-10-2024T08:33:37 - [TEST_STEP][PASSED] - datCloumn = "Date": null

24-10-2024T08:33:37 - [TEST_STEP][PASSED] - fileLoc = "KatalonData/IWPTestData/VRelay25PaymentsExtension.xlsx": null

24-10-2024T08:33:37 - [TEST_STEP][PASSED] - numOfRows = <not implemented yet for class: org.codehaus.groovy.ast.expr.EmptyExpression>: null

24-10-2024T08:33:37 - [TEST_STEP][PASSED] - dataFile = <not implemented yet for class: org.codehaus.groovy.ast.expr.EmptyExpression>: null

24-10-2024T08:33:37 - [TEST_STEP][PASSED] - nameSheet = <not implemented yet for class: org.codehaus.groovy.ast.expr.EmptyExpression>: null

24-10-2024T08:33:37 - [TEST_STEP][PASSED] - dataFileEmulator = <not implemented yet for class: org.codehaus.groovy.ast.expr.EmptyExpression>: null

24-10-2024T08:33:37 - [TEST_STEP][PASSED] - isRequiredTextPresent = false: null

24-10-2024T08:33:37 - [TEST_STEP][PASSED] - nameSheet = "CMCAutoPayPlanCorp": null

24-10-2024T08:33:37 - [TEST_STEP][PASSED] - dataFile = getExcelDataWithDefaultSheet("KatalonData/IWPTestData/VRelay25PaymentsExtension.xlsx", nameSheet, true): null

24-10-2024T08:33:37 - [TEST_STEP][PASSED] - dataFileEmulator = "IWPTestData/EmulatorData": null

24-10-2024T08:33:37 - [TEST_STEP][PASSED] - numOfRows = dataFile.getRowNumbers(): null

24-10-2024T08:33:37 - [TEST_STEP][PASSED] - println("Number of Records: " + numOfRows): null

24-10-2024T08:33:37 - [TEST_STEP][FAILED] - for ([row = 1, row <= numOfRows, (row++)]): null

24-10-2024T08:33:37 - [TEST_STEP][PASSED] - ExecuteTC = dataFile.getValue("Execute", row): null

24-10-2024T08:33:37 - [TEST_STEP][PASSED] - out.println("Value of Execute is : " + ExecuteTC): null

24-10-2024T08:33:37 - [TEST_STEP][FAILED] - if (ExecuteTC.equalsIgnoreCase("Y")): null

24-10-2024T08:33:37 - [TEST_STEP][PASSED] - out.println("Begin Record Number: " + row): null

24-10-2024T08:33:37 - [TEST_STEP][PASSED] - today = new java.util.Date(): null

24-10-2024T08:33:37 - [TEST_STEP][PASSED] - println(today): null

24-10-2024T08:33:37 - [TEST_STEP][PASSED] - datText = today: null

24-10-2024T08:33:37 - [TEST_STEP][PASSED] - EmulatorDataKey = dataFile.getValue("EmulatorData", row): null

24-10-2024T08:33:37 - [TEST_STEP][PASSED] - out.println("Value of Emulator Key is : " + EmulatorDataKey): null

24-10-2024T08:33:37 - [TEST_STEP][PASSED] - iwpPages.emulatorIWP30.setDataEmulator_DD(EmulatorDataKey): iwpPages.emulatorIWP30.setDataEmulator_DD is PASSED

24-10-2024T08:33:38 - [MESSAGE][INFO] - Starting 'Edge Chromium' driver

24-10-2024T08:33:38 - [MESSAGE][INFO] - User set preference: ['acceptInsecureCerts', 'true']

24-10-2024T08:33:40 - [MESSAGE][INFO] - Action delay is set to 0 milliseconds

24-10-2024T08:33:44 - [MESSAGE][PASSED] - Browser is opened with url: 'https://qa2.velocitypayment.com/agencyx/config.action?action=editor&message_version=2_5'

24-10-2024T08:33:44 - [MESSAGE][PASSED] - Current window maximized

24-10-2024T08:34:15 - [MESSAGE][INFO] - Unable to find the element located by 'By.xpath: //select[@name='message_version']'. Please recheck the objects properties to make sure the desired element is located. 

24-10-2024T08:34:15 - [MESSAGE][WARNING] - [SELF-HEALING] Failed to find element with id 'Object Repository/IWP30/Page_VRelay30Emulator/MV'. Try using Self-healing.

24-10-2024T08:34:16 - [MESSAGE][WARNING] - [SELF-HEALING] The current locator of test object 'Object Repository/IWP30/Page_VRelay30Emulator/MV' was broken. Propose an alternative one: '(.//*[normalize-space(text()) and normalize-space(.)='Message Version'])[1]/following::select[1]'.

24-10-2024T08:34:16 - [MESSAGE][PASSED] - All options with value '2.5' are selected in object 'Object Repository/IWP30/Page_VRelay30Emulator/MV'  using regular expression

24-10-2024T08:34:17 - [MESSAGE][PASSED] - Text '10.50' is set on object 'Object Repository/IWP30/Page_EmulatorAgencyX/Amount'

24-10-2024T08:34:17 - [MESSAGE][PASSED] - Text 'Fo9PF7Qhpnji' is set on object 'Object Repository/IWP30/Page_EmulatorAgencyX/CAN'

24-10-2024T08:34:18 - [MESSAGE][PASSED] - Text 'AutoPay' is set on object 'Object Repository/IWP30/Page_EmulatorAgencyX/Action'

24-10-2024T08:34:18 - [MESSAGE][PASSED] - Text 'en_US' is set on object 'Object Repository/IWP30/Page_EmulatorAgencyX/Lang'

24-10-2024T08:34:19 - [MESSAGE][PASSED] - Text '' is set on object 'Object Repository/IWP30/Page_EmulatorAgencyX/Fname'

24-10-2024T08:34:20 - [MESSAGE][PASSED] - Text '' is set on object 'Object Repository/IWP30/Page_EmulatorAgencyX/Lname'

24-10-2024T08:34:20 - [MESSAGE][PASSED] - Text '' is set on object 'Object Repository/IWP30/Page_EmulatorAgencyX/AL1'

24-10-2024T08:34:21 - [MESSAGE][PASSED] - Text '' is set on object 'Object Repository/IWP30/Page_EmulatorAgencyX/AL2'

24-10-2024T08:34:21 - [MESSAGE][PASSED] - Text '' is set on object 'Object Repository/IWP30/Page_EmulatorAgencyX/Country'

24-10-2024T08:34:22 - [MESSAGE][PASSED] - Text '' is set on object 'Object Repository/IWP30/Page_EmulatorAgencyX/City'

24-10-2024T08:34:23 - [MESSAGE][PASSED] - Text '' is set on object 'Object Repository/IWP30/Page_EmulatorAgencyX/State'

24-10-2024T08:34:23 - [MESSAGE][PASSED] - Text '' is set on object 'Object Repository/IWP30/Page_EmulatorAgencyX/ZIP'

24-10-2024T08:34:24 - [MESSAGE][PASSED] - Text '' is set on object 'Object Repository/IWP30/Page_EmulatorAgencyX/Order'

24-10-2024T08:34:24 - [MESSAGE][PASSED] - Text '' is set on object 'Object Repository/IWP30/Page_EmulatorAgencyX/Company'

24-10-2024T08:34:25 - [MESSAGE][PASSED] - Text '' is set on object 'Object Repository/IWP30/Page_EmulatorAgencyX/Email'

24-10-2024T08:34:25 - [MESSAGE][PASSED] - Text '' is set on object 'Object Repository/IWP30/Page_EmulatorAgencyX/UDF1'

24-10-2024T08:34:26 - [MESSAGE][PASSED] - Text '' is set on object 'Object Repository/IWP30/Page_EmulatorAgencyX/UDF2'

24-10-2024T08:34:27 - [MESSAGE][PASSED] - Text '' is set on object 'Object Repository/IWP30/Page_EmulatorAgencyX/UDF3'

24-10-2024T08:34:27 - [MESSAGE][PASSED] - Text 'udf data 4' is set on object 'Object Repository/IWP30/Page_EmulatorAgencyX/UDF4'

24-10-2024T08:34:28 - [MESSAGE][PASSED] - Text 'udf data 5' is set on object 'Object Repository/IWP30/Page_EmulatorAgencyX/UDF5'

24-10-2024T08:34:28 - [MESSAGE][PASSED] - Text '' is set on object 'Object Repository/IWP30/Page_EmulatorAgencyX/UDF6'

24-10-2024T08:34:29 - [MESSAGE][PASSED] - Text '' is set on object 'Object Repository/IWP30/Page_EmulatorAgencyX/UDF7'

24-10-2024T08:34:29 - [MESSAGE][PASSED] - Text '' is set on object 'Object Repository/IWP30/Page_EmulatorAgencyX/UDF8'

24-10-2024T08:34:30 - [MESSAGE][PASSED] - Text 'udf data 9' is set on object 'Object Repository/IWP30/Page_EmulatorAgencyX/UDF9'

24-10-2024T08:34:31 - [MESSAGE][PASSED] - Text 'udf data 10' is set on object 'Object Repository/IWP30/Page_EmulatorAgencyX/UDF10'

24-10-2024T08:34:32 - [MESSAGE][PASSED] - Object: 'Object Repository/IWP30/Page_EmulatorAgencyX/Submit' is clicked on

24-10-2024T08:34:36 - [MESSAGE][PASSED] - Browser is closed

24-10-2024T08:34:40 - [MESSAGE][PASSED] - iwpPages.emulatorIWP30.setDataEmulator_DD is PASSED

24-10-2024T08:34:40 - [TEST_STEP][PASSED] - testHarnessURL = urlTestHarness: null

24-10-2024T08:34:40 - [TEST_STEP][PASSED] - openBrowser(testHarnessURL): Browser is opened with url: 'https://dev-algorithm.govolution.com/vrelaytest/QA2/version_2_2/vrelaytest.html'

24-10-2024T08:34:40 - [MESSAGE][INFO] - Starting 'Edge Chromium' driver

24-10-2024T08:34:40 - [MESSAGE][INFO] - User set preference: ['acceptInsecureCerts', 'true']

24-10-2024T08:34:43 - [MESSAGE][INFO] - Action delay is set to 0 milliseconds

24-10-2024T08:34:46 - [MESSAGE][PASSED] - Browser is opened with url: 'https://dev-algorithm.govolution.com/vrelaytest/QA2/version_2_2/vrelaytest.html'

24-10-2024T08:34:46 - [TEST_STEP][PASSED] - maximizeWindow(): Current window maximized

24-10-2024T08:34:46 - [MESSAGE][PASSED] - Current window maximized

24-10-2024T08:34:46 - [TEST_STEP][PASSED] - iwpPages.TestHarnessPage.setDataMethodEF(row, dataFile): iwpPages.TestHarnessPage.setDataMethodEF is PASSED

24-10-2024T08:34:47 - [MESSAGE][PASSED] - Object 'Object Repository/IWP30/Page_QATestHarness/RemittanceID' is present

24-10-2024T08:34:47 - [MESSAGE][PASSED] - Text '638' is set on object 'Object Repository/IWP30/Page_QATestHarness/ApplicationID'

24-10-2024T08:34:48 - [MESSAGE][PASSED] - Text '2.5' is set on object 'Object Repository/IWP30/Page_QATestHarness/MessageVersion'

24-10-2024T08:34:48 - [MESSAGE][PASSED] - Text 'QS3GQx6WQJAD' is set on object 'Object Repository/IWP30/Page_QATestHarness/RemittanceID'

24-10-2024T08:34:52 - [MESSAGE][PASSED] - Object: 'Object Repository/IWP30/Page_QATestHarness/SubmitButton' is clicked on

24-10-2024T08:34:52 - [MESSAGE][PASSED] - iwpPages.TestHarnessPage.setDataMethodEF is PASSED

24-10-2024T08:34:52 - [TEST_STEP][PASSED] - click(findTestObject("Object Repository/IWP30/Page_SelectPaymentMethod/PayByCorporateCheck")): Object: 'Object Repository/IWP30/Page_SelectPaymentMethod/PayByCorporateCheck' is clicked on

24-10-2024T08:34:53 - [MESSAGE][PASSED] - Object: 'Object Repository/IWP30/Page_SelectPaymentMethod/PayByCorporateCheck' is clicked on

24-10-2024T08:34:53 - [TEST_STEP][PASSED] - click(findTestObject("Object Repository/IWP30/Page_SelectPaymentMethod/MakePaymentButton")): Object: 'Object Repository/IWP30/Page_SelectPaymentMethod/MakePaymentButton' is clicked on

24-10-2024T08:34:55 - [MESSAGE][PASSED] - Object: 'Object Repository/IWP30/Page_SelectPaymentMethod/MakePaymentButton' is clicked on

24-10-2024T08:34:55 - [TEST_STEP][PASSED] - iwpPages.achCorporatePaymentEntryPage.setDataCorporate(row, dataFile): iwpPages.achCorporatePaymentEntryPage.setDataCorporate is PASSED

24-10-2024T08:34:56 - [MESSAGE][PASSED] - Object 'Object Repository/IWP30/Page_ACHCorporatePaymentEntry/txt_accountNumber' is present

24-10-2024T08:34:56 - [MESSAGE][PASSED] - Object 'Object Repository/IWP30/Page_ACHCorporatePaymentEntry/input_CompanyName' is present

24-10-2024T08:34:57 - [MESSAGE][PASSED] - Text 'My Company' is set on object 'Object Repository/IWP30/Page_ACHCorporatePaymentEntry/input_CompanyName'

24-10-2024T08:34:57 - [MESSAGE][PASSED] - Object 'Object Repository/IWP30/Page_ACHCorporatePaymentEntry/input_EIN' is present

24-10-2024T08:34:58 - [MESSAGE][PASSED] - Text '123456789' is set on object 'Object Repository/IWP30/Page_ACHCorporatePaymentEntry/input_EIN'

24-10-2024T08:34:58 - [MESSAGE][PASSED] - Text 'udf data 2' is set on object 'Object Repository/IWP30/Page_ACHCorporatePaymentEntry/txt_UDF2'

24-10-2024T08:34:59 - [MESSAGE][PASSED] - Text 'udf data 3' is set on object 'Object Repository/IWP30/Page_ACHCorporatePaymentEntry/txt_UDF3'

24-10-2024T08:34:59 - [MESSAGE][PASSED] - All options with label 'Orange' are selected in object 'Object Repository/IWP30/Page_ACHCorporatePaymentEntry/dd_UDF7' 

24-10-2024T08:35:00 - [MESSAGE][PASSED] - All options with label 'Soccer' are selected in object 'Object Repository/IWP30/Page_ACHCorporatePaymentEntry/dd_UDF8' 

24-10-2024T08:35:00 - [MESSAGE][PASSED] - Object 'Object Repository/IWP30/Page_ACHCorporatePaymentEntry/txt_routingNumber' is present

24-10-2024T08:35:01 - [MESSAGE][PASSED] - Text '256072691' is set on object 'Object Repository/IWP30/Page_ACHCorporatePaymentEntry/txt_routingNumber'

24-10-2024T08:35:01 - [MESSAGE][PASSED] - Object 'Object Repository/IWP30/Page_ACHCorporatePaymentEntry/txt_accountNumber' is present

24-10-2024T08:35:02 - [MESSAGE][PASSED] - Text '12344444' is set on object 'Object Repository/IWP30/Page_ACHCorporatePaymentEntry/txt_accountNumber'

24-10-2024T08:35:03 - [MESSAGE][PASSED] - Object 'Object Repository/IWP30/Page_ACHCorporatePaymentEntry/txt_confirmAccountNumber' is present

24-10-2024T08:35:03 - [MESSAGE][PASSED] - Text '12344444' is set on object 'Object Repository/IWP30/Page_ACHCorporatePaymentEntry/txt_confirmAccountNumber'

24-10-2024T08:35:04 - [MESSAGE][PASSED] - Text '365 Main Avenue' is set on object 'Object Repository/IWP30/Page_ACHCorporatePaymentEntry/txt_AL1'

24-10-2024T08:35:05 - [MESSAGE][PASSED] - Text '22201' is set on object 'Object Repository/IWP30/Page_ACHCorporatePaymentEntry/txt_ZIP'

24-10-2024T08:35:05 - [MESSAGE][PASSED] - Object 'Object Repository/IWP30/Page_ACHCorporatePaymentEntry/txt_Email' is present

24-10-2024T08:35:07 - [MESSAGE][PASSED] - Text 'iahmed@govolution.com' is set on object 'Object Repository/IWP30/Page_ACHCorporatePaymentEntry/txt_Email'

24-10-2024T08:35:07 - [MESSAGE][PASSED] - Object 'Object Repository/IWP30/Page_ACHCorporatePaymentEntry/cb_TermsAndCond' is present

24-10-2024T08:35:07 - [MESSAGE][PASSED] - Object: 'Object Repository/IWP30/Page_ACHCorporatePaymentEntry/cb_TermsAndCond' is clicked on

24-10-2024T08:35:07 - [MESSAGE][PASSED] - Object 'Object Repository/IWP30/Page_ACHCorporatePaymentEntry/btn_Continue' is present

24-10-2024T08:35:09 - [MESSAGE][PASSED] - Object: 'Object Repository/IWP30/Page_ACHCorporatePaymentEntry/btn_Continue' is clicked on

24-10-2024T08:35:09 - [MESSAGE][PASSED] - iwpPages.achCorporatePaymentEntryPage.setDataCorporate is PASSED

24-10-2024T08:35:09 - [TEST_STEP][PASSED] - click(findTestObject("Object Repository/IWP30/Page_Confirmation/ConfirmButton")): Object: 'Object Repository/IWP30/Page_Confirmation/ConfirmButton' is clicked on

24-10-2024T08:35:11 - [MESSAGE][PASSED] - Object: 'Object Repository/IWP30/Page_Confirmation/ConfirmButton' is clicked on

24-10-2024T08:35:11 - [TEST_STEP][PASSED] - Thread.sleep(2000): null

24-10-2024T08:35:13 - [TEST_STEP][FAILED] - if (verifyTextPresent("AutoPay", false)): Text 'AutoPay' is not present on page  (Root cause: com.kms.katalon.core.exception.StepFailedException: Text 'AutoPay' is not present on page 
	at com.kms.katalon.core.webui.keyword.internal.WebUIKeywordMain.stepFailed(WebUIKeywordMain.groovy:64)
	at com.kms.katalon.core.webui.keyword.builtin.VerifyTextPresentKeyword$_verifyTextPresent_closure1.doCall(VerifyTextPresentKeyword.groovy:79)
	at com.kms.katalon.core.webui.keyword.builtin.VerifyTextPresentKeyword$_verifyTextPresent_closure1.call(VerifyTextPresentKeyword.groovy)
	at com.kms.katalon.core.webui.keyword.internal.WebUIKeywordMain.runKeyword(WebUIKeywordMain.groovy:20)
	at com.kms.katalon.core.webui.keyword.builtin.VerifyTextPresentKeyword.verifyTextPresent(VerifyTextPresentKeyword.groovy:83)
	at com.kms.katalon.core.webui.keyword.builtin.VerifyTextPresentKeyword.execute(VerifyTextPresentKeyword.groovy:68)
	at com.kms.katalon.core.keyword.internal.KeywordExecutor.executeKeywordForPlatform(KeywordExecutor.groovy:74)
	at com.kms.katalon.core.webui.keyword.WebUiBuiltInKeywords.verifyTextPresent(WebUiBuiltInKeywords.groovy:1762)
	at CMCAutoPayCorp.run(CMCAutoPayCorp:91)
	at com.kms.katalon.core.main.ScriptEngine.run(ScriptEngine.java:194)
	at com.kms.katalon.core.main.ScriptEngine.runScriptAsRawText(ScriptEngine.java:119)
	at com.kms.katalon.core.main.TestCaseExecutor.runScript(TestCaseExecutor.java:448)
	at com.kms.katalon.core.main.TestCaseExecutor.doExecute(TestCaseExecutor.java:439)
	at com.kms.katalon.core.main.TestCaseExecutor.processExecutionPhase(TestCaseExecutor.java:418)
	at com.kms.katalon.core.main.TestCaseExecutor.accessMainPhase(TestCaseExecutor.java:410)
	at com.kms.katalon.core.main.TestCaseExecutor.execute(TestCaseExecutor.java:285)
	at com.kms.katalon.core.common.CommonExecutor.accessTestCaseMainPhase(CommonExecutor.java:65)
	at com.kms.katalon.core.main.TestSuiteExecutor.accessTestSuiteMainPhase(TestSuiteExecutor.java:150)
	at com.kms.katalon.core.main.TestSuiteExecutor.execute(TestSuiteExecutor.java:106)
	at com.kms.katalon.core.main.TestCaseMain.startTestSuite(TestCaseMain.java:180)
	at TempTestSuite1729731001385.run(TempTestSuite1729731001385.groovy:35)
	at java.base/jdk.internal.reflect.NativeMethodAccessorImpl.invoke0(Native Method)
	at java.base/jdk.internal.reflect.NativeMethodAccessorImpl.invoke(NativeMethodAccessorImpl.java:77)
	at java.base/jdk.internal.reflect.DelegatingMethodAccessorImpl.invoke(DelegatingMethodAccessorImpl.java:43)
)

24-10-2024T08:35:13 - [MESSAGE][FAILED] - Text 'AutoPay' is not present on page  (Root cause: com.kms.katalon.core.exception.StepFailedException: Text 'AutoPay' is not present on page 
	at com.kms.katalon.core.webui.keyword.internal.WebUIKeywordMain.stepFailed(WebUIKeywordMain.groovy:64)
	at com.kms.katalon.core.webui.keyword.builtin.VerifyTextPresentKeyword$_verifyTextPresent_closure1.doCall(VerifyTextPresentKeyword.groovy:79)
	at com.kms.katalon.core.webui.keyword.builtin.VerifyTextPresentKeyword$_verifyTextPresent_closure1.call(VerifyTextPresentKeyword.groovy)
	at com.kms.katalon.core.webui.keyword.internal.WebUIKeywordMain.runKeyword(WebUIKeywordMain.groovy:20)
	at com.kms.katalon.core.webui.keyword.builtin.VerifyTextPresentKeyword.verifyTextPresent(VerifyTextPresentKeyword.groovy:83)
	at com.kms.katalon.core.webui.keyword.builtin.VerifyTextPresentKeyword.execute(VerifyTextPresentKeyword.groovy:68)
	at com.kms.katalon.core.keyword.internal.KeywordExecutor.executeKeywordForPlatform(KeywordExecutor.groovy:74)
	at com.kms.katalon.core.webui.keyword.WebUiBuiltInKeywords.verifyTextPresent(WebUiBuiltInKeywords.groovy:1762)
	at CMCAutoPayCorp.run(CMCAutoPayCorp:91)
	at com.kms.katalon.core.main.ScriptEngine.run(ScriptEngine.java:194)
	at com.kms.katalon.core.main.ScriptEngine.runScriptAsRawText(ScriptEngine.java:119)
	at com.kms.katalon.core.main.TestCaseExecutor.runScript(TestCaseExecutor.java:448)
	at com.kms.katalon.core.main.TestCaseExecutor.doExecute(TestCaseExecutor.java:439)
	at com.kms.katalon.core.main.TestCaseExecutor.processExecutionPhase(TestCaseExecutor.java:418)
	at com.kms.katalon.core.main.TestCaseExecutor.accessMainPhase(TestCaseExecutor.java:410)
	at com.kms.katalon.core.main.TestCaseExecutor.execute(TestCaseExecutor.java:285)
	at com.kms.katalon.core.common.CommonExecutor.accessTestCaseMainPhase(CommonExecutor.java:65)
	at com.kms.katalon.core.main.TestSuiteExecutor.accessTestSuiteMainPhase(TestSuiteExecutor.java:150)
	at com.kms.katalon.core.main.TestSuiteExecutor.execute(TestSuiteExecutor.java:106)
	at com.kms.katalon.core.main.TestCaseMain.startTestSuite(TestCaseMain.java:180)
	at TempTestSuite1729731001385.run(TempTestSuite1729731001385.groovy:35)
	at java.base/jdk.internal.reflect.NativeMethodAccessorImpl.invoke0(Native Method)
	at java.base/jdk.internal.reflect.NativeMethodAccessorImpl.invoke(NativeMethodAccessorImpl.java:77)
	at java.base/jdk.internal.reflect.DelegatingMethodAccessorImpl.invoke(DelegatingMethodAccessorImpl.java:43)
)

24-10-2024T08:35:13 - [TEST_STEP][FAILED] - else: null

24-10-2024T08:35:13 - [TEST_STEP][FAILED] - markFailed("Deferred is not present on page"): Deferred is not present on page

24-10-2024T08:35:13 - [MESSAGE][FAILED] - Deferred is not present on page

24-10-2024T08:35:13 - [TEST_STEP][PASSED] - resText = "Fail": null

24-10-2024T08:35:13 - [TEST_STEP][PASSED] - pages.WriteExcel.demoKey(resText, datText, resColumn, datCloumn, fileLoc, nameSheet, row): pages.WriteExcel.demoKey is PASSED

24-10-2024T08:35:13 - [MESSAGE][PASSED] - pages.WriteExcel.demoKey is PASSED

24-10-2024T08:35:13 - [TEST_STEP][PASSED] - closeBrowser(): Browser is closed

24-10-2024T08:35:14 - [MESSAGE][PASSED] - Browser is closed

24-10-2024T08:35:14 - [TEST_STEP][PASSED] - ExecuteTC = dataFile.getValue("Execute", row): null

24-10-2024T08:35:14 - [TEST_STEP][PASSED] - out.println("Value of Execute is : " + ExecuteTC): null

24-10-2024T08:35:14 - [TEST_STEP][PASSED] - if (ExecuteTC.equalsIgnoreCase("Y")): null

24-10-2024T08:35:14 - [TEST_STEP][PASSED] - out.println("Begin Record Number: " + row): null

24-10-2024T08:35:14 - [TEST_STEP][PASSED] - today = new java.util.Date(): null

24-10-2024T08:35:14 - [TEST_STEP][PASSED] - println(today): null

24-10-2024T08:35:14 - [TEST_STEP][PASSED] - datText = today: null

24-10-2024T08:35:14 - [TEST_STEP][PASSED] - EmulatorDataKey = dataFile.getValue("EmulatorData", row): null

24-10-2024T08:35:14 - [TEST_STEP][PASSED] - out.println("Value of Emulator Key is : " + EmulatorDataKey): null

24-10-2024T08:35:14 - [TEST_STEP][PASSED] - iwpPages.emulatorIWP30.setDataEmulator_DD(EmulatorDataKey): iwpPages.emulatorIWP30.setDataEmulator_DD is PASSED

24-10-2024T08:35:14 - [MESSAGE][INFO] - Starting 'Edge Chromium' driver

24-10-2024T08:35:14 - [MESSAGE][INFO] - User set preference: ['acceptInsecureCerts', 'true']

24-10-2024T08:35:16 - [MESSAGE][INFO] - Action delay is set to 0 milliseconds

24-10-2024T08:35:20 - [MESSAGE][PASSED] - Browser is opened with url: 'https://qa2.velocitypayment.com/agencyx/config.action?action=editor&message_version=3_0'

24-10-2024T08:35:20 - [MESSAGE][PASSED] - Current window maximized

24-10-2024T08:35:51 - [MESSAGE][INFO] - Unable to find the element located by 'By.xpath: //select[@name='message_version']'. Please recheck the objects properties to make sure the desired element is located. 

24-10-2024T08:35:51 - [MESSAGE][WARNING] - [SELF-HEALING] Failed to find element with id 'Object Repository/IWP30/Page_VRelay30Emulator/MV'. Try using Self-healing.

24-10-2024T08:35:52 - [MESSAGE][WARNING] - [SELF-HEALING] The current locator of test object 'Object Repository/IWP30/Page_VRelay30Emulator/MV' was broken. Propose an alternative one: '(.//*[normalize-space(text()) and normalize-space(.)='Message Version'])[1]/following::select[1]'.

24-10-2024T08:35:52 - [MESSAGE][PASSED] - All options with value '3.0' are selected in object 'Object Repository/IWP30/Page_VRelay30Emulator/MV'  using regular expression

24-10-2024T08:35:53 - [MESSAGE][PASSED] - Text '10.50' is set on object 'Object Repository/IWP30/Page_EmulatorAgencyX/Amount'

24-10-2024T08:35:54 - [MESSAGE][PASSED] - Text '6MApwttN09RW' is set on object 'Object Repository/IWP30/Page_EmulatorAgencyX/CAN'

24-10-2024T08:35:54 - [MESSAGE][PASSED] - Text 'AutoPay' is set on object 'Object Repository/IWP30/Page_EmulatorAgencyX/Action'

24-10-2024T08:35:55 - [MESSAGE][PASSED] - Text 'en_US' is set on object 'Object Repository/IWP30/Page_EmulatorAgencyX/Lang'

24-10-2024T08:35:55 - [MESSAGE][PASSED] - Text '' is set on object 'Object Repository/IWP30/Page_EmulatorAgencyX/Fname'

24-10-2024T08:35:56 - [MESSAGE][PASSED] - Text '' is set on object 'Object Repository/IWP30/Page_EmulatorAgencyX/Lname'

24-10-2024T08:35:56 - [MESSAGE][PASSED] - Text '' is set on object 'Object Repository/IWP30/Page_EmulatorAgencyX/AL1'

24-10-2024T08:35:57 - [MESSAGE][PASSED] - Text '' is set on object 'Object Repository/IWP30/Page_EmulatorAgencyX/AL2'

24-10-2024T08:35:58 - [MESSAGE][PASSED] - Text '' is set on object 'Object Repository/IWP30/Page_EmulatorAgencyX/Country'

24-10-2024T08:35:58 - [MESSAGE][PASSED] - Text '' is set on object 'Object Repository/IWP30/Page_EmulatorAgencyX/City'

24-10-2024T08:35:59 - [MESSAGE][PASSED] - Text '' is set on object 'Object Repository/IWP30/Page_EmulatorAgencyX/State'

24-10-2024T08:35:59 - [MESSAGE][PASSED] - Text '' is set on object 'Object Repository/IWP30/Page_EmulatorAgencyX/ZIP'

24-10-2024T08:36:00 - [MESSAGE][PASSED] - Text '' is set on object 'Object Repository/IWP30/Page_EmulatorAgencyX/Order'

24-10-2024T08:36:00 - [MESSAGE][PASSED] - Text '' is set on object 'Object Repository/IWP30/Page_EmulatorAgencyX/Company'

24-10-2024T08:36:01 - [MESSAGE][PASSED] - Text '' is set on object 'Object Repository/IWP30/Page_EmulatorAgencyX/Email'

24-10-2024T08:36:02 - [MESSAGE][PASSED] - Text '' is set on object 'Object Repository/IWP30/Page_EmulatorAgencyX/UDF1'

24-10-2024T08:36:02 - [MESSAGE][PASSED] - Text '' is set on object 'Object Repository/IWP30/Page_EmulatorAgencyX/UDF2'

24-10-2024T08:36:03 - [MESSAGE][PASSED] - Text '' is set on object 'Object Repository/IWP30/Page_EmulatorAgencyX/UDF3'

24-10-2024T08:36:03 - [MESSAGE][PASSED] - Text 'udf data 4' is set on object 'Object Repository/IWP30/Page_EmulatorAgencyX/UDF4'

24-10-2024T08:36:04 - [MESSAGE][PASSED] - Text 'udf data 5' is set on object 'Object Repository/IWP30/Page_EmulatorAgencyX/UDF5'

24-10-2024T08:36:04 - [MESSAGE][PASSED] - Text '' is set on object 'Object Repository/IWP30/Page_EmulatorAgencyX/UDF6'

24-10-2024T08:36:05 - [MESSAGE][PASSED] - Text '' is set on object 'Object Repository/IWP30/Page_EmulatorAgencyX/UDF7'

24-10-2024T08:36:06 - [MESSAGE][PASSED] - Text '' is set on object 'Object Repository/IWP30/Page_EmulatorAgencyX/UDF8'

24-10-2024T08:36:06 - [MESSAGE][PASSED] - Text 'udf data 9' is set on object 'Object Repository/IWP30/Page_EmulatorAgencyX/UDF9'

24-10-2024T08:36:07 - [MESSAGE][PASSED] - Text 'udf data 10' is set on object 'Object Repository/IWP30/Page_EmulatorAgencyX/UDF10'

24-10-2024T08:36:08 - [MESSAGE][PASSED] - Object: 'Object Repository/IWP30/Page_EmulatorAgencyX/Submit' is clicked on

24-10-2024T08:36:13 - [MESSAGE][PASSED] - Browser is closed

24-10-2024T08:36:17 - [MESSAGE][PASSED] - iwpPages.emulatorIWP30.setDataEmulator_DD is PASSED

24-10-2024T08:36:17 - [TEST_STEP][PASSED] - testHarnessURL = urlTestHarness: null

24-10-2024T08:36:17 - [TEST_STEP][PASSED] - openBrowser(testHarnessURL): Browser is opened with url: 'https://dev-algorithm.govolution.com/vrelaytest/QA2/version_2_2/vrelaytest.html'

24-10-2024T08:36:17 - [MESSAGE][INFO] - Starting 'Edge Chromium' driver

24-10-2024T08:36:17 - [MESSAGE][INFO] - User set preference: ['acceptInsecureCerts', 'true']

24-10-2024T08:36:19 - [MESSAGE][INFO] - Action delay is set to 0 milliseconds

24-10-2024T08:36:22 - [MESSAGE][PASSED] - Browser is opened with url: 'https://dev-algorithm.govolution.com/vrelaytest/QA2/version_2_2/vrelaytest.html'

24-10-2024T08:36:22 - [TEST_STEP][PASSED] - maximizeWindow(): Current window maximized

24-10-2024T08:36:22 - [MESSAGE][PASSED] - Current window maximized

24-10-2024T08:36:22 - [TEST_STEP][PASSED] - iwpPages.TestHarnessPage.setDataMethodEF(row, dataFile): iwpPages.TestHarnessPage.setDataMethodEF is PASSED

24-10-2024T08:36:23 - [MESSAGE][PASSED] - Object 'Object Repository/IWP30/Page_QATestHarness/RemittanceID' is present

24-10-2024T08:36:23 - [MESSAGE][PASSED] - Text '649' is set on object 'Object Repository/IWP30/Page_QATestHarness/ApplicationID'

24-10-2024T08:36:24 - [MESSAGE][PASSED] - Text '3.0' is set on object 'Object Repository/IWP30/Page_QATestHarness/MessageVersion'

24-10-2024T08:36:25 - [MESSAGE][PASSED] - Text 'irwjZCCKYhRs' is set on object 'Object Repository/IWP30/Page_QATestHarness/RemittanceID'

24-10-2024T08:36:28 - [MESSAGE][PASSED] - Object: 'Object Repository/IWP30/Page_QATestHarness/SubmitButton' is clicked on

24-10-2024T08:36:28 - [MESSAGE][PASSED] - iwpPages.TestHarnessPage.setDataMethodEF is PASSED

24-10-2024T08:36:28 - [TEST_STEP][PASSED] - click(findTestObject("Object Repository/IWP30/Page_SelectPaymentMethod/PayByCorporateCheck")): Object: 'Object Repository/IWP30/Page_SelectPaymentMethod/PayByCorporateCheck' is clicked on

24-10-2024T08:36:29 - [MESSAGE][PASSED] - Object: 'Object Repository/IWP30/Page_SelectPaymentMethod/PayByCorporateCheck' is clicked on

24-10-2024T08:36:29 - [TEST_STEP][PASSED] - click(findTestObject("Object Repository/IWP30/Page_SelectPaymentMethod/MakePaymentButton")): Object: 'Object Repository/IWP30/Page_SelectPaymentMethod/MakePaymentButton' is clicked on

24-10-2024T08:36:32 - [MESSAGE][PASSED] - Object: 'Object Repository/IWP30/Page_SelectPaymentMethod/MakePaymentButton' is clicked on

24-10-2024T08:36:32 - [TEST_STEP][PASSED] - iwpPages.achCorporatePaymentEntryPage.setDataCorporate(row, dataFile): iwpPages.achCorporatePaymentEntryPage.setDataCorporate is PASSED

24-10-2024T08:36:32 - [MESSAGE][PASSED] - Object 'Object Repository/IWP30/Page_ACHCorporatePaymentEntry/txt_accountNumber' is present

24-10-2024T08:36:32 - [MESSAGE][PASSED] - Object 'Object Repository/IWP30/Page_ACHCorporatePaymentEntry/input_CompanyName' is present

24-10-2024T08:36:33 - [MESSAGE][PASSED] - Text 'My Company' is set on object 'Object Repository/IWP30/Page_ACHCorporatePaymentEntry/input_CompanyName'

24-10-2024T08:36:33 - [MESSAGE][PASSED] - Object 'Object Repository/IWP30/Page_ACHCorporatePaymentEntry/input_EIN' is present

24-10-2024T08:36:34 - [MESSAGE][PASSED] - Text '123456789' is set on object 'Object Repository/IWP30/Page_ACHCorporatePaymentEntry/input_EIN'

24-10-2024T08:36:34 - [MESSAGE][PASSED] - Text 'udf data 2' is set on object 'Object Repository/IWP30/Page_ACHCorporatePaymentEntry/txt_UDF2'

24-10-2024T08:36:35 - [MESSAGE][PASSED] - Text 'udf data 3' is set on object 'Object Repository/IWP30/Page_ACHCorporatePaymentEntry/txt_UDF3'

24-10-2024T08:36:35 - [MESSAGE][PASSED] - All options with label 'Orange' are selected in object 'Object Repository/IWP30/Page_ACHCorporatePaymentEntry/dd_UDF7' 

24-10-2024T08:36:36 - [MESSAGE][PASSED] - All options with label 'Soccer' are selected in object 'Object Repository/IWP30/Page_ACHCorporatePaymentEntry/dd_UDF8' 

24-10-2024T08:36:36 - [MESSAGE][PASSED] - Object 'Object Repository/IWP30/Page_ACHCorporatePaymentEntry/txt_routingNumber' is present

24-10-2024T08:36:37 - [MESSAGE][PASSED] - Text '256072691' is set on object 'Object Repository/IWP30/Page_ACHCorporatePaymentEntry/txt_routingNumber'

24-10-2024T08:36:37 - [MESSAGE][PASSED] - Object 'Object Repository/IWP30/Page_ACHCorporatePaymentEntry/txt_accountNumber' is present

24-10-2024T08:36:38 - [MESSAGE][PASSED] - Text '12344444' is set on object 'Object Repository/IWP30/Page_ACHCorporatePaymentEntry/txt_accountNumber'

24-10-2024T08:36:39 - [MESSAGE][PASSED] - Object 'Object Repository/IWP30/Page_ACHCorporatePaymentEntry/txt_confirmAccountNumber' is present

24-10-2024T08:36:40 - [MESSAGE][PASSED] - Text '12344444' is set on object 'Object Repository/IWP30/Page_ACHCorporatePaymentEntry/txt_confirmAccountNumber'

24-10-2024T08:36:40 - [MESSAGE][PASSED] - Text '365 Main Avenue' is set on object 'Object Repository/IWP30/Page_ACHCorporatePaymentEntry/txt_AL1'

24-10-2024T08:36:41 - [MESSAGE][PASSED] - Text '22201' is set on object 'Object Repository/IWP30/Page_ACHCorporatePaymentEntry/txt_ZIP'

24-10-2024T08:36:41 - [MESSAGE][PASSED] - Object 'Object Repository/IWP30/Page_ACHCorporatePaymentEntry/txt_Email' is present

24-10-2024T08:36:42 - [MESSAGE][PASSED] - Text 'iahmed@govolution.com' is set on object 'Object Repository/IWP30/Page_ACHCorporatePaymentEntry/txt_Email'

24-10-2024T08:36:42 - [MESSAGE][PASSED] - Object 'Object Repository/IWP30/Page_ACHCorporatePaymentEntry/cb_TermsAndCond' is present

24-10-2024T08:36:43 - [MESSAGE][PASSED] - Object: 'Object Repository/IWP30/Page_ACHCorporatePaymentEntry/cb_TermsAndCond' is clicked on

24-10-2024T08:36:43 - [MESSAGE][PASSED] - Object 'Object Repository/IWP30/Page_ACHCorporatePaymentEntry/btn_Continue' is present

24-10-2024T08:36:44 - [MESSAGE][PASSED] - Object: 'Object Repository/IWP30/Page_ACHCorporatePaymentEntry/btn_Continue' is clicked on

24-10-2024T08:36:44 - [MESSAGE][PASSED] - iwpPages.achCorporatePaymentEntryPage.setDataCorporate is PASSED

24-10-2024T08:36:44 - [TEST_STEP][PASSED] - click(findTestObject("Object Repository/IWP30/Page_Confirmation/ConfirmButton")): Object: 'Object Repository/IWP30/Page_Confirmation/ConfirmButton' is clicked on

24-10-2024T08:37:15 - [MESSAGE][INFO] - Unable to find the element located by 'By.xpath: //*[@type = 'submit' and @name = 'confirmNotifyAction' and @id = 'submitYes' and @value = 'Confirm']'. Please recheck the objects properties to make sure the desired element is located. 

24-10-2024T08:37:15 - [MESSAGE][WARNING] - [SELF-HEALING] Failed to find element with id 'Object Repository/IWP30/Page_Confirmation/ConfirmButton'. Try using Self-healing.

24-10-2024T08:37:15 - [MESSAGE][WARNING] - [SELF-HEALING] The current locator of test object 'Object Repository/IWP30/Page_Confirmation/ConfirmButton' was broken. Propose an alternative one: '//div/input'.

24-10-2024T08:37:17 - [MESSAGE][PASSED] - Object: 'Object Repository/IWP30/Page_Confirmation/ConfirmButton' is clicked on

24-10-2024T08:37:17 - [TEST_STEP][PASSED] - Thread.sleep(2000): null

24-10-2024T08:37:19 - [TEST_STEP][PASSED] - if (verifyTextPresent("AutoPay", false)): null

24-10-2024T08:37:19 - [MESSAGE][PASSED] - Text 'AutoPay' is present on page 

24-10-2024T08:37:20 - [TEST_STEP][PASSED] - openBrowser(testHarnessURL): Browser is opened with url: 'https://dev-algorithm.govolution.com/vrelaytest/QA2/version_2_2/vrelaytest.html'

24-10-2024T08:37:20 - [MESSAGE][WARNING] - A browser is already opened. Closing browser and opening a new one

24-10-2024T08:37:20 - [MESSAGE][INFO] - Starting 'Edge Chromium' driver

24-10-2024T08:37:20 - [MESSAGE][INFO] - User set preference: ['acceptInsecureCerts', 'true']

24-10-2024T08:37:22 - [MESSAGE][INFO] - Action delay is set to 0 milliseconds

24-10-2024T08:37:25 - [MESSAGE][PASSED] - Browser is opened with url: 'https://dev-algorithm.govolution.com/vrelaytest/QA2/version_2_2/vrelaytest.html'

24-10-2024T08:37:25 - [TEST_STEP][PASSED] - maximizeWindow(): Current window maximized

24-10-2024T08:37:26 - [MESSAGE][PASSED] - Current window maximized

24-10-2024T08:37:26 - [TEST_STEP][PASSED] - iwpPages.TestHarnessPage.setDataMethodEF(row, dataFile): iwpPages.TestHarnessPage.setDataMethodEF is PASSED

24-10-2024T08:37:26 - [MESSAGE][PASSED] - Object 'Object Repository/IWP30/Page_QATestHarness/RemittanceID' is present

24-10-2024T08:37:26 - [MESSAGE][PASSED] - Text '649' is set on object 'Object Repository/IWP30/Page_QATestHarness/ApplicationID'

24-10-2024T08:37:27 - [MESSAGE][PASSED] - Text '3.0' is set on object 'Object Repository/IWP30/Page_QATestHarness/MessageVersion'

24-10-2024T08:37:28 - [MESSAGE][PASSED] - Text 'ZEaH8Onx4YCd' is set on object 'Object Repository/IWP30/Page_QATestHarness/RemittanceID'

24-10-2024T08:37:31 - [MESSAGE][PASSED] - Object: 'Object Repository/IWP30/Page_QATestHarness/SubmitButton' is clicked on

24-10-2024T08:37:31 - [MESSAGE][PASSED] - iwpPages.TestHarnessPage.setDataMethodEF is PASSED

24-10-2024T08:37:31 - [TEST_STEP][PASSED] - click(findTestObject("Object Repository/IWP30/Page_ManagePlan_Autopay/btn_modify")): Object: 'Object Repository/IWP30/Page_ManagePlan_Autopay/btn_modify' is clicked on

24-10-2024T08:37:32 - [MESSAGE][PASSED] - Object: 'Object Repository/IWP30/Page_ManagePlan_Autopay/btn_modify' is clicked on

24-10-2024T08:37:32 - [TEST_STEP][PASSED] - click(findTestObject("Object Repository/IWP30/Page_Modify/btn_savechanges")): Object: 'Object Repository/IWP30/Page_Modify/btn_savechanges' is clicked on

24-10-2024T08:37:34 - [MESSAGE][PASSED] - Object: 'Object Repository/IWP30/Page_Modify/btn_savechanges' is clicked on

24-10-2024T08:37:34 - [TEST_STEP][PASSED] - if (verifyTextPresent("Edits to your payment plan were completed successfully", false)): null

24-10-2024T08:37:34 - [MESSAGE][PASSED] - Text 'Edits to your payment plan were completed successfully' is present on page 

24-10-2024T08:37:34 - [TEST_STEP][PASSED] - click(findTestObject("Object Repository/IWP30/Page_ManagePlan_Autopay/btn_cancel")): Object: 'Object Repository/IWP30/Page_ManagePlan_Autopay/btn_cancel' is clicked on

24-10-2024T08:37:34 - [MESSAGE][PASSED] - Object: 'Object Repository/IWP30/Page_ManagePlan_Autopay/btn_cancel' is clicked on

24-10-2024T08:37:34 - [TEST_STEP][PASSED] - click(findTestObject("Object Repository/IWP30/Page_CancelPlan/btn_cancel")): Object: 'Object Repository/IWP30/Page_CancelPlan/btn_cancel' is clicked on

24-10-2024T08:37:36 - [MESSAGE][PASSED] - Object: 'Object Repository/IWP30/Page_CancelPlan/btn_cancel' is clicked on

24-10-2024T08:37:36 - [TEST_STEP][PASSED] - if (verifyTextPresent("Your payment plan has been cancelled successfully", false)): null

24-10-2024T08:37:36 - [MESSAGE][PASSED] - Text 'Your payment plan has been cancelled successfully' is present on page 

24-10-2024T08:37:36 - [TEST_STEP][PASSED] - markPassed("Your payment plan has been successfully created and canceled"): Your payment plan has been successfully created and canceled

24-10-2024T08:37:36 - [MESSAGE][PASSED] - Your payment plan has been successfully created and canceled

24-10-2024T08:37:36 - [TEST_STEP][PASSED] - resText = "Pass": null

24-10-2024T08:37:36 - [TEST_STEP][PASSED] - println(row): null

24-10-2024T08:37:36 - [TEST_STEP][PASSED] - pages.WriteExcel.demoKey(resText, datText, resColumn, datCloumn, fileLoc, nameSheet, row): pages.WriteExcel.demoKey is PASSED

24-10-2024T08:37:37 - [MESSAGE][PASSED] - pages.WriteExcel.demoKey is PASSED

24-10-2024T08:37:37 - [TEST_STEP][PASSED] - closeBrowser(): Browser is closed

24-10-2024T08:37:37 - [MESSAGE][PASSED] - Browser is closed]]></system-out>
         <system-err><![CDATA[24-10-2024T08:33:37 - [TEST_CASE][FAILED] - Test Cases/IntegratedWeb/IWP25/Payments/CMCAutoPayCorp: Test Cases/IntegratedWeb/IWP25/Payments/CMCAutoPayCorp FAILED.
Reason:
com.kms.katalon.core.exception.StepFailedException: Text 'AutoPay' is not present on page  (Root cause: com.kms.katalon.core.exception.StepFailedException: Text 'AutoPay' is not present on page 
	at com.kms.katalon.core.webui.keyword.internal.WebUIKeywordMain.stepFailed(WebUIKeywordMain.groovy:64)
	at com.kms.katalon.core.webui.keyword.builtin.VerifyTextPresentKeyword$_verifyTextPresent_closure1.doCall(VerifyTextPresentKeyword.groovy:79)
	at com.kms.katalon.core.webui.keyword.builtin.VerifyTextPresentKeyword$_verifyTextPresent_closure1.call(VerifyTextPresentKeyword.groovy)
	at com.kms.katalon.core.webui.keyword.internal.WebUIKeywordMain.runKeyword(WebUIKeywordMain.groovy:20)
	at com.kms.katalon.core.webui.keyword.builtin.VerifyTextPresentKeyword.verifyTextPresent(VerifyTextPresentKeyword.groovy:83)
	at com.kms.katalon.core.webui.keyword.builtin.VerifyTextPresentKeyword.execute(VerifyTextPresentKeyword.groovy:68)
	at com.kms.katalon.core.keyword.internal.KeywordExecutor.executeKeywordForPlatform(KeywordExecutor.groovy:74)
	at com.kms.katalon.core.webui.keyword.WebUiBuiltInKeywords.verifyTextPresent(WebUiBuiltInKeywords.groovy:1762)
	at CMCAutoPayCorp.run(CMCAutoPayCorp:91)
	at com.kms.katalon.core.main.ScriptEngine.run(ScriptEngine.java:194)
	at com.kms.katalon.core.main.ScriptEngine.runScriptAsRawText(ScriptEngine.java:119)
	at com.kms.katalon.core.main.TestCaseExecutor.runScript(TestCaseExecutor.java:448)
	at com.kms.katalon.core.main.TestCaseExecutor.doExecute(TestCaseExecutor.java:439)
	at com.kms.katalon.core.main.TestCaseExecutor.processExecutionPhase(TestCaseExecutor.java:418)
	at com.kms.katalon.core.main.TestCaseExecutor.accessMainPhase(TestCaseExecutor.java:410)
	at com.kms.katalon.core.main.TestCaseExecutor.execute(TestCaseExecutor.java:285)
	at com.kms.katalon.core.common.CommonExecutor.accessTestCaseMainPhase(CommonExecutor.java:65)
	at com.kms.katalon.core.main.TestSuiteExecutor.accessTestSuiteMainPhase(TestSuiteExecutor.java:150)
	at com.kms.katalon.core.main.TestSuiteExecutor.execute(TestSuiteExecutor.java:106)
	at com.kms.katalon.core.main.TestCaseMain.startTestSuite(TestCaseMain.java:180)
	at TempTestSuite1729731001385.run(TempTestSuite1729731001385.groovy:35)
	at java.base/jdk.internal.reflect.NativeMethodAccessorImpl.invoke0(Native Method)
	at java.base/jdk.internal.reflect.NativeMethodAccessorImpl.invoke(NativeMethodAccessorImpl.java:77)
	at java.base/jdk.internal.reflect.DelegatingMethodAccessorImpl.invoke(DelegatingMethodAccessorImpl.java:43)
)
	at com.kms.katalon.core.keyword.internal.KeywordMain.stepFailed(KeywordMain.groovy:39)
	at com.kms.katalon.core.webui.keyword.internal.WebUIKeywordMain.stepFailed(WebUIKeywordMain.groovy:64)
	at com.kms.katalon.core.webui.keyword.builtin.VerifyTextPresentKeyword$_verifyTextPresent_closure1.doCall(VerifyTextPresentKeyword.groovy:79)
	at com.kms.katalon.core.webui.keyword.builtin.VerifyTextPresentKeyword$_verifyTextPresent_closure1.call(VerifyTextPresentKeyword.groovy)
	at com.kms.katalon.core.webui.keyword.internal.WebUIKeywordMain.runKeyword(WebUIKeywordMain.groovy:20)
	at com.kms.katalon.core.webui.keyword.builtin.VerifyTextPresentKeyword.verifyTextPresent(VerifyTextPresentKeyword.groovy:83)
	at com.kms.katalon.core.webui.keyword.builtin.VerifyTextPresentKeyword.execute(VerifyTextPresentKeyword.groovy:68)
	at com.kms.katalon.core.keyword.internal.KeywordExecutor.executeKeywordForPlatform(KeywordExecutor.groovy:74)
	at com.kms.katalon.core.webui.keyword.WebUiBuiltInKeywords.verifyTextPresent(WebUiBuiltInKeywords.groovy:1762)
	at CMCAutoPayCorp.run(CMCAutoPayCorp:91)
	at com.kms.katalon.core.main.ScriptEngine.run(ScriptEngine.java:194)
	at com.kms.katalon.core.main.ScriptEngine.runScriptAsRawText(ScriptEngine.java:119)
	at com.kms.katalon.core.main.TestCaseExecutor.runScript(TestCaseExecutor.java:448)
	at com.kms.katalon.core.main.TestCaseExecutor.doExecute(TestCaseExecutor.java:439)
	at com.kms.katalon.core.main.TestCaseExecutor.processExecutionPhase(TestCaseExecutor.java:418)
	at com.kms.katalon.core.main.TestCaseExecutor.accessMainPhase(TestCaseExecutor.java:410)
	at com.kms.katalon.core.main.TestCaseExecutor.execute(TestCaseExecutor.java:285)
	at com.kms.katalon.core.common.CommonExecutor.accessTestCaseMainPhase(CommonExecutor.java:65)
	at com.kms.katalon.core.main.TestSuiteExecutor.accessTestSuiteMainPhase(TestSuiteExecutor.java:150)
	at com.kms.katalon.core.main.TestSuiteExecutor.execute(TestSuiteExecutor.java:106)
	at com.kms.katalon.core.main.TestCaseMain.startTestSuite(TestCaseMain.java:180)
	at TempTestSuite1729731001385.run(TempTestSuite1729731001385.groovy:35)
	at java.base/jdk.internal.reflect.NativeMethodAccessorImpl.invoke0(Native Method)
	at java.base/jdk.internal.reflect.NativeMethodAccessorImpl.invoke(NativeMethodAccessorImpl.java:77)
	at java.base/jdk.internal.reflect.DelegatingMethodAccessorImpl.invoke(DelegatingMethodAccessorImpl.java:43)
Caused by: com.kms.katalon.core.exception.StepFailedException: Text 'AutoPay' is not present on page 
	... 24 more]]></system-err>
      </testcase>
      <testcase name="Test Cases/IntegratedWeb/IWP25/Payments/CMCAutoPayCredit" time="208.026" classname="Test Cases/IntegratedWeb/IWP25/Payments/CMCAutoPayCredit" status="FAILED">
         <failure type="FAILED" message="Test Cases/IntegratedWeb/IWP25/Payments/CMCAutoPayCredit FAILED.&#xa;Reason:&#xa;com.kms.katalon.core.exception.StepFailedException: Text 'AutoPay' is not present on page  (Root cause: com.kms.katalon.core.exception.StepFailedException: Text 'AutoPay' is not present on page &#xa;	at com.kms.katalon.core.webui.keyword.internal.WebUIKeywordMain.stepFailed(WebUIKeywordMain.groovy:64)&#xa;	at com.kms.katalon.core.webui.keyword.builtin.VerifyTextPresentKeyword$_verifyTextPresent_closure1.doCall(VerifyTextPresentKeyword.groovy:79)&#xa;	at com.kms.katalon.core.webui.keyword.builtin.VerifyTextPresentKeyword$_verifyTextPresent_closure1.call(VerifyTextPresentKeyword.groovy)&#xa;	at com.kms.katalon.core.webui.keyword.internal.WebUIKeywordMain.runKeyword(WebUIKeywordMain.groovy:20)&#xa;	at com.kms.katalon.core.webui.keyword.builtin.VerifyTextPresentKeyword.verifyTextPresent(VerifyTextPresentKeyword.groovy:83)&#xa;	at com.kms.katalon.core.webui.keyword.builtin.VerifyTextPresentKeyword.execute(VerifyTextPresentKeyword.groovy:68)&#xa;	at com.kms.katalon.core.keyword.internal.KeywordExecutor.executeKeywordForPlatform(KeywordExecutor.groovy:74)&#xa;	at com.kms.katalon.core.webui.keyword.WebUiBuiltInKeywords.verifyTextPresent(WebUiBuiltInKeywords.groovy:1762)&#xa;	at CMCAutoPayCredit.run(CMCAutoPayCredit:91)&#xa;	at com.kms.katalon.core.main.ScriptEngine.run(ScriptEngine.java:194)&#xa;	at com.kms.katalon.core.main.ScriptEngine.runScriptAsRawText(ScriptEngine.java:119)&#xa;	at com.kms.katalon.core.main.TestCaseExecutor.runScript(TestCaseExecutor.java:448)&#xa;	at com.kms.katalon.core.main.TestCaseExecutor.doExecute(TestCaseExecutor.java:439)&#xa;	at com.kms.katalon.core.main.TestCaseExecutor.processExecutionPhase(TestCaseExecutor.java:418)&#xa;	at com.kms.katalon.core.main.TestCaseExecutor.accessMainPhase(TestCaseExecutor.java:410)&#xa;	at com.kms.katalon.core.main.TestCaseExecutor.execute(TestCaseExecutor.java:285)&#xa;	at com.kms.katalon.core.common.CommonExecutor.accessTestCaseMainPhase(CommonExecutor.java:65)&#xa;	at com.kms.katalon.core.main.TestSuiteExecutor.accessTestSuiteMainPhase(TestSuiteExecutor.java:150)&#xa;	at com.kms.katalon.core.main.TestSuiteExecutor.execute(TestSuiteExecutor.java:106)&#xa;	at com.kms.katalon.core.main.TestCaseMain.startTestSuite(TestCaseMain.java:180)&#xa;	at TempTestSuite1729731001385.run(TempTestSuite1729731001385.groovy:35)&#xa;	at java.base/jdk.internal.reflect.NativeMethodAccessorImpl.invoke0(Native Method)&#xa;	at java.base/jdk.internal.reflect.NativeMethodAccessorImpl.invoke(NativeMethodAccessorImpl.java:77)&#xa;	at java.base/jdk.internal.reflect.DelegatingMethodAccessorImpl.invoke(DelegatingMethodAccessorImpl.java:43)&#xa;)&#xa;	at com.kms.katalon.core.keyword.internal.KeywordMain.stepFailed(KeywordMain.groovy:39)&#xa;	at com.kms.katalon.core.webui.keyword.internal.WebUIKeywordMain.stepFailed(WebUIKeywordMain.groovy:64)&#xa;	at com.kms.katalon.core.webui.keyword.builtin.VerifyTextPresentKeyword$_verifyTextPresent_closure1.doCall(VerifyTextPresentKeyword.groovy:79)&#xa;	at com.kms.katalon.core.webui.keyword.builtin.VerifyTextPresentKeyword$_verifyTextPresent_closure1.call(VerifyTextPresentKeyword.groovy)&#xa;	at com.kms.katalon.core.webui.keyword.internal.WebUIKeywordMain.runKeyword(WebUIKeywordMain.groovy:20)&#xa;	at com.kms.katalon.core.webui.keyword.builtin.VerifyTextPresentKeyword.verifyTextPresent(VerifyTextPresentKeyword.groovy:83)&#xa;	at com.kms.katalon.core.webui.keyword.builtin.VerifyTextPresentKeyword.execute(VerifyTextPresentKeyword.groovy:68)&#xa;	at com.kms.katalon.core.keyword.internal.KeywordExecutor.executeKeywordForPlatform(KeywordExecutor.groovy:74)&#xa;	at com.kms.katalon.core.webui.keyword.WebUiBuiltInKeywords.verifyTextPresent(WebUiBuiltInKeywords.groovy:1762)&#xa;	at CMCAutoPayCredit.run(CMCAutoPayCredit:91)&#xa;	at com.kms.katalon.core.main.ScriptEngine.run(ScriptEngine.java:194)&#xa;	at com.kms.katalon.core.main.ScriptEngine.runScriptAsRawText(ScriptEngine.java:119)&#xa;	at com.kms.katalon.core.main.TestCaseExecutor.runScript(TestCaseExecutor.java:448)&#xa;	at com.kms.katalon.core.main.TestCaseExecutor.doExecute(TestCaseExecutor.java:439)&#xa;	at com.kms.katalon.core.main.TestCaseExecutor.processExecutionPhase(TestCaseExecutor.java:418)&#xa;	at com.kms.katalon.core.main.TestCaseExecutor.accessMainPhase(TestCaseExecutor.java:410)&#xa;	at com.kms.katalon.core.main.TestCaseExecutor.execute(TestCaseExecutor.java:285)&#xa;	at com.kms.katalon.core.common.CommonExecutor.accessTestCaseMainPhase(CommonExecutor.java:65)&#xa;	at com.kms.katalon.core.main.TestSuiteExecutor.accessTestSuiteMainPhase(TestSuiteExecutor.java:150)&#xa;	at com.kms.katalon.core.main.TestSuiteExecutor.execute(TestSuiteExecutor.java:106)&#xa;	at com.kms.katalon.core.main.TestCaseMain.startTestSuite(TestCaseMain.java:180)&#xa;	at TempTestSuite1729731001385.run(TempTestSuite1729731001385.groovy:35)&#xa;	at java.base/jdk.internal.reflect.NativeMethodAccessorImpl.invoke0(Native Method)&#xa;	at java.base/jdk.internal.reflect.NativeMethodAccessorImpl.invoke(NativeMethodAccessorImpl.java:77)&#xa;	at java.base/jdk.internal.reflect.DelegatingMethodAccessorImpl.invoke(DelegatingMethodAccessorImpl.java:43)&#xa;Caused by: com.kms.katalon.core.exception.StepFailedException: Text 'AutoPay' is not present on page &#xa;	... 24 more&#xa;"/>
         <system-out><![CDATA[24-10-2024T08:37:37 - [TEST_CASE][FAILED] - Test Cases/IntegratedWeb/IWP25/Payments/CMCAutoPayCredit: Test Cases/IntegratedWeb/IWP25/Payments/CMCAutoPayCredit FAILED.
Reason:
com.kms.katalon.core.exception.StepFailedException: Text 'AutoPay' is not present on page  (Root cause: com.kms.katalon.core.exception.StepFailedException: Text 'AutoPay' is not present on page 
	at com.kms.katalon.core.webui.keyword.internal.WebUIKeywordMain.stepFailed(WebUIKeywordMain.groovy:64)
	at com.kms.katalon.core.webui.keyword.builtin.VerifyTextPresentKeyword$_verifyTextPresent_closure1.doCall(VerifyTextPresentKeyword.groovy:79)
	at com.kms.katalon.core.webui.keyword.builtin.VerifyTextPresentKeyword$_verifyTextPresent_closure1.call(VerifyTextPresentKeyword.groovy)
	at com.kms.katalon.core.webui.keyword.internal.WebUIKeywordMain.runKeyword(WebUIKeywordMain.groovy:20)
	at com.kms.katalon.core.webui.keyword.builtin.VerifyTextPresentKeyword.verifyTextPresent(VerifyTextPresentKeyword.groovy:83)
	at com.kms.katalon.core.webui.keyword.builtin.VerifyTextPresentKeyword.execute(VerifyTextPresentKeyword.groovy:68)
	at com.kms.katalon.core.keyword.internal.KeywordExecutor.executeKeywordForPlatform(KeywordExecutor.groovy:74)
	at com.kms.katalon.core.webui.keyword.WebUiBuiltInKeywords.verifyTextPresent(WebUiBuiltInKeywords.groovy:1762)
	at CMCAutoPayCredit.run(CMCAutoPayCredit:91)
	at com.kms.katalon.core.main.ScriptEngine.run(ScriptEngine.java:194)
	at com.kms.katalon.core.main.ScriptEngine.runScriptAsRawText(ScriptEngine.java:119)
	at com.kms.katalon.core.main.TestCaseExecutor.runScript(TestCaseExecutor.java:448)
	at com.kms.katalon.core.main.TestCaseExecutor.doExecute(TestCaseExecutor.java:439)
	at com.kms.katalon.core.main.TestCaseExecutor.processExecutionPhase(TestCaseExecutor.java:418)
	at com.kms.katalon.core.main.TestCaseExecutor.accessMainPhase(TestCaseExecutor.java:410)
	at com.kms.katalon.core.main.TestCaseExecutor.execute(TestCaseExecutor.java:285)
	at com.kms.katalon.core.common.CommonExecutor.accessTestCaseMainPhase(CommonExecutor.java:65)
	at com.kms.katalon.core.main.TestSuiteExecutor.accessTestSuiteMainPhase(TestSuiteExecutor.java:150)
	at com.kms.katalon.core.main.TestSuiteExecutor.execute(TestSuiteExecutor.java:106)
	at com.kms.katalon.core.main.TestCaseMain.startTestSuite(TestCaseMain.java:180)
	at TempTestSuite1729731001385.run(TempTestSuite1729731001385.groovy:35)
	at java.base/jdk.internal.reflect.NativeMethodAccessorImpl.invoke0(Native Method)
	at java.base/jdk.internal.reflect.NativeMethodAccessorImpl.invoke(NativeMethodAccessorImpl.java:77)
	at java.base/jdk.internal.reflect.DelegatingMethodAccessorImpl.invoke(DelegatingMethodAccessorImpl.java:43)
)
	at com.kms.katalon.core.keyword.internal.KeywordMain.stepFailed(KeywordMain.groovy:39)
	at com.kms.katalon.core.webui.keyword.internal.WebUIKeywordMain.stepFailed(WebUIKeywordMain.groovy:64)
	at com.kms.katalon.core.webui.keyword.builtin.VerifyTextPresentKeyword$_verifyTextPresent_closure1.doCall(VerifyTextPresentKeyword.groovy:79)
	at com.kms.katalon.core.webui.keyword.builtin.VerifyTextPresentKeyword$_verifyTextPresent_closure1.call(VerifyTextPresentKeyword.groovy)
	at com.kms.katalon.core.webui.keyword.internal.WebUIKeywordMain.runKeyword(WebUIKeywordMain.groovy:20)
	at com.kms.katalon.core.webui.keyword.builtin.VerifyTextPresentKeyword.verifyTextPresent(VerifyTextPresentKeyword.groovy:83)
	at com.kms.katalon.core.webui.keyword.builtin.VerifyTextPresentKeyword.execute(VerifyTextPresentKeyword.groovy:68)
	at com.kms.katalon.core.keyword.internal.KeywordExecutor.executeKeywordForPlatform(KeywordExecutor.groovy:74)
	at com.kms.katalon.core.webui.keyword.WebUiBuiltInKeywords.verifyTextPresent(WebUiBuiltInKeywords.groovy:1762)
	at CMCAutoPayCredit.run(CMCAutoPayCredit:91)
	at com.kms.katalon.core.main.ScriptEngine.run(ScriptEngine.java:194)
	at com.kms.katalon.core.main.ScriptEngine.runScriptAsRawText(ScriptEngine.java:119)
	at com.kms.katalon.core.main.TestCaseExecutor.runScript(TestCaseExecutor.java:448)
	at com.kms.katalon.core.main.TestCaseExecutor.doExecute(TestCaseExecutor.java:439)
	at com.kms.katalon.core.main.TestCaseExecutor.processExecutionPhase(TestCaseExecutor.java:418)
	at com.kms.katalon.core.main.TestCaseExecutor.accessMainPhase(TestCaseExecutor.java:410)
	at com.kms.katalon.core.main.TestCaseExecutor.execute(TestCaseExecutor.java:285)
	at com.kms.katalon.core.common.CommonExecutor.accessTestCaseMainPhase(CommonExecutor.java:65)
	at com.kms.katalon.core.main.TestSuiteExecutor.accessTestSuiteMainPhase(TestSuiteExecutor.java:150)
	at com.kms.katalon.core.main.TestSuiteExecutor.execute(TestSuiteExecutor.java:106)
	at com.kms.katalon.core.main.TestCaseMain.startTestSuite(TestCaseMain.java:180)
	at TempTestSuite1729731001385.run(TempTestSuite1729731001385.groovy:35)
	at java.base/jdk.internal.reflect.NativeMethodAccessorImpl.invoke0(Native Method)
	at java.base/jdk.internal.reflect.NativeMethodAccessorImpl.invoke(NativeMethodAccessorImpl.java:77)
	at java.base/jdk.internal.reflect.DelegatingMethodAccessorImpl.invoke(DelegatingMethodAccessorImpl.java:43)
Caused by: com.kms.katalon.core.exception.StepFailedException: Text 'AutoPay' is not present on page 
	... 24 more


24-10-2024T08:37:37 - [TEST_STEP][PASSED] - resText = "Fail": null

24-10-2024T08:37:37 - [TEST_STEP][PASSED] - resColumn = "Result": null

24-10-2024T08:37:37 - [TEST_STEP][PASSED] - datCloumn = "Date": null

24-10-2024T08:37:37 - [TEST_STEP][PASSED] - fileLoc = "KatalonData/IWPTestData/VRelay25PaymentsExtension.xlsx": null

24-10-2024T08:37:37 - [TEST_STEP][PASSED] - numOfRows = <not implemented yet for class: org.codehaus.groovy.ast.expr.EmptyExpression>: null

24-10-2024T08:37:37 - [TEST_STEP][PASSED] - dataFile = <not implemented yet for class: org.codehaus.groovy.ast.expr.EmptyExpression>: null

24-10-2024T08:37:37 - [TEST_STEP][PASSED] - nameSheet = <not implemented yet for class: org.codehaus.groovy.ast.expr.EmptyExpression>: null

24-10-2024T08:37:37 - [TEST_STEP][PASSED] - dataFileEmulator = <not implemented yet for class: org.codehaus.groovy.ast.expr.EmptyExpression>: null

24-10-2024T08:37:37 - [TEST_STEP][PASSED] - isRequiredTextPresent = false: null

24-10-2024T08:37:37 - [TEST_STEP][PASSED] - nameSheet = "CMCAutoPayPlanCredit": null

24-10-2024T08:37:37 - [TEST_STEP][PASSED] - dataFile = getExcelDataWithDefaultSheet("KatalonData/IWPTestData/VRelay25PaymentsExtension.xlsx", nameSheet, true): null

24-10-2024T08:37:37 - [TEST_STEP][PASSED] - dataFileEmulator = "IWPTestData/EmulatorData": null

24-10-2024T08:37:37 - [TEST_STEP][PASSED] - numOfRows = dataFile.getRowNumbers(): null

24-10-2024T08:37:37 - [TEST_STEP][PASSED] - println("Number of Records: " + numOfRows): null

24-10-2024T08:37:37 - [TEST_STEP][FAILED] - for ([row = 1, row <= numOfRows, (row++)]): null

24-10-2024T08:37:37 - [TEST_STEP][PASSED] - ExecuteTC = dataFile.getValue("Execute", row): null

24-10-2024T08:37:37 - [TEST_STEP][PASSED] - out.println("Value of Execute is : " + ExecuteTC): null

24-10-2024T08:37:37 - [TEST_STEP][FAILED] - if (ExecuteTC.equalsIgnoreCase("Y")): null

24-10-2024T08:37:37 - [TEST_STEP][PASSED] - out.println("Begin Record Number: " + row): null

24-10-2024T08:37:37 - [TEST_STEP][PASSED] - today = new java.util.Date(): null

24-10-2024T08:37:37 - [TEST_STEP][PASSED] - println(today): null

24-10-2024T08:37:37 - [TEST_STEP][PASSED] - datText = today: null

24-10-2024T08:37:37 - [TEST_STEP][PASSED] - EmulatorDataKey = dataFile.getValue("EmulatorData", row): null

24-10-2024T08:37:37 - [TEST_STEP][PASSED] - out.println("Value of Emulator Key is : " + EmulatorDataKey): null

24-10-2024T08:37:37 - [TEST_STEP][PASSED] - iwpPages.emulatorIWP30.setDataEmulator_DD(EmulatorDataKey): iwpPages.emulatorIWP30.setDataEmulator_DD is PASSED

24-10-2024T08:37:38 - [MESSAGE][INFO] - Starting 'Edge Chromium' driver

24-10-2024T08:37:38 - [MESSAGE][INFO] - User set preference: ['acceptInsecureCerts', 'true']

24-10-2024T08:37:40 - [MESSAGE][INFO] - Action delay is set to 0 milliseconds

24-10-2024T08:37:44 - [MESSAGE][PASSED] - Browser is opened with url: 'https://qa2.velocitypayment.com/agencyx/config.action?action=editor&message_version=2_5'

24-10-2024T08:37:44 - [MESSAGE][PASSED] - Current window maximized

24-10-2024T08:38:15 - [MESSAGE][INFO] - Unable to find the element located by 'By.xpath: //select[@name='message_version']'. Please recheck the objects properties to make sure the desired element is located. 

24-10-2024T08:38:15 - [MESSAGE][WARNING] - [SELF-HEALING] Failed to find element with id 'Object Repository/IWP30/Page_VRelay30Emulator/MV'. Try using Self-healing.

24-10-2024T08:38:16 - [MESSAGE][WARNING] - [SELF-HEALING] The current locator of test object 'Object Repository/IWP30/Page_VRelay30Emulator/MV' was broken. Propose an alternative one: '(.//*[normalize-space(text()) and normalize-space(.)='Message Version'])[1]/following::select[1]'.

24-10-2024T08:38:16 - [MESSAGE][PASSED] - All options with value '2.5' are selected in object 'Object Repository/IWP30/Page_VRelay30Emulator/MV'  using regular expression

24-10-2024T08:38:17 - [MESSAGE][PASSED] - Text '10.50' is set on object 'Object Repository/IWP30/Page_EmulatorAgencyX/Amount'

24-10-2024T08:38:17 - [MESSAGE][PASSED] - Text '62ihaNvcZM1w' is set on object 'Object Repository/IWP30/Page_EmulatorAgencyX/CAN'

24-10-2024T08:38:18 - [MESSAGE][PASSED] - Text 'AutoPay' is set on object 'Object Repository/IWP30/Page_EmulatorAgencyX/Action'

24-10-2024T08:38:19 - [MESSAGE][PASSED] - Text 'en_US' is set on object 'Object Repository/IWP30/Page_EmulatorAgencyX/Lang'

24-10-2024T08:38:19 - [MESSAGE][PASSED] - Text '' is set on object 'Object Repository/IWP30/Page_EmulatorAgencyX/Fname'

24-10-2024T08:38:20 - [MESSAGE][PASSED] - Text '' is set on object 'Object Repository/IWP30/Page_EmulatorAgencyX/Lname'

24-10-2024T08:38:20 - [MESSAGE][PASSED] - Text '' is set on object 'Object Repository/IWP30/Page_EmulatorAgencyX/AL1'

24-10-2024T08:38:21 - [MESSAGE][PASSED] - Text '' is set on object 'Object Repository/IWP30/Page_EmulatorAgencyX/AL2'

24-10-2024T08:38:21 - [MESSAGE][PASSED] - Text '' is set on object 'Object Repository/IWP30/Page_EmulatorAgencyX/Country'

24-10-2024T08:38:22 - [MESSAGE][PASSED] - Text '' is set on object 'Object Repository/IWP30/Page_EmulatorAgencyX/City'

24-10-2024T08:38:23 - [MESSAGE][PASSED] - Text '' is set on object 'Object Repository/IWP30/Page_EmulatorAgencyX/State'

24-10-2024T08:38:23 - [MESSAGE][PASSED] - Text '' is set on object 'Object Repository/IWP30/Page_EmulatorAgencyX/ZIP'

24-10-2024T08:38:24 - [MESSAGE][PASSED] - Text '' is set on object 'Object Repository/IWP30/Page_EmulatorAgencyX/Order'

24-10-2024T08:38:24 - [MESSAGE][PASSED] - Text '' is set on object 'Object Repository/IWP30/Page_EmulatorAgencyX/Company'

24-10-2024T08:38:25 - [MESSAGE][PASSED] - Text '' is set on object 'Object Repository/IWP30/Page_EmulatorAgencyX/Email'

24-10-2024T08:38:25 - [MESSAGE][PASSED] - Text '' is set on object 'Object Repository/IWP30/Page_EmulatorAgencyX/UDF1'

24-10-2024T08:38:26 - [MESSAGE][PASSED] - Text '' is set on object 'Object Repository/IWP30/Page_EmulatorAgencyX/UDF2'

24-10-2024T08:38:27 - [MESSAGE][PASSED] - Text '' is set on object 'Object Repository/IWP30/Page_EmulatorAgencyX/UDF3'

24-10-2024T08:38:27 - [MESSAGE][PASSED] - Text 'udf data 4' is set on object 'Object Repository/IWP30/Page_EmulatorAgencyX/UDF4'

24-10-2024T08:38:28 - [MESSAGE][PASSED] - Text 'udf data 5' is set on object 'Object Repository/IWP30/Page_EmulatorAgencyX/UDF5'

24-10-2024T08:38:28 - [MESSAGE][PASSED] - Text '' is set on object 'Object Repository/IWP30/Page_EmulatorAgencyX/UDF6'

24-10-2024T08:38:29 - [MESSAGE][PASSED] - Text '' is set on object 'Object Repository/IWP30/Page_EmulatorAgencyX/UDF7'

24-10-2024T08:38:29 - [MESSAGE][PASSED] - Text '' is set on object 'Object Repository/IWP30/Page_EmulatorAgencyX/UDF8'

24-10-2024T08:38:30 - [MESSAGE][PASSED] - Text 'udf data 9' is set on object 'Object Repository/IWP30/Page_EmulatorAgencyX/UDF9'

24-10-2024T08:38:31 - [MESSAGE][PASSED] - Text 'udf data 10' is set on object 'Object Repository/IWP30/Page_EmulatorAgencyX/UDF10'

24-10-2024T08:38:32 - [MESSAGE][PASSED] - Object: 'Object Repository/IWP30/Page_EmulatorAgencyX/Submit' is clicked on

24-10-2024T08:38:37 - [MESSAGE][PASSED] - Browser is closed

24-10-2024T08:38:41 - [MESSAGE][PASSED] - iwpPages.emulatorIWP30.setDataEmulator_DD is PASSED

24-10-2024T08:38:41 - [TEST_STEP][PASSED] - testHarnessURL = urlTestHarness: null

24-10-2024T08:38:41 - [TEST_STEP][PASSED] - openBrowser(testHarnessURL): Browser is opened with url: 'https://dev-algorithm.govolution.com/vrelaytest/QA2/version_2_2/vrelaytest.html'

24-10-2024T08:38:41 - [MESSAGE][INFO] - Starting 'Edge Chromium' driver

24-10-2024T08:38:41 - [MESSAGE][INFO] - User set preference: ['acceptInsecureCerts', 'true']

24-10-2024T08:38:43 - [MESSAGE][INFO] - Action delay is set to 0 milliseconds

24-10-2024T08:38:46 - [MESSAGE][PASSED] - Browser is opened with url: 'https://dev-algorithm.govolution.com/vrelaytest/QA2/version_2_2/vrelaytest.html'

24-10-2024T08:38:46 - [TEST_STEP][PASSED] - maximizeWindow(): Current window maximized

24-10-2024T08:38:46 - [MESSAGE][PASSED] - Current window maximized

24-10-2024T08:38:46 - [TEST_STEP][PASSED] - iwpPages.TestHarnessPage.setDataMethodEF(row, dataFile): iwpPages.TestHarnessPage.setDataMethodEF is PASSED

24-10-2024T08:38:47 - [MESSAGE][PASSED] - Object 'Object Repository/IWP30/Page_QATestHarness/RemittanceID' is present

24-10-2024T08:38:47 - [MESSAGE][PASSED] - Text '638' is set on object 'Object Repository/IWP30/Page_QATestHarness/ApplicationID'

24-10-2024T08:38:48 - [MESSAGE][PASSED] - Text '2.5' is set on object 'Object Repository/IWP30/Page_QATestHarness/MessageVersion'

24-10-2024T08:38:49 - [MESSAGE][PASSED] - Text 'JV3Bg1qoB8DX' is set on object 'Object Repository/IWP30/Page_QATestHarness/RemittanceID'

24-10-2024T08:38:52 - [MESSAGE][PASSED] - Object: 'Object Repository/IWP30/Page_QATestHarness/SubmitButton' is clicked on

24-10-2024T08:38:52 - [MESSAGE][PASSED] - iwpPages.TestHarnessPage.setDataMethodEF is PASSED

24-10-2024T08:38:52 - [TEST_STEP][PASSED] - click(findTestObject("Object Repository/IWP30/Page_SelectPaymentMethod/PayByCreditCard")): Object: 'Object Repository/IWP30/Page_SelectPaymentMethod/PayByCreditCard' is clicked on

24-10-2024T08:38:53 - [MESSAGE][PASSED] - Object: 'Object Repository/IWP30/Page_SelectPaymentMethod/PayByCreditCard' is clicked on

24-10-2024T08:38:53 - [TEST_STEP][PASSED] - click(findTestObject("Object Repository/IWP30/Page_SelectPaymentMethod/MakePaymentButton")): Object: 'Object Repository/IWP30/Page_SelectPaymentMethod/MakePaymentButton' is clicked on

24-10-2024T08:38:56 - [MESSAGE][PASSED] - Object: 'Object Repository/IWP30/Page_SelectPaymentMethod/MakePaymentButton' is clicked on

24-10-2024T08:38:56 - [TEST_STEP][PASSED] - iwpPages.ccPaymentEntryPage.setDataCCPM(row, dataFile): iwpPages.ccPaymentEntryPage.setDataCCPM is PASSED

24-10-2024T08:38:57 - [MESSAGE][PASSED] - Object 'Object Repository/IWP30/Page_CCPaymentEntry/Name' is present

24-10-2024T08:38:57 - [MESSAGE][PASSED] - Text 'udf data 2' is set on object 'Object Repository/IWP30/Page_CCPaymentEntry/UserDefined2'

24-10-2024T08:38:58 - [MESSAGE][PASSED] - Text 'udf data 3' is set on object 'Object Repository/IWP30/Page_CCPaymentEntry/UserDefined3'

24-10-2024T08:38:58 - [MESSAGE][PASSED] - All options with label 'Orange' are selected in object 'Object Repository/IWP30/Page_CCPaymentEntry/UserDefined7' 

24-10-2024T08:38:59 - [MESSAGE][PASSED] - All options with label 'Soccer' are selected in object 'Object Repository/IWP30/Page_CCPaymentEntry/UserDefined8' 

24-10-2024T08:38:59 - [MESSAGE][PASSED] - Object 'Object Repository/IWP30/Page_CCPaymentEntry/Name' is present

24-10-2024T08:39:00 - [MESSAGE][PASSED] - Text 'Kavita Ranawati' is set on object 'Object Repository/IWP30/Page_CCPaymentEntry/Name'

24-10-2024T08:39:00 - [MESSAGE][PASSED] - Object 'Object Repository/IWP30/Page_CCPaymentEntry/CardNumber' is present

24-10-2024T08:39:01 - [MESSAGE][PASSED] - Text '4111111111111111' is set on object 'Object Repository/IWP30/Page_CCPaymentEntry/CardNumber'

24-10-2024T08:39:01 - [MESSAGE][PASSED] - Text '123' is set on object 'Object Repository/IWP30/Page_CCPaymentEntry/SPC'

24-10-2024T08:39:02 - [MESSAGE][PASSED] - Object 'Object Repository/IWP30/Page_CCPaymentEntry/Month' is present

24-10-2024T08:39:02 - [MESSAGE][PASSED] - All options with label '01' are selected in object 'Object Repository/IWP30/Page_CCPaymentEntry/Month' 

24-10-2024T08:39:03 - [MESSAGE][PASSED] - Object 'Object Repository/IWP30/Page_CCPaymentEntry/Year' is present

24-10-2024T08:39:03 - [MESSAGE][PASSED] - All options with label '2028' are selected in object 'Object Repository/IWP30/Page_CCPaymentEntry/Year' 

24-10-2024T08:39:04 - [MESSAGE][PASSED] - Text '365 Main Avenue' is set on object 'Object Repository/IWP30/Page_CCPaymentEntry/AL1'

24-10-2024T08:39:05 - [MESSAGE][PASSED] - Text '22201' is set on object 'Object Repository/IWP30/Page_CCPaymentEntry/ZIP'

24-10-2024T08:39:05 - [MESSAGE][PASSED] - Object 'Object Repository/IWP30/Page_CCPaymentEntry/EmailAddress' is present

24-10-2024T08:39:06 - [MESSAGE][PASSED] - Text 'iahmed@govolution.com' is set on object 'Object Repository/IWP30/Page_CCPaymentEntry/EmailAddress'

24-10-2024T08:39:06 - [MESSAGE][PASSED] - Object 'Object Repository/IWP30/Page_CCPaymentEntry/TermCondCheckBox' is present

24-10-2024T08:39:07 - [MESSAGE][PASSED] - Object 'Object Repository/IWP30/Page_CCPaymentEntry/TermCondCheckBox' is checked

24-10-2024T08:39:07 - [MESSAGE][PASSED] - Object 'Object Repository/IWP30/Page_CCPaymentEntry/ContinueButton' is present

24-10-2024T08:39:09 - [MESSAGE][PASSED] - Object: 'Object Repository/IWP30/Page_CCPaymentEntry/ContinueButton' is clicked on

24-10-2024T08:39:09 - [MESSAGE][PASSED] - iwpPages.ccPaymentEntryPage.setDataCCPM is PASSED

24-10-2024T08:39:09 - [TEST_STEP][PASSED] - click(findTestObject("Object Repository/IWP30/Page_Confirmation/ConfirmButton")): Object: 'Object Repository/IWP30/Page_Confirmation/ConfirmButton' is clicked on

24-10-2024T08:39:12 - [MESSAGE][PASSED] - Object: 'Object Repository/IWP30/Page_Confirmation/ConfirmButton' is clicked on

24-10-2024T08:39:12 - [TEST_STEP][PASSED] - Thread.sleep(2000): null

24-10-2024T08:39:14 - [TEST_STEP][FAILED] - if (verifyTextPresent("AutoPay", false)): Text 'AutoPay' is not present on page  (Root cause: com.kms.katalon.core.exception.StepFailedException: Text 'AutoPay' is not present on page 
	at com.kms.katalon.core.webui.keyword.internal.WebUIKeywordMain.stepFailed(WebUIKeywordMain.groovy:64)
	at com.kms.katalon.core.webui.keyword.builtin.VerifyTextPresentKeyword$_verifyTextPresent_closure1.doCall(VerifyTextPresentKeyword.groovy:79)
	at com.kms.katalon.core.webui.keyword.builtin.VerifyTextPresentKeyword$_verifyTextPresent_closure1.call(VerifyTextPresentKeyword.groovy)
	at com.kms.katalon.core.webui.keyword.internal.WebUIKeywordMain.runKeyword(WebUIKeywordMain.groovy:20)
	at com.kms.katalon.core.webui.keyword.builtin.VerifyTextPresentKeyword.verifyTextPresent(VerifyTextPresentKeyword.groovy:83)
	at com.kms.katalon.core.webui.keyword.builtin.VerifyTextPresentKeyword.execute(VerifyTextPresentKeyword.groovy:68)
	at com.kms.katalon.core.keyword.internal.KeywordExecutor.executeKeywordForPlatform(KeywordExecutor.groovy:74)
	at com.kms.katalon.core.webui.keyword.WebUiBuiltInKeywords.verifyTextPresent(WebUiBuiltInKeywords.groovy:1762)
	at CMCAutoPayCredit.run(CMCAutoPayCredit:91)
	at com.kms.katalon.core.main.ScriptEngine.run(ScriptEngine.java:194)
	at com.kms.katalon.core.main.ScriptEngine.runScriptAsRawText(ScriptEngine.java:119)
	at com.kms.katalon.core.main.TestCaseExecutor.runScript(TestCaseExecutor.java:448)
	at com.kms.katalon.core.main.TestCaseExecutor.doExecute(TestCaseExecutor.java:439)
	at com.kms.katalon.core.main.TestCaseExecutor.processExecutionPhase(TestCaseExecutor.java:418)
	at com.kms.katalon.core.main.TestCaseExecutor.accessMainPhase(TestCaseExecutor.java:410)
	at com.kms.katalon.core.main.TestCaseExecutor.execute(TestCaseExecutor.java:285)
	at com.kms.katalon.core.common.CommonExecutor.accessTestCaseMainPhase(CommonExecutor.java:65)
	at com.kms.katalon.core.main.TestSuiteExecutor.accessTestSuiteMainPhase(TestSuiteExecutor.java:150)
	at com.kms.katalon.core.main.TestSuiteExecutor.execute(TestSuiteExecutor.java:106)
	at com.kms.katalon.core.main.TestCaseMain.startTestSuite(TestCaseMain.java:180)
	at TempTestSuite1729731001385.run(TempTestSuite1729731001385.groovy:35)
	at java.base/jdk.internal.reflect.NativeMethodAccessorImpl.invoke0(Native Method)
	at java.base/jdk.internal.reflect.NativeMethodAccessorImpl.invoke(NativeMethodAccessorImpl.java:77)
	at java.base/jdk.internal.reflect.DelegatingMethodAccessorImpl.invoke(DelegatingMethodAccessorImpl.java:43)
)

24-10-2024T08:39:14 - [MESSAGE][FAILED] - Text 'AutoPay' is not present on page  (Root cause: com.kms.katalon.core.exception.StepFailedException: Text 'AutoPay' is not present on page 
	at com.kms.katalon.core.webui.keyword.internal.WebUIKeywordMain.stepFailed(WebUIKeywordMain.groovy:64)
	at com.kms.katalon.core.webui.keyword.builtin.VerifyTextPresentKeyword$_verifyTextPresent_closure1.doCall(VerifyTextPresentKeyword.groovy:79)
	at com.kms.katalon.core.webui.keyword.builtin.VerifyTextPresentKeyword$_verifyTextPresent_closure1.call(VerifyTextPresentKeyword.groovy)
	at com.kms.katalon.core.webui.keyword.internal.WebUIKeywordMain.runKeyword(WebUIKeywordMain.groovy:20)
	at com.kms.katalon.core.webui.keyword.builtin.VerifyTextPresentKeyword.verifyTextPresent(VerifyTextPresentKeyword.groovy:83)
	at com.kms.katalon.core.webui.keyword.builtin.VerifyTextPresentKeyword.execute(VerifyTextPresentKeyword.groovy:68)
	at com.kms.katalon.core.keyword.internal.KeywordExecutor.executeKeywordForPlatform(KeywordExecutor.groovy:74)
	at com.kms.katalon.core.webui.keyword.WebUiBuiltInKeywords.verifyTextPresent(WebUiBuiltInKeywords.groovy:1762)
	at CMCAutoPayCredit.run(CMCAutoPayCredit:91)
	at com.kms.katalon.core.main.ScriptEngine.run(ScriptEngine.java:194)
	at com.kms.katalon.core.main.ScriptEngine.runScriptAsRawText(ScriptEngine.java:119)
	at com.kms.katalon.core.main.TestCaseExecutor.runScript(TestCaseExecutor.java:448)
	at com.kms.katalon.core.main.TestCaseExecutor.doExecute(TestCaseExecutor.java:439)
	at com.kms.katalon.core.main.TestCaseExecutor.processExecutionPhase(TestCaseExecutor.java:418)
	at com.kms.katalon.core.main.TestCaseExecutor.accessMainPhase(TestCaseExecutor.java:410)
	at com.kms.katalon.core.main.TestCaseExecutor.execute(TestCaseExecutor.java:285)
	at com.kms.katalon.core.common.CommonExecutor.accessTestCaseMainPhase(CommonExecutor.java:65)
	at com.kms.katalon.core.main.TestSuiteExecutor.accessTestSuiteMainPhase(TestSuiteExecutor.java:150)
	at com.kms.katalon.core.main.TestSuiteExecutor.execute(TestSuiteExecutor.java:106)
	at com.kms.katalon.core.main.TestCaseMain.startTestSuite(TestCaseMain.java:180)
	at TempTestSuite1729731001385.run(TempTestSuite1729731001385.groovy:35)
	at java.base/jdk.internal.reflect.NativeMethodAccessorImpl.invoke0(Native Method)
	at java.base/jdk.internal.reflect.NativeMethodAccessorImpl.invoke(NativeMethodAccessorImpl.java:77)
	at java.base/jdk.internal.reflect.DelegatingMethodAccessorImpl.invoke(DelegatingMethodAccessorImpl.java:43)
)

24-10-2024T08:39:14 - [TEST_STEP][FAILED] - else: null

24-10-2024T08:39:14 - [TEST_STEP][FAILED] - markFailed("Deferred is not present on page"): Deferred is not present on page

24-10-2024T08:39:14 - [MESSAGE][FAILED] - Deferred is not present on page

24-10-2024T08:39:14 - [TEST_STEP][PASSED] - resText = "Fail": null

24-10-2024T08:39:14 - [TEST_STEP][PASSED] - pages.WriteExcel.demoKey(resText, datText, resColumn, datCloumn, fileLoc, nameSheet, row): pages.WriteExcel.demoKey is PASSED

24-10-2024T08:39:14 - [MESSAGE][PASSED] - pages.WriteExcel.demoKey is PASSED

24-10-2024T08:39:14 - [TEST_STEP][PASSED] - closeBrowser(): Browser is closed

24-10-2024T08:39:14 - [MESSAGE][PASSED] - Browser is closed

24-10-2024T08:39:14 - [TEST_STEP][PASSED] - ExecuteTC = dataFile.getValue("Execute", row): null

24-10-2024T08:39:14 - [TEST_STEP][PASSED] - out.println("Value of Execute is : " + ExecuteTC): null

24-10-2024T08:39:14 - [TEST_STEP][PASSED] - if (ExecuteTC.equalsIgnoreCase("Y")): null

24-10-2024T08:39:14 - [TEST_STEP][PASSED] - out.println("Begin Record Number: " + row): null

24-10-2024T08:39:14 - [TEST_STEP][PASSED] - today = new java.util.Date(): null

24-10-2024T08:39:14 - [TEST_STEP][PASSED] - println(today): null

24-10-2024T08:39:14 - [TEST_STEP][PASSED] - datText = today: null

24-10-2024T08:39:14 - [TEST_STEP][PASSED] - EmulatorDataKey = dataFile.getValue("EmulatorData", row): null

24-10-2024T08:39:14 - [TEST_STEP][PASSED] - out.println("Value of Emulator Key is : " + EmulatorDataKey): null

24-10-2024T08:39:14 - [TEST_STEP][PASSED] - iwpPages.emulatorIWP30.setDataEmulator_DD(EmulatorDataKey): iwpPages.emulatorIWP30.setDataEmulator_DD is PASSED

24-10-2024T08:39:15 - [MESSAGE][INFO] - Starting 'Edge Chromium' driver

24-10-2024T08:39:15 - [MESSAGE][INFO] - User set preference: ['acceptInsecureCerts', 'true']

24-10-2024T08:39:17 - [MESSAGE][INFO] - Action delay is set to 0 milliseconds

24-10-2024T08:39:21 - [MESSAGE][PASSED] - Browser is opened with url: 'https://qa2.velocitypayment.com/agencyx/config.action?action=editor&message_version=3_0'

24-10-2024T08:39:21 - [MESSAGE][PASSED] - Current window maximized

24-10-2024T08:39:52 - [MESSAGE][INFO] - Unable to find the element located by 'By.xpath: //select[@name='message_version']'. Please recheck the objects properties to make sure the desired element is located. 

24-10-2024T08:39:52 - [MESSAGE][WARNING] - [SELF-HEALING] Failed to find element with id 'Object Repository/IWP30/Page_VRelay30Emulator/MV'. Try using Self-healing.

24-10-2024T08:39:52 - [MESSAGE][WARNING] - [SELF-HEALING] The current locator of test object 'Object Repository/IWP30/Page_VRelay30Emulator/MV' was broken. Propose an alternative one: '(.//*[normalize-space(text()) and normalize-space(.)='Message Version'])[1]/following::select[1]'.

24-10-2024T08:39:53 - [MESSAGE][PASSED] - All options with value '3.0' are selected in object 'Object Repository/IWP30/Page_VRelay30Emulator/MV'  using regular expression

24-10-2024T08:39:53 - [MESSAGE][PASSED] - Text '10.50' is set on object 'Object Repository/IWP30/Page_EmulatorAgencyX/Amount'

24-10-2024T08:39:54 - [MESSAGE][PASSED] - Text '0eRMicRj9oZo' is set on object 'Object Repository/IWP30/Page_EmulatorAgencyX/CAN'

24-10-2024T08:39:55 - [MESSAGE][PASSED] - Text 'AutoPay' is set on object 'Object Repository/IWP30/Page_EmulatorAgencyX/Action'

24-10-2024T08:39:55 - [MESSAGE][PASSED] - Text 'en_US' is set on object 'Object Repository/IWP30/Page_EmulatorAgencyX/Lang'

24-10-2024T08:39:56 - [MESSAGE][PASSED] - Text '' is set on object 'Object Repository/IWP30/Page_EmulatorAgencyX/Fname'

24-10-2024T08:39:56 - [MESSAGE][PASSED] - Text '' is set on object 'Object Repository/IWP30/Page_EmulatorAgencyX/Lname'

24-10-2024T08:39:57 - [MESSAGE][PASSED] - Text '' is set on object 'Object Repository/IWP30/Page_EmulatorAgencyX/AL1'

24-10-2024T08:39:57 - [MESSAGE][PASSED] - Text '' is set on object 'Object Repository/IWP30/Page_EmulatorAgencyX/AL2'

24-10-2024T08:39:58 - [MESSAGE][PASSED] - Text '' is set on object 'Object Repository/IWP30/Page_EmulatorAgencyX/Country'

24-10-2024T08:39:59 - [MESSAGE][PASSED] - Text '' is set on object 'Object Repository/IWP30/Page_EmulatorAgencyX/City'

24-10-2024T08:39:59 - [MESSAGE][PASSED] - Text '' is set on object 'Object Repository/IWP30/Page_EmulatorAgencyX/State'

24-10-2024T08:40:00 - [MESSAGE][PASSED] - Text '' is set on object 'Object Repository/IWP30/Page_EmulatorAgencyX/ZIP'

24-10-2024T08:40:00 - [MESSAGE][PASSED] - Text '' is set on object 'Object Repository/IWP30/Page_EmulatorAgencyX/Order'

24-10-2024T08:40:01 - [MESSAGE][PASSED] - Text '' is set on object 'Object Repository/IWP30/Page_EmulatorAgencyX/Company'

24-10-2024T08:40:01 - [MESSAGE][PASSED] - Text '' is set on object 'Object Repository/IWP30/Page_EmulatorAgencyX/Email'

24-10-2024T08:40:02 - [MESSAGE][PASSED] - Text '' is set on object 'Object Repository/IWP30/Page_EmulatorAgencyX/UDF1'

24-10-2024T08:40:03 - [MESSAGE][PASSED] - Text '' is set on object 'Object Repository/IWP30/Page_EmulatorAgencyX/UDF2'

24-10-2024T08:40:03 - [MESSAGE][PASSED] - Text '' is set on object 'Object Repository/IWP30/Page_EmulatorAgencyX/UDF3'

24-10-2024T08:40:04 - [MESSAGE][PASSED] - Text 'udf data 4' is set on object 'Object Repository/IWP30/Page_EmulatorAgencyX/UDF4'

24-10-2024T08:40:04 - [MESSAGE][PASSED] - Text 'udf data 5' is set on object 'Object Repository/IWP30/Page_EmulatorAgencyX/UDF5'

24-10-2024T08:40:05 - [MESSAGE][PASSED] - Text '' is set on object 'Object Repository/IWP30/Page_EmulatorAgencyX/UDF6'

24-10-2024T08:40:06 - [MESSAGE][PASSED] - Text '' is set on object 'Object Repository/IWP30/Page_EmulatorAgencyX/UDF7'

24-10-2024T08:40:06 - [MESSAGE][PASSED] - Text '' is set on object 'Object Repository/IWP30/Page_EmulatorAgencyX/UDF8'

24-10-2024T08:40:07 - [MESSAGE][PASSED] - Text 'udf data 9' is set on object 'Object Repository/IWP30/Page_EmulatorAgencyX/UDF9'

24-10-2024T08:40:07 - [MESSAGE][PASSED] - Text 'udf data 10' is set on object 'Object Repository/IWP30/Page_EmulatorAgencyX/UDF10'

24-10-2024T08:40:09 - [MESSAGE][PASSED] - Object: 'Object Repository/IWP30/Page_EmulatorAgencyX/Submit' is clicked on

24-10-2024T08:40:13 - [MESSAGE][PASSED] - Browser is closed

24-10-2024T08:40:17 - [MESSAGE][PASSED] - iwpPages.emulatorIWP30.setDataEmulator_DD is PASSED

24-10-2024T08:40:17 - [TEST_STEP][PASSED] - testHarnessURL = urlTestHarness: null

24-10-2024T08:40:17 - [TEST_STEP][PASSED] - openBrowser(testHarnessURL): Browser is opened with url: 'https://dev-algorithm.govolution.com/vrelaytest/QA2/version_2_2/vrelaytest.html'

24-10-2024T08:40:17 - [MESSAGE][INFO] - Starting 'Edge Chromium' driver

24-10-2024T08:40:17 - [MESSAGE][INFO] - User set preference: ['acceptInsecureCerts', 'true']

24-10-2024T08:40:19 - [MESSAGE][INFO] - Action delay is set to 0 milliseconds

24-10-2024T08:40:23 - [MESSAGE][PASSED] - Browser is opened with url: 'https://dev-algorithm.govolution.com/vrelaytest/QA2/version_2_2/vrelaytest.html'

24-10-2024T08:40:23 - [TEST_STEP][PASSED] - maximizeWindow(): Current window maximized

24-10-2024T08:40:23 - [MESSAGE][PASSED] - Current window maximized

24-10-2024T08:40:23 - [TEST_STEP][PASSED] - iwpPages.TestHarnessPage.setDataMethodEF(row, dataFile): iwpPages.TestHarnessPage.setDataMethodEF is PASSED

24-10-2024T08:40:23 - [MESSAGE][PASSED] - Object 'Object Repository/IWP30/Page_QATestHarness/RemittanceID' is present

24-10-2024T08:40:24 - [MESSAGE][PASSED] - Text '649' is set on object 'Object Repository/IWP30/Page_QATestHarness/ApplicationID'

24-10-2024T08:40:24 - [MESSAGE][PASSED] - Text '3.0' is set on object 'Object Repository/IWP30/Page_QATestHarness/MessageVersion'

24-10-2024T08:40:25 - [MESSAGE][PASSED] - Text 'RGLfPKvt7MYJ' is set on object 'Object Repository/IWP30/Page_QATestHarness/RemittanceID'

24-10-2024T08:40:31 - [MESSAGE][PASSED] - Object: 'Object Repository/IWP30/Page_QATestHarness/SubmitButton' is clicked on

24-10-2024T08:40:31 - [MESSAGE][PASSED] - iwpPages.TestHarnessPage.setDataMethodEF is PASSED

24-10-2024T08:40:31 - [TEST_STEP][PASSED] - click(findTestObject("Object Repository/IWP30/Page_SelectPaymentMethod/PayByCreditCard")): Object: 'Object Repository/IWP30/Page_SelectPaymentMethod/PayByCreditCard' is clicked on

24-10-2024T08:40:31 - [MESSAGE][PASSED] - Object: 'Object Repository/IWP30/Page_SelectPaymentMethod/PayByCreditCard' is clicked on

24-10-2024T08:40:31 - [TEST_STEP][PASSED] - click(findTestObject("Object Repository/IWP30/Page_SelectPaymentMethod/MakePaymentButton")): Object: 'Object Repository/IWP30/Page_SelectPaymentMethod/MakePaymentButton' is clicked on

24-10-2024T08:40:34 - [MESSAGE][PASSED] - Object: 'Object Repository/IWP30/Page_SelectPaymentMethod/MakePaymentButton' is clicked on

24-10-2024T08:40:34 - [TEST_STEP][PASSED] - iwpPages.ccPaymentEntryPage.setDataCCPM(row, dataFile): iwpPages.ccPaymentEntryPage.setDataCCPM is PASSED

24-10-2024T08:40:34 - [MESSAGE][PASSED] - Object 'Object Repository/IWP30/Page_CCPaymentEntry/Name' is present

24-10-2024T08:40:35 - [MESSAGE][PASSED] - Text 'udf data 2' is set on object 'Object Repository/IWP30/Page_CCPaymentEntry/UserDefined2'

24-10-2024T08:40:36 - [MESSAGE][PASSED] - Text 'udf data 3' is set on object 'Object Repository/IWP30/Page_CCPaymentEntry/UserDefined3'

24-10-2024T08:40:36 - [MESSAGE][PASSED] - All options with label 'Orange' are selected in object 'Object Repository/IWP30/Page_CCPaymentEntry/UserDefined7' 

24-10-2024T08:40:37 - [MESSAGE][PASSED] - All options with label 'Soccer' are selected in object 'Object Repository/IWP30/Page_CCPaymentEntry/UserDefined8' 

24-10-2024T08:40:37 - [MESSAGE][PASSED] - Object 'Object Repository/IWP30/Page_CCPaymentEntry/Name' is present

24-10-2024T08:40:37 - [MESSAGE][PASSED] - Text 'Kavita Ranawati' is set on object 'Object Repository/IWP30/Page_CCPaymentEntry/Name'

24-10-2024T08:40:38 - [MESSAGE][PASSED] - Object 'Object Repository/IWP30/Page_CCPaymentEntry/CardNumber' is present

24-10-2024T08:40:38 - [MESSAGE][PASSED] - Text '4111111111111111' is set on object 'Object Repository/IWP30/Page_CCPaymentEntry/CardNumber'

24-10-2024T08:40:39 - [MESSAGE][PASSED] - Text '123' is set on object 'Object Repository/IWP30/Page_CCPaymentEntry/SPC'

24-10-2024T08:40:39 - [MESSAGE][PASSED] - Object 'Object Repository/IWP30/Page_CCPaymentEntry/Month' is present

24-10-2024T08:40:40 - [MESSAGE][PASSED] - All options with label '01' are selected in object 'Object Repository/IWP30/Page_CCPaymentEntry/Month' 

24-10-2024T08:40:40 - [MESSAGE][PASSED] - Object 'Object Repository/IWP30/Page_CCPaymentEntry/Year' is present

24-10-2024T08:40:40 - [MESSAGE][PASSED] - All options with label '2028' are selected in object 'Object Repository/IWP30/Page_CCPaymentEntry/Year' 

24-10-2024T08:40:41 - [MESSAGE][PASSED] - Text '365 Main Avenue' is set on object 'Object Repository/IWP30/Page_CCPaymentEntry/AL1'

24-10-2024T08:40:42 - [MESSAGE][PASSED] - Text '22201' is set on object 'Object Repository/IWP30/Page_CCPaymentEntry/ZIP'

24-10-2024T08:40:42 - [MESSAGE][PASSED] - Object 'Object Repository/IWP30/Page_CCPaymentEntry/EmailAddress' is present

24-10-2024T08:40:43 - [MESSAGE][PASSED] - Text 'iahmed@govolution.com' is set on object 'Object Repository/IWP30/Page_CCPaymentEntry/EmailAddress'

24-10-2024T08:40:44 - [MESSAGE][PASSED] - Object 'Object Repository/IWP30/Page_CCPaymentEntry/TermCondCheckBox' is present

24-10-2024T08:40:44 - [MESSAGE][PASSED] - Object 'Object Repository/IWP30/Page_CCPaymentEntry/TermCondCheckBox' is checked

24-10-2024T08:40:44 - [MESSAGE][PASSED] - Object 'Object Repository/IWP30/Page_CCPaymentEntry/ContinueButton' is present

24-10-2024T08:40:45 - [MESSAGE][PASSED] - Object: 'Object Repository/IWP30/Page_CCPaymentEntry/ContinueButton' is clicked on

24-10-2024T08:40:45 - [MESSAGE][PASSED] - iwpPages.ccPaymentEntryPage.setDataCCPM is PASSED

24-10-2024T08:40:45 - [TEST_STEP][PASSED] - click(findTestObject("Object Repository/IWP30/Page_Confirmation/ConfirmButton")): Object: 'Object Repository/IWP30/Page_Confirmation/ConfirmButton' is clicked on

24-10-2024T08:40:47 - [MESSAGE][PASSED] - Object: 'Object Repository/IWP30/Page_Confirmation/ConfirmButton' is clicked on

24-10-2024T08:40:47 - [TEST_STEP][PASSED] - Thread.sleep(2000): null

24-10-2024T08:40:49 - [TEST_STEP][PASSED] - if (verifyTextPresent("AutoPay", false)): null

24-10-2024T08:40:49 - [MESSAGE][PASSED] - Text 'AutoPay' is present on page 

24-10-2024T08:40:49 - [TEST_STEP][PASSED] - openBrowser(testHarnessURL): Browser is opened with url: 'https://dev-algorithm.govolution.com/vrelaytest/QA2/version_2_2/vrelaytest.html'

24-10-2024T08:40:49 - [MESSAGE][WARNING] - A browser is already opened. Closing browser and opening a new one

24-10-2024T08:40:50 - [MESSAGE][INFO] - Starting 'Edge Chromium' driver

24-10-2024T08:40:50 - [MESSAGE][INFO] - User set preference: ['acceptInsecureCerts', 'true']

24-10-2024T08:40:52 - [MESSAGE][INFO] - Action delay is set to 0 milliseconds

24-10-2024T08:40:56 - [MESSAGE][PASSED] - Browser is opened with url: 'https://dev-algorithm.govolution.com/vrelaytest/QA2/version_2_2/vrelaytest.html'

24-10-2024T08:40:56 - [TEST_STEP][PASSED] - maximizeWindow(): Current window maximized

24-10-2024T08:40:56 - [MESSAGE][PASSED] - Current window maximized

24-10-2024T08:40:56 - [TEST_STEP][PASSED] - iwpPages.TestHarnessPage.setDataMethodEF(row, dataFile): iwpPages.TestHarnessPage.setDataMethodEF is PASSED

24-10-2024T08:40:56 - [MESSAGE][PASSED] - Object 'Object Repository/IWP30/Page_QATestHarness/RemittanceID' is present

24-10-2024T08:40:57 - [MESSAGE][PASSED] - Text '649' is set on object 'Object Repository/IWP30/Page_QATestHarness/ApplicationID'

24-10-2024T08:40:58 - [MESSAGE][PASSED] - Text '3.0' is set on object 'Object Repository/IWP30/Page_QATestHarness/MessageVersion'

24-10-2024T08:40:58 - [MESSAGE][PASSED] - Text 'rA9gCGbXHfEB' is set on object 'Object Repository/IWP30/Page_QATestHarness/RemittanceID'

24-10-2024T08:41:02 - [MESSAGE][PASSED] - Object: 'Object Repository/IWP30/Page_QATestHarness/SubmitButton' is clicked on

24-10-2024T08:41:02 - [MESSAGE][PASSED] - iwpPages.TestHarnessPage.setDataMethodEF is PASSED

24-10-2024T08:41:02 - [TEST_STEP][PASSED] - click(findTestObject("Object Repository/IWP30/Page_ManagePlan_Autopay/btn_modify")): Object: 'Object Repository/IWP30/Page_ManagePlan_Autopay/btn_modify' is clicked on

24-10-2024T08:41:03 - [MESSAGE][PASSED] - Object: 'Object Repository/IWP30/Page_ManagePlan_Autopay/btn_modify' is clicked on

24-10-2024T08:41:03 - [TEST_STEP][PASSED] - click(findTestObject("Object Repository/IWP30/Page_Modify/btn_savechanges")): Object: 'Object Repository/IWP30/Page_Modify/btn_savechanges' is clicked on

24-10-2024T08:41:04 - [MESSAGE][PASSED] - Object: 'Object Repository/IWP30/Page_Modify/btn_savechanges' is clicked on

24-10-2024T08:41:04 - [TEST_STEP][FAILED] - if (verifyTextPresent("Edits to your payment plan were completed successfully", false)): Text 'Edits to your payment plan were completed successfully' is not present on page  (Root cause: com.kms.katalon.core.exception.StepFailedException: Text 'Edits to your payment plan were completed successfully' is not present on page 
	at com.kms.katalon.core.webui.keyword.internal.WebUIKeywordMain.stepFailed(WebUIKeywordMain.groovy:64)
	at com.kms.katalon.core.webui.keyword.builtin.VerifyTextPresentKeyword$_verifyTextPresent_closure1.doCall(VerifyTextPresentKeyword.groovy:79)
	at com.kms.katalon.core.webui.keyword.builtin.VerifyTextPresentKeyword$_verifyTextPresent_closure1.call(VerifyTextPresentKeyword.groovy)
	at com.kms.katalon.core.webui.keyword.internal.WebUIKeywordMain.runKeyword(WebUIKeywordMain.groovy:20)
	at com.kms.katalon.core.webui.keyword.builtin.VerifyTextPresentKeyword.verifyTextPresent(VerifyTextPresentKeyword.groovy:83)
	at com.kms.katalon.core.webui.keyword.builtin.VerifyTextPresentKeyword.execute(VerifyTextPresentKeyword.groovy:68)
	at com.kms.katalon.core.keyword.internal.KeywordExecutor.executeKeywordForPlatform(KeywordExecutor.groovy:74)
	at com.kms.katalon.core.webui.keyword.WebUiBuiltInKeywords.verifyTextPresent(WebUiBuiltInKeywords.groovy:1762)
	at CMCAutoPayCredit.run(CMCAutoPayCredit:103)
	at com.kms.katalon.core.main.ScriptEngine.run(ScriptEngine.java:194)
	at com.kms.katalon.core.main.ScriptEngine.runScriptAsRawText(ScriptEngine.java:119)
	at com.kms.katalon.core.main.TestCaseExecutor.runScript(TestCaseExecutor.java:448)
	at com.kms.katalon.core.main.TestCaseExecutor.doExecute(TestCaseExecutor.java:439)
	at com.kms.katalon.core.main.TestCaseExecutor.processExecutionPhase(TestCaseExecutor.java:418)
	at com.kms.katalon.core.main.TestCaseExecutor.accessMainPhase(TestCaseExecutor.java:410)
	at com.kms.katalon.core.main.TestCaseExecutor.execute(TestCaseExecutor.java:285)
	at com.kms.katalon.core.common.CommonExecutor.accessTestCaseMainPhase(CommonExecutor.java:65)
	at com.kms.katalon.core.main.TestSuiteExecutor.accessTestSuiteMainPhase(TestSuiteExecutor.java:150)
	at com.kms.katalon.core.main.TestSuiteExecutor.execute(TestSuiteExecutor.java:106)
	at com.kms.katalon.core.main.TestCaseMain.startTestSuite(TestCaseMain.java:180)
	at TempTestSuite1729731001385.run(TempTestSuite1729731001385.groovy:35)
	at java.base/jdk.internal.reflect.NativeMethodAccessorImpl.invoke0(Native Method)
	at java.base/jdk.internal.reflect.NativeMethodAccessorImpl.invoke(NativeMethodAccessorImpl.java:77)
	at java.base/jdk.internal.reflect.DelegatingMethodAccessorImpl.invoke(DelegatingMethodAccessorImpl.java:43)
)

24-10-2024T08:41:05 - [MESSAGE][FAILED] - Text 'Edits to your payment plan were completed successfully' is not present on page  (Root cause: com.kms.katalon.core.exception.StepFailedException: Text 'Edits to your payment plan were completed successfully' is not present on page 
	at com.kms.katalon.core.webui.keyword.internal.WebUIKeywordMain.stepFailed(WebUIKeywordMain.groovy:64)
	at com.kms.katalon.core.webui.keyword.builtin.VerifyTextPresentKeyword$_verifyTextPresent_closure1.doCall(VerifyTextPresentKeyword.groovy:79)
	at com.kms.katalon.core.webui.keyword.builtin.VerifyTextPresentKeyword$_verifyTextPresent_closure1.call(VerifyTextPresentKeyword.groovy)
	at com.kms.katalon.core.webui.keyword.internal.WebUIKeywordMain.runKeyword(WebUIKeywordMain.groovy:20)
	at com.kms.katalon.core.webui.keyword.builtin.VerifyTextPresentKeyword.verifyTextPresent(VerifyTextPresentKeyword.groovy:83)
	at com.kms.katalon.core.webui.keyword.builtin.VerifyTextPresentKeyword.execute(VerifyTextPresentKeyword.groovy:68)
	at com.kms.katalon.core.keyword.internal.KeywordExecutor.executeKeywordForPlatform(KeywordExecutor.groovy:74)
	at com.kms.katalon.core.webui.keyword.WebUiBuiltInKeywords.verifyTextPresent(WebUiBuiltInKeywords.groovy:1762)
	at CMCAutoPayCredit.run(CMCAutoPayCredit:103)
	at com.kms.katalon.core.main.ScriptEngine.run(ScriptEngine.java:194)
	at com.kms.katalon.core.main.ScriptEngine.runScriptAsRawText(ScriptEngine.java:119)
	at com.kms.katalon.core.main.TestCaseExecutor.runScript(TestCaseExecutor.java:448)
	at com.kms.katalon.core.main.TestCaseExecutor.doExecute(TestCaseExecutor.java:439)
	at com.kms.katalon.core.main.TestCaseExecutor.processExecutionPhase(TestCaseExecutor.java:418)
	at com.kms.katalon.core.main.TestCaseExecutor.accessMainPhase(TestCaseExecutor.java:410)
	at com.kms.katalon.core.main.TestCaseExecutor.execute(TestCaseExecutor.java:285)
	at com.kms.katalon.core.common.CommonExecutor.accessTestCaseMainPhase(CommonExecutor.java:65)
	at com.kms.katalon.core.main.TestSuiteExecutor.accessTestSuiteMainPhase(TestSuiteExecutor.java:150)
	at com.kms.katalon.core.main.TestSuiteExecutor.execute(TestSuiteExecutor.java:106)
	at com.kms.katalon.core.main.TestCaseMain.startTestSuite(TestCaseMain.java:180)
	at TempTestSuite1729731001385.run(TempTestSuite1729731001385.groovy:35)
	at java.base/jdk.internal.reflect.NativeMethodAccessorImpl.invoke0(Native Method)
	at java.base/jdk.internal.reflect.NativeMethodAccessorImpl.invoke(NativeMethodAccessorImpl.java:77)
	at java.base/jdk.internal.reflect.DelegatingMethodAccessorImpl.invoke(DelegatingMethodAccessorImpl.java:43)
)

24-10-2024T08:41:05 - [TEST_STEP][PASSED] - closeBrowser(): Browser is closed

24-10-2024T08:41:05 - [MESSAGE][PASSED] - Browser is closed]]></system-out>
         <system-err><![CDATA[24-10-2024T08:37:37 - [TEST_CASE][FAILED] - Test Cases/IntegratedWeb/IWP25/Payments/CMCAutoPayCredit: Test Cases/IntegratedWeb/IWP25/Payments/CMCAutoPayCredit FAILED.
Reason:
com.kms.katalon.core.exception.StepFailedException: Text 'AutoPay' is not present on page  (Root cause: com.kms.katalon.core.exception.StepFailedException: Text 'AutoPay' is not present on page 
	at com.kms.katalon.core.webui.keyword.internal.WebUIKeywordMain.stepFailed(WebUIKeywordMain.groovy:64)
	at com.kms.katalon.core.webui.keyword.builtin.VerifyTextPresentKeyword$_verifyTextPresent_closure1.doCall(VerifyTextPresentKeyword.groovy:79)
	at com.kms.katalon.core.webui.keyword.builtin.VerifyTextPresentKeyword$_verifyTextPresent_closure1.call(VerifyTextPresentKeyword.groovy)
	at com.kms.katalon.core.webui.keyword.internal.WebUIKeywordMain.runKeyword(WebUIKeywordMain.groovy:20)
	at com.kms.katalon.core.webui.keyword.builtin.VerifyTextPresentKeyword.verifyTextPresent(VerifyTextPresentKeyword.groovy:83)
	at com.kms.katalon.core.webui.keyword.builtin.VerifyTextPresentKeyword.execute(VerifyTextPresentKeyword.groovy:68)
	at com.kms.katalon.core.keyword.internal.KeywordExecutor.executeKeywordForPlatform(KeywordExecutor.groovy:74)
	at com.kms.katalon.core.webui.keyword.WebUiBuiltInKeywords.verifyTextPresent(WebUiBuiltInKeywords.groovy:1762)
	at CMCAutoPayCredit.run(CMCAutoPayCredit:91)
	at com.kms.katalon.core.main.ScriptEngine.run(ScriptEngine.java:194)
	at com.kms.katalon.core.main.ScriptEngine.runScriptAsRawText(ScriptEngine.java:119)
	at com.kms.katalon.core.main.TestCaseExecutor.runScript(TestCaseExecutor.java:448)
	at com.kms.katalon.core.main.TestCaseExecutor.doExecute(TestCaseExecutor.java:439)
	at com.kms.katalon.core.main.TestCaseExecutor.processExecutionPhase(TestCaseExecutor.java:418)
	at com.kms.katalon.core.main.TestCaseExecutor.accessMainPhase(TestCaseExecutor.java:410)
	at com.kms.katalon.core.main.TestCaseExecutor.execute(TestCaseExecutor.java:285)
	at com.kms.katalon.core.common.CommonExecutor.accessTestCaseMainPhase(CommonExecutor.java:65)
	at com.kms.katalon.core.main.TestSuiteExecutor.accessTestSuiteMainPhase(TestSuiteExecutor.java:150)
	at com.kms.katalon.core.main.TestSuiteExecutor.execute(TestSuiteExecutor.java:106)
	at com.kms.katalon.core.main.TestCaseMain.startTestSuite(TestCaseMain.java:180)
	at TempTestSuite1729731001385.run(TempTestSuite1729731001385.groovy:35)
	at java.base/jdk.internal.reflect.NativeMethodAccessorImpl.invoke0(Native Method)
	at java.base/jdk.internal.reflect.NativeMethodAccessorImpl.invoke(NativeMethodAccessorImpl.java:77)
	at java.base/jdk.internal.reflect.DelegatingMethodAccessorImpl.invoke(DelegatingMethodAccessorImpl.java:43)
)
	at com.kms.katalon.core.keyword.internal.KeywordMain.stepFailed(KeywordMain.groovy:39)
	at com.kms.katalon.core.webui.keyword.internal.WebUIKeywordMain.stepFailed(WebUIKeywordMain.groovy:64)
	at com.kms.katalon.core.webui.keyword.builtin.VerifyTextPresentKeyword$_verifyTextPresent_closure1.doCall(VerifyTextPresentKeyword.groovy:79)
	at com.kms.katalon.core.webui.keyword.builtin.VerifyTextPresentKeyword$_verifyTextPresent_closure1.call(VerifyTextPresentKeyword.groovy)
	at com.kms.katalon.core.webui.keyword.internal.WebUIKeywordMain.runKeyword(WebUIKeywordMain.groovy:20)
	at com.kms.katalon.core.webui.keyword.builtin.VerifyTextPresentKeyword.verifyTextPresent(VerifyTextPresentKeyword.groovy:83)
	at com.kms.katalon.core.webui.keyword.builtin.VerifyTextPresentKeyword.execute(VerifyTextPresentKeyword.groovy:68)
	at com.kms.katalon.core.keyword.internal.KeywordExecutor.executeKeywordForPlatform(KeywordExecutor.groovy:74)
	at com.kms.katalon.core.webui.keyword.WebUiBuiltInKeywords.verifyTextPresent(WebUiBuiltInKeywords.groovy:1762)
	at CMCAutoPayCredit.run(CMCAutoPayCredit:91)
	at com.kms.katalon.core.main.ScriptEngine.run(ScriptEngine.java:194)
	at com.kms.katalon.core.main.ScriptEngine.runScriptAsRawText(ScriptEngine.java:119)
	at com.kms.katalon.core.main.TestCaseExecutor.runScript(TestCaseExecutor.java:448)
	at com.kms.katalon.core.main.TestCaseExecutor.doExecute(TestCaseExecutor.java:439)
	at com.kms.katalon.core.main.TestCaseExecutor.processExecutionPhase(TestCaseExecutor.java:418)
	at com.kms.katalon.core.main.TestCaseExecutor.accessMainPhase(TestCaseExecutor.java:410)
	at com.kms.katalon.core.main.TestCaseExecutor.execute(TestCaseExecutor.java:285)
	at com.kms.katalon.core.common.CommonExecutor.accessTestCaseMainPhase(CommonExecutor.java:65)
	at com.kms.katalon.core.main.TestSuiteExecutor.accessTestSuiteMainPhase(TestSuiteExecutor.java:150)
	at com.kms.katalon.core.main.TestSuiteExecutor.execute(TestSuiteExecutor.java:106)
	at com.kms.katalon.core.main.TestCaseMain.startTestSuite(TestCaseMain.java:180)
	at TempTestSuite1729731001385.run(TempTestSuite1729731001385.groovy:35)
	at java.base/jdk.internal.reflect.NativeMethodAccessorImpl.invoke0(Native Method)
	at java.base/jdk.internal.reflect.NativeMethodAccessorImpl.invoke(NativeMethodAccessorImpl.java:77)
	at java.base/jdk.internal.reflect.DelegatingMethodAccessorImpl.invoke(DelegatingMethodAccessorImpl.java:43)
Caused by: com.kms.katalon.core.exception.StepFailedException: Text 'AutoPay' is not present on page 
	... 24 more]]></system-err>
      </testcase>
      <testcase name="Test Cases/IntegratedWeb/IWP25/Payments/CMCAutoPayPC" time="244.229" classname="Test Cases/IntegratedWeb/IWP25/Payments/CMCAutoPayPC" status="FAILED">
         <failure type="FAILED" message="Test Cases/IntegratedWeb/IWP25/Payments/CMCAutoPayPC FAILED.&#xa;Reason:&#xa;com.kms.katalon.core.exception.StepFailedException: Text 'AutoPay' is not present on page  (Root cause: com.kms.katalon.core.exception.StepFailedException: Text 'AutoPay' is not present on page &#xa;	at com.kms.katalon.core.webui.keyword.internal.WebUIKeywordMain.stepFailed(WebUIKeywordMain.groovy:64)&#xa;	at com.kms.katalon.core.webui.keyword.builtin.VerifyTextPresentKeyword$_verifyTextPresent_closure1.doCall(VerifyTextPresentKeyword.groovy:79)&#xa;	at com.kms.katalon.core.webui.keyword.builtin.VerifyTextPresentKeyword$_verifyTextPresent_closure1.call(VerifyTextPresentKeyword.groovy)&#xa;	at com.kms.katalon.core.webui.keyword.internal.WebUIKeywordMain.runKeyword(WebUIKeywordMain.groovy:20)&#xa;	at com.kms.katalon.core.webui.keyword.builtin.VerifyTextPresentKeyword.verifyTextPresent(VerifyTextPresentKeyword.groovy:83)&#xa;	at com.kms.katalon.core.webui.keyword.builtin.VerifyTextPresentKeyword.execute(VerifyTextPresentKeyword.groovy:68)&#xa;	at com.kms.katalon.core.keyword.internal.KeywordExecutor.executeKeywordForPlatform(KeywordExecutor.groovy:74)&#xa;	at com.kms.katalon.core.webui.keyword.WebUiBuiltInKeywords.verifyTextPresent(WebUiBuiltInKeywords.groovy:1762)&#xa;	at CMCAutoPayPC.run(CMCAutoPayPC:91)&#xa;	at com.kms.katalon.core.main.ScriptEngine.run(ScriptEngine.java:194)&#xa;	at com.kms.katalon.core.main.ScriptEngine.runScriptAsRawText(ScriptEngine.java:119)&#xa;	at com.kms.katalon.core.main.TestCaseExecutor.runScript(TestCaseExecutor.java:448)&#xa;	at com.kms.katalon.core.main.TestCaseExecutor.doExecute(TestCaseExecutor.java:439)&#xa;	at com.kms.katalon.core.main.TestCaseExecutor.processExecutionPhase(TestCaseExecutor.java:418)&#xa;	at com.kms.katalon.core.main.TestCaseExecutor.accessMainPhase(TestCaseExecutor.java:410)&#xa;	at com.kms.katalon.core.main.TestCaseExecutor.execute(TestCaseExecutor.java:285)&#xa;	at com.kms.katalon.core.common.CommonExecutor.accessTestCaseMainPhase(CommonExecutor.java:65)&#xa;	at com.kms.katalon.core.main.TestSuiteExecutor.accessTestSuiteMainPhase(TestSuiteExecutor.java:150)&#xa;	at com.kms.katalon.core.main.TestSuiteExecutor.execute(TestSuiteExecutor.java:106)&#xa;	at com.kms.katalon.core.main.TestCaseMain.startTestSuite(TestCaseMain.java:180)&#xa;	at TempTestSuite1729731001385.run(TempTestSuite1729731001385.groovy:35)&#xa;	at java.base/jdk.internal.reflect.NativeMethodAccessorImpl.invoke0(Native Method)&#xa;	at java.base/jdk.internal.reflect.NativeMethodAccessorImpl.invoke(NativeMethodAccessorImpl.java:77)&#xa;	at java.base/jdk.internal.reflect.DelegatingMethodAccessorImpl.invoke(DelegatingMethodAccessorImpl.java:43)&#xa;)&#xa;	at com.kms.katalon.core.keyword.internal.KeywordMain.stepFailed(KeywordMain.groovy:39)&#xa;	at com.kms.katalon.core.webui.keyword.internal.WebUIKeywordMain.stepFailed(WebUIKeywordMain.groovy:64)&#xa;	at com.kms.katalon.core.webui.keyword.builtin.VerifyTextPresentKeyword$_verifyTextPresent_closure1.doCall(VerifyTextPresentKeyword.groovy:79)&#xa;	at com.kms.katalon.core.webui.keyword.builtin.VerifyTextPresentKeyword$_verifyTextPresent_closure1.call(VerifyTextPresentKeyword.groovy)&#xa;	at com.kms.katalon.core.webui.keyword.internal.WebUIKeywordMain.runKeyword(WebUIKeywordMain.groovy:20)&#xa;	at com.kms.katalon.core.webui.keyword.builtin.VerifyTextPresentKeyword.verifyTextPresent(VerifyTextPresentKeyword.groovy:83)&#xa;	at com.kms.katalon.core.webui.keyword.builtin.VerifyTextPresentKeyword.execute(VerifyTextPresentKeyword.groovy:68)&#xa;	at com.kms.katalon.core.keyword.internal.KeywordExecutor.executeKeywordForPlatform(KeywordExecutor.groovy:74)&#xa;	at com.kms.katalon.core.webui.keyword.WebUiBuiltInKeywords.verifyTextPresent(WebUiBuiltInKeywords.groovy:1762)&#xa;	at CMCAutoPayPC.run(CMCAutoPayPC:91)&#xa;	at com.kms.katalon.core.main.ScriptEngine.run(ScriptEngine.java:194)&#xa;	at com.kms.katalon.core.main.ScriptEngine.runScriptAsRawText(ScriptEngine.java:119)&#xa;	at com.kms.katalon.core.main.TestCaseExecutor.runScript(TestCaseExecutor.java:448)&#xa;	at com.kms.katalon.core.main.TestCaseExecutor.doExecute(TestCaseExecutor.java:439)&#xa;	at com.kms.katalon.core.main.TestCaseExecutor.processExecutionPhase(TestCaseExecutor.java:418)&#xa;	at com.kms.katalon.core.main.TestCaseExecutor.accessMainPhase(TestCaseExecutor.java:410)&#xa;	at com.kms.katalon.core.main.TestCaseExecutor.execute(TestCaseExecutor.java:285)&#xa;	at com.kms.katalon.core.common.CommonExecutor.accessTestCaseMainPhase(CommonExecutor.java:65)&#xa;	at com.kms.katalon.core.main.TestSuiteExecutor.accessTestSuiteMainPhase(TestSuiteExecutor.java:150)&#xa;	at com.kms.katalon.core.main.TestSuiteExecutor.execute(TestSuiteExecutor.java:106)&#xa;	at com.kms.katalon.core.main.TestCaseMain.startTestSuite(TestCaseMain.java:180)&#xa;	at TempTestSuite1729731001385.run(TempTestSuite1729731001385.groovy:35)&#xa;	at java.base/jdk.internal.reflect.NativeMethodAccessorImpl.invoke0(Native Method)&#xa;	at java.base/jdk.internal.reflect.NativeMethodAccessorImpl.invoke(NativeMethodAccessorImpl.java:77)&#xa;	at java.base/jdk.internal.reflect.DelegatingMethodAccessorImpl.invoke(DelegatingMethodAccessorImpl.java:43)&#xa;Caused by: com.kms.katalon.core.exception.StepFailedException: Text 'AutoPay' is not present on page &#xa;	... 24 more&#xa;"/>
         <system-out><![CDATA[24-10-2024T08:41:05 - [TEST_CASE][FAILED] - Test Cases/IntegratedWeb/IWP25/Payments/CMCAutoPayPC: Test Cases/IntegratedWeb/IWP25/Payments/CMCAutoPayPC FAILED.
Reason:
com.kms.katalon.core.exception.StepFailedException: Text 'AutoPay' is not present on page  (Root cause: com.kms.katalon.core.exception.StepFailedException: Text 'AutoPay' is not present on page 
	at com.kms.katalon.core.webui.keyword.internal.WebUIKeywordMain.stepFailed(WebUIKeywordMain.groovy:64)
	at com.kms.katalon.core.webui.keyword.builtin.VerifyTextPresentKeyword$_verifyTextPresent_closure1.doCall(VerifyTextPresentKeyword.groovy:79)
	at com.kms.katalon.core.webui.keyword.builtin.VerifyTextPresentKeyword$_verifyTextPresent_closure1.call(VerifyTextPresentKeyword.groovy)
	at com.kms.katalon.core.webui.keyword.internal.WebUIKeywordMain.runKeyword(WebUIKeywordMain.groovy:20)
	at com.kms.katalon.core.webui.keyword.builtin.VerifyTextPresentKeyword.verifyTextPresent(VerifyTextPresentKeyword.groovy:83)
	at com.kms.katalon.core.webui.keyword.builtin.VerifyTextPresentKeyword.execute(VerifyTextPresentKeyword.groovy:68)
	at com.kms.katalon.core.keyword.internal.KeywordExecutor.executeKeywordForPlatform(KeywordExecutor.groovy:74)
	at com.kms.katalon.core.webui.keyword.WebUiBuiltInKeywords.verifyTextPresent(WebUiBuiltInKeywords.groovy:1762)
	at CMCAutoPayPC.run(CMCAutoPayPC:91)
	at com.kms.katalon.core.main.ScriptEngine.run(ScriptEngine.java:194)
	at com.kms.katalon.core.main.ScriptEngine.runScriptAsRawText(ScriptEngine.java:119)
	at com.kms.katalon.core.main.TestCaseExecutor.runScript(TestCaseExecutor.java:448)
	at com.kms.katalon.core.main.TestCaseExecutor.doExecute(TestCaseExecutor.java:439)
	at com.kms.katalon.core.main.TestCaseExecutor.processExecutionPhase(TestCaseExecutor.java:418)
	at com.kms.katalon.core.main.TestCaseExecutor.accessMainPhase(TestCaseExecutor.java:410)
	at com.kms.katalon.core.main.TestCaseExecutor.execute(TestCaseExecutor.java:285)
	at com.kms.katalon.core.common.CommonExecutor.accessTestCaseMainPhase(CommonExecutor.java:65)
	at com.kms.katalon.core.main.TestSuiteExecutor.accessTestSuiteMainPhase(TestSuiteExecutor.java:150)
	at com.kms.katalon.core.main.TestSuiteExecutor.execute(TestSuiteExecutor.java:106)
	at com.kms.katalon.core.main.TestCaseMain.startTestSuite(TestCaseMain.java:180)
	at TempTestSuite1729731001385.run(TempTestSuite1729731001385.groovy:35)
	at java.base/jdk.internal.reflect.NativeMethodAccessorImpl.invoke0(Native Method)
	at java.base/jdk.internal.reflect.NativeMethodAccessorImpl.invoke(NativeMethodAccessorImpl.java:77)
	at java.base/jdk.internal.reflect.DelegatingMethodAccessorImpl.invoke(DelegatingMethodAccessorImpl.java:43)
)
	at com.kms.katalon.core.keyword.internal.KeywordMain.stepFailed(KeywordMain.groovy:39)
	at com.kms.katalon.core.webui.keyword.internal.WebUIKeywordMain.stepFailed(WebUIKeywordMain.groovy:64)
	at com.kms.katalon.core.webui.keyword.builtin.VerifyTextPresentKeyword$_verifyTextPresent_closure1.doCall(VerifyTextPresentKeyword.groovy:79)
	at com.kms.katalon.core.webui.keyword.builtin.VerifyTextPresentKeyword$_verifyTextPresent_closure1.call(VerifyTextPresentKeyword.groovy)
	at com.kms.katalon.core.webui.keyword.internal.WebUIKeywordMain.runKeyword(WebUIKeywordMain.groovy:20)
	at com.kms.katalon.core.webui.keyword.builtin.VerifyTextPresentKeyword.verifyTextPresent(VerifyTextPresentKeyword.groovy:83)
	at com.kms.katalon.core.webui.keyword.builtin.VerifyTextPresentKeyword.execute(VerifyTextPresentKeyword.groovy:68)
	at com.kms.katalon.core.keyword.internal.KeywordExecutor.executeKeywordForPlatform(KeywordExecutor.groovy:74)
	at com.kms.katalon.core.webui.keyword.WebUiBuiltInKeywords.verifyTextPresent(WebUiBuiltInKeywords.groovy:1762)
	at CMCAutoPayPC.run(CMCAutoPayPC:91)
	at com.kms.katalon.core.main.ScriptEngine.run(ScriptEngine.java:194)
	at com.kms.katalon.core.main.ScriptEngine.runScriptAsRawText(ScriptEngine.java:119)
	at com.kms.katalon.core.main.TestCaseExecutor.runScript(TestCaseExecutor.java:448)
	at com.kms.katalon.core.main.TestCaseExecutor.doExecute(TestCaseExecutor.java:439)
	at com.kms.katalon.core.main.TestCaseExecutor.processExecutionPhase(TestCaseExecutor.java:418)
	at com.kms.katalon.core.main.TestCaseExecutor.accessMainPhase(TestCaseExecutor.java:410)
	at com.kms.katalon.core.main.TestCaseExecutor.execute(TestCaseExecutor.java:285)
	at com.kms.katalon.core.common.CommonExecutor.accessTestCaseMainPhase(CommonExecutor.java:65)
	at com.kms.katalon.core.main.TestSuiteExecutor.accessTestSuiteMainPhase(TestSuiteExecutor.java:150)
	at com.kms.katalon.core.main.TestSuiteExecutor.execute(TestSuiteExecutor.java:106)
	at com.kms.katalon.core.main.TestCaseMain.startTestSuite(TestCaseMain.java:180)
	at TempTestSuite1729731001385.run(TempTestSuite1729731001385.groovy:35)
	at java.base/jdk.internal.reflect.NativeMethodAccessorImpl.invoke0(Native Method)
	at java.base/jdk.internal.reflect.NativeMethodAccessorImpl.invoke(NativeMethodAccessorImpl.java:77)
	at java.base/jdk.internal.reflect.DelegatingMethodAccessorImpl.invoke(DelegatingMethodAccessorImpl.java:43)
Caused by: com.kms.katalon.core.exception.StepFailedException: Text 'AutoPay' is not present on page 
	... 24 more


24-10-2024T08:41:05 - [TEST_STEP][PASSED] - resText = "Fail": null

24-10-2024T08:41:05 - [TEST_STEP][PASSED] - resColumn = "Result": null

24-10-2024T08:41:05 - [TEST_STEP][PASSED] - datCloumn = "Date": null

24-10-2024T08:41:05 - [TEST_STEP][PASSED] - fileLoc = "KatalonData/IWPTestData/VRelay25PaymentsExtension.xlsx": null

24-10-2024T08:41:05 - [TEST_STEP][PASSED] - numOfRows = <not implemented yet for class: org.codehaus.groovy.ast.expr.EmptyExpression>: null

24-10-2024T08:41:05 - [TEST_STEP][PASSED] - dataFile = <not implemented yet for class: org.codehaus.groovy.ast.expr.EmptyExpression>: null

24-10-2024T08:41:05 - [TEST_STEP][PASSED] - nameSheet = <not implemented yet for class: org.codehaus.groovy.ast.expr.EmptyExpression>: null

24-10-2024T08:41:05 - [TEST_STEP][PASSED] - dataFileEmulator = <not implemented yet for class: org.codehaus.groovy.ast.expr.EmptyExpression>: null

24-10-2024T08:41:05 - [TEST_STEP][PASSED] - isRequiredTextPresent = false: null

24-10-2024T08:41:05 - [TEST_STEP][PASSED] - nameSheet = "CMCAutoPayPlanPC": null

24-10-2024T08:41:05 - [TEST_STEP][PASSED] - dataFile = getExcelDataWithDefaultSheet("KatalonData/IWPTestData/VRelay25PaymentsExtension.xlsx", nameSheet, true): null

24-10-2024T08:41:05 - [TEST_STEP][PASSED] - dataFileEmulator = "IWPTestData/EmulatorData": null

24-10-2024T08:41:05 - [TEST_STEP][PASSED] - numOfRows = dataFile.getRowNumbers(): null

24-10-2024T08:41:05 - [TEST_STEP][PASSED] - println("Number of Records: " + numOfRows): null

24-10-2024T08:41:05 - [TEST_STEP][FAILED] - for ([row = 1, row <= numOfRows, (row++)]): null

24-10-2024T08:41:05 - [TEST_STEP][PASSED] - ExecuteTC = dataFile.getValue("Execute", row): null

24-10-2024T08:41:06 - [TEST_STEP][PASSED] - out.println("Value of Execute is : " + ExecuteTC): null

24-10-2024T08:41:06 - [TEST_STEP][FAILED] - if (ExecuteTC.equalsIgnoreCase("Y")): null

24-10-2024T08:41:06 - [TEST_STEP][PASSED] - out.println("Begin Record Number: " + row): null

24-10-2024T08:41:06 - [TEST_STEP][PASSED] - today = new java.util.Date(): null

24-10-2024T08:41:06 - [TEST_STEP][PASSED] - println(today): null

24-10-2024T08:41:06 - [TEST_STEP][PASSED] - datText = today: null

24-10-2024T08:41:06 - [TEST_STEP][PASSED] - EmulatorDataKey = dataFile.getValue("EmulatorData", row): null

24-10-2024T08:41:06 - [TEST_STEP][PASSED] - out.println("Value of Emulator Key is : " + EmulatorDataKey): null

24-10-2024T08:41:06 - [TEST_STEP][PASSED] - iwpPages.emulatorIWP30.setDataEmulator_DD(EmulatorDataKey): iwpPages.emulatorIWP30.setDataEmulator_DD is PASSED

24-10-2024T08:41:06 - [MESSAGE][INFO] - Starting 'Edge Chromium' driver

24-10-2024T08:41:06 - [MESSAGE][INFO] - User set preference: ['acceptInsecureCerts', 'true']

24-10-2024T08:41:08 - [MESSAGE][INFO] - Action delay is set to 0 milliseconds

24-10-2024T08:41:12 - [MESSAGE][PASSED] - Browser is opened with url: 'https://qa2.velocitypayment.com/agencyx/config.action?action=editor&message_version=2_5'

24-10-2024T08:41:12 - [MESSAGE][PASSED] - Current window maximized

24-10-2024T08:41:43 - [MESSAGE][INFO] - Unable to find the element located by 'By.xpath: //select[@name='message_version']'. Please recheck the objects properties to make sure the desired element is located. 

24-10-2024T08:41:43 - [MESSAGE][WARNING] - [SELF-HEALING] Failed to find element with id 'Object Repository/IWP30/Page_VRelay30Emulator/MV'. Try using Self-healing.

24-10-2024T08:41:43 - [MESSAGE][WARNING] - [SELF-HEALING] The current locator of test object 'Object Repository/IWP30/Page_VRelay30Emulator/MV' was broken. Propose an alternative one: '(.//*[normalize-space(text()) and normalize-space(.)='Message Version'])[1]/following::select[1]'.

24-10-2024T08:41:44 - [MESSAGE][PASSED] - All options with value '2.5' are selected in object 'Object Repository/IWP30/Page_VRelay30Emulator/MV'  using regular expression

24-10-2024T08:41:44 - [MESSAGE][PASSED] - Text '10.50' is set on object 'Object Repository/IWP30/Page_EmulatorAgencyX/Amount'

24-10-2024T08:41:45 - [MESSAGE][PASSED] - Text 'BRbN3abR81ez' is set on object 'Object Repository/IWP30/Page_EmulatorAgencyX/CAN'

24-10-2024T08:41:46 - [MESSAGE][PASSED] - Text 'AutoPay' is set on object 'Object Repository/IWP30/Page_EmulatorAgencyX/Action'

24-10-2024T08:41:46 - [MESSAGE][PASSED] - Text 'en_US' is set on object 'Object Repository/IWP30/Page_EmulatorAgencyX/Lang'

24-10-2024T08:41:47 - [MESSAGE][PASSED] - Text '' is set on object 'Object Repository/IWP30/Page_EmulatorAgencyX/Fname'

24-10-2024T08:41:47 - [MESSAGE][PASSED] - Text '' is set on object 'Object Repository/IWP30/Page_EmulatorAgencyX/Lname'

24-10-2024T08:41:48 - [MESSAGE][PASSED] - Text '' is set on object 'Object Repository/IWP30/Page_EmulatorAgencyX/AL1'

24-10-2024T08:41:49 - [MESSAGE][PASSED] - Text '' is set on object 'Object Repository/IWP30/Page_EmulatorAgencyX/AL2'

24-10-2024T08:41:49 - [MESSAGE][PASSED] - Text '' is set on object 'Object Repository/IWP30/Page_EmulatorAgencyX/Country'

24-10-2024T08:41:50 - [MESSAGE][PASSED] - Text '' is set on object 'Object Repository/IWP30/Page_EmulatorAgencyX/City'

24-10-2024T08:41:50 - [MESSAGE][PASSED] - Text '' is set on object 'Object Repository/IWP30/Page_EmulatorAgencyX/State'

24-10-2024T08:41:51 - [MESSAGE][PASSED] - Text '' is set on object 'Object Repository/IWP30/Page_EmulatorAgencyX/ZIP'

24-10-2024T08:41:51 - [MESSAGE][PASSED] - Text '' is set on object 'Object Repository/IWP30/Page_EmulatorAgencyX/Order'

24-10-2024T08:41:52 - [MESSAGE][PASSED] - Text '' is set on object 'Object Repository/IWP30/Page_EmulatorAgencyX/Company'

24-10-2024T08:41:53 - [MESSAGE][PASSED] - Text '' is set on object 'Object Repository/IWP30/Page_EmulatorAgencyX/Email'

24-10-2024T08:41:53 - [MESSAGE][PASSED] - Text '' is set on object 'Object Repository/IWP30/Page_EmulatorAgencyX/UDF1'

24-10-2024T08:41:54 - [MESSAGE][PASSED] - Text '' is set on object 'Object Repository/IWP30/Page_EmulatorAgencyX/UDF2'

24-10-2024T08:41:54 - [MESSAGE][PASSED] - Text '' is set on object 'Object Repository/IWP30/Page_EmulatorAgencyX/UDF3'

24-10-2024T08:41:55 - [MESSAGE][PASSED] - Text 'udf data 4' is set on object 'Object Repository/IWP30/Page_EmulatorAgencyX/UDF4'

24-10-2024T08:41:55 - [MESSAGE][PASSED] - Text 'udf data 5' is set on object 'Object Repository/IWP30/Page_EmulatorAgencyX/UDF5'

24-10-2024T08:41:56 - [MESSAGE][PASSED] - Text '' is set on object 'Object Repository/IWP30/Page_EmulatorAgencyX/UDF6'

24-10-2024T08:41:57 - [MESSAGE][PASSED] - Text '' is set on object 'Object Repository/IWP30/Page_EmulatorAgencyX/UDF7'

24-10-2024T08:41:57 - [MESSAGE][PASSED] - Text '' is set on object 'Object Repository/IWP30/Page_EmulatorAgencyX/UDF8'

24-10-2024T08:41:58 - [MESSAGE][PASSED] - Text 'udf data 9' is set on object 'Object Repository/IWP30/Page_EmulatorAgencyX/UDF9'

24-10-2024T08:41:58 - [MESSAGE][PASSED] - Text 'udf data 10' is set on object 'Object Repository/IWP30/Page_EmulatorAgencyX/UDF10'

24-10-2024T08:42:00 - [MESSAGE][PASSED] - Object: 'Object Repository/IWP30/Page_EmulatorAgencyX/Submit' is clicked on

24-10-2024T08:42:04 - [MESSAGE][PASSED] - Browser is closed

24-10-2024T08:42:08 - [MESSAGE][PASSED] - iwpPages.emulatorIWP30.setDataEmulator_DD is PASSED

24-10-2024T08:42:08 - [TEST_STEP][PASSED] - testHarnessURL = urlTestHarness: null

24-10-2024T08:42:08 - [TEST_STEP][PASSED] - openBrowser(testHarnessURL): Browser is opened with url: 'https://dev-algorithm.govolution.com/vrelaytest/QA2/version_2_2/vrelaytest.html'

24-10-2024T08:42:08 - [MESSAGE][INFO] - Starting 'Edge Chromium' driver

24-10-2024T08:42:08 - [MESSAGE][INFO] - User set preference: ['acceptInsecureCerts', 'true']

24-10-2024T08:42:10 - [MESSAGE][INFO] - Action delay is set to 0 milliseconds

24-10-2024T08:42:14 - [MESSAGE][PASSED] - Browser is opened with url: 'https://dev-algorithm.govolution.com/vrelaytest/QA2/version_2_2/vrelaytest.html'

24-10-2024T08:42:14 - [TEST_STEP][PASSED] - maximizeWindow(): Current window maximized

24-10-2024T08:42:14 - [MESSAGE][PASSED] - Current window maximized

24-10-2024T08:42:14 - [TEST_STEP][PASSED] - iwpPages.TestHarnessPage.setDataMethodEF(row, dataFile): iwpPages.TestHarnessPage.setDataMethodEF is PASSED

24-10-2024T08:42:14 - [MESSAGE][PASSED] - Object 'Object Repository/IWP30/Page_QATestHarness/RemittanceID' is present

24-10-2024T08:42:15 - [MESSAGE][PASSED] - Text '638' is set on object 'Object Repository/IWP30/Page_QATestHarness/ApplicationID'

24-10-2024T08:42:15 - [MESSAGE][PASSED] - Text '2.5' is set on object 'Object Repository/IWP30/Page_QATestHarness/MessageVersion'

24-10-2024T08:42:16 - [MESSAGE][PASSED] - Text 'yl6u5L885m2w' is set on object 'Object Repository/IWP30/Page_QATestHarness/RemittanceID'

24-10-2024T08:42:20 - [MESSAGE][PASSED] - Object: 'Object Repository/IWP30/Page_QATestHarness/SubmitButton' is clicked on

24-10-2024T08:42:20 - [MESSAGE][PASSED] - iwpPages.TestHarnessPage.setDataMethodEF is PASSED

24-10-2024T08:42:20 - [TEST_STEP][PASSED] - click(findTestObject("Object Repository/IWP30/Page_SelectPaymentMethod/PayByPersonalCheck")): Object: 'Object Repository/IWP30/Page_SelectPaymentMethod/PayByPersonalCheck' is clicked on

24-10-2024T08:42:20 - [MESSAGE][PASSED] - Object: 'Object Repository/IWP30/Page_SelectPaymentMethod/PayByPersonalCheck' is clicked on

24-10-2024T08:42:20 - [TEST_STEP][PASSED] - click(findTestObject("Object Repository/IWP30/Page_SelectPaymentMethod/MakePaymentButton")): Object: 'Object Repository/IWP30/Page_SelectPaymentMethod/MakePaymentButton' is clicked on

24-10-2024T08:42:23 - [MESSAGE][PASSED] - Object: 'Object Repository/IWP30/Page_SelectPaymentMethod/MakePaymentButton' is clicked on

24-10-2024T08:42:23 - [TEST_STEP][PASSED] - iwpPages.achPersonalPaymentEntryPage.setDataACHPPM(row, dataFile): iwpPages.achPersonalPaymentEntryPage.setDataACHPPM is PASSED

24-10-2024T08:42:23 - [MESSAGE][PASSED] - Object 'Object Repository/IWP30/Page_ACHPersonalPaymentEntry/txt_accountNumber' is present

24-10-2024T08:42:24 - [MESSAGE][PASSED] - Object 'Object Repository/IWP30/Page_ACHPersonalPaymentEntry/txt_UDF2' is present

24-10-2024T08:42:24 - [MESSAGE][PASSED] - Text 'udf data 2' is set on object 'Object Repository/IWP30/Page_ACHPersonalPaymentEntry/txt_UDF2'

24-10-2024T08:42:25 - [MESSAGE][PASSED] - Text 'udf data 3' is set on object 'Object Repository/IWP30/Page_ACHPersonalPaymentEntry/txt_UDF3'

24-10-2024T08:42:25 - [MESSAGE][PASSED] - All options with label 'Orange' are selected in object 'Object Repository/IWP30/Page_ACHPersonalPaymentEntry/dd_UDF7' 

24-10-2024T08:42:26 - [MESSAGE][PASSED] - All options with label 'Soccer' are selected in object 'Object Repository/IWP30/Page_ACHPersonalPaymentEntry/dd_UDF8' 

24-10-2024T08:42:26 - [MESSAGE][PASSED] - Object 'Object Repository/IWP30/Page_ACHPersonalPaymentEntry/txt_Firstname' is present

24-10-2024T08:42:27 - [MESSAGE][PASSED] - Text 'Elizath' is set on object 'Object Repository/IWP30/Page_ACHPersonalPaymentEntry/txt_Firstname'

24-10-2024T08:42:27 - [MESSAGE][PASSED] - Object 'Object Repository/IWP30/Page_ACHPersonalPaymentEntry/txt_Lastname' is present

24-10-2024T08:42:28 - [MESSAGE][PASSED] - Text 'Christine' is set on object 'Object Repository/IWP30/Page_ACHPersonalPaymentEntry/txt_Lastname'

24-10-2024T08:42:28 - [MESSAGE][PASSED] - Object 'Object Repository/IWP30/Page_ACHPersonalPaymentEntry/txt_routingNumber' is present

24-10-2024T08:42:28 - [MESSAGE][PASSED] - Text '256072691' is set on object 'Object Repository/IWP30/Page_ACHPersonalPaymentEntry/txt_routingNumber'

24-10-2024T08:42:29 - [MESSAGE][PASSED] - Object 'Object Repository/IWP30/Page_ACHPersonalPaymentEntry/txt_accountNumber' is present

24-10-2024T08:42:30 - [MESSAGE][PASSED] - Text '12344444' is set on object 'Object Repository/IWP30/Page_ACHPersonalPaymentEntry/txt_accountNumber'

24-10-2024T08:42:31 - [MESSAGE][PASSED] - Object 'Object Repository/IWP30/Page_ACHPersonalPaymentEntry/txt_confirmAccountNumber' is present

24-10-2024T08:42:31 - [MESSAGE][PASSED] - Text '12344444' is set on object 'Object Repository/IWP30/Page_ACHPersonalPaymentEntry/txt_confirmAccountNumber'

24-10-2024T08:42:31 - [MESSAGE][PASSED] - Object 'Object Repository/IWP30/Page_ACHPersonalPaymentEntry/rd_accountType' is present

24-10-2024T08:42:31 - [MESSAGE][PASSED] - Modify property of object successfully

24-10-2024T08:42:32 - [MESSAGE][PASSED] - Object: 'Object Repository/IWP30/Page_ACHPersonalPaymentEntry/rd_accountType' is clicked on

24-10-2024T08:42:32 - [MESSAGE][PASSED] - Text '365 Main Avenue' is set on object 'Object Repository/IWP30/Page_ACHPersonalPaymentEntry/txt_AL1'

24-10-2024T08:42:33 - [MESSAGE][PASSED] - Text '22201' is set on object 'Object Repository/IWP30/Page_ACHPersonalPaymentEntry/txt_ZIP'

24-10-2024T08:42:33 - [MESSAGE][PASSED] - Object 'Object Repository/IWP30/Page_ACHPersonalPaymentEntry/txt_Email' is present

24-10-2024T08:42:35 - [MESSAGE][PASSED] - Text 'iahmed@govolution.com' is set on object 'Object Repository/IWP30/Page_ACHPersonalPaymentEntry/txt_Email'

24-10-2024T08:42:35 - [MESSAGE][PASSED] - Object 'Object Repository/IWP30/Page_ACHPersonalPaymentEntry/cb_TermsAndCond' is present

24-10-2024T08:42:35 - [MESSAGE][PASSED] - Object: 'Object Repository/IWP30/Page_ACHPersonalPaymentEntry/cb_TermsAndCond' is clicked on

24-10-2024T08:42:35 - [MESSAGE][PASSED] - Object 'Object Repository/IWP30/Page_ACHPersonalPaymentEntry/btn_Continue' is present

24-10-2024T08:42:37 - [MESSAGE][PASSED] - Object: 'Object Repository/IWP30/Page_ACHPersonalPaymentEntry/btn_Continue' is clicked on

24-10-2024T08:42:37 - [MESSAGE][PASSED] - iwpPages.achPersonalPaymentEntryPage.setDataACHPPM is PASSED

24-10-2024T08:42:37 - [TEST_STEP][PASSED] - click(findTestObject("Object Repository/IWP30/Page_Confirmation/ConfirmButton")): Object: 'Object Repository/IWP30/Page_Confirmation/ConfirmButton' is clicked on

24-10-2024T08:42:39 - [MESSAGE][PASSED] - Object: 'Object Repository/IWP30/Page_Confirmation/ConfirmButton' is clicked on

24-10-2024T08:42:39 - [TEST_STEP][PASSED] - Thread.sleep(2000): null

24-10-2024T08:42:41 - [TEST_STEP][FAILED] - if (verifyTextPresent("AutoPay", false)): Text 'AutoPay' is not present on page  (Root cause: com.kms.katalon.core.exception.StepFailedException: Text 'AutoPay' is not present on page 
	at com.kms.katalon.core.webui.keyword.internal.WebUIKeywordMain.stepFailed(WebUIKeywordMain.groovy:64)
	at com.kms.katalon.core.webui.keyword.builtin.VerifyTextPresentKeyword$_verifyTextPresent_closure1.doCall(VerifyTextPresentKeyword.groovy:79)
	at com.kms.katalon.core.webui.keyword.builtin.VerifyTextPresentKeyword$_verifyTextPresent_closure1.call(VerifyTextPresentKeyword.groovy)
	at com.kms.katalon.core.webui.keyword.internal.WebUIKeywordMain.runKeyword(WebUIKeywordMain.groovy:20)
	at com.kms.katalon.core.webui.keyword.builtin.VerifyTextPresentKeyword.verifyTextPresent(VerifyTextPresentKeyword.groovy:83)
	at com.kms.katalon.core.webui.keyword.builtin.VerifyTextPresentKeyword.execute(VerifyTextPresentKeyword.groovy:68)
	at com.kms.katalon.core.keyword.internal.KeywordExecutor.executeKeywordForPlatform(KeywordExecutor.groovy:74)
	at com.kms.katalon.core.webui.keyword.WebUiBuiltInKeywords.verifyTextPresent(WebUiBuiltInKeywords.groovy:1762)
	at CMCAutoPayPC.run(CMCAutoPayPC:91)
	at com.kms.katalon.core.main.ScriptEngine.run(ScriptEngine.java:194)
	at com.kms.katalon.core.main.ScriptEngine.runScriptAsRawText(ScriptEngine.java:119)
	at com.kms.katalon.core.main.TestCaseExecutor.runScript(TestCaseExecutor.java:448)
	at com.kms.katalon.core.main.TestCaseExecutor.doExecute(TestCaseExecutor.java:439)
	at com.kms.katalon.core.main.TestCaseExecutor.processExecutionPhase(TestCaseExecutor.java:418)
	at com.kms.katalon.core.main.TestCaseExecutor.accessMainPhase(TestCaseExecutor.java:410)
	at com.kms.katalon.core.main.TestCaseExecutor.execute(TestCaseExecutor.java:285)
	at com.kms.katalon.core.common.CommonExecutor.accessTestCaseMainPhase(CommonExecutor.java:65)
	at com.kms.katalon.core.main.TestSuiteExecutor.accessTestSuiteMainPhase(TestSuiteExecutor.java:150)
	at com.kms.katalon.core.main.TestSuiteExecutor.execute(TestSuiteExecutor.java:106)
	at com.kms.katalon.core.main.TestCaseMain.startTestSuite(TestCaseMain.java:180)
	at TempTestSuite1729731001385.run(TempTestSuite1729731001385.groovy:35)
	at java.base/jdk.internal.reflect.NativeMethodAccessorImpl.invoke0(Native Method)
	at java.base/jdk.internal.reflect.NativeMethodAccessorImpl.invoke(NativeMethodAccessorImpl.java:77)
	at java.base/jdk.internal.reflect.DelegatingMethodAccessorImpl.invoke(DelegatingMethodAccessorImpl.java:43)
)

24-10-2024T08:42:41 - [MESSAGE][FAILED] - Text 'AutoPay' is not present on page  (Root cause: com.kms.katalon.core.exception.StepFailedException: Text 'AutoPay' is not present on page 
	at com.kms.katalon.core.webui.keyword.internal.WebUIKeywordMain.stepFailed(WebUIKeywordMain.groovy:64)
	at com.kms.katalon.core.webui.keyword.builtin.VerifyTextPresentKeyword$_verifyTextPresent_closure1.doCall(VerifyTextPresentKeyword.groovy:79)
	at com.kms.katalon.core.webui.keyword.builtin.VerifyTextPresentKeyword$_verifyTextPresent_closure1.call(VerifyTextPresentKeyword.groovy)
	at com.kms.katalon.core.webui.keyword.internal.WebUIKeywordMain.runKeyword(WebUIKeywordMain.groovy:20)
	at com.kms.katalon.core.webui.keyword.builtin.VerifyTextPresentKeyword.verifyTextPresent(VerifyTextPresentKeyword.groovy:83)
	at com.kms.katalon.core.webui.keyword.builtin.VerifyTextPresentKeyword.execute(VerifyTextPresentKeyword.groovy:68)
	at com.kms.katalon.core.keyword.internal.KeywordExecutor.executeKeywordForPlatform(KeywordExecutor.groovy:74)
	at com.kms.katalon.core.webui.keyword.WebUiBuiltInKeywords.verifyTextPresent(WebUiBuiltInKeywords.groovy:1762)
	at CMCAutoPayPC.run(CMCAutoPayPC:91)
	at com.kms.katalon.core.main.ScriptEngine.run(ScriptEngine.java:194)
	at com.kms.katalon.core.main.ScriptEngine.runScriptAsRawText(ScriptEngine.java:119)
	at com.kms.katalon.core.main.TestCaseExecutor.runScript(TestCaseExecutor.java:448)
	at com.kms.katalon.core.main.TestCaseExecutor.doExecute(TestCaseExecutor.java:439)
	at com.kms.katalon.core.main.TestCaseExecutor.processExecutionPhase(TestCaseExecutor.java:418)
	at com.kms.katalon.core.main.TestCaseExecutor.accessMainPhase(TestCaseExecutor.java:410)
	at com.kms.katalon.core.main.TestCaseExecutor.execute(TestCaseExecutor.java:285)
	at com.kms.katalon.core.common.CommonExecutor.accessTestCaseMainPhase(CommonExecutor.java:65)
	at com.kms.katalon.core.main.TestSuiteExecutor.accessTestSuiteMainPhase(TestSuiteExecutor.java:150)
	at com.kms.katalon.core.main.TestSuiteExecutor.execute(TestSuiteExecutor.java:106)
	at com.kms.katalon.core.main.TestCaseMain.startTestSuite(TestCaseMain.java:180)
	at TempTestSuite1729731001385.run(TempTestSuite1729731001385.groovy:35)
	at java.base/jdk.internal.reflect.NativeMethodAccessorImpl.invoke0(Native Method)
	at java.base/jdk.internal.reflect.NativeMethodAccessorImpl.invoke(NativeMethodAccessorImpl.java:77)
	at java.base/jdk.internal.reflect.DelegatingMethodAccessorImpl.invoke(DelegatingMethodAccessorImpl.java:43)
)

24-10-2024T08:42:41 - [TEST_STEP][FAILED] - else: null

24-10-2024T08:42:41 - [TEST_STEP][FAILED] - markFailed("Deferred is not present on page"): Deferred is not present on page

24-10-2024T08:42:41 - [MESSAGE][FAILED] - Deferred is not present on page

24-10-2024T08:42:41 - [TEST_STEP][PASSED] - resText = "Fail": null

24-10-2024T08:42:41 - [TEST_STEP][PASSED] - pages.WriteExcel.demoKey(resText, datText, resColumn, datCloumn, fileLoc, nameSheet, row): pages.WriteExcel.demoKey is PASSED

24-10-2024T08:42:41 - [MESSAGE][PASSED] - pages.WriteExcel.demoKey is PASSED

24-10-2024T08:42:41 - [TEST_STEP][PASSED] - closeBrowser(): Browser is closed

24-10-2024T08:42:42 - [MESSAGE][PASSED] - Browser is closed

24-10-2024T08:42:42 - [TEST_STEP][PASSED] - ExecuteTC = dataFile.getValue("Execute", row): null

24-10-2024T08:42:42 - [TEST_STEP][PASSED] - out.println("Value of Execute is : " + ExecuteTC): null

24-10-2024T08:42:42 - [TEST_STEP][PASSED] - if (ExecuteTC.equalsIgnoreCase("Y")): null

24-10-2024T08:42:42 - [TEST_STEP][PASSED] - out.println("Begin Record Number: " + row): null

24-10-2024T08:42:42 - [TEST_STEP][PASSED] - today = new java.util.Date(): null

24-10-2024T08:42:42 - [TEST_STEP][PASSED] - println(today): null

24-10-2024T08:42:42 - [TEST_STEP][PASSED] - datText = today: null

24-10-2024T08:42:42 - [TEST_STEP][PASSED] - EmulatorDataKey = dataFile.getValue("EmulatorData", row): null

24-10-2024T08:42:42 - [TEST_STEP][PASSED] - out.println("Value of Emulator Key is : " + EmulatorDataKey): null

24-10-2024T08:42:42 - [TEST_STEP][PASSED] - iwpPages.emulatorIWP30.setDataEmulator_DD(EmulatorDataKey): iwpPages.emulatorIWP30.setDataEmulator_DD is PASSED

24-10-2024T08:42:43 - [MESSAGE][INFO] - Starting 'Edge Chromium' driver

24-10-2024T08:42:43 - [MESSAGE][INFO] - User set preference: ['acceptInsecureCerts', 'true']

24-10-2024T08:42:45 - [MESSAGE][INFO] - Action delay is set to 0 milliseconds

24-10-2024T08:42:49 - [MESSAGE][PASSED] - Browser is opened with url: 'https://qa2.velocitypayment.com/agencyx/config.action?action=editor&message_version=3_0'

24-10-2024T08:42:49 - [MESSAGE][PASSED] - Current window maximized

24-10-2024T08:43:20 - [MESSAGE][INFO] - Unable to find the element located by 'By.xpath: //select[@name='message_version']'. Please recheck the objects properties to make sure the desired element is located. 

24-10-2024T08:43:20 - [MESSAGE][WARNING] - [SELF-HEALING] Failed to find element with id 'Object Repository/IWP30/Page_VRelay30Emulator/MV'. Try using Self-healing.

24-10-2024T08:43:20 - [MESSAGE][WARNING] - [SELF-HEALING] The current locator of test object 'Object Repository/IWP30/Page_VRelay30Emulator/MV' was broken. Propose an alternative one: '(.//*[normalize-space(text()) and normalize-space(.)='Message Version'])[1]/following::select[1]'.

24-10-2024T08:43:21 - [MESSAGE][PASSED] - All options with value '3.0' are selected in object 'Object Repository/IWP30/Page_VRelay30Emulator/MV'  using regular expression

24-10-2024T08:43:22 - [MESSAGE][PASSED] - Text '10.50' is set on object 'Object Repository/IWP30/Page_EmulatorAgencyX/Amount'

24-10-2024T08:43:23 - [MESSAGE][PASSED] - Text 'd6QFDEav1XCu' is set on object 'Object Repository/IWP30/Page_EmulatorAgencyX/CAN'

24-10-2024T08:43:23 - [MESSAGE][PASSED] - Text 'AutoPay' is set on object 'Object Repository/IWP30/Page_EmulatorAgencyX/Action'

24-10-2024T08:43:24 - [MESSAGE][PASSED] - Text 'en_US' is set on object 'Object Repository/IWP30/Page_EmulatorAgencyX/Lang'

24-10-2024T08:43:24 - [MESSAGE][PASSED] - Text '' is set on object 'Object Repository/IWP30/Page_EmulatorAgencyX/Fname'

24-10-2024T08:43:25 - [MESSAGE][PASSED] - Text '' is set on object 'Object Repository/IWP30/Page_EmulatorAgencyX/Lname'

24-10-2024T08:43:26 - [MESSAGE][PASSED] - Text '' is set on object 'Object Repository/IWP30/Page_EmulatorAgencyX/AL1'

24-10-2024T08:43:26 - [MESSAGE][PASSED] - Text '' is set on object 'Object Repository/IWP30/Page_EmulatorAgencyX/AL2'

24-10-2024T08:43:27 - [MESSAGE][PASSED] - Text '' is set on object 'Object Repository/IWP30/Page_EmulatorAgencyX/Country'

24-10-2024T08:43:27 - [MESSAGE][PASSED] - Text '' is set on object 'Object Repository/IWP30/Page_EmulatorAgencyX/City'

24-10-2024T08:43:28 - [MESSAGE][PASSED] - Text '' is set on object 'Object Repository/IWP30/Page_EmulatorAgencyX/State'

24-10-2024T08:43:28 - [MESSAGE][PASSED] - Text '' is set on object 'Object Repository/IWP30/Page_EmulatorAgencyX/ZIP'

24-10-2024T08:43:29 - [MESSAGE][PASSED] - Text '' is set on object 'Object Repository/IWP30/Page_EmulatorAgencyX/Order'

24-10-2024T08:43:30 - [MESSAGE][PASSED] - Text '' is set on object 'Object Repository/IWP30/Page_EmulatorAgencyX/Company'

24-10-2024T08:43:30 - [MESSAGE][PASSED] - Text '' is set on object 'Object Repository/IWP30/Page_EmulatorAgencyX/Email'

24-10-2024T08:43:31 - [MESSAGE][PASSED] - Text '' is set on object 'Object Repository/IWP30/Page_EmulatorAgencyX/UDF1'

24-10-2024T08:43:31 - [MESSAGE][PASSED] - Text '' is set on object 'Object Repository/IWP30/Page_EmulatorAgencyX/UDF2'

24-10-2024T08:43:32 - [MESSAGE][PASSED] - Text '' is set on object 'Object Repository/IWP30/Page_EmulatorAgencyX/UDF3'

24-10-2024T08:43:32 - [MESSAGE][PASSED] - Text 'udf data 4' is set on object 'Object Repository/IWP30/Page_EmulatorAgencyX/UDF4'

24-10-2024T08:43:33 - [MESSAGE][PASSED] - Text 'udf data 5' is set on object 'Object Repository/IWP30/Page_EmulatorAgencyX/UDF5'

24-10-2024T08:43:34 - [MESSAGE][PASSED] - Text '' is set on object 'Object Repository/IWP30/Page_EmulatorAgencyX/UDF6'

24-10-2024T08:43:34 - [MESSAGE][PASSED] - Text '' is set on object 'Object Repository/IWP30/Page_EmulatorAgencyX/UDF7'

24-10-2024T08:43:35 - [MESSAGE][PASSED] - Text '' is set on object 'Object Repository/IWP30/Page_EmulatorAgencyX/UDF8'

24-10-2024T08:43:35 - [MESSAGE][PASSED] - Text 'udf data 9' is set on object 'Object Repository/IWP30/Page_EmulatorAgencyX/UDF9'

24-10-2024T08:43:36 - [MESSAGE][PASSED] - Text 'udf data 10' is set on object 'Object Repository/IWP30/Page_EmulatorAgencyX/UDF10'

24-10-2024T08:43:38 - [MESSAGE][PASSED] - Object: 'Object Repository/IWP30/Page_EmulatorAgencyX/Submit' is clicked on

24-10-2024T08:43:42 - [MESSAGE][PASSED] - Browser is closed

24-10-2024T08:43:46 - [MESSAGE][PASSED] - iwpPages.emulatorIWP30.setDataEmulator_DD is PASSED

24-10-2024T08:43:46 - [TEST_STEP][PASSED] - testHarnessURL = urlTestHarness: null

24-10-2024T08:43:46 - [TEST_STEP][PASSED] - openBrowser(testHarnessURL): Browser is opened with url: 'https://dev-algorithm.govolution.com/vrelaytest/QA2/version_2_2/vrelaytest.html'

24-10-2024T08:43:46 - [MESSAGE][INFO] - Starting 'Edge Chromium' driver

24-10-2024T08:43:46 - [MESSAGE][INFO] - User set preference: ['acceptInsecureCerts', 'true']

24-10-2024T08:43:48 - [MESSAGE][INFO] - Action delay is set to 0 milliseconds

24-10-2024T08:43:52 - [MESSAGE][PASSED] - Browser is opened with url: 'https://dev-algorithm.govolution.com/vrelaytest/QA2/version_2_2/vrelaytest.html'

24-10-2024T08:43:52 - [TEST_STEP][PASSED] - maximizeWindow(): Current window maximized

24-10-2024T08:43:52 - [MESSAGE][PASSED] - Current window maximized

24-10-2024T08:43:52 - [TEST_STEP][PASSED] - iwpPages.TestHarnessPage.setDataMethodEF(row, dataFile): iwpPages.TestHarnessPage.setDataMethodEF is PASSED

24-10-2024T08:43:52 - [MESSAGE][PASSED] - Object 'Object Repository/IWP30/Page_QATestHarness/RemittanceID' is present

24-10-2024T08:43:53 - [MESSAGE][PASSED] - Text '649' is set on object 'Object Repository/IWP30/Page_QATestHarness/ApplicationID'

24-10-2024T08:43:53 - [MESSAGE][PASSED] - Text '3.0' is set on object 'Object Repository/IWP30/Page_QATestHarness/MessageVersion'

24-10-2024T08:43:54 - [MESSAGE][PASSED] - Text 'LAcsldNuJ4t8' is set on object 'Object Repository/IWP30/Page_QATestHarness/RemittanceID'

24-10-2024T08:43:58 - [MESSAGE][PASSED] - Object: 'Object Repository/IWP30/Page_QATestHarness/SubmitButton' is clicked on

24-10-2024T08:43:58 - [MESSAGE][PASSED] - iwpPages.TestHarnessPage.setDataMethodEF is PASSED

24-10-2024T08:43:58 - [TEST_STEP][PASSED] - click(findTestObject("Object Repository/IWP30/Page_SelectPaymentMethod/PayByPersonalCheck")): Object: 'Object Repository/IWP30/Page_SelectPaymentMethod/PayByPersonalCheck' is clicked on

24-10-2024T08:43:59 - [MESSAGE][PASSED] - Object: 'Object Repository/IWP30/Page_SelectPaymentMethod/PayByPersonalCheck' is clicked on

24-10-2024T08:43:59 - [TEST_STEP][PASSED] - click(findTestObject("Object Repository/IWP30/Page_SelectPaymentMethod/MakePaymentButton")): Object: 'Object Repository/IWP30/Page_SelectPaymentMethod/MakePaymentButton' is clicked on

24-10-2024T08:44:01 - [MESSAGE][PASSED] - Object: 'Object Repository/IWP30/Page_SelectPaymentMethod/MakePaymentButton' is clicked on

24-10-2024T08:44:01 - [TEST_STEP][PASSED] - iwpPages.achPersonalPaymentEntryPage.setDataACHPPM(row, dataFile): iwpPages.achPersonalPaymentEntryPage.setDataACHPPM is PASSED

24-10-2024T08:44:02 - [MESSAGE][PASSED] - Object 'Object Repository/IWP30/Page_ACHPersonalPaymentEntry/txt_accountNumber' is present

24-10-2024T08:44:02 - [MESSAGE][PASSED] - Object 'Object Repository/IWP30/Page_ACHPersonalPaymentEntry/txt_UDF2' is present

24-10-2024T08:44:02 - [MESSAGE][PASSED] - Text 'udf data 2' is set on object 'Object Repository/IWP30/Page_ACHPersonalPaymentEntry/txt_UDF2'

24-10-2024T08:44:03 - [MESSAGE][PASSED] - Text 'udf data 3' is set on object 'Object Repository/IWP30/Page_ACHPersonalPaymentEntry/txt_UDF3'

24-10-2024T08:44:04 - [MESSAGE][PASSED] - All options with label 'Orange' are selected in object 'Object Repository/IWP30/Page_ACHPersonalPaymentEntry/dd_UDF7' 

24-10-2024T08:44:04 - [MESSAGE][PASSED] - All options with label 'Soccer' are selected in object 'Object Repository/IWP30/Page_ACHPersonalPaymentEntry/dd_UDF8' 

24-10-2024T08:44:04 - [MESSAGE][PASSED] - Object 'Object Repository/IWP30/Page_ACHPersonalPaymentEntry/txt_Firstname' is present

24-10-2024T08:44:05 - [MESSAGE][PASSED] - Text 'Elizath' is set on object 'Object Repository/IWP30/Page_ACHPersonalPaymentEntry/txt_Firstname'

24-10-2024T08:44:05 - [MESSAGE][PASSED] - Object 'Object Repository/IWP30/Page_ACHPersonalPaymentEntry/txt_Lastname' is present

24-10-2024T08:44:06 - [MESSAGE][PASSED] - Text 'Christine' is set on object 'Object Repository/IWP30/Page_ACHPersonalPaymentEntry/txt_Lastname'

24-10-2024T08:44:06 - [MESSAGE][PASSED] - Object 'Object Repository/IWP30/Page_ACHPersonalPaymentEntry/txt_routingNumber' is present

24-10-2024T08:44:07 - [MESSAGE][PASSED] - Text '256072691' is set on object 'Object Repository/IWP30/Page_ACHPersonalPaymentEntry/txt_routingNumber'

24-10-2024T08:44:07 - [MESSAGE][PASSED] - Object 'Object Repository/IWP30/Page_ACHPersonalPaymentEntry/txt_accountNumber' is present

24-10-2024T08:44:08 - [MESSAGE][PASSED] - Text '12344444' is set on object 'Object Repository/IWP30/Page_ACHPersonalPaymentEntry/txt_accountNumber'

24-10-2024T08:44:09 - [MESSAGE][PASSED] - Object 'Object Repository/IWP30/Page_ACHPersonalPaymentEntry/txt_confirmAccountNumber' is present

24-10-2024T08:44:09 - [MESSAGE][PASSED] - Text '12344444' is set on object 'Object Repository/IWP30/Page_ACHPersonalPaymentEntry/txt_confirmAccountNumber'

24-10-2024T08:44:10 - [MESSAGE][PASSED] - Object 'Object Repository/IWP30/Page_ACHPersonalPaymentEntry/rd_accountType' is present

24-10-2024T08:44:10 - [MESSAGE][PASSED] - Modify property of object successfully

24-10-2024T08:44:10 - [MESSAGE][PASSED] - Object: 'Object Repository/IWP30/Page_ACHPersonalPaymentEntry/rd_accountType' is clicked on

24-10-2024T08:44:10 - [MESSAGE][PASSED] - Text '365 Main Avenue' is set on object 'Object Repository/IWP30/Page_ACHPersonalPaymentEntry/txt_AL1'

24-10-2024T08:44:11 - [MESSAGE][PASSED] - Text '22201' is set on object 'Object Repository/IWP30/Page_ACHPersonalPaymentEntry/txt_ZIP'

24-10-2024T08:44:11 - [MESSAGE][PASSED] - Object 'Object Repository/IWP30/Page_ACHPersonalPaymentEntry/txt_Email' is present

24-10-2024T08:44:12 - [MESSAGE][PASSED] - Text 'iahmed@govolution.com' is set on object 'Object Repository/IWP30/Page_ACHPersonalPaymentEntry/txt_Email'

24-10-2024T08:44:13 - [MESSAGE][PASSED] - Object 'Object Repository/IWP30/Page_ACHPersonalPaymentEntry/cb_TermsAndCond' is present

24-10-2024T08:44:13 - [MESSAGE][PASSED] - Object: 'Object Repository/IWP30/Page_ACHPersonalPaymentEntry/cb_TermsAndCond' is clicked on

24-10-2024T08:44:13 - [MESSAGE][PASSED] - Object 'Object Repository/IWP30/Page_ACHPersonalPaymentEntry/btn_Continue' is present

24-10-2024T08:44:14 - [MESSAGE][PASSED] - Object: 'Object Repository/IWP30/Page_ACHPersonalPaymentEntry/btn_Continue' is clicked on

24-10-2024T08:44:14 - [MESSAGE][PASSED] - iwpPages.achPersonalPaymentEntryPage.setDataACHPPM is PASSED

24-10-2024T08:44:14 - [TEST_STEP][PASSED] - click(findTestObject("Object Repository/IWP30/Page_Confirmation/ConfirmButton")): Object: 'Object Repository/IWP30/Page_Confirmation/ConfirmButton' is clicked on

24-10-2024T08:44:46 - [MESSAGE][INFO] - Unable to find the element located by 'By.xpath: //*[@type = 'submit' and @name = 'confirmNotifyAction' and @id = 'submitYes' and @value = 'Confirm']'. Please recheck the objects properties to make sure the desired element is located. 

24-10-2024T08:44:46 - [MESSAGE][WARNING] - [SELF-HEALING] Failed to find element with id 'Object Repository/IWP30/Page_Confirmation/ConfirmButton'. Try using Self-healing.

24-10-2024T08:44:46 - [MESSAGE][WARNING] - [SELF-HEALING] The current locator of test object 'Object Repository/IWP30/Page_Confirmation/ConfirmButton' was broken. Propose an alternative one: '//div/input'.

24-10-2024T08:44:48 - [MESSAGE][PASSED] - Object: 'Object Repository/IWP30/Page_Confirmation/ConfirmButton' is clicked on

24-10-2024T08:44:48 - [TEST_STEP][PASSED] - Thread.sleep(2000): null

24-10-2024T08:44:50 - [TEST_STEP][PASSED] - if (verifyTextPresent("AutoPay", false)): null

24-10-2024T08:44:50 - [MESSAGE][PASSED] - Text 'AutoPay' is present on page 

24-10-2024T08:44:50 - [TEST_STEP][PASSED] - openBrowser(testHarnessURL): Browser is opened with url: 'https://dev-algorithm.govolution.com/vrelaytest/QA2/version_2_2/vrelaytest.html'

24-10-2024T08:44:50 - [MESSAGE][WARNING] - A browser is already opened. Closing browser and opening a new one

24-10-2024T08:44:50 - [MESSAGE][INFO] - Starting 'Edge Chromium' driver

24-10-2024T08:44:50 - [MESSAGE][INFO] - User set preference: ['acceptInsecureCerts', 'true']

24-10-2024T08:44:52 - [MESSAGE][INFO] - Action delay is set to 0 milliseconds

24-10-2024T08:44:56 - [MESSAGE][PASSED] - Browser is opened with url: 'https://dev-algorithm.govolution.com/vrelaytest/QA2/version_2_2/vrelaytest.html'

24-10-2024T08:44:56 - [TEST_STEP][PASSED] - maximizeWindow(): Current window maximized

24-10-2024T08:44:56 - [MESSAGE][PASSED] - Current window maximized

24-10-2024T08:44:56 - [TEST_STEP][PASSED] - iwpPages.TestHarnessPage.setDataMethodEF(row, dataFile): iwpPages.TestHarnessPage.setDataMethodEF is PASSED

24-10-2024T08:44:56 - [MESSAGE][PASSED] - Object 'Object Repository/IWP30/Page_QATestHarness/RemittanceID' is present

24-10-2024T08:44:57 - [MESSAGE][PASSED] - Text '649' is set on object 'Object Repository/IWP30/Page_QATestHarness/ApplicationID'

24-10-2024T08:44:58 - [MESSAGE][PASSED] - Text '3.0' is set on object 'Object Repository/IWP30/Page_QATestHarness/MessageVersion'

24-10-2024T08:44:58 - [MESSAGE][PASSED] - Text 'T7o5nWmemS05' is set on object 'Object Repository/IWP30/Page_QATestHarness/RemittanceID'

24-10-2024T08:45:04 - [MESSAGE][PASSED] - Object: 'Object Repository/IWP30/Page_QATestHarness/SubmitButton' is clicked on

24-10-2024T08:45:04 - [MESSAGE][PASSED] - iwpPages.TestHarnessPage.setDataMethodEF is PASSED

24-10-2024T08:45:04 - [TEST_STEP][PASSED] - click(findTestObject("Object Repository/IWP30/Page_ManagePlan_Autopay/btn_modify")): Object: 'Object Repository/IWP30/Page_ManagePlan_Autopay/btn_modify' is clicked on

24-10-2024T08:45:04 - [MESSAGE][PASSED] - Object: 'Object Repository/IWP30/Page_ManagePlan_Autopay/btn_modify' is clicked on

24-10-2024T08:45:04 - [TEST_STEP][PASSED] - click(findTestObject("Object Repository/IWP30/Page_Modify/btn_savechanges")): Object: 'Object Repository/IWP30/Page_Modify/btn_savechanges' is clicked on

24-10-2024T08:45:06 - [MESSAGE][PASSED] - Object: 'Object Repository/IWP30/Page_Modify/btn_savechanges' is clicked on

24-10-2024T08:45:06 - [TEST_STEP][PASSED] - if (verifyTextPresent("Edits to your payment plan were completed successfully", false)): null

24-10-2024T08:45:06 - [MESSAGE][PASSED] - Text 'Edits to your payment plan were completed successfully' is present on page 

24-10-2024T08:45:06 - [TEST_STEP][PASSED] - click(findTestObject("Object Repository/IWP30/Page_ManagePlan_Autopay/btn_cancel")): Object: 'Object Repository/IWP30/Page_ManagePlan_Autopay/btn_cancel' is clicked on

24-10-2024T08:45:07 - [MESSAGE][PASSED] - Object: 'Object Repository/IWP30/Page_ManagePlan_Autopay/btn_cancel' is clicked on

24-10-2024T08:45:07 - [TEST_STEP][PASSED] - click(findTestObject("Object Repository/IWP30/Page_CancelPlan/btn_cancel")): Object: 'Object Repository/IWP30/Page_CancelPlan/btn_cancel' is clicked on

24-10-2024T08:45:08 - [MESSAGE][PASSED] - Object: 'Object Repository/IWP30/Page_CancelPlan/btn_cancel' is clicked on

24-10-2024T08:45:08 - [TEST_STEP][PASSED] - if (verifyTextPresent("Your payment plan has been cancelled successfully", false)): null

24-10-2024T08:45:09 - [MESSAGE][PASSED] - Text 'Your payment plan has been cancelled successfully' is present on page 

24-10-2024T08:45:09 - [TEST_STEP][PASSED] - markPassed("Your payment plan has been successfully created and canceled"): Your payment plan has been successfully created and canceled

24-10-2024T08:45:09 - [MESSAGE][PASSED] - Your payment plan has been successfully created and canceled

24-10-2024T08:45:09 - [TEST_STEP][PASSED] - resText = "Pass": null

24-10-2024T08:45:09 - [TEST_STEP][PASSED] - println(row): null

24-10-2024T08:45:09 - [TEST_STEP][PASSED] - pages.WriteExcel.demoKey(resText, datText, resColumn, datCloumn, fileLoc, nameSheet, row): pages.WriteExcel.demoKey is PASSED

24-10-2024T08:45:09 - [MESSAGE][PASSED] - pages.WriteExcel.demoKey is PASSED

24-10-2024T08:45:09 - [TEST_STEP][PASSED] - closeBrowser(): Browser is closed

24-10-2024T08:45:09 - [MESSAGE][PASSED] - Browser is closed]]></system-out>
         <system-err><![CDATA[24-10-2024T08:41:05 - [TEST_CASE][FAILED] - Test Cases/IntegratedWeb/IWP25/Payments/CMCAutoPayPC: Test Cases/IntegratedWeb/IWP25/Payments/CMCAutoPayPC FAILED.
Reason:
com.kms.katalon.core.exception.StepFailedException: Text 'AutoPay' is not present on page  (Root cause: com.kms.katalon.core.exception.StepFailedException: Text 'AutoPay' is not present on page 
	at com.kms.katalon.core.webui.keyword.internal.WebUIKeywordMain.stepFailed(WebUIKeywordMain.groovy:64)
	at com.kms.katalon.core.webui.keyword.builtin.VerifyTextPresentKeyword$_verifyTextPresent_closure1.doCall(VerifyTextPresentKeyword.groovy:79)
	at com.kms.katalon.core.webui.keyword.builtin.VerifyTextPresentKeyword$_verifyTextPresent_closure1.call(VerifyTextPresentKeyword.groovy)
	at com.kms.katalon.core.webui.keyword.internal.WebUIKeywordMain.runKeyword(WebUIKeywordMain.groovy:20)
	at com.kms.katalon.core.webui.keyword.builtin.VerifyTextPresentKeyword.verifyTextPresent(VerifyTextPresentKeyword.groovy:83)
	at com.kms.katalon.core.webui.keyword.builtin.VerifyTextPresentKeyword.execute(VerifyTextPresentKeyword.groovy:68)
	at com.kms.katalon.core.keyword.internal.KeywordExecutor.executeKeywordForPlatform(KeywordExecutor.groovy:74)
	at com.kms.katalon.core.webui.keyword.WebUiBuiltInKeywords.verifyTextPresent(WebUiBuiltInKeywords.groovy:1762)
	at CMCAutoPayPC.run(CMCAutoPayPC:91)
	at com.kms.katalon.core.main.ScriptEngine.run(ScriptEngine.java:194)
	at com.kms.katalon.core.main.ScriptEngine.runScriptAsRawText(ScriptEngine.java:119)
	at com.kms.katalon.core.main.TestCaseExecutor.runScript(TestCaseExecutor.java:448)
	at com.kms.katalon.core.main.TestCaseExecutor.doExecute(TestCaseExecutor.java:439)
	at com.kms.katalon.core.main.TestCaseExecutor.processExecutionPhase(TestCaseExecutor.java:418)
	at com.kms.katalon.core.main.TestCaseExecutor.accessMainPhase(TestCaseExecutor.java:410)
	at com.kms.katalon.core.main.TestCaseExecutor.execute(TestCaseExecutor.java:285)
	at com.kms.katalon.core.common.CommonExecutor.accessTestCaseMainPhase(CommonExecutor.java:65)
	at com.kms.katalon.core.main.TestSuiteExecutor.accessTestSuiteMainPhase(TestSuiteExecutor.java:150)
	at com.kms.katalon.core.main.TestSuiteExecutor.execute(TestSuiteExecutor.java:106)
	at com.kms.katalon.core.main.TestCaseMain.startTestSuite(TestCaseMain.java:180)
	at TempTestSuite1729731001385.run(TempTestSuite1729731001385.groovy:35)
	at java.base/jdk.internal.reflect.NativeMethodAccessorImpl.invoke0(Native Method)
	at java.base/jdk.internal.reflect.NativeMethodAccessorImpl.invoke(NativeMethodAccessorImpl.java:77)
	at java.base/jdk.internal.reflect.DelegatingMethodAccessorImpl.invoke(DelegatingMethodAccessorImpl.java:43)
)
	at com.kms.katalon.core.keyword.internal.KeywordMain.stepFailed(KeywordMain.groovy:39)
	at com.kms.katalon.core.webui.keyword.internal.WebUIKeywordMain.stepFailed(WebUIKeywordMain.groovy:64)
	at com.kms.katalon.core.webui.keyword.builtin.VerifyTextPresentKeyword$_verifyTextPresent_closure1.doCall(VerifyTextPresentKeyword.groovy:79)
	at com.kms.katalon.core.webui.keyword.builtin.VerifyTextPresentKeyword$_verifyTextPresent_closure1.call(VerifyTextPresentKeyword.groovy)
	at com.kms.katalon.core.webui.keyword.internal.WebUIKeywordMain.runKeyword(WebUIKeywordMain.groovy:20)
	at com.kms.katalon.core.webui.keyword.builtin.VerifyTextPresentKeyword.verifyTextPresent(VerifyTextPresentKeyword.groovy:83)
	at com.kms.katalon.core.webui.keyword.builtin.VerifyTextPresentKeyword.execute(VerifyTextPresentKeyword.groovy:68)
	at com.kms.katalon.core.keyword.internal.KeywordExecutor.executeKeywordForPlatform(KeywordExecutor.groovy:74)
	at com.kms.katalon.core.webui.keyword.WebUiBuiltInKeywords.verifyTextPresent(WebUiBuiltInKeywords.groovy:1762)
	at CMCAutoPayPC.run(CMCAutoPayPC:91)
	at com.kms.katalon.core.main.ScriptEngine.run(ScriptEngine.java:194)
	at com.kms.katalon.core.main.ScriptEngine.runScriptAsRawText(ScriptEngine.java:119)
	at com.kms.katalon.core.main.TestCaseExecutor.runScript(TestCaseExecutor.java:448)
	at com.kms.katalon.core.main.TestCaseExecutor.doExecute(TestCaseExecutor.java:439)
	at com.kms.katalon.core.main.TestCaseExecutor.processExecutionPhase(TestCaseExecutor.java:418)
	at com.kms.katalon.core.main.TestCaseExecutor.accessMainPhase(TestCaseExecutor.java:410)
	at com.kms.katalon.core.main.TestCaseExecutor.execute(TestCaseExecutor.java:285)
	at com.kms.katalon.core.common.CommonExecutor.accessTestCaseMainPhase(CommonExecutor.java:65)
	at com.kms.katalon.core.main.TestSuiteExecutor.accessTestSuiteMainPhase(TestSuiteExecutor.java:150)
	at com.kms.katalon.core.main.TestSuiteExecutor.execute(TestSuiteExecutor.java:106)
	at com.kms.katalon.core.main.TestCaseMain.startTestSuite(TestCaseMain.java:180)
	at TempTestSuite1729731001385.run(TempTestSuite1729731001385.groovy:35)
	at java.base/jdk.internal.reflect.NativeMethodAccessorImpl.invoke0(Native Method)
	at java.base/jdk.internal.reflect.NativeMethodAccessorImpl.invoke(NativeMethodAccessorImpl.java:77)
	at java.base/jdk.internal.reflect.DelegatingMethodAccessorImpl.invoke(DelegatingMethodAccessorImpl.java:43)
Caused by: com.kms.katalon.core.exception.StepFailedException: Text 'AutoPay' is not present on page 
	... 24 more]]></system-err>
      </testcase>
      <testcase name="Test Cases/IntegratedWeb/IWP25/Payments/CMCAutoPayPS" time="244.252" classname="Test Cases/IntegratedWeb/IWP25/Payments/CMCAutoPayPS" status="FAILED">
         <failure type="FAILED" message="Test Cases/IntegratedWeb/IWP25/Payments/CMCAutoPayPS FAILED.&#xa;Reason:&#xa;com.kms.katalon.core.exception.StepFailedException: Text 'AutoPay' is not present on page  (Root cause: com.kms.katalon.core.exception.StepFailedException: Text 'AutoPay' is not present on page &#xa;	at com.kms.katalon.core.webui.keyword.internal.WebUIKeywordMain.stepFailed(WebUIKeywordMain.groovy:64)&#xa;	at com.kms.katalon.core.webui.keyword.builtin.VerifyTextPresentKeyword$_verifyTextPresent_closure1.doCall(VerifyTextPresentKeyword.groovy:79)&#xa;	at com.kms.katalon.core.webui.keyword.builtin.VerifyTextPresentKeyword$_verifyTextPresent_closure1.call(VerifyTextPresentKeyword.groovy)&#xa;	at com.kms.katalon.core.webui.keyword.internal.WebUIKeywordMain.runKeyword(WebUIKeywordMain.groovy:20)&#xa;	at com.kms.katalon.core.webui.keyword.builtin.VerifyTextPresentKeyword.verifyTextPresent(VerifyTextPresentKeyword.groovy:83)&#xa;	at com.kms.katalon.core.webui.keyword.builtin.VerifyTextPresentKeyword.execute(VerifyTextPresentKeyword.groovy:68)&#xa;	at com.kms.katalon.core.keyword.internal.KeywordExecutor.executeKeywordForPlatform(KeywordExecutor.groovy:74)&#xa;	at com.kms.katalon.core.webui.keyword.WebUiBuiltInKeywords.verifyTextPresent(WebUiBuiltInKeywords.groovy:1762)&#xa;	at CMCAutoPayPS.run(CMCAutoPayPS:91)&#xa;	at com.kms.katalon.core.main.ScriptEngine.run(ScriptEngine.java:194)&#xa;	at com.kms.katalon.core.main.ScriptEngine.runScriptAsRawText(ScriptEngine.java:119)&#xa;	at com.kms.katalon.core.main.TestCaseExecutor.runScript(TestCaseExecutor.java:448)&#xa;	at com.kms.katalon.core.main.TestCaseExecutor.doExecute(TestCaseExecutor.java:439)&#xa;	at com.kms.katalon.core.main.TestCaseExecutor.processExecutionPhase(TestCaseExecutor.java:418)&#xa;	at com.kms.katalon.core.main.TestCaseExecutor.accessMainPhase(TestCaseExecutor.java:410)&#xa;	at com.kms.katalon.core.main.TestCaseExecutor.execute(TestCaseExecutor.java:285)&#xa;	at com.kms.katalon.core.common.CommonExecutor.accessTestCaseMainPhase(CommonExecutor.java:65)&#xa;	at com.kms.katalon.core.main.TestSuiteExecutor.accessTestSuiteMainPhase(TestSuiteExecutor.java:150)&#xa;	at com.kms.katalon.core.main.TestSuiteExecutor.execute(TestSuiteExecutor.java:106)&#xa;	at com.kms.katalon.core.main.TestCaseMain.startTestSuite(TestCaseMain.java:180)&#xa;	at TempTestSuite1729731001385.run(TempTestSuite1729731001385.groovy:35)&#xa;	at java.base/jdk.internal.reflect.NativeMethodAccessorImpl.invoke0(Native Method)&#xa;	at java.base/jdk.internal.reflect.NativeMethodAccessorImpl.invoke(NativeMethodAccessorImpl.java:77)&#xa;	at java.base/jdk.internal.reflect.DelegatingMethodAccessorImpl.invoke(DelegatingMethodAccessorImpl.java:43)&#xa;)&#xa;	at com.kms.katalon.core.keyword.internal.KeywordMain.stepFailed(KeywordMain.groovy:39)&#xa;	at com.kms.katalon.core.webui.keyword.internal.WebUIKeywordMain.stepFailed(WebUIKeywordMain.groovy:64)&#xa;	at com.kms.katalon.core.webui.keyword.builtin.VerifyTextPresentKeyword$_verifyTextPresent_closure1.doCall(VerifyTextPresentKeyword.groovy:79)&#xa;	at com.kms.katalon.core.webui.keyword.builtin.VerifyTextPresentKeyword$_verifyTextPresent_closure1.call(VerifyTextPresentKeyword.groovy)&#xa;	at com.kms.katalon.core.webui.keyword.internal.WebUIKeywordMain.runKeyword(WebUIKeywordMain.groovy:20)&#xa;	at com.kms.katalon.core.webui.keyword.builtin.VerifyTextPresentKeyword.verifyTextPresent(VerifyTextPresentKeyword.groovy:83)&#xa;	at com.kms.katalon.core.webui.keyword.builtin.VerifyTextPresentKeyword.execute(VerifyTextPresentKeyword.groovy:68)&#xa;	at com.kms.katalon.core.keyword.internal.KeywordExecutor.executeKeywordForPlatform(KeywordExecutor.groovy:74)&#xa;	at com.kms.katalon.core.webui.keyword.WebUiBuiltInKeywords.verifyTextPresent(WebUiBuiltInKeywords.groovy:1762)&#xa;	at CMCAutoPayPS.run(CMCAutoPayPS:91)&#xa;	at com.kms.katalon.core.main.ScriptEngine.run(ScriptEngine.java:194)&#xa;	at com.kms.katalon.core.main.ScriptEngine.runScriptAsRawText(ScriptEngine.java:119)&#xa;	at com.kms.katalon.core.main.TestCaseExecutor.runScript(TestCaseExecutor.java:448)&#xa;	at com.kms.katalon.core.main.TestCaseExecutor.doExecute(TestCaseExecutor.java:439)&#xa;	at com.kms.katalon.core.main.TestCaseExecutor.processExecutionPhase(TestCaseExecutor.java:418)&#xa;	at com.kms.katalon.core.main.TestCaseExecutor.accessMainPhase(TestCaseExecutor.java:410)&#xa;	at com.kms.katalon.core.main.TestCaseExecutor.execute(TestCaseExecutor.java:285)&#xa;	at com.kms.katalon.core.common.CommonExecutor.accessTestCaseMainPhase(CommonExecutor.java:65)&#xa;	at com.kms.katalon.core.main.TestSuiteExecutor.accessTestSuiteMainPhase(TestSuiteExecutor.java:150)&#xa;	at com.kms.katalon.core.main.TestSuiteExecutor.execute(TestSuiteExecutor.java:106)&#xa;	at com.kms.katalon.core.main.TestCaseMain.startTestSuite(TestCaseMain.java:180)&#xa;	at TempTestSuite1729731001385.run(TempTestSuite1729731001385.groovy:35)&#xa;	at java.base/jdk.internal.reflect.NativeMethodAccessorImpl.invoke0(Native Method)&#xa;	at java.base/jdk.internal.reflect.NativeMethodAccessorImpl.invoke(NativeMethodAccessorImpl.java:77)&#xa;	at java.base/jdk.internal.reflect.DelegatingMethodAccessorImpl.invoke(DelegatingMethodAccessorImpl.java:43)&#xa;Caused by: com.kms.katalon.core.exception.StepFailedException: Text 'AutoPay' is not present on page &#xa;	... 24 more&#xa;"/>
         <system-out><![CDATA[24-10-2024T08:45:09 - [TEST_CASE][FAILED] - Test Cases/IntegratedWeb/IWP25/Payments/CMCAutoPayPS: Test Cases/IntegratedWeb/IWP25/Payments/CMCAutoPayPS FAILED.
Reason:
com.kms.katalon.core.exception.StepFailedException: Text 'AutoPay' is not present on page  (Root cause: com.kms.katalon.core.exception.StepFailedException: Text 'AutoPay' is not present on page 
	at com.kms.katalon.core.webui.keyword.internal.WebUIKeywordMain.stepFailed(WebUIKeywordMain.groovy:64)
	at com.kms.katalon.core.webui.keyword.builtin.VerifyTextPresentKeyword$_verifyTextPresent_closure1.doCall(VerifyTextPresentKeyword.groovy:79)
	at com.kms.katalon.core.webui.keyword.builtin.VerifyTextPresentKeyword$_verifyTextPresent_closure1.call(VerifyTextPresentKeyword.groovy)
	at com.kms.katalon.core.webui.keyword.internal.WebUIKeywordMain.runKeyword(WebUIKeywordMain.groovy:20)
	at com.kms.katalon.core.webui.keyword.builtin.VerifyTextPresentKeyword.verifyTextPresent(VerifyTextPresentKeyword.groovy:83)
	at com.kms.katalon.core.webui.keyword.builtin.VerifyTextPresentKeyword.execute(VerifyTextPresentKeyword.groovy:68)
	at com.kms.katalon.core.keyword.internal.KeywordExecutor.executeKeywordForPlatform(KeywordExecutor.groovy:74)
	at com.kms.katalon.core.webui.keyword.WebUiBuiltInKeywords.verifyTextPresent(WebUiBuiltInKeywords.groovy:1762)
	at CMCAutoPayPS.run(CMCAutoPayPS:91)
	at com.kms.katalon.core.main.ScriptEngine.run(ScriptEngine.java:194)
	at com.kms.katalon.core.main.ScriptEngine.runScriptAsRawText(ScriptEngine.java:119)
	at com.kms.katalon.core.main.TestCaseExecutor.runScript(TestCaseExecutor.java:448)
	at com.kms.katalon.core.main.TestCaseExecutor.doExecute(TestCaseExecutor.java:439)
	at com.kms.katalon.core.main.TestCaseExecutor.processExecutionPhase(TestCaseExecutor.java:418)
	at com.kms.katalon.core.main.TestCaseExecutor.accessMainPhase(TestCaseExecutor.java:410)
	at com.kms.katalon.core.main.TestCaseExecutor.execute(TestCaseExecutor.java:285)
	at com.kms.katalon.core.common.CommonExecutor.accessTestCaseMainPhase(CommonExecutor.java:65)
	at com.kms.katalon.core.main.TestSuiteExecutor.accessTestSuiteMainPhase(TestSuiteExecutor.java:150)
	at com.kms.katalon.core.main.TestSuiteExecutor.execute(TestSuiteExecutor.java:106)
	at com.kms.katalon.core.main.TestCaseMain.startTestSuite(TestCaseMain.java:180)
	at TempTestSuite1729731001385.run(TempTestSuite1729731001385.groovy:35)
	at java.base/jdk.internal.reflect.NativeMethodAccessorImpl.invoke0(Native Method)
	at java.base/jdk.internal.reflect.NativeMethodAccessorImpl.invoke(NativeMethodAccessorImpl.java:77)
	at java.base/jdk.internal.reflect.DelegatingMethodAccessorImpl.invoke(DelegatingMethodAccessorImpl.java:43)
)
	at com.kms.katalon.core.keyword.internal.KeywordMain.stepFailed(KeywordMain.groovy:39)
	at com.kms.katalon.core.webui.keyword.internal.WebUIKeywordMain.stepFailed(WebUIKeywordMain.groovy:64)
	at com.kms.katalon.core.webui.keyword.builtin.VerifyTextPresentKeyword$_verifyTextPresent_closure1.doCall(VerifyTextPresentKeyword.groovy:79)
	at com.kms.katalon.core.webui.keyword.builtin.VerifyTextPresentKeyword$_verifyTextPresent_closure1.call(VerifyTextPresentKeyword.groovy)
	at com.kms.katalon.core.webui.keyword.internal.WebUIKeywordMain.runKeyword(WebUIKeywordMain.groovy:20)
	at com.kms.katalon.core.webui.keyword.builtin.VerifyTextPresentKeyword.verifyTextPresent(VerifyTextPresentKeyword.groovy:83)
	at com.kms.katalon.core.webui.keyword.builtin.VerifyTextPresentKeyword.execute(VerifyTextPresentKeyword.groovy:68)
	at com.kms.katalon.core.keyword.internal.KeywordExecutor.executeKeywordForPlatform(KeywordExecutor.groovy:74)
	at com.kms.katalon.core.webui.keyword.WebUiBuiltInKeywords.verifyTextPresent(WebUiBuiltInKeywords.groovy:1762)
	at CMCAutoPayPS.run(CMCAutoPayPS:91)
	at com.kms.katalon.core.main.ScriptEngine.run(ScriptEngine.java:194)
	at com.kms.katalon.core.main.ScriptEngine.runScriptAsRawText(ScriptEngine.java:119)
	at com.kms.katalon.core.main.TestCaseExecutor.runScript(TestCaseExecutor.java:448)
	at com.kms.katalon.core.main.TestCaseExecutor.doExecute(TestCaseExecutor.java:439)
	at com.kms.katalon.core.main.TestCaseExecutor.processExecutionPhase(TestCaseExecutor.java:418)
	at com.kms.katalon.core.main.TestCaseExecutor.accessMainPhase(TestCaseExecutor.java:410)
	at com.kms.katalon.core.main.TestCaseExecutor.execute(TestCaseExecutor.java:285)
	at com.kms.katalon.core.common.CommonExecutor.accessTestCaseMainPhase(CommonExecutor.java:65)
	at com.kms.katalon.core.main.TestSuiteExecutor.accessTestSuiteMainPhase(TestSuiteExecutor.java:150)
	at com.kms.katalon.core.main.TestSuiteExecutor.execute(TestSuiteExecutor.java:106)
	at com.kms.katalon.core.main.TestCaseMain.startTestSuite(TestCaseMain.java:180)
	at TempTestSuite1729731001385.run(TempTestSuite1729731001385.groovy:35)
	at java.base/jdk.internal.reflect.NativeMethodAccessorImpl.invoke0(Native Method)
	at java.base/jdk.internal.reflect.NativeMethodAccessorImpl.invoke(NativeMethodAccessorImpl.java:77)
	at java.base/jdk.internal.reflect.DelegatingMethodAccessorImpl.invoke(DelegatingMethodAccessorImpl.java:43)
Caused by: com.kms.katalon.core.exception.StepFailedException: Text 'AutoPay' is not present on page 
	... 24 more


24-10-2024T08:45:10 - [TEST_STEP][PASSED] - resText = "Fail": null

24-10-2024T08:45:10 - [TEST_STEP][PASSED] - resColumn = "Result": null

24-10-2024T08:45:10 - [TEST_STEP][PASSED] - datCloumn = "Date": null

24-10-2024T08:45:10 - [TEST_STEP][PASSED] - fileLoc = "KatalonData/IWPTestData/VRelay25PaymentsExtension.xlsx": null

24-10-2024T08:45:10 - [TEST_STEP][PASSED] - numOfRows = <not implemented yet for class: org.codehaus.groovy.ast.expr.EmptyExpression>: null

24-10-2024T08:45:10 - [TEST_STEP][PASSED] - dataFile = <not implemented yet for class: org.codehaus.groovy.ast.expr.EmptyExpression>: null

24-10-2024T08:45:10 - [TEST_STEP][PASSED] - nameSheet = <not implemented yet for class: org.codehaus.groovy.ast.expr.EmptyExpression>: null

24-10-2024T08:45:10 - [TEST_STEP][PASSED] - dataFileEmulator = <not implemented yet for class: org.codehaus.groovy.ast.expr.EmptyExpression>: null

24-10-2024T08:45:10 - [TEST_STEP][PASSED] - isRequiredTextPresent = false: null

24-10-2024T08:45:10 - [TEST_STEP][PASSED] - nameSheet = "CMCAutoPayPlanPS": null

24-10-2024T08:45:10 - [TEST_STEP][PASSED] - dataFile = getExcelDataWithDefaultSheet("KatalonData/IWPTestData/VRelay25PaymentsExtension.xlsx", nameSheet, true): null

24-10-2024T08:45:10 - [TEST_STEP][PASSED] - dataFileEmulator = "IWPTestData/EmulatorData": null

24-10-2024T08:45:10 - [TEST_STEP][PASSED] - numOfRows = dataFile.getRowNumbers(): null

24-10-2024T08:45:10 - [TEST_STEP][PASSED] - println("Number of Records: " + numOfRows): null

24-10-2024T08:45:10 - [TEST_STEP][FAILED] - for ([row = 1, row <= numOfRows, (row++)]): null

24-10-2024T08:45:10 - [TEST_STEP][PASSED] - ExecuteTC = dataFile.getValue("Execute", row): null

24-10-2024T08:45:10 - [TEST_STEP][PASSED] - out.println("Value of Execute is : " + ExecuteTC): null

24-10-2024T08:45:10 - [TEST_STEP][FAILED] - if (ExecuteTC.equalsIgnoreCase("Y")): null

24-10-2024T08:45:10 - [TEST_STEP][PASSED] - out.println("Begin Record Number: " + row): null

24-10-2024T08:45:10 - [TEST_STEP][PASSED] - today = new java.util.Date(): null

24-10-2024T08:45:10 - [TEST_STEP][PASSED] - println(today): null

24-10-2024T08:45:10 - [TEST_STEP][PASSED] - datText = today: null

24-10-2024T08:45:10 - [TEST_STEP][PASSED] - EmulatorDataKey = dataFile.getValue("EmulatorData", row): null

24-10-2024T08:45:10 - [TEST_STEP][PASSED] - out.println("Value of Emulator Key is : " + EmulatorDataKey): null

24-10-2024T08:45:10 - [TEST_STEP][PASSED] - iwpPages.emulatorIWP30.setDataEmulator_DD(EmulatorDataKey): iwpPages.emulatorIWP30.setDataEmulator_DD is PASSED

24-10-2024T08:45:10 - [MESSAGE][INFO] - Starting 'Edge Chromium' driver

24-10-2024T08:45:10 - [MESSAGE][INFO] - User set preference: ['acceptInsecureCerts', 'true']

24-10-2024T08:45:12 - [MESSAGE][INFO] - Action delay is set to 0 milliseconds

24-10-2024T08:45:16 - [MESSAGE][PASSED] - Browser is opened with url: 'https://qa2.velocitypayment.com/agencyx/config.action?action=editor&message_version=2_5'

24-10-2024T08:45:16 - [MESSAGE][PASSED] - Current window maximized

24-10-2024T08:45:47 - [MESSAGE][INFO] - Unable to find the element located by 'By.xpath: //select[@name='message_version']'. Please recheck the objects properties to make sure the desired element is located. 

24-10-2024T08:45:47 - [MESSAGE][WARNING] - [SELF-HEALING] Failed to find element with id 'Object Repository/IWP30/Page_VRelay30Emulator/MV'. Try using Self-healing.

24-10-2024T08:45:48 - [MESSAGE][WARNING] - [SELF-HEALING] The current locator of test object 'Object Repository/IWP30/Page_VRelay30Emulator/MV' was broken. Propose an alternative one: '(.//*[normalize-space(text()) and normalize-space(.)='Message Version'])[1]/following::select[1]'.

24-10-2024T08:45:48 - [MESSAGE][PASSED] - All options with value '2.5' are selected in object 'Object Repository/IWP30/Page_VRelay30Emulator/MV'  using regular expression

24-10-2024T08:45:49 - [MESSAGE][PASSED] - Text '10.50' is set on object 'Object Repository/IWP30/Page_EmulatorAgencyX/Amount'

24-10-2024T08:45:49 - [MESSAGE][PASSED] - Text 'v05M7JK82P2t' is set on object 'Object Repository/IWP30/Page_EmulatorAgencyX/CAN'

24-10-2024T08:45:50 - [MESSAGE][PASSED] - Text 'AutoPay' is set on object 'Object Repository/IWP30/Page_EmulatorAgencyX/Action'

24-10-2024T08:45:51 - [MESSAGE][PASSED] - Text 'en_US' is set on object 'Object Repository/IWP30/Page_EmulatorAgencyX/Lang'

24-10-2024T08:45:51 - [MESSAGE][PASSED] - Text '' is set on object 'Object Repository/IWP30/Page_EmulatorAgencyX/Fname'

24-10-2024T08:45:52 - [MESSAGE][PASSED] - Text '' is set on object 'Object Repository/IWP30/Page_EmulatorAgencyX/Lname'

24-10-2024T08:45:52 - [MESSAGE][PASSED] - Text '' is set on object 'Object Repository/IWP30/Page_EmulatorAgencyX/AL1'

24-10-2024T08:45:53 - [MESSAGE][PASSED] - Text '' is set on object 'Object Repository/IWP30/Page_EmulatorAgencyX/AL2'

24-10-2024T08:45:54 - [MESSAGE][PASSED] - Text '' is set on object 'Object Repository/IWP30/Page_EmulatorAgencyX/Country'

24-10-2024T08:45:54 - [MESSAGE][PASSED] - Text '' is set on object 'Object Repository/IWP30/Page_EmulatorAgencyX/City'

24-10-2024T08:45:55 - [MESSAGE][PASSED] - Text '' is set on object 'Object Repository/IWP30/Page_EmulatorAgencyX/State'

24-10-2024T08:45:55 - [MESSAGE][PASSED] - Text '' is set on object 'Object Repository/IWP30/Page_EmulatorAgencyX/ZIP'

24-10-2024T08:45:56 - [MESSAGE][PASSED] - Text '' is set on object 'Object Repository/IWP30/Page_EmulatorAgencyX/Order'

24-10-2024T08:45:56 - [MESSAGE][PASSED] - Text '' is set on object 'Object Repository/IWP30/Page_EmulatorAgencyX/Company'

24-10-2024T08:45:57 - [MESSAGE][PASSED] - Text '' is set on object 'Object Repository/IWP30/Page_EmulatorAgencyX/Email'

24-10-2024T08:45:58 - [MESSAGE][PASSED] - Text '' is set on object 'Object Repository/IWP30/Page_EmulatorAgencyX/UDF1'

24-10-2024T08:45:58 - [MESSAGE][PASSED] - Text '' is set on object 'Object Repository/IWP30/Page_EmulatorAgencyX/UDF2'

24-10-2024T08:45:59 - [MESSAGE][PASSED] - Text '' is set on object 'Object Repository/IWP30/Page_EmulatorAgencyX/UDF3'

24-10-2024T08:45:59 - [MESSAGE][PASSED] - Text 'udf data 4' is set on object 'Object Repository/IWP30/Page_EmulatorAgencyX/UDF4'

24-10-2024T08:46:00 - [MESSAGE][PASSED] - Text 'udf data 5' is set on object 'Object Repository/IWP30/Page_EmulatorAgencyX/UDF5'

24-10-2024T08:46:00 - [MESSAGE][PASSED] - Text '' is set on object 'Object Repository/IWP30/Page_EmulatorAgencyX/UDF6'

24-10-2024T08:46:01 - [MESSAGE][PASSED] - Text '' is set on object 'Object Repository/IWP30/Page_EmulatorAgencyX/UDF7'

24-10-2024T08:46:02 - [MESSAGE][PASSED] - Text '' is set on object 'Object Repository/IWP30/Page_EmulatorAgencyX/UDF8'

24-10-2024T08:46:02 - [MESSAGE][PASSED] - Text 'udf data 9' is set on object 'Object Repository/IWP30/Page_EmulatorAgencyX/UDF9'

24-10-2024T08:46:03 - [MESSAGE][PASSED] - Text 'udf data 10' is set on object 'Object Repository/IWP30/Page_EmulatorAgencyX/UDF10'

24-10-2024T08:46:04 - [MESSAGE][PASSED] - Object: 'Object Repository/IWP30/Page_EmulatorAgencyX/Submit' is clicked on

24-10-2024T08:46:09 - [MESSAGE][PASSED] - Browser is closed

24-10-2024T08:46:13 - [MESSAGE][PASSED] - iwpPages.emulatorIWP30.setDataEmulator_DD is PASSED

24-10-2024T08:46:13 - [TEST_STEP][PASSED] - testHarnessURL = urlTestHarness: null

24-10-2024T08:46:13 - [TEST_STEP][PASSED] - openBrowser(testHarnessURL): Browser is opened with url: 'https://dev-algorithm.govolution.com/vrelaytest/QA2/version_2_2/vrelaytest.html'

24-10-2024T08:46:13 - [MESSAGE][INFO] - Starting 'Edge Chromium' driver

24-10-2024T08:46:13 - [MESSAGE][INFO] - User set preference: ['acceptInsecureCerts', 'true']

24-10-2024T08:46:15 - [MESSAGE][INFO] - Action delay is set to 0 milliseconds

24-10-2024T08:46:18 - [MESSAGE][PASSED] - Browser is opened with url: 'https://dev-algorithm.govolution.com/vrelaytest/QA2/version_2_2/vrelaytest.html'

24-10-2024T08:46:18 - [TEST_STEP][PASSED] - maximizeWindow(): Current window maximized

24-10-2024T08:46:18 - [MESSAGE][PASSED] - Current window maximized

24-10-2024T08:46:18 - [TEST_STEP][PASSED] - iwpPages.TestHarnessPage.setDataMethodEF(row, dataFile): iwpPages.TestHarnessPage.setDataMethodEF is PASSED

24-10-2024T08:46:19 - [MESSAGE][PASSED] - Object 'Object Repository/IWP30/Page_QATestHarness/RemittanceID' is present

24-10-2024T08:46:19 - [MESSAGE][PASSED] - Text '638' is set on object 'Object Repository/IWP30/Page_QATestHarness/ApplicationID'

24-10-2024T08:46:20 - [MESSAGE][PASSED] - Text '2.5' is set on object 'Object Repository/IWP30/Page_QATestHarness/MessageVersion'

24-10-2024T08:46:20 - [MESSAGE][PASSED] - Text 'ZCBu051jG5i7' is set on object 'Object Repository/IWP30/Page_QATestHarness/RemittanceID'

24-10-2024T08:46:24 - [MESSAGE][PASSED] - Object: 'Object Repository/IWP30/Page_QATestHarness/SubmitButton' is clicked on

24-10-2024T08:46:24 - [MESSAGE][PASSED] - iwpPages.TestHarnessPage.setDataMethodEF is PASSED

24-10-2024T08:46:24 - [TEST_STEP][PASSED] - click(findTestObject("Object Repository/IWP30/Page_SelectPaymentMethod/PayByPersonalCheck")): Object: 'Object Repository/IWP30/Page_SelectPaymentMethod/PayByPersonalCheck' is clicked on

24-10-2024T08:46:24 - [MESSAGE][PASSED] - Object: 'Object Repository/IWP30/Page_SelectPaymentMethod/PayByPersonalCheck' is clicked on

24-10-2024T08:46:24 - [TEST_STEP][PASSED] - click(findTestObject("Object Repository/IWP30/Page_SelectPaymentMethod/MakePaymentButton")): Object: 'Object Repository/IWP30/Page_SelectPaymentMethod/MakePaymentButton' is clicked on

24-10-2024T08:46:27 - [MESSAGE][PASSED] - Object: 'Object Repository/IWP30/Page_SelectPaymentMethod/MakePaymentButton' is clicked on

24-10-2024T08:46:27 - [TEST_STEP][PASSED] - iwpPages.achPersonalPaymentEntryPage.setDataACHPPM(row, dataFile): iwpPages.achPersonalPaymentEntryPage.setDataACHPPM is PASSED

24-10-2024T08:46:28 - [MESSAGE][PASSED] - Object 'Object Repository/IWP30/Page_ACHPersonalPaymentEntry/txt_accountNumber' is present

24-10-2024T08:46:28 - [MESSAGE][PASSED] - Object 'Object Repository/IWP30/Page_ACHPersonalPaymentEntry/txt_UDF2' is present

24-10-2024T08:46:28 - [MESSAGE][PASSED] - Text 'udf data 2' is set on object 'Object Repository/IWP30/Page_ACHPersonalPaymentEntry/txt_UDF2'

24-10-2024T08:46:29 - [MESSAGE][PASSED] - Text 'udf data 3' is set on object 'Object Repository/IWP30/Page_ACHPersonalPaymentEntry/txt_UDF3'

24-10-2024T08:46:29 - [MESSAGE][PASSED] - All options with label 'Orange' are selected in object 'Object Repository/IWP30/Page_ACHPersonalPaymentEntry/dd_UDF7' 

24-10-2024T08:46:30 - [MESSAGE][PASSED] - All options with label 'Soccer' are selected in object 'Object Repository/IWP30/Page_ACHPersonalPaymentEntry/dd_UDF8' 

24-10-2024T08:46:30 - [MESSAGE][PASSED] - Object 'Object Repository/IWP30/Page_ACHPersonalPaymentEntry/txt_Firstname' is present

24-10-2024T08:46:31 - [MESSAGE][PASSED] - Text 'Elizath' is set on object 'Object Repository/IWP30/Page_ACHPersonalPaymentEntry/txt_Firstname'

24-10-2024T08:46:31 - [MESSAGE][PASSED] - Object 'Object Repository/IWP30/Page_ACHPersonalPaymentEntry/txt_Lastname' is present

24-10-2024T08:46:32 - [MESSAGE][PASSED] - Text 'Christine' is set on object 'Object Repository/IWP30/Page_ACHPersonalPaymentEntry/txt_Lastname'

24-10-2024T08:46:32 - [MESSAGE][PASSED] - Object 'Object Repository/IWP30/Page_ACHPersonalPaymentEntry/txt_routingNumber' is present

24-10-2024T08:46:33 - [MESSAGE][PASSED] - Text '256072691' is set on object 'Object Repository/IWP30/Page_ACHPersonalPaymentEntry/txt_routingNumber'

24-10-2024T08:46:33 - [MESSAGE][PASSED] - Object 'Object Repository/IWP30/Page_ACHPersonalPaymentEntry/txt_accountNumber' is present

24-10-2024T08:46:34 - [MESSAGE][PASSED] - Text '12344444' is set on object 'Object Repository/IWP30/Page_ACHPersonalPaymentEntry/txt_accountNumber'

24-10-2024T08:46:35 - [MESSAGE][PASSED] - Object 'Object Repository/IWP30/Page_ACHPersonalPaymentEntry/txt_confirmAccountNumber' is present

24-10-2024T08:46:35 - [MESSAGE][PASSED] - Text '12344444' is set on object 'Object Repository/IWP30/Page_ACHPersonalPaymentEntry/txt_confirmAccountNumber'

24-10-2024T08:46:35 - [MESSAGE][PASSED] - Object 'Object Repository/IWP30/Page_ACHPersonalPaymentEntry/rd_accountType' is present

24-10-2024T08:46:35 - [MESSAGE][PASSED] - Modify property of object successfully

24-10-2024T08:46:36 - [MESSAGE][PASSED] - Object: 'Object Repository/IWP30/Page_ACHPersonalPaymentEntry/rd_accountType' is clicked on

24-10-2024T08:46:36 - [MESSAGE][PASSED] - Text '365 Main Avenue' is set on object 'Object Repository/IWP30/Page_ACHPersonalPaymentEntry/txt_AL1'

24-10-2024T08:46:37 - [MESSAGE][PASSED] - Text '22201' is set on object 'Object Repository/IWP30/Page_ACHPersonalPaymentEntry/txt_ZIP'

24-10-2024T08:46:37 - [MESSAGE][PASSED] - Object 'Object Repository/IWP30/Page_ACHPersonalPaymentEntry/txt_Email' is present

24-10-2024T08:46:39 - [MESSAGE][PASSED] - Text 'iahmed@govolution.com' is set on object 'Object Repository/IWP30/Page_ACHPersonalPaymentEntry/txt_Email'

24-10-2024T08:46:39 - [MESSAGE][PASSED] - Object 'Object Repository/IWP30/Page_ACHPersonalPaymentEntry/cb_TermsAndCond' is present

24-10-2024T08:46:39 - [MESSAGE][PASSED] - Object: 'Object Repository/IWP30/Page_ACHPersonalPaymentEntry/cb_TermsAndCond' is clicked on

24-10-2024T08:46:39 - [MESSAGE][PASSED] - Object 'Object Repository/IWP30/Page_ACHPersonalPaymentEntry/btn_Continue' is present

24-10-2024T08:46:41 - [MESSAGE][PASSED] - Object: 'Object Repository/IWP30/Page_ACHPersonalPaymentEntry/btn_Continue' is clicked on

24-10-2024T08:46:41 - [MESSAGE][PASSED] - iwpPages.achPersonalPaymentEntryPage.setDataACHPPM is PASSED

24-10-2024T08:46:41 - [TEST_STEP][PASSED] - click(findTestObject("Object Repository/IWP30/Page_Confirmation/ConfirmButton")): Object: 'Object Repository/IWP30/Page_Confirmation/ConfirmButton' is clicked on

24-10-2024T08:46:43 - [MESSAGE][PASSED] - Object: 'Object Repository/IWP30/Page_Confirmation/ConfirmButton' is clicked on

24-10-2024T08:46:43 - [TEST_STEP][PASSED] - Thread.sleep(2000): null

24-10-2024T08:46:45 - [TEST_STEP][FAILED] - if (verifyTextPresent("AutoPay", false)): Text 'AutoPay' is not present on page  (Root cause: com.kms.katalon.core.exception.StepFailedException: Text 'AutoPay' is not present on page 
	at com.kms.katalon.core.webui.keyword.internal.WebUIKeywordMain.stepFailed(WebUIKeywordMain.groovy:64)
	at com.kms.katalon.core.webui.keyword.builtin.VerifyTextPresentKeyword$_verifyTextPresent_closure1.doCall(VerifyTextPresentKeyword.groovy:79)
	at com.kms.katalon.core.webui.keyword.builtin.VerifyTextPresentKeyword$_verifyTextPresent_closure1.call(VerifyTextPresentKeyword.groovy)
	at com.kms.katalon.core.webui.keyword.internal.WebUIKeywordMain.runKeyword(WebUIKeywordMain.groovy:20)
	at com.kms.katalon.core.webui.keyword.builtin.VerifyTextPresentKeyword.verifyTextPresent(VerifyTextPresentKeyword.groovy:83)
	at com.kms.katalon.core.webui.keyword.builtin.VerifyTextPresentKeyword.execute(VerifyTextPresentKeyword.groovy:68)
	at com.kms.katalon.core.keyword.internal.KeywordExecutor.executeKeywordForPlatform(KeywordExecutor.groovy:74)
	at com.kms.katalon.core.webui.keyword.WebUiBuiltInKeywords.verifyTextPresent(WebUiBuiltInKeywords.groovy:1762)
	at CMCAutoPayPS.run(CMCAutoPayPS:91)
	at com.kms.katalon.core.main.ScriptEngine.run(ScriptEngine.java:194)
	at com.kms.katalon.core.main.ScriptEngine.runScriptAsRawText(ScriptEngine.java:119)
	at com.kms.katalon.core.main.TestCaseExecutor.runScript(TestCaseExecutor.java:448)
	at com.kms.katalon.core.main.TestCaseExecutor.doExecute(TestCaseExecutor.java:439)
	at com.kms.katalon.core.main.TestCaseExecutor.processExecutionPhase(TestCaseExecutor.java:418)
	at com.kms.katalon.core.main.TestCaseExecutor.accessMainPhase(TestCaseExecutor.java:410)
	at com.kms.katalon.core.main.TestCaseExecutor.execute(TestCaseExecutor.java:285)
	at com.kms.katalon.core.common.CommonExecutor.accessTestCaseMainPhase(CommonExecutor.java:65)
	at com.kms.katalon.core.main.TestSuiteExecutor.accessTestSuiteMainPhase(TestSuiteExecutor.java:150)
	at com.kms.katalon.core.main.TestSuiteExecutor.execute(TestSuiteExecutor.java:106)
	at com.kms.katalon.core.main.TestCaseMain.startTestSuite(TestCaseMain.java:180)
	at TempTestSuite1729731001385.run(TempTestSuite1729731001385.groovy:35)
	at java.base/jdk.internal.reflect.NativeMethodAccessorImpl.invoke0(Native Method)
	at java.base/jdk.internal.reflect.NativeMethodAccessorImpl.invoke(NativeMethodAccessorImpl.java:77)
	at java.base/jdk.internal.reflect.DelegatingMethodAccessorImpl.invoke(DelegatingMethodAccessorImpl.java:43)
)

24-10-2024T08:46:45 - [MESSAGE][FAILED] - Text 'AutoPay' is not present on page  (Root cause: com.kms.katalon.core.exception.StepFailedException: Text 'AutoPay' is not present on page 
	at com.kms.katalon.core.webui.keyword.internal.WebUIKeywordMain.stepFailed(WebUIKeywordMain.groovy:64)
	at com.kms.katalon.core.webui.keyword.builtin.VerifyTextPresentKeyword$_verifyTextPresent_closure1.doCall(VerifyTextPresentKeyword.groovy:79)
	at com.kms.katalon.core.webui.keyword.builtin.VerifyTextPresentKeyword$_verifyTextPresent_closure1.call(VerifyTextPresentKeyword.groovy)
	at com.kms.katalon.core.webui.keyword.internal.WebUIKeywordMain.runKeyword(WebUIKeywordMain.groovy:20)
	at com.kms.katalon.core.webui.keyword.builtin.VerifyTextPresentKeyword.verifyTextPresent(VerifyTextPresentKeyword.groovy:83)
	at com.kms.katalon.core.webui.keyword.builtin.VerifyTextPresentKeyword.execute(VerifyTextPresentKeyword.groovy:68)
	at com.kms.katalon.core.keyword.internal.KeywordExecutor.executeKeywordForPlatform(KeywordExecutor.groovy:74)
	at com.kms.katalon.core.webui.keyword.WebUiBuiltInKeywords.verifyTextPresent(WebUiBuiltInKeywords.groovy:1762)
	at CMCAutoPayPS.run(CMCAutoPayPS:91)
	at com.kms.katalon.core.main.ScriptEngine.run(ScriptEngine.java:194)
	at com.kms.katalon.core.main.ScriptEngine.runScriptAsRawText(ScriptEngine.java:119)
	at com.kms.katalon.core.main.TestCaseExecutor.runScript(TestCaseExecutor.java:448)
	at com.kms.katalon.core.main.TestCaseExecutor.doExecute(TestCaseExecutor.java:439)
	at com.kms.katalon.core.main.TestCaseExecutor.processExecutionPhase(TestCaseExecutor.java:418)
	at com.kms.katalon.core.main.TestCaseExecutor.accessMainPhase(TestCaseExecutor.java:410)
	at com.kms.katalon.core.main.TestCaseExecutor.execute(TestCaseExecutor.java:285)
	at com.kms.katalon.core.common.CommonExecutor.accessTestCaseMainPhase(CommonExecutor.java:65)
	at com.kms.katalon.core.main.TestSuiteExecutor.accessTestSuiteMainPhase(TestSuiteExecutor.java:150)
	at com.kms.katalon.core.main.TestSuiteExecutor.execute(TestSuiteExecutor.java:106)
	at com.kms.katalon.core.main.TestCaseMain.startTestSuite(TestCaseMain.java:180)
	at TempTestSuite1729731001385.run(TempTestSuite1729731001385.groovy:35)
	at java.base/jdk.internal.reflect.NativeMethodAccessorImpl.invoke0(Native Method)
	at java.base/jdk.internal.reflect.NativeMethodAccessorImpl.invoke(NativeMethodAccessorImpl.java:77)
	at java.base/jdk.internal.reflect.DelegatingMethodAccessorImpl.invoke(DelegatingMethodAccessorImpl.java:43)
)

24-10-2024T08:46:45 - [TEST_STEP][FAILED] - else: null

24-10-2024T08:46:45 - [TEST_STEP][FAILED] - markFailed("Deferred is not present on page"): Deferred is not present on page

24-10-2024T08:46:45 - [MESSAGE][FAILED] - Deferred is not present on page

24-10-2024T08:46:45 - [TEST_STEP][PASSED] - resText = "Fail": null

24-10-2024T08:46:45 - [TEST_STEP][PASSED] - pages.WriteExcel.demoKey(resText, datText, resColumn, datCloumn, fileLoc, nameSheet, row): pages.WriteExcel.demoKey is PASSED

24-10-2024T08:46:45 - [MESSAGE][PASSED] - pages.WriteExcel.demoKey is PASSED

24-10-2024T08:46:45 - [TEST_STEP][PASSED] - closeBrowser(): Browser is closed

24-10-2024T08:46:46 - [MESSAGE][PASSED] - Browser is closed

24-10-2024T08:46:46 - [TEST_STEP][PASSED] - ExecuteTC = dataFile.getValue("Execute", row): null

24-10-2024T08:46:46 - [TEST_STEP][PASSED] - out.println("Value of Execute is : " + ExecuteTC): null

24-10-2024T08:46:46 - [TEST_STEP][PASSED] - if (ExecuteTC.equalsIgnoreCase("Y")): null

24-10-2024T08:46:46 - [TEST_STEP][PASSED] - out.println("Begin Record Number: " + row): null

24-10-2024T08:46:46 - [TEST_STEP][PASSED] - today = new java.util.Date(): null

24-10-2024T08:46:46 - [TEST_STEP][PASSED] - println(today): null

24-10-2024T08:46:46 - [TEST_STEP][PASSED] - datText = today: null

24-10-2024T08:46:46 - [TEST_STEP][PASSED] - EmulatorDataKey = dataFile.getValue("EmulatorData", row): null

24-10-2024T08:46:46 - [TEST_STEP][PASSED] - out.println("Value of Emulator Key is : " + EmulatorDataKey): null

24-10-2024T08:46:46 - [TEST_STEP][PASSED] - iwpPages.emulatorIWP30.setDataEmulator_DD(EmulatorDataKey): iwpPages.emulatorIWP30.setDataEmulator_DD is PASSED

24-10-2024T08:46:47 - [MESSAGE][INFO] - Starting 'Edge Chromium' driver

24-10-2024T08:46:47 - [MESSAGE][INFO] - User set preference: ['acceptInsecureCerts', 'true']

24-10-2024T08:46:49 - [MESSAGE][INFO] - Action delay is set to 0 milliseconds

24-10-2024T08:46:52 - [MESSAGE][PASSED] - Browser is opened with url: 'https://qa2.velocitypayment.com/agencyx/config.action?action=editor&message_version=3_0'

24-10-2024T08:46:52 - [MESSAGE][PASSED] - Current window maximized

24-10-2024T08:47:24 - [MESSAGE][INFO] - Unable to find the element located by 'By.xpath: //select[@name='message_version']'. Please recheck the objects properties to make sure the desired element is located. 

24-10-2024T08:47:24 - [MESSAGE][WARNING] - [SELF-HEALING] Failed to find element with id 'Object Repository/IWP30/Page_VRelay30Emulator/MV'. Try using Self-healing.

24-10-2024T08:47:24 - [MESSAGE][WARNING] - [SELF-HEALING] The current locator of test object 'Object Repository/IWP30/Page_VRelay30Emulator/MV' was broken. Propose an alternative one: '(.//*[normalize-space(text()) and normalize-space(.)='Message Version'])[1]/following::select[1]'.

24-10-2024T08:47:24 - [MESSAGE][PASSED] - All options with value '3.0' are selected in object 'Object Repository/IWP30/Page_VRelay30Emulator/MV'  using regular expression

24-10-2024T08:47:25 - [MESSAGE][PASSED] - Text '10.50' is set on object 'Object Repository/IWP30/Page_EmulatorAgencyX/Amount'

24-10-2024T08:47:26 - [MESSAGE][PASSED] - Text 'Bclw3HyL1QI9' is set on object 'Object Repository/IWP30/Page_EmulatorAgencyX/CAN'

24-10-2024T08:47:26 - [MESSAGE][PASSED] - Text 'AutoPay' is set on object 'Object Repository/IWP30/Page_EmulatorAgencyX/Action'

24-10-2024T08:47:27 - [MESSAGE][PASSED] - Text 'en_US' is set on object 'Object Repository/IWP30/Page_EmulatorAgencyX/Lang'

24-10-2024T08:47:27 - [MESSAGE][PASSED] - Text '' is set on object 'Object Repository/IWP30/Page_EmulatorAgencyX/Fname'

24-10-2024T08:47:28 - [MESSAGE][PASSED] - Text '' is set on object 'Object Repository/IWP30/Page_EmulatorAgencyX/Lname'

24-10-2024T08:47:29 - [MESSAGE][PASSED] - Text '' is set on object 'Object Repository/IWP30/Page_EmulatorAgencyX/AL1'

24-10-2024T08:47:29 - [MESSAGE][PASSED] - Text '' is set on object 'Object Repository/IWP30/Page_EmulatorAgencyX/AL2'

24-10-2024T08:47:30 - [MESSAGE][PASSED] - Text '' is set on object 'Object Repository/IWP30/Page_EmulatorAgencyX/Country'

24-10-2024T08:47:30 - [MESSAGE][PASSED] - Text '' is set on object 'Object Repository/IWP30/Page_EmulatorAgencyX/City'

24-10-2024T08:47:31 - [MESSAGE][PASSED] - Text '' is set on object 'Object Repository/IWP30/Page_EmulatorAgencyX/State'

24-10-2024T08:47:31 - [MESSAGE][PASSED] - Text '' is set on object 'Object Repository/IWP30/Page_EmulatorAgencyX/ZIP'

24-10-2024T08:47:32 - [MESSAGE][PASSED] - Text '' is set on object 'Object Repository/IWP30/Page_EmulatorAgencyX/Order'

24-10-2024T08:47:33 - [MESSAGE][PASSED] - Text '' is set on object 'Object Repository/IWP30/Page_EmulatorAgencyX/Company'

24-10-2024T08:47:33 - [MESSAGE][PASSED] - Text '' is set on object 'Object Repository/IWP30/Page_EmulatorAgencyX/Email'

24-10-2024T08:47:34 - [MESSAGE][PASSED] - Text '' is set on object 'Object Repository/IWP30/Page_EmulatorAgencyX/UDF1'

24-10-2024T08:47:34 - [MESSAGE][PASSED] - Text '' is set on object 'Object Repository/IWP30/Page_EmulatorAgencyX/UDF2'

24-10-2024T08:47:35 - [MESSAGE][PASSED] - Text '' is set on object 'Object Repository/IWP30/Page_EmulatorAgencyX/UDF3'

24-10-2024T08:47:36 - [MESSAGE][PASSED] - Text 'udf data 4' is set on object 'Object Repository/IWP30/Page_EmulatorAgencyX/UDF4'

24-10-2024T08:47:36 - [MESSAGE][PASSED] - Text 'udf data 5' is set on object 'Object Repository/IWP30/Page_EmulatorAgencyX/UDF5'

24-10-2024T08:47:37 - [MESSAGE][PASSED] - Text '' is set on object 'Object Repository/IWP30/Page_EmulatorAgencyX/UDF6'

24-10-2024T08:47:37 - [MESSAGE][PASSED] - Text '' is set on object 'Object Repository/IWP30/Page_EmulatorAgencyX/UDF7'

24-10-2024T08:47:38 - [MESSAGE][PASSED] - Text '' is set on object 'Object Repository/IWP30/Page_EmulatorAgencyX/UDF8'

24-10-2024T08:47:39 - [MESSAGE][PASSED] - Text 'udf data 9' is set on object 'Object Repository/IWP30/Page_EmulatorAgencyX/UDF9'

24-10-2024T08:47:39 - [MESSAGE][PASSED] - Text 'udf data 10' is set on object 'Object Repository/IWP30/Page_EmulatorAgencyX/UDF10'

24-10-2024T08:47:41 - [MESSAGE][PASSED] - Object: 'Object Repository/IWP30/Page_EmulatorAgencyX/Submit' is clicked on

24-10-2024T08:47:45 - [MESSAGE][PASSED] - Browser is closed

24-10-2024T08:47:49 - [MESSAGE][PASSED] - iwpPages.emulatorIWP30.setDataEmulator_DD is PASSED

24-10-2024T08:47:49 - [TEST_STEP][PASSED] - testHarnessURL = urlTestHarness: null

24-10-2024T08:47:49 - [TEST_STEP][PASSED] - openBrowser(testHarnessURL): Browser is opened with url: 'https://dev-algorithm.govolution.com/vrelaytest/QA2/version_2_2/vrelaytest.html'

24-10-2024T08:47:49 - [MESSAGE][INFO] - Starting 'Edge Chromium' driver

24-10-2024T08:47:49 - [MESSAGE][INFO] - User set preference: ['acceptInsecureCerts', 'true']

24-10-2024T08:47:51 - [MESSAGE][INFO] - Action delay is set to 0 milliseconds

24-10-2024T08:47:55 - [MESSAGE][PASSED] - Browser is opened with url: 'https://dev-algorithm.govolution.com/vrelaytest/QA2/version_2_2/vrelaytest.html'

24-10-2024T08:47:55 - [TEST_STEP][PASSED] - maximizeWindow(): Current window maximized

24-10-2024T08:47:55 - [MESSAGE][PASSED] - Current window maximized

24-10-2024T08:47:55 - [TEST_STEP][PASSED] - iwpPages.TestHarnessPage.setDataMethodEF(row, dataFile): iwpPages.TestHarnessPage.setDataMethodEF is PASSED

24-10-2024T08:47:55 - [MESSAGE][PASSED] - Object 'Object Repository/IWP30/Page_QATestHarness/RemittanceID' is present

24-10-2024T08:47:56 - [MESSAGE][PASSED] - Text '649' is set on object 'Object Repository/IWP30/Page_QATestHarness/ApplicationID'

24-10-2024T08:47:57 - [MESSAGE][PASSED] - Text '3.0' is set on object 'Object Repository/IWP30/Page_QATestHarness/MessageVersion'

24-10-2024T08:47:57 - [MESSAGE][PASSED] - Text '91ZpTU2ns6KF' is set on object 'Object Repository/IWP30/Page_QATestHarness/RemittanceID'

24-10-2024T08:48:01 - [MESSAGE][PASSED] - Object: 'Object Repository/IWP30/Page_QATestHarness/SubmitButton' is clicked on

24-10-2024T08:48:01 - [MESSAGE][PASSED] - iwpPages.TestHarnessPage.setDataMethodEF is PASSED

24-10-2024T08:48:01 - [TEST_STEP][PASSED] - click(findTestObject("Object Repository/IWP30/Page_SelectPaymentMethod/PayByPersonalCheck")): Object: 'Object Repository/IWP30/Page_SelectPaymentMethod/PayByPersonalCheck' is clicked on

24-10-2024T08:48:02 - [MESSAGE][PASSED] - Object: 'Object Repository/IWP30/Page_SelectPaymentMethod/PayByPersonalCheck' is clicked on

24-10-2024T08:48:02 - [TEST_STEP][PASSED] - click(findTestObject("Object Repository/IWP30/Page_SelectPaymentMethod/MakePaymentButton")): Object: 'Object Repository/IWP30/Page_SelectPaymentMethod/MakePaymentButton' is clicked on

24-10-2024T08:48:04 - [MESSAGE][PASSED] - Object: 'Object Repository/IWP30/Page_SelectPaymentMethod/MakePaymentButton' is clicked on

24-10-2024T08:48:04 - [TEST_STEP][PASSED] - iwpPages.achPersonalPaymentEntryPage.setDataACHPPM(row, dataFile): iwpPages.achPersonalPaymentEntryPage.setDataACHPPM is PASSED

24-10-2024T08:48:05 - [MESSAGE][PASSED] - Object 'Object Repository/IWP30/Page_ACHPersonalPaymentEntry/txt_accountNumber' is present

24-10-2024T08:48:05 - [MESSAGE][PASSED] - Object 'Object Repository/IWP30/Page_ACHPersonalPaymentEntry/txt_UDF2' is present

24-10-2024T08:48:06 - [MESSAGE][PASSED] - Text 'udf data 2' is set on object 'Object Repository/IWP30/Page_ACHPersonalPaymentEntry/txt_UDF2'

24-10-2024T08:48:06 - [MESSAGE][PASSED] - Text 'udf data 3' is set on object 'Object Repository/IWP30/Page_ACHPersonalPaymentEntry/txt_UDF3'

24-10-2024T08:48:07 - [MESSAGE][PASSED] - All options with label 'Orange' are selected in object 'Object Repository/IWP30/Page_ACHPersonalPaymentEntry/dd_UDF7' 

24-10-2024T08:48:07 - [MESSAGE][PASSED] - All options with label 'Soccer' are selected in object 'Object Repository/IWP30/Page_ACHPersonalPaymentEntry/dd_UDF8' 

24-10-2024T08:48:08 - [MESSAGE][PASSED] - Object 'Object Repository/IWP30/Page_ACHPersonalPaymentEntry/txt_Firstname' is present

24-10-2024T08:48:08 - [MESSAGE][PASSED] - Text 'Elizath' is set on object 'Object Repository/IWP30/Page_ACHPersonalPaymentEntry/txt_Firstname'

24-10-2024T08:48:08 - [MESSAGE][PASSED] - Object 'Object Repository/IWP30/Page_ACHPersonalPaymentEntry/txt_Lastname' is present

24-10-2024T08:48:09 - [MESSAGE][PASSED] - Text 'Christine' is set on object 'Object Repository/IWP30/Page_ACHPersonalPaymentEntry/txt_Lastname'

24-10-2024T08:48:09 - [MESSAGE][PASSED] - Object 'Object Repository/IWP30/Page_ACHPersonalPaymentEntry/txt_routingNumber' is present

24-10-2024T08:48:10 - [MESSAGE][PASSED] - Text '256072691' is set on object 'Object Repository/IWP30/Page_ACHPersonalPaymentEntry/txt_routingNumber'

24-10-2024T08:48:10 - [MESSAGE][PASSED] - Object 'Object Repository/IWP30/Page_ACHPersonalPaymentEntry/txt_accountNumber' is present

24-10-2024T08:48:12 - [MESSAGE][PASSED] - Text '12344444' is set on object 'Object Repository/IWP30/Page_ACHPersonalPaymentEntry/txt_accountNumber'

24-10-2024T08:48:12 - [MESSAGE][PASSED] - Object 'Object Repository/IWP30/Page_ACHPersonalPaymentEntry/txt_confirmAccountNumber' is present

24-10-2024T08:48:13 - [MESSAGE][PASSED] - Text '12344444' is set on object 'Object Repository/IWP30/Page_ACHPersonalPaymentEntry/txt_confirmAccountNumber'

24-10-2024T08:48:13 - [MESSAGE][PASSED] - Object 'Object Repository/IWP30/Page_ACHPersonalPaymentEntry/rd_accountType' is present

24-10-2024T08:48:13 - [MESSAGE][PASSED] - Modify property of object successfully

24-10-2024T08:48:13 - [MESSAGE][PASSED] - Object: 'Object Repository/IWP30/Page_ACHPersonalPaymentEntry/rd_accountType' is clicked on

24-10-2024T08:48:14 - [MESSAGE][PASSED] - Text '365 Main Avenue' is set on object 'Object Repository/IWP30/Page_ACHPersonalPaymentEntry/txt_AL1'

24-10-2024T08:48:14 - [MESSAGE][PASSED] - Text '22201' is set on object 'Object Repository/IWP30/Page_ACHPersonalPaymentEntry/txt_ZIP'

24-10-2024T08:48:15 - [MESSAGE][PASSED] - Object 'Object Repository/IWP30/Page_ACHPersonalPaymentEntry/txt_Email' is present

24-10-2024T08:48:16 - [MESSAGE][PASSED] - Text 'iahmed@govolution.com' is set on object 'Object Repository/IWP30/Page_ACHPersonalPaymentEntry/txt_Email'

24-10-2024T08:48:16 - [MESSAGE][PASSED] - Object 'Object Repository/IWP30/Page_ACHPersonalPaymentEntry/cb_TermsAndCond' is present

24-10-2024T08:48:16 - [MESSAGE][PASSED] - Object: 'Object Repository/IWP30/Page_ACHPersonalPaymentEntry/cb_TermsAndCond' is clicked on

24-10-2024T08:48:17 - [MESSAGE][PASSED] - Object 'Object Repository/IWP30/Page_ACHPersonalPaymentEntry/btn_Continue' is present

24-10-2024T08:48:18 - [MESSAGE][PASSED] - Object: 'Object Repository/IWP30/Page_ACHPersonalPaymentEntry/btn_Continue' is clicked on

24-10-2024T08:48:18 - [MESSAGE][PASSED] - iwpPages.achPersonalPaymentEntryPage.setDataACHPPM is PASSED

24-10-2024T08:48:18 - [TEST_STEP][PASSED] - click(findTestObject("Object Repository/IWP30/Page_Confirmation/ConfirmButton")): Object: 'Object Repository/IWP30/Page_Confirmation/ConfirmButton' is clicked on

24-10-2024T08:48:49 - [MESSAGE][INFO] - Unable to find the element located by 'By.xpath: //*[@type = 'submit' and @name = 'confirmNotifyAction' and @id = 'submitYes' and @value = 'Confirm']'. Please recheck the objects properties to make sure the desired element is located. 

24-10-2024T08:48:49 - [MESSAGE][WARNING] - [SELF-HEALING] Failed to find element with id 'Object Repository/IWP30/Page_Confirmation/ConfirmButton'. Try using Self-healing.

24-10-2024T08:48:49 - [MESSAGE][WARNING] - [SELF-HEALING] The current locator of test object 'Object Repository/IWP30/Page_Confirmation/ConfirmButton' was broken. Propose an alternative one: '//div/input'.

24-10-2024T08:48:51 - [MESSAGE][PASSED] - Object: 'Object Repository/IWP30/Page_Confirmation/ConfirmButton' is clicked on

24-10-2024T08:48:51 - [TEST_STEP][PASSED] - Thread.sleep(2000): null

24-10-2024T08:48:53 - [TEST_STEP][PASSED] - if (verifyTextPresent("AutoPay", false)): null

24-10-2024T08:48:53 - [MESSAGE][PASSED] - Text 'AutoPay' is present on page 

24-10-2024T08:48:53 - [TEST_STEP][PASSED] - openBrowser(testHarnessURL): Browser is opened with url: 'https://dev-algorithm.govolution.com/vrelaytest/QA2/version_2_2/vrelaytest.html'

24-10-2024T08:48:53 - [MESSAGE][WARNING] - A browser is already opened. Closing browser and opening a new one

24-10-2024T08:48:54 - [MESSAGE][INFO] - Starting 'Edge Chromium' driver

24-10-2024T08:48:54 - [MESSAGE][INFO] - User set preference: ['acceptInsecureCerts', 'true']

24-10-2024T08:48:56 - [MESSAGE][INFO] - Action delay is set to 0 milliseconds

24-10-2024T08:49:00 - [MESSAGE][PASSED] - Browser is opened with url: 'https://dev-algorithm.govolution.com/vrelaytest/QA2/version_2_2/vrelaytest.html'

24-10-2024T08:49:00 - [TEST_STEP][PASSED] - maximizeWindow(): Current window maximized

24-10-2024T08:49:00 - [MESSAGE][PASSED] - Current window maximized

24-10-2024T08:49:00 - [TEST_STEP][PASSED] - iwpPages.TestHarnessPage.setDataMethodEF(row, dataFile): iwpPages.TestHarnessPage.setDataMethodEF is PASSED

24-10-2024T08:49:00 - [MESSAGE][PASSED] - Object 'Object Repository/IWP30/Page_QATestHarness/RemittanceID' is present

24-10-2024T08:49:01 - [MESSAGE][PASSED] - Text '649' is set on object 'Object Repository/IWP30/Page_QATestHarness/ApplicationID'

24-10-2024T08:49:02 - [MESSAGE][PASSED] - Text '3.0' is set on object 'Object Repository/IWP30/Page_QATestHarness/MessageVersion'

24-10-2024T08:49:02 - [MESSAGE][PASSED] - Text 'A19CK895BMig' is set on object 'Object Repository/IWP30/Page_QATestHarness/RemittanceID'

24-10-2024T08:49:06 - [MESSAGE][PASSED] - Object: 'Object Repository/IWP30/Page_QATestHarness/SubmitButton' is clicked on

24-10-2024T08:49:06 - [MESSAGE][PASSED] - iwpPages.TestHarnessPage.setDataMethodEF is PASSED

24-10-2024T08:49:06 - [TEST_STEP][PASSED] - click(findTestObject("Object Repository/IWP30/Page_ManagePlan_Autopay/btn_modify")): Object: 'Object Repository/IWP30/Page_ManagePlan_Autopay/btn_modify' is clicked on

24-10-2024T08:49:06 - [MESSAGE][PASSED] - Object: 'Object Repository/IWP30/Page_ManagePlan_Autopay/btn_modify' is clicked on

24-10-2024T08:49:06 - [TEST_STEP][PASSED] - click(findTestObject("Object Repository/IWP30/Page_Modify/btn_savechanges")): Object: 'Object Repository/IWP30/Page_Modify/btn_savechanges' is clicked on

24-10-2024T08:49:08 - [MESSAGE][PASSED] - Object: 'Object Repository/IWP30/Page_Modify/btn_savechanges' is clicked on

24-10-2024T08:49:08 - [TEST_STEP][PASSED] - if (verifyTextPresent("Edits to your payment plan were completed successfully", false)): null

24-10-2024T08:49:09 - [MESSAGE][PASSED] - Text 'Edits to your payment plan were completed successfully' is present on page 

24-10-2024T08:49:09 - [TEST_STEP][PASSED] - click(findTestObject("Object Repository/IWP30/Page_ManagePlan_Autopay/btn_cancel")): Object: 'Object Repository/IWP30/Page_ManagePlan_Autopay/btn_cancel' is clicked on

24-10-2024T08:49:09 - [MESSAGE][PASSED] - Object: 'Object Repository/IWP30/Page_ManagePlan_Autopay/btn_cancel' is clicked on

24-10-2024T08:49:09 - [TEST_STEP][PASSED] - click(findTestObject("Object Repository/IWP30/Page_CancelPlan/btn_cancel")): Object: 'Object Repository/IWP30/Page_CancelPlan/btn_cancel' is clicked on

24-10-2024T08:49:11 - [MESSAGE][PASSED] - Object: 'Object Repository/IWP30/Page_CancelPlan/btn_cancel' is clicked on

24-10-2024T08:49:11 - [TEST_STEP][PASSED] - if (verifyTextPresent("Your payment plan has been cancelled successfully", false)): null

24-10-2024T08:49:11 - [MESSAGE][PASSED] - Text 'Your payment plan has been cancelled successfully' is present on page 

24-10-2024T08:49:11 - [TEST_STEP][PASSED] - markPassed("Your payment plan has been successfully created and canceled"): Your payment plan has been successfully created and canceled

24-10-2024T08:49:11 - [MESSAGE][PASSED] - Your payment plan has been successfully created and canceled

24-10-2024T08:49:11 - [TEST_STEP][PASSED] - resText = "Pass": null

24-10-2024T08:49:11 - [TEST_STEP][PASSED] - println(row): null

24-10-2024T08:49:11 - [TEST_STEP][PASSED] - pages.WriteExcel.demoKey(resText, datText, resColumn, datCloumn, fileLoc, nameSheet, row): pages.WriteExcel.demoKey is PASSED

24-10-2024T08:49:11 - [MESSAGE][PASSED] - pages.WriteExcel.demoKey is PASSED

24-10-2024T08:49:11 - [TEST_STEP][PASSED] - closeBrowser(): Browser is closed

24-10-2024T08:49:14 - [MESSAGE][PASSED] - Browser is closed]]></system-out>
         <system-err><![CDATA[24-10-2024T08:45:09 - [TEST_CASE][FAILED] - Test Cases/IntegratedWeb/IWP25/Payments/CMCAutoPayPS: Test Cases/IntegratedWeb/IWP25/Payments/CMCAutoPayPS FAILED.
Reason:
com.kms.katalon.core.exception.StepFailedException: Text 'AutoPay' is not present on page  (Root cause: com.kms.katalon.core.exception.StepFailedException: Text 'AutoPay' is not present on page 
	at com.kms.katalon.core.webui.keyword.internal.WebUIKeywordMain.stepFailed(WebUIKeywordMain.groovy:64)
	at com.kms.katalon.core.webui.keyword.builtin.VerifyTextPresentKeyword$_verifyTextPresent_closure1.doCall(VerifyTextPresentKeyword.groovy:79)
	at com.kms.katalon.core.webui.keyword.builtin.VerifyTextPresentKeyword$_verifyTextPresent_closure1.call(VerifyTextPresentKeyword.groovy)
	at com.kms.katalon.core.webui.keyword.internal.WebUIKeywordMain.runKeyword(WebUIKeywordMain.groovy:20)
	at com.kms.katalon.core.webui.keyword.builtin.VerifyTextPresentKeyword.verifyTextPresent(VerifyTextPresentKeyword.groovy:83)
	at com.kms.katalon.core.webui.keyword.builtin.VerifyTextPresentKeyword.execute(VerifyTextPresentKeyword.groovy:68)
	at com.kms.katalon.core.keyword.internal.KeywordExecutor.executeKeywordForPlatform(KeywordExecutor.groovy:74)
	at com.kms.katalon.core.webui.keyword.WebUiBuiltInKeywords.verifyTextPresent(WebUiBuiltInKeywords.groovy:1762)
	at CMCAutoPayPS.run(CMCAutoPayPS:91)
	at com.kms.katalon.core.main.ScriptEngine.run(ScriptEngine.java:194)
	at com.kms.katalon.core.main.ScriptEngine.runScriptAsRawText(ScriptEngine.java:119)
	at com.kms.katalon.core.main.TestCaseExecutor.runScript(TestCaseExecutor.java:448)
	at com.kms.katalon.core.main.TestCaseExecutor.doExecute(TestCaseExecutor.java:439)
	at com.kms.katalon.core.main.TestCaseExecutor.processExecutionPhase(TestCaseExecutor.java:418)
	at com.kms.katalon.core.main.TestCaseExecutor.accessMainPhase(TestCaseExecutor.java:410)
	at com.kms.katalon.core.main.TestCaseExecutor.execute(TestCaseExecutor.java:285)
	at com.kms.katalon.core.common.CommonExecutor.accessTestCaseMainPhase(CommonExecutor.java:65)
	at com.kms.katalon.core.main.TestSuiteExecutor.accessTestSuiteMainPhase(TestSuiteExecutor.java:150)
	at com.kms.katalon.core.main.TestSuiteExecutor.execute(TestSuiteExecutor.java:106)
	at com.kms.katalon.core.main.TestCaseMain.startTestSuite(TestCaseMain.java:180)
	at TempTestSuite1729731001385.run(TempTestSuite1729731001385.groovy:35)
	at java.base/jdk.internal.reflect.NativeMethodAccessorImpl.invoke0(Native Method)
	at java.base/jdk.internal.reflect.NativeMethodAccessorImpl.invoke(NativeMethodAccessorImpl.java:77)
	at java.base/jdk.internal.reflect.DelegatingMethodAccessorImpl.invoke(DelegatingMethodAccessorImpl.java:43)
)
	at com.kms.katalon.core.keyword.internal.KeywordMain.stepFailed(KeywordMain.groovy:39)
	at com.kms.katalon.core.webui.keyword.internal.WebUIKeywordMain.stepFailed(WebUIKeywordMain.groovy:64)
	at com.kms.katalon.core.webui.keyword.builtin.VerifyTextPresentKeyword$_verifyTextPresent_closure1.doCall(VerifyTextPresentKeyword.groovy:79)
	at com.kms.katalon.core.webui.keyword.builtin.VerifyTextPresentKeyword$_verifyTextPresent_closure1.call(VerifyTextPresentKeyword.groovy)
	at com.kms.katalon.core.webui.keyword.internal.WebUIKeywordMain.runKeyword(WebUIKeywordMain.groovy:20)
	at com.kms.katalon.core.webui.keyword.builtin.VerifyTextPresentKeyword.verifyTextPresent(VerifyTextPresentKeyword.groovy:83)
	at com.kms.katalon.core.webui.keyword.builtin.VerifyTextPresentKeyword.execute(VerifyTextPresentKeyword.groovy:68)
	at com.kms.katalon.core.keyword.internal.KeywordExecutor.executeKeywordForPlatform(KeywordExecutor.groovy:74)
	at com.kms.katalon.core.webui.keyword.WebUiBuiltInKeywords.verifyTextPresent(WebUiBuiltInKeywords.groovy:1762)
	at CMCAutoPayPS.run(CMCAutoPayPS:91)
	at com.kms.katalon.core.main.ScriptEngine.run(ScriptEngine.java:194)
	at com.kms.katalon.core.main.ScriptEngine.runScriptAsRawText(ScriptEngine.java:119)
	at com.kms.katalon.core.main.TestCaseExecutor.runScript(TestCaseExecutor.java:448)
	at com.kms.katalon.core.main.TestCaseExecutor.doExecute(TestCaseExecutor.java:439)
	at com.kms.katalon.core.main.TestCaseExecutor.processExecutionPhase(TestCaseExecutor.java:418)
	at com.kms.katalon.core.main.TestCaseExecutor.accessMainPhase(TestCaseExecutor.java:410)
	at com.kms.katalon.core.main.TestCaseExecutor.execute(TestCaseExecutor.java:285)
	at com.kms.katalon.core.common.CommonExecutor.accessTestCaseMainPhase(CommonExecutor.java:65)
	at com.kms.katalon.core.main.TestSuiteExecutor.accessTestSuiteMainPhase(TestSuiteExecutor.java:150)
	at com.kms.katalon.core.main.TestSuiteExecutor.execute(TestSuiteExecutor.java:106)
	at com.kms.katalon.core.main.TestCaseMain.startTestSuite(TestCaseMain.java:180)
	at TempTestSuite1729731001385.run(TempTestSuite1729731001385.groovy:35)
	at java.base/jdk.internal.reflect.NativeMethodAccessorImpl.invoke0(Native Method)
	at java.base/jdk.internal.reflect.NativeMethodAccessorImpl.invoke(NativeMethodAccessorImpl.java:77)
	at java.base/jdk.internal.reflect.DelegatingMethodAccessorImpl.invoke(DelegatingMethodAccessorImpl.java:43)
Caused by: com.kms.katalon.core.exception.StepFailedException: Text 'AutoPay' is not present on page 
	... 24 more]]></system-err>
      </testcase>
      <testcase name="Test Cases/IntegratedWeb/IWP25/Payments/CMCDeferredCorp" time="283.747" classname="Test Cases/IntegratedWeb/IWP25/Payments/CMCDeferredCorp" status="PASSED">
         <system-out><![CDATA[24-10-2024T08:49:14 - [TEST_CASE][PASSED] - Test Cases/IntegratedWeb/IWP25/Payments/CMCDeferredCorp: Test Cases/IntegratedWeb/IWP25/Payments/CMCDeferredCorp

24-10-2024T08:49:14 - [TEST_STEP][PASSED] - resText = "Fail": null

24-10-2024T08:49:14 - [TEST_STEP][PASSED] - resColumn = "Result": null

24-10-2024T08:49:14 - [TEST_STEP][PASSED] - datCloumn = "Date": null

24-10-2024T08:49:14 - [TEST_STEP][PASSED] - fileLoc = "KatalonData/IWPTestData/VRelay25PaymentsExtension.xlsx": null

24-10-2024T08:49:14 - [TEST_STEP][PASSED] - numOfRows = <not implemented yet for class: org.codehaus.groovy.ast.expr.EmptyExpression>: null

24-10-2024T08:49:14 - [TEST_STEP][PASSED] - dataFile = <not implemented yet for class: org.codehaus.groovy.ast.expr.EmptyExpression>: null

24-10-2024T08:49:14 - [TEST_STEP][PASSED] - nameSheet = <not implemented yet for class: org.codehaus.groovy.ast.expr.EmptyExpression>: null

24-10-2024T08:49:14 - [TEST_STEP][PASSED] - dataFileEmulator = <not implemented yet for class: org.codehaus.groovy.ast.expr.EmptyExpression>: null

24-10-2024T08:49:14 - [TEST_STEP][PASSED] - isRequiredTextPresent = false: null

24-10-2024T08:49:14 - [TEST_STEP][PASSED] - nameSheet = "CMCDeferredPlanCorp": null

24-10-2024T08:49:14 - [TEST_STEP][PASSED] - dataFile = "IWPTestData/IWP25CMCDeferredCorp": null

24-10-2024T08:49:14 - [TEST_STEP][PASSED] - dataFileEmulator = "IWPTestData/EmulatorData": null

24-10-2024T08:49:14 - [TEST_STEP][PASSED] - numOfRows = findTestData(dataFile).getRowNumbers(): null

24-10-2024T08:49:14 - [TEST_STEP][PASSED] - println("Number of Records: " + numOfRows): null

24-10-2024T08:49:14 - [TEST_STEP][PASSED] - for ([row = 1, row <= numOfRows, (row++)]): Browser is closed

24-10-2024T08:49:14 - [TEST_STEP][PASSED] - ExecuteTC = findTestData(dataFile).getValue("Execute", row): null

24-10-2024T08:49:14 - [TEST_STEP][PASSED] - out.println("Value of Execute is : " + ExecuteTC): null

24-10-2024T08:49:14 - [TEST_STEP][PASSED] - if (ExecuteTC.equalsIgnoreCase("Y")): null

24-10-2024T08:49:14 - [TEST_STEP][PASSED] - out.println("Begin Record Number: " + row): null

24-10-2024T08:49:14 - [TEST_STEP][PASSED] - today = new java.util.Date(): null

24-10-2024T08:49:14 - [TEST_STEP][PASSED] - println(today): null

24-10-2024T08:49:14 - [TEST_STEP][PASSED] - datText = today: null

24-10-2024T08:49:14 - [TEST_STEP][PASSED] - EmulatorDataKey = findTestData(dataFile).getValue("EmulatorData", row): null

24-10-2024T08:49:14 - [TEST_STEP][PASSED] - out.println("Value of Emulator Key is : " + EmulatorDataKey): null

24-10-2024T08:49:14 - [TEST_STEP][PASSED] - iwpPages.emulatorIWP30.setDataEmulator_DD(EmulatorDataKey): iwpPages.emulatorIWP30.setDataEmulator_DD is PASSED

24-10-2024T08:49:15 - [MESSAGE][INFO] - Starting 'Edge Chromium' driver

24-10-2024T08:49:15 - [MESSAGE][INFO] - User set preference: ['acceptInsecureCerts', 'true']

24-10-2024T08:49:17 - [MESSAGE][INFO] - Action delay is set to 0 milliseconds

24-10-2024T08:49:24 - [MESSAGE][PASSED] - Browser is opened with url: 'https://qa2.velocitypayment.com/agencyx/config.action?action=editor&message_version=2_5'

24-10-2024T08:49:24 - [MESSAGE][PASSED] - Current window maximized

24-10-2024T08:49:55 - [MESSAGE][INFO] - Unable to find the element located by 'By.xpath: //select[@name='message_version']'. Please recheck the objects properties to make sure the desired element is located. 

24-10-2024T08:49:55 - [MESSAGE][WARNING] - [SELF-HEALING] Failed to find element with id 'Object Repository/IWP30/Page_VRelay30Emulator/MV'. Try using Self-healing.

24-10-2024T08:49:56 - [MESSAGE][WARNING] - [SELF-HEALING] The current locator of test object 'Object Repository/IWP30/Page_VRelay30Emulator/MV' was broken. Propose an alternative one: '(.//*[normalize-space(text()) and normalize-space(.)='Message Version'])[1]/following::select[1]'.

24-10-2024T08:49:56 - [MESSAGE][PASSED] - All options with value '2.5' are selected in object 'Object Repository/IWP30/Page_VRelay30Emulator/MV'  using regular expression

24-10-2024T08:49:57 - [MESSAGE][PASSED] - Text '10.50' is set on object 'Object Repository/IWP30/Page_EmulatorAgencyX/Amount'

24-10-2024T08:49:58 - [MESSAGE][PASSED] - Text 'FgZKRp5oBTPQ' is set on object 'Object Repository/IWP30/Page_EmulatorAgencyX/CAN'

24-10-2024T08:49:58 - [MESSAGE][PASSED] - Text 'PayNow' is set on object 'Object Repository/IWP30/Page_EmulatorAgencyX/Action'

24-10-2024T08:49:59 - [MESSAGE][PASSED] - Text 'en_US' is set on object 'Object Repository/IWP30/Page_EmulatorAgencyX/Lang'

24-10-2024T08:49:59 - [MESSAGE][PASSED] - Text '' is set on object 'Object Repository/IWP30/Page_EmulatorAgencyX/Fname'

24-10-2024T08:50:00 - [MESSAGE][PASSED] - Text '' is set on object 'Object Repository/IWP30/Page_EmulatorAgencyX/Lname'

24-10-2024T08:50:01 - [MESSAGE][PASSED] - Text '' is set on object 'Object Repository/IWP30/Page_EmulatorAgencyX/AL1'

24-10-2024T08:50:01 - [MESSAGE][PASSED] - Text '' is set on object 'Object Repository/IWP30/Page_EmulatorAgencyX/AL2'

24-10-2024T08:50:02 - [MESSAGE][PASSED] - Text '' is set on object 'Object Repository/IWP30/Page_EmulatorAgencyX/Country'

24-10-2024T08:50:02 - [MESSAGE][PASSED] - Text '' is set on object 'Object Repository/IWP30/Page_EmulatorAgencyX/City'

24-10-2024T08:50:03 - [MESSAGE][PASSED] - Text '' is set on object 'Object Repository/IWP30/Page_EmulatorAgencyX/State'

24-10-2024T08:50:04 - [MESSAGE][PASSED] - Text '' is set on object 'Object Repository/IWP30/Page_EmulatorAgencyX/ZIP'

24-10-2024T08:50:04 - [MESSAGE][PASSED] - Text '' is set on object 'Object Repository/IWP30/Page_EmulatorAgencyX/Order'

24-10-2024T08:50:05 - [MESSAGE][PASSED] - Text '' is set on object 'Object Repository/IWP30/Page_EmulatorAgencyX/Company'

24-10-2024T08:50:05 - [MESSAGE][PASSED] - Text '' is set on object 'Object Repository/IWP30/Page_EmulatorAgencyX/Email'

24-10-2024T08:50:06 - [MESSAGE][PASSED] - Text '' is set on object 'Object Repository/IWP30/Page_EmulatorAgencyX/UDF1'

24-10-2024T08:50:06 - [MESSAGE][PASSED] - Text '' is set on object 'Object Repository/IWP30/Page_EmulatorAgencyX/UDF2'

24-10-2024T08:50:07 - [MESSAGE][PASSED] - Text '' is set on object 'Object Repository/IWP30/Page_EmulatorAgencyX/UDF3'

24-10-2024T08:50:08 - [MESSAGE][PASSED] - Text 'udf data 4' is set on object 'Object Repository/IWP30/Page_EmulatorAgencyX/UDF4'

24-10-2024T08:50:08 - [MESSAGE][PASSED] - Text 'udf data 5' is set on object 'Object Repository/IWP30/Page_EmulatorAgencyX/UDF5'

24-10-2024T08:50:09 - [MESSAGE][PASSED] - Text '' is set on object 'Object Repository/IWP30/Page_EmulatorAgencyX/UDF6'

24-10-2024T08:50:09 - [MESSAGE][PASSED] - Text '' is set on object 'Object Repository/IWP30/Page_EmulatorAgencyX/UDF7'

24-10-2024T08:50:10 - [MESSAGE][PASSED] - Text '' is set on object 'Object Repository/IWP30/Page_EmulatorAgencyX/UDF8'

24-10-2024T08:50:11 - [MESSAGE][PASSED] - Text 'udf data 9' is set on object 'Object Repository/IWP30/Page_EmulatorAgencyX/UDF9'

24-10-2024T08:50:11 - [MESSAGE][PASSED] - Text 'udf data 10' is set on object 'Object Repository/IWP30/Page_EmulatorAgencyX/UDF10'

24-10-2024T08:50:13 - [MESSAGE][PASSED] - Object: 'Object Repository/IWP30/Page_EmulatorAgencyX/Submit' is clicked on

24-10-2024T08:50:18 - [MESSAGE][PASSED] - Browser is closed

24-10-2024T08:50:22 - [MESSAGE][PASSED] - iwpPages.emulatorIWP30.setDataEmulator_DD is PASSED

24-10-2024T08:50:22 - [TEST_STEP][PASSED] - testHarnessURL = urlTestHarness: null

24-10-2024T08:50:22 - [TEST_STEP][PASSED] - openBrowser(testHarnessURL): Browser is opened with url: 'https://dev-algorithm.govolution.com/vrelaytest/QA2/version_2_2/vrelaytest.html'

24-10-2024T08:50:22 - [MESSAGE][INFO] - Starting 'Edge Chromium' driver

24-10-2024T08:50:22 - [MESSAGE][INFO] - User set preference: ['acceptInsecureCerts', 'true']

24-10-2024T08:50:24 - [MESSAGE][INFO] - Action delay is set to 0 milliseconds

24-10-2024T08:50:28 - [MESSAGE][PASSED] - Browser is opened with url: 'https://dev-algorithm.govolution.com/vrelaytest/QA2/version_2_2/vrelaytest.html'

24-10-2024T08:50:28 - [TEST_STEP][PASSED] - maximizeWindow(): Current window maximized

24-10-2024T08:50:28 - [MESSAGE][PASSED] - Current window maximized

24-10-2024T08:50:28 - [TEST_STEP][PASSED] - iwpPages.TestHarnessPage.setDataMethod(row, dataFile): iwpPages.TestHarnessPage.setDataMethod is PASSED

24-10-2024T08:50:29 - [MESSAGE][PASSED] - Object 'Object Repository/IWP30/Page_QATestHarness/RemittanceID' is present

24-10-2024T08:50:29 - [MESSAGE][PASSED] - Text '638' is set on object 'Object Repository/IWP30/Page_QATestHarness/ApplicationID'

24-10-2024T08:50:30 - [MESSAGE][PASSED] - Text '2.5' is set on object 'Object Repository/IWP30/Page_QATestHarness/MessageVersion'

24-10-2024T08:50:31 - [MESSAGE][PASSED] - Text 'qFhzOaNXApMh' is set on object 'Object Repository/IWP30/Page_QATestHarness/RemittanceID'

24-10-2024T08:50:36 - [MESSAGE][PASSED] - Object: 'Object Repository/IWP30/Page_QATestHarness/SubmitButton' is clicked on

24-10-2024T08:50:36 - [MESSAGE][PASSED] - iwpPages.TestHarnessPage.setDataMethod is PASSED

24-10-2024T08:50:36 - [TEST_STEP][PASSED] - click(findTestObject("Object Repository/IWP30/Page_SelectPaymentMethod/PayByCorporateCheck")): Object: 'Object Repository/IWP30/Page_SelectPaymentMethod/PayByCorporateCheck' is clicked on

24-10-2024T08:50:36 - [MESSAGE][PASSED] - Object: 'Object Repository/IWP30/Page_SelectPaymentMethod/PayByCorporateCheck' is clicked on

24-10-2024T08:50:36 - [TEST_STEP][PASSED] - click(findTestObject("Object Repository/IWP30/Page_SelectPaymentMethod/MakePaymentButton")): Object: 'Object Repository/IWP30/Page_SelectPaymentMethod/MakePaymentButton' is clicked on

24-10-2024T08:50:39 - [MESSAGE][PASSED] - Object: 'Object Repository/IWP30/Page_SelectPaymentMethod/MakePaymentButton' is clicked on

24-10-2024T08:50:39 - [TEST_STEP][PASSED] - iwpPages.achCorporatePaymentEntryPage.setDataCorporate(row, dataFile): iwpPages.achCorporatePaymentEntryPage.setDataCorporate is PASSED

24-10-2024T08:50:40 - [MESSAGE][PASSED] - Object 'Object Repository/IWP30/Page_ACHCorporatePaymentEntry/txt_accountNumber' is present

24-10-2024T08:50:40 - [MESSAGE][PASSED] - Object 'Object Repository/IWP30/Page_ACHCorporatePaymentEntry/input_CompanyName' is present

24-10-2024T08:50:41 - [MESSAGE][PASSED] - Text 'My Company' is set on object 'Object Repository/IWP30/Page_ACHCorporatePaymentEntry/input_CompanyName'

24-10-2024T08:50:41 - [MESSAGE][PASSED] - Object 'Object Repository/IWP30/Page_ACHCorporatePaymentEntry/input_EIN' is present

24-10-2024T08:50:42 - [MESSAGE][PASSED] - Text '123456789' is set on object 'Object Repository/IWP30/Page_ACHCorporatePaymentEntry/input_EIN'

24-10-2024T08:50:43 - [MESSAGE][PASSED] - Text '10.50' is set on object 'Object Repository/IWP30/Page_ACHCorporatePaymentEntry/txt_Amount'

24-10-2024T08:50:43 - [MESSAGE][PASSED] - Text 'udf data 2' is set on object 'Object Repository/IWP30/Page_ACHCorporatePaymentEntry/txt_UDF2'

24-10-2024T08:50:44 - [MESSAGE][PASSED] - Text 'udf data 3' is set on object 'Object Repository/IWP30/Page_ACHCorporatePaymentEntry/txt_UDF3'

24-10-2024T08:50:44 - [MESSAGE][PASSED] - All options with label 'Orange' are selected in object 'Object Repository/IWP30/Page_ACHCorporatePaymentEntry/dd_UDF7' 

24-10-2024T08:50:45 - [MESSAGE][PASSED] - All options with label 'Soccer' are selected in object 'Object Repository/IWP30/Page_ACHCorporatePaymentEntry/dd_UDF8' 

24-10-2024T08:50:48 - [MESSAGE][PASSED] - Object 'Object Repository/IWP30/Page_ACHCorporatePaymentEntry/txt_routingNumber' is present

24-10-2024T08:50:49 - [MESSAGE][PASSED] - Text '256072691' is set on object 'Object Repository/IWP30/Page_ACHCorporatePaymentEntry/txt_routingNumber'

24-10-2024T08:50:49 - [MESSAGE][PASSED] - Object 'Object Repository/IWP30/Page_ACHCorporatePaymentEntry/txt_accountNumber' is present

24-10-2024T08:50:51 - [MESSAGE][PASSED] - Text '12344444' is set on object 'Object Repository/IWP30/Page_ACHCorporatePaymentEntry/txt_accountNumber'

24-10-2024T08:50:51 - [MESSAGE][PASSED] - Object 'Object Repository/IWP30/Page_ACHCorporatePaymentEntry/txt_confirmAccountNumber' is present

24-10-2024T08:50:52 - [MESSAGE][PASSED] - Text '12344444' is set on object 'Object Repository/IWP30/Page_ACHCorporatePaymentEntry/txt_confirmAccountNumber'

24-10-2024T08:50:52 - [MESSAGE][PASSED] - Execute JavaScript '
				   document.getElementById('processDate').value = '08/09/2025'
				  ' successfully

24-10-2024T08:50:52 - [MESSAGE][PASSED] - Text '365 Main Avenue' is set on object 'Object Repository/IWP30/Page_ACHCorporatePaymentEntry/txt_AL1'

24-10-2024T08:50:53 - [MESSAGE][PASSED] - Text '22201' is set on object 'Object Repository/IWP30/Page_ACHCorporatePaymentEntry/txt_ZIP'

24-10-2024T08:50:53 - [MESSAGE][PASSED] - Object 'Object Repository/IWP30/Page_ACHCorporatePaymentEntry/txt_Email' is present

24-10-2024T08:50:55 - [MESSAGE][PASSED] - Text 'iahmed@govolution.com' is set on object 'Object Repository/IWP30/Page_ACHCorporatePaymentEntry/txt_Email'

24-10-2024T08:50:55 - [MESSAGE][PASSED] - Object 'Object Repository/IWP30/Page_ACHCorporatePaymentEntry/cb_TermsAndCond' is present

24-10-2024T08:50:55 - [MESSAGE][PASSED] - Object: 'Object Repository/IWP30/Page_ACHCorporatePaymentEntry/cb_TermsAndCond' is clicked on

24-10-2024T08:50:55 - [MESSAGE][PASSED] - Object 'Object Repository/IWP30/Page_ACHCorporatePaymentEntry/btn_Continue' is present

24-10-2024T08:50:57 - [MESSAGE][PASSED] - Object: 'Object Repository/IWP30/Page_ACHCorporatePaymentEntry/btn_Continue' is clicked on

24-10-2024T08:50:57 - [MESSAGE][PASSED] - iwpPages.achCorporatePaymentEntryPage.setDataCorporate is PASSED

24-10-2024T08:50:57 - [TEST_STEP][PASSED] - click(findTestObject("Object Repository/IWP30/Page_Confirmation/ConfirmButton")): Object: 'Object Repository/IWP30/Page_Confirmation/ConfirmButton' is clicked on

24-10-2024T08:50:59 - [MESSAGE][PASSED] - Object: 'Object Repository/IWP30/Page_Confirmation/ConfirmButton' is clicked on

24-10-2024T08:50:59 - [TEST_STEP][PASSED] - Thread.sleep(2000): null

24-10-2024T08:51:01 - [TEST_STEP][PASSED] - if (verifyTextPresent("Deferred", false)): null

24-10-2024T08:51:02 - [MESSAGE][PASSED] - Text 'Deferred' is present on page 

24-10-2024T08:51:02 - [TEST_STEP][PASSED] - println("Deferred is present on page. Deferred Pay is created"): null

24-10-2024T08:51:02 - [TEST_STEP][PASSED] - click(findTestObject("Object Repository/IWP30/Page_Receipt/ViewScheduledPaymentsButton")): Object: 'Object Repository/IWP30/Page_Receipt/ViewScheduledPaymentsButton' is clicked on

24-10-2024T08:51:02 - [MESSAGE][PASSED] - Object: 'Object Repository/IWP30/Page_Receipt/ViewScheduledPaymentsButton' is clicked on

24-10-2024T08:51:02 - [TEST_STEP][PASSED] - switchToWindowTitle("View Scheduled Payments"): Switched to window with title: 'View Scheduled Payments'

24-10-2024T08:51:02 - [MESSAGE][PASSED] - Switched to window with title: 'View Scheduled Payments'

24-10-2024T08:51:02 - [TEST_STEP][PASSED] - Thread.sleep(5000): null

24-10-2024T08:51:07 - [TEST_STEP][PASSED] - if (verifyTextPresent("View Scheduled Payments", false)): null

24-10-2024T08:51:08 - [MESSAGE][PASSED] - Text 'View Scheduled Payments' is present on page 

24-10-2024T08:51:08 - [TEST_STEP][PASSED] - click(findTestObject("Object Repository/IWP30/Page_ScheduledPayments/edit_payment")): Object: 'Object Repository/IWP30/Page_ScheduledPayments/edit_payment' is clicked on

24-10-2024T08:51:11 - [MESSAGE][PASSED] - Object: 'Object Repository/IWP30/Page_ScheduledPayments/edit_payment' is clicked on

24-10-2024T08:51:11 - [TEST_STEP][PASSED] - iwpPages.editSchedulePayment.setDataSchedPayment(row, dataFile): iwpPages.editSchedulePayment.setDataSchedPayment is PASSED

24-10-2024T08:51:11 - [MESSAGE][PASSED] - Text 'Edit Payment Plan' is present on page 

24-10-2024T08:51:12 - [MESSAGE][PASSED] - All options with label 'Orange' are selected in object 'Object Repository/IWP30/Page_CCPaymentEntry/UserDefined7' 

24-10-2024T08:51:15 - [MESSAGE][PASSED] - All options with label 'Soccer' are selected in object 'Object Repository/IWP30/Page_CCPaymentEntry/UserDefined8' 

24-10-2024T08:51:15 - [MESSAGE][PASSED] - Execute JavaScript '
				   document.getElementById('processDate').value = '08/09/2045'
				  ' successfully

24-10-2024T08:51:15 - [MESSAGE][PASSED] - iwpPages.editSchedulePayment.setDataSchedPayment is PASSED

24-10-2024T08:51:15 - [TEST_STEP][PASSED] - click(findTestObject("Object Repository/Page_EditSchedPayment/chkbox_acceptterms")): Object: 'Object Repository/Page_EditSchedPayment/chkbox_acceptterms' is clicked on

24-10-2024T08:51:15 - [MESSAGE][PASSED] - Object: 'Object Repository/Page_EditSchedPayment/chkbox_acceptterms' is clicked on

24-10-2024T08:51:15 - [TEST_STEP][PASSED] - click(findTestObject("Object Repository/Page_EditSchedPayment/btn_update")): Object: 'Object Repository/Page_EditSchedPayment/btn_update' is clicked on

24-10-2024T08:51:18 - [MESSAGE][PASSED] - Object: 'Object Repository/Page_EditSchedPayment/btn_update' is clicked on

24-10-2024T08:51:18 - [TEST_STEP][PASSED] - if (verifyTextPresent("Successful Payment Plan Update", false)): null

24-10-2024T08:51:18 - [MESSAGE][PASSED] - Text 'Successful Payment Plan Update' is present on page 

24-10-2024T08:51:18 - [TEST_STEP][PASSED] - click(findTestObject("Object Repository/IWP30/Page_SuccesfulUpdate/btn_back")): Object: 'Object Repository/IWP30/Page_SuccesfulUpdate/btn_back' is clicked on

24-10-2024T08:51:19 - [MESSAGE][PASSED] - Object: 'Object Repository/IWP30/Page_SuccesfulUpdate/btn_back' is clicked on

24-10-2024T08:51:19 - [TEST_STEP][PASSED] - click(findTestObject("Object Repository/IWP30/Page_ScheduledPayments/cancel_payment")): Object: 'Object Repository/IWP30/Page_ScheduledPayments/cancel_payment' is clicked on

24-10-2024T08:51:20 - [MESSAGE][PASSED] - Object: 'Object Repository/IWP30/Page_ScheduledPayments/cancel_payment' is clicked on

24-10-2024T08:51:20 - [TEST_STEP][PASSED] - if (verifyTextPresent("Cancel Payment Plan", false)): null

24-10-2024T08:51:20 - [MESSAGE][PASSED] - Text 'Cancel Payment Plan' is present on page 

24-10-2024T08:51:20 - [TEST_STEP][PASSED] - click(findTestObject("Object Repository/IWP30/Page_PaymentPlan/btn_cancel")): Object: 'Object Repository/IWP30/Page_PaymentPlan/btn_cancel' is clicked on

24-10-2024T08:51:21 - [MESSAGE][PASSED] - Object: 'Object Repository/IWP30/Page_PaymentPlan/btn_cancel' is clicked on

24-10-2024T08:51:21 - [TEST_STEP][PASSED] - acceptAlert(): Alert accepted

24-10-2024T08:51:21 - [MESSAGE][PASSED] - Alert accepted

24-10-2024T08:51:21 - [TEST_STEP][PASSED] - if (verifyTextPresent("Your payment plan has been successfully canceled", false)): null

24-10-2024T08:51:22 - [MESSAGE][PASSED] - Text 'Your payment plan has been successfully canceled' is present on page 

24-10-2024T08:51:22 - [TEST_STEP][PASSED] - markPassed("Your payment plan has been successfully created, modified and canceled"): Your payment plan has been successfully created, modified and canceled

24-10-2024T08:51:22 - [MESSAGE][PASSED] - Your payment plan has been successfully created, modified and canceled

24-10-2024T08:51:22 - [TEST_STEP][PASSED] - resText = "Pass": null

24-10-2024T08:51:22 - [TEST_STEP][PASSED] - println(row): null

24-10-2024T08:51:22 - [TEST_STEP][PASSED] - pages.WriteExcel.demoKey(resText, datText, resColumn, datCloumn, fileLoc, nameSheet, row): pages.WriteExcel.demoKey is PASSED

24-10-2024T08:51:22 - [MESSAGE][PASSED] - pages.WriteExcel.demoKey is PASSED

24-10-2024T08:51:22 - [TEST_STEP][PASSED] - closeBrowser(): Browser is closed

24-10-2024T08:51:24 - [MESSAGE][PASSED] - Browser is closed

24-10-2024T08:51:24 - [TEST_STEP][PASSED] - ExecuteTC = findTestData(dataFile).getValue("Execute", row): null

24-10-2024T08:51:24 - [TEST_STEP][PASSED] - out.println("Value of Execute is : " + ExecuteTC): null

24-10-2024T08:51:24 - [TEST_STEP][PASSED] - if (ExecuteTC.equalsIgnoreCase("Y")): null

24-10-2024T08:51:24 - [TEST_STEP][PASSED] - out.println("Begin Record Number: " + row): null

24-10-2024T08:51:24 - [TEST_STEP][PASSED] - today = new java.util.Date(): null

24-10-2024T08:51:24 - [TEST_STEP][PASSED] - println(today): null

24-10-2024T08:51:24 - [TEST_STEP][PASSED] - datText = today: null

24-10-2024T08:51:24 - [TEST_STEP][PASSED] - EmulatorDataKey = findTestData(dataFile).getValue("EmulatorData", row): null

24-10-2024T08:51:24 - [TEST_STEP][PASSED] - out.println("Value of Emulator Key is : " + EmulatorDataKey): null

24-10-2024T08:51:24 - [TEST_STEP][PASSED] - iwpPages.emulatorIWP30.setDataEmulator_DD(EmulatorDataKey): iwpPages.emulatorIWP30.setDataEmulator_DD is PASSED

24-10-2024T08:51:24 - [MESSAGE][INFO] - Starting 'Edge Chromium' driver

24-10-2024T08:51:24 - [MESSAGE][INFO] - User set preference: ['acceptInsecureCerts', 'true']

24-10-2024T08:51:28 - [MESSAGE][INFO] - Action delay is set to 0 milliseconds

24-10-2024T08:51:32 - [MESSAGE][PASSED] - Browser is opened with url: 'https://qa2.velocitypayment.com/agencyx/config.action?action=editor&message_version=3_0'

24-10-2024T08:51:32 - [MESSAGE][PASSED] - Current window maximized

24-10-2024T08:52:03 - [MESSAGE][INFO] - Unable to find the element located by 'By.xpath: //select[@name='message_version']'. Please recheck the objects properties to make sure the desired element is located. 

24-10-2024T08:52:03 - [MESSAGE][WARNING] - [SELF-HEALING] Failed to find element with id 'Object Repository/IWP30/Page_VRelay30Emulator/MV'. Try using Self-healing.

24-10-2024T08:52:03 - [MESSAGE][WARNING] - [SELF-HEALING] The current locator of test object 'Object Repository/IWP30/Page_VRelay30Emulator/MV' was broken. Propose an alternative one: '(.//*[normalize-space(text()) and normalize-space(.)='Message Version'])[1]/following::select[1]'.

24-10-2024T08:52:04 - [MESSAGE][PASSED] - All options with value '3.0' are selected in object 'Object Repository/IWP30/Page_VRelay30Emulator/MV'  using regular expression

24-10-2024T08:52:04 - [MESSAGE][PASSED] - Text '10.50' is set on object 'Object Repository/IWP30/Page_EmulatorAgencyX/Amount'

24-10-2024T08:52:05 - [MESSAGE][PASSED] - Text 'Viryfj7vnC6W' is set on object 'Object Repository/IWP30/Page_EmulatorAgencyX/CAN'

24-10-2024T08:52:05 - [MESSAGE][PASSED] - Text 'PayNow' is set on object 'Object Repository/IWP30/Page_EmulatorAgencyX/Action'

24-10-2024T08:52:06 - [MESSAGE][PASSED] - Text 'en_US' is set on object 'Object Repository/IWP30/Page_EmulatorAgencyX/Lang'

24-10-2024T08:52:07 - [MESSAGE][PASSED] - Text '' is set on object 'Object Repository/IWP30/Page_EmulatorAgencyX/Fname'

24-10-2024T08:52:07 - [MESSAGE][PASSED] - Text '' is set on object 'Object Repository/IWP30/Page_EmulatorAgencyX/Lname'

24-10-2024T08:52:08 - [MESSAGE][PASSED] - Text '' is set on object 'Object Repository/IWP30/Page_EmulatorAgencyX/AL1'

24-10-2024T08:52:08 - [MESSAGE][PASSED] - Text '' is set on object 'Object Repository/IWP30/Page_EmulatorAgencyX/AL2'

24-10-2024T08:52:09 - [MESSAGE][PASSED] - Text '' is set on object 'Object Repository/IWP30/Page_EmulatorAgencyX/Country'

24-10-2024T08:52:09 - [MESSAGE][PASSED] - Text '' is set on object 'Object Repository/IWP30/Page_EmulatorAgencyX/City'

24-10-2024T08:52:10 - [MESSAGE][PASSED] - Text '' is set on object 'Object Repository/IWP30/Page_EmulatorAgencyX/State'

24-10-2024T08:52:11 - [MESSAGE][PASSED] - Text '' is set on object 'Object Repository/IWP30/Page_EmulatorAgencyX/ZIP'

24-10-2024T08:52:11 - [MESSAGE][PASSED] - Text '' is set on object 'Object Repository/IWP30/Page_EmulatorAgencyX/Order'

24-10-2024T08:52:16 - [MESSAGE][PASSED] - Text '' is set on object 'Object Repository/IWP30/Page_EmulatorAgencyX/Company'

24-10-2024T08:52:17 - [MESSAGE][PASSED] - Text '' is set on object 'Object Repository/IWP30/Page_EmulatorAgencyX/Email'

24-10-2024T08:52:17 - [MESSAGE][PASSED] - Text '' is set on object 'Object Repository/IWP30/Page_EmulatorAgencyX/UDF1'

24-10-2024T08:52:18 - [MESSAGE][PASSED] - Text '' is set on object 'Object Repository/IWP30/Page_EmulatorAgencyX/UDF2'

24-10-2024T08:52:19 - [MESSAGE][PASSED] - Text '' is set on object 'Object Repository/IWP30/Page_EmulatorAgencyX/UDF3'

24-10-2024T08:52:19 - [MESSAGE][PASSED] - Text 'udf data 4' is set on object 'Object Repository/IWP30/Page_EmulatorAgencyX/UDF4'

24-10-2024T08:52:20 - [MESSAGE][PASSED] - Text 'udf data 5' is set on object 'Object Repository/IWP30/Page_EmulatorAgencyX/UDF5'

24-10-2024T08:52:20 - [MESSAGE][PASSED] - Text '' is set on object 'Object Repository/IWP30/Page_EmulatorAgencyX/UDF6'

24-10-2024T08:52:21 - [MESSAGE][PASSED] - Text '' is set on object 'Object Repository/IWP30/Page_EmulatorAgencyX/UDF7'

24-10-2024T08:52:22 - [MESSAGE][PASSED] - Text '' is set on object 'Object Repository/IWP30/Page_EmulatorAgencyX/UDF8'

24-10-2024T08:52:22 - [MESSAGE][PASSED] - Text 'udf data 9' is set on object 'Object Repository/IWP30/Page_EmulatorAgencyX/UDF9'

24-10-2024T08:52:23 - [MESSAGE][PASSED] - Text 'udf data 10' is set on object 'Object Repository/IWP30/Page_EmulatorAgencyX/UDF10'

24-10-2024T08:52:24 - [MESSAGE][PASSED] - Object: 'Object Repository/IWP30/Page_EmulatorAgencyX/Submit' is clicked on

24-10-2024T08:52:32 - [MESSAGE][PASSED] - Browser is closed

24-10-2024T08:52:36 - [MESSAGE][PASSED] - iwpPages.emulatorIWP30.setDataEmulator_DD is PASSED

24-10-2024T08:52:36 - [TEST_STEP][PASSED] - testHarnessURL = urlTestHarness: null

24-10-2024T08:52:36 - [TEST_STEP][PASSED] - openBrowser(testHarnessURL): Browser is opened with url: 'https://dev-algorithm.govolution.com/vrelaytest/QA2/version_2_2/vrelaytest.html'

24-10-2024T08:52:36 - [MESSAGE][INFO] - Starting 'Edge Chromium' driver

24-10-2024T08:52:36 - [MESSAGE][INFO] - User set preference: ['acceptInsecureCerts', 'true']

24-10-2024T08:52:38 - [MESSAGE][INFO] - Action delay is set to 0 milliseconds

24-10-2024T08:52:42 - [MESSAGE][PASSED] - Browser is opened with url: 'https://dev-algorithm.govolution.com/vrelaytest/QA2/version_2_2/vrelaytest.html'

24-10-2024T08:52:42 - [TEST_STEP][PASSED] - maximizeWindow(): Current window maximized

24-10-2024T08:52:42 - [MESSAGE][PASSED] - Current window maximized

24-10-2024T08:52:42 - [TEST_STEP][PASSED] - iwpPages.TestHarnessPage.setDataMethod(row, dataFile): iwpPages.TestHarnessPage.setDataMethod is PASSED

24-10-2024T08:52:43 - [MESSAGE][PASSED] - Object 'Object Repository/IWP30/Page_QATestHarness/RemittanceID' is present

24-10-2024T08:52:43 - [MESSAGE][PASSED] - Text '649' is set on object 'Object Repository/IWP30/Page_QATestHarness/ApplicationID'

24-10-2024T08:52:44 - [MESSAGE][PASSED] - Text '3.0' is set on object 'Object Repository/IWP30/Page_QATestHarness/MessageVersion'

24-10-2024T08:52:45 - [MESSAGE][PASSED] - Text '4jydmcSBc7hL' is set on object 'Object Repository/IWP30/Page_QATestHarness/RemittanceID'

24-10-2024T08:52:48 - [MESSAGE][PASSED] - Object: 'Object Repository/IWP30/Page_QATestHarness/SubmitButton' is clicked on

24-10-2024T08:52:48 - [MESSAGE][PASSED] - iwpPages.TestHarnessPage.setDataMethod is PASSED

24-10-2024T08:52:48 - [TEST_STEP][PASSED] - click(findTestObject("Object Repository/IWP30/Page_SelectPaymentMethod/PayByCorporateCheck")): Object: 'Object Repository/IWP30/Page_SelectPaymentMethod/PayByCorporateCheck' is clicked on

24-10-2024T08:52:49 - [MESSAGE][PASSED] - Object: 'Object Repository/IWP30/Page_SelectPaymentMethod/PayByCorporateCheck' is clicked on

24-10-2024T08:52:49 - [TEST_STEP][PASSED] - click(findTestObject("Object Repository/IWP30/Page_SelectPaymentMethod/MakePaymentButton")): Object: 'Object Repository/IWP30/Page_SelectPaymentMethod/MakePaymentButton' is clicked on

24-10-2024T08:52:51 - [MESSAGE][PASSED] - Object: 'Object Repository/IWP30/Page_SelectPaymentMethod/MakePaymentButton' is clicked on

24-10-2024T08:52:51 - [TEST_STEP][PASSED] - iwpPages.achCorporatePaymentEntryPage.setDataCorporate(row, dataFile): iwpPages.achCorporatePaymentEntryPage.setDataCorporate is PASSED

24-10-2024T08:52:52 - [MESSAGE][PASSED] - Object 'Object Repository/IWP30/Page_ACHCorporatePaymentEntry/txt_accountNumber' is present

24-10-2024T08:52:52 - [MESSAGE][PASSED] - Object 'Object Repository/IWP30/Page_ACHCorporatePaymentEntry/input_CompanyName' is present

24-10-2024T08:52:53 - [MESSAGE][PASSED] - Text 'My Company' is set on object 'Object Repository/IWP30/Page_ACHCorporatePaymentEntry/input_CompanyName'

24-10-2024T08:52:53 - [MESSAGE][PASSED] - Object 'Object Repository/IWP30/Page_ACHCorporatePaymentEntry/input_EIN' is present

24-10-2024T08:52:54 - [MESSAGE][PASSED] - Text '123456789' is set on object 'Object Repository/IWP30/Page_ACHCorporatePaymentEntry/input_EIN'

24-10-2024T08:52:54 - [MESSAGE][PASSED] - Text '10.50' is set on object 'Object Repository/IWP30/Page_ACHCorporatePaymentEntry/txt_Amount'

24-10-2024T08:52:55 - [MESSAGE][PASSED] - Text 'udf data 2' is set on object 'Object Repository/IWP30/Page_ACHCorporatePaymentEntry/txt_UDF2'

24-10-2024T08:52:56 - [MESSAGE][PASSED] - Text 'udf data 3' is set on object 'Object Repository/IWP30/Page_ACHCorporatePaymentEntry/txt_UDF3'

24-10-2024T08:52:56 - [MESSAGE][PASSED] - All options with label 'Orange' are selected in object 'Object Repository/IWP30/Page_ACHCorporatePaymentEntry/dd_UDF7' 

24-10-2024T08:52:57 - [MESSAGE][PASSED] - All options with label 'Soccer' are selected in object 'Object Repository/IWP30/Page_ACHCorporatePaymentEntry/dd_UDF8' 

24-10-2024T08:52:57 - [MESSAGE][PASSED] - Object 'Object Repository/IWP30/Page_ACHCorporatePaymentEntry/txt_routingNumber' is present

24-10-2024T08:52:58 - [MESSAGE][PASSED] - Text '256072691' is set on object 'Object Repository/IWP30/Page_ACHCorporatePaymentEntry/txt_routingNumber'

24-10-2024T08:52:58 - [MESSAGE][PASSED] - Object 'Object Repository/IWP30/Page_ACHCorporatePaymentEntry/txt_accountNumber' is present

24-10-2024T08:52:59 - [MESSAGE][PASSED] - Text '12344444' is set on object 'Object Repository/IWP30/Page_ACHCorporatePaymentEntry/txt_accountNumber'

24-10-2024T08:52:59 - [MESSAGE][PASSED] - Object 'Object Repository/IWP30/Page_ACHCorporatePaymentEntry/txt_confirmAccountNumber' is present

24-10-2024T08:53:00 - [MESSAGE][PASSED] - Text '12344444' is set on object 'Object Repository/IWP30/Page_ACHCorporatePaymentEntry/txt_confirmAccountNumber'

24-10-2024T08:53:00 - [MESSAGE][PASSED] - Execute JavaScript '
				   document.getElementById('processDate').value = '08/09/2025'
				  ' successfully

24-10-2024T08:53:01 - [MESSAGE][PASSED] - Text '365 Main Avenue' is set on object 'Object Repository/IWP30/Page_ACHCorporatePaymentEntry/txt_AL1'

24-10-2024T08:53:01 - [MESSAGE][PASSED] - Text '22201' is set on object 'Object Repository/IWP30/Page_ACHCorporatePaymentEntry/txt_ZIP'

24-10-2024T08:53:01 - [MESSAGE][PASSED] - Object 'Object Repository/IWP30/Page_ACHCorporatePaymentEntry/txt_Email' is present

24-10-2024T08:53:03 - [MESSAGE][PASSED] - Text 'iahmed@govolution.com' is set on object 'Object Repository/IWP30/Page_ACHCorporatePaymentEntry/txt_Email'

24-10-2024T08:53:03 - [MESSAGE][PASSED] - Object 'Object Repository/IWP30/Page_ACHCorporatePaymentEntry/cb_TermsAndCond' is present

24-10-2024T08:53:03 - [MESSAGE][PASSED] - Object: 'Object Repository/IWP30/Page_ACHCorporatePaymentEntry/cb_TermsAndCond' is clicked on

24-10-2024T08:53:03 - [MESSAGE][PASSED] - Object 'Object Repository/IWP30/Page_ACHCorporatePaymentEntry/btn_Continue' is present

24-10-2024T08:53:05 - [MESSAGE][PASSED] - Object: 'Object Repository/IWP30/Page_ACHCorporatePaymentEntry/btn_Continue' is clicked on

24-10-2024T08:53:05 - [MESSAGE][PASSED] - iwpPages.achCorporatePaymentEntryPage.setDataCorporate is PASSED

24-10-2024T08:53:05 - [TEST_STEP][PASSED] - click(findTestObject("Object Repository/IWP30/Page_Confirmation/ConfirmButton")): Object: 'Object Repository/IWP30/Page_Confirmation/ConfirmButton' is clicked on

24-10-2024T08:53:36 - [MESSAGE][INFO] - Unable to find the element located by 'By.xpath: //*[@type = 'submit' and @name = 'confirmNotifyAction' and @id = 'submitYes' and @value = 'Confirm']'. Please recheck the objects properties to make sure the desired element is located. 

24-10-2024T08:53:36 - [MESSAGE][WARNING] - [SELF-HEALING] Failed to find element with id 'Object Repository/IWP30/Page_Confirmation/ConfirmButton'. Try using Self-healing.

24-10-2024T08:53:36 - [MESSAGE][WARNING] - [SELF-HEALING] The current locator of test object 'Object Repository/IWP30/Page_Confirmation/ConfirmButton' was broken. Propose an alternative one: '//div/input'.

24-10-2024T08:53:38 - [MESSAGE][PASSED] - Object: 'Object Repository/IWP30/Page_Confirmation/ConfirmButton' is clicked on

24-10-2024T08:53:38 - [TEST_STEP][PASSED] - Thread.sleep(2000): null

24-10-2024T08:53:40 - [TEST_STEP][PASSED] - if (verifyTextPresent("Deferred", false)): null

24-10-2024T08:53:40 - [MESSAGE][PASSED] - Text 'Deferred' is present on page 

24-10-2024T08:53:40 - [TEST_STEP][PASSED] - println("Deferred is present on page. Deferred Pay is created"): null

24-10-2024T08:53:40 - [TEST_STEP][PASSED] - click(findTestObject("Object Repository/IWP30/Page_Receipt/ViewScheduledPaymentsButton")): Object: 'Object Repository/IWP30/Page_Receipt/ViewScheduledPaymentsButton' is clicked on

24-10-2024T08:53:41 - [MESSAGE][PASSED] - Object: 'Object Repository/IWP30/Page_Receipt/ViewScheduledPaymentsButton' is clicked on

24-10-2024T08:53:41 - [TEST_STEP][PASSED] - switchToWindowTitle("View Scheduled Payments"): Switched to window with title: 'View Scheduled Payments'

24-10-2024T08:53:41 - [MESSAGE][PASSED] - Switched to window with title: 'View Scheduled Payments'

24-10-2024T08:53:41 - [TEST_STEP][PASSED] - Thread.sleep(5000): null

24-10-2024T08:53:46 - [TEST_STEP][PASSED] - if (verifyTextPresent("View Scheduled Payments", false)): null

24-10-2024T08:53:46 - [MESSAGE][PASSED] - Text 'View Scheduled Payments' is present on page 

24-10-2024T08:53:46 - [TEST_STEP][PASSED] - click(findTestObject("Object Repository/IWP30/Page_ScheduledPayments/edit_payment")): Object: 'Object Repository/IWP30/Page_ScheduledPayments/edit_payment' is clicked on

24-10-2024T08:53:49 - [MESSAGE][PASSED] - Object: 'Object Repository/IWP30/Page_ScheduledPayments/edit_payment' is clicked on

24-10-2024T08:53:49 - [TEST_STEP][PASSED] - iwpPages.editSchedulePayment.setDataSchedPayment(row, dataFile): iwpPages.editSchedulePayment.setDataSchedPayment is PASSED

24-10-2024T08:53:49 - [MESSAGE][PASSED] - Text 'Edit Payment Plan' is present on page 

24-10-2024T08:53:50 - [MESSAGE][PASSED] - All options with label 'Orange' are selected in object 'Object Repository/IWP30/Page_CCPaymentEntry/UserDefined7' 

24-10-2024T08:53:50 - [MESSAGE][PASSED] - All options with label 'Soccer' are selected in object 'Object Repository/IWP30/Page_CCPaymentEntry/UserDefined8' 

24-10-2024T08:53:50 - [MESSAGE][PASSED] - Execute JavaScript '
				   document.getElementById('processDate').value = '08/09/2045'
				  ' successfully

24-10-2024T08:53:50 - [MESSAGE][PASSED] - iwpPages.editSchedulePayment.setDataSchedPayment is PASSED

24-10-2024T08:53:50 - [TEST_STEP][PASSED] - click(findTestObject("Object Repository/Page_EditSchedPayment/chkbox_acceptterms")): Object: 'Object Repository/Page_EditSchedPayment/chkbox_acceptterms' is clicked on

24-10-2024T08:53:51 - [MESSAGE][PASSED] - Object: 'Object Repository/Page_EditSchedPayment/chkbox_acceptterms' is clicked on

24-10-2024T08:53:51 - [TEST_STEP][PASSED] - click(findTestObject("Object Repository/Page_EditSchedPayment/btn_update")): Object: 'Object Repository/Page_EditSchedPayment/btn_update' is clicked on

24-10-2024T08:53:52 - [MESSAGE][PASSED] - Object: 'Object Repository/Page_EditSchedPayment/btn_update' is clicked on

24-10-2024T08:53:52 - [TEST_STEP][PASSED] - if (verifyTextPresent("Successful Payment Plan Update", false)): null

24-10-2024T08:53:53 - [MESSAGE][PASSED] - Text 'Successful Payment Plan Update' is present on page 

24-10-2024T08:53:53 - [TEST_STEP][PASSED] - click(findTestObject("Object Repository/IWP30/Page_SuccesfulUpdate/btn_back")): Object: 'Object Repository/IWP30/Page_SuccesfulUpdate/btn_back' is clicked on

24-10-2024T08:53:54 - [MESSAGE][PASSED] - Object: 'Object Repository/IWP30/Page_SuccesfulUpdate/btn_back' is clicked on

24-10-2024T08:53:54 - [TEST_STEP][PASSED] - click(findTestObject("Object Repository/IWP30/Page_ScheduledPayments/cancel_payment")): Object: 'Object Repository/IWP30/Page_ScheduledPayments/cancel_payment' is clicked on

24-10-2024T08:53:54 - [MESSAGE][PASSED] - Object: 'Object Repository/IWP30/Page_ScheduledPayments/cancel_payment' is clicked on

24-10-2024T08:53:54 - [TEST_STEP][PASSED] - if (verifyTextPresent("Cancel Payment Plan", false)): null

24-10-2024T08:53:55 - [MESSAGE][PASSED] - Text 'Cancel Payment Plan' is present on page 

24-10-2024T08:53:55 - [TEST_STEP][PASSED] - click(findTestObject("Object Repository/IWP30/Page_PaymentPlan/btn_cancel")): Object: 'Object Repository/IWP30/Page_PaymentPlan/btn_cancel' is clicked on

24-10-2024T08:53:55 - [MESSAGE][PASSED] - Object: 'Object Repository/IWP30/Page_PaymentPlan/btn_cancel' is clicked on

24-10-2024T08:53:55 - [TEST_STEP][PASSED] - acceptAlert(): Alert accepted

24-10-2024T08:53:56 - [MESSAGE][PASSED] - Alert accepted

24-10-2024T08:53:56 - [TEST_STEP][PASSED] - if (verifyTextPresent("Your payment plan has been successfully canceled", false)): null

24-10-2024T08:53:57 - [MESSAGE][PASSED] - Text 'Your payment plan has been successfully canceled' is present on page 

24-10-2024T08:53:57 - [TEST_STEP][PASSED] - markPassed("Your payment plan has been successfully created, modified and canceled"): Your payment plan has been successfully created, modified and canceled

24-10-2024T08:53:57 - [MESSAGE][PASSED] - Your payment plan has been successfully created, modified and canceled

24-10-2024T08:53:57 - [TEST_STEP][PASSED] - resText = "Pass": null

24-10-2024T08:53:57 - [TEST_STEP][PASSED] - println(row): null

24-10-2024T08:53:57 - [TEST_STEP][PASSED] - pages.WriteExcel.demoKey(resText, datText, resColumn, datCloumn, fileLoc, nameSheet, row): pages.WriteExcel.demoKey is PASSED

24-10-2024T08:53:57 - [MESSAGE][PASSED] - pages.WriteExcel.demoKey is PASSED

24-10-2024T08:53:57 - [TEST_STEP][PASSED] - closeBrowser(): Browser is closed

24-10-2024T08:53:57 - [MESSAGE][PASSED] - Browser is closed]]></system-out>
         <system-err><![CDATA[]]></system-err>
      </testcase>
      <testcase name="Test Cases/IntegratedWeb/IWP25/Payments/CMCDeferredCredit" time="231.191" classname="Test Cases/IntegratedWeb/IWP25/Payments/CMCDeferredCredit" status="PASSED">
         <system-out><![CDATA[24-10-2024T08:53:57 - [TEST_CASE][PASSED] - Test Cases/IntegratedWeb/IWP25/Payments/CMCDeferredCredit: Test Cases/IntegratedWeb/IWP25/Payments/CMCDeferredCredit

24-10-2024T08:53:58 - [TEST_STEP][PASSED] - resText = "Fail": null

24-10-2024T08:53:58 - [TEST_STEP][PASSED] - resColumn = "Result": null

24-10-2024T08:53:58 - [TEST_STEP][PASSED] - datCloumn = "Date": null

24-10-2024T08:53:58 - [TEST_STEP][PASSED] - fileLoc = "KatalonData/IWPTestData/VRelay25PaymentsExtension.xlsx": null

24-10-2024T08:53:58 - [TEST_STEP][PASSED] - numOfRows = <not implemented yet for class: org.codehaus.groovy.ast.expr.EmptyExpression>: null

24-10-2024T08:53:58 - [TEST_STEP][PASSED] - dataFile = <not implemented yet for class: org.codehaus.groovy.ast.expr.EmptyExpression>: null

24-10-2024T08:53:58 - [TEST_STEP][PASSED] - nameSheet = <not implemented yet for class: org.codehaus.groovy.ast.expr.EmptyExpression>: null

24-10-2024T08:53:58 - [TEST_STEP][PASSED] - dataFileEmulator = <not implemented yet for class: org.codehaus.groovy.ast.expr.EmptyExpression>: null

24-10-2024T08:53:58 - [TEST_STEP][PASSED] - isRequiredTextPresent = false: null

24-10-2024T08:53:58 - [TEST_STEP][PASSED] - nameSheet = "CMCDeferredPlanCredit": null

24-10-2024T08:53:58 - [TEST_STEP][PASSED] - dataFile = "IWPTestData/IWP25CMCDeferredCredit": null

24-10-2024T08:53:58 - [TEST_STEP][PASSED] - dataFileEmulator = "IWPTestData/EmulatorData": null

24-10-2024T08:53:58 - [TEST_STEP][PASSED] - numOfRows = findTestData(dataFile).getRowNumbers(): null

24-10-2024T08:53:58 - [TEST_STEP][PASSED] - println("Number of Records: " + numOfRows): null

24-10-2024T08:53:58 - [TEST_STEP][PASSED] - for ([row = 1, row <= numOfRows, (row++)]): Browser is closed

24-10-2024T08:53:58 - [TEST_STEP][PASSED] - ExecuteTC = findTestData(dataFile).getValue("Execute", row): null

24-10-2024T08:53:58 - [TEST_STEP][PASSED] - out.println("Value of Execute is : " + ExecuteTC): null

24-10-2024T08:53:58 - [TEST_STEP][PASSED] - if (ExecuteTC.equalsIgnoreCase("Y")): null

24-10-2024T08:53:58 - [TEST_STEP][PASSED] - out.println("Begin Record Number: " + row): null

24-10-2024T08:53:58 - [TEST_STEP][PASSED] - today = new java.util.Date(): null

24-10-2024T08:53:58 - [TEST_STEP][PASSED] - println(today): null

24-10-2024T08:53:58 - [TEST_STEP][PASSED] - datText = today: null

24-10-2024T08:53:58 - [TEST_STEP][PASSED] - EmulatorDataKey = findTestData(dataFile).getValue("EmulatorData", row): null

24-10-2024T08:53:58 - [TEST_STEP][PASSED] - out.println("Value of Emulator Key is : " + EmulatorDataKey): null

24-10-2024T08:53:58 - [TEST_STEP][PASSED] - iwpPages.emulatorIWP30.setDataEmulator_DD(EmulatorDataKey): iwpPages.emulatorIWP30.setDataEmulator_DD is PASSED

24-10-2024T08:53:58 - [MESSAGE][INFO] - Starting 'Edge Chromium' driver

24-10-2024T08:53:58 - [MESSAGE][INFO] - User set preference: ['acceptInsecureCerts', 'true']

24-10-2024T08:54:00 - [MESSAGE][INFO] - Action delay is set to 0 milliseconds

24-10-2024T08:54:04 - [MESSAGE][PASSED] - Browser is opened with url: 'https://qa2.velocitypayment.com/agencyx/config.action?action=editor&message_version=2_5'

24-10-2024T08:54:04 - [MESSAGE][PASSED] - Current window maximized

24-10-2024T08:54:36 - [MESSAGE][INFO] - Unable to find the element located by 'By.xpath: //select[@name='message_version']'. Please recheck the objects properties to make sure the desired element is located. 

24-10-2024T08:54:36 - [MESSAGE][WARNING] - [SELF-HEALING] Failed to find element with id 'Object Repository/IWP30/Page_VRelay30Emulator/MV'. Try using Self-healing.

24-10-2024T08:54:36 - [MESSAGE][WARNING] - [SELF-HEALING] The current locator of test object 'Object Repository/IWP30/Page_VRelay30Emulator/MV' was broken. Propose an alternative one: '(.//*[normalize-space(text()) and normalize-space(.)='Message Version'])[1]/following::select[1]'.

24-10-2024T08:54:36 - [MESSAGE][PASSED] - All options with value '2.5' are selected in object 'Object Repository/IWP30/Page_VRelay30Emulator/MV'  using regular expression

24-10-2024T08:54:37 - [MESSAGE][PASSED] - Text '10.50' is set on object 'Object Repository/IWP30/Page_EmulatorAgencyX/Amount'

24-10-2024T08:54:38 - [MESSAGE][PASSED] - Text 'mbz3gFnBL7ql' is set on object 'Object Repository/IWP30/Page_EmulatorAgencyX/CAN'

24-10-2024T08:54:38 - [MESSAGE][PASSED] - Text 'PayNow' is set on object 'Object Repository/IWP30/Page_EmulatorAgencyX/Action'

24-10-2024T08:54:39 - [MESSAGE][PASSED] - Text 'en_US' is set on object 'Object Repository/IWP30/Page_EmulatorAgencyX/Lang'

24-10-2024T08:54:39 - [MESSAGE][PASSED] - Text '' is set on object 'Object Repository/IWP30/Page_EmulatorAgencyX/Fname'

24-10-2024T08:54:40 - [MESSAGE][PASSED] - Text '' is set on object 'Object Repository/IWP30/Page_EmulatorAgencyX/Lname'

24-10-2024T08:54:41 - [MESSAGE][PASSED] - Text '' is set on object 'Object Repository/IWP30/Page_EmulatorAgencyX/AL1'

24-10-2024T08:54:41 - [MESSAGE][PASSED] - Text '' is set on object 'Object Repository/IWP30/Page_EmulatorAgencyX/AL2'

24-10-2024T08:54:42 - [MESSAGE][PASSED] - Text '' is set on object 'Object Repository/IWP30/Page_EmulatorAgencyX/Country'

24-10-2024T08:54:42 - [MESSAGE][PASSED] - Text '' is set on object 'Object Repository/IWP30/Page_EmulatorAgencyX/City'

24-10-2024T08:54:43 - [MESSAGE][PASSED] - Text '' is set on object 'Object Repository/IWP30/Page_EmulatorAgencyX/State'

24-10-2024T08:54:43 - [MESSAGE][PASSED] - Text '' is set on object 'Object Repository/IWP30/Page_EmulatorAgencyX/ZIP'

24-10-2024T08:54:44 - [MESSAGE][PASSED] - Text '' is set on object 'Object Repository/IWP30/Page_EmulatorAgencyX/Order'

24-10-2024T08:54:45 - [MESSAGE][PASSED] - Text '' is set on object 'Object Repository/IWP30/Page_EmulatorAgencyX/Company'

24-10-2024T08:54:45 - [MESSAGE][PASSED] - Text '' is set on object 'Object Repository/IWP30/Page_EmulatorAgencyX/Email'

24-10-2024T08:54:46 - [MESSAGE][PASSED] - Text '' is set on object 'Object Repository/IWP30/Page_EmulatorAgencyX/UDF1'

24-10-2024T08:54:46 - [MESSAGE][PASSED] - Text '' is set on object 'Object Repository/IWP30/Page_EmulatorAgencyX/UDF2'

24-10-2024T08:54:47 - [MESSAGE][PASSED] - Text '' is set on object 'Object Repository/IWP30/Page_EmulatorAgencyX/UDF3'

24-10-2024T08:54:47 - [MESSAGE][PASSED] - Text 'udf data 4' is set on object 'Object Repository/IWP30/Page_EmulatorAgencyX/UDF4'

24-10-2024T08:54:48 - [MESSAGE][PASSED] - Text 'udf data 5' is set on object 'Object Repository/IWP30/Page_EmulatorAgencyX/UDF5'

24-10-2024T08:54:49 - [MESSAGE][PASSED] - Text '' is set on object 'Object Repository/IWP30/Page_EmulatorAgencyX/UDF6'

24-10-2024T08:54:49 - [MESSAGE][PASSED] - Text '' is set on object 'Object Repository/IWP30/Page_EmulatorAgencyX/UDF7'

24-10-2024T08:54:50 - [MESSAGE][PASSED] - Text '' is set on object 'Object Repository/IWP30/Page_EmulatorAgencyX/UDF8'

24-10-2024T08:54:50 - [MESSAGE][PASSED] - Text 'udf data 9' is set on object 'Object Repository/IWP30/Page_EmulatorAgencyX/UDF9'

24-10-2024T08:54:51 - [MESSAGE][PASSED] - Text 'udf data 10' is set on object 'Object Repository/IWP30/Page_EmulatorAgencyX/UDF10'

24-10-2024T08:54:52 - [MESSAGE][PASSED] - Object: 'Object Repository/IWP30/Page_EmulatorAgencyX/Submit' is clicked on

24-10-2024T08:54:57 - [MESSAGE][PASSED] - Browser is closed

24-10-2024T08:55:01 - [MESSAGE][PASSED] - iwpPages.emulatorIWP30.setDataEmulator_DD is PASSED

24-10-2024T08:55:01 - [TEST_STEP][PASSED] - testHarnessURL = urlTestHarness: null

24-10-2024T08:55:01 - [TEST_STEP][PASSED] - openBrowser(testHarnessURL): Browser is opened with url: 'https://dev-algorithm.govolution.com/vrelaytest/QA2/version_2_2/vrelaytest.html'

24-10-2024T08:55:01 - [MESSAGE][INFO] - Starting 'Edge Chromium' driver

24-10-2024T08:55:01 - [MESSAGE][INFO] - User set preference: ['acceptInsecureCerts', 'true']

24-10-2024T08:55:03 - [MESSAGE][INFO] - Action delay is set to 0 milliseconds

24-10-2024T08:55:07 - [MESSAGE][PASSED] - Browser is opened with url: 'https://dev-algorithm.govolution.com/vrelaytest/QA2/version_2_2/vrelaytest.html'

24-10-2024T08:55:07 - [TEST_STEP][PASSED] - maximizeWindow(): Current window maximized

24-10-2024T08:55:07 - [MESSAGE][PASSED] - Current window maximized

24-10-2024T08:55:07 - [TEST_STEP][PASSED] - iwpPages.TestHarnessPage.setDataMethod(row, dataFile): iwpPages.TestHarnessPage.setDataMethod is PASSED

24-10-2024T08:55:07 - [MESSAGE][PASSED] - Object 'Object Repository/IWP30/Page_QATestHarness/RemittanceID' is present

24-10-2024T08:55:08 - [MESSAGE][PASSED] - Text '638' is set on object 'Object Repository/IWP30/Page_QATestHarness/ApplicationID'

24-10-2024T08:55:08 - [MESSAGE][PASSED] - Text '2.5' is set on object 'Object Repository/IWP30/Page_QATestHarness/MessageVersion'

24-10-2024T08:55:09 - [MESSAGE][PASSED] - Text 'QAhhpdtKmF0n' is set on object 'Object Repository/IWP30/Page_QATestHarness/RemittanceID'

24-10-2024T08:55:14 - [MESSAGE][PASSED] - Object: 'Object Repository/IWP30/Page_QATestHarness/SubmitButton' is clicked on

24-10-2024T08:55:14 - [MESSAGE][PASSED] - iwpPages.TestHarnessPage.setDataMethod is PASSED

24-10-2024T08:55:14 - [TEST_STEP][PASSED] - click(findTestObject("Object Repository/IWP30/Page_SelectPaymentMethod/PayByCreditCard")): Object: 'Object Repository/IWP30/Page_SelectPaymentMethod/PayByCreditCard' is clicked on

24-10-2024T08:55:14 - [MESSAGE][PASSED] - Object: 'Object Repository/IWP30/Page_SelectPaymentMethod/PayByCreditCard' is clicked on

24-10-2024T08:55:14 - [TEST_STEP][PASSED] - click(findTestObject("Object Repository/IWP30/Page_SelectPaymentMethod/MakePaymentButton")): Object: 'Object Repository/IWP30/Page_SelectPaymentMethod/MakePaymentButton' is clicked on

24-10-2024T08:55:18 - [MESSAGE][PASSED] - Object: 'Object Repository/IWP30/Page_SelectPaymentMethod/MakePaymentButton' is clicked on

24-10-2024T08:55:18 - [TEST_STEP][PASSED] - iwpPages.ccPaymentEntryPage.setDataCCPM(row, dataFile): iwpPages.ccPaymentEntryPage.setDataCCPM is PASSED

24-10-2024T08:55:19 - [MESSAGE][PASSED] - Object 'Object Repository/IWP30/Page_CCPaymentEntry/Name' is present

24-10-2024T08:55:19 - [MESSAGE][PASSED] - Text '10.50' is set on object 'Object Repository/IWP30/Page_CCPaymentEntry/Amount'

24-10-2024T08:55:20 - [MESSAGE][PASSED] - Text 'udf data 2' is set on object 'Object Repository/IWP30/Page_CCPaymentEntry/UserDefined2'

24-10-2024T08:55:21 - [MESSAGE][PASSED] - Text 'udf data 3' is set on object 'Object Repository/IWP30/Page_CCPaymentEntry/UserDefined3'

24-10-2024T08:55:21 - [MESSAGE][PASSED] - All options with label 'Orange' are selected in object 'Object Repository/IWP30/Page_CCPaymentEntry/UserDefined7' 

24-10-2024T08:55:22 - [MESSAGE][PASSED] - All options with label 'Soccer' are selected in object 'Object Repository/IWP30/Page_CCPaymentEntry/UserDefined8' 

24-10-2024T08:55:22 - [MESSAGE][PASSED] - Object 'Object Repository/IWP30/Page_CCPaymentEntry/Name' is present

24-10-2024T08:55:23 - [MESSAGE][PASSED] - Text 'Kavita Ranawati' is set on object 'Object Repository/IWP30/Page_CCPaymentEntry/Name'

24-10-2024T08:55:23 - [MESSAGE][PASSED] - Object 'Object Repository/IWP30/Page_CCPaymentEntry/CardNumber' is present

24-10-2024T08:55:23 - [MESSAGE][PASSED] - Text '4111111111111111' is set on object 'Object Repository/IWP30/Page_CCPaymentEntry/CardNumber'

24-10-2024T08:55:24 - [MESSAGE][PASSED] - Text '123' is set on object 'Object Repository/IWP30/Page_CCPaymentEntry/SPC'

24-10-2024T08:55:25 - [MESSAGE][PASSED] - Object 'Object Repository/IWP30/Page_CCPaymentEntry/Month' is present

24-10-2024T08:55:25 - [MESSAGE][PASSED] - All options with label '01' are selected in object 'Object Repository/IWP30/Page_CCPaymentEntry/Month' 

24-10-2024T08:55:25 - [MESSAGE][PASSED] - Object 'Object Repository/IWP30/Page_CCPaymentEntry/Year' is present

24-10-2024T08:55:26 - [MESSAGE][PASSED] - All options with label '2028' are selected in object 'Object Repository/IWP30/Page_CCPaymentEntry/Year' 

24-10-2024T08:55:26 - [MESSAGE][PASSED] - Execute JavaScript '
				   document.getElementById('processDate').value = '08/09/2025'
				  ' successfully

24-10-2024T08:55:27 - [MESSAGE][PASSED] - Text '365 Main Avenue' is set on object 'Object Repository/IWP30/Page_CCPaymentEntry/AL1'

24-10-2024T08:55:27 - [MESSAGE][PASSED] - Text '22201' is set on object 'Object Repository/IWP30/Page_CCPaymentEntry/ZIP'

24-10-2024T08:55:28 - [MESSAGE][PASSED] - Object 'Object Repository/IWP30/Page_CCPaymentEntry/EmailAddress' is present

24-10-2024T08:55:29 - [MESSAGE][PASSED] - Text 'iahmed@govolution.com' is set on object 'Object Repository/IWP30/Page_CCPaymentEntry/EmailAddress'

24-10-2024T08:55:29 - [MESSAGE][PASSED] - Object 'Object Repository/IWP30/Page_CCPaymentEntry/TermCondCheckBox' is present

24-10-2024T08:55:30 - [MESSAGE][PASSED] - Object 'Object Repository/IWP30/Page_CCPaymentEntry/TermCondCheckBox' is checked

24-10-2024T08:55:30 - [MESSAGE][PASSED] - Object 'Object Repository/IWP30/Page_CCPaymentEntry/ContinueButton' is present

24-10-2024T08:55:31 - [MESSAGE][PASSED] - Object: 'Object Repository/IWP30/Page_CCPaymentEntry/ContinueButton' is clicked on

24-10-2024T08:55:31 - [MESSAGE][PASSED] - iwpPages.ccPaymentEntryPage.setDataCCPM is PASSED

24-10-2024T08:55:31 - [TEST_STEP][PASSED] - click(findTestObject("Object Repository/IWP30/Page_Confirmation/ConfirmButton")): Object: 'Object Repository/IWP30/Page_Confirmation/ConfirmButton' is clicked on

24-10-2024T08:55:34 - [MESSAGE][PASSED] - Object: 'Object Repository/IWP30/Page_Confirmation/ConfirmButton' is clicked on

24-10-2024T08:55:34 - [TEST_STEP][PASSED] - Thread.sleep(2000): null

24-10-2024T08:55:36 - [TEST_STEP][PASSED] - if (verifyTextPresent("Deferred", false)): null

24-10-2024T08:55:36 - [MESSAGE][PASSED] - Text 'Deferred' is present on page 

24-10-2024T08:55:36 - [TEST_STEP][PASSED] - println("Deferred is present on page. Deferred Pay is created"): null

24-10-2024T08:55:36 - [TEST_STEP][PASSED] - click(findTestObject("Object Repository/IWP30/Page_Receipt/ViewScheduledPaymentsButton")): Object: 'Object Repository/IWP30/Page_Receipt/ViewScheduledPaymentsButton' is clicked on

24-10-2024T08:55:37 - [MESSAGE][PASSED] - Object: 'Object Repository/IWP30/Page_Receipt/ViewScheduledPaymentsButton' is clicked on

24-10-2024T08:55:37 - [TEST_STEP][PASSED] - switchToWindowTitle("View Scheduled Payments"): Switched to window with title: 'View Scheduled Payments'

24-10-2024T08:55:37 - [MESSAGE][PASSED] - Switched to window with title: 'View Scheduled Payments'

24-10-2024T08:55:37 - [TEST_STEP][PASSED] - Thread.sleep(5000): null

24-10-2024T08:55:42 - [TEST_STEP][PASSED] - if (verifyTextPresent("View Scheduled Payments", false)): null

24-10-2024T08:55:42 - [MESSAGE][PASSED] - Text 'View Scheduled Payments' is present on page 

24-10-2024T08:55:42 - [TEST_STEP][PASSED] - click(findTestObject("Object Repository/IWP30/Page_ScheduledPayments/edit_payment")): Object: 'Object Repository/IWP30/Page_ScheduledPayments/edit_payment' is clicked on

24-10-2024T08:55:45 - [MESSAGE][PASSED] - Object: 'Object Repository/IWP30/Page_ScheduledPayments/edit_payment' is clicked on

24-10-2024T08:55:45 - [TEST_STEP][PASSED] - iwpPages.editSchedulePayment.setDataSchedPayment(row, dataFile): iwpPages.editSchedulePayment.setDataSchedPayment is PASSED

24-10-2024T08:55:46 - [MESSAGE][PASSED] - Text 'Edit Payment Plan' is present on page 

24-10-2024T08:55:47 - [MESSAGE][PASSED] - All options with label 'Orange' are selected in object 'Object Repository/IWP30/Page_CCPaymentEntry/UserDefined7' 

24-10-2024T08:55:47 - [MESSAGE][PASSED] - All options with label 'Soccer' are selected in object 'Object Repository/IWP30/Page_CCPaymentEntry/UserDefined8' 

24-10-2024T08:55:48 - [MESSAGE][PASSED] - Text '123' is set on object 'Object Repository/IWP30/Page_CCPaymentEntry/SPC'

24-10-2024T08:55:48 - [MESSAGE][PASSED] - Execute JavaScript '
				   document.getElementById('processDate').value = '08/09/2045'
				  ' successfully

24-10-2024T08:55:48 - [MESSAGE][PASSED] - iwpPages.editSchedulePayment.setDataSchedPayment is PASSED

24-10-2024T08:55:48 - [TEST_STEP][PASSED] - click(findTestObject("Object Repository/Page_EditSchedPayment/chkbox_acceptterms")): Object: 'Object Repository/Page_EditSchedPayment/chkbox_acceptterms' is clicked on

24-10-2024T08:55:48 - [MESSAGE][PASSED] - Object: 'Object Repository/Page_EditSchedPayment/chkbox_acceptterms' is clicked on

24-10-2024T08:55:48 - [TEST_STEP][PASSED] - click(findTestObject("Object Repository/Page_EditSchedPayment/btn_update")): Object: 'Object Repository/Page_EditSchedPayment/btn_update' is clicked on

24-10-2024T08:55:50 - [MESSAGE][PASSED] - Object: 'Object Repository/Page_EditSchedPayment/btn_update' is clicked on

24-10-2024T08:55:50 - [TEST_STEP][PASSED] - if (verifyTextPresent("Successful Payment Plan Update", false)): null

24-10-2024T08:55:51 - [MESSAGE][PASSED] - Text 'Successful Payment Plan Update' is present on page 

24-10-2024T08:55:51 - [TEST_STEP][PASSED] - click(findTestObject("Object Repository/IWP30/Page_SuccesfulUpdate/btn_back")): Object: 'Object Repository/IWP30/Page_SuccesfulUpdate/btn_back' is clicked on

24-10-2024T08:55:52 - [MESSAGE][PASSED] - Object: 'Object Repository/IWP30/Page_SuccesfulUpdate/btn_back' is clicked on

24-10-2024T08:55:52 - [TEST_STEP][PASSED] - click(findTestObject("Object Repository/IWP30/Page_ScheduledPayments/cancel_payment")): Object: 'Object Repository/IWP30/Page_ScheduledPayments/cancel_payment' is clicked on

24-10-2024T08:55:53 - [MESSAGE][PASSED] - Object: 'Object Repository/IWP30/Page_ScheduledPayments/cancel_payment' is clicked on

24-10-2024T08:55:53 - [TEST_STEP][PASSED] - if (verifyTextPresent("Cancel Payment Plan", false)): null

24-10-2024T08:55:53 - [MESSAGE][PASSED] - Text 'Cancel Payment Plan' is present on page 

24-10-2024T08:55:53 - [TEST_STEP][PASSED] - click(findTestObject("Object Repository/IWP30/Page_PaymentPlan/btn_cancel")): Object: 'Object Repository/IWP30/Page_PaymentPlan/btn_cancel' is clicked on

24-10-2024T08:55:54 - [MESSAGE][PASSED] - Object: 'Object Repository/IWP30/Page_PaymentPlan/btn_cancel' is clicked on

24-10-2024T08:55:54 - [TEST_STEP][PASSED] - acceptAlert(): Alert accepted

24-10-2024T08:55:54 - [MESSAGE][PASSED] - Alert accepted

24-10-2024T08:55:54 - [TEST_STEP][PASSED] - if (verifyTextPresent("Your payment plan has been successfully canceled", false)): null

24-10-2024T08:55:55 - [MESSAGE][PASSED] - Text 'Your payment plan has been successfully canceled' is present on page 

24-10-2024T08:55:55 - [TEST_STEP][PASSED] - markPassed("Your payment plan has been successfully created, modified and canceled"): Your payment plan has been successfully created, modified and canceled

24-10-2024T08:55:55 - [MESSAGE][PASSED] - Your payment plan has been successfully created, modified and canceled

24-10-2024T08:55:55 - [TEST_STEP][PASSED] - resText = "Pass": null

24-10-2024T08:55:55 - [TEST_STEP][PASSED] - println(row): null

24-10-2024T08:55:55 - [TEST_STEP][PASSED] - pages.WriteExcel.demoKey(resText, datText, resColumn, datCloumn, fileLoc, nameSheet, row): pages.WriteExcel.demoKey is PASSED

24-10-2024T08:55:55 - [MESSAGE][PASSED] - pages.WriteExcel.demoKey is PASSED

24-10-2024T08:55:55 - [TEST_STEP][PASSED] - closeBrowser(): Browser is closed

24-10-2024T08:55:56 - [MESSAGE][PASSED] - Browser is closed

24-10-2024T08:55:56 - [TEST_STEP][PASSED] - ExecuteTC = findTestData(dataFile).getValue("Execute", row): null

24-10-2024T08:55:56 - [TEST_STEP][PASSED] - out.println("Value of Execute is : " + ExecuteTC): null

24-10-2024T08:55:56 - [TEST_STEP][PASSED] - if (ExecuteTC.equalsIgnoreCase("Y")): null

24-10-2024T08:55:56 - [TEST_STEP][PASSED] - out.println("Begin Record Number: " + row): null

24-10-2024T08:55:56 - [TEST_STEP][PASSED] - today = new java.util.Date(): null

24-10-2024T08:55:56 - [TEST_STEP][PASSED] - println(today): null

24-10-2024T08:55:56 - [TEST_STEP][PASSED] - datText = today: null

24-10-2024T08:55:56 - [TEST_STEP][PASSED] - EmulatorDataKey = findTestData(dataFile).getValue("EmulatorData", row): null

24-10-2024T08:55:56 - [TEST_STEP][PASSED] - out.println("Value of Emulator Key is : " + EmulatorDataKey): null

24-10-2024T08:55:56 - [TEST_STEP][PASSED] - iwpPages.emulatorIWP30.setDataEmulator_DD(EmulatorDataKey): iwpPages.emulatorIWP30.setDataEmulator_DD is PASSED

24-10-2024T08:55:56 - [MESSAGE][INFO] - Starting 'Edge Chromium' driver

24-10-2024T08:55:56 - [MESSAGE][INFO] - User set preference: ['acceptInsecureCerts', 'true']

24-10-2024T08:55:58 - [MESSAGE][INFO] - Action delay is set to 0 milliseconds

24-10-2024T08:56:02 - [MESSAGE][PASSED] - Browser is opened with url: 'https://qa2.velocitypayment.com/agencyx/config.action?action=editor&message_version=3_0'

24-10-2024T08:56:02 - [MESSAGE][PASSED] - Current window maximized

24-10-2024T08:56:33 - [MESSAGE][INFO] - Unable to find the element located by 'By.xpath: //select[@name='message_version']'. Please recheck the objects properties to make sure the desired element is located. 

24-10-2024T08:56:33 - [MESSAGE][WARNING] - [SELF-HEALING] Failed to find element with id 'Object Repository/IWP30/Page_VRelay30Emulator/MV'. Try using Self-healing.

24-10-2024T08:56:34 - [MESSAGE][WARNING] - [SELF-HEALING] The current locator of test object 'Object Repository/IWP30/Page_VRelay30Emulator/MV' was broken. Propose an alternative one: '(.//*[normalize-space(text()) and normalize-space(.)='Message Version'])[1]/following::select[1]'.

24-10-2024T08:56:34 - [MESSAGE][PASSED] - All options with value '3.0' are selected in object 'Object Repository/IWP30/Page_VRelay30Emulator/MV'  using regular expression

24-10-2024T08:56:35 - [MESSAGE][PASSED] - Text '10.50' is set on object 'Object Repository/IWP30/Page_EmulatorAgencyX/Amount'

24-10-2024T08:56:35 - [MESSAGE][PASSED] - Text 'aqdKe1u9G2vZ' is set on object 'Object Repository/IWP30/Page_EmulatorAgencyX/CAN'

24-10-2024T08:56:36 - [MESSAGE][PASSED] - Text 'PayNow' is set on object 'Object Repository/IWP30/Page_EmulatorAgencyX/Action'

24-10-2024T08:56:37 - [MESSAGE][PASSED] - Text 'en_US' is set on object 'Object Repository/IWP30/Page_EmulatorAgencyX/Lang'

24-10-2024T08:56:37 - [MESSAGE][PASSED] - Text '' is set on object 'Object Repository/IWP30/Page_EmulatorAgencyX/Fname'

24-10-2024T08:56:38 - [MESSAGE][PASSED] - Text '' is set on object 'Object Repository/IWP30/Page_EmulatorAgencyX/Lname'

24-10-2024T08:56:38 - [MESSAGE][PASSED] - Text '' is set on object 'Object Repository/IWP30/Page_EmulatorAgencyX/AL1'

24-10-2024T08:56:39 - [MESSAGE][PASSED] - Text '' is set on object 'Object Repository/IWP30/Page_EmulatorAgencyX/AL2'

24-10-2024T08:56:39 - [MESSAGE][PASSED] - Text '' is set on object 'Object Repository/IWP30/Page_EmulatorAgencyX/Country'

24-10-2024T08:56:40 - [MESSAGE][PASSED] - Text '' is set on object 'Object Repository/IWP30/Page_EmulatorAgencyX/City'

24-10-2024T08:56:41 - [MESSAGE][PASSED] - Text '' is set on object 'Object Repository/IWP30/Page_EmulatorAgencyX/State'

24-10-2024T08:56:41 - [MESSAGE][PASSED] - Text '' is set on object 'Object Repository/IWP30/Page_EmulatorAgencyX/ZIP'

24-10-2024T08:56:42 - [MESSAGE][PASSED] - Text '' is set on object 'Object Repository/IWP30/Page_EmulatorAgencyX/Order'

24-10-2024T08:56:42 - [MESSAGE][PASSED] - Text '' is set on object 'Object Repository/IWP30/Page_EmulatorAgencyX/Company'

24-10-2024T08:56:43 - [MESSAGE][PASSED] - Text '' is set on object 'Object Repository/IWP30/Page_EmulatorAgencyX/Email'

24-10-2024T08:56:43 - [MESSAGE][PASSED] - Text '' is set on object 'Object Repository/IWP30/Page_EmulatorAgencyX/UDF1'

24-10-2024T08:56:44 - [MESSAGE][PASSED] - Text '' is set on object 'Object Repository/IWP30/Page_EmulatorAgencyX/UDF2'

24-10-2024T08:56:45 - [MESSAGE][PASSED] - Text '' is set on object 'Object Repository/IWP30/Page_EmulatorAgencyX/UDF3'

24-10-2024T08:56:45 - [MESSAGE][PASSED] - Text 'udf data 4' is set on object 'Object Repository/IWP30/Page_EmulatorAgencyX/UDF4'

24-10-2024T08:56:46 - [MESSAGE][PASSED] - Text 'udf data 5' is set on object 'Object Repository/IWP30/Page_EmulatorAgencyX/UDF5'

24-10-2024T08:56:46 - [MESSAGE][PASSED] - Text '' is set on object 'Object Repository/IWP30/Page_EmulatorAgencyX/UDF6'

24-10-2024T08:56:47 - [MESSAGE][PASSED] - Text '' is set on object 'Object Repository/IWP30/Page_EmulatorAgencyX/UDF7'

24-10-2024T08:56:48 - [MESSAGE][PASSED] - Text '' is set on object 'Object Repository/IWP30/Page_EmulatorAgencyX/UDF8'

24-10-2024T08:56:48 - [MESSAGE][PASSED] - Text 'udf data 9' is set on object 'Object Repository/IWP30/Page_EmulatorAgencyX/UDF9'

24-10-2024T08:56:49 - [MESSAGE][PASSED] - Text 'udf data 10' is set on object 'Object Repository/IWP30/Page_EmulatorAgencyX/UDF10'

24-10-2024T08:56:50 - [MESSAGE][PASSED] - Object: 'Object Repository/IWP30/Page_EmulatorAgencyX/Submit' is clicked on

24-10-2024T08:56:55 - [MESSAGE][PASSED] - Browser is closed

24-10-2024T08:56:59 - [MESSAGE][PASSED] - iwpPages.emulatorIWP30.setDataEmulator_DD is PASSED

24-10-2024T08:56:59 - [TEST_STEP][PASSED] - testHarnessURL = urlTestHarness: null

24-10-2024T08:56:59 - [TEST_STEP][PASSED] - openBrowser(testHarnessURL): Browser is opened with url: 'https://dev-algorithm.govolution.com/vrelaytest/QA2/version_2_2/vrelaytest.html'

24-10-2024T08:56:59 - [MESSAGE][INFO] - Starting 'Edge Chromium' driver

24-10-2024T08:56:59 - [MESSAGE][INFO] - User set preference: ['acceptInsecureCerts', 'true']

24-10-2024T08:57:01 - [MESSAGE][INFO] - Action delay is set to 0 milliseconds

24-10-2024T08:57:04 - [MESSAGE][PASSED] - Browser is opened with url: 'https://dev-algorithm.govolution.com/vrelaytest/QA2/version_2_2/vrelaytest.html'

24-10-2024T08:57:04 - [TEST_STEP][PASSED] - maximizeWindow(): Current window maximized

24-10-2024T08:57:04 - [MESSAGE][PASSED] - Current window maximized

24-10-2024T08:57:04 - [TEST_STEP][PASSED] - iwpPages.TestHarnessPage.setDataMethod(row, dataFile): iwpPages.TestHarnessPage.setDataMethod is PASSED

24-10-2024T08:57:05 - [MESSAGE][PASSED] - Object 'Object Repository/IWP30/Page_QATestHarness/RemittanceID' is present

24-10-2024T08:57:05 - [MESSAGE][PASSED] - Text '649' is set on object 'Object Repository/IWP30/Page_QATestHarness/ApplicationID'

24-10-2024T08:57:06 - [MESSAGE][PASSED] - Text '3.0' is set on object 'Object Repository/IWP30/Page_QATestHarness/MessageVersion'

24-10-2024T08:57:07 - [MESSAGE][PASSED] - Text 'pmWYYF5YMxgq' is set on object 'Object Repository/IWP30/Page_QATestHarness/RemittanceID'

24-10-2024T08:57:10 - [MESSAGE][PASSED] - Object: 'Object Repository/IWP30/Page_QATestHarness/SubmitButton' is clicked on

24-10-2024T08:57:10 - [MESSAGE][PASSED] - iwpPages.TestHarnessPage.setDataMethod is PASSED

24-10-2024T08:57:10 - [TEST_STEP][PASSED] - click(findTestObject("Object Repository/IWP30/Page_SelectPaymentMethod/PayByCreditCard")): Object: 'Object Repository/IWP30/Page_SelectPaymentMethod/PayByCreditCard' is clicked on

24-10-2024T08:57:11 - [MESSAGE][PASSED] - Object: 'Object Repository/IWP30/Page_SelectPaymentMethod/PayByCreditCard' is clicked on

24-10-2024T08:57:11 - [TEST_STEP][PASSED] - click(findTestObject("Object Repository/IWP30/Page_SelectPaymentMethod/MakePaymentButton")): Object: 'Object Repository/IWP30/Page_SelectPaymentMethod/MakePaymentButton' is clicked on

24-10-2024T08:57:13 - [MESSAGE][PASSED] - Object: 'Object Repository/IWP30/Page_SelectPaymentMethod/MakePaymentButton' is clicked on

24-10-2024T08:57:13 - [TEST_STEP][PASSED] - iwpPages.ccPaymentEntryPage.setDataCCPM(row, dataFile): iwpPages.ccPaymentEntryPage.setDataCCPM is PASSED

24-10-2024T08:57:14 - [MESSAGE][PASSED] - Object 'Object Repository/IWP30/Page_CCPaymentEntry/Name' is present

24-10-2024T08:57:15 - [MESSAGE][PASSED] - Text '10.50' is set on object 'Object Repository/IWP30/Page_CCPaymentEntry/Amount'

24-10-2024T08:57:15 - [MESSAGE][PASSED] - Text 'udf data 2' is set on object 'Object Repository/IWP30/Page_CCPaymentEntry/UserDefined2'

24-10-2024T08:57:16 - [MESSAGE][PASSED] - Text 'udf data 3' is set on object 'Object Repository/IWP30/Page_CCPaymentEntry/UserDefined3'

24-10-2024T08:57:17 - [MESSAGE][PASSED] - All options with label 'Orange' are selected in object 'Object Repository/IWP30/Page_CCPaymentEntry/UserDefined7' 

24-10-2024T08:57:17 - [MESSAGE][PASSED] - All options with label 'Soccer' are selected in object 'Object Repository/IWP30/Page_CCPaymentEntry/UserDefined8' 

24-10-2024T08:57:17 - [MESSAGE][PASSED] - Object 'Object Repository/IWP30/Page_CCPaymentEntry/Name' is present

24-10-2024T08:57:18 - [MESSAGE][PASSED] - Text 'Kavita Ranawati' is set on object 'Object Repository/IWP30/Page_CCPaymentEntry/Name'

24-10-2024T08:57:18 - [MESSAGE][PASSED] - Object 'Object Repository/IWP30/Page_CCPaymentEntry/CardNumber' is present

24-10-2024T08:57:19 - [MESSAGE][PASSED] - Text '4111111111111111' is set on object 'Object Repository/IWP30/Page_CCPaymentEntry/CardNumber'

24-10-2024T08:57:19 - [MESSAGE][PASSED] - Text '123' is set on object 'Object Repository/IWP30/Page_CCPaymentEntry/SPC'

24-10-2024T08:57:20 - [MESSAGE][PASSED] - Object 'Object Repository/IWP30/Page_CCPaymentEntry/Month' is present

24-10-2024T08:57:21 - [MESSAGE][PASSED] - All options with label '01' are selected in object 'Object Repository/IWP30/Page_CCPaymentEntry/Month' 

24-10-2024T08:57:21 - [MESSAGE][PASSED] - Object 'Object Repository/IWP30/Page_CCPaymentEntry/Year' is present

24-10-2024T08:57:22 - [MESSAGE][PASSED] - All options with label '2028' are selected in object 'Object Repository/IWP30/Page_CCPaymentEntry/Year' 

24-10-2024T08:57:22 - [MESSAGE][PASSED] - Execute JavaScript '
				   document.getElementById('processDate').value = '08/09/2025'
				  ' successfully

24-10-2024T08:57:22 - [MESSAGE][PASSED] - Text '365 Main Avenue' is set on object 'Object Repository/IWP30/Page_CCPaymentEntry/AL1'

24-10-2024T08:57:23 - [MESSAGE][PASSED] - Text '22201' is set on object 'Object Repository/IWP30/Page_CCPaymentEntry/ZIP'

24-10-2024T08:57:23 - [MESSAGE][PASSED] - Object 'Object Repository/IWP30/Page_CCPaymentEntry/EmailAddress' is present

24-10-2024T08:57:24 - [MESSAGE][PASSED] - Text 'iahmed@govolution.com' is set on object 'Object Repository/IWP30/Page_CCPaymentEntry/EmailAddress'

24-10-2024T08:57:25 - [MESSAGE][PASSED] - Object 'Object Repository/IWP30/Page_CCPaymentEntry/TermCondCheckBox' is present

24-10-2024T08:57:25 - [MESSAGE][PASSED] - Object 'Object Repository/IWP30/Page_CCPaymentEntry/TermCondCheckBox' is checked

24-10-2024T08:57:25 - [MESSAGE][PASSED] - Object 'Object Repository/IWP30/Page_CCPaymentEntry/ContinueButton' is present

24-10-2024T08:57:26 - [MESSAGE][PASSED] - Object: 'Object Repository/IWP30/Page_CCPaymentEntry/ContinueButton' is clicked on

24-10-2024T08:57:26 - [MESSAGE][PASSED] - iwpPages.ccPaymentEntryPage.setDataCCPM is PASSED

24-10-2024T08:57:26 - [TEST_STEP][PASSED] - click(findTestObject("Object Repository/IWP30/Page_Confirmation/ConfirmButton")): Object: 'Object Repository/IWP30/Page_Confirmation/ConfirmButton' is clicked on

24-10-2024T08:57:28 - [MESSAGE][PASSED] - Object: 'Object Repository/IWP30/Page_Confirmation/ConfirmButton' is clicked on

24-10-2024T08:57:28 - [TEST_STEP][PASSED] - Thread.sleep(2000): null

24-10-2024T08:57:30 - [TEST_STEP][PASSED] - if (verifyTextPresent("Deferred", false)): null

24-10-2024T08:57:31 - [MESSAGE][PASSED] - Text 'Deferred' is present on page 

24-10-2024T08:57:31 - [TEST_STEP][PASSED] - println("Deferred is present on page. Deferred Pay is created"): null

24-10-2024T08:57:31 - [TEST_STEP][PASSED] - click(findTestObject("Object Repository/IWP30/Page_Receipt/ViewScheduledPaymentsButton")): Object: 'Object Repository/IWP30/Page_Receipt/ViewScheduledPaymentsButton' is clicked on

24-10-2024T08:57:31 - [MESSAGE][PASSED] - Object: 'Object Repository/IWP30/Page_Receipt/ViewScheduledPaymentsButton' is clicked on

24-10-2024T08:57:31 - [TEST_STEP][PASSED] - switchToWindowTitle("View Scheduled Payments"): Switched to window with title: 'View Scheduled Payments'

24-10-2024T08:57:32 - [MESSAGE][PASSED] - Switched to window with title: 'View Scheduled Payments'

24-10-2024T08:57:32 - [TEST_STEP][PASSED] - Thread.sleep(5000): null

24-10-2024T08:57:37 - [TEST_STEP][PASSED] - if (verifyTextPresent("View Scheduled Payments", false)): null

24-10-2024T08:57:37 - [MESSAGE][PASSED] - Text 'View Scheduled Payments' is present on page 

24-10-2024T08:57:37 - [TEST_STEP][PASSED] - click(findTestObject("Object Repository/IWP30/Page_ScheduledPayments/edit_payment")): Object: 'Object Repository/IWP30/Page_ScheduledPayments/edit_payment' is clicked on

24-10-2024T08:57:39 - [MESSAGE][PASSED] - Object: 'Object Repository/IWP30/Page_ScheduledPayments/edit_payment' is clicked on

24-10-2024T08:57:39 - [TEST_STEP][PASSED] - iwpPages.editSchedulePayment.setDataSchedPayment(row, dataFile): iwpPages.editSchedulePayment.setDataSchedPayment is PASSED

24-10-2024T08:57:40 - [MESSAGE][PASSED] - Text 'Edit Payment Plan' is present on page 

24-10-2024T08:57:40 - [MESSAGE][PASSED] - All options with label 'Orange' are selected in object 'Object Repository/IWP30/Page_CCPaymentEntry/UserDefined7' 

24-10-2024T08:57:41 - [MESSAGE][PASSED] - All options with label 'Soccer' are selected in object 'Object Repository/IWP30/Page_CCPaymentEntry/UserDefined8' 

24-10-2024T08:57:42 - [MESSAGE][PASSED] - Text '123' is set on object 'Object Repository/IWP30/Page_CCPaymentEntry/SPC'

24-10-2024T08:57:42 - [MESSAGE][PASSED] - Execute JavaScript '
				   document.getElementById('processDate').value = '08/09/2045'
				  ' successfully

24-10-2024T08:57:42 - [MESSAGE][PASSED] - iwpPages.editSchedulePayment.setDataSchedPayment is PASSED

24-10-2024T08:57:42 - [TEST_STEP][PASSED] - click(findTestObject("Object Repository/Page_EditSchedPayment/chkbox_acceptterms")): Object: 'Object Repository/Page_EditSchedPayment/chkbox_acceptterms' is clicked on

24-10-2024T08:57:42 - [MESSAGE][PASSED] - Object: 'Object Repository/Page_EditSchedPayment/chkbox_acceptterms' is clicked on

24-10-2024T08:57:42 - [TEST_STEP][PASSED] - click(findTestObject("Object Repository/Page_EditSchedPayment/btn_update")): Object: 'Object Repository/Page_EditSchedPayment/btn_update' is clicked on

24-10-2024T08:57:44 - [MESSAGE][PASSED] - Object: 'Object Repository/Page_EditSchedPayment/btn_update' is clicked on

24-10-2024T08:57:44 - [TEST_STEP][PASSED] - if (verifyTextPresent("Successful Payment Plan Update", false)): null

24-10-2024T08:57:44 - [MESSAGE][PASSED] - Text 'Successful Payment Plan Update' is present on page 

24-10-2024T08:57:44 - [TEST_STEP][PASSED] - click(findTestObject("Object Repository/IWP30/Page_SuccesfulUpdate/btn_back")): Object: 'Object Repository/IWP30/Page_SuccesfulUpdate/btn_back' is clicked on

24-10-2024T08:57:45 - [MESSAGE][PASSED] - Object: 'Object Repository/IWP30/Page_SuccesfulUpdate/btn_back' is clicked on

24-10-2024T08:57:45 - [TEST_STEP][PASSED] - click(findTestObject("Object Repository/IWP30/Page_ScheduledPayments/cancel_payment")): Object: 'Object Repository/IWP30/Page_ScheduledPayments/cancel_payment' is clicked on

24-10-2024T08:57:46 - [MESSAGE][PASSED] - Object: 'Object Repository/IWP30/Page_ScheduledPayments/cancel_payment' is clicked on

24-10-2024T08:57:46 - [TEST_STEP][PASSED] - if (verifyTextPresent("Cancel Payment Plan", false)): null

24-10-2024T08:57:46 - [MESSAGE][PASSED] - Text 'Cancel Payment Plan' is present on page 

24-10-2024T08:57:46 - [TEST_STEP][PASSED] - click(findTestObject("Object Repository/IWP30/Page_PaymentPlan/btn_cancel")): Object: 'Object Repository/IWP30/Page_PaymentPlan/btn_cancel' is clicked on

24-10-2024T08:57:47 - [MESSAGE][PASSED] - Object: 'Object Repository/IWP30/Page_PaymentPlan/btn_cancel' is clicked on

24-10-2024T08:57:47 - [TEST_STEP][PASSED] - acceptAlert(): Alert accepted

24-10-2024T08:57:47 - [MESSAGE][PASSED] - Alert accepted

24-10-2024T08:57:47 - [TEST_STEP][PASSED] - if (verifyTextPresent("Your payment plan has been successfully canceled", false)): null

24-10-2024T08:57:48 - [MESSAGE][PASSED] - Text 'Your payment plan has been successfully canceled' is present on page 

24-10-2024T08:57:48 - [TEST_STEP][PASSED] - markPassed("Your payment plan has been successfully created, modified and canceled"): Your payment plan has been successfully created, modified and canceled

24-10-2024T08:57:48 - [MESSAGE][PASSED] - Your payment plan has been successfully created, modified and canceled

24-10-2024T08:57:48 - [TEST_STEP][PASSED] - resText = "Pass": null

24-10-2024T08:57:48 - [TEST_STEP][PASSED] - println(row): null

24-10-2024T08:57:48 - [TEST_STEP][PASSED] - pages.WriteExcel.demoKey(resText, datText, resColumn, datCloumn, fileLoc, nameSheet, row): pages.WriteExcel.demoKey is PASSED

24-10-2024T08:57:48 - [MESSAGE][PASSED] - pages.WriteExcel.demoKey is PASSED

24-10-2024T08:57:48 - [TEST_STEP][PASSED] - closeBrowser(): Browser is closed

24-10-2024T08:57:49 - [MESSAGE][PASSED] - Browser is closed]]></system-out>
         <system-err><![CDATA[]]></system-err>
      </testcase>
      <testcase name="Test Cases/IntegratedWeb/IWP25/Payments/CMCDeferredPC" time="145.014" classname="Test Cases/IntegratedWeb/IWP25/Payments/CMCDeferredPC" status="PASSED">
         <system-out><![CDATA[24-10-2024T08:57:49 - [TEST_CASE][PASSED] - Test Cases/IntegratedWeb/IWP25/Payments/CMCDeferredPC: Test Cases/IntegratedWeb/IWP25/Payments/CMCDeferredPC

24-10-2024T08:57:49 - [TEST_STEP][PASSED] - resText = "Fail": null

24-10-2024T08:57:49 - [TEST_STEP][PASSED] - resColumn = "Result": null

24-10-2024T08:57:49 - [TEST_STEP][PASSED] - datCloumn = "Date": null

24-10-2024T08:57:49 - [TEST_STEP][PASSED] - fileLoc = "KatalonData/IWPTestData/VRelay25PaymentsExtension.xlsx": null

24-10-2024T08:57:49 - [TEST_STEP][PASSED] - numOfRows = <not implemented yet for class: org.codehaus.groovy.ast.expr.EmptyExpression>: null

24-10-2024T08:57:49 - [TEST_STEP][PASSED] - dataFile = <not implemented yet for class: org.codehaus.groovy.ast.expr.EmptyExpression>: null

24-10-2024T08:57:49 - [TEST_STEP][PASSED] - nameSheet = <not implemented yet for class: org.codehaus.groovy.ast.expr.EmptyExpression>: null

24-10-2024T08:57:49 - [TEST_STEP][PASSED] - dataFileEmulator = <not implemented yet for class: org.codehaus.groovy.ast.expr.EmptyExpression>: null

24-10-2024T08:57:49 - [TEST_STEP][PASSED] - isRequiredTextPresent = false: null

24-10-2024T08:57:49 - [TEST_STEP][PASSED] - nameSheet = "CMCDeferredPlanPC": null

24-10-2024T08:57:49 - [TEST_STEP][PASSED] - dataFile = "IWPTestData/IWP25CMCDeferredPC": null

24-10-2024T08:57:49 - [TEST_STEP][PASSED] - dataFileEmulator = "IWPTestData/EmulatorData": null

24-10-2024T08:57:49 - [TEST_STEP][PASSED] - numOfRows = findTestData(dataFile).getRowNumbers(): null

24-10-2024T08:57:49 - [TEST_STEP][PASSED] - println("Number of Records: " + numOfRows): null

24-10-2024T08:57:49 - [TEST_STEP][PASSED] - for ([row = 2, row <= numOfRows, (row++)]): Browser is closed

24-10-2024T08:57:49 - [TEST_STEP][PASSED] - ExecuteTC = findTestData(dataFile).getValue("Execute", row): null

24-10-2024T08:57:49 - [TEST_STEP][PASSED] - out.println("Value of Execute is : " + ExecuteTC): null

24-10-2024T08:57:49 - [TEST_STEP][PASSED] - if (ExecuteTC.equalsIgnoreCase("Y")): null

24-10-2024T08:57:49 - [TEST_STEP][PASSED] - out.println("Begin Record Number: " + row): null

24-10-2024T08:57:49 - [TEST_STEP][PASSED] - today = new java.util.Date(): null

24-10-2024T08:57:49 - [TEST_STEP][PASSED] - println(today): null

24-10-2024T08:57:49 - [TEST_STEP][PASSED] - datText = today: null

24-10-2024T08:57:49 - [TEST_STEP][PASSED] - EmulatorDataKey = findTestData(dataFile).getValue("EmulatorData", row): null

24-10-2024T08:57:49 - [TEST_STEP][PASSED] - out.println("Value of Emulator Key is : " + EmulatorDataKey): null

24-10-2024T08:57:49 - [TEST_STEP][PASSED] - iwpPages.emulatorIWP30.setDataEmulator_DD(EmulatorDataKey): iwpPages.emulatorIWP30.setDataEmulator_DD is PASSED

24-10-2024T08:57:49 - [MESSAGE][INFO] - Starting 'Edge Chromium' driver

24-10-2024T08:57:49 - [MESSAGE][INFO] - User set preference: ['acceptInsecureCerts', 'true']

24-10-2024T08:57:51 - [MESSAGE][INFO] - Action delay is set to 0 milliseconds

24-10-2024T08:57:56 - [MESSAGE][PASSED] - Browser is opened with url: 'https://qa2.velocitypayment.com/agencyx/config.action?action=editor&message_version=3_0'

24-10-2024T08:57:56 - [MESSAGE][PASSED] - Current window maximized

24-10-2024T08:58:27 - [MESSAGE][INFO] - Unable to find the element located by 'By.xpath: //select[@name='message_version']'. Please recheck the objects properties to make sure the desired element is located. 

24-10-2024T08:58:27 - [MESSAGE][WARNING] - [SELF-HEALING] Failed to find element with id 'Object Repository/IWP30/Page_VRelay30Emulator/MV'. Try using Self-healing.

24-10-2024T08:58:27 - [MESSAGE][WARNING] - [SELF-HEALING] The current locator of test object 'Object Repository/IWP30/Page_VRelay30Emulator/MV' was broken. Propose an alternative one: '(.//*[normalize-space(text()) and normalize-space(.)='Message Version'])[1]/following::select[1]'.

24-10-2024T08:58:28 - [MESSAGE][PASSED] - All options with value '3.0' are selected in object 'Object Repository/IWP30/Page_VRelay30Emulator/MV'  using regular expression

24-10-2024T08:58:28 - [MESSAGE][PASSED] - Text '10.50' is set on object 'Object Repository/IWP30/Page_EmulatorAgencyX/Amount'

24-10-2024T08:58:29 - [MESSAGE][PASSED] - Text '17d2mrYilfrf' is set on object 'Object Repository/IWP30/Page_EmulatorAgencyX/CAN'

24-10-2024T08:58:29 - [MESSAGE][PASSED] - Text 'PayNow' is set on object 'Object Repository/IWP30/Page_EmulatorAgencyX/Action'

24-10-2024T08:58:30 - [MESSAGE][PASSED] - Text 'en_US' is set on object 'Object Repository/IWP30/Page_EmulatorAgencyX/Lang'

24-10-2024T08:58:31 - [MESSAGE][PASSED] - Text '' is set on object 'Object Repository/IWP30/Page_EmulatorAgencyX/Fname'

24-10-2024T08:58:31 - [MESSAGE][PASSED] - Text '' is set on object 'Object Repository/IWP30/Page_EmulatorAgencyX/Lname'

24-10-2024T08:58:32 - [MESSAGE][PASSED] - Text '' is set on object 'Object Repository/IWP30/Page_EmulatorAgencyX/AL1'

24-10-2024T08:58:32 - [MESSAGE][PASSED] - Text '' is set on object 'Object Repository/IWP30/Page_EmulatorAgencyX/AL2'

24-10-2024T08:58:33 - [MESSAGE][PASSED] - Text '' is set on object 'Object Repository/IWP30/Page_EmulatorAgencyX/Country'

24-10-2024T08:58:33 - [MESSAGE][PASSED] - Text '' is set on object 'Object Repository/IWP30/Page_EmulatorAgencyX/City'

24-10-2024T08:58:34 - [MESSAGE][PASSED] - Text '' is set on object 'Object Repository/IWP30/Page_EmulatorAgencyX/State'

24-10-2024T08:58:35 - [MESSAGE][PASSED] - Text '' is set on object 'Object Repository/IWP30/Page_EmulatorAgencyX/ZIP'

24-10-2024T08:58:35 - [MESSAGE][PASSED] - Text '' is set on object 'Object Repository/IWP30/Page_EmulatorAgencyX/Order'

24-10-2024T08:58:36 - [MESSAGE][PASSED] - Text '' is set on object 'Object Repository/IWP30/Page_EmulatorAgencyX/Company'

24-10-2024T08:58:36 - [MESSAGE][PASSED] - Text '' is set on object 'Object Repository/IWP30/Page_EmulatorAgencyX/Email'

24-10-2024T08:58:37 - [MESSAGE][PASSED] - Text '' is set on object 'Object Repository/IWP30/Page_EmulatorAgencyX/UDF1'

24-10-2024T08:58:38 - [MESSAGE][PASSED] - Text '' is set on object 'Object Repository/IWP30/Page_EmulatorAgencyX/UDF2'

24-10-2024T08:58:38 - [MESSAGE][PASSED] - Text '' is set on object 'Object Repository/IWP30/Page_EmulatorAgencyX/UDF3'

24-10-2024T08:58:39 - [MESSAGE][PASSED] - Text 'udf data 4' is set on object 'Object Repository/IWP30/Page_EmulatorAgencyX/UDF4'

24-10-2024T08:58:39 - [MESSAGE][PASSED] - Text 'udf data 5' is set on object 'Object Repository/IWP30/Page_EmulatorAgencyX/UDF5'

24-10-2024T08:58:40 - [MESSAGE][PASSED] - Text '' is set on object 'Object Repository/IWP30/Page_EmulatorAgencyX/UDF6'

24-10-2024T08:58:40 - [MESSAGE][PASSED] - Text '' is set on object 'Object Repository/IWP30/Page_EmulatorAgencyX/UDF7'

24-10-2024T08:58:41 - [MESSAGE][PASSED] - Text '' is set on object 'Object Repository/IWP30/Page_EmulatorAgencyX/UDF8'

24-10-2024T08:58:42 - [MESSAGE][PASSED] - Text 'udf data 9' is set on object 'Object Repository/IWP30/Page_EmulatorAgencyX/UDF9'

24-10-2024T08:58:42 - [MESSAGE][PASSED] - Text 'udf data 10' is set on object 'Object Repository/IWP30/Page_EmulatorAgencyX/UDF10'

24-10-2024T08:58:44 - [MESSAGE][PASSED] - Object: 'Object Repository/IWP30/Page_EmulatorAgencyX/Submit' is clicked on

24-10-2024T08:58:48 - [MESSAGE][PASSED] - Browser is closed

24-10-2024T08:58:52 - [MESSAGE][PASSED] - iwpPages.emulatorIWP30.setDataEmulator_DD is PASSED

24-10-2024T08:58:52 - [TEST_STEP][PASSED] - testHarnessURL = urlTestHarness: null

24-10-2024T08:58:52 - [TEST_STEP][PASSED] - openBrowser(testHarnessURL): Browser is opened with url: 'https://dev-algorithm.govolution.com/vrelaytest/QA2/version_2_2/vrelaytest.html'

24-10-2024T08:58:52 - [MESSAGE][INFO] - Starting 'Edge Chromium' driver

24-10-2024T08:58:52 - [MESSAGE][INFO] - User set preference: ['acceptInsecureCerts', 'true']

24-10-2024T08:58:54 - [MESSAGE][INFO] - Action delay is set to 0 milliseconds

24-10-2024T08:58:58 - [MESSAGE][PASSED] - Browser is opened with url: 'https://dev-algorithm.govolution.com/vrelaytest/QA2/version_2_2/vrelaytest.html'

24-10-2024T08:58:58 - [TEST_STEP][PASSED] - maximizeWindow(): Current window maximized

24-10-2024T08:58:58 - [MESSAGE][PASSED] - Current window maximized

24-10-2024T08:58:58 - [TEST_STEP][PASSED] - iwpPages.TestHarnessPage.setDataMethod(row, dataFile): iwpPages.TestHarnessPage.setDataMethod is PASSED

24-10-2024T08:58:58 - [MESSAGE][PASSED] - Object 'Object Repository/IWP30/Page_QATestHarness/RemittanceID' is present

24-10-2024T08:58:59 - [MESSAGE][PASSED] - Text '649' is set on object 'Object Repository/IWP30/Page_QATestHarness/ApplicationID'

24-10-2024T08:58:59 - [MESSAGE][PASSED] - Text '3.0' is set on object 'Object Repository/IWP30/Page_QATestHarness/MessageVersion'

24-10-2024T08:59:00 - [MESSAGE][PASSED] - Text 'VgbtMaHqPGtA' is set on object 'Object Repository/IWP30/Page_QATestHarness/RemittanceID'

24-10-2024T08:59:04 - [MESSAGE][PASSED] - Object: 'Object Repository/IWP30/Page_QATestHarness/SubmitButton' is clicked on

24-10-2024T08:59:04 - [MESSAGE][PASSED] - iwpPages.TestHarnessPage.setDataMethod is PASSED

24-10-2024T08:59:04 - [TEST_STEP][PASSED] - click(findTestObject("Object Repository/IWP30/Page_SelectPaymentMethod/PayByPersonalCheck")): Object: 'Object Repository/IWP30/Page_SelectPaymentMethod/PayByPersonalCheck' is clicked on

24-10-2024T08:59:04 - [MESSAGE][PASSED] - Object: 'Object Repository/IWP30/Page_SelectPaymentMethod/PayByPersonalCheck' is clicked on

24-10-2024T08:59:04 - [TEST_STEP][PASSED] - click(findTestObject("Object Repository/IWP30/Page_SelectPaymentMethod/MakePaymentButton")): Object: 'Object Repository/IWP30/Page_SelectPaymentMethod/MakePaymentButton' is clicked on

24-10-2024T08:59:07 - [MESSAGE][PASSED] - Object: 'Object Repository/IWP30/Page_SelectPaymentMethod/MakePaymentButton' is clicked on

24-10-2024T08:59:07 - [TEST_STEP][PASSED] - iwpPages.achPersonalPaymentEntryPage.setDataACHPPM(row, dataFile): iwpPages.achPersonalPaymentEntryPage.setDataACHPPM is PASSED

24-10-2024T08:59:08 - [MESSAGE][PASSED] - Object 'Object Repository/IWP30/Page_ACHPersonalPaymentEntry/txt_accountNumber' is present

24-10-2024T08:59:08 - [MESSAGE][PASSED] - Text '10.50' is set on object 'Object Repository/IWP30/Page_ACHPersonalPaymentEntry/txt_Amount'

24-10-2024T08:59:09 - [MESSAGE][PASSED] - Object 'Object Repository/IWP30/Page_ACHPersonalPaymentEntry/txt_UDF2' is present

24-10-2024T08:59:09 - [MESSAGE][PASSED] - Text 'udf data 2' is set on object 'Object Repository/IWP30/Page_ACHPersonalPaymentEntry/txt_UDF2'

24-10-2024T08:59:10 - [MESSAGE][PASSED] - Text 'udf data 3' is set on object 'Object Repository/IWP30/Page_ACHPersonalPaymentEntry/txt_UDF3'

24-10-2024T08:59:11 - [MESSAGE][PASSED] - All options with label 'Orange' are selected in object 'Object Repository/IWP30/Page_ACHPersonalPaymentEntry/dd_UDF7' 

24-10-2024T08:59:11 - [MESSAGE][PASSED] - All options with label 'Soccer' are selected in object 'Object Repository/IWP30/Page_ACHPersonalPaymentEntry/dd_UDF8' 

24-10-2024T08:59:11 - [MESSAGE][PASSED] - Object 'Object Repository/IWP30/Page_ACHPersonalPaymentEntry/txt_Firstname' is present

24-10-2024T08:59:12 - [MESSAGE][PASSED] - Text 'Elizath' is set on object 'Object Repository/IWP30/Page_ACHPersonalPaymentEntry/txt_Firstname'

24-10-2024T08:59:12 - [MESSAGE][PASSED] - Object 'Object Repository/IWP30/Page_ACHPersonalPaymentEntry/txt_Lastname' is present

24-10-2024T08:59:13 - [MESSAGE][PASSED] - Text 'Christine' is set on object 'Object Repository/IWP30/Page_ACHPersonalPaymentEntry/txt_Lastname'

24-10-2024T08:59:13 - [MESSAGE][PASSED] - Object 'Object Repository/IWP30/Page_ACHPersonalPaymentEntry/txt_routingNumber' is present

24-10-2024T08:59:14 - [MESSAGE][PASSED] - Text '256072691' is set on object 'Object Repository/IWP30/Page_ACHPersonalPaymentEntry/txt_routingNumber'

24-10-2024T08:59:14 - [MESSAGE][PASSED] - Object 'Object Repository/IWP30/Page_ACHPersonalPaymentEntry/txt_accountNumber' is present

24-10-2024T08:59:15 - [MESSAGE][PASSED] - Text '12344444' is set on object 'Object Repository/IWP30/Page_ACHPersonalPaymentEntry/txt_accountNumber'

24-10-2024T08:59:15 - [MESSAGE][PASSED] - Object 'Object Repository/IWP30/Page_ACHPersonalPaymentEntry/txt_confirmAccountNumber' is present

24-10-2024T08:59:16 - [MESSAGE][PASSED] - Text '12344444' is set on object 'Object Repository/IWP30/Page_ACHPersonalPaymentEntry/txt_confirmAccountNumber'

24-10-2024T08:59:16 - [MESSAGE][PASSED] - Object 'Object Repository/IWP30/Page_ACHPersonalPaymentEntry/rd_accountType' is present

24-10-2024T08:59:16 - [MESSAGE][PASSED] - Modify property of object successfully

24-10-2024T08:59:16 - [MESSAGE][PASSED] - Object: 'Object Repository/IWP30/Page_ACHPersonalPaymentEntry/rd_accountType' is clicked on

24-10-2024T08:59:16 - [MESSAGE][PASSED] - Execute JavaScript '
				   document.getElementById('processDate').value = '08/09/2025'
				  ' successfully

24-10-2024T08:59:17 - [MESSAGE][PASSED] - Text '365 Main Avenue' is set on object 'Object Repository/IWP30/Page_ACHPersonalPaymentEntry/txt_AL1'

24-10-2024T08:59:18 - [MESSAGE][PASSED] - Text '22201' is set on object 'Object Repository/IWP30/Page_ACHPersonalPaymentEntry/txt_ZIP'

24-10-2024T08:59:18 - [MESSAGE][PASSED] - Object 'Object Repository/IWP30/Page_ACHPersonalPaymentEntry/txt_Email' is present

24-10-2024T08:59:19 - [MESSAGE][PASSED] - Text 'iahmed@govolution.com' is set on object 'Object Repository/IWP30/Page_ACHPersonalPaymentEntry/txt_Email'

24-10-2024T08:59:19 - [MESSAGE][PASSED] - Object 'Object Repository/IWP30/Page_ACHPersonalPaymentEntry/cb_TermsAndCond' is present

24-10-2024T08:59:19 - [MESSAGE][PASSED] - Object: 'Object Repository/IWP30/Page_ACHPersonalPaymentEntry/cb_TermsAndCond' is clicked on

24-10-2024T08:59:20 - [MESSAGE][PASSED] - Object 'Object Repository/IWP30/Page_ACHPersonalPaymentEntry/btn_Continue' is present

24-10-2024T08:59:21 - [MESSAGE][PASSED] - Object: 'Object Repository/IWP30/Page_ACHPersonalPaymentEntry/btn_Continue' is clicked on

24-10-2024T08:59:21 - [MESSAGE][PASSED] - iwpPages.achPersonalPaymentEntryPage.setDataACHPPM is PASSED

24-10-2024T08:59:21 - [TEST_STEP][PASSED] - click(findTestObject("Object Repository/IWP30/Page_Confirmation/ConfirmButton")): Object: 'Object Repository/IWP30/Page_Confirmation/ConfirmButton' is clicked on

24-10-2024T08:59:52 - [MESSAGE][INFO] - Unable to find the element located by 'By.xpath: //*[@type = 'submit' and @name = 'confirmNotifyAction' and @id = 'submitYes' and @value = 'Confirm']'. Please recheck the objects properties to make sure the desired element is located. 

24-10-2024T08:59:52 - [MESSAGE][WARNING] - [SELF-HEALING] Failed to find element with id 'Object Repository/IWP30/Page_Confirmation/ConfirmButton'. Try using Self-healing.

24-10-2024T08:59:52 - [MESSAGE][WARNING] - [SELF-HEALING] The current locator of test object 'Object Repository/IWP30/Page_Confirmation/ConfirmButton' was broken. Propose an alternative one: '//div/input'.

24-10-2024T08:59:54 - [MESSAGE][PASSED] - Object: 'Object Repository/IWP30/Page_Confirmation/ConfirmButton' is clicked on

24-10-2024T08:59:54 - [TEST_STEP][PASSED] - Thread.sleep(2000): null

24-10-2024T08:59:56 - [TEST_STEP][PASSED] - if (verifyTextPresent("Deferred", false)): null

24-10-2024T08:59:56 - [MESSAGE][PASSED] - Text 'Deferred' is present on page 

24-10-2024T08:59:56 - [TEST_STEP][PASSED] - println("Deferred is present on page. Deferred Pay is created"): null

24-10-2024T08:59:56 - [TEST_STEP][PASSED] - click(findTestObject("Object Repository/IWP30/Page_Receipt/ViewScheduledPaymentsButton")): Object: 'Object Repository/IWP30/Page_Receipt/ViewScheduledPaymentsButton' is clicked on

24-10-2024T08:59:57 - [MESSAGE][PASSED] - Object: 'Object Repository/IWP30/Page_Receipt/ViewScheduledPaymentsButton' is clicked on

24-10-2024T08:59:57 - [TEST_STEP][PASSED] - switchToWindowTitle("View Scheduled Payments"): Switched to window with title: 'View Scheduled Payments'

24-10-2024T08:59:57 - [MESSAGE][PASSED] - Switched to window with title: 'View Scheduled Payments'

24-10-2024T08:59:57 - [TEST_STEP][PASSED] - Thread.sleep(5000): null

24-10-2024T09:00:02 - [TEST_STEP][PASSED] - if (verifyTextPresent("View Scheduled Payments", false)): null

24-10-2024T09:00:02 - [MESSAGE][PASSED] - Text 'View Scheduled Payments' is present on page 

24-10-2024T09:00:02 - [TEST_STEP][PASSED] - click(findTestObject("Object Repository/IWP30/Page_ScheduledPayments/edit_payment")): Object: 'Object Repository/IWP30/Page_ScheduledPayments/edit_payment' is clicked on

24-10-2024T09:00:05 - [MESSAGE][PASSED] - Object: 'Object Repository/IWP30/Page_ScheduledPayments/edit_payment' is clicked on

24-10-2024T09:00:05 - [TEST_STEP][PASSED] - iwpPages.editSchedulePayment.setDataSchedPayment(row, dataFile): iwpPages.editSchedulePayment.setDataSchedPayment is PASSED

24-10-2024T09:00:06 - [MESSAGE][PASSED] - Text 'Edit Payment Plan' is present on page 

24-10-2024T09:00:06 - [MESSAGE][PASSED] - All options with label 'Orange' are selected in object 'Object Repository/IWP30/Page_CCPaymentEntry/UserDefined7' 

24-10-2024T09:00:07 - [MESSAGE][PASSED] - All options with label 'Soccer' are selected in object 'Object Repository/IWP30/Page_CCPaymentEntry/UserDefined8' 

24-10-2024T09:00:07 - [MESSAGE][PASSED] - Execute JavaScript '
				   document.getElementById('processDate').value = '08/09/2045'
				  ' successfully

24-10-2024T09:00:07 - [MESSAGE][PASSED] - iwpPages.editSchedulePayment.setDataSchedPayment is PASSED

24-10-2024T09:00:07 - [TEST_STEP][PASSED] - click(findTestObject("Object Repository/Page_EditSchedPayment/chkbox_acceptterms")): Object: 'Object Repository/Page_EditSchedPayment/chkbox_acceptterms' is clicked on

24-10-2024T09:00:07 - [MESSAGE][PASSED] - Object: 'Object Repository/Page_EditSchedPayment/chkbox_acceptterms' is clicked on

24-10-2024T09:00:07 - [TEST_STEP][PASSED] - click(findTestObject("Object Repository/Page_EditSchedPayment/btn_update")): Object: 'Object Repository/Page_EditSchedPayment/btn_update' is clicked on

24-10-2024T09:00:09 - [MESSAGE][PASSED] - Object: 'Object Repository/Page_EditSchedPayment/btn_update' is clicked on

24-10-2024T09:00:09 - [TEST_STEP][PASSED] - if (verifyTextPresent("Successful Payment Plan Update", false)): null

24-10-2024T09:00:09 - [MESSAGE][PASSED] - Text 'Successful Payment Plan Update' is present on page 

24-10-2024T09:00:09 - [TEST_STEP][PASSED] - click(findTestObject("Object Repository/IWP30/Page_SuccesfulUpdate/btn_back")): Object: 'Object Repository/IWP30/Page_SuccesfulUpdate/btn_back' is clicked on

24-10-2024T09:00:10 - [MESSAGE][PASSED] - Object: 'Object Repository/IWP30/Page_SuccesfulUpdate/btn_back' is clicked on

24-10-2024T09:00:10 - [TEST_STEP][PASSED] - click(findTestObject("Object Repository/IWP30/Page_ScheduledPayments/cancel_payment")): Object: 'Object Repository/IWP30/Page_ScheduledPayments/cancel_payment' is clicked on

24-10-2024T09:00:11 - [MESSAGE][PASSED] - Object: 'Object Repository/IWP30/Page_ScheduledPayments/cancel_payment' is clicked on

24-10-2024T09:00:11 - [TEST_STEP][PASSED] - if (verifyTextPresent("Cancel Payment Plan", false)): null

24-10-2024T09:00:11 - [MESSAGE][PASSED] - Text 'Cancel Payment Plan' is present on page 

24-10-2024T09:00:11 - [TEST_STEP][PASSED] - click(findTestObject("Object Repository/IWP30/Page_PaymentPlan/btn_cancel")): Object: 'Object Repository/IWP30/Page_PaymentPlan/btn_cancel' is clicked on

24-10-2024T09:00:12 - [MESSAGE][PASSED] - Object: 'Object Repository/IWP30/Page_PaymentPlan/btn_cancel' is clicked on

24-10-2024T09:00:12 - [TEST_STEP][PASSED] - acceptAlert(): Alert accepted

24-10-2024T09:00:12 - [MESSAGE][PASSED] - Alert accepted

24-10-2024T09:00:12 - [TEST_STEP][PASSED] - if (verifyTextPresent("Your payment plan has been successfully canceled", false)): null

24-10-2024T09:00:13 - [MESSAGE][PASSED] - Text 'Your payment plan has been successfully canceled' is present on page 

24-10-2024T09:00:13 - [TEST_STEP][PASSED] - markPassed("Your payment plan has been successfully created, modified and canceled"): Your payment plan has been successfully created, modified and canceled

24-10-2024T09:00:13 - [MESSAGE][PASSED] - Your payment plan has been successfully created, modified and canceled

24-10-2024T09:00:13 - [TEST_STEP][PASSED] - resText = "Pass": null

24-10-2024T09:00:13 - [TEST_STEP][PASSED] - println(row): null

24-10-2024T09:00:13 - [TEST_STEP][PASSED] - pages.WriteExcel.demoKey(resText, datText, resColumn, datCloumn, fileLoc, nameSheet, row): pages.WriteExcel.demoKey is PASSED

24-10-2024T09:00:13 - [MESSAGE][PASSED] - pages.WriteExcel.demoKey is PASSED

24-10-2024T09:00:13 - [TEST_STEP][PASSED] - closeBrowser(): Browser is closed

24-10-2024T09:00:14 - [MESSAGE][PASSED] - Browser is closed]]></system-out>
         <system-err><![CDATA[]]></system-err>
      </testcase>
      <testcase name="Test Cases/IntegratedWeb/IWP25/Payments/CMCDeferredPS" time="263.89" classname="Test Cases/IntegratedWeb/IWP25/Payments/CMCDeferredPS" status="PASSED">
         <system-out><![CDATA[24-10-2024T09:00:14 - [TEST_CASE][PASSED] - Test Cases/IntegratedWeb/IWP25/Payments/CMCDeferredPS: Test Cases/IntegratedWeb/IWP25/Payments/CMCDeferredPS

24-10-2024T09:00:14 - [TEST_STEP][PASSED] - resText = "Fail": null

24-10-2024T09:00:14 - [TEST_STEP][PASSED] - resColumn = "Result": null

24-10-2024T09:00:14 - [TEST_STEP][PASSED] - datCloumn = "Date": null

24-10-2024T09:00:14 - [TEST_STEP][PASSED] - fileLoc = "KatalonData/IWPTestData/VRelay25PaymentsExtension.xlsx": null

24-10-2024T09:00:14 - [TEST_STEP][PASSED] - numOfRows = <not implemented yet for class: org.codehaus.groovy.ast.expr.EmptyExpression>: null

24-10-2024T09:00:14 - [TEST_STEP][PASSED] - dataFile = <not implemented yet for class: org.codehaus.groovy.ast.expr.EmptyExpression>: null

24-10-2024T09:00:14 - [TEST_STEP][PASSED] - nameSheet = <not implemented yet for class: org.codehaus.groovy.ast.expr.EmptyExpression>: null

24-10-2024T09:00:14 - [TEST_STEP][PASSED] - dataFileEmulator = <not implemented yet for class: org.codehaus.groovy.ast.expr.EmptyExpression>: null

24-10-2024T09:00:14 - [TEST_STEP][PASSED] - isRequiredTextPresent = false: null

24-10-2024T09:00:14 - [TEST_STEP][PASSED] - nameSheet = "CMCDeferredPlanPS": null

24-10-2024T09:00:14 - [TEST_STEP][PASSED] - dataFile = "IWPTestData/IWP25CMCDeferredPS": null

24-10-2024T09:00:14 - [TEST_STEP][PASSED] - dataFileEmulator = "IWPTestData/EmulatorData": null

24-10-2024T09:00:14 - [TEST_STEP][PASSED] - numOfRows = findTestData(dataFile).getRowNumbers(): null

24-10-2024T09:00:14 - [TEST_STEP][PASSED] - println("Number of Records: " + numOfRows): null

24-10-2024T09:00:14 - [TEST_STEP][PASSED] - for ([row = 1, row <= numOfRows, (row++)]): Browser is closed

24-10-2024T09:00:14 - [TEST_STEP][PASSED] - ExecuteTC = findTestData(dataFile).getValue("Execute", row): null

24-10-2024T09:00:14 - [TEST_STEP][PASSED] - out.println("Value of Execute is : " + ExecuteTC): null

24-10-2024T09:00:14 - [TEST_STEP][PASSED] - if (ExecuteTC.equalsIgnoreCase("Y")): null

24-10-2024T09:00:14 - [TEST_STEP][PASSED] - out.println("Begin Record Number: " + row): null

24-10-2024T09:00:14 - [TEST_STEP][PASSED] - today = new java.util.Date(): null

24-10-2024T09:00:14 - [TEST_STEP][PASSED] - println(today): null

24-10-2024T09:00:14 - [TEST_STEP][PASSED] - datText = today: null

24-10-2024T09:00:14 - [TEST_STEP][PASSED] - EmulatorDataKey = findTestData(dataFile).getValue("EmulatorData", row): null

24-10-2024T09:00:14 - [TEST_STEP][PASSED] - out.println("Value of Emulator Key is : " + EmulatorDataKey): null

24-10-2024T09:00:14 - [TEST_STEP][PASSED] - iwpPages.emulatorIWP30.setDataEmulator_DD(EmulatorDataKey): iwpPages.emulatorIWP30.setDataEmulator_DD is PASSED

24-10-2024T09:00:15 - [MESSAGE][INFO] - Starting 'Edge Chromium' driver

24-10-2024T09:00:15 - [MESSAGE][INFO] - User set preference: ['acceptInsecureCerts', 'true']

24-10-2024T09:00:17 - [MESSAGE][INFO] - Action delay is set to 0 milliseconds

24-10-2024T09:00:21 - [MESSAGE][PASSED] - Browser is opened with url: 'https://qa2.velocitypayment.com/agencyx/config.action?action=editor&message_version=2_5'

24-10-2024T09:00:21 - [MESSAGE][PASSED] - Current window maximized

24-10-2024T09:00:52 - [MESSAGE][INFO] - Unable to find the element located by 'By.xpath: //select[@name='message_version']'. Please recheck the objects properties to make sure the desired element is located. 

24-10-2024T09:00:52 - [MESSAGE][WARNING] - [SELF-HEALING] Failed to find element with id 'Object Repository/IWP30/Page_VRelay30Emulator/MV'. Try using Self-healing.

24-10-2024T09:00:52 - [MESSAGE][WARNING] - [SELF-HEALING] The current locator of test object 'Object Repository/IWP30/Page_VRelay30Emulator/MV' was broken. Propose an alternative one: '(.//*[normalize-space(text()) and normalize-space(.)='Message Version'])[1]/following::select[1]'.

24-10-2024T09:00:53 - [MESSAGE][PASSED] - All options with value '2.5' are selected in object 'Object Repository/IWP30/Page_VRelay30Emulator/MV'  using regular expression

24-10-2024T09:00:54 - [MESSAGE][PASSED] - Text '10.50' is set on object 'Object Repository/IWP30/Page_EmulatorAgencyX/Amount'

24-10-2024T09:00:54 - [MESSAGE][PASSED] - Text '9Rp9sNwfsJD1' is set on object 'Object Repository/IWP30/Page_EmulatorAgencyX/CAN'

24-10-2024T09:00:55 - [MESSAGE][PASSED] - Text 'PayNow' is set on object 'Object Repository/IWP30/Page_EmulatorAgencyX/Action'

24-10-2024T09:00:55 - [MESSAGE][PASSED] - Text 'en_US' is set on object 'Object Repository/IWP30/Page_EmulatorAgencyX/Lang'

24-10-2024T09:00:56 - [MESSAGE][PASSED] - Text '' is set on object 'Object Repository/IWP30/Page_EmulatorAgencyX/Fname'

24-10-2024T09:00:57 - [MESSAGE][PASSED] - Text '' is set on object 'Object Repository/IWP30/Page_EmulatorAgencyX/Lname'

24-10-2024T09:00:57 - [MESSAGE][PASSED] - Text '' is set on object 'Object Repository/IWP30/Page_EmulatorAgencyX/AL1'

24-10-2024T09:00:58 - [MESSAGE][PASSED] - Text '' is set on object 'Object Repository/IWP30/Page_EmulatorAgencyX/AL2'

24-10-2024T09:00:58 - [MESSAGE][PASSED] - Text '' is set on object 'Object Repository/IWP30/Page_EmulatorAgencyX/Country'

24-10-2024T09:00:59 - [MESSAGE][PASSED] - Text '' is set on object 'Object Repository/IWP30/Page_EmulatorAgencyX/City'

24-10-2024T09:00:59 - [MESSAGE][PASSED] - Text '' is set on object 'Object Repository/IWP30/Page_EmulatorAgencyX/State'

24-10-2024T09:01:00 - [MESSAGE][PASSED] - Text '' is set on object 'Object Repository/IWP30/Page_EmulatorAgencyX/ZIP'

24-10-2024T09:01:01 - [MESSAGE][PASSED] - Text '' is set on object 'Object Repository/IWP30/Page_EmulatorAgencyX/Order'

24-10-2024T09:01:01 - [MESSAGE][PASSED] - Text '' is set on object 'Object Repository/IWP30/Page_EmulatorAgencyX/Company'

24-10-2024T09:01:02 - [MESSAGE][PASSED] - Text '' is set on object 'Object Repository/IWP30/Page_EmulatorAgencyX/Email'

24-10-2024T09:01:02 - [MESSAGE][PASSED] - Text '' is set on object 'Object Repository/IWP30/Page_EmulatorAgencyX/UDF1'

24-10-2024T09:01:03 - [MESSAGE][PASSED] - Text '' is set on object 'Object Repository/IWP30/Page_EmulatorAgencyX/UDF2'

24-10-2024T09:01:03 - [MESSAGE][PASSED] - Text '' is set on object 'Object Repository/IWP30/Page_EmulatorAgencyX/UDF3'

24-10-2024T09:01:04 - [MESSAGE][PASSED] - Text 'udf data 4' is set on object 'Object Repository/IWP30/Page_EmulatorAgencyX/UDF4'

24-10-2024T09:01:05 - [MESSAGE][PASSED] - Text 'udf data 5' is set on object 'Object Repository/IWP30/Page_EmulatorAgencyX/UDF5'

24-10-2024T09:01:05 - [MESSAGE][PASSED] - Text '' is set on object 'Object Repository/IWP30/Page_EmulatorAgencyX/UDF6'

24-10-2024T09:01:06 - [MESSAGE][PASSED] - Text '' is set on object 'Object Repository/IWP30/Page_EmulatorAgencyX/UDF7'

24-10-2024T09:01:06 - [MESSAGE][PASSED] - Text '' is set on object 'Object Repository/IWP30/Page_EmulatorAgencyX/UDF8'

24-10-2024T09:01:07 - [MESSAGE][PASSED] - Text 'udf data 9' is set on object 'Object Repository/IWP30/Page_EmulatorAgencyX/UDF9'

24-10-2024T09:01:08 - [MESSAGE][PASSED] - Text 'udf data 10' is set on object 'Object Repository/IWP30/Page_EmulatorAgencyX/UDF10'

24-10-2024T09:01:09 - [MESSAGE][PASSED] - Object: 'Object Repository/IWP30/Page_EmulatorAgencyX/Submit' is clicked on

24-10-2024T09:01:13 - [MESSAGE][PASSED] - Browser is closed

24-10-2024T09:01:17 - [MESSAGE][PASSED] - iwpPages.emulatorIWP30.setDataEmulator_DD is PASSED

24-10-2024T09:01:17 - [TEST_STEP][PASSED] - testHarnessURL = urlTestHarness: null

24-10-2024T09:01:17 - [TEST_STEP][PASSED] - openBrowser(testHarnessURL): Browser is opened with url: 'https://dev-algorithm.govolution.com/vrelaytest/QA2/version_2_2/vrelaytest.html'

24-10-2024T09:01:17 - [MESSAGE][INFO] - Starting 'Edge Chromium' driver

24-10-2024T09:01:17 - [MESSAGE][INFO] - User set preference: ['acceptInsecureCerts', 'true']

24-10-2024T09:01:20 - [MESSAGE][INFO] - Action delay is set to 0 milliseconds

24-10-2024T09:01:23 - [MESSAGE][PASSED] - Browser is opened with url: 'https://dev-algorithm.govolution.com/vrelaytest/QA2/version_2_2/vrelaytest.html'

24-10-2024T09:01:23 - [TEST_STEP][PASSED] - maximizeWindow(): Current window maximized

24-10-2024T09:01:23 - [MESSAGE][PASSED] - Current window maximized

24-10-2024T09:01:23 - [TEST_STEP][PASSED] - iwpPages.TestHarnessPage.setDataMethod(row, dataFile): iwpPages.TestHarnessPage.setDataMethod is PASSED

24-10-2024T09:01:24 - [MESSAGE][PASSED] - Object 'Object Repository/IWP30/Page_QATestHarness/RemittanceID' is present

24-10-2024T09:01:24 - [MESSAGE][PASSED] - Text '638' is set on object 'Object Repository/IWP30/Page_QATestHarness/ApplicationID'

24-10-2024T09:01:25 - [MESSAGE][PASSED] - Text '2.5' is set on object 'Object Repository/IWP30/Page_QATestHarness/MessageVersion'

24-10-2024T09:01:26 - [MESSAGE][PASSED] - Text '42MHqH0vyTuY' is set on object 'Object Repository/IWP30/Page_QATestHarness/RemittanceID'

24-10-2024T09:01:31 - [MESSAGE][PASSED] - Object: 'Object Repository/IWP30/Page_QATestHarness/SubmitButton' is clicked on

24-10-2024T09:01:31 - [MESSAGE][PASSED] - iwpPages.TestHarnessPage.setDataMethod is PASSED

24-10-2024T09:01:31 - [TEST_STEP][PASSED] - click(findTestObject("Object Repository/IWP30/Page_SelectPaymentMethod/PayByPersonalCheck")): Object: 'Object Repository/IWP30/Page_SelectPaymentMethod/PayByPersonalCheck' is clicked on

24-10-2024T09:01:31 - [MESSAGE][PASSED] - Object: 'Object Repository/IWP30/Page_SelectPaymentMethod/PayByPersonalCheck' is clicked on

24-10-2024T09:01:31 - [TEST_STEP][PASSED] - click(findTestObject("Object Repository/IWP30/Page_SelectPaymentMethod/MakePaymentButton")): Object: 'Object Repository/IWP30/Page_SelectPaymentMethod/MakePaymentButton' is clicked on

24-10-2024T09:01:34 - [MESSAGE][PASSED] - Object: 'Object Repository/IWP30/Page_SelectPaymentMethod/MakePaymentButton' is clicked on

24-10-2024T09:01:34 - [TEST_STEP][PASSED] - iwpPages.achPersonalPaymentEntryPage.setDataACHPPM(row, dataFile): iwpPages.achPersonalPaymentEntryPage.setDataACHPPM is PASSED

24-10-2024T09:01:35 - [MESSAGE][PASSED] - Object 'Object Repository/IWP30/Page_ACHPersonalPaymentEntry/txt_accountNumber' is present

24-10-2024T09:01:35 - [MESSAGE][PASSED] - Text '10.50' is set on object 'Object Repository/IWP30/Page_ACHPersonalPaymentEntry/txt_Amount'

24-10-2024T09:01:35 - [MESSAGE][PASSED] - Object 'Object Repository/IWP30/Page_ACHPersonalPaymentEntry/txt_UDF2' is present

24-10-2024T09:01:36 - [MESSAGE][PASSED] - Text 'udf data 2' is set on object 'Object Repository/IWP30/Page_ACHPersonalPaymentEntry/txt_UDF2'

24-10-2024T09:01:37 - [MESSAGE][PASSED] - Text 'udf data 3' is set on object 'Object Repository/IWP30/Page_ACHPersonalPaymentEntry/txt_UDF3'

24-10-2024T09:01:37 - [MESSAGE][PASSED] - All options with label 'Orange' are selected in object 'Object Repository/IWP30/Page_ACHPersonalPaymentEntry/dd_UDF7' 

24-10-2024T09:01:38 - [MESSAGE][PASSED] - All options with label 'Soccer' are selected in object 'Object Repository/IWP30/Page_ACHPersonalPaymentEntry/dd_UDF8' 

24-10-2024T09:01:38 - [MESSAGE][PASSED] - Object 'Object Repository/IWP30/Page_ACHPersonalPaymentEntry/txt_Firstname' is present

24-10-2024T09:01:39 - [MESSAGE][PASSED] - Text 'Elizath' is set on object 'Object Repository/IWP30/Page_ACHPersonalPaymentEntry/txt_Firstname'

24-10-2024T09:01:39 - [MESSAGE][PASSED] - Object 'Object Repository/IWP30/Page_ACHPersonalPaymentEntry/txt_Lastname' is present

24-10-2024T09:01:39 - [MESSAGE][PASSED] - Text 'Christine' is set on object 'Object Repository/IWP30/Page_ACHPersonalPaymentEntry/txt_Lastname'

24-10-2024T09:01:40 - [MESSAGE][PASSED] - Object 'Object Repository/IWP30/Page_ACHPersonalPaymentEntry/txt_routingNumber' is present

24-10-2024T09:01:40 - [MESSAGE][PASSED] - Text '256072691' is set on object 'Object Repository/IWP30/Page_ACHPersonalPaymentEntry/txt_routingNumber'

24-10-2024T09:01:41 - [MESSAGE][PASSED] - Object 'Object Repository/IWP30/Page_ACHPersonalPaymentEntry/txt_accountNumber' is present

24-10-2024T09:01:42 - [MESSAGE][PASSED] - Text '12344444' is set on object 'Object Repository/IWP30/Page_ACHPersonalPaymentEntry/txt_accountNumber'

24-10-2024T09:01:42 - [MESSAGE][PASSED] - Object 'Object Repository/IWP30/Page_ACHPersonalPaymentEntry/txt_confirmAccountNumber' is present

24-10-2024T09:01:43 - [MESSAGE][PASSED] - Text '12344444' is set on object 'Object Repository/IWP30/Page_ACHPersonalPaymentEntry/txt_confirmAccountNumber'

24-10-2024T09:01:43 - [MESSAGE][PASSED] - Object 'Object Repository/IWP30/Page_ACHPersonalPaymentEntry/rd_accountType' is present

24-10-2024T09:01:43 - [MESSAGE][PASSED] - Modify property of object successfully

24-10-2024T09:01:44 - [MESSAGE][PASSED] - Object: 'Object Repository/IWP30/Page_ACHPersonalPaymentEntry/rd_accountType' is clicked on

24-10-2024T09:01:44 - [MESSAGE][PASSED] - Execute JavaScript '
				   document.getElementById('processDate').value = '08/09/2025'
				  ' successfully

24-10-2024T09:01:44 - [MESSAGE][PASSED] - Text '365 Main Avenue' is set on object 'Object Repository/IWP30/Page_ACHPersonalPaymentEntry/txt_AL1'

24-10-2024T09:01:45 - [MESSAGE][PASSED] - Text '22201' is set on object 'Object Repository/IWP30/Page_ACHPersonalPaymentEntry/txt_ZIP'

24-10-2024T09:01:45 - [MESSAGE][PASSED] - Object 'Object Repository/IWP30/Page_ACHPersonalPaymentEntry/txt_Email' is present

24-10-2024T09:01:47 - [MESSAGE][PASSED] - Text 'iahmed@govolution.com' is set on object 'Object Repository/IWP30/Page_ACHPersonalPaymentEntry/txt_Email'

24-10-2024T09:01:47 - [MESSAGE][PASSED] - Object 'Object Repository/IWP30/Page_ACHPersonalPaymentEntry/cb_TermsAndCond' is present

24-10-2024T09:01:47 - [MESSAGE][PASSED] - Object: 'Object Repository/IWP30/Page_ACHPersonalPaymentEntry/cb_TermsAndCond' is clicked on

24-10-2024T09:01:47 - [MESSAGE][PASSED] - Object 'Object Repository/IWP30/Page_ACHPersonalPaymentEntry/btn_Continue' is present

24-10-2024T09:01:49 - [MESSAGE][PASSED] - Object: 'Object Repository/IWP30/Page_ACHPersonalPaymentEntry/btn_Continue' is clicked on

24-10-2024T09:01:49 - [MESSAGE][PASSED] - iwpPages.achPersonalPaymentEntryPage.setDataACHPPM is PASSED

24-10-2024T09:01:49 - [TEST_STEP][PASSED] - click(findTestObject("Object Repository/IWP30/Page_Confirmation/ConfirmButton")): Object: 'Object Repository/IWP30/Page_Confirmation/ConfirmButton' is clicked on

24-10-2024T09:01:51 - [MESSAGE][PASSED] - Object: 'Object Repository/IWP30/Page_Confirmation/ConfirmButton' is clicked on

24-10-2024T09:01:51 - [TEST_STEP][PASSED] - Thread.sleep(2000): null

24-10-2024T09:01:53 - [TEST_STEP][PASSED] - if (verifyTextPresent("Deferred", false)): null

24-10-2024T09:01:54 - [MESSAGE][PASSED] - Text 'Deferred' is present on page 

24-10-2024T09:01:54 - [TEST_STEP][PASSED] - println("Deferred is present on page. Deferred Pay is created"): null

24-10-2024T09:01:54 - [TEST_STEP][PASSED] - click(findTestObject("Object Repository/IWP30/Page_Receipt/ViewScheduledPaymentsButton")): Object: 'Object Repository/IWP30/Page_Receipt/ViewScheduledPaymentsButton' is clicked on

24-10-2024T09:01:54 - [MESSAGE][PASSED] - Object: 'Object Repository/IWP30/Page_Receipt/ViewScheduledPaymentsButton' is clicked on

24-10-2024T09:01:54 - [TEST_STEP][PASSED] - switchToWindowTitle("View Scheduled Payments"): Switched to window with title: 'View Scheduled Payments'

24-10-2024T09:01:54 - [MESSAGE][PASSED] - Switched to window with title: 'View Scheduled Payments'

24-10-2024T09:01:54 - [TEST_STEP][PASSED] - Thread.sleep(5000): null

24-10-2024T09:01:59 - [TEST_STEP][PASSED] - if (verifyTextPresent("View Scheduled Payments", false)): null

24-10-2024T09:02:00 - [MESSAGE][PASSED] - Text 'View Scheduled Payments' is present on page 

24-10-2024T09:02:00 - [TEST_STEP][PASSED] - click(findTestObject("Object Repository/IWP30/Page_ScheduledPayments/edit_payment")): Object: 'Object Repository/IWP30/Page_ScheduledPayments/edit_payment' is clicked on

24-10-2024T09:02:02 - [MESSAGE][PASSED] - Object: 'Object Repository/IWP30/Page_ScheduledPayments/edit_payment' is clicked on

24-10-2024T09:02:02 - [TEST_STEP][PASSED] - iwpPages.editSchedulePayment.setDataSchedPayment(row, dataFile): iwpPages.editSchedulePayment.setDataSchedPayment is PASSED

24-10-2024T09:02:03 - [MESSAGE][PASSED] - Text 'Edit Payment Plan' is present on page 

24-10-2024T09:02:04 - [MESSAGE][PASSED] - All options with label 'Orange' are selected in object 'Object Repository/IWP30/Page_CCPaymentEntry/UserDefined7' 

24-10-2024T09:02:04 - [MESSAGE][PASSED] - All options with label 'Soccer' are selected in object 'Object Repository/IWP30/Page_CCPaymentEntry/UserDefined8' 

24-10-2024T09:02:04 - [MESSAGE][PASSED] - Execute JavaScript '
				   document.getElementById('processDate').value = '08/09/2045'
				  ' successfully

24-10-2024T09:02:04 - [MESSAGE][PASSED] - iwpPages.editSchedulePayment.setDataSchedPayment is PASSED

24-10-2024T09:02:04 - [TEST_STEP][PASSED] - click(findTestObject("Object Repository/Page_EditSchedPayment/chkbox_acceptterms")): Object: 'Object Repository/Page_EditSchedPayment/chkbox_acceptterms' is clicked on

24-10-2024T09:02:04 - [MESSAGE][PASSED] - Object: 'Object Repository/Page_EditSchedPayment/chkbox_acceptterms' is clicked on

24-10-2024T09:02:04 - [TEST_STEP][PASSED] - click(findTestObject("Object Repository/Page_EditSchedPayment/btn_update")): Object: 'Object Repository/Page_EditSchedPayment/btn_update' is clicked on

24-10-2024T09:02:07 - [MESSAGE][PASSED] - Object: 'Object Repository/Page_EditSchedPayment/btn_update' is clicked on

24-10-2024T09:02:07 - [TEST_STEP][PASSED] - if (verifyTextPresent("Successful Payment Plan Update", false)): null

24-10-2024T09:02:07 - [MESSAGE][PASSED] - Text 'Successful Payment Plan Update' is present on page 

24-10-2024T09:02:07 - [TEST_STEP][PASSED] - click(findTestObject("Object Repository/IWP30/Page_SuccesfulUpdate/btn_back")): Object: 'Object Repository/IWP30/Page_SuccesfulUpdate/btn_back' is clicked on

24-10-2024T09:02:08 - [MESSAGE][PASSED] - Object: 'Object Repository/IWP30/Page_SuccesfulUpdate/btn_back' is clicked on

24-10-2024T09:02:08 - [TEST_STEP][PASSED] - click(findTestObject("Object Repository/IWP30/Page_ScheduledPayments/cancel_payment")): Object: 'Object Repository/IWP30/Page_ScheduledPayments/cancel_payment' is clicked on

24-10-2024T09:02:09 - [MESSAGE][PASSED] - Object: 'Object Repository/IWP30/Page_ScheduledPayments/cancel_payment' is clicked on

24-10-2024T09:02:09 - [TEST_STEP][PASSED] - if (verifyTextPresent("Cancel Payment Plan", false)): null

24-10-2024T09:02:10 - [MESSAGE][PASSED] - Text 'Cancel Payment Plan' is present on page 

24-10-2024T09:02:10 - [TEST_STEP][PASSED] - click(findTestObject("Object Repository/IWP30/Page_PaymentPlan/btn_cancel")): Object: 'Object Repository/IWP30/Page_PaymentPlan/btn_cancel' is clicked on

24-10-2024T09:02:10 - [MESSAGE][PASSED] - Object: 'Object Repository/IWP30/Page_PaymentPlan/btn_cancel' is clicked on

24-10-2024T09:02:10 - [TEST_STEP][PASSED] - acceptAlert(): Alert accepted

24-10-2024T09:02:10 - [MESSAGE][PASSED] - Alert accepted

24-10-2024T09:02:10 - [TEST_STEP][PASSED] - if (verifyTextPresent("Your payment plan has been successfully canceled", false)): null

24-10-2024T09:02:11 - [MESSAGE][PASSED] - Text 'Your payment plan has been successfully canceled' is present on page 

24-10-2024T09:02:11 - [TEST_STEP][PASSED] - markPassed("Your payment plan has been successfully created, modified and canceled"): Your payment plan has been successfully created, modified and canceled

24-10-2024T09:02:11 - [MESSAGE][PASSED] - Your payment plan has been successfully created, modified and canceled

24-10-2024T09:02:11 - [TEST_STEP][PASSED] - resText = "Pass": null

24-10-2024T09:02:11 - [TEST_STEP][PASSED] - println(row): null

24-10-2024T09:02:11 - [TEST_STEP][PASSED] - pages.WriteExcel.demoKey(resText, datText, resColumn, datCloumn, fileLoc, nameSheet, row): pages.WriteExcel.demoKey is PASSED

24-10-2024T09:02:11 - [MESSAGE][PASSED] - pages.WriteExcel.demoKey is PASSED

24-10-2024T09:02:11 - [TEST_STEP][PASSED] - closeBrowser(): Browser is closed

24-10-2024T09:02:12 - [MESSAGE][PASSED] - Browser is closed

24-10-2024T09:02:12 - [TEST_STEP][PASSED] - ExecuteTC = findTestData(dataFile).getValue("Execute", row): null

24-10-2024T09:02:12 - [TEST_STEP][PASSED] - out.println("Value of Execute is : " + ExecuteTC): null

24-10-2024T09:02:12 - [TEST_STEP][PASSED] - if (ExecuteTC.equalsIgnoreCase("Y")): null

24-10-2024T09:02:12 - [TEST_STEP][PASSED] - out.println("Begin Record Number: " + row): null

24-10-2024T09:02:12 - [TEST_STEP][PASSED] - today = new java.util.Date(): null

24-10-2024T09:02:12 - [TEST_STEP][PASSED] - println(today): null

24-10-2024T09:02:12 - [TEST_STEP][PASSED] - datText = today: null

24-10-2024T09:02:12 - [TEST_STEP][PASSED] - EmulatorDataKey = findTestData(dataFile).getValue("EmulatorData", row): null

24-10-2024T09:02:12 - [TEST_STEP][PASSED] - out.println("Value of Emulator Key is : " + EmulatorDataKey): null

24-10-2024T09:02:12 - [TEST_STEP][PASSED] - iwpPages.emulatorIWP30.setDataEmulator_DD(EmulatorDataKey): iwpPages.emulatorIWP30.setDataEmulator_DD is PASSED

24-10-2024T09:02:13 - [MESSAGE][INFO] - Starting 'Edge Chromium' driver

24-10-2024T09:02:13 - [MESSAGE][INFO] - User set preference: ['acceptInsecureCerts', 'true']

24-10-2024T09:02:15 - [MESSAGE][INFO] - Action delay is set to 0 milliseconds

24-10-2024T09:02:19 - [MESSAGE][PASSED] - Browser is opened with url: 'https://qa2.velocitypayment.com/agencyx/config.action?action=editor&message_version=3_0'

24-10-2024T09:02:19 - [MESSAGE][PASSED] - Current window maximized

24-10-2024T09:02:50 - [MESSAGE][INFO] - Unable to find the element located by 'By.xpath: //select[@name='message_version']'. Please recheck the objects properties to make sure the desired element is located. 

24-10-2024T09:02:50 - [MESSAGE][WARNING] - [SELF-HEALING] Failed to find element with id 'Object Repository/IWP30/Page_VRelay30Emulator/MV'. Try using Self-healing.

24-10-2024T09:02:51 - [MESSAGE][WARNING] - [SELF-HEALING] The current locator of test object 'Object Repository/IWP30/Page_VRelay30Emulator/MV' was broken. Propose an alternative one: '(.//*[normalize-space(text()) and normalize-space(.)='Message Version'])[1]/following::select[1]'.

24-10-2024T09:02:51 - [MESSAGE][PASSED] - All options with value '3.0' are selected in object 'Object Repository/IWP30/Page_VRelay30Emulator/MV'  using regular expression

24-10-2024T09:02:52 - [MESSAGE][PASSED] - Text '10.50' is set on object 'Object Repository/IWP30/Page_EmulatorAgencyX/Amount'

24-10-2024T09:02:53 - [MESSAGE][PASSED] - Text 'Nb2ihqiS9TVD' is set on object 'Object Repository/IWP30/Page_EmulatorAgencyX/CAN'

24-10-2024T09:02:53 - [MESSAGE][PASSED] - Text 'PayNow' is set on object 'Object Repository/IWP30/Page_EmulatorAgencyX/Action'

24-10-2024T09:02:54 - [MESSAGE][PASSED] - Text 'en_US' is set on object 'Object Repository/IWP30/Page_EmulatorAgencyX/Lang'

24-10-2024T09:02:54 - [MESSAGE][PASSED] - Text '' is set on object 'Object Repository/IWP30/Page_EmulatorAgencyX/Fname'

24-10-2024T09:02:55 - [MESSAGE][PASSED] - Text '' is set on object 'Object Repository/IWP30/Page_EmulatorAgencyX/Lname'

24-10-2024T09:02:56 - [MESSAGE][PASSED] - Text '' is set on object 'Object Repository/IWP30/Page_EmulatorAgencyX/AL1'

24-10-2024T09:02:56 - [MESSAGE][PASSED] - Text '' is set on object 'Object Repository/IWP30/Page_EmulatorAgencyX/AL2'

24-10-2024T09:02:57 - [MESSAGE][PASSED] - Text '' is set on object 'Object Repository/IWP30/Page_EmulatorAgencyX/Country'

24-10-2024T09:02:57 - [MESSAGE][PASSED] - Text '' is set on object 'Object Repository/IWP30/Page_EmulatorAgencyX/City'

24-10-2024T09:02:58 - [MESSAGE][PASSED] - Text '' is set on object 'Object Repository/IWP30/Page_EmulatorAgencyX/State'

24-10-2024T09:02:58 - [MESSAGE][PASSED] - Text '' is set on object 'Object Repository/IWP30/Page_EmulatorAgencyX/ZIP'

24-10-2024T09:02:59 - [MESSAGE][PASSED] - Text '' is set on object 'Object Repository/IWP30/Page_EmulatorAgencyX/Order'

24-10-2024T09:03:00 - [MESSAGE][PASSED] - Text '' is set on object 'Object Repository/IWP30/Page_EmulatorAgencyX/Company'

24-10-2024T09:03:00 - [MESSAGE][PASSED] - Text '' is set on object 'Object Repository/IWP30/Page_EmulatorAgencyX/Email'

24-10-2024T09:03:01 - [MESSAGE][PASSED] - Text '' is set on object 'Object Repository/IWP30/Page_EmulatorAgencyX/UDF1'

24-10-2024T09:03:01 - [MESSAGE][PASSED] - Text '' is set on object 'Object Repository/IWP30/Page_EmulatorAgencyX/UDF2'

24-10-2024T09:03:02 - [MESSAGE][PASSED] - Text '' is set on object 'Object Repository/IWP30/Page_EmulatorAgencyX/UDF3'

24-10-2024T09:03:03 - [MESSAGE][PASSED] - Text 'udf data 4' is set on object 'Object Repository/IWP30/Page_EmulatorAgencyX/UDF4'

24-10-2024T09:03:03 - [MESSAGE][PASSED] - Text 'udf data 5' is set on object 'Object Repository/IWP30/Page_EmulatorAgencyX/UDF5'

24-10-2024T09:03:04 - [MESSAGE][PASSED] - Text '' is set on object 'Object Repository/IWP30/Page_EmulatorAgencyX/UDF6'

24-10-2024T09:03:04 - [MESSAGE][PASSED] - Text '' is set on object 'Object Repository/IWP30/Page_EmulatorAgencyX/UDF7'

24-10-2024T09:03:05 - [MESSAGE][PASSED] - Text '' is set on object 'Object Repository/IWP30/Page_EmulatorAgencyX/UDF8'

24-10-2024T09:03:06 - [MESSAGE][PASSED] - Text 'udf data 9' is set on object 'Object Repository/IWP30/Page_EmulatorAgencyX/UDF9'

24-10-2024T09:03:06 - [MESSAGE][PASSED] - Text 'udf data 10' is set on object 'Object Repository/IWP30/Page_EmulatorAgencyX/UDF10'

24-10-2024T09:03:08 - [MESSAGE][PASSED] - Object: 'Object Repository/IWP30/Page_EmulatorAgencyX/Submit' is clicked on

24-10-2024T09:03:12 - [MESSAGE][PASSED] - Browser is closed

24-10-2024T09:03:16 - [MESSAGE][PASSED] - iwpPages.emulatorIWP30.setDataEmulator_DD is PASSED

24-10-2024T09:03:16 - [TEST_STEP][PASSED] - testHarnessURL = urlTestHarness: null

24-10-2024T09:03:16 - [TEST_STEP][PASSED] - openBrowser(testHarnessURL): Browser is opened with url: 'https://dev-algorithm.govolution.com/vrelaytest/QA2/version_2_2/vrelaytest.html'

24-10-2024T09:03:16 - [MESSAGE][INFO] - Starting 'Edge Chromium' driver

24-10-2024T09:03:16 - [MESSAGE][INFO] - User set preference: ['acceptInsecureCerts', 'true']

24-10-2024T09:03:18 - [MESSAGE][INFO] - Action delay is set to 0 milliseconds

24-10-2024T09:03:21 - [MESSAGE][PASSED] - Browser is opened with url: 'https://dev-algorithm.govolution.com/vrelaytest/QA2/version_2_2/vrelaytest.html'

24-10-2024T09:03:21 - [TEST_STEP][PASSED] - maximizeWindow(): Current window maximized

24-10-2024T09:03:22 - [MESSAGE][PASSED] - Current window maximized

24-10-2024T09:03:22 - [TEST_STEP][PASSED] - iwpPages.TestHarnessPage.setDataMethod(row, dataFile): iwpPages.TestHarnessPage.setDataMethod is PASSED

24-10-2024T09:03:22 - [MESSAGE][PASSED] - Object 'Object Repository/IWP30/Page_QATestHarness/RemittanceID' is present

24-10-2024T09:03:23 - [MESSAGE][PASSED] - Text '649' is set on object 'Object Repository/IWP30/Page_QATestHarness/ApplicationID'

24-10-2024T09:03:23 - [MESSAGE][PASSED] - Text '3.0' is set on object 'Object Repository/IWP30/Page_QATestHarness/MessageVersion'

24-10-2024T09:03:24 - [MESSAGE][PASSED] - Text 'Keau2GZgRUnS' is set on object 'Object Repository/IWP30/Page_QATestHarness/RemittanceID'

24-10-2024T09:03:27 - [MESSAGE][PASSED] - Object: 'Object Repository/IWP30/Page_QATestHarness/SubmitButton' is clicked on

24-10-2024T09:03:27 - [MESSAGE][PASSED] - iwpPages.TestHarnessPage.setDataMethod is PASSED

24-10-2024T09:03:27 - [TEST_STEP][PASSED] - click(findTestObject("Object Repository/IWP30/Page_SelectPaymentMethod/PayByPersonalCheck")): Object: 'Object Repository/IWP30/Page_SelectPaymentMethod/PayByPersonalCheck' is clicked on

24-10-2024T09:03:28 - [MESSAGE][PASSED] - Object: 'Object Repository/IWP30/Page_SelectPaymentMethod/PayByPersonalCheck' is clicked on

24-10-2024T09:03:28 - [TEST_STEP][PASSED] - click(findTestObject("Object Repository/IWP30/Page_SelectPaymentMethod/MakePaymentButton")): Object: 'Object Repository/IWP30/Page_SelectPaymentMethod/MakePaymentButton' is clicked on

24-10-2024T09:03:30 - [MESSAGE][PASSED] - Object: 'Object Repository/IWP30/Page_SelectPaymentMethod/MakePaymentButton' is clicked on

24-10-2024T09:03:30 - [TEST_STEP][PASSED] - iwpPages.achPersonalPaymentEntryPage.setDataACHPPM(row, dataFile): iwpPages.achPersonalPaymentEntryPage.setDataACHPPM is PASSED

24-10-2024T09:03:31 - [MESSAGE][PASSED] - Object 'Object Repository/IWP30/Page_ACHPersonalPaymentEntry/txt_accountNumber' is present

24-10-2024T09:03:32 - [MESSAGE][PASSED] - Text '10.50' is set on object 'Object Repository/IWP30/Page_ACHPersonalPaymentEntry/txt_Amount'

24-10-2024T09:03:32 - [MESSAGE][PASSED] - Object 'Object Repository/IWP30/Page_ACHPersonalPaymentEntry/txt_UDF2' is present

24-10-2024T09:03:33 - [MESSAGE][PASSED] - Text 'udf data 2' is set on object 'Object Repository/IWP30/Page_ACHPersonalPaymentEntry/txt_UDF2'

24-10-2024T09:03:33 - [MESSAGE][PASSED] - Text 'udf data 3' is set on object 'Object Repository/IWP30/Page_ACHPersonalPaymentEntry/txt_UDF3'

24-10-2024T09:03:34 - [MESSAGE][PASSED] - All options with label 'Orange' are selected in object 'Object Repository/IWP30/Page_ACHPersonalPaymentEntry/dd_UDF7' 

24-10-2024T09:03:34 - [MESSAGE][PASSED] - All options with label 'Soccer' are selected in object 'Object Repository/IWP30/Page_ACHPersonalPaymentEntry/dd_UDF8' 

24-10-2024T09:03:35 - [MESSAGE][PASSED] - Object 'Object Repository/IWP30/Page_ACHPersonalPaymentEntry/txt_Firstname' is present

24-10-2024T09:03:35 - [MESSAGE][PASSED] - Text 'Elizath' is set on object 'Object Repository/IWP30/Page_ACHPersonalPaymentEntry/txt_Firstname'

24-10-2024T09:03:35 - [MESSAGE][PASSED] - Object 'Object Repository/IWP30/Page_ACHPersonalPaymentEntry/txt_Lastname' is present

24-10-2024T09:03:36 - [MESSAGE][PASSED] - Text 'Christine' is set on object 'Object Repository/IWP30/Page_ACHPersonalPaymentEntry/txt_Lastname'

24-10-2024T09:03:36 - [MESSAGE][PASSED] - Object 'Object Repository/IWP30/Page_ACHPersonalPaymentEntry/txt_routingNumber' is present

24-10-2024T09:03:37 - [MESSAGE][PASSED] - Text '256072691' is set on object 'Object Repository/IWP30/Page_ACHPersonalPaymentEntry/txt_routingNumber'

24-10-2024T09:03:37 - [MESSAGE][PASSED] - Object 'Object Repository/IWP30/Page_ACHPersonalPaymentEntry/txt_accountNumber' is present

24-10-2024T09:03:38 - [MESSAGE][PASSED] - Text '12344444' is set on object 'Object Repository/IWP30/Page_ACHPersonalPaymentEntry/txt_accountNumber'

24-10-2024T09:03:38 - [MESSAGE][PASSED] - Object 'Object Repository/IWP30/Page_ACHPersonalPaymentEntry/txt_confirmAccountNumber' is present

24-10-2024T09:03:39 - [MESSAGE][PASSED] - Text '12344444' is set on object 'Object Repository/IWP30/Page_ACHPersonalPaymentEntry/txt_confirmAccountNumber'

24-10-2024T09:03:39 - [MESSAGE][PASSED] - Object 'Object Repository/IWP30/Page_ACHPersonalPaymentEntry/rd_accountType' is present

24-10-2024T09:03:39 - [MESSAGE][PASSED] - Modify property of object successfully

24-10-2024T09:03:40 - [MESSAGE][PASSED] - Object: 'Object Repository/IWP30/Page_ACHPersonalPaymentEntry/rd_accountType' is clicked on

24-10-2024T09:03:40 - [MESSAGE][PASSED] - Execute JavaScript '
				   document.getElementById('processDate').value = '08/09/2025'
				  ' successfully

24-10-2024T09:03:40 - [MESSAGE][PASSED] - Text '365 Main Avenue' is set on object 'Object Repository/IWP30/Page_ACHPersonalPaymentEntry/txt_AL1'

24-10-2024T09:03:41 - [MESSAGE][PASSED] - Text '22201' is set on object 'Object Repository/IWP30/Page_ACHPersonalPaymentEntry/txt_ZIP'

24-10-2024T09:03:41 - [MESSAGE][PASSED] - Object 'Object Repository/IWP30/Page_ACHPersonalPaymentEntry/txt_Email' is present

24-10-2024T09:03:42 - [MESSAGE][PASSED] - Text 'iahmed@govolution.com' is set on object 'Object Repository/IWP30/Page_ACHPersonalPaymentEntry/txt_Email'

24-10-2024T09:03:43 - [MESSAGE][PASSED] - Object 'Object Repository/IWP30/Page_ACHPersonalPaymentEntry/cb_TermsAndCond' is present

24-10-2024T09:03:43 - [MESSAGE][PASSED] - Object: 'Object Repository/IWP30/Page_ACHPersonalPaymentEntry/cb_TermsAndCond' is clicked on

24-10-2024T09:03:43 - [MESSAGE][PASSED] - Object 'Object Repository/IWP30/Page_ACHPersonalPaymentEntry/btn_Continue' is present

24-10-2024T09:03:44 - [MESSAGE][PASSED] - Object: 'Object Repository/IWP30/Page_ACHPersonalPaymentEntry/btn_Continue' is clicked on

24-10-2024T09:03:44 - [MESSAGE][PASSED] - iwpPages.achPersonalPaymentEntryPage.setDataACHPPM is PASSED

24-10-2024T09:03:44 - [TEST_STEP][PASSED] - click(findTestObject("Object Repository/IWP30/Page_Confirmation/ConfirmButton")): Object: 'Object Repository/IWP30/Page_Confirmation/ConfirmButton' is clicked on

24-10-2024T09:04:16 - [MESSAGE][INFO] - Unable to find the element located by 'By.xpath: //*[@type = 'submit' and @name = 'confirmNotifyAction' and @id = 'submitYes' and @value = 'Confirm']'. Please recheck the objects properties to make sure the desired element is located. 

24-10-2024T09:04:16 - [MESSAGE][WARNING] - [SELF-HEALING] Failed to find element with id 'Object Repository/IWP30/Page_Confirmation/ConfirmButton'. Try using Self-healing.

24-10-2024T09:04:16 - [MESSAGE][WARNING] - [SELF-HEALING] The current locator of test object 'Object Repository/IWP30/Page_Confirmation/ConfirmButton' was broken. Propose an alternative one: '//div/input'.

24-10-2024T09:04:18 - [MESSAGE][PASSED] - Object: 'Object Repository/IWP30/Page_Confirmation/ConfirmButton' is clicked on

24-10-2024T09:04:18 - [TEST_STEP][PASSED] - Thread.sleep(2000): null

24-10-2024T09:04:20 - [TEST_STEP][PASSED] - if (verifyTextPresent("Deferred", false)): null

24-10-2024T09:04:20 - [MESSAGE][PASSED] - Text 'Deferred' is present on page 

24-10-2024T09:04:20 - [TEST_STEP][PASSED] - println("Deferred is present on page. Deferred Pay is created"): null

24-10-2024T09:04:20 - [TEST_STEP][PASSED] - click(findTestObject("Object Repository/IWP30/Page_Receipt/ViewScheduledPaymentsButton")): Object: 'Object Repository/IWP30/Page_Receipt/ViewScheduledPaymentsButton' is clicked on

24-10-2024T09:04:20 - [MESSAGE][PASSED] - Object: 'Object Repository/IWP30/Page_Receipt/ViewScheduledPaymentsButton' is clicked on

24-10-2024T09:04:20 - [TEST_STEP][PASSED] - switchToWindowTitle("View Scheduled Payments"): Switched to window with title: 'View Scheduled Payments'

24-10-2024T09:04:21 - [MESSAGE][PASSED] - Switched to window with title: 'View Scheduled Payments'

24-10-2024T09:04:21 - [TEST_STEP][PASSED] - Thread.sleep(5000): null

24-10-2024T09:04:26 - [TEST_STEP][PASSED] - if (verifyTextPresent("View Scheduled Payments", false)): null

24-10-2024T09:04:26 - [MESSAGE][PASSED] - Text 'View Scheduled Payments' is present on page 

24-10-2024T09:04:26 - [TEST_STEP][PASSED] - click(findTestObject("Object Repository/IWP30/Page_ScheduledPayments/edit_payment")): Object: 'Object Repository/IWP30/Page_ScheduledPayments/edit_payment' is clicked on

24-10-2024T09:04:29 - [MESSAGE][PASSED] - Object: 'Object Repository/IWP30/Page_ScheduledPayments/edit_payment' is clicked on

24-10-2024T09:04:29 - [TEST_STEP][PASSED] - iwpPages.editSchedulePayment.setDataSchedPayment(row, dataFile): iwpPages.editSchedulePayment.setDataSchedPayment is PASSED

24-10-2024T09:04:29 - [MESSAGE][PASSED] - Text 'Edit Payment Plan' is present on page 

24-10-2024T09:04:30 - [MESSAGE][PASSED] - All options with label 'Orange' are selected in object 'Object Repository/IWP30/Page_CCPaymentEntry/UserDefined7' 

24-10-2024T09:04:30 - [MESSAGE][PASSED] - All options with label 'Soccer' are selected in object 'Object Repository/IWP30/Page_CCPaymentEntry/UserDefined8' 

24-10-2024T09:04:30 - [MESSAGE][PASSED] - Execute JavaScript '
				   document.getElementById('processDate').value = '08/09/2045'
				  ' successfully

24-10-2024T09:04:30 - [MESSAGE][PASSED] - iwpPages.editSchedulePayment.setDataSchedPayment is PASSED

24-10-2024T09:04:30 - [TEST_STEP][PASSED] - click(findTestObject("Object Repository/Page_EditSchedPayment/chkbox_acceptterms")): Object: 'Object Repository/Page_EditSchedPayment/chkbox_acceptterms' is clicked on

24-10-2024T09:04:31 - [MESSAGE][PASSED] - Object: 'Object Repository/Page_EditSchedPayment/chkbox_acceptterms' is clicked on

24-10-2024T09:04:31 - [TEST_STEP][PASSED] - click(findTestObject("Object Repository/Page_EditSchedPayment/btn_update")): Object: 'Object Repository/Page_EditSchedPayment/btn_update' is clicked on

24-10-2024T09:04:33 - [MESSAGE][PASSED] - Object: 'Object Repository/Page_EditSchedPayment/btn_update' is clicked on

24-10-2024T09:04:33 - [TEST_STEP][PASSED] - if (verifyTextPresent("Successful Payment Plan Update", false)): null

24-10-2024T09:04:33 - [MESSAGE][PASSED] - Text 'Successful Payment Plan Update' is present on page 

24-10-2024T09:04:33 - [TEST_STEP][PASSED] - click(findTestObject("Object Repository/IWP30/Page_SuccesfulUpdate/btn_back")): Object: 'Object Repository/IWP30/Page_SuccesfulUpdate/btn_back' is clicked on

24-10-2024T09:04:34 - [MESSAGE][PASSED] - Object: 'Object Repository/IWP30/Page_SuccesfulUpdate/btn_back' is clicked on

24-10-2024T09:04:34 - [TEST_STEP][PASSED] - click(findTestObject("Object Repository/IWP30/Page_ScheduledPayments/cancel_payment")): Object: 'Object Repository/IWP30/Page_ScheduledPayments/cancel_payment' is clicked on

24-10-2024T09:04:35 - [MESSAGE][PASSED] - Object: 'Object Repository/IWP30/Page_ScheduledPayments/cancel_payment' is clicked on

24-10-2024T09:04:35 - [TEST_STEP][PASSED] - if (verifyTextPresent("Cancel Payment Plan", false)): null

24-10-2024T09:04:35 - [MESSAGE][PASSED] - Text 'Cancel Payment Plan' is present on page 

24-10-2024T09:04:35 - [TEST_STEP][PASSED] - click(findTestObject("Object Repository/IWP30/Page_PaymentPlan/btn_cancel")): Object: 'Object Repository/IWP30/Page_PaymentPlan/btn_cancel' is clicked on

24-10-2024T09:04:36 - [MESSAGE][PASSED] - Object: 'Object Repository/IWP30/Page_PaymentPlan/btn_cancel' is clicked on

24-10-2024T09:04:36 - [TEST_STEP][PASSED] - acceptAlert(): Alert accepted

24-10-2024T09:04:36 - [MESSAGE][PASSED] - Alert accepted

24-10-2024T09:04:36 - [TEST_STEP][PASSED] - if (verifyTextPresent("Your payment plan has been successfully canceled", false)): null

24-10-2024T09:04:37 - [MESSAGE][PASSED] - Text 'Your payment plan has been successfully canceled' is present on page 

24-10-2024T09:04:37 - [TEST_STEP][PASSED] - markPassed("Your payment plan has been successfully created, modified and canceled"): Your payment plan has been successfully created, modified and canceled

24-10-2024T09:04:37 - [MESSAGE][PASSED] - Your payment plan has been successfully created, modified and canceled

24-10-2024T09:04:37 - [TEST_STEP][PASSED] - resText = "Pass": null

24-10-2024T09:04:37 - [TEST_STEP][PASSED] - println(row): null

24-10-2024T09:04:37 - [TEST_STEP][PASSED] - pages.WriteExcel.demoKey(resText, datText, resColumn, datCloumn, fileLoc, nameSheet, row): pages.WriteExcel.demoKey is PASSED

24-10-2024T09:04:37 - [MESSAGE][PASSED] - pages.WriteExcel.demoKey is PASSED

24-10-2024T09:04:37 - [TEST_STEP][PASSED] - closeBrowser(): Browser is closed

24-10-2024T09:04:38 - [MESSAGE][PASSED] - Browser is closed]]></system-out>
         <system-err><![CDATA[]]></system-err>
      </testcase>
      <testcase name="Test Cases/IntegratedWeb/IWP25/Error/CardExpiredErrorCC" time="103.481" classname="Test Cases/IntegratedWeb/IWP25/Error/CardExpiredErrorCC" status="ERROR">
         <error type="ERROR" message="Test Cases/IntegratedWeb/IWP25/Error/CardExpiredErrorCC FAILED.&#xa;Reason:&#xa;org.codehaus.groovy.runtime.InvokerInvocationException: java.io.FileNotFoundException: KatalonData\IWPTestData\VRelay25Payments.xlsx (The process cannot access the file because it is being used by another process)&#xa;	at com.kms.katalon.core.main.CustomKeywordDelegatingMetaClass.invokeStaticMethod(CustomKeywordDelegatingMetaClass.java:55)&#xa;	at CardExpiredErrorCC.run(CardExpiredErrorCC:91)&#xa;	at com.kms.katalon.core.main.ScriptEngine.run(ScriptEngine.java:194)&#xa;	at com.kms.katalon.core.main.ScriptEngine.runScriptAsRawText(ScriptEngine.java:119)&#xa;	at com.kms.katalon.core.main.TestCaseExecutor.runScript(TestCaseExecutor.java:448)&#xa;	at com.kms.katalon.core.main.TestCaseExecutor.doExecute(TestCaseExecutor.java:439)&#xa;	at com.kms.katalon.core.main.TestCaseExecutor.processExecutionPhase(TestCaseExecutor.java:418)&#xa;	at com.kms.katalon.core.main.TestCaseExecutor.accessMainPhase(TestCaseExecutor.java:410)&#xa;	at com.kms.katalon.core.main.TestCaseExecutor.execute(TestCaseExecutor.java:285)&#xa;	at com.kms.katalon.core.common.CommonExecutor.accessTestCaseMainPhase(CommonExecutor.java:65)&#xa;	at com.kms.katalon.core.main.TestSuiteExecutor.accessTestSuiteMainPhase(TestSuiteExecutor.java:150)&#xa;	at com.kms.katalon.core.main.TestSuiteExecutor.execute(TestSuiteExecutor.java:106)&#xa;	at com.kms.katalon.core.main.TestCaseMain.startTestSuite(TestCaseMain.java:180)&#xa;	at TempTestSuite1729731001385.run(TempTestSuite1729731001385.groovy:35)&#xa;	at java.base/jdk.internal.reflect.NativeMethodAccessorImpl.invoke0(Native Method)&#xa;	at java.base/jdk.internal.reflect.NativeMethodAccessorImpl.invoke(NativeMethodAccessorImpl.java:77)&#xa;	at java.base/jdk.internal.reflect.DelegatingMethodAccessorImpl.invoke(DelegatingMethodAccessorImpl.java:43)&#xa;Caused by: java.io.FileNotFoundException: KatalonData\IWPTestData\VRelay25Payments.xlsx (The process cannot access the file because it is being used by another process)&#xa;	at pages.WriteExcel.demoKey(WriteExcel.groovy:93)&#xa;	at jdk.internal.reflect.GeneratedMethodAccessor43.invoke(Unknown Source)&#xa;	at java.base/jdk.internal.reflect.DelegatingMethodAccessorImpl.invoke(DelegatingMethodAccessorImpl.java:43)&#xa;	... 17 more&#xa;"/>
         <system-out><![CDATA[24-10-2024T09:04:38 - [TEST_CASE][ERROR] - Test Cases/IntegratedWeb/IWP25/Error/CardExpiredErrorCC: Test Cases/IntegratedWeb/IWP25/Error/CardExpiredErrorCC FAILED.
Reason:
org.codehaus.groovy.runtime.InvokerInvocationException: java.io.FileNotFoundException: KatalonData\IWPTestData\VRelay25Payments.xlsx (The process cannot access the file because it is being used by another process)
	at com.kms.katalon.core.main.CustomKeywordDelegatingMetaClass.invokeStaticMethod(CustomKeywordDelegatingMetaClass.java:55)
	at CardExpiredErrorCC.run(CardExpiredErrorCC:91)
	at com.kms.katalon.core.main.ScriptEngine.run(ScriptEngine.java:194)
	at com.kms.katalon.core.main.ScriptEngine.runScriptAsRawText(ScriptEngine.java:119)
	at com.kms.katalon.core.main.TestCaseExecutor.runScript(TestCaseExecutor.java:448)
	at com.kms.katalon.core.main.TestCaseExecutor.doExecute(TestCaseExecutor.java:439)
	at com.kms.katalon.core.main.TestCaseExecutor.processExecutionPhase(TestCaseExecutor.java:418)
	at com.kms.katalon.core.main.TestCaseExecutor.accessMainPhase(TestCaseExecutor.java:410)
	at com.kms.katalon.core.main.TestCaseExecutor.execute(TestCaseExecutor.java:285)
	at com.kms.katalon.core.common.CommonExecutor.accessTestCaseMainPhase(CommonExecutor.java:65)
	at com.kms.katalon.core.main.TestSuiteExecutor.accessTestSuiteMainPhase(TestSuiteExecutor.java:150)
	at com.kms.katalon.core.main.TestSuiteExecutor.execute(TestSuiteExecutor.java:106)
	at com.kms.katalon.core.main.TestCaseMain.startTestSuite(TestCaseMain.java:180)
	at TempTestSuite1729731001385.run(TempTestSuite1729731001385.groovy:35)
	at java.base/jdk.internal.reflect.NativeMethodAccessorImpl.invoke0(Native Method)
	at java.base/jdk.internal.reflect.NativeMethodAccessorImpl.invoke(NativeMethodAccessorImpl.java:77)
	at java.base/jdk.internal.reflect.DelegatingMethodAccessorImpl.invoke(DelegatingMethodAccessorImpl.java:43)
Caused by: java.io.FileNotFoundException: KatalonData\IWPTestData\VRelay25Payments.xlsx (The process cannot access the file because it is being used by another process)
	at pages.WriteExcel.demoKey(WriteExcel.groovy:93)
	at jdk.internal.reflect.GeneratedMethodAccessor43.invoke(Unknown Source)
	at java.base/jdk.internal.reflect.DelegatingMethodAccessorImpl.invoke(DelegatingMethodAccessorImpl.java:43)
	... 17 more


24-10-2024T09:04:38 - [TEST_STEP][PASSED] - resText = "Fail": null

24-10-2024T09:04:38 - [TEST_STEP][PASSED] - resColumn = "Result": null

24-10-2024T09:04:38 - [TEST_STEP][PASSED] - datCloumn = "Date": null

24-10-2024T09:04:38 - [TEST_STEP][PASSED] - fileLoc = "KatalonData/IWPTestData/VRelay25Payments.xlsx": null

24-10-2024T09:04:38 - [TEST_STEP][PASSED] - numOfRows = <not implemented yet for class: org.codehaus.groovy.ast.expr.EmptyExpression>: null

24-10-2024T09:04:38 - [TEST_STEP][PASSED] - dataFile = <not implemented yet for class: org.codehaus.groovy.ast.expr.EmptyExpression>: null

24-10-2024T09:04:38 - [TEST_STEP][PASSED] - nameSheet = <not implemented yet for class: org.codehaus.groovy.ast.expr.EmptyExpression>: null

24-10-2024T09:04:38 - [TEST_STEP][PASSED] - dataFileEmulator = <not implemented yet for class: org.codehaus.groovy.ast.expr.EmptyExpression>: null

24-10-2024T09:04:38 - [TEST_STEP][PASSED] - nameSheet = "CardExpiredErrorCC": null

24-10-2024T09:04:38 - [TEST_STEP][PASSED] - dataFile = "IWPTestData/IWP25CardExpiredErrorCC": null

24-10-2024T09:04:38 - [TEST_STEP][PASSED] - dataFileEmulator = "IWPTestData/EmulatorData": null

24-10-2024T09:04:38 - [TEST_STEP][PASSED] - numOfRows = findTestData(dataFile).getRowNumbers(): null

24-10-2024T09:04:38 - [TEST_STEP][PASSED] - println("Number of Records: " + numOfRows): null

24-10-2024T09:04:38 - [TEST_STEP][PASSED] - for ([row = 1, row <= numOfRows, (row++)]): null

24-10-2024T09:04:38 - [TEST_STEP][PASSED] - ExecuteTC = findTestData(dataFile).getValue("Execute", row): null

24-10-2024T09:04:38 - [TEST_STEP][PASSED] - out.println("Value of Execute is : " + ExecuteTC): null

24-10-2024T09:04:38 - [TEST_STEP][PASSED] - if (ExecuteTC.equalsIgnoreCase("Y")): null

24-10-2024T09:04:38 - [TEST_STEP][PASSED] - out.println("Begin Record Number: " + row): null

24-10-2024T09:04:38 - [TEST_STEP][PASSED] - today = new java.util.Date(): null

24-10-2024T09:04:38 - [TEST_STEP][PASSED] - println(today): null

24-10-2024T09:04:38 - [TEST_STEP][PASSED] - datText = today: null

24-10-2024T09:04:38 - [TEST_STEP][PASSED] - EmulatorDataKey = findTestData(dataFile).getValue("EmulatorData", row): null

24-10-2024T09:04:38 - [TEST_STEP][PASSED] - out.println("Value of Emulator Key is : " + EmulatorDataKey): null

24-10-2024T09:04:38 - [TEST_STEP][PASSED] - iwpPages.emulatorIWP30.setDataEmulator_DD(EmulatorDataKey): iwpPages.emulatorIWP30.setDataEmulator_DD is PASSED

24-10-2024T09:04:38 - [MESSAGE][INFO] - Starting 'Edge Chromium' driver

24-10-2024T09:04:38 - [MESSAGE][INFO] - User set preference: ['acceptInsecureCerts', 'true']

24-10-2024T09:04:40 - [MESSAGE][INFO] - Action delay is set to 0 milliseconds

24-10-2024T09:04:45 - [MESSAGE][PASSED] - Browser is opened with url: 'https://qa2.velocitypayment.com/agencyx/config.action?action=editor&message_version=2_5'

24-10-2024T09:04:45 - [MESSAGE][PASSED] - Current window maximized

24-10-2024T09:05:16 - [MESSAGE][INFO] - Unable to find the element located by 'By.xpath: //select[@name='message_version']'. Please recheck the objects properties to make sure the desired element is located. 

24-10-2024T09:05:16 - [MESSAGE][WARNING] - [SELF-HEALING] Failed to find element with id 'Object Repository/IWP30/Page_VRelay30Emulator/MV'. Try using Self-healing.

24-10-2024T09:05:16 - [MESSAGE][WARNING] - [SELF-HEALING] The current locator of test object 'Object Repository/IWP30/Page_VRelay30Emulator/MV' was broken. Propose an alternative one: '(.//*[normalize-space(text()) and normalize-space(.)='Message Version'])[1]/following::select[1]'.

24-10-2024T09:05:17 - [MESSAGE][PASSED] - All options with value '2.5' are selected in object 'Object Repository/IWP30/Page_VRelay30Emulator/MV'  using regular expression

24-10-2024T09:05:17 - [MESSAGE][PASSED] - Text '10.50' is set on object 'Object Repository/IWP30/Page_EmulatorAgencyX/Amount'

24-10-2024T09:05:18 - [MESSAGE][PASSED] - Text 'BYgpVf45Lhds' is set on object 'Object Repository/IWP30/Page_EmulatorAgencyX/CAN'

24-10-2024T09:05:18 - [MESSAGE][PASSED] - Text 'PayNow' is set on object 'Object Repository/IWP30/Page_EmulatorAgencyX/Action'

24-10-2024T09:05:19 - [MESSAGE][PASSED] - Text 'en_US' is set on object 'Object Repository/IWP30/Page_EmulatorAgencyX/Lang'

24-10-2024T09:05:20 - [MESSAGE][PASSED] - Text '' is set on object 'Object Repository/IWP30/Page_EmulatorAgencyX/Fname'

24-10-2024T09:05:20 - [MESSAGE][PASSED] - Text '' is set on object 'Object Repository/IWP30/Page_EmulatorAgencyX/Lname'

24-10-2024T09:05:21 - [MESSAGE][PASSED] - Text '' is set on object 'Object Repository/IWP30/Page_EmulatorAgencyX/AL1'

24-10-2024T09:05:21 - [MESSAGE][PASSED] - Text '' is set on object 'Object Repository/IWP30/Page_EmulatorAgencyX/AL2'

24-10-2024T09:05:22 - [MESSAGE][PASSED] - Text '' is set on object 'Object Repository/IWP30/Page_EmulatorAgencyX/Country'

24-10-2024T09:05:22 - [MESSAGE][PASSED] - Text '' is set on object 'Object Repository/IWP30/Page_EmulatorAgencyX/City'

24-10-2024T09:05:23 - [MESSAGE][PASSED] - Text '' is set on object 'Object Repository/IWP30/Page_EmulatorAgencyX/State'

24-10-2024T09:05:24 - [MESSAGE][PASSED] - Text '' is set on object 'Object Repository/IWP30/Page_EmulatorAgencyX/ZIP'

24-10-2024T09:05:24 - [MESSAGE][PASSED] - Text '' is set on object 'Object Repository/IWP30/Page_EmulatorAgencyX/Order'

24-10-2024T09:05:25 - [MESSAGE][PASSED] - Text '' is set on object 'Object Repository/IWP30/Page_EmulatorAgencyX/Company'

24-10-2024T09:05:25 - [MESSAGE][PASSED] - Text '' is set on object 'Object Repository/IWP30/Page_EmulatorAgencyX/Email'

24-10-2024T09:05:26 - [MESSAGE][PASSED] - Text '' is set on object 'Object Repository/IWP30/Page_EmulatorAgencyX/UDF1'

24-10-2024T09:05:26 - [MESSAGE][PASSED] - Text '' is set on object 'Object Repository/IWP30/Page_EmulatorAgencyX/UDF2'

24-10-2024T09:05:27 - [MESSAGE][PASSED] - Text '' is set on object 'Object Repository/IWP30/Page_EmulatorAgencyX/UDF3'

24-10-2024T09:05:28 - [MESSAGE][PASSED] - Text 'udf data 4' is set on object 'Object Repository/IWP30/Page_EmulatorAgencyX/UDF4'

24-10-2024T09:05:28 - [MESSAGE][PASSED] - Text 'udf data 5' is set on object 'Object Repository/IWP30/Page_EmulatorAgencyX/UDF5'

24-10-2024T09:05:29 - [MESSAGE][PASSED] - Text '' is set on object 'Object Repository/IWP30/Page_EmulatorAgencyX/UDF6'

24-10-2024T09:05:29 - [MESSAGE][PASSED] - Text '' is set on object 'Object Repository/IWP30/Page_EmulatorAgencyX/UDF7'

24-10-2024T09:05:30 - [MESSAGE][PASSED] - Text '' is set on object 'Object Repository/IWP30/Page_EmulatorAgencyX/UDF8'

24-10-2024T09:05:30 - [MESSAGE][PASSED] - Text 'udf data 9' is set on object 'Object Repository/IWP30/Page_EmulatorAgencyX/UDF9'

24-10-2024T09:05:31 - [MESSAGE][PASSED] - Text 'udf data 10' is set on object 'Object Repository/IWP30/Page_EmulatorAgencyX/UDF10'

24-10-2024T09:05:33 - [MESSAGE][PASSED] - Object: 'Object Repository/IWP30/Page_EmulatorAgencyX/Submit' is clicked on

24-10-2024T09:05:37 - [MESSAGE][PASSED] - Browser is closed

24-10-2024T09:05:41 - [MESSAGE][PASSED] - iwpPages.emulatorIWP30.setDataEmulator_DD is PASSED

24-10-2024T09:05:41 - [TEST_STEP][PASSED] - testHarnessURL = urlTestHarness: null

24-10-2024T09:05:41 - [TEST_STEP][PASSED] - openBrowser(testHarnessURL): Browser is opened with url: 'https://dev-algorithm.govolution.com/vrelaytest/QA2/version_2_2/vrelaytest.html'

24-10-2024T09:05:41 - [MESSAGE][INFO] - Starting 'Edge Chromium' driver

24-10-2024T09:05:41 - [MESSAGE][INFO] - User set preference: ['acceptInsecureCerts', 'true']

24-10-2024T09:05:43 - [MESSAGE][INFO] - Action delay is set to 0 milliseconds

24-10-2024T09:05:47 - [MESSAGE][PASSED] - Browser is opened with url: 'https://dev-algorithm.govolution.com/vrelaytest/QA2/version_2_2/vrelaytest.html'

24-10-2024T09:05:47 - [TEST_STEP][PASSED] - maximizeWindow(): Current window maximized

24-10-2024T09:05:47 - [MESSAGE][PASSED] - Current window maximized

24-10-2024T09:05:47 - [TEST_STEP][PASSED] - iwpPages.TestHarnessPage.setDataMethod(row, dataFile): iwpPages.TestHarnessPage.setDataMethod is PASSED

24-10-2024T09:05:47 - [MESSAGE][PASSED] - Object 'Object Repository/IWP30/Page_QATestHarness/RemittanceID' is present

24-10-2024T09:05:48 - [MESSAGE][PASSED] - Text '638' is set on object 'Object Repository/IWP30/Page_QATestHarness/ApplicationID'

24-10-2024T09:05:48 - [MESSAGE][PASSED] - Text '2.5' is set on object 'Object Repository/IWP30/Page_QATestHarness/MessageVersion'

24-10-2024T09:05:49 - [MESSAGE][PASSED] - Text 'ptuKDsTQzDdg' is set on object 'Object Repository/IWP30/Page_QATestHarness/RemittanceID'

24-10-2024T09:05:53 - [MESSAGE][PASSED] - Object: 'Object Repository/IWP30/Page_QATestHarness/SubmitButton' is clicked on

24-10-2024T09:05:53 - [MESSAGE][PASSED] - iwpPages.TestHarnessPage.setDataMethod is PASSED

24-10-2024T09:05:53 - [TEST_STEP][PASSED] - click(findTestObject("Object Repository/IWP30/Page_SelectPaymentMethod/PayByCreditCard")): Object: 'Object Repository/IWP30/Page_SelectPaymentMethod/PayByCreditCard' is clicked on

24-10-2024T09:05:53 - [MESSAGE][PASSED] - Object: 'Object Repository/IWP30/Page_SelectPaymentMethod/PayByCreditCard' is clicked on

24-10-2024T09:05:53 - [TEST_STEP][PASSED] - click(findTestObject("Object Repository/IWP30/Page_SelectPaymentMethod/MakePaymentButton")): Object: 'Object Repository/IWP30/Page_SelectPaymentMethod/MakePaymentButton' is clicked on

24-10-2024T09:05:57 - [MESSAGE][PASSED] - Object: 'Object Repository/IWP30/Page_SelectPaymentMethod/MakePaymentButton' is clicked on

24-10-2024T09:05:57 - [TEST_STEP][PASSED] - iwpPages.ccPaymentEntryPage.setDataCCPM(row, dataFile): iwpPages.ccPaymentEntryPage.setDataCCPM is PASSED

24-10-2024T09:05:58 - [MESSAGE][PASSED] - Object 'Object Repository/IWP30/Page_CCPaymentEntry/Name' is present

24-10-2024T09:05:58 - [MESSAGE][PASSED] - Text '10.50' is set on object 'Object Repository/IWP30/Page_CCPaymentEntry/Amount'

24-10-2024T09:05:59 - [MESSAGE][PASSED] - Text 'udf data 2' is set on object 'Object Repository/IWP30/Page_CCPaymentEntry/UserDefined2'

24-10-2024T09:06:00 - [MESSAGE][PASSED] - Text 'udf data 3' is set on object 'Object Repository/IWP30/Page_CCPaymentEntry/UserDefined3'

24-10-2024T09:06:00 - [MESSAGE][PASSED] - All options with label 'Orange' are selected in object 'Object Repository/IWP30/Page_CCPaymentEntry/UserDefined7' 

24-10-2024T09:06:01 - [MESSAGE][PASSED] - All options with label 'Soccer' are selected in object 'Object Repository/IWP30/Page_CCPaymentEntry/UserDefined8' 

24-10-2024T09:06:01 - [MESSAGE][PASSED] - Object 'Object Repository/IWP30/Page_CCPaymentEntry/Name' is present

24-10-2024T09:06:01 - [MESSAGE][PASSED] - Text 'Kavita Ranawati' is set on object 'Object Repository/IWP30/Page_CCPaymentEntry/Name'

24-10-2024T09:06:02 - [MESSAGE][PASSED] - Object 'Object Repository/IWP30/Page_CCPaymentEntry/CardNumber' is present

24-10-2024T09:06:02 - [MESSAGE][PASSED] - Text '4111111111111111' is set on object 'Object Repository/IWP30/Page_CCPaymentEntry/CardNumber'

24-10-2024T09:06:03 - [MESSAGE][PASSED] - Text '123' is set on object 'Object Repository/IWP30/Page_CCPaymentEntry/SPC'

24-10-2024T09:06:03 - [MESSAGE][PASSED] - Object 'Object Repository/IWP30/Page_CCPaymentEntry/Month' is present

24-10-2024T09:06:04 - [MESSAGE][PASSED] - All options with label '01' are selected in object 'Object Repository/IWP30/Page_CCPaymentEntry/Month' 

24-10-2024T09:06:04 - [MESSAGE][PASSED] - Object 'Object Repository/IWP30/Page_CCPaymentEntry/Year' is present

24-10-2024T09:06:05 - [MESSAGE][PASSED] - All options with label '2024' are selected in object 'Object Repository/IWP30/Page_CCPaymentEntry/Year' 

24-10-2024T09:06:05 - [MESSAGE][PASSED] - Text '365 Main Avenue' is set on object 'Object Repository/IWP30/Page_CCPaymentEntry/AL1'

24-10-2024T09:06:06 - [MESSAGE][PASSED] - Text '22201' is set on object 'Object Repository/IWP30/Page_CCPaymentEntry/ZIP'

24-10-2024T09:06:06 - [MESSAGE][PASSED] - Object 'Object Repository/IWP30/Page_CCPaymentEntry/EmailAddress' is present

24-10-2024T09:06:08 - [MESSAGE][PASSED] - Text 'iahmed@govolution.com' is set on object 'Object Repository/IWP30/Page_CCPaymentEntry/EmailAddress'

24-10-2024T09:06:08 - [MESSAGE][PASSED] - Object 'Object Repository/IWP30/Page_CCPaymentEntry/TermCondCheckBox' is present

24-10-2024T09:06:08 - [MESSAGE][PASSED] - Object 'Object Repository/IWP30/Page_CCPaymentEntry/TermCondCheckBox' is checked

24-10-2024T09:06:08 - [MESSAGE][PASSED] - Object 'Object Repository/IWP30/Page_CCPaymentEntry/ContinueButton' is present

24-10-2024T09:06:11 - [MESSAGE][PASSED] - Object: 'Object Repository/IWP30/Page_CCPaymentEntry/ContinueButton' is clicked on

24-10-2024T09:06:11 - [MESSAGE][PASSED] - iwpPages.ccPaymentEntryPage.setDataCCPM is PASSED

24-10-2024T09:06:11 - [TEST_STEP][PASSED] - Thread.sleep(10000): null

24-10-2024T09:06:21 - [TEST_STEP][PASSED] - if (verifyTextPresent("Invalid card expiration date", false)): null

24-10-2024T09:06:21 - [MESSAGE][PASSED] - Text 'Invalid card expiration date' is present on page 

24-10-2024T09:06:21 - [TEST_STEP][PASSED] - println("Invalid card expiration date message shown"): null

24-10-2024T09:06:21 - [TEST_STEP][PASSED] - markPassed("Max Amount Error message shown"): Max Amount Error message shown

24-10-2024T09:06:21 - [MESSAGE][PASSED] - Max Amount Error message shown

24-10-2024T09:06:21 - [TEST_STEP][PASSED] - resText = "Pass": null

24-10-2024T09:06:21 - [TEST_STEP][ERROR] - pages.WriteExcel.demoKey(resText, datText, resColumn, datCloumn, fileLoc, nameSheet, row): Test Cases/IntegratedWeb/IWP25/Error/CardExpiredErrorCC FAILED.
Reason:
com.kms.katalon.core.exception.StepErrorException: org.codehaus.groovy.runtime.InvokerInvocationException: java.io.FileNotFoundException: KatalonData\IWPTestData\VRelay25Payments.xlsx (The process cannot access the file because it is being used by another process)
	at com.kms.katalon.core.main.CustomKeywordDelegatingMetaClass.throwError(CustomKeywordDelegatingMetaClass.java:101)
	at com.kms.katalon.core.main.CustomKeywordDelegatingMetaClass.invokeStaticMethod(CustomKeywordDelegatingMetaClass.java:73)
	at CardExpiredErrorCC.run(CardExpiredErrorCC:91)
	at com.kms.katalon.core.main.ScriptEngine.run(ScriptEngine.java:194)
	at com.kms.katalon.core.main.ScriptEngine.runScriptAsRawText(ScriptEngine.java:119)
	at com.kms.katalon.core.main.TestCaseExecutor.runScript(TestCaseExecutor.java:448)
	at com.kms.katalon.core.main.TestCaseExecutor.doExecute(TestCaseExecutor.java:439)
	at com.kms.katalon.core.main.TestCaseExecutor.processExecutionPhase(TestCaseExecutor.java:418)
	at com.kms.katalon.core.main.TestCaseExecutor.accessMainPhase(TestCaseExecutor.java:410)
	at com.kms.katalon.core.main.TestCaseExecutor.execute(TestCaseExecutor.java:285)
	at com.kms.katalon.core.common.CommonExecutor.accessTestCaseMainPhase(CommonExecutor.java:65)
	at com.kms.katalon.core.main.TestSuiteExecutor.accessTestSuiteMainPhase(TestSuiteExecutor.java:150)
	at com.kms.katalon.core.main.TestSuiteExecutor.execute(TestSuiteExecutor.java:106)
	at com.kms.katalon.core.main.TestCaseMain.startTestSuite(TestCaseMain.java:180)
	at TempTestSuite1729731001385.run(TempTestSuite1729731001385.groovy:35)
	at java.base/jdk.internal.reflect.NativeMethodAccessorImpl.invoke0(Native Method)
	at java.base/jdk.internal.reflect.NativeMethodAccessorImpl.invoke(NativeMethodAccessorImpl.java:77)
	at java.base/jdk.internal.reflect.DelegatingMethodAccessorImpl.invoke(DelegatingMethodAccessorImpl.java:43)
Caused by: org.codehaus.groovy.runtime.InvokerInvocationException: java.io.FileNotFoundException: KatalonData\IWPTestData\VRelay25Payments.xlsx (The process cannot access the file because it is being used by another process)
	at com.kms.katalon.core.main.CustomKeywordDelegatingMetaClass.invokeStaticMethod(CustomKeywordDelegatingMetaClass.java:55)
	at Script1725455215971.run(Script1725455215971.groovy:91)
	... 15 more
Caused by: java.io.FileNotFoundException: KatalonData\IWPTestData\VRelay25Payments.xlsx (The process cannot access the file because it is being used by another process)
	at pages.WriteExcel.demoKey(WriteExcel.groovy:93)
	at jdk.internal.reflect.GeneratedMethodAccessor43.invoke(Unknown Source)
	at java.base/jdk.internal.reflect.DelegatingMethodAccessorImpl.invoke(DelegatingMethodAccessorImpl.java:43)
	at com.kms.katalon.core.main.CustomKeywordDelegatingMetaClass.invokeStaticMethod(CustomKeywordDelegatingMetaClass.java:55)
	at CardExpiredErrorCC.run(CardExpiredErrorCC:91)
	... 15 more


24-10-2024T09:06:21 - [MESSAGE][ERROR] - java.io.FileNotFoundException: KatalonData\IWPTestData\VRelay25Payments.xlsx (The process cannot access the file because it is being used by another process)

24-10-2024T09:06:21 - [MESSAGE][ERROR] - Test Cases/IntegratedWeb/IWP25/Error/CardExpiredErrorCC FAILED.
Reason:
com.kms.katalon.core.exception.StepErrorException: org.codehaus.groovy.runtime.InvokerInvocationException: java.io.FileNotFoundException: KatalonData\IWPTestData\VRelay25Payments.xlsx (The process cannot access the file because it is being used by another process)
	at com.kms.katalon.core.main.CustomKeywordDelegatingMetaClass.throwError(CustomKeywordDelegatingMetaClass.java:101)
	at com.kms.katalon.core.main.CustomKeywordDelegatingMetaClass.invokeStaticMethod(CustomKeywordDelegatingMetaClass.java:73)
	at CardExpiredErrorCC.run(CardExpiredErrorCC:91)
	at com.kms.katalon.core.main.ScriptEngine.run(ScriptEngine.java:194)
	at com.kms.katalon.core.main.ScriptEngine.runScriptAsRawText(ScriptEngine.java:119)
	at com.kms.katalon.core.main.TestCaseExecutor.runScript(TestCaseExecutor.java:448)
	at com.kms.katalon.core.main.TestCaseExecutor.doExecute(TestCaseExecutor.java:439)
	at com.kms.katalon.core.main.TestCaseExecutor.processExecutionPhase(TestCaseExecutor.java:418)
	at com.kms.katalon.core.main.TestCaseExecutor.accessMainPhase(TestCaseExecutor.java:410)
	at com.kms.katalon.core.main.TestCaseExecutor.execute(TestCaseExecutor.java:285)
	at com.kms.katalon.core.common.CommonExecutor.accessTestCaseMainPhase(CommonExecutor.java:65)
	at com.kms.katalon.core.main.TestSuiteExecutor.accessTestSuiteMainPhase(TestSuiteExecutor.java:150)
	at com.kms.katalon.core.main.TestSuiteExecutor.execute(TestSuiteExecutor.java:106)
	at com.kms.katalon.core.main.TestCaseMain.startTestSuite(TestCaseMain.java:180)
	at TempTestSuite1729731001385.run(TempTestSuite1729731001385.groovy:35)
	at java.base/jdk.internal.reflect.NativeMethodAccessorImpl.invoke0(Native Method)
	at java.base/jdk.internal.reflect.NativeMethodAccessorImpl.invoke(NativeMethodAccessorImpl.java:77)
	at java.base/jdk.internal.reflect.DelegatingMethodAccessorImpl.invoke(DelegatingMethodAccessorImpl.java:43)
Caused by: org.codehaus.groovy.runtime.InvokerInvocationException: java.io.FileNotFoundException: KatalonData\IWPTestData\VRelay25Payments.xlsx (The process cannot access the file because it is being used by another process)
	at com.kms.katalon.core.main.CustomKeywordDelegatingMetaClass.invokeStaticMethod(CustomKeywordDelegatingMetaClass.java:55)
	at Script1725455215971.run(Script1725455215971.groovy:91)
	... 15 more
Caused by: java.io.FileNotFoundException: KatalonData\IWPTestData\VRelay25Payments.xlsx (The process cannot access the file because it is being used by another process)
	at pages.WriteExcel.demoKey(WriteExcel.groovy:93)
	at jdk.internal.reflect.GeneratedMethodAccessor43.invoke(Unknown Source)
	at java.base/jdk.internal.reflect.DelegatingMethodAccessorImpl.invoke(DelegatingMethodAccessorImpl.java:43)
	at com.kms.katalon.core.main.CustomKeywordDelegatingMetaClass.invokeStaticMethod(CustomKeywordDelegatingMetaClass.java:55)
	at CardExpiredErrorCC.run(CardExpiredErrorCC:91)
	... 15 more]]></system-out>
         <system-err><![CDATA[24-10-2024T09:04:38 - [TEST_CASE][ERROR] - Test Cases/IntegratedWeb/IWP25/Error/CardExpiredErrorCC: Test Cases/IntegratedWeb/IWP25/Error/CardExpiredErrorCC FAILED.
Reason:
org.codehaus.groovy.runtime.InvokerInvocationException: java.io.FileNotFoundException: KatalonData\IWPTestData\VRelay25Payments.xlsx (The process cannot access the file because it is being used by another process)
	at com.kms.katalon.core.main.CustomKeywordDelegatingMetaClass.invokeStaticMethod(CustomKeywordDelegatingMetaClass.java:55)
	at CardExpiredErrorCC.run(CardExpiredErrorCC:91)
	at com.kms.katalon.core.main.ScriptEngine.run(ScriptEngine.java:194)
	at com.kms.katalon.core.main.ScriptEngine.runScriptAsRawText(ScriptEngine.java:119)
	at com.kms.katalon.core.main.TestCaseExecutor.runScript(TestCaseExecutor.java:448)
	at com.kms.katalon.core.main.TestCaseExecutor.doExecute(TestCaseExecutor.java:439)
	at com.kms.katalon.core.main.TestCaseExecutor.processExecutionPhase(TestCaseExecutor.java:418)
	at com.kms.katalon.core.main.TestCaseExecutor.accessMainPhase(TestCaseExecutor.java:410)
	at com.kms.katalon.core.main.TestCaseExecutor.execute(TestCaseExecutor.java:285)
	at com.kms.katalon.core.common.CommonExecutor.accessTestCaseMainPhase(CommonExecutor.java:65)
	at com.kms.katalon.core.main.TestSuiteExecutor.accessTestSuiteMainPhase(TestSuiteExecutor.java:150)
	at com.kms.katalon.core.main.TestSuiteExecutor.execute(TestSuiteExecutor.java:106)
	at com.kms.katalon.core.main.TestCaseMain.startTestSuite(TestCaseMain.java:180)
	at TempTestSuite1729731001385.run(TempTestSuite1729731001385.groovy:35)
	at java.base/jdk.internal.reflect.NativeMethodAccessorImpl.invoke0(Native Method)
	at java.base/jdk.internal.reflect.NativeMethodAccessorImpl.invoke(NativeMethodAccessorImpl.java:77)
	at java.base/jdk.internal.reflect.DelegatingMethodAccessorImpl.invoke(DelegatingMethodAccessorImpl.java:43)
Caused by: java.io.FileNotFoundException: KatalonData\IWPTestData\VRelay25Payments.xlsx (The process cannot access the file because it is being used by another process)
	at pages.WriteExcel.demoKey(WriteExcel.groovy:93)
	at jdk.internal.reflect.GeneratedMethodAccessor43.invoke(Unknown Source)
	at java.base/jdk.internal.reflect.DelegatingMethodAccessorImpl.invoke(DelegatingMethodAccessorImpl.java:43)
	... 17 more]]></system-err>
      </testcase>
      <testcase name="Test Cases/IntegratedWeb/IWP25/Error/CardNotAcceptedErrorCC" time="103.126" classname="Test Cases/IntegratedWeb/IWP25/Error/CardNotAcceptedErrorCC" status="ERROR">
         <error type="ERROR" message="Test Cases/IntegratedWeb/IWP25/Error/CardNotAcceptedErrorCC FAILED.&#xa;Reason:&#xa;org.codehaus.groovy.runtime.InvokerInvocationException: java.io.FileNotFoundException: KatalonData\IWPTestData\VRelay25Payments.xlsx (The process cannot access the file because it is being used by another process)&#xa;	at com.kms.katalon.core.main.CustomKeywordDelegatingMetaClass.invokeStaticMethod(CustomKeywordDelegatingMetaClass.java:55)&#xa;	at CardNotAcceptedErrorCC.run(CardNotAcceptedErrorCC:91)&#xa;	at com.kms.katalon.core.main.ScriptEngine.run(ScriptEngine.java:194)&#xa;	at com.kms.katalon.core.main.ScriptEngine.runScriptAsRawText(ScriptEngine.java:119)&#xa;	at com.kms.katalon.core.main.TestCaseExecutor.runScript(TestCaseExecutor.java:448)&#xa;	at com.kms.katalon.core.main.TestCaseExecutor.doExecute(TestCaseExecutor.java:439)&#xa;	at com.kms.katalon.core.main.TestCaseExecutor.processExecutionPhase(TestCaseExecutor.java:418)&#xa;	at com.kms.katalon.core.main.TestCaseExecutor.accessMainPhase(TestCaseExecutor.java:410)&#xa;	at com.kms.katalon.core.main.TestCaseExecutor.execute(TestCaseExecutor.java:285)&#xa;	at com.kms.katalon.core.common.CommonExecutor.accessTestCaseMainPhase(CommonExecutor.java:65)&#xa;	at com.kms.katalon.core.main.TestSuiteExecutor.accessTestSuiteMainPhase(TestSuiteExecutor.java:150)&#xa;	at com.kms.katalon.core.main.TestSuiteExecutor.execute(TestSuiteExecutor.java:106)&#xa;	at com.kms.katalon.core.main.TestCaseMain.startTestSuite(TestCaseMain.java:180)&#xa;	at TempTestSuite1729731001385.run(TempTestSuite1729731001385.groovy:35)&#xa;	at java.base/jdk.internal.reflect.NativeMethodAccessorImpl.invoke0(Native Method)&#xa;	at java.base/jdk.internal.reflect.NativeMethodAccessorImpl.invoke(NativeMethodAccessorImpl.java:77)&#xa;	at java.base/jdk.internal.reflect.DelegatingMethodAccessorImpl.invoke(DelegatingMethodAccessorImpl.java:43)&#xa;Caused by: java.io.FileNotFoundException: KatalonData\IWPTestData\VRelay25Payments.xlsx (The process cannot access the file because it is being used by another process)&#xa;	at pages.WriteExcel.demoKey(WriteExcel.groovy:93)&#xa;	at jdk.internal.reflect.GeneratedMethodAccessor43.invoke(Unknown Source)&#xa;	at java.base/jdk.internal.reflect.DelegatingMethodAccessorImpl.invoke(DelegatingMethodAccessorImpl.java:43)&#xa;	... 17 more&#xa;"/>
         <system-out><![CDATA[24-10-2024T09:06:21 - [TEST_CASE][ERROR] - Test Cases/IntegratedWeb/IWP25/Error/CardNotAcceptedErrorCC: Test Cases/IntegratedWeb/IWP25/Error/CardNotAcceptedErrorCC FAILED.
Reason:
org.codehaus.groovy.runtime.InvokerInvocationException: java.io.FileNotFoundException: KatalonData\IWPTestData\VRelay25Payments.xlsx (The process cannot access the file because it is being used by another process)
	at com.kms.katalon.core.main.CustomKeywordDelegatingMetaClass.invokeStaticMethod(CustomKeywordDelegatingMetaClass.java:55)
	at CardNotAcceptedErrorCC.run(CardNotAcceptedErrorCC:91)
	at com.kms.katalon.core.main.ScriptEngine.run(ScriptEngine.java:194)
	at com.kms.katalon.core.main.ScriptEngine.runScriptAsRawText(ScriptEngine.java:119)
	at com.kms.katalon.core.main.TestCaseExecutor.runScript(TestCaseExecutor.java:448)
	at com.kms.katalon.core.main.TestCaseExecutor.doExecute(TestCaseExecutor.java:439)
	at com.kms.katalon.core.main.TestCaseExecutor.processExecutionPhase(TestCaseExecutor.java:418)
	at com.kms.katalon.core.main.TestCaseExecutor.accessMainPhase(TestCaseExecutor.java:410)
	at com.kms.katalon.core.main.TestCaseExecutor.execute(TestCaseExecutor.java:285)
	at com.kms.katalon.core.common.CommonExecutor.accessTestCaseMainPhase(CommonExecutor.java:65)
	at com.kms.katalon.core.main.TestSuiteExecutor.accessTestSuiteMainPhase(TestSuiteExecutor.java:150)
	at com.kms.katalon.core.main.TestSuiteExecutor.execute(TestSuiteExecutor.java:106)
	at com.kms.katalon.core.main.TestCaseMain.startTestSuite(TestCaseMain.java:180)
	at TempTestSuite1729731001385.run(TempTestSuite1729731001385.groovy:35)
	at java.base/jdk.internal.reflect.NativeMethodAccessorImpl.invoke0(Native Method)
	at java.base/jdk.internal.reflect.NativeMethodAccessorImpl.invoke(NativeMethodAccessorImpl.java:77)
	at java.base/jdk.internal.reflect.DelegatingMethodAccessorImpl.invoke(DelegatingMethodAccessorImpl.java:43)
Caused by: java.io.FileNotFoundException: KatalonData\IWPTestData\VRelay25Payments.xlsx (The process cannot access the file because it is being used by another process)
	at pages.WriteExcel.demoKey(WriteExcel.groovy:93)
	at jdk.internal.reflect.GeneratedMethodAccessor43.invoke(Unknown Source)
	at java.base/jdk.internal.reflect.DelegatingMethodAccessorImpl.invoke(DelegatingMethodAccessorImpl.java:43)
	... 17 more


24-10-2024T09:06:21 - [TEST_STEP][PASSED] - resText = "Fail": null

24-10-2024T09:06:21 - [TEST_STEP][PASSED] - resColumn = "Result": null

24-10-2024T09:06:21 - [TEST_STEP][PASSED] - datCloumn = "Date": null

24-10-2024T09:06:21 - [TEST_STEP][PASSED] - fileLoc = "KatalonData/IWPTestData/VRelay25Payments.xlsx": null

24-10-2024T09:06:21 - [TEST_STEP][PASSED] - numOfRows = <not implemented yet for class: org.codehaus.groovy.ast.expr.EmptyExpression>: null

24-10-2024T09:06:21 - [TEST_STEP][PASSED] - dataFile = <not implemented yet for class: org.codehaus.groovy.ast.expr.EmptyExpression>: null

24-10-2024T09:06:21 - [TEST_STEP][PASSED] - nameSheet = <not implemented yet for class: org.codehaus.groovy.ast.expr.EmptyExpression>: null

24-10-2024T09:06:21 - [TEST_STEP][PASSED] - dataFileEmulator = <not implemented yet for class: org.codehaus.groovy.ast.expr.EmptyExpression>: null

24-10-2024T09:06:21 - [TEST_STEP][PASSED] - nameSheet = "CardNotAcceptedErrorCC": null

24-10-2024T09:06:21 - [TEST_STEP][PASSED] - dataFile = "IWPTestData/IWP25CardNotAcceptedErrorCC": null

24-10-2024T09:06:21 - [TEST_STEP][PASSED] - dataFileEmulator = "IWPTestData/EmulatorData": null

24-10-2024T09:06:21 - [TEST_STEP][PASSED] - numOfRows = findTestData(dataFile).getRowNumbers(): null

24-10-2024T09:06:22 - [TEST_STEP][PASSED] - println("Number of Records: " + numOfRows): null

24-10-2024T09:06:22 - [TEST_STEP][PASSED] - for ([row = 1, row <= numOfRows, (row++)]): null

24-10-2024T09:06:22 - [TEST_STEP][PASSED] - ExecuteTC = findTestData(dataFile).getValue("Execute", row): null

24-10-2024T09:06:22 - [TEST_STEP][PASSED] - out.println("Value of Execute is : " + ExecuteTC): null

24-10-2024T09:06:22 - [TEST_STEP][PASSED] - if (ExecuteTC.equalsIgnoreCase("Y")): null

24-10-2024T09:06:22 - [TEST_STEP][PASSED] - out.println("Begin Record Number: " + row): null

24-10-2024T09:06:22 - [TEST_STEP][PASSED] - today = new java.util.Date(): null

24-10-2024T09:06:22 - [TEST_STEP][PASSED] - println(today): null

24-10-2024T09:06:22 - [TEST_STEP][PASSED] - datText = today: null

24-10-2024T09:06:22 - [TEST_STEP][PASSED] - EmulatorDataKey = findTestData(dataFile).getValue("EmulatorData", row): null

24-10-2024T09:06:22 - [TEST_STEP][PASSED] - out.println("Value of Emulator Key is : " + EmulatorDataKey): null

24-10-2024T09:06:22 - [TEST_STEP][PASSED] - iwpPages.emulatorIWP30.setDataEmulator_DD(EmulatorDataKey): iwpPages.emulatorIWP30.setDataEmulator_DD is PASSED

24-10-2024T09:06:22 - [MESSAGE][WARNING] - A browser is already opened. Closing browser and opening a new one

24-10-2024T09:06:22 - [MESSAGE][INFO] - Starting 'Edge Chromium' driver

24-10-2024T09:06:22 - [MESSAGE][INFO] - User set preference: ['acceptInsecureCerts', 'true']

24-10-2024T09:06:24 - [MESSAGE][INFO] - Action delay is set to 0 milliseconds

24-10-2024T09:06:29 - [MESSAGE][PASSED] - Browser is opened with url: 'https://qa2.velocitypayment.com/agencyx/config.action?action=editor&message_version=2_5'

24-10-2024T09:06:29 - [MESSAGE][PASSED] - Current window maximized

24-10-2024T09:07:00 - [MESSAGE][INFO] - Unable to find the element located by 'By.xpath: //select[@name='message_version']'. Please recheck the objects properties to make sure the desired element is located. 

24-10-2024T09:07:00 - [MESSAGE][WARNING] - [SELF-HEALING] Failed to find element with id 'Object Repository/IWP30/Page_VRelay30Emulator/MV'. Try using Self-healing.

24-10-2024T09:07:00 - [MESSAGE][WARNING] - [SELF-HEALING] The current locator of test object 'Object Repository/IWP30/Page_VRelay30Emulator/MV' was broken. Propose an alternative one: '(.//*[normalize-space(text()) and normalize-space(.)='Message Version'])[1]/following::select[1]'.

24-10-2024T09:07:01 - [MESSAGE][PASSED] - All options with value '2.5' are selected in object 'Object Repository/IWP30/Page_VRelay30Emulator/MV'  using regular expression

24-10-2024T09:07:01 - [MESSAGE][PASSED] - Text '10.50' is set on object 'Object Repository/IWP30/Page_EmulatorAgencyX/Amount'

24-10-2024T09:07:02 - [MESSAGE][PASSED] - Text 'brVJw8M7nB8o' is set on object 'Object Repository/IWP30/Page_EmulatorAgencyX/CAN'

24-10-2024T09:07:02 - [MESSAGE][PASSED] - Text 'PayNow' is set on object 'Object Repository/IWP30/Page_EmulatorAgencyX/Action'

24-10-2024T09:07:03 - [MESSAGE][PASSED] - Text 'en_US' is set on object 'Object Repository/IWP30/Page_EmulatorAgencyX/Lang'

24-10-2024T09:07:04 - [MESSAGE][PASSED] - Text '' is set on object 'Object Repository/IWP30/Page_EmulatorAgencyX/Fname'

24-10-2024T09:07:04 - [MESSAGE][PASSED] - Text '' is set on object 'Object Repository/IWP30/Page_EmulatorAgencyX/Lname'

24-10-2024T09:07:05 - [MESSAGE][PASSED] - Text '' is set on object 'Object Repository/IWP30/Page_EmulatorAgencyX/AL1'

24-10-2024T09:07:05 - [MESSAGE][PASSED] - Text '' is set on object 'Object Repository/IWP30/Page_EmulatorAgencyX/AL2'

24-10-2024T09:07:06 - [MESSAGE][PASSED] - Text '' is set on object 'Object Repository/IWP30/Page_EmulatorAgencyX/Country'

24-10-2024T09:07:06 - [MESSAGE][PASSED] - Text '' is set on object 'Object Repository/IWP30/Page_EmulatorAgencyX/City'

24-10-2024T09:07:07 - [MESSAGE][PASSED] - Text '' is set on object 'Object Repository/IWP30/Page_EmulatorAgencyX/State'

24-10-2024T09:07:08 - [MESSAGE][PASSED] - Text '' is set on object 'Object Repository/IWP30/Page_EmulatorAgencyX/ZIP'

24-10-2024T09:07:08 - [MESSAGE][PASSED] - Text '' is set on object 'Object Repository/IWP30/Page_EmulatorAgencyX/Order'

24-10-2024T09:07:09 - [MESSAGE][PASSED] - Text '' is set on object 'Object Repository/IWP30/Page_EmulatorAgencyX/Company'

24-10-2024T09:07:09 - [MESSAGE][PASSED] - Text '' is set on object 'Object Repository/IWP30/Page_EmulatorAgencyX/Email'

24-10-2024T09:07:10 - [MESSAGE][PASSED] - Text '' is set on object 'Object Repository/IWP30/Page_EmulatorAgencyX/UDF1'

24-10-2024T09:07:10 - [MESSAGE][PASSED] - Text '' is set on object 'Object Repository/IWP30/Page_EmulatorAgencyX/UDF2'

24-10-2024T09:07:11 - [MESSAGE][PASSED] - Text '' is set on object 'Object Repository/IWP30/Page_EmulatorAgencyX/UDF3'

24-10-2024T09:07:12 - [MESSAGE][PASSED] - Text 'udf data 4' is set on object 'Object Repository/IWP30/Page_EmulatorAgencyX/UDF4'

24-10-2024T09:07:12 - [MESSAGE][PASSED] - Text 'udf data 5' is set on object 'Object Repository/IWP30/Page_EmulatorAgencyX/UDF5'

24-10-2024T09:07:13 - [MESSAGE][PASSED] - Text '' is set on object 'Object Repository/IWP30/Page_EmulatorAgencyX/UDF6'

24-10-2024T09:07:13 - [MESSAGE][PASSED] - Text '' is set on object 'Object Repository/IWP30/Page_EmulatorAgencyX/UDF7'

24-10-2024T09:07:14 - [MESSAGE][PASSED] - Text '' is set on object 'Object Repository/IWP30/Page_EmulatorAgencyX/UDF8'

24-10-2024T09:07:15 - [MESSAGE][PASSED] - Text 'udf data 9' is set on object 'Object Repository/IWP30/Page_EmulatorAgencyX/UDF9'

24-10-2024T09:07:15 - [MESSAGE][PASSED] - Text 'udf data 10' is set on object 'Object Repository/IWP30/Page_EmulatorAgencyX/UDF10'

24-10-2024T09:07:17 - [MESSAGE][PASSED] - Object: 'Object Repository/IWP30/Page_EmulatorAgencyX/Submit' is clicked on

24-10-2024T09:07:21 - [MESSAGE][PASSED] - Browser is closed

24-10-2024T09:07:25 - [MESSAGE][PASSED] - iwpPages.emulatorIWP30.setDataEmulator_DD is PASSED

24-10-2024T09:07:25 - [TEST_STEP][PASSED] - testHarnessURL = urlTestHarness: null

24-10-2024T09:07:25 - [TEST_STEP][PASSED] - openBrowser(testHarnessURL): Browser is opened with url: 'https://dev-algorithm.govolution.com/vrelaytest/QA2/version_2_2/vrelaytest.html'

24-10-2024T09:07:25 - [MESSAGE][INFO] - Starting 'Edge Chromium' driver

24-10-2024T09:07:25 - [MESSAGE][INFO] - User set preference: ['acceptInsecureCerts', 'true']

24-10-2024T09:07:27 - [MESSAGE][INFO] - Action delay is set to 0 milliseconds

24-10-2024T09:07:31 - [MESSAGE][PASSED] - Browser is opened with url: 'https://dev-algorithm.govolution.com/vrelaytest/QA2/version_2_2/vrelaytest.html'

24-10-2024T09:07:31 - [TEST_STEP][PASSED] - maximizeWindow(): Current window maximized

24-10-2024T09:07:31 - [MESSAGE][PASSED] - Current window maximized

24-10-2024T09:07:31 - [TEST_STEP][PASSED] - iwpPages.TestHarnessPage.setDataMethod(row, dataFile): iwpPages.TestHarnessPage.setDataMethod is PASSED

24-10-2024T09:07:31 - [MESSAGE][PASSED] - Object 'Object Repository/IWP30/Page_QATestHarness/RemittanceID' is present

24-10-2024T09:07:32 - [MESSAGE][PASSED] - Text '638' is set on object 'Object Repository/IWP30/Page_QATestHarness/ApplicationID'

24-10-2024T09:07:32 - [MESSAGE][PASSED] - Text '2.5' is set on object 'Object Repository/IWP30/Page_QATestHarness/MessageVersion'

24-10-2024T09:07:33 - [MESSAGE][PASSED] - Text 'pHv9yQezR627' is set on object 'Object Repository/IWP30/Page_QATestHarness/RemittanceID'

24-10-2024T09:07:36 - [MESSAGE][PASSED] - Object: 'Object Repository/IWP30/Page_QATestHarness/SubmitButton' is clicked on

24-10-2024T09:07:36 - [MESSAGE][PASSED] - iwpPages.TestHarnessPage.setDataMethod is PASSED

24-10-2024T09:07:36 - [TEST_STEP][PASSED] - click(findTestObject("Object Repository/IWP30/Page_SelectPaymentMethod/PayByCreditCard")): Object: 'Object Repository/IWP30/Page_SelectPaymentMethod/PayByCreditCard' is clicked on

24-10-2024T09:07:37 - [MESSAGE][PASSED] - Object: 'Object Repository/IWP30/Page_SelectPaymentMethod/PayByCreditCard' is clicked on

24-10-2024T09:07:37 - [TEST_STEP][PASSED] - click(findTestObject("Object Repository/IWP30/Page_SelectPaymentMethod/MakePaymentButton")): Object: 'Object Repository/IWP30/Page_SelectPaymentMethod/MakePaymentButton' is clicked on

24-10-2024T09:07:40 - [MESSAGE][PASSED] - Object: 'Object Repository/IWP30/Page_SelectPaymentMethod/MakePaymentButton' is clicked on

24-10-2024T09:07:40 - [TEST_STEP][PASSED] - iwpPages.ccPaymentEntryPage.setDataCCPM(row, dataFile): iwpPages.ccPaymentEntryPage.setDataCCPM is PASSED

24-10-2024T09:07:41 - [MESSAGE][PASSED] - Object 'Object Repository/IWP30/Page_CCPaymentEntry/Name' is present

24-10-2024T09:07:42 - [MESSAGE][PASSED] - Text '10.50' is set on object 'Object Repository/IWP30/Page_CCPaymentEntry/Amount'

24-10-2024T09:07:42 - [MESSAGE][PASSED] - Text 'udf data 2' is set on object 'Object Repository/IWP30/Page_CCPaymentEntry/UserDefined2'

24-10-2024T09:07:43 - [MESSAGE][PASSED] - Text 'udf data 3' is set on object 'Object Repository/IWP30/Page_CCPaymentEntry/UserDefined3'

24-10-2024T09:07:44 - [MESSAGE][PASSED] - All options with label 'Orange' are selected in object 'Object Repository/IWP30/Page_CCPaymentEntry/UserDefined7' 

24-10-2024T09:07:44 - [MESSAGE][PASSED] - All options with label 'Soccer' are selected in object 'Object Repository/IWP30/Page_CCPaymentEntry/UserDefined8' 

24-10-2024T09:07:44 - [MESSAGE][PASSED] - Object 'Object Repository/IWP30/Page_CCPaymentEntry/Name' is present

24-10-2024T09:07:45 - [MESSAGE][PASSED] - Text 'Kavita Ranawati' is set on object 'Object Repository/IWP30/Page_CCPaymentEntry/Name'

24-10-2024T09:07:45 - [MESSAGE][PASSED] - Object 'Object Repository/IWP30/Page_CCPaymentEntry/CardNumber' is present

24-10-2024T09:07:46 - [MESSAGE][PASSED] - Text '6510000000000210' is set on object 'Object Repository/IWP30/Page_CCPaymentEntry/CardNumber'

24-10-2024T09:07:46 - [MESSAGE][PASSED] - Text '123' is set on object 'Object Repository/IWP30/Page_CCPaymentEntry/SPC'

24-10-2024T09:07:47 - [MESSAGE][PASSED] - Object 'Object Repository/IWP30/Page_CCPaymentEntry/Month' is present

24-10-2024T09:07:47 - [MESSAGE][PASSED] - All options with label '01' are selected in object 'Object Repository/IWP30/Page_CCPaymentEntry/Month' 

24-10-2024T09:07:48 - [MESSAGE][PASSED] - Object 'Object Repository/IWP30/Page_CCPaymentEntry/Year' is present

24-10-2024T09:07:48 - [MESSAGE][PASSED] - All options with label '2028' are selected in object 'Object Repository/IWP30/Page_CCPaymentEntry/Year' 

24-10-2024T09:07:49 - [MESSAGE][PASSED] - Text '365 Main Avenue' is set on object 'Object Repository/IWP30/Page_CCPaymentEntry/AL1'

24-10-2024T09:07:50 - [MESSAGE][PASSED] - Text '22201' is set on object 'Object Repository/IWP30/Page_CCPaymentEntry/ZIP'

24-10-2024T09:07:50 - [MESSAGE][PASSED] - Object 'Object Repository/IWP30/Page_CCPaymentEntry/EmailAddress' is present

24-10-2024T09:07:51 - [MESSAGE][PASSED] - Text 'iahmed@govolution.com' is set on object 'Object Repository/IWP30/Page_CCPaymentEntry/EmailAddress'

24-10-2024T09:07:51 - [MESSAGE][PASSED] - Object 'Object Repository/IWP30/Page_CCPaymentEntry/TermCondCheckBox' is present

24-10-2024T09:07:52 - [MESSAGE][PASSED] - Object 'Object Repository/IWP30/Page_CCPaymentEntry/TermCondCheckBox' is checked

24-10-2024T09:07:52 - [MESSAGE][PASSED] - Object 'Object Repository/IWP30/Page_CCPaymentEntry/ContinueButton' is present

24-10-2024T09:07:54 - [MESSAGE][PASSED] - Object: 'Object Repository/IWP30/Page_CCPaymentEntry/ContinueButton' is clicked on

24-10-2024T09:07:54 - [MESSAGE][PASSED] - iwpPages.ccPaymentEntryPage.setDataCCPM is PASSED

24-10-2024T09:07:54 - [TEST_STEP][PASSED] - Thread.sleep(10000): null

24-10-2024T09:08:04 - [TEST_STEP][PASSED] - if (verifyTextPresent("Card number is invalid. Please enter a different credit card number.", false)): null

24-10-2024T09:08:04 - [MESSAGE][PASSED] - Text 'Card number is invalid. Please enter a different credit card number.' is present on page 

24-10-2024T09:08:04 - [TEST_STEP][PASSED] - println("Card number is invalid message shown"): null

24-10-2024T09:08:04 - [TEST_STEP][PASSED] - markPassed("Max Amount Error message shown"): Max Amount Error message shown

24-10-2024T09:08:04 - [MESSAGE][PASSED] - Max Amount Error message shown

24-10-2024T09:08:04 - [TEST_STEP][PASSED] - resText = "Pass": null

24-10-2024T09:08:04 - [TEST_STEP][ERROR] - pages.WriteExcel.demoKey(resText, datText, resColumn, datCloumn, fileLoc, nameSheet, row): Test Cases/IntegratedWeb/IWP25/Error/CardNotAcceptedErrorCC FAILED.
Reason:
com.kms.katalon.core.exception.StepErrorException: org.codehaus.groovy.runtime.InvokerInvocationException: java.io.FileNotFoundException: KatalonData\IWPTestData\VRelay25Payments.xlsx (The process cannot access the file because it is being used by another process)
	at com.kms.katalon.core.main.CustomKeywordDelegatingMetaClass.throwError(CustomKeywordDelegatingMetaClass.java:101)
	at com.kms.katalon.core.main.CustomKeywordDelegatingMetaClass.invokeStaticMethod(CustomKeywordDelegatingMetaClass.java:73)
	at CardNotAcceptedErrorCC.run(CardNotAcceptedErrorCC:91)
	at com.kms.katalon.core.main.ScriptEngine.run(ScriptEngine.java:194)
	at com.kms.katalon.core.main.ScriptEngine.runScriptAsRawText(ScriptEngine.java:119)
	at com.kms.katalon.core.main.TestCaseExecutor.runScript(TestCaseExecutor.java:448)
	at com.kms.katalon.core.main.TestCaseExecutor.doExecute(TestCaseExecutor.java:439)
	at com.kms.katalon.core.main.TestCaseExecutor.processExecutionPhase(TestCaseExecutor.java:418)
	at com.kms.katalon.core.main.TestCaseExecutor.accessMainPhase(TestCaseExecutor.java:410)
	at com.kms.katalon.core.main.TestCaseExecutor.execute(TestCaseExecutor.java:285)
	at com.kms.katalon.core.common.CommonExecutor.accessTestCaseMainPhase(CommonExecutor.java:65)
	at com.kms.katalon.core.main.TestSuiteExecutor.accessTestSuiteMainPhase(TestSuiteExecutor.java:150)
	at com.kms.katalon.core.main.TestSuiteExecutor.execute(TestSuiteExecutor.java:106)
	at com.kms.katalon.core.main.TestCaseMain.startTestSuite(TestCaseMain.java:180)
	at TempTestSuite1729731001385.run(TempTestSuite1729731001385.groovy:35)
	at java.base/jdk.internal.reflect.NativeMethodAccessorImpl.invoke0(Native Method)
	at java.base/jdk.internal.reflect.NativeMethodAccessorImpl.invoke(NativeMethodAccessorImpl.java:77)
	at java.base/jdk.internal.reflect.DelegatingMethodAccessorImpl.invoke(DelegatingMethodAccessorImpl.java:43)
Caused by: org.codehaus.groovy.runtime.InvokerInvocationException: java.io.FileNotFoundException: KatalonData\IWPTestData\VRelay25Payments.xlsx (The process cannot access the file because it is being used by another process)
	at com.kms.katalon.core.main.CustomKeywordDelegatingMetaClass.invokeStaticMethod(CustomKeywordDelegatingMetaClass.java:55)
	at Script1725456091007.run(Script1725456091007.groovy:91)
	... 15 more
Caused by: java.io.FileNotFoundException: KatalonData\IWPTestData\VRelay25Payments.xlsx (The process cannot access the file because it is being used by another process)
	at pages.WriteExcel.demoKey(WriteExcel.groovy:93)
	at jdk.internal.reflect.GeneratedMethodAccessor43.invoke(Unknown Source)
	at java.base/jdk.internal.reflect.DelegatingMethodAccessorImpl.invoke(DelegatingMethodAccessorImpl.java:43)
	at com.kms.katalon.core.main.CustomKeywordDelegatingMetaClass.invokeStaticMethod(CustomKeywordDelegatingMetaClass.java:55)
	at CardNotAcceptedErrorCC.run(CardNotAcceptedErrorCC:91)
	... 15 more


24-10-2024T09:08:04 - [MESSAGE][ERROR] - java.io.FileNotFoundException: KatalonData\IWPTestData\VRelay25Payments.xlsx (The process cannot access the file because it is being used by another process)

24-10-2024T09:08:04 - [MESSAGE][ERROR] - Test Cases/IntegratedWeb/IWP25/Error/CardNotAcceptedErrorCC FAILED.
Reason:
com.kms.katalon.core.exception.StepErrorException: org.codehaus.groovy.runtime.InvokerInvocationException: java.io.FileNotFoundException: KatalonData\IWPTestData\VRelay25Payments.xlsx (The process cannot access the file because it is being used by another process)
	at com.kms.katalon.core.main.CustomKeywordDelegatingMetaClass.throwError(CustomKeywordDelegatingMetaClass.java:101)
	at com.kms.katalon.core.main.CustomKeywordDelegatingMetaClass.invokeStaticMethod(CustomKeywordDelegatingMetaClass.java:73)
	at CardNotAcceptedErrorCC.run(CardNotAcceptedErrorCC:91)
	at com.kms.katalon.core.main.ScriptEngine.run(ScriptEngine.java:194)
	at com.kms.katalon.core.main.ScriptEngine.runScriptAsRawText(ScriptEngine.java:119)
	at com.kms.katalon.core.main.TestCaseExecutor.runScript(TestCaseExecutor.java:448)
	at com.kms.katalon.core.main.TestCaseExecutor.doExecute(TestCaseExecutor.java:439)
	at com.kms.katalon.core.main.TestCaseExecutor.processExecutionPhase(TestCaseExecutor.java:418)
	at com.kms.katalon.core.main.TestCaseExecutor.accessMainPhase(TestCaseExecutor.java:410)
	at com.kms.katalon.core.main.TestCaseExecutor.execute(TestCaseExecutor.java:285)
	at com.kms.katalon.core.common.CommonExecutor.accessTestCaseMainPhase(CommonExecutor.java:65)
	at com.kms.katalon.core.main.TestSuiteExecutor.accessTestSuiteMainPhase(TestSuiteExecutor.java:150)
	at com.kms.katalon.core.main.TestSuiteExecutor.execute(TestSuiteExecutor.java:106)
	at com.kms.katalon.core.main.TestCaseMain.startTestSuite(TestCaseMain.java:180)
	at TempTestSuite1729731001385.run(TempTestSuite1729731001385.groovy:35)
	at java.base/jdk.internal.reflect.NativeMethodAccessorImpl.invoke0(Native Method)
	at java.base/jdk.internal.reflect.NativeMethodAccessorImpl.invoke(NativeMethodAccessorImpl.java:77)
	at java.base/jdk.internal.reflect.DelegatingMethodAccessorImpl.invoke(DelegatingMethodAccessorImpl.java:43)
Caused by: org.codehaus.groovy.runtime.InvokerInvocationException: java.io.FileNotFoundException: KatalonData\IWPTestData\VRelay25Payments.xlsx (The process cannot access the file because it is being used by another process)
	at com.kms.katalon.core.main.CustomKeywordDelegatingMetaClass.invokeStaticMethod(CustomKeywordDelegatingMetaClass.java:55)
	at Script1725456091007.run(Script1725456091007.groovy:91)
	... 15 more
Caused by: java.io.FileNotFoundException: KatalonData\IWPTestData\VRelay25Payments.xlsx (The process cannot access the file because it is being used by another process)
	at pages.WriteExcel.demoKey(WriteExcel.groovy:93)
	at jdk.internal.reflect.GeneratedMethodAccessor43.invoke(Unknown Source)
	at java.base/jdk.internal.reflect.DelegatingMethodAccessorImpl.invoke(DelegatingMethodAccessorImpl.java:43)
	at com.kms.katalon.core.main.CustomKeywordDelegatingMetaClass.invokeStaticMethod(CustomKeywordDelegatingMetaClass.java:55)
	at CardNotAcceptedErrorCC.run(CardNotAcceptedErrorCC:91)
	... 15 more]]></system-out>
         <system-err><![CDATA[24-10-2024T09:06:21 - [TEST_CASE][ERROR] - Test Cases/IntegratedWeb/IWP25/Error/CardNotAcceptedErrorCC: Test Cases/IntegratedWeb/IWP25/Error/CardNotAcceptedErrorCC FAILED.
Reason:
org.codehaus.groovy.runtime.InvokerInvocationException: java.io.FileNotFoundException: KatalonData\IWPTestData\VRelay25Payments.xlsx (The process cannot access the file because it is being used by another process)
	at com.kms.katalon.core.main.CustomKeywordDelegatingMetaClass.invokeStaticMethod(CustomKeywordDelegatingMetaClass.java:55)
	at CardNotAcceptedErrorCC.run(CardNotAcceptedErrorCC:91)
	at com.kms.katalon.core.main.ScriptEngine.run(ScriptEngine.java:194)
	at com.kms.katalon.core.main.ScriptEngine.runScriptAsRawText(ScriptEngine.java:119)
	at com.kms.katalon.core.main.TestCaseExecutor.runScript(TestCaseExecutor.java:448)
	at com.kms.katalon.core.main.TestCaseExecutor.doExecute(TestCaseExecutor.java:439)
	at com.kms.katalon.core.main.TestCaseExecutor.processExecutionPhase(TestCaseExecutor.java:418)
	at com.kms.katalon.core.main.TestCaseExecutor.accessMainPhase(TestCaseExecutor.java:410)
	at com.kms.katalon.core.main.TestCaseExecutor.execute(TestCaseExecutor.java:285)
	at com.kms.katalon.core.common.CommonExecutor.accessTestCaseMainPhase(CommonExecutor.java:65)
	at com.kms.katalon.core.main.TestSuiteExecutor.accessTestSuiteMainPhase(TestSuiteExecutor.java:150)
	at com.kms.katalon.core.main.TestSuiteExecutor.execute(TestSuiteExecutor.java:106)
	at com.kms.katalon.core.main.TestCaseMain.startTestSuite(TestCaseMain.java:180)
	at TempTestSuite1729731001385.run(TempTestSuite1729731001385.groovy:35)
	at java.base/jdk.internal.reflect.NativeMethodAccessorImpl.invoke0(Native Method)
	at java.base/jdk.internal.reflect.NativeMethodAccessorImpl.invoke(NativeMethodAccessorImpl.java:77)
	at java.base/jdk.internal.reflect.DelegatingMethodAccessorImpl.invoke(DelegatingMethodAccessorImpl.java:43)
Caused by: java.io.FileNotFoundException: KatalonData\IWPTestData\VRelay25Payments.xlsx (The process cannot access the file because it is being used by another process)
	at pages.WriteExcel.demoKey(WriteExcel.groovy:93)
	at jdk.internal.reflect.GeneratedMethodAccessor43.invoke(Unknown Source)
	at java.base/jdk.internal.reflect.DelegatingMethodAccessorImpl.invoke(DelegatingMethodAccessorImpl.java:43)
	... 17 more]]></system-err>
      </testcase>
      <testcase name="Test Cases/IntegratedWeb/IWP25/Error/MaxAmountErrorCC" time="104.717" classname="Test Cases/IntegratedWeb/IWP25/Error/MaxAmountErrorCC" status="ERROR">
         <error type="ERROR" message="Test Cases/IntegratedWeb/IWP25/Error/MaxAmountErrorCC FAILED.&#xa;Reason:&#xa;org.codehaus.groovy.runtime.InvokerInvocationException: java.io.FileNotFoundException: KatalonData\IWPTestData\VRelay25Payments.xlsx (The process cannot access the file because it is being used by another process)&#xa;	at com.kms.katalon.core.main.CustomKeywordDelegatingMetaClass.invokeStaticMethod(CustomKeywordDelegatingMetaClass.java:55)&#xa;	at MaxAmountErrorCC.run(MaxAmountErrorCC:91)&#xa;	at com.kms.katalon.core.main.ScriptEngine.run(ScriptEngine.java:194)&#xa;	at com.kms.katalon.core.main.ScriptEngine.runScriptAsRawText(ScriptEngine.java:119)&#xa;	at com.kms.katalon.core.main.TestCaseExecutor.runScript(TestCaseExecutor.java:448)&#xa;	at com.kms.katalon.core.main.TestCaseExecutor.doExecute(TestCaseExecutor.java:439)&#xa;	at com.kms.katalon.core.main.TestCaseExecutor.processExecutionPhase(TestCaseExecutor.java:418)&#xa;	at com.kms.katalon.core.main.TestCaseExecutor.accessMainPhase(TestCaseExecutor.java:410)&#xa;	at com.kms.katalon.core.main.TestCaseExecutor.execute(TestCaseExecutor.java:285)&#xa;	at com.kms.katalon.core.common.CommonExecutor.accessTestCaseMainPhase(CommonExecutor.java:65)&#xa;	at com.kms.katalon.core.main.TestSuiteExecutor.accessTestSuiteMainPhase(TestSuiteExecutor.java:150)&#xa;	at com.kms.katalon.core.main.TestSuiteExecutor.execute(TestSuiteExecutor.java:106)&#xa;	at com.kms.katalon.core.main.TestCaseMain.startTestSuite(TestCaseMain.java:180)&#xa;	at TempTestSuite1729731001385.run(TempTestSuite1729731001385.groovy:35)&#xa;	at java.base/jdk.internal.reflect.NativeMethodAccessorImpl.invoke0(Native Method)&#xa;	at java.base/jdk.internal.reflect.NativeMethodAccessorImpl.invoke(NativeMethodAccessorImpl.java:77)&#xa;	at java.base/jdk.internal.reflect.DelegatingMethodAccessorImpl.invoke(DelegatingMethodAccessorImpl.java:43)&#xa;Caused by: java.io.FileNotFoundException: KatalonData\IWPTestData\VRelay25Payments.xlsx (The process cannot access the file because it is being used by another process)&#xa;	at pages.WriteExcel.demoKey(WriteExcel.groovy:93)&#xa;	at jdk.internal.reflect.GeneratedMethodAccessor43.invoke(Unknown Source)&#xa;	at java.base/jdk.internal.reflect.DelegatingMethodAccessorImpl.invoke(DelegatingMethodAccessorImpl.java:43)&#xa;	... 17 more&#xa;"/>
         <system-out><![CDATA[24-10-2024T09:08:04 - [TEST_CASE][ERROR] - Test Cases/IntegratedWeb/IWP25/Error/MaxAmountErrorCC: Test Cases/IntegratedWeb/IWP25/Error/MaxAmountErrorCC FAILED.
Reason:
org.codehaus.groovy.runtime.InvokerInvocationException: java.io.FileNotFoundException: KatalonData\IWPTestData\VRelay25Payments.xlsx (The process cannot access the file because it is being used by another process)
	at com.kms.katalon.core.main.CustomKeywordDelegatingMetaClass.invokeStaticMethod(CustomKeywordDelegatingMetaClass.java:55)
	at MaxAmountErrorCC.run(MaxAmountErrorCC:91)
	at com.kms.katalon.core.main.ScriptEngine.run(ScriptEngine.java:194)
	at com.kms.katalon.core.main.ScriptEngine.runScriptAsRawText(ScriptEngine.java:119)
	at com.kms.katalon.core.main.TestCaseExecutor.runScript(TestCaseExecutor.java:448)
	at com.kms.katalon.core.main.TestCaseExecutor.doExecute(TestCaseExecutor.java:439)
	at com.kms.katalon.core.main.TestCaseExecutor.processExecutionPhase(TestCaseExecutor.java:418)
	at com.kms.katalon.core.main.TestCaseExecutor.accessMainPhase(TestCaseExecutor.java:410)
	at com.kms.katalon.core.main.TestCaseExecutor.execute(TestCaseExecutor.java:285)
	at com.kms.katalon.core.common.CommonExecutor.accessTestCaseMainPhase(CommonExecutor.java:65)
	at com.kms.katalon.core.main.TestSuiteExecutor.accessTestSuiteMainPhase(TestSuiteExecutor.java:150)
	at com.kms.katalon.core.main.TestSuiteExecutor.execute(TestSuiteExecutor.java:106)
	at com.kms.katalon.core.main.TestCaseMain.startTestSuite(TestCaseMain.java:180)
	at TempTestSuite1729731001385.run(TempTestSuite1729731001385.groovy:35)
	at java.base/jdk.internal.reflect.NativeMethodAccessorImpl.invoke0(Native Method)
	at java.base/jdk.internal.reflect.NativeMethodAccessorImpl.invoke(NativeMethodAccessorImpl.java:77)
	at java.base/jdk.internal.reflect.DelegatingMethodAccessorImpl.invoke(DelegatingMethodAccessorImpl.java:43)
Caused by: java.io.FileNotFoundException: KatalonData\IWPTestData\VRelay25Payments.xlsx (The process cannot access the file because it is being used by another process)
	at pages.WriteExcel.demoKey(WriteExcel.groovy:93)
	at jdk.internal.reflect.GeneratedMethodAccessor43.invoke(Unknown Source)
	at java.base/jdk.internal.reflect.DelegatingMethodAccessorImpl.invoke(DelegatingMethodAccessorImpl.java:43)
	... 17 more


24-10-2024T09:08:05 - [TEST_STEP][PASSED] - resText = "Fail": null

24-10-2024T09:08:05 - [TEST_STEP][PASSED] - resColumn = "Result": null

24-10-2024T09:08:05 - [TEST_STEP][PASSED] - datCloumn = "Date": null

24-10-2024T09:08:05 - [TEST_STEP][PASSED] - fileLoc = "KatalonData/IWPTestData/VRelay25Payments.xlsx": null

24-10-2024T09:08:05 - [TEST_STEP][PASSED] - numOfRows = <not implemented yet for class: org.codehaus.groovy.ast.expr.EmptyExpression>: null

24-10-2024T09:08:05 - [TEST_STEP][PASSED] - dataFile = <not implemented yet for class: org.codehaus.groovy.ast.expr.EmptyExpression>: null

24-10-2024T09:08:05 - [TEST_STEP][PASSED] - nameSheet = <not implemented yet for class: org.codehaus.groovy.ast.expr.EmptyExpression>: null

24-10-2024T09:08:05 - [TEST_STEP][PASSED] - dataFileEmulator = <not implemented yet for class: org.codehaus.groovy.ast.expr.EmptyExpression>: null

24-10-2024T09:08:05 - [TEST_STEP][PASSED] - nameSheet = "MaxAmountErrorCC": null

24-10-2024T09:08:05 - [TEST_STEP][PASSED] - dataFile = "IWPTestData/IWP25MaxAmountErrorCC": null

24-10-2024T09:08:05 - [TEST_STEP][PASSED] - dataFileEmulator = "IWPTestData/EmulatorData": null

24-10-2024T09:08:05 - [TEST_STEP][PASSED] - numOfRows = findTestData(dataFile).getRowNumbers(): null

24-10-2024T09:08:05 - [TEST_STEP][PASSED] - println("Number of Records: " + numOfRows): null

24-10-2024T09:08:05 - [TEST_STEP][PASSED] - for ([row = 1, row <= numOfRows, (row++)]): null

24-10-2024T09:08:05 - [TEST_STEP][PASSED] - ExecuteTC = findTestData(dataFile).getValue("Execute", row): null

24-10-2024T09:08:05 - [TEST_STEP][PASSED] - out.println("Value of Execute is : " + ExecuteTC): null

24-10-2024T09:08:05 - [TEST_STEP][PASSED] - if (ExecuteTC.equalsIgnoreCase("Y")): null

24-10-2024T09:08:05 - [TEST_STEP][PASSED] - out.println("Begin Record Number: " + row): null

24-10-2024T09:08:05 - [TEST_STEP][PASSED] - today = new java.util.Date(): null

24-10-2024T09:08:05 - [TEST_STEP][PASSED] - println(today): null

24-10-2024T09:08:05 - [TEST_STEP][PASSED] - datText = today: null

24-10-2024T09:08:05 - [TEST_STEP][PASSED] - EmulatorDataKey = findTestData(dataFile).getValue("EmulatorData", row): null

24-10-2024T09:08:05 - [TEST_STEP][PASSED] - out.println("Value of Emulator Key is : " + EmulatorDataKey): null

24-10-2024T09:08:05 - [TEST_STEP][PASSED] - iwpPages.emulatorIWP30.setDataEmulator_DD(EmulatorDataKey): iwpPages.emulatorIWP30.setDataEmulator_DD is PASSED

24-10-2024T09:08:05 - [MESSAGE][WARNING] - A browser is already opened. Closing browser and opening a new one

24-10-2024T09:08:06 - [MESSAGE][INFO] - Starting 'Edge Chromium' driver

24-10-2024T09:08:06 - [MESSAGE][INFO] - User set preference: ['acceptInsecureCerts', 'true']

24-10-2024T09:08:08 - [MESSAGE][INFO] - Action delay is set to 0 milliseconds

24-10-2024T09:08:12 - [MESSAGE][PASSED] - Browser is opened with url: 'https://qa2.velocitypayment.com/agencyx/config.action?action=editor&message_version=2_5'

24-10-2024T09:08:12 - [MESSAGE][PASSED] - Current window maximized

24-10-2024T09:08:43 - [MESSAGE][INFO] - Unable to find the element located by 'By.xpath: //select[@name='message_version']'. Please recheck the objects properties to make sure the desired element is located. 

24-10-2024T09:08:43 - [MESSAGE][WARNING] - [SELF-HEALING] Failed to find element with id 'Object Repository/IWP30/Page_VRelay30Emulator/MV'. Try using Self-healing.

24-10-2024T09:08:43 - [MESSAGE][WARNING] - [SELF-HEALING] The current locator of test object 'Object Repository/IWP30/Page_VRelay30Emulator/MV' was broken. Propose an alternative one: '(.//*[normalize-space(text()) and normalize-space(.)='Message Version'])[1]/following::select[1]'.

24-10-2024T09:08:44 - [MESSAGE][PASSED] - All options with value '2.5' are selected in object 'Object Repository/IWP30/Page_VRelay30Emulator/MV'  using regular expression

24-10-2024T09:08:45 - [MESSAGE][PASSED] - Text '10.50' is set on object 'Object Repository/IWP30/Page_EmulatorAgencyX/Amount'

24-10-2024T09:08:45 - [MESSAGE][PASSED] - Text 'ztm8oIVjXVq1' is set on object 'Object Repository/IWP30/Page_EmulatorAgencyX/CAN'

24-10-2024T09:08:46 - [MESSAGE][PASSED] - Text 'PayNow' is set on object 'Object Repository/IWP30/Page_EmulatorAgencyX/Action'

24-10-2024T09:08:46 - [MESSAGE][PASSED] - Text 'en_US' is set on object 'Object Repository/IWP30/Page_EmulatorAgencyX/Lang'

24-10-2024T09:08:47 - [MESSAGE][PASSED] - Text '' is set on object 'Object Repository/IWP30/Page_EmulatorAgencyX/Fname'

24-10-2024T09:08:48 - [MESSAGE][PASSED] - Text '' is set on object 'Object Repository/IWP30/Page_EmulatorAgencyX/Lname'

24-10-2024T09:08:48 - [MESSAGE][PASSED] - Text '' is set on object 'Object Repository/IWP30/Page_EmulatorAgencyX/AL1'

24-10-2024T09:08:49 - [MESSAGE][PASSED] - Text '' is set on object 'Object Repository/IWP30/Page_EmulatorAgencyX/AL2'

24-10-2024T09:08:49 - [MESSAGE][PASSED] - Text '' is set on object 'Object Repository/IWP30/Page_EmulatorAgencyX/Country'

24-10-2024T09:08:50 - [MESSAGE][PASSED] - Text '' is set on object 'Object Repository/IWP30/Page_EmulatorAgencyX/City'

24-10-2024T09:08:50 - [MESSAGE][PASSED] - Text '' is set on object 'Object Repository/IWP30/Page_EmulatorAgencyX/State'

24-10-2024T09:08:51 - [MESSAGE][PASSED] - Text '' is set on object 'Object Repository/IWP30/Page_EmulatorAgencyX/ZIP'

24-10-2024T09:08:52 - [MESSAGE][PASSED] - Text '' is set on object 'Object Repository/IWP30/Page_EmulatorAgencyX/Order'

24-10-2024T09:08:52 - [MESSAGE][PASSED] - Text '' is set on object 'Object Repository/IWP30/Page_EmulatorAgencyX/Company'

24-10-2024T09:08:53 - [MESSAGE][PASSED] - Text '' is set on object 'Object Repository/IWP30/Page_EmulatorAgencyX/Email'

24-10-2024T09:08:53 - [MESSAGE][PASSED] - Text '' is set on object 'Object Repository/IWP30/Page_EmulatorAgencyX/UDF1'

24-10-2024T09:08:54 - [MESSAGE][PASSED] - Text '' is set on object 'Object Repository/IWP30/Page_EmulatorAgencyX/UDF2'

24-10-2024T09:08:54 - [MESSAGE][PASSED] - Text '' is set on object 'Object Repository/IWP30/Page_EmulatorAgencyX/UDF3'

24-10-2024T09:08:55 - [MESSAGE][PASSED] - Text 'udf data 4' is set on object 'Object Repository/IWP30/Page_EmulatorAgencyX/UDF4'

24-10-2024T09:08:56 - [MESSAGE][PASSED] - Text 'udf data 5' is set on object 'Object Repository/IWP30/Page_EmulatorAgencyX/UDF5'

24-10-2024T09:08:56 - [MESSAGE][PASSED] - Text '' is set on object 'Object Repository/IWP30/Page_EmulatorAgencyX/UDF6'

24-10-2024T09:08:57 - [MESSAGE][PASSED] - Text '' is set on object 'Object Repository/IWP30/Page_EmulatorAgencyX/UDF7'

24-10-2024T09:08:57 - [MESSAGE][PASSED] - Text '' is set on object 'Object Repository/IWP30/Page_EmulatorAgencyX/UDF8'

24-10-2024T09:08:58 - [MESSAGE][PASSED] - Text 'udf data 9' is set on object 'Object Repository/IWP30/Page_EmulatorAgencyX/UDF9'

24-10-2024T09:08:59 - [MESSAGE][PASSED] - Text 'udf data 10' is set on object 'Object Repository/IWP30/Page_EmulatorAgencyX/UDF10'

24-10-2024T09:09:00 - [MESSAGE][PASSED] - Object: 'Object Repository/IWP30/Page_EmulatorAgencyX/Submit' is clicked on

24-10-2024T09:09:04 - [MESSAGE][PASSED] - Browser is closed

24-10-2024T09:09:08 - [MESSAGE][PASSED] - iwpPages.emulatorIWP30.setDataEmulator_DD is PASSED

24-10-2024T09:09:08 - [TEST_STEP][PASSED] - testHarnessURL = urlTestHarness: null

24-10-2024T09:09:08 - [TEST_STEP][PASSED] - openBrowser(testHarnessURL): Browser is opened with url: 'https://dev-algorithm.govolution.com/vrelaytest/QA2/version_2_2/vrelaytest.html'

24-10-2024T09:09:08 - [MESSAGE][INFO] - Starting 'Edge Chromium' driver

24-10-2024T09:09:08 - [MESSAGE][INFO] - User set preference: ['acceptInsecureCerts', 'true']

24-10-2024T09:09:11 - [MESSAGE][INFO] - Action delay is set to 0 milliseconds

24-10-2024T09:09:14 - [MESSAGE][PASSED] - Browser is opened with url: 'https://dev-algorithm.govolution.com/vrelaytest/QA2/version_2_2/vrelaytest.html'

24-10-2024T09:09:14 - [TEST_STEP][PASSED] - maximizeWindow(): Current window maximized

24-10-2024T09:09:15 - [MESSAGE][PASSED] - Current window maximized

24-10-2024T09:09:15 - [TEST_STEP][PASSED] - iwpPages.TestHarnessPage.setDataMethod(row, dataFile): iwpPages.TestHarnessPage.setDataMethod is PASSED

24-10-2024T09:09:15 - [MESSAGE][PASSED] - Object 'Object Repository/IWP30/Page_QATestHarness/RemittanceID' is present

24-10-2024T09:09:16 - [MESSAGE][PASSED] - Text '638' is set on object 'Object Repository/IWP30/Page_QATestHarness/ApplicationID'

24-10-2024T09:09:16 - [MESSAGE][PASSED] - Text '2.5' is set on object 'Object Repository/IWP30/Page_QATestHarness/MessageVersion'

24-10-2024T09:09:17 - [MESSAGE][PASSED] - Text 'nHsNHth3ecVZ' is set on object 'Object Repository/IWP30/Page_QATestHarness/RemittanceID'

24-10-2024T09:09:21 - [MESSAGE][PASSED] - Object: 'Object Repository/IWP30/Page_QATestHarness/SubmitButton' is clicked on

24-10-2024T09:09:21 - [MESSAGE][PASSED] - iwpPages.TestHarnessPage.setDataMethod is PASSED

24-10-2024T09:09:21 - [TEST_STEP][PASSED] - click(findTestObject("Object Repository/IWP30/Page_SelectPaymentMethod/PayByCreditCard")): Object: 'Object Repository/IWP30/Page_SelectPaymentMethod/PayByCreditCard' is clicked on

24-10-2024T09:09:21 - [MESSAGE][PASSED] - Object: 'Object Repository/IWP30/Page_SelectPaymentMethod/PayByCreditCard' is clicked on

24-10-2024T09:09:21 - [TEST_STEP][PASSED] - click(findTestObject("Object Repository/IWP30/Page_SelectPaymentMethod/MakePaymentButton")): Object: 'Object Repository/IWP30/Page_SelectPaymentMethod/MakePaymentButton' is clicked on

24-10-2024T09:09:24 - [MESSAGE][PASSED] - Object: 'Object Repository/IWP30/Page_SelectPaymentMethod/MakePaymentButton' is clicked on

24-10-2024T09:09:24 - [TEST_STEP][PASSED] - iwpPages.ccPaymentEntryPage.setDataCCPM(row, dataFile): iwpPages.ccPaymentEntryPage.setDataCCPM is PASSED

24-10-2024T09:09:26 - [MESSAGE][PASSED] - Object 'Object Repository/IWP30/Page_CCPaymentEntry/Name' is present

24-10-2024T09:09:26 - [MESSAGE][PASSED] - Text '200.50' is set on object 'Object Repository/IWP30/Page_CCPaymentEntry/Amount'

24-10-2024T09:09:27 - [MESSAGE][PASSED] - Text 'udf data 2' is set on object 'Object Repository/IWP30/Page_CCPaymentEntry/UserDefined2'

24-10-2024T09:09:27 - [MESSAGE][PASSED] - Text 'udf data 3' is set on object 'Object Repository/IWP30/Page_CCPaymentEntry/UserDefined3'

24-10-2024T09:09:28 - [MESSAGE][PASSED] - All options with label 'Orange' are selected in object 'Object Repository/IWP30/Page_CCPaymentEntry/UserDefined7' 

24-10-2024T09:09:28 - [MESSAGE][PASSED] - All options with label 'Soccer' are selected in object 'Object Repository/IWP30/Page_CCPaymentEntry/UserDefined8' 

24-10-2024T09:09:29 - [MESSAGE][PASSED] - Object 'Object Repository/IWP30/Page_CCPaymentEntry/Name' is present

24-10-2024T09:09:29 - [MESSAGE][PASSED] - Text 'Kavita Ranawati' is set on object 'Object Repository/IWP30/Page_CCPaymentEntry/Name'

24-10-2024T09:09:30 - [MESSAGE][PASSED] - Object 'Object Repository/IWP30/Page_CCPaymentEntry/CardNumber' is present

24-10-2024T09:09:30 - [MESSAGE][PASSED] - Text '4111111111111111' is set on object 'Object Repository/IWP30/Page_CCPaymentEntry/CardNumber'

24-10-2024T09:09:31 - [MESSAGE][PASSED] - Text '123' is set on object 'Object Repository/IWP30/Page_CCPaymentEntry/SPC'

24-10-2024T09:09:31 - [MESSAGE][PASSED] - Object 'Object Repository/IWP30/Page_CCPaymentEntry/Month' is present

24-10-2024T09:09:32 - [MESSAGE][PASSED] - All options with label '09' are selected in object 'Object Repository/IWP30/Page_CCPaymentEntry/Month' 

24-10-2024T09:09:32 - [MESSAGE][PASSED] - Object 'Object Repository/IWP30/Page_CCPaymentEntry/Year' is present

24-10-2024T09:09:33 - [MESSAGE][PASSED] - All options with label '2028' are selected in object 'Object Repository/IWP30/Page_CCPaymentEntry/Year' 

24-10-2024T09:09:33 - [MESSAGE][PASSED] - Text '365 Main Avenue' is set on object 'Object Repository/IWP30/Page_CCPaymentEntry/AL1'

24-10-2024T09:09:34 - [MESSAGE][PASSED] - Text '22201' is set on object 'Object Repository/IWP30/Page_CCPaymentEntry/ZIP'

24-10-2024T09:09:34 - [MESSAGE][PASSED] - Object 'Object Repository/IWP30/Page_CCPaymentEntry/EmailAddress' is present

24-10-2024T09:09:36 - [MESSAGE][PASSED] - Text 'iahmed@govolution.com' is set on object 'Object Repository/IWP30/Page_CCPaymentEntry/EmailAddress'

24-10-2024T09:09:36 - [MESSAGE][PASSED] - Object 'Object Repository/IWP30/Page_CCPaymentEntry/TermCondCheckBox' is present

24-10-2024T09:09:36 - [MESSAGE][PASSED] - Object 'Object Repository/IWP30/Page_CCPaymentEntry/TermCondCheckBox' is checked

24-10-2024T09:09:36 - [MESSAGE][PASSED] - Object 'Object Repository/IWP30/Page_CCPaymentEntry/ContinueButton' is present

24-10-2024T09:09:39 - [MESSAGE][PASSED] - Object: 'Object Repository/IWP30/Page_CCPaymentEntry/ContinueButton' is clicked on

24-10-2024T09:09:39 - [MESSAGE][PASSED] - iwpPages.ccPaymentEntryPage.setDataCCPM is PASSED

24-10-2024T09:09:39 - [TEST_STEP][PASSED] - Thread.sleep(10000): null

24-10-2024T09:09:49 - [TEST_STEP][PASSED] - if (verifyTextPresent("Amount is greater than maximum", false)): null

24-10-2024T09:09:49 - [MESSAGE][PASSED] - Text 'Amount is greater than maximum' is present on page 

24-10-2024T09:09:49 - [TEST_STEP][PASSED] - println("Max Amount Error message shown"): null

24-10-2024T09:09:49 - [TEST_STEP][PASSED] - markPassed("Max Amount Error message shown"): Max Amount Error message shown

24-10-2024T09:09:49 - [MESSAGE][PASSED] - Max Amount Error message shown

24-10-2024T09:09:49 - [TEST_STEP][PASSED] - resText = "Pass": null

24-10-2024T09:09:49 - [TEST_STEP][ERROR] - pages.WriteExcel.demoKey(resText, datText, resColumn, datCloumn, fileLoc, nameSheet, row): Test Cases/IntegratedWeb/IWP25/Error/MaxAmountErrorCC FAILED.
Reason:
com.kms.katalon.core.exception.StepErrorException: org.codehaus.groovy.runtime.InvokerInvocationException: java.io.FileNotFoundException: KatalonData\IWPTestData\VRelay25Payments.xlsx (The process cannot access the file because it is being used by another process)
	at com.kms.katalon.core.main.CustomKeywordDelegatingMetaClass.throwError(CustomKeywordDelegatingMetaClass.java:101)
	at com.kms.katalon.core.main.CustomKeywordDelegatingMetaClass.invokeStaticMethod(CustomKeywordDelegatingMetaClass.java:73)
	at MaxAmountErrorCC.run(MaxAmountErrorCC:91)
	at com.kms.katalon.core.main.ScriptEngine.run(ScriptEngine.java:194)
	at com.kms.katalon.core.main.ScriptEngine.runScriptAsRawText(ScriptEngine.java:119)
	at com.kms.katalon.core.main.TestCaseExecutor.runScript(TestCaseExecutor.java:448)
	at com.kms.katalon.core.main.TestCaseExecutor.doExecute(TestCaseExecutor.java:439)
	at com.kms.katalon.core.main.TestCaseExecutor.processExecutionPhase(TestCaseExecutor.java:418)
	at com.kms.katalon.core.main.TestCaseExecutor.accessMainPhase(TestCaseExecutor.java:410)
	at com.kms.katalon.core.main.TestCaseExecutor.execute(TestCaseExecutor.java:285)
	at com.kms.katalon.core.common.CommonExecutor.accessTestCaseMainPhase(CommonExecutor.java:65)
	at com.kms.katalon.core.main.TestSuiteExecutor.accessTestSuiteMainPhase(TestSuiteExecutor.java:150)
	at com.kms.katalon.core.main.TestSuiteExecutor.execute(TestSuiteExecutor.java:106)
	at com.kms.katalon.core.main.TestCaseMain.startTestSuite(TestCaseMain.java:180)
	at TempTestSuite1729731001385.run(TempTestSuite1729731001385.groovy:35)
	at java.base/jdk.internal.reflect.NativeMethodAccessorImpl.invoke0(Native Method)
	at java.base/jdk.internal.reflect.NativeMethodAccessorImpl.invoke(NativeMethodAccessorImpl.java:77)
	at java.base/jdk.internal.reflect.DelegatingMethodAccessorImpl.invoke(DelegatingMethodAccessorImpl.java:43)
Caused by: org.codehaus.groovy.runtime.InvokerInvocationException: java.io.FileNotFoundException: KatalonData\IWPTestData\VRelay25Payments.xlsx (The process cannot access the file because it is being used by another process)
	at com.kms.katalon.core.main.CustomKeywordDelegatingMetaClass.invokeStaticMethod(CustomKeywordDelegatingMetaClass.java:55)
	at Script1725023318019.run(Script1725023318019.groovy:91)
	... 15 more
Caused by: java.io.FileNotFoundException: KatalonData\IWPTestData\VRelay25Payments.xlsx (The process cannot access the file because it is being used by another process)
	at pages.WriteExcel.demoKey(WriteExcel.groovy:93)
	at jdk.internal.reflect.GeneratedMethodAccessor43.invoke(Unknown Source)
	at java.base/jdk.internal.reflect.DelegatingMethodAccessorImpl.invoke(DelegatingMethodAccessorImpl.java:43)
	at com.kms.katalon.core.main.CustomKeywordDelegatingMetaClass.invokeStaticMethod(CustomKeywordDelegatingMetaClass.java:55)
	at MaxAmountErrorCC.run(MaxAmountErrorCC:91)
	... 15 more


24-10-2024T09:09:49 - [MESSAGE][ERROR] - java.io.FileNotFoundException: KatalonData\IWPTestData\VRelay25Payments.xlsx (The process cannot access the file because it is being used by another process)

24-10-2024T09:09:49 - [MESSAGE][ERROR] - Test Cases/IntegratedWeb/IWP25/Error/MaxAmountErrorCC FAILED.
Reason:
com.kms.katalon.core.exception.StepErrorException: org.codehaus.groovy.runtime.InvokerInvocationException: java.io.FileNotFoundException: KatalonData\IWPTestData\VRelay25Payments.xlsx (The process cannot access the file because it is being used by another process)
	at com.kms.katalon.core.main.CustomKeywordDelegatingMetaClass.throwError(CustomKeywordDelegatingMetaClass.java:101)
	at com.kms.katalon.core.main.CustomKeywordDelegatingMetaClass.invokeStaticMethod(CustomKeywordDelegatingMetaClass.java:73)
	at MaxAmountErrorCC.run(MaxAmountErrorCC:91)
	at com.kms.katalon.core.main.ScriptEngine.run(ScriptEngine.java:194)
	at com.kms.katalon.core.main.ScriptEngine.runScriptAsRawText(ScriptEngine.java:119)
	at com.kms.katalon.core.main.TestCaseExecutor.runScript(TestCaseExecutor.java:448)
	at com.kms.katalon.core.main.TestCaseExecutor.doExecute(TestCaseExecutor.java:439)
	at com.kms.katalon.core.main.TestCaseExecutor.processExecutionPhase(TestCaseExecutor.java:418)
	at com.kms.katalon.core.main.TestCaseExecutor.accessMainPhase(TestCaseExecutor.java:410)
	at com.kms.katalon.core.main.TestCaseExecutor.execute(TestCaseExecutor.java:285)
	at com.kms.katalon.core.common.CommonExecutor.accessTestCaseMainPhase(CommonExecutor.java:65)
	at com.kms.katalon.core.main.TestSuiteExecutor.accessTestSuiteMainPhase(TestSuiteExecutor.java:150)
	at com.kms.katalon.core.main.TestSuiteExecutor.execute(TestSuiteExecutor.java:106)
	at com.kms.katalon.core.main.TestCaseMain.startTestSuite(TestCaseMain.java:180)
	at TempTestSuite1729731001385.run(TempTestSuite1729731001385.groovy:35)
	at java.base/jdk.internal.reflect.NativeMethodAccessorImpl.invoke0(Native Method)
	at java.base/jdk.internal.reflect.NativeMethodAccessorImpl.invoke(NativeMethodAccessorImpl.java:77)
	at java.base/jdk.internal.reflect.DelegatingMethodAccessorImpl.invoke(DelegatingMethodAccessorImpl.java:43)
Caused by: org.codehaus.groovy.runtime.InvokerInvocationException: java.io.FileNotFoundException: KatalonData\IWPTestData\VRelay25Payments.xlsx (The process cannot access the file because it is being used by another process)
	at com.kms.katalon.core.main.CustomKeywordDelegatingMetaClass.invokeStaticMethod(CustomKeywordDelegatingMetaClass.java:55)
	at Script1725023318019.run(Script1725023318019.groovy:91)
	... 15 more
Caused by: java.io.FileNotFoundException: KatalonData\IWPTestData\VRelay25Payments.xlsx (The process cannot access the file because it is being used by another process)
	at pages.WriteExcel.demoKey(WriteExcel.groovy:93)
	at jdk.internal.reflect.GeneratedMethodAccessor43.invoke(Unknown Source)
	at java.base/jdk.internal.reflect.DelegatingMethodAccessorImpl.invoke(DelegatingMethodAccessorImpl.java:43)
	at com.kms.katalon.core.main.CustomKeywordDelegatingMetaClass.invokeStaticMethod(CustomKeywordDelegatingMetaClass.java:55)
	at MaxAmountErrorCC.run(MaxAmountErrorCC:91)
	... 15 more]]></system-out>
         <system-err><![CDATA[24-10-2024T09:08:04 - [TEST_CASE][ERROR] - Test Cases/IntegratedWeb/IWP25/Error/MaxAmountErrorCC: Test Cases/IntegratedWeb/IWP25/Error/MaxAmountErrorCC FAILED.
Reason:
org.codehaus.groovy.runtime.InvokerInvocationException: java.io.FileNotFoundException: KatalonData\IWPTestData\VRelay25Payments.xlsx (The process cannot access the file because it is being used by another process)
	at com.kms.katalon.core.main.CustomKeywordDelegatingMetaClass.invokeStaticMethod(CustomKeywordDelegatingMetaClass.java:55)
	at MaxAmountErrorCC.run(MaxAmountErrorCC:91)
	at com.kms.katalon.core.main.ScriptEngine.run(ScriptEngine.java:194)
	at com.kms.katalon.core.main.ScriptEngine.runScriptAsRawText(ScriptEngine.java:119)
	at com.kms.katalon.core.main.TestCaseExecutor.runScript(TestCaseExecutor.java:448)
	at com.kms.katalon.core.main.TestCaseExecutor.doExecute(TestCaseExecutor.java:439)
	at com.kms.katalon.core.main.TestCaseExecutor.processExecutionPhase(TestCaseExecutor.java:418)
	at com.kms.katalon.core.main.TestCaseExecutor.accessMainPhase(TestCaseExecutor.java:410)
	at com.kms.katalon.core.main.TestCaseExecutor.execute(TestCaseExecutor.java:285)
	at com.kms.katalon.core.common.CommonExecutor.accessTestCaseMainPhase(CommonExecutor.java:65)
	at com.kms.katalon.core.main.TestSuiteExecutor.accessTestSuiteMainPhase(TestSuiteExecutor.java:150)
	at com.kms.katalon.core.main.TestSuiteExecutor.execute(TestSuiteExecutor.java:106)
	at com.kms.katalon.core.main.TestCaseMain.startTestSuite(TestCaseMain.java:180)
	at TempTestSuite1729731001385.run(TempTestSuite1729731001385.groovy:35)
	at java.base/jdk.internal.reflect.NativeMethodAccessorImpl.invoke0(Native Method)
	at java.base/jdk.internal.reflect.NativeMethodAccessorImpl.invoke(NativeMethodAccessorImpl.java:77)
	at java.base/jdk.internal.reflect.DelegatingMethodAccessorImpl.invoke(DelegatingMethodAccessorImpl.java:43)
Caused by: java.io.FileNotFoundException: KatalonData\IWPTestData\VRelay25Payments.xlsx (The process cannot access the file because it is being used by another process)
	at pages.WriteExcel.demoKey(WriteExcel.groovy:93)
	at jdk.internal.reflect.GeneratedMethodAccessor43.invoke(Unknown Source)
	at java.base/jdk.internal.reflect.DelegatingMethodAccessorImpl.invoke(DelegatingMethodAccessorImpl.java:43)
	... 17 more]]></system-err>
      </testcase>
      <testcase name="Test Cases/IntegratedWeb/IWP25/Error/MaxAmountErrorCorp" time="104.657" classname="Test Cases/IntegratedWeb/IWP25/Error/MaxAmountErrorCorp" status="ERROR">
         <error type="ERROR" message="Test Cases/IntegratedWeb/IWP25/Error/MaxAmountErrorCorp FAILED.&#xa;Reason:&#xa;org.codehaus.groovy.runtime.InvokerInvocationException: java.io.FileNotFoundException: KatalonData\IWPTestData\VRelay25Payments.xlsx (The process cannot access the file because it is being used by another process)&#xa;	at com.kms.katalon.core.main.CustomKeywordDelegatingMetaClass.invokeStaticMethod(CustomKeywordDelegatingMetaClass.java:55)&#xa;	at MaxAmountErrorCorp.run(MaxAmountErrorCorp:91)&#xa;	at com.kms.katalon.core.main.ScriptEngine.run(ScriptEngine.java:194)&#xa;	at com.kms.katalon.core.main.ScriptEngine.runScriptAsRawText(ScriptEngine.java:119)&#xa;	at com.kms.katalon.core.main.TestCaseExecutor.runScript(TestCaseExecutor.java:448)&#xa;	at com.kms.katalon.core.main.TestCaseExecutor.doExecute(TestCaseExecutor.java:439)&#xa;	at com.kms.katalon.core.main.TestCaseExecutor.processExecutionPhase(TestCaseExecutor.java:418)&#xa;	at com.kms.katalon.core.main.TestCaseExecutor.accessMainPhase(TestCaseExecutor.java:410)&#xa;	at com.kms.katalon.core.main.TestCaseExecutor.execute(TestCaseExecutor.java:285)&#xa;	at com.kms.katalon.core.common.CommonExecutor.accessTestCaseMainPhase(CommonExecutor.java:65)&#xa;	at com.kms.katalon.core.main.TestSuiteExecutor.accessTestSuiteMainPhase(TestSuiteExecutor.java:150)&#xa;	at com.kms.katalon.core.main.TestSuiteExecutor.execute(TestSuiteExecutor.java:106)&#xa;	at com.kms.katalon.core.main.TestCaseMain.startTestSuite(TestCaseMain.java:180)&#xa;	at TempTestSuite1729731001385.run(TempTestSuite1729731001385.groovy:35)&#xa;	at java.base/jdk.internal.reflect.NativeMethodAccessorImpl.invoke0(Native Method)&#xa;	at java.base/jdk.internal.reflect.NativeMethodAccessorImpl.invoke(NativeMethodAccessorImpl.java:77)&#xa;	at java.base/jdk.internal.reflect.DelegatingMethodAccessorImpl.invoke(DelegatingMethodAccessorImpl.java:43)&#xa;Caused by: java.io.FileNotFoundException: KatalonData\IWPTestData\VRelay25Payments.xlsx (The process cannot access the file because it is being used by another process)&#xa;	at pages.WriteExcel.demoKey(WriteExcel.groovy:93)&#xa;	at jdk.internal.reflect.GeneratedMethodAccessor43.invoke(Unknown Source)&#xa;	at java.base/jdk.internal.reflect.DelegatingMethodAccessorImpl.invoke(DelegatingMethodAccessorImpl.java:43)&#xa;	... 17 more&#xa;"/>
         <system-out><![CDATA[24-10-2024T09:09:49 - [TEST_CASE][ERROR] - Test Cases/IntegratedWeb/IWP25/Error/MaxAmountErrorCorp: Test Cases/IntegratedWeb/IWP25/Error/MaxAmountErrorCorp FAILED.
Reason:
org.codehaus.groovy.runtime.InvokerInvocationException: java.io.FileNotFoundException: KatalonData\IWPTestData\VRelay25Payments.xlsx (The process cannot access the file because it is being used by another process)
	at com.kms.katalon.core.main.CustomKeywordDelegatingMetaClass.invokeStaticMethod(CustomKeywordDelegatingMetaClass.java:55)
	at MaxAmountErrorCorp.run(MaxAmountErrorCorp:91)
	at com.kms.katalon.core.main.ScriptEngine.run(ScriptEngine.java:194)
	at com.kms.katalon.core.main.ScriptEngine.runScriptAsRawText(ScriptEngine.java:119)
	at com.kms.katalon.core.main.TestCaseExecutor.runScript(TestCaseExecutor.java:448)
	at com.kms.katalon.core.main.TestCaseExecutor.doExecute(TestCaseExecutor.java:439)
	at com.kms.katalon.core.main.TestCaseExecutor.processExecutionPhase(TestCaseExecutor.java:418)
	at com.kms.katalon.core.main.TestCaseExecutor.accessMainPhase(TestCaseExecutor.java:410)
	at com.kms.katalon.core.main.TestCaseExecutor.execute(TestCaseExecutor.java:285)
	at com.kms.katalon.core.common.CommonExecutor.accessTestCaseMainPhase(CommonExecutor.java:65)
	at com.kms.katalon.core.main.TestSuiteExecutor.accessTestSuiteMainPhase(TestSuiteExecutor.java:150)
	at com.kms.katalon.core.main.TestSuiteExecutor.execute(TestSuiteExecutor.java:106)
	at com.kms.katalon.core.main.TestCaseMain.startTestSuite(TestCaseMain.java:180)
	at TempTestSuite1729731001385.run(TempTestSuite1729731001385.groovy:35)
	at java.base/jdk.internal.reflect.NativeMethodAccessorImpl.invoke0(Native Method)
	at java.base/jdk.internal.reflect.NativeMethodAccessorImpl.invoke(NativeMethodAccessorImpl.java:77)
	at java.base/jdk.internal.reflect.DelegatingMethodAccessorImpl.invoke(DelegatingMethodAccessorImpl.java:43)
Caused by: java.io.FileNotFoundException: KatalonData\IWPTestData\VRelay25Payments.xlsx (The process cannot access the file because it is being used by another process)
	at pages.WriteExcel.demoKey(WriteExcel.groovy:93)
	at jdk.internal.reflect.GeneratedMethodAccessor43.invoke(Unknown Source)
	at java.base/jdk.internal.reflect.DelegatingMethodAccessorImpl.invoke(DelegatingMethodAccessorImpl.java:43)
	... 17 more


24-10-2024T09:09:49 - [TEST_STEP][PASSED] - resText = "Fail": null

24-10-2024T09:09:49 - [TEST_STEP][PASSED] - resColumn = "Result": null

24-10-2024T09:09:49 - [TEST_STEP][PASSED] - datCloumn = "Date": null

24-10-2024T09:09:49 - [TEST_STEP][PASSED] - fileLoc = "KatalonData/IWPTestData/VRelay25Payments.xlsx": null

24-10-2024T09:09:49 - [TEST_STEP][PASSED] - numOfRows = <not implemented yet for class: org.codehaus.groovy.ast.expr.EmptyExpression>: null

24-10-2024T09:09:49 - [TEST_STEP][PASSED] - dataFile = <not implemented yet for class: org.codehaus.groovy.ast.expr.EmptyExpression>: null

24-10-2024T09:09:49 - [TEST_STEP][PASSED] - nameSheet = <not implemented yet for class: org.codehaus.groovy.ast.expr.EmptyExpression>: null

24-10-2024T09:09:49 - [TEST_STEP][PASSED] - dataFileEmulator = <not implemented yet for class: org.codehaus.groovy.ast.expr.EmptyExpression>: null

24-10-2024T09:09:49 - [TEST_STEP][PASSED] - nameSheet = "MaxAmountErrorCorp": null

24-10-2024T09:09:49 - [TEST_STEP][PASSED] - dataFile = "IWPTestData/IWP25MaxAmountErrorCorp": null

24-10-2024T09:09:49 - [TEST_STEP][PASSED] - dataFileEmulator = "IWPTestData/EmulatorData": null

24-10-2024T09:09:49 - [TEST_STEP][PASSED] - numOfRows = findTestData(dataFile).getRowNumbers(): null

24-10-2024T09:09:49 - [TEST_STEP][PASSED] - println("Number of Records: " + numOfRows): null

24-10-2024T09:09:49 - [TEST_STEP][PASSED] - for ([row = 1, row <= numOfRows, (row++)]): null

24-10-2024T09:09:49 - [TEST_STEP][PASSED] - ExecuteTC = findTestData(dataFile).getValue("Execute", row): null

24-10-2024T09:09:49 - [TEST_STEP][PASSED] - out.println("Value of Execute is : " + ExecuteTC): null

24-10-2024T09:09:49 - [TEST_STEP][PASSED] - if (ExecuteTC.equalsIgnoreCase("Y")): null

24-10-2024T09:09:49 - [TEST_STEP][PASSED] - out.println("Begin Record Number: " + row): null

24-10-2024T09:09:49 - [TEST_STEP][PASSED] - today = new java.util.Date(): null

24-10-2024T09:09:49 - [TEST_STEP][PASSED] - println(today): null

24-10-2024T09:09:49 - [TEST_STEP][PASSED] - datText = today: null

24-10-2024T09:09:49 - [TEST_STEP][PASSED] - EmulatorDataKey = findTestData(dataFile).getValue("EmulatorData", row): null

24-10-2024T09:09:49 - [TEST_STEP][PASSED] - out.println("Value of Emulator Key is : " + EmulatorDataKey): null

24-10-2024T09:09:49 - [TEST_STEP][PASSED] - iwpPages.emulatorIWP30.setDataEmulator_DD(EmulatorDataKey): iwpPages.emulatorIWP30.setDataEmulator_DD is PASSED

24-10-2024T09:09:50 - [MESSAGE][WARNING] - A browser is already opened. Closing browser and opening a new one

24-10-2024T09:09:50 - [MESSAGE][INFO] - Starting 'Edge Chromium' driver

24-10-2024T09:09:50 - [MESSAGE][INFO] - User set preference: ['acceptInsecureCerts', 'true']

24-10-2024T09:09:52 - [MESSAGE][INFO] - Action delay is set to 0 milliseconds

24-10-2024T09:09:57 - [MESSAGE][PASSED] - Browser is opened with url: 'https://qa2.velocitypayment.com/agencyx/config.action?action=editor&message_version=2_5'

24-10-2024T09:09:57 - [MESSAGE][PASSED] - Current window maximized

24-10-2024T09:10:28 - [MESSAGE][INFO] - Unable to find the element located by 'By.xpath: //select[@name='message_version']'. Please recheck the objects properties to make sure the desired element is located. 

24-10-2024T09:10:28 - [MESSAGE][WARNING] - [SELF-HEALING] Failed to find element with id 'Object Repository/IWP30/Page_VRelay30Emulator/MV'. Try using Self-healing.

24-10-2024T09:10:28 - [MESSAGE][WARNING] - [SELF-HEALING] The current locator of test object 'Object Repository/IWP30/Page_VRelay30Emulator/MV' was broken. Propose an alternative one: '(.//*[normalize-space(text()) and normalize-space(.)='Message Version'])[1]/following::select[1]'.

24-10-2024T09:10:29 - [MESSAGE][PASSED] - All options with value '2.5' are selected in object 'Object Repository/IWP30/Page_VRelay30Emulator/MV'  using regular expression

24-10-2024T09:10:29 - [MESSAGE][PASSED] - Text '10.50' is set on object 'Object Repository/IWP30/Page_EmulatorAgencyX/Amount'

24-10-2024T09:10:30 - [MESSAGE][PASSED] - Text 'vnExFNWWSy2o' is set on object 'Object Repository/IWP30/Page_EmulatorAgencyX/CAN'

24-10-2024T09:10:31 - [MESSAGE][PASSED] - Text 'PayNow' is set on object 'Object Repository/IWP30/Page_EmulatorAgencyX/Action'

24-10-2024T09:10:31 - [MESSAGE][PASSED] - Text 'en_US' is set on object 'Object Repository/IWP30/Page_EmulatorAgencyX/Lang'

24-10-2024T09:10:32 - [MESSAGE][PASSED] - Text '' is set on object 'Object Repository/IWP30/Page_EmulatorAgencyX/Fname'

24-10-2024T09:10:32 - [MESSAGE][PASSED] - Text '' is set on object 'Object Repository/IWP30/Page_EmulatorAgencyX/Lname'

24-10-2024T09:10:33 - [MESSAGE][PASSED] - Text '' is set on object 'Object Repository/IWP30/Page_EmulatorAgencyX/AL1'

24-10-2024T09:10:33 - [MESSAGE][PASSED] - Text '' is set on object 'Object Repository/IWP30/Page_EmulatorAgencyX/AL2'

24-10-2024T09:10:34 - [MESSAGE][PASSED] - Text '' is set on object 'Object Repository/IWP30/Page_EmulatorAgencyX/Country'

24-10-2024T09:10:35 - [MESSAGE][PASSED] - Text '' is set on object 'Object Repository/IWP30/Page_EmulatorAgencyX/City'

24-10-2024T09:10:35 - [MESSAGE][PASSED] - Text '' is set on object 'Object Repository/IWP30/Page_EmulatorAgencyX/State'

24-10-2024T09:10:36 - [MESSAGE][PASSED] - Text '' is set on object 'Object Repository/IWP30/Page_EmulatorAgencyX/ZIP'

24-10-2024T09:10:36 - [MESSAGE][PASSED] - Text '' is set on object 'Object Repository/IWP30/Page_EmulatorAgencyX/Order'

24-10-2024T09:10:37 - [MESSAGE][PASSED] - Text '' is set on object 'Object Repository/IWP30/Page_EmulatorAgencyX/Company'

24-10-2024T09:10:37 - [MESSAGE][PASSED] - Text '' is set on object 'Object Repository/IWP30/Page_EmulatorAgencyX/Email'

24-10-2024T09:10:38 - [MESSAGE][PASSED] - Text '' is set on object 'Object Repository/IWP30/Page_EmulatorAgencyX/UDF1'

24-10-2024T09:10:39 - [MESSAGE][PASSED] - Text '' is set on object 'Object Repository/IWP30/Page_EmulatorAgencyX/UDF2'

24-10-2024T09:10:39 - [MESSAGE][PASSED] - Text '' is set on object 'Object Repository/IWP30/Page_EmulatorAgencyX/UDF3'

24-10-2024T09:10:40 - [MESSAGE][PASSED] - Text 'udf data 4' is set on object 'Object Repository/IWP30/Page_EmulatorAgencyX/UDF4'

24-10-2024T09:10:40 - [MESSAGE][PASSED] - Text 'udf data 5' is set on object 'Object Repository/IWP30/Page_EmulatorAgencyX/UDF5'

24-10-2024T09:10:41 - [MESSAGE][PASSED] - Text '' is set on object 'Object Repository/IWP30/Page_EmulatorAgencyX/UDF6'

24-10-2024T09:10:42 - [MESSAGE][PASSED] - Text '' is set on object 'Object Repository/IWP30/Page_EmulatorAgencyX/UDF7'

24-10-2024T09:10:42 - [MESSAGE][PASSED] - Text '' is set on object 'Object Repository/IWP30/Page_EmulatorAgencyX/UDF8'

24-10-2024T09:10:43 - [MESSAGE][PASSED] - Text 'udf data 9' is set on object 'Object Repository/IWP30/Page_EmulatorAgencyX/UDF9'

24-10-2024T09:10:43 - [MESSAGE][PASSED] - Text 'udf data 10' is set on object 'Object Repository/IWP30/Page_EmulatorAgencyX/UDF10'

24-10-2024T09:10:45 - [MESSAGE][PASSED] - Object: 'Object Repository/IWP30/Page_EmulatorAgencyX/Submit' is clicked on

24-10-2024T09:10:49 - [MESSAGE][PASSED] - Browser is closed

24-10-2024T09:10:53 - [MESSAGE][PASSED] - iwpPages.emulatorIWP30.setDataEmulator_DD is PASSED

24-10-2024T09:10:53 - [TEST_STEP][PASSED] - testHarnessURL = urlTestHarness: null

24-10-2024T09:10:53 - [TEST_STEP][PASSED] - openBrowser(testHarnessURL): Browser is opened with url: 'https://dev-algorithm.govolution.com/vrelaytest/QA2/version_2_2/vrelaytest.html'

24-10-2024T09:10:53 - [MESSAGE][INFO] - Starting 'Edge Chromium' driver

24-10-2024T09:10:53 - [MESSAGE][INFO] - User set preference: ['acceptInsecureCerts', 'true']

24-10-2024T09:10:55 - [MESSAGE][INFO] - Action delay is set to 0 milliseconds

24-10-2024T09:10:59 - [MESSAGE][PASSED] - Browser is opened with url: 'https://dev-algorithm.govolution.com/vrelaytest/QA2/version_2_2/vrelaytest.html'

24-10-2024T09:10:59 - [TEST_STEP][PASSED] - maximizeWindow(): Current window maximized

24-10-2024T09:10:59 - [MESSAGE][PASSED] - Current window maximized

24-10-2024T09:10:59 - [TEST_STEP][PASSED] - iwpPages.TestHarnessPage.setDataMethod(row, dataFile): iwpPages.TestHarnessPage.setDataMethod is PASSED

24-10-2024T09:10:59 - [MESSAGE][PASSED] - Object 'Object Repository/IWP30/Page_QATestHarness/RemittanceID' is present

24-10-2024T09:11:00 - [MESSAGE][PASSED] - Text '638' is set on object 'Object Repository/IWP30/Page_QATestHarness/ApplicationID'

24-10-2024T09:11:01 - [MESSAGE][PASSED] - Text '2.5' is set on object 'Object Repository/IWP30/Page_QATestHarness/MessageVersion'

24-10-2024T09:11:01 - [MESSAGE][PASSED] - Text 'ZuLLpeSrscXj' is set on object 'Object Repository/IWP30/Page_QATestHarness/RemittanceID'

24-10-2024T09:11:05 - [MESSAGE][PASSED] - Object: 'Object Repository/IWP30/Page_QATestHarness/SubmitButton' is clicked on

24-10-2024T09:11:05 - [MESSAGE][PASSED] - iwpPages.TestHarnessPage.setDataMethod is PASSED

24-10-2024T09:11:05 - [TEST_STEP][PASSED] - click(findTestObject("Object Repository/IWP30/Page_SelectPaymentMethod/PayByCorporateCheck")): Object: 'Object Repository/IWP30/Page_SelectPaymentMethod/PayByCorporateCheck' is clicked on

24-10-2024T09:11:05 - [MESSAGE][PASSED] - Object: 'Object Repository/IWP30/Page_SelectPaymentMethod/PayByCorporateCheck' is clicked on

24-10-2024T09:11:05 - [TEST_STEP][PASSED] - click(findTestObject("Object Repository/IWP30/Page_SelectPaymentMethod/MakePaymentButton")): Object: 'Object Repository/IWP30/Page_SelectPaymentMethod/MakePaymentButton' is clicked on

24-10-2024T09:11:08 - [MESSAGE][PASSED] - Object: 'Object Repository/IWP30/Page_SelectPaymentMethod/MakePaymentButton' is clicked on

24-10-2024T09:11:08 - [TEST_STEP][PASSED] - iwpPages.achCorporatePaymentEntryPage.setDataCorporate(row, dataFile): iwpPages.achCorporatePaymentEntryPage.setDataCorporate is PASSED

24-10-2024T09:11:09 - [MESSAGE][PASSED] - Object 'Object Repository/IWP30/Page_ACHCorporatePaymentEntry/txt_accountNumber' is present

24-10-2024T09:11:09 - [MESSAGE][PASSED] - Object 'Object Repository/IWP30/Page_ACHCorporatePaymentEntry/input_CompanyName' is present

24-10-2024T09:11:10 - [MESSAGE][PASSED] - Text 'My Company' is set on object 'Object Repository/IWP30/Page_ACHCorporatePaymentEntry/input_CompanyName'

24-10-2024T09:11:10 - [MESSAGE][PASSED] - Object 'Object Repository/IWP30/Page_ACHCorporatePaymentEntry/input_EIN' is present

24-10-2024T09:11:11 - [MESSAGE][PASSED] - Text '123456789' is set on object 'Object Repository/IWP30/Page_ACHCorporatePaymentEntry/input_EIN'

24-10-2024T09:11:11 - [MESSAGE][PASSED] - Text '200.50' is set on object 'Object Repository/IWP30/Page_ACHCorporatePaymentEntry/txt_Amount'

24-10-2024T09:11:12 - [MESSAGE][PASSED] - Text 'udf data 2' is set on object 'Object Repository/IWP30/Page_ACHCorporatePaymentEntry/txt_UDF2'

24-10-2024T09:11:13 - [MESSAGE][PASSED] - Text 'udf data 3' is set on object 'Object Repository/IWP30/Page_ACHCorporatePaymentEntry/txt_UDF3'

24-10-2024T09:11:13 - [MESSAGE][PASSED] - All options with label 'Orange' are selected in object 'Object Repository/IWP30/Page_ACHCorporatePaymentEntry/dd_UDF7' 

24-10-2024T09:11:14 - [MESSAGE][PASSED] - All options with label 'Soccer' are selected in object 'Object Repository/IWP30/Page_ACHCorporatePaymentEntry/dd_UDF8' 

24-10-2024T09:11:14 - [MESSAGE][PASSED] - Object 'Object Repository/IWP30/Page_ACHCorporatePaymentEntry/txt_routingNumber' is present

24-10-2024T09:11:15 - [MESSAGE][PASSED] - Text '256072691' is set on object 'Object Repository/IWP30/Page_ACHCorporatePaymentEntry/txt_routingNumber'

24-10-2024T09:11:15 - [MESSAGE][PASSED] - Object 'Object Repository/IWP30/Page_ACHCorporatePaymentEntry/txt_accountNumber' is present

24-10-2024T09:11:16 - [MESSAGE][PASSED] - Text '12344444' is set on object 'Object Repository/IWP30/Page_ACHCorporatePaymentEntry/txt_accountNumber'

24-10-2024T09:11:17 - [MESSAGE][PASSED] - Object 'Object Repository/IWP30/Page_ACHCorporatePaymentEntry/txt_confirmAccountNumber' is present

24-10-2024T09:11:17 - [MESSAGE][PASSED] - Text '12344444' is set on object 'Object Repository/IWP30/Page_ACHCorporatePaymentEntry/txt_confirmAccountNumber'

24-10-2024T09:11:18 - [MESSAGE][PASSED] - Text '365 Main Avenue' is set on object 'Object Repository/IWP30/Page_ACHCorporatePaymentEntry/txt_AL1'

24-10-2024T09:11:19 - [MESSAGE][PASSED] - Text '22201' is set on object 'Object Repository/IWP30/Page_ACHCorporatePaymentEntry/txt_ZIP'

24-10-2024T09:11:19 - [MESSAGE][PASSED] - Object 'Object Repository/IWP30/Page_ACHCorporatePaymentEntry/txt_Email' is present

24-10-2024T09:11:20 - [MESSAGE][PASSED] - Text 'iahmed@govolution.com' is set on object 'Object Repository/IWP30/Page_ACHCorporatePaymentEntry/txt_Email'

24-10-2024T09:11:20 - [MESSAGE][PASSED] - Object 'Object Repository/IWP30/Page_ACHCorporatePaymentEntry/cb_TermsAndCond' is present

24-10-2024T09:11:21 - [MESSAGE][PASSED] - Object: 'Object Repository/IWP30/Page_ACHCorporatePaymentEntry/cb_TermsAndCond' is clicked on

24-10-2024T09:11:21 - [MESSAGE][PASSED] - Object 'Object Repository/IWP30/Page_ACHCorporatePaymentEntry/btn_Continue' is present

24-10-2024T09:11:23 - [MESSAGE][PASSED] - Object: 'Object Repository/IWP30/Page_ACHCorporatePaymentEntry/btn_Continue' is clicked on

24-10-2024T09:11:23 - [MESSAGE][PASSED] - iwpPages.achCorporatePaymentEntryPage.setDataCorporate is PASSED

24-10-2024T09:11:23 - [TEST_STEP][PASSED] - Thread.sleep(10000): null

24-10-2024T09:11:33 - [TEST_STEP][PASSED] - if (verifyTextPresent("Amount is greater than maximum", false)): null

24-10-2024T09:11:34 - [MESSAGE][PASSED] - Text 'Amount is greater than maximum' is present on page 

24-10-2024T09:11:34 - [TEST_STEP][PASSED] - println("Max Amount Error message shown"): null

24-10-2024T09:11:34 - [TEST_STEP][PASSED] - markPassed("Max Amount Error message shown"): Max Amount Error message shown

24-10-2024T09:11:34 - [MESSAGE][PASSED] - Max Amount Error message shown

24-10-2024T09:11:34 - [TEST_STEP][PASSED] - resText = "Pass": null

24-10-2024T09:11:34 - [TEST_STEP][ERROR] - pages.WriteExcel.demoKey(resText, datText, resColumn, datCloumn, fileLoc, nameSheet, row): Test Cases/IntegratedWeb/IWP25/Error/MaxAmountErrorCorp FAILED.
Reason:
com.kms.katalon.core.exception.StepErrorException: org.codehaus.groovy.runtime.InvokerInvocationException: java.io.FileNotFoundException: KatalonData\IWPTestData\VRelay25Payments.xlsx (The process cannot access the file because it is being used by another process)
	at com.kms.katalon.core.main.CustomKeywordDelegatingMetaClass.throwError(CustomKeywordDelegatingMetaClass.java:101)
	at com.kms.katalon.core.main.CustomKeywordDelegatingMetaClass.invokeStaticMethod(CustomKeywordDelegatingMetaClass.java:73)
	at MaxAmountErrorCorp.run(MaxAmountErrorCorp:91)
	at com.kms.katalon.core.main.ScriptEngine.run(ScriptEngine.java:194)
	at com.kms.katalon.core.main.ScriptEngine.runScriptAsRawText(ScriptEngine.java:119)
	at com.kms.katalon.core.main.TestCaseExecutor.runScript(TestCaseExecutor.java:448)
	at com.kms.katalon.core.main.TestCaseExecutor.doExecute(TestCaseExecutor.java:439)
	at com.kms.katalon.core.main.TestCaseExecutor.processExecutionPhase(TestCaseExecutor.java:418)
	at com.kms.katalon.core.main.TestCaseExecutor.accessMainPhase(TestCaseExecutor.java:410)
	at com.kms.katalon.core.main.TestCaseExecutor.execute(TestCaseExecutor.java:285)
	at com.kms.katalon.core.common.CommonExecutor.accessTestCaseMainPhase(CommonExecutor.java:65)
	at com.kms.katalon.core.main.TestSuiteExecutor.accessTestSuiteMainPhase(TestSuiteExecutor.java:150)
	at com.kms.katalon.core.main.TestSuiteExecutor.execute(TestSuiteExecutor.java:106)
	at com.kms.katalon.core.main.TestCaseMain.startTestSuite(TestCaseMain.java:180)
	at TempTestSuite1729731001385.run(TempTestSuite1729731001385.groovy:35)
	at java.base/jdk.internal.reflect.NativeMethodAccessorImpl.invoke0(Native Method)
	at java.base/jdk.internal.reflect.NativeMethodAccessorImpl.invoke(NativeMethodAccessorImpl.java:77)
	at java.base/jdk.internal.reflect.DelegatingMethodAccessorImpl.invoke(DelegatingMethodAccessorImpl.java:43)
Caused by: org.codehaus.groovy.runtime.InvokerInvocationException: java.io.FileNotFoundException: KatalonData\IWPTestData\VRelay25Payments.xlsx (The process cannot access the file because it is being used by another process)
	at com.kms.katalon.core.main.CustomKeywordDelegatingMetaClass.invokeStaticMethod(CustomKeywordDelegatingMetaClass.java:55)
	at Script1724093183674.run(Script1724093183674.groovy:91)
	... 15 more
Caused by: java.io.FileNotFoundException: KatalonData\IWPTestData\VRelay25Payments.xlsx (The process cannot access the file because it is being used by another process)
	at pages.WriteExcel.demoKey(WriteExcel.groovy:93)
	at jdk.internal.reflect.GeneratedMethodAccessor43.invoke(Unknown Source)
	at java.base/jdk.internal.reflect.DelegatingMethodAccessorImpl.invoke(DelegatingMethodAccessorImpl.java:43)
	at com.kms.katalon.core.main.CustomKeywordDelegatingMetaClass.invokeStaticMethod(CustomKeywordDelegatingMetaClass.java:55)
	at MaxAmountErrorCorp.run(MaxAmountErrorCorp:91)
	... 15 more


24-10-2024T09:11:34 - [MESSAGE][ERROR] - java.io.FileNotFoundException: KatalonData\IWPTestData\VRelay25Payments.xlsx (The process cannot access the file because it is being used by another process)

24-10-2024T09:11:34 - [MESSAGE][ERROR] - Test Cases/IntegratedWeb/IWP25/Error/MaxAmountErrorCorp FAILED.
Reason:
com.kms.katalon.core.exception.StepErrorException: org.codehaus.groovy.runtime.InvokerInvocationException: java.io.FileNotFoundException: KatalonData\IWPTestData\VRelay25Payments.xlsx (The process cannot access the file because it is being used by another process)
	at com.kms.katalon.core.main.CustomKeywordDelegatingMetaClass.throwError(CustomKeywordDelegatingMetaClass.java:101)
	at com.kms.katalon.core.main.CustomKeywordDelegatingMetaClass.invokeStaticMethod(CustomKeywordDelegatingMetaClass.java:73)
	at MaxAmountErrorCorp.run(MaxAmountErrorCorp:91)
	at com.kms.katalon.core.main.ScriptEngine.run(ScriptEngine.java:194)
	at com.kms.katalon.core.main.ScriptEngine.runScriptAsRawText(ScriptEngine.java:119)
	at com.kms.katalon.core.main.TestCaseExecutor.runScript(TestCaseExecutor.java:448)
	at com.kms.katalon.core.main.TestCaseExecutor.doExecute(TestCaseExecutor.java:439)
	at com.kms.katalon.core.main.TestCaseExecutor.processExecutionPhase(TestCaseExecutor.java:418)
	at com.kms.katalon.core.main.TestCaseExecutor.accessMainPhase(TestCaseExecutor.java:410)
	at com.kms.katalon.core.main.TestCaseExecutor.execute(TestCaseExecutor.java:285)
	at com.kms.katalon.core.common.CommonExecutor.accessTestCaseMainPhase(CommonExecutor.java:65)
	at com.kms.katalon.core.main.TestSuiteExecutor.accessTestSuiteMainPhase(TestSuiteExecutor.java:150)
	at com.kms.katalon.core.main.TestSuiteExecutor.execute(TestSuiteExecutor.java:106)
	at com.kms.katalon.core.main.TestCaseMain.startTestSuite(TestCaseMain.java:180)
	at TempTestSuite1729731001385.run(TempTestSuite1729731001385.groovy:35)
	at java.base/jdk.internal.reflect.NativeMethodAccessorImpl.invoke0(Native Method)
	at java.base/jdk.internal.reflect.NativeMethodAccessorImpl.invoke(NativeMethodAccessorImpl.java:77)
	at java.base/jdk.internal.reflect.DelegatingMethodAccessorImpl.invoke(DelegatingMethodAccessorImpl.java:43)
Caused by: org.codehaus.groovy.runtime.InvokerInvocationException: java.io.FileNotFoundException: KatalonData\IWPTestData\VRelay25Payments.xlsx (The process cannot access the file because it is being used by another process)
	at com.kms.katalon.core.main.CustomKeywordDelegatingMetaClass.invokeStaticMethod(CustomKeywordDelegatingMetaClass.java:55)
	at Script1724093183674.run(Script1724093183674.groovy:91)
	... 15 more
Caused by: java.io.FileNotFoundException: KatalonData\IWPTestData\VRelay25Payments.xlsx (The process cannot access the file because it is being used by another process)
	at pages.WriteExcel.demoKey(WriteExcel.groovy:93)
	at jdk.internal.reflect.GeneratedMethodAccessor43.invoke(Unknown Source)
	at java.base/jdk.internal.reflect.DelegatingMethodAccessorImpl.invoke(DelegatingMethodAccessorImpl.java:43)
	at com.kms.katalon.core.main.CustomKeywordDelegatingMetaClass.invokeStaticMethod(CustomKeywordDelegatingMetaClass.java:55)
	at MaxAmountErrorCorp.run(MaxAmountErrorCorp:91)
	... 15 more]]></system-out>
         <system-err><![CDATA[24-10-2024T09:09:49 - [TEST_CASE][ERROR] - Test Cases/IntegratedWeb/IWP25/Error/MaxAmountErrorCorp: Test Cases/IntegratedWeb/IWP25/Error/MaxAmountErrorCorp FAILED.
Reason:
org.codehaus.groovy.runtime.InvokerInvocationException: java.io.FileNotFoundException: KatalonData\IWPTestData\VRelay25Payments.xlsx (The process cannot access the file because it is being used by another process)
	at com.kms.katalon.core.main.CustomKeywordDelegatingMetaClass.invokeStaticMethod(CustomKeywordDelegatingMetaClass.java:55)
	at MaxAmountErrorCorp.run(MaxAmountErrorCorp:91)
	at com.kms.katalon.core.main.ScriptEngine.run(ScriptEngine.java:194)
	at com.kms.katalon.core.main.ScriptEngine.runScriptAsRawText(ScriptEngine.java:119)
	at com.kms.katalon.core.main.TestCaseExecutor.runScript(TestCaseExecutor.java:448)
	at com.kms.katalon.core.main.TestCaseExecutor.doExecute(TestCaseExecutor.java:439)
	at com.kms.katalon.core.main.TestCaseExecutor.processExecutionPhase(TestCaseExecutor.java:418)
	at com.kms.katalon.core.main.TestCaseExecutor.accessMainPhase(TestCaseExecutor.java:410)
	at com.kms.katalon.core.main.TestCaseExecutor.execute(TestCaseExecutor.java:285)
	at com.kms.katalon.core.common.CommonExecutor.accessTestCaseMainPhase(CommonExecutor.java:65)
	at com.kms.katalon.core.main.TestSuiteExecutor.accessTestSuiteMainPhase(TestSuiteExecutor.java:150)
	at com.kms.katalon.core.main.TestSuiteExecutor.execute(TestSuiteExecutor.java:106)
	at com.kms.katalon.core.main.TestCaseMain.startTestSuite(TestCaseMain.java:180)
	at TempTestSuite1729731001385.run(TempTestSuite1729731001385.groovy:35)
	at java.base/jdk.internal.reflect.NativeMethodAccessorImpl.invoke0(Native Method)
	at java.base/jdk.internal.reflect.NativeMethodAccessorImpl.invoke(NativeMethodAccessorImpl.java:77)
	at java.base/jdk.internal.reflect.DelegatingMethodAccessorImpl.invoke(DelegatingMethodAccessorImpl.java:43)
Caused by: java.io.FileNotFoundException: KatalonData\IWPTestData\VRelay25Payments.xlsx (The process cannot access the file because it is being used by another process)
	at pages.WriteExcel.demoKey(WriteExcel.groovy:93)
	at jdk.internal.reflect.GeneratedMethodAccessor43.invoke(Unknown Source)
	at java.base/jdk.internal.reflect.DelegatingMethodAccessorImpl.invoke(DelegatingMethodAccessorImpl.java:43)
	... 17 more]]></system-err>
      </testcase>
      <testcase name="Test Cases/IntegratedWeb/IWP25/Error/MaxAmountErrorPC" time="110.575" classname="Test Cases/IntegratedWeb/IWP25/Error/MaxAmountErrorPC" status="ERROR">
         <error type="ERROR" message="Test Cases/IntegratedWeb/IWP25/Error/MaxAmountErrorPC FAILED.&#xa;Reason:&#xa;org.codehaus.groovy.runtime.InvokerInvocationException: java.io.FileNotFoundException: KatalonData\IWPTestData\VRelay25Payments.xlsx (The process cannot access the file because it is being used by another process)&#xa;	at com.kms.katalon.core.main.CustomKeywordDelegatingMetaClass.invokeStaticMethod(CustomKeywordDelegatingMetaClass.java:55)&#xa;	at MaxAmountErrorPC.run(MaxAmountErrorPC:91)&#xa;	at com.kms.katalon.core.main.ScriptEngine.run(ScriptEngine.java:194)&#xa;	at com.kms.katalon.core.main.ScriptEngine.runScriptAsRawText(ScriptEngine.java:119)&#xa;	at com.kms.katalon.core.main.TestCaseExecutor.runScript(TestCaseExecutor.java:448)&#xa;	at com.kms.katalon.core.main.TestCaseExecutor.doExecute(TestCaseExecutor.java:439)&#xa;	at com.kms.katalon.core.main.TestCaseExecutor.processExecutionPhase(TestCaseExecutor.java:418)&#xa;	at com.kms.katalon.core.main.TestCaseExecutor.accessMainPhase(TestCaseExecutor.java:410)&#xa;	at com.kms.katalon.core.main.TestCaseExecutor.execute(TestCaseExecutor.java:285)&#xa;	at com.kms.katalon.core.common.CommonExecutor.accessTestCaseMainPhase(CommonExecutor.java:65)&#xa;	at com.kms.katalon.core.main.TestSuiteExecutor.accessTestSuiteMainPhase(TestSuiteExecutor.java:150)&#xa;	at com.kms.katalon.core.main.TestSuiteExecutor.execute(TestSuiteExecutor.java:106)&#xa;	at com.kms.katalon.core.main.TestCaseMain.startTestSuite(TestCaseMain.java:180)&#xa;	at TempTestSuite1729731001385.run(TempTestSuite1729731001385.groovy:35)&#xa;	at java.base/jdk.internal.reflect.NativeMethodAccessorImpl.invoke0(Native Method)&#xa;	at java.base/jdk.internal.reflect.NativeMethodAccessorImpl.invoke(NativeMethodAccessorImpl.java:77)&#xa;	at java.base/jdk.internal.reflect.DelegatingMethodAccessorImpl.invoke(DelegatingMethodAccessorImpl.java:43)&#xa;Caused by: java.io.FileNotFoundException: KatalonData\IWPTestData\VRelay25Payments.xlsx (The process cannot access the file because it is being used by another process)&#xa;	at pages.WriteExcel.demoKey(WriteExcel.groovy:93)&#xa;	at jdk.internal.reflect.GeneratedMethodAccessor43.invoke(Unknown Source)&#xa;	at java.base/jdk.internal.reflect.DelegatingMethodAccessorImpl.invoke(DelegatingMethodAccessorImpl.java:43)&#xa;	... 17 more&#xa;"/>
         <system-out><![CDATA[24-10-2024T09:11:34 - [TEST_CASE][ERROR] - Test Cases/IntegratedWeb/IWP25/Error/MaxAmountErrorPC: Test Cases/IntegratedWeb/IWP25/Error/MaxAmountErrorPC FAILED.
Reason:
org.codehaus.groovy.runtime.InvokerInvocationException: java.io.FileNotFoundException: KatalonData\IWPTestData\VRelay25Payments.xlsx (The process cannot access the file because it is being used by another process)
	at com.kms.katalon.core.main.CustomKeywordDelegatingMetaClass.invokeStaticMethod(CustomKeywordDelegatingMetaClass.java:55)
	at MaxAmountErrorPC.run(MaxAmountErrorPC:91)
	at com.kms.katalon.core.main.ScriptEngine.run(ScriptEngine.java:194)
	at com.kms.katalon.core.main.ScriptEngine.runScriptAsRawText(ScriptEngine.java:119)
	at com.kms.katalon.core.main.TestCaseExecutor.runScript(TestCaseExecutor.java:448)
	at com.kms.katalon.core.main.TestCaseExecutor.doExecute(TestCaseExecutor.java:439)
	at com.kms.katalon.core.main.TestCaseExecutor.processExecutionPhase(TestCaseExecutor.java:418)
	at com.kms.katalon.core.main.TestCaseExecutor.accessMainPhase(TestCaseExecutor.java:410)
	at com.kms.katalon.core.main.TestCaseExecutor.execute(TestCaseExecutor.java:285)
	at com.kms.katalon.core.common.CommonExecutor.accessTestCaseMainPhase(CommonExecutor.java:65)
	at com.kms.katalon.core.main.TestSuiteExecutor.accessTestSuiteMainPhase(TestSuiteExecutor.java:150)
	at com.kms.katalon.core.main.TestSuiteExecutor.execute(TestSuiteExecutor.java:106)
	at com.kms.katalon.core.main.TestCaseMain.startTestSuite(TestCaseMain.java:180)
	at TempTestSuite1729731001385.run(TempTestSuite1729731001385.groovy:35)
	at java.base/jdk.internal.reflect.NativeMethodAccessorImpl.invoke0(Native Method)
	at java.base/jdk.internal.reflect.NativeMethodAccessorImpl.invoke(NativeMethodAccessorImpl.java:77)
	at java.base/jdk.internal.reflect.DelegatingMethodAccessorImpl.invoke(DelegatingMethodAccessorImpl.java:43)
Caused by: java.io.FileNotFoundException: KatalonData\IWPTestData\VRelay25Payments.xlsx (The process cannot access the file because it is being used by another process)
	at pages.WriteExcel.demoKey(WriteExcel.groovy:93)
	at jdk.internal.reflect.GeneratedMethodAccessor43.invoke(Unknown Source)
	at java.base/jdk.internal.reflect.DelegatingMethodAccessorImpl.invoke(DelegatingMethodAccessorImpl.java:43)
	... 17 more


24-10-2024T09:11:34 - [TEST_STEP][PASSED] - resText = "Fail": null

24-10-2024T09:11:34 - [TEST_STEP][PASSED] - resColumn = "Result": null

24-10-2024T09:11:34 - [TEST_STEP][PASSED] - datCloumn = "Date": null

24-10-2024T09:11:34 - [TEST_STEP][PASSED] - fileLoc = "KatalonData/IWPTestData/VRelay25Payments.xlsx": null

24-10-2024T09:11:34 - [TEST_STEP][PASSED] - numOfRows = <not implemented yet for class: org.codehaus.groovy.ast.expr.EmptyExpression>: null

24-10-2024T09:11:34 - [TEST_STEP][PASSED] - dataFile = <not implemented yet for class: org.codehaus.groovy.ast.expr.EmptyExpression>: null

24-10-2024T09:11:34 - [TEST_STEP][PASSED] - nameSheet = <not implemented yet for class: org.codehaus.groovy.ast.expr.EmptyExpression>: null

24-10-2024T09:11:34 - [TEST_STEP][PASSED] - dataFileEmulator = <not implemented yet for class: org.codehaus.groovy.ast.expr.EmptyExpression>: null

24-10-2024T09:11:34 - [TEST_STEP][PASSED] - nameSheet = "MaxAmountErrorPC": null

24-10-2024T09:11:34 - [TEST_STEP][PASSED] - dataFile = "IWPTestData/IWP25MaxAmountErrorPC": null

24-10-2024T09:11:34 - [TEST_STEP][PASSED] - dataFileEmulator = "IWPTestData/EmulatorData": null

24-10-2024T09:11:34 - [TEST_STEP][PASSED] - numOfRows = findTestData(dataFile).getRowNumbers(): null

24-10-2024T09:11:34 - [TEST_STEP][PASSED] - println("Number of Records: " + numOfRows): null

24-10-2024T09:11:34 - [TEST_STEP][PASSED] - for ([row = 1, row <= numOfRows, (row++)]): null

24-10-2024T09:11:34 - [TEST_STEP][PASSED] - ExecuteTC = findTestData(dataFile).getValue("Execute", row): null

24-10-2024T09:11:34 - [TEST_STEP][PASSED] - out.println("Value of Execute is : " + ExecuteTC): null

24-10-2024T09:11:34 - [TEST_STEP][PASSED] - if (ExecuteTC.equalsIgnoreCase("Y")): null

24-10-2024T09:11:34 - [TEST_STEP][PASSED] - out.println("Begin Record Number: " + row): null

24-10-2024T09:11:34 - [TEST_STEP][PASSED] - today = new java.util.Date(): null

24-10-2024T09:11:34 - [TEST_STEP][PASSED] - println(today): null

24-10-2024T09:11:34 - [TEST_STEP][PASSED] - datText = today: null

24-10-2024T09:11:34 - [TEST_STEP][PASSED] - EmulatorDataKey = findTestData(dataFile).getValue("EmulatorData", row): null

24-10-2024T09:11:34 - [TEST_STEP][PASSED] - out.println("Value of Emulator Key is : " + EmulatorDataKey): null

24-10-2024T09:11:34 - [TEST_STEP][PASSED] - iwpPages.emulatorIWP30.setDataEmulator_DD(EmulatorDataKey): iwpPages.emulatorIWP30.setDataEmulator_DD is PASSED

24-10-2024T09:11:34 - [MESSAGE][WARNING] - A browser is already opened. Closing browser and opening a new one

24-10-2024T09:11:35 - [MESSAGE][INFO] - Starting 'Edge Chromium' driver

24-10-2024T09:11:35 - [MESSAGE][INFO] - User set preference: ['acceptInsecureCerts', 'true']

24-10-2024T09:11:37 - [MESSAGE][INFO] - Action delay is set to 0 milliseconds

24-10-2024T09:11:42 - [MESSAGE][PASSED] - Browser is opened with url: 'https://qa2.velocitypayment.com/agencyx/config.action?action=editor&message_version=2_5'

24-10-2024T09:11:43 - [MESSAGE][PASSED] - Current window maximized

24-10-2024T09:12:14 - [MESSAGE][INFO] - Unable to find the element located by 'By.xpath: //select[@name='message_version']'. Please recheck the objects properties to make sure the desired element is located. 

24-10-2024T09:12:14 - [MESSAGE][WARNING] - [SELF-HEALING] Failed to find element with id 'Object Repository/IWP30/Page_VRelay30Emulator/MV'. Try using Self-healing.

24-10-2024T09:12:14 - [MESSAGE][WARNING] - [SELF-HEALING] The current locator of test object 'Object Repository/IWP30/Page_VRelay30Emulator/MV' was broken. Propose an alternative one: '(.//*[normalize-space(text()) and normalize-space(.)='Message Version'])[1]/following::select[1]'.

24-10-2024T09:12:15 - [MESSAGE][PASSED] - All options with value '2.5' are selected in object 'Object Repository/IWP30/Page_VRelay30Emulator/MV'  using regular expression

24-10-2024T09:12:15 - [MESSAGE][PASSED] - Text '10.50' is set on object 'Object Repository/IWP30/Page_EmulatorAgencyX/Amount'

24-10-2024T09:12:16 - [MESSAGE][PASSED] - Text 'y554yzLhGhRN' is set on object 'Object Repository/IWP30/Page_EmulatorAgencyX/CAN'

24-10-2024T09:12:16 - [MESSAGE][PASSED] - Text 'PayNow' is set on object 'Object Repository/IWP30/Page_EmulatorAgencyX/Action'

24-10-2024T09:12:17 - [MESSAGE][PASSED] - Text 'en_US' is set on object 'Object Repository/IWP30/Page_EmulatorAgencyX/Lang'

24-10-2024T09:12:18 - [MESSAGE][PASSED] - Text '' is set on object 'Object Repository/IWP30/Page_EmulatorAgencyX/Fname'

24-10-2024T09:12:18 - [MESSAGE][PASSED] - Text '' is set on object 'Object Repository/IWP30/Page_EmulatorAgencyX/Lname'

24-10-2024T09:12:19 - [MESSAGE][PASSED] - Text '' is set on object 'Object Repository/IWP30/Page_EmulatorAgencyX/AL1'

24-10-2024T09:12:19 - [MESSAGE][PASSED] - Text '' is set on object 'Object Repository/IWP30/Page_EmulatorAgencyX/AL2'

24-10-2024T09:12:20 - [MESSAGE][PASSED] - Text '' is set on object 'Object Repository/IWP30/Page_EmulatorAgencyX/Country'

24-10-2024T09:12:20 - [MESSAGE][PASSED] - Text '' is set on object 'Object Repository/IWP30/Page_EmulatorAgencyX/City'

24-10-2024T09:12:21 - [MESSAGE][PASSED] - Text '' is set on object 'Object Repository/IWP30/Page_EmulatorAgencyX/State'

24-10-2024T09:12:22 - [MESSAGE][PASSED] - Text '' is set on object 'Object Repository/IWP30/Page_EmulatorAgencyX/ZIP'

24-10-2024T09:12:22 - [MESSAGE][PASSED] - Text '' is set on object 'Object Repository/IWP30/Page_EmulatorAgencyX/Order'

24-10-2024T09:12:23 - [MESSAGE][PASSED] - Text '' is set on object 'Object Repository/IWP30/Page_EmulatorAgencyX/Company'

24-10-2024T09:12:23 - [MESSAGE][PASSED] - Text '' is set on object 'Object Repository/IWP30/Page_EmulatorAgencyX/Email'

24-10-2024T09:12:24 - [MESSAGE][PASSED] - Text '' is set on object 'Object Repository/IWP30/Page_EmulatorAgencyX/UDF1'

24-10-2024T09:12:24 - [MESSAGE][PASSED] - Text '' is set on object 'Object Repository/IWP30/Page_EmulatorAgencyX/UDF2'

24-10-2024T09:12:25 - [MESSAGE][PASSED] - Text '' is set on object 'Object Repository/IWP30/Page_EmulatorAgencyX/UDF3'

24-10-2024T09:12:26 - [MESSAGE][PASSED] - Text 'udf data 4' is set on object 'Object Repository/IWP30/Page_EmulatorAgencyX/UDF4'

24-10-2024T09:12:26 - [MESSAGE][PASSED] - Text 'udf data 5' is set on object 'Object Repository/IWP30/Page_EmulatorAgencyX/UDF5'

24-10-2024T09:12:27 - [MESSAGE][PASSED] - Text '' is set on object 'Object Repository/IWP30/Page_EmulatorAgencyX/UDF6'

24-10-2024T09:12:27 - [MESSAGE][PASSED] - Text '' is set on object 'Object Repository/IWP30/Page_EmulatorAgencyX/UDF7'

24-10-2024T09:12:28 - [MESSAGE][PASSED] - Text '' is set on object 'Object Repository/IWP30/Page_EmulatorAgencyX/UDF8'

24-10-2024T09:12:29 - [MESSAGE][PASSED] - Text 'udf data 9' is set on object 'Object Repository/IWP30/Page_EmulatorAgencyX/UDF9'

24-10-2024T09:12:29 - [MESSAGE][PASSED] - Text 'udf data 10' is set on object 'Object Repository/IWP30/Page_EmulatorAgencyX/UDF10'

24-10-2024T09:12:31 - [MESSAGE][PASSED] - Object: 'Object Repository/IWP30/Page_EmulatorAgencyX/Submit' is clicked on

24-10-2024T09:12:35 - [MESSAGE][PASSED] - Browser is closed

24-10-2024T09:12:39 - [MESSAGE][PASSED] - iwpPages.emulatorIWP30.setDataEmulator_DD is PASSED

24-10-2024T09:12:39 - [TEST_STEP][PASSED] - testHarnessURL = urlTestHarness: null

24-10-2024T09:12:39 - [TEST_STEP][PASSED] - openBrowser(testHarnessURL): Browser is opened with url: 'https://dev-algorithm.govolution.com/vrelaytest/QA2/version_2_2/vrelaytest.html'

24-10-2024T09:12:39 - [MESSAGE][INFO] - Starting 'Edge Chromium' driver

24-10-2024T09:12:39 - [MESSAGE][INFO] - User set preference: ['acceptInsecureCerts', 'true']

24-10-2024T09:12:41 - [MESSAGE][INFO] - Action delay is set to 0 milliseconds

24-10-2024T09:12:49 - [MESSAGE][PASSED] - Browser is opened with url: 'https://dev-algorithm.govolution.com/vrelaytest/QA2/version_2_2/vrelaytest.html'

24-10-2024T09:12:49 - [TEST_STEP][PASSED] - maximizeWindow(): Current window maximized

24-10-2024T09:12:49 - [MESSAGE][PASSED] - Current window maximized

24-10-2024T09:12:49 - [TEST_STEP][PASSED] - iwpPages.TestHarnessPage.setDataMethod(row, dataFile): iwpPages.TestHarnessPage.setDataMethod is PASSED

24-10-2024T09:12:49 - [MESSAGE][PASSED] - Object 'Object Repository/IWP30/Page_QATestHarness/RemittanceID' is present

24-10-2024T09:12:50 - [MESSAGE][PASSED] - Text '638' is set on object 'Object Repository/IWP30/Page_QATestHarness/ApplicationID'

24-10-2024T09:12:51 - [MESSAGE][PASSED] - Text '2.5' is set on object 'Object Repository/IWP30/Page_QATestHarness/MessageVersion'

24-10-2024T09:12:51 - [MESSAGE][PASSED] - Text 'K1KoYpVGJmwb' is set on object 'Object Repository/IWP30/Page_QATestHarness/RemittanceID'

24-10-2024T09:12:55 - [MESSAGE][PASSED] - Object: 'Object Repository/IWP30/Page_QATestHarness/SubmitButton' is clicked on

24-10-2024T09:12:55 - [MESSAGE][PASSED] - iwpPages.TestHarnessPage.setDataMethod is PASSED

24-10-2024T09:12:55 - [TEST_STEP][PASSED] - click(findTestObject("Object Repository/IWP30/Page_SelectPaymentMethod/PayByPersonalCheck")): Object: 'Object Repository/IWP30/Page_SelectPaymentMethod/PayByPersonalCheck' is clicked on

24-10-2024T09:12:56 - [MESSAGE][PASSED] - Object: 'Object Repository/IWP30/Page_SelectPaymentMethod/PayByPersonalCheck' is clicked on

24-10-2024T09:12:56 - [TEST_STEP][PASSED] - click(findTestObject("Object Repository/IWP30/Page_SelectPaymentMethod/MakePaymentButton")): Object: 'Object Repository/IWP30/Page_SelectPaymentMethod/MakePaymentButton' is clicked on

24-10-2024T09:12:58 - [MESSAGE][PASSED] - Object: 'Object Repository/IWP30/Page_SelectPaymentMethod/MakePaymentButton' is clicked on

24-10-2024T09:12:58 - [TEST_STEP][PASSED] - iwpPages.achPersonalPaymentEntryPage.setDataACHPPM(row, dataFile): iwpPages.achPersonalPaymentEntryPage.setDataACHPPM is PASSED

24-10-2024T09:12:59 - [MESSAGE][PASSED] - Object 'Object Repository/IWP30/Page_ACHPersonalPaymentEntry/txt_accountNumber' is present

24-10-2024T09:13:00 - [MESSAGE][PASSED] - Text '200.50' is set on object 'Object Repository/IWP30/Page_ACHPersonalPaymentEntry/txt_Amount'

24-10-2024T09:13:00 - [MESSAGE][PASSED] - Object 'Object Repository/IWP30/Page_ACHPersonalPaymentEntry/txt_UDF2' is present

24-10-2024T09:13:01 - [MESSAGE][PASSED] - Text 'udf data 2' is set on object 'Object Repository/IWP30/Page_ACHPersonalPaymentEntry/txt_UDF2'

24-10-2024T09:13:01 - [MESSAGE][PASSED] - Text 'udf data 3' is set on object 'Object Repository/IWP30/Page_ACHPersonalPaymentEntry/txt_UDF3'

24-10-2024T09:13:02 - [MESSAGE][PASSED] - All options with label 'Orange' are selected in object 'Object Repository/IWP30/Page_ACHPersonalPaymentEntry/dd_UDF7' 

24-10-2024T09:13:02 - [MESSAGE][PASSED] - All options with label 'Soccer' are selected in object 'Object Repository/IWP30/Page_ACHPersonalPaymentEntry/dd_UDF8' 

24-10-2024T09:13:03 - [MESSAGE][PASSED] - Object 'Object Repository/IWP30/Page_ACHPersonalPaymentEntry/txt_Firstname' is present

24-10-2024T09:13:03 - [MESSAGE][PASSED] - Text 'Elizath' is set on object 'Object Repository/IWP30/Page_ACHPersonalPaymentEntry/txt_Firstname'

24-10-2024T09:13:03 - [MESSAGE][PASSED] - Object 'Object Repository/IWP30/Page_ACHPersonalPaymentEntry/txt_Lastname' is present

24-10-2024T09:13:04 - [MESSAGE][PASSED] - Text 'Christine' is set on object 'Object Repository/IWP30/Page_ACHPersonalPaymentEntry/txt_Lastname'

24-10-2024T09:13:04 - [MESSAGE][PASSED] - Object 'Object Repository/IWP30/Page_ACHPersonalPaymentEntry/txt_routingNumber' is present

24-10-2024T09:13:05 - [MESSAGE][PASSED] - Text '256072691' is set on object 'Object Repository/IWP30/Page_ACHPersonalPaymentEntry/txt_routingNumber'

24-10-2024T09:13:05 - [MESSAGE][PASSED] - Object 'Object Repository/IWP30/Page_ACHPersonalPaymentEntry/txt_accountNumber' is present

24-10-2024T09:13:07 - [MESSAGE][PASSED] - Text '12344444' is set on object 'Object Repository/IWP30/Page_ACHPersonalPaymentEntry/txt_accountNumber'

24-10-2024T09:13:07 - [MESSAGE][PASSED] - Object 'Object Repository/IWP30/Page_ACHPersonalPaymentEntry/txt_confirmAccountNumber' is present

24-10-2024T09:13:07 - [MESSAGE][PASSED] - Text '12344444' is set on object 'Object Repository/IWP30/Page_ACHPersonalPaymentEntry/txt_confirmAccountNumber'

24-10-2024T09:13:08 - [MESSAGE][PASSED] - Object 'Object Repository/IWP30/Page_ACHPersonalPaymentEntry/rd_accountType' is present

24-10-2024T09:13:08 - [MESSAGE][PASSED] - Modify property of object successfully

24-10-2024T09:13:08 - [MESSAGE][PASSED] - Object: 'Object Repository/IWP30/Page_ACHPersonalPaymentEntry/rd_accountType' is clicked on

24-10-2024T09:13:09 - [MESSAGE][PASSED] - Text '365 Main Avenue' is set on object 'Object Repository/IWP30/Page_ACHPersonalPaymentEntry/txt_AL1'

24-10-2024T09:13:09 - [MESSAGE][PASSED] - Text '22201' is set on object 'Object Repository/IWP30/Page_ACHPersonalPaymentEntry/txt_ZIP'

24-10-2024T09:13:10 - [MESSAGE][PASSED] - Object 'Object Repository/IWP30/Page_ACHPersonalPaymentEntry/txt_Email' is present

24-10-2024T09:13:11 - [MESSAGE][PASSED] - Text 'iahmed@govolution.com' is set on object 'Object Repository/IWP30/Page_ACHPersonalPaymentEntry/txt_Email'

24-10-2024T09:13:11 - [MESSAGE][PASSED] - Object 'Object Repository/IWP30/Page_ACHPersonalPaymentEntry/cb_TermsAndCond' is present

24-10-2024T09:13:11 - [MESSAGE][PASSED] - Object: 'Object Repository/IWP30/Page_ACHPersonalPaymentEntry/cb_TermsAndCond' is clicked on

24-10-2024T09:13:12 - [MESSAGE][PASSED] - Object 'Object Repository/IWP30/Page_ACHPersonalPaymentEntry/btn_Continue' is present

24-10-2024T09:13:14 - [MESSAGE][PASSED] - Object: 'Object Repository/IWP30/Page_ACHPersonalPaymentEntry/btn_Continue' is clicked on

24-10-2024T09:13:14 - [MESSAGE][PASSED] - iwpPages.achPersonalPaymentEntryPage.setDataACHPPM is PASSED

24-10-2024T09:13:14 - [TEST_STEP][PASSED] - Thread.sleep(10000): null

24-10-2024T09:13:24 - [TEST_STEP][PASSED] - if (verifyTextPresent("Amount is greater than maximum", false)): null

24-10-2024T09:13:24 - [MESSAGE][PASSED] - Text 'Amount is greater than maximum' is present on page 

24-10-2024T09:13:24 - [TEST_STEP][PASSED] - println("Max Amount Error message shown"): null

24-10-2024T09:13:24 - [TEST_STEP][PASSED] - markPassed("Max Amount Error message shown"): Max Amount Error message shown

24-10-2024T09:13:24 - [MESSAGE][PASSED] - Max Amount Error message shown

24-10-2024T09:13:24 - [TEST_STEP][PASSED] - resText = "Pass": null

24-10-2024T09:13:24 - [TEST_STEP][ERROR] - pages.WriteExcel.demoKey(resText, datText, resColumn, datCloumn, fileLoc, nameSheet, row): Test Cases/IntegratedWeb/IWP25/Error/MaxAmountErrorPC FAILED.
Reason:
com.kms.katalon.core.exception.StepErrorException: org.codehaus.groovy.runtime.InvokerInvocationException: java.io.FileNotFoundException: KatalonData\IWPTestData\VRelay25Payments.xlsx (The process cannot access the file because it is being used by another process)
	at com.kms.katalon.core.main.CustomKeywordDelegatingMetaClass.throwError(CustomKeywordDelegatingMetaClass.java:101)
	at com.kms.katalon.core.main.CustomKeywordDelegatingMetaClass.invokeStaticMethod(CustomKeywordDelegatingMetaClass.java:73)
	at MaxAmountErrorPC.run(MaxAmountErrorPC:91)
	at com.kms.katalon.core.main.ScriptEngine.run(ScriptEngine.java:194)
	at com.kms.katalon.core.main.ScriptEngine.runScriptAsRawText(ScriptEngine.java:119)
	at com.kms.katalon.core.main.TestCaseExecutor.runScript(TestCaseExecutor.java:448)
	at com.kms.katalon.core.main.TestCaseExecutor.doExecute(TestCaseExecutor.java:439)
	at com.kms.katalon.core.main.TestCaseExecutor.processExecutionPhase(TestCaseExecutor.java:418)
	at com.kms.katalon.core.main.TestCaseExecutor.accessMainPhase(TestCaseExecutor.java:410)
	at com.kms.katalon.core.main.TestCaseExecutor.execute(TestCaseExecutor.java:285)
	at com.kms.katalon.core.common.CommonExecutor.accessTestCaseMainPhase(CommonExecutor.java:65)
	at com.kms.katalon.core.main.TestSuiteExecutor.accessTestSuiteMainPhase(TestSuiteExecutor.java:150)
	at com.kms.katalon.core.main.TestSuiteExecutor.execute(TestSuiteExecutor.java:106)
	at com.kms.katalon.core.main.TestCaseMain.startTestSuite(TestCaseMain.java:180)
	at TempTestSuite1729731001385.run(TempTestSuite1729731001385.groovy:35)
	at java.base/jdk.internal.reflect.NativeMethodAccessorImpl.invoke0(Native Method)
	at java.base/jdk.internal.reflect.NativeMethodAccessorImpl.invoke(NativeMethodAccessorImpl.java:77)
	at java.base/jdk.internal.reflect.DelegatingMethodAccessorImpl.invoke(DelegatingMethodAccessorImpl.java:43)
Caused by: org.codehaus.groovy.runtime.InvokerInvocationException: java.io.FileNotFoundException: KatalonData\IWPTestData\VRelay25Payments.xlsx (The process cannot access the file because it is being used by another process)
	at com.kms.katalon.core.main.CustomKeywordDelegatingMetaClass.invokeStaticMethod(CustomKeywordDelegatingMetaClass.java:55)
	at Script1724418158263.run(Script1724418158263.groovy:91)
	... 15 more
Caused by: java.io.FileNotFoundException: KatalonData\IWPTestData\VRelay25Payments.xlsx (The process cannot access the file because it is being used by another process)
	at pages.WriteExcel.demoKey(WriteExcel.groovy:93)
	at jdk.internal.reflect.GeneratedMethodAccessor43.invoke(Unknown Source)
	at java.base/jdk.internal.reflect.DelegatingMethodAccessorImpl.invoke(DelegatingMethodAccessorImpl.java:43)
	at com.kms.katalon.core.main.CustomKeywordDelegatingMetaClass.invokeStaticMethod(CustomKeywordDelegatingMetaClass.java:55)
	at MaxAmountErrorPC.run(MaxAmountErrorPC:91)
	... 15 more


24-10-2024T09:13:24 - [MESSAGE][ERROR] - java.io.FileNotFoundException: KatalonData\IWPTestData\VRelay25Payments.xlsx (The process cannot access the file because it is being used by another process)

24-10-2024T09:13:24 - [MESSAGE][ERROR] - Test Cases/IntegratedWeb/IWP25/Error/MaxAmountErrorPC FAILED.
Reason:
com.kms.katalon.core.exception.StepErrorException: org.codehaus.groovy.runtime.InvokerInvocationException: java.io.FileNotFoundException: KatalonData\IWPTestData\VRelay25Payments.xlsx (The process cannot access the file because it is being used by another process)
	at com.kms.katalon.core.main.CustomKeywordDelegatingMetaClass.throwError(CustomKeywordDelegatingMetaClass.java:101)
	at com.kms.katalon.core.main.CustomKeywordDelegatingMetaClass.invokeStaticMethod(CustomKeywordDelegatingMetaClass.java:73)
	at MaxAmountErrorPC.run(MaxAmountErrorPC:91)
	at com.kms.katalon.core.main.ScriptEngine.run(ScriptEngine.java:194)
	at com.kms.katalon.core.main.ScriptEngine.runScriptAsRawText(ScriptEngine.java:119)
	at com.kms.katalon.core.main.TestCaseExecutor.runScript(TestCaseExecutor.java:448)
	at com.kms.katalon.core.main.TestCaseExecutor.doExecute(TestCaseExecutor.java:439)
	at com.kms.katalon.core.main.TestCaseExecutor.processExecutionPhase(TestCaseExecutor.java:418)
	at com.kms.katalon.core.main.TestCaseExecutor.accessMainPhase(TestCaseExecutor.java:410)
	at com.kms.katalon.core.main.TestCaseExecutor.execute(TestCaseExecutor.java:285)
	at com.kms.katalon.core.common.CommonExecutor.accessTestCaseMainPhase(CommonExecutor.java:65)
	at com.kms.katalon.core.main.TestSuiteExecutor.accessTestSuiteMainPhase(TestSuiteExecutor.java:150)
	at com.kms.katalon.core.main.TestSuiteExecutor.execute(TestSuiteExecutor.java:106)
	at com.kms.katalon.core.main.TestCaseMain.startTestSuite(TestCaseMain.java:180)
	at TempTestSuite1729731001385.run(TempTestSuite1729731001385.groovy:35)
	at java.base/jdk.internal.reflect.NativeMethodAccessorImpl.invoke0(Native Method)
	at java.base/jdk.internal.reflect.NativeMethodAccessorImpl.invoke(NativeMethodAccessorImpl.java:77)
	at java.base/jdk.internal.reflect.DelegatingMethodAccessorImpl.invoke(DelegatingMethodAccessorImpl.java:43)
Caused by: org.codehaus.groovy.runtime.InvokerInvocationException: java.io.FileNotFoundException: KatalonData\IWPTestData\VRelay25Payments.xlsx (The process cannot access the file because it is being used by another process)
	at com.kms.katalon.core.main.CustomKeywordDelegatingMetaClass.invokeStaticMethod(CustomKeywordDelegatingMetaClass.java:55)
	at Script1724418158263.run(Script1724418158263.groovy:91)
	... 15 more
Caused by: java.io.FileNotFoundException: KatalonData\IWPTestData\VRelay25Payments.xlsx (The process cannot access the file because it is being used by another process)
	at pages.WriteExcel.demoKey(WriteExcel.groovy:93)
	at jdk.internal.reflect.GeneratedMethodAccessor43.invoke(Unknown Source)
	at java.base/jdk.internal.reflect.DelegatingMethodAccessorImpl.invoke(DelegatingMethodAccessorImpl.java:43)
	at com.kms.katalon.core.main.CustomKeywordDelegatingMetaClass.invokeStaticMethod(CustomKeywordDelegatingMetaClass.java:55)
	at MaxAmountErrorPC.run(MaxAmountErrorPC:91)
	... 15 more]]></system-out>
         <system-err><![CDATA[24-10-2024T09:11:34 - [TEST_CASE][ERROR] - Test Cases/IntegratedWeb/IWP25/Error/MaxAmountErrorPC: Test Cases/IntegratedWeb/IWP25/Error/MaxAmountErrorPC FAILED.
Reason:
org.codehaus.groovy.runtime.InvokerInvocationException: java.io.FileNotFoundException: KatalonData\IWPTestData\VRelay25Payments.xlsx (The process cannot access the file because it is being used by another process)
	at com.kms.katalon.core.main.CustomKeywordDelegatingMetaClass.invokeStaticMethod(CustomKeywordDelegatingMetaClass.java:55)
	at MaxAmountErrorPC.run(MaxAmountErrorPC:91)
	at com.kms.katalon.core.main.ScriptEngine.run(ScriptEngine.java:194)
	at com.kms.katalon.core.main.ScriptEngine.runScriptAsRawText(ScriptEngine.java:119)
	at com.kms.katalon.core.main.TestCaseExecutor.runScript(TestCaseExecutor.java:448)
	at com.kms.katalon.core.main.TestCaseExecutor.doExecute(TestCaseExecutor.java:439)
	at com.kms.katalon.core.main.TestCaseExecutor.processExecutionPhase(TestCaseExecutor.java:418)
	at com.kms.katalon.core.main.TestCaseExecutor.accessMainPhase(TestCaseExecutor.java:410)
	at com.kms.katalon.core.main.TestCaseExecutor.execute(TestCaseExecutor.java:285)
	at com.kms.katalon.core.common.CommonExecutor.accessTestCaseMainPhase(CommonExecutor.java:65)
	at com.kms.katalon.core.main.TestSuiteExecutor.accessTestSuiteMainPhase(TestSuiteExecutor.java:150)
	at com.kms.katalon.core.main.TestSuiteExecutor.execute(TestSuiteExecutor.java:106)
	at com.kms.katalon.core.main.TestCaseMain.startTestSuite(TestCaseMain.java:180)
	at TempTestSuite1729731001385.run(TempTestSuite1729731001385.groovy:35)
	at java.base/jdk.internal.reflect.NativeMethodAccessorImpl.invoke0(Native Method)
	at java.base/jdk.internal.reflect.NativeMethodAccessorImpl.invoke(NativeMethodAccessorImpl.java:77)
	at java.base/jdk.internal.reflect.DelegatingMethodAccessorImpl.invoke(DelegatingMethodAccessorImpl.java:43)
Caused by: java.io.FileNotFoundException: KatalonData\IWPTestData\VRelay25Payments.xlsx (The process cannot access the file because it is being used by another process)
	at pages.WriteExcel.demoKey(WriteExcel.groovy:93)
	at jdk.internal.reflect.GeneratedMethodAccessor43.invoke(Unknown Source)
	at java.base/jdk.internal.reflect.DelegatingMethodAccessorImpl.invoke(DelegatingMethodAccessorImpl.java:43)
	... 17 more]]></system-err>
      </testcase>
      <testcase name="Test Cases/IntegratedWeb/IWP25/Error/MaxAmountErrorPS" time="107.155" classname="Test Cases/IntegratedWeb/IWP25/Error/MaxAmountErrorPS" status="ERROR">
         <error type="ERROR" message="Test Cases/IntegratedWeb/IWP25/Error/MaxAmountErrorPS FAILED.&#xa;Reason:&#xa;org.codehaus.groovy.runtime.InvokerInvocationException: java.io.FileNotFoundException: KatalonData\IWPTestData\VRelay25Payments.xlsx (The process cannot access the file because it is being used by another process)&#xa;	at com.kms.katalon.core.main.CustomKeywordDelegatingMetaClass.invokeStaticMethod(CustomKeywordDelegatingMetaClass.java:55)&#xa;	at MaxAmountErrorPS.run(MaxAmountErrorPS:91)&#xa;	at com.kms.katalon.core.main.ScriptEngine.run(ScriptEngine.java:194)&#xa;	at com.kms.katalon.core.main.ScriptEngine.runScriptAsRawText(ScriptEngine.java:119)&#xa;	at com.kms.katalon.core.main.TestCaseExecutor.runScript(TestCaseExecutor.java:448)&#xa;	at com.kms.katalon.core.main.TestCaseExecutor.doExecute(TestCaseExecutor.java:439)&#xa;	at com.kms.katalon.core.main.TestCaseExecutor.processExecutionPhase(TestCaseExecutor.java:418)&#xa;	at com.kms.katalon.core.main.TestCaseExecutor.accessMainPhase(TestCaseExecutor.java:410)&#xa;	at com.kms.katalon.core.main.TestCaseExecutor.execute(TestCaseExecutor.java:285)&#xa;	at com.kms.katalon.core.common.CommonExecutor.accessTestCaseMainPhase(CommonExecutor.java:65)&#xa;	at com.kms.katalon.core.main.TestSuiteExecutor.accessTestSuiteMainPhase(TestSuiteExecutor.java:150)&#xa;	at com.kms.katalon.core.main.TestSuiteExecutor.execute(TestSuiteExecutor.java:106)&#xa;	at com.kms.katalon.core.main.TestCaseMain.startTestSuite(TestCaseMain.java:180)&#xa;	at TempTestSuite1729731001385.run(TempTestSuite1729731001385.groovy:35)&#xa;	at java.base/jdk.internal.reflect.NativeMethodAccessorImpl.invoke0(Native Method)&#xa;	at java.base/jdk.internal.reflect.NativeMethodAccessorImpl.invoke(NativeMethodAccessorImpl.java:77)&#xa;	at java.base/jdk.internal.reflect.DelegatingMethodAccessorImpl.invoke(DelegatingMethodAccessorImpl.java:43)&#xa;Caused by: java.io.FileNotFoundException: KatalonData\IWPTestData\VRelay25Payments.xlsx (The process cannot access the file because it is being used by another process)&#xa;	at pages.WriteExcel.demoKey(WriteExcel.groovy:93)&#xa;	at jdk.internal.reflect.GeneratedMethodAccessor43.invoke(Unknown Source)&#xa;	at java.base/jdk.internal.reflect.DelegatingMethodAccessorImpl.invoke(DelegatingMethodAccessorImpl.java:43)&#xa;	... 17 more&#xa;"/>
         <system-out><![CDATA[24-10-2024T09:13:24 - [TEST_CASE][ERROR] - Test Cases/IntegratedWeb/IWP25/Error/MaxAmountErrorPS: Test Cases/IntegratedWeb/IWP25/Error/MaxAmountErrorPS FAILED.
Reason:
org.codehaus.groovy.runtime.InvokerInvocationException: java.io.FileNotFoundException: KatalonData\IWPTestData\VRelay25Payments.xlsx (The process cannot access the file because it is being used by another process)
	at com.kms.katalon.core.main.CustomKeywordDelegatingMetaClass.invokeStaticMethod(CustomKeywordDelegatingMetaClass.java:55)
	at MaxAmountErrorPS.run(MaxAmountErrorPS:91)
	at com.kms.katalon.core.main.ScriptEngine.run(ScriptEngine.java:194)
	at com.kms.katalon.core.main.ScriptEngine.runScriptAsRawText(ScriptEngine.java:119)
	at com.kms.katalon.core.main.TestCaseExecutor.runScript(TestCaseExecutor.java:448)
	at com.kms.katalon.core.main.TestCaseExecutor.doExecute(TestCaseExecutor.java:439)
	at com.kms.katalon.core.main.TestCaseExecutor.processExecutionPhase(TestCaseExecutor.java:418)
	at com.kms.katalon.core.main.TestCaseExecutor.accessMainPhase(TestCaseExecutor.java:410)
	at com.kms.katalon.core.main.TestCaseExecutor.execute(TestCaseExecutor.java:285)
	at com.kms.katalon.core.common.CommonExecutor.accessTestCaseMainPhase(CommonExecutor.java:65)
	at com.kms.katalon.core.main.TestSuiteExecutor.accessTestSuiteMainPhase(TestSuiteExecutor.java:150)
	at com.kms.katalon.core.main.TestSuiteExecutor.execute(TestSuiteExecutor.java:106)
	at com.kms.katalon.core.main.TestCaseMain.startTestSuite(TestCaseMain.java:180)
	at TempTestSuite1729731001385.run(TempTestSuite1729731001385.groovy:35)
	at java.base/jdk.internal.reflect.NativeMethodAccessorImpl.invoke0(Native Method)
	at java.base/jdk.internal.reflect.NativeMethodAccessorImpl.invoke(NativeMethodAccessorImpl.java:77)
	at java.base/jdk.internal.reflect.DelegatingMethodAccessorImpl.invoke(DelegatingMethodAccessorImpl.java:43)
Caused by: java.io.FileNotFoundException: KatalonData\IWPTestData\VRelay25Payments.xlsx (The process cannot access the file because it is being used by another process)
	at pages.WriteExcel.demoKey(WriteExcel.groovy:93)
	at jdk.internal.reflect.GeneratedMethodAccessor43.invoke(Unknown Source)
	at java.base/jdk.internal.reflect.DelegatingMethodAccessorImpl.invoke(DelegatingMethodAccessorImpl.java:43)
	... 17 more


24-10-2024T09:13:24 - [TEST_STEP][PASSED] - resText = "Fail": null

24-10-2024T09:13:24 - [TEST_STEP][PASSED] - resColumn = "Result": null

24-10-2024T09:13:24 - [TEST_STEP][PASSED] - datCloumn = "Date": null

24-10-2024T09:13:24 - [TEST_STEP][PASSED] - fileLoc = "KatalonData/IWPTestData/VRelay25Payments.xlsx": null

24-10-2024T09:13:24 - [TEST_STEP][PASSED] - numOfRows = <not implemented yet for class: org.codehaus.groovy.ast.expr.EmptyExpression>: null

24-10-2024T09:13:24 - [TEST_STEP][PASSED] - dataFile = <not implemented yet for class: org.codehaus.groovy.ast.expr.EmptyExpression>: null

24-10-2024T09:13:24 - [TEST_STEP][PASSED] - nameSheet = <not implemented yet for class: org.codehaus.groovy.ast.expr.EmptyExpression>: null

24-10-2024T09:13:24 - [TEST_STEP][PASSED] - dataFileEmulator = <not implemented yet for class: org.codehaus.groovy.ast.expr.EmptyExpression>: null

24-10-2024T09:13:24 - [TEST_STEP][PASSED] - nameSheet = "MaxAmountErrorPS": null

24-10-2024T09:13:24 - [TEST_STEP][PASSED] - dataFile = "IWPTestData/IWP25MaxAmountErrorPS": null

24-10-2024T09:13:24 - [TEST_STEP][PASSED] - dataFileEmulator = "IWPTestData/EmulatorData": null

24-10-2024T09:13:24 - [TEST_STEP][PASSED] - numOfRows = findTestData(dataFile).getRowNumbers(): null

24-10-2024T09:13:25 - [TEST_STEP][PASSED] - println("Number of Records: " + numOfRows): null

24-10-2024T09:13:25 - [TEST_STEP][PASSED] - for ([row = 1, row <= numOfRows, (row++)]): null

24-10-2024T09:13:25 - [TEST_STEP][PASSED] - ExecuteTC = findTestData(dataFile).getValue("Execute", row): null

24-10-2024T09:13:25 - [TEST_STEP][PASSED] - out.println("Value of Execute is : " + ExecuteTC): null

24-10-2024T09:13:25 - [TEST_STEP][PASSED] - if (ExecuteTC.equalsIgnoreCase("Y")): null

24-10-2024T09:13:25 - [TEST_STEP][PASSED] - out.println("Begin Record Number: " + row): null

24-10-2024T09:13:25 - [TEST_STEP][PASSED] - today = new java.util.Date(): null

24-10-2024T09:13:25 - [TEST_STEP][PASSED] - println(today): null

24-10-2024T09:13:25 - [TEST_STEP][PASSED] - datText = today: null

24-10-2024T09:13:25 - [TEST_STEP][PASSED] - EmulatorDataKey = findTestData(dataFile).getValue("EmulatorData", row): null

24-10-2024T09:13:25 - [TEST_STEP][PASSED] - out.println("Value of Emulator Key is : " + EmulatorDataKey): null

24-10-2024T09:13:25 - [TEST_STEP][PASSED] - iwpPages.emulatorIWP30.setDataEmulator_DD(EmulatorDataKey): iwpPages.emulatorIWP30.setDataEmulator_DD is PASSED

24-10-2024T09:13:25 - [MESSAGE][WARNING] - A browser is already opened. Closing browser and opening a new one

24-10-2024T09:13:25 - [MESSAGE][INFO] - Starting 'Edge Chromium' driver

24-10-2024T09:13:25 - [MESSAGE][INFO] - User set preference: ['acceptInsecureCerts', 'true']

24-10-2024T09:13:27 - [MESSAGE][INFO] - Action delay is set to 0 milliseconds

24-10-2024T09:13:32 - [MESSAGE][PASSED] - Browser is opened with url: 'https://qa2.velocitypayment.com/agencyx/config.action?action=editor&message_version=2_5'

24-10-2024T09:13:32 - [MESSAGE][PASSED] - Current window maximized

24-10-2024T09:14:03 - [MESSAGE][INFO] - Unable to find the element located by 'By.xpath: //select[@name='message_version']'. Please recheck the objects properties to make sure the desired element is located. 

24-10-2024T09:14:03 - [MESSAGE][WARNING] - [SELF-HEALING] Failed to find element with id 'Object Repository/IWP30/Page_VRelay30Emulator/MV'. Try using Self-healing.

24-10-2024T09:14:03 - [MESSAGE][WARNING] - [SELF-HEALING] The current locator of test object 'Object Repository/IWP30/Page_VRelay30Emulator/MV' was broken. Propose an alternative one: '(.//*[normalize-space(text()) and normalize-space(.)='Message Version'])[1]/following::select[1]'.

24-10-2024T09:14:04 - [MESSAGE][PASSED] - All options with value '2.5' are selected in object 'Object Repository/IWP30/Page_VRelay30Emulator/MV'  using regular expression

24-10-2024T09:14:05 - [MESSAGE][PASSED] - Text '10.50' is set on object 'Object Repository/IWP30/Page_EmulatorAgencyX/Amount'

24-10-2024T09:14:05 - [MESSAGE][PASSED] - Text 'Dsk1fxfAxKRj' is set on object 'Object Repository/IWP30/Page_EmulatorAgencyX/CAN'

24-10-2024T09:14:06 - [MESSAGE][PASSED] - Text 'PayNow' is set on object 'Object Repository/IWP30/Page_EmulatorAgencyX/Action'

24-10-2024T09:14:06 - [MESSAGE][PASSED] - Text 'en_US' is set on object 'Object Repository/IWP30/Page_EmulatorAgencyX/Lang'

24-10-2024T09:14:07 - [MESSAGE][PASSED] - Text '' is set on object 'Object Repository/IWP30/Page_EmulatorAgencyX/Fname'

24-10-2024T09:14:07 - [MESSAGE][PASSED] - Text '' is set on object 'Object Repository/IWP30/Page_EmulatorAgencyX/Lname'

24-10-2024T09:14:08 - [MESSAGE][PASSED] - Text '' is set on object 'Object Repository/IWP30/Page_EmulatorAgencyX/AL1'

24-10-2024T09:14:09 - [MESSAGE][PASSED] - Text '' is set on object 'Object Repository/IWP30/Page_EmulatorAgencyX/AL2'

24-10-2024T09:14:09 - [MESSAGE][PASSED] - Text '' is set on object 'Object Repository/IWP30/Page_EmulatorAgencyX/Country'

24-10-2024T09:14:10 - [MESSAGE][PASSED] - Text '' is set on object 'Object Repository/IWP30/Page_EmulatorAgencyX/City'

24-10-2024T09:14:10 - [MESSAGE][PASSED] - Text '' is set on object 'Object Repository/IWP30/Page_EmulatorAgencyX/State'

24-10-2024T09:14:11 - [MESSAGE][PASSED] - Text '' is set on object 'Object Repository/IWP30/Page_EmulatorAgencyX/ZIP'

24-10-2024T09:14:12 - [MESSAGE][PASSED] - Text '' is set on object 'Object Repository/IWP30/Page_EmulatorAgencyX/Order'

24-10-2024T09:14:12 - [MESSAGE][PASSED] - Text '' is set on object 'Object Repository/IWP30/Page_EmulatorAgencyX/Company'

24-10-2024T09:14:13 - [MESSAGE][PASSED] - Text '' is set on object 'Object Repository/IWP30/Page_EmulatorAgencyX/Email'

24-10-2024T09:14:13 - [MESSAGE][PASSED] - Text '' is set on object 'Object Repository/IWP30/Page_EmulatorAgencyX/UDF1'

24-10-2024T09:14:14 - [MESSAGE][PASSED] - Text '' is set on object 'Object Repository/IWP30/Page_EmulatorAgencyX/UDF2'

24-10-2024T09:14:14 - [MESSAGE][PASSED] - Text '' is set on object 'Object Repository/IWP30/Page_EmulatorAgencyX/UDF3'

24-10-2024T09:14:15 - [MESSAGE][PASSED] - Text 'udf data 4' is set on object 'Object Repository/IWP30/Page_EmulatorAgencyX/UDF4'

24-10-2024T09:14:16 - [MESSAGE][PASSED] - Text 'udf data 5' is set on object 'Object Repository/IWP30/Page_EmulatorAgencyX/UDF5'

24-10-2024T09:14:16 - [MESSAGE][PASSED] - Text '' is set on object 'Object Repository/IWP30/Page_EmulatorAgencyX/UDF6'

24-10-2024T09:14:17 - [MESSAGE][PASSED] - Text '' is set on object 'Object Repository/IWP30/Page_EmulatorAgencyX/UDF7'

24-10-2024T09:14:17 - [MESSAGE][PASSED] - Text '' is set on object 'Object Repository/IWP30/Page_EmulatorAgencyX/UDF8'

24-10-2024T09:14:18 - [MESSAGE][PASSED] - Text 'udf data 9' is set on object 'Object Repository/IWP30/Page_EmulatorAgencyX/UDF9'

24-10-2024T09:14:19 - [MESSAGE][PASSED] - Text 'udf data 10' is set on object 'Object Repository/IWP30/Page_EmulatorAgencyX/UDF10'

24-10-2024T09:14:20 - [MESSAGE][PASSED] - Object: 'Object Repository/IWP30/Page_EmulatorAgencyX/Submit' is clicked on

24-10-2024T09:14:24 - [MESSAGE][PASSED] - Browser is closed

24-10-2024T09:14:28 - [MESSAGE][PASSED] - iwpPages.emulatorIWP30.setDataEmulator_DD is PASSED

24-10-2024T09:14:28 - [TEST_STEP][PASSED] - testHarnessURL = urlTestHarness: null

24-10-2024T09:14:28 - [TEST_STEP][PASSED] - openBrowser(testHarnessURL): Browser is opened with url: 'https://dev-algorithm.govolution.com/vrelaytest/QA2/version_2_2/vrelaytest.html'

24-10-2024T09:14:28 - [MESSAGE][INFO] - Starting 'Edge Chromium' driver

24-10-2024T09:14:28 - [MESSAGE][INFO] - User set preference: ['acceptInsecureCerts', 'true']

24-10-2024T09:14:30 - [MESSAGE][INFO] - Action delay is set to 0 milliseconds

24-10-2024T09:14:34 - [MESSAGE][PASSED] - Browser is opened with url: 'https://dev-algorithm.govolution.com/vrelaytest/QA2/version_2_2/vrelaytest.html'

24-10-2024T09:14:34 - [TEST_STEP][PASSED] - maximizeWindow(): Current window maximized

24-10-2024T09:14:34 - [MESSAGE][PASSED] - Current window maximized

24-10-2024T09:14:34 - [TEST_STEP][PASSED] - iwpPages.TestHarnessPage.setDataMethod(row, dataFile): iwpPages.TestHarnessPage.setDataMethod is PASSED

24-10-2024T09:14:35 - [MESSAGE][PASSED] - Object 'Object Repository/IWP30/Page_QATestHarness/RemittanceID' is present

24-10-2024T09:14:35 - [MESSAGE][PASSED] - Text '638' is set on object 'Object Repository/IWP30/Page_QATestHarness/ApplicationID'

24-10-2024T09:14:36 - [MESSAGE][PASSED] - Text '2.5' is set on object 'Object Repository/IWP30/Page_QATestHarness/MessageVersion'

24-10-2024T09:14:37 - [MESSAGE][PASSED] - Text 'KCLOXsbFeiQZ' is set on object 'Object Repository/IWP30/Page_QATestHarness/RemittanceID'

24-10-2024T09:14:42 - [MESSAGE][PASSED] - Object: 'Object Repository/IWP30/Page_QATestHarness/SubmitButton' is clicked on

24-10-2024T09:14:42 - [MESSAGE][PASSED] - iwpPages.TestHarnessPage.setDataMethod is PASSED

24-10-2024T09:14:42 - [TEST_STEP][PASSED] - click(findTestObject("Object Repository/IWP30/Page_SelectPaymentMethod/PayByPersonalCheck")): Object: 'Object Repository/IWP30/Page_SelectPaymentMethod/PayByPersonalCheck' is clicked on

24-10-2024T09:14:42 - [MESSAGE][PASSED] - Object: 'Object Repository/IWP30/Page_SelectPaymentMethod/PayByPersonalCheck' is clicked on

24-10-2024T09:14:42 - [TEST_STEP][PASSED] - click(findTestObject("Object Repository/IWP30/Page_SelectPaymentMethod/MakePaymentButton")): Object: 'Object Repository/IWP30/Page_SelectPaymentMethod/MakePaymentButton' is clicked on

24-10-2024T09:14:45 - [MESSAGE][PASSED] - Object: 'Object Repository/IWP30/Page_SelectPaymentMethod/MakePaymentButton' is clicked on

24-10-2024T09:14:45 - [TEST_STEP][PASSED] - iwpPages.achPersonalPaymentEntryPage.setDataACHPPM(row, dataFile): iwpPages.achPersonalPaymentEntryPage.setDataACHPPM is PASSED

24-10-2024T09:14:46 - [MESSAGE][PASSED] - Object 'Object Repository/IWP30/Page_ACHPersonalPaymentEntry/txt_accountNumber' is present

24-10-2024T09:14:47 - [MESSAGE][PASSED] - Text '200.50' is set on object 'Object Repository/IWP30/Page_ACHPersonalPaymentEntry/txt_Amount'

24-10-2024T09:14:47 - [MESSAGE][PASSED] - Object 'Object Repository/IWP30/Page_ACHPersonalPaymentEntry/txt_UDF2' is present

24-10-2024T09:14:48 - [MESSAGE][PASSED] - Text 'udf data 2' is set on object 'Object Repository/IWP30/Page_ACHPersonalPaymentEntry/txt_UDF2'

24-10-2024T09:14:48 - [MESSAGE][PASSED] - Text 'udf data 3' is set on object 'Object Repository/IWP30/Page_ACHPersonalPaymentEntry/txt_UDF3'

24-10-2024T09:14:49 - [MESSAGE][PASSED] - All options with label 'Orange' are selected in object 'Object Repository/IWP30/Page_ACHPersonalPaymentEntry/dd_UDF7' 

24-10-2024T09:14:49 - [MESSAGE][PASSED] - All options with label 'Soccer' are selected in object 'Object Repository/IWP30/Page_ACHPersonalPaymentEntry/dd_UDF8' 

24-10-2024T09:14:50 - [MESSAGE][PASSED] - Object 'Object Repository/IWP30/Page_ACHPersonalPaymentEntry/txt_Firstname' is present

24-10-2024T09:14:50 - [MESSAGE][PASSED] - Text 'Elizath' is set on object 'Object Repository/IWP30/Page_ACHPersonalPaymentEntry/txt_Firstname'

24-10-2024T09:14:50 - [MESSAGE][PASSED] - Object 'Object Repository/IWP30/Page_ACHPersonalPaymentEntry/txt_Lastname' is present

24-10-2024T09:14:51 - [MESSAGE][PASSED] - Text 'Christine' is set on object 'Object Repository/IWP30/Page_ACHPersonalPaymentEntry/txt_Lastname'

24-10-2024T09:14:51 - [MESSAGE][PASSED] - Object 'Object Repository/IWP30/Page_ACHPersonalPaymentEntry/txt_routingNumber' is present

24-10-2024T09:14:52 - [MESSAGE][PASSED] - Text '256072691' is set on object 'Object Repository/IWP30/Page_ACHPersonalPaymentEntry/txt_routingNumber'

24-10-2024T09:14:52 - [MESSAGE][PASSED] - Object 'Object Repository/IWP30/Page_ACHPersonalPaymentEntry/txt_accountNumber' is present

24-10-2024T09:14:54 - [MESSAGE][PASSED] - Text '12344444' is set on object 'Object Repository/IWP30/Page_ACHPersonalPaymentEntry/txt_accountNumber'

24-10-2024T09:14:54 - [MESSAGE][PASSED] - Object 'Object Repository/IWP30/Page_ACHPersonalPaymentEntry/txt_confirmAccountNumber' is present

24-10-2024T09:14:55 - [MESSAGE][PASSED] - Text '12344444' is set on object 'Object Repository/IWP30/Page_ACHPersonalPaymentEntry/txt_confirmAccountNumber'

24-10-2024T09:14:55 - [MESSAGE][PASSED] - Object 'Object Repository/IWP30/Page_ACHPersonalPaymentEntry/rd_accountType' is present

24-10-2024T09:14:55 - [MESSAGE][PASSED] - Modify property of object successfully

24-10-2024T09:14:55 - [MESSAGE][PASSED] - Object: 'Object Repository/IWP30/Page_ACHPersonalPaymentEntry/rd_accountType' is clicked on

24-10-2024T09:14:56 - [MESSAGE][PASSED] - Text '365 Main Avenue' is set on object 'Object Repository/IWP30/Page_ACHPersonalPaymentEntry/txt_AL1'

24-10-2024T09:14:57 - [MESSAGE][PASSED] - Text '22201' is set on object 'Object Repository/IWP30/Page_ACHPersonalPaymentEntry/txt_ZIP'

24-10-2024T09:14:57 - [MESSAGE][PASSED] - Object 'Object Repository/IWP30/Page_ACHPersonalPaymentEntry/txt_Email' is present

24-10-2024T09:14:58 - [MESSAGE][PASSED] - Text 'iahmed@govolution.com' is set on object 'Object Repository/IWP30/Page_ACHPersonalPaymentEntry/txt_Email'

24-10-2024T09:14:58 - [MESSAGE][PASSED] - Object 'Object Repository/IWP30/Page_ACHPersonalPaymentEntry/cb_TermsAndCond' is present

24-10-2024T09:14:58 - [MESSAGE][PASSED] - Object: 'Object Repository/IWP30/Page_ACHPersonalPaymentEntry/cb_TermsAndCond' is clicked on

24-10-2024T09:14:59 - [MESSAGE][PASSED] - Object 'Object Repository/IWP30/Page_ACHPersonalPaymentEntry/btn_Continue' is present

24-10-2024T09:15:01 - [MESSAGE][PASSED] - Object: 'Object Repository/IWP30/Page_ACHPersonalPaymentEntry/btn_Continue' is clicked on

24-10-2024T09:15:01 - [MESSAGE][PASSED] - iwpPages.achPersonalPaymentEntryPage.setDataACHPPM is PASSED

24-10-2024T09:15:01 - [TEST_STEP][PASSED] - Thread.sleep(10000): null

24-10-2024T09:15:11 - [TEST_STEP][PASSED] - if (verifyTextPresent("Amount is greater than maximum", false)): null

24-10-2024T09:15:11 - [MESSAGE][PASSED] - Text 'Amount is greater than maximum' is present on page 

24-10-2024T09:15:11 - [TEST_STEP][PASSED] - println("Max Amount Error message shown"): null

24-10-2024T09:15:11 - [TEST_STEP][PASSED] - markPassed("Max Amount Error message shown"): Max Amount Error message shown

24-10-2024T09:15:11 - [MESSAGE][PASSED] - Max Amount Error message shown

24-10-2024T09:15:11 - [TEST_STEP][PASSED] - resText = "Pass": null

24-10-2024T09:15:11 - [TEST_STEP][ERROR] - pages.WriteExcel.demoKey(resText, datText, resColumn, datCloumn, fileLoc, nameSheet, row): Test Cases/IntegratedWeb/IWP25/Error/MaxAmountErrorPS FAILED.
Reason:
com.kms.katalon.core.exception.StepErrorException: org.codehaus.groovy.runtime.InvokerInvocationException: java.io.FileNotFoundException: KatalonData\IWPTestData\VRelay25Payments.xlsx (The process cannot access the file because it is being used by another process)
	at com.kms.katalon.core.main.CustomKeywordDelegatingMetaClass.throwError(CustomKeywordDelegatingMetaClass.java:101)
	at com.kms.katalon.core.main.CustomKeywordDelegatingMetaClass.invokeStaticMethod(CustomKeywordDelegatingMetaClass.java:73)
	at MaxAmountErrorPS.run(MaxAmountErrorPS:91)
	at com.kms.katalon.core.main.ScriptEngine.run(ScriptEngine.java:194)
	at com.kms.katalon.core.main.ScriptEngine.runScriptAsRawText(ScriptEngine.java:119)
	at com.kms.katalon.core.main.TestCaseExecutor.runScript(TestCaseExecutor.java:448)
	at com.kms.katalon.core.main.TestCaseExecutor.doExecute(TestCaseExecutor.java:439)
	at com.kms.katalon.core.main.TestCaseExecutor.processExecutionPhase(TestCaseExecutor.java:418)
	at com.kms.katalon.core.main.TestCaseExecutor.accessMainPhase(TestCaseExecutor.java:410)
	at com.kms.katalon.core.main.TestCaseExecutor.execute(TestCaseExecutor.java:285)
	at com.kms.katalon.core.common.CommonExecutor.accessTestCaseMainPhase(CommonExecutor.java:65)
	at com.kms.katalon.core.main.TestSuiteExecutor.accessTestSuiteMainPhase(TestSuiteExecutor.java:150)
	at com.kms.katalon.core.main.TestSuiteExecutor.execute(TestSuiteExecutor.java:106)
	at com.kms.katalon.core.main.TestCaseMain.startTestSuite(TestCaseMain.java:180)
	at TempTestSuite1729731001385.run(TempTestSuite1729731001385.groovy:35)
	at java.base/jdk.internal.reflect.NativeMethodAccessorImpl.invoke0(Native Method)
	at java.base/jdk.internal.reflect.NativeMethodAccessorImpl.invoke(NativeMethodAccessorImpl.java:77)
	at java.base/jdk.internal.reflect.DelegatingMethodAccessorImpl.invoke(DelegatingMethodAccessorImpl.java:43)
Caused by: org.codehaus.groovy.runtime.InvokerInvocationException: java.io.FileNotFoundException: KatalonData\IWPTestData\VRelay25Payments.xlsx (The process cannot access the file because it is being used by another process)
	at com.kms.katalon.core.main.CustomKeywordDelegatingMetaClass.invokeStaticMethod(CustomKeywordDelegatingMetaClass.java:55)
	at Script1724773088726.run(Script1724773088726.groovy:91)
	... 15 more
Caused by: java.io.FileNotFoundException: KatalonData\IWPTestData\VRelay25Payments.xlsx (The process cannot access the file because it is being used by another process)
	at pages.WriteExcel.demoKey(WriteExcel.groovy:93)
	at jdk.internal.reflect.GeneratedMethodAccessor43.invoke(Unknown Source)
	at java.base/jdk.internal.reflect.DelegatingMethodAccessorImpl.invoke(DelegatingMethodAccessorImpl.java:43)
	at com.kms.katalon.core.main.CustomKeywordDelegatingMetaClass.invokeStaticMethod(CustomKeywordDelegatingMetaClass.java:55)
	at MaxAmountErrorPS.run(MaxAmountErrorPS:91)
	... 15 more


24-10-2024T09:15:11 - [MESSAGE][ERROR] - java.io.FileNotFoundException: KatalonData\IWPTestData\VRelay25Payments.xlsx (The process cannot access the file because it is being used by another process)

24-10-2024T09:15:11 - [MESSAGE][ERROR] - Test Cases/IntegratedWeb/IWP25/Error/MaxAmountErrorPS FAILED.
Reason:
com.kms.katalon.core.exception.StepErrorException: org.codehaus.groovy.runtime.InvokerInvocationException: java.io.FileNotFoundException: KatalonData\IWPTestData\VRelay25Payments.xlsx (The process cannot access the file because it is being used by another process)
	at com.kms.katalon.core.main.CustomKeywordDelegatingMetaClass.throwError(CustomKeywordDelegatingMetaClass.java:101)
	at com.kms.katalon.core.main.CustomKeywordDelegatingMetaClass.invokeStaticMethod(CustomKeywordDelegatingMetaClass.java:73)
	at MaxAmountErrorPS.run(MaxAmountErrorPS:91)
	at com.kms.katalon.core.main.ScriptEngine.run(ScriptEngine.java:194)
	at com.kms.katalon.core.main.ScriptEngine.runScriptAsRawText(ScriptEngine.java:119)
	at com.kms.katalon.core.main.TestCaseExecutor.runScript(TestCaseExecutor.java:448)
	at com.kms.katalon.core.main.TestCaseExecutor.doExecute(TestCaseExecutor.java:439)
	at com.kms.katalon.core.main.TestCaseExecutor.processExecutionPhase(TestCaseExecutor.java:418)
	at com.kms.katalon.core.main.TestCaseExecutor.accessMainPhase(TestCaseExecutor.java:410)
	at com.kms.katalon.core.main.TestCaseExecutor.execute(TestCaseExecutor.java:285)
	at com.kms.katalon.core.common.CommonExecutor.accessTestCaseMainPhase(CommonExecutor.java:65)
	at com.kms.katalon.core.main.TestSuiteExecutor.accessTestSuiteMainPhase(TestSuiteExecutor.java:150)
	at com.kms.katalon.core.main.TestSuiteExecutor.execute(TestSuiteExecutor.java:106)
	at com.kms.katalon.core.main.TestCaseMain.startTestSuite(TestCaseMain.java:180)
	at TempTestSuite1729731001385.run(TempTestSuite1729731001385.groovy:35)
	at java.base/jdk.internal.reflect.NativeMethodAccessorImpl.invoke0(Native Method)
	at java.base/jdk.internal.reflect.NativeMethodAccessorImpl.invoke(NativeMethodAccessorImpl.java:77)
	at java.base/jdk.internal.reflect.DelegatingMethodAccessorImpl.invoke(DelegatingMethodAccessorImpl.java:43)
Caused by: org.codehaus.groovy.runtime.InvokerInvocationException: java.io.FileNotFoundException: KatalonData\IWPTestData\VRelay25Payments.xlsx (The process cannot access the file because it is being used by another process)
	at com.kms.katalon.core.main.CustomKeywordDelegatingMetaClass.invokeStaticMethod(CustomKeywordDelegatingMetaClass.java:55)
	at Script1724773088726.run(Script1724773088726.groovy:91)
	... 15 more
Caused by: java.io.FileNotFoundException: KatalonData\IWPTestData\VRelay25Payments.xlsx (The process cannot access the file because it is being used by another process)
	at pages.WriteExcel.demoKey(WriteExcel.groovy:93)
	at jdk.internal.reflect.GeneratedMethodAccessor43.invoke(Unknown Source)
	at java.base/jdk.internal.reflect.DelegatingMethodAccessorImpl.invoke(DelegatingMethodAccessorImpl.java:43)
	at com.kms.katalon.core.main.CustomKeywordDelegatingMetaClass.invokeStaticMethod(CustomKeywordDelegatingMetaClass.java:55)
	at MaxAmountErrorPS.run(MaxAmountErrorPS:91)
	... 15 more]]></system-out>
         <system-err><![CDATA[24-10-2024T09:13:24 - [TEST_CASE][ERROR] - Test Cases/IntegratedWeb/IWP25/Error/MaxAmountErrorPS: Test Cases/IntegratedWeb/IWP25/Error/MaxAmountErrorPS FAILED.
Reason:
org.codehaus.groovy.runtime.InvokerInvocationException: java.io.FileNotFoundException: KatalonData\IWPTestData\VRelay25Payments.xlsx (The process cannot access the file because it is being used by another process)
	at com.kms.katalon.core.main.CustomKeywordDelegatingMetaClass.invokeStaticMethod(CustomKeywordDelegatingMetaClass.java:55)
	at MaxAmountErrorPS.run(MaxAmountErrorPS:91)
	at com.kms.katalon.core.main.ScriptEngine.run(ScriptEngine.java:194)
	at com.kms.katalon.core.main.ScriptEngine.runScriptAsRawText(ScriptEngine.java:119)
	at com.kms.katalon.core.main.TestCaseExecutor.runScript(TestCaseExecutor.java:448)
	at com.kms.katalon.core.main.TestCaseExecutor.doExecute(TestCaseExecutor.java:439)
	at com.kms.katalon.core.main.TestCaseExecutor.processExecutionPhase(TestCaseExecutor.java:418)
	at com.kms.katalon.core.main.TestCaseExecutor.accessMainPhase(TestCaseExecutor.java:410)
	at com.kms.katalon.core.main.TestCaseExecutor.execute(TestCaseExecutor.java:285)
	at com.kms.katalon.core.common.CommonExecutor.accessTestCaseMainPhase(CommonExecutor.java:65)
	at com.kms.katalon.core.main.TestSuiteExecutor.accessTestSuiteMainPhase(TestSuiteExecutor.java:150)
	at com.kms.katalon.core.main.TestSuiteExecutor.execute(TestSuiteExecutor.java:106)
	at com.kms.katalon.core.main.TestCaseMain.startTestSuite(TestCaseMain.java:180)
	at TempTestSuite1729731001385.run(TempTestSuite1729731001385.groovy:35)
	at java.base/jdk.internal.reflect.NativeMethodAccessorImpl.invoke0(Native Method)
	at java.base/jdk.internal.reflect.NativeMethodAccessorImpl.invoke(NativeMethodAccessorImpl.java:77)
	at java.base/jdk.internal.reflect.DelegatingMethodAccessorImpl.invoke(DelegatingMethodAccessorImpl.java:43)
Caused by: java.io.FileNotFoundException: KatalonData\IWPTestData\VRelay25Payments.xlsx (The process cannot access the file because it is being used by another process)
	at pages.WriteExcel.demoKey(WriteExcel.groovy:93)
	at jdk.internal.reflect.GeneratedMethodAccessor43.invoke(Unknown Source)
	at java.base/jdk.internal.reflect.DelegatingMethodAccessorImpl.invoke(DelegatingMethodAccessorImpl.java:43)
	... 17 more]]></system-err>
      </testcase>
      <testcase name="Test Cases/IntegratedWeb/IWP25/Error/MinAmountErrorCC" time="108.09" classname="Test Cases/IntegratedWeb/IWP25/Error/MinAmountErrorCC" status="ERROR">
         <error type="ERROR" message="Test Cases/IntegratedWeb/IWP25/Error/MinAmountErrorCC FAILED.&#xa;Reason:&#xa;org.codehaus.groovy.runtime.InvokerInvocationException: java.io.FileNotFoundException: KatalonData\IWPTestData\VRelay25Payments.xlsx (The process cannot access the file because it is being used by another process)&#xa;	at com.kms.katalon.core.main.CustomKeywordDelegatingMetaClass.invokeStaticMethod(CustomKeywordDelegatingMetaClass.java:55)&#xa;	at MinAmountErrorCC.run(MinAmountErrorCC:91)&#xa;	at com.kms.katalon.core.main.ScriptEngine.run(ScriptEngine.java:194)&#xa;	at com.kms.katalon.core.main.ScriptEngine.runScriptAsRawText(ScriptEngine.java:119)&#xa;	at com.kms.katalon.core.main.TestCaseExecutor.runScript(TestCaseExecutor.java:448)&#xa;	at com.kms.katalon.core.main.TestCaseExecutor.doExecute(TestCaseExecutor.java:439)&#xa;	at com.kms.katalon.core.main.TestCaseExecutor.processExecutionPhase(TestCaseExecutor.java:418)&#xa;	at com.kms.katalon.core.main.TestCaseExecutor.accessMainPhase(TestCaseExecutor.java:410)&#xa;	at com.kms.katalon.core.main.TestCaseExecutor.execute(TestCaseExecutor.java:285)&#xa;	at com.kms.katalon.core.common.CommonExecutor.accessTestCaseMainPhase(CommonExecutor.java:65)&#xa;	at com.kms.katalon.core.main.TestSuiteExecutor.accessTestSuiteMainPhase(TestSuiteExecutor.java:150)&#xa;	at com.kms.katalon.core.main.TestSuiteExecutor.execute(TestSuiteExecutor.java:106)&#xa;	at com.kms.katalon.core.main.TestCaseMain.startTestSuite(TestCaseMain.java:180)&#xa;	at TempTestSuite1729731001385.run(TempTestSuite1729731001385.groovy:35)&#xa;	at java.base/jdk.internal.reflect.NativeMethodAccessorImpl.invoke0(Native Method)&#xa;	at java.base/jdk.internal.reflect.NativeMethodAccessorImpl.invoke(NativeMethodAccessorImpl.java:77)&#xa;	at java.base/jdk.internal.reflect.DelegatingMethodAccessorImpl.invoke(DelegatingMethodAccessorImpl.java:43)&#xa;Caused by: java.io.FileNotFoundException: KatalonData\IWPTestData\VRelay25Payments.xlsx (The process cannot access the file because it is being used by another process)&#xa;	at pages.WriteExcel.demoKey(WriteExcel.groovy:93)&#xa;	at jdk.internal.reflect.GeneratedMethodAccessor43.invoke(Unknown Source)&#xa;	at java.base/jdk.internal.reflect.DelegatingMethodAccessorImpl.invoke(DelegatingMethodAccessorImpl.java:43)&#xa;	... 17 more&#xa;"/>
         <system-out><![CDATA[24-10-2024T09:15:11 - [TEST_CASE][ERROR] - Test Cases/IntegratedWeb/IWP25/Error/MinAmountErrorCC: Test Cases/IntegratedWeb/IWP25/Error/MinAmountErrorCC FAILED.
Reason:
org.codehaus.groovy.runtime.InvokerInvocationException: java.io.FileNotFoundException: KatalonData\IWPTestData\VRelay25Payments.xlsx (The process cannot access the file because it is being used by another process)
	at com.kms.katalon.core.main.CustomKeywordDelegatingMetaClass.invokeStaticMethod(CustomKeywordDelegatingMetaClass.java:55)
	at MinAmountErrorCC.run(MinAmountErrorCC:91)
	at com.kms.katalon.core.main.ScriptEngine.run(ScriptEngine.java:194)
	at com.kms.katalon.core.main.ScriptEngine.runScriptAsRawText(ScriptEngine.java:119)
	at com.kms.katalon.core.main.TestCaseExecutor.runScript(TestCaseExecutor.java:448)
	at com.kms.katalon.core.main.TestCaseExecutor.doExecute(TestCaseExecutor.java:439)
	at com.kms.katalon.core.main.TestCaseExecutor.processExecutionPhase(TestCaseExecutor.java:418)
	at com.kms.katalon.core.main.TestCaseExecutor.accessMainPhase(TestCaseExecutor.java:410)
	at com.kms.katalon.core.main.TestCaseExecutor.execute(TestCaseExecutor.java:285)
	at com.kms.katalon.core.common.CommonExecutor.accessTestCaseMainPhase(CommonExecutor.java:65)
	at com.kms.katalon.core.main.TestSuiteExecutor.accessTestSuiteMainPhase(TestSuiteExecutor.java:150)
	at com.kms.katalon.core.main.TestSuiteExecutor.execute(TestSuiteExecutor.java:106)
	at com.kms.katalon.core.main.TestCaseMain.startTestSuite(TestCaseMain.java:180)
	at TempTestSuite1729731001385.run(TempTestSuite1729731001385.groovy:35)
	at java.base/jdk.internal.reflect.NativeMethodAccessorImpl.invoke0(Native Method)
	at java.base/jdk.internal.reflect.NativeMethodAccessorImpl.invoke(NativeMethodAccessorImpl.java:77)
	at java.base/jdk.internal.reflect.DelegatingMethodAccessorImpl.invoke(DelegatingMethodAccessorImpl.java:43)
Caused by: java.io.FileNotFoundException: KatalonData\IWPTestData\VRelay25Payments.xlsx (The process cannot access the file because it is being used by another process)
	at pages.WriteExcel.demoKey(WriteExcel.groovy:93)
	at jdk.internal.reflect.GeneratedMethodAccessor43.invoke(Unknown Source)
	at java.base/jdk.internal.reflect.DelegatingMethodAccessorImpl.invoke(DelegatingMethodAccessorImpl.java:43)
	... 17 more


24-10-2024T09:15:12 - [TEST_STEP][PASSED] - resText = "Fail": null

24-10-2024T09:15:12 - [TEST_STEP][PASSED] - resColumn = "Result": null

24-10-2024T09:15:12 - [TEST_STEP][PASSED] - datCloumn = "Date": null

24-10-2024T09:15:12 - [TEST_STEP][PASSED] - fileLoc = "KatalonData/IWPTestData/VRelay25Payments.xlsx": null

24-10-2024T09:15:12 - [TEST_STEP][PASSED] - numOfRows = <not implemented yet for class: org.codehaus.groovy.ast.expr.EmptyExpression>: null

24-10-2024T09:15:12 - [TEST_STEP][PASSED] - dataFile = <not implemented yet for class: org.codehaus.groovy.ast.expr.EmptyExpression>: null

24-10-2024T09:15:12 - [TEST_STEP][PASSED] - nameSheet = <not implemented yet for class: org.codehaus.groovy.ast.expr.EmptyExpression>: null

24-10-2024T09:15:12 - [TEST_STEP][PASSED] - dataFileEmulator = <not implemented yet for class: org.codehaus.groovy.ast.expr.EmptyExpression>: null

24-10-2024T09:15:12 - [TEST_STEP][PASSED] - nameSheet = "MinAmountErrorCC": null

24-10-2024T09:15:12 - [TEST_STEP][PASSED] - dataFile = "IWPTestData/IWP25MinAmountErrorCC": null

24-10-2024T09:15:12 - [TEST_STEP][PASSED] - dataFileEmulator = "IWPTestData/EmulatorData": null

24-10-2024T09:15:12 - [TEST_STEP][PASSED] - numOfRows = findTestData(dataFile).getRowNumbers(): null

24-10-2024T09:15:12 - [TEST_STEP][PASSED] - println("Number of Records: " + numOfRows): null

24-10-2024T09:15:12 - [TEST_STEP][PASSED] - for ([row = 1, row <= numOfRows, (row++)]): null

24-10-2024T09:15:12 - [TEST_STEP][PASSED] - ExecuteTC = findTestData(dataFile).getValue("Execute", row): null

24-10-2024T09:15:12 - [TEST_STEP][PASSED] - out.println("Value of Execute is : " + ExecuteTC): null

24-10-2024T09:15:12 - [TEST_STEP][PASSED] - if (ExecuteTC.equalsIgnoreCase("Y")): null

24-10-2024T09:15:12 - [TEST_STEP][PASSED] - out.println("Begin Record Number: " + row): null

24-10-2024T09:15:12 - [TEST_STEP][PASSED] - today = new java.util.Date(): null

24-10-2024T09:15:12 - [TEST_STEP][PASSED] - println(today): null

24-10-2024T09:15:12 - [TEST_STEP][PASSED] - datText = today: null

24-10-2024T09:15:12 - [TEST_STEP][PASSED] - EmulatorDataKey = findTestData(dataFile).getValue("EmulatorData", row): null

24-10-2024T09:15:12 - [TEST_STEP][PASSED] - out.println("Value of Emulator Key is : " + EmulatorDataKey): null

24-10-2024T09:15:12 - [TEST_STEP][PASSED] - iwpPages.emulatorIWP30.setDataEmulator_DD(EmulatorDataKey): iwpPages.emulatorIWP30.setDataEmulator_DD is PASSED

24-10-2024T09:15:12 - [MESSAGE][WARNING] - A browser is already opened. Closing browser and opening a new one

24-10-2024T09:15:13 - [MESSAGE][INFO] - Starting 'Edge Chromium' driver

24-10-2024T09:15:13 - [MESSAGE][INFO] - User set preference: ['acceptInsecureCerts', 'true']

24-10-2024T09:15:15 - [MESSAGE][INFO] - Action delay is set to 0 milliseconds

24-10-2024T09:15:19 - [MESSAGE][PASSED] - Browser is opened with url: 'https://qa2.velocitypayment.com/agencyx/config.action?action=editor&message_version=2_5'

24-10-2024T09:15:19 - [MESSAGE][PASSED] - Current window maximized

24-10-2024T09:15:50 - [MESSAGE][INFO] - Unable to find the element located by 'By.xpath: //select[@name='message_version']'. Please recheck the objects properties to make sure the desired element is located. 

24-10-2024T09:15:50 - [MESSAGE][WARNING] - [SELF-HEALING] Failed to find element with id 'Object Repository/IWP30/Page_VRelay30Emulator/MV'. Try using Self-healing.

24-10-2024T09:15:51 - [MESSAGE][WARNING] - [SELF-HEALING] The current locator of test object 'Object Repository/IWP30/Page_VRelay30Emulator/MV' was broken. Propose an alternative one: '(.//*[normalize-space(text()) and normalize-space(.)='Message Version'])[1]/following::select[1]'.

24-10-2024T09:15:51 - [MESSAGE][PASSED] - All options with value '2.5' are selected in object 'Object Repository/IWP30/Page_VRelay30Emulator/MV'  using regular expression

24-10-2024T09:15:52 - [MESSAGE][PASSED] - Text '10.50' is set on object 'Object Repository/IWP30/Page_EmulatorAgencyX/Amount'

24-10-2024T09:15:52 - [MESSAGE][PASSED] - Text 'zLwfvVUbC8w0' is set on object 'Object Repository/IWP30/Page_EmulatorAgencyX/CAN'

24-10-2024T09:15:53 - [MESSAGE][PASSED] - Text 'PayNow' is set on object 'Object Repository/IWP30/Page_EmulatorAgencyX/Action'

24-10-2024T09:15:54 - [MESSAGE][PASSED] - Text 'en_US' is set on object 'Object Repository/IWP30/Page_EmulatorAgencyX/Lang'

24-10-2024T09:15:54 - [MESSAGE][PASSED] - Text '' is set on object 'Object Repository/IWP30/Page_EmulatorAgencyX/Fname'

24-10-2024T09:15:55 - [MESSAGE][PASSED] - Text '' is set on object 'Object Repository/IWP30/Page_EmulatorAgencyX/Lname'

24-10-2024T09:15:55 - [MESSAGE][PASSED] - Text '' is set on object 'Object Repository/IWP30/Page_EmulatorAgencyX/AL1'

24-10-2024T09:15:56 - [MESSAGE][PASSED] - Text '' is set on object 'Object Repository/IWP30/Page_EmulatorAgencyX/AL2'

24-10-2024T09:15:56 - [MESSAGE][PASSED] - Text '' is set on object 'Object Repository/IWP30/Page_EmulatorAgencyX/Country'

24-10-2024T09:15:57 - [MESSAGE][PASSED] - Text '' is set on object 'Object Repository/IWP30/Page_EmulatorAgencyX/City'

24-10-2024T09:15:58 - [MESSAGE][PASSED] - Text '' is set on object 'Object Repository/IWP30/Page_EmulatorAgencyX/State'

24-10-2024T09:15:58 - [MESSAGE][PASSED] - Text '' is set on object 'Object Repository/IWP30/Page_EmulatorAgencyX/ZIP'

24-10-2024T09:15:59 - [MESSAGE][PASSED] - Text '' is set on object 'Object Repository/IWP30/Page_EmulatorAgencyX/Order'

24-10-2024T09:15:59 - [MESSAGE][PASSED] - Text '' is set on object 'Object Repository/IWP30/Page_EmulatorAgencyX/Company'

24-10-2024T09:16:00 - [MESSAGE][PASSED] - Text '' is set on object 'Object Repository/IWP30/Page_EmulatorAgencyX/Email'

24-10-2024T09:16:00 - [MESSAGE][PASSED] - Text '' is set on object 'Object Repository/IWP30/Page_EmulatorAgencyX/UDF1'

24-10-2024T09:16:01 - [MESSAGE][PASSED] - Text '' is set on object 'Object Repository/IWP30/Page_EmulatorAgencyX/UDF2'

24-10-2024T09:16:02 - [MESSAGE][PASSED] - Text '' is set on object 'Object Repository/IWP30/Page_EmulatorAgencyX/UDF3'

24-10-2024T09:16:02 - [MESSAGE][PASSED] - Text 'udf data 4' is set on object 'Object Repository/IWP30/Page_EmulatorAgencyX/UDF4'

24-10-2024T09:16:03 - [MESSAGE][PASSED] - Text 'udf data 5' is set on object 'Object Repository/IWP30/Page_EmulatorAgencyX/UDF5'

24-10-2024T09:16:03 - [MESSAGE][PASSED] - Text '' is set on object 'Object Repository/IWP30/Page_EmulatorAgencyX/UDF6'

24-10-2024T09:16:04 - [MESSAGE][PASSED] - Text '' is set on object 'Object Repository/IWP30/Page_EmulatorAgencyX/UDF7'

24-10-2024T09:16:04 - [MESSAGE][PASSED] - Text '' is set on object 'Object Repository/IWP30/Page_EmulatorAgencyX/UDF8'

24-10-2024T09:16:05 - [MESSAGE][PASSED] - Text 'udf data 9' is set on object 'Object Repository/IWP30/Page_EmulatorAgencyX/UDF9'

24-10-2024T09:16:06 - [MESSAGE][PASSED] - Text 'udf data 10' is set on object 'Object Repository/IWP30/Page_EmulatorAgencyX/UDF10'

24-10-2024T09:16:07 - [MESSAGE][PASSED] - Object: 'Object Repository/IWP30/Page_EmulatorAgencyX/Submit' is clicked on

24-10-2024T09:16:12 - [MESSAGE][PASSED] - Browser is closed

24-10-2024T09:16:16 - [MESSAGE][PASSED] - iwpPages.emulatorIWP30.setDataEmulator_DD is PASSED

24-10-2024T09:16:16 - [TEST_STEP][PASSED] - testHarnessURL = urlTestHarness: null

24-10-2024T09:16:16 - [TEST_STEP][PASSED] - openBrowser(testHarnessURL): Browser is opened with url: 'https://dev-algorithm.govolution.com/vrelaytest/QA2/version_2_2/vrelaytest.html'

24-10-2024T09:16:16 - [MESSAGE][INFO] - Starting 'Edge Chromium' driver

24-10-2024T09:16:16 - [MESSAGE][INFO] - User set preference: ['acceptInsecureCerts', 'true']

24-10-2024T09:16:18 - [MESSAGE][INFO] - Action delay is set to 0 milliseconds

24-10-2024T09:16:25 - [MESSAGE][PASSED] - Browser is opened with url: 'https://dev-algorithm.govolution.com/vrelaytest/QA2/version_2_2/vrelaytest.html'

24-10-2024T09:16:25 - [TEST_STEP][PASSED] - maximizeWindow(): Current window maximized

24-10-2024T09:16:25 - [MESSAGE][PASSED] - Current window maximized

24-10-2024T09:16:25 - [TEST_STEP][PASSED] - iwpPages.TestHarnessPage.setDataMethod(row, dataFile): iwpPages.TestHarnessPage.setDataMethod is PASSED

24-10-2024T09:16:26 - [MESSAGE][PASSED] - Object 'Object Repository/IWP30/Page_QATestHarness/RemittanceID' is present

24-10-2024T09:16:26 - [MESSAGE][PASSED] - Text '638' is set on object 'Object Repository/IWP30/Page_QATestHarness/ApplicationID'

24-10-2024T09:16:27 - [MESSAGE][PASSED] - Text '2.5' is set on object 'Object Repository/IWP30/Page_QATestHarness/MessageVersion'

24-10-2024T09:16:28 - [MESSAGE][PASSED] - Text 'mxVlpTVc8OLd' is set on object 'Object Repository/IWP30/Page_QATestHarness/RemittanceID'

24-10-2024T09:16:31 - [MESSAGE][PASSED] - Object: 'Object Repository/IWP30/Page_QATestHarness/SubmitButton' is clicked on

24-10-2024T09:16:31 - [MESSAGE][PASSED] - iwpPages.TestHarnessPage.setDataMethod is PASSED

24-10-2024T09:16:31 - [TEST_STEP][PASSED] - click(findTestObject("Object Repository/IWP30/Page_SelectPaymentMethod/PayByCreditCard")): Object: 'Object Repository/IWP30/Page_SelectPaymentMethod/PayByCreditCard' is clicked on

24-10-2024T09:16:32 - [MESSAGE][PASSED] - Object: 'Object Repository/IWP30/Page_SelectPaymentMethod/PayByCreditCard' is clicked on

24-10-2024T09:16:32 - [TEST_STEP][PASSED] - click(findTestObject("Object Repository/IWP30/Page_SelectPaymentMethod/MakePaymentButton")): Object: 'Object Repository/IWP30/Page_SelectPaymentMethod/MakePaymentButton' is clicked on

24-10-2024T09:16:35 - [MESSAGE][PASSED] - Object: 'Object Repository/IWP30/Page_SelectPaymentMethod/MakePaymentButton' is clicked on

24-10-2024T09:16:35 - [TEST_STEP][PASSED] - iwpPages.ccPaymentEntryPage.setDataCCPM(row, dataFile): iwpPages.ccPaymentEntryPage.setDataCCPM is PASSED

24-10-2024T09:16:36 - [MESSAGE][PASSED] - Object 'Object Repository/IWP30/Page_CCPaymentEntry/Name' is present

24-10-2024T09:16:37 - [MESSAGE][PASSED] - Text '1.50' is set on object 'Object Repository/IWP30/Page_CCPaymentEntry/Amount'

24-10-2024T09:16:37 - [MESSAGE][PASSED] - Text 'udf data 2' is set on object 'Object Repository/IWP30/Page_CCPaymentEntry/UserDefined2'

24-10-2024T09:16:38 - [MESSAGE][PASSED] - Text 'udf data 3' is set on object 'Object Repository/IWP30/Page_CCPaymentEntry/UserDefined3'

24-10-2024T09:16:39 - [MESSAGE][PASSED] - All options with label 'Orange' are selected in object 'Object Repository/IWP30/Page_CCPaymentEntry/UserDefined7' 

24-10-2024T09:16:39 - [MESSAGE][PASSED] - All options with label 'Soccer' are selected in object 'Object Repository/IWP30/Page_CCPaymentEntry/UserDefined8' 

24-10-2024T09:16:39 - [MESSAGE][PASSED] - Object 'Object Repository/IWP30/Page_CCPaymentEntry/Name' is present

24-10-2024T09:16:40 - [MESSAGE][PASSED] - Text 'Kavita Ranawati' is set on object 'Object Repository/IWP30/Page_CCPaymentEntry/Name'

24-10-2024T09:16:40 - [MESSAGE][PASSED] - Object 'Object Repository/IWP30/Page_CCPaymentEntry/CardNumber' is present

24-10-2024T09:16:41 - [MESSAGE][PASSED] - Text '4111111111111111' is set on object 'Object Repository/IWP30/Page_CCPaymentEntry/CardNumber'

24-10-2024T09:16:41 - [MESSAGE][PASSED] - Text '123' is set on object 'Object Repository/IWP30/Page_CCPaymentEntry/SPC'

24-10-2024T09:16:42 - [MESSAGE][PASSED] - Object 'Object Repository/IWP30/Page_CCPaymentEntry/Month' is present

24-10-2024T09:16:42 - [MESSAGE][PASSED] - All options with label '09' are selected in object 'Object Repository/IWP30/Page_CCPaymentEntry/Month' 

24-10-2024T09:16:43 - [MESSAGE][PASSED] - Object 'Object Repository/IWP30/Page_CCPaymentEntry/Year' is present

24-10-2024T09:16:43 - [MESSAGE][PASSED] - All options with label '2028' are selected in object 'Object Repository/IWP30/Page_CCPaymentEntry/Year' 

24-10-2024T09:16:44 - [MESSAGE][PASSED] - Text '365 Main Avenue' is set on object 'Object Repository/IWP30/Page_CCPaymentEntry/AL1'

24-10-2024T09:16:45 - [MESSAGE][PASSED] - Text '22201' is set on object 'Object Repository/IWP30/Page_CCPaymentEntry/ZIP'

24-10-2024T09:16:45 - [MESSAGE][PASSED] - Object 'Object Repository/IWP30/Page_CCPaymentEntry/EmailAddress' is present

24-10-2024T09:16:46 - [MESSAGE][PASSED] - Text 'iahmed@govolution.com' is set on object 'Object Repository/IWP30/Page_CCPaymentEntry/EmailAddress'

24-10-2024T09:16:46 - [MESSAGE][PASSED] - Object 'Object Repository/IWP30/Page_CCPaymentEntry/TermCondCheckBox' is present

24-10-2024T09:16:47 - [MESSAGE][PASSED] - Object 'Object Repository/IWP30/Page_CCPaymentEntry/TermCondCheckBox' is checked

24-10-2024T09:16:47 - [MESSAGE][PASSED] - Object 'Object Repository/IWP30/Page_CCPaymentEntry/ContinueButton' is present

24-10-2024T09:16:49 - [MESSAGE][PASSED] - Object: 'Object Repository/IWP30/Page_CCPaymentEntry/ContinueButton' is clicked on

24-10-2024T09:16:49 - [MESSAGE][PASSED] - iwpPages.ccPaymentEntryPage.setDataCCPM is PASSED

24-10-2024T09:16:49 - [TEST_STEP][PASSED] - Thread.sleep(10000): null

24-10-2024T09:16:59 - [TEST_STEP][PASSED] - if (verifyTextPresent("Amount is less than minimum", false)): null

24-10-2024T09:16:59 - [MESSAGE][PASSED] - Text 'Amount is less than minimum' is present on page 

24-10-2024T09:16:59 - [TEST_STEP][PASSED] - println("Min Amount Error message shown"): null

24-10-2024T09:16:59 - [TEST_STEP][PASSED] - markPassed("Min Amount Error message shown"): Min Amount Error message shown

24-10-2024T09:16:59 - [MESSAGE][PASSED] - Min Amount Error message shown

24-10-2024T09:16:59 - [TEST_STEP][PASSED] - resText = "Pass": null

24-10-2024T09:16:59 - [TEST_STEP][ERROR] - pages.WriteExcel.demoKey(resText, datText, resColumn, datCloumn, fileLoc, nameSheet, row): Test Cases/IntegratedWeb/IWP25/Error/MinAmountErrorCC FAILED.
Reason:
com.kms.katalon.core.exception.StepErrorException: org.codehaus.groovy.runtime.InvokerInvocationException: java.io.FileNotFoundException: KatalonData\IWPTestData\VRelay25Payments.xlsx (The process cannot access the file because it is being used by another process)
	at com.kms.katalon.core.main.CustomKeywordDelegatingMetaClass.throwError(CustomKeywordDelegatingMetaClass.java:101)
	at com.kms.katalon.core.main.CustomKeywordDelegatingMetaClass.invokeStaticMethod(CustomKeywordDelegatingMetaClass.java:73)
	at MinAmountErrorCC.run(MinAmountErrorCC:91)
	at com.kms.katalon.core.main.ScriptEngine.run(ScriptEngine.java:194)
	at com.kms.katalon.core.main.ScriptEngine.runScriptAsRawText(ScriptEngine.java:119)
	at com.kms.katalon.core.main.TestCaseExecutor.runScript(TestCaseExecutor.java:448)
	at com.kms.katalon.core.main.TestCaseExecutor.doExecute(TestCaseExecutor.java:439)
	at com.kms.katalon.core.main.TestCaseExecutor.processExecutionPhase(TestCaseExecutor.java:418)
	at com.kms.katalon.core.main.TestCaseExecutor.accessMainPhase(TestCaseExecutor.java:410)
	at com.kms.katalon.core.main.TestCaseExecutor.execute(TestCaseExecutor.java:285)
	at com.kms.katalon.core.common.CommonExecutor.accessTestCaseMainPhase(CommonExecutor.java:65)
	at com.kms.katalon.core.main.TestSuiteExecutor.accessTestSuiteMainPhase(TestSuiteExecutor.java:150)
	at com.kms.katalon.core.main.TestSuiteExecutor.execute(TestSuiteExecutor.java:106)
	at com.kms.katalon.core.main.TestCaseMain.startTestSuite(TestCaseMain.java:180)
	at TempTestSuite1729731001385.run(TempTestSuite1729731001385.groovy:35)
	at java.base/jdk.internal.reflect.NativeMethodAccessorImpl.invoke0(Native Method)
	at java.base/jdk.internal.reflect.NativeMethodAccessorImpl.invoke(NativeMethodAccessorImpl.java:77)
	at java.base/jdk.internal.reflect.DelegatingMethodAccessorImpl.invoke(DelegatingMethodAccessorImpl.java:43)
Caused by: org.codehaus.groovy.runtime.InvokerInvocationException: java.io.FileNotFoundException: KatalonData\IWPTestData\VRelay25Payments.xlsx (The process cannot access the file because it is being used by another process)
	at com.kms.katalon.core.main.CustomKeywordDelegatingMetaClass.invokeStaticMethod(CustomKeywordDelegatingMetaClass.java:55)
	at Script1725023335640.run(Script1725023335640.groovy:91)
	... 15 more
Caused by: java.io.FileNotFoundException: KatalonData\IWPTestData\VRelay25Payments.xlsx (The process cannot access the file because it is being used by another process)
	at pages.WriteExcel.demoKey(WriteExcel.groovy:93)
	at jdk.internal.reflect.GeneratedMethodAccessor43.invoke(Unknown Source)
	at java.base/jdk.internal.reflect.DelegatingMethodAccessorImpl.invoke(DelegatingMethodAccessorImpl.java:43)
	at com.kms.katalon.core.main.CustomKeywordDelegatingMetaClass.invokeStaticMethod(CustomKeywordDelegatingMetaClass.java:55)
	at MinAmountErrorCC.run(MinAmountErrorCC:91)
	... 15 more


24-10-2024T09:17:00 - [MESSAGE][ERROR] - java.io.FileNotFoundException: KatalonData\IWPTestData\VRelay25Payments.xlsx (The process cannot access the file because it is being used by another process)

24-10-2024T09:17:00 - [MESSAGE][ERROR] - Test Cases/IntegratedWeb/IWP25/Error/MinAmountErrorCC FAILED.
Reason:
com.kms.katalon.core.exception.StepErrorException: org.codehaus.groovy.runtime.InvokerInvocationException: java.io.FileNotFoundException: KatalonData\IWPTestData\VRelay25Payments.xlsx (The process cannot access the file because it is being used by another process)
	at com.kms.katalon.core.main.CustomKeywordDelegatingMetaClass.throwError(CustomKeywordDelegatingMetaClass.java:101)
	at com.kms.katalon.core.main.CustomKeywordDelegatingMetaClass.invokeStaticMethod(CustomKeywordDelegatingMetaClass.java:73)
	at MinAmountErrorCC.run(MinAmountErrorCC:91)
	at com.kms.katalon.core.main.ScriptEngine.run(ScriptEngine.java:194)
	at com.kms.katalon.core.main.ScriptEngine.runScriptAsRawText(ScriptEngine.java:119)
	at com.kms.katalon.core.main.TestCaseExecutor.runScript(TestCaseExecutor.java:448)
	at com.kms.katalon.core.main.TestCaseExecutor.doExecute(TestCaseExecutor.java:439)
	at com.kms.katalon.core.main.TestCaseExecutor.processExecutionPhase(TestCaseExecutor.java:418)
	at com.kms.katalon.core.main.TestCaseExecutor.accessMainPhase(TestCaseExecutor.java:410)
	at com.kms.katalon.core.main.TestCaseExecutor.execute(TestCaseExecutor.java:285)
	at com.kms.katalon.core.common.CommonExecutor.accessTestCaseMainPhase(CommonExecutor.java:65)
	at com.kms.katalon.core.main.TestSuiteExecutor.accessTestSuiteMainPhase(TestSuiteExecutor.java:150)
	at com.kms.katalon.core.main.TestSuiteExecutor.execute(TestSuiteExecutor.java:106)
	at com.kms.katalon.core.main.TestCaseMain.startTestSuite(TestCaseMain.java:180)
	at TempTestSuite1729731001385.run(TempTestSuite1729731001385.groovy:35)
	at java.base/jdk.internal.reflect.NativeMethodAccessorImpl.invoke0(Native Method)
	at java.base/jdk.internal.reflect.NativeMethodAccessorImpl.invoke(NativeMethodAccessorImpl.java:77)
	at java.base/jdk.internal.reflect.DelegatingMethodAccessorImpl.invoke(DelegatingMethodAccessorImpl.java:43)
Caused by: org.codehaus.groovy.runtime.InvokerInvocationException: java.io.FileNotFoundException: KatalonData\IWPTestData\VRelay25Payments.xlsx (The process cannot access the file because it is being used by another process)
	at com.kms.katalon.core.main.CustomKeywordDelegatingMetaClass.invokeStaticMethod(CustomKeywordDelegatingMetaClass.java:55)
	at Script1725023335640.run(Script1725023335640.groovy:91)
	... 15 more
Caused by: java.io.FileNotFoundException: KatalonData\IWPTestData\VRelay25Payments.xlsx (The process cannot access the file because it is being used by another process)
	at pages.WriteExcel.demoKey(WriteExcel.groovy:93)
	at jdk.internal.reflect.GeneratedMethodAccessor43.invoke(Unknown Source)
	at java.base/jdk.internal.reflect.DelegatingMethodAccessorImpl.invoke(DelegatingMethodAccessorImpl.java:43)
	at com.kms.katalon.core.main.CustomKeywordDelegatingMetaClass.invokeStaticMethod(CustomKeywordDelegatingMetaClass.java:55)
	at MinAmountErrorCC.run(MinAmountErrorCC:91)
	... 15 more]]></system-out>
         <system-err><![CDATA[24-10-2024T09:15:11 - [TEST_CASE][ERROR] - Test Cases/IntegratedWeb/IWP25/Error/MinAmountErrorCC: Test Cases/IntegratedWeb/IWP25/Error/MinAmountErrorCC FAILED.
Reason:
org.codehaus.groovy.runtime.InvokerInvocationException: java.io.FileNotFoundException: KatalonData\IWPTestData\VRelay25Payments.xlsx (The process cannot access the file because it is being used by another process)
	at com.kms.katalon.core.main.CustomKeywordDelegatingMetaClass.invokeStaticMethod(CustomKeywordDelegatingMetaClass.java:55)
	at MinAmountErrorCC.run(MinAmountErrorCC:91)
	at com.kms.katalon.core.main.ScriptEngine.run(ScriptEngine.java:194)
	at com.kms.katalon.core.main.ScriptEngine.runScriptAsRawText(ScriptEngine.java:119)
	at com.kms.katalon.core.main.TestCaseExecutor.runScript(TestCaseExecutor.java:448)
	at com.kms.katalon.core.main.TestCaseExecutor.doExecute(TestCaseExecutor.java:439)
	at com.kms.katalon.core.main.TestCaseExecutor.processExecutionPhase(TestCaseExecutor.java:418)
	at com.kms.katalon.core.main.TestCaseExecutor.accessMainPhase(TestCaseExecutor.java:410)
	at com.kms.katalon.core.main.TestCaseExecutor.execute(TestCaseExecutor.java:285)
	at com.kms.katalon.core.common.CommonExecutor.accessTestCaseMainPhase(CommonExecutor.java:65)
	at com.kms.katalon.core.main.TestSuiteExecutor.accessTestSuiteMainPhase(TestSuiteExecutor.java:150)
	at com.kms.katalon.core.main.TestSuiteExecutor.execute(TestSuiteExecutor.java:106)
	at com.kms.katalon.core.main.TestCaseMain.startTestSuite(TestCaseMain.java:180)
	at TempTestSuite1729731001385.run(TempTestSuite1729731001385.groovy:35)
	at java.base/jdk.internal.reflect.NativeMethodAccessorImpl.invoke0(Native Method)
	at java.base/jdk.internal.reflect.NativeMethodAccessorImpl.invoke(NativeMethodAccessorImpl.java:77)
	at java.base/jdk.internal.reflect.DelegatingMethodAccessorImpl.invoke(DelegatingMethodAccessorImpl.java:43)
Caused by: java.io.FileNotFoundException: KatalonData\IWPTestData\VRelay25Payments.xlsx (The process cannot access the file because it is being used by another process)
	at pages.WriteExcel.demoKey(WriteExcel.groovy:93)
	at jdk.internal.reflect.GeneratedMethodAccessor43.invoke(Unknown Source)
	at java.base/jdk.internal.reflect.DelegatingMethodAccessorImpl.invoke(DelegatingMethodAccessorImpl.java:43)
	... 17 more]]></system-err>
      </testcase>
      <testcase name="Test Cases/IntegratedWeb/IWP25/Error/MinAmountErrorCorp" time="105.242" classname="Test Cases/IntegratedWeb/IWP25/Error/MinAmountErrorCorp" status="ERROR">
         <error type="ERROR" message="Test Cases/IntegratedWeb/IWP25/Error/MinAmountErrorCorp FAILED.&#xa;Reason:&#xa;org.codehaus.groovy.runtime.InvokerInvocationException: java.io.FileNotFoundException: KatalonData\IWPTestData\VRelay25Payments.xlsx (The process cannot access the file because it is being used by another process)&#xa;	at com.kms.katalon.core.main.CustomKeywordDelegatingMetaClass.invokeStaticMethod(CustomKeywordDelegatingMetaClass.java:55)&#xa;	at MinAmountErrorCorp.run(MinAmountErrorCorp:91)&#xa;	at com.kms.katalon.core.main.ScriptEngine.run(ScriptEngine.java:194)&#xa;	at com.kms.katalon.core.main.ScriptEngine.runScriptAsRawText(ScriptEngine.java:119)&#xa;	at com.kms.katalon.core.main.TestCaseExecutor.runScript(TestCaseExecutor.java:448)&#xa;	at com.kms.katalon.core.main.TestCaseExecutor.doExecute(TestCaseExecutor.java:439)&#xa;	at com.kms.katalon.core.main.TestCaseExecutor.processExecutionPhase(TestCaseExecutor.java:418)&#xa;	at com.kms.katalon.core.main.TestCaseExecutor.accessMainPhase(TestCaseExecutor.java:410)&#xa;	at com.kms.katalon.core.main.TestCaseExecutor.execute(TestCaseExecutor.java:285)&#xa;	at com.kms.katalon.core.common.CommonExecutor.accessTestCaseMainPhase(CommonExecutor.java:65)&#xa;	at com.kms.katalon.core.main.TestSuiteExecutor.accessTestSuiteMainPhase(TestSuiteExecutor.java:150)&#xa;	at com.kms.katalon.core.main.TestSuiteExecutor.execute(TestSuiteExecutor.java:106)&#xa;	at com.kms.katalon.core.main.TestCaseMain.startTestSuite(TestCaseMain.java:180)&#xa;	at TempTestSuite1729731001385.run(TempTestSuite1729731001385.groovy:35)&#xa;	at java.base/jdk.internal.reflect.NativeMethodAccessorImpl.invoke0(Native Method)&#xa;	at java.base/jdk.internal.reflect.NativeMethodAccessorImpl.invoke(NativeMethodAccessorImpl.java:77)&#xa;	at java.base/jdk.internal.reflect.DelegatingMethodAccessorImpl.invoke(DelegatingMethodAccessorImpl.java:43)&#xa;Caused by: java.io.FileNotFoundException: KatalonData\IWPTestData\VRelay25Payments.xlsx (The process cannot access the file because it is being used by another process)&#xa;	at pages.WriteExcel.demoKey(WriteExcel.groovy:93)&#xa;	at jdk.internal.reflect.GeneratedMethodAccessor43.invoke(Unknown Source)&#xa;	at java.base/jdk.internal.reflect.DelegatingMethodAccessorImpl.invoke(DelegatingMethodAccessorImpl.java:43)&#xa;	... 17 more&#xa;"/>
         <system-out><![CDATA[24-10-2024T09:17:00 - [TEST_CASE][ERROR] - Test Cases/IntegratedWeb/IWP25/Error/MinAmountErrorCorp: Test Cases/IntegratedWeb/IWP25/Error/MinAmountErrorCorp FAILED.
Reason:
org.codehaus.groovy.runtime.InvokerInvocationException: java.io.FileNotFoundException: KatalonData\IWPTestData\VRelay25Payments.xlsx (The process cannot access the file because it is being used by another process)
	at com.kms.katalon.core.main.CustomKeywordDelegatingMetaClass.invokeStaticMethod(CustomKeywordDelegatingMetaClass.java:55)
	at MinAmountErrorCorp.run(MinAmountErrorCorp:91)
	at com.kms.katalon.core.main.ScriptEngine.run(ScriptEngine.java:194)
	at com.kms.katalon.core.main.ScriptEngine.runScriptAsRawText(ScriptEngine.java:119)
	at com.kms.katalon.core.main.TestCaseExecutor.runScript(TestCaseExecutor.java:448)
	at com.kms.katalon.core.main.TestCaseExecutor.doExecute(TestCaseExecutor.java:439)
	at com.kms.katalon.core.main.TestCaseExecutor.processExecutionPhase(TestCaseExecutor.java:418)
	at com.kms.katalon.core.main.TestCaseExecutor.accessMainPhase(TestCaseExecutor.java:410)
	at com.kms.katalon.core.main.TestCaseExecutor.execute(TestCaseExecutor.java:285)
	at com.kms.katalon.core.common.CommonExecutor.accessTestCaseMainPhase(CommonExecutor.java:65)
	at com.kms.katalon.core.main.TestSuiteExecutor.accessTestSuiteMainPhase(TestSuiteExecutor.java:150)
	at com.kms.katalon.core.main.TestSuiteExecutor.execute(TestSuiteExecutor.java:106)
	at com.kms.katalon.core.main.TestCaseMain.startTestSuite(TestCaseMain.java:180)
	at TempTestSuite1729731001385.run(TempTestSuite1729731001385.groovy:35)
	at java.base/jdk.internal.reflect.NativeMethodAccessorImpl.invoke0(Native Method)
	at java.base/jdk.internal.reflect.NativeMethodAccessorImpl.invoke(NativeMethodAccessorImpl.java:77)
	at java.base/jdk.internal.reflect.DelegatingMethodAccessorImpl.invoke(DelegatingMethodAccessorImpl.java:43)
Caused by: java.io.FileNotFoundException: KatalonData\IWPTestData\VRelay25Payments.xlsx (The process cannot access the file because it is being used by another process)
	at pages.WriteExcel.demoKey(WriteExcel.groovy:93)
	at jdk.internal.reflect.GeneratedMethodAccessor43.invoke(Unknown Source)
	at java.base/jdk.internal.reflect.DelegatingMethodAccessorImpl.invoke(DelegatingMethodAccessorImpl.java:43)
	... 17 more


24-10-2024T09:17:00 - [TEST_STEP][PASSED] - resText = "Fail": null

24-10-2024T09:17:00 - [TEST_STEP][PASSED] - resColumn = "Result": null

24-10-2024T09:17:00 - [TEST_STEP][PASSED] - datCloumn = "Date": null

24-10-2024T09:17:00 - [TEST_STEP][PASSED] - fileLoc = "KatalonData/IWPTestData/VRelay25Payments.xlsx": null

24-10-2024T09:17:00 - [TEST_STEP][PASSED] - numOfRows = <not implemented yet for class: org.codehaus.groovy.ast.expr.EmptyExpression>: null

24-10-2024T09:17:00 - [TEST_STEP][PASSED] - dataFile = <not implemented yet for class: org.codehaus.groovy.ast.expr.EmptyExpression>: null

24-10-2024T09:17:00 - [TEST_STEP][PASSED] - nameSheet = <not implemented yet for class: org.codehaus.groovy.ast.expr.EmptyExpression>: null

24-10-2024T09:17:00 - [TEST_STEP][PASSED] - dataFileEmulator = <not implemented yet for class: org.codehaus.groovy.ast.expr.EmptyExpression>: null

24-10-2024T09:17:00 - [TEST_STEP][PASSED] - nameSheet = "MinAmountErrorCorp": null

24-10-2024T09:17:00 - [TEST_STEP][PASSED] - dataFile = "IWPTestData/IWP25MinAmountErrorCorp": null

24-10-2024T09:17:00 - [TEST_STEP][PASSED] - dataFileEmulator = "IWPTestData/EmulatorData": null

24-10-2024T09:17:00 - [TEST_STEP][PASSED] - numOfRows = findTestData(dataFile).getRowNumbers(): null

24-10-2024T09:17:00 - [TEST_STEP][PASSED] - println("Number of Records: " + numOfRows): null

24-10-2024T09:17:00 - [TEST_STEP][PASSED] - for ([row = 1, row <= numOfRows, (row++)]): null

24-10-2024T09:17:00 - [TEST_STEP][PASSED] - ExecuteTC = findTestData(dataFile).getValue("Execute", row): null

24-10-2024T09:17:00 - [TEST_STEP][PASSED] - out.println("Value of Execute is : " + ExecuteTC): null

24-10-2024T09:17:00 - [TEST_STEP][PASSED] - if (ExecuteTC.equalsIgnoreCase("Y")): null

24-10-2024T09:17:00 - [TEST_STEP][PASSED] - out.println("Begin Record Number: " + row): null

24-10-2024T09:17:00 - [TEST_STEP][PASSED] - today = new java.util.Date(): null

24-10-2024T09:17:00 - [TEST_STEP][PASSED] - println(today): null

24-10-2024T09:17:00 - [TEST_STEP][PASSED] - datText = today: null

24-10-2024T09:17:00 - [TEST_STEP][PASSED] - EmulatorDataKey = findTestData(dataFile).getValue("EmulatorData", row): null

24-10-2024T09:17:00 - [TEST_STEP][PASSED] - out.println("Value of Emulator Key is : " + EmulatorDataKey): null

24-10-2024T09:17:00 - [TEST_STEP][PASSED] - iwpPages.emulatorIWP30.setDataEmulator_DD(EmulatorDataKey): iwpPages.emulatorIWP30.setDataEmulator_DD is PASSED

24-10-2024T09:17:00 - [MESSAGE][WARNING] - A browser is already opened. Closing browser and opening a new one

24-10-2024T09:17:01 - [MESSAGE][INFO] - Starting 'Edge Chromium' driver

24-10-2024T09:17:01 - [MESSAGE][INFO] - User set preference: ['acceptInsecureCerts', 'true']

24-10-2024T09:17:03 - [MESSAGE][INFO] - Action delay is set to 0 milliseconds

24-10-2024T09:17:07 - [MESSAGE][PASSED] - Browser is opened with url: 'https://qa2.velocitypayment.com/agencyx/config.action?action=editor&message_version=2_5'

24-10-2024T09:17:07 - [MESSAGE][PASSED] - Current window maximized

24-10-2024T09:17:38 - [MESSAGE][INFO] - Unable to find the element located by 'By.xpath: //select[@name='message_version']'. Please recheck the objects properties to make sure the desired element is located. 

24-10-2024T09:17:38 - [MESSAGE][WARNING] - [SELF-HEALING] Failed to find element with id 'Object Repository/IWP30/Page_VRelay30Emulator/MV'. Try using Self-healing.

24-10-2024T09:17:39 - [MESSAGE][WARNING] - [SELF-HEALING] The current locator of test object 'Object Repository/IWP30/Page_VRelay30Emulator/MV' was broken. Propose an alternative one: '(.//*[normalize-space(text()) and normalize-space(.)='Message Version'])[1]/following::select[1]'.

24-10-2024T09:17:39 - [MESSAGE][PASSED] - All options with value '2.5' are selected in object 'Object Repository/IWP30/Page_VRelay30Emulator/MV'  using regular expression

24-10-2024T09:17:40 - [MESSAGE][PASSED] - Text '10.50' is set on object 'Object Repository/IWP30/Page_EmulatorAgencyX/Amount'

24-10-2024T09:17:40 - [MESSAGE][PASSED] - Text 'vDsn9Ai63FT3' is set on object 'Object Repository/IWP30/Page_EmulatorAgencyX/CAN'

24-10-2024T09:17:41 - [MESSAGE][PASSED] - Text 'PayNow' is set on object 'Object Repository/IWP30/Page_EmulatorAgencyX/Action'

24-10-2024T09:17:42 - [MESSAGE][PASSED] - Text 'en_US' is set on object 'Object Repository/IWP30/Page_EmulatorAgencyX/Lang'

24-10-2024T09:17:42 - [MESSAGE][PASSED] - Text '' is set on object 'Object Repository/IWP30/Page_EmulatorAgencyX/Fname'

24-10-2024T09:17:43 - [MESSAGE][PASSED] - Text '' is set on object 'Object Repository/IWP30/Page_EmulatorAgencyX/Lname'

24-10-2024T09:17:43 - [MESSAGE][PASSED] - Text '' is set on object 'Object Repository/IWP30/Page_EmulatorAgencyX/AL1'

24-10-2024T09:17:44 - [MESSAGE][PASSED] - Text '' is set on object 'Object Repository/IWP30/Page_EmulatorAgencyX/AL2'

24-10-2024T09:17:44 - [MESSAGE][PASSED] - Text '' is set on object 'Object Repository/IWP30/Page_EmulatorAgencyX/Country'

24-10-2024T09:17:45 - [MESSAGE][PASSED] - Text '' is set on object 'Object Repository/IWP30/Page_EmulatorAgencyX/City'

24-10-2024T09:17:46 - [MESSAGE][PASSED] - Text '' is set on object 'Object Repository/IWP30/Page_EmulatorAgencyX/State'

24-10-2024T09:17:46 - [MESSAGE][PASSED] - Text '' is set on object 'Object Repository/IWP30/Page_EmulatorAgencyX/ZIP'

24-10-2024T09:17:47 - [MESSAGE][PASSED] - Text '' is set on object 'Object Repository/IWP30/Page_EmulatorAgencyX/Order'

24-10-2024T09:17:47 - [MESSAGE][PASSED] - Text '' is set on object 'Object Repository/IWP30/Page_EmulatorAgencyX/Company'

24-10-2024T09:17:48 - [MESSAGE][PASSED] - Text '' is set on object 'Object Repository/IWP30/Page_EmulatorAgencyX/Email'

24-10-2024T09:17:48 - [MESSAGE][PASSED] - Text '' is set on object 'Object Repository/IWP30/Page_EmulatorAgencyX/UDF1'

24-10-2024T09:17:49 - [MESSAGE][PASSED] - Text '' is set on object 'Object Repository/IWP30/Page_EmulatorAgencyX/UDF2'

24-10-2024T09:17:50 - [MESSAGE][PASSED] - Text '' is set on object 'Object Repository/IWP30/Page_EmulatorAgencyX/UDF3'

24-10-2024T09:17:50 - [MESSAGE][PASSED] - Text 'udf data 4' is set on object 'Object Repository/IWP30/Page_EmulatorAgencyX/UDF4'

24-10-2024T09:17:51 - [MESSAGE][PASSED] - Text 'udf data 5' is set on object 'Object Repository/IWP30/Page_EmulatorAgencyX/UDF5'

24-10-2024T09:17:51 - [MESSAGE][PASSED] - Text '' is set on object 'Object Repository/IWP30/Page_EmulatorAgencyX/UDF6'

24-10-2024T09:17:52 - [MESSAGE][PASSED] - Text '' is set on object 'Object Repository/IWP30/Page_EmulatorAgencyX/UDF7'

24-10-2024T09:17:53 - [MESSAGE][PASSED] - Text '' is set on object 'Object Repository/IWP30/Page_EmulatorAgencyX/UDF8'

24-10-2024T09:17:53 - [MESSAGE][PASSED] - Text 'udf data 9' is set on object 'Object Repository/IWP30/Page_EmulatorAgencyX/UDF9'

24-10-2024T09:17:54 - [MESSAGE][PASSED] - Text 'udf data 10' is set on object 'Object Repository/IWP30/Page_EmulatorAgencyX/UDF10'

24-10-2024T09:17:55 - [MESSAGE][PASSED] - Object: 'Object Repository/IWP30/Page_EmulatorAgencyX/Submit' is clicked on

24-10-2024T09:18:00 - [MESSAGE][PASSED] - Browser is closed

24-10-2024T09:18:04 - [MESSAGE][PASSED] - iwpPages.emulatorIWP30.setDataEmulator_DD is PASSED

24-10-2024T09:18:04 - [TEST_STEP][PASSED] - testHarnessURL = urlTestHarness: null

24-10-2024T09:18:04 - [TEST_STEP][PASSED] - openBrowser(testHarnessURL): Browser is opened with url: 'https://dev-algorithm.govolution.com/vrelaytest/QA2/version_2_2/vrelaytest.html'

24-10-2024T09:18:04 - [MESSAGE][INFO] - Starting 'Edge Chromium' driver

24-10-2024T09:18:04 - [MESSAGE][INFO] - User set preference: ['acceptInsecureCerts', 'true']

24-10-2024T09:18:06 - [MESSAGE][INFO] - Action delay is set to 0 milliseconds

24-10-2024T09:18:09 - [MESSAGE][PASSED] - Browser is opened with url: 'https://dev-algorithm.govolution.com/vrelaytest/QA2/version_2_2/vrelaytest.html'

24-10-2024T09:18:09 - [TEST_STEP][PASSED] - maximizeWindow(): Current window maximized

24-10-2024T09:18:10 - [MESSAGE][PASSED] - Current window maximized

24-10-2024T09:18:10 - [TEST_STEP][PASSED] - iwpPages.TestHarnessPage.setDataMethod(row, dataFile): iwpPages.TestHarnessPage.setDataMethod is PASSED

24-10-2024T09:18:10 - [MESSAGE][PASSED] - Object 'Object Repository/IWP30/Page_QATestHarness/RemittanceID' is present

24-10-2024T09:18:11 - [MESSAGE][PASSED] - Text '638' is set on object 'Object Repository/IWP30/Page_QATestHarness/ApplicationID'

24-10-2024T09:18:11 - [MESSAGE][PASSED] - Text '2.5' is set on object 'Object Repository/IWP30/Page_QATestHarness/MessageVersion'

24-10-2024T09:18:12 - [MESSAGE][PASSED] - Text 'BIjs7TpxEPE8' is set on object 'Object Repository/IWP30/Page_QATestHarness/RemittanceID'

24-10-2024T09:18:16 - [MESSAGE][PASSED] - Object: 'Object Repository/IWP30/Page_QATestHarness/SubmitButton' is clicked on

24-10-2024T09:18:16 - [MESSAGE][PASSED] - iwpPages.TestHarnessPage.setDataMethod is PASSED

24-10-2024T09:18:16 - [TEST_STEP][PASSED] - click(findTestObject("Object Repository/IWP30/Page_SelectPaymentMethod/PayByCorporateCheck")): Object: 'Object Repository/IWP30/Page_SelectPaymentMethod/PayByCorporateCheck' is clicked on

24-10-2024T09:18:16 - [MESSAGE][PASSED] - Object: 'Object Repository/IWP30/Page_SelectPaymentMethod/PayByCorporateCheck' is clicked on

24-10-2024T09:18:16 - [TEST_STEP][PASSED] - click(findTestObject("Object Repository/IWP30/Page_SelectPaymentMethod/MakePaymentButton")): Object: 'Object Repository/IWP30/Page_SelectPaymentMethod/MakePaymentButton' is clicked on

24-10-2024T09:18:19 - [MESSAGE][PASSED] - Object: 'Object Repository/IWP30/Page_SelectPaymentMethod/MakePaymentButton' is clicked on

24-10-2024T09:18:19 - [TEST_STEP][PASSED] - iwpPages.achCorporatePaymentEntryPage.setDataCorporate(row, dataFile): iwpPages.achCorporatePaymentEntryPage.setDataCorporate is PASSED

24-10-2024T09:18:20 - [MESSAGE][PASSED] - Object 'Object Repository/IWP30/Page_ACHCorporatePaymentEntry/txt_accountNumber' is present

24-10-2024T09:18:20 - [MESSAGE][PASSED] - Object 'Object Repository/IWP30/Page_ACHCorporatePaymentEntry/input_CompanyName' is present

24-10-2024T09:18:21 - [MESSAGE][PASSED] - Text 'My Company' is set on object 'Object Repository/IWP30/Page_ACHCorporatePaymentEntry/input_CompanyName'

24-10-2024T09:18:21 - [MESSAGE][PASSED] - Object 'Object Repository/IWP30/Page_ACHCorporatePaymentEntry/input_EIN' is present

24-10-2024T09:18:22 - [MESSAGE][PASSED] - Text '123456789' is set on object 'Object Repository/IWP30/Page_ACHCorporatePaymentEntry/input_EIN'

24-10-2024T09:18:22 - [MESSAGE][PASSED] - Text '1.50' is set on object 'Object Repository/IWP30/Page_ACHCorporatePaymentEntry/txt_Amount'

24-10-2024T09:18:23 - [MESSAGE][PASSED] - Text 'udf data 2' is set on object 'Object Repository/IWP30/Page_ACHCorporatePaymentEntry/txt_UDF2'

24-10-2024T09:18:23 - [MESSAGE][PASSED] - Text 'udf data 3' is set on object 'Object Repository/IWP30/Page_ACHCorporatePaymentEntry/txt_UDF3'

24-10-2024T09:18:24 - [MESSAGE][PASSED] - All options with label 'Orange' are selected in object 'Object Repository/IWP30/Page_ACHCorporatePaymentEntry/dd_UDF7' 

24-10-2024T09:18:25 - [MESSAGE][PASSED] - All options with label 'Soccer' are selected in object 'Object Repository/IWP30/Page_ACHCorporatePaymentEntry/dd_UDF8' 

24-10-2024T09:18:25 - [MESSAGE][PASSED] - Object 'Object Repository/IWP30/Page_ACHCorporatePaymentEntry/txt_routingNumber' is present

24-10-2024T09:18:25 - [MESSAGE][PASSED] - Text '256072691' is set on object 'Object Repository/IWP30/Page_ACHCorporatePaymentEntry/txt_routingNumber'

24-10-2024T09:18:26 - [MESSAGE][PASSED] - Object 'Object Repository/IWP30/Page_ACHCorporatePaymentEntry/txt_accountNumber' is present

24-10-2024T09:18:27 - [MESSAGE][PASSED] - Text '12344444' is set on object 'Object Repository/IWP30/Page_ACHCorporatePaymentEntry/txt_accountNumber'

24-10-2024T09:18:27 - [MESSAGE][PASSED] - Object 'Object Repository/IWP30/Page_ACHCorporatePaymentEntry/txt_confirmAccountNumber' is present

24-10-2024T09:18:28 - [MESSAGE][PASSED] - Text '12344444' is set on object 'Object Repository/IWP30/Page_ACHCorporatePaymentEntry/txt_confirmAccountNumber'

24-10-2024T09:18:29 - [MESSAGE][PASSED] - Text '365 Main Avenue' is set on object 'Object Repository/IWP30/Page_ACHCorporatePaymentEntry/txt_AL1'

24-10-2024T09:18:29 - [MESSAGE][PASSED] - Text '22201' is set on object 'Object Repository/IWP30/Page_ACHCorporatePaymentEntry/txt_ZIP'

24-10-2024T09:18:30 - [MESSAGE][PASSED] - Object 'Object Repository/IWP30/Page_ACHCorporatePaymentEntry/txt_Email' is present

24-10-2024T09:18:31 - [MESSAGE][PASSED] - Text 'iahmed@govolution.com' is set on object 'Object Repository/IWP30/Page_ACHCorporatePaymentEntry/txt_Email'

24-10-2024T09:18:31 - [MESSAGE][PASSED] - Object 'Object Repository/IWP30/Page_ACHCorporatePaymentEntry/cb_TermsAndCond' is present

24-10-2024T09:18:32 - [MESSAGE][PASSED] - Object: 'Object Repository/IWP30/Page_ACHCorporatePaymentEntry/cb_TermsAndCond' is clicked on

24-10-2024T09:18:32 - [MESSAGE][PASSED] - Object 'Object Repository/IWP30/Page_ACHCorporatePaymentEntry/btn_Continue' is present

24-10-2024T09:18:34 - [MESSAGE][PASSED] - Object: 'Object Repository/IWP30/Page_ACHCorporatePaymentEntry/btn_Continue' is clicked on

24-10-2024T09:18:34 - [MESSAGE][PASSED] - iwpPages.achCorporatePaymentEntryPage.setDataCorporate is PASSED

24-10-2024T09:18:34 - [TEST_STEP][PASSED] - Thread.sleep(10000): null

24-10-2024T09:18:44 - [TEST_STEP][PASSED] - if (verifyTextPresent("Amount is less than minimum", false)): null

24-10-2024T09:18:45 - [MESSAGE][PASSED] - Text 'Amount is less than minimum' is present on page 

24-10-2024T09:18:45 - [TEST_STEP][PASSED] - println("Min Amount Error message shown"): null

24-10-2024T09:18:45 - [TEST_STEP][PASSED] - markPassed("Min Amount Error message shown"): Min Amount Error message shown

24-10-2024T09:18:45 - [MESSAGE][PASSED] - Min Amount Error message shown

24-10-2024T09:18:45 - [TEST_STEP][PASSED] - resText = "Pass": null

24-10-2024T09:18:45 - [TEST_STEP][ERROR] - pages.WriteExcel.demoKey(resText, datText, resColumn, datCloumn, fileLoc, nameSheet, row): Test Cases/IntegratedWeb/IWP25/Error/MinAmountErrorCorp FAILED.
Reason:
com.kms.katalon.core.exception.StepErrorException: org.codehaus.groovy.runtime.InvokerInvocationException: java.io.FileNotFoundException: KatalonData\IWPTestData\VRelay25Payments.xlsx (The process cannot access the file because it is being used by another process)
	at com.kms.katalon.core.main.CustomKeywordDelegatingMetaClass.throwError(CustomKeywordDelegatingMetaClass.java:101)
	at com.kms.katalon.core.main.CustomKeywordDelegatingMetaClass.invokeStaticMethod(CustomKeywordDelegatingMetaClass.java:73)
	at MinAmountErrorCorp.run(MinAmountErrorCorp:91)
	at com.kms.katalon.core.main.ScriptEngine.run(ScriptEngine.java:194)
	at com.kms.katalon.core.main.ScriptEngine.runScriptAsRawText(ScriptEngine.java:119)
	at com.kms.katalon.core.main.TestCaseExecutor.runScript(TestCaseExecutor.java:448)
	at com.kms.katalon.core.main.TestCaseExecutor.doExecute(TestCaseExecutor.java:439)
	at com.kms.katalon.core.main.TestCaseExecutor.processExecutionPhase(TestCaseExecutor.java:418)
	at com.kms.katalon.core.main.TestCaseExecutor.accessMainPhase(TestCaseExecutor.java:410)
	at com.kms.katalon.core.main.TestCaseExecutor.execute(TestCaseExecutor.java:285)
	at com.kms.katalon.core.common.CommonExecutor.accessTestCaseMainPhase(CommonExecutor.java:65)
	at com.kms.katalon.core.main.TestSuiteExecutor.accessTestSuiteMainPhase(TestSuiteExecutor.java:150)
	at com.kms.katalon.core.main.TestSuiteExecutor.execute(TestSuiteExecutor.java:106)
	at com.kms.katalon.core.main.TestCaseMain.startTestSuite(TestCaseMain.java:180)
	at TempTestSuite1729731001385.run(TempTestSuite1729731001385.groovy:35)
	at java.base/jdk.internal.reflect.NativeMethodAccessorImpl.invoke0(Native Method)
	at java.base/jdk.internal.reflect.NativeMethodAccessorImpl.invoke(NativeMethodAccessorImpl.java:77)
	at java.base/jdk.internal.reflect.DelegatingMethodAccessorImpl.invoke(DelegatingMethodAccessorImpl.java:43)
Caused by: org.codehaus.groovy.runtime.InvokerInvocationException: java.io.FileNotFoundException: KatalonData\IWPTestData\VRelay25Payments.xlsx (The process cannot access the file because it is being used by another process)
	at com.kms.katalon.core.main.CustomKeywordDelegatingMetaClass.invokeStaticMethod(CustomKeywordDelegatingMetaClass.java:55)
	at Script1724093211784.run(Script1724093211784.groovy:91)
	... 15 more
Caused by: java.io.FileNotFoundException: KatalonData\IWPTestData\VRelay25Payments.xlsx (The process cannot access the file because it is being used by another process)
	at pages.WriteExcel.demoKey(WriteExcel.groovy:93)
	at jdk.internal.reflect.GeneratedMethodAccessor43.invoke(Unknown Source)
	at java.base/jdk.internal.reflect.DelegatingMethodAccessorImpl.invoke(DelegatingMethodAccessorImpl.java:43)
	at com.kms.katalon.core.main.CustomKeywordDelegatingMetaClass.invokeStaticMethod(CustomKeywordDelegatingMetaClass.java:55)
	at MinAmountErrorCorp.run(MinAmountErrorCorp:91)
	... 15 more


24-10-2024T09:18:45 - [MESSAGE][ERROR] - java.io.FileNotFoundException: KatalonData\IWPTestData\VRelay25Payments.xlsx (The process cannot access the file because it is being used by another process)

24-10-2024T09:18:45 - [MESSAGE][ERROR] - Test Cases/IntegratedWeb/IWP25/Error/MinAmountErrorCorp FAILED.
Reason:
com.kms.katalon.core.exception.StepErrorException: org.codehaus.groovy.runtime.InvokerInvocationException: java.io.FileNotFoundException: KatalonData\IWPTestData\VRelay25Payments.xlsx (The process cannot access the file because it is being used by another process)
	at com.kms.katalon.core.main.CustomKeywordDelegatingMetaClass.throwError(CustomKeywordDelegatingMetaClass.java:101)
	at com.kms.katalon.core.main.CustomKeywordDelegatingMetaClass.invokeStaticMethod(CustomKeywordDelegatingMetaClass.java:73)
	at MinAmountErrorCorp.run(MinAmountErrorCorp:91)
	at com.kms.katalon.core.main.ScriptEngine.run(ScriptEngine.java:194)
	at com.kms.katalon.core.main.ScriptEngine.runScriptAsRawText(ScriptEngine.java:119)
	at com.kms.katalon.core.main.TestCaseExecutor.runScript(TestCaseExecutor.java:448)
	at com.kms.katalon.core.main.TestCaseExecutor.doExecute(TestCaseExecutor.java:439)
	at com.kms.katalon.core.main.TestCaseExecutor.processExecutionPhase(TestCaseExecutor.java:418)
	at com.kms.katalon.core.main.TestCaseExecutor.accessMainPhase(TestCaseExecutor.java:410)
	at com.kms.katalon.core.main.TestCaseExecutor.execute(TestCaseExecutor.java:285)
	at com.kms.katalon.core.common.CommonExecutor.accessTestCaseMainPhase(CommonExecutor.java:65)
	at com.kms.katalon.core.main.TestSuiteExecutor.accessTestSuiteMainPhase(TestSuiteExecutor.java:150)
	at com.kms.katalon.core.main.TestSuiteExecutor.execute(TestSuiteExecutor.java:106)
	at com.kms.katalon.core.main.TestCaseMain.startTestSuite(TestCaseMain.java:180)
	at TempTestSuite1729731001385.run(TempTestSuite1729731001385.groovy:35)
	at java.base/jdk.internal.reflect.NativeMethodAccessorImpl.invoke0(Native Method)
	at java.base/jdk.internal.reflect.NativeMethodAccessorImpl.invoke(NativeMethodAccessorImpl.java:77)
	at java.base/jdk.internal.reflect.DelegatingMethodAccessorImpl.invoke(DelegatingMethodAccessorImpl.java:43)
Caused by: org.codehaus.groovy.runtime.InvokerInvocationException: java.io.FileNotFoundException: KatalonData\IWPTestData\VRelay25Payments.xlsx (The process cannot access the file because it is being used by another process)
	at com.kms.katalon.core.main.CustomKeywordDelegatingMetaClass.invokeStaticMethod(CustomKeywordDelegatingMetaClass.java:55)
	at Script1724093211784.run(Script1724093211784.groovy:91)
	... 15 more
Caused by: java.io.FileNotFoundException: KatalonData\IWPTestData\VRelay25Payments.xlsx (The process cannot access the file because it is being used by another process)
	at pages.WriteExcel.demoKey(WriteExcel.groovy:93)
	at jdk.internal.reflect.GeneratedMethodAccessor43.invoke(Unknown Source)
	at java.base/jdk.internal.reflect.DelegatingMethodAccessorImpl.invoke(DelegatingMethodAccessorImpl.java:43)
	at com.kms.katalon.core.main.CustomKeywordDelegatingMetaClass.invokeStaticMethod(CustomKeywordDelegatingMetaClass.java:55)
	at MinAmountErrorCorp.run(MinAmountErrorCorp:91)
	... 15 more]]></system-out>
         <system-err><![CDATA[24-10-2024T09:17:00 - [TEST_CASE][ERROR] - Test Cases/IntegratedWeb/IWP25/Error/MinAmountErrorCorp: Test Cases/IntegratedWeb/IWP25/Error/MinAmountErrorCorp FAILED.
Reason:
org.codehaus.groovy.runtime.InvokerInvocationException: java.io.FileNotFoundException: KatalonData\IWPTestData\VRelay25Payments.xlsx (The process cannot access the file because it is being used by another process)
	at com.kms.katalon.core.main.CustomKeywordDelegatingMetaClass.invokeStaticMethod(CustomKeywordDelegatingMetaClass.java:55)
	at MinAmountErrorCorp.run(MinAmountErrorCorp:91)
	at com.kms.katalon.core.main.ScriptEngine.run(ScriptEngine.java:194)
	at com.kms.katalon.core.main.ScriptEngine.runScriptAsRawText(ScriptEngine.java:119)
	at com.kms.katalon.core.main.TestCaseExecutor.runScript(TestCaseExecutor.java:448)
	at com.kms.katalon.core.main.TestCaseExecutor.doExecute(TestCaseExecutor.java:439)
	at com.kms.katalon.core.main.TestCaseExecutor.processExecutionPhase(TestCaseExecutor.java:418)
	at com.kms.katalon.core.main.TestCaseExecutor.accessMainPhase(TestCaseExecutor.java:410)
	at com.kms.katalon.core.main.TestCaseExecutor.execute(TestCaseExecutor.java:285)
	at com.kms.katalon.core.common.CommonExecutor.accessTestCaseMainPhase(CommonExecutor.java:65)
	at com.kms.katalon.core.main.TestSuiteExecutor.accessTestSuiteMainPhase(TestSuiteExecutor.java:150)
	at com.kms.katalon.core.main.TestSuiteExecutor.execute(TestSuiteExecutor.java:106)
	at com.kms.katalon.core.main.TestCaseMain.startTestSuite(TestCaseMain.java:180)
	at TempTestSuite1729731001385.run(TempTestSuite1729731001385.groovy:35)
	at java.base/jdk.internal.reflect.NativeMethodAccessorImpl.invoke0(Native Method)
	at java.base/jdk.internal.reflect.NativeMethodAccessorImpl.invoke(NativeMethodAccessorImpl.java:77)
	at java.base/jdk.internal.reflect.DelegatingMethodAccessorImpl.invoke(DelegatingMethodAccessorImpl.java:43)
Caused by: java.io.FileNotFoundException: KatalonData\IWPTestData\VRelay25Payments.xlsx (The process cannot access the file because it is being used by another process)
	at pages.WriteExcel.demoKey(WriteExcel.groovy:93)
	at jdk.internal.reflect.GeneratedMethodAccessor43.invoke(Unknown Source)
	at java.base/jdk.internal.reflect.DelegatingMethodAccessorImpl.invoke(DelegatingMethodAccessorImpl.java:43)
	... 17 more]]></system-err>
      </testcase>
      <testcase name="Test Cases/IntegratedWeb/IWP25/Error/MinAmountErrorPC" time="107.955" classname="Test Cases/IntegratedWeb/IWP25/Error/MinAmountErrorPC" status="ERROR">
         <error type="ERROR" message="Test Cases/IntegratedWeb/IWP25/Error/MinAmountErrorPC FAILED.&#xa;Reason:&#xa;org.codehaus.groovy.runtime.InvokerInvocationException: java.io.FileNotFoundException: KatalonData\IWPTestData\VRelay25Payments.xlsx (The process cannot access the file because it is being used by another process)&#xa;	at com.kms.katalon.core.main.CustomKeywordDelegatingMetaClass.invokeStaticMethod(CustomKeywordDelegatingMetaClass.java:55)&#xa;	at MinAmountErrorPC.run(MinAmountErrorPC:91)&#xa;	at com.kms.katalon.core.main.ScriptEngine.run(ScriptEngine.java:194)&#xa;	at com.kms.katalon.core.main.ScriptEngine.runScriptAsRawText(ScriptEngine.java:119)&#xa;	at com.kms.katalon.core.main.TestCaseExecutor.runScript(TestCaseExecutor.java:448)&#xa;	at com.kms.katalon.core.main.TestCaseExecutor.doExecute(TestCaseExecutor.java:439)&#xa;	at com.kms.katalon.core.main.TestCaseExecutor.processExecutionPhase(TestCaseExecutor.java:418)&#xa;	at com.kms.katalon.core.main.TestCaseExecutor.accessMainPhase(TestCaseExecutor.java:410)&#xa;	at com.kms.katalon.core.main.TestCaseExecutor.execute(TestCaseExecutor.java:285)&#xa;	at com.kms.katalon.core.common.CommonExecutor.accessTestCaseMainPhase(CommonExecutor.java:65)&#xa;	at com.kms.katalon.core.main.TestSuiteExecutor.accessTestSuiteMainPhase(TestSuiteExecutor.java:150)&#xa;	at com.kms.katalon.core.main.TestSuiteExecutor.execute(TestSuiteExecutor.java:106)&#xa;	at com.kms.katalon.core.main.TestCaseMain.startTestSuite(TestCaseMain.java:180)&#xa;	at TempTestSuite1729731001385.run(TempTestSuite1729731001385.groovy:35)&#xa;	at java.base/jdk.internal.reflect.NativeMethodAccessorImpl.invoke0(Native Method)&#xa;	at java.base/jdk.internal.reflect.NativeMethodAccessorImpl.invoke(NativeMethodAccessorImpl.java:77)&#xa;	at java.base/jdk.internal.reflect.DelegatingMethodAccessorImpl.invoke(DelegatingMethodAccessorImpl.java:43)&#xa;Caused by: java.io.FileNotFoundException: KatalonData\IWPTestData\VRelay25Payments.xlsx (The process cannot access the file because it is being used by another process)&#xa;	at pages.WriteExcel.demoKey(WriteExcel.groovy:93)&#xa;	at jdk.internal.reflect.GeneratedMethodAccessor43.invoke(Unknown Source)&#xa;	at java.base/jdk.internal.reflect.DelegatingMethodAccessorImpl.invoke(DelegatingMethodAccessorImpl.java:43)&#xa;	... 17 more&#xa;"/>
         <system-out><![CDATA[24-10-2024T09:18:45 - [TEST_CASE][ERROR] - Test Cases/IntegratedWeb/IWP25/Error/MinAmountErrorPC: Test Cases/IntegratedWeb/IWP25/Error/MinAmountErrorPC FAILED.
Reason:
org.codehaus.groovy.runtime.InvokerInvocationException: java.io.FileNotFoundException: KatalonData\IWPTestData\VRelay25Payments.xlsx (The process cannot access the file because it is being used by another process)
	at com.kms.katalon.core.main.CustomKeywordDelegatingMetaClass.invokeStaticMethod(CustomKeywordDelegatingMetaClass.java:55)
	at MinAmountErrorPC.run(MinAmountErrorPC:91)
	at com.kms.katalon.core.main.ScriptEngine.run(ScriptEngine.java:194)
	at com.kms.katalon.core.main.ScriptEngine.runScriptAsRawText(ScriptEngine.java:119)
	at com.kms.katalon.core.main.TestCaseExecutor.runScript(TestCaseExecutor.java:448)
	at com.kms.katalon.core.main.TestCaseExecutor.doExecute(TestCaseExecutor.java:439)
	at com.kms.katalon.core.main.TestCaseExecutor.processExecutionPhase(TestCaseExecutor.java:418)
	at com.kms.katalon.core.main.TestCaseExecutor.accessMainPhase(TestCaseExecutor.java:410)
	at com.kms.katalon.core.main.TestCaseExecutor.execute(TestCaseExecutor.java:285)
	at com.kms.katalon.core.common.CommonExecutor.accessTestCaseMainPhase(CommonExecutor.java:65)
	at com.kms.katalon.core.main.TestSuiteExecutor.accessTestSuiteMainPhase(TestSuiteExecutor.java:150)
	at com.kms.katalon.core.main.TestSuiteExecutor.execute(TestSuiteExecutor.java:106)
	at com.kms.katalon.core.main.TestCaseMain.startTestSuite(TestCaseMain.java:180)
	at TempTestSuite1729731001385.run(TempTestSuite1729731001385.groovy:35)
	at java.base/jdk.internal.reflect.NativeMethodAccessorImpl.invoke0(Native Method)
	at java.base/jdk.internal.reflect.NativeMethodAccessorImpl.invoke(NativeMethodAccessorImpl.java:77)
	at java.base/jdk.internal.reflect.DelegatingMethodAccessorImpl.invoke(DelegatingMethodAccessorImpl.java:43)
Caused by: java.io.FileNotFoundException: KatalonData\IWPTestData\VRelay25Payments.xlsx (The process cannot access the file because it is being used by another process)
	at pages.WriteExcel.demoKey(WriteExcel.groovy:93)
	at jdk.internal.reflect.GeneratedMethodAccessor43.invoke(Unknown Source)
	at java.base/jdk.internal.reflect.DelegatingMethodAccessorImpl.invoke(DelegatingMethodAccessorImpl.java:43)
	... 17 more


24-10-2024T09:18:45 - [TEST_STEP][PASSED] - resText = "Fail": null

24-10-2024T09:18:45 - [TEST_STEP][PASSED] - resColumn = "Result": null

24-10-2024T09:18:45 - [TEST_STEP][PASSED] - datCloumn = "Date": null

24-10-2024T09:18:45 - [TEST_STEP][PASSED] - fileLoc = "KatalonData/IWPTestData/VRelay25Payments.xlsx": null

24-10-2024T09:18:45 - [TEST_STEP][PASSED] - numOfRows = <not implemented yet for class: org.codehaus.groovy.ast.expr.EmptyExpression>: null

24-10-2024T09:18:45 - [TEST_STEP][PASSED] - dataFile = <not implemented yet for class: org.codehaus.groovy.ast.expr.EmptyExpression>: null

24-10-2024T09:18:45 - [TEST_STEP][PASSED] - nameSheet = <not implemented yet for class: org.codehaus.groovy.ast.expr.EmptyExpression>: null

24-10-2024T09:18:45 - [TEST_STEP][PASSED] - dataFileEmulator = <not implemented yet for class: org.codehaus.groovy.ast.expr.EmptyExpression>: null

24-10-2024T09:18:45 - [TEST_STEP][PASSED] - nameSheet = "MinAmountErrorPC": null

24-10-2024T09:18:45 - [TEST_STEP][PASSED] - dataFile = "IWPTestData/IWP25MinAmountErrorPC": null

24-10-2024T09:18:45 - [TEST_STEP][PASSED] - dataFileEmulator = "IWPTestData/EmulatorData": null

24-10-2024T09:18:45 - [TEST_STEP][PASSED] - numOfRows = findTestData(dataFile).getRowNumbers(): null

24-10-2024T09:18:45 - [TEST_STEP][PASSED] - println("Number of Records: " + numOfRows): null

24-10-2024T09:18:45 - [TEST_STEP][PASSED] - for ([row = 1, row <= numOfRows, (row++)]): null

24-10-2024T09:18:45 - [TEST_STEP][PASSED] - ExecuteTC = findTestData(dataFile).getValue("Execute", row): null

24-10-2024T09:18:45 - [TEST_STEP][PASSED] - out.println("Value of Execute is : " + ExecuteTC): null

24-10-2024T09:18:45 - [TEST_STEP][PASSED] - if (ExecuteTC.equalsIgnoreCase("Y")): null

24-10-2024T09:18:45 - [TEST_STEP][PASSED] - out.println("Begin Record Number: " + row): null

24-10-2024T09:18:45 - [TEST_STEP][PASSED] - today = new java.util.Date(): null

24-10-2024T09:18:45 - [TEST_STEP][PASSED] - println(today): null

24-10-2024T09:18:45 - [TEST_STEP][PASSED] - datText = today: null

24-10-2024T09:18:45 - [TEST_STEP][PASSED] - EmulatorDataKey = findTestData(dataFile).getValue("EmulatorData", row): null

24-10-2024T09:18:45 - [TEST_STEP][PASSED] - out.println("Value of Emulator Key is : " + EmulatorDataKey): null

24-10-2024T09:18:45 - [TEST_STEP][PASSED] - iwpPages.emulatorIWP30.setDataEmulator_DD(EmulatorDataKey): iwpPages.emulatorIWP30.setDataEmulator_DD is PASSED

24-10-2024T09:18:46 - [MESSAGE][WARNING] - A browser is already opened. Closing browser and opening a new one

24-10-2024T09:18:46 - [MESSAGE][INFO] - Starting 'Edge Chromium' driver

24-10-2024T09:18:46 - [MESSAGE][INFO] - User set preference: ['acceptInsecureCerts', 'true']

24-10-2024T09:18:48 - [MESSAGE][INFO] - Action delay is set to 0 milliseconds

24-10-2024T09:18:53 - [MESSAGE][PASSED] - Browser is opened with url: 'https://qa2.velocitypayment.com/agencyx/config.action?action=editor&message_version=2_5'

24-10-2024T09:18:53 - [MESSAGE][PASSED] - Current window maximized

24-10-2024T09:19:24 - [MESSAGE][INFO] - Unable to find the element located by 'By.xpath: //select[@name='message_version']'. Please recheck the objects properties to make sure the desired element is located. 

24-10-2024T09:19:24 - [MESSAGE][WARNING] - [SELF-HEALING] Failed to find element with id 'Object Repository/IWP30/Page_VRelay30Emulator/MV'. Try using Self-healing.

24-10-2024T09:19:24 - [MESSAGE][WARNING] - [SELF-HEALING] The current locator of test object 'Object Repository/IWP30/Page_VRelay30Emulator/MV' was broken. Propose an alternative one: '(.//*[normalize-space(text()) and normalize-space(.)='Message Version'])[1]/following::select[1]'.

24-10-2024T09:19:25 - [MESSAGE][PASSED] - All options with value '2.5' are selected in object 'Object Repository/IWP30/Page_VRelay30Emulator/MV'  using regular expression

24-10-2024T09:19:26 - [MESSAGE][PASSED] - Text '10.50' is set on object 'Object Repository/IWP30/Page_EmulatorAgencyX/Amount'

24-10-2024T09:19:26 - [MESSAGE][PASSED] - Text '6kOrLcFOOyq4' is set on object 'Object Repository/IWP30/Page_EmulatorAgencyX/CAN'

24-10-2024T09:19:27 - [MESSAGE][PASSED] - Text 'PayNow' is set on object 'Object Repository/IWP30/Page_EmulatorAgencyX/Action'

24-10-2024T09:19:28 - [MESSAGE][PASSED] - Text 'en_US' is set on object 'Object Repository/IWP30/Page_EmulatorAgencyX/Lang'

24-10-2024T09:19:28 - [MESSAGE][PASSED] - Text '' is set on object 'Object Repository/IWP30/Page_EmulatorAgencyX/Fname'

24-10-2024T09:19:29 - [MESSAGE][PASSED] - Text '' is set on object 'Object Repository/IWP30/Page_EmulatorAgencyX/Lname'

24-10-2024T09:19:30 - [MESSAGE][PASSED] - Text '' is set on object 'Object Repository/IWP30/Page_EmulatorAgencyX/AL1'

24-10-2024T09:19:30 - [MESSAGE][PASSED] - Text '' is set on object 'Object Repository/IWP30/Page_EmulatorAgencyX/AL2'

24-10-2024T09:19:31 - [MESSAGE][PASSED] - Text '' is set on object 'Object Repository/IWP30/Page_EmulatorAgencyX/Country'

24-10-2024T09:19:31 - [MESSAGE][PASSED] - Text '' is set on object 'Object Repository/IWP30/Page_EmulatorAgencyX/City'

24-10-2024T09:19:32 - [MESSAGE][PASSED] - Text '' is set on object 'Object Repository/IWP30/Page_EmulatorAgencyX/State'

24-10-2024T09:19:33 - [MESSAGE][PASSED] - Text '' is set on object 'Object Repository/IWP30/Page_EmulatorAgencyX/ZIP'

24-10-2024T09:19:33 - [MESSAGE][PASSED] - Text '' is set on object 'Object Repository/IWP30/Page_EmulatorAgencyX/Order'

24-10-2024T09:19:34 - [MESSAGE][PASSED] - Text '' is set on object 'Object Repository/IWP30/Page_EmulatorAgencyX/Company'

24-10-2024T09:19:34 - [MESSAGE][PASSED] - Text '' is set on object 'Object Repository/IWP30/Page_EmulatorAgencyX/Email'

24-10-2024T09:19:35 - [MESSAGE][PASSED] - Text '' is set on object 'Object Repository/IWP30/Page_EmulatorAgencyX/UDF1'

24-10-2024T09:19:35 - [MESSAGE][PASSED] - Text '' is set on object 'Object Repository/IWP30/Page_EmulatorAgencyX/UDF2'

24-10-2024T09:19:36 - [MESSAGE][PASSED] - Text '' is set on object 'Object Repository/IWP30/Page_EmulatorAgencyX/UDF3'

24-10-2024T09:19:37 - [MESSAGE][PASSED] - Text 'udf data 4' is set on object 'Object Repository/IWP30/Page_EmulatorAgencyX/UDF4'

24-10-2024T09:19:37 - [MESSAGE][PASSED] - Text 'udf data 5' is set on object 'Object Repository/IWP30/Page_EmulatorAgencyX/UDF5'

24-10-2024T09:19:38 - [MESSAGE][PASSED] - Text '' is set on object 'Object Repository/IWP30/Page_EmulatorAgencyX/UDF6'

24-10-2024T09:19:38 - [MESSAGE][PASSED] - Text '' is set on object 'Object Repository/IWP30/Page_EmulatorAgencyX/UDF7'

24-10-2024T09:19:39 - [MESSAGE][PASSED] - Text '' is set on object 'Object Repository/IWP30/Page_EmulatorAgencyX/UDF8'

24-10-2024T09:19:40 - [MESSAGE][PASSED] - Text 'udf data 9' is set on object 'Object Repository/IWP30/Page_EmulatorAgencyX/UDF9'

24-10-2024T09:19:40 - [MESSAGE][PASSED] - Text 'udf data 10' is set on object 'Object Repository/IWP30/Page_EmulatorAgencyX/UDF10'

24-10-2024T09:19:42 - [MESSAGE][PASSED] - Object: 'Object Repository/IWP30/Page_EmulatorAgencyX/Submit' is clicked on

24-10-2024T09:19:46 - [MESSAGE][PASSED] - Browser is closed

24-10-2024T09:19:50 - [MESSAGE][PASSED] - iwpPages.emulatorIWP30.setDataEmulator_DD is PASSED

24-10-2024T09:19:50 - [TEST_STEP][PASSED] - testHarnessURL = urlTestHarness: null

24-10-2024T09:19:50 - [TEST_STEP][PASSED] - openBrowser(testHarnessURL): Browser is opened with url: 'https://dev-algorithm.govolution.com/vrelaytest/QA2/version_2_2/vrelaytest.html'

24-10-2024T09:19:50 - [MESSAGE][INFO] - Starting 'Edge Chromium' driver

24-10-2024T09:19:50 - [MESSAGE][INFO] - User set preference: ['acceptInsecureCerts', 'true']

24-10-2024T09:19:52 - [MESSAGE][INFO] - Action delay is set to 0 milliseconds

24-10-2024T09:19:56 - [MESSAGE][PASSED] - Browser is opened with url: 'https://dev-algorithm.govolution.com/vrelaytest/QA2/version_2_2/vrelaytest.html'

24-10-2024T09:19:56 - [TEST_STEP][PASSED] - maximizeWindow(): Current window maximized

24-10-2024T09:19:56 - [MESSAGE][PASSED] - Current window maximized

24-10-2024T09:19:56 - [TEST_STEP][PASSED] - iwpPages.TestHarnessPage.setDataMethod(row, dataFile): iwpPages.TestHarnessPage.setDataMethod is PASSED

24-10-2024T09:19:57 - [MESSAGE][PASSED] - Object 'Object Repository/IWP30/Page_QATestHarness/RemittanceID' is present

24-10-2024T09:19:57 - [MESSAGE][PASSED] - Text '638' is set on object 'Object Repository/IWP30/Page_QATestHarness/ApplicationID'

24-10-2024T09:19:58 - [MESSAGE][PASSED] - Text '2.5' is set on object 'Object Repository/IWP30/Page_QATestHarness/MessageVersion'

24-10-2024T09:19:59 - [MESSAGE][PASSED] - Text 'sZ5lSZzkr6YB' is set on object 'Object Repository/IWP30/Page_QATestHarness/RemittanceID'

24-10-2024T09:20:02 - [MESSAGE][PASSED] - Object: 'Object Repository/IWP30/Page_QATestHarness/SubmitButton' is clicked on

24-10-2024T09:20:02 - [MESSAGE][PASSED] - iwpPages.TestHarnessPage.setDataMethod is PASSED

24-10-2024T09:20:02 - [TEST_STEP][PASSED] - click(findTestObject("Object Repository/IWP30/Page_SelectPaymentMethod/PayByPersonalCheck")): Object: 'Object Repository/IWP30/Page_SelectPaymentMethod/PayByPersonalCheck' is clicked on

24-10-2024T09:20:03 - [MESSAGE][PASSED] - Object: 'Object Repository/IWP30/Page_SelectPaymentMethod/PayByPersonalCheck' is clicked on

24-10-2024T09:20:03 - [TEST_STEP][PASSED] - click(findTestObject("Object Repository/IWP30/Page_SelectPaymentMethod/MakePaymentButton")): Object: 'Object Repository/IWP30/Page_SelectPaymentMethod/MakePaymentButton' is clicked on

24-10-2024T09:20:06 - [MESSAGE][PASSED] - Object: 'Object Repository/IWP30/Page_SelectPaymentMethod/MakePaymentButton' is clicked on

24-10-2024T09:20:06 - [TEST_STEP][PASSED] - iwpPages.achPersonalPaymentEntryPage.setDataACHPPM(row, dataFile): iwpPages.achPersonalPaymentEntryPage.setDataACHPPM is PASSED

24-10-2024T09:20:07 - [MESSAGE][PASSED] - Object 'Object Repository/IWP30/Page_ACHPersonalPaymentEntry/txt_accountNumber' is present

24-10-2024T09:20:08 - [MESSAGE][PASSED] - Text '1.50' is set on object 'Object Repository/IWP30/Page_ACHPersonalPaymentEntry/txt_Amount'

24-10-2024T09:20:08 - [MESSAGE][PASSED] - Object 'Object Repository/IWP30/Page_ACHPersonalPaymentEntry/txt_UDF2' is present

24-10-2024T09:20:09 - [MESSAGE][PASSED] - Text 'udf data 2' is set on object 'Object Repository/IWP30/Page_ACHPersonalPaymentEntry/txt_UDF2'

24-10-2024T09:20:09 - [MESSAGE][PASSED] - Text 'udf data 3' is set on object 'Object Repository/IWP30/Page_ACHPersonalPaymentEntry/txt_UDF3'

24-10-2024T09:20:10 - [MESSAGE][PASSED] - All options with label 'Orange' are selected in object 'Object Repository/IWP30/Page_ACHPersonalPaymentEntry/dd_UDF7' 

24-10-2024T09:20:10 - [MESSAGE][PASSED] - All options with label 'Soccer' are selected in object 'Object Repository/IWP30/Page_ACHPersonalPaymentEntry/dd_UDF8' 

24-10-2024T09:20:11 - [MESSAGE][PASSED] - Object 'Object Repository/IWP30/Page_ACHPersonalPaymentEntry/txt_Firstname' is present

24-10-2024T09:20:11 - [MESSAGE][PASSED] - Text 'Elizath' is set on object 'Object Repository/IWP30/Page_ACHPersonalPaymentEntry/txt_Firstname'

24-10-2024T09:20:12 - [MESSAGE][PASSED] - Object 'Object Repository/IWP30/Page_ACHPersonalPaymentEntry/txt_Lastname' is present

24-10-2024T09:20:12 - [MESSAGE][PASSED] - Text 'Christine' is set on object 'Object Repository/IWP30/Page_ACHPersonalPaymentEntry/txt_Lastname'

24-10-2024T09:20:12 - [MESSAGE][PASSED] - Object 'Object Repository/IWP30/Page_ACHPersonalPaymentEntry/txt_routingNumber' is present

24-10-2024T09:20:13 - [MESSAGE][PASSED] - Text '256072691' is set on object 'Object Repository/IWP30/Page_ACHPersonalPaymentEntry/txt_routingNumber'

24-10-2024T09:20:13 - [MESSAGE][PASSED] - Object 'Object Repository/IWP30/Page_ACHPersonalPaymentEntry/txt_accountNumber' is present

24-10-2024T09:20:15 - [MESSAGE][PASSED] - Text '12344444' is set on object 'Object Repository/IWP30/Page_ACHPersonalPaymentEntry/txt_accountNumber'

24-10-2024T09:20:15 - [MESSAGE][PASSED] - Object 'Object Repository/IWP30/Page_ACHPersonalPaymentEntry/txt_confirmAccountNumber' is present

24-10-2024T09:20:16 - [MESSAGE][PASSED] - Text '12344444' is set on object 'Object Repository/IWP30/Page_ACHPersonalPaymentEntry/txt_confirmAccountNumber'

24-10-2024T09:20:16 - [MESSAGE][PASSED] - Object 'Object Repository/IWP30/Page_ACHPersonalPaymentEntry/rd_accountType' is present

24-10-2024T09:20:16 - [MESSAGE][PASSED] - Modify property of object successfully

24-10-2024T09:20:16 - [MESSAGE][PASSED] - Object: 'Object Repository/IWP30/Page_ACHPersonalPaymentEntry/rd_accountType' is clicked on

24-10-2024T09:20:17 - [MESSAGE][PASSED] - Text '365 Main Avenue' is set on object 'Object Repository/IWP30/Page_ACHPersonalPaymentEntry/txt_AL1'

24-10-2024T09:20:18 - [MESSAGE][PASSED] - Text '22201' is set on object 'Object Repository/IWP30/Page_ACHPersonalPaymentEntry/txt_ZIP'

24-10-2024T09:20:18 - [MESSAGE][PASSED] - Object 'Object Repository/IWP30/Page_ACHPersonalPaymentEntry/txt_Email' is present

24-10-2024T09:20:19 - [MESSAGE][PASSED] - Text 'iahmed@govolution.com' is set on object 'Object Repository/IWP30/Page_ACHPersonalPaymentEntry/txt_Email'

24-10-2024T09:20:19 - [MESSAGE][PASSED] - Object 'Object Repository/IWP30/Page_ACHPersonalPaymentEntry/cb_TermsAndCond' is present

24-10-2024T09:20:20 - [MESSAGE][PASSED] - Object: 'Object Repository/IWP30/Page_ACHPersonalPaymentEntry/cb_TermsAndCond' is clicked on

24-10-2024T09:20:20 - [MESSAGE][PASSED] - Object 'Object Repository/IWP30/Page_ACHPersonalPaymentEntry/btn_Continue' is present

24-10-2024T09:20:22 - [MESSAGE][PASSED] - Object: 'Object Repository/IWP30/Page_ACHPersonalPaymentEntry/btn_Continue' is clicked on

24-10-2024T09:20:22 - [MESSAGE][PASSED] - iwpPages.achPersonalPaymentEntryPage.setDataACHPPM is PASSED

24-10-2024T09:20:22 - [TEST_STEP][PASSED] - Thread.sleep(10000): null

24-10-2024T09:20:32 - [TEST_STEP][PASSED] - if (verifyTextPresent("Amount is less than minimum", false)): null

24-10-2024T09:20:33 - [MESSAGE][PASSED] - Text 'Amount is less than minimum' is present on page 

24-10-2024T09:20:33 - [TEST_STEP][PASSED] - println("Min Amount Error message shown"): null

24-10-2024T09:20:33 - [TEST_STEP][PASSED] - markPassed("Min Amount Error message shown"): Min Amount Error message shown

24-10-2024T09:20:33 - [MESSAGE][PASSED] - Min Amount Error message shown

24-10-2024T09:20:33 - [TEST_STEP][PASSED] - resText = "Pass": null

24-10-2024T09:20:33 - [TEST_STEP][ERROR] - pages.WriteExcel.demoKey(resText, datText, resColumn, datCloumn, fileLoc, nameSheet, row): Test Cases/IntegratedWeb/IWP25/Error/MinAmountErrorPC FAILED.
Reason:
com.kms.katalon.core.exception.StepErrorException: org.codehaus.groovy.runtime.InvokerInvocationException: java.io.FileNotFoundException: KatalonData\IWPTestData\VRelay25Payments.xlsx (The process cannot access the file because it is being used by another process)
	at com.kms.katalon.core.main.CustomKeywordDelegatingMetaClass.throwError(CustomKeywordDelegatingMetaClass.java:101)
	at com.kms.katalon.core.main.CustomKeywordDelegatingMetaClass.invokeStaticMethod(CustomKeywordDelegatingMetaClass.java:73)
	at MinAmountErrorPC.run(MinAmountErrorPC:91)
	at com.kms.katalon.core.main.ScriptEngine.run(ScriptEngine.java:194)
	at com.kms.katalon.core.main.ScriptEngine.runScriptAsRawText(ScriptEngine.java:119)
	at com.kms.katalon.core.main.TestCaseExecutor.runScript(TestCaseExecutor.java:448)
	at com.kms.katalon.core.main.TestCaseExecutor.doExecute(TestCaseExecutor.java:439)
	at com.kms.katalon.core.main.TestCaseExecutor.processExecutionPhase(TestCaseExecutor.java:418)
	at com.kms.katalon.core.main.TestCaseExecutor.accessMainPhase(TestCaseExecutor.java:410)
	at com.kms.katalon.core.main.TestCaseExecutor.execute(TestCaseExecutor.java:285)
	at com.kms.katalon.core.common.CommonExecutor.accessTestCaseMainPhase(CommonExecutor.java:65)
	at com.kms.katalon.core.main.TestSuiteExecutor.accessTestSuiteMainPhase(TestSuiteExecutor.java:150)
	at com.kms.katalon.core.main.TestSuiteExecutor.execute(TestSuiteExecutor.java:106)
	at com.kms.katalon.core.main.TestCaseMain.startTestSuite(TestCaseMain.java:180)
	at TempTestSuite1729731001385.run(TempTestSuite1729731001385.groovy:35)
	at java.base/jdk.internal.reflect.NativeMethodAccessorImpl.invoke0(Native Method)
	at java.base/jdk.internal.reflect.NativeMethodAccessorImpl.invoke(NativeMethodAccessorImpl.java:77)
	at java.base/jdk.internal.reflect.DelegatingMethodAccessorImpl.invoke(DelegatingMethodAccessorImpl.java:43)
Caused by: org.codehaus.groovy.runtime.InvokerInvocationException: java.io.FileNotFoundException: KatalonData\IWPTestData\VRelay25Payments.xlsx (The process cannot access the file because it is being used by another process)
	at com.kms.katalon.core.main.CustomKeywordDelegatingMetaClass.invokeStaticMethod(CustomKeywordDelegatingMetaClass.java:55)
	at Script1724423401566.run(Script1724423401566.groovy:91)
	... 15 more
Caused by: java.io.FileNotFoundException: KatalonData\IWPTestData\VRelay25Payments.xlsx (The process cannot access the file because it is being used by another process)
	at pages.WriteExcel.demoKey(WriteExcel.groovy:93)
	at jdk.internal.reflect.GeneratedMethodAccessor43.invoke(Unknown Source)
	at java.base/jdk.internal.reflect.DelegatingMethodAccessorImpl.invoke(DelegatingMethodAccessorImpl.java:43)
	at com.kms.katalon.core.main.CustomKeywordDelegatingMetaClass.invokeStaticMethod(CustomKeywordDelegatingMetaClass.java:55)
	at MinAmountErrorPC.run(MinAmountErrorPC:91)
	... 15 more


24-10-2024T09:20:33 - [MESSAGE][ERROR] - java.io.FileNotFoundException: KatalonData\IWPTestData\VRelay25Payments.xlsx (The process cannot access the file because it is being used by another process)

24-10-2024T09:20:33 - [MESSAGE][ERROR] - Test Cases/IntegratedWeb/IWP25/Error/MinAmountErrorPC FAILED.
Reason:
com.kms.katalon.core.exception.StepErrorException: org.codehaus.groovy.runtime.InvokerInvocationException: java.io.FileNotFoundException: KatalonData\IWPTestData\VRelay25Payments.xlsx (The process cannot access the file because it is being used by another process)
	at com.kms.katalon.core.main.CustomKeywordDelegatingMetaClass.throwError(CustomKeywordDelegatingMetaClass.java:101)
	at com.kms.katalon.core.main.CustomKeywordDelegatingMetaClass.invokeStaticMethod(CustomKeywordDelegatingMetaClass.java:73)
	at MinAmountErrorPC.run(MinAmountErrorPC:91)
	at com.kms.katalon.core.main.ScriptEngine.run(ScriptEngine.java:194)
	at com.kms.katalon.core.main.ScriptEngine.runScriptAsRawText(ScriptEngine.java:119)
	at com.kms.katalon.core.main.TestCaseExecutor.runScript(TestCaseExecutor.java:448)
	at com.kms.katalon.core.main.TestCaseExecutor.doExecute(TestCaseExecutor.java:439)
	at com.kms.katalon.core.main.TestCaseExecutor.processExecutionPhase(TestCaseExecutor.java:418)
	at com.kms.katalon.core.main.TestCaseExecutor.accessMainPhase(TestCaseExecutor.java:410)
	at com.kms.katalon.core.main.TestCaseExecutor.execute(TestCaseExecutor.java:285)
	at com.kms.katalon.core.common.CommonExecutor.accessTestCaseMainPhase(CommonExecutor.java:65)
	at com.kms.katalon.core.main.TestSuiteExecutor.accessTestSuiteMainPhase(TestSuiteExecutor.java:150)
	at com.kms.katalon.core.main.TestSuiteExecutor.execute(TestSuiteExecutor.java:106)
	at com.kms.katalon.core.main.TestCaseMain.startTestSuite(TestCaseMain.java:180)
	at TempTestSuite1729731001385.run(TempTestSuite1729731001385.groovy:35)
	at java.base/jdk.internal.reflect.NativeMethodAccessorImpl.invoke0(Native Method)
	at java.base/jdk.internal.reflect.NativeMethodAccessorImpl.invoke(NativeMethodAccessorImpl.java:77)
	at java.base/jdk.internal.reflect.DelegatingMethodAccessorImpl.invoke(DelegatingMethodAccessorImpl.java:43)
Caused by: org.codehaus.groovy.runtime.InvokerInvocationException: java.io.FileNotFoundException: KatalonData\IWPTestData\VRelay25Payments.xlsx (The process cannot access the file because it is being used by another process)
	at com.kms.katalon.core.main.CustomKeywordDelegatingMetaClass.invokeStaticMethod(CustomKeywordDelegatingMetaClass.java:55)
	at Script1724423401566.run(Script1724423401566.groovy:91)
	... 15 more
Caused by: java.io.FileNotFoundException: KatalonData\IWPTestData\VRelay25Payments.xlsx (The process cannot access the file because it is being used by another process)
	at pages.WriteExcel.demoKey(WriteExcel.groovy:93)
	at jdk.internal.reflect.GeneratedMethodAccessor43.invoke(Unknown Source)
	at java.base/jdk.internal.reflect.DelegatingMethodAccessorImpl.invoke(DelegatingMethodAccessorImpl.java:43)
	at com.kms.katalon.core.main.CustomKeywordDelegatingMetaClass.invokeStaticMethod(CustomKeywordDelegatingMetaClass.java:55)
	at MinAmountErrorPC.run(MinAmountErrorPC:91)
	... 15 more]]></system-out>
         <system-err><![CDATA[24-10-2024T09:18:45 - [TEST_CASE][ERROR] - Test Cases/IntegratedWeb/IWP25/Error/MinAmountErrorPC: Test Cases/IntegratedWeb/IWP25/Error/MinAmountErrorPC FAILED.
Reason:
org.codehaus.groovy.runtime.InvokerInvocationException: java.io.FileNotFoundException: KatalonData\IWPTestData\VRelay25Payments.xlsx (The process cannot access the file because it is being used by another process)
	at com.kms.katalon.core.main.CustomKeywordDelegatingMetaClass.invokeStaticMethod(CustomKeywordDelegatingMetaClass.java:55)
	at MinAmountErrorPC.run(MinAmountErrorPC:91)
	at com.kms.katalon.core.main.ScriptEngine.run(ScriptEngine.java:194)
	at com.kms.katalon.core.main.ScriptEngine.runScriptAsRawText(ScriptEngine.java:119)
	at com.kms.katalon.core.main.TestCaseExecutor.runScript(TestCaseExecutor.java:448)
	at com.kms.katalon.core.main.TestCaseExecutor.doExecute(TestCaseExecutor.java:439)
	at com.kms.katalon.core.main.TestCaseExecutor.processExecutionPhase(TestCaseExecutor.java:418)
	at com.kms.katalon.core.main.TestCaseExecutor.accessMainPhase(TestCaseExecutor.java:410)
	at com.kms.katalon.core.main.TestCaseExecutor.execute(TestCaseExecutor.java:285)
	at com.kms.katalon.core.common.CommonExecutor.accessTestCaseMainPhase(CommonExecutor.java:65)
	at com.kms.katalon.core.main.TestSuiteExecutor.accessTestSuiteMainPhase(TestSuiteExecutor.java:150)
	at com.kms.katalon.core.main.TestSuiteExecutor.execute(TestSuiteExecutor.java:106)
	at com.kms.katalon.core.main.TestCaseMain.startTestSuite(TestCaseMain.java:180)
	at TempTestSuite1729731001385.run(TempTestSuite1729731001385.groovy:35)
	at java.base/jdk.internal.reflect.NativeMethodAccessorImpl.invoke0(Native Method)
	at java.base/jdk.internal.reflect.NativeMethodAccessorImpl.invoke(NativeMethodAccessorImpl.java:77)
	at java.base/jdk.internal.reflect.DelegatingMethodAccessorImpl.invoke(DelegatingMethodAccessorImpl.java:43)
Caused by: java.io.FileNotFoundException: KatalonData\IWPTestData\VRelay25Payments.xlsx (The process cannot access the file because it is being used by another process)
	at pages.WriteExcel.demoKey(WriteExcel.groovy:93)
	at jdk.internal.reflect.GeneratedMethodAccessor43.invoke(Unknown Source)
	at java.base/jdk.internal.reflect.DelegatingMethodAccessorImpl.invoke(DelegatingMethodAccessorImpl.java:43)
	... 17 more]]></system-err>
      </testcase>
      <testcase name="Test Cases/IntegratedWeb/IWP25/Error/MinAmountErrorPS" time="106.218" classname="Test Cases/IntegratedWeb/IWP25/Error/MinAmountErrorPS" status="ERROR">
         <error type="ERROR" message="Test Cases/IntegratedWeb/IWP25/Error/MinAmountErrorPS FAILED.&#xa;Reason:&#xa;org.codehaus.groovy.runtime.InvokerInvocationException: java.io.FileNotFoundException: KatalonData\IWPTestData\VRelay25Payments.xlsx (The process cannot access the file because it is being used by another process)&#xa;	at com.kms.katalon.core.main.CustomKeywordDelegatingMetaClass.invokeStaticMethod(CustomKeywordDelegatingMetaClass.java:55)&#xa;	at MinAmountErrorPS.run(MinAmountErrorPS:91)&#xa;	at com.kms.katalon.core.main.ScriptEngine.run(ScriptEngine.java:194)&#xa;	at com.kms.katalon.core.main.ScriptEngine.runScriptAsRawText(ScriptEngine.java:119)&#xa;	at com.kms.katalon.core.main.TestCaseExecutor.runScript(TestCaseExecutor.java:448)&#xa;	at com.kms.katalon.core.main.TestCaseExecutor.doExecute(TestCaseExecutor.java:439)&#xa;	at com.kms.katalon.core.main.TestCaseExecutor.processExecutionPhase(TestCaseExecutor.java:418)&#xa;	at com.kms.katalon.core.main.TestCaseExecutor.accessMainPhase(TestCaseExecutor.java:410)&#xa;	at com.kms.katalon.core.main.TestCaseExecutor.execute(TestCaseExecutor.java:285)&#xa;	at com.kms.katalon.core.common.CommonExecutor.accessTestCaseMainPhase(CommonExecutor.java:65)&#xa;	at com.kms.katalon.core.main.TestSuiteExecutor.accessTestSuiteMainPhase(TestSuiteExecutor.java:150)&#xa;	at com.kms.katalon.core.main.TestSuiteExecutor.execute(TestSuiteExecutor.java:106)&#xa;	at com.kms.katalon.core.main.TestCaseMain.startTestSuite(TestCaseMain.java:180)&#xa;	at TempTestSuite1729731001385.run(TempTestSuite1729731001385.groovy:35)&#xa;	at java.base/jdk.internal.reflect.NativeMethodAccessorImpl.invoke0(Native Method)&#xa;	at java.base/jdk.internal.reflect.NativeMethodAccessorImpl.invoke(NativeMethodAccessorImpl.java:77)&#xa;	at java.base/jdk.internal.reflect.DelegatingMethodAccessorImpl.invoke(DelegatingMethodAccessorImpl.java:43)&#xa;Caused by: java.io.FileNotFoundException: KatalonData\IWPTestData\VRelay25Payments.xlsx (The process cannot access the file because it is being used by another process)&#xa;	at pages.WriteExcel.demoKey(WriteExcel.groovy:93)&#xa;	at jdk.internal.reflect.GeneratedMethodAccessor43.invoke(Unknown Source)&#xa;	at java.base/jdk.internal.reflect.DelegatingMethodAccessorImpl.invoke(DelegatingMethodAccessorImpl.java:43)&#xa;	... 17 more&#xa;"/>
         <system-out><![CDATA[24-10-2024T09:20:33 - [TEST_CASE][ERROR] - Test Cases/IntegratedWeb/IWP25/Error/MinAmountErrorPS: Test Cases/IntegratedWeb/IWP25/Error/MinAmountErrorPS FAILED.
Reason:
org.codehaus.groovy.runtime.InvokerInvocationException: java.io.FileNotFoundException: KatalonData\IWPTestData\VRelay25Payments.xlsx (The process cannot access the file because it is being used by another process)
	at com.kms.katalon.core.main.CustomKeywordDelegatingMetaClass.invokeStaticMethod(CustomKeywordDelegatingMetaClass.java:55)
	at MinAmountErrorPS.run(MinAmountErrorPS:91)
	at com.kms.katalon.core.main.ScriptEngine.run(ScriptEngine.java:194)
	at com.kms.katalon.core.main.ScriptEngine.runScriptAsRawText(ScriptEngine.java:119)
	at com.kms.katalon.core.main.TestCaseExecutor.runScript(TestCaseExecutor.java:448)
	at com.kms.katalon.core.main.TestCaseExecutor.doExecute(TestCaseExecutor.java:439)
	at com.kms.katalon.core.main.TestCaseExecutor.processExecutionPhase(TestCaseExecutor.java:418)
	at com.kms.katalon.core.main.TestCaseExecutor.accessMainPhase(TestCaseExecutor.java:410)
	at com.kms.katalon.core.main.TestCaseExecutor.execute(TestCaseExecutor.java:285)
	at com.kms.katalon.core.common.CommonExecutor.accessTestCaseMainPhase(CommonExecutor.java:65)
	at com.kms.katalon.core.main.TestSuiteExecutor.accessTestSuiteMainPhase(TestSuiteExecutor.java:150)
	at com.kms.katalon.core.main.TestSuiteExecutor.execute(TestSuiteExecutor.java:106)
	at com.kms.katalon.core.main.TestCaseMain.startTestSuite(TestCaseMain.java:180)
	at TempTestSuite1729731001385.run(TempTestSuite1729731001385.groovy:35)
	at java.base/jdk.internal.reflect.NativeMethodAccessorImpl.invoke0(Native Method)
	at java.base/jdk.internal.reflect.NativeMethodAccessorImpl.invoke(NativeMethodAccessorImpl.java:77)
	at java.base/jdk.internal.reflect.DelegatingMethodAccessorImpl.invoke(DelegatingMethodAccessorImpl.java:43)
Caused by: java.io.FileNotFoundException: KatalonData\IWPTestData\VRelay25Payments.xlsx (The process cannot access the file because it is being used by another process)
	at pages.WriteExcel.demoKey(WriteExcel.groovy:93)
	at jdk.internal.reflect.GeneratedMethodAccessor43.invoke(Unknown Source)
	at java.base/jdk.internal.reflect.DelegatingMethodAccessorImpl.invoke(DelegatingMethodAccessorImpl.java:43)
	... 17 more


24-10-2024T09:20:33 - [TEST_STEP][PASSED] - resText = "Fail": null

24-10-2024T09:20:33 - [TEST_STEP][PASSED] - resColumn = "Result": null

24-10-2024T09:20:33 - [TEST_STEP][PASSED] - datCloumn = "Date": null

24-10-2024T09:20:33 - [TEST_STEP][PASSED] - fileLoc = "KatalonData/IWPTestData/VRelay25Payments.xlsx": null

24-10-2024T09:20:33 - [TEST_STEP][PASSED] - numOfRows = <not implemented yet for class: org.codehaus.groovy.ast.expr.EmptyExpression>: null

24-10-2024T09:20:33 - [TEST_STEP][PASSED] - dataFile = <not implemented yet for class: org.codehaus.groovy.ast.expr.EmptyExpression>: null

24-10-2024T09:20:33 - [TEST_STEP][PASSED] - nameSheet = <not implemented yet for class: org.codehaus.groovy.ast.expr.EmptyExpression>: null

24-10-2024T09:20:33 - [TEST_STEP][PASSED] - dataFileEmulator = <not implemented yet for class: org.codehaus.groovy.ast.expr.EmptyExpression>: null

24-10-2024T09:20:33 - [TEST_STEP][PASSED] - nameSheet = "MinAmountErrorPS": null

24-10-2024T09:20:33 - [TEST_STEP][PASSED] - dataFile = "IWPTestData/IWP25MinAmountErrorPS": null

24-10-2024T09:20:33 - [TEST_STEP][PASSED] - dataFileEmulator = "IWPTestData/EmulatorData": null

24-10-2024T09:20:33 - [TEST_STEP][PASSED] - numOfRows = findTestData(dataFile).getRowNumbers(): null

24-10-2024T09:20:33 - [TEST_STEP][PASSED] - println("Number of Records: " + numOfRows): null

24-10-2024T09:20:33 - [TEST_STEP][PASSED] - for ([row = 1, row <= numOfRows, (row++)]): null

24-10-2024T09:20:33 - [TEST_STEP][PASSED] - ExecuteTC = findTestData(dataFile).getValue("Execute", row): null

24-10-2024T09:20:33 - [TEST_STEP][PASSED] - out.println("Value of Execute is : " + ExecuteTC): null

24-10-2024T09:20:33 - [TEST_STEP][PASSED] - if (ExecuteTC.equalsIgnoreCase("Y")): null

24-10-2024T09:20:33 - [TEST_STEP][PASSED] - out.println("Begin Record Number: " + row): null

24-10-2024T09:20:33 - [TEST_STEP][PASSED] - today = new java.util.Date(): null

24-10-2024T09:20:33 - [TEST_STEP][PASSED] - println(today): null

24-10-2024T09:20:33 - [TEST_STEP][PASSED] - datText = today: null

24-10-2024T09:20:33 - [TEST_STEP][PASSED] - EmulatorDataKey = findTestData(dataFile).getValue("EmulatorData", row): null

24-10-2024T09:20:33 - [TEST_STEP][PASSED] - out.println("Value of Emulator Key is : " + EmulatorDataKey): null

24-10-2024T09:20:33 - [TEST_STEP][PASSED] - iwpPages.emulatorIWP30.setDataEmulator_DD(EmulatorDataKey): iwpPages.emulatorIWP30.setDataEmulator_DD is PASSED

24-10-2024T09:20:34 - [MESSAGE][WARNING] - A browser is already opened. Closing browser and opening a new one

24-10-2024T09:20:34 - [MESSAGE][INFO] - Starting 'Edge Chromium' driver

24-10-2024T09:20:34 - [MESSAGE][INFO] - User set preference: ['acceptInsecureCerts', 'true']

24-10-2024T09:20:36 - [MESSAGE][INFO] - Action delay is set to 0 milliseconds

24-10-2024T09:20:40 - [MESSAGE][PASSED] - Browser is opened with url: 'https://qa2.velocitypayment.com/agencyx/config.action?action=editor&message_version=2_5'

24-10-2024T09:20:41 - [MESSAGE][PASSED] - Current window maximized

24-10-2024T09:21:12 - [MESSAGE][INFO] - Unable to find the element located by 'By.xpath: //select[@name='message_version']'. Please recheck the objects properties to make sure the desired element is located. 

24-10-2024T09:21:12 - [MESSAGE][WARNING] - [SELF-HEALING] Failed to find element with id 'Object Repository/IWP30/Page_VRelay30Emulator/MV'. Try using Self-healing.

24-10-2024T09:21:12 - [MESSAGE][WARNING] - [SELF-HEALING] The current locator of test object 'Object Repository/IWP30/Page_VRelay30Emulator/MV' was broken. Propose an alternative one: '(.//*[normalize-space(text()) and normalize-space(.)='Message Version'])[1]/following::select[1]'.

24-10-2024T09:21:13 - [MESSAGE][PASSED] - All options with value '2.5' are selected in object 'Object Repository/IWP30/Page_VRelay30Emulator/MV'  using regular expression

24-10-2024T09:21:14 - [MESSAGE][PASSED] - Text '10.50' is set on object 'Object Repository/IWP30/Page_EmulatorAgencyX/Amount'

24-10-2024T09:21:14 - [MESSAGE][PASSED] - Text 'n6i94TdgxRJw' is set on object 'Object Repository/IWP30/Page_EmulatorAgencyX/CAN'

24-10-2024T09:21:15 - [MESSAGE][PASSED] - Text 'PayNow' is set on object 'Object Repository/IWP30/Page_EmulatorAgencyX/Action'

24-10-2024T09:21:15 - [MESSAGE][PASSED] - Text 'en_US' is set on object 'Object Repository/IWP30/Page_EmulatorAgencyX/Lang'

24-10-2024T09:21:16 - [MESSAGE][PASSED] - Text '' is set on object 'Object Repository/IWP30/Page_EmulatorAgencyX/Fname'

24-10-2024T09:21:17 - [MESSAGE][PASSED] - Text '' is set on object 'Object Repository/IWP30/Page_EmulatorAgencyX/Lname'

24-10-2024T09:21:17 - [MESSAGE][PASSED] - Text '' is set on object 'Object Repository/IWP30/Page_EmulatorAgencyX/AL1'

24-10-2024T09:21:18 - [MESSAGE][PASSED] - Text '' is set on object 'Object Repository/IWP30/Page_EmulatorAgencyX/AL2'

24-10-2024T09:21:18 - [MESSAGE][PASSED] - Text '' is set on object 'Object Repository/IWP30/Page_EmulatorAgencyX/Country'

24-10-2024T09:21:19 - [MESSAGE][PASSED] - Text '' is set on object 'Object Repository/IWP30/Page_EmulatorAgencyX/City'

24-10-2024T09:21:19 - [MESSAGE][PASSED] - Text '' is set on object 'Object Repository/IWP30/Page_EmulatorAgencyX/State'

24-10-2024T09:21:20 - [MESSAGE][PASSED] - Text '' is set on object 'Object Repository/IWP30/Page_EmulatorAgencyX/ZIP'

24-10-2024T09:21:21 - [MESSAGE][PASSED] - Text '' is set on object 'Object Repository/IWP30/Page_EmulatorAgencyX/Order'

24-10-2024T09:21:21 - [MESSAGE][PASSED] - Text '' is set on object 'Object Repository/IWP30/Page_EmulatorAgencyX/Company'

24-10-2024T09:21:22 - [MESSAGE][PASSED] - Text '' is set on object 'Object Repository/IWP30/Page_EmulatorAgencyX/Email'

24-10-2024T09:21:22 - [MESSAGE][PASSED] - Text '' is set on object 'Object Repository/IWP30/Page_EmulatorAgencyX/UDF1'

24-10-2024T09:21:23 - [MESSAGE][PASSED] - Text '' is set on object 'Object Repository/IWP30/Page_EmulatorAgencyX/UDF2'

24-10-2024T09:21:24 - [MESSAGE][PASSED] - Text '' is set on object 'Object Repository/IWP30/Page_EmulatorAgencyX/UDF3'

24-10-2024T09:21:24 - [MESSAGE][PASSED] - Text 'udf data 4' is set on object 'Object Repository/IWP30/Page_EmulatorAgencyX/UDF4'

24-10-2024T09:21:25 - [MESSAGE][PASSED] - Text 'udf data 5' is set on object 'Object Repository/IWP30/Page_EmulatorAgencyX/UDF5'

24-10-2024T09:21:25 - [MESSAGE][PASSED] - Text '' is set on object 'Object Repository/IWP30/Page_EmulatorAgencyX/UDF6'

24-10-2024T09:21:26 - [MESSAGE][PASSED] - Text '' is set on object 'Object Repository/IWP30/Page_EmulatorAgencyX/UDF7'

24-10-2024T09:21:26 - [MESSAGE][PASSED] - Text '' is set on object 'Object Repository/IWP30/Page_EmulatorAgencyX/UDF8'

24-10-2024T09:21:27 - [MESSAGE][PASSED] - Text 'udf data 9' is set on object 'Object Repository/IWP30/Page_EmulatorAgencyX/UDF9'

24-10-2024T09:21:28 - [MESSAGE][PASSED] - Text 'udf data 10' is set on object 'Object Repository/IWP30/Page_EmulatorAgencyX/UDF10'

24-10-2024T09:21:29 - [MESSAGE][PASSED] - Object: 'Object Repository/IWP30/Page_EmulatorAgencyX/Submit' is clicked on

24-10-2024T09:21:34 - [MESSAGE][PASSED] - Browser is closed

24-10-2024T09:21:38 - [MESSAGE][PASSED] - iwpPages.emulatorIWP30.setDataEmulator_DD is PASSED

24-10-2024T09:21:38 - [TEST_STEP][PASSED] - testHarnessURL = urlTestHarness: null

24-10-2024T09:21:38 - [TEST_STEP][PASSED] - openBrowser(testHarnessURL): Browser is opened with url: 'https://dev-algorithm.govolution.com/vrelaytest/QA2/version_2_2/vrelaytest.html'

24-10-2024T09:21:38 - [MESSAGE][INFO] - Starting 'Edge Chromium' driver

24-10-2024T09:21:38 - [MESSAGE][INFO] - User set preference: ['acceptInsecureCerts', 'true']

24-10-2024T09:21:40 - [MESSAGE][INFO] - Action delay is set to 0 milliseconds

24-10-2024T09:21:43 - [MESSAGE][PASSED] - Browser is opened with url: 'https://dev-algorithm.govolution.com/vrelaytest/QA2/version_2_2/vrelaytest.html'

24-10-2024T09:21:43 - [TEST_STEP][PASSED] - maximizeWindow(): Current window maximized

24-10-2024T09:21:44 - [MESSAGE][PASSED] - Current window maximized

24-10-2024T09:21:44 - [TEST_STEP][PASSED] - iwpPages.TestHarnessPage.setDataMethod(row, dataFile): iwpPages.TestHarnessPage.setDataMethod is PASSED

24-10-2024T09:21:44 - [MESSAGE][PASSED] - Object 'Object Repository/IWP30/Page_QATestHarness/RemittanceID' is present

24-10-2024T09:21:45 - [MESSAGE][PASSED] - Text '638' is set on object 'Object Repository/IWP30/Page_QATestHarness/ApplicationID'

24-10-2024T09:21:45 - [MESSAGE][PASSED] - Text '2.5' is set on object 'Object Repository/IWP30/Page_QATestHarness/MessageVersion'

24-10-2024T09:21:46 - [MESSAGE][PASSED] - Text 'Jg3xWIzVzc4k' is set on object 'Object Repository/IWP30/Page_QATestHarness/RemittanceID'

24-10-2024T09:21:49 - [MESSAGE][PASSED] - Object: 'Object Repository/IWP30/Page_QATestHarness/SubmitButton' is clicked on

24-10-2024T09:21:49 - [MESSAGE][PASSED] - iwpPages.TestHarnessPage.setDataMethod is PASSED

24-10-2024T09:21:49 - [TEST_STEP][PASSED] - click(findTestObject("Object Repository/IWP30/Page_SelectPaymentMethod/PayByPersonalCheck")): Object: 'Object Repository/IWP30/Page_SelectPaymentMethod/PayByPersonalCheck' is clicked on

24-10-2024T09:21:50 - [MESSAGE][PASSED] - Object: 'Object Repository/IWP30/Page_SelectPaymentMethod/PayByPersonalCheck' is clicked on

24-10-2024T09:21:50 - [TEST_STEP][PASSED] - click(findTestObject("Object Repository/IWP30/Page_SelectPaymentMethod/MakePaymentButton")): Object: 'Object Repository/IWP30/Page_SelectPaymentMethod/MakePaymentButton' is clicked on

24-10-2024T09:21:53 - [MESSAGE][PASSED] - Object: 'Object Repository/IWP30/Page_SelectPaymentMethod/MakePaymentButton' is clicked on

24-10-2024T09:21:53 - [TEST_STEP][PASSED] - iwpPages.achPersonalPaymentEntryPage.setDataACHPPM(row, dataFile): iwpPages.achPersonalPaymentEntryPage.setDataACHPPM is PASSED

24-10-2024T09:21:54 - [MESSAGE][PASSED] - Object 'Object Repository/IWP30/Page_ACHPersonalPaymentEntry/txt_accountNumber' is present

24-10-2024T09:21:54 - [MESSAGE][PASSED] - Text '1.50' is set on object 'Object Repository/IWP30/Page_ACHPersonalPaymentEntry/txt_Amount'

24-10-2024T09:21:54 - [MESSAGE][PASSED] - Object 'Object Repository/IWP30/Page_ACHPersonalPaymentEntry/txt_UDF2' is present

24-10-2024T09:21:55 - [MESSAGE][PASSED] - Text 'udf data 2' is set on object 'Object Repository/IWP30/Page_ACHPersonalPaymentEntry/txt_UDF2'

24-10-2024T09:21:56 - [MESSAGE][PASSED] - Text 'udf data 3' is set on object 'Object Repository/IWP30/Page_ACHPersonalPaymentEntry/txt_UDF3'

24-10-2024T09:21:56 - [MESSAGE][PASSED] - All options with label 'Orange' are selected in object 'Object Repository/IWP30/Page_ACHPersonalPaymentEntry/dd_UDF7' 

24-10-2024T09:21:57 - [MESSAGE][PASSED] - All options with label 'Soccer' are selected in object 'Object Repository/IWP30/Page_ACHPersonalPaymentEntry/dd_UDF8' 

24-10-2024T09:21:57 - [MESSAGE][PASSED] - Object 'Object Repository/IWP30/Page_ACHPersonalPaymentEntry/txt_Firstname' is present

24-10-2024T09:21:58 - [MESSAGE][PASSED] - Text 'Elizath' is set on object 'Object Repository/IWP30/Page_ACHPersonalPaymentEntry/txt_Firstname'

24-10-2024T09:21:58 - [MESSAGE][PASSED] - Object 'Object Repository/IWP30/Page_ACHPersonalPaymentEntry/txt_Lastname' is present

24-10-2024T09:21:59 - [MESSAGE][PASSED] - Text 'Christine' is set on object 'Object Repository/IWP30/Page_ACHPersonalPaymentEntry/txt_Lastname'

24-10-2024T09:21:59 - [MESSAGE][PASSED] - Object 'Object Repository/IWP30/Page_ACHPersonalPaymentEntry/txt_routingNumber' is present

24-10-2024T09:21:59 - [MESSAGE][PASSED] - Text '256072691' is set on object 'Object Repository/IWP30/Page_ACHPersonalPaymentEntry/txt_routingNumber'

24-10-2024T09:22:00 - [MESSAGE][PASSED] - Object 'Object Repository/IWP30/Page_ACHPersonalPaymentEntry/txt_accountNumber' is present

24-10-2024T09:22:01 - [MESSAGE][PASSED] - Text '12344444' is set on object 'Object Repository/IWP30/Page_ACHPersonalPaymentEntry/txt_accountNumber'

24-10-2024T09:22:01 - [MESSAGE][PASSED] - Object 'Object Repository/IWP30/Page_ACHPersonalPaymentEntry/txt_confirmAccountNumber' is present

24-10-2024T09:22:02 - [MESSAGE][PASSED] - Text '12344444' is set on object 'Object Repository/IWP30/Page_ACHPersonalPaymentEntry/txt_confirmAccountNumber'

24-10-2024T09:22:02 - [MESSAGE][PASSED] - Object 'Object Repository/IWP30/Page_ACHPersonalPaymentEntry/rd_accountType' is present

24-10-2024T09:22:02 - [MESSAGE][PASSED] - Modify property of object successfully

24-10-2024T09:22:03 - [MESSAGE][PASSED] - Object: 'Object Repository/IWP30/Page_ACHPersonalPaymentEntry/rd_accountType' is clicked on

24-10-2024T09:22:03 - [MESSAGE][PASSED] - Text '365 Main Avenue' is set on object 'Object Repository/IWP30/Page_ACHPersonalPaymentEntry/txt_AL1'

24-10-2024T09:22:04 - [MESSAGE][PASSED] - Text '22201' is set on object 'Object Repository/IWP30/Page_ACHPersonalPaymentEntry/txt_ZIP'

24-10-2024T09:22:04 - [MESSAGE][PASSED] - Object 'Object Repository/IWP30/Page_ACHPersonalPaymentEntry/txt_Email' is present

24-10-2024T09:22:05 - [MESSAGE][PASSED] - Text 'iahmed@govolution.com' is set on object 'Object Repository/IWP30/Page_ACHPersonalPaymentEntry/txt_Email'

24-10-2024T09:22:06 - [MESSAGE][PASSED] - Object 'Object Repository/IWP30/Page_ACHPersonalPaymentEntry/cb_TermsAndCond' is present

24-10-2024T09:22:06 - [MESSAGE][PASSED] - Object: 'Object Repository/IWP30/Page_ACHPersonalPaymentEntry/cb_TermsAndCond' is clicked on

24-10-2024T09:22:06 - [MESSAGE][PASSED] - Object 'Object Repository/IWP30/Page_ACHPersonalPaymentEntry/btn_Continue' is present

24-10-2024T09:22:09 - [MESSAGE][PASSED] - Object: 'Object Repository/IWP30/Page_ACHPersonalPaymentEntry/btn_Continue' is clicked on

24-10-2024T09:22:09 - [MESSAGE][PASSED] - iwpPages.achPersonalPaymentEntryPage.setDataACHPPM is PASSED

24-10-2024T09:22:09 - [TEST_STEP][PASSED] - Thread.sleep(10000): null

24-10-2024T09:22:19 - [TEST_STEP][PASSED] - if (verifyTextPresent("Amount is less than minimum", false)): null

24-10-2024T09:22:19 - [MESSAGE][PASSED] - Text 'Amount is less than minimum' is present on page 

24-10-2024T09:22:19 - [TEST_STEP][PASSED] - println("Min Amount Error message shown"): null

24-10-2024T09:22:19 - [TEST_STEP][PASSED] - markPassed("Min Amount Error message shown"): Min Amount Error message shown

24-10-2024T09:22:19 - [MESSAGE][PASSED] - Min Amount Error message shown

24-10-2024T09:22:19 - [TEST_STEP][PASSED] - resText = "Pass": null

24-10-2024T09:22:19 - [TEST_STEP][ERROR] - pages.WriteExcel.demoKey(resText, datText, resColumn, datCloumn, fileLoc, nameSheet, row): Test Cases/IntegratedWeb/IWP25/Error/MinAmountErrorPS FAILED.
Reason:
com.kms.katalon.core.exception.StepErrorException: org.codehaus.groovy.runtime.InvokerInvocationException: java.io.FileNotFoundException: KatalonData\IWPTestData\VRelay25Payments.xlsx (The process cannot access the file because it is being used by another process)
	at com.kms.katalon.core.main.CustomKeywordDelegatingMetaClass.throwError(CustomKeywordDelegatingMetaClass.java:101)
	at com.kms.katalon.core.main.CustomKeywordDelegatingMetaClass.invokeStaticMethod(CustomKeywordDelegatingMetaClass.java:73)
	at MinAmountErrorPS.run(MinAmountErrorPS:91)
	at com.kms.katalon.core.main.ScriptEngine.run(ScriptEngine.java:194)
	at com.kms.katalon.core.main.ScriptEngine.runScriptAsRawText(ScriptEngine.java:119)
	at com.kms.katalon.core.main.TestCaseExecutor.runScript(TestCaseExecutor.java:448)
	at com.kms.katalon.core.main.TestCaseExecutor.doExecute(TestCaseExecutor.java:439)
	at com.kms.katalon.core.main.TestCaseExecutor.processExecutionPhase(TestCaseExecutor.java:418)
	at com.kms.katalon.core.main.TestCaseExecutor.accessMainPhase(TestCaseExecutor.java:410)
	at com.kms.katalon.core.main.TestCaseExecutor.execute(TestCaseExecutor.java:285)
	at com.kms.katalon.core.common.CommonExecutor.accessTestCaseMainPhase(CommonExecutor.java:65)
	at com.kms.katalon.core.main.TestSuiteExecutor.accessTestSuiteMainPhase(TestSuiteExecutor.java:150)
	at com.kms.katalon.core.main.TestSuiteExecutor.execute(TestSuiteExecutor.java:106)
	at com.kms.katalon.core.main.TestCaseMain.startTestSuite(TestCaseMain.java:180)
	at TempTestSuite1729731001385.run(TempTestSuite1729731001385.groovy:35)
	at java.base/jdk.internal.reflect.NativeMethodAccessorImpl.invoke0(Native Method)
	at java.base/jdk.internal.reflect.NativeMethodAccessorImpl.invoke(NativeMethodAccessorImpl.java:77)
	at java.base/jdk.internal.reflect.DelegatingMethodAccessorImpl.invoke(DelegatingMethodAccessorImpl.java:43)
Caused by: org.codehaus.groovy.runtime.InvokerInvocationException: java.io.FileNotFoundException: KatalonData\IWPTestData\VRelay25Payments.xlsx (The process cannot access the file because it is being used by another process)
	at com.kms.katalon.core.main.CustomKeywordDelegatingMetaClass.invokeStaticMethod(CustomKeywordDelegatingMetaClass.java:55)
	at Script1724773108361.run(Script1724773108361.groovy:91)
	... 15 more
Caused by: java.io.FileNotFoundException: KatalonData\IWPTestData\VRelay25Payments.xlsx (The process cannot access the file because it is being used by another process)
	at pages.WriteExcel.demoKey(WriteExcel.groovy:93)
	at jdk.internal.reflect.GeneratedMethodAccessor43.invoke(Unknown Source)
	at java.base/jdk.internal.reflect.DelegatingMethodAccessorImpl.invoke(DelegatingMethodAccessorImpl.java:43)
	at com.kms.katalon.core.main.CustomKeywordDelegatingMetaClass.invokeStaticMethod(CustomKeywordDelegatingMetaClass.java:55)
	at MinAmountErrorPS.run(MinAmountErrorPS:91)
	... 15 more


24-10-2024T09:22:19 - [MESSAGE][ERROR] - java.io.FileNotFoundException: KatalonData\IWPTestData\VRelay25Payments.xlsx (The process cannot access the file because it is being used by another process)

24-10-2024T09:22:19 - [MESSAGE][ERROR] - Test Cases/IntegratedWeb/IWP25/Error/MinAmountErrorPS FAILED.
Reason:
com.kms.katalon.core.exception.StepErrorException: org.codehaus.groovy.runtime.InvokerInvocationException: java.io.FileNotFoundException: KatalonData\IWPTestData\VRelay25Payments.xlsx (The process cannot access the file because it is being used by another process)
	at com.kms.katalon.core.main.CustomKeywordDelegatingMetaClass.throwError(CustomKeywordDelegatingMetaClass.java:101)
	at com.kms.katalon.core.main.CustomKeywordDelegatingMetaClass.invokeStaticMethod(CustomKeywordDelegatingMetaClass.java:73)
	at MinAmountErrorPS.run(MinAmountErrorPS:91)
	at com.kms.katalon.core.main.ScriptEngine.run(ScriptEngine.java:194)
	at com.kms.katalon.core.main.ScriptEngine.runScriptAsRawText(ScriptEngine.java:119)
	at com.kms.katalon.core.main.TestCaseExecutor.runScript(TestCaseExecutor.java:448)
	at com.kms.katalon.core.main.TestCaseExecutor.doExecute(TestCaseExecutor.java:439)
	at com.kms.katalon.core.main.TestCaseExecutor.processExecutionPhase(TestCaseExecutor.java:418)
	at com.kms.katalon.core.main.TestCaseExecutor.accessMainPhase(TestCaseExecutor.java:410)
	at com.kms.katalon.core.main.TestCaseExecutor.execute(TestCaseExecutor.java:285)
	at com.kms.katalon.core.common.CommonExecutor.accessTestCaseMainPhase(CommonExecutor.java:65)
	at com.kms.katalon.core.main.TestSuiteExecutor.accessTestSuiteMainPhase(TestSuiteExecutor.java:150)
	at com.kms.katalon.core.main.TestSuiteExecutor.execute(TestSuiteExecutor.java:106)
	at com.kms.katalon.core.main.TestCaseMain.startTestSuite(TestCaseMain.java:180)
	at TempTestSuite1729731001385.run(TempTestSuite1729731001385.groovy:35)
	at java.base/jdk.internal.reflect.NativeMethodAccessorImpl.invoke0(Native Method)
	at java.base/jdk.internal.reflect.NativeMethodAccessorImpl.invoke(NativeMethodAccessorImpl.java:77)
	at java.base/jdk.internal.reflect.DelegatingMethodAccessorImpl.invoke(DelegatingMethodAccessorImpl.java:43)
Caused by: org.codehaus.groovy.runtime.InvokerInvocationException: java.io.FileNotFoundException: KatalonData\IWPTestData\VRelay25Payments.xlsx (The process cannot access the file because it is being used by another process)
	at com.kms.katalon.core.main.CustomKeywordDelegatingMetaClass.invokeStaticMethod(CustomKeywordDelegatingMetaClass.java:55)
	at Script1724773108361.run(Script1724773108361.groovy:91)
	... 15 more
Caused by: java.io.FileNotFoundException: KatalonData\IWPTestData\VRelay25Payments.xlsx (The process cannot access the file because it is being used by another process)
	at pages.WriteExcel.demoKey(WriteExcel.groovy:93)
	at jdk.internal.reflect.GeneratedMethodAccessor43.invoke(Unknown Source)
	at java.base/jdk.internal.reflect.DelegatingMethodAccessorImpl.invoke(DelegatingMethodAccessorImpl.java:43)
	at com.kms.katalon.core.main.CustomKeywordDelegatingMetaClass.invokeStaticMethod(CustomKeywordDelegatingMetaClass.java:55)
	at MinAmountErrorPS.run(MinAmountErrorPS:91)
	... 15 more]]></system-out>
         <system-err><![CDATA[24-10-2024T09:20:33 - [TEST_CASE][ERROR] - Test Cases/IntegratedWeb/IWP25/Error/MinAmountErrorPS: Test Cases/IntegratedWeb/IWP25/Error/MinAmountErrorPS FAILED.
Reason:
org.codehaus.groovy.runtime.InvokerInvocationException: java.io.FileNotFoundException: KatalonData\IWPTestData\VRelay25Payments.xlsx (The process cannot access the file because it is being used by another process)
	at com.kms.katalon.core.main.CustomKeywordDelegatingMetaClass.invokeStaticMethod(CustomKeywordDelegatingMetaClass.java:55)
	at MinAmountErrorPS.run(MinAmountErrorPS:91)
	at com.kms.katalon.core.main.ScriptEngine.run(ScriptEngine.java:194)
	at com.kms.katalon.core.main.ScriptEngine.runScriptAsRawText(ScriptEngine.java:119)
	at com.kms.katalon.core.main.TestCaseExecutor.runScript(TestCaseExecutor.java:448)
	at com.kms.katalon.core.main.TestCaseExecutor.doExecute(TestCaseExecutor.java:439)
	at com.kms.katalon.core.main.TestCaseExecutor.processExecutionPhase(TestCaseExecutor.java:418)
	at com.kms.katalon.core.main.TestCaseExecutor.accessMainPhase(TestCaseExecutor.java:410)
	at com.kms.katalon.core.main.TestCaseExecutor.execute(TestCaseExecutor.java:285)
	at com.kms.katalon.core.common.CommonExecutor.accessTestCaseMainPhase(CommonExecutor.java:65)
	at com.kms.katalon.core.main.TestSuiteExecutor.accessTestSuiteMainPhase(TestSuiteExecutor.java:150)
	at com.kms.katalon.core.main.TestSuiteExecutor.execute(TestSuiteExecutor.java:106)
	at com.kms.katalon.core.main.TestCaseMain.startTestSuite(TestCaseMain.java:180)
	at TempTestSuite1729731001385.run(TempTestSuite1729731001385.groovy:35)
	at java.base/jdk.internal.reflect.NativeMethodAccessorImpl.invoke0(Native Method)
	at java.base/jdk.internal.reflect.NativeMethodAccessorImpl.invoke(NativeMethodAccessorImpl.java:77)
	at java.base/jdk.internal.reflect.DelegatingMethodAccessorImpl.invoke(DelegatingMethodAccessorImpl.java:43)
Caused by: java.io.FileNotFoundException: KatalonData\IWPTestData\VRelay25Payments.xlsx (The process cannot access the file because it is being used by another process)
	at pages.WriteExcel.demoKey(WriteExcel.groovy:93)
	at jdk.internal.reflect.GeneratedMethodAccessor43.invoke(Unknown Source)
	at java.base/jdk.internal.reflect.DelegatingMethodAccessorImpl.invoke(DelegatingMethodAccessorImpl.java:43)
	... 17 more]]></system-err>
      </testcase>
      <testcase name="Test Cases/IntegratedWeb/IWP25/Error/MRFCorporate" time="89.982" classname="Test Cases/IntegratedWeb/IWP25/Error/MRFCorporate" status="FAILED">
         <failure type="FAILED" message="Test Cases/IntegratedWeb/IWP25/Error/MRFCorporate FAILED.&#xa;Reason:&#xa;com.kms.katalon.core.exception.StepFailedException: Text 'UDF3 Label is required' is not present on page  (Root cause: com.kms.katalon.core.exception.StepFailedException: Text 'UDF3 Label is required' is not present on page &#xa;	at com.kms.katalon.core.webui.keyword.internal.WebUIKeywordMain.stepFailed(WebUIKeywordMain.groovy:64)&#xa;	at com.kms.katalon.core.webui.keyword.builtin.VerifyTextPresentKeyword$_verifyTextPresent_closure1.doCall(VerifyTextPresentKeyword.groovy:79)&#xa;	at com.kms.katalon.core.webui.keyword.builtin.VerifyTextPresentKeyword$_verifyTextPresent_closure1.call(VerifyTextPresentKeyword.groovy)&#xa;	at com.kms.katalon.core.webui.keyword.internal.WebUIKeywordMain.runKeyword(WebUIKeywordMain.groovy:20)&#xa;	at com.kms.katalon.core.webui.keyword.builtin.VerifyTextPresentKeyword.verifyTextPresent(VerifyTextPresentKeyword.groovy:83)&#xa;	at com.kms.katalon.core.webui.keyword.builtin.VerifyTextPresentKeyword.execute(VerifyTextPresentKeyword.groovy:68)&#xa;	at com.kms.katalon.core.keyword.internal.KeywordExecutor.executeKeywordForPlatform(KeywordExecutor.groovy:74)&#xa;	at com.kms.katalon.core.webui.keyword.WebUiBuiltInKeywords.verifyTextPresent(WebUiBuiltInKeywords.groovy:1762)&#xa;	at MRFCorporate.run(MRFCorporate:83)&#xa;	at com.kms.katalon.core.main.ScriptEngine.run(ScriptEngine.java:194)&#xa;	at com.kms.katalon.core.main.ScriptEngine.runScriptAsRawText(ScriptEngine.java:119)&#xa;	at com.kms.katalon.core.main.TestCaseExecutor.runScript(TestCaseExecutor.java:448)&#xa;	at com.kms.katalon.core.main.TestCaseExecutor.doExecute(TestCaseExecutor.java:439)&#xa;	at com.kms.katalon.core.main.TestCaseExecutor.processExecutionPhase(TestCaseExecutor.java:418)&#xa;	at com.kms.katalon.core.main.TestCaseExecutor.accessMainPhase(TestCaseExecutor.java:410)&#xa;	at com.kms.katalon.core.main.TestCaseExecutor.execute(TestCaseExecutor.java:285)&#xa;	at com.kms.katalon.core.common.CommonExecutor.accessTestCaseMainPhase(CommonExecutor.java:65)&#xa;	at com.kms.katalon.core.main.TestSuiteExecutor.accessTestSuiteMainPhase(TestSuiteExecutor.java:150)&#xa;	at com.kms.katalon.core.main.TestSuiteExecutor.execute(TestSuiteExecutor.java:106)&#xa;	at com.kms.katalon.core.main.TestCaseMain.startTestSuite(TestCaseMain.java:180)&#xa;	at TempTestSuite1729731001385.run(TempTestSuite1729731001385.groovy:35)&#xa;	at java.base/jdk.internal.reflect.NativeMethodAccessorImpl.invoke0(Native Method)&#xa;	at java.base/jdk.internal.reflect.NativeMethodAccessorImpl.invoke(NativeMethodAccessorImpl.java:77)&#xa;	at java.base/jdk.internal.reflect.DelegatingMethodAccessorImpl.invoke(DelegatingMethodAccessorImpl.java:43)&#xa;)&#xa;	at com.kms.katalon.core.keyword.internal.KeywordMain.stepFailed(KeywordMain.groovy:39)&#xa;	at com.kms.katalon.core.webui.keyword.internal.WebUIKeywordMain.stepFailed(WebUIKeywordMain.groovy:64)&#xa;	at com.kms.katalon.core.webui.keyword.builtin.VerifyTextPresentKeyword$_verifyTextPresent_closure1.doCall(VerifyTextPresentKeyword.groovy:79)&#xa;	at com.kms.katalon.core.webui.keyword.builtin.VerifyTextPresentKeyword$_verifyTextPresent_closure1.call(VerifyTextPresentKeyword.groovy)&#xa;	at com.kms.katalon.core.webui.keyword.internal.WebUIKeywordMain.runKeyword(WebUIKeywordMain.groovy:20)&#xa;	at com.kms.katalon.core.webui.keyword.builtin.VerifyTextPresentKeyword.verifyTextPresent(VerifyTextPresentKeyword.groovy:83)&#xa;	at com.kms.katalon.core.webui.keyword.builtin.VerifyTextPresentKeyword.execute(VerifyTextPresentKeyword.groovy:68)&#xa;	at com.kms.katalon.core.keyword.internal.KeywordExecutor.executeKeywordForPlatform(KeywordExecutor.groovy:74)&#xa;	at com.kms.katalon.core.webui.keyword.WebUiBuiltInKeywords.verifyTextPresent(WebUiBuiltInKeywords.groovy:1762)&#xa;	at MRFCorporate.run(MRFCorporate:83)&#xa;	at com.kms.katalon.core.main.ScriptEngine.run(ScriptEngine.java:194)&#xa;	at com.kms.katalon.core.main.ScriptEngine.runScriptAsRawText(ScriptEngine.java:119)&#xa;	at com.kms.katalon.core.main.TestCaseExecutor.runScript(TestCaseExecutor.java:448)&#xa;	at com.kms.katalon.core.main.TestCaseExecutor.doExecute(TestCaseExecutor.java:439)&#xa;	at com.kms.katalon.core.main.TestCaseExecutor.processExecutionPhase(TestCaseExecutor.java:418)&#xa;	at com.kms.katalon.core.main.TestCaseExecutor.accessMainPhase(TestCaseExecutor.java:410)&#xa;	at com.kms.katalon.core.main.TestCaseExecutor.execute(TestCaseExecutor.java:285)&#xa;	at com.kms.katalon.core.common.CommonExecutor.accessTestCaseMainPhase(CommonExecutor.java:65)&#xa;	at com.kms.katalon.core.main.TestSuiteExecutor.accessTestSuiteMainPhase(TestSuiteExecutor.java:150)&#xa;	at com.kms.katalon.core.main.TestSuiteExecutor.execute(TestSuiteExecutor.java:106)&#xa;	at com.kms.katalon.core.main.TestCaseMain.startTestSuite(TestCaseMain.java:180)&#xa;	at TempTestSuite1729731001385.run(TempTestSuite1729731001385.groovy:35)&#xa;	at java.base/jdk.internal.reflect.NativeMethodAccessorImpl.invoke0(Native Method)&#xa;	at java.base/jdk.internal.reflect.NativeMethodAccessorImpl.invoke(NativeMethodAccessorImpl.java:77)&#xa;	at java.base/jdk.internal.reflect.DelegatingMethodAccessorImpl.invoke(DelegatingMethodAccessorImpl.java:43)&#xa;Caused by: com.kms.katalon.core.exception.StepFailedException: Text 'UDF3 Label is required' is not present on page &#xa;	... 24 more&#xa;"/>
         <system-out><![CDATA[24-10-2024T09:22:19 - [TEST_CASE][FAILED] - Test Cases/IntegratedWeb/IWP25/Error/MRFCorporate: Test Cases/IntegratedWeb/IWP25/Error/MRFCorporate FAILED.
Reason:
com.kms.katalon.core.exception.StepFailedException: Text 'UDF3 Label is required' is not present on page  (Root cause: com.kms.katalon.core.exception.StepFailedException: Text 'UDF3 Label is required' is not present on page 
	at com.kms.katalon.core.webui.keyword.internal.WebUIKeywordMain.stepFailed(WebUIKeywordMain.groovy:64)
	at com.kms.katalon.core.webui.keyword.builtin.VerifyTextPresentKeyword$_verifyTextPresent_closure1.doCall(VerifyTextPresentKeyword.groovy:79)
	at com.kms.katalon.core.webui.keyword.builtin.VerifyTextPresentKeyword$_verifyTextPresent_closure1.call(VerifyTextPresentKeyword.groovy)
	at com.kms.katalon.core.webui.keyword.internal.WebUIKeywordMain.runKeyword(WebUIKeywordMain.groovy:20)
	at com.kms.katalon.core.webui.keyword.builtin.VerifyTextPresentKeyword.verifyTextPresent(VerifyTextPresentKeyword.groovy:83)
	at com.kms.katalon.core.webui.keyword.builtin.VerifyTextPresentKeyword.execute(VerifyTextPresentKeyword.groovy:68)
	at com.kms.katalon.core.keyword.internal.KeywordExecutor.executeKeywordForPlatform(KeywordExecutor.groovy:74)
	at com.kms.katalon.core.webui.keyword.WebUiBuiltInKeywords.verifyTextPresent(WebUiBuiltInKeywords.groovy:1762)
	at MRFCorporate.run(MRFCorporate:83)
	at com.kms.katalon.core.main.ScriptEngine.run(ScriptEngine.java:194)
	at com.kms.katalon.core.main.ScriptEngine.runScriptAsRawText(ScriptEngine.java:119)
	at com.kms.katalon.core.main.TestCaseExecutor.runScript(TestCaseExecutor.java:448)
	at com.kms.katalon.core.main.TestCaseExecutor.doExecute(TestCaseExecutor.java:439)
	at com.kms.katalon.core.main.TestCaseExecutor.processExecutionPhase(TestCaseExecutor.java:418)
	at com.kms.katalon.core.main.TestCaseExecutor.accessMainPhase(TestCaseExecutor.java:410)
	at com.kms.katalon.core.main.TestCaseExecutor.execute(TestCaseExecutor.java:285)
	at com.kms.katalon.core.common.CommonExecutor.accessTestCaseMainPhase(CommonExecutor.java:65)
	at com.kms.katalon.core.main.TestSuiteExecutor.accessTestSuiteMainPhase(TestSuiteExecutor.java:150)
	at com.kms.katalon.core.main.TestSuiteExecutor.execute(TestSuiteExecutor.java:106)
	at com.kms.katalon.core.main.TestCaseMain.startTestSuite(TestCaseMain.java:180)
	at TempTestSuite1729731001385.run(TempTestSuite1729731001385.groovy:35)
	at java.base/jdk.internal.reflect.NativeMethodAccessorImpl.invoke0(Native Method)
	at java.base/jdk.internal.reflect.NativeMethodAccessorImpl.invoke(NativeMethodAccessorImpl.java:77)
	at java.base/jdk.internal.reflect.DelegatingMethodAccessorImpl.invoke(DelegatingMethodAccessorImpl.java:43)
)
	at com.kms.katalon.core.keyword.internal.KeywordMain.stepFailed(KeywordMain.groovy:39)
	at com.kms.katalon.core.webui.keyword.internal.WebUIKeywordMain.stepFailed(WebUIKeywordMain.groovy:64)
	at com.kms.katalon.core.webui.keyword.builtin.VerifyTextPresentKeyword$_verifyTextPresent_closure1.doCall(VerifyTextPresentKeyword.groovy:79)
	at com.kms.katalon.core.webui.keyword.builtin.VerifyTextPresentKeyword$_verifyTextPresent_closure1.call(VerifyTextPresentKeyword.groovy)
	at com.kms.katalon.core.webui.keyword.internal.WebUIKeywordMain.runKeyword(WebUIKeywordMain.groovy:20)
	at com.kms.katalon.core.webui.keyword.builtin.VerifyTextPresentKeyword.verifyTextPresent(VerifyTextPresentKeyword.groovy:83)
	at com.kms.katalon.core.webui.keyword.builtin.VerifyTextPresentKeyword.execute(VerifyTextPresentKeyword.groovy:68)
	at com.kms.katalon.core.keyword.internal.KeywordExecutor.executeKeywordForPlatform(KeywordExecutor.groovy:74)
	at com.kms.katalon.core.webui.keyword.WebUiBuiltInKeywords.verifyTextPresent(WebUiBuiltInKeywords.groovy:1762)
	at MRFCorporate.run(MRFCorporate:83)
	at com.kms.katalon.core.main.ScriptEngine.run(ScriptEngine.java:194)
	at com.kms.katalon.core.main.ScriptEngine.runScriptAsRawText(ScriptEngine.java:119)
	at com.kms.katalon.core.main.TestCaseExecutor.runScript(TestCaseExecutor.java:448)
	at com.kms.katalon.core.main.TestCaseExecutor.doExecute(TestCaseExecutor.java:439)
	at com.kms.katalon.core.main.TestCaseExecutor.processExecutionPhase(TestCaseExecutor.java:418)
	at com.kms.katalon.core.main.TestCaseExecutor.accessMainPhase(TestCaseExecutor.java:410)
	at com.kms.katalon.core.main.TestCaseExecutor.execute(TestCaseExecutor.java:285)
	at com.kms.katalon.core.common.CommonExecutor.accessTestCaseMainPhase(CommonExecutor.java:65)
	at com.kms.katalon.core.main.TestSuiteExecutor.accessTestSuiteMainPhase(TestSuiteExecutor.java:150)
	at com.kms.katalon.core.main.TestSuiteExecutor.execute(TestSuiteExecutor.java:106)
	at com.kms.katalon.core.main.TestCaseMain.startTestSuite(TestCaseMain.java:180)
	at TempTestSuite1729731001385.run(TempTestSuite1729731001385.groovy:35)
	at java.base/jdk.internal.reflect.NativeMethodAccessorImpl.invoke0(Native Method)
	at java.base/jdk.internal.reflect.NativeMethodAccessorImpl.invoke(NativeMethodAccessorImpl.java:77)
	at java.base/jdk.internal.reflect.DelegatingMethodAccessorImpl.invoke(DelegatingMethodAccessorImpl.java:43)
Caused by: com.kms.katalon.core.exception.StepFailedException: Text 'UDF3 Label is required' is not present on page 
	... 24 more


24-10-2024T09:22:19 - [TEST_STEP][PASSED] - resText = "Fail": null

24-10-2024T09:22:19 - [TEST_STEP][PASSED] - resColumn = "Result": null

24-10-2024T09:22:19 - [TEST_STEP][PASSED] - datCloumn = "Date": null

24-10-2024T09:22:19 - [TEST_STEP][PASSED] - fileLoc = "KatalonData/IWPTestData/VRelay25Payments.xlsx": null

24-10-2024T09:22:19 - [TEST_STEP][PASSED] - numOfRows = <not implemented yet for class: org.codehaus.groovy.ast.expr.EmptyExpression>: null

24-10-2024T09:22:19 - [TEST_STEP][PASSED] - dataFile = <not implemented yet for class: org.codehaus.groovy.ast.expr.EmptyExpression>: null

24-10-2024T09:22:19 - [TEST_STEP][PASSED] - nameSheet = <not implemented yet for class: org.codehaus.groovy.ast.expr.EmptyExpression>: null

24-10-2024T09:22:19 - [TEST_STEP][PASSED] - dataFileEmulator = <not implemented yet for class: org.codehaus.groovy.ast.expr.EmptyExpression>: null

24-10-2024T09:22:19 - [TEST_STEP][PASSED] - isRequiredTextPresent = false: null

24-10-2024T09:22:19 - [TEST_STEP][PASSED] - nameSheet = "MRFCorp": null

24-10-2024T09:22:19 - [TEST_STEP][PASSED] - dataFile = "IWPTestData/IWP25MRFCorp": null

24-10-2024T09:22:19 - [TEST_STEP][PASSED] - dataFileEmulator = "IWPTestData/EmulatorData": null

24-10-2024T09:22:19 - [TEST_STEP][PASSED] - numOfRows = findTestData(dataFile).getRowNumbers(): null

24-10-2024T09:22:20 - [TEST_STEP][PASSED] - println("Number of Records: " + numOfRows): null

24-10-2024T09:22:20 - [TEST_STEP][FAILED] - for ([row = 1, row <= numOfRows, (row++)]): null

24-10-2024T09:22:20 - [TEST_STEP][PASSED] - ExecuteTC = findTestData(dataFile).getValue("Execute", row): null

24-10-2024T09:22:20 - [TEST_STEP][PASSED] - out.println("Value of Execute is : " + ExecuteTC): null

24-10-2024T09:22:20 - [TEST_STEP][FAILED] - if (ExecuteTC.equalsIgnoreCase("Y")): null

24-10-2024T09:22:20 - [TEST_STEP][PASSED] - out.println("Begin Record Number: " + row): null

24-10-2024T09:22:20 - [TEST_STEP][PASSED] - today = new java.util.Date(): null

24-10-2024T09:22:20 - [TEST_STEP][PASSED] - println(today): null

24-10-2024T09:22:20 - [TEST_STEP][PASSED] - datText = today: null

24-10-2024T09:22:20 - [TEST_STEP][PASSED] - EmulatorDataKey = findTestData(dataFile).getValue("EmulatorData", row): null

24-10-2024T09:22:20 - [TEST_STEP][PASSED] - out.println("Value of Emulator Key is : " + EmulatorDataKey): null

24-10-2024T09:22:20 - [TEST_STEP][PASSED] - iwpPages.emulatorIWP30.setDataEmulator_DD(EmulatorDataKey): iwpPages.emulatorIWP30.setDataEmulator_DD is PASSED

24-10-2024T09:22:20 - [MESSAGE][WARNING] - A browser is already opened. Closing browser and opening a new one

24-10-2024T09:22:21 - [MESSAGE][INFO] - Starting 'Edge Chromium' driver

24-10-2024T09:22:21 - [MESSAGE][INFO] - User set preference: ['acceptInsecureCerts', 'true']

24-10-2024T09:22:23 - [MESSAGE][INFO] - Action delay is set to 0 milliseconds

24-10-2024T09:22:28 - [MESSAGE][PASSED] - Browser is opened with url: 'https://qa2.velocitypayment.com/agencyx/config.action?action=editor&message_version=2_5'

24-10-2024T09:22:28 - [MESSAGE][PASSED] - Current window maximized

24-10-2024T09:22:59 - [MESSAGE][INFO] - Unable to find the element located by 'By.xpath: //select[@name='message_version']'. Please recheck the objects properties to make sure the desired element is located. 

24-10-2024T09:22:59 - [MESSAGE][WARNING] - [SELF-HEALING] Failed to find element with id 'Object Repository/IWP30/Page_VRelay30Emulator/MV'. Try using Self-healing.

24-10-2024T09:22:59 - [MESSAGE][WARNING] - [SELF-HEALING] The current locator of test object 'Object Repository/IWP30/Page_VRelay30Emulator/MV' was broken. Propose an alternative one: '(.//*[normalize-space(text()) and normalize-space(.)='Message Version'])[1]/following::select[1]'.

24-10-2024T09:23:00 - [MESSAGE][PASSED] - All options with value '2.5' are selected in object 'Object Repository/IWP30/Page_VRelay30Emulator/MV'  using regular expression

24-10-2024T09:23:01 - [MESSAGE][PASSED] - Text '10.50' is set on object 'Object Repository/IWP30/Page_EmulatorAgencyX/Amount'

24-10-2024T09:23:02 - [MESSAGE][PASSED] - Text 'rQ3HiuxCOg2i' is set on object 'Object Repository/IWP30/Page_EmulatorAgencyX/CAN'

24-10-2024T09:23:02 - [MESSAGE][PASSED] - Text 'PayNow' is set on object 'Object Repository/IWP30/Page_EmulatorAgencyX/Action'

24-10-2024T09:23:03 - [MESSAGE][PASSED] - Text 'en_US' is set on object 'Object Repository/IWP30/Page_EmulatorAgencyX/Lang'

24-10-2024T09:23:03 - [MESSAGE][PASSED] - Text '' is set on object 'Object Repository/IWP30/Page_EmulatorAgencyX/Fname'

24-10-2024T09:23:04 - [MESSAGE][PASSED] - Text '' is set on object 'Object Repository/IWP30/Page_EmulatorAgencyX/Lname'

24-10-2024T09:23:05 - [MESSAGE][PASSED] - Text '' is set on object 'Object Repository/IWP30/Page_EmulatorAgencyX/AL1'

24-10-2024T09:23:05 - [MESSAGE][PASSED] - Text '' is set on object 'Object Repository/IWP30/Page_EmulatorAgencyX/AL2'

24-10-2024T09:23:06 - [MESSAGE][PASSED] - Text '' is set on object 'Object Repository/IWP30/Page_EmulatorAgencyX/Country'

24-10-2024T09:23:06 - [MESSAGE][PASSED] - Text '' is set on object 'Object Repository/IWP30/Page_EmulatorAgencyX/City'

24-10-2024T09:23:07 - [MESSAGE][PASSED] - Text '' is set on object 'Object Repository/IWP30/Page_EmulatorAgencyX/State'

24-10-2024T09:23:07 - [MESSAGE][PASSED] - Text '' is set on object 'Object Repository/IWP30/Page_EmulatorAgencyX/ZIP'

24-10-2024T09:23:08 - [MESSAGE][PASSED] - Text '' is set on object 'Object Repository/IWP30/Page_EmulatorAgencyX/Order'

24-10-2024T09:23:09 - [MESSAGE][PASSED] - Text '' is set on object 'Object Repository/IWP30/Page_EmulatorAgencyX/Company'

24-10-2024T09:23:09 - [MESSAGE][PASSED] - Text '' is set on object 'Object Repository/IWP30/Page_EmulatorAgencyX/Email'

24-10-2024T09:23:10 - [MESSAGE][PASSED] - Text '' is set on object 'Object Repository/IWP30/Page_EmulatorAgencyX/UDF1'

24-10-2024T09:23:10 - [MESSAGE][PASSED] - Text '' is set on object 'Object Repository/IWP30/Page_EmulatorAgencyX/UDF2'

24-10-2024T09:23:11 - [MESSAGE][PASSED] - Text '' is set on object 'Object Repository/IWP30/Page_EmulatorAgencyX/UDF3'

24-10-2024T09:23:12 - [MESSAGE][PASSED] - Text 'udf data 4' is set on object 'Object Repository/IWP30/Page_EmulatorAgencyX/UDF4'

24-10-2024T09:23:12 - [MESSAGE][PASSED] - Text 'udf data 5' is set on object 'Object Repository/IWP30/Page_EmulatorAgencyX/UDF5'

24-10-2024T09:23:13 - [MESSAGE][PASSED] - Text '' is set on object 'Object Repository/IWP30/Page_EmulatorAgencyX/UDF6'

24-10-2024T09:23:13 - [MESSAGE][PASSED] - Text '' is set on object 'Object Repository/IWP30/Page_EmulatorAgencyX/UDF7'

24-10-2024T09:23:14 - [MESSAGE][PASSED] - Text '' is set on object 'Object Repository/IWP30/Page_EmulatorAgencyX/UDF8'

24-10-2024T09:23:15 - [MESSAGE][PASSED] - Text 'udf data 9' is set on object 'Object Repository/IWP30/Page_EmulatorAgencyX/UDF9'

24-10-2024T09:23:15 - [MESSAGE][PASSED] - Text 'udf data 10' is set on object 'Object Repository/IWP30/Page_EmulatorAgencyX/UDF10'

24-10-2024T09:23:17 - [MESSAGE][PASSED] - Object: 'Object Repository/IWP30/Page_EmulatorAgencyX/Submit' is clicked on

24-10-2024T09:23:21 - [MESSAGE][PASSED] - Browser is closed

24-10-2024T09:23:25 - [MESSAGE][PASSED] - iwpPages.emulatorIWP30.setDataEmulator_DD is PASSED

24-10-2024T09:23:25 - [TEST_STEP][PASSED] - testHarnessURL = urlTestHarness: null

24-10-2024T09:23:25 - [TEST_STEP][PASSED] - openBrowser(testHarnessURL): Browser is opened with url: 'https://dev-algorithm.govolution.com/vrelaytest/QA2/version_2_2/vrelaytest.html'

24-10-2024T09:23:25 - [MESSAGE][INFO] - Starting 'Edge Chromium' driver

24-10-2024T09:23:25 - [MESSAGE][INFO] - User set preference: ['acceptInsecureCerts', 'true']

24-10-2024T09:23:27 - [MESSAGE][INFO] - Action delay is set to 0 milliseconds

24-10-2024T09:23:31 - [MESSAGE][PASSED] - Browser is opened with url: 'https://dev-algorithm.govolution.com/vrelaytest/QA2/version_2_2/vrelaytest.html'

24-10-2024T09:23:31 - [TEST_STEP][PASSED] - maximizeWindow(): Current window maximized

24-10-2024T09:23:31 - [MESSAGE][PASSED] - Current window maximized

24-10-2024T09:23:31 - [TEST_STEP][PASSED] - iwpPages.TestHarnessPage.setDataMethod(row, dataFile): iwpPages.TestHarnessPage.setDataMethod is PASSED

24-10-2024T09:23:32 - [MESSAGE][PASSED] - Object 'Object Repository/IWP30/Page_QATestHarness/RemittanceID' is present

24-10-2024T09:23:32 - [MESSAGE][PASSED] - Text '638' is set on object 'Object Repository/IWP30/Page_QATestHarness/ApplicationID'

24-10-2024T09:23:33 - [MESSAGE][PASSED] - Text '2.5' is set on object 'Object Repository/IWP30/Page_QATestHarness/MessageVersion'

24-10-2024T09:23:34 - [MESSAGE][PASSED] - Text 'ZSxRKkZxxsbE' is set on object 'Object Repository/IWP30/Page_QATestHarness/RemittanceID'

24-10-2024T09:23:38 - [MESSAGE][PASSED] - Object: 'Object Repository/IWP30/Page_QATestHarness/SubmitButton' is clicked on

24-10-2024T09:23:38 - [MESSAGE][PASSED] - iwpPages.TestHarnessPage.setDataMethod is PASSED

24-10-2024T09:23:38 - [TEST_STEP][PASSED] - click(findTestObject("Object Repository/IWP30/Page_SelectPaymentMethod/PayByCorporateCheck")): Object: 'Object Repository/IWP30/Page_SelectPaymentMethod/PayByCorporateCheck' is clicked on

24-10-2024T09:23:39 - [MESSAGE][PASSED] - Object: 'Object Repository/IWP30/Page_SelectPaymentMethod/PayByCorporateCheck' is clicked on

24-10-2024T09:23:39 - [TEST_STEP][PASSED] - click(findTestObject("Object Repository/IWP30/Page_SelectPaymentMethod/MakePaymentButton")): Object: 'Object Repository/IWP30/Page_SelectPaymentMethod/MakePaymentButton' is clicked on

24-10-2024T09:23:41 - [MESSAGE][PASSED] - Object: 'Object Repository/IWP30/Page_SelectPaymentMethod/MakePaymentButton' is clicked on

24-10-2024T09:23:41 - [TEST_STEP][PASSED] - click(findTestObject("Object Repository/IWP30/Page_ACHCorporatePaymentEntry/btn_Continue")): Object: 'Object Repository/IWP30/Page_ACHCorporatePaymentEntry/btn_Continue' is clicked on

24-10-2024T09:23:44 - [MESSAGE][PASSED] - Object: 'Object Repository/IWP30/Page_ACHCorporatePaymentEntry/btn_Continue' is clicked on

24-10-2024T09:23:44 - [TEST_STEP][PASSED] - Thread.sleep(5000): null

24-10-2024T09:23:49 - [TEST_STEP][FAILED] - if (verifyTextPresent("UDF3 Label is required", false)): Text 'UDF3 Label is required' is not present on page  (Root cause: com.kms.katalon.core.exception.StepFailedException: Text 'UDF3 Label is required' is not present on page 
	at com.kms.katalon.core.webui.keyword.internal.WebUIKeywordMain.stepFailed(WebUIKeywordMain.groovy:64)
	at com.kms.katalon.core.webui.keyword.builtin.VerifyTextPresentKeyword$_verifyTextPresent_closure1.doCall(VerifyTextPresentKeyword.groovy:79)
	at com.kms.katalon.core.webui.keyword.builtin.VerifyTextPresentKeyword$_verifyTextPresent_closure1.call(VerifyTextPresentKeyword.groovy)
	at com.kms.katalon.core.webui.keyword.internal.WebUIKeywordMain.runKeyword(WebUIKeywordMain.groovy:20)
	at com.kms.katalon.core.webui.keyword.builtin.VerifyTextPresentKeyword.verifyTextPresent(VerifyTextPresentKeyword.groovy:83)
	at com.kms.katalon.core.webui.keyword.builtin.VerifyTextPresentKeyword.execute(VerifyTextPresentKeyword.groovy:68)
	at com.kms.katalon.core.keyword.internal.KeywordExecutor.executeKeywordForPlatform(KeywordExecutor.groovy:74)
	at com.kms.katalon.core.webui.keyword.WebUiBuiltInKeywords.verifyTextPresent(WebUiBuiltInKeywords.groovy:1762)
	at MRFCorporate.run(MRFCorporate:83)
	at com.kms.katalon.core.main.ScriptEngine.run(ScriptEngine.java:194)
	at com.kms.katalon.core.main.ScriptEngine.runScriptAsRawText(ScriptEngine.java:119)
	at com.kms.katalon.core.main.TestCaseExecutor.runScript(TestCaseExecutor.java:448)
	at com.kms.katalon.core.main.TestCaseExecutor.doExecute(TestCaseExecutor.java:439)
	at com.kms.katalon.core.main.TestCaseExecutor.processExecutionPhase(TestCaseExecutor.java:418)
	at com.kms.katalon.core.main.TestCaseExecutor.accessMainPhase(TestCaseExecutor.java:410)
	at com.kms.katalon.core.main.TestCaseExecutor.execute(TestCaseExecutor.java:285)
	at com.kms.katalon.core.common.CommonExecutor.accessTestCaseMainPhase(CommonExecutor.java:65)
	at com.kms.katalon.core.main.TestSuiteExecutor.accessTestSuiteMainPhase(TestSuiteExecutor.java:150)
	at com.kms.katalon.core.main.TestSuiteExecutor.execute(TestSuiteExecutor.java:106)
	at com.kms.katalon.core.main.TestCaseMain.startTestSuite(TestCaseMain.java:180)
	at TempTestSuite1729731001385.run(TempTestSuite1729731001385.groovy:35)
	at java.base/jdk.internal.reflect.NativeMethodAccessorImpl.invoke0(Native Method)
	at java.base/jdk.internal.reflect.NativeMethodAccessorImpl.invoke(NativeMethodAccessorImpl.java:77)
	at java.base/jdk.internal.reflect.DelegatingMethodAccessorImpl.invoke(DelegatingMethodAccessorImpl.java:43)
)

24-10-2024T09:23:49 - [MESSAGE][FAILED] - Text 'UDF3 Label is required' is not present on page  (Root cause: com.kms.katalon.core.exception.StepFailedException: Text 'UDF3 Label is required' is not present on page 
	at com.kms.katalon.core.webui.keyword.internal.WebUIKeywordMain.stepFailed(WebUIKeywordMain.groovy:64)
	at com.kms.katalon.core.webui.keyword.builtin.VerifyTextPresentKeyword$_verifyTextPresent_closure1.doCall(VerifyTextPresentKeyword.groovy:79)
	at com.kms.katalon.core.webui.keyword.builtin.VerifyTextPresentKeyword$_verifyTextPresent_closure1.call(VerifyTextPresentKeyword.groovy)
	at com.kms.katalon.core.webui.keyword.internal.WebUIKeywordMain.runKeyword(WebUIKeywordMain.groovy:20)
	at com.kms.katalon.core.webui.keyword.builtin.VerifyTextPresentKeyword.verifyTextPresent(VerifyTextPresentKeyword.groovy:83)
	at com.kms.katalon.core.webui.keyword.builtin.VerifyTextPresentKeyword.execute(VerifyTextPresentKeyword.groovy:68)
	at com.kms.katalon.core.keyword.internal.KeywordExecutor.executeKeywordForPlatform(KeywordExecutor.groovy:74)
	at com.kms.katalon.core.webui.keyword.WebUiBuiltInKeywords.verifyTextPresent(WebUiBuiltInKeywords.groovy:1762)
	at MRFCorporate.run(MRFCorporate:83)
	at com.kms.katalon.core.main.ScriptEngine.run(ScriptEngine.java:194)
	at com.kms.katalon.core.main.ScriptEngine.runScriptAsRawText(ScriptEngine.java:119)
	at com.kms.katalon.core.main.TestCaseExecutor.runScript(TestCaseExecutor.java:448)
	at com.kms.katalon.core.main.TestCaseExecutor.doExecute(TestCaseExecutor.java:439)
	at com.kms.katalon.core.main.TestCaseExecutor.processExecutionPhase(TestCaseExecutor.java:418)
	at com.kms.katalon.core.main.TestCaseExecutor.accessMainPhase(TestCaseExecutor.java:410)
	at com.kms.katalon.core.main.TestCaseExecutor.execute(TestCaseExecutor.java:285)
	at com.kms.katalon.core.common.CommonExecutor.accessTestCaseMainPhase(CommonExecutor.java:65)
	at com.kms.katalon.core.main.TestSuiteExecutor.accessTestSuiteMainPhase(TestSuiteExecutor.java:150)
	at com.kms.katalon.core.main.TestSuiteExecutor.execute(TestSuiteExecutor.java:106)
	at com.kms.katalon.core.main.TestCaseMain.startTestSuite(TestCaseMain.java:180)
	at TempTestSuite1729731001385.run(TempTestSuite1729731001385.groovy:35)
	at java.base/jdk.internal.reflect.NativeMethodAccessorImpl.invoke0(Native Method)
	at java.base/jdk.internal.reflect.NativeMethodAccessorImpl.invoke(NativeMethodAccessorImpl.java:77)
	at java.base/jdk.internal.reflect.DelegatingMethodAccessorImpl.invoke(DelegatingMethodAccessorImpl.java:43)
)

24-10-2024T09:23:49 - [TEST_STEP][PASSED] - else: null

24-10-2024T09:23:49 - [TEST_STEP][PASSED] - isRequiredTextPresent = false: null

24-10-2024T09:23:49 - [TEST_STEP][PASSED] - if (isRequiredTextPresent): null

24-10-2024T09:23:49 - [TEST_STEP][PASSED] - if (isRequiredTextPresent): null

24-10-2024T09:23:49 - [TEST_STEP][PASSED] - if (isRequiredTextPresent): null

24-10-2024T09:23:49 - [TEST_STEP][PASSED] - if (isRequiredTextPresent): null

24-10-2024T09:23:49 - [TEST_STEP][PASSED] - if (isRequiredTextPresent): null

24-10-2024T09:23:49 - [TEST_STEP][PASSED] - if (isRequiredTextPresent): null

24-10-2024T09:23:49 - [TEST_STEP][PASSED] - if (isRequiredTextPresent): null

24-10-2024T09:23:49 - [TEST_STEP][PASSED] - if (isRequiredTextPresent): null

24-10-2024T09:23:49 - [TEST_STEP][PASSED] - if (isRequiredTextPresent): null

24-10-2024T09:23:49 - [TEST_STEP][PASSED] - if (isRequiredTextPresent): null

24-10-2024T09:23:49 - [TEST_STEP][PASSED] - if (isRequiredTextPresent): null

24-10-2024T09:23:49 - [TEST_STEP][PASSED] - if (isRequiredTextPresent): null

24-10-2024T09:23:49 - [TEST_STEP][FAILED] - else: null

24-10-2024T09:23:49 - [TEST_STEP][PASSED] - println("One or more error messages are missing"): null

24-10-2024T09:23:49 - [TEST_STEP][FAILED] - markFailed("One or more error messages are missing"): One or more error messages are missing

24-10-2024T09:23:49 - [MESSAGE][FAILED] - One or more error messages are missing

24-10-2024T09:23:49 - [TEST_STEP][PASSED] - resText = "Fail": null

24-10-2024T09:23:49 - [TEST_STEP][ERROR] - pages.WriteExcel.demoKey(resText, datText, resColumn, datCloumn, fileLoc, nameSheet, row): Test Cases/IntegratedWeb/IWP25/Error/MRFCorporate FAILED.
Reason:
com.kms.katalon.core.exception.StepErrorException: org.codehaus.groovy.runtime.InvokerInvocationException: java.io.FileNotFoundException: KatalonData\IWPTestData\VRelay25Payments.xlsx (The process cannot access the file because it is being used by another process)
	at com.kms.katalon.core.main.CustomKeywordDelegatingMetaClass.throwError(CustomKeywordDelegatingMetaClass.java:101)
	at com.kms.katalon.core.main.CustomKeywordDelegatingMetaClass.invokeStaticMethod(CustomKeywordDelegatingMetaClass.java:73)
	at MRFCorporate.run(MRFCorporate:203)
	at com.kms.katalon.core.main.ScriptEngine.run(ScriptEngine.java:194)
	at com.kms.katalon.core.main.ScriptEngine.runScriptAsRawText(ScriptEngine.java:119)
	at com.kms.katalon.core.main.TestCaseExecutor.runScript(TestCaseExecutor.java:448)
	at com.kms.katalon.core.main.TestCaseExecutor.doExecute(TestCaseExecutor.java:439)
	at com.kms.katalon.core.main.TestCaseExecutor.processExecutionPhase(TestCaseExecutor.java:418)
	at com.kms.katalon.core.main.TestCaseExecutor.accessMainPhase(TestCaseExecutor.java:410)
	at com.kms.katalon.core.main.TestCaseExecutor.execute(TestCaseExecutor.java:285)
	at com.kms.katalon.core.common.CommonExecutor.accessTestCaseMainPhase(CommonExecutor.java:65)
	at com.kms.katalon.core.main.TestSuiteExecutor.accessTestSuiteMainPhase(TestSuiteExecutor.java:150)
	at com.kms.katalon.core.main.TestSuiteExecutor.execute(TestSuiteExecutor.java:106)
	at com.kms.katalon.core.main.TestCaseMain.startTestSuite(TestCaseMain.java:180)
	at TempTestSuite1729731001385.run(TempTestSuite1729731001385.groovy:35)
	at java.base/jdk.internal.reflect.NativeMethodAccessorImpl.invoke0(Native Method)
	at java.base/jdk.internal.reflect.NativeMethodAccessorImpl.invoke(NativeMethodAccessorImpl.java:77)
	at java.base/jdk.internal.reflect.DelegatingMethodAccessorImpl.invoke(DelegatingMethodAccessorImpl.java:43)
Caused by: org.codehaus.groovy.runtime.InvokerInvocationException: java.io.FileNotFoundException: KatalonData\IWPTestData\VRelay25Payments.xlsx (The process cannot access the file because it is being used by another process)
	at com.kms.katalon.core.main.CustomKeywordDelegatingMetaClass.invokeStaticMethod(CustomKeywordDelegatingMetaClass.java:55)
	at Script1723841148346.run(Script1723841148346.groovy:203)
	... 15 more
Caused by: java.io.FileNotFoundException: KatalonData\IWPTestData\VRelay25Payments.xlsx (The process cannot access the file because it is being used by another process)
	at pages.WriteExcel.demoKey(WriteExcel.groovy:93)
	at jdk.internal.reflect.GeneratedMethodAccessor43.invoke(Unknown Source)
	at java.base/jdk.internal.reflect.DelegatingMethodAccessorImpl.invoke(DelegatingMethodAccessorImpl.java:43)
	at com.kms.katalon.core.main.CustomKeywordDelegatingMetaClass.invokeStaticMethod(CustomKeywordDelegatingMetaClass.java:55)
	at MRFCorporate.run(MRFCorporate:203)
	... 15 more


24-10-2024T09:23:49 - [MESSAGE][ERROR] - java.io.FileNotFoundException: KatalonData\IWPTestData\VRelay25Payments.xlsx (The process cannot access the file because it is being used by another process)

24-10-2024T09:23:49 - [MESSAGE][ERROR] - Test Cases/IntegratedWeb/IWP25/Error/MRFCorporate FAILED.
Reason:
com.kms.katalon.core.exception.StepErrorException: org.codehaus.groovy.runtime.InvokerInvocationException: java.io.FileNotFoundException: KatalonData\IWPTestData\VRelay25Payments.xlsx (The process cannot access the file because it is being used by another process)
	at com.kms.katalon.core.main.CustomKeywordDelegatingMetaClass.throwError(CustomKeywordDelegatingMetaClass.java:101)
	at com.kms.katalon.core.main.CustomKeywordDelegatingMetaClass.invokeStaticMethod(CustomKeywordDelegatingMetaClass.java:73)
	at MRFCorporate.run(MRFCorporate:203)
	at com.kms.katalon.core.main.ScriptEngine.run(ScriptEngine.java:194)
	at com.kms.katalon.core.main.ScriptEngine.runScriptAsRawText(ScriptEngine.java:119)
	at com.kms.katalon.core.main.TestCaseExecutor.runScript(TestCaseExecutor.java:448)
	at com.kms.katalon.core.main.TestCaseExecutor.doExecute(TestCaseExecutor.java:439)
	at com.kms.katalon.core.main.TestCaseExecutor.processExecutionPhase(TestCaseExecutor.java:418)
	at com.kms.katalon.core.main.TestCaseExecutor.accessMainPhase(TestCaseExecutor.java:410)
	at com.kms.katalon.core.main.TestCaseExecutor.execute(TestCaseExecutor.java:285)
	at com.kms.katalon.core.common.CommonExecutor.accessTestCaseMainPhase(CommonExecutor.java:65)
	at com.kms.katalon.core.main.TestSuiteExecutor.accessTestSuiteMainPhase(TestSuiteExecutor.java:150)
	at com.kms.katalon.core.main.TestSuiteExecutor.execute(TestSuiteExecutor.java:106)
	at com.kms.katalon.core.main.TestCaseMain.startTestSuite(TestCaseMain.java:180)
	at TempTestSuite1729731001385.run(TempTestSuite1729731001385.groovy:35)
	at java.base/jdk.internal.reflect.NativeMethodAccessorImpl.invoke0(Native Method)
	at java.base/jdk.internal.reflect.NativeMethodAccessorImpl.invoke(NativeMethodAccessorImpl.java:77)
	at java.base/jdk.internal.reflect.DelegatingMethodAccessorImpl.invoke(DelegatingMethodAccessorImpl.java:43)
Caused by: org.codehaus.groovy.runtime.InvokerInvocationException: java.io.FileNotFoundException: KatalonData\IWPTestData\VRelay25Payments.xlsx (The process cannot access the file because it is being used by another process)
	at com.kms.katalon.core.main.CustomKeywordDelegatingMetaClass.invokeStaticMethod(CustomKeywordDelegatingMetaClass.java:55)
	at Script1723841148346.run(Script1723841148346.groovy:203)
	... 15 more
Caused by: java.io.FileNotFoundException: KatalonData\IWPTestData\VRelay25Payments.xlsx (The process cannot access the file because it is being used by another process)
	at pages.WriteExcel.demoKey(WriteExcel.groovy:93)
	at jdk.internal.reflect.GeneratedMethodAccessor43.invoke(Unknown Source)
	at java.base/jdk.internal.reflect.DelegatingMethodAccessorImpl.invoke(DelegatingMethodAccessorImpl.java:43)
	at com.kms.katalon.core.main.CustomKeywordDelegatingMetaClass.invokeStaticMethod(CustomKeywordDelegatingMetaClass.java:55)
	at MRFCorporate.run(MRFCorporate:203)
	... 15 more]]></system-out>
         <system-err><![CDATA[24-10-2024T09:22:19 - [TEST_CASE][FAILED] - Test Cases/IntegratedWeb/IWP25/Error/MRFCorporate: Test Cases/IntegratedWeb/IWP25/Error/MRFCorporate FAILED.
Reason:
com.kms.katalon.core.exception.StepFailedException: Text 'UDF3 Label is required' is not present on page  (Root cause: com.kms.katalon.core.exception.StepFailedException: Text 'UDF3 Label is required' is not present on page 
	at com.kms.katalon.core.webui.keyword.internal.WebUIKeywordMain.stepFailed(WebUIKeywordMain.groovy:64)
	at com.kms.katalon.core.webui.keyword.builtin.VerifyTextPresentKeyword$_verifyTextPresent_closure1.doCall(VerifyTextPresentKeyword.groovy:79)
	at com.kms.katalon.core.webui.keyword.builtin.VerifyTextPresentKeyword$_verifyTextPresent_closure1.call(VerifyTextPresentKeyword.groovy)
	at com.kms.katalon.core.webui.keyword.internal.WebUIKeywordMain.runKeyword(WebUIKeywordMain.groovy:20)
	at com.kms.katalon.core.webui.keyword.builtin.VerifyTextPresentKeyword.verifyTextPresent(VerifyTextPresentKeyword.groovy:83)
	at com.kms.katalon.core.webui.keyword.builtin.VerifyTextPresentKeyword.execute(VerifyTextPresentKeyword.groovy:68)
	at com.kms.katalon.core.keyword.internal.KeywordExecutor.executeKeywordForPlatform(KeywordExecutor.groovy:74)
	at com.kms.katalon.core.webui.keyword.WebUiBuiltInKeywords.verifyTextPresent(WebUiBuiltInKeywords.groovy:1762)
	at MRFCorporate.run(MRFCorporate:83)
	at com.kms.katalon.core.main.ScriptEngine.run(ScriptEngine.java:194)
	at com.kms.katalon.core.main.ScriptEngine.runScriptAsRawText(ScriptEngine.java:119)
	at com.kms.katalon.core.main.TestCaseExecutor.runScript(TestCaseExecutor.java:448)
	at com.kms.katalon.core.main.TestCaseExecutor.doExecute(TestCaseExecutor.java:439)
	at com.kms.katalon.core.main.TestCaseExecutor.processExecutionPhase(TestCaseExecutor.java:418)
	at com.kms.katalon.core.main.TestCaseExecutor.accessMainPhase(TestCaseExecutor.java:410)
	at com.kms.katalon.core.main.TestCaseExecutor.execute(TestCaseExecutor.java:285)
	at com.kms.katalon.core.common.CommonExecutor.accessTestCaseMainPhase(CommonExecutor.java:65)
	at com.kms.katalon.core.main.TestSuiteExecutor.accessTestSuiteMainPhase(TestSuiteExecutor.java:150)
	at com.kms.katalon.core.main.TestSuiteExecutor.execute(TestSuiteExecutor.java:106)
	at com.kms.katalon.core.main.TestCaseMain.startTestSuite(TestCaseMain.java:180)
	at TempTestSuite1729731001385.run(TempTestSuite1729731001385.groovy:35)
	at java.base/jdk.internal.reflect.NativeMethodAccessorImpl.invoke0(Native Method)
	at java.base/jdk.internal.reflect.NativeMethodAccessorImpl.invoke(NativeMethodAccessorImpl.java:77)
	at java.base/jdk.internal.reflect.DelegatingMethodAccessorImpl.invoke(DelegatingMethodAccessorImpl.java:43)
)
	at com.kms.katalon.core.keyword.internal.KeywordMain.stepFailed(KeywordMain.groovy:39)
	at com.kms.katalon.core.webui.keyword.internal.WebUIKeywordMain.stepFailed(WebUIKeywordMain.groovy:64)
	at com.kms.katalon.core.webui.keyword.builtin.VerifyTextPresentKeyword$_verifyTextPresent_closure1.doCall(VerifyTextPresentKeyword.groovy:79)
	at com.kms.katalon.core.webui.keyword.builtin.VerifyTextPresentKeyword$_verifyTextPresent_closure1.call(VerifyTextPresentKeyword.groovy)
	at com.kms.katalon.core.webui.keyword.internal.WebUIKeywordMain.runKeyword(WebUIKeywordMain.groovy:20)
	at com.kms.katalon.core.webui.keyword.builtin.VerifyTextPresentKeyword.verifyTextPresent(VerifyTextPresentKeyword.groovy:83)
	at com.kms.katalon.core.webui.keyword.builtin.VerifyTextPresentKeyword.execute(VerifyTextPresentKeyword.groovy:68)
	at com.kms.katalon.core.keyword.internal.KeywordExecutor.executeKeywordForPlatform(KeywordExecutor.groovy:74)
	at com.kms.katalon.core.webui.keyword.WebUiBuiltInKeywords.verifyTextPresent(WebUiBuiltInKeywords.groovy:1762)
	at MRFCorporate.run(MRFCorporate:83)
	at com.kms.katalon.core.main.ScriptEngine.run(ScriptEngine.java:194)
	at com.kms.katalon.core.main.ScriptEngine.runScriptAsRawText(ScriptEngine.java:119)
	at com.kms.katalon.core.main.TestCaseExecutor.runScript(TestCaseExecutor.java:448)
	at com.kms.katalon.core.main.TestCaseExecutor.doExecute(TestCaseExecutor.java:439)
	at com.kms.katalon.core.main.TestCaseExecutor.processExecutionPhase(TestCaseExecutor.java:418)
	at com.kms.katalon.core.main.TestCaseExecutor.accessMainPhase(TestCaseExecutor.java:410)
	at com.kms.katalon.core.main.TestCaseExecutor.execute(TestCaseExecutor.java:285)
	at com.kms.katalon.core.common.CommonExecutor.accessTestCaseMainPhase(CommonExecutor.java:65)
	at com.kms.katalon.core.main.TestSuiteExecutor.accessTestSuiteMainPhase(TestSuiteExecutor.java:150)
	at com.kms.katalon.core.main.TestSuiteExecutor.execute(TestSuiteExecutor.java:106)
	at com.kms.katalon.core.main.TestCaseMain.startTestSuite(TestCaseMain.java:180)
	at TempTestSuite1729731001385.run(TempTestSuite1729731001385.groovy:35)
	at java.base/jdk.internal.reflect.NativeMethodAccessorImpl.invoke0(Native Method)
	at java.base/jdk.internal.reflect.NativeMethodAccessorImpl.invoke(NativeMethodAccessorImpl.java:77)
	at java.base/jdk.internal.reflect.DelegatingMethodAccessorImpl.invoke(DelegatingMethodAccessorImpl.java:43)
Caused by: com.kms.katalon.core.exception.StepFailedException: Text 'UDF3 Label is required' is not present on page 
	... 24 more]]></system-err>
      </testcase>
      <testcase name="Test Cases/IntegratedWeb/IWP25/Error/NoOverPayErrorCC" time="105.027" classname="Test Cases/IntegratedWeb/IWP25/Error/NoOverPayErrorCC" status="ERROR">
         <error type="ERROR" message="Test Cases/IntegratedWeb/IWP25/Error/NoOverPayErrorCC FAILED.&#xa;Reason:&#xa;org.codehaus.groovy.runtime.InvokerInvocationException: java.io.FileNotFoundException: KatalonData\IWPTestData\VRelay25Payments.xlsx (The process cannot access the file because it is being used by another process)&#xa;	at com.kms.katalon.core.main.CustomKeywordDelegatingMetaClass.invokeStaticMethod(CustomKeywordDelegatingMetaClass.java:55)&#xa;	at NoOverPayErrorCC.run(NoOverPayErrorCC:91)&#xa;	at com.kms.katalon.core.main.ScriptEngine.run(ScriptEngine.java:194)&#xa;	at com.kms.katalon.core.main.ScriptEngine.runScriptAsRawText(ScriptEngine.java:119)&#xa;	at com.kms.katalon.core.main.TestCaseExecutor.runScript(TestCaseExecutor.java:448)&#xa;	at com.kms.katalon.core.main.TestCaseExecutor.doExecute(TestCaseExecutor.java:439)&#xa;	at com.kms.katalon.core.main.TestCaseExecutor.processExecutionPhase(TestCaseExecutor.java:418)&#xa;	at com.kms.katalon.core.main.TestCaseExecutor.accessMainPhase(TestCaseExecutor.java:410)&#xa;	at com.kms.katalon.core.main.TestCaseExecutor.execute(TestCaseExecutor.java:285)&#xa;	at com.kms.katalon.core.common.CommonExecutor.accessTestCaseMainPhase(CommonExecutor.java:65)&#xa;	at com.kms.katalon.core.main.TestSuiteExecutor.accessTestSuiteMainPhase(TestSuiteExecutor.java:150)&#xa;	at com.kms.katalon.core.main.TestSuiteExecutor.execute(TestSuiteExecutor.java:106)&#xa;	at com.kms.katalon.core.main.TestCaseMain.startTestSuite(TestCaseMain.java:180)&#xa;	at TempTestSuite1729731001385.run(TempTestSuite1729731001385.groovy:35)&#xa;	at java.base/jdk.internal.reflect.NativeMethodAccessorImpl.invoke0(Native Method)&#xa;	at java.base/jdk.internal.reflect.NativeMethodAccessorImpl.invoke(NativeMethodAccessorImpl.java:77)&#xa;	at java.base/jdk.internal.reflect.DelegatingMethodAccessorImpl.invoke(DelegatingMethodAccessorImpl.java:43)&#xa;Caused by: java.io.FileNotFoundException: KatalonData\IWPTestData\VRelay25Payments.xlsx (The process cannot access the file because it is being used by another process)&#xa;	at pages.WriteExcel.demoKey(WriteExcel.groovy:93)&#xa;	at jdk.internal.reflect.GeneratedMethodAccessor43.invoke(Unknown Source)&#xa;	at java.base/jdk.internal.reflect.DelegatingMethodAccessorImpl.invoke(DelegatingMethodAccessorImpl.java:43)&#xa;	... 17 more&#xa;"/>
         <system-out><![CDATA[24-10-2024T09:23:49 - [TEST_CASE][ERROR] - Test Cases/IntegratedWeb/IWP25/Error/NoOverPayErrorCC: Test Cases/IntegratedWeb/IWP25/Error/NoOverPayErrorCC FAILED.
Reason:
org.codehaus.groovy.runtime.InvokerInvocationException: java.io.FileNotFoundException: KatalonData\IWPTestData\VRelay25Payments.xlsx (The process cannot access the file because it is being used by another process)
	at com.kms.katalon.core.main.CustomKeywordDelegatingMetaClass.invokeStaticMethod(CustomKeywordDelegatingMetaClass.java:55)
	at NoOverPayErrorCC.run(NoOverPayErrorCC:91)
	at com.kms.katalon.core.main.ScriptEngine.run(ScriptEngine.java:194)
	at com.kms.katalon.core.main.ScriptEngine.runScriptAsRawText(ScriptEngine.java:119)
	at com.kms.katalon.core.main.TestCaseExecutor.runScript(TestCaseExecutor.java:448)
	at com.kms.katalon.core.main.TestCaseExecutor.doExecute(TestCaseExecutor.java:439)
	at com.kms.katalon.core.main.TestCaseExecutor.processExecutionPhase(TestCaseExecutor.java:418)
	at com.kms.katalon.core.main.TestCaseExecutor.accessMainPhase(TestCaseExecutor.java:410)
	at com.kms.katalon.core.main.TestCaseExecutor.execute(TestCaseExecutor.java:285)
	at com.kms.katalon.core.common.CommonExecutor.accessTestCaseMainPhase(CommonExecutor.java:65)
	at com.kms.katalon.core.main.TestSuiteExecutor.accessTestSuiteMainPhase(TestSuiteExecutor.java:150)
	at com.kms.katalon.core.main.TestSuiteExecutor.execute(TestSuiteExecutor.java:106)
	at com.kms.katalon.core.main.TestCaseMain.startTestSuite(TestCaseMain.java:180)
	at TempTestSuite1729731001385.run(TempTestSuite1729731001385.groovy:35)
	at java.base/jdk.internal.reflect.NativeMethodAccessorImpl.invoke0(Native Method)
	at java.base/jdk.internal.reflect.NativeMethodAccessorImpl.invoke(NativeMethodAccessorImpl.java:77)
	at java.base/jdk.internal.reflect.DelegatingMethodAccessorImpl.invoke(DelegatingMethodAccessorImpl.java:43)
Caused by: java.io.FileNotFoundException: KatalonData\IWPTestData\VRelay25Payments.xlsx (The process cannot access the file because it is being used by another process)
	at pages.WriteExcel.demoKey(WriteExcel.groovy:93)
	at jdk.internal.reflect.GeneratedMethodAccessor43.invoke(Unknown Source)
	at java.base/jdk.internal.reflect.DelegatingMethodAccessorImpl.invoke(DelegatingMethodAccessorImpl.java:43)
	... 17 more


24-10-2024T09:23:49 - [TEST_STEP][PASSED] - resText = "Fail": null

24-10-2024T09:23:49 - [TEST_STEP][PASSED] - resColumn = "Result": null

24-10-2024T09:23:49 - [TEST_STEP][PASSED] - datCloumn = "Date": null

24-10-2024T09:23:49 - [TEST_STEP][PASSED] - fileLoc = "KatalonData/IWPTestData/VRelay25Payments.xlsx": null

24-10-2024T09:23:49 - [TEST_STEP][PASSED] - numOfRows = <not implemented yet for class: org.codehaus.groovy.ast.expr.EmptyExpression>: null

24-10-2024T09:23:49 - [TEST_STEP][PASSED] - dataFile = <not implemented yet for class: org.codehaus.groovy.ast.expr.EmptyExpression>: null

24-10-2024T09:23:49 - [TEST_STEP][PASSED] - nameSheet = <not implemented yet for class: org.codehaus.groovy.ast.expr.EmptyExpression>: null

24-10-2024T09:23:49 - [TEST_STEP][PASSED] - dataFileEmulator = <not implemented yet for class: org.codehaus.groovy.ast.expr.EmptyExpression>: null

24-10-2024T09:23:49 - [TEST_STEP][PASSED] - nameSheet = "NoOverPayErrorCC": null

24-10-2024T09:23:49 - [TEST_STEP][PASSED] - dataFile = "IWPTestData/IWP25NoOverPayErrorCC": null

24-10-2024T09:23:49 - [TEST_STEP][PASSED] - dataFileEmulator = "IWPTestData/EmulatorData": null

24-10-2024T09:23:49 - [TEST_STEP][PASSED] - numOfRows = findTestData(dataFile).getRowNumbers(): null

24-10-2024T09:23:49 - [TEST_STEP][PASSED] - println("Number of Records: " + numOfRows): null

24-10-2024T09:23:49 - [TEST_STEP][PASSED] - for ([row = 1, row <= numOfRows, (row++)]): null

24-10-2024T09:23:49 - [TEST_STEP][PASSED] - ExecuteTC = findTestData(dataFile).getValue("Execute", row): null

24-10-2024T09:23:49 - [TEST_STEP][PASSED] - out.println("Value of Execute is : " + ExecuteTC): null

24-10-2024T09:23:49 - [TEST_STEP][PASSED] - if (ExecuteTC.equalsIgnoreCase("Y")): null

24-10-2024T09:23:49 - [TEST_STEP][PASSED] - out.println("Begin Record Number: " + row): null

24-10-2024T09:23:49 - [TEST_STEP][PASSED] - today = new java.util.Date(): null

24-10-2024T09:23:49 - [TEST_STEP][PASSED] - println(today): null

24-10-2024T09:23:49 - [TEST_STEP][PASSED] - datText = today: null

24-10-2024T09:23:49 - [TEST_STEP][PASSED] - EmulatorDataKey = findTestData(dataFile).getValue("EmulatorData", row): null

24-10-2024T09:23:50 - [TEST_STEP][PASSED] - out.println("Value of Emulator Key is : " + EmulatorDataKey): null

24-10-2024T09:23:50 - [TEST_STEP][PASSED] - iwpPages.emulatorIWP30.setDataEmulator_DD(EmulatorDataKey): iwpPages.emulatorIWP30.setDataEmulator_DD is PASSED

24-10-2024T09:23:50 - [MESSAGE][WARNING] - A browser is already opened. Closing browser and opening a new one

24-10-2024T09:23:51 - [MESSAGE][INFO] - Starting 'Edge Chromium' driver

24-10-2024T09:23:51 - [MESSAGE][INFO] - User set preference: ['acceptInsecureCerts', 'true']

24-10-2024T09:23:53 - [MESSAGE][INFO] - Action delay is set to 0 milliseconds

24-10-2024T09:23:58 - [MESSAGE][PASSED] - Browser is opened with url: 'https://qa2.velocitypayment.com/agencyx/config.action?action=editor&message_version=2_5'

24-10-2024T09:23:58 - [MESSAGE][PASSED] - Current window maximized

24-10-2024T09:24:29 - [MESSAGE][INFO] - Unable to find the element located by 'By.xpath: //select[@name='message_version']'. Please recheck the objects properties to make sure the desired element is located. 

24-10-2024T09:24:29 - [MESSAGE][WARNING] - [SELF-HEALING] Failed to find element with id 'Object Repository/IWP30/Page_VRelay30Emulator/MV'. Try using Self-healing.

24-10-2024T09:24:29 - [MESSAGE][WARNING] - [SELF-HEALING] The current locator of test object 'Object Repository/IWP30/Page_VRelay30Emulator/MV' was broken. Propose an alternative one: '(.//*[normalize-space(text()) and normalize-space(.)='Message Version'])[1]/following::select[1]'.

24-10-2024T09:24:30 - [MESSAGE][PASSED] - All options with value '2.5' are selected in object 'Object Repository/IWP30/Page_VRelay30Emulator/MV'  using regular expression

24-10-2024T09:24:30 - [MESSAGE][PASSED] - Text '10.50' is set on object 'Object Repository/IWP30/Page_EmulatorAgencyX/Amount'

24-10-2024T09:24:31 - [MESSAGE][PASSED] - Text 'eyaIWpb0zWUE' is set on object 'Object Repository/IWP30/Page_EmulatorAgencyX/CAN'

24-10-2024T09:24:32 - [MESSAGE][PASSED] - Text 'PayNow' is set on object 'Object Repository/IWP30/Page_EmulatorAgencyX/Action'

24-10-2024T09:24:32 - [MESSAGE][PASSED] - Text 'en_US' is set on object 'Object Repository/IWP30/Page_EmulatorAgencyX/Lang'

24-10-2024T09:24:33 - [MESSAGE][PASSED] - Text 'Curlonty' is set on object 'Object Repository/IWP30/Page_EmulatorAgencyX/Fname'

24-10-2024T09:24:33 - [MESSAGE][PASSED] - Text 'Lachuga' is set on object 'Object Repository/IWP30/Page_EmulatorAgencyX/Lname'

24-10-2024T09:24:34 - [MESSAGE][PASSED] - Text '258 Underwood rd' is set on object 'Object Repository/IWP30/Page_EmulatorAgencyX/AL1'

24-10-2024T09:24:35 - [MESSAGE][PASSED] - Text 'Suite 600' is set on object 'Object Repository/IWP30/Page_EmulatorAgencyX/AL2'

24-10-2024T09:24:35 - [MESSAGE][PASSED] - Text '840' is set on object 'Object Repository/IWP30/Page_EmulatorAgencyX/Country'

24-10-2024T09:24:36 - [MESSAGE][PASSED] - Text 'Arlington' is set on object 'Object Repository/IWP30/Page_EmulatorAgencyX/City'

24-10-2024T09:24:37 - [MESSAGE][PASSED] - Text 'VA' is set on object 'Object Repository/IWP30/Page_EmulatorAgencyX/State'

24-10-2024T09:24:37 - [MESSAGE][PASSED] - Text '22201' is set on object 'Object Repository/IWP30/Page_EmulatorAgencyX/ZIP'

24-10-2024T09:24:38 - [MESSAGE][PASSED] - Text '' is set on object 'Object Repository/IWP30/Page_EmulatorAgencyX/Order'

24-10-2024T09:24:38 - [MESSAGE][PASSED] - Text '' is set on object 'Object Repository/IWP30/Page_EmulatorAgencyX/Company'

24-10-2024T09:24:39 - [MESSAGE][PASSED] - Text '' is set on object 'Object Repository/IWP30/Page_EmulatorAgencyX/Email'

24-10-2024T09:24:40 - [MESSAGE][PASSED] - Text 'udf data 1' is set on object 'Object Repository/IWP30/Page_EmulatorAgencyX/UDF1'

24-10-2024T09:24:40 - [MESSAGE][PASSED] - Text 'udf data 2' is set on object 'Object Repository/IWP30/Page_EmulatorAgencyX/UDF2'

24-10-2024T09:24:41 - [MESSAGE][PASSED] - Text '' is set on object 'Object Repository/IWP30/Page_EmulatorAgencyX/UDF3'

24-10-2024T09:24:41 - [MESSAGE][PASSED] - Text '' is set on object 'Object Repository/IWP30/Page_EmulatorAgencyX/UDF4'

24-10-2024T09:24:42 - [MESSAGE][PASSED] - Text '' is set on object 'Object Repository/IWP30/Page_EmulatorAgencyX/UDF5'

24-10-2024T09:24:43 - [MESSAGE][PASSED] - Text '' is set on object 'Object Repository/IWP30/Page_EmulatorAgencyX/UDF6'

24-10-2024T09:24:43 - [MESSAGE][PASSED] - Text '' is set on object 'Object Repository/IWP30/Page_EmulatorAgencyX/UDF7'

24-10-2024T09:24:44 - [MESSAGE][PASSED] - Text '' is set on object 'Object Repository/IWP30/Page_EmulatorAgencyX/UDF8'

24-10-2024T09:24:45 - [MESSAGE][PASSED] - Text '' is set on object 'Object Repository/IWP30/Page_EmulatorAgencyX/UDF9'

24-10-2024T09:24:45 - [MESSAGE][PASSED] - Text '' is set on object 'Object Repository/IWP30/Page_EmulatorAgencyX/UDF10'

24-10-2024T09:24:47 - [MESSAGE][PASSED] - Object: 'Object Repository/IWP30/Page_EmulatorAgencyX/Submit' is clicked on

24-10-2024T09:24:51 - [MESSAGE][PASSED] - Browser is closed

24-10-2024T09:24:55 - [MESSAGE][PASSED] - iwpPages.emulatorIWP30.setDataEmulator_DD is PASSED

24-10-2024T09:24:55 - [TEST_STEP][PASSED] - testHarnessURL = urlTestHarness: null

24-10-2024T09:24:55 - [TEST_STEP][PASSED] - openBrowser(testHarnessURL): Browser is opened with url: 'https://dev-algorithm.govolution.com/vrelaytest/QA2/version_2_2/vrelaytest.html'

24-10-2024T09:24:55 - [MESSAGE][INFO] - Starting 'Edge Chromium' driver

24-10-2024T09:24:55 - [MESSAGE][INFO] - User set preference: ['acceptInsecureCerts', 'true']

24-10-2024T09:24:58 - [MESSAGE][INFO] - Action delay is set to 0 milliseconds

24-10-2024T09:25:02 - [MESSAGE][PASSED] - Browser is opened with url: 'https://dev-algorithm.govolution.com/vrelaytest/QA2/version_2_2/vrelaytest.html'

24-10-2024T09:25:02 - [TEST_STEP][PASSED] - maximizeWindow(): Current window maximized

24-10-2024T09:25:02 - [MESSAGE][PASSED] - Current window maximized

24-10-2024T09:25:02 - [TEST_STEP][PASSED] - iwpPages.TestHarnessPage.setDataMethod(row, dataFile): iwpPages.TestHarnessPage.setDataMethod is PASSED

24-10-2024T09:25:02 - [MESSAGE][PASSED] - Object 'Object Repository/IWP30/Page_QATestHarness/RemittanceID' is present

24-10-2024T09:25:03 - [MESSAGE][PASSED] - Text '652' is set on object 'Object Repository/IWP30/Page_QATestHarness/ApplicationID'

24-10-2024T09:25:04 - [MESSAGE][PASSED] - Text '2.5' is set on object 'Object Repository/IWP30/Page_QATestHarness/MessageVersion'

24-10-2024T09:25:04 - [MESSAGE][PASSED] - Text '6YiWPJkJzMwU' is set on object 'Object Repository/IWP30/Page_QATestHarness/RemittanceID'

24-10-2024T09:25:09 - [MESSAGE][PASSED] - Object: 'Object Repository/IWP30/Page_QATestHarness/SubmitButton' is clicked on

24-10-2024T09:25:09 - [MESSAGE][PASSED] - iwpPages.TestHarnessPage.setDataMethod is PASSED

24-10-2024T09:25:09 - [TEST_STEP][PASSED] - click(findTestObject("Object Repository/IWP30/Page_SelectPaymentMethod/PayByCreditCard")): Object: 'Object Repository/IWP30/Page_SelectPaymentMethod/PayByCreditCard' is clicked on

24-10-2024T09:25:09 - [MESSAGE][PASSED] - Object: 'Object Repository/IWP30/Page_SelectPaymentMethod/PayByCreditCard' is clicked on

24-10-2024T09:25:09 - [TEST_STEP][PASSED] - click(findTestObject("Object Repository/IWP30/Page_SelectPaymentMethod/MakePaymentButton")): Object: 'Object Repository/IWP30/Page_SelectPaymentMethod/MakePaymentButton' is clicked on

24-10-2024T09:25:13 - [MESSAGE][PASSED] - Object: 'Object Repository/IWP30/Page_SelectPaymentMethod/MakePaymentButton' is clicked on

24-10-2024T09:25:13 - [TEST_STEP][PASSED] - iwpPages.ccPaymentEntryPage.setDataCCPM(row, dataFile): iwpPages.ccPaymentEntryPage.setDataCCPM is PASSED

24-10-2024T09:25:14 - [MESSAGE][PASSED] - Object 'Object Repository/IWP30/Page_CCPaymentEntry/Name' is present

24-10-2024T09:25:14 - [MESSAGE][PASSED] - Text '11.50' is set on object 'Object Repository/IWP30/Page_CCPaymentEntry/Amount'

24-10-2024T09:25:15 - [MESSAGE][PASSED] - Object 'Object Repository/IWP30/Page_CCPaymentEntry/Name' is present

24-10-2024T09:25:15 - [MESSAGE][PASSED] - Text 'Kavita Ranawati' is set on object 'Object Repository/IWP30/Page_CCPaymentEntry/Name'

24-10-2024T09:25:16 - [MESSAGE][PASSED] - Object 'Object Repository/IWP30/Page_CCPaymentEntry/CardNumber' is present

24-10-2024T09:25:16 - [MESSAGE][PASSED] - Text '4111111111111111' is set on object 'Object Repository/IWP30/Page_CCPaymentEntry/CardNumber'

24-10-2024T09:25:16 - [MESSAGE][PASSED] - Object 'Object Repository/IWP30/Page_CCPaymentEntry/Month' is present

24-10-2024T09:25:17 - [MESSAGE][PASSED] - All options with label '09' are selected in object 'Object Repository/IWP30/Page_CCPaymentEntry/Month' 

24-10-2024T09:25:17 - [MESSAGE][PASSED] - Object 'Object Repository/IWP30/Page_CCPaymentEntry/Year' is present

24-10-2024T09:25:18 - [MESSAGE][PASSED] - All options with label '2028' are selected in object 'Object Repository/IWP30/Page_CCPaymentEntry/Year' 

24-10-2024T09:25:19 - [MESSAGE][PASSED] - Text '365 Main Avenue' is set on object 'Object Repository/IWP30/Page_CCPaymentEntry/AL1'

24-10-2024T09:25:19 - [MESSAGE][PASSED] - Text '22201' is set on object 'Object Repository/IWP30/Page_CCPaymentEntry/ZIP'

24-10-2024T09:25:20 - [MESSAGE][PASSED] - Object 'Object Repository/IWP30/Page_CCPaymentEntry/EmailAddress' is present

24-10-2024T09:25:21 - [MESSAGE][PASSED] - Text 'iahmed@govolution.com' is set on object 'Object Repository/IWP30/Page_CCPaymentEntry/EmailAddress'

24-10-2024T09:25:21 - [MESSAGE][PASSED] - Object 'Object Repository/IWP30/Page_CCPaymentEntry/TermCondCheckBox' is present

24-10-2024T09:25:21 - [MESSAGE][PASSED] - Object 'Object Repository/IWP30/Page_CCPaymentEntry/TermCondCheckBox' is checked

24-10-2024T09:25:22 - [MESSAGE][PASSED] - Object 'Object Repository/IWP30/Page_CCPaymentEntry/ContinueButton' is present

24-10-2024T09:25:24 - [MESSAGE][PASSED] - Object: 'Object Repository/IWP30/Page_CCPaymentEntry/ContinueButton' is clicked on

24-10-2024T09:25:24 - [MESSAGE][PASSED] - iwpPages.ccPaymentEntryPage.setDataCCPM is PASSED

24-10-2024T09:25:24 - [TEST_STEP][PASSED] - Thread.sleep(10000): null

24-10-2024T09:25:34 - [TEST_STEP][PASSED] - if (verifyTextPresent("Payment amounts more than 10.50 are not accepted", false)): null

24-10-2024T09:25:34 - [MESSAGE][PASSED] - Text 'Payment amounts more than 10.50 are not accepted' is present on page 

24-10-2024T09:25:34 - [TEST_STEP][PASSED] - println("Over Pay Error message shown"): null

24-10-2024T09:25:34 - [TEST_STEP][PASSED] - markPassed("Over Pay Error message shown"): Over Pay Error message shown

24-10-2024T09:25:34 - [MESSAGE][PASSED] - Over Pay Error message shown

24-10-2024T09:25:34 - [TEST_STEP][PASSED] - resText = "Pass": null

24-10-2024T09:25:34 - [TEST_STEP][ERROR] - pages.WriteExcel.demoKey(resText, datText, resColumn, datCloumn, fileLoc, nameSheet, row): Test Cases/IntegratedWeb/IWP25/Error/NoOverPayErrorCC FAILED.
Reason:
com.kms.katalon.core.exception.StepErrorException: org.codehaus.groovy.runtime.InvokerInvocationException: java.io.FileNotFoundException: KatalonData\IWPTestData\VRelay25Payments.xlsx (The process cannot access the file because it is being used by another process)
	at com.kms.katalon.core.main.CustomKeywordDelegatingMetaClass.throwError(CustomKeywordDelegatingMetaClass.java:101)
	at com.kms.katalon.core.main.CustomKeywordDelegatingMetaClass.invokeStaticMethod(CustomKeywordDelegatingMetaClass.java:73)
	at NoOverPayErrorCC.run(NoOverPayErrorCC:91)
	at com.kms.katalon.core.main.ScriptEngine.run(ScriptEngine.java:194)
	at com.kms.katalon.core.main.ScriptEngine.runScriptAsRawText(ScriptEngine.java:119)
	at com.kms.katalon.core.main.TestCaseExecutor.runScript(TestCaseExecutor.java:448)
	at com.kms.katalon.core.main.TestCaseExecutor.doExecute(TestCaseExecutor.java:439)
	at com.kms.katalon.core.main.TestCaseExecutor.processExecutionPhase(TestCaseExecutor.java:418)
	at com.kms.katalon.core.main.TestCaseExecutor.accessMainPhase(TestCaseExecutor.java:410)
	at com.kms.katalon.core.main.TestCaseExecutor.execute(TestCaseExecutor.java:285)
	at com.kms.katalon.core.common.CommonExecutor.accessTestCaseMainPhase(CommonExecutor.java:65)
	at com.kms.katalon.core.main.TestSuiteExecutor.accessTestSuiteMainPhase(TestSuiteExecutor.java:150)
	at com.kms.katalon.core.main.TestSuiteExecutor.execute(TestSuiteExecutor.java:106)
	at com.kms.katalon.core.main.TestCaseMain.startTestSuite(TestCaseMain.java:180)
	at TempTestSuite1729731001385.run(TempTestSuite1729731001385.groovy:35)
	at java.base/jdk.internal.reflect.NativeMethodAccessorImpl.invoke0(Native Method)
	at java.base/jdk.internal.reflect.NativeMethodAccessorImpl.invoke(NativeMethodAccessorImpl.java:77)
	at java.base/jdk.internal.reflect.DelegatingMethodAccessorImpl.invoke(DelegatingMethodAccessorImpl.java:43)
Caused by: org.codehaus.groovy.runtime.InvokerInvocationException: java.io.FileNotFoundException: KatalonData\IWPTestData\VRelay25Payments.xlsx (The process cannot access the file because it is being used by another process)
	at com.kms.katalon.core.main.CustomKeywordDelegatingMetaClass.invokeStaticMethod(CustomKeywordDelegatingMetaClass.java:55)
	at Script1725035245265.run(Script1725035245265.groovy:91)
	... 15 more
Caused by: java.io.FileNotFoundException: KatalonData\IWPTestData\VRelay25Payments.xlsx (The process cannot access the file because it is being used by another process)
	at pages.WriteExcel.demoKey(WriteExcel.groovy:93)
	at jdk.internal.reflect.GeneratedMethodAccessor43.invoke(Unknown Source)
	at java.base/jdk.internal.reflect.DelegatingMethodAccessorImpl.invoke(DelegatingMethodAccessorImpl.java:43)
	at com.kms.katalon.core.main.CustomKeywordDelegatingMetaClass.invokeStaticMethod(CustomKeywordDelegatingMetaClass.java:55)
	at NoOverPayErrorCC.run(NoOverPayErrorCC:91)
	... 15 more


24-10-2024T09:25:34 - [MESSAGE][ERROR] - java.io.FileNotFoundException: KatalonData\IWPTestData\VRelay25Payments.xlsx (The process cannot access the file because it is being used by another process)

24-10-2024T09:25:34 - [MESSAGE][ERROR] - Test Cases/IntegratedWeb/IWP25/Error/NoOverPayErrorCC FAILED.
Reason:
com.kms.katalon.core.exception.StepErrorException: org.codehaus.groovy.runtime.InvokerInvocationException: java.io.FileNotFoundException: KatalonData\IWPTestData\VRelay25Payments.xlsx (The process cannot access the file because it is being used by another process)
	at com.kms.katalon.core.main.CustomKeywordDelegatingMetaClass.throwError(CustomKeywordDelegatingMetaClass.java:101)
	at com.kms.katalon.core.main.CustomKeywordDelegatingMetaClass.invokeStaticMethod(CustomKeywordDelegatingMetaClass.java:73)
	at NoOverPayErrorCC.run(NoOverPayErrorCC:91)
	at com.kms.katalon.core.main.ScriptEngine.run(ScriptEngine.java:194)
	at com.kms.katalon.core.main.ScriptEngine.runScriptAsRawText(ScriptEngine.java:119)
	at com.kms.katalon.core.main.TestCaseExecutor.runScript(TestCaseExecutor.java:448)
	at com.kms.katalon.core.main.TestCaseExecutor.doExecute(TestCaseExecutor.java:439)
	at com.kms.katalon.core.main.TestCaseExecutor.processExecutionPhase(TestCaseExecutor.java:418)
	at com.kms.katalon.core.main.TestCaseExecutor.accessMainPhase(TestCaseExecutor.java:410)
	at com.kms.katalon.core.main.TestCaseExecutor.execute(TestCaseExecutor.java:285)
	at com.kms.katalon.core.common.CommonExecutor.accessTestCaseMainPhase(CommonExecutor.java:65)
	at com.kms.katalon.core.main.TestSuiteExecutor.accessTestSuiteMainPhase(TestSuiteExecutor.java:150)
	at com.kms.katalon.core.main.TestSuiteExecutor.execute(TestSuiteExecutor.java:106)
	at com.kms.katalon.core.main.TestCaseMain.startTestSuite(TestCaseMain.java:180)
	at TempTestSuite1729731001385.run(TempTestSuite1729731001385.groovy:35)
	at java.base/jdk.internal.reflect.NativeMethodAccessorImpl.invoke0(Native Method)
	at java.base/jdk.internal.reflect.NativeMethodAccessorImpl.invoke(NativeMethodAccessorImpl.java:77)
	at java.base/jdk.internal.reflect.DelegatingMethodAccessorImpl.invoke(DelegatingMethodAccessorImpl.java:43)
Caused by: org.codehaus.groovy.runtime.InvokerInvocationException: java.io.FileNotFoundException: KatalonData\IWPTestData\VRelay25Payments.xlsx (The process cannot access the file because it is being used by another process)
	at com.kms.katalon.core.main.CustomKeywordDelegatingMetaClass.invokeStaticMethod(CustomKeywordDelegatingMetaClass.java:55)
	at Script1725035245265.run(Script1725035245265.groovy:91)
	... 15 more
Caused by: java.io.FileNotFoundException: KatalonData\IWPTestData\VRelay25Payments.xlsx (The process cannot access the file because it is being used by another process)
	at pages.WriteExcel.demoKey(WriteExcel.groovy:93)
	at jdk.internal.reflect.GeneratedMethodAccessor43.invoke(Unknown Source)
	at java.base/jdk.internal.reflect.DelegatingMethodAccessorImpl.invoke(DelegatingMethodAccessorImpl.java:43)
	at com.kms.katalon.core.main.CustomKeywordDelegatingMetaClass.invokeStaticMethod(CustomKeywordDelegatingMetaClass.java:55)
	at NoOverPayErrorCC.run(NoOverPayErrorCC:91)
	... 15 more]]></system-out>
         <system-err><![CDATA[24-10-2024T09:23:49 - [TEST_CASE][ERROR] - Test Cases/IntegratedWeb/IWP25/Error/NoOverPayErrorCC: Test Cases/IntegratedWeb/IWP25/Error/NoOverPayErrorCC FAILED.
Reason:
org.codehaus.groovy.runtime.InvokerInvocationException: java.io.FileNotFoundException: KatalonData\IWPTestData\VRelay25Payments.xlsx (The process cannot access the file because it is being used by another process)
	at com.kms.katalon.core.main.CustomKeywordDelegatingMetaClass.invokeStaticMethod(CustomKeywordDelegatingMetaClass.java:55)
	at NoOverPayErrorCC.run(NoOverPayErrorCC:91)
	at com.kms.katalon.core.main.ScriptEngine.run(ScriptEngine.java:194)
	at com.kms.katalon.core.main.ScriptEngine.runScriptAsRawText(ScriptEngine.java:119)
	at com.kms.katalon.core.main.TestCaseExecutor.runScript(TestCaseExecutor.java:448)
	at com.kms.katalon.core.main.TestCaseExecutor.doExecute(TestCaseExecutor.java:439)
	at com.kms.katalon.core.main.TestCaseExecutor.processExecutionPhase(TestCaseExecutor.java:418)
	at com.kms.katalon.core.main.TestCaseExecutor.accessMainPhase(TestCaseExecutor.java:410)
	at com.kms.katalon.core.main.TestCaseExecutor.execute(TestCaseExecutor.java:285)
	at com.kms.katalon.core.common.CommonExecutor.accessTestCaseMainPhase(CommonExecutor.java:65)
	at com.kms.katalon.core.main.TestSuiteExecutor.accessTestSuiteMainPhase(TestSuiteExecutor.java:150)
	at com.kms.katalon.core.main.TestSuiteExecutor.execute(TestSuiteExecutor.java:106)
	at com.kms.katalon.core.main.TestCaseMain.startTestSuite(TestCaseMain.java:180)
	at TempTestSuite1729731001385.run(TempTestSuite1729731001385.groovy:35)
	at java.base/jdk.internal.reflect.NativeMethodAccessorImpl.invoke0(Native Method)
	at java.base/jdk.internal.reflect.NativeMethodAccessorImpl.invoke(NativeMethodAccessorImpl.java:77)
	at java.base/jdk.internal.reflect.DelegatingMethodAccessorImpl.invoke(DelegatingMethodAccessorImpl.java:43)
Caused by: java.io.FileNotFoundException: KatalonData\IWPTestData\VRelay25Payments.xlsx (The process cannot access the file because it is being used by another process)
	at pages.WriteExcel.demoKey(WriteExcel.groovy:93)
	at jdk.internal.reflect.GeneratedMethodAccessor43.invoke(Unknown Source)
	at java.base/jdk.internal.reflect.DelegatingMethodAccessorImpl.invoke(DelegatingMethodAccessorImpl.java:43)
	... 17 more]]></system-err>
      </testcase>
      <testcase name="Test Cases/IntegratedWeb/IWP25/Error/NoOverPayErrorCorp" time="100.092" classname="Test Cases/IntegratedWeb/IWP25/Error/NoOverPayErrorCorp" status="ERROR">
         <error type="ERROR" message="Test Cases/IntegratedWeb/IWP25/Error/NoOverPayErrorCorp FAILED.&#xa;Reason:&#xa;org.codehaus.groovy.runtime.InvokerInvocationException: java.io.FileNotFoundException: KatalonData\IWPTestData\VRelay25Payments.xlsx (The process cannot access the file because it is being used by another process)&#xa;	at com.kms.katalon.core.main.CustomKeywordDelegatingMetaClass.invokeStaticMethod(CustomKeywordDelegatingMetaClass.java:55)&#xa;	at NoOverPayErrorCorp.run(NoOverPayErrorCorp:91)&#xa;	at com.kms.katalon.core.main.ScriptEngine.run(ScriptEngine.java:194)&#xa;	at com.kms.katalon.core.main.ScriptEngine.runScriptAsRawText(ScriptEngine.java:119)&#xa;	at com.kms.katalon.core.main.TestCaseExecutor.runScript(TestCaseExecutor.java:448)&#xa;	at com.kms.katalon.core.main.TestCaseExecutor.doExecute(TestCaseExecutor.java:439)&#xa;	at com.kms.katalon.core.main.TestCaseExecutor.processExecutionPhase(TestCaseExecutor.java:418)&#xa;	at com.kms.katalon.core.main.TestCaseExecutor.accessMainPhase(TestCaseExecutor.java:410)&#xa;	at com.kms.katalon.core.main.TestCaseExecutor.execute(TestCaseExecutor.java:285)&#xa;	at com.kms.katalon.core.common.CommonExecutor.accessTestCaseMainPhase(CommonExecutor.java:65)&#xa;	at com.kms.katalon.core.main.TestSuiteExecutor.accessTestSuiteMainPhase(TestSuiteExecutor.java:150)&#xa;	at com.kms.katalon.core.main.TestSuiteExecutor.execute(TestSuiteExecutor.java:106)&#xa;	at com.kms.katalon.core.main.TestCaseMain.startTestSuite(TestCaseMain.java:180)&#xa;	at TempTestSuite1729731001385.run(TempTestSuite1729731001385.groovy:35)&#xa;	at java.base/jdk.internal.reflect.NativeMethodAccessorImpl.invoke0(Native Method)&#xa;	at java.base/jdk.internal.reflect.NativeMethodAccessorImpl.invoke(NativeMethodAccessorImpl.java:77)&#xa;	at java.base/jdk.internal.reflect.DelegatingMethodAccessorImpl.invoke(DelegatingMethodAccessorImpl.java:43)&#xa;Caused by: java.io.FileNotFoundException: KatalonData\IWPTestData\VRelay25Payments.xlsx (The process cannot access the file because it is being used by another process)&#xa;	at pages.WriteExcel.demoKey(WriteExcel.groovy:93)&#xa;	at jdk.internal.reflect.GeneratedMethodAccessor43.invoke(Unknown Source)&#xa;	at java.base/jdk.internal.reflect.DelegatingMethodAccessorImpl.invoke(DelegatingMethodAccessorImpl.java:43)&#xa;	... 17 more&#xa;"/>
         <system-out><![CDATA[24-10-2024T09:25:34 - [TEST_CASE][ERROR] - Test Cases/IntegratedWeb/IWP25/Error/NoOverPayErrorCorp: Test Cases/IntegratedWeb/IWP25/Error/NoOverPayErrorCorp FAILED.
Reason:
org.codehaus.groovy.runtime.InvokerInvocationException: java.io.FileNotFoundException: KatalonData\IWPTestData\VRelay25Payments.xlsx (The process cannot access the file because it is being used by another process)
	at com.kms.katalon.core.main.CustomKeywordDelegatingMetaClass.invokeStaticMethod(CustomKeywordDelegatingMetaClass.java:55)
	at NoOverPayErrorCorp.run(NoOverPayErrorCorp:91)
	at com.kms.katalon.core.main.ScriptEngine.run(ScriptEngine.java:194)
	at com.kms.katalon.core.main.ScriptEngine.runScriptAsRawText(ScriptEngine.java:119)
	at com.kms.katalon.core.main.TestCaseExecutor.runScript(TestCaseExecutor.java:448)
	at com.kms.katalon.core.main.TestCaseExecutor.doExecute(TestCaseExecutor.java:439)
	at com.kms.katalon.core.main.TestCaseExecutor.processExecutionPhase(TestCaseExecutor.java:418)
	at com.kms.katalon.core.main.TestCaseExecutor.accessMainPhase(TestCaseExecutor.java:410)
	at com.kms.katalon.core.main.TestCaseExecutor.execute(TestCaseExecutor.java:285)
	at com.kms.katalon.core.common.CommonExecutor.accessTestCaseMainPhase(CommonExecutor.java:65)
	at com.kms.katalon.core.main.TestSuiteExecutor.accessTestSuiteMainPhase(TestSuiteExecutor.java:150)
	at com.kms.katalon.core.main.TestSuiteExecutor.execute(TestSuiteExecutor.java:106)
	at com.kms.katalon.core.main.TestCaseMain.startTestSuite(TestCaseMain.java:180)
	at TempTestSuite1729731001385.run(TempTestSuite1729731001385.groovy:35)
	at java.base/jdk.internal.reflect.NativeMethodAccessorImpl.invoke0(Native Method)
	at java.base/jdk.internal.reflect.NativeMethodAccessorImpl.invoke(NativeMethodAccessorImpl.java:77)
	at java.base/jdk.internal.reflect.DelegatingMethodAccessorImpl.invoke(DelegatingMethodAccessorImpl.java:43)
Caused by: java.io.FileNotFoundException: KatalonData\IWPTestData\VRelay25Payments.xlsx (The process cannot access the file because it is being used by another process)
	at pages.WriteExcel.demoKey(WriteExcel.groovy:93)
	at jdk.internal.reflect.GeneratedMethodAccessor43.invoke(Unknown Source)
	at java.base/jdk.internal.reflect.DelegatingMethodAccessorImpl.invoke(DelegatingMethodAccessorImpl.java:43)
	... 17 more


24-10-2024T09:25:34 - [TEST_STEP][PASSED] - resText = "Fail": null

24-10-2024T09:25:34 - [TEST_STEP][PASSED] - resColumn = "Result": null

24-10-2024T09:25:34 - [TEST_STEP][PASSED] - datCloumn = "Date": null

24-10-2024T09:25:34 - [TEST_STEP][PASSED] - fileLoc = "KatalonData/IWPTestData/VRelay25Payments.xlsx": null

24-10-2024T09:25:34 - [TEST_STEP][PASSED] - numOfRows = <not implemented yet for class: org.codehaus.groovy.ast.expr.EmptyExpression>: null

24-10-2024T09:25:34 - [TEST_STEP][PASSED] - dataFile = <not implemented yet for class: org.codehaus.groovy.ast.expr.EmptyExpression>: null

24-10-2024T09:25:34 - [TEST_STEP][PASSED] - nameSheet = <not implemented yet for class: org.codehaus.groovy.ast.expr.EmptyExpression>: null

24-10-2024T09:25:34 - [TEST_STEP][PASSED] - dataFileEmulator = <not implemented yet for class: org.codehaus.groovy.ast.expr.EmptyExpression>: null

24-10-2024T09:25:34 - [TEST_STEP][PASSED] - nameSheet = "NoOverPayErrorCorp": null

24-10-2024T09:25:34 - [TEST_STEP][PASSED] - dataFile = "IWPTestData/IWP25NoOverPayErrorCorp": null

24-10-2024T09:25:34 - [TEST_STEP][PASSED] - dataFileEmulator = "IWPTestData/EmulatorData": null

24-10-2024T09:25:34 - [TEST_STEP][PASSED] - numOfRows = findTestData(dataFile).getRowNumbers(): null

24-10-2024T09:25:34 - [TEST_STEP][PASSED] - println("Number of Records: " + numOfRows): null

24-10-2024T09:25:34 - [TEST_STEP][PASSED] - for ([row = 1, row <= numOfRows, (row++)]): null

24-10-2024T09:25:34 - [TEST_STEP][PASSED] - ExecuteTC = findTestData(dataFile).getValue("Execute", row): null

24-10-2024T09:25:34 - [TEST_STEP][PASSED] - out.println("Value of Execute is : " + ExecuteTC): null

24-10-2024T09:25:34 - [TEST_STEP][PASSED] - if (ExecuteTC.equalsIgnoreCase("Y")): null

24-10-2024T09:25:34 - [TEST_STEP][PASSED] - out.println("Begin Record Number: " + row): null

24-10-2024T09:25:34 - [TEST_STEP][PASSED] - today = new java.util.Date(): null

24-10-2024T09:25:34 - [TEST_STEP][PASSED] - println(today): null

24-10-2024T09:25:34 - [TEST_STEP][PASSED] - datText = today: null

24-10-2024T09:25:34 - [TEST_STEP][PASSED] - EmulatorDataKey = findTestData(dataFile).getValue("EmulatorData", row): null

24-10-2024T09:25:34 - [TEST_STEP][PASSED] - out.println("Value of Emulator Key is : " + EmulatorDataKey): null

24-10-2024T09:25:34 - [TEST_STEP][PASSED] - iwpPages.emulatorIWP30.setDataEmulator_DD(EmulatorDataKey): iwpPages.emulatorIWP30.setDataEmulator_DD is PASSED

24-10-2024T09:25:35 - [MESSAGE][WARNING] - A browser is already opened. Closing browser and opening a new one

24-10-2024T09:25:35 - [MESSAGE][INFO] - Starting 'Edge Chromium' driver

24-10-2024T09:25:35 - [MESSAGE][INFO] - User set preference: ['acceptInsecureCerts', 'true']

24-10-2024T09:25:37 - [MESSAGE][INFO] - Action delay is set to 0 milliseconds

24-10-2024T09:25:41 - [MESSAGE][PASSED] - Browser is opened with url: 'https://qa2.velocitypayment.com/agencyx/config.action?action=editor&message_version=2_5'

24-10-2024T09:25:41 - [MESSAGE][PASSED] - Current window maximized

24-10-2024T09:26:13 - [MESSAGE][INFO] - Unable to find the element located by 'By.xpath: //select[@name='message_version']'. Please recheck the objects properties to make sure the desired element is located. 

24-10-2024T09:26:13 - [MESSAGE][WARNING] - [SELF-HEALING] Failed to find element with id 'Object Repository/IWP30/Page_VRelay30Emulator/MV'. Try using Self-healing.

24-10-2024T09:26:13 - [MESSAGE][WARNING] - [SELF-HEALING] The current locator of test object 'Object Repository/IWP30/Page_VRelay30Emulator/MV' was broken. Propose an alternative one: '(.//*[normalize-space(text()) and normalize-space(.)='Message Version'])[1]/following::select[1]'.

24-10-2024T09:26:13 - [MESSAGE][PASSED] - All options with value '2.5' are selected in object 'Object Repository/IWP30/Page_VRelay30Emulator/MV'  using regular expression

24-10-2024T09:26:14 - [MESSAGE][PASSED] - Text '10.50' is set on object 'Object Repository/IWP30/Page_EmulatorAgencyX/Amount'

24-10-2024T09:26:15 - [MESSAGE][PASSED] - Text 'nFyE54FrMEBI' is set on object 'Object Repository/IWP30/Page_EmulatorAgencyX/CAN'

24-10-2024T09:26:15 - [MESSAGE][PASSED] - Text 'PayNow' is set on object 'Object Repository/IWP30/Page_EmulatorAgencyX/Action'

24-10-2024T09:26:16 - [MESSAGE][PASSED] - Text 'en_US' is set on object 'Object Repository/IWP30/Page_EmulatorAgencyX/Lang'

24-10-2024T09:26:16 - [MESSAGE][PASSED] - Text 'Curlonty' is set on object 'Object Repository/IWP30/Page_EmulatorAgencyX/Fname'

24-10-2024T09:26:17 - [MESSAGE][PASSED] - Text 'Lachuga' is set on object 'Object Repository/IWP30/Page_EmulatorAgencyX/Lname'

24-10-2024T09:26:18 - [MESSAGE][PASSED] - Text '258 Underwood rd' is set on object 'Object Repository/IWP30/Page_EmulatorAgencyX/AL1'

24-10-2024T09:26:18 - [MESSAGE][PASSED] - Text 'Suite 600' is set on object 'Object Repository/IWP30/Page_EmulatorAgencyX/AL2'

24-10-2024T09:26:19 - [MESSAGE][PASSED] - Text '840' is set on object 'Object Repository/IWP30/Page_EmulatorAgencyX/Country'

24-10-2024T09:26:20 - [MESSAGE][PASSED] - Text 'Arlington' is set on object 'Object Repository/IWP30/Page_EmulatorAgencyX/City'

24-10-2024T09:26:20 - [MESSAGE][PASSED] - Text 'VA' is set on object 'Object Repository/IWP30/Page_EmulatorAgencyX/State'

24-10-2024T09:26:21 - [MESSAGE][PASSED] - Text '22201' is set on object 'Object Repository/IWP30/Page_EmulatorAgencyX/ZIP'

24-10-2024T09:26:21 - [MESSAGE][PASSED] - Text '' is set on object 'Object Repository/IWP30/Page_EmulatorAgencyX/Order'

24-10-2024T09:26:22 - [MESSAGE][PASSED] - Text '' is set on object 'Object Repository/IWP30/Page_EmulatorAgencyX/Company'

24-10-2024T09:26:22 - [MESSAGE][PASSED] - Text '' is set on object 'Object Repository/IWP30/Page_EmulatorAgencyX/Email'

24-10-2024T09:26:23 - [MESSAGE][PASSED] - Text 'udf data 1' is set on object 'Object Repository/IWP30/Page_EmulatorAgencyX/UDF1'

24-10-2024T09:26:24 - [MESSAGE][PASSED] - Text 'udf data 2' is set on object 'Object Repository/IWP30/Page_EmulatorAgencyX/UDF2'

24-10-2024T09:26:24 - [MESSAGE][PASSED] - Text '' is set on object 'Object Repository/IWP30/Page_EmulatorAgencyX/UDF3'

24-10-2024T09:26:25 - [MESSAGE][PASSED] - Text '' is set on object 'Object Repository/IWP30/Page_EmulatorAgencyX/UDF4'

24-10-2024T09:26:25 - [MESSAGE][PASSED] - Text '' is set on object 'Object Repository/IWP30/Page_EmulatorAgencyX/UDF5'

24-10-2024T09:26:26 - [MESSAGE][PASSED] - Text '' is set on object 'Object Repository/IWP30/Page_EmulatorAgencyX/UDF6'

24-10-2024T09:26:27 - [MESSAGE][PASSED] - Text '' is set on object 'Object Repository/IWP30/Page_EmulatorAgencyX/UDF7'

24-10-2024T09:26:27 - [MESSAGE][PASSED] - Text '' is set on object 'Object Repository/IWP30/Page_EmulatorAgencyX/UDF8'

24-10-2024T09:26:28 - [MESSAGE][PASSED] - Text '' is set on object 'Object Repository/IWP30/Page_EmulatorAgencyX/UDF9'

24-10-2024T09:26:28 - [MESSAGE][PASSED] - Text '' is set on object 'Object Repository/IWP30/Page_EmulatorAgencyX/UDF10'

24-10-2024T09:26:30 - [MESSAGE][PASSED] - Object: 'Object Repository/IWP30/Page_EmulatorAgencyX/Submit' is clicked on

24-10-2024T09:26:34 - [MESSAGE][PASSED] - Browser is closed

24-10-2024T09:26:38 - [MESSAGE][PASSED] - iwpPages.emulatorIWP30.setDataEmulator_DD is PASSED

24-10-2024T09:26:38 - [TEST_STEP][PASSED] - testHarnessURL = urlTestHarness: null

24-10-2024T09:26:38 - [TEST_STEP][PASSED] - openBrowser(testHarnessURL): Browser is opened with url: 'https://dev-algorithm.govolution.com/vrelaytest/QA2/version_2_2/vrelaytest.html'

24-10-2024T09:26:38 - [MESSAGE][INFO] - Starting 'Edge Chromium' driver

24-10-2024T09:26:38 - [MESSAGE][INFO] - User set preference: ['acceptInsecureCerts', 'true']

24-10-2024T09:26:40 - [MESSAGE][INFO] - Action delay is set to 0 milliseconds

24-10-2024T09:26:44 - [MESSAGE][PASSED] - Browser is opened with url: 'https://dev-algorithm.govolution.com/vrelaytest/QA2/version_2_2/vrelaytest.html'

24-10-2024T09:26:44 - [TEST_STEP][PASSED] - maximizeWindow(): Current window maximized

24-10-2024T09:26:44 - [MESSAGE][PASSED] - Current window maximized

24-10-2024T09:26:44 - [TEST_STEP][PASSED] - iwpPages.TestHarnessPage.setDataMethod(row, dataFile): iwpPages.TestHarnessPage.setDataMethod is PASSED

24-10-2024T09:26:45 - [MESSAGE][PASSED] - Object 'Object Repository/IWP30/Page_QATestHarness/RemittanceID' is present

24-10-2024T09:26:45 - [MESSAGE][PASSED] - Text '652' is set on object 'Object Repository/IWP30/Page_QATestHarness/ApplicationID'

24-10-2024T09:26:46 - [MESSAGE][PASSED] - Text '2.5' is set on object 'Object Repository/IWP30/Page_QATestHarness/MessageVersion'

24-10-2024T09:26:47 - [MESSAGE][PASSED] - Text 'Or4kxUS0iyTQ' is set on object 'Object Repository/IWP30/Page_QATestHarness/RemittanceID'

24-10-2024T09:26:50 - [MESSAGE][PASSED] - Object: 'Object Repository/IWP30/Page_QATestHarness/SubmitButton' is clicked on

24-10-2024T09:26:50 - [MESSAGE][PASSED] - iwpPages.TestHarnessPage.setDataMethod is PASSED

24-10-2024T09:26:50 - [TEST_STEP][PASSED] - click(findTestObject("Object Repository/IWP30/Page_SelectPaymentMethod/PayByCorporateCheck")): Object: 'Object Repository/IWP30/Page_SelectPaymentMethod/PayByCorporateCheck' is clicked on

24-10-2024T09:26:51 - [MESSAGE][PASSED] - Object: 'Object Repository/IWP30/Page_SelectPaymentMethod/PayByCorporateCheck' is clicked on

24-10-2024T09:26:51 - [TEST_STEP][PASSED] - click(findTestObject("Object Repository/IWP30/Page_SelectPaymentMethod/MakePaymentButton")): Object: 'Object Repository/IWP30/Page_SelectPaymentMethod/MakePaymentButton' is clicked on

24-10-2024T09:26:54 - [MESSAGE][PASSED] - Object: 'Object Repository/IWP30/Page_SelectPaymentMethod/MakePaymentButton' is clicked on

24-10-2024T09:26:54 - [TEST_STEP][PASSED] - iwpPages.achCorporatePaymentEntryPage.setDataCorporate(row, dataFile): iwpPages.achCorporatePaymentEntryPage.setDataCorporate is PASSED

24-10-2024T09:26:55 - [MESSAGE][PASSED] - Object 'Object Repository/IWP30/Page_ACHCorporatePaymentEntry/txt_accountNumber' is present

24-10-2024T09:26:55 - [MESSAGE][PASSED] - Object 'Object Repository/IWP30/Page_ACHCorporatePaymentEntry/input_CompanyName' is present

24-10-2024T09:26:56 - [MESSAGE][PASSED] - Text 'My Company' is set on object 'Object Repository/IWP30/Page_ACHCorporatePaymentEntry/input_CompanyName'

24-10-2024T09:26:56 - [MESSAGE][PASSED] - Object 'Object Repository/IWP30/Page_ACHCorporatePaymentEntry/input_EIN' is present

24-10-2024T09:26:56 - [MESSAGE][PASSED] - Text '123456789' is set on object 'Object Repository/IWP30/Page_ACHCorporatePaymentEntry/input_EIN'

24-10-2024T09:26:57 - [MESSAGE][PASSED] - Text '11.50' is set on object 'Object Repository/IWP30/Page_ACHCorporatePaymentEntry/txt_Amount'

24-10-2024T09:26:57 - [MESSAGE][PASSED] - Object 'Object Repository/IWP30/Page_ACHCorporatePaymentEntry/txt_routingNumber' is present

24-10-2024T09:26:58 - [MESSAGE][PASSED] - Text '256072691' is set on object 'Object Repository/IWP30/Page_ACHCorporatePaymentEntry/txt_routingNumber'

24-10-2024T09:26:58 - [MESSAGE][PASSED] - Object 'Object Repository/IWP30/Page_ACHCorporatePaymentEntry/txt_accountNumber' is present

24-10-2024T09:26:59 - [MESSAGE][PASSED] - Text '12344444' is set on object 'Object Repository/IWP30/Page_ACHCorporatePaymentEntry/txt_accountNumber'

24-10-2024T09:27:00 - [MESSAGE][PASSED] - Object 'Object Repository/IWP30/Page_ACHCorporatePaymentEntry/txt_confirmAccountNumber' is present

24-10-2024T09:27:00 - [MESSAGE][PASSED] - Text '12344444' is set on object 'Object Repository/IWP30/Page_ACHCorporatePaymentEntry/txt_confirmAccountNumber'

24-10-2024T09:27:00 - [MESSAGE][PASSED] - Object 'Object Repository/IWP30/Page_ACHCorporatePaymentEntry/txt_Email' is present

24-10-2024T09:27:01 - [MESSAGE][PASSED] - Text 'iahmed@govolution.com' is set on object 'Object Repository/IWP30/Page_ACHCorporatePaymentEntry/txt_Email'

24-10-2024T09:27:01 - [MESSAGE][PASSED] - Object 'Object Repository/IWP30/Page_ACHCorporatePaymentEntry/cb_TermsAndCond' is present

24-10-2024T09:27:02 - [MESSAGE][PASSED] - Object: 'Object Repository/IWP30/Page_ACHCorporatePaymentEntry/cb_TermsAndCond' is clicked on

24-10-2024T09:27:02 - [MESSAGE][PASSED] - Object 'Object Repository/IWP30/Page_ACHCorporatePaymentEntry/btn_Continue' is present

24-10-2024T09:27:04 - [MESSAGE][PASSED] - Object: 'Object Repository/IWP30/Page_ACHCorporatePaymentEntry/btn_Continue' is clicked on

24-10-2024T09:27:04 - [MESSAGE][PASSED] - iwpPages.achCorporatePaymentEntryPage.setDataCorporate is PASSED

24-10-2024T09:27:04 - [TEST_STEP][PASSED] - Thread.sleep(10000): null

24-10-2024T09:27:14 - [TEST_STEP][PASSED] - if (verifyTextPresent("Payment amounts more than 10.50 are not accepted", false)): null

24-10-2024T09:27:14 - [MESSAGE][PASSED] - Text 'Payment amounts more than 10.50 are not accepted' is present on page 

24-10-2024T09:27:14 - [TEST_STEP][PASSED] - println("Over Pay Error message shown"): null

24-10-2024T09:27:14 - [TEST_STEP][PASSED] - markPassed("Over Pay Error message shown"): Over Pay Error message shown

24-10-2024T09:27:14 - [MESSAGE][PASSED] - Over Pay Error message shown

24-10-2024T09:27:14 - [TEST_STEP][PASSED] - resText = "Pass": null

24-10-2024T09:27:14 - [TEST_STEP][ERROR] - pages.WriteExcel.demoKey(resText, datText, resColumn, datCloumn, fileLoc, nameSheet, row): Test Cases/IntegratedWeb/IWP25/Error/NoOverPayErrorCorp FAILED.
Reason:
com.kms.katalon.core.exception.StepErrorException: org.codehaus.groovy.runtime.InvokerInvocationException: java.io.FileNotFoundException: KatalonData\IWPTestData\VRelay25Payments.xlsx (The process cannot access the file because it is being used by another process)
	at com.kms.katalon.core.main.CustomKeywordDelegatingMetaClass.throwError(CustomKeywordDelegatingMetaClass.java:101)
	at com.kms.katalon.core.main.CustomKeywordDelegatingMetaClass.invokeStaticMethod(CustomKeywordDelegatingMetaClass.java:73)
	at NoOverPayErrorCorp.run(NoOverPayErrorCorp:91)
	at com.kms.katalon.core.main.ScriptEngine.run(ScriptEngine.java:194)
	at com.kms.katalon.core.main.ScriptEngine.runScriptAsRawText(ScriptEngine.java:119)
	at com.kms.katalon.core.main.TestCaseExecutor.runScript(TestCaseExecutor.java:448)
	at com.kms.katalon.core.main.TestCaseExecutor.doExecute(TestCaseExecutor.java:439)
	at com.kms.katalon.core.main.TestCaseExecutor.processExecutionPhase(TestCaseExecutor.java:418)
	at com.kms.katalon.core.main.TestCaseExecutor.accessMainPhase(TestCaseExecutor.java:410)
	at com.kms.katalon.core.main.TestCaseExecutor.execute(TestCaseExecutor.java:285)
	at com.kms.katalon.core.common.CommonExecutor.accessTestCaseMainPhase(CommonExecutor.java:65)
	at com.kms.katalon.core.main.TestSuiteExecutor.accessTestSuiteMainPhase(TestSuiteExecutor.java:150)
	at com.kms.katalon.core.main.TestSuiteExecutor.execute(TestSuiteExecutor.java:106)
	at com.kms.katalon.core.main.TestCaseMain.startTestSuite(TestCaseMain.java:180)
	at TempTestSuite1729731001385.run(TempTestSuite1729731001385.groovy:35)
	at java.base/jdk.internal.reflect.NativeMethodAccessorImpl.invoke0(Native Method)
	at java.base/jdk.internal.reflect.NativeMethodAccessorImpl.invoke(NativeMethodAccessorImpl.java:77)
	at java.base/jdk.internal.reflect.DelegatingMethodAccessorImpl.invoke(DelegatingMethodAccessorImpl.java:43)
Caused by: org.codehaus.groovy.runtime.InvokerInvocationException: java.io.FileNotFoundException: KatalonData\IWPTestData\VRelay25Payments.xlsx (The process cannot access the file because it is being used by another process)
	at com.kms.katalon.core.main.CustomKeywordDelegatingMetaClass.invokeStaticMethod(CustomKeywordDelegatingMetaClass.java:55)
	at Script1724093268562.run(Script1724093268562.groovy:91)
	... 15 more
Caused by: java.io.FileNotFoundException: KatalonData\IWPTestData\VRelay25Payments.xlsx (The process cannot access the file because it is being used by another process)
	at pages.WriteExcel.demoKey(WriteExcel.groovy:93)
	at jdk.internal.reflect.GeneratedMethodAccessor43.invoke(Unknown Source)
	at java.base/jdk.internal.reflect.DelegatingMethodAccessorImpl.invoke(DelegatingMethodAccessorImpl.java:43)
	at com.kms.katalon.core.main.CustomKeywordDelegatingMetaClass.invokeStaticMethod(CustomKeywordDelegatingMetaClass.java:55)
	at NoOverPayErrorCorp.run(NoOverPayErrorCorp:91)
	... 15 more


24-10-2024T09:27:14 - [MESSAGE][ERROR] - java.io.FileNotFoundException: KatalonData\IWPTestData\VRelay25Payments.xlsx (The process cannot access the file because it is being used by another process)

24-10-2024T09:27:14 - [MESSAGE][ERROR] - Test Cases/IntegratedWeb/IWP25/Error/NoOverPayErrorCorp FAILED.
Reason:
com.kms.katalon.core.exception.StepErrorException: org.codehaus.groovy.runtime.InvokerInvocationException: java.io.FileNotFoundException: KatalonData\IWPTestData\VRelay25Payments.xlsx (The process cannot access the file because it is being used by another process)
	at com.kms.katalon.core.main.CustomKeywordDelegatingMetaClass.throwError(CustomKeywordDelegatingMetaClass.java:101)
	at com.kms.katalon.core.main.CustomKeywordDelegatingMetaClass.invokeStaticMethod(CustomKeywordDelegatingMetaClass.java:73)
	at NoOverPayErrorCorp.run(NoOverPayErrorCorp:91)
	at com.kms.katalon.core.main.ScriptEngine.run(ScriptEngine.java:194)
	at com.kms.katalon.core.main.ScriptEngine.runScriptAsRawText(ScriptEngine.java:119)
	at com.kms.katalon.core.main.TestCaseExecutor.runScript(TestCaseExecutor.java:448)
	at com.kms.katalon.core.main.TestCaseExecutor.doExecute(TestCaseExecutor.java:439)
	at com.kms.katalon.core.main.TestCaseExecutor.processExecutionPhase(TestCaseExecutor.java:418)
	at com.kms.katalon.core.main.TestCaseExecutor.accessMainPhase(TestCaseExecutor.java:410)
	at com.kms.katalon.core.main.TestCaseExecutor.execute(TestCaseExecutor.java:285)
	at com.kms.katalon.core.common.CommonExecutor.accessTestCaseMainPhase(CommonExecutor.java:65)
	at com.kms.katalon.core.main.TestSuiteExecutor.accessTestSuiteMainPhase(TestSuiteExecutor.java:150)
	at com.kms.katalon.core.main.TestSuiteExecutor.execute(TestSuiteExecutor.java:106)
	at com.kms.katalon.core.main.TestCaseMain.startTestSuite(TestCaseMain.java:180)
	at TempTestSuite1729731001385.run(TempTestSuite1729731001385.groovy:35)
	at java.base/jdk.internal.reflect.NativeMethodAccessorImpl.invoke0(Native Method)
	at java.base/jdk.internal.reflect.NativeMethodAccessorImpl.invoke(NativeMethodAccessorImpl.java:77)
	at java.base/jdk.internal.reflect.DelegatingMethodAccessorImpl.invoke(DelegatingMethodAccessorImpl.java:43)
Caused by: org.codehaus.groovy.runtime.InvokerInvocationException: java.io.FileNotFoundException: KatalonData\IWPTestData\VRelay25Payments.xlsx (The process cannot access the file because it is being used by another process)
	at com.kms.katalon.core.main.CustomKeywordDelegatingMetaClass.invokeStaticMethod(CustomKeywordDelegatingMetaClass.java:55)
	at Script1724093268562.run(Script1724093268562.groovy:91)
	... 15 more
Caused by: java.io.FileNotFoundException: KatalonData\IWPTestData\VRelay25Payments.xlsx (The process cannot access the file because it is being used by another process)
	at pages.WriteExcel.demoKey(WriteExcel.groovy:93)
	at jdk.internal.reflect.GeneratedMethodAccessor43.invoke(Unknown Source)
	at java.base/jdk.internal.reflect.DelegatingMethodAccessorImpl.invoke(DelegatingMethodAccessorImpl.java:43)
	at com.kms.katalon.core.main.CustomKeywordDelegatingMetaClass.invokeStaticMethod(CustomKeywordDelegatingMetaClass.java:55)
	at NoOverPayErrorCorp.run(NoOverPayErrorCorp:91)
	... 15 more]]></system-out>
         <system-err><![CDATA[24-10-2024T09:25:34 - [TEST_CASE][ERROR] - Test Cases/IntegratedWeb/IWP25/Error/NoOverPayErrorCorp: Test Cases/IntegratedWeb/IWP25/Error/NoOverPayErrorCorp FAILED.
Reason:
org.codehaus.groovy.runtime.InvokerInvocationException: java.io.FileNotFoundException: KatalonData\IWPTestData\VRelay25Payments.xlsx (The process cannot access the file because it is being used by another process)
	at com.kms.katalon.core.main.CustomKeywordDelegatingMetaClass.invokeStaticMethod(CustomKeywordDelegatingMetaClass.java:55)
	at NoOverPayErrorCorp.run(NoOverPayErrorCorp:91)
	at com.kms.katalon.core.main.ScriptEngine.run(ScriptEngine.java:194)
	at com.kms.katalon.core.main.ScriptEngine.runScriptAsRawText(ScriptEngine.java:119)
	at com.kms.katalon.core.main.TestCaseExecutor.runScript(TestCaseExecutor.java:448)
	at com.kms.katalon.core.main.TestCaseExecutor.doExecute(TestCaseExecutor.java:439)
	at com.kms.katalon.core.main.TestCaseExecutor.processExecutionPhase(TestCaseExecutor.java:418)
	at com.kms.katalon.core.main.TestCaseExecutor.accessMainPhase(TestCaseExecutor.java:410)
	at com.kms.katalon.core.main.TestCaseExecutor.execute(TestCaseExecutor.java:285)
	at com.kms.katalon.core.common.CommonExecutor.accessTestCaseMainPhase(CommonExecutor.java:65)
	at com.kms.katalon.core.main.TestSuiteExecutor.accessTestSuiteMainPhase(TestSuiteExecutor.java:150)
	at com.kms.katalon.core.main.TestSuiteExecutor.execute(TestSuiteExecutor.java:106)
	at com.kms.katalon.core.main.TestCaseMain.startTestSuite(TestCaseMain.java:180)
	at TempTestSuite1729731001385.run(TempTestSuite1729731001385.groovy:35)
	at java.base/jdk.internal.reflect.NativeMethodAccessorImpl.invoke0(Native Method)
	at java.base/jdk.internal.reflect.NativeMethodAccessorImpl.invoke(NativeMethodAccessorImpl.java:77)
	at java.base/jdk.internal.reflect.DelegatingMethodAccessorImpl.invoke(DelegatingMethodAccessorImpl.java:43)
Caused by: java.io.FileNotFoundException: KatalonData\IWPTestData\VRelay25Payments.xlsx (The process cannot access the file because it is being used by another process)
	at pages.WriteExcel.demoKey(WriteExcel.groovy:93)
	at jdk.internal.reflect.GeneratedMethodAccessor43.invoke(Unknown Source)
	at java.base/jdk.internal.reflect.DelegatingMethodAccessorImpl.invoke(DelegatingMethodAccessorImpl.java:43)
	... 17 more]]></system-err>
      </testcase>
      <testcase name="Test Cases/IntegratedWeb/IWP25/Error/NoOverPayErrorPC" time="101.702" classname="Test Cases/IntegratedWeb/IWP25/Error/NoOverPayErrorPC" status="ERROR">
         <error type="ERROR" message="Test Cases/IntegratedWeb/IWP25/Error/NoOverPayErrorPC FAILED.&#xa;Reason:&#xa;org.codehaus.groovy.runtime.InvokerInvocationException: java.io.FileNotFoundException: KatalonData\IWPTestData\VRelay25Payments.xlsx (The process cannot access the file because it is being used by another process)&#xa;	at com.kms.katalon.core.main.CustomKeywordDelegatingMetaClass.invokeStaticMethod(CustomKeywordDelegatingMetaClass.java:55)&#xa;	at NoOverPayErrorPC.run(NoOverPayErrorPC:91)&#xa;	at com.kms.katalon.core.main.ScriptEngine.run(ScriptEngine.java:194)&#xa;	at com.kms.katalon.core.main.ScriptEngine.runScriptAsRawText(ScriptEngine.java:119)&#xa;	at com.kms.katalon.core.main.TestCaseExecutor.runScript(TestCaseExecutor.java:448)&#xa;	at com.kms.katalon.core.main.TestCaseExecutor.doExecute(TestCaseExecutor.java:439)&#xa;	at com.kms.katalon.core.main.TestCaseExecutor.processExecutionPhase(TestCaseExecutor.java:418)&#xa;	at com.kms.katalon.core.main.TestCaseExecutor.accessMainPhase(TestCaseExecutor.java:410)&#xa;	at com.kms.katalon.core.main.TestCaseExecutor.execute(TestCaseExecutor.java:285)&#xa;	at com.kms.katalon.core.common.CommonExecutor.accessTestCaseMainPhase(CommonExecutor.java:65)&#xa;	at com.kms.katalon.core.main.TestSuiteExecutor.accessTestSuiteMainPhase(TestSuiteExecutor.java:150)&#xa;	at com.kms.katalon.core.main.TestSuiteExecutor.execute(TestSuiteExecutor.java:106)&#xa;	at com.kms.katalon.core.main.TestCaseMain.startTestSuite(TestCaseMain.java:180)&#xa;	at TempTestSuite1729731001385.run(TempTestSuite1729731001385.groovy:35)&#xa;	at java.base/jdk.internal.reflect.NativeMethodAccessorImpl.invoke0(Native Method)&#xa;	at java.base/jdk.internal.reflect.NativeMethodAccessorImpl.invoke(NativeMethodAccessorImpl.java:77)&#xa;	at java.base/jdk.internal.reflect.DelegatingMethodAccessorImpl.invoke(DelegatingMethodAccessorImpl.java:43)&#xa;Caused by: java.io.FileNotFoundException: KatalonData\IWPTestData\VRelay25Payments.xlsx (The process cannot access the file because it is being used by another process)&#xa;	at pages.WriteExcel.demoKey(WriteExcel.groovy:93)&#xa;	at jdk.internal.reflect.GeneratedMethodAccessor43.invoke(Unknown Source)&#xa;	at java.base/jdk.internal.reflect.DelegatingMethodAccessorImpl.invoke(DelegatingMethodAccessorImpl.java:43)&#xa;	... 17 more&#xa;"/>
         <system-out><![CDATA[24-10-2024T09:27:14 - [TEST_CASE][ERROR] - Test Cases/IntegratedWeb/IWP25/Error/NoOverPayErrorPC: Test Cases/IntegratedWeb/IWP25/Error/NoOverPayErrorPC FAILED.
Reason:
org.codehaus.groovy.runtime.InvokerInvocationException: java.io.FileNotFoundException: KatalonData\IWPTestData\VRelay25Payments.xlsx (The process cannot access the file because it is being used by another process)
	at com.kms.katalon.core.main.CustomKeywordDelegatingMetaClass.invokeStaticMethod(CustomKeywordDelegatingMetaClass.java:55)
	at NoOverPayErrorPC.run(NoOverPayErrorPC:91)
	at com.kms.katalon.core.main.ScriptEngine.run(ScriptEngine.java:194)
	at com.kms.katalon.core.main.ScriptEngine.runScriptAsRawText(ScriptEngine.java:119)
	at com.kms.katalon.core.main.TestCaseExecutor.runScript(TestCaseExecutor.java:448)
	at com.kms.katalon.core.main.TestCaseExecutor.doExecute(TestCaseExecutor.java:439)
	at com.kms.katalon.core.main.TestCaseExecutor.processExecutionPhase(TestCaseExecutor.java:418)
	at com.kms.katalon.core.main.TestCaseExecutor.accessMainPhase(TestCaseExecutor.java:410)
	at com.kms.katalon.core.main.TestCaseExecutor.execute(TestCaseExecutor.java:285)
	at com.kms.katalon.core.common.CommonExecutor.accessTestCaseMainPhase(CommonExecutor.java:65)
	at com.kms.katalon.core.main.TestSuiteExecutor.accessTestSuiteMainPhase(TestSuiteExecutor.java:150)
	at com.kms.katalon.core.main.TestSuiteExecutor.execute(TestSuiteExecutor.java:106)
	at com.kms.katalon.core.main.TestCaseMain.startTestSuite(TestCaseMain.java:180)
	at TempTestSuite1729731001385.run(TempTestSuite1729731001385.groovy:35)
	at java.base/jdk.internal.reflect.NativeMethodAccessorImpl.invoke0(Native Method)
	at java.base/jdk.internal.reflect.NativeMethodAccessorImpl.invoke(NativeMethodAccessorImpl.java:77)
	at java.base/jdk.internal.reflect.DelegatingMethodAccessorImpl.invoke(DelegatingMethodAccessorImpl.java:43)
Caused by: java.io.FileNotFoundException: KatalonData\IWPTestData\VRelay25Payments.xlsx (The process cannot access the file because it is being used by another process)
	at pages.WriteExcel.demoKey(WriteExcel.groovy:93)
	at jdk.internal.reflect.GeneratedMethodAccessor43.invoke(Unknown Source)
	at java.base/jdk.internal.reflect.DelegatingMethodAccessorImpl.invoke(DelegatingMethodAccessorImpl.java:43)
	... 17 more


24-10-2024T09:27:14 - [TEST_STEP][PASSED] - resText = "Fail": null

24-10-2024T09:27:14 - [TEST_STEP][PASSED] - resColumn = "Result": null

24-10-2024T09:27:14 - [TEST_STEP][PASSED] - datCloumn = "Date": null

24-10-2024T09:27:14 - [TEST_STEP][PASSED] - fileLoc = "KatalonData/IWPTestData/VRelay25Payments.xlsx": null

24-10-2024T09:27:14 - [TEST_STEP][PASSED] - numOfRows = <not implemented yet for class: org.codehaus.groovy.ast.expr.EmptyExpression>: null

24-10-2024T09:27:14 - [TEST_STEP][PASSED] - dataFile = <not implemented yet for class: org.codehaus.groovy.ast.expr.EmptyExpression>: null

24-10-2024T09:27:14 - [TEST_STEP][PASSED] - nameSheet = <not implemented yet for class: org.codehaus.groovy.ast.expr.EmptyExpression>: null

24-10-2024T09:27:14 - [TEST_STEP][PASSED] - dataFileEmulator = <not implemented yet for class: org.codehaus.groovy.ast.expr.EmptyExpression>: null

24-10-2024T09:27:14 - [TEST_STEP][PASSED] - nameSheet = "NoOverPayErrorPC": null

24-10-2024T09:27:14 - [TEST_STEP][PASSED] - dataFile = "IWPTestData/IWP25NoOverPayErrorPC": null

24-10-2024T09:27:14 - [TEST_STEP][PASSED] - dataFileEmulator = "IWPTestData/EmulatorData": null

24-10-2024T09:27:14 - [TEST_STEP][PASSED] - numOfRows = findTestData(dataFile).getRowNumbers(): null

24-10-2024T09:27:15 - [TEST_STEP][PASSED] - println("Number of Records: " + numOfRows): null

24-10-2024T09:27:15 - [TEST_STEP][PASSED] - for ([row = 1, row <= numOfRows, (row++)]): null

24-10-2024T09:27:15 - [TEST_STEP][PASSED] - ExecuteTC = findTestData(dataFile).getValue("Execute", row): null

24-10-2024T09:27:15 - [TEST_STEP][PASSED] - out.println("Value of Execute is : " + ExecuteTC): null

24-10-2024T09:27:15 - [TEST_STEP][PASSED] - if (ExecuteTC.equalsIgnoreCase("Y")): null

24-10-2024T09:27:15 - [TEST_STEP][PASSED] - out.println("Begin Record Number: " + row): null

24-10-2024T09:27:15 - [TEST_STEP][PASSED] - today = new java.util.Date(): null

24-10-2024T09:27:15 - [TEST_STEP][PASSED] - println(today): null

24-10-2024T09:27:15 - [TEST_STEP][PASSED] - datText = today: null

24-10-2024T09:27:15 - [TEST_STEP][PASSED] - EmulatorDataKey = findTestData(dataFile).getValue("EmulatorData", row): null

24-10-2024T09:27:15 - [TEST_STEP][PASSED] - out.println("Value of Emulator Key is : " + EmulatorDataKey): null

24-10-2024T09:27:15 - [TEST_STEP][PASSED] - iwpPages.emulatorIWP30.setDataEmulator_DD(EmulatorDataKey): iwpPages.emulatorIWP30.setDataEmulator_DD is PASSED

24-10-2024T09:27:15 - [MESSAGE][WARNING] - A browser is already opened. Closing browser and opening a new one

24-10-2024T09:27:16 - [MESSAGE][INFO] - Starting 'Edge Chromium' driver

24-10-2024T09:27:16 - [MESSAGE][INFO] - User set preference: ['acceptInsecureCerts', 'true']

24-10-2024T09:27:18 - [MESSAGE][INFO] - Action delay is set to 0 milliseconds

24-10-2024T09:27:22 - [MESSAGE][PASSED] - Browser is opened with url: 'https://qa2.velocitypayment.com/agencyx/config.action?action=editor&message_version=2_5'

24-10-2024T09:27:23 - [MESSAGE][PASSED] - Current window maximized

24-10-2024T09:27:54 - [MESSAGE][INFO] - Unable to find the element located by 'By.xpath: //select[@name='message_version']'. Please recheck the objects properties to make sure the desired element is located. 

24-10-2024T09:27:54 - [MESSAGE][WARNING] - [SELF-HEALING] Failed to find element with id 'Object Repository/IWP30/Page_VRelay30Emulator/MV'. Try using Self-healing.

24-10-2024T09:27:54 - [MESSAGE][WARNING] - [SELF-HEALING] The current locator of test object 'Object Repository/IWP30/Page_VRelay30Emulator/MV' was broken. Propose an alternative one: '(.//*[normalize-space(text()) and normalize-space(.)='Message Version'])[1]/following::select[1]'.

24-10-2024T09:27:55 - [MESSAGE][PASSED] - All options with value '2.5' are selected in object 'Object Repository/IWP30/Page_VRelay30Emulator/MV'  using regular expression

24-10-2024T09:27:56 - [MESSAGE][PASSED] - Text '10.50' is set on object 'Object Repository/IWP30/Page_EmulatorAgencyX/Amount'

24-10-2024T09:27:56 - [MESSAGE][PASSED] - Text 'tfwnIThmRiq5' is set on object 'Object Repository/IWP30/Page_EmulatorAgencyX/CAN'

24-10-2024T09:27:57 - [MESSAGE][PASSED] - Text 'PayNow' is set on object 'Object Repository/IWP30/Page_EmulatorAgencyX/Action'

24-10-2024T09:27:58 - [MESSAGE][PASSED] - Text 'en_US' is set on object 'Object Repository/IWP30/Page_EmulatorAgencyX/Lang'

24-10-2024T09:27:58 - [MESSAGE][PASSED] - Text 'Curlonty' is set on object 'Object Repository/IWP30/Page_EmulatorAgencyX/Fname'

24-10-2024T09:27:59 - [MESSAGE][PASSED] - Text 'Lachuga' is set on object 'Object Repository/IWP30/Page_EmulatorAgencyX/Lname'

24-10-2024T09:27:59 - [MESSAGE][PASSED] - Text '258 Underwood rd' is set on object 'Object Repository/IWP30/Page_EmulatorAgencyX/AL1'

24-10-2024T09:28:00 - [MESSAGE][PASSED] - Text 'Suite 600' is set on object 'Object Repository/IWP30/Page_EmulatorAgencyX/AL2'

24-10-2024T09:28:00 - [MESSAGE][PASSED] - Text '840' is set on object 'Object Repository/IWP30/Page_EmulatorAgencyX/Country'

24-10-2024T09:28:01 - [MESSAGE][PASSED] - Text 'Arlington' is set on object 'Object Repository/IWP30/Page_EmulatorAgencyX/City'

24-10-2024T09:28:02 - [MESSAGE][PASSED] - Text 'VA' is set on object 'Object Repository/IWP30/Page_EmulatorAgencyX/State'

24-10-2024T09:28:02 - [MESSAGE][PASSED] - Text '22201' is set on object 'Object Repository/IWP30/Page_EmulatorAgencyX/ZIP'

24-10-2024T09:28:03 - [MESSAGE][PASSED] - Text '' is set on object 'Object Repository/IWP30/Page_EmulatorAgencyX/Order'

24-10-2024T09:28:03 - [MESSAGE][PASSED] - Text '' is set on object 'Object Repository/IWP30/Page_EmulatorAgencyX/Company'

24-10-2024T09:28:04 - [MESSAGE][PASSED] - Text '' is set on object 'Object Repository/IWP30/Page_EmulatorAgencyX/Email'

24-10-2024T09:28:05 - [MESSAGE][PASSED] - Text 'udf data 1' is set on object 'Object Repository/IWP30/Page_EmulatorAgencyX/UDF1'

24-10-2024T09:28:05 - [MESSAGE][PASSED] - Text 'udf data 2' is set on object 'Object Repository/IWP30/Page_EmulatorAgencyX/UDF2'

24-10-2024T09:28:06 - [MESSAGE][PASSED] - Text '' is set on object 'Object Repository/IWP30/Page_EmulatorAgencyX/UDF3'

24-10-2024T09:28:06 - [MESSAGE][PASSED] - Text '' is set on object 'Object Repository/IWP30/Page_EmulatorAgencyX/UDF4'

24-10-2024T09:28:07 - [MESSAGE][PASSED] - Text '' is set on object 'Object Repository/IWP30/Page_EmulatorAgencyX/UDF5'

24-10-2024T09:28:07 - [MESSAGE][PASSED] - Text '' is set on object 'Object Repository/IWP30/Page_EmulatorAgencyX/UDF6'

24-10-2024T09:28:08 - [MESSAGE][PASSED] - Text '' is set on object 'Object Repository/IWP30/Page_EmulatorAgencyX/UDF7'

24-10-2024T09:28:09 - [MESSAGE][PASSED] - Text '' is set on object 'Object Repository/IWP30/Page_EmulatorAgencyX/UDF8'

24-10-2024T09:28:09 - [MESSAGE][PASSED] - Text '' is set on object 'Object Repository/IWP30/Page_EmulatorAgencyX/UDF9'

24-10-2024T09:28:10 - [MESSAGE][PASSED] - Text '' is set on object 'Object Repository/IWP30/Page_EmulatorAgencyX/UDF10'

24-10-2024T09:28:11 - [MESSAGE][PASSED] - Object: 'Object Repository/IWP30/Page_EmulatorAgencyX/Submit' is clicked on

24-10-2024T09:28:16 - [MESSAGE][PASSED] - Browser is closed

24-10-2024T09:28:20 - [MESSAGE][PASSED] - iwpPages.emulatorIWP30.setDataEmulator_DD is PASSED

24-10-2024T09:28:20 - [TEST_STEP][PASSED] - testHarnessURL = urlTestHarness: null

24-10-2024T09:28:20 - [TEST_STEP][PASSED] - openBrowser(testHarnessURL): Browser is opened with url: 'https://dev-algorithm.govolution.com/vrelaytest/QA2/version_2_2/vrelaytest.html'

24-10-2024T09:28:20 - [MESSAGE][INFO] - Starting 'Edge Chromium' driver

24-10-2024T09:28:20 - [MESSAGE][INFO] - User set preference: ['acceptInsecureCerts', 'true']

24-10-2024T09:28:22 - [MESSAGE][INFO] - Action delay is set to 0 milliseconds

24-10-2024T09:28:25 - [MESSAGE][PASSED] - Browser is opened with url: 'https://dev-algorithm.govolution.com/vrelaytest/QA2/version_2_2/vrelaytest.html'

24-10-2024T09:28:25 - [TEST_STEP][PASSED] - maximizeWindow(): Current window maximized

24-10-2024T09:28:26 - [MESSAGE][PASSED] - Current window maximized

24-10-2024T09:28:26 - [TEST_STEP][PASSED] - iwpPages.TestHarnessPage.setDataMethod(row, dataFile): iwpPages.TestHarnessPage.setDataMethod is PASSED

24-10-2024T09:28:26 - [MESSAGE][PASSED] - Object 'Object Repository/IWP30/Page_QATestHarness/RemittanceID' is present

24-10-2024T09:28:27 - [MESSAGE][PASSED] - Text '652' is set on object 'Object Repository/IWP30/Page_QATestHarness/ApplicationID'

24-10-2024T09:28:27 - [MESSAGE][PASSED] - Text '2.5' is set on object 'Object Repository/IWP30/Page_QATestHarness/MessageVersion'

24-10-2024T09:28:28 - [MESSAGE][PASSED] - Text 'KkP8OGVJ5Sly' is set on object 'Object Repository/IWP30/Page_QATestHarness/RemittanceID'

24-10-2024T09:28:31 - [MESSAGE][PASSED] - Object: 'Object Repository/IWP30/Page_QATestHarness/SubmitButton' is clicked on

24-10-2024T09:28:31 - [MESSAGE][PASSED] - iwpPages.TestHarnessPage.setDataMethod is PASSED

24-10-2024T09:28:31 - [TEST_STEP][PASSED] - click(findTestObject("Object Repository/IWP30/Page_SelectPaymentMethod/PayByPersonalCheck")): Object: 'Object Repository/IWP30/Page_SelectPaymentMethod/PayByPersonalCheck' is clicked on

24-10-2024T09:28:32 - [MESSAGE][PASSED] - Object: 'Object Repository/IWP30/Page_SelectPaymentMethod/PayByPersonalCheck' is clicked on

24-10-2024T09:28:32 - [TEST_STEP][PASSED] - click(findTestObject("Object Repository/IWP30/Page_SelectPaymentMethod/MakePaymentButton")): Object: 'Object Repository/IWP30/Page_SelectPaymentMethod/MakePaymentButton' is clicked on

24-10-2024T09:28:35 - [MESSAGE][PASSED] - Object: 'Object Repository/IWP30/Page_SelectPaymentMethod/MakePaymentButton' is clicked on

24-10-2024T09:28:35 - [TEST_STEP][PASSED] - iwpPages.achPersonalPaymentEntryPage.setDataACHPPM(row, dataFile): iwpPages.achPersonalPaymentEntryPage.setDataACHPPM is PASSED

24-10-2024T09:28:36 - [MESSAGE][PASSED] - Object 'Object Repository/IWP30/Page_ACHPersonalPaymentEntry/txt_accountNumber' is present

24-10-2024T09:28:36 - [MESSAGE][PASSED] - Text '11.50' is set on object 'Object Repository/IWP30/Page_ACHPersonalPaymentEntry/txt_Amount'

24-10-2024T09:28:37 - [MESSAGE][PASSED] - Object 'Object Repository/IWP30/Page_ACHPersonalPaymentEntry/txt_UDF2' is present

24-10-2024T09:28:37 - [MESSAGE][PASSED] - Object 'Object Repository/IWP30/Page_ACHPersonalPaymentEntry/txt_Firstname' is present

24-10-2024T09:28:37 - [MESSAGE][PASSED] - Text 'Elizath' is set on object 'Object Repository/IWP30/Page_ACHPersonalPaymentEntry/txt_Firstname'

24-10-2024T09:28:38 - [MESSAGE][PASSED] - Object 'Object Repository/IWP30/Page_ACHPersonalPaymentEntry/txt_Lastname' is present

24-10-2024T09:28:38 - [MESSAGE][PASSED] - Text 'Christine' is set on object 'Object Repository/IWP30/Page_ACHPersonalPaymentEntry/txt_Lastname'

24-10-2024T09:28:39 - [MESSAGE][PASSED] - Object 'Object Repository/IWP30/Page_ACHPersonalPaymentEntry/txt_routingNumber' is present

24-10-2024T09:28:39 - [MESSAGE][PASSED] - Text '256072691' is set on object 'Object Repository/IWP30/Page_ACHPersonalPaymentEntry/txt_routingNumber'

24-10-2024T09:28:39 - [MESSAGE][PASSED] - Object 'Object Repository/IWP30/Page_ACHPersonalPaymentEntry/txt_accountNumber' is present

24-10-2024T09:28:40 - [MESSAGE][PASSED] - Text '12344444' is set on object 'Object Repository/IWP30/Page_ACHPersonalPaymentEntry/txt_accountNumber'

24-10-2024T09:28:41 - [MESSAGE][PASSED] - Object 'Object Repository/IWP30/Page_ACHPersonalPaymentEntry/txt_confirmAccountNumber' is present

24-10-2024T09:28:41 - [MESSAGE][PASSED] - Text '12344444' is set on object 'Object Repository/IWP30/Page_ACHPersonalPaymentEntry/txt_confirmAccountNumber'

24-10-2024T09:28:42 - [MESSAGE][PASSED] - Object 'Object Repository/IWP30/Page_ACHPersonalPaymentEntry/rd_accountType' is present

24-10-2024T09:28:42 - [MESSAGE][PASSED] - Modify property of object successfully

24-10-2024T09:28:42 - [MESSAGE][PASSED] - Object: 'Object Repository/IWP30/Page_ACHPersonalPaymentEntry/rd_accountType' is clicked on

24-10-2024T09:28:42 - [MESSAGE][PASSED] - Object 'Object Repository/IWP30/Page_ACHPersonalPaymentEntry/txt_Email' is present

24-10-2024T09:28:43 - [MESSAGE][PASSED] - Text 'iahmed@govolution.com' is set on object 'Object Repository/IWP30/Page_ACHPersonalPaymentEntry/txt_Email'

24-10-2024T09:28:43 - [MESSAGE][PASSED] - Object 'Object Repository/IWP30/Page_ACHPersonalPaymentEntry/cb_TermsAndCond' is present

24-10-2024T09:28:43 - [MESSAGE][PASSED] - Object: 'Object Repository/IWP30/Page_ACHPersonalPaymentEntry/cb_TermsAndCond' is clicked on

24-10-2024T09:28:44 - [MESSAGE][PASSED] - Object 'Object Repository/IWP30/Page_ACHPersonalPaymentEntry/btn_Continue' is present

24-10-2024T09:28:46 - [MESSAGE][PASSED] - Object: 'Object Repository/IWP30/Page_ACHPersonalPaymentEntry/btn_Continue' is clicked on

24-10-2024T09:28:46 - [MESSAGE][PASSED] - iwpPages.achPersonalPaymentEntryPage.setDataACHPPM is PASSED

24-10-2024T09:28:46 - [TEST_STEP][PASSED] - Thread.sleep(10000): null

24-10-2024T09:28:56 - [TEST_STEP][PASSED] - if (verifyTextPresent("Payment amounts more than 10.50 are not accepted", false)): null

24-10-2024T09:28:56 - [MESSAGE][PASSED] - Text 'Payment amounts more than 10.50 are not accepted' is present on page 

24-10-2024T09:28:56 - [TEST_STEP][PASSED] - println("Over Pay Error message shown"): null

24-10-2024T09:28:56 - [TEST_STEP][PASSED] - markPassed("Over Pay Error message shown"): Over Pay Error message shown

24-10-2024T09:28:56 - [MESSAGE][PASSED] - Over Pay Error message shown

24-10-2024T09:28:56 - [TEST_STEP][PASSED] - resText = "Pass": null

24-10-2024T09:28:56 - [TEST_STEP][ERROR] - pages.WriteExcel.demoKey(resText, datText, resColumn, datCloumn, fileLoc, nameSheet, row): Test Cases/IntegratedWeb/IWP25/Error/NoOverPayErrorPC FAILED.
Reason:
com.kms.katalon.core.exception.StepErrorException: org.codehaus.groovy.runtime.InvokerInvocationException: java.io.FileNotFoundException: KatalonData\IWPTestData\VRelay25Payments.xlsx (The process cannot access the file because it is being used by another process)
	at com.kms.katalon.core.main.CustomKeywordDelegatingMetaClass.throwError(CustomKeywordDelegatingMetaClass.java:101)
	at com.kms.katalon.core.main.CustomKeywordDelegatingMetaClass.invokeStaticMethod(CustomKeywordDelegatingMetaClass.java:73)
	at NoOverPayErrorPC.run(NoOverPayErrorPC:91)
	at com.kms.katalon.core.main.ScriptEngine.run(ScriptEngine.java:194)
	at com.kms.katalon.core.main.ScriptEngine.runScriptAsRawText(ScriptEngine.java:119)
	at com.kms.katalon.core.main.TestCaseExecutor.runScript(TestCaseExecutor.java:448)
	at com.kms.katalon.core.main.TestCaseExecutor.doExecute(TestCaseExecutor.java:439)
	at com.kms.katalon.core.main.TestCaseExecutor.processExecutionPhase(TestCaseExecutor.java:418)
	at com.kms.katalon.core.main.TestCaseExecutor.accessMainPhase(TestCaseExecutor.java:410)
	at com.kms.katalon.core.main.TestCaseExecutor.execute(TestCaseExecutor.java:285)
	at com.kms.katalon.core.common.CommonExecutor.accessTestCaseMainPhase(CommonExecutor.java:65)
	at com.kms.katalon.core.main.TestSuiteExecutor.accessTestSuiteMainPhase(TestSuiteExecutor.java:150)
	at com.kms.katalon.core.main.TestSuiteExecutor.execute(TestSuiteExecutor.java:106)
	at com.kms.katalon.core.main.TestCaseMain.startTestSuite(TestCaseMain.java:180)
	at TempTestSuite1729731001385.run(TempTestSuite1729731001385.groovy:35)
	at java.base/jdk.internal.reflect.NativeMethodAccessorImpl.invoke0(Native Method)
	at java.base/jdk.internal.reflect.NativeMethodAccessorImpl.invoke(NativeMethodAccessorImpl.java:77)
	at java.base/jdk.internal.reflect.DelegatingMethodAccessorImpl.invoke(DelegatingMethodAccessorImpl.java:43)
Caused by: org.codehaus.groovy.runtime.InvokerInvocationException: java.io.FileNotFoundException: KatalonData\IWPTestData\VRelay25Payments.xlsx (The process cannot access the file because it is being used by another process)
	at com.kms.katalon.core.main.CustomKeywordDelegatingMetaClass.invokeStaticMethod(CustomKeywordDelegatingMetaClass.java:55)
	at Script1724425000905.run(Script1724425000905.groovy:91)
	... 15 more
Caused by: java.io.FileNotFoundException: KatalonData\IWPTestData\VRelay25Payments.xlsx (The process cannot access the file because it is being used by another process)
	at pages.WriteExcel.demoKey(WriteExcel.groovy:93)
	at jdk.internal.reflect.GeneratedMethodAccessor43.invoke(Unknown Source)
	at java.base/jdk.internal.reflect.DelegatingMethodAccessorImpl.invoke(DelegatingMethodAccessorImpl.java:43)
	at com.kms.katalon.core.main.CustomKeywordDelegatingMetaClass.invokeStaticMethod(CustomKeywordDelegatingMetaClass.java:55)
	at NoOverPayErrorPC.run(NoOverPayErrorPC:91)
	... 15 more


24-10-2024T09:28:56 - [MESSAGE][ERROR] - java.io.FileNotFoundException: KatalonData\IWPTestData\VRelay25Payments.xlsx (The process cannot access the file because it is being used by another process)

24-10-2024T09:28:56 - [MESSAGE][ERROR] - Test Cases/IntegratedWeb/IWP25/Error/NoOverPayErrorPC FAILED.
Reason:
com.kms.katalon.core.exception.StepErrorException: org.codehaus.groovy.runtime.InvokerInvocationException: java.io.FileNotFoundException: KatalonData\IWPTestData\VRelay25Payments.xlsx (The process cannot access the file because it is being used by another process)
	at com.kms.katalon.core.main.CustomKeywordDelegatingMetaClass.throwError(CustomKeywordDelegatingMetaClass.java:101)
	at com.kms.katalon.core.main.CustomKeywordDelegatingMetaClass.invokeStaticMethod(CustomKeywordDelegatingMetaClass.java:73)
	at NoOverPayErrorPC.run(NoOverPayErrorPC:91)
	at com.kms.katalon.core.main.ScriptEngine.run(ScriptEngine.java:194)
	at com.kms.katalon.core.main.ScriptEngine.runScriptAsRawText(ScriptEngine.java:119)
	at com.kms.katalon.core.main.TestCaseExecutor.runScript(TestCaseExecutor.java:448)
	at com.kms.katalon.core.main.TestCaseExecutor.doExecute(TestCaseExecutor.java:439)
	at com.kms.katalon.core.main.TestCaseExecutor.processExecutionPhase(TestCaseExecutor.java:418)
	at com.kms.katalon.core.main.TestCaseExecutor.accessMainPhase(TestCaseExecutor.java:410)
	at com.kms.katalon.core.main.TestCaseExecutor.execute(TestCaseExecutor.java:285)
	at com.kms.katalon.core.common.CommonExecutor.accessTestCaseMainPhase(CommonExecutor.java:65)
	at com.kms.katalon.core.main.TestSuiteExecutor.accessTestSuiteMainPhase(TestSuiteExecutor.java:150)
	at com.kms.katalon.core.main.TestSuiteExecutor.execute(TestSuiteExecutor.java:106)
	at com.kms.katalon.core.main.TestCaseMain.startTestSuite(TestCaseMain.java:180)
	at TempTestSuite1729731001385.run(TempTestSuite1729731001385.groovy:35)
	at java.base/jdk.internal.reflect.NativeMethodAccessorImpl.invoke0(Native Method)
	at java.base/jdk.internal.reflect.NativeMethodAccessorImpl.invoke(NativeMethodAccessorImpl.java:77)
	at java.base/jdk.internal.reflect.DelegatingMethodAccessorImpl.invoke(DelegatingMethodAccessorImpl.java:43)
Caused by: org.codehaus.groovy.runtime.InvokerInvocationException: java.io.FileNotFoundException: KatalonData\IWPTestData\VRelay25Payments.xlsx (The process cannot access the file because it is being used by another process)
	at com.kms.katalon.core.main.CustomKeywordDelegatingMetaClass.invokeStaticMethod(CustomKeywordDelegatingMetaClass.java:55)
	at Script1724425000905.run(Script1724425000905.groovy:91)
	... 15 more
Caused by: java.io.FileNotFoundException: KatalonData\IWPTestData\VRelay25Payments.xlsx (The process cannot access the file because it is being used by another process)
	at pages.WriteExcel.demoKey(WriteExcel.groovy:93)
	at jdk.internal.reflect.GeneratedMethodAccessor43.invoke(Unknown Source)
	at java.base/jdk.internal.reflect.DelegatingMethodAccessorImpl.invoke(DelegatingMethodAccessorImpl.java:43)
	at com.kms.katalon.core.main.CustomKeywordDelegatingMetaClass.invokeStaticMethod(CustomKeywordDelegatingMetaClass.java:55)
	at NoOverPayErrorPC.run(NoOverPayErrorPC:91)
	... 15 more]]></system-out>
         <system-err><![CDATA[24-10-2024T09:27:14 - [TEST_CASE][ERROR] - Test Cases/IntegratedWeb/IWP25/Error/NoOverPayErrorPC: Test Cases/IntegratedWeb/IWP25/Error/NoOverPayErrorPC FAILED.
Reason:
org.codehaus.groovy.runtime.InvokerInvocationException: java.io.FileNotFoundException: KatalonData\IWPTestData\VRelay25Payments.xlsx (The process cannot access the file because it is being used by another process)
	at com.kms.katalon.core.main.CustomKeywordDelegatingMetaClass.invokeStaticMethod(CustomKeywordDelegatingMetaClass.java:55)
	at NoOverPayErrorPC.run(NoOverPayErrorPC:91)
	at com.kms.katalon.core.main.ScriptEngine.run(ScriptEngine.java:194)
	at com.kms.katalon.core.main.ScriptEngine.runScriptAsRawText(ScriptEngine.java:119)
	at com.kms.katalon.core.main.TestCaseExecutor.runScript(TestCaseExecutor.java:448)
	at com.kms.katalon.core.main.TestCaseExecutor.doExecute(TestCaseExecutor.java:439)
	at com.kms.katalon.core.main.TestCaseExecutor.processExecutionPhase(TestCaseExecutor.java:418)
	at com.kms.katalon.core.main.TestCaseExecutor.accessMainPhase(TestCaseExecutor.java:410)
	at com.kms.katalon.core.main.TestCaseExecutor.execute(TestCaseExecutor.java:285)
	at com.kms.katalon.core.common.CommonExecutor.accessTestCaseMainPhase(CommonExecutor.java:65)
	at com.kms.katalon.core.main.TestSuiteExecutor.accessTestSuiteMainPhase(TestSuiteExecutor.java:150)
	at com.kms.katalon.core.main.TestSuiteExecutor.execute(TestSuiteExecutor.java:106)
	at com.kms.katalon.core.main.TestCaseMain.startTestSuite(TestCaseMain.java:180)
	at TempTestSuite1729731001385.run(TempTestSuite1729731001385.groovy:35)
	at java.base/jdk.internal.reflect.NativeMethodAccessorImpl.invoke0(Native Method)
	at java.base/jdk.internal.reflect.NativeMethodAccessorImpl.invoke(NativeMethodAccessorImpl.java:77)
	at java.base/jdk.internal.reflect.DelegatingMethodAccessorImpl.invoke(DelegatingMethodAccessorImpl.java:43)
Caused by: java.io.FileNotFoundException: KatalonData\IWPTestData\VRelay25Payments.xlsx (The process cannot access the file because it is being used by another process)
	at pages.WriteExcel.demoKey(WriteExcel.groovy:93)
	at jdk.internal.reflect.GeneratedMethodAccessor43.invoke(Unknown Source)
	at java.base/jdk.internal.reflect.DelegatingMethodAccessorImpl.invoke(DelegatingMethodAccessorImpl.java:43)
	... 17 more]]></system-err>
      </testcase>
      <testcase name="Test Cases/IntegratedWeb/IWP25/Error/NoOverPayErrorPS" time="99.256" classname="Test Cases/IntegratedWeb/IWP25/Error/NoOverPayErrorPS" status="ERROR">
         <error type="ERROR" message="Test Cases/IntegratedWeb/IWP25/Error/NoOverPayErrorPS FAILED.&#xa;Reason:&#xa;org.codehaus.groovy.runtime.InvokerInvocationException: java.io.FileNotFoundException: KatalonData\IWPTestData\VRelay25Payments.xlsx (The process cannot access the file because it is being used by another process)&#xa;	at com.kms.katalon.core.main.CustomKeywordDelegatingMetaClass.invokeStaticMethod(CustomKeywordDelegatingMetaClass.java:55)&#xa;	at NoOverPayErrorPS.run(NoOverPayErrorPS:91)&#xa;	at com.kms.katalon.core.main.ScriptEngine.run(ScriptEngine.java:194)&#xa;	at com.kms.katalon.core.main.ScriptEngine.runScriptAsRawText(ScriptEngine.java:119)&#xa;	at com.kms.katalon.core.main.TestCaseExecutor.runScript(TestCaseExecutor.java:448)&#xa;	at com.kms.katalon.core.main.TestCaseExecutor.doExecute(TestCaseExecutor.java:439)&#xa;	at com.kms.katalon.core.main.TestCaseExecutor.processExecutionPhase(TestCaseExecutor.java:418)&#xa;	at com.kms.katalon.core.main.TestCaseExecutor.accessMainPhase(TestCaseExecutor.java:410)&#xa;	at com.kms.katalon.core.main.TestCaseExecutor.execute(TestCaseExecutor.java:285)&#xa;	at com.kms.katalon.core.common.CommonExecutor.accessTestCaseMainPhase(CommonExecutor.java:65)&#xa;	at com.kms.katalon.core.main.TestSuiteExecutor.accessTestSuiteMainPhase(TestSuiteExecutor.java:150)&#xa;	at com.kms.katalon.core.main.TestSuiteExecutor.execute(TestSuiteExecutor.java:106)&#xa;	at com.kms.katalon.core.main.TestCaseMain.startTestSuite(TestCaseMain.java:180)&#xa;	at TempTestSuite1729731001385.run(TempTestSuite1729731001385.groovy:35)&#xa;	at java.base/jdk.internal.reflect.NativeMethodAccessorImpl.invoke0(Native Method)&#xa;	at java.base/jdk.internal.reflect.NativeMethodAccessorImpl.invoke(NativeMethodAccessorImpl.java:77)&#xa;	at java.base/jdk.internal.reflect.DelegatingMethodAccessorImpl.invoke(DelegatingMethodAccessorImpl.java:43)&#xa;Caused by: java.io.FileNotFoundException: KatalonData\IWPTestData\VRelay25Payments.xlsx (The process cannot access the file because it is being used by another process)&#xa;	at pages.WriteExcel.demoKey(WriteExcel.groovy:93)&#xa;	at jdk.internal.reflect.GeneratedMethodAccessor43.invoke(Unknown Source)&#xa;	at java.base/jdk.internal.reflect.DelegatingMethodAccessorImpl.invoke(DelegatingMethodAccessorImpl.java:43)&#xa;	... 17 more&#xa;"/>
         <system-out><![CDATA[24-10-2024T09:28:56 - [TEST_CASE][ERROR] - Test Cases/IntegratedWeb/IWP25/Error/NoOverPayErrorPS: Test Cases/IntegratedWeb/IWP25/Error/NoOverPayErrorPS FAILED.
Reason:
org.codehaus.groovy.runtime.InvokerInvocationException: java.io.FileNotFoundException: KatalonData\IWPTestData\VRelay25Payments.xlsx (The process cannot access the file because it is being used by another process)
	at com.kms.katalon.core.main.CustomKeywordDelegatingMetaClass.invokeStaticMethod(CustomKeywordDelegatingMetaClass.java:55)
	at NoOverPayErrorPS.run(NoOverPayErrorPS:91)
	at com.kms.katalon.core.main.ScriptEngine.run(ScriptEngine.java:194)
	at com.kms.katalon.core.main.ScriptEngine.runScriptAsRawText(ScriptEngine.java:119)
	at com.kms.katalon.core.main.TestCaseExecutor.runScript(TestCaseExecutor.java:448)
	at com.kms.katalon.core.main.TestCaseExecutor.doExecute(TestCaseExecutor.java:439)
	at com.kms.katalon.core.main.TestCaseExecutor.processExecutionPhase(TestCaseExecutor.java:418)
	at com.kms.katalon.core.main.TestCaseExecutor.accessMainPhase(TestCaseExecutor.java:410)
	at com.kms.katalon.core.main.TestCaseExecutor.execute(TestCaseExecutor.java:285)
	at com.kms.katalon.core.common.CommonExecutor.accessTestCaseMainPhase(CommonExecutor.java:65)
	at com.kms.katalon.core.main.TestSuiteExecutor.accessTestSuiteMainPhase(TestSuiteExecutor.java:150)
	at com.kms.katalon.core.main.TestSuiteExecutor.execute(TestSuiteExecutor.java:106)
	at com.kms.katalon.core.main.TestCaseMain.startTestSuite(TestCaseMain.java:180)
	at TempTestSuite1729731001385.run(TempTestSuite1729731001385.groovy:35)
	at java.base/jdk.internal.reflect.NativeMethodAccessorImpl.invoke0(Native Method)
	at java.base/jdk.internal.reflect.NativeMethodAccessorImpl.invoke(NativeMethodAccessorImpl.java:77)
	at java.base/jdk.internal.reflect.DelegatingMethodAccessorImpl.invoke(DelegatingMethodAccessorImpl.java:43)
Caused by: java.io.FileNotFoundException: KatalonData\IWPTestData\VRelay25Payments.xlsx (The process cannot access the file because it is being used by another process)
	at pages.WriteExcel.demoKey(WriteExcel.groovy:93)
	at jdk.internal.reflect.GeneratedMethodAccessor43.invoke(Unknown Source)
	at java.base/jdk.internal.reflect.DelegatingMethodAccessorImpl.invoke(DelegatingMethodAccessorImpl.java:43)
	... 17 more


24-10-2024T09:28:56 - [TEST_STEP][PASSED] - resText = "Fail": null

24-10-2024T09:28:56 - [TEST_STEP][PASSED] - resColumn = "Result": null

24-10-2024T09:28:56 - [TEST_STEP][PASSED] - datCloumn = "Date": null

24-10-2024T09:28:56 - [TEST_STEP][PASSED] - fileLoc = "KatalonData/IWPTestData/VRelay25Payments.xlsx": null

24-10-2024T09:28:56 - [TEST_STEP][PASSED] - numOfRows = <not implemented yet for class: org.codehaus.groovy.ast.expr.EmptyExpression>: null

24-10-2024T09:28:56 - [TEST_STEP][PASSED] - dataFile = <not implemented yet for class: org.codehaus.groovy.ast.expr.EmptyExpression>: null

24-10-2024T09:28:56 - [TEST_STEP][PASSED] - nameSheet = <not implemented yet for class: org.codehaus.groovy.ast.expr.EmptyExpression>: null

24-10-2024T09:28:56 - [TEST_STEP][PASSED] - dataFileEmulator = <not implemented yet for class: org.codehaus.groovy.ast.expr.EmptyExpression>: null

24-10-2024T09:28:56 - [TEST_STEP][PASSED] - nameSheet = "NoOverPayErrorPS": null

24-10-2024T09:28:56 - [TEST_STEP][PASSED] - dataFile = "IWPTestData/IWP25NoOverPayErrorPS": null

24-10-2024T09:28:56 - [TEST_STEP][PASSED] - dataFileEmulator = "IWPTestData/EmulatorData": null

24-10-2024T09:28:56 - [TEST_STEP][PASSED] - numOfRows = findTestData(dataFile).getRowNumbers(): null

24-10-2024T09:28:56 - [TEST_STEP][PASSED] - println("Number of Records: " + numOfRows): null

24-10-2024T09:28:56 - [TEST_STEP][PASSED] - for ([row = 1, row <= numOfRows, (row++)]): null

24-10-2024T09:28:56 - [TEST_STEP][PASSED] - ExecuteTC = findTestData(dataFile).getValue("Execute", row): null

24-10-2024T09:28:56 - [TEST_STEP][PASSED] - out.println("Value of Execute is : " + ExecuteTC): null

24-10-2024T09:28:56 - [TEST_STEP][PASSED] - if (ExecuteTC.equalsIgnoreCase("Y")): null

24-10-2024T09:28:56 - [TEST_STEP][PASSED] - out.println("Begin Record Number: " + row): null

24-10-2024T09:28:56 - [TEST_STEP][PASSED] - today = new java.util.Date(): null

24-10-2024T09:28:56 - [TEST_STEP][PASSED] - println(today): null

24-10-2024T09:28:56 - [TEST_STEP][PASSED] - datText = today: null

24-10-2024T09:28:56 - [TEST_STEP][PASSED] - EmulatorDataKey = findTestData(dataFile).getValue("EmulatorData", row): null

24-10-2024T09:28:56 - [TEST_STEP][PASSED] - out.println("Value of Emulator Key is : " + EmulatorDataKey): null

24-10-2024T09:28:56 - [TEST_STEP][PASSED] - iwpPages.emulatorIWP30.setDataEmulator_DD(EmulatorDataKey): iwpPages.emulatorIWP30.setDataEmulator_DD is PASSED

24-10-2024T09:28:57 - [MESSAGE][WARNING] - A browser is already opened. Closing browser and opening a new one

24-10-2024T09:28:57 - [MESSAGE][INFO] - Starting 'Edge Chromium' driver

24-10-2024T09:28:57 - [MESSAGE][INFO] - User set preference: ['acceptInsecureCerts', 'true']

24-10-2024T09:28:59 - [MESSAGE][INFO] - Action delay is set to 0 milliseconds

24-10-2024T09:29:03 - [MESSAGE][PASSED] - Browser is opened with url: 'https://qa2.velocitypayment.com/agencyx/config.action?action=editor&message_version=2_5'

24-10-2024T09:29:03 - [MESSAGE][PASSED] - Current window maximized

24-10-2024T09:29:34 - [MESSAGE][INFO] - Unable to find the element located by 'By.xpath: //select[@name='message_version']'. Please recheck the objects properties to make sure the desired element is located. 

24-10-2024T09:29:34 - [MESSAGE][WARNING] - [SELF-HEALING] Failed to find element with id 'Object Repository/IWP30/Page_VRelay30Emulator/MV'. Try using Self-healing.

24-10-2024T09:29:35 - [MESSAGE][WARNING] - [SELF-HEALING] The current locator of test object 'Object Repository/IWP30/Page_VRelay30Emulator/MV' was broken. Propose an alternative one: '(.//*[normalize-space(text()) and normalize-space(.)='Message Version'])[1]/following::select[1]'.

24-10-2024T09:29:35 - [MESSAGE][PASSED] - All options with value '2.5' are selected in object 'Object Repository/IWP30/Page_VRelay30Emulator/MV'  using regular expression

24-10-2024T09:29:36 - [MESSAGE][PASSED] - Text '10.50' is set on object 'Object Repository/IWP30/Page_EmulatorAgencyX/Amount'

24-10-2024T09:29:36 - [MESSAGE][PASSED] - Text 'hCVwUalPF0cV' is set on object 'Object Repository/IWP30/Page_EmulatorAgencyX/CAN'

24-10-2024T09:29:37 - [MESSAGE][PASSED] - Text 'PayNow' is set on object 'Object Repository/IWP30/Page_EmulatorAgencyX/Action'

24-10-2024T09:29:38 - [MESSAGE][PASSED] - Text 'en_US' is set on object 'Object Repository/IWP30/Page_EmulatorAgencyX/Lang'

24-10-2024T09:29:38 - [MESSAGE][PASSED] - Text 'Curlonty' is set on object 'Object Repository/IWP30/Page_EmulatorAgencyX/Fname'

24-10-2024T09:29:39 - [MESSAGE][PASSED] - Text 'Lachuga' is set on object 'Object Repository/IWP30/Page_EmulatorAgencyX/Lname'

24-10-2024T09:29:39 - [MESSAGE][PASSED] - Text '258 Underwood rd' is set on object 'Object Repository/IWP30/Page_EmulatorAgencyX/AL1'

24-10-2024T09:29:40 - [MESSAGE][PASSED] - Text 'Suite 600' is set on object 'Object Repository/IWP30/Page_EmulatorAgencyX/AL2'

24-10-2024T09:29:41 - [MESSAGE][PASSED] - Text '840' is set on object 'Object Repository/IWP30/Page_EmulatorAgencyX/Country'

24-10-2024T09:29:41 - [MESSAGE][PASSED] - Text 'Arlington' is set on object 'Object Repository/IWP30/Page_EmulatorAgencyX/City'

24-10-2024T09:29:42 - [MESSAGE][PASSED] - Text 'VA' is set on object 'Object Repository/IWP30/Page_EmulatorAgencyX/State'

24-10-2024T09:29:42 - [MESSAGE][PASSED] - Text '22201' is set on object 'Object Repository/IWP30/Page_EmulatorAgencyX/ZIP'

24-10-2024T09:29:43 - [MESSAGE][PASSED] - Text '' is set on object 'Object Repository/IWP30/Page_EmulatorAgencyX/Order'

24-10-2024T09:29:43 - [MESSAGE][PASSED] - Text '' is set on object 'Object Repository/IWP30/Page_EmulatorAgencyX/Company'

24-10-2024T09:29:44 - [MESSAGE][PASSED] - Text '' is set on object 'Object Repository/IWP30/Page_EmulatorAgencyX/Email'

24-10-2024T09:29:45 - [MESSAGE][PASSED] - Text 'udf data 1' is set on object 'Object Repository/IWP30/Page_EmulatorAgencyX/UDF1'

24-10-2024T09:29:45 - [MESSAGE][PASSED] - Text 'udf data 2' is set on object 'Object Repository/IWP30/Page_EmulatorAgencyX/UDF2'

24-10-2024T09:29:46 - [MESSAGE][PASSED] - Text '' is set on object 'Object Repository/IWP30/Page_EmulatorAgencyX/UDF3'

24-10-2024T09:29:46 - [MESSAGE][PASSED] - Text '' is set on object 'Object Repository/IWP30/Page_EmulatorAgencyX/UDF4'

24-10-2024T09:29:47 - [MESSAGE][PASSED] - Text '' is set on object 'Object Repository/IWP30/Page_EmulatorAgencyX/UDF5'

24-10-2024T09:29:47 - [MESSAGE][PASSED] - Text '' is set on object 'Object Repository/IWP30/Page_EmulatorAgencyX/UDF6'

24-10-2024T09:29:48 - [MESSAGE][PASSED] - Text '' is set on object 'Object Repository/IWP30/Page_EmulatorAgencyX/UDF7'

24-10-2024T09:29:49 - [MESSAGE][PASSED] - Text '' is set on object 'Object Repository/IWP30/Page_EmulatorAgencyX/UDF8'

24-10-2024T09:29:49 - [MESSAGE][PASSED] - Text '' is set on object 'Object Repository/IWP30/Page_EmulatorAgencyX/UDF9'

24-10-2024T09:29:50 - [MESSAGE][PASSED] - Text '' is set on object 'Object Repository/IWP30/Page_EmulatorAgencyX/UDF10'

24-10-2024T09:29:51 - [MESSAGE][PASSED] - Object: 'Object Repository/IWP30/Page_EmulatorAgencyX/Submit' is clicked on

24-10-2024T09:29:56 - [MESSAGE][PASSED] - Browser is closed

24-10-2024T09:30:00 - [MESSAGE][PASSED] - iwpPages.emulatorIWP30.setDataEmulator_DD is PASSED

24-10-2024T09:30:00 - [TEST_STEP][PASSED] - testHarnessURL = urlTestHarness: null

24-10-2024T09:30:00 - [TEST_STEP][PASSED] - openBrowser(testHarnessURL): Browser is opened with url: 'https://dev-algorithm.govolution.com/vrelaytest/QA2/version_2_2/vrelaytest.html'

24-10-2024T09:30:00 - [MESSAGE][INFO] - Starting 'Edge Chromium' driver

24-10-2024T09:30:00 - [MESSAGE][INFO] - User set preference: ['acceptInsecureCerts', 'true']

24-10-2024T09:30:02 - [MESSAGE][INFO] - Action delay is set to 0 milliseconds

24-10-2024T09:30:05 - [MESSAGE][PASSED] - Browser is opened with url: 'https://dev-algorithm.govolution.com/vrelaytest/QA2/version_2_2/vrelaytest.html'

24-10-2024T09:30:05 - [TEST_STEP][PASSED] - maximizeWindow(): Current window maximized

24-10-2024T09:30:05 - [MESSAGE][PASSED] - Current window maximized

24-10-2024T09:30:05 - [TEST_STEP][PASSED] - iwpPages.TestHarnessPage.setDataMethod(row, dataFile): iwpPages.TestHarnessPage.setDataMethod is PASSED

24-10-2024T09:30:05 - [MESSAGE][PASSED] - Object 'Object Repository/IWP30/Page_QATestHarness/RemittanceID' is present

24-10-2024T09:30:06 - [MESSAGE][PASSED] - Text '652' is set on object 'Object Repository/IWP30/Page_QATestHarness/ApplicationID'

24-10-2024T09:30:07 - [MESSAGE][PASSED] - Text '2.5' is set on object 'Object Repository/IWP30/Page_QATestHarness/MessageVersion'

24-10-2024T09:30:07 - [MESSAGE][PASSED] - Text 'idXTcxcqgxS1' is set on object 'Object Repository/IWP30/Page_QATestHarness/RemittanceID'

24-10-2024T09:30:11 - [MESSAGE][PASSED] - Object: 'Object Repository/IWP30/Page_QATestHarness/SubmitButton' is clicked on

24-10-2024T09:30:11 - [MESSAGE][PASSED] - iwpPages.TestHarnessPage.setDataMethod is PASSED

24-10-2024T09:30:11 - [TEST_STEP][PASSED] - click(findTestObject("Object Repository/IWP30/Page_SelectPaymentMethod/PayByPersonalCheck")): Object: 'Object Repository/IWP30/Page_SelectPaymentMethod/PayByPersonalCheck' is clicked on

24-10-2024T09:30:11 - [MESSAGE][PASSED] - Object: 'Object Repository/IWP30/Page_SelectPaymentMethod/PayByPersonalCheck' is clicked on

24-10-2024T09:30:11 - [TEST_STEP][PASSED] - click(findTestObject("Object Repository/IWP30/Page_SelectPaymentMethod/MakePaymentButton")): Object: 'Object Repository/IWP30/Page_SelectPaymentMethod/MakePaymentButton' is clicked on

24-10-2024T09:30:14 - [MESSAGE][PASSED] - Object: 'Object Repository/IWP30/Page_SelectPaymentMethod/MakePaymentButton' is clicked on

24-10-2024T09:30:14 - [TEST_STEP][PASSED] - iwpPages.achPersonalPaymentEntryPage.setDataACHPPM(row, dataFile): iwpPages.achPersonalPaymentEntryPage.setDataACHPPM is PASSED

24-10-2024T09:30:15 - [MESSAGE][PASSED] - Object 'Object Repository/IWP30/Page_ACHPersonalPaymentEntry/txt_accountNumber' is present

24-10-2024T09:30:16 - [MESSAGE][PASSED] - Text '11.50' is set on object 'Object Repository/IWP30/Page_ACHPersonalPaymentEntry/txt_Amount'

24-10-2024T09:30:16 - [MESSAGE][PASSED] - Object 'Object Repository/IWP30/Page_ACHPersonalPaymentEntry/txt_UDF2' is present

24-10-2024T09:30:16 - [MESSAGE][PASSED] - Object 'Object Repository/IWP30/Page_ACHPersonalPaymentEntry/txt_Firstname' is present

24-10-2024T09:30:17 - [MESSAGE][PASSED] - Text 'Elizath' is set on object 'Object Repository/IWP30/Page_ACHPersonalPaymentEntry/txt_Firstname'

24-10-2024T09:30:17 - [MESSAGE][PASSED] - Object 'Object Repository/IWP30/Page_ACHPersonalPaymentEntry/txt_Lastname' is present

24-10-2024T09:30:18 - [MESSAGE][PASSED] - Text 'Christine' is set on object 'Object Repository/IWP30/Page_ACHPersonalPaymentEntry/txt_Lastname'

24-10-2024T09:30:18 - [MESSAGE][PASSED] - Object 'Object Repository/IWP30/Page_ACHPersonalPaymentEntry/txt_routingNumber' is present

24-10-2024T09:30:18 - [MESSAGE][PASSED] - Text '256072691' is set on object 'Object Repository/IWP30/Page_ACHPersonalPaymentEntry/txt_routingNumber'

24-10-2024T09:30:19 - [MESSAGE][PASSED] - Object 'Object Repository/IWP30/Page_ACHPersonalPaymentEntry/txt_accountNumber' is present

24-10-2024T09:30:20 - [MESSAGE][PASSED] - Text '12344444' is set on object 'Object Repository/IWP30/Page_ACHPersonalPaymentEntry/txt_accountNumber'

24-10-2024T09:30:20 - [MESSAGE][PASSED] - Object 'Object Repository/IWP30/Page_ACHPersonalPaymentEntry/txt_confirmAccountNumber' is present

24-10-2024T09:30:21 - [MESSAGE][PASSED] - Text '12344444' is set on object 'Object Repository/IWP30/Page_ACHPersonalPaymentEntry/txt_confirmAccountNumber'

24-10-2024T09:30:21 - [MESSAGE][PASSED] - Object 'Object Repository/IWP30/Page_ACHPersonalPaymentEntry/rd_accountType' is present

24-10-2024T09:30:21 - [MESSAGE][PASSED] - Modify property of object successfully

24-10-2024T09:30:21 - [MESSAGE][PASSED] - Object: 'Object Repository/IWP30/Page_ACHPersonalPaymentEntry/rd_accountType' is clicked on

24-10-2024T09:30:21 - [MESSAGE][PASSED] - Object 'Object Repository/IWP30/Page_ACHPersonalPaymentEntry/txt_Email' is present

24-10-2024T09:30:22 - [MESSAGE][PASSED] - Text 'iahmed@govolution.com' is set on object 'Object Repository/IWP30/Page_ACHPersonalPaymentEntry/txt_Email'

24-10-2024T09:30:22 - [MESSAGE][PASSED] - Object 'Object Repository/IWP30/Page_ACHPersonalPaymentEntry/cb_TermsAndCond' is present

24-10-2024T09:30:22 - [MESSAGE][PASSED] - Object: 'Object Repository/IWP30/Page_ACHPersonalPaymentEntry/cb_TermsAndCond' is clicked on

24-10-2024T09:30:23 - [MESSAGE][PASSED] - Object 'Object Repository/IWP30/Page_ACHPersonalPaymentEntry/btn_Continue' is present

24-10-2024T09:30:25 - [MESSAGE][PASSED] - Object: 'Object Repository/IWP30/Page_ACHPersonalPaymentEntry/btn_Continue' is clicked on

24-10-2024T09:30:25 - [MESSAGE][PASSED] - iwpPages.achPersonalPaymentEntryPage.setDataACHPPM is PASSED

24-10-2024T09:30:25 - [TEST_STEP][PASSED] - Thread.sleep(10000): null

24-10-2024T09:30:35 - [TEST_STEP][PASSED] - if (verifyTextPresent("Payment amounts more than 10.50 are not accepted", false)): null

24-10-2024T09:30:35 - [MESSAGE][PASSED] - Text 'Payment amounts more than 10.50 are not accepted' is present on page 

24-10-2024T09:30:35 - [TEST_STEP][PASSED] - println("Over Pay Error message shown"): null

24-10-2024T09:30:35 - [TEST_STEP][PASSED] - markPassed("Over Pay Error message shown"): Over Pay Error message shown

24-10-2024T09:30:35 - [MESSAGE][PASSED] - Over Pay Error message shown

24-10-2024T09:30:35 - [TEST_STEP][PASSED] - resText = "Pass": null

24-10-2024T09:30:35 - [TEST_STEP][ERROR] - pages.WriteExcel.demoKey(resText, datText, resColumn, datCloumn, fileLoc, nameSheet, row): Test Cases/IntegratedWeb/IWP25/Error/NoOverPayErrorPS FAILED.
Reason:
com.kms.katalon.core.exception.StepErrorException: org.codehaus.groovy.runtime.InvokerInvocationException: java.io.FileNotFoundException: KatalonData\IWPTestData\VRelay25Payments.xlsx (The process cannot access the file because it is being used by another process)
	at com.kms.katalon.core.main.CustomKeywordDelegatingMetaClass.throwError(CustomKeywordDelegatingMetaClass.java:101)
	at com.kms.katalon.core.main.CustomKeywordDelegatingMetaClass.invokeStaticMethod(CustomKeywordDelegatingMetaClass.java:73)
	at NoOverPayErrorPS.run(NoOverPayErrorPS:91)
	at com.kms.katalon.core.main.ScriptEngine.run(ScriptEngine.java:194)
	at com.kms.katalon.core.main.ScriptEngine.runScriptAsRawText(ScriptEngine.java:119)
	at com.kms.katalon.core.main.TestCaseExecutor.runScript(TestCaseExecutor.java:448)
	at com.kms.katalon.core.main.TestCaseExecutor.doExecute(TestCaseExecutor.java:439)
	at com.kms.katalon.core.main.TestCaseExecutor.processExecutionPhase(TestCaseExecutor.java:418)
	at com.kms.katalon.core.main.TestCaseExecutor.accessMainPhase(TestCaseExecutor.java:410)
	at com.kms.katalon.core.main.TestCaseExecutor.execute(TestCaseExecutor.java:285)
	at com.kms.katalon.core.common.CommonExecutor.accessTestCaseMainPhase(CommonExecutor.java:65)
	at com.kms.katalon.core.main.TestSuiteExecutor.accessTestSuiteMainPhase(TestSuiteExecutor.java:150)
	at com.kms.katalon.core.main.TestSuiteExecutor.execute(TestSuiteExecutor.java:106)
	at com.kms.katalon.core.main.TestCaseMain.startTestSuite(TestCaseMain.java:180)
	at TempTestSuite1729731001385.run(TempTestSuite1729731001385.groovy:35)
	at java.base/jdk.internal.reflect.NativeMethodAccessorImpl.invoke0(Native Method)
	at java.base/jdk.internal.reflect.NativeMethodAccessorImpl.invoke(NativeMethodAccessorImpl.java:77)
	at java.base/jdk.internal.reflect.DelegatingMethodAccessorImpl.invoke(DelegatingMethodAccessorImpl.java:43)
Caused by: org.codehaus.groovy.runtime.InvokerInvocationException: java.io.FileNotFoundException: KatalonData\IWPTestData\VRelay25Payments.xlsx (The process cannot access the file because it is being used by another process)
	at com.kms.katalon.core.main.CustomKeywordDelegatingMetaClass.invokeStaticMethod(CustomKeywordDelegatingMetaClass.java:55)
	at Script1724774190473.run(Script1724774190473.groovy:91)
	... 15 more
Caused by: java.io.FileNotFoundException: KatalonData\IWPTestData\VRelay25Payments.xlsx (The process cannot access the file because it is being used by another process)
	at pages.WriteExcel.demoKey(WriteExcel.groovy:93)
	at jdk.internal.reflect.GeneratedMethodAccessor43.invoke(Unknown Source)
	at java.base/jdk.internal.reflect.DelegatingMethodAccessorImpl.invoke(DelegatingMethodAccessorImpl.java:43)
	at com.kms.katalon.core.main.CustomKeywordDelegatingMetaClass.invokeStaticMethod(CustomKeywordDelegatingMetaClass.java:55)
	at NoOverPayErrorPS.run(NoOverPayErrorPS:91)
	... 15 more


24-10-2024T09:30:35 - [MESSAGE][ERROR] - java.io.FileNotFoundException: KatalonData\IWPTestData\VRelay25Payments.xlsx (The process cannot access the file because it is being used by another process)

24-10-2024T09:30:35 - [MESSAGE][ERROR] - Test Cases/IntegratedWeb/IWP25/Error/NoOverPayErrorPS FAILED.
Reason:
com.kms.katalon.core.exception.StepErrorException: org.codehaus.groovy.runtime.InvokerInvocationException: java.io.FileNotFoundException: KatalonData\IWPTestData\VRelay25Payments.xlsx (The process cannot access the file because it is being used by another process)
	at com.kms.katalon.core.main.CustomKeywordDelegatingMetaClass.throwError(CustomKeywordDelegatingMetaClass.java:101)
	at com.kms.katalon.core.main.CustomKeywordDelegatingMetaClass.invokeStaticMethod(CustomKeywordDelegatingMetaClass.java:73)
	at NoOverPayErrorPS.run(NoOverPayErrorPS:91)
	at com.kms.katalon.core.main.ScriptEngine.run(ScriptEngine.java:194)
	at com.kms.katalon.core.main.ScriptEngine.runScriptAsRawText(ScriptEngine.java:119)
	at com.kms.katalon.core.main.TestCaseExecutor.runScript(TestCaseExecutor.java:448)
	at com.kms.katalon.core.main.TestCaseExecutor.doExecute(TestCaseExecutor.java:439)
	at com.kms.katalon.core.main.TestCaseExecutor.processExecutionPhase(TestCaseExecutor.java:418)
	at com.kms.katalon.core.main.TestCaseExecutor.accessMainPhase(TestCaseExecutor.java:410)
	at com.kms.katalon.core.main.TestCaseExecutor.execute(TestCaseExecutor.java:285)
	at com.kms.katalon.core.common.CommonExecutor.accessTestCaseMainPhase(CommonExecutor.java:65)
	at com.kms.katalon.core.main.TestSuiteExecutor.accessTestSuiteMainPhase(TestSuiteExecutor.java:150)
	at com.kms.katalon.core.main.TestSuiteExecutor.execute(TestSuiteExecutor.java:106)
	at com.kms.katalon.core.main.TestCaseMain.startTestSuite(TestCaseMain.java:180)
	at TempTestSuite1729731001385.run(TempTestSuite1729731001385.groovy:35)
	at java.base/jdk.internal.reflect.NativeMethodAccessorImpl.invoke0(Native Method)
	at java.base/jdk.internal.reflect.NativeMethodAccessorImpl.invoke(NativeMethodAccessorImpl.java:77)
	at java.base/jdk.internal.reflect.DelegatingMethodAccessorImpl.invoke(DelegatingMethodAccessorImpl.java:43)
Caused by: org.codehaus.groovy.runtime.InvokerInvocationException: java.io.FileNotFoundException: KatalonData\IWPTestData\VRelay25Payments.xlsx (The process cannot access the file because it is being used by another process)
	at com.kms.katalon.core.main.CustomKeywordDelegatingMetaClass.invokeStaticMethod(CustomKeywordDelegatingMetaClass.java:55)
	at Script1724774190473.run(Script1724774190473.groovy:91)
	... 15 more
Caused by: java.io.FileNotFoundException: KatalonData\IWPTestData\VRelay25Payments.xlsx (The process cannot access the file because it is being used by another process)
	at pages.WriteExcel.demoKey(WriteExcel.groovy:93)
	at jdk.internal.reflect.GeneratedMethodAccessor43.invoke(Unknown Source)
	at java.base/jdk.internal.reflect.DelegatingMethodAccessorImpl.invoke(DelegatingMethodAccessorImpl.java:43)
	at com.kms.katalon.core.main.CustomKeywordDelegatingMetaClass.invokeStaticMethod(CustomKeywordDelegatingMetaClass.java:55)
	at NoOverPayErrorPS.run(NoOverPayErrorPS:91)
	... 15 more]]></system-out>
         <system-err><![CDATA[24-10-2024T09:28:56 - [TEST_CASE][ERROR] - Test Cases/IntegratedWeb/IWP25/Error/NoOverPayErrorPS: Test Cases/IntegratedWeb/IWP25/Error/NoOverPayErrorPS FAILED.
Reason:
org.codehaus.groovy.runtime.InvokerInvocationException: java.io.FileNotFoundException: KatalonData\IWPTestData\VRelay25Payments.xlsx (The process cannot access the file because it is being used by another process)
	at com.kms.katalon.core.main.CustomKeywordDelegatingMetaClass.invokeStaticMethod(CustomKeywordDelegatingMetaClass.java:55)
	at NoOverPayErrorPS.run(NoOverPayErrorPS:91)
	at com.kms.katalon.core.main.ScriptEngine.run(ScriptEngine.java:194)
	at com.kms.katalon.core.main.ScriptEngine.runScriptAsRawText(ScriptEngine.java:119)
	at com.kms.katalon.core.main.TestCaseExecutor.runScript(TestCaseExecutor.java:448)
	at com.kms.katalon.core.main.TestCaseExecutor.doExecute(TestCaseExecutor.java:439)
	at com.kms.katalon.core.main.TestCaseExecutor.processExecutionPhase(TestCaseExecutor.java:418)
	at com.kms.katalon.core.main.TestCaseExecutor.accessMainPhase(TestCaseExecutor.java:410)
	at com.kms.katalon.core.main.TestCaseExecutor.execute(TestCaseExecutor.java:285)
	at com.kms.katalon.core.common.CommonExecutor.accessTestCaseMainPhase(CommonExecutor.java:65)
	at com.kms.katalon.core.main.TestSuiteExecutor.accessTestSuiteMainPhase(TestSuiteExecutor.java:150)
	at com.kms.katalon.core.main.TestSuiteExecutor.execute(TestSuiteExecutor.java:106)
	at com.kms.katalon.core.main.TestCaseMain.startTestSuite(TestCaseMain.java:180)
	at TempTestSuite1729731001385.run(TempTestSuite1729731001385.groovy:35)
	at java.base/jdk.internal.reflect.NativeMethodAccessorImpl.invoke0(Native Method)
	at java.base/jdk.internal.reflect.NativeMethodAccessorImpl.invoke(NativeMethodAccessorImpl.java:77)
	at java.base/jdk.internal.reflect.DelegatingMethodAccessorImpl.invoke(DelegatingMethodAccessorImpl.java:43)
Caused by: java.io.FileNotFoundException: KatalonData\IWPTestData\VRelay25Payments.xlsx (The process cannot access the file because it is being used by another process)
	at pages.WriteExcel.demoKey(WriteExcel.groovy:93)
	at jdk.internal.reflect.GeneratedMethodAccessor43.invoke(Unknown Source)
	at java.base/jdk.internal.reflect.DelegatingMethodAccessorImpl.invoke(DelegatingMethodAccessorImpl.java:43)
	... 17 more]]></system-err>
      </testcase>
      <testcase name="Test Cases/IntegratedWeb/IWP25/Error/NoUnderPayErrorCC" time="100.48" classname="Test Cases/IntegratedWeb/IWP25/Error/NoUnderPayErrorCC" status="ERROR">
         <error type="ERROR" message="Test Cases/IntegratedWeb/IWP25/Error/NoUnderPayErrorCC FAILED.&#xa;Reason:&#xa;org.codehaus.groovy.runtime.InvokerInvocationException: java.io.FileNotFoundException: KatalonData\IWPTestData\VRelay25Payments.xlsx (The process cannot access the file because it is being used by another process)&#xa;	at com.kms.katalon.core.main.CustomKeywordDelegatingMetaClass.invokeStaticMethod(CustomKeywordDelegatingMetaClass.java:55)&#xa;	at NoUnderPayErrorCC.run(NoUnderPayErrorCC:91)&#xa;	at com.kms.katalon.core.main.ScriptEngine.run(ScriptEngine.java:194)&#xa;	at com.kms.katalon.core.main.ScriptEngine.runScriptAsRawText(ScriptEngine.java:119)&#xa;	at com.kms.katalon.core.main.TestCaseExecutor.runScript(TestCaseExecutor.java:448)&#xa;	at com.kms.katalon.core.main.TestCaseExecutor.doExecute(TestCaseExecutor.java:439)&#xa;	at com.kms.katalon.core.main.TestCaseExecutor.processExecutionPhase(TestCaseExecutor.java:418)&#xa;	at com.kms.katalon.core.main.TestCaseExecutor.accessMainPhase(TestCaseExecutor.java:410)&#xa;	at com.kms.katalon.core.main.TestCaseExecutor.execute(TestCaseExecutor.java:285)&#xa;	at com.kms.katalon.core.common.CommonExecutor.accessTestCaseMainPhase(CommonExecutor.java:65)&#xa;	at com.kms.katalon.core.main.TestSuiteExecutor.accessTestSuiteMainPhase(TestSuiteExecutor.java:150)&#xa;	at com.kms.katalon.core.main.TestSuiteExecutor.execute(TestSuiteExecutor.java:106)&#xa;	at com.kms.katalon.core.main.TestCaseMain.startTestSuite(TestCaseMain.java:180)&#xa;	at TempTestSuite1729731001385.run(TempTestSuite1729731001385.groovy:35)&#xa;	at java.base/jdk.internal.reflect.NativeMethodAccessorImpl.invoke0(Native Method)&#xa;	at java.base/jdk.internal.reflect.NativeMethodAccessorImpl.invoke(NativeMethodAccessorImpl.java:77)&#xa;	at java.base/jdk.internal.reflect.DelegatingMethodAccessorImpl.invoke(DelegatingMethodAccessorImpl.java:43)&#xa;Caused by: java.io.FileNotFoundException: KatalonData\IWPTestData\VRelay25Payments.xlsx (The process cannot access the file because it is being used by another process)&#xa;	at pages.WriteExcel.demoKey(WriteExcel.groovy:93)&#xa;	at jdk.internal.reflect.GeneratedMethodAccessor43.invoke(Unknown Source)&#xa;	at java.base/jdk.internal.reflect.DelegatingMethodAccessorImpl.invoke(DelegatingMethodAccessorImpl.java:43)&#xa;	... 17 more&#xa;"/>
         <system-out><![CDATA[24-10-2024T09:30:35 - [TEST_CASE][ERROR] - Test Cases/IntegratedWeb/IWP25/Error/NoUnderPayErrorCC: Test Cases/IntegratedWeb/IWP25/Error/NoUnderPayErrorCC FAILED.
Reason:
org.codehaus.groovy.runtime.InvokerInvocationException: java.io.FileNotFoundException: KatalonData\IWPTestData\VRelay25Payments.xlsx (The process cannot access the file because it is being used by another process)
	at com.kms.katalon.core.main.CustomKeywordDelegatingMetaClass.invokeStaticMethod(CustomKeywordDelegatingMetaClass.java:55)
	at NoUnderPayErrorCC.run(NoUnderPayErrorCC:91)
	at com.kms.katalon.core.main.ScriptEngine.run(ScriptEngine.java:194)
	at com.kms.katalon.core.main.ScriptEngine.runScriptAsRawText(ScriptEngine.java:119)
	at com.kms.katalon.core.main.TestCaseExecutor.runScript(TestCaseExecutor.java:448)
	at com.kms.katalon.core.main.TestCaseExecutor.doExecute(TestCaseExecutor.java:439)
	at com.kms.katalon.core.main.TestCaseExecutor.processExecutionPhase(TestCaseExecutor.java:418)
	at com.kms.katalon.core.main.TestCaseExecutor.accessMainPhase(TestCaseExecutor.java:410)
	at com.kms.katalon.core.main.TestCaseExecutor.execute(TestCaseExecutor.java:285)
	at com.kms.katalon.core.common.CommonExecutor.accessTestCaseMainPhase(CommonExecutor.java:65)
	at com.kms.katalon.core.main.TestSuiteExecutor.accessTestSuiteMainPhase(TestSuiteExecutor.java:150)
	at com.kms.katalon.core.main.TestSuiteExecutor.execute(TestSuiteExecutor.java:106)
	at com.kms.katalon.core.main.TestCaseMain.startTestSuite(TestCaseMain.java:180)
	at TempTestSuite1729731001385.run(TempTestSuite1729731001385.groovy:35)
	at java.base/jdk.internal.reflect.NativeMethodAccessorImpl.invoke0(Native Method)
	at java.base/jdk.internal.reflect.NativeMethodAccessorImpl.invoke(NativeMethodAccessorImpl.java:77)
	at java.base/jdk.internal.reflect.DelegatingMethodAccessorImpl.invoke(DelegatingMethodAccessorImpl.java:43)
Caused by: java.io.FileNotFoundException: KatalonData\IWPTestData\VRelay25Payments.xlsx (The process cannot access the file because it is being used by another process)
	at pages.WriteExcel.demoKey(WriteExcel.groovy:93)
	at jdk.internal.reflect.GeneratedMethodAccessor43.invoke(Unknown Source)
	at java.base/jdk.internal.reflect.DelegatingMethodAccessorImpl.invoke(DelegatingMethodAccessorImpl.java:43)
	... 17 more


24-10-2024T09:30:35 - [TEST_STEP][PASSED] - resText = "Fail": null

24-10-2024T09:30:35 - [TEST_STEP][PASSED] - resColumn = "Result": null

24-10-2024T09:30:35 - [TEST_STEP][PASSED] - datCloumn = "Date": null

24-10-2024T09:30:35 - [TEST_STEP][PASSED] - fileLoc = "KatalonData/IWPTestData/VRelay25Payments.xlsx": null

24-10-2024T09:30:35 - [TEST_STEP][PASSED] - numOfRows = <not implemented yet for class: org.codehaus.groovy.ast.expr.EmptyExpression>: null

24-10-2024T09:30:35 - [TEST_STEP][PASSED] - dataFile = <not implemented yet for class: org.codehaus.groovy.ast.expr.EmptyExpression>: null

24-10-2024T09:30:35 - [TEST_STEP][PASSED] - nameSheet = <not implemented yet for class: org.codehaus.groovy.ast.expr.EmptyExpression>: null

24-10-2024T09:30:35 - [TEST_STEP][PASSED] - dataFileEmulator = <not implemented yet for class: org.codehaus.groovy.ast.expr.EmptyExpression>: null

24-10-2024T09:30:35 - [TEST_STEP][PASSED] - nameSheet = "NoUnderPayErrorCC": null

24-10-2024T09:30:35 - [TEST_STEP][PASSED] - dataFile = "IWPTestData/IWP25NoUnderPayErrorCC": null

24-10-2024T09:30:35 - [TEST_STEP][PASSED] - dataFileEmulator = "IWPTestData/EmulatorData": null

24-10-2024T09:30:35 - [TEST_STEP][PASSED] - numOfRows = findTestData(dataFile).getRowNumbers(): null

24-10-2024T09:30:36 - [TEST_STEP][PASSED] - println("Number of Records: " + numOfRows): null

24-10-2024T09:30:36 - [TEST_STEP][PASSED] - for ([row = 1, row <= numOfRows, (row++)]): null

24-10-2024T09:30:36 - [TEST_STEP][PASSED] - ExecuteTC = findTestData(dataFile).getValue("Execute", row): null

24-10-2024T09:30:36 - [TEST_STEP][PASSED] - out.println("Value of Execute is : " + ExecuteTC): null

24-10-2024T09:30:36 - [TEST_STEP][PASSED] - if (ExecuteTC.equalsIgnoreCase("Y")): null

24-10-2024T09:30:36 - [TEST_STEP][PASSED] - out.println("Begin Record Number: " + row): null

24-10-2024T09:30:36 - [TEST_STEP][PASSED] - today = new java.util.Date(): null

24-10-2024T09:30:36 - [TEST_STEP][PASSED] - println(today): null

24-10-2024T09:30:36 - [TEST_STEP][PASSED] - datText = today: null

24-10-2024T09:30:36 - [TEST_STEP][PASSED] - EmulatorDataKey = findTestData(dataFile).getValue("EmulatorData", row): null

24-10-2024T09:30:36 - [TEST_STEP][PASSED] - out.println("Value of Emulator Key is : " + EmulatorDataKey): null

24-10-2024T09:30:36 - [TEST_STEP][PASSED] - iwpPages.emulatorIWP30.setDataEmulator_DD(EmulatorDataKey): iwpPages.emulatorIWP30.setDataEmulator_DD is PASSED

24-10-2024T09:30:36 - [MESSAGE][WARNING] - A browser is already opened. Closing browser and opening a new one

24-10-2024T09:30:37 - [MESSAGE][INFO] - Starting 'Edge Chromium' driver

24-10-2024T09:30:37 - [MESSAGE][INFO] - User set preference: ['acceptInsecureCerts', 'true']

24-10-2024T09:30:39 - [MESSAGE][INFO] - Action delay is set to 0 milliseconds

24-10-2024T09:30:43 - [MESSAGE][PASSED] - Browser is opened with url: 'https://qa2.velocitypayment.com/agencyx/config.action?action=editor&message_version=2_5'

24-10-2024T09:30:43 - [MESSAGE][PASSED] - Current window maximized

24-10-2024T09:31:14 - [MESSAGE][INFO] - Unable to find the element located by 'By.xpath: //select[@name='message_version']'. Please recheck the objects properties to make sure the desired element is located. 

24-10-2024T09:31:14 - [MESSAGE][WARNING] - [SELF-HEALING] Failed to find element with id 'Object Repository/IWP30/Page_VRelay30Emulator/MV'. Try using Self-healing.

24-10-2024T09:31:14 - [MESSAGE][WARNING] - [SELF-HEALING] The current locator of test object 'Object Repository/IWP30/Page_VRelay30Emulator/MV' was broken. Propose an alternative one: '(.//*[normalize-space(text()) and normalize-space(.)='Message Version'])[1]/following::select[1]'.

24-10-2024T09:31:15 - [MESSAGE][PASSED] - All options with value '2.5' are selected in object 'Object Repository/IWP30/Page_VRelay30Emulator/MV'  using regular expression

24-10-2024T09:31:16 - [MESSAGE][PASSED] - Text '10.50' is set on object 'Object Repository/IWP30/Page_EmulatorAgencyX/Amount'

24-10-2024T09:31:16 - [MESSAGE][PASSED] - Text 'oAz55ICALpIe' is set on object 'Object Repository/IWP30/Page_EmulatorAgencyX/CAN'

24-10-2024T09:31:17 - [MESSAGE][PASSED] - Text 'PayNow' is set on object 'Object Repository/IWP30/Page_EmulatorAgencyX/Action'

24-10-2024T09:31:17 - [MESSAGE][PASSED] - Text 'en_US' is set on object 'Object Repository/IWP30/Page_EmulatorAgencyX/Lang'

24-10-2024T09:31:18 - [MESSAGE][PASSED] - Text 'Curlonty' is set on object 'Object Repository/IWP30/Page_EmulatorAgencyX/Fname'

24-10-2024T09:31:19 - [MESSAGE][PASSED] - Text 'Lachuga' is set on object 'Object Repository/IWP30/Page_EmulatorAgencyX/Lname'

24-10-2024T09:31:19 - [MESSAGE][PASSED] - Text '258 Underwood rd' is set on object 'Object Repository/IWP30/Page_EmulatorAgencyX/AL1'

24-10-2024T09:31:20 - [MESSAGE][PASSED] - Text 'Suite 600' is set on object 'Object Repository/IWP30/Page_EmulatorAgencyX/AL2'

24-10-2024T09:31:20 - [MESSAGE][PASSED] - Text '840' is set on object 'Object Repository/IWP30/Page_EmulatorAgencyX/Country'

24-10-2024T09:31:21 - [MESSAGE][PASSED] - Text 'Arlington' is set on object 'Object Repository/IWP30/Page_EmulatorAgencyX/City'

24-10-2024T09:31:22 - [MESSAGE][PASSED] - Text 'VA' is set on object 'Object Repository/IWP30/Page_EmulatorAgencyX/State'

24-10-2024T09:31:22 - [MESSAGE][PASSED] - Text '22201' is set on object 'Object Repository/IWP30/Page_EmulatorAgencyX/ZIP'

24-10-2024T09:31:23 - [MESSAGE][PASSED] - Text '' is set on object 'Object Repository/IWP30/Page_EmulatorAgencyX/Order'

24-10-2024T09:31:23 - [MESSAGE][PASSED] - Text '' is set on object 'Object Repository/IWP30/Page_EmulatorAgencyX/Company'

24-10-2024T09:31:24 - [MESSAGE][PASSED] - Text '' is set on object 'Object Repository/IWP30/Page_EmulatorAgencyX/Email'

24-10-2024T09:31:24 - [MESSAGE][PASSED] - Text 'udf data 1' is set on object 'Object Repository/IWP30/Page_EmulatorAgencyX/UDF1'

24-10-2024T09:31:25 - [MESSAGE][PASSED] - Text 'udf data 2' is set on object 'Object Repository/IWP30/Page_EmulatorAgencyX/UDF2'

24-10-2024T09:31:26 - [MESSAGE][PASSED] - Text '' is set on object 'Object Repository/IWP30/Page_EmulatorAgencyX/UDF3'

24-10-2024T09:31:26 - [MESSAGE][PASSED] - Text '' is set on object 'Object Repository/IWP30/Page_EmulatorAgencyX/UDF4'

24-10-2024T09:31:27 - [MESSAGE][PASSED] - Text '' is set on object 'Object Repository/IWP30/Page_EmulatorAgencyX/UDF5'

24-10-2024T09:31:27 - [MESSAGE][PASSED] - Text '' is set on object 'Object Repository/IWP30/Page_EmulatorAgencyX/UDF6'

24-10-2024T09:31:28 - [MESSAGE][PASSED] - Text '' is set on object 'Object Repository/IWP30/Page_EmulatorAgencyX/UDF7'

24-10-2024T09:31:28 - [MESSAGE][PASSED] - Text '' is set on object 'Object Repository/IWP30/Page_EmulatorAgencyX/UDF8'

24-10-2024T09:31:29 - [MESSAGE][PASSED] - Text '' is set on object 'Object Repository/IWP30/Page_EmulatorAgencyX/UDF9'

24-10-2024T09:31:30 - [MESSAGE][PASSED] - Text '' is set on object 'Object Repository/IWP30/Page_EmulatorAgencyX/UDF10'

24-10-2024T09:31:31 - [MESSAGE][PASSED] - Object: 'Object Repository/IWP30/Page_EmulatorAgencyX/Submit' is clicked on

24-10-2024T09:31:35 - [MESSAGE][PASSED] - Browser is closed

24-10-2024T09:31:40 - [MESSAGE][PASSED] - iwpPages.emulatorIWP30.setDataEmulator_DD is PASSED

24-10-2024T09:31:40 - [TEST_STEP][PASSED] - testHarnessURL = urlTestHarness: null

24-10-2024T09:31:40 - [TEST_STEP][PASSED] - openBrowser(testHarnessURL): Browser is opened with url: 'https://dev-algorithm.govolution.com/vrelaytest/QA2/version_2_2/vrelaytest.html'

24-10-2024T09:31:40 - [MESSAGE][INFO] - Starting 'Edge Chromium' driver

24-10-2024T09:31:40 - [MESSAGE][INFO] - User set preference: ['acceptInsecureCerts', 'true']

24-10-2024T09:31:42 - [MESSAGE][INFO] - Action delay is set to 0 milliseconds

24-10-2024T09:31:45 - [MESSAGE][PASSED] - Browser is opened with url: 'https://dev-algorithm.govolution.com/vrelaytest/QA2/version_2_2/vrelaytest.html'

24-10-2024T09:31:45 - [TEST_STEP][PASSED] - maximizeWindow(): Current window maximized

24-10-2024T09:31:45 - [MESSAGE][PASSED] - Current window maximized

24-10-2024T09:31:45 - [TEST_STEP][PASSED] - iwpPages.TestHarnessPage.setDataMethod(row, dataFile): iwpPages.TestHarnessPage.setDataMethod is PASSED

24-10-2024T09:31:46 - [MESSAGE][PASSED] - Object 'Object Repository/IWP30/Page_QATestHarness/RemittanceID' is present

24-10-2024T09:31:46 - [MESSAGE][PASSED] - Text '653' is set on object 'Object Repository/IWP30/Page_QATestHarness/ApplicationID'

24-10-2024T09:31:47 - [MESSAGE][PASSED] - Text '2.5' is set on object 'Object Repository/IWP30/Page_QATestHarness/MessageVersion'

24-10-2024T09:31:48 - [MESSAGE][PASSED] - Text 'qkPnuEBYPoND' is set on object 'Object Repository/IWP30/Page_QATestHarness/RemittanceID'

24-10-2024T09:31:51 - [MESSAGE][PASSED] - Object: 'Object Repository/IWP30/Page_QATestHarness/SubmitButton' is clicked on

24-10-2024T09:31:51 - [MESSAGE][PASSED] - iwpPages.TestHarnessPage.setDataMethod is PASSED

24-10-2024T09:31:51 - [TEST_STEP][PASSED] - click(findTestObject("Object Repository/IWP30/Page_SelectPaymentMethod/PayByCreditCard")): Object: 'Object Repository/IWP30/Page_SelectPaymentMethod/PayByCreditCard' is clicked on

24-10-2024T09:31:51 - [MESSAGE][PASSED] - Object: 'Object Repository/IWP30/Page_SelectPaymentMethod/PayByCreditCard' is clicked on

24-10-2024T09:31:51 - [TEST_STEP][PASSED] - click(findTestObject("Object Repository/IWP30/Page_SelectPaymentMethod/MakePaymentButton")): Object: 'Object Repository/IWP30/Page_SelectPaymentMethod/MakePaymentButton' is clicked on

24-10-2024T09:31:54 - [MESSAGE][PASSED] - Object: 'Object Repository/IWP30/Page_SelectPaymentMethod/MakePaymentButton' is clicked on

24-10-2024T09:31:54 - [TEST_STEP][PASSED] - iwpPages.ccPaymentEntryPage.setDataCCPM(row, dataFile): iwpPages.ccPaymentEntryPage.setDataCCPM is PASSED

24-10-2024T09:31:55 - [MESSAGE][PASSED] - Object 'Object Repository/IWP30/Page_CCPaymentEntry/Name' is present

24-10-2024T09:31:56 - [MESSAGE][PASSED] - Text '9.50' is set on object 'Object Repository/IWP30/Page_CCPaymentEntry/Amount'

24-10-2024T09:31:56 - [MESSAGE][PASSED] - Object 'Object Repository/IWP30/Page_CCPaymentEntry/Name' is present

24-10-2024T09:31:57 - [MESSAGE][PASSED] - Text 'Kavita Ranawati' is set on object 'Object Repository/IWP30/Page_CCPaymentEntry/Name'

24-10-2024T09:31:57 - [MESSAGE][PASSED] - Object 'Object Repository/IWP30/Page_CCPaymentEntry/CardNumber' is present

24-10-2024T09:31:58 - [MESSAGE][PASSED] - Text '4111111111111111' is set on object 'Object Repository/IWP30/Page_CCPaymentEntry/CardNumber'

24-10-2024T09:31:58 - [MESSAGE][PASSED] - Object 'Object Repository/IWP30/Page_CCPaymentEntry/Month' is present

24-10-2024T09:31:58 - [MESSAGE][PASSED] - All options with label '09' are selected in object 'Object Repository/IWP30/Page_CCPaymentEntry/Month' 

24-10-2024T09:31:59 - [MESSAGE][PASSED] - Object 'Object Repository/IWP30/Page_CCPaymentEntry/Year' is present

24-10-2024T09:31:59 - [MESSAGE][PASSED] - All options with label '2028' are selected in object 'Object Repository/IWP30/Page_CCPaymentEntry/Year' 

24-10-2024T09:32:00 - [MESSAGE][PASSED] - Text '365 Main Avenue' is set on object 'Object Repository/IWP30/Page_CCPaymentEntry/AL1'

24-10-2024T09:32:01 - [MESSAGE][PASSED] - Text '22201' is set on object 'Object Repository/IWP30/Page_CCPaymentEntry/ZIP'

24-10-2024T09:32:01 - [MESSAGE][PASSED] - Object 'Object Repository/IWP30/Page_CCPaymentEntry/EmailAddress' is present

24-10-2024T09:32:03 - [MESSAGE][PASSED] - Text 'iahmed@govolution.com' is set on object 'Object Repository/IWP30/Page_CCPaymentEntry/EmailAddress'

24-10-2024T09:32:03 - [MESSAGE][PASSED] - Object 'Object Repository/IWP30/Page_CCPaymentEntry/TermCondCheckBox' is present

24-10-2024T09:32:03 - [MESSAGE][PASSED] - Object 'Object Repository/IWP30/Page_CCPaymentEntry/TermCondCheckBox' is checked

24-10-2024T09:32:03 - [MESSAGE][PASSED] - Object 'Object Repository/IWP30/Page_CCPaymentEntry/ContinueButton' is present

24-10-2024T09:32:05 - [MESSAGE][PASSED] - Object: 'Object Repository/IWP30/Page_CCPaymentEntry/ContinueButton' is clicked on

24-10-2024T09:32:05 - [MESSAGE][PASSED] - iwpPages.ccPaymentEntryPage.setDataCCPM is PASSED

24-10-2024T09:32:05 - [TEST_STEP][PASSED] - Thread.sleep(10000): null

24-10-2024T09:32:15 - [TEST_STEP][PASSED] - if (verifyTextPresent("Payment amounts less than 10.50 are not accepted", false)): null

24-10-2024T09:32:16 - [MESSAGE][PASSED] - Text 'Payment amounts less than 10.50 are not accepted' is present on page 

24-10-2024T09:32:16 - [TEST_STEP][PASSED] - println("UnderPay Error message shown"): null

24-10-2024T09:32:16 - [TEST_STEP][PASSED] - markPassed("Under Pay Error message shown"): Under Pay Error message shown

24-10-2024T09:32:16 - [MESSAGE][PASSED] - Under Pay Error message shown

24-10-2024T09:32:16 - [TEST_STEP][PASSED] - resText = "Pass": null

24-10-2024T09:32:16 - [TEST_STEP][ERROR] - pages.WriteExcel.demoKey(resText, datText, resColumn, datCloumn, fileLoc, nameSheet, row): Test Cases/IntegratedWeb/IWP25/Error/NoUnderPayErrorCC FAILED.
Reason:
com.kms.katalon.core.exception.StepErrorException: org.codehaus.groovy.runtime.InvokerInvocationException: java.io.FileNotFoundException: KatalonData\IWPTestData\VRelay25Payments.xlsx (The process cannot access the file because it is being used by another process)
	at com.kms.katalon.core.main.CustomKeywordDelegatingMetaClass.throwError(CustomKeywordDelegatingMetaClass.java:101)
	at com.kms.katalon.core.main.CustomKeywordDelegatingMetaClass.invokeStaticMethod(CustomKeywordDelegatingMetaClass.java:73)
	at NoUnderPayErrorCC.run(NoUnderPayErrorCC:91)
	at com.kms.katalon.core.main.ScriptEngine.run(ScriptEngine.java:194)
	at com.kms.katalon.core.main.ScriptEngine.runScriptAsRawText(ScriptEngine.java:119)
	at com.kms.katalon.core.main.TestCaseExecutor.runScript(TestCaseExecutor.java:448)
	at com.kms.katalon.core.main.TestCaseExecutor.doExecute(TestCaseExecutor.java:439)
	at com.kms.katalon.core.main.TestCaseExecutor.processExecutionPhase(TestCaseExecutor.java:418)
	at com.kms.katalon.core.main.TestCaseExecutor.accessMainPhase(TestCaseExecutor.java:410)
	at com.kms.katalon.core.main.TestCaseExecutor.execute(TestCaseExecutor.java:285)
	at com.kms.katalon.core.common.CommonExecutor.accessTestCaseMainPhase(CommonExecutor.java:65)
	at com.kms.katalon.core.main.TestSuiteExecutor.accessTestSuiteMainPhase(TestSuiteExecutor.java:150)
	at com.kms.katalon.core.main.TestSuiteExecutor.execute(TestSuiteExecutor.java:106)
	at com.kms.katalon.core.main.TestCaseMain.startTestSuite(TestCaseMain.java:180)
	at TempTestSuite1729731001385.run(TempTestSuite1729731001385.groovy:35)
	at java.base/jdk.internal.reflect.NativeMethodAccessorImpl.invoke0(Native Method)
	at java.base/jdk.internal.reflect.NativeMethodAccessorImpl.invoke(NativeMethodAccessorImpl.java:77)
	at java.base/jdk.internal.reflect.DelegatingMethodAccessorImpl.invoke(DelegatingMethodAccessorImpl.java:43)
Caused by: org.codehaus.groovy.runtime.InvokerInvocationException: java.io.FileNotFoundException: KatalonData\IWPTestData\VRelay25Payments.xlsx (The process cannot access the file because it is being used by another process)
	at com.kms.katalon.core.main.CustomKeywordDelegatingMetaClass.invokeStaticMethod(CustomKeywordDelegatingMetaClass.java:55)
	at Script1725035221785.run(Script1725035221785.groovy:91)
	... 15 more
Caused by: java.io.FileNotFoundException: KatalonData\IWPTestData\VRelay25Payments.xlsx (The process cannot access the file because it is being used by another process)
	at pages.WriteExcel.demoKey(WriteExcel.groovy:93)
	at jdk.internal.reflect.GeneratedMethodAccessor43.invoke(Unknown Source)
	at java.base/jdk.internal.reflect.DelegatingMethodAccessorImpl.invoke(DelegatingMethodAccessorImpl.java:43)
	at com.kms.katalon.core.main.CustomKeywordDelegatingMetaClass.invokeStaticMethod(CustomKeywordDelegatingMetaClass.java:55)
	at NoUnderPayErrorCC.run(NoUnderPayErrorCC:91)
	... 15 more


24-10-2024T09:32:16 - [MESSAGE][ERROR] - java.io.FileNotFoundException: KatalonData\IWPTestData\VRelay25Payments.xlsx (The process cannot access the file because it is being used by another process)

24-10-2024T09:32:16 - [MESSAGE][ERROR] - Test Cases/IntegratedWeb/IWP25/Error/NoUnderPayErrorCC FAILED.
Reason:
com.kms.katalon.core.exception.StepErrorException: org.codehaus.groovy.runtime.InvokerInvocationException: java.io.FileNotFoundException: KatalonData\IWPTestData\VRelay25Payments.xlsx (The process cannot access the file because it is being used by another process)
	at com.kms.katalon.core.main.CustomKeywordDelegatingMetaClass.throwError(CustomKeywordDelegatingMetaClass.java:101)
	at com.kms.katalon.core.main.CustomKeywordDelegatingMetaClass.invokeStaticMethod(CustomKeywordDelegatingMetaClass.java:73)
	at NoUnderPayErrorCC.run(NoUnderPayErrorCC:91)
	at com.kms.katalon.core.main.ScriptEngine.run(ScriptEngine.java:194)
	at com.kms.katalon.core.main.ScriptEngine.runScriptAsRawText(ScriptEngine.java:119)
	at com.kms.katalon.core.main.TestCaseExecutor.runScript(TestCaseExecutor.java:448)
	at com.kms.katalon.core.main.TestCaseExecutor.doExecute(TestCaseExecutor.java:439)
	at com.kms.katalon.core.main.TestCaseExecutor.processExecutionPhase(TestCaseExecutor.java:418)
	at com.kms.katalon.core.main.TestCaseExecutor.accessMainPhase(TestCaseExecutor.java:410)
	at com.kms.katalon.core.main.TestCaseExecutor.execute(TestCaseExecutor.java:285)
	at com.kms.katalon.core.common.CommonExecutor.accessTestCaseMainPhase(CommonExecutor.java:65)
	at com.kms.katalon.core.main.TestSuiteExecutor.accessTestSuiteMainPhase(TestSuiteExecutor.java:150)
	at com.kms.katalon.core.main.TestSuiteExecutor.execute(TestSuiteExecutor.java:106)
	at com.kms.katalon.core.main.TestCaseMain.startTestSuite(TestCaseMain.java:180)
	at TempTestSuite1729731001385.run(TempTestSuite1729731001385.groovy:35)
	at java.base/jdk.internal.reflect.NativeMethodAccessorImpl.invoke0(Native Method)
	at java.base/jdk.internal.reflect.NativeMethodAccessorImpl.invoke(NativeMethodAccessorImpl.java:77)
	at java.base/jdk.internal.reflect.DelegatingMethodAccessorImpl.invoke(DelegatingMethodAccessorImpl.java:43)
Caused by: org.codehaus.groovy.runtime.InvokerInvocationException: java.io.FileNotFoundException: KatalonData\IWPTestData\VRelay25Payments.xlsx (The process cannot access the file because it is being used by another process)
	at com.kms.katalon.core.main.CustomKeywordDelegatingMetaClass.invokeStaticMethod(CustomKeywordDelegatingMetaClass.java:55)
	at Script1725035221785.run(Script1725035221785.groovy:91)
	... 15 more
Caused by: java.io.FileNotFoundException: KatalonData\IWPTestData\VRelay25Payments.xlsx (The process cannot access the file because it is being used by another process)
	at pages.WriteExcel.demoKey(WriteExcel.groovy:93)
	at jdk.internal.reflect.GeneratedMethodAccessor43.invoke(Unknown Source)
	at java.base/jdk.internal.reflect.DelegatingMethodAccessorImpl.invoke(DelegatingMethodAccessorImpl.java:43)
	at com.kms.katalon.core.main.CustomKeywordDelegatingMetaClass.invokeStaticMethod(CustomKeywordDelegatingMetaClass.java:55)
	at NoUnderPayErrorCC.run(NoUnderPayErrorCC:91)
	... 15 more]]></system-out>
         <system-err><![CDATA[24-10-2024T09:30:35 - [TEST_CASE][ERROR] - Test Cases/IntegratedWeb/IWP25/Error/NoUnderPayErrorCC: Test Cases/IntegratedWeb/IWP25/Error/NoUnderPayErrorCC FAILED.
Reason:
org.codehaus.groovy.runtime.InvokerInvocationException: java.io.FileNotFoundException: KatalonData\IWPTestData\VRelay25Payments.xlsx (The process cannot access the file because it is being used by another process)
	at com.kms.katalon.core.main.CustomKeywordDelegatingMetaClass.invokeStaticMethod(CustomKeywordDelegatingMetaClass.java:55)
	at NoUnderPayErrorCC.run(NoUnderPayErrorCC:91)
	at com.kms.katalon.core.main.ScriptEngine.run(ScriptEngine.java:194)
	at com.kms.katalon.core.main.ScriptEngine.runScriptAsRawText(ScriptEngine.java:119)
	at com.kms.katalon.core.main.TestCaseExecutor.runScript(TestCaseExecutor.java:448)
	at com.kms.katalon.core.main.TestCaseExecutor.doExecute(TestCaseExecutor.java:439)
	at com.kms.katalon.core.main.TestCaseExecutor.processExecutionPhase(TestCaseExecutor.java:418)
	at com.kms.katalon.core.main.TestCaseExecutor.accessMainPhase(TestCaseExecutor.java:410)
	at com.kms.katalon.core.main.TestCaseExecutor.execute(TestCaseExecutor.java:285)
	at com.kms.katalon.core.common.CommonExecutor.accessTestCaseMainPhase(CommonExecutor.java:65)
	at com.kms.katalon.core.main.TestSuiteExecutor.accessTestSuiteMainPhase(TestSuiteExecutor.java:150)
	at com.kms.katalon.core.main.TestSuiteExecutor.execute(TestSuiteExecutor.java:106)
	at com.kms.katalon.core.main.TestCaseMain.startTestSuite(TestCaseMain.java:180)
	at TempTestSuite1729731001385.run(TempTestSuite1729731001385.groovy:35)
	at java.base/jdk.internal.reflect.NativeMethodAccessorImpl.invoke0(Native Method)
	at java.base/jdk.internal.reflect.NativeMethodAccessorImpl.invoke(NativeMethodAccessorImpl.java:77)
	at java.base/jdk.internal.reflect.DelegatingMethodAccessorImpl.invoke(DelegatingMethodAccessorImpl.java:43)
Caused by: java.io.FileNotFoundException: KatalonData\IWPTestData\VRelay25Payments.xlsx (The process cannot access the file because it is being used by another process)
	at pages.WriteExcel.demoKey(WriteExcel.groovy:93)
	at jdk.internal.reflect.GeneratedMethodAccessor43.invoke(Unknown Source)
	at java.base/jdk.internal.reflect.DelegatingMethodAccessorImpl.invoke(DelegatingMethodAccessorImpl.java:43)
	... 17 more]]></system-err>
      </testcase>
      <testcase name="Test Cases/IntegratedWeb/IWP25/Error/NoUnderPayErrorCorp" time="100.401" classname="Test Cases/IntegratedWeb/IWP25/Error/NoUnderPayErrorCorp" status="ERROR">
         <error type="ERROR" message="Test Cases/IntegratedWeb/IWP25/Error/NoUnderPayErrorCorp FAILED.&#xa;Reason:&#xa;org.codehaus.groovy.runtime.InvokerInvocationException: java.io.FileNotFoundException: KatalonData\IWPTestData\VRelay25Payments.xlsx (The process cannot access the file because it is being used by another process)&#xa;	at com.kms.katalon.core.main.CustomKeywordDelegatingMetaClass.invokeStaticMethod(CustomKeywordDelegatingMetaClass.java:55)&#xa;	at NoUnderPayErrorCorp.run(NoUnderPayErrorCorp:91)&#xa;	at com.kms.katalon.core.main.ScriptEngine.run(ScriptEngine.java:194)&#xa;	at com.kms.katalon.core.main.ScriptEngine.runScriptAsRawText(ScriptEngine.java:119)&#xa;	at com.kms.katalon.core.main.TestCaseExecutor.runScript(TestCaseExecutor.java:448)&#xa;	at com.kms.katalon.core.main.TestCaseExecutor.doExecute(TestCaseExecutor.java:439)&#xa;	at com.kms.katalon.core.main.TestCaseExecutor.processExecutionPhase(TestCaseExecutor.java:418)&#xa;	at com.kms.katalon.core.main.TestCaseExecutor.accessMainPhase(TestCaseExecutor.java:410)&#xa;	at com.kms.katalon.core.main.TestCaseExecutor.execute(TestCaseExecutor.java:285)&#xa;	at com.kms.katalon.core.common.CommonExecutor.accessTestCaseMainPhase(CommonExecutor.java:65)&#xa;	at com.kms.katalon.core.main.TestSuiteExecutor.accessTestSuiteMainPhase(TestSuiteExecutor.java:150)&#xa;	at com.kms.katalon.core.main.TestSuiteExecutor.execute(TestSuiteExecutor.java:106)&#xa;	at com.kms.katalon.core.main.TestCaseMain.startTestSuite(TestCaseMain.java:180)&#xa;	at TempTestSuite1729731001385.run(TempTestSuite1729731001385.groovy:35)&#xa;	at java.base/jdk.internal.reflect.NativeMethodAccessorImpl.invoke0(Native Method)&#xa;	at java.base/jdk.internal.reflect.NativeMethodAccessorImpl.invoke(NativeMethodAccessorImpl.java:77)&#xa;	at java.base/jdk.internal.reflect.DelegatingMethodAccessorImpl.invoke(DelegatingMethodAccessorImpl.java:43)&#xa;Caused by: java.io.FileNotFoundException: KatalonData\IWPTestData\VRelay25Payments.xlsx (The process cannot access the file because it is being used by another process)&#xa;	at pages.WriteExcel.demoKey(WriteExcel.groovy:93)&#xa;	at jdk.internal.reflect.GeneratedMethodAccessor43.invoke(Unknown Source)&#xa;	at java.base/jdk.internal.reflect.DelegatingMethodAccessorImpl.invoke(DelegatingMethodAccessorImpl.java:43)&#xa;	... 17 more&#xa;"/>
         <system-out><![CDATA[24-10-2024T09:32:16 - [TEST_CASE][ERROR] - Test Cases/IntegratedWeb/IWP25/Error/NoUnderPayErrorCorp: Test Cases/IntegratedWeb/IWP25/Error/NoUnderPayErrorCorp FAILED.
Reason:
org.codehaus.groovy.runtime.InvokerInvocationException: java.io.FileNotFoundException: KatalonData\IWPTestData\VRelay25Payments.xlsx (The process cannot access the file because it is being used by another process)
	at com.kms.katalon.core.main.CustomKeywordDelegatingMetaClass.invokeStaticMethod(CustomKeywordDelegatingMetaClass.java:55)
	at NoUnderPayErrorCorp.run(NoUnderPayErrorCorp:91)
	at com.kms.katalon.core.main.ScriptEngine.run(ScriptEngine.java:194)
	at com.kms.katalon.core.main.ScriptEngine.runScriptAsRawText(ScriptEngine.java:119)
	at com.kms.katalon.core.main.TestCaseExecutor.runScript(TestCaseExecutor.java:448)
	at com.kms.katalon.core.main.TestCaseExecutor.doExecute(TestCaseExecutor.java:439)
	at com.kms.katalon.core.main.TestCaseExecutor.processExecutionPhase(TestCaseExecutor.java:418)
	at com.kms.katalon.core.main.TestCaseExecutor.accessMainPhase(TestCaseExecutor.java:410)
	at com.kms.katalon.core.main.TestCaseExecutor.execute(TestCaseExecutor.java:285)
	at com.kms.katalon.core.common.CommonExecutor.accessTestCaseMainPhase(CommonExecutor.java:65)
	at com.kms.katalon.core.main.TestSuiteExecutor.accessTestSuiteMainPhase(TestSuiteExecutor.java:150)
	at com.kms.katalon.core.main.TestSuiteExecutor.execute(TestSuiteExecutor.java:106)
	at com.kms.katalon.core.main.TestCaseMain.startTestSuite(TestCaseMain.java:180)
	at TempTestSuite1729731001385.run(TempTestSuite1729731001385.groovy:35)
	at java.base/jdk.internal.reflect.NativeMethodAccessorImpl.invoke0(Native Method)
	at java.base/jdk.internal.reflect.NativeMethodAccessorImpl.invoke(NativeMethodAccessorImpl.java:77)
	at java.base/jdk.internal.reflect.DelegatingMethodAccessorImpl.invoke(DelegatingMethodAccessorImpl.java:43)
Caused by: java.io.FileNotFoundException: KatalonData\IWPTestData\VRelay25Payments.xlsx (The process cannot access the file because it is being used by another process)
	at pages.WriteExcel.demoKey(WriteExcel.groovy:93)
	at jdk.internal.reflect.GeneratedMethodAccessor43.invoke(Unknown Source)
	at java.base/jdk.internal.reflect.DelegatingMethodAccessorImpl.invoke(DelegatingMethodAccessorImpl.java:43)
	... 17 more


24-10-2024T09:32:16 - [TEST_STEP][PASSED] - resText = "Fail": null

24-10-2024T09:32:16 - [TEST_STEP][PASSED] - resColumn = "Result": null

24-10-2024T09:32:16 - [TEST_STEP][PASSED] - datCloumn = "Date": null

24-10-2024T09:32:16 - [TEST_STEP][PASSED] - fileLoc = "KatalonData/IWPTestData/VRelay25Payments.xlsx": null

24-10-2024T09:32:16 - [TEST_STEP][PASSED] - numOfRows = <not implemented yet for class: org.codehaus.groovy.ast.expr.EmptyExpression>: null

24-10-2024T09:32:16 - [TEST_STEP][PASSED] - dataFile = <not implemented yet for class: org.codehaus.groovy.ast.expr.EmptyExpression>: null

24-10-2024T09:32:16 - [TEST_STEP][PASSED] - nameSheet = <not implemented yet for class: org.codehaus.groovy.ast.expr.EmptyExpression>: null

24-10-2024T09:32:16 - [TEST_STEP][PASSED] - dataFileEmulator = <not implemented yet for class: org.codehaus.groovy.ast.expr.EmptyExpression>: null

24-10-2024T09:32:16 - [TEST_STEP][PASSED] - nameSheet = "NoUnderPayErrorCorp": null

24-10-2024T09:32:16 - [TEST_STEP][PASSED] - dataFile = "IWPTestData/IWP25NoUnderPayErrorCorp": null

24-10-2024T09:32:16 - [TEST_STEP][PASSED] - dataFileEmulator = "IWPTestData/EmulatorData": null

24-10-2024T09:32:16 - [TEST_STEP][PASSED] - numOfRows = findTestData(dataFile).getRowNumbers(): null

24-10-2024T09:32:16 - [TEST_STEP][PASSED] - println("Number of Records: " + numOfRows): null

24-10-2024T09:32:16 - [TEST_STEP][PASSED] - for ([row = 1, row <= numOfRows, (row++)]): null

24-10-2024T09:32:16 - [TEST_STEP][PASSED] - ExecuteTC = findTestData(dataFile).getValue("Execute", row): null

24-10-2024T09:32:16 - [TEST_STEP][PASSED] - out.println("Value of Execute is : " + ExecuteTC): null

24-10-2024T09:32:16 - [TEST_STEP][PASSED] - if (ExecuteTC.equalsIgnoreCase("Y")): null

24-10-2024T09:32:16 - [TEST_STEP][PASSED] - out.println("Begin Record Number: " + row): null

24-10-2024T09:32:16 - [TEST_STEP][PASSED] - today = new java.util.Date(): null

24-10-2024T09:32:16 - [TEST_STEP][PASSED] - println(today): null

24-10-2024T09:32:16 - [TEST_STEP][PASSED] - datText = today: null

24-10-2024T09:32:16 - [TEST_STEP][PASSED] - EmulatorDataKey = findTestData(dataFile).getValue("EmulatorData", row): null

24-10-2024T09:32:16 - [TEST_STEP][PASSED] - out.println("Value of Emulator Key is : " + EmulatorDataKey): null

24-10-2024T09:32:16 - [TEST_STEP][PASSED] - iwpPages.emulatorIWP30.setDataEmulator_DD(EmulatorDataKey): iwpPages.emulatorIWP30.setDataEmulator_DD is PASSED

24-10-2024T09:32:16 - [MESSAGE][WARNING] - A browser is already opened. Closing browser and opening a new one

24-10-2024T09:32:17 - [MESSAGE][INFO] - Starting 'Edge Chromium' driver

24-10-2024T09:32:17 - [MESSAGE][INFO] - User set preference: ['acceptInsecureCerts', 'true']

24-10-2024T09:32:19 - [MESSAGE][INFO] - Action delay is set to 0 milliseconds

24-10-2024T09:32:23 - [MESSAGE][PASSED] - Browser is opened with url: 'https://qa2.velocitypayment.com/agencyx/config.action?action=editor&message_version=2_5'

24-10-2024T09:32:23 - [MESSAGE][PASSED] - Current window maximized

24-10-2024T09:32:54 - [MESSAGE][INFO] - Unable to find the element located by 'By.xpath: //select[@name='message_version']'. Please recheck the objects properties to make sure the desired element is located. 

24-10-2024T09:32:54 - [MESSAGE][WARNING] - [SELF-HEALING] Failed to find element with id 'Object Repository/IWP30/Page_VRelay30Emulator/MV'. Try using Self-healing.

24-10-2024T09:32:54 - [MESSAGE][WARNING] - [SELF-HEALING] The current locator of test object 'Object Repository/IWP30/Page_VRelay30Emulator/MV' was broken. Propose an alternative one: '(.//*[normalize-space(text()) and normalize-space(.)='Message Version'])[1]/following::select[1]'.

24-10-2024T09:32:55 - [MESSAGE][PASSED] - All options with value '2.5' are selected in object 'Object Repository/IWP30/Page_VRelay30Emulator/MV'  using regular expression

24-10-2024T09:32:56 - [MESSAGE][PASSED] - Text '10.50' is set on object 'Object Repository/IWP30/Page_EmulatorAgencyX/Amount'

24-10-2024T09:32:56 - [MESSAGE][PASSED] - Text 'tGjsCoDMs7Dg' is set on object 'Object Repository/IWP30/Page_EmulatorAgencyX/CAN'

24-10-2024T09:32:57 - [MESSAGE][PASSED] - Text 'PayNow' is set on object 'Object Repository/IWP30/Page_EmulatorAgencyX/Action'

24-10-2024T09:32:58 - [MESSAGE][PASSED] - Text 'en_US' is set on object 'Object Repository/IWP30/Page_EmulatorAgencyX/Lang'

24-10-2024T09:32:58 - [MESSAGE][PASSED] - Text 'Curlonty' is set on object 'Object Repository/IWP30/Page_EmulatorAgencyX/Fname'

24-10-2024T09:32:59 - [MESSAGE][PASSED] - Text 'Lachuga' is set on object 'Object Repository/IWP30/Page_EmulatorAgencyX/Lname'

24-10-2024T09:32:59 - [MESSAGE][PASSED] - Text '258 Underwood rd' is set on object 'Object Repository/IWP30/Page_EmulatorAgencyX/AL1'

24-10-2024T09:33:00 - [MESSAGE][PASSED] - Text 'Suite 600' is set on object 'Object Repository/IWP30/Page_EmulatorAgencyX/AL2'

24-10-2024T09:33:01 - [MESSAGE][PASSED] - Text '840' is set on object 'Object Repository/IWP30/Page_EmulatorAgencyX/Country'

24-10-2024T09:33:01 - [MESSAGE][PASSED] - Text 'Arlington' is set on object 'Object Repository/IWP30/Page_EmulatorAgencyX/City'

24-10-2024T09:33:02 - [MESSAGE][PASSED] - Text 'VA' is set on object 'Object Repository/IWP30/Page_EmulatorAgencyX/State'

24-10-2024T09:33:02 - [MESSAGE][PASSED] - Text '22201' is set on object 'Object Repository/IWP30/Page_EmulatorAgencyX/ZIP'

24-10-2024T09:33:03 - [MESSAGE][PASSED] - Text '' is set on object 'Object Repository/IWP30/Page_EmulatorAgencyX/Order'

24-10-2024T09:33:04 - [MESSAGE][PASSED] - Text '' is set on object 'Object Repository/IWP30/Page_EmulatorAgencyX/Company'

24-10-2024T09:33:04 - [MESSAGE][PASSED] - Text '' is set on object 'Object Repository/IWP30/Page_EmulatorAgencyX/Email'

24-10-2024T09:33:05 - [MESSAGE][PASSED] - Text 'udf data 1' is set on object 'Object Repository/IWP30/Page_EmulatorAgencyX/UDF1'

24-10-2024T09:33:05 - [MESSAGE][PASSED] - Text 'udf data 2' is set on object 'Object Repository/IWP30/Page_EmulatorAgencyX/UDF2'

24-10-2024T09:33:06 - [MESSAGE][PASSED] - Text '' is set on object 'Object Repository/IWP30/Page_EmulatorAgencyX/UDF3'

24-10-2024T09:33:07 - [MESSAGE][PASSED] - Text '' is set on object 'Object Repository/IWP30/Page_EmulatorAgencyX/UDF4'

24-10-2024T09:33:07 - [MESSAGE][PASSED] - Text '' is set on object 'Object Repository/IWP30/Page_EmulatorAgencyX/UDF5'

24-10-2024T09:33:08 - [MESSAGE][PASSED] - Text '' is set on object 'Object Repository/IWP30/Page_EmulatorAgencyX/UDF6'

24-10-2024T09:33:08 - [MESSAGE][PASSED] - Text '' is set on object 'Object Repository/IWP30/Page_EmulatorAgencyX/UDF7'

24-10-2024T09:33:09 - [MESSAGE][PASSED] - Text '' is set on object 'Object Repository/IWP30/Page_EmulatorAgencyX/UDF8'

24-10-2024T09:33:09 - [MESSAGE][PASSED] - Text '' is set on object 'Object Repository/IWP30/Page_EmulatorAgencyX/UDF9'

24-10-2024T09:33:10 - [MESSAGE][PASSED] - Text '' is set on object 'Object Repository/IWP30/Page_EmulatorAgencyX/UDF10'

24-10-2024T09:33:11 - [MESSAGE][PASSED] - Object: 'Object Repository/IWP30/Page_EmulatorAgencyX/Submit' is clicked on

24-10-2024T09:33:16 - [MESSAGE][PASSED] - Browser is closed

24-10-2024T09:33:20 - [MESSAGE][PASSED] - iwpPages.emulatorIWP30.setDataEmulator_DD is PASSED

24-10-2024T09:33:20 - [TEST_STEP][PASSED] - testHarnessURL = urlTestHarness: null

24-10-2024T09:33:20 - [TEST_STEP][PASSED] - openBrowser(testHarnessURL): Browser is opened with url: 'https://dev-algorithm.govolution.com/vrelaytest/QA2/version_2_2/vrelaytest.html'

24-10-2024T09:33:20 - [MESSAGE][INFO] - Starting 'Edge Chromium' driver

24-10-2024T09:33:20 - [MESSAGE][INFO] - User set preference: ['acceptInsecureCerts', 'true']

24-10-2024T09:33:22 - [MESSAGE][INFO] - Action delay is set to 0 milliseconds

24-10-2024T09:33:26 - [MESSAGE][PASSED] - Browser is opened with url: 'https://dev-algorithm.govolution.com/vrelaytest/QA2/version_2_2/vrelaytest.html'

24-10-2024T09:33:26 - [TEST_STEP][PASSED] - maximizeWindow(): Current window maximized

24-10-2024T09:33:26 - [MESSAGE][PASSED] - Current window maximized

24-10-2024T09:33:26 - [TEST_STEP][PASSED] - iwpPages.TestHarnessPage.setDataMethod(row, dataFile): iwpPages.TestHarnessPage.setDataMethod is PASSED

24-10-2024T09:33:26 - [MESSAGE][PASSED] - Object 'Object Repository/IWP30/Page_QATestHarness/RemittanceID' is present

24-10-2024T09:33:27 - [MESSAGE][PASSED] - Text '653' is set on object 'Object Repository/IWP30/Page_QATestHarness/ApplicationID'

24-10-2024T09:33:27 - [MESSAGE][PASSED] - Text '2.5' is set on object 'Object Repository/IWP30/Page_QATestHarness/MessageVersion'

24-10-2024T09:33:28 - [MESSAGE][PASSED] - Text 'sWqLz9e3oCkp' is set on object 'Object Repository/IWP30/Page_QATestHarness/RemittanceID'

24-10-2024T09:33:33 - [MESSAGE][PASSED] - Object: 'Object Repository/IWP30/Page_QATestHarness/SubmitButton' is clicked on

24-10-2024T09:33:33 - [MESSAGE][PASSED] - iwpPages.TestHarnessPage.setDataMethod is PASSED

24-10-2024T09:33:33 - [TEST_STEP][PASSED] - click(findTestObject("Object Repository/IWP30/Page_SelectPaymentMethod/PayByCorporateCheck")): Object: 'Object Repository/IWP30/Page_SelectPaymentMethod/PayByCorporateCheck' is clicked on

24-10-2024T09:33:33 - [MESSAGE][PASSED] - Object: 'Object Repository/IWP30/Page_SelectPaymentMethod/PayByCorporateCheck' is clicked on

24-10-2024T09:33:33 - [TEST_STEP][PASSED] - click(findTestObject("Object Repository/IWP30/Page_SelectPaymentMethod/MakePaymentButton")): Object: 'Object Repository/IWP30/Page_SelectPaymentMethod/MakePaymentButton' is clicked on

24-10-2024T09:33:36 - [MESSAGE][PASSED] - Object: 'Object Repository/IWP30/Page_SelectPaymentMethod/MakePaymentButton' is clicked on

24-10-2024T09:33:36 - [TEST_STEP][PASSED] - iwpPages.achCorporatePaymentEntryPage.setDataCorporate(row, dataFile): iwpPages.achCorporatePaymentEntryPage.setDataCorporate is PASSED

24-10-2024T09:33:37 - [MESSAGE][PASSED] - Object 'Object Repository/IWP30/Page_ACHCorporatePaymentEntry/txt_accountNumber' is present

24-10-2024T09:33:37 - [MESSAGE][PASSED] - Object 'Object Repository/IWP30/Page_ACHCorporatePaymentEntry/input_CompanyName' is present

24-10-2024T09:33:37 - [MESSAGE][PASSED] - Text 'My Company' is set on object 'Object Repository/IWP30/Page_ACHCorporatePaymentEntry/input_CompanyName'

24-10-2024T09:33:38 - [MESSAGE][PASSED] - Object 'Object Repository/IWP30/Page_ACHCorporatePaymentEntry/input_EIN' is present

24-10-2024T09:33:38 - [MESSAGE][PASSED] - Text '123456789' is set on object 'Object Repository/IWP30/Page_ACHCorporatePaymentEntry/input_EIN'

24-10-2024T09:33:39 - [MESSAGE][PASSED] - Text '9.50' is set on object 'Object Repository/IWP30/Page_ACHCorporatePaymentEntry/txt_Amount'

24-10-2024T09:33:39 - [MESSAGE][PASSED] - Object 'Object Repository/IWP30/Page_ACHCorporatePaymentEntry/txt_routingNumber' is present

24-10-2024T09:33:40 - [MESSAGE][PASSED] - Text '256072691' is set on object 'Object Repository/IWP30/Page_ACHCorporatePaymentEntry/txt_routingNumber'

24-10-2024T09:33:40 - [MESSAGE][PASSED] - Object 'Object Repository/IWP30/Page_ACHCorporatePaymentEntry/txt_accountNumber' is present

24-10-2024T09:33:41 - [MESSAGE][PASSED] - Text '12344444' is set on object 'Object Repository/IWP30/Page_ACHCorporatePaymentEntry/txt_accountNumber'

24-10-2024T09:33:41 - [MESSAGE][PASSED] - Object 'Object Repository/IWP30/Page_ACHCorporatePaymentEntry/txt_confirmAccountNumber' is present

24-10-2024T09:33:42 - [MESSAGE][PASSED] - Text '12344444' is set on object 'Object Repository/IWP30/Page_ACHCorporatePaymentEntry/txt_confirmAccountNumber'

24-10-2024T09:33:42 - [MESSAGE][PASSED] - Object 'Object Repository/IWP30/Page_ACHCorporatePaymentEntry/txt_Email' is present

24-10-2024T09:33:43 - [MESSAGE][PASSED] - Text 'iahmed@govolution.com' is set on object 'Object Repository/IWP30/Page_ACHCorporatePaymentEntry/txt_Email'

24-10-2024T09:33:43 - [MESSAGE][PASSED] - Object 'Object Repository/IWP30/Page_ACHCorporatePaymentEntry/cb_TermsAndCond' is present

24-10-2024T09:33:43 - [MESSAGE][PASSED] - Object: 'Object Repository/IWP30/Page_ACHCorporatePaymentEntry/cb_TermsAndCond' is clicked on

24-10-2024T09:33:44 - [MESSAGE][PASSED] - Object 'Object Repository/IWP30/Page_ACHCorporatePaymentEntry/btn_Continue' is present

24-10-2024T09:33:46 - [MESSAGE][PASSED] - Object: 'Object Repository/IWP30/Page_ACHCorporatePaymentEntry/btn_Continue' is clicked on

24-10-2024T09:33:46 - [MESSAGE][PASSED] - iwpPages.achCorporatePaymentEntryPage.setDataCorporate is PASSED

24-10-2024T09:33:46 - [TEST_STEP][PASSED] - Thread.sleep(10000): null

24-10-2024T09:33:56 - [TEST_STEP][PASSED] - if (verifyTextPresent("Payment amounts less than 10.50 are not accepted", false)): null

24-10-2024T09:33:56 - [MESSAGE][PASSED] - Text 'Payment amounts less than 10.50 are not accepted' is present on page 

24-10-2024T09:33:56 - [TEST_STEP][PASSED] - println("UnderPay Error message shown"): null

24-10-2024T09:33:56 - [TEST_STEP][PASSED] - markPassed("Under Pay Error message shown"): Under Pay Error message shown

24-10-2024T09:33:56 - [MESSAGE][PASSED] - Under Pay Error message shown

24-10-2024T09:33:56 - [TEST_STEP][PASSED] - resText = "Pass": null

24-10-2024T09:33:56 - [TEST_STEP][ERROR] - pages.WriteExcel.demoKey(resText, datText, resColumn, datCloumn, fileLoc, nameSheet, row): Test Cases/IntegratedWeb/IWP25/Error/NoUnderPayErrorCorp FAILED.
Reason:
com.kms.katalon.core.exception.StepErrorException: org.codehaus.groovy.runtime.InvokerInvocationException: java.io.FileNotFoundException: KatalonData\IWPTestData\VRelay25Payments.xlsx (The process cannot access the file because it is being used by another process)
	at com.kms.katalon.core.main.CustomKeywordDelegatingMetaClass.throwError(CustomKeywordDelegatingMetaClass.java:101)
	at com.kms.katalon.core.main.CustomKeywordDelegatingMetaClass.invokeStaticMethod(CustomKeywordDelegatingMetaClass.java:73)
	at NoUnderPayErrorCorp.run(NoUnderPayErrorCorp:91)
	at com.kms.katalon.core.main.ScriptEngine.run(ScriptEngine.java:194)
	at com.kms.katalon.core.main.ScriptEngine.runScriptAsRawText(ScriptEngine.java:119)
	at com.kms.katalon.core.main.TestCaseExecutor.runScript(TestCaseExecutor.java:448)
	at com.kms.katalon.core.main.TestCaseExecutor.doExecute(TestCaseExecutor.java:439)
	at com.kms.katalon.core.main.TestCaseExecutor.processExecutionPhase(TestCaseExecutor.java:418)
	at com.kms.katalon.core.main.TestCaseExecutor.accessMainPhase(TestCaseExecutor.java:410)
	at com.kms.katalon.core.main.TestCaseExecutor.execute(TestCaseExecutor.java:285)
	at com.kms.katalon.core.common.CommonExecutor.accessTestCaseMainPhase(CommonExecutor.java:65)
	at com.kms.katalon.core.main.TestSuiteExecutor.accessTestSuiteMainPhase(TestSuiteExecutor.java:150)
	at com.kms.katalon.core.main.TestSuiteExecutor.execute(TestSuiteExecutor.java:106)
	at com.kms.katalon.core.main.TestCaseMain.startTestSuite(TestCaseMain.java:180)
	at TempTestSuite1729731001385.run(TempTestSuite1729731001385.groovy:35)
	at java.base/jdk.internal.reflect.NativeMethodAccessorImpl.invoke0(Native Method)
	at java.base/jdk.internal.reflect.NativeMethodAccessorImpl.invoke(NativeMethodAccessorImpl.java:77)
	at java.base/jdk.internal.reflect.DelegatingMethodAccessorImpl.invoke(DelegatingMethodAccessorImpl.java:43)
Caused by: org.codehaus.groovy.runtime.InvokerInvocationException: java.io.FileNotFoundException: KatalonData\IWPTestData\VRelay25Payments.xlsx (The process cannot access the file because it is being used by another process)
	at com.kms.katalon.core.main.CustomKeywordDelegatingMetaClass.invokeStaticMethod(CustomKeywordDelegatingMetaClass.java:55)
	at Script1724093239068.run(Script1724093239068.groovy:91)
	... 15 more
Caused by: java.io.FileNotFoundException: KatalonData\IWPTestData\VRelay25Payments.xlsx (The process cannot access the file because it is being used by another process)
	at pages.WriteExcel.demoKey(WriteExcel.groovy:93)
	at jdk.internal.reflect.GeneratedMethodAccessor43.invoke(Unknown Source)
	at java.base/jdk.internal.reflect.DelegatingMethodAccessorImpl.invoke(DelegatingMethodAccessorImpl.java:43)
	at com.kms.katalon.core.main.CustomKeywordDelegatingMetaClass.invokeStaticMethod(CustomKeywordDelegatingMetaClass.java:55)
	at NoUnderPayErrorCorp.run(NoUnderPayErrorCorp:91)
	... 15 more


24-10-2024T09:33:56 - [MESSAGE][ERROR] - java.io.FileNotFoundException: KatalonData\IWPTestData\VRelay25Payments.xlsx (The process cannot access the file because it is being used by another process)

24-10-2024T09:33:56 - [MESSAGE][ERROR] - Test Cases/IntegratedWeb/IWP25/Error/NoUnderPayErrorCorp FAILED.
Reason:
com.kms.katalon.core.exception.StepErrorException: org.codehaus.groovy.runtime.InvokerInvocationException: java.io.FileNotFoundException: KatalonData\IWPTestData\VRelay25Payments.xlsx (The process cannot access the file because it is being used by another process)
	at com.kms.katalon.core.main.CustomKeywordDelegatingMetaClass.throwError(CustomKeywordDelegatingMetaClass.java:101)
	at com.kms.katalon.core.main.CustomKeywordDelegatingMetaClass.invokeStaticMethod(CustomKeywordDelegatingMetaClass.java:73)
	at NoUnderPayErrorCorp.run(NoUnderPayErrorCorp:91)
	at com.kms.katalon.core.main.ScriptEngine.run(ScriptEngine.java:194)
	at com.kms.katalon.core.main.ScriptEngine.runScriptAsRawText(ScriptEngine.java:119)
	at com.kms.katalon.core.main.TestCaseExecutor.runScript(TestCaseExecutor.java:448)
	at com.kms.katalon.core.main.TestCaseExecutor.doExecute(TestCaseExecutor.java:439)
	at com.kms.katalon.core.main.TestCaseExecutor.processExecutionPhase(TestCaseExecutor.java:418)
	at com.kms.katalon.core.main.TestCaseExecutor.accessMainPhase(TestCaseExecutor.java:410)
	at com.kms.katalon.core.main.TestCaseExecutor.execute(TestCaseExecutor.java:285)
	at com.kms.katalon.core.common.CommonExecutor.accessTestCaseMainPhase(CommonExecutor.java:65)
	at com.kms.katalon.core.main.TestSuiteExecutor.accessTestSuiteMainPhase(TestSuiteExecutor.java:150)
	at com.kms.katalon.core.main.TestSuiteExecutor.execute(TestSuiteExecutor.java:106)
	at com.kms.katalon.core.main.TestCaseMain.startTestSuite(TestCaseMain.java:180)
	at TempTestSuite1729731001385.run(TempTestSuite1729731001385.groovy:35)
	at java.base/jdk.internal.reflect.NativeMethodAccessorImpl.invoke0(Native Method)
	at java.base/jdk.internal.reflect.NativeMethodAccessorImpl.invoke(NativeMethodAccessorImpl.java:77)
	at java.base/jdk.internal.reflect.DelegatingMethodAccessorImpl.invoke(DelegatingMethodAccessorImpl.java:43)
Caused by: org.codehaus.groovy.runtime.InvokerInvocationException: java.io.FileNotFoundException: KatalonData\IWPTestData\VRelay25Payments.xlsx (The process cannot access the file because it is being used by another process)
	at com.kms.katalon.core.main.CustomKeywordDelegatingMetaClass.invokeStaticMethod(CustomKeywordDelegatingMetaClass.java:55)
	at Script1724093239068.run(Script1724093239068.groovy:91)
	... 15 more
Caused by: java.io.FileNotFoundException: KatalonData\IWPTestData\VRelay25Payments.xlsx (The process cannot access the file because it is being used by another process)
	at pages.WriteExcel.demoKey(WriteExcel.groovy:93)
	at jdk.internal.reflect.GeneratedMethodAccessor43.invoke(Unknown Source)
	at java.base/jdk.internal.reflect.DelegatingMethodAccessorImpl.invoke(DelegatingMethodAccessorImpl.java:43)
	at com.kms.katalon.core.main.CustomKeywordDelegatingMetaClass.invokeStaticMethod(CustomKeywordDelegatingMetaClass.java:55)
	at NoUnderPayErrorCorp.run(NoUnderPayErrorCorp:91)
	... 15 more]]></system-out>
         <system-err><![CDATA[24-10-2024T09:32:16 - [TEST_CASE][ERROR] - Test Cases/IntegratedWeb/IWP25/Error/NoUnderPayErrorCorp: Test Cases/IntegratedWeb/IWP25/Error/NoUnderPayErrorCorp FAILED.
Reason:
org.codehaus.groovy.runtime.InvokerInvocationException: java.io.FileNotFoundException: KatalonData\IWPTestData\VRelay25Payments.xlsx (The process cannot access the file because it is being used by another process)
	at com.kms.katalon.core.main.CustomKeywordDelegatingMetaClass.invokeStaticMethod(CustomKeywordDelegatingMetaClass.java:55)
	at NoUnderPayErrorCorp.run(NoUnderPayErrorCorp:91)
	at com.kms.katalon.core.main.ScriptEngine.run(ScriptEngine.java:194)
	at com.kms.katalon.core.main.ScriptEngine.runScriptAsRawText(ScriptEngine.java:119)
	at com.kms.katalon.core.main.TestCaseExecutor.runScript(TestCaseExecutor.java:448)
	at com.kms.katalon.core.main.TestCaseExecutor.doExecute(TestCaseExecutor.java:439)
	at com.kms.katalon.core.main.TestCaseExecutor.processExecutionPhase(TestCaseExecutor.java:418)
	at com.kms.katalon.core.main.TestCaseExecutor.accessMainPhase(TestCaseExecutor.java:410)
	at com.kms.katalon.core.main.TestCaseExecutor.execute(TestCaseExecutor.java:285)
	at com.kms.katalon.core.common.CommonExecutor.accessTestCaseMainPhase(CommonExecutor.java:65)
	at com.kms.katalon.core.main.TestSuiteExecutor.accessTestSuiteMainPhase(TestSuiteExecutor.java:150)
	at com.kms.katalon.core.main.TestSuiteExecutor.execute(TestSuiteExecutor.java:106)
	at com.kms.katalon.core.main.TestCaseMain.startTestSuite(TestCaseMain.java:180)
	at TempTestSuite1729731001385.run(TempTestSuite1729731001385.groovy:35)
	at java.base/jdk.internal.reflect.NativeMethodAccessorImpl.invoke0(Native Method)
	at java.base/jdk.internal.reflect.NativeMethodAccessorImpl.invoke(NativeMethodAccessorImpl.java:77)
	at java.base/jdk.internal.reflect.DelegatingMethodAccessorImpl.invoke(DelegatingMethodAccessorImpl.java:43)
Caused by: java.io.FileNotFoundException: KatalonData\IWPTestData\VRelay25Payments.xlsx (The process cannot access the file because it is being used by another process)
	at pages.WriteExcel.demoKey(WriteExcel.groovy:93)
	at jdk.internal.reflect.GeneratedMethodAccessor43.invoke(Unknown Source)
	at java.base/jdk.internal.reflect.DelegatingMethodAccessorImpl.invoke(DelegatingMethodAccessorImpl.java:43)
	... 17 more]]></system-err>
      </testcase>
      <testcase name="Test Cases/IntegratedWeb/IWP25/Error/NoUnderPayErrorPC" time="101.371" classname="Test Cases/IntegratedWeb/IWP25/Error/NoUnderPayErrorPC" status="ERROR">
         <error type="ERROR" message="Test Cases/IntegratedWeb/IWP25/Error/NoUnderPayErrorPC FAILED.&#xa;Reason:&#xa;org.codehaus.groovy.runtime.InvokerInvocationException: java.io.FileNotFoundException: KatalonData\IWPTestData\VRelay25Payments.xlsx (The process cannot access the file because it is being used by another process)&#xa;	at com.kms.katalon.core.main.CustomKeywordDelegatingMetaClass.invokeStaticMethod(CustomKeywordDelegatingMetaClass.java:55)&#xa;	at NoUnderPayErrorPC.run(NoUnderPayErrorPC:91)&#xa;	at com.kms.katalon.core.main.ScriptEngine.run(ScriptEngine.java:194)&#xa;	at com.kms.katalon.core.main.ScriptEngine.runScriptAsRawText(ScriptEngine.java:119)&#xa;	at com.kms.katalon.core.main.TestCaseExecutor.runScript(TestCaseExecutor.java:448)&#xa;	at com.kms.katalon.core.main.TestCaseExecutor.doExecute(TestCaseExecutor.java:439)&#xa;	at com.kms.katalon.core.main.TestCaseExecutor.processExecutionPhase(TestCaseExecutor.java:418)&#xa;	at com.kms.katalon.core.main.TestCaseExecutor.accessMainPhase(TestCaseExecutor.java:410)&#xa;	at com.kms.katalon.core.main.TestCaseExecutor.execute(TestCaseExecutor.java:285)&#xa;	at com.kms.katalon.core.common.CommonExecutor.accessTestCaseMainPhase(CommonExecutor.java:65)&#xa;	at com.kms.katalon.core.main.TestSuiteExecutor.accessTestSuiteMainPhase(TestSuiteExecutor.java:150)&#xa;	at com.kms.katalon.core.main.TestSuiteExecutor.execute(TestSuiteExecutor.java:106)&#xa;	at com.kms.katalon.core.main.TestCaseMain.startTestSuite(TestCaseMain.java:180)&#xa;	at TempTestSuite1729731001385.run(TempTestSuite1729731001385.groovy:35)&#xa;	at java.base/jdk.internal.reflect.NativeMethodAccessorImpl.invoke0(Native Method)&#xa;	at java.base/jdk.internal.reflect.NativeMethodAccessorImpl.invoke(NativeMethodAccessorImpl.java:77)&#xa;	at java.base/jdk.internal.reflect.DelegatingMethodAccessorImpl.invoke(DelegatingMethodAccessorImpl.java:43)&#xa;Caused by: java.io.FileNotFoundException: KatalonData\IWPTestData\VRelay25Payments.xlsx (The process cannot access the file because it is being used by another process)&#xa;	at pages.WriteExcel.demoKey(WriteExcel.groovy:93)&#xa;	at jdk.internal.reflect.GeneratedMethodAccessor43.invoke(Unknown Source)&#xa;	at java.base/jdk.internal.reflect.DelegatingMethodAccessorImpl.invoke(DelegatingMethodAccessorImpl.java:43)&#xa;	... 17 more&#xa;"/>
         <system-out><![CDATA[24-10-2024T09:33:56 - [TEST_CASE][ERROR] - Test Cases/IntegratedWeb/IWP25/Error/NoUnderPayErrorPC: Test Cases/IntegratedWeb/IWP25/Error/NoUnderPayErrorPC FAILED.
Reason:
org.codehaus.groovy.runtime.InvokerInvocationException: java.io.FileNotFoundException: KatalonData\IWPTestData\VRelay25Payments.xlsx (The process cannot access the file because it is being used by another process)
	at com.kms.katalon.core.main.CustomKeywordDelegatingMetaClass.invokeStaticMethod(CustomKeywordDelegatingMetaClass.java:55)
	at NoUnderPayErrorPC.run(NoUnderPayErrorPC:91)
	at com.kms.katalon.core.main.ScriptEngine.run(ScriptEngine.java:194)
	at com.kms.katalon.core.main.ScriptEngine.runScriptAsRawText(ScriptEngine.java:119)
	at com.kms.katalon.core.main.TestCaseExecutor.runScript(TestCaseExecutor.java:448)
	at com.kms.katalon.core.main.TestCaseExecutor.doExecute(TestCaseExecutor.java:439)
	at com.kms.katalon.core.main.TestCaseExecutor.processExecutionPhase(TestCaseExecutor.java:418)
	at com.kms.katalon.core.main.TestCaseExecutor.accessMainPhase(TestCaseExecutor.java:410)
	at com.kms.katalon.core.main.TestCaseExecutor.execute(TestCaseExecutor.java:285)
	at com.kms.katalon.core.common.CommonExecutor.accessTestCaseMainPhase(CommonExecutor.java:65)
	at com.kms.katalon.core.main.TestSuiteExecutor.accessTestSuiteMainPhase(TestSuiteExecutor.java:150)
	at com.kms.katalon.core.main.TestSuiteExecutor.execute(TestSuiteExecutor.java:106)
	at com.kms.katalon.core.main.TestCaseMain.startTestSuite(TestCaseMain.java:180)
	at TempTestSuite1729731001385.run(TempTestSuite1729731001385.groovy:35)
	at java.base/jdk.internal.reflect.NativeMethodAccessorImpl.invoke0(Native Method)
	at java.base/jdk.internal.reflect.NativeMethodAccessorImpl.invoke(NativeMethodAccessorImpl.java:77)
	at java.base/jdk.internal.reflect.DelegatingMethodAccessorImpl.invoke(DelegatingMethodAccessorImpl.java:43)
Caused by: java.io.FileNotFoundException: KatalonData\IWPTestData\VRelay25Payments.xlsx (The process cannot access the file because it is being used by another process)
	at pages.WriteExcel.demoKey(WriteExcel.groovy:93)
	at jdk.internal.reflect.GeneratedMethodAccessor43.invoke(Unknown Source)
	at java.base/jdk.internal.reflect.DelegatingMethodAccessorImpl.invoke(DelegatingMethodAccessorImpl.java:43)
	... 17 more


24-10-2024T09:33:56 - [TEST_STEP][PASSED] - resText = "Fail": null

24-10-2024T09:33:56 - [TEST_STEP][PASSED] - resColumn = "Result": null

24-10-2024T09:33:56 - [TEST_STEP][PASSED] - datCloumn = "Date": null

24-10-2024T09:33:56 - [TEST_STEP][PASSED] - fileLoc = "KatalonData/IWPTestData/VRelay25Payments.xlsx": null

24-10-2024T09:33:56 - [TEST_STEP][PASSED] - numOfRows = <not implemented yet for class: org.codehaus.groovy.ast.expr.EmptyExpression>: null

24-10-2024T09:33:56 - [TEST_STEP][PASSED] - dataFile = <not implemented yet for class: org.codehaus.groovy.ast.expr.EmptyExpression>: null

24-10-2024T09:33:56 - [TEST_STEP][PASSED] - nameSheet = <not implemented yet for class: org.codehaus.groovy.ast.expr.EmptyExpression>: null

24-10-2024T09:33:56 - [TEST_STEP][PASSED] - dataFileEmulator = <not implemented yet for class: org.codehaus.groovy.ast.expr.EmptyExpression>: null

24-10-2024T09:33:56 - [TEST_STEP][PASSED] - nameSheet = "NoUnderPayErrorPC": null

24-10-2024T09:33:56 - [TEST_STEP][PASSED] - dataFile = "IWPTestData/IWP25NoUnderPayErrorPC": null

24-10-2024T09:33:56 - [TEST_STEP][PASSED] - dataFileEmulator = "IWPTestData/EmulatorData": null

24-10-2024T09:33:56 - [TEST_STEP][PASSED] - numOfRows = findTestData(dataFile).getRowNumbers(): null

24-10-2024T09:33:56 - [TEST_STEP][PASSED] - println("Number of Records: " + numOfRows): null

24-10-2024T09:33:56 - [TEST_STEP][PASSED] - for ([row = 1, row <= numOfRows, (row++)]): null

24-10-2024T09:33:56 - [TEST_STEP][PASSED] - ExecuteTC = findTestData(dataFile).getValue("Execute", row): null

24-10-2024T09:33:56 - [TEST_STEP][PASSED] - out.println("Value of Execute is : " + ExecuteTC): null

24-10-2024T09:33:56 - [TEST_STEP][PASSED] - if (ExecuteTC.equalsIgnoreCase("Y")): null

24-10-2024T09:33:56 - [TEST_STEP][PASSED] - out.println("Begin Record Number: " + row): null

24-10-2024T09:33:56 - [TEST_STEP][PASSED] - today = new java.util.Date(): null

24-10-2024T09:33:56 - [TEST_STEP][PASSED] - println(today): null

24-10-2024T09:33:56 - [TEST_STEP][PASSED] - datText = today: null

24-10-2024T09:33:56 - [TEST_STEP][PASSED] - EmulatorDataKey = findTestData(dataFile).getValue("EmulatorData", row): null

24-10-2024T09:33:56 - [TEST_STEP][PASSED] - out.println("Value of Emulator Key is : " + EmulatorDataKey): null

24-10-2024T09:33:56 - [TEST_STEP][PASSED] - iwpPages.emulatorIWP30.setDataEmulator_DD(EmulatorDataKey): iwpPages.emulatorIWP30.setDataEmulator_DD is PASSED

24-10-2024T09:33:57 - [MESSAGE][WARNING] - A browser is already opened. Closing browser and opening a new one

24-10-2024T09:33:57 - [MESSAGE][INFO] - Starting 'Edge Chromium' driver

24-10-2024T09:33:57 - [MESSAGE][INFO] - User set preference: ['acceptInsecureCerts', 'true']

24-10-2024T09:33:59 - [MESSAGE][INFO] - Action delay is set to 0 milliseconds

24-10-2024T09:34:03 - [MESSAGE][PASSED] - Browser is opened with url: 'https://qa2.velocitypayment.com/agencyx/config.action?action=editor&message_version=2_5'

24-10-2024T09:34:04 - [MESSAGE][PASSED] - Current window maximized

24-10-2024T09:34:35 - [MESSAGE][INFO] - Unable to find the element located by 'By.xpath: //select[@name='message_version']'. Please recheck the objects properties to make sure the desired element is located. 

24-10-2024T09:34:35 - [MESSAGE][WARNING] - [SELF-HEALING] Failed to find element with id 'Object Repository/IWP30/Page_VRelay30Emulator/MV'. Try using Self-healing.

24-10-2024T09:34:35 - [MESSAGE][WARNING] - [SELF-HEALING] The current locator of test object 'Object Repository/IWP30/Page_VRelay30Emulator/MV' was broken. Propose an alternative one: '(.//*[normalize-space(text()) and normalize-space(.)='Message Version'])[1]/following::select[1]'.

24-10-2024T09:34:36 - [MESSAGE][PASSED] - All options with value '2.5' are selected in object 'Object Repository/IWP30/Page_VRelay30Emulator/MV'  using regular expression

24-10-2024T09:34:36 - [MESSAGE][PASSED] - Text '10.50' is set on object 'Object Repository/IWP30/Page_EmulatorAgencyX/Amount'

24-10-2024T09:34:37 - [MESSAGE][PASSED] - Text 'fQlHc7Sa0ULA' is set on object 'Object Repository/IWP30/Page_EmulatorAgencyX/CAN'

24-10-2024T09:34:37 - [MESSAGE][PASSED] - Text 'PayNow' is set on object 'Object Repository/IWP30/Page_EmulatorAgencyX/Action'

24-10-2024T09:34:38 - [MESSAGE][PASSED] - Text 'en_US' is set on object 'Object Repository/IWP30/Page_EmulatorAgencyX/Lang'

24-10-2024T09:34:39 - [MESSAGE][PASSED] - Text 'Curlonty' is set on object 'Object Repository/IWP30/Page_EmulatorAgencyX/Fname'

24-10-2024T09:34:39 - [MESSAGE][PASSED] - Text 'Lachuga' is set on object 'Object Repository/IWP30/Page_EmulatorAgencyX/Lname'

24-10-2024T09:34:40 - [MESSAGE][PASSED] - Text '258 Underwood rd' is set on object 'Object Repository/IWP30/Page_EmulatorAgencyX/AL1'

24-10-2024T09:34:40 - [MESSAGE][PASSED] - Text 'Suite 600' is set on object 'Object Repository/IWP30/Page_EmulatorAgencyX/AL2'

24-10-2024T09:34:41 - [MESSAGE][PASSED] - Text '840' is set on object 'Object Repository/IWP30/Page_EmulatorAgencyX/Country'

24-10-2024T09:34:41 - [MESSAGE][PASSED] - Text 'Arlington' is set on object 'Object Repository/IWP30/Page_EmulatorAgencyX/City'

24-10-2024T09:34:42 - [MESSAGE][PASSED] - Text 'VA' is set on object 'Object Repository/IWP30/Page_EmulatorAgencyX/State'

24-10-2024T09:34:43 - [MESSAGE][PASSED] - Text '22201' is set on object 'Object Repository/IWP30/Page_EmulatorAgencyX/ZIP'

24-10-2024T09:34:43 - [MESSAGE][PASSED] - Text '' is set on object 'Object Repository/IWP30/Page_EmulatorAgencyX/Order'

24-10-2024T09:34:44 - [MESSAGE][PASSED] - Text '' is set on object 'Object Repository/IWP30/Page_EmulatorAgencyX/Company'

24-10-2024T09:34:44 - [MESSAGE][PASSED] - Text '' is set on object 'Object Repository/IWP30/Page_EmulatorAgencyX/Email'

24-10-2024T09:34:45 - [MESSAGE][PASSED] - Text 'udf data 1' is set on object 'Object Repository/IWP30/Page_EmulatorAgencyX/UDF1'

24-10-2024T09:34:46 - [MESSAGE][PASSED] - Text 'udf data 2' is set on object 'Object Repository/IWP30/Page_EmulatorAgencyX/UDF2'

24-10-2024T09:34:46 - [MESSAGE][PASSED] - Text '' is set on object 'Object Repository/IWP30/Page_EmulatorAgencyX/UDF3'

24-10-2024T09:34:47 - [MESSAGE][PASSED] - Text '' is set on object 'Object Repository/IWP30/Page_EmulatorAgencyX/UDF4'

24-10-2024T09:34:47 - [MESSAGE][PASSED] - Text '' is set on object 'Object Repository/IWP30/Page_EmulatorAgencyX/UDF5'

24-10-2024T09:34:48 - [MESSAGE][PASSED] - Text '' is set on object 'Object Repository/IWP30/Page_EmulatorAgencyX/UDF6'

24-10-2024T09:34:48 - [MESSAGE][PASSED] - Text '' is set on object 'Object Repository/IWP30/Page_EmulatorAgencyX/UDF7'

24-10-2024T09:34:49 - [MESSAGE][PASSED] - Text '' is set on object 'Object Repository/IWP30/Page_EmulatorAgencyX/UDF8'

24-10-2024T09:34:50 - [MESSAGE][PASSED] - Text '' is set on object 'Object Repository/IWP30/Page_EmulatorAgencyX/UDF9'

24-10-2024T09:34:50 - [MESSAGE][PASSED] - Text '' is set on object 'Object Repository/IWP30/Page_EmulatorAgencyX/UDF10'

24-10-2024T09:34:52 - [MESSAGE][PASSED] - Object: 'Object Repository/IWP30/Page_EmulatorAgencyX/Submit' is clicked on

24-10-2024T09:34:56 - [MESSAGE][PASSED] - Browser is closed

24-10-2024T09:35:00 - [MESSAGE][PASSED] - iwpPages.emulatorIWP30.setDataEmulator_DD is PASSED

24-10-2024T09:35:00 - [TEST_STEP][PASSED] - testHarnessURL = urlTestHarness: null

24-10-2024T09:35:00 - [TEST_STEP][PASSED] - openBrowser(testHarnessURL): Browser is opened with url: 'https://dev-algorithm.govolution.com/vrelaytest/QA2/version_2_2/vrelaytest.html'

24-10-2024T09:35:00 - [MESSAGE][INFO] - Starting 'Edge Chromium' driver

24-10-2024T09:35:00 - [MESSAGE][INFO] - User set preference: ['acceptInsecureCerts', 'true']

24-10-2024T09:35:02 - [MESSAGE][INFO] - Action delay is set to 0 milliseconds

24-10-2024T09:35:06 - [MESSAGE][PASSED] - Browser is opened with url: 'https://dev-algorithm.govolution.com/vrelaytest/QA2/version_2_2/vrelaytest.html'

24-10-2024T09:35:06 - [TEST_STEP][PASSED] - maximizeWindow(): Current window maximized

24-10-2024T09:35:06 - [MESSAGE][PASSED] - Current window maximized

24-10-2024T09:35:06 - [TEST_STEP][PASSED] - iwpPages.TestHarnessPage.setDataMethod(row, dataFile): iwpPages.TestHarnessPage.setDataMethod is PASSED

24-10-2024T09:35:06 - [MESSAGE][PASSED] - Object 'Object Repository/IWP30/Page_QATestHarness/RemittanceID' is present

24-10-2024T09:35:07 - [MESSAGE][PASSED] - Text '653' is set on object 'Object Repository/IWP30/Page_QATestHarness/ApplicationID'

24-10-2024T09:35:08 - [MESSAGE][PASSED] - Text '2.5' is set on object 'Object Repository/IWP30/Page_QATestHarness/MessageVersion'

24-10-2024T09:35:08 - [MESSAGE][PASSED] - Text 'IoL27LXfEyqX' is set on object 'Object Repository/IWP30/Page_QATestHarness/RemittanceID'

24-10-2024T09:35:13 - [MESSAGE][PASSED] - Object: 'Object Repository/IWP30/Page_QATestHarness/SubmitButton' is clicked on

24-10-2024T09:35:13 - [MESSAGE][PASSED] - iwpPages.TestHarnessPage.setDataMethod is PASSED

24-10-2024T09:35:13 - [TEST_STEP][PASSED] - click(findTestObject("Object Repository/IWP30/Page_SelectPaymentMethod/PayByPersonalCheck")): Object: 'Object Repository/IWP30/Page_SelectPaymentMethod/PayByPersonalCheck' is clicked on

24-10-2024T09:35:14 - [MESSAGE][PASSED] - Object: 'Object Repository/IWP30/Page_SelectPaymentMethod/PayByPersonalCheck' is clicked on

24-10-2024T09:35:14 - [TEST_STEP][PASSED] - click(findTestObject("Object Repository/IWP30/Page_SelectPaymentMethod/MakePaymentButton")): Object: 'Object Repository/IWP30/Page_SelectPaymentMethod/MakePaymentButton' is clicked on

24-10-2024T09:35:16 - [MESSAGE][PASSED] - Object: 'Object Repository/IWP30/Page_SelectPaymentMethod/MakePaymentButton' is clicked on

24-10-2024T09:35:16 - [TEST_STEP][PASSED] - iwpPages.achPersonalPaymentEntryPage.setDataACHPPM(row, dataFile): iwpPages.achPersonalPaymentEntryPage.setDataACHPPM is PASSED

24-10-2024T09:35:17 - [MESSAGE][PASSED] - Object 'Object Repository/IWP30/Page_ACHPersonalPaymentEntry/txt_accountNumber' is present

24-10-2024T09:35:18 - [MESSAGE][PASSED] - Text '9.50' is set on object 'Object Repository/IWP30/Page_ACHPersonalPaymentEntry/txt_Amount'

24-10-2024T09:35:18 - [MESSAGE][PASSED] - Object 'Object Repository/IWP30/Page_ACHPersonalPaymentEntry/txt_UDF2' is present

24-10-2024T09:35:18 - [MESSAGE][PASSED] - Object 'Object Repository/IWP30/Page_ACHPersonalPaymentEntry/txt_Firstname' is present

24-10-2024T09:35:19 - [MESSAGE][PASSED] - Text 'Elizath' is set on object 'Object Repository/IWP30/Page_ACHPersonalPaymentEntry/txt_Firstname'

24-10-2024T09:35:19 - [MESSAGE][PASSED] - Object 'Object Repository/IWP30/Page_ACHPersonalPaymentEntry/txt_Lastname' is present

24-10-2024T09:35:20 - [MESSAGE][PASSED] - Text 'Christine' is set on object 'Object Repository/IWP30/Page_ACHPersonalPaymentEntry/txt_Lastname'

24-10-2024T09:35:20 - [MESSAGE][PASSED] - Object 'Object Repository/IWP30/Page_ACHPersonalPaymentEntry/txt_routingNumber' is present

24-10-2024T09:35:21 - [MESSAGE][PASSED] - Text '256072691' is set on object 'Object Repository/IWP30/Page_ACHPersonalPaymentEntry/txt_routingNumber'

24-10-2024T09:35:21 - [MESSAGE][PASSED] - Object 'Object Repository/IWP30/Page_ACHPersonalPaymentEntry/txt_accountNumber' is present

24-10-2024T09:35:22 - [MESSAGE][PASSED] - Text '12344444' is set on object 'Object Repository/IWP30/Page_ACHPersonalPaymentEntry/txt_accountNumber'

24-10-2024T09:35:22 - [MESSAGE][PASSED] - Object 'Object Repository/IWP30/Page_ACHPersonalPaymentEntry/txt_confirmAccountNumber' is present

24-10-2024T09:35:23 - [MESSAGE][PASSED] - Text '12344444' is set on object 'Object Repository/IWP30/Page_ACHPersonalPaymentEntry/txt_confirmAccountNumber'

24-10-2024T09:35:23 - [MESSAGE][PASSED] - Object 'Object Repository/IWP30/Page_ACHPersonalPaymentEntry/rd_accountType' is present

24-10-2024T09:35:23 - [MESSAGE][PASSED] - Modify property of object successfully

24-10-2024T09:35:23 - [MESSAGE][PASSED] - Object: 'Object Repository/IWP30/Page_ACHPersonalPaymentEntry/rd_accountType' is clicked on

24-10-2024T09:35:24 - [MESSAGE][PASSED] - Object 'Object Repository/IWP30/Page_ACHPersonalPaymentEntry/txt_Email' is present

24-10-2024T09:35:24 - [MESSAGE][PASSED] - Text 'iahmed@govolution.com' is set on object 'Object Repository/IWP30/Page_ACHPersonalPaymentEntry/txt_Email'

24-10-2024T09:35:25 - [MESSAGE][PASSED] - Object 'Object Repository/IWP30/Page_ACHPersonalPaymentEntry/cb_TermsAndCond' is present

24-10-2024T09:35:25 - [MESSAGE][PASSED] - Object: 'Object Repository/IWP30/Page_ACHPersonalPaymentEntry/cb_TermsAndCond' is clicked on

24-10-2024T09:35:25 - [MESSAGE][PASSED] - Object 'Object Repository/IWP30/Page_ACHPersonalPaymentEntry/btn_Continue' is present

24-10-2024T09:35:27 - [MESSAGE][PASSED] - Object: 'Object Repository/IWP30/Page_ACHPersonalPaymentEntry/btn_Continue' is clicked on

24-10-2024T09:35:27 - [MESSAGE][PASSED] - iwpPages.achPersonalPaymentEntryPage.setDataACHPPM is PASSED

24-10-2024T09:35:27 - [TEST_STEP][PASSED] - Thread.sleep(10000): null

24-10-2024T09:35:37 - [TEST_STEP][PASSED] - if (verifyTextPresent("Payment amounts less than 10.50 are not accepted", false)): null

24-10-2024T09:35:37 - [MESSAGE][PASSED] - Text 'Payment amounts less than 10.50 are not accepted' is present on page 

24-10-2024T09:35:37 - [TEST_STEP][PASSED] - println("UnderPay Error message shown"): null

24-10-2024T09:35:37 - [TEST_STEP][PASSED] - markPassed("Under Pay Error message shown"): Under Pay Error message shown

24-10-2024T09:35:37 - [MESSAGE][PASSED] - Under Pay Error message shown

24-10-2024T09:35:37 - [TEST_STEP][PASSED] - resText = "Pass": null

24-10-2024T09:35:37 - [TEST_STEP][ERROR] - pages.WriteExcel.demoKey(resText, datText, resColumn, datCloumn, fileLoc, nameSheet, row): Test Cases/IntegratedWeb/IWP25/Error/NoUnderPayErrorPC FAILED.
Reason:
com.kms.katalon.core.exception.StepErrorException: org.codehaus.groovy.runtime.InvokerInvocationException: java.io.FileNotFoundException: KatalonData\IWPTestData\VRelay25Payments.xlsx (The process cannot access the file because it is being used by another process)
	at com.kms.katalon.core.main.CustomKeywordDelegatingMetaClass.throwError(CustomKeywordDelegatingMetaClass.java:101)
	at com.kms.katalon.core.main.CustomKeywordDelegatingMetaClass.invokeStaticMethod(CustomKeywordDelegatingMetaClass.java:73)
	at NoUnderPayErrorPC.run(NoUnderPayErrorPC:91)
	at com.kms.katalon.core.main.ScriptEngine.run(ScriptEngine.java:194)
	at com.kms.katalon.core.main.ScriptEngine.runScriptAsRawText(ScriptEngine.java:119)
	at com.kms.katalon.core.main.TestCaseExecutor.runScript(TestCaseExecutor.java:448)
	at com.kms.katalon.core.main.TestCaseExecutor.doExecute(TestCaseExecutor.java:439)
	at com.kms.katalon.core.main.TestCaseExecutor.processExecutionPhase(TestCaseExecutor.java:418)
	at com.kms.katalon.core.main.TestCaseExecutor.accessMainPhase(TestCaseExecutor.java:410)
	at com.kms.katalon.core.main.TestCaseExecutor.execute(TestCaseExecutor.java:285)
	at com.kms.katalon.core.common.CommonExecutor.accessTestCaseMainPhase(CommonExecutor.java:65)
	at com.kms.katalon.core.main.TestSuiteExecutor.accessTestSuiteMainPhase(TestSuiteExecutor.java:150)
	at com.kms.katalon.core.main.TestSuiteExecutor.execute(TestSuiteExecutor.java:106)
	at com.kms.katalon.core.main.TestCaseMain.startTestSuite(TestCaseMain.java:180)
	at TempTestSuite1729731001385.run(TempTestSuite1729731001385.groovy:35)
	at java.base/jdk.internal.reflect.NativeMethodAccessorImpl.invoke0(Native Method)
	at java.base/jdk.internal.reflect.NativeMethodAccessorImpl.invoke(NativeMethodAccessorImpl.java:77)
	at java.base/jdk.internal.reflect.DelegatingMethodAccessorImpl.invoke(DelegatingMethodAccessorImpl.java:43)
Caused by: org.codehaus.groovy.runtime.InvokerInvocationException: java.io.FileNotFoundException: KatalonData\IWPTestData\VRelay25Payments.xlsx (The process cannot access the file because it is being used by another process)
	at com.kms.katalon.core.main.CustomKeywordDelegatingMetaClass.invokeStaticMethod(CustomKeywordDelegatingMetaClass.java:55)
	at Script1724424983315.run(Script1724424983315.groovy:91)
	... 15 more
Caused by: java.io.FileNotFoundException: KatalonData\IWPTestData\VRelay25Payments.xlsx (The process cannot access the file because it is being used by another process)
	at pages.WriteExcel.demoKey(WriteExcel.groovy:93)
	at jdk.internal.reflect.GeneratedMethodAccessor43.invoke(Unknown Source)
	at java.base/jdk.internal.reflect.DelegatingMethodAccessorImpl.invoke(DelegatingMethodAccessorImpl.java:43)
	at com.kms.katalon.core.main.CustomKeywordDelegatingMetaClass.invokeStaticMethod(CustomKeywordDelegatingMetaClass.java:55)
	at NoUnderPayErrorPC.run(NoUnderPayErrorPC:91)
	... 15 more


24-10-2024T09:35:37 - [MESSAGE][ERROR] - java.io.FileNotFoundException: KatalonData\IWPTestData\VRelay25Payments.xlsx (The process cannot access the file because it is being used by another process)

24-10-2024T09:35:37 - [MESSAGE][ERROR] - Test Cases/IntegratedWeb/IWP25/Error/NoUnderPayErrorPC FAILED.
Reason:
com.kms.katalon.core.exception.StepErrorException: org.codehaus.groovy.runtime.InvokerInvocationException: java.io.FileNotFoundException: KatalonData\IWPTestData\VRelay25Payments.xlsx (The process cannot access the file because it is being used by another process)
	at com.kms.katalon.core.main.CustomKeywordDelegatingMetaClass.throwError(CustomKeywordDelegatingMetaClass.java:101)
	at com.kms.katalon.core.main.CustomKeywordDelegatingMetaClass.invokeStaticMethod(CustomKeywordDelegatingMetaClass.java:73)
	at NoUnderPayErrorPC.run(NoUnderPayErrorPC:91)
	at com.kms.katalon.core.main.ScriptEngine.run(ScriptEngine.java:194)
	at com.kms.katalon.core.main.ScriptEngine.runScriptAsRawText(ScriptEngine.java:119)
	at com.kms.katalon.core.main.TestCaseExecutor.runScript(TestCaseExecutor.java:448)
	at com.kms.katalon.core.main.TestCaseExecutor.doExecute(TestCaseExecutor.java:439)
	at com.kms.katalon.core.main.TestCaseExecutor.processExecutionPhase(TestCaseExecutor.java:418)
	at com.kms.katalon.core.main.TestCaseExecutor.accessMainPhase(TestCaseExecutor.java:410)
	at com.kms.katalon.core.main.TestCaseExecutor.execute(TestCaseExecutor.java:285)
	at com.kms.katalon.core.common.CommonExecutor.accessTestCaseMainPhase(CommonExecutor.java:65)
	at com.kms.katalon.core.main.TestSuiteExecutor.accessTestSuiteMainPhase(TestSuiteExecutor.java:150)
	at com.kms.katalon.core.main.TestSuiteExecutor.execute(TestSuiteExecutor.java:106)
	at com.kms.katalon.core.main.TestCaseMain.startTestSuite(TestCaseMain.java:180)
	at TempTestSuite1729731001385.run(TempTestSuite1729731001385.groovy:35)
	at java.base/jdk.internal.reflect.NativeMethodAccessorImpl.invoke0(Native Method)
	at java.base/jdk.internal.reflect.NativeMethodAccessorImpl.invoke(NativeMethodAccessorImpl.java:77)
	at java.base/jdk.internal.reflect.DelegatingMethodAccessorImpl.invoke(DelegatingMethodAccessorImpl.java:43)
Caused by: org.codehaus.groovy.runtime.InvokerInvocationException: java.io.FileNotFoundException: KatalonData\IWPTestData\VRelay25Payments.xlsx (The process cannot access the file because it is being used by another process)
	at com.kms.katalon.core.main.CustomKeywordDelegatingMetaClass.invokeStaticMethod(CustomKeywordDelegatingMetaClass.java:55)
	at Script1724424983315.run(Script1724424983315.groovy:91)
	... 15 more
Caused by: java.io.FileNotFoundException: KatalonData\IWPTestData\VRelay25Payments.xlsx (The process cannot access the file because it is being used by another process)
	at pages.WriteExcel.demoKey(WriteExcel.groovy:93)
	at jdk.internal.reflect.GeneratedMethodAccessor43.invoke(Unknown Source)
	at java.base/jdk.internal.reflect.DelegatingMethodAccessorImpl.invoke(DelegatingMethodAccessorImpl.java:43)
	at com.kms.katalon.core.main.CustomKeywordDelegatingMetaClass.invokeStaticMethod(CustomKeywordDelegatingMetaClass.java:55)
	at NoUnderPayErrorPC.run(NoUnderPayErrorPC:91)
	... 15 more]]></system-out>
         <system-err><![CDATA[24-10-2024T09:33:56 - [TEST_CASE][ERROR] - Test Cases/IntegratedWeb/IWP25/Error/NoUnderPayErrorPC: Test Cases/IntegratedWeb/IWP25/Error/NoUnderPayErrorPC FAILED.
Reason:
org.codehaus.groovy.runtime.InvokerInvocationException: java.io.FileNotFoundException: KatalonData\IWPTestData\VRelay25Payments.xlsx (The process cannot access the file because it is being used by another process)
	at com.kms.katalon.core.main.CustomKeywordDelegatingMetaClass.invokeStaticMethod(CustomKeywordDelegatingMetaClass.java:55)
	at NoUnderPayErrorPC.run(NoUnderPayErrorPC:91)
	at com.kms.katalon.core.main.ScriptEngine.run(ScriptEngine.java:194)
	at com.kms.katalon.core.main.ScriptEngine.runScriptAsRawText(ScriptEngine.java:119)
	at com.kms.katalon.core.main.TestCaseExecutor.runScript(TestCaseExecutor.java:448)
	at com.kms.katalon.core.main.TestCaseExecutor.doExecute(TestCaseExecutor.java:439)
	at com.kms.katalon.core.main.TestCaseExecutor.processExecutionPhase(TestCaseExecutor.java:418)
	at com.kms.katalon.core.main.TestCaseExecutor.accessMainPhase(TestCaseExecutor.java:410)
	at com.kms.katalon.core.main.TestCaseExecutor.execute(TestCaseExecutor.java:285)
	at com.kms.katalon.core.common.CommonExecutor.accessTestCaseMainPhase(CommonExecutor.java:65)
	at com.kms.katalon.core.main.TestSuiteExecutor.accessTestSuiteMainPhase(TestSuiteExecutor.java:150)
	at com.kms.katalon.core.main.TestSuiteExecutor.execute(TestSuiteExecutor.java:106)
	at com.kms.katalon.core.main.TestCaseMain.startTestSuite(TestCaseMain.java:180)
	at TempTestSuite1729731001385.run(TempTestSuite1729731001385.groovy:35)
	at java.base/jdk.internal.reflect.NativeMethodAccessorImpl.invoke0(Native Method)
	at java.base/jdk.internal.reflect.NativeMethodAccessorImpl.invoke(NativeMethodAccessorImpl.java:77)
	at java.base/jdk.internal.reflect.DelegatingMethodAccessorImpl.invoke(DelegatingMethodAccessorImpl.java:43)
Caused by: java.io.FileNotFoundException: KatalonData\IWPTestData\VRelay25Payments.xlsx (The process cannot access the file because it is being used by another process)
	at pages.WriteExcel.demoKey(WriteExcel.groovy:93)
	at jdk.internal.reflect.GeneratedMethodAccessor43.invoke(Unknown Source)
	at java.base/jdk.internal.reflect.DelegatingMethodAccessorImpl.invoke(DelegatingMethodAccessorImpl.java:43)
	... 17 more]]></system-err>
      </testcase>
      <testcase name="Test Cases/IntegratedWeb/IWP25/Error/NoUnderPayErrorPS" time="100.225" classname="Test Cases/IntegratedWeb/IWP25/Error/NoUnderPayErrorPS" status="ERROR">
         <error type="ERROR" message="Test Cases/IntegratedWeb/IWP25/Error/NoUnderPayErrorPS FAILED.&#xa;Reason:&#xa;org.codehaus.groovy.runtime.InvokerInvocationException: java.io.FileNotFoundException: KatalonData\IWPTestData\VRelay25Payments.xlsx (The process cannot access the file because it is being used by another process)&#xa;	at com.kms.katalon.core.main.CustomKeywordDelegatingMetaClass.invokeStaticMethod(CustomKeywordDelegatingMetaClass.java:55)&#xa;	at NoUnderPayErrorPS.run(NoUnderPayErrorPS:91)&#xa;	at com.kms.katalon.core.main.ScriptEngine.run(ScriptEngine.java:194)&#xa;	at com.kms.katalon.core.main.ScriptEngine.runScriptAsRawText(ScriptEngine.java:119)&#xa;	at com.kms.katalon.core.main.TestCaseExecutor.runScript(TestCaseExecutor.java:448)&#xa;	at com.kms.katalon.core.main.TestCaseExecutor.doExecute(TestCaseExecutor.java:439)&#xa;	at com.kms.katalon.core.main.TestCaseExecutor.processExecutionPhase(TestCaseExecutor.java:418)&#xa;	at com.kms.katalon.core.main.TestCaseExecutor.accessMainPhase(TestCaseExecutor.java:410)&#xa;	at com.kms.katalon.core.main.TestCaseExecutor.execute(TestCaseExecutor.java:285)&#xa;	at com.kms.katalon.core.common.CommonExecutor.accessTestCaseMainPhase(CommonExecutor.java:65)&#xa;	at com.kms.katalon.core.main.TestSuiteExecutor.accessTestSuiteMainPhase(TestSuiteExecutor.java:150)&#xa;	at com.kms.katalon.core.main.TestSuiteExecutor.execute(TestSuiteExecutor.java:106)&#xa;	at com.kms.katalon.core.main.TestCaseMain.startTestSuite(TestCaseMain.java:180)&#xa;	at TempTestSuite1729731001385.run(TempTestSuite1729731001385.groovy:35)&#xa;	at java.base/jdk.internal.reflect.NativeMethodAccessorImpl.invoke0(Native Method)&#xa;	at java.base/jdk.internal.reflect.NativeMethodAccessorImpl.invoke(NativeMethodAccessorImpl.java:77)&#xa;	at java.base/jdk.internal.reflect.DelegatingMethodAccessorImpl.invoke(DelegatingMethodAccessorImpl.java:43)&#xa;Caused by: java.io.FileNotFoundException: KatalonData\IWPTestData\VRelay25Payments.xlsx (The process cannot access the file because it is being used by another process)&#xa;	at pages.WriteExcel.demoKey(WriteExcel.groovy:93)&#xa;	at jdk.internal.reflect.GeneratedMethodAccessor43.invoke(Unknown Source)&#xa;	at java.base/jdk.internal.reflect.DelegatingMethodAccessorImpl.invoke(DelegatingMethodAccessorImpl.java:43)&#xa;	... 17 more&#xa;"/>
         <system-out><![CDATA[24-10-2024T09:35:37 - [TEST_CASE][ERROR] - Test Cases/IntegratedWeb/IWP25/Error/NoUnderPayErrorPS: Test Cases/IntegratedWeb/IWP25/Error/NoUnderPayErrorPS FAILED.
Reason:
org.codehaus.groovy.runtime.InvokerInvocationException: java.io.FileNotFoundException: KatalonData\IWPTestData\VRelay25Payments.xlsx (The process cannot access the file because it is being used by another process)
	at com.kms.katalon.core.main.CustomKeywordDelegatingMetaClass.invokeStaticMethod(CustomKeywordDelegatingMetaClass.java:55)
	at NoUnderPayErrorPS.run(NoUnderPayErrorPS:91)
	at com.kms.katalon.core.main.ScriptEngine.run(ScriptEngine.java:194)
	at com.kms.katalon.core.main.ScriptEngine.runScriptAsRawText(ScriptEngine.java:119)
	at com.kms.katalon.core.main.TestCaseExecutor.runScript(TestCaseExecutor.java:448)
	at com.kms.katalon.core.main.TestCaseExecutor.doExecute(TestCaseExecutor.java:439)
	at com.kms.katalon.core.main.TestCaseExecutor.processExecutionPhase(TestCaseExecutor.java:418)
	at com.kms.katalon.core.main.TestCaseExecutor.accessMainPhase(TestCaseExecutor.java:410)
	at com.kms.katalon.core.main.TestCaseExecutor.execute(TestCaseExecutor.java:285)
	at com.kms.katalon.core.common.CommonExecutor.accessTestCaseMainPhase(CommonExecutor.java:65)
	at com.kms.katalon.core.main.TestSuiteExecutor.accessTestSuiteMainPhase(TestSuiteExecutor.java:150)
	at com.kms.katalon.core.main.TestSuiteExecutor.execute(TestSuiteExecutor.java:106)
	at com.kms.katalon.core.main.TestCaseMain.startTestSuite(TestCaseMain.java:180)
	at TempTestSuite1729731001385.run(TempTestSuite1729731001385.groovy:35)
	at java.base/jdk.internal.reflect.NativeMethodAccessorImpl.invoke0(Native Method)
	at java.base/jdk.internal.reflect.NativeMethodAccessorImpl.invoke(NativeMethodAccessorImpl.java:77)
	at java.base/jdk.internal.reflect.DelegatingMethodAccessorImpl.invoke(DelegatingMethodAccessorImpl.java:43)
Caused by: java.io.FileNotFoundException: KatalonData\IWPTestData\VRelay25Payments.xlsx (The process cannot access the file because it is being used by another process)
	at pages.WriteExcel.demoKey(WriteExcel.groovy:93)
	at jdk.internal.reflect.GeneratedMethodAccessor43.invoke(Unknown Source)
	at java.base/jdk.internal.reflect.DelegatingMethodAccessorImpl.invoke(DelegatingMethodAccessorImpl.java:43)
	... 17 more


24-10-2024T09:35:38 - [TEST_STEP][PASSED] - resText = "Fail": null

24-10-2024T09:35:38 - [TEST_STEP][PASSED] - resColumn = "Result": null

24-10-2024T09:35:38 - [TEST_STEP][PASSED] - datCloumn = "Date": null

24-10-2024T09:35:38 - [TEST_STEP][PASSED] - fileLoc = "KatalonData/IWPTestData/VRelay25Payments.xlsx": null

24-10-2024T09:35:38 - [TEST_STEP][PASSED] - numOfRows = <not implemented yet for class: org.codehaus.groovy.ast.expr.EmptyExpression>: null

24-10-2024T09:35:38 - [TEST_STEP][PASSED] - dataFile = <not implemented yet for class: org.codehaus.groovy.ast.expr.EmptyExpression>: null

24-10-2024T09:35:38 - [TEST_STEP][PASSED] - nameSheet = <not implemented yet for class: org.codehaus.groovy.ast.expr.EmptyExpression>: null

24-10-2024T09:35:38 - [TEST_STEP][PASSED] - dataFileEmulator = <not implemented yet for class: org.codehaus.groovy.ast.expr.EmptyExpression>: null

24-10-2024T09:35:38 - [TEST_STEP][PASSED] - nameSheet = "NoUnderPayErrorPS": null

24-10-2024T09:35:38 - [TEST_STEP][PASSED] - dataFile = "IWPTestData/IWP25NoUnderPayErrorPS": null

24-10-2024T09:35:38 - [TEST_STEP][PASSED] - dataFileEmulator = "IWPTestData/EmulatorData": null

24-10-2024T09:35:38 - [TEST_STEP][PASSED] - numOfRows = findTestData(dataFile).getRowNumbers(): null

24-10-2024T09:35:38 - [TEST_STEP][PASSED] - println("Number of Records: " + numOfRows): null

24-10-2024T09:35:38 - [TEST_STEP][PASSED] - for ([row = 1, row <= numOfRows, (row++)]): null

24-10-2024T09:35:38 - [TEST_STEP][PASSED] - ExecuteTC = findTestData(dataFile).getValue("Execute", row): null

24-10-2024T09:35:38 - [TEST_STEP][PASSED] - out.println("Value of Execute is : " + ExecuteTC): null

24-10-2024T09:35:38 - [TEST_STEP][PASSED] - if (ExecuteTC.equalsIgnoreCase("Y")): null

24-10-2024T09:35:38 - [TEST_STEP][PASSED] - out.println("Begin Record Number: " + row): null

24-10-2024T09:35:38 - [TEST_STEP][PASSED] - today = new java.util.Date(): null

24-10-2024T09:35:38 - [TEST_STEP][PASSED] - println(today): null

24-10-2024T09:35:38 - [TEST_STEP][PASSED] - datText = today: null

24-10-2024T09:35:38 - [TEST_STEP][PASSED] - EmulatorDataKey = findTestData(dataFile).getValue("EmulatorData", row): null

24-10-2024T09:35:38 - [TEST_STEP][PASSED] - out.println("Value of Emulator Key is : " + EmulatorDataKey): null

24-10-2024T09:35:38 - [TEST_STEP][PASSED] - iwpPages.emulatorIWP30.setDataEmulator_DD(EmulatorDataKey): iwpPages.emulatorIWP30.setDataEmulator_DD is PASSED

24-10-2024T09:35:38 - [MESSAGE][WARNING] - A browser is already opened. Closing browser and opening a new one

24-10-2024T09:35:39 - [MESSAGE][INFO] - Starting 'Edge Chromium' driver

24-10-2024T09:35:39 - [MESSAGE][INFO] - User set preference: ['acceptInsecureCerts', 'true']

24-10-2024T09:35:41 - [MESSAGE][INFO] - Action delay is set to 0 milliseconds

24-10-2024T09:35:45 - [MESSAGE][PASSED] - Browser is opened with url: 'https://qa2.velocitypayment.com/agencyx/config.action?action=editor&message_version=2_5'

24-10-2024T09:35:45 - [MESSAGE][PASSED] - Current window maximized

24-10-2024T09:36:16 - [MESSAGE][INFO] - Unable to find the element located by 'By.xpath: //select[@name='message_version']'. Please recheck the objects properties to make sure the desired element is located. 

24-10-2024T09:36:16 - [MESSAGE][WARNING] - [SELF-HEALING] Failed to find element with id 'Object Repository/IWP30/Page_VRelay30Emulator/MV'. Try using Self-healing.

24-10-2024T09:36:16 - [MESSAGE][WARNING] - [SELF-HEALING] The current locator of test object 'Object Repository/IWP30/Page_VRelay30Emulator/MV' was broken. Propose an alternative one: '(.//*[normalize-space(text()) and normalize-space(.)='Message Version'])[1]/following::select[1]'.

24-10-2024T09:36:16 - [MESSAGE][PASSED] - All options with value '2.5' are selected in object 'Object Repository/IWP30/Page_VRelay30Emulator/MV'  using regular expression

24-10-2024T09:36:17 - [MESSAGE][PASSED] - Text '10.50' is set on object 'Object Repository/IWP30/Page_EmulatorAgencyX/Amount'

24-10-2024T09:36:18 - [MESSAGE][PASSED] - Text 'MBQjHSdQ8XAf' is set on object 'Object Repository/IWP30/Page_EmulatorAgencyX/CAN'

24-10-2024T09:36:18 - [MESSAGE][PASSED] - Text 'PayNow' is set on object 'Object Repository/IWP30/Page_EmulatorAgencyX/Action'

24-10-2024T09:36:19 - [MESSAGE][PASSED] - Text 'en_US' is set on object 'Object Repository/IWP30/Page_EmulatorAgencyX/Lang'

24-10-2024T09:36:19 - [MESSAGE][PASSED] - Text 'Curlonty' is set on object 'Object Repository/IWP30/Page_EmulatorAgencyX/Fname'

24-10-2024T09:36:20 - [MESSAGE][PASSED] - Text 'Lachuga' is set on object 'Object Repository/IWP30/Page_EmulatorAgencyX/Lname'

24-10-2024T09:36:21 - [MESSAGE][PASSED] - Text '258 Underwood rd' is set on object 'Object Repository/IWP30/Page_EmulatorAgencyX/AL1'

24-10-2024T09:36:21 - [MESSAGE][PASSED] - Text 'Suite 600' is set on object 'Object Repository/IWP30/Page_EmulatorAgencyX/AL2'

24-10-2024T09:36:22 - [MESSAGE][PASSED] - Text '840' is set on object 'Object Repository/IWP30/Page_EmulatorAgencyX/Country'

24-10-2024T09:36:22 - [MESSAGE][PASSED] - Text 'Arlington' is set on object 'Object Repository/IWP30/Page_EmulatorAgencyX/City'

24-10-2024T09:36:23 - [MESSAGE][PASSED] - Text 'VA' is set on object 'Object Repository/IWP30/Page_EmulatorAgencyX/State'

24-10-2024T09:36:24 - [MESSAGE][PASSED] - Text '22201' is set on object 'Object Repository/IWP30/Page_EmulatorAgencyX/ZIP'

24-10-2024T09:36:24 - [MESSAGE][PASSED] - Text '' is set on object 'Object Repository/IWP30/Page_EmulatorAgencyX/Order'

24-10-2024T09:36:25 - [MESSAGE][PASSED] - Text '' is set on object 'Object Repository/IWP30/Page_EmulatorAgencyX/Company'

24-10-2024T09:36:25 - [MESSAGE][PASSED] - Text '' is set on object 'Object Repository/IWP30/Page_EmulatorAgencyX/Email'

24-10-2024T09:36:26 - [MESSAGE][PASSED] - Text 'udf data 1' is set on object 'Object Repository/IWP30/Page_EmulatorAgencyX/UDF1'

24-10-2024T09:36:27 - [MESSAGE][PASSED] - Text 'udf data 2' is set on object 'Object Repository/IWP30/Page_EmulatorAgencyX/UDF2'

24-10-2024T09:36:27 - [MESSAGE][PASSED] - Text '' is set on object 'Object Repository/IWP30/Page_EmulatorAgencyX/UDF3'

24-10-2024T09:36:28 - [MESSAGE][PASSED] - Text '' is set on object 'Object Repository/IWP30/Page_EmulatorAgencyX/UDF4'

24-10-2024T09:36:28 - [MESSAGE][PASSED] - Text '' is set on object 'Object Repository/IWP30/Page_EmulatorAgencyX/UDF5'

24-10-2024T09:36:29 - [MESSAGE][PASSED] - Text '' is set on object 'Object Repository/IWP30/Page_EmulatorAgencyX/UDF6'

24-10-2024T09:36:29 - [MESSAGE][PASSED] - Text '' is set on object 'Object Repository/IWP30/Page_EmulatorAgencyX/UDF7'

24-10-2024T09:36:30 - [MESSAGE][PASSED] - Text '' is set on object 'Object Repository/IWP30/Page_EmulatorAgencyX/UDF8'

24-10-2024T09:36:31 - [MESSAGE][PASSED] - Text '' is set on object 'Object Repository/IWP30/Page_EmulatorAgencyX/UDF9'

24-10-2024T09:36:31 - [MESSAGE][PASSED] - Text '' is set on object 'Object Repository/IWP30/Page_EmulatorAgencyX/UDF10'

24-10-2024T09:36:33 - [MESSAGE][PASSED] - Object: 'Object Repository/IWP30/Page_EmulatorAgencyX/Submit' is clicked on

24-10-2024T09:36:37 - [MESSAGE][PASSED] - Browser is closed

24-10-2024T09:36:41 - [MESSAGE][PASSED] - iwpPages.emulatorIWP30.setDataEmulator_DD is PASSED

24-10-2024T09:36:41 - [TEST_STEP][PASSED] - testHarnessURL = urlTestHarness: null

24-10-2024T09:36:41 - [TEST_STEP][PASSED] - openBrowser(testHarnessURL): Browser is opened with url: 'https://dev-algorithm.govolution.com/vrelaytest/QA2/version_2_2/vrelaytest.html'

24-10-2024T09:36:41 - [MESSAGE][INFO] - Starting 'Edge Chromium' driver

24-10-2024T09:36:41 - [MESSAGE][INFO] - User set preference: ['acceptInsecureCerts', 'true']

24-10-2024T09:36:43 - [MESSAGE][INFO] - Action delay is set to 0 milliseconds

24-10-2024T09:36:47 - [MESSAGE][PASSED] - Browser is opened with url: 'https://dev-algorithm.govolution.com/vrelaytest/QA2/version_2_2/vrelaytest.html'

24-10-2024T09:36:47 - [TEST_STEP][PASSED] - maximizeWindow(): Current window maximized

24-10-2024T09:36:47 - [MESSAGE][PASSED] - Current window maximized

24-10-2024T09:36:47 - [TEST_STEP][PASSED] - iwpPages.TestHarnessPage.setDataMethod(row, dataFile): iwpPages.TestHarnessPage.setDataMethod is PASSED

24-10-2024T09:36:48 - [MESSAGE][PASSED] - Object 'Object Repository/IWP30/Page_QATestHarness/RemittanceID' is present

24-10-2024T09:36:48 - [MESSAGE][PASSED] - Text '653' is set on object 'Object Repository/IWP30/Page_QATestHarness/ApplicationID'

24-10-2024T09:36:49 - [MESSAGE][PASSED] - Text '2.5' is set on object 'Object Repository/IWP30/Page_QATestHarness/MessageVersion'

24-10-2024T09:36:49 - [MESSAGE][PASSED] - Text 'GE484p8nt1ab' is set on object 'Object Repository/IWP30/Page_QATestHarness/RemittanceID'

24-10-2024T09:36:53 - [MESSAGE][PASSED] - Object: 'Object Repository/IWP30/Page_QATestHarness/SubmitButton' is clicked on

24-10-2024T09:36:53 - [MESSAGE][PASSED] - iwpPages.TestHarnessPage.setDataMethod is PASSED

24-10-2024T09:36:53 - [TEST_STEP][PASSED] - click(findTestObject("Object Repository/IWP30/Page_SelectPaymentMethod/PayByPersonalCheck")): Object: 'Object Repository/IWP30/Page_SelectPaymentMethod/PayByPersonalCheck' is clicked on

24-10-2024T09:36:53 - [MESSAGE][PASSED] - Object: 'Object Repository/IWP30/Page_SelectPaymentMethod/PayByPersonalCheck' is clicked on

24-10-2024T09:36:53 - [TEST_STEP][PASSED] - click(findTestObject("Object Repository/IWP30/Page_SelectPaymentMethod/MakePaymentButton")): Object: 'Object Repository/IWP30/Page_SelectPaymentMethod/MakePaymentButton' is clicked on

24-10-2024T09:36:56 - [MESSAGE][PASSED] - Object: 'Object Repository/IWP30/Page_SelectPaymentMethod/MakePaymentButton' is clicked on

24-10-2024T09:36:56 - [TEST_STEP][PASSED] - iwpPages.achPersonalPaymentEntryPage.setDataACHPPM(row, dataFile): iwpPages.achPersonalPaymentEntryPage.setDataACHPPM is PASSED

24-10-2024T09:36:57 - [MESSAGE][PASSED] - Object 'Object Repository/IWP30/Page_ACHPersonalPaymentEntry/txt_accountNumber' is present

24-10-2024T09:36:58 - [MESSAGE][PASSED] - Text '9.50' is set on object 'Object Repository/IWP30/Page_ACHPersonalPaymentEntry/txt_Amount'

24-10-2024T09:36:58 - [MESSAGE][PASSED] - Object 'Object Repository/IWP30/Page_ACHPersonalPaymentEntry/txt_UDF2' is present

24-10-2024T09:36:58 - [MESSAGE][PASSED] - Object 'Object Repository/IWP30/Page_ACHPersonalPaymentEntry/txt_Firstname' is present

24-10-2024T09:36:59 - [MESSAGE][PASSED] - Text 'Elizath' is set on object 'Object Repository/IWP30/Page_ACHPersonalPaymentEntry/txt_Firstname'

24-10-2024T09:36:59 - [MESSAGE][PASSED] - Object 'Object Repository/IWP30/Page_ACHPersonalPaymentEntry/txt_Lastname' is present

24-10-2024T09:37:00 - [MESSAGE][PASSED] - Text 'Christine' is set on object 'Object Repository/IWP30/Page_ACHPersonalPaymentEntry/txt_Lastname'

24-10-2024T09:37:00 - [MESSAGE][PASSED] - Object 'Object Repository/IWP30/Page_ACHPersonalPaymentEntry/txt_routingNumber' is present

24-10-2024T09:37:00 - [MESSAGE][PASSED] - Text '256072691' is set on object 'Object Repository/IWP30/Page_ACHPersonalPaymentEntry/txt_routingNumber'

24-10-2024T09:37:01 - [MESSAGE][PASSED] - Object 'Object Repository/IWP30/Page_ACHPersonalPaymentEntry/txt_accountNumber' is present

24-10-2024T09:37:02 - [MESSAGE][PASSED] - Text '12344444' is set on object 'Object Repository/IWP30/Page_ACHPersonalPaymentEntry/txt_accountNumber'

24-10-2024T09:37:03 - [MESSAGE][PASSED] - Object 'Object Repository/IWP30/Page_ACHPersonalPaymentEntry/txt_confirmAccountNumber' is present

24-10-2024T09:37:03 - [MESSAGE][PASSED] - Text '12344444' is set on object 'Object Repository/IWP30/Page_ACHPersonalPaymentEntry/txt_confirmAccountNumber'

24-10-2024T09:37:03 - [MESSAGE][PASSED] - Object 'Object Repository/IWP30/Page_ACHPersonalPaymentEntry/rd_accountType' is present

24-10-2024T09:37:03 - [MESSAGE][PASSED] - Modify property of object successfully

24-10-2024T09:37:04 - [MESSAGE][PASSED] - Object: 'Object Repository/IWP30/Page_ACHPersonalPaymentEntry/rd_accountType' is clicked on

24-10-2024T09:37:04 - [MESSAGE][PASSED] - Object 'Object Repository/IWP30/Page_ACHPersonalPaymentEntry/txt_Email' is present

24-10-2024T09:37:05 - [MESSAGE][PASSED] - Text 'iahmed@govolution.com' is set on object 'Object Repository/IWP30/Page_ACHPersonalPaymentEntry/txt_Email'

24-10-2024T09:37:05 - [MESSAGE][PASSED] - Object 'Object Repository/IWP30/Page_ACHPersonalPaymentEntry/cb_TermsAndCond' is present

24-10-2024T09:37:05 - [MESSAGE][PASSED] - Object: 'Object Repository/IWP30/Page_ACHPersonalPaymentEntry/cb_TermsAndCond' is clicked on

24-10-2024T09:37:05 - [MESSAGE][PASSED] - Object 'Object Repository/IWP30/Page_ACHPersonalPaymentEntry/btn_Continue' is present

24-10-2024T09:37:07 - [MESSAGE][PASSED] - Object: 'Object Repository/IWP30/Page_ACHPersonalPaymentEntry/btn_Continue' is clicked on

24-10-2024T09:37:07 - [MESSAGE][PASSED] - iwpPages.achPersonalPaymentEntryPage.setDataACHPPM is PASSED

24-10-2024T09:37:07 - [TEST_STEP][PASSED] - Thread.sleep(10000): null

24-10-2024T09:37:17 - [TEST_STEP][PASSED] - if (verifyTextPresent("Payment amounts less than 10.50 are not accepted", false)): null

24-10-2024T09:37:18 - [MESSAGE][PASSED] - Text 'Payment amounts less than 10.50 are not accepted' is present on page 

24-10-2024T09:37:18 - [TEST_STEP][PASSED] - println("UnderPay Error message shown"): null

24-10-2024T09:37:18 - [TEST_STEP][PASSED] - markPassed("Under Pay Error message shown"): Under Pay Error message shown

24-10-2024T09:37:18 - [MESSAGE][PASSED] - Under Pay Error message shown

24-10-2024T09:37:18 - [TEST_STEP][PASSED] - resText = "Pass": null

24-10-2024T09:37:18 - [TEST_STEP][ERROR] - pages.WriteExcel.demoKey(resText, datText, resColumn, datCloumn, fileLoc, nameSheet, row): Test Cases/IntegratedWeb/IWP25/Error/NoUnderPayErrorPS FAILED.
Reason:
com.kms.katalon.core.exception.StepErrorException: org.codehaus.groovy.runtime.InvokerInvocationException: java.io.FileNotFoundException: KatalonData\IWPTestData\VRelay25Payments.xlsx (The process cannot access the file because it is being used by another process)
	at com.kms.katalon.core.main.CustomKeywordDelegatingMetaClass.throwError(CustomKeywordDelegatingMetaClass.java:101)
	at com.kms.katalon.core.main.CustomKeywordDelegatingMetaClass.invokeStaticMethod(CustomKeywordDelegatingMetaClass.java:73)
	at NoUnderPayErrorPS.run(NoUnderPayErrorPS:91)
	at com.kms.katalon.core.main.ScriptEngine.run(ScriptEngine.java:194)
	at com.kms.katalon.core.main.ScriptEngine.runScriptAsRawText(ScriptEngine.java:119)
	at com.kms.katalon.core.main.TestCaseExecutor.runScript(TestCaseExecutor.java:448)
	at com.kms.katalon.core.main.TestCaseExecutor.doExecute(TestCaseExecutor.java:439)
	at com.kms.katalon.core.main.TestCaseExecutor.processExecutionPhase(TestCaseExecutor.java:418)
	at com.kms.katalon.core.main.TestCaseExecutor.accessMainPhase(TestCaseExecutor.java:410)
	at com.kms.katalon.core.main.TestCaseExecutor.execute(TestCaseExecutor.java:285)
	at com.kms.katalon.core.common.CommonExecutor.accessTestCaseMainPhase(CommonExecutor.java:65)
	at com.kms.katalon.core.main.TestSuiteExecutor.accessTestSuiteMainPhase(TestSuiteExecutor.java:150)
	at com.kms.katalon.core.main.TestSuiteExecutor.execute(TestSuiteExecutor.java:106)
	at com.kms.katalon.core.main.TestCaseMain.startTestSuite(TestCaseMain.java:180)
	at TempTestSuite1729731001385.run(TempTestSuite1729731001385.groovy:35)
	at java.base/jdk.internal.reflect.NativeMethodAccessorImpl.invoke0(Native Method)
	at java.base/jdk.internal.reflect.NativeMethodAccessorImpl.invoke(NativeMethodAccessorImpl.java:77)
	at java.base/jdk.internal.reflect.DelegatingMethodAccessorImpl.invoke(DelegatingMethodAccessorImpl.java:43)
Caused by: org.codehaus.groovy.runtime.InvokerInvocationException: java.io.FileNotFoundException: KatalonData\IWPTestData\VRelay25Payments.xlsx (The process cannot access the file because it is being used by another process)
	at com.kms.katalon.core.main.CustomKeywordDelegatingMetaClass.invokeStaticMethod(CustomKeywordDelegatingMetaClass.java:55)
	at Script1724774210629.run(Script1724774210629.groovy:91)
	... 15 more
Caused by: java.io.FileNotFoundException: KatalonData\IWPTestData\VRelay25Payments.xlsx (The process cannot access the file because it is being used by another process)
	at pages.WriteExcel.demoKey(WriteExcel.groovy:93)
	at jdk.internal.reflect.GeneratedMethodAccessor43.invoke(Unknown Source)
	at java.base/jdk.internal.reflect.DelegatingMethodAccessorImpl.invoke(DelegatingMethodAccessorImpl.java:43)
	at com.kms.katalon.core.main.CustomKeywordDelegatingMetaClass.invokeStaticMethod(CustomKeywordDelegatingMetaClass.java:55)
	at NoUnderPayErrorPS.run(NoUnderPayErrorPS:91)
	... 15 more


24-10-2024T09:37:18 - [MESSAGE][ERROR] - java.io.FileNotFoundException: KatalonData\IWPTestData\VRelay25Payments.xlsx (The process cannot access the file because it is being used by another process)

24-10-2024T09:37:18 - [MESSAGE][ERROR] - Test Cases/IntegratedWeb/IWP25/Error/NoUnderPayErrorPS FAILED.
Reason:
com.kms.katalon.core.exception.StepErrorException: org.codehaus.groovy.runtime.InvokerInvocationException: java.io.FileNotFoundException: KatalonData\IWPTestData\VRelay25Payments.xlsx (The process cannot access the file because it is being used by another process)
	at com.kms.katalon.core.main.CustomKeywordDelegatingMetaClass.throwError(CustomKeywordDelegatingMetaClass.java:101)
	at com.kms.katalon.core.main.CustomKeywordDelegatingMetaClass.invokeStaticMethod(CustomKeywordDelegatingMetaClass.java:73)
	at NoUnderPayErrorPS.run(NoUnderPayErrorPS:91)
	at com.kms.katalon.core.main.ScriptEngine.run(ScriptEngine.java:194)
	at com.kms.katalon.core.main.ScriptEngine.runScriptAsRawText(ScriptEngine.java:119)
	at com.kms.katalon.core.main.TestCaseExecutor.runScript(TestCaseExecutor.java:448)
	at com.kms.katalon.core.main.TestCaseExecutor.doExecute(TestCaseExecutor.java:439)
	at com.kms.katalon.core.main.TestCaseExecutor.processExecutionPhase(TestCaseExecutor.java:418)
	at com.kms.katalon.core.main.TestCaseExecutor.accessMainPhase(TestCaseExecutor.java:410)
	at com.kms.katalon.core.main.TestCaseExecutor.execute(TestCaseExecutor.java:285)
	at com.kms.katalon.core.common.CommonExecutor.accessTestCaseMainPhase(CommonExecutor.java:65)
	at com.kms.katalon.core.main.TestSuiteExecutor.accessTestSuiteMainPhase(TestSuiteExecutor.java:150)
	at com.kms.katalon.core.main.TestSuiteExecutor.execute(TestSuiteExecutor.java:106)
	at com.kms.katalon.core.main.TestCaseMain.startTestSuite(TestCaseMain.java:180)
	at TempTestSuite1729731001385.run(TempTestSuite1729731001385.groovy:35)
	at java.base/jdk.internal.reflect.NativeMethodAccessorImpl.invoke0(Native Method)
	at java.base/jdk.internal.reflect.NativeMethodAccessorImpl.invoke(NativeMethodAccessorImpl.java:77)
	at java.base/jdk.internal.reflect.DelegatingMethodAccessorImpl.invoke(DelegatingMethodAccessorImpl.java:43)
Caused by: org.codehaus.groovy.runtime.InvokerInvocationException: java.io.FileNotFoundException: KatalonData\IWPTestData\VRelay25Payments.xlsx (The process cannot access the file because it is being used by another process)
	at com.kms.katalon.core.main.CustomKeywordDelegatingMetaClass.invokeStaticMethod(CustomKeywordDelegatingMetaClass.java:55)
	at Script1724774210629.run(Script1724774210629.groovy:91)
	... 15 more
Caused by: java.io.FileNotFoundException: KatalonData\IWPTestData\VRelay25Payments.xlsx (The process cannot access the file because it is being used by another process)
	at pages.WriteExcel.demoKey(WriteExcel.groovy:93)
	at jdk.internal.reflect.GeneratedMethodAccessor43.invoke(Unknown Source)
	at java.base/jdk.internal.reflect.DelegatingMethodAccessorImpl.invoke(DelegatingMethodAccessorImpl.java:43)
	at com.kms.katalon.core.main.CustomKeywordDelegatingMetaClass.invokeStaticMethod(CustomKeywordDelegatingMetaClass.java:55)
	at NoUnderPayErrorPS.run(NoUnderPayErrorPS:91)
	... 15 more]]></system-out>
         <system-err><![CDATA[24-10-2024T09:35:37 - [TEST_CASE][ERROR] - Test Cases/IntegratedWeb/IWP25/Error/NoUnderPayErrorPS: Test Cases/IntegratedWeb/IWP25/Error/NoUnderPayErrorPS FAILED.
Reason:
org.codehaus.groovy.runtime.InvokerInvocationException: java.io.FileNotFoundException: KatalonData\IWPTestData\VRelay25Payments.xlsx (The process cannot access the file because it is being used by another process)
	at com.kms.katalon.core.main.CustomKeywordDelegatingMetaClass.invokeStaticMethod(CustomKeywordDelegatingMetaClass.java:55)
	at NoUnderPayErrorPS.run(NoUnderPayErrorPS:91)
	at com.kms.katalon.core.main.ScriptEngine.run(ScriptEngine.java:194)
	at com.kms.katalon.core.main.ScriptEngine.runScriptAsRawText(ScriptEngine.java:119)
	at com.kms.katalon.core.main.TestCaseExecutor.runScript(TestCaseExecutor.java:448)
	at com.kms.katalon.core.main.TestCaseExecutor.doExecute(TestCaseExecutor.java:439)
	at com.kms.katalon.core.main.TestCaseExecutor.processExecutionPhase(TestCaseExecutor.java:418)
	at com.kms.katalon.core.main.TestCaseExecutor.accessMainPhase(TestCaseExecutor.java:410)
	at com.kms.katalon.core.main.TestCaseExecutor.execute(TestCaseExecutor.java:285)
	at com.kms.katalon.core.common.CommonExecutor.accessTestCaseMainPhase(CommonExecutor.java:65)
	at com.kms.katalon.core.main.TestSuiteExecutor.accessTestSuiteMainPhase(TestSuiteExecutor.java:150)
	at com.kms.katalon.core.main.TestSuiteExecutor.execute(TestSuiteExecutor.java:106)
	at com.kms.katalon.core.main.TestCaseMain.startTestSuite(TestCaseMain.java:180)
	at TempTestSuite1729731001385.run(TempTestSuite1729731001385.groovy:35)
	at java.base/jdk.internal.reflect.NativeMethodAccessorImpl.invoke0(Native Method)
	at java.base/jdk.internal.reflect.NativeMethodAccessorImpl.invoke(NativeMethodAccessorImpl.java:77)
	at java.base/jdk.internal.reflect.DelegatingMethodAccessorImpl.invoke(DelegatingMethodAccessorImpl.java:43)
Caused by: java.io.FileNotFoundException: KatalonData\IWPTestData\VRelay25Payments.xlsx (The process cannot access the file because it is being used by another process)
	at pages.WriteExcel.demoKey(WriteExcel.groovy:93)
	at jdk.internal.reflect.GeneratedMethodAccessor43.invoke(Unknown Source)
	at java.base/jdk.internal.reflect.DelegatingMethodAccessorImpl.invoke(DelegatingMethodAccessorImpl.java:43)
	... 17 more]]></system-err>
      </testcase>
      <system-out><![CDATA[24-10-2024T06:20:17 - [TEST_SUITE][ERROR] - QA_IWP2.5_Regression: Test Cases/IntegratedWeb/IWP25/Payments/NoModifyAmountCC FAILED.
Reason:
org.codehaus.groovy.runtime.InvokerInvocationException: java.io.FileNotFoundException: KatalonData\IWPTestData\VRelay25Payments.xlsx (The process cannot access the file because it is being used by another process)
	at com.kms.katalon.core.main.CustomKeywordDelegatingMetaClass.invokeStaticMethod(CustomKeywordDelegatingMetaClass.java:55)
	at NoModifyAmountCC.run(NoModifyAmountCC:98)
	at com.kms.katalon.core.main.ScriptEngine.run(ScriptEngine.java:194)
	at com.kms.katalon.core.main.ScriptEngine.runScriptAsRawText(ScriptEngine.java:119)
	at com.kms.katalon.core.main.TestCaseExecutor.runScript(TestCaseExecutor.java:448)
	at com.kms.katalon.core.main.TestCaseExecutor.doExecute(TestCaseExecutor.java:439)
	at com.kms.katalon.core.main.TestCaseExecutor.processExecutionPhase(TestCaseExecutor.java:418)
	at com.kms.katalon.core.main.TestCaseExecutor.accessMainPhase(TestCaseExecutor.java:410)
	at com.kms.katalon.core.main.TestCaseExecutor.execute(TestCaseExecutor.java:285)
	at com.kms.katalon.core.common.CommonExecutor.accessTestCaseMainPhase(CommonExecutor.java:65)
	at com.kms.katalon.core.main.TestSuiteExecutor.accessTestSuiteMainPhase(TestSuiteExecutor.java:150)
	at com.kms.katalon.core.main.TestSuiteExecutor.execute(TestSuiteExecutor.java:106)
	at com.kms.katalon.core.main.TestCaseMain.startTestSuite(TestCaseMain.java:180)
	at TempTestSuite1729731001385.run(TempTestSuite1729731001385.groovy:35)
	at java.base/jdk.internal.reflect.NativeMethodAccessorImpl.invoke0(Native Method)
	at java.base/jdk.internal.reflect.NativeMethodAccessorImpl.invoke(NativeMethodAccessorImpl.java:77)
	at java.base/jdk.internal.reflect.DelegatingMethodAccessorImpl.invoke(DelegatingMethodAccessorImpl.java:43)
Caused by: java.io.FileNotFoundException: KatalonData\IWPTestData\VRelay25Payments.xlsx (The process cannot access the file because it is being used by another process)
	at pages.WriteExcel.demoKey(WriteExcel.groovy:93)
	at java.base/jdk.internal.reflect.NativeMethodAccessorImpl.invoke0(Native Method)
	at java.base/jdk.internal.reflect.NativeMethodAccessorImpl.invoke(NativeMethodAccessorImpl.java:77)
	at java.base/jdk.internal.reflect.DelegatingMethodAccessorImpl.invoke(DelegatingMethodAccessorImpl.java:43)
	... 17 more]]></system-out>
      <system-err><![CDATA[24-10-2024T06:20:17 - [TEST_SUITE][ERROR] - QA_IWP2.5_Regression: Test Cases/IntegratedWeb/IWP25/Payments/NoModifyAmountCC FAILED.
Reason:
org.codehaus.groovy.runtime.InvokerInvocationException: java.io.FileNotFoundException: KatalonData\IWPTestData\VRelay25Payments.xlsx (The process cannot access the file because it is being used by another process)
	at com.kms.katalon.core.main.CustomKeywordDelegatingMetaClass.invokeStaticMethod(CustomKeywordDelegatingMetaClass.java:55)
	at NoModifyAmountCC.run(NoModifyAmountCC:98)
	at com.kms.katalon.core.main.ScriptEngine.run(ScriptEngine.java:194)
	at com.kms.katalon.core.main.ScriptEngine.runScriptAsRawText(ScriptEngine.java:119)
	at com.kms.katalon.core.main.TestCaseExecutor.runScript(TestCaseExecutor.java:448)
	at com.kms.katalon.core.main.TestCaseExecutor.doExecute(TestCaseExecutor.java:439)
	at com.kms.katalon.core.main.TestCaseExecutor.processExecutionPhase(TestCaseExecutor.java:418)
	at com.kms.katalon.core.main.TestCaseExecutor.accessMainPhase(TestCaseExecutor.java:410)
	at com.kms.katalon.core.main.TestCaseExecutor.execute(TestCaseExecutor.java:285)
	at com.kms.katalon.core.common.CommonExecutor.accessTestCaseMainPhase(CommonExecutor.java:65)
	at com.kms.katalon.core.main.TestSuiteExecutor.accessTestSuiteMainPhase(TestSuiteExecutor.java:150)
	at com.kms.katalon.core.main.TestSuiteExecutor.execute(TestSuiteExecutor.java:106)
	at com.kms.katalon.core.main.TestCaseMain.startTestSuite(TestCaseMain.java:180)
	at TempTestSuite1729731001385.run(TempTestSuite1729731001385.groovy:35)
	at java.base/jdk.internal.reflect.NativeMethodAccessorImpl.invoke0(Native Method)
	at java.base/jdk.internal.reflect.NativeMethodAccessorImpl.invoke(NativeMethodAccessorImpl.java:77)
	at java.base/jdk.internal.reflect.DelegatingMethodAccessorImpl.invoke(DelegatingMethodAccessorImpl.java:43)
Caused by: java.io.FileNotFoundException: KatalonData\IWPTestData\VRelay25Payments.xlsx (The process cannot access the file because it is being used by another process)
	at pages.WriteExcel.demoKey(WriteExcel.groovy:93)
	at java.base/jdk.internal.reflect.NativeMethodAccessorImpl.invoke0(Native Method)
	at java.base/jdk.internal.reflect.NativeMethodAccessorImpl.invoke(NativeMethodAccessorImpl.java:77)
	at java.base/jdk.internal.reflect.DelegatingMethodAccessorImpl.invoke(DelegatingMethodAccessorImpl.java:43)
	... 17 more]]></system-err>
   </testsuite>
</testsuites>
