<?xml version="1.0" encoding="UTF-8"?>
<testsuites name="RAD_UI_TestSuite" time="745.552" tests="23" failures="1" errors="0">
   <testsuite name="RAD_UI_TestSuite" tests="23" failures="1" errors="0" time="745.552" skipped="0" timestamp="2023-07-11 12:47:26" hostname="imtiaz - DESKTOP-B2QI6NS.govolution.com" id="Test Suites/RAD_TestSuite/RAD_UI_TestSuite">
      <properties>
         <property name="deviceName" value=""/>
         <property name="devicePlatform" value=""/>
         <property name="logFolder" value="E:\\Cloned-Project-Katalon\\VPS-Katalon\\Reports\\20230711_124718\\RAD_TestSuite\\RAD_UI_TestSuite\\20230711_124718"/>
         <property name="logFiles" value="E:\\Cloned-Project-Katalon\\VPS-Katalon\\Reports\\20230711_124718\\RAD_TestSuite\\RAD_UI_TestSuite\\20230711_124718\\execution0.log"/>
         <property name="attachments" value="E:\\Cloned-Project-Katalon\\VPS-Katalon\\Reports\\20230711_124718\\RAD_TestSuite\\RAD_UI_TestSuite\\20230711_124718\\1689094292149.png, E:\\Cloned-Project-Katalon\\VPS-Katalon\\Reports\\20230711_124718\\RAD_TestSuite\\RAD_UI_TestSuite\\20230711_124718\\1689094300536.png, E:\\Cloned-Project-Katalon\\VPS-Katalon\\Reports\\20230711_124718\\RAD_TestSuite\\RAD_UI_TestSuite\\20230711_124718\\1689094308748.png, E:\\Cloned-Project-Katalon\\VPS-Katalon\\Reports\\20230711_124718\\RAD_TestSuite\\RAD_UI_TestSuite\\20230711_124718\\1689094316967.png, E:\\Cloned-Project-Katalon\\VPS-Katalon\\Reports\\20230711_124718\\RAD_TestSuite\\RAD_UI_TestSuite\\20230711_124718\\1689094327409.png, E:\\Cloned-Project-Katalon\\VPS-Katalon\\Reports\\20230711_124718\\RAD_TestSuite\\RAD_UI_TestSuite\\20230711_124718\\1689094337790.png"/>
         <property name="hostName" value="imtiaz - DESKTOP-B2QI6NS.govolution.com"/>
         <property name="os" value="Windows 10 64bit"/>
         <property name="katalonVersion" value="8.2.5.208"/>
         <property name="browser" value="Chrome 114.0.0.0"/>
         <property name="hostAddress" value="172.31.253.135"/>
         <property name="sessionId" value="345ed994bea586d375feb54dd2787feb"/>
         <property name="seleniumVersion" value="3.141.59"/>
         <property name="proxyInformation" value="ProxyInformation { proxyOption=NO_PROXY, proxyServerType=HTTP, username=, password=********, proxyServerAddress=, proxyServerPort=0, executionList=&quot;&quot;, isApplyToDesiredCapabilities=true }"/>
         <property name="platform" value="Windows 10"/>
      </properties>
      <testcase name="Test Cases/RAD_TestCases/UI_TestCases/LandingPage_UI_TC" time="13.901" classname="Test Cases/RAD_TestCases/UI_TestCases/LandingPage_UI_TC" status="PASSED">
         <system-out><![CDATA[2023-07-11 12:47:27 - [TEST_CASE][PASSED] - Test Cases/RAD_TestCases/UI_TestCases/LandingPage_UI_TC: Test Cases/RAD_TestCases/UI_TestCases/LandingPage_UI_TC

2023-07-11 12:47:27 - [TEST_STEP][PASSED] - openBrowser(""): Browser is opened with url: ''

2023-07-11 12:47:28 - [MESSAGE][INFO] - Starting 'Chrome' driver

2023-07-11 12:47:28 - [MESSAGE][INFO] - User set preference: ['acceptInsecureCerts', 'true']

2023-07-11 12:47:28 - [MESSAGE][INFO] - Action delay is set to 0 milliseconds

2023-07-11 12:47:31 - [MESSAGE][PASSED] - Browser is opened with url: ''

2023-07-11 12:47:31 - [TEST_STEP][PASSED] - maximizeWindow(): Current window maximized

2023-07-11 12:47:31 - [MESSAGE][PASSED] - Current window maximized

2023-07-11 12:47:31 - [TEST_STEP][PASSED] - navigateToUrl(RADurl): Navigate to 'https://demo.velocitypayment.com/client/rad/index.html' successfully

2023-07-11 12:47:33 - [MESSAGE][PASSED] - Navigate to 'https://demo.velocitypayment.com/client/rad/index.html' successfully

2023-07-11 12:47:33 - [TEST_STEP][PASSED] - orPath = "Object Repository/RAD_Pages/Landing_Page": null

2023-07-11 12:47:33 - [TEST_STEP][PASSED] - if (verifyElementPresent(findTestObject(orPath + "/dd_TaxType"), 30)): null

2023-07-11 12:47:33 - [MESSAGE][PASSED] - Object 'Object Repository/RAD_Pages/Landing_Page/dd_TaxType' is present

2023-07-11 12:47:33 - [TEST_STEP][PASSED] - out.println("Tax Type/Filing Year drop down was found on the Landing Page"): null

2023-07-11 12:47:33 - [TEST_STEP][PASSED] - if (verifyTextPresent("Your Progress", true)): null

2023-07-11 12:47:34 - [MESSAGE][PASSED] - Text 'Your Progress' is present on page  using regular expression

2023-07-11 12:47:34 - [TEST_STEP][PASSED] - out.println("Your Progress Static text was found on the Landing Page"): null

2023-07-11 12:47:34 - [TEST_STEP][PASSED] - if (verifyTextPresent("Tax Type/Taxpayer Information", true)): null

2023-07-11 12:47:34 - [MESSAGE][PASSED] - Text 'Tax Type/Taxpayer Information' is present on page  using regular expression

2023-07-11 12:47:34 - [TEST_STEP][PASSED] - out.println("Tax Type/Taxpayer Information text was found on the Landing Page"): null

2023-07-11 12:47:34 - [TEST_STEP][PASSED] - if (verifyTextPresent("Summary", true)): null

2023-07-11 12:47:35 - [MESSAGE][PASSED] - Text 'Summary' is present on page  using regular expression

2023-07-11 12:47:35 - [TEST_STEP][PASSED] - out.println("Summary Static text was found on the Landing Page"): null

2023-07-11 12:47:35 - [TEST_STEP][PASSED] - if (verifyTextPresent("Need Help?", true)): null

2023-07-11 12:47:35 - [MESSAGE][PASSED] - Text 'Need Help?' is present on page  using regular expression

2023-07-11 12:47:35 - [TEST_STEP][PASSED] - out.println("Need Help? Static text was found on the Landing Page"): null

2023-07-11 12:47:35 - [TEST_STEP][PASSED] - if (verifyElementPresent(findTestObject(orPath + "/button_Continue"), 30)): null

2023-07-11 12:47:35 - [MESSAGE][PASSED] - Object 'Object Repository/RAD_Pages/Landing_Page/button_Continue' is present

2023-07-11 12:47:35 - [TEST_STEP][PASSED] - out.println("Continue Button was found on the Landing Page"): null

2023-07-11 12:47:35 - [TEST_STEP][PASSED] - if (verifyElementPresent(findTestObject(orPath + "/a_taxhelpmarylandtaxes.gov"), 30)): null

2023-07-11 12:47:36 - [MESSAGE][PASSED] - Object 'Object Repository/RAD_Pages/Landing_Page/a_taxhelpmarylandtaxes.gov' is present

2023-07-11 12:47:36 - [TEST_STEP][PASSED] - out.println("Tax Help Maryland.gov link was found on the Landing Page"): null

2023-07-11 12:47:36 - [TEST_STEP][PASSED] - if (verifyElementPresent(findTestObject(orPath + "/a_Comptroller of Maryland"), 30)): null

2023-07-11 12:47:36 - [MESSAGE][PASSED] - Object 'Object Repository/RAD_Pages/Landing_Page/a_Comptroller of Maryland' is present

2023-07-11 12:47:36 - [TEST_STEP][PASSED] - out.println("Comptroller of Maryland link was found on the Landing Page"): null

2023-07-11 12:47:36 - [TEST_STEP][PASSED] - totalOptions = getNumberOfTotalOption(findTestObject(orPath + "/dd_TaxType")): 7 options of object 'Object Repository/RAD_Pages/Landing_Page/dd_TaxType' counted

2023-07-11 12:47:37 - [MESSAGE][PASSED] - 7 options of object 'Object Repository/RAD_Pages/Landing_Page/dd_TaxType' counted

2023-07-11 12:47:37 - [TEST_STEP][PASSED] - if (totalOptions == 7): Total Options are correct

2023-07-11 12:47:37 - [TEST_STEP][PASSED] - out.println("Total Options are correct: " + totalOptions): null

2023-07-11 12:47:37 - [TEST_STEP][PASSED] - markPassed("Total Options are correct"): Total Options are correct

2023-07-11 12:47:37 - [MESSAGE][PASSED] - Total Options are correct

2023-07-11 12:47:37 - [TEST_STEP][PASSED] - if (verifyOptionPresentByLabel(findTestObject(orPath + "/dd_TaxType"), "Estimated Tax", false, 60)): null

2023-07-11 12:47:37 - [MESSAGE][PASSED] - 1 option(s) with label 'Estimated Tax' is/are present in object 'Object Repository/RAD_Pages/Landing_Page/dd_TaxType' 

2023-07-11 12:47:37 - [TEST_STEP][PASSED] - out.println("Estimated Tax Option is present in the Tax Type Drop Down"): null

2023-07-11 12:47:37 - [TEST_STEP][PASSED] - if (verifyOptionPresentByLabel(findTestObject(orPath + "/dd_TaxType"), "Personal Income Tax", false, 60)): null

2023-07-11 12:47:38 - [MESSAGE][PASSED] - 1 option(s) with label 'Personal Income Tax' is/are present in object 'Object Repository/RAD_Pages/Landing_Page/dd_TaxType' 

2023-07-11 12:47:38 - [TEST_STEP][PASSED] - out.println("Personal Income Tax Option is present in the Tax Type Drop Down"): null

2023-07-11 12:47:38 - [TEST_STEP][PASSED] - if (verifyOptionPresentByLabel(findTestObject(orPath + "/dd_TaxType"), "Extension Payments", false, 60)): null

2023-07-11 12:47:39 - [MESSAGE][PASSED] - 1 option(s) with label 'Extension Payments' is/are present in object 'Object Repository/RAD_Pages/Landing_Page/dd_TaxType' 

2023-07-11 12:47:39 - [TEST_STEP][PASSED] - out.println("Extension Payments Option is present in the Tax Type Drop Down"): null

2023-07-11 12:47:39 - [TEST_STEP][PASSED] - if (verifyOptionPresentByLabel(findTestObject(orPath + "/dd_TaxType"), "Existing Liability", false, 60)): null

2023-07-11 12:47:39 - [MESSAGE][PASSED] - 1 option(s) with label 'Existing Liability' is/are present in object 'Object Repository/RAD_Pages/Landing_Page/dd_TaxType' 

2023-07-11 12:47:39 - [TEST_STEP][PASSED] - out.println("Existing Liability Option is present in the Tax Type Drop Down"): null

2023-07-11 12:47:39 - [TEST_STEP][PASSED] - if (verifyOptionPresentByLabel(findTestObject(orPath + "/dd_TaxType"), "Sales and Use", false, 60)): null

2023-07-11 12:47:40 - [MESSAGE][PASSED] - 1 option(s) with label 'Sales and Use' is/are present in object 'Object Repository/RAD_Pages/Landing_Page/dd_TaxType' 

2023-07-11 12:47:40 - [TEST_STEP][PASSED] - out.println("Sales and Use Option is present in the Tax Type Drop Down"): null

2023-07-11 12:47:40 - [TEST_STEP][PASSED] - if (verifyOptionPresentByLabel(findTestObject(orPath + "/dd_TaxType"), "Withholding Tax", false, 60)): null

2023-07-11 12:47:41 - [MESSAGE][PASSED] - 1 option(s) with label 'Withholding Tax' is/are present in object 'Object Repository/RAD_Pages/Landing_Page/dd_TaxType' 

2023-07-11 12:47:41 - [TEST_STEP][PASSED] - out.println("Withholding Tax Option is present in the Tax Type Drop Down"): null]]></system-out>
         <system-err><![CDATA[]]></system-err>
      </testcase>
      <testcase name="Test Cases/RAD_TestCases/UI_TestCases/EstimatedTax_UI_TC" time="40.456" classname="Test Cases/RAD_TestCases/UI_TestCases/EstimatedTax_UI_TC" status="PASSED">
         <system-out><![CDATA[2023-07-11 12:47:41 - [TEST_CASE][PASSED] - Test Cases/RAD_TestCases/UI_TestCases/EstimatedTax_UI_TC: Test Cases/RAD_TestCases/UI_TestCases/EstimatedTax_UI_TC

2023-07-11 12:47:41 - [TEST_STEP][PASSED] - openBrowser(""): Browser is opened with url: ''

2023-07-11 12:47:41 - [MESSAGE][WARNING] - A browser is already opened. Closing browser and opening a new one

2023-07-11 12:47:42 - [MESSAGE][INFO] - Starting 'Chrome' driver

2023-07-11 12:47:42 - [MESSAGE][INFO] - User set preference: ['acceptInsecureCerts', 'true']

2023-07-11 12:47:42 - [MESSAGE][INFO] - Action delay is set to 0 milliseconds

2023-07-11 12:47:43 - [MESSAGE][PASSED] - Browser is opened with url: ''

2023-07-11 12:47:43 - [TEST_STEP][PASSED] - maximizeWindow(): Current window maximized

2023-07-11 12:47:44 - [MESSAGE][PASSED] - Current window maximized

2023-07-11 12:47:44 - [TEST_STEP][PASSED] - navigateToUrl(RADurl): Navigate to 'https://demo.velocitypayment.com/client/rad/index.html' successfully

2023-07-11 12:47:45 - [MESSAGE][PASSED] - Navigate to 'https://demo.velocitypayment.com/client/rad/index.html' successfully

2023-07-11 12:47:45 - [TEST_STEP][PASSED] - orPath_Landing = "Object Repository/RAD_Pages/Landing_Page": null

2023-07-11 12:47:45 - [TEST_STEP][PASSED] - orPath_TaxTypeFilingYear = "Object Repository/RAD_Pages/TaxTypeFilingYear_Page": null

2023-07-11 12:47:45 - [TEST_STEP][PASSED] - orPath_TaxPayer = "Object Repository/RAD_Pages/Taxpayer_Page": null

2023-07-11 12:47:45 - [TEST_STEP][PASSED] - orPath_AddressContact = "Object Repository/RAD_Pages/AddressAndContactInfo_Page": null

2023-07-11 12:47:45 - [TEST_STEP][PASSED] - orPath_FilingStatus = "Object Repository/RAD_Pages/FilingStatus_Page": null

2023-07-11 12:47:45 - [TEST_STEP][PASSED] - orPath_Amount = "Object Repository/RAD_Pages/PaymentAmount_Page": null

2023-07-11 12:47:45 - [TEST_STEP][PASSED] - orPath_TaxInfo = "Object Repository/RAD_Pages/TaxInfo_Page": null

2023-07-11 12:47:45 - [TEST_STEP][PASSED] - selectOptionByLabel(findTestObject(orPath_Landing + "/dd_TaxType"), "Estimated Tax", false): All options with label 'Estimated Tax' are selected in object 'Object Repository/RAD_Pages/Landing_Page/dd_TaxType' 

2023-07-11 12:47:46 - [MESSAGE][PASSED] - All options with label 'Estimated Tax' are selected in object 'Object Repository/RAD_Pages/Landing_Page/dd_TaxType' 

2023-07-11 12:47:46 - [TEST_STEP][PASSED] - if (verifyElementPresent(findTestObject(orPath_TaxTypeFilingYear + "/select_PaymentType"), 30)): null

2023-07-11 12:47:46 - [MESSAGE][PASSED] - Object 'Object Repository/RAD_Pages/TaxTypeFilingYear_Page/select_PaymentType' is present

2023-07-11 12:47:46 - [TEST_STEP][PASSED] - out.println("Payment Type drop down was found on the Estimated Tax Page"): null

2023-07-11 12:47:46 - [TEST_STEP][PASSED] - if (verifyElementPresent(findTestObject(orPath_TaxTypeFilingYear + "/select_FilingYear"), 30)): null

2023-07-11 12:47:47 - [MESSAGE][PASSED] - Object 'Object Repository/RAD_Pages/TaxTypeFilingYear_Page/select_FilingYear' is present

2023-07-11 12:47:47 - [TEST_STEP][PASSED] - out.println("Filing Year drop down was found on the Estimated Tax Page"): null

2023-07-11 12:47:47 - [TEST_STEP][PASSED] - totalOptionsPaymentType = getNumberOfTotalOption(findTestObject(orPath_TaxTypeFilingYear + "/select_PaymentType")): 3 options of object 'Object Repository/RAD_Pages/TaxTypeFilingYear_Page/select_PaymentType' counted

2023-07-11 12:47:47 - [MESSAGE][PASSED] - 3 options of object 'Object Repository/RAD_Pages/TaxTypeFilingYear_Page/select_PaymentType' counted

2023-07-11 12:47:47 - [TEST_STEP][PASSED] - if (verifyEqual(totalOptionsPaymentType, 3)): null

2023-07-11 12:47:47 - [MESSAGE][PASSED] - Actual object '3' and expected object '3' are equal

2023-07-11 12:47:47 - [TEST_STEP][PASSED] - out.println("Total Options for Payment Type are correct: " + totalOptionsPaymentType): null

2023-07-11 12:47:47 - [TEST_STEP][PASSED] - markPassed("Total Options are correct for Payment Type"): Total Options are correct for Payment Type

2023-07-11 12:47:47 - [MESSAGE][PASSED] - Total Options are correct for Payment Type

2023-07-11 12:47:47 - [TEST_STEP][PASSED] - totalOptionsFilingYear = getNumberOfTotalOption(findTestObject(orPath_TaxTypeFilingYear + "/select_FilingYear")): 1 options of object 'Object Repository/RAD_Pages/TaxTypeFilingYear_Page/select_FilingYear' counted

2023-07-11 12:47:48 - [MESSAGE][PASSED] - 1 options of object 'Object Repository/RAD_Pages/TaxTypeFilingYear_Page/select_FilingYear' counted

2023-07-11 12:47:48 - [TEST_STEP][PASSED] - if (verifyEqual(totalOptionsFilingYear, 1)): null

2023-07-11 12:47:48 - [MESSAGE][PASSED] - Actual object '1' and expected object '1' are equal

2023-07-11 12:47:48 - [TEST_STEP][PASSED] - out.println("Total Options for Filing Year are correct: " + totalOptionsFilingYear): null

2023-07-11 12:47:48 - [TEST_STEP][PASSED] - markPassed("Total Options are correct for Filing Year"): Total Options are correct for Filing Year

2023-07-11 12:47:48 - [MESSAGE][PASSED] - Total Options are correct for Filing Year

2023-07-11 12:47:48 - [TEST_STEP][PASSED] - verifyOptionsPresent(findTestObject(orPath_TaxTypeFilingYear + "/select_PaymentType"), ["Personal", "Corporate"]): Options [Personal, Corporate] present.

2023-07-11 12:47:48 - [MESSAGE][PASSED] - Options [Personal, Corporate] present.

2023-07-11 12:47:48 - [TEST_STEP][PASSED] - verifyOptionsPresent(findTestObject(orPath_TaxTypeFilingYear + "/select_FilingYear"), ["2023"]): Options [2023] present.

2023-07-11 12:47:49 - [MESSAGE][PASSED] - Options [2023] present.

2023-07-11 12:47:49 - [TEST_STEP][PASSED] - verifyTextPresent("Tax Type/Filing Year", true): Text 'Tax Type/Filing Year' is present on page  using regular expression

2023-07-11 12:47:49 - [MESSAGE][PASSED] - Text 'Tax Type/Filing Year' is present on page  using regular expression

2023-07-11 12:47:49 - [TEST_STEP][PASSED] - verifyTextPresent("Taxpayer", true): Text 'Taxpayer' is present on page  using regular expression

2023-07-11 12:47:50 - [MESSAGE][PASSED] - Text 'Taxpayer' is present on page  using regular expression

2023-07-11 12:47:50 - [TEST_STEP][PASSED] - verifyTextPresent("Provide the following taxpayer information", true): Text 'Provide the following taxpayer information' is present on page  using regular expression

2023-07-11 12:47:50 - [MESSAGE][PASSED] - Text 'Provide the following taxpayer information' is present on page  using regular expression

2023-07-11 12:47:50 - [TEST_STEP][PASSED] - verifyTextPresent("Note: If you are paying on behalf of the Taxpayer, enter Taxpayer", true): Text 'Note: If you are paying on behalf of the Taxpayer, enter Taxpayer' is present on page  using regular expression

2023-07-11 12:47:51 - [MESSAGE][PASSED] - Text 'Note: If you are paying on behalf of the Taxpayer, enter Taxpayer' is present on page  using regular expression

2023-07-11 12:47:51 - [TEST_STEP][PASSED] - verifyTextPresent("information here. If you are making a payment for the Taxpayer, you will be required later to enter your own credit card, billing address and other pertinent information", true): Text 'information here. If you are making a payment for the Taxpayer, you will be required later to enter your own credit card, billing address and other pertinent information' is present on page  using regular expression

2023-07-11 12:47:51 - [MESSAGE][PASSED] - Text 'information here. If you are making a payment for the Taxpayer, you will be required later to enter your own credit card, billing address and other pertinent information' is present on page  using regular expression

2023-07-11 12:47:51 - [TEST_STEP][PASSED] - verifyTextPresent("Address and Contact Information", true): Text 'Address and Contact Information' is present on page  using regular expression

2023-07-11 12:47:51 - [MESSAGE][PASSED] - Text 'Address and Contact Information' is present on page  using regular expression

2023-07-11 12:47:51 - [TEST_STEP][PASSED] - verifyTextPresent("Enter the taxpayer", true): Text 'Enter the taxpayer' is present on page  using regular expression

2023-07-11 12:47:52 - [MESSAGE][PASSED] - Text 'Enter the taxpayer' is present on page  using regular expression

2023-07-11 12:47:52 - [TEST_STEP][PASSED] - verifyTextPresent("address and contact information", true): Text 'address and contact information' is present on page  using regular expression

2023-07-11 12:47:52 - [MESSAGE][PASSED] - Text 'address and contact information' is present on page  using regular expression

2023-07-11 12:47:52 - [TEST_STEP][PASSED] - verifyTextPresent("Filing Status", true): Text 'Filing Status' is present on page  using regular expression

2023-07-11 12:47:53 - [MESSAGE][PASSED] - Text 'Filing Status' is present on page  using regular expression

2023-07-11 12:47:53 - [TEST_STEP][PASSED] - verifyTextPresent("Is this an Individual or Joint Filing?", true): Text 'Is this an Individual or Joint Filing?' is present on page  using regular expression

2023-07-11 12:47:53 - [MESSAGE][PASSED] - Text 'Is this an Individual or Joint Filing?' is present on page  using regular expression

2023-07-11 12:47:53 - [TEST_STEP][PASSED] - verifyTextPresent("Filing type", true): Text 'Filing type' is present on page  using regular expression

2023-07-11 12:47:53 - [MESSAGE][PASSED] - Text 'Filing type' is present on page  using regular expression

2023-07-11 12:47:53 - [TEST_STEP][PASSED] - verifyTextPresent("Individual Filing", true): Text 'Individual Filing' is present on page  using regular expression

2023-07-11 12:47:54 - [MESSAGE][PASSED] - Text 'Individual Filing' is present on page  using regular expression

2023-07-11 12:47:54 - [TEST_STEP][PASSED] - verifyTextPresent("Joint Filing", true): Text 'Joint Filing' is present on page  using regular expression

2023-07-11 12:47:54 - [MESSAGE][PASSED] - Text 'Joint Filing' is present on page  using regular expression

2023-07-11 12:47:54 - [TEST_STEP][PASSED] - verifyTextPresent("Payment Amount", true): Text 'Payment Amount' is present on page  using regular expression

2023-07-11 12:47:54 - [MESSAGE][PASSED] - Text 'Payment Amount' is present on page  using regular expression

2023-07-11 12:47:54 - [TEST_STEP][PASSED] - verifyTextPresent("Service Fee: This electronic government service includes a service/convenience fee. Click here for details", true): Text 'Service Fee: This electronic government service includes a service/convenience fee. Click here for details' is present on page  using regular expression

2023-07-11 12:47:55 - [MESSAGE][PASSED] - Text 'Service Fee: This electronic government service includes a service/convenience fee. Click here for details' is present on page  using regular expression

2023-07-11 12:47:55 - [TEST_STEP][PASSED] - verifyElementPresent(findTestObject(orPath_Amount + "/a_Click here for details"), 30): Object 'Object Repository/RAD_Pages/PaymentAmount_Page/a_Click here for details' is present

2023-07-11 12:47:55 - [MESSAGE][PASSED] - Object 'Object Repository/RAD_Pages/PaymentAmount_Page/a_Click here for details' is present

2023-07-11 12:47:55 - [TEST_STEP][PASSED] - verifyElementPresent(findTestObject(orPath_Landing + "/button_Continue"), 30): Object 'Object Repository/RAD_Pages/Landing_Page/button_Continue' is present

2023-07-11 12:47:56 - [MESSAGE][PASSED] - Object 'Object Repository/RAD_Pages/Landing_Page/button_Continue' is present

2023-07-11 12:47:56 - [TEST_STEP][PASSED] - verifyElementPresent(findTestObject(orPath_TaxPayer + "/input_firstName"), 30): Object 'Object Repository/RAD_Pages/Taxpayer_Page/input_firstName' is present

2023-07-11 12:47:56 - [MESSAGE][PASSED] - Object 'Object Repository/RAD_Pages/Taxpayer_Page/input_firstName' is present

2023-07-11 12:47:56 - [TEST_STEP][PASSED] - verifyElementPresent(findTestObject(orPath_TaxPayer + "/input_middleName"), 30): Object 'Object Repository/RAD_Pages/Taxpayer_Page/input_middleName' is present

2023-07-11 12:47:56 - [MESSAGE][PASSED] - Object 'Object Repository/RAD_Pages/Taxpayer_Page/input_middleName' is present

2023-07-11 12:47:56 - [TEST_STEP][PASSED] - verifyElementPresent(findTestObject(orPath_TaxPayer + "/input_lastName"), 30): Object 'Object Repository/RAD_Pages/Taxpayer_Page/input_lastName' is present

2023-07-11 12:47:57 - [MESSAGE][PASSED] - Object 'Object Repository/RAD_Pages/Taxpayer_Page/input_lastName' is present

2023-07-11 12:47:57 - [TEST_STEP][PASSED] - verifyElementPresent(findTestObject(orPath_TaxPayer + "/input_suffix"), 30): Object 'Object Repository/RAD_Pages/Taxpayer_Page/input_suffix' is present

2023-07-11 12:47:57 - [MESSAGE][PASSED] - Object 'Object Repository/RAD_Pages/Taxpayer_Page/input_suffix' is present

2023-07-11 12:47:57 - [TEST_STEP][PASSED] - verifyElementPresent(findTestObject("RAD_RecordAndPlay/input_concatSSN"), 30): Object 'Object Repository/RAD_RecordAndPlay/input_concatSSN' is present

2023-07-11 12:47:57 - [MESSAGE][PASSED] - Object 'Object Repository/RAD_RecordAndPlay/input_concatSSN' is present

2023-07-11 12:47:57 - [TEST_STEP][PASSED] - verifyElementPresent(findTestObject("RAD_RecordAndPlay/input_concatReSSN"), 30): Object 'Object Repository/RAD_RecordAndPlay/input_concatReSSN' is present

2023-07-11 12:47:58 - [MESSAGE][PASSED] - Object 'Object Repository/RAD_RecordAndPlay/input_concatReSSN' is present

2023-07-11 12:47:58 - [TEST_STEP][PASSED] - verifyElementPresent(findTestObject(orPath_AddressContact + "/select_Country"), 30): Object 'Object Repository/RAD_Pages/AddressAndContactInfo_Page/select_Country' is present

2023-07-11 12:47:58 - [MESSAGE][PASSED] - Object 'Object Repository/RAD_Pages/AddressAndContactInfo_Page/select_Country' is present

2023-07-11 12:47:58 - [TEST_STEP][PASSED] - verifyElementPresent(findTestObject(orPath_AddressContact + "/input_streetAddress1"), 30): Object 'Object Repository/RAD_Pages/AddressAndContactInfo_Page/input_streetAddress1' is present

2023-07-11 12:47:59 - [MESSAGE][PASSED] - Object 'Object Repository/RAD_Pages/AddressAndContactInfo_Page/input_streetAddress1' is present

2023-07-11 12:47:59 - [TEST_STEP][PASSED] - verifyElementPresent(findTestObject(orPath_AddressContact + "/input_streetAddress2"), 30): Object 'Object Repository/RAD_Pages/AddressAndContactInfo_Page/input_streetAddress2' is present

2023-07-11 12:47:59 - [MESSAGE][PASSED] - Object 'Object Repository/RAD_Pages/AddressAndContactInfo_Page/input_streetAddress2' is present

2023-07-11 12:47:59 - [TEST_STEP][PASSED] - verifyElementPresent(findTestObject(orPath_AddressContact + "/input_city"), 30): Object 'Object Repository/RAD_Pages/AddressAndContactInfo_Page/input_city' is present

2023-07-11 12:47:59 - [MESSAGE][PASSED] - Object 'Object Repository/RAD_Pages/AddressAndContactInfo_Page/input_city' is present

2023-07-11 12:47:59 - [TEST_STEP][PASSED] - verifyElementPresent(findTestObject(orPath_AddressContact + "/select_State"), 30): Object 'Object Repository/RAD_Pages/AddressAndContactInfo_Page/select_State' is present

2023-07-11 12:48:00 - [MESSAGE][PASSED] - Object 'Object Repository/RAD_Pages/AddressAndContactInfo_Page/select_State' is present

2023-07-11 12:48:00 - [TEST_STEP][PASSED] - verifyElementPresent(findTestObject(orPath_AddressContact + "/input_zipCode"), 30): Object 'Object Repository/RAD_Pages/AddressAndContactInfo_Page/input_zipCode' is present

2023-07-11 12:48:00 - [MESSAGE][PASSED] - Object 'Object Repository/RAD_Pages/AddressAndContactInfo_Page/input_zipCode' is present

2023-07-11 12:48:00 - [TEST_STEP][PASSED] - verifyElementPresent(findTestObject(orPath_AddressContact + "/input_phoneNumber"), 30): Object 'Object Repository/RAD_Pages/AddressAndContactInfo_Page/input_phoneNumber' is present

2023-07-11 12:48:00 - [MESSAGE][PASSED] - Object 'Object Repository/RAD_Pages/AddressAndContactInfo_Page/input_phoneNumber' is present

2023-07-11 12:48:00 - [TEST_STEP][PASSED] - verifyElementPresent(findTestObject(orPath_AddressContact + "/input_eMailAddress"), 30): Object 'Object Repository/RAD_Pages/AddressAndContactInfo_Page/input_eMailAddress' is present

2023-07-11 12:48:01 - [MESSAGE][PASSED] - Object 'Object Repository/RAD_Pages/AddressAndContactInfo_Page/input_eMailAddress' is present

2023-07-11 12:48:01 - [TEST_STEP][PASSED] - verifyElementPresent(findTestObject(orPath_AddressContact + "/input_reEnterEMailAddress"), 30): Object 'Object Repository/RAD_Pages/AddressAndContactInfo_Page/input_reEnterEMailAddress' is present

2023-07-11 12:48:01 - [MESSAGE][PASSED] - Object 'Object Repository/RAD_Pages/AddressAndContactInfo_Page/input_reEnterEMailAddress' is present

2023-07-11 12:48:01 - [TEST_STEP][PASSED] - verifyOptionsPresent(findTestObject(orPath_AddressContact + "/select_Country"), ["United States"]): Options [United States] present.

2023-07-11 12:48:02 - [MESSAGE][PASSED] - Options [United States] present.

2023-07-11 12:48:02 - [TEST_STEP][PASSED] - verifyOptionsPresent(findTestObject(orPath_AddressContact + "/select_State"), ["Alabama", "District of Columbia", "Maryland", "Virginia", "Wyoming"]): Options [Alabama, District of Columbia, Maryland, Virginia, Wyoming] present.

2023-07-11 12:48:03 - [MESSAGE][PASSED] - Options [Alabama, District of Columbia, Maryland, Virginia, Wyoming] present.

2023-07-11 12:48:03 - [TEST_STEP][PASSED] - totalOptionsState = getNumberOfTotalOption(findTestObject(orPath_AddressContact + "/select_State")): 52 options of object 'Object Repository/RAD_Pages/AddressAndContactInfo_Page/select_State' counted

2023-07-11 12:48:03 - [MESSAGE][PASSED] - 52 options of object 'Object Repository/RAD_Pages/AddressAndContactInfo_Page/select_State' counted

2023-07-11 12:48:03 - [TEST_STEP][PASSED] - verifyEqual(totalOptionsState, 52): Actual object '52' and expected object '52' are equal

2023-07-11 12:48:03 - [MESSAGE][PASSED] - Actual object '52' and expected object '52' are equal

2023-07-11 12:48:03 - [TEST_STEP][PASSED] - verifyElementPresent(findTestObject(orPath_FilingStatus + "/input_userType_Individual"), 30): Object 'Object Repository/RAD_Pages/FilingStatus_Page/input_userType_Individual' is present

2023-07-11 12:48:04 - [MESSAGE][PASSED] - Object 'Object Repository/RAD_Pages/FilingStatus_Page/input_userType_Individual' is present

2023-07-11 12:48:04 - [TEST_STEP][PASSED] - verifyElementPresent(findTestObject(orPath_FilingStatus + "/input_userType_Joint"), 30): Object 'Object Repository/RAD_Pages/FilingStatus_Page/input_userType_Joint' is present

2023-07-11 12:48:04 - [MESSAGE][PASSED] - Object 'Object Repository/RAD_Pages/FilingStatus_Page/input_userType_Joint' is present

2023-07-11 12:48:04 - [TEST_STEP][PASSED] - verifyElementPresent(findTestObject(orPath_Amount + "/input__paymentAmount"), 30): Object 'Object Repository/RAD_Pages/PaymentAmount_Page/input__paymentAmount' is present

2023-07-11 12:48:04 - [MESSAGE][PASSED] - Object 'Object Repository/RAD_Pages/PaymentAmount_Page/input__paymentAmount' is present

2023-07-11 12:48:04 - [TEST_STEP][PASSED] - scrollToElement(findTestObject(orPath_Amount + "/input__paymentAmount"), 3): Scroll to object 'Object Repository/RAD_Pages/PaymentAmount_Page/input__paymentAmount' successfully

2023-07-11 12:48:05 - [MESSAGE][PASSED] - Scroll to object 'Object Repository/RAD_Pages/PaymentAmount_Page/input__paymentAmount' successfully

2023-07-11 12:48:05 - [TEST_STEP][PASSED] - waitForElementClickable(findTestObject(orPath_FilingStatus + "/input_userType_Joint"), 5): Object 'Object Repository/RAD_Pages/FilingStatus_Page/input_userType_Joint' is clickable

2023-07-11 12:48:05 - [MESSAGE][PASSED] - Object 'Object Repository/RAD_Pages/FilingStatus_Page/input_userType_Joint' is clickable

2023-07-11 12:48:05 - [TEST_STEP][PASSED] - click(findTestObject(orPath_FilingStatus + "/input_userType_Joint")): Object: 'Object Repository/RAD_Pages/FilingStatus_Page/input_userType_Joint' is clicked on

2023-07-11 12:48:06 - [MESSAGE][PASSED] - Object: 'Object Repository/RAD_Pages/FilingStatus_Page/input_userType_Joint' is clicked on

2023-07-11 12:48:06 - [TEST_STEP][PASSED] - verifyTextPresent("Provide the following information for the joint filer", true): Text 'Provide the following information for the joint filer' is present on page  using regular expression

2023-07-11 12:48:06 - [MESSAGE][PASSED] - Text 'Provide the following information for the joint filer' is present on page  using regular expression

2023-07-11 12:48:06 - [TEST_STEP][PASSED] - verifyElementPresent(findTestObject(orPath_FilingStatus + "/input_jointFirstName"), 30): Object 'Object Repository/RAD_Pages/FilingStatus_Page/input_jointFirstName' is present

2023-07-11 12:48:07 - [MESSAGE][PASSED] - Object 'Object Repository/RAD_Pages/FilingStatus_Page/input_jointFirstName' is present

2023-07-11 12:48:07 - [TEST_STEP][PASSED] - verifyElementPresent(findTestObject(orPath_FilingStatus + "/input_jointMiddleName"), 30): Object 'Object Repository/RAD_Pages/FilingStatus_Page/input_jointMiddleName' is present

2023-07-11 12:48:07 - [MESSAGE][PASSED] - Object 'Object Repository/RAD_Pages/FilingStatus_Page/input_jointMiddleName' is present

2023-07-11 12:48:07 - [TEST_STEP][PASSED] - verifyElementPresent(findTestObject(orPath_FilingStatus + "/input_jointLastName"), 30): Object 'Object Repository/RAD_Pages/FilingStatus_Page/input_jointLastName' is present

2023-07-11 12:48:07 - [MESSAGE][PASSED] - Object 'Object Repository/RAD_Pages/FilingStatus_Page/input_jointLastName' is present

2023-07-11 12:48:07 - [TEST_STEP][PASSED] - verifyElementPresent(findTestObject(orPath_FilingStatus + "/input_jointSuffix"), 30): Object 'Object Repository/RAD_Pages/FilingStatus_Page/input_jointSuffix' is present

2023-07-11 12:48:07 - [MESSAGE][PASSED] - Object 'Object Repository/RAD_Pages/FilingStatus_Page/input_jointSuffix' is present

2023-07-11 12:48:07 - [TEST_STEP][PASSED] - verifyElementPresent(findTestObject("Object Repository/RAD_RecordAndPlay/input_JointFilerSSN"), 30): Object 'Object Repository/RAD_RecordAndPlay/input_JointFilerSSN' is present

2023-07-11 12:48:08 - [MESSAGE][PASSED] - Object 'Object Repository/RAD_RecordAndPlay/input_JointFilerSSN' is present

2023-07-11 12:48:08 - [TEST_STEP][PASSED] - verifyElementPresent(findTestObject("Object Repository/RAD_RecordAndPlay/input_reTypeJointFilerSSN"), 30): Object 'Object Repository/RAD_RecordAndPlay/input_reTypeJointFilerSSN' is present

2023-07-11 12:48:09 - [MESSAGE][PASSED] - Object 'Object Repository/RAD_RecordAndPlay/input_reTypeJointFilerSSN' is present

2023-07-11 12:48:09 - [TEST_STEP][PASSED] - selectOptionByLabel(findTestObject(orPath_TaxTypeFilingYear + "/select_PaymentType"), "Personal", false): All options with label 'Personal' are selected in object 'Object Repository/RAD_Pages/TaxTypeFilingYear_Page/select_PaymentType' 

2023-07-11 12:48:09 - [MESSAGE][PASSED] - All options with label 'Personal' are selected in object 'Object Repository/RAD_Pages/TaxTypeFilingYear_Page/select_PaymentType' 

2023-07-11 12:48:09 - [TEST_STEP][PASSED] - verifyElementVisible(findTestObject(orPath_TaxPayer + "/input_firstName")): Object 'Object Repository/RAD_Pages/Taxpayer_Page/input_firstName' is visible

2023-07-11 12:48:10 - [MESSAGE][PASSED] - Object 'Object Repository/RAD_Pages/Taxpayer_Page/input_firstName' is visible

2023-07-11 12:48:10 - [TEST_STEP][PASSED] - verifyElementVisible(findTestObject(orPath_TaxPayer + "/input_middleName")): Object 'Object Repository/RAD_Pages/Taxpayer_Page/input_middleName' is visible

2023-07-11 12:48:10 - [MESSAGE][PASSED] - Object 'Object Repository/RAD_Pages/Taxpayer_Page/input_middleName' is visible

2023-07-11 12:48:10 - [TEST_STEP][PASSED] - verifyElementVisible(findTestObject(orPath_TaxPayer + "/input_lastName")): Object 'Object Repository/RAD_Pages/Taxpayer_Page/input_lastName' is visible

2023-07-11 12:48:10 - [MESSAGE][PASSED] - Object 'Object Repository/RAD_Pages/Taxpayer_Page/input_lastName' is visible

2023-07-11 12:48:10 - [TEST_STEP][PASSED] - verifyElementVisible(findTestObject(orPath_TaxPayer + "/input_suffix")): Object 'Object Repository/RAD_Pages/Taxpayer_Page/input_suffix' is visible

2023-07-11 12:48:11 - [MESSAGE][PASSED] - Object 'Object Repository/RAD_Pages/Taxpayer_Page/input_suffix' is visible

2023-07-11 12:48:11 - [TEST_STEP][PASSED] - verifyElementVisible(findTestObject("RAD_RecordAndPlay/input_concatSSN")): Object 'Object Repository/RAD_RecordAndPlay/input_concatSSN' is visible

2023-07-11 12:48:11 - [MESSAGE][PASSED] - Object 'Object Repository/RAD_RecordAndPlay/input_concatSSN' is visible

2023-07-11 12:48:11 - [TEST_STEP][PASSED] - verifyElementVisible(findTestObject("RAD_RecordAndPlay/input_concatReSSN")): Object 'Object Repository/RAD_RecordAndPlay/input_concatReSSN' is visible

2023-07-11 12:48:12 - [MESSAGE][PASSED] - Object 'Object Repository/RAD_RecordAndPlay/input_concatReSSN' is visible

2023-07-11 12:48:12 - [TEST_STEP][PASSED] - verifyElementVisible(findTestObject(orPath_FilingStatus + "/input_userType_Individual")): Object 'Object Repository/RAD_Pages/FilingStatus_Page/input_userType_Individual' is visible

2023-07-11 12:48:12 - [MESSAGE][PASSED] - Object 'Object Repository/RAD_Pages/FilingStatus_Page/input_userType_Individual' is visible

2023-07-11 12:48:12 - [TEST_STEP][PASSED] - verifyElementVisible(findTestObject(orPath_FilingStatus + "/input_userType_Joint")): Object 'Object Repository/RAD_Pages/FilingStatus_Page/input_userType_Joint' is visible

2023-07-11 12:48:12 - [MESSAGE][PASSED] - Object 'Object Repository/RAD_Pages/FilingStatus_Page/input_userType_Joint' is visible

2023-07-11 12:48:12 - [TEST_STEP][PASSED] - verifyElementNotVisible(findTestObject(orPath_TaxPayer + "/input_Note_businessName")): Object 'Object Repository/RAD_Pages/Taxpayer_Page/input_Note_businessName' is NOT visible

2023-07-11 12:48:13 - [MESSAGE][PASSED] - Object 'Object Repository/RAD_Pages/Taxpayer_Page/input_Note_businessName' is NOT visible

2023-07-11 12:48:13 - [TEST_STEP][PASSED] - verifyElementNotVisible(findTestObject(orPath_TaxInfo + "/input_FederalEIN-2")): Object 'Object Repository/RAD_Pages/TaxInfo_Page/input_FederalEIN-2' is NOT visible

2023-07-11 12:48:13 - [MESSAGE][PASSED] - Object 'Object Repository/RAD_Pages/TaxInfo_Page/input_FederalEIN-2' is NOT visible

2023-07-11 12:48:13 - [TEST_STEP][PASSED] - verifyElementNotVisible(findTestObject(orPath_TaxInfo + "/input_FederalEIN_ReEnter-2")): Object 'Object Repository/RAD_Pages/TaxInfo_Page/input_FederalEIN_ReEnter-2' is NOT visible

2023-07-11 12:48:14 - [MESSAGE][PASSED] - Object 'Object Repository/RAD_Pages/TaxInfo_Page/input_FederalEIN_ReEnter-2' is NOT visible

2023-07-11 12:48:14 - [TEST_STEP][PASSED] - selectOptionByLabel(findTestObject(orPath_TaxTypeFilingYear + "/select_PaymentType"), "Corporate", false): All options with label 'Corporate' are selected in object 'Object Repository/RAD_Pages/TaxTypeFilingYear_Page/select_PaymentType' 

2023-07-11 12:48:14 - [MESSAGE][PASSED] - All options with label 'Corporate' are selected in object 'Object Repository/RAD_Pages/TaxTypeFilingYear_Page/select_PaymentType' 

2023-07-11 12:48:14 - [TEST_STEP][PASSED] - verifyElementPresent(findTestObject(orPath_TaxTypeFilingYear + "/select_PeriodEnding"), 30): Object 'Object Repository/RAD_Pages/TaxTypeFilingYear_Page/select_PeriodEnding' is present

2023-07-11 12:48:15 - [MESSAGE][PASSED] - Object 'Object Repository/RAD_Pages/TaxTypeFilingYear_Page/select_PeriodEnding' is present

2023-07-11 12:48:15 - [TEST_STEP][PASSED] - totalOptionsPeriodEnding = getNumberOfTotalOption(findTestObject(orPath_TaxTypeFilingYear + "/select_PeriodEnding")): 13 options of object 'Object Repository/RAD_Pages/TaxTypeFilingYear_Page/select_PeriodEnding' counted

2023-07-11 12:48:15 - [MESSAGE][PASSED] - 13 options of object 'Object Repository/RAD_Pages/TaxTypeFilingYear_Page/select_PeriodEnding' counted

2023-07-11 12:48:15 - [TEST_STEP][PASSED] - verifyEqual(totalOptionsPeriodEnding, 13): Actual object '13' and expected object '13' are equal

2023-07-11 12:48:15 - [MESSAGE][PASSED] - Actual object '13' and expected object '13' are equal

2023-07-11 12:48:15 - [TEST_STEP][PASSED] - verifyOptionsPresent(findTestObject(orPath_TaxTypeFilingYear + "/select_PeriodEnding"), ["Month", "January", "February", "March", "April", "May", "June"]): Options [Month, January, February, March, April, May, June] present.

2023-07-11 12:48:16 - [MESSAGE][PASSED] - Options [Month, January, February, March, April, May, June] present.

2023-07-11 12:48:16 - [TEST_STEP][PASSED] - verifyOptionsPresent(findTestObject(orPath_TaxTypeFilingYear + "/select_PeriodEnding"), ["July", "August", "September", "October", "November", "December"]): Options [July, August, September, October, November, December] present.

2023-07-11 12:48:17 - [MESSAGE][PASSED] - Options [July, August, September, October, November, December] present.

2023-07-11 12:48:17 - [TEST_STEP][PASSED] - verifyElementVisible(findTestObject(orPath_TaxPayer + "/input_Note_businessName")): Object 'Object Repository/RAD_Pages/Taxpayer_Page/input_Note_businessName' is visible

2023-07-11 12:48:17 - [MESSAGE][PASSED] - Object 'Object Repository/RAD_Pages/Taxpayer_Page/input_Note_businessName' is visible

2023-07-11 12:48:17 - [TEST_STEP][PASSED] - verifyElementVisible(findTestObject(orPath_TaxInfo + "/input_FederalEIN-2")): Object 'Object Repository/RAD_Pages/TaxInfo_Page/input_FederalEIN-2' is visible

2023-07-11 12:48:18 - [MESSAGE][PASSED] - Object 'Object Repository/RAD_Pages/TaxInfo_Page/input_FederalEIN-2' is visible

2023-07-11 12:48:18 - [TEST_STEP][PASSED] - verifyElementVisible(findTestObject(orPath_TaxInfo + "/input_FederalEIN_ReEnter-2")): Object 'Object Repository/RAD_Pages/TaxInfo_Page/input_FederalEIN_ReEnter-2' is visible

2023-07-11 12:48:18 - [MESSAGE][PASSED] - Object 'Object Repository/RAD_Pages/TaxInfo_Page/input_FederalEIN_ReEnter-2' is visible

2023-07-11 12:48:18 - [TEST_STEP][PASSED] - verifyElementNotVisible(findTestObject(orPath_TaxPayer + "/input_firstName")): Object 'Object Repository/RAD_Pages/Taxpayer_Page/input_firstName' is NOT visible

2023-07-11 12:48:18 - [MESSAGE][PASSED] - Object 'Object Repository/RAD_Pages/Taxpayer_Page/input_firstName' is NOT visible

2023-07-11 12:48:18 - [TEST_STEP][PASSED] - verifyElementNotVisible(findTestObject(orPath_TaxPayer + "/input_middleName")): Object 'Object Repository/RAD_Pages/Taxpayer_Page/input_middleName' is NOT visible

2023-07-11 12:48:19 - [MESSAGE][PASSED] - Object 'Object Repository/RAD_Pages/Taxpayer_Page/input_middleName' is NOT visible

2023-07-11 12:48:19 - [TEST_STEP][PASSED] - verifyElementNotVisible(findTestObject(orPath_TaxPayer + "/input_lastName")): Object 'Object Repository/RAD_Pages/Taxpayer_Page/input_lastName' is NOT visible

2023-07-11 12:48:19 - [MESSAGE][PASSED] - Object 'Object Repository/RAD_Pages/Taxpayer_Page/input_lastName' is NOT visible

2023-07-11 12:48:19 - [TEST_STEP][PASSED] - verifyElementNotVisible(findTestObject(orPath_TaxPayer + "/input_suffix")): Object 'Object Repository/RAD_Pages/Taxpayer_Page/input_suffix' is NOT visible

2023-07-11 12:48:19 - [MESSAGE][PASSED] - Object 'Object Repository/RAD_Pages/Taxpayer_Page/input_suffix' is NOT visible

2023-07-11 12:48:19 - [TEST_STEP][PASSED] - verifyElementNotVisible(findTestObject("RAD_RecordAndPlay/input_concatSSN")): Object 'Object Repository/RAD_RecordAndPlay/input_concatSSN' is NOT visible

2023-07-11 12:48:20 - [MESSAGE][PASSED] - Object 'Object Repository/RAD_RecordAndPlay/input_concatSSN' is NOT visible

2023-07-11 12:48:20 - [TEST_STEP][PASSED] - verifyElementNotVisible(findTestObject("RAD_RecordAndPlay/input_concatReSSN")): Object 'Object Repository/RAD_RecordAndPlay/input_concatReSSN' is NOT visible

2023-07-11 12:48:20 - [MESSAGE][PASSED] - Object 'Object Repository/RAD_RecordAndPlay/input_concatReSSN' is NOT visible

2023-07-11 12:48:20 - [TEST_STEP][PASSED] - verifyElementNotVisible(findTestObject(orPath_FilingStatus + "/input_userType_Individual")): Object 'Object Repository/RAD_Pages/FilingStatus_Page/input_userType_Individual' is NOT visible

2023-07-11 12:48:21 - [MESSAGE][PASSED] - Object 'Object Repository/RAD_Pages/FilingStatus_Page/input_userType_Individual' is NOT visible

2023-07-11 12:48:21 - [TEST_STEP][PASSED] - verifyElementNotVisible(findTestObject(orPath_FilingStatus + "/input_userType_Joint")): Object 'Object Repository/RAD_Pages/FilingStatus_Page/input_userType_Joint' is NOT visible

2023-07-11 12:48:21 - [MESSAGE][PASSED] - Object 'Object Repository/RAD_Pages/FilingStatus_Page/input_userType_Joint' is NOT visible]]></system-out>
         <system-err><![CDATA[]]></system-err>
      </testcase>
      <testcase name="Test Cases/RAD_TestCases/UI_TestCases/PersonalIncomeTax_UI_TC" time="35.723" classname="Test Cases/RAD_TestCases/UI_TestCases/PersonalIncomeTax_UI_TC" status="PASSED">
         <system-out><![CDATA[2023-07-11 12:48:21 - [TEST_CASE][PASSED] - Test Cases/RAD_TestCases/UI_TestCases/PersonalIncomeTax_UI_TC: Test Cases/RAD_TestCases/UI_TestCases/PersonalIncomeTax_UI_TC

2023-07-11 12:48:22 - [TEST_STEP][PASSED] - openBrowser(""): Browser is opened with url: ''

2023-07-11 12:48:22 - [MESSAGE][WARNING] - A browser is already opened. Closing browser and opening a new one

2023-07-11 12:48:22 - [MESSAGE][INFO] - Starting 'Chrome' driver

2023-07-11 12:48:22 - [MESSAGE][INFO] - User set preference: ['acceptInsecureCerts', 'true']

2023-07-11 12:48:22 - [MESSAGE][INFO] - Action delay is set to 0 milliseconds

2023-07-11 12:48:24 - [MESSAGE][PASSED] - Browser is opened with url: ''

2023-07-11 12:48:24 - [TEST_STEP][PASSED] - maximizeWindow(): Current window maximized

2023-07-11 12:48:24 - [MESSAGE][PASSED] - Current window maximized

2023-07-11 12:48:24 - [TEST_STEP][PASSED] - navigateToUrl(RADurl): Navigate to 'https://demo.velocitypayment.com/client/rad/index.html' successfully

2023-07-11 12:48:26 - [MESSAGE][PASSED] - Navigate to 'https://demo.velocitypayment.com/client/rad/index.html' successfully

2023-07-11 12:48:26 - [TEST_STEP][PASSED] - orPath_Landing = "Object Repository/RAD_Pages/Landing_Page": null

2023-07-11 12:48:26 - [TEST_STEP][PASSED] - orPath_TaxTypeFilingYear = "Object Repository/RAD_Pages/TaxTypeFilingYear_Page": null

2023-07-11 12:48:26 - [TEST_STEP][PASSED] - orPath_TaxPayer = "Object Repository/RAD_Pages/Taxpayer_Page": null

2023-07-11 12:48:26 - [TEST_STEP][PASSED] - orPath_AddressContact = "Object Repository/RAD_Pages/AddressAndContactInfo_Page": null

2023-07-11 12:48:26 - [TEST_STEP][PASSED] - orPath_FilingStatus = "Object Repository/RAD_Pages/FilingStatus_Page": null

2023-07-11 12:48:26 - [TEST_STEP][PASSED] - orPath_Amount = "Object Repository/RAD_Pages/PaymentAmount_Page": null

2023-07-11 12:48:26 - [TEST_STEP][PASSED] - selectOptionByLabel(findTestObject(orPath_Landing + "/dd_TaxType"), "Personal Income Tax", false): All options with label 'Personal Income Tax' are selected in object 'Object Repository/RAD_Pages/Landing_Page/dd_TaxType' 

2023-07-11 12:48:26 - [MESSAGE][PASSED] - All options with label 'Personal Income Tax' are selected in object 'Object Repository/RAD_Pages/Landing_Page/dd_TaxType' 

2023-07-11 12:48:26 - [TEST_STEP][PASSED] - verifyElementPresent(findTestObject(orPath_TaxTypeFilingYear + "/select_FilingYear"), 30): Object 'Object Repository/RAD_Pages/TaxTypeFilingYear_Page/select_FilingYear' is present

2023-07-11 12:48:27 - [MESSAGE][PASSED] - Object 'Object Repository/RAD_Pages/TaxTypeFilingYear_Page/select_FilingYear' is present

2023-07-11 12:48:27 - [TEST_STEP][PASSED] - totalOptionsFilingYear = getNumberOfTotalOption(findTestObject(orPath_TaxTypeFilingYear + "/select_FilingYear")): 4 options of object 'Object Repository/RAD_Pages/TaxTypeFilingYear_Page/select_FilingYear' counted

2023-07-11 12:48:27 - [MESSAGE][PASSED] - 4 options of object 'Object Repository/RAD_Pages/TaxTypeFilingYear_Page/select_FilingYear' counted

2023-07-11 12:48:27 - [TEST_STEP][PASSED] - verifyEqual(totalOptionsFilingYear, 4): Actual object '4' and expected object '4' are equal

2023-07-11 12:48:27 - [MESSAGE][PASSED] - Actual object '4' and expected object '4' are equal

2023-07-11 12:48:27 - [TEST_STEP][PASSED] - verifyOptionsPresent(findTestObject(orPath_TaxTypeFilingYear + "/select_FilingYear"), ["2020", "2021", "2022"]): Options [2020, 2021, 2022] present.

2023-07-11 12:48:28 - [MESSAGE][PASSED] - Options [2020, 2021, 2022] present.

2023-07-11 12:48:28 - [TEST_STEP][PASSED] - verifyTextPresent("Tax Type/Filing Year", true): Text 'Tax Type/Filing Year' is present on page  using regular expression

2023-07-11 12:48:28 - [MESSAGE][PASSED] - Text 'Tax Type/Filing Year' is present on page  using regular expression

2023-07-11 12:48:28 - [TEST_STEP][PASSED] - verifyTextPresent("Taxpayer", true): Text 'Taxpayer' is present on page  using regular expression

2023-07-11 12:48:29 - [MESSAGE][PASSED] - Text 'Taxpayer' is present on page  using regular expression

2023-07-11 12:48:29 - [TEST_STEP][PASSED] - verifyTextPresent("Provide the following taxpayer information", true): Text 'Provide the following taxpayer information' is present on page  using regular expression

2023-07-11 12:48:29 - [MESSAGE][PASSED] - Text 'Provide the following taxpayer information' is present on page  using regular expression

2023-07-11 12:48:29 - [TEST_STEP][PASSED] - verifyTextPresent("Note: If you are paying on behalf of the Taxpayer, enter Taxpayer", true): Text 'Note: If you are paying on behalf of the Taxpayer, enter Taxpayer' is present on page  using regular expression

2023-07-11 12:48:30 - [MESSAGE][PASSED] - Text 'Note: If you are paying on behalf of the Taxpayer, enter Taxpayer' is present on page  using regular expression

2023-07-11 12:48:30 - [TEST_STEP][PASSED] - verifyTextPresent("information here. If you are making a payment for the Taxpayer, you will be required later to enter your own credit card, billing address and other pertinent information", true): Text 'information here. If you are making a payment for the Taxpayer, you will be required later to enter your own credit card, billing address and other pertinent information' is present on page  using regular expression

2023-07-11 12:48:30 - [MESSAGE][PASSED] - Text 'information here. If you are making a payment for the Taxpayer, you will be required later to enter your own credit card, billing address and other pertinent information' is present on page  using regular expression

2023-07-11 12:48:30 - [TEST_STEP][PASSED] - verifyTextPresent("Address and Contact Information", true): Text 'Address and Contact Information' is present on page  using regular expression

2023-07-11 12:48:30 - [MESSAGE][PASSED] - Text 'Address and Contact Information' is present on page  using regular expression

2023-07-11 12:48:30 - [TEST_STEP][PASSED] - verifyTextPresent("Enter the taxpayer", true): Text 'Enter the taxpayer' is present on page  using regular expression

2023-07-11 12:48:31 - [MESSAGE][PASSED] - Text 'Enter the taxpayer' is present on page  using regular expression

2023-07-11 12:48:31 - [TEST_STEP][PASSED] - verifyTextPresent("address and contact information", true): Text 'address and contact information' is present on page  using regular expression

2023-07-11 12:48:31 - [MESSAGE][PASSED] - Text 'address and contact information' is present on page  using regular expression

2023-07-11 12:48:31 - [TEST_STEP][PASSED] - verifyTextPresent("Filing Status", true): Text 'Filing Status' is present on page  using regular expression

2023-07-11 12:48:31 - [MESSAGE][PASSED] - Text 'Filing Status' is present on page  using regular expression

2023-07-11 12:48:31 - [TEST_STEP][PASSED] - verifyTextPresent("Is this an Individual or Joint Filing?", true): Text 'Is this an Individual or Joint Filing?' is present on page  using regular expression

2023-07-11 12:48:32 - [MESSAGE][PASSED] - Text 'Is this an Individual or Joint Filing?' is present on page  using regular expression

2023-07-11 12:48:32 - [TEST_STEP][PASSED] - verifyTextPresent("Filing type", true): Text 'Filing type' is present on page  using regular expression

2023-07-11 12:48:32 - [MESSAGE][PASSED] - Text 'Filing type' is present on page  using regular expression

2023-07-11 12:48:32 - [TEST_STEP][PASSED] - verifyTextPresent("Individual Filing", true): Text 'Individual Filing' is present on page  using regular expression

2023-07-11 12:48:32 - [MESSAGE][PASSED] - Text 'Individual Filing' is present on page  using regular expression

2023-07-11 12:48:32 - [TEST_STEP][PASSED] - verifyTextPresent("Joint Filing", true): Text 'Joint Filing' is present on page  using regular expression

2023-07-11 12:48:33 - [MESSAGE][PASSED] - Text 'Joint Filing' is present on page  using regular expression

2023-07-11 12:48:33 - [TEST_STEP][PASSED] - verifyTextPresent("Payment Amount", true): Text 'Payment Amount' is present on page  using regular expression

2023-07-11 12:48:33 - [MESSAGE][PASSED] - Text 'Payment Amount' is present on page  using regular expression

2023-07-11 12:48:33 - [TEST_STEP][PASSED] - verifyTextPresent("Service Fee: This electronic government service includes a service/convenience fee. Click here for details", true): Text 'Service Fee: This electronic government service includes a service/convenience fee. Click here for details' is present on page  using regular expression

2023-07-11 12:48:34 - [MESSAGE][PASSED] - Text 'Service Fee: This electronic government service includes a service/convenience fee. Click here for details' is present on page  using regular expression

2023-07-11 12:48:34 - [TEST_STEP][PASSED] - verifyElementPresent(findTestObject(orPath_Amount + "/a_Click here for details"), 30): Object 'Object Repository/RAD_Pages/PaymentAmount_Page/a_Click here for details' is present

2023-07-11 12:48:34 - [MESSAGE][PASSED] - Object 'Object Repository/RAD_Pages/PaymentAmount_Page/a_Click here for details' is present

2023-07-11 12:48:34 - [TEST_STEP][PASSED] - verifyElementPresent(findTestObject(orPath_Landing + "/button_Continue"), 30): Object 'Object Repository/RAD_Pages/Landing_Page/button_Continue' is present

2023-07-11 12:48:34 - [MESSAGE][PASSED] - Object 'Object Repository/RAD_Pages/Landing_Page/button_Continue' is present

2023-07-11 12:48:34 - [TEST_STEP][PASSED] - verifyElementPresent(findTestObject(orPath_TaxPayer + "/input_firstName"), 30): Object 'Object Repository/RAD_Pages/Taxpayer_Page/input_firstName' is present

2023-07-11 12:48:34 - [MESSAGE][PASSED] - Object 'Object Repository/RAD_Pages/Taxpayer_Page/input_firstName' is present

2023-07-11 12:48:34 - [TEST_STEP][PASSED] - verifyElementPresent(findTestObject(orPath_TaxPayer + "/input_middleName"), 30): Object 'Object Repository/RAD_Pages/Taxpayer_Page/input_middleName' is present

2023-07-11 12:48:35 - [MESSAGE][PASSED] - Object 'Object Repository/RAD_Pages/Taxpayer_Page/input_middleName' is present

2023-07-11 12:48:35 - [TEST_STEP][PASSED] - verifyElementPresent(findTestObject(orPath_TaxPayer + "/input_lastName"), 30): Object 'Object Repository/RAD_Pages/Taxpayer_Page/input_lastName' is present

2023-07-11 12:48:35 - [MESSAGE][PASSED] - Object 'Object Repository/RAD_Pages/Taxpayer_Page/input_lastName' is present

2023-07-11 12:48:35 - [TEST_STEP][PASSED] - verifyElementPresent(findTestObject(orPath_TaxPayer + "/input_suffix"), 30): Object 'Object Repository/RAD_Pages/Taxpayer_Page/input_suffix' is present

2023-07-11 12:48:35 - [MESSAGE][PASSED] - Object 'Object Repository/RAD_Pages/Taxpayer_Page/input_suffix' is present

2023-07-11 12:48:35 - [TEST_STEP][PASSED] - verifyElementPresent(findTestObject("RAD_RecordAndPlay/input_concatSSN"), 30): Object 'Object Repository/RAD_RecordAndPlay/input_concatSSN' is present

2023-07-11 12:48:36 - [MESSAGE][PASSED] - Object 'Object Repository/RAD_RecordAndPlay/input_concatSSN' is present

2023-07-11 12:48:36 - [TEST_STEP][PASSED] - verifyElementPresent(findTestObject("RAD_RecordAndPlay/input_concatReSSN"), 30): Object 'Object Repository/RAD_RecordAndPlay/input_concatReSSN' is present

2023-07-11 12:48:36 - [MESSAGE][PASSED] - Object 'Object Repository/RAD_RecordAndPlay/input_concatReSSN' is present

2023-07-11 12:48:36 - [TEST_STEP][PASSED] - verifyElementPresent(findTestObject(orPath_AddressContact + "/select_Country"), 30): Object 'Object Repository/RAD_Pages/AddressAndContactInfo_Page/select_Country' is present

2023-07-11 12:48:37 - [MESSAGE][PASSED] - Object 'Object Repository/RAD_Pages/AddressAndContactInfo_Page/select_Country' is present

2023-07-11 12:48:37 - [TEST_STEP][PASSED] - verifyElementPresent(findTestObject(orPath_AddressContact + "/input_streetAddress1"), 30): Object 'Object Repository/RAD_Pages/AddressAndContactInfo_Page/input_streetAddress1' is present

2023-07-11 12:48:37 - [MESSAGE][PASSED] - Object 'Object Repository/RAD_Pages/AddressAndContactInfo_Page/input_streetAddress1' is present

2023-07-11 12:48:37 - [TEST_STEP][PASSED] - verifyElementPresent(findTestObject(orPath_AddressContact + "/input_streetAddress2"), 30): Object 'Object Repository/RAD_Pages/AddressAndContactInfo_Page/input_streetAddress2' is present

2023-07-11 12:48:38 - [MESSAGE][PASSED] - Object 'Object Repository/RAD_Pages/AddressAndContactInfo_Page/input_streetAddress2' is present

2023-07-11 12:48:38 - [TEST_STEP][PASSED] - verifyElementPresent(findTestObject(orPath_AddressContact + "/input_city"), 30): Object 'Object Repository/RAD_Pages/AddressAndContactInfo_Page/input_city' is present

2023-07-11 12:48:38 - [MESSAGE][PASSED] - Object 'Object Repository/RAD_Pages/AddressAndContactInfo_Page/input_city' is present

2023-07-11 12:48:38 - [TEST_STEP][PASSED] - verifyElementPresent(findTestObject(orPath_AddressContact + "/select_State"), 30): Object 'Object Repository/RAD_Pages/AddressAndContactInfo_Page/select_State' is present

2023-07-11 12:48:38 - [MESSAGE][PASSED] - Object 'Object Repository/RAD_Pages/AddressAndContactInfo_Page/select_State' is present

2023-07-11 12:48:38 - [TEST_STEP][PASSED] - verifyElementPresent(findTestObject(orPath_AddressContact + "/input_zipCode"), 30): Object 'Object Repository/RAD_Pages/AddressAndContactInfo_Page/input_zipCode' is present

2023-07-11 12:48:39 - [MESSAGE][PASSED] - Object 'Object Repository/RAD_Pages/AddressAndContactInfo_Page/input_zipCode' is present

2023-07-11 12:48:39 - [TEST_STEP][PASSED] - verifyElementPresent(findTestObject(orPath_AddressContact + "/input_phoneNumber"), 30): Object 'Object Repository/RAD_Pages/AddressAndContactInfo_Page/input_phoneNumber' is present

2023-07-11 12:48:39 - [MESSAGE][PASSED] - Object 'Object Repository/RAD_Pages/AddressAndContactInfo_Page/input_phoneNumber' is present

2023-07-11 12:48:39 - [TEST_STEP][PASSED] - verifyElementPresent(findTestObject(orPath_AddressContact + "/input_eMailAddress"), 30): Object 'Object Repository/RAD_Pages/AddressAndContactInfo_Page/input_eMailAddress' is present

2023-07-11 12:48:39 - [MESSAGE][PASSED] - Object 'Object Repository/RAD_Pages/AddressAndContactInfo_Page/input_eMailAddress' is present

2023-07-11 12:48:39 - [TEST_STEP][PASSED] - verifyElementPresent(findTestObject(orPath_AddressContact + "/input_reEnterEMailAddress"), 30): Object 'Object Repository/RAD_Pages/AddressAndContactInfo_Page/input_reEnterEMailAddress' is present

2023-07-11 12:48:40 - [MESSAGE][PASSED] - Object 'Object Repository/RAD_Pages/AddressAndContactInfo_Page/input_reEnterEMailAddress' is present

2023-07-11 12:48:40 - [TEST_STEP][PASSED] - verifyOptionsPresent(findTestObject(orPath_AddressContact + "/select_Country"), ["United States"]): Options [United States] present.

2023-07-11 12:48:40 - [MESSAGE][PASSED] - Options [United States] present.

2023-07-11 12:48:40 - [TEST_STEP][PASSED] - verifyOptionsPresent(findTestObject(orPath_AddressContact + "/select_State"), ["Alabama", "District of Columbia", "Maryland", "Virginia", "Wyoming"]): Options [Alabama, District of Columbia, Maryland, Virginia, Wyoming] present.

2023-07-11 12:48:41 - [MESSAGE][PASSED] - Options [Alabama, District of Columbia, Maryland, Virginia, Wyoming] present.

2023-07-11 12:48:41 - [TEST_STEP][PASSED] - totalOptionsState = getNumberOfTotalOption(findTestObject(orPath_AddressContact + "/select_State")): 52 options of object 'Object Repository/RAD_Pages/AddressAndContactInfo_Page/select_State' counted

2023-07-11 12:48:42 - [MESSAGE][PASSED] - 52 options of object 'Object Repository/RAD_Pages/AddressAndContactInfo_Page/select_State' counted

2023-07-11 12:48:42 - [TEST_STEP][PASSED] - verifyEqual(totalOptionsState, 52): Actual object '52' and expected object '52' are equal

2023-07-11 12:48:42 - [MESSAGE][PASSED] - Actual object '52' and expected object '52' are equal

2023-07-11 12:48:42 - [TEST_STEP][PASSED] - verifyElementPresent(findTestObject(orPath_FilingStatus + "/input_userType_Individual"), 30): Object 'Object Repository/RAD_Pages/FilingStatus_Page/input_userType_Individual' is present

2023-07-11 12:48:42 - [MESSAGE][PASSED] - Object 'Object Repository/RAD_Pages/FilingStatus_Page/input_userType_Individual' is present

2023-07-11 12:48:42 - [TEST_STEP][PASSED] - verifyElementPresent(findTestObject(orPath_FilingStatus + "/input_userType_Joint"), 30): Object 'Object Repository/RAD_Pages/FilingStatus_Page/input_userType_Joint' is present

2023-07-11 12:48:43 - [MESSAGE][PASSED] - Object 'Object Repository/RAD_Pages/FilingStatus_Page/input_userType_Joint' is present

2023-07-11 12:48:43 - [TEST_STEP][PASSED] - verifyElementPresent(findTestObject(orPath_Amount + "/input__paymentAmount"), 30): Object 'Object Repository/RAD_Pages/PaymentAmount_Page/input__paymentAmount' is present

2023-07-11 12:48:43 - [MESSAGE][PASSED] - Object 'Object Repository/RAD_Pages/PaymentAmount_Page/input__paymentAmount' is present

2023-07-11 12:48:43 - [TEST_STEP][PASSED] - delay(10): Delayed 10 second(s)

2023-07-11 12:48:53 - [MESSAGE][PASSED] - Delayed 10 second(s)

2023-07-11 12:48:53 - [TEST_STEP][PASSED] - scrollToElement(findTestObject(orPath_Amount + "/input__paymentAmount"), 3): Scroll to object 'Object Repository/RAD_Pages/PaymentAmount_Page/input__paymentAmount' successfully

2023-07-11 12:48:53 - [MESSAGE][PASSED] - Scroll to object 'Object Repository/RAD_Pages/PaymentAmount_Page/input__paymentAmount' successfully

2023-07-11 12:48:53 - [TEST_STEP][PASSED] - waitForElementClickable(findTestObject(orPath_FilingStatus + "/input_userType_Joint"), 5): Object 'Object Repository/RAD_Pages/FilingStatus_Page/input_userType_Joint' is clickable

2023-07-11 12:48:54 - [MESSAGE][PASSED] - Object 'Object Repository/RAD_Pages/FilingStatus_Page/input_userType_Joint' is clickable

2023-07-11 12:48:54 - [TEST_STEP][PASSED] - click(findTestObject(orPath_FilingStatus + "/input_userType_Joint")): Object: 'Object Repository/RAD_Pages/FilingStatus_Page/input_userType_Joint' is clicked on

2023-07-11 12:48:54 - [MESSAGE][PASSED] - Object: 'Object Repository/RAD_Pages/FilingStatus_Page/input_userType_Joint' is clicked on

2023-07-11 12:48:54 - [TEST_STEP][PASSED] - verifyTextPresent("Provide the following information for the joint filer", true): Text 'Provide the following information for the joint filer' is present on page  using regular expression

2023-07-11 12:48:54 - [MESSAGE][PASSED] - Text 'Provide the following information for the joint filer' is present on page  using regular expression

2023-07-11 12:48:54 - [TEST_STEP][PASSED] - verifyElementPresent(findTestObject(orPath_FilingStatus + "/input_jointFirstName"), 30): Object 'Object Repository/RAD_Pages/FilingStatus_Page/input_jointFirstName' is present

2023-07-11 12:48:55 - [MESSAGE][PASSED] - Object 'Object Repository/RAD_Pages/FilingStatus_Page/input_jointFirstName' is present

2023-07-11 12:48:55 - [TEST_STEP][PASSED] - verifyElementPresent(findTestObject(orPath_FilingStatus + "/input_jointMiddleName"), 30): Object 'Object Repository/RAD_Pages/FilingStatus_Page/input_jointMiddleName' is present

2023-07-11 12:48:55 - [MESSAGE][PASSED] - Object 'Object Repository/RAD_Pages/FilingStatus_Page/input_jointMiddleName' is present

2023-07-11 12:48:55 - [TEST_STEP][PASSED] - verifyElementPresent(findTestObject(orPath_FilingStatus + "/input_jointLastName"), 30): Object 'Object Repository/RAD_Pages/FilingStatus_Page/input_jointLastName' is present

2023-07-11 12:48:55 - [MESSAGE][PASSED] - Object 'Object Repository/RAD_Pages/FilingStatus_Page/input_jointLastName' is present

2023-07-11 12:48:55 - [TEST_STEP][PASSED] - verifyElementPresent(findTestObject(orPath_FilingStatus + "/input_jointSuffix"), 30): Object 'Object Repository/RAD_Pages/FilingStatus_Page/input_jointSuffix' is present

2023-07-11 12:48:56 - [MESSAGE][PASSED] - Object 'Object Repository/RAD_Pages/FilingStatus_Page/input_jointSuffix' is present

2023-07-11 12:48:56 - [TEST_STEP][PASSED] - verifyElementPresent(findTestObject("Object Repository/RAD_RecordAndPlay/input_JointFilerSSN"), 30): Object 'Object Repository/RAD_RecordAndPlay/input_JointFilerSSN' is present

2023-07-11 12:48:56 - [MESSAGE][PASSED] - Object 'Object Repository/RAD_RecordAndPlay/input_JointFilerSSN' is present

2023-07-11 12:48:56 - [TEST_STEP][PASSED] - verifyElementPresent(findTestObject("Object Repository/RAD_RecordAndPlay/input_reTypeJointFilerSSN"), 30): Object 'Object Repository/RAD_RecordAndPlay/input_reTypeJointFilerSSN' is present

2023-07-11 12:48:57 - [MESSAGE][PASSED] - Object 'Object Repository/RAD_RecordAndPlay/input_reTypeJointFilerSSN' is present]]></system-out>
         <system-err><![CDATA[]]></system-err>
      </testcase>
      <testcase name="Test Cases/RAD_TestCases/UI_TestCases/ExtensionPayments_UI_TC" time="39.417" classname="Test Cases/RAD_TestCases/UI_TestCases/ExtensionPayments_UI_TC" status="PASSED">
         <system-out><![CDATA[2023-07-11 12:48:57 - [TEST_CASE][PASSED] - Test Cases/RAD_TestCases/UI_TestCases/ExtensionPayments_UI_TC: Test Cases/RAD_TestCases/UI_TestCases/ExtensionPayments_UI_TC

2023-07-11 12:48:57 - [TEST_STEP][PASSED] - openBrowser(""): Browser is opened with url: ''

2023-07-11 12:48:57 - [MESSAGE][WARNING] - A browser is already opened. Closing browser and opening a new one

2023-07-11 12:48:58 - [MESSAGE][INFO] - Starting 'Chrome' driver

2023-07-11 12:48:58 - [MESSAGE][INFO] - User set preference: ['acceptInsecureCerts', 'true']

2023-07-11 12:48:58 - [MESSAGE][INFO] - Action delay is set to 0 milliseconds

2023-07-11 12:49:00 - [MESSAGE][PASSED] - Browser is opened with url: ''

2023-07-11 12:49:00 - [TEST_STEP][PASSED] - maximizeWindow(): Current window maximized

2023-07-11 12:49:00 - [MESSAGE][PASSED] - Current window maximized

2023-07-11 12:49:00 - [TEST_STEP][PASSED] - navigateToUrl(RADurl): Navigate to 'https://demo.velocitypayment.com/client/rad/index.html' successfully

2023-07-11 12:49:01 - [MESSAGE][PASSED] - Navigate to 'https://demo.velocitypayment.com/client/rad/index.html' successfully

2023-07-11 12:49:01 - [TEST_STEP][PASSED] - orPath_Landing = "Object Repository/RAD_Pages/Landing_Page": null

2023-07-11 12:49:01 - [TEST_STEP][PASSED] - orPath_TaxTypeFilingYear = "Object Repository/RAD_Pages/TaxTypeFilingYear_Page": null

2023-07-11 12:49:01 - [TEST_STEP][PASSED] - orPath_TaxPayer = "Object Repository/RAD_Pages/Taxpayer_Page": null

2023-07-11 12:49:01 - [TEST_STEP][PASSED] - orPath_AddressContact = "Object Repository/RAD_Pages/AddressAndContactInfo_Page": null

2023-07-11 12:49:01 - [TEST_STEP][PASSED] - orPath_FilingStatus = "Object Repository/RAD_Pages/FilingStatus_Page": null

2023-07-11 12:49:01 - [TEST_STEP][PASSED] - orPath_Amount = "Object Repository/RAD_Pages/PaymentAmount_Page": null

2023-07-11 12:49:01 - [TEST_STEP][PASSED] - orPath_TaxInfo = "Object Repository/RAD_Pages/TaxInfo_Page": null

2023-07-11 12:49:01 - [TEST_STEP][PASSED] - selectOptionByLabel(findTestObject(orPath_Landing + "/dd_TaxType"), "Extension Payments", false): All options with label 'Extension Payments' are selected in object 'Object Repository/RAD_Pages/Landing_Page/dd_TaxType' 

2023-07-11 12:49:02 - [MESSAGE][PASSED] - All options with label 'Extension Payments' are selected in object 'Object Repository/RAD_Pages/Landing_Page/dd_TaxType' 

2023-07-11 12:49:02 - [TEST_STEP][PASSED] - verifyElementPresent(findTestObject(orPath_TaxTypeFilingYear + "/select_PaymentType"), 30): Object 'Object Repository/RAD_Pages/TaxTypeFilingYear_Page/select_PaymentType' is present

2023-07-11 12:49:02 - [MESSAGE][PASSED] - Object 'Object Repository/RAD_Pages/TaxTypeFilingYear_Page/select_PaymentType' is present

2023-07-11 12:49:02 - [TEST_STEP][PASSED] - totalOptionsPaymentType = getNumberOfTotalOption(findTestObject(orPath_TaxTypeFilingYear + "/select_PaymentType")): 3 options of object 'Object Repository/RAD_Pages/TaxTypeFilingYear_Page/select_PaymentType' counted

2023-07-11 12:49:03 - [MESSAGE][PASSED] - 3 options of object 'Object Repository/RAD_Pages/TaxTypeFilingYear_Page/select_PaymentType' counted

2023-07-11 12:49:03 - [TEST_STEP][PASSED] - verifyEqual(totalOptionsPaymentType, 3): Actual object '3' and expected object '3' are equal

2023-07-11 12:49:03 - [MESSAGE][PASSED] - Actual object '3' and expected object '3' are equal

2023-07-11 12:49:03 - [TEST_STEP][PASSED] - verifyOptionsPresent(findTestObject(orPath_TaxTypeFilingYear + "/select_PaymentType"), ["Personal", "Corporate"]): Options [Personal, Corporate] present.

2023-07-11 12:49:04 - [MESSAGE][PASSED] - Options [Personal, Corporate] present.

2023-07-11 12:49:04 - [TEST_STEP][PASSED] - verifyElementPresent(findTestObject(orPath_TaxTypeFilingYear + "/select_FilingYear"), 30): Object 'Object Repository/RAD_Pages/TaxTypeFilingYear_Page/select_FilingYear' is present

2023-07-11 12:49:04 - [MESSAGE][PASSED] - Object 'Object Repository/RAD_Pages/TaxTypeFilingYear_Page/select_FilingYear' is present

2023-07-11 12:49:04 - [TEST_STEP][PASSED] - totalOptionsFilingYear = getNumberOfTotalOption(findTestObject(orPath_TaxTypeFilingYear + "/select_FilingYear")): 1 options of object 'Object Repository/RAD_Pages/TaxTypeFilingYear_Page/select_FilingYear' counted

2023-07-11 12:49:04 - [MESSAGE][PASSED] - 1 options of object 'Object Repository/RAD_Pages/TaxTypeFilingYear_Page/select_FilingYear' counted

2023-07-11 12:49:04 - [TEST_STEP][PASSED] - verifyEqual(totalOptionsFilingYear, 1): Actual object '1' and expected object '1' are equal

2023-07-11 12:49:04 - [MESSAGE][PASSED] - Actual object '1' and expected object '1' are equal

2023-07-11 12:49:04 - [TEST_STEP][PASSED] - verifyOptionsPresent(findTestObject(orPath_TaxTypeFilingYear + "/select_FilingYear"), ["2022"]): Options [2022] present.

2023-07-11 12:49:05 - [MESSAGE][PASSED] - Options [2022] present.

2023-07-11 12:49:05 - [TEST_STEP][PASSED] - verifyTextPresent("Tax Type/Filing Year", true): Text 'Tax Type/Filing Year' is present on page  using regular expression

2023-07-11 12:49:05 - [MESSAGE][PASSED] - Text 'Tax Type/Filing Year' is present on page  using regular expression

2023-07-11 12:49:05 - [TEST_STEP][PASSED] - verifyTextPresent("Taxpayer", true): Text 'Taxpayer' is present on page  using regular expression

2023-07-11 12:49:06 - [MESSAGE][PASSED] - Text 'Taxpayer' is present on page  using regular expression

2023-07-11 12:49:06 - [TEST_STEP][PASSED] - verifyTextPresent("Provide the following taxpayer information", true): Text 'Provide the following taxpayer information' is present on page  using regular expression

2023-07-11 12:49:06 - [MESSAGE][PASSED] - Text 'Provide the following taxpayer information' is present on page  using regular expression

2023-07-11 12:49:06 - [TEST_STEP][PASSED] - verifyTextPresent("Note: If you are paying on behalf of the Taxpayer, enter Taxpayer", true): Text 'Note: If you are paying on behalf of the Taxpayer, enter Taxpayer' is present on page  using regular expression

2023-07-11 12:49:06 - [MESSAGE][PASSED] - Text 'Note: If you are paying on behalf of the Taxpayer, enter Taxpayer' is present on page  using regular expression

2023-07-11 12:49:06 - [TEST_STEP][PASSED] - verifyTextPresent("information here. If you are making a payment for the Taxpayer, you will be required later to enter your own credit card, billing address and other pertinent information", true): Text 'information here. If you are making a payment for the Taxpayer, you will be required later to enter your own credit card, billing address and other pertinent information' is present on page  using regular expression

2023-07-11 12:49:07 - [MESSAGE][PASSED] - Text 'information here. If you are making a payment for the Taxpayer, you will be required later to enter your own credit card, billing address and other pertinent information' is present on page  using regular expression

2023-07-11 12:49:07 - [TEST_STEP][PASSED] - verifyTextPresent("Address and Contact Information", true): Text 'Address and Contact Information' is present on page  using regular expression

2023-07-11 12:49:07 - [MESSAGE][PASSED] - Text 'Address and Contact Information' is present on page  using regular expression

2023-07-11 12:49:07 - [TEST_STEP][PASSED] - verifyTextPresent("Enter the taxpayer", true): Text 'Enter the taxpayer' is present on page  using regular expression

2023-07-11 12:49:08 - [MESSAGE][PASSED] - Text 'Enter the taxpayer' is present on page  using regular expression

2023-07-11 12:49:08 - [TEST_STEP][PASSED] - verifyTextPresent("address and contact information", true): Text 'address and contact information' is present on page  using regular expression

2023-07-11 12:49:08 - [MESSAGE][PASSED] - Text 'address and contact information' is present on page  using regular expression

2023-07-11 12:49:08 - [TEST_STEP][PASSED] - verifyTextPresent("Filing Status", true): Text 'Filing Status' is present on page  using regular expression

2023-07-11 12:49:08 - [MESSAGE][PASSED] - Text 'Filing Status' is present on page  using regular expression

2023-07-11 12:49:08 - [TEST_STEP][PASSED] - verifyTextPresent("Is this an Individual or Joint Filing?", true): Text 'Is this an Individual or Joint Filing?' is present on page  using regular expression

2023-07-11 12:49:09 - [MESSAGE][PASSED] - Text 'Is this an Individual or Joint Filing?' is present on page  using regular expression

2023-07-11 12:49:09 - [TEST_STEP][PASSED] - verifyTextPresent("Filing type", true): Text 'Filing type' is present on page  using regular expression

2023-07-11 12:49:09 - [MESSAGE][PASSED] - Text 'Filing type' is present on page  using regular expression

2023-07-11 12:49:09 - [TEST_STEP][PASSED] - verifyTextPresent("Individual Filing", true): Text 'Individual Filing' is present on page  using regular expression

2023-07-11 12:49:09 - [MESSAGE][PASSED] - Text 'Individual Filing' is present on page  using regular expression

2023-07-11 12:49:09 - [TEST_STEP][PASSED] - verifyTextPresent("Joint Filing", true): Text 'Joint Filing' is present on page  using regular expression

2023-07-11 12:49:10 - [MESSAGE][PASSED] - Text 'Joint Filing' is present on page  using regular expression

2023-07-11 12:49:10 - [TEST_STEP][PASSED] - verifyTextPresent("Payment Amount", true): Text 'Payment Amount' is present on page  using regular expression

2023-07-11 12:49:10 - [MESSAGE][PASSED] - Text 'Payment Amount' is present on page  using regular expression

2023-07-11 12:49:10 - [TEST_STEP][PASSED] - verifyTextPresent("Service Fee: This electronic government service includes a service/convenience fee. Click here for details", true): Text 'Service Fee: This electronic government service includes a service/convenience fee. Click here for details' is present on page  using regular expression

2023-07-11 12:49:10 - [MESSAGE][PASSED] - Text 'Service Fee: This electronic government service includes a service/convenience fee. Click here for details' is present on page  using regular expression

2023-07-11 12:49:10 - [TEST_STEP][PASSED] - verifyElementPresent(findTestObject(orPath_Amount + "/a_Click here for details"), 30): Object 'Object Repository/RAD_Pages/PaymentAmount_Page/a_Click here for details' is present

2023-07-11 12:49:11 - [MESSAGE][PASSED] - Object 'Object Repository/RAD_Pages/PaymentAmount_Page/a_Click here for details' is present

2023-07-11 12:49:11 - [TEST_STEP][PASSED] - verifyElementPresent(findTestObject(orPath_Landing + "/button_Continue"), 30): Object 'Object Repository/RAD_Pages/Landing_Page/button_Continue' is present

2023-07-11 12:49:11 - [MESSAGE][PASSED] - Object 'Object Repository/RAD_Pages/Landing_Page/button_Continue' is present

2023-07-11 12:49:11 - [TEST_STEP][PASSED] - verifyElementPresent(findTestObject(orPath_TaxPayer + "/input_firstName"), 30): Object 'Object Repository/RAD_Pages/Taxpayer_Page/input_firstName' is present

2023-07-11 12:49:11 - [MESSAGE][PASSED] - Object 'Object Repository/RAD_Pages/Taxpayer_Page/input_firstName' is present

2023-07-11 12:49:11 - [TEST_STEP][PASSED] - verifyElementPresent(findTestObject(orPath_TaxPayer + "/input_middleName"), 30): Object 'Object Repository/RAD_Pages/Taxpayer_Page/input_middleName' is present

2023-07-11 12:49:12 - [MESSAGE][PASSED] - Object 'Object Repository/RAD_Pages/Taxpayer_Page/input_middleName' is present

2023-07-11 12:49:12 - [TEST_STEP][PASSED] - verifyElementPresent(findTestObject(orPath_TaxPayer + "/input_lastName"), 30): Object 'Object Repository/RAD_Pages/Taxpayer_Page/input_lastName' is present

2023-07-11 12:49:12 - [MESSAGE][PASSED] - Object 'Object Repository/RAD_Pages/Taxpayer_Page/input_lastName' is present

2023-07-11 12:49:12 - [TEST_STEP][PASSED] - verifyElementPresent(findTestObject(orPath_TaxPayer + "/input_suffix"), 30): Object 'Object Repository/RAD_Pages/Taxpayer_Page/input_suffix' is present

2023-07-11 12:49:12 - [MESSAGE][PASSED] - Object 'Object Repository/RAD_Pages/Taxpayer_Page/input_suffix' is present

2023-07-11 12:49:12 - [TEST_STEP][PASSED] - verifyElementPresent(findTestObject("RAD_RecordAndPlay/input_concatSSN"), 30): Object 'Object Repository/RAD_RecordAndPlay/input_concatSSN' is present

2023-07-11 12:49:13 - [MESSAGE][PASSED] - Object 'Object Repository/RAD_RecordAndPlay/input_concatSSN' is present

2023-07-11 12:49:13 - [TEST_STEP][PASSED] - verifyElementPresent(findTestObject("RAD_RecordAndPlay/input_concatReSSN"), 30): Object 'Object Repository/RAD_RecordAndPlay/input_concatReSSN' is present

2023-07-11 12:49:13 - [MESSAGE][PASSED] - Object 'Object Repository/RAD_RecordAndPlay/input_concatReSSN' is present

2023-07-11 12:49:13 - [TEST_STEP][PASSED] - verifyElementPresent(findTestObject(orPath_AddressContact + "/select_Country"), 30): Object 'Object Repository/RAD_Pages/AddressAndContactInfo_Page/select_Country' is present

2023-07-11 12:49:14 - [MESSAGE][PASSED] - Object 'Object Repository/RAD_Pages/AddressAndContactInfo_Page/select_Country' is present

2023-07-11 12:49:14 - [TEST_STEP][PASSED] - verifyElementPresent(findTestObject(orPath_AddressContact + "/input_streetAddress1"), 30): Object 'Object Repository/RAD_Pages/AddressAndContactInfo_Page/input_streetAddress1' is present

2023-07-11 12:49:14 - [MESSAGE][PASSED] - Object 'Object Repository/RAD_Pages/AddressAndContactInfo_Page/input_streetAddress1' is present

2023-07-11 12:49:14 - [TEST_STEP][PASSED] - verifyElementPresent(findTestObject(orPath_AddressContact + "/input_streetAddress2"), 30): Object 'Object Repository/RAD_Pages/AddressAndContactInfo_Page/input_streetAddress2' is present

2023-07-11 12:49:14 - [MESSAGE][PASSED] - Object 'Object Repository/RAD_Pages/AddressAndContactInfo_Page/input_streetAddress2' is present

2023-07-11 12:49:14 - [TEST_STEP][PASSED] - verifyElementPresent(findTestObject(orPath_AddressContact + "/input_city"), 30): Object 'Object Repository/RAD_Pages/AddressAndContactInfo_Page/input_city' is present

2023-07-11 12:49:15 - [MESSAGE][PASSED] - Object 'Object Repository/RAD_Pages/AddressAndContactInfo_Page/input_city' is present

2023-07-11 12:49:15 - [TEST_STEP][PASSED] - verifyElementPresent(findTestObject(orPath_AddressContact + "/select_State"), 30): Object 'Object Repository/RAD_Pages/AddressAndContactInfo_Page/select_State' is present

2023-07-11 12:49:15 - [MESSAGE][PASSED] - Object 'Object Repository/RAD_Pages/AddressAndContactInfo_Page/select_State' is present

2023-07-11 12:49:15 - [TEST_STEP][PASSED] - verifyElementPresent(findTestObject(orPath_AddressContact + "/input_zipCode"), 30): Object 'Object Repository/RAD_Pages/AddressAndContactInfo_Page/input_zipCode' is present

2023-07-11 12:49:16 - [MESSAGE][PASSED] - Object 'Object Repository/RAD_Pages/AddressAndContactInfo_Page/input_zipCode' is present

2023-07-11 12:49:16 - [TEST_STEP][PASSED] - verifyElementPresent(findTestObject(orPath_AddressContact + "/input_phoneNumber"), 30): Object 'Object Repository/RAD_Pages/AddressAndContactInfo_Page/input_phoneNumber' is present

2023-07-11 12:49:16 - [MESSAGE][PASSED] - Object 'Object Repository/RAD_Pages/AddressAndContactInfo_Page/input_phoneNumber' is present

2023-07-11 12:49:16 - [TEST_STEP][PASSED] - verifyElementPresent(findTestObject(orPath_AddressContact + "/input_eMailAddress"), 30): Object 'Object Repository/RAD_Pages/AddressAndContactInfo_Page/input_eMailAddress' is present

2023-07-11 12:49:16 - [MESSAGE][PASSED] - Object 'Object Repository/RAD_Pages/AddressAndContactInfo_Page/input_eMailAddress' is present

2023-07-11 12:49:16 - [TEST_STEP][PASSED] - verifyElementPresent(findTestObject(orPath_AddressContact + "/input_reEnterEMailAddress"), 30): Object 'Object Repository/RAD_Pages/AddressAndContactInfo_Page/input_reEnterEMailAddress' is present

2023-07-11 12:49:17 - [MESSAGE][PASSED] - Object 'Object Repository/RAD_Pages/AddressAndContactInfo_Page/input_reEnterEMailAddress' is present

2023-07-11 12:49:17 - [TEST_STEP][PASSED] - verifyOptionsPresent(findTestObject(orPath_AddressContact + "/select_Country"), ["United States"]): Options [United States] present.

2023-07-11 12:49:17 - [MESSAGE][PASSED] - Options [United States] present.

2023-07-11 12:49:17 - [TEST_STEP][PASSED] - verifyOptionsPresent(findTestObject(orPath_AddressContact + "/select_State"), ["Alabama", "District of Columbia", "Maryland", "Virginia", "Wyoming"]): Options [Alabama, District of Columbia, Maryland, Virginia, Wyoming] present.

2023-07-11 12:49:18 - [MESSAGE][PASSED] - Options [Alabama, District of Columbia, Maryland, Virginia, Wyoming] present.

2023-07-11 12:49:18 - [TEST_STEP][PASSED] - totalOptionsState = getNumberOfTotalOption(findTestObject(orPath_AddressContact + "/select_State")): 52 options of object 'Object Repository/RAD_Pages/AddressAndContactInfo_Page/select_State' counted

2023-07-11 12:49:19 - [MESSAGE][PASSED] - 52 options of object 'Object Repository/RAD_Pages/AddressAndContactInfo_Page/select_State' counted

2023-07-11 12:49:19 - [TEST_STEP][PASSED] - verifyEqual(totalOptionsState, 52): Actual object '52' and expected object '52' are equal

2023-07-11 12:49:19 - [MESSAGE][PASSED] - Actual object '52' and expected object '52' are equal

2023-07-11 12:49:19 - [TEST_STEP][PASSED] - verifyElementPresent(findTestObject(orPath_FilingStatus + "/input_userType_Individual"), 30): Object 'Object Repository/RAD_Pages/FilingStatus_Page/input_userType_Individual' is present

2023-07-11 12:49:19 - [MESSAGE][PASSED] - Object 'Object Repository/RAD_Pages/FilingStatus_Page/input_userType_Individual' is present

2023-07-11 12:49:19 - [TEST_STEP][PASSED] - verifyElementPresent(findTestObject(orPath_FilingStatus + "/input_userType_Joint"), 30): Object 'Object Repository/RAD_Pages/FilingStatus_Page/input_userType_Joint' is present

2023-07-11 12:49:20 - [MESSAGE][PASSED] - Object 'Object Repository/RAD_Pages/FilingStatus_Page/input_userType_Joint' is present

2023-07-11 12:49:20 - [TEST_STEP][PASSED] - verifyElementPresent(findTestObject(orPath_Amount + "/input__paymentAmount"), 30): Object 'Object Repository/RAD_Pages/PaymentAmount_Page/input__paymentAmount' is present

2023-07-11 12:49:20 - [MESSAGE][PASSED] - Object 'Object Repository/RAD_Pages/PaymentAmount_Page/input__paymentAmount' is present

2023-07-11 12:49:20 - [TEST_STEP][PASSED] - scrollToElement(findTestObject(orPath_Amount + "/input__paymentAmount"), 3): Scroll to object 'Object Repository/RAD_Pages/PaymentAmount_Page/input__paymentAmount' successfully

2023-07-11 12:49:20 - [MESSAGE][PASSED] - Scroll to object 'Object Repository/RAD_Pages/PaymentAmount_Page/input__paymentAmount' successfully

2023-07-11 12:49:20 - [TEST_STEP][PASSED] - waitForElementClickable(findTestObject(orPath_FilingStatus + "/input_userType_Joint"), 5): Object 'Object Repository/RAD_Pages/FilingStatus_Page/input_userType_Joint' is clickable

2023-07-11 12:49:21 - [MESSAGE][PASSED] - Object 'Object Repository/RAD_Pages/FilingStatus_Page/input_userType_Joint' is clickable

2023-07-11 12:49:21 - [TEST_STEP][PASSED] - click(findTestObject(orPath_FilingStatus + "/input_userType_Joint")): Object: 'Object Repository/RAD_Pages/FilingStatus_Page/input_userType_Joint' is clicked on

2023-07-11 12:49:21 - [MESSAGE][PASSED] - Object: 'Object Repository/RAD_Pages/FilingStatus_Page/input_userType_Joint' is clicked on

2023-07-11 12:49:21 - [TEST_STEP][PASSED] - verifyTextPresent("Provide the following information for the joint filer", true): Text 'Provide the following information for the joint filer' is present on page  using regular expression

2023-07-11 12:49:21 - [MESSAGE][PASSED] - Text 'Provide the following information for the joint filer' is present on page  using regular expression

2023-07-11 12:49:21 - [TEST_STEP][PASSED] - verifyElementPresent(findTestObject(orPath_FilingStatus + "/input_jointFirstName"), 30): Object 'Object Repository/RAD_Pages/FilingStatus_Page/input_jointFirstName' is present

2023-07-11 12:49:22 - [MESSAGE][PASSED] - Object 'Object Repository/RAD_Pages/FilingStatus_Page/input_jointFirstName' is present

2023-07-11 12:49:22 - [TEST_STEP][PASSED] - verifyElementPresent(findTestObject(orPath_FilingStatus + "/input_jointMiddleName"), 30): Object 'Object Repository/RAD_Pages/FilingStatus_Page/input_jointMiddleName' is present

2023-07-11 12:49:22 - [MESSAGE][PASSED] - Object 'Object Repository/RAD_Pages/FilingStatus_Page/input_jointMiddleName' is present

2023-07-11 12:49:22 - [TEST_STEP][PASSED] - verifyElementPresent(findTestObject(orPath_FilingStatus + "/input_jointLastName"), 30): Object 'Object Repository/RAD_Pages/FilingStatus_Page/input_jointLastName' is present

2023-07-11 12:49:22 - [MESSAGE][PASSED] - Object 'Object Repository/RAD_Pages/FilingStatus_Page/input_jointLastName' is present

2023-07-11 12:49:22 - [TEST_STEP][PASSED] - verifyElementPresent(findTestObject(orPath_FilingStatus + "/input_jointSuffix"), 30): Object 'Object Repository/RAD_Pages/FilingStatus_Page/input_jointSuffix' is present

2023-07-11 12:49:23 - [MESSAGE][PASSED] - Object 'Object Repository/RAD_Pages/FilingStatus_Page/input_jointSuffix' is present

2023-07-11 12:49:23 - [TEST_STEP][PASSED] - verifyElementPresent(findTestObject("Object Repository/RAD_RecordAndPlay/input_JointFilerSSN"), 30): Object 'Object Repository/RAD_RecordAndPlay/input_JointFilerSSN' is present

2023-07-11 12:49:23 - [MESSAGE][PASSED] - Object 'Object Repository/RAD_RecordAndPlay/input_JointFilerSSN' is present

2023-07-11 12:49:23 - [TEST_STEP][PASSED] - verifyElementPresent(findTestObject("Object Repository/RAD_RecordAndPlay/input_reTypeJointFilerSSN"), 30): Object 'Object Repository/RAD_RecordAndPlay/input_reTypeJointFilerSSN' is present

2023-07-11 12:49:24 - [MESSAGE][PASSED] - Object 'Object Repository/RAD_RecordAndPlay/input_reTypeJointFilerSSN' is present

2023-07-11 12:49:24 - [TEST_STEP][PASSED] - selectOptionByLabel(findTestObject(orPath_TaxTypeFilingYear + "/select_PaymentType"), "Personal", false): All options with label 'Personal' are selected in object 'Object Repository/RAD_Pages/TaxTypeFilingYear_Page/select_PaymentType' 

2023-07-11 12:49:24 - [MESSAGE][PASSED] - All options with label 'Personal' are selected in object 'Object Repository/RAD_Pages/TaxTypeFilingYear_Page/select_PaymentType' 

2023-07-11 12:49:24 - [TEST_STEP][PASSED] - verifyElementVisible(findTestObject(orPath_TaxPayer + "/input_firstName")): Object 'Object Repository/RAD_Pages/Taxpayer_Page/input_firstName' is visible

2023-07-11 12:49:25 - [MESSAGE][PASSED] - Object 'Object Repository/RAD_Pages/Taxpayer_Page/input_firstName' is visible

2023-07-11 12:49:25 - [TEST_STEP][PASSED] - verifyElementVisible(findTestObject(orPath_TaxPayer + "/input_middleName")): Object 'Object Repository/RAD_Pages/Taxpayer_Page/input_middleName' is visible

2023-07-11 12:49:25 - [MESSAGE][PASSED] - Object 'Object Repository/RAD_Pages/Taxpayer_Page/input_middleName' is visible

2023-07-11 12:49:25 - [TEST_STEP][PASSED] - verifyElementVisible(findTestObject(orPath_TaxPayer + "/input_lastName")): Object 'Object Repository/RAD_Pages/Taxpayer_Page/input_lastName' is visible

2023-07-11 12:49:26 - [MESSAGE][PASSED] - Object 'Object Repository/RAD_Pages/Taxpayer_Page/input_lastName' is visible

2023-07-11 12:49:26 - [TEST_STEP][PASSED] - verifyElementVisible(findTestObject(orPath_TaxPayer + "/input_suffix")): Object 'Object Repository/RAD_Pages/Taxpayer_Page/input_suffix' is visible

2023-07-11 12:49:26 - [MESSAGE][PASSED] - Object 'Object Repository/RAD_Pages/Taxpayer_Page/input_suffix' is visible

2023-07-11 12:49:26 - [TEST_STEP][PASSED] - verifyElementVisible(findTestObject("RAD_RecordAndPlay/input_concatSSN")): Object 'Object Repository/RAD_RecordAndPlay/input_concatSSN' is visible

2023-07-11 12:49:26 - [MESSAGE][PASSED] - Object 'Object Repository/RAD_RecordAndPlay/input_concatSSN' is visible

2023-07-11 12:49:26 - [TEST_STEP][PASSED] - verifyElementVisible(findTestObject("RAD_RecordAndPlay/input_concatReSSN")): Object 'Object Repository/RAD_RecordAndPlay/input_concatReSSN' is visible

2023-07-11 12:49:27 - [MESSAGE][PASSED] - Object 'Object Repository/RAD_RecordAndPlay/input_concatReSSN' is visible

2023-07-11 12:49:27 - [TEST_STEP][PASSED] - verifyElementVisible(findTestObject(orPath_FilingStatus + "/input_userType_Individual")): Object 'Object Repository/RAD_Pages/FilingStatus_Page/input_userType_Individual' is visible

2023-07-11 12:49:27 - [MESSAGE][PASSED] - Object 'Object Repository/RAD_Pages/FilingStatus_Page/input_userType_Individual' is visible

2023-07-11 12:49:27 - [TEST_STEP][PASSED] - verifyElementVisible(findTestObject(orPath_FilingStatus + "/input_userType_Joint")): Object 'Object Repository/RAD_Pages/FilingStatus_Page/input_userType_Joint' is visible

2023-07-11 12:49:28 - [MESSAGE][PASSED] - Object 'Object Repository/RAD_Pages/FilingStatus_Page/input_userType_Joint' is visible

2023-07-11 12:49:28 - [TEST_STEP][PASSED] - verifyElementNotVisible(findTestObject(orPath_TaxPayer + "/input_Note_businessName")): Object 'Object Repository/RAD_Pages/Taxpayer_Page/input_Note_businessName' is NOT visible

2023-07-11 12:49:28 - [MESSAGE][PASSED] - Object 'Object Repository/RAD_Pages/Taxpayer_Page/input_Note_businessName' is NOT visible

2023-07-11 12:49:28 - [TEST_STEP][PASSED] - verifyElementNotVisible(findTestObject(orPath_TaxInfo + "/input_FederalEIN")): Object 'Object Repository/RAD_Pages/TaxInfo_Page/input_FederalEIN' is NOT visible

2023-07-11 12:49:28 - [MESSAGE][PASSED] - Object 'Object Repository/RAD_Pages/TaxInfo_Page/input_FederalEIN' is NOT visible

2023-07-11 12:49:28 - [TEST_STEP][PASSED] - verifyElementNotVisible(findTestObject(orPath_TaxInfo + "/input_FederalEIN_ReEnter")): Object 'Object Repository/RAD_Pages/TaxInfo_Page/input_FederalEIN_ReEnter' is NOT visible

2023-07-11 12:49:29 - [MESSAGE][PASSED] - Object 'Object Repository/RAD_Pages/TaxInfo_Page/input_FederalEIN_ReEnter' is NOT visible

2023-07-11 12:49:29 - [TEST_STEP][PASSED] - selectOptionByLabel(findTestObject(orPath_TaxTypeFilingYear + "/select_PaymentType"), "Corporate", false): All options with label 'Corporate' are selected in object 'Object Repository/RAD_Pages/TaxTypeFilingYear_Page/select_PaymentType' 

2023-07-11 12:49:30 - [MESSAGE][PASSED] - All options with label 'Corporate' are selected in object 'Object Repository/RAD_Pages/TaxTypeFilingYear_Page/select_PaymentType' 

2023-07-11 12:49:30 - [TEST_STEP][PASSED] - verifyElementPresent(findTestObject(orPath_TaxTypeFilingYear + "/select_PeriodEnding"), 30): Object 'Object Repository/RAD_Pages/TaxTypeFilingYear_Page/select_PeriodEnding' is present

2023-07-11 12:49:30 - [MESSAGE][PASSED] - Object 'Object Repository/RAD_Pages/TaxTypeFilingYear_Page/select_PeriodEnding' is present

2023-07-11 12:49:30 - [TEST_STEP][PASSED] - totalOptionsPeriodEnding = getNumberOfTotalOption(findTestObject(orPath_TaxTypeFilingYear + "/select_PeriodEnding")): 13 options of object 'Object Repository/RAD_Pages/TaxTypeFilingYear_Page/select_PeriodEnding' counted

2023-07-11 12:49:31 - [MESSAGE][PASSED] - 13 options of object 'Object Repository/RAD_Pages/TaxTypeFilingYear_Page/select_PeriodEnding' counted

2023-07-11 12:49:31 - [TEST_STEP][PASSED] - verifyEqual(totalOptionsPeriodEnding, 13): Actual object '13' and expected object '13' are equal

2023-07-11 12:49:31 - [MESSAGE][PASSED] - Actual object '13' and expected object '13' are equal

2023-07-11 12:49:31 - [TEST_STEP][PASSED] - verifyOptionsPresent(findTestObject(orPath_TaxTypeFilingYear + "/select_PeriodEnding"), ["Month", "January", "February", "March", "April", "May", "June"]): Options [Month, January, February, March, April, May, June] present.

2023-07-11 12:49:31 - [MESSAGE][PASSED] - Options [Month, January, February, March, April, May, June] present.

2023-07-11 12:49:31 - [TEST_STEP][PASSED] - verifyOptionsPresent(findTestObject(orPath_TaxTypeFilingYear + "/select_PeriodEnding"), ["July", "August", "September", "October", "November", "December"]): Options [July, August, September, October, November, December] present.

2023-07-11 12:49:32 - [MESSAGE][PASSED] - Options [July, August, September, October, November, December] present.

2023-07-11 12:49:32 - [TEST_STEP][PASSED] - verifyElementVisible(findTestObject(orPath_TaxPayer + "/input_Note_businessName")): Object 'Object Repository/RAD_Pages/Taxpayer_Page/input_Note_businessName' is visible

2023-07-11 12:49:32 - [MESSAGE][PASSED] - Object 'Object Repository/RAD_Pages/Taxpayer_Page/input_Note_businessName' is visible

2023-07-11 12:49:32 - [TEST_STEP][PASSED] - verifyElementVisible(findTestObject(orPath_TaxInfo + "/input_FederalEIN")): Object 'Object Repository/RAD_Pages/TaxInfo_Page/input_FederalEIN' is visible

2023-07-11 12:49:33 - [MESSAGE][PASSED] - Object 'Object Repository/RAD_Pages/TaxInfo_Page/input_FederalEIN' is visible

2023-07-11 12:49:33 - [TEST_STEP][PASSED] - verifyElementVisible(findTestObject(orPath_TaxInfo + "/input_FederalEIN_ReEnter")): Object 'Object Repository/RAD_Pages/TaxInfo_Page/input_FederalEIN_ReEnter' is visible

2023-07-11 12:49:33 - [MESSAGE][PASSED] - Object 'Object Repository/RAD_Pages/TaxInfo_Page/input_FederalEIN_ReEnter' is visible

2023-07-11 12:49:33 - [TEST_STEP][PASSED] - verifyElementNotVisible(findTestObject(orPath_TaxPayer + "/input_firstName")): Object 'Object Repository/RAD_Pages/Taxpayer_Page/input_firstName' is NOT visible

2023-07-11 12:49:34 - [MESSAGE][PASSED] - Object 'Object Repository/RAD_Pages/Taxpayer_Page/input_firstName' is NOT visible

2023-07-11 12:49:34 - [TEST_STEP][PASSED] - verifyElementNotVisible(findTestObject(orPath_TaxPayer + "/input_middleName")): Object 'Object Repository/RAD_Pages/Taxpayer_Page/input_middleName' is NOT visible

2023-07-11 12:49:34 - [MESSAGE][PASSED] - Object 'Object Repository/RAD_Pages/Taxpayer_Page/input_middleName' is NOT visible

2023-07-11 12:49:34 - [TEST_STEP][PASSED] - verifyElementNotVisible(findTestObject(orPath_TaxPayer + "/input_lastName")): Object 'Object Repository/RAD_Pages/Taxpayer_Page/input_lastName' is NOT visible

2023-07-11 12:49:34 - [MESSAGE][PASSED] - Object 'Object Repository/RAD_Pages/Taxpayer_Page/input_lastName' is NOT visible

2023-07-11 12:49:34 - [TEST_STEP][PASSED] - verifyElementNotVisible(findTestObject(orPath_TaxPayer + "/input_suffix")): Object 'Object Repository/RAD_Pages/Taxpayer_Page/input_suffix' is NOT visible

2023-07-11 12:49:35 - [MESSAGE][PASSED] - Object 'Object Repository/RAD_Pages/Taxpayer_Page/input_suffix' is NOT visible

2023-07-11 12:49:35 - [TEST_STEP][PASSED] - verifyElementNotVisible(findTestObject("RAD_RecordAndPlay/input_concatSSN")): Object 'Object Repository/RAD_RecordAndPlay/input_concatSSN' is NOT visible

2023-07-11 12:49:35 - [MESSAGE][PASSED] - Object 'Object Repository/RAD_RecordAndPlay/input_concatSSN' is NOT visible

2023-07-11 12:49:35 - [TEST_STEP][PASSED] - verifyElementNotVisible(findTestObject("RAD_RecordAndPlay/input_concatReSSN")): Object 'Object Repository/RAD_RecordAndPlay/input_concatReSSN' is NOT visible

2023-07-11 12:49:35 - [MESSAGE][PASSED] - Object 'Object Repository/RAD_RecordAndPlay/input_concatReSSN' is NOT visible

2023-07-11 12:49:36 - [TEST_STEP][PASSED] - verifyElementNotVisible(findTestObject(orPath_FilingStatus + "/input_userType_Individual")): Object 'Object Repository/RAD_Pages/FilingStatus_Page/input_userType_Individual' is NOT visible

2023-07-11 12:49:36 - [MESSAGE][PASSED] - Object 'Object Repository/RAD_Pages/FilingStatus_Page/input_userType_Individual' is NOT visible

2023-07-11 12:49:36 - [TEST_STEP][PASSED] - verifyElementNotVisible(findTestObject(orPath_FilingStatus + "/input_userType_Joint")): Object 'Object Repository/RAD_Pages/FilingStatus_Page/input_userType_Joint' is NOT visible

2023-07-11 12:49:36 - [MESSAGE][PASSED] - Object 'Object Repository/RAD_Pages/FilingStatus_Page/input_userType_Joint' is NOT visible]]></system-out>
         <system-err><![CDATA[]]></system-err>
      </testcase>
      <testcase name="Test Cases/RAD_TestCases/UI_TestCases/WithholdingTax_UI_TC" time="27.082" classname="Test Cases/RAD_TestCases/UI_TestCases/WithholdingTax_UI_TC" status="PASSED">
         <system-out><![CDATA[2023-07-11 12:49:36 - [TEST_CASE][PASSED] - Test Cases/RAD_TestCases/UI_TestCases/WithholdingTax_UI_TC: Test Cases/RAD_TestCases/UI_TestCases/WithholdingTax_UI_TC

2023-07-11 12:49:37 - [TEST_STEP][PASSED] - openBrowser(""): Browser is opened with url: ''

2023-07-11 12:49:37 - [MESSAGE][WARNING] - A browser is already opened. Closing browser and opening a new one

2023-07-11 12:49:37 - [MESSAGE][INFO] - Starting 'Chrome' driver

2023-07-11 12:49:37 - [MESSAGE][INFO] - User set preference: ['acceptInsecureCerts', 'true']

2023-07-11 12:49:37 - [MESSAGE][INFO] - Action delay is set to 0 milliseconds

2023-07-11 12:49:39 - [MESSAGE][PASSED] - Browser is opened with url: ''

2023-07-11 12:49:39 - [TEST_STEP][PASSED] - maximizeWindow(): Current window maximized

2023-07-11 12:49:39 - [MESSAGE][PASSED] - Current window maximized

2023-07-11 12:49:39 - [TEST_STEP][PASSED] - navigateToUrl(RADurl): Navigate to 'https://demo.velocitypayment.com/client/rad/index.html' successfully

2023-07-11 12:49:40 - [MESSAGE][PASSED] - Navigate to 'https://demo.velocitypayment.com/client/rad/index.html' successfully

2023-07-11 12:49:40 - [TEST_STEP][PASSED] - orPath_Landing = "Object Repository/RAD_Pages/Landing_Page": null

2023-07-11 12:49:40 - [TEST_STEP][PASSED] - orPath_TaxTypeFilingYear = "Object Repository/RAD_Pages/TaxTypeFilingYear_Page": null

2023-07-11 12:49:40 - [TEST_STEP][PASSED] - orPath_TaxPayer = "Object Repository/RAD_Pages/Taxpayer_Page": null

2023-07-11 12:49:40 - [TEST_STEP][PASSED] - orPath_AddressContact = "Object Repository/RAD_Pages/AddressAndContactInfo_Page": null

2023-07-11 12:49:40 - [TEST_STEP][PASSED] - orPath_TaxInfo = "Object Repository/RAD_Pages/TaxInfo_Page": null

2023-07-11 12:49:40 - [TEST_STEP][PASSED] - orPath_Withholding = "Object Repository/RAD_Pages/Withholding_Page": null

2023-07-11 12:49:40 - [TEST_STEP][PASSED] - orPath_FilingStatus = "Object Repository/RAD_Pages/FilingStatus_Page": null

2023-07-11 12:49:40 - [TEST_STEP][PASSED] - orPath_Amount = "Object Repository/RAD_Pages/PaymentAmount_Page": null

2023-07-11 12:49:40 - [TEST_STEP][PASSED] - selectOptionByLabel(findTestObject(orPath_Landing + "/dd_TaxType"), "Withholding Tax", false): All options with label 'Withholding Tax' are selected in object 'Object Repository/RAD_Pages/Landing_Page/dd_TaxType' 

2023-07-11 12:49:41 - [MESSAGE][PASSED] - All options with label 'Withholding Tax' are selected in object 'Object Repository/RAD_Pages/Landing_Page/dd_TaxType' 

2023-07-11 12:49:41 - [TEST_STEP][PASSED] - verifyElementPresent(findTestObject(orPath_TaxTypeFilingYear + "/select_FilingYear"), 30): Object 'Object Repository/RAD_Pages/TaxTypeFilingYear_Page/select_FilingYear' is present

2023-07-11 12:49:42 - [MESSAGE][PASSED] - Object 'Object Repository/RAD_Pages/TaxTypeFilingYear_Page/select_FilingYear' is present

2023-07-11 12:49:42 - [TEST_STEP][PASSED] - totalOptionsFilingYear = getNumberOfTotalOption(findTestObject(orPath_TaxTypeFilingYear + "/select_FilingYear")): 4 options of object 'Object Repository/RAD_Pages/TaxTypeFilingYear_Page/select_FilingYear' counted

2023-07-11 12:49:42 - [MESSAGE][PASSED] - 4 options of object 'Object Repository/RAD_Pages/TaxTypeFilingYear_Page/select_FilingYear' counted

2023-07-11 12:49:42 - [TEST_STEP][PASSED] - verifyEqual(totalOptionsFilingYear, 4): Actual object '4' and expected object '4' are equal

2023-07-11 12:49:42 - [MESSAGE][PASSED] - Actual object '4' and expected object '4' are equal

2023-07-11 12:49:42 - [TEST_STEP][PASSED] - verifyOptionsPresent(findTestObject(orPath_TaxTypeFilingYear + "/select_FilingYear"), ["2021", "2022", "2023"]): Options [2021, 2022, 2023] present.

2023-07-11 12:49:43 - [MESSAGE][PASSED] - Options [2021, 2022, 2023] present.

2023-07-11 12:49:43 - [TEST_STEP][PASSED] - verifyTextPresent("Tax Type/Filing Year", true): Text 'Tax Type/Filing Year' is present on page  using regular expression

2023-07-11 12:49:44 - [MESSAGE][PASSED] - Text 'Tax Type/Filing Year' is present on page  using regular expression

2023-07-11 12:49:44 - [TEST_STEP][PASSED] - verifyTextPresent("Taxpayer", true): Text 'Taxpayer' is present on page  using regular expression

2023-07-11 12:49:44 - [MESSAGE][PASSED] - Text 'Taxpayer' is present on page  using regular expression

2023-07-11 12:49:44 - [TEST_STEP][PASSED] - verifyTextPresent("Provide the following taxpayer information", true): Text 'Provide the following taxpayer information' is present on page  using regular expression

2023-07-11 12:49:44 - [MESSAGE][PASSED] - Text 'Provide the following taxpayer information' is present on page  using regular expression

2023-07-11 12:49:44 - [TEST_STEP][PASSED] - verifyTextPresent("Note: If you are paying on behalf of the Taxpayer, enter Taxpayer", true): Text 'Note: If you are paying on behalf of the Taxpayer, enter Taxpayer' is present on page  using regular expression

2023-07-11 12:49:45 - [MESSAGE][PASSED] - Text 'Note: If you are paying on behalf of the Taxpayer, enter Taxpayer' is present on page  using regular expression

2023-07-11 12:49:45 - [TEST_STEP][PASSED] - verifyTextPresent("information here. If you are making a payment for the Taxpayer, you will be required later to enter your own credit card, billing address and other pertinent information", true): Text 'information here. If you are making a payment for the Taxpayer, you will be required later to enter your own credit card, billing address and other pertinent information' is present on page  using regular expression

2023-07-11 12:49:45 - [MESSAGE][PASSED] - Text 'information here. If you are making a payment for the Taxpayer, you will be required later to enter your own credit card, billing address and other pertinent information' is present on page  using regular expression

2023-07-11 12:49:45 - [TEST_STEP][PASSED] - verifyTextPresent("Address and Contact Information", true): Text 'Address and Contact Information' is present on page  using regular expression

2023-07-11 12:49:45 - [MESSAGE][PASSED] - Text 'Address and Contact Information' is present on page  using regular expression

2023-07-11 12:49:45 - [TEST_STEP][PASSED] - verifyTextPresent("Enter the taxpayer", true): Text 'Enter the taxpayer' is present on page  using regular expression

2023-07-11 12:49:46 - [MESSAGE][PASSED] - Text 'Enter the taxpayer' is present on page  using regular expression

2023-07-11 12:49:46 - [TEST_STEP][PASSED] - verifyTextPresent("address and contact information", true): Text 'address and contact information' is present on page  using regular expression

2023-07-11 12:49:46 - [MESSAGE][PASSED] - Text 'address and contact information' is present on page  using regular expression

2023-07-11 12:49:46 - [TEST_STEP][PASSED] - verifyTextPresent("Tax Information", true): Text 'Tax Information' is present on page  using regular expression

2023-07-11 12:49:46 - [MESSAGE][PASSED] - Text 'Tax Information' is present on page  using regular expression

2023-07-11 12:49:46 - [TEST_STEP][PASSED] - verifyTextPresent("Withholding", true): Text 'Withholding' is present on page  using regular expression

2023-07-11 12:49:47 - [MESSAGE][PASSED] - Text 'Withholding' is present on page  using regular expression

2023-07-11 12:49:47 - [TEST_STEP][PASSED] - verifyTextPresent("Are you filing on an accelerated basis?", true): Text 'Are you filing on an accelerated basis?' is present on page  using regular expression

2023-07-11 12:49:47 - [MESSAGE][PASSED] - Text 'Are you filing on an accelerated basis?' is present on page  using regular expression

2023-07-11 12:49:47 - [TEST_STEP][PASSED] - verifyTextPresent("Yes", true): Text 'Yes' is present on page  using regular expression

2023-07-11 12:49:48 - [MESSAGE][PASSED] - Text 'Yes' is present on page  using regular expression

2023-07-11 12:49:48 - [TEST_STEP][PASSED] - verifyTextPresent("No", true): Text 'No' is present on page  using regular expression

2023-07-11 12:49:48 - [MESSAGE][PASSED] - Text 'No' is present on page  using regular expression

2023-07-11 12:49:48 - [TEST_STEP][PASSED] - verifyTextPresent("Payment Amount", true): Text 'Payment Amount' is present on page  using regular expression

2023-07-11 12:49:48 - [MESSAGE][PASSED] - Text 'Payment Amount' is present on page  using regular expression

2023-07-11 12:49:48 - [TEST_STEP][PASSED] - verifyTextPresent("Service Fee: This electronic government service includes a service/convenience fee. Click here for details", true): Text 'Service Fee: This electronic government service includes a service/convenience fee. Click here for details' is present on page  using regular expression

2023-07-11 12:49:49 - [MESSAGE][PASSED] - Text 'Service Fee: This electronic government service includes a service/convenience fee. Click here for details' is present on page  using regular expression

2023-07-11 12:49:49 - [TEST_STEP][PASSED] - verifyElementPresent(findTestObject(orPath_Amount + "/a_Click here for details"), 30): Object 'Object Repository/RAD_Pages/PaymentAmount_Page/a_Click here for details' is present

2023-07-11 12:49:49 - [MESSAGE][PASSED] - Object 'Object Repository/RAD_Pages/PaymentAmount_Page/a_Click here for details' is present

2023-07-11 12:49:49 - [TEST_STEP][PASSED] - verifyElementPresent(findTestObject(orPath_Landing + "/button_Continue"), 30): Object 'Object Repository/RAD_Pages/Landing_Page/button_Continue' is present

2023-07-11 12:49:49 - [MESSAGE][PASSED] - Object 'Object Repository/RAD_Pages/Landing_Page/button_Continue' is present

2023-07-11 12:49:49 - [TEST_STEP][PASSED] - verifyElementPresent(findTestObject(orPath_TaxPayer + "/input_businessName"), 30): Object 'Object Repository/RAD_Pages/Taxpayer_Page/input_businessName' is present

2023-07-11 12:49:50 - [MESSAGE][PASSED] - Object 'Object Repository/RAD_Pages/Taxpayer_Page/input_businessName' is present

2023-07-11 12:49:50 - [TEST_STEP][PASSED] - verifyElementPresent(findTestObject(orPath_TaxPayer + "/input_firstName"), 30): Object 'Object Repository/RAD_Pages/Taxpayer_Page/input_firstName' is present

2023-07-11 12:49:50 - [MESSAGE][PASSED] - Object 'Object Repository/RAD_Pages/Taxpayer_Page/input_firstName' is present

2023-07-11 12:49:50 - [TEST_STEP][PASSED] - verifyElementPresent(findTestObject(orPath_TaxPayer + "/input_middleName"), 30): Object 'Object Repository/RAD_Pages/Taxpayer_Page/input_middleName' is present

2023-07-11 12:49:50 - [MESSAGE][PASSED] - Object 'Object Repository/RAD_Pages/Taxpayer_Page/input_middleName' is present

2023-07-11 12:49:50 - [TEST_STEP][PASSED] - verifyElementPresent(findTestObject(orPath_TaxPayer + "/input_lastName"), 30): Object 'Object Repository/RAD_Pages/Taxpayer_Page/input_lastName' is present

2023-07-11 12:49:51 - [MESSAGE][PASSED] - Object 'Object Repository/RAD_Pages/Taxpayer_Page/input_lastName' is present

2023-07-11 12:49:51 - [TEST_STEP][PASSED] - verifyElementPresent(findTestObject(orPath_TaxPayer + "/input_suffix"), 30): Object 'Object Repository/RAD_Pages/Taxpayer_Page/input_suffix' is present

2023-07-11 12:49:51 - [MESSAGE][PASSED] - Object 'Object Repository/RAD_Pages/Taxpayer_Page/input_suffix' is present

2023-07-11 12:49:51 - [TEST_STEP][PASSED] - verifyElementPresent(findTestObject(orPath_AddressContact + "/select_Country"), 30): Object 'Object Repository/RAD_Pages/AddressAndContactInfo_Page/select_Country' is present

2023-07-11 12:49:51 - [MESSAGE][PASSED] - Object 'Object Repository/RAD_Pages/AddressAndContactInfo_Page/select_Country' is present

2023-07-11 12:49:51 - [TEST_STEP][PASSED] - verifyElementPresent(findTestObject(orPath_AddressContact + "/input_streetAddress1"), 30): Object 'Object Repository/RAD_Pages/AddressAndContactInfo_Page/input_streetAddress1' is present

2023-07-11 12:49:52 - [MESSAGE][PASSED] - Object 'Object Repository/RAD_Pages/AddressAndContactInfo_Page/input_streetAddress1' is present

2023-07-11 12:49:52 - [TEST_STEP][PASSED] - verifyElementPresent(findTestObject(orPath_AddressContact + "/input_streetAddress2"), 30): Object 'Object Repository/RAD_Pages/AddressAndContactInfo_Page/input_streetAddress2' is present

2023-07-11 12:49:52 - [MESSAGE][PASSED] - Object 'Object Repository/RAD_Pages/AddressAndContactInfo_Page/input_streetAddress2' is present

2023-07-11 12:49:52 - [TEST_STEP][PASSED] - verifyElementPresent(findTestObject(orPath_AddressContact + "/input_city"), 30): Object 'Object Repository/RAD_Pages/AddressAndContactInfo_Page/input_city' is present

2023-07-11 12:49:52 - [MESSAGE][PASSED] - Object 'Object Repository/RAD_Pages/AddressAndContactInfo_Page/input_city' is present

2023-07-11 12:49:52 - [TEST_STEP][PASSED] - verifyElementPresent(findTestObject(orPath_AddressContact + "/select_State"), 30): Object 'Object Repository/RAD_Pages/AddressAndContactInfo_Page/select_State' is present

2023-07-11 12:49:53 - [MESSAGE][PASSED] - Object 'Object Repository/RAD_Pages/AddressAndContactInfo_Page/select_State' is present

2023-07-11 12:49:53 - [TEST_STEP][PASSED] - verifyElementPresent(findTestObject(orPath_AddressContact + "/input_zipCode"), 30): Object 'Object Repository/RAD_Pages/AddressAndContactInfo_Page/input_zipCode' is present

2023-07-11 12:49:53 - [MESSAGE][PASSED] - Object 'Object Repository/RAD_Pages/AddressAndContactInfo_Page/input_zipCode' is present

2023-07-11 12:49:53 - [TEST_STEP][PASSED] - verifyElementPresent(findTestObject(orPath_AddressContact + "/input_phoneNumber"), 30): Object 'Object Repository/RAD_Pages/AddressAndContactInfo_Page/input_phoneNumber' is present

2023-07-11 12:49:53 - [MESSAGE][PASSED] - Object 'Object Repository/RAD_Pages/AddressAndContactInfo_Page/input_phoneNumber' is present

2023-07-11 12:49:53 - [TEST_STEP][PASSED] - verifyElementPresent(findTestObject(orPath_AddressContact + "/input_eMailAddress"), 30): Object 'Object Repository/RAD_Pages/AddressAndContactInfo_Page/input_eMailAddress' is present

2023-07-11 12:49:54 - [MESSAGE][PASSED] - Object 'Object Repository/RAD_Pages/AddressAndContactInfo_Page/input_eMailAddress' is present

2023-07-11 12:49:54 - [TEST_STEP][PASSED] - verifyElementPresent(findTestObject(orPath_AddressContact + "/input_reEnterEMailAddress"), 30): Object 'Object Repository/RAD_Pages/AddressAndContactInfo_Page/input_reEnterEMailAddress' is present

2023-07-11 12:49:54 - [MESSAGE][PASSED] - Object 'Object Repository/RAD_Pages/AddressAndContactInfo_Page/input_reEnterEMailAddress' is present

2023-07-11 12:49:54 - [TEST_STEP][PASSED] - verifyOptionsPresent(findTestObject(orPath_AddressContact + "/select_Country"), ["United States"]): Options [United States] present.

2023-07-11 12:49:55 - [MESSAGE][PASSED] - Options [United States] present.

2023-07-11 12:49:55 - [TEST_STEP][PASSED] - verifyOptionsPresent(findTestObject(orPath_AddressContact + "/select_State"), ["Alabama", "District of Columbia", "Maryland", "Virginia", "Wyoming"]): Options [Alabama, District of Columbia, Maryland, Virginia, Wyoming] present.

2023-07-11 12:49:56 - [MESSAGE][PASSED] - Options [Alabama, District of Columbia, Maryland, Virginia, Wyoming] present.

2023-07-11 12:49:56 - [TEST_STEP][PASSED] - totalOptionsState = getNumberOfTotalOption(findTestObject(orPath_AddressContact + "/select_State")): 52 options of object 'Object Repository/RAD_Pages/AddressAndContactInfo_Page/select_State' counted

2023-07-11 12:49:56 - [MESSAGE][PASSED] - 52 options of object 'Object Repository/RAD_Pages/AddressAndContactInfo_Page/select_State' counted

2023-07-11 12:49:56 - [TEST_STEP][PASSED] - verifyEqual(totalOptionsState, 52): Actual object '52' and expected object '52' are equal

2023-07-11 12:49:56 - [MESSAGE][PASSED] - Actual object '52' and expected object '52' are equal

2023-07-11 12:49:56 - [TEST_STEP][PASSED] - verifyElementVisible(findTestObject(orPath_TaxInfo + "/input_FederalEIN")): Object 'Object Repository/RAD_Pages/TaxInfo_Page/input_FederalEIN' is visible

2023-07-11 12:49:57 - [MESSAGE][PASSED] - Object 'Object Repository/RAD_Pages/TaxInfo_Page/input_FederalEIN' is visible

2023-07-11 12:49:57 - [TEST_STEP][PASSED] - verifyElementVisible(findTestObject(orPath_TaxInfo + "/input_FederalEIN_ReEnter")): Object 'Object Repository/RAD_Pages/TaxInfo_Page/input_FederalEIN_ReEnter' is visible

2023-07-11 12:49:57 - [MESSAGE][PASSED] - Object 'Object Repository/RAD_Pages/TaxInfo_Page/input_FederalEIN_ReEnter' is visible

2023-07-11 12:49:57 - [TEST_STEP][PASSED] - verifyElementPresent(findTestObject("Object Repository/RAD_RecordAndPlay/input_MDCRegistration"), 30): Object 'Object Repository/RAD_RecordAndPlay/input_MDCRegistration' is present

2023-07-11 12:49:58 - [MESSAGE][PASSED] - Object 'Object Repository/RAD_RecordAndPlay/input_MDCRegistration' is present

2023-07-11 12:49:58 - [TEST_STEP][PASSED] - scrollToElement(findTestObject(orPath_Withholding + "/input_acceleratedBasis_Yes"), 3): Scroll to object 'Object Repository/RAD_Pages/Withholding_Page/input_acceleratedBasis_Yes' successfully

2023-07-11 12:49:58 - [MESSAGE][PASSED] - Scroll to object 'Object Repository/RAD_Pages/Withholding_Page/input_acceleratedBasis_Yes' successfully

2023-07-11 12:49:58 - [TEST_STEP][PASSED] - verifyElementPresent(findTestObject(orPath_Withholding + "/input_acceleratedBasis_Yes"), 30): Object 'Object Repository/RAD_Pages/Withholding_Page/input_acceleratedBasis_Yes' is present

2023-07-11 12:49:58 - [MESSAGE][PASSED] - Object 'Object Repository/RAD_Pages/Withholding_Page/input_acceleratedBasis_Yes' is present

2023-07-11 12:49:58 - [TEST_STEP][PASSED] - verifyElementPresent(findTestObject(orPath_Withholding + "/input_acceleratedBasis_No"), 30): Object 'Object Repository/RAD_Pages/Withholding_Page/input_acceleratedBasis_No' is present

2023-07-11 12:49:59 - [MESSAGE][PASSED] - Object 'Object Repository/RAD_Pages/Withholding_Page/input_acceleratedBasis_No' is present

2023-07-11 12:49:59 - [TEST_STEP][PASSED] - verifyElementPresent(findTestObject(orPath_Withholding + "/input_PayDate"), 30): Object 'Object Repository/RAD_Pages/Withholding_Page/input_PayDate' is present

2023-07-11 12:49:59 - [MESSAGE][PASSED] - Object 'Object Repository/RAD_Pages/Withholding_Page/input_PayDate' is present

2023-07-11 12:49:59 - [TEST_STEP][PASSED] - verifyElementPresent(findTestObject(orPath_Withholding + "/input__WithholdingTaxReported"), 30): Object 'Object Repository/RAD_Pages/Withholding_Page/input__WithholdingTaxReported' is present

2023-07-11 12:50:00 - [MESSAGE][PASSED] - Object 'Object Repository/RAD_Pages/Withholding_Page/input__WithholdingTaxReported' is present

2023-07-11 12:50:00 - [TEST_STEP][PASSED] - scrollToElement(findTestObject(orPath_Withholding + "/input_acceleratedBasis_No"), 3): Scroll to object 'Object Repository/RAD_Pages/Withholding_Page/input_acceleratedBasis_No' successfully

2023-07-11 12:50:00 - [MESSAGE][PASSED] - Scroll to object 'Object Repository/RAD_Pages/Withholding_Page/input_acceleratedBasis_No' successfully

2023-07-11 12:50:00 - [TEST_STEP][PASSED] - click(findTestObject(orPath_Withholding + "/input_acceleratedBasis_No")): Object: 'Object Repository/RAD_Pages/Withholding_Page/input_acceleratedBasis_No' is clicked on

2023-07-11 12:50:00 - [MESSAGE][PASSED] - Object: 'Object Repository/RAD_Pages/Withholding_Page/input_acceleratedBasis_No' is clicked on

2023-07-11 12:50:00 - [TEST_STEP][PASSED] - verifyElementPresent(findTestObject(orPath_Withholding + "/select_Month"), 30): Object 'Object Repository/RAD_Pages/Withholding_Page/select_Month' is present

2023-07-11 12:50:01 - [MESSAGE][PASSED] - Object 'Object Repository/RAD_Pages/Withholding_Page/select_Month' is present

2023-07-11 12:50:01 - [TEST_STEP][PASSED] - verifyElementPresent(findTestObject(orPath_Withholding + "/input__WithholdingTaxReported"), 30): Object 'Object Repository/RAD_Pages/Withholding_Page/input__WithholdingTaxReported' is present

2023-07-11 12:50:01 - [MESSAGE][PASSED] - Object 'Object Repository/RAD_Pages/Withholding_Page/input__WithholdingTaxReported' is present

2023-07-11 12:50:01 - [TEST_STEP][PASSED] - totalOptionsPeriodEnding = getNumberOfTotalOption(findTestObject(orPath_Withholding + "/select_Month")): 13 options of object 'Object Repository/RAD_Pages/Withholding_Page/select_Month' counted

2023-07-11 12:50:02 - [MESSAGE][PASSED] - 13 options of object 'Object Repository/RAD_Pages/Withholding_Page/select_Month' counted

2023-07-11 12:50:02 - [TEST_STEP][PASSED] - verifyEqual(totalOptionsPeriodEnding, 13): Actual object '13' and expected object '13' are equal

2023-07-11 12:50:02 - [MESSAGE][PASSED] - Actual object '13' and expected object '13' are equal

2023-07-11 12:50:02 - [TEST_STEP][PASSED] - verifyOptionsPresent(findTestObject(orPath_Withholding + "/select_Month"), ["January", "February", "March", "April", "May", "June"]): Options [January, February, March, April, May, June] present.

2023-07-11 12:50:02 - [MESSAGE][PASSED] - Options [January, February, March, April, May, June] present.

2023-07-11 12:50:02 - [TEST_STEP][PASSED] - verifyOptionsPresent(findTestObject(orPath_Withholding + "/select_Month"), ["July", "August", "September", "October", "November", "December"]): Options [July, August, September, October, November, December] present.

2023-07-11 12:50:03 - [MESSAGE][PASSED] - Options [July, August, September, October, November, December] present.

2023-07-11 12:50:03 - [TEST_STEP][PASSED] - verifyElementPresent(findTestObject(orPath_Amount + "/input__paymentAmount"), 30): Object 'Object Repository/RAD_Pages/PaymentAmount_Page/input__paymentAmount' is present

2023-07-11 12:50:03 - [MESSAGE][PASSED] - Object 'Object Repository/RAD_Pages/PaymentAmount_Page/input__paymentAmount' is present]]></system-out>
         <system-err><![CDATA[]]></system-err>
      </testcase>
      <testcase name="Test Cases/RAD_TestCases/UI_TestCases/SalesAndUse_UI_TC" time="39.847" classname="Test Cases/RAD_TestCases/UI_TestCases/SalesAndUse_UI_TC" status="PASSED">
         <system-out><![CDATA[2023-07-11 12:50:03 - [TEST_CASE][PASSED] - Test Cases/RAD_TestCases/UI_TestCases/SalesAndUse_UI_TC: Test Cases/RAD_TestCases/UI_TestCases/SalesAndUse_UI_TC

2023-07-11 12:50:04 - [TEST_STEP][PASSED] - openBrowser(""): Browser is opened with url: ''

2023-07-11 12:50:04 - [MESSAGE][WARNING] - A browser is already opened. Closing browser and opening a new one

2023-07-11 12:50:05 - [MESSAGE][INFO] - Starting 'Chrome' driver

2023-07-11 12:50:05 - [MESSAGE][INFO] - User set preference: ['acceptInsecureCerts', 'true']

2023-07-11 12:50:05 - [MESSAGE][INFO] - Action delay is set to 0 milliseconds

2023-07-11 12:50:06 - [MESSAGE][PASSED] - Browser is opened with url: ''

2023-07-11 12:50:06 - [TEST_STEP][PASSED] - maximizeWindow(): Current window maximized

2023-07-11 12:50:06 - [MESSAGE][PASSED] - Current window maximized

2023-07-11 12:50:06 - [TEST_STEP][PASSED] - navigateToUrl(RADurl): Navigate to 'https://demo.velocitypayment.com/client/rad/index.html' successfully

2023-07-11 12:50:08 - [MESSAGE][PASSED] - Navigate to 'https://demo.velocitypayment.com/client/rad/index.html' successfully

2023-07-11 12:50:08 - [TEST_STEP][PASSED] - orPath_Landing = "Object Repository/RAD_Pages/Landing_Page": null

2023-07-11 12:50:08 - [TEST_STEP][PASSED] - orPath_TaxTypeFilingYear = "Object Repository/RAD_Pages/TaxTypeFilingYear_Page": null

2023-07-11 12:50:08 - [TEST_STEP][PASSED] - orPath_TaxPayer = "Object Repository/RAD_Pages/Taxpayer_Page": null

2023-07-11 12:50:08 - [TEST_STEP][PASSED] - orPath_AddressContact = "Object Repository/RAD_Pages/AddressAndContactInfo_Page": null

2023-07-11 12:50:08 - [TEST_STEP][PASSED] - orPath_TaxInfo = "Object Repository/RAD_Pages/TaxInfo_Page": null

2023-07-11 12:50:08 - [TEST_STEP][PASSED] - orPath_Withholding = "Object Repository/RAD_Pages/Withholding_Page": null

2023-07-11 12:50:08 - [TEST_STEP][PASSED] - orPath_FilingStatus = "Object Repository/RAD_Pages/FilingStatus_Page": null

2023-07-11 12:50:08 - [TEST_STEP][PASSED] - orPath_Amount = "Object Repository/RAD_Pages/PaymentAmount_Page": null

2023-07-11 12:50:08 - [TEST_STEP][PASSED] - orPath_SalesTaxReturnInfo = "Object Repository/RAD_Pages/SalesTaxReturnInfo_Page": null

2023-07-11 12:50:08 - [TEST_STEP][PASSED] - selectOptionByLabel(findTestObject(orPath_Landing + "/dd_TaxType"), "Sales and Use", false): All options with label 'Sales and Use' are selected in object 'Object Repository/RAD_Pages/Landing_Page/dd_TaxType' 

2023-07-11 12:50:08 - [MESSAGE][PASSED] - All options with label 'Sales and Use' are selected in object 'Object Repository/RAD_Pages/Landing_Page/dd_TaxType' 

2023-07-11 12:50:08 - [TEST_STEP][PASSED] - verifyElementPresent(findTestObject(orPath_TaxTypeFilingYear + "/select_FilingYear"), 30): Object 'Object Repository/RAD_Pages/TaxTypeFilingYear_Page/select_FilingYear' is present

2023-07-11 12:50:09 - [MESSAGE][PASSED] - Object 'Object Repository/RAD_Pages/TaxTypeFilingYear_Page/select_FilingYear' is present

2023-07-11 12:50:09 - [TEST_STEP][PASSED] - totalOptionsFilingYear = getNumberOfTotalOption(findTestObject(orPath_TaxTypeFilingYear + "/select_FilingYear")): 4 options of object 'Object Repository/RAD_Pages/TaxTypeFilingYear_Page/select_FilingYear' counted

2023-07-11 12:50:09 - [MESSAGE][PASSED] - 4 options of object 'Object Repository/RAD_Pages/TaxTypeFilingYear_Page/select_FilingYear' counted

2023-07-11 12:50:09 - [TEST_STEP][PASSED] - verifyEqual(totalOptionsFilingYear, 4): Actual object '4' and expected object '4' are equal

2023-07-11 12:50:09 - [MESSAGE][PASSED] - Actual object '4' and expected object '4' are equal

2023-07-11 12:50:09 - [TEST_STEP][PASSED] - verifyOptionsPresent(findTestObject(orPath_TaxTypeFilingYear + "/select_FilingYear"), ["2021", "2022", "2023"]): Options [2021, 2022, 2023] present.

2023-07-11 12:50:10 - [MESSAGE][PASSED] - Options [2021, 2022, 2023] present.

2023-07-11 12:50:10 - [TEST_STEP][PASSED] - verifyElementPresent(findTestObject(orPath_TaxTypeFilingYear + "/select_PeriodEnding"), 30): Object 'Object Repository/RAD_Pages/TaxTypeFilingYear_Page/select_PeriodEnding' is present

2023-07-11 12:50:10 - [MESSAGE][PASSED] - Object 'Object Repository/RAD_Pages/TaxTypeFilingYear_Page/select_PeriodEnding' is present

2023-07-11 12:50:10 - [TEST_STEP][PASSED] - totalOptionsPeriodEnding = getNumberOfTotalOption(findTestObject(orPath_TaxTypeFilingYear + "/select_PeriodEnding")): 13 options of object 'Object Repository/RAD_Pages/TaxTypeFilingYear_Page/select_PeriodEnding' counted

2023-07-11 12:50:11 - [MESSAGE][PASSED] - 13 options of object 'Object Repository/RAD_Pages/TaxTypeFilingYear_Page/select_PeriodEnding' counted

2023-07-11 12:50:11 - [TEST_STEP][PASSED] - verifyEqual(totalOptionsPeriodEnding, 13): Actual object '13' and expected object '13' are equal

2023-07-11 12:50:11 - [MESSAGE][PASSED] - Actual object '13' and expected object '13' are equal

2023-07-11 12:50:11 - [TEST_STEP][PASSED] - verifyOptionsPresent(findTestObject(orPath_TaxTypeFilingYear + "/select_PeriodEnding"), ["January", "February", "March", "April", "May", "June"]): Options [January, February, March, April, May, June] present.

2023-07-11 12:50:12 - [MESSAGE][PASSED] - Options [January, February, March, April, May, June] present.

2023-07-11 12:50:12 - [TEST_STEP][PASSED] - verifyOptionsPresent(findTestObject(orPath_TaxTypeFilingYear + "/select_PeriodEnding"), ["July", "August", "September", "October", "November", "December"]): Options [July, August, September, October, November, December] present.

2023-07-11 12:50:12 - [MESSAGE][PASSED] - Options [July, August, September, October, November, December] present.

2023-07-11 12:50:12 - [TEST_STEP][PASSED] - verifyTextPresent("Tax Type/Filing Year", true): Text 'Tax Type/Filing Year' is present on page  using regular expression

2023-07-11 12:50:13 - [MESSAGE][PASSED] - Text 'Tax Type/Filing Year' is present on page  using regular expression

2023-07-11 12:50:13 - [TEST_STEP][PASSED] - verifyTextPresent("Taxpayer", true): Text 'Taxpayer' is present on page  using regular expression

2023-07-11 12:50:13 - [MESSAGE][PASSED] - Text 'Taxpayer' is present on page  using regular expression

2023-07-11 12:50:13 - [TEST_STEP][PASSED] - verifyTextPresent("Provide the following taxpayer information", true): Text 'Provide the following taxpayer information' is present on page  using regular expression

2023-07-11 12:50:14 - [MESSAGE][PASSED] - Text 'Provide the following taxpayer information' is present on page  using regular expression

2023-07-11 12:50:14 - [TEST_STEP][PASSED] - verifyTextPresent("Note: If you are paying on behalf of the Taxpayer, enter Taxpayer", true): Text 'Note: If you are paying on behalf of the Taxpayer, enter Taxpayer' is present on page  using regular expression

2023-07-11 12:50:14 - [MESSAGE][PASSED] - Text 'Note: If you are paying on behalf of the Taxpayer, enter Taxpayer' is present on page  using regular expression

2023-07-11 12:50:14 - [TEST_STEP][PASSED] - verifyTextPresent("information here. If you are making a payment for the Taxpayer, you will be required later to enter your own credit card, billing address and other pertinent information", true): Text 'information here. If you are making a payment for the Taxpayer, you will be required later to enter your own credit card, billing address and other pertinent information' is present on page  using regular expression

2023-07-11 12:50:14 - [MESSAGE][PASSED] - Text 'information here. If you are making a payment for the Taxpayer, you will be required later to enter your own credit card, billing address and other pertinent information' is present on page  using regular expression

2023-07-11 12:50:14 - [TEST_STEP][PASSED] - verifyTextPresent("Address and Contact Information", true): Text 'Address and Contact Information' is present on page  using regular expression

2023-07-11 12:50:15 - [MESSAGE][PASSED] - Text 'Address and Contact Information' is present on page  using regular expression

2023-07-11 12:50:15 - [TEST_STEP][PASSED] - verifyTextPresent("Enter the taxpayer", true): Text 'Enter the taxpayer' is present on page  using regular expression

2023-07-11 12:50:15 - [MESSAGE][PASSED] - Text 'Enter the taxpayer' is present on page  using regular expression

2023-07-11 12:50:15 - [TEST_STEP][PASSED] - verifyTextPresent("address and contact information", true): Text 'address and contact information' is present on page  using regular expression

2023-07-11 12:50:16 - [MESSAGE][PASSED] - Text 'address and contact information' is present on page  using regular expression

2023-07-11 12:50:16 - [TEST_STEP][PASSED] - verifyTextPresent("Tax Information", true): Text 'Tax Information' is present on page  using regular expression

2023-07-11 12:50:16 - [MESSAGE][PASSED] - Text 'Tax Information' is present on page  using regular expression

2023-07-11 12:50:16 - [TEST_STEP][PASSED] - verifyTextPresent("Sales Tax Return Information", true): Text 'Sales Tax Return Information' is present on page  using regular expression

2023-07-11 12:50:16 - [MESSAGE][PASSED] - Text 'Sales Tax Return Information' is present on page  using regular expression

2023-07-11 12:50:16 - [TEST_STEP][PASSED] - verifyTextPresent("Check here if you are a marketplace facilitator", true): Text 'Check here if you are a marketplace facilitator' is present on page  using regular expression

2023-07-11 12:50:17 - [MESSAGE][PASSED] - Text 'Check here if you are a marketplace facilitator' is present on page  using regular expression

2023-07-11 12:50:17 - [TEST_STEP][PASSED] - verifyTextPresent("Check here if you are a person that engages in the business of an out-of-state vendor and in the previous calendar year you either", true): Text 'Check here if you are a person that engages in the business of an out-of-state vendor and in the previous calendar year you either' is present on page  using regular expression

2023-07-11 12:50:17 - [MESSAGE][PASSED] - Text 'Check here if you are a person that engages in the business of an out-of-state vendor and in the previous calendar year you either' is present on page  using regular expression

2023-07-11 12:50:17 - [TEST_STEP][PASSED] - verifyTextPresent("in gross revenue from the sale of tangible personal property or taxable services delivered in the State", true): Text 'in gross revenue from the sale of tangible personal property or taxable services delivered in the State' is present on page  using regular expression

2023-07-11 12:50:18 - [MESSAGE][PASSED] - Text 'in gross revenue from the sale of tangible personal property or taxable services delivered in the State' is present on page  using regular expression

2023-07-11 12:50:18 - [TEST_STEP][PASSED] - verifyTextPresent("sold tangible personal property or taxable services for delivery into the State in 200 or more separate transactions", true): Text 'sold tangible personal property or taxable services for delivery into the State in 200 or more separate transactions' is present on page  using regular expression

2023-07-11 12:50:18 - [MESSAGE][PASSED] - Text 'sold tangible personal property or taxable services for delivery into the State in 200 or more separate transactions' is present on page  using regular expression

2023-07-11 12:50:18 - [TEST_STEP][PASSED] - verifyTextPresent("Maryland Form 202", true): Text 'Maryland Form 202' is present on page  using regular expression

2023-07-11 12:50:19 - [MESSAGE][PASSED] - Text 'Maryland Form 202' is present on page  using regular expression

2023-07-11 12:50:19 - [TEST_STEP][PASSED] - verifyTextPresent("Refer to your Maryland Sales Tax Instructions to complete the following", true): Text 'Refer to your Maryland Sales Tax Instructions to complete the following' is present on page  using regular expression

2023-07-11 12:50:19 - [MESSAGE][PASSED] - Text 'Refer to your Maryland Sales Tax Instructions to complete the following' is present on page  using regular expression

2023-07-11 12:50:19 - [TEST_STEP][PASSED] - verifyTextPresent("Lines 19.a. through 19.c. are for returns with period end dates later than 7-1-2013", true): Text 'Lines 19.a. through 19.c. are for returns with period end dates later than 7-1-2013' is present on page  using regular expression

2023-07-11 12:50:20 - [MESSAGE][PASSED] - Text 'Lines 19.a. through 19.c. are for returns with period end dates later than 7-1-2013' is present on page  using regular expression

2023-07-11 12:50:20 - [TEST_STEP][PASSED] - verifyTextPresent("Payment Amount", true): Text 'Payment Amount' is present on page  using regular expression

2023-07-11 12:50:20 - [MESSAGE][PASSED] - Text 'Payment Amount' is present on page  using regular expression

2023-07-11 12:50:20 - [TEST_STEP][PASSED] - verifyTextPresent("Service Fee: This electronic government service includes a service/convenience fee. Click here for details", true): Text 'Service Fee: This electronic government service includes a service/convenience fee. Click here for details' is present on page  using regular expression

2023-07-11 12:50:20 - [MESSAGE][PASSED] - Text 'Service Fee: This electronic government service includes a service/convenience fee. Click here for details' is present on page  using regular expression

2023-07-11 12:50:20 - [TEST_STEP][PASSED] - verifyElementPresent(findTestObject(orPath_Amount + "/a_Click here for details"), 30): Object 'Object Repository/RAD_Pages/PaymentAmount_Page/a_Click here for details' is present

2023-07-11 12:50:21 - [MESSAGE][PASSED] - Object 'Object Repository/RAD_Pages/PaymentAmount_Page/a_Click here for details' is present

2023-07-11 12:50:21 - [TEST_STEP][PASSED] - verifyElementPresent(findTestObject(orPath_Landing + "/button_Continue"), 30): Object 'Object Repository/RAD_Pages/Landing_Page/button_Continue' is present

2023-07-11 12:50:21 - [MESSAGE][PASSED] - Object 'Object Repository/RAD_Pages/Landing_Page/button_Continue' is present

2023-07-11 12:50:21 - [TEST_STEP][PASSED] - verifyElementPresent(findTestObject(orPath_TaxPayer + "/input_businessName"), 30): Object 'Object Repository/RAD_Pages/Taxpayer_Page/input_businessName' is present

2023-07-11 12:50:22 - [MESSAGE][PASSED] - Object 'Object Repository/RAD_Pages/Taxpayer_Page/input_businessName' is present

2023-07-11 12:50:22 - [TEST_STEP][PASSED] - verifyElementPresent(findTestObject(orPath_TaxPayer + "/input_firstName"), 30): Object 'Object Repository/RAD_Pages/Taxpayer_Page/input_firstName' is present

2023-07-11 12:50:22 - [MESSAGE][PASSED] - Object 'Object Repository/RAD_Pages/Taxpayer_Page/input_firstName' is present

2023-07-11 12:50:22 - [TEST_STEP][PASSED] - verifyElementPresent(findTestObject(orPath_TaxPayer + "/input_middleName"), 30): Object 'Object Repository/RAD_Pages/Taxpayer_Page/input_middleName' is present

2023-07-11 12:50:22 - [MESSAGE][PASSED] - Object 'Object Repository/RAD_Pages/Taxpayer_Page/input_middleName' is present

2023-07-11 12:50:22 - [TEST_STEP][PASSED] - verifyElementPresent(findTestObject(orPath_TaxPayer + "/input_lastName"), 30): Object 'Object Repository/RAD_Pages/Taxpayer_Page/input_lastName' is present

2023-07-11 12:50:23 - [MESSAGE][PASSED] - Object 'Object Repository/RAD_Pages/Taxpayer_Page/input_lastName' is present

2023-07-11 12:50:23 - [TEST_STEP][PASSED] - verifyElementPresent(findTestObject(orPath_TaxPayer + "/input_suffix"), 30): Object 'Object Repository/RAD_Pages/Taxpayer_Page/input_suffix' is present

2023-07-11 12:50:23 - [MESSAGE][PASSED] - Object 'Object Repository/RAD_Pages/Taxpayer_Page/input_suffix' is present

2023-07-11 12:50:23 - [TEST_STEP][PASSED] - verifyElementPresent(findTestObject(orPath_AddressContact + "/select_Country"), 30): Object 'Object Repository/RAD_Pages/AddressAndContactInfo_Page/select_Country' is present

2023-07-11 12:50:23 - [MESSAGE][PASSED] - Object 'Object Repository/RAD_Pages/AddressAndContactInfo_Page/select_Country' is present

2023-07-11 12:50:23 - [TEST_STEP][PASSED] - verifyElementPresent(findTestObject(orPath_AddressContact + "/input_streetAddress1"), 30): Object 'Object Repository/RAD_Pages/AddressAndContactInfo_Page/input_streetAddress1' is present

2023-07-11 12:50:24 - [MESSAGE][PASSED] - Object 'Object Repository/RAD_Pages/AddressAndContactInfo_Page/input_streetAddress1' is present

2023-07-11 12:50:24 - [TEST_STEP][PASSED] - verifyElementPresent(findTestObject(orPath_AddressContact + "/input_streetAddress2"), 30): Object 'Object Repository/RAD_Pages/AddressAndContactInfo_Page/input_streetAddress2' is present

2023-07-11 12:50:24 - [MESSAGE][PASSED] - Object 'Object Repository/RAD_Pages/AddressAndContactInfo_Page/input_streetAddress2' is present

2023-07-11 12:50:24 - [TEST_STEP][PASSED] - verifyElementPresent(findTestObject(orPath_AddressContact + "/input_city"), 30): Object 'Object Repository/RAD_Pages/AddressAndContactInfo_Page/input_city' is present

2023-07-11 12:50:24 - [MESSAGE][PASSED] - Object 'Object Repository/RAD_Pages/AddressAndContactInfo_Page/input_city' is present

2023-07-11 12:50:24 - [TEST_STEP][PASSED] - verifyElementPresent(findTestObject(orPath_AddressContact + "/select_State"), 30): Object 'Object Repository/RAD_Pages/AddressAndContactInfo_Page/select_State' is present

2023-07-11 12:50:25 - [MESSAGE][PASSED] - Object 'Object Repository/RAD_Pages/AddressAndContactInfo_Page/select_State' is present

2023-07-11 12:50:25 - [TEST_STEP][PASSED] - verifyElementPresent(findTestObject(orPath_AddressContact + "/input_zipCode"), 30): Object 'Object Repository/RAD_Pages/AddressAndContactInfo_Page/input_zipCode' is present

2023-07-11 12:50:25 - [MESSAGE][PASSED] - Object 'Object Repository/RAD_Pages/AddressAndContactInfo_Page/input_zipCode' is present

2023-07-11 12:50:25 - [TEST_STEP][PASSED] - verifyElementPresent(findTestObject(orPath_AddressContact + "/input_phoneNumber"), 30): Object 'Object Repository/RAD_Pages/AddressAndContactInfo_Page/input_phoneNumber' is present

2023-07-11 12:50:25 - [MESSAGE][PASSED] - Object 'Object Repository/RAD_Pages/AddressAndContactInfo_Page/input_phoneNumber' is present

2023-07-11 12:50:25 - [TEST_STEP][PASSED] - verifyElementPresent(findTestObject(orPath_AddressContact + "/input_eMailAddress"), 30): Object 'Object Repository/RAD_Pages/AddressAndContactInfo_Page/input_eMailAddress' is present

2023-07-11 12:50:26 - [MESSAGE][PASSED] - Object 'Object Repository/RAD_Pages/AddressAndContactInfo_Page/input_eMailAddress' is present

2023-07-11 12:50:26 - [TEST_STEP][PASSED] - verifyElementPresent(findTestObject(orPath_AddressContact + "/input_reEnterEMailAddress"), 30): Object 'Object Repository/RAD_Pages/AddressAndContactInfo_Page/input_reEnterEMailAddress' is present

2023-07-11 12:50:26 - [MESSAGE][PASSED] - Object 'Object Repository/RAD_Pages/AddressAndContactInfo_Page/input_reEnterEMailAddress' is present

2023-07-11 12:50:26 - [TEST_STEP][PASSED] - verifyOptionsPresent(findTestObject(orPath_AddressContact + "/select_Country"), ["United States"]): Options [United States] present.

2023-07-11 12:50:27 - [MESSAGE][PASSED] - Options [United States] present.

2023-07-11 12:50:27 - [TEST_STEP][PASSED] - verifyOptionsPresent(findTestObject(orPath_AddressContact + "/select_State"), ["Alabama", "District of Columbia", "Maryland", "Virginia", "Wyoming"]): Options [Alabama, District of Columbia, Maryland, Virginia, Wyoming] present.

2023-07-11 12:50:28 - [MESSAGE][PASSED] - Options [Alabama, District of Columbia, Maryland, Virginia, Wyoming] present.

2023-07-11 12:50:28 - [TEST_STEP][PASSED] - totalOptionsState = getNumberOfTotalOption(findTestObject(orPath_AddressContact + "/select_State")): 52 options of object 'Object Repository/RAD_Pages/AddressAndContactInfo_Page/select_State' counted

2023-07-11 12:50:28 - [MESSAGE][PASSED] - 52 options of object 'Object Repository/RAD_Pages/AddressAndContactInfo_Page/select_State' counted

2023-07-11 12:50:28 - [TEST_STEP][PASSED] - verifyEqual(totalOptionsState, 52): Actual object '52' and expected object '52' are equal

2023-07-11 12:50:28 - [MESSAGE][PASSED] - Actual object '52' and expected object '52' are equal

2023-07-11 12:50:28 - [TEST_STEP][PASSED] - verifyElementVisible(findTestObject(orPath_TaxInfo + "/input_FederalEIN")): Object 'Object Repository/RAD_Pages/TaxInfo_Page/input_FederalEIN' is visible

2023-07-11 12:50:29 - [MESSAGE][PASSED] - Object 'Object Repository/RAD_Pages/TaxInfo_Page/input_FederalEIN' is visible

2023-07-11 12:50:29 - [TEST_STEP][PASSED] - verifyElementVisible(findTestObject(orPath_TaxInfo + "/input_FederalEIN_ReEnter")): Object 'Object Repository/RAD_Pages/TaxInfo_Page/input_FederalEIN_ReEnter' is visible

2023-07-11 12:50:29 - [MESSAGE][PASSED] - Object 'Object Repository/RAD_Pages/TaxInfo_Page/input_FederalEIN_ReEnter' is visible

2023-07-11 12:50:29 - [TEST_STEP][PASSED] - verifyElementPresent(findTestObject("Object Repository/RAD_RecordAndPlay/input_MDCRegistration"), 30): Object 'Object Repository/RAD_RecordAndPlay/input_MDCRegistration' is present

2023-07-11 12:50:30 - [MESSAGE][PASSED] - Object 'Object Repository/RAD_RecordAndPlay/input_MDCRegistration' is present

2023-07-11 12:50:30 - [TEST_STEP][PASSED] - verifyElementPresent(findTestObject(orPath_SalesTaxReturnInfo + "/input_MarketplaceFacilitator"), 30): Object 'Object Repository/RAD_Pages/SalesTaxReturnInfo_Page/input_MarketplaceFacilitator' is present

2023-07-11 12:50:30 - [MESSAGE][PASSED] - Object 'Object Repository/RAD_Pages/SalesTaxReturnInfo_Page/input_MarketplaceFacilitator' is present

2023-07-11 12:50:30 - [TEST_STEP][PASSED] - verifyElementPresent(findTestObject(orPath_SalesTaxReturnInfo + "/input_OutOfStateVendor"), 30): Object 'Object Repository/RAD_Pages/SalesTaxReturnInfo_Page/input_OutOfStateVendor' is present

2023-07-11 12:50:30 - [MESSAGE][PASSED] - Object 'Object Repository/RAD_Pages/SalesTaxReturnInfo_Page/input_OutOfStateVendor' is present

2023-07-11 12:50:30 - [TEST_STEP][PASSED] - verifyElementPresent(findTestObject(orPath_Amount + "/input__paymentAmount"), 30): Object 'Object Repository/RAD_Pages/PaymentAmount_Page/input__paymentAmount' is present

2023-07-11 12:50:31 - [MESSAGE][PASSED] - Object 'Object Repository/RAD_Pages/PaymentAmount_Page/input__paymentAmount' is present

2023-07-11 12:50:31 - [TEST_STEP][PASSED] - verifyElementPresent(findTestObject(orPath_Amount + "/input__PaymentDue1"), 30): Object 'Object Repository/RAD_Pages/PaymentAmount_Page/input__PaymentDue1' is present

2023-07-11 12:50:31 - [MESSAGE][PASSED] - Object 'Object Repository/RAD_Pages/PaymentAmount_Page/input__PaymentDue1' is present

2023-07-11 12:50:31 - [TEST_STEP][PASSED] - selectOptionByLabel(findTestObject(orPath_TaxTypeFilingYear + "/select_FilingYear"), "2021", false): All options with label '2021' are selected in object 'Object Repository/RAD_Pages/TaxTypeFilingYear_Page/select_FilingYear' 

2023-07-11 12:50:32 - [MESSAGE][PASSED] - All options with label '2021' are selected in object 'Object Repository/RAD_Pages/TaxTypeFilingYear_Page/select_FilingYear' 

2023-07-11 12:50:32 - [TEST_STEP][PASSED] - totalOptionsPeriodEnding2 = getNumberOfTotalOption(findTestObject(orPath_TaxTypeFilingYear + "/select_PeriodEnding")): 13 options of object 'Object Repository/RAD_Pages/TaxTypeFilingYear_Page/select_PeriodEnding' counted

2023-07-11 12:50:32 - [MESSAGE][PASSED] - 13 options of object 'Object Repository/RAD_Pages/TaxTypeFilingYear_Page/select_PeriodEnding' counted

2023-07-11 12:50:32 - [TEST_STEP][PASSED] - verifyEqual(totalOptionsPeriodEnding2, 13): Actual object '13' and expected object '13' are equal

2023-07-11 12:50:32 - [MESSAGE][PASSED] - Actual object '13' and expected object '13' are equal

2023-07-11 12:50:32 - [TEST_STEP][PASSED] - verifyOptionsPresent(findTestObject(orPath_TaxTypeFilingYear + "/select_PeriodEnding"), ["January", "February", "March", "April", "May", "June"]): Options [January, February, March, April, May, June] present.

2023-07-11 12:50:33 - [MESSAGE][PASSED] - Options [January, February, March, April, May, June] present.

2023-07-11 12:50:33 - [TEST_STEP][PASSED] - verifyOptionsPresent(findTestObject(orPath_TaxTypeFilingYear + "/select_PeriodEnding"), ["July", "August", "September", "October", "November", "December"]): Options [July, August, September, October, November, December] present.

2023-07-11 12:50:34 - [MESSAGE][PASSED] - Options [July, August, September, October, November, December] present.

2023-07-11 12:50:34 - [TEST_STEP][PASSED] - selectOptionByLabel(findTestObject(orPath_TaxTypeFilingYear + "/select_FilingYear"), "2022", false): All options with label '2022' are selected in object 'Object Repository/RAD_Pages/TaxTypeFilingYear_Page/select_FilingYear' 

2023-07-11 12:50:35 - [MESSAGE][PASSED] - All options with label '2022' are selected in object 'Object Repository/RAD_Pages/TaxTypeFilingYear_Page/select_FilingYear' 

2023-07-11 12:50:35 - [TEST_STEP][PASSED] - totalOptionsPeriodEnding3 = getNumberOfTotalOption(findTestObject(orPath_TaxTypeFilingYear + "/select_PeriodEnding")): 13 options of object 'Object Repository/RAD_Pages/TaxTypeFilingYear_Page/select_PeriodEnding' counted

2023-07-11 12:50:35 - [MESSAGE][PASSED] - 13 options of object 'Object Repository/RAD_Pages/TaxTypeFilingYear_Page/select_PeriodEnding' counted

2023-07-11 12:50:35 - [TEST_STEP][PASSED] - verifyEqual(totalOptionsPeriodEnding3, 13): Actual object '13' and expected object '13' are equal

2023-07-11 12:50:35 - [MESSAGE][PASSED] - Actual object '13' and expected object '13' are equal

2023-07-11 12:50:35 - [TEST_STEP][PASSED] - verifyOptionsPresent(findTestObject(orPath_TaxTypeFilingYear + "/select_PeriodEnding"), ["January", "February", "March", "April", "May", "June"]): Options [January, February, March, April, May, June] present.

2023-07-11 12:50:36 - [MESSAGE][PASSED] - Options [January, February, March, April, May, June] present.

2023-07-11 12:50:36 - [TEST_STEP][PASSED] - verifyOptionsPresent(findTestObject(orPath_TaxTypeFilingYear + "/select_PeriodEnding"), ["July", "August", "September", "October", "November", "December"]): Options [July, August, September, October, November, December] present.

2023-07-11 12:50:37 - [MESSAGE][PASSED] - Options [July, August, September, October, November, December] present.

2023-07-11 12:50:37 - [TEST_STEP][PASSED] - selectOptionByLabel(findTestObject(orPath_TaxTypeFilingYear + "/select_FilingYear"), "2023", false): All options with label '2023' are selected in object 'Object Repository/RAD_Pages/TaxTypeFilingYear_Page/select_FilingYear' 

2023-07-11 12:50:37 - [MESSAGE][PASSED] - All options with label '2023' are selected in object 'Object Repository/RAD_Pages/TaxTypeFilingYear_Page/select_FilingYear' 

2023-07-11 12:50:37 - [TEST_STEP][PASSED] - totalOptionsPeriodEnding4 = getNumberOfTotalOption(findTestObject(orPath_TaxTypeFilingYear + "/select_PeriodEnding")): 7 options of object 'Object Repository/RAD_Pages/TaxTypeFilingYear_Page/select_PeriodEnding' counted

2023-07-11 12:50:38 - [MESSAGE][PASSED] - 7 options of object 'Object Repository/RAD_Pages/TaxTypeFilingYear_Page/select_PeriodEnding' counted

2023-07-11 12:50:38 - [TEST_STEP][PASSED] - verifyEqual(totalOptionsPeriodEnding4, 7): Actual object '7' and expected object '7' are equal

2023-07-11 12:50:38 - [MESSAGE][PASSED] - Actual object '7' and expected object '7' are equal

2023-07-11 12:50:38 - [TEST_STEP][PASSED] - verifyOptionsPresent(findTestObject(orPath_TaxTypeFilingYear + "/select_PeriodEnding"), ["January", "February", "March", "April", "May", "June"]): Options [January, February, March, April, May, June] present.

2023-07-11 12:50:39 - [MESSAGE][PASSED] - Options [January, February, March, April, May, June] present.

2023-07-11 12:50:39 - [TEST_STEP][PASSED] - verifyOptionNotPresentByValue(findTestObject(orPath_TaxTypeFilingYear + "/select_PeriodEnding"), "July", false, 30): There is no option with value 'July' present in object 'Object Repository/RAD_Pages/TaxTypeFilingYear_Page/select_PeriodEnding' 

2023-07-11 12:50:40 - [MESSAGE][PASSED] - There is no option with value 'July' present in object 'Object Repository/RAD_Pages/TaxTypeFilingYear_Page/select_PeriodEnding' 

2023-07-11 12:50:40 - [TEST_STEP][PASSED] - verifyOptionNotPresentByValue(findTestObject(orPath_TaxTypeFilingYear + "/select_PeriodEnding"), "August", false, 30): There is no option with value 'August' present in object 'Object Repository/RAD_Pages/TaxTypeFilingYear_Page/select_PeriodEnding' 

2023-07-11 12:50:40 - [MESSAGE][PASSED] - There is no option with value 'August' present in object 'Object Repository/RAD_Pages/TaxTypeFilingYear_Page/select_PeriodEnding' 

2023-07-11 12:50:40 - [TEST_STEP][PASSED] - verifyOptionNotPresentByValue(findTestObject(orPath_TaxTypeFilingYear + "/select_PeriodEnding"), "September", false, 30): There is no option with value 'September' present in object 'Object Repository/RAD_Pages/TaxTypeFilingYear_Page/select_PeriodEnding' 

2023-07-11 12:50:41 - [MESSAGE][PASSED] - There is no option with value 'September' present in object 'Object Repository/RAD_Pages/TaxTypeFilingYear_Page/select_PeriodEnding' 

2023-07-11 12:50:41 - [TEST_STEP][PASSED] - verifyOptionNotPresentByValue(findTestObject(orPath_TaxTypeFilingYear + "/select_PeriodEnding"), "October", false, 30): There is no option with value 'October' present in object 'Object Repository/RAD_Pages/TaxTypeFilingYear_Page/select_PeriodEnding' 

2023-07-11 12:50:42 - [MESSAGE][PASSED] - There is no option with value 'October' present in object 'Object Repository/RAD_Pages/TaxTypeFilingYear_Page/select_PeriodEnding' 

2023-07-11 12:50:42 - [TEST_STEP][PASSED] - verifyOptionNotPresentByValue(findTestObject(orPath_TaxTypeFilingYear + "/select_PeriodEnding"), "November", false, 30): There is no option with value 'November' present in object 'Object Repository/RAD_Pages/TaxTypeFilingYear_Page/select_PeriodEnding' 

2023-07-11 12:50:42 - [MESSAGE][PASSED] - There is no option with value 'November' present in object 'Object Repository/RAD_Pages/TaxTypeFilingYear_Page/select_PeriodEnding' 

2023-07-11 12:50:42 - [TEST_STEP][PASSED] - verifyOptionNotPresentByValue(findTestObject(orPath_TaxTypeFilingYear + "/select_PeriodEnding"), "December", false, 30): There is no option with value 'December' present in object 'Object Repository/RAD_Pages/TaxTypeFilingYear_Page/select_PeriodEnding' 

2023-07-11 12:50:43 - [MESSAGE][PASSED] - There is no option with value 'December' present in object 'Object Repository/RAD_Pages/TaxTypeFilingYear_Page/select_PeriodEnding']]></system-out>
         <system-err><![CDATA[]]></system-err>
      </testcase>
      <testcase name="Test Cases/RAD_TestCases/UI_TestCases/SaleAndUseMarketplaceFacilitator_UI_TC" time="10.641" classname="Test Cases/RAD_TestCases/UI_TestCases/SaleAndUseMarketplaceFacilitator_UI_TC" status="PASSED">
         <system-out><![CDATA[2023-07-11 12:50:43 - [TEST_CASE][PASSED] - Test Cases/RAD_TestCases/UI_TestCases/SaleAndUseMarketplaceFacilitator_UI_TC: Test Cases/RAD_TestCases/UI_TestCases/SaleAndUseMarketplaceFacilitator_UI_TC

2023-07-11 12:50:44 - [TEST_STEP][PASSED] - openBrowser(""): Browser is opened with url: ''

2023-07-11 12:50:44 - [MESSAGE][WARNING] - A browser is already opened. Closing browser and opening a new one

2023-07-11 12:50:44 - [MESSAGE][INFO] - Starting 'Chrome' driver

2023-07-11 12:50:44 - [MESSAGE][INFO] - User set preference: ['acceptInsecureCerts', 'true']

2023-07-11 12:50:44 - [MESSAGE][INFO] - Action delay is set to 0 milliseconds

2023-07-11 12:50:46 - [MESSAGE][PASSED] - Browser is opened with url: ''

2023-07-11 12:50:46 - [TEST_STEP][PASSED] - maximizeWindow(): Current window maximized

2023-07-11 12:50:46 - [MESSAGE][PASSED] - Current window maximized

2023-07-11 12:50:46 - [TEST_STEP][PASSED] - navigateToUrl(RADurl): Navigate to 'https://demo.velocitypayment.com/client/rad/index.html' successfully

2023-07-11 12:50:48 - [MESSAGE][PASSED] - Navigate to 'https://demo.velocitypayment.com/client/rad/index.html' successfully

2023-07-11 12:50:48 - [TEST_STEP][PASSED] - orPath_Landing = "Object Repository/RAD_Pages/Landing_Page": null

2023-07-11 12:50:48 - [TEST_STEP][PASSED] - orPath_TaxTypeFilingYear = "Object Repository/RAD_Pages/TaxTypeFilingYear_Page": null

2023-07-11 12:50:48 - [TEST_STEP][PASSED] - orPath_TaxPayer = "Object Repository/RAD_Pages/Taxpayer_Page": null

2023-07-11 12:50:48 - [TEST_STEP][PASSED] - orPath_AddressContact = "Object Repository/RAD_Pages/AddressAndContactInfo_Page": null

2023-07-11 12:50:48 - [TEST_STEP][PASSED] - orPath_TaxInfo = "Object Repository/RAD_Pages/TaxInfo_Page": null

2023-07-11 12:50:48 - [TEST_STEP][PASSED] - orPath_Withholding = "Object Repository/RAD_Pages/Withholding_Page": null

2023-07-11 12:50:48 - [TEST_STEP][PASSED] - orPath_FilingStatus = "Object Repository/RAD_Pages/FilingStatus_Page": null

2023-07-11 12:50:48 - [TEST_STEP][PASSED] - orPath_Amount = "Object Repository/RAD_Pages/PaymentAmount_Page": null

2023-07-11 12:50:48 - [TEST_STEP][PASSED] - orPath_SalesTaxReturnInfo = "Object Repository/RAD_Pages/SalesTaxReturnInfo_Page": null

2023-07-11 12:50:48 - [TEST_STEP][PASSED] - selectOptionByLabel(findTestObject(orPath_Landing + "/dd_TaxType"), "Sales and Use", false): All options with label 'Sales and Use' are selected in object 'Object Repository/RAD_Pages/Landing_Page/dd_TaxType' 

2023-07-11 12:50:48 - [MESSAGE][PASSED] - All options with label 'Sales and Use' are selected in object 'Object Repository/RAD_Pages/Landing_Page/dd_TaxType' 

2023-07-11 12:50:48 - [TEST_STEP][PASSED] - scrollToElement(findTestObject(orPath_SalesTaxReturnInfo + "/input_OutOfStateVendor"), 3): Scroll to object 'Object Repository/RAD_Pages/SalesTaxReturnInfo_Page/input_OutOfStateVendor' successfully

2023-07-11 12:50:49 - [MESSAGE][PASSED] - Scroll to object 'Object Repository/RAD_Pages/SalesTaxReturnInfo_Page/input_OutOfStateVendor' successfully

2023-07-11 12:50:49 - [TEST_STEP][PASSED] - click(findTestObject(orPath_SalesTaxReturnInfo + "/input_MarketplaceFacilitator")): Object: 'Object Repository/RAD_Pages/SalesTaxReturnInfo_Page/input_MarketplaceFacilitator' is clicked on

2023-07-11 12:50:49 - [MESSAGE][PASSED] - Object: 'Object Repository/RAD_Pages/SalesTaxReturnInfo_Page/input_MarketplaceFacilitator' is clicked on

2023-07-11 12:50:49 - [TEST_STEP][PASSED] - verifyTextPresent("Maryland Form 202F", true): Text 'Maryland Form 202F' is present on page  using regular expression

2023-07-11 12:50:50 - [MESSAGE][PASSED] - Text 'Maryland Form 202F' is present on page  using regular expression

2023-07-11 12:50:50 - [TEST_STEP][PASSED] - verifyTextPresent("To be completed by marketplace facilitator. Refer to your Maryland Sales Tax Instructions to complete the following.", true): Text 'To be completed by marketplace facilitator. Refer to your Maryland Sales Tax Instructions to complete the following.' is present on page  using regular expression

2023-07-11 12:50:50 - [MESSAGE][PASSED] - Text 'To be completed by marketplace facilitator. Refer to your Maryland Sales Tax Instructions to complete the following.' is present on page  using regular expression

2023-07-11 12:50:50 - [TEST_STEP][PASSED] - verifyTextPresent("Maryland Form 202", true): Text 'Maryland Form 202' is present on page  using regular expression

2023-07-11 12:50:51 - [MESSAGE][PASSED] - Text 'Maryland Form 202' is present on page  using regular expression

2023-07-11 12:50:51 - [TEST_STEP][PASSED] - verifyTextPresent("Refer to your Maryland Sales Tax Instructions to complete the following", true): Text 'Refer to your Maryland Sales Tax Instructions to complete the following' is present on page  using regular expression

2023-07-11 12:50:51 - [MESSAGE][PASSED] - Text 'Refer to your Maryland Sales Tax Instructions to complete the following' is present on page  using regular expression

2023-07-11 12:50:51 - [TEST_STEP][PASSED] - verifyTextPresent("Maryland Form 202", true): Text 'Maryland Form 202' is present on page  using regular expression

2023-07-11 12:50:52 - [MESSAGE][PASSED] - Text 'Maryland Form 202' is present on page  using regular expression

2023-07-11 12:50:52 - [TEST_STEP][PASSED] - verifyTextPresent("Refer to your Maryland Sales Tax Instructions to complete the following", true): Text 'Refer to your Maryland Sales Tax Instructions to complete the following' is present on page  using regular expression

2023-07-11 12:50:52 - [MESSAGE][PASSED] - Text 'Refer to your Maryland Sales Tax Instructions to complete the following' is present on page  using regular expression

2023-07-11 12:50:52 - [TEST_STEP][PASSED] - verifyElementPresent(findTestObject("Object Repository/RAD_Pages/MarylandForm202F_Page/input__Line6a"), 30): Object 'Object Repository/RAD_Pages/MarylandForm202F_Page/input__Line6a' is present

2023-07-11 12:50:52 - [MESSAGE][PASSED] - Object 'Object Repository/RAD_Pages/MarylandForm202F_Page/input__Line6a' is present

2023-07-11 12:50:52 - [TEST_STEP][PASSED] - verifyElementPresent(findTestObject("Object Repository/RAD_Pages/MarylandForm202F_Page/input__Line4a"), 30): Object 'Object Repository/RAD_Pages/MarylandForm202F_Page/input__Line4a' is present

2023-07-11 12:50:53 - [MESSAGE][PASSED] - Object 'Object Repository/RAD_Pages/MarylandForm202F_Page/input__Line4a' is present

2023-07-11 12:50:53 - [TEST_STEP][PASSED] - verifyElementPresent(findTestObject("Object Repository/RAD_Pages/MarylandForm202F_Page/input__Line3a"), 30): Object 'Object Repository/RAD_Pages/MarylandForm202F_Page/input__Line3a' is present

2023-07-11 12:50:53 - [MESSAGE][PASSED] - Object 'Object Repository/RAD_Pages/MarylandForm202F_Page/input__Line3a' is present

2023-07-11 12:50:53 - [TEST_STEP][PASSED] - verifyElementPresent(findTestObject("Object Repository/RAD_Pages/MarylandForm202F_Page/input__Line2a"), 30): Object 'Object Repository/RAD_Pages/MarylandForm202F_Page/input__Line2a' is present

2023-07-11 12:50:53 - [MESSAGE][PASSED] - Object 'Object Repository/RAD_Pages/MarylandForm202F_Page/input__Line2a' is present

2023-07-11 12:50:53 - [TEST_STEP][PASSED] - verifyElementPresent(findTestObject("Object Repository/RAD_Pages/MarylandForm202F_Page/input__Line1"), 30): Object 'Object Repository/RAD_Pages/MarylandForm202F_Page/input__Line1' is present

2023-07-11 12:50:54 - [MESSAGE][PASSED] - Object 'Object Repository/RAD_Pages/MarylandForm202F_Page/input__Line1' is present]]></system-out>
         <system-err><![CDATA[]]></system-err>
      </testcase>
      <testcase name="Test Cases/RAD_TestCases/UI_TestCases/SaleAndUseMDForm202_UI_TC" time="9.073" classname="Test Cases/RAD_TestCases/UI_TestCases/SaleAndUseMDForm202_UI_TC" status="PASSED">
         <system-out><![CDATA[2023-07-11 12:50:54 - [TEST_CASE][PASSED] - Test Cases/RAD_TestCases/UI_TestCases/SaleAndUseMDForm202_UI_TC: Test Cases/RAD_TestCases/UI_TestCases/SaleAndUseMDForm202_UI_TC

2023-07-11 12:50:54 - [TEST_STEP][PASSED] - openBrowser(""): Browser is opened with url: ''

2023-07-11 12:50:54 - [MESSAGE][WARNING] - A browser is already opened. Closing browser and opening a new one

2023-07-11 12:50:55 - [MESSAGE][INFO] - Starting 'Chrome' driver

2023-07-11 12:50:55 - [MESSAGE][INFO] - User set preference: ['acceptInsecureCerts', 'true']

2023-07-11 12:50:55 - [MESSAGE][INFO] - Action delay is set to 0 milliseconds

2023-07-11 12:50:56 - [MESSAGE][PASSED] - Browser is opened with url: ''

2023-07-11 12:50:56 - [TEST_STEP][PASSED] - maximizeWindow(): Current window maximized

2023-07-11 12:50:57 - [MESSAGE][PASSED] - Current window maximized

2023-07-11 12:50:57 - [TEST_STEP][PASSED] - navigateToUrl(RADurl): Navigate to 'https://demo.velocitypayment.com/client/rad/index.html' successfully

2023-07-11 12:50:58 - [MESSAGE][PASSED] - Navigate to 'https://demo.velocitypayment.com/client/rad/index.html' successfully

2023-07-11 12:50:58 - [TEST_STEP][PASSED] - orPath_Landing = "Object Repository/RAD_Pages/Landing_Page": null

2023-07-11 12:50:58 - [TEST_STEP][PASSED] - orPath_TaxTypeFilingYear = "Object Repository/RAD_Pages/TaxTypeFilingYear_Page": null

2023-07-11 12:50:58 - [TEST_STEP][PASSED] - orPath_TaxPayer = "Object Repository/RAD_Pages/Taxpayer_Page": null

2023-07-11 12:50:58 - [TEST_STEP][PASSED] - orPath_AddressContact = "Object Repository/RAD_Pages/AddressAndContactInfo_Page": null

2023-07-11 12:50:58 - [TEST_STEP][PASSED] - orPath_TaxInfo = "Object Repository/RAD_Pages/TaxInfo_Page": null

2023-07-11 12:50:58 - [TEST_STEP][PASSED] - orPath_Withholding = "Object Repository/RAD_Pages/Withholding_Page": null

2023-07-11 12:50:58 - [TEST_STEP][PASSED] - orPath_FilingStatus = "Object Repository/RAD_Pages/FilingStatus_Page": null

2023-07-11 12:50:58 - [TEST_STEP][PASSED] - orPath_Amount = "Object Repository/RAD_Pages/PaymentAmount_Page": null

2023-07-11 12:50:58 - [TEST_STEP][PASSED] - orPath_SalesTaxReturnInfo = "Object Repository/RAD_Pages/SalesTaxReturnInfo_Page": null

2023-07-11 12:50:58 - [TEST_STEP][PASSED] - orPath_MDForm202 = "Object Repository/RAD_Pages/MarylandForm202_Page": null

2023-07-11 12:50:58 - [TEST_STEP][PASSED] - selectOptionByLabel(findTestObject(orPath_Landing + "/dd_TaxType"), "Sales and Use", false): All options with label 'Sales and Use' are selected in object 'Object Repository/RAD_Pages/Landing_Page/dd_TaxType' 

2023-07-11 12:50:59 - [MESSAGE][PASSED] - All options with label 'Sales and Use' are selected in object 'Object Repository/RAD_Pages/Landing_Page/dd_TaxType' 

2023-07-11 12:50:59 - [TEST_STEP][PASSED] - verifyElementPresent(findTestObject(orPath_MDForm202 + "/input__Line3"), 30): Object 'Object Repository/RAD_Pages/MarylandForm202_Page/input__Line3' is present

2023-07-11 12:50:59 - [MESSAGE][PASSED] - Object 'Object Repository/RAD_Pages/MarylandForm202_Page/input__Line3' is present

2023-07-11 12:50:59 - [TEST_STEP][PASSED] - verifyElementPresent(findTestObject(orPath_MDForm202 + "/input__Line4a"), 30): Object 'Object Repository/RAD_Pages/MarylandForm202_Page/input__Line4a' is present

2023-07-11 12:50:59 - [MESSAGE][PASSED] - Object 'Object Repository/RAD_Pages/MarylandForm202_Page/input__Line4a' is present

2023-07-11 12:50:59 - [TEST_STEP][PASSED] - verifyElementPresent(findTestObject(orPath_MDForm202 + "/input__Line5a"), 30): Object 'Object Repository/RAD_Pages/MarylandForm202_Page/input__Line5a' is present

2023-07-11 12:51:00 - [MESSAGE][PASSED] - Object 'Object Repository/RAD_Pages/MarylandForm202_Page/input__Line5a' is present

2023-07-11 12:51:00 - [TEST_STEP][PASSED] - verifyElementPresent(findTestObject(orPath_MDForm202 + "/input__Line6a"), 30): Object 'Object Repository/RAD_Pages/MarylandForm202_Page/input__Line6a' is present

2023-07-11 12:51:00 - [MESSAGE][PASSED] - Object 'Object Repository/RAD_Pages/MarylandForm202_Page/input__Line6a' is present

2023-07-11 12:51:00 - [TEST_STEP][PASSED] - verifyElementPresent(findTestObject(orPath_MDForm202 + "/input__Line8a"), 30): Object 'Object Repository/RAD_Pages/MarylandForm202_Page/input__Line8a' is present

2023-07-11 12:51:00 - [MESSAGE][PASSED] - Object 'Object Repository/RAD_Pages/MarylandForm202_Page/input__Line8a' is present

2023-07-11 12:51:00 - [TEST_STEP][PASSED] - verifyElementPresent(findTestObject(orPath_MDForm202 + "/input__Line12a"), 30): Object 'Object Repository/RAD_Pages/MarylandForm202_Page/input__Line12a' is present

2023-07-11 12:51:01 - [MESSAGE][PASSED] - Object 'Object Repository/RAD_Pages/MarylandForm202_Page/input__Line12a' is present

2023-07-11 12:51:01 - [TEST_STEP][PASSED] - verifyElementPresent(findTestObject(orPath_MDForm202 + "/input__Line13a"), 30): Object 'Object Repository/RAD_Pages/MarylandForm202_Page/input__Line13a' is present

2023-07-11 12:51:01 - [MESSAGE][PASSED] - Object 'Object Repository/RAD_Pages/MarylandForm202_Page/input__Line13a' is present

2023-07-11 12:51:01 - [TEST_STEP][PASSED] - verifyElementPresent(findTestObject(orPath_MDForm202 + "/input__Line13"), 30): Object 'Object Repository/RAD_Pages/MarylandForm202_Page/input__Line13' is present

2023-07-11 12:51:01 - [MESSAGE][PASSED] - Object 'Object Repository/RAD_Pages/MarylandForm202_Page/input__Line13' is present

2023-07-11 12:51:01 - [TEST_STEP][PASSED] - verifyElementPresent(findTestObject(orPath_MDForm202 + "/input__Line14"), 30): Object 'Object Repository/RAD_Pages/MarylandForm202_Page/input__Line14' is present

2023-07-11 12:51:02 - [MESSAGE][PASSED] - Object 'Object Repository/RAD_Pages/MarylandForm202_Page/input__Line14' is present

2023-07-11 12:51:02 - [TEST_STEP][PASSED] - verifyElementPresent(findTestObject(orPath_MDForm202 + "/input__Line15"), 30): Object 'Object Repository/RAD_Pages/MarylandForm202_Page/input__Line15' is present

2023-07-11 12:51:02 - [MESSAGE][PASSED] - Object 'Object Repository/RAD_Pages/MarylandForm202_Page/input__Line15' is present

2023-07-11 12:51:02 - [TEST_STEP][PASSED] - verifyElementPresent(findTestObject(orPath_MDForm202 + "/input__Line17a"), 30): Object 'Object Repository/RAD_Pages/MarylandForm202_Page/input__Line17a' is present

2023-07-11 12:51:02 - [MESSAGE][PASSED] - Object 'Object Repository/RAD_Pages/MarylandForm202_Page/input__Line17a' is present

2023-07-11 12:51:02 - [TEST_STEP][PASSED] - verifyElementPresent(findTestObject(orPath_MDForm202 + "/input__Line17b"), 30): Object 'Object Repository/RAD_Pages/MarylandForm202_Page/input__Line17b' is present

2023-07-11 12:51:03 - [MESSAGE][PASSED] - Object 'Object Repository/RAD_Pages/MarylandForm202_Page/input__Line17b' is present

2023-07-11 12:51:03 - [TEST_STEP][PASSED] - verifyElementPresent(findTestObject(orPath_MDForm202 + "/input__Line19a"), 30): Object 'Object Repository/RAD_Pages/MarylandForm202_Page/input__Line19a' is present

2023-07-11 12:51:03 - [MESSAGE][PASSED] - Object 'Object Repository/RAD_Pages/MarylandForm202_Page/input__Line19a' is present]]></system-out>
         <system-err><![CDATA[]]></system-err>
      </testcase>
      <testcase name="Test Cases/RAD_TestCases/UI_TestCases/ExistingLiability_UI_TC" time="21.013" classname="Test Cases/RAD_TestCases/UI_TestCases/ExistingLiability_UI_TC" status="PASSED">
         <system-out><![CDATA[2023-07-11 12:51:03 - [TEST_CASE][PASSED] - Test Cases/RAD_TestCases/UI_TestCases/ExistingLiability_UI_TC: Test Cases/RAD_TestCases/UI_TestCases/ExistingLiability_UI_TC

2023-07-11 12:51:03 - [TEST_STEP][PASSED] - openBrowser(""): Browser is opened with url: ''

2023-07-11 12:51:03 - [MESSAGE][WARNING] - A browser is already opened. Closing browser and opening a new one

2023-07-11 12:51:04 - [MESSAGE][INFO] - Starting 'Chrome' driver

2023-07-11 12:51:04 - [MESSAGE][INFO] - User set preference: ['acceptInsecureCerts', 'true']

2023-07-11 12:51:04 - [MESSAGE][INFO] - Action delay is set to 0 milliseconds

2023-07-11 12:51:06 - [MESSAGE][PASSED] - Browser is opened with url: ''

2023-07-11 12:51:06 - [TEST_STEP][PASSED] - maximizeWindow(): Current window maximized

2023-07-11 12:51:06 - [MESSAGE][PASSED] - Current window maximized

2023-07-11 12:51:06 - [TEST_STEP][PASSED] - navigateToUrl(RADurl): Navigate to 'https://demo.velocitypayment.com/client/rad/index.html' successfully

2023-07-11 12:51:07 - [MESSAGE][PASSED] - Navigate to 'https://demo.velocitypayment.com/client/rad/index.html' successfully

2023-07-11 12:51:07 - [TEST_STEP][PASSED] - orPath_Landing = "Object Repository/RAD_Pages/Landing_Page": null

2023-07-11 12:51:07 - [TEST_STEP][PASSED] - orPath_TaxTypeFilingYear = "Object Repository/RAD_Pages/TaxTypeFilingYear_Page": null

2023-07-11 12:51:07 - [TEST_STEP][PASSED] - orPath_TaxPayer = "Object Repository/RAD_Pages/Taxpayer_Page": null

2023-07-11 12:51:07 - [TEST_STEP][PASSED] - orPath_AddressContact = "Object Repository/RAD_Pages/AddressAndContactInfo_Page": null

2023-07-11 12:51:07 - [TEST_STEP][PASSED] - orPath_TaxInfo = "Object Repository/RAD_Pages/TaxInfo_Page": null

2023-07-11 12:51:07 - [TEST_STEP][PASSED] - orPath_Withholding = "Object Repository/RAD_Pages/Withholding_Page": null

2023-07-11 12:51:07 - [TEST_STEP][PASSED] - orPath_FilingStatus = "Object Repository/RAD_Pages/FilingStatus_Page": null

2023-07-11 12:51:07 - [TEST_STEP][PASSED] - orPath_Amount = "Object Repository/RAD_Pages/PaymentAmount_Page": null

2023-07-11 12:51:07 - [TEST_STEP][PASSED] - orPath_SalesTaxReturnInfo = "Object Repository/RAD_Pages/SalesTaxReturnInfo_Page": null

2023-07-11 12:51:07 - [TEST_STEP][PASSED] - selectOptionByLabel(findTestObject(orPath_Landing + "/dd_TaxType"), "Existing Liability", false): All options with label 'Existing Liability' are selected in object 'Object Repository/RAD_Pages/Landing_Page/dd_TaxType' 

2023-07-11 12:51:08 - [MESSAGE][PASSED] - All options with label 'Existing Liability' are selected in object 'Object Repository/RAD_Pages/Landing_Page/dd_TaxType' 

2023-07-11 12:51:08 - [TEST_STEP][PASSED] - verifyElementPresent(findTestObject(orPath_TaxTypeFilingYear + "/select_TaxType_ExistingLiability"), 30): Object 'Object Repository/RAD_Pages/TaxTypeFilingYear_Page/select_TaxType_ExistingLiability' is present

2023-07-11 12:51:08 - [MESSAGE][PASSED] - Object 'Object Repository/RAD_Pages/TaxTypeFilingYear_Page/select_TaxType_ExistingLiability' is present

2023-07-11 12:51:08 - [TEST_STEP][PASSED] - totalOptionsExistingLiability = getNumberOfTotalOption(findTestObject(orPath_TaxTypeFilingYear + "/select_TaxType_ExistingLiability")): 12 options of object 'Object Repository/RAD_Pages/TaxTypeFilingYear_Page/select_TaxType_ExistingLiability' counted

2023-07-11 12:51:09 - [MESSAGE][PASSED] - 12 options of object 'Object Repository/RAD_Pages/TaxTypeFilingYear_Page/select_TaxType_ExistingLiability' counted

2023-07-11 12:51:09 - [TEST_STEP][PASSED] - verifyEqual(totalOptionsExistingLiability, 12): Actual object '12' and expected object '12' are equal

2023-07-11 12:51:09 - [MESSAGE][PASSED] - Actual object '12' and expected object '12' are equal

2023-07-11 12:51:09 - [TEST_STEP][PASSED] - verifyOptionsPresent(findTestObject(orPath_TaxTypeFilingYear + "/select_TaxType_ExistingLiability"), ["Bay Restoration Fund Tax", "CORP Tax", "Fiduciary Tax"]): Options [Bay Restoration Fund Tax, CORP Tax, Fiduciary Tax] present.

2023-07-11 12:51:10 - [MESSAGE][PASSED] - Options [Bay Restoration Fund Tax, CORP Tax, Fiduciary Tax] present.

2023-07-11 12:51:10 - [TEST_STEP][PASSED] - verifyOptionsPresent(findTestObject(orPath_TaxTypeFilingYear + "/select_TaxType_ExistingLiability"), ["Personal Tax", "PTE Tax (Partnership)", "PTE Tax (LLC)"]): Options [Personal Tax, PTE Tax (Partnership), PTE Tax (LLC)] present.

2023-07-11 12:51:10 - [MESSAGE][PASSED] - Options [Personal Tax, PTE Tax (Partnership), PTE Tax (LLC)] present.

2023-07-11 12:51:10 - [TEST_STEP][PASSED] - verifyOptionsPresent(findTestObject(orPath_TaxTypeFilingYear + "/select_TaxType_ExistingLiability"), ["PTE Tax (SCorp)", "Sales & Use Tax"]): Options [PTE Tax (SCorp), Sales & Use Tax] present.

2023-07-11 12:51:11 - [MESSAGE][PASSED] - Options [PTE Tax (SCorp), Sales & Use Tax] present.

2023-07-11 12:51:11 - [TEST_STEP][PASSED] - verifyOptionsPresent(findTestObject(orPath_TaxTypeFilingYear + "/select_TaxType_ExistingLiability"), ["Withholding Tax", "Alcohol Tax"]): Options [Withholding Tax, Alcohol Tax] present.

2023-07-11 12:51:12 - [MESSAGE][PASSED] - Options [Withholding Tax, Alcohol Tax] present.

2023-07-11 12:51:12 - [TEST_STEP][PASSED] - verifyTextPresent("Tax Type/Filing Year", true): Text 'Tax Type/Filing Year' is present on page  using regular expression

2023-07-11 12:51:12 - [MESSAGE][PASSED] - Text 'Tax Type/Filing Year' is present on page  using regular expression

2023-07-11 12:51:12 - [TEST_STEP][PASSED] - verifyTextPresent("Taxpayer", true): Text 'Taxpayer' is present on page  using regular expression

2023-07-11 12:51:12 - [MESSAGE][PASSED] - Text 'Taxpayer' is present on page  using regular expression

2023-07-11 12:51:12 - [TEST_STEP][PASSED] - verifyTextPresent("Provide the following taxpayer information", true): Text 'Provide the following taxpayer information' is present on page  using regular expression

2023-07-11 12:51:13 - [MESSAGE][PASSED] - Text 'Provide the following taxpayer information' is present on page  using regular expression

2023-07-11 12:51:13 - [TEST_STEP][PASSED] - verifyTextPresent("Note: If you are paying on behalf of the Taxpayer, enter Taxpayer", true): Text 'Note: If you are paying on behalf of the Taxpayer, enter Taxpayer' is present on page  using regular expression

2023-07-11 12:51:13 - [MESSAGE][PASSED] - Text 'Note: If you are paying on behalf of the Taxpayer, enter Taxpayer' is present on page  using regular expression

2023-07-11 12:51:13 - [TEST_STEP][PASSED] - verifyTextPresent("information here. If you are making a payment for the Taxpayer, you will be required later to enter your own credit card, billing address and other pertinent information", true): Text 'information here. If you are making a payment for the Taxpayer, you will be required later to enter your own credit card, billing address and other pertinent information' is present on page  using regular expression

2023-07-11 12:51:13 - [MESSAGE][PASSED] - Text 'information here. If you are making a payment for the Taxpayer, you will be required later to enter your own credit card, billing address and other pertinent information' is present on page  using regular expression

2023-07-11 12:51:13 - [TEST_STEP][PASSED] - verifyTextPresent("Address and Contact Information", true): Text 'Address and Contact Information' is present on page  using regular expression

2023-07-11 12:51:14 - [MESSAGE][PASSED] - Text 'Address and Contact Information' is present on page  using regular expression

2023-07-11 12:51:14 - [TEST_STEP][PASSED] - verifyTextPresent("Enter the taxpayer", true): Text 'Enter the taxpayer' is present on page  using regular expression

2023-07-11 12:51:14 - [MESSAGE][PASSED] - Text 'Enter the taxpayer' is present on page  using regular expression

2023-07-11 12:51:14 - [TEST_STEP][PASSED] - verifyTextPresent("address and contact information", true): Text 'address and contact information' is present on page  using regular expression

2023-07-11 12:51:14 - [MESSAGE][PASSED] - Text 'address and contact information' is present on page  using regular expression

2023-07-11 12:51:14 - [TEST_STEP][PASSED] - verifyTextPresent("Tax Information", true): Text 'Tax Information' is present on page  using regular expression

2023-07-11 12:51:15 - [MESSAGE][PASSED] - Text 'Tax Information' is present on page  using regular expression

2023-07-11 12:51:15 - [TEST_STEP][PASSED] - verifyTextPresent("Payment Amount", true): Text 'Payment Amount' is present on page  using regular expression

2023-07-11 12:51:15 - [MESSAGE][PASSED] - Text 'Payment Amount' is present on page  using regular expression

2023-07-11 12:51:15 - [TEST_STEP][PASSED] - verifyTextPresent("Service Fee: This electronic government service includes a service/convenience fee. Click here for details", true): Text 'Service Fee: This electronic government service includes a service/convenience fee. Click here for details' is present on page  using regular expression

2023-07-11 12:51:16 - [MESSAGE][PASSED] - Text 'Service Fee: This electronic government service includes a service/convenience fee. Click here for details' is present on page  using regular expression

2023-07-11 12:51:16 - [TEST_STEP][PASSED] - verifyElementPresent(findTestObject(orPath_Amount + "/a_Click here for details"), 30): Object 'Object Repository/RAD_Pages/PaymentAmount_Page/a_Click here for details' is present

2023-07-11 12:51:16 - [MESSAGE][PASSED] - Object 'Object Repository/RAD_Pages/PaymentAmount_Page/a_Click here for details' is present

2023-07-11 12:51:16 - [TEST_STEP][PASSED] - verifyElementPresent(findTestObject(orPath_Landing + "/button_Continue"), 30): Object 'Object Repository/RAD_Pages/Landing_Page/button_Continue' is present

2023-07-11 12:51:16 - [MESSAGE][PASSED] - Object 'Object Repository/RAD_Pages/Landing_Page/button_Continue' is present

2023-07-11 12:51:16 - [TEST_STEP][PASSED] - verifyElementPresent(findTestObject(orPath_TaxPayer + "/input_firstName"), 30): Object 'Object Repository/RAD_Pages/Taxpayer_Page/input_firstName' is present

2023-07-11 12:51:17 - [MESSAGE][PASSED] - Object 'Object Repository/RAD_Pages/Taxpayer_Page/input_firstName' is present

2023-07-11 12:51:17 - [TEST_STEP][PASSED] - verifyElementPresent(findTestObject(orPath_TaxPayer + "/input_middleName"), 30): Object 'Object Repository/RAD_Pages/Taxpayer_Page/input_middleName' is present

2023-07-11 12:51:17 - [MESSAGE][PASSED] - Object 'Object Repository/RAD_Pages/Taxpayer_Page/input_middleName' is present

2023-07-11 12:51:17 - [TEST_STEP][PASSED] - verifyElementPresent(findTestObject(orPath_TaxPayer + "/input_lastName"), 30): Object 'Object Repository/RAD_Pages/Taxpayer_Page/input_lastName' is present

2023-07-11 12:51:17 - [MESSAGE][PASSED] - Object 'Object Repository/RAD_Pages/Taxpayer_Page/input_lastName' is present

2023-07-11 12:51:17 - [TEST_STEP][PASSED] - verifyElementPresent(findTestObject(orPath_TaxPayer + "/input_suffix"), 30): Object 'Object Repository/RAD_Pages/Taxpayer_Page/input_suffix' is present

2023-07-11 12:51:18 - [MESSAGE][PASSED] - Object 'Object Repository/RAD_Pages/Taxpayer_Page/input_suffix' is present

2023-07-11 12:51:18 - [TEST_STEP][PASSED] - verifyElementPresent(findTestObject(orPath_AddressContact + "/select_Country"), 30): Object 'Object Repository/RAD_Pages/AddressAndContactInfo_Page/select_Country' is present

2023-07-11 12:51:18 - [MESSAGE][PASSED] - Object 'Object Repository/RAD_Pages/AddressAndContactInfo_Page/select_Country' is present

2023-07-11 12:51:18 - [TEST_STEP][PASSED] - verifyElementPresent(findTestObject(orPath_AddressContact + "/input_streetAddress1"), 30): Object 'Object Repository/RAD_Pages/AddressAndContactInfo_Page/input_streetAddress1' is present

2023-07-11 12:51:18 - [MESSAGE][PASSED] - Object 'Object Repository/RAD_Pages/AddressAndContactInfo_Page/input_streetAddress1' is present

2023-07-11 12:51:18 - [TEST_STEP][PASSED] - verifyElementPresent(findTestObject(orPath_AddressContact + "/input_streetAddress2"), 30): Object 'Object Repository/RAD_Pages/AddressAndContactInfo_Page/input_streetAddress2' is present

2023-07-11 12:51:19 - [MESSAGE][PASSED] - Object 'Object Repository/RAD_Pages/AddressAndContactInfo_Page/input_streetAddress2' is present

2023-07-11 12:51:19 - [TEST_STEP][PASSED] - verifyElementPresent(findTestObject(orPath_AddressContact + "/input_city"), 30): Object 'Object Repository/RAD_Pages/AddressAndContactInfo_Page/input_city' is present

2023-07-11 12:51:19 - [MESSAGE][PASSED] - Object 'Object Repository/RAD_Pages/AddressAndContactInfo_Page/input_city' is present

2023-07-11 12:51:19 - [TEST_STEP][PASSED] - verifyElementPresent(findTestObject(orPath_AddressContact + "/select_State"), 30): Object 'Object Repository/RAD_Pages/AddressAndContactInfo_Page/select_State' is present

2023-07-11 12:51:19 - [MESSAGE][PASSED] - Object 'Object Repository/RAD_Pages/AddressAndContactInfo_Page/select_State' is present

2023-07-11 12:51:19 - [TEST_STEP][PASSED] - verifyElementPresent(findTestObject(orPath_AddressContact + "/input_zipCode"), 30): Object 'Object Repository/RAD_Pages/AddressAndContactInfo_Page/input_zipCode' is present

2023-07-11 12:51:20 - [MESSAGE][PASSED] - Object 'Object Repository/RAD_Pages/AddressAndContactInfo_Page/input_zipCode' is present

2023-07-11 12:51:20 - [TEST_STEP][PASSED] - verifyElementPresent(findTestObject(orPath_AddressContact + "/input_phoneNumber"), 30): Object 'Object Repository/RAD_Pages/AddressAndContactInfo_Page/input_phoneNumber' is present

2023-07-11 12:51:20 - [MESSAGE][PASSED] - Object 'Object Repository/RAD_Pages/AddressAndContactInfo_Page/input_phoneNumber' is present

2023-07-11 12:51:20 - [TEST_STEP][PASSED] - verifyElementPresent(findTestObject(orPath_AddressContact + "/input_eMailAddress"), 30): Object 'Object Repository/RAD_Pages/AddressAndContactInfo_Page/input_eMailAddress' is present

2023-07-11 12:51:20 - [MESSAGE][PASSED] - Object 'Object Repository/RAD_Pages/AddressAndContactInfo_Page/input_eMailAddress' is present

2023-07-11 12:51:20 - [TEST_STEP][PASSED] - verifyElementPresent(findTestObject(orPath_AddressContact + "/input_reEnterEMailAddress"), 30): Object 'Object Repository/RAD_Pages/AddressAndContactInfo_Page/input_reEnterEMailAddress' is present

2023-07-11 12:51:21 - [MESSAGE][PASSED] - Object 'Object Repository/RAD_Pages/AddressAndContactInfo_Page/input_reEnterEMailAddress' is present

2023-07-11 12:51:21 - [TEST_STEP][PASSED] - verifyOptionsPresent(findTestObject(orPath_AddressContact + "/select_Country"), ["United States"]): Options [United States] present.

2023-07-11 12:51:21 - [MESSAGE][PASSED] - Options [United States] present.

2023-07-11 12:51:21 - [TEST_STEP][PASSED] - verifyOptionsPresent(findTestObject(orPath_AddressContact + "/select_State"), ["Alabama", "District of Columbia", "Maryland", "Virginia", "Wyoming"]): Options [Alabama, District of Columbia, Maryland, Virginia, Wyoming] present.

2023-07-11 12:51:22 - [MESSAGE][PASSED] - Options [Alabama, District of Columbia, Maryland, Virginia, Wyoming] present.

2023-07-11 12:51:22 - [TEST_STEP][PASSED] - totalOptionsState = getNumberOfTotalOption(findTestObject(orPath_AddressContact + "/select_State")): 52 options of object 'Object Repository/RAD_Pages/AddressAndContactInfo_Page/select_State' counted

2023-07-11 12:51:23 - [MESSAGE][PASSED] - 52 options of object 'Object Repository/RAD_Pages/AddressAndContactInfo_Page/select_State' counted

2023-07-11 12:51:23 - [TEST_STEP][PASSED] - verifyEqual(totalOptionsState, 52): Actual object '52' and expected object '52' are equal

2023-07-11 12:51:23 - [MESSAGE][PASSED] - Actual object '52' and expected object '52' are equal

2023-07-11 12:51:23 - [TEST_STEP][PASSED] - verifyElementPresent(findTestObject(orPath_TaxInfo + "/input_NoticeInvoiceNumber"), 30): Object 'Object Repository/RAD_Pages/TaxInfo_Page/input_NoticeInvoiceNumber' is present

2023-07-11 12:51:23 - [MESSAGE][PASSED] - Object 'Object Repository/RAD_Pages/TaxInfo_Page/input_NoticeInvoiceNumber' is present

2023-07-11 12:51:23 - [TEST_STEP][PASSED] - verifyElementPresent(findTestObject(orPath_TaxInfo + "/input_reTypeNoticeInvoiceNumber"), 30): Object 'Object Repository/RAD_Pages/TaxInfo_Page/input_reTypeNoticeInvoiceNumber' is present

2023-07-11 12:51:24 - [MESSAGE][PASSED] - Object 'Object Repository/RAD_Pages/TaxInfo_Page/input_reTypeNoticeInvoiceNumber' is present

2023-07-11 12:51:24 - [TEST_STEP][PASSED] - verifyElementPresent(findTestObject(orPath_Amount + "/input__paymentAmount"), 30): Object 'Object Repository/RAD_Pages/PaymentAmount_Page/input__paymentAmount' is present

2023-07-11 12:51:24 - [MESSAGE][PASSED] - Object 'Object Repository/RAD_Pages/PaymentAmount_Page/input__paymentAmount' is present]]></system-out>
         <system-err><![CDATA[]]></system-err>
      </testcase>
      <testcase name="Test Cases/RAD_TestCases/UI_TestCases/VerifyServiceFeeVerbiage_UI_TC" time="54.32" classname="Test Cases/RAD_TestCases/UI_TestCases/VerifyServiceFeeVerbiage_UI_TC" status="FAILED">
         <failure type="FAILED" message="Test Cases/RAD_TestCases/UI_TestCases/VerifyServiceFeeVerbiage_UI_TC FAILED.
Reason:
com.kms.katalon.core.exception.StepFailedException: Actual text 'This electronic government service includes a 2.45% service/convenience fee, with a $1.00 minimum, for payments processed through this application. This fee is assessed by Govolution, LLC and will post as a separate transaction. Accepted credit cards include Visa, Mastercard, Discover, and American Express.' and expected text 'This electronic government service includes a 2.45% service/convenience fee, with a $1.00 minimum, for payments processed through this application. This fee is assessed by Govolution, LLC and will post as a separate transaction. Accepted credit cards include Visa, MasterCard, and Discover.' of test object 'Object Repository/RAD_Pages/Landing_Page/div_ServiceFeesVerbiage' are NOT matched. (Root cause: com.kms.katalon.core.exception.StepFailedException: Actual text 'This electronic government service includes a 2.45% service/convenience fee, with a $1.00 minimum, for payments processed through this application. This fee is assessed by Govolution, LLC and will post as a separate transaction. Accepted credit cards include Visa, Mastercard, Discover, and American Express.' and expected text 'This electronic government service includes a 2.45% service/convenience fee, with a $1.00 minimum, for payments processed through this application. This fee is assessed by Govolution, LLC and will post as a separate transaction. Accepted credit cards include Visa, MasterCard, and Discover.' of test object 'Object Repository/RAD_Pages/Landing_Page/div_ServiceFeesVerbiage' are NOT matched.
	at com.kms.katalon.core.webui.keyword.internal.WebUIKeywordMain.stepFailed(WebUIKeywordMain.groovy:64)
	at com.kms.katalon.core.webui.keyword.builtin.VerifyElementTextKeyword$_verifyElementText_closure1.doCall(VerifyElementTextKeyword.groovy:57)
	at com.kms.katalon.core.webui.keyword.builtin.VerifyElementTextKeyword$_verifyElementText_closure1.call(VerifyElementTextKeyword.groovy)
	at com.kms.katalon.core.webui.keyword.internal.WebUIKeywordMain.runKeyword(WebUIKeywordMain.groovy:20)
	at com.kms.katalon.core.webui.keyword.builtin.VerifyElementTextKeyword.verifyElementText(VerifyElementTextKeyword.groovy:72)
	at com.kms.katalon.core.webui.keyword.builtin.VerifyElementTextKeyword.execute(VerifyElementTextKeyword.groovy:40)
	at com.kms.katalon.core.keyword.internal.KeywordExecutor.executeKeywordForPlatform(KeywordExecutor.groovy:74)
	at com.kms.katalon.core.webui.keyword.WebUiBuiltInKeywords.verifyElementText(WebUiBuiltInKeywords.groovy:4749)
	at com.kms.katalon.core.webui.keyword.WebUiBuiltInKeywords$verifyElementText$15.call(Unknown Source)
	at VerifyServiceFeeVerbiage_UI_TC.run(VerifyServiceFeeVerbiage_UI_TC:69)
	at com.kms.katalon.core.main.ScriptEngine.run(ScriptEngine.java:194)
	at com.kms.katalon.core.main.ScriptEngine.runScriptAsRawText(ScriptEngine.java:119)
	at com.kms.katalon.core.main.TestCaseExecutor.runScript(TestCaseExecutor.java:442)
	at com.kms.katalon.core.main.TestCaseExecutor.doExecute(TestCaseExecutor.java:433)
	at com.kms.katalon.core.main.TestCaseExecutor.processExecutionPhase(TestCaseExecutor.java:412)
	at com.kms.katalon.core.main.TestCaseExecutor.accessMainPhase(TestCaseExecutor.java:404)
	at com.kms.katalon.core.main.TestCaseExecutor.execute(TestCaseExecutor.java:281)
	at com.kms.katalon.core.main.TestSuiteExecutor.accessTestCaseMainPhase(TestSuiteExecutor.java:202)
	at com.kms.katalon.core.main.TestSuiteExecutor.accessTestSuiteMainPhase(TestSuiteExecutor.java:164)
	at com.kms.katalon.core.main.TestSuiteExecutor.execute(TestSuiteExecutor.java:105)
	at com.kms.katalon.core.main.TestCaseMain.startTestSuite(TestCaseMain.java:185)
	at com.kms.katalon.core.main.TestCaseMain$startTestSuite$0.call(Unknown Source)
	at TempTestSuite1689094038365.run(TempTestSuite1689094038365.groovy:36)
)
	at com.kms.katalon.core.keyword.internal.KeywordMain.stepFailed(KeywordMain.groovy:39)
	at com.kms.katalon.core.webui.keyword.internal.WebUIKeywordMain.stepFailed(WebUIKeywordMain.groovy:64)
	at com.kms.katalon.core.webui.keyword.builtin.VerifyElementTextKeyword$_verifyElementText_closure1.doCall(VerifyElementTextKeyword.groovy:57)
	at com.kms.katalon.core.webui.keyword.builtin.VerifyElementTextKeyword$_verifyElementText_closure1.call(VerifyElementTextKeyword.groovy)
	at com.kms.katalon.core.webui.keyword.internal.WebUIKeywordMain.runKeyword(WebUIKeywordMain.groovy:20)
	at com.kms.katalon.core.webui.keyword.builtin.VerifyElementTextKeyword.verifyElementText(VerifyElementTextKeyword.groovy:72)
	at com.kms.katalon.core.webui.keyword.builtin.VerifyElementTextKeyword.execute(VerifyElementTextKeyword.groovy:40)
	at com.kms.katalon.core.keyword.internal.KeywordExecutor.executeKeywordForPlatform(KeywordExecutor.groovy:74)
	at com.kms.katalon.core.webui.keyword.WebUiBuiltInKeywords.verifyElementText(WebUiBuiltInKeywords.groovy:4749)
	at com.kms.katalon.core.webui.keyword.WebUiBuiltInKeywords$verifyElementText$15.call(Unknown Source)
	at VerifyServiceFeeVerbiage_UI_TC.run(VerifyServiceFeeVerbiage_UI_TC:69)
	at com.kms.katalon.core.main.ScriptEngine.run(ScriptEngine.java:194)
	at com.kms.katalon.core.main.ScriptEngine.runScriptAsRawText(ScriptEngine.java:119)
	at com.kms.katalon.core.main.TestCaseExecutor.runScript(TestCaseExecutor.java:442)
	at com.kms.katalon.core.main.TestCaseExecutor.doExecute(TestCaseExecutor.java:433)
	at com.kms.katalon.core.main.TestCaseExecutor.processExecutionPhase(TestCaseExecutor.java:412)
	at com.kms.katalon.core.main.TestCaseExecutor.accessMainPhase(TestCaseExecutor.java:404)
	at com.kms.katalon.core.main.TestCaseExecutor.execute(TestCaseExecutor.java:281)
	at com.kms.katalon.core.main.TestSuiteExecutor.accessTestCaseMainPhase(TestSuiteExecutor.java:202)
	at com.kms.katalon.core.main.TestSuiteExecutor.accessTestSuiteMainPhase(TestSuiteExecutor.java:164)
	at com.kms.katalon.core.main.TestSuiteExecutor.execute(TestSuiteExecutor.java:105)
	at com.kms.katalon.core.main.TestCaseMain.startTestSuite(TestCaseMain.java:185)
	at com.kms.katalon.core.main.TestCaseMain$startTestSuite$0.call(Unknown Source)
	at TempTestSuite1689094038365.run(TempTestSuite1689094038365.groovy:36)
Caused by: com.kms.katalon.core.exception.StepFailedException: Actual text 'This electronic government service includes a 2.45% service/convenience fee, with a $1.00 minimum, for payments processed through this application. This fee is assessed by Govolution, LLC and will post as a separate transaction. Accepted credit cards include Visa, Mastercard, Discover, and American Express.' and expected text 'This electronic government service includes a 2.45% service/convenience fee, with a $1.00 minimum, for payments processed through this application. This fee is assessed by Govolution, LLC and will post as a separate transaction. Accepted credit cards include Visa, MasterCard, and Discover.' of test object 'Object Repository/RAD_Pages/Landing_Page/div_ServiceFeesVerbiage' are NOT matched.
	... 23 more
"/>
         <system-out><![CDATA[2023-07-11 12:51:24 - [TEST_CASE][FAILED] - Test Cases/RAD_TestCases/UI_TestCases/VerifyServiceFeeVerbiage_UI_TC: Test Cases/RAD_TestCases/UI_TestCases/VerifyServiceFeeVerbiage_UI_TC FAILED.
Reason:
com.kms.katalon.core.exception.StepFailedException: Actual text 'This electronic government service includes a 2.45% service/convenience fee, with a $1.00 minimum, for payments processed through this application. This fee is assessed by Govolution, LLC and will post as a separate transaction. Accepted credit cards include Visa, Mastercard, Discover, and American Express.' and expected text 'This electronic government service includes a 2.45% service/convenience fee, with a $1.00 minimum, for payments processed through this application. This fee is assessed by Govolution, LLC and will post as a separate transaction. Accepted credit cards include Visa, MasterCard, and Discover.' of test object 'Object Repository/RAD_Pages/Landing_Page/div_ServiceFeesVerbiage' are NOT matched. (Root cause: com.kms.katalon.core.exception.StepFailedException: Actual text 'This electronic government service includes a 2.45% service/convenience fee, with a $1.00 minimum, for payments processed through this application. This fee is assessed by Govolution, LLC and will post as a separate transaction. Accepted credit cards include Visa, Mastercard, Discover, and American Express.' and expected text 'This electronic government service includes a 2.45% service/convenience fee, with a $1.00 minimum, for payments processed through this application. This fee is assessed by Govolution, LLC and will post as a separate transaction. Accepted credit cards include Visa, MasterCard, and Discover.' of test object 'Object Repository/RAD_Pages/Landing_Page/div_ServiceFeesVerbiage' are NOT matched.
	at com.kms.katalon.core.webui.keyword.internal.WebUIKeywordMain.stepFailed(WebUIKeywordMain.groovy:64)
	at com.kms.katalon.core.webui.keyword.builtin.VerifyElementTextKeyword$_verifyElementText_closure1.doCall(VerifyElementTextKeyword.groovy:57)
	at com.kms.katalon.core.webui.keyword.builtin.VerifyElementTextKeyword$_verifyElementText_closure1.call(VerifyElementTextKeyword.groovy)
	at com.kms.katalon.core.webui.keyword.internal.WebUIKeywordMain.runKeyword(WebUIKeywordMain.groovy:20)
	at com.kms.katalon.core.webui.keyword.builtin.VerifyElementTextKeyword.verifyElementText(VerifyElementTextKeyword.groovy:72)
	at com.kms.katalon.core.webui.keyword.builtin.VerifyElementTextKeyword.execute(VerifyElementTextKeyword.groovy:40)
	at com.kms.katalon.core.keyword.internal.KeywordExecutor.executeKeywordForPlatform(KeywordExecutor.groovy:74)
	at com.kms.katalon.core.webui.keyword.WebUiBuiltInKeywords.verifyElementText(WebUiBuiltInKeywords.groovy:4749)
	at com.kms.katalon.core.webui.keyword.WebUiBuiltInKeywords$verifyElementText$15.call(Unknown Source)
	at VerifyServiceFeeVerbiage_UI_TC.run(VerifyServiceFeeVerbiage_UI_TC:69)
	at com.kms.katalon.core.main.ScriptEngine.run(ScriptEngine.java:194)
	at com.kms.katalon.core.main.ScriptEngine.runScriptAsRawText(ScriptEngine.java:119)
	at com.kms.katalon.core.main.TestCaseExecutor.runScript(TestCaseExecutor.java:442)
	at com.kms.katalon.core.main.TestCaseExecutor.doExecute(TestCaseExecutor.java:433)
	at com.kms.katalon.core.main.TestCaseExecutor.processExecutionPhase(TestCaseExecutor.java:412)
	at com.kms.katalon.core.main.TestCaseExecutor.accessMainPhase(TestCaseExecutor.java:404)
	at com.kms.katalon.core.main.TestCaseExecutor.execute(TestCaseExecutor.java:281)
	at com.kms.katalon.core.main.TestSuiteExecutor.accessTestCaseMainPhase(TestSuiteExecutor.java:202)
	at com.kms.katalon.core.main.TestSuiteExecutor.accessTestSuiteMainPhase(TestSuiteExecutor.java:164)
	at com.kms.katalon.core.main.TestSuiteExecutor.execute(TestSuiteExecutor.java:105)
	at com.kms.katalon.core.main.TestCaseMain.startTestSuite(TestCaseMain.java:185)
	at com.kms.katalon.core.main.TestCaseMain$startTestSuite$0.call(Unknown Source)
	at TempTestSuite1689094038365.run(TempTestSuite1689094038365.groovy:36)
)
	at com.kms.katalon.core.keyword.internal.KeywordMain.stepFailed(KeywordMain.groovy:39)
	at com.kms.katalon.core.webui.keyword.internal.WebUIKeywordMain.stepFailed(WebUIKeywordMain.groovy:64)
	at com.kms.katalon.core.webui.keyword.builtin.VerifyElementTextKeyword$_verifyElementText_closure1.doCall(VerifyElementTextKeyword.groovy:57)
	at com.kms.katalon.core.webui.keyword.builtin.VerifyElementTextKeyword$_verifyElementText_closure1.call(VerifyElementTextKeyword.groovy)
	at com.kms.katalon.core.webui.keyword.internal.WebUIKeywordMain.runKeyword(WebUIKeywordMain.groovy:20)
	at com.kms.katalon.core.webui.keyword.builtin.VerifyElementTextKeyword.verifyElementText(VerifyElementTextKeyword.groovy:72)
	at com.kms.katalon.core.webui.keyword.builtin.VerifyElementTextKeyword.execute(VerifyElementTextKeyword.groovy:40)
	at com.kms.katalon.core.keyword.internal.KeywordExecutor.executeKeywordForPlatform(KeywordExecutor.groovy:74)
	at com.kms.katalon.core.webui.keyword.WebUiBuiltInKeywords.verifyElementText(WebUiBuiltInKeywords.groovy:4749)
	at com.kms.katalon.core.webui.keyword.WebUiBuiltInKeywords$verifyElementText$15.call(Unknown Source)
	at VerifyServiceFeeVerbiage_UI_TC.run(VerifyServiceFeeVerbiage_UI_TC:69)
	at com.kms.katalon.core.main.ScriptEngine.run(ScriptEngine.java:194)
	at com.kms.katalon.core.main.ScriptEngine.runScriptAsRawText(ScriptEngine.java:119)
	at com.kms.katalon.core.main.TestCaseExecutor.runScript(TestCaseExecutor.java:442)
	at com.kms.katalon.core.main.TestCaseExecutor.doExecute(TestCaseExecutor.java:433)
	at com.kms.katalon.core.main.TestCaseExecutor.processExecutionPhase(TestCaseExecutor.java:412)
	at com.kms.katalon.core.main.TestCaseExecutor.accessMainPhase(TestCaseExecutor.java:404)
	at com.kms.katalon.core.main.TestCaseExecutor.execute(TestCaseExecutor.java:281)
	at com.kms.katalon.core.main.TestSuiteExecutor.accessTestCaseMainPhase(TestSuiteExecutor.java:202)
	at com.kms.katalon.core.main.TestSuiteExecutor.accessTestSuiteMainPhase(TestSuiteExecutor.java:164)
	at com.kms.katalon.core.main.TestSuiteExecutor.execute(TestSuiteExecutor.java:105)
	at com.kms.katalon.core.main.TestCaseMain.startTestSuite(TestCaseMain.java:185)
	at com.kms.katalon.core.main.TestCaseMain$startTestSuite$0.call(Unknown Source)
	at TempTestSuite1689094038365.run(TempTestSuite1689094038365.groovy:36)
Caused by: com.kms.katalon.core.exception.StepFailedException: Actual text 'This electronic government service includes a 2.45% service/convenience fee, with a $1.00 minimum, for payments processed through this application. This fee is assessed by Govolution, LLC and will post as a separate transaction. Accepted credit cards include Visa, Mastercard, Discover, and American Express.' and expected text 'This electronic government service includes a 2.45% service/convenience fee, with a $1.00 minimum, for payments processed through this application. This fee is assessed by Govolution, LLC and will post as a separate transaction. Accepted credit cards include Visa, MasterCard, and Discover.' of test object 'Object Repository/RAD_Pages/Landing_Page/div_ServiceFeesVerbiage' are NOT matched.
	... 23 more


2023-07-11 12:51:24 - [TEST_STEP][PASSED] - taxTypeDropList = ["Estimated Tax", "Personal Income Tax", "Extension Payments", "Existing Liability", "Sales and Use", "Withholding Tax"]: null

2023-07-11 12:51:24 - [TEST_STEP][PASSED] - listSize = taxTypeDropList.size(): null

2023-07-11 12:51:24 - [TEST_STEP][PASSED] - println(listSize): null

2023-07-11 12:51:24 - [TEST_STEP][PASSED] - executionProfile = getExecutionProfile(): null

2023-07-11 12:51:24 - [TEST_STEP][FAILED] - for ([i = 0, i < listSize, (i++)]): null

2023-07-11 12:51:24 - [TEST_STEP][PASSED] - openBrowser(""): Browser is opened with url: ''

2023-07-11 12:51:24 - [MESSAGE][WARNING] - A browser is already opened. Closing browser and opening a new one

2023-07-11 12:51:25 - [MESSAGE][INFO] - Starting 'Chrome' driver

2023-07-11 12:51:25 - [MESSAGE][INFO] - User set preference: ['acceptInsecureCerts', 'true']

2023-07-11 12:51:25 - [MESSAGE][INFO] - Action delay is set to 0 milliseconds

2023-07-11 12:51:27 - [MESSAGE][PASSED] - Browser is opened with url: ''

2023-07-11 12:51:27 - [TEST_STEP][PASSED] - maximizeWindow(): Current window maximized

2023-07-11 12:51:27 - [MESSAGE][PASSED] - Current window maximized

2023-07-11 12:51:27 - [TEST_STEP][PASSED] - navigateToUrl(RADurl): Navigate to 'https://demo.velocitypayment.com/client/rad/index.html' successfully

2023-07-11 12:51:28 - [MESSAGE][PASSED] - Navigate to 'https://demo.velocitypayment.com/client/rad/index.html' successfully

2023-07-11 12:51:28 - [TEST_STEP][PASSED] - orPath_Landing = "Object Repository/RAD_Pages/Landing_Page": null

2023-07-11 12:51:28 - [TEST_STEP][PASSED] - orPath = "Object Repository/RAD_Pages/Landing_Page": null

2023-07-11 12:51:28 - [TEST_STEP][PASSED] - orPath_Amount = "Object Repository/RAD_Pages/PaymentAmount_Page": null

2023-07-11 12:51:28 - [TEST_STEP][PASSED] - selectOptionByLabel(findTestObject(orPath_Landing + "/dd_TaxType"), taxTypeDropList[i], false): All options with label 'Estimated Tax' are selected in object 'Object Repository/RAD_Pages/Landing_Page/dd_TaxType' 

2023-07-11 12:51:29 - [MESSAGE][PASSED] - All options with label 'Estimated Tax' are selected in object 'Object Repository/RAD_Pages/Landing_Page/dd_TaxType' 

2023-07-11 12:51:29 - [TEST_STEP][PASSED] - delay(1): Delayed 1 second(s)

2023-07-11 12:51:30 - [MESSAGE][PASSED] - Delayed 1 second(s)

2023-07-11 12:51:30 - [TEST_STEP][PASSED] - setText(findTestObject(orPath_Amount + "/input__paymentAmount"), ""): Text '' is set on object 'Object Repository/RAD_Pages/PaymentAmount_Page/input__paymentAmount'

2023-07-11 12:51:31 - [MESSAGE][PASSED] - Text '' is set on object 'Object Repository/RAD_Pages/PaymentAmount_Page/input__paymentAmount'

2023-07-11 12:51:31 - [TEST_STEP][PASSED] - click(findTestObject(orPath_Landing + "/a_Click here for details")): Object: 'Object Repository/RAD_Pages/Landing_Page/a_Click here for details' is clicked on

2023-07-11 12:51:31 - [MESSAGE][PASSED] - Object: 'Object Repository/RAD_Pages/Landing_Page/a_Click here for details' is clicked on

2023-07-11 12:51:31 - [TEST_STEP][PASSED] - cfVerbiageQA = "This electronic government service includes a 2.45% service/convenience fee, with a $1.00 minimum, for payments processed through this application. This fee is assessed by Govolution, LLC and will post as a separate transaction. Accepted credit cards include Visa, Mastercard, and Discover.": null

2023-07-11 12:51:31 - [TEST_STEP][PASSED] - cfVerbiageDemo = "This electronic government service includes a 2.45% service/convenience fee, with a $1.00 minimum, for payments processed through this application. This fee is assessed by Govolution, LLC and will post as a separate transaction. Accepted credit cards include Visa, MasterCard, and Discover.": null

2023-07-11 12:51:31 - [TEST_STEP][FAILED] - switch (executionProfile): null

2023-07-11 12:51:31 - [TEST_STEP][FAILED] - case "DemoProfile":: null

2023-07-11 12:51:31 - [TEST_STEP][FAILED] - verifyElementText(findTestObject(orPath_Landing + "/div_ServiceFeesVerbiage"), cfVerbiageDemo): Actual text 'This electronic government service includes a 2.45% service/convenience fee, with a $1.00 minimum, for payments processed through this application. This fee is assessed by Govolution, LLC and will post as a separate transaction. Accepted credit cards include Visa, Mastercard, Discover, and American Express.' and expected text 'This electronic government service includes a 2.45% service/convenience fee, with a $1.00 minimum, for payments processed through this application. This fee is assessed by Govolution, LLC and will post as a separate transaction. Accepted credit cards include Visa, MasterCard, and Discover.' of test object 'Object Repository/RAD_Pages/Landing_Page/div_ServiceFeesVerbiage' are NOT matched. (Root cause: com.kms.katalon.core.exception.StepFailedException: Actual text 'This electronic government service includes a 2.45% service/convenience fee, with a $1.00 minimum, for payments processed through this application. This fee is assessed by Govolution, LLC and will post as a separate transaction. Accepted credit cards include Visa, Mastercard, Discover, and American Express.' and expected text 'This electronic government service includes a 2.45% service/convenience fee, with a $1.00 minimum, for payments processed through this application. This fee is assessed by Govolution, LLC and will post as a separate transaction. Accepted credit cards include Visa, MasterCard, and Discover.' of test object 'Object Repository/RAD_Pages/Landing_Page/div_ServiceFeesVerbiage' are NOT matched.
	at com.kms.katalon.core.webui.keyword.internal.WebUIKeywordMain.stepFailed(WebUIKeywordMain.groovy:64)
	at com.kms.katalon.core.webui.keyword.builtin.VerifyElementTextKeyword$_verifyElementText_closure1.doCall(VerifyElementTextKeyword.groovy:57)
	at com.kms.katalon.core.webui.keyword.builtin.VerifyElementTextKeyword$_verifyElementText_closure1.call(VerifyElementTextKeyword.groovy)
	at com.kms.katalon.core.webui.keyword.internal.WebUIKeywordMain.runKeyword(WebUIKeywordMain.groovy:20)
	at com.kms.katalon.core.webui.keyword.builtin.VerifyElementTextKeyword.verifyElementText(VerifyElementTextKeyword.groovy:72)
	at com.kms.katalon.core.webui.keyword.builtin.VerifyElementTextKeyword.execute(VerifyElementTextKeyword.groovy:40)
	at com.kms.katalon.core.keyword.internal.KeywordExecutor.executeKeywordForPlatform(KeywordExecutor.groovy:74)
	at com.kms.katalon.core.webui.keyword.WebUiBuiltInKeywords.verifyElementText(WebUiBuiltInKeywords.groovy:4749)
	at com.kms.katalon.core.webui.keyword.WebUiBuiltInKeywords$verifyElementText$15.call(Unknown Source)
	at VerifyServiceFeeVerbiage_UI_TC.run(VerifyServiceFeeVerbiage_UI_TC:69)
	at com.kms.katalon.core.main.ScriptEngine.run(ScriptEngine.java:194)
	at com.kms.katalon.core.main.ScriptEngine.runScriptAsRawText(ScriptEngine.java:119)
	at com.kms.katalon.core.main.TestCaseExecutor.runScript(TestCaseExecutor.java:442)
	at com.kms.katalon.core.main.TestCaseExecutor.doExecute(TestCaseExecutor.java:433)
	at com.kms.katalon.core.main.TestCaseExecutor.processExecutionPhase(TestCaseExecutor.java:412)
	at com.kms.katalon.core.main.TestCaseExecutor.accessMainPhase(TestCaseExecutor.java:404)
	at com.kms.katalon.core.main.TestCaseExecutor.execute(TestCaseExecutor.java:281)
	at com.kms.katalon.core.main.TestSuiteExecutor.accessTestCaseMainPhase(TestSuiteExecutor.java:202)
	at com.kms.katalon.core.main.TestSuiteExecutor.accessTestSuiteMainPhase(TestSuiteExecutor.java:164)
	at com.kms.katalon.core.main.TestSuiteExecutor.execute(TestSuiteExecutor.java:105)
	at com.kms.katalon.core.main.TestCaseMain.startTestSuite(TestCaseMain.java:185)
	at com.kms.katalon.core.main.TestCaseMain$startTestSuite$0.call(Unknown Source)
	at TempTestSuite1689094038365.run(TempTestSuite1689094038365.groovy:36)
)

2023-07-11 12:51:32 - [MESSAGE][FAILED] - Actual text 'This electronic government service includes a 2.45% service/convenience fee, with a $1.00 minimum, for payments processed through this application. This fee is assessed by Govolution, LLC and will post as a separate transaction. Accepted credit cards include Visa, Mastercard, Discover, and American Express.' and expected text 'This electronic government service includes a 2.45% service/convenience fee, with a $1.00 minimum, for payments processed through this application. This fee is assessed by Govolution, LLC and will post as a separate transaction. Accepted credit cards include Visa, MasterCard, and Discover.' of test object 'Object Repository/RAD_Pages/Landing_Page/div_ServiceFeesVerbiage' are NOT matched. (Root cause: com.kms.katalon.core.exception.StepFailedException: Actual text 'This electronic government service includes a 2.45% service/convenience fee, with a $1.00 minimum, for payments processed through this application. This fee is assessed by Govolution, LLC and will post as a separate transaction. Accepted credit cards include Visa, Mastercard, Discover, and American Express.' and expected text 'This electronic government service includes a 2.45% service/convenience fee, with a $1.00 minimum, for payments processed through this application. This fee is assessed by Govolution, LLC and will post as a separate transaction. Accepted credit cards include Visa, MasterCard, and Discover.' of test object 'Object Repository/RAD_Pages/Landing_Page/div_ServiceFeesVerbiage' are NOT matched.
	at com.kms.katalon.core.webui.keyword.internal.WebUIKeywordMain.stepFailed(WebUIKeywordMain.groovy:64)
	at com.kms.katalon.core.webui.keyword.builtin.VerifyElementTextKeyword$_verifyElementText_closure1.doCall(VerifyElementTextKeyword.groovy:57)
	at com.kms.katalon.core.webui.keyword.builtin.VerifyElementTextKeyword$_verifyElementText_closure1.call(VerifyElementTextKeyword.groovy)
	at com.kms.katalon.core.webui.keyword.internal.WebUIKeywordMain.runKeyword(WebUIKeywordMain.groovy:20)
	at com.kms.katalon.core.webui.keyword.builtin.VerifyElementTextKeyword.verifyElementText(VerifyElementTextKeyword.groovy:72)
	at com.kms.katalon.core.webui.keyword.builtin.VerifyElementTextKeyword.execute(VerifyElementTextKeyword.groovy:40)
	at com.kms.katalon.core.keyword.internal.KeywordExecutor.executeKeywordForPlatform(KeywordExecutor.groovy:74)
	at com.kms.katalon.core.webui.keyword.WebUiBuiltInKeywords.verifyElementText(WebUiBuiltInKeywords.groovy:4749)
	at com.kms.katalon.core.webui.keyword.WebUiBuiltInKeywords$verifyElementText$15.call(Unknown Source)
	at VerifyServiceFeeVerbiage_UI_TC.run(VerifyServiceFeeVerbiage_UI_TC:69)
	at com.kms.katalon.core.main.ScriptEngine.run(ScriptEngine.java:194)
	at com.kms.katalon.core.main.ScriptEngine.runScriptAsRawText(ScriptEngine.java:119)
	at com.kms.katalon.core.main.TestCaseExecutor.runScript(TestCaseExecutor.java:442)
	at com.kms.katalon.core.main.TestCaseExecutor.doExecute(TestCaseExecutor.java:433)
	at com.kms.katalon.core.main.TestCaseExecutor.processExecutionPhase(TestCaseExecutor.java:412)
	at com.kms.katalon.core.main.TestCaseExecutor.accessMainPhase(TestCaseExecutor.java:404)
	at com.kms.katalon.core.main.TestCaseExecutor.execute(TestCaseExecutor.java:281)
	at com.kms.katalon.core.main.TestSuiteExecutor.accessTestCaseMainPhase(TestSuiteExecutor.java:202)
	at com.kms.katalon.core.main.TestSuiteExecutor.accessTestSuiteMainPhase(TestSuiteExecutor.java:164)
	at com.kms.katalon.core.main.TestSuiteExecutor.execute(TestSuiteExecutor.java:105)
	at com.kms.katalon.core.main.TestCaseMain.startTestSuite(TestCaseMain.java:185)
	at com.kms.katalon.core.main.TestCaseMain$startTestSuite$0.call(Unknown Source)
	at TempTestSuite1689094038365.run(TempTestSuite1689094038365.groovy:36)
)
[[ATTACHMENT|E:\\Cloned-Project-Katalon\\VPS-Katalon\\Reports\\20230711_124718\\RAD_TestSuite\\RAD_UI_TestSuite\\20230711_124718\\1689094292149.png]]

2023-07-11 12:51:32 - [TEST_STEP][PASSED] - break: null

2023-07-11 12:51:32 - [TEST_STEP][PASSED] - verifyElementPresent(findTestObject(orPath_Landing + "/button_Close"), 30): Object 'Object Repository/RAD_Pages/Landing_Page/button_Close' is present

2023-07-11 12:51:32 - [MESSAGE][PASSED] - Object 'Object Repository/RAD_Pages/Landing_Page/button_Close' is present

2023-07-11 12:51:32 - [TEST_STEP][PASSED] - click(findTestObject(orPath_Landing + "/button_Close")): Object: 'Object Repository/RAD_Pages/Landing_Page/button_Close' is clicked on

2023-07-11 12:51:33 - [MESSAGE][PASSED] - Object: 'Object Repository/RAD_Pages/Landing_Page/button_Close' is clicked on

2023-07-11 12:51:33 - [TEST_STEP][PASSED] - openBrowser(""): Browser is opened with url: ''

2023-07-11 12:51:33 - [MESSAGE][WARNING] - A browser is already opened. Closing browser and opening a new one

2023-07-11 12:51:33 - [MESSAGE][INFO] - Starting 'Chrome' driver

2023-07-11 12:51:33 - [MESSAGE][INFO] - User set preference: ['acceptInsecureCerts', 'true']

2023-07-11 12:51:33 - [MESSAGE][INFO] - Action delay is set to 0 milliseconds

2023-07-11 12:51:35 - [MESSAGE][PASSED] - Browser is opened with url: ''

2023-07-11 12:51:35 - [TEST_STEP][PASSED] - maximizeWindow(): Current window maximized

2023-07-11 12:51:35 - [MESSAGE][PASSED] - Current window maximized

2023-07-11 12:51:35 - [TEST_STEP][PASSED] - navigateToUrl(RADurl): Navigate to 'https://demo.velocitypayment.com/client/rad/index.html' successfully

2023-07-11 12:51:36 - [MESSAGE][PASSED] - Navigate to 'https://demo.velocitypayment.com/client/rad/index.html' successfully

2023-07-11 12:51:36 - [TEST_STEP][PASSED] - orPath_Landing = "Object Repository/RAD_Pages/Landing_Page": null

2023-07-11 12:51:36 - [TEST_STEP][PASSED] - orPath = "Object Repository/RAD_Pages/Landing_Page": null

2023-07-11 12:51:36 - [TEST_STEP][PASSED] - orPath_Amount = "Object Repository/RAD_Pages/PaymentAmount_Page": null

2023-07-11 12:51:36 - [TEST_STEP][PASSED] - selectOptionByLabel(findTestObject(orPath_Landing + "/dd_TaxType"), taxTypeDropList[i], false): All options with label 'Personal Income Tax' are selected in object 'Object Repository/RAD_Pages/Landing_Page/dd_TaxType' 

2023-07-11 12:51:37 - [MESSAGE][PASSED] - All options with label 'Personal Income Tax' are selected in object 'Object Repository/RAD_Pages/Landing_Page/dd_TaxType' 

2023-07-11 12:51:37 - [TEST_STEP][PASSED] - delay(1): Delayed 1 second(s)

2023-07-11 12:51:38 - [MESSAGE][PASSED] - Delayed 1 second(s)

2023-07-11 12:51:38 - [TEST_STEP][PASSED] - setText(findTestObject(orPath_Amount + "/input__paymentAmount"), ""): Text '' is set on object 'Object Repository/RAD_Pages/PaymentAmount_Page/input__paymentAmount'

2023-07-11 12:51:39 - [MESSAGE][PASSED] - Text '' is set on object 'Object Repository/RAD_Pages/PaymentAmount_Page/input__paymentAmount'

2023-07-11 12:51:39 - [TEST_STEP][PASSED] - click(findTestObject(orPath_Landing + "/a_Click here for details")): Object: 'Object Repository/RAD_Pages/Landing_Page/a_Click here for details' is clicked on

2023-07-11 12:51:39 - [MESSAGE][PASSED] - Object: 'Object Repository/RAD_Pages/Landing_Page/a_Click here for details' is clicked on

2023-07-11 12:51:39 - [TEST_STEP][PASSED] - cfVerbiageQA = "This electronic government service includes a 2.45% service/convenience fee, with a $1.00 minimum, for payments processed through this application. This fee is assessed by Govolution, LLC and will post as a separate transaction. Accepted credit cards include Visa, Mastercard, and Discover.": null

2023-07-11 12:51:39 - [TEST_STEP][PASSED] - cfVerbiageDemo = "This electronic government service includes a 2.45% service/convenience fee, with a $1.00 minimum, for payments processed through this application. This fee is assessed by Govolution, LLC and will post as a separate transaction. Accepted credit cards include Visa, MasterCard, and Discover.": null

2023-07-11 12:51:39 - [TEST_STEP][FAILED] - switch (executionProfile): null

2023-07-11 12:51:39 - [TEST_STEP][FAILED] - case "DemoProfile":: null

2023-07-11 12:51:39 - [TEST_STEP][FAILED] - verifyElementText(findTestObject(orPath_Landing + "/div_ServiceFeesVerbiage"), cfVerbiageDemo): Actual text 'This electronic government service includes a 2.45% service/convenience fee, with a $1.00 minimum, for payments processed through this application. This fee is assessed by Govolution, LLC and will post as a separate transaction. Accepted credit cards include Visa, Mastercard, Discover, and American Express.' and expected text 'This electronic government service includes a 2.45% service/convenience fee, with a $1.00 minimum, for payments processed through this application. This fee is assessed by Govolution, LLC and will post as a separate transaction. Accepted credit cards include Visa, MasterCard, and Discover.' of test object 'Object Repository/RAD_Pages/Landing_Page/div_ServiceFeesVerbiage' are NOT matched. (Root cause: com.kms.katalon.core.exception.StepFailedException: Actual text 'This electronic government service includes a 2.45% service/convenience fee, with a $1.00 minimum, for payments processed through this application. This fee is assessed by Govolution, LLC and will post as a separate transaction. Accepted credit cards include Visa, Mastercard, Discover, and American Express.' and expected text 'This electronic government service includes a 2.45% service/convenience fee, with a $1.00 minimum, for payments processed through this application. This fee is assessed by Govolution, LLC and will post as a separate transaction. Accepted credit cards include Visa, MasterCard, and Discover.' of test object 'Object Repository/RAD_Pages/Landing_Page/div_ServiceFeesVerbiage' are NOT matched.
	at com.kms.katalon.core.webui.keyword.internal.WebUIKeywordMain.stepFailed(WebUIKeywordMain.groovy:64)
	at com.kms.katalon.core.webui.keyword.builtin.VerifyElementTextKeyword$_verifyElementText_closure1.doCall(VerifyElementTextKeyword.groovy:57)
	at com.kms.katalon.core.webui.keyword.builtin.VerifyElementTextKeyword$_verifyElementText_closure1.call(VerifyElementTextKeyword.groovy)
	at com.kms.katalon.core.webui.keyword.internal.WebUIKeywordMain.runKeyword(WebUIKeywordMain.groovy:20)
	at com.kms.katalon.core.webui.keyword.builtin.VerifyElementTextKeyword.verifyElementText(VerifyElementTextKeyword.groovy:72)
	at com.kms.katalon.core.webui.keyword.builtin.VerifyElementTextKeyword.execute(VerifyElementTextKeyword.groovy:40)
	at com.kms.katalon.core.keyword.internal.KeywordExecutor.executeKeywordForPlatform(KeywordExecutor.groovy:74)
	at com.kms.katalon.core.webui.keyword.WebUiBuiltInKeywords.verifyElementText(WebUiBuiltInKeywords.groovy:4749)
	at com.kms.katalon.core.webui.keyword.WebUiBuiltInKeywords$verifyElementText$15.call(Unknown Source)
	at VerifyServiceFeeVerbiage_UI_TC.run(VerifyServiceFeeVerbiage_UI_TC:69)
	at com.kms.katalon.core.main.ScriptEngine.run(ScriptEngine.java:194)
	at com.kms.katalon.core.main.ScriptEngine.runScriptAsRawText(ScriptEngine.java:119)
	at com.kms.katalon.core.main.TestCaseExecutor.runScript(TestCaseExecutor.java:442)
	at com.kms.katalon.core.main.TestCaseExecutor.doExecute(TestCaseExecutor.java:433)
	at com.kms.katalon.core.main.TestCaseExecutor.processExecutionPhase(TestCaseExecutor.java:412)
	at com.kms.katalon.core.main.TestCaseExecutor.accessMainPhase(TestCaseExecutor.java:404)
	at com.kms.katalon.core.main.TestCaseExecutor.execute(TestCaseExecutor.java:281)
	at com.kms.katalon.core.main.TestSuiteExecutor.accessTestCaseMainPhase(TestSuiteExecutor.java:202)
	at com.kms.katalon.core.main.TestSuiteExecutor.accessTestSuiteMainPhase(TestSuiteExecutor.java:164)
	at com.kms.katalon.core.main.TestSuiteExecutor.execute(TestSuiteExecutor.java:105)
	at com.kms.katalon.core.main.TestCaseMain.startTestSuite(TestCaseMain.java:185)
	at com.kms.katalon.core.main.TestCaseMain$startTestSuite$0.call(Unknown Source)
	at TempTestSuite1689094038365.run(TempTestSuite1689094038365.groovy:36)
)

2023-07-11 12:51:40 - [MESSAGE][FAILED] - Actual text 'This electronic government service includes a 2.45% service/convenience fee, with a $1.00 minimum, for payments processed through this application. This fee is assessed by Govolution, LLC and will post as a separate transaction. Accepted credit cards include Visa, Mastercard, Discover, and American Express.' and expected text 'This electronic government service includes a 2.45% service/convenience fee, with a $1.00 minimum, for payments processed through this application. This fee is assessed by Govolution, LLC and will post as a separate transaction. Accepted credit cards include Visa, MasterCard, and Discover.' of test object 'Object Repository/RAD_Pages/Landing_Page/div_ServiceFeesVerbiage' are NOT matched. (Root cause: com.kms.katalon.core.exception.StepFailedException: Actual text 'This electronic government service includes a 2.45% service/convenience fee, with a $1.00 minimum, for payments processed through this application. This fee is assessed by Govolution, LLC and will post as a separate transaction. Accepted credit cards include Visa, Mastercard, Discover, and American Express.' and expected text 'This electronic government service includes a 2.45% service/convenience fee, with a $1.00 minimum, for payments processed through this application. This fee is assessed by Govolution, LLC and will post as a separate transaction. Accepted credit cards include Visa, MasterCard, and Discover.' of test object 'Object Repository/RAD_Pages/Landing_Page/div_ServiceFeesVerbiage' are NOT matched.
	at com.kms.katalon.core.webui.keyword.internal.WebUIKeywordMain.stepFailed(WebUIKeywordMain.groovy:64)
	at com.kms.katalon.core.webui.keyword.builtin.VerifyElementTextKeyword$_verifyElementText_closure1.doCall(VerifyElementTextKeyword.groovy:57)
	at com.kms.katalon.core.webui.keyword.builtin.VerifyElementTextKeyword$_verifyElementText_closure1.call(VerifyElementTextKeyword.groovy)
	at com.kms.katalon.core.webui.keyword.internal.WebUIKeywordMain.runKeyword(WebUIKeywordMain.groovy:20)
	at com.kms.katalon.core.webui.keyword.builtin.VerifyElementTextKeyword.verifyElementText(VerifyElementTextKeyword.groovy:72)
	at com.kms.katalon.core.webui.keyword.builtin.VerifyElementTextKeyword.execute(VerifyElementTextKeyword.groovy:40)
	at com.kms.katalon.core.keyword.internal.KeywordExecutor.executeKeywordForPlatform(KeywordExecutor.groovy:74)
	at com.kms.katalon.core.webui.keyword.WebUiBuiltInKeywords.verifyElementText(WebUiBuiltInKeywords.groovy:4749)
	at com.kms.katalon.core.webui.keyword.WebUiBuiltInKeywords$verifyElementText$15.call(Unknown Source)
	at VerifyServiceFeeVerbiage_UI_TC.run(VerifyServiceFeeVerbiage_UI_TC:69)
	at com.kms.katalon.core.main.ScriptEngine.run(ScriptEngine.java:194)
	at com.kms.katalon.core.main.ScriptEngine.runScriptAsRawText(ScriptEngine.java:119)
	at com.kms.katalon.core.main.TestCaseExecutor.runScript(TestCaseExecutor.java:442)
	at com.kms.katalon.core.main.TestCaseExecutor.doExecute(TestCaseExecutor.java:433)
	at com.kms.katalon.core.main.TestCaseExecutor.processExecutionPhase(TestCaseExecutor.java:412)
	at com.kms.katalon.core.main.TestCaseExecutor.accessMainPhase(TestCaseExecutor.java:404)
	at com.kms.katalon.core.main.TestCaseExecutor.execute(TestCaseExecutor.java:281)
	at com.kms.katalon.core.main.TestSuiteExecutor.accessTestCaseMainPhase(TestSuiteExecutor.java:202)
	at com.kms.katalon.core.main.TestSuiteExecutor.accessTestSuiteMainPhase(TestSuiteExecutor.java:164)
	at com.kms.katalon.core.main.TestSuiteExecutor.execute(TestSuiteExecutor.java:105)
	at com.kms.katalon.core.main.TestCaseMain.startTestSuite(TestCaseMain.java:185)
	at com.kms.katalon.core.main.TestCaseMain$startTestSuite$0.call(Unknown Source)
	at TempTestSuite1689094038365.run(TempTestSuite1689094038365.groovy:36)
)
[[ATTACHMENT|E:\\Cloned-Project-Katalon\\VPS-Katalon\\Reports\\20230711_124718\\RAD_TestSuite\\RAD_UI_TestSuite\\20230711_124718\\1689094300536.png]]

2023-07-11 12:51:40 - [TEST_STEP][PASSED] - break: null

2023-07-11 12:51:40 - [TEST_STEP][PASSED] - verifyElementPresent(findTestObject(orPath_Landing + "/button_Close"), 30): Object 'Object Repository/RAD_Pages/Landing_Page/button_Close' is present

2023-07-11 12:51:41 - [MESSAGE][PASSED] - Object 'Object Repository/RAD_Pages/Landing_Page/button_Close' is present

2023-07-11 12:51:41 - [TEST_STEP][PASSED] - click(findTestObject(orPath_Landing + "/button_Close")): Object: 'Object Repository/RAD_Pages/Landing_Page/button_Close' is clicked on

2023-07-11 12:51:41 - [MESSAGE][PASSED] - Object: 'Object Repository/RAD_Pages/Landing_Page/button_Close' is clicked on

2023-07-11 12:51:41 - [TEST_STEP][PASSED] - openBrowser(""): Browser is opened with url: ''

2023-07-11 12:51:41 - [MESSAGE][WARNING] - A browser is already opened. Closing browser and opening a new one

2023-07-11 12:51:42 - [MESSAGE][INFO] - Starting 'Chrome' driver

2023-07-11 12:51:42 - [MESSAGE][INFO] - User set preference: ['acceptInsecureCerts', 'true']

2023-07-11 12:51:42 - [MESSAGE][INFO] - Action delay is set to 0 milliseconds

2023-07-11 12:51:43 - [MESSAGE][PASSED] - Browser is opened with url: ''

2023-07-11 12:51:43 - [TEST_STEP][PASSED] - maximizeWindow(): Current window maximized

2023-07-11 12:51:43 - [MESSAGE][PASSED] - Current window maximized

2023-07-11 12:51:43 - [TEST_STEP][PASSED] - navigateToUrl(RADurl): Navigate to 'https://demo.velocitypayment.com/client/rad/index.html' successfully

2023-07-11 12:51:45 - [MESSAGE][PASSED] - Navigate to 'https://demo.velocitypayment.com/client/rad/index.html' successfully

2023-07-11 12:51:45 - [TEST_STEP][PASSED] - orPath_Landing = "Object Repository/RAD_Pages/Landing_Page": null

2023-07-11 12:51:45 - [TEST_STEP][PASSED] - orPath = "Object Repository/RAD_Pages/Landing_Page": null

2023-07-11 12:51:45 - [TEST_STEP][PASSED] - orPath_Amount = "Object Repository/RAD_Pages/PaymentAmount_Page": null

2023-07-11 12:51:45 - [TEST_STEP][PASSED] - selectOptionByLabel(findTestObject(orPath_Landing + "/dd_TaxType"), taxTypeDropList[i], false): All options with label 'Extension Payments' are selected in object 'Object Repository/RAD_Pages/Landing_Page/dd_TaxType' 

2023-07-11 12:51:45 - [MESSAGE][PASSED] - All options with label 'Extension Payments' are selected in object 'Object Repository/RAD_Pages/Landing_Page/dd_TaxType' 

2023-07-11 12:51:45 - [TEST_STEP][PASSED] - delay(1): Delayed 1 second(s)

2023-07-11 12:51:46 - [MESSAGE][PASSED] - Delayed 1 second(s)

2023-07-11 12:51:46 - [TEST_STEP][PASSED] - setText(findTestObject(orPath_Amount + "/input__paymentAmount"), ""): Text '' is set on object 'Object Repository/RAD_Pages/PaymentAmount_Page/input__paymentAmount'

2023-07-11 12:51:47 - [MESSAGE][PASSED] - Text '' is set on object 'Object Repository/RAD_Pages/PaymentAmount_Page/input__paymentAmount'

2023-07-11 12:51:47 - [TEST_STEP][PASSED] - click(findTestObject(orPath_Landing + "/a_Click here for details")): Object: 'Object Repository/RAD_Pages/Landing_Page/a_Click here for details' is clicked on

2023-07-11 12:51:48 - [MESSAGE][PASSED] - Object: 'Object Repository/RAD_Pages/Landing_Page/a_Click here for details' is clicked on

2023-07-11 12:51:48 - [TEST_STEP][PASSED] - cfVerbiageQA = "This electronic government service includes a 2.45% service/convenience fee, with a $1.00 minimum, for payments processed through this application. This fee is assessed by Govolution, LLC and will post as a separate transaction. Accepted credit cards include Visa, Mastercard, and Discover.": null

2023-07-11 12:51:48 - [TEST_STEP][PASSED] - cfVerbiageDemo = "This electronic government service includes a 2.45% service/convenience fee, with a $1.00 minimum, for payments processed through this application. This fee is assessed by Govolution, LLC and will post as a separate transaction. Accepted credit cards include Visa, MasterCard, and Discover.": null

2023-07-11 12:51:48 - [TEST_STEP][FAILED] - switch (executionProfile): null

2023-07-11 12:51:48 - [TEST_STEP][FAILED] - case "DemoProfile":: null

2023-07-11 12:51:48 - [TEST_STEP][FAILED] - verifyElementText(findTestObject(orPath_Landing + "/div_ServiceFeesVerbiage"), cfVerbiageDemo): Actual text 'This electronic government service includes a 2.45% service/convenience fee, with a $1.00 minimum, for payments processed through this application. This fee is assessed by Govolution, LLC and will post as a separate transaction. Accepted credit cards include Visa, Mastercard, Discover, and American Express.' and expected text 'This electronic government service includes a 2.45% service/convenience fee, with a $1.00 minimum, for payments processed through this application. This fee is assessed by Govolution, LLC and will post as a separate transaction. Accepted credit cards include Visa, MasterCard, and Discover.' of test object 'Object Repository/RAD_Pages/Landing_Page/div_ServiceFeesVerbiage' are NOT matched. (Root cause: com.kms.katalon.core.exception.StepFailedException: Actual text 'This electronic government service includes a 2.45% service/convenience fee, with a $1.00 minimum, for payments processed through this application. This fee is assessed by Govolution, LLC and will post as a separate transaction. Accepted credit cards include Visa, Mastercard, Discover, and American Express.' and expected text 'This electronic government service includes a 2.45% service/convenience fee, with a $1.00 minimum, for payments processed through this application. This fee is assessed by Govolution, LLC and will post as a separate transaction. Accepted credit cards include Visa, MasterCard, and Discover.' of test object 'Object Repository/RAD_Pages/Landing_Page/div_ServiceFeesVerbiage' are NOT matched.
	at com.kms.katalon.core.webui.keyword.internal.WebUIKeywordMain.stepFailed(WebUIKeywordMain.groovy:64)
	at com.kms.katalon.core.webui.keyword.builtin.VerifyElementTextKeyword$_verifyElementText_closure1.doCall(VerifyElementTextKeyword.groovy:57)
	at com.kms.katalon.core.webui.keyword.builtin.VerifyElementTextKeyword$_verifyElementText_closure1.call(VerifyElementTextKeyword.groovy)
	at com.kms.katalon.core.webui.keyword.internal.WebUIKeywordMain.runKeyword(WebUIKeywordMain.groovy:20)
	at com.kms.katalon.core.webui.keyword.builtin.VerifyElementTextKeyword.verifyElementText(VerifyElementTextKeyword.groovy:72)
	at com.kms.katalon.core.webui.keyword.builtin.VerifyElementTextKeyword.execute(VerifyElementTextKeyword.groovy:40)
	at com.kms.katalon.core.keyword.internal.KeywordExecutor.executeKeywordForPlatform(KeywordExecutor.groovy:74)
	at com.kms.katalon.core.webui.keyword.WebUiBuiltInKeywords.verifyElementText(WebUiBuiltInKeywords.groovy:4749)
	at com.kms.katalon.core.webui.keyword.WebUiBuiltInKeywords$verifyElementText$15.call(Unknown Source)
	at VerifyServiceFeeVerbiage_UI_TC.run(VerifyServiceFeeVerbiage_UI_TC:69)
	at com.kms.katalon.core.main.ScriptEngine.run(ScriptEngine.java:194)
	at com.kms.katalon.core.main.ScriptEngine.runScriptAsRawText(ScriptEngine.java:119)
	at com.kms.katalon.core.main.TestCaseExecutor.runScript(TestCaseExecutor.java:442)
	at com.kms.katalon.core.main.TestCaseExecutor.doExecute(TestCaseExecutor.java:433)
	at com.kms.katalon.core.main.TestCaseExecutor.processExecutionPhase(TestCaseExecutor.java:412)
	at com.kms.katalon.core.main.TestCaseExecutor.accessMainPhase(TestCaseExecutor.java:404)
	at com.kms.katalon.core.main.TestCaseExecutor.execute(TestCaseExecutor.java:281)
	at com.kms.katalon.core.main.TestSuiteExecutor.accessTestCaseMainPhase(TestSuiteExecutor.java:202)
	at com.kms.katalon.core.main.TestSuiteExecutor.accessTestSuiteMainPhase(TestSuiteExecutor.java:164)
	at com.kms.katalon.core.main.TestSuiteExecutor.execute(TestSuiteExecutor.java:105)
	at com.kms.katalon.core.main.TestCaseMain.startTestSuite(TestCaseMain.java:185)
	at com.kms.katalon.core.main.TestCaseMain$startTestSuite$0.call(Unknown Source)
	at TempTestSuite1689094038365.run(TempTestSuite1689094038365.groovy:36)
)

2023-07-11 12:51:48 - [MESSAGE][FAILED] - Actual text 'This electronic government service includes a 2.45% service/convenience fee, with a $1.00 minimum, for payments processed through this application. This fee is assessed by Govolution, LLC and will post as a separate transaction. Accepted credit cards include Visa, Mastercard, Discover, and American Express.' and expected text 'This electronic government service includes a 2.45% service/convenience fee, with a $1.00 minimum, for payments processed through this application. This fee is assessed by Govolution, LLC and will post as a separate transaction. Accepted credit cards include Visa, MasterCard, and Discover.' of test object 'Object Repository/RAD_Pages/Landing_Page/div_ServiceFeesVerbiage' are NOT matched. (Root cause: com.kms.katalon.core.exception.StepFailedException: Actual text 'This electronic government service includes a 2.45% service/convenience fee, with a $1.00 minimum, for payments processed through this application. This fee is assessed by Govolution, LLC and will post as a separate transaction. Accepted credit cards include Visa, Mastercard, Discover, and American Express.' and expected text 'This electronic government service includes a 2.45% service/convenience fee, with a $1.00 minimum, for payments processed through this application. This fee is assessed by Govolution, LLC and will post as a separate transaction. Accepted credit cards include Visa, MasterCard, and Discover.' of test object 'Object Repository/RAD_Pages/Landing_Page/div_ServiceFeesVerbiage' are NOT matched.
	at com.kms.katalon.core.webui.keyword.internal.WebUIKeywordMain.stepFailed(WebUIKeywordMain.groovy:64)
	at com.kms.katalon.core.webui.keyword.builtin.VerifyElementTextKeyword$_verifyElementText_closure1.doCall(VerifyElementTextKeyword.groovy:57)
	at com.kms.katalon.core.webui.keyword.builtin.VerifyElementTextKeyword$_verifyElementText_closure1.call(VerifyElementTextKeyword.groovy)
	at com.kms.katalon.core.webui.keyword.internal.WebUIKeywordMain.runKeyword(WebUIKeywordMain.groovy:20)
	at com.kms.katalon.core.webui.keyword.builtin.VerifyElementTextKeyword.verifyElementText(VerifyElementTextKeyword.groovy:72)
	at com.kms.katalon.core.webui.keyword.builtin.VerifyElementTextKeyword.execute(VerifyElementTextKeyword.groovy:40)
	at com.kms.katalon.core.keyword.internal.KeywordExecutor.executeKeywordForPlatform(KeywordExecutor.groovy:74)
	at com.kms.katalon.core.webui.keyword.WebUiBuiltInKeywords.verifyElementText(WebUiBuiltInKeywords.groovy:4749)
	at com.kms.katalon.core.webui.keyword.WebUiBuiltInKeywords$verifyElementText$15.call(Unknown Source)
	at VerifyServiceFeeVerbiage_UI_TC.run(VerifyServiceFeeVerbiage_UI_TC:69)
	at com.kms.katalon.core.main.ScriptEngine.run(ScriptEngine.java:194)
	at com.kms.katalon.core.main.ScriptEngine.runScriptAsRawText(ScriptEngine.java:119)
	at com.kms.katalon.core.main.TestCaseExecutor.runScript(TestCaseExecutor.java:442)
	at com.kms.katalon.core.main.TestCaseExecutor.doExecute(TestCaseExecutor.java:433)
	at com.kms.katalon.core.main.TestCaseExecutor.processExecutionPhase(TestCaseExecutor.java:412)
	at com.kms.katalon.core.main.TestCaseExecutor.accessMainPhase(TestCaseExecutor.java:404)
	at com.kms.katalon.core.main.TestCaseExecutor.execute(TestCaseExecutor.java:281)
	at com.kms.katalon.core.main.TestSuiteExecutor.accessTestCaseMainPhase(TestSuiteExecutor.java:202)
	at com.kms.katalon.core.main.TestSuiteExecutor.accessTestSuiteMainPhase(TestSuiteExecutor.java:164)
	at com.kms.katalon.core.main.TestSuiteExecutor.execute(TestSuiteExecutor.java:105)
	at com.kms.katalon.core.main.TestCaseMain.startTestSuite(TestCaseMain.java:185)
	at com.kms.katalon.core.main.TestCaseMain$startTestSuite$0.call(Unknown Source)
	at TempTestSuite1689094038365.run(TempTestSuite1689094038365.groovy:36)
)
[[ATTACHMENT|E:\\Cloned-Project-Katalon\\VPS-Katalon\\Reports\\20230711_124718\\RAD_TestSuite\\RAD_UI_TestSuite\\20230711_124718\\1689094308748.png]]

2023-07-11 12:51:48 - [TEST_STEP][PASSED] - break: null

2023-07-11 12:51:48 - [TEST_STEP][PASSED] - verifyElementPresent(findTestObject(orPath_Landing + "/button_Close"), 30): Object 'Object Repository/RAD_Pages/Landing_Page/button_Close' is present

2023-07-11 12:51:49 - [MESSAGE][PASSED] - Object 'Object Repository/RAD_Pages/Landing_Page/button_Close' is present

2023-07-11 12:51:49 - [TEST_STEP][PASSED] - click(findTestObject(orPath_Landing + "/button_Close")): Object: 'Object Repository/RAD_Pages/Landing_Page/button_Close' is clicked on

2023-07-11 12:51:49 - [MESSAGE][PASSED] - Object: 'Object Repository/RAD_Pages/Landing_Page/button_Close' is clicked on

2023-07-11 12:51:49 - [TEST_STEP][PASSED] - openBrowser(""): Browser is opened with url: ''

2023-07-11 12:51:49 - [MESSAGE][WARNING] - A browser is already opened. Closing browser and opening a new one

2023-07-11 12:51:50 - [MESSAGE][INFO] - Starting 'Chrome' driver

2023-07-11 12:51:50 - [MESSAGE][INFO] - User set preference: ['acceptInsecureCerts', 'true']

2023-07-11 12:51:50 - [MESSAGE][INFO] - Action delay is set to 0 milliseconds

2023-07-11 12:51:51 - [MESSAGE][PASSED] - Browser is opened with url: ''

2023-07-11 12:51:51 - [TEST_STEP][PASSED] - maximizeWindow(): Current window maximized

2023-07-11 12:51:52 - [MESSAGE][PASSED] - Current window maximized

2023-07-11 12:51:52 - [TEST_STEP][PASSED] - navigateToUrl(RADurl): Navigate to 'https://demo.velocitypayment.com/client/rad/index.html' successfully

2023-07-11 12:51:53 - [MESSAGE][PASSED] - Navigate to 'https://demo.velocitypayment.com/client/rad/index.html' successfully

2023-07-11 12:51:53 - [TEST_STEP][PASSED] - orPath_Landing = "Object Repository/RAD_Pages/Landing_Page": null

2023-07-11 12:51:53 - [TEST_STEP][PASSED] - orPath = "Object Repository/RAD_Pages/Landing_Page": null

2023-07-11 12:51:53 - [TEST_STEP][PASSED] - orPath_Amount = "Object Repository/RAD_Pages/PaymentAmount_Page": null

2023-07-11 12:51:53 - [TEST_STEP][PASSED] - selectOptionByLabel(findTestObject(orPath_Landing + "/dd_TaxType"), taxTypeDropList[i], false): All options with label 'Existing Liability' are selected in object 'Object Repository/RAD_Pages/Landing_Page/dd_TaxType' 

2023-07-11 12:51:54 - [MESSAGE][PASSED] - All options with label 'Existing Liability' are selected in object 'Object Repository/RAD_Pages/Landing_Page/dd_TaxType' 

2023-07-11 12:51:54 - [TEST_STEP][PASSED] - delay(1): Delayed 1 second(s)

2023-07-11 12:51:55 - [MESSAGE][PASSED] - Delayed 1 second(s)

2023-07-11 12:51:55 - [TEST_STEP][PASSED] - setText(findTestObject(orPath_Amount + "/input__paymentAmount"), ""): Text '' is set on object 'Object Repository/RAD_Pages/PaymentAmount_Page/input__paymentAmount'

2023-07-11 12:51:55 - [MESSAGE][PASSED] - Text '' is set on object 'Object Repository/RAD_Pages/PaymentAmount_Page/input__paymentAmount'

2023-07-11 12:51:55 - [TEST_STEP][PASSED] - click(findTestObject(orPath_Landing + "/a_Click here for details")): Object: 'Object Repository/RAD_Pages/Landing_Page/a_Click here for details' is clicked on

2023-07-11 12:51:56 - [MESSAGE][PASSED] - Object: 'Object Repository/RAD_Pages/Landing_Page/a_Click here for details' is clicked on

2023-07-11 12:51:56 - [TEST_STEP][PASSED] - cfVerbiageQA = "This electronic government service includes a 2.45% service/convenience fee, with a $1.00 minimum, for payments processed through this application. This fee is assessed by Govolution, LLC and will post as a separate transaction. Accepted credit cards include Visa, Mastercard, and Discover.": null

2023-07-11 12:51:56 - [TEST_STEP][PASSED] - cfVerbiageDemo = "This electronic government service includes a 2.45% service/convenience fee, with a $1.00 minimum, for payments processed through this application. This fee is assessed by Govolution, LLC and will post as a separate transaction. Accepted credit cards include Visa, MasterCard, and Discover.": null

2023-07-11 12:51:56 - [TEST_STEP][FAILED] - switch (executionProfile): null

2023-07-11 12:51:56 - [TEST_STEP][FAILED] - case "DemoProfile":: null

2023-07-11 12:51:56 - [TEST_STEP][FAILED] - verifyElementText(findTestObject(orPath_Landing + "/div_ServiceFeesVerbiage"), cfVerbiageDemo): Actual text 'This electronic government service includes a 2.45% service/convenience fee, with a $1.00 minimum, for payments processed through this application. This fee is assessed by Govolution, LLC and will post as a separate transaction. Accepted credit cards include Visa, Mastercard, Discover, and American Express.' and expected text 'This electronic government service includes a 2.45% service/convenience fee, with a $1.00 minimum, for payments processed through this application. This fee is assessed by Govolution, LLC and will post as a separate transaction. Accepted credit cards include Visa, MasterCard, and Discover.' of test object 'Object Repository/RAD_Pages/Landing_Page/div_ServiceFeesVerbiage' are NOT matched. (Root cause: com.kms.katalon.core.exception.StepFailedException: Actual text 'This electronic government service includes a 2.45% service/convenience fee, with a $1.00 minimum, for payments processed through this application. This fee is assessed by Govolution, LLC and will post as a separate transaction. Accepted credit cards include Visa, Mastercard, Discover, and American Express.' and expected text 'This electronic government service includes a 2.45% service/convenience fee, with a $1.00 minimum, for payments processed through this application. This fee is assessed by Govolution, LLC and will post as a separate transaction. Accepted credit cards include Visa, MasterCard, and Discover.' of test object 'Object Repository/RAD_Pages/Landing_Page/div_ServiceFeesVerbiage' are NOT matched.
	at com.kms.katalon.core.webui.keyword.internal.WebUIKeywordMain.stepFailed(WebUIKeywordMain.groovy:64)
	at com.kms.katalon.core.webui.keyword.builtin.VerifyElementTextKeyword$_verifyElementText_closure1.doCall(VerifyElementTextKeyword.groovy:57)
	at com.kms.katalon.core.webui.keyword.builtin.VerifyElementTextKeyword$_verifyElementText_closure1.call(VerifyElementTextKeyword.groovy)
	at com.kms.katalon.core.webui.keyword.internal.WebUIKeywordMain.runKeyword(WebUIKeywordMain.groovy:20)
	at com.kms.katalon.core.webui.keyword.builtin.VerifyElementTextKeyword.verifyElementText(VerifyElementTextKeyword.groovy:72)
	at com.kms.katalon.core.webui.keyword.builtin.VerifyElementTextKeyword.execute(VerifyElementTextKeyword.groovy:40)
	at com.kms.katalon.core.keyword.internal.KeywordExecutor.executeKeywordForPlatform(KeywordExecutor.groovy:74)
	at com.kms.katalon.core.webui.keyword.WebUiBuiltInKeywords.verifyElementText(WebUiBuiltInKeywords.groovy:4749)
	at com.kms.katalon.core.webui.keyword.WebUiBuiltInKeywords$verifyElementText$15.call(Unknown Source)
	at VerifyServiceFeeVerbiage_UI_TC.run(VerifyServiceFeeVerbiage_UI_TC:69)
	at com.kms.katalon.core.main.ScriptEngine.run(ScriptEngine.java:194)
	at com.kms.katalon.core.main.ScriptEngine.runScriptAsRawText(ScriptEngine.java:119)
	at com.kms.katalon.core.main.TestCaseExecutor.runScript(TestCaseExecutor.java:442)
	at com.kms.katalon.core.main.TestCaseExecutor.doExecute(TestCaseExecutor.java:433)
	at com.kms.katalon.core.main.TestCaseExecutor.processExecutionPhase(TestCaseExecutor.java:412)
	at com.kms.katalon.core.main.TestCaseExecutor.accessMainPhase(TestCaseExecutor.java:404)
	at com.kms.katalon.core.main.TestCaseExecutor.execute(TestCaseExecutor.java:281)
	at com.kms.katalon.core.main.TestSuiteExecutor.accessTestCaseMainPhase(TestSuiteExecutor.java:202)
	at com.kms.katalon.core.main.TestSuiteExecutor.accessTestSuiteMainPhase(TestSuiteExecutor.java:164)
	at com.kms.katalon.core.main.TestSuiteExecutor.execute(TestSuiteExecutor.java:105)
	at com.kms.katalon.core.main.TestCaseMain.startTestSuite(TestCaseMain.java:185)
	at com.kms.katalon.core.main.TestCaseMain$startTestSuite$0.call(Unknown Source)
	at TempTestSuite1689094038365.run(TempTestSuite1689094038365.groovy:36)
)

2023-07-11 12:51:57 - [MESSAGE][FAILED] - Actual text 'This electronic government service includes a 2.45% service/convenience fee, with a $1.00 minimum, for payments processed through this application. This fee is assessed by Govolution, LLC and will post as a separate transaction. Accepted credit cards include Visa, Mastercard, Discover, and American Express.' and expected text 'This electronic government service includes a 2.45% service/convenience fee, with a $1.00 minimum, for payments processed through this application. This fee is assessed by Govolution, LLC and will post as a separate transaction. Accepted credit cards include Visa, MasterCard, and Discover.' of test object 'Object Repository/RAD_Pages/Landing_Page/div_ServiceFeesVerbiage' are NOT matched. (Root cause: com.kms.katalon.core.exception.StepFailedException: Actual text 'This electronic government service includes a 2.45% service/convenience fee, with a $1.00 minimum, for payments processed through this application. This fee is assessed by Govolution, LLC and will post as a separate transaction. Accepted credit cards include Visa, Mastercard, Discover, and American Express.' and expected text 'This electronic government service includes a 2.45% service/convenience fee, with a $1.00 minimum, for payments processed through this application. This fee is assessed by Govolution, LLC and will post as a separate transaction. Accepted credit cards include Visa, MasterCard, and Discover.' of test object 'Object Repository/RAD_Pages/Landing_Page/div_ServiceFeesVerbiage' are NOT matched.
	at com.kms.katalon.core.webui.keyword.internal.WebUIKeywordMain.stepFailed(WebUIKeywordMain.groovy:64)
	at com.kms.katalon.core.webui.keyword.builtin.VerifyElementTextKeyword$_verifyElementText_closure1.doCall(VerifyElementTextKeyword.groovy:57)
	at com.kms.katalon.core.webui.keyword.builtin.VerifyElementTextKeyword$_verifyElementText_closure1.call(VerifyElementTextKeyword.groovy)
	at com.kms.katalon.core.webui.keyword.internal.WebUIKeywordMain.runKeyword(WebUIKeywordMain.groovy:20)
	at com.kms.katalon.core.webui.keyword.builtin.VerifyElementTextKeyword.verifyElementText(VerifyElementTextKeyword.groovy:72)
	at com.kms.katalon.core.webui.keyword.builtin.VerifyElementTextKeyword.execute(VerifyElementTextKeyword.groovy:40)
	at com.kms.katalon.core.keyword.internal.KeywordExecutor.executeKeywordForPlatform(KeywordExecutor.groovy:74)
	at com.kms.katalon.core.webui.keyword.WebUiBuiltInKeywords.verifyElementText(WebUiBuiltInKeywords.groovy:4749)
	at com.kms.katalon.core.webui.keyword.WebUiBuiltInKeywords$verifyElementText$15.call(Unknown Source)
	at VerifyServiceFeeVerbiage_UI_TC.run(VerifyServiceFeeVerbiage_UI_TC:69)
	at com.kms.katalon.core.main.ScriptEngine.run(ScriptEngine.java:194)
	at com.kms.katalon.core.main.ScriptEngine.runScriptAsRawText(ScriptEngine.java:119)
	at com.kms.katalon.core.main.TestCaseExecutor.runScript(TestCaseExecutor.java:442)
	at com.kms.katalon.core.main.TestCaseExecutor.doExecute(TestCaseExecutor.java:433)
	at com.kms.katalon.core.main.TestCaseExecutor.processExecutionPhase(TestCaseExecutor.java:412)
	at com.kms.katalon.core.main.TestCaseExecutor.accessMainPhase(TestCaseExecutor.java:404)
	at com.kms.katalon.core.main.TestCaseExecutor.execute(TestCaseExecutor.java:281)
	at com.kms.katalon.core.main.TestSuiteExecutor.accessTestCaseMainPhase(TestSuiteExecutor.java:202)
	at com.kms.katalon.core.main.TestSuiteExecutor.accessTestSuiteMainPhase(TestSuiteExecutor.java:164)
	at com.kms.katalon.core.main.TestSuiteExecutor.execute(TestSuiteExecutor.java:105)
	at com.kms.katalon.core.main.TestCaseMain.startTestSuite(TestCaseMain.java:185)
	at com.kms.katalon.core.main.TestCaseMain$startTestSuite$0.call(Unknown Source)
	at TempTestSuite1689094038365.run(TempTestSuite1689094038365.groovy:36)
)
[[ATTACHMENT|E:\\Cloned-Project-Katalon\\VPS-Katalon\\Reports\\20230711_124718\\RAD_TestSuite\\RAD_UI_TestSuite\\20230711_124718\\1689094316967.png]]

2023-07-11 12:51:57 - [TEST_STEP][PASSED] - break: null

2023-07-11 12:51:57 - [TEST_STEP][PASSED] - verifyElementPresent(findTestObject(orPath_Landing + "/button_Close"), 30): Object 'Object Repository/RAD_Pages/Landing_Page/button_Close' is present

2023-07-11 12:51:57 - [MESSAGE][PASSED] - Object 'Object Repository/RAD_Pages/Landing_Page/button_Close' is present

2023-07-11 12:51:57 - [TEST_STEP][PASSED] - click(findTestObject(orPath_Landing + "/button_Close")): Object: 'Object Repository/RAD_Pages/Landing_Page/button_Close' is clicked on

2023-07-11 12:51:57 - [MESSAGE][PASSED] - Object: 'Object Repository/RAD_Pages/Landing_Page/button_Close' is clicked on

2023-07-11 12:51:57 - [TEST_STEP][PASSED] - openBrowser(""): Browser is opened with url: ''

2023-07-11 12:51:57 - [MESSAGE][WARNING] - A browser is already opened. Closing browser and opening a new one

2023-07-11 12:51:58 - [MESSAGE][INFO] - Starting 'Chrome' driver

2023-07-11 12:51:58 - [MESSAGE][INFO] - User set preference: ['acceptInsecureCerts', 'true']

2023-07-11 12:51:58 - [MESSAGE][INFO] - Action delay is set to 0 milliseconds

2023-07-11 12:52:00 - [MESSAGE][PASSED] - Browser is opened with url: ''

2023-07-11 12:52:00 - [TEST_STEP][PASSED] - maximizeWindow(): Current window maximized

2023-07-11 12:52:00 - [MESSAGE][PASSED] - Current window maximized

2023-07-11 12:52:00 - [TEST_STEP][PASSED] - navigateToUrl(RADurl): Navigate to 'https://demo.velocitypayment.com/client/rad/index.html' successfully

2023-07-11 12:52:01 - [MESSAGE][PASSED] - Navigate to 'https://demo.velocitypayment.com/client/rad/index.html' successfully

2023-07-11 12:52:01 - [TEST_STEP][PASSED] - orPath_Landing = "Object Repository/RAD_Pages/Landing_Page": null

2023-07-11 12:52:01 - [TEST_STEP][PASSED] - orPath = "Object Repository/RAD_Pages/Landing_Page": null

2023-07-11 12:52:01 - [TEST_STEP][PASSED] - orPath_Amount = "Object Repository/RAD_Pages/PaymentAmount_Page": null

2023-07-11 12:52:01 - [TEST_STEP][PASSED] - selectOptionByLabel(findTestObject(orPath_Landing + "/dd_TaxType"), taxTypeDropList[i], false): All options with label 'Sales and Use' are selected in object 'Object Repository/RAD_Pages/Landing_Page/dd_TaxType' 

2023-07-11 12:52:02 - [MESSAGE][PASSED] - All options with label 'Sales and Use' are selected in object 'Object Repository/RAD_Pages/Landing_Page/dd_TaxType' 

2023-07-11 12:52:02 - [TEST_STEP][PASSED] - delay(1): Delayed 1 second(s)

2023-07-11 12:52:03 - [MESSAGE][PASSED] - Delayed 1 second(s)

2023-07-11 12:52:03 - [TEST_STEP][PASSED] - setText(findTestObject(orPath_Amount + "/input__paymentAmount"), ""): Text '' is set on object 'Object Repository/RAD_Pages/PaymentAmount_Page/input__paymentAmount'

2023-07-11 12:52:04 - [MESSAGE][PASSED] - Text '' is set on object 'Object Repository/RAD_Pages/PaymentAmount_Page/input__paymentAmount'

2023-07-11 12:52:04 - [TEST_STEP][PASSED] - click(findTestObject(orPath_Landing + "/a_Click here for details")): Object: 'Object Repository/RAD_Pages/Landing_Page/a_Click here for details' is clicked on

2023-07-11 12:52:06 - [MESSAGE][PASSED] - Object: 'Object Repository/RAD_Pages/Landing_Page/a_Click here for details' is clicked on

2023-07-11 12:52:06 - [TEST_STEP][PASSED] - cfVerbiageQA = "This electronic government service includes a 2.45% service/convenience fee, with a $1.00 minimum, for payments processed through this application. This fee is assessed by Govolution, LLC and will post as a separate transaction. Accepted credit cards include Visa, Mastercard, and Discover.": null

2023-07-11 12:52:06 - [TEST_STEP][PASSED] - cfVerbiageDemo = "This electronic government service includes a 2.45% service/convenience fee, with a $1.00 minimum, for payments processed through this application. This fee is assessed by Govolution, LLC and will post as a separate transaction. Accepted credit cards include Visa, MasterCard, and Discover.": null

2023-07-11 12:52:06 - [TEST_STEP][FAILED] - switch (executionProfile): null

2023-07-11 12:52:06 - [TEST_STEP][FAILED] - case "DemoProfile":: null

2023-07-11 12:52:06 - [TEST_STEP][FAILED] - verifyElementText(findTestObject(orPath_Landing + "/div_ServiceFeesVerbiage"), cfVerbiageDemo): Actual text 'This electronic government service includes a 2.45% service/convenience fee, with a $1.00 minimum, for payments processed through this application. This fee is assessed by Govolution, LLC and will post as a separate transaction. Accepted credit cards include Visa, Mastercard, Discover, and American Express.' and expected text 'This electronic government service includes a 2.45% service/convenience fee, with a $1.00 minimum, for payments processed through this application. This fee is assessed by Govolution, LLC and will post as a separate transaction. Accepted credit cards include Visa, MasterCard, and Discover.' of test object 'Object Repository/RAD_Pages/Landing_Page/div_ServiceFeesVerbiage' are NOT matched. (Root cause: com.kms.katalon.core.exception.StepFailedException: Actual text 'This electronic government service includes a 2.45% service/convenience fee, with a $1.00 minimum, for payments processed through this application. This fee is assessed by Govolution, LLC and will post as a separate transaction. Accepted credit cards include Visa, Mastercard, Discover, and American Express.' and expected text 'This electronic government service includes a 2.45% service/convenience fee, with a $1.00 minimum, for payments processed through this application. This fee is assessed by Govolution, LLC and will post as a separate transaction. Accepted credit cards include Visa, MasterCard, and Discover.' of test object 'Object Repository/RAD_Pages/Landing_Page/div_ServiceFeesVerbiage' are NOT matched.
	at com.kms.katalon.core.webui.keyword.internal.WebUIKeywordMain.stepFailed(WebUIKeywordMain.groovy:64)
	at com.kms.katalon.core.webui.keyword.builtin.VerifyElementTextKeyword$_verifyElementText_closure1.doCall(VerifyElementTextKeyword.groovy:57)
	at com.kms.katalon.core.webui.keyword.builtin.VerifyElementTextKeyword$_verifyElementText_closure1.call(VerifyElementTextKeyword.groovy)
	at com.kms.katalon.core.webui.keyword.internal.WebUIKeywordMain.runKeyword(WebUIKeywordMain.groovy:20)
	at com.kms.katalon.core.webui.keyword.builtin.VerifyElementTextKeyword.verifyElementText(VerifyElementTextKeyword.groovy:72)
	at com.kms.katalon.core.webui.keyword.builtin.VerifyElementTextKeyword.execute(VerifyElementTextKeyword.groovy:40)
	at com.kms.katalon.core.keyword.internal.KeywordExecutor.executeKeywordForPlatform(KeywordExecutor.groovy:74)
	at com.kms.katalon.core.webui.keyword.WebUiBuiltInKeywords.verifyElementText(WebUiBuiltInKeywords.groovy:4749)
	at com.kms.katalon.core.webui.keyword.WebUiBuiltInKeywords$verifyElementText$15.call(Unknown Source)
	at VerifyServiceFeeVerbiage_UI_TC.run(VerifyServiceFeeVerbiage_UI_TC:69)
	at com.kms.katalon.core.main.ScriptEngine.run(ScriptEngine.java:194)
	at com.kms.katalon.core.main.ScriptEngine.runScriptAsRawText(ScriptEngine.java:119)
	at com.kms.katalon.core.main.TestCaseExecutor.runScript(TestCaseExecutor.java:442)
	at com.kms.katalon.core.main.TestCaseExecutor.doExecute(TestCaseExecutor.java:433)
	at com.kms.katalon.core.main.TestCaseExecutor.processExecutionPhase(TestCaseExecutor.java:412)
	at com.kms.katalon.core.main.TestCaseExecutor.accessMainPhase(TestCaseExecutor.java:404)
	at com.kms.katalon.core.main.TestCaseExecutor.execute(TestCaseExecutor.java:281)
	at com.kms.katalon.core.main.TestSuiteExecutor.accessTestCaseMainPhase(TestSuiteExecutor.java:202)
	at com.kms.katalon.core.main.TestSuiteExecutor.accessTestSuiteMainPhase(TestSuiteExecutor.java:164)
	at com.kms.katalon.core.main.TestSuiteExecutor.execute(TestSuiteExecutor.java:105)
	at com.kms.katalon.core.main.TestCaseMain.startTestSuite(TestCaseMain.java:185)
	at com.kms.katalon.core.main.TestCaseMain$startTestSuite$0.call(Unknown Source)
	at TempTestSuite1689094038365.run(TempTestSuite1689094038365.groovy:36)
)

2023-07-11 12:52:07 - [MESSAGE][FAILED] - Actual text 'This electronic government service includes a 2.45% service/convenience fee, with a $1.00 minimum, for payments processed through this application. This fee is assessed by Govolution, LLC and will post as a separate transaction. Accepted credit cards include Visa, Mastercard, Discover, and American Express.' and expected text 'This electronic government service includes a 2.45% service/convenience fee, with a $1.00 minimum, for payments processed through this application. This fee is assessed by Govolution, LLC and will post as a separate transaction. Accepted credit cards include Visa, MasterCard, and Discover.' of test object 'Object Repository/RAD_Pages/Landing_Page/div_ServiceFeesVerbiage' are NOT matched. (Root cause: com.kms.katalon.core.exception.StepFailedException: Actual text 'This electronic government service includes a 2.45% service/convenience fee, with a $1.00 minimum, for payments processed through this application. This fee is assessed by Govolution, LLC and will post as a separate transaction. Accepted credit cards include Visa, Mastercard, Discover, and American Express.' and expected text 'This electronic government service includes a 2.45% service/convenience fee, with a $1.00 minimum, for payments processed through this application. This fee is assessed by Govolution, LLC and will post as a separate transaction. Accepted credit cards include Visa, MasterCard, and Discover.' of test object 'Object Repository/RAD_Pages/Landing_Page/div_ServiceFeesVerbiage' are NOT matched.
	at com.kms.katalon.core.webui.keyword.internal.WebUIKeywordMain.stepFailed(WebUIKeywordMain.groovy:64)
	at com.kms.katalon.core.webui.keyword.builtin.VerifyElementTextKeyword$_verifyElementText_closure1.doCall(VerifyElementTextKeyword.groovy:57)
	at com.kms.katalon.core.webui.keyword.builtin.VerifyElementTextKeyword$_verifyElementText_closure1.call(VerifyElementTextKeyword.groovy)
	at com.kms.katalon.core.webui.keyword.internal.WebUIKeywordMain.runKeyword(WebUIKeywordMain.groovy:20)
	at com.kms.katalon.core.webui.keyword.builtin.VerifyElementTextKeyword.verifyElementText(VerifyElementTextKeyword.groovy:72)
	at com.kms.katalon.core.webui.keyword.builtin.VerifyElementTextKeyword.execute(VerifyElementTextKeyword.groovy:40)
	at com.kms.katalon.core.keyword.internal.KeywordExecutor.executeKeywordForPlatform(KeywordExecutor.groovy:74)
	at com.kms.katalon.core.webui.keyword.WebUiBuiltInKeywords.verifyElementText(WebUiBuiltInKeywords.groovy:4749)
	at com.kms.katalon.core.webui.keyword.WebUiBuiltInKeywords$verifyElementText$15.call(Unknown Source)
	at VerifyServiceFeeVerbiage_UI_TC.run(VerifyServiceFeeVerbiage_UI_TC:69)
	at com.kms.katalon.core.main.ScriptEngine.run(ScriptEngine.java:194)
	at com.kms.katalon.core.main.ScriptEngine.runScriptAsRawText(ScriptEngine.java:119)
	at com.kms.katalon.core.main.TestCaseExecutor.runScript(TestCaseExecutor.java:442)
	at com.kms.katalon.core.main.TestCaseExecutor.doExecute(TestCaseExecutor.java:433)
	at com.kms.katalon.core.main.TestCaseExecutor.processExecutionPhase(TestCaseExecutor.java:412)
	at com.kms.katalon.core.main.TestCaseExecutor.accessMainPhase(TestCaseExecutor.java:404)
	at com.kms.katalon.core.main.TestCaseExecutor.execute(TestCaseExecutor.java:281)
	at com.kms.katalon.core.main.TestSuiteExecutor.accessTestCaseMainPhase(TestSuiteExecutor.java:202)
	at com.kms.katalon.core.main.TestSuiteExecutor.accessTestSuiteMainPhase(TestSuiteExecutor.java:164)
	at com.kms.katalon.core.main.TestSuiteExecutor.execute(TestSuiteExecutor.java:105)
	at com.kms.katalon.core.main.TestCaseMain.startTestSuite(TestCaseMain.java:185)
	at com.kms.katalon.core.main.TestCaseMain$startTestSuite$0.call(Unknown Source)
	at TempTestSuite1689094038365.run(TempTestSuite1689094038365.groovy:36)
)
[[ATTACHMENT|E:\\Cloned-Project-Katalon\\VPS-Katalon\\Reports\\20230711_124718\\RAD_TestSuite\\RAD_UI_TestSuite\\20230711_124718\\1689094327409.png]]

2023-07-11 12:52:07 - [TEST_STEP][PASSED] - break: null

2023-07-11 12:52:07 - [TEST_STEP][PASSED] - verifyElementPresent(findTestObject(orPath_Landing + "/button_Close"), 30): Object 'Object Repository/RAD_Pages/Landing_Page/button_Close' is present

2023-07-11 12:52:07 - [MESSAGE][PASSED] - Object 'Object Repository/RAD_Pages/Landing_Page/button_Close' is present

2023-07-11 12:52:07 - [TEST_STEP][PASSED] - click(findTestObject(orPath_Landing + "/button_Close")): Object: 'Object Repository/RAD_Pages/Landing_Page/button_Close' is clicked on

2023-07-11 12:52:08 - [MESSAGE][PASSED] - Object: 'Object Repository/RAD_Pages/Landing_Page/button_Close' is clicked on

2023-07-11 12:52:08 - [TEST_STEP][PASSED] - openBrowser(""): Browser is opened with url: ''

2023-07-11 12:52:08 - [MESSAGE][WARNING] - A browser is already opened. Closing browser and opening a new one

2023-07-11 12:52:09 - [MESSAGE][INFO] - Starting 'Chrome' driver

2023-07-11 12:52:09 - [MESSAGE][INFO] - User set preference: ['acceptInsecureCerts', 'true']

2023-07-11 12:52:09 - [MESSAGE][INFO] - Action delay is set to 0 milliseconds

2023-07-11 12:52:10 - [MESSAGE][PASSED] - Browser is opened with url: ''

2023-07-11 12:52:10 - [TEST_STEP][PASSED] - maximizeWindow(): Current window maximized

2023-07-11 12:52:10 - [MESSAGE][PASSED] - Current window maximized

2023-07-11 12:52:10 - [TEST_STEP][PASSED] - navigateToUrl(RADurl): Navigate to 'https://demo.velocitypayment.com/client/rad/index.html' successfully

2023-07-11 12:52:12 - [MESSAGE][PASSED] - Navigate to 'https://demo.velocitypayment.com/client/rad/index.html' successfully

2023-07-11 12:52:12 - [TEST_STEP][PASSED] - orPath_Landing = "Object Repository/RAD_Pages/Landing_Page": null

2023-07-11 12:52:12 - [TEST_STEP][PASSED] - orPath = "Object Repository/RAD_Pages/Landing_Page": null

2023-07-11 12:52:12 - [TEST_STEP][PASSED] - orPath_Amount = "Object Repository/RAD_Pages/PaymentAmount_Page": null

2023-07-11 12:52:12 - [TEST_STEP][PASSED] - selectOptionByLabel(findTestObject(orPath_Landing + "/dd_TaxType"), taxTypeDropList[i], false): All options with label 'Withholding Tax' are selected in object 'Object Repository/RAD_Pages/Landing_Page/dd_TaxType' 

2023-07-11 12:52:12 - [MESSAGE][PASSED] - All options with label 'Withholding Tax' are selected in object 'Object Repository/RAD_Pages/Landing_Page/dd_TaxType' 

2023-07-11 12:52:12 - [TEST_STEP][PASSED] - delay(1): Delayed 1 second(s)

2023-07-11 12:52:13 - [MESSAGE][PASSED] - Delayed 1 second(s)

2023-07-11 12:52:13 - [TEST_STEP][PASSED] - setText(findTestObject(orPath_Amount + "/input__paymentAmount"), ""): Text '' is set on object 'Object Repository/RAD_Pages/PaymentAmount_Page/input__paymentAmount'

2023-07-11 12:52:14 - [MESSAGE][PASSED] - Text '' is set on object 'Object Repository/RAD_Pages/PaymentAmount_Page/input__paymentAmount'

2023-07-11 12:52:14 - [TEST_STEP][PASSED] - click(findTestObject(orPath_Landing + "/a_Click here for details")): Object: 'Object Repository/RAD_Pages/Landing_Page/a_Click here for details' is clicked on

2023-07-11 12:52:17 - [MESSAGE][PASSED] - Object: 'Object Repository/RAD_Pages/Landing_Page/a_Click here for details' is clicked on

2023-07-11 12:52:17 - [TEST_STEP][PASSED] - cfVerbiageQA = "This electronic government service includes a 2.45% service/convenience fee, with a $1.00 minimum, for payments processed through this application. This fee is assessed by Govolution, LLC and will post as a separate transaction. Accepted credit cards include Visa, Mastercard, and Discover.": null

2023-07-11 12:52:17 - [TEST_STEP][PASSED] - cfVerbiageDemo = "This electronic government service includes a 2.45% service/convenience fee, with a $1.00 minimum, for payments processed through this application. This fee is assessed by Govolution, LLC and will post as a separate transaction. Accepted credit cards include Visa, MasterCard, and Discover.": null

2023-07-11 12:52:17 - [TEST_STEP][FAILED] - switch (executionProfile): null

2023-07-11 12:52:17 - [TEST_STEP][FAILED] - case "DemoProfile":: null

2023-07-11 12:52:17 - [TEST_STEP][FAILED] - verifyElementText(findTestObject(orPath_Landing + "/div_ServiceFeesVerbiage"), cfVerbiageDemo): Actual text 'This electronic government service includes a 2.45% service/convenience fee, with a $1.00 minimum, for payments processed through this application. This fee is assessed by Govolution, LLC and will post as a separate transaction. Accepted credit cards include Visa, Mastercard, Discover, and American Express.' and expected text 'This electronic government service includes a 2.45% service/convenience fee, with a $1.00 minimum, for payments processed through this application. This fee is assessed by Govolution, LLC and will post as a separate transaction. Accepted credit cards include Visa, MasterCard, and Discover.' of test object 'Object Repository/RAD_Pages/Landing_Page/div_ServiceFeesVerbiage' are NOT matched. (Root cause: com.kms.katalon.core.exception.StepFailedException: Actual text 'This electronic government service includes a 2.45% service/convenience fee, with a $1.00 minimum, for payments processed through this application. This fee is assessed by Govolution, LLC and will post as a separate transaction. Accepted credit cards include Visa, Mastercard, Discover, and American Express.' and expected text 'This electronic government service includes a 2.45% service/convenience fee, with a $1.00 minimum, for payments processed through this application. This fee is assessed by Govolution, LLC and will post as a separate transaction. Accepted credit cards include Visa, MasterCard, and Discover.' of test object 'Object Repository/RAD_Pages/Landing_Page/div_ServiceFeesVerbiage' are NOT matched.
	at com.kms.katalon.core.webui.keyword.internal.WebUIKeywordMain.stepFailed(WebUIKeywordMain.groovy:64)
	at com.kms.katalon.core.webui.keyword.builtin.VerifyElementTextKeyword$_verifyElementText_closure1.doCall(VerifyElementTextKeyword.groovy:57)
	at com.kms.katalon.core.webui.keyword.builtin.VerifyElementTextKeyword$_verifyElementText_closure1.call(VerifyElementTextKeyword.groovy)
	at com.kms.katalon.core.webui.keyword.internal.WebUIKeywordMain.runKeyword(WebUIKeywordMain.groovy:20)
	at com.kms.katalon.core.webui.keyword.builtin.VerifyElementTextKeyword.verifyElementText(VerifyElementTextKeyword.groovy:72)
	at com.kms.katalon.core.webui.keyword.builtin.VerifyElementTextKeyword.execute(VerifyElementTextKeyword.groovy:40)
	at com.kms.katalon.core.keyword.internal.KeywordExecutor.executeKeywordForPlatform(KeywordExecutor.groovy:74)
	at com.kms.katalon.core.webui.keyword.WebUiBuiltInKeywords.verifyElementText(WebUiBuiltInKeywords.groovy:4749)
	at com.kms.katalon.core.webui.keyword.WebUiBuiltInKeywords$verifyElementText$15.call(Unknown Source)
	at VerifyServiceFeeVerbiage_UI_TC.run(VerifyServiceFeeVerbiage_UI_TC:69)
	at com.kms.katalon.core.main.ScriptEngine.run(ScriptEngine.java:194)
	at com.kms.katalon.core.main.ScriptEngine.runScriptAsRawText(ScriptEngine.java:119)
	at com.kms.katalon.core.main.TestCaseExecutor.runScript(TestCaseExecutor.java:442)
	at com.kms.katalon.core.main.TestCaseExecutor.doExecute(TestCaseExecutor.java:433)
	at com.kms.katalon.core.main.TestCaseExecutor.processExecutionPhase(TestCaseExecutor.java:412)
	at com.kms.katalon.core.main.TestCaseExecutor.accessMainPhase(TestCaseExecutor.java:404)
	at com.kms.katalon.core.main.TestCaseExecutor.execute(TestCaseExecutor.java:281)
	at com.kms.katalon.core.main.TestSuiteExecutor.accessTestCaseMainPhase(TestSuiteExecutor.java:202)
	at com.kms.katalon.core.main.TestSuiteExecutor.accessTestSuiteMainPhase(TestSuiteExecutor.java:164)
	at com.kms.katalon.core.main.TestSuiteExecutor.execute(TestSuiteExecutor.java:105)
	at com.kms.katalon.core.main.TestCaseMain.startTestSuite(TestCaseMain.java:185)
	at com.kms.katalon.core.main.TestCaseMain$startTestSuite$0.call(Unknown Source)
	at TempTestSuite1689094038365.run(TempTestSuite1689094038365.groovy:36)
)

2023-07-11 12:52:18 - [MESSAGE][FAILED] - Actual text 'This electronic government service includes a 2.45% service/convenience fee, with a $1.00 minimum, for payments processed through this application. This fee is assessed by Govolution, LLC and will post as a separate transaction. Accepted credit cards include Visa, Mastercard, Discover, and American Express.' and expected text 'This electronic government service includes a 2.45% service/convenience fee, with a $1.00 minimum, for payments processed through this application. This fee is assessed by Govolution, LLC and will post as a separate transaction. Accepted credit cards include Visa, MasterCard, and Discover.' of test object 'Object Repository/RAD_Pages/Landing_Page/div_ServiceFeesVerbiage' are NOT matched. (Root cause: com.kms.katalon.core.exception.StepFailedException: Actual text 'This electronic government service includes a 2.45% service/convenience fee, with a $1.00 minimum, for payments processed through this application. This fee is assessed by Govolution, LLC and will post as a separate transaction. Accepted credit cards include Visa, Mastercard, Discover, and American Express.' and expected text 'This electronic government service includes a 2.45% service/convenience fee, with a $1.00 minimum, for payments processed through this application. This fee is assessed by Govolution, LLC and will post as a separate transaction. Accepted credit cards include Visa, MasterCard, and Discover.' of test object 'Object Repository/RAD_Pages/Landing_Page/div_ServiceFeesVerbiage' are NOT matched.
	at com.kms.katalon.core.webui.keyword.internal.WebUIKeywordMain.stepFailed(WebUIKeywordMain.groovy:64)
	at com.kms.katalon.core.webui.keyword.builtin.VerifyElementTextKeyword$_verifyElementText_closure1.doCall(VerifyElementTextKeyword.groovy:57)
	at com.kms.katalon.core.webui.keyword.builtin.VerifyElementTextKeyword$_verifyElementText_closure1.call(VerifyElementTextKeyword.groovy)
	at com.kms.katalon.core.webui.keyword.internal.WebUIKeywordMain.runKeyword(WebUIKeywordMain.groovy:20)
	at com.kms.katalon.core.webui.keyword.builtin.VerifyElementTextKeyword.verifyElementText(VerifyElementTextKeyword.groovy:72)
	at com.kms.katalon.core.webui.keyword.builtin.VerifyElementTextKeyword.execute(VerifyElementTextKeyword.groovy:40)
	at com.kms.katalon.core.keyword.internal.KeywordExecutor.executeKeywordForPlatform(KeywordExecutor.groovy:74)
	at com.kms.katalon.core.webui.keyword.WebUiBuiltInKeywords.verifyElementText(WebUiBuiltInKeywords.groovy:4749)
	at com.kms.katalon.core.webui.keyword.WebUiBuiltInKeywords$verifyElementText$15.call(Unknown Source)
	at VerifyServiceFeeVerbiage_UI_TC.run(VerifyServiceFeeVerbiage_UI_TC:69)
	at com.kms.katalon.core.main.ScriptEngine.run(ScriptEngine.java:194)
	at com.kms.katalon.core.main.ScriptEngine.runScriptAsRawText(ScriptEngine.java:119)
	at com.kms.katalon.core.main.TestCaseExecutor.runScript(TestCaseExecutor.java:442)
	at com.kms.katalon.core.main.TestCaseExecutor.doExecute(TestCaseExecutor.java:433)
	at com.kms.katalon.core.main.TestCaseExecutor.processExecutionPhase(TestCaseExecutor.java:412)
	at com.kms.katalon.core.main.TestCaseExecutor.accessMainPhase(TestCaseExecutor.java:404)
	at com.kms.katalon.core.main.TestCaseExecutor.execute(TestCaseExecutor.java:281)
	at com.kms.katalon.core.main.TestSuiteExecutor.accessTestCaseMainPhase(TestSuiteExecutor.java:202)
	at com.kms.katalon.core.main.TestSuiteExecutor.accessTestSuiteMainPhase(TestSuiteExecutor.java:164)
	at com.kms.katalon.core.main.TestSuiteExecutor.execute(TestSuiteExecutor.java:105)
	at com.kms.katalon.core.main.TestCaseMain.startTestSuite(TestCaseMain.java:185)
	at com.kms.katalon.core.main.TestCaseMain$startTestSuite$0.call(Unknown Source)
	at TempTestSuite1689094038365.run(TempTestSuite1689094038365.groovy:36)
)
[[ATTACHMENT|E:\\Cloned-Project-Katalon\\VPS-Katalon\\Reports\\20230711_124718\\RAD_TestSuite\\RAD_UI_TestSuite\\20230711_124718\\1689094337790.png]]

2023-07-11 12:52:18 - [TEST_STEP][PASSED] - break: null

2023-07-11 12:52:18 - [TEST_STEP][PASSED] - verifyElementPresent(findTestObject(orPath_Landing + "/button_Close"), 30): Object 'Object Repository/RAD_Pages/Landing_Page/button_Close' is present

2023-07-11 12:52:18 - [MESSAGE][PASSED] - Object 'Object Repository/RAD_Pages/Landing_Page/button_Close' is present

2023-07-11 12:52:18 - [TEST_STEP][PASSED] - click(findTestObject(orPath_Landing + "/button_Close")): Object: 'Object Repository/RAD_Pages/Landing_Page/button_Close' is clicked on

2023-07-11 12:52:18 - [MESSAGE][PASSED] - Object: 'Object Repository/RAD_Pages/Landing_Page/button_Close' is clicked on]]></system-out>
         <system-err><![CDATA[2023-07-11 12:51:24 - [TEST_CASE][FAILED] - Test Cases/RAD_TestCases/UI_TestCases/VerifyServiceFeeVerbiage_UI_TC: Test Cases/RAD_TestCases/UI_TestCases/VerifyServiceFeeVerbiage_UI_TC FAILED.
Reason:
com.kms.katalon.core.exception.StepFailedException: Actual text 'This electronic government service includes a 2.45% service/convenience fee, with a $1.00 minimum, for payments processed through this application. This fee is assessed by Govolution, LLC and will post as a separate transaction. Accepted credit cards include Visa, Mastercard, Discover, and American Express.' and expected text 'This electronic government service includes a 2.45% service/convenience fee, with a $1.00 minimum, for payments processed through this application. This fee is assessed by Govolution, LLC and will post as a separate transaction. Accepted credit cards include Visa, MasterCard, and Discover.' of test object 'Object Repository/RAD_Pages/Landing_Page/div_ServiceFeesVerbiage' are NOT matched. (Root cause: com.kms.katalon.core.exception.StepFailedException: Actual text 'This electronic government service includes a 2.45% service/convenience fee, with a $1.00 minimum, for payments processed through this application. This fee is assessed by Govolution, LLC and will post as a separate transaction. Accepted credit cards include Visa, Mastercard, Discover, and American Express.' and expected text 'This electronic government service includes a 2.45% service/convenience fee, with a $1.00 minimum, for payments processed through this application. This fee is assessed by Govolution, LLC and will post as a separate transaction. Accepted credit cards include Visa, MasterCard, and Discover.' of test object 'Object Repository/RAD_Pages/Landing_Page/div_ServiceFeesVerbiage' are NOT matched.
	at com.kms.katalon.core.webui.keyword.internal.WebUIKeywordMain.stepFailed(WebUIKeywordMain.groovy:64)
	at com.kms.katalon.core.webui.keyword.builtin.VerifyElementTextKeyword$_verifyElementText_closure1.doCall(VerifyElementTextKeyword.groovy:57)
	at com.kms.katalon.core.webui.keyword.builtin.VerifyElementTextKeyword$_verifyElementText_closure1.call(VerifyElementTextKeyword.groovy)
	at com.kms.katalon.core.webui.keyword.internal.WebUIKeywordMain.runKeyword(WebUIKeywordMain.groovy:20)
	at com.kms.katalon.core.webui.keyword.builtin.VerifyElementTextKeyword.verifyElementText(VerifyElementTextKeyword.groovy:72)
	at com.kms.katalon.core.webui.keyword.builtin.VerifyElementTextKeyword.execute(VerifyElementTextKeyword.groovy:40)
	at com.kms.katalon.core.keyword.internal.KeywordExecutor.executeKeywordForPlatform(KeywordExecutor.groovy:74)
	at com.kms.katalon.core.webui.keyword.WebUiBuiltInKeywords.verifyElementText(WebUiBuiltInKeywords.groovy:4749)
	at com.kms.katalon.core.webui.keyword.WebUiBuiltInKeywords$verifyElementText$15.call(Unknown Source)
	at VerifyServiceFeeVerbiage_UI_TC.run(VerifyServiceFeeVerbiage_UI_TC:69)
	at com.kms.katalon.core.main.ScriptEngine.run(ScriptEngine.java:194)
	at com.kms.katalon.core.main.ScriptEngine.runScriptAsRawText(ScriptEngine.java:119)
	at com.kms.katalon.core.main.TestCaseExecutor.runScript(TestCaseExecutor.java:442)
	at com.kms.katalon.core.main.TestCaseExecutor.doExecute(TestCaseExecutor.java:433)
	at com.kms.katalon.core.main.TestCaseExecutor.processExecutionPhase(TestCaseExecutor.java:412)
	at com.kms.katalon.core.main.TestCaseExecutor.accessMainPhase(TestCaseExecutor.java:404)
	at com.kms.katalon.core.main.TestCaseExecutor.execute(TestCaseExecutor.java:281)
	at com.kms.katalon.core.main.TestSuiteExecutor.accessTestCaseMainPhase(TestSuiteExecutor.java:202)
	at com.kms.katalon.core.main.TestSuiteExecutor.accessTestSuiteMainPhase(TestSuiteExecutor.java:164)
	at com.kms.katalon.core.main.TestSuiteExecutor.execute(TestSuiteExecutor.java:105)
	at com.kms.katalon.core.main.TestCaseMain.startTestSuite(TestCaseMain.java:185)
	at com.kms.katalon.core.main.TestCaseMain$startTestSuite$0.call(Unknown Source)
	at TempTestSuite1689094038365.run(TempTestSuite1689094038365.groovy:36)
)
	at com.kms.katalon.core.keyword.internal.KeywordMain.stepFailed(KeywordMain.groovy:39)
	at com.kms.katalon.core.webui.keyword.internal.WebUIKeywordMain.stepFailed(WebUIKeywordMain.groovy:64)
	at com.kms.katalon.core.webui.keyword.builtin.VerifyElementTextKeyword$_verifyElementText_closure1.doCall(VerifyElementTextKeyword.groovy:57)
	at com.kms.katalon.core.webui.keyword.builtin.VerifyElementTextKeyword$_verifyElementText_closure1.call(VerifyElementTextKeyword.groovy)
	at com.kms.katalon.core.webui.keyword.internal.WebUIKeywordMain.runKeyword(WebUIKeywordMain.groovy:20)
	at com.kms.katalon.core.webui.keyword.builtin.VerifyElementTextKeyword.verifyElementText(VerifyElementTextKeyword.groovy:72)
	at com.kms.katalon.core.webui.keyword.builtin.VerifyElementTextKeyword.execute(VerifyElementTextKeyword.groovy:40)
	at com.kms.katalon.core.keyword.internal.KeywordExecutor.executeKeywordForPlatform(KeywordExecutor.groovy:74)
	at com.kms.katalon.core.webui.keyword.WebUiBuiltInKeywords.verifyElementText(WebUiBuiltInKeywords.groovy:4749)
	at com.kms.katalon.core.webui.keyword.WebUiBuiltInKeywords$verifyElementText$15.call(Unknown Source)
	at VerifyServiceFeeVerbiage_UI_TC.run(VerifyServiceFeeVerbiage_UI_TC:69)
	at com.kms.katalon.core.main.ScriptEngine.run(ScriptEngine.java:194)
	at com.kms.katalon.core.main.ScriptEngine.runScriptAsRawText(ScriptEngine.java:119)
	at com.kms.katalon.core.main.TestCaseExecutor.runScript(TestCaseExecutor.java:442)
	at com.kms.katalon.core.main.TestCaseExecutor.doExecute(TestCaseExecutor.java:433)
	at com.kms.katalon.core.main.TestCaseExecutor.processExecutionPhase(TestCaseExecutor.java:412)
	at com.kms.katalon.core.main.TestCaseExecutor.accessMainPhase(TestCaseExecutor.java:404)
	at com.kms.katalon.core.main.TestCaseExecutor.execute(TestCaseExecutor.java:281)
	at com.kms.katalon.core.main.TestSuiteExecutor.accessTestCaseMainPhase(TestSuiteExecutor.java:202)
	at com.kms.katalon.core.main.TestSuiteExecutor.accessTestSuiteMainPhase(TestSuiteExecutor.java:164)
	at com.kms.katalon.core.main.TestSuiteExecutor.execute(TestSuiteExecutor.java:105)
	at com.kms.katalon.core.main.TestCaseMain.startTestSuite(TestCaseMain.java:185)
	at com.kms.katalon.core.main.TestCaseMain$startTestSuite$0.call(Unknown Source)
	at TempTestSuite1689094038365.run(TempTestSuite1689094038365.groovy:36)
Caused by: com.kms.katalon.core.exception.StepFailedException: Actual text 'This electronic government service includes a 2.45% service/convenience fee, with a $1.00 minimum, for payments processed through this application. This fee is assessed by Govolution, LLC and will post as a separate transaction. Accepted credit cards include Visa, Mastercard, Discover, and American Express.' and expected text 'This electronic government service includes a 2.45% service/convenience fee, with a $1.00 minimum, for payments processed through this application. This fee is assessed by Govolution, LLC and will post as a separate transaction. Accepted credit cards include Visa, MasterCard, and Discover.' of test object 'Object Repository/RAD_Pages/Landing_Page/div_ServiceFeesVerbiage' are NOT matched.
	... 23 more]]></system-err>
      </testcase>
      <testcase name="Test Cases/RAD_TestCases/MRF_TestCases/EstimatedTax_MRF_TC" time="12.834" classname="Test Cases/RAD_TestCases/MRF_TestCases/EstimatedTax_MRF_TC" status="PASSED">
         <system-out><![CDATA[2023-07-11 12:52:18 - [TEST_CASE][PASSED] - Test Cases/RAD_TestCases/MRF_TestCases/EstimatedTax_MRF_TC: Test Cases/RAD_TestCases/MRF_TestCases/EstimatedTax_MRF_TC

2023-07-11 12:52:19 - [TEST_STEP][PASSED] - openBrowser(""): Browser is opened with url: ''

2023-07-11 12:52:19 - [MESSAGE][WARNING] - A browser is already opened. Closing browser and opening a new one

2023-07-11 12:52:20 - [MESSAGE][INFO] - Starting 'Chrome' driver

2023-07-11 12:52:20 - [MESSAGE][INFO] - User set preference: ['acceptInsecureCerts', 'true']

2023-07-11 12:52:20 - [MESSAGE][INFO] - Action delay is set to 0 milliseconds

2023-07-11 12:52:21 - [MESSAGE][PASSED] - Browser is opened with url: ''

2023-07-11 12:52:21 - [TEST_STEP][PASSED] - maximizeWindow(): Current window maximized

2023-07-11 12:52:21 - [MESSAGE][PASSED] - Current window maximized

2023-07-11 12:52:21 - [TEST_STEP][PASSED] - navigateToUrl(RADurl): Navigate to 'https://demo.velocitypayment.com/client/rad/index.html' successfully

2023-07-11 12:52:22 - [MESSAGE][PASSED] - Navigate to 'https://demo.velocitypayment.com/client/rad/index.html' successfully

2023-07-11 12:52:22 - [TEST_STEP][PASSED] - executionProfile = getExecutionProfile(): null

2023-07-11 12:52:22 - [TEST_STEP][PASSED] - orPath_Landing = "Object Repository/RAD_Pages/Landing_Page": null

2023-07-11 12:52:22 - [TEST_STEP][PASSED] - orPath_Amount = "Object Repository/RAD_Pages/PaymentAmount_Page": null

2023-07-11 12:52:22 - [TEST_STEP][PASSED] - orPath_FilingStatus = "Object Repository/RAD_Pages/FilingStatus_Page": null

2023-07-11 12:52:22 - [TEST_STEP][PASSED] - orPath_TaxPayer = "Object Repository/RAD_Pages/Taxpayer_Page": null

2023-07-11 12:52:22 - [TEST_STEP][PASSED] - selectOptionByLabel(findTestObject(orPath_Landing + "/dd_TaxType"), "Estimated Tax", false): All options with label 'Estimated Tax' are selected in object 'Object Repository/RAD_Pages/Landing_Page/dd_TaxType' 

2023-07-11 12:52:23 - [MESSAGE][PASSED] - All options with label 'Estimated Tax' are selected in object 'Object Repository/RAD_Pages/Landing_Page/dd_TaxType' 

2023-07-11 12:52:23 - [TEST_STEP][PASSED] - switch (executionProfile): null

2023-07-11 12:52:23 - [TEST_STEP][PASSED] - case "DemoProfile":: null

2023-07-11 12:52:23 - [TEST_STEP][PASSED] - setText(findTestObject(orPath_TaxPayer + "/input_lastName"), "ATES"): Text 'ATES' is set on object 'Object Repository/RAD_Pages/Taxpayer_Page/input_lastName'

2023-07-11 12:52:24 - [MESSAGE][PASSED] - Text 'ATES' is set on object 'Object Repository/RAD_Pages/Taxpayer_Page/input_lastName'

2023-07-11 12:52:24 - [TEST_STEP][PASSED] - setText(findTestObject("RAD_RecordAndPlay/input_concatSSN"), "123456725"): Text '123456725' is set on object 'Object Repository/RAD_RecordAndPlay/input_concatSSN'

2023-07-11 12:52:25 - [MESSAGE][PASSED] - Text '123456725' is set on object 'Object Repository/RAD_RecordAndPlay/input_concatSSN'

2023-07-11 12:52:25 - [TEST_STEP][PASSED] - setText(findTestObject("RAD_RecordAndPlay/input_concatReSSN"), "123456725"): Text '123456725' is set on object 'Object Repository/RAD_RecordAndPlay/input_concatReSSN'

2023-07-11 12:52:25 - [MESSAGE][PASSED] - Text '123456725' is set on object 'Object Repository/RAD_RecordAndPlay/input_concatReSSN'

2023-07-11 12:52:25 - [TEST_STEP][PASSED] - setText(findTestObject(orPath_TaxPayer + "/input_firstName"), ""): Text '' is set on object 'Object Repository/RAD_Pages/Taxpayer_Page/input_firstName'

2023-07-11 12:52:26 - [MESSAGE][PASSED] - Text '' is set on object 'Object Repository/RAD_Pages/Taxpayer_Page/input_firstName'

2023-07-11 12:52:26 - [TEST_STEP][PASSED] - break: null

2023-07-11 12:52:26 - [TEST_STEP][PASSED] - scrollToElement(findTestObject(orPath_Landing + "/button_Continue"), 3): Scroll to object 'Object Repository/RAD_Pages/Landing_Page/button_Continue' successfully

2023-07-11 12:52:26 - [MESSAGE][PASSED] - Scroll to object 'Object Repository/RAD_Pages/Landing_Page/button_Continue' successfully

2023-07-11 12:52:26 - [TEST_STEP][PASSED] - waitForElementClickable(findTestObject(orPath_Landing + "/button_Continue"), 5): Object 'Object Repository/RAD_Pages/Landing_Page/button_Continue' is clickable

2023-07-11 12:52:27 - [MESSAGE][PASSED] - Object 'Object Repository/RAD_Pages/Landing_Page/button_Continue' is clickable

2023-07-11 12:52:27 - [TEST_STEP][PASSED] - click(findTestObject(orPath_Landing + "/button_Continue")): Object: 'Object Repository/RAD_Pages/Landing_Page/button_Continue' is clicked on

2023-07-11 12:52:27 - [MESSAGE][PASSED] - Object: 'Object Repository/RAD_Pages/Landing_Page/button_Continue' is clicked on

2023-07-11 12:52:27 - [TEST_STEP][PASSED] - verifyTextPresent("Select a payment type", true): Text 'Select a payment type' is present on page  using regular expression

2023-07-11 12:52:28 - [MESSAGE][PASSED] - Text 'Select a payment type' is present on page  using regular expression

2023-07-11 12:52:28 - [TEST_STEP][PASSED] - verifyTextPresent("Enter first name", true): Text 'Enter first name' is present on page  using regular expression

2023-07-11 12:52:28 - [MESSAGE][PASSED] - Text 'Enter first name' is present on page  using regular expression

2023-07-11 12:52:28 - [TEST_STEP][PASSED] - verifyTextPresent("Enter address", true): Text 'Enter address' is present on page  using regular expression

2023-07-11 12:52:28 - [MESSAGE][PASSED] - Text 'Enter address' is present on page  using regular expression

2023-07-11 12:52:28 - [TEST_STEP][PASSED] - verifyTextPresent("Enter city", true): Text 'Enter city' is present on page  using regular expression

2023-07-11 12:52:29 - [MESSAGE][PASSED] - Text 'Enter city' is present on page  using regular expression

2023-07-11 12:52:29 - [TEST_STEP][PASSED] - verifyTextPresent("Select a state", true): Text 'Select a state' is present on page  using regular expression

2023-07-11 12:52:29 - [MESSAGE][PASSED] - Text 'Select a state' is present on page  using regular expression

2023-07-11 12:52:29 - [TEST_STEP][PASSED] - verifyTextPresent("Enter ZIP code", true): Text 'Enter ZIP code' is present on page  using regular expression

2023-07-11 12:52:30 - [MESSAGE][PASSED] - Text 'Enter ZIP code' is present on page  using regular expression

2023-07-11 12:52:30 - [TEST_STEP][PASSED] - verifyTextPresent("Enter a valid phone number", true): Text 'Enter a valid phone number' is present on page  using regular expression

2023-07-11 12:52:30 - [MESSAGE][PASSED] - Text 'Enter a valid phone number' is present on page  using regular expression

2023-07-11 12:52:30 - [TEST_STEP][PASSED] - verifyTextPresent("Enter Email", true): Text 'Enter Email' is present on page  using regular expression

2023-07-11 12:52:30 - [MESSAGE][PASSED] - Text 'Enter Email' is present on page  using regular expression

2023-07-11 12:52:30 - [TEST_STEP][PASSED] - verifyTextPresent("The Email and Re-enter email do not match", true): Text 'The Email and Re-enter email do not match' is present on page  using regular expression

2023-07-11 12:52:31 - [MESSAGE][PASSED] - Text 'The Email and Re-enter email do not match' is present on page  using regular expression

2023-07-11 12:52:31 - [TEST_STEP][PASSED] - verifyTextPresent("Payment amount must be greater than zero and less than 10,000,000", true): Text 'Payment amount must be greater than zero and less than 10,000,000' is present on page  using regular expression

2023-07-11 12:52:31 - [MESSAGE][PASSED] - Text 'Payment amount must be greater than zero and less than 10,000,000' is present on page  using regular expression]]></system-out>
         <system-err><![CDATA[]]></system-err>
      </testcase>
      <testcase name="Test Cases/RAD_TestCases/MRF_TestCases/PersonalIncomeTax_MRF_TC" time="12.932" classname="Test Cases/RAD_TestCases/MRF_TestCases/PersonalIncomeTax_MRF_TC" status="PASSED">
         <system-out><![CDATA[2023-07-11 12:52:31 - [TEST_CASE][PASSED] - Test Cases/RAD_TestCases/MRF_TestCases/PersonalIncomeTax_MRF_TC: Test Cases/RAD_TestCases/MRF_TestCases/PersonalIncomeTax_MRF_TC

2023-07-11 12:52:31 - [TEST_STEP][PASSED] - openBrowser(""): Browser is opened with url: ''

2023-07-11 12:52:31 - [MESSAGE][WARNING] - A browser is already opened. Closing browser and opening a new one

2023-07-11 12:52:32 - [MESSAGE][INFO] - Starting 'Chrome' driver

2023-07-11 12:52:32 - [MESSAGE][INFO] - User set preference: ['acceptInsecureCerts', 'true']

2023-07-11 12:52:32 - [MESSAGE][INFO] - Action delay is set to 0 milliseconds

2023-07-11 12:52:34 - [MESSAGE][PASSED] - Browser is opened with url: ''

2023-07-11 12:52:34 - [TEST_STEP][PASSED] - maximizeWindow(): Current window maximized

2023-07-11 12:52:34 - [MESSAGE][PASSED] - Current window maximized

2023-07-11 12:52:34 - [TEST_STEP][PASSED] - navigateToUrl(RADurl): Navigate to 'https://demo.velocitypayment.com/client/rad/index.html' successfully

2023-07-11 12:52:35 - [MESSAGE][PASSED] - Navigate to 'https://demo.velocitypayment.com/client/rad/index.html' successfully

2023-07-11 12:52:35 - [TEST_STEP][PASSED] - executionProfile = getExecutionProfile(): null

2023-07-11 12:52:35 - [TEST_STEP][PASSED] - orPath_Landing = "Object Repository/RAD_Pages/Landing_Page": null

2023-07-11 12:52:35 - [TEST_STEP][PASSED] - orPath_Amount = "Object Repository/RAD_Pages/PaymentAmount_Page": null

2023-07-11 12:52:35 - [TEST_STEP][PASSED] - orPath_FilingStatus = "Object Repository/RAD_Pages/FilingStatus_Page": null

2023-07-11 12:52:35 - [TEST_STEP][PASSED] - orPath_TaxPayer = "Object Repository/RAD_Pages/Taxpayer_Page": null

2023-07-11 12:52:35 - [TEST_STEP][PASSED] - selectOptionByLabel(findTestObject(orPath_Landing + "/dd_TaxType"), "Personal Income Tax", false): All options with label 'Personal Income Tax' are selected in object 'Object Repository/RAD_Pages/Landing_Page/dd_TaxType' 

2023-07-11 12:52:36 - [MESSAGE][PASSED] - All options with label 'Personal Income Tax' are selected in object 'Object Repository/RAD_Pages/Landing_Page/dd_TaxType' 

2023-07-11 12:52:36 - [TEST_STEP][PASSED] - switch (executionProfile): null

2023-07-11 12:52:36 - [TEST_STEP][PASSED] - case "DemoProfile":: null

2023-07-11 12:52:36 - [TEST_STEP][PASSED] - setText(findTestObject("RAD_RecordAndPlay/input_concatSSN"), "123456725"): Text '123456725' is set on object 'Object Repository/RAD_RecordAndPlay/input_concatSSN'

2023-07-11 12:52:37 - [MESSAGE][PASSED] - Text '123456725' is set on object 'Object Repository/RAD_RecordAndPlay/input_concatSSN'

2023-07-11 12:52:37 - [TEST_STEP][PASSED] - setText(findTestObject("RAD_RecordAndPlay/input_concatReSSN"), "123456725"): Text '123456725' is set on object 'Object Repository/RAD_RecordAndPlay/input_concatReSSN'

2023-07-11 12:52:37 - [MESSAGE][PASSED] - Text '123456725' is set on object 'Object Repository/RAD_RecordAndPlay/input_concatReSSN'

2023-07-11 12:52:37 - [TEST_STEP][PASSED] - setText(findTestObject(orPath_TaxPayer + "/input_lastName"), "ATES"): Text 'ATES' is set on object 'Object Repository/RAD_Pages/Taxpayer_Page/input_lastName'

2023-07-11 12:52:38 - [MESSAGE][PASSED] - Text 'ATES' is set on object 'Object Repository/RAD_Pages/Taxpayer_Page/input_lastName'

2023-07-11 12:52:38 - [TEST_STEP][PASSED] - break: null

2023-07-11 12:52:38 - [TEST_STEP][PASSED] - scrollToElement(findTestObject(orPath_Landing + "/button_Continue"), 3): Scroll to object 'Object Repository/RAD_Pages/Landing_Page/button_Continue' successfully

2023-07-11 12:52:39 - [MESSAGE][PASSED] - Scroll to object 'Object Repository/RAD_Pages/Landing_Page/button_Continue' successfully

2023-07-11 12:52:39 - [TEST_STEP][PASSED] - waitForElementClickable(findTestObject(orPath_Landing + "/button_Continue"), 5): Object 'Object Repository/RAD_Pages/Landing_Page/button_Continue' is clickable

2023-07-11 12:52:40 - [MESSAGE][PASSED] - Object 'Object Repository/RAD_Pages/Landing_Page/button_Continue' is clickable

2023-07-11 12:52:40 - [TEST_STEP][PASSED] - click(findTestObject(orPath_Landing + "/button_Continue")): Object: 'Object Repository/RAD_Pages/Landing_Page/button_Continue' is clicked on

2023-07-11 12:52:40 - [MESSAGE][PASSED] - Object: 'Object Repository/RAD_Pages/Landing_Page/button_Continue' is clicked on

2023-07-11 12:52:40 - [TEST_STEP][PASSED] - verifyTextPresent("Select a filing year", true): Text 'Select a filing year' is present on page  using regular expression

2023-07-11 12:52:41 - [MESSAGE][PASSED] - Text 'Select a filing year' is present on page  using regular expression

2023-07-11 12:52:41 - [TEST_STEP][PASSED] - verifyTextPresent("Enter first name", true): Text 'Enter first name' is present on page  using regular expression

2023-07-11 12:52:41 - [MESSAGE][PASSED] - Text 'Enter first name' is present on page  using regular expression

2023-07-11 12:52:41 - [TEST_STEP][PASSED] - verifyTextPresent("Enter address", true): Text 'Enter address' is present on page  using regular expression

2023-07-11 12:52:41 - [MESSAGE][PASSED] - Text 'Enter address' is present on page  using regular expression

2023-07-11 12:52:41 - [TEST_STEP][PASSED] - verifyTextPresent("Enter city", true): Text 'Enter city' is present on page  using regular expression

2023-07-11 12:52:42 - [MESSAGE][PASSED] - Text 'Enter city' is present on page  using regular expression

2023-07-11 12:52:42 - [TEST_STEP][PASSED] - verifyTextPresent("Select a state", true): Text 'Select a state' is present on page  using regular expression

2023-07-11 12:52:42 - [MESSAGE][PASSED] - Text 'Select a state' is present on page  using regular expression

2023-07-11 12:52:42 - [TEST_STEP][PASSED] - verifyTextPresent("Enter ZIP code", true): Text 'Enter ZIP code' is present on page  using regular expression

2023-07-11 12:52:42 - [MESSAGE][PASSED] - Text 'Enter ZIP code' is present on page  using regular expression

2023-07-11 12:52:42 - [TEST_STEP][PASSED] - verifyTextPresent("Enter a valid phone number", true): Text 'Enter a valid phone number' is present on page  using regular expression

2023-07-11 12:52:43 - [MESSAGE][PASSED] - Text 'Enter a valid phone number' is present on page  using regular expression

2023-07-11 12:52:43 - [TEST_STEP][PASSED] - verifyTextPresent("Enter Email", true): Text 'Enter Email' is present on page  using regular expression

2023-07-11 12:52:43 - [MESSAGE][PASSED] - Text 'Enter Email' is present on page  using regular expression

2023-07-11 12:52:43 - [TEST_STEP][PASSED] - verifyTextPresent("The Email and Re-enter email do not match", true): Text 'The Email and Re-enter email do not match' is present on page  using regular expression

2023-07-11 12:52:44 - [MESSAGE][PASSED] - Text 'The Email and Re-enter email do not match' is present on page  using regular expression

2023-07-11 12:52:44 - [TEST_STEP][PASSED] - verifyTextPresent("Payment amount must be greater than zero and less than 10,000,000", true): Text 'Payment amount must be greater than zero and less than 10,000,000' is present on page  using regular expression

2023-07-11 12:52:44 - [MESSAGE][PASSED] - Text 'Payment amount must be greater than zero and less than 10,000,000' is present on page  using regular expression]]></system-out>
         <system-err><![CDATA[]]></system-err>
      </testcase>
      <testcase name="Test Cases/RAD_TestCases/MRF_TestCases/ExtensionPayments_MRF_TC" time="18.305" classname="Test Cases/RAD_TestCases/MRF_TestCases/ExtensionPayments_MRF_TC" status="PASSED">
         <system-out><![CDATA[2023-07-11 12:52:44 - [TEST_CASE][PASSED] - Test Cases/RAD_TestCases/MRF_TestCases/ExtensionPayments_MRF_TC: Test Cases/RAD_TestCases/MRF_TestCases/ExtensionPayments_MRF_TC

2023-07-11 12:52:44 - [TEST_STEP][PASSED] - openBrowser(""): Browser is opened with url: ''

2023-07-11 12:52:44 - [MESSAGE][WARNING] - A browser is already opened. Closing browser and opening a new one

2023-07-11 12:52:45 - [MESSAGE][INFO] - Starting 'Chrome' driver

2023-07-11 12:52:45 - [MESSAGE][INFO] - User set preference: ['acceptInsecureCerts', 'true']

2023-07-11 12:52:45 - [MESSAGE][INFO] - Action delay is set to 0 milliseconds

2023-07-11 12:52:47 - [MESSAGE][PASSED] - Browser is opened with url: ''

2023-07-11 12:52:47 - [TEST_STEP][PASSED] - maximizeWindow(): Current window maximized

2023-07-11 12:52:47 - [MESSAGE][PASSED] - Current window maximized

2023-07-11 12:52:47 - [TEST_STEP][PASSED] - navigateToUrl(RADurl): Navigate to 'https://demo.velocitypayment.com/client/rad/index.html' successfully

2023-07-11 12:52:48 - [MESSAGE][PASSED] - Navigate to 'https://demo.velocitypayment.com/client/rad/index.html' successfully

2023-07-11 12:52:48 - [TEST_STEP][PASSED] - executionProfile = getExecutionProfile(): null

2023-07-11 12:52:48 - [TEST_STEP][PASSED] - orPath_Landing = "Object Repository/RAD_Pages/Landing_Page": null

2023-07-11 12:52:48 - [TEST_STEP][PASSED] - orPath_Amount = "Object Repository/RAD_Pages/PaymentAmount_Page": null

2023-07-11 12:52:48 - [TEST_STEP][PASSED] - orPath_FilingStatus = "Object Repository/RAD_Pages/FilingStatus_Page": null

2023-07-11 12:52:48 - [TEST_STEP][PASSED] - orPath_TaxPayer = "Object Repository/RAD_Pages/Taxpayer_Page": null

2023-07-11 12:52:48 - [TEST_STEP][PASSED] - selectOptionByLabel(findTestObject(orPath_Landing + "/dd_TaxType"), "Extension Payments", false): All options with label 'Extension Payments' are selected in object 'Object Repository/RAD_Pages/Landing_Page/dd_TaxType' 

2023-07-11 12:52:49 - [MESSAGE][PASSED] - All options with label 'Extension Payments' are selected in object 'Object Repository/RAD_Pages/Landing_Page/dd_TaxType' 

2023-07-11 12:52:49 - [TEST_STEP][PASSED] - switch (executionProfile): null

2023-07-11 12:52:49 - [TEST_STEP][PASSED] - case "DemoProfile":: null

2023-07-11 12:52:49 - [TEST_STEP][PASSED] - setText(findTestObject(orPath_TaxPayer + "/input_lastName"), "ATES"): Text 'ATES' is set on object 'Object Repository/RAD_Pages/Taxpayer_Page/input_lastName'

2023-07-11 12:52:50 - [MESSAGE][PASSED] - Text 'ATES' is set on object 'Object Repository/RAD_Pages/Taxpayer_Page/input_lastName'

2023-07-11 12:52:50 - [TEST_STEP][PASSED] - setText(findTestObject("RAD_RecordAndPlay/input_concatSSN"), "123456725"): Text '123456725' is set on object 'Object Repository/RAD_RecordAndPlay/input_concatSSN'

2023-07-11 12:52:50 - [MESSAGE][PASSED] - Text '123456725' is set on object 'Object Repository/RAD_RecordAndPlay/input_concatSSN'

2023-07-11 12:52:50 - [TEST_STEP][PASSED] - setText(findTestObject("RAD_RecordAndPlay/input_concatReSSN"), "123456725"): Text '123456725' is set on object 'Object Repository/RAD_RecordAndPlay/input_concatReSSN'

2023-07-11 12:52:51 - [MESSAGE][PASSED] - Text '123456725' is set on object 'Object Repository/RAD_RecordAndPlay/input_concatReSSN'

2023-07-11 12:52:51 - [TEST_STEP][PASSED] - break: null

2023-07-11 12:52:51 - [TEST_STEP][PASSED] - scrollToElement(findTestObject(orPath_Landing + "/button_Continue"), 3): Scroll to object 'Object Repository/RAD_Pages/Landing_Page/button_Continue' successfully

2023-07-11 12:52:51 - [MESSAGE][PASSED] - Scroll to object 'Object Repository/RAD_Pages/Landing_Page/button_Continue' successfully

2023-07-11 12:52:51 - [TEST_STEP][PASSED] - waitForElementClickable(findTestObject(orPath_Landing + "/button_Continue"), 5): Object 'Object Repository/RAD_Pages/Landing_Page/button_Continue' is not clickable after 5 second(s)

2023-07-11 12:52:57 - [MESSAGE][WARNING] - Object 'Object Repository/RAD_Pages/Landing_Page/button_Continue' is not clickable after 5 second(s)

2023-07-11 12:52:57 - [TEST_STEP][PASSED] - switch (executionProfile): null

2023-07-11 12:52:57 - [TEST_STEP][PASSED] - case "DemoProfile":: null

2023-07-11 12:52:57 - [TEST_STEP][PASSED] - setText(findTestObject(orPath_Amount + "/input__paymentAmount"), ""): Text '' is set on object 'Object Repository/RAD_Pages/PaymentAmount_Page/input__paymentAmount'

2023-07-11 12:52:58 - [MESSAGE][PASSED] - Text '' is set on object 'Object Repository/RAD_Pages/PaymentAmount_Page/input__paymentAmount'

2023-07-11 12:52:58 - [TEST_STEP][PASSED] - click(findTestObject(orPath_Landing + "/button_Continue")): Object: 'Object Repository/RAD_Pages/Landing_Page/button_Continue' is clicked on

2023-07-11 12:52:58 - [MESSAGE][PASSED] - Object: 'Object Repository/RAD_Pages/Landing_Page/button_Continue' is clicked on

2023-07-11 12:52:58 - [TEST_STEP][PASSED] - break: null

2023-07-11 12:52:58 - [TEST_STEP][PASSED] - verifyTextPresent("Select a payment type", true): Text 'Select a payment type' is present on page  using regular expression

2023-07-11 12:52:59 - [MESSAGE][PASSED] - Text 'Select a payment type' is present on page  using regular expression

2023-07-11 12:52:59 - [TEST_STEP][PASSED] - verifyTextPresent("Enter first name", true): Text 'Enter first name' is present on page  using regular expression

2023-07-11 12:52:59 - [MESSAGE][PASSED] - Text 'Enter first name' is present on page  using regular expression

2023-07-11 12:52:59 - [TEST_STEP][PASSED] - verifyTextPresent("Enter address", true): Text 'Enter address' is present on page  using regular expression

2023-07-11 12:52:59 - [MESSAGE][PASSED] - Text 'Enter address' is present on page  using regular expression

2023-07-11 12:52:59 - [TEST_STEP][PASSED] - verifyTextPresent("Enter city", true): Text 'Enter city' is present on page  using regular expression

2023-07-11 12:53:00 - [MESSAGE][PASSED] - Text 'Enter city' is present on page  using regular expression

2023-07-11 12:53:00 - [TEST_STEP][PASSED] - verifyTextPresent("Select a state", true): Text 'Select a state' is present on page  using regular expression

2023-07-11 12:53:00 - [MESSAGE][PASSED] - Text 'Select a state' is present on page  using regular expression

2023-07-11 12:53:00 - [TEST_STEP][PASSED] - verifyTextPresent("Enter ZIP code", true): Text 'Enter ZIP code' is present on page  using regular expression

2023-07-11 12:53:01 - [MESSAGE][PASSED] - Text 'Enter ZIP code' is present on page  using regular expression

2023-07-11 12:53:01 - [TEST_STEP][PASSED] - verifyTextPresent("Enter a valid phone number", true): Text 'Enter a valid phone number' is present on page  using regular expression

2023-07-11 12:53:01 - [MESSAGE][PASSED] - Text 'Enter a valid phone number' is present on page  using regular expression

2023-07-11 12:53:01 - [TEST_STEP][PASSED] - verifyTextPresent("Enter Email", true): Text 'Enter Email' is present on page  using regular expression

2023-07-11 12:53:02 - [MESSAGE][PASSED] - Text 'Enter Email' is present on page  using regular expression

2023-07-11 12:53:02 - [TEST_STEP][PASSED] - verifyTextPresent("The Email and Re-enter email do not match", true): Text 'The Email and Re-enter email do not match' is present on page  using regular expression

2023-07-11 12:53:02 - [MESSAGE][PASSED] - Text 'The Email and Re-enter email do not match' is present on page  using regular expression

2023-07-11 12:53:02 - [TEST_STEP][PASSED] - verifyTextPresent("Payment amount must be greater than zero and less than 10,000,000", true): Text 'Payment amount must be greater than zero and less than 10,000,000' is present on page  using regular expression

2023-07-11 12:53:02 - [MESSAGE][PASSED] - Text 'Payment amount must be greater than zero and less than 10,000,000' is present on page  using regular expression]]></system-out>
         <system-err><![CDATA[]]></system-err>
      </testcase>
      <testcase name="Test Cases/RAD_TestCases/MRF_TestCases/SaleAndUse_MRF_TC" time="12.771" classname="Test Cases/RAD_TestCases/MRF_TestCases/SaleAndUse_MRF_TC" status="PASSED">
         <system-out><![CDATA[2023-07-11 12:53:02 - [TEST_CASE][PASSED] - Test Cases/RAD_TestCases/MRF_TestCases/SaleAndUse_MRF_TC: Test Cases/RAD_TestCases/MRF_TestCases/SaleAndUse_MRF_TC

2023-07-11 12:53:03 - [TEST_STEP][PASSED] - openBrowser(""): Browser is opened with url: ''

2023-07-11 12:53:03 - [MESSAGE][WARNING] - A browser is already opened. Closing browser and opening a new one

2023-07-11 12:53:04 - [MESSAGE][INFO] - Starting 'Chrome' driver

2023-07-11 12:53:04 - [MESSAGE][INFO] - User set preference: ['acceptInsecureCerts', 'true']

2023-07-11 12:53:04 - [MESSAGE][INFO] - Action delay is set to 0 milliseconds

2023-07-11 12:53:05 - [MESSAGE][PASSED] - Browser is opened with url: ''

2023-07-11 12:53:05 - [TEST_STEP][PASSED] - maximizeWindow(): Current window maximized

2023-07-11 12:53:05 - [MESSAGE][PASSED] - Current window maximized

2023-07-11 12:53:05 - [TEST_STEP][PASSED] - navigateToUrl(RADurl): Navigate to 'https://demo.velocitypayment.com/client/rad/index.html' successfully

2023-07-11 12:53:06 - [MESSAGE][PASSED] - Navigate to 'https://demo.velocitypayment.com/client/rad/index.html' successfully

2023-07-11 12:53:06 - [TEST_STEP][PASSED] - orPath_Landing = "Object Repository/RAD_Pages/Landing_Page": null

2023-07-11 12:53:06 - [TEST_STEP][PASSED] - orPath_Amount = "Object Repository/RAD_Pages/PaymentAmount_Page": null

2023-07-11 12:53:06 - [TEST_STEP][PASSED] - orPath_FilingStatus = "Object Repository/RAD_Pages/FilingStatus_Page": null

2023-07-11 12:53:06 - [TEST_STEP][PASSED] - selectOptionByLabel(findTestObject(orPath_Landing + "/dd_TaxType"), "Sales and Use", false): All options with label 'Sales and Use' are selected in object 'Object Repository/RAD_Pages/Landing_Page/dd_TaxType' 

2023-07-11 12:53:07 - [MESSAGE][PASSED] - All options with label 'Sales and Use' are selected in object 'Object Repository/RAD_Pages/Landing_Page/dd_TaxType' 

2023-07-11 12:53:07 - [TEST_STEP][PASSED] - scrollToElement(findTestObject(orPath_Landing + "/button_Continue"), 3): Scroll to object 'Object Repository/RAD_Pages/Landing_Page/button_Continue' successfully

2023-07-11 12:53:08 - [MESSAGE][PASSED] - Scroll to object 'Object Repository/RAD_Pages/Landing_Page/button_Continue' successfully

2023-07-11 12:53:08 - [TEST_STEP][PASSED] - waitForElementClickable(findTestObject(orPath_Landing + "/button_Continue"), 5): Object 'Object Repository/RAD_Pages/Landing_Page/button_Continue' is clickable

2023-07-11 12:53:08 - [MESSAGE][PASSED] - Object 'Object Repository/RAD_Pages/Landing_Page/button_Continue' is clickable

2023-07-11 12:53:08 - [TEST_STEP][PASSED] - click(findTestObject(orPath_Landing + "/button_Continue")): Object: 'Object Repository/RAD_Pages/Landing_Page/button_Continue' is clicked on

2023-07-11 12:53:09 - [MESSAGE][PASSED] - Object: 'Object Repository/RAD_Pages/Landing_Page/button_Continue' is clicked on

2023-07-11 12:53:09 - [TEST_STEP][PASSED] - verifyTextPresent("Select a filing year", true): Text 'Select a filing year' is present on page  using regular expression

2023-07-11 12:53:09 - [MESSAGE][PASSED] - Text 'Select a filing year' is present on page  using regular expression

2023-07-11 12:53:09 - [TEST_STEP][PASSED] - verifyTextPresent("Select a reporting period", true): Text 'Select a reporting period' is present on page  using regular expression

2023-07-11 12:53:10 - [MESSAGE][PASSED] - Text 'Select a reporting period' is present on page  using regular expression

2023-07-11 12:53:10 - [TEST_STEP][PASSED] - verifyTextPresent("Enter business name", true): Text 'Enter business name' is present on page  using regular expression

2023-07-11 12:53:10 - [MESSAGE][PASSED] - Text 'Enter business name' is present on page  using regular expression

2023-07-11 12:53:10 - [TEST_STEP][PASSED] - verifyTextPresent("Enter first name", true): Text 'Enter first name' is present on page  using regular expression

2023-07-11 12:53:11 - [MESSAGE][PASSED] - Text 'Enter first name' is present on page  using regular expression

2023-07-11 12:53:11 - [TEST_STEP][PASSED] - verifyTextPresent("Enter last name", true): Text 'Enter last name' is present on page  using regular expression

2023-07-11 12:53:11 - [MESSAGE][PASSED] - Text 'Enter last name' is present on page  using regular expression

2023-07-11 12:53:11 - [TEST_STEP][PASSED] - verifyTextPresent("Enter address", true): Text 'Enter address' is present on page  using regular expression

2023-07-11 12:53:12 - [MESSAGE][PASSED] - Text 'Enter address' is present on page  using regular expression

2023-07-11 12:53:12 - [TEST_STEP][PASSED] - verifyTextPresent("Enter city", true): Text 'Enter city' is present on page  using regular expression

2023-07-11 12:53:12 - [MESSAGE][PASSED] - Text 'Enter city' is present on page  using regular expression

2023-07-11 12:53:12 - [TEST_STEP][PASSED] - verifyTextPresent("Select a state", true): Text 'Select a state' is present on page  using regular expression

2023-07-11 12:53:12 - [MESSAGE][PASSED] - Text 'Select a state' is present on page  using regular expression

2023-07-11 12:53:12 - [TEST_STEP][PASSED] - verifyTextPresent("Enter ZIP code", true): Text 'Enter ZIP code' is present on page  using regular expression

2023-07-11 12:53:13 - [MESSAGE][PASSED] - Text 'Enter ZIP code' is present on page  using regular expression

2023-07-11 12:53:13 - [TEST_STEP][PASSED] - verifyTextPresent("Enter a valid phone number", true): Text 'Enter a valid phone number' is present on page  using regular expression

2023-07-11 12:53:13 - [MESSAGE][PASSED] - Text 'Enter a valid phone number' is present on page  using regular expression

2023-07-11 12:53:13 - [TEST_STEP][PASSED] - verifyTextPresent("Enter Email", true): Text 'Enter Email' is present on page  using regular expression

2023-07-11 12:53:14 - [MESSAGE][PASSED] - Text 'Enter Email' is present on page  using regular expression

2023-07-11 12:53:14 - [TEST_STEP][PASSED] - verifyTextPresent("The Email and Re-enter email do not match", true): Text 'The Email and Re-enter email do not match' is present on page  using regular expression

2023-07-11 12:53:14 - [MESSAGE][PASSED] - Text 'The Email and Re-enter email do not match' is present on page  using regular expression

2023-07-11 12:53:14 - [TEST_STEP][PASSED] - verifyTextPresent("Enter valid MD Central Registration.", true): Text 'Enter valid MD Central Registration.' is present on page  using regular expression

2023-07-11 12:53:15 - [MESSAGE][PASSED] - Text 'Enter valid MD Central Registration.' is present on page  using regular expression

2023-07-11 12:53:15 - [TEST_STEP][PASSED] - verifyTextPresent("Payment amount must be greater than zero and less than 10,000,000", true): Text 'Payment amount must be greater than zero and less than 10,000,000' is present on page  using regular expression

2023-07-11 12:53:15 - [MESSAGE][PASSED] - Text 'Payment amount must be greater than zero and less than 10,000,000' is present on page  using regular expression]]></system-out>
         <system-err><![CDATA[]]></system-err>
      </testcase>
      <testcase name="Test Cases/RAD_TestCases/MRF_TestCases/WithholdingTax_MRF_TC" time="12.079" classname="Test Cases/RAD_TestCases/MRF_TestCases/WithholdingTax_MRF_TC" status="PASSED">
         <system-out><![CDATA[2023-07-11 12:53:15 - [TEST_CASE][PASSED] - Test Cases/RAD_TestCases/MRF_TestCases/WithholdingTax_MRF_TC: Test Cases/RAD_TestCases/MRF_TestCases/WithholdingTax_MRF_TC

2023-07-11 12:53:15 - [TEST_STEP][PASSED] - openBrowser(""): Browser is opened with url: ''

2023-07-11 12:53:15 - [MESSAGE][WARNING] - A browser is already opened. Closing browser and opening a new one

2023-07-11 12:53:16 - [MESSAGE][INFO] - Starting 'Chrome' driver

2023-07-11 12:53:16 - [MESSAGE][INFO] - User set preference: ['acceptInsecureCerts', 'true']

2023-07-11 12:53:16 - [MESSAGE][INFO] - Action delay is set to 0 milliseconds

2023-07-11 12:53:18 - [MESSAGE][PASSED] - Browser is opened with url: ''

2023-07-11 12:53:18 - [TEST_STEP][PASSED] - maximizeWindow(): Current window maximized

2023-07-11 12:53:18 - [MESSAGE][PASSED] - Current window maximized

2023-07-11 12:53:18 - [TEST_STEP][PASSED] - navigateToUrl(RADurl): Navigate to 'https://demo.velocitypayment.com/client/rad/index.html' successfully

2023-07-11 12:53:19 - [MESSAGE][PASSED] - Navigate to 'https://demo.velocitypayment.com/client/rad/index.html' successfully

2023-07-11 12:53:19 - [TEST_STEP][PASSED] - orPath_Landing = "Object Repository/RAD_Pages/Landing_Page": null

2023-07-11 12:53:19 - [TEST_STEP][PASSED] - orPath_Amount = "Object Repository/RAD_Pages/PaymentAmount_Page": null

2023-07-11 12:53:19 - [TEST_STEP][PASSED] - orPath_FilingStatus = "Object Repository/RAD_Pages/FilingStatus_Page": null

2023-07-11 12:53:19 - [TEST_STEP][PASSED] - selectOptionByLabel(findTestObject(orPath_Landing + "/dd_TaxType"), "Withholding Tax", false): All options with label 'Withholding Tax' are selected in object 'Object Repository/RAD_Pages/Landing_Page/dd_TaxType' 

2023-07-11 12:53:20 - [MESSAGE][PASSED] - All options with label 'Withholding Tax' are selected in object 'Object Repository/RAD_Pages/Landing_Page/dd_TaxType' 

2023-07-11 12:53:20 - [TEST_STEP][PASSED] - scrollToElement(findTestObject(orPath_Landing + "/button_Continue"), 3): Scroll to object 'Object Repository/RAD_Pages/Landing_Page/button_Continue' successfully

2023-07-11 12:53:20 - [MESSAGE][PASSED] - Scroll to object 'Object Repository/RAD_Pages/Landing_Page/button_Continue' successfully

2023-07-11 12:53:20 - [TEST_STEP][PASSED] - waitForElementClickable(findTestObject(orPath_Landing + "/button_Continue"), 5): Object 'Object Repository/RAD_Pages/Landing_Page/button_Continue' is clickable

2023-07-11 12:53:21 - [MESSAGE][PASSED] - Object 'Object Repository/RAD_Pages/Landing_Page/button_Continue' is clickable

2023-07-11 12:53:21 - [TEST_STEP][PASSED] - click(findTestObject(orPath_Landing + "/button_Continue")): Object: 'Object Repository/RAD_Pages/Landing_Page/button_Continue' is clicked on

2023-07-11 12:53:21 - [MESSAGE][PASSED] - Object: 'Object Repository/RAD_Pages/Landing_Page/button_Continue' is clicked on

2023-07-11 12:53:21 - [TEST_STEP][PASSED] - verifyTextPresent("Select a filing year", true): Text 'Select a filing year' is present on page  using regular expression

2023-07-11 12:53:22 - [MESSAGE][PASSED] - Text 'Select a filing year' is present on page  using regular expression

2023-07-11 12:53:22 - [TEST_STEP][PASSED] - verifyTextPresent("Enter business name", true): Text 'Enter business name' is present on page  using regular expression

2023-07-11 12:53:22 - [MESSAGE][PASSED] - Text 'Enter business name' is present on page  using regular expression

2023-07-11 12:53:22 - [TEST_STEP][PASSED] - verifyTextPresent("Enter first name", true): Text 'Enter first name' is present on page  using regular expression

2023-07-11 12:53:23 - [MESSAGE][PASSED] - Text 'Enter first name' is present on page  using regular expression

2023-07-11 12:53:23 - [TEST_STEP][PASSED] - verifyTextPresent("Enter last name", true): Text 'Enter last name' is present on page  using regular expression

2023-07-11 12:53:23 - [MESSAGE][PASSED] - Text 'Enter last name' is present on page  using regular expression

2023-07-11 12:53:23 - [TEST_STEP][PASSED] - verifyTextPresent("Enter address", true): Text 'Enter address' is present on page  using regular expression

2023-07-11 12:53:23 - [MESSAGE][PASSED] - Text 'Enter address' is present on page  using regular expression

2023-07-11 12:53:23 - [TEST_STEP][PASSED] - verifyTextPresent("Enter city", true): Text 'Enter city' is present on page  using regular expression

2023-07-11 12:53:24 - [MESSAGE][PASSED] - Text 'Enter city' is present on page  using regular expression

2023-07-11 12:53:24 - [TEST_STEP][PASSED] - verifyTextPresent("Select a state", true): Text 'Select a state' is present on page  using regular expression

2023-07-11 12:53:24 - [MESSAGE][PASSED] - Text 'Select a state' is present on page  using regular expression

2023-07-11 12:53:24 - [TEST_STEP][PASSED] - verifyTextPresent("Enter ZIP code", true): Text 'Enter ZIP code' is present on page  using regular expression

2023-07-11 12:53:24 - [MESSAGE][PASSED] - Text 'Enter ZIP code' is present on page  using regular expression

2023-07-11 12:53:24 - [TEST_STEP][PASSED] - verifyTextPresent("Enter a valid phone number", true): Text 'Enter a valid phone number' is present on page  using regular expression

2023-07-11 12:53:25 - [MESSAGE][PASSED] - Text 'Enter a valid phone number' is present on page  using regular expression

2023-07-11 12:53:25 - [TEST_STEP][PASSED] - verifyTextPresent("Enter Email", true): Text 'Enter Email' is present on page  using regular expression

2023-07-11 12:53:25 - [MESSAGE][PASSED] - Text 'Enter Email' is present on page  using regular expression

2023-07-11 12:53:25 - [TEST_STEP][PASSED] - verifyTextPresent("The Email and Re-enter email do not match", true): Text 'The Email and Re-enter email do not match' is present on page  using regular expression

2023-07-11 12:53:26 - [MESSAGE][PASSED] - Text 'The Email and Re-enter email do not match' is present on page  using regular expression

2023-07-11 12:53:26 - [TEST_STEP][PASSED] - verifyTextPresent("Enter valid MD Central Registration.", true): Text 'Enter valid MD Central Registration.' is present on page  using regular expression

2023-07-11 12:53:26 - [MESSAGE][PASSED] - Text 'Enter valid MD Central Registration.' is present on page  using regular expression

2023-07-11 12:53:26 - [TEST_STEP][PASSED] - verifyTextPresent("Select reporting period", true): Text 'Select reporting period' is present on page  using regular expression

2023-07-11 12:53:26 - [MESSAGE][PASSED] - Text 'Select reporting period' is present on page  using regular expression

2023-07-11 12:53:26 - [TEST_STEP][PASSED] - verifyTextPresent("Withholding amount must be greater than zero and less than 10,000,000", true): Text 'Withholding amount must be greater than zero and less than 10,000,000' is present on page  using regular expression

2023-07-11 12:53:27 - [MESSAGE][PASSED] - Text 'Withholding amount must be greater than zero and less than 10,000,000' is present on page  using regular expression

2023-07-11 12:53:27 - [TEST_STEP][PASSED] - verifyTextPresent("Payment amount must be greater than zero and less than 10,000,000", true): Text 'Payment amount must be greater than zero and less than 10,000,000' is present on page  using regular expression

2023-07-11 12:53:27 - [MESSAGE][PASSED] - Text 'Payment amount must be greater than zero and less than 10,000,000' is present on page  using regular expression]]></system-out>
         <system-err><![CDATA[]]></system-err>
      </testcase>
      <testcase name="Test Cases/RAD_TestCases/MRF_TestCases/EstimatedTax_Joint_MRF_TC" time="47.851" classname="Test Cases/RAD_TestCases/MRF_TestCases/EstimatedTax_Joint_MRF_TC" status="PASSED">
         <system-out><![CDATA[2023-07-11 12:53:27 - [TEST_CASE][PASSED] - Test Cases/RAD_TestCases/MRF_TestCases/EstimatedTax_Joint_MRF_TC: Test Cases/RAD_TestCases/MRF_TestCases/EstimatedTax_Joint_MRF_TC

2023-07-11 12:53:28 - [TEST_STEP][PASSED] - orPath_Landing = "Object Repository/RAD_Pages/Landing_Page": null

2023-07-11 12:53:28 - [TEST_STEP][PASSED] - orPath_Amount = "Object Repository/RAD_Pages/PaymentAmount_Page": null

2023-07-11 12:53:28 - [TEST_STEP][PASSED] - orPath_FilingStatus = "Object Repository/RAD_Pages/FilingStatus_Page": null

2023-07-11 12:53:28 - [TEST_STEP][PASSED] - orPath_TaxPayer = "Object Repository/RAD_Pages/Taxpayer_Page": null

2023-07-11 12:53:28 - [TEST_STEP][PASSED] - taxTypeDropList = ["Estimated Tax", "Personal Income Tax", "Extension Payments"]: null

2023-07-11 12:53:28 - [TEST_STEP][PASSED] - listSize = taxTypeDropList.size(): null

2023-07-11 12:53:28 - [TEST_STEP][PASSED] - println(listSize): null

2023-07-11 12:53:28 - [TEST_STEP][PASSED] - executionProfile = getExecutionProfile(): null

2023-07-11 12:53:28 - [TEST_STEP][PASSED] - for ([i = 0, i < listSize, (i++)]): Text 'Enter joint payer first name' is present on page  using regular expression

2023-07-11 12:53:28 - [TEST_STEP][PASSED] - openBrowser(""): Browser is opened with url: ''

2023-07-11 12:53:28 - [MESSAGE][WARNING] - A browser is already opened. Closing browser and opening a new one

2023-07-11 12:53:29 - [MESSAGE][INFO] - Starting 'Chrome' driver

2023-07-11 12:53:29 - [MESSAGE][INFO] - User set preference: ['acceptInsecureCerts', 'true']

2023-07-11 12:53:29 - [MESSAGE][INFO] - Action delay is set to 0 milliseconds

2023-07-11 12:53:30 - [MESSAGE][PASSED] - Browser is opened with url: ''

2023-07-11 12:53:30 - [TEST_STEP][PASSED] - maximizeWindow(): Current window maximized

2023-07-11 12:53:30 - [MESSAGE][PASSED] - Current window maximized

2023-07-11 12:53:30 - [TEST_STEP][PASSED] - navigateToUrl(RADurl): Navigate to 'https://demo.velocitypayment.com/client/rad/index.html' successfully

2023-07-11 12:53:31 - [MESSAGE][PASSED] - Navigate to 'https://demo.velocitypayment.com/client/rad/index.html' successfully

2023-07-11 12:53:31 - [TEST_STEP][PASSED] - out.println("Value of taxTypeDropList : " + taxTypeDropList[i]): null

2023-07-11 12:53:31 - [TEST_STEP][PASSED] - selectOptionByLabel(findTestObject(orPath_Landing + "/dd_TaxType"), taxTypeDropList[i], false): All options with label 'Estimated Tax' are selected in object 'Object Repository/RAD_Pages/Landing_Page/dd_TaxType' 

2023-07-11 12:53:32 - [MESSAGE][PASSED] - All options with label 'Estimated Tax' are selected in object 'Object Repository/RAD_Pages/Landing_Page/dd_TaxType' 

2023-07-11 12:53:32 - [TEST_STEP][PASSED] - switch (executionProfile): null

2023-07-11 12:53:32 - [TEST_STEP][PASSED] - case "DemoProfile":: null

2023-07-11 12:53:32 - [TEST_STEP][PASSED] - setText(findTestObject(orPath_TaxPayer + "/input_lastName"), "ATES"): Text 'ATES' is set on object 'Object Repository/RAD_Pages/Taxpayer_Page/input_lastName'

2023-07-11 12:53:33 - [MESSAGE][PASSED] - Text 'ATES' is set on object 'Object Repository/RAD_Pages/Taxpayer_Page/input_lastName'

2023-07-11 12:53:33 - [TEST_STEP][PASSED] - setText(findTestObject("RAD_RecordAndPlay/input_concatSSN"), "123456725"): Text '123456725' is set on object 'Object Repository/RAD_RecordAndPlay/input_concatSSN'

2023-07-11 12:53:34 - [MESSAGE][PASSED] - Text '123456725' is set on object 'Object Repository/RAD_RecordAndPlay/input_concatSSN'

2023-07-11 12:53:34 - [TEST_STEP][PASSED] - setText(findTestObject("RAD_RecordAndPlay/input_concatReSSN"), "123456725"): Text '123456725' is set on object 'Object Repository/RAD_RecordAndPlay/input_concatReSSN'

2023-07-11 12:53:34 - [MESSAGE][PASSED] - Text '123456725' is set on object 'Object Repository/RAD_RecordAndPlay/input_concatReSSN'

2023-07-11 12:53:34 - [TEST_STEP][PASSED] - break: null

2023-07-11 12:53:34 - [TEST_STEP][PASSED] - scrollToElement(findTestObject(orPath_Amount + "/input__paymentAmount"), 3): Scroll to object 'Object Repository/RAD_Pages/PaymentAmount_Page/input__paymentAmount' successfully

2023-07-11 12:53:35 - [MESSAGE][PASSED] - Scroll to object 'Object Repository/RAD_Pages/PaymentAmount_Page/input__paymentAmount' successfully

2023-07-11 12:53:35 - [TEST_STEP][PASSED] - waitForElementClickable(findTestObject(orPath_FilingStatus + "/input_userType_Joint"), 5): Object 'Object Repository/RAD_Pages/FilingStatus_Page/input_userType_Joint' is clickable

2023-07-11 12:53:35 - [MESSAGE][PASSED] - Object 'Object Repository/RAD_Pages/FilingStatus_Page/input_userType_Joint' is clickable

2023-07-11 12:53:35 - [TEST_STEP][PASSED] - click(findTestObject(orPath_FilingStatus + "/input_userType_Joint")): Object: 'Object Repository/RAD_Pages/FilingStatus_Page/input_userType_Joint' is clicked on

2023-07-11 12:53:35 - [MESSAGE][PASSED] - Object: 'Object Repository/RAD_Pages/FilingStatus_Page/input_userType_Joint' is clicked on

2023-07-11 12:53:35 - [TEST_STEP][PASSED] - switch (executionProfile): null

2023-07-11 12:53:35 - [TEST_STEP][PASSED] - case "DemoProfile":: null

2023-07-11 12:53:35 - [TEST_STEP][PASSED] - setText(findTestObject(orPath_FilingStatus + "/input_jointLastName"), "BTES"): Text 'BTES' is set on object 'Object Repository/RAD_Pages/FilingStatus_Page/input_jointLastName'

2023-07-11 12:53:36 - [MESSAGE][PASSED] - Text 'BTES' is set on object 'Object Repository/RAD_Pages/FilingStatus_Page/input_jointLastName'

2023-07-11 12:53:36 - [TEST_STEP][PASSED] - setText(findTestObject("Object Repository/RAD_RecordAndPlay/input_JointFilerSSN"), "123456724"): Text '123456724' is set on object 'Object Repository/RAD_RecordAndPlay/input_JointFilerSSN'

2023-07-11 12:53:37 - [MESSAGE][PASSED] - Text '123456724' is set on object 'Object Repository/RAD_RecordAndPlay/input_JointFilerSSN'

2023-07-11 12:53:37 - [TEST_STEP][PASSED] - setText(findTestObject("Object Repository/RAD_RecordAndPlay/input_reTypeJointFilerSSN"), "123456724"): Text '123456724' is set on object 'Object Repository/RAD_RecordAndPlay/input_reTypeJointFilerSSN'

2023-07-11 12:53:37 - [MESSAGE][PASSED] - Text '123456724' is set on object 'Object Repository/RAD_RecordAndPlay/input_reTypeJointFilerSSN'

2023-07-11 12:53:37 - [TEST_STEP][PASSED] - break: null

2023-07-11 12:53:37 - [TEST_STEP][PASSED] - delay(2): Delayed 2 second(s)

2023-07-11 12:53:39 - [MESSAGE][PASSED] - Delayed 2 second(s)

2023-07-11 12:53:39 - [TEST_STEP][PASSED] - scrollToElement(findTestObject(orPath_Amount + "/input__paymentAmount"), 3): Scroll to object 'Object Repository/RAD_Pages/PaymentAmount_Page/input__paymentAmount' successfully

2023-07-11 12:53:40 - [MESSAGE][PASSED] - Scroll to object 'Object Repository/RAD_Pages/PaymentAmount_Page/input__paymentAmount' successfully

2023-07-11 12:53:40 - [TEST_STEP][PASSED] - setText(findTestObject(orPath_Amount + "/input__paymentAmount"), ""): Text '' is set on object 'Object Repository/RAD_Pages/PaymentAmount_Page/input__paymentAmount'

2023-07-11 12:53:40 - [MESSAGE][PASSED] - Text '' is set on object 'Object Repository/RAD_Pages/PaymentAmount_Page/input__paymentAmount'

2023-07-11 12:53:40 - [TEST_STEP][PASSED] - delay(2): Delayed 2 second(s)

2023-07-11 12:53:42 - [MESSAGE][PASSED] - Delayed 2 second(s)

2023-07-11 12:53:42 - [TEST_STEP][PASSED] - click(findTestObject(orPath_Landing + "/button_Continue")): Object: 'Object Repository/RAD_Pages/Landing_Page/button_Continue' is clicked on

2023-07-11 12:53:43 - [MESSAGE][PASSED] - Object: 'Object Repository/RAD_Pages/Landing_Page/button_Continue' is clicked on

2023-07-11 12:53:43 - [TEST_STEP][PASSED] - verifyTextPresent("Enter joint payer first name", true): Text 'Enter joint payer first name' is present on page  using regular expression

2023-07-11 12:53:43 - [MESSAGE][PASSED] - Text 'Enter joint payer first name' is present on page  using regular expression

2023-07-11 12:53:43 - [TEST_STEP][PASSED] - openBrowser(""): Browser is opened with url: ''

2023-07-11 12:53:43 - [MESSAGE][WARNING] - A browser is already opened. Closing browser and opening a new one

2023-07-11 12:53:44 - [MESSAGE][INFO] - Starting 'Chrome' driver

2023-07-11 12:53:44 - [MESSAGE][INFO] - User set preference: ['acceptInsecureCerts', 'true']

2023-07-11 12:53:44 - [MESSAGE][INFO] - Action delay is set to 0 milliseconds

2023-07-11 12:53:46 - [MESSAGE][PASSED] - Browser is opened with url: ''

2023-07-11 12:53:46 - [TEST_STEP][PASSED] - maximizeWindow(): Current window maximized

2023-07-11 12:53:46 - [MESSAGE][PASSED] - Current window maximized

2023-07-11 12:53:46 - [TEST_STEP][PASSED] - navigateToUrl(RADurl): Navigate to 'https://demo.velocitypayment.com/client/rad/index.html' successfully

2023-07-11 12:53:47 - [MESSAGE][PASSED] - Navigate to 'https://demo.velocitypayment.com/client/rad/index.html' successfully

2023-07-11 12:53:47 - [TEST_STEP][PASSED] - out.println("Value of taxTypeDropList : " + taxTypeDropList[i]): null

2023-07-11 12:53:47 - [TEST_STEP][PASSED] - selectOptionByLabel(findTestObject(orPath_Landing + "/dd_TaxType"), taxTypeDropList[i], false): All options with label 'Personal Income Tax' are selected in object 'Object Repository/RAD_Pages/Landing_Page/dd_TaxType' 

2023-07-11 12:53:48 - [MESSAGE][PASSED] - All options with label 'Personal Income Tax' are selected in object 'Object Repository/RAD_Pages/Landing_Page/dd_TaxType' 

2023-07-11 12:53:48 - [TEST_STEP][PASSED] - switch (executionProfile): null

2023-07-11 12:53:48 - [TEST_STEP][PASSED] - case "DemoProfile":: null

2023-07-11 12:53:48 - [TEST_STEP][PASSED] - setText(findTestObject(orPath_TaxPayer + "/input_lastName"), "ATES"): Text 'ATES' is set on object 'Object Repository/RAD_Pages/Taxpayer_Page/input_lastName'

2023-07-11 12:53:49 - [MESSAGE][PASSED] - Text 'ATES' is set on object 'Object Repository/RAD_Pages/Taxpayer_Page/input_lastName'

2023-07-11 12:53:49 - [TEST_STEP][PASSED] - setText(findTestObject("RAD_RecordAndPlay/input_concatSSN"), "123456725"): Text '123456725' is set on object 'Object Repository/RAD_RecordAndPlay/input_concatSSN'

2023-07-11 12:53:50 - [MESSAGE][PASSED] - Text '123456725' is set on object 'Object Repository/RAD_RecordAndPlay/input_concatSSN'

2023-07-11 12:53:50 - [TEST_STEP][PASSED] - setText(findTestObject("RAD_RecordAndPlay/input_concatReSSN"), "123456725"): Text '123456725' is set on object 'Object Repository/RAD_RecordAndPlay/input_concatReSSN'

2023-07-11 12:53:50 - [MESSAGE][PASSED] - Text '123456725' is set on object 'Object Repository/RAD_RecordAndPlay/input_concatReSSN'

2023-07-11 12:53:50 - [TEST_STEP][PASSED] - break: null

2023-07-11 12:53:50 - [TEST_STEP][PASSED] - scrollToElement(findTestObject(orPath_Amount + "/input__paymentAmount"), 3): Scroll to object 'Object Repository/RAD_Pages/PaymentAmount_Page/input__paymentAmount' successfully

2023-07-11 12:53:51 - [MESSAGE][PASSED] - Scroll to object 'Object Repository/RAD_Pages/PaymentAmount_Page/input__paymentAmount' successfully

2023-07-11 12:53:51 - [TEST_STEP][PASSED] - waitForElementClickable(findTestObject(orPath_FilingStatus + "/input_userType_Joint"), 5): Object 'Object Repository/RAD_Pages/FilingStatus_Page/input_userType_Joint' is clickable

2023-07-11 12:53:51 - [MESSAGE][PASSED] - Object 'Object Repository/RAD_Pages/FilingStatus_Page/input_userType_Joint' is clickable

2023-07-11 12:53:51 - [TEST_STEP][PASSED] - click(findTestObject(orPath_FilingStatus + "/input_userType_Joint")): Object: 'Object Repository/RAD_Pages/FilingStatus_Page/input_userType_Joint' is clicked on

2023-07-11 12:53:51 - [MESSAGE][PASSED] - Object: 'Object Repository/RAD_Pages/FilingStatus_Page/input_userType_Joint' is clicked on

2023-07-11 12:53:51 - [TEST_STEP][PASSED] - switch (executionProfile): null

2023-07-11 12:53:51 - [TEST_STEP][PASSED] - case "DemoProfile":: null

2023-07-11 12:53:51 - [TEST_STEP][PASSED] - setText(findTestObject(orPath_FilingStatus + "/input_jointLastName"), "BTES"): Text 'BTES' is set on object 'Object Repository/RAD_Pages/FilingStatus_Page/input_jointLastName'

2023-07-11 12:53:52 - [MESSAGE][PASSED] - Text 'BTES' is set on object 'Object Repository/RAD_Pages/FilingStatus_Page/input_jointLastName'

2023-07-11 12:53:52 - [TEST_STEP][PASSED] - setText(findTestObject("Object Repository/RAD_RecordAndPlay/input_JointFilerSSN"), "123456724"): Text '123456724' is set on object 'Object Repository/RAD_RecordAndPlay/input_JointFilerSSN'

2023-07-11 12:53:53 - [MESSAGE][PASSED] - Text '123456724' is set on object 'Object Repository/RAD_RecordAndPlay/input_JointFilerSSN'

2023-07-11 12:53:53 - [TEST_STEP][PASSED] - setText(findTestObject("Object Repository/RAD_RecordAndPlay/input_reTypeJointFilerSSN"), "123456724"): Text '123456724' is set on object 'Object Repository/RAD_RecordAndPlay/input_reTypeJointFilerSSN'

2023-07-11 12:53:53 - [MESSAGE][PASSED] - Text '123456724' is set on object 'Object Repository/RAD_RecordAndPlay/input_reTypeJointFilerSSN'

2023-07-11 12:53:53 - [TEST_STEP][PASSED] - break: null

2023-07-11 12:53:53 - [TEST_STEP][PASSED] - delay(2): Delayed 2 second(s)

2023-07-11 12:53:55 - [MESSAGE][PASSED] - Delayed 2 second(s)

2023-07-11 12:53:55 - [TEST_STEP][PASSED] - scrollToElement(findTestObject(orPath_Amount + "/input__paymentAmount"), 3): Scroll to object 'Object Repository/RAD_Pages/PaymentAmount_Page/input__paymentAmount' successfully

2023-07-11 12:53:55 - [MESSAGE][PASSED] - Scroll to object 'Object Repository/RAD_Pages/PaymentAmount_Page/input__paymentAmount' successfully

2023-07-11 12:53:55 - [TEST_STEP][PASSED] - setText(findTestObject(orPath_Amount + "/input__paymentAmount"), ""): Text '' is set on object 'Object Repository/RAD_Pages/PaymentAmount_Page/input__paymentAmount'

2023-07-11 12:53:56 - [MESSAGE][PASSED] - Text '' is set on object 'Object Repository/RAD_Pages/PaymentAmount_Page/input__paymentAmount'

2023-07-11 12:53:56 - [TEST_STEP][PASSED] - delay(2): Delayed 2 second(s)

2023-07-11 12:53:58 - [MESSAGE][PASSED] - Delayed 2 second(s)

2023-07-11 12:53:58 - [TEST_STEP][PASSED] - click(findTestObject(orPath_Landing + "/button_Continue")): Object: 'Object Repository/RAD_Pages/Landing_Page/button_Continue' is clicked on

2023-07-11 12:53:59 - [MESSAGE][PASSED] - Object: 'Object Repository/RAD_Pages/Landing_Page/button_Continue' is clicked on

2023-07-11 12:53:59 - [TEST_STEP][PASSED] - verifyTextPresent("Enter joint payer first name", true): Text 'Enter joint payer first name' is present on page  using regular expression

2023-07-11 12:53:59 - [MESSAGE][PASSED] - Text 'Enter joint payer first name' is present on page  using regular expression

2023-07-11 12:53:59 - [TEST_STEP][PASSED] - openBrowser(""): Browser is opened with url: ''

2023-07-11 12:53:59 - [MESSAGE][WARNING] - A browser is already opened. Closing browser and opening a new one

2023-07-11 12:54:00 - [MESSAGE][INFO] - Starting 'Chrome' driver

2023-07-11 12:54:00 - [MESSAGE][INFO] - User set preference: ['acceptInsecureCerts', 'true']

2023-07-11 12:54:00 - [MESSAGE][INFO] - Action delay is set to 0 milliseconds

2023-07-11 12:54:01 - [MESSAGE][PASSED] - Browser is opened with url: ''

2023-07-11 12:54:01 - [TEST_STEP][PASSED] - maximizeWindow(): Current window maximized

2023-07-11 12:54:01 - [MESSAGE][PASSED] - Current window maximized

2023-07-11 12:54:01 - [TEST_STEP][PASSED] - navigateToUrl(RADurl): Navigate to 'https://demo.velocitypayment.com/client/rad/index.html' successfully

2023-07-11 12:54:03 - [MESSAGE][PASSED] - Navigate to 'https://demo.velocitypayment.com/client/rad/index.html' successfully

2023-07-11 12:54:03 - [TEST_STEP][PASSED] - out.println("Value of taxTypeDropList : " + taxTypeDropList[i]): null

2023-07-11 12:54:03 - [TEST_STEP][PASSED] - selectOptionByLabel(findTestObject(orPath_Landing + "/dd_TaxType"), taxTypeDropList[i], false): All options with label 'Extension Payments' are selected in object 'Object Repository/RAD_Pages/Landing_Page/dd_TaxType' 

2023-07-11 12:54:04 - [MESSAGE][PASSED] - All options with label 'Extension Payments' are selected in object 'Object Repository/RAD_Pages/Landing_Page/dd_TaxType' 

2023-07-11 12:54:04 - [TEST_STEP][PASSED] - switch (executionProfile): null

2023-07-11 12:54:04 - [TEST_STEP][PASSED] - case "DemoProfile":: null

2023-07-11 12:54:04 - [TEST_STEP][PASSED] - setText(findTestObject(orPath_TaxPayer + "/input_lastName"), "ATES"): Text 'ATES' is set on object 'Object Repository/RAD_Pages/Taxpayer_Page/input_lastName'

2023-07-11 12:54:05 - [MESSAGE][PASSED] - Text 'ATES' is set on object 'Object Repository/RAD_Pages/Taxpayer_Page/input_lastName'

2023-07-11 12:54:05 - [TEST_STEP][PASSED] - setText(findTestObject("RAD_RecordAndPlay/input_concatSSN"), "123456725"): Text '123456725' is set on object 'Object Repository/RAD_RecordAndPlay/input_concatSSN'

2023-07-11 12:54:05 - [MESSAGE][PASSED] - Text '123456725' is set on object 'Object Repository/RAD_RecordAndPlay/input_concatSSN'

2023-07-11 12:54:06 - [TEST_STEP][PASSED] - setText(findTestObject("RAD_RecordAndPlay/input_concatReSSN"), "123456725"): Text '123456725' is set on object 'Object Repository/RAD_RecordAndPlay/input_concatReSSN'

2023-07-11 12:54:06 - [MESSAGE][PASSED] - Text '123456725' is set on object 'Object Repository/RAD_RecordAndPlay/input_concatReSSN'

2023-07-11 12:54:06 - [TEST_STEP][PASSED] - break: null

2023-07-11 12:54:06 - [TEST_STEP][PASSED] - scrollToElement(findTestObject(orPath_Amount + "/input__paymentAmount"), 3): Scroll to object 'Object Repository/RAD_Pages/PaymentAmount_Page/input__paymentAmount' successfully

2023-07-11 12:54:06 - [MESSAGE][PASSED] - Scroll to object 'Object Repository/RAD_Pages/PaymentAmount_Page/input__paymentAmount' successfully

2023-07-11 12:54:06 - [TEST_STEP][PASSED] - waitForElementClickable(findTestObject(orPath_FilingStatus + "/input_userType_Joint"), 5): Object 'Object Repository/RAD_Pages/FilingStatus_Page/input_userType_Joint' is clickable

2023-07-11 12:54:07 - [MESSAGE][PASSED] - Object 'Object Repository/RAD_Pages/FilingStatus_Page/input_userType_Joint' is clickable

2023-07-11 12:54:07 - [TEST_STEP][PASSED] - click(findTestObject(orPath_FilingStatus + "/input_userType_Joint")): Object: 'Object Repository/RAD_Pages/FilingStatus_Page/input_userType_Joint' is clicked on

2023-07-11 12:54:07 - [MESSAGE][PASSED] - Object: 'Object Repository/RAD_Pages/FilingStatus_Page/input_userType_Joint' is clicked on

2023-07-11 12:54:07 - [TEST_STEP][PASSED] - switch (executionProfile): null

2023-07-11 12:54:07 - [TEST_STEP][PASSED] - case "DemoProfile":: null

2023-07-11 12:54:07 - [TEST_STEP][PASSED] - setText(findTestObject(orPath_FilingStatus + "/input_jointLastName"), "BTES"): Text 'BTES' is set on object 'Object Repository/RAD_Pages/FilingStatus_Page/input_jointLastName'

2023-07-11 12:54:08 - [MESSAGE][PASSED] - Text 'BTES' is set on object 'Object Repository/RAD_Pages/FilingStatus_Page/input_jointLastName'

2023-07-11 12:54:08 - [TEST_STEP][PASSED] - setText(findTestObject("Object Repository/RAD_RecordAndPlay/input_JointFilerSSN"), "123456724"): Text '123456724' is set on object 'Object Repository/RAD_RecordAndPlay/input_JointFilerSSN'

2023-07-11 12:54:09 - [MESSAGE][PASSED] - Text '123456724' is set on object 'Object Repository/RAD_RecordAndPlay/input_JointFilerSSN'

2023-07-11 12:54:09 - [TEST_STEP][PASSED] - setText(findTestObject("Object Repository/RAD_RecordAndPlay/input_reTypeJointFilerSSN"), "123456724"): Text '123456724' is set on object 'Object Repository/RAD_RecordAndPlay/input_reTypeJointFilerSSN'

2023-07-11 12:54:09 - [MESSAGE][PASSED] - Text '123456724' is set on object 'Object Repository/RAD_RecordAndPlay/input_reTypeJointFilerSSN'

2023-07-11 12:54:09 - [TEST_STEP][PASSED] - break: null

2023-07-11 12:54:09 - [TEST_STEP][PASSED] - delay(2): Delayed 2 second(s)

2023-07-11 12:54:11 - [MESSAGE][PASSED] - Delayed 2 second(s)

2023-07-11 12:54:11 - [TEST_STEP][PASSED] - scrollToElement(findTestObject(orPath_Amount + "/input__paymentAmount"), 3): Scroll to object 'Object Repository/RAD_Pages/PaymentAmount_Page/input__paymentAmount' successfully

2023-07-11 12:54:11 - [MESSAGE][PASSED] - Scroll to object 'Object Repository/RAD_Pages/PaymentAmount_Page/input__paymentAmount' successfully

2023-07-11 12:54:11 - [TEST_STEP][PASSED] - setText(findTestObject(orPath_Amount + "/input__paymentAmount"), ""): Text '' is set on object 'Object Repository/RAD_Pages/PaymentAmount_Page/input__paymentAmount'

2023-07-11 12:54:12 - [MESSAGE][PASSED] - Text '' is set on object 'Object Repository/RAD_Pages/PaymentAmount_Page/input__paymentAmount'

2023-07-11 12:54:12 - [TEST_STEP][PASSED] - delay(2): Delayed 2 second(s)

2023-07-11 12:54:14 - [MESSAGE][PASSED] - Delayed 2 second(s)

2023-07-11 12:54:14 - [TEST_STEP][PASSED] - click(findTestObject(orPath_Landing + "/button_Continue")): Object: 'Object Repository/RAD_Pages/Landing_Page/button_Continue' is clicked on

2023-07-11 12:54:15 - [MESSAGE][PASSED] - Object: 'Object Repository/RAD_Pages/Landing_Page/button_Continue' is clicked on

2023-07-11 12:54:15 - [TEST_STEP][PASSED] - verifyTextPresent("Enter joint payer first name", true): Text 'Enter joint payer first name' is present on page  using regular expression

2023-07-11 12:54:15 - [MESSAGE][PASSED] - Text 'Enter joint payer first name' is present on page  using regular expression]]></system-out>
         <system-err><![CDATA[]]></system-err>
      </testcase>
      <testcase name="Test Cases/RAD_TestCases/Negative_TestCases/EMailNoMatch" time="57.77" classname="Test Cases/RAD_TestCases/Negative_TestCases/EMailNoMatch" status="PASSED">
         <system-out><![CDATA[2023-07-11 12:54:15 - [TEST_CASE][PASSED] - Test Cases/RAD_TestCases/Negative_TestCases/EMailNoMatch: Test Cases/RAD_TestCases/Negative_TestCases/EMailNoMatch

2023-07-11 12:54:15 - [TEST_STEP][PASSED] - resText = "Fail": null

2023-07-11 12:54:15 - [TEST_STEP][PASSED] - resColumn = "Result": null

2023-07-11 12:54:15 - [TEST_STEP][PASSED] - datCloumn = "Date": null

2023-07-11 12:54:15 - [TEST_STEP][PASSED] - fileLoc = "KatalonData/RADTestData/EmailNoMatch.xlsx": null

2023-07-11 12:54:15 - [TEST_STEP][PASSED] - nameSheet = "Sheet1": null

2023-07-11 12:54:15 - [TEST_STEP][PASSED] - dataFile = "RADTestData/EmailNoMatch": null

2023-07-11 12:54:15 - [TEST_STEP][PASSED] - ExecuteTC = <not implemented yet for class: org.codehaus.groovy.ast.expr.EmptyExpression>: null

2023-07-11 12:54:15 - [TEST_STEP][PASSED] - Taxtype = <not implemented yet for class: org.codehaus.groovy.ast.expr.EmptyExpression>: null

2023-07-11 12:54:15 - [TEST_STEP][PASSED] - numOfRows = findTestData(dataFile).getRowNumbers(): null

2023-07-11 12:54:16 - [TEST_STEP][PASSED] - println("Number of Records: " + numOfRows): null

2023-07-11 12:54:16 - [TEST_STEP][PASSED] - for ([row = 1, row <= numOfRows, (row++)]): null

2023-07-11 12:54:16 - [TEST_STEP][PASSED] - ExecuteTC = findTestData(dataFile).getValue("Execute", row): null

2023-07-11 12:54:16 - [TEST_STEP][PASSED] - out.println("Value of Execute is : " + ExecuteTC): null

2023-07-11 12:54:16 - [TEST_STEP][PASSED] - if (ExecuteTC.equalsIgnoreCase("Y")): null

2023-07-11 12:54:16 - [TEST_STEP][PASSED] - out.println("Begin Record Number: " + row): null

2023-07-11 12:54:16 - [TEST_STEP][PASSED] - today = new java.util.Date(): null

2023-07-11 12:54:16 - [TEST_STEP][PASSED] - println(today): null

2023-07-11 12:54:16 - [TEST_STEP][PASSED] - datText = today: null

2023-07-11 12:54:16 - [TEST_STEP][PASSED] - Taxtype = findTestData(dataFile).getValue("TaxType", row): null

2023-07-11 12:54:16 - [TEST_STEP][PASSED] - out.println("Taxtype value is : " + Taxtype): null

2023-07-11 12:54:16 - [TEST_STEP][PASSED] - openBrowser(""): Browser is opened with url: ''

2023-07-11 12:54:16 - [MESSAGE][WARNING] - A browser is already opened. Closing browser and opening a new one

2023-07-11 12:54:17 - [MESSAGE][INFO] - Starting 'Chrome' driver

2023-07-11 12:54:17 - [MESSAGE][INFO] - User set preference: ['acceptInsecureCerts', 'true']

2023-07-11 12:54:17 - [MESSAGE][INFO] - Action delay is set to 0 milliseconds

2023-07-11 12:54:19 - [MESSAGE][PASSED] - Browser is opened with url: ''

2023-07-11 12:54:19 - [TEST_STEP][PASSED] - maximizeWindow(): Current window maximized

2023-07-11 12:54:19 - [MESSAGE][PASSED] - Current window maximized

2023-07-11 12:54:19 - [TEST_STEP][PASSED] - navigateToUrl(RADurl): Navigate to 'https://demo.velocitypayment.com/client/rad/index.html' successfully

2023-07-11 12:54:20 - [MESSAGE][PASSED] - Navigate to 'https://demo.velocitypayment.com/client/rad/index.html' successfully

2023-07-11 12:54:20 - [TEST_STEP][PASSED] - orPath_Landing = "Object Repository/RAD_Pages/Landing_Page": null

2023-07-11 12:54:20 - [TEST_STEP][PASSED] - orPath_TaxTypeFilingYear = "Object Repository/RAD_Pages/TaxTypeFilingYear_Page": null

2023-07-11 12:54:20 - [TEST_STEP][PASSED] - orPath_TaxPayer = "Object Repository/RAD_Pages/Taxpayer_Page": null

2023-07-11 12:54:20 - [TEST_STEP][PASSED] - orPath_AddressContact = "Object Repository/RAD_Pages/AddressAndContactInfo_Page": null

2023-07-11 12:54:20 - [TEST_STEP][PASSED] - orPath_FilingStatus = "Object Repository/RAD_Pages/FilingStatus_Page": null

2023-07-11 12:54:20 - [TEST_STEP][PASSED] - orPath_Amount = "Object Repository/RAD_Pages/PaymentAmount_Page": null

2023-07-11 12:54:20 - [TEST_STEP][PASSED] - selectOptionByLabel(findTestObject(orPath_Landing + "/dd_TaxType"), Taxtype, false): All options with label 'Estimated Tax' are selected in object 'Object Repository/RAD_Pages/Landing_Page/dd_TaxType' 

2023-07-11 12:54:21 - [MESSAGE][PASSED] - All options with label 'Estimated Tax' are selected in object 'Object Repository/RAD_Pages/Landing_Page/dd_TaxType' 

2023-07-11 12:54:21 - [TEST_STEP][PASSED] - scrollToElement(findTestObject(orPath_Amount + "/input__paymentAmount"), 3): Scroll to object 'Object Repository/RAD_Pages/PaymentAmount_Page/input__paymentAmount' successfully

2023-07-11 12:54:21 - [MESSAGE][PASSED] - Scroll to object 'Object Repository/RAD_Pages/PaymentAmount_Page/input__paymentAmount' successfully

2023-07-11 12:54:21 - [TEST_STEP][PASSED] - setText(findTestObject(orPath_AddressContact + "/input_eMailAddress"), "imtiazster@gmail.com"): Text 'imtiazster@gmail.com' is set on object 'Object Repository/RAD_Pages/AddressAndContactInfo_Page/input_eMailAddress'

2023-07-11 12:54:22 - [MESSAGE][PASSED] - Text 'imtiazster@gmail.com' is set on object 'Object Repository/RAD_Pages/AddressAndContactInfo_Page/input_eMailAddress'

2023-07-11 12:54:22 - [TEST_STEP][PASSED] - setText(findTestObject(orPath_AddressContact + "/input_reEnterEMailAddress"), "iahmed@govolution.com"): Text 'iahmed@govolution.com' is set on object 'Object Repository/RAD_Pages/AddressAndContactInfo_Page/input_reEnterEMailAddress'

2023-07-11 12:54:23 - [MESSAGE][PASSED] - Text 'iahmed@govolution.com' is set on object 'Object Repository/RAD_Pages/AddressAndContactInfo_Page/input_reEnterEMailAddress'

2023-07-11 12:54:23 - [TEST_STEP][PASSED] - delay(2): Delayed 2 second(s)

2023-07-11 12:54:25 - [MESSAGE][PASSED] - Delayed 2 second(s)

2023-07-11 12:54:25 - [TEST_STEP][PASSED] - if (verifyTextPresent("The Email and Re-enter email do not match", true)): null

2023-07-11 12:54:25 - [MESSAGE][PASSED] - Text 'The Email and Re-enter email do not match' is present on page  using regular expression

2023-07-11 12:54:25 - [TEST_STEP][PASSED] - println("Emails Dont match text is present"): null

2023-07-11 12:54:25 - [TEST_STEP][PASSED] - out.println("Pass Record Number: " + row): null

2023-07-11 12:54:25 - [TEST_STEP][PASSED] - resText = "Pass": null

2023-07-11 12:54:25 - [TEST_STEP][PASSED] - pages.WriteExcel.demoKey(resText, datText, resColumn, datCloumn, fileLoc, nameSheet, row): pages.WriteExcel.demoKey is PASSED

2023-07-11 12:54:26 - [MESSAGE][PASSED] - pages.WriteExcel.demoKey is PASSED

2023-07-11 12:54:26 - [TEST_STEP][PASSED] - ExecuteTC = findTestData(dataFile).getValue("Execute", row): null

2023-07-11 12:54:26 - [TEST_STEP][PASSED] - out.println("Value of Execute is : " + ExecuteTC): null

2023-07-11 12:54:26 - [TEST_STEP][PASSED] - if (ExecuteTC.equalsIgnoreCase("Y")): null

2023-07-11 12:54:26 - [TEST_STEP][PASSED] - out.println("Begin Record Number: " + row): null

2023-07-11 12:54:26 - [TEST_STEP][PASSED] - today = new java.util.Date(): null

2023-07-11 12:54:26 - [TEST_STEP][PASSED] - println(today): null

2023-07-11 12:54:26 - [TEST_STEP][PASSED] - datText = today: null

2023-07-11 12:54:26 - [TEST_STEP][PASSED] - Taxtype = findTestData(dataFile).getValue("TaxType", row): null

2023-07-11 12:54:26 - [TEST_STEP][PASSED] - out.println("Taxtype value is : " + Taxtype): null

2023-07-11 12:54:26 - [TEST_STEP][PASSED] - openBrowser(""): Browser is opened with url: ''

2023-07-11 12:54:26 - [MESSAGE][WARNING] - A browser is already opened. Closing browser and opening a new one

2023-07-11 12:54:27 - [MESSAGE][INFO] - Starting 'Chrome' driver

2023-07-11 12:54:27 - [MESSAGE][INFO] - User set preference: ['acceptInsecureCerts', 'true']

2023-07-11 12:54:27 - [MESSAGE][INFO] - Action delay is set to 0 milliseconds

2023-07-11 12:54:28 - [MESSAGE][PASSED] - Browser is opened with url: ''

2023-07-11 12:54:28 - [TEST_STEP][PASSED] - maximizeWindow(): Current window maximized

2023-07-11 12:54:28 - [MESSAGE][PASSED] - Current window maximized

2023-07-11 12:54:28 - [TEST_STEP][PASSED] - navigateToUrl(RADurl): Navigate to 'https://demo.velocitypayment.com/client/rad/index.html' successfully

2023-07-11 12:54:30 - [MESSAGE][PASSED] - Navigate to 'https://demo.velocitypayment.com/client/rad/index.html' successfully

2023-07-11 12:54:30 - [TEST_STEP][PASSED] - orPath_Landing = "Object Repository/RAD_Pages/Landing_Page": null

2023-07-11 12:54:30 - [TEST_STEP][PASSED] - orPath_TaxTypeFilingYear = "Object Repository/RAD_Pages/TaxTypeFilingYear_Page": null

2023-07-11 12:54:30 - [TEST_STEP][PASSED] - orPath_TaxPayer = "Object Repository/RAD_Pages/Taxpayer_Page": null

2023-07-11 12:54:30 - [TEST_STEP][PASSED] - orPath_AddressContact = "Object Repository/RAD_Pages/AddressAndContactInfo_Page": null

2023-07-11 12:54:30 - [TEST_STEP][PASSED] - orPath_FilingStatus = "Object Repository/RAD_Pages/FilingStatus_Page": null

2023-07-11 12:54:30 - [TEST_STEP][PASSED] - orPath_Amount = "Object Repository/RAD_Pages/PaymentAmount_Page": null

2023-07-11 12:54:30 - [TEST_STEP][PASSED] - selectOptionByLabel(findTestObject(orPath_Landing + "/dd_TaxType"), Taxtype, false): All options with label 'Personal Income Tax' are selected in object 'Object Repository/RAD_Pages/Landing_Page/dd_TaxType' 

2023-07-11 12:54:31 - [MESSAGE][PASSED] - All options with label 'Personal Income Tax' are selected in object 'Object Repository/RAD_Pages/Landing_Page/dd_TaxType' 

2023-07-11 12:54:31 - [TEST_STEP][PASSED] - scrollToElement(findTestObject(orPath_Amount + "/input__paymentAmount"), 3): Scroll to object 'Object Repository/RAD_Pages/PaymentAmount_Page/input__paymentAmount' successfully

2023-07-11 12:54:31 - [MESSAGE][PASSED] - Scroll to object 'Object Repository/RAD_Pages/PaymentAmount_Page/input__paymentAmount' successfully

2023-07-11 12:54:31 - [TEST_STEP][PASSED] - setText(findTestObject(orPath_AddressContact + "/input_eMailAddress"), "imtiazster@gmail.com"): Text 'imtiazster@gmail.com' is set on object 'Object Repository/RAD_Pages/AddressAndContactInfo_Page/input_eMailAddress'

2023-07-11 12:54:32 - [MESSAGE][PASSED] - Text 'imtiazster@gmail.com' is set on object 'Object Repository/RAD_Pages/AddressAndContactInfo_Page/input_eMailAddress'

2023-07-11 12:54:32 - [TEST_STEP][PASSED] - setText(findTestObject(orPath_AddressContact + "/input_reEnterEMailAddress"), "iahmed@govolution.com"): Text 'iahmed@govolution.com' is set on object 'Object Repository/RAD_Pages/AddressAndContactInfo_Page/input_reEnterEMailAddress'

2023-07-11 12:54:33 - [MESSAGE][PASSED] - Text 'iahmed@govolution.com' is set on object 'Object Repository/RAD_Pages/AddressAndContactInfo_Page/input_reEnterEMailAddress'

2023-07-11 12:54:33 - [TEST_STEP][PASSED] - delay(2): Delayed 2 second(s)

2023-07-11 12:54:35 - [MESSAGE][PASSED] - Delayed 2 second(s)

2023-07-11 12:54:35 - [TEST_STEP][PASSED] - if (verifyTextPresent("The Email and Re-enter email do not match", true)): null

2023-07-11 12:54:35 - [MESSAGE][PASSED] - Text 'The Email and Re-enter email do not match' is present on page  using regular expression

2023-07-11 12:54:35 - [TEST_STEP][PASSED] - println("Emails Dont match text is present"): null

2023-07-11 12:54:35 - [TEST_STEP][PASSED] - out.println("Pass Record Number: " + row): null

2023-07-11 12:54:35 - [TEST_STEP][PASSED] - resText = "Pass": null

2023-07-11 12:54:35 - [TEST_STEP][PASSED] - pages.WriteExcel.demoKey(resText, datText, resColumn, datCloumn, fileLoc, nameSheet, row): pages.WriteExcel.demoKey is PASSED

2023-07-11 12:54:35 - [MESSAGE][PASSED] - pages.WriteExcel.demoKey is PASSED

2023-07-11 12:54:35 - [TEST_STEP][PASSED] - ExecuteTC = findTestData(dataFile).getValue("Execute", row): null

2023-07-11 12:54:35 - [TEST_STEP][PASSED] - out.println("Value of Execute is : " + ExecuteTC): null

2023-07-11 12:54:35 - [TEST_STEP][PASSED] - if (ExecuteTC.equalsIgnoreCase("Y")): null

2023-07-11 12:54:35 - [TEST_STEP][PASSED] - out.println("Begin Record Number: " + row): null

2023-07-11 12:54:35 - [TEST_STEP][PASSED] - today = new java.util.Date(): null

2023-07-11 12:54:35 - [TEST_STEP][PASSED] - println(today): null

2023-07-11 12:54:35 - [TEST_STEP][PASSED] - datText = today: null

2023-07-11 12:54:35 - [TEST_STEP][PASSED] - Taxtype = findTestData(dataFile).getValue("TaxType", row): null

2023-07-11 12:54:35 - [TEST_STEP][PASSED] - out.println("Taxtype value is : " + Taxtype): null

2023-07-11 12:54:35 - [TEST_STEP][PASSED] - openBrowser(""): Browser is opened with url: ''

2023-07-11 12:54:35 - [MESSAGE][WARNING] - A browser is already opened. Closing browser and opening a new one

2023-07-11 12:54:36 - [MESSAGE][INFO] - Starting 'Chrome' driver

2023-07-11 12:54:36 - [MESSAGE][INFO] - User set preference: ['acceptInsecureCerts', 'true']

2023-07-11 12:54:36 - [MESSAGE][INFO] - Action delay is set to 0 milliseconds

2023-07-11 12:54:38 - [MESSAGE][PASSED] - Browser is opened with url: ''

2023-07-11 12:54:38 - [TEST_STEP][PASSED] - maximizeWindow(): Current window maximized

2023-07-11 12:54:38 - [MESSAGE][PASSED] - Current window maximized

2023-07-11 12:54:38 - [TEST_STEP][PASSED] - navigateToUrl(RADurl): Navigate to 'https://demo.velocitypayment.com/client/rad/index.html' successfully

2023-07-11 12:54:39 - [MESSAGE][PASSED] - Navigate to 'https://demo.velocitypayment.com/client/rad/index.html' successfully

2023-07-11 12:54:39 - [TEST_STEP][PASSED] - orPath_Landing = "Object Repository/RAD_Pages/Landing_Page": null

2023-07-11 12:54:39 - [TEST_STEP][PASSED] - orPath_TaxTypeFilingYear = "Object Repository/RAD_Pages/TaxTypeFilingYear_Page": null

2023-07-11 12:54:39 - [TEST_STEP][PASSED] - orPath_TaxPayer = "Object Repository/RAD_Pages/Taxpayer_Page": null

2023-07-11 12:54:39 - [TEST_STEP][PASSED] - orPath_AddressContact = "Object Repository/RAD_Pages/AddressAndContactInfo_Page": null

2023-07-11 12:54:39 - [TEST_STEP][PASSED] - orPath_FilingStatus = "Object Repository/RAD_Pages/FilingStatus_Page": null

2023-07-11 12:54:39 - [TEST_STEP][PASSED] - orPath_Amount = "Object Repository/RAD_Pages/PaymentAmount_Page": null

2023-07-11 12:54:39 - [TEST_STEP][PASSED] - selectOptionByLabel(findTestObject(orPath_Landing + "/dd_TaxType"), Taxtype, false): All options with label 'Extension Payments' are selected in object 'Object Repository/RAD_Pages/Landing_Page/dd_TaxType' 

2023-07-11 12:54:40 - [MESSAGE][PASSED] - All options with label 'Extension Payments' are selected in object 'Object Repository/RAD_Pages/Landing_Page/dd_TaxType' 

2023-07-11 12:54:40 - [TEST_STEP][PASSED] - scrollToElement(findTestObject(orPath_Amount + "/input__paymentAmount"), 3): Scroll to object 'Object Repository/RAD_Pages/PaymentAmount_Page/input__paymentAmount' successfully

2023-07-11 12:54:40 - [MESSAGE][PASSED] - Scroll to object 'Object Repository/RAD_Pages/PaymentAmount_Page/input__paymentAmount' successfully

2023-07-11 12:54:40 - [TEST_STEP][PASSED] - setText(findTestObject(orPath_AddressContact + "/input_eMailAddress"), "imtiazster@gmail.com"): Text 'imtiazster@gmail.com' is set on object 'Object Repository/RAD_Pages/AddressAndContactInfo_Page/input_eMailAddress'

2023-07-11 12:54:41 - [MESSAGE][PASSED] - Text 'imtiazster@gmail.com' is set on object 'Object Repository/RAD_Pages/AddressAndContactInfo_Page/input_eMailAddress'

2023-07-11 12:54:41 - [TEST_STEP][PASSED] - setText(findTestObject(orPath_AddressContact + "/input_reEnterEMailAddress"), "iahmed@govolution.com"): Text 'iahmed@govolution.com' is set on object 'Object Repository/RAD_Pages/AddressAndContactInfo_Page/input_reEnterEMailAddress'

2023-07-11 12:54:42 - [MESSAGE][PASSED] - Text 'iahmed@govolution.com' is set on object 'Object Repository/RAD_Pages/AddressAndContactInfo_Page/input_reEnterEMailAddress'

2023-07-11 12:54:42 - [TEST_STEP][PASSED] - delay(2): Delayed 2 second(s)

2023-07-11 12:54:44 - [MESSAGE][PASSED] - Delayed 2 second(s)

2023-07-11 12:54:44 - [TEST_STEP][PASSED] - if (verifyTextPresent("The Email and Re-enter email do not match", true)): null

2023-07-11 12:54:45 - [MESSAGE][PASSED] - Text 'The Email and Re-enter email do not match' is present on page  using regular expression

2023-07-11 12:54:45 - [TEST_STEP][PASSED] - println("Emails Dont match text is present"): null

2023-07-11 12:54:45 - [TEST_STEP][PASSED] - out.println("Pass Record Number: " + row): null

2023-07-11 12:54:45 - [TEST_STEP][PASSED] - resText = "Pass": null

2023-07-11 12:54:45 - [TEST_STEP][PASSED] - pages.WriteExcel.demoKey(resText, datText, resColumn, datCloumn, fileLoc, nameSheet, row): pages.WriteExcel.demoKey is PASSED

2023-07-11 12:54:45 - [MESSAGE][PASSED] - pages.WriteExcel.demoKey is PASSED

2023-07-11 12:54:45 - [TEST_STEP][PASSED] - ExecuteTC = findTestData(dataFile).getValue("Execute", row): null

2023-07-11 12:54:45 - [TEST_STEP][PASSED] - out.println("Value of Execute is : " + ExecuteTC): null

2023-07-11 12:54:45 - [TEST_STEP][PASSED] - if (ExecuteTC.equalsIgnoreCase("Y")): null

2023-07-11 12:54:45 - [TEST_STEP][PASSED] - out.println("Begin Record Number: " + row): null

2023-07-11 12:54:45 - [TEST_STEP][PASSED] - today = new java.util.Date(): null

2023-07-11 12:54:45 - [TEST_STEP][PASSED] - println(today): null

2023-07-11 12:54:45 - [TEST_STEP][PASSED] - datText = today: null

2023-07-11 12:54:45 - [TEST_STEP][PASSED] - Taxtype = findTestData(dataFile).getValue("TaxType", row): null

2023-07-11 12:54:45 - [TEST_STEP][PASSED] - out.println("Taxtype value is : " + Taxtype): null

2023-07-11 12:54:45 - [TEST_STEP][PASSED] - openBrowser(""): Browser is opened with url: ''

2023-07-11 12:54:45 - [MESSAGE][WARNING] - A browser is already opened. Closing browser and opening a new one

2023-07-11 12:54:46 - [MESSAGE][INFO] - Starting 'Chrome' driver

2023-07-11 12:54:46 - [MESSAGE][INFO] - User set preference: ['acceptInsecureCerts', 'true']

2023-07-11 12:54:46 - [MESSAGE][INFO] - Action delay is set to 0 milliseconds

2023-07-11 12:54:47 - [MESSAGE][PASSED] - Browser is opened with url: ''

2023-07-11 12:54:47 - [TEST_STEP][PASSED] - maximizeWindow(): Current window maximized

2023-07-11 12:54:47 - [MESSAGE][PASSED] - Current window maximized

2023-07-11 12:54:47 - [TEST_STEP][PASSED] - navigateToUrl(RADurl): Navigate to 'https://demo.velocitypayment.com/client/rad/index.html' successfully

2023-07-11 12:54:49 - [MESSAGE][PASSED] - Navigate to 'https://demo.velocitypayment.com/client/rad/index.html' successfully

2023-07-11 12:54:49 - [TEST_STEP][PASSED] - orPath_Landing = "Object Repository/RAD_Pages/Landing_Page": null

2023-07-11 12:54:49 - [TEST_STEP][PASSED] - orPath_TaxTypeFilingYear = "Object Repository/RAD_Pages/TaxTypeFilingYear_Page": null

2023-07-11 12:54:49 - [TEST_STEP][PASSED] - orPath_TaxPayer = "Object Repository/RAD_Pages/Taxpayer_Page": null

2023-07-11 12:54:49 - [TEST_STEP][PASSED] - orPath_AddressContact = "Object Repository/RAD_Pages/AddressAndContactInfo_Page": null

2023-07-11 12:54:49 - [TEST_STEP][PASSED] - orPath_FilingStatus = "Object Repository/RAD_Pages/FilingStatus_Page": null

2023-07-11 12:54:49 - [TEST_STEP][PASSED] - orPath_Amount = "Object Repository/RAD_Pages/PaymentAmount_Page": null

2023-07-11 12:54:49 - [TEST_STEP][PASSED] - selectOptionByLabel(findTestObject(orPath_Landing + "/dd_TaxType"), Taxtype, false): All options with label 'Existing Liability' are selected in object 'Object Repository/RAD_Pages/Landing_Page/dd_TaxType' 

2023-07-11 12:54:49 - [MESSAGE][PASSED] - All options with label 'Existing Liability' are selected in object 'Object Repository/RAD_Pages/Landing_Page/dd_TaxType' 

2023-07-11 12:54:49 - [TEST_STEP][PASSED] - scrollToElement(findTestObject(orPath_Amount + "/input__paymentAmount"), 3): Scroll to object 'Object Repository/RAD_Pages/PaymentAmount_Page/input__paymentAmount' successfully

2023-07-11 12:54:50 - [MESSAGE][PASSED] - Scroll to object 'Object Repository/RAD_Pages/PaymentAmount_Page/input__paymentAmount' successfully

2023-07-11 12:54:50 - [TEST_STEP][PASSED] - setText(findTestObject(orPath_AddressContact + "/input_eMailAddress"), "imtiazster@gmail.com"): Text 'imtiazster@gmail.com' is set on object 'Object Repository/RAD_Pages/AddressAndContactInfo_Page/input_eMailAddress'

2023-07-11 12:54:51 - [MESSAGE][PASSED] - Text 'imtiazster@gmail.com' is set on object 'Object Repository/RAD_Pages/AddressAndContactInfo_Page/input_eMailAddress'

2023-07-11 12:54:51 - [TEST_STEP][PASSED] - setText(findTestObject(orPath_AddressContact + "/input_reEnterEMailAddress"), "iahmed@govolution.com"): Text 'iahmed@govolution.com' is set on object 'Object Repository/RAD_Pages/AddressAndContactInfo_Page/input_reEnterEMailAddress'

2023-07-11 12:54:51 - [MESSAGE][PASSED] - Text 'iahmed@govolution.com' is set on object 'Object Repository/RAD_Pages/AddressAndContactInfo_Page/input_reEnterEMailAddress'

2023-07-11 12:54:51 - [TEST_STEP][PASSED] - delay(2): Delayed 2 second(s)

2023-07-11 12:54:53 - [MESSAGE][PASSED] - Delayed 2 second(s)

2023-07-11 12:54:53 - [TEST_STEP][PASSED] - if (verifyTextPresent("The Email and Re-enter email do not match", true)): null

2023-07-11 12:54:54 - [MESSAGE][PASSED] - Text 'The Email and Re-enter email do not match' is present on page  using regular expression

2023-07-11 12:54:54 - [TEST_STEP][PASSED] - println("Emails Dont match text is present"): null

2023-07-11 12:54:54 - [TEST_STEP][PASSED] - out.println("Pass Record Number: " + row): null

2023-07-11 12:54:54 - [TEST_STEP][PASSED] - resText = "Pass": null

2023-07-11 12:54:54 - [TEST_STEP][PASSED] - pages.WriteExcel.demoKey(resText, datText, resColumn, datCloumn, fileLoc, nameSheet, row): pages.WriteExcel.demoKey is PASSED

2023-07-11 12:54:54 - [MESSAGE][PASSED] - pages.WriteExcel.demoKey is PASSED

2023-07-11 12:54:54 - [TEST_STEP][PASSED] - ExecuteTC = findTestData(dataFile).getValue("Execute", row): null

2023-07-11 12:54:54 - [TEST_STEP][PASSED] - out.println("Value of Execute is : " + ExecuteTC): null

2023-07-11 12:54:54 - [TEST_STEP][PASSED] - if (ExecuteTC.equalsIgnoreCase("Y")): null

2023-07-11 12:54:54 - [TEST_STEP][PASSED] - out.println("Begin Record Number: " + row): null

2023-07-11 12:54:54 - [TEST_STEP][PASSED] - today = new java.util.Date(): null

2023-07-11 12:54:54 - [TEST_STEP][PASSED] - println(today): null

2023-07-11 12:54:54 - [TEST_STEP][PASSED] - datText = today: null

2023-07-11 12:54:54 - [TEST_STEP][PASSED] - Taxtype = findTestData(dataFile).getValue("TaxType", row): null

2023-07-11 12:54:54 - [TEST_STEP][PASSED] - out.println("Taxtype value is : " + Taxtype): null

2023-07-11 12:54:54 - [TEST_STEP][PASSED] - openBrowser(""): Browser is opened with url: ''

2023-07-11 12:54:54 - [MESSAGE][WARNING] - A browser is already opened. Closing browser and opening a new one

2023-07-11 12:54:55 - [MESSAGE][INFO] - Starting 'Chrome' driver

2023-07-11 12:54:55 - [MESSAGE][INFO] - User set preference: ['acceptInsecureCerts', 'true']

2023-07-11 12:54:55 - [MESSAGE][INFO] - Action delay is set to 0 milliseconds

2023-07-11 12:54:56 - [MESSAGE][PASSED] - Browser is opened with url: ''

2023-07-11 12:54:56 - [TEST_STEP][PASSED] - maximizeWindow(): Current window maximized

2023-07-11 12:54:57 - [MESSAGE][PASSED] - Current window maximized

2023-07-11 12:54:57 - [TEST_STEP][PASSED] - navigateToUrl(RADurl): Navigate to 'https://demo.velocitypayment.com/client/rad/index.html' successfully

2023-07-11 12:54:58 - [MESSAGE][PASSED] - Navigate to 'https://demo.velocitypayment.com/client/rad/index.html' successfully

2023-07-11 12:54:58 - [TEST_STEP][PASSED] - orPath_Landing = "Object Repository/RAD_Pages/Landing_Page": null

2023-07-11 12:54:58 - [TEST_STEP][PASSED] - orPath_TaxTypeFilingYear = "Object Repository/RAD_Pages/TaxTypeFilingYear_Page": null

2023-07-11 12:54:58 - [TEST_STEP][PASSED] - orPath_TaxPayer = "Object Repository/RAD_Pages/Taxpayer_Page": null

2023-07-11 12:54:58 - [TEST_STEP][PASSED] - orPath_AddressContact = "Object Repository/RAD_Pages/AddressAndContactInfo_Page": null

2023-07-11 12:54:58 - [TEST_STEP][PASSED] - orPath_FilingStatus = "Object Repository/RAD_Pages/FilingStatus_Page": null

2023-07-11 12:54:58 - [TEST_STEP][PASSED] - orPath_Amount = "Object Repository/RAD_Pages/PaymentAmount_Page": null

2023-07-11 12:54:58 - [TEST_STEP][PASSED] - selectOptionByLabel(findTestObject(orPath_Landing + "/dd_TaxType"), Taxtype, false): All options with label 'Sales and Use' are selected in object 'Object Repository/RAD_Pages/Landing_Page/dd_TaxType' 

2023-07-11 12:54:59 - [MESSAGE][PASSED] - All options with label 'Sales and Use' are selected in object 'Object Repository/RAD_Pages/Landing_Page/dd_TaxType' 

2023-07-11 12:54:59 - [TEST_STEP][PASSED] - scrollToElement(findTestObject(orPath_Amount + "/input__paymentAmount"), 3): Scroll to object 'Object Repository/RAD_Pages/PaymentAmount_Page/input__paymentAmount' successfully

2023-07-11 12:54:59 - [MESSAGE][PASSED] - Scroll to object 'Object Repository/RAD_Pages/PaymentAmount_Page/input__paymentAmount' successfully

2023-07-11 12:54:59 - [TEST_STEP][PASSED] - setText(findTestObject(orPath_AddressContact + "/input_eMailAddress"), "imtiazster@gmail.com"): Text 'imtiazster@gmail.com' is set on object 'Object Repository/RAD_Pages/AddressAndContactInfo_Page/input_eMailAddress'

2023-07-11 12:55:00 - [MESSAGE][PASSED] - Text 'imtiazster@gmail.com' is set on object 'Object Repository/RAD_Pages/AddressAndContactInfo_Page/input_eMailAddress'

2023-07-11 12:55:00 - [TEST_STEP][PASSED] - setText(findTestObject(orPath_AddressContact + "/input_reEnterEMailAddress"), "iahmed@govolution.com"): Text 'iahmed@govolution.com' is set on object 'Object Repository/RAD_Pages/AddressAndContactInfo_Page/input_reEnterEMailAddress'

2023-07-11 12:55:01 - [MESSAGE][PASSED] - Text 'iahmed@govolution.com' is set on object 'Object Repository/RAD_Pages/AddressAndContactInfo_Page/input_reEnterEMailAddress'

2023-07-11 12:55:01 - [TEST_STEP][PASSED] - delay(2): Delayed 2 second(s)

2023-07-11 12:55:03 - [MESSAGE][PASSED] - Delayed 2 second(s)

2023-07-11 12:55:03 - [TEST_STEP][PASSED] - if (verifyTextPresent("The Email and Re-enter email do not match", true)): null

2023-07-11 12:55:03 - [MESSAGE][PASSED] - Text 'The Email and Re-enter email do not match' is present on page  using regular expression

2023-07-11 12:55:03 - [TEST_STEP][PASSED] - println("Emails Dont match text is present"): null

2023-07-11 12:55:03 - [TEST_STEP][PASSED] - out.println("Pass Record Number: " + row): null

2023-07-11 12:55:03 - [TEST_STEP][PASSED] - resText = "Pass": null

2023-07-11 12:55:03 - [TEST_STEP][PASSED] - pages.WriteExcel.demoKey(resText, datText, resColumn, datCloumn, fileLoc, nameSheet, row): pages.WriteExcel.demoKey is PASSED

2023-07-11 12:55:03 - [MESSAGE][PASSED] - pages.WriteExcel.demoKey is PASSED

2023-07-11 12:55:03 - [TEST_STEP][PASSED] - ExecuteTC = findTestData(dataFile).getValue("Execute", row): null

2023-07-11 12:55:03 - [TEST_STEP][PASSED] - out.println("Value of Execute is : " + ExecuteTC): null

2023-07-11 12:55:03 - [TEST_STEP][PASSED] - if (ExecuteTC.equalsIgnoreCase("Y")): null

2023-07-11 12:55:03 - [TEST_STEP][PASSED] - out.println("Begin Record Number: " + row): null

2023-07-11 12:55:03 - [TEST_STEP][PASSED] - today = new java.util.Date(): null

2023-07-11 12:55:03 - [TEST_STEP][PASSED] - println(today): null

2023-07-11 12:55:03 - [TEST_STEP][PASSED] - datText = today: null

2023-07-11 12:55:03 - [TEST_STEP][PASSED] - Taxtype = findTestData(dataFile).getValue("TaxType", row): null

2023-07-11 12:55:04 - [TEST_STEP][PASSED] - out.println("Taxtype value is : " + Taxtype): null

2023-07-11 12:55:04 - [TEST_STEP][PASSED] - openBrowser(""): Browser is opened with url: ''

2023-07-11 12:55:04 - [MESSAGE][WARNING] - A browser is already opened. Closing browser and opening a new one

2023-07-11 12:55:04 - [MESSAGE][INFO] - Starting 'Chrome' driver

2023-07-11 12:55:04 - [MESSAGE][INFO] - User set preference: ['acceptInsecureCerts', 'true']

2023-07-11 12:55:04 - [MESSAGE][INFO] - Action delay is set to 0 milliseconds

2023-07-11 12:55:06 - [MESSAGE][PASSED] - Browser is opened with url: ''

2023-07-11 12:55:06 - [TEST_STEP][PASSED] - maximizeWindow(): Current window maximized

2023-07-11 12:55:06 - [MESSAGE][PASSED] - Current window maximized

2023-07-11 12:55:06 - [TEST_STEP][PASSED] - navigateToUrl(RADurl): Navigate to 'https://demo.velocitypayment.com/client/rad/index.html' successfully

2023-07-11 12:55:07 - [MESSAGE][PASSED] - Navigate to 'https://demo.velocitypayment.com/client/rad/index.html' successfully

2023-07-11 12:55:07 - [TEST_STEP][PASSED] - orPath_Landing = "Object Repository/RAD_Pages/Landing_Page": null

2023-07-11 12:55:07 - [TEST_STEP][PASSED] - orPath_TaxTypeFilingYear = "Object Repository/RAD_Pages/TaxTypeFilingYear_Page": null

2023-07-11 12:55:07 - [TEST_STEP][PASSED] - orPath_TaxPayer = "Object Repository/RAD_Pages/Taxpayer_Page": null

2023-07-11 12:55:07 - [TEST_STEP][PASSED] - orPath_AddressContact = "Object Repository/RAD_Pages/AddressAndContactInfo_Page": null

2023-07-11 12:55:07 - [TEST_STEP][PASSED] - orPath_FilingStatus = "Object Repository/RAD_Pages/FilingStatus_Page": null

2023-07-11 12:55:07 - [TEST_STEP][PASSED] - orPath_Amount = "Object Repository/RAD_Pages/PaymentAmount_Page": null

2023-07-11 12:55:07 - [TEST_STEP][PASSED] - selectOptionByLabel(findTestObject(orPath_Landing + "/dd_TaxType"), Taxtype, false): All options with label 'Withholding Tax' are selected in object 'Object Repository/RAD_Pages/Landing_Page/dd_TaxType' 

2023-07-11 12:55:08 - [MESSAGE][PASSED] - All options with label 'Withholding Tax' are selected in object 'Object Repository/RAD_Pages/Landing_Page/dd_TaxType' 

2023-07-11 12:55:08 - [TEST_STEP][PASSED] - scrollToElement(findTestObject(orPath_Amount + "/input__paymentAmount"), 3): Scroll to object 'Object Repository/RAD_Pages/PaymentAmount_Page/input__paymentAmount' successfully

2023-07-11 12:55:08 - [MESSAGE][PASSED] - Scroll to object 'Object Repository/RAD_Pages/PaymentAmount_Page/input__paymentAmount' successfully

2023-07-11 12:55:08 - [TEST_STEP][PASSED] - setText(findTestObject(orPath_AddressContact + "/input_eMailAddress"), "imtiazster@gmail.com"): Text 'imtiazster@gmail.com' is set on object 'Object Repository/RAD_Pages/AddressAndContactInfo_Page/input_eMailAddress'

2023-07-11 12:55:10 - [MESSAGE][PASSED] - Text 'imtiazster@gmail.com' is set on object 'Object Repository/RAD_Pages/AddressAndContactInfo_Page/input_eMailAddress'

2023-07-11 12:55:10 - [TEST_STEP][PASSED] - setText(findTestObject(orPath_AddressContact + "/input_reEnterEMailAddress"), "iahmed@govolution.com"): Text 'iahmed@govolution.com' is set on object 'Object Repository/RAD_Pages/AddressAndContactInfo_Page/input_reEnterEMailAddress'

2023-07-11 12:55:10 - [MESSAGE][PASSED] - Text 'iahmed@govolution.com' is set on object 'Object Repository/RAD_Pages/AddressAndContactInfo_Page/input_reEnterEMailAddress'

2023-07-11 12:55:10 - [TEST_STEP][PASSED] - delay(2): Delayed 2 second(s)

2023-07-11 12:55:12 - [MESSAGE][PASSED] - Delayed 2 second(s)

2023-07-11 12:55:12 - [TEST_STEP][PASSED] - if (verifyTextPresent("The Email and Re-enter email do not match", true)): null

2023-07-11 12:55:13 - [MESSAGE][PASSED] - Text 'The Email and Re-enter email do not match' is present on page  using regular expression

2023-07-11 12:55:13 - [TEST_STEP][PASSED] - println("Emails Dont match text is present"): null

2023-07-11 12:55:13 - [TEST_STEP][PASSED] - out.println("Pass Record Number: " + row): null

2023-07-11 12:55:13 - [TEST_STEP][PASSED] - resText = "Pass": null

2023-07-11 12:55:13 - [TEST_STEP][PASSED] - pages.WriteExcel.demoKey(resText, datText, resColumn, datCloumn, fileLoc, nameSheet, row): pages.WriteExcel.demoKey is PASSED

2023-07-11 12:55:13 - [MESSAGE][PASSED] - pages.WriteExcel.demoKey is PASSED]]></system-out>
         <system-err><![CDATA[]]></system-err>
      </testcase>
      <testcase name="Test Cases/RAD_TestCases/Negative_TestCases/TaxPayerSSNNoMatch" time="30.901" classname="Test Cases/RAD_TestCases/Negative_TestCases/TaxPayerSSNNoMatch" status="PASSED">
         <system-out><![CDATA[2023-07-11 12:55:13 - [TEST_CASE][PASSED] - Test Cases/RAD_TestCases/Negative_TestCases/TaxPayerSSNNoMatch: Test Cases/RAD_TestCases/Negative_TestCases/TaxPayerSSNNoMatch

2023-07-11 12:55:13 - [TEST_STEP][PASSED] - resText = "Fail": null

2023-07-11 12:55:13 - [TEST_STEP][PASSED] - resColumn = "Result": null

2023-07-11 12:55:13 - [TEST_STEP][PASSED] - datCloumn = "Date": null

2023-07-11 12:55:13 - [TEST_STEP][PASSED] - fileLoc = "KatalonData/RADTestData/TaxPayerSSNNoMatch.xlsx": null

2023-07-11 12:55:13 - [TEST_STEP][PASSED] - nameSheet = "Sheet1": null

2023-07-11 12:55:13 - [TEST_STEP][PASSED] - dataFile = "RADTestData/TaxPayerSSNNoMatch": null

2023-07-11 12:55:13 - [TEST_STEP][PASSED] - ExecuteTC = <not implemented yet for class: org.codehaus.groovy.ast.expr.EmptyExpression>: null

2023-07-11 12:55:13 - [TEST_STEP][PASSED] - Taxtype = <not implemented yet for class: org.codehaus.groovy.ast.expr.EmptyExpression>: null

2023-07-11 12:55:13 - [TEST_STEP][PASSED] - numOfRows = findTestData(dataFile).getRowNumbers(): null

2023-07-11 12:55:13 - [TEST_STEP][PASSED] - println("Number of Records: " + numOfRows): null

2023-07-11 12:55:13 - [TEST_STEP][PASSED] - for ([row = 1, row <= numOfRows, (row++)]): null

2023-07-11 12:55:13 - [TEST_STEP][PASSED] - ExecuteTC = findTestData(dataFile).getValue("Execute", row): null

2023-07-11 12:55:13 - [TEST_STEP][PASSED] - out.println("Value of Execute is : " + ExecuteTC): null

2023-07-11 12:55:13 - [TEST_STEP][PASSED] - if (ExecuteTC.equalsIgnoreCase("Y")): null

2023-07-11 12:55:13 - [TEST_STEP][PASSED] - out.println("Begin Record Number: " + row): null

2023-07-11 12:55:13 - [TEST_STEP][PASSED] - today = new java.util.Date(): null

2023-07-11 12:55:13 - [TEST_STEP][PASSED] - println(today): null

2023-07-11 12:55:13 - [TEST_STEP][PASSED] - datText = today: null

2023-07-11 12:55:13 - [TEST_STEP][PASSED] - Taxtype = findTestData(dataFile).getValue("TaxType", row): null

2023-07-11 12:55:13 - [TEST_STEP][PASSED] - out.println("Taxtype value is : " + Taxtype): null

2023-07-11 12:55:13 - [TEST_STEP][PASSED] - openBrowser(""): Browser is opened with url: ''

2023-07-11 12:55:13 - [MESSAGE][WARNING] - A browser is already opened. Closing browser and opening a new one

2023-07-11 12:55:14 - [MESSAGE][INFO] - Starting 'Chrome' driver

2023-07-11 12:55:14 - [MESSAGE][INFO] - User set preference: ['acceptInsecureCerts', 'true']

2023-07-11 12:55:14 - [MESSAGE][INFO] - Action delay is set to 0 milliseconds

2023-07-11 12:55:16 - [MESSAGE][PASSED] - Browser is opened with url: ''

2023-07-11 12:55:16 - [TEST_STEP][PASSED] - maximizeWindow(): Current window maximized

2023-07-11 12:55:16 - [MESSAGE][PASSED] - Current window maximized

2023-07-11 12:55:16 - [TEST_STEP][PASSED] - navigateToUrl(RADurl): Navigate to 'https://demo.velocitypayment.com/client/rad/index.html' successfully

2023-07-11 12:55:17 - [MESSAGE][PASSED] - Navigate to 'https://demo.velocitypayment.com/client/rad/index.html' successfully

2023-07-11 12:55:17 - [TEST_STEP][PASSED] - orPath_Landing = "Object Repository/RAD_Pages/Landing_Page": null

2023-07-11 12:55:17 - [TEST_STEP][PASSED] - orPath_TaxTypeFilingYear = "Object Repository/RAD_Pages/TaxTypeFilingYear_Page": null

2023-07-11 12:55:17 - [TEST_STEP][PASSED] - orPath_TaxPayer = "Object Repository/RAD_Pages/Taxpayer_Page": null

2023-07-11 12:55:17 - [TEST_STEP][PASSED] - orPath_AddressContact = "Object Repository/RAD_Pages/AddressAndContactInfo_Page": null

2023-07-11 12:55:17 - [TEST_STEP][PASSED] - orPath_FilingStatus = "Object Repository/RAD_Pages/FilingStatus_Page": null

2023-07-11 12:55:17 - [TEST_STEP][PASSED] - orPath_Amount = "Object Repository/RAD_Pages/PaymentAmount_Page": null

2023-07-11 12:55:17 - [TEST_STEP][PASSED] - selectOptionByLabel(findTestObject(orPath_Landing + "/dd_TaxType"), Taxtype, false): All options with label 'Estimated Tax' are selected in object 'Object Repository/RAD_Pages/Landing_Page/dd_TaxType' 

2023-07-11 12:55:18 - [MESSAGE][PASSED] - All options with label 'Estimated Tax' are selected in object 'Object Repository/RAD_Pages/Landing_Page/dd_TaxType' 

2023-07-11 12:55:18 - [TEST_STEP][PASSED] - scrollToElement(findTestObject(orPath_TaxPayer + "/input_firstName"), 3): Scroll to object 'Object Repository/RAD_Pages/Taxpayer_Page/input_firstName' successfully

2023-07-11 12:55:18 - [MESSAGE][PASSED] - Scroll to object 'Object Repository/RAD_Pages/Taxpayer_Page/input_firstName' successfully

2023-07-11 12:55:18 - [TEST_STEP][PASSED] - setText(findTestObject("RAD_RecordAndPlay/input_concatSSN"), "111111111"): Text '111111111' is set on object 'Object Repository/RAD_RecordAndPlay/input_concatSSN'

2023-07-11 12:55:19 - [MESSAGE][PASSED] - Text '111111111' is set on object 'Object Repository/RAD_RecordAndPlay/input_concatSSN'

2023-07-11 12:55:19 - [TEST_STEP][PASSED] - setText(findTestObject("RAD_RecordAndPlay/input_concatReSSN"), "222222222"): Text '222222222' is set on object 'Object Repository/RAD_RecordAndPlay/input_concatReSSN'

2023-07-11 12:55:20 - [MESSAGE][PASSED] - Text '222222222' is set on object 'Object Repository/RAD_RecordAndPlay/input_concatReSSN'

2023-07-11 12:55:20 - [TEST_STEP][PASSED] - setText(findTestObject(orPath_TaxPayer + "/input_lastName"), "Anderson"): Text 'Anderson' is set on object 'Object Repository/RAD_Pages/Taxpayer_Page/input_lastName'

2023-07-11 12:55:21 - [MESSAGE][PASSED] - Text 'Anderson' is set on object 'Object Repository/RAD_Pages/Taxpayer_Page/input_lastName'

2023-07-11 12:55:21 - [TEST_STEP][PASSED] - delay(2): Delayed 2 second(s)

2023-07-11 12:55:23 - [MESSAGE][PASSED] - Delayed 2 second(s)

2023-07-11 12:55:23 - [TEST_STEP][PASSED] - if (verifyTextPresent("The SSN and Re-type SSN do not match", true)): null

2023-07-11 12:55:23 - [MESSAGE][PASSED] - Text 'The SSN and Re-type SSN do not match' is present on page  using regular expression

2023-07-11 12:55:23 - [TEST_STEP][PASSED] - println("Taxpayer SSN Dont match text is present"): null

2023-07-11 12:55:23 - [TEST_STEP][PASSED] - out.println("Pass Record Number: " + row): null

2023-07-11 12:55:23 - [TEST_STEP][PASSED] - resText = "Pass": null

2023-07-11 12:55:23 - [TEST_STEP][PASSED] - pages.WriteExcel.demoKey(resText, datText, resColumn, datCloumn, fileLoc, nameSheet, row): pages.WriteExcel.demoKey is PASSED

2023-07-11 12:55:23 - [MESSAGE][PASSED] - pages.WriteExcel.demoKey is PASSED

2023-07-11 12:55:23 - [TEST_STEP][PASSED] - ExecuteTC = findTestData(dataFile).getValue("Execute", row): null

2023-07-11 12:55:23 - [TEST_STEP][PASSED] - out.println("Value of Execute is : " + ExecuteTC): null

2023-07-11 12:55:23 - [TEST_STEP][PASSED] - if (ExecuteTC.equalsIgnoreCase("Y")): null

2023-07-11 12:55:23 - [TEST_STEP][PASSED] - out.println("Begin Record Number: " + row): null

2023-07-11 12:55:23 - [TEST_STEP][PASSED] - today = new java.util.Date(): null

2023-07-11 12:55:23 - [TEST_STEP][PASSED] - println(today): null

2023-07-11 12:55:23 - [TEST_STEP][PASSED] - datText = today: null

2023-07-11 12:55:23 - [TEST_STEP][PASSED] - Taxtype = findTestData(dataFile).getValue("TaxType", row): null

2023-07-11 12:55:23 - [TEST_STEP][PASSED] - out.println("Taxtype value is : " + Taxtype): null

2023-07-11 12:55:23 - [TEST_STEP][PASSED] - openBrowser(""): Browser is opened with url: ''

2023-07-11 12:55:23 - [MESSAGE][WARNING] - A browser is already opened. Closing browser and opening a new one

2023-07-11 12:55:24 - [MESSAGE][INFO] - Starting 'Chrome' driver

2023-07-11 12:55:24 - [MESSAGE][INFO] - User set preference: ['acceptInsecureCerts', 'true']

2023-07-11 12:55:24 - [MESSAGE][INFO] - Action delay is set to 0 milliseconds

2023-07-11 12:55:26 - [MESSAGE][PASSED] - Browser is opened with url: ''

2023-07-11 12:55:26 - [TEST_STEP][PASSED] - maximizeWindow(): Current window maximized

2023-07-11 12:55:26 - [MESSAGE][PASSED] - Current window maximized

2023-07-11 12:55:26 - [TEST_STEP][PASSED] - navigateToUrl(RADurl): Navigate to 'https://demo.velocitypayment.com/client/rad/index.html' successfully

2023-07-11 12:55:27 - [MESSAGE][PASSED] - Navigate to 'https://demo.velocitypayment.com/client/rad/index.html' successfully

2023-07-11 12:55:27 - [TEST_STEP][PASSED] - orPath_Landing = "Object Repository/RAD_Pages/Landing_Page": null

2023-07-11 12:55:27 - [TEST_STEP][PASSED] - orPath_TaxTypeFilingYear = "Object Repository/RAD_Pages/TaxTypeFilingYear_Page": null

2023-07-11 12:55:27 - [TEST_STEP][PASSED] - orPath_TaxPayer = "Object Repository/RAD_Pages/Taxpayer_Page": null

2023-07-11 12:55:27 - [TEST_STEP][PASSED] - orPath_AddressContact = "Object Repository/RAD_Pages/AddressAndContactInfo_Page": null

2023-07-11 12:55:27 - [TEST_STEP][PASSED] - orPath_FilingStatus = "Object Repository/RAD_Pages/FilingStatus_Page": null

2023-07-11 12:55:27 - [TEST_STEP][PASSED] - orPath_Amount = "Object Repository/RAD_Pages/PaymentAmount_Page": null

2023-07-11 12:55:27 - [TEST_STEP][PASSED] - selectOptionByLabel(findTestObject(orPath_Landing + "/dd_TaxType"), Taxtype, false): All options with label 'Personal Income Tax' are selected in object 'Object Repository/RAD_Pages/Landing_Page/dd_TaxType' 

2023-07-11 12:55:28 - [MESSAGE][PASSED] - All options with label 'Personal Income Tax' are selected in object 'Object Repository/RAD_Pages/Landing_Page/dd_TaxType' 

2023-07-11 12:55:28 - [TEST_STEP][PASSED] - scrollToElement(findTestObject(orPath_TaxPayer + "/input_firstName"), 3): Scroll to object 'Object Repository/RAD_Pages/Taxpayer_Page/input_firstName' successfully

2023-07-11 12:55:28 - [MESSAGE][PASSED] - Scroll to object 'Object Repository/RAD_Pages/Taxpayer_Page/input_firstName' successfully

2023-07-11 12:55:28 - [TEST_STEP][PASSED] - setText(findTestObject("RAD_RecordAndPlay/input_concatSSN"), "111111111"): Text '111111111' is set on object 'Object Repository/RAD_RecordAndPlay/input_concatSSN'

2023-07-11 12:55:29 - [MESSAGE][PASSED] - Text '111111111' is set on object 'Object Repository/RAD_RecordAndPlay/input_concatSSN'

2023-07-11 12:55:29 - [TEST_STEP][PASSED] - setText(findTestObject("RAD_RecordAndPlay/input_concatReSSN"), "222222222"): Text '222222222' is set on object 'Object Repository/RAD_RecordAndPlay/input_concatReSSN'

2023-07-11 12:55:30 - [MESSAGE][PASSED] - Text '222222222' is set on object 'Object Repository/RAD_RecordAndPlay/input_concatReSSN'

2023-07-11 12:55:30 - [TEST_STEP][PASSED] - setText(findTestObject(orPath_TaxPayer + "/input_lastName"), "Anderson"): Text 'Anderson' is set on object 'Object Repository/RAD_Pages/Taxpayer_Page/input_lastName'

2023-07-11 12:55:31 - [MESSAGE][PASSED] - Text 'Anderson' is set on object 'Object Repository/RAD_Pages/Taxpayer_Page/input_lastName'

2023-07-11 12:55:31 - [TEST_STEP][PASSED] - delay(2): Delayed 2 second(s)

2023-07-11 12:55:33 - [MESSAGE][PASSED] - Delayed 2 second(s)

2023-07-11 12:55:33 - [TEST_STEP][PASSED] - if (verifyTextPresent("The SSN and Re-type SSN do not match", true)): null

2023-07-11 12:55:33 - [MESSAGE][PASSED] - Text 'The SSN and Re-type SSN do not match' is present on page  using regular expression

2023-07-11 12:55:33 - [TEST_STEP][PASSED] - println("Taxpayer SSN Dont match text is present"): null

2023-07-11 12:55:33 - [TEST_STEP][PASSED] - out.println("Pass Record Number: " + row): null

2023-07-11 12:55:33 - [TEST_STEP][PASSED] - resText = "Pass": null

2023-07-11 12:55:33 - [TEST_STEP][PASSED] - pages.WriteExcel.demoKey(resText, datText, resColumn, datCloumn, fileLoc, nameSheet, row): pages.WriteExcel.demoKey is PASSED

2023-07-11 12:55:33 - [MESSAGE][PASSED] - pages.WriteExcel.demoKey is PASSED

2023-07-11 12:55:33 - [TEST_STEP][PASSED] - ExecuteTC = findTestData(dataFile).getValue("Execute", row): null

2023-07-11 12:55:33 - [TEST_STEP][PASSED] - out.println("Value of Execute is : " + ExecuteTC): null

2023-07-11 12:55:33 - [TEST_STEP][PASSED] - if (ExecuteTC.equalsIgnoreCase("Y")): null

2023-07-11 12:55:33 - [TEST_STEP][PASSED] - out.println("Begin Record Number: " + row): null

2023-07-11 12:55:33 - [TEST_STEP][PASSED] - today = new java.util.Date(): null

2023-07-11 12:55:33 - [TEST_STEP][PASSED] - println(today): null

2023-07-11 12:55:33 - [TEST_STEP][PASSED] - datText = today: null

2023-07-11 12:55:33 - [TEST_STEP][PASSED] - Taxtype = findTestData(dataFile).getValue("TaxType", row): null

2023-07-11 12:55:33 - [TEST_STEP][PASSED] - out.println("Taxtype value is : " + Taxtype): null

2023-07-11 12:55:33 - [TEST_STEP][PASSED] - openBrowser(""): Browser is opened with url: ''

2023-07-11 12:55:33 - [MESSAGE][WARNING] - A browser is already opened. Closing browser and opening a new one

2023-07-11 12:55:34 - [MESSAGE][INFO] - Starting 'Chrome' driver

2023-07-11 12:55:34 - [MESSAGE][INFO] - User set preference: ['acceptInsecureCerts', 'true']

2023-07-11 12:55:34 - [MESSAGE][INFO] - Action delay is set to 0 milliseconds

2023-07-11 12:55:36 - [MESSAGE][PASSED] - Browser is opened with url: ''

2023-07-11 12:55:36 - [TEST_STEP][PASSED] - maximizeWindow(): Current window maximized

2023-07-11 12:55:36 - [MESSAGE][PASSED] - Current window maximized

2023-07-11 12:55:36 - [TEST_STEP][PASSED] - navigateToUrl(RADurl): Navigate to 'https://demo.velocitypayment.com/client/rad/index.html' successfully

2023-07-11 12:55:37 - [MESSAGE][PASSED] - Navigate to 'https://demo.velocitypayment.com/client/rad/index.html' successfully

2023-07-11 12:55:37 - [TEST_STEP][PASSED] - orPath_Landing = "Object Repository/RAD_Pages/Landing_Page": null

2023-07-11 12:55:37 - [TEST_STEP][PASSED] - orPath_TaxTypeFilingYear = "Object Repository/RAD_Pages/TaxTypeFilingYear_Page": null

2023-07-11 12:55:37 - [TEST_STEP][PASSED] - orPath_TaxPayer = "Object Repository/RAD_Pages/Taxpayer_Page": null

2023-07-11 12:55:37 - [TEST_STEP][PASSED] - orPath_AddressContact = "Object Repository/RAD_Pages/AddressAndContactInfo_Page": null

2023-07-11 12:55:37 - [TEST_STEP][PASSED] - orPath_FilingStatus = "Object Repository/RAD_Pages/FilingStatus_Page": null

2023-07-11 12:55:37 - [TEST_STEP][PASSED] - orPath_Amount = "Object Repository/RAD_Pages/PaymentAmount_Page": null

2023-07-11 12:55:37 - [TEST_STEP][PASSED] - selectOptionByLabel(findTestObject(orPath_Landing + "/dd_TaxType"), Taxtype, false): All options with label 'Extension Payments' are selected in object 'Object Repository/RAD_Pages/Landing_Page/dd_TaxType' 

2023-07-11 12:55:38 - [MESSAGE][PASSED] - All options with label 'Extension Payments' are selected in object 'Object Repository/RAD_Pages/Landing_Page/dd_TaxType' 

2023-07-11 12:55:38 - [TEST_STEP][PASSED] - scrollToElement(findTestObject(orPath_TaxPayer + "/input_firstName"), 3): Scroll to object 'Object Repository/RAD_Pages/Taxpayer_Page/input_firstName' successfully

2023-07-11 12:55:39 - [MESSAGE][PASSED] - Scroll to object 'Object Repository/RAD_Pages/Taxpayer_Page/input_firstName' successfully

2023-07-11 12:55:39 - [TEST_STEP][PASSED] - setText(findTestObject("RAD_RecordAndPlay/input_concatSSN"), "111111111"): Text '111111111' is set on object 'Object Repository/RAD_RecordAndPlay/input_concatSSN'

2023-07-11 12:55:40 - [MESSAGE][PASSED] - Text '111111111' is set on object 'Object Repository/RAD_RecordAndPlay/input_concatSSN'

2023-07-11 12:55:40 - [TEST_STEP][PASSED] - setText(findTestObject("RAD_RecordAndPlay/input_concatReSSN"), "222222222"): Text '222222222' is set on object 'Object Repository/RAD_RecordAndPlay/input_concatReSSN'

2023-07-11 12:55:40 - [MESSAGE][PASSED] - Text '222222222' is set on object 'Object Repository/RAD_RecordAndPlay/input_concatReSSN'

2023-07-11 12:55:40 - [TEST_STEP][PASSED] - setText(findTestObject(orPath_TaxPayer + "/input_lastName"), "Anderson"): Text 'Anderson' is set on object 'Object Repository/RAD_Pages/Taxpayer_Page/input_lastName'

2023-07-11 12:55:41 - [MESSAGE][PASSED] - Text 'Anderson' is set on object 'Object Repository/RAD_Pages/Taxpayer_Page/input_lastName'

2023-07-11 12:55:41 - [TEST_STEP][PASSED] - delay(2): Delayed 2 second(s)

2023-07-11 12:55:43 - [MESSAGE][PASSED] - Delayed 2 second(s)

2023-07-11 12:55:43 - [TEST_STEP][PASSED] - if (verifyTextPresent("The SSN and Re-type SSN do not match", true)): null

2023-07-11 12:55:44 - [MESSAGE][PASSED] - Text 'The SSN and Re-type SSN do not match' is present on page  using regular expression

2023-07-11 12:55:44 - [TEST_STEP][PASSED] - println("Taxpayer SSN Dont match text is present"): null

2023-07-11 12:55:44 - [TEST_STEP][PASSED] - out.println("Pass Record Number: " + row): null

2023-07-11 12:55:44 - [TEST_STEP][PASSED] - resText = "Pass": null

2023-07-11 12:55:44 - [TEST_STEP][PASSED] - pages.WriteExcel.demoKey(resText, datText, resColumn, datCloumn, fileLoc, nameSheet, row): pages.WriteExcel.demoKey is PASSED

2023-07-11 12:55:44 - [MESSAGE][PASSED] - pages.WriteExcel.demoKey is PASSED]]></system-out>
         <system-err><![CDATA[]]></system-err>
      </testcase>
      <testcase name="Test Cases/RAD_TestCases/Negative_TestCases/JointFilerSSNNoMatch" time="40.428" classname="Test Cases/RAD_TestCases/Negative_TestCases/JointFilerSSNNoMatch" status="PASSED">
         <system-out><![CDATA[2023-07-11 12:55:44 - [TEST_CASE][PASSED] - Test Cases/RAD_TestCases/Negative_TestCases/JointFilerSSNNoMatch: Test Cases/RAD_TestCases/Negative_TestCases/JointFilerSSNNoMatch

2023-07-11 12:55:44 - [TEST_STEP][PASSED] - orPath_Landing = "Object Repository/RAD_Pages/Landing_Page": null

2023-07-11 12:55:44 - [TEST_STEP][PASSED] - orPath_Amount = "Object Repository/RAD_Pages/PaymentAmount_Page": null

2023-07-11 12:55:44 - [TEST_STEP][PASSED] - orPath_FilingStatus = "Object Repository/RAD_Pages/FilingStatus_Page": null

2023-07-11 12:55:44 - [TEST_STEP][PASSED] - orPath_TaxPayer = "Object Repository/RAD_Pages/Taxpayer_Page": null

2023-07-11 12:55:44 - [TEST_STEP][PASSED] - taxTypeDropList = ["Estimated Tax", "Personal Income Tax", "Extension Payments"]: null

2023-07-11 12:55:44 - [TEST_STEP][PASSED] - listSize = taxTypeDropList.size(): null

2023-07-11 12:55:44 - [TEST_STEP][PASSED] - println(listSize): null

2023-07-11 12:55:44 - [TEST_STEP][PASSED] - executionProfile = getExecutionProfile(): null

2023-07-11 12:55:44 - [TEST_STEP][PASSED] - for ([i = 0, i < listSize, (i++)]): Text 'The SSN and Re-type SSN do not match.' is present on page  using regular expression

2023-07-11 12:55:44 - [TEST_STEP][PASSED] - openBrowser(""): Browser is opened with url: ''

2023-07-11 12:55:44 - [MESSAGE][WARNING] - A browser is already opened. Closing browser and opening a new one

2023-07-11 12:55:45 - [MESSAGE][INFO] - Starting 'Chrome' driver

2023-07-11 12:55:45 - [MESSAGE][INFO] - User set preference: ['acceptInsecureCerts', 'true']

2023-07-11 12:55:45 - [MESSAGE][INFO] - Action delay is set to 0 milliseconds

2023-07-11 12:55:46 - [MESSAGE][PASSED] - Browser is opened with url: ''

2023-07-11 12:55:46 - [TEST_STEP][PASSED] - maximizeWindow(): Current window maximized

2023-07-11 12:55:47 - [MESSAGE][PASSED] - Current window maximized

2023-07-11 12:55:47 - [TEST_STEP][PASSED] - navigateToUrl(RADurl): Navigate to 'https://demo.velocitypayment.com/client/rad/index.html' successfully

2023-07-11 12:55:48 - [MESSAGE][PASSED] - Navigate to 'https://demo.velocitypayment.com/client/rad/index.html' successfully

2023-07-11 12:55:48 - [TEST_STEP][PASSED] - out.println("Value of taxTypeDropList : " + taxTypeDropList[i]): null

2023-07-11 12:55:48 - [TEST_STEP][PASSED] - selectOptionByLabel(findTestObject(orPath_Landing + "/dd_TaxType"), taxTypeDropList[i], false): All options with label 'Estimated Tax' are selected in object 'Object Repository/RAD_Pages/Landing_Page/dd_TaxType' 

2023-07-11 12:55:49 - [MESSAGE][PASSED] - All options with label 'Estimated Tax' are selected in object 'Object Repository/RAD_Pages/Landing_Page/dd_TaxType' 

2023-07-11 12:55:49 - [TEST_STEP][PASSED] - switch (executionProfile): null

2023-07-11 12:55:49 - [TEST_STEP][PASSED] - case "DemoProfile":: null

2023-07-11 12:55:49 - [TEST_STEP][PASSED] - setText(findTestObject("RAD_RecordAndPlay/input_concatSSN"), "123456725"): Text '123456725' is set on object 'Object Repository/RAD_RecordAndPlay/input_concatSSN'

2023-07-11 12:55:49 - [MESSAGE][PASSED] - Text '123456725' is set on object 'Object Repository/RAD_RecordAndPlay/input_concatSSN'

2023-07-11 12:55:49 - [TEST_STEP][PASSED] - setText(findTestObject("RAD_RecordAndPlay/input_concatReSSN"), "123456725"): Text '123456725' is set on object 'Object Repository/RAD_RecordAndPlay/input_concatReSSN'

2023-07-11 12:55:50 - [MESSAGE][PASSED] - Text '123456725' is set on object 'Object Repository/RAD_RecordAndPlay/input_concatReSSN'

2023-07-11 12:55:50 - [TEST_STEP][PASSED] - setText(findTestObject(orPath_TaxPayer + "/input_lastName"), "ATES"): Text 'ATES' is set on object 'Object Repository/RAD_Pages/Taxpayer_Page/input_lastName'

2023-07-11 12:55:51 - [MESSAGE][PASSED] - Text 'ATES' is set on object 'Object Repository/RAD_Pages/Taxpayer_Page/input_lastName'

2023-07-11 12:55:51 - [TEST_STEP][PASSED] - break: null

2023-07-11 12:55:51 - [TEST_STEP][PASSED] - scrollToElement(findTestObject(orPath_Amount + "/input__paymentAmount"), 3): Scroll to object 'Object Repository/RAD_Pages/PaymentAmount_Page/input__paymentAmount' successfully

2023-07-11 12:55:52 - [MESSAGE][PASSED] - Scroll to object 'Object Repository/RAD_Pages/PaymentAmount_Page/input__paymentAmount' successfully

2023-07-11 12:55:52 - [TEST_STEP][PASSED] - waitForElementClickable(findTestObject(orPath_FilingStatus + "/input_userType_Joint"), 5): Object 'Object Repository/RAD_Pages/FilingStatus_Page/input_userType_Joint' is clickable

2023-07-11 12:55:52 - [MESSAGE][PASSED] - Object 'Object Repository/RAD_Pages/FilingStatus_Page/input_userType_Joint' is clickable

2023-07-11 12:55:52 - [TEST_STEP][PASSED] - click(findTestObject(orPath_FilingStatus + "/input_userType_Joint")): Object: 'Object Repository/RAD_Pages/FilingStatus_Page/input_userType_Joint' is clicked on

2023-07-11 12:55:52 - [MESSAGE][PASSED] - Object: 'Object Repository/RAD_Pages/FilingStatus_Page/input_userType_Joint' is clicked on

2023-07-11 12:55:52 - [TEST_STEP][PASSED] - switch (executionProfile): null

2023-07-11 12:55:52 - [TEST_STEP][PASSED] - case "DemoProfile":: null

2023-07-11 12:55:52 - [TEST_STEP][PASSED] - setText(findTestObject(orPath_FilingStatus + "/input_jointLastName"), "BTES"): Text 'BTES' is set on object 'Object Repository/RAD_Pages/FilingStatus_Page/input_jointLastName'

2023-07-11 12:55:53 - [MESSAGE][PASSED] - Text 'BTES' is set on object 'Object Repository/RAD_Pages/FilingStatus_Page/input_jointLastName'

2023-07-11 12:55:53 - [TEST_STEP][PASSED] - setText(findTestObject("Object Repository/RAD_RecordAndPlay/input_JointFilerSSN"), "111116724"): Text '111116724' is set on object 'Object Repository/RAD_RecordAndPlay/input_JointFilerSSN'

2023-07-11 12:55:54 - [MESSAGE][PASSED] - Text '111116724' is set on object 'Object Repository/RAD_RecordAndPlay/input_JointFilerSSN'

2023-07-11 12:55:54 - [TEST_STEP][PASSED] - setText(findTestObject("Object Repository/RAD_RecordAndPlay/input_reTypeJointFilerSSN"), "222226724"): Text '222226724' is set on object 'Object Repository/RAD_RecordAndPlay/input_reTypeJointFilerSSN'

2023-07-11 12:55:54 - [MESSAGE][PASSED] - Text '222226724' is set on object 'Object Repository/RAD_RecordAndPlay/input_reTypeJointFilerSSN'

2023-07-11 12:55:54 - [TEST_STEP][PASSED] - break: null

2023-07-11 12:55:54 - [TEST_STEP][PASSED] - setText(findTestObject(orPath_FilingStatus + "/input_jointSuffix"), ""): Text '' is set on object 'Object Repository/RAD_Pages/FilingStatus_Page/input_jointSuffix'

2023-07-11 12:55:55 - [MESSAGE][PASSED] - Text '' is set on object 'Object Repository/RAD_Pages/FilingStatus_Page/input_jointSuffix'

2023-07-11 12:55:55 - [TEST_STEP][PASSED] - delay(2): Delayed 2 second(s)

2023-07-11 12:55:57 - [MESSAGE][PASSED] - Delayed 2 second(s)

2023-07-11 12:55:57 - [TEST_STEP][PASSED] - verifyTextPresent("The SSN and Re-type SSN do not match.", true): Text 'The SSN and Re-type SSN do not match.' is present on page  using regular expression

2023-07-11 12:55:58 - [MESSAGE][PASSED] - Text 'The SSN and Re-type SSN do not match.' is present on page  using regular expression

2023-07-11 12:55:58 - [TEST_STEP][PASSED] - openBrowser(""): Browser is opened with url: ''

2023-07-11 12:55:58 - [MESSAGE][WARNING] - A browser is already opened. Closing browser and opening a new one

2023-07-11 12:55:58 - [MESSAGE][INFO] - Starting 'Chrome' driver

2023-07-11 12:55:58 - [MESSAGE][INFO] - User set preference: ['acceptInsecureCerts', 'true']

2023-07-11 12:55:58 - [MESSAGE][INFO] - Action delay is set to 0 milliseconds

2023-07-11 12:56:00 - [MESSAGE][PASSED] - Browser is opened with url: ''

2023-07-11 12:56:00 - [TEST_STEP][PASSED] - maximizeWindow(): Current window maximized

2023-07-11 12:56:00 - [MESSAGE][PASSED] - Current window maximized

2023-07-11 12:56:00 - [TEST_STEP][PASSED] - navigateToUrl(RADurl): Navigate to 'https://demo.velocitypayment.com/client/rad/index.html' successfully

2023-07-11 12:56:01 - [MESSAGE][PASSED] - Navigate to 'https://demo.velocitypayment.com/client/rad/index.html' successfully

2023-07-11 12:56:01 - [TEST_STEP][PASSED] - out.println("Value of taxTypeDropList : " + taxTypeDropList[i]): null

2023-07-11 12:56:01 - [TEST_STEP][PASSED] - selectOptionByLabel(findTestObject(orPath_Landing + "/dd_TaxType"), taxTypeDropList[i], false): All options with label 'Personal Income Tax' are selected in object 'Object Repository/RAD_Pages/Landing_Page/dd_TaxType' 

2023-07-11 12:56:02 - [MESSAGE][PASSED] - All options with label 'Personal Income Tax' are selected in object 'Object Repository/RAD_Pages/Landing_Page/dd_TaxType' 

2023-07-11 12:56:02 - [TEST_STEP][PASSED] - switch (executionProfile): null

2023-07-11 12:56:02 - [TEST_STEP][PASSED] - case "DemoProfile":: null

2023-07-11 12:56:02 - [TEST_STEP][PASSED] - setText(findTestObject("RAD_RecordAndPlay/input_concatSSN"), "123456725"): Text '123456725' is set on object 'Object Repository/RAD_RecordAndPlay/input_concatSSN'

2023-07-11 12:56:03 - [MESSAGE][PASSED] - Text '123456725' is set on object 'Object Repository/RAD_RecordAndPlay/input_concatSSN'

2023-07-11 12:56:03 - [TEST_STEP][PASSED] - setText(findTestObject("RAD_RecordAndPlay/input_concatReSSN"), "123456725"): Text '123456725' is set on object 'Object Repository/RAD_RecordAndPlay/input_concatReSSN'

2023-07-11 12:56:03 - [MESSAGE][PASSED] - Text '123456725' is set on object 'Object Repository/RAD_RecordAndPlay/input_concatReSSN'

2023-07-11 12:56:03 - [TEST_STEP][PASSED] - setText(findTestObject(orPath_TaxPayer + "/input_lastName"), "ATES"): Text 'ATES' is set on object 'Object Repository/RAD_Pages/Taxpayer_Page/input_lastName'

2023-07-11 12:56:04 - [MESSAGE][PASSED] - Text 'ATES' is set on object 'Object Repository/RAD_Pages/Taxpayer_Page/input_lastName'

2023-07-11 12:56:04 - [TEST_STEP][PASSED] - break: null

2023-07-11 12:56:04 - [TEST_STEP][PASSED] - scrollToElement(findTestObject(orPath_Amount + "/input__paymentAmount"), 3): Scroll to object 'Object Repository/RAD_Pages/PaymentAmount_Page/input__paymentAmount' successfully

2023-07-11 12:56:05 - [MESSAGE][PASSED] - Scroll to object 'Object Repository/RAD_Pages/PaymentAmount_Page/input__paymentAmount' successfully

2023-07-11 12:56:05 - [TEST_STEP][PASSED] - waitForElementClickable(findTestObject(orPath_FilingStatus + "/input_userType_Joint"), 5): Object 'Object Repository/RAD_Pages/FilingStatus_Page/input_userType_Joint' is clickable

2023-07-11 12:56:05 - [MESSAGE][PASSED] - Object 'Object Repository/RAD_Pages/FilingStatus_Page/input_userType_Joint' is clickable

2023-07-11 12:56:05 - [TEST_STEP][PASSED] - click(findTestObject(orPath_FilingStatus + "/input_userType_Joint")): Object: 'Object Repository/RAD_Pages/FilingStatus_Page/input_userType_Joint' is clicked on

2023-07-11 12:56:06 - [MESSAGE][PASSED] - Object: 'Object Repository/RAD_Pages/FilingStatus_Page/input_userType_Joint' is clicked on

2023-07-11 12:56:06 - [TEST_STEP][PASSED] - switch (executionProfile): null

2023-07-11 12:56:06 - [TEST_STEP][PASSED] - case "DemoProfile":: null

2023-07-11 12:56:06 - [TEST_STEP][PASSED] - setText(findTestObject(orPath_FilingStatus + "/input_jointLastName"), "BTES"): Text 'BTES' is set on object 'Object Repository/RAD_Pages/FilingStatus_Page/input_jointLastName'

2023-07-11 12:56:07 - [MESSAGE][PASSED] - Text 'BTES' is set on object 'Object Repository/RAD_Pages/FilingStatus_Page/input_jointLastName'

2023-07-11 12:56:07 - [TEST_STEP][PASSED] - setText(findTestObject("Object Repository/RAD_RecordAndPlay/input_JointFilerSSN"), "111116724"): Text '111116724' is set on object 'Object Repository/RAD_RecordAndPlay/input_JointFilerSSN'

2023-07-11 12:56:07 - [MESSAGE][PASSED] - Text '111116724' is set on object 'Object Repository/RAD_RecordAndPlay/input_JointFilerSSN'

2023-07-11 12:56:07 - [TEST_STEP][PASSED] - setText(findTestObject("Object Repository/RAD_RecordAndPlay/input_reTypeJointFilerSSN"), "222226724"): Text '222226724' is set on object 'Object Repository/RAD_RecordAndPlay/input_reTypeJointFilerSSN'

2023-07-11 12:56:08 - [MESSAGE][PASSED] - Text '222226724' is set on object 'Object Repository/RAD_RecordAndPlay/input_reTypeJointFilerSSN'

2023-07-11 12:56:08 - [TEST_STEP][PASSED] - break: null

2023-07-11 12:56:08 - [TEST_STEP][PASSED] - setText(findTestObject(orPath_FilingStatus + "/input_jointSuffix"), ""): Text '' is set on object 'Object Repository/RAD_Pages/FilingStatus_Page/input_jointSuffix'

2023-07-11 12:56:08 - [MESSAGE][PASSED] - Text '' is set on object 'Object Repository/RAD_Pages/FilingStatus_Page/input_jointSuffix'

2023-07-11 12:56:08 - [TEST_STEP][PASSED] - delay(2): Delayed 2 second(s)

2023-07-11 12:56:10 - [MESSAGE][PASSED] - Delayed 2 second(s)

2023-07-11 12:56:10 - [TEST_STEP][PASSED] - verifyTextPresent("The SSN and Re-type SSN do not match.", true): Text 'The SSN and Re-type SSN do not match.' is present on page  using regular expression

2023-07-11 12:56:11 - [MESSAGE][PASSED] - Text 'The SSN and Re-type SSN do not match.' is present on page  using regular expression

2023-07-11 12:56:11 - [TEST_STEP][PASSED] - openBrowser(""): Browser is opened with url: ''

2023-07-11 12:56:11 - [MESSAGE][WARNING] - A browser is already opened. Closing browser and opening a new one

2023-07-11 12:56:12 - [MESSAGE][INFO] - Starting 'Chrome' driver

2023-07-11 12:56:12 - [MESSAGE][INFO] - User set preference: ['acceptInsecureCerts', 'true']

2023-07-11 12:56:12 - [MESSAGE][INFO] - Action delay is set to 0 milliseconds

2023-07-11 12:56:13 - [MESSAGE][PASSED] - Browser is opened with url: ''

2023-07-11 12:56:13 - [TEST_STEP][PASSED] - maximizeWindow(): Current window maximized

2023-07-11 12:56:13 - [MESSAGE][PASSED] - Current window maximized

2023-07-11 12:56:13 - [TEST_STEP][PASSED] - navigateToUrl(RADurl): Navigate to 'https://demo.velocitypayment.com/client/rad/index.html' successfully

2023-07-11 12:56:14 - [MESSAGE][PASSED] - Navigate to 'https://demo.velocitypayment.com/client/rad/index.html' successfully

2023-07-11 12:56:14 - [TEST_STEP][PASSED] - out.println("Value of taxTypeDropList : " + taxTypeDropList[i]): null

2023-07-11 12:56:14 - [TEST_STEP][PASSED] - selectOptionByLabel(findTestObject(orPath_Landing + "/dd_TaxType"), taxTypeDropList[i], false): All options with label 'Extension Payments' are selected in object 'Object Repository/RAD_Pages/Landing_Page/dd_TaxType' 

2023-07-11 12:56:15 - [MESSAGE][PASSED] - All options with label 'Extension Payments' are selected in object 'Object Repository/RAD_Pages/Landing_Page/dd_TaxType' 

2023-07-11 12:56:15 - [TEST_STEP][PASSED] - switch (executionProfile): null

2023-07-11 12:56:15 - [TEST_STEP][PASSED] - case "DemoProfile":: null

2023-07-11 12:56:15 - [TEST_STEP][PASSED] - setText(findTestObject("RAD_RecordAndPlay/input_concatSSN"), "123456725"): Text '123456725' is set on object 'Object Repository/RAD_RecordAndPlay/input_concatSSN'

2023-07-11 12:56:16 - [MESSAGE][PASSED] - Text '123456725' is set on object 'Object Repository/RAD_RecordAndPlay/input_concatSSN'

2023-07-11 12:56:16 - [TEST_STEP][PASSED] - setText(findTestObject("RAD_RecordAndPlay/input_concatReSSN"), "123456725"): Text '123456725' is set on object 'Object Repository/RAD_RecordAndPlay/input_concatReSSN'

2023-07-11 12:56:16 - [MESSAGE][PASSED] - Text '123456725' is set on object 'Object Repository/RAD_RecordAndPlay/input_concatReSSN'

2023-07-11 12:56:16 - [TEST_STEP][PASSED] - setText(findTestObject(orPath_TaxPayer + "/input_lastName"), "ATES"): Text 'ATES' is set on object 'Object Repository/RAD_Pages/Taxpayer_Page/input_lastName'

2023-07-11 12:56:18 - [MESSAGE][PASSED] - Text 'ATES' is set on object 'Object Repository/RAD_Pages/Taxpayer_Page/input_lastName'

2023-07-11 12:56:18 - [TEST_STEP][PASSED] - break: null

2023-07-11 12:56:18 - [TEST_STEP][PASSED] - scrollToElement(findTestObject(orPath_Amount + "/input__paymentAmount"), 3): Scroll to object 'Object Repository/RAD_Pages/PaymentAmount_Page/input__paymentAmount' successfully

2023-07-11 12:56:18 - [MESSAGE][PASSED] - Scroll to object 'Object Repository/RAD_Pages/PaymentAmount_Page/input__paymentAmount' successfully

2023-07-11 12:56:18 - [TEST_STEP][PASSED] - waitForElementClickable(findTestObject(orPath_FilingStatus + "/input_userType_Joint"), 5): Object 'Object Repository/RAD_Pages/FilingStatus_Page/input_userType_Joint' is clickable

2023-07-11 12:56:19 - [MESSAGE][PASSED] - Object 'Object Repository/RAD_Pages/FilingStatus_Page/input_userType_Joint' is clickable

2023-07-11 12:56:19 - [TEST_STEP][PASSED] - click(findTestObject(orPath_FilingStatus + "/input_userType_Joint")): Object: 'Object Repository/RAD_Pages/FilingStatus_Page/input_userType_Joint' is clicked on

2023-07-11 12:56:19 - [MESSAGE][PASSED] - Object: 'Object Repository/RAD_Pages/FilingStatus_Page/input_userType_Joint' is clicked on

2023-07-11 12:56:19 - [TEST_STEP][PASSED] - switch (executionProfile): null

2023-07-11 12:56:19 - [TEST_STEP][PASSED] - case "DemoProfile":: null

2023-07-11 12:56:19 - [TEST_STEP][PASSED] - setText(findTestObject(orPath_FilingStatus + "/input_jointLastName"), "BTES"): Text 'BTES' is set on object 'Object Repository/RAD_Pages/FilingStatus_Page/input_jointLastName'

2023-07-11 12:56:20 - [MESSAGE][PASSED] - Text 'BTES' is set on object 'Object Repository/RAD_Pages/FilingStatus_Page/input_jointLastName'

2023-07-11 12:56:20 - [TEST_STEP][PASSED] - setText(findTestObject("Object Repository/RAD_RecordAndPlay/input_JointFilerSSN"), "111116724"): Text '111116724' is set on object 'Object Repository/RAD_RecordAndPlay/input_JointFilerSSN'

2023-07-11 12:56:20 - [MESSAGE][PASSED] - Text '111116724' is set on object 'Object Repository/RAD_RecordAndPlay/input_JointFilerSSN'

2023-07-11 12:56:20 - [TEST_STEP][PASSED] - setText(findTestObject("Object Repository/RAD_RecordAndPlay/input_reTypeJointFilerSSN"), "222226724"): Text '222226724' is set on object 'Object Repository/RAD_RecordAndPlay/input_reTypeJointFilerSSN'

2023-07-11 12:56:21 - [MESSAGE][PASSED] - Text '222226724' is set on object 'Object Repository/RAD_RecordAndPlay/input_reTypeJointFilerSSN'

2023-07-11 12:56:21 - [TEST_STEP][PASSED] - break: null

2023-07-11 12:56:21 - [TEST_STEP][PASSED] - setText(findTestObject(orPath_FilingStatus + "/input_jointSuffix"), ""): Text '' is set on object 'Object Repository/RAD_Pages/FilingStatus_Page/input_jointSuffix'

2023-07-11 12:56:22 - [MESSAGE][PASSED] - Text '' is set on object 'Object Repository/RAD_Pages/FilingStatus_Page/input_jointSuffix'

2023-07-11 12:56:22 - [TEST_STEP][PASSED] - delay(2): Delayed 2 second(s)

2023-07-11 12:56:24 - [MESSAGE][PASSED] - Delayed 2 second(s)

2023-07-11 12:56:24 - [TEST_STEP][PASSED] - verifyTextPresent("The SSN and Re-type SSN do not match.", true): Text 'The SSN and Re-type SSN do not match.' is present on page  using regular expression

2023-07-11 12:56:24 - [MESSAGE][PASSED] - Text 'The SSN and Re-type SSN do not match.' is present on page  using regular expression]]></system-out>
         <system-err><![CDATA[]]></system-err>
      </testcase>
      <testcase name="Test Cases/RAD_TestCases/Negative_TestCases/SSNjointFilerMoreThan9Error" time="26.761" classname="Test Cases/RAD_TestCases/Negative_TestCases/SSNjointFilerMoreThan9Error" status="PASSED">
         <system-out><![CDATA[2023-07-11 12:56:24 - [TEST_CASE][PASSED] - Test Cases/RAD_TestCases/Negative_TestCases/SSNjointFilerMoreThan9Error: Test Cases/RAD_TestCases/Negative_TestCases/SSNjointFilerMoreThan9Error

2023-07-11 12:56:24 - [TEST_STEP][PASSED] - orPath_Landing = "Object Repository/RAD_Pages/Landing_Page": null

2023-07-11 12:56:24 - [TEST_STEP][PASSED] - orPath_Amount = "Object Repository/RAD_Pages/PaymentAmount_Page": null

2023-07-11 12:56:24 - [TEST_STEP][PASSED] - orPath_FilingStatus = "Object Repository/RAD_Pages/FilingStatus_Page": null

2023-07-11 12:56:24 - [TEST_STEP][PASSED] - orPath_TaxPayer = "Object Repository/RAD_Pages/Taxpayer_Page": null

2023-07-11 12:56:24 - [TEST_STEP][PASSED] - orPath_TaxInfo = "Object Repository/RAD_Pages/TaxInfo_Page": null

2023-07-11 12:56:24 - [TEST_STEP][PASSED] - taxTypeDropList = ["Estimated Tax", "Personal Income Tax", "Extension Payments"]: null

2023-07-11 12:56:24 - [TEST_STEP][PASSED] - listSize = taxTypeDropList.size(): null

2023-07-11 12:56:24 - [TEST_STEP][PASSED] - println(listSize): null

2023-07-11 12:56:24 - [TEST_STEP][PASSED] - for ([i = 0, i < listSize, (i++)]): Browser is closed

2023-07-11 12:56:24 - [TEST_STEP][PASSED] - openBrowser(""): Browser is opened with url: ''

2023-07-11 12:56:24 - [MESSAGE][WARNING] - A browser is already opened. Closing browser and opening a new one

2023-07-11 12:56:25 - [MESSAGE][INFO] - Starting 'Chrome' driver

2023-07-11 12:56:25 - [MESSAGE][INFO] - User set preference: ['acceptInsecureCerts', 'true']

2023-07-11 12:56:25 - [MESSAGE][INFO] - Action delay is set to 0 milliseconds

2023-07-11 12:56:27 - [MESSAGE][PASSED] - Browser is opened with url: ''

2023-07-11 12:56:27 - [TEST_STEP][PASSED] - maximizeWindow(): Current window maximized

2023-07-11 12:56:27 - [MESSAGE][PASSED] - Current window maximized

2023-07-11 12:56:27 - [TEST_STEP][PASSED] - navigateToUrl(RADurl): Navigate to 'https://demo.velocitypayment.com/client/rad/index.html' successfully

2023-07-11 12:56:28 - [MESSAGE][PASSED] - Navigate to 'https://demo.velocitypayment.com/client/rad/index.html' successfully

2023-07-11 12:56:28 - [TEST_STEP][PASSED] - out.println("Value of taxTypeDropList : " + taxTypeDropList[i]): null

2023-07-11 12:56:28 - [TEST_STEP][PASSED] - selectOptionByLabel(findTestObject(orPath_Landing + "/dd_TaxType"), taxTypeDropList[i], false): All options with label 'Estimated Tax' are selected in object 'Object Repository/RAD_Pages/Landing_Page/dd_TaxType' 

2023-07-11 12:56:29 - [MESSAGE][PASSED] - All options with label 'Estimated Tax' are selected in object 'Object Repository/RAD_Pages/Landing_Page/dd_TaxType' 

2023-07-11 12:56:29 - [TEST_STEP][PASSED] - scrollToElement(findTestObject(orPath_Amount + "/input__paymentAmount"), 3): Scroll to object 'Object Repository/RAD_Pages/PaymentAmount_Page/input__paymentAmount' successfully

2023-07-11 12:56:30 - [MESSAGE][PASSED] - Scroll to object 'Object Repository/RAD_Pages/PaymentAmount_Page/input__paymentAmount' successfully

2023-07-11 12:56:30 - [TEST_STEP][PASSED] - waitForElementClickable(findTestObject(orPath_FilingStatus + "/input_userType_Joint"), 5): Object 'Object Repository/RAD_Pages/FilingStatus_Page/input_userType_Joint' is clickable

2023-07-11 12:56:30 - [MESSAGE][PASSED] - Object 'Object Repository/RAD_Pages/FilingStatus_Page/input_userType_Joint' is clickable

2023-07-11 12:56:30 - [TEST_STEP][PASSED] - click(findTestObject(orPath_FilingStatus + "/input_userType_Joint")): Object: 'Object Repository/RAD_Pages/FilingStatus_Page/input_userType_Joint' is clicked on

2023-07-11 12:56:30 - [MESSAGE][PASSED] - Object: 'Object Repository/RAD_Pages/FilingStatus_Page/input_userType_Joint' is clicked on

2023-07-11 12:56:30 - [TEST_STEP][PASSED] - setText(findTestObject(orPath_FilingStatus + "/input_jointLastName"), "Stokes"): Text 'Stokes' is set on object 'Object Repository/RAD_Pages/FilingStatus_Page/input_jointLastName'

2023-07-11 12:56:31 - [MESSAGE][PASSED] - Text 'Stokes' is set on object 'Object Repository/RAD_Pages/FilingStatus_Page/input_jointLastName'

2023-07-11 12:56:31 - [TEST_STEP][PASSED] - setText(findTestObject("Object Repository/RAD_RecordAndPlay/input_JointFilerSSN"), "1234532100"): Text '1234532100' is set on object 'Object Repository/RAD_RecordAndPlay/input_JointFilerSSN'

2023-07-11 12:56:32 - [MESSAGE][PASSED] - Text '1234532100' is set on object 'Object Repository/RAD_RecordAndPlay/input_JointFilerSSN'

2023-07-11 12:56:32 - [TEST_STEP][PASSED] - setText(findTestObject("Object Repository/RAD_RecordAndPlay/input_reTypeJointFilerSSN"), ""): Text '' is set on object 'Object Repository/RAD_RecordAndPlay/input_reTypeJointFilerSSN'

2023-07-11 12:56:32 - [MESSAGE][PASSED] - Text '' is set on object 'Object Repository/RAD_RecordAndPlay/input_reTypeJointFilerSSN'

2023-07-11 12:56:32 - [TEST_STEP][PASSED] - verifyTextPresent("Please enter a valid SSN with 9 digits.", true): Text 'Please enter a valid SSN with 9 digits.' is present on page  using regular expression

2023-07-11 12:56:33 - [MESSAGE][PASSED] - Text 'Please enter a valid SSN with 9 digits.' is present on page  using regular expression

2023-07-11 12:56:33 - [TEST_STEP][PASSED] - closeBrowser(): Browser is closed

2023-07-11 12:56:34 - [MESSAGE][PASSED] - Browser is closed

2023-07-11 12:56:34 - [TEST_STEP][PASSED] - openBrowser(""): Browser is opened with url: ''

2023-07-11 12:56:34 - [MESSAGE][INFO] - Starting 'Chrome' driver

2023-07-11 12:56:34 - [MESSAGE][INFO] - User set preference: ['acceptInsecureCerts', 'true']

2023-07-11 12:56:34 - [MESSAGE][INFO] - Action delay is set to 0 milliseconds

2023-07-11 12:56:35 - [MESSAGE][PASSED] - Browser is opened with url: ''

2023-07-11 12:56:35 - [TEST_STEP][PASSED] - maximizeWindow(): Current window maximized

2023-07-11 12:56:35 - [MESSAGE][PASSED] - Current window maximized

2023-07-11 12:56:35 - [TEST_STEP][PASSED] - navigateToUrl(RADurl): Navigate to 'https://demo.velocitypayment.com/client/rad/index.html' successfully

2023-07-11 12:56:37 - [MESSAGE][PASSED] - Navigate to 'https://demo.velocitypayment.com/client/rad/index.html' successfully

2023-07-11 12:56:37 - [TEST_STEP][PASSED] - out.println("Value of taxTypeDropList : " + taxTypeDropList[i]): null

2023-07-11 12:56:37 - [TEST_STEP][PASSED] - selectOptionByLabel(findTestObject(orPath_Landing + "/dd_TaxType"), taxTypeDropList[i], false): All options with label 'Personal Income Tax' are selected in object 'Object Repository/RAD_Pages/Landing_Page/dd_TaxType' 

2023-07-11 12:56:37 - [MESSAGE][PASSED] - All options with label 'Personal Income Tax' are selected in object 'Object Repository/RAD_Pages/Landing_Page/dd_TaxType' 

2023-07-11 12:56:37 - [TEST_STEP][PASSED] - scrollToElement(findTestObject(orPath_Amount + "/input__paymentAmount"), 3): Scroll to object 'Object Repository/RAD_Pages/PaymentAmount_Page/input__paymentAmount' successfully

2023-07-11 12:56:38 - [MESSAGE][PASSED] - Scroll to object 'Object Repository/RAD_Pages/PaymentAmount_Page/input__paymentAmount' successfully

2023-07-11 12:56:38 - [TEST_STEP][PASSED] - waitForElementClickable(findTestObject(orPath_FilingStatus + "/input_userType_Joint"), 5): Object 'Object Repository/RAD_Pages/FilingStatus_Page/input_userType_Joint' is clickable

2023-07-11 12:56:38 - [MESSAGE][PASSED] - Object 'Object Repository/RAD_Pages/FilingStatus_Page/input_userType_Joint' is clickable

2023-07-11 12:56:38 - [TEST_STEP][PASSED] - click(findTestObject(orPath_FilingStatus + "/input_userType_Joint")): Object: 'Object Repository/RAD_Pages/FilingStatus_Page/input_userType_Joint' is clicked on

2023-07-11 12:56:39 - [MESSAGE][PASSED] - Object: 'Object Repository/RAD_Pages/FilingStatus_Page/input_userType_Joint' is clicked on

2023-07-11 12:56:39 - [TEST_STEP][PASSED] - setText(findTestObject(orPath_FilingStatus + "/input_jointLastName"), "Stokes"): Text 'Stokes' is set on object 'Object Repository/RAD_Pages/FilingStatus_Page/input_jointLastName'

2023-07-11 12:56:40 - [MESSAGE][PASSED] - Text 'Stokes' is set on object 'Object Repository/RAD_Pages/FilingStatus_Page/input_jointLastName'

2023-07-11 12:56:40 - [TEST_STEP][PASSED] - setText(findTestObject("Object Repository/RAD_RecordAndPlay/input_JointFilerSSN"), "1234532100"): Text '1234532100' is set on object 'Object Repository/RAD_RecordAndPlay/input_JointFilerSSN'

2023-07-11 12:56:40 - [MESSAGE][PASSED] - Text '1234532100' is set on object 'Object Repository/RAD_RecordAndPlay/input_JointFilerSSN'

2023-07-11 12:56:40 - [TEST_STEP][PASSED] - setText(findTestObject("Object Repository/RAD_RecordAndPlay/input_reTypeJointFilerSSN"), ""): Text '' is set on object 'Object Repository/RAD_RecordAndPlay/input_reTypeJointFilerSSN'

2023-07-11 12:56:41 - [MESSAGE][PASSED] - Text '' is set on object 'Object Repository/RAD_RecordAndPlay/input_reTypeJointFilerSSN'

2023-07-11 12:56:41 - [TEST_STEP][PASSED] - verifyTextPresent("Please enter a valid SSN with 9 digits.", true): Text 'Please enter a valid SSN with 9 digits.' is present on page  using regular expression

2023-07-11 12:56:41 - [MESSAGE][PASSED] - Text 'Please enter a valid SSN with 9 digits.' is present on page  using regular expression

2023-07-11 12:56:41 - [TEST_STEP][PASSED] - closeBrowser(): Browser is closed

2023-07-11 12:56:42 - [MESSAGE][PASSED] - Browser is closed

2023-07-11 12:56:42 - [TEST_STEP][PASSED] - openBrowser(""): Browser is opened with url: ''

2023-07-11 12:56:42 - [MESSAGE][INFO] - Starting 'Chrome' driver

2023-07-11 12:56:42 - [MESSAGE][INFO] - User set preference: ['acceptInsecureCerts', 'true']

2023-07-11 12:56:42 - [MESSAGE][INFO] - Action delay is set to 0 milliseconds

2023-07-11 12:56:44 - [MESSAGE][PASSED] - Browser is opened with url: ''

2023-07-11 12:56:44 - [TEST_STEP][PASSED] - maximizeWindow(): Current window maximized

2023-07-11 12:56:44 - [MESSAGE][PASSED] - Current window maximized

2023-07-11 12:56:44 - [TEST_STEP][PASSED] - navigateToUrl(RADurl): Navigate to 'https://demo.velocitypayment.com/client/rad/index.html' successfully

2023-07-11 12:56:45 - [MESSAGE][PASSED] - Navigate to 'https://demo.velocitypayment.com/client/rad/index.html' successfully

2023-07-11 12:56:45 - [TEST_STEP][PASSED] - out.println("Value of taxTypeDropList : " + taxTypeDropList[i]): null

2023-07-11 12:56:45 - [TEST_STEP][PASSED] - selectOptionByLabel(findTestObject(orPath_Landing + "/dd_TaxType"), taxTypeDropList[i], false): All options with label 'Extension Payments' are selected in object 'Object Repository/RAD_Pages/Landing_Page/dd_TaxType' 

2023-07-11 12:56:46 - [MESSAGE][PASSED] - All options with label 'Extension Payments' are selected in object 'Object Repository/RAD_Pages/Landing_Page/dd_TaxType' 

2023-07-11 12:56:46 - [TEST_STEP][PASSED] - scrollToElement(findTestObject(orPath_Amount + "/input__paymentAmount"), 3): Scroll to object 'Object Repository/RAD_Pages/PaymentAmount_Page/input__paymentAmount' successfully

2023-07-11 12:56:47 - [MESSAGE][PASSED] - Scroll to object 'Object Repository/RAD_Pages/PaymentAmount_Page/input__paymentAmount' successfully

2023-07-11 12:56:47 - [TEST_STEP][PASSED] - waitForElementClickable(findTestObject(orPath_FilingStatus + "/input_userType_Joint"), 5): Object 'Object Repository/RAD_Pages/FilingStatus_Page/input_userType_Joint' is clickable

2023-07-11 12:56:47 - [MESSAGE][PASSED] - Object 'Object Repository/RAD_Pages/FilingStatus_Page/input_userType_Joint' is clickable

2023-07-11 12:56:47 - [TEST_STEP][PASSED] - click(findTestObject(orPath_FilingStatus + "/input_userType_Joint")): Object: 'Object Repository/RAD_Pages/FilingStatus_Page/input_userType_Joint' is clicked on

2023-07-11 12:56:47 - [MESSAGE][PASSED] - Object: 'Object Repository/RAD_Pages/FilingStatus_Page/input_userType_Joint' is clicked on

2023-07-11 12:56:47 - [TEST_STEP][PASSED] - setText(findTestObject(orPath_FilingStatus + "/input_jointLastName"), "Stokes"): Text 'Stokes' is set on object 'Object Repository/RAD_Pages/FilingStatus_Page/input_jointLastName'

2023-07-11 12:56:48 - [MESSAGE][PASSED] - Text 'Stokes' is set on object 'Object Repository/RAD_Pages/FilingStatus_Page/input_jointLastName'

2023-07-11 12:56:48 - [TEST_STEP][PASSED] - setText(findTestObject("Object Repository/RAD_RecordAndPlay/input_JointFilerSSN"), "1234532100"): Text '1234532100' is set on object 'Object Repository/RAD_RecordAndPlay/input_JointFilerSSN'

2023-07-11 12:56:49 - [MESSAGE][PASSED] - Text '1234532100' is set on object 'Object Repository/RAD_RecordAndPlay/input_JointFilerSSN'

2023-07-11 12:56:49 - [TEST_STEP][PASSED] - setText(findTestObject("Object Repository/RAD_RecordAndPlay/input_reTypeJointFilerSSN"), ""): Text '' is set on object 'Object Repository/RAD_RecordAndPlay/input_reTypeJointFilerSSN'

2023-07-11 12:56:49 - [MESSAGE][PASSED] - Text '' is set on object 'Object Repository/RAD_RecordAndPlay/input_reTypeJointFilerSSN'

2023-07-11 12:56:49 - [TEST_STEP][PASSED] - verifyTextPresent("Please enter a valid SSN with 9 digits.", true): Text 'Please enter a valid SSN with 9 digits.' is present on page  using regular expression

2023-07-11 12:56:50 - [MESSAGE][PASSED] - Text 'Please enter a valid SSN with 9 digits.' is present on page  using regular expression

2023-07-11 12:56:50 - [TEST_STEP][PASSED] - closeBrowser(): Browser is closed

2023-07-11 12:56:51 - [MESSAGE][PASSED] - Browser is closed]]></system-out>
         <system-err><![CDATA[]]></system-err>
      </testcase>
      <testcase name="Test Cases/RAD_TestCases/Negative_TestCases/SSNmoreThan9Error" time="22.193" classname="Test Cases/RAD_TestCases/Negative_TestCases/SSNmoreThan9Error" status="PASSED">
         <system-out><![CDATA[2023-07-11 12:56:51 - [TEST_CASE][PASSED] - Test Cases/RAD_TestCases/Negative_TestCases/SSNmoreThan9Error: Test Cases/RAD_TestCases/Negative_TestCases/SSNmoreThan9Error

2023-07-11 12:56:51 - [TEST_STEP][PASSED] - orPath_Landing = "Object Repository/RAD_Pages/Landing_Page": null

2023-07-11 12:56:51 - [TEST_STEP][PASSED] - orPath_Amount = "Object Repository/RAD_Pages/PaymentAmount_Page": null

2023-07-11 12:56:51 - [TEST_STEP][PASSED] - orPath_FilingStatus = "Object Repository/RAD_Pages/FilingStatus_Page": null

2023-07-11 12:56:51 - [TEST_STEP][PASSED] - orPath_TaxPayer = "Object Repository/RAD_Pages/Taxpayer_Page": null

2023-07-11 12:56:51 - [TEST_STEP][PASSED] - orPath_TaxInfo = "Object Repository/RAD_Pages/TaxInfo_Page": null

2023-07-11 12:56:51 - [TEST_STEP][PASSED] - taxTypeDropList = ["Estimated Tax", "Personal Income Tax", "Extension Payments"]: null

2023-07-11 12:56:51 - [TEST_STEP][PASSED] - listSize = taxTypeDropList.size(): null

2023-07-11 12:56:51 - [TEST_STEP][PASSED] - println(listSize): null

2023-07-11 12:56:51 - [TEST_STEP][PASSED] - for ([i = 0, i < listSize, (i++)]): Browser is closed

2023-07-11 12:56:51 - [TEST_STEP][PASSED] - openBrowser(""): Browser is opened with url: ''

2023-07-11 12:56:51 - [MESSAGE][INFO] - Starting 'Chrome' driver

2023-07-11 12:56:51 - [MESSAGE][INFO] - User set preference: ['acceptInsecureCerts', 'true']

2023-07-11 12:56:51 - [MESSAGE][INFO] - Action delay is set to 0 milliseconds

2023-07-11 12:56:53 - [MESSAGE][PASSED] - Browser is opened with url: ''

2023-07-11 12:56:53 - [TEST_STEP][PASSED] - maximizeWindow(): Current window maximized

2023-07-11 12:56:53 - [MESSAGE][PASSED] - Current window maximized

2023-07-11 12:56:53 - [TEST_STEP][PASSED] - navigateToUrl(RADurl): Navigate to 'https://demo.velocitypayment.com/client/rad/index.html' successfully

2023-07-11 12:56:54 - [MESSAGE][PASSED] - Navigate to 'https://demo.velocitypayment.com/client/rad/index.html' successfully

2023-07-11 12:56:54 - [TEST_STEP][PASSED] - out.println("Value of taxTypeDropList : " + taxTypeDropList[i]): null

2023-07-11 12:56:54 - [TEST_STEP][PASSED] - selectOptionByLabel(findTestObject(orPath_Landing + "/dd_TaxType"), taxTypeDropList[i], false): All options with label 'Estimated Tax' are selected in object 'Object Repository/RAD_Pages/Landing_Page/dd_TaxType' 

2023-07-11 12:56:55 - [MESSAGE][PASSED] - All options with label 'Estimated Tax' are selected in object 'Object Repository/RAD_Pages/Landing_Page/dd_TaxType' 

2023-07-11 12:56:55 - [TEST_STEP][PASSED] - if (taxTypeDropList[i].equalsIgnoreCase("Existing Liability")): null

2023-07-11 12:56:55 - [TEST_STEP][PASSED] - else: Text '' is set on object 'Object Repository/RAD_RecordAndPlay/input_concatReSSN'

2023-07-11 12:56:55 - [TEST_STEP][PASSED] - setText(findTestObject(orPath_TaxPayer + "/input_lastName"), "Anderson"): Text 'Anderson' is set on object 'Object Repository/RAD_Pages/Taxpayer_Page/input_lastName'

2023-07-11 12:56:56 - [MESSAGE][PASSED] - Text 'Anderson' is set on object 'Object Repository/RAD_Pages/Taxpayer_Page/input_lastName'

2023-07-11 12:56:56 - [TEST_STEP][PASSED] - setText(findTestObject("RAD_RecordAndPlay/input_concatSSN"), "12345123400"): Text '12345123400' is set on object 'Object Repository/RAD_RecordAndPlay/input_concatSSN'

2023-07-11 12:56:57 - [MESSAGE][PASSED] - Text '12345123400' is set on object 'Object Repository/RAD_RecordAndPlay/input_concatSSN'

2023-07-11 12:56:57 - [TEST_STEP][PASSED] - setText(findTestObject("RAD_RecordAndPlay/input_concatReSSN"), ""): Text '' is set on object 'Object Repository/RAD_RecordAndPlay/input_concatReSSN'

2023-07-11 12:56:57 - [MESSAGE][PASSED] - Text '' is set on object 'Object Repository/RAD_RecordAndPlay/input_concatReSSN'

2023-07-11 12:56:57 - [TEST_STEP][PASSED] - verifyTextPresent("Please enter a valid SSN with 9 digits.", true): Text 'Please enter a valid SSN with 9 digits.' is present on page  using regular expression

2023-07-11 12:56:58 - [MESSAGE][PASSED] - Text 'Please enter a valid SSN with 9 digits.' is present on page  using regular expression

2023-07-11 12:56:58 - [TEST_STEP][PASSED] - closeBrowser(): Browser is closed

2023-07-11 12:56:59 - [MESSAGE][PASSED] - Browser is closed

2023-07-11 12:56:59 - [TEST_STEP][PASSED] - openBrowser(""): Browser is opened with url: ''

2023-07-11 12:56:59 - [MESSAGE][INFO] - Starting 'Chrome' driver

2023-07-11 12:56:59 - [MESSAGE][INFO] - User set preference: ['acceptInsecureCerts', 'true']

2023-07-11 12:56:59 - [MESSAGE][INFO] - Action delay is set to 0 milliseconds

2023-07-11 12:57:00 - [MESSAGE][PASSED] - Browser is opened with url: ''

2023-07-11 12:57:00 - [TEST_STEP][PASSED] - maximizeWindow(): Current window maximized

2023-07-11 12:57:00 - [MESSAGE][PASSED] - Current window maximized

2023-07-11 12:57:00 - [TEST_STEP][PASSED] - navigateToUrl(RADurl): Navigate to 'https://demo.velocitypayment.com/client/rad/index.html' successfully

2023-07-11 12:57:02 - [MESSAGE][PASSED] - Navigate to 'https://demo.velocitypayment.com/client/rad/index.html' successfully

2023-07-11 12:57:02 - [TEST_STEP][PASSED] - out.println("Value of taxTypeDropList : " + taxTypeDropList[i]): null

2023-07-11 12:57:02 - [TEST_STEP][PASSED] - selectOptionByLabel(findTestObject(orPath_Landing + "/dd_TaxType"), taxTypeDropList[i], false): All options with label 'Personal Income Tax' are selected in object 'Object Repository/RAD_Pages/Landing_Page/dd_TaxType' 

2023-07-11 12:57:02 - [MESSAGE][PASSED] - All options with label 'Personal Income Tax' are selected in object 'Object Repository/RAD_Pages/Landing_Page/dd_TaxType' 

2023-07-11 12:57:02 - [TEST_STEP][PASSED] - if (taxTypeDropList[i].equalsIgnoreCase("Existing Liability")): null

2023-07-11 12:57:02 - [TEST_STEP][PASSED] - else: Text '' is set on object 'Object Repository/RAD_RecordAndPlay/input_concatReSSN'

2023-07-11 12:57:02 - [TEST_STEP][PASSED] - setText(findTestObject(orPath_TaxPayer + "/input_lastName"), "Anderson"): Text 'Anderson' is set on object 'Object Repository/RAD_Pages/Taxpayer_Page/input_lastName'

2023-07-11 12:57:03 - [MESSAGE][PASSED] - Text 'Anderson' is set on object 'Object Repository/RAD_Pages/Taxpayer_Page/input_lastName'

2023-07-11 12:57:03 - [TEST_STEP][PASSED] - setText(findTestObject("RAD_RecordAndPlay/input_concatSSN"), "12345123400"): Text '12345123400' is set on object 'Object Repository/RAD_RecordAndPlay/input_concatSSN'

2023-07-11 12:57:04 - [MESSAGE][PASSED] - Text '12345123400' is set on object 'Object Repository/RAD_RecordAndPlay/input_concatSSN'

2023-07-11 12:57:04 - [TEST_STEP][PASSED] - setText(findTestObject("RAD_RecordAndPlay/input_concatReSSN"), ""): Text '' is set on object 'Object Repository/RAD_RecordAndPlay/input_concatReSSN'

2023-07-11 12:57:04 - [MESSAGE][PASSED] - Text '' is set on object 'Object Repository/RAD_RecordAndPlay/input_concatReSSN'

2023-07-11 12:57:04 - [TEST_STEP][PASSED] - verifyTextPresent("Please enter a valid SSN with 9 digits.", true): Text 'Please enter a valid SSN with 9 digits.' is present on page  using regular expression

2023-07-11 12:57:05 - [MESSAGE][PASSED] - Text 'Please enter a valid SSN with 9 digits.' is present on page  using regular expression

2023-07-11 12:57:05 - [TEST_STEP][PASSED] - closeBrowser(): Browser is closed

2023-07-11 12:57:06 - [MESSAGE][PASSED] - Browser is closed

2023-07-11 12:57:06 - [TEST_STEP][PASSED] - openBrowser(""): Browser is opened with url: ''

2023-07-11 12:57:06 - [MESSAGE][INFO] - Starting 'Chrome' driver

2023-07-11 12:57:06 - [MESSAGE][INFO] - User set preference: ['acceptInsecureCerts', 'true']

2023-07-11 12:57:06 - [MESSAGE][INFO] - Action delay is set to 0 milliseconds

2023-07-11 12:57:07 - [MESSAGE][PASSED] - Browser is opened with url: ''

2023-07-11 12:57:07 - [TEST_STEP][PASSED] - maximizeWindow(): Current window maximized

2023-07-11 12:57:08 - [MESSAGE][PASSED] - Current window maximized

2023-07-11 12:57:08 - [TEST_STEP][PASSED] - navigateToUrl(RADurl): Navigate to 'https://demo.velocitypayment.com/client/rad/index.html' successfully

2023-07-11 12:57:09 - [MESSAGE][PASSED] - Navigate to 'https://demo.velocitypayment.com/client/rad/index.html' successfully

2023-07-11 12:57:09 - [TEST_STEP][PASSED] - out.println("Value of taxTypeDropList : " + taxTypeDropList[i]): null

2023-07-11 12:57:09 - [TEST_STEP][PASSED] - selectOptionByLabel(findTestObject(orPath_Landing + "/dd_TaxType"), taxTypeDropList[i], false): All options with label 'Extension Payments' are selected in object 'Object Repository/RAD_Pages/Landing_Page/dd_TaxType' 

2023-07-11 12:57:09 - [MESSAGE][PASSED] - All options with label 'Extension Payments' are selected in object 'Object Repository/RAD_Pages/Landing_Page/dd_TaxType' 

2023-07-11 12:57:09 - [TEST_STEP][PASSED] - if (taxTypeDropList[i].equalsIgnoreCase("Existing Liability")): null

2023-07-11 12:57:09 - [TEST_STEP][PASSED] - else: Text '' is set on object 'Object Repository/RAD_RecordAndPlay/input_concatReSSN'

2023-07-11 12:57:09 - [TEST_STEP][PASSED] - setText(findTestObject(orPath_TaxPayer + "/input_lastName"), "Anderson"): Text 'Anderson' is set on object 'Object Repository/RAD_Pages/Taxpayer_Page/input_lastName'

2023-07-11 12:57:10 - [MESSAGE][PASSED] - Text 'Anderson' is set on object 'Object Repository/RAD_Pages/Taxpayer_Page/input_lastName'

2023-07-11 12:57:10 - [TEST_STEP][PASSED] - setText(findTestObject("RAD_RecordAndPlay/input_concatSSN"), "12345123400"): Text '12345123400' is set on object 'Object Repository/RAD_RecordAndPlay/input_concatSSN'

2023-07-11 12:57:11 - [MESSAGE][PASSED] - Text '12345123400' is set on object 'Object Repository/RAD_RecordAndPlay/input_concatSSN'

2023-07-11 12:57:11 - [TEST_STEP][PASSED] - setText(findTestObject("RAD_RecordAndPlay/input_concatReSSN"), ""): Text '' is set on object 'Object Repository/RAD_RecordAndPlay/input_concatReSSN'

2023-07-11 12:57:12 - [MESSAGE][PASSED] - Text '' is set on object 'Object Repository/RAD_RecordAndPlay/input_concatReSSN'

2023-07-11 12:57:12 - [TEST_STEP][PASSED] - verifyTextPresent("Please enter a valid SSN with 9 digits.", true): Text 'Please enter a valid SSN with 9 digits.' is present on page  using regular expression

2023-07-11 12:57:12 - [MESSAGE][PASSED] - Text 'Please enter a valid SSN with 9 digits.' is present on page  using regular expression

2023-07-11 12:57:12 - [TEST_STEP][PASSED] - closeBrowser(): Browser is closed

2023-07-11 12:57:13 - [MESSAGE][PASSED] - Browser is closed]]></system-out>
         <system-err><![CDATA[]]></system-err>
      </testcase>
      <testcase name="Test Cases/RAD_TestCases/Negative_TestCases/FEINmoreThan9Error" time="28.27" classname="Test Cases/RAD_TestCases/Negative_TestCases/FEINmoreThan9Error" status="PASSED">
         <system-out><![CDATA[2023-07-11 12:57:13 - [TEST_CASE][PASSED] - Test Cases/RAD_TestCases/Negative_TestCases/FEINmoreThan9Error: Test Cases/RAD_TestCases/Negative_TestCases/FEINmoreThan9Error

2023-07-11 12:57:13 - [TEST_STEP][PASSED] - orPath_Landing = "Object Repository/RAD_Pages/Landing_Page": null

2023-07-11 12:57:13 - [TEST_STEP][PASSED] - orPath_Amount = "Object Repository/RAD_Pages/PaymentAmount_Page": null

2023-07-11 12:57:13 - [TEST_STEP][PASSED] - orPath_FilingStatus = "Object Repository/RAD_Pages/FilingStatus_Page": null

2023-07-11 12:57:13 - [TEST_STEP][PASSED] - orPath_TaxPayer = "Object Repository/RAD_Pages/Taxpayer_Page": null

2023-07-11 12:57:13 - [TEST_STEP][PASSED] - orPath_TaxInfo = "Object Repository/RAD_Pages/TaxInfo_Page": null

2023-07-11 12:57:13 - [TEST_STEP][PASSED] - orPath_TaxTypeFilingYear = "Object Repository/RAD_Pages/TaxTypeFilingYear_Page": null

2023-07-11 12:57:13 - [TEST_STEP][PASSED] - taxTypeDropList = ["Estimated Tax", "Extension Payments", "Sales and Use", "Withholding Tax"]: null

2023-07-11 12:57:13 - [TEST_STEP][PASSED] - listSize = taxTypeDropList.size(): null

2023-07-11 12:57:13 - [TEST_STEP][PASSED] - println(listSize): null

2023-07-11 12:57:13 - [TEST_STEP][PASSED] - for ([i = 0, i < listSize, (i++)]): null

2023-07-11 12:57:13 - [TEST_STEP][PASSED] - openBrowser(""): Browser is opened with url: ''

2023-07-11 12:57:13 - [MESSAGE][INFO] - Starting 'Chrome' driver

2023-07-11 12:57:13 - [MESSAGE][INFO] - User set preference: ['acceptInsecureCerts', 'true']

2023-07-11 12:57:13 - [MESSAGE][INFO] - Action delay is set to 0 milliseconds

2023-07-11 12:57:15 - [MESSAGE][PASSED] - Browser is opened with url: ''

2023-07-11 12:57:15 - [TEST_STEP][PASSED] - maximizeWindow(): Current window maximized

2023-07-11 12:57:15 - [MESSAGE][PASSED] - Current window maximized

2023-07-11 12:57:15 - [TEST_STEP][PASSED] - navigateToUrl(RADurl): Navigate to 'https://demo.velocitypayment.com/client/rad/index.html' successfully

2023-07-11 12:57:17 - [MESSAGE][PASSED] - Navigate to 'https://demo.velocitypayment.com/client/rad/index.html' successfully

2023-07-11 12:57:17 - [TEST_STEP][PASSED] - out.println("Value of taxTypeDropList : " + taxTypeDropList[i]): null

2023-07-11 12:57:17 - [TEST_STEP][PASSED] - selectOptionByLabel(findTestObject(orPath_Landing + "/dd_TaxType"), taxTypeDropList[i], false): All options with label 'Estimated Tax' are selected in object 'Object Repository/RAD_Pages/Landing_Page/dd_TaxType' 

2023-07-11 12:57:17 - [MESSAGE][PASSED] - All options with label 'Estimated Tax' are selected in object 'Object Repository/RAD_Pages/Landing_Page/dd_TaxType' 

2023-07-11 12:57:17 - [TEST_STEP][PASSED] - switch (taxTypeDropList[i]): null

2023-07-11 12:57:17 - [TEST_STEP][PASSED] - case "Estimated Tax":: null

2023-07-11 12:57:17 - [TEST_STEP][PASSED] - selectOptionByLabel(findTestObject(orPath_TaxTypeFilingYear + "/select_PaymentType"), "Corporate", false): All options with label 'Corporate' are selected in object 'Object Repository/RAD_Pages/TaxTypeFilingYear_Page/select_PaymentType' 

2023-07-11 12:57:18 - [MESSAGE][PASSED] - All options with label 'Corporate' are selected in object 'Object Repository/RAD_Pages/TaxTypeFilingYear_Page/select_PaymentType' 

2023-07-11 12:57:18 - [TEST_STEP][PASSED] - setEncryptedText(findTestObject(orPath_TaxInfo + "/input_FederalEIN"), "RigbBhfdqOBDK95asqKeHw=="): Text ****** has been set on object 'Object Repository/RAD_Pages/TaxInfo_Page/input_FederalEIN'

2023-07-11 12:57:19 - [MESSAGE][PASSED] - Text ****** has been set on object 'Object Repository/RAD_Pages/TaxInfo_Page/input_FederalEIN'

2023-07-11 12:57:19 - [TEST_STEP][PASSED] - setEncryptedText(findTestObject(orPath_TaxInfo + "/input_FederalEIN_ReEnter"), ""): Text ****** has been set on object 'Object Repository/RAD_Pages/TaxInfo_Page/input_FederalEIN_ReEnter'

2023-07-11 12:57:19 - [MESSAGE][PASSED] - Text ****** has been set on object 'Object Repository/RAD_Pages/TaxInfo_Page/input_FederalEIN_ReEnter'

2023-07-11 12:57:19 - [TEST_STEP][PASSED] - verifyTextPresent("Please enter a valid FEIN with 9 digits.", true): Text 'Please enter a valid FEIN with 9 digits.' is present on page  using regular expression

2023-07-11 12:57:20 - [MESSAGE][PASSED] - Text 'Please enter a valid FEIN with 9 digits.' is present on page  using regular expression

2023-07-11 12:57:20 - [TEST_STEP][PASSED] - closeBrowser(): Browser is closed

2023-07-11 12:57:21 - [MESSAGE][PASSED] - Browser is closed

2023-07-11 12:57:21 - [TEST_STEP][PASSED] - break: null

2023-07-11 12:57:21 - [TEST_STEP][PASSED] - openBrowser(""): Browser is opened with url: ''

2023-07-11 12:57:21 - [MESSAGE][INFO] - Starting 'Chrome' driver

2023-07-11 12:57:21 - [MESSAGE][INFO] - User set preference: ['acceptInsecureCerts', 'true']

2023-07-11 12:57:21 - [MESSAGE][INFO] - Action delay is set to 0 milliseconds

2023-07-11 12:57:22 - [MESSAGE][PASSED] - Browser is opened with url: ''

2023-07-11 12:57:22 - [TEST_STEP][PASSED] - maximizeWindow(): Current window maximized

2023-07-11 12:57:22 - [MESSAGE][PASSED] - Current window maximized

2023-07-11 12:57:22 - [TEST_STEP][PASSED] - navigateToUrl(RADurl): Navigate to 'https://demo.velocitypayment.com/client/rad/index.html' successfully

2023-07-11 12:57:24 - [MESSAGE][PASSED] - Navigate to 'https://demo.velocitypayment.com/client/rad/index.html' successfully

2023-07-11 12:57:24 - [TEST_STEP][PASSED] - out.println("Value of taxTypeDropList : " + taxTypeDropList[i]): null

2023-07-11 12:57:24 - [TEST_STEP][PASSED] - selectOptionByLabel(findTestObject(orPath_Landing + "/dd_TaxType"), taxTypeDropList[i], false): All options with label 'Extension Payments' are selected in object 'Object Repository/RAD_Pages/Landing_Page/dd_TaxType' 

2023-07-11 12:57:25 - [MESSAGE][PASSED] - All options with label 'Extension Payments' are selected in object 'Object Repository/RAD_Pages/Landing_Page/dd_TaxType' 

2023-07-11 12:57:25 - [TEST_STEP][PASSED] - switch (taxTypeDropList[i]): null

2023-07-11 12:57:25 - [TEST_STEP][PASSED] - case "Extension Payments":: null

2023-07-11 12:57:25 - [TEST_STEP][PASSED] - selectOptionByLabel(findTestObject(orPath_TaxTypeFilingYear + "/select_PaymentType"), "Corporate", false): All options with label 'Corporate' are selected in object 'Object Repository/RAD_Pages/TaxTypeFilingYear_Page/select_PaymentType' 

2023-07-11 12:57:25 - [MESSAGE][PASSED] - All options with label 'Corporate' are selected in object 'Object Repository/RAD_Pages/TaxTypeFilingYear_Page/select_PaymentType' 

2023-07-11 12:57:25 - [TEST_STEP][PASSED] - setEncryptedText(findTestObject(orPath_TaxInfo + "/input_FederalEIN"), "RigbBhfdqOBDK95asqKeHw=="): Text ****** has been set on object 'Object Repository/RAD_Pages/TaxInfo_Page/input_FederalEIN'

2023-07-11 12:57:26 - [MESSAGE][PASSED] - Text ****** has been set on object 'Object Repository/RAD_Pages/TaxInfo_Page/input_FederalEIN'

2023-07-11 12:57:26 - [TEST_STEP][PASSED] - setEncryptedText(findTestObject(orPath_TaxInfo + "/input_FederalEIN_ReEnter"), ""): Text ****** has been set on object 'Object Repository/RAD_Pages/TaxInfo_Page/input_FederalEIN_ReEnter'

2023-07-11 12:57:27 - [MESSAGE][PASSED] - Text ****** has been set on object 'Object Repository/RAD_Pages/TaxInfo_Page/input_FederalEIN_ReEnter'

2023-07-11 12:57:27 - [TEST_STEP][PASSED] - verifyTextPresent("Please enter a valid FEIN with 9 digits.", true): Text 'Please enter a valid FEIN with 9 digits.' is present on page  using regular expression

2023-07-11 12:57:27 - [MESSAGE][PASSED] - Text 'Please enter a valid FEIN with 9 digits.' is present on page  using regular expression

2023-07-11 12:57:27 - [TEST_STEP][PASSED] - closeBrowser(): Browser is closed

2023-07-11 12:57:28 - [MESSAGE][PASSED] - Browser is closed

2023-07-11 12:57:28 - [TEST_STEP][PASSED] - break: null

2023-07-11 12:57:28 - [TEST_STEP][PASSED] - openBrowser(""): Browser is opened with url: ''

2023-07-11 12:57:28 - [MESSAGE][INFO] - Starting 'Chrome' driver

2023-07-11 12:57:28 - [MESSAGE][INFO] - User set preference: ['acceptInsecureCerts', 'true']

2023-07-11 12:57:28 - [MESSAGE][INFO] - Action delay is set to 0 milliseconds

2023-07-11 12:57:30 - [MESSAGE][PASSED] - Browser is opened with url: ''

2023-07-11 12:57:30 - [TEST_STEP][PASSED] - maximizeWindow(): Current window maximized

2023-07-11 12:57:30 - [MESSAGE][PASSED] - Current window maximized

2023-07-11 12:57:30 - [TEST_STEP][PASSED] - navigateToUrl(RADurl): Navigate to 'https://demo.velocitypayment.com/client/rad/index.html' successfully

2023-07-11 12:57:31 - [MESSAGE][PASSED] - Navigate to 'https://demo.velocitypayment.com/client/rad/index.html' successfully

2023-07-11 12:57:31 - [TEST_STEP][PASSED] - out.println("Value of taxTypeDropList : " + taxTypeDropList[i]): null

2023-07-11 12:57:31 - [TEST_STEP][PASSED] - selectOptionByLabel(findTestObject(orPath_Landing + "/dd_TaxType"), taxTypeDropList[i], false): All options with label 'Sales and Use' are selected in object 'Object Repository/RAD_Pages/Landing_Page/dd_TaxType' 

2023-07-11 12:57:32 - [MESSAGE][PASSED] - All options with label 'Sales and Use' are selected in object 'Object Repository/RAD_Pages/Landing_Page/dd_TaxType' 

2023-07-11 12:57:32 - [TEST_STEP][PASSED] - switch (taxTypeDropList[i]): null

2023-07-11 12:57:32 - [TEST_STEP][PASSED] - case "Sales and Use":: null

2023-07-11 12:57:32 - [TEST_STEP][PASSED] - setEncryptedText(findTestObject(orPath_TaxInfo + "/input_FederalEIN"), "RigbBhfdqOBDK95asqKeHw=="): Text ****** has been set on object 'Object Repository/RAD_Pages/TaxInfo_Page/input_FederalEIN'

2023-07-11 12:57:32 - [MESSAGE][PASSED] - Text ****** has been set on object 'Object Repository/RAD_Pages/TaxInfo_Page/input_FederalEIN'

2023-07-11 12:57:32 - [TEST_STEP][PASSED] - setEncryptedText(findTestObject(orPath_TaxInfo + "/input_FederalEIN_ReEnter"), ""): Text ****** has been set on object 'Object Repository/RAD_Pages/TaxInfo_Page/input_FederalEIN_ReEnter'

2023-07-11 12:57:33 - [MESSAGE][PASSED] - Text ****** has been set on object 'Object Repository/RAD_Pages/TaxInfo_Page/input_FederalEIN_ReEnter'

2023-07-11 12:57:33 - [TEST_STEP][PASSED] - verifyTextPresent("Please enter a valid FEIN with 9 digits.", true): Text 'Please enter a valid FEIN with 9 digits.' is present on page  using regular expression

2023-07-11 12:57:34 - [MESSAGE][PASSED] - Text 'Please enter a valid FEIN with 9 digits.' is present on page  using regular expression

2023-07-11 12:57:34 - [TEST_STEP][PASSED] - closeBrowser(): Browser is closed

2023-07-11 12:57:35 - [MESSAGE][PASSED] - Browser is closed

2023-07-11 12:57:35 - [TEST_STEP][PASSED] - break: null

2023-07-11 12:57:35 - [TEST_STEP][PASSED] - openBrowser(""): Browser is opened with url: ''

2023-07-11 12:57:35 - [MESSAGE][INFO] - Starting 'Chrome' driver

2023-07-11 12:57:35 - [MESSAGE][INFO] - User set preference: ['acceptInsecureCerts', 'true']

2023-07-11 12:57:35 - [MESSAGE][INFO] - Action delay is set to 0 milliseconds

2023-07-11 12:57:36 - [MESSAGE][PASSED] - Browser is opened with url: ''

2023-07-11 12:57:36 - [TEST_STEP][PASSED] - maximizeWindow(): Current window maximized

2023-07-11 12:57:36 - [MESSAGE][PASSED] - Current window maximized

2023-07-11 12:57:36 - [TEST_STEP][PASSED] - navigateToUrl(RADurl): Navigate to 'https://demo.velocitypayment.com/client/rad/index.html' successfully

2023-07-11 12:57:38 - [MESSAGE][PASSED] - Navigate to 'https://demo.velocitypayment.com/client/rad/index.html' successfully

2023-07-11 12:57:38 - [TEST_STEP][PASSED] - out.println("Value of taxTypeDropList : " + taxTypeDropList[i]): null

2023-07-11 12:57:38 - [TEST_STEP][PASSED] - selectOptionByLabel(findTestObject(orPath_Landing + "/dd_TaxType"), taxTypeDropList[i], false): All options with label 'Withholding Tax' are selected in object 'Object Repository/RAD_Pages/Landing_Page/dd_TaxType' 

2023-07-11 12:57:38 - [MESSAGE][PASSED] - All options with label 'Withholding Tax' are selected in object 'Object Repository/RAD_Pages/Landing_Page/dd_TaxType' 

2023-07-11 12:57:38 - [TEST_STEP][PASSED] - switch (taxTypeDropList[i]): null

2023-07-11 12:57:38 - [TEST_STEP][PASSED] - case "Withholding Tax":: null

2023-07-11 12:57:38 - [TEST_STEP][PASSED] - setEncryptedText(findTestObject(orPath_TaxInfo + "/input_FederalEIN"), "RigbBhfdqOBDK95asqKeHw=="): Text ****** has been set on object 'Object Repository/RAD_Pages/TaxInfo_Page/input_FederalEIN'

2023-07-11 12:57:39 - [MESSAGE][PASSED] - Text ****** has been set on object 'Object Repository/RAD_Pages/TaxInfo_Page/input_FederalEIN'

2023-07-11 12:57:39 - [TEST_STEP][PASSED] - setEncryptedText(findTestObject(orPath_TaxInfo + "/input_FederalEIN_ReEnter"), ""): Text ****** has been set on object 'Object Repository/RAD_Pages/TaxInfo_Page/input_FederalEIN_ReEnter'

2023-07-11 12:57:40 - [MESSAGE][PASSED] - Text ****** has been set on object 'Object Repository/RAD_Pages/TaxInfo_Page/input_FederalEIN_ReEnter'

2023-07-11 12:57:40 - [TEST_STEP][PASSED] - verifyTextPresent("Please enter a valid FEIN with 9 digits.", true): Text 'Please enter a valid FEIN with 9 digits.' is present on page  using regular expression

2023-07-11 12:57:40 - [MESSAGE][PASSED] - Text 'Please enter a valid FEIN with 9 digits.' is present on page  using regular expression

2023-07-11 12:57:40 - [TEST_STEP][PASSED] - closeBrowser(): Browser is closed

2023-07-11 12:57:41 - [MESSAGE][PASSED] - Browser is closed

2023-07-11 12:57:41 - [TEST_STEP][PASSED] - break: null]]></system-out>
         <system-err><![CDATA[]]></system-err>
      </testcase>
      <testcase name="Test Cases/RAD_TestCases/Negative_TestCases/EL-NumberValidation" time="130.345" classname="Test Cases/RAD_TestCases/Negative_TestCases/EL-NumberValidation" status="PASSED">
         <system-out><![CDATA[2023-07-11 12:57:41 - [TEST_CASE][PASSED] - Test Cases/RAD_TestCases/Negative_TestCases/EL-NumberValidation: Test Cases/RAD_TestCases/Negative_TestCases/EL-NumberValidation

2023-07-11 12:57:42 - [TEST_STEP][PASSED] - resText = "Fail": null

2023-07-11 12:57:42 - [TEST_STEP][PASSED] - resColumn = "Result": null

2023-07-11 12:57:42 - [TEST_STEP][PASSED] - datCloumn = "Date": null

2023-07-11 12:57:42 - [TEST_STEP][PASSED] - fileLoc = "KatalonData/RADTestData/EL-NumberValidation.xlsx": null

2023-07-11 12:57:42 - [TEST_STEP][PASSED] - nameSheet = "NumberError": null

2023-07-11 12:57:42 - [TEST_STEP][PASSED] - dataFile = "RADTestData/EL-NumberValidation": null

2023-07-11 12:57:42 - [TEST_STEP][PASSED] - ExecuteTC = <not implemented yet for class: org.codehaus.groovy.ast.expr.EmptyExpression>: null

2023-07-11 12:57:42 - [TEST_STEP][PASSED] - Taxtype = <not implemented yet for class: org.codehaus.groovy.ast.expr.EmptyExpression>: null

2023-07-11 12:57:42 - [TEST_STEP][PASSED] - TaxTypeEL = <not implemented yet for class: org.codehaus.groovy.ast.expr.EmptyExpression>: null

2023-07-11 12:57:42 - [TEST_STEP][PASSED] - notInvNumber = <not implemented yet for class: org.codehaus.groovy.ast.expr.EmptyExpression>: null

2023-07-11 12:57:42 - [TEST_STEP][PASSED] - errorMsg = <not implemented yet for class: org.codehaus.groovy.ast.expr.EmptyExpression>: null

2023-07-11 12:57:42 - [TEST_STEP][PASSED] - numOfRows = findTestData(dataFile).getRowNumbers(): null

2023-07-11 12:57:42 - [TEST_STEP][PASSED] - println("Number of Records: " + numOfRows): null

2023-07-11 12:57:42 - [TEST_STEP][PASSED] - for ([row = 1, row <= numOfRows, (row++)]): null

2023-07-11 12:57:42 - [TEST_STEP][PASSED] - ExecuteTC = findTestData(dataFile).getValue("Execute", row): null

2023-07-11 12:57:42 - [TEST_STEP][PASSED] - Taxtype = findTestData(dataFile).getValue("TaxType", row): null

2023-07-11 12:57:42 - [TEST_STEP][PASSED] - TaxTypeEL = findTestData(dataFile).getValue("TaxTypeEL", row): null

2023-07-11 12:57:42 - [TEST_STEP][PASSED] - notInvNumber = findTestData(dataFile).getValue("NotiInvoNumber", row): null

2023-07-11 12:57:42 - [TEST_STEP][PASSED] - errorMsg = findTestData(dataFile).getValue("ErrorMessage", row): null

2023-07-11 12:57:42 - [TEST_STEP][PASSED] - out.println("Value of Execute is : " + ExecuteTC): null

2023-07-11 12:57:42 - [TEST_STEP][PASSED] - if (ExecuteTC.equalsIgnoreCase("Y")): null

2023-07-11 12:57:42 - [TEST_STEP][PASSED] - out.println("Begin Record Number: " + row): null

2023-07-11 12:57:42 - [TEST_STEP][PASSED] - today = new java.util.Date(): null

2023-07-11 12:57:42 - [TEST_STEP][PASSED] - println(today): null

2023-07-11 12:57:42 - [TEST_STEP][PASSED] - datText = today: null

2023-07-11 12:57:42 - [TEST_STEP][PASSED] - Taxtype = findTestData(dataFile).getValue("TaxType", row): null

2023-07-11 12:57:42 - [TEST_STEP][PASSED] - out.println("Taxtype value is : " + Taxtype): null

2023-07-11 12:57:42 - [TEST_STEP][PASSED] - openBrowser(""): Browser is opened with url: ''

2023-07-11 12:57:42 - [MESSAGE][INFO] - Starting 'Chrome' driver

2023-07-11 12:57:42 - [MESSAGE][INFO] - User set preference: ['acceptInsecureCerts', 'true']

2023-07-11 12:57:42 - [MESSAGE][INFO] - Action delay is set to 0 milliseconds

2023-07-11 12:57:44 - [MESSAGE][PASSED] - Browser is opened with url: ''

2023-07-11 12:57:44 - [TEST_STEP][PASSED] - maximizeWindow(): Current window maximized

2023-07-11 12:57:44 - [MESSAGE][PASSED] - Current window maximized

2023-07-11 12:57:44 - [TEST_STEP][PASSED] - navigateToUrl(RADurl): Navigate to 'https://demo.velocitypayment.com/client/rad/index.html' successfully

2023-07-11 12:57:45 - [MESSAGE][PASSED] - Navigate to 'https://demo.velocitypayment.com/client/rad/index.html' successfully

2023-07-11 12:57:45 - [TEST_STEP][PASSED] - orPath_Landing = "Object Repository/RAD_Pages/Landing_Page": null

2023-07-11 12:57:45 - [TEST_STEP][PASSED] - orPath_TaxTypeFilingYear = "Object Repository/RAD_Pages/TaxTypeFilingYear_Page": null

2023-07-11 12:57:45 - [TEST_STEP][PASSED] - orPath_TaxPayer = "Object Repository/RAD_Pages/Taxpayer_Page": null

2023-07-11 12:57:45 - [TEST_STEP][PASSED] - orPath_AddressContact = "Object Repository/RAD_Pages/AddressAndContactInfo_Page": null

2023-07-11 12:57:45 - [TEST_STEP][PASSED] - orPath_FilingStatus = "Object Repository/RAD_Pages/FilingStatus_Page": null

2023-07-11 12:57:45 - [TEST_STEP][PASSED] - orPath_Amount = "Object Repository/RAD_Pages/PaymentAmount_Page": null

2023-07-11 12:57:45 - [TEST_STEP][PASSED] - orPath_TaxInfo = "Object Repository/RAD_Pages/TaxInfo_Page": null

2023-07-11 12:57:45 - [TEST_STEP][PASSED] - orPath_Withholding = "Object Repository/RAD_Pages/Withholding_Page": null

2023-07-11 12:57:45 - [TEST_STEP][PASSED] - orPath_Summary = "Object Repository/RAD_Pages/Summary_Page": null

2023-07-11 12:57:45 - [TEST_STEP][PASSED] - orPath_PaymentReady = "Object Repository/RAD_Pages/PaymentReady_Page": null

2023-07-11 12:57:45 - [TEST_STEP][PASSED] - orPath_PaymentEntry = "Object Repository/RAD_Pages/PaymentEntry_Page": null

2023-07-11 12:57:45 - [TEST_STEP][PASSED] - orPath_PaymentConfirmation = "Object Repository/RAD_Pages/PaymentConfirmation_Page": null

2023-07-11 12:57:45 - [TEST_STEP][PASSED] - orPath_ServiceFeesAccept = "Object Repository/RAD_Pages/ServiceFeeAccept_Page": null

2023-07-11 12:57:45 - [TEST_STEP][PASSED] - selectOptionByLabel(findTestObject(orPath_Landing + "/dd_TaxType"), Taxtype, false): All options with label 'Existing Liability' are selected in object 'Object Repository/RAD_Pages/Landing_Page/dd_TaxType' 

2023-07-11 12:57:46 - [MESSAGE][PASSED] - All options with label 'Existing Liability' are selected in object 'Object Repository/RAD_Pages/Landing_Page/dd_TaxType' 

2023-07-11 12:57:46 - [TEST_STEP][PASSED] - delay(1): Delayed 1 second(s)

2023-07-11 12:57:47 - [MESSAGE][PASSED] - Delayed 1 second(s)

2023-07-11 12:57:47 - [TEST_STEP][PASSED] - selectOptionByLabel(findTestObject(orPath_TaxTypeFilingYear + "/select_TaxType_ExistingLiability"), TaxTypeEL, false): All options with label 'Bay Restoration Fund Tax' are selected in object 'Object Repository/RAD_Pages/TaxTypeFilingYear_Page/select_TaxType_ExistingLiability' 

2023-07-11 12:57:47 - [MESSAGE][PASSED] - All options with label 'Bay Restoration Fund Tax' are selected in object 'Object Repository/RAD_Pages/TaxTypeFilingYear_Page/select_TaxType_ExistingLiability' 

2023-07-11 12:57:47 - [TEST_STEP][PASSED] - setText(findTestObject(orPath_TaxInfo + "/input_NoticeInvoiceNumber"), notInvNumber): Text '123456789' is set on object 'Object Repository/RAD_Pages/TaxInfo_Page/input_NoticeInvoiceNumber'

2023-07-11 12:57:48 - [MESSAGE][PASSED] - Text '123456789' is set on object 'Object Repository/RAD_Pages/TaxInfo_Page/input_NoticeInvoiceNumber'

2023-07-11 12:57:48 - [TEST_STEP][PASSED] - setText(findTestObject(orPath_TaxInfo + "/input_reTypeNoticeInvoiceNumber"), notInvNumber): Text '123456789' is set on object 'Object Repository/RAD_Pages/TaxInfo_Page/input_reTypeNoticeInvoiceNumber'

2023-07-11 12:57:49 - [MESSAGE][PASSED] - Text '123456789' is set on object 'Object Repository/RAD_Pages/TaxInfo_Page/input_reTypeNoticeInvoiceNumber'

2023-07-11 12:57:49 - [TEST_STEP][PASSED] - println(notInvNumber): null

2023-07-11 12:57:49 - [TEST_STEP][PASSED] - if (verifyTextPresent(errorMsg, true)): null

2023-07-11 12:57:50 - [MESSAGE][PASSED] - Text 'Notice number length has to be 13 numeric characters' is present on page  using regular expression

2023-07-11 12:57:50 - [TEST_STEP][PASSED] - println("Error Message is present on the page"): null

2023-07-11 12:57:50 - [TEST_STEP][PASSED] - out.println("Pass Record Number: " + row): null

2023-07-11 12:57:50 - [TEST_STEP][PASSED] - resText = "Pass": null

2023-07-11 12:57:50 - [TEST_STEP][PASSED] - pages.WriteExcel.demoKey(resText, datText, resColumn, datCloumn, fileLoc, nameSheet, row): pages.WriteExcel.demoKey is PASSED

2023-07-11 12:57:50 - [MESSAGE][PASSED] - pages.WriteExcel.demoKey is PASSED

2023-07-11 12:57:50 - [TEST_STEP][PASSED] - ExecuteTC = findTestData(dataFile).getValue("Execute", row): null

2023-07-11 12:57:50 - [TEST_STEP][PASSED] - Taxtype = findTestData(dataFile).getValue("TaxType", row): null

2023-07-11 12:57:50 - [TEST_STEP][PASSED] - TaxTypeEL = findTestData(dataFile).getValue("TaxTypeEL", row): null

2023-07-11 12:57:50 - [TEST_STEP][PASSED] - notInvNumber = findTestData(dataFile).getValue("NotiInvoNumber", row): null

2023-07-11 12:57:50 - [TEST_STEP][PASSED] - errorMsg = findTestData(dataFile).getValue("ErrorMessage", row): null

2023-07-11 12:57:50 - [TEST_STEP][PASSED] - out.println("Value of Execute is : " + ExecuteTC): null

2023-07-11 12:57:50 - [TEST_STEP][PASSED] - if (ExecuteTC.equalsIgnoreCase("Y")): null

2023-07-11 12:57:50 - [TEST_STEP][PASSED] - out.println("Begin Record Number: " + row): null

2023-07-11 12:57:50 - [TEST_STEP][PASSED] - today = new java.util.Date(): null

2023-07-11 12:57:50 - [TEST_STEP][PASSED] - println(today): null

2023-07-11 12:57:50 - [TEST_STEP][PASSED] - datText = today: null

2023-07-11 12:57:50 - [TEST_STEP][PASSED] - Taxtype = findTestData(dataFile).getValue("TaxType", row): null

2023-07-11 12:57:50 - [TEST_STEP][PASSED] - out.println("Taxtype value is : " + Taxtype): null

2023-07-11 12:57:50 - [TEST_STEP][PASSED] - openBrowser(""): Browser is opened with url: ''

2023-07-11 12:57:50 - [MESSAGE][WARNING] - A browser is already opened. Closing browser and opening a new one

2023-07-11 12:57:51 - [MESSAGE][INFO] - Starting 'Chrome' driver

2023-07-11 12:57:51 - [MESSAGE][INFO] - User set preference: ['acceptInsecureCerts', 'true']

2023-07-11 12:57:51 - [MESSAGE][INFO] - Action delay is set to 0 milliseconds

2023-07-11 12:57:52 - [MESSAGE][PASSED] - Browser is opened with url: ''

2023-07-11 12:57:52 - [TEST_STEP][PASSED] - maximizeWindow(): Current window maximized

2023-07-11 12:57:52 - [MESSAGE][PASSED] - Current window maximized

2023-07-11 12:57:52 - [TEST_STEP][PASSED] - navigateToUrl(RADurl): Navigate to 'https://demo.velocitypayment.com/client/rad/index.html' successfully

2023-07-11 12:57:54 - [MESSAGE][PASSED] - Navigate to 'https://demo.velocitypayment.com/client/rad/index.html' successfully

2023-07-11 12:57:54 - [TEST_STEP][PASSED] - orPath_Landing = "Object Repository/RAD_Pages/Landing_Page": null

2023-07-11 12:57:54 - [TEST_STEP][PASSED] - orPath_TaxTypeFilingYear = "Object Repository/RAD_Pages/TaxTypeFilingYear_Page": null

2023-07-11 12:57:54 - [TEST_STEP][PASSED] - orPath_TaxPayer = "Object Repository/RAD_Pages/Taxpayer_Page": null

2023-07-11 12:57:54 - [TEST_STEP][PASSED] - orPath_AddressContact = "Object Repository/RAD_Pages/AddressAndContactInfo_Page": null

2023-07-11 12:57:54 - [TEST_STEP][PASSED] - orPath_FilingStatus = "Object Repository/RAD_Pages/FilingStatus_Page": null

2023-07-11 12:57:54 - [TEST_STEP][PASSED] - orPath_Amount = "Object Repository/RAD_Pages/PaymentAmount_Page": null

2023-07-11 12:57:54 - [TEST_STEP][PASSED] - orPath_TaxInfo = "Object Repository/RAD_Pages/TaxInfo_Page": null

2023-07-11 12:57:54 - [TEST_STEP][PASSED] - orPath_Withholding = "Object Repository/RAD_Pages/Withholding_Page": null

2023-07-11 12:57:54 - [TEST_STEP][PASSED] - orPath_Summary = "Object Repository/RAD_Pages/Summary_Page": null

2023-07-11 12:57:54 - [TEST_STEP][PASSED] - orPath_PaymentReady = "Object Repository/RAD_Pages/PaymentReady_Page": null

2023-07-11 12:57:54 - [TEST_STEP][PASSED] - orPath_PaymentEntry = "Object Repository/RAD_Pages/PaymentEntry_Page": null

2023-07-11 12:57:54 - [TEST_STEP][PASSED] - orPath_PaymentConfirmation = "Object Repository/RAD_Pages/PaymentConfirmation_Page": null

2023-07-11 12:57:54 - [TEST_STEP][PASSED] - orPath_ServiceFeesAccept = "Object Repository/RAD_Pages/ServiceFeeAccept_Page": null

2023-07-11 12:57:54 - [TEST_STEP][PASSED] - selectOptionByLabel(findTestObject(orPath_Landing + "/dd_TaxType"), Taxtype, false): All options with label 'Existing Liability' are selected in object 'Object Repository/RAD_Pages/Landing_Page/dd_TaxType' 

2023-07-11 12:57:54 - [MESSAGE][PASSED] - All options with label 'Existing Liability' are selected in object 'Object Repository/RAD_Pages/Landing_Page/dd_TaxType' 

2023-07-11 12:57:54 - [TEST_STEP][PASSED] - delay(1): Delayed 1 second(s)

2023-07-11 12:57:55 - [MESSAGE][PASSED] - Delayed 1 second(s)

2023-07-11 12:57:55 - [TEST_STEP][PASSED] - selectOptionByLabel(findTestObject(orPath_TaxTypeFilingYear + "/select_TaxType_ExistingLiability"), TaxTypeEL, false): All options with label 'CORP Tax' are selected in object 'Object Repository/RAD_Pages/TaxTypeFilingYear_Page/select_TaxType_ExistingLiability' 

2023-07-11 12:57:56 - [MESSAGE][PASSED] - All options with label 'CORP Tax' are selected in object 'Object Repository/RAD_Pages/TaxTypeFilingYear_Page/select_TaxType_ExistingLiability' 

2023-07-11 12:57:56 - [TEST_STEP][PASSED] - setText(findTestObject(orPath_TaxInfo + "/input_NoticeInvoiceNumber"), notInvNumber): Text '123456789' is set on object 'Object Repository/RAD_Pages/TaxInfo_Page/input_NoticeInvoiceNumber'

2023-07-11 12:57:57 - [MESSAGE][PASSED] - Text '123456789' is set on object 'Object Repository/RAD_Pages/TaxInfo_Page/input_NoticeInvoiceNumber'

2023-07-11 12:57:57 - [TEST_STEP][PASSED] - setText(findTestObject(orPath_TaxInfo + "/input_reTypeNoticeInvoiceNumber"), notInvNumber): Text '123456789' is set on object 'Object Repository/RAD_Pages/TaxInfo_Page/input_reTypeNoticeInvoiceNumber'

2023-07-11 12:57:58 - [MESSAGE][PASSED] - Text '123456789' is set on object 'Object Repository/RAD_Pages/TaxInfo_Page/input_reTypeNoticeInvoiceNumber'

2023-07-11 12:57:58 - [TEST_STEP][PASSED] - println(notInvNumber): null

2023-07-11 12:57:58 - [TEST_STEP][PASSED] - if (verifyTextPresent(errorMsg, true)): null

2023-07-11 12:57:58 - [MESSAGE][PASSED] - Text 'Invoice number length has to be 10 or 13 numeric characters' is present on page  using regular expression

2023-07-11 12:57:58 - [TEST_STEP][PASSED] - println("Error Message is present on the page"): null

2023-07-11 12:57:58 - [TEST_STEP][PASSED] - out.println("Pass Record Number: " + row): null

2023-07-11 12:57:58 - [TEST_STEP][PASSED] - resText = "Pass": null

2023-07-11 12:57:58 - [TEST_STEP][PASSED] - pages.WriteExcel.demoKey(resText, datText, resColumn, datCloumn, fileLoc, nameSheet, row): pages.WriteExcel.demoKey is PASSED

2023-07-11 12:57:58 - [MESSAGE][PASSED] - pages.WriteExcel.demoKey is PASSED

2023-07-11 12:57:58 - [TEST_STEP][PASSED] - ExecuteTC = findTestData(dataFile).getValue("Execute", row): null

2023-07-11 12:57:58 - [TEST_STEP][PASSED] - Taxtype = findTestData(dataFile).getValue("TaxType", row): null

2023-07-11 12:57:58 - [TEST_STEP][PASSED] - TaxTypeEL = findTestData(dataFile).getValue("TaxTypeEL", row): null

2023-07-11 12:57:58 - [TEST_STEP][PASSED] - notInvNumber = findTestData(dataFile).getValue("NotiInvoNumber", row): null

2023-07-11 12:57:58 - [TEST_STEP][PASSED] - errorMsg = findTestData(dataFile).getValue("ErrorMessage", row): null

2023-07-11 12:57:58 - [TEST_STEP][PASSED] - out.println("Value of Execute is : " + ExecuteTC): null

2023-07-11 12:57:58 - [TEST_STEP][PASSED] - if (ExecuteTC.equalsIgnoreCase("Y")): null

2023-07-11 12:57:58 - [TEST_STEP][PASSED] - out.println("Begin Record Number: " + row): null

2023-07-11 12:57:58 - [TEST_STEP][PASSED] - today = new java.util.Date(): null

2023-07-11 12:57:58 - [TEST_STEP][PASSED] - println(today): null

2023-07-11 12:57:58 - [TEST_STEP][PASSED] - datText = today: null

2023-07-11 12:57:58 - [TEST_STEP][PASSED] - Taxtype = findTestData(dataFile).getValue("TaxType", row): null

2023-07-11 12:57:58 - [TEST_STEP][PASSED] - out.println("Taxtype value is : " + Taxtype): null

2023-07-11 12:57:58 - [TEST_STEP][PASSED] - openBrowser(""): Browser is opened with url: ''

2023-07-11 12:57:59 - [MESSAGE][WARNING] - A browser is already opened. Closing browser and opening a new one

2023-07-11 12:57:59 - [MESSAGE][INFO] - Starting 'Chrome' driver

2023-07-11 12:57:59 - [MESSAGE][INFO] - User set preference: ['acceptInsecureCerts', 'true']

2023-07-11 12:57:59 - [MESSAGE][INFO] - Action delay is set to 0 milliseconds

2023-07-11 12:58:01 - [MESSAGE][PASSED] - Browser is opened with url: ''

2023-07-11 12:58:01 - [TEST_STEP][PASSED] - maximizeWindow(): Current window maximized

2023-07-11 12:58:01 - [MESSAGE][PASSED] - Current window maximized

2023-07-11 12:58:01 - [TEST_STEP][PASSED] - navigateToUrl(RADurl): Navigate to 'https://demo.velocitypayment.com/client/rad/index.html' successfully

2023-07-11 12:58:02 - [MESSAGE][PASSED] - Navigate to 'https://demo.velocitypayment.com/client/rad/index.html' successfully

2023-07-11 12:58:02 - [TEST_STEP][PASSED] - orPath_Landing = "Object Repository/RAD_Pages/Landing_Page": null

2023-07-11 12:58:02 - [TEST_STEP][PASSED] - orPath_TaxTypeFilingYear = "Object Repository/RAD_Pages/TaxTypeFilingYear_Page": null

2023-07-11 12:58:02 - [TEST_STEP][PASSED] - orPath_TaxPayer = "Object Repository/RAD_Pages/Taxpayer_Page": null

2023-07-11 12:58:02 - [TEST_STEP][PASSED] - orPath_AddressContact = "Object Repository/RAD_Pages/AddressAndContactInfo_Page": null

2023-07-11 12:58:02 - [TEST_STEP][PASSED] - orPath_FilingStatus = "Object Repository/RAD_Pages/FilingStatus_Page": null

2023-07-11 12:58:02 - [TEST_STEP][PASSED] - orPath_Amount = "Object Repository/RAD_Pages/PaymentAmount_Page": null

2023-07-11 12:58:02 - [TEST_STEP][PASSED] - orPath_TaxInfo = "Object Repository/RAD_Pages/TaxInfo_Page": null

2023-07-11 12:58:02 - [TEST_STEP][PASSED] - orPath_Withholding = "Object Repository/RAD_Pages/Withholding_Page": null

2023-07-11 12:58:02 - [TEST_STEP][PASSED] - orPath_Summary = "Object Repository/RAD_Pages/Summary_Page": null

2023-07-11 12:58:02 - [TEST_STEP][PASSED] - orPath_PaymentReady = "Object Repository/RAD_Pages/PaymentReady_Page": null

2023-07-11 12:58:02 - [TEST_STEP][PASSED] - orPath_PaymentEntry = "Object Repository/RAD_Pages/PaymentEntry_Page": null

2023-07-11 12:58:02 - [TEST_STEP][PASSED] - orPath_PaymentConfirmation = "Object Repository/RAD_Pages/PaymentConfirmation_Page": null

2023-07-11 12:58:02 - [TEST_STEP][PASSED] - orPath_ServiceFeesAccept = "Object Repository/RAD_Pages/ServiceFeeAccept_Page": null

2023-07-11 12:58:02 - [TEST_STEP][PASSED] - selectOptionByLabel(findTestObject(orPath_Landing + "/dd_TaxType"), Taxtype, false): All options with label 'Existing Liability' are selected in object 'Object Repository/RAD_Pages/Landing_Page/dd_TaxType' 

2023-07-11 12:58:03 - [MESSAGE][PASSED] - All options with label 'Existing Liability' are selected in object 'Object Repository/RAD_Pages/Landing_Page/dd_TaxType' 

2023-07-11 12:58:03 - [TEST_STEP][PASSED] - delay(1): Delayed 1 second(s)

2023-07-11 12:58:04 - [MESSAGE][PASSED] - Delayed 1 second(s)

2023-07-11 12:58:04 - [TEST_STEP][PASSED] - selectOptionByLabel(findTestObject(orPath_TaxTypeFilingYear + "/select_TaxType_ExistingLiability"), TaxTypeEL, false): All options with label 'CORP Tax' are selected in object 'Object Repository/RAD_Pages/TaxTypeFilingYear_Page/select_TaxType_ExistingLiability' 

2023-07-11 12:58:05 - [MESSAGE][PASSED] - All options with label 'CORP Tax' are selected in object 'Object Repository/RAD_Pages/TaxTypeFilingYear_Page/select_TaxType_ExistingLiability' 

2023-07-11 12:58:05 - [TEST_STEP][PASSED] - setText(findTestObject(orPath_TaxInfo + "/input_NoticeInvoiceNumber"), notInvNumber): Text '12345678901' is set on object 'Object Repository/RAD_Pages/TaxInfo_Page/input_NoticeInvoiceNumber'

2023-07-11 12:58:05 - [MESSAGE][PASSED] - Text '12345678901' is set on object 'Object Repository/RAD_Pages/TaxInfo_Page/input_NoticeInvoiceNumber'

2023-07-11 12:58:05 - [TEST_STEP][PASSED] - setText(findTestObject(orPath_TaxInfo + "/input_reTypeNoticeInvoiceNumber"), notInvNumber): Text '12345678901' is set on object 'Object Repository/RAD_Pages/TaxInfo_Page/input_reTypeNoticeInvoiceNumber'

2023-07-11 12:58:06 - [MESSAGE][PASSED] - Text '12345678901' is set on object 'Object Repository/RAD_Pages/TaxInfo_Page/input_reTypeNoticeInvoiceNumber'

2023-07-11 12:58:06 - [TEST_STEP][PASSED] - println(notInvNumber): null

2023-07-11 12:58:06 - [TEST_STEP][PASSED] - if (verifyTextPresent(errorMsg, true)): null

2023-07-11 12:58:07 - [MESSAGE][PASSED] - Text 'Invoice number length has to be 10 or 13 numeric characters' is present on page  using regular expression

2023-07-11 12:58:07 - [TEST_STEP][PASSED] - println("Error Message is present on the page"): null

2023-07-11 12:58:07 - [TEST_STEP][PASSED] - out.println("Pass Record Number: " + row): null

2023-07-11 12:58:07 - [TEST_STEP][PASSED] - resText = "Pass": null

2023-07-11 12:58:07 - [TEST_STEP][PASSED] - pages.WriteExcel.demoKey(resText, datText, resColumn, datCloumn, fileLoc, nameSheet, row): pages.WriteExcel.demoKey is PASSED

2023-07-11 12:58:07 - [MESSAGE][PASSED] - pages.WriteExcel.demoKey is PASSED

2023-07-11 12:58:07 - [TEST_STEP][PASSED] - ExecuteTC = findTestData(dataFile).getValue("Execute", row): null

2023-07-11 12:58:07 - [TEST_STEP][PASSED] - Taxtype = findTestData(dataFile).getValue("TaxType", row): null

2023-07-11 12:58:07 - [TEST_STEP][PASSED] - TaxTypeEL = findTestData(dataFile).getValue("TaxTypeEL", row): null

2023-07-11 12:58:07 - [TEST_STEP][PASSED] - notInvNumber = findTestData(dataFile).getValue("NotiInvoNumber", row): null

2023-07-11 12:58:07 - [TEST_STEP][PASSED] - errorMsg = findTestData(dataFile).getValue("ErrorMessage", row): null

2023-07-11 12:58:07 - [TEST_STEP][PASSED] - out.println("Value of Execute is : " + ExecuteTC): null

2023-07-11 12:58:07 - [TEST_STEP][PASSED] - if (ExecuteTC.equalsIgnoreCase("Y")): null

2023-07-11 12:58:07 - [TEST_STEP][PASSED] - out.println("Begin Record Number: " + row): null

2023-07-11 12:58:07 - [TEST_STEP][PASSED] - today = new java.util.Date(): null

2023-07-11 12:58:07 - [TEST_STEP][PASSED] - println(today): null

2023-07-11 12:58:07 - [TEST_STEP][PASSED] - datText = today: null

2023-07-11 12:58:07 - [TEST_STEP][PASSED] - Taxtype = findTestData(dataFile).getValue("TaxType", row): null

2023-07-11 12:58:07 - [TEST_STEP][PASSED] - out.println("Taxtype value is : " + Taxtype): null

2023-07-11 12:58:07 - [TEST_STEP][PASSED] - openBrowser(""): Browser is opened with url: ''

2023-07-11 12:58:07 - [MESSAGE][WARNING] - A browser is already opened. Closing browser and opening a new one

2023-07-11 12:58:08 - [MESSAGE][INFO] - Starting 'Chrome' driver

2023-07-11 12:58:08 - [MESSAGE][INFO] - User set preference: ['acceptInsecureCerts', 'true']

2023-07-11 12:58:08 - [MESSAGE][INFO] - Action delay is set to 0 milliseconds

2023-07-11 12:58:09 - [MESSAGE][PASSED] - Browser is opened with url: ''

2023-07-11 12:58:09 - [TEST_STEP][PASSED] - maximizeWindow(): Current window maximized

2023-07-11 12:58:10 - [MESSAGE][PASSED] - Current window maximized

2023-07-11 12:58:10 - [TEST_STEP][PASSED] - navigateToUrl(RADurl): Navigate to 'https://demo.velocitypayment.com/client/rad/index.html' successfully

2023-07-11 12:58:11 - [MESSAGE][PASSED] - Navigate to 'https://demo.velocitypayment.com/client/rad/index.html' successfully

2023-07-11 12:58:11 - [TEST_STEP][PASSED] - orPath_Landing = "Object Repository/RAD_Pages/Landing_Page": null

2023-07-11 12:58:11 - [TEST_STEP][PASSED] - orPath_TaxTypeFilingYear = "Object Repository/RAD_Pages/TaxTypeFilingYear_Page": null

2023-07-11 12:58:11 - [TEST_STEP][PASSED] - orPath_TaxPayer = "Object Repository/RAD_Pages/Taxpayer_Page": null

2023-07-11 12:58:11 - [TEST_STEP][PASSED] - orPath_AddressContact = "Object Repository/RAD_Pages/AddressAndContactInfo_Page": null

2023-07-11 12:58:11 - [TEST_STEP][PASSED] - orPath_FilingStatus = "Object Repository/RAD_Pages/FilingStatus_Page": null

2023-07-11 12:58:11 - [TEST_STEP][PASSED] - orPath_Amount = "Object Repository/RAD_Pages/PaymentAmount_Page": null

2023-07-11 12:58:11 - [TEST_STEP][PASSED] - orPath_TaxInfo = "Object Repository/RAD_Pages/TaxInfo_Page": null

2023-07-11 12:58:11 - [TEST_STEP][PASSED] - orPath_Withholding = "Object Repository/RAD_Pages/Withholding_Page": null

2023-07-11 12:58:11 - [TEST_STEP][PASSED] - orPath_Summary = "Object Repository/RAD_Pages/Summary_Page": null

2023-07-11 12:58:11 - [TEST_STEP][PASSED] - orPath_PaymentReady = "Object Repository/RAD_Pages/PaymentReady_Page": null

2023-07-11 12:58:11 - [TEST_STEP][PASSED] - orPath_PaymentEntry = "Object Repository/RAD_Pages/PaymentEntry_Page": null

2023-07-11 12:58:11 - [TEST_STEP][PASSED] - orPath_PaymentConfirmation = "Object Repository/RAD_Pages/PaymentConfirmation_Page": null

2023-07-11 12:58:11 - [TEST_STEP][PASSED] - orPath_ServiceFeesAccept = "Object Repository/RAD_Pages/ServiceFeeAccept_Page": null

2023-07-11 12:58:11 - [TEST_STEP][PASSED] - selectOptionByLabel(findTestObject(orPath_Landing + "/dd_TaxType"), Taxtype, false): All options with label 'Existing Liability' are selected in object 'Object Repository/RAD_Pages/Landing_Page/dd_TaxType' 

2023-07-11 12:58:12 - [MESSAGE][PASSED] - All options with label 'Existing Liability' are selected in object 'Object Repository/RAD_Pages/Landing_Page/dd_TaxType' 

2023-07-11 12:58:12 - [TEST_STEP][PASSED] - delay(1): Delayed 1 second(s)

2023-07-11 12:58:13 - [MESSAGE][PASSED] - Delayed 1 second(s)

2023-07-11 12:58:13 - [TEST_STEP][PASSED] - selectOptionByLabel(findTestObject(orPath_TaxTypeFilingYear + "/select_TaxType_ExistingLiability"), TaxTypeEL, false): All options with label 'CORP Tax' are selected in object 'Object Repository/RAD_Pages/TaxTypeFilingYear_Page/select_TaxType_ExistingLiability' 

2023-07-11 12:58:13 - [MESSAGE][PASSED] - All options with label 'CORP Tax' are selected in object 'Object Repository/RAD_Pages/TaxTypeFilingYear_Page/select_TaxType_ExistingLiability' 

2023-07-11 12:58:13 - [TEST_STEP][PASSED] - setText(findTestObject(orPath_TaxInfo + "/input_NoticeInvoiceNumber"), notInvNumber): Text '123456789012' is set on object 'Object Repository/RAD_Pages/TaxInfo_Page/input_NoticeInvoiceNumber'

2023-07-11 12:58:14 - [MESSAGE][PASSED] - Text '123456789012' is set on object 'Object Repository/RAD_Pages/TaxInfo_Page/input_NoticeInvoiceNumber'

2023-07-11 12:58:14 - [TEST_STEP][PASSED] - setText(findTestObject(orPath_TaxInfo + "/input_reTypeNoticeInvoiceNumber"), notInvNumber): Text '123456789012' is set on object 'Object Repository/RAD_Pages/TaxInfo_Page/input_reTypeNoticeInvoiceNumber'

2023-07-11 12:58:15 - [MESSAGE][PASSED] - Text '123456789012' is set on object 'Object Repository/RAD_Pages/TaxInfo_Page/input_reTypeNoticeInvoiceNumber'

2023-07-11 12:58:15 - [TEST_STEP][PASSED] - println(notInvNumber): null

2023-07-11 12:58:15 - [TEST_STEP][PASSED] - if (verifyTextPresent(errorMsg, true)): null

2023-07-11 12:58:15 - [MESSAGE][PASSED] - Text 'Invoice number length has to be 10 or 13 numeric characters' is present on page  using regular expression

2023-07-11 12:58:15 - [TEST_STEP][PASSED] - println("Error Message is present on the page"): null

2023-07-11 12:58:15 - [TEST_STEP][PASSED] - out.println("Pass Record Number: " + row): null

2023-07-11 12:58:15 - [TEST_STEP][PASSED] - resText = "Pass": null

2023-07-11 12:58:15 - [TEST_STEP][PASSED] - pages.WriteExcel.demoKey(resText, datText, resColumn, datCloumn, fileLoc, nameSheet, row): pages.WriteExcel.demoKey is PASSED

2023-07-11 12:58:16 - [MESSAGE][PASSED] - pages.WriteExcel.demoKey is PASSED

2023-07-11 12:58:16 - [TEST_STEP][PASSED] - ExecuteTC = findTestData(dataFile).getValue("Execute", row): null

2023-07-11 12:58:16 - [TEST_STEP][PASSED] - Taxtype = findTestData(dataFile).getValue("TaxType", row): null

2023-07-11 12:58:16 - [TEST_STEP][PASSED] - TaxTypeEL = findTestData(dataFile).getValue("TaxTypeEL", row): null

2023-07-11 12:58:16 - [TEST_STEP][PASSED] - notInvNumber = findTestData(dataFile).getValue("NotiInvoNumber", row): null

2023-07-11 12:58:16 - [TEST_STEP][PASSED] - errorMsg = findTestData(dataFile).getValue("ErrorMessage", row): null

2023-07-11 12:58:16 - [TEST_STEP][PASSED] - out.println("Value of Execute is : " + ExecuteTC): null

2023-07-11 12:58:16 - [TEST_STEP][PASSED] - if (ExecuteTC.equalsIgnoreCase("Y")): null

2023-07-11 12:58:16 - [TEST_STEP][PASSED] - out.println("Begin Record Number: " + row): null

2023-07-11 12:58:16 - [TEST_STEP][PASSED] - today = new java.util.Date(): null

2023-07-11 12:58:16 - [TEST_STEP][PASSED] - println(today): null

2023-07-11 12:58:16 - [TEST_STEP][PASSED] - datText = today: null

2023-07-11 12:58:16 - [TEST_STEP][PASSED] - Taxtype = findTestData(dataFile).getValue("TaxType", row): null

2023-07-11 12:58:16 - [TEST_STEP][PASSED] - out.println("Taxtype value is : " + Taxtype): null

2023-07-11 12:58:16 - [TEST_STEP][PASSED] - openBrowser(""): Browser is opened with url: ''

2023-07-11 12:58:16 - [MESSAGE][WARNING] - A browser is already opened. Closing browser and opening a new one

2023-07-11 12:58:17 - [MESSAGE][INFO] - Starting 'Chrome' driver

2023-07-11 12:58:17 - [MESSAGE][INFO] - User set preference: ['acceptInsecureCerts', 'true']

2023-07-11 12:58:17 - [MESSAGE][INFO] - Action delay is set to 0 milliseconds

2023-07-11 12:58:18 - [MESSAGE][PASSED] - Browser is opened with url: ''

2023-07-11 12:58:18 - [TEST_STEP][PASSED] - maximizeWindow(): Current window maximized

2023-07-11 12:58:18 - [MESSAGE][PASSED] - Current window maximized

2023-07-11 12:58:18 - [TEST_STEP][PASSED] - navigateToUrl(RADurl): Navigate to 'https://demo.velocitypayment.com/client/rad/index.html' successfully

2023-07-11 12:58:20 - [MESSAGE][PASSED] - Navigate to 'https://demo.velocitypayment.com/client/rad/index.html' successfully

2023-07-11 12:58:20 - [TEST_STEP][PASSED] - orPath_Landing = "Object Repository/RAD_Pages/Landing_Page": null

2023-07-11 12:58:20 - [TEST_STEP][PASSED] - orPath_TaxTypeFilingYear = "Object Repository/RAD_Pages/TaxTypeFilingYear_Page": null

2023-07-11 12:58:20 - [TEST_STEP][PASSED] - orPath_TaxPayer = "Object Repository/RAD_Pages/Taxpayer_Page": null

2023-07-11 12:58:20 - [TEST_STEP][PASSED] - orPath_AddressContact = "Object Repository/RAD_Pages/AddressAndContactInfo_Page": null

2023-07-11 12:58:20 - [TEST_STEP][PASSED] - orPath_FilingStatus = "Object Repository/RAD_Pages/FilingStatus_Page": null

2023-07-11 12:58:20 - [TEST_STEP][PASSED] - orPath_Amount = "Object Repository/RAD_Pages/PaymentAmount_Page": null

2023-07-11 12:58:20 - [TEST_STEP][PASSED] - orPath_TaxInfo = "Object Repository/RAD_Pages/TaxInfo_Page": null

2023-07-11 12:58:20 - [TEST_STEP][PASSED] - orPath_Withholding = "Object Repository/RAD_Pages/Withholding_Page": null

2023-07-11 12:58:20 - [TEST_STEP][PASSED] - orPath_Summary = "Object Repository/RAD_Pages/Summary_Page": null

2023-07-11 12:58:20 - [TEST_STEP][PASSED] - orPath_PaymentReady = "Object Repository/RAD_Pages/PaymentReady_Page": null

2023-07-11 12:58:20 - [TEST_STEP][PASSED] - orPath_PaymentEntry = "Object Repository/RAD_Pages/PaymentEntry_Page": null

2023-07-11 12:58:20 - [TEST_STEP][PASSED] - orPath_PaymentConfirmation = "Object Repository/RAD_Pages/PaymentConfirmation_Page": null

2023-07-11 12:58:20 - [TEST_STEP][PASSED] - orPath_ServiceFeesAccept = "Object Repository/RAD_Pages/ServiceFeeAccept_Page": null

2023-07-11 12:58:20 - [TEST_STEP][PASSED] - selectOptionByLabel(findTestObject(orPath_Landing + "/dd_TaxType"), Taxtype, false): All options with label 'Existing Liability' are selected in object 'Object Repository/RAD_Pages/Landing_Page/dd_TaxType' 

2023-07-11 12:58:20 - [MESSAGE][PASSED] - All options with label 'Existing Liability' are selected in object 'Object Repository/RAD_Pages/Landing_Page/dd_TaxType' 

2023-07-11 12:58:20 - [TEST_STEP][PASSED] - delay(1): Delayed 1 second(s)

2023-07-11 12:58:21 - [MESSAGE][PASSED] - Delayed 1 second(s)

2023-07-11 12:58:21 - [TEST_STEP][PASSED] - selectOptionByLabel(findTestObject(orPath_TaxTypeFilingYear + "/select_TaxType_ExistingLiability"), TaxTypeEL, false): All options with label 'Fiduciary Tax' are selected in object 'Object Repository/RAD_Pages/TaxTypeFilingYear_Page/select_TaxType_ExistingLiability' 

2023-07-11 12:58:22 - [MESSAGE][PASSED] - All options with label 'Fiduciary Tax' are selected in object 'Object Repository/RAD_Pages/TaxTypeFilingYear_Page/select_TaxType_ExistingLiability' 

2023-07-11 12:58:22 - [TEST_STEP][PASSED] - setText(findTestObject(orPath_TaxInfo + "/input_NoticeInvoiceNumber"), notInvNumber): Text '123456789' is set on object 'Object Repository/RAD_Pages/TaxInfo_Page/input_NoticeInvoiceNumber'

2023-07-11 12:58:23 - [MESSAGE][PASSED] - Text '123456789' is set on object 'Object Repository/RAD_Pages/TaxInfo_Page/input_NoticeInvoiceNumber'

2023-07-11 12:58:23 - [TEST_STEP][PASSED] - setText(findTestObject(orPath_TaxInfo + "/input_reTypeNoticeInvoiceNumber"), notInvNumber): Text '123456789' is set on object 'Object Repository/RAD_Pages/TaxInfo_Page/input_reTypeNoticeInvoiceNumber'

2023-07-11 12:58:24 - [MESSAGE][PASSED] - Text '123456789' is set on object 'Object Repository/RAD_Pages/TaxInfo_Page/input_reTypeNoticeInvoiceNumber'

2023-07-11 12:58:24 - [TEST_STEP][PASSED] - println(notInvNumber): null

2023-07-11 12:58:24 - [TEST_STEP][PASSED] - if (verifyTextPresent(errorMsg, true)): null

2023-07-11 12:58:24 - [MESSAGE][PASSED] - Text 'Notice number length has to be 13 numeric characters' is present on page  using regular expression

2023-07-11 12:58:24 - [TEST_STEP][PASSED] - println("Error Message is present on the page"): null

2023-07-11 12:58:24 - [TEST_STEP][PASSED] - out.println("Pass Record Number: " + row): null

2023-07-11 12:58:24 - [TEST_STEP][PASSED] - resText = "Pass": null

2023-07-11 12:58:24 - [TEST_STEP][PASSED] - pages.WriteExcel.demoKey(resText, datText, resColumn, datCloumn, fileLoc, nameSheet, row): pages.WriteExcel.demoKey is PASSED

2023-07-11 12:58:24 - [MESSAGE][PASSED] - pages.WriteExcel.demoKey is PASSED

2023-07-11 12:58:24 - [TEST_STEP][PASSED] - ExecuteTC = findTestData(dataFile).getValue("Execute", row): null

2023-07-11 12:58:24 - [TEST_STEP][PASSED] - Taxtype = findTestData(dataFile).getValue("TaxType", row): null

2023-07-11 12:58:24 - [TEST_STEP][PASSED] - TaxTypeEL = findTestData(dataFile).getValue("TaxTypeEL", row): null

2023-07-11 12:58:24 - [TEST_STEP][PASSED] - notInvNumber = findTestData(dataFile).getValue("NotiInvoNumber", row): null

2023-07-11 12:58:25 - [TEST_STEP][PASSED] - errorMsg = findTestData(dataFile).getValue("ErrorMessage", row): null

2023-07-11 12:58:25 - [TEST_STEP][PASSED] - out.println("Value of Execute is : " + ExecuteTC): null

2023-07-11 12:58:25 - [TEST_STEP][PASSED] - if (ExecuteTC.equalsIgnoreCase("Y")): null

2023-07-11 12:58:25 - [TEST_STEP][PASSED] - out.println("Begin Record Number: " + row): null

2023-07-11 12:58:25 - [TEST_STEP][PASSED] - today = new java.util.Date(): null

2023-07-11 12:58:25 - [TEST_STEP][PASSED] - println(today): null

2023-07-11 12:58:25 - [TEST_STEP][PASSED] - datText = today: null

2023-07-11 12:58:25 - [TEST_STEP][PASSED] - Taxtype = findTestData(dataFile).getValue("TaxType", row): null

2023-07-11 12:58:25 - [TEST_STEP][PASSED] - out.println("Taxtype value is : " + Taxtype): null

2023-07-11 12:58:25 - [TEST_STEP][PASSED] - openBrowser(""): Browser is opened with url: ''

2023-07-11 12:58:25 - [MESSAGE][WARNING] - A browser is already opened. Closing browser and opening a new one

2023-07-11 12:58:26 - [MESSAGE][INFO] - Starting 'Chrome' driver

2023-07-11 12:58:26 - [MESSAGE][INFO] - User set preference: ['acceptInsecureCerts', 'true']

2023-07-11 12:58:26 - [MESSAGE][INFO] - Action delay is set to 0 milliseconds

2023-07-11 12:58:27 - [MESSAGE][PASSED] - Browser is opened with url: ''

2023-07-11 12:58:27 - [TEST_STEP][PASSED] - maximizeWindow(): Current window maximized

2023-07-11 12:58:27 - [MESSAGE][PASSED] - Current window maximized

2023-07-11 12:58:27 - [TEST_STEP][PASSED] - navigateToUrl(RADurl): Navigate to 'https://demo.velocitypayment.com/client/rad/index.html' successfully

2023-07-11 12:58:28 - [MESSAGE][PASSED] - Navigate to 'https://demo.velocitypayment.com/client/rad/index.html' successfully

2023-07-11 12:58:28 - [TEST_STEP][PASSED] - orPath_Landing = "Object Repository/RAD_Pages/Landing_Page": null

2023-07-11 12:58:28 - [TEST_STEP][PASSED] - orPath_TaxTypeFilingYear = "Object Repository/RAD_Pages/TaxTypeFilingYear_Page": null

2023-07-11 12:58:28 - [TEST_STEP][PASSED] - orPath_TaxPayer = "Object Repository/RAD_Pages/Taxpayer_Page": null

2023-07-11 12:58:28 - [TEST_STEP][PASSED] - orPath_AddressContact = "Object Repository/RAD_Pages/AddressAndContactInfo_Page": null

2023-07-11 12:58:28 - [TEST_STEP][PASSED] - orPath_FilingStatus = "Object Repository/RAD_Pages/FilingStatus_Page": null

2023-07-11 12:58:28 - [TEST_STEP][PASSED] - orPath_Amount = "Object Repository/RAD_Pages/PaymentAmount_Page": null

2023-07-11 12:58:28 - [TEST_STEP][PASSED] - orPath_TaxInfo = "Object Repository/RAD_Pages/TaxInfo_Page": null

2023-07-11 12:58:28 - [TEST_STEP][PASSED] - orPath_Withholding = "Object Repository/RAD_Pages/Withholding_Page": null

2023-07-11 12:58:28 - [TEST_STEP][PASSED] - orPath_Summary = "Object Repository/RAD_Pages/Summary_Page": null

2023-07-11 12:58:28 - [TEST_STEP][PASSED] - orPath_PaymentReady = "Object Repository/RAD_Pages/PaymentReady_Page": null

2023-07-11 12:58:28 - [TEST_STEP][PASSED] - orPath_PaymentEntry = "Object Repository/RAD_Pages/PaymentEntry_Page": null

2023-07-11 12:58:28 - [TEST_STEP][PASSED] - orPath_PaymentConfirmation = "Object Repository/RAD_Pages/PaymentConfirmation_Page": null

2023-07-11 12:58:28 - [TEST_STEP][PASSED] - orPath_ServiceFeesAccept = "Object Repository/RAD_Pages/ServiceFeeAccept_Page": null

2023-07-11 12:58:28 - [TEST_STEP][PASSED] - selectOptionByLabel(findTestObject(orPath_Landing + "/dd_TaxType"), Taxtype, false): All options with label 'Existing Liability' are selected in object 'Object Repository/RAD_Pages/Landing_Page/dd_TaxType' 

2023-07-11 12:58:29 - [MESSAGE][PASSED] - All options with label 'Existing Liability' are selected in object 'Object Repository/RAD_Pages/Landing_Page/dd_TaxType' 

2023-07-11 12:58:29 - [TEST_STEP][PASSED] - delay(1): Delayed 1 second(s)

2023-07-11 12:58:30 - [MESSAGE][PASSED] - Delayed 1 second(s)

2023-07-11 12:58:30 - [TEST_STEP][PASSED] - selectOptionByLabel(findTestObject(orPath_TaxTypeFilingYear + "/select_TaxType_ExistingLiability"), TaxTypeEL, false): All options with label 'Personal Tax' are selected in object 'Object Repository/RAD_Pages/TaxTypeFilingYear_Page/select_TaxType_ExistingLiability' 

2023-07-11 12:58:31 - [MESSAGE][PASSED] - All options with label 'Personal Tax' are selected in object 'Object Repository/RAD_Pages/TaxTypeFilingYear_Page/select_TaxType_ExistingLiability' 

2023-07-11 12:58:31 - [TEST_STEP][PASSED] - setText(findTestObject(orPath_TaxInfo + "/input_NoticeInvoiceNumber"), notInvNumber): Text '123456789' is set on object 'Object Repository/RAD_Pages/TaxInfo_Page/input_NoticeInvoiceNumber'

2023-07-11 12:58:32 - [MESSAGE][PASSED] - Text '123456789' is set on object 'Object Repository/RAD_Pages/TaxInfo_Page/input_NoticeInvoiceNumber'

2023-07-11 12:58:32 - [TEST_STEP][PASSED] - setText(findTestObject(orPath_TaxInfo + "/input_reTypeNoticeInvoiceNumber"), notInvNumber): Text '123456789' is set on object 'Object Repository/RAD_Pages/TaxInfo_Page/input_reTypeNoticeInvoiceNumber'

2023-07-11 12:58:33 - [MESSAGE][PASSED] - Text '123456789' is set on object 'Object Repository/RAD_Pages/TaxInfo_Page/input_reTypeNoticeInvoiceNumber'

2023-07-11 12:58:33 - [TEST_STEP][PASSED] - println(notInvNumber): null

2023-07-11 12:58:33 - [TEST_STEP][PASSED] - if (verifyTextPresent(errorMsg, true)): null

2023-07-11 12:58:33 - [MESSAGE][PASSED] - Text 'Notice number length has to be 13 numeric characters' is present on page  using regular expression

2023-07-11 12:58:33 - [TEST_STEP][PASSED] - println("Error Message is present on the page"): null

2023-07-11 12:58:33 - [TEST_STEP][PASSED] - out.println("Pass Record Number: " + row): null

2023-07-11 12:58:33 - [TEST_STEP][PASSED] - resText = "Pass": null

2023-07-11 12:58:33 - [TEST_STEP][PASSED] - pages.WriteExcel.demoKey(resText, datText, resColumn, datCloumn, fileLoc, nameSheet, row): pages.WriteExcel.demoKey is PASSED

2023-07-11 12:58:33 - [MESSAGE][PASSED] - pages.WriteExcel.demoKey is PASSED

2023-07-11 12:58:33 - [TEST_STEP][PASSED] - ExecuteTC = findTestData(dataFile).getValue("Execute", row): null

2023-07-11 12:58:33 - [TEST_STEP][PASSED] - Taxtype = findTestData(dataFile).getValue("TaxType", row): null

2023-07-11 12:58:33 - [TEST_STEP][PASSED] - TaxTypeEL = findTestData(dataFile).getValue("TaxTypeEL", row): null

2023-07-11 12:58:33 - [TEST_STEP][PASSED] - notInvNumber = findTestData(dataFile).getValue("NotiInvoNumber", row): null

2023-07-11 12:58:33 - [TEST_STEP][PASSED] - errorMsg = findTestData(dataFile).getValue("ErrorMessage", row): null

2023-07-11 12:58:33 - [TEST_STEP][PASSED] - out.println("Value of Execute is : " + ExecuteTC): null

2023-07-11 12:58:33 - [TEST_STEP][PASSED] - if (ExecuteTC.equalsIgnoreCase("Y")): null

2023-07-11 12:58:33 - [TEST_STEP][PASSED] - out.println("Begin Record Number: " + row): null

2023-07-11 12:58:33 - [TEST_STEP][PASSED] - today = new java.util.Date(): null

2023-07-11 12:58:33 - [TEST_STEP][PASSED] - println(today): null

2023-07-11 12:58:33 - [TEST_STEP][PASSED] - datText = today: null

2023-07-11 12:58:33 - [TEST_STEP][PASSED] - Taxtype = findTestData(dataFile).getValue("TaxType", row): null

2023-07-11 12:58:33 - [TEST_STEP][PASSED] - out.println("Taxtype value is : " + Taxtype): null

2023-07-11 12:58:33 - [TEST_STEP][PASSED] - openBrowser(""): Browser is opened with url: ''

2023-07-11 12:58:33 - [MESSAGE][WARNING] - A browser is already opened. Closing browser and opening a new one

2023-07-11 12:58:34 - [MESSAGE][INFO] - Starting 'Chrome' driver

2023-07-11 12:58:34 - [MESSAGE][INFO] - User set preference: ['acceptInsecureCerts', 'true']

2023-07-11 12:58:34 - [MESSAGE][INFO] - Action delay is set to 0 milliseconds

2023-07-11 12:58:36 - [MESSAGE][PASSED] - Browser is opened with url: ''

2023-07-11 12:58:36 - [TEST_STEP][PASSED] - maximizeWindow(): Current window maximized

2023-07-11 12:58:36 - [MESSAGE][PASSED] - Current window maximized

2023-07-11 12:58:36 - [TEST_STEP][PASSED] - navigateToUrl(RADurl): Navigate to 'https://demo.velocitypayment.com/client/rad/index.html' successfully

2023-07-11 12:58:37 - [MESSAGE][PASSED] - Navigate to 'https://demo.velocitypayment.com/client/rad/index.html' successfully

2023-07-11 12:58:37 - [TEST_STEP][PASSED] - orPath_Landing = "Object Repository/RAD_Pages/Landing_Page": null

2023-07-11 12:58:37 - [TEST_STEP][PASSED] - orPath_TaxTypeFilingYear = "Object Repository/RAD_Pages/TaxTypeFilingYear_Page": null

2023-07-11 12:58:37 - [TEST_STEP][PASSED] - orPath_TaxPayer = "Object Repository/RAD_Pages/Taxpayer_Page": null

2023-07-11 12:58:37 - [TEST_STEP][PASSED] - orPath_AddressContact = "Object Repository/RAD_Pages/AddressAndContactInfo_Page": null

2023-07-11 12:58:37 - [TEST_STEP][PASSED] - orPath_FilingStatus = "Object Repository/RAD_Pages/FilingStatus_Page": null

2023-07-11 12:58:37 - [TEST_STEP][PASSED] - orPath_Amount = "Object Repository/RAD_Pages/PaymentAmount_Page": null

2023-07-11 12:58:37 - [TEST_STEP][PASSED] - orPath_TaxInfo = "Object Repository/RAD_Pages/TaxInfo_Page": null

2023-07-11 12:58:37 - [TEST_STEP][PASSED] - orPath_Withholding = "Object Repository/RAD_Pages/Withholding_Page": null

2023-07-11 12:58:37 - [TEST_STEP][PASSED] - orPath_Summary = "Object Repository/RAD_Pages/Summary_Page": null

2023-07-11 12:58:37 - [TEST_STEP][PASSED] - orPath_PaymentReady = "Object Repository/RAD_Pages/PaymentReady_Page": null

2023-07-11 12:58:37 - [TEST_STEP][PASSED] - orPath_PaymentEntry = "Object Repository/RAD_Pages/PaymentEntry_Page": null

2023-07-11 12:58:37 - [TEST_STEP][PASSED] - orPath_PaymentConfirmation = "Object Repository/RAD_Pages/PaymentConfirmation_Page": null

2023-07-11 12:58:37 - [TEST_STEP][PASSED] - orPath_ServiceFeesAccept = "Object Repository/RAD_Pages/ServiceFeeAccept_Page": null

2023-07-11 12:58:37 - [TEST_STEP][PASSED] - selectOptionByLabel(findTestObject(orPath_Landing + "/dd_TaxType"), Taxtype, false): All options with label 'Existing Liability' are selected in object 'Object Repository/RAD_Pages/Landing_Page/dd_TaxType' 

2023-07-11 12:58:38 - [MESSAGE][PASSED] - All options with label 'Existing Liability' are selected in object 'Object Repository/RAD_Pages/Landing_Page/dd_TaxType' 

2023-07-11 12:58:38 - [TEST_STEP][PASSED] - delay(1): Delayed 1 second(s)

2023-07-11 12:58:39 - [MESSAGE][PASSED] - Delayed 1 second(s)

2023-07-11 12:58:39 - [TEST_STEP][PASSED] - selectOptionByLabel(findTestObject(orPath_TaxTypeFilingYear + "/select_TaxType_ExistingLiability"), TaxTypeEL, false): All options with label 'PTE Tax (Partnership)' are selected in object 'Object Repository/RAD_Pages/TaxTypeFilingYear_Page/select_TaxType_ExistingLiability' 

2023-07-11 12:58:40 - [MESSAGE][PASSED] - All options with label 'PTE Tax (Partnership)' are selected in object 'Object Repository/RAD_Pages/TaxTypeFilingYear_Page/select_TaxType_ExistingLiability' 

2023-07-11 12:58:40 - [TEST_STEP][PASSED] - setText(findTestObject(orPath_TaxInfo + "/input_NoticeInvoiceNumber"), notInvNumber): Text '123456789' is set on object 'Object Repository/RAD_Pages/TaxInfo_Page/input_NoticeInvoiceNumber'

2023-07-11 12:58:40 - [MESSAGE][PASSED] - Text '123456789' is set on object 'Object Repository/RAD_Pages/TaxInfo_Page/input_NoticeInvoiceNumber'

2023-07-11 12:58:40 - [TEST_STEP][PASSED] - setText(findTestObject(orPath_TaxInfo + "/input_reTypeNoticeInvoiceNumber"), notInvNumber): Text '123456789' is set on object 'Object Repository/RAD_Pages/TaxInfo_Page/input_reTypeNoticeInvoiceNumber'

2023-07-11 12:58:41 - [MESSAGE][PASSED] - Text '123456789' is set on object 'Object Repository/RAD_Pages/TaxInfo_Page/input_reTypeNoticeInvoiceNumber'

2023-07-11 12:58:41 - [TEST_STEP][PASSED] - println(notInvNumber): null

2023-07-11 12:58:41 - [TEST_STEP][PASSED] - if (verifyTextPresent(errorMsg, true)): null

2023-07-11 12:58:42 - [MESSAGE][PASSED] - Text 'Notice number length has to be 13 numeric characters' is present on page  using regular expression

2023-07-11 12:58:42 - [TEST_STEP][PASSED] - println("Error Message is present on the page"): null

2023-07-11 12:58:42 - [TEST_STEP][PASSED] - out.println("Pass Record Number: " + row): null

2023-07-11 12:58:42 - [TEST_STEP][PASSED] - resText = "Pass": null

2023-07-11 12:58:42 - [TEST_STEP][PASSED] - pages.WriteExcel.demoKey(resText, datText, resColumn, datCloumn, fileLoc, nameSheet, row): pages.WriteExcel.demoKey is PASSED

2023-07-11 12:58:42 - [MESSAGE][PASSED] - pages.WriteExcel.demoKey is PASSED

2023-07-11 12:58:42 - [TEST_STEP][PASSED] - ExecuteTC = findTestData(dataFile).getValue("Execute", row): null

2023-07-11 12:58:42 - [TEST_STEP][PASSED] - Taxtype = findTestData(dataFile).getValue("TaxType", row): null

2023-07-11 12:58:42 - [TEST_STEP][PASSED] - TaxTypeEL = findTestData(dataFile).getValue("TaxTypeEL", row): null

2023-07-11 12:58:42 - [TEST_STEP][PASSED] - notInvNumber = findTestData(dataFile).getValue("NotiInvoNumber", row): null

2023-07-11 12:58:42 - [TEST_STEP][PASSED] - errorMsg = findTestData(dataFile).getValue("ErrorMessage", row): null

2023-07-11 12:58:42 - [TEST_STEP][PASSED] - out.println("Value of Execute is : " + ExecuteTC): null

2023-07-11 12:58:42 - [TEST_STEP][PASSED] - if (ExecuteTC.equalsIgnoreCase("Y")): null

2023-07-11 12:58:42 - [TEST_STEP][PASSED] - out.println("Begin Record Number: " + row): null

2023-07-11 12:58:42 - [TEST_STEP][PASSED] - today = new java.util.Date(): null

2023-07-11 12:58:42 - [TEST_STEP][PASSED] - println(today): null

2023-07-11 12:58:42 - [TEST_STEP][PASSED] - datText = today: null

2023-07-11 12:58:42 - [TEST_STEP][PASSED] - Taxtype = findTestData(dataFile).getValue("TaxType", row): null

2023-07-11 12:58:42 - [TEST_STEP][PASSED] - out.println("Taxtype value is : " + Taxtype): null

2023-07-11 12:58:42 - [TEST_STEP][PASSED] - openBrowser(""): Browser is opened with url: ''

2023-07-11 12:58:42 - [MESSAGE][WARNING] - A browser is already opened. Closing browser and opening a new one

2023-07-11 12:58:43 - [MESSAGE][INFO] - Starting 'Chrome' driver

2023-07-11 12:58:43 - [MESSAGE][INFO] - User set preference: ['acceptInsecureCerts', 'true']

2023-07-11 12:58:43 - [MESSAGE][INFO] - Action delay is set to 0 milliseconds

2023-07-11 12:58:44 - [MESSAGE][PASSED] - Browser is opened with url: ''

2023-07-11 12:58:44 - [TEST_STEP][PASSED] - maximizeWindow(): Current window maximized

2023-07-11 12:58:45 - [MESSAGE][PASSED] - Current window maximized

2023-07-11 12:58:45 - [TEST_STEP][PASSED] - navigateToUrl(RADurl): Navigate to 'https://demo.velocitypayment.com/client/rad/index.html' successfully

2023-07-11 12:58:46 - [MESSAGE][PASSED] - Navigate to 'https://demo.velocitypayment.com/client/rad/index.html' successfully

2023-07-11 12:58:46 - [TEST_STEP][PASSED] - orPath_Landing = "Object Repository/RAD_Pages/Landing_Page": null

2023-07-11 12:58:46 - [TEST_STEP][PASSED] - orPath_TaxTypeFilingYear = "Object Repository/RAD_Pages/TaxTypeFilingYear_Page": null

2023-07-11 12:58:46 - [TEST_STEP][PASSED] - orPath_TaxPayer = "Object Repository/RAD_Pages/Taxpayer_Page": null

2023-07-11 12:58:46 - [TEST_STEP][PASSED] - orPath_AddressContact = "Object Repository/RAD_Pages/AddressAndContactInfo_Page": null

2023-07-11 12:58:46 - [TEST_STEP][PASSED] - orPath_FilingStatus = "Object Repository/RAD_Pages/FilingStatus_Page": null

2023-07-11 12:58:46 - [TEST_STEP][PASSED] - orPath_Amount = "Object Repository/RAD_Pages/PaymentAmount_Page": null

2023-07-11 12:58:46 - [TEST_STEP][PASSED] - orPath_TaxInfo = "Object Repository/RAD_Pages/TaxInfo_Page": null

2023-07-11 12:58:46 - [TEST_STEP][PASSED] - orPath_Withholding = "Object Repository/RAD_Pages/Withholding_Page": null

2023-07-11 12:58:46 - [TEST_STEP][PASSED] - orPath_Summary = "Object Repository/RAD_Pages/Summary_Page": null

2023-07-11 12:58:46 - [TEST_STEP][PASSED] - orPath_PaymentReady = "Object Repository/RAD_Pages/PaymentReady_Page": null

2023-07-11 12:58:46 - [TEST_STEP][PASSED] - orPath_PaymentEntry = "Object Repository/RAD_Pages/PaymentEntry_Page": null

2023-07-11 12:58:46 - [TEST_STEP][PASSED] - orPath_PaymentConfirmation = "Object Repository/RAD_Pages/PaymentConfirmation_Page": null

2023-07-11 12:58:46 - [TEST_STEP][PASSED] - orPath_ServiceFeesAccept = "Object Repository/RAD_Pages/ServiceFeeAccept_Page": null

2023-07-11 12:58:46 - [TEST_STEP][PASSED] - selectOptionByLabel(findTestObject(orPath_Landing + "/dd_TaxType"), Taxtype, false): All options with label 'Existing Liability' are selected in object 'Object Repository/RAD_Pages/Landing_Page/dd_TaxType' 

2023-07-11 12:58:47 - [MESSAGE][PASSED] - All options with label 'Existing Liability' are selected in object 'Object Repository/RAD_Pages/Landing_Page/dd_TaxType' 

2023-07-11 12:58:47 - [TEST_STEP][PASSED] - delay(1): Delayed 1 second(s)

2023-07-11 12:58:48 - [MESSAGE][PASSED] - Delayed 1 second(s)

2023-07-11 12:58:48 - [TEST_STEP][PASSED] - selectOptionByLabel(findTestObject(orPath_TaxTypeFilingYear + "/select_TaxType_ExistingLiability"), TaxTypeEL, false): All options with label 'PTE Tax (LLC)' are selected in object 'Object Repository/RAD_Pages/TaxTypeFilingYear_Page/select_TaxType_ExistingLiability' 

2023-07-11 12:58:48 - [MESSAGE][PASSED] - All options with label 'PTE Tax (LLC)' are selected in object 'Object Repository/RAD_Pages/TaxTypeFilingYear_Page/select_TaxType_ExistingLiability' 

2023-07-11 12:58:48 - [TEST_STEP][PASSED] - setText(findTestObject(orPath_TaxInfo + "/input_NoticeInvoiceNumber"), notInvNumber): Text '123456789' is set on object 'Object Repository/RAD_Pages/TaxInfo_Page/input_NoticeInvoiceNumber'

2023-07-11 12:58:49 - [MESSAGE][PASSED] - Text '123456789' is set on object 'Object Repository/RAD_Pages/TaxInfo_Page/input_NoticeInvoiceNumber'

2023-07-11 12:58:49 - [TEST_STEP][PASSED] - setText(findTestObject(orPath_TaxInfo + "/input_reTypeNoticeInvoiceNumber"), notInvNumber): Text '123456789' is set on object 'Object Repository/RAD_Pages/TaxInfo_Page/input_reTypeNoticeInvoiceNumber'

2023-07-11 12:58:50 - [MESSAGE][PASSED] - Text '123456789' is set on object 'Object Repository/RAD_Pages/TaxInfo_Page/input_reTypeNoticeInvoiceNumber'

2023-07-11 12:58:50 - [TEST_STEP][PASSED] - println(notInvNumber): null

2023-07-11 12:58:50 - [TEST_STEP][PASSED] - if (verifyTextPresent(errorMsg, true)): null

2023-07-11 12:58:50 - [MESSAGE][PASSED] - Text 'Notice number length has to be 13 numeric characters' is present on page  using regular expression

2023-07-11 12:58:50 - [TEST_STEP][PASSED] - println("Error Message is present on the page"): null

2023-07-11 12:58:50 - [TEST_STEP][PASSED] - out.println("Pass Record Number: " + row): null

2023-07-11 12:58:50 - [TEST_STEP][PASSED] - resText = "Pass": null

2023-07-11 12:58:50 - [TEST_STEP][PASSED] - pages.WriteExcel.demoKey(resText, datText, resColumn, datCloumn, fileLoc, nameSheet, row): pages.WriteExcel.demoKey is PASSED

2023-07-11 12:58:51 - [MESSAGE][PASSED] - pages.WriteExcel.demoKey is PASSED

2023-07-11 12:58:51 - [TEST_STEP][PASSED] - ExecuteTC = findTestData(dataFile).getValue("Execute", row): null

2023-07-11 12:58:51 - [TEST_STEP][PASSED] - Taxtype = findTestData(dataFile).getValue("TaxType", row): null

2023-07-11 12:58:51 - [TEST_STEP][PASSED] - TaxTypeEL = findTestData(dataFile).getValue("TaxTypeEL", row): null

2023-07-11 12:58:51 - [TEST_STEP][PASSED] - notInvNumber = findTestData(dataFile).getValue("NotiInvoNumber", row): null

2023-07-11 12:58:51 - [TEST_STEP][PASSED] - errorMsg = findTestData(dataFile).getValue("ErrorMessage", row): null

2023-07-11 12:58:51 - [TEST_STEP][PASSED] - out.println("Value of Execute is : " + ExecuteTC): null

2023-07-11 12:58:51 - [TEST_STEP][PASSED] - if (ExecuteTC.equalsIgnoreCase("Y")): null

2023-07-11 12:58:51 - [TEST_STEP][PASSED] - out.println("Begin Record Number: " + row): null

2023-07-11 12:58:51 - [TEST_STEP][PASSED] - today = new java.util.Date(): null

2023-07-11 12:58:51 - [TEST_STEP][PASSED] - println(today): null

2023-07-11 12:58:51 - [TEST_STEP][PASSED] - datText = today: null

2023-07-11 12:58:51 - [TEST_STEP][PASSED] - Taxtype = findTestData(dataFile).getValue("TaxType", row): null

2023-07-11 12:58:51 - [TEST_STEP][PASSED] - out.println("Taxtype value is : " + Taxtype): null

2023-07-11 12:58:51 - [TEST_STEP][PASSED] - openBrowser(""): Browser is opened with url: ''

2023-07-11 12:58:51 - [MESSAGE][WARNING] - A browser is already opened. Closing browser and opening a new one

2023-07-11 12:58:52 - [MESSAGE][INFO] - Starting 'Chrome' driver

2023-07-11 12:58:52 - [MESSAGE][INFO] - User set preference: ['acceptInsecureCerts', 'true']

2023-07-11 12:58:52 - [MESSAGE][INFO] - Action delay is set to 0 milliseconds

2023-07-11 12:58:53 - [MESSAGE][PASSED] - Browser is opened with url: ''

2023-07-11 12:58:53 - [TEST_STEP][PASSED] - maximizeWindow(): Current window maximized

2023-07-11 12:58:53 - [MESSAGE][PASSED] - Current window maximized

2023-07-11 12:58:53 - [TEST_STEP][PASSED] - navigateToUrl(RADurl): Navigate to 'https://demo.velocitypayment.com/client/rad/index.html' successfully

2023-07-11 12:58:55 - [MESSAGE][PASSED] - Navigate to 'https://demo.velocitypayment.com/client/rad/index.html' successfully

2023-07-11 12:58:55 - [TEST_STEP][PASSED] - orPath_Landing = "Object Repository/RAD_Pages/Landing_Page": null

2023-07-11 12:58:55 - [TEST_STEP][PASSED] - orPath_TaxTypeFilingYear = "Object Repository/RAD_Pages/TaxTypeFilingYear_Page": null

2023-07-11 12:58:55 - [TEST_STEP][PASSED] - orPath_TaxPayer = "Object Repository/RAD_Pages/Taxpayer_Page": null

2023-07-11 12:58:55 - [TEST_STEP][PASSED] - orPath_AddressContact = "Object Repository/RAD_Pages/AddressAndContactInfo_Page": null

2023-07-11 12:58:55 - [TEST_STEP][PASSED] - orPath_FilingStatus = "Object Repository/RAD_Pages/FilingStatus_Page": null

2023-07-11 12:58:55 - [TEST_STEP][PASSED] - orPath_Amount = "Object Repository/RAD_Pages/PaymentAmount_Page": null

2023-07-11 12:58:55 - [TEST_STEP][PASSED] - orPath_TaxInfo = "Object Repository/RAD_Pages/TaxInfo_Page": null

2023-07-11 12:58:55 - [TEST_STEP][PASSED] - orPath_Withholding = "Object Repository/RAD_Pages/Withholding_Page": null

2023-07-11 12:58:55 - [TEST_STEP][PASSED] - orPath_Summary = "Object Repository/RAD_Pages/Summary_Page": null

2023-07-11 12:58:55 - [TEST_STEP][PASSED] - orPath_PaymentReady = "Object Repository/RAD_Pages/PaymentReady_Page": null

2023-07-11 12:58:55 - [TEST_STEP][PASSED] - orPath_PaymentEntry = "Object Repository/RAD_Pages/PaymentEntry_Page": null

2023-07-11 12:58:55 - [TEST_STEP][PASSED] - orPath_PaymentConfirmation = "Object Repository/RAD_Pages/PaymentConfirmation_Page": null

2023-07-11 12:58:55 - [TEST_STEP][PASSED] - orPath_ServiceFeesAccept = "Object Repository/RAD_Pages/ServiceFeeAccept_Page": null

2023-07-11 12:58:55 - [TEST_STEP][PASSED] - selectOptionByLabel(findTestObject(orPath_Landing + "/dd_TaxType"), Taxtype, false): All options with label 'Existing Liability' are selected in object 'Object Repository/RAD_Pages/Landing_Page/dd_TaxType' 

2023-07-11 12:58:55 - [MESSAGE][PASSED] - All options with label 'Existing Liability' are selected in object 'Object Repository/RAD_Pages/Landing_Page/dd_TaxType' 

2023-07-11 12:58:55 - [TEST_STEP][PASSED] - delay(1): Delayed 1 second(s)

2023-07-11 12:58:56 - [MESSAGE][PASSED] - Delayed 1 second(s)

2023-07-11 12:58:56 - [TEST_STEP][PASSED] - selectOptionByLabel(findTestObject(orPath_TaxTypeFilingYear + "/select_TaxType_ExistingLiability"), TaxTypeEL, false): All options with label 'PTE Tax (SCorp)' are selected in object 'Object Repository/RAD_Pages/TaxTypeFilingYear_Page/select_TaxType_ExistingLiability' 

2023-07-11 12:58:57 - [MESSAGE][PASSED] - All options with label 'PTE Tax (SCorp)' are selected in object 'Object Repository/RAD_Pages/TaxTypeFilingYear_Page/select_TaxType_ExistingLiability' 

2023-07-11 12:58:57 - [TEST_STEP][PASSED] - setText(findTestObject(orPath_TaxInfo + "/input_NoticeInvoiceNumber"), notInvNumber): Text '123456789' is set on object 'Object Repository/RAD_Pages/TaxInfo_Page/input_NoticeInvoiceNumber'

2023-07-11 12:58:58 - [MESSAGE][PASSED] - Text '123456789' is set on object 'Object Repository/RAD_Pages/TaxInfo_Page/input_NoticeInvoiceNumber'

2023-07-11 12:58:58 - [TEST_STEP][PASSED] - setText(findTestObject(orPath_TaxInfo + "/input_reTypeNoticeInvoiceNumber"), notInvNumber): Text '123456789' is set on object 'Object Repository/RAD_Pages/TaxInfo_Page/input_reTypeNoticeInvoiceNumber'

2023-07-11 12:58:59 - [MESSAGE][PASSED] - Text '123456789' is set on object 'Object Repository/RAD_Pages/TaxInfo_Page/input_reTypeNoticeInvoiceNumber'

2023-07-11 12:58:59 - [TEST_STEP][PASSED] - println(notInvNumber): null

2023-07-11 12:58:59 - [TEST_STEP][PASSED] - if (verifyTextPresent(errorMsg, true)): null

2023-07-11 12:58:59 - [MESSAGE][PASSED] - Text 'Notice number length has to be 13 numeric characters' is present on page  using regular expression

2023-07-11 12:58:59 - [TEST_STEP][PASSED] - println("Error Message is present on the page"): null

2023-07-11 12:58:59 - [TEST_STEP][PASSED] - out.println("Pass Record Number: " + row): null

2023-07-11 12:58:59 - [TEST_STEP][PASSED] - resText = "Pass": null

2023-07-11 12:58:59 - [TEST_STEP][PASSED] - pages.WriteExcel.demoKey(resText, datText, resColumn, datCloumn, fileLoc, nameSheet, row): pages.WriteExcel.demoKey is PASSED

2023-07-11 12:58:59 - [MESSAGE][PASSED] - pages.WriteExcel.demoKey is PASSED

2023-07-11 12:58:59 - [TEST_STEP][PASSED] - ExecuteTC = findTestData(dataFile).getValue("Execute", row): null

2023-07-11 12:58:59 - [TEST_STEP][PASSED] - Taxtype = findTestData(dataFile).getValue("TaxType", row): null

2023-07-11 12:58:59 - [TEST_STEP][PASSED] - TaxTypeEL = findTestData(dataFile).getValue("TaxTypeEL", row): null

2023-07-11 12:58:59 - [TEST_STEP][PASSED] - notInvNumber = findTestData(dataFile).getValue("NotiInvoNumber", row): null

2023-07-11 12:58:59 - [TEST_STEP][PASSED] - errorMsg = findTestData(dataFile).getValue("ErrorMessage", row): null

2023-07-11 12:58:59 - [TEST_STEP][PASSED] - out.println("Value of Execute is : " + ExecuteTC): null

2023-07-11 12:58:59 - [TEST_STEP][PASSED] - if (ExecuteTC.equalsIgnoreCase("Y")): null

2023-07-11 12:58:59 - [TEST_STEP][PASSED] - out.println("Begin Record Number: " + row): null

2023-07-11 12:58:59 - [TEST_STEP][PASSED] - today = new java.util.Date(): null

2023-07-11 12:58:59 - [TEST_STEP][PASSED] - println(today): null

2023-07-11 12:58:59 - [TEST_STEP][PASSED] - datText = today: null

2023-07-11 12:58:59 - [TEST_STEP][PASSED] - Taxtype = findTestData(dataFile).getValue("TaxType", row): null

2023-07-11 12:59:00 - [TEST_STEP][PASSED] - out.println("Taxtype value is : " + Taxtype): null

2023-07-11 12:59:00 - [TEST_STEP][PASSED] - openBrowser(""): Browser is opened with url: ''

2023-07-11 12:59:00 - [MESSAGE][WARNING] - A browser is already opened. Closing browser and opening a new one

2023-07-11 12:59:00 - [MESSAGE][INFO] - Starting 'Chrome' driver

2023-07-11 12:59:00 - [MESSAGE][INFO] - User set preference: ['acceptInsecureCerts', 'true']

2023-07-11 12:59:00 - [MESSAGE][INFO] - Action delay is set to 0 milliseconds

2023-07-11 12:59:02 - [MESSAGE][PASSED] - Browser is opened with url: ''

2023-07-11 12:59:02 - [TEST_STEP][PASSED] - maximizeWindow(): Current window maximized

2023-07-11 12:59:02 - [MESSAGE][PASSED] - Current window maximized

2023-07-11 12:59:02 - [TEST_STEP][PASSED] - navigateToUrl(RADurl): Navigate to 'https://demo.velocitypayment.com/client/rad/index.html' successfully

2023-07-11 12:59:03 - [MESSAGE][PASSED] - Navigate to 'https://demo.velocitypayment.com/client/rad/index.html' successfully

2023-07-11 12:59:03 - [TEST_STEP][PASSED] - orPath_Landing = "Object Repository/RAD_Pages/Landing_Page": null

2023-07-11 12:59:03 - [TEST_STEP][PASSED] - orPath_TaxTypeFilingYear = "Object Repository/RAD_Pages/TaxTypeFilingYear_Page": null

2023-07-11 12:59:03 - [TEST_STEP][PASSED] - orPath_TaxPayer = "Object Repository/RAD_Pages/Taxpayer_Page": null

2023-07-11 12:59:03 - [TEST_STEP][PASSED] - orPath_AddressContact = "Object Repository/RAD_Pages/AddressAndContactInfo_Page": null

2023-07-11 12:59:03 - [TEST_STEP][PASSED] - orPath_FilingStatus = "Object Repository/RAD_Pages/FilingStatus_Page": null

2023-07-11 12:59:03 - [TEST_STEP][PASSED] - orPath_Amount = "Object Repository/RAD_Pages/PaymentAmount_Page": null

2023-07-11 12:59:03 - [TEST_STEP][PASSED] - orPath_TaxInfo = "Object Repository/RAD_Pages/TaxInfo_Page": null

2023-07-11 12:59:03 - [TEST_STEP][PASSED] - orPath_Withholding = "Object Repository/RAD_Pages/Withholding_Page": null

2023-07-11 12:59:03 - [TEST_STEP][PASSED] - orPath_Summary = "Object Repository/RAD_Pages/Summary_Page": null

2023-07-11 12:59:03 - [TEST_STEP][PASSED] - orPath_PaymentReady = "Object Repository/RAD_Pages/PaymentReady_Page": null

2023-07-11 12:59:03 - [TEST_STEP][PASSED] - orPath_PaymentEntry = "Object Repository/RAD_Pages/PaymentEntry_Page": null

2023-07-11 12:59:03 - [TEST_STEP][PASSED] - orPath_PaymentConfirmation = "Object Repository/RAD_Pages/PaymentConfirmation_Page": null

2023-07-11 12:59:03 - [TEST_STEP][PASSED] - orPath_ServiceFeesAccept = "Object Repository/RAD_Pages/ServiceFeeAccept_Page": null

2023-07-11 12:59:03 - [TEST_STEP][PASSED] - selectOptionByLabel(findTestObject(orPath_Landing + "/dd_TaxType"), Taxtype, false): All options with label 'Existing Liability' are selected in object 'Object Repository/RAD_Pages/Landing_Page/dd_TaxType' 

2023-07-11 12:59:04 - [MESSAGE][PASSED] - All options with label 'Existing Liability' are selected in object 'Object Repository/RAD_Pages/Landing_Page/dd_TaxType' 

2023-07-11 12:59:04 - [TEST_STEP][PASSED] - delay(1): Delayed 1 second(s)

2023-07-11 12:59:05 - [MESSAGE][PASSED] - Delayed 1 second(s)

2023-07-11 12:59:05 - [TEST_STEP][PASSED] - selectOptionByLabel(findTestObject(orPath_TaxTypeFilingYear + "/select_TaxType_ExistingLiability"), TaxTypeEL, false): All options with label 'Sales & Use Tax' are selected in object 'Object Repository/RAD_Pages/TaxTypeFilingYear_Page/select_TaxType_ExistingLiability' 

2023-07-11 12:59:06 - [MESSAGE][PASSED] - All options with label 'Sales & Use Tax' are selected in object 'Object Repository/RAD_Pages/TaxTypeFilingYear_Page/select_TaxType_ExistingLiability' 

2023-07-11 12:59:06 - [TEST_STEP][PASSED] - setText(findTestObject(orPath_TaxInfo + "/input_NoticeInvoiceNumber"), notInvNumber): Text '123456789' is set on object 'Object Repository/RAD_Pages/TaxInfo_Page/input_NoticeInvoiceNumber'

2023-07-11 12:59:07 - [MESSAGE][PASSED] - Text '123456789' is set on object 'Object Repository/RAD_Pages/TaxInfo_Page/input_NoticeInvoiceNumber'

2023-07-11 12:59:07 - [TEST_STEP][PASSED] - setText(findTestObject(orPath_TaxInfo + "/input_reTypeNoticeInvoiceNumber"), notInvNumber): Text '123456789' is set on object 'Object Repository/RAD_Pages/TaxInfo_Page/input_reTypeNoticeInvoiceNumber'

2023-07-11 12:59:07 - [MESSAGE][PASSED] - Text '123456789' is set on object 'Object Repository/RAD_Pages/TaxInfo_Page/input_reTypeNoticeInvoiceNumber'

2023-07-11 12:59:07 - [TEST_STEP][PASSED] - println(notInvNumber): null

2023-07-11 12:59:07 - [TEST_STEP][PASSED] - if (verifyTextPresent(errorMsg, true)): null

2023-07-11 12:59:08 - [MESSAGE][PASSED] - Text 'Notice number length has to be 13 numeric characters' is present on page  using regular expression

2023-07-11 12:59:08 - [TEST_STEP][PASSED] - println("Error Message is present on the page"): null

2023-07-11 12:59:08 - [TEST_STEP][PASSED] - out.println("Pass Record Number: " + row): null

2023-07-11 12:59:08 - [TEST_STEP][PASSED] - resText = "Pass": null

2023-07-11 12:59:08 - [TEST_STEP][PASSED] - pages.WriteExcel.demoKey(resText, datText, resColumn, datCloumn, fileLoc, nameSheet, row): pages.WriteExcel.demoKey is PASSED

2023-07-11 12:59:08 - [MESSAGE][PASSED] - pages.WriteExcel.demoKey is PASSED

2023-07-11 12:59:08 - [TEST_STEP][PASSED] - ExecuteTC = findTestData(dataFile).getValue("Execute", row): null

2023-07-11 12:59:08 - [TEST_STEP][PASSED] - Taxtype = findTestData(dataFile).getValue("TaxType", row): null

2023-07-11 12:59:08 - [TEST_STEP][PASSED] - TaxTypeEL = findTestData(dataFile).getValue("TaxTypeEL", row): null

2023-07-11 12:59:08 - [TEST_STEP][PASSED] - notInvNumber = findTestData(dataFile).getValue("NotiInvoNumber", row): null

2023-07-11 12:59:08 - [TEST_STEP][PASSED] - errorMsg = findTestData(dataFile).getValue("ErrorMessage", row): null

2023-07-11 12:59:08 - [TEST_STEP][PASSED] - out.println("Value of Execute is : " + ExecuteTC): null

2023-07-11 12:59:08 - [TEST_STEP][PASSED] - if (ExecuteTC.equalsIgnoreCase("Y")): null

2023-07-11 12:59:08 - [TEST_STEP][PASSED] - out.println("Begin Record Number: " + row): null

2023-07-11 12:59:08 - [TEST_STEP][PASSED] - today = new java.util.Date(): null

2023-07-11 12:59:08 - [TEST_STEP][PASSED] - println(today): null

2023-07-11 12:59:08 - [TEST_STEP][PASSED] - datText = today: null

2023-07-11 12:59:08 - [TEST_STEP][PASSED] - Taxtype = findTestData(dataFile).getValue("TaxType", row): null

2023-07-11 12:59:08 - [TEST_STEP][PASSED] - out.println("Taxtype value is : " + Taxtype): null

2023-07-11 12:59:08 - [TEST_STEP][PASSED] - openBrowser(""): Browser is opened with url: ''

2023-07-11 12:59:08 - [MESSAGE][WARNING] - A browser is already opened. Closing browser and opening a new one

2023-07-11 12:59:09 - [MESSAGE][INFO] - Starting 'Chrome' driver

2023-07-11 12:59:09 - [MESSAGE][INFO] - User set preference: ['acceptInsecureCerts', 'true']

2023-07-11 12:59:09 - [MESSAGE][INFO] - Action delay is set to 0 milliseconds

2023-07-11 12:59:11 - [MESSAGE][PASSED] - Browser is opened with url: ''

2023-07-11 12:59:11 - [TEST_STEP][PASSED] - maximizeWindow(): Current window maximized

2023-07-11 12:59:11 - [MESSAGE][PASSED] - Current window maximized

2023-07-11 12:59:11 - [TEST_STEP][PASSED] - navigateToUrl(RADurl): Navigate to 'https://demo.velocitypayment.com/client/rad/index.html' successfully

2023-07-11 12:59:12 - [MESSAGE][PASSED] - Navigate to 'https://demo.velocitypayment.com/client/rad/index.html' successfully

2023-07-11 12:59:12 - [TEST_STEP][PASSED] - orPath_Landing = "Object Repository/RAD_Pages/Landing_Page": null

2023-07-11 12:59:12 - [TEST_STEP][PASSED] - orPath_TaxTypeFilingYear = "Object Repository/RAD_Pages/TaxTypeFilingYear_Page": null

2023-07-11 12:59:12 - [TEST_STEP][PASSED] - orPath_TaxPayer = "Object Repository/RAD_Pages/Taxpayer_Page": null

2023-07-11 12:59:12 - [TEST_STEP][PASSED] - orPath_AddressContact = "Object Repository/RAD_Pages/AddressAndContactInfo_Page": null

2023-07-11 12:59:12 - [TEST_STEP][PASSED] - orPath_FilingStatus = "Object Repository/RAD_Pages/FilingStatus_Page": null

2023-07-11 12:59:12 - [TEST_STEP][PASSED] - orPath_Amount = "Object Repository/RAD_Pages/PaymentAmount_Page": null

2023-07-11 12:59:12 - [TEST_STEP][PASSED] - orPath_TaxInfo = "Object Repository/RAD_Pages/TaxInfo_Page": null

2023-07-11 12:59:12 - [TEST_STEP][PASSED] - orPath_Withholding = "Object Repository/RAD_Pages/Withholding_Page": null

2023-07-11 12:59:12 - [TEST_STEP][PASSED] - orPath_Summary = "Object Repository/RAD_Pages/Summary_Page": null

2023-07-11 12:59:12 - [TEST_STEP][PASSED] - orPath_PaymentReady = "Object Repository/RAD_Pages/PaymentReady_Page": null

2023-07-11 12:59:12 - [TEST_STEP][PASSED] - orPath_PaymentEntry = "Object Repository/RAD_Pages/PaymentEntry_Page": null

2023-07-11 12:59:12 - [TEST_STEP][PASSED] - orPath_PaymentConfirmation = "Object Repository/RAD_Pages/PaymentConfirmation_Page": null

2023-07-11 12:59:12 - [TEST_STEP][PASSED] - orPath_ServiceFeesAccept = "Object Repository/RAD_Pages/ServiceFeeAccept_Page": null

2023-07-11 12:59:12 - [TEST_STEP][PASSED] - selectOptionByLabel(findTestObject(orPath_Landing + "/dd_TaxType"), Taxtype, false): All options with label 'Existing Liability' are selected in object 'Object Repository/RAD_Pages/Landing_Page/dd_TaxType' 

2023-07-11 12:59:13 - [MESSAGE][PASSED] - All options with label 'Existing Liability' are selected in object 'Object Repository/RAD_Pages/Landing_Page/dd_TaxType' 

2023-07-11 12:59:13 - [TEST_STEP][PASSED] - delay(1): Delayed 1 second(s)

2023-07-11 12:59:14 - [MESSAGE][PASSED] - Delayed 1 second(s)

2023-07-11 12:59:14 - [TEST_STEP][PASSED] - selectOptionByLabel(findTestObject(orPath_TaxTypeFilingYear + "/select_TaxType_ExistingLiability"), TaxTypeEL, false): All options with label 'Tire Fee Tax' are selected in object 'Object Repository/RAD_Pages/TaxTypeFilingYear_Page/select_TaxType_ExistingLiability' 

2023-07-11 12:59:14 - [MESSAGE][PASSED] - All options with label 'Tire Fee Tax' are selected in object 'Object Repository/RAD_Pages/TaxTypeFilingYear_Page/select_TaxType_ExistingLiability' 

2023-07-11 12:59:14 - [TEST_STEP][PASSED] - setText(findTestObject(orPath_TaxInfo + "/input_NoticeInvoiceNumber"), notInvNumber): Text '123456789' is set on object 'Object Repository/RAD_Pages/TaxInfo_Page/input_NoticeInvoiceNumber'

2023-07-11 12:59:15 - [MESSAGE][PASSED] - Text '123456789' is set on object 'Object Repository/RAD_Pages/TaxInfo_Page/input_NoticeInvoiceNumber'

2023-07-11 12:59:15 - [TEST_STEP][PASSED] - setText(findTestObject(orPath_TaxInfo + "/input_reTypeNoticeInvoiceNumber"), notInvNumber): Text '123456789' is set on object 'Object Repository/RAD_Pages/TaxInfo_Page/input_reTypeNoticeInvoiceNumber'

2023-07-11 12:59:16 - [MESSAGE][PASSED] - Text '123456789' is set on object 'Object Repository/RAD_Pages/TaxInfo_Page/input_reTypeNoticeInvoiceNumber'

2023-07-11 12:59:16 - [TEST_STEP][PASSED] - println(notInvNumber): null

2023-07-11 12:59:16 - [TEST_STEP][PASSED] - if (verifyTextPresent(errorMsg, true)): null

2023-07-11 12:59:17 - [MESSAGE][PASSED] - Text 'Notice number length has to be 13 numeric characters' is present on page  using regular expression

2023-07-11 12:59:17 - [TEST_STEP][PASSED] - println("Error Message is present on the page"): null

2023-07-11 12:59:17 - [TEST_STEP][PASSED] - out.println("Pass Record Number: " + row): null

2023-07-11 12:59:17 - [TEST_STEP][PASSED] - resText = "Pass": null

2023-07-11 12:59:17 - [TEST_STEP][PASSED] - pages.WriteExcel.demoKey(resText, datText, resColumn, datCloumn, fileLoc, nameSheet, row): pages.WriteExcel.demoKey is PASSED

2023-07-11 12:59:17 - [MESSAGE][PASSED] - pages.WriteExcel.demoKey is PASSED

2023-07-11 12:59:17 - [TEST_STEP][PASSED] - ExecuteTC = findTestData(dataFile).getValue("Execute", row): null

2023-07-11 12:59:17 - [TEST_STEP][PASSED] - Taxtype = findTestData(dataFile).getValue("TaxType", row): null

2023-07-11 12:59:17 - [TEST_STEP][PASSED] - TaxTypeEL = findTestData(dataFile).getValue("TaxTypeEL", row): null

2023-07-11 12:59:17 - [TEST_STEP][PASSED] - notInvNumber = findTestData(dataFile).getValue("NotiInvoNumber", row): null

2023-07-11 12:59:17 - [TEST_STEP][PASSED] - errorMsg = findTestData(dataFile).getValue("ErrorMessage", row): null

2023-07-11 12:59:17 - [TEST_STEP][PASSED] - out.println("Value of Execute is : " + ExecuteTC): null

2023-07-11 12:59:17 - [TEST_STEP][PASSED] - if (ExecuteTC.equalsIgnoreCase("Y")): null

2023-07-11 12:59:17 - [TEST_STEP][PASSED] - out.println("Begin Record Number: " + row): null

2023-07-11 12:59:17 - [TEST_STEP][PASSED] - today = new java.util.Date(): null

2023-07-11 12:59:17 - [TEST_STEP][PASSED] - println(today): null

2023-07-11 12:59:17 - [TEST_STEP][PASSED] - datText = today: null

2023-07-11 12:59:17 - [TEST_STEP][PASSED] - Taxtype = findTestData(dataFile).getValue("TaxType", row): null

2023-07-11 12:59:17 - [TEST_STEP][PASSED] - out.println("Taxtype value is : " + Taxtype): null

2023-07-11 12:59:17 - [TEST_STEP][PASSED] - openBrowser(""): Browser is opened with url: ''

2023-07-11 12:59:17 - [MESSAGE][WARNING] - A browser is already opened. Closing browser and opening a new one

2023-07-11 12:59:18 - [MESSAGE][INFO] - Starting 'Chrome' driver

2023-07-11 12:59:18 - [MESSAGE][INFO] - User set preference: ['acceptInsecureCerts', 'true']

2023-07-11 12:59:18 - [MESSAGE][INFO] - Action delay is set to 0 milliseconds

2023-07-11 12:59:19 - [MESSAGE][PASSED] - Browser is opened with url: ''

2023-07-11 12:59:19 - [TEST_STEP][PASSED] - maximizeWindow(): Current window maximized

2023-07-11 12:59:20 - [MESSAGE][PASSED] - Current window maximized

2023-07-11 12:59:20 - [TEST_STEP][PASSED] - navigateToUrl(RADurl): Navigate to 'https://demo.velocitypayment.com/client/rad/index.html' successfully

2023-07-11 12:59:21 - [MESSAGE][PASSED] - Navigate to 'https://demo.velocitypayment.com/client/rad/index.html' successfully

2023-07-11 12:59:21 - [TEST_STEP][PASSED] - orPath_Landing = "Object Repository/RAD_Pages/Landing_Page": null

2023-07-11 12:59:21 - [TEST_STEP][PASSED] - orPath_TaxTypeFilingYear = "Object Repository/RAD_Pages/TaxTypeFilingYear_Page": null

2023-07-11 12:59:21 - [TEST_STEP][PASSED] - orPath_TaxPayer = "Object Repository/RAD_Pages/Taxpayer_Page": null

2023-07-11 12:59:21 - [TEST_STEP][PASSED] - orPath_AddressContact = "Object Repository/RAD_Pages/AddressAndContactInfo_Page": null

2023-07-11 12:59:21 - [TEST_STEP][PASSED] - orPath_FilingStatus = "Object Repository/RAD_Pages/FilingStatus_Page": null

2023-07-11 12:59:21 - [TEST_STEP][PASSED] - orPath_Amount = "Object Repository/RAD_Pages/PaymentAmount_Page": null

2023-07-11 12:59:21 - [TEST_STEP][PASSED] - orPath_TaxInfo = "Object Repository/RAD_Pages/TaxInfo_Page": null

2023-07-11 12:59:21 - [TEST_STEP][PASSED] - orPath_Withholding = "Object Repository/RAD_Pages/Withholding_Page": null

2023-07-11 12:59:21 - [TEST_STEP][PASSED] - orPath_Summary = "Object Repository/RAD_Pages/Summary_Page": null

2023-07-11 12:59:21 - [TEST_STEP][PASSED] - orPath_PaymentReady = "Object Repository/RAD_Pages/PaymentReady_Page": null

2023-07-11 12:59:21 - [TEST_STEP][PASSED] - orPath_PaymentEntry = "Object Repository/RAD_Pages/PaymentEntry_Page": null

2023-07-11 12:59:21 - [TEST_STEP][PASSED] - orPath_PaymentConfirmation = "Object Repository/RAD_Pages/PaymentConfirmation_Page": null

2023-07-11 12:59:21 - [TEST_STEP][PASSED] - orPath_ServiceFeesAccept = "Object Repository/RAD_Pages/ServiceFeeAccept_Page": null

2023-07-11 12:59:21 - [TEST_STEP][PASSED] - selectOptionByLabel(findTestObject(orPath_Landing + "/dd_TaxType"), Taxtype, false): All options with label 'Existing Liability' are selected in object 'Object Repository/RAD_Pages/Landing_Page/dd_TaxType' 

2023-07-11 12:59:22 - [MESSAGE][PASSED] - All options with label 'Existing Liability' are selected in object 'Object Repository/RAD_Pages/Landing_Page/dd_TaxType' 

2023-07-11 12:59:22 - [TEST_STEP][PASSED] - delay(1): Delayed 1 second(s)

2023-07-11 12:59:23 - [MESSAGE][PASSED] - Delayed 1 second(s)

2023-07-11 12:59:23 - [TEST_STEP][PASSED] - selectOptionByLabel(findTestObject(orPath_TaxTypeFilingYear + "/select_TaxType_ExistingLiability"), TaxTypeEL, false): All options with label 'Withholding Tax' are selected in object 'Object Repository/RAD_Pages/TaxTypeFilingYear_Page/select_TaxType_ExistingLiability' 

2023-07-11 12:59:23 - [MESSAGE][PASSED] - All options with label 'Withholding Tax' are selected in object 'Object Repository/RAD_Pages/TaxTypeFilingYear_Page/select_TaxType_ExistingLiability' 

2023-07-11 12:59:23 - [TEST_STEP][PASSED] - setText(findTestObject(orPath_TaxInfo + "/input_NoticeInvoiceNumber"), notInvNumber): Text '123456789' is set on object 'Object Repository/RAD_Pages/TaxInfo_Page/input_NoticeInvoiceNumber'

2023-07-11 12:59:24 - [MESSAGE][PASSED] - Text '123456789' is set on object 'Object Repository/RAD_Pages/TaxInfo_Page/input_NoticeInvoiceNumber'

2023-07-11 12:59:24 - [TEST_STEP][PASSED] - setText(findTestObject(orPath_TaxInfo + "/input_reTypeNoticeInvoiceNumber"), notInvNumber): Text '123456789' is set on object 'Object Repository/RAD_Pages/TaxInfo_Page/input_reTypeNoticeInvoiceNumber'

2023-07-11 12:59:25 - [MESSAGE][PASSED] - Text '123456789' is set on object 'Object Repository/RAD_Pages/TaxInfo_Page/input_reTypeNoticeInvoiceNumber'

2023-07-11 12:59:25 - [TEST_STEP][PASSED] - println(notInvNumber): null

2023-07-11 12:59:25 - [TEST_STEP][PASSED] - if (verifyTextPresent(errorMsg, true)): null

2023-07-11 12:59:25 - [MESSAGE][PASSED] - Text 'Notice number length has to be 13 numeric characters' is present on page  using regular expression

2023-07-11 12:59:25 - [TEST_STEP][PASSED] - println("Error Message is present on the page"): null

2023-07-11 12:59:25 - [TEST_STEP][PASSED] - out.println("Pass Record Number: " + row): null

2023-07-11 12:59:25 - [TEST_STEP][PASSED] - resText = "Pass": null

2023-07-11 12:59:25 - [TEST_STEP][PASSED] - pages.WriteExcel.demoKey(resText, datText, resColumn, datCloumn, fileLoc, nameSheet, row): pages.WriteExcel.demoKey is PASSED

2023-07-11 12:59:25 - [MESSAGE][PASSED] - pages.WriteExcel.demoKey is PASSED

2023-07-11 12:59:25 - [TEST_STEP][PASSED] - ExecuteTC = findTestData(dataFile).getValue("Execute", row): null

2023-07-11 12:59:26 - [TEST_STEP][PASSED] - Taxtype = findTestData(dataFile).getValue("TaxType", row): null

2023-07-11 12:59:26 - [TEST_STEP][PASSED] - TaxTypeEL = findTestData(dataFile).getValue("TaxTypeEL", row): null

2023-07-11 12:59:26 - [TEST_STEP][PASSED] - notInvNumber = findTestData(dataFile).getValue("NotiInvoNumber", row): null

2023-07-11 12:59:26 - [TEST_STEP][PASSED] - errorMsg = findTestData(dataFile).getValue("ErrorMessage", row): null

2023-07-11 12:59:26 - [TEST_STEP][PASSED] - out.println("Value of Execute is : " + ExecuteTC): null

2023-07-11 12:59:26 - [TEST_STEP][PASSED] - if (ExecuteTC.equalsIgnoreCase("Y")): null

2023-07-11 12:59:26 - [TEST_STEP][PASSED] - out.println("Begin Record Number: " + row): null

2023-07-11 12:59:26 - [TEST_STEP][PASSED] - today = new java.util.Date(): null

2023-07-11 12:59:26 - [TEST_STEP][PASSED] - println(today): null

2023-07-11 12:59:26 - [TEST_STEP][PASSED] - datText = today: null

2023-07-11 12:59:26 - [TEST_STEP][PASSED] - Taxtype = findTestData(dataFile).getValue("TaxType", row): null

2023-07-11 12:59:26 - [TEST_STEP][PASSED] - out.println("Taxtype value is : " + Taxtype): null

2023-07-11 12:59:26 - [TEST_STEP][PASSED] - openBrowser(""): Browser is opened with url: ''

2023-07-11 12:59:26 - [MESSAGE][WARNING] - A browser is already opened. Closing browser and opening a new one

2023-07-11 12:59:27 - [MESSAGE][INFO] - Starting 'Chrome' driver

2023-07-11 12:59:27 - [MESSAGE][INFO] - User set preference: ['acceptInsecureCerts', 'true']

2023-07-11 12:59:27 - [MESSAGE][INFO] - Action delay is set to 0 milliseconds

2023-07-11 12:59:28 - [MESSAGE][PASSED] - Browser is opened with url: ''

2023-07-11 12:59:28 - [TEST_STEP][PASSED] - maximizeWindow(): Current window maximized

2023-07-11 12:59:28 - [MESSAGE][PASSED] - Current window maximized

2023-07-11 12:59:28 - [TEST_STEP][PASSED] - navigateToUrl(RADurl): Navigate to 'https://demo.velocitypayment.com/client/rad/index.html' successfully

2023-07-11 12:59:29 - [MESSAGE][PASSED] - Navigate to 'https://demo.velocitypayment.com/client/rad/index.html' successfully

2023-07-11 12:59:29 - [TEST_STEP][PASSED] - orPath_Landing = "Object Repository/RAD_Pages/Landing_Page": null

2023-07-11 12:59:29 - [TEST_STEP][PASSED] - orPath_TaxTypeFilingYear = "Object Repository/RAD_Pages/TaxTypeFilingYear_Page": null

2023-07-11 12:59:29 - [TEST_STEP][PASSED] - orPath_TaxPayer = "Object Repository/RAD_Pages/Taxpayer_Page": null

2023-07-11 12:59:29 - [TEST_STEP][PASSED] - orPath_AddressContact = "Object Repository/RAD_Pages/AddressAndContactInfo_Page": null

2023-07-11 12:59:29 - [TEST_STEP][PASSED] - orPath_FilingStatus = "Object Repository/RAD_Pages/FilingStatus_Page": null

2023-07-11 12:59:29 - [TEST_STEP][PASSED] - orPath_Amount = "Object Repository/RAD_Pages/PaymentAmount_Page": null

2023-07-11 12:59:29 - [TEST_STEP][PASSED] - orPath_TaxInfo = "Object Repository/RAD_Pages/TaxInfo_Page": null

2023-07-11 12:59:29 - [TEST_STEP][PASSED] - orPath_Withholding = "Object Repository/RAD_Pages/Withholding_Page": null

2023-07-11 12:59:29 - [TEST_STEP][PASSED] - orPath_Summary = "Object Repository/RAD_Pages/Summary_Page": null

2023-07-11 12:59:29 - [TEST_STEP][PASSED] - orPath_PaymentReady = "Object Repository/RAD_Pages/PaymentReady_Page": null

2023-07-11 12:59:29 - [TEST_STEP][PASSED] - orPath_PaymentEntry = "Object Repository/RAD_Pages/PaymentEntry_Page": null

2023-07-11 12:59:29 - [TEST_STEP][PASSED] - orPath_PaymentConfirmation = "Object Repository/RAD_Pages/PaymentConfirmation_Page": null

2023-07-11 12:59:29 - [TEST_STEP][PASSED] - orPath_ServiceFeesAccept = "Object Repository/RAD_Pages/ServiceFeeAccept_Page": null

2023-07-11 12:59:29 - [TEST_STEP][PASSED] - selectOptionByLabel(findTestObject(orPath_Landing + "/dd_TaxType"), Taxtype, false): All options with label 'Existing Liability' are selected in object 'Object Repository/RAD_Pages/Landing_Page/dd_TaxType' 

2023-07-11 12:59:30 - [MESSAGE][PASSED] - All options with label 'Existing Liability' are selected in object 'Object Repository/RAD_Pages/Landing_Page/dd_TaxType' 

2023-07-11 12:59:30 - [TEST_STEP][PASSED] - delay(1): Delayed 1 second(s)

2023-07-11 12:59:31 - [MESSAGE][PASSED] - Delayed 1 second(s)

2023-07-11 12:59:31 - [TEST_STEP][PASSED] - selectOptionByLabel(findTestObject(orPath_TaxTypeFilingYear + "/select_TaxType_ExistingLiability"), TaxTypeEL, false): All options with label 'Alcohol Tax' are selected in object 'Object Repository/RAD_Pages/TaxTypeFilingYear_Page/select_TaxType_ExistingLiability' 

2023-07-11 12:59:32 - [MESSAGE][PASSED] - All options with label 'Alcohol Tax' are selected in object 'Object Repository/RAD_Pages/TaxTypeFilingYear_Page/select_TaxType_ExistingLiability' 

2023-07-11 12:59:32 - [TEST_STEP][PASSED] - setText(findTestObject(orPath_TaxInfo + "/input_NoticeInvoiceNumber"), notInvNumber): Text '123456789' is set on object 'Object Repository/RAD_Pages/TaxInfo_Page/input_NoticeInvoiceNumber'

2023-07-11 12:59:33 - [MESSAGE][PASSED] - Text '123456789' is set on object 'Object Repository/RAD_Pages/TaxInfo_Page/input_NoticeInvoiceNumber'

2023-07-11 12:59:33 - [TEST_STEP][PASSED] - setText(findTestObject(orPath_TaxInfo + "/input_reTypeNoticeInvoiceNumber"), notInvNumber): Text '123456789' is set on object 'Object Repository/RAD_Pages/TaxInfo_Page/input_reTypeNoticeInvoiceNumber'

2023-07-11 12:59:34 - [MESSAGE][PASSED] - Text '123456789' is set on object 'Object Repository/RAD_Pages/TaxInfo_Page/input_reTypeNoticeInvoiceNumber'

2023-07-11 12:59:34 - [TEST_STEP][PASSED] - println(notInvNumber): null

2023-07-11 12:59:34 - [TEST_STEP][PASSED] - if (verifyTextPresent(errorMsg, true)): null

2023-07-11 12:59:34 - [MESSAGE][PASSED] - Text 'Invoice number length has to be 10 or 13 numeric characters' is present on page  using regular expression

2023-07-11 12:59:34 - [TEST_STEP][PASSED] - println("Error Message is present on the page"): null

2023-07-11 12:59:34 - [TEST_STEP][PASSED] - out.println("Pass Record Number: " + row): null

2023-07-11 12:59:34 - [TEST_STEP][PASSED] - resText = "Pass": null

2023-07-11 12:59:34 - [TEST_STEP][PASSED] - pages.WriteExcel.demoKey(resText, datText, resColumn, datCloumn, fileLoc, nameSheet, row): pages.WriteExcel.demoKey is PASSED

2023-07-11 12:59:34 - [MESSAGE][PASSED] - pages.WriteExcel.demoKey is PASSED

2023-07-11 12:59:34 - [TEST_STEP][PASSED] - ExecuteTC = findTestData(dataFile).getValue("Execute", row): null

2023-07-11 12:59:34 - [TEST_STEP][PASSED] - Taxtype = findTestData(dataFile).getValue("TaxType", row): null

2023-07-11 12:59:34 - [TEST_STEP][PASSED] - TaxTypeEL = findTestData(dataFile).getValue("TaxTypeEL", row): null

2023-07-11 12:59:34 - [TEST_STEP][PASSED] - notInvNumber = findTestData(dataFile).getValue("NotiInvoNumber", row): null

2023-07-11 12:59:34 - [TEST_STEP][PASSED] - errorMsg = findTestData(dataFile).getValue("ErrorMessage", row): null

2023-07-11 12:59:34 - [TEST_STEP][PASSED] - out.println("Value of Execute is : " + ExecuteTC): null

2023-07-11 12:59:34 - [TEST_STEP][PASSED] - if (ExecuteTC.equalsIgnoreCase("Y")): null

2023-07-11 12:59:34 - [TEST_STEP][PASSED] - out.println("Begin Record Number: " + row): null

2023-07-11 12:59:34 - [TEST_STEP][PASSED] - today = new java.util.Date(): null

2023-07-11 12:59:34 - [TEST_STEP][PASSED] - println(today): null

2023-07-11 12:59:34 - [TEST_STEP][PASSED] - datText = today: null

2023-07-11 12:59:34 - [TEST_STEP][PASSED] - Taxtype = findTestData(dataFile).getValue("TaxType", row): null

2023-07-11 12:59:34 - [TEST_STEP][PASSED] - out.println("Taxtype value is : " + Taxtype): null

2023-07-11 12:59:34 - [TEST_STEP][PASSED] - openBrowser(""): Browser is opened with url: ''

2023-07-11 12:59:34 - [MESSAGE][WARNING] - A browser is already opened. Closing browser and opening a new one

2023-07-11 12:59:35 - [MESSAGE][INFO] - Starting 'Chrome' driver

2023-07-11 12:59:35 - [MESSAGE][INFO] - User set preference: ['acceptInsecureCerts', 'true']

2023-07-11 12:59:35 - [MESSAGE][INFO] - Action delay is set to 0 milliseconds

2023-07-11 12:59:37 - [MESSAGE][PASSED] - Browser is opened with url: ''

2023-07-11 12:59:37 - [TEST_STEP][PASSED] - maximizeWindow(): Current window maximized

2023-07-11 12:59:37 - [MESSAGE][PASSED] - Current window maximized

2023-07-11 12:59:37 - [TEST_STEP][PASSED] - navigateToUrl(RADurl): Navigate to 'https://demo.velocitypayment.com/client/rad/index.html' successfully

2023-07-11 12:59:38 - [MESSAGE][PASSED] - Navigate to 'https://demo.velocitypayment.com/client/rad/index.html' successfully

2023-07-11 12:59:38 - [TEST_STEP][PASSED] - orPath_Landing = "Object Repository/RAD_Pages/Landing_Page": null

2023-07-11 12:59:38 - [TEST_STEP][PASSED] - orPath_TaxTypeFilingYear = "Object Repository/RAD_Pages/TaxTypeFilingYear_Page": null

2023-07-11 12:59:38 - [TEST_STEP][PASSED] - orPath_TaxPayer = "Object Repository/RAD_Pages/Taxpayer_Page": null

2023-07-11 12:59:38 - [TEST_STEP][PASSED] - orPath_AddressContact = "Object Repository/RAD_Pages/AddressAndContactInfo_Page": null

2023-07-11 12:59:38 - [TEST_STEP][PASSED] - orPath_FilingStatus = "Object Repository/RAD_Pages/FilingStatus_Page": null

2023-07-11 12:59:38 - [TEST_STEP][PASSED] - orPath_Amount = "Object Repository/RAD_Pages/PaymentAmount_Page": null

2023-07-11 12:59:38 - [TEST_STEP][PASSED] - orPath_TaxInfo = "Object Repository/RAD_Pages/TaxInfo_Page": null

2023-07-11 12:59:38 - [TEST_STEP][PASSED] - orPath_Withholding = "Object Repository/RAD_Pages/Withholding_Page": null

2023-07-11 12:59:38 - [TEST_STEP][PASSED] - orPath_Summary = "Object Repository/RAD_Pages/Summary_Page": null

2023-07-11 12:59:38 - [TEST_STEP][PASSED] - orPath_PaymentReady = "Object Repository/RAD_Pages/PaymentReady_Page": null

2023-07-11 12:59:38 - [TEST_STEP][PASSED] - orPath_PaymentEntry = "Object Repository/RAD_Pages/PaymentEntry_Page": null

2023-07-11 12:59:38 - [TEST_STEP][PASSED] - orPath_PaymentConfirmation = "Object Repository/RAD_Pages/PaymentConfirmation_Page": null

2023-07-11 12:59:38 - [TEST_STEP][PASSED] - orPath_ServiceFeesAccept = "Object Repository/RAD_Pages/ServiceFeeAccept_Page": null

2023-07-11 12:59:38 - [TEST_STEP][PASSED] - selectOptionByLabel(findTestObject(orPath_Landing + "/dd_TaxType"), Taxtype, false): All options with label 'Existing Liability' are selected in object 'Object Repository/RAD_Pages/Landing_Page/dd_TaxType' 

2023-07-11 12:59:39 - [MESSAGE][PASSED] - All options with label 'Existing Liability' are selected in object 'Object Repository/RAD_Pages/Landing_Page/dd_TaxType' 

2023-07-11 12:59:39 - [TEST_STEP][PASSED] - delay(1): Delayed 1 second(s)

2023-07-11 12:59:40 - [MESSAGE][PASSED] - Delayed 1 second(s)

2023-07-11 12:59:40 - [TEST_STEP][PASSED] - selectOptionByLabel(findTestObject(orPath_TaxTypeFilingYear + "/select_TaxType_ExistingLiability"), TaxTypeEL, false): All options with label 'Alcohol Tax' are selected in object 'Object Repository/RAD_Pages/TaxTypeFilingYear_Page/select_TaxType_ExistingLiability' 

2023-07-11 12:59:41 - [MESSAGE][PASSED] - All options with label 'Alcohol Tax' are selected in object 'Object Repository/RAD_Pages/TaxTypeFilingYear_Page/select_TaxType_ExistingLiability' 

2023-07-11 12:59:41 - [TEST_STEP][PASSED] - setText(findTestObject(orPath_TaxInfo + "/input_NoticeInvoiceNumber"), notInvNumber): Text '12345678901' is set on object 'Object Repository/RAD_Pages/TaxInfo_Page/input_NoticeInvoiceNumber'

2023-07-11 12:59:42 - [MESSAGE][PASSED] - Text '12345678901' is set on object 'Object Repository/RAD_Pages/TaxInfo_Page/input_NoticeInvoiceNumber'

2023-07-11 12:59:42 - [TEST_STEP][PASSED] - setText(findTestObject(orPath_TaxInfo + "/input_reTypeNoticeInvoiceNumber"), notInvNumber): Text '12345678901' is set on object 'Object Repository/RAD_Pages/TaxInfo_Page/input_reTypeNoticeInvoiceNumber'

2023-07-11 12:59:42 - [MESSAGE][PASSED] - Text '12345678901' is set on object 'Object Repository/RAD_Pages/TaxInfo_Page/input_reTypeNoticeInvoiceNumber'

2023-07-11 12:59:42 - [TEST_STEP][PASSED] - println(notInvNumber): null

2023-07-11 12:59:42 - [TEST_STEP][PASSED] - if (verifyTextPresent(errorMsg, true)): null

2023-07-11 12:59:43 - [MESSAGE][PASSED] - Text 'Invoice number length has to be 10 or 13 numeric characters' is present on page  using regular expression

2023-07-11 12:59:43 - [TEST_STEP][PASSED] - println("Error Message is present on the page"): null

2023-07-11 12:59:43 - [TEST_STEP][PASSED] - out.println("Pass Record Number: " + row): null

2023-07-11 12:59:43 - [TEST_STEP][PASSED] - resText = "Pass": null

2023-07-11 12:59:43 - [TEST_STEP][PASSED] - pages.WriteExcel.demoKey(resText, datText, resColumn, datCloumn, fileLoc, nameSheet, row): pages.WriteExcel.demoKey is PASSED

2023-07-11 12:59:43 - [MESSAGE][PASSED] - pages.WriteExcel.demoKey is PASSED

2023-07-11 12:59:43 - [TEST_STEP][PASSED] - ExecuteTC = findTestData(dataFile).getValue("Execute", row): null

2023-07-11 12:59:43 - [TEST_STEP][PASSED] - Taxtype = findTestData(dataFile).getValue("TaxType", row): null

2023-07-11 12:59:43 - [TEST_STEP][PASSED] - TaxTypeEL = findTestData(dataFile).getValue("TaxTypeEL", row): null

2023-07-11 12:59:43 - [TEST_STEP][PASSED] - notInvNumber = findTestData(dataFile).getValue("NotiInvoNumber", row): null

2023-07-11 12:59:43 - [TEST_STEP][PASSED] - errorMsg = findTestData(dataFile).getValue("ErrorMessage", row): null

2023-07-11 12:59:43 - [TEST_STEP][PASSED] - out.println("Value of Execute is : " + ExecuteTC): null

2023-07-11 12:59:43 - [TEST_STEP][PASSED] - if (ExecuteTC.equalsIgnoreCase("Y")): null

2023-07-11 12:59:43 - [TEST_STEP][PASSED] - out.println("Begin Record Number: " + row): null

2023-07-11 12:59:43 - [TEST_STEP][PASSED] - today = new java.util.Date(): null

2023-07-11 12:59:43 - [TEST_STEP][PASSED] - println(today): null

2023-07-11 12:59:43 - [TEST_STEP][PASSED] - datText = today: null

2023-07-11 12:59:43 - [TEST_STEP][PASSED] - Taxtype = findTestData(dataFile).getValue("TaxType", row): null

2023-07-11 12:59:43 - [TEST_STEP][PASSED] - out.println("Taxtype value is : " + Taxtype): null

2023-07-11 12:59:43 - [TEST_STEP][PASSED] - openBrowser(""): Browser is opened with url: ''

2023-07-11 12:59:43 - [MESSAGE][WARNING] - A browser is already opened. Closing browser and opening a new one

2023-07-11 12:59:44 - [MESSAGE][INFO] - Starting 'Chrome' driver

2023-07-11 12:59:44 - [MESSAGE][INFO] - User set preference: ['acceptInsecureCerts', 'true']

2023-07-11 12:59:44 - [MESSAGE][INFO] - Action delay is set to 0 milliseconds

2023-07-11 12:59:45 - [MESSAGE][PASSED] - Browser is opened with url: ''

2023-07-11 12:59:45 - [TEST_STEP][PASSED] - maximizeWindow(): Current window maximized

2023-07-11 12:59:46 - [MESSAGE][PASSED] - Current window maximized

2023-07-11 12:59:46 - [TEST_STEP][PASSED] - navigateToUrl(RADurl): Navigate to 'https://demo.velocitypayment.com/client/rad/index.html' successfully

2023-07-11 12:59:47 - [MESSAGE][PASSED] - Navigate to 'https://demo.velocitypayment.com/client/rad/index.html' successfully

2023-07-11 12:59:47 - [TEST_STEP][PASSED] - orPath_Landing = "Object Repository/RAD_Pages/Landing_Page": null

2023-07-11 12:59:47 - [TEST_STEP][PASSED] - orPath_TaxTypeFilingYear = "Object Repository/RAD_Pages/TaxTypeFilingYear_Page": null

2023-07-11 12:59:47 - [TEST_STEP][PASSED] - orPath_TaxPayer = "Object Repository/RAD_Pages/Taxpayer_Page": null

2023-07-11 12:59:47 - [TEST_STEP][PASSED] - orPath_AddressContact = "Object Repository/RAD_Pages/AddressAndContactInfo_Page": null

2023-07-11 12:59:47 - [TEST_STEP][PASSED] - orPath_FilingStatus = "Object Repository/RAD_Pages/FilingStatus_Page": null

2023-07-11 12:59:47 - [TEST_STEP][PASSED] - orPath_Amount = "Object Repository/RAD_Pages/PaymentAmount_Page": null

2023-07-11 12:59:47 - [TEST_STEP][PASSED] - orPath_TaxInfo = "Object Repository/RAD_Pages/TaxInfo_Page": null

2023-07-11 12:59:47 - [TEST_STEP][PASSED] - orPath_Withholding = "Object Repository/RAD_Pages/Withholding_Page": null

2023-07-11 12:59:47 - [TEST_STEP][PASSED] - orPath_Summary = "Object Repository/RAD_Pages/Summary_Page": null

2023-07-11 12:59:47 - [TEST_STEP][PASSED] - orPath_PaymentReady = "Object Repository/RAD_Pages/PaymentReady_Page": null

2023-07-11 12:59:47 - [TEST_STEP][PASSED] - orPath_PaymentEntry = "Object Repository/RAD_Pages/PaymentEntry_Page": null

2023-07-11 12:59:47 - [TEST_STEP][PASSED] - orPath_PaymentConfirmation = "Object Repository/RAD_Pages/PaymentConfirmation_Page": null

2023-07-11 12:59:47 - [TEST_STEP][PASSED] - orPath_ServiceFeesAccept = "Object Repository/RAD_Pages/ServiceFeeAccept_Page": null

2023-07-11 12:59:47 - [TEST_STEP][PASSED] - selectOptionByLabel(findTestObject(orPath_Landing + "/dd_TaxType"), Taxtype, false): All options with label 'Existing Liability' are selected in object 'Object Repository/RAD_Pages/Landing_Page/dd_TaxType' 

2023-07-11 12:59:48 - [MESSAGE][PASSED] - All options with label 'Existing Liability' are selected in object 'Object Repository/RAD_Pages/Landing_Page/dd_TaxType' 

2023-07-11 12:59:48 - [TEST_STEP][PASSED] - delay(1): Delayed 1 second(s)

2023-07-11 12:59:49 - [MESSAGE][PASSED] - Delayed 1 second(s)

2023-07-11 12:59:49 - [TEST_STEP][PASSED] - selectOptionByLabel(findTestObject(orPath_TaxTypeFilingYear + "/select_TaxType_ExistingLiability"), TaxTypeEL, false): All options with label 'Alcohol Tax' are selected in object 'Object Repository/RAD_Pages/TaxTypeFilingYear_Page/select_TaxType_ExistingLiability' 

2023-07-11 12:59:49 - [MESSAGE][PASSED] - All options with label 'Alcohol Tax' are selected in object 'Object Repository/RAD_Pages/TaxTypeFilingYear_Page/select_TaxType_ExistingLiability' 

2023-07-11 12:59:49 - [TEST_STEP][PASSED] - setText(findTestObject(orPath_TaxInfo + "/input_NoticeInvoiceNumber"), notInvNumber): Text '123456789012' is set on object 'Object Repository/RAD_Pages/TaxInfo_Page/input_NoticeInvoiceNumber'

2023-07-11 12:59:50 - [MESSAGE][PASSED] - Text '123456789012' is set on object 'Object Repository/RAD_Pages/TaxInfo_Page/input_NoticeInvoiceNumber'

2023-07-11 12:59:50 - [TEST_STEP][PASSED] - setText(findTestObject(orPath_TaxInfo + "/input_reTypeNoticeInvoiceNumber"), notInvNumber): Text '123456789012' is set on object 'Object Repository/RAD_Pages/TaxInfo_Page/input_reTypeNoticeInvoiceNumber'

2023-07-11 12:59:51 - [MESSAGE][PASSED] - Text '123456789012' is set on object 'Object Repository/RAD_Pages/TaxInfo_Page/input_reTypeNoticeInvoiceNumber'

2023-07-11 12:59:51 - [TEST_STEP][PASSED] - println(notInvNumber): null

2023-07-11 12:59:51 - [TEST_STEP][PASSED] - if (verifyTextPresent(errorMsg, true)): null

2023-07-11 12:59:52 - [MESSAGE][PASSED] - Text 'Invoice number length has to be 10 or 13 numeric characters' is present on page  using regular expression

2023-07-11 12:59:52 - [TEST_STEP][PASSED] - println("Error Message is present on the page"): null

2023-07-11 12:59:52 - [TEST_STEP][PASSED] - out.println("Pass Record Number: " + row): null

2023-07-11 12:59:52 - [TEST_STEP][PASSED] - resText = "Pass": null

2023-07-11 12:59:52 - [TEST_STEP][PASSED] - pages.WriteExcel.demoKey(resText, datText, resColumn, datCloumn, fileLoc, nameSheet, row): pages.WriteExcel.demoKey is PASSED

2023-07-11 12:59:52 - [MESSAGE][PASSED] - pages.WriteExcel.demoKey is PASSED]]></system-out>
         <system-err><![CDATA[]]></system-err>
      </testcase>
      <system-out><![CDATA[2023-07-11 12:47:26 - [TEST_SUITE][FAILED] - RAD_UI_TestSuite: Test Cases/RAD_TestCases/UI_TestCases/VerifyServiceFeeVerbiage_UI_TC FAILED.
Reason:
com.kms.katalon.core.exception.StepFailedException: Actual text 'This electronic government service includes a 2.45% service/convenience fee, with a $1.00 minimum, for payments processed through this application. This fee is assessed by Govolution, LLC and will post as a separate transaction. Accepted credit cards include Visa, Mastercard, Discover, and American Express.' and expected text 'This electronic government service includes a 2.45% service/convenience fee, with a $1.00 minimum, for payments processed through this application. This fee is assessed by Govolution, LLC and will post as a separate transaction. Accepted credit cards include Visa, MasterCard, and Discover.' of test object 'Object Repository/RAD_Pages/Landing_Page/div_ServiceFeesVerbiage' are NOT matched. (Root cause: com.kms.katalon.core.exception.StepFailedException: Actual text 'This electronic government service includes a 2.45% service/convenience fee, with a $1.00 minimum, for payments processed through this application. This fee is assessed by Govolution, LLC and will post as a separate transaction. Accepted credit cards include Visa, Mastercard, Discover, and American Express.' and expected text 'This electronic government service includes a 2.45% service/convenience fee, with a $1.00 minimum, for payments processed through this application. This fee is assessed by Govolution, LLC and will post as a separate transaction. Accepted credit cards include Visa, MasterCard, and Discover.' of test object 'Object Repository/RAD_Pages/Landing_Page/div_ServiceFeesVerbiage' are NOT matched.
	at com.kms.katalon.core.webui.keyword.internal.WebUIKeywordMain.stepFailed(WebUIKeywordMain.groovy:64)
	at com.kms.katalon.core.webui.keyword.builtin.VerifyElementTextKeyword$_verifyElementText_closure1.doCall(VerifyElementTextKeyword.groovy:57)
	at com.kms.katalon.core.webui.keyword.builtin.VerifyElementTextKeyword$_verifyElementText_closure1.call(VerifyElementTextKeyword.groovy)
	at com.kms.katalon.core.webui.keyword.internal.WebUIKeywordMain.runKeyword(WebUIKeywordMain.groovy:20)
	at com.kms.katalon.core.webui.keyword.builtin.VerifyElementTextKeyword.verifyElementText(VerifyElementTextKeyword.groovy:72)
	at com.kms.katalon.core.webui.keyword.builtin.VerifyElementTextKeyword.execute(VerifyElementTextKeyword.groovy:40)
	at com.kms.katalon.core.keyword.internal.KeywordExecutor.executeKeywordForPlatform(KeywordExecutor.groovy:74)
	at com.kms.katalon.core.webui.keyword.WebUiBuiltInKeywords.verifyElementText(WebUiBuiltInKeywords.groovy:4749)
	at com.kms.katalon.core.webui.keyword.WebUiBuiltInKeywords$verifyElementText$15.call(Unknown Source)
	at VerifyServiceFeeVerbiage_UI_TC.run(VerifyServiceFeeVerbiage_UI_TC:69)
	at com.kms.katalon.core.main.ScriptEngine.run(ScriptEngine.java:194)
	at com.kms.katalon.core.main.ScriptEngine.runScriptAsRawText(ScriptEngine.java:119)
	at com.kms.katalon.core.main.TestCaseExecutor.runScript(TestCaseExecutor.java:442)
	at com.kms.katalon.core.main.TestCaseExecutor.doExecute(TestCaseExecutor.java:433)
	at com.kms.katalon.core.main.TestCaseExecutor.processExecutionPhase(TestCaseExecutor.java:412)
	at com.kms.katalon.core.main.TestCaseExecutor.accessMainPhase(TestCaseExecutor.java:404)
	at com.kms.katalon.core.main.TestCaseExecutor.execute(TestCaseExecutor.java:281)
	at com.kms.katalon.core.main.TestSuiteExecutor.accessTestCaseMainPhase(TestSuiteExecutor.java:202)
	at com.kms.katalon.core.main.TestSuiteExecutor.accessTestSuiteMainPhase(TestSuiteExecutor.java:164)
	at com.kms.katalon.core.main.TestSuiteExecutor.execute(TestSuiteExecutor.java:105)
	at com.kms.katalon.core.main.TestCaseMain.startTestSuite(TestCaseMain.java:185)
	at com.kms.katalon.core.main.TestCaseMain$startTestSuite$0.call(Unknown Source)
	at TempTestSuite1689094038365.run(TempTestSuite1689094038365.groovy:36)
)
	at com.kms.katalon.core.keyword.internal.KeywordMain.stepFailed(KeywordMain.groovy:39)
	at com.kms.katalon.core.webui.keyword.internal.WebUIKeywordMain.stepFailed(WebUIKeywordMain.groovy:64)
	at com.kms.katalon.core.webui.keyword.builtin.VerifyElementTextKeyword$_verifyElementText_closure1.doCall(VerifyElementTextKeyword.groovy:57)
	at com.kms.katalon.core.webui.keyword.builtin.VerifyElementTextKeyword$_verifyElementText_closure1.call(VerifyElementTextKeyword.groovy)
	at com.kms.katalon.core.webui.keyword.internal.WebUIKeywordMain.runKeyword(WebUIKeywordMain.groovy:20)
	at com.kms.katalon.core.webui.keyword.builtin.VerifyElementTextKeyword.verifyElementText(VerifyElementTextKeyword.groovy:72)
	at com.kms.katalon.core.webui.keyword.builtin.VerifyElementTextKeyword.execute(VerifyElementTextKeyword.groovy:40)
	at com.kms.katalon.core.keyword.internal.KeywordExecutor.executeKeywordForPlatform(KeywordExecutor.groovy:74)
	at com.kms.katalon.core.webui.keyword.WebUiBuiltInKeywords.verifyElementText(WebUiBuiltInKeywords.groovy:4749)
	at com.kms.katalon.core.webui.keyword.WebUiBuiltInKeywords$verifyElementText$15.call(Unknown Source)
	at VerifyServiceFeeVerbiage_UI_TC.run(VerifyServiceFeeVerbiage_UI_TC:69)
	at com.kms.katalon.core.main.ScriptEngine.run(ScriptEngine.java:194)
	at com.kms.katalon.core.main.ScriptEngine.runScriptAsRawText(ScriptEngine.java:119)
	at com.kms.katalon.core.main.TestCaseExecutor.runScript(TestCaseExecutor.java:442)
	at com.kms.katalon.core.main.TestCaseExecutor.doExecute(TestCaseExecutor.java:433)
	at com.kms.katalon.core.main.TestCaseExecutor.processExecutionPhase(TestCaseExecutor.java:412)
	at com.kms.katalon.core.main.TestCaseExecutor.accessMainPhase(TestCaseExecutor.java:404)
	at com.kms.katalon.core.main.TestCaseExecutor.execute(TestCaseExecutor.java:281)
	at com.kms.katalon.core.main.TestSuiteExecutor.accessTestCaseMainPhase(TestSuiteExecutor.java:202)
	at com.kms.katalon.core.main.TestSuiteExecutor.accessTestSuiteMainPhase(TestSuiteExecutor.java:164)
	at com.kms.katalon.core.main.TestSuiteExecutor.execute(TestSuiteExecutor.java:105)
	at com.kms.katalon.core.main.TestCaseMain.startTestSuite(TestCaseMain.java:185)
	at com.kms.katalon.core.main.TestCaseMain$startTestSuite$0.call(Unknown Source)
	at TempTestSuite1689094038365.run(TempTestSuite1689094038365.groovy:36)
Caused by: com.kms.katalon.core.exception.StepFailedException: Actual text 'This electronic government service includes a 2.45% service/convenience fee, with a $1.00 minimum, for payments processed through this application. This fee is assessed by Govolution, LLC and will post as a separate transaction. Accepted credit cards include Visa, Mastercard, Discover, and American Express.' and expected text 'This electronic government service includes a 2.45% service/convenience fee, with a $1.00 minimum, for payments processed through this application. This fee is assessed by Govolution, LLC and will post as a separate transaction. Accepted credit cards include Visa, MasterCard, and Discover.' of test object 'Object Repository/RAD_Pages/Landing_Page/div_ServiceFeesVerbiage' are NOT matched.
	... 23 more]]></system-out>
      <system-err><![CDATA[2023-07-11 12:47:26 - [TEST_SUITE][FAILED] - RAD_UI_TestSuite: Test Cases/RAD_TestCases/UI_TestCases/VerifyServiceFeeVerbiage_UI_TC FAILED.
Reason:
com.kms.katalon.core.exception.StepFailedException: Actual text 'This electronic government service includes a 2.45% service/convenience fee, with a $1.00 minimum, for payments processed through this application. This fee is assessed by Govolution, LLC and will post as a separate transaction. Accepted credit cards include Visa, Mastercard, Discover, and American Express.' and expected text 'This electronic government service includes a 2.45% service/convenience fee, with a $1.00 minimum, for payments processed through this application. This fee is assessed by Govolution, LLC and will post as a separate transaction. Accepted credit cards include Visa, MasterCard, and Discover.' of test object 'Object Repository/RAD_Pages/Landing_Page/div_ServiceFeesVerbiage' are NOT matched. (Root cause: com.kms.katalon.core.exception.StepFailedException: Actual text 'This electronic government service includes a 2.45% service/convenience fee, with a $1.00 minimum, for payments processed through this application. This fee is assessed by Govolution, LLC and will post as a separate transaction. Accepted credit cards include Visa, Mastercard, Discover, and American Express.' and expected text 'This electronic government service includes a 2.45% service/convenience fee, with a $1.00 minimum, for payments processed through this application. This fee is assessed by Govolution, LLC and will post as a separate transaction. Accepted credit cards include Visa, MasterCard, and Discover.' of test object 'Object Repository/RAD_Pages/Landing_Page/div_ServiceFeesVerbiage' are NOT matched.
	at com.kms.katalon.core.webui.keyword.internal.WebUIKeywordMain.stepFailed(WebUIKeywordMain.groovy:64)
	at com.kms.katalon.core.webui.keyword.builtin.VerifyElementTextKeyword$_verifyElementText_closure1.doCall(VerifyElementTextKeyword.groovy:57)
	at com.kms.katalon.core.webui.keyword.builtin.VerifyElementTextKeyword$_verifyElementText_closure1.call(VerifyElementTextKeyword.groovy)
	at com.kms.katalon.core.webui.keyword.internal.WebUIKeywordMain.runKeyword(WebUIKeywordMain.groovy:20)
	at com.kms.katalon.core.webui.keyword.builtin.VerifyElementTextKeyword.verifyElementText(VerifyElementTextKeyword.groovy:72)
	at com.kms.katalon.core.webui.keyword.builtin.VerifyElementTextKeyword.execute(VerifyElementTextKeyword.groovy:40)
	at com.kms.katalon.core.keyword.internal.KeywordExecutor.executeKeywordForPlatform(KeywordExecutor.groovy:74)
	at com.kms.katalon.core.webui.keyword.WebUiBuiltInKeywords.verifyElementText(WebUiBuiltInKeywords.groovy:4749)
	at com.kms.katalon.core.webui.keyword.WebUiBuiltInKeywords$verifyElementText$15.call(Unknown Source)
	at VerifyServiceFeeVerbiage_UI_TC.run(VerifyServiceFeeVerbiage_UI_TC:69)
	at com.kms.katalon.core.main.ScriptEngine.run(ScriptEngine.java:194)
	at com.kms.katalon.core.main.ScriptEngine.runScriptAsRawText(ScriptEngine.java:119)
	at com.kms.katalon.core.main.TestCaseExecutor.runScript(TestCaseExecutor.java:442)
	at com.kms.katalon.core.main.TestCaseExecutor.doExecute(TestCaseExecutor.java:433)
	at com.kms.katalon.core.main.TestCaseExecutor.processExecutionPhase(TestCaseExecutor.java:412)
	at com.kms.katalon.core.main.TestCaseExecutor.accessMainPhase(TestCaseExecutor.java:404)
	at com.kms.katalon.core.main.TestCaseExecutor.execute(TestCaseExecutor.java:281)
	at com.kms.katalon.core.main.TestSuiteExecutor.accessTestCaseMainPhase(TestSuiteExecutor.java:202)
	at com.kms.katalon.core.main.TestSuiteExecutor.accessTestSuiteMainPhase(TestSuiteExecutor.java:164)
	at com.kms.katalon.core.main.TestSuiteExecutor.execute(TestSuiteExecutor.java:105)
	at com.kms.katalon.core.main.TestCaseMain.startTestSuite(TestCaseMain.java:185)
	at com.kms.katalon.core.main.TestCaseMain$startTestSuite$0.call(Unknown Source)
	at TempTestSuite1689094038365.run(TempTestSuite1689094038365.groovy:36)
)
	at com.kms.katalon.core.keyword.internal.KeywordMain.stepFailed(KeywordMain.groovy:39)
	at com.kms.katalon.core.webui.keyword.internal.WebUIKeywordMain.stepFailed(WebUIKeywordMain.groovy:64)
	at com.kms.katalon.core.webui.keyword.builtin.VerifyElementTextKeyword$_verifyElementText_closure1.doCall(VerifyElementTextKeyword.groovy:57)
	at com.kms.katalon.core.webui.keyword.builtin.VerifyElementTextKeyword$_verifyElementText_closure1.call(VerifyElementTextKeyword.groovy)
	at com.kms.katalon.core.webui.keyword.internal.WebUIKeywordMain.runKeyword(WebUIKeywordMain.groovy:20)
	at com.kms.katalon.core.webui.keyword.builtin.VerifyElementTextKeyword.verifyElementText(VerifyElementTextKeyword.groovy:72)
	at com.kms.katalon.core.webui.keyword.builtin.VerifyElementTextKeyword.execute(VerifyElementTextKeyword.groovy:40)
	at com.kms.katalon.core.keyword.internal.KeywordExecutor.executeKeywordForPlatform(KeywordExecutor.groovy:74)
	at com.kms.katalon.core.webui.keyword.WebUiBuiltInKeywords.verifyElementText(WebUiBuiltInKeywords.groovy:4749)
	at com.kms.katalon.core.webui.keyword.WebUiBuiltInKeywords$verifyElementText$15.call(Unknown Source)
	at VerifyServiceFeeVerbiage_UI_TC.run(VerifyServiceFeeVerbiage_UI_TC:69)
	at com.kms.katalon.core.main.ScriptEngine.run(ScriptEngine.java:194)
	at com.kms.katalon.core.main.ScriptEngine.runScriptAsRawText(ScriptEngine.java:119)
	at com.kms.katalon.core.main.TestCaseExecutor.runScript(TestCaseExecutor.java:442)
	at com.kms.katalon.core.main.TestCaseExecutor.doExecute(TestCaseExecutor.java:433)
	at com.kms.katalon.core.main.TestCaseExecutor.processExecutionPhase(TestCaseExecutor.java:412)
	at com.kms.katalon.core.main.TestCaseExecutor.accessMainPhase(TestCaseExecutor.java:404)
	at com.kms.katalon.core.main.TestCaseExecutor.execute(TestCaseExecutor.java:281)
	at com.kms.katalon.core.main.TestSuiteExecutor.accessTestCaseMainPhase(TestSuiteExecutor.java:202)
	at com.kms.katalon.core.main.TestSuiteExecutor.accessTestSuiteMainPhase(TestSuiteExecutor.java:164)
	at com.kms.katalon.core.main.TestSuiteExecutor.execute(TestSuiteExecutor.java:105)
	at com.kms.katalon.core.main.TestCaseMain.startTestSuite(TestCaseMain.java:185)
	at com.kms.katalon.core.main.TestCaseMain$startTestSuite$0.call(Unknown Source)
	at TempTestSuite1689094038365.run(TempTestSuite1689094038365.groovy:36)
Caused by: com.kms.katalon.core.exception.StepFailedException: Actual text 'This electronic government service includes a 2.45% service/convenience fee, with a $1.00 minimum, for payments processed through this application. This fee is assessed by Govolution, LLC and will post as a separate transaction. Accepted credit cards include Visa, Mastercard, Discover, and American Express.' and expected text 'This electronic government service includes a 2.45% service/convenience fee, with a $1.00 minimum, for payments processed through this application. This fee is assessed by Govolution, LLC and will post as a separate transaction. Accepted credit cards include Visa, MasterCard, and Discover.' of test object 'Object Repository/RAD_Pages/Landing_Page/div_ServiceFeesVerbiage' are NOT matched.
	... 23 more]]></system-err>
   </testsuite>
</testsuites>
