<?xml version="1.0" encoding="UTF-8"?>
<testsuites name="VPS-Payments-TestSuite" time="2980.435" tests="3" failures="0" errors="0">
   <testsuite name="VPS-Payments-TestSuite" tests="3" failures="0" errors="0" time="2980.435" skipped="0" timestamp="2023-09-21 17:12:28" hostname="imtiaz - DESKTOP-B2QI6NS.govolution.com" id="Test Suites/QA/VSP-Bootstrap/VPS-Payments-TestSuite">
      <properties>
         <property name="deviceName" value=""/>
         <property name="devicePlatform" value=""/>
         <property name="logFolder" value="E:\\Cloned-Project-Katalon\\VPS-Katalon\\Reports\\20230921_171222\\QA\\VSP-Bootstrap\\VPS-Payments-TestSuite\\20230921_171222"/>
         <property name="logFiles" value="E:\\Cloned-Project-Katalon\\VPS-Katalon\\Reports\\20230921_171222\\QA\\VSP-Bootstrap\\VPS-Payments-TestSuite\\20230921_171222\\execution0.log"/>
         <property name="attachments" value=""/>
         <property name="hostName" value="imtiaz - DESKTOP-B2QI6NS.govolution.com"/>
         <property name="os" value="Windows 10 64bit"/>
         <property name="katalonVersion" value="8.6.6.208"/>
         <property name="browser" value="Chrome 116.0.0.0"/>
         <property name="hostAddress" value="172.31.253.139"/>
         <property name="sessionId" value="c3eb8f480c27f09bfbc4b7469a9dc660"/>
         <property name="seleniumVersion" value="3.141.59"/>
         <property name="proxyInformation" value="ProxyInformation { proxyOption=NO_PROXY, proxyServerType=HTTP, username=, password=********, proxyServerAddress=, proxyServerPort=0, executionList=&quot;&quot;, isApplyToDesiredCapabilities=true }"/>
         <property name="platform" value="Windows 10"/>
      </properties>
      <testcase name="Test Cases/Admin Suite Bootstrap/VSP_Payments_TestCases/Sale_TP_AllCF_Generic_Payment_TC" time="1151.346" classname="Test Cases/Admin Suite Bootstrap/VSP_Payments_TestCases/Sale_TP_AllCF_Generic_Payment_TC" status="PASSED">
         <system-out><![CDATA[2023-09-21 17:12:29 - [TEST_CASE][PASSED] - Test Cases/Admin Suite Bootstrap/VSP_Payments_TestCases/Sale_TP_AllCF_Generic_Payment_TC: Test Cases/Admin Suite Bootstrap/VSP_Payments_TestCases/Sale_TP_AllCF_Generic_Payment_TC

2023-09-21 17:12:29 - [TEST_STEP][PASSED] - path_Dashboard = "Object Repository/AdminSuiteBootstrap_Pages/Dashboard_Bootstrap/": null

2023-09-21 17:12:29 - [TEST_STEP][PASSED] - path_VT = "Object Repository/AdminSuiteBootstrap_Pages/VT_Bootstrap/IssueTransactions/": null

2023-09-21 17:12:29 - [TEST_STEP][PASSED] - path_CreateProfile = "Object Repository/AdminSuiteBootstrap_Pages/VSP_Bootstrap/CreateProfile/": null

2023-09-21 17:12:29 - [TEST_STEP][PASSED] - path_AddAccount = "Object Repository/AdminSuiteBootstrap_Pages/VSP_Bootstrap/AddAccount/": null

2023-09-21 17:12:29 - [TEST_STEP][PASSED] - path_Add_ACH = "Object Repository/AdminSuiteBootstrap_Pages/VSP_Bootstrap/AddACH/": null

2023-09-21 17:12:29 - [TEST_STEP][PASSED] - path_Add_CC = "Object Repository/AdminSuiteBootstrap_Pages/VSP_Bootstrap/AddCreditCard/": null

2023-09-21 17:12:29 - [TEST_STEP][PASSED] - path_App_Plan = "Object Repository/AdminSuiteBootstrap_Pages/VSP_Bootstrap/AddPaymentPlan/": null

2023-09-21 17:12:29 - [TEST_STEP][PASSED] - path_DeleteProfile = "Object Repository/AdminSuiteBootstrap_Pages/VSP_Bootstrap/DeleteProfile/": null

2023-09-21 17:12:29 - [TEST_STEP][PASSED] - path_ModifyProfile = "Object Repository/AdminSuiteBootstrap_Pages/VSP_Bootstrap/ModifyProfile/": null

2023-09-21 17:12:29 - [TEST_STEP][PASSED] - path_ViewProfile = "Object Repository/AdminSuiteBootstrap_Pages/VSP_Bootstrap/View Profile/": null

2023-09-21 17:12:29 - [TEST_STEP][PASSED] - path_VSPAuth = "Object Repository/AdminSuiteBootstrap_Pages/VSP_Bootstrap/VSP_Auth/": null

2023-09-21 17:12:29 - [TEST_STEP][PASSED] - path_VSPAuthCap = "Object Repository/AdminSuiteBootstrap_Pages/VSP_Bootstrap/VSP_Authcap/": null

2023-09-21 17:12:29 - [TEST_STEP][PASSED] - path_Debit = "Object Repository/AdminSuiteBootstrap_Pages/VSP_Bootstrap/VSP_Debit/": null

2023-09-21 17:12:29 - [TEST_STEP][PASSED] - path_DeleteProfileConfirm = "Object Repository/AdminSuiteBootstrap_Pages/VSP_Bootstrap/DeleteProfileConfirm/": null

2023-09-21 17:12:29 - [TEST_STEP][PASSED] - executionProfile = getExecutionProfile(): null

2023-09-21 17:12:29 - [TEST_STEP][PASSED] - out.println("executionProfile : " + executionProfile): null

2023-09-21 17:12:29 - [TEST_STEP][PASSED] - appName = <not implemented yet for class: org.codehaus.groovy.ast.expr.EmptyExpression>: null

2023-09-21 17:12:29 - [TEST_STEP][PASSED] - appID = <not implemented yet for class: org.codehaus.groovy.ast.expr.EmptyExpression>: null

2023-09-21 17:12:29 - [TEST_STEP][PASSED] - cardNameV = <not implemented yet for class: org.codehaus.groovy.ast.expr.EmptyExpression>: null

2023-09-21 17:12:29 - [TEST_STEP][PASSED] - al1V = <not implemented yet for class: org.codehaus.groovy.ast.expr.EmptyExpression>: null

2023-09-21 17:12:29 - [TEST_STEP][PASSED] - al2V = <not implemented yet for class: org.codehaus.groovy.ast.expr.EmptyExpression>: null

2023-09-21 17:12:29 - [TEST_STEP][PASSED] - zipV = <not implemented yet for class: org.codehaus.groovy.ast.expr.EmptyExpression>: null

2023-09-21 17:12:29 - [TEST_STEP][PASSED] - cardTypeV = <not implemented yet for class: org.codehaus.groovy.ast.expr.EmptyExpression>: null

2023-09-21 17:12:29 - [TEST_STEP][PASSED] - last4V = <not implemented yet for class: org.codehaus.groovy.ast.expr.EmptyExpression>: null

2023-09-21 17:12:29 - [TEST_STEP][PASSED] - nameSheet = "CC-Payments-Sale": null

2023-09-21 17:12:29 - [TEST_STEP][PASSED] - numOfRows = findTestData("QA/Bootstrap/VSP-Payments-TestData/CC-Payments-Sale").getRowNumbers(): null

2023-09-21 17:12:30 - [TEST_STEP][PASSED] - println("Number of Records: " + numOfRows): null

2023-09-21 17:12:30 - [TEST_STEP][PASSED] - dataFile = "QA/Bootstrap/VSP-Payments-TestData/CC-Payments-Sale": null

2023-09-21 17:12:30 - [TEST_STEP][PASSED] - for ([row = 1, row <= numOfRows, (row++)]): Browser is closed

2023-09-21 17:12:30 - [TEST_STEP][PASSED] - ExecuteTC = findTestData(dataFile).getValue("Execute", row): null

2023-09-21 17:12:31 - [TEST_STEP][PASSED] - out.println("Value of Execute is : " + ExecuteTC): null

2023-09-21 17:12:31 - [TEST_STEP][PASSED] - switch (executionProfile): null

2023-09-21 17:12:31 - [TEST_STEP][PASSED] - case "QA2Profile":: null

2023-09-21 17:12:31 - [TEST_STEP][PASSED] - appName = findTestData(dataFile).getValue("AppNameQA", row): null

2023-09-21 17:12:31 - [TEST_STEP][PASSED] - appID = findTestData(dataFile).getValue("AppIDQA", row): null

2023-09-21 17:12:31 - [TEST_STEP][PASSED] - break: null

2023-09-21 17:12:31 - [TEST_STEP][PASSED] - if (ExecuteTC.equalsIgnoreCase("Y")): null

2023-09-21 17:12:31 - [TEST_STEP][PASSED] - out.println("Begin Record Number: " + row): null

2023-09-21 17:12:31 - [TEST_STEP][PASSED] - today = new java.util.Date(): null

2023-09-21 17:12:31 - [TEST_STEP][PASSED] - println(today): null

2023-09-21 17:12:31 - [TEST_STEP][PASSED] - datText = today: null

2023-09-21 17:12:31 - [TEST_STEP][PASSED] - adminSuiteBootstrap.loginFunctionality.login_AdminSuite(): adminSuiteBootstrap.loginFunctionality.login_AdminSuite is PASSED

2023-09-21 17:12:32 - [MESSAGE][INFO] - Starting 'Chrome' driver

2023-09-21 17:12:32 - [MESSAGE][INFO] - User set preference: ['acceptInsecureCerts', 'true']

2023-09-21 17:12:32 - [MESSAGE][INFO] - Action delay is set to 0 milliseconds

2023-09-21 17:12:37 - [MESSAGE][PASSED] - Browser is opened with url: 'https://qa2.velocitypayment.com/admin/imtiaz'

2023-09-21 17:12:37 - [MESSAGE][PASSED] - Current window maximized

2023-09-21 17:12:37 - [MESSAGE][PASSED] - Object 'Object Repository/Login_Page/Login_Username_Okta' is present

2023-09-21 17:12:38 - [MESSAGE][PASSED] - Text 'iahmed' is set on object 'Object Repository/Login_Page/Login_Username_Okta'

2023-09-21 17:12:39 - [MESSAGE][PASSED] - Text 'Hello1111111@' is set on object 'Object Repository/Login_Page/Login_Password_Okta'

2023-09-21 17:12:40 - [MESSAGE][PASSED] - Object: 'Object Repository/Login_Page/Login_Submit_Okta' is clicked on

2023-09-21 17:12:40 - [MESSAGE][PASSED] - adminSuiteBootstrap.loginFunctionality.login_AdminSuite is PASSED

2023-09-21 17:12:40 - [TEST_STEP][PASSED] - click(findTestObject(path_Dashboard + appName)): Object: 'Object Repository/AdminSuiteBootstrap_Pages/Dashboard_Bootstrap/a_Access AutoNoCFtp' is clicked on

2023-09-21 17:12:53 - [MESSAGE][PASSED] - Object: 'Object Repository/AdminSuiteBootstrap_Pages/Dashboard_Bootstrap/a_Access AutoNoCFtp' is clicked on

2023-09-21 17:12:53 - [TEST_STEP][PASSED] - click(findTestObject(path_VT + "a_Find Profile")): Object: 'Object Repository/AdminSuiteBootstrap_Pages/VT_Bootstrap/IssueTransactions/a_Find Profile' is clicked on

2023-09-21 17:12:53 - [MESSAGE][PASSED] - Object: 'Object Repository/AdminSuiteBootstrap_Pages/VT_Bootstrap/IssueTransactions/a_Find Profile' is clicked on

2023-09-21 17:12:53 - [TEST_STEP][PASSED] - criteria = <not implemented yet for class: org.codehaus.groovy.ast.expr.EmptyExpression>: null

2023-09-21 17:12:53 - [TEST_STEP][PASSED] - searchBy = <not implemented yet for class: org.codehaus.groovy.ast.expr.EmptyExpression>: null

2023-09-21 17:12:53 - [TEST_STEP][PASSED] - criteria = findTestData(dataFile).getValue("ProfileName", row): null

2023-09-21 17:12:53 - [TEST_STEP][PASSED] - path_SearchProfile = "Object Repository/AdminSuiteBootstrap_Pages/VSP_Bootstrap/SearchProfile/": null

2023-09-21 17:12:53 - [TEST_STEP][PASSED] - setText(findTestObject(path_SearchProfile + "input_Criteria"), criteria): Text 'PaymentsVisa' is set on object 'Object Repository/AdminSuiteBootstrap_Pages/VSP_Bootstrap/SearchProfile/input_Criteria'

2023-09-21 17:12:55 - [MESSAGE][PASSED] - Text 'PaymentsVisa' is set on object 'Object Repository/AdminSuiteBootstrap_Pages/VSP_Bootstrap/SearchProfile/input_Criteria'

2023-09-21 17:12:55 - [TEST_STEP][PASSED] - click(findTestObject(path_SearchProfile + "button_Search")): Object: 'Object Repository/AdminSuiteBootstrap_Pages/VSP_Bootstrap/SearchProfile/button_Search' is clicked on

2023-09-21 17:12:57 - [MESSAGE][PASSED] - Object: 'Object Repository/AdminSuiteBootstrap_Pages/VSP_Bootstrap/SearchProfile/button_Search' is clicked on

2023-09-21 17:12:57 - [TEST_STEP][PASSED] - profNameLink = findTestData(dataFile).getValue("ProfileNameLink", row): null

2023-09-21 17:12:57 - [TEST_STEP][PASSED] - click(findTestObject(path_ViewProfile + profNameLink)): Object: 'Object Repository/AdminSuiteBootstrap_Pages/VSP_Bootstrap/View Profile/a_PaymentsVisa' is clicked on

2023-09-21 17:12:59 - [MESSAGE][PASSED] - Object: 'Object Repository/AdminSuiteBootstrap_Pages/VSP_Bootstrap/View Profile/a_PaymentsVisa' is clicked on

2023-09-21 17:12:59 - [TEST_STEP][PASSED] - click(findTestObject(path_ViewProfile + "a_AuthCap")): Object: 'Object Repository/AdminSuiteBootstrap_Pages/VSP_Bootstrap/View Profile/a_AuthCap' is clicked on

2023-09-21 17:13:00 - [MESSAGE][PASSED] - Object: 'Object Repository/AdminSuiteBootstrap_Pages/VSP_Bootstrap/View Profile/a_AuthCap' is clicked on

2023-09-21 17:13:00 - [TEST_STEP][PASSED] - verifyTextPresent("Credit Card Authorization Capture", true): Text 'Credit Card Authorization Capture' is present on page  using regular expression

2023-09-21 17:13:01 - [MESSAGE][PASSED] - Text 'Credit Card Authorization Capture' is present on page  using regular expression

2023-09-21 17:13:01 - [TEST_STEP][PASSED] - verifyTextPresent("Sale", true): Text 'Sale' is present on page  using regular expression

2023-09-21 17:13:02 - [MESSAGE][PASSED] - Text 'Sale' is present on page  using regular expression

2023-09-21 17:13:02 - [TEST_STEP][PASSED] - verifyTextPresent("Required fields are highlighted with an asterisk", true): Text 'Required fields are highlighted with an asterisk' is present on page  using regular expression

2023-09-21 17:13:02 - [MESSAGE][PASSED] - Text 'Required fields are highlighted with an asterisk' is present on page  using regular expression

2023-09-21 17:13:02 - [TEST_STEP][PASSED] - verifyTextPresent("Remittance ID", true): Text 'Remittance ID' is present on page  using regular expression

2023-09-21 17:13:02 - [MESSAGE][PASSED] - Text 'Remittance ID' is present on page  using regular expression

2023-09-21 17:13:02 - [TEST_STEP][PASSED] - vspBootstrap.SalePage.setDataSaleAndAuth(row, dataFile): vspBootstrap.SalePage.setDataSaleAndAuth is PASSED

2023-09-21 17:13:04 - [MESSAGE][PASSED] - All options with value 'MOTO' are selected in object 'Object Repository/AdminSuiteBootstrap_Pages/VSP_Bootstrap/VSP_Authcap/select_TransactionCategory'  using regular expression

2023-09-21 17:13:05 - [MESSAGE][PASSED] - Text '123' is set on object 'Object Repository/AdminSuiteBootstrap_Pages/VSP_Bootstrap/VSP_Authcap/input_cvv'

2023-09-21 17:13:05 - [MESSAGE][PASSED] - Text '' is set on object 'Object Repository/AdminSuiteBootstrap_Pages/VSP_Bootstrap/VSP_Authcap/input_smsNumber'

2023-09-21 17:13:06 - [MESSAGE][PASSED] - Text '2.50' is set on object 'Object Repository/AdminSuiteBootstrap_Pages/VSP_Bootstrap/VSP_Authcap/input_amount'

2023-09-21 17:13:07 - [MESSAGE][PASSED] - Text 'Delhi' is set on object 'Object Repository/AdminSuiteBootstrap_Pages/VSP_Bootstrap/VSP_Authcap/input_userDefined1'

2023-09-21 17:13:07 - [MESSAGE][PASSED] - Text 'Chennai' is set on object 'Object Repository/AdminSuiteBootstrap_Pages/VSP_Bootstrap/VSP_Authcap/input_userDefined2'

2023-09-21 17:13:08 - [MESSAGE][PASSED] - Text 'Mumbai' is set on object 'Object Repository/AdminSuiteBootstrap_Pages/VSP_Bootstrap/VSP_Authcap/input_userDefined3'

2023-09-21 17:13:09 - [MESSAGE][PASSED] - Text 'Kanpur' is set on object 'Object Repository/AdminSuiteBootstrap_Pages/VSP_Bootstrap/VSP_Authcap/input_userDefined4'

2023-09-21 17:13:10 - [MESSAGE][PASSED] - All options with label 'Orange' are selected in object 'Object Repository/AdminSuiteBootstrap_Pages/VSP_Bootstrap/VSP_Authcap/select_UDF5'  using regular expression

2023-09-21 17:13:10 - [MESSAGE][PASSED] - All options with label 'Yellow' are selected in object 'Object Repository/AdminSuiteBootstrap_Pages/VSP_Bootstrap/VSP_Authcap/select_UDF6'  using regular expression

2023-09-21 17:13:11 - [MESSAGE][PASSED] - Text 'Kolkata' is set on object 'Object Repository/AdminSuiteBootstrap_Pages/VSP_Bootstrap/VSP_Authcap/input_userDefined7'

2023-09-21 17:13:12 - [MESSAGE][PASSED] - Text 'Pune' is set on object 'Object Repository/AdminSuiteBootstrap_Pages/VSP_Bootstrap/VSP_Authcap/input_userDefined8'

2023-09-21 17:13:12 - [MESSAGE][PASSED] - Text 'Bhavnagar' is set on object 'Object Repository/AdminSuiteBootstrap_Pages/VSP_Bootstrap/VSP_Authcap/input_userDefined9'

2023-09-21 17:13:13 - [MESSAGE][PASSED] - Text 'Noida' is set on object 'Object Repository/AdminSuiteBootstrap_Pages/VSP_Bootstrap/VSP_Authcap/input_userDefined10'

2023-09-21 17:13:15 - [MESSAGE][PASSED] - Object: 'Object Repository/AdminSuiteBootstrap_Pages/VSP_Bootstrap/VSP_Authcap/button_Submit' is clicked on

2023-09-21 17:13:15 - [MESSAGE][PASSED] - vspBootstrap.SalePage.setDataSaleAndAuth is PASSED

2023-09-21 17:13:15 - [TEST_STEP][PASSED] - verifyTextPresent("Transaction Successful", true): Text 'Transaction Successful' is present on page  using regular expression

2023-09-21 17:13:16 - [MESSAGE][PASSED] - Text 'Transaction Successful' is present on page  using regular expression

2023-09-21 17:13:16 - [TEST_STEP][PASSED] - verifyElementVisible(findTestObject("Object Repository/AdminSuiteBootstrap_Pages/VT_Bootstrap/Receipt/button_Continue")): Object 'Object Repository/AdminSuiteBootstrap_Pages/VT_Bootstrap/Receipt/button_Continue' is visible

2023-09-21 17:13:16 - [MESSAGE][PASSED] - Object 'Object Repository/AdminSuiteBootstrap_Pages/VT_Bootstrap/Receipt/button_Continue' is visible

2023-09-21 17:13:16 - [TEST_STEP][PASSED] - verifyElementPresent(findTestObject("Object Repository/AdminSuiteBootstrap_Pages/VT_Bootstrap/Receipt/button_Continue"), 20): Object 'Object Repository/AdminSuiteBootstrap_Pages/VT_Bootstrap/Receipt/button_Continue' is present

2023-09-21 17:13:17 - [MESSAGE][PASSED] - Object 'Object Repository/AdminSuiteBootstrap_Pages/VT_Bootstrap/Receipt/button_Continue' is present

2023-09-21 17:13:17 - [TEST_STEP][PASSED] - verifyElementVisible(findTestObject("Object Repository/AdminSuiteBootstrap_Pages/VT_Bootstrap/Receipt/button_Print")): Object 'Object Repository/AdminSuiteBootstrap_Pages/VT_Bootstrap/Receipt/button_Print' is visible

2023-09-21 17:13:17 - [MESSAGE][PASSED] - Object 'Object Repository/AdminSuiteBootstrap_Pages/VT_Bootstrap/Receipt/button_Print' is visible

2023-09-21 17:13:17 - [TEST_STEP][PASSED] - verifyElementPresent(findTestObject("Object Repository/AdminSuiteBootstrap_Pages/VT_Bootstrap/Receipt/button_Print"), 20): Object 'Object Repository/AdminSuiteBootstrap_Pages/VT_Bootstrap/Receipt/button_Print' is present

2023-09-21 17:13:18 - [MESSAGE][PASSED] - Object 'Object Repository/AdminSuiteBootstrap_Pages/VT_Bootstrap/Receipt/button_Print' is present

2023-09-21 17:13:18 - [TEST_STEP][PASSED] - verifyTextPresent("Remittance ID", true): Text 'Remittance ID' is present on page  using regular expression

2023-09-21 17:13:18 - [MESSAGE][PASSED] - Text 'Remittance ID' is present on page  using regular expression

2023-09-21 17:13:18 - [TEST_STEP][PASSED] - verifyTextPresent("Received", true): Text 'Received' is present on page  using regular expression

2023-09-21 17:13:19 - [MESSAGE][PASSED] - Text 'Received' is present on page  using regular expression

2023-09-21 17:13:19 - [TEST_STEP][PASSED] - verifyTextPresent("UDF1", true): Text 'UDF1' is present on page  using regular expression

2023-09-21 17:13:19 - [MESSAGE][PASSED] - Text 'UDF1' is present on page  using regular expression

2023-09-21 17:13:19 - [TEST_STEP][PASSED] - verifyTextPresent("UDF2", true): Text 'UDF2' is present on page  using regular expression

2023-09-21 17:13:20 - [MESSAGE][PASSED] - Text 'UDF2' is present on page  using regular expression

2023-09-21 17:13:20 - [TEST_STEP][PASSED] - verifyTextPresent("UDF3", true): Text 'UDF3' is present on page  using regular expression

2023-09-21 17:13:20 - [MESSAGE][PASSED] - Text 'UDF3' is present on page  using regular expression

2023-09-21 17:13:20 - [TEST_STEP][PASSED] - verifyTextPresent("UDF4", true): Text 'UDF4' is present on page  using regular expression

2023-09-21 17:13:20 - [MESSAGE][PASSED] - Text 'UDF4' is present on page  using regular expression

2023-09-21 17:13:20 - [TEST_STEP][PASSED] - verifyTextPresent("UDF5", true): Text 'UDF5' is present on page  using regular expression

2023-09-21 17:13:21 - [MESSAGE][PASSED] - Text 'UDF5' is present on page  using regular expression

2023-09-21 17:13:21 - [TEST_STEP][PASSED] - verifyTextPresent("UDF6", true): Text 'UDF6' is present on page  using regular expression

2023-09-21 17:13:21 - [MESSAGE][PASSED] - Text 'UDF6' is present on page  using regular expression

2023-09-21 17:13:21 - [TEST_STEP][PASSED] - verifyTextPresent("UDF7", true): Text 'UDF7' is present on page  using regular expression

2023-09-21 17:13:21 - [MESSAGE][PASSED] - Text 'UDF7' is present on page  using regular expression

2023-09-21 17:13:21 - [TEST_STEP][PASSED] - verifyTextPresent("UDF8", true): Text 'UDF8' is present on page  using regular expression

2023-09-21 17:13:22 - [MESSAGE][PASSED] - Text 'UDF8' is present on page  using regular expression

2023-09-21 17:13:22 - [TEST_STEP][PASSED] - verifyTextPresent("UDF9", true): Text 'UDF9' is present on page  using regular expression

2023-09-21 17:13:22 - [MESSAGE][PASSED] - Text 'UDF9' is present on page  using regular expression

2023-09-21 17:13:22 - [TEST_STEP][PASSED] - verifyTextPresent("UDF 10", true): Text 'UDF 10' is present on page  using regular expression

2023-09-21 17:13:23 - [MESSAGE][PASSED] - Text 'UDF 10' is present on page  using regular expression

2023-09-21 17:13:23 - [TEST_STEP][PASSED] - verifyTextPresent("Delhi", true): Text 'Delhi' is present on page  using regular expression

2023-09-21 17:13:23 - [MESSAGE][PASSED] - Text 'Delhi' is present on page  using regular expression

2023-09-21 17:13:23 - [TEST_STEP][PASSED] - verifyTextPresent("Chennai", true): Text 'Chennai' is present on page  using regular expression

2023-09-21 17:13:23 - [MESSAGE][PASSED] - Text 'Chennai' is present on page  using regular expression

2023-09-21 17:13:23 - [TEST_STEP][PASSED] - verifyTextPresent("Mumbai", true): Text 'Mumbai' is present on page  using regular expression

2023-09-21 17:13:23 - [MESSAGE][PASSED] - Text 'Mumbai' is present on page  using regular expression

2023-09-21 17:13:23 - [TEST_STEP][PASSED] - verifyTextPresent("Kanpur", true): Text 'Kanpur' is present on page  using regular expression

2023-09-21 17:13:24 - [MESSAGE][PASSED] - Text 'Kanpur' is present on page  using regular expression

2023-09-21 17:13:24 - [TEST_STEP][PASSED] - verifyTextPresent("Orange Recorded", true): Text 'Orange Recorded' is present on page  using regular expression

2023-09-21 17:13:24 - [MESSAGE][PASSED] - Text 'Orange Recorded' is present on page  using regular expression

2023-09-21 17:13:24 - [TEST_STEP][PASSED] - verifyTextPresent("Yellow Recorded", true): Text 'Yellow Recorded' is present on page  using regular expression

2023-09-21 17:13:25 - [MESSAGE][PASSED] - Text 'Yellow Recorded' is present on page  using regular expression

2023-09-21 17:13:25 - [TEST_STEP][PASSED] - verifyTextPresent("Kolkata", true): Text 'Kolkata' is present on page  using regular expression

2023-09-21 17:13:25 - [MESSAGE][PASSED] - Text 'Kolkata' is present on page  using regular expression

2023-09-21 17:13:25 - [TEST_STEP][PASSED] - verifyTextPresent("Pune", true): Text 'Pune' is present on page  using regular expression

2023-09-21 17:13:25 - [MESSAGE][PASSED] - Text 'Pune' is present on page  using regular expression

2023-09-21 17:13:25 - [TEST_STEP][PASSED] - verifyTextPresent("Bhavnagar", true): Text 'Bhavnagar' is present on page  using regular expression

2023-09-21 17:13:26 - [MESSAGE][PASSED] - Text 'Bhavnagar' is present on page  using regular expression

2023-09-21 17:13:26 - [TEST_STEP][PASSED] - verifyTextPresent("Noida", true): Text 'Noida' is present on page  using regular expression

2023-09-21 17:13:26 - [MESSAGE][PASSED] - Text 'Noida' is present on page  using regular expression

2023-09-21 17:13:26 - [TEST_STEP][PASSED] - verifyTextPresent("Amount", true): Text 'Amount' is present on page  using regular expression

2023-09-21 17:13:26 - [MESSAGE][PASSED] - Text 'Amount' is present on page  using regular expression

2023-09-21 17:13:26 - [TEST_STEP][PASSED] - verifyTextPresent("2.50", true): Text '2.50' is present on page  using regular expression

2023-09-21 17:13:27 - [MESSAGE][PASSED] - Text '2.50' is present on page  using regular expression

2023-09-21 17:13:27 - [TEST_STEP][PASSED] - verifyTextPresent("Authorization and Capture", true): Text 'Authorization and Capture' is present on page  using regular expression

2023-09-21 17:13:27 - [MESSAGE][PASSED] - Text 'Authorization and Capture' is present on page  using regular expression

2023-09-21 17:13:27 - [TEST_STEP][PASSED] - verifyTextPresent("Card Information", true): Text 'Card Information' is present on page  using regular expression

2023-09-21 17:13:27 - [MESSAGE][PASSED] - Text 'Card Information' is present on page  using regular expression

2023-09-21 17:13:27 - [TEST_STEP][PASSED] - verifyTextPresent("TANDON RAVENA", true): Text 'TANDON RAVENA' is present on page  using regular expression

2023-09-21 17:13:28 - [MESSAGE][PASSED] - Text 'TANDON RAVENA' is present on page  using regular expression

2023-09-21 17:13:28 - [TEST_STEP][PASSED] - verifyTextPresent("Address Line 1", true): Text 'Address Line 1' is present on page  using regular expression

2023-09-21 17:13:28 - [MESSAGE][PASSED] - Text 'Address Line 1' is present on page  using regular expression

2023-09-21 17:13:28 - [TEST_STEP][PASSED] - verifyTextPresent("Address Line 2", true): Text 'Address Line 2' is present on page  using regular expression

2023-09-21 17:13:28 - [MESSAGE][PASSED] - Text 'Address Line 2' is present on page  using regular expression

2023-09-21 17:13:28 - [TEST_STEP][PASSED] - verifyTextPresent("Country", true): Text 'Country' is present on page  using regular expression

2023-09-21 17:13:29 - [MESSAGE][PASSED] - Text 'Country' is present on page  using regular expression

2023-09-21 17:13:29 - [TEST_STEP][PASSED] - verifyTextPresent("City", true): Text 'City' is present on page  using regular expression

2023-09-21 17:13:29 - [MESSAGE][PASSED] - Text 'City' is present on page  using regular expression

2023-09-21 17:13:29 - [TEST_STEP][PASSED] - verifyTextPresent("State", true): Text 'State' is present on page  using regular expression

2023-09-21 17:13:29 - [MESSAGE][PASSED] - Text 'State' is present on page  using regular expression

2023-09-21 17:13:29 - [TEST_STEP][PASSED] - verifyTextPresent("ZIP Code", true): Text 'ZIP Code' is present on page  using regular expression

2023-09-21 17:13:29 - [MESSAGE][PASSED] - Text 'ZIP Code' is present on page  using regular expression

2023-09-21 17:13:29 - [TEST_STEP][PASSED] - verifyTextPresent("248 PhoolKaante road", true): Text '248 PhoolKaante road' is present on page  using regular expression

2023-09-21 17:13:30 - [MESSAGE][PASSED] - Text '248 PhoolKaante road' is present on page  using regular expression

2023-09-21 17:13:30 - [TEST_STEP][PASSED] - verifyTextPresent("Suite 678", true): Text 'Suite 678' is present on page  using regular expression

2023-09-21 17:13:30 - [MESSAGE][PASSED] - Text 'Suite 678' is present on page  using regular expression

2023-09-21 17:13:30 - [TEST_STEP][PASSED] - verifyTextPresent("United States", true): Text 'United States' is present on page  using regular expression

2023-09-21 17:13:31 - [MESSAGE][PASSED] - Text 'United States' is present on page  using regular expression

2023-09-21 17:13:31 - [TEST_STEP][PASSED] - verifyTextPresent("ARLINGTON", true): Text 'ARLINGTON' is present on page  using regular expression

2023-09-21 17:13:31 - [MESSAGE][PASSED] - Text 'ARLINGTON' is present on page  using regular expression

2023-09-21 17:13:31 - [TEST_STEP][PASSED] - verifyTextPresent("VA", true): Text 'VA' is present on page  using regular expression

2023-09-21 17:13:31 - [MESSAGE][PASSED] - Text 'VA' is present on page  using regular expression

2023-09-21 17:13:31 - [TEST_STEP][PASSED] - verifyTextPresent("22201", true): Text '22201' is present on page  using regular expression

2023-09-21 17:13:32 - [MESSAGE][PASSED] - Text '22201' is present on page  using regular expression

2023-09-21 17:13:32 - [TEST_STEP][PASSED] - cardTypeV = findTestData(dataFile).getValue("CardType", row): null

2023-09-21 17:13:32 - [TEST_STEP][PASSED] - last4V = findTestData(dataFile).getValue("Last4", row): null

2023-09-21 17:13:32 - [TEST_STEP][PASSED] - verifyTextPresent(cardTypeV, true): Text 'Visa' is present on page  using regular expression

2023-09-21 17:13:32 - [MESSAGE][PASSED] - Text 'Visa' is present on page  using regular expression

2023-09-21 17:13:32 - [TEST_STEP][PASSED] - verifyTextPresent(last4V, true): Text '5439' is present on page  using regular expression

2023-09-21 17:13:32 - [MESSAGE][PASSED] - Text '5439' is present on page  using regular expression

2023-09-21 17:13:32 - [TEST_STEP][PASSED] - switch (appName): null

2023-09-21 17:13:32 - [TEST_STEP][PASSED] - closeBrowser(): Browser is closed

2023-09-21 17:13:33 - [MESSAGE][PASSED] - Browser is closed

2023-09-21 17:13:33 - [TEST_STEP][PASSED] - ExecuteTC = findTestData(dataFile).getValue("Execute", row): null

2023-09-21 17:13:33 - [TEST_STEP][PASSED] - out.println("Value of Execute is : " + ExecuteTC): null

2023-09-21 17:13:33 - [TEST_STEP][PASSED] - switch (executionProfile): null

2023-09-21 17:13:33 - [TEST_STEP][PASSED] - case "QA2Profile":: null

2023-09-21 17:13:33 - [TEST_STEP][PASSED] - appName = findTestData(dataFile).getValue("AppNameQA", row): null

2023-09-21 17:13:33 - [TEST_STEP][PASSED] - appID = findTestData(dataFile).getValue("AppIDQA", row): null

2023-09-21 17:13:34 - [TEST_STEP][PASSED] - break: null

2023-09-21 17:13:34 - [TEST_STEP][PASSED] - if (ExecuteTC.equalsIgnoreCase("Y")): null

2023-09-21 17:13:34 - [TEST_STEP][PASSED] - out.println("Begin Record Number: " + row): null

2023-09-21 17:13:34 - [TEST_STEP][PASSED] - today = new java.util.Date(): null

2023-09-21 17:13:34 - [TEST_STEP][PASSED] - println(today): null

2023-09-21 17:13:34 - [TEST_STEP][PASSED] - datText = today: null

2023-09-21 17:13:34 - [TEST_STEP][PASSED] - adminSuiteBootstrap.loginFunctionality.login_AdminSuite(): adminSuiteBootstrap.loginFunctionality.login_AdminSuite is PASSED

2023-09-21 17:13:34 - [MESSAGE][INFO] - Starting 'Chrome' driver

2023-09-21 17:13:34 - [MESSAGE][INFO] - User set preference: ['acceptInsecureCerts', 'true']

2023-09-21 17:13:34 - [MESSAGE][INFO] - Action delay is set to 0 milliseconds

2023-09-21 17:13:36 - [MESSAGE][PASSED] - Browser is opened with url: 'https://qa2.velocitypayment.com/admin/imtiaz'

2023-09-21 17:13:36 - [MESSAGE][PASSED] - Current window maximized

2023-09-21 17:13:37 - [MESSAGE][PASSED] - Object 'Object Repository/Login_Page/Login_Username_Okta' is present

2023-09-21 17:13:38 - [MESSAGE][PASSED] - Text 'iahmed' is set on object 'Object Repository/Login_Page/Login_Username_Okta'

2023-09-21 17:13:39 - [MESSAGE][PASSED] - Text 'Hello1111111@' is set on object 'Object Repository/Login_Page/Login_Password_Okta'

2023-09-21 17:13:39 - [MESSAGE][PASSED] - Object: 'Object Repository/Login_Page/Login_Submit_Okta' is clicked on

2023-09-21 17:13:39 - [MESSAGE][PASSED] - adminSuiteBootstrap.loginFunctionality.login_AdminSuite is PASSED

2023-09-21 17:13:39 - [TEST_STEP][PASSED] - click(findTestObject(path_Dashboard + appName)): Object: 'Object Repository/AdminSuiteBootstrap_Pages/Dashboard_Bootstrap/a_Access AutoNoCFtp' is clicked on

2023-09-21 17:13:50 - [MESSAGE][PASSED] - Object: 'Object Repository/AdminSuiteBootstrap_Pages/Dashboard_Bootstrap/a_Access AutoNoCFtp' is clicked on

2023-09-21 17:13:50 - [TEST_STEP][PASSED] - click(findTestObject(path_VT + "a_Find Profile")): Object: 'Object Repository/AdminSuiteBootstrap_Pages/VT_Bootstrap/IssueTransactions/a_Find Profile' is clicked on

2023-09-21 17:13:51 - [MESSAGE][PASSED] - Object: 'Object Repository/AdminSuiteBootstrap_Pages/VT_Bootstrap/IssueTransactions/a_Find Profile' is clicked on

2023-09-21 17:13:51 - [TEST_STEP][PASSED] - criteria = <not implemented yet for class: org.codehaus.groovy.ast.expr.EmptyExpression>: null

2023-09-21 17:13:51 - [TEST_STEP][PASSED] - searchBy = <not implemented yet for class: org.codehaus.groovy.ast.expr.EmptyExpression>: null

2023-09-21 17:13:51 - [TEST_STEP][PASSED] - criteria = findTestData(dataFile).getValue("ProfileName", row): null

2023-09-21 17:13:51 - [TEST_STEP][PASSED] - path_SearchProfile = "Object Repository/AdminSuiteBootstrap_Pages/VSP_Bootstrap/SearchProfile/": null

2023-09-21 17:13:51 - [TEST_STEP][PASSED] - setText(findTestObject(path_SearchProfile + "input_Criteria"), criteria): Text 'PaymentsMC' is set on object 'Object Repository/AdminSuiteBootstrap_Pages/VSP_Bootstrap/SearchProfile/input_Criteria'

2023-09-21 17:13:52 - [MESSAGE][PASSED] - Text 'PaymentsMC' is set on object 'Object Repository/AdminSuiteBootstrap_Pages/VSP_Bootstrap/SearchProfile/input_Criteria'

2023-09-21 17:13:52 - [TEST_STEP][PASSED] - click(findTestObject(path_SearchProfile + "button_Search")): Object: 'Object Repository/AdminSuiteBootstrap_Pages/VSP_Bootstrap/SearchProfile/button_Search' is clicked on

2023-09-21 17:13:53 - [MESSAGE][PASSED] - Object: 'Object Repository/AdminSuiteBootstrap_Pages/VSP_Bootstrap/SearchProfile/button_Search' is clicked on

2023-09-21 17:13:53 - [TEST_STEP][PASSED] - profNameLink = findTestData(dataFile).getValue("ProfileNameLink", row): null

2023-09-21 17:13:53 - [TEST_STEP][PASSED] - click(findTestObject(path_ViewProfile + profNameLink)): Object: 'Object Repository/AdminSuiteBootstrap_Pages/VSP_Bootstrap/View Profile/a_PaymentsMC' is clicked on

2023-09-21 17:13:54 - [MESSAGE][PASSED] - Object: 'Object Repository/AdminSuiteBootstrap_Pages/VSP_Bootstrap/View Profile/a_PaymentsMC' is clicked on

2023-09-21 17:13:54 - [TEST_STEP][PASSED] - click(findTestObject(path_ViewProfile + "a_AuthCap")): Object: 'Object Repository/AdminSuiteBootstrap_Pages/VSP_Bootstrap/View Profile/a_AuthCap' is clicked on

2023-09-21 17:13:55 - [MESSAGE][PASSED] - Object: 'Object Repository/AdminSuiteBootstrap_Pages/VSP_Bootstrap/View Profile/a_AuthCap' is clicked on

2023-09-21 17:13:55 - [TEST_STEP][PASSED] - verifyTextPresent("Credit Card Authorization Capture", true): Text 'Credit Card Authorization Capture' is present on page  using regular expression

2023-09-21 17:13:56 - [MESSAGE][PASSED] - Text 'Credit Card Authorization Capture' is present on page  using regular expression

2023-09-21 17:13:56 - [TEST_STEP][PASSED] - verifyTextPresent("Sale", true): Text 'Sale' is present on page  using regular expression

2023-09-21 17:13:56 - [MESSAGE][PASSED] - Text 'Sale' is present on page  using regular expression

2023-09-21 17:13:56 - [TEST_STEP][PASSED] - verifyTextPresent("Required fields are highlighted with an asterisk", true): Text 'Required fields are highlighted with an asterisk' is present on page  using regular expression

2023-09-21 17:13:57 - [MESSAGE][PASSED] - Text 'Required fields are highlighted with an asterisk' is present on page  using regular expression

2023-09-21 17:13:57 - [TEST_STEP][PASSED] - verifyTextPresent("Remittance ID", true): Text 'Remittance ID' is present on page  using regular expression

2023-09-21 17:13:57 - [MESSAGE][PASSED] - Text 'Remittance ID' is present on page  using regular expression

2023-09-21 17:13:57 - [TEST_STEP][PASSED] - vspBootstrap.SalePage.setDataSaleAndAuth(row, dataFile): vspBootstrap.SalePage.setDataSaleAndAuth is PASSED

2023-09-21 17:13:59 - [MESSAGE][PASSED] - All options with value 'MOTO' are selected in object 'Object Repository/AdminSuiteBootstrap_Pages/VSP_Bootstrap/VSP_Authcap/select_TransactionCategory'  using regular expression

2023-09-21 17:13:59 - [MESSAGE][PASSED] - Text '123' is set on object 'Object Repository/AdminSuiteBootstrap_Pages/VSP_Bootstrap/VSP_Authcap/input_cvv'

2023-09-21 17:14:00 - [MESSAGE][PASSED] - Text '' is set on object 'Object Repository/AdminSuiteBootstrap_Pages/VSP_Bootstrap/VSP_Authcap/input_smsNumber'

2023-09-21 17:14:01 - [MESSAGE][PASSED] - Text '2.50' is set on object 'Object Repository/AdminSuiteBootstrap_Pages/VSP_Bootstrap/VSP_Authcap/input_amount'

2023-09-21 17:14:01 - [MESSAGE][PASSED] - Text 'Delhi' is set on object 'Object Repository/AdminSuiteBootstrap_Pages/VSP_Bootstrap/VSP_Authcap/input_userDefined1'

2023-09-21 17:14:02 - [MESSAGE][PASSED] - Text 'Chennai' is set on object 'Object Repository/AdminSuiteBootstrap_Pages/VSP_Bootstrap/VSP_Authcap/input_userDefined2'

2023-09-21 17:14:03 - [MESSAGE][PASSED] - Text 'Mumbai' is set on object 'Object Repository/AdminSuiteBootstrap_Pages/VSP_Bootstrap/VSP_Authcap/input_userDefined3'

2023-09-21 17:14:03 - [MESSAGE][PASSED] - Text 'Kanpur' is set on object 'Object Repository/AdminSuiteBootstrap_Pages/VSP_Bootstrap/VSP_Authcap/input_userDefined4'

2023-09-21 17:14:04 - [MESSAGE][PASSED] - All options with label 'Orange' are selected in object 'Object Repository/AdminSuiteBootstrap_Pages/VSP_Bootstrap/VSP_Authcap/select_UDF5'  using regular expression

2023-09-21 17:14:05 - [MESSAGE][PASSED] - All options with label 'Yellow' are selected in object 'Object Repository/AdminSuiteBootstrap_Pages/VSP_Bootstrap/VSP_Authcap/select_UDF6'  using regular expression

2023-09-21 17:14:06 - [MESSAGE][PASSED] - Text 'Kolkata' is set on object 'Object Repository/AdminSuiteBootstrap_Pages/VSP_Bootstrap/VSP_Authcap/input_userDefined7'

2023-09-21 17:14:06 - [MESSAGE][PASSED] - Text 'Pune' is set on object 'Object Repository/AdminSuiteBootstrap_Pages/VSP_Bootstrap/VSP_Authcap/input_userDefined8'

2023-09-21 17:14:07 - [MESSAGE][PASSED] - Text 'Bhavnagar' is set on object 'Object Repository/AdminSuiteBootstrap_Pages/VSP_Bootstrap/VSP_Authcap/input_userDefined9'

2023-09-21 17:14:08 - [MESSAGE][PASSED] - Text 'Noida' is set on object 'Object Repository/AdminSuiteBootstrap_Pages/VSP_Bootstrap/VSP_Authcap/input_userDefined10'

2023-09-21 17:14:09 - [MESSAGE][PASSED] - Object: 'Object Repository/AdminSuiteBootstrap_Pages/VSP_Bootstrap/VSP_Authcap/button_Submit' is clicked on

2023-09-21 17:14:09 - [MESSAGE][PASSED] - vspBootstrap.SalePage.setDataSaleAndAuth is PASSED

2023-09-21 17:14:09 - [TEST_STEP][PASSED] - verifyTextPresent("Transaction Successful", true): Text 'Transaction Successful' is present on page  using regular expression

2023-09-21 17:14:10 - [MESSAGE][PASSED] - Text 'Transaction Successful' is present on page  using regular expression

2023-09-21 17:14:10 - [TEST_STEP][PASSED] - verifyElementVisible(findTestObject("Object Repository/AdminSuiteBootstrap_Pages/VT_Bootstrap/Receipt/button_Continue")): Object 'Object Repository/AdminSuiteBootstrap_Pages/VT_Bootstrap/Receipt/button_Continue' is visible

2023-09-21 17:14:10 - [MESSAGE][PASSED] - Object 'Object Repository/AdminSuiteBootstrap_Pages/VT_Bootstrap/Receipt/button_Continue' is visible

2023-09-21 17:14:10 - [TEST_STEP][PASSED] - verifyElementPresent(findTestObject("Object Repository/AdminSuiteBootstrap_Pages/VT_Bootstrap/Receipt/button_Continue"), 20): Object 'Object Repository/AdminSuiteBootstrap_Pages/VT_Bootstrap/Receipt/button_Continue' is present

2023-09-21 17:14:10 - [MESSAGE][PASSED] - Object 'Object Repository/AdminSuiteBootstrap_Pages/VT_Bootstrap/Receipt/button_Continue' is present

2023-09-21 17:14:10 - [TEST_STEP][PASSED] - verifyElementVisible(findTestObject("Object Repository/AdminSuiteBootstrap_Pages/VT_Bootstrap/Receipt/button_Print")): Object 'Object Repository/AdminSuiteBootstrap_Pages/VT_Bootstrap/Receipt/button_Print' is visible

2023-09-21 17:14:11 - [MESSAGE][PASSED] - Object 'Object Repository/AdminSuiteBootstrap_Pages/VT_Bootstrap/Receipt/button_Print' is visible

2023-09-21 17:14:11 - [TEST_STEP][PASSED] - verifyElementPresent(findTestObject("Object Repository/AdminSuiteBootstrap_Pages/VT_Bootstrap/Receipt/button_Print"), 20): Object 'Object Repository/AdminSuiteBootstrap_Pages/VT_Bootstrap/Receipt/button_Print' is present

2023-09-21 17:14:11 - [MESSAGE][PASSED] - Object 'Object Repository/AdminSuiteBootstrap_Pages/VT_Bootstrap/Receipt/button_Print' is present

2023-09-21 17:14:11 - [TEST_STEP][PASSED] - verifyTextPresent("Remittance ID", true): Text 'Remittance ID' is present on page  using regular expression

2023-09-21 17:14:11 - [MESSAGE][PASSED] - Text 'Remittance ID' is present on page  using regular expression

2023-09-21 17:14:11 - [TEST_STEP][PASSED] - verifyTextPresent("Received", true): Text 'Received' is present on page  using regular expression

2023-09-21 17:14:12 - [MESSAGE][PASSED] - Text 'Received' is present on page  using regular expression

2023-09-21 17:14:12 - [TEST_STEP][PASSED] - verifyTextPresent("UDF1", true): Text 'UDF1' is present on page  using regular expression

2023-09-21 17:14:12 - [MESSAGE][PASSED] - Text 'UDF1' is present on page  using regular expression

2023-09-21 17:14:12 - [TEST_STEP][PASSED] - verifyTextPresent("UDF2", true): Text 'UDF2' is present on page  using regular expression

2023-09-21 17:14:12 - [MESSAGE][PASSED] - Text 'UDF2' is present on page  using regular expression

2023-09-21 17:14:12 - [TEST_STEP][PASSED] - verifyTextPresent("UDF3", true): Text 'UDF3' is present on page  using regular expression

2023-09-21 17:14:13 - [MESSAGE][PASSED] - Text 'UDF3' is present on page  using regular expression

2023-09-21 17:14:13 - [TEST_STEP][PASSED] - verifyTextPresent("UDF4", true): Text 'UDF4' is present on page  using regular expression

2023-09-21 17:14:13 - [MESSAGE][PASSED] - Text 'UDF4' is present on page  using regular expression

2023-09-21 17:14:13 - [TEST_STEP][PASSED] - verifyTextPresent("UDF5", true): Text 'UDF5' is present on page  using regular expression

2023-09-21 17:14:13 - [MESSAGE][PASSED] - Text 'UDF5' is present on page  using regular expression

2023-09-21 17:14:13 - [TEST_STEP][PASSED] - verifyTextPresent("UDF6", true): Text 'UDF6' is present on page  using regular expression

2023-09-21 17:14:13 - [MESSAGE][PASSED] - Text 'UDF6' is present on page  using regular expression

2023-09-21 17:14:13 - [TEST_STEP][PASSED] - verifyTextPresent("UDF7", true): Text 'UDF7' is present on page  using regular expression

2023-09-21 17:14:14 - [MESSAGE][PASSED] - Text 'UDF7' is present on page  using regular expression

2023-09-21 17:14:14 - [TEST_STEP][PASSED] - verifyTextPresent("UDF8", true): Text 'UDF8' is present on page  using regular expression

2023-09-21 17:14:14 - [MESSAGE][PASSED] - Text 'UDF8' is present on page  using regular expression

2023-09-21 17:14:14 - [TEST_STEP][PASSED] - verifyTextPresent("UDF9", true): Text 'UDF9' is present on page  using regular expression

2023-09-21 17:14:14 - [MESSAGE][PASSED] - Text 'UDF9' is present on page  using regular expression

2023-09-21 17:14:14 - [TEST_STEP][PASSED] - verifyTextPresent("UDF 10", true): Text 'UDF 10' is present on page  using regular expression

2023-09-21 17:14:15 - [MESSAGE][PASSED] - Text 'UDF 10' is present on page  using regular expression

2023-09-21 17:14:15 - [TEST_STEP][PASSED] - verifyTextPresent("Delhi", true): Text 'Delhi' is present on page  using regular expression

2023-09-21 17:14:15 - [MESSAGE][PASSED] - Text 'Delhi' is present on page  using regular expression

2023-09-21 17:14:15 - [TEST_STEP][PASSED] - verifyTextPresent("Chennai", true): Text 'Chennai' is present on page  using regular expression

2023-09-21 17:14:15 - [MESSAGE][PASSED] - Text 'Chennai' is present on page  using regular expression

2023-09-21 17:14:15 - [TEST_STEP][PASSED] - verifyTextPresent("Mumbai", true): Text 'Mumbai' is present on page  using regular expression

2023-09-21 17:14:16 - [MESSAGE][PASSED] - Text 'Mumbai' is present on page  using regular expression

2023-09-21 17:14:16 - [TEST_STEP][PASSED] - verifyTextPresent("Kanpur", true): Text 'Kanpur' is present on page  using regular expression

2023-09-21 17:14:16 - [MESSAGE][PASSED] - Text 'Kanpur' is present on page  using regular expression

2023-09-21 17:14:16 - [TEST_STEP][PASSED] - verifyTextPresent("Orange Recorded", true): Text 'Orange Recorded' is present on page  using regular expression

2023-09-21 17:14:16 - [MESSAGE][PASSED] - Text 'Orange Recorded' is present on page  using regular expression

2023-09-21 17:14:16 - [TEST_STEP][PASSED] - verifyTextPresent("Yellow Recorded", true): Text 'Yellow Recorded' is present on page  using regular expression

2023-09-21 17:14:16 - [MESSAGE][PASSED] - Text 'Yellow Recorded' is present on page  using regular expression

2023-09-21 17:14:16 - [TEST_STEP][PASSED] - verifyTextPresent("Kolkata", true): Text 'Kolkata' is present on page  using regular expression

2023-09-21 17:14:17 - [MESSAGE][PASSED] - Text 'Kolkata' is present on page  using regular expression

2023-09-21 17:14:17 - [TEST_STEP][PASSED] - verifyTextPresent("Pune", true): Text 'Pune' is present on page  using regular expression

2023-09-21 17:14:17 - [MESSAGE][PASSED] - Text 'Pune' is present on page  using regular expression

2023-09-21 17:14:17 - [TEST_STEP][PASSED] - verifyTextPresent("Bhavnagar", true): Text 'Bhavnagar' is present on page  using regular expression

2023-09-21 17:14:17 - [MESSAGE][PASSED] - Text 'Bhavnagar' is present on page  using regular expression

2023-09-21 17:14:17 - [TEST_STEP][PASSED] - verifyTextPresent("Noida", true): Text 'Noida' is present on page  using regular expression

2023-09-21 17:14:18 - [MESSAGE][PASSED] - Text 'Noida' is present on page  using regular expression

2023-09-21 17:14:18 - [TEST_STEP][PASSED] - verifyTextPresent("Amount", true): Text 'Amount' is present on page  using regular expression

2023-09-21 17:14:18 - [MESSAGE][PASSED] - Text 'Amount' is present on page  using regular expression

2023-09-21 17:14:18 - [TEST_STEP][PASSED] - verifyTextPresent("2.50", true): Text '2.50' is present on page  using regular expression

2023-09-21 17:14:18 - [MESSAGE][PASSED] - Text '2.50' is present on page  using regular expression

2023-09-21 17:14:18 - [TEST_STEP][PASSED] - verifyTextPresent("Authorization and Capture", true): Text 'Authorization and Capture' is present on page  using regular expression

2023-09-21 17:14:18 - [MESSAGE][PASSED] - Text 'Authorization and Capture' is present on page  using regular expression

2023-09-21 17:14:18 - [TEST_STEP][PASSED] - verifyTextPresent("Card Information", true): Text 'Card Information' is present on page  using regular expression

2023-09-21 17:14:19 - [MESSAGE][PASSED] - Text 'Card Information' is present on page  using regular expression

2023-09-21 17:14:19 - [TEST_STEP][PASSED] - verifyTextPresent("TANDON RAVENA", true): Text 'TANDON RAVENA' is present on page  using regular expression

2023-09-21 17:14:19 - [MESSAGE][PASSED] - Text 'TANDON RAVENA' is present on page  using regular expression

2023-09-21 17:14:19 - [TEST_STEP][PASSED] - verifyTextPresent("Address Line 1", true): Text 'Address Line 1' is present on page  using regular expression

2023-09-21 17:14:19 - [MESSAGE][PASSED] - Text 'Address Line 1' is present on page  using regular expression

2023-09-21 17:14:19 - [TEST_STEP][PASSED] - verifyTextPresent("Address Line 2", true): Text 'Address Line 2' is present on page  using regular expression

2023-09-21 17:14:20 - [MESSAGE][PASSED] - Text 'Address Line 2' is present on page  using regular expression

2023-09-21 17:14:20 - [TEST_STEP][PASSED] - verifyTextPresent("Country", true): Text 'Country' is present on page  using regular expression

2023-09-21 17:14:20 - [MESSAGE][PASSED] - Text 'Country' is present on page  using regular expression

2023-09-21 17:14:20 - [TEST_STEP][PASSED] - verifyTextPresent("City", true): Text 'City' is present on page  using regular expression

2023-09-21 17:14:20 - [MESSAGE][PASSED] - Text 'City' is present on page  using regular expression

2023-09-21 17:14:20 - [TEST_STEP][PASSED] - verifyTextPresent("State", true): Text 'State' is present on page  using regular expression

2023-09-21 17:14:21 - [MESSAGE][PASSED] - Text 'State' is present on page  using regular expression

2023-09-21 17:14:21 - [TEST_STEP][PASSED] - verifyTextPresent("ZIP Code", true): Text 'ZIP Code' is present on page  using regular expression

2023-09-21 17:14:21 - [MESSAGE][PASSED] - Text 'ZIP Code' is present on page  using regular expression

2023-09-21 17:14:21 - [TEST_STEP][PASSED] - verifyTextPresent("248 PhoolKaante road", true): Text '248 PhoolKaante road' is present on page  using regular expression

2023-09-21 17:14:21 - [MESSAGE][PASSED] - Text '248 PhoolKaante road' is present on page  using regular expression

2023-09-21 17:14:21 - [TEST_STEP][PASSED] - verifyTextPresent("Suite 678", true): Text 'Suite 678' is present on page  using regular expression

2023-09-21 17:14:21 - [MESSAGE][PASSED] - Text 'Suite 678' is present on page  using regular expression

2023-09-21 17:14:21 - [TEST_STEP][PASSED] - verifyTextPresent("United States", true): Text 'United States' is present on page  using regular expression

2023-09-21 17:14:22 - [MESSAGE][PASSED] - Text 'United States' is present on page  using regular expression

2023-09-21 17:14:22 - [TEST_STEP][PASSED] - verifyTextPresent("ARLINGTON", true): Text 'ARLINGTON' is present on page  using regular expression

2023-09-21 17:14:22 - [MESSAGE][PASSED] - Text 'ARLINGTON' is present on page  using regular expression

2023-09-21 17:14:22 - [TEST_STEP][PASSED] - verifyTextPresent("VA", true): Text 'VA' is present on page  using regular expression

2023-09-21 17:14:22 - [MESSAGE][PASSED] - Text 'VA' is present on page  using regular expression

2023-09-21 17:14:22 - [TEST_STEP][PASSED] - verifyTextPresent("22201", true): Text '22201' is present on page  using regular expression

2023-09-21 17:14:23 - [MESSAGE][PASSED] - Text '22201' is present on page  using regular expression

2023-09-21 17:14:23 - [TEST_STEP][PASSED] - cardTypeV = findTestData(dataFile).getValue("CardType", row): null

2023-09-21 17:14:23 - [TEST_STEP][PASSED] - last4V = findTestData(dataFile).getValue("Last4", row): null

2023-09-21 17:14:23 - [TEST_STEP][PASSED] - verifyTextPresent(cardTypeV, true): Text 'MasterCard' is present on page  using regular expression

2023-09-21 17:14:23 - [MESSAGE][PASSED] - Text 'MasterCard' is present on page  using regular expression

2023-09-21 17:14:23 - [TEST_STEP][PASSED] - verifyTextPresent(last4V, true): Text '0035' is present on page  using regular expression

2023-09-21 17:14:23 - [MESSAGE][PASSED] - Text '0035' is present on page  using regular expression

2023-09-21 17:14:23 - [TEST_STEP][PASSED] - switch (appName): null

2023-09-21 17:14:23 - [TEST_STEP][PASSED] - closeBrowser(): Browser is closed

2023-09-21 17:14:24 - [MESSAGE][PASSED] - Browser is closed

2023-09-21 17:14:24 - [TEST_STEP][PASSED] - ExecuteTC = findTestData(dataFile).getValue("Execute", row): null

2023-09-21 17:14:24 - [TEST_STEP][PASSED] - out.println("Value of Execute is : " + ExecuteTC): null

2023-09-21 17:14:24 - [TEST_STEP][PASSED] - switch (executionProfile): null

2023-09-21 17:14:24 - [TEST_STEP][PASSED] - case "QA2Profile":: null

2023-09-21 17:14:24 - [TEST_STEP][PASSED] - appName = findTestData(dataFile).getValue("AppNameQA", row): null

2023-09-21 17:14:24 - [TEST_STEP][PASSED] - appID = findTestData(dataFile).getValue("AppIDQA", row): null

2023-09-21 17:14:24 - [TEST_STEP][PASSED] - break: null

2023-09-21 17:14:24 - [TEST_STEP][PASSED] - if (ExecuteTC.equalsIgnoreCase("Y")): null

2023-09-21 17:14:24 - [TEST_STEP][PASSED] - out.println("Begin Record Number: " + row): null

2023-09-21 17:14:24 - [TEST_STEP][PASSED] - today = new java.util.Date(): null

2023-09-21 17:14:24 - [TEST_STEP][PASSED] - println(today): null

2023-09-21 17:14:24 - [TEST_STEP][PASSED] - datText = today: null

2023-09-21 17:14:24 - [TEST_STEP][PASSED] - adminSuiteBootstrap.loginFunctionality.login_AdminSuite(): adminSuiteBootstrap.loginFunctionality.login_AdminSuite is PASSED

2023-09-21 17:14:24 - [MESSAGE][INFO] - Starting 'Chrome' driver

2023-09-21 17:14:24 - [MESSAGE][INFO] - User set preference: ['acceptInsecureCerts', 'true']

2023-09-21 17:14:24 - [MESSAGE][INFO] - Action delay is set to 0 milliseconds

2023-09-21 17:14:27 - [MESSAGE][PASSED] - Browser is opened with url: 'https://qa2.velocitypayment.com/admin/imtiaz'

2023-09-21 17:14:27 - [MESSAGE][PASSED] - Current window maximized

2023-09-21 17:14:28 - [MESSAGE][PASSED] - Object 'Object Repository/Login_Page/Login_Username_Okta' is present

2023-09-21 17:14:28 - [MESSAGE][PASSED] - Text 'iahmed' is set on object 'Object Repository/Login_Page/Login_Username_Okta'

2023-09-21 17:14:29 - [MESSAGE][PASSED] - Text 'Hello1111111@' is set on object 'Object Repository/Login_Page/Login_Password_Okta'

2023-09-21 17:14:30 - [MESSAGE][PASSED] - Object: 'Object Repository/Login_Page/Login_Submit_Okta' is clicked on

2023-09-21 17:14:30 - [MESSAGE][PASSED] - adminSuiteBootstrap.loginFunctionality.login_AdminSuite is PASSED

2023-09-21 17:14:30 - [TEST_STEP][PASSED] - click(findTestObject(path_Dashboard + appName)): Object: 'Object Repository/AdminSuiteBootstrap_Pages/Dashboard_Bootstrap/a_Access AutoNoCFtp' is clicked on

2023-09-21 17:14:36 - [MESSAGE][PASSED] - Object: 'Object Repository/AdminSuiteBootstrap_Pages/Dashboard_Bootstrap/a_Access AutoNoCFtp' is clicked on

2023-09-21 17:14:36 - [TEST_STEP][PASSED] - click(findTestObject(path_VT + "a_Find Profile")): Object: 'Object Repository/AdminSuiteBootstrap_Pages/VT_Bootstrap/IssueTransactions/a_Find Profile' is clicked on

2023-09-21 17:14:37 - [MESSAGE][PASSED] - Object: 'Object Repository/AdminSuiteBootstrap_Pages/VT_Bootstrap/IssueTransactions/a_Find Profile' is clicked on

2023-09-21 17:14:37 - [TEST_STEP][PASSED] - criteria = <not implemented yet for class: org.codehaus.groovy.ast.expr.EmptyExpression>: null

2023-09-21 17:14:37 - [TEST_STEP][PASSED] - searchBy = <not implemented yet for class: org.codehaus.groovy.ast.expr.EmptyExpression>: null

2023-09-21 17:14:37 - [TEST_STEP][PASSED] - criteria = findTestData(dataFile).getValue("ProfileName", row): null

2023-09-21 17:14:37 - [TEST_STEP][PASSED] - path_SearchProfile = "Object Repository/AdminSuiteBootstrap_Pages/VSP_Bootstrap/SearchProfile/": null

2023-09-21 17:14:37 - [TEST_STEP][PASSED] - setText(findTestObject(path_SearchProfile + "input_Criteria"), criteria): Text 'PaymentsAmEx' is set on object 'Object Repository/AdminSuiteBootstrap_Pages/VSP_Bootstrap/SearchProfile/input_Criteria'

2023-09-21 17:14:38 - [MESSAGE][PASSED] - Text 'PaymentsAmEx' is set on object 'Object Repository/AdminSuiteBootstrap_Pages/VSP_Bootstrap/SearchProfile/input_Criteria'

2023-09-21 17:14:38 - [TEST_STEP][PASSED] - click(findTestObject(path_SearchProfile + "button_Search")): Object: 'Object Repository/AdminSuiteBootstrap_Pages/VSP_Bootstrap/SearchProfile/button_Search' is clicked on

2023-09-21 17:14:39 - [MESSAGE][PASSED] - Object: 'Object Repository/AdminSuiteBootstrap_Pages/VSP_Bootstrap/SearchProfile/button_Search' is clicked on

2023-09-21 17:14:39 - [TEST_STEP][PASSED] - profNameLink = findTestData(dataFile).getValue("ProfileNameLink", row): null

2023-09-21 17:14:39 - [TEST_STEP][PASSED] - click(findTestObject(path_ViewProfile + profNameLink)): Object: 'Object Repository/AdminSuiteBootstrap_Pages/VSP_Bootstrap/View Profile/a_PaymentsAmEx' is clicked on

2023-09-21 17:14:40 - [MESSAGE][PASSED] - Object: 'Object Repository/AdminSuiteBootstrap_Pages/VSP_Bootstrap/View Profile/a_PaymentsAmEx' is clicked on

2023-09-21 17:14:40 - [TEST_STEP][PASSED] - click(findTestObject(path_ViewProfile + "a_AuthCap")): Object: 'Object Repository/AdminSuiteBootstrap_Pages/VSP_Bootstrap/View Profile/a_AuthCap' is clicked on

2023-09-21 17:14:42 - [MESSAGE][PASSED] - Object: 'Object Repository/AdminSuiteBootstrap_Pages/VSP_Bootstrap/View Profile/a_AuthCap' is clicked on

2023-09-21 17:14:42 - [TEST_STEP][PASSED] - verifyTextPresent("Credit Card Authorization Capture", true): Text 'Credit Card Authorization Capture' is present on page  using regular expression

2023-09-21 17:14:42 - [MESSAGE][PASSED] - Text 'Credit Card Authorization Capture' is present on page  using regular expression

2023-09-21 17:14:42 - [TEST_STEP][PASSED] - verifyTextPresent("Sale", true): Text 'Sale' is present on page  using regular expression

2023-09-21 17:14:43 - [MESSAGE][PASSED] - Text 'Sale' is present on page  using regular expression

2023-09-21 17:14:43 - [TEST_STEP][PASSED] - verifyTextPresent("Required fields are highlighted with an asterisk", true): Text 'Required fields are highlighted with an asterisk' is present on page  using regular expression

2023-09-21 17:14:43 - [MESSAGE][PASSED] - Text 'Required fields are highlighted with an asterisk' is present on page  using regular expression

2023-09-21 17:14:43 - [TEST_STEP][PASSED] - verifyTextPresent("Remittance ID", true): Text 'Remittance ID' is present on page  using regular expression

2023-09-21 17:14:43 - [MESSAGE][PASSED] - Text 'Remittance ID' is present on page  using regular expression

2023-09-21 17:14:43 - [TEST_STEP][PASSED] - vspBootstrap.SalePage.setDataSaleAndAuth(row, dataFile): vspBootstrap.SalePage.setDataSaleAndAuth is PASSED

2023-09-21 17:14:45 - [MESSAGE][PASSED] - All options with value 'MOTO' are selected in object 'Object Repository/AdminSuiteBootstrap_Pages/VSP_Bootstrap/VSP_Authcap/select_TransactionCategory'  using regular expression

2023-09-21 17:14:45 - [MESSAGE][PASSED] - Text '1234' is set on object 'Object Repository/AdminSuiteBootstrap_Pages/VSP_Bootstrap/VSP_Authcap/input_cvv'

2023-09-21 17:14:46 - [MESSAGE][PASSED] - Text '' is set on object 'Object Repository/AdminSuiteBootstrap_Pages/VSP_Bootstrap/VSP_Authcap/input_smsNumber'

2023-09-21 17:14:47 - [MESSAGE][PASSED] - Text '2.50' is set on object 'Object Repository/AdminSuiteBootstrap_Pages/VSP_Bootstrap/VSP_Authcap/input_amount'

2023-09-21 17:14:47 - [MESSAGE][PASSED] - Text 'Delhi' is set on object 'Object Repository/AdminSuiteBootstrap_Pages/VSP_Bootstrap/VSP_Authcap/input_userDefined1'

2023-09-21 17:14:48 - [MESSAGE][PASSED] - Text 'Chennai' is set on object 'Object Repository/AdminSuiteBootstrap_Pages/VSP_Bootstrap/VSP_Authcap/input_userDefined2'

2023-09-21 17:14:49 - [MESSAGE][PASSED] - Text 'Mumbai' is set on object 'Object Repository/AdminSuiteBootstrap_Pages/VSP_Bootstrap/VSP_Authcap/input_userDefined3'

2023-09-21 17:14:49 - [MESSAGE][PASSED] - Text 'Kanpur' is set on object 'Object Repository/AdminSuiteBootstrap_Pages/VSP_Bootstrap/VSP_Authcap/input_userDefined4'

2023-09-21 17:14:50 - [MESSAGE][PASSED] - All options with label 'Orange' are selected in object 'Object Repository/AdminSuiteBootstrap_Pages/VSP_Bootstrap/VSP_Authcap/select_UDF5'  using regular expression

2023-09-21 17:14:51 - [MESSAGE][PASSED] - All options with label 'Yellow' are selected in object 'Object Repository/AdminSuiteBootstrap_Pages/VSP_Bootstrap/VSP_Authcap/select_UDF6'  using regular expression

2023-09-21 17:14:52 - [MESSAGE][PASSED] - Text 'Kolkata' is set on object 'Object Repository/AdminSuiteBootstrap_Pages/VSP_Bootstrap/VSP_Authcap/input_userDefined7'

2023-09-21 17:14:52 - [MESSAGE][PASSED] - Text 'Pune' is set on object 'Object Repository/AdminSuiteBootstrap_Pages/VSP_Bootstrap/VSP_Authcap/input_userDefined8'

2023-09-21 17:14:53 - [MESSAGE][PASSED] - Text 'Bhavnagar' is set on object 'Object Repository/AdminSuiteBootstrap_Pages/VSP_Bootstrap/VSP_Authcap/input_userDefined9'

2023-09-21 17:14:53 - [MESSAGE][PASSED] - Text 'Noida' is set on object 'Object Repository/AdminSuiteBootstrap_Pages/VSP_Bootstrap/VSP_Authcap/input_userDefined10'

2023-09-21 17:14:55 - [MESSAGE][PASSED] - Object: 'Object Repository/AdminSuiteBootstrap_Pages/VSP_Bootstrap/VSP_Authcap/button_Submit' is clicked on

2023-09-21 17:14:55 - [MESSAGE][PASSED] - vspBootstrap.SalePage.setDataSaleAndAuth is PASSED

2023-09-21 17:14:55 - [TEST_STEP][PASSED] - verifyTextPresent("Transaction Successful", true): Text 'Transaction Successful' is present on page  using regular expression

2023-09-21 17:14:56 - [MESSAGE][PASSED] - Text 'Transaction Successful' is present on page  using regular expression

2023-09-21 17:14:56 - [TEST_STEP][PASSED] - verifyElementVisible(findTestObject("Object Repository/AdminSuiteBootstrap_Pages/VT_Bootstrap/Receipt/button_Continue")): Object 'Object Repository/AdminSuiteBootstrap_Pages/VT_Bootstrap/Receipt/button_Continue' is visible

2023-09-21 17:14:56 - [MESSAGE][PASSED] - Object 'Object Repository/AdminSuiteBootstrap_Pages/VT_Bootstrap/Receipt/button_Continue' is visible

2023-09-21 17:14:56 - [TEST_STEP][PASSED] - verifyElementPresent(findTestObject("Object Repository/AdminSuiteBootstrap_Pages/VT_Bootstrap/Receipt/button_Continue"), 20): Object 'Object Repository/AdminSuiteBootstrap_Pages/VT_Bootstrap/Receipt/button_Continue' is present

2023-09-21 17:14:56 - [MESSAGE][PASSED] - Object 'Object Repository/AdminSuiteBootstrap_Pages/VT_Bootstrap/Receipt/button_Continue' is present

2023-09-21 17:14:56 - [TEST_STEP][PASSED] - verifyElementVisible(findTestObject("Object Repository/AdminSuiteBootstrap_Pages/VT_Bootstrap/Receipt/button_Print")): Object 'Object Repository/AdminSuiteBootstrap_Pages/VT_Bootstrap/Receipt/button_Print' is visible

2023-09-21 17:14:56 - [MESSAGE][PASSED] - Object 'Object Repository/AdminSuiteBootstrap_Pages/VT_Bootstrap/Receipt/button_Print' is visible

2023-09-21 17:14:56 - [TEST_STEP][PASSED] - verifyElementPresent(findTestObject("Object Repository/AdminSuiteBootstrap_Pages/VT_Bootstrap/Receipt/button_Print"), 20): Object 'Object Repository/AdminSuiteBootstrap_Pages/VT_Bootstrap/Receipt/button_Print' is present

2023-09-21 17:14:57 - [MESSAGE][PASSED] - Object 'Object Repository/AdminSuiteBootstrap_Pages/VT_Bootstrap/Receipt/button_Print' is present

2023-09-21 17:14:57 - [TEST_STEP][PASSED] - verifyTextPresent("Remittance ID", true): Text 'Remittance ID' is present on page  using regular expression

2023-09-21 17:14:57 - [MESSAGE][PASSED] - Text 'Remittance ID' is present on page  using regular expression

2023-09-21 17:14:57 - [TEST_STEP][PASSED] - verifyTextPresent("Received", true): Text 'Received' is present on page  using regular expression

2023-09-21 17:14:57 - [MESSAGE][PASSED] - Text 'Received' is present on page  using regular expression

2023-09-21 17:14:57 - [TEST_STEP][PASSED] - verifyTextPresent("UDF1", true): Text 'UDF1' is present on page  using regular expression

2023-09-21 17:14:58 - [MESSAGE][PASSED] - Text 'UDF1' is present on page  using regular expression

2023-09-21 17:14:58 - [TEST_STEP][PASSED] - verifyTextPresent("UDF2", true): Text 'UDF2' is present on page  using regular expression

2023-09-21 17:14:58 - [MESSAGE][PASSED] - Text 'UDF2' is present on page  using regular expression

2023-09-21 17:14:58 - [TEST_STEP][PASSED] - verifyTextPresent("UDF3", true): Text 'UDF3' is present on page  using regular expression

2023-09-21 17:14:58 - [MESSAGE][PASSED] - Text 'UDF3' is present on page  using regular expression

2023-09-21 17:14:58 - [TEST_STEP][PASSED] - verifyTextPresent("UDF4", true): Text 'UDF4' is present on page  using regular expression

2023-09-21 17:14:59 - [MESSAGE][PASSED] - Text 'UDF4' is present on page  using regular expression

2023-09-21 17:14:59 - [TEST_STEP][PASSED] - verifyTextPresent("UDF5", true): Text 'UDF5' is present on page  using regular expression

2023-09-21 17:14:59 - [MESSAGE][PASSED] - Text 'UDF5' is present on page  using regular expression

2023-09-21 17:14:59 - [TEST_STEP][PASSED] - verifyTextPresent("UDF6", true): Text 'UDF6' is present on page  using regular expression

2023-09-21 17:14:59 - [MESSAGE][PASSED] - Text 'UDF6' is present on page  using regular expression

2023-09-21 17:14:59 - [TEST_STEP][PASSED] - verifyTextPresent("UDF7", true): Text 'UDF7' is present on page  using regular expression

2023-09-21 17:14:59 - [MESSAGE][PASSED] - Text 'UDF7' is present on page  using regular expression

2023-09-21 17:14:59 - [TEST_STEP][PASSED] - verifyTextPresent("UDF8", true): Text 'UDF8' is present on page  using regular expression

2023-09-21 17:15:00 - [MESSAGE][PASSED] - Text 'UDF8' is present on page  using regular expression

2023-09-21 17:15:00 - [TEST_STEP][PASSED] - verifyTextPresent("UDF9", true): Text 'UDF9' is present on page  using regular expression

2023-09-21 17:15:00 - [MESSAGE][PASSED] - Text 'UDF9' is present on page  using regular expression

2023-09-21 17:15:00 - [TEST_STEP][PASSED] - verifyTextPresent("UDF 10", true): Text 'UDF 10' is present on page  using regular expression

2023-09-21 17:15:00 - [MESSAGE][PASSED] - Text 'UDF 10' is present on page  using regular expression

2023-09-21 17:15:00 - [TEST_STEP][PASSED] - verifyTextPresent("Delhi", true): Text 'Delhi' is present on page  using regular expression

2023-09-21 17:15:01 - [MESSAGE][PASSED] - Text 'Delhi' is present on page  using regular expression

2023-09-21 17:15:01 - [TEST_STEP][PASSED] - verifyTextPresent("Chennai", true): Text 'Chennai' is present on page  using regular expression

2023-09-21 17:15:01 - [MESSAGE][PASSED] - Text 'Chennai' is present on page  using regular expression

2023-09-21 17:15:01 - [TEST_STEP][PASSED] - verifyTextPresent("Mumbai", true): Text 'Mumbai' is present on page  using regular expression

2023-09-21 17:15:01 - [MESSAGE][PASSED] - Text 'Mumbai' is present on page  using regular expression

2023-09-21 17:15:01 - [TEST_STEP][PASSED] - verifyTextPresent("Kanpur", true): Text 'Kanpur' is present on page  using regular expression

2023-09-21 17:15:02 - [MESSAGE][PASSED] - Text 'Kanpur' is present on page  using regular expression

2023-09-21 17:15:02 - [TEST_STEP][PASSED] - verifyTextPresent("Orange Recorded", true): Text 'Orange Recorded' is present on page  using regular expression

2023-09-21 17:15:02 - [MESSAGE][PASSED] - Text 'Orange Recorded' is present on page  using regular expression

2023-09-21 17:15:02 - [TEST_STEP][PASSED] - verifyTextPresent("Yellow Recorded", true): Text 'Yellow Recorded' is present on page  using regular expression

2023-09-21 17:15:02 - [MESSAGE][PASSED] - Text 'Yellow Recorded' is present on page  using regular expression

2023-09-21 17:15:02 - [TEST_STEP][PASSED] - verifyTextPresent("Kolkata", true): Text 'Kolkata' is present on page  using regular expression

2023-09-21 17:15:02 - [MESSAGE][PASSED] - Text 'Kolkata' is present on page  using regular expression

2023-09-21 17:15:02 - [TEST_STEP][PASSED] - verifyTextPresent("Pune", true): Text 'Pune' is present on page  using regular expression

2023-09-21 17:15:03 - [MESSAGE][PASSED] - Text 'Pune' is present on page  using regular expression

2023-09-21 17:15:03 - [TEST_STEP][PASSED] - verifyTextPresent("Bhavnagar", true): Text 'Bhavnagar' is present on page  using regular expression

2023-09-21 17:15:03 - [MESSAGE][PASSED] - Text 'Bhavnagar' is present on page  using regular expression

2023-09-21 17:15:03 - [TEST_STEP][PASSED] - verifyTextPresent("Noida", true): Text 'Noida' is present on page  using regular expression

2023-09-21 17:15:03 - [MESSAGE][PASSED] - Text 'Noida' is present on page  using regular expression

2023-09-21 17:15:03 - [TEST_STEP][PASSED] - verifyTextPresent("Amount", true): Text 'Amount' is present on page  using regular expression

2023-09-21 17:15:04 - [MESSAGE][PASSED] - Text 'Amount' is present on page  using regular expression

2023-09-21 17:15:04 - [TEST_STEP][PASSED] - verifyTextPresent("2.50", true): Text '2.50' is present on page  using regular expression

2023-09-21 17:15:04 - [MESSAGE][PASSED] - Text '2.50' is present on page  using regular expression

2023-09-21 17:15:04 - [TEST_STEP][PASSED] - verifyTextPresent("Authorization and Capture", true): Text 'Authorization and Capture' is present on page  using regular expression

2023-09-21 17:15:04 - [MESSAGE][PASSED] - Text 'Authorization and Capture' is present on page  using regular expression

2023-09-21 17:15:04 - [TEST_STEP][PASSED] - verifyTextPresent("Card Information", true): Text 'Card Information' is present on page  using regular expression

2023-09-21 17:15:05 - [MESSAGE][PASSED] - Text 'Card Information' is present on page  using regular expression

2023-09-21 17:15:05 - [TEST_STEP][PASSED] - verifyTextPresent("TANDON RAVENA", true): Text 'TANDON RAVENA' is present on page  using regular expression

2023-09-21 17:15:05 - [MESSAGE][PASSED] - Text 'TANDON RAVENA' is present on page  using regular expression

2023-09-21 17:15:05 - [TEST_STEP][PASSED] - verifyTextPresent("Address Line 1", true): Text 'Address Line 1' is present on page  using regular expression

2023-09-21 17:15:05 - [MESSAGE][PASSED] - Text 'Address Line 1' is present on page  using regular expression

2023-09-21 17:15:05 - [TEST_STEP][PASSED] - verifyTextPresent("Address Line 2", true): Text 'Address Line 2' is present on page  using regular expression

2023-09-21 17:15:05 - [MESSAGE][PASSED] - Text 'Address Line 2' is present on page  using regular expression

2023-09-21 17:15:05 - [TEST_STEP][PASSED] - verifyTextPresent("Country", true): Text 'Country' is present on page  using regular expression

2023-09-21 17:15:06 - [MESSAGE][PASSED] - Text 'Country' is present on page  using regular expression

2023-09-21 17:15:06 - [TEST_STEP][PASSED] - verifyTextPresent("City", true): Text 'City' is present on page  using regular expression

2023-09-21 17:15:06 - [MESSAGE][PASSED] - Text 'City' is present on page  using regular expression

2023-09-21 17:15:06 - [TEST_STEP][PASSED] - verifyTextPresent("State", true): Text 'State' is present on page  using regular expression

2023-09-21 17:15:06 - [MESSAGE][PASSED] - Text 'State' is present on page  using regular expression

2023-09-21 17:15:06 - [TEST_STEP][PASSED] - verifyTextPresent("ZIP Code", true): Text 'ZIP Code' is present on page  using regular expression

2023-09-21 17:15:07 - [MESSAGE][PASSED] - Text 'ZIP Code' is present on page  using regular expression

2023-09-21 17:15:07 - [TEST_STEP][PASSED] - verifyTextPresent("248 PhoolKaante road", true): Text '248 PhoolKaante road' is present on page  using regular expression

2023-09-21 17:15:07 - [MESSAGE][PASSED] - Text '248 PhoolKaante road' is present on page  using regular expression

2023-09-21 17:15:07 - [TEST_STEP][PASSED] - verifyTextPresent("Suite 678", true): Text 'Suite 678' is present on page  using regular expression

2023-09-21 17:15:07 - [MESSAGE][PASSED] - Text 'Suite 678' is present on page  using regular expression

2023-09-21 17:15:07 - [TEST_STEP][PASSED] - verifyTextPresent("United States", true): Text 'United States' is present on page  using regular expression

2023-09-21 17:15:08 - [MESSAGE][PASSED] - Text 'United States' is present on page  using regular expression

2023-09-21 17:15:08 - [TEST_STEP][PASSED] - verifyTextPresent("ARLINGTON", true): Text 'ARLINGTON' is present on page  using regular expression

2023-09-21 17:15:08 - [MESSAGE][PASSED] - Text 'ARLINGTON' is present on page  using regular expression

2023-09-21 17:15:08 - [TEST_STEP][PASSED] - verifyTextPresent("VA", true): Text 'VA' is present on page  using regular expression

2023-09-21 17:15:08 - [MESSAGE][PASSED] - Text 'VA' is present on page  using regular expression

2023-09-21 17:15:08 - [TEST_STEP][PASSED] - verifyTextPresent("22201", true): Text '22201' is present on page  using regular expression

2023-09-21 17:15:08 - [MESSAGE][PASSED] - Text '22201' is present on page  using regular expression

2023-09-21 17:15:08 - [TEST_STEP][PASSED] - cardTypeV = findTestData(dataFile).getValue("CardType", row): null

2023-09-21 17:15:08 - [TEST_STEP][PASSED] - last4V = findTestData(dataFile).getValue("Last4", row): null

2023-09-21 17:15:09 - [TEST_STEP][PASSED] - verifyTextPresent(cardTypeV, true): Text 'American Express' is present on page  using regular expression

2023-09-21 17:15:09 - [MESSAGE][PASSED] - Text 'American Express' is present on page  using regular expression

2023-09-21 17:15:09 - [TEST_STEP][PASSED] - verifyTextPresent(last4V, true): Text '2376' is present on page  using regular expression

2023-09-21 17:15:09 - [MESSAGE][PASSED] - Text '2376' is present on page  using regular expression

2023-09-21 17:15:09 - [TEST_STEP][PASSED] - switch (appName): null

2023-09-21 17:15:09 - [TEST_STEP][PASSED] - closeBrowser(): Browser is closed

2023-09-21 17:15:10 - [MESSAGE][PASSED] - Browser is closed

2023-09-21 17:15:10 - [TEST_STEP][PASSED] - ExecuteTC = findTestData(dataFile).getValue("Execute", row): null

2023-09-21 17:15:10 - [TEST_STEP][PASSED] - out.println("Value of Execute is : " + ExecuteTC): null

2023-09-21 17:15:10 - [TEST_STEP][PASSED] - switch (executionProfile): null

2023-09-21 17:15:10 - [TEST_STEP][PASSED] - case "QA2Profile":: null

2023-09-21 17:15:10 - [TEST_STEP][PASSED] - appName = findTestData(dataFile).getValue("AppNameQA", row): null

2023-09-21 17:15:10 - [TEST_STEP][PASSED] - appID = findTestData(dataFile).getValue("AppIDQA", row): null

2023-09-21 17:15:10 - [TEST_STEP][PASSED] - break: null

2023-09-21 17:15:10 - [TEST_STEP][PASSED] - if (ExecuteTC.equalsIgnoreCase("Y")): null

2023-09-21 17:15:10 - [TEST_STEP][PASSED] - out.println("Begin Record Number: " + row): null

2023-09-21 17:15:10 - [TEST_STEP][PASSED] - today = new java.util.Date(): null

2023-09-21 17:15:10 - [TEST_STEP][PASSED] - println(today): null

2023-09-21 17:15:10 - [TEST_STEP][PASSED] - datText = today: null

2023-09-21 17:15:10 - [TEST_STEP][PASSED] - adminSuiteBootstrap.loginFunctionality.login_AdminSuite(): adminSuiteBootstrap.loginFunctionality.login_AdminSuite is PASSED

2023-09-21 17:15:10 - [MESSAGE][INFO] - Starting 'Chrome' driver

2023-09-21 17:15:10 - [MESSAGE][INFO] - User set preference: ['acceptInsecureCerts', 'true']

2023-09-21 17:15:10 - [MESSAGE][INFO] - Action delay is set to 0 milliseconds

2023-09-21 17:15:13 - [MESSAGE][PASSED] - Browser is opened with url: 'https://qa2.velocitypayment.com/admin/imtiaz'

2023-09-21 17:15:13 - [MESSAGE][PASSED] - Current window maximized

2023-09-21 17:15:14 - [MESSAGE][PASSED] - Object 'Object Repository/Login_Page/Login_Username_Okta' is present

2023-09-21 17:15:14 - [MESSAGE][PASSED] - Text 'iahmed' is set on object 'Object Repository/Login_Page/Login_Username_Okta'

2023-09-21 17:15:15 - [MESSAGE][PASSED] - Text 'Hello1111111@' is set on object 'Object Repository/Login_Page/Login_Password_Okta'

2023-09-21 17:15:16 - [MESSAGE][PASSED] - Object: 'Object Repository/Login_Page/Login_Submit_Okta' is clicked on

2023-09-21 17:15:16 - [MESSAGE][PASSED] - adminSuiteBootstrap.loginFunctionality.login_AdminSuite is PASSED

2023-09-21 17:15:16 - [TEST_STEP][PASSED] - click(findTestObject(path_Dashboard + appName)): Object: 'Object Repository/AdminSuiteBootstrap_Pages/Dashboard_Bootstrap/a_Access AutoNoCFtp' is clicked on

2023-09-21 17:15:22 - [MESSAGE][PASSED] - Object: 'Object Repository/AdminSuiteBootstrap_Pages/Dashboard_Bootstrap/a_Access AutoNoCFtp' is clicked on

2023-09-21 17:15:22 - [TEST_STEP][PASSED] - click(findTestObject(path_VT + "a_Find Profile")): Object: 'Object Repository/AdminSuiteBootstrap_Pages/VT_Bootstrap/IssueTransactions/a_Find Profile' is clicked on

2023-09-21 17:15:23 - [MESSAGE][PASSED] - Object: 'Object Repository/AdminSuiteBootstrap_Pages/VT_Bootstrap/IssueTransactions/a_Find Profile' is clicked on

2023-09-21 17:15:23 - [TEST_STEP][PASSED] - criteria = <not implemented yet for class: org.codehaus.groovy.ast.expr.EmptyExpression>: null

2023-09-21 17:15:23 - [TEST_STEP][PASSED] - searchBy = <not implemented yet for class: org.codehaus.groovy.ast.expr.EmptyExpression>: null

2023-09-21 17:15:23 - [TEST_STEP][PASSED] - criteria = findTestData(dataFile).getValue("ProfileName", row): null

2023-09-21 17:15:23 - [TEST_STEP][PASSED] - path_SearchProfile = "Object Repository/AdminSuiteBootstrap_Pages/VSP_Bootstrap/SearchProfile/": null

2023-09-21 17:15:23 - [TEST_STEP][PASSED] - setText(findTestObject(path_SearchProfile + "input_Criteria"), criteria): Text 'PaymentsDI' is set on object 'Object Repository/AdminSuiteBootstrap_Pages/VSP_Bootstrap/SearchProfile/input_Criteria'

2023-09-21 17:15:23 - [MESSAGE][PASSED] - Text 'PaymentsDI' is set on object 'Object Repository/AdminSuiteBootstrap_Pages/VSP_Bootstrap/SearchProfile/input_Criteria'

2023-09-21 17:15:23 - [TEST_STEP][PASSED] - click(findTestObject(path_SearchProfile + "button_Search")): Object: 'Object Repository/AdminSuiteBootstrap_Pages/VSP_Bootstrap/SearchProfile/button_Search' is clicked on

2023-09-21 17:15:25 - [MESSAGE][PASSED] - Object: 'Object Repository/AdminSuiteBootstrap_Pages/VSP_Bootstrap/SearchProfile/button_Search' is clicked on

2023-09-21 17:15:25 - [TEST_STEP][PASSED] - profNameLink = findTestData(dataFile).getValue("ProfileNameLink", row): null

2023-09-21 17:15:25 - [TEST_STEP][PASSED] - click(findTestObject(path_ViewProfile + profNameLink)): Object: 'Object Repository/AdminSuiteBootstrap_Pages/VSP_Bootstrap/View Profile/a_PaymentsDI' is clicked on

2023-09-21 17:15:26 - [MESSAGE][PASSED] - Object: 'Object Repository/AdminSuiteBootstrap_Pages/VSP_Bootstrap/View Profile/a_PaymentsDI' is clicked on

2023-09-21 17:15:26 - [TEST_STEP][PASSED] - click(findTestObject(path_ViewProfile + "a_AuthCap")): Object: 'Object Repository/AdminSuiteBootstrap_Pages/VSP_Bootstrap/View Profile/a_AuthCap' is clicked on

2023-09-21 17:15:27 - [MESSAGE][PASSED] - Object: 'Object Repository/AdminSuiteBootstrap_Pages/VSP_Bootstrap/View Profile/a_AuthCap' is clicked on

2023-09-21 17:15:27 - [TEST_STEP][PASSED] - verifyTextPresent("Credit Card Authorization Capture", true): Text 'Credit Card Authorization Capture' is present on page  using regular expression

2023-09-21 17:15:28 - [MESSAGE][PASSED] - Text 'Credit Card Authorization Capture' is present on page  using regular expression

2023-09-21 17:15:28 - [TEST_STEP][PASSED] - verifyTextPresent("Sale", true): Text 'Sale' is present on page  using regular expression

2023-09-21 17:15:28 - [MESSAGE][PASSED] - Text 'Sale' is present on page  using regular expression

2023-09-21 17:15:28 - [TEST_STEP][PASSED] - verifyTextPresent("Required fields are highlighted with an asterisk", true): Text 'Required fields are highlighted with an asterisk' is present on page  using regular expression

2023-09-21 17:15:28 - [MESSAGE][PASSED] - Text 'Required fields are highlighted with an asterisk' is present on page  using regular expression

2023-09-21 17:15:28 - [TEST_STEP][PASSED] - verifyTextPresent("Remittance ID", true): Text 'Remittance ID' is present on page  using regular expression

2023-09-21 17:15:29 - [MESSAGE][PASSED] - Text 'Remittance ID' is present on page  using regular expression

2023-09-21 17:15:29 - [TEST_STEP][PASSED] - vspBootstrap.SalePage.setDataSaleAndAuth(row, dataFile): vspBootstrap.SalePage.setDataSaleAndAuth is PASSED

2023-09-21 17:15:30 - [MESSAGE][PASSED] - All options with value 'MOTO' are selected in object 'Object Repository/AdminSuiteBootstrap_Pages/VSP_Bootstrap/VSP_Authcap/select_TransactionCategory'  using regular expression

2023-09-21 17:15:31 - [MESSAGE][PASSED] - Text '123' is set on object 'Object Repository/AdminSuiteBootstrap_Pages/VSP_Bootstrap/VSP_Authcap/input_cvv'

2023-09-21 17:15:32 - [MESSAGE][PASSED] - Text '' is set on object 'Object Repository/AdminSuiteBootstrap_Pages/VSP_Bootstrap/VSP_Authcap/input_smsNumber'

2023-09-21 17:15:32 - [MESSAGE][PASSED] - Text '2.50' is set on object 'Object Repository/AdminSuiteBootstrap_Pages/VSP_Bootstrap/VSP_Authcap/input_amount'

2023-09-21 17:15:33 - [MESSAGE][PASSED] - Text 'Delhi' is set on object 'Object Repository/AdminSuiteBootstrap_Pages/VSP_Bootstrap/VSP_Authcap/input_userDefined1'

2023-09-21 17:15:34 - [MESSAGE][PASSED] - Text 'Chennai' is set on object 'Object Repository/AdminSuiteBootstrap_Pages/VSP_Bootstrap/VSP_Authcap/input_userDefined2'

2023-09-21 17:15:34 - [MESSAGE][PASSED] - Text 'Mumbai' is set on object 'Object Repository/AdminSuiteBootstrap_Pages/VSP_Bootstrap/VSP_Authcap/input_userDefined3'

2023-09-21 17:15:35 - [MESSAGE][PASSED] - Text 'Kanpur' is set on object 'Object Repository/AdminSuiteBootstrap_Pages/VSP_Bootstrap/VSP_Authcap/input_userDefined4'

2023-09-21 17:15:36 - [MESSAGE][PASSED] - All options with label 'Orange' are selected in object 'Object Repository/AdminSuiteBootstrap_Pages/VSP_Bootstrap/VSP_Authcap/select_UDF5'  using regular expression

2023-09-21 17:15:37 - [MESSAGE][PASSED] - All options with label 'Yellow' are selected in object 'Object Repository/AdminSuiteBootstrap_Pages/VSP_Bootstrap/VSP_Authcap/select_UDF6'  using regular expression

2023-09-21 17:15:37 - [MESSAGE][PASSED] - Text 'Kolkata' is set on object 'Object Repository/AdminSuiteBootstrap_Pages/VSP_Bootstrap/VSP_Authcap/input_userDefined7'

2023-09-21 17:15:38 - [MESSAGE][PASSED] - Text 'Pune' is set on object 'Object Repository/AdminSuiteBootstrap_Pages/VSP_Bootstrap/VSP_Authcap/input_userDefined8'

2023-09-21 17:15:38 - [MESSAGE][PASSED] - Text 'Bhavnagar' is set on object 'Object Repository/AdminSuiteBootstrap_Pages/VSP_Bootstrap/VSP_Authcap/input_userDefined9'

2023-09-21 17:15:39 - [MESSAGE][PASSED] - Text 'Noida' is set on object 'Object Repository/AdminSuiteBootstrap_Pages/VSP_Bootstrap/VSP_Authcap/input_userDefined10'

2023-09-21 17:15:41 - [MESSAGE][PASSED] - Object: 'Object Repository/AdminSuiteBootstrap_Pages/VSP_Bootstrap/VSP_Authcap/button_Submit' is clicked on

2023-09-21 17:15:41 - [MESSAGE][PASSED] - vspBootstrap.SalePage.setDataSaleAndAuth is PASSED

2023-09-21 17:15:41 - [TEST_STEP][PASSED] - verifyTextPresent("Transaction Successful", true): Text 'Transaction Successful' is present on page  using regular expression

2023-09-21 17:15:41 - [MESSAGE][PASSED] - Text 'Transaction Successful' is present on page  using regular expression

2023-09-21 17:15:41 - [TEST_STEP][PASSED] - verifyElementVisible(findTestObject("Object Repository/AdminSuiteBootstrap_Pages/VT_Bootstrap/Receipt/button_Continue")): Object 'Object Repository/AdminSuiteBootstrap_Pages/VT_Bootstrap/Receipt/button_Continue' is visible

2023-09-21 17:15:42 - [MESSAGE][PASSED] - Object 'Object Repository/AdminSuiteBootstrap_Pages/VT_Bootstrap/Receipt/button_Continue' is visible

2023-09-21 17:15:42 - [TEST_STEP][PASSED] - verifyElementPresent(findTestObject("Object Repository/AdminSuiteBootstrap_Pages/VT_Bootstrap/Receipt/button_Continue"), 20): Object 'Object Repository/AdminSuiteBootstrap_Pages/VT_Bootstrap/Receipt/button_Continue' is present

2023-09-21 17:15:42 - [MESSAGE][PASSED] - Object 'Object Repository/AdminSuiteBootstrap_Pages/VT_Bootstrap/Receipt/button_Continue' is present

2023-09-21 17:15:42 - [TEST_STEP][PASSED] - verifyElementVisible(findTestObject("Object Repository/AdminSuiteBootstrap_Pages/VT_Bootstrap/Receipt/button_Print")): Object 'Object Repository/AdminSuiteBootstrap_Pages/VT_Bootstrap/Receipt/button_Print' is visible

2023-09-21 17:15:42 - [MESSAGE][PASSED] - Object 'Object Repository/AdminSuiteBootstrap_Pages/VT_Bootstrap/Receipt/button_Print' is visible

2023-09-21 17:15:42 - [TEST_STEP][PASSED] - verifyElementPresent(findTestObject("Object Repository/AdminSuiteBootstrap_Pages/VT_Bootstrap/Receipt/button_Print"), 20): Object 'Object Repository/AdminSuiteBootstrap_Pages/VT_Bootstrap/Receipt/button_Print' is present

2023-09-21 17:15:43 - [MESSAGE][PASSED] - Object 'Object Repository/AdminSuiteBootstrap_Pages/VT_Bootstrap/Receipt/button_Print' is present

2023-09-21 17:15:43 - [TEST_STEP][PASSED] - verifyTextPresent("Remittance ID", true): Text 'Remittance ID' is present on page  using regular expression

2023-09-21 17:15:43 - [MESSAGE][PASSED] - Text 'Remittance ID' is present on page  using regular expression

2023-09-21 17:15:43 - [TEST_STEP][PASSED] - verifyTextPresent("Received", true): Text 'Received' is present on page  using regular expression

2023-09-21 17:15:43 - [MESSAGE][PASSED] - Text 'Received' is present on page  using regular expression

2023-09-21 17:15:43 - [TEST_STEP][PASSED] - verifyTextPresent("UDF1", true): Text 'UDF1' is present on page  using regular expression

2023-09-21 17:15:43 - [MESSAGE][PASSED] - Text 'UDF1' is present on page  using regular expression

2023-09-21 17:15:43 - [TEST_STEP][PASSED] - verifyTextPresent("UDF2", true): Text 'UDF2' is present on page  using regular expression

2023-09-21 17:15:44 - [MESSAGE][PASSED] - Text 'UDF2' is present on page  using regular expression

2023-09-21 17:15:44 - [TEST_STEP][PASSED] - verifyTextPresent("UDF3", true): Text 'UDF3' is present on page  using regular expression

2023-09-21 17:15:44 - [MESSAGE][PASSED] - Text 'UDF3' is present on page  using regular expression

2023-09-21 17:15:44 - [TEST_STEP][PASSED] - verifyTextPresent("UDF4", true): Text 'UDF4' is present on page  using regular expression

2023-09-21 17:15:44 - [MESSAGE][PASSED] - Text 'UDF4' is present on page  using regular expression

2023-09-21 17:15:44 - [TEST_STEP][PASSED] - verifyTextPresent("UDF5", true): Text 'UDF5' is present on page  using regular expression

2023-09-21 17:15:45 - [MESSAGE][PASSED] - Text 'UDF5' is present on page  using regular expression

2023-09-21 17:15:45 - [TEST_STEP][PASSED] - verifyTextPresent("UDF6", true): Text 'UDF6' is present on page  using regular expression

2023-09-21 17:15:45 - [MESSAGE][PASSED] - Text 'UDF6' is present on page  using regular expression

2023-09-21 17:15:45 - [TEST_STEP][PASSED] - verifyTextPresent("UDF7", true): Text 'UDF7' is present on page  using regular expression

2023-09-21 17:15:45 - [MESSAGE][PASSED] - Text 'UDF7' is present on page  using regular expression

2023-09-21 17:15:45 - [TEST_STEP][PASSED] - verifyTextPresent("UDF8", true): Text 'UDF8' is present on page  using regular expression

2023-09-21 17:15:46 - [MESSAGE][PASSED] - Text 'UDF8' is present on page  using regular expression

2023-09-21 17:15:46 - [TEST_STEP][PASSED] - verifyTextPresent("UDF9", true): Text 'UDF9' is present on page  using regular expression

2023-09-21 17:15:46 - [MESSAGE][PASSED] - Text 'UDF9' is present on page  using regular expression

2023-09-21 17:15:46 - [TEST_STEP][PASSED] - verifyTextPresent("UDF 10", true): Text 'UDF 10' is present on page  using regular expression

2023-09-21 17:15:46 - [MESSAGE][PASSED] - Text 'UDF 10' is present on page  using regular expression

2023-09-21 17:15:46 - [TEST_STEP][PASSED] - verifyTextPresent("Delhi", true): Text 'Delhi' is present on page  using regular expression

2023-09-21 17:15:46 - [MESSAGE][PASSED] - Text 'Delhi' is present on page  using regular expression

2023-09-21 17:15:46 - [TEST_STEP][PASSED] - verifyTextPresent("Chennai", true): Text 'Chennai' is present on page  using regular expression

2023-09-21 17:15:47 - [MESSAGE][PASSED] - Text 'Chennai' is present on page  using regular expression

2023-09-21 17:15:47 - [TEST_STEP][PASSED] - verifyTextPresent("Mumbai", true): Text 'Mumbai' is present on page  using regular expression

2023-09-21 17:15:47 - [MESSAGE][PASSED] - Text 'Mumbai' is present on page  using regular expression

2023-09-21 17:15:47 - [TEST_STEP][PASSED] - verifyTextPresent("Kanpur", true): Text 'Kanpur' is present on page  using regular expression

2023-09-21 17:15:47 - [MESSAGE][PASSED] - Text 'Kanpur' is present on page  using regular expression

2023-09-21 17:15:47 - [TEST_STEP][PASSED] - verifyTextPresent("Orange Recorded", true): Text 'Orange Recorded' is present on page  using regular expression

2023-09-21 17:15:48 - [MESSAGE][PASSED] - Text 'Orange Recorded' is present on page  using regular expression

2023-09-21 17:15:48 - [TEST_STEP][PASSED] - verifyTextPresent("Yellow Recorded", true): Text 'Yellow Recorded' is present on page  using regular expression

2023-09-21 17:15:48 - [MESSAGE][PASSED] - Text 'Yellow Recorded' is present on page  using regular expression

2023-09-21 17:15:48 - [TEST_STEP][PASSED] - verifyTextPresent("Kolkata", true): Text 'Kolkata' is present on page  using regular expression

2023-09-21 17:15:48 - [MESSAGE][PASSED] - Text 'Kolkata' is present on page  using regular expression

2023-09-21 17:15:48 - [TEST_STEP][PASSED] - verifyTextPresent("Pune", true): Text 'Pune' is present on page  using regular expression

2023-09-21 17:15:49 - [MESSAGE][PASSED] - Text 'Pune' is present on page  using regular expression

2023-09-21 17:15:49 - [TEST_STEP][PASSED] - verifyTextPresent("Bhavnagar", true): Text 'Bhavnagar' is present on page  using regular expression

2023-09-21 17:15:49 - [MESSAGE][PASSED] - Text 'Bhavnagar' is present on page  using regular expression

2023-09-21 17:15:49 - [TEST_STEP][PASSED] - verifyTextPresent("Noida", true): Text 'Noida' is present on page  using regular expression

2023-09-21 17:15:49 - [MESSAGE][PASSED] - Text 'Noida' is present on page  using regular expression

2023-09-21 17:15:49 - [TEST_STEP][PASSED] - verifyTextPresent("Amount", true): Text 'Amount' is present on page  using regular expression

2023-09-21 17:15:49 - [MESSAGE][PASSED] - Text 'Amount' is present on page  using regular expression

2023-09-21 17:15:49 - [TEST_STEP][PASSED] - verifyTextPresent("2.50", true): Text '2.50' is present on page  using regular expression

2023-09-21 17:15:50 - [MESSAGE][PASSED] - Text '2.50' is present on page  using regular expression

2023-09-21 17:15:50 - [TEST_STEP][PASSED] - verifyTextPresent("Authorization and Capture", true): Text 'Authorization and Capture' is present on page  using regular expression

2023-09-21 17:15:50 - [MESSAGE][PASSED] - Text 'Authorization and Capture' is present on page  using regular expression

2023-09-21 17:15:50 - [TEST_STEP][PASSED] - verifyTextPresent("Card Information", true): Text 'Card Information' is present on page  using regular expression

2023-09-21 17:15:50 - [MESSAGE][PASSED] - Text 'Card Information' is present on page  using regular expression

2023-09-21 17:15:50 - [TEST_STEP][PASSED] - verifyTextPresent("TANDON RAVENA", true): Text 'TANDON RAVENA' is present on page  using regular expression

2023-09-21 17:15:51 - [MESSAGE][PASSED] - Text 'TANDON RAVENA' is present on page  using regular expression

2023-09-21 17:15:51 - [TEST_STEP][PASSED] - verifyTextPresent("Address Line 1", true): Text 'Address Line 1' is present on page  using regular expression

2023-09-21 17:15:51 - [MESSAGE][PASSED] - Text 'Address Line 1' is present on page  using regular expression

2023-09-21 17:15:51 - [TEST_STEP][PASSED] - verifyTextPresent("Address Line 2", true): Text 'Address Line 2' is present on page  using regular expression

2023-09-21 17:15:51 - [MESSAGE][PASSED] - Text 'Address Line 2' is present on page  using regular expression

2023-09-21 17:15:51 - [TEST_STEP][PASSED] - verifyTextPresent("Country", true): Text 'Country' is present on page  using regular expression

2023-09-21 17:15:51 - [MESSAGE][PASSED] - Text 'Country' is present on page  using regular expression

2023-09-21 17:15:51 - [TEST_STEP][PASSED] - verifyTextPresent("City", true): Text 'City' is present on page  using regular expression

2023-09-21 17:15:52 - [MESSAGE][PASSED] - Text 'City' is present on page  using regular expression

2023-09-21 17:15:52 - [TEST_STEP][PASSED] - verifyTextPresent("State", true): Text 'State' is present on page  using regular expression

2023-09-21 17:15:52 - [MESSAGE][PASSED] - Text 'State' is present on page  using regular expression

2023-09-21 17:15:52 - [TEST_STEP][PASSED] - verifyTextPresent("ZIP Code", true): Text 'ZIP Code' is present on page  using regular expression

2023-09-21 17:15:52 - [MESSAGE][PASSED] - Text 'ZIP Code' is present on page  using regular expression

2023-09-21 17:15:52 - [TEST_STEP][PASSED] - verifyTextPresent("248 PhoolKaante road", true): Text '248 PhoolKaante road' is present on page  using regular expression

2023-09-21 17:15:53 - [MESSAGE][PASSED] - Text '248 PhoolKaante road' is present on page  using regular expression

2023-09-21 17:15:53 - [TEST_STEP][PASSED] - verifyTextPresent("Suite 678", true): Text 'Suite 678' is present on page  using regular expression

2023-09-21 17:15:53 - [MESSAGE][PASSED] - Text 'Suite 678' is present on page  using regular expression

2023-09-21 17:15:53 - [TEST_STEP][PASSED] - verifyTextPresent("United States", true): Text 'United States' is present on page  using regular expression

2023-09-21 17:15:53 - [MESSAGE][PASSED] - Text 'United States' is present on page  using regular expression

2023-09-21 17:15:53 - [TEST_STEP][PASSED] - verifyTextPresent("ARLINGTON", true): Text 'ARLINGTON' is present on page  using regular expression

2023-09-21 17:15:54 - [MESSAGE][PASSED] - Text 'ARLINGTON' is present on page  using regular expression

2023-09-21 17:15:54 - [TEST_STEP][PASSED] - verifyTextPresent("VA", true): Text 'VA' is present on page  using regular expression

2023-09-21 17:15:54 - [MESSAGE][PASSED] - Text 'VA' is present on page  using regular expression

2023-09-21 17:15:54 - [TEST_STEP][PASSED] - verifyTextPresent("22201", true): Text '22201' is present on page  using regular expression

2023-09-21 17:15:54 - [MESSAGE][PASSED] - Text '22201' is present on page  using regular expression

2023-09-21 17:15:54 - [TEST_STEP][PASSED] - cardTypeV = findTestData(dataFile).getValue("CardType", row): null

2023-09-21 17:15:54 - [TEST_STEP][PASSED] - last4V = findTestData(dataFile).getValue("Last4", row): null

2023-09-21 17:15:54 - [TEST_STEP][PASSED] - verifyTextPresent(cardTypeV, true): Text 'Discover' is present on page  using regular expression

2023-09-21 17:15:55 - [MESSAGE][PASSED] - Text 'Discover' is present on page  using regular expression

2023-09-21 17:15:55 - [TEST_STEP][PASSED] - verifyTextPresent(last4V, true): Text '6909' is present on page  using regular expression

2023-09-21 17:15:55 - [MESSAGE][PASSED] - Text '6909' is present on page  using regular expression

2023-09-21 17:15:55 - [TEST_STEP][PASSED] - switch (appName): null

2023-09-21 17:15:55 - [TEST_STEP][PASSED] - closeBrowser(): Browser is closed

2023-09-21 17:15:56 - [MESSAGE][PASSED] - Browser is closed

2023-09-21 17:15:56 - [TEST_STEP][PASSED] - ExecuteTC = findTestData(dataFile).getValue("Execute", row): null

2023-09-21 17:15:56 - [TEST_STEP][PASSED] - out.println("Value of Execute is : " + ExecuteTC): null

2023-09-21 17:15:56 - [TEST_STEP][PASSED] - switch (executionProfile): null

2023-09-21 17:15:56 - [TEST_STEP][PASSED] - case "QA2Profile":: null

2023-09-21 17:15:56 - [TEST_STEP][PASSED] - appName = findTestData(dataFile).getValue("AppNameQA", row): null

2023-09-21 17:15:56 - [TEST_STEP][PASSED] - appID = findTestData(dataFile).getValue("AppIDQA", row): null

2023-09-21 17:15:56 - [TEST_STEP][PASSED] - break: null

2023-09-21 17:15:56 - [TEST_STEP][PASSED] - if (ExecuteTC.equalsIgnoreCase("Y")): null

2023-09-21 17:15:56 - [TEST_STEP][PASSED] - out.println("Begin Record Number: " + row): null

2023-09-21 17:15:56 - [TEST_STEP][PASSED] - today = new java.util.Date(): null

2023-09-21 17:15:56 - [TEST_STEP][PASSED] - println(today): null

2023-09-21 17:15:56 - [TEST_STEP][PASSED] - datText = today: null

2023-09-21 17:15:56 - [TEST_STEP][PASSED] - adminSuiteBootstrap.loginFunctionality.login_AdminSuite(): adminSuiteBootstrap.loginFunctionality.login_AdminSuite is PASSED

2023-09-21 17:15:56 - [MESSAGE][INFO] - Starting 'Chrome' driver

2023-09-21 17:15:56 - [MESSAGE][INFO] - User set preference: ['acceptInsecureCerts', 'true']

2023-09-21 17:15:56 - [MESSAGE][INFO] - Action delay is set to 0 milliseconds

2023-09-21 17:15:59 - [MESSAGE][PASSED] - Browser is opened with url: 'https://qa2.velocitypayment.com/admin/imtiaz'

2023-09-21 17:15:59 - [MESSAGE][PASSED] - Current window maximized

2023-09-21 17:15:59 - [MESSAGE][PASSED] - Object 'Object Repository/Login_Page/Login_Username_Okta' is present

2023-09-21 17:16:00 - [MESSAGE][PASSED] - Text 'iahmed' is set on object 'Object Repository/Login_Page/Login_Username_Okta'

2023-09-21 17:16:01 - [MESSAGE][PASSED] - Text 'Hello1111111@' is set on object 'Object Repository/Login_Page/Login_Password_Okta'

2023-09-21 17:16:01 - [MESSAGE][PASSED] - Object: 'Object Repository/Login_Page/Login_Submit_Okta' is clicked on

2023-09-21 17:16:01 - [MESSAGE][PASSED] - adminSuiteBootstrap.loginFunctionality.login_AdminSuite is PASSED

2023-09-21 17:16:01 - [TEST_STEP][PASSED] - click(findTestObject(path_Dashboard + appName)): Object: 'Object Repository/AdminSuiteBootstrap_Pages/Dashboard_Bootstrap/a_Access AutoNoCFtp' is clicked on

2023-09-21 17:16:08 - [MESSAGE][PASSED] - Object: 'Object Repository/AdminSuiteBootstrap_Pages/Dashboard_Bootstrap/a_Access AutoNoCFtp' is clicked on

2023-09-21 17:16:08 - [TEST_STEP][PASSED] - click(findTestObject(path_VT + "a_Find Profile")): Object: 'Object Repository/AdminSuiteBootstrap_Pages/VT_Bootstrap/IssueTransactions/a_Find Profile' is clicked on

2023-09-21 17:16:09 - [MESSAGE][PASSED] - Object: 'Object Repository/AdminSuiteBootstrap_Pages/VT_Bootstrap/IssueTransactions/a_Find Profile' is clicked on

2023-09-21 17:16:09 - [TEST_STEP][PASSED] - criteria = <not implemented yet for class: org.codehaus.groovy.ast.expr.EmptyExpression>: null

2023-09-21 17:16:09 - [TEST_STEP][PASSED] - searchBy = <not implemented yet for class: org.codehaus.groovy.ast.expr.EmptyExpression>: null

2023-09-21 17:16:09 - [TEST_STEP][PASSED] - criteria = findTestData(dataFile).getValue("ProfileName", row): null

2023-09-21 17:16:09 - [TEST_STEP][PASSED] - path_SearchProfile = "Object Repository/AdminSuiteBootstrap_Pages/VSP_Bootstrap/SearchProfile/": null

2023-09-21 17:16:09 - [TEST_STEP][PASSED] - setText(findTestObject(path_SearchProfile + "input_Criteria"), criteria): Text 'PaymentsVisa' is set on object 'Object Repository/AdminSuiteBootstrap_Pages/VSP_Bootstrap/SearchProfile/input_Criteria'

2023-09-21 17:16:09 - [MESSAGE][PASSED] - Text 'PaymentsVisa' is set on object 'Object Repository/AdminSuiteBootstrap_Pages/VSP_Bootstrap/SearchProfile/input_Criteria'

2023-09-21 17:16:09 - [TEST_STEP][PASSED] - click(findTestObject(path_SearchProfile + "button_Search")): Object: 'Object Repository/AdminSuiteBootstrap_Pages/VSP_Bootstrap/SearchProfile/button_Search' is clicked on

2023-09-21 17:16:10 - [MESSAGE][PASSED] - Object: 'Object Repository/AdminSuiteBootstrap_Pages/VSP_Bootstrap/SearchProfile/button_Search' is clicked on

2023-09-21 17:16:10 - [TEST_STEP][PASSED] - profNameLink = findTestData(dataFile).getValue("ProfileNameLink", row): null

2023-09-21 17:16:10 - [TEST_STEP][PASSED] - click(findTestObject(path_ViewProfile + profNameLink)): Object: 'Object Repository/AdminSuiteBootstrap_Pages/VSP_Bootstrap/View Profile/a_PaymentsVisa' is clicked on

2023-09-21 17:16:12 - [MESSAGE][PASSED] - Object: 'Object Repository/AdminSuiteBootstrap_Pages/VSP_Bootstrap/View Profile/a_PaymentsVisa' is clicked on

2023-09-21 17:16:12 - [TEST_STEP][PASSED] - click(findTestObject(path_ViewProfile + "a_AuthCap")): Object: 'Object Repository/AdminSuiteBootstrap_Pages/VSP_Bootstrap/View Profile/a_AuthCap' is clicked on

2023-09-21 17:16:13 - [MESSAGE][PASSED] - Object: 'Object Repository/AdminSuiteBootstrap_Pages/VSP_Bootstrap/View Profile/a_AuthCap' is clicked on

2023-09-21 17:16:13 - [TEST_STEP][PASSED] - verifyTextPresent("Credit Card Authorization Capture", true): Text 'Credit Card Authorization Capture' is present on page  using regular expression

2023-09-21 17:16:13 - [MESSAGE][PASSED] - Text 'Credit Card Authorization Capture' is present on page  using regular expression

2023-09-21 17:16:13 - [TEST_STEP][PASSED] - verifyTextPresent("Sale", true): Text 'Sale' is present on page  using regular expression

2023-09-21 17:16:14 - [MESSAGE][PASSED] - Text 'Sale' is present on page  using regular expression

2023-09-21 17:16:14 - [TEST_STEP][PASSED] - verifyTextPresent("Required fields are highlighted with an asterisk", true): Text 'Required fields are highlighted with an asterisk' is present on page  using regular expression

2023-09-21 17:16:14 - [MESSAGE][PASSED] - Text 'Required fields are highlighted with an asterisk' is present on page  using regular expression

2023-09-21 17:16:14 - [TEST_STEP][PASSED] - verifyTextPresent("Remittance ID", true): Text 'Remittance ID' is present on page  using regular expression

2023-09-21 17:16:14 - [MESSAGE][PASSED] - Text 'Remittance ID' is present on page  using regular expression

2023-09-21 17:16:14 - [TEST_STEP][PASSED] - vspBootstrap.SalePage.setDataSaleAndAuth(row, dataFile): vspBootstrap.SalePage.setDataSaleAndAuth is PASSED

2023-09-21 17:16:16 - [MESSAGE][PASSED] - All options with value 'RETL' are selected in object 'Object Repository/AdminSuiteBootstrap_Pages/VSP_Bootstrap/VSP_Authcap/select_TransactionCategory'  using regular expression

2023-09-21 17:16:17 - [MESSAGE][PASSED] - Text '123' is set on object 'Object Repository/AdminSuiteBootstrap_Pages/VSP_Bootstrap/VSP_Authcap/input_cvv'

2023-09-21 17:16:17 - [MESSAGE][PASSED] - Text '' is set on object 'Object Repository/AdminSuiteBootstrap_Pages/VSP_Bootstrap/VSP_Authcap/input_smsNumber'

2023-09-21 17:16:18 - [MESSAGE][PASSED] - Text '2.50' is set on object 'Object Repository/AdminSuiteBootstrap_Pages/VSP_Bootstrap/VSP_Authcap/input_amount'

2023-09-21 17:16:19 - [MESSAGE][PASSED] - Text 'Delhi' is set on object 'Object Repository/AdminSuiteBootstrap_Pages/VSP_Bootstrap/VSP_Authcap/input_userDefined1'

2023-09-21 17:16:19 - [MESSAGE][PASSED] - Text 'Chennai' is set on object 'Object Repository/AdminSuiteBootstrap_Pages/VSP_Bootstrap/VSP_Authcap/input_userDefined2'

2023-09-21 17:16:20 - [MESSAGE][PASSED] - Text 'Mumbai' is set on object 'Object Repository/AdminSuiteBootstrap_Pages/VSP_Bootstrap/VSP_Authcap/input_userDefined3'

2023-09-21 17:16:20 - [MESSAGE][PASSED] - Text 'Kanpur' is set on object 'Object Repository/AdminSuiteBootstrap_Pages/VSP_Bootstrap/VSP_Authcap/input_userDefined4'

2023-09-21 17:16:21 - [MESSAGE][PASSED] - All options with label 'Orange' are selected in object 'Object Repository/AdminSuiteBootstrap_Pages/VSP_Bootstrap/VSP_Authcap/select_UDF5'  using regular expression

2023-09-21 17:16:22 - [MESSAGE][PASSED] - All options with label 'Yellow' are selected in object 'Object Repository/AdminSuiteBootstrap_Pages/VSP_Bootstrap/VSP_Authcap/select_UDF6'  using regular expression

2023-09-21 17:16:23 - [MESSAGE][PASSED] - Text 'Kolkata' is set on object 'Object Repository/AdminSuiteBootstrap_Pages/VSP_Bootstrap/VSP_Authcap/input_userDefined7'

2023-09-21 17:16:23 - [MESSAGE][PASSED] - Text 'Pune' is set on object 'Object Repository/AdminSuiteBootstrap_Pages/VSP_Bootstrap/VSP_Authcap/input_userDefined8'

2023-09-21 17:16:24 - [MESSAGE][PASSED] - Text 'Bhavnagar' is set on object 'Object Repository/AdminSuiteBootstrap_Pages/VSP_Bootstrap/VSP_Authcap/input_userDefined9'

2023-09-21 17:16:25 - [MESSAGE][PASSED] - Text 'Noida' is set on object 'Object Repository/AdminSuiteBootstrap_Pages/VSP_Bootstrap/VSP_Authcap/input_userDefined10'

2023-09-21 17:16:26 - [MESSAGE][PASSED] - Object: 'Object Repository/AdminSuiteBootstrap_Pages/VSP_Bootstrap/VSP_Authcap/button_Submit' is clicked on

2023-09-21 17:16:26 - [MESSAGE][PASSED] - vspBootstrap.SalePage.setDataSaleAndAuth is PASSED

2023-09-21 17:16:26 - [TEST_STEP][PASSED] - verifyTextPresent("Transaction Successful", true): Text 'Transaction Successful' is present on page  using regular expression

2023-09-21 17:16:27 - [MESSAGE][PASSED] - Text 'Transaction Successful' is present on page  using regular expression

2023-09-21 17:16:27 - [TEST_STEP][PASSED] - verifyElementVisible(findTestObject("Object Repository/AdminSuiteBootstrap_Pages/VT_Bootstrap/Receipt/button_Continue")): Object 'Object Repository/AdminSuiteBootstrap_Pages/VT_Bootstrap/Receipt/button_Continue' is visible

2023-09-21 17:16:27 - [MESSAGE][PASSED] - Object 'Object Repository/AdminSuiteBootstrap_Pages/VT_Bootstrap/Receipt/button_Continue' is visible

2023-09-21 17:16:27 - [TEST_STEP][PASSED] - verifyElementPresent(findTestObject("Object Repository/AdminSuiteBootstrap_Pages/VT_Bootstrap/Receipt/button_Continue"), 20): Object 'Object Repository/AdminSuiteBootstrap_Pages/VT_Bootstrap/Receipt/button_Continue' is present

2023-09-21 17:16:27 - [MESSAGE][PASSED] - Object 'Object Repository/AdminSuiteBootstrap_Pages/VT_Bootstrap/Receipt/button_Continue' is present

2023-09-21 17:16:27 - [TEST_STEP][PASSED] - verifyElementVisible(findTestObject("Object Repository/AdminSuiteBootstrap_Pages/VT_Bootstrap/Receipt/button_Print")): Object 'Object Repository/AdminSuiteBootstrap_Pages/VT_Bootstrap/Receipt/button_Print' is visible

2023-09-21 17:16:28 - [MESSAGE][PASSED] - Object 'Object Repository/AdminSuiteBootstrap_Pages/VT_Bootstrap/Receipt/button_Print' is visible

2023-09-21 17:16:28 - [TEST_STEP][PASSED] - verifyElementPresent(findTestObject("Object Repository/AdminSuiteBootstrap_Pages/VT_Bootstrap/Receipt/button_Print"), 20): Object 'Object Repository/AdminSuiteBootstrap_Pages/VT_Bootstrap/Receipt/button_Print' is present

2023-09-21 17:16:28 - [MESSAGE][PASSED] - Object 'Object Repository/AdminSuiteBootstrap_Pages/VT_Bootstrap/Receipt/button_Print' is present

2023-09-21 17:16:28 - [TEST_STEP][PASSED] - verifyTextPresent("Remittance ID", true): Text 'Remittance ID' is present on page  using regular expression

2023-09-21 17:16:28 - [MESSAGE][PASSED] - Text 'Remittance ID' is present on page  using regular expression

2023-09-21 17:16:28 - [TEST_STEP][PASSED] - verifyTextPresent("Received", true): Text 'Received' is present on page  using regular expression

2023-09-21 17:16:29 - [MESSAGE][PASSED] - Text 'Received' is present on page  using regular expression

2023-09-21 17:16:29 - [TEST_STEP][PASSED] - verifyTextPresent("UDF1", true): Text 'UDF1' is present on page  using regular expression

2023-09-21 17:16:29 - [MESSAGE][PASSED] - Text 'UDF1' is present on page  using regular expression

2023-09-21 17:16:29 - [TEST_STEP][PASSED] - verifyTextPresent("UDF2", true): Text 'UDF2' is present on page  using regular expression

2023-09-21 17:16:29 - [MESSAGE][PASSED] - Text 'UDF2' is present on page  using regular expression

2023-09-21 17:16:29 - [TEST_STEP][PASSED] - verifyTextPresent("UDF3", true): Text 'UDF3' is present on page  using regular expression

2023-09-21 17:16:29 - [MESSAGE][PASSED] - Text 'UDF3' is present on page  using regular expression

2023-09-21 17:16:29 - [TEST_STEP][PASSED] - verifyTextPresent("UDF4", true): Text 'UDF4' is present on page  using regular expression

2023-09-21 17:16:30 - [MESSAGE][PASSED] - Text 'UDF4' is present on page  using regular expression

2023-09-21 17:16:30 - [TEST_STEP][PASSED] - verifyTextPresent("UDF5", true): Text 'UDF5' is present on page  using regular expression

2023-09-21 17:16:30 - [MESSAGE][PASSED] - Text 'UDF5' is present on page  using regular expression

2023-09-21 17:16:30 - [TEST_STEP][PASSED] - verifyTextPresent("UDF6", true): Text 'UDF6' is present on page  using regular expression

2023-09-21 17:16:30 - [MESSAGE][PASSED] - Text 'UDF6' is present on page  using regular expression

2023-09-21 17:16:30 - [TEST_STEP][PASSED] - verifyTextPresent("UDF7", true): Text 'UDF7' is present on page  using regular expression

2023-09-21 17:16:31 - [MESSAGE][PASSED] - Text 'UDF7' is present on page  using regular expression

2023-09-21 17:16:31 - [TEST_STEP][PASSED] - verifyTextPresent("UDF8", true): Text 'UDF8' is present on page  using regular expression

2023-09-21 17:16:31 - [MESSAGE][PASSED] - Text 'UDF8' is present on page  using regular expression

2023-09-21 17:16:31 - [TEST_STEP][PASSED] - verifyTextPresent("UDF9", true): Text 'UDF9' is present on page  using regular expression

2023-09-21 17:16:31 - [MESSAGE][PASSED] - Text 'UDF9' is present on page  using regular expression

2023-09-21 17:16:31 - [TEST_STEP][PASSED] - verifyTextPresent("UDF 10", true): Text 'UDF 10' is present on page  using regular expression

2023-09-21 17:16:32 - [MESSAGE][PASSED] - Text 'UDF 10' is present on page  using regular expression

2023-09-21 17:16:32 - [TEST_STEP][PASSED] - verifyTextPresent("Delhi", true): Text 'Delhi' is present on page  using regular expression

2023-09-21 17:16:32 - [MESSAGE][PASSED] - Text 'Delhi' is present on page  using regular expression

2023-09-21 17:16:32 - [TEST_STEP][PASSED] - verifyTextPresent("Chennai", true): Text 'Chennai' is present on page  using regular expression

2023-09-21 17:16:32 - [MESSAGE][PASSED] - Text 'Chennai' is present on page  using regular expression

2023-09-21 17:16:32 - [TEST_STEP][PASSED] - verifyTextPresent("Mumbai", true): Text 'Mumbai' is present on page  using regular expression

2023-09-21 17:16:32 - [MESSAGE][PASSED] - Text 'Mumbai' is present on page  using regular expression

2023-09-21 17:16:32 - [TEST_STEP][PASSED] - verifyTextPresent("Kanpur", true): Text 'Kanpur' is present on page  using regular expression

2023-09-21 17:16:33 - [MESSAGE][PASSED] - Text 'Kanpur' is present on page  using regular expression

2023-09-21 17:16:33 - [TEST_STEP][PASSED] - verifyTextPresent("Orange Recorded", true): Text 'Orange Recorded' is present on page  using regular expression

2023-09-21 17:16:33 - [MESSAGE][PASSED] - Text 'Orange Recorded' is present on page  using regular expression

2023-09-21 17:16:33 - [TEST_STEP][PASSED] - verifyTextPresent("Yellow Recorded", true): Text 'Yellow Recorded' is present on page  using regular expression

2023-09-21 17:16:33 - [MESSAGE][PASSED] - Text 'Yellow Recorded' is present on page  using regular expression

2023-09-21 17:16:33 - [TEST_STEP][PASSED] - verifyTextPresent("Kolkata", true): Text 'Kolkata' is present on page  using regular expression

2023-09-21 17:16:34 - [MESSAGE][PASSED] - Text 'Kolkata' is present on page  using regular expression

2023-09-21 17:16:34 - [TEST_STEP][PASSED] - verifyTextPresent("Pune", true): Text 'Pune' is present on page  using regular expression

2023-09-21 17:16:34 - [MESSAGE][PASSED] - Text 'Pune' is present on page  using regular expression

2023-09-21 17:16:34 - [TEST_STEP][PASSED] - verifyTextPresent("Bhavnagar", true): Text 'Bhavnagar' is present on page  using regular expression

2023-09-21 17:16:34 - [MESSAGE][PASSED] - Text 'Bhavnagar' is present on page  using regular expression

2023-09-21 17:16:34 - [TEST_STEP][PASSED] - verifyTextPresent("Noida", true): Text 'Noida' is present on page  using regular expression

2023-09-21 17:16:34 - [MESSAGE][PASSED] - Text 'Noida' is present on page  using regular expression

2023-09-21 17:16:35 - [TEST_STEP][PASSED] - verifyTextPresent("Amount", true): Text 'Amount' is present on page  using regular expression

2023-09-21 17:16:35 - [MESSAGE][PASSED] - Text 'Amount' is present on page  using regular expression

2023-09-21 17:16:35 - [TEST_STEP][PASSED] - verifyTextPresent("2.50", true): Text '2.50' is present on page  using regular expression

2023-09-21 17:16:35 - [MESSAGE][PASSED] - Text '2.50' is present on page  using regular expression

2023-09-21 17:16:35 - [TEST_STEP][PASSED] - verifyTextPresent("Authorization and Capture", true): Text 'Authorization and Capture' is present on page  using regular expression

2023-09-21 17:16:35 - [MESSAGE][PASSED] - Text 'Authorization and Capture' is present on page  using regular expression

2023-09-21 17:16:35 - [TEST_STEP][PASSED] - verifyTextPresent("Card Information", true): Text 'Card Information' is present on page  using regular expression

2023-09-21 17:16:36 - [MESSAGE][PASSED] - Text 'Card Information' is present on page  using regular expression

2023-09-21 17:16:36 - [TEST_STEP][PASSED] - verifyTextPresent("TANDON RAVENA", true): Text 'TANDON RAVENA' is present on page  using regular expression

2023-09-21 17:16:36 - [MESSAGE][PASSED] - Text 'TANDON RAVENA' is present on page  using regular expression

2023-09-21 17:16:36 - [TEST_STEP][PASSED] - verifyTextPresent("Address Line 1", true): Text 'Address Line 1' is present on page  using regular expression

2023-09-21 17:16:36 - [MESSAGE][PASSED] - Text 'Address Line 1' is present on page  using regular expression

2023-09-21 17:16:36 - [TEST_STEP][PASSED] - verifyTextPresent("Address Line 2", true): Text 'Address Line 2' is present on page  using regular expression

2023-09-21 17:16:37 - [MESSAGE][PASSED] - Text 'Address Line 2' is present on page  using regular expression

2023-09-21 17:16:37 - [TEST_STEP][PASSED] - verifyTextPresent("Country", true): Text 'Country' is present on page  using regular expression

2023-09-21 17:16:37 - [MESSAGE][PASSED] - Text 'Country' is present on page  using regular expression

2023-09-21 17:16:37 - [TEST_STEP][PASSED] - verifyTextPresent("City", true): Text 'City' is present on page  using regular expression

2023-09-21 17:16:37 - [MESSAGE][PASSED] - Text 'City' is present on page  using regular expression

2023-09-21 17:16:37 - [TEST_STEP][PASSED] - verifyTextPresent("State", true): Text 'State' is present on page  using regular expression

2023-09-21 17:16:37 - [MESSAGE][PASSED] - Text 'State' is present on page  using regular expression

2023-09-21 17:16:37 - [TEST_STEP][PASSED] - verifyTextPresent("ZIP Code", true): Text 'ZIP Code' is present on page  using regular expression

2023-09-21 17:16:38 - [MESSAGE][PASSED] - Text 'ZIP Code' is present on page  using regular expression

2023-09-21 17:16:38 - [TEST_STEP][PASSED] - verifyTextPresent("248 PhoolKaante road", true): Text '248 PhoolKaante road' is present on page  using regular expression

2023-09-21 17:16:38 - [MESSAGE][PASSED] - Text '248 PhoolKaante road' is present on page  using regular expression

2023-09-21 17:16:38 - [TEST_STEP][PASSED] - verifyTextPresent("Suite 678", true): Text 'Suite 678' is present on page  using regular expression

2023-09-21 17:16:38 - [MESSAGE][PASSED] - Text 'Suite 678' is present on page  using regular expression

2023-09-21 17:16:38 - [TEST_STEP][PASSED] - verifyTextPresent("United States", true): Text 'United States' is present on page  using regular expression

2023-09-21 17:16:39 - [MESSAGE][PASSED] - Text 'United States' is present on page  using regular expression

2023-09-21 17:16:39 - [TEST_STEP][PASSED] - verifyTextPresent("ARLINGTON", true): Text 'ARLINGTON' is present on page  using regular expression

2023-09-21 17:16:39 - [MESSAGE][PASSED] - Text 'ARLINGTON' is present on page  using regular expression

2023-09-21 17:16:39 - [TEST_STEP][PASSED] - verifyTextPresent("VA", true): Text 'VA' is present on page  using regular expression

2023-09-21 17:16:39 - [MESSAGE][PASSED] - Text 'VA' is present on page  using regular expression

2023-09-21 17:16:39 - [TEST_STEP][PASSED] - verifyTextPresent("22201", true): Text '22201' is present on page  using regular expression

2023-09-21 17:16:40 - [MESSAGE][PASSED] - Text '22201' is present on page  using regular expression

2023-09-21 17:16:40 - [TEST_STEP][PASSED] - cardTypeV = findTestData(dataFile).getValue("CardType", row): null

2023-09-21 17:16:40 - [TEST_STEP][PASSED] - last4V = findTestData(dataFile).getValue("Last4", row): null

2023-09-21 17:16:40 - [TEST_STEP][PASSED] - verifyTextPresent(cardTypeV, true): Text 'Visa' is present on page  using regular expression

2023-09-21 17:16:40 - [MESSAGE][PASSED] - Text 'Visa' is present on page  using regular expression

2023-09-21 17:16:40 - [TEST_STEP][PASSED] - verifyTextPresent(last4V, true): Text '5439' is present on page  using regular expression

2023-09-21 17:16:40 - [MESSAGE][PASSED] - Text '5439' is present on page  using regular expression

2023-09-21 17:16:40 - [TEST_STEP][PASSED] - switch (appName): null

2023-09-21 17:16:40 - [TEST_STEP][PASSED] - closeBrowser(): Browser is closed

2023-09-21 17:16:41 - [MESSAGE][PASSED] - Browser is closed

2023-09-21 17:16:41 - [TEST_STEP][PASSED] - ExecuteTC = findTestData(dataFile).getValue("Execute", row): null

2023-09-21 17:16:41 - [TEST_STEP][PASSED] - out.println("Value of Execute is : " + ExecuteTC): null

2023-09-21 17:16:41 - [TEST_STEP][PASSED] - switch (executionProfile): null

2023-09-21 17:16:41 - [TEST_STEP][PASSED] - case "QA2Profile":: null

2023-09-21 17:16:41 - [TEST_STEP][PASSED] - appName = findTestData(dataFile).getValue("AppNameQA", row): null

2023-09-21 17:16:41 - [TEST_STEP][PASSED] - appID = findTestData(dataFile).getValue("AppIDQA", row): null

2023-09-21 17:16:41 - [TEST_STEP][PASSED] - break: null

2023-09-21 17:16:41 - [TEST_STEP][PASSED] - if (ExecuteTC.equalsIgnoreCase("Y")): null

2023-09-21 17:16:41 - [TEST_STEP][PASSED] - out.println("Begin Record Number: " + row): null

2023-09-21 17:16:41 - [TEST_STEP][PASSED] - today = new java.util.Date(): null

2023-09-21 17:16:41 - [TEST_STEP][PASSED] - println(today): null

2023-09-21 17:16:41 - [TEST_STEP][PASSED] - datText = today: null

2023-09-21 17:16:41 - [TEST_STEP][PASSED] - adminSuiteBootstrap.loginFunctionality.login_AdminSuite(): adminSuiteBootstrap.loginFunctionality.login_AdminSuite is PASSED

2023-09-21 17:16:41 - [MESSAGE][INFO] - Starting 'Chrome' driver

2023-09-21 17:16:41 - [MESSAGE][INFO] - User set preference: ['acceptInsecureCerts', 'true']

2023-09-21 17:16:41 - [MESSAGE][INFO] - Action delay is set to 0 milliseconds

2023-09-21 17:16:44 - [MESSAGE][PASSED] - Browser is opened with url: 'https://qa2.velocitypayment.com/admin/imtiaz'

2023-09-21 17:16:44 - [MESSAGE][PASSED] - Current window maximized

2023-09-21 17:16:45 - [MESSAGE][PASSED] - Object 'Object Repository/Login_Page/Login_Username_Okta' is present

2023-09-21 17:16:45 - [MESSAGE][PASSED] - Text 'iahmed' is set on object 'Object Repository/Login_Page/Login_Username_Okta'

2023-09-21 17:16:46 - [MESSAGE][PASSED] - Text 'Hello1111111@' is set on object 'Object Repository/Login_Page/Login_Password_Okta'

2023-09-21 17:16:47 - [MESSAGE][PASSED] - Object: 'Object Repository/Login_Page/Login_Submit_Okta' is clicked on

2023-09-21 17:16:47 - [MESSAGE][PASSED] - adminSuiteBootstrap.loginFunctionality.login_AdminSuite is PASSED

2023-09-21 17:16:47 - [TEST_STEP][PASSED] - click(findTestObject(path_Dashboard + appName)): Object: 'Object Repository/AdminSuiteBootstrap_Pages/Dashboard_Bootstrap/a_Access AutoNoCFtp' is clicked on

2023-09-21 17:16:54 - [MESSAGE][PASSED] - Object: 'Object Repository/AdminSuiteBootstrap_Pages/Dashboard_Bootstrap/a_Access AutoNoCFtp' is clicked on

2023-09-21 17:16:54 - [TEST_STEP][PASSED] - click(findTestObject(path_VT + "a_Find Profile")): Object: 'Object Repository/AdminSuiteBootstrap_Pages/VT_Bootstrap/IssueTransactions/a_Find Profile' is clicked on

2023-09-21 17:16:54 - [MESSAGE][PASSED] - Object: 'Object Repository/AdminSuiteBootstrap_Pages/VT_Bootstrap/IssueTransactions/a_Find Profile' is clicked on

2023-09-21 17:16:54 - [TEST_STEP][PASSED] - criteria = <not implemented yet for class: org.codehaus.groovy.ast.expr.EmptyExpression>: null

2023-09-21 17:16:54 - [TEST_STEP][PASSED] - searchBy = <not implemented yet for class: org.codehaus.groovy.ast.expr.EmptyExpression>: null

2023-09-21 17:16:54 - [TEST_STEP][PASSED] - criteria = findTestData(dataFile).getValue("ProfileName", row): null

2023-09-21 17:16:54 - [TEST_STEP][PASSED] - path_SearchProfile = "Object Repository/AdminSuiteBootstrap_Pages/VSP_Bootstrap/SearchProfile/": null

2023-09-21 17:16:54 - [TEST_STEP][PASSED] - setText(findTestObject(path_SearchProfile + "input_Criteria"), criteria): Text 'PaymentsMC' is set on object 'Object Repository/AdminSuiteBootstrap_Pages/VSP_Bootstrap/SearchProfile/input_Criteria'

2023-09-21 17:16:55 - [MESSAGE][PASSED] - Text 'PaymentsMC' is set on object 'Object Repository/AdminSuiteBootstrap_Pages/VSP_Bootstrap/SearchProfile/input_Criteria'

2023-09-21 17:16:55 - [TEST_STEP][PASSED] - click(findTestObject(path_SearchProfile + "button_Search")): Object: 'Object Repository/AdminSuiteBootstrap_Pages/VSP_Bootstrap/SearchProfile/button_Search' is clicked on

2023-09-21 17:16:56 - [MESSAGE][PASSED] - Object: 'Object Repository/AdminSuiteBootstrap_Pages/VSP_Bootstrap/SearchProfile/button_Search' is clicked on

2023-09-21 17:16:56 - [TEST_STEP][PASSED] - profNameLink = findTestData(dataFile).getValue("ProfileNameLink", row): null

2023-09-21 17:16:56 - [TEST_STEP][PASSED] - click(findTestObject(path_ViewProfile + profNameLink)): Object: 'Object Repository/AdminSuiteBootstrap_Pages/VSP_Bootstrap/View Profile/a_PaymentsMC' is clicked on

2023-09-21 17:16:57 - [MESSAGE][PASSED] - Object: 'Object Repository/AdminSuiteBootstrap_Pages/VSP_Bootstrap/View Profile/a_PaymentsMC' is clicked on

2023-09-21 17:16:57 - [TEST_STEP][PASSED] - click(findTestObject(path_ViewProfile + "a_AuthCap")): Object: 'Object Repository/AdminSuiteBootstrap_Pages/VSP_Bootstrap/View Profile/a_AuthCap' is clicked on

2023-09-21 17:16:58 - [MESSAGE][PASSED] - Object: 'Object Repository/AdminSuiteBootstrap_Pages/VSP_Bootstrap/View Profile/a_AuthCap' is clicked on

2023-09-21 17:16:58 - [TEST_STEP][PASSED] - verifyTextPresent("Credit Card Authorization Capture", true): Text 'Credit Card Authorization Capture' is present on page  using regular expression

2023-09-21 17:16:59 - [MESSAGE][PASSED] - Text 'Credit Card Authorization Capture' is present on page  using regular expression

2023-09-21 17:16:59 - [TEST_STEP][PASSED] - verifyTextPresent("Sale", true): Text 'Sale' is present on page  using regular expression

2023-09-21 17:17:00 - [MESSAGE][PASSED] - Text 'Sale' is present on page  using regular expression

2023-09-21 17:17:00 - [TEST_STEP][PASSED] - verifyTextPresent("Required fields are highlighted with an asterisk", true): Text 'Required fields are highlighted with an asterisk' is present on page  using regular expression

2023-09-21 17:17:00 - [MESSAGE][PASSED] - Text 'Required fields are highlighted with an asterisk' is present on page  using regular expression

2023-09-21 17:17:00 - [TEST_STEP][PASSED] - verifyTextPresent("Remittance ID", true): Text 'Remittance ID' is present on page  using regular expression

2023-09-21 17:17:00 - [MESSAGE][PASSED] - Text 'Remittance ID' is present on page  using regular expression

2023-09-21 17:17:00 - [TEST_STEP][PASSED] - vspBootstrap.SalePage.setDataSaleAndAuth(row, dataFile): vspBootstrap.SalePage.setDataSaleAndAuth is PASSED

2023-09-21 17:17:02 - [MESSAGE][PASSED] - All options with value 'RETL' are selected in object 'Object Repository/AdminSuiteBootstrap_Pages/VSP_Bootstrap/VSP_Authcap/select_TransactionCategory'  using regular expression

2023-09-21 17:17:02 - [MESSAGE][PASSED] - Text '123' is set on object 'Object Repository/AdminSuiteBootstrap_Pages/VSP_Bootstrap/VSP_Authcap/input_cvv'

2023-09-21 17:17:03 - [MESSAGE][PASSED] - Text '' is set on object 'Object Repository/AdminSuiteBootstrap_Pages/VSP_Bootstrap/VSP_Authcap/input_smsNumber'

2023-09-21 17:17:04 - [MESSAGE][PASSED] - Text '2.50' is set on object 'Object Repository/AdminSuiteBootstrap_Pages/VSP_Bootstrap/VSP_Authcap/input_amount'

2023-09-21 17:17:04 - [MESSAGE][PASSED] - Text 'Delhi' is set on object 'Object Repository/AdminSuiteBootstrap_Pages/VSP_Bootstrap/VSP_Authcap/input_userDefined1'

2023-09-21 17:17:05 - [MESSAGE][PASSED] - Text 'Chennai' is set on object 'Object Repository/AdminSuiteBootstrap_Pages/VSP_Bootstrap/VSP_Authcap/input_userDefined2'

2023-09-21 17:17:06 - [MESSAGE][PASSED] - Text 'Mumbai' is set on object 'Object Repository/AdminSuiteBootstrap_Pages/VSP_Bootstrap/VSP_Authcap/input_userDefined3'

2023-09-21 17:17:06 - [MESSAGE][PASSED] - Text 'Kanpur' is set on object 'Object Repository/AdminSuiteBootstrap_Pages/VSP_Bootstrap/VSP_Authcap/input_userDefined4'

2023-09-21 17:17:07 - [MESSAGE][PASSED] - All options with label 'Orange' are selected in object 'Object Repository/AdminSuiteBootstrap_Pages/VSP_Bootstrap/VSP_Authcap/select_UDF5'  using regular expression

2023-09-21 17:17:08 - [MESSAGE][PASSED] - All options with label 'Yellow' are selected in object 'Object Repository/AdminSuiteBootstrap_Pages/VSP_Bootstrap/VSP_Authcap/select_UDF6'  using regular expression

2023-09-21 17:17:09 - [MESSAGE][PASSED] - Text 'Kolkata' is set on object 'Object Repository/AdminSuiteBootstrap_Pages/VSP_Bootstrap/VSP_Authcap/input_userDefined7'

2023-09-21 17:17:09 - [MESSAGE][PASSED] - Text 'Pune' is set on object 'Object Repository/AdminSuiteBootstrap_Pages/VSP_Bootstrap/VSP_Authcap/input_userDefined8'

2023-09-21 17:17:10 - [MESSAGE][PASSED] - Text 'Bhavnagar' is set on object 'Object Repository/AdminSuiteBootstrap_Pages/VSP_Bootstrap/VSP_Authcap/input_userDefined9'

2023-09-21 17:17:10 - [MESSAGE][PASSED] - Text 'Noida' is set on object 'Object Repository/AdminSuiteBootstrap_Pages/VSP_Bootstrap/VSP_Authcap/input_userDefined10'

2023-09-21 17:17:12 - [MESSAGE][PASSED] - Object: 'Object Repository/AdminSuiteBootstrap_Pages/VSP_Bootstrap/VSP_Authcap/button_Submit' is clicked on

2023-09-21 17:17:12 - [MESSAGE][PASSED] - vspBootstrap.SalePage.setDataSaleAndAuth is PASSED

2023-09-21 17:17:12 - [TEST_STEP][PASSED] - verifyTextPresent("Transaction Successful", true): Text 'Transaction Successful' is present on page  using regular expression

2023-09-21 17:17:13 - [MESSAGE][PASSED] - Text 'Transaction Successful' is present on page  using regular expression

2023-09-21 17:17:13 - [TEST_STEP][PASSED] - verifyElementVisible(findTestObject("Object Repository/AdminSuiteBootstrap_Pages/VT_Bootstrap/Receipt/button_Continue")): Object 'Object Repository/AdminSuiteBootstrap_Pages/VT_Bootstrap/Receipt/button_Continue' is visible

2023-09-21 17:17:13 - [MESSAGE][PASSED] - Object 'Object Repository/AdminSuiteBootstrap_Pages/VT_Bootstrap/Receipt/button_Continue' is visible

2023-09-21 17:17:13 - [TEST_STEP][PASSED] - verifyElementPresent(findTestObject("Object Repository/AdminSuiteBootstrap_Pages/VT_Bootstrap/Receipt/button_Continue"), 20): Object 'Object Repository/AdminSuiteBootstrap_Pages/VT_Bootstrap/Receipt/button_Continue' is present

2023-09-21 17:17:13 - [MESSAGE][PASSED] - Object 'Object Repository/AdminSuiteBootstrap_Pages/VT_Bootstrap/Receipt/button_Continue' is present

2023-09-21 17:17:13 - [TEST_STEP][PASSED] - verifyElementVisible(findTestObject("Object Repository/AdminSuiteBootstrap_Pages/VT_Bootstrap/Receipt/button_Print")): Object 'Object Repository/AdminSuiteBootstrap_Pages/VT_Bootstrap/Receipt/button_Print' is visible

2023-09-21 17:17:14 - [MESSAGE][PASSED] - Object 'Object Repository/AdminSuiteBootstrap_Pages/VT_Bootstrap/Receipt/button_Print' is visible

2023-09-21 17:17:14 - [TEST_STEP][PASSED] - verifyElementPresent(findTestObject("Object Repository/AdminSuiteBootstrap_Pages/VT_Bootstrap/Receipt/button_Print"), 20): Object 'Object Repository/AdminSuiteBootstrap_Pages/VT_Bootstrap/Receipt/button_Print' is present

2023-09-21 17:17:14 - [MESSAGE][PASSED] - Object 'Object Repository/AdminSuiteBootstrap_Pages/VT_Bootstrap/Receipt/button_Print' is present

2023-09-21 17:17:14 - [TEST_STEP][PASSED] - verifyTextPresent("Remittance ID", true): Text 'Remittance ID' is present on page  using regular expression

2023-09-21 17:17:14 - [MESSAGE][PASSED] - Text 'Remittance ID' is present on page  using regular expression

2023-09-21 17:17:14 - [TEST_STEP][PASSED] - verifyTextPresent("Received", true): Text 'Received' is present on page  using regular expression

2023-09-21 17:17:14 - [MESSAGE][PASSED] - Text 'Received' is present on page  using regular expression

2023-09-21 17:17:14 - [TEST_STEP][PASSED] - verifyTextPresent("UDF1", true): Text 'UDF1' is present on page  using regular expression

2023-09-21 17:17:15 - [MESSAGE][PASSED] - Text 'UDF1' is present on page  using regular expression

2023-09-21 17:17:15 - [TEST_STEP][PASSED] - verifyTextPresent("UDF2", true): Text 'UDF2' is present on page  using regular expression

2023-09-21 17:17:15 - [MESSAGE][PASSED] - Text 'UDF2' is present on page  using regular expression

2023-09-21 17:17:15 - [TEST_STEP][PASSED] - verifyTextPresent("UDF3", true): Text 'UDF3' is present on page  using regular expression

2023-09-21 17:17:15 - [MESSAGE][PASSED] - Text 'UDF3' is present on page  using regular expression

2023-09-21 17:17:15 - [TEST_STEP][PASSED] - verifyTextPresent("UDF4", true): Text 'UDF4' is present on page  using regular expression

2023-09-21 17:17:16 - [MESSAGE][PASSED] - Text 'UDF4' is present on page  using regular expression

2023-09-21 17:17:16 - [TEST_STEP][PASSED] - verifyTextPresent("UDF5", true): Text 'UDF5' is present on page  using regular expression

2023-09-21 17:17:16 - [MESSAGE][PASSED] - Text 'UDF5' is present on page  using regular expression

2023-09-21 17:17:16 - [TEST_STEP][PASSED] - verifyTextPresent("UDF6", true): Text 'UDF6' is present on page  using regular expression

2023-09-21 17:17:16 - [MESSAGE][PASSED] - Text 'UDF6' is present on page  using regular expression

2023-09-21 17:17:16 - [TEST_STEP][PASSED] - verifyTextPresent("UDF7", true): Text 'UDF7' is present on page  using regular expression

2023-09-21 17:17:16 - [MESSAGE][PASSED] - Text 'UDF7' is present on page  using regular expression

2023-09-21 17:17:16 - [TEST_STEP][PASSED] - verifyTextPresent("UDF8", true): Text 'UDF8' is present on page  using regular expression

2023-09-21 17:17:17 - [MESSAGE][PASSED] - Text 'UDF8' is present on page  using regular expression

2023-09-21 17:17:17 - [TEST_STEP][PASSED] - verifyTextPresent("UDF9", true): Text 'UDF9' is present on page  using regular expression

2023-09-21 17:17:17 - [MESSAGE][PASSED] - Text 'UDF9' is present on page  using regular expression

2023-09-21 17:17:17 - [TEST_STEP][PASSED] - verifyTextPresent("UDF 10", true): Text 'UDF 10' is present on page  using regular expression

2023-09-21 17:17:17 - [MESSAGE][PASSED] - Text 'UDF 10' is present on page  using regular expression

2023-09-21 17:17:17 - [TEST_STEP][PASSED] - verifyTextPresent("Delhi", true): Text 'Delhi' is present on page  using regular expression

2023-09-21 17:17:18 - [MESSAGE][PASSED] - Text 'Delhi' is present on page  using regular expression

2023-09-21 17:17:18 - [TEST_STEP][PASSED] - verifyTextPresent("Chennai", true): Text 'Chennai' is present on page  using regular expression

2023-09-21 17:17:18 - [MESSAGE][PASSED] - Text 'Chennai' is present on page  using regular expression

2023-09-21 17:17:18 - [TEST_STEP][PASSED] - verifyTextPresent("Mumbai", true): Text 'Mumbai' is present on page  using regular expression

2023-09-21 17:17:18 - [MESSAGE][PASSED] - Text 'Mumbai' is present on page  using regular expression

2023-09-21 17:17:18 - [TEST_STEP][PASSED] - verifyTextPresent("Kanpur", true): Text 'Kanpur' is present on page  using regular expression

2023-09-21 17:17:19 - [MESSAGE][PASSED] - Text 'Kanpur' is present on page  using regular expression

2023-09-21 17:17:19 - [TEST_STEP][PASSED] - verifyTextPresent("Orange Recorded", true): Text 'Orange Recorded' is present on page  using regular expression

2023-09-21 17:17:19 - [MESSAGE][PASSED] - Text 'Orange Recorded' is present on page  using regular expression

2023-09-21 17:17:19 - [TEST_STEP][PASSED] - verifyTextPresent("Yellow Recorded", true): Text 'Yellow Recorded' is present on page  using regular expression

2023-09-21 17:17:19 - [MESSAGE][PASSED] - Text 'Yellow Recorded' is present on page  using regular expression

2023-09-21 17:17:19 - [TEST_STEP][PASSED] - verifyTextPresent("Kolkata", true): Text 'Kolkata' is present on page  using regular expression

2023-09-21 17:17:19 - [MESSAGE][PASSED] - Text 'Kolkata' is present on page  using regular expression

2023-09-21 17:17:19 - [TEST_STEP][PASSED] - verifyTextPresent("Pune", true): Text 'Pune' is present on page  using regular expression

2023-09-21 17:17:20 - [MESSAGE][PASSED] - Text 'Pune' is present on page  using regular expression

2023-09-21 17:17:20 - [TEST_STEP][PASSED] - verifyTextPresent("Bhavnagar", true): Text 'Bhavnagar' is present on page  using regular expression

2023-09-21 17:17:20 - [MESSAGE][PASSED] - Text 'Bhavnagar' is present on page  using regular expression

2023-09-21 17:17:20 - [TEST_STEP][PASSED] - verifyTextPresent("Noida", true): Text 'Noida' is present on page  using regular expression

2023-09-21 17:17:20 - [MESSAGE][PASSED] - Text 'Noida' is present on page  using regular expression

2023-09-21 17:17:20 - [TEST_STEP][PASSED] - verifyTextPresent("Amount", true): Text 'Amount' is present on page  using regular expression

2023-09-21 17:17:21 - [MESSAGE][PASSED] - Text 'Amount' is present on page  using regular expression

2023-09-21 17:17:21 - [TEST_STEP][PASSED] - verifyTextPresent("2.50", true): Text '2.50' is present on page  using regular expression

2023-09-21 17:17:21 - [MESSAGE][PASSED] - Text '2.50' is present on page  using regular expression

2023-09-21 17:17:21 - [TEST_STEP][PASSED] - verifyTextPresent("Authorization and Capture", true): Text 'Authorization and Capture' is present on page  using regular expression

2023-09-21 17:17:21 - [MESSAGE][PASSED] - Text 'Authorization and Capture' is present on page  using regular expression

2023-09-21 17:17:21 - [TEST_STEP][PASSED] - verifyTextPresent("Card Information", true): Text 'Card Information' is present on page  using regular expression

2023-09-21 17:17:22 - [MESSAGE][PASSED] - Text 'Card Information' is present on page  using regular expression

2023-09-21 17:17:22 - [TEST_STEP][PASSED] - verifyTextPresent("TANDON RAVENA", true): Text 'TANDON RAVENA' is present on page  using regular expression

2023-09-21 17:17:22 - [MESSAGE][PASSED] - Text 'TANDON RAVENA' is present on page  using regular expression

2023-09-21 17:17:22 - [TEST_STEP][PASSED] - verifyTextPresent("Address Line 1", true): Text 'Address Line 1' is present on page  using regular expression

2023-09-21 17:17:22 - [MESSAGE][PASSED] - Text 'Address Line 1' is present on page  using regular expression

2023-09-21 17:17:22 - [TEST_STEP][PASSED] - verifyTextPresent("Address Line 2", true): Text 'Address Line 2' is present on page  using regular expression

2023-09-21 17:17:22 - [MESSAGE][PASSED] - Text 'Address Line 2' is present on page  using regular expression

2023-09-21 17:17:22 - [TEST_STEP][PASSED] - verifyTextPresent("Country", true): Text 'Country' is present on page  using regular expression

2023-09-21 17:17:23 - [MESSAGE][PASSED] - Text 'Country' is present on page  using regular expression

2023-09-21 17:17:23 - [TEST_STEP][PASSED] - verifyTextPresent("City", true): Text 'City' is present on page  using regular expression

2023-09-21 17:17:23 - [MESSAGE][PASSED] - Text 'City' is present on page  using regular expression

2023-09-21 17:17:23 - [TEST_STEP][PASSED] - verifyTextPresent("State", true): Text 'State' is present on page  using regular expression

2023-09-21 17:17:23 - [MESSAGE][PASSED] - Text 'State' is present on page  using regular expression

2023-09-21 17:17:23 - [TEST_STEP][PASSED] - verifyTextPresent("ZIP Code", true): Text 'ZIP Code' is present on page  using regular expression

2023-09-21 17:17:24 - [MESSAGE][PASSED] - Text 'ZIP Code' is present on page  using regular expression

2023-09-21 17:17:24 - [TEST_STEP][PASSED] - verifyTextPresent("248 PhoolKaante road", true): Text '248 PhoolKaante road' is present on page  using regular expression

2023-09-21 17:17:24 - [MESSAGE][PASSED] - Text '248 PhoolKaante road' is present on page  using regular expression

2023-09-21 17:17:24 - [TEST_STEP][PASSED] - verifyTextPresent("Suite 678", true): Text 'Suite 678' is present on page  using regular expression

2023-09-21 17:17:24 - [MESSAGE][PASSED] - Text 'Suite 678' is present on page  using regular expression

2023-09-21 17:17:24 - [TEST_STEP][PASSED] - verifyTextPresent("United States", true): Text 'United States' is present on page  using regular expression

2023-09-21 17:17:25 - [MESSAGE][PASSED] - Text 'United States' is present on page  using regular expression

2023-09-21 17:17:25 - [TEST_STEP][PASSED] - verifyTextPresent("ARLINGTON", true): Text 'ARLINGTON' is present on page  using regular expression

2023-09-21 17:17:25 - [MESSAGE][PASSED] - Text 'ARLINGTON' is present on page  using regular expression

2023-09-21 17:17:25 - [TEST_STEP][PASSED] - verifyTextPresent("VA", true): Text 'VA' is present on page  using regular expression

2023-09-21 17:17:25 - [MESSAGE][PASSED] - Text 'VA' is present on page  using regular expression

2023-09-21 17:17:25 - [TEST_STEP][PASSED] - verifyTextPresent("22201", true): Text '22201' is present on page  using regular expression

2023-09-21 17:17:25 - [MESSAGE][PASSED] - Text '22201' is present on page  using regular expression

2023-09-21 17:17:25 - [TEST_STEP][PASSED] - cardTypeV = findTestData(dataFile).getValue("CardType", row): null

2023-09-21 17:17:25 - [TEST_STEP][PASSED] - last4V = findTestData(dataFile).getValue("Last4", row): null

2023-09-21 17:17:25 - [TEST_STEP][PASSED] - verifyTextPresent(cardTypeV, true): Text 'MasterCard' is present on page  using regular expression

2023-09-21 17:17:26 - [MESSAGE][PASSED] - Text 'MasterCard' is present on page  using regular expression

2023-09-21 17:17:26 - [TEST_STEP][PASSED] - verifyTextPresent(last4V, true): Text '0035' is present on page  using regular expression

2023-09-21 17:17:26 - [MESSAGE][PASSED] - Text '0035' is present on page  using regular expression

2023-09-21 17:17:26 - [TEST_STEP][PASSED] - switch (appName): null

2023-09-21 17:17:26 - [TEST_STEP][PASSED] - closeBrowser(): Browser is closed

2023-09-21 17:17:27 - [MESSAGE][PASSED] - Browser is closed

2023-09-21 17:17:27 - [TEST_STEP][PASSED] - ExecuteTC = findTestData(dataFile).getValue("Execute", row): null

2023-09-21 17:17:27 - [TEST_STEP][PASSED] - out.println("Value of Execute is : " + ExecuteTC): null

2023-09-21 17:17:27 - [TEST_STEP][PASSED] - switch (executionProfile): null

2023-09-21 17:17:27 - [TEST_STEP][PASSED] - case "QA2Profile":: null

2023-09-21 17:17:27 - [TEST_STEP][PASSED] - appName = findTestData(dataFile).getValue("AppNameQA", row): null

2023-09-21 17:17:27 - [TEST_STEP][PASSED] - appID = findTestData(dataFile).getValue("AppIDQA", row): null

2023-09-21 17:17:27 - [TEST_STEP][PASSED] - break: null

2023-09-21 17:17:27 - [TEST_STEP][PASSED] - if (ExecuteTC.equalsIgnoreCase("Y")): null

2023-09-21 17:17:27 - [TEST_STEP][PASSED] - out.println("Begin Record Number: " + row): null

2023-09-21 17:17:27 - [TEST_STEP][PASSED] - today = new java.util.Date(): null

2023-09-21 17:17:27 - [TEST_STEP][PASSED] - println(today): null

2023-09-21 17:17:27 - [TEST_STEP][PASSED] - datText = today: null

2023-09-21 17:17:27 - [TEST_STEP][PASSED] - adminSuiteBootstrap.loginFunctionality.login_AdminSuite(): adminSuiteBootstrap.loginFunctionality.login_AdminSuite is PASSED

2023-09-21 17:17:27 - [MESSAGE][INFO] - Starting 'Chrome' driver

2023-09-21 17:17:27 - [MESSAGE][INFO] - User set preference: ['acceptInsecureCerts', 'true']

2023-09-21 17:17:27 - [MESSAGE][INFO] - Action delay is set to 0 milliseconds

2023-09-21 17:17:30 - [MESSAGE][PASSED] - Browser is opened with url: 'https://qa2.velocitypayment.com/admin/imtiaz'

2023-09-21 17:17:30 - [MESSAGE][PASSED] - Current window maximized

2023-09-21 17:17:30 - [MESSAGE][PASSED] - Object 'Object Repository/Login_Page/Login_Username_Okta' is present

2023-09-21 17:17:31 - [MESSAGE][PASSED] - Text 'iahmed' is set on object 'Object Repository/Login_Page/Login_Username_Okta'

2023-09-21 17:17:32 - [MESSAGE][PASSED] - Text 'Hello1111111@' is set on object 'Object Repository/Login_Page/Login_Password_Okta'

2023-09-21 17:17:33 - [MESSAGE][PASSED] - Object: 'Object Repository/Login_Page/Login_Submit_Okta' is clicked on

2023-09-21 17:17:33 - [MESSAGE][PASSED] - adminSuiteBootstrap.loginFunctionality.login_AdminSuite is PASSED

2023-09-21 17:17:33 - [TEST_STEP][PASSED] - click(findTestObject(path_Dashboard + appName)): Object: 'Object Repository/AdminSuiteBootstrap_Pages/Dashboard_Bootstrap/a_Access AutoNoCFtp' is clicked on

2023-09-21 17:17:41 - [MESSAGE][PASSED] - Object: 'Object Repository/AdminSuiteBootstrap_Pages/Dashboard_Bootstrap/a_Access AutoNoCFtp' is clicked on

2023-09-21 17:17:41 - [TEST_STEP][PASSED] - click(findTestObject(path_VT + "a_Find Profile")): Object: 'Object Repository/AdminSuiteBootstrap_Pages/VT_Bootstrap/IssueTransactions/a_Find Profile' is clicked on

2023-09-21 17:17:41 - [MESSAGE][PASSED] - Object: 'Object Repository/AdminSuiteBootstrap_Pages/VT_Bootstrap/IssueTransactions/a_Find Profile' is clicked on

2023-09-21 17:17:41 - [TEST_STEP][PASSED] - criteria = <not implemented yet for class: org.codehaus.groovy.ast.expr.EmptyExpression>: null

2023-09-21 17:17:41 - [TEST_STEP][PASSED] - searchBy = <not implemented yet for class: org.codehaus.groovy.ast.expr.EmptyExpression>: null

2023-09-21 17:17:41 - [TEST_STEP][PASSED] - criteria = findTestData(dataFile).getValue("ProfileName", row): null

2023-09-21 17:17:41 - [TEST_STEP][PASSED] - path_SearchProfile = "Object Repository/AdminSuiteBootstrap_Pages/VSP_Bootstrap/SearchProfile/": null

2023-09-21 17:17:41 - [TEST_STEP][PASSED] - setText(findTestObject(path_SearchProfile + "input_Criteria"), criteria): Text 'PaymentsAmEx' is set on object 'Object Repository/AdminSuiteBootstrap_Pages/VSP_Bootstrap/SearchProfile/input_Criteria'

2023-09-21 17:17:42 - [MESSAGE][PASSED] - Text 'PaymentsAmEx' is set on object 'Object Repository/AdminSuiteBootstrap_Pages/VSP_Bootstrap/SearchProfile/input_Criteria'

2023-09-21 17:17:42 - [TEST_STEP][PASSED] - click(findTestObject(path_SearchProfile + "button_Search")): Object: 'Object Repository/AdminSuiteBootstrap_Pages/VSP_Bootstrap/SearchProfile/button_Search' is clicked on

2023-09-21 17:17:43 - [MESSAGE][PASSED] - Object: 'Object Repository/AdminSuiteBootstrap_Pages/VSP_Bootstrap/SearchProfile/button_Search' is clicked on

2023-09-21 17:17:43 - [TEST_STEP][PASSED] - profNameLink = findTestData(dataFile).getValue("ProfileNameLink", row): null

2023-09-21 17:17:43 - [TEST_STEP][PASSED] - click(findTestObject(path_ViewProfile + profNameLink)): Object: 'Object Repository/AdminSuiteBootstrap_Pages/VSP_Bootstrap/View Profile/a_PaymentsAmEx' is clicked on

2023-09-21 17:17:44 - [MESSAGE][PASSED] - Object: 'Object Repository/AdminSuiteBootstrap_Pages/VSP_Bootstrap/View Profile/a_PaymentsAmEx' is clicked on

2023-09-21 17:17:44 - [TEST_STEP][PASSED] - click(findTestObject(path_ViewProfile + "a_AuthCap")): Object: 'Object Repository/AdminSuiteBootstrap_Pages/VSP_Bootstrap/View Profile/a_AuthCap' is clicked on

2023-09-21 17:17:46 - [MESSAGE][PASSED] - Object: 'Object Repository/AdminSuiteBootstrap_Pages/VSP_Bootstrap/View Profile/a_AuthCap' is clicked on

2023-09-21 17:17:46 - [TEST_STEP][PASSED] - verifyTextPresent("Credit Card Authorization Capture", true): Text 'Credit Card Authorization Capture' is present on page  using regular expression

2023-09-21 17:17:46 - [MESSAGE][PASSED] - Text 'Credit Card Authorization Capture' is present on page  using regular expression

2023-09-21 17:17:46 - [TEST_STEP][PASSED] - verifyTextPresent("Sale", true): Text 'Sale' is present on page  using regular expression

2023-09-21 17:17:47 - [MESSAGE][PASSED] - Text 'Sale' is present on page  using regular expression

2023-09-21 17:17:47 - [TEST_STEP][PASSED] - verifyTextPresent("Required fields are highlighted with an asterisk", true): Text 'Required fields are highlighted with an asterisk' is present on page  using regular expression

2023-09-21 17:17:47 - [MESSAGE][PASSED] - Text 'Required fields are highlighted with an asterisk' is present on page  using regular expression

2023-09-21 17:17:47 - [TEST_STEP][PASSED] - verifyTextPresent("Remittance ID", true): Text 'Remittance ID' is present on page  using regular expression

2023-09-21 17:17:47 - [MESSAGE][PASSED] - Text 'Remittance ID' is present on page  using regular expression

2023-09-21 17:17:47 - [TEST_STEP][PASSED] - vspBootstrap.SalePage.setDataSaleAndAuth(row, dataFile): vspBootstrap.SalePage.setDataSaleAndAuth is PASSED

2023-09-21 17:17:49 - [MESSAGE][PASSED] - All options with value 'RETL' are selected in object 'Object Repository/AdminSuiteBootstrap_Pages/VSP_Bootstrap/VSP_Authcap/select_TransactionCategory'  using regular expression

2023-09-21 17:17:50 - [MESSAGE][PASSED] - Text '1234' is set on object 'Object Repository/AdminSuiteBootstrap_Pages/VSP_Bootstrap/VSP_Authcap/input_cvv'

2023-09-21 17:17:50 - [MESSAGE][PASSED] - Text '' is set on object 'Object Repository/AdminSuiteBootstrap_Pages/VSP_Bootstrap/VSP_Authcap/input_smsNumber'

2023-09-21 17:17:51 - [MESSAGE][PASSED] - Text '2.50' is set on object 'Object Repository/AdminSuiteBootstrap_Pages/VSP_Bootstrap/VSP_Authcap/input_amount'

2023-09-21 17:17:51 - [MESSAGE][PASSED] - Text 'Delhi' is set on object 'Object Repository/AdminSuiteBootstrap_Pages/VSP_Bootstrap/VSP_Authcap/input_userDefined1'

2023-09-21 17:17:52 - [MESSAGE][PASSED] - Text 'Chennai' is set on object 'Object Repository/AdminSuiteBootstrap_Pages/VSP_Bootstrap/VSP_Authcap/input_userDefined2'

2023-09-21 17:17:53 - [MESSAGE][PASSED] - Text 'Mumbai' is set on object 'Object Repository/AdminSuiteBootstrap_Pages/VSP_Bootstrap/VSP_Authcap/input_userDefined3'

2023-09-21 17:17:53 - [MESSAGE][PASSED] - Text 'Kanpur' is set on object 'Object Repository/AdminSuiteBootstrap_Pages/VSP_Bootstrap/VSP_Authcap/input_userDefined4'

2023-09-21 17:17:54 - [MESSAGE][PASSED] - All options with label 'Orange' are selected in object 'Object Repository/AdminSuiteBootstrap_Pages/VSP_Bootstrap/VSP_Authcap/select_UDF5'  using regular expression

2023-09-21 17:17:55 - [MESSAGE][PASSED] - All options with label 'Yellow' are selected in object 'Object Repository/AdminSuiteBootstrap_Pages/VSP_Bootstrap/VSP_Authcap/select_UDF6'  using regular expression

2023-09-21 17:17:56 - [MESSAGE][PASSED] - Text 'Kolkata' is set on object 'Object Repository/AdminSuiteBootstrap_Pages/VSP_Bootstrap/VSP_Authcap/input_userDefined7'

2023-09-21 17:17:56 - [MESSAGE][PASSED] - Text 'Pune' is set on object 'Object Repository/AdminSuiteBootstrap_Pages/VSP_Bootstrap/VSP_Authcap/input_userDefined8'

2023-09-21 17:17:57 - [MESSAGE][PASSED] - Text 'Bhavnagar' is set on object 'Object Repository/AdminSuiteBootstrap_Pages/VSP_Bootstrap/VSP_Authcap/input_userDefined9'

2023-09-21 17:17:57 - [MESSAGE][PASSED] - Text 'Noida' is set on object 'Object Repository/AdminSuiteBootstrap_Pages/VSP_Bootstrap/VSP_Authcap/input_userDefined10'

2023-09-21 17:17:59 - [MESSAGE][PASSED] - Object: 'Object Repository/AdminSuiteBootstrap_Pages/VSP_Bootstrap/VSP_Authcap/button_Submit' is clicked on

2023-09-21 17:17:59 - [MESSAGE][PASSED] - vspBootstrap.SalePage.setDataSaleAndAuth is PASSED

2023-09-21 17:17:59 - [TEST_STEP][PASSED] - verifyTextPresent("Transaction Successful", true): Text 'Transaction Successful' is present on page  using regular expression

2023-09-21 17:18:00 - [MESSAGE][PASSED] - Text 'Transaction Successful' is present on page  using regular expression

2023-09-21 17:18:00 - [TEST_STEP][PASSED] - verifyElementVisible(findTestObject("Object Repository/AdminSuiteBootstrap_Pages/VT_Bootstrap/Receipt/button_Continue")): Object 'Object Repository/AdminSuiteBootstrap_Pages/VT_Bootstrap/Receipt/button_Continue' is visible

2023-09-21 17:18:00 - [MESSAGE][PASSED] - Object 'Object Repository/AdminSuiteBootstrap_Pages/VT_Bootstrap/Receipt/button_Continue' is visible

2023-09-21 17:18:00 - [TEST_STEP][PASSED] - verifyElementPresent(findTestObject("Object Repository/AdminSuiteBootstrap_Pages/VT_Bootstrap/Receipt/button_Continue"), 20): Object 'Object Repository/AdminSuiteBootstrap_Pages/VT_Bootstrap/Receipt/button_Continue' is present

2023-09-21 17:18:00 - [MESSAGE][PASSED] - Object 'Object Repository/AdminSuiteBootstrap_Pages/VT_Bootstrap/Receipt/button_Continue' is present

2023-09-21 17:18:00 - [TEST_STEP][PASSED] - verifyElementVisible(findTestObject("Object Repository/AdminSuiteBootstrap_Pages/VT_Bootstrap/Receipt/button_Print")): Object 'Object Repository/AdminSuiteBootstrap_Pages/VT_Bootstrap/Receipt/button_Print' is visible

2023-09-21 17:18:01 - [MESSAGE][PASSED] - Object 'Object Repository/AdminSuiteBootstrap_Pages/VT_Bootstrap/Receipt/button_Print' is visible

2023-09-21 17:18:01 - [TEST_STEP][PASSED] - verifyElementPresent(findTestObject("Object Repository/AdminSuiteBootstrap_Pages/VT_Bootstrap/Receipt/button_Print"), 20): Object 'Object Repository/AdminSuiteBootstrap_Pages/VT_Bootstrap/Receipt/button_Print' is present

2023-09-21 17:18:01 - [MESSAGE][PASSED] - Object 'Object Repository/AdminSuiteBootstrap_Pages/VT_Bootstrap/Receipt/button_Print' is present

2023-09-21 17:18:01 - [TEST_STEP][PASSED] - verifyTextPresent("Remittance ID", true): Text 'Remittance ID' is present on page  using regular expression

2023-09-21 17:18:01 - [MESSAGE][PASSED] - Text 'Remittance ID' is present on page  using regular expression

2023-09-21 17:18:01 - [TEST_STEP][PASSED] - verifyTextPresent("Received", true): Text 'Received' is present on page  using regular expression

2023-09-21 17:18:01 - [MESSAGE][PASSED] - Text 'Received' is present on page  using regular expression

2023-09-21 17:18:01 - [TEST_STEP][PASSED] - verifyTextPresent("UDF1", true): Text 'UDF1' is present on page  using regular expression

2023-09-21 17:18:02 - [MESSAGE][PASSED] - Text 'UDF1' is present on page  using regular expression

2023-09-21 17:18:02 - [TEST_STEP][PASSED] - verifyTextPresent("UDF2", true): Text 'UDF2' is present on page  using regular expression

2023-09-21 17:18:02 - [MESSAGE][PASSED] - Text 'UDF2' is present on page  using regular expression

2023-09-21 17:18:02 - [TEST_STEP][PASSED] - verifyTextPresent("UDF3", true): Text 'UDF3' is present on page  using regular expression

2023-09-21 17:18:02 - [MESSAGE][PASSED] - Text 'UDF3' is present on page  using regular expression

2023-09-21 17:18:02 - [TEST_STEP][PASSED] - verifyTextPresent("UDF4", true): Text 'UDF4' is present on page  using regular expression

2023-09-21 17:18:03 - [MESSAGE][PASSED] - Text 'UDF4' is present on page  using regular expression

2023-09-21 17:18:03 - [TEST_STEP][PASSED] - verifyTextPresent("UDF5", true): Text 'UDF5' is present on page  using regular expression

2023-09-21 17:18:03 - [MESSAGE][PASSED] - Text 'UDF5' is present on page  using regular expression

2023-09-21 17:18:03 - [TEST_STEP][PASSED] - verifyTextPresent("UDF6", true): Text 'UDF6' is present on page  using regular expression

2023-09-21 17:18:03 - [MESSAGE][PASSED] - Text 'UDF6' is present on page  using regular expression

2023-09-21 17:18:03 - [TEST_STEP][PASSED] - verifyTextPresent("UDF7", true): Text 'UDF7' is present on page  using regular expression

2023-09-21 17:18:04 - [MESSAGE][PASSED] - Text 'UDF7' is present on page  using regular expression

2023-09-21 17:18:04 - [TEST_STEP][PASSED] - verifyTextPresent("UDF8", true): Text 'UDF8' is present on page  using regular expression

2023-09-21 17:18:04 - [MESSAGE][PASSED] - Text 'UDF8' is present on page  using regular expression

2023-09-21 17:18:04 - [TEST_STEP][PASSED] - verifyTextPresent("UDF9", true): Text 'UDF9' is present on page  using regular expression

2023-09-21 17:18:04 - [MESSAGE][PASSED] - Text 'UDF9' is present on page  using regular expression

2023-09-21 17:18:04 - [TEST_STEP][PASSED] - verifyTextPresent("UDF 10", true): Text 'UDF 10' is present on page  using regular expression

2023-09-21 17:18:04 - [MESSAGE][PASSED] - Text 'UDF 10' is present on page  using regular expression

2023-09-21 17:18:04 - [TEST_STEP][PASSED] - verifyTextPresent("Delhi", true): Text 'Delhi' is present on page  using regular expression

2023-09-21 17:18:05 - [MESSAGE][PASSED] - Text 'Delhi' is present on page  using regular expression

2023-09-21 17:18:05 - [TEST_STEP][PASSED] - verifyTextPresent("Chennai", true): Text 'Chennai' is present on page  using regular expression

2023-09-21 17:18:05 - [MESSAGE][PASSED] - Text 'Chennai' is present on page  using regular expression

2023-09-21 17:18:05 - [TEST_STEP][PASSED] - verifyTextPresent("Mumbai", true): Text 'Mumbai' is present on page  using regular expression

2023-09-21 17:18:05 - [MESSAGE][PASSED] - Text 'Mumbai' is present on page  using regular expression

2023-09-21 17:18:05 - [TEST_STEP][PASSED] - verifyTextPresent("Kanpur", true): Text 'Kanpur' is present on page  using regular expression

2023-09-21 17:18:06 - [MESSAGE][PASSED] - Text 'Kanpur' is present on page  using regular expression

2023-09-21 17:18:06 - [TEST_STEP][PASSED] - verifyTextPresent("Orange Recorded", true): Text 'Orange Recorded' is present on page  using regular expression

2023-09-21 17:18:06 - [MESSAGE][PASSED] - Text 'Orange Recorded' is present on page  using regular expression

2023-09-21 17:18:06 - [TEST_STEP][PASSED] - verifyTextPresent("Yellow Recorded", true): Text 'Yellow Recorded' is present on page  using regular expression

2023-09-21 17:18:06 - [MESSAGE][PASSED] - Text 'Yellow Recorded' is present on page  using regular expression

2023-09-21 17:18:06 - [TEST_STEP][PASSED] - verifyTextPresent("Kolkata", true): Text 'Kolkata' is present on page  using regular expression

2023-09-21 17:18:07 - [MESSAGE][PASSED] - Text 'Kolkata' is present on page  using regular expression

2023-09-21 17:18:07 - [TEST_STEP][PASSED] - verifyTextPresent("Pune", true): Text 'Pune' is present on page  using regular expression

2023-09-21 17:18:07 - [MESSAGE][PASSED] - Text 'Pune' is present on page  using regular expression

2023-09-21 17:18:07 - [TEST_STEP][PASSED] - verifyTextPresent("Bhavnagar", true): Text 'Bhavnagar' is present on page  using regular expression

2023-09-21 17:18:07 - [MESSAGE][PASSED] - Text 'Bhavnagar' is present on page  using regular expression

2023-09-21 17:18:07 - [TEST_STEP][PASSED] - verifyTextPresent("Noida", true): Text 'Noida' is present on page  using regular expression

2023-09-21 17:18:08 - [MESSAGE][PASSED] - Text 'Noida' is present on page  using regular expression

2023-09-21 17:18:08 - [TEST_STEP][PASSED] - verifyTextPresent("Amount", true): Text 'Amount' is present on page  using regular expression

2023-09-21 17:18:08 - [MESSAGE][PASSED] - Text 'Amount' is present on page  using regular expression

2023-09-21 17:18:08 - [TEST_STEP][PASSED] - verifyTextPresent("2.50", true): Text '2.50' is present on page  using regular expression

2023-09-21 17:18:08 - [MESSAGE][PASSED] - Text '2.50' is present on page  using regular expression

2023-09-21 17:18:08 - [TEST_STEP][PASSED] - verifyTextPresent("Authorization and Capture", true): Text 'Authorization and Capture' is present on page  using regular expression

2023-09-21 17:18:08 - [MESSAGE][PASSED] - Text 'Authorization and Capture' is present on page  using regular expression

2023-09-21 17:18:08 - [TEST_STEP][PASSED] - verifyTextPresent("Card Information", true): Text 'Card Information' is present on page  using regular expression

2023-09-21 17:18:09 - [MESSAGE][PASSED] - Text 'Card Information' is present on page  using regular expression

2023-09-21 17:18:09 - [TEST_STEP][PASSED] - verifyTextPresent("TANDON RAVENA", true): Text 'TANDON RAVENA' is present on page  using regular expression

2023-09-21 17:18:09 - [MESSAGE][PASSED] - Text 'TANDON RAVENA' is present on page  using regular expression

2023-09-21 17:18:09 - [TEST_STEP][PASSED] - verifyTextPresent("Address Line 1", true): Text 'Address Line 1' is present on page  using regular expression

2023-09-21 17:18:09 - [MESSAGE][PASSED] - Text 'Address Line 1' is present on page  using regular expression

2023-09-21 17:18:09 - [TEST_STEP][PASSED] - verifyTextPresent("Address Line 2", true): Text 'Address Line 2' is present on page  using regular expression

2023-09-21 17:18:10 - [MESSAGE][PASSED] - Text 'Address Line 2' is present on page  using regular expression

2023-09-21 17:18:10 - [TEST_STEP][PASSED] - verifyTextPresent("Country", true): Text 'Country' is present on page  using regular expression

2023-09-21 17:18:10 - [MESSAGE][PASSED] - Text 'Country' is present on page  using regular expression

2023-09-21 17:18:10 - [TEST_STEP][PASSED] - verifyTextPresent("City", true): Text 'City' is present on page  using regular expression

2023-09-21 17:18:10 - [MESSAGE][PASSED] - Text 'City' is present on page  using regular expression

2023-09-21 17:18:10 - [TEST_STEP][PASSED] - verifyTextPresent("State", true): Text 'State' is present on page  using regular expression

2023-09-21 17:18:11 - [MESSAGE][PASSED] - Text 'State' is present on page  using regular expression

2023-09-21 17:18:11 - [TEST_STEP][PASSED] - verifyTextPresent("ZIP Code", true): Text 'ZIP Code' is present on page  using regular expression

2023-09-21 17:18:11 - [MESSAGE][PASSED] - Text 'ZIP Code' is present on page  using regular expression

2023-09-21 17:18:11 - [TEST_STEP][PASSED] - verifyTextPresent("248 PhoolKaante road", true): Text '248 PhoolKaante road' is present on page  using regular expression

2023-09-21 17:18:11 - [MESSAGE][PASSED] - Text '248 PhoolKaante road' is present on page  using regular expression

2023-09-21 17:18:11 - [TEST_STEP][PASSED] - verifyTextPresent("Suite 678", true): Text 'Suite 678' is present on page  using regular expression

2023-09-21 17:18:11 - [MESSAGE][PASSED] - Text 'Suite 678' is present on page  using regular expression

2023-09-21 17:18:11 - [TEST_STEP][PASSED] - verifyTextPresent("United States", true): Text 'United States' is present on page  using regular expression

2023-09-21 17:18:12 - [MESSAGE][PASSED] - Text 'United States' is present on page  using regular expression

2023-09-21 17:18:12 - [TEST_STEP][PASSED] - verifyTextPresent("ARLINGTON", true): Text 'ARLINGTON' is present on page  using regular expression

2023-09-21 17:18:12 - [MESSAGE][PASSED] - Text 'ARLINGTON' is present on page  using regular expression

2023-09-21 17:18:12 - [TEST_STEP][PASSED] - verifyTextPresent("VA", true): Text 'VA' is present on page  using regular expression

2023-09-21 17:18:12 - [MESSAGE][PASSED] - Text 'VA' is present on page  using regular expression

2023-09-21 17:18:12 - [TEST_STEP][PASSED] - verifyTextPresent("22201", true): Text '22201' is present on page  using regular expression

2023-09-21 17:18:13 - [MESSAGE][PASSED] - Text '22201' is present on page  using regular expression

2023-09-21 17:18:13 - [TEST_STEP][PASSED] - cardTypeV = findTestData(dataFile).getValue("CardType", row): null

2023-09-21 17:18:13 - [TEST_STEP][PASSED] - last4V = findTestData(dataFile).getValue("Last4", row): null

2023-09-21 17:18:13 - [TEST_STEP][PASSED] - verifyTextPresent(cardTypeV, true): Text 'American Express' is present on page  using regular expression

2023-09-21 17:18:13 - [MESSAGE][PASSED] - Text 'American Express' is present on page  using regular expression

2023-09-21 17:18:13 - [TEST_STEP][PASSED] - verifyTextPresent(last4V, true): Text '2376' is present on page  using regular expression

2023-09-21 17:18:13 - [MESSAGE][PASSED] - Text '2376' is present on page  using regular expression

2023-09-21 17:18:13 - [TEST_STEP][PASSED] - switch (appName): null

2023-09-21 17:18:13 - [TEST_STEP][PASSED] - closeBrowser(): Browser is closed

2023-09-21 17:18:14 - [MESSAGE][PASSED] - Browser is closed

2023-09-21 17:18:14 - [TEST_STEP][PASSED] - ExecuteTC = findTestData(dataFile).getValue("Execute", row): null

2023-09-21 17:18:14 - [TEST_STEP][PASSED] - out.println("Value of Execute is : " + ExecuteTC): null

2023-09-21 17:18:14 - [TEST_STEP][PASSED] - switch (executionProfile): null

2023-09-21 17:18:14 - [TEST_STEP][PASSED] - case "QA2Profile":: null

2023-09-21 17:18:14 - [TEST_STEP][PASSED] - appName = findTestData(dataFile).getValue("AppNameQA", row): null

2023-09-21 17:18:14 - [TEST_STEP][PASSED] - appID = findTestData(dataFile).getValue("AppIDQA", row): null

2023-09-21 17:18:14 - [TEST_STEP][PASSED] - break: null

2023-09-21 17:18:14 - [TEST_STEP][PASSED] - if (ExecuteTC.equalsIgnoreCase("Y")): null

2023-09-21 17:18:14 - [TEST_STEP][PASSED] - out.println("Begin Record Number: " + row): null

2023-09-21 17:18:14 - [TEST_STEP][PASSED] - today = new java.util.Date(): null

2023-09-21 17:18:14 - [TEST_STEP][PASSED] - println(today): null

2023-09-21 17:18:14 - [TEST_STEP][PASSED] - datText = today: null

2023-09-21 17:18:14 - [TEST_STEP][PASSED] - adminSuiteBootstrap.loginFunctionality.login_AdminSuite(): adminSuiteBootstrap.loginFunctionality.login_AdminSuite is PASSED

2023-09-21 17:18:14 - [MESSAGE][INFO] - Starting 'Chrome' driver

2023-09-21 17:18:14 - [MESSAGE][INFO] - User set preference: ['acceptInsecureCerts', 'true']

2023-09-21 17:18:14 - [MESSAGE][INFO] - Action delay is set to 0 milliseconds

2023-09-21 17:18:17 - [MESSAGE][PASSED] - Browser is opened with url: 'https://qa2.velocitypayment.com/admin/imtiaz'

2023-09-21 17:18:17 - [MESSAGE][PASSED] - Current window maximized

2023-09-21 17:18:18 - [MESSAGE][PASSED] - Object 'Object Repository/Login_Page/Login_Username_Okta' is present

2023-09-21 17:18:18 - [MESSAGE][PASSED] - Text 'iahmed' is set on object 'Object Repository/Login_Page/Login_Username_Okta'

2023-09-21 17:18:19 - [MESSAGE][PASSED] - Text 'Hello1111111@' is set on object 'Object Repository/Login_Page/Login_Password_Okta'

2023-09-21 17:18:20 - [MESSAGE][PASSED] - Object: 'Object Repository/Login_Page/Login_Submit_Okta' is clicked on

2023-09-21 17:18:20 - [MESSAGE][PASSED] - adminSuiteBootstrap.loginFunctionality.login_AdminSuite is PASSED

2023-09-21 17:18:20 - [TEST_STEP][PASSED] - click(findTestObject(path_Dashboard + appName)): Object: 'Object Repository/AdminSuiteBootstrap_Pages/Dashboard_Bootstrap/a_Access AutoNoCFtp' is clicked on

2023-09-21 17:18:26 - [MESSAGE][PASSED] - Object: 'Object Repository/AdminSuiteBootstrap_Pages/Dashboard_Bootstrap/a_Access AutoNoCFtp' is clicked on

2023-09-21 17:18:26 - [TEST_STEP][PASSED] - click(findTestObject(path_VT + "a_Find Profile")): Object: 'Object Repository/AdminSuiteBootstrap_Pages/VT_Bootstrap/IssueTransactions/a_Find Profile' is clicked on

2023-09-21 17:18:27 - [MESSAGE][PASSED] - Object: 'Object Repository/AdminSuiteBootstrap_Pages/VT_Bootstrap/IssueTransactions/a_Find Profile' is clicked on

2023-09-21 17:18:27 - [TEST_STEP][PASSED] - criteria = <not implemented yet for class: org.codehaus.groovy.ast.expr.EmptyExpression>: null

2023-09-21 17:18:27 - [TEST_STEP][PASSED] - searchBy = <not implemented yet for class: org.codehaus.groovy.ast.expr.EmptyExpression>: null

2023-09-21 17:18:27 - [TEST_STEP][PASSED] - criteria = findTestData(dataFile).getValue("ProfileName", row): null

2023-09-21 17:18:27 - [TEST_STEP][PASSED] - path_SearchProfile = "Object Repository/AdminSuiteBootstrap_Pages/VSP_Bootstrap/SearchProfile/": null

2023-09-21 17:18:27 - [TEST_STEP][PASSED] - setText(findTestObject(path_SearchProfile + "input_Criteria"), criteria): Text 'PaymentsDI' is set on object 'Object Repository/AdminSuiteBootstrap_Pages/VSP_Bootstrap/SearchProfile/input_Criteria'

2023-09-21 17:18:28 - [MESSAGE][PASSED] - Text 'PaymentsDI' is set on object 'Object Repository/AdminSuiteBootstrap_Pages/VSP_Bootstrap/SearchProfile/input_Criteria'

2023-09-21 17:18:28 - [TEST_STEP][PASSED] - click(findTestObject(path_SearchProfile + "button_Search")): Object: 'Object Repository/AdminSuiteBootstrap_Pages/VSP_Bootstrap/SearchProfile/button_Search' is clicked on

2023-09-21 17:18:29 - [MESSAGE][PASSED] - Object: 'Object Repository/AdminSuiteBootstrap_Pages/VSP_Bootstrap/SearchProfile/button_Search' is clicked on

2023-09-21 17:18:29 - [TEST_STEP][PASSED] - profNameLink = findTestData(dataFile).getValue("ProfileNameLink", row): null

2023-09-21 17:18:29 - [TEST_STEP][PASSED] - click(findTestObject(path_ViewProfile + profNameLink)): Object: 'Object Repository/AdminSuiteBootstrap_Pages/VSP_Bootstrap/View Profile/a_PaymentsDI' is clicked on

2023-09-21 17:18:30 - [MESSAGE][PASSED] - Object: 'Object Repository/AdminSuiteBootstrap_Pages/VSP_Bootstrap/View Profile/a_PaymentsDI' is clicked on

2023-09-21 17:18:30 - [TEST_STEP][PASSED] - click(findTestObject(path_ViewProfile + "a_AuthCap")): Object: 'Object Repository/AdminSuiteBootstrap_Pages/VSP_Bootstrap/View Profile/a_AuthCap' is clicked on

2023-09-21 17:18:31 - [MESSAGE][PASSED] - Object: 'Object Repository/AdminSuiteBootstrap_Pages/VSP_Bootstrap/View Profile/a_AuthCap' is clicked on

2023-09-21 17:18:31 - [TEST_STEP][PASSED] - verifyTextPresent("Credit Card Authorization Capture", true): Text 'Credit Card Authorization Capture' is present on page  using regular expression

2023-09-21 17:18:32 - [MESSAGE][PASSED] - Text 'Credit Card Authorization Capture' is present on page  using regular expression

2023-09-21 17:18:32 - [TEST_STEP][PASSED] - verifyTextPresent("Sale", true): Text 'Sale' is present on page  using regular expression

2023-09-21 17:18:32 - [MESSAGE][PASSED] - Text 'Sale' is present on page  using regular expression

2023-09-21 17:18:32 - [TEST_STEP][PASSED] - verifyTextPresent("Required fields are highlighted with an asterisk", true): Text 'Required fields are highlighted with an asterisk' is present on page  using regular expression

2023-09-21 17:18:32 - [MESSAGE][PASSED] - Text 'Required fields are highlighted with an asterisk' is present on page  using regular expression

2023-09-21 17:18:32 - [TEST_STEP][PASSED] - verifyTextPresent("Remittance ID", true): Text 'Remittance ID' is present on page  using regular expression

2023-09-21 17:18:33 - [MESSAGE][PASSED] - Text 'Remittance ID' is present on page  using regular expression

2023-09-21 17:18:33 - [TEST_STEP][PASSED] - vspBootstrap.SalePage.setDataSaleAndAuth(row, dataFile): vspBootstrap.SalePage.setDataSaleAndAuth is PASSED

2023-09-21 17:18:34 - [MESSAGE][PASSED] - All options with value 'RETL' are selected in object 'Object Repository/AdminSuiteBootstrap_Pages/VSP_Bootstrap/VSP_Authcap/select_TransactionCategory'  using regular expression

2023-09-21 17:18:35 - [MESSAGE][PASSED] - Text '123' is set on object 'Object Repository/AdminSuiteBootstrap_Pages/VSP_Bootstrap/VSP_Authcap/input_cvv'

2023-09-21 17:18:36 - [MESSAGE][PASSED] - Text '' is set on object 'Object Repository/AdminSuiteBootstrap_Pages/VSP_Bootstrap/VSP_Authcap/input_smsNumber'

2023-09-21 17:18:36 - [MESSAGE][PASSED] - Text '2.50' is set on object 'Object Repository/AdminSuiteBootstrap_Pages/VSP_Bootstrap/VSP_Authcap/input_amount'

2023-09-21 17:18:37 - [MESSAGE][PASSED] - Text 'Delhi' is set on object 'Object Repository/AdminSuiteBootstrap_Pages/VSP_Bootstrap/VSP_Authcap/input_userDefined1'

2023-09-21 17:18:37 - [MESSAGE][PASSED] - Text 'Chennai' is set on object 'Object Repository/AdminSuiteBootstrap_Pages/VSP_Bootstrap/VSP_Authcap/input_userDefined2'

2023-09-21 17:18:38 - [MESSAGE][PASSED] - Text 'Mumbai' is set on object 'Object Repository/AdminSuiteBootstrap_Pages/VSP_Bootstrap/VSP_Authcap/input_userDefined3'

2023-09-21 17:18:39 - [MESSAGE][PASSED] - Text 'Kanpur' is set on object 'Object Repository/AdminSuiteBootstrap_Pages/VSP_Bootstrap/VSP_Authcap/input_userDefined4'

2023-09-21 17:18:40 - [MESSAGE][PASSED] - All options with label 'Orange' are selected in object 'Object Repository/AdminSuiteBootstrap_Pages/VSP_Bootstrap/VSP_Authcap/select_UDF5'  using regular expression

2023-09-21 17:18:40 - [MESSAGE][PASSED] - All options with label 'Yellow' are selected in object 'Object Repository/AdminSuiteBootstrap_Pages/VSP_Bootstrap/VSP_Authcap/select_UDF6'  using regular expression

2023-09-21 17:18:41 - [MESSAGE][PASSED] - Text 'Kolkata' is set on object 'Object Repository/AdminSuiteBootstrap_Pages/VSP_Bootstrap/VSP_Authcap/input_userDefined7'

2023-09-21 17:18:42 - [MESSAGE][PASSED] - Text 'Pune' is set on object 'Object Repository/AdminSuiteBootstrap_Pages/VSP_Bootstrap/VSP_Authcap/input_userDefined8'

2023-09-21 17:18:42 - [MESSAGE][PASSED] - Text 'Bhavnagar' is set on object 'Object Repository/AdminSuiteBootstrap_Pages/VSP_Bootstrap/VSP_Authcap/input_userDefined9'

2023-09-21 17:18:43 - [MESSAGE][PASSED] - Text 'Noida' is set on object 'Object Repository/AdminSuiteBootstrap_Pages/VSP_Bootstrap/VSP_Authcap/input_userDefined10'

2023-09-21 17:18:44 - [MESSAGE][PASSED] - Object: 'Object Repository/AdminSuiteBootstrap_Pages/VSP_Bootstrap/VSP_Authcap/button_Submit' is clicked on

2023-09-21 17:18:44 - [MESSAGE][PASSED] - vspBootstrap.SalePage.setDataSaleAndAuth is PASSED

2023-09-21 17:18:44 - [TEST_STEP][PASSED] - verifyTextPresent("Transaction Successful", true): Text 'Transaction Successful' is present on page  using regular expression

2023-09-21 17:18:45 - [MESSAGE][PASSED] - Text 'Transaction Successful' is present on page  using regular expression

2023-09-21 17:18:45 - [TEST_STEP][PASSED] - verifyElementVisible(findTestObject("Object Repository/AdminSuiteBootstrap_Pages/VT_Bootstrap/Receipt/button_Continue")): Object 'Object Repository/AdminSuiteBootstrap_Pages/VT_Bootstrap/Receipt/button_Continue' is visible

2023-09-21 17:18:45 - [MESSAGE][PASSED] - Object 'Object Repository/AdminSuiteBootstrap_Pages/VT_Bootstrap/Receipt/button_Continue' is visible

2023-09-21 17:18:45 - [TEST_STEP][PASSED] - verifyElementPresent(findTestObject("Object Repository/AdminSuiteBootstrap_Pages/VT_Bootstrap/Receipt/button_Continue"), 20): Object 'Object Repository/AdminSuiteBootstrap_Pages/VT_Bootstrap/Receipt/button_Continue' is present

2023-09-21 17:18:46 - [MESSAGE][PASSED] - Object 'Object Repository/AdminSuiteBootstrap_Pages/VT_Bootstrap/Receipt/button_Continue' is present

2023-09-21 17:18:46 - [TEST_STEP][PASSED] - verifyElementVisible(findTestObject("Object Repository/AdminSuiteBootstrap_Pages/VT_Bootstrap/Receipt/button_Print")): Object 'Object Repository/AdminSuiteBootstrap_Pages/VT_Bootstrap/Receipt/button_Print' is visible

2023-09-21 17:18:46 - [MESSAGE][PASSED] - Object 'Object Repository/AdminSuiteBootstrap_Pages/VT_Bootstrap/Receipt/button_Print' is visible

2023-09-21 17:18:46 - [TEST_STEP][PASSED] - verifyElementPresent(findTestObject("Object Repository/AdminSuiteBootstrap_Pages/VT_Bootstrap/Receipt/button_Print"), 20): Object 'Object Repository/AdminSuiteBootstrap_Pages/VT_Bootstrap/Receipt/button_Print' is present

2023-09-21 17:18:46 - [MESSAGE][PASSED] - Object 'Object Repository/AdminSuiteBootstrap_Pages/VT_Bootstrap/Receipt/button_Print' is present

2023-09-21 17:18:46 - [TEST_STEP][PASSED] - verifyTextPresent("Remittance ID", true): Text 'Remittance ID' is present on page  using regular expression

2023-09-21 17:18:47 - [MESSAGE][PASSED] - Text 'Remittance ID' is present on page  using regular expression

2023-09-21 17:18:47 - [TEST_STEP][PASSED] - verifyTextPresent("Received", true): Text 'Received' is present on page  using regular expression

2023-09-21 17:18:47 - [MESSAGE][PASSED] - Text 'Received' is present on page  using regular expression

2023-09-21 17:18:47 - [TEST_STEP][PASSED] - verifyTextPresent("UDF1", true): Text 'UDF1' is present on page  using regular expression

2023-09-21 17:18:47 - [MESSAGE][PASSED] - Text 'UDF1' is present on page  using regular expression

2023-09-21 17:18:47 - [TEST_STEP][PASSED] - verifyTextPresent("UDF2", true): Text 'UDF2' is present on page  using regular expression

2023-09-21 17:18:47 - [MESSAGE][PASSED] - Text 'UDF2' is present on page  using regular expression

2023-09-21 17:18:47 - [TEST_STEP][PASSED] - verifyTextPresent("UDF3", true): Text 'UDF3' is present on page  using regular expression

2023-09-21 17:18:48 - [MESSAGE][PASSED] - Text 'UDF3' is present on page  using regular expression

2023-09-21 17:18:48 - [TEST_STEP][PASSED] - verifyTextPresent("UDF4", true): Text 'UDF4' is present on page  using regular expression

2023-09-21 17:18:48 - [MESSAGE][PASSED] - Text 'UDF4' is present on page  using regular expression

2023-09-21 17:18:48 - [TEST_STEP][PASSED] - verifyTextPresent("UDF5", true): Text 'UDF5' is present on page  using regular expression

2023-09-21 17:18:48 - [MESSAGE][PASSED] - Text 'UDF5' is present on page  using regular expression

2023-09-21 17:18:48 - [TEST_STEP][PASSED] - verifyTextPresent("UDF6", true): Text 'UDF6' is present on page  using regular expression

2023-09-21 17:18:49 - [MESSAGE][PASSED] - Text 'UDF6' is present on page  using regular expression

2023-09-21 17:18:49 - [TEST_STEP][PASSED] - verifyTextPresent("UDF7", true): Text 'UDF7' is present on page  using regular expression

2023-09-21 17:18:49 - [MESSAGE][PASSED] - Text 'UDF7' is present on page  using regular expression

2023-09-21 17:18:49 - [TEST_STEP][PASSED] - verifyTextPresent("UDF8", true): Text 'UDF8' is present on page  using regular expression

2023-09-21 17:18:49 - [MESSAGE][PASSED] - Text 'UDF8' is present on page  using regular expression

2023-09-21 17:18:49 - [TEST_STEP][PASSED] - verifyTextPresent("UDF9", true): Text 'UDF9' is present on page  using regular expression

2023-09-21 17:18:49 - [MESSAGE][PASSED] - Text 'UDF9' is present on page  using regular expression

2023-09-21 17:18:49 - [TEST_STEP][PASSED] - verifyTextPresent("UDF 10", true): Text 'UDF 10' is present on page  using regular expression

2023-09-21 17:18:50 - [MESSAGE][PASSED] - Text 'UDF 10' is present on page  using regular expression

2023-09-21 17:18:50 - [TEST_STEP][PASSED] - verifyTextPresent("Delhi", true): Text 'Delhi' is present on page  using regular expression

2023-09-21 17:18:50 - [MESSAGE][PASSED] - Text 'Delhi' is present on page  using regular expression

2023-09-21 17:18:50 - [TEST_STEP][PASSED] - verifyTextPresent("Chennai", true): Text 'Chennai' is present on page  using regular expression

2023-09-21 17:18:50 - [MESSAGE][PASSED] - Text 'Chennai' is present on page  using regular expression

2023-09-21 17:18:50 - [TEST_STEP][PASSED] - verifyTextPresent("Mumbai", true): Text 'Mumbai' is present on page  using regular expression

2023-09-21 17:18:51 - [MESSAGE][PASSED] - Text 'Mumbai' is present on page  using regular expression

2023-09-21 17:18:51 - [TEST_STEP][PASSED] - verifyTextPresent("Kanpur", true): Text 'Kanpur' is present on page  using regular expression

2023-09-21 17:18:51 - [MESSAGE][PASSED] - Text 'Kanpur' is present on page  using regular expression

2023-09-21 17:18:51 - [TEST_STEP][PASSED] - verifyTextPresent("Orange Recorded", true): Text 'Orange Recorded' is present on page  using regular expression

2023-09-21 17:18:51 - [MESSAGE][PASSED] - Text 'Orange Recorded' is present on page  using regular expression

2023-09-21 17:18:51 - [TEST_STEP][PASSED] - verifyTextPresent("Yellow Recorded", true): Text 'Yellow Recorded' is present on page  using regular expression

2023-09-21 17:18:52 - [MESSAGE][PASSED] - Text 'Yellow Recorded' is present on page  using regular expression

2023-09-21 17:18:52 - [TEST_STEP][PASSED] - verifyTextPresent("Kolkata", true): Text 'Kolkata' is present on page  using regular expression

2023-09-21 17:18:52 - [MESSAGE][PASSED] - Text 'Kolkata' is present on page  using regular expression

2023-09-21 17:18:52 - [TEST_STEP][PASSED] - verifyTextPresent("Pune", true): Text 'Pune' is present on page  using regular expression

2023-09-21 17:18:52 - [MESSAGE][PASSED] - Text 'Pune' is present on page  using regular expression

2023-09-21 17:18:52 - [TEST_STEP][PASSED] - verifyTextPresent("Bhavnagar", true): Text 'Bhavnagar' is present on page  using regular expression

2023-09-21 17:18:52 - [MESSAGE][PASSED] - Text 'Bhavnagar' is present on page  using regular expression

2023-09-21 17:18:52 - [TEST_STEP][PASSED] - verifyTextPresent("Noida", true): Text 'Noida' is present on page  using regular expression

2023-09-21 17:18:53 - [MESSAGE][PASSED] - Text 'Noida' is present on page  using regular expression

2023-09-21 17:18:53 - [TEST_STEP][PASSED] - verifyTextPresent("Amount", true): Text 'Amount' is present on page  using regular expression

2023-09-21 17:18:53 - [MESSAGE][PASSED] - Text 'Amount' is present on page  using regular expression

2023-09-21 17:18:53 - [TEST_STEP][PASSED] - verifyTextPresent("2.50", true): Text '2.50' is present on page  using regular expression

2023-09-21 17:18:53 - [MESSAGE][PASSED] - Text '2.50' is present on page  using regular expression

2023-09-21 17:18:53 - [TEST_STEP][PASSED] - verifyTextPresent("Authorization and Capture", true): Text 'Authorization and Capture' is present on page  using regular expression

2023-09-21 17:18:54 - [MESSAGE][PASSED] - Text 'Authorization and Capture' is present on page  using regular expression

2023-09-21 17:18:54 - [TEST_STEP][PASSED] - verifyTextPresent("Card Information", true): Text 'Card Information' is present on page  using regular expression

2023-09-21 17:18:54 - [MESSAGE][PASSED] - Text 'Card Information' is present on page  using regular expression

2023-09-21 17:18:54 - [TEST_STEP][PASSED] - verifyTextPresent("TANDON RAVENA", true): Text 'TANDON RAVENA' is present on page  using regular expression

2023-09-21 17:18:54 - [MESSAGE][PASSED] - Text 'TANDON RAVENA' is present on page  using regular expression

2023-09-21 17:18:54 - [TEST_STEP][PASSED] - verifyTextPresent("Address Line 1", true): Text 'Address Line 1' is present on page  using regular expression

2023-09-21 17:18:54 - [MESSAGE][PASSED] - Text 'Address Line 1' is present on page  using regular expression

2023-09-21 17:18:54 - [TEST_STEP][PASSED] - verifyTextPresent("Address Line 2", true): Text 'Address Line 2' is present on page  using regular expression

2023-09-21 17:18:55 - [MESSAGE][PASSED] - Text 'Address Line 2' is present on page  using regular expression

2023-09-21 17:18:55 - [TEST_STEP][PASSED] - verifyTextPresent("Country", true): Text 'Country' is present on page  using regular expression

2023-09-21 17:18:55 - [MESSAGE][PASSED] - Text 'Country' is present on page  using regular expression

2023-09-21 17:18:55 - [TEST_STEP][PASSED] - verifyTextPresent("City", true): Text 'City' is present on page  using regular expression

2023-09-21 17:18:55 - [MESSAGE][PASSED] - Text 'City' is present on page  using regular expression

2023-09-21 17:18:55 - [TEST_STEP][PASSED] - verifyTextPresent("State", true): Text 'State' is present on page  using regular expression

2023-09-21 17:18:56 - [MESSAGE][PASSED] - Text 'State' is present on page  using regular expression

2023-09-21 17:18:56 - [TEST_STEP][PASSED] - verifyTextPresent("ZIP Code", true): Text 'ZIP Code' is present on page  using regular expression

2023-09-21 17:18:56 - [MESSAGE][PASSED] - Text 'ZIP Code' is present on page  using regular expression

2023-09-21 17:18:56 - [TEST_STEP][PASSED] - verifyTextPresent("248 PhoolKaante road", true): Text '248 PhoolKaante road' is present on page  using regular expression

2023-09-21 17:18:56 - [MESSAGE][PASSED] - Text '248 PhoolKaante road' is present on page  using regular expression

2023-09-21 17:18:56 - [TEST_STEP][PASSED] - verifyTextPresent("Suite 678", true): Text 'Suite 678' is present on page  using regular expression

2023-09-21 17:18:57 - [MESSAGE][PASSED] - Text 'Suite 678' is present on page  using regular expression

2023-09-21 17:18:57 - [TEST_STEP][PASSED] - verifyTextPresent("United States", true): Text 'United States' is present on page  using regular expression

2023-09-21 17:18:57 - [MESSAGE][PASSED] - Text 'United States' is present on page  using regular expression

2023-09-21 17:18:57 - [TEST_STEP][PASSED] - verifyTextPresent("ARLINGTON", true): Text 'ARLINGTON' is present on page  using regular expression

2023-09-21 17:18:57 - [MESSAGE][PASSED] - Text 'ARLINGTON' is present on page  using regular expression

2023-09-21 17:18:57 - [TEST_STEP][PASSED] - verifyTextPresent("VA", true): Text 'VA' is present on page  using regular expression

2023-09-21 17:18:57 - [MESSAGE][PASSED] - Text 'VA' is present on page  using regular expression

2023-09-21 17:18:57 - [TEST_STEP][PASSED] - verifyTextPresent("22201", true): Text '22201' is present on page  using regular expression

2023-09-21 17:18:58 - [MESSAGE][PASSED] - Text '22201' is present on page  using regular expression

2023-09-21 17:18:58 - [TEST_STEP][PASSED] - cardTypeV = findTestData(dataFile).getValue("CardType", row): null

2023-09-21 17:18:58 - [TEST_STEP][PASSED] - last4V = findTestData(dataFile).getValue("Last4", row): null

2023-09-21 17:18:58 - [TEST_STEP][PASSED] - verifyTextPresent(cardTypeV, true): Text 'Discover' is present on page  using regular expression

2023-09-21 17:18:58 - [MESSAGE][PASSED] - Text 'Discover' is present on page  using regular expression

2023-09-21 17:18:58 - [TEST_STEP][PASSED] - verifyTextPresent(last4V, true): Text '6909' is present on page  using regular expression

2023-09-21 17:18:58 - [MESSAGE][PASSED] - Text '6909' is present on page  using regular expression

2023-09-21 17:18:58 - [TEST_STEP][PASSED] - switch (appName): null

2023-09-21 17:18:58 - [TEST_STEP][PASSED] - closeBrowser(): Browser is closed

2023-09-21 17:18:59 - [MESSAGE][PASSED] - Browser is closed

2023-09-21 17:18:59 - [TEST_STEP][PASSED] - ExecuteTC = findTestData(dataFile).getValue("Execute", row): null

2023-09-21 17:18:59 - [TEST_STEP][PASSED] - out.println("Value of Execute is : " + ExecuteTC): null

2023-09-21 17:18:59 - [TEST_STEP][PASSED] - switch (executionProfile): null

2023-09-21 17:18:59 - [TEST_STEP][PASSED] - case "QA2Profile":: null

2023-09-21 17:18:59 - [TEST_STEP][PASSED] - appName = findTestData(dataFile).getValue("AppNameQA", row): null

2023-09-21 17:18:59 - [TEST_STEP][PASSED] - appID = findTestData(dataFile).getValue("AppIDQA", row): null

2023-09-21 17:18:59 - [TEST_STEP][PASSED] - break: null

2023-09-21 17:18:59 - [TEST_STEP][PASSED] - if (ExecuteTC.equalsIgnoreCase("Y")): null

2023-09-21 17:18:59 - [TEST_STEP][PASSED] - out.println("Begin Record Number: " + row): null

2023-09-21 17:18:59 - [TEST_STEP][PASSED] - today = new java.util.Date(): null

2023-09-21 17:18:59 - [TEST_STEP][PASSED] - println(today): null

2023-09-21 17:18:59 - [TEST_STEP][PASSED] - datText = today: null

2023-09-21 17:18:59 - [TEST_STEP][PASSED] - adminSuiteBootstrap.loginFunctionality.login_AdminSuite(): adminSuiteBootstrap.loginFunctionality.login_AdminSuite is PASSED

2023-09-21 17:18:59 - [MESSAGE][INFO] - Starting 'Chrome' driver

2023-09-21 17:18:59 - [MESSAGE][INFO] - User set preference: ['acceptInsecureCerts', 'true']

2023-09-21 17:18:59 - [MESSAGE][INFO] - Action delay is set to 0 milliseconds

2023-09-21 17:19:02 - [MESSAGE][PASSED] - Browser is opened with url: 'https://qa2.velocitypayment.com/admin/imtiaz'

2023-09-21 17:19:02 - [MESSAGE][PASSED] - Current window maximized

2023-09-21 17:19:03 - [MESSAGE][PASSED] - Object 'Object Repository/Login_Page/Login_Username_Okta' is present

2023-09-21 17:19:04 - [MESSAGE][PASSED] - Text 'iahmed' is set on object 'Object Repository/Login_Page/Login_Username_Okta'

2023-09-21 17:19:04 - [MESSAGE][PASSED] - Text 'Hello1111111@' is set on object 'Object Repository/Login_Page/Login_Password_Okta'

2023-09-21 17:19:05 - [MESSAGE][PASSED] - Object: 'Object Repository/Login_Page/Login_Submit_Okta' is clicked on

2023-09-21 17:19:05 - [MESSAGE][PASSED] - adminSuiteBootstrap.loginFunctionality.login_AdminSuite is PASSED

2023-09-21 17:19:05 - [TEST_STEP][PASSED] - click(findTestObject(path_Dashboard + appName)): Object: 'Object Repository/AdminSuiteBootstrap_Pages/Dashboard_Bootstrap/a_Access AutoSingleCFtpQA' is clicked on

2023-09-21 17:19:12 - [MESSAGE][PASSED] - Object: 'Object Repository/AdminSuiteBootstrap_Pages/Dashboard_Bootstrap/a_Access AutoSingleCFtpQA' is clicked on

2023-09-21 17:19:12 - [TEST_STEP][PASSED] - click(findTestObject(path_VT + "a_Find Profile")): Object: 'Object Repository/AdminSuiteBootstrap_Pages/VT_Bootstrap/IssueTransactions/a_Find Profile' is clicked on

2023-09-21 17:19:12 - [MESSAGE][PASSED] - Object: 'Object Repository/AdminSuiteBootstrap_Pages/VT_Bootstrap/IssueTransactions/a_Find Profile' is clicked on

2023-09-21 17:19:12 - [TEST_STEP][PASSED] - criteria = <not implemented yet for class: org.codehaus.groovy.ast.expr.EmptyExpression>: null

2023-09-21 17:19:12 - [TEST_STEP][PASSED] - searchBy = <not implemented yet for class: org.codehaus.groovy.ast.expr.EmptyExpression>: null

2023-09-21 17:19:12 - [TEST_STEP][PASSED] - criteria = findTestData(dataFile).getValue("ProfileName", row): null

2023-09-21 17:19:12 - [TEST_STEP][PASSED] - path_SearchProfile = "Object Repository/AdminSuiteBootstrap_Pages/VSP_Bootstrap/SearchProfile/": null

2023-09-21 17:19:12 - [TEST_STEP][PASSED] - setText(findTestObject(path_SearchProfile + "input_Criteria"), criteria): Text 'PaymentsVisa' is set on object 'Object Repository/AdminSuiteBootstrap_Pages/VSP_Bootstrap/SearchProfile/input_Criteria'

2023-09-21 17:19:13 - [MESSAGE][PASSED] - Text 'PaymentsVisa' is set on object 'Object Repository/AdminSuiteBootstrap_Pages/VSP_Bootstrap/SearchProfile/input_Criteria'

2023-09-21 17:19:13 - [TEST_STEP][PASSED] - click(findTestObject(path_SearchProfile + "button_Search")): Object: 'Object Repository/AdminSuiteBootstrap_Pages/VSP_Bootstrap/SearchProfile/button_Search' is clicked on

2023-09-21 17:19:14 - [MESSAGE][PASSED] - Object: 'Object Repository/AdminSuiteBootstrap_Pages/VSP_Bootstrap/SearchProfile/button_Search' is clicked on

2023-09-21 17:19:14 - [TEST_STEP][PASSED] - profNameLink = findTestData(dataFile).getValue("ProfileNameLink", row): null

2023-09-21 17:19:14 - [TEST_STEP][PASSED] - click(findTestObject(path_ViewProfile + profNameLink)): Object: 'Object Repository/AdminSuiteBootstrap_Pages/VSP_Bootstrap/View Profile/a_PaymentsVisa' is clicked on

2023-09-21 17:19:15 - [MESSAGE][PASSED] - Object: 'Object Repository/AdminSuiteBootstrap_Pages/VSP_Bootstrap/View Profile/a_PaymentsVisa' is clicked on

2023-09-21 17:19:15 - [TEST_STEP][PASSED] - click(findTestObject(path_ViewProfile + "a_AuthCap")): Object: 'Object Repository/AdminSuiteBootstrap_Pages/VSP_Bootstrap/View Profile/a_AuthCap' is clicked on

2023-09-21 17:19:16 - [MESSAGE][PASSED] - Object: 'Object Repository/AdminSuiteBootstrap_Pages/VSP_Bootstrap/View Profile/a_AuthCap' is clicked on

2023-09-21 17:19:16 - [TEST_STEP][PASSED] - verifyTextPresent("Credit Card Authorization Capture", true): Text 'Credit Card Authorization Capture' is present on page  using regular expression

2023-09-21 17:19:17 - [MESSAGE][PASSED] - Text 'Credit Card Authorization Capture' is present on page  using regular expression

2023-09-21 17:19:17 - [TEST_STEP][PASSED] - verifyTextPresent("Sale", true): Text 'Sale' is present on page  using regular expression

2023-09-21 17:19:18 - [MESSAGE][PASSED] - Text 'Sale' is present on page  using regular expression

2023-09-21 17:19:18 - [TEST_STEP][PASSED] - verifyTextPresent("Required fields are highlighted with an asterisk", true): Text 'Required fields are highlighted with an asterisk' is present on page  using regular expression

2023-09-21 17:19:18 - [MESSAGE][PASSED] - Text 'Required fields are highlighted with an asterisk' is present on page  using regular expression

2023-09-21 17:19:18 - [TEST_STEP][PASSED] - verifyTextPresent("Remittance ID", true): Text 'Remittance ID' is present on page  using regular expression

2023-09-21 17:19:18 - [MESSAGE][PASSED] - Text 'Remittance ID' is present on page  using regular expression

2023-09-21 17:19:18 - [TEST_STEP][PASSED] - vspBootstrap.SalePage.setDataSaleAndAuth(row, dataFile): vspBootstrap.SalePage.setDataSaleAndAuth is PASSED

2023-09-21 17:19:20 - [MESSAGE][PASSED] - All options with value 'MOTO' are selected in object 'Object Repository/AdminSuiteBootstrap_Pages/VSP_Bootstrap/VSP_Authcap/select_TransactionCategory'  using regular expression

2023-09-21 17:19:20 - [MESSAGE][PASSED] - Text '123' is set on object 'Object Repository/AdminSuiteBootstrap_Pages/VSP_Bootstrap/VSP_Authcap/input_cvv'

2023-09-21 17:19:21 - [MESSAGE][PASSED] - Text '' is set on object 'Object Repository/AdminSuiteBootstrap_Pages/VSP_Bootstrap/VSP_Authcap/input_smsNumber'

2023-09-21 17:19:22 - [MESSAGE][PASSED] - Text '2.50' is set on object 'Object Repository/AdminSuiteBootstrap_Pages/VSP_Bootstrap/VSP_Authcap/input_amount'

2023-09-21 17:19:23 - [MESSAGE][PASSED] - Text 'Delhi' is set on object 'Object Repository/AdminSuiteBootstrap_Pages/VSP_Bootstrap/VSP_Authcap/input_userDefined1'

2023-09-21 17:19:23 - [MESSAGE][PASSED] - Text 'Chennai' is set on object 'Object Repository/AdminSuiteBootstrap_Pages/VSP_Bootstrap/VSP_Authcap/input_userDefined2'

2023-09-21 17:19:24 - [MESSAGE][PASSED] - Text 'Mumbai' is set on object 'Object Repository/AdminSuiteBootstrap_Pages/VSP_Bootstrap/VSP_Authcap/input_userDefined3'

2023-09-21 17:19:25 - [MESSAGE][PASSED] - Text 'Kanpur' is set on object 'Object Repository/AdminSuiteBootstrap_Pages/VSP_Bootstrap/VSP_Authcap/input_userDefined4'

2023-09-21 17:19:25 - [MESSAGE][PASSED] - All options with label 'Orange' are selected in object 'Object Repository/AdminSuiteBootstrap_Pages/VSP_Bootstrap/VSP_Authcap/select_UDF5'  using regular expression

2023-09-21 17:19:26 - [MESSAGE][PASSED] - All options with label 'Yellow' are selected in object 'Object Repository/AdminSuiteBootstrap_Pages/VSP_Bootstrap/VSP_Authcap/select_UDF6'  using regular expression

2023-09-21 17:19:27 - [MESSAGE][PASSED] - Text 'Kolkata' is set on object 'Object Repository/AdminSuiteBootstrap_Pages/VSP_Bootstrap/VSP_Authcap/input_userDefined7'

2023-09-21 17:19:28 - [MESSAGE][PASSED] - Text 'Pune' is set on object 'Object Repository/AdminSuiteBootstrap_Pages/VSP_Bootstrap/VSP_Authcap/input_userDefined8'

2023-09-21 17:19:28 - [MESSAGE][PASSED] - Text 'Bhavnagar' is set on object 'Object Repository/AdminSuiteBootstrap_Pages/VSP_Bootstrap/VSP_Authcap/input_userDefined9'

2023-09-21 17:19:29 - [MESSAGE][PASSED] - Text 'Noida' is set on object 'Object Repository/AdminSuiteBootstrap_Pages/VSP_Bootstrap/VSP_Authcap/input_userDefined10'

2023-09-21 17:19:30 - [MESSAGE][PASSED] - Object: 'Object Repository/AdminSuiteBootstrap_Pages/VSP_Bootstrap/VSP_Authcap/button_Submit' is clicked on

2023-09-21 17:19:30 - [MESSAGE][PASSED] - vspBootstrap.SalePage.setDataSaleAndAuth is PASSED

2023-09-21 17:19:30 - [TEST_STEP][PASSED] - verifyTextPresent("Transaction Successful", true): Text 'Transaction Successful' is present on page  using regular expression

2023-09-21 17:19:31 - [MESSAGE][PASSED] - Text 'Transaction Successful' is present on page  using regular expression

2023-09-21 17:19:31 - [TEST_STEP][PASSED] - verifyElementVisible(findTestObject("Object Repository/AdminSuiteBootstrap_Pages/VT_Bootstrap/Receipt/button_Continue")): Object 'Object Repository/AdminSuiteBootstrap_Pages/VT_Bootstrap/Receipt/button_Continue' is visible

2023-09-21 17:19:31 - [MESSAGE][PASSED] - Object 'Object Repository/AdminSuiteBootstrap_Pages/VT_Bootstrap/Receipt/button_Continue' is visible

2023-09-21 17:19:31 - [TEST_STEP][PASSED] - verifyElementPresent(findTestObject("Object Repository/AdminSuiteBootstrap_Pages/VT_Bootstrap/Receipt/button_Continue"), 20): Object 'Object Repository/AdminSuiteBootstrap_Pages/VT_Bootstrap/Receipt/button_Continue' is present

2023-09-21 17:19:32 - [MESSAGE][PASSED] - Object 'Object Repository/AdminSuiteBootstrap_Pages/VT_Bootstrap/Receipt/button_Continue' is present

2023-09-21 17:19:32 - [TEST_STEP][PASSED] - verifyElementVisible(findTestObject("Object Repository/AdminSuiteBootstrap_Pages/VT_Bootstrap/Receipt/button_Print")): Object 'Object Repository/AdminSuiteBootstrap_Pages/VT_Bootstrap/Receipt/button_Print' is visible

2023-09-21 17:19:32 - [MESSAGE][PASSED] - Object 'Object Repository/AdminSuiteBootstrap_Pages/VT_Bootstrap/Receipt/button_Print' is visible

2023-09-21 17:19:32 - [TEST_STEP][PASSED] - verifyElementPresent(findTestObject("Object Repository/AdminSuiteBootstrap_Pages/VT_Bootstrap/Receipt/button_Print"), 20): Object 'Object Repository/AdminSuiteBootstrap_Pages/VT_Bootstrap/Receipt/button_Print' is present

2023-09-21 17:19:32 - [MESSAGE][PASSED] - Object 'Object Repository/AdminSuiteBootstrap_Pages/VT_Bootstrap/Receipt/button_Print' is present

2023-09-21 17:19:32 - [TEST_STEP][PASSED] - verifyTextPresent("Remittance ID", true): Text 'Remittance ID' is present on page  using regular expression

2023-09-21 17:19:32 - [MESSAGE][PASSED] - Text 'Remittance ID' is present on page  using regular expression

2023-09-21 17:19:32 - [TEST_STEP][PASSED] - verifyTextPresent("Received", true): Text 'Received' is present on page  using regular expression

2023-09-21 17:19:33 - [MESSAGE][PASSED] - Text 'Received' is present on page  using regular expression

2023-09-21 17:19:33 - [TEST_STEP][PASSED] - verifyTextPresent("UDF1", true): Text 'UDF1' is present on page  using regular expression

2023-09-21 17:19:33 - [MESSAGE][PASSED] - Text 'UDF1' is present on page  using regular expression

2023-09-21 17:19:33 - [TEST_STEP][PASSED] - verifyTextPresent("UDF2", true): Text 'UDF2' is present on page  using regular expression

2023-09-21 17:19:33 - [MESSAGE][PASSED] - Text 'UDF2' is present on page  using regular expression

2023-09-21 17:19:33 - [TEST_STEP][PASSED] - verifyTextPresent("UDF3", true): Text 'UDF3' is present on page  using regular expression

2023-09-21 17:19:34 - [MESSAGE][PASSED] - Text 'UDF3' is present on page  using regular expression

2023-09-21 17:19:34 - [TEST_STEP][PASSED] - verifyTextPresent("UDF4", true): Text 'UDF4' is present on page  using regular expression

2023-09-21 17:19:34 - [MESSAGE][PASSED] - Text 'UDF4' is present on page  using regular expression

2023-09-21 17:19:34 - [TEST_STEP][PASSED] - verifyTextPresent("UDF5", true): Text 'UDF5' is present on page  using regular expression

2023-09-21 17:19:34 - [MESSAGE][PASSED] - Text 'UDF5' is present on page  using regular expression

2023-09-21 17:19:34 - [TEST_STEP][PASSED] - verifyTextPresent("UDF6", true): Text 'UDF6' is present on page  using regular expression

2023-09-21 17:19:34 - [MESSAGE][PASSED] - Text 'UDF6' is present on page  using regular expression

2023-09-21 17:19:34 - [TEST_STEP][PASSED] - verifyTextPresent("UDF7", true): Text 'UDF7' is present on page  using regular expression

2023-09-21 17:19:35 - [MESSAGE][PASSED] - Text 'UDF7' is present on page  using regular expression

2023-09-21 17:19:35 - [TEST_STEP][PASSED] - verifyTextPresent("UDF8", true): Text 'UDF8' is present on page  using regular expression

2023-09-21 17:19:35 - [MESSAGE][PASSED] - Text 'UDF8' is present on page  using regular expression

2023-09-21 17:19:35 - [TEST_STEP][PASSED] - verifyTextPresent("UDF9", true): Text 'UDF9' is present on page  using regular expression

2023-09-21 17:19:35 - [MESSAGE][PASSED] - Text 'UDF9' is present on page  using regular expression

2023-09-21 17:19:35 - [TEST_STEP][PASSED] - verifyTextPresent("UDF 10", true): Text 'UDF 10' is present on page  using regular expression

2023-09-21 17:19:36 - [MESSAGE][PASSED] - Text 'UDF 10' is present on page  using regular expression

2023-09-21 17:19:36 - [TEST_STEP][PASSED] - verifyTextPresent("Delhi", true): Text 'Delhi' is present on page  using regular expression

2023-09-21 17:19:36 - [MESSAGE][PASSED] - Text 'Delhi' is present on page  using regular expression

2023-09-21 17:19:36 - [TEST_STEP][PASSED] - verifyTextPresent("Chennai", true): Text 'Chennai' is present on page  using regular expression

2023-09-21 17:19:36 - [MESSAGE][PASSED] - Text 'Chennai' is present on page  using regular expression

2023-09-21 17:19:36 - [TEST_STEP][PASSED] - verifyTextPresent("Mumbai", true): Text 'Mumbai' is present on page  using regular expression

2023-09-21 17:19:37 - [MESSAGE][PASSED] - Text 'Mumbai' is present on page  using regular expression

2023-09-21 17:19:37 - [TEST_STEP][PASSED] - verifyTextPresent("Kanpur", true): Text 'Kanpur' is present on page  using regular expression

2023-09-21 17:19:37 - [MESSAGE][PASSED] - Text 'Kanpur' is present on page  using regular expression

2023-09-21 17:19:37 - [TEST_STEP][PASSED] - verifyTextPresent("Orange Recorded", true): Text 'Orange Recorded' is present on page  using regular expression

2023-09-21 17:19:37 - [MESSAGE][PASSED] - Text 'Orange Recorded' is present on page  using regular expression

2023-09-21 17:19:37 - [TEST_STEP][PASSED] - verifyTextPresent("Yellow Recorded", true): Text 'Yellow Recorded' is present on page  using regular expression

2023-09-21 17:19:37 - [MESSAGE][PASSED] - Text 'Yellow Recorded' is present on page  using regular expression

2023-09-21 17:19:37 - [TEST_STEP][PASSED] - verifyTextPresent("Kolkata", true): Text 'Kolkata' is present on page  using regular expression

2023-09-21 17:19:38 - [MESSAGE][PASSED] - Text 'Kolkata' is present on page  using regular expression

2023-09-21 17:19:38 - [TEST_STEP][PASSED] - verifyTextPresent("Pune", true): Text 'Pune' is present on page  using regular expression

2023-09-21 17:19:38 - [MESSAGE][PASSED] - Text 'Pune' is present on page  using regular expression

2023-09-21 17:19:38 - [TEST_STEP][PASSED] - verifyTextPresent("Bhavnagar", true): Text 'Bhavnagar' is present on page  using regular expression

2023-09-21 17:19:38 - [MESSAGE][PASSED] - Text 'Bhavnagar' is present on page  using regular expression

2023-09-21 17:19:38 - [TEST_STEP][PASSED] - verifyTextPresent("Noida", true): Text 'Noida' is present on page  using regular expression

2023-09-21 17:19:39 - [MESSAGE][PASSED] - Text 'Noida' is present on page  using regular expression

2023-09-21 17:19:39 - [TEST_STEP][PASSED] - verifyTextPresent("Amount", true): Text 'Amount' is present on page  using regular expression

2023-09-21 17:19:39 - [MESSAGE][PASSED] - Text 'Amount' is present on page  using regular expression

2023-09-21 17:19:39 - [TEST_STEP][PASSED] - verifyTextPresent("2.50", true): Text '2.50' is present on page  using regular expression

2023-09-21 17:19:39 - [MESSAGE][PASSED] - Text '2.50' is present on page  using regular expression

2023-09-21 17:19:39 - [TEST_STEP][PASSED] - verifyTextPresent("Authorization and Capture", true): Text 'Authorization and Capture' is present on page  using regular expression

2023-09-21 17:19:40 - [MESSAGE][PASSED] - Text 'Authorization and Capture' is present on page  using regular expression

2023-09-21 17:19:40 - [TEST_STEP][PASSED] - verifyTextPresent("Card Information", true): Text 'Card Information' is present on page  using regular expression

2023-09-21 17:19:40 - [MESSAGE][PASSED] - Text 'Card Information' is present on page  using regular expression

2023-09-21 17:19:40 - [TEST_STEP][PASSED] - verifyTextPresent("TANDON RAVENA", true): Text 'TANDON RAVENA' is present on page  using regular expression

2023-09-21 17:19:40 - [MESSAGE][PASSED] - Text 'TANDON RAVENA' is present on page  using regular expression

2023-09-21 17:19:40 - [TEST_STEP][PASSED] - verifyTextPresent("Address Line 1", true): Text 'Address Line 1' is present on page  using regular expression

2023-09-21 17:19:40 - [MESSAGE][PASSED] - Text 'Address Line 1' is present on page  using regular expression

2023-09-21 17:19:40 - [TEST_STEP][PASSED] - verifyTextPresent("Address Line 2", true): Text 'Address Line 2' is present on page  using regular expression

2023-09-21 17:19:41 - [MESSAGE][PASSED] - Text 'Address Line 2' is present on page  using regular expression

2023-09-21 17:19:41 - [TEST_STEP][PASSED] - verifyTextPresent("Country", true): Text 'Country' is present on page  using regular expression

2023-09-21 17:19:41 - [MESSAGE][PASSED] - Text 'Country' is present on page  using regular expression

2023-09-21 17:19:41 - [TEST_STEP][PASSED] - verifyTextPresent("City", true): Text 'City' is present on page  using regular expression

2023-09-21 17:19:41 - [MESSAGE][PASSED] - Text 'City' is present on page  using regular expression

2023-09-21 17:19:41 - [TEST_STEP][PASSED] - verifyTextPresent("State", true): Text 'State' is present on page  using regular expression

2023-09-21 17:19:42 - [MESSAGE][PASSED] - Text 'State' is present on page  using regular expression

2023-09-21 17:19:42 - [TEST_STEP][PASSED] - verifyTextPresent("ZIP Code", true): Text 'ZIP Code' is present on page  using regular expression

2023-09-21 17:19:42 - [MESSAGE][PASSED] - Text 'ZIP Code' is present on page  using regular expression

2023-09-21 17:19:42 - [TEST_STEP][PASSED] - verifyTextPresent("248 PhoolKaante road", true): Text '248 PhoolKaante road' is present on page  using regular expression

2023-09-21 17:19:42 - [MESSAGE][PASSED] - Text '248 PhoolKaante road' is present on page  using regular expression

2023-09-21 17:19:42 - [TEST_STEP][PASSED] - verifyTextPresent("Suite 678", true): Text 'Suite 678' is present on page  using regular expression

2023-09-21 17:19:43 - [MESSAGE][PASSED] - Text 'Suite 678' is present on page  using regular expression

2023-09-21 17:19:43 - [TEST_STEP][PASSED] - verifyTextPresent("United States", true): Text 'United States' is present on page  using regular expression

2023-09-21 17:19:43 - [MESSAGE][PASSED] - Text 'United States' is present on page  using regular expression

2023-09-21 17:19:43 - [TEST_STEP][PASSED] - verifyTextPresent("ARLINGTON", true): Text 'ARLINGTON' is present on page  using regular expression

2023-09-21 17:19:43 - [MESSAGE][PASSED] - Text 'ARLINGTON' is present on page  using regular expression

2023-09-21 17:19:43 - [TEST_STEP][PASSED] - verifyTextPresent("VA", true): Text 'VA' is present on page  using regular expression

2023-09-21 17:19:43 - [MESSAGE][PASSED] - Text 'VA' is present on page  using regular expression

2023-09-21 17:19:43 - [TEST_STEP][PASSED] - verifyTextPresent("22201", true): Text '22201' is present on page  using regular expression

2023-09-21 17:19:44 - [MESSAGE][PASSED] - Text '22201' is present on page  using regular expression

2023-09-21 17:19:44 - [TEST_STEP][PASSED] - cardTypeV = findTestData(dataFile).getValue("CardType", row): null

2023-09-21 17:19:44 - [TEST_STEP][PASSED] - last4V = findTestData(dataFile).getValue("Last4", row): null

2023-09-21 17:19:44 - [TEST_STEP][PASSED] - verifyTextPresent(cardTypeV, true): Text 'Visa' is present on page  using regular expression

2023-09-21 17:19:44 - [MESSAGE][PASSED] - Text 'Visa' is present on page  using regular expression

2023-09-21 17:19:44 - [TEST_STEP][PASSED] - verifyTextPresent(last4V, true): Text '5439' is present on page  using regular expression

2023-09-21 17:19:44 - [MESSAGE][PASSED] - Text '5439' is present on page  using regular expression

2023-09-21 17:19:44 - [TEST_STEP][PASSED] - switch (appName): null

2023-09-21 17:19:44 - [TEST_STEP][PASSED] - case "a_Access AutoSingleCFtpQA":: null

2023-09-21 17:19:44 - [TEST_STEP][PASSED] - verifyTextPresent("5.00", true): Text '5.00' is present on page  using regular expression

2023-09-21 17:19:45 - [MESSAGE][PASSED] - Text '5.00' is present on page  using regular expression

2023-09-21 17:19:45 - [TEST_STEP][PASSED] - verifyTextPresent("Single Transaction", true): Text 'Single Transaction' is present on page  using regular expression

2023-09-21 17:19:45 - [MESSAGE][PASSED] - Text 'Single Transaction' is present on page  using regular expression

2023-09-21 17:19:45 - [TEST_STEP][PASSED] - verifyTextPresent("7.50", true): Text '7.50' is present on page  using regular expression

2023-09-21 17:19:45 - [MESSAGE][PASSED] - Text '7.50' is present on page  using regular expression

2023-09-21 17:19:45 - [TEST_STEP][PASSED] - verifyTextPresent("Total Amount", true): Text 'Total Amount' is present on page  using regular expression

2023-09-21 17:19:46 - [MESSAGE][PASSED] - Text 'Total Amount' is present on page  using regular expression

2023-09-21 17:19:46 - [TEST_STEP][PASSED] - verifyTextPresent("Transaction Type", true): Text 'Transaction Type' is present on page  using regular expression

2023-09-21 17:19:46 - [MESSAGE][PASSED] - Text 'Transaction Type' is present on page  using regular expression

2023-09-21 17:19:46 - [TEST_STEP][PASSED] - break: null

2023-09-21 17:19:46 - [TEST_STEP][PASSED] - closeBrowser(): Browser is closed

2023-09-21 17:19:47 - [MESSAGE][PASSED] - Browser is closed

2023-09-21 17:19:47 - [TEST_STEP][PASSED] - ExecuteTC = findTestData(dataFile).getValue("Execute", row): null

2023-09-21 17:19:47 - [TEST_STEP][PASSED] - out.println("Value of Execute is : " + ExecuteTC): null

2023-09-21 17:19:47 - [TEST_STEP][PASSED] - switch (executionProfile): null

2023-09-21 17:19:47 - [TEST_STEP][PASSED] - case "QA2Profile":: null

2023-09-21 17:19:47 - [TEST_STEP][PASSED] - appName = findTestData(dataFile).getValue("AppNameQA", row): null

2023-09-21 17:19:47 - [TEST_STEP][PASSED] - appID = findTestData(dataFile).getValue("AppIDQA", row): null

2023-09-21 17:19:47 - [TEST_STEP][PASSED] - break: null

2023-09-21 17:19:47 - [TEST_STEP][PASSED] - if (ExecuteTC.equalsIgnoreCase("Y")): null

2023-09-21 17:19:47 - [TEST_STEP][PASSED] - out.println("Begin Record Number: " + row): null

2023-09-21 17:19:47 - [TEST_STEP][PASSED] - today = new java.util.Date(): null

2023-09-21 17:19:47 - [TEST_STEP][PASSED] - println(today): null

2023-09-21 17:19:47 - [TEST_STEP][PASSED] - datText = today: null

2023-09-21 17:19:47 - [TEST_STEP][PASSED] - adminSuiteBootstrap.loginFunctionality.login_AdminSuite(): adminSuiteBootstrap.loginFunctionality.login_AdminSuite is PASSED

2023-09-21 17:19:47 - [MESSAGE][INFO] - Starting 'Chrome' driver

2023-09-21 17:19:47 - [MESSAGE][INFO] - User set preference: ['acceptInsecureCerts', 'true']

2023-09-21 17:19:47 - [MESSAGE][INFO] - Action delay is set to 0 milliseconds

2023-09-21 17:19:50 - [MESSAGE][PASSED] - Browser is opened with url: 'https://qa2.velocitypayment.com/admin/imtiaz'

2023-09-21 17:19:50 - [MESSAGE][PASSED] - Current window maximized

2023-09-21 17:19:50 - [MESSAGE][PASSED] - Object 'Object Repository/Login_Page/Login_Username_Okta' is present

2023-09-21 17:19:51 - [MESSAGE][PASSED] - Text 'iahmed' is set on object 'Object Repository/Login_Page/Login_Username_Okta'

2023-09-21 17:19:52 - [MESSAGE][PASSED] - Text 'Hello1111111@' is set on object 'Object Repository/Login_Page/Login_Password_Okta'

2023-09-21 17:19:52 - [MESSAGE][PASSED] - Object: 'Object Repository/Login_Page/Login_Submit_Okta' is clicked on

2023-09-21 17:19:52 - [MESSAGE][PASSED] - adminSuiteBootstrap.loginFunctionality.login_AdminSuite is PASSED

2023-09-21 17:19:52 - [TEST_STEP][PASSED] - click(findTestObject(path_Dashboard + appName)): Object: 'Object Repository/AdminSuiteBootstrap_Pages/Dashboard_Bootstrap/a_Access AutoSingleCFtpQA' is clicked on

2023-09-21 17:19:59 - [MESSAGE][PASSED] - Object: 'Object Repository/AdminSuiteBootstrap_Pages/Dashboard_Bootstrap/a_Access AutoSingleCFtpQA' is clicked on

2023-09-21 17:19:59 - [TEST_STEP][PASSED] - click(findTestObject(path_VT + "a_Find Profile")): Object: 'Object Repository/AdminSuiteBootstrap_Pages/VT_Bootstrap/IssueTransactions/a_Find Profile' is clicked on

2023-09-21 17:19:59 - [MESSAGE][PASSED] - Object: 'Object Repository/AdminSuiteBootstrap_Pages/VT_Bootstrap/IssueTransactions/a_Find Profile' is clicked on

2023-09-21 17:19:59 - [TEST_STEP][PASSED] - criteria = <not implemented yet for class: org.codehaus.groovy.ast.expr.EmptyExpression>: null

2023-09-21 17:19:59 - [TEST_STEP][PASSED] - searchBy = <not implemented yet for class: org.codehaus.groovy.ast.expr.EmptyExpression>: null

2023-09-21 17:19:59 - [TEST_STEP][PASSED] - criteria = findTestData(dataFile).getValue("ProfileName", row): null

2023-09-21 17:20:00 - [TEST_STEP][PASSED] - path_SearchProfile = "Object Repository/AdminSuiteBootstrap_Pages/VSP_Bootstrap/SearchProfile/": null

2023-09-21 17:20:00 - [TEST_STEP][PASSED] - setText(findTestObject(path_SearchProfile + "input_Criteria"), criteria): Text 'PaymentsMC' is set on object 'Object Repository/AdminSuiteBootstrap_Pages/VSP_Bootstrap/SearchProfile/input_Criteria'

2023-09-21 17:20:00 - [MESSAGE][PASSED] - Text 'PaymentsMC' is set on object 'Object Repository/AdminSuiteBootstrap_Pages/VSP_Bootstrap/SearchProfile/input_Criteria'

2023-09-21 17:20:00 - [TEST_STEP][PASSED] - click(findTestObject(path_SearchProfile + "button_Search")): Object: 'Object Repository/AdminSuiteBootstrap_Pages/VSP_Bootstrap/SearchProfile/button_Search' is clicked on

2023-09-21 17:20:01 - [MESSAGE][PASSED] - Object: 'Object Repository/AdminSuiteBootstrap_Pages/VSP_Bootstrap/SearchProfile/button_Search' is clicked on

2023-09-21 17:20:01 - [TEST_STEP][PASSED] - profNameLink = findTestData(dataFile).getValue("ProfileNameLink", row): null

2023-09-21 17:20:01 - [TEST_STEP][PASSED] - click(findTestObject(path_ViewProfile + profNameLink)): Object: 'Object Repository/AdminSuiteBootstrap_Pages/VSP_Bootstrap/View Profile/a_PaymentsMC' is clicked on

2023-09-21 17:20:03 - [MESSAGE][PASSED] - Object: 'Object Repository/AdminSuiteBootstrap_Pages/VSP_Bootstrap/View Profile/a_PaymentsMC' is clicked on

2023-09-21 17:20:03 - [TEST_STEP][PASSED] - click(findTestObject(path_ViewProfile + "a_AuthCap")): Object: 'Object Repository/AdminSuiteBootstrap_Pages/VSP_Bootstrap/View Profile/a_AuthCap' is clicked on

2023-09-21 17:20:04 - [MESSAGE][PASSED] - Object: 'Object Repository/AdminSuiteBootstrap_Pages/VSP_Bootstrap/View Profile/a_AuthCap' is clicked on

2023-09-21 17:20:04 - [TEST_STEP][PASSED] - verifyTextPresent("Credit Card Authorization Capture", true): Text 'Credit Card Authorization Capture' is present on page  using regular expression

2023-09-21 17:20:05 - [MESSAGE][PASSED] - Text 'Credit Card Authorization Capture' is present on page  using regular expression

2023-09-21 17:20:05 - [TEST_STEP][PASSED] - verifyTextPresent("Sale", true): Text 'Sale' is present on page  using regular expression

2023-09-21 17:20:05 - [MESSAGE][PASSED] - Text 'Sale' is present on page  using regular expression

2023-09-21 17:20:05 - [TEST_STEP][PASSED] - verifyTextPresent("Required fields are highlighted with an asterisk", true): Text 'Required fields are highlighted with an asterisk' is present on page  using regular expression

2023-09-21 17:20:05 - [MESSAGE][PASSED] - Text 'Required fields are highlighted with an asterisk' is present on page  using regular expression

2023-09-21 17:20:05 - [TEST_STEP][PASSED] - verifyTextPresent("Remittance ID", true): Text 'Remittance ID' is present on page  using regular expression

2023-09-21 17:20:06 - [MESSAGE][PASSED] - Text 'Remittance ID' is present on page  using regular expression

2023-09-21 17:20:06 - [TEST_STEP][PASSED] - vspBootstrap.SalePage.setDataSaleAndAuth(row, dataFile): vspBootstrap.SalePage.setDataSaleAndAuth is PASSED

2023-09-21 17:20:07 - [MESSAGE][PASSED] - All options with value 'MOTO' are selected in object 'Object Repository/AdminSuiteBootstrap_Pages/VSP_Bootstrap/VSP_Authcap/select_TransactionCategory'  using regular expression

2023-09-21 17:20:08 - [MESSAGE][PASSED] - Text '123' is set on object 'Object Repository/AdminSuiteBootstrap_Pages/VSP_Bootstrap/VSP_Authcap/input_cvv'

2023-09-21 17:20:08 - [MESSAGE][PASSED] - Text '' is set on object 'Object Repository/AdminSuiteBootstrap_Pages/VSP_Bootstrap/VSP_Authcap/input_smsNumber'

2023-09-21 17:20:09 - [MESSAGE][PASSED] - Text '2.50' is set on object 'Object Repository/AdminSuiteBootstrap_Pages/VSP_Bootstrap/VSP_Authcap/input_amount'

2023-09-21 17:20:10 - [MESSAGE][PASSED] - Text 'Delhi' is set on object 'Object Repository/AdminSuiteBootstrap_Pages/VSP_Bootstrap/VSP_Authcap/input_userDefined1'

2023-09-21 17:20:11 - [MESSAGE][PASSED] - Text 'Chennai' is set on object 'Object Repository/AdminSuiteBootstrap_Pages/VSP_Bootstrap/VSP_Authcap/input_userDefined2'

2023-09-21 17:20:11 - [MESSAGE][PASSED] - Text 'Mumbai' is set on object 'Object Repository/AdminSuiteBootstrap_Pages/VSP_Bootstrap/VSP_Authcap/input_userDefined3'

2023-09-21 17:20:12 - [MESSAGE][PASSED] - Text 'Kanpur' is set on object 'Object Repository/AdminSuiteBootstrap_Pages/VSP_Bootstrap/VSP_Authcap/input_userDefined4'

2023-09-21 17:20:13 - [MESSAGE][PASSED] - All options with label 'Orange' are selected in object 'Object Repository/AdminSuiteBootstrap_Pages/VSP_Bootstrap/VSP_Authcap/select_UDF5'  using regular expression

2023-09-21 17:20:14 - [MESSAGE][PASSED] - All options with label 'Yellow' are selected in object 'Object Repository/AdminSuiteBootstrap_Pages/VSP_Bootstrap/VSP_Authcap/select_UDF6'  using regular expression

2023-09-21 17:20:14 - [MESSAGE][PASSED] - Text 'Kolkata' is set on object 'Object Repository/AdminSuiteBootstrap_Pages/VSP_Bootstrap/VSP_Authcap/input_userDefined7'

2023-09-21 17:20:15 - [MESSAGE][PASSED] - Text 'Pune' is set on object 'Object Repository/AdminSuiteBootstrap_Pages/VSP_Bootstrap/VSP_Authcap/input_userDefined8'

2023-09-21 17:20:16 - [MESSAGE][PASSED] - Text 'Bhavnagar' is set on object 'Object Repository/AdminSuiteBootstrap_Pages/VSP_Bootstrap/VSP_Authcap/input_userDefined9'

2023-09-21 17:20:16 - [MESSAGE][PASSED] - Text 'Noida' is set on object 'Object Repository/AdminSuiteBootstrap_Pages/VSP_Bootstrap/VSP_Authcap/input_userDefined10'

2023-09-21 17:20:18 - [MESSAGE][PASSED] - Object: 'Object Repository/AdminSuiteBootstrap_Pages/VSP_Bootstrap/VSP_Authcap/button_Submit' is clicked on

2023-09-21 17:20:18 - [MESSAGE][PASSED] - vspBootstrap.SalePage.setDataSaleAndAuth is PASSED

2023-09-21 17:20:18 - [TEST_STEP][PASSED] - verifyTextPresent("Transaction Successful", true): Text 'Transaction Successful' is present on page  using regular expression

2023-09-21 17:20:18 - [MESSAGE][PASSED] - Text 'Transaction Successful' is present on page  using regular expression

2023-09-21 17:20:18 - [TEST_STEP][PASSED] - verifyElementVisible(findTestObject("Object Repository/AdminSuiteBootstrap_Pages/VT_Bootstrap/Receipt/button_Continue")): Object 'Object Repository/AdminSuiteBootstrap_Pages/VT_Bootstrap/Receipt/button_Continue' is visible

2023-09-21 17:20:19 - [MESSAGE][PASSED] - Object 'Object Repository/AdminSuiteBootstrap_Pages/VT_Bootstrap/Receipt/button_Continue' is visible

2023-09-21 17:20:19 - [TEST_STEP][PASSED] - verifyElementPresent(findTestObject("Object Repository/AdminSuiteBootstrap_Pages/VT_Bootstrap/Receipt/button_Continue"), 20): Object 'Object Repository/AdminSuiteBootstrap_Pages/VT_Bootstrap/Receipt/button_Continue' is present

2023-09-21 17:20:19 - [MESSAGE][PASSED] - Object 'Object Repository/AdminSuiteBootstrap_Pages/VT_Bootstrap/Receipt/button_Continue' is present

2023-09-21 17:20:19 - [TEST_STEP][PASSED] - verifyElementVisible(findTestObject("Object Repository/AdminSuiteBootstrap_Pages/VT_Bootstrap/Receipt/button_Print")): Object 'Object Repository/AdminSuiteBootstrap_Pages/VT_Bootstrap/Receipt/button_Print' is visible

2023-09-21 17:20:19 - [MESSAGE][PASSED] - Object 'Object Repository/AdminSuiteBootstrap_Pages/VT_Bootstrap/Receipt/button_Print' is visible

2023-09-21 17:20:19 - [TEST_STEP][PASSED] - verifyElementPresent(findTestObject("Object Repository/AdminSuiteBootstrap_Pages/VT_Bootstrap/Receipt/button_Print"), 20): Object 'Object Repository/AdminSuiteBootstrap_Pages/VT_Bootstrap/Receipt/button_Print' is present

2023-09-21 17:20:20 - [MESSAGE][PASSED] - Object 'Object Repository/AdminSuiteBootstrap_Pages/VT_Bootstrap/Receipt/button_Print' is present

2023-09-21 17:20:20 - [TEST_STEP][PASSED] - verifyTextPresent("Remittance ID", true): Text 'Remittance ID' is present on page  using regular expression

2023-09-21 17:20:20 - [MESSAGE][PASSED] - Text 'Remittance ID' is present on page  using regular expression

2023-09-21 17:20:20 - [TEST_STEP][PASSED] - verifyTextPresent("Received", true): Text 'Received' is present on page  using regular expression

2023-09-21 17:20:20 - [MESSAGE][PASSED] - Text 'Received' is present on page  using regular expression

2023-09-21 17:20:20 - [TEST_STEP][PASSED] - verifyTextPresent("UDF1", true): Text 'UDF1' is present on page  using regular expression

2023-09-21 17:20:20 - [MESSAGE][PASSED] - Text 'UDF1' is present on page  using regular expression

2023-09-21 17:20:20 - [TEST_STEP][PASSED] - verifyTextPresent("UDF2", true): Text 'UDF2' is present on page  using regular expression

2023-09-21 17:20:21 - [MESSAGE][PASSED] - Text 'UDF2' is present on page  using regular expression

2023-09-21 17:20:21 - [TEST_STEP][PASSED] - verifyTextPresent("UDF3", true): Text 'UDF3' is present on page  using regular expression

2023-09-21 17:20:21 - [MESSAGE][PASSED] - Text 'UDF3' is present on page  using regular expression

2023-09-21 17:20:21 - [TEST_STEP][PASSED] - verifyTextPresent("UDF4", true): Text 'UDF4' is present on page  using regular expression

2023-09-21 17:20:21 - [MESSAGE][PASSED] - Text 'UDF4' is present on page  using regular expression

2023-09-21 17:20:21 - [TEST_STEP][PASSED] - verifyTextPresent("UDF5", true): Text 'UDF5' is present on page  using regular expression

2023-09-21 17:20:22 - [MESSAGE][PASSED] - Text 'UDF5' is present on page  using regular expression

2023-09-21 17:20:22 - [TEST_STEP][PASSED] - verifyTextPresent("UDF6", true): Text 'UDF6' is present on page  using regular expression

2023-09-21 17:20:22 - [MESSAGE][PASSED] - Text 'UDF6' is present on page  using regular expression

2023-09-21 17:20:22 - [TEST_STEP][PASSED] - verifyTextPresent("UDF7", true): Text 'UDF7' is present on page  using regular expression

2023-09-21 17:20:22 - [MESSAGE][PASSED] - Text 'UDF7' is present on page  using regular expression

2023-09-21 17:20:22 - [TEST_STEP][PASSED] - verifyTextPresent("UDF8", true): Text 'UDF8' is present on page  using regular expression

2023-09-21 17:20:23 - [MESSAGE][PASSED] - Text 'UDF8' is present on page  using regular expression

2023-09-21 17:20:23 - [TEST_STEP][PASSED] - verifyTextPresent("UDF9", true): Text 'UDF9' is present on page  using regular expression

2023-09-21 17:20:23 - [MESSAGE][PASSED] - Text 'UDF9' is present on page  using regular expression

2023-09-21 17:20:23 - [TEST_STEP][PASSED] - verifyTextPresent("UDF 10", true): Text 'UDF 10' is present on page  using regular expression

2023-09-21 17:20:23 - [MESSAGE][PASSED] - Text 'UDF 10' is present on page  using regular expression

2023-09-21 17:20:23 - [TEST_STEP][PASSED] - verifyTextPresent("Delhi", true): Text 'Delhi' is present on page  using regular expression

2023-09-21 17:20:23 - [MESSAGE][PASSED] - Text 'Delhi' is present on page  using regular expression

2023-09-21 17:20:23 - [TEST_STEP][PASSED] - verifyTextPresent("Chennai", true): Text 'Chennai' is present on page  using regular expression

2023-09-21 17:20:24 - [MESSAGE][PASSED] - Text 'Chennai' is present on page  using regular expression

2023-09-21 17:20:24 - [TEST_STEP][PASSED] - verifyTextPresent("Mumbai", true): Text 'Mumbai' is present on page  using regular expression

2023-09-21 17:20:24 - [MESSAGE][PASSED] - Text 'Mumbai' is present on page  using regular expression

2023-09-21 17:20:24 - [TEST_STEP][PASSED] - verifyTextPresent("Kanpur", true): Text 'Kanpur' is present on page  using regular expression

2023-09-21 17:20:24 - [MESSAGE][PASSED] - Text 'Kanpur' is present on page  using regular expression

2023-09-21 17:20:24 - [TEST_STEP][PASSED] - verifyTextPresent("Orange Recorded", true): Text 'Orange Recorded' is present on page  using regular expression

2023-09-21 17:20:25 - [MESSAGE][PASSED] - Text 'Orange Recorded' is present on page  using regular expression

2023-09-21 17:20:25 - [TEST_STEP][PASSED] - verifyTextPresent("Yellow Recorded", true): Text 'Yellow Recorded' is present on page  using regular expression

2023-09-21 17:20:25 - [MESSAGE][PASSED] - Text 'Yellow Recorded' is present on page  using regular expression

2023-09-21 17:20:25 - [TEST_STEP][PASSED] - verifyTextPresent("Kolkata", true): Text 'Kolkata' is present on page  using regular expression

2023-09-21 17:20:25 - [MESSAGE][PASSED] - Text 'Kolkata' is present on page  using regular expression

2023-09-21 17:20:25 - [TEST_STEP][PASSED] - verifyTextPresent("Pune", true): Text 'Pune' is present on page  using regular expression

2023-09-21 17:20:26 - [MESSAGE][PASSED] - Text 'Pune' is present on page  using regular expression

2023-09-21 17:20:26 - [TEST_STEP][PASSED] - verifyTextPresent("Bhavnagar", true): Text 'Bhavnagar' is present on page  using regular expression

2023-09-21 17:20:26 - [MESSAGE][PASSED] - Text 'Bhavnagar' is present on page  using regular expression

2023-09-21 17:20:26 - [TEST_STEP][PASSED] - verifyTextPresent("Noida", true): Text 'Noida' is present on page  using regular expression

2023-09-21 17:20:26 - [MESSAGE][PASSED] - Text 'Noida' is present on page  using regular expression

2023-09-21 17:20:26 - [TEST_STEP][PASSED] - verifyTextPresent("Amount", true): Text 'Amount' is present on page  using regular expression

2023-09-21 17:20:26 - [MESSAGE][PASSED] - Text 'Amount' is present on page  using regular expression

2023-09-21 17:20:26 - [TEST_STEP][PASSED] - verifyTextPresent("2.50", true): Text '2.50' is present on page  using regular expression

2023-09-21 17:20:27 - [MESSAGE][PASSED] - Text '2.50' is present on page  using regular expression

2023-09-21 17:20:27 - [TEST_STEP][PASSED] - verifyTextPresent("Authorization and Capture", true): Text 'Authorization and Capture' is present on page  using regular expression

2023-09-21 17:20:27 - [MESSAGE][PASSED] - Text 'Authorization and Capture' is present on page  using regular expression

2023-09-21 17:20:27 - [TEST_STEP][PASSED] - verifyTextPresent("Card Information", true): Text 'Card Information' is present on page  using regular expression

2023-09-21 17:20:27 - [MESSAGE][PASSED] - Text 'Card Information' is present on page  using regular expression

2023-09-21 17:20:27 - [TEST_STEP][PASSED] - verifyTextPresent("TANDON RAVENA", true): Text 'TANDON RAVENA' is present on page  using regular expression

2023-09-21 17:20:28 - [MESSAGE][PASSED] - Text 'TANDON RAVENA' is present on page  using regular expression

2023-09-21 17:20:28 - [TEST_STEP][PASSED] - verifyTextPresent("Address Line 1", true): Text 'Address Line 1' is present on page  using regular expression

2023-09-21 17:20:28 - [MESSAGE][PASSED] - Text 'Address Line 1' is present on page  using regular expression

2023-09-21 17:20:28 - [TEST_STEP][PASSED] - verifyTextPresent("Address Line 2", true): Text 'Address Line 2' is present on page  using regular expression

2023-09-21 17:20:28 - [MESSAGE][PASSED] - Text 'Address Line 2' is present on page  using regular expression

2023-09-21 17:20:28 - [TEST_STEP][PASSED] - verifyTextPresent("Country", true): Text 'Country' is present on page  using regular expression

2023-09-21 17:20:29 - [MESSAGE][PASSED] - Text 'Country' is present on page  using regular expression

2023-09-21 17:20:29 - [TEST_STEP][PASSED] - verifyTextPresent("City", true): Text 'City' is present on page  using regular expression

2023-09-21 17:20:29 - [MESSAGE][PASSED] - Text 'City' is present on page  using regular expression

2023-09-21 17:20:29 - [TEST_STEP][PASSED] - verifyTextPresent("State", true): Text 'State' is present on page  using regular expression

2023-09-21 17:20:29 - [MESSAGE][PASSED] - Text 'State' is present on page  using regular expression

2023-09-21 17:20:29 - [TEST_STEP][PASSED] - verifyTextPresent("ZIP Code", true): Text 'ZIP Code' is present on page  using regular expression

2023-09-21 17:20:29 - [MESSAGE][PASSED] - Text 'ZIP Code' is present on page  using regular expression

2023-09-21 17:20:29 - [TEST_STEP][PASSED] - verifyTextPresent("248 PhoolKaante road", true): Text '248 PhoolKaante road' is present on page  using regular expression

2023-09-21 17:20:30 - [MESSAGE][PASSED] - Text '248 PhoolKaante road' is present on page  using regular expression

2023-09-21 17:20:30 - [TEST_STEP][PASSED] - verifyTextPresent("Suite 678", true): Text 'Suite 678' is present on page  using regular expression

2023-09-21 17:20:30 - [MESSAGE][PASSED] - Text 'Suite 678' is present on page  using regular expression

2023-09-21 17:20:30 - [TEST_STEP][PASSED] - verifyTextPresent("United States", true): Text 'United States' is present on page  using regular expression

2023-09-21 17:20:30 - [MESSAGE][PASSED] - Text 'United States' is present on page  using regular expression

2023-09-21 17:20:30 - [TEST_STEP][PASSED] - verifyTextPresent("ARLINGTON", true): Text 'ARLINGTON' is present on page  using regular expression

2023-09-21 17:20:31 - [MESSAGE][PASSED] - Text 'ARLINGTON' is present on page  using regular expression

2023-09-21 17:20:31 - [TEST_STEP][PASSED] - verifyTextPresent("VA", true): Text 'VA' is present on page  using regular expression

2023-09-21 17:20:31 - [MESSAGE][PASSED] - Text 'VA' is present on page  using regular expression

2023-09-21 17:20:31 - [TEST_STEP][PASSED] - verifyTextPresent("22201", true): Text '22201' is present on page  using regular expression

2023-09-21 17:20:31 - [MESSAGE][PASSED] - Text '22201' is present on page  using regular expression

2023-09-21 17:20:31 - [TEST_STEP][PASSED] - cardTypeV = findTestData(dataFile).getValue("CardType", row): null

2023-09-21 17:20:31 - [TEST_STEP][PASSED] - last4V = findTestData(dataFile).getValue("Last4", row): null

2023-09-21 17:20:31 - [TEST_STEP][PASSED] - verifyTextPresent(cardTypeV, true): Text 'MasterCard' is present on page  using regular expression

2023-09-21 17:20:32 - [MESSAGE][PASSED] - Text 'MasterCard' is present on page  using regular expression

2023-09-21 17:20:32 - [TEST_STEP][PASSED] - verifyTextPresent(last4V, true): Text '0035' is present on page  using regular expression

2023-09-21 17:20:32 - [MESSAGE][PASSED] - Text '0035' is present on page  using regular expression

2023-09-21 17:20:32 - [TEST_STEP][PASSED] - switch (appName): null

2023-09-21 17:20:32 - [TEST_STEP][PASSED] - case "a_Access AutoSingleCFtpQA":: null

2023-09-21 17:20:32 - [TEST_STEP][PASSED] - verifyTextPresent("5.00", true): Text '5.00' is present on page  using regular expression

2023-09-21 17:20:32 - [MESSAGE][PASSED] - Text '5.00' is present on page  using regular expression

2023-09-21 17:20:32 - [TEST_STEP][PASSED] - verifyTextPresent("Single Transaction", true): Text 'Single Transaction' is present on page  using regular expression

2023-09-21 17:20:33 - [MESSAGE][PASSED] - Text 'Single Transaction' is present on page  using regular expression

2023-09-21 17:20:33 - [TEST_STEP][PASSED] - verifyTextPresent("7.50", true): Text '7.50' is present on page  using regular expression

2023-09-21 17:20:33 - [MESSAGE][PASSED] - Text '7.50' is present on page  using regular expression

2023-09-21 17:20:33 - [TEST_STEP][PASSED] - verifyTextPresent("Total Amount", true): Text 'Total Amount' is present on page  using regular expression

2023-09-21 17:20:33 - [MESSAGE][PASSED] - Text 'Total Amount' is present on page  using regular expression

2023-09-21 17:20:33 - [TEST_STEP][PASSED] - verifyTextPresent("Transaction Type", true): Text 'Transaction Type' is present on page  using regular expression

2023-09-21 17:20:33 - [MESSAGE][PASSED] - Text 'Transaction Type' is present on page  using regular expression

2023-09-21 17:20:33 - [TEST_STEP][PASSED] - break: null

2023-09-21 17:20:33 - [TEST_STEP][PASSED] - closeBrowser(): Browser is closed

2023-09-21 17:20:34 - [MESSAGE][PASSED] - Browser is closed

2023-09-21 17:20:34 - [TEST_STEP][PASSED] - ExecuteTC = findTestData(dataFile).getValue("Execute", row): null

2023-09-21 17:20:34 - [TEST_STEP][PASSED] - out.println("Value of Execute is : " + ExecuteTC): null

2023-09-21 17:20:34 - [TEST_STEP][PASSED] - switch (executionProfile): null

2023-09-21 17:20:34 - [TEST_STEP][PASSED] - case "QA2Profile":: null

2023-09-21 17:20:34 - [TEST_STEP][PASSED] - appName = findTestData(dataFile).getValue("AppNameQA", row): null

2023-09-21 17:20:34 - [TEST_STEP][PASSED] - appID = findTestData(dataFile).getValue("AppIDQA", row): null

2023-09-21 17:20:34 - [TEST_STEP][PASSED] - break: null

2023-09-21 17:20:34 - [TEST_STEP][PASSED] - if (ExecuteTC.equalsIgnoreCase("Y")): null

2023-09-21 17:20:34 - [TEST_STEP][PASSED] - out.println("Begin Record Number: " + row): null

2023-09-21 17:20:34 - [TEST_STEP][PASSED] - today = new java.util.Date(): null

2023-09-21 17:20:34 - [TEST_STEP][PASSED] - println(today): null

2023-09-21 17:20:34 - [TEST_STEP][PASSED] - datText = today: null

2023-09-21 17:20:34 - [TEST_STEP][PASSED] - adminSuiteBootstrap.loginFunctionality.login_AdminSuite(): adminSuiteBootstrap.loginFunctionality.login_AdminSuite is PASSED

2023-09-21 17:20:34 - [MESSAGE][INFO] - Starting 'Chrome' driver

2023-09-21 17:20:34 - [MESSAGE][INFO] - User set preference: ['acceptInsecureCerts', 'true']

2023-09-21 17:20:35 - [MESSAGE][INFO] - Action delay is set to 0 milliseconds

2023-09-21 17:20:37 - [MESSAGE][PASSED] - Browser is opened with url: 'https://qa2.velocitypayment.com/admin/imtiaz'

2023-09-21 17:20:38 - [MESSAGE][PASSED] - Current window maximized

2023-09-21 17:20:38 - [MESSAGE][PASSED] - Object 'Object Repository/Login_Page/Login_Username_Okta' is present

2023-09-21 17:20:39 - [MESSAGE][PASSED] - Text 'iahmed' is set on object 'Object Repository/Login_Page/Login_Username_Okta'

2023-09-21 17:20:39 - [MESSAGE][PASSED] - Text 'Hello1111111@' is set on object 'Object Repository/Login_Page/Login_Password_Okta'

2023-09-21 17:20:40 - [MESSAGE][PASSED] - Object: 'Object Repository/Login_Page/Login_Submit_Okta' is clicked on

2023-09-21 17:20:40 - [MESSAGE][PASSED] - adminSuiteBootstrap.loginFunctionality.login_AdminSuite is PASSED

2023-09-21 17:20:40 - [TEST_STEP][PASSED] - click(findTestObject(path_Dashboard + appName)): Object: 'Object Repository/AdminSuiteBootstrap_Pages/Dashboard_Bootstrap/a_Access AutoSingleCFtpQA' is clicked on

2023-09-21 17:20:46 - [MESSAGE][PASSED] - Object: 'Object Repository/AdminSuiteBootstrap_Pages/Dashboard_Bootstrap/a_Access AutoSingleCFtpQA' is clicked on

2023-09-21 17:20:46 - [TEST_STEP][PASSED] - click(findTestObject(path_VT + "a_Find Profile")): Object: 'Object Repository/AdminSuiteBootstrap_Pages/VT_Bootstrap/IssueTransactions/a_Find Profile' is clicked on

2023-09-21 17:20:47 - [MESSAGE][PASSED] - Object: 'Object Repository/AdminSuiteBootstrap_Pages/VT_Bootstrap/IssueTransactions/a_Find Profile' is clicked on

2023-09-21 17:20:47 - [TEST_STEP][PASSED] - criteria = <not implemented yet for class: org.codehaus.groovy.ast.expr.EmptyExpression>: null

2023-09-21 17:20:47 - [TEST_STEP][PASSED] - searchBy = <not implemented yet for class: org.codehaus.groovy.ast.expr.EmptyExpression>: null

2023-09-21 17:20:47 - [TEST_STEP][PASSED] - criteria = findTestData(dataFile).getValue("ProfileName", row): null

2023-09-21 17:20:47 - [TEST_STEP][PASSED] - path_SearchProfile = "Object Repository/AdminSuiteBootstrap_Pages/VSP_Bootstrap/SearchProfile/": null

2023-09-21 17:20:47 - [TEST_STEP][PASSED] - setText(findTestObject(path_SearchProfile + "input_Criteria"), criteria): Text 'PaymentsAmEx' is set on object 'Object Repository/AdminSuiteBootstrap_Pages/VSP_Bootstrap/SearchProfile/input_Criteria'

2023-09-21 17:20:48 - [MESSAGE][PASSED] - Text 'PaymentsAmEx' is set on object 'Object Repository/AdminSuiteBootstrap_Pages/VSP_Bootstrap/SearchProfile/input_Criteria'

2023-09-21 17:20:48 - [TEST_STEP][PASSED] - click(findTestObject(path_SearchProfile + "button_Search")): Object: 'Object Repository/AdminSuiteBootstrap_Pages/VSP_Bootstrap/SearchProfile/button_Search' is clicked on

2023-09-21 17:20:48 - [MESSAGE][PASSED] - Object: 'Object Repository/AdminSuiteBootstrap_Pages/VSP_Bootstrap/SearchProfile/button_Search' is clicked on

2023-09-21 17:20:48 - [TEST_STEP][PASSED] - profNameLink = findTestData(dataFile).getValue("ProfileNameLink", row): null

2023-09-21 17:20:48 - [TEST_STEP][PASSED] - click(findTestObject(path_ViewProfile + profNameLink)): Object: 'Object Repository/AdminSuiteBootstrap_Pages/VSP_Bootstrap/View Profile/a_PaymentsAmEx' is clicked on

2023-09-21 17:20:50 - [MESSAGE][PASSED] - Object: 'Object Repository/AdminSuiteBootstrap_Pages/VSP_Bootstrap/View Profile/a_PaymentsAmEx' is clicked on

2023-09-21 17:20:50 - [TEST_STEP][PASSED] - click(findTestObject(path_ViewProfile + "a_AuthCap")): Object: 'Object Repository/AdminSuiteBootstrap_Pages/VSP_Bootstrap/View Profile/a_AuthCap' is clicked on

2023-09-21 17:20:51 - [MESSAGE][PASSED] - Object: 'Object Repository/AdminSuiteBootstrap_Pages/VSP_Bootstrap/View Profile/a_AuthCap' is clicked on

2023-09-21 17:20:51 - [TEST_STEP][PASSED] - verifyTextPresent("Credit Card Authorization Capture", true): Text 'Credit Card Authorization Capture' is present on page  using regular expression

2023-09-21 17:20:52 - [MESSAGE][PASSED] - Text 'Credit Card Authorization Capture' is present on page  using regular expression

2023-09-21 17:20:52 - [TEST_STEP][PASSED] - verifyTextPresent("Sale", true): Text 'Sale' is present on page  using regular expression

2023-09-21 17:20:52 - [MESSAGE][PASSED] - Text 'Sale' is present on page  using regular expression

2023-09-21 17:20:52 - [TEST_STEP][PASSED] - verifyTextPresent("Required fields are highlighted with an asterisk", true): Text 'Required fields are highlighted with an asterisk' is present on page  using regular expression

2023-09-21 17:20:53 - [MESSAGE][PASSED] - Text 'Required fields are highlighted with an asterisk' is present on page  using regular expression

2023-09-21 17:20:53 - [TEST_STEP][PASSED] - verifyTextPresent("Remittance ID", true): Text 'Remittance ID' is present on page  using regular expression

2023-09-21 17:20:53 - [MESSAGE][PASSED] - Text 'Remittance ID' is present on page  using regular expression

2023-09-21 17:20:53 - [TEST_STEP][PASSED] - vspBootstrap.SalePage.setDataSaleAndAuth(row, dataFile): vspBootstrap.SalePage.setDataSaleAndAuth is PASSED

2023-09-21 17:20:54 - [MESSAGE][PASSED] - All options with value 'MOTO' are selected in object 'Object Repository/AdminSuiteBootstrap_Pages/VSP_Bootstrap/VSP_Authcap/select_TransactionCategory'  using regular expression

2023-09-21 17:20:55 - [MESSAGE][PASSED] - Text '1234' is set on object 'Object Repository/AdminSuiteBootstrap_Pages/VSP_Bootstrap/VSP_Authcap/input_cvv'

2023-09-21 17:20:56 - [MESSAGE][PASSED] - Text '' is set on object 'Object Repository/AdminSuiteBootstrap_Pages/VSP_Bootstrap/VSP_Authcap/input_smsNumber'

2023-09-21 17:20:56 - [MESSAGE][PASSED] - Text '2.50' is set on object 'Object Repository/AdminSuiteBootstrap_Pages/VSP_Bootstrap/VSP_Authcap/input_amount'

2023-09-21 17:20:57 - [MESSAGE][PASSED] - Text 'Delhi' is set on object 'Object Repository/AdminSuiteBootstrap_Pages/VSP_Bootstrap/VSP_Authcap/input_userDefined1'

2023-09-21 17:20:58 - [MESSAGE][PASSED] - Text 'Chennai' is set on object 'Object Repository/AdminSuiteBootstrap_Pages/VSP_Bootstrap/VSP_Authcap/input_userDefined2'

2023-09-21 17:20:59 - [MESSAGE][PASSED] - Text 'Mumbai' is set on object 'Object Repository/AdminSuiteBootstrap_Pages/VSP_Bootstrap/VSP_Authcap/input_userDefined3'

2023-09-21 17:20:59 - [MESSAGE][PASSED] - Text 'Kanpur' is set on object 'Object Repository/AdminSuiteBootstrap_Pages/VSP_Bootstrap/VSP_Authcap/input_userDefined4'

2023-09-21 17:21:00 - [MESSAGE][PASSED] - All options with label 'Orange' are selected in object 'Object Repository/AdminSuiteBootstrap_Pages/VSP_Bootstrap/VSP_Authcap/select_UDF5'  using regular expression

2023-09-21 17:21:01 - [MESSAGE][PASSED] - All options with label 'Yellow' are selected in object 'Object Repository/AdminSuiteBootstrap_Pages/VSP_Bootstrap/VSP_Authcap/select_UDF6'  using regular expression

2023-09-21 17:21:02 - [MESSAGE][PASSED] - Text 'Kolkata' is set on object 'Object Repository/AdminSuiteBootstrap_Pages/VSP_Bootstrap/VSP_Authcap/input_userDefined7'

2023-09-21 17:21:02 - [MESSAGE][PASSED] - Text 'Pune' is set on object 'Object Repository/AdminSuiteBootstrap_Pages/VSP_Bootstrap/VSP_Authcap/input_userDefined8'

2023-09-21 17:21:03 - [MESSAGE][PASSED] - Text 'Bhavnagar' is set on object 'Object Repository/AdminSuiteBootstrap_Pages/VSP_Bootstrap/VSP_Authcap/input_userDefined9'

2023-09-21 17:21:03 - [MESSAGE][PASSED] - Text 'Noida' is set on object 'Object Repository/AdminSuiteBootstrap_Pages/VSP_Bootstrap/VSP_Authcap/input_userDefined10'

2023-09-21 17:21:05 - [MESSAGE][PASSED] - Object: 'Object Repository/AdminSuiteBootstrap_Pages/VSP_Bootstrap/VSP_Authcap/button_Submit' is clicked on

2023-09-21 17:21:05 - [MESSAGE][PASSED] - vspBootstrap.SalePage.setDataSaleAndAuth is PASSED

2023-09-21 17:21:05 - [TEST_STEP][PASSED] - verifyTextPresent("Transaction Successful", true): Text 'Transaction Successful' is present on page  using regular expression

2023-09-21 17:21:05 - [MESSAGE][PASSED] - Text 'Transaction Successful' is present on page  using regular expression

2023-09-21 17:21:05 - [TEST_STEP][PASSED] - verifyElementVisible(findTestObject("Object Repository/AdminSuiteBootstrap_Pages/VT_Bootstrap/Receipt/button_Continue")): Object 'Object Repository/AdminSuiteBootstrap_Pages/VT_Bootstrap/Receipt/button_Continue' is visible

2023-09-21 17:21:06 - [MESSAGE][PASSED] - Object 'Object Repository/AdminSuiteBootstrap_Pages/VT_Bootstrap/Receipt/button_Continue' is visible

2023-09-21 17:21:06 - [TEST_STEP][PASSED] - verifyElementPresent(findTestObject("Object Repository/AdminSuiteBootstrap_Pages/VT_Bootstrap/Receipt/button_Continue"), 20): Object 'Object Repository/AdminSuiteBootstrap_Pages/VT_Bootstrap/Receipt/button_Continue' is present

2023-09-21 17:21:06 - [MESSAGE][PASSED] - Object 'Object Repository/AdminSuiteBootstrap_Pages/VT_Bootstrap/Receipt/button_Continue' is present

2023-09-21 17:21:06 - [TEST_STEP][PASSED] - verifyElementVisible(findTestObject("Object Repository/AdminSuiteBootstrap_Pages/VT_Bootstrap/Receipt/button_Print")): Object 'Object Repository/AdminSuiteBootstrap_Pages/VT_Bootstrap/Receipt/button_Print' is visible

2023-09-21 17:21:06 - [MESSAGE][PASSED] - Object 'Object Repository/AdminSuiteBootstrap_Pages/VT_Bootstrap/Receipt/button_Print' is visible

2023-09-21 17:21:06 - [TEST_STEP][PASSED] - verifyElementPresent(findTestObject("Object Repository/AdminSuiteBootstrap_Pages/VT_Bootstrap/Receipt/button_Print"), 20): Object 'Object Repository/AdminSuiteBootstrap_Pages/VT_Bootstrap/Receipt/button_Print' is present

2023-09-21 17:21:07 - [MESSAGE][PASSED] - Object 'Object Repository/AdminSuiteBootstrap_Pages/VT_Bootstrap/Receipt/button_Print' is present

2023-09-21 17:21:07 - [TEST_STEP][PASSED] - verifyTextPresent("Remittance ID", true): Text 'Remittance ID' is present on page  using regular expression

2023-09-21 17:21:07 - [MESSAGE][PASSED] - Text 'Remittance ID' is present on page  using regular expression

2023-09-21 17:21:07 - [TEST_STEP][PASSED] - verifyTextPresent("Received", true): Text 'Received' is present on page  using regular expression

2023-09-21 17:21:07 - [MESSAGE][PASSED] - Text 'Received' is present on page  using regular expression

2023-09-21 17:21:07 - [TEST_STEP][PASSED] - verifyTextPresent("UDF1", true): Text 'UDF1' is present on page  using regular expression

2023-09-21 17:21:08 - [MESSAGE][PASSED] - Text 'UDF1' is present on page  using regular expression

2023-09-21 17:21:08 - [TEST_STEP][PASSED] - verifyTextPresent("UDF2", true): Text 'UDF2' is present on page  using regular expression

2023-09-21 17:21:08 - [MESSAGE][PASSED] - Text 'UDF2' is present on page  using regular expression

2023-09-21 17:21:08 - [TEST_STEP][PASSED] - verifyTextPresent("UDF3", true): Text 'UDF3' is present on page  using regular expression

2023-09-21 17:21:08 - [MESSAGE][PASSED] - Text 'UDF3' is present on page  using regular expression

2023-09-21 17:21:08 - [TEST_STEP][PASSED] - verifyTextPresent("UDF4", true): Text 'UDF4' is present on page  using regular expression

2023-09-21 17:21:08 - [MESSAGE][PASSED] - Text 'UDF4' is present on page  using regular expression

2023-09-21 17:21:08 - [TEST_STEP][PASSED] - verifyTextPresent("UDF5", true): Text 'UDF5' is present on page  using regular expression

2023-09-21 17:21:09 - [MESSAGE][PASSED] - Text 'UDF5' is present on page  using regular expression

2023-09-21 17:21:09 - [TEST_STEP][PASSED] - verifyTextPresent("UDF6", true): Text 'UDF6' is present on page  using regular expression

2023-09-21 17:21:09 - [MESSAGE][PASSED] - Text 'UDF6' is present on page  using regular expression

2023-09-21 17:21:09 - [TEST_STEP][PASSED] - verifyTextPresent("UDF7", true): Text 'UDF7' is present on page  using regular expression

2023-09-21 17:21:09 - [MESSAGE][PASSED] - Text 'UDF7' is present on page  using regular expression

2023-09-21 17:21:09 - [TEST_STEP][PASSED] - verifyTextPresent("UDF8", true): Text 'UDF8' is present on page  using regular expression

2023-09-21 17:21:10 - [MESSAGE][PASSED] - Text 'UDF8' is present on page  using regular expression

2023-09-21 17:21:10 - [TEST_STEP][PASSED] - verifyTextPresent("UDF9", true): Text 'UDF9' is present on page  using regular expression

2023-09-21 17:21:10 - [MESSAGE][PASSED] - Text 'UDF9' is present on page  using regular expression

2023-09-21 17:21:10 - [TEST_STEP][PASSED] - verifyTextPresent("UDF 10", true): Text 'UDF 10' is present on page  using regular expression

2023-09-21 17:21:10 - [MESSAGE][PASSED] - Text 'UDF 10' is present on page  using regular expression

2023-09-21 17:21:10 - [TEST_STEP][PASSED] - verifyTextPresent("Delhi", true): Text 'Delhi' is present on page  using regular expression

2023-09-21 17:21:11 - [MESSAGE][PASSED] - Text 'Delhi' is present on page  using regular expression

2023-09-21 17:21:11 - [TEST_STEP][PASSED] - verifyTextPresent("Chennai", true): Text 'Chennai' is present on page  using regular expression

2023-09-21 17:21:11 - [MESSAGE][PASSED] - Text 'Chennai' is present on page  using regular expression

2023-09-21 17:21:11 - [TEST_STEP][PASSED] - verifyTextPresent("Mumbai", true): Text 'Mumbai' is present on page  using regular expression

2023-09-21 17:21:11 - [MESSAGE][PASSED] - Text 'Mumbai' is present on page  using regular expression

2023-09-21 17:21:11 - [TEST_STEP][PASSED] - verifyTextPresent("Kanpur", true): Text 'Kanpur' is present on page  using regular expression

2023-09-21 17:21:11 - [MESSAGE][PASSED] - Text 'Kanpur' is present on page  using regular expression

2023-09-21 17:21:11 - [TEST_STEP][PASSED] - verifyTextPresent("Orange Recorded", true): Text 'Orange Recorded' is present on page  using regular expression

2023-09-21 17:21:12 - [MESSAGE][PASSED] - Text 'Orange Recorded' is present on page  using regular expression

2023-09-21 17:21:12 - [TEST_STEP][PASSED] - verifyTextPresent("Yellow Recorded", true): Text 'Yellow Recorded' is present on page  using regular expression

2023-09-21 17:21:12 - [MESSAGE][PASSED] - Text 'Yellow Recorded' is present on page  using regular expression

2023-09-21 17:21:12 - [TEST_STEP][PASSED] - verifyTextPresent("Kolkata", true): Text 'Kolkata' is present on page  using regular expression

2023-09-21 17:21:12 - [MESSAGE][PASSED] - Text 'Kolkata' is present on page  using regular expression

2023-09-21 17:21:12 - [TEST_STEP][PASSED] - verifyTextPresent("Pune", true): Text 'Pune' is present on page  using regular expression

2023-09-21 17:21:13 - [MESSAGE][PASSED] - Text 'Pune' is present on page  using regular expression

2023-09-21 17:21:13 - [TEST_STEP][PASSED] - verifyTextPresent("Bhavnagar", true): Text 'Bhavnagar' is present on page  using regular expression

2023-09-21 17:21:13 - [MESSAGE][PASSED] - Text 'Bhavnagar' is present on page  using regular expression

2023-09-21 17:21:13 - [TEST_STEP][PASSED] - verifyTextPresent("Noida", true): Text 'Noida' is present on page  using regular expression

2023-09-21 17:21:13 - [MESSAGE][PASSED] - Text 'Noida' is present on page  using regular expression

2023-09-21 17:21:13 - [TEST_STEP][PASSED] - verifyTextPresent("Amount", true): Text 'Amount' is present on page  using regular expression

2023-09-21 17:21:14 - [MESSAGE][PASSED] - Text 'Amount' is present on page  using regular expression

2023-09-21 17:21:14 - [TEST_STEP][PASSED] - verifyTextPresent("2.50", true): Text '2.50' is present on page  using regular expression

2023-09-21 17:21:14 - [MESSAGE][PASSED] - Text '2.50' is present on page  using regular expression

2023-09-21 17:21:14 - [TEST_STEP][PASSED] - verifyTextPresent("Authorization and Capture", true): Text 'Authorization and Capture' is present on page  using regular expression

2023-09-21 17:21:14 - [MESSAGE][PASSED] - Text 'Authorization and Capture' is present on page  using regular expression

2023-09-21 17:21:14 - [TEST_STEP][PASSED] - verifyTextPresent("Card Information", true): Text 'Card Information' is present on page  using regular expression

2023-09-21 17:21:14 - [MESSAGE][PASSED] - Text 'Card Information' is present on page  using regular expression

2023-09-21 17:21:14 - [TEST_STEP][PASSED] - verifyTextPresent("TANDON RAVENA", true): Text 'TANDON RAVENA' is present on page  using regular expression

2023-09-21 17:21:15 - [MESSAGE][PASSED] - Text 'TANDON RAVENA' is present on page  using regular expression

2023-09-21 17:21:15 - [TEST_STEP][PASSED] - verifyTextPresent("Address Line 1", true): Text 'Address Line 1' is present on page  using regular expression

2023-09-21 17:21:15 - [MESSAGE][PASSED] - Text 'Address Line 1' is present on page  using regular expression

2023-09-21 17:21:15 - [TEST_STEP][PASSED] - verifyTextPresent("Address Line 2", true): Text 'Address Line 2' is present on page  using regular expression

2023-09-21 17:21:15 - [MESSAGE][PASSED] - Text 'Address Line 2' is present on page  using regular expression

2023-09-21 17:21:15 - [TEST_STEP][PASSED] - verifyTextPresent("Country", true): Text 'Country' is present on page  using regular expression

2023-09-21 17:21:16 - [MESSAGE][PASSED] - Text 'Country' is present on page  using regular expression

2023-09-21 17:21:16 - [TEST_STEP][PASSED] - verifyTextPresent("City", true): Text 'City' is present on page  using regular expression

2023-09-21 17:21:16 - [MESSAGE][PASSED] - Text 'City' is present on page  using regular expression

2023-09-21 17:21:16 - [TEST_STEP][PASSED] - verifyTextPresent("State", true): Text 'State' is present on page  using regular expression

2023-09-21 17:21:16 - [MESSAGE][PASSED] - Text 'State' is present on page  using regular expression

2023-09-21 17:21:16 - [TEST_STEP][PASSED] - verifyTextPresent("ZIP Code", true): Text 'ZIP Code' is present on page  using regular expression

2023-09-21 17:21:17 - [MESSAGE][PASSED] - Text 'ZIP Code' is present on page  using regular expression

2023-09-21 17:21:17 - [TEST_STEP][PASSED] - verifyTextPresent("248 PhoolKaante road", true): Text '248 PhoolKaante road' is present on page  using regular expression

2023-09-21 17:21:17 - [MESSAGE][PASSED] - Text '248 PhoolKaante road' is present on page  using regular expression

2023-09-21 17:21:17 - [TEST_STEP][PASSED] - verifyTextPresent("Suite 678", true): Text 'Suite 678' is present on page  using regular expression

2023-09-21 17:21:17 - [MESSAGE][PASSED] - Text 'Suite 678' is present on page  using regular expression

2023-09-21 17:21:17 - [TEST_STEP][PASSED] - verifyTextPresent("United States", true): Text 'United States' is present on page  using regular expression

2023-09-21 17:21:17 - [MESSAGE][PASSED] - Text 'United States' is present on page  using regular expression

2023-09-21 17:21:17 - [TEST_STEP][PASSED] - verifyTextPresent("ARLINGTON", true): Text 'ARLINGTON' is present on page  using regular expression

2023-09-21 17:21:18 - [MESSAGE][PASSED] - Text 'ARLINGTON' is present on page  using regular expression

2023-09-21 17:21:18 - [TEST_STEP][PASSED] - verifyTextPresent("VA", true): Text 'VA' is present on page  using regular expression

2023-09-21 17:21:18 - [MESSAGE][PASSED] - Text 'VA' is present on page  using regular expression

2023-09-21 17:21:18 - [TEST_STEP][PASSED] - verifyTextPresent("22201", true): Text '22201' is present on page  using regular expression

2023-09-21 17:21:18 - [MESSAGE][PASSED] - Text '22201' is present on page  using regular expression

2023-09-21 17:21:18 - [TEST_STEP][PASSED] - cardTypeV = findTestData(dataFile).getValue("CardType", row): null

2023-09-21 17:21:18 - [TEST_STEP][PASSED] - last4V = findTestData(dataFile).getValue("Last4", row): null

2023-09-21 17:21:18 - [TEST_STEP][PASSED] - verifyTextPresent(cardTypeV, true): Text 'American Express' is present on page  using regular expression

2023-09-21 17:21:19 - [MESSAGE][PASSED] - Text 'American Express' is present on page  using regular expression

2023-09-21 17:21:19 - [TEST_STEP][PASSED] - verifyTextPresent(last4V, true): Text '2376' is present on page  using regular expression

2023-09-21 17:21:19 - [MESSAGE][PASSED] - Text '2376' is present on page  using regular expression

2023-09-21 17:21:19 - [TEST_STEP][PASSED] - switch (appName): null

2023-09-21 17:21:19 - [TEST_STEP][PASSED] - case "a_Access AutoSingleCFtpQA":: null

2023-09-21 17:21:19 - [TEST_STEP][PASSED] - verifyTextPresent("5.00", true): Text '5.00' is present on page  using regular expression

2023-09-21 17:21:19 - [MESSAGE][PASSED] - Text '5.00' is present on page  using regular expression

2023-09-21 17:21:19 - [TEST_STEP][PASSED] - verifyTextPresent("Single Transaction", true): Text 'Single Transaction' is present on page  using regular expression

2023-09-21 17:21:20 - [MESSAGE][PASSED] - Text 'Single Transaction' is present on page  using regular expression

2023-09-21 17:21:20 - [TEST_STEP][PASSED] - verifyTextPresent("7.50", true): Text '7.50' is present on page  using regular expression

2023-09-21 17:21:20 - [MESSAGE][PASSED] - Text '7.50' is present on page  using regular expression

2023-09-21 17:21:20 - [TEST_STEP][PASSED] - verifyTextPresent("Total Amount", true): Text 'Total Amount' is present on page  using regular expression

2023-09-21 17:21:20 - [MESSAGE][PASSED] - Text 'Total Amount' is present on page  using regular expression

2023-09-21 17:21:20 - [TEST_STEP][PASSED] - verifyTextPresent("Transaction Type", true): Text 'Transaction Type' is present on page  using regular expression

2023-09-21 17:21:20 - [MESSAGE][PASSED] - Text 'Transaction Type' is present on page  using regular expression

2023-09-21 17:21:20 - [TEST_STEP][PASSED] - break: null

2023-09-21 17:21:20 - [TEST_STEP][PASSED] - closeBrowser(): Browser is closed

2023-09-21 17:21:21 - [MESSAGE][PASSED] - Browser is closed

2023-09-21 17:21:21 - [TEST_STEP][PASSED] - ExecuteTC = findTestData(dataFile).getValue("Execute", row): null

2023-09-21 17:21:21 - [TEST_STEP][PASSED] - out.println("Value of Execute is : " + ExecuteTC): null

2023-09-21 17:21:21 - [TEST_STEP][PASSED] - switch (executionProfile): null

2023-09-21 17:21:21 - [TEST_STEP][PASSED] - case "QA2Profile":: null

2023-09-21 17:21:21 - [TEST_STEP][PASSED] - appName = findTestData(dataFile).getValue("AppNameQA", row): null

2023-09-21 17:21:21 - [TEST_STEP][PASSED] - appID = findTestData(dataFile).getValue("AppIDQA", row): null

2023-09-21 17:21:22 - [TEST_STEP][PASSED] - break: null

2023-09-21 17:21:22 - [TEST_STEP][PASSED] - if (ExecuteTC.equalsIgnoreCase("Y")): null

2023-09-21 17:21:22 - [TEST_STEP][PASSED] - out.println("Begin Record Number: " + row): null

2023-09-21 17:21:22 - [TEST_STEP][PASSED] - today = new java.util.Date(): null

2023-09-21 17:21:22 - [TEST_STEP][PASSED] - println(today): null

2023-09-21 17:21:22 - [TEST_STEP][PASSED] - datText = today: null

2023-09-21 17:21:22 - [TEST_STEP][PASSED] - adminSuiteBootstrap.loginFunctionality.login_AdminSuite(): adminSuiteBootstrap.loginFunctionality.login_AdminSuite is PASSED

2023-09-21 17:21:22 - [MESSAGE][INFO] - Starting 'Chrome' driver

2023-09-21 17:21:22 - [MESSAGE][INFO] - User set preference: ['acceptInsecureCerts', 'true']

2023-09-21 17:21:22 - [MESSAGE][INFO] - Action delay is set to 0 milliseconds

2023-09-21 17:21:24 - [MESSAGE][PASSED] - Browser is opened with url: 'https://qa2.velocitypayment.com/admin/imtiaz'

2023-09-21 17:21:24 - [MESSAGE][PASSED] - Current window maximized

2023-09-21 17:21:25 - [MESSAGE][PASSED] - Object 'Object Repository/Login_Page/Login_Username_Okta' is present

2023-09-21 17:21:25 - [MESSAGE][PASSED] - Text 'iahmed' is set on object 'Object Repository/Login_Page/Login_Username_Okta'

2023-09-21 17:21:26 - [MESSAGE][PASSED] - Text 'Hello1111111@' is set on object 'Object Repository/Login_Page/Login_Password_Okta'

2023-09-21 17:21:27 - [MESSAGE][PASSED] - Object: 'Object Repository/Login_Page/Login_Submit_Okta' is clicked on

2023-09-21 17:21:27 - [MESSAGE][PASSED] - adminSuiteBootstrap.loginFunctionality.login_AdminSuite is PASSED

2023-09-21 17:21:27 - [TEST_STEP][PASSED] - click(findTestObject(path_Dashboard + appName)): Object: 'Object Repository/AdminSuiteBootstrap_Pages/Dashboard_Bootstrap/a_Access AutoSingleCFtpQA' is clicked on

2023-09-21 17:21:33 - [MESSAGE][PASSED] - Object: 'Object Repository/AdminSuiteBootstrap_Pages/Dashboard_Bootstrap/a_Access AutoSingleCFtpQA' is clicked on

2023-09-21 17:21:33 - [TEST_STEP][PASSED] - click(findTestObject(path_VT + "a_Find Profile")): Object: 'Object Repository/AdminSuiteBootstrap_Pages/VT_Bootstrap/IssueTransactions/a_Find Profile' is clicked on

2023-09-21 17:21:34 - [MESSAGE][PASSED] - Object: 'Object Repository/AdminSuiteBootstrap_Pages/VT_Bootstrap/IssueTransactions/a_Find Profile' is clicked on

2023-09-21 17:21:34 - [TEST_STEP][PASSED] - criteria = <not implemented yet for class: org.codehaus.groovy.ast.expr.EmptyExpression>: null

2023-09-21 17:21:34 - [TEST_STEP][PASSED] - searchBy = <not implemented yet for class: org.codehaus.groovy.ast.expr.EmptyExpression>: null

2023-09-21 17:21:34 - [TEST_STEP][PASSED] - criteria = findTestData(dataFile).getValue("ProfileName", row): null

2023-09-21 17:21:34 - [TEST_STEP][PASSED] - path_SearchProfile = "Object Repository/AdminSuiteBootstrap_Pages/VSP_Bootstrap/SearchProfile/": null

2023-09-21 17:21:34 - [TEST_STEP][PASSED] - setText(findTestObject(path_SearchProfile + "input_Criteria"), criteria): Text 'PaymentsDI' is set on object 'Object Repository/AdminSuiteBootstrap_Pages/VSP_Bootstrap/SearchProfile/input_Criteria'

2023-09-21 17:21:35 - [MESSAGE][PASSED] - Text 'PaymentsDI' is set on object 'Object Repository/AdminSuiteBootstrap_Pages/VSP_Bootstrap/SearchProfile/input_Criteria'

2023-09-21 17:21:35 - [TEST_STEP][PASSED] - click(findTestObject(path_SearchProfile + "button_Search")): Object: 'Object Repository/AdminSuiteBootstrap_Pages/VSP_Bootstrap/SearchProfile/button_Search' is clicked on

2023-09-21 17:21:35 - [MESSAGE][PASSED] - Object: 'Object Repository/AdminSuiteBootstrap_Pages/VSP_Bootstrap/SearchProfile/button_Search' is clicked on

2023-09-21 17:21:35 - [TEST_STEP][PASSED] - profNameLink = findTestData(dataFile).getValue("ProfileNameLink", row): null

2023-09-21 17:21:36 - [TEST_STEP][PASSED] - click(findTestObject(path_ViewProfile + profNameLink)): Object: 'Object Repository/AdminSuiteBootstrap_Pages/VSP_Bootstrap/View Profile/a_PaymentsDI' is clicked on

2023-09-21 17:21:37 - [MESSAGE][PASSED] - Object: 'Object Repository/AdminSuiteBootstrap_Pages/VSP_Bootstrap/View Profile/a_PaymentsDI' is clicked on

2023-09-21 17:21:37 - [TEST_STEP][PASSED] - click(findTestObject(path_ViewProfile + "a_AuthCap")): Object: 'Object Repository/AdminSuiteBootstrap_Pages/VSP_Bootstrap/View Profile/a_AuthCap' is clicked on

2023-09-21 17:21:38 - [MESSAGE][PASSED] - Object: 'Object Repository/AdminSuiteBootstrap_Pages/VSP_Bootstrap/View Profile/a_AuthCap' is clicked on

2023-09-21 17:21:38 - [TEST_STEP][PASSED] - verifyTextPresent("Credit Card Authorization Capture", true): Text 'Credit Card Authorization Capture' is present on page  using regular expression

2023-09-21 17:21:39 - [MESSAGE][PASSED] - Text 'Credit Card Authorization Capture' is present on page  using regular expression

2023-09-21 17:21:39 - [TEST_STEP][PASSED] - verifyTextPresent("Sale", true): Text 'Sale' is present on page  using regular expression

2023-09-21 17:21:39 - [MESSAGE][PASSED] - Text 'Sale' is present on page  using regular expression

2023-09-21 17:21:39 - [TEST_STEP][PASSED] - verifyTextPresent("Required fields are highlighted with an asterisk", true): Text 'Required fields are highlighted with an asterisk' is present on page  using regular expression

2023-09-21 17:21:40 - [MESSAGE][PASSED] - Text 'Required fields are highlighted with an asterisk' is present on page  using regular expression

2023-09-21 17:21:40 - [TEST_STEP][PASSED] - verifyTextPresent("Remittance ID", true): Text 'Remittance ID' is present on page  using regular expression

2023-09-21 17:21:40 - [MESSAGE][PASSED] - Text 'Remittance ID' is present on page  using regular expression

2023-09-21 17:21:40 - [TEST_STEP][PASSED] - vspBootstrap.SalePage.setDataSaleAndAuth(row, dataFile): vspBootstrap.SalePage.setDataSaleAndAuth is PASSED

2023-09-21 17:21:41 - [MESSAGE][PASSED] - All options with value 'MOTO' are selected in object 'Object Repository/AdminSuiteBootstrap_Pages/VSP_Bootstrap/VSP_Authcap/select_TransactionCategory'  using regular expression

2023-09-21 17:21:42 - [MESSAGE][PASSED] - Text '123' is set on object 'Object Repository/AdminSuiteBootstrap_Pages/VSP_Bootstrap/VSP_Authcap/input_cvv'

2023-09-21 17:21:43 - [MESSAGE][PASSED] - Text '' is set on object 'Object Repository/AdminSuiteBootstrap_Pages/VSP_Bootstrap/VSP_Authcap/input_smsNumber'

2023-09-21 17:21:43 - [MESSAGE][PASSED] - Text '2.50' is set on object 'Object Repository/AdminSuiteBootstrap_Pages/VSP_Bootstrap/VSP_Authcap/input_amount'

2023-09-21 17:21:44 - [MESSAGE][PASSED] - Text 'Delhi' is set on object 'Object Repository/AdminSuiteBootstrap_Pages/VSP_Bootstrap/VSP_Authcap/input_userDefined1'

2023-09-21 17:21:45 - [MESSAGE][PASSED] - Text 'Chennai' is set on object 'Object Repository/AdminSuiteBootstrap_Pages/VSP_Bootstrap/VSP_Authcap/input_userDefined2'

2023-09-21 17:21:46 - [MESSAGE][PASSED] - Text 'Mumbai' is set on object 'Object Repository/AdminSuiteBootstrap_Pages/VSP_Bootstrap/VSP_Authcap/input_userDefined3'

2023-09-21 17:21:46 - [MESSAGE][PASSED] - Text 'Kanpur' is set on object 'Object Repository/AdminSuiteBootstrap_Pages/VSP_Bootstrap/VSP_Authcap/input_userDefined4'

2023-09-21 17:21:47 - [MESSAGE][PASSED] - All options with label 'Orange' are selected in object 'Object Repository/AdminSuiteBootstrap_Pages/VSP_Bootstrap/VSP_Authcap/select_UDF5'  using regular expression

2023-09-21 17:21:48 - [MESSAGE][PASSED] - All options with label 'Yellow' are selected in object 'Object Repository/AdminSuiteBootstrap_Pages/VSP_Bootstrap/VSP_Authcap/select_UDF6'  using regular expression

2023-09-21 17:21:48 - [MESSAGE][PASSED] - Text 'Kolkata' is set on object 'Object Repository/AdminSuiteBootstrap_Pages/VSP_Bootstrap/VSP_Authcap/input_userDefined7'

2023-09-21 17:21:49 - [MESSAGE][PASSED] - Text 'Pune' is set on object 'Object Repository/AdminSuiteBootstrap_Pages/VSP_Bootstrap/VSP_Authcap/input_userDefined8'

2023-09-21 17:21:50 - [MESSAGE][PASSED] - Text 'Bhavnagar' is set on object 'Object Repository/AdminSuiteBootstrap_Pages/VSP_Bootstrap/VSP_Authcap/input_userDefined9'

2023-09-21 17:21:50 - [MESSAGE][PASSED] - Text 'Noida' is set on object 'Object Repository/AdminSuiteBootstrap_Pages/VSP_Bootstrap/VSP_Authcap/input_userDefined10'

2023-09-21 17:21:52 - [MESSAGE][PASSED] - Object: 'Object Repository/AdminSuiteBootstrap_Pages/VSP_Bootstrap/VSP_Authcap/button_Submit' is clicked on

2023-09-21 17:21:52 - [MESSAGE][PASSED] - vspBootstrap.SalePage.setDataSaleAndAuth is PASSED

2023-09-21 17:21:52 - [TEST_STEP][PASSED] - verifyTextPresent("Transaction Successful", true): Text 'Transaction Successful' is present on page  using regular expression

2023-09-21 17:21:52 - [MESSAGE][PASSED] - Text 'Transaction Successful' is present on page  using regular expression

2023-09-21 17:21:52 - [TEST_STEP][PASSED] - verifyElementVisible(findTestObject("Object Repository/AdminSuiteBootstrap_Pages/VT_Bootstrap/Receipt/button_Continue")): Object 'Object Repository/AdminSuiteBootstrap_Pages/VT_Bootstrap/Receipt/button_Continue' is visible

2023-09-21 17:21:53 - [MESSAGE][PASSED] - Object 'Object Repository/AdminSuiteBootstrap_Pages/VT_Bootstrap/Receipt/button_Continue' is visible

2023-09-21 17:21:53 - [TEST_STEP][PASSED] - verifyElementPresent(findTestObject("Object Repository/AdminSuiteBootstrap_Pages/VT_Bootstrap/Receipt/button_Continue"), 20): Object 'Object Repository/AdminSuiteBootstrap_Pages/VT_Bootstrap/Receipt/button_Continue' is present

2023-09-21 17:21:53 - [MESSAGE][PASSED] - Object 'Object Repository/AdminSuiteBootstrap_Pages/VT_Bootstrap/Receipt/button_Continue' is present

2023-09-21 17:21:53 - [TEST_STEP][PASSED] - verifyElementVisible(findTestObject("Object Repository/AdminSuiteBootstrap_Pages/VT_Bootstrap/Receipt/button_Print")): Object 'Object Repository/AdminSuiteBootstrap_Pages/VT_Bootstrap/Receipt/button_Print' is visible

2023-09-21 17:21:53 - [MESSAGE][PASSED] - Object 'Object Repository/AdminSuiteBootstrap_Pages/VT_Bootstrap/Receipt/button_Print' is visible

2023-09-21 17:21:53 - [TEST_STEP][PASSED] - verifyElementPresent(findTestObject("Object Repository/AdminSuiteBootstrap_Pages/VT_Bootstrap/Receipt/button_Print"), 20): Object 'Object Repository/AdminSuiteBootstrap_Pages/VT_Bootstrap/Receipt/button_Print' is present

2023-09-21 17:21:54 - [MESSAGE][PASSED] - Object 'Object Repository/AdminSuiteBootstrap_Pages/VT_Bootstrap/Receipt/button_Print' is present

2023-09-21 17:21:54 - [TEST_STEP][PASSED] - verifyTextPresent("Remittance ID", true): Text 'Remittance ID' is present on page  using regular expression

2023-09-21 17:21:54 - [MESSAGE][PASSED] - Text 'Remittance ID' is present on page  using regular expression

2023-09-21 17:21:54 - [TEST_STEP][PASSED] - verifyTextPresent("Received", true): Text 'Received' is present on page  using regular expression

2023-09-21 17:21:54 - [MESSAGE][PASSED] - Text 'Received' is present on page  using regular expression

2023-09-21 17:21:54 - [TEST_STEP][PASSED] - verifyTextPresent("UDF1", true): Text 'UDF1' is present on page  using regular expression

2023-09-21 17:21:54 - [MESSAGE][PASSED] - Text 'UDF1' is present on page  using regular expression

2023-09-21 17:21:54 - [TEST_STEP][PASSED] - verifyTextPresent("UDF2", true): Text 'UDF2' is present on page  using regular expression

2023-09-21 17:21:55 - [MESSAGE][PASSED] - Text 'UDF2' is present on page  using regular expression

2023-09-21 17:21:55 - [TEST_STEP][PASSED] - verifyTextPresent("UDF3", true): Text 'UDF3' is present on page  using regular expression

2023-09-21 17:21:55 - [MESSAGE][PASSED] - Text 'UDF3' is present on page  using regular expression

2023-09-21 17:21:55 - [TEST_STEP][PASSED] - verifyTextPresent("UDF4", true): Text 'UDF4' is present on page  using regular expression

2023-09-21 17:21:55 - [MESSAGE][PASSED] - Text 'UDF4' is present on page  using regular expression

2023-09-21 17:21:55 - [TEST_STEP][PASSED] - verifyTextPresent("UDF5", true): Text 'UDF5' is present on page  using regular expression

2023-09-21 17:21:56 - [MESSAGE][PASSED] - Text 'UDF5' is present on page  using regular expression

2023-09-21 17:21:56 - [TEST_STEP][PASSED] - verifyTextPresent("UDF6", true): Text 'UDF6' is present on page  using regular expression

2023-09-21 17:21:56 - [MESSAGE][PASSED] - Text 'UDF6' is present on page  using regular expression

2023-09-21 17:21:56 - [TEST_STEP][PASSED] - verifyTextPresent("UDF7", true): Text 'UDF7' is present on page  using regular expression

2023-09-21 17:21:56 - [MESSAGE][PASSED] - Text 'UDF7' is present on page  using regular expression

2023-09-21 17:21:56 - [TEST_STEP][PASSED] - verifyTextPresent("UDF8", true): Text 'UDF8' is present on page  using regular expression

2023-09-21 17:21:57 - [MESSAGE][PASSED] - Text 'UDF8' is present on page  using regular expression

2023-09-21 17:21:57 - [TEST_STEP][PASSED] - verifyTextPresent("UDF9", true): Text 'UDF9' is present on page  using regular expression

2023-09-21 17:21:57 - [MESSAGE][PASSED] - Text 'UDF9' is present on page  using regular expression

2023-09-21 17:21:57 - [TEST_STEP][PASSED] - verifyTextPresent("UDF 10", true): Text 'UDF 10' is present on page  using regular expression

2023-09-21 17:21:57 - [MESSAGE][PASSED] - Text 'UDF 10' is present on page  using regular expression

2023-09-21 17:21:57 - [TEST_STEP][PASSED] - verifyTextPresent("Delhi", true): Text 'Delhi' is present on page  using regular expression

2023-09-21 17:21:57 - [MESSAGE][PASSED] - Text 'Delhi' is present on page  using regular expression

2023-09-21 17:21:57 - [TEST_STEP][PASSED] - verifyTextPresent("Chennai", true): Text 'Chennai' is present on page  using regular expression

2023-09-21 17:21:58 - [MESSAGE][PASSED] - Text 'Chennai' is present on page  using regular expression

2023-09-21 17:21:58 - [TEST_STEP][PASSED] - verifyTextPresent("Mumbai", true): Text 'Mumbai' is present on page  using regular expression

2023-09-21 17:21:58 - [MESSAGE][PASSED] - Text 'Mumbai' is present on page  using regular expression

2023-09-21 17:21:58 - [TEST_STEP][PASSED] - verifyTextPresent("Kanpur", true): Text 'Kanpur' is present on page  using regular expression

2023-09-21 17:21:58 - [MESSAGE][PASSED] - Text 'Kanpur' is present on page  using regular expression

2023-09-21 17:21:58 - [TEST_STEP][PASSED] - verifyTextPresent("Orange Recorded", true): Text 'Orange Recorded' is present on page  using regular expression

2023-09-21 17:21:59 - [MESSAGE][PASSED] - Text 'Orange Recorded' is present on page  using regular expression

2023-09-21 17:21:59 - [TEST_STEP][PASSED] - verifyTextPresent("Yellow Recorded", true): Text 'Yellow Recorded' is present on page  using regular expression

2023-09-21 17:21:59 - [MESSAGE][PASSED] - Text 'Yellow Recorded' is present on page  using regular expression

2023-09-21 17:21:59 - [TEST_STEP][PASSED] - verifyTextPresent("Kolkata", true): Text 'Kolkata' is present on page  using regular expression

2023-09-21 17:21:59 - [MESSAGE][PASSED] - Text 'Kolkata' is present on page  using regular expression

2023-09-21 17:21:59 - [TEST_STEP][PASSED] - verifyTextPresent("Pune", true): Text 'Pune' is present on page  using regular expression

2023-09-21 17:22:00 - [MESSAGE][PASSED] - Text 'Pune' is present on page  using regular expression

2023-09-21 17:22:00 - [TEST_STEP][PASSED] - verifyTextPresent("Bhavnagar", true): Text 'Bhavnagar' is present on page  using regular expression

2023-09-21 17:22:00 - [MESSAGE][PASSED] - Text 'Bhavnagar' is present on page  using regular expression

2023-09-21 17:22:00 - [TEST_STEP][PASSED] - verifyTextPresent("Noida", true): Text 'Noida' is present on page  using regular expression

2023-09-21 17:22:00 - [MESSAGE][PASSED] - Text 'Noida' is present on page  using regular expression

2023-09-21 17:22:00 - [TEST_STEP][PASSED] - verifyTextPresent("Amount", true): Text 'Amount' is present on page  using regular expression

2023-09-21 17:22:00 - [MESSAGE][PASSED] - Text 'Amount' is present on page  using regular expression

2023-09-21 17:22:00 - [TEST_STEP][PASSED] - verifyTextPresent("2.50", true): Text '2.50' is present on page  using regular expression

2023-09-21 17:22:01 - [MESSAGE][PASSED] - Text '2.50' is present on page  using regular expression

2023-09-21 17:22:01 - [TEST_STEP][PASSED] - verifyTextPresent("Authorization and Capture", true): Text 'Authorization and Capture' is present on page  using regular expression

2023-09-21 17:22:01 - [MESSAGE][PASSED] - Text 'Authorization and Capture' is present on page  using regular expression

2023-09-21 17:22:01 - [TEST_STEP][PASSED] - verifyTextPresent("Card Information", true): Text 'Card Information' is present on page  using regular expression

2023-09-21 17:22:01 - [MESSAGE][PASSED] - Text 'Card Information' is present on page  using regular expression

2023-09-21 17:22:01 - [TEST_STEP][PASSED] - verifyTextPresent("TANDON RAVENA", true): Text 'TANDON RAVENA' is present on page  using regular expression

2023-09-21 17:22:02 - [MESSAGE][PASSED] - Text 'TANDON RAVENA' is present on page  using regular expression

2023-09-21 17:22:02 - [TEST_STEP][PASSED] - verifyTextPresent("Address Line 1", true): Text 'Address Line 1' is present on page  using regular expression

2023-09-21 17:22:02 - [MESSAGE][PASSED] - Text 'Address Line 1' is present on page  using regular expression

2023-09-21 17:22:02 - [TEST_STEP][PASSED] - verifyTextPresent("Address Line 2", true): Text 'Address Line 2' is present on page  using regular expression

2023-09-21 17:22:02 - [MESSAGE][PASSED] - Text 'Address Line 2' is present on page  using regular expression

2023-09-21 17:22:02 - [TEST_STEP][PASSED] - verifyTextPresent("Country", true): Text 'Country' is present on page  using regular expression

2023-09-21 17:22:03 - [MESSAGE][PASSED] - Text 'Country' is present on page  using regular expression

2023-09-21 17:22:03 - [TEST_STEP][PASSED] - verifyTextPresent("City", true): Text 'City' is present on page  using regular expression

2023-09-21 17:22:03 - [MESSAGE][PASSED] - Text 'City' is present on page  using regular expression

2023-09-21 17:22:03 - [TEST_STEP][PASSED] - verifyTextPresent("State", true): Text 'State' is present on page  using regular expression

2023-09-21 17:22:03 - [MESSAGE][PASSED] - Text 'State' is present on page  using regular expression

2023-09-21 17:22:03 - [TEST_STEP][PASSED] - verifyTextPresent("ZIP Code", true): Text 'ZIP Code' is present on page  using regular expression

2023-09-21 17:22:03 - [MESSAGE][PASSED] - Text 'ZIP Code' is present on page  using regular expression

2023-09-21 17:22:03 - [TEST_STEP][PASSED] - verifyTextPresent("248 PhoolKaante road", true): Text '248 PhoolKaante road' is present on page  using regular expression

2023-09-21 17:22:04 - [MESSAGE][PASSED] - Text '248 PhoolKaante road' is present on page  using regular expression

2023-09-21 17:22:04 - [TEST_STEP][PASSED] - verifyTextPresent("Suite 678", true): Text 'Suite 678' is present on page  using regular expression

2023-09-21 17:22:04 - [MESSAGE][PASSED] - Text 'Suite 678' is present on page  using regular expression

2023-09-21 17:22:04 - [TEST_STEP][PASSED] - verifyTextPresent("United States", true): Text 'United States' is present on page  using regular expression

2023-09-21 17:22:04 - [MESSAGE][PASSED] - Text 'United States' is present on page  using regular expression

2023-09-21 17:22:04 - [TEST_STEP][PASSED] - verifyTextPresent("ARLINGTON", true): Text 'ARLINGTON' is present on page  using regular expression

2023-09-21 17:22:05 - [MESSAGE][PASSED] - Text 'ARLINGTON' is present on page  using regular expression

2023-09-21 17:22:05 - [TEST_STEP][PASSED] - verifyTextPresent("VA", true): Text 'VA' is present on page  using regular expression

2023-09-21 17:22:05 - [MESSAGE][PASSED] - Text 'VA' is present on page  using regular expression

2023-09-21 17:22:05 - [TEST_STEP][PASSED] - verifyTextPresent("22201", true): Text '22201' is present on page  using regular expression

2023-09-21 17:22:05 - [MESSAGE][PASSED] - Text '22201' is present on page  using regular expression

2023-09-21 17:22:05 - [TEST_STEP][PASSED] - cardTypeV = findTestData(dataFile).getValue("CardType", row): null

2023-09-21 17:22:05 - [TEST_STEP][PASSED] - last4V = findTestData(dataFile).getValue("Last4", row): null

2023-09-21 17:22:05 - [TEST_STEP][PASSED] - verifyTextPresent(cardTypeV, true): Text 'Discover' is present on page  using regular expression

2023-09-21 17:22:06 - [MESSAGE][PASSED] - Text 'Discover' is present on page  using regular expression

2023-09-21 17:22:06 - [TEST_STEP][PASSED] - verifyTextPresent(last4V, true): Text '6909' is present on page  using regular expression

2023-09-21 17:22:06 - [MESSAGE][PASSED] - Text '6909' is present on page  using regular expression

2023-09-21 17:22:06 - [TEST_STEP][PASSED] - switch (appName): null

2023-09-21 17:22:06 - [TEST_STEP][PASSED] - case "a_Access AutoSingleCFtpQA":: null

2023-09-21 17:22:06 - [TEST_STEP][PASSED] - verifyTextPresent("5.00", true): Text '5.00' is present on page  using regular expression

2023-09-21 17:22:06 - [MESSAGE][PASSED] - Text '5.00' is present on page  using regular expression

2023-09-21 17:22:06 - [TEST_STEP][PASSED] - verifyTextPresent("Single Transaction", true): Text 'Single Transaction' is present on page  using regular expression

2023-09-21 17:22:06 - [MESSAGE][PASSED] - Text 'Single Transaction' is present on page  using regular expression

2023-09-21 17:22:06 - [TEST_STEP][PASSED] - verifyTextPresent("7.50", true): Text '7.50' is present on page  using regular expression

2023-09-21 17:22:07 - [MESSAGE][PASSED] - Text '7.50' is present on page  using regular expression

2023-09-21 17:22:07 - [TEST_STEP][PASSED] - verifyTextPresent("Total Amount", true): Text 'Total Amount' is present on page  using regular expression

2023-09-21 17:22:07 - [MESSAGE][PASSED] - Text 'Total Amount' is present on page  using regular expression

2023-09-21 17:22:07 - [TEST_STEP][PASSED] - verifyTextPresent("Transaction Type", true): Text 'Transaction Type' is present on page  using regular expression

2023-09-21 17:22:07 - [MESSAGE][PASSED] - Text 'Transaction Type' is present on page  using regular expression

2023-09-21 17:22:07 - [TEST_STEP][PASSED] - break: null

2023-09-21 17:22:07 - [TEST_STEP][PASSED] - closeBrowser(): Browser is closed

2023-09-21 17:22:08 - [MESSAGE][PASSED] - Browser is closed

2023-09-21 17:22:08 - [TEST_STEP][PASSED] - ExecuteTC = findTestData(dataFile).getValue("Execute", row): null

2023-09-21 17:22:08 - [TEST_STEP][PASSED] - out.println("Value of Execute is : " + ExecuteTC): null

2023-09-21 17:22:08 - [TEST_STEP][PASSED] - switch (executionProfile): null

2023-09-21 17:22:08 - [TEST_STEP][PASSED] - case "QA2Profile":: null

2023-09-21 17:22:08 - [TEST_STEP][PASSED] - appName = findTestData(dataFile).getValue("AppNameQA", row): null

2023-09-21 17:22:08 - [TEST_STEP][PASSED] - appID = findTestData(dataFile).getValue("AppIDQA", row): null

2023-09-21 17:22:08 - [TEST_STEP][PASSED] - break: null

2023-09-21 17:22:08 - [TEST_STEP][PASSED] - if (ExecuteTC.equalsIgnoreCase("Y")): null

2023-09-21 17:22:08 - [TEST_STEP][PASSED] - out.println("Begin Record Number: " + row): null

2023-09-21 17:22:08 - [TEST_STEP][PASSED] - today = new java.util.Date(): null

2023-09-21 17:22:08 - [TEST_STEP][PASSED] - println(today): null

2023-09-21 17:22:08 - [TEST_STEP][PASSED] - datText = today: null

2023-09-21 17:22:08 - [TEST_STEP][PASSED] - adminSuiteBootstrap.loginFunctionality.login_AdminSuite(): adminSuiteBootstrap.loginFunctionality.login_AdminSuite is PASSED

2023-09-21 17:22:08 - [MESSAGE][INFO] - Starting 'Chrome' driver

2023-09-21 17:22:08 - [MESSAGE][INFO] - User set preference: ['acceptInsecureCerts', 'true']

2023-09-21 17:22:08 - [MESSAGE][INFO] - Action delay is set to 0 milliseconds

2023-09-21 17:22:11 - [MESSAGE][PASSED] - Browser is opened with url: 'https://qa2.velocitypayment.com/admin/imtiaz'

2023-09-21 17:22:11 - [MESSAGE][PASSED] - Current window maximized

2023-09-21 17:22:12 - [MESSAGE][PASSED] - Object 'Object Repository/Login_Page/Login_Username_Okta' is present

2023-09-21 17:22:12 - [MESSAGE][PASSED] - Text 'iahmed' is set on object 'Object Repository/Login_Page/Login_Username_Okta'

2023-09-21 17:22:13 - [MESSAGE][PASSED] - Text 'Hello1111111@' is set on object 'Object Repository/Login_Page/Login_Password_Okta'

2023-09-21 17:22:14 - [MESSAGE][PASSED] - Object: 'Object Repository/Login_Page/Login_Submit_Okta' is clicked on

2023-09-21 17:22:14 - [MESSAGE][PASSED] - adminSuiteBootstrap.loginFunctionality.login_AdminSuite is PASSED

2023-09-21 17:22:14 - [TEST_STEP][PASSED] - click(findTestObject(path_Dashboard + appName)): Object: 'Object Repository/AdminSuiteBootstrap_Pages/Dashboard_Bootstrap/a_Access AutoSingleCFtpQA' is clicked on

2023-09-21 17:22:20 - [MESSAGE][PASSED] - Object: 'Object Repository/AdminSuiteBootstrap_Pages/Dashboard_Bootstrap/a_Access AutoSingleCFtpQA' is clicked on

2023-09-21 17:22:20 - [TEST_STEP][PASSED] - click(findTestObject(path_VT + "a_Find Profile")): Object: 'Object Repository/AdminSuiteBootstrap_Pages/VT_Bootstrap/IssueTransactions/a_Find Profile' is clicked on

2023-09-21 17:22:21 - [MESSAGE][PASSED] - Object: 'Object Repository/AdminSuiteBootstrap_Pages/VT_Bootstrap/IssueTransactions/a_Find Profile' is clicked on

2023-09-21 17:22:21 - [TEST_STEP][PASSED] - criteria = <not implemented yet for class: org.codehaus.groovy.ast.expr.EmptyExpression>: null

2023-09-21 17:22:21 - [TEST_STEP][PASSED] - searchBy = <not implemented yet for class: org.codehaus.groovy.ast.expr.EmptyExpression>: null

2023-09-21 17:22:21 - [TEST_STEP][PASSED] - criteria = findTestData(dataFile).getValue("ProfileName", row): null

2023-09-21 17:22:21 - [TEST_STEP][PASSED] - path_SearchProfile = "Object Repository/AdminSuiteBootstrap_Pages/VSP_Bootstrap/SearchProfile/": null

2023-09-21 17:22:21 - [TEST_STEP][PASSED] - setText(findTestObject(path_SearchProfile + "input_Criteria"), criteria): Text 'PaymentsVisa' is set on object 'Object Repository/AdminSuiteBootstrap_Pages/VSP_Bootstrap/SearchProfile/input_Criteria'

2023-09-21 17:22:21 - [MESSAGE][PASSED] - Text 'PaymentsVisa' is set on object 'Object Repository/AdminSuiteBootstrap_Pages/VSP_Bootstrap/SearchProfile/input_Criteria'

2023-09-21 17:22:21 - [TEST_STEP][PASSED] - click(findTestObject(path_SearchProfile + "button_Search")): Object: 'Object Repository/AdminSuiteBootstrap_Pages/VSP_Bootstrap/SearchProfile/button_Search' is clicked on

2023-09-21 17:22:22 - [MESSAGE][PASSED] - Object: 'Object Repository/AdminSuiteBootstrap_Pages/VSP_Bootstrap/SearchProfile/button_Search' is clicked on

2023-09-21 17:22:22 - [TEST_STEP][PASSED] - profNameLink = findTestData(dataFile).getValue("ProfileNameLink", row): null

2023-09-21 17:22:22 - [TEST_STEP][PASSED] - click(findTestObject(path_ViewProfile + profNameLink)): Object: 'Object Repository/AdminSuiteBootstrap_Pages/VSP_Bootstrap/View Profile/a_PaymentsVisa' is clicked on

2023-09-21 17:22:24 - [MESSAGE][PASSED] - Object: 'Object Repository/AdminSuiteBootstrap_Pages/VSP_Bootstrap/View Profile/a_PaymentsVisa' is clicked on

2023-09-21 17:22:24 - [TEST_STEP][PASSED] - click(findTestObject(path_ViewProfile + "a_AuthCap")): Object: 'Object Repository/AdminSuiteBootstrap_Pages/VSP_Bootstrap/View Profile/a_AuthCap' is clicked on

2023-09-21 17:22:25 - [MESSAGE][PASSED] - Object: 'Object Repository/AdminSuiteBootstrap_Pages/VSP_Bootstrap/View Profile/a_AuthCap' is clicked on

2023-09-21 17:22:25 - [TEST_STEP][PASSED] - verifyTextPresent("Credit Card Authorization Capture", true): Text 'Credit Card Authorization Capture' is present on page  using regular expression

2023-09-21 17:22:26 - [MESSAGE][PASSED] - Text 'Credit Card Authorization Capture' is present on page  using regular expression

2023-09-21 17:22:26 - [TEST_STEP][PASSED] - verifyTextPresent("Sale", true): Text 'Sale' is present on page  using regular expression

2023-09-21 17:22:26 - [MESSAGE][PASSED] - Text 'Sale' is present on page  using regular expression

2023-09-21 17:22:26 - [TEST_STEP][PASSED] - verifyTextPresent("Required fields are highlighted with an asterisk", true): Text 'Required fields are highlighted with an asterisk' is present on page  using regular expression

2023-09-21 17:22:27 - [MESSAGE][PASSED] - Text 'Required fields are highlighted with an asterisk' is present on page  using regular expression

2023-09-21 17:22:27 - [TEST_STEP][PASSED] - verifyTextPresent("Remittance ID", true): Text 'Remittance ID' is present on page  using regular expression

2023-09-21 17:22:27 - [MESSAGE][PASSED] - Text 'Remittance ID' is present on page  using regular expression

2023-09-21 17:22:27 - [TEST_STEP][PASSED] - vspBootstrap.SalePage.setDataSaleAndAuth(row, dataFile): vspBootstrap.SalePage.setDataSaleAndAuth is PASSED

2023-09-21 17:22:28 - [MESSAGE][PASSED] - All options with value 'RETL' are selected in object 'Object Repository/AdminSuiteBootstrap_Pages/VSP_Bootstrap/VSP_Authcap/select_TransactionCategory'  using regular expression

2023-09-21 17:22:29 - [MESSAGE][PASSED] - Text '123' is set on object 'Object Repository/AdminSuiteBootstrap_Pages/VSP_Bootstrap/VSP_Authcap/input_cvv'

2023-09-21 17:22:30 - [MESSAGE][PASSED] - Text '' is set on object 'Object Repository/AdminSuiteBootstrap_Pages/VSP_Bootstrap/VSP_Authcap/input_smsNumber'

2023-09-21 17:22:30 - [MESSAGE][PASSED] - Text '2.50' is set on object 'Object Repository/AdminSuiteBootstrap_Pages/VSP_Bootstrap/VSP_Authcap/input_amount'

2023-09-21 17:22:31 - [MESSAGE][PASSED] - Text 'Delhi' is set on object 'Object Repository/AdminSuiteBootstrap_Pages/VSP_Bootstrap/VSP_Authcap/input_userDefined1'

2023-09-21 17:22:32 - [MESSAGE][PASSED] - Text 'Chennai' is set on object 'Object Repository/AdminSuiteBootstrap_Pages/VSP_Bootstrap/VSP_Authcap/input_userDefined2'

2023-09-21 17:22:33 - [MESSAGE][PASSED] - Text 'Mumbai' is set on object 'Object Repository/AdminSuiteBootstrap_Pages/VSP_Bootstrap/VSP_Authcap/input_userDefined3'

2023-09-21 17:22:33 - [MESSAGE][PASSED] - Text 'Kanpur' is set on object 'Object Repository/AdminSuiteBootstrap_Pages/VSP_Bootstrap/VSP_Authcap/input_userDefined4'

2023-09-21 17:22:34 - [MESSAGE][PASSED] - All options with label 'Orange' are selected in object 'Object Repository/AdminSuiteBootstrap_Pages/VSP_Bootstrap/VSP_Authcap/select_UDF5'  using regular expression

2023-09-21 17:22:35 - [MESSAGE][PASSED] - All options with label 'Yellow' are selected in object 'Object Repository/AdminSuiteBootstrap_Pages/VSP_Bootstrap/VSP_Authcap/select_UDF6'  using regular expression

2023-09-21 17:22:36 - [MESSAGE][PASSED] - Text 'Kolkata' is set on object 'Object Repository/AdminSuiteBootstrap_Pages/VSP_Bootstrap/VSP_Authcap/input_userDefined7'

2023-09-21 17:22:36 - [MESSAGE][PASSED] - Text 'Pune' is set on object 'Object Repository/AdminSuiteBootstrap_Pages/VSP_Bootstrap/VSP_Authcap/input_userDefined8'

2023-09-21 17:22:37 - [MESSAGE][PASSED] - Text 'Bhavnagar' is set on object 'Object Repository/AdminSuiteBootstrap_Pages/VSP_Bootstrap/VSP_Authcap/input_userDefined9'

2023-09-21 17:22:37 - [MESSAGE][PASSED] - Text 'Noida' is set on object 'Object Repository/AdminSuiteBootstrap_Pages/VSP_Bootstrap/VSP_Authcap/input_userDefined10'

2023-09-21 17:22:39 - [MESSAGE][PASSED] - Object: 'Object Repository/AdminSuiteBootstrap_Pages/VSP_Bootstrap/VSP_Authcap/button_Submit' is clicked on

2023-09-21 17:22:39 - [MESSAGE][PASSED] - vspBootstrap.SalePage.setDataSaleAndAuth is PASSED

2023-09-21 17:22:39 - [TEST_STEP][PASSED] - verifyTextPresent("Transaction Successful", true): Text 'Transaction Successful' is present on page  using regular expression

2023-09-21 17:22:40 - [MESSAGE][PASSED] - Text 'Transaction Successful' is present on page  using regular expression

2023-09-21 17:22:40 - [TEST_STEP][PASSED] - verifyElementVisible(findTestObject("Object Repository/AdminSuiteBootstrap_Pages/VT_Bootstrap/Receipt/button_Continue")): Object 'Object Repository/AdminSuiteBootstrap_Pages/VT_Bootstrap/Receipt/button_Continue' is visible

2023-09-21 17:22:40 - [MESSAGE][PASSED] - Object 'Object Repository/AdminSuiteBootstrap_Pages/VT_Bootstrap/Receipt/button_Continue' is visible

2023-09-21 17:22:40 - [TEST_STEP][PASSED] - verifyElementPresent(findTestObject("Object Repository/AdminSuiteBootstrap_Pages/VT_Bootstrap/Receipt/button_Continue"), 20): Object 'Object Repository/AdminSuiteBootstrap_Pages/VT_Bootstrap/Receipt/button_Continue' is present

2023-09-21 17:22:40 - [MESSAGE][PASSED] - Object 'Object Repository/AdminSuiteBootstrap_Pages/VT_Bootstrap/Receipt/button_Continue' is present

2023-09-21 17:22:40 - [TEST_STEP][PASSED] - verifyElementVisible(findTestObject("Object Repository/AdminSuiteBootstrap_Pages/VT_Bootstrap/Receipt/button_Print")): Object 'Object Repository/AdminSuiteBootstrap_Pages/VT_Bootstrap/Receipt/button_Print' is visible

2023-09-21 17:22:40 - [MESSAGE][PASSED] - Object 'Object Repository/AdminSuiteBootstrap_Pages/VT_Bootstrap/Receipt/button_Print' is visible

2023-09-21 17:22:40 - [TEST_STEP][PASSED] - verifyElementPresent(findTestObject("Object Repository/AdminSuiteBootstrap_Pages/VT_Bootstrap/Receipt/button_Print"), 20): Object 'Object Repository/AdminSuiteBootstrap_Pages/VT_Bootstrap/Receipt/button_Print' is present

2023-09-21 17:22:41 - [MESSAGE][PASSED] - Object 'Object Repository/AdminSuiteBootstrap_Pages/VT_Bootstrap/Receipt/button_Print' is present

2023-09-21 17:22:41 - [TEST_STEP][PASSED] - verifyTextPresent("Remittance ID", true): Text 'Remittance ID' is present on page  using regular expression

2023-09-21 17:22:41 - [MESSAGE][PASSED] - Text 'Remittance ID' is present on page  using regular expression

2023-09-21 17:22:41 - [TEST_STEP][PASSED] - verifyTextPresent("Received", true): Text 'Received' is present on page  using regular expression

2023-09-21 17:22:41 - [MESSAGE][PASSED] - Text 'Received' is present on page  using regular expression

2023-09-21 17:22:41 - [TEST_STEP][PASSED] - verifyTextPresent("UDF1", true): Text 'UDF1' is present on page  using regular expression

2023-09-21 17:22:42 - [MESSAGE][PASSED] - Text 'UDF1' is present on page  using regular expression

2023-09-21 17:22:42 - [TEST_STEP][PASSED] - verifyTextPresent("UDF2", true): Text 'UDF2' is present on page  using regular expression

2023-09-21 17:22:42 - [MESSAGE][PASSED] - Text 'UDF2' is present on page  using regular expression

2023-09-21 17:22:42 - [TEST_STEP][PASSED] - verifyTextPresent("UDF3", true): Text 'UDF3' is present on page  using regular expression

2023-09-21 17:22:42 - [MESSAGE][PASSED] - Text 'UDF3' is present on page  using regular expression

2023-09-21 17:22:42 - [TEST_STEP][PASSED] - verifyTextPresent("UDF4", true): Text 'UDF4' is present on page  using regular expression

2023-09-21 17:22:43 - [MESSAGE][PASSED] - Text 'UDF4' is present on page  using regular expression

2023-09-21 17:22:43 - [TEST_STEP][PASSED] - verifyTextPresent("UDF5", true): Text 'UDF5' is present on page  using regular expression

2023-09-21 17:22:43 - [MESSAGE][PASSED] - Text 'UDF5' is present on page  using regular expression

2023-09-21 17:22:43 - [TEST_STEP][PASSED] - verifyTextPresent("UDF6", true): Text 'UDF6' is present on page  using regular expression

2023-09-21 17:22:43 - [MESSAGE][PASSED] - Text 'UDF6' is present on page  using regular expression

2023-09-21 17:22:43 - [TEST_STEP][PASSED] - verifyTextPresent("UDF7", true): Text 'UDF7' is present on page  using regular expression

2023-09-21 17:22:43 - [MESSAGE][PASSED] - Text 'UDF7' is present on page  using regular expression

2023-09-21 17:22:43 - [TEST_STEP][PASSED] - verifyTextPresent("UDF8", true): Text 'UDF8' is present on page  using regular expression

2023-09-21 17:22:44 - [MESSAGE][PASSED] - Text 'UDF8' is present on page  using regular expression

2023-09-21 17:22:44 - [TEST_STEP][PASSED] - verifyTextPresent("UDF9", true): Text 'UDF9' is present on page  using regular expression

2023-09-21 17:22:44 - [MESSAGE][PASSED] - Text 'UDF9' is present on page  using regular expression

2023-09-21 17:22:44 - [TEST_STEP][PASSED] - verifyTextPresent("UDF 10", true): Text 'UDF 10' is present on page  using regular expression

2023-09-21 17:22:44 - [MESSAGE][PASSED] - Text 'UDF 10' is present on page  using regular expression

2023-09-21 17:22:44 - [TEST_STEP][PASSED] - verifyTextPresent("Delhi", true): Text 'Delhi' is present on page  using regular expression

2023-09-21 17:22:45 - [MESSAGE][PASSED] - Text 'Delhi' is present on page  using regular expression

2023-09-21 17:22:45 - [TEST_STEP][PASSED] - verifyTextPresent("Chennai", true): Text 'Chennai' is present on page  using regular expression

2023-09-21 17:22:45 - [MESSAGE][PASSED] - Text 'Chennai' is present on page  using regular expression

2023-09-21 17:22:45 - [TEST_STEP][PASSED] - verifyTextPresent("Mumbai", true): Text 'Mumbai' is present on page  using regular expression

2023-09-21 17:22:45 - [MESSAGE][PASSED] - Text 'Mumbai' is present on page  using regular expression

2023-09-21 17:22:45 - [TEST_STEP][PASSED] - verifyTextPresent("Kanpur", true): Text 'Kanpur' is present on page  using regular expression

2023-09-21 17:22:46 - [MESSAGE][PASSED] - Text 'Kanpur' is present on page  using regular expression

2023-09-21 17:22:46 - [TEST_STEP][PASSED] - verifyTextPresent("Orange Recorded", true): Text 'Orange Recorded' is present on page  using regular expression

2023-09-21 17:22:46 - [MESSAGE][PASSED] - Text 'Orange Recorded' is present on page  using regular expression

2023-09-21 17:22:46 - [TEST_STEP][PASSED] - verifyTextPresent("Yellow Recorded", true): Text 'Yellow Recorded' is present on page  using regular expression

2023-09-21 17:22:46 - [MESSAGE][PASSED] - Text 'Yellow Recorded' is present on page  using regular expression

2023-09-21 17:22:46 - [TEST_STEP][PASSED] - verifyTextPresent("Kolkata", true): Text 'Kolkata' is present on page  using regular expression

2023-09-21 17:22:46 - [MESSAGE][PASSED] - Text 'Kolkata' is present on page  using regular expression

2023-09-21 17:22:46 - [TEST_STEP][PASSED] - verifyTextPresent("Pune", true): Text 'Pune' is present on page  using regular expression

2023-09-21 17:22:47 - [MESSAGE][PASSED] - Text 'Pune' is present on page  using regular expression

2023-09-21 17:22:47 - [TEST_STEP][PASSED] - verifyTextPresent("Bhavnagar", true): Text 'Bhavnagar' is present on page  using regular expression

2023-09-21 17:22:47 - [MESSAGE][PASSED] - Text 'Bhavnagar' is present on page  using regular expression

2023-09-21 17:22:47 - [TEST_STEP][PASSED] - verifyTextPresent("Noida", true): Text 'Noida' is present on page  using regular expression

2023-09-21 17:22:47 - [MESSAGE][PASSED] - Text 'Noida' is present on page  using regular expression

2023-09-21 17:22:47 - [TEST_STEP][PASSED] - verifyTextPresent("Amount", true): Text 'Amount' is present on page  using regular expression

2023-09-21 17:22:48 - [MESSAGE][PASSED] - Text 'Amount' is present on page  using regular expression

2023-09-21 17:22:48 - [TEST_STEP][PASSED] - verifyTextPresent("2.50", true): Text '2.50' is present on page  using regular expression

2023-09-21 17:22:48 - [MESSAGE][PASSED] - Text '2.50' is present on page  using regular expression

2023-09-21 17:22:48 - [TEST_STEP][PASSED] - verifyTextPresent("Authorization and Capture", true): Text 'Authorization and Capture' is present on page  using regular expression

2023-09-21 17:22:48 - [MESSAGE][PASSED] - Text 'Authorization and Capture' is present on page  using regular expression

2023-09-21 17:22:48 - [TEST_STEP][PASSED] - verifyTextPresent("Card Information", true): Text 'Card Information' is present on page  using regular expression

2023-09-21 17:22:49 - [MESSAGE][PASSED] - Text 'Card Information' is present on page  using regular expression

2023-09-21 17:22:49 - [TEST_STEP][PASSED] - verifyTextPresent("TANDON RAVENA", true): Text 'TANDON RAVENA' is present on page  using regular expression

2023-09-21 17:22:49 - [MESSAGE][PASSED] - Text 'TANDON RAVENA' is present on page  using regular expression

2023-09-21 17:22:49 - [TEST_STEP][PASSED] - verifyTextPresent("Address Line 1", true): Text 'Address Line 1' is present on page  using regular expression

2023-09-21 17:22:49 - [MESSAGE][PASSED] - Text 'Address Line 1' is present on page  using regular expression

2023-09-21 17:22:49 - [TEST_STEP][PASSED] - verifyTextPresent("Address Line 2", true): Text 'Address Line 2' is present on page  using regular expression

2023-09-21 17:22:49 - [MESSAGE][PASSED] - Text 'Address Line 2' is present on page  using regular expression

2023-09-21 17:22:49 - [TEST_STEP][PASSED] - verifyTextPresent("Country", true): Text 'Country' is present on page  using regular expression

2023-09-21 17:22:50 - [MESSAGE][PASSED] - Text 'Country' is present on page  using regular expression

2023-09-21 17:22:50 - [TEST_STEP][PASSED] - verifyTextPresent("City", true): Text 'City' is present on page  using regular expression

2023-09-21 17:22:50 - [MESSAGE][PASSED] - Text 'City' is present on page  using regular expression

2023-09-21 17:22:50 - [TEST_STEP][PASSED] - verifyTextPresent("State", true): Text 'State' is present on page  using regular expression

2023-09-21 17:22:50 - [MESSAGE][PASSED] - Text 'State' is present on page  using regular expression

2023-09-21 17:22:50 - [TEST_STEP][PASSED] - verifyTextPresent("ZIP Code", true): Text 'ZIP Code' is present on page  using regular expression

2023-09-21 17:22:51 - [MESSAGE][PASSED] - Text 'ZIP Code' is present on page  using regular expression

2023-09-21 17:22:51 - [TEST_STEP][PASSED] - verifyTextPresent("248 PhoolKaante road", true): Text '248 PhoolKaante road' is present on page  using regular expression

2023-09-21 17:22:51 - [MESSAGE][PASSED] - Text '248 PhoolKaante road' is present on page  using regular expression

2023-09-21 17:22:51 - [TEST_STEP][PASSED] - verifyTextPresent("Suite 678", true): Text 'Suite 678' is present on page  using regular expression

2023-09-21 17:22:51 - [MESSAGE][PASSED] - Text 'Suite 678' is present on page  using regular expression

2023-09-21 17:22:51 - [TEST_STEP][PASSED] - verifyTextPresent("United States", true): Text 'United States' is present on page  using regular expression

2023-09-21 17:22:51 - [MESSAGE][PASSED] - Text 'United States' is present on page  using regular expression

2023-09-21 17:22:51 - [TEST_STEP][PASSED] - verifyTextPresent("ARLINGTON", true): Text 'ARLINGTON' is present on page  using regular expression

2023-09-21 17:22:52 - [MESSAGE][PASSED] - Text 'ARLINGTON' is present on page  using regular expression

2023-09-21 17:22:52 - [TEST_STEP][PASSED] - verifyTextPresent("VA", true): Text 'VA' is present on page  using regular expression

2023-09-21 17:22:52 - [MESSAGE][PASSED] - Text 'VA' is present on page  using regular expression

2023-09-21 17:22:52 - [TEST_STEP][PASSED] - verifyTextPresent("22201", true): Text '22201' is present on page  using regular expression

2023-09-21 17:22:52 - [MESSAGE][PASSED] - Text '22201' is present on page  using regular expression

2023-09-21 17:22:52 - [TEST_STEP][PASSED] - cardTypeV = findTestData(dataFile).getValue("CardType", row): null

2023-09-21 17:22:52 - [TEST_STEP][PASSED] - last4V = findTestData(dataFile).getValue("Last4", row): null

2023-09-21 17:22:52 - [TEST_STEP][PASSED] - verifyTextPresent(cardTypeV, true): Text 'Visa' is present on page  using regular expression

2023-09-21 17:22:53 - [MESSAGE][PASSED] - Text 'Visa' is present on page  using regular expression

2023-09-21 17:22:53 - [TEST_STEP][PASSED] - verifyTextPresent(last4V, true): Text '5439' is present on page  using regular expression

2023-09-21 17:22:53 - [MESSAGE][PASSED] - Text '5439' is present on page  using regular expression

2023-09-21 17:22:53 - [TEST_STEP][PASSED] - switch (appName): null

2023-09-21 17:22:53 - [TEST_STEP][PASSED] - case "a_Access AutoSingleCFtpQA":: null

2023-09-21 17:22:53 - [TEST_STEP][PASSED] - verifyTextPresent("5.00", true): Text '5.00' is present on page  using regular expression

2023-09-21 17:22:53 - [MESSAGE][PASSED] - Text '5.00' is present on page  using regular expression

2023-09-21 17:22:53 - [TEST_STEP][PASSED] - verifyTextPresent("Single Transaction", true): Text 'Single Transaction' is present on page  using regular expression

2023-09-21 17:22:54 - [MESSAGE][PASSED] - Text 'Single Transaction' is present on page  using regular expression

2023-09-21 17:22:54 - [TEST_STEP][PASSED] - verifyTextPresent("7.50", true): Text '7.50' is present on page  using regular expression

2023-09-21 17:22:54 - [MESSAGE][PASSED] - Text '7.50' is present on page  using regular expression

2023-09-21 17:22:54 - [TEST_STEP][PASSED] - verifyTextPresent("Total Amount", true): Text 'Total Amount' is present on page  using regular expression

2023-09-21 17:22:54 - [MESSAGE][PASSED] - Text 'Total Amount' is present on page  using regular expression

2023-09-21 17:22:54 - [TEST_STEP][PASSED] - verifyTextPresent("Transaction Type", true): Text 'Transaction Type' is present on page  using regular expression

2023-09-21 17:22:55 - [MESSAGE][PASSED] - Text 'Transaction Type' is present on page  using regular expression

2023-09-21 17:22:55 - [TEST_STEP][PASSED] - break: null

2023-09-21 17:22:55 - [TEST_STEP][PASSED] - closeBrowser(): Browser is closed

2023-09-21 17:22:55 - [MESSAGE][PASSED] - Browser is closed

2023-09-21 17:22:55 - [TEST_STEP][PASSED] - ExecuteTC = findTestData(dataFile).getValue("Execute", row): null

2023-09-21 17:22:56 - [TEST_STEP][PASSED] - out.println("Value of Execute is : " + ExecuteTC): null

2023-09-21 17:22:56 - [TEST_STEP][PASSED] - switch (executionProfile): null

2023-09-21 17:22:56 - [TEST_STEP][PASSED] - case "QA2Profile":: null

2023-09-21 17:22:56 - [TEST_STEP][PASSED] - appName = findTestData(dataFile).getValue("AppNameQA", row): null

2023-09-21 17:22:56 - [TEST_STEP][PASSED] - appID = findTestData(dataFile).getValue("AppIDQA", row): null

2023-09-21 17:22:56 - [TEST_STEP][PASSED] - break: null

2023-09-21 17:22:56 - [TEST_STEP][PASSED] - if (ExecuteTC.equalsIgnoreCase("Y")): null

2023-09-21 17:22:56 - [TEST_STEP][PASSED] - out.println("Begin Record Number: " + row): null

2023-09-21 17:22:56 - [TEST_STEP][PASSED] - today = new java.util.Date(): null

2023-09-21 17:22:56 - [TEST_STEP][PASSED] - println(today): null

2023-09-21 17:22:56 - [TEST_STEP][PASSED] - datText = today: null

2023-09-21 17:22:56 - [TEST_STEP][PASSED] - adminSuiteBootstrap.loginFunctionality.login_AdminSuite(): adminSuiteBootstrap.loginFunctionality.login_AdminSuite is PASSED

2023-09-21 17:22:56 - [MESSAGE][INFO] - Starting 'Chrome' driver

2023-09-21 17:22:56 - [MESSAGE][INFO] - User set preference: ['acceptInsecureCerts', 'true']

2023-09-21 17:22:56 - [MESSAGE][INFO] - Action delay is set to 0 milliseconds

2023-09-21 17:22:58 - [MESSAGE][PASSED] - Browser is opened with url: 'https://qa2.velocitypayment.com/admin/imtiaz'

2023-09-21 17:22:58 - [MESSAGE][PASSED] - Current window maximized

2023-09-21 17:22:59 - [MESSAGE][PASSED] - Object 'Object Repository/Login_Page/Login_Username_Okta' is present

2023-09-21 17:22:59 - [MESSAGE][PASSED] - Text 'iahmed' is set on object 'Object Repository/Login_Page/Login_Username_Okta'

2023-09-21 17:23:00 - [MESSAGE][PASSED] - Text 'Hello1111111@' is set on object 'Object Repository/Login_Page/Login_Password_Okta'

2023-09-21 17:23:01 - [MESSAGE][PASSED] - Object: 'Object Repository/Login_Page/Login_Submit_Okta' is clicked on

2023-09-21 17:23:01 - [MESSAGE][PASSED] - adminSuiteBootstrap.loginFunctionality.login_AdminSuite is PASSED

2023-09-21 17:23:01 - [TEST_STEP][PASSED] - click(findTestObject(path_Dashboard + appName)): Object: 'Object Repository/AdminSuiteBootstrap_Pages/Dashboard_Bootstrap/a_Access AutoSingleCFtpQA' is clicked on

2023-09-21 17:23:08 - [MESSAGE][PASSED] - Object: 'Object Repository/AdminSuiteBootstrap_Pages/Dashboard_Bootstrap/a_Access AutoSingleCFtpQA' is clicked on

2023-09-21 17:23:08 - [TEST_STEP][PASSED] - click(findTestObject(path_VT + "a_Find Profile")): Object: 'Object Repository/AdminSuiteBootstrap_Pages/VT_Bootstrap/IssueTransactions/a_Find Profile' is clicked on

2023-09-21 17:23:08 - [MESSAGE][PASSED] - Object: 'Object Repository/AdminSuiteBootstrap_Pages/VT_Bootstrap/IssueTransactions/a_Find Profile' is clicked on

2023-09-21 17:23:08 - [TEST_STEP][PASSED] - criteria = <not implemented yet for class: org.codehaus.groovy.ast.expr.EmptyExpression>: null

2023-09-21 17:23:08 - [TEST_STEP][PASSED] - searchBy = <not implemented yet for class: org.codehaus.groovy.ast.expr.EmptyExpression>: null

2023-09-21 17:23:08 - [TEST_STEP][PASSED] - criteria = findTestData(dataFile).getValue("ProfileName", row): null

2023-09-21 17:23:08 - [TEST_STEP][PASSED] - path_SearchProfile = "Object Repository/AdminSuiteBootstrap_Pages/VSP_Bootstrap/SearchProfile/": null

2023-09-21 17:23:08 - [TEST_STEP][PASSED] - setText(findTestObject(path_SearchProfile + "input_Criteria"), criteria): Text 'PaymentsMC' is set on object 'Object Repository/AdminSuiteBootstrap_Pages/VSP_Bootstrap/SearchProfile/input_Criteria'

2023-09-21 17:23:09 - [MESSAGE][PASSED] - Text 'PaymentsMC' is set on object 'Object Repository/AdminSuiteBootstrap_Pages/VSP_Bootstrap/SearchProfile/input_Criteria'

2023-09-21 17:23:09 - [TEST_STEP][PASSED] - click(findTestObject(path_SearchProfile + "button_Search")): Object: 'Object Repository/AdminSuiteBootstrap_Pages/VSP_Bootstrap/SearchProfile/button_Search' is clicked on

2023-09-21 17:23:10 - [MESSAGE][PASSED] - Object: 'Object Repository/AdminSuiteBootstrap_Pages/VSP_Bootstrap/SearchProfile/button_Search' is clicked on

2023-09-21 17:23:10 - [TEST_STEP][PASSED] - profNameLink = findTestData(dataFile).getValue("ProfileNameLink", row): null

2023-09-21 17:23:10 - [TEST_STEP][PASSED] - click(findTestObject(path_ViewProfile + profNameLink)): Object: 'Object Repository/AdminSuiteBootstrap_Pages/VSP_Bootstrap/View Profile/a_PaymentsMC' is clicked on

2023-09-21 17:23:11 - [MESSAGE][PASSED] - Object: 'Object Repository/AdminSuiteBootstrap_Pages/VSP_Bootstrap/View Profile/a_PaymentsMC' is clicked on

2023-09-21 17:23:11 - [TEST_STEP][PASSED] - click(findTestObject(path_ViewProfile + "a_AuthCap")): Object: 'Object Repository/AdminSuiteBootstrap_Pages/VSP_Bootstrap/View Profile/a_AuthCap' is clicked on

2023-09-21 17:23:12 - [MESSAGE][PASSED] - Object: 'Object Repository/AdminSuiteBootstrap_Pages/VSP_Bootstrap/View Profile/a_AuthCap' is clicked on

2023-09-21 17:23:12 - [TEST_STEP][PASSED] - verifyTextPresent("Credit Card Authorization Capture", true): Text 'Credit Card Authorization Capture' is present on page  using regular expression

2023-09-21 17:23:13 - [MESSAGE][PASSED] - Text 'Credit Card Authorization Capture' is present on page  using regular expression

2023-09-21 17:23:13 - [TEST_STEP][PASSED] - verifyTextPresent("Sale", true): Text 'Sale' is present on page  using regular expression

2023-09-21 17:23:14 - [MESSAGE][PASSED] - Text 'Sale' is present on page  using regular expression

2023-09-21 17:23:14 - [TEST_STEP][PASSED] - verifyTextPresent("Required fields are highlighted with an asterisk", true): Text 'Required fields are highlighted with an asterisk' is present on page  using regular expression

2023-09-21 17:23:14 - [MESSAGE][PASSED] - Text 'Required fields are highlighted with an asterisk' is present on page  using regular expression

2023-09-21 17:23:14 - [TEST_STEP][PASSED] - verifyTextPresent("Remittance ID", true): Text 'Remittance ID' is present on page  using regular expression

2023-09-21 17:23:14 - [MESSAGE][PASSED] - Text 'Remittance ID' is present on page  using regular expression

2023-09-21 17:23:14 - [TEST_STEP][PASSED] - vspBootstrap.SalePage.setDataSaleAndAuth(row, dataFile): vspBootstrap.SalePage.setDataSaleAndAuth is PASSED

2023-09-21 17:23:16 - [MESSAGE][PASSED] - All options with value 'RETL' are selected in object 'Object Repository/AdminSuiteBootstrap_Pages/VSP_Bootstrap/VSP_Authcap/select_TransactionCategory'  using regular expression

2023-09-21 17:23:16 - [MESSAGE][PASSED] - Text '123' is set on object 'Object Repository/AdminSuiteBootstrap_Pages/VSP_Bootstrap/VSP_Authcap/input_cvv'

2023-09-21 17:23:17 - [MESSAGE][PASSED] - Text '' is set on object 'Object Repository/AdminSuiteBootstrap_Pages/VSP_Bootstrap/VSP_Authcap/input_smsNumber'

2023-09-21 17:23:17 - [MESSAGE][PASSED] - Text '2.50' is set on object 'Object Repository/AdminSuiteBootstrap_Pages/VSP_Bootstrap/VSP_Authcap/input_amount'

2023-09-21 17:23:19 - [MESSAGE][PASSED] - Text 'Delhi' is set on object 'Object Repository/AdminSuiteBootstrap_Pages/VSP_Bootstrap/VSP_Authcap/input_userDefined1'

2023-09-21 17:23:19 - [MESSAGE][PASSED] - Text 'Chennai' is set on object 'Object Repository/AdminSuiteBootstrap_Pages/VSP_Bootstrap/VSP_Authcap/input_userDefined2'

2023-09-21 17:23:20 - [MESSAGE][PASSED] - Text 'Mumbai' is set on object 'Object Repository/AdminSuiteBootstrap_Pages/VSP_Bootstrap/VSP_Authcap/input_userDefined3'

2023-09-21 17:23:20 - [MESSAGE][PASSED] - Text 'Kanpur' is set on object 'Object Repository/AdminSuiteBootstrap_Pages/VSP_Bootstrap/VSP_Authcap/input_userDefined4'

2023-09-21 17:23:21 - [MESSAGE][PASSED] - All options with label 'Orange' are selected in object 'Object Repository/AdminSuiteBootstrap_Pages/VSP_Bootstrap/VSP_Authcap/select_UDF5'  using regular expression

2023-09-21 17:23:22 - [MESSAGE][PASSED] - All options with label 'Yellow' are selected in object 'Object Repository/AdminSuiteBootstrap_Pages/VSP_Bootstrap/VSP_Authcap/select_UDF6'  using regular expression

2023-09-21 17:23:23 - [MESSAGE][PASSED] - Text 'Kolkata' is set on object 'Object Repository/AdminSuiteBootstrap_Pages/VSP_Bootstrap/VSP_Authcap/input_userDefined7'

2023-09-21 17:23:23 - [MESSAGE][PASSED] - Text 'Pune' is set on object 'Object Repository/AdminSuiteBootstrap_Pages/VSP_Bootstrap/VSP_Authcap/input_userDefined8'

2023-09-21 17:23:24 - [MESSAGE][PASSED] - Text 'Bhavnagar' is set on object 'Object Repository/AdminSuiteBootstrap_Pages/VSP_Bootstrap/VSP_Authcap/input_userDefined9'

2023-09-21 17:23:25 - [MESSAGE][PASSED] - Text 'Noida' is set on object 'Object Repository/AdminSuiteBootstrap_Pages/VSP_Bootstrap/VSP_Authcap/input_userDefined10'

2023-09-21 17:23:26 - [MESSAGE][PASSED] - Object: 'Object Repository/AdminSuiteBootstrap_Pages/VSP_Bootstrap/VSP_Authcap/button_Submit' is clicked on

2023-09-21 17:23:26 - [MESSAGE][PASSED] - vspBootstrap.SalePage.setDataSaleAndAuth is PASSED

2023-09-21 17:23:26 - [TEST_STEP][PASSED] - verifyTextPresent("Transaction Successful", true): Text 'Transaction Successful' is present on page  using regular expression

2023-09-21 17:23:27 - [MESSAGE][PASSED] - Text 'Transaction Successful' is present on page  using regular expression

2023-09-21 17:23:27 - [TEST_STEP][PASSED] - verifyElementVisible(findTestObject("Object Repository/AdminSuiteBootstrap_Pages/VT_Bootstrap/Receipt/button_Continue")): Object 'Object Repository/AdminSuiteBootstrap_Pages/VT_Bootstrap/Receipt/button_Continue' is visible

2023-09-21 17:23:27 - [MESSAGE][PASSED] - Object 'Object Repository/AdminSuiteBootstrap_Pages/VT_Bootstrap/Receipt/button_Continue' is visible

2023-09-21 17:23:27 - [TEST_STEP][PASSED] - verifyElementPresent(findTestObject("Object Repository/AdminSuiteBootstrap_Pages/VT_Bootstrap/Receipt/button_Continue"), 20): Object 'Object Repository/AdminSuiteBootstrap_Pages/VT_Bootstrap/Receipt/button_Continue' is present

2023-09-21 17:23:27 - [MESSAGE][PASSED] - Object 'Object Repository/AdminSuiteBootstrap_Pages/VT_Bootstrap/Receipt/button_Continue' is present

2023-09-21 17:23:27 - [TEST_STEP][PASSED] - verifyElementVisible(findTestObject("Object Repository/AdminSuiteBootstrap_Pages/VT_Bootstrap/Receipt/button_Print")): Object 'Object Repository/AdminSuiteBootstrap_Pages/VT_Bootstrap/Receipt/button_Print' is visible

2023-09-21 17:23:28 - [MESSAGE][PASSED] - Object 'Object Repository/AdminSuiteBootstrap_Pages/VT_Bootstrap/Receipt/button_Print' is visible

2023-09-21 17:23:28 - [TEST_STEP][PASSED] - verifyElementPresent(findTestObject("Object Repository/AdminSuiteBootstrap_Pages/VT_Bootstrap/Receipt/button_Print"), 20): Object 'Object Repository/AdminSuiteBootstrap_Pages/VT_Bootstrap/Receipt/button_Print' is present

2023-09-21 17:23:28 - [MESSAGE][PASSED] - Object 'Object Repository/AdminSuiteBootstrap_Pages/VT_Bootstrap/Receipt/button_Print' is present

2023-09-21 17:23:28 - [TEST_STEP][PASSED] - verifyTextPresent("Remittance ID", true): Text 'Remittance ID' is present on page  using regular expression

2023-09-21 17:23:28 - [MESSAGE][PASSED] - Text 'Remittance ID' is present on page  using regular expression

2023-09-21 17:23:28 - [TEST_STEP][PASSED] - verifyTextPresent("Received", true): Text 'Received' is present on page  using regular expression

2023-09-21 17:23:28 - [MESSAGE][PASSED] - Text 'Received' is present on page  using regular expression

2023-09-21 17:23:28 - [TEST_STEP][PASSED] - verifyTextPresent("UDF1", true): Text 'UDF1' is present on page  using regular expression

2023-09-21 17:23:29 - [MESSAGE][PASSED] - Text 'UDF1' is present on page  using regular expression

2023-09-21 17:23:29 - [TEST_STEP][PASSED] - verifyTextPresent("UDF2", true): Text 'UDF2' is present on page  using regular expression

2023-09-21 17:23:29 - [MESSAGE][PASSED] - Text 'UDF2' is present on page  using regular expression

2023-09-21 17:23:29 - [TEST_STEP][PASSED] - verifyTextPresent("UDF3", true): Text 'UDF3' is present on page  using regular expression

2023-09-21 17:23:29 - [MESSAGE][PASSED] - Text 'UDF3' is present on page  using regular expression

2023-09-21 17:23:29 - [TEST_STEP][PASSED] - verifyTextPresent("UDF4", true): Text 'UDF4' is present on page  using regular expression

2023-09-21 17:23:30 - [MESSAGE][PASSED] - Text 'UDF4' is present on page  using regular expression

2023-09-21 17:23:30 - [TEST_STEP][PASSED] - verifyTextPresent("UDF5", true): Text 'UDF5' is present on page  using regular expression

2023-09-21 17:23:30 - [MESSAGE][PASSED] - Text 'UDF5' is present on page  using regular expression

2023-09-21 17:23:30 - [TEST_STEP][PASSED] - verifyTextPresent("UDF6", true): Text 'UDF6' is present on page  using regular expression

2023-09-21 17:23:30 - [MESSAGE][PASSED] - Text 'UDF6' is present on page  using regular expression

2023-09-21 17:23:30 - [TEST_STEP][PASSED] - verifyTextPresent("UDF7", true): Text 'UDF7' is present on page  using regular expression

2023-09-21 17:23:31 - [MESSAGE][PASSED] - Text 'UDF7' is present on page  using regular expression

2023-09-21 17:23:31 - [TEST_STEP][PASSED] - verifyTextPresent("UDF8", true): Text 'UDF8' is present on page  using regular expression

2023-09-21 17:23:31 - [MESSAGE][PASSED] - Text 'UDF8' is present on page  using regular expression

2023-09-21 17:23:31 - [TEST_STEP][PASSED] - verifyTextPresent("UDF9", true): Text 'UDF9' is present on page  using regular expression

2023-09-21 17:23:31 - [MESSAGE][PASSED] - Text 'UDF9' is present on page  using regular expression

2023-09-21 17:23:31 - [TEST_STEP][PASSED] - verifyTextPresent("UDF 10", true): Text 'UDF 10' is present on page  using regular expression

2023-09-21 17:23:31 - [MESSAGE][PASSED] - Text 'UDF 10' is present on page  using regular expression

2023-09-21 17:23:31 - [TEST_STEP][PASSED] - verifyTextPresent("Delhi", true): Text 'Delhi' is present on page  using regular expression

2023-09-21 17:23:32 - [MESSAGE][PASSED] - Text 'Delhi' is present on page  using regular expression

2023-09-21 17:23:32 - [TEST_STEP][PASSED] - verifyTextPresent("Chennai", true): Text 'Chennai' is present on page  using regular expression

2023-09-21 17:23:32 - [MESSAGE][PASSED] - Text 'Chennai' is present on page  using regular expression

2023-09-21 17:23:32 - [TEST_STEP][PASSED] - verifyTextPresent("Mumbai", true): Text 'Mumbai' is present on page  using regular expression

2023-09-21 17:23:32 - [MESSAGE][PASSED] - Text 'Mumbai' is present on page  using regular expression

2023-09-21 17:23:32 - [TEST_STEP][PASSED] - verifyTextPresent("Kanpur", true): Text 'Kanpur' is present on page  using regular expression

2023-09-21 17:23:33 - [MESSAGE][PASSED] - Text 'Kanpur' is present on page  using regular expression

2023-09-21 17:23:33 - [TEST_STEP][PASSED] - verifyTextPresent("Orange Recorded", true): Text 'Orange Recorded' is present on page  using regular expression

2023-09-21 17:23:33 - [MESSAGE][PASSED] - Text 'Orange Recorded' is present on page  using regular expression

2023-09-21 17:23:33 - [TEST_STEP][PASSED] - verifyTextPresent("Yellow Recorded", true): Text 'Yellow Recorded' is present on page  using regular expression

2023-09-21 17:23:33 - [MESSAGE][PASSED] - Text 'Yellow Recorded' is present on page  using regular expression

2023-09-21 17:23:33 - [TEST_STEP][PASSED] - verifyTextPresent("Kolkata", true): Text 'Kolkata' is present on page  using regular expression

2023-09-21 17:23:34 - [MESSAGE][PASSED] - Text 'Kolkata' is present on page  using regular expression

2023-09-21 17:23:34 - [TEST_STEP][PASSED] - verifyTextPresent("Pune", true): Text 'Pune' is present on page  using regular expression

2023-09-21 17:23:34 - [MESSAGE][PASSED] - Text 'Pune' is present on page  using regular expression

2023-09-21 17:23:34 - [TEST_STEP][PASSED] - verifyTextPresent("Bhavnagar", true): Text 'Bhavnagar' is present on page  using regular expression

2023-09-21 17:23:34 - [MESSAGE][PASSED] - Text 'Bhavnagar' is present on page  using regular expression

2023-09-21 17:23:34 - [TEST_STEP][PASSED] - verifyTextPresent("Noida", true): Text 'Noida' is present on page  using regular expression

2023-09-21 17:23:34 - [MESSAGE][PASSED] - Text 'Noida' is present on page  using regular expression

2023-09-21 17:23:34 - [TEST_STEP][PASSED] - verifyTextPresent("Amount", true): Text 'Amount' is present on page  using regular expression

2023-09-21 17:23:35 - [MESSAGE][PASSED] - Text 'Amount' is present on page  using regular expression

2023-09-21 17:23:35 - [TEST_STEP][PASSED] - verifyTextPresent("2.50", true): Text '2.50' is present on page  using regular expression

2023-09-21 17:23:35 - [MESSAGE][PASSED] - Text '2.50' is present on page  using regular expression

2023-09-21 17:23:35 - [TEST_STEP][PASSED] - verifyTextPresent("Authorization and Capture", true): Text 'Authorization and Capture' is present on page  using regular expression

2023-09-21 17:23:35 - [MESSAGE][PASSED] - Text 'Authorization and Capture' is present on page  using regular expression

2023-09-21 17:23:35 - [TEST_STEP][PASSED] - verifyTextPresent("Card Information", true): Text 'Card Information' is present on page  using regular expression

2023-09-21 17:23:36 - [MESSAGE][PASSED] - Text 'Card Information' is present on page  using regular expression

2023-09-21 17:23:36 - [TEST_STEP][PASSED] - verifyTextPresent("TANDON RAVENA", true): Text 'TANDON RAVENA' is present on page  using regular expression

2023-09-21 17:23:36 - [MESSAGE][PASSED] - Text 'TANDON RAVENA' is present on page  using regular expression

2023-09-21 17:23:36 - [TEST_STEP][PASSED] - verifyTextPresent("Address Line 1", true): Text 'Address Line 1' is present on page  using regular expression

2023-09-21 17:23:36 - [MESSAGE][PASSED] - Text 'Address Line 1' is present on page  using regular expression

2023-09-21 17:23:36 - [TEST_STEP][PASSED] - verifyTextPresent("Address Line 2", true): Text 'Address Line 2' is present on page  using regular expression

2023-09-21 17:23:37 - [MESSAGE][PASSED] - Text 'Address Line 2' is present on page  using regular expression

2023-09-21 17:23:37 - [TEST_STEP][PASSED] - verifyTextPresent("Country", true): Text 'Country' is present on page  using regular expression

2023-09-21 17:23:37 - [MESSAGE][PASSED] - Text 'Country' is present on page  using regular expression

2023-09-21 17:23:37 - [TEST_STEP][PASSED] - verifyTextPresent("City", true): Text 'City' is present on page  using regular expression

2023-09-21 17:23:37 - [MESSAGE][PASSED] - Text 'City' is present on page  using regular expression

2023-09-21 17:23:37 - [TEST_STEP][PASSED] - verifyTextPresent("State", true): Text 'State' is present on page  using regular expression

2023-09-21 17:23:37 - [MESSAGE][PASSED] - Text 'State' is present on page  using regular expression

2023-09-21 17:23:37 - [TEST_STEP][PASSED] - verifyTextPresent("ZIP Code", true): Text 'ZIP Code' is present on page  using regular expression

2023-09-21 17:23:38 - [MESSAGE][PASSED] - Text 'ZIP Code' is present on page  using regular expression

2023-09-21 17:23:38 - [TEST_STEP][PASSED] - verifyTextPresent("248 PhoolKaante road", true): Text '248 PhoolKaante road' is present on page  using regular expression

2023-09-21 17:23:38 - [MESSAGE][PASSED] - Text '248 PhoolKaante road' is present on page  using regular expression

2023-09-21 17:23:38 - [TEST_STEP][PASSED] - verifyTextPresent("Suite 678", true): Text 'Suite 678' is present on page  using regular expression

2023-09-21 17:23:38 - [MESSAGE][PASSED] - Text 'Suite 678' is present on page  using regular expression

2023-09-21 17:23:38 - [TEST_STEP][PASSED] - verifyTextPresent("United States", true): Text 'United States' is present on page  using regular expression

2023-09-21 17:23:39 - [MESSAGE][PASSED] - Text 'United States' is present on page  using regular expression

2023-09-21 17:23:39 - [TEST_STEP][PASSED] - verifyTextPresent("ARLINGTON", true): Text 'ARLINGTON' is present on page  using regular expression

2023-09-21 17:23:39 - [MESSAGE][PASSED] - Text 'ARLINGTON' is present on page  using regular expression

2023-09-21 17:23:39 - [TEST_STEP][PASSED] - verifyTextPresent("VA", true): Text 'VA' is present on page  using regular expression

2023-09-21 17:23:39 - [MESSAGE][PASSED] - Text 'VA' is present on page  using regular expression

2023-09-21 17:23:39 - [TEST_STEP][PASSED] - verifyTextPresent("22201", true): Text '22201' is present on page  using regular expression

2023-09-21 17:23:40 - [MESSAGE][PASSED] - Text '22201' is present on page  using regular expression

2023-09-21 17:23:40 - [TEST_STEP][PASSED] - cardTypeV = findTestData(dataFile).getValue("CardType", row): null

2023-09-21 17:23:40 - [TEST_STEP][PASSED] - last4V = findTestData(dataFile).getValue("Last4", row): null

2023-09-21 17:23:40 - [TEST_STEP][PASSED] - verifyTextPresent(cardTypeV, true): Text 'MasterCard' is present on page  using regular expression

2023-09-21 17:23:40 - [MESSAGE][PASSED] - Text 'MasterCard' is present on page  using regular expression

2023-09-21 17:23:40 - [TEST_STEP][PASSED] - verifyTextPresent(last4V, true): Text '0035' is present on page  using regular expression

2023-09-21 17:23:40 - [MESSAGE][PASSED] - Text '0035' is present on page  using regular expression

2023-09-21 17:23:40 - [TEST_STEP][PASSED] - switch (appName): null

2023-09-21 17:23:40 - [TEST_STEP][PASSED] - case "a_Access AutoSingleCFtpQA":: null

2023-09-21 17:23:40 - [TEST_STEP][PASSED] - verifyTextPresent("5.00", true): Text '5.00' is present on page  using regular expression

2023-09-21 17:23:40 - [MESSAGE][PASSED] - Text '5.00' is present on page  using regular expression

2023-09-21 17:23:40 - [TEST_STEP][PASSED] - verifyTextPresent("Single Transaction", true): Text 'Single Transaction' is present on page  using regular expression

2023-09-21 17:23:41 - [MESSAGE][PASSED] - Text 'Single Transaction' is present on page  using regular expression

2023-09-21 17:23:41 - [TEST_STEP][PASSED] - verifyTextPresent("7.50", true): Text '7.50' is present on page  using regular expression

2023-09-21 17:23:41 - [MESSAGE][PASSED] - Text '7.50' is present on page  using regular expression

2023-09-21 17:23:41 - [TEST_STEP][PASSED] - verifyTextPresent("Total Amount", true): Text 'Total Amount' is present on page  using regular expression

2023-09-21 17:23:41 - [MESSAGE][PASSED] - Text 'Total Amount' is present on page  using regular expression

2023-09-21 17:23:41 - [TEST_STEP][PASSED] - verifyTextPresent("Transaction Type", true): Text 'Transaction Type' is present on page  using regular expression

2023-09-21 17:23:42 - [MESSAGE][PASSED] - Text 'Transaction Type' is present on page  using regular expression

2023-09-21 17:23:42 - [TEST_STEP][PASSED] - break: null

2023-09-21 17:23:42 - [TEST_STEP][PASSED] - closeBrowser(): Browser is closed

2023-09-21 17:23:43 - [MESSAGE][PASSED] - Browser is closed

2023-09-21 17:23:43 - [TEST_STEP][PASSED] - ExecuteTC = findTestData(dataFile).getValue("Execute", row): null

2023-09-21 17:23:43 - [TEST_STEP][PASSED] - out.println("Value of Execute is : " + ExecuteTC): null

2023-09-21 17:23:43 - [TEST_STEP][PASSED] - switch (executionProfile): null

2023-09-21 17:23:43 - [TEST_STEP][PASSED] - case "QA2Profile":: null

2023-09-21 17:23:43 - [TEST_STEP][PASSED] - appName = findTestData(dataFile).getValue("AppNameQA", row): null

2023-09-21 17:23:43 - [TEST_STEP][PASSED] - appID = findTestData(dataFile).getValue("AppIDQA", row): null

2023-09-21 17:23:43 - [TEST_STEP][PASSED] - break: null

2023-09-21 17:23:43 - [TEST_STEP][PASSED] - if (ExecuteTC.equalsIgnoreCase("Y")): null

2023-09-21 17:23:43 - [TEST_STEP][PASSED] - out.println("Begin Record Number: " + row): null

2023-09-21 17:23:43 - [TEST_STEP][PASSED] - today = new java.util.Date(): null

2023-09-21 17:23:43 - [TEST_STEP][PASSED] - println(today): null

2023-09-21 17:23:43 - [TEST_STEP][PASSED] - datText = today: null

2023-09-21 17:23:43 - [TEST_STEP][PASSED] - adminSuiteBootstrap.loginFunctionality.login_AdminSuite(): adminSuiteBootstrap.loginFunctionality.login_AdminSuite is PASSED

2023-09-21 17:23:43 - [MESSAGE][INFO] - Starting 'Chrome' driver

2023-09-21 17:23:43 - [MESSAGE][INFO] - User set preference: ['acceptInsecureCerts', 'true']

2023-09-21 17:23:43 - [MESSAGE][INFO] - Action delay is set to 0 milliseconds

2023-09-21 17:23:45 - [MESSAGE][PASSED] - Browser is opened with url: 'https://qa2.velocitypayment.com/admin/imtiaz'

2023-09-21 17:23:46 - [MESSAGE][PASSED] - Current window maximized

2023-09-21 17:23:46 - [MESSAGE][PASSED] - Object 'Object Repository/Login_Page/Login_Username_Okta' is present

2023-09-21 17:23:47 - [MESSAGE][PASSED] - Text 'iahmed' is set on object 'Object Repository/Login_Page/Login_Username_Okta'

2023-09-21 17:23:48 - [MESSAGE][PASSED] - Text 'Hello1111111@' is set on object 'Object Repository/Login_Page/Login_Password_Okta'

2023-09-21 17:23:48 - [MESSAGE][PASSED] - Object: 'Object Repository/Login_Page/Login_Submit_Okta' is clicked on

2023-09-21 17:23:48 - [MESSAGE][PASSED] - adminSuiteBootstrap.loginFunctionality.login_AdminSuite is PASSED

2023-09-21 17:23:48 - [TEST_STEP][PASSED] - click(findTestObject(path_Dashboard + appName)): Object: 'Object Repository/AdminSuiteBootstrap_Pages/Dashboard_Bootstrap/a_Access AutoSingleCFtpQA' is clicked on

2023-09-21 17:23:55 - [MESSAGE][PASSED] - Object: 'Object Repository/AdminSuiteBootstrap_Pages/Dashboard_Bootstrap/a_Access AutoSingleCFtpQA' is clicked on

2023-09-21 17:23:55 - [TEST_STEP][PASSED] - click(findTestObject(path_VT + "a_Find Profile")): Object: 'Object Repository/AdminSuiteBootstrap_Pages/VT_Bootstrap/IssueTransactions/a_Find Profile' is clicked on

2023-09-21 17:23:56 - [MESSAGE][PASSED] - Object: 'Object Repository/AdminSuiteBootstrap_Pages/VT_Bootstrap/IssueTransactions/a_Find Profile' is clicked on

2023-09-21 17:23:56 - [TEST_STEP][PASSED] - criteria = <not implemented yet for class: org.codehaus.groovy.ast.expr.EmptyExpression>: null

2023-09-21 17:23:56 - [TEST_STEP][PASSED] - searchBy = <not implemented yet for class: org.codehaus.groovy.ast.expr.EmptyExpression>: null

2023-09-21 17:23:56 - [TEST_STEP][PASSED] - criteria = findTestData(dataFile).getValue("ProfileName", row): null

2023-09-21 17:23:56 - [TEST_STEP][PASSED] - path_SearchProfile = "Object Repository/AdminSuiteBootstrap_Pages/VSP_Bootstrap/SearchProfile/": null

2023-09-21 17:23:56 - [TEST_STEP][PASSED] - setText(findTestObject(path_SearchProfile + "input_Criteria"), criteria): Text 'PaymentsAmEx' is set on object 'Object Repository/AdminSuiteBootstrap_Pages/VSP_Bootstrap/SearchProfile/input_Criteria'

2023-09-21 17:23:57 - [MESSAGE][PASSED] - Text 'PaymentsAmEx' is set on object 'Object Repository/AdminSuiteBootstrap_Pages/VSP_Bootstrap/SearchProfile/input_Criteria'

2023-09-21 17:23:57 - [TEST_STEP][PASSED] - click(findTestObject(path_SearchProfile + "button_Search")): Object: 'Object Repository/AdminSuiteBootstrap_Pages/VSP_Bootstrap/SearchProfile/button_Search' is clicked on

2023-09-21 17:23:58 - [MESSAGE][PASSED] - Object: 'Object Repository/AdminSuiteBootstrap_Pages/VSP_Bootstrap/SearchProfile/button_Search' is clicked on

2023-09-21 17:23:58 - [TEST_STEP][PASSED] - profNameLink = findTestData(dataFile).getValue("ProfileNameLink", row): null

2023-09-21 17:23:58 - [TEST_STEP][PASSED] - click(findTestObject(path_ViewProfile + profNameLink)): Object: 'Object Repository/AdminSuiteBootstrap_Pages/VSP_Bootstrap/View Profile/a_PaymentsAmEx' is clicked on

2023-09-21 17:23:59 - [MESSAGE][PASSED] - Object: 'Object Repository/AdminSuiteBootstrap_Pages/VSP_Bootstrap/View Profile/a_PaymentsAmEx' is clicked on

2023-09-21 17:23:59 - [TEST_STEP][PASSED] - click(findTestObject(path_ViewProfile + "a_AuthCap")): Object: 'Object Repository/AdminSuiteBootstrap_Pages/VSP_Bootstrap/View Profile/a_AuthCap' is clicked on

2023-09-21 17:24:00 - [MESSAGE][PASSED] - Object: 'Object Repository/AdminSuiteBootstrap_Pages/VSP_Bootstrap/View Profile/a_AuthCap' is clicked on

2023-09-21 17:24:00 - [TEST_STEP][PASSED] - verifyTextPresent("Credit Card Authorization Capture", true): Text 'Credit Card Authorization Capture' is present on page  using regular expression

2023-09-21 17:24:01 - [MESSAGE][PASSED] - Text 'Credit Card Authorization Capture' is present on page  using regular expression

2023-09-21 17:24:01 - [TEST_STEP][PASSED] - verifyTextPresent("Sale", true): Text 'Sale' is present on page  using regular expression

2023-09-21 17:24:01 - [MESSAGE][PASSED] - Text 'Sale' is present on page  using regular expression

2023-09-21 17:24:01 - [TEST_STEP][PASSED] - verifyTextPresent("Required fields are highlighted with an asterisk", true): Text 'Required fields are highlighted with an asterisk' is present on page  using regular expression

2023-09-21 17:24:02 - [MESSAGE][PASSED] - Text 'Required fields are highlighted with an asterisk' is present on page  using regular expression

2023-09-21 17:24:02 - [TEST_STEP][PASSED] - verifyTextPresent("Remittance ID", true): Text 'Remittance ID' is present on page  using regular expression

2023-09-21 17:24:02 - [MESSAGE][PASSED] - Text 'Remittance ID' is present on page  using regular expression

2023-09-21 17:24:02 - [TEST_STEP][PASSED] - vspBootstrap.SalePage.setDataSaleAndAuth(row, dataFile): vspBootstrap.SalePage.setDataSaleAndAuth is PASSED

2023-09-21 17:24:03 - [MESSAGE][PASSED] - All options with value 'RETL' are selected in object 'Object Repository/AdminSuiteBootstrap_Pages/VSP_Bootstrap/VSP_Authcap/select_TransactionCategory'  using regular expression

2023-09-21 17:24:04 - [MESSAGE][PASSED] - Text '1234' is set on object 'Object Repository/AdminSuiteBootstrap_Pages/VSP_Bootstrap/VSP_Authcap/input_cvv'

2023-09-21 17:24:05 - [MESSAGE][PASSED] - Text '' is set on object 'Object Repository/AdminSuiteBootstrap_Pages/VSP_Bootstrap/VSP_Authcap/input_smsNumber'

2023-09-21 17:24:05 - [MESSAGE][PASSED] - Text '2.50' is set on object 'Object Repository/AdminSuiteBootstrap_Pages/VSP_Bootstrap/VSP_Authcap/input_amount'

2023-09-21 17:24:06 - [MESSAGE][PASSED] - Text 'Delhi' is set on object 'Object Repository/AdminSuiteBootstrap_Pages/VSP_Bootstrap/VSP_Authcap/input_userDefined1'

2023-09-21 17:24:07 - [MESSAGE][PASSED] - Text 'Chennai' is set on object 'Object Repository/AdminSuiteBootstrap_Pages/VSP_Bootstrap/VSP_Authcap/input_userDefined2'

2023-09-21 17:24:08 - [MESSAGE][PASSED] - Text 'Mumbai' is set on object 'Object Repository/AdminSuiteBootstrap_Pages/VSP_Bootstrap/VSP_Authcap/input_userDefined3'

2023-09-21 17:24:08 - [MESSAGE][PASSED] - Text 'Kanpur' is set on object 'Object Repository/AdminSuiteBootstrap_Pages/VSP_Bootstrap/VSP_Authcap/input_userDefined4'

2023-09-21 17:24:09 - [MESSAGE][PASSED] - All options with label 'Orange' are selected in object 'Object Repository/AdminSuiteBootstrap_Pages/VSP_Bootstrap/VSP_Authcap/select_UDF5'  using regular expression

2023-09-21 17:24:10 - [MESSAGE][PASSED] - All options with label 'Yellow' are selected in object 'Object Repository/AdminSuiteBootstrap_Pages/VSP_Bootstrap/VSP_Authcap/select_UDF6'  using regular expression

2023-09-21 17:24:11 - [MESSAGE][PASSED] - Text 'Kolkata' is set on object 'Object Repository/AdminSuiteBootstrap_Pages/VSP_Bootstrap/VSP_Authcap/input_userDefined7'

2023-09-21 17:24:11 - [MESSAGE][PASSED] - Text 'Pune' is set on object 'Object Repository/AdminSuiteBootstrap_Pages/VSP_Bootstrap/VSP_Authcap/input_userDefined8'

2023-09-21 17:24:12 - [MESSAGE][PASSED] - Text 'Bhavnagar' is set on object 'Object Repository/AdminSuiteBootstrap_Pages/VSP_Bootstrap/VSP_Authcap/input_userDefined9'

2023-09-21 17:24:13 - [MESSAGE][PASSED] - Text 'Noida' is set on object 'Object Repository/AdminSuiteBootstrap_Pages/VSP_Bootstrap/VSP_Authcap/input_userDefined10'

2023-09-21 17:24:14 - [MESSAGE][PASSED] - Object: 'Object Repository/AdminSuiteBootstrap_Pages/VSP_Bootstrap/VSP_Authcap/button_Submit' is clicked on

2023-09-21 17:24:14 - [MESSAGE][PASSED] - vspBootstrap.SalePage.setDataSaleAndAuth is PASSED

2023-09-21 17:24:14 - [TEST_STEP][PASSED] - verifyTextPresent("Transaction Successful", true): Text 'Transaction Successful' is present on page  using regular expression

2023-09-21 17:24:14 - [MESSAGE][PASSED] - Text 'Transaction Successful' is present on page  using regular expression

2023-09-21 17:24:14 - [TEST_STEP][PASSED] - verifyElementVisible(findTestObject("Object Repository/AdminSuiteBootstrap_Pages/VT_Bootstrap/Receipt/button_Continue")): Object 'Object Repository/AdminSuiteBootstrap_Pages/VT_Bootstrap/Receipt/button_Continue' is visible

2023-09-21 17:24:15 - [MESSAGE][PASSED] - Object 'Object Repository/AdminSuiteBootstrap_Pages/VT_Bootstrap/Receipt/button_Continue' is visible

2023-09-21 17:24:15 - [TEST_STEP][PASSED] - verifyElementPresent(findTestObject("Object Repository/AdminSuiteBootstrap_Pages/VT_Bootstrap/Receipt/button_Continue"), 20): Object 'Object Repository/AdminSuiteBootstrap_Pages/VT_Bootstrap/Receipt/button_Continue' is present

2023-09-21 17:24:15 - [MESSAGE][PASSED] - Object 'Object Repository/AdminSuiteBootstrap_Pages/VT_Bootstrap/Receipt/button_Continue' is present

2023-09-21 17:24:15 - [TEST_STEP][PASSED] - verifyElementVisible(findTestObject("Object Repository/AdminSuiteBootstrap_Pages/VT_Bootstrap/Receipt/button_Print")): Object 'Object Repository/AdminSuiteBootstrap_Pages/VT_Bootstrap/Receipt/button_Print' is visible

2023-09-21 17:24:15 - [MESSAGE][PASSED] - Object 'Object Repository/AdminSuiteBootstrap_Pages/VT_Bootstrap/Receipt/button_Print' is visible

2023-09-21 17:24:15 - [TEST_STEP][PASSED] - verifyElementPresent(findTestObject("Object Repository/AdminSuiteBootstrap_Pages/VT_Bootstrap/Receipt/button_Print"), 20): Object 'Object Repository/AdminSuiteBootstrap_Pages/VT_Bootstrap/Receipt/button_Print' is present

2023-09-21 17:24:16 - [MESSAGE][PASSED] - Object 'Object Repository/AdminSuiteBootstrap_Pages/VT_Bootstrap/Receipt/button_Print' is present

2023-09-21 17:24:16 - [TEST_STEP][PASSED] - verifyTextPresent("Remittance ID", true): Text 'Remittance ID' is present on page  using regular expression

2023-09-21 17:24:16 - [MESSAGE][PASSED] - Text 'Remittance ID' is present on page  using regular expression

2023-09-21 17:24:16 - [TEST_STEP][PASSED] - verifyTextPresent("Received", true): Text 'Received' is present on page  using regular expression

2023-09-21 17:24:16 - [MESSAGE][PASSED] - Text 'Received' is present on page  using regular expression

2023-09-21 17:24:16 - [TEST_STEP][PASSED] - verifyTextPresent("UDF1", true): Text 'UDF1' is present on page  using regular expression

2023-09-21 17:24:17 - [MESSAGE][PASSED] - Text 'UDF1' is present on page  using regular expression

2023-09-21 17:24:17 - [TEST_STEP][PASSED] - verifyTextPresent("UDF2", true): Text 'UDF2' is present on page  using regular expression

2023-09-21 17:24:17 - [MESSAGE][PASSED] - Text 'UDF2' is present on page  using regular expression

2023-09-21 17:24:17 - [TEST_STEP][PASSED] - verifyTextPresent("UDF3", true): Text 'UDF3' is present on page  using regular expression

2023-09-21 17:24:17 - [MESSAGE][PASSED] - Text 'UDF3' is present on page  using regular expression

2023-09-21 17:24:17 - [TEST_STEP][PASSED] - verifyTextPresent("UDF4", true): Text 'UDF4' is present on page  using regular expression

2023-09-21 17:24:18 - [MESSAGE][PASSED] - Text 'UDF4' is present on page  using regular expression

2023-09-21 17:24:18 - [TEST_STEP][PASSED] - verifyTextPresent("UDF5", true): Text 'UDF5' is present on page  using regular expression

2023-09-21 17:24:18 - [MESSAGE][PASSED] - Text 'UDF5' is present on page  using regular expression

2023-09-21 17:24:18 - [TEST_STEP][PASSED] - verifyTextPresent("UDF6", true): Text 'UDF6' is present on page  using regular expression

2023-09-21 17:24:18 - [MESSAGE][PASSED] - Text 'UDF6' is present on page  using regular expression

2023-09-21 17:24:18 - [TEST_STEP][PASSED] - verifyTextPresent("UDF7", true): Text 'UDF7' is present on page  using regular expression

2023-09-21 17:24:18 - [MESSAGE][PASSED] - Text 'UDF7' is present on page  using regular expression

2023-09-21 17:24:18 - [TEST_STEP][PASSED] - verifyTextPresent("UDF8", true): Text 'UDF8' is present on page  using regular expression

2023-09-21 17:24:19 - [MESSAGE][PASSED] - Text 'UDF8' is present on page  using regular expression

2023-09-21 17:24:19 - [TEST_STEP][PASSED] - verifyTextPresent("UDF9", true): Text 'UDF9' is present on page  using regular expression

2023-09-21 17:24:19 - [MESSAGE][PASSED] - Text 'UDF9' is present on page  using regular expression

2023-09-21 17:24:19 - [TEST_STEP][PASSED] - verifyTextPresent("UDF 10", true): Text 'UDF 10' is present on page  using regular expression

2023-09-21 17:24:19 - [MESSAGE][PASSED] - Text 'UDF 10' is present on page  using regular expression

2023-09-21 17:24:19 - [TEST_STEP][PASSED] - verifyTextPresent("Delhi", true): Text 'Delhi' is present on page  using regular expression

2023-09-21 17:24:20 - [MESSAGE][PASSED] - Text 'Delhi' is present on page  using regular expression

2023-09-21 17:24:20 - [TEST_STEP][PASSED] - verifyTextPresent("Chennai", true): Text 'Chennai' is present on page  using regular expression

2023-09-21 17:24:20 - [MESSAGE][PASSED] - Text 'Chennai' is present on page  using regular expression

2023-09-21 17:24:20 - [TEST_STEP][PASSED] - verifyTextPresent("Mumbai", true): Text 'Mumbai' is present on page  using regular expression

2023-09-21 17:24:20 - [MESSAGE][PASSED] - Text 'Mumbai' is present on page  using regular expression

2023-09-21 17:24:20 - [TEST_STEP][PASSED] - verifyTextPresent("Kanpur", true): Text 'Kanpur' is present on page  using regular expression

2023-09-21 17:24:21 - [MESSAGE][PASSED] - Text 'Kanpur' is present on page  using regular expression

2023-09-21 17:24:21 - [TEST_STEP][PASSED] - verifyTextPresent("Orange Recorded", true): Text 'Orange Recorded' is present on page  using regular expression

2023-09-21 17:24:21 - [MESSAGE][PASSED] - Text 'Orange Recorded' is present on page  using regular expression

2023-09-21 17:24:21 - [TEST_STEP][PASSED] - verifyTextPresent("Yellow Recorded", true): Text 'Yellow Recorded' is present on page  using regular expression

2023-09-21 17:24:21 - [MESSAGE][PASSED] - Text 'Yellow Recorded' is present on page  using regular expression

2023-09-21 17:24:21 - [TEST_STEP][PASSED] - verifyTextPresent("Kolkata", true): Text 'Kolkata' is present on page  using regular expression

2023-09-21 17:24:21 - [MESSAGE][PASSED] - Text 'Kolkata' is present on page  using regular expression

2023-09-21 17:24:21 - [TEST_STEP][PASSED] - verifyTextPresent("Pune", true): Text 'Pune' is present on page  using regular expression

2023-09-21 17:24:22 - [MESSAGE][PASSED] - Text 'Pune' is present on page  using regular expression

2023-09-21 17:24:22 - [TEST_STEP][PASSED] - verifyTextPresent("Bhavnagar", true): Text 'Bhavnagar' is present on page  using regular expression

2023-09-21 17:24:22 - [MESSAGE][PASSED] - Text 'Bhavnagar' is present on page  using regular expression

2023-09-21 17:24:22 - [TEST_STEP][PASSED] - verifyTextPresent("Noida", true): Text 'Noida' is present on page  using regular expression

2023-09-21 17:24:22 - [MESSAGE][PASSED] - Text 'Noida' is present on page  using regular expression

2023-09-21 17:24:22 - [TEST_STEP][PASSED] - verifyTextPresent("Amount", true): Text 'Amount' is present on page  using regular expression

2023-09-21 17:24:23 - [MESSAGE][PASSED] - Text 'Amount' is present on page  using regular expression

2023-09-21 17:24:23 - [TEST_STEP][PASSED] - verifyTextPresent("2.50", true): Text '2.50' is present on page  using regular expression

2023-09-21 17:24:23 - [MESSAGE][PASSED] - Text '2.50' is present on page  using regular expression

2023-09-21 17:24:23 - [TEST_STEP][PASSED] - verifyTextPresent("Authorization and Capture", true): Text 'Authorization and Capture' is present on page  using regular expression

2023-09-21 17:24:23 - [MESSAGE][PASSED] - Text 'Authorization and Capture' is present on page  using regular expression

2023-09-21 17:24:23 - [TEST_STEP][PASSED] - verifyTextPresent("Card Information", true): Text 'Card Information' is present on page  using regular expression

2023-09-21 17:24:23 - [MESSAGE][PASSED] - Text 'Card Information' is present on page  using regular expression

2023-09-21 17:24:23 - [TEST_STEP][PASSED] - verifyTextPresent("TANDON RAVENA", true): Text 'TANDON RAVENA' is present on page  using regular expression

2023-09-21 17:24:24 - [MESSAGE][PASSED] - Text 'TANDON RAVENA' is present on page  using regular expression

2023-09-21 17:24:24 - [TEST_STEP][PASSED] - verifyTextPresent("Address Line 1", true): Text 'Address Line 1' is present on page  using regular expression

2023-09-21 17:24:24 - [MESSAGE][PASSED] - Text 'Address Line 1' is present on page  using regular expression

2023-09-21 17:24:24 - [TEST_STEP][PASSED] - verifyTextPresent("Address Line 2", true): Text 'Address Line 2' is present on page  using regular expression

2023-09-21 17:24:24 - [MESSAGE][PASSED] - Text 'Address Line 2' is present on page  using regular expression

2023-09-21 17:24:24 - [TEST_STEP][PASSED] - verifyTextPresent("Country", true): Text 'Country' is present on page  using regular expression

2023-09-21 17:24:25 - [MESSAGE][PASSED] - Text 'Country' is present on page  using regular expression

2023-09-21 17:24:25 - [TEST_STEP][PASSED] - verifyTextPresent("City", true): Text 'City' is present on page  using regular expression

2023-09-21 17:24:25 - [MESSAGE][PASSED] - Text 'City' is present on page  using regular expression

2023-09-21 17:24:25 - [TEST_STEP][PASSED] - verifyTextPresent("State", true): Text 'State' is present on page  using regular expression

2023-09-21 17:24:25 - [MESSAGE][PASSED] - Text 'State' is present on page  using regular expression

2023-09-21 17:24:25 - [TEST_STEP][PASSED] - verifyTextPresent("ZIP Code", true): Text 'ZIP Code' is present on page  using regular expression

2023-09-21 17:24:26 - [MESSAGE][PASSED] - Text 'ZIP Code' is present on page  using regular expression

2023-09-21 17:24:26 - [TEST_STEP][PASSED] - verifyTextPresent("248 PhoolKaante road", true): Text '248 PhoolKaante road' is present on page  using regular expression

2023-09-21 17:24:26 - [MESSAGE][PASSED] - Text '248 PhoolKaante road' is present on page  using regular expression

2023-09-21 17:24:26 - [TEST_STEP][PASSED] - verifyTextPresent("Suite 678", true): Text 'Suite 678' is present on page  using regular expression

2023-09-21 17:24:26 - [MESSAGE][PASSED] - Text 'Suite 678' is present on page  using regular expression

2023-09-21 17:24:26 - [TEST_STEP][PASSED] - verifyTextPresent("United States", true): Text 'United States' is present on page  using regular expression

2023-09-21 17:24:26 - [MESSAGE][PASSED] - Text 'United States' is present on page  using regular expression

2023-09-21 17:24:26 - [TEST_STEP][PASSED] - verifyTextPresent("ARLINGTON", true): Text 'ARLINGTON' is present on page  using regular expression

2023-09-21 17:24:27 - [MESSAGE][PASSED] - Text 'ARLINGTON' is present on page  using regular expression

2023-09-21 17:24:27 - [TEST_STEP][PASSED] - verifyTextPresent("VA", true): Text 'VA' is present on page  using regular expression

2023-09-21 17:24:27 - [MESSAGE][PASSED] - Text 'VA' is present on page  using regular expression

2023-09-21 17:24:27 - [TEST_STEP][PASSED] - verifyTextPresent("22201", true): Text '22201' is present on page  using regular expression

2023-09-21 17:24:27 - [MESSAGE][PASSED] - Text '22201' is present on page  using regular expression

2023-09-21 17:24:27 - [TEST_STEP][PASSED] - cardTypeV = findTestData(dataFile).getValue("CardType", row): null

2023-09-21 17:24:27 - [TEST_STEP][PASSED] - last4V = findTestData(dataFile).getValue("Last4", row): null

2023-09-21 17:24:27 - [TEST_STEP][PASSED] - verifyTextPresent(cardTypeV, true): Text 'American Express' is present on page  using regular expression

2023-09-21 17:24:28 - [MESSAGE][PASSED] - Text 'American Express' is present on page  using regular expression

2023-09-21 17:24:28 - [TEST_STEP][PASSED] - verifyTextPresent(last4V, true): Text '2376' is present on page  using regular expression

2023-09-21 17:24:28 - [MESSAGE][PASSED] - Text '2376' is present on page  using regular expression

2023-09-21 17:24:28 - [TEST_STEP][PASSED] - switch (appName): null

2023-09-21 17:24:28 - [TEST_STEP][PASSED] - case "a_Access AutoSingleCFtpQA":: null

2023-09-21 17:24:28 - [TEST_STEP][PASSED] - verifyTextPresent("5.00", true): Text '5.00' is present on page  using regular expression

2023-09-21 17:24:28 - [MESSAGE][PASSED] - Text '5.00' is present on page  using regular expression

2023-09-21 17:24:28 - [TEST_STEP][PASSED] - verifyTextPresent("Single Transaction", true): Text 'Single Transaction' is present on page  using regular expression

2023-09-21 17:24:29 - [MESSAGE][PASSED] - Text 'Single Transaction' is present on page  using regular expression

2023-09-21 17:24:29 - [TEST_STEP][PASSED] - verifyTextPresent("7.50", true): Text '7.50' is present on page  using regular expression

2023-09-21 17:24:29 - [MESSAGE][PASSED] - Text '7.50' is present on page  using regular expression

2023-09-21 17:24:29 - [TEST_STEP][PASSED] - verifyTextPresent("Total Amount", true): Text 'Total Amount' is present on page  using regular expression

2023-09-21 17:24:29 - [MESSAGE][PASSED] - Text 'Total Amount' is present on page  using regular expression

2023-09-21 17:24:29 - [TEST_STEP][PASSED] - verifyTextPresent("Transaction Type", true): Text 'Transaction Type' is present on page  using regular expression

2023-09-21 17:24:30 - [MESSAGE][PASSED] - Text 'Transaction Type' is present on page  using regular expression

2023-09-21 17:24:30 - [TEST_STEP][PASSED] - break: null

2023-09-21 17:24:30 - [TEST_STEP][PASSED] - closeBrowser(): Browser is closed

2023-09-21 17:24:30 - [MESSAGE][PASSED] - Browser is closed

2023-09-21 17:24:30 - [TEST_STEP][PASSED] - ExecuteTC = findTestData(dataFile).getValue("Execute", row): null

2023-09-21 17:24:30 - [TEST_STEP][PASSED] - out.println("Value of Execute is : " + ExecuteTC): null

2023-09-21 17:24:30 - [TEST_STEP][PASSED] - switch (executionProfile): null

2023-09-21 17:24:30 - [TEST_STEP][PASSED] - case "QA2Profile":: null

2023-09-21 17:24:30 - [TEST_STEP][PASSED] - appName = findTestData(dataFile).getValue("AppNameQA", row): null

2023-09-21 17:24:31 - [TEST_STEP][PASSED] - appID = findTestData(dataFile).getValue("AppIDQA", row): null

2023-09-21 17:24:31 - [TEST_STEP][PASSED] - break: null

2023-09-21 17:24:31 - [TEST_STEP][PASSED] - if (ExecuteTC.equalsIgnoreCase("Y")): null

2023-09-21 17:24:31 - [TEST_STEP][PASSED] - out.println("Begin Record Number: " + row): null

2023-09-21 17:24:31 - [TEST_STEP][PASSED] - today = new java.util.Date(): null

2023-09-21 17:24:31 - [TEST_STEP][PASSED] - println(today): null

2023-09-21 17:24:31 - [TEST_STEP][PASSED] - datText = today: null

2023-09-21 17:24:31 - [TEST_STEP][PASSED] - adminSuiteBootstrap.loginFunctionality.login_AdminSuite(): adminSuiteBootstrap.loginFunctionality.login_AdminSuite is PASSED

2023-09-21 17:24:31 - [MESSAGE][INFO] - Starting 'Chrome' driver

2023-09-21 17:24:31 - [MESSAGE][INFO] - User set preference: ['acceptInsecureCerts', 'true']

2023-09-21 17:24:31 - [MESSAGE][INFO] - Action delay is set to 0 milliseconds

2023-09-21 17:24:33 - [MESSAGE][PASSED] - Browser is opened with url: 'https://qa2.velocitypayment.com/admin/imtiaz'

2023-09-21 17:24:33 - [MESSAGE][PASSED] - Current window maximized

2023-09-21 17:24:34 - [MESSAGE][PASSED] - Object 'Object Repository/Login_Page/Login_Username_Okta' is present

2023-09-21 17:24:35 - [MESSAGE][PASSED] - Text 'iahmed' is set on object 'Object Repository/Login_Page/Login_Username_Okta'

2023-09-21 17:24:35 - [MESSAGE][PASSED] - Text 'Hello1111111@' is set on object 'Object Repository/Login_Page/Login_Password_Okta'

2023-09-21 17:24:36 - [MESSAGE][PASSED] - Object: 'Object Repository/Login_Page/Login_Submit_Okta' is clicked on

2023-09-21 17:24:36 - [MESSAGE][PASSED] - adminSuiteBootstrap.loginFunctionality.login_AdminSuite is PASSED

2023-09-21 17:24:36 - [TEST_STEP][PASSED] - click(findTestObject(path_Dashboard + appName)): Object: 'Object Repository/AdminSuiteBootstrap_Pages/Dashboard_Bootstrap/a_Access AutoSingleCFtpQA' is clicked on

2023-09-21 17:24:43 - [MESSAGE][PASSED] - Object: 'Object Repository/AdminSuiteBootstrap_Pages/Dashboard_Bootstrap/a_Access AutoSingleCFtpQA' is clicked on

2023-09-21 17:24:43 - [TEST_STEP][PASSED] - click(findTestObject(path_VT + "a_Find Profile")): Object: 'Object Repository/AdminSuiteBootstrap_Pages/VT_Bootstrap/IssueTransactions/a_Find Profile' is clicked on

2023-09-21 17:24:43 - [MESSAGE][PASSED] - Object: 'Object Repository/AdminSuiteBootstrap_Pages/VT_Bootstrap/IssueTransactions/a_Find Profile' is clicked on

2023-09-21 17:24:43 - [TEST_STEP][PASSED] - criteria = <not implemented yet for class: org.codehaus.groovy.ast.expr.EmptyExpression>: null

2023-09-21 17:24:43 - [TEST_STEP][PASSED] - searchBy = <not implemented yet for class: org.codehaus.groovy.ast.expr.EmptyExpression>: null

2023-09-21 17:24:43 - [TEST_STEP][PASSED] - criteria = findTestData(dataFile).getValue("ProfileName", row): null

2023-09-21 17:24:43 - [TEST_STEP][PASSED] - path_SearchProfile = "Object Repository/AdminSuiteBootstrap_Pages/VSP_Bootstrap/SearchProfile/": null

2023-09-21 17:24:43 - [TEST_STEP][PASSED] - setText(findTestObject(path_SearchProfile + "input_Criteria"), criteria): Text 'PaymentsDI' is set on object 'Object Repository/AdminSuiteBootstrap_Pages/VSP_Bootstrap/SearchProfile/input_Criteria'

2023-09-21 17:24:44 - [MESSAGE][PASSED] - Text 'PaymentsDI' is set on object 'Object Repository/AdminSuiteBootstrap_Pages/VSP_Bootstrap/SearchProfile/input_Criteria'

2023-09-21 17:24:44 - [TEST_STEP][PASSED] - click(findTestObject(path_SearchProfile + "button_Search")): Object: 'Object Repository/AdminSuiteBootstrap_Pages/VSP_Bootstrap/SearchProfile/button_Search' is clicked on

2023-09-21 17:24:45 - [MESSAGE][PASSED] - Object: 'Object Repository/AdminSuiteBootstrap_Pages/VSP_Bootstrap/SearchProfile/button_Search' is clicked on

2023-09-21 17:24:45 - [TEST_STEP][PASSED] - profNameLink = findTestData(dataFile).getValue("ProfileNameLink", row): null

2023-09-21 17:24:45 - [TEST_STEP][PASSED] - click(findTestObject(path_ViewProfile + profNameLink)): Object: 'Object Repository/AdminSuiteBootstrap_Pages/VSP_Bootstrap/View Profile/a_PaymentsDI' is clicked on

2023-09-21 17:24:46 - [MESSAGE][PASSED] - Object: 'Object Repository/AdminSuiteBootstrap_Pages/VSP_Bootstrap/View Profile/a_PaymentsDI' is clicked on

2023-09-21 17:24:46 - [TEST_STEP][PASSED] - click(findTestObject(path_ViewProfile + "a_AuthCap")): Object: 'Object Repository/AdminSuiteBootstrap_Pages/VSP_Bootstrap/View Profile/a_AuthCap' is clicked on

2023-09-21 17:24:47 - [MESSAGE][PASSED] - Object: 'Object Repository/AdminSuiteBootstrap_Pages/VSP_Bootstrap/View Profile/a_AuthCap' is clicked on

2023-09-21 17:24:47 - [TEST_STEP][PASSED] - verifyTextPresent("Credit Card Authorization Capture", true): Text 'Credit Card Authorization Capture' is present on page  using regular expression

2023-09-21 17:24:48 - [MESSAGE][PASSED] - Text 'Credit Card Authorization Capture' is present on page  using regular expression

2023-09-21 17:24:48 - [TEST_STEP][PASSED] - verifyTextPresent("Sale", true): Text 'Sale' is present on page  using regular expression

2023-09-21 17:24:48 - [MESSAGE][PASSED] - Text 'Sale' is present on page  using regular expression

2023-09-21 17:24:48 - [TEST_STEP][PASSED] - verifyTextPresent("Required fields are highlighted with an asterisk", true): Text 'Required fields are highlighted with an asterisk' is present on page  using regular expression

2023-09-21 17:24:49 - [MESSAGE][PASSED] - Text 'Required fields are highlighted with an asterisk' is present on page  using regular expression

2023-09-21 17:24:49 - [TEST_STEP][PASSED] - verifyTextPresent("Remittance ID", true): Text 'Remittance ID' is present on page  using regular expression

2023-09-21 17:24:49 - [MESSAGE][PASSED] - Text 'Remittance ID' is present on page  using regular expression

2023-09-21 17:24:49 - [TEST_STEP][PASSED] - vspBootstrap.SalePage.setDataSaleAndAuth(row, dataFile): vspBootstrap.SalePage.setDataSaleAndAuth is PASSED

2023-09-21 17:24:51 - [MESSAGE][PASSED] - All options with value 'RETL' are selected in object 'Object Repository/AdminSuiteBootstrap_Pages/VSP_Bootstrap/VSP_Authcap/select_TransactionCategory'  using regular expression

2023-09-21 17:24:51 - [MESSAGE][PASSED] - Text '123' is set on object 'Object Repository/AdminSuiteBootstrap_Pages/VSP_Bootstrap/VSP_Authcap/input_cvv'

2023-09-21 17:24:52 - [MESSAGE][PASSED] - Text '' is set on object 'Object Repository/AdminSuiteBootstrap_Pages/VSP_Bootstrap/VSP_Authcap/input_smsNumber'

2023-09-21 17:24:53 - [MESSAGE][PASSED] - Text '2.50' is set on object 'Object Repository/AdminSuiteBootstrap_Pages/VSP_Bootstrap/VSP_Authcap/input_amount'

2023-09-21 17:24:54 - [MESSAGE][PASSED] - Text 'Delhi' is set on object 'Object Repository/AdminSuiteBootstrap_Pages/VSP_Bootstrap/VSP_Authcap/input_userDefined1'

2023-09-21 17:24:54 - [MESSAGE][PASSED] - Text 'Chennai' is set on object 'Object Repository/AdminSuiteBootstrap_Pages/VSP_Bootstrap/VSP_Authcap/input_userDefined2'

2023-09-21 17:24:55 - [MESSAGE][PASSED] - Text 'Mumbai' is set on object 'Object Repository/AdminSuiteBootstrap_Pages/VSP_Bootstrap/VSP_Authcap/input_userDefined3'

2023-09-21 17:24:55 - [MESSAGE][PASSED] - Text 'Kanpur' is set on object 'Object Repository/AdminSuiteBootstrap_Pages/VSP_Bootstrap/VSP_Authcap/input_userDefined4'

2023-09-21 17:24:56 - [MESSAGE][PASSED] - All options with label 'Orange' are selected in object 'Object Repository/AdminSuiteBootstrap_Pages/VSP_Bootstrap/VSP_Authcap/select_UDF5'  using regular expression

2023-09-21 17:24:57 - [MESSAGE][PASSED] - All options with label 'Yellow' are selected in object 'Object Repository/AdminSuiteBootstrap_Pages/VSP_Bootstrap/VSP_Authcap/select_UDF6'  using regular expression

2023-09-21 17:24:58 - [MESSAGE][PASSED] - Text 'Kolkata' is set on object 'Object Repository/AdminSuiteBootstrap_Pages/VSP_Bootstrap/VSP_Authcap/input_userDefined7'

2023-09-21 17:24:58 - [MESSAGE][PASSED] - Text 'Pune' is set on object 'Object Repository/AdminSuiteBootstrap_Pages/VSP_Bootstrap/VSP_Authcap/input_userDefined8'

2023-09-21 17:24:59 - [MESSAGE][PASSED] - Text 'Bhavnagar' is set on object 'Object Repository/AdminSuiteBootstrap_Pages/VSP_Bootstrap/VSP_Authcap/input_userDefined9'

2023-09-21 17:25:00 - [MESSAGE][PASSED] - Text 'Noida' is set on object 'Object Repository/AdminSuiteBootstrap_Pages/VSP_Bootstrap/VSP_Authcap/input_userDefined10'

2023-09-21 17:25:01 - [MESSAGE][PASSED] - Object: 'Object Repository/AdminSuiteBootstrap_Pages/VSP_Bootstrap/VSP_Authcap/button_Submit' is clicked on

2023-09-21 17:25:01 - [MESSAGE][PASSED] - vspBootstrap.SalePage.setDataSaleAndAuth is PASSED

2023-09-21 17:25:01 - [TEST_STEP][PASSED] - verifyTextPresent("Transaction Successful", true): Text 'Transaction Successful' is present on page  using regular expression

2023-09-21 17:25:02 - [MESSAGE][PASSED] - Text 'Transaction Successful' is present on page  using regular expression

2023-09-21 17:25:02 - [TEST_STEP][PASSED] - verifyElementVisible(findTestObject("Object Repository/AdminSuiteBootstrap_Pages/VT_Bootstrap/Receipt/button_Continue")): Object 'Object Repository/AdminSuiteBootstrap_Pages/VT_Bootstrap/Receipt/button_Continue' is visible

2023-09-21 17:25:02 - [MESSAGE][PASSED] - Object 'Object Repository/AdminSuiteBootstrap_Pages/VT_Bootstrap/Receipt/button_Continue' is visible

2023-09-21 17:25:02 - [TEST_STEP][PASSED] - verifyElementPresent(findTestObject("Object Repository/AdminSuiteBootstrap_Pages/VT_Bootstrap/Receipt/button_Continue"), 20): Object 'Object Repository/AdminSuiteBootstrap_Pages/VT_Bootstrap/Receipt/button_Continue' is present

2023-09-21 17:25:02 - [MESSAGE][PASSED] - Object 'Object Repository/AdminSuiteBootstrap_Pages/VT_Bootstrap/Receipt/button_Continue' is present

2023-09-21 17:25:02 - [TEST_STEP][PASSED] - verifyElementVisible(findTestObject("Object Repository/AdminSuiteBootstrap_Pages/VT_Bootstrap/Receipt/button_Print")): Object 'Object Repository/AdminSuiteBootstrap_Pages/VT_Bootstrap/Receipt/button_Print' is visible

2023-09-21 17:25:03 - [MESSAGE][PASSED] - Object 'Object Repository/AdminSuiteBootstrap_Pages/VT_Bootstrap/Receipt/button_Print' is visible

2023-09-21 17:25:03 - [TEST_STEP][PASSED] - verifyElementPresent(findTestObject("Object Repository/AdminSuiteBootstrap_Pages/VT_Bootstrap/Receipt/button_Print"), 20): Object 'Object Repository/AdminSuiteBootstrap_Pages/VT_Bootstrap/Receipt/button_Print' is present

2023-09-21 17:25:03 - [MESSAGE][PASSED] - Object 'Object Repository/AdminSuiteBootstrap_Pages/VT_Bootstrap/Receipt/button_Print' is present

2023-09-21 17:25:03 - [TEST_STEP][PASSED] - verifyTextPresent("Remittance ID", true): Text 'Remittance ID' is present on page  using regular expression

2023-09-21 17:25:03 - [MESSAGE][PASSED] - Text 'Remittance ID' is present on page  using regular expression

2023-09-21 17:25:03 - [TEST_STEP][PASSED] - verifyTextPresent("Received", true): Text 'Received' is present on page  using regular expression

2023-09-21 17:25:03 - [MESSAGE][PASSED] - Text 'Received' is present on page  using regular expression

2023-09-21 17:25:03 - [TEST_STEP][PASSED] - verifyTextPresent("UDF1", true): Text 'UDF1' is present on page  using regular expression

2023-09-21 17:25:04 - [MESSAGE][PASSED] - Text 'UDF1' is present on page  using regular expression

2023-09-21 17:25:04 - [TEST_STEP][PASSED] - verifyTextPresent("UDF2", true): Text 'UDF2' is present on page  using regular expression

2023-09-21 17:25:04 - [MESSAGE][PASSED] - Text 'UDF2' is present on page  using regular expression

2023-09-21 17:25:04 - [TEST_STEP][PASSED] - verifyTextPresent("UDF3", true): Text 'UDF3' is present on page  using regular expression

2023-09-21 17:25:04 - [MESSAGE][PASSED] - Text 'UDF3' is present on page  using regular expression

2023-09-21 17:25:04 - [TEST_STEP][PASSED] - verifyTextPresent("UDF4", true): Text 'UDF4' is present on page  using regular expression

2023-09-21 17:25:05 - [MESSAGE][PASSED] - Text 'UDF4' is present on page  using regular expression

2023-09-21 17:25:05 - [TEST_STEP][PASSED] - verifyTextPresent("UDF5", true): Text 'UDF5' is present on page  using regular expression

2023-09-21 17:25:05 - [MESSAGE][PASSED] - Text 'UDF5' is present on page  using regular expression

2023-09-21 17:25:05 - [TEST_STEP][PASSED] - verifyTextPresent("UDF6", true): Text 'UDF6' is present on page  using regular expression

2023-09-21 17:25:05 - [MESSAGE][PASSED] - Text 'UDF6' is present on page  using regular expression

2023-09-21 17:25:05 - [TEST_STEP][PASSED] - verifyTextPresent("UDF7", true): Text 'UDF7' is present on page  using regular expression

2023-09-21 17:25:06 - [MESSAGE][PASSED] - Text 'UDF7' is present on page  using regular expression

2023-09-21 17:25:06 - [TEST_STEP][PASSED] - verifyTextPresent("UDF8", true): Text 'UDF8' is present on page  using regular expression

2023-09-21 17:25:06 - [MESSAGE][PASSED] - Text 'UDF8' is present on page  using regular expression

2023-09-21 17:25:06 - [TEST_STEP][PASSED] - verifyTextPresent("UDF9", true): Text 'UDF9' is present on page  using regular expression

2023-09-21 17:25:06 - [MESSAGE][PASSED] - Text 'UDF9' is present on page  using regular expression

2023-09-21 17:25:06 - [TEST_STEP][PASSED] - verifyTextPresent("UDF 10", true): Text 'UDF 10' is present on page  using regular expression

2023-09-21 17:25:06 - [MESSAGE][PASSED] - Text 'UDF 10' is present on page  using regular expression

2023-09-21 17:25:06 - [TEST_STEP][PASSED] - verifyTextPresent("Delhi", true): Text 'Delhi' is present on page  using regular expression

2023-09-21 17:25:07 - [MESSAGE][PASSED] - Text 'Delhi' is present on page  using regular expression

2023-09-21 17:25:07 - [TEST_STEP][PASSED] - verifyTextPresent("Chennai", true): Text 'Chennai' is present on page  using regular expression

2023-09-21 17:25:07 - [MESSAGE][PASSED] - Text 'Chennai' is present on page  using regular expression

2023-09-21 17:25:07 - [TEST_STEP][PASSED] - verifyTextPresent("Mumbai", true): Text 'Mumbai' is present on page  using regular expression

2023-09-21 17:25:07 - [MESSAGE][PASSED] - Text 'Mumbai' is present on page  using regular expression

2023-09-21 17:25:07 - [TEST_STEP][PASSED] - verifyTextPresent("Kanpur", true): Text 'Kanpur' is present on page  using regular expression

2023-09-21 17:25:08 - [MESSAGE][PASSED] - Text 'Kanpur' is present on page  using regular expression

2023-09-21 17:25:08 - [TEST_STEP][PASSED] - verifyTextPresent("Orange Recorded", true): Text 'Orange Recorded' is present on page  using regular expression

2023-09-21 17:25:08 - [MESSAGE][PASSED] - Text 'Orange Recorded' is present on page  using regular expression

2023-09-21 17:25:08 - [TEST_STEP][PASSED] - verifyTextPresent("Yellow Recorded", true): Text 'Yellow Recorded' is present on page  using regular expression

2023-09-21 17:25:08 - [MESSAGE][PASSED] - Text 'Yellow Recorded' is present on page  using regular expression

2023-09-21 17:25:08 - [TEST_STEP][PASSED] - verifyTextPresent("Kolkata", true): Text 'Kolkata' is present on page  using regular expression

2023-09-21 17:25:09 - [MESSAGE][PASSED] - Text 'Kolkata' is present on page  using regular expression

2023-09-21 17:25:09 - [TEST_STEP][PASSED] - verifyTextPresent("Pune", true): Text 'Pune' is present on page  using regular expression

2023-09-21 17:25:09 - [MESSAGE][PASSED] - Text 'Pune' is present on page  using regular expression

2023-09-21 17:25:09 - [TEST_STEP][PASSED] - verifyTextPresent("Bhavnagar", true): Text 'Bhavnagar' is present on page  using regular expression

2023-09-21 17:25:09 - [MESSAGE][PASSED] - Text 'Bhavnagar' is present on page  using regular expression

2023-09-21 17:25:09 - [TEST_STEP][PASSED] - verifyTextPresent("Noida", true): Text 'Noida' is present on page  using regular expression

2023-09-21 17:25:09 - [MESSAGE][PASSED] - Text 'Noida' is present on page  using regular expression

2023-09-21 17:25:09 - [TEST_STEP][PASSED] - verifyTextPresent("Amount", true): Text 'Amount' is present on page  using regular expression

2023-09-21 17:25:10 - [MESSAGE][PASSED] - Text 'Amount' is present on page  using regular expression

2023-09-21 17:25:10 - [TEST_STEP][PASSED] - verifyTextPresent("2.50", true): Text '2.50' is present on page  using regular expression

2023-09-21 17:25:10 - [MESSAGE][PASSED] - Text '2.50' is present on page  using regular expression

2023-09-21 17:25:10 - [TEST_STEP][PASSED] - verifyTextPresent("Authorization and Capture", true): Text 'Authorization and Capture' is present on page  using regular expression

2023-09-21 17:25:10 - [MESSAGE][PASSED] - Text 'Authorization and Capture' is present on page  using regular expression

2023-09-21 17:25:10 - [TEST_STEP][PASSED] - verifyTextPresent("Card Information", true): Text 'Card Information' is present on page  using regular expression

2023-09-21 17:25:11 - [MESSAGE][PASSED] - Text 'Card Information' is present on page  using regular expression

2023-09-21 17:25:11 - [TEST_STEP][PASSED] - verifyTextPresent("TANDON RAVENA", true): Text 'TANDON RAVENA' is present on page  using regular expression

2023-09-21 17:25:11 - [MESSAGE][PASSED] - Text 'TANDON RAVENA' is present on page  using regular expression

2023-09-21 17:25:11 - [TEST_STEP][PASSED] - verifyTextPresent("Address Line 1", true): Text 'Address Line 1' is present on page  using regular expression

2023-09-21 17:25:11 - [MESSAGE][PASSED] - Text 'Address Line 1' is present on page  using regular expression

2023-09-21 17:25:11 - [TEST_STEP][PASSED] - verifyTextPresent("Address Line 2", true): Text 'Address Line 2' is present on page  using regular expression

2023-09-21 17:25:12 - [MESSAGE][PASSED] - Text 'Address Line 2' is present on page  using regular expression

2023-09-21 17:25:12 - [TEST_STEP][PASSED] - verifyTextPresent("Country", true): Text 'Country' is present on page  using regular expression

2023-09-21 17:25:12 - [MESSAGE][PASSED] - Text 'Country' is present on page  using regular expression

2023-09-21 17:25:12 - [TEST_STEP][PASSED] - verifyTextPresent("City", true): Text 'City' is present on page  using regular expression

2023-09-21 17:25:12 - [MESSAGE][PASSED] - Text 'City' is present on page  using regular expression

2023-09-21 17:25:12 - [TEST_STEP][PASSED] - verifyTextPresent("State", true): Text 'State' is present on page  using regular expression

2023-09-21 17:25:12 - [MESSAGE][PASSED] - Text 'State' is present on page  using regular expression

2023-09-21 17:25:12 - [TEST_STEP][PASSED] - verifyTextPresent("ZIP Code", true): Text 'ZIP Code' is present on page  using regular expression

2023-09-21 17:25:13 - [MESSAGE][PASSED] - Text 'ZIP Code' is present on page  using regular expression

2023-09-21 17:25:13 - [TEST_STEP][PASSED] - verifyTextPresent("248 PhoolKaante road", true): Text '248 PhoolKaante road' is present on page  using regular expression

2023-09-21 17:25:13 - [MESSAGE][PASSED] - Text '248 PhoolKaante road' is present on page  using regular expression

2023-09-21 17:25:13 - [TEST_STEP][PASSED] - verifyTextPresent("Suite 678", true): Text 'Suite 678' is present on page  using regular expression

2023-09-21 17:25:13 - [MESSAGE][PASSED] - Text 'Suite 678' is present on page  using regular expression

2023-09-21 17:25:13 - [TEST_STEP][PASSED] - verifyTextPresent("United States", true): Text 'United States' is present on page  using regular expression

2023-09-21 17:25:14 - [MESSAGE][PASSED] - Text 'United States' is present on page  using regular expression

2023-09-21 17:25:14 - [TEST_STEP][PASSED] - verifyTextPresent("ARLINGTON", true): Text 'ARLINGTON' is present on page  using regular expression

2023-09-21 17:25:14 - [MESSAGE][PASSED] - Text 'ARLINGTON' is present on page  using regular expression

2023-09-21 17:25:14 - [TEST_STEP][PASSED] - verifyTextPresent("VA", true): Text 'VA' is present on page  using regular expression

2023-09-21 17:25:14 - [MESSAGE][PASSED] - Text 'VA' is present on page  using regular expression

2023-09-21 17:25:14 - [TEST_STEP][PASSED] - verifyTextPresent("22201", true): Text '22201' is present on page  using regular expression

2023-09-21 17:25:15 - [MESSAGE][PASSED] - Text '22201' is present on page  using regular expression

2023-09-21 17:25:15 - [TEST_STEP][PASSED] - cardTypeV = findTestData(dataFile).getValue("CardType", row): null

2023-09-21 17:25:15 - [TEST_STEP][PASSED] - last4V = findTestData(dataFile).getValue("Last4", row): null

2023-09-21 17:25:15 - [TEST_STEP][PASSED] - verifyTextPresent(cardTypeV, true): Text 'Discover' is present on page  using regular expression

2023-09-21 17:25:15 - [MESSAGE][PASSED] - Text 'Discover' is present on page  using regular expression

2023-09-21 17:25:15 - [TEST_STEP][PASSED] - verifyTextPresent(last4V, true): Text '6909' is present on page  using regular expression

2023-09-21 17:25:15 - [MESSAGE][PASSED] - Text '6909' is present on page  using regular expression

2023-09-21 17:25:15 - [TEST_STEP][PASSED] - switch (appName): null

2023-09-21 17:25:15 - [TEST_STEP][PASSED] - case "a_Access AutoSingleCFtpQA":: null

2023-09-21 17:25:15 - [TEST_STEP][PASSED] - verifyTextPresent("5.00", true): Text '5.00' is present on page  using regular expression

2023-09-21 17:25:15 - [MESSAGE][PASSED] - Text '5.00' is present on page  using regular expression

2023-09-21 17:25:15 - [TEST_STEP][PASSED] - verifyTextPresent("Single Transaction", true): Text 'Single Transaction' is present on page  using regular expression

2023-09-21 17:25:16 - [MESSAGE][PASSED] - Text 'Single Transaction' is present on page  using regular expression

2023-09-21 17:25:16 - [TEST_STEP][PASSED] - verifyTextPresent("7.50", true): Text '7.50' is present on page  using regular expression

2023-09-21 17:25:16 - [MESSAGE][PASSED] - Text '7.50' is present on page  using regular expression

2023-09-21 17:25:16 - [TEST_STEP][PASSED] - verifyTextPresent("Total Amount", true): Text 'Total Amount' is present on page  using regular expression

2023-09-21 17:25:16 - [MESSAGE][PASSED] - Text 'Total Amount' is present on page  using regular expression

2023-09-21 17:25:16 - [TEST_STEP][PASSED] - verifyTextPresent("Transaction Type", true): Text 'Transaction Type' is present on page  using regular expression

2023-09-21 17:25:17 - [MESSAGE][PASSED] - Text 'Transaction Type' is present on page  using regular expression

2023-09-21 17:25:17 - [TEST_STEP][PASSED] - break: null

2023-09-21 17:25:17 - [TEST_STEP][PASSED] - closeBrowser(): Browser is closed

2023-09-21 17:25:18 - [MESSAGE][PASSED] - Browser is closed

2023-09-21 17:25:18 - [TEST_STEP][PASSED] - ExecuteTC = findTestData(dataFile).getValue("Execute", row): null

2023-09-21 17:25:18 - [TEST_STEP][PASSED] - out.println("Value of Execute is : " + ExecuteTC): null

2023-09-21 17:25:18 - [TEST_STEP][PASSED] - switch (executionProfile): null

2023-09-21 17:25:18 - [TEST_STEP][PASSED] - case "QA2Profile":: null

2023-09-21 17:25:18 - [TEST_STEP][PASSED] - appName = findTestData(dataFile).getValue("AppNameQA", row): null

2023-09-21 17:25:18 - [TEST_STEP][PASSED] - appID = findTestData(dataFile).getValue("AppIDQA", row): null

2023-09-21 17:25:18 - [TEST_STEP][PASSED] - break: null

2023-09-21 17:25:18 - [TEST_STEP][PASSED] - if (ExecuteTC.equalsIgnoreCase("Y")): null

2023-09-21 17:25:18 - [TEST_STEP][PASSED] - out.println("Begin Record Number: " + row): null

2023-09-21 17:25:18 - [TEST_STEP][PASSED] - today = new java.util.Date(): null

2023-09-21 17:25:18 - [TEST_STEP][PASSED] - println(today): null

2023-09-21 17:25:18 - [TEST_STEP][PASSED] - datText = today: null

2023-09-21 17:25:18 - [TEST_STEP][PASSED] - adminSuiteBootstrap.loginFunctionality.login_AdminSuite(): adminSuiteBootstrap.loginFunctionality.login_AdminSuite is PASSED

2023-09-21 17:25:18 - [MESSAGE][INFO] - Starting 'Chrome' driver

2023-09-21 17:25:18 - [MESSAGE][INFO] - User set preference: ['acceptInsecureCerts', 'true']

2023-09-21 17:25:18 - [MESSAGE][INFO] - Action delay is set to 0 milliseconds

2023-09-21 17:25:21 - [MESSAGE][PASSED] - Browser is opened with url: 'https://qa2.velocitypayment.com/admin/imtiaz'

2023-09-21 17:25:21 - [MESSAGE][PASSED] - Current window maximized

2023-09-21 17:25:21 - [MESSAGE][PASSED] - Object 'Object Repository/Login_Page/Login_Username_Okta' is present

2023-09-21 17:25:22 - [MESSAGE][PASSED] - Text 'iahmed' is set on object 'Object Repository/Login_Page/Login_Username_Okta'

2023-09-21 17:25:23 - [MESSAGE][PASSED] - Text 'Hello1111111@' is set on object 'Object Repository/Login_Page/Login_Password_Okta'

2023-09-21 17:25:23 - [MESSAGE][PASSED] - Object: 'Object Repository/Login_Page/Login_Submit_Okta' is clicked on

2023-09-21 17:25:23 - [MESSAGE][PASSED] - adminSuiteBootstrap.loginFunctionality.login_AdminSuite is PASSED

2023-09-21 17:25:23 - [TEST_STEP][PASSED] - click(findTestObject(path_Dashboard + appName)): Object: 'Object Repository/AdminSuiteBootstrap_Pages/Dashboard_Bootstrap/a_Access AutoDualCFtpQA' is clicked on

2023-09-21 17:25:30 - [MESSAGE][PASSED] - Object: 'Object Repository/AdminSuiteBootstrap_Pages/Dashboard_Bootstrap/a_Access AutoDualCFtpQA' is clicked on

2023-09-21 17:25:30 - [TEST_STEP][PASSED] - click(findTestObject(path_VT + "a_Find Profile")): Object: 'Object Repository/AdminSuiteBootstrap_Pages/VT_Bootstrap/IssueTransactions/a_Find Profile' is clicked on

2023-09-21 17:25:30 - [MESSAGE][PASSED] - Object: 'Object Repository/AdminSuiteBootstrap_Pages/VT_Bootstrap/IssueTransactions/a_Find Profile' is clicked on

2023-09-21 17:25:30 - [TEST_STEP][PASSED] - criteria = <not implemented yet for class: org.codehaus.groovy.ast.expr.EmptyExpression>: null

2023-09-21 17:25:30 - [TEST_STEP][PASSED] - searchBy = <not implemented yet for class: org.codehaus.groovy.ast.expr.EmptyExpression>: null

2023-09-21 17:25:30 - [TEST_STEP][PASSED] - criteria = findTestData(dataFile).getValue("ProfileName", row): null

2023-09-21 17:25:30 - [TEST_STEP][PASSED] - path_SearchProfile = "Object Repository/AdminSuiteBootstrap_Pages/VSP_Bootstrap/SearchProfile/": null

2023-09-21 17:25:30 - [TEST_STEP][PASSED] - setText(findTestObject(path_SearchProfile + "input_Criteria"), criteria): Text 'PaymentsVisa' is set on object 'Object Repository/AdminSuiteBootstrap_Pages/VSP_Bootstrap/SearchProfile/input_Criteria'

2023-09-21 17:25:31 - [MESSAGE][PASSED] - Text 'PaymentsVisa' is set on object 'Object Repository/AdminSuiteBootstrap_Pages/VSP_Bootstrap/SearchProfile/input_Criteria'

2023-09-21 17:25:31 - [TEST_STEP][PASSED] - click(findTestObject(path_SearchProfile + "button_Search")): Object: 'Object Repository/AdminSuiteBootstrap_Pages/VSP_Bootstrap/SearchProfile/button_Search' is clicked on

2023-09-21 17:25:32 - [MESSAGE][PASSED] - Object: 'Object Repository/AdminSuiteBootstrap_Pages/VSP_Bootstrap/SearchProfile/button_Search' is clicked on

2023-09-21 17:25:32 - [TEST_STEP][PASSED] - profNameLink = findTestData(dataFile).getValue("ProfileNameLink", row): null

2023-09-21 17:25:32 - [TEST_STEP][PASSED] - click(findTestObject(path_ViewProfile + profNameLink)): Object: 'Object Repository/AdminSuiteBootstrap_Pages/VSP_Bootstrap/View Profile/a_PaymentsVisa' is clicked on

2023-09-21 17:25:34 - [MESSAGE][PASSED] - Object: 'Object Repository/AdminSuiteBootstrap_Pages/VSP_Bootstrap/View Profile/a_PaymentsVisa' is clicked on

2023-09-21 17:25:34 - [TEST_STEP][PASSED] - click(findTestObject(path_ViewProfile + "a_AuthCap")): Object: 'Object Repository/AdminSuiteBootstrap_Pages/VSP_Bootstrap/View Profile/a_AuthCap' is clicked on

2023-09-21 17:25:36 - [MESSAGE][PASSED] - Object: 'Object Repository/AdminSuiteBootstrap_Pages/VSP_Bootstrap/View Profile/a_AuthCap' is clicked on

2023-09-21 17:25:36 - [TEST_STEP][PASSED] - verifyTextPresent("Credit Card Authorization Capture", true): Text 'Credit Card Authorization Capture' is present on page  using regular expression

2023-09-21 17:25:36 - [MESSAGE][PASSED] - Text 'Credit Card Authorization Capture' is present on page  using regular expression

2023-09-21 17:25:36 - [TEST_STEP][PASSED] - verifyTextPresent("Sale", true): Text 'Sale' is present on page  using regular expression

2023-09-21 17:25:37 - [MESSAGE][PASSED] - Text 'Sale' is present on page  using regular expression

2023-09-21 17:25:37 - [TEST_STEP][PASSED] - verifyTextPresent("Required fields are highlighted with an asterisk", true): Text 'Required fields are highlighted with an asterisk' is present on page  using regular expression

2023-09-21 17:25:37 - [MESSAGE][PASSED] - Text 'Required fields are highlighted with an asterisk' is present on page  using regular expression

2023-09-21 17:25:37 - [TEST_STEP][PASSED] - verifyTextPresent("Remittance ID", true): Text 'Remittance ID' is present on page  using regular expression

2023-09-21 17:25:37 - [MESSAGE][PASSED] - Text 'Remittance ID' is present on page  using regular expression

2023-09-21 17:25:37 - [TEST_STEP][PASSED] - vspBootstrap.SalePage.setDataSaleAndAuth(row, dataFile): vspBootstrap.SalePage.setDataSaleAndAuth is PASSED

2023-09-21 17:25:39 - [MESSAGE][PASSED] - All options with value 'MOTO' are selected in object 'Object Repository/AdminSuiteBootstrap_Pages/VSP_Bootstrap/VSP_Authcap/select_TransactionCategory'  using regular expression

2023-09-21 17:25:39 - [MESSAGE][PASSED] - Text '123' is set on object 'Object Repository/AdminSuiteBootstrap_Pages/VSP_Bootstrap/VSP_Authcap/input_cvv'

2023-09-21 17:25:40 - [MESSAGE][PASSED] - Text '' is set on object 'Object Repository/AdminSuiteBootstrap_Pages/VSP_Bootstrap/VSP_Authcap/input_smsNumber'

2023-09-21 17:25:41 - [MESSAGE][PASSED] - Text '2.50' is set on object 'Object Repository/AdminSuiteBootstrap_Pages/VSP_Bootstrap/VSP_Authcap/input_amount'

2023-09-21 17:25:42 - [MESSAGE][PASSED] - Text 'Delhi' is set on object 'Object Repository/AdminSuiteBootstrap_Pages/VSP_Bootstrap/VSP_Authcap/input_userDefined1'

2023-09-21 17:25:42 - [MESSAGE][PASSED] - Text 'Chennai' is set on object 'Object Repository/AdminSuiteBootstrap_Pages/VSP_Bootstrap/VSP_Authcap/input_userDefined2'

2023-09-21 17:25:43 - [MESSAGE][PASSED] - Text 'Mumbai' is set on object 'Object Repository/AdminSuiteBootstrap_Pages/VSP_Bootstrap/VSP_Authcap/input_userDefined3'

2023-09-21 17:25:44 - [MESSAGE][PASSED] - Text 'Kanpur' is set on object 'Object Repository/AdminSuiteBootstrap_Pages/VSP_Bootstrap/VSP_Authcap/input_userDefined4'

2023-09-21 17:25:44 - [MESSAGE][PASSED] - All options with label 'Orange' are selected in object 'Object Repository/AdminSuiteBootstrap_Pages/VSP_Bootstrap/VSP_Authcap/select_UDF5'  using regular expression

2023-09-21 17:25:45 - [MESSAGE][PASSED] - All options with label 'Yellow' are selected in object 'Object Repository/AdminSuiteBootstrap_Pages/VSP_Bootstrap/VSP_Authcap/select_UDF6'  using regular expression

2023-09-21 17:25:46 - [MESSAGE][PASSED] - Text 'Kolkata' is set on object 'Object Repository/AdminSuiteBootstrap_Pages/VSP_Bootstrap/VSP_Authcap/input_userDefined7'

2023-09-21 17:25:46 - [MESSAGE][PASSED] - Text 'Pune' is set on object 'Object Repository/AdminSuiteBootstrap_Pages/VSP_Bootstrap/VSP_Authcap/input_userDefined8'

2023-09-21 17:25:47 - [MESSAGE][PASSED] - Text 'Bhavnagar' is set on object 'Object Repository/AdminSuiteBootstrap_Pages/VSP_Bootstrap/VSP_Authcap/input_userDefined9'

2023-09-21 17:25:48 - [MESSAGE][PASSED] - Text 'Noida' is set on object 'Object Repository/AdminSuiteBootstrap_Pages/VSP_Bootstrap/VSP_Authcap/input_userDefined10'

2023-09-21 17:25:50 - [MESSAGE][PASSED] - Object: 'Object Repository/AdminSuiteBootstrap_Pages/VSP_Bootstrap/VSP_Authcap/button_Submit' is clicked on

2023-09-21 17:25:50 - [MESSAGE][PASSED] - vspBootstrap.SalePage.setDataSaleAndAuth is PASSED

2023-09-21 17:25:50 - [TEST_STEP][PASSED] - verifyTextPresent("Transaction Successful", true): Text 'Transaction Successful' is present on page  using regular expression

2023-09-21 17:25:50 - [MESSAGE][PASSED] - Text 'Transaction Successful' is present on page  using regular expression

2023-09-21 17:25:50 - [TEST_STEP][PASSED] - verifyElementVisible(findTestObject("Object Repository/AdminSuiteBootstrap_Pages/VT_Bootstrap/Receipt/button_Continue")): Object 'Object Repository/AdminSuiteBootstrap_Pages/VT_Bootstrap/Receipt/button_Continue' is visible

2023-09-21 17:25:51 - [MESSAGE][PASSED] - Object 'Object Repository/AdminSuiteBootstrap_Pages/VT_Bootstrap/Receipt/button_Continue' is visible

2023-09-21 17:25:51 - [TEST_STEP][PASSED] - verifyElementPresent(findTestObject("Object Repository/AdminSuiteBootstrap_Pages/VT_Bootstrap/Receipt/button_Continue"), 20): Object 'Object Repository/AdminSuiteBootstrap_Pages/VT_Bootstrap/Receipt/button_Continue' is present

2023-09-21 17:25:51 - [MESSAGE][PASSED] - Object 'Object Repository/AdminSuiteBootstrap_Pages/VT_Bootstrap/Receipt/button_Continue' is present

2023-09-21 17:25:51 - [TEST_STEP][PASSED] - verifyElementVisible(findTestObject("Object Repository/AdminSuiteBootstrap_Pages/VT_Bootstrap/Receipt/button_Print")): Object 'Object Repository/AdminSuiteBootstrap_Pages/VT_Bootstrap/Receipt/button_Print' is visible

2023-09-21 17:25:51 - [MESSAGE][PASSED] - Object 'Object Repository/AdminSuiteBootstrap_Pages/VT_Bootstrap/Receipt/button_Print' is visible

2023-09-21 17:25:51 - [TEST_STEP][PASSED] - verifyElementPresent(findTestObject("Object Repository/AdminSuiteBootstrap_Pages/VT_Bootstrap/Receipt/button_Print"), 20): Object 'Object Repository/AdminSuiteBootstrap_Pages/VT_Bootstrap/Receipt/button_Print' is present

2023-09-21 17:25:52 - [MESSAGE][PASSED] - Object 'Object Repository/AdminSuiteBootstrap_Pages/VT_Bootstrap/Receipt/button_Print' is present

2023-09-21 17:25:52 - [TEST_STEP][PASSED] - verifyTextPresent("Remittance ID", true): Text 'Remittance ID' is present on page  using regular expression

2023-09-21 17:25:52 - [MESSAGE][PASSED] - Text 'Remittance ID' is present on page  using regular expression

2023-09-21 17:25:52 - [TEST_STEP][PASSED] - verifyTextPresent("Received", true): Text 'Received' is present on page  using regular expression

2023-09-21 17:25:52 - [MESSAGE][PASSED] - Text 'Received' is present on page  using regular expression

2023-09-21 17:25:52 - [TEST_STEP][PASSED] - verifyTextPresent("UDF1", true): Text 'UDF1' is present on page  using regular expression

2023-09-21 17:25:52 - [MESSAGE][PASSED] - Text 'UDF1' is present on page  using regular expression

2023-09-21 17:25:52 - [TEST_STEP][PASSED] - verifyTextPresent("UDF2", true): Text 'UDF2' is present on page  using regular expression

2023-09-21 17:25:53 - [MESSAGE][PASSED] - Text 'UDF2' is present on page  using regular expression

2023-09-21 17:25:53 - [TEST_STEP][PASSED] - verifyTextPresent("UDF3", true): Text 'UDF3' is present on page  using regular expression

2023-09-21 17:25:53 - [MESSAGE][PASSED] - Text 'UDF3' is present on page  using regular expression

2023-09-21 17:25:53 - [TEST_STEP][PASSED] - verifyTextPresent("UDF4", true): Text 'UDF4' is present on page  using regular expression

2023-09-21 17:25:53 - [MESSAGE][PASSED] - Text 'UDF4' is present on page  using regular expression

2023-09-21 17:25:53 - [TEST_STEP][PASSED] - verifyTextPresent("UDF5", true): Text 'UDF5' is present on page  using regular expression

2023-09-21 17:25:54 - [MESSAGE][PASSED] - Text 'UDF5' is present on page  using regular expression

2023-09-21 17:25:54 - [TEST_STEP][PASSED] - verifyTextPresent("UDF6", true): Text 'UDF6' is present on page  using regular expression

2023-09-21 17:25:54 - [MESSAGE][PASSED] - Text 'UDF6' is present on page  using regular expression

2023-09-21 17:25:54 - [TEST_STEP][PASSED] - verifyTextPresent("UDF7", true): Text 'UDF7' is present on page  using regular expression

2023-09-21 17:25:54 - [MESSAGE][PASSED] - Text 'UDF7' is present on page  using regular expression

2023-09-21 17:25:54 - [TEST_STEP][PASSED] - verifyTextPresent("UDF8", true): Text 'UDF8' is present on page  using regular expression

2023-09-21 17:25:55 - [MESSAGE][PASSED] - Text 'UDF8' is present on page  using regular expression

2023-09-21 17:25:55 - [TEST_STEP][PASSED] - verifyTextPresent("UDF9", true): Text 'UDF9' is present on page  using regular expression

2023-09-21 17:25:55 - [MESSAGE][PASSED] - Text 'UDF9' is present on page  using regular expression

2023-09-21 17:25:55 - [TEST_STEP][PASSED] - verifyTextPresent("UDF 10", true): Text 'UDF 10' is present on page  using regular expression

2023-09-21 17:25:55 - [MESSAGE][PASSED] - Text 'UDF 10' is present on page  using regular expression

2023-09-21 17:25:55 - [TEST_STEP][PASSED] - verifyTextPresent("Delhi", true): Text 'Delhi' is present on page  using regular expression

2023-09-21 17:25:55 - [MESSAGE][PASSED] - Text 'Delhi' is present on page  using regular expression

2023-09-21 17:25:55 - [TEST_STEP][PASSED] - verifyTextPresent("Chennai", true): Text 'Chennai' is present on page  using regular expression

2023-09-21 17:25:56 - [MESSAGE][PASSED] - Text 'Chennai' is present on page  using regular expression

2023-09-21 17:25:56 - [TEST_STEP][PASSED] - verifyTextPresent("Mumbai", true): Text 'Mumbai' is present on page  using regular expression

2023-09-21 17:25:56 - [MESSAGE][PASSED] - Text 'Mumbai' is present on page  using regular expression

2023-09-21 17:25:56 - [TEST_STEP][PASSED] - verifyTextPresent("Kanpur", true): Text 'Kanpur' is present on page  using regular expression

2023-09-21 17:25:56 - [MESSAGE][PASSED] - Text 'Kanpur' is present on page  using regular expression

2023-09-21 17:25:56 - [TEST_STEP][PASSED] - verifyTextPresent("Orange Recorded", true): Text 'Orange Recorded' is present on page  using regular expression

2023-09-21 17:25:57 - [MESSAGE][PASSED] - Text 'Orange Recorded' is present on page  using regular expression

2023-09-21 17:25:57 - [TEST_STEP][PASSED] - verifyTextPresent("Yellow Recorded", true): Text 'Yellow Recorded' is present on page  using regular expression

2023-09-21 17:25:57 - [MESSAGE][PASSED] - Text 'Yellow Recorded' is present on page  using regular expression

2023-09-21 17:25:57 - [TEST_STEP][PASSED] - verifyTextPresent("Kolkata", true): Text 'Kolkata' is present on page  using regular expression

2023-09-21 17:25:57 - [MESSAGE][PASSED] - Text 'Kolkata' is present on page  using regular expression

2023-09-21 17:25:57 - [TEST_STEP][PASSED] - verifyTextPresent("Pune", true): Text 'Pune' is present on page  using regular expression

2023-09-21 17:25:58 - [MESSAGE][PASSED] - Text 'Pune' is present on page  using regular expression

2023-09-21 17:25:58 - [TEST_STEP][PASSED] - verifyTextPresent("Bhavnagar", true): Text 'Bhavnagar' is present on page  using regular expression

2023-09-21 17:25:58 - [MESSAGE][PASSED] - Text 'Bhavnagar' is present on page  using regular expression

2023-09-21 17:25:58 - [TEST_STEP][PASSED] - verifyTextPresent("Noida", true): Text 'Noida' is present on page  using regular expression

2023-09-21 17:25:58 - [MESSAGE][PASSED] - Text 'Noida' is present on page  using regular expression

2023-09-21 17:25:58 - [TEST_STEP][PASSED] - verifyTextPresent("Amount", true): Text 'Amount' is present on page  using regular expression

2023-09-21 17:25:58 - [MESSAGE][PASSED] - Text 'Amount' is present on page  using regular expression

2023-09-21 17:25:58 - [TEST_STEP][PASSED] - verifyTextPresent("2.50", true): Text '2.50' is present on page  using regular expression

2023-09-21 17:25:59 - [MESSAGE][PASSED] - Text '2.50' is present on page  using regular expression

2023-09-21 17:25:59 - [TEST_STEP][PASSED] - verifyTextPresent("Authorization and Capture", true): Text 'Authorization and Capture' is present on page  using regular expression

2023-09-21 17:25:59 - [MESSAGE][PASSED] - Text 'Authorization and Capture' is present on page  using regular expression

2023-09-21 17:25:59 - [TEST_STEP][PASSED] - verifyTextPresent("Card Information", true): Text 'Card Information' is present on page  using regular expression

2023-09-21 17:25:59 - [MESSAGE][PASSED] - Text 'Card Information' is present on page  using regular expression

2023-09-21 17:25:59 - [TEST_STEP][PASSED] - verifyTextPresent("TANDON RAVENA", true): Text 'TANDON RAVENA' is present on page  using regular expression

2023-09-21 17:26:00 - [MESSAGE][PASSED] - Text 'TANDON RAVENA' is present on page  using regular expression

2023-09-21 17:26:00 - [TEST_STEP][PASSED] - verifyTextPresent("Address Line 1", true): Text 'Address Line 1' is present on page  using regular expression

2023-09-21 17:26:00 - [MESSAGE][PASSED] - Text 'Address Line 1' is present on page  using regular expression

2023-09-21 17:26:00 - [TEST_STEP][PASSED] - verifyTextPresent("Address Line 2", true): Text 'Address Line 2' is present on page  using regular expression

2023-09-21 17:26:00 - [MESSAGE][PASSED] - Text 'Address Line 2' is present on page  using regular expression

2023-09-21 17:26:00 - [TEST_STEP][PASSED] - verifyTextPresent("Country", true): Text 'Country' is present on page  using regular expression

2023-09-21 17:26:01 - [MESSAGE][PASSED] - Text 'Country' is present on page  using regular expression

2023-09-21 17:26:01 - [TEST_STEP][PASSED] - verifyTextPresent("City", true): Text 'City' is present on page  using regular expression

2023-09-21 17:26:01 - [MESSAGE][PASSED] - Text 'City' is present on page  using regular expression

2023-09-21 17:26:01 - [TEST_STEP][PASSED] - verifyTextPresent("State", true): Text 'State' is present on page  using regular expression

2023-09-21 17:26:01 - [MESSAGE][PASSED] - Text 'State' is present on page  using regular expression

2023-09-21 17:26:01 - [TEST_STEP][PASSED] - verifyTextPresent("ZIP Code", true): Text 'ZIP Code' is present on page  using regular expression

2023-09-21 17:26:01 - [MESSAGE][PASSED] - Text 'ZIP Code' is present on page  using regular expression

2023-09-21 17:26:01 - [TEST_STEP][PASSED] - verifyTextPresent("248 PhoolKaante road", true): Text '248 PhoolKaante road' is present on page  using regular expression

2023-09-21 17:26:02 - [MESSAGE][PASSED] - Text '248 PhoolKaante road' is present on page  using regular expression

2023-09-21 17:26:02 - [TEST_STEP][PASSED] - verifyTextPresent("Suite 678", true): Text 'Suite 678' is present on page  using regular expression

2023-09-21 17:26:02 - [MESSAGE][PASSED] - Text 'Suite 678' is present on page  using regular expression

2023-09-21 17:26:02 - [TEST_STEP][PASSED] - verifyTextPresent("United States", true): Text 'United States' is present on page  using regular expression

2023-09-21 17:26:02 - [MESSAGE][PASSED] - Text 'United States' is present on page  using regular expression

2023-09-21 17:26:02 - [TEST_STEP][PASSED] - verifyTextPresent("ARLINGTON", true): Text 'ARLINGTON' is present on page  using regular expression

2023-09-21 17:26:03 - [MESSAGE][PASSED] - Text 'ARLINGTON' is present on page  using regular expression

2023-09-21 17:26:03 - [TEST_STEP][PASSED] - verifyTextPresent("VA", true): Text 'VA' is present on page  using regular expression

2023-09-21 17:26:03 - [MESSAGE][PASSED] - Text 'VA' is present on page  using regular expression

2023-09-21 17:26:03 - [TEST_STEP][PASSED] - verifyTextPresent("22201", true): Text '22201' is present on page  using regular expression

2023-09-21 17:26:03 - [MESSAGE][PASSED] - Text '22201' is present on page  using regular expression

2023-09-21 17:26:03 - [TEST_STEP][PASSED] - cardTypeV = findTestData(dataFile).getValue("CardType", row): null

2023-09-21 17:26:03 - [TEST_STEP][PASSED] - last4V = findTestData(dataFile).getValue("Last4", row): null

2023-09-21 17:26:03 - [TEST_STEP][PASSED] - verifyTextPresent(cardTypeV, true): Text 'Visa' is present on page  using regular expression

2023-09-21 17:26:04 - [MESSAGE][PASSED] - Text 'Visa' is present on page  using regular expression

2023-09-21 17:26:04 - [TEST_STEP][PASSED] - verifyTextPresent(last4V, true): Text '5439' is present on page  using regular expression

2023-09-21 17:26:04 - [MESSAGE][PASSED] - Text '5439' is present on page  using regular expression

2023-09-21 17:26:04 - [TEST_STEP][PASSED] - switch (appName): null

2023-09-21 17:26:04 - [TEST_STEP][PASSED] - case "a_Access AutoDualCFtpQA":: null

2023-09-21 17:26:04 - [TEST_STEP][PASSED] - verifyTextPresent("5.00", true): Text '5.00' is present on page  using regular expression

2023-09-21 17:26:04 - [MESSAGE][PASSED] - Text '5.00' is present on page  using regular expression

2023-09-21 17:26:04 - [TEST_STEP][PASSED] - verifyTextPresent("Dual Transaction", true): Text 'Dual Transaction' is present on page  using regular expression

2023-09-21 17:26:04 - [MESSAGE][PASSED] - Text 'Dual Transaction' is present on page  using regular expression

2023-09-21 17:26:04 - [TEST_STEP][PASSED] - verifyTextPresent("7.50", true): Text '7.50' is present on page  using regular expression

2023-09-21 17:26:05 - [MESSAGE][PASSED] - Text '7.50' is present on page  using regular expression

2023-09-21 17:26:05 - [TEST_STEP][PASSED] - verifyTextPresent("Total Amount", true): Text 'Total Amount' is present on page  using regular expression

2023-09-21 17:26:05 - [MESSAGE][PASSED] - Text 'Total Amount' is present on page  using regular expression

2023-09-21 17:26:05 - [TEST_STEP][PASSED] - verifyTextPresent("Transaction Type", true): Text 'Transaction Type' is present on page  using regular expression

2023-09-21 17:26:05 - [MESSAGE][PASSED] - Text 'Transaction Type' is present on page  using regular expression

2023-09-21 17:26:05 - [TEST_STEP][PASSED] - break: null

2023-09-21 17:26:05 - [TEST_STEP][PASSED] - closeBrowser(): Browser is closed

2023-09-21 17:26:06 - [MESSAGE][PASSED] - Browser is closed

2023-09-21 17:26:06 - [TEST_STEP][PASSED] - ExecuteTC = findTestData(dataFile).getValue("Execute", row): null

2023-09-21 17:26:06 - [TEST_STEP][PASSED] - out.println("Value of Execute is : " + ExecuteTC): null

2023-09-21 17:26:06 - [TEST_STEP][PASSED] - switch (executionProfile): null

2023-09-21 17:26:06 - [TEST_STEP][PASSED] - case "QA2Profile":: null

2023-09-21 17:26:06 - [TEST_STEP][PASSED] - appName = findTestData(dataFile).getValue("AppNameQA", row): null

2023-09-21 17:26:06 - [TEST_STEP][PASSED] - appID = findTestData(dataFile).getValue("AppIDQA", row): null

2023-09-21 17:26:06 - [TEST_STEP][PASSED] - break: null

2023-09-21 17:26:06 - [TEST_STEP][PASSED] - if (ExecuteTC.equalsIgnoreCase("Y")): null

2023-09-21 17:26:06 - [TEST_STEP][PASSED] - out.println("Begin Record Number: " + row): null

2023-09-21 17:26:06 - [TEST_STEP][PASSED] - today = new java.util.Date(): null

2023-09-21 17:26:06 - [TEST_STEP][PASSED] - println(today): null

2023-09-21 17:26:06 - [TEST_STEP][PASSED] - datText = today: null

2023-09-21 17:26:06 - [TEST_STEP][PASSED] - adminSuiteBootstrap.loginFunctionality.login_AdminSuite(): adminSuiteBootstrap.loginFunctionality.login_AdminSuite is PASSED

2023-09-21 17:26:06 - [MESSAGE][INFO] - Starting 'Chrome' driver

2023-09-21 17:26:06 - [MESSAGE][INFO] - User set preference: ['acceptInsecureCerts', 'true']

2023-09-21 17:26:06 - [MESSAGE][INFO] - Action delay is set to 0 milliseconds

2023-09-21 17:26:09 - [MESSAGE][PASSED] - Browser is opened with url: 'https://qa2.velocitypayment.com/admin/imtiaz'

2023-09-21 17:26:09 - [MESSAGE][PASSED] - Current window maximized

2023-09-21 17:26:10 - [MESSAGE][PASSED] - Object 'Object Repository/Login_Page/Login_Username_Okta' is present

2023-09-21 17:26:10 - [MESSAGE][PASSED] - Text 'iahmed' is set on object 'Object Repository/Login_Page/Login_Username_Okta'

2023-09-21 17:26:11 - [MESSAGE][PASSED] - Text 'Hello1111111@' is set on object 'Object Repository/Login_Page/Login_Password_Okta'

2023-09-21 17:26:12 - [MESSAGE][PASSED] - Object: 'Object Repository/Login_Page/Login_Submit_Okta' is clicked on

2023-09-21 17:26:12 - [MESSAGE][PASSED] - adminSuiteBootstrap.loginFunctionality.login_AdminSuite is PASSED

2023-09-21 17:26:12 - [TEST_STEP][PASSED] - click(findTestObject(path_Dashboard + appName)): Object: 'Object Repository/AdminSuiteBootstrap_Pages/Dashboard_Bootstrap/a_Access AutoDualCFtpQA' is clicked on

2023-09-21 17:26:21 - [MESSAGE][PASSED] - Object: 'Object Repository/AdminSuiteBootstrap_Pages/Dashboard_Bootstrap/a_Access AutoDualCFtpQA' is clicked on

2023-09-21 17:26:21 - [TEST_STEP][PASSED] - click(findTestObject(path_VT + "a_Find Profile")): Object: 'Object Repository/AdminSuiteBootstrap_Pages/VT_Bootstrap/IssueTransactions/a_Find Profile' is clicked on

2023-09-21 17:26:21 - [MESSAGE][PASSED] - Object: 'Object Repository/AdminSuiteBootstrap_Pages/VT_Bootstrap/IssueTransactions/a_Find Profile' is clicked on

2023-09-21 17:26:21 - [TEST_STEP][PASSED] - criteria = <not implemented yet for class: org.codehaus.groovy.ast.expr.EmptyExpression>: null

2023-09-21 17:26:21 - [TEST_STEP][PASSED] - searchBy = <not implemented yet for class: org.codehaus.groovy.ast.expr.EmptyExpression>: null

2023-09-21 17:26:21 - [TEST_STEP][PASSED] - criteria = findTestData(dataFile).getValue("ProfileName", row): null

2023-09-21 17:26:21 - [TEST_STEP][PASSED] - path_SearchProfile = "Object Repository/AdminSuiteBootstrap_Pages/VSP_Bootstrap/SearchProfile/": null

2023-09-21 17:26:21 - [TEST_STEP][PASSED] - setText(findTestObject(path_SearchProfile + "input_Criteria"), criteria): Text 'PaymentsMC' is set on object 'Object Repository/AdminSuiteBootstrap_Pages/VSP_Bootstrap/SearchProfile/input_Criteria'

2023-09-21 17:26:22 - [MESSAGE][PASSED] - Text 'PaymentsMC' is set on object 'Object Repository/AdminSuiteBootstrap_Pages/VSP_Bootstrap/SearchProfile/input_Criteria'

2023-09-21 17:26:22 - [TEST_STEP][PASSED] - click(findTestObject(path_SearchProfile + "button_Search")): Object: 'Object Repository/AdminSuiteBootstrap_Pages/VSP_Bootstrap/SearchProfile/button_Search' is clicked on

2023-09-21 17:26:23 - [MESSAGE][PASSED] - Object: 'Object Repository/AdminSuiteBootstrap_Pages/VSP_Bootstrap/SearchProfile/button_Search' is clicked on

2023-09-21 17:26:23 - [TEST_STEP][PASSED] - profNameLink = findTestData(dataFile).getValue("ProfileNameLink", row): null

2023-09-21 17:26:23 - [TEST_STEP][PASSED] - click(findTestObject(path_ViewProfile + profNameLink)): Object: 'Object Repository/AdminSuiteBootstrap_Pages/VSP_Bootstrap/View Profile/a_PaymentsMC' is clicked on

2023-09-21 17:26:24 - [MESSAGE][PASSED] - Object: 'Object Repository/AdminSuiteBootstrap_Pages/VSP_Bootstrap/View Profile/a_PaymentsMC' is clicked on

2023-09-21 17:26:24 - [TEST_STEP][PASSED] - click(findTestObject(path_ViewProfile + "a_AuthCap")): Object: 'Object Repository/AdminSuiteBootstrap_Pages/VSP_Bootstrap/View Profile/a_AuthCap' is clicked on

2023-09-21 17:26:25 - [MESSAGE][PASSED] - Object: 'Object Repository/AdminSuiteBootstrap_Pages/VSP_Bootstrap/View Profile/a_AuthCap' is clicked on

2023-09-21 17:26:25 - [TEST_STEP][PASSED] - verifyTextPresent("Credit Card Authorization Capture", true): Text 'Credit Card Authorization Capture' is present on page  using regular expression

2023-09-21 17:26:26 - [MESSAGE][PASSED] - Text 'Credit Card Authorization Capture' is present on page  using regular expression

2023-09-21 17:26:26 - [TEST_STEP][PASSED] - verifyTextPresent("Sale", true): Text 'Sale' is present on page  using regular expression

2023-09-21 17:26:26 - [MESSAGE][PASSED] - Text 'Sale' is present on page  using regular expression

2023-09-21 17:26:26 - [TEST_STEP][PASSED] - verifyTextPresent("Required fields are highlighted with an asterisk", true): Text 'Required fields are highlighted with an asterisk' is present on page  using regular expression

2023-09-21 17:26:27 - [MESSAGE][PASSED] - Text 'Required fields are highlighted with an asterisk' is present on page  using regular expression

2023-09-21 17:26:27 - [TEST_STEP][PASSED] - verifyTextPresent("Remittance ID", true): Text 'Remittance ID' is present on page  using regular expression

2023-09-21 17:26:27 - [MESSAGE][PASSED] - Text 'Remittance ID' is present on page  using regular expression

2023-09-21 17:26:27 - [TEST_STEP][PASSED] - vspBootstrap.SalePage.setDataSaleAndAuth(row, dataFile): vspBootstrap.SalePage.setDataSaleAndAuth is PASSED

2023-09-21 17:26:28 - [MESSAGE][PASSED] - All options with value 'MOTO' are selected in object 'Object Repository/AdminSuiteBootstrap_Pages/VSP_Bootstrap/VSP_Authcap/select_TransactionCategory'  using regular expression

2023-09-21 17:26:29 - [MESSAGE][PASSED] - Text '123' is set on object 'Object Repository/AdminSuiteBootstrap_Pages/VSP_Bootstrap/VSP_Authcap/input_cvv'

2023-09-21 17:26:30 - [MESSAGE][PASSED] - Text '' is set on object 'Object Repository/AdminSuiteBootstrap_Pages/VSP_Bootstrap/VSP_Authcap/input_smsNumber'

2023-09-21 17:26:30 - [MESSAGE][PASSED] - Text '2.50' is set on object 'Object Repository/AdminSuiteBootstrap_Pages/VSP_Bootstrap/VSP_Authcap/input_amount'

2023-09-21 17:26:31 - [MESSAGE][PASSED] - Text 'Delhi' is set on object 'Object Repository/AdminSuiteBootstrap_Pages/VSP_Bootstrap/VSP_Authcap/input_userDefined1'

2023-09-21 17:26:32 - [MESSAGE][PASSED] - Text 'Chennai' is set on object 'Object Repository/AdminSuiteBootstrap_Pages/VSP_Bootstrap/VSP_Authcap/input_userDefined2'

2023-09-21 17:26:33 - [MESSAGE][PASSED] - Text 'Mumbai' is set on object 'Object Repository/AdminSuiteBootstrap_Pages/VSP_Bootstrap/VSP_Authcap/input_userDefined3'

2023-09-21 17:26:33 - [MESSAGE][PASSED] - Text 'Kanpur' is set on object 'Object Repository/AdminSuiteBootstrap_Pages/VSP_Bootstrap/VSP_Authcap/input_userDefined4'

2023-09-21 17:26:34 - [MESSAGE][PASSED] - All options with label 'Orange' are selected in object 'Object Repository/AdminSuiteBootstrap_Pages/VSP_Bootstrap/VSP_Authcap/select_UDF5'  using regular expression

2023-09-21 17:26:35 - [MESSAGE][PASSED] - All options with label 'Yellow' are selected in object 'Object Repository/AdminSuiteBootstrap_Pages/VSP_Bootstrap/VSP_Authcap/select_UDF6'  using regular expression

2023-09-21 17:26:36 - [MESSAGE][PASSED] - Text 'Kolkata' is set on object 'Object Repository/AdminSuiteBootstrap_Pages/VSP_Bootstrap/VSP_Authcap/input_userDefined7'

2023-09-21 17:26:36 - [MESSAGE][PASSED] - Text 'Pune' is set on object 'Object Repository/AdminSuiteBootstrap_Pages/VSP_Bootstrap/VSP_Authcap/input_userDefined8'

2023-09-21 17:26:37 - [MESSAGE][PASSED] - Text 'Bhavnagar' is set on object 'Object Repository/AdminSuiteBootstrap_Pages/VSP_Bootstrap/VSP_Authcap/input_userDefined9'

2023-09-21 17:26:37 - [MESSAGE][PASSED] - Text 'Noida' is set on object 'Object Repository/AdminSuiteBootstrap_Pages/VSP_Bootstrap/VSP_Authcap/input_userDefined10'

2023-09-21 17:26:39 - [MESSAGE][PASSED] - Object: 'Object Repository/AdminSuiteBootstrap_Pages/VSP_Bootstrap/VSP_Authcap/button_Submit' is clicked on

2023-09-21 17:26:39 - [MESSAGE][PASSED] - vspBootstrap.SalePage.setDataSaleAndAuth is PASSED

2023-09-21 17:26:39 - [TEST_STEP][PASSED] - verifyTextPresent("Transaction Successful", true): Text 'Transaction Successful' is present on page  using regular expression

2023-09-21 17:26:40 - [MESSAGE][PASSED] - Text 'Transaction Successful' is present on page  using regular expression

2023-09-21 17:26:40 - [TEST_STEP][PASSED] - verifyElementVisible(findTestObject("Object Repository/AdminSuiteBootstrap_Pages/VT_Bootstrap/Receipt/button_Continue")): Object 'Object Repository/AdminSuiteBootstrap_Pages/VT_Bootstrap/Receipt/button_Continue' is visible

2023-09-21 17:26:40 - [MESSAGE][PASSED] - Object 'Object Repository/AdminSuiteBootstrap_Pages/VT_Bootstrap/Receipt/button_Continue' is visible

2023-09-21 17:26:40 - [TEST_STEP][PASSED] - verifyElementPresent(findTestObject("Object Repository/AdminSuiteBootstrap_Pages/VT_Bootstrap/Receipt/button_Continue"), 20): Object 'Object Repository/AdminSuiteBootstrap_Pages/VT_Bootstrap/Receipt/button_Continue' is present

2023-09-21 17:26:40 - [MESSAGE][PASSED] - Object 'Object Repository/AdminSuiteBootstrap_Pages/VT_Bootstrap/Receipt/button_Continue' is present

2023-09-21 17:26:40 - [TEST_STEP][PASSED] - verifyElementVisible(findTestObject("Object Repository/AdminSuiteBootstrap_Pages/VT_Bootstrap/Receipt/button_Print")): Object 'Object Repository/AdminSuiteBootstrap_Pages/VT_Bootstrap/Receipt/button_Print' is visible

2023-09-21 17:26:41 - [MESSAGE][PASSED] - Object 'Object Repository/AdminSuiteBootstrap_Pages/VT_Bootstrap/Receipt/button_Print' is visible

2023-09-21 17:26:41 - [TEST_STEP][PASSED] - verifyElementPresent(findTestObject("Object Repository/AdminSuiteBootstrap_Pages/VT_Bootstrap/Receipt/button_Print"), 20): Object 'Object Repository/AdminSuiteBootstrap_Pages/VT_Bootstrap/Receipt/button_Print' is present

2023-09-21 17:26:41 - [MESSAGE][PASSED] - Object 'Object Repository/AdminSuiteBootstrap_Pages/VT_Bootstrap/Receipt/button_Print' is present

2023-09-21 17:26:41 - [TEST_STEP][PASSED] - verifyTextPresent("Remittance ID", true): Text 'Remittance ID' is present on page  using regular expression

2023-09-21 17:26:41 - [MESSAGE][PASSED] - Text 'Remittance ID' is present on page  using regular expression

2023-09-21 17:26:41 - [TEST_STEP][PASSED] - verifyTextPresent("Received", true): Text 'Received' is present on page  using regular expression

2023-09-21 17:26:42 - [MESSAGE][PASSED] - Text 'Received' is present on page  using regular expression

2023-09-21 17:26:42 - [TEST_STEP][PASSED] - verifyTextPresent("UDF1", true): Text 'UDF1' is present on page  using regular expression

2023-09-21 17:26:42 - [MESSAGE][PASSED] - Text 'UDF1' is present on page  using regular expression

2023-09-21 17:26:42 - [TEST_STEP][PASSED] - verifyTextPresent("UDF2", true): Text 'UDF2' is present on page  using regular expression

2023-09-21 17:26:42 - [MESSAGE][PASSED] - Text 'UDF2' is present on page  using regular expression

2023-09-21 17:26:42 - [TEST_STEP][PASSED] - verifyTextPresent("UDF3", true): Text 'UDF3' is present on page  using regular expression

2023-09-21 17:26:42 - [MESSAGE][PASSED] - Text 'UDF3' is present on page  using regular expression

2023-09-21 17:26:42 - [TEST_STEP][PASSED] - verifyTextPresent("UDF4", true): Text 'UDF4' is present on page  using regular expression

2023-09-21 17:26:43 - [MESSAGE][PASSED] - Text 'UDF4' is present on page  using regular expression

2023-09-21 17:26:43 - [TEST_STEP][PASSED] - verifyTextPresent("UDF5", true): Text 'UDF5' is present on page  using regular expression

2023-09-21 17:26:43 - [MESSAGE][PASSED] - Text 'UDF5' is present on page  using regular expression

2023-09-21 17:26:43 - [TEST_STEP][PASSED] - verifyTextPresent("UDF6", true): Text 'UDF6' is present on page  using regular expression

2023-09-21 17:26:43 - [MESSAGE][PASSED] - Text 'UDF6' is present on page  using regular expression

2023-09-21 17:26:43 - [TEST_STEP][PASSED] - verifyTextPresent("UDF7", true): Text 'UDF7' is present on page  using regular expression

2023-09-21 17:26:44 - [MESSAGE][PASSED] - Text 'UDF7' is present on page  using regular expression

2023-09-21 17:26:44 - [TEST_STEP][PASSED] - verifyTextPresent("UDF8", true): Text 'UDF8' is present on page  using regular expression

2023-09-21 17:26:44 - [MESSAGE][PASSED] - Text 'UDF8' is present on page  using regular expression

2023-09-21 17:26:44 - [TEST_STEP][PASSED] - verifyTextPresent("UDF9", true): Text 'UDF9' is present on page  using regular expression

2023-09-21 17:26:44 - [MESSAGE][PASSED] - Text 'UDF9' is present on page  using regular expression

2023-09-21 17:26:44 - [TEST_STEP][PASSED] - verifyTextPresent("UDF 10", true): Text 'UDF 10' is present on page  using regular expression

2023-09-21 17:26:45 - [MESSAGE][PASSED] - Text 'UDF 10' is present on page  using regular expression

2023-09-21 17:26:45 - [TEST_STEP][PASSED] - verifyTextPresent("Delhi", true): Text 'Delhi' is present on page  using regular expression

2023-09-21 17:26:45 - [MESSAGE][PASSED] - Text 'Delhi' is present on page  using regular expression

2023-09-21 17:26:45 - [TEST_STEP][PASSED] - verifyTextPresent("Chennai", true): Text 'Chennai' is present on page  using regular expression

2023-09-21 17:26:45 - [MESSAGE][PASSED] - Text 'Chennai' is present on page  using regular expression

2023-09-21 17:26:45 - [TEST_STEP][PASSED] - verifyTextPresent("Mumbai", true): Text 'Mumbai' is present on page  using regular expression

2023-09-21 17:26:45 - [MESSAGE][PASSED] - Text 'Mumbai' is present on page  using regular expression

2023-09-21 17:26:45 - [TEST_STEP][PASSED] - verifyTextPresent("Kanpur", true): Text 'Kanpur' is present on page  using regular expression

2023-09-21 17:26:46 - [MESSAGE][PASSED] - Text 'Kanpur' is present on page  using regular expression

2023-09-21 17:26:46 - [TEST_STEP][PASSED] - verifyTextPresent("Orange Recorded", true): Text 'Orange Recorded' is present on page  using regular expression

2023-09-21 17:26:46 - [MESSAGE][PASSED] - Text 'Orange Recorded' is present on page  using regular expression

2023-09-21 17:26:46 - [TEST_STEP][PASSED] - verifyTextPresent("Yellow Recorded", true): Text 'Yellow Recorded' is present on page  using regular expression

2023-09-21 17:26:46 - [MESSAGE][PASSED] - Text 'Yellow Recorded' is present on page  using regular expression

2023-09-21 17:26:46 - [TEST_STEP][PASSED] - verifyTextPresent("Kolkata", true): Text 'Kolkata' is present on page  using regular expression

2023-09-21 17:26:47 - [MESSAGE][PASSED] - Text 'Kolkata' is present on page  using regular expression

2023-09-21 17:26:47 - [TEST_STEP][PASSED] - verifyTextPresent("Pune", true): Text 'Pune' is present on page  using regular expression

2023-09-21 17:26:47 - [MESSAGE][PASSED] - Text 'Pune' is present on page  using regular expression

2023-09-21 17:26:47 - [TEST_STEP][PASSED] - verifyTextPresent("Bhavnagar", true): Text 'Bhavnagar' is present on page  using regular expression

2023-09-21 17:26:47 - [MESSAGE][PASSED] - Text 'Bhavnagar' is present on page  using regular expression

2023-09-21 17:26:47 - [TEST_STEP][PASSED] - verifyTextPresent("Noida", true): Text 'Noida' is present on page  using regular expression

2023-09-21 17:26:47 - [MESSAGE][PASSED] - Text 'Noida' is present on page  using regular expression

2023-09-21 17:26:47 - [TEST_STEP][PASSED] - verifyTextPresent("Amount", true): Text 'Amount' is present on page  using regular expression

2023-09-21 17:26:48 - [MESSAGE][PASSED] - Text 'Amount' is present on page  using regular expression

2023-09-21 17:26:48 - [TEST_STEP][PASSED] - verifyTextPresent("2.50", true): Text '2.50' is present on page  using regular expression

2023-09-21 17:26:48 - [MESSAGE][PASSED] - Text '2.50' is present on page  using regular expression

2023-09-21 17:26:48 - [TEST_STEP][PASSED] - verifyTextPresent("Authorization and Capture", true): Text 'Authorization and Capture' is present on page  using regular expression

2023-09-21 17:26:48 - [MESSAGE][PASSED] - Text 'Authorization and Capture' is present on page  using regular expression

2023-09-21 17:26:48 - [TEST_STEP][PASSED] - verifyTextPresent("Card Information", true): Text 'Card Information' is present on page  using regular expression

2023-09-21 17:26:49 - [MESSAGE][PASSED] - Text 'Card Information' is present on page  using regular expression

2023-09-21 17:26:49 - [TEST_STEP][PASSED] - verifyTextPresent("TANDON RAVENA", true): Text 'TANDON RAVENA' is present on page  using regular expression

2023-09-21 17:26:49 - [MESSAGE][PASSED] - Text 'TANDON RAVENA' is present on page  using regular expression

2023-09-21 17:26:49 - [TEST_STEP][PASSED] - verifyTextPresent("Address Line 1", true): Text 'Address Line 1' is present on page  using regular expression

2023-09-21 17:26:49 - [MESSAGE][PASSED] - Text 'Address Line 1' is present on page  using regular expression

2023-09-21 17:26:49 - [TEST_STEP][PASSED] - verifyTextPresent("Address Line 2", true): Text 'Address Line 2' is present on page  using regular expression

2023-09-21 17:26:50 - [MESSAGE][PASSED] - Text 'Address Line 2' is present on page  using regular expression

2023-09-21 17:26:50 - [TEST_STEP][PASSED] - verifyTextPresent("Country", true): Text 'Country' is present on page  using regular expression

2023-09-21 17:26:50 - [MESSAGE][PASSED] - Text 'Country' is present on page  using regular expression

2023-09-21 17:26:50 - [TEST_STEP][PASSED] - verifyTextPresent("City", true): Text 'City' is present on page  using regular expression

2023-09-21 17:26:50 - [MESSAGE][PASSED] - Text 'City' is present on page  using regular expression

2023-09-21 17:26:50 - [TEST_STEP][PASSED] - verifyTextPresent("State", true): Text 'State' is present on page  using regular expression

2023-09-21 17:26:50 - [MESSAGE][PASSED] - Text 'State' is present on page  using regular expression

2023-09-21 17:26:50 - [TEST_STEP][PASSED] - verifyTextPresent("ZIP Code", true): Text 'ZIP Code' is present on page  using regular expression

2023-09-21 17:26:51 - [MESSAGE][PASSED] - Text 'ZIP Code' is present on page  using regular expression

2023-09-21 17:26:51 - [TEST_STEP][PASSED] - verifyTextPresent("248 PhoolKaante road", true): Text '248 PhoolKaante road' is present on page  using regular expression

2023-09-21 17:26:51 - [MESSAGE][PASSED] - Text '248 PhoolKaante road' is present on page  using regular expression

2023-09-21 17:26:51 - [TEST_STEP][PASSED] - verifyTextPresent("Suite 678", true): Text 'Suite 678' is present on page  using regular expression

2023-09-21 17:26:51 - [MESSAGE][PASSED] - Text 'Suite 678' is present on page  using regular expression

2023-09-21 17:26:51 - [TEST_STEP][PASSED] - verifyTextPresent("United States", true): Text 'United States' is present on page  using regular expression

2023-09-21 17:26:52 - [MESSAGE][PASSED] - Text 'United States' is present on page  using regular expression

2023-09-21 17:26:52 - [TEST_STEP][PASSED] - verifyTextPresent("ARLINGTON", true): Text 'ARLINGTON' is present on page  using regular expression

2023-09-21 17:26:52 - [MESSAGE][PASSED] - Text 'ARLINGTON' is present on page  using regular expression

2023-09-21 17:26:52 - [TEST_STEP][PASSED] - verifyTextPresent("VA", true): Text 'VA' is present on page  using regular expression

2023-09-21 17:26:52 - [MESSAGE][PASSED] - Text 'VA' is present on page  using regular expression

2023-09-21 17:26:52 - [TEST_STEP][PASSED] - verifyTextPresent("22201", true): Text '22201' is present on page  using regular expression

2023-09-21 17:26:53 - [MESSAGE][PASSED] - Text '22201' is present on page  using regular expression

2023-09-21 17:26:53 - [TEST_STEP][PASSED] - cardTypeV = findTestData(dataFile).getValue("CardType", row): null

2023-09-21 17:26:53 - [TEST_STEP][PASSED] - last4V = findTestData(dataFile).getValue("Last4", row): null

2023-09-21 17:26:53 - [TEST_STEP][PASSED] - verifyTextPresent(cardTypeV, true): Text 'MasterCard' is present on page  using regular expression

2023-09-21 17:26:53 - [MESSAGE][PASSED] - Text 'MasterCard' is present on page  using regular expression

2023-09-21 17:26:53 - [TEST_STEP][PASSED] - verifyTextPresent(last4V, true): Text '0035' is present on page  using regular expression

2023-09-21 17:26:53 - [MESSAGE][PASSED] - Text '0035' is present on page  using regular expression

2023-09-21 17:26:53 - [TEST_STEP][PASSED] - switch (appName): null

2023-09-21 17:26:53 - [TEST_STEP][PASSED] - case "a_Access AutoDualCFtpQA":: null

2023-09-21 17:26:53 - [TEST_STEP][PASSED] - verifyTextPresent("5.00", true): Text '5.00' is present on page  using regular expression

2023-09-21 17:26:54 - [MESSAGE][PASSED] - Text '5.00' is present on page  using regular expression

2023-09-21 17:26:54 - [TEST_STEP][PASSED] - verifyTextPresent("Dual Transaction", true): Text 'Dual Transaction' is present on page  using regular expression

2023-09-21 17:26:54 - [MESSAGE][PASSED] - Text 'Dual Transaction' is present on page  using regular expression

2023-09-21 17:26:54 - [TEST_STEP][PASSED] - verifyTextPresent("7.50", true): Text '7.50' is present on page  using regular expression

2023-09-21 17:26:54 - [MESSAGE][PASSED] - Text '7.50' is present on page  using regular expression

2023-09-21 17:26:54 - [TEST_STEP][PASSED] - verifyTextPresent("Total Amount", true): Text 'Total Amount' is present on page  using regular expression

2023-09-21 17:26:54 - [MESSAGE][PASSED] - Text 'Total Amount' is present on page  using regular expression

2023-09-21 17:26:54 - [TEST_STEP][PASSED] - verifyTextPresent("Transaction Type", true): Text 'Transaction Type' is present on page  using regular expression

2023-09-21 17:26:55 - [MESSAGE][PASSED] - Text 'Transaction Type' is present on page  using regular expression

2023-09-21 17:26:55 - [TEST_STEP][PASSED] - break: null

2023-09-21 17:26:55 - [TEST_STEP][PASSED] - closeBrowser(): Browser is closed

2023-09-21 17:26:56 - [MESSAGE][PASSED] - Browser is closed

2023-09-21 17:26:56 - [TEST_STEP][PASSED] - ExecuteTC = findTestData(dataFile).getValue("Execute", row): null

2023-09-21 17:26:56 - [TEST_STEP][PASSED] - out.println("Value of Execute is : " + ExecuteTC): null

2023-09-21 17:26:56 - [TEST_STEP][PASSED] - switch (executionProfile): null

2023-09-21 17:26:56 - [TEST_STEP][PASSED] - case "QA2Profile":: null

2023-09-21 17:26:56 - [TEST_STEP][PASSED] - appName = findTestData(dataFile).getValue("AppNameQA", row): null

2023-09-21 17:26:56 - [TEST_STEP][PASSED] - appID = findTestData(dataFile).getValue("AppIDQA", row): null

2023-09-21 17:26:56 - [TEST_STEP][PASSED] - break: null

2023-09-21 17:26:56 - [TEST_STEP][PASSED] - if (ExecuteTC.equalsIgnoreCase("Y")): null

2023-09-21 17:26:56 - [TEST_STEP][PASSED] - out.println("Begin Record Number: " + row): null

2023-09-21 17:26:56 - [TEST_STEP][PASSED] - today = new java.util.Date(): null

2023-09-21 17:26:56 - [TEST_STEP][PASSED] - println(today): null

2023-09-21 17:26:56 - [TEST_STEP][PASSED] - datText = today: null

2023-09-21 17:26:56 - [TEST_STEP][PASSED] - adminSuiteBootstrap.loginFunctionality.login_AdminSuite(): adminSuiteBootstrap.loginFunctionality.login_AdminSuite is PASSED

2023-09-21 17:26:56 - [MESSAGE][INFO] - Starting 'Chrome' driver

2023-09-21 17:26:56 - [MESSAGE][INFO] - User set preference: ['acceptInsecureCerts', 'true']

2023-09-21 17:26:56 - [MESSAGE][INFO] - Action delay is set to 0 milliseconds

2023-09-21 17:26:58 - [MESSAGE][PASSED] - Browser is opened with url: 'https://qa2.velocitypayment.com/admin/imtiaz'

2023-09-21 17:26:59 - [MESSAGE][PASSED] - Current window maximized

2023-09-21 17:26:59 - [MESSAGE][PASSED] - Object 'Object Repository/Login_Page/Login_Username_Okta' is present

2023-09-21 17:27:00 - [MESSAGE][PASSED] - Text 'iahmed' is set on object 'Object Repository/Login_Page/Login_Username_Okta'

2023-09-21 17:27:01 - [MESSAGE][PASSED] - Text 'Hello1111111@' is set on object 'Object Repository/Login_Page/Login_Password_Okta'

2023-09-21 17:27:01 - [MESSAGE][PASSED] - Object: 'Object Repository/Login_Page/Login_Submit_Okta' is clicked on

2023-09-21 17:27:01 - [MESSAGE][PASSED] - adminSuiteBootstrap.loginFunctionality.login_AdminSuite is PASSED

2023-09-21 17:27:01 - [TEST_STEP][PASSED] - click(findTestObject(path_Dashboard + appName)): Object: 'Object Repository/AdminSuiteBootstrap_Pages/Dashboard_Bootstrap/a_Access AutoDualCFtpQA' is clicked on

2023-09-21 17:27:08 - [MESSAGE][PASSED] - Object: 'Object Repository/AdminSuiteBootstrap_Pages/Dashboard_Bootstrap/a_Access AutoDualCFtpQA' is clicked on

2023-09-21 17:27:08 - [TEST_STEP][PASSED] - click(findTestObject(path_VT + "a_Find Profile")): Object: 'Object Repository/AdminSuiteBootstrap_Pages/VT_Bootstrap/IssueTransactions/a_Find Profile' is clicked on

2023-09-21 17:27:08 - [MESSAGE][PASSED] - Object: 'Object Repository/AdminSuiteBootstrap_Pages/VT_Bootstrap/IssueTransactions/a_Find Profile' is clicked on

2023-09-21 17:27:08 - [TEST_STEP][PASSED] - criteria = <not implemented yet for class: org.codehaus.groovy.ast.expr.EmptyExpression>: null

2023-09-21 17:27:08 - [TEST_STEP][PASSED] - searchBy = <not implemented yet for class: org.codehaus.groovy.ast.expr.EmptyExpression>: null

2023-09-21 17:27:08 - [TEST_STEP][PASSED] - criteria = findTestData(dataFile).getValue("ProfileName", row): null

2023-09-21 17:27:09 - [TEST_STEP][PASSED] - path_SearchProfile = "Object Repository/AdminSuiteBootstrap_Pages/VSP_Bootstrap/SearchProfile/": null

2023-09-21 17:27:09 - [TEST_STEP][PASSED] - setText(findTestObject(path_SearchProfile + "input_Criteria"), criteria): Text 'PaymentsAmEx' is set on object 'Object Repository/AdminSuiteBootstrap_Pages/VSP_Bootstrap/SearchProfile/input_Criteria'

2023-09-21 17:27:09 - [MESSAGE][PASSED] - Text 'PaymentsAmEx' is set on object 'Object Repository/AdminSuiteBootstrap_Pages/VSP_Bootstrap/SearchProfile/input_Criteria'

2023-09-21 17:27:09 - [TEST_STEP][PASSED] - click(findTestObject(path_SearchProfile + "button_Search")): Object: 'Object Repository/AdminSuiteBootstrap_Pages/VSP_Bootstrap/SearchProfile/button_Search' is clicked on

2023-09-21 17:27:10 - [MESSAGE][PASSED] - Object: 'Object Repository/AdminSuiteBootstrap_Pages/VSP_Bootstrap/SearchProfile/button_Search' is clicked on

2023-09-21 17:27:10 - [TEST_STEP][PASSED] - profNameLink = findTestData(dataFile).getValue("ProfileNameLink", row): null

2023-09-21 17:27:10 - [TEST_STEP][PASSED] - click(findTestObject(path_ViewProfile + profNameLink)): Object: 'Object Repository/AdminSuiteBootstrap_Pages/VSP_Bootstrap/View Profile/a_PaymentsAmEx' is clicked on

2023-09-21 17:27:12 - [MESSAGE][PASSED] - Object: 'Object Repository/AdminSuiteBootstrap_Pages/VSP_Bootstrap/View Profile/a_PaymentsAmEx' is clicked on

2023-09-21 17:27:12 - [TEST_STEP][PASSED] - click(findTestObject(path_ViewProfile + "a_AuthCap")): Object: 'Object Repository/AdminSuiteBootstrap_Pages/VSP_Bootstrap/View Profile/a_AuthCap' is clicked on

2023-09-21 17:27:13 - [MESSAGE][PASSED] - Object: 'Object Repository/AdminSuiteBootstrap_Pages/VSP_Bootstrap/View Profile/a_AuthCap' is clicked on

2023-09-21 17:27:13 - [TEST_STEP][PASSED] - verifyTextPresent("Credit Card Authorization Capture", true): Text 'Credit Card Authorization Capture' is present on page  using regular expression

2023-09-21 17:27:13 - [MESSAGE][PASSED] - Text 'Credit Card Authorization Capture' is present on page  using regular expression

2023-09-21 17:27:13 - [TEST_STEP][PASSED] - verifyTextPresent("Sale", true): Text 'Sale' is present on page  using regular expression

2023-09-21 17:27:14 - [MESSAGE][PASSED] - Text 'Sale' is present on page  using regular expression

2023-09-21 17:27:14 - [TEST_STEP][PASSED] - verifyTextPresent("Required fields are highlighted with an asterisk", true): Text 'Required fields are highlighted with an asterisk' is present on page  using regular expression

2023-09-21 17:27:14 - [MESSAGE][PASSED] - Text 'Required fields are highlighted with an asterisk' is present on page  using regular expression

2023-09-21 17:27:14 - [TEST_STEP][PASSED] - verifyTextPresent("Remittance ID", true): Text 'Remittance ID' is present on page  using regular expression

2023-09-21 17:27:15 - [MESSAGE][PASSED] - Text 'Remittance ID' is present on page  using regular expression

2023-09-21 17:27:15 - [TEST_STEP][PASSED] - vspBootstrap.SalePage.setDataSaleAndAuth(row, dataFile): vspBootstrap.SalePage.setDataSaleAndAuth is PASSED

2023-09-21 17:27:16 - [MESSAGE][PASSED] - All options with value 'MOTO' are selected in object 'Object Repository/AdminSuiteBootstrap_Pages/VSP_Bootstrap/VSP_Authcap/select_TransactionCategory'  using regular expression

2023-09-21 17:27:17 - [MESSAGE][PASSED] - Text '1234' is set on object 'Object Repository/AdminSuiteBootstrap_Pages/VSP_Bootstrap/VSP_Authcap/input_cvv'

2023-09-21 17:27:17 - [MESSAGE][PASSED] - Text '' is set on object 'Object Repository/AdminSuiteBootstrap_Pages/VSP_Bootstrap/VSP_Authcap/input_smsNumber'

2023-09-21 17:27:18 - [MESSAGE][PASSED] - Text '2.50' is set on object 'Object Repository/AdminSuiteBootstrap_Pages/VSP_Bootstrap/VSP_Authcap/input_amount'

2023-09-21 17:27:19 - [MESSAGE][PASSED] - Text 'Delhi' is set on object 'Object Repository/AdminSuiteBootstrap_Pages/VSP_Bootstrap/VSP_Authcap/input_userDefined1'

2023-09-21 17:27:20 - [MESSAGE][PASSED] - Text 'Chennai' is set on object 'Object Repository/AdminSuiteBootstrap_Pages/VSP_Bootstrap/VSP_Authcap/input_userDefined2'

2023-09-21 17:27:20 - [MESSAGE][PASSED] - Text 'Mumbai' is set on object 'Object Repository/AdminSuiteBootstrap_Pages/VSP_Bootstrap/VSP_Authcap/input_userDefined3'

2023-09-21 17:27:21 - [MESSAGE][PASSED] - Text 'Kanpur' is set on object 'Object Repository/AdminSuiteBootstrap_Pages/VSP_Bootstrap/VSP_Authcap/input_userDefined4'

2023-09-21 17:27:22 - [MESSAGE][PASSED] - All options with label 'Orange' are selected in object 'Object Repository/AdminSuiteBootstrap_Pages/VSP_Bootstrap/VSP_Authcap/select_UDF5'  using regular expression

2023-09-21 17:27:22 - [MESSAGE][PASSED] - All options with label 'Yellow' are selected in object 'Object Repository/AdminSuiteBootstrap_Pages/VSP_Bootstrap/VSP_Authcap/select_UDF6'  using regular expression

2023-09-21 17:27:23 - [MESSAGE][PASSED] - Text 'Kolkata' is set on object 'Object Repository/AdminSuiteBootstrap_Pages/VSP_Bootstrap/VSP_Authcap/input_userDefined7'

2023-09-21 17:27:24 - [MESSAGE][PASSED] - Text 'Pune' is set on object 'Object Repository/AdminSuiteBootstrap_Pages/VSP_Bootstrap/VSP_Authcap/input_userDefined8'

2023-09-21 17:27:24 - [MESSAGE][PASSED] - Text 'Bhavnagar' is set on object 'Object Repository/AdminSuiteBootstrap_Pages/VSP_Bootstrap/VSP_Authcap/input_userDefined9'

2023-09-21 17:27:25 - [MESSAGE][PASSED] - Text 'Noida' is set on object 'Object Repository/AdminSuiteBootstrap_Pages/VSP_Bootstrap/VSP_Authcap/input_userDefined10'

2023-09-21 17:27:27 - [MESSAGE][PASSED] - Object: 'Object Repository/AdminSuiteBootstrap_Pages/VSP_Bootstrap/VSP_Authcap/button_Submit' is clicked on

2023-09-21 17:27:27 - [MESSAGE][PASSED] - vspBootstrap.SalePage.setDataSaleAndAuth is PASSED

2023-09-21 17:27:27 - [TEST_STEP][PASSED] - verifyTextPresent("Transaction Successful", true): Text 'Transaction Successful' is present on page  using regular expression

2023-09-21 17:27:27 - [MESSAGE][PASSED] - Text 'Transaction Successful' is present on page  using regular expression

2023-09-21 17:27:27 - [TEST_STEP][PASSED] - verifyElementVisible(findTestObject("Object Repository/AdminSuiteBootstrap_Pages/VT_Bootstrap/Receipt/button_Continue")): Object 'Object Repository/AdminSuiteBootstrap_Pages/VT_Bootstrap/Receipt/button_Continue' is visible

2023-09-21 17:27:28 - [MESSAGE][PASSED] - Object 'Object Repository/AdminSuiteBootstrap_Pages/VT_Bootstrap/Receipt/button_Continue' is visible

2023-09-21 17:27:28 - [TEST_STEP][PASSED] - verifyElementPresent(findTestObject("Object Repository/AdminSuiteBootstrap_Pages/VT_Bootstrap/Receipt/button_Continue"), 20): Object 'Object Repository/AdminSuiteBootstrap_Pages/VT_Bootstrap/Receipt/button_Continue' is present

2023-09-21 17:27:28 - [MESSAGE][PASSED] - Object 'Object Repository/AdminSuiteBootstrap_Pages/VT_Bootstrap/Receipt/button_Continue' is present

2023-09-21 17:27:28 - [TEST_STEP][PASSED] - verifyElementVisible(findTestObject("Object Repository/AdminSuiteBootstrap_Pages/VT_Bootstrap/Receipt/button_Print")): Object 'Object Repository/AdminSuiteBootstrap_Pages/VT_Bootstrap/Receipt/button_Print' is visible

2023-09-21 17:27:28 - [MESSAGE][PASSED] - Object 'Object Repository/AdminSuiteBootstrap_Pages/VT_Bootstrap/Receipt/button_Print' is visible

2023-09-21 17:27:28 - [TEST_STEP][PASSED] - verifyElementPresent(findTestObject("Object Repository/AdminSuiteBootstrap_Pages/VT_Bootstrap/Receipt/button_Print"), 20): Object 'Object Repository/AdminSuiteBootstrap_Pages/VT_Bootstrap/Receipt/button_Print' is present

2023-09-21 17:27:28 - [MESSAGE][PASSED] - Object 'Object Repository/AdminSuiteBootstrap_Pages/VT_Bootstrap/Receipt/button_Print' is present

2023-09-21 17:27:28 - [TEST_STEP][PASSED] - verifyTextPresent("Remittance ID", true): Text 'Remittance ID' is present on page  using regular expression

2023-09-21 17:27:29 - [MESSAGE][PASSED] - Text 'Remittance ID' is present on page  using regular expression

2023-09-21 17:27:29 - [TEST_STEP][PASSED] - verifyTextPresent("Received", true): Text 'Received' is present on page  using regular expression

2023-09-21 17:27:29 - [MESSAGE][PASSED] - Text 'Received' is present on page  using regular expression

2023-09-21 17:27:29 - [TEST_STEP][PASSED] - verifyTextPresent("UDF1", true): Text 'UDF1' is present on page  using regular expression

2023-09-21 17:27:29 - [MESSAGE][PASSED] - Text 'UDF1' is present on page  using regular expression

2023-09-21 17:27:29 - [TEST_STEP][PASSED] - verifyTextPresent("UDF2", true): Text 'UDF2' is present on page  using regular expression

2023-09-21 17:27:30 - [MESSAGE][PASSED] - Text 'UDF2' is present on page  using regular expression

2023-09-21 17:27:30 - [TEST_STEP][PASSED] - verifyTextPresent("UDF3", true): Text 'UDF3' is present on page  using regular expression

2023-09-21 17:27:30 - [MESSAGE][PASSED] - Text 'UDF3' is present on page  using regular expression

2023-09-21 17:27:30 - [TEST_STEP][PASSED] - verifyTextPresent("UDF4", true): Text 'UDF4' is present on page  using regular expression

2023-09-21 17:27:30 - [MESSAGE][PASSED] - Text 'UDF4' is present on page  using regular expression

2023-09-21 17:27:30 - [TEST_STEP][PASSED] - verifyTextPresent("UDF5", true): Text 'UDF5' is present on page  using regular expression

2023-09-21 17:27:31 - [MESSAGE][PASSED] - Text 'UDF5' is present on page  using regular expression

2023-09-21 17:27:31 - [TEST_STEP][PASSED] - verifyTextPresent("UDF6", true): Text 'UDF6' is present on page  using regular expression

2023-09-21 17:27:31 - [MESSAGE][PASSED] - Text 'UDF6' is present on page  using regular expression

2023-09-21 17:27:31 - [TEST_STEP][PASSED] - verifyTextPresent("UDF7", true): Text 'UDF7' is present on page  using regular expression

2023-09-21 17:27:31 - [MESSAGE][PASSED] - Text 'UDF7' is present on page  using regular expression

2023-09-21 17:27:31 - [TEST_STEP][PASSED] - verifyTextPresent("UDF8", true): Text 'UDF8' is present on page  using regular expression

2023-09-21 17:27:31 - [MESSAGE][PASSED] - Text 'UDF8' is present on page  using regular expression

2023-09-21 17:27:31 - [TEST_STEP][PASSED] - verifyTextPresent("UDF9", true): Text 'UDF9' is present on page  using regular expression

2023-09-21 17:27:32 - [MESSAGE][PASSED] - Text 'UDF9' is present on page  using regular expression

2023-09-21 17:27:32 - [TEST_STEP][PASSED] - verifyTextPresent("UDF 10", true): Text 'UDF 10' is present on page  using regular expression

2023-09-21 17:27:32 - [MESSAGE][PASSED] - Text 'UDF 10' is present on page  using regular expression

2023-09-21 17:27:32 - [TEST_STEP][PASSED] - verifyTextPresent("Delhi", true): Text 'Delhi' is present on page  using regular expression

2023-09-21 17:27:32 - [MESSAGE][PASSED] - Text 'Delhi' is present on page  using regular expression

2023-09-21 17:27:32 - [TEST_STEP][PASSED] - verifyTextPresent("Chennai", true): Text 'Chennai' is present on page  using regular expression

2023-09-21 17:27:33 - [MESSAGE][PASSED] - Text 'Chennai' is present on page  using regular expression

2023-09-21 17:27:33 - [TEST_STEP][PASSED] - verifyTextPresent("Mumbai", true): Text 'Mumbai' is present on page  using regular expression

2023-09-21 17:27:33 - [MESSAGE][PASSED] - Text 'Mumbai' is present on page  using regular expression

2023-09-21 17:27:33 - [TEST_STEP][PASSED] - verifyTextPresent("Kanpur", true): Text 'Kanpur' is present on page  using regular expression

2023-09-21 17:27:33 - [MESSAGE][PASSED] - Text 'Kanpur' is present on page  using regular expression

2023-09-21 17:27:33 - [TEST_STEP][PASSED] - verifyTextPresent("Orange Recorded", true): Text 'Orange Recorded' is present on page  using regular expression

2023-09-21 17:27:34 - [MESSAGE][PASSED] - Text 'Orange Recorded' is present on page  using regular expression

2023-09-21 17:27:34 - [TEST_STEP][PASSED] - verifyTextPresent("Yellow Recorded", true): Text 'Yellow Recorded' is present on page  using regular expression

2023-09-21 17:27:34 - [MESSAGE][PASSED] - Text 'Yellow Recorded' is present on page  using regular expression

2023-09-21 17:27:34 - [TEST_STEP][PASSED] - verifyTextPresent("Kolkata", true): Text 'Kolkata' is present on page  using regular expression

2023-09-21 17:27:34 - [MESSAGE][PASSED] - Text 'Kolkata' is present on page  using regular expression

2023-09-21 17:27:34 - [TEST_STEP][PASSED] - verifyTextPresent("Pune", true): Text 'Pune' is present on page  using regular expression

2023-09-21 17:27:34 - [MESSAGE][PASSED] - Text 'Pune' is present on page  using regular expression

2023-09-21 17:27:34 - [TEST_STEP][PASSED] - verifyTextPresent("Bhavnagar", true): Text 'Bhavnagar' is present on page  using regular expression

2023-09-21 17:27:35 - [MESSAGE][PASSED] - Text 'Bhavnagar' is present on page  using regular expression

2023-09-21 17:27:35 - [TEST_STEP][PASSED] - verifyTextPresent("Noida", true): Text 'Noida' is present on page  using regular expression

2023-09-21 17:27:35 - [MESSAGE][PASSED] - Text 'Noida' is present on page  using regular expression

2023-09-21 17:27:35 - [TEST_STEP][PASSED] - verifyTextPresent("Amount", true): Text 'Amount' is present on page  using regular expression

2023-09-21 17:27:35 - [MESSAGE][PASSED] - Text 'Amount' is present on page  using regular expression

2023-09-21 17:27:35 - [TEST_STEP][PASSED] - verifyTextPresent("2.50", true): Text '2.50' is present on page  using regular expression

2023-09-21 17:27:36 - [MESSAGE][PASSED] - Text '2.50' is present on page  using regular expression

2023-09-21 17:27:36 - [TEST_STEP][PASSED] - verifyTextPresent("Authorization and Capture", true): Text 'Authorization and Capture' is present on page  using regular expression

2023-09-21 17:27:36 - [MESSAGE][PASSED] - Text 'Authorization and Capture' is present on page  using regular expression

2023-09-21 17:27:36 - [TEST_STEP][PASSED] - verifyTextPresent("Card Information", true): Text 'Card Information' is present on page  using regular expression

2023-09-21 17:27:36 - [MESSAGE][PASSED] - Text 'Card Information' is present on page  using regular expression

2023-09-21 17:27:36 - [TEST_STEP][PASSED] - verifyTextPresent("TANDON RAVENA", true): Text 'TANDON RAVENA' is present on page  using regular expression

2023-09-21 17:27:37 - [MESSAGE][PASSED] - Text 'TANDON RAVENA' is present on page  using regular expression

2023-09-21 17:27:37 - [TEST_STEP][PASSED] - verifyTextPresent("Address Line 1", true): Text 'Address Line 1' is present on page  using regular expression

2023-09-21 17:27:37 - [MESSAGE][PASSED] - Text 'Address Line 1' is present on page  using regular expression

2023-09-21 17:27:37 - [TEST_STEP][PASSED] - verifyTextPresent("Address Line 2", true): Text 'Address Line 2' is present on page  using regular expression

2023-09-21 17:27:37 - [MESSAGE][PASSED] - Text 'Address Line 2' is present on page  using regular expression

2023-09-21 17:27:37 - [TEST_STEP][PASSED] - verifyTextPresent("Country", true): Text 'Country' is present on page  using regular expression

2023-09-21 17:27:37 - [MESSAGE][PASSED] - Text 'Country' is present on page  using regular expression

2023-09-21 17:27:37 - [TEST_STEP][PASSED] - verifyTextPresent("City", true): Text 'City' is present on page  using regular expression

2023-09-21 17:27:38 - [MESSAGE][PASSED] - Text 'City' is present on page  using regular expression

2023-09-21 17:27:38 - [TEST_STEP][PASSED] - verifyTextPresent("State", true): Text 'State' is present on page  using regular expression

2023-09-21 17:27:38 - [MESSAGE][PASSED] - Text 'State' is present on page  using regular expression

2023-09-21 17:27:38 - [TEST_STEP][PASSED] - verifyTextPresent("ZIP Code", true): Text 'ZIP Code' is present on page  using regular expression

2023-09-21 17:27:38 - [MESSAGE][PASSED] - Text 'ZIP Code' is present on page  using regular expression

2023-09-21 17:27:38 - [TEST_STEP][PASSED] - verifyTextPresent("248 PhoolKaante road", true): Text '248 PhoolKaante road' is present on page  using regular expression

2023-09-21 17:27:39 - [MESSAGE][PASSED] - Text '248 PhoolKaante road' is present on page  using regular expression

2023-09-21 17:27:39 - [TEST_STEP][PASSED] - verifyTextPresent("Suite 678", true): Text 'Suite 678' is present on page  using regular expression

2023-09-21 17:27:39 - [MESSAGE][PASSED] - Text 'Suite 678' is present on page  using regular expression

2023-09-21 17:27:39 - [TEST_STEP][PASSED] - verifyTextPresent("United States", true): Text 'United States' is present on page  using regular expression

2023-09-21 17:27:39 - [MESSAGE][PASSED] - Text 'United States' is present on page  using regular expression

2023-09-21 17:27:39 - [TEST_STEP][PASSED] - verifyTextPresent("ARLINGTON", true): Text 'ARLINGTON' is present on page  using regular expression

2023-09-21 17:27:40 - [MESSAGE][PASSED] - Text 'ARLINGTON' is present on page  using regular expression

2023-09-21 17:27:40 - [TEST_STEP][PASSED] - verifyTextPresent("VA", true): Text 'VA' is present on page  using regular expression

2023-09-21 17:27:40 - [MESSAGE][PASSED] - Text 'VA' is present on page  using regular expression

2023-09-21 17:27:40 - [TEST_STEP][PASSED] - verifyTextPresent("22201", true): Text '22201' is present on page  using regular expression

2023-09-21 17:27:40 - [MESSAGE][PASSED] - Text '22201' is present on page  using regular expression

2023-09-21 17:27:40 - [TEST_STEP][PASSED] - cardTypeV = findTestData(dataFile).getValue("CardType", row): null

2023-09-21 17:27:40 - [TEST_STEP][PASSED] - last4V = findTestData(dataFile).getValue("Last4", row): null

2023-09-21 17:27:40 - [TEST_STEP][PASSED] - verifyTextPresent(cardTypeV, true): Text 'American Express' is present on page  using regular expression

2023-09-21 17:27:40 - [MESSAGE][PASSED] - Text 'American Express' is present on page  using regular expression

2023-09-21 17:27:40 - [TEST_STEP][PASSED] - verifyTextPresent(last4V, true): Text '2376' is present on page  using regular expression

2023-09-21 17:27:41 - [MESSAGE][PASSED] - Text '2376' is present on page  using regular expression

2023-09-21 17:27:41 - [TEST_STEP][PASSED] - switch (appName): null

2023-09-21 17:27:41 - [TEST_STEP][PASSED] - case "a_Access AutoDualCFtpQA":: null

2023-09-21 17:27:41 - [TEST_STEP][PASSED] - verifyTextPresent("5.00", true): Text '5.00' is present on page  using regular expression

2023-09-21 17:27:41 - [MESSAGE][PASSED] - Text '5.00' is present on page  using regular expression

2023-09-21 17:27:41 - [TEST_STEP][PASSED] - verifyTextPresent("Dual Transaction", true): Text 'Dual Transaction' is present on page  using regular expression

2023-09-21 17:27:41 - [MESSAGE][PASSED] - Text 'Dual Transaction' is present on page  using regular expression

2023-09-21 17:27:41 - [TEST_STEP][PASSED] - verifyTextPresent("7.50", true): Text '7.50' is present on page  using regular expression

2023-09-21 17:27:42 - [MESSAGE][PASSED] - Text '7.50' is present on page  using regular expression

2023-09-21 17:27:42 - [TEST_STEP][PASSED] - verifyTextPresent("Total Amount", true): Text 'Total Amount' is present on page  using regular expression

2023-09-21 17:27:42 - [MESSAGE][PASSED] - Text 'Total Amount' is present on page  using regular expression

2023-09-21 17:27:42 - [TEST_STEP][PASSED] - verifyTextPresent("Transaction Type", true): Text 'Transaction Type' is present on page  using regular expression

2023-09-21 17:27:42 - [MESSAGE][PASSED] - Text 'Transaction Type' is present on page  using regular expression

2023-09-21 17:27:42 - [TEST_STEP][PASSED] - break: null

2023-09-21 17:27:42 - [TEST_STEP][PASSED] - closeBrowser(): Browser is closed

2023-09-21 17:27:43 - [MESSAGE][PASSED] - Browser is closed

2023-09-21 17:27:43 - [TEST_STEP][PASSED] - ExecuteTC = findTestData(dataFile).getValue("Execute", row): null

2023-09-21 17:27:43 - [TEST_STEP][PASSED] - out.println("Value of Execute is : " + ExecuteTC): null

2023-09-21 17:27:43 - [TEST_STEP][PASSED] - switch (executionProfile): null

2023-09-21 17:27:43 - [TEST_STEP][PASSED] - case "QA2Profile":: null

2023-09-21 17:27:43 - [TEST_STEP][PASSED] - appName = findTestData(dataFile).getValue("AppNameQA", row): null

2023-09-21 17:27:43 - [TEST_STEP][PASSED] - appID = findTestData(dataFile).getValue("AppIDQA", row): null

2023-09-21 17:27:43 - [TEST_STEP][PASSED] - break: null

2023-09-21 17:27:43 - [TEST_STEP][PASSED] - if (ExecuteTC.equalsIgnoreCase("Y")): null

2023-09-21 17:27:43 - [TEST_STEP][PASSED] - out.println("Begin Record Number: " + row): null

2023-09-21 17:27:43 - [TEST_STEP][PASSED] - today = new java.util.Date(): null

2023-09-21 17:27:43 - [TEST_STEP][PASSED] - println(today): null

2023-09-21 17:27:43 - [TEST_STEP][PASSED] - datText = today: null

2023-09-21 17:27:43 - [TEST_STEP][PASSED] - adminSuiteBootstrap.loginFunctionality.login_AdminSuite(): adminSuiteBootstrap.loginFunctionality.login_AdminSuite is PASSED

2023-09-21 17:27:43 - [MESSAGE][INFO] - Starting 'Chrome' driver

2023-09-21 17:27:43 - [MESSAGE][INFO] - User set preference: ['acceptInsecureCerts', 'true']

2023-09-21 17:27:43 - [MESSAGE][INFO] - Action delay is set to 0 milliseconds

2023-09-21 17:27:46 - [MESSAGE][PASSED] - Browser is opened with url: 'https://qa2.velocitypayment.com/admin/imtiaz'

2023-09-21 17:27:46 - [MESSAGE][PASSED] - Current window maximized

2023-09-21 17:27:47 - [MESSAGE][PASSED] - Object 'Object Repository/Login_Page/Login_Username_Okta' is present

2023-09-21 17:27:47 - [MESSAGE][PASSED] - Text 'iahmed' is set on object 'Object Repository/Login_Page/Login_Username_Okta'

2023-09-21 17:27:48 - [MESSAGE][PASSED] - Text 'Hello1111111@' is set on object 'Object Repository/Login_Page/Login_Password_Okta'

2023-09-21 17:27:49 - [MESSAGE][PASSED] - Object: 'Object Repository/Login_Page/Login_Submit_Okta' is clicked on

2023-09-21 17:27:49 - [MESSAGE][PASSED] - adminSuiteBootstrap.loginFunctionality.login_AdminSuite is PASSED

2023-09-21 17:27:49 - [TEST_STEP][PASSED] - click(findTestObject(path_Dashboard + appName)): Object: 'Object Repository/AdminSuiteBootstrap_Pages/Dashboard_Bootstrap/a_Access AutoDualCFtpQA' is clicked on

2023-09-21 17:27:55 - [MESSAGE][PASSED] - Object: 'Object Repository/AdminSuiteBootstrap_Pages/Dashboard_Bootstrap/a_Access AutoDualCFtpQA' is clicked on

2023-09-21 17:27:55 - [TEST_STEP][PASSED] - click(findTestObject(path_VT + "a_Find Profile")): Object: 'Object Repository/AdminSuiteBootstrap_Pages/VT_Bootstrap/IssueTransactions/a_Find Profile' is clicked on

2023-09-21 17:27:56 - [MESSAGE][PASSED] - Object: 'Object Repository/AdminSuiteBootstrap_Pages/VT_Bootstrap/IssueTransactions/a_Find Profile' is clicked on

2023-09-21 17:27:56 - [TEST_STEP][PASSED] - criteria = <not implemented yet for class: org.codehaus.groovy.ast.expr.EmptyExpression>: null

2023-09-21 17:27:56 - [TEST_STEP][PASSED] - searchBy = <not implemented yet for class: org.codehaus.groovy.ast.expr.EmptyExpression>: null

2023-09-21 17:27:56 - [TEST_STEP][PASSED] - criteria = findTestData(dataFile).getValue("ProfileName", row): null

2023-09-21 17:27:56 - [TEST_STEP][PASSED] - path_SearchProfile = "Object Repository/AdminSuiteBootstrap_Pages/VSP_Bootstrap/SearchProfile/": null

2023-09-21 17:27:56 - [TEST_STEP][PASSED] - setText(findTestObject(path_SearchProfile + "input_Criteria"), criteria): Text 'PaymentsDI' is set on object 'Object Repository/AdminSuiteBootstrap_Pages/VSP_Bootstrap/SearchProfile/input_Criteria'

2023-09-21 17:27:57 - [MESSAGE][PASSED] - Text 'PaymentsDI' is set on object 'Object Repository/AdminSuiteBootstrap_Pages/VSP_Bootstrap/SearchProfile/input_Criteria'

2023-09-21 17:27:57 - [TEST_STEP][PASSED] - click(findTestObject(path_SearchProfile + "button_Search")): Object: 'Object Repository/AdminSuiteBootstrap_Pages/VSP_Bootstrap/SearchProfile/button_Search' is clicked on

2023-09-21 17:27:58 - [MESSAGE][PASSED] - Object: 'Object Repository/AdminSuiteBootstrap_Pages/VSP_Bootstrap/SearchProfile/button_Search' is clicked on

2023-09-21 17:27:58 - [TEST_STEP][PASSED] - profNameLink = findTestData(dataFile).getValue("ProfileNameLink", row): null

2023-09-21 17:27:58 - [TEST_STEP][PASSED] - click(findTestObject(path_ViewProfile + profNameLink)): Object: 'Object Repository/AdminSuiteBootstrap_Pages/VSP_Bootstrap/View Profile/a_PaymentsDI' is clicked on

2023-09-21 17:27:59 - [MESSAGE][PASSED] - Object: 'Object Repository/AdminSuiteBootstrap_Pages/VSP_Bootstrap/View Profile/a_PaymentsDI' is clicked on

2023-09-21 17:27:59 - [TEST_STEP][PASSED] - click(findTestObject(path_ViewProfile + "a_AuthCap")): Object: 'Object Repository/AdminSuiteBootstrap_Pages/VSP_Bootstrap/View Profile/a_AuthCap' is clicked on

2023-09-21 17:28:00 - [MESSAGE][PASSED] - Object: 'Object Repository/AdminSuiteBootstrap_Pages/VSP_Bootstrap/View Profile/a_AuthCap' is clicked on

2023-09-21 17:28:00 - [TEST_STEP][PASSED] - verifyTextPresent("Credit Card Authorization Capture", true): Text 'Credit Card Authorization Capture' is present on page  using regular expression

2023-09-21 17:28:01 - [MESSAGE][PASSED] - Text 'Credit Card Authorization Capture' is present on page  using regular expression

2023-09-21 17:28:01 - [TEST_STEP][PASSED] - verifyTextPresent("Sale", true): Text 'Sale' is present on page  using regular expression

2023-09-21 17:28:01 - [MESSAGE][PASSED] - Text 'Sale' is present on page  using regular expression

2023-09-21 17:28:01 - [TEST_STEP][PASSED] - verifyTextPresent("Required fields are highlighted with an asterisk", true): Text 'Required fields are highlighted with an asterisk' is present on page  using regular expression

2023-09-21 17:28:01 - [MESSAGE][PASSED] - Text 'Required fields are highlighted with an asterisk' is present on page  using regular expression

2023-09-21 17:28:01 - [TEST_STEP][PASSED] - verifyTextPresent("Remittance ID", true): Text 'Remittance ID' is present on page  using regular expression

2023-09-21 17:28:02 - [MESSAGE][PASSED] - Text 'Remittance ID' is present on page  using regular expression

2023-09-21 17:28:02 - [TEST_STEP][PASSED] - vspBootstrap.SalePage.setDataSaleAndAuth(row, dataFile): vspBootstrap.SalePage.setDataSaleAndAuth is PASSED

2023-09-21 17:28:03 - [MESSAGE][PASSED] - All options with value 'MOTO' are selected in object 'Object Repository/AdminSuiteBootstrap_Pages/VSP_Bootstrap/VSP_Authcap/select_TransactionCategory'  using regular expression

2023-09-21 17:28:04 - [MESSAGE][PASSED] - Text '123' is set on object 'Object Repository/AdminSuiteBootstrap_Pages/VSP_Bootstrap/VSP_Authcap/input_cvv'

2023-09-21 17:28:05 - [MESSAGE][PASSED] - Text '' is set on object 'Object Repository/AdminSuiteBootstrap_Pages/VSP_Bootstrap/VSP_Authcap/input_smsNumber'

2023-09-21 17:28:05 - [MESSAGE][PASSED] - Text '2.50' is set on object 'Object Repository/AdminSuiteBootstrap_Pages/VSP_Bootstrap/VSP_Authcap/input_amount'

2023-09-21 17:28:06 - [MESSAGE][PASSED] - Text 'Delhi' is set on object 'Object Repository/AdminSuiteBootstrap_Pages/VSP_Bootstrap/VSP_Authcap/input_userDefined1'

2023-09-21 17:28:07 - [MESSAGE][PASSED] - Text 'Chennai' is set on object 'Object Repository/AdminSuiteBootstrap_Pages/VSP_Bootstrap/VSP_Authcap/input_userDefined2'

2023-09-21 17:28:07 - [MESSAGE][PASSED] - Text 'Mumbai' is set on object 'Object Repository/AdminSuiteBootstrap_Pages/VSP_Bootstrap/VSP_Authcap/input_userDefined3'

2023-09-21 17:28:08 - [MESSAGE][PASSED] - Text 'Kanpur' is set on object 'Object Repository/AdminSuiteBootstrap_Pages/VSP_Bootstrap/VSP_Authcap/input_userDefined4'

2023-09-21 17:28:09 - [MESSAGE][PASSED] - All options with label 'Orange' are selected in object 'Object Repository/AdminSuiteBootstrap_Pages/VSP_Bootstrap/VSP_Authcap/select_UDF5'  using regular expression

2023-09-21 17:28:10 - [MESSAGE][PASSED] - All options with label 'Yellow' are selected in object 'Object Repository/AdminSuiteBootstrap_Pages/VSP_Bootstrap/VSP_Authcap/select_UDF6'  using regular expression

2023-09-21 17:28:10 - [MESSAGE][PASSED] - Text 'Kolkata' is set on object 'Object Repository/AdminSuiteBootstrap_Pages/VSP_Bootstrap/VSP_Authcap/input_userDefined7'

2023-09-21 17:28:11 - [MESSAGE][PASSED] - Text 'Pune' is set on object 'Object Repository/AdminSuiteBootstrap_Pages/VSP_Bootstrap/VSP_Authcap/input_userDefined8'

2023-09-21 17:28:12 - [MESSAGE][PASSED] - Text 'Bhavnagar' is set on object 'Object Repository/AdminSuiteBootstrap_Pages/VSP_Bootstrap/VSP_Authcap/input_userDefined9'

2023-09-21 17:28:12 - [MESSAGE][PASSED] - Text 'Noida' is set on object 'Object Repository/AdminSuiteBootstrap_Pages/VSP_Bootstrap/VSP_Authcap/input_userDefined10'

2023-09-21 17:28:14 - [MESSAGE][PASSED] - Object: 'Object Repository/AdminSuiteBootstrap_Pages/VSP_Bootstrap/VSP_Authcap/button_Submit' is clicked on

2023-09-21 17:28:14 - [MESSAGE][PASSED] - vspBootstrap.SalePage.setDataSaleAndAuth is PASSED

2023-09-21 17:28:14 - [TEST_STEP][PASSED] - verifyTextPresent("Transaction Successful", true): Text 'Transaction Successful' is present on page  using regular expression

2023-09-21 17:28:14 - [MESSAGE][PASSED] - Text 'Transaction Successful' is present on page  using regular expression

2023-09-21 17:28:14 - [TEST_STEP][PASSED] - verifyElementVisible(findTestObject("Object Repository/AdminSuiteBootstrap_Pages/VT_Bootstrap/Receipt/button_Continue")): Object 'Object Repository/AdminSuiteBootstrap_Pages/VT_Bootstrap/Receipt/button_Continue' is visible

2023-09-21 17:28:15 - [MESSAGE][PASSED] - Object 'Object Repository/AdminSuiteBootstrap_Pages/VT_Bootstrap/Receipt/button_Continue' is visible

2023-09-21 17:28:15 - [TEST_STEP][PASSED] - verifyElementPresent(findTestObject("Object Repository/AdminSuiteBootstrap_Pages/VT_Bootstrap/Receipt/button_Continue"), 20): Object 'Object Repository/AdminSuiteBootstrap_Pages/VT_Bootstrap/Receipt/button_Continue' is present

2023-09-21 17:28:15 - [MESSAGE][PASSED] - Object 'Object Repository/AdminSuiteBootstrap_Pages/VT_Bootstrap/Receipt/button_Continue' is present

2023-09-21 17:28:15 - [TEST_STEP][PASSED] - verifyElementVisible(findTestObject("Object Repository/AdminSuiteBootstrap_Pages/VT_Bootstrap/Receipt/button_Print")): Object 'Object Repository/AdminSuiteBootstrap_Pages/VT_Bootstrap/Receipt/button_Print' is visible

2023-09-21 17:28:15 - [MESSAGE][PASSED] - Object 'Object Repository/AdminSuiteBootstrap_Pages/VT_Bootstrap/Receipt/button_Print' is visible

2023-09-21 17:28:15 - [TEST_STEP][PASSED] - verifyElementPresent(findTestObject("Object Repository/AdminSuiteBootstrap_Pages/VT_Bootstrap/Receipt/button_Print"), 20): Object 'Object Repository/AdminSuiteBootstrap_Pages/VT_Bootstrap/Receipt/button_Print' is present

2023-09-21 17:28:16 - [MESSAGE][PASSED] - Object 'Object Repository/AdminSuiteBootstrap_Pages/VT_Bootstrap/Receipt/button_Print' is present

2023-09-21 17:28:16 - [TEST_STEP][PASSED] - verifyTextPresent("Remittance ID", true): Text 'Remittance ID' is present on page  using regular expression

2023-09-21 17:28:16 - [MESSAGE][PASSED] - Text 'Remittance ID' is present on page  using regular expression

2023-09-21 17:28:16 - [TEST_STEP][PASSED] - verifyTextPresent("Received", true): Text 'Received' is present on page  using regular expression

2023-09-21 17:28:16 - [MESSAGE][PASSED] - Text 'Received' is present on page  using regular expression

2023-09-21 17:28:16 - [TEST_STEP][PASSED] - verifyTextPresent("UDF1", true): Text 'UDF1' is present on page  using regular expression

2023-09-21 17:28:17 - [MESSAGE][PASSED] - Text 'UDF1' is present on page  using regular expression

2023-09-21 17:28:17 - [TEST_STEP][PASSED] - verifyTextPresent("UDF2", true): Text 'UDF2' is present on page  using regular expression

2023-09-21 17:28:17 - [MESSAGE][PASSED] - Text 'UDF2' is present on page  using regular expression

2023-09-21 17:28:17 - [TEST_STEP][PASSED] - verifyTextPresent("UDF3", true): Text 'UDF3' is present on page  using regular expression

2023-09-21 17:28:17 - [MESSAGE][PASSED] - Text 'UDF3' is present on page  using regular expression

2023-09-21 17:28:17 - [TEST_STEP][PASSED] - verifyTextPresent("UDF4", true): Text 'UDF4' is present on page  using regular expression

2023-09-21 17:28:17 - [MESSAGE][PASSED] - Text 'UDF4' is present on page  using regular expression

2023-09-21 17:28:17 - [TEST_STEP][PASSED] - verifyTextPresent("UDF5", true): Text 'UDF5' is present on page  using regular expression

2023-09-21 17:28:18 - [MESSAGE][PASSED] - Text 'UDF5' is present on page  using regular expression

2023-09-21 17:28:18 - [TEST_STEP][PASSED] - verifyTextPresent("UDF6", true): Text 'UDF6' is present on page  using regular expression

2023-09-21 17:28:18 - [MESSAGE][PASSED] - Text 'UDF6' is present on page  using regular expression

2023-09-21 17:28:18 - [TEST_STEP][PASSED] - verifyTextPresent("UDF7", true): Text 'UDF7' is present on page  using regular expression

2023-09-21 17:28:18 - [MESSAGE][PASSED] - Text 'UDF7' is present on page  using regular expression

2023-09-21 17:28:18 - [TEST_STEP][PASSED] - verifyTextPresent("UDF8", true): Text 'UDF8' is present on page  using regular expression

2023-09-21 17:28:19 - [MESSAGE][PASSED] - Text 'UDF8' is present on page  using regular expression

2023-09-21 17:28:19 - [TEST_STEP][PASSED] - verifyTextPresent("UDF9", true): Text 'UDF9' is present on page  using regular expression

2023-09-21 17:28:19 - [MESSAGE][PASSED] - Text 'UDF9' is present on page  using regular expression

2023-09-21 17:28:19 - [TEST_STEP][PASSED] - verifyTextPresent("UDF 10", true): Text 'UDF 10' is present on page  using regular expression

2023-09-21 17:28:19 - [MESSAGE][PASSED] - Text 'UDF 10' is present on page  using regular expression

2023-09-21 17:28:19 - [TEST_STEP][PASSED] - verifyTextPresent("Delhi", true): Text 'Delhi' is present on page  using regular expression

2023-09-21 17:28:20 - [MESSAGE][PASSED] - Text 'Delhi' is present on page  using regular expression

2023-09-21 17:28:20 - [TEST_STEP][PASSED] - verifyTextPresent("Chennai", true): Text 'Chennai' is present on page  using regular expression

2023-09-21 17:28:20 - [MESSAGE][PASSED] - Text 'Chennai' is present on page  using regular expression

2023-09-21 17:28:20 - [TEST_STEP][PASSED] - verifyTextPresent("Mumbai", true): Text 'Mumbai' is present on page  using regular expression

2023-09-21 17:28:20 - [MESSAGE][PASSED] - Text 'Mumbai' is present on page  using regular expression

2023-09-21 17:28:20 - [TEST_STEP][PASSED] - verifyTextPresent("Kanpur", true): Text 'Kanpur' is present on page  using regular expression

2023-09-21 17:28:20 - [MESSAGE][PASSED] - Text 'Kanpur' is present on page  using regular expression

2023-09-21 17:28:20 - [TEST_STEP][PASSED] - verifyTextPresent("Orange Recorded", true): Text 'Orange Recorded' is present on page  using regular expression

2023-09-21 17:28:21 - [MESSAGE][PASSED] - Text 'Orange Recorded' is present on page  using regular expression

2023-09-21 17:28:21 - [TEST_STEP][PASSED] - verifyTextPresent("Yellow Recorded", true): Text 'Yellow Recorded' is present on page  using regular expression

2023-09-21 17:28:21 - [MESSAGE][PASSED] - Text 'Yellow Recorded' is present on page  using regular expression

2023-09-21 17:28:21 - [TEST_STEP][PASSED] - verifyTextPresent("Kolkata", true): Text 'Kolkata' is present on page  using regular expression

2023-09-21 17:28:21 - [MESSAGE][PASSED] - Text 'Kolkata' is present on page  using regular expression

2023-09-21 17:28:21 - [TEST_STEP][PASSED] - verifyTextPresent("Pune", true): Text 'Pune' is present on page  using regular expression

2023-09-21 17:28:22 - [MESSAGE][PASSED] - Text 'Pune' is present on page  using regular expression

2023-09-21 17:28:22 - [TEST_STEP][PASSED] - verifyTextPresent("Bhavnagar", true): Text 'Bhavnagar' is present on page  using regular expression

2023-09-21 17:28:22 - [MESSAGE][PASSED] - Text 'Bhavnagar' is present on page  using regular expression

2023-09-21 17:28:22 - [TEST_STEP][PASSED] - verifyTextPresent("Noida", true): Text 'Noida' is present on page  using regular expression

2023-09-21 17:28:22 - [MESSAGE][PASSED] - Text 'Noida' is present on page  using regular expression

2023-09-21 17:28:22 - [TEST_STEP][PASSED] - verifyTextPresent("Amount", true): Text 'Amount' is present on page  using regular expression

2023-09-21 17:28:23 - [MESSAGE][PASSED] - Text 'Amount' is present on page  using regular expression

2023-09-21 17:28:23 - [TEST_STEP][PASSED] - verifyTextPresent("2.50", true): Text '2.50' is present on page  using regular expression

2023-09-21 17:28:23 - [MESSAGE][PASSED] - Text '2.50' is present on page  using regular expression

2023-09-21 17:28:23 - [TEST_STEP][PASSED] - verifyTextPresent("Authorization and Capture", true): Text 'Authorization and Capture' is present on page  using regular expression

2023-09-21 17:28:23 - [MESSAGE][PASSED] - Text 'Authorization and Capture' is present on page  using regular expression

2023-09-21 17:28:23 - [TEST_STEP][PASSED] - verifyTextPresent("Card Information", true): Text 'Card Information' is present on page  using regular expression

2023-09-21 17:28:23 - [MESSAGE][PASSED] - Text 'Card Information' is present on page  using regular expression

2023-09-21 17:28:23 - [TEST_STEP][PASSED] - verifyTextPresent("TANDON RAVENA", true): Text 'TANDON RAVENA' is present on page  using regular expression

2023-09-21 17:28:24 - [MESSAGE][PASSED] - Text 'TANDON RAVENA' is present on page  using regular expression

2023-09-21 17:28:24 - [TEST_STEP][PASSED] - verifyTextPresent("Address Line 1", true): Text 'Address Line 1' is present on page  using regular expression

2023-09-21 17:28:24 - [MESSAGE][PASSED] - Text 'Address Line 1' is present on page  using regular expression

2023-09-21 17:28:24 - [TEST_STEP][PASSED] - verifyTextPresent("Address Line 2", true): Text 'Address Line 2' is present on page  using regular expression

2023-09-21 17:28:24 - [MESSAGE][PASSED] - Text 'Address Line 2' is present on page  using regular expression

2023-09-21 17:28:24 - [TEST_STEP][PASSED] - verifyTextPresent("Country", true): Text 'Country' is present on page  using regular expression

2023-09-21 17:28:25 - [MESSAGE][PASSED] - Text 'Country' is present on page  using regular expression

2023-09-21 17:28:25 - [TEST_STEP][PASSED] - verifyTextPresent("City", true): Text 'City' is present on page  using regular expression

2023-09-21 17:28:25 - [MESSAGE][PASSED] - Text 'City' is present on page  using regular expression

2023-09-21 17:28:25 - [TEST_STEP][PASSED] - verifyTextPresent("State", true): Text 'State' is present on page  using regular expression

2023-09-21 17:28:25 - [MESSAGE][PASSED] - Text 'State' is present on page  using regular expression

2023-09-21 17:28:25 - [TEST_STEP][PASSED] - verifyTextPresent("ZIP Code", true): Text 'ZIP Code' is present on page  using regular expression

2023-09-21 17:28:26 - [MESSAGE][PASSED] - Text 'ZIP Code' is present on page  using regular expression

2023-09-21 17:28:26 - [TEST_STEP][PASSED] - verifyTextPresent("248 PhoolKaante road", true): Text '248 PhoolKaante road' is present on page  using regular expression

2023-09-21 17:28:26 - [MESSAGE][PASSED] - Text '248 PhoolKaante road' is present on page  using regular expression

2023-09-21 17:28:26 - [TEST_STEP][PASSED] - verifyTextPresent("Suite 678", true): Text 'Suite 678' is present on page  using regular expression

2023-09-21 17:28:26 - [MESSAGE][PASSED] - Text 'Suite 678' is present on page  using regular expression

2023-09-21 17:28:26 - [TEST_STEP][PASSED] - verifyTextPresent("United States", true): Text 'United States' is present on page  using regular expression

2023-09-21 17:28:26 - [MESSAGE][PASSED] - Text 'United States' is present on page  using regular expression

2023-09-21 17:28:26 - [TEST_STEP][PASSED] - verifyTextPresent("ARLINGTON", true): Text 'ARLINGTON' is present on page  using regular expression

2023-09-21 17:28:27 - [MESSAGE][PASSED] - Text 'ARLINGTON' is present on page  using regular expression

2023-09-21 17:28:27 - [TEST_STEP][PASSED] - verifyTextPresent("VA", true): Text 'VA' is present on page  using regular expression

2023-09-21 17:28:27 - [MESSAGE][PASSED] - Text 'VA' is present on page  using regular expression

2023-09-21 17:28:27 - [TEST_STEP][PASSED] - verifyTextPresent("22201", true): Text '22201' is present on page  using regular expression

2023-09-21 17:28:27 - [MESSAGE][PASSED] - Text '22201' is present on page  using regular expression

2023-09-21 17:28:27 - [TEST_STEP][PASSED] - cardTypeV = findTestData(dataFile).getValue("CardType", row): null

2023-09-21 17:28:27 - [TEST_STEP][PASSED] - last4V = findTestData(dataFile).getValue("Last4", row): null

2023-09-21 17:28:27 - [TEST_STEP][PASSED] - verifyTextPresent(cardTypeV, true): Text 'Discover' is present on page  using regular expression

2023-09-21 17:28:28 - [MESSAGE][PASSED] - Text 'Discover' is present on page  using regular expression

2023-09-21 17:28:28 - [TEST_STEP][PASSED] - verifyTextPresent(last4V, true): Text '6909' is present on page  using regular expression

2023-09-21 17:28:28 - [MESSAGE][PASSED] - Text '6909' is present on page  using regular expression

2023-09-21 17:28:28 - [TEST_STEP][PASSED] - switch (appName): null

2023-09-21 17:28:28 - [TEST_STEP][PASSED] - case "a_Access AutoDualCFtpQA":: null

2023-09-21 17:28:28 - [TEST_STEP][PASSED] - verifyTextPresent("5.00", true): Text '5.00' is present on page  using regular expression

2023-09-21 17:28:28 - [MESSAGE][PASSED] - Text '5.00' is present on page  using regular expression

2023-09-21 17:28:28 - [TEST_STEP][PASSED] - verifyTextPresent("Dual Transaction", true): Text 'Dual Transaction' is present on page  using regular expression

2023-09-21 17:28:29 - [MESSAGE][PASSED] - Text 'Dual Transaction' is present on page  using regular expression

2023-09-21 17:28:29 - [TEST_STEP][PASSED] - verifyTextPresent("7.50", true): Text '7.50' is present on page  using regular expression

2023-09-21 17:28:29 - [MESSAGE][PASSED] - Text '7.50' is present on page  using regular expression

2023-09-21 17:28:29 - [TEST_STEP][PASSED] - verifyTextPresent("Total Amount", true): Text 'Total Amount' is present on page  using regular expression

2023-09-21 17:28:29 - [MESSAGE][PASSED] - Text 'Total Amount' is present on page  using regular expression

2023-09-21 17:28:29 - [TEST_STEP][PASSED] - verifyTextPresent("Transaction Type", true): Text 'Transaction Type' is present on page  using regular expression

2023-09-21 17:28:29 - [MESSAGE][PASSED] - Text 'Transaction Type' is present on page  using regular expression

2023-09-21 17:28:29 - [TEST_STEP][PASSED] - break: null

2023-09-21 17:28:29 - [TEST_STEP][PASSED] - closeBrowser(): Browser is closed

2023-09-21 17:28:30 - [MESSAGE][PASSED] - Browser is closed

2023-09-21 17:28:30 - [TEST_STEP][PASSED] - ExecuteTC = findTestData(dataFile).getValue("Execute", row): null

2023-09-21 17:28:30 - [TEST_STEP][PASSED] - out.println("Value of Execute is : " + ExecuteTC): null

2023-09-21 17:28:30 - [TEST_STEP][PASSED] - switch (executionProfile): null

2023-09-21 17:28:30 - [TEST_STEP][PASSED] - case "QA2Profile":: null

2023-09-21 17:28:30 - [TEST_STEP][PASSED] - appName = findTestData(dataFile).getValue("AppNameQA", row): null

2023-09-21 17:28:30 - [TEST_STEP][PASSED] - appID = findTestData(dataFile).getValue("AppIDQA", row): null

2023-09-21 17:28:30 - [TEST_STEP][PASSED] - break: null

2023-09-21 17:28:30 - [TEST_STEP][PASSED] - if (ExecuteTC.equalsIgnoreCase("Y")): null

2023-09-21 17:28:30 - [TEST_STEP][PASSED] - out.println("Begin Record Number: " + row): null

2023-09-21 17:28:30 - [TEST_STEP][PASSED] - today = new java.util.Date(): null

2023-09-21 17:28:30 - [TEST_STEP][PASSED] - println(today): null

2023-09-21 17:28:30 - [TEST_STEP][PASSED] - datText = today: null

2023-09-21 17:28:30 - [TEST_STEP][PASSED] - adminSuiteBootstrap.loginFunctionality.login_AdminSuite(): adminSuiteBootstrap.loginFunctionality.login_AdminSuite is PASSED

2023-09-21 17:28:30 - [MESSAGE][INFO] - Starting 'Chrome' driver

2023-09-21 17:28:30 - [MESSAGE][INFO] - User set preference: ['acceptInsecureCerts', 'true']

2023-09-21 17:28:31 - [MESSAGE][INFO] - Action delay is set to 0 milliseconds

2023-09-21 17:28:33 - [MESSAGE][PASSED] - Browser is opened with url: 'https://qa2.velocitypayment.com/admin/imtiaz'

2023-09-21 17:28:33 - [MESSAGE][PASSED] - Current window maximized

2023-09-21 17:28:34 - [MESSAGE][PASSED] - Object 'Object Repository/Login_Page/Login_Username_Okta' is present

2023-09-21 17:28:35 - [MESSAGE][PASSED] - Text 'iahmed' is set on object 'Object Repository/Login_Page/Login_Username_Okta'

2023-09-21 17:28:35 - [MESSAGE][PASSED] - Text 'Hello1111111@' is set on object 'Object Repository/Login_Page/Login_Password_Okta'

2023-09-21 17:28:36 - [MESSAGE][PASSED] - Object: 'Object Repository/Login_Page/Login_Submit_Okta' is clicked on

2023-09-21 17:28:36 - [MESSAGE][PASSED] - adminSuiteBootstrap.loginFunctionality.login_AdminSuite is PASSED

2023-09-21 17:28:36 - [TEST_STEP][PASSED] - click(findTestObject(path_Dashboard + appName)): Object: 'Object Repository/AdminSuiteBootstrap_Pages/Dashboard_Bootstrap/a_Access AutoDualCFtpQA' is clicked on

2023-09-21 17:28:42 - [MESSAGE][PASSED] - Object: 'Object Repository/AdminSuiteBootstrap_Pages/Dashboard_Bootstrap/a_Access AutoDualCFtpQA' is clicked on

2023-09-21 17:28:42 - [TEST_STEP][PASSED] - click(findTestObject(path_VT + "a_Find Profile")): Object: 'Object Repository/AdminSuiteBootstrap_Pages/VT_Bootstrap/IssueTransactions/a_Find Profile' is clicked on

2023-09-21 17:28:43 - [MESSAGE][PASSED] - Object: 'Object Repository/AdminSuiteBootstrap_Pages/VT_Bootstrap/IssueTransactions/a_Find Profile' is clicked on

2023-09-21 17:28:43 - [TEST_STEP][PASSED] - criteria = <not implemented yet for class: org.codehaus.groovy.ast.expr.EmptyExpression>: null

2023-09-21 17:28:43 - [TEST_STEP][PASSED] - searchBy = <not implemented yet for class: org.codehaus.groovy.ast.expr.EmptyExpression>: null

2023-09-21 17:28:43 - [TEST_STEP][PASSED] - criteria = findTestData(dataFile).getValue("ProfileName", row): null

2023-09-21 17:28:43 - [TEST_STEP][PASSED] - path_SearchProfile = "Object Repository/AdminSuiteBootstrap_Pages/VSP_Bootstrap/SearchProfile/": null

2023-09-21 17:28:43 - [TEST_STEP][PASSED] - setText(findTestObject(path_SearchProfile + "input_Criteria"), criteria): Text 'PaymentsVisa' is set on object 'Object Repository/AdminSuiteBootstrap_Pages/VSP_Bootstrap/SearchProfile/input_Criteria'

2023-09-21 17:28:44 - [MESSAGE][PASSED] - Text 'PaymentsVisa' is set on object 'Object Repository/AdminSuiteBootstrap_Pages/VSP_Bootstrap/SearchProfile/input_Criteria'

2023-09-21 17:28:44 - [TEST_STEP][PASSED] - click(findTestObject(path_SearchProfile + "button_Search")): Object: 'Object Repository/AdminSuiteBootstrap_Pages/VSP_Bootstrap/SearchProfile/button_Search' is clicked on

2023-09-21 17:28:45 - [MESSAGE][PASSED] - Object: 'Object Repository/AdminSuiteBootstrap_Pages/VSP_Bootstrap/SearchProfile/button_Search' is clicked on

2023-09-21 17:28:45 - [TEST_STEP][PASSED] - profNameLink = findTestData(dataFile).getValue("ProfileNameLink", row): null

2023-09-21 17:28:45 - [TEST_STEP][PASSED] - click(findTestObject(path_ViewProfile + profNameLink)): Object: 'Object Repository/AdminSuiteBootstrap_Pages/VSP_Bootstrap/View Profile/a_PaymentsVisa' is clicked on

2023-09-21 17:28:46 - [MESSAGE][PASSED] - Object: 'Object Repository/AdminSuiteBootstrap_Pages/VSP_Bootstrap/View Profile/a_PaymentsVisa' is clicked on

2023-09-21 17:28:46 - [TEST_STEP][PASSED] - click(findTestObject(path_ViewProfile + "a_AuthCap")): Object: 'Object Repository/AdminSuiteBootstrap_Pages/VSP_Bootstrap/View Profile/a_AuthCap' is clicked on

2023-09-21 17:28:47 - [MESSAGE][PASSED] - Object: 'Object Repository/AdminSuiteBootstrap_Pages/VSP_Bootstrap/View Profile/a_AuthCap' is clicked on

2023-09-21 17:28:47 - [TEST_STEP][PASSED] - verifyTextPresent("Credit Card Authorization Capture", true): Text 'Credit Card Authorization Capture' is present on page  using regular expression

2023-09-21 17:28:48 - [MESSAGE][PASSED] - Text 'Credit Card Authorization Capture' is present on page  using regular expression

2023-09-21 17:28:48 - [TEST_STEP][PASSED] - verifyTextPresent("Sale", true): Text 'Sale' is present on page  using regular expression

2023-09-21 17:28:48 - [MESSAGE][PASSED] - Text 'Sale' is present on page  using regular expression

2023-09-21 17:28:48 - [TEST_STEP][PASSED] - verifyTextPresent("Required fields are highlighted with an asterisk", true): Text 'Required fields are highlighted with an asterisk' is present on page  using regular expression

2023-09-21 17:28:49 - [MESSAGE][PASSED] - Text 'Required fields are highlighted with an asterisk' is present on page  using regular expression

2023-09-21 17:28:49 - [TEST_STEP][PASSED] - verifyTextPresent("Remittance ID", true): Text 'Remittance ID' is present on page  using regular expression

2023-09-21 17:28:49 - [MESSAGE][PASSED] - Text 'Remittance ID' is present on page  using regular expression

2023-09-21 17:28:49 - [TEST_STEP][PASSED] - vspBootstrap.SalePage.setDataSaleAndAuth(row, dataFile): vspBootstrap.SalePage.setDataSaleAndAuth is PASSED

2023-09-21 17:28:50 - [MESSAGE][PASSED] - All options with value 'RETL' are selected in object 'Object Repository/AdminSuiteBootstrap_Pages/VSP_Bootstrap/VSP_Authcap/select_TransactionCategory'  using regular expression

2023-09-21 17:28:51 - [MESSAGE][PASSED] - Text '123' is set on object 'Object Repository/AdminSuiteBootstrap_Pages/VSP_Bootstrap/VSP_Authcap/input_cvv'

2023-09-21 17:28:52 - [MESSAGE][PASSED] - Text '' is set on object 'Object Repository/AdminSuiteBootstrap_Pages/VSP_Bootstrap/VSP_Authcap/input_smsNumber'

2023-09-21 17:28:52 - [MESSAGE][PASSED] - Text '2.50' is set on object 'Object Repository/AdminSuiteBootstrap_Pages/VSP_Bootstrap/VSP_Authcap/input_amount'

2023-09-21 17:28:53 - [MESSAGE][PASSED] - Text 'Delhi' is set on object 'Object Repository/AdminSuiteBootstrap_Pages/VSP_Bootstrap/VSP_Authcap/input_userDefined1'

2023-09-21 17:28:54 - [MESSAGE][PASSED] - Text 'Chennai' is set on object 'Object Repository/AdminSuiteBootstrap_Pages/VSP_Bootstrap/VSP_Authcap/input_userDefined2'

2023-09-21 17:28:55 - [MESSAGE][PASSED] - Text 'Mumbai' is set on object 'Object Repository/AdminSuiteBootstrap_Pages/VSP_Bootstrap/VSP_Authcap/input_userDefined3'

2023-09-21 17:28:55 - [MESSAGE][PASSED] - Text 'Kanpur' is set on object 'Object Repository/AdminSuiteBootstrap_Pages/VSP_Bootstrap/VSP_Authcap/input_userDefined4'

2023-09-21 17:28:56 - [MESSAGE][PASSED] - All options with label 'Orange' are selected in object 'Object Repository/AdminSuiteBootstrap_Pages/VSP_Bootstrap/VSP_Authcap/select_UDF5'  using regular expression

2023-09-21 17:28:57 - [MESSAGE][PASSED] - All options with label 'Yellow' are selected in object 'Object Repository/AdminSuiteBootstrap_Pages/VSP_Bootstrap/VSP_Authcap/select_UDF6'  using regular expression

2023-09-21 17:28:58 - [MESSAGE][PASSED] - Text 'Kolkata' is set on object 'Object Repository/AdminSuiteBootstrap_Pages/VSP_Bootstrap/VSP_Authcap/input_userDefined7'

2023-09-21 17:28:58 - [MESSAGE][PASSED] - Text 'Pune' is set on object 'Object Repository/AdminSuiteBootstrap_Pages/VSP_Bootstrap/VSP_Authcap/input_userDefined8'

2023-09-21 17:28:59 - [MESSAGE][PASSED] - Text 'Bhavnagar' is set on object 'Object Repository/AdminSuiteBootstrap_Pages/VSP_Bootstrap/VSP_Authcap/input_userDefined9'

2023-09-21 17:28:59 - [MESSAGE][PASSED] - Text 'Noida' is set on object 'Object Repository/AdminSuiteBootstrap_Pages/VSP_Bootstrap/VSP_Authcap/input_userDefined10'

2023-09-21 17:29:01 - [MESSAGE][PASSED] - Object: 'Object Repository/AdminSuiteBootstrap_Pages/VSP_Bootstrap/VSP_Authcap/button_Submit' is clicked on

2023-09-21 17:29:01 - [MESSAGE][PASSED] - vspBootstrap.SalePage.setDataSaleAndAuth is PASSED

2023-09-21 17:29:01 - [TEST_STEP][PASSED] - verifyTextPresent("Transaction Successful", true): Text 'Transaction Successful' is present on page  using regular expression

2023-09-21 17:29:02 - [MESSAGE][PASSED] - Text 'Transaction Successful' is present on page  using regular expression

2023-09-21 17:29:02 - [TEST_STEP][PASSED] - verifyElementVisible(findTestObject("Object Repository/AdminSuiteBootstrap_Pages/VT_Bootstrap/Receipt/button_Continue")): Object 'Object Repository/AdminSuiteBootstrap_Pages/VT_Bootstrap/Receipt/button_Continue' is visible

2023-09-21 17:29:02 - [MESSAGE][PASSED] - Object 'Object Repository/AdminSuiteBootstrap_Pages/VT_Bootstrap/Receipt/button_Continue' is visible

2023-09-21 17:29:02 - [TEST_STEP][PASSED] - verifyElementPresent(findTestObject("Object Repository/AdminSuiteBootstrap_Pages/VT_Bootstrap/Receipt/button_Continue"), 20): Object 'Object Repository/AdminSuiteBootstrap_Pages/VT_Bootstrap/Receipt/button_Continue' is present

2023-09-21 17:29:02 - [MESSAGE][PASSED] - Object 'Object Repository/AdminSuiteBootstrap_Pages/VT_Bootstrap/Receipt/button_Continue' is present

2023-09-21 17:29:02 - [TEST_STEP][PASSED] - verifyElementVisible(findTestObject("Object Repository/AdminSuiteBootstrap_Pages/VT_Bootstrap/Receipt/button_Print")): Object 'Object Repository/AdminSuiteBootstrap_Pages/VT_Bootstrap/Receipt/button_Print' is visible

2023-09-21 17:29:03 - [MESSAGE][PASSED] - Object 'Object Repository/AdminSuiteBootstrap_Pages/VT_Bootstrap/Receipt/button_Print' is visible

2023-09-21 17:29:03 - [TEST_STEP][PASSED] - verifyElementPresent(findTestObject("Object Repository/AdminSuiteBootstrap_Pages/VT_Bootstrap/Receipt/button_Print"), 20): Object 'Object Repository/AdminSuiteBootstrap_Pages/VT_Bootstrap/Receipt/button_Print' is present

2023-09-21 17:29:03 - [MESSAGE][PASSED] - Object 'Object Repository/AdminSuiteBootstrap_Pages/VT_Bootstrap/Receipt/button_Print' is present

2023-09-21 17:29:03 - [TEST_STEP][PASSED] - verifyTextPresent("Remittance ID", true): Text 'Remittance ID' is present on page  using regular expression

2023-09-21 17:29:03 - [MESSAGE][PASSED] - Text 'Remittance ID' is present on page  using regular expression

2023-09-21 17:29:03 - [TEST_STEP][PASSED] - verifyTextPresent("Received", true): Text 'Received' is present on page  using regular expression

2023-09-21 17:29:03 - [MESSAGE][PASSED] - Text 'Received' is present on page  using regular expression

2023-09-21 17:29:03 - [TEST_STEP][PASSED] - verifyTextPresent("UDF1", true): Text 'UDF1' is present on page  using regular expression

2023-09-21 17:29:04 - [MESSAGE][PASSED] - Text 'UDF1' is present on page  using regular expression

2023-09-21 17:29:04 - [TEST_STEP][PASSED] - verifyTextPresent("UDF2", true): Text 'UDF2' is present on page  using regular expression

2023-09-21 17:29:04 - [MESSAGE][PASSED] - Text 'UDF2' is present on page  using regular expression

2023-09-21 17:29:04 - [TEST_STEP][PASSED] - verifyTextPresent("UDF3", true): Text 'UDF3' is present on page  using regular expression

2023-09-21 17:29:04 - [MESSAGE][PASSED] - Text 'UDF3' is present on page  using regular expression

2023-09-21 17:29:04 - [TEST_STEP][PASSED] - verifyTextPresent("UDF4", true): Text 'UDF4' is present on page  using regular expression

2023-09-21 17:29:05 - [MESSAGE][PASSED] - Text 'UDF4' is present on page  using regular expression

2023-09-21 17:29:05 - [TEST_STEP][PASSED] - verifyTextPresent("UDF5", true): Text 'UDF5' is present on page  using regular expression

2023-09-21 17:29:05 - [MESSAGE][PASSED] - Text 'UDF5' is present on page  using regular expression

2023-09-21 17:29:05 - [TEST_STEP][PASSED] - verifyTextPresent("UDF6", true): Text 'UDF6' is present on page  using regular expression

2023-09-21 17:29:05 - [MESSAGE][PASSED] - Text 'UDF6' is present on page  using regular expression

2023-09-21 17:29:05 - [TEST_STEP][PASSED] - verifyTextPresent("UDF7", true): Text 'UDF7' is present on page  using regular expression

2023-09-21 17:29:06 - [MESSAGE][PASSED] - Text 'UDF7' is present on page  using regular expression

2023-09-21 17:29:06 - [TEST_STEP][PASSED] - verifyTextPresent("UDF8", true): Text 'UDF8' is present on page  using regular expression

2023-09-21 17:29:06 - [MESSAGE][PASSED] - Text 'UDF8' is present on page  using regular expression

2023-09-21 17:29:06 - [TEST_STEP][PASSED] - verifyTextPresent("UDF9", true): Text 'UDF9' is present on page  using regular expression

2023-09-21 17:29:06 - [MESSAGE][PASSED] - Text 'UDF9' is present on page  using regular expression

2023-09-21 17:29:06 - [TEST_STEP][PASSED] - verifyTextPresent("UDF 10", true): Text 'UDF 10' is present on page  using regular expression

2023-09-21 17:29:06 - [MESSAGE][PASSED] - Text 'UDF 10' is present on page  using regular expression

2023-09-21 17:29:06 - [TEST_STEP][PASSED] - verifyTextPresent("Delhi", true): Text 'Delhi' is present on page  using regular expression

2023-09-21 17:29:07 - [MESSAGE][PASSED] - Text 'Delhi' is present on page  using regular expression

2023-09-21 17:29:07 - [TEST_STEP][PASSED] - verifyTextPresent("Chennai", true): Text 'Chennai' is present on page  using regular expression

2023-09-21 17:29:07 - [MESSAGE][PASSED] - Text 'Chennai' is present on page  using regular expression

2023-09-21 17:29:07 - [TEST_STEP][PASSED] - verifyTextPresent("Mumbai", true): Text 'Mumbai' is present on page  using regular expression

2023-09-21 17:29:07 - [MESSAGE][PASSED] - Text 'Mumbai' is present on page  using regular expression

2023-09-21 17:29:07 - [TEST_STEP][PASSED] - verifyTextPresent("Kanpur", true): Text 'Kanpur' is present on page  using regular expression

2023-09-21 17:29:08 - [MESSAGE][PASSED] - Text 'Kanpur' is present on page  using regular expression

2023-09-21 17:29:08 - [TEST_STEP][PASSED] - verifyTextPresent("Orange Recorded", true): Text 'Orange Recorded' is present on page  using regular expression

2023-09-21 17:29:08 - [MESSAGE][PASSED] - Text 'Orange Recorded' is present on page  using regular expression

2023-09-21 17:29:08 - [TEST_STEP][PASSED] - verifyTextPresent("Yellow Recorded", true): Text 'Yellow Recorded' is present on page  using regular expression

2023-09-21 17:29:08 - [MESSAGE][PASSED] - Text 'Yellow Recorded' is present on page  using regular expression

2023-09-21 17:29:08 - [TEST_STEP][PASSED] - verifyTextPresent("Kolkata", true): Text 'Kolkata' is present on page  using regular expression

2023-09-21 17:29:09 - [MESSAGE][PASSED] - Text 'Kolkata' is present on page  using regular expression

2023-09-21 17:29:09 - [TEST_STEP][PASSED] - verifyTextPresent("Pune", true): Text 'Pune' is present on page  using regular expression

2023-09-21 17:29:09 - [MESSAGE][PASSED] - Text 'Pune' is present on page  using regular expression

2023-09-21 17:29:09 - [TEST_STEP][PASSED] - verifyTextPresent("Bhavnagar", true): Text 'Bhavnagar' is present on page  using regular expression

2023-09-21 17:29:09 - [MESSAGE][PASSED] - Text 'Bhavnagar' is present on page  using regular expression

2023-09-21 17:29:09 - [TEST_STEP][PASSED] - verifyTextPresent("Noida", true): Text 'Noida' is present on page  using regular expression

2023-09-21 17:29:09 - [MESSAGE][PASSED] - Text 'Noida' is present on page  using regular expression

2023-09-21 17:29:09 - [TEST_STEP][PASSED] - verifyTextPresent("Amount", true): Text 'Amount' is present on page  using regular expression

2023-09-21 17:29:10 - [MESSAGE][PASSED] - Text 'Amount' is present on page  using regular expression

2023-09-21 17:29:10 - [TEST_STEP][PASSED] - verifyTextPresent("2.50", true): Text '2.50' is present on page  using regular expression

2023-09-21 17:29:10 - [MESSAGE][PASSED] - Text '2.50' is present on page  using regular expression

2023-09-21 17:29:10 - [TEST_STEP][PASSED] - verifyTextPresent("Authorization and Capture", true): Text 'Authorization and Capture' is present on page  using regular expression

2023-09-21 17:29:10 - [MESSAGE][PASSED] - Text 'Authorization and Capture' is present on page  using regular expression

2023-09-21 17:29:10 - [TEST_STEP][PASSED] - verifyTextPresent("Card Information", true): Text 'Card Information' is present on page  using regular expression

2023-09-21 17:29:11 - [MESSAGE][PASSED] - Text 'Card Information' is present on page  using regular expression

2023-09-21 17:29:11 - [TEST_STEP][PASSED] - verifyTextPresent("TANDON RAVENA", true): Text 'TANDON RAVENA' is present on page  using regular expression

2023-09-21 17:29:11 - [MESSAGE][PASSED] - Text 'TANDON RAVENA' is present on page  using regular expression

2023-09-21 17:29:11 - [TEST_STEP][PASSED] - verifyTextPresent("Address Line 1", true): Text 'Address Line 1' is present on page  using regular expression

2023-09-21 17:29:11 - [MESSAGE][PASSED] - Text 'Address Line 1' is present on page  using regular expression

2023-09-21 17:29:11 - [TEST_STEP][PASSED] - verifyTextPresent("Address Line 2", true): Text 'Address Line 2' is present on page  using regular expression

2023-09-21 17:29:12 - [MESSAGE][PASSED] - Text 'Address Line 2' is present on page  using regular expression

2023-09-21 17:29:12 - [TEST_STEP][PASSED] - verifyTextPresent("Country", true): Text 'Country' is present on page  using regular expression

2023-09-21 17:29:12 - [MESSAGE][PASSED] - Text 'Country' is present on page  using regular expression

2023-09-21 17:29:12 - [TEST_STEP][PASSED] - verifyTextPresent("City", true): Text 'City' is present on page  using regular expression

2023-09-21 17:29:12 - [MESSAGE][PASSED] - Text 'City' is present on page  using regular expression

2023-09-21 17:29:12 - [TEST_STEP][PASSED] - verifyTextPresent("State", true): Text 'State' is present on page  using regular expression

2023-09-21 17:29:12 - [MESSAGE][PASSED] - Text 'State' is present on page  using regular expression

2023-09-21 17:29:12 - [TEST_STEP][PASSED] - verifyTextPresent("ZIP Code", true): Text 'ZIP Code' is present on page  using regular expression

2023-09-21 17:29:13 - [MESSAGE][PASSED] - Text 'ZIP Code' is present on page  using regular expression

2023-09-21 17:29:13 - [TEST_STEP][PASSED] - verifyTextPresent("248 PhoolKaante road", true): Text '248 PhoolKaante road' is present on page  using regular expression

2023-09-21 17:29:13 - [MESSAGE][PASSED] - Text '248 PhoolKaante road' is present on page  using regular expression

2023-09-21 17:29:13 - [TEST_STEP][PASSED] - verifyTextPresent("Suite 678", true): Text 'Suite 678' is present on page  using regular expression

2023-09-21 17:29:13 - [MESSAGE][PASSED] - Text 'Suite 678' is present on page  using regular expression

2023-09-21 17:29:13 - [TEST_STEP][PASSED] - verifyTextPresent("United States", true): Text 'United States' is present on page  using regular expression

2023-09-21 17:29:14 - [MESSAGE][PASSED] - Text 'United States' is present on page  using regular expression

2023-09-21 17:29:14 - [TEST_STEP][PASSED] - verifyTextPresent("ARLINGTON", true): Text 'ARLINGTON' is present on page  using regular expression

2023-09-21 17:29:14 - [MESSAGE][PASSED] - Text 'ARLINGTON' is present on page  using regular expression

2023-09-21 17:29:14 - [TEST_STEP][PASSED] - verifyTextPresent("VA", true): Text 'VA' is present on page  using regular expression

2023-09-21 17:29:14 - [MESSAGE][PASSED] - Text 'VA' is present on page  using regular expression

2023-09-21 17:29:14 - [TEST_STEP][PASSED] - verifyTextPresent("22201", true): Text '22201' is present on page  using regular expression

2023-09-21 17:29:15 - [MESSAGE][PASSED] - Text '22201' is present on page  using regular expression

2023-09-21 17:29:15 - [TEST_STEP][PASSED] - cardTypeV = findTestData(dataFile).getValue("CardType", row): null

2023-09-21 17:29:15 - [TEST_STEP][PASSED] - last4V = findTestData(dataFile).getValue("Last4", row): null

2023-09-21 17:29:15 - [TEST_STEP][PASSED] - verifyTextPresent(cardTypeV, true): Text 'Visa' is present on page  using regular expression

2023-09-21 17:29:15 - [MESSAGE][PASSED] - Text 'Visa' is present on page  using regular expression

2023-09-21 17:29:15 - [TEST_STEP][PASSED] - verifyTextPresent(last4V, true): Text '5439' is present on page  using regular expression

2023-09-21 17:29:15 - [MESSAGE][PASSED] - Text '5439' is present on page  using regular expression

2023-09-21 17:29:15 - [TEST_STEP][PASSED] - switch (appName): null

2023-09-21 17:29:15 - [TEST_STEP][PASSED] - case "a_Access AutoDualCFtpQA":: null

2023-09-21 17:29:15 - [TEST_STEP][PASSED] - verifyTextPresent("5.00", true): Text '5.00' is present on page  using regular expression

2023-09-21 17:29:15 - [MESSAGE][PASSED] - Text '5.00' is present on page  using regular expression

2023-09-21 17:29:15 - [TEST_STEP][PASSED] - verifyTextPresent("Dual Transaction", true): Text 'Dual Transaction' is present on page  using regular expression

2023-09-21 17:29:16 - [MESSAGE][PASSED] - Text 'Dual Transaction' is present on page  using regular expression

2023-09-21 17:29:16 - [TEST_STEP][PASSED] - verifyTextPresent("7.50", true): Text '7.50' is present on page  using regular expression

2023-09-21 17:29:16 - [MESSAGE][PASSED] - Text '7.50' is present on page  using regular expression

2023-09-21 17:29:16 - [TEST_STEP][PASSED] - verifyTextPresent("Total Amount", true): Text 'Total Amount' is present on page  using regular expression

2023-09-21 17:29:16 - [MESSAGE][PASSED] - Text 'Total Amount' is present on page  using regular expression

2023-09-21 17:29:16 - [TEST_STEP][PASSED] - verifyTextPresent("Transaction Type", true): Text 'Transaction Type' is present on page  using regular expression

2023-09-21 17:29:17 - [MESSAGE][PASSED] - Text 'Transaction Type' is present on page  using regular expression

2023-09-21 17:29:17 - [TEST_STEP][PASSED] - break: null

2023-09-21 17:29:17 - [TEST_STEP][PASSED] - closeBrowser(): Browser is closed

2023-09-21 17:29:18 - [MESSAGE][PASSED] - Browser is closed

2023-09-21 17:29:18 - [TEST_STEP][PASSED] - ExecuteTC = findTestData(dataFile).getValue("Execute", row): null

2023-09-21 17:29:18 - [TEST_STEP][PASSED] - out.println("Value of Execute is : " + ExecuteTC): null

2023-09-21 17:29:18 - [TEST_STEP][PASSED] - switch (executionProfile): null

2023-09-21 17:29:18 - [TEST_STEP][PASSED] - case "QA2Profile":: null

2023-09-21 17:29:18 - [TEST_STEP][PASSED] - appName = findTestData(dataFile).getValue("AppNameQA", row): null

2023-09-21 17:29:18 - [TEST_STEP][PASSED] - appID = findTestData(dataFile).getValue("AppIDQA", row): null

2023-09-21 17:29:18 - [TEST_STEP][PASSED] - break: null

2023-09-21 17:29:18 - [TEST_STEP][PASSED] - if (ExecuteTC.equalsIgnoreCase("Y")): null

2023-09-21 17:29:18 - [TEST_STEP][PASSED] - out.println("Begin Record Number: " + row): null

2023-09-21 17:29:18 - [TEST_STEP][PASSED] - today = new java.util.Date(): null

2023-09-21 17:29:18 - [TEST_STEP][PASSED] - println(today): null

2023-09-21 17:29:18 - [TEST_STEP][PASSED] - datText = today: null

2023-09-21 17:29:18 - [TEST_STEP][PASSED] - adminSuiteBootstrap.loginFunctionality.login_AdminSuite(): adminSuiteBootstrap.loginFunctionality.login_AdminSuite is PASSED

2023-09-21 17:29:18 - [MESSAGE][INFO] - Starting 'Chrome' driver

2023-09-21 17:29:18 - [MESSAGE][INFO] - User set preference: ['acceptInsecureCerts', 'true']

2023-09-21 17:29:18 - [MESSAGE][INFO] - Action delay is set to 0 milliseconds

2023-09-21 17:29:21 - [MESSAGE][PASSED] - Browser is opened with url: 'https://qa2.velocitypayment.com/admin/imtiaz'

2023-09-21 17:29:21 - [MESSAGE][PASSED] - Current window maximized

2023-09-21 17:29:22 - [MESSAGE][PASSED] - Object 'Object Repository/Login_Page/Login_Username_Okta' is present

2023-09-21 17:29:22 - [MESSAGE][PASSED] - Text 'iahmed' is set on object 'Object Repository/Login_Page/Login_Username_Okta'

2023-09-21 17:29:23 - [MESSAGE][PASSED] - Text 'Hello1111111@' is set on object 'Object Repository/Login_Page/Login_Password_Okta'

2023-09-21 17:29:24 - [MESSAGE][PASSED] - Object: 'Object Repository/Login_Page/Login_Submit_Okta' is clicked on

2023-09-21 17:29:24 - [MESSAGE][PASSED] - adminSuiteBootstrap.loginFunctionality.login_AdminSuite is PASSED

2023-09-21 17:29:24 - [TEST_STEP][PASSED] - click(findTestObject(path_Dashboard + appName)): Object: 'Object Repository/AdminSuiteBootstrap_Pages/Dashboard_Bootstrap/a_Access AutoDualCFtpQA' is clicked on

2023-09-21 17:29:30 - [MESSAGE][PASSED] - Object: 'Object Repository/AdminSuiteBootstrap_Pages/Dashboard_Bootstrap/a_Access AutoDualCFtpQA' is clicked on

2023-09-21 17:29:30 - [TEST_STEP][PASSED] - click(findTestObject(path_VT + "a_Find Profile")): Object: 'Object Repository/AdminSuiteBootstrap_Pages/VT_Bootstrap/IssueTransactions/a_Find Profile' is clicked on

2023-09-21 17:29:31 - [MESSAGE][PASSED] - Object: 'Object Repository/AdminSuiteBootstrap_Pages/VT_Bootstrap/IssueTransactions/a_Find Profile' is clicked on

2023-09-21 17:29:31 - [TEST_STEP][PASSED] - criteria = <not implemented yet for class: org.codehaus.groovy.ast.expr.EmptyExpression>: null

2023-09-21 17:29:31 - [TEST_STEP][PASSED] - searchBy = <not implemented yet for class: org.codehaus.groovy.ast.expr.EmptyExpression>: null

2023-09-21 17:29:31 - [TEST_STEP][PASSED] - criteria = findTestData(dataFile).getValue("ProfileName", row): null

2023-09-21 17:29:31 - [TEST_STEP][PASSED] - path_SearchProfile = "Object Repository/AdminSuiteBootstrap_Pages/VSP_Bootstrap/SearchProfile/": null

2023-09-21 17:29:31 - [TEST_STEP][PASSED] - setText(findTestObject(path_SearchProfile + "input_Criteria"), criteria): Text 'PaymentsMC' is set on object 'Object Repository/AdminSuiteBootstrap_Pages/VSP_Bootstrap/SearchProfile/input_Criteria'

2023-09-21 17:29:32 - [MESSAGE][PASSED] - Text 'PaymentsMC' is set on object 'Object Repository/AdminSuiteBootstrap_Pages/VSP_Bootstrap/SearchProfile/input_Criteria'

2023-09-21 17:29:32 - [TEST_STEP][PASSED] - click(findTestObject(path_SearchProfile + "button_Search")): Object: 'Object Repository/AdminSuiteBootstrap_Pages/VSP_Bootstrap/SearchProfile/button_Search' is clicked on

2023-09-21 17:29:32 - [MESSAGE][PASSED] - Object: 'Object Repository/AdminSuiteBootstrap_Pages/VSP_Bootstrap/SearchProfile/button_Search' is clicked on

2023-09-21 17:29:32 - [TEST_STEP][PASSED] - profNameLink = findTestData(dataFile).getValue("ProfileNameLink", row): null

2023-09-21 17:29:32 - [TEST_STEP][PASSED] - click(findTestObject(path_ViewProfile + profNameLink)): Object: 'Object Repository/AdminSuiteBootstrap_Pages/VSP_Bootstrap/View Profile/a_PaymentsMC' is clicked on

2023-09-21 17:29:34 - [MESSAGE][PASSED] - Object: 'Object Repository/AdminSuiteBootstrap_Pages/VSP_Bootstrap/View Profile/a_PaymentsMC' is clicked on

2023-09-21 17:29:34 - [TEST_STEP][PASSED] - click(findTestObject(path_ViewProfile + "a_AuthCap")): Object: 'Object Repository/AdminSuiteBootstrap_Pages/VSP_Bootstrap/View Profile/a_AuthCap' is clicked on

2023-09-21 17:29:35 - [MESSAGE][PASSED] - Object: 'Object Repository/AdminSuiteBootstrap_Pages/VSP_Bootstrap/View Profile/a_AuthCap' is clicked on

2023-09-21 17:29:35 - [TEST_STEP][PASSED] - verifyTextPresent("Credit Card Authorization Capture", true): Text 'Credit Card Authorization Capture' is present on page  using regular expression

2023-09-21 17:29:36 - [MESSAGE][PASSED] - Text 'Credit Card Authorization Capture' is present on page  using regular expression

2023-09-21 17:29:36 - [TEST_STEP][PASSED] - verifyTextPresent("Sale", true): Text 'Sale' is present on page  using regular expression

2023-09-21 17:29:36 - [MESSAGE][PASSED] - Text 'Sale' is present on page  using regular expression

2023-09-21 17:29:36 - [TEST_STEP][PASSED] - verifyTextPresent("Required fields are highlighted with an asterisk", true): Text 'Required fields are highlighted with an asterisk' is present on page  using regular expression

2023-09-21 17:29:36 - [MESSAGE][PASSED] - Text 'Required fields are highlighted with an asterisk' is present on page  using regular expression

2023-09-21 17:29:36 - [TEST_STEP][PASSED] - verifyTextPresent("Remittance ID", true): Text 'Remittance ID' is present on page  using regular expression

2023-09-21 17:29:37 - [MESSAGE][PASSED] - Text 'Remittance ID' is present on page  using regular expression

2023-09-21 17:29:37 - [TEST_STEP][PASSED] - vspBootstrap.SalePage.setDataSaleAndAuth(row, dataFile): vspBootstrap.SalePage.setDataSaleAndAuth is PASSED

2023-09-21 17:29:38 - [MESSAGE][PASSED] - All options with value 'RETL' are selected in object 'Object Repository/AdminSuiteBootstrap_Pages/VSP_Bootstrap/VSP_Authcap/select_TransactionCategory'  using regular expression

2023-09-21 17:29:39 - [MESSAGE][PASSED] - Text '123' is set on object 'Object Repository/AdminSuiteBootstrap_Pages/VSP_Bootstrap/VSP_Authcap/input_cvv'

2023-09-21 17:29:39 - [MESSAGE][PASSED] - Text '' is set on object 'Object Repository/AdminSuiteBootstrap_Pages/VSP_Bootstrap/VSP_Authcap/input_smsNumber'

2023-09-21 17:29:40 - [MESSAGE][PASSED] - Text '2.50' is set on object 'Object Repository/AdminSuiteBootstrap_Pages/VSP_Bootstrap/VSP_Authcap/input_amount'

2023-09-21 17:29:41 - [MESSAGE][PASSED] - Text 'Delhi' is set on object 'Object Repository/AdminSuiteBootstrap_Pages/VSP_Bootstrap/VSP_Authcap/input_userDefined1'

2023-09-21 17:29:42 - [MESSAGE][PASSED] - Text 'Chennai' is set on object 'Object Repository/AdminSuiteBootstrap_Pages/VSP_Bootstrap/VSP_Authcap/input_userDefined2'

2023-09-21 17:29:42 - [MESSAGE][PASSED] - Text 'Mumbai' is set on object 'Object Repository/AdminSuiteBootstrap_Pages/VSP_Bootstrap/VSP_Authcap/input_userDefined3'

2023-09-21 17:29:43 - [MESSAGE][PASSED] - Text 'Kanpur' is set on object 'Object Repository/AdminSuiteBootstrap_Pages/VSP_Bootstrap/VSP_Authcap/input_userDefined4'

2023-09-21 17:29:44 - [MESSAGE][PASSED] - All options with label 'Orange' are selected in object 'Object Repository/AdminSuiteBootstrap_Pages/VSP_Bootstrap/VSP_Authcap/select_UDF5'  using regular expression

2023-09-21 17:29:45 - [MESSAGE][PASSED] - All options with label 'Yellow' are selected in object 'Object Repository/AdminSuiteBootstrap_Pages/VSP_Bootstrap/VSP_Authcap/select_UDF6'  using regular expression

2023-09-21 17:29:45 - [MESSAGE][PASSED] - Text 'Kolkata' is set on object 'Object Repository/AdminSuiteBootstrap_Pages/VSP_Bootstrap/VSP_Authcap/input_userDefined7'

2023-09-21 17:29:46 - [MESSAGE][PASSED] - Text 'Pune' is set on object 'Object Repository/AdminSuiteBootstrap_Pages/VSP_Bootstrap/VSP_Authcap/input_userDefined8'

2023-09-21 17:29:47 - [MESSAGE][PASSED] - Text 'Bhavnagar' is set on object 'Object Repository/AdminSuiteBootstrap_Pages/VSP_Bootstrap/VSP_Authcap/input_userDefined9'

2023-09-21 17:29:47 - [MESSAGE][PASSED] - Text 'Noida' is set on object 'Object Repository/AdminSuiteBootstrap_Pages/VSP_Bootstrap/VSP_Authcap/input_userDefined10'

2023-09-21 17:29:49 - [MESSAGE][PASSED] - Object: 'Object Repository/AdminSuiteBootstrap_Pages/VSP_Bootstrap/VSP_Authcap/button_Submit' is clicked on

2023-09-21 17:29:49 - [MESSAGE][PASSED] - vspBootstrap.SalePage.setDataSaleAndAuth is PASSED

2023-09-21 17:29:49 - [TEST_STEP][PASSED] - verifyTextPresent("Transaction Successful", true): Text 'Transaction Successful' is present on page  using regular expression

2023-09-21 17:29:50 - [MESSAGE][PASSED] - Text 'Transaction Successful' is present on page  using regular expression

2023-09-21 17:29:50 - [TEST_STEP][PASSED] - verifyElementVisible(findTestObject("Object Repository/AdminSuiteBootstrap_Pages/VT_Bootstrap/Receipt/button_Continue")): Object 'Object Repository/AdminSuiteBootstrap_Pages/VT_Bootstrap/Receipt/button_Continue' is visible

2023-09-21 17:29:50 - [MESSAGE][PASSED] - Object 'Object Repository/AdminSuiteBootstrap_Pages/VT_Bootstrap/Receipt/button_Continue' is visible

2023-09-21 17:29:50 - [TEST_STEP][PASSED] - verifyElementPresent(findTestObject("Object Repository/AdminSuiteBootstrap_Pages/VT_Bootstrap/Receipt/button_Continue"), 20): Object 'Object Repository/AdminSuiteBootstrap_Pages/VT_Bootstrap/Receipt/button_Continue' is present

2023-09-21 17:29:50 - [MESSAGE][PASSED] - Object 'Object Repository/AdminSuiteBootstrap_Pages/VT_Bootstrap/Receipt/button_Continue' is present

2023-09-21 17:29:50 - [TEST_STEP][PASSED] - verifyElementVisible(findTestObject("Object Repository/AdminSuiteBootstrap_Pages/VT_Bootstrap/Receipt/button_Print")): Object 'Object Repository/AdminSuiteBootstrap_Pages/VT_Bootstrap/Receipt/button_Print' is visible

2023-09-21 17:29:50 - [MESSAGE][PASSED] - Object 'Object Repository/AdminSuiteBootstrap_Pages/VT_Bootstrap/Receipt/button_Print' is visible

2023-09-21 17:29:50 - [TEST_STEP][PASSED] - verifyElementPresent(findTestObject("Object Repository/AdminSuiteBootstrap_Pages/VT_Bootstrap/Receipt/button_Print"), 20): Object 'Object Repository/AdminSuiteBootstrap_Pages/VT_Bootstrap/Receipt/button_Print' is present

2023-09-21 17:29:51 - [MESSAGE][PASSED] - Object 'Object Repository/AdminSuiteBootstrap_Pages/VT_Bootstrap/Receipt/button_Print' is present

2023-09-21 17:29:51 - [TEST_STEP][PASSED] - verifyTextPresent("Remittance ID", true): Text 'Remittance ID' is present on page  using regular expression

2023-09-21 17:29:51 - [MESSAGE][PASSED] - Text 'Remittance ID' is present on page  using regular expression

2023-09-21 17:29:51 - [TEST_STEP][PASSED] - verifyTextPresent("Received", true): Text 'Received' is present on page  using regular expression

2023-09-21 17:29:51 - [MESSAGE][PASSED] - Text 'Received' is present on page  using regular expression

2023-09-21 17:29:51 - [TEST_STEP][PASSED] - verifyTextPresent("UDF1", true): Text 'UDF1' is present on page  using regular expression

2023-09-21 17:29:52 - [MESSAGE][PASSED] - Text 'UDF1' is present on page  using regular expression

2023-09-21 17:29:52 - [TEST_STEP][PASSED] - verifyTextPresent("UDF2", true): Text 'UDF2' is present on page  using regular expression

2023-09-21 17:29:52 - [MESSAGE][PASSED] - Text 'UDF2' is present on page  using regular expression

2023-09-21 17:29:52 - [TEST_STEP][PASSED] - verifyTextPresent("UDF3", true): Text 'UDF3' is present on page  using regular expression

2023-09-21 17:29:52 - [MESSAGE][PASSED] - Text 'UDF3' is present on page  using regular expression

2023-09-21 17:29:52 - [TEST_STEP][PASSED] - verifyTextPresent("UDF4", true): Text 'UDF4' is present on page  using regular expression

2023-09-21 17:29:53 - [MESSAGE][PASSED] - Text 'UDF4' is present on page  using regular expression

2023-09-21 17:29:53 - [TEST_STEP][PASSED] - verifyTextPresent("UDF5", true): Text 'UDF5' is present on page  using regular expression

2023-09-21 17:29:53 - [MESSAGE][PASSED] - Text 'UDF5' is present on page  using regular expression

2023-09-21 17:29:53 - [TEST_STEP][PASSED] - verifyTextPresent("UDF6", true): Text 'UDF6' is present on page  using regular expression

2023-09-21 17:29:53 - [MESSAGE][PASSED] - Text 'UDF6' is present on page  using regular expression

2023-09-21 17:29:53 - [TEST_STEP][PASSED] - verifyTextPresent("UDF7", true): Text 'UDF7' is present on page  using regular expression

2023-09-21 17:29:53 - [MESSAGE][PASSED] - Text 'UDF7' is present on page  using regular expression

2023-09-21 17:29:53 - [TEST_STEP][PASSED] - verifyTextPresent("UDF8", true): Text 'UDF8' is present on page  using regular expression

2023-09-21 17:29:54 - [MESSAGE][PASSED] - Text 'UDF8' is present on page  using regular expression

2023-09-21 17:29:54 - [TEST_STEP][PASSED] - verifyTextPresent("UDF9", true): Text 'UDF9' is present on page  using regular expression

2023-09-21 17:29:54 - [MESSAGE][PASSED] - Text 'UDF9' is present on page  using regular expression

2023-09-21 17:29:54 - [TEST_STEP][PASSED] - verifyTextPresent("UDF 10", true): Text 'UDF 10' is present on page  using regular expression

2023-09-21 17:29:54 - [MESSAGE][PASSED] - Text 'UDF 10' is present on page  using regular expression

2023-09-21 17:29:54 - [TEST_STEP][PASSED] - verifyTextPresent("Delhi", true): Text 'Delhi' is present on page  using regular expression

2023-09-21 17:29:55 - [MESSAGE][PASSED] - Text 'Delhi' is present on page  using regular expression

2023-09-21 17:29:55 - [TEST_STEP][PASSED] - verifyTextPresent("Chennai", true): Text 'Chennai' is present on page  using regular expression

2023-09-21 17:29:55 - [MESSAGE][PASSED] - Text 'Chennai' is present on page  using regular expression

2023-09-21 17:29:55 - [TEST_STEP][PASSED] - verifyTextPresent("Mumbai", true): Text 'Mumbai' is present on page  using regular expression

2023-09-21 17:29:55 - [MESSAGE][PASSED] - Text 'Mumbai' is present on page  using regular expression

2023-09-21 17:29:55 - [TEST_STEP][PASSED] - verifyTextPresent("Kanpur", true): Text 'Kanpur' is present on page  using regular expression

2023-09-21 17:29:56 - [MESSAGE][PASSED] - Text 'Kanpur' is present on page  using regular expression

2023-09-21 17:29:56 - [TEST_STEP][PASSED] - verifyTextPresent("Orange Recorded", true): Text 'Orange Recorded' is present on page  using regular expression

2023-09-21 17:29:56 - [MESSAGE][PASSED] - Text 'Orange Recorded' is present on page  using regular expression

2023-09-21 17:29:56 - [TEST_STEP][PASSED] - verifyTextPresent("Yellow Recorded", true): Text 'Yellow Recorded' is present on page  using regular expression

2023-09-21 17:29:56 - [MESSAGE][PASSED] - Text 'Yellow Recorded' is present on page  using regular expression

2023-09-21 17:29:56 - [TEST_STEP][PASSED] - verifyTextPresent("Kolkata", true): Text 'Kolkata' is present on page  using regular expression

2023-09-21 17:29:56 - [MESSAGE][PASSED] - Text 'Kolkata' is present on page  using regular expression

2023-09-21 17:29:56 - [TEST_STEP][PASSED] - verifyTextPresent("Pune", true): Text 'Pune' is present on page  using regular expression

2023-09-21 17:29:57 - [MESSAGE][PASSED] - Text 'Pune' is present on page  using regular expression

2023-09-21 17:29:57 - [TEST_STEP][PASSED] - verifyTextPresent("Bhavnagar", true): Text 'Bhavnagar' is present on page  using regular expression

2023-09-21 17:29:57 - [MESSAGE][PASSED] - Text 'Bhavnagar' is present on page  using regular expression

2023-09-21 17:29:57 - [TEST_STEP][PASSED] - verifyTextPresent("Noida", true): Text 'Noida' is present on page  using regular expression

2023-09-21 17:29:57 - [MESSAGE][PASSED] - Text 'Noida' is present on page  using regular expression

2023-09-21 17:29:57 - [TEST_STEP][PASSED] - verifyTextPresent("Amount", true): Text 'Amount' is present on page  using regular expression

2023-09-21 17:29:58 - [MESSAGE][PASSED] - Text 'Amount' is present on page  using regular expression

2023-09-21 17:29:58 - [TEST_STEP][PASSED] - verifyTextPresent("2.50", true): Text '2.50' is present on page  using regular expression

2023-09-21 17:29:58 - [MESSAGE][PASSED] - Text '2.50' is present on page  using regular expression

2023-09-21 17:29:58 - [TEST_STEP][PASSED] - verifyTextPresent("Authorization and Capture", true): Text 'Authorization and Capture' is present on page  using regular expression

2023-09-21 17:29:58 - [MESSAGE][PASSED] - Text 'Authorization and Capture' is present on page  using regular expression

2023-09-21 17:29:58 - [TEST_STEP][PASSED] - verifyTextPresent("Card Information", true): Text 'Card Information' is present on page  using regular expression

2023-09-21 17:29:59 - [MESSAGE][PASSED] - Text 'Card Information' is present on page  using regular expression

2023-09-21 17:29:59 - [TEST_STEP][PASSED] - verifyTextPresent("TANDON RAVENA", true): Text 'TANDON RAVENA' is present on page  using regular expression

2023-09-21 17:29:59 - [MESSAGE][PASSED] - Text 'TANDON RAVENA' is present on page  using regular expression

2023-09-21 17:29:59 - [TEST_STEP][PASSED] - verifyTextPresent("Address Line 1", true): Text 'Address Line 1' is present on page  using regular expression

2023-09-21 17:29:59 - [MESSAGE][PASSED] - Text 'Address Line 1' is present on page  using regular expression

2023-09-21 17:29:59 - [TEST_STEP][PASSED] - verifyTextPresent("Address Line 2", true): Text 'Address Line 2' is present on page  using regular expression

2023-09-21 17:29:59 - [MESSAGE][PASSED] - Text 'Address Line 2' is present on page  using regular expression

2023-09-21 17:29:59 - [TEST_STEP][PASSED] - verifyTextPresent("Country", true): Text 'Country' is present on page  using regular expression

2023-09-21 17:30:00 - [MESSAGE][PASSED] - Text 'Country' is present on page  using regular expression

2023-09-21 17:30:00 - [TEST_STEP][PASSED] - verifyTextPresent("City", true): Text 'City' is present on page  using regular expression

2023-09-21 17:30:00 - [MESSAGE][PASSED] - Text 'City' is present on page  using regular expression

2023-09-21 17:30:00 - [TEST_STEP][PASSED] - verifyTextPresent("State", true): Text 'State' is present on page  using regular expression

2023-09-21 17:30:00 - [MESSAGE][PASSED] - Text 'State' is present on page  using regular expression

2023-09-21 17:30:00 - [TEST_STEP][PASSED] - verifyTextPresent("ZIP Code", true): Text 'ZIP Code' is present on page  using regular expression

2023-09-21 17:30:01 - [MESSAGE][PASSED] - Text 'ZIP Code' is present on page  using regular expression

2023-09-21 17:30:01 - [TEST_STEP][PASSED] - verifyTextPresent("248 PhoolKaante road", true): Text '248 PhoolKaante road' is present on page  using regular expression

2023-09-21 17:30:01 - [MESSAGE][PASSED] - Text '248 PhoolKaante road' is present on page  using regular expression

2023-09-21 17:30:01 - [TEST_STEP][PASSED] - verifyTextPresent("Suite 678", true): Text 'Suite 678' is present on page  using regular expression

2023-09-21 17:30:01 - [MESSAGE][PASSED] - Text 'Suite 678' is present on page  using regular expression

2023-09-21 17:30:01 - [TEST_STEP][PASSED] - verifyTextPresent("United States", true): Text 'United States' is present on page  using regular expression

2023-09-21 17:30:01 - [MESSAGE][PASSED] - Text 'United States' is present on page  using regular expression

2023-09-21 17:30:01 - [TEST_STEP][PASSED] - verifyTextPresent("ARLINGTON", true): Text 'ARLINGTON' is present on page  using regular expression

2023-09-21 17:30:02 - [MESSAGE][PASSED] - Text 'ARLINGTON' is present on page  using regular expression

2023-09-21 17:30:02 - [TEST_STEP][PASSED] - verifyTextPresent("VA", true): Text 'VA' is present on page  using regular expression

2023-09-21 17:30:02 - [MESSAGE][PASSED] - Text 'VA' is present on page  using regular expression

2023-09-21 17:30:02 - [TEST_STEP][PASSED] - verifyTextPresent("22201", true): Text '22201' is present on page  using regular expression

2023-09-21 17:30:02 - [MESSAGE][PASSED] - Text '22201' is present on page  using regular expression

2023-09-21 17:30:02 - [TEST_STEP][PASSED] - cardTypeV = findTestData(dataFile).getValue("CardType", row): null

2023-09-21 17:30:02 - [TEST_STEP][PASSED] - last4V = findTestData(dataFile).getValue("Last4", row): null

2023-09-21 17:30:02 - [TEST_STEP][PASSED] - verifyTextPresent(cardTypeV, true): Text 'MasterCard' is present on page  using regular expression

2023-09-21 17:30:03 - [MESSAGE][PASSED] - Text 'MasterCard' is present on page  using regular expression

2023-09-21 17:30:03 - [TEST_STEP][PASSED] - verifyTextPresent(last4V, true): Text '0035' is present on page  using regular expression

2023-09-21 17:30:03 - [MESSAGE][PASSED] - Text '0035' is present on page  using regular expression

2023-09-21 17:30:03 - [TEST_STEP][PASSED] - switch (appName): null

2023-09-21 17:30:03 - [TEST_STEP][PASSED] - case "a_Access AutoDualCFtpQA":: null

2023-09-21 17:30:03 - [TEST_STEP][PASSED] - verifyTextPresent("5.00", true): Text '5.00' is present on page  using regular expression

2023-09-21 17:30:03 - [MESSAGE][PASSED] - Text '5.00' is present on page  using regular expression

2023-09-21 17:30:03 - [TEST_STEP][PASSED] - verifyTextPresent("Dual Transaction", true): Text 'Dual Transaction' is present on page  using regular expression

2023-09-21 17:30:04 - [MESSAGE][PASSED] - Text 'Dual Transaction' is present on page  using regular expression

2023-09-21 17:30:04 - [TEST_STEP][PASSED] - verifyTextPresent("7.50", true): Text '7.50' is present on page  using regular expression

2023-09-21 17:30:04 - [MESSAGE][PASSED] - Text '7.50' is present on page  using regular expression

2023-09-21 17:30:04 - [TEST_STEP][PASSED] - verifyTextPresent("Total Amount", true): Text 'Total Amount' is present on page  using regular expression

2023-09-21 17:30:04 - [MESSAGE][PASSED] - Text 'Total Amount' is present on page  using regular expression

2023-09-21 17:30:04 - [TEST_STEP][PASSED] - verifyTextPresent("Transaction Type", true): Text 'Transaction Type' is present on page  using regular expression

2023-09-21 17:30:05 - [MESSAGE][PASSED] - Text 'Transaction Type' is present on page  using regular expression

2023-09-21 17:30:05 - [TEST_STEP][PASSED] - break: null

2023-09-21 17:30:05 - [TEST_STEP][PASSED] - closeBrowser(): Browser is closed

2023-09-21 17:30:05 - [MESSAGE][PASSED] - Browser is closed

2023-09-21 17:30:05 - [TEST_STEP][PASSED] - ExecuteTC = findTestData(dataFile).getValue("Execute", row): null

2023-09-21 17:30:05 - [TEST_STEP][PASSED] - out.println("Value of Execute is : " + ExecuteTC): null

2023-09-21 17:30:05 - [TEST_STEP][PASSED] - switch (executionProfile): null

2023-09-21 17:30:05 - [TEST_STEP][PASSED] - case "QA2Profile":: null

2023-09-21 17:30:05 - [TEST_STEP][PASSED] - appName = findTestData(dataFile).getValue("AppNameQA", row): null

2023-09-21 17:30:06 - [TEST_STEP][PASSED] - appID = findTestData(dataFile).getValue("AppIDQA", row): null

2023-09-21 17:30:06 - [TEST_STEP][PASSED] - break: null

2023-09-21 17:30:06 - [TEST_STEP][PASSED] - if (ExecuteTC.equalsIgnoreCase("Y")): null

2023-09-21 17:30:06 - [TEST_STEP][PASSED] - out.println("Begin Record Number: " + row): null

2023-09-21 17:30:06 - [TEST_STEP][PASSED] - today = new java.util.Date(): null

2023-09-21 17:30:06 - [TEST_STEP][PASSED] - println(today): null

2023-09-21 17:30:06 - [TEST_STEP][PASSED] - datText = today: null

2023-09-21 17:30:06 - [TEST_STEP][PASSED] - adminSuiteBootstrap.loginFunctionality.login_AdminSuite(): adminSuiteBootstrap.loginFunctionality.login_AdminSuite is PASSED

2023-09-21 17:30:06 - [MESSAGE][INFO] - Starting 'Chrome' driver

2023-09-21 17:30:06 - [MESSAGE][INFO] - User set preference: ['acceptInsecureCerts', 'true']

2023-09-21 17:30:06 - [MESSAGE][INFO] - Action delay is set to 0 milliseconds

2023-09-21 17:30:09 - [MESSAGE][PASSED] - Browser is opened with url: 'https://qa2.velocitypayment.com/admin/imtiaz'

2023-09-21 17:30:09 - [MESSAGE][PASSED] - Current window maximized

2023-09-21 17:30:09 - [MESSAGE][PASSED] - Object 'Object Repository/Login_Page/Login_Username_Okta' is present

2023-09-21 17:30:10 - [MESSAGE][PASSED] - Text 'iahmed' is set on object 'Object Repository/Login_Page/Login_Username_Okta'

2023-09-21 17:30:11 - [MESSAGE][PASSED] - Text 'Hello1111111@' is set on object 'Object Repository/Login_Page/Login_Password_Okta'

2023-09-21 17:30:11 - [MESSAGE][PASSED] - Object: 'Object Repository/Login_Page/Login_Submit_Okta' is clicked on

2023-09-21 17:30:11 - [MESSAGE][PASSED] - adminSuiteBootstrap.loginFunctionality.login_AdminSuite is PASSED

2023-09-21 17:30:11 - [TEST_STEP][PASSED] - click(findTestObject(path_Dashboard + appName)): Object: 'Object Repository/AdminSuiteBootstrap_Pages/Dashboard_Bootstrap/a_Access AutoDualCFtpQA' is clicked on

2023-09-21 17:30:18 - [MESSAGE][PASSED] - Object: 'Object Repository/AdminSuiteBootstrap_Pages/Dashboard_Bootstrap/a_Access AutoDualCFtpQA' is clicked on

2023-09-21 17:30:18 - [TEST_STEP][PASSED] - click(findTestObject(path_VT + "a_Find Profile")): Object: 'Object Repository/AdminSuiteBootstrap_Pages/VT_Bootstrap/IssueTransactions/a_Find Profile' is clicked on

2023-09-21 17:30:19 - [MESSAGE][PASSED] - Object: 'Object Repository/AdminSuiteBootstrap_Pages/VT_Bootstrap/IssueTransactions/a_Find Profile' is clicked on

2023-09-21 17:30:19 - [TEST_STEP][PASSED] - criteria = <not implemented yet for class: org.codehaus.groovy.ast.expr.EmptyExpression>: null

2023-09-21 17:30:19 - [TEST_STEP][PASSED] - searchBy = <not implemented yet for class: org.codehaus.groovy.ast.expr.EmptyExpression>: null

2023-09-21 17:30:19 - [TEST_STEP][PASSED] - criteria = findTestData(dataFile).getValue("ProfileName", row): null

2023-09-21 17:30:19 - [TEST_STEP][PASSED] - path_SearchProfile = "Object Repository/AdminSuiteBootstrap_Pages/VSP_Bootstrap/SearchProfile/": null

2023-09-21 17:30:19 - [TEST_STEP][PASSED] - setText(findTestObject(path_SearchProfile + "input_Criteria"), criteria): Text 'PaymentsAmEx' is set on object 'Object Repository/AdminSuiteBootstrap_Pages/VSP_Bootstrap/SearchProfile/input_Criteria'

2023-09-21 17:30:19 - [MESSAGE][PASSED] - Text 'PaymentsAmEx' is set on object 'Object Repository/AdminSuiteBootstrap_Pages/VSP_Bootstrap/SearchProfile/input_Criteria'

2023-09-21 17:30:19 - [TEST_STEP][PASSED] - click(findTestObject(path_SearchProfile + "button_Search")): Object: 'Object Repository/AdminSuiteBootstrap_Pages/VSP_Bootstrap/SearchProfile/button_Search' is clicked on

2023-09-21 17:30:20 - [MESSAGE][PASSED] - Object: 'Object Repository/AdminSuiteBootstrap_Pages/VSP_Bootstrap/SearchProfile/button_Search' is clicked on

2023-09-21 17:30:20 - [TEST_STEP][PASSED] - profNameLink = findTestData(dataFile).getValue("ProfileNameLink", row): null

2023-09-21 17:30:20 - [TEST_STEP][PASSED] - click(findTestObject(path_ViewProfile + profNameLink)): Object: 'Object Repository/AdminSuiteBootstrap_Pages/VSP_Bootstrap/View Profile/a_PaymentsAmEx' is clicked on

2023-09-21 17:30:22 - [MESSAGE][PASSED] - Object: 'Object Repository/AdminSuiteBootstrap_Pages/VSP_Bootstrap/View Profile/a_PaymentsAmEx' is clicked on

2023-09-21 17:30:22 - [TEST_STEP][PASSED] - click(findTestObject(path_ViewProfile + "a_AuthCap")): Object: 'Object Repository/AdminSuiteBootstrap_Pages/VSP_Bootstrap/View Profile/a_AuthCap' is clicked on

2023-09-21 17:30:23 - [MESSAGE][PASSED] - Object: 'Object Repository/AdminSuiteBootstrap_Pages/VSP_Bootstrap/View Profile/a_AuthCap' is clicked on

2023-09-21 17:30:23 - [TEST_STEP][PASSED] - verifyTextPresent("Credit Card Authorization Capture", true): Text 'Credit Card Authorization Capture' is present on page  using regular expression

2023-09-21 17:30:23 - [MESSAGE][PASSED] - Text 'Credit Card Authorization Capture' is present on page  using regular expression

2023-09-21 17:30:23 - [TEST_STEP][PASSED] - verifyTextPresent("Sale", true): Text 'Sale' is present on page  using regular expression

2023-09-21 17:30:24 - [MESSAGE][PASSED] - Text 'Sale' is present on page  using regular expression

2023-09-21 17:30:24 - [TEST_STEP][PASSED] - verifyTextPresent("Required fields are highlighted with an asterisk", true): Text 'Required fields are highlighted with an asterisk' is present on page  using regular expression

2023-09-21 17:30:24 - [MESSAGE][PASSED] - Text 'Required fields are highlighted with an asterisk' is present on page  using regular expression

2023-09-21 17:30:24 - [TEST_STEP][PASSED] - verifyTextPresent("Remittance ID", true): Text 'Remittance ID' is present on page  using regular expression

2023-09-21 17:30:24 - [MESSAGE][PASSED] - Text 'Remittance ID' is present on page  using regular expression

2023-09-21 17:30:24 - [TEST_STEP][PASSED] - vspBootstrap.SalePage.setDataSaleAndAuth(row, dataFile): vspBootstrap.SalePage.setDataSaleAndAuth is PASSED

2023-09-21 17:30:26 - [MESSAGE][PASSED] - All options with value 'RETL' are selected in object 'Object Repository/AdminSuiteBootstrap_Pages/VSP_Bootstrap/VSP_Authcap/select_TransactionCategory'  using regular expression

2023-09-21 17:30:26 - [MESSAGE][PASSED] - Text '1234' is set on object 'Object Repository/AdminSuiteBootstrap_Pages/VSP_Bootstrap/VSP_Authcap/input_cvv'

2023-09-21 17:30:27 - [MESSAGE][PASSED] - Text '' is set on object 'Object Repository/AdminSuiteBootstrap_Pages/VSP_Bootstrap/VSP_Authcap/input_smsNumber'

2023-09-21 17:30:28 - [MESSAGE][PASSED] - Text '2.50' is set on object 'Object Repository/AdminSuiteBootstrap_Pages/VSP_Bootstrap/VSP_Authcap/input_amount'

2023-09-21 17:30:29 - [MESSAGE][PASSED] - Text 'Delhi' is set on object 'Object Repository/AdminSuiteBootstrap_Pages/VSP_Bootstrap/VSP_Authcap/input_userDefined1'

2023-09-21 17:30:29 - [MESSAGE][PASSED] - Text 'Chennai' is set on object 'Object Repository/AdminSuiteBootstrap_Pages/VSP_Bootstrap/VSP_Authcap/input_userDefined2'

2023-09-21 17:30:30 - [MESSAGE][PASSED] - Text 'Mumbai' is set on object 'Object Repository/AdminSuiteBootstrap_Pages/VSP_Bootstrap/VSP_Authcap/input_userDefined3'

2023-09-21 17:30:31 - [MESSAGE][PASSED] - Text 'Kanpur' is set on object 'Object Repository/AdminSuiteBootstrap_Pages/VSP_Bootstrap/VSP_Authcap/input_userDefined4'

2023-09-21 17:30:31 - [MESSAGE][PASSED] - All options with label 'Orange' are selected in object 'Object Repository/AdminSuiteBootstrap_Pages/VSP_Bootstrap/VSP_Authcap/select_UDF5'  using regular expression

2023-09-21 17:30:32 - [MESSAGE][PASSED] - All options with label 'Yellow' are selected in object 'Object Repository/AdminSuiteBootstrap_Pages/VSP_Bootstrap/VSP_Authcap/select_UDF6'  using regular expression

2023-09-21 17:30:33 - [MESSAGE][PASSED] - Text 'Kolkata' is set on object 'Object Repository/AdminSuiteBootstrap_Pages/VSP_Bootstrap/VSP_Authcap/input_userDefined7'

2023-09-21 17:30:34 - [MESSAGE][PASSED] - Text 'Pune' is set on object 'Object Repository/AdminSuiteBootstrap_Pages/VSP_Bootstrap/VSP_Authcap/input_userDefined8'

2023-09-21 17:30:34 - [MESSAGE][PASSED] - Text 'Bhavnagar' is set on object 'Object Repository/AdminSuiteBootstrap_Pages/VSP_Bootstrap/VSP_Authcap/input_userDefined9'

2023-09-21 17:30:35 - [MESSAGE][PASSED] - Text 'Noida' is set on object 'Object Repository/AdminSuiteBootstrap_Pages/VSP_Bootstrap/VSP_Authcap/input_userDefined10'

2023-09-21 17:30:37 - [MESSAGE][PASSED] - Object: 'Object Repository/AdminSuiteBootstrap_Pages/VSP_Bootstrap/VSP_Authcap/button_Submit' is clicked on

2023-09-21 17:30:37 - [MESSAGE][PASSED] - vspBootstrap.SalePage.setDataSaleAndAuth is PASSED

2023-09-21 17:30:37 - [TEST_STEP][PASSED] - verifyTextPresent("Transaction Successful", true): Text 'Transaction Successful' is present on page  using regular expression

2023-09-21 17:30:37 - [MESSAGE][PASSED] - Text 'Transaction Successful' is present on page  using regular expression

2023-09-21 17:30:37 - [TEST_STEP][PASSED] - verifyElementVisible(findTestObject("Object Repository/AdminSuiteBootstrap_Pages/VT_Bootstrap/Receipt/button_Continue")): Object 'Object Repository/AdminSuiteBootstrap_Pages/VT_Bootstrap/Receipt/button_Continue' is visible

2023-09-21 17:30:37 - [MESSAGE][PASSED] - Object 'Object Repository/AdminSuiteBootstrap_Pages/VT_Bootstrap/Receipt/button_Continue' is visible

2023-09-21 17:30:37 - [TEST_STEP][PASSED] - verifyElementPresent(findTestObject("Object Repository/AdminSuiteBootstrap_Pages/VT_Bootstrap/Receipt/button_Continue"), 20): Object 'Object Repository/AdminSuiteBootstrap_Pages/VT_Bootstrap/Receipt/button_Continue' is present

2023-09-21 17:30:38 - [MESSAGE][PASSED] - Object 'Object Repository/AdminSuiteBootstrap_Pages/VT_Bootstrap/Receipt/button_Continue' is present

2023-09-21 17:30:38 - [TEST_STEP][PASSED] - verifyElementVisible(findTestObject("Object Repository/AdminSuiteBootstrap_Pages/VT_Bootstrap/Receipt/button_Print")): Object 'Object Repository/AdminSuiteBootstrap_Pages/VT_Bootstrap/Receipt/button_Print' is visible

2023-09-21 17:30:38 - [MESSAGE][PASSED] - Object 'Object Repository/AdminSuiteBootstrap_Pages/VT_Bootstrap/Receipt/button_Print' is visible

2023-09-21 17:30:38 - [TEST_STEP][PASSED] - verifyElementPresent(findTestObject("Object Repository/AdminSuiteBootstrap_Pages/VT_Bootstrap/Receipt/button_Print"), 20): Object 'Object Repository/AdminSuiteBootstrap_Pages/VT_Bootstrap/Receipt/button_Print' is present

2023-09-21 17:30:38 - [MESSAGE][PASSED] - Object 'Object Repository/AdminSuiteBootstrap_Pages/VT_Bootstrap/Receipt/button_Print' is present

2023-09-21 17:30:38 - [TEST_STEP][PASSED] - verifyTextPresent("Remittance ID", true): Text 'Remittance ID' is present on page  using regular expression

2023-09-21 17:30:39 - [MESSAGE][PASSED] - Text 'Remittance ID' is present on page  using regular expression

2023-09-21 17:30:39 - [TEST_STEP][PASSED] - verifyTextPresent("Received", true): Text 'Received' is present on page  using regular expression

2023-09-21 17:30:39 - [MESSAGE][PASSED] - Text 'Received' is present on page  using regular expression

2023-09-21 17:30:39 - [TEST_STEP][PASSED] - verifyTextPresent("UDF1", true): Text 'UDF1' is present on page  using regular expression

2023-09-21 17:30:39 - [MESSAGE][PASSED] - Text 'UDF1' is present on page  using regular expression

2023-09-21 17:30:39 - [TEST_STEP][PASSED] - verifyTextPresent("UDF2", true): Text 'UDF2' is present on page  using regular expression

2023-09-21 17:30:40 - [MESSAGE][PASSED] - Text 'UDF2' is present on page  using regular expression

2023-09-21 17:30:40 - [TEST_STEP][PASSED] - verifyTextPresent("UDF3", true): Text 'UDF3' is present on page  using regular expression

2023-09-21 17:30:40 - [MESSAGE][PASSED] - Text 'UDF3' is present on page  using regular expression

2023-09-21 17:30:40 - [TEST_STEP][PASSED] - verifyTextPresent("UDF4", true): Text 'UDF4' is present on page  using regular expression

2023-09-21 17:30:40 - [MESSAGE][PASSED] - Text 'UDF4' is present on page  using regular expression

2023-09-21 17:30:40 - [TEST_STEP][PASSED] - verifyTextPresent("UDF5", true): Text 'UDF5' is present on page  using regular expression

2023-09-21 17:30:40 - [MESSAGE][PASSED] - Text 'UDF5' is present on page  using regular expression

2023-09-21 17:30:40 - [TEST_STEP][PASSED] - verifyTextPresent("UDF6", true): Text 'UDF6' is present on page  using regular expression

2023-09-21 17:30:41 - [MESSAGE][PASSED] - Text 'UDF6' is present on page  using regular expression

2023-09-21 17:30:41 - [TEST_STEP][PASSED] - verifyTextPresent("UDF7", true): Text 'UDF7' is present on page  using regular expression

2023-09-21 17:30:41 - [MESSAGE][PASSED] - Text 'UDF7' is present on page  using regular expression

2023-09-21 17:30:41 - [TEST_STEP][PASSED] - verifyTextPresent("UDF8", true): Text 'UDF8' is present on page  using regular expression

2023-09-21 17:30:41 - [MESSAGE][PASSED] - Text 'UDF8' is present on page  using regular expression

2023-09-21 17:30:41 - [TEST_STEP][PASSED] - verifyTextPresent("UDF9", true): Text 'UDF9' is present on page  using regular expression

2023-09-21 17:30:42 - [MESSAGE][PASSED] - Text 'UDF9' is present on page  using regular expression

2023-09-21 17:30:42 - [TEST_STEP][PASSED] - verifyTextPresent("UDF 10", true): Text 'UDF 10' is present on page  using regular expression

2023-09-21 17:30:42 - [MESSAGE][PASSED] - Text 'UDF 10' is present on page  using regular expression

2023-09-21 17:30:42 - [TEST_STEP][PASSED] - verifyTextPresent("Delhi", true): Text 'Delhi' is present on page  using regular expression

2023-09-21 17:30:42 - [MESSAGE][PASSED] - Text 'Delhi' is present on page  using regular expression

2023-09-21 17:30:42 - [TEST_STEP][PASSED] - verifyTextPresent("Chennai", true): Text 'Chennai' is present on page  using regular expression

2023-09-21 17:30:43 - [MESSAGE][PASSED] - Text 'Chennai' is present on page  using regular expression

2023-09-21 17:30:43 - [TEST_STEP][PASSED] - verifyTextPresent("Mumbai", true): Text 'Mumbai' is present on page  using regular expression

2023-09-21 17:30:43 - [MESSAGE][PASSED] - Text 'Mumbai' is present on page  using regular expression

2023-09-21 17:30:43 - [TEST_STEP][PASSED] - verifyTextPresent("Kanpur", true): Text 'Kanpur' is present on page  using regular expression

2023-09-21 17:30:43 - [MESSAGE][PASSED] - Text 'Kanpur' is present on page  using regular expression

2023-09-21 17:30:43 - [TEST_STEP][PASSED] - verifyTextPresent("Orange Recorded", true): Text 'Orange Recorded' is present on page  using regular expression

2023-09-21 17:30:43 - [MESSAGE][PASSED] - Text 'Orange Recorded' is present on page  using regular expression

2023-09-21 17:30:43 - [TEST_STEP][PASSED] - verifyTextPresent("Yellow Recorded", true): Text 'Yellow Recorded' is present on page  using regular expression

2023-09-21 17:30:44 - [MESSAGE][PASSED] - Text 'Yellow Recorded' is present on page  using regular expression

2023-09-21 17:30:44 - [TEST_STEP][PASSED] - verifyTextPresent("Kolkata", true): Text 'Kolkata' is present on page  using regular expression

2023-09-21 17:30:44 - [MESSAGE][PASSED] - Text 'Kolkata' is present on page  using regular expression

2023-09-21 17:30:44 - [TEST_STEP][PASSED] - verifyTextPresent("Pune", true): Text 'Pune' is present on page  using regular expression

2023-09-21 17:30:44 - [MESSAGE][PASSED] - Text 'Pune' is present on page  using regular expression

2023-09-21 17:30:44 - [TEST_STEP][PASSED] - verifyTextPresent("Bhavnagar", true): Text 'Bhavnagar' is present on page  using regular expression

2023-09-21 17:30:45 - [MESSAGE][PASSED] - Text 'Bhavnagar' is present on page  using regular expression

2023-09-21 17:30:45 - [TEST_STEP][PASSED] - verifyTextPresent("Noida", true): Text 'Noida' is present on page  using regular expression

2023-09-21 17:30:45 - [MESSAGE][PASSED] - Text 'Noida' is present on page  using regular expression

2023-09-21 17:30:45 - [TEST_STEP][PASSED] - verifyTextPresent("Amount", true): Text 'Amount' is present on page  using regular expression

2023-09-21 17:30:45 - [MESSAGE][PASSED] - Text 'Amount' is present on page  using regular expression

2023-09-21 17:30:45 - [TEST_STEP][PASSED] - verifyTextPresent("2.50", true): Text '2.50' is present on page  using regular expression

2023-09-21 17:30:46 - [MESSAGE][PASSED] - Text '2.50' is present on page  using regular expression

2023-09-21 17:30:46 - [TEST_STEP][PASSED] - verifyTextPresent("Authorization and Capture", true): Text 'Authorization and Capture' is present on page  using regular expression

2023-09-21 17:30:46 - [MESSAGE][PASSED] - Text 'Authorization and Capture' is present on page  using regular expression

2023-09-21 17:30:46 - [TEST_STEP][PASSED] - verifyTextPresent("Card Information", true): Text 'Card Information' is present on page  using regular expression

2023-09-21 17:30:46 - [MESSAGE][PASSED] - Text 'Card Information' is present on page  using regular expression

2023-09-21 17:30:46 - [TEST_STEP][PASSED] - verifyTextPresent("TANDON RAVENA", true): Text 'TANDON RAVENA' is present on page  using regular expression

2023-09-21 17:30:46 - [MESSAGE][PASSED] - Text 'TANDON RAVENA' is present on page  using regular expression

2023-09-21 17:30:46 - [TEST_STEP][PASSED] - verifyTextPresent("Address Line 1", true): Text 'Address Line 1' is present on page  using regular expression

2023-09-21 17:30:47 - [MESSAGE][PASSED] - Text 'Address Line 1' is present on page  using regular expression

2023-09-21 17:30:47 - [TEST_STEP][PASSED] - verifyTextPresent("Address Line 2", true): Text 'Address Line 2' is present on page  using regular expression

2023-09-21 17:30:47 - [MESSAGE][PASSED] - Text 'Address Line 2' is present on page  using regular expression

2023-09-21 17:30:47 - [TEST_STEP][PASSED] - verifyTextPresent("Country", true): Text 'Country' is present on page  using regular expression

2023-09-21 17:30:47 - [MESSAGE][PASSED] - Text 'Country' is present on page  using regular expression

2023-09-21 17:30:47 - [TEST_STEP][PASSED] - verifyTextPresent("City", true): Text 'City' is present on page  using regular expression

2023-09-21 17:30:48 - [MESSAGE][PASSED] - Text 'City' is present on page  using regular expression

2023-09-21 17:30:48 - [TEST_STEP][PASSED] - verifyTextPresent("State", true): Text 'State' is present on page  using regular expression

2023-09-21 17:30:48 - [MESSAGE][PASSED] - Text 'State' is present on page  using regular expression

2023-09-21 17:30:48 - [TEST_STEP][PASSED] - verifyTextPresent("ZIP Code", true): Text 'ZIP Code' is present on page  using regular expression

2023-09-21 17:30:48 - [MESSAGE][PASSED] - Text 'ZIP Code' is present on page  using regular expression

2023-09-21 17:30:48 - [TEST_STEP][PASSED] - verifyTextPresent("248 PhoolKaante road", true): Text '248 PhoolKaante road' is present on page  using regular expression

2023-09-21 17:30:48 - [MESSAGE][PASSED] - Text '248 PhoolKaante road' is present on page  using regular expression

2023-09-21 17:30:48 - [TEST_STEP][PASSED] - verifyTextPresent("Suite 678", true): Text 'Suite 678' is present on page  using regular expression

2023-09-21 17:30:49 - [MESSAGE][PASSED] - Text 'Suite 678' is present on page  using regular expression

2023-09-21 17:30:49 - [TEST_STEP][PASSED] - verifyTextPresent("United States", true): Text 'United States' is present on page  using regular expression

2023-09-21 17:30:49 - [MESSAGE][PASSED] - Text 'United States' is present on page  using regular expression

2023-09-21 17:30:49 - [TEST_STEP][PASSED] - verifyTextPresent("ARLINGTON", true): Text 'ARLINGTON' is present on page  using regular expression

2023-09-21 17:30:49 - [MESSAGE][PASSED] - Text 'ARLINGTON' is present on page  using regular expression

2023-09-21 17:30:49 - [TEST_STEP][PASSED] - verifyTextPresent("VA", true): Text 'VA' is present on page  using regular expression

2023-09-21 17:30:50 - [MESSAGE][PASSED] - Text 'VA' is present on page  using regular expression

2023-09-21 17:30:50 - [TEST_STEP][PASSED] - verifyTextPresent("22201", true): Text '22201' is present on page  using regular expression

2023-09-21 17:30:50 - [MESSAGE][PASSED] - Text '22201' is present on page  using regular expression

2023-09-21 17:30:50 - [TEST_STEP][PASSED] - cardTypeV = findTestData(dataFile).getValue("CardType", row): null

2023-09-21 17:30:50 - [TEST_STEP][PASSED] - last4V = findTestData(dataFile).getValue("Last4", row): null

2023-09-21 17:30:50 - [TEST_STEP][PASSED] - verifyTextPresent(cardTypeV, true): Text 'American Express' is present on page  using regular expression

2023-09-21 17:30:50 - [MESSAGE][PASSED] - Text 'American Express' is present on page  using regular expression

2023-09-21 17:30:50 - [TEST_STEP][PASSED] - verifyTextPresent(last4V, true): Text '2376' is present on page  using regular expression

2023-09-21 17:30:51 - [MESSAGE][PASSED] - Text '2376' is present on page  using regular expression

2023-09-21 17:30:51 - [TEST_STEP][PASSED] - switch (appName): null

2023-09-21 17:30:51 - [TEST_STEP][PASSED] - case "a_Access AutoDualCFtpQA":: null

2023-09-21 17:30:51 - [TEST_STEP][PASSED] - verifyTextPresent("5.00", true): Text '5.00' is present on page  using regular expression

2023-09-21 17:30:51 - [MESSAGE][PASSED] - Text '5.00' is present on page  using regular expression

2023-09-21 17:30:51 - [TEST_STEP][PASSED] - verifyTextPresent("Dual Transaction", true): Text 'Dual Transaction' is present on page  using regular expression

2023-09-21 17:30:51 - [MESSAGE][PASSED] - Text 'Dual Transaction' is present on page  using regular expression

2023-09-21 17:30:51 - [TEST_STEP][PASSED] - verifyTextPresent("7.50", true): Text '7.50' is present on page  using regular expression

2023-09-21 17:30:52 - [MESSAGE][PASSED] - Text '7.50' is present on page  using regular expression

2023-09-21 17:30:52 - [TEST_STEP][PASSED] - verifyTextPresent("Total Amount", true): Text 'Total Amount' is present on page  using regular expression

2023-09-21 17:30:52 - [MESSAGE][PASSED] - Text 'Total Amount' is present on page  using regular expression

2023-09-21 17:30:52 - [TEST_STEP][PASSED] - verifyTextPresent("Transaction Type", true): Text 'Transaction Type' is present on page  using regular expression

2023-09-21 17:30:52 - [MESSAGE][PASSED] - Text 'Transaction Type' is present on page  using regular expression

2023-09-21 17:30:52 - [TEST_STEP][PASSED] - break: null

2023-09-21 17:30:52 - [TEST_STEP][PASSED] - closeBrowser(): Browser is closed

2023-09-21 17:30:53 - [MESSAGE][PASSED] - Browser is closed

2023-09-21 17:30:53 - [TEST_STEP][PASSED] - ExecuteTC = findTestData(dataFile).getValue("Execute", row): null

2023-09-21 17:30:53 - [TEST_STEP][PASSED] - out.println("Value of Execute is : " + ExecuteTC): null

2023-09-21 17:30:53 - [TEST_STEP][PASSED] - switch (executionProfile): null

2023-09-21 17:30:53 - [TEST_STEP][PASSED] - case "QA2Profile":: null

2023-09-21 17:30:53 - [TEST_STEP][PASSED] - appName = findTestData(dataFile).getValue("AppNameQA", row): null

2023-09-21 17:30:53 - [TEST_STEP][PASSED] - appID = findTestData(dataFile).getValue("AppIDQA", row): null

2023-09-21 17:30:53 - [TEST_STEP][PASSED] - break: null

2023-09-21 17:30:53 - [TEST_STEP][PASSED] - if (ExecuteTC.equalsIgnoreCase("Y")): null

2023-09-21 17:30:53 - [TEST_STEP][PASSED] - out.println("Begin Record Number: " + row): null

2023-09-21 17:30:53 - [TEST_STEP][PASSED] - today = new java.util.Date(): null

2023-09-21 17:30:53 - [TEST_STEP][PASSED] - println(today): null

2023-09-21 17:30:53 - [TEST_STEP][PASSED] - datText = today: null

2023-09-21 17:30:53 - [TEST_STEP][PASSED] - adminSuiteBootstrap.loginFunctionality.login_AdminSuite(): adminSuiteBootstrap.loginFunctionality.login_AdminSuite is PASSED

2023-09-21 17:30:53 - [MESSAGE][INFO] - Starting 'Chrome' driver

2023-09-21 17:30:53 - [MESSAGE][INFO] - User set preference: ['acceptInsecureCerts', 'true']

2023-09-21 17:30:53 - [MESSAGE][INFO] - Action delay is set to 0 milliseconds

2023-09-21 17:30:56 - [MESSAGE][PASSED] - Browser is opened with url: 'https://qa2.velocitypayment.com/admin/imtiaz'

2023-09-21 17:30:56 - [MESSAGE][PASSED] - Current window maximized

2023-09-21 17:30:56 - [MESSAGE][PASSED] - Object 'Object Repository/Login_Page/Login_Username_Okta' is present

2023-09-21 17:30:57 - [MESSAGE][PASSED] - Text 'iahmed' is set on object 'Object Repository/Login_Page/Login_Username_Okta'

2023-09-21 17:30:58 - [MESSAGE][PASSED] - Text 'Hello1111111@' is set on object 'Object Repository/Login_Page/Login_Password_Okta'

2023-09-21 17:30:58 - [MESSAGE][PASSED] - Object: 'Object Repository/Login_Page/Login_Submit_Okta' is clicked on

2023-09-21 17:30:58 - [MESSAGE][PASSED] - adminSuiteBootstrap.loginFunctionality.login_AdminSuite is PASSED

2023-09-21 17:30:58 - [TEST_STEP][PASSED] - click(findTestObject(path_Dashboard + appName)): Object: 'Object Repository/AdminSuiteBootstrap_Pages/Dashboard_Bootstrap/a_Access AutoDualCFtpQA' is clicked on

2023-09-21 17:31:05 - [MESSAGE][PASSED] - Object: 'Object Repository/AdminSuiteBootstrap_Pages/Dashboard_Bootstrap/a_Access AutoDualCFtpQA' is clicked on

2023-09-21 17:31:05 - [TEST_STEP][PASSED] - click(findTestObject(path_VT + "a_Find Profile")): Object: 'Object Repository/AdminSuiteBootstrap_Pages/VT_Bootstrap/IssueTransactions/a_Find Profile' is clicked on

2023-09-21 17:31:06 - [MESSAGE][PASSED] - Object: 'Object Repository/AdminSuiteBootstrap_Pages/VT_Bootstrap/IssueTransactions/a_Find Profile' is clicked on

2023-09-21 17:31:06 - [TEST_STEP][PASSED] - criteria = <not implemented yet for class: org.codehaus.groovy.ast.expr.EmptyExpression>: null

2023-09-21 17:31:06 - [TEST_STEP][PASSED] - searchBy = <not implemented yet for class: org.codehaus.groovy.ast.expr.EmptyExpression>: null

2023-09-21 17:31:06 - [TEST_STEP][PASSED] - criteria = findTestData(dataFile).getValue("ProfileName", row): null

2023-09-21 17:31:06 - [TEST_STEP][PASSED] - path_SearchProfile = "Object Repository/AdminSuiteBootstrap_Pages/VSP_Bootstrap/SearchProfile/": null

2023-09-21 17:31:06 - [TEST_STEP][PASSED] - setText(findTestObject(path_SearchProfile + "input_Criteria"), criteria): Text 'PaymentsDI' is set on object 'Object Repository/AdminSuiteBootstrap_Pages/VSP_Bootstrap/SearchProfile/input_Criteria'

2023-09-21 17:31:06 - [MESSAGE][PASSED] - Text 'PaymentsDI' is set on object 'Object Repository/AdminSuiteBootstrap_Pages/VSP_Bootstrap/SearchProfile/input_Criteria'

2023-09-21 17:31:06 - [TEST_STEP][PASSED] - click(findTestObject(path_SearchProfile + "button_Search")): Object: 'Object Repository/AdminSuiteBootstrap_Pages/VSP_Bootstrap/SearchProfile/button_Search' is clicked on

2023-09-21 17:31:07 - [MESSAGE][PASSED] - Object: 'Object Repository/AdminSuiteBootstrap_Pages/VSP_Bootstrap/SearchProfile/button_Search' is clicked on

2023-09-21 17:31:07 - [TEST_STEP][PASSED] - profNameLink = findTestData(dataFile).getValue("ProfileNameLink", row): null

2023-09-21 17:31:07 - [TEST_STEP][PASSED] - click(findTestObject(path_ViewProfile + profNameLink)): Object: 'Object Repository/AdminSuiteBootstrap_Pages/VSP_Bootstrap/View Profile/a_PaymentsDI' is clicked on

2023-09-21 17:31:09 - [MESSAGE][PASSED] - Object: 'Object Repository/AdminSuiteBootstrap_Pages/VSP_Bootstrap/View Profile/a_PaymentsDI' is clicked on

2023-09-21 17:31:09 - [TEST_STEP][PASSED] - click(findTestObject(path_ViewProfile + "a_AuthCap")): Object: 'Object Repository/AdminSuiteBootstrap_Pages/VSP_Bootstrap/View Profile/a_AuthCap' is clicked on

2023-09-21 17:31:10 - [MESSAGE][PASSED] - Object: 'Object Repository/AdminSuiteBootstrap_Pages/VSP_Bootstrap/View Profile/a_AuthCap' is clicked on

2023-09-21 17:31:10 - [TEST_STEP][PASSED] - verifyTextPresent("Credit Card Authorization Capture", true): Text 'Credit Card Authorization Capture' is present on page  using regular expression

2023-09-21 17:31:10 - [MESSAGE][PASSED] - Text 'Credit Card Authorization Capture' is present on page  using regular expression

2023-09-21 17:31:10 - [TEST_STEP][PASSED] - verifyTextPresent("Sale", true): Text 'Sale' is present on page  using regular expression

2023-09-21 17:31:11 - [MESSAGE][PASSED] - Text 'Sale' is present on page  using regular expression

2023-09-21 17:31:11 - [TEST_STEP][PASSED] - verifyTextPresent("Required fields are highlighted with an asterisk", true): Text 'Required fields are highlighted with an asterisk' is present on page  using regular expression

2023-09-21 17:31:11 - [MESSAGE][PASSED] - Text 'Required fields are highlighted with an asterisk' is present on page  using regular expression

2023-09-21 17:31:11 - [TEST_STEP][PASSED] - verifyTextPresent("Remittance ID", true): Text 'Remittance ID' is present on page  using regular expression

2023-09-21 17:31:11 - [MESSAGE][PASSED] - Text 'Remittance ID' is present on page  using regular expression

2023-09-21 17:31:11 - [TEST_STEP][PASSED] - vspBootstrap.SalePage.setDataSaleAndAuth(row, dataFile): vspBootstrap.SalePage.setDataSaleAndAuth is PASSED

2023-09-21 17:31:13 - [MESSAGE][PASSED] - All options with value 'RETL' are selected in object 'Object Repository/AdminSuiteBootstrap_Pages/VSP_Bootstrap/VSP_Authcap/select_TransactionCategory'  using regular expression

2023-09-21 17:31:13 - [MESSAGE][PASSED] - Text '123' is set on object 'Object Repository/AdminSuiteBootstrap_Pages/VSP_Bootstrap/VSP_Authcap/input_cvv'

2023-09-21 17:31:14 - [MESSAGE][PASSED] - Text '' is set on object 'Object Repository/AdminSuiteBootstrap_Pages/VSP_Bootstrap/VSP_Authcap/input_smsNumber'

2023-09-21 17:31:15 - [MESSAGE][PASSED] - Text '2.50' is set on object 'Object Repository/AdminSuiteBootstrap_Pages/VSP_Bootstrap/VSP_Authcap/input_amount'

2023-09-21 17:31:16 - [MESSAGE][PASSED] - Text 'Delhi' is set on object 'Object Repository/AdminSuiteBootstrap_Pages/VSP_Bootstrap/VSP_Authcap/input_userDefined1'

2023-09-21 17:31:16 - [MESSAGE][PASSED] - Text 'Chennai' is set on object 'Object Repository/AdminSuiteBootstrap_Pages/VSP_Bootstrap/VSP_Authcap/input_userDefined2'

2023-09-21 17:31:17 - [MESSAGE][PASSED] - Text 'Mumbai' is set on object 'Object Repository/AdminSuiteBootstrap_Pages/VSP_Bootstrap/VSP_Authcap/input_userDefined3'

2023-09-21 17:31:18 - [MESSAGE][PASSED] - Text 'Kanpur' is set on object 'Object Repository/AdminSuiteBootstrap_Pages/VSP_Bootstrap/VSP_Authcap/input_userDefined4'

2023-09-21 17:31:18 - [MESSAGE][PASSED] - All options with label 'Orange' are selected in object 'Object Repository/AdminSuiteBootstrap_Pages/VSP_Bootstrap/VSP_Authcap/select_UDF5'  using regular expression

2023-09-21 17:31:19 - [MESSAGE][PASSED] - All options with label 'Yellow' are selected in object 'Object Repository/AdminSuiteBootstrap_Pages/VSP_Bootstrap/VSP_Authcap/select_UDF6'  using regular expression

2023-09-21 17:31:20 - [MESSAGE][PASSED] - Text 'Kolkata' is set on object 'Object Repository/AdminSuiteBootstrap_Pages/VSP_Bootstrap/VSP_Authcap/input_userDefined7'

2023-09-21 17:31:21 - [MESSAGE][PASSED] - Text 'Pune' is set on object 'Object Repository/AdminSuiteBootstrap_Pages/VSP_Bootstrap/VSP_Authcap/input_userDefined8'

2023-09-21 17:31:21 - [MESSAGE][PASSED] - Text 'Bhavnagar' is set on object 'Object Repository/AdminSuiteBootstrap_Pages/VSP_Bootstrap/VSP_Authcap/input_userDefined9'

2023-09-21 17:31:22 - [MESSAGE][PASSED] - Text 'Noida' is set on object 'Object Repository/AdminSuiteBootstrap_Pages/VSP_Bootstrap/VSP_Authcap/input_userDefined10'

2023-09-21 17:31:24 - [MESSAGE][PASSED] - Object: 'Object Repository/AdminSuiteBootstrap_Pages/VSP_Bootstrap/VSP_Authcap/button_Submit' is clicked on

2023-09-21 17:31:24 - [MESSAGE][PASSED] - vspBootstrap.SalePage.setDataSaleAndAuth is PASSED

2023-09-21 17:31:24 - [TEST_STEP][PASSED] - verifyTextPresent("Transaction Successful", true): Text 'Transaction Successful' is present on page  using regular expression

2023-09-21 17:31:24 - [MESSAGE][PASSED] - Text 'Transaction Successful' is present on page  using regular expression

2023-09-21 17:31:24 - [TEST_STEP][PASSED] - verifyElementVisible(findTestObject("Object Repository/AdminSuiteBootstrap_Pages/VT_Bootstrap/Receipt/button_Continue")): Object 'Object Repository/AdminSuiteBootstrap_Pages/VT_Bootstrap/Receipt/button_Continue' is visible

2023-09-21 17:31:24 - [MESSAGE][PASSED] - Object 'Object Repository/AdminSuiteBootstrap_Pages/VT_Bootstrap/Receipt/button_Continue' is visible

2023-09-21 17:31:24 - [TEST_STEP][PASSED] - verifyElementPresent(findTestObject("Object Repository/AdminSuiteBootstrap_Pages/VT_Bootstrap/Receipt/button_Continue"), 20): Object 'Object Repository/AdminSuiteBootstrap_Pages/VT_Bootstrap/Receipt/button_Continue' is present

2023-09-21 17:31:25 - [MESSAGE][PASSED] - Object 'Object Repository/AdminSuiteBootstrap_Pages/VT_Bootstrap/Receipt/button_Continue' is present

2023-09-21 17:31:25 - [TEST_STEP][PASSED] - verifyElementVisible(findTestObject("Object Repository/AdminSuiteBootstrap_Pages/VT_Bootstrap/Receipt/button_Print")): Object 'Object Repository/AdminSuiteBootstrap_Pages/VT_Bootstrap/Receipt/button_Print' is visible

2023-09-21 17:31:25 - [MESSAGE][PASSED] - Object 'Object Repository/AdminSuiteBootstrap_Pages/VT_Bootstrap/Receipt/button_Print' is visible

2023-09-21 17:31:25 - [TEST_STEP][PASSED] - verifyElementPresent(findTestObject("Object Repository/AdminSuiteBootstrap_Pages/VT_Bootstrap/Receipt/button_Print"), 20): Object 'Object Repository/AdminSuiteBootstrap_Pages/VT_Bootstrap/Receipt/button_Print' is present

2023-09-21 17:31:25 - [MESSAGE][PASSED] - Object 'Object Repository/AdminSuiteBootstrap_Pages/VT_Bootstrap/Receipt/button_Print' is present

2023-09-21 17:31:25 - [TEST_STEP][PASSED] - verifyTextPresent("Remittance ID", true): Text 'Remittance ID' is present on page  using regular expression

2023-09-21 17:31:26 - [MESSAGE][PASSED] - Text 'Remittance ID' is present on page  using regular expression

2023-09-21 17:31:26 - [TEST_STEP][PASSED] - verifyTextPresent("Received", true): Text 'Received' is present on page  using regular expression

2023-09-21 17:31:26 - [MESSAGE][PASSED] - Text 'Received' is present on page  using regular expression

2023-09-21 17:31:26 - [TEST_STEP][PASSED] - verifyTextPresent("UDF1", true): Text 'UDF1' is present on page  using regular expression

2023-09-21 17:31:26 - [MESSAGE][PASSED] - Text 'UDF1' is present on page  using regular expression

2023-09-21 17:31:26 - [TEST_STEP][PASSED] - verifyTextPresent("UDF2", true): Text 'UDF2' is present on page  using regular expression

2023-09-21 17:31:26 - [MESSAGE][PASSED] - Text 'UDF2' is present on page  using regular expression

2023-09-21 17:31:26 - [TEST_STEP][PASSED] - verifyTextPresent("UDF3", true): Text 'UDF3' is present on page  using regular expression

2023-09-21 17:31:27 - [MESSAGE][PASSED] - Text 'UDF3' is present on page  using regular expression

2023-09-21 17:31:27 - [TEST_STEP][PASSED] - verifyTextPresent("UDF4", true): Text 'UDF4' is present on page  using regular expression

2023-09-21 17:31:27 - [MESSAGE][PASSED] - Text 'UDF4' is present on page  using regular expression

2023-09-21 17:31:27 - [TEST_STEP][PASSED] - verifyTextPresent("UDF5", true): Text 'UDF5' is present on page  using regular expression

2023-09-21 17:31:27 - [MESSAGE][PASSED] - Text 'UDF5' is present on page  using regular expression

2023-09-21 17:31:27 - [TEST_STEP][PASSED] - verifyTextPresent("UDF6", true): Text 'UDF6' is present on page  using regular expression

2023-09-21 17:31:28 - [MESSAGE][PASSED] - Text 'UDF6' is present on page  using regular expression

2023-09-21 17:31:28 - [TEST_STEP][PASSED] - verifyTextPresent("UDF7", true): Text 'UDF7' is present on page  using regular expression

2023-09-21 17:31:28 - [MESSAGE][PASSED] - Text 'UDF7' is present on page  using regular expression

2023-09-21 17:31:28 - [TEST_STEP][PASSED] - verifyTextPresent("UDF8", true): Text 'UDF8' is present on page  using regular expression

2023-09-21 17:31:28 - [MESSAGE][PASSED] - Text 'UDF8' is present on page  using regular expression

2023-09-21 17:31:28 - [TEST_STEP][PASSED] - verifyTextPresent("UDF9", true): Text 'UDF9' is present on page  using regular expression

2023-09-21 17:31:29 - [MESSAGE][PASSED] - Text 'UDF9' is present on page  using regular expression

2023-09-21 17:31:29 - [TEST_STEP][PASSED] - verifyTextPresent("UDF 10", true): Text 'UDF 10' is present on page  using regular expression

2023-09-21 17:31:29 - [MESSAGE][PASSED] - Text 'UDF 10' is present on page  using regular expression

2023-09-21 17:31:29 - [TEST_STEP][PASSED] - verifyTextPresent("Delhi", true): Text 'Delhi' is present on page  using regular expression

2023-09-21 17:31:29 - [MESSAGE][PASSED] - Text 'Delhi' is present on page  using regular expression

2023-09-21 17:31:29 - [TEST_STEP][PASSED] - verifyTextPresent("Chennai", true): Text 'Chennai' is present on page  using regular expression

2023-09-21 17:31:29 - [MESSAGE][PASSED] - Text 'Chennai' is present on page  using regular expression

2023-09-21 17:31:29 - [TEST_STEP][PASSED] - verifyTextPresent("Mumbai", true): Text 'Mumbai' is present on page  using regular expression

2023-09-21 17:31:30 - [MESSAGE][PASSED] - Text 'Mumbai' is present on page  using regular expression

2023-09-21 17:31:30 - [TEST_STEP][PASSED] - verifyTextPresent("Kanpur", true): Text 'Kanpur' is present on page  using regular expression

2023-09-21 17:31:30 - [MESSAGE][PASSED] - Text 'Kanpur' is present on page  using regular expression

2023-09-21 17:31:30 - [TEST_STEP][PASSED] - verifyTextPresent("Orange Recorded", true): Text 'Orange Recorded' is present on page  using regular expression

2023-09-21 17:31:30 - [MESSAGE][PASSED] - Text 'Orange Recorded' is present on page  using regular expression

2023-09-21 17:31:30 - [TEST_STEP][PASSED] - verifyTextPresent("Yellow Recorded", true): Text 'Yellow Recorded' is present on page  using regular expression

2023-09-21 17:31:31 - [MESSAGE][PASSED] - Text 'Yellow Recorded' is present on page  using regular expression

2023-09-21 17:31:31 - [TEST_STEP][PASSED] - verifyTextPresent("Kolkata", true): Text 'Kolkata' is present on page  using regular expression

2023-09-21 17:31:31 - [MESSAGE][PASSED] - Text 'Kolkata' is present on page  using regular expression

2023-09-21 17:31:31 - [TEST_STEP][PASSED] - verifyTextPresent("Pune", true): Text 'Pune' is present on page  using regular expression

2023-09-21 17:31:31 - [MESSAGE][PASSED] - Text 'Pune' is present on page  using regular expression

2023-09-21 17:31:31 - [TEST_STEP][PASSED] - verifyTextPresent("Bhavnagar", true): Text 'Bhavnagar' is present on page  using regular expression

2023-09-21 17:31:32 - [MESSAGE][PASSED] - Text 'Bhavnagar' is present on page  using regular expression

2023-09-21 17:31:32 - [TEST_STEP][PASSED] - verifyTextPresent("Noida", true): Text 'Noida' is present on page  using regular expression

2023-09-21 17:31:32 - [MESSAGE][PASSED] - Text 'Noida' is present on page  using regular expression

2023-09-21 17:31:32 - [TEST_STEP][PASSED] - verifyTextPresent("Amount", true): Text 'Amount' is present on page  using regular expression

2023-09-21 17:31:32 - [MESSAGE][PASSED] - Text 'Amount' is present on page  using regular expression

2023-09-21 17:31:32 - [TEST_STEP][PASSED] - verifyTextPresent("2.50", true): Text '2.50' is present on page  using regular expression

2023-09-21 17:31:32 - [MESSAGE][PASSED] - Text '2.50' is present on page  using regular expression

2023-09-21 17:31:32 - [TEST_STEP][PASSED] - verifyTextPresent("Authorization and Capture", true): Text 'Authorization and Capture' is present on page  using regular expression

2023-09-21 17:31:33 - [MESSAGE][PASSED] - Text 'Authorization and Capture' is present on page  using regular expression

2023-09-21 17:31:33 - [TEST_STEP][PASSED] - verifyTextPresent("Card Information", true): Text 'Card Information' is present on page  using regular expression

2023-09-21 17:31:33 - [MESSAGE][PASSED] - Text 'Card Information' is present on page  using regular expression

2023-09-21 17:31:33 - [TEST_STEP][PASSED] - verifyTextPresent("TANDON RAVENA", true): Text 'TANDON RAVENA' is present on page  using regular expression

2023-09-21 17:31:33 - [MESSAGE][PASSED] - Text 'TANDON RAVENA' is present on page  using regular expression

2023-09-21 17:31:33 - [TEST_STEP][PASSED] - verifyTextPresent("Address Line 1", true): Text 'Address Line 1' is present on page  using regular expression

2023-09-21 17:31:34 - [MESSAGE][PASSED] - Text 'Address Line 1' is present on page  using regular expression

2023-09-21 17:31:34 - [TEST_STEP][PASSED] - verifyTextPresent("Address Line 2", true): Text 'Address Line 2' is present on page  using regular expression

2023-09-21 17:31:34 - [MESSAGE][PASSED] - Text 'Address Line 2' is present on page  using regular expression

2023-09-21 17:31:34 - [TEST_STEP][PASSED] - verifyTextPresent("Country", true): Text 'Country' is present on page  using regular expression

2023-09-21 17:31:34 - [MESSAGE][PASSED] - Text 'Country' is present on page  using regular expression

2023-09-21 17:31:34 - [TEST_STEP][PASSED] - verifyTextPresent("City", true): Text 'City' is present on page  using regular expression

2023-09-21 17:31:34 - [MESSAGE][PASSED] - Text 'City' is present on page  using regular expression

2023-09-21 17:31:34 - [TEST_STEP][PASSED] - verifyTextPresent("State", true): Text 'State' is present on page  using regular expression

2023-09-21 17:31:35 - [MESSAGE][PASSED] - Text 'State' is present on page  using regular expression

2023-09-21 17:31:35 - [TEST_STEP][PASSED] - verifyTextPresent("ZIP Code", true): Text 'ZIP Code' is present on page  using regular expression

2023-09-21 17:31:35 - [MESSAGE][PASSED] - Text 'ZIP Code' is present on page  using regular expression

2023-09-21 17:31:35 - [TEST_STEP][PASSED] - verifyTextPresent("248 PhoolKaante road", true): Text '248 PhoolKaante road' is present on page  using regular expression

2023-09-21 17:31:35 - [MESSAGE][PASSED] - Text '248 PhoolKaante road' is present on page  using regular expression

2023-09-21 17:31:35 - [TEST_STEP][PASSED] - verifyTextPresent("Suite 678", true): Text 'Suite 678' is present on page  using regular expression

2023-09-21 17:31:36 - [MESSAGE][PASSED] - Text 'Suite 678' is present on page  using regular expression

2023-09-21 17:31:36 - [TEST_STEP][PASSED] - verifyTextPresent("United States", true): Text 'United States' is present on page  using regular expression

2023-09-21 17:31:36 - [MESSAGE][PASSED] - Text 'United States' is present on page  using regular expression

2023-09-21 17:31:36 - [TEST_STEP][PASSED] - verifyTextPresent("ARLINGTON", true): Text 'ARLINGTON' is present on page  using regular expression

2023-09-21 17:31:36 - [MESSAGE][PASSED] - Text 'ARLINGTON' is present on page  using regular expression

2023-09-21 17:31:36 - [TEST_STEP][PASSED] - verifyTextPresent("VA", true): Text 'VA' is present on page  using regular expression

2023-09-21 17:31:37 - [MESSAGE][PASSED] - Text 'VA' is present on page  using regular expression

2023-09-21 17:31:37 - [TEST_STEP][PASSED] - verifyTextPresent("22201", true): Text '22201' is present on page  using regular expression

2023-09-21 17:31:37 - [MESSAGE][PASSED] - Text '22201' is present on page  using regular expression

2023-09-21 17:31:37 - [TEST_STEP][PASSED] - cardTypeV = findTestData(dataFile).getValue("CardType", row): null

2023-09-21 17:31:37 - [TEST_STEP][PASSED] - last4V = findTestData(dataFile).getValue("Last4", row): null

2023-09-21 17:31:37 - [TEST_STEP][PASSED] - verifyTextPresent(cardTypeV, true): Text 'Discover' is present on page  using regular expression

2023-09-21 17:31:37 - [MESSAGE][PASSED] - Text 'Discover' is present on page  using regular expression

2023-09-21 17:31:37 - [TEST_STEP][PASSED] - verifyTextPresent(last4V, true): Text '6909' is present on page  using regular expression

2023-09-21 17:31:38 - [MESSAGE][PASSED] - Text '6909' is present on page  using regular expression

2023-09-21 17:31:38 - [TEST_STEP][PASSED] - switch (appName): null

2023-09-21 17:31:38 - [TEST_STEP][PASSED] - case "a_Access AutoDualCFtpQA":: null

2023-09-21 17:31:38 - [TEST_STEP][PASSED] - verifyTextPresent("5.00", true): Text '5.00' is present on page  using regular expression

2023-09-21 17:31:38 - [MESSAGE][PASSED] - Text '5.00' is present on page  using regular expression

2023-09-21 17:31:38 - [TEST_STEP][PASSED] - verifyTextPresent("Dual Transaction", true): Text 'Dual Transaction' is present on page  using regular expression

2023-09-21 17:31:38 - [MESSAGE][PASSED] - Text 'Dual Transaction' is present on page  using regular expression

2023-09-21 17:31:38 - [TEST_STEP][PASSED] - verifyTextPresent("7.50", true): Text '7.50' is present on page  using regular expression

2023-09-21 17:31:38 - [MESSAGE][PASSED] - Text '7.50' is present on page  using regular expression

2023-09-21 17:31:38 - [TEST_STEP][PASSED] - verifyTextPresent("Total Amount", true): Text 'Total Amount' is present on page  using regular expression

2023-09-21 17:31:39 - [MESSAGE][PASSED] - Text 'Total Amount' is present on page  using regular expression

2023-09-21 17:31:39 - [TEST_STEP][PASSED] - verifyTextPresent("Transaction Type", true): Text 'Transaction Type' is present on page  using regular expression

2023-09-21 17:31:39 - [MESSAGE][PASSED] - Text 'Transaction Type' is present on page  using regular expression

2023-09-21 17:31:39 - [TEST_STEP][PASSED] - break: null

2023-09-21 17:31:39 - [TEST_STEP][PASSED] - closeBrowser(): Browser is closed

2023-09-21 17:31:40 - [MESSAGE][PASSED] - Browser is closed]]></system-out>
         <system-err><![CDATA[]]></system-err>
      </testcase>
      <testcase name="Test Cases/Admin Suite Bootstrap/VSP_Payments_TestCases/AuthOnly_TP_AllCF_Generic_Payment_TC" time="1131.492" classname="Test Cases/Admin Suite Bootstrap/VSP_Payments_TestCases/AuthOnly_TP_AllCF_Generic_Payment_TC" status="PASSED">
         <system-out><![CDATA[2023-09-21 17:31:40 - [TEST_CASE][PASSED] - Test Cases/Admin Suite Bootstrap/VSP_Payments_TestCases/AuthOnly_TP_AllCF_Generic_Payment_TC: Test Cases/Admin Suite Bootstrap/VSP_Payments_TestCases/AuthOnly_TP_AllCF_Generic_Payment_TC

2023-09-21 17:31:40 - [TEST_STEP][PASSED] - path_Dashboard = "Object Repository/AdminSuiteBootstrap_Pages/Dashboard_Bootstrap/": null

2023-09-21 17:31:40 - [TEST_STEP][PASSED] - path_VT = "Object Repository/AdminSuiteBootstrap_Pages/VT_Bootstrap/IssueTransactions/": null

2023-09-21 17:31:40 - [TEST_STEP][PASSED] - path_CreateProfile = "Object Repository/AdminSuiteBootstrap_Pages/VSP_Bootstrap/CreateProfile/": null

2023-09-21 17:31:40 - [TEST_STEP][PASSED] - path_AddAccount = "Object Repository/AdminSuiteBootstrap_Pages/VSP_Bootstrap/AddAccount/": null

2023-09-21 17:31:40 - [TEST_STEP][PASSED] - path_Add_ACH = "Object Repository/AdminSuiteBootstrap_Pages/VSP_Bootstrap/AddACH/": null

2023-09-21 17:31:40 - [TEST_STEP][PASSED] - path_Add_CC = "Object Repository/AdminSuiteBootstrap_Pages/VSP_Bootstrap/AddCreditCard/": null

2023-09-21 17:31:40 - [TEST_STEP][PASSED] - path_App_Plan = "Object Repository/AdminSuiteBootstrap_Pages/VSP_Bootstrap/AddPaymentPlan/": null

2023-09-21 17:31:40 - [TEST_STEP][PASSED] - path_DeleteProfile = "Object Repository/AdminSuiteBootstrap_Pages/VSP_Bootstrap/DeleteProfile/": null

2023-09-21 17:31:40 - [TEST_STEP][PASSED] - path_ModifyProfile = "Object Repository/AdminSuiteBootstrap_Pages/VSP_Bootstrap/ModifyProfile/": null

2023-09-21 17:31:40 - [TEST_STEP][PASSED] - path_ViewProfile = "Object Repository/AdminSuiteBootstrap_Pages/VSP_Bootstrap/View Profile/": null

2023-09-21 17:31:40 - [TEST_STEP][PASSED] - path_VSPAuth = "Object Repository/AdminSuiteBootstrap_Pages/VSP_Bootstrap/VSP_Auth/": null

2023-09-21 17:31:40 - [TEST_STEP][PASSED] - path_VSPAuthCap = "Object Repository/AdminSuiteBootstrap_Pages/VSP_Bootstrap/VSP_Authcap/": null

2023-09-21 17:31:40 - [TEST_STEP][PASSED] - path_Debit = "Object Repository/AdminSuiteBootstrap_Pages/VSP_Bootstrap/VSP_Debit/": null

2023-09-21 17:31:40 - [TEST_STEP][PASSED] - path_DeleteProfileConfirm = "Object Repository/AdminSuiteBootstrap_Pages/VSP_Bootstrap/DeleteProfileConfirm/": null

2023-09-21 17:31:40 - [TEST_STEP][PASSED] - executionProfile = getExecutionProfile(): null

2023-09-21 17:31:40 - [TEST_STEP][PASSED] - out.println("executionProfile : " + executionProfile): null

2023-09-21 17:31:40 - [TEST_STEP][PASSED] - appName = <not implemented yet for class: org.codehaus.groovy.ast.expr.EmptyExpression>: null

2023-09-21 17:31:40 - [TEST_STEP][PASSED] - appID = <not implemented yet for class: org.codehaus.groovy.ast.expr.EmptyExpression>: null

2023-09-21 17:31:40 - [TEST_STEP][PASSED] - cardNameV = <not implemented yet for class: org.codehaus.groovy.ast.expr.EmptyExpression>: null

2023-09-21 17:31:40 - [TEST_STEP][PASSED] - al1V = <not implemented yet for class: org.codehaus.groovy.ast.expr.EmptyExpression>: null

2023-09-21 17:31:40 - [TEST_STEP][PASSED] - al2V = <not implemented yet for class: org.codehaus.groovy.ast.expr.EmptyExpression>: null

2023-09-21 17:31:40 - [TEST_STEP][PASSED] - zipV = <not implemented yet for class: org.codehaus.groovy.ast.expr.EmptyExpression>: null

2023-09-21 17:31:40 - [TEST_STEP][PASSED] - cardTypeV = <not implemented yet for class: org.codehaus.groovy.ast.expr.EmptyExpression>: null

2023-09-21 17:31:40 - [TEST_STEP][PASSED] - last4V = <not implemented yet for class: org.codehaus.groovy.ast.expr.EmptyExpression>: null

2023-09-21 17:31:40 - [TEST_STEP][PASSED] - nameSheet = "CC-Payments-Auth": null

2023-09-21 17:31:40 - [TEST_STEP][PASSED] - numOfRows = findTestData("QA/Bootstrap/VSP-Payments-TestData/CC-Payments-Auth").getRowNumbers(): null

2023-09-21 17:31:41 - [TEST_STEP][PASSED] - println("Number of Records: " + numOfRows): null

2023-09-21 17:31:41 - [TEST_STEP][PASSED] - dataFile = "QA/Bootstrap/VSP-Payments-TestData/CC-Payments-Auth": null

2023-09-21 17:31:41 - [TEST_STEP][PASSED] - for ([row = 1, row <= numOfRows, (row++)]): Browser is closed

2023-09-21 17:31:41 - [TEST_STEP][PASSED] - ExecuteTC = findTestData(dataFile).getValue("Execute", row): null

2023-09-21 17:31:41 - [TEST_STEP][PASSED] - out.println("Value of Execute is : " + ExecuteTC): null

2023-09-21 17:31:41 - [TEST_STEP][PASSED] - switch (executionProfile): null

2023-09-21 17:31:41 - [TEST_STEP][PASSED] - case "QA2Profile":: null

2023-09-21 17:31:41 - [TEST_STEP][PASSED] - appName = findTestData(dataFile).getValue("AppNameQA", row): null

2023-09-21 17:31:41 - [TEST_STEP][PASSED] - appID = findTestData(dataFile).getValue("AppIDQA", row): null

2023-09-21 17:31:41 - [TEST_STEP][PASSED] - break: null

2023-09-21 17:31:41 - [TEST_STEP][PASSED] - if (ExecuteTC.equalsIgnoreCase("Y")): null

2023-09-21 17:31:41 - [TEST_STEP][PASSED] - out.println("Begin Record Number: " + row): null

2023-09-21 17:31:41 - [TEST_STEP][PASSED] - today = new java.util.Date(): null

2023-09-21 17:31:41 - [TEST_STEP][PASSED] - println(today): null

2023-09-21 17:31:41 - [TEST_STEP][PASSED] - datText = today: null

2023-09-21 17:31:41 - [TEST_STEP][PASSED] - adminSuiteBootstrap.loginFunctionality.login_AdminSuite(): adminSuiteBootstrap.loginFunctionality.login_AdminSuite is PASSED

2023-09-21 17:31:41 - [MESSAGE][INFO] - Starting 'Chrome' driver

2023-09-21 17:31:41 - [MESSAGE][INFO] - User set preference: ['acceptInsecureCerts', 'true']

2023-09-21 17:31:41 - [MESSAGE][INFO] - Action delay is set to 0 milliseconds

2023-09-21 17:31:44 - [MESSAGE][PASSED] - Browser is opened with url: 'https://qa2.velocitypayment.com/admin/imtiaz'

2023-09-21 17:31:44 - [MESSAGE][PASSED] - Current window maximized

2023-09-21 17:31:44 - [MESSAGE][PASSED] - Object 'Object Repository/Login_Page/Login_Username_Okta' is present

2023-09-21 17:31:45 - [MESSAGE][PASSED] - Text 'iahmed' is set on object 'Object Repository/Login_Page/Login_Username_Okta'

2023-09-21 17:31:46 - [MESSAGE][PASSED] - Text 'Hello1111111@' is set on object 'Object Repository/Login_Page/Login_Password_Okta'

2023-09-21 17:31:46 - [MESSAGE][PASSED] - Object: 'Object Repository/Login_Page/Login_Submit_Okta' is clicked on

2023-09-21 17:31:46 - [MESSAGE][PASSED] - adminSuiteBootstrap.loginFunctionality.login_AdminSuite is PASSED

2023-09-21 17:31:46 - [TEST_STEP][PASSED] - click(findTestObject(path_Dashboard + appName)): Object: 'Object Repository/AdminSuiteBootstrap_Pages/Dashboard_Bootstrap/a_Access AutoNoCFtp' is clicked on

2023-09-21 17:31:53 - [MESSAGE][PASSED] - Object: 'Object Repository/AdminSuiteBootstrap_Pages/Dashboard_Bootstrap/a_Access AutoNoCFtp' is clicked on

2023-09-21 17:31:53 - [TEST_STEP][PASSED] - click(findTestObject(path_VT + "a_Find Profile")): Object: 'Object Repository/AdminSuiteBootstrap_Pages/VT_Bootstrap/IssueTransactions/a_Find Profile' is clicked on

2023-09-21 17:31:53 - [MESSAGE][PASSED] - Object: 'Object Repository/AdminSuiteBootstrap_Pages/VT_Bootstrap/IssueTransactions/a_Find Profile' is clicked on

2023-09-21 17:31:53 - [TEST_STEP][PASSED] - criteria = <not implemented yet for class: org.codehaus.groovy.ast.expr.EmptyExpression>: null

2023-09-21 17:31:53 - [TEST_STEP][PASSED] - searchBy = <not implemented yet for class: org.codehaus.groovy.ast.expr.EmptyExpression>: null

2023-09-21 17:31:53 - [TEST_STEP][PASSED] - criteria = findTestData(dataFile).getValue("ProfileName", row): null

2023-09-21 17:31:53 - [TEST_STEP][PASSED] - path_SearchProfile = "Object Repository/AdminSuiteBootstrap_Pages/VSP_Bootstrap/SearchProfile/": null

2023-09-21 17:31:53 - [TEST_STEP][PASSED] - setText(findTestObject(path_SearchProfile + "input_Criteria"), criteria): Text 'PaymentsVisa' is set on object 'Object Repository/AdminSuiteBootstrap_Pages/VSP_Bootstrap/SearchProfile/input_Criteria'

2023-09-21 17:31:54 - [MESSAGE][PASSED] - Text 'PaymentsVisa' is set on object 'Object Repository/AdminSuiteBootstrap_Pages/VSP_Bootstrap/SearchProfile/input_Criteria'

2023-09-21 17:31:54 - [TEST_STEP][PASSED] - click(findTestObject(path_SearchProfile + "button_Search")): Object: 'Object Repository/AdminSuiteBootstrap_Pages/VSP_Bootstrap/SearchProfile/button_Search' is clicked on

2023-09-21 17:31:55 - [MESSAGE][PASSED] - Object: 'Object Repository/AdminSuiteBootstrap_Pages/VSP_Bootstrap/SearchProfile/button_Search' is clicked on

2023-09-21 17:31:55 - [TEST_STEP][PASSED] - profNameLink = findTestData(dataFile).getValue("ProfileNameLink", row): null

2023-09-21 17:31:55 - [TEST_STEP][PASSED] - click(findTestObject(path_ViewProfile + profNameLink)): Object: 'Object Repository/AdminSuiteBootstrap_Pages/VSP_Bootstrap/View Profile/a_PaymentsVisa' is clicked on

2023-09-21 17:31:56 - [MESSAGE][PASSED] - Object: 'Object Repository/AdminSuiteBootstrap_Pages/VSP_Bootstrap/View Profile/a_PaymentsVisa' is clicked on

2023-09-21 17:31:56 - [TEST_STEP][PASSED] - click(findTestObject(path_ViewProfile + "a_Auth")): Object: 'Object Repository/AdminSuiteBootstrap_Pages/VSP_Bootstrap/View Profile/a_Auth' is clicked on

2023-09-21 17:31:59 - [MESSAGE][PASSED] - Object: 'Object Repository/AdminSuiteBootstrap_Pages/VSP_Bootstrap/View Profile/a_Auth' is clicked on

2023-09-21 17:31:59 - [TEST_STEP][PASSED] - verifyTextPresent("Credit Card Authorization", true): Text 'Credit Card Authorization' is present on page  using regular expression

2023-09-21 17:31:59 - [MESSAGE][PASSED] - Text 'Credit Card Authorization' is present on page  using regular expression

2023-09-21 17:31:59 - [TEST_STEP][PASSED] - verifyTextPresent("Required fields are highlighted with an asterisk", true): Text 'Required fields are highlighted with an asterisk' is present on page  using regular expression

2023-09-21 17:32:00 - [MESSAGE][PASSED] - Text 'Required fields are highlighted with an asterisk' is present on page  using regular expression

2023-09-21 17:32:00 - [TEST_STEP][PASSED] - verifyTextPresent("Remittance ID", true): Text 'Remittance ID' is present on page  using regular expression

2023-09-21 17:32:00 - [MESSAGE][PASSED] - Text 'Remittance ID' is present on page  using regular expression

2023-09-21 17:32:00 - [TEST_STEP][PASSED] - vspBootstrap.SalePage.setDataSaleAndAuth(row, dataFile): vspBootstrap.SalePage.setDataSaleAndAuth is PASSED

2023-09-21 17:32:01 - [MESSAGE][PASSED] - All options with value 'MOTO' are selected in object 'Object Repository/AdminSuiteBootstrap_Pages/VSP_Bootstrap/VSP_Authcap/select_TransactionCategory'  using regular expression

2023-09-21 17:32:02 - [MESSAGE][PASSED] - Text '123' is set on object 'Object Repository/AdminSuiteBootstrap_Pages/VSP_Bootstrap/VSP_Authcap/input_cvv'

2023-09-21 17:32:03 - [MESSAGE][PASSED] - Text '' is set on object 'Object Repository/AdminSuiteBootstrap_Pages/VSP_Bootstrap/VSP_Authcap/input_smsNumber'

2023-09-21 17:32:03 - [MESSAGE][PASSED] - Text '2.50' is set on object 'Object Repository/AdminSuiteBootstrap_Pages/VSP_Bootstrap/VSP_Authcap/input_amount'

2023-09-21 17:32:04 - [MESSAGE][PASSED] - Text 'Delhi' is set on object 'Object Repository/AdminSuiteBootstrap_Pages/VSP_Bootstrap/VSP_Authcap/input_userDefined1'

2023-09-21 17:32:05 - [MESSAGE][PASSED] - Text 'Chennai' is set on object 'Object Repository/AdminSuiteBootstrap_Pages/VSP_Bootstrap/VSP_Authcap/input_userDefined2'

2023-09-21 17:32:05 - [MESSAGE][PASSED] - Text 'Mumbai' is set on object 'Object Repository/AdminSuiteBootstrap_Pages/VSP_Bootstrap/VSP_Authcap/input_userDefined3'

2023-09-21 17:32:06 - [MESSAGE][PASSED] - Text 'Kanpur' is set on object 'Object Repository/AdminSuiteBootstrap_Pages/VSP_Bootstrap/VSP_Authcap/input_userDefined4'

2023-09-21 17:32:07 - [MESSAGE][PASSED] - All options with label 'Orange' are selected in object 'Object Repository/AdminSuiteBootstrap_Pages/VSP_Bootstrap/VSP_Authcap/select_UDF5'  using regular expression

2023-09-21 17:32:08 - [MESSAGE][PASSED] - All options with label 'Yellow' are selected in object 'Object Repository/AdminSuiteBootstrap_Pages/VSP_Bootstrap/VSP_Authcap/select_UDF6'  using regular expression

2023-09-21 17:32:08 - [MESSAGE][PASSED] - Text 'Kolkata' is set on object 'Object Repository/AdminSuiteBootstrap_Pages/VSP_Bootstrap/VSP_Authcap/input_userDefined7'

2023-09-21 17:32:09 - [MESSAGE][PASSED] - Text 'Pune' is set on object 'Object Repository/AdminSuiteBootstrap_Pages/VSP_Bootstrap/VSP_Authcap/input_userDefined8'

2023-09-21 17:32:09 - [MESSAGE][PASSED] - Text 'Bhavnagar' is set on object 'Object Repository/AdminSuiteBootstrap_Pages/VSP_Bootstrap/VSP_Authcap/input_userDefined9'

2023-09-21 17:32:10 - [MESSAGE][PASSED] - Text 'Noida' is set on object 'Object Repository/AdminSuiteBootstrap_Pages/VSP_Bootstrap/VSP_Authcap/input_userDefined10'

2023-09-21 17:32:12 - [MESSAGE][PASSED] - Object: 'Object Repository/AdminSuiteBootstrap_Pages/VSP_Bootstrap/VSP_Authcap/button_Submit' is clicked on

2023-09-21 17:32:12 - [MESSAGE][PASSED] - vspBootstrap.SalePage.setDataSaleAndAuth is PASSED

2023-09-21 17:32:12 - [TEST_STEP][PASSED] - verifyTextPresent("Transaction Successful", true): Text 'Transaction Successful' is present on page  using regular expression

2023-09-21 17:32:12 - [MESSAGE][PASSED] - Text 'Transaction Successful' is present on page  using regular expression

2023-09-21 17:32:12 - [TEST_STEP][PASSED] - verifyElementVisible(findTestObject("Object Repository/AdminSuiteBootstrap_Pages/VT_Bootstrap/Receipt/button_Continue")): Object 'Object Repository/AdminSuiteBootstrap_Pages/VT_Bootstrap/Receipt/button_Continue' is visible

2023-09-21 17:32:12 - [MESSAGE][PASSED] - Object 'Object Repository/AdminSuiteBootstrap_Pages/VT_Bootstrap/Receipt/button_Continue' is visible

2023-09-21 17:32:12 - [TEST_STEP][PASSED] - verifyElementPresent(findTestObject("Object Repository/AdminSuiteBootstrap_Pages/VT_Bootstrap/Receipt/button_Continue"), 20): Object 'Object Repository/AdminSuiteBootstrap_Pages/VT_Bootstrap/Receipt/button_Continue' is present

2023-09-21 17:32:13 - [MESSAGE][PASSED] - Object 'Object Repository/AdminSuiteBootstrap_Pages/VT_Bootstrap/Receipt/button_Continue' is present

2023-09-21 17:32:13 - [TEST_STEP][PASSED] - verifyElementVisible(findTestObject("Object Repository/AdminSuiteBootstrap_Pages/VT_Bootstrap/Receipt/button_Print")): Object 'Object Repository/AdminSuiteBootstrap_Pages/VT_Bootstrap/Receipt/button_Print' is visible

2023-09-21 17:32:13 - [MESSAGE][PASSED] - Object 'Object Repository/AdminSuiteBootstrap_Pages/VT_Bootstrap/Receipt/button_Print' is visible

2023-09-21 17:32:13 - [TEST_STEP][PASSED] - verifyElementPresent(findTestObject("Object Repository/AdminSuiteBootstrap_Pages/VT_Bootstrap/Receipt/button_Print"), 20): Object 'Object Repository/AdminSuiteBootstrap_Pages/VT_Bootstrap/Receipt/button_Print' is present

2023-09-21 17:32:13 - [MESSAGE][PASSED] - Object 'Object Repository/AdminSuiteBootstrap_Pages/VT_Bootstrap/Receipt/button_Print' is present

2023-09-21 17:32:13 - [TEST_STEP][PASSED] - verifyTextPresent("Remittance ID", true): Text 'Remittance ID' is present on page  using regular expression

2023-09-21 17:32:14 - [MESSAGE][PASSED] - Text 'Remittance ID' is present on page  using regular expression

2023-09-21 17:32:14 - [TEST_STEP][PASSED] - verifyTextPresent("Received", true): Text 'Received' is present on page  using regular expression

2023-09-21 17:32:14 - [MESSAGE][PASSED] - Text 'Received' is present on page  using regular expression

2023-09-21 17:32:14 - [TEST_STEP][PASSED] - verifyTextPresent("UDF1", true): Text 'UDF1' is present on page  using regular expression

2023-09-21 17:32:14 - [MESSAGE][PASSED] - Text 'UDF1' is present on page  using regular expression

2023-09-21 17:32:14 - [TEST_STEP][PASSED] - verifyTextPresent("UDF2", true): Text 'UDF2' is present on page  using regular expression

2023-09-21 17:32:14 - [MESSAGE][PASSED] - Text 'UDF2' is present on page  using regular expression

2023-09-21 17:32:14 - [TEST_STEP][PASSED] - verifyTextPresent("UDF3", true): Text 'UDF3' is present on page  using regular expression

2023-09-21 17:32:15 - [MESSAGE][PASSED] - Text 'UDF3' is present on page  using regular expression

2023-09-21 17:32:15 - [TEST_STEP][PASSED] - verifyTextPresent("UDF4", true): Text 'UDF4' is present on page  using regular expression

2023-09-21 17:32:15 - [MESSAGE][PASSED] - Text 'UDF4' is present on page  using regular expression

2023-09-21 17:32:15 - [TEST_STEP][PASSED] - verifyTextPresent("UDF5", true): Text 'UDF5' is present on page  using regular expression

2023-09-21 17:32:15 - [MESSAGE][PASSED] - Text 'UDF5' is present on page  using regular expression

2023-09-21 17:32:15 - [TEST_STEP][PASSED] - verifyTextPresent("UDF6", true): Text 'UDF6' is present on page  using regular expression

2023-09-21 17:32:16 - [MESSAGE][PASSED] - Text 'UDF6' is present on page  using regular expression

2023-09-21 17:32:16 - [TEST_STEP][PASSED] - verifyTextPresent("UDF7", true): Text 'UDF7' is present on page  using regular expression

2023-09-21 17:32:16 - [MESSAGE][PASSED] - Text 'UDF7' is present on page  using regular expression

2023-09-21 17:32:16 - [TEST_STEP][PASSED] - verifyTextPresent("UDF8", true): Text 'UDF8' is present on page  using regular expression

2023-09-21 17:32:16 - [MESSAGE][PASSED] - Text 'UDF8' is present on page  using regular expression

2023-09-21 17:32:16 - [TEST_STEP][PASSED] - verifyTextPresent("UDF9", true): Text 'UDF9' is present on page  using regular expression

2023-09-21 17:32:17 - [MESSAGE][PASSED] - Text 'UDF9' is present on page  using regular expression

2023-09-21 17:32:17 - [TEST_STEP][PASSED] - verifyTextPresent("UDF 10", true): Text 'UDF 10' is present on page  using regular expression

2023-09-21 17:32:17 - [MESSAGE][PASSED] - Text 'UDF 10' is present on page  using regular expression

2023-09-21 17:32:17 - [TEST_STEP][PASSED] - verifyTextPresent("Delhi", true): Text 'Delhi' is present on page  using regular expression

2023-09-21 17:32:17 - [MESSAGE][PASSED] - Text 'Delhi' is present on page  using regular expression

2023-09-21 17:32:17 - [TEST_STEP][PASSED] - verifyTextPresent("Chennai", true): Text 'Chennai' is present on page  using regular expression

2023-09-21 17:32:17 - [MESSAGE][PASSED] - Text 'Chennai' is present on page  using regular expression

2023-09-21 17:32:17 - [TEST_STEP][PASSED] - verifyTextPresent("Mumbai", true): Text 'Mumbai' is present on page  using regular expression

2023-09-21 17:32:18 - [MESSAGE][PASSED] - Text 'Mumbai' is present on page  using regular expression

2023-09-21 17:32:18 - [TEST_STEP][PASSED] - verifyTextPresent("Kanpur", true): Text 'Kanpur' is present on page  using regular expression

2023-09-21 17:32:18 - [MESSAGE][PASSED] - Text 'Kanpur' is present on page  using regular expression

2023-09-21 17:32:18 - [TEST_STEP][PASSED] - verifyTextPresent("Orange Recorded", true): Text 'Orange Recorded' is present on page  using regular expression

2023-09-21 17:32:18 - [MESSAGE][PASSED] - Text 'Orange Recorded' is present on page  using regular expression

2023-09-21 17:32:18 - [TEST_STEP][PASSED] - verifyTextPresent("Yellow Recorded", true): Text 'Yellow Recorded' is present on page  using regular expression

2023-09-21 17:32:19 - [MESSAGE][PASSED] - Text 'Yellow Recorded' is present on page  using regular expression

2023-09-21 17:32:19 - [TEST_STEP][PASSED] - verifyTextPresent("Kolkata", true): Text 'Kolkata' is present on page  using regular expression

2023-09-21 17:32:19 - [MESSAGE][PASSED] - Text 'Kolkata' is present on page  using regular expression

2023-09-21 17:32:19 - [TEST_STEP][PASSED] - verifyTextPresent("Pune", true): Text 'Pune' is present on page  using regular expression

2023-09-21 17:32:19 - [MESSAGE][PASSED] - Text 'Pune' is present on page  using regular expression

2023-09-21 17:32:19 - [TEST_STEP][PASSED] - verifyTextPresent("Bhavnagar", true): Text 'Bhavnagar' is present on page  using regular expression

2023-09-21 17:32:19 - [MESSAGE][PASSED] - Text 'Bhavnagar' is present on page  using regular expression

2023-09-21 17:32:19 - [TEST_STEP][PASSED] - verifyTextPresent("Noida", true): Text 'Noida' is present on page  using regular expression

2023-09-21 17:32:20 - [MESSAGE][PASSED] - Text 'Noida' is present on page  using regular expression

2023-09-21 17:32:20 - [TEST_STEP][PASSED] - verifyTextPresent("Amount", true): Text 'Amount' is present on page  using regular expression

2023-09-21 17:32:20 - [MESSAGE][PASSED] - Text 'Amount' is present on page  using regular expression

2023-09-21 17:32:20 - [TEST_STEP][PASSED] - verifyTextPresent("2.50", true): Text '2.50' is present on page  using regular expression

2023-09-21 17:32:20 - [MESSAGE][PASSED] - Text '2.50' is present on page  using regular expression

2023-09-21 17:32:20 - [TEST_STEP][PASSED] - verifyTextPresent("Authorization", true): Text 'Authorization' is present on page  using regular expression

2023-09-21 17:32:21 - [MESSAGE][PASSED] - Text 'Authorization' is present on page  using regular expression

2023-09-21 17:32:21 - [TEST_STEP][PASSED] - verifyTextPresent("Card Information", true): Text 'Card Information' is present on page  using regular expression

2023-09-21 17:32:21 - [MESSAGE][PASSED] - Text 'Card Information' is present on page  using regular expression

2023-09-21 17:32:21 - [TEST_STEP][PASSED] - verifyTextPresent("TANDON RAVENA", true): Text 'TANDON RAVENA' is present on page  using regular expression

2023-09-21 17:32:21 - [MESSAGE][PASSED] - Text 'TANDON RAVENA' is present on page  using regular expression

2023-09-21 17:32:21 - [TEST_STEP][PASSED] - verifyTextPresent("Address Line 1", true): Text 'Address Line 1' is present on page  using regular expression

2023-09-21 17:32:22 - [MESSAGE][PASSED] - Text 'Address Line 1' is present on page  using regular expression

2023-09-21 17:32:22 - [TEST_STEP][PASSED] - verifyTextPresent("Address Line 2", true): Text 'Address Line 2' is present on page  using regular expression

2023-09-21 17:32:22 - [MESSAGE][PASSED] - Text 'Address Line 2' is present on page  using regular expression

2023-09-21 17:32:22 - [TEST_STEP][PASSED] - verifyTextPresent("Country", true): Text 'Country' is present on page  using regular expression

2023-09-21 17:32:22 - [MESSAGE][PASSED] - Text 'Country' is present on page  using regular expression

2023-09-21 17:32:22 - [TEST_STEP][PASSED] - verifyTextPresent("City", true): Text 'City' is present on page  using regular expression

2023-09-21 17:32:22 - [MESSAGE][PASSED] - Text 'City' is present on page  using regular expression

2023-09-21 17:32:22 - [TEST_STEP][PASSED] - verifyTextPresent("State", true): Text 'State' is present on page  using regular expression

2023-09-21 17:32:23 - [MESSAGE][PASSED] - Text 'State' is present on page  using regular expression

2023-09-21 17:32:23 - [TEST_STEP][PASSED] - verifyTextPresent("ZIP Code", true): Text 'ZIP Code' is present on page  using regular expression

2023-09-21 17:32:23 - [MESSAGE][PASSED] - Text 'ZIP Code' is present on page  using regular expression

2023-09-21 17:32:23 - [TEST_STEP][PASSED] - verifyTextPresent("248 PhoolKaante road", true): Text '248 PhoolKaante road' is present on page  using regular expression

2023-09-21 17:32:23 - [MESSAGE][PASSED] - Text '248 PhoolKaante road' is present on page  using regular expression

2023-09-21 17:32:23 - [TEST_STEP][PASSED] - verifyTextPresent("Suite 678", true): Text 'Suite 678' is present on page  using regular expression

2023-09-21 17:32:24 - [MESSAGE][PASSED] - Text 'Suite 678' is present on page  using regular expression

2023-09-21 17:32:24 - [TEST_STEP][PASSED] - verifyTextPresent("United States", true): Text 'United States' is present on page  using regular expression

2023-09-21 17:32:24 - [MESSAGE][PASSED] - Text 'United States' is present on page  using regular expression

2023-09-21 17:32:24 - [TEST_STEP][PASSED] - verifyTextPresent("ARLINGTON", true): Text 'ARLINGTON' is present on page  using regular expression

2023-09-21 17:32:24 - [MESSAGE][PASSED] - Text 'ARLINGTON' is present on page  using regular expression

2023-09-21 17:32:24 - [TEST_STEP][PASSED] - verifyTextPresent("VA", true): Text 'VA' is present on page  using regular expression

2023-09-21 17:32:25 - [MESSAGE][PASSED] - Text 'VA' is present on page  using regular expression

2023-09-21 17:32:25 - [TEST_STEP][PASSED] - verifyTextPresent("22201", true): Text '22201' is present on page  using regular expression

2023-09-21 17:32:25 - [MESSAGE][PASSED] - Text '22201' is present on page  using regular expression

2023-09-21 17:32:25 - [TEST_STEP][PASSED] - cardTypeV = findTestData(dataFile).getValue("CardType", row): null

2023-09-21 17:32:25 - [TEST_STEP][PASSED] - last4V = findTestData(dataFile).getValue("Last4", row): null

2023-09-21 17:32:25 - [TEST_STEP][PASSED] - verifyTextPresent(cardTypeV, true): Text 'Visa' is present on page  using regular expression

2023-09-21 17:32:25 - [MESSAGE][PASSED] - Text 'Visa' is present on page  using regular expression

2023-09-21 17:32:25 - [TEST_STEP][PASSED] - verifyTextPresent(last4V, true): Text '5439' is present on page  using regular expression

2023-09-21 17:32:25 - [MESSAGE][PASSED] - Text '5439' is present on page  using regular expression

2023-09-21 17:32:25 - [TEST_STEP][PASSED] - switch (appName): null

2023-09-21 17:32:25 - [TEST_STEP][PASSED] - closeBrowser(): Browser is closed

2023-09-21 17:32:26 - [MESSAGE][PASSED] - Browser is closed

2023-09-21 17:32:26 - [TEST_STEP][PASSED] - ExecuteTC = findTestData(dataFile).getValue("Execute", row): null

2023-09-21 17:32:26 - [TEST_STEP][PASSED] - out.println("Value of Execute is : " + ExecuteTC): null

2023-09-21 17:32:26 - [TEST_STEP][PASSED] - switch (executionProfile): null

2023-09-21 17:32:26 - [TEST_STEP][PASSED] - case "QA2Profile":: null

2023-09-21 17:32:26 - [TEST_STEP][PASSED] - appName = findTestData(dataFile).getValue("AppNameQA", row): null

2023-09-21 17:32:26 - [TEST_STEP][PASSED] - appID = findTestData(dataFile).getValue("AppIDQA", row): null

2023-09-21 17:32:27 - [TEST_STEP][PASSED] - break: null

2023-09-21 17:32:27 - [TEST_STEP][PASSED] - if (ExecuteTC.equalsIgnoreCase("Y")): null

2023-09-21 17:32:27 - [TEST_STEP][PASSED] - out.println("Begin Record Number: " + row): null

2023-09-21 17:32:27 - [TEST_STEP][PASSED] - today = new java.util.Date(): null

2023-09-21 17:32:27 - [TEST_STEP][PASSED] - println(today): null

2023-09-21 17:32:27 - [TEST_STEP][PASSED] - datText = today: null

2023-09-21 17:32:27 - [TEST_STEP][PASSED] - adminSuiteBootstrap.loginFunctionality.login_AdminSuite(): adminSuiteBootstrap.loginFunctionality.login_AdminSuite is PASSED

2023-09-21 17:32:27 - [MESSAGE][INFO] - Starting 'Chrome' driver

2023-09-21 17:32:27 - [MESSAGE][INFO] - User set preference: ['acceptInsecureCerts', 'true']

2023-09-21 17:32:27 - [MESSAGE][INFO] - Action delay is set to 0 milliseconds

2023-09-21 17:32:29 - [MESSAGE][PASSED] - Browser is opened with url: 'https://qa2.velocitypayment.com/admin/imtiaz'

2023-09-21 17:32:29 - [MESSAGE][PASSED] - Current window maximized

2023-09-21 17:32:30 - [MESSAGE][PASSED] - Object 'Object Repository/Login_Page/Login_Username_Okta' is present

2023-09-21 17:32:30 - [MESSAGE][PASSED] - Text 'iahmed' is set on object 'Object Repository/Login_Page/Login_Username_Okta'

2023-09-21 17:32:31 - [MESSAGE][PASSED] - Text 'Hello1111111@' is set on object 'Object Repository/Login_Page/Login_Password_Okta'

2023-09-21 17:32:32 - [MESSAGE][PASSED] - Object: 'Object Repository/Login_Page/Login_Submit_Okta' is clicked on

2023-09-21 17:32:32 - [MESSAGE][PASSED] - adminSuiteBootstrap.loginFunctionality.login_AdminSuite is PASSED

2023-09-21 17:32:32 - [TEST_STEP][PASSED] - click(findTestObject(path_Dashboard + appName)): Object: 'Object Repository/AdminSuiteBootstrap_Pages/Dashboard_Bootstrap/a_Access AutoNoCFtp' is clicked on

2023-09-21 17:32:38 - [MESSAGE][PASSED] - Object: 'Object Repository/AdminSuiteBootstrap_Pages/Dashboard_Bootstrap/a_Access AutoNoCFtp' is clicked on

2023-09-21 17:32:38 - [TEST_STEP][PASSED] - click(findTestObject(path_VT + "a_Find Profile")): Object: 'Object Repository/AdminSuiteBootstrap_Pages/VT_Bootstrap/IssueTransactions/a_Find Profile' is clicked on

2023-09-21 17:32:39 - [MESSAGE][PASSED] - Object: 'Object Repository/AdminSuiteBootstrap_Pages/VT_Bootstrap/IssueTransactions/a_Find Profile' is clicked on

2023-09-21 17:32:39 - [TEST_STEP][PASSED] - criteria = <not implemented yet for class: org.codehaus.groovy.ast.expr.EmptyExpression>: null

2023-09-21 17:32:39 - [TEST_STEP][PASSED] - searchBy = <not implemented yet for class: org.codehaus.groovy.ast.expr.EmptyExpression>: null

2023-09-21 17:32:39 - [TEST_STEP][PASSED] - criteria = findTestData(dataFile).getValue("ProfileName", row): null

2023-09-21 17:32:39 - [TEST_STEP][PASSED] - path_SearchProfile = "Object Repository/AdminSuiteBootstrap_Pages/VSP_Bootstrap/SearchProfile/": null

2023-09-21 17:32:39 - [TEST_STEP][PASSED] - setText(findTestObject(path_SearchProfile + "input_Criteria"), criteria): Text 'PaymentsMC' is set on object 'Object Repository/AdminSuiteBootstrap_Pages/VSP_Bootstrap/SearchProfile/input_Criteria'

2023-09-21 17:32:40 - [MESSAGE][PASSED] - Text 'PaymentsMC' is set on object 'Object Repository/AdminSuiteBootstrap_Pages/VSP_Bootstrap/SearchProfile/input_Criteria'

2023-09-21 17:32:40 - [TEST_STEP][PASSED] - click(findTestObject(path_SearchProfile + "button_Search")): Object: 'Object Repository/AdminSuiteBootstrap_Pages/VSP_Bootstrap/SearchProfile/button_Search' is clicked on

2023-09-21 17:32:40 - [MESSAGE][PASSED] - Object: 'Object Repository/AdminSuiteBootstrap_Pages/VSP_Bootstrap/SearchProfile/button_Search' is clicked on

2023-09-21 17:32:40 - [TEST_STEP][PASSED] - profNameLink = findTestData(dataFile).getValue("ProfileNameLink", row): null

2023-09-21 17:32:40 - [TEST_STEP][PASSED] - click(findTestObject(path_ViewProfile + profNameLink)): Object: 'Object Repository/AdminSuiteBootstrap_Pages/VSP_Bootstrap/View Profile/a_PaymentsMC' is clicked on

2023-09-21 17:32:42 - [MESSAGE][PASSED] - Object: 'Object Repository/AdminSuiteBootstrap_Pages/VSP_Bootstrap/View Profile/a_PaymentsMC' is clicked on

2023-09-21 17:32:42 - [TEST_STEP][PASSED] - click(findTestObject(path_ViewProfile + "a_Auth")): Object: 'Object Repository/AdminSuiteBootstrap_Pages/VSP_Bootstrap/View Profile/a_Auth' is clicked on

2023-09-21 17:32:43 - [MESSAGE][PASSED] - Object: 'Object Repository/AdminSuiteBootstrap_Pages/VSP_Bootstrap/View Profile/a_Auth' is clicked on

2023-09-21 17:32:43 - [TEST_STEP][PASSED] - verifyTextPresent("Credit Card Authorization", true): Text 'Credit Card Authorization' is present on page  using regular expression

2023-09-21 17:32:44 - [MESSAGE][PASSED] - Text 'Credit Card Authorization' is present on page  using regular expression

2023-09-21 17:32:44 - [TEST_STEP][PASSED] - verifyTextPresent("Required fields are highlighted with an asterisk", true): Text 'Required fields are highlighted with an asterisk' is present on page  using regular expression

2023-09-21 17:32:44 - [MESSAGE][PASSED] - Text 'Required fields are highlighted with an asterisk' is present on page  using regular expression

2023-09-21 17:32:44 - [TEST_STEP][PASSED] - verifyTextPresent("Remittance ID", true): Text 'Remittance ID' is present on page  using regular expression

2023-09-21 17:32:45 - [MESSAGE][PASSED] - Text 'Remittance ID' is present on page  using regular expression

2023-09-21 17:32:45 - [TEST_STEP][PASSED] - vspBootstrap.SalePage.setDataSaleAndAuth(row, dataFile): vspBootstrap.SalePage.setDataSaleAndAuth is PASSED

2023-09-21 17:32:46 - [MESSAGE][PASSED] - All options with value 'MOTO' are selected in object 'Object Repository/AdminSuiteBootstrap_Pages/VSP_Bootstrap/VSP_Authcap/select_TransactionCategory'  using regular expression

2023-09-21 17:32:47 - [MESSAGE][PASSED] - Text '123' is set on object 'Object Repository/AdminSuiteBootstrap_Pages/VSP_Bootstrap/VSP_Authcap/input_cvv'

2023-09-21 17:32:48 - [MESSAGE][PASSED] - Text '' is set on object 'Object Repository/AdminSuiteBootstrap_Pages/VSP_Bootstrap/VSP_Authcap/input_smsNumber'

2023-09-21 17:32:48 - [MESSAGE][PASSED] - Text '2.50' is set on object 'Object Repository/AdminSuiteBootstrap_Pages/VSP_Bootstrap/VSP_Authcap/input_amount'

2023-09-21 17:32:49 - [MESSAGE][PASSED] - Text 'Delhi' is set on object 'Object Repository/AdminSuiteBootstrap_Pages/VSP_Bootstrap/VSP_Authcap/input_userDefined1'

2023-09-21 17:32:49 - [MESSAGE][PASSED] - Text 'Chennai' is set on object 'Object Repository/AdminSuiteBootstrap_Pages/VSP_Bootstrap/VSP_Authcap/input_userDefined2'

2023-09-21 17:32:50 - [MESSAGE][PASSED] - Text 'Mumbai' is set on object 'Object Repository/AdminSuiteBootstrap_Pages/VSP_Bootstrap/VSP_Authcap/input_userDefined3'

2023-09-21 17:32:51 - [MESSAGE][PASSED] - Text 'Kanpur' is set on object 'Object Repository/AdminSuiteBootstrap_Pages/VSP_Bootstrap/VSP_Authcap/input_userDefined4'

2023-09-21 17:32:52 - [MESSAGE][PASSED] - All options with label 'Orange' are selected in object 'Object Repository/AdminSuiteBootstrap_Pages/VSP_Bootstrap/VSP_Authcap/select_UDF5'  using regular expression

2023-09-21 17:32:53 - [MESSAGE][PASSED] - All options with label 'Yellow' are selected in object 'Object Repository/AdminSuiteBootstrap_Pages/VSP_Bootstrap/VSP_Authcap/select_UDF6'  using regular expression

2023-09-21 17:32:53 - [MESSAGE][PASSED] - Text 'Kolkata' is set on object 'Object Repository/AdminSuiteBootstrap_Pages/VSP_Bootstrap/VSP_Authcap/input_userDefined7'

2023-09-21 17:32:54 - [MESSAGE][PASSED] - Text 'Pune' is set on object 'Object Repository/AdminSuiteBootstrap_Pages/VSP_Bootstrap/VSP_Authcap/input_userDefined8'

2023-09-21 17:32:54 - [MESSAGE][PASSED] - Text 'Bhavnagar' is set on object 'Object Repository/AdminSuiteBootstrap_Pages/VSP_Bootstrap/VSP_Authcap/input_userDefined9'

2023-09-21 17:32:55 - [MESSAGE][PASSED] - Text 'Noida' is set on object 'Object Repository/AdminSuiteBootstrap_Pages/VSP_Bootstrap/VSP_Authcap/input_userDefined10'

2023-09-21 17:32:56 - [MESSAGE][PASSED] - Object: 'Object Repository/AdminSuiteBootstrap_Pages/VSP_Bootstrap/VSP_Authcap/button_Submit' is clicked on

2023-09-21 17:32:56 - [MESSAGE][PASSED] - vspBootstrap.SalePage.setDataSaleAndAuth is PASSED

2023-09-21 17:32:56 - [TEST_STEP][PASSED] - verifyTextPresent("Transaction Successful", true): Text 'Transaction Successful' is present on page  using regular expression

2023-09-21 17:32:57 - [MESSAGE][PASSED] - Text 'Transaction Successful' is present on page  using regular expression

2023-09-21 17:32:57 - [TEST_STEP][PASSED] - verifyElementVisible(findTestObject("Object Repository/AdminSuiteBootstrap_Pages/VT_Bootstrap/Receipt/button_Continue")): Object 'Object Repository/AdminSuiteBootstrap_Pages/VT_Bootstrap/Receipt/button_Continue' is visible

2023-09-21 17:32:57 - [MESSAGE][PASSED] - Object 'Object Repository/AdminSuiteBootstrap_Pages/VT_Bootstrap/Receipt/button_Continue' is visible

2023-09-21 17:32:57 - [TEST_STEP][PASSED] - verifyElementPresent(findTestObject("Object Repository/AdminSuiteBootstrap_Pages/VT_Bootstrap/Receipt/button_Continue"), 20): Object 'Object Repository/AdminSuiteBootstrap_Pages/VT_Bootstrap/Receipt/button_Continue' is present

2023-09-21 17:32:58 - [MESSAGE][PASSED] - Object 'Object Repository/AdminSuiteBootstrap_Pages/VT_Bootstrap/Receipt/button_Continue' is present

2023-09-21 17:32:58 - [TEST_STEP][PASSED] - verifyElementVisible(findTestObject("Object Repository/AdminSuiteBootstrap_Pages/VT_Bootstrap/Receipt/button_Print")): Object 'Object Repository/AdminSuiteBootstrap_Pages/VT_Bootstrap/Receipt/button_Print' is visible

2023-09-21 17:32:58 - [MESSAGE][PASSED] - Object 'Object Repository/AdminSuiteBootstrap_Pages/VT_Bootstrap/Receipt/button_Print' is visible

2023-09-21 17:32:58 - [TEST_STEP][PASSED] - verifyElementPresent(findTestObject("Object Repository/AdminSuiteBootstrap_Pages/VT_Bootstrap/Receipt/button_Print"), 20): Object 'Object Repository/AdminSuiteBootstrap_Pages/VT_Bootstrap/Receipt/button_Print' is present

2023-09-21 17:32:58 - [MESSAGE][PASSED] - Object 'Object Repository/AdminSuiteBootstrap_Pages/VT_Bootstrap/Receipt/button_Print' is present

2023-09-21 17:32:58 - [TEST_STEP][PASSED] - verifyTextPresent("Remittance ID", true): Text 'Remittance ID' is present on page  using regular expression

2023-09-21 17:32:59 - [MESSAGE][PASSED] - Text 'Remittance ID' is present on page  using regular expression

2023-09-21 17:32:59 - [TEST_STEP][PASSED] - verifyTextPresent("Received", true): Text 'Received' is present on page  using regular expression

2023-09-21 17:32:59 - [MESSAGE][PASSED] - Text 'Received' is present on page  using regular expression

2023-09-21 17:32:59 - [TEST_STEP][PASSED] - verifyTextPresent("UDF1", true): Text 'UDF1' is present on page  using regular expression

2023-09-21 17:32:59 - [MESSAGE][PASSED] - Text 'UDF1' is present on page  using regular expression

2023-09-21 17:32:59 - [TEST_STEP][PASSED] - verifyTextPresent("UDF2", true): Text 'UDF2' is present on page  using regular expression

2023-09-21 17:32:59 - [MESSAGE][PASSED] - Text 'UDF2' is present on page  using regular expression

2023-09-21 17:32:59 - [TEST_STEP][PASSED] - verifyTextPresent("UDF3", true): Text 'UDF3' is present on page  using regular expression

2023-09-21 17:33:00 - [MESSAGE][PASSED] - Text 'UDF3' is present on page  using regular expression

2023-09-21 17:33:00 - [TEST_STEP][PASSED] - verifyTextPresent("UDF4", true): Text 'UDF4' is present on page  using regular expression

2023-09-21 17:33:00 - [MESSAGE][PASSED] - Text 'UDF4' is present on page  using regular expression

2023-09-21 17:33:00 - [TEST_STEP][PASSED] - verifyTextPresent("UDF5", true): Text 'UDF5' is present on page  using regular expression

2023-09-21 17:33:00 - [MESSAGE][PASSED] - Text 'UDF5' is present on page  using regular expression

2023-09-21 17:33:00 - [TEST_STEP][PASSED] - verifyTextPresent("UDF6", true): Text 'UDF6' is present on page  using regular expression

2023-09-21 17:33:01 - [MESSAGE][PASSED] - Text 'UDF6' is present on page  using regular expression

2023-09-21 17:33:01 - [TEST_STEP][PASSED] - verifyTextPresent("UDF7", true): Text 'UDF7' is present on page  using regular expression

2023-09-21 17:33:01 - [MESSAGE][PASSED] - Text 'UDF7' is present on page  using regular expression

2023-09-21 17:33:01 - [TEST_STEP][PASSED] - verifyTextPresent("UDF8", true): Text 'UDF8' is present on page  using regular expression

2023-09-21 17:33:01 - [MESSAGE][PASSED] - Text 'UDF8' is present on page  using regular expression

2023-09-21 17:33:01 - [TEST_STEP][PASSED] - verifyTextPresent("UDF9", true): Text 'UDF9' is present on page  using regular expression

2023-09-21 17:33:02 - [MESSAGE][PASSED] - Text 'UDF9' is present on page  using regular expression

2023-09-21 17:33:02 - [TEST_STEP][PASSED] - verifyTextPresent("UDF 10", true): Text 'UDF 10' is present on page  using regular expression

2023-09-21 17:33:02 - [MESSAGE][PASSED] - Text 'UDF 10' is present on page  using regular expression

2023-09-21 17:33:02 - [TEST_STEP][PASSED] - verifyTextPresent("Delhi", true): Text 'Delhi' is present on page  using regular expression

2023-09-21 17:33:02 - [MESSAGE][PASSED] - Text 'Delhi' is present on page  using regular expression

2023-09-21 17:33:02 - [TEST_STEP][PASSED] - verifyTextPresent("Chennai", true): Text 'Chennai' is present on page  using regular expression

2023-09-21 17:33:02 - [MESSAGE][PASSED] - Text 'Chennai' is present on page  using regular expression

2023-09-21 17:33:02 - [TEST_STEP][PASSED] - verifyTextPresent("Mumbai", true): Text 'Mumbai' is present on page  using regular expression

2023-09-21 17:33:03 - [MESSAGE][PASSED] - Text 'Mumbai' is present on page  using regular expression

2023-09-21 17:33:03 - [TEST_STEP][PASSED] - verifyTextPresent("Kanpur", true): Text 'Kanpur' is present on page  using regular expression

2023-09-21 17:33:03 - [MESSAGE][PASSED] - Text 'Kanpur' is present on page  using regular expression

2023-09-21 17:33:03 - [TEST_STEP][PASSED] - verifyTextPresent("Orange Recorded", true): Text 'Orange Recorded' is present on page  using regular expression

2023-09-21 17:33:03 - [MESSAGE][PASSED] - Text 'Orange Recorded' is present on page  using regular expression

2023-09-21 17:33:03 - [TEST_STEP][PASSED] - verifyTextPresent("Yellow Recorded", true): Text 'Yellow Recorded' is present on page  using regular expression

2023-09-21 17:33:04 - [MESSAGE][PASSED] - Text 'Yellow Recorded' is present on page  using regular expression

2023-09-21 17:33:04 - [TEST_STEP][PASSED] - verifyTextPresent("Kolkata", true): Text 'Kolkata' is present on page  using regular expression

2023-09-21 17:33:04 - [MESSAGE][PASSED] - Text 'Kolkata' is present on page  using regular expression

2023-09-21 17:33:04 - [TEST_STEP][PASSED] - verifyTextPresent("Pune", true): Text 'Pune' is present on page  using regular expression

2023-09-21 17:33:04 - [MESSAGE][PASSED] - Text 'Pune' is present on page  using regular expression

2023-09-21 17:33:04 - [TEST_STEP][PASSED] - verifyTextPresent("Bhavnagar", true): Text 'Bhavnagar' is present on page  using regular expression

2023-09-21 17:33:04 - [MESSAGE][PASSED] - Text 'Bhavnagar' is present on page  using regular expression

2023-09-21 17:33:04 - [TEST_STEP][PASSED] - verifyTextPresent("Noida", true): Text 'Noida' is present on page  using regular expression

2023-09-21 17:33:05 - [MESSAGE][PASSED] - Text 'Noida' is present on page  using regular expression

2023-09-21 17:33:05 - [TEST_STEP][PASSED] - verifyTextPresent("Amount", true): Text 'Amount' is present on page  using regular expression

2023-09-21 17:33:05 - [MESSAGE][PASSED] - Text 'Amount' is present on page  using regular expression

2023-09-21 17:33:05 - [TEST_STEP][PASSED] - verifyTextPresent("2.50", true): Text '2.50' is present on page  using regular expression

2023-09-21 17:33:05 - [MESSAGE][PASSED] - Text '2.50' is present on page  using regular expression

2023-09-21 17:33:05 - [TEST_STEP][PASSED] - verifyTextPresent("Authorization", true): Text 'Authorization' is present on page  using regular expression

2023-09-21 17:33:06 - [MESSAGE][PASSED] - Text 'Authorization' is present on page  using regular expression

2023-09-21 17:33:06 - [TEST_STEP][PASSED] - verifyTextPresent("Card Information", true): Text 'Card Information' is present on page  using regular expression

2023-09-21 17:33:06 - [MESSAGE][PASSED] - Text 'Card Information' is present on page  using regular expression

2023-09-21 17:33:06 - [TEST_STEP][PASSED] - verifyTextPresent("TANDON RAVENA", true): Text 'TANDON RAVENA' is present on page  using regular expression

2023-09-21 17:33:06 - [MESSAGE][PASSED] - Text 'TANDON RAVENA' is present on page  using regular expression

2023-09-21 17:33:06 - [TEST_STEP][PASSED] - verifyTextPresent("Address Line 1", true): Text 'Address Line 1' is present on page  using regular expression

2023-09-21 17:33:07 - [MESSAGE][PASSED] - Text 'Address Line 1' is present on page  using regular expression

2023-09-21 17:33:07 - [TEST_STEP][PASSED] - verifyTextPresent("Address Line 2", true): Text 'Address Line 2' is present on page  using regular expression

2023-09-21 17:33:07 - [MESSAGE][PASSED] - Text 'Address Line 2' is present on page  using regular expression

2023-09-21 17:33:07 - [TEST_STEP][PASSED] - verifyTextPresent("Country", true): Text 'Country' is present on page  using regular expression

2023-09-21 17:33:07 - [MESSAGE][PASSED] - Text 'Country' is present on page  using regular expression

2023-09-21 17:33:07 - [TEST_STEP][PASSED] - verifyTextPresent("City", true): Text 'City' is present on page  using regular expression

2023-09-21 17:33:07 - [MESSAGE][PASSED] - Text 'City' is present on page  using regular expression

2023-09-21 17:33:07 - [TEST_STEP][PASSED] - verifyTextPresent("State", true): Text 'State' is present on page  using regular expression

2023-09-21 17:33:08 - [MESSAGE][PASSED] - Text 'State' is present on page  using regular expression

2023-09-21 17:33:08 - [TEST_STEP][PASSED] - verifyTextPresent("ZIP Code", true): Text 'ZIP Code' is present on page  using regular expression

2023-09-21 17:33:08 - [MESSAGE][PASSED] - Text 'ZIP Code' is present on page  using regular expression

2023-09-21 17:33:08 - [TEST_STEP][PASSED] - verifyTextPresent("248 PhoolKaante road", true): Text '248 PhoolKaante road' is present on page  using regular expression

2023-09-21 17:33:08 - [MESSAGE][PASSED] - Text '248 PhoolKaante road' is present on page  using regular expression

2023-09-21 17:33:08 - [TEST_STEP][PASSED] - verifyTextPresent("Suite 678", true): Text 'Suite 678' is present on page  using regular expression

2023-09-21 17:33:09 - [MESSAGE][PASSED] - Text 'Suite 678' is present on page  using regular expression

2023-09-21 17:33:09 - [TEST_STEP][PASSED] - verifyTextPresent("United States", true): Text 'United States' is present on page  using regular expression

2023-09-21 17:33:09 - [MESSAGE][PASSED] - Text 'United States' is present on page  using regular expression

2023-09-21 17:33:09 - [TEST_STEP][PASSED] - verifyTextPresent("ARLINGTON", true): Text 'ARLINGTON' is present on page  using regular expression

2023-09-21 17:33:09 - [MESSAGE][PASSED] - Text 'ARLINGTON' is present on page  using regular expression

2023-09-21 17:33:09 - [TEST_STEP][PASSED] - verifyTextPresent("VA", true): Text 'VA' is present on page  using regular expression

2023-09-21 17:33:10 - [MESSAGE][PASSED] - Text 'VA' is present on page  using regular expression

2023-09-21 17:33:10 - [TEST_STEP][PASSED] - verifyTextPresent("22201", true): Text '22201' is present on page  using regular expression

2023-09-21 17:33:10 - [MESSAGE][PASSED] - Text '22201' is present on page  using regular expression

2023-09-21 17:33:10 - [TEST_STEP][PASSED] - cardTypeV = findTestData(dataFile).getValue("CardType", row): null

2023-09-21 17:33:10 - [TEST_STEP][PASSED] - last4V = findTestData(dataFile).getValue("Last4", row): null

2023-09-21 17:33:10 - [TEST_STEP][PASSED] - verifyTextPresent(cardTypeV, true): Text 'MasterCard' is present on page  using regular expression

2023-09-21 17:33:10 - [MESSAGE][PASSED] - Text 'MasterCard' is present on page  using regular expression

2023-09-21 17:33:10 - [TEST_STEP][PASSED] - verifyTextPresent(last4V, true): Text '0035' is present on page  using regular expression

2023-09-21 17:33:10 - [MESSAGE][PASSED] - Text '0035' is present on page  using regular expression

2023-09-21 17:33:10 - [TEST_STEP][PASSED] - switch (appName): null

2023-09-21 17:33:10 - [TEST_STEP][PASSED] - closeBrowser(): Browser is closed

2023-09-21 17:33:11 - [MESSAGE][PASSED] - Browser is closed

2023-09-21 17:33:11 - [TEST_STEP][PASSED] - ExecuteTC = findTestData(dataFile).getValue("Execute", row): null

2023-09-21 17:33:11 - [TEST_STEP][PASSED] - out.println("Value of Execute is : " + ExecuteTC): null

2023-09-21 17:33:11 - [TEST_STEP][PASSED] - switch (executionProfile): null

2023-09-21 17:33:11 - [TEST_STEP][PASSED] - case "QA2Profile":: null

2023-09-21 17:33:11 - [TEST_STEP][PASSED] - appName = findTestData(dataFile).getValue("AppNameQA", row): null

2023-09-21 17:33:12 - [TEST_STEP][PASSED] - appID = findTestData(dataFile).getValue("AppIDQA", row): null

2023-09-21 17:33:12 - [TEST_STEP][PASSED] - break: null

2023-09-21 17:33:12 - [TEST_STEP][PASSED] - if (ExecuteTC.equalsIgnoreCase("Y")): null

2023-09-21 17:33:12 - [TEST_STEP][PASSED] - out.println("Begin Record Number: " + row): null

2023-09-21 17:33:12 - [TEST_STEP][PASSED] - today = new java.util.Date(): null

2023-09-21 17:33:12 - [TEST_STEP][PASSED] - println(today): null

2023-09-21 17:33:12 - [TEST_STEP][PASSED] - datText = today: null

2023-09-21 17:33:12 - [TEST_STEP][PASSED] - adminSuiteBootstrap.loginFunctionality.login_AdminSuite(): adminSuiteBootstrap.loginFunctionality.login_AdminSuite is PASSED

2023-09-21 17:33:12 - [MESSAGE][INFO] - Starting 'Chrome' driver

2023-09-21 17:33:12 - [MESSAGE][INFO] - User set preference: ['acceptInsecureCerts', 'true']

2023-09-21 17:33:12 - [MESSAGE][INFO] - Action delay is set to 0 milliseconds

2023-09-21 17:33:14 - [MESSAGE][PASSED] - Browser is opened with url: 'https://qa2.velocitypayment.com/admin/imtiaz'

2023-09-21 17:33:14 - [MESSAGE][PASSED] - Current window maximized

2023-09-21 17:33:15 - [MESSAGE][PASSED] - Object 'Object Repository/Login_Page/Login_Username_Okta' is present

2023-09-21 17:33:16 - [MESSAGE][PASSED] - Text 'iahmed' is set on object 'Object Repository/Login_Page/Login_Username_Okta'

2023-09-21 17:33:16 - [MESSAGE][PASSED] - Text 'Hello1111111@' is set on object 'Object Repository/Login_Page/Login_Password_Okta'

2023-09-21 17:33:17 - [MESSAGE][PASSED] - Object: 'Object Repository/Login_Page/Login_Submit_Okta' is clicked on

2023-09-21 17:33:17 - [MESSAGE][PASSED] - adminSuiteBootstrap.loginFunctionality.login_AdminSuite is PASSED

2023-09-21 17:33:17 - [TEST_STEP][PASSED] - click(findTestObject(path_Dashboard + appName)): Object: 'Object Repository/AdminSuiteBootstrap_Pages/Dashboard_Bootstrap/a_Access AutoNoCFtp' is clicked on

2023-09-21 17:33:24 - [MESSAGE][PASSED] - Object: 'Object Repository/AdminSuiteBootstrap_Pages/Dashboard_Bootstrap/a_Access AutoNoCFtp' is clicked on

2023-09-21 17:33:24 - [TEST_STEP][PASSED] - click(findTestObject(path_VT + "a_Find Profile")): Object: 'Object Repository/AdminSuiteBootstrap_Pages/VT_Bootstrap/IssueTransactions/a_Find Profile' is clicked on

2023-09-21 17:33:25 - [MESSAGE][PASSED] - Object: 'Object Repository/AdminSuiteBootstrap_Pages/VT_Bootstrap/IssueTransactions/a_Find Profile' is clicked on

2023-09-21 17:33:25 - [TEST_STEP][PASSED] - criteria = <not implemented yet for class: org.codehaus.groovy.ast.expr.EmptyExpression>: null

2023-09-21 17:33:25 - [TEST_STEP][PASSED] - searchBy = <not implemented yet for class: org.codehaus.groovy.ast.expr.EmptyExpression>: null

2023-09-21 17:33:25 - [TEST_STEP][PASSED] - criteria = findTestData(dataFile).getValue("ProfileName", row): null

2023-09-21 17:33:25 - [TEST_STEP][PASSED] - path_SearchProfile = "Object Repository/AdminSuiteBootstrap_Pages/VSP_Bootstrap/SearchProfile/": null

2023-09-21 17:33:25 - [TEST_STEP][PASSED] - setText(findTestObject(path_SearchProfile + "input_Criteria"), criteria): Text 'PaymentsAmEx' is set on object 'Object Repository/AdminSuiteBootstrap_Pages/VSP_Bootstrap/SearchProfile/input_Criteria'

2023-09-21 17:33:25 - [MESSAGE][PASSED] - Text 'PaymentsAmEx' is set on object 'Object Repository/AdminSuiteBootstrap_Pages/VSP_Bootstrap/SearchProfile/input_Criteria'

2023-09-21 17:33:25 - [TEST_STEP][PASSED] - click(findTestObject(path_SearchProfile + "button_Search")): Object: 'Object Repository/AdminSuiteBootstrap_Pages/VSP_Bootstrap/SearchProfile/button_Search' is clicked on

2023-09-21 17:33:26 - [MESSAGE][PASSED] - Object: 'Object Repository/AdminSuiteBootstrap_Pages/VSP_Bootstrap/SearchProfile/button_Search' is clicked on

2023-09-21 17:33:26 - [TEST_STEP][PASSED] - profNameLink = findTestData(dataFile).getValue("ProfileNameLink", row): null

2023-09-21 17:33:26 - [TEST_STEP][PASSED] - click(findTestObject(path_ViewProfile + profNameLink)): Object: 'Object Repository/AdminSuiteBootstrap_Pages/VSP_Bootstrap/View Profile/a_PaymentsAmEx' is clicked on

2023-09-21 17:33:28 - [MESSAGE][PASSED] - Object: 'Object Repository/AdminSuiteBootstrap_Pages/VSP_Bootstrap/View Profile/a_PaymentsAmEx' is clicked on

2023-09-21 17:33:28 - [TEST_STEP][PASSED] - click(findTestObject(path_ViewProfile + "a_Auth")): Object: 'Object Repository/AdminSuiteBootstrap_Pages/VSP_Bootstrap/View Profile/a_Auth' is clicked on

2023-09-21 17:33:29 - [MESSAGE][PASSED] - Object: 'Object Repository/AdminSuiteBootstrap_Pages/VSP_Bootstrap/View Profile/a_Auth' is clicked on

2023-09-21 17:33:29 - [TEST_STEP][PASSED] - verifyTextPresent("Credit Card Authorization", true): Text 'Credit Card Authorization' is present on page  using regular expression

2023-09-21 17:33:30 - [MESSAGE][PASSED] - Text 'Credit Card Authorization' is present on page  using regular expression

2023-09-21 17:33:30 - [TEST_STEP][PASSED] - verifyTextPresent("Required fields are highlighted with an asterisk", true): Text 'Required fields are highlighted with an asterisk' is present on page  using regular expression

2023-09-21 17:33:30 - [MESSAGE][PASSED] - Text 'Required fields are highlighted with an asterisk' is present on page  using regular expression

2023-09-21 17:33:30 - [TEST_STEP][PASSED] - verifyTextPresent("Remittance ID", true): Text 'Remittance ID' is present on page  using regular expression

2023-09-21 17:33:30 - [MESSAGE][PASSED] - Text 'Remittance ID' is present on page  using regular expression

2023-09-21 17:33:30 - [TEST_STEP][PASSED] - vspBootstrap.SalePage.setDataSaleAndAuth(row, dataFile): vspBootstrap.SalePage.setDataSaleAndAuth is PASSED

2023-09-21 17:33:32 - [MESSAGE][PASSED] - All options with value 'MOTO' are selected in object 'Object Repository/AdminSuiteBootstrap_Pages/VSP_Bootstrap/VSP_Authcap/select_TransactionCategory'  using regular expression

2023-09-21 17:33:33 - [MESSAGE][PASSED] - Text '1234' is set on object 'Object Repository/AdminSuiteBootstrap_Pages/VSP_Bootstrap/VSP_Authcap/input_cvv'

2023-09-21 17:33:33 - [MESSAGE][PASSED] - Text '' is set on object 'Object Repository/AdminSuiteBootstrap_Pages/VSP_Bootstrap/VSP_Authcap/input_smsNumber'

2023-09-21 17:33:34 - [MESSAGE][PASSED] - Text '2.50' is set on object 'Object Repository/AdminSuiteBootstrap_Pages/VSP_Bootstrap/VSP_Authcap/input_amount'

2023-09-21 17:33:35 - [MESSAGE][PASSED] - Text 'Delhi' is set on object 'Object Repository/AdminSuiteBootstrap_Pages/VSP_Bootstrap/VSP_Authcap/input_userDefined1'

2023-09-21 17:33:35 - [MESSAGE][PASSED] - Text 'Chennai' is set on object 'Object Repository/AdminSuiteBootstrap_Pages/VSP_Bootstrap/VSP_Authcap/input_userDefined2'

2023-09-21 17:33:36 - [MESSAGE][PASSED] - Text 'Mumbai' is set on object 'Object Repository/AdminSuiteBootstrap_Pages/VSP_Bootstrap/VSP_Authcap/input_userDefined3'

2023-09-21 17:33:36 - [MESSAGE][PASSED] - Text 'Kanpur' is set on object 'Object Repository/AdminSuiteBootstrap_Pages/VSP_Bootstrap/VSP_Authcap/input_userDefined4'

2023-09-21 17:33:37 - [MESSAGE][PASSED] - All options with label 'Orange' are selected in object 'Object Repository/AdminSuiteBootstrap_Pages/VSP_Bootstrap/VSP_Authcap/select_UDF5'  using regular expression

2023-09-21 17:33:38 - [MESSAGE][PASSED] - All options with label 'Yellow' are selected in object 'Object Repository/AdminSuiteBootstrap_Pages/VSP_Bootstrap/VSP_Authcap/select_UDF6'  using regular expression

2023-09-21 17:33:39 - [MESSAGE][PASSED] - Text 'Kolkata' is set on object 'Object Repository/AdminSuiteBootstrap_Pages/VSP_Bootstrap/VSP_Authcap/input_userDefined7'

2023-09-21 17:33:39 - [MESSAGE][PASSED] - Text 'Pune' is set on object 'Object Repository/AdminSuiteBootstrap_Pages/VSP_Bootstrap/VSP_Authcap/input_userDefined8'

2023-09-21 17:33:40 - [MESSAGE][PASSED] - Text 'Bhavnagar' is set on object 'Object Repository/AdminSuiteBootstrap_Pages/VSP_Bootstrap/VSP_Authcap/input_userDefined9'

2023-09-21 17:33:41 - [MESSAGE][PASSED] - Text 'Noida' is set on object 'Object Repository/AdminSuiteBootstrap_Pages/VSP_Bootstrap/VSP_Authcap/input_userDefined10'

2023-09-21 17:33:42 - [MESSAGE][PASSED] - Object: 'Object Repository/AdminSuiteBootstrap_Pages/VSP_Bootstrap/VSP_Authcap/button_Submit' is clicked on

2023-09-21 17:33:42 - [MESSAGE][PASSED] - vspBootstrap.SalePage.setDataSaleAndAuth is PASSED

2023-09-21 17:33:42 - [TEST_STEP][PASSED] - verifyTextPresent("Transaction Successful", true): Text 'Transaction Successful' is present on page  using regular expression

2023-09-21 17:33:43 - [MESSAGE][PASSED] - Text 'Transaction Successful' is present on page  using regular expression

2023-09-21 17:33:43 - [TEST_STEP][PASSED] - verifyElementVisible(findTestObject("Object Repository/AdminSuiteBootstrap_Pages/VT_Bootstrap/Receipt/button_Continue")): Object 'Object Repository/AdminSuiteBootstrap_Pages/VT_Bootstrap/Receipt/button_Continue' is visible

2023-09-21 17:33:43 - [MESSAGE][PASSED] - Object 'Object Repository/AdminSuiteBootstrap_Pages/VT_Bootstrap/Receipt/button_Continue' is visible

2023-09-21 17:33:43 - [TEST_STEP][PASSED] - verifyElementPresent(findTestObject("Object Repository/AdminSuiteBootstrap_Pages/VT_Bootstrap/Receipt/button_Continue"), 20): Object 'Object Repository/AdminSuiteBootstrap_Pages/VT_Bootstrap/Receipt/button_Continue' is present

2023-09-21 17:33:43 - [MESSAGE][PASSED] - Object 'Object Repository/AdminSuiteBootstrap_Pages/VT_Bootstrap/Receipt/button_Continue' is present

2023-09-21 17:33:43 - [TEST_STEP][PASSED] - verifyElementVisible(findTestObject("Object Repository/AdminSuiteBootstrap_Pages/VT_Bootstrap/Receipt/button_Print")): Object 'Object Repository/AdminSuiteBootstrap_Pages/VT_Bootstrap/Receipt/button_Print' is visible

2023-09-21 17:33:43 - [MESSAGE][PASSED] - Object 'Object Repository/AdminSuiteBootstrap_Pages/VT_Bootstrap/Receipt/button_Print' is visible

2023-09-21 17:33:43 - [TEST_STEP][PASSED] - verifyElementPresent(findTestObject("Object Repository/AdminSuiteBootstrap_Pages/VT_Bootstrap/Receipt/button_Print"), 20): Object 'Object Repository/AdminSuiteBootstrap_Pages/VT_Bootstrap/Receipt/button_Print' is present

2023-09-21 17:33:44 - [MESSAGE][PASSED] - Object 'Object Repository/AdminSuiteBootstrap_Pages/VT_Bootstrap/Receipt/button_Print' is present

2023-09-21 17:33:44 - [TEST_STEP][PASSED] - verifyTextPresent("Remittance ID", true): Text 'Remittance ID' is present on page  using regular expression

2023-09-21 17:33:44 - [MESSAGE][PASSED] - Text 'Remittance ID' is present on page  using regular expression

2023-09-21 17:33:44 - [TEST_STEP][PASSED] - verifyTextPresent("Received", true): Text 'Received' is present on page  using regular expression

2023-09-21 17:33:44 - [MESSAGE][PASSED] - Text 'Received' is present on page  using regular expression

2023-09-21 17:33:44 - [TEST_STEP][PASSED] - verifyTextPresent("UDF1", true): Text 'UDF1' is present on page  using regular expression

2023-09-21 17:33:45 - [MESSAGE][PASSED] - Text 'UDF1' is present on page  using regular expression

2023-09-21 17:33:45 - [TEST_STEP][PASSED] - verifyTextPresent("UDF2", true): Text 'UDF2' is present on page  using regular expression

2023-09-21 17:33:45 - [MESSAGE][PASSED] - Text 'UDF2' is present on page  using regular expression

2023-09-21 17:33:45 - [TEST_STEP][PASSED] - verifyTextPresent("UDF3", true): Text 'UDF3' is present on page  using regular expression

2023-09-21 17:33:45 - [MESSAGE][PASSED] - Text 'UDF3' is present on page  using regular expression

2023-09-21 17:33:45 - [TEST_STEP][PASSED] - verifyTextPresent("UDF4", true): Text 'UDF4' is present on page  using regular expression

2023-09-21 17:33:46 - [MESSAGE][PASSED] - Text 'UDF4' is present on page  using regular expression

2023-09-21 17:33:46 - [TEST_STEP][PASSED] - verifyTextPresent("UDF5", true): Text 'UDF5' is present on page  using regular expression

2023-09-21 17:33:46 - [MESSAGE][PASSED] - Text 'UDF5' is present on page  using regular expression

2023-09-21 17:33:46 - [TEST_STEP][PASSED] - verifyTextPresent("UDF6", true): Text 'UDF6' is present on page  using regular expression

2023-09-21 17:33:46 - [MESSAGE][PASSED] - Text 'UDF6' is present on page  using regular expression

2023-09-21 17:33:46 - [TEST_STEP][PASSED] - verifyTextPresent("UDF7", true): Text 'UDF7' is present on page  using regular expression

2023-09-21 17:33:46 - [MESSAGE][PASSED] - Text 'UDF7' is present on page  using regular expression

2023-09-21 17:33:46 - [TEST_STEP][PASSED] - verifyTextPresent("UDF8", true): Text 'UDF8' is present on page  using regular expression

2023-09-21 17:33:47 - [MESSAGE][PASSED] - Text 'UDF8' is present on page  using regular expression

2023-09-21 17:33:47 - [TEST_STEP][PASSED] - verifyTextPresent("UDF9", true): Text 'UDF9' is present on page  using regular expression

2023-09-21 17:33:47 - [MESSAGE][PASSED] - Text 'UDF9' is present on page  using regular expression

2023-09-21 17:33:47 - [TEST_STEP][PASSED] - verifyTextPresent("UDF 10", true): Text 'UDF 10' is present on page  using regular expression

2023-09-21 17:33:47 - [MESSAGE][PASSED] - Text 'UDF 10' is present on page  using regular expression

2023-09-21 17:33:47 - [TEST_STEP][PASSED] - verifyTextPresent("Delhi", true): Text 'Delhi' is present on page  using regular expression

2023-09-21 17:33:48 - [MESSAGE][PASSED] - Text 'Delhi' is present on page  using regular expression

2023-09-21 17:33:48 - [TEST_STEP][PASSED] - verifyTextPresent("Chennai", true): Text 'Chennai' is present on page  using regular expression

2023-09-21 17:33:48 - [MESSAGE][PASSED] - Text 'Chennai' is present on page  using regular expression

2023-09-21 17:33:48 - [TEST_STEP][PASSED] - verifyTextPresent("Mumbai", true): Text 'Mumbai' is present on page  using regular expression

2023-09-21 17:33:48 - [MESSAGE][PASSED] - Text 'Mumbai' is present on page  using regular expression

2023-09-21 17:33:48 - [TEST_STEP][PASSED] - verifyTextPresent("Kanpur", true): Text 'Kanpur' is present on page  using regular expression

2023-09-21 17:33:49 - [MESSAGE][PASSED] - Text 'Kanpur' is present on page  using regular expression

2023-09-21 17:33:49 - [TEST_STEP][PASSED] - verifyTextPresent("Orange Recorded", true): Text 'Orange Recorded' is present on page  using regular expression

2023-09-21 17:33:49 - [MESSAGE][PASSED] - Text 'Orange Recorded' is present on page  using regular expression

2023-09-21 17:33:49 - [TEST_STEP][PASSED] - verifyTextPresent("Yellow Recorded", true): Text 'Yellow Recorded' is present on page  using regular expression

2023-09-21 17:33:49 - [MESSAGE][PASSED] - Text 'Yellow Recorded' is present on page  using regular expression

2023-09-21 17:33:49 - [TEST_STEP][PASSED] - verifyTextPresent("Kolkata", true): Text 'Kolkata' is present on page  using regular expression

2023-09-21 17:33:49 - [MESSAGE][PASSED] - Text 'Kolkata' is present on page  using regular expression

2023-09-21 17:33:49 - [TEST_STEP][PASSED] - verifyTextPresent("Pune", true): Text 'Pune' is present on page  using regular expression

2023-09-21 17:33:50 - [MESSAGE][PASSED] - Text 'Pune' is present on page  using regular expression

2023-09-21 17:33:50 - [TEST_STEP][PASSED] - verifyTextPresent("Bhavnagar", true): Text 'Bhavnagar' is present on page  using regular expression

2023-09-21 17:33:50 - [MESSAGE][PASSED] - Text 'Bhavnagar' is present on page  using regular expression

2023-09-21 17:33:50 - [TEST_STEP][PASSED] - verifyTextPresent("Noida", true): Text 'Noida' is present on page  using regular expression

2023-09-21 17:33:50 - [MESSAGE][PASSED] - Text 'Noida' is present on page  using regular expression

2023-09-21 17:33:50 - [TEST_STEP][PASSED] - verifyTextPresent("Amount", true): Text 'Amount' is present on page  using regular expression

2023-09-21 17:33:51 - [MESSAGE][PASSED] - Text 'Amount' is present on page  using regular expression

2023-09-21 17:33:51 - [TEST_STEP][PASSED] - verifyTextPresent("2.50", true): Text '2.50' is present on page  using regular expression

2023-09-21 17:33:51 - [MESSAGE][PASSED] - Text '2.50' is present on page  using regular expression

2023-09-21 17:33:51 - [TEST_STEP][PASSED] - verifyTextPresent("Authorization", true): Text 'Authorization' is present on page  using regular expression

2023-09-21 17:33:51 - [MESSAGE][PASSED] - Text 'Authorization' is present on page  using regular expression

2023-09-21 17:33:51 - [TEST_STEP][PASSED] - verifyTextPresent("Card Information", true): Text 'Card Information' is present on page  using regular expression

2023-09-21 17:33:52 - [MESSAGE][PASSED] - Text 'Card Information' is present on page  using regular expression

2023-09-21 17:33:52 - [TEST_STEP][PASSED] - verifyTextPresent("TANDON RAVENA", true): Text 'TANDON RAVENA' is present on page  using regular expression

2023-09-21 17:33:52 - [MESSAGE][PASSED] - Text 'TANDON RAVENA' is present on page  using regular expression

2023-09-21 17:33:52 - [TEST_STEP][PASSED] - verifyTextPresent("Address Line 1", true): Text 'Address Line 1' is present on page  using regular expression

2023-09-21 17:33:52 - [MESSAGE][PASSED] - Text 'Address Line 1' is present on page  using regular expression

2023-09-21 17:33:52 - [TEST_STEP][PASSED] - verifyTextPresent("Address Line 2", true): Text 'Address Line 2' is present on page  using regular expression

2023-09-21 17:33:52 - [MESSAGE][PASSED] - Text 'Address Line 2' is present on page  using regular expression

2023-09-21 17:33:52 - [TEST_STEP][PASSED] - verifyTextPresent("Country", true): Text 'Country' is present on page  using regular expression

2023-09-21 17:33:53 - [MESSAGE][PASSED] - Text 'Country' is present on page  using regular expression

2023-09-21 17:33:53 - [TEST_STEP][PASSED] - verifyTextPresent("City", true): Text 'City' is present on page  using regular expression

2023-09-21 17:33:53 - [MESSAGE][PASSED] - Text 'City' is present on page  using regular expression

2023-09-21 17:33:53 - [TEST_STEP][PASSED] - verifyTextPresent("State", true): Text 'State' is present on page  using regular expression

2023-09-21 17:33:53 - [MESSAGE][PASSED] - Text 'State' is present on page  using regular expression

2023-09-21 17:33:53 - [TEST_STEP][PASSED] - verifyTextPresent("ZIP Code", true): Text 'ZIP Code' is present on page  using regular expression

2023-09-21 17:33:54 - [MESSAGE][PASSED] - Text 'ZIP Code' is present on page  using regular expression

2023-09-21 17:33:54 - [TEST_STEP][PASSED] - verifyTextPresent("248 PhoolKaante road", true): Text '248 PhoolKaante road' is present on page  using regular expression

2023-09-21 17:33:54 - [MESSAGE][PASSED] - Text '248 PhoolKaante road' is present on page  using regular expression

2023-09-21 17:33:54 - [TEST_STEP][PASSED] - verifyTextPresent("Suite 678", true): Text 'Suite 678' is present on page  using regular expression

2023-09-21 17:33:54 - [MESSAGE][PASSED] - Text 'Suite 678' is present on page  using regular expression

2023-09-21 17:33:54 - [TEST_STEP][PASSED] - verifyTextPresent("United States", true): Text 'United States' is present on page  using regular expression

2023-09-21 17:33:54 - [MESSAGE][PASSED] - Text 'United States' is present on page  using regular expression

2023-09-21 17:33:54 - [TEST_STEP][PASSED] - verifyTextPresent("ARLINGTON", true): Text 'ARLINGTON' is present on page  using regular expression

2023-09-21 17:33:55 - [MESSAGE][PASSED] - Text 'ARLINGTON' is present on page  using regular expression

2023-09-21 17:33:55 - [TEST_STEP][PASSED] - verifyTextPresent("VA", true): Text 'VA' is present on page  using regular expression

2023-09-21 17:33:55 - [MESSAGE][PASSED] - Text 'VA' is present on page  using regular expression

2023-09-21 17:33:55 - [TEST_STEP][PASSED] - verifyTextPresent("22201", true): Text '22201' is present on page  using regular expression

2023-09-21 17:33:55 - [MESSAGE][PASSED] - Text '22201' is present on page  using regular expression

2023-09-21 17:33:55 - [TEST_STEP][PASSED] - cardTypeV = findTestData(dataFile).getValue("CardType", row): null

2023-09-21 17:33:55 - [TEST_STEP][PASSED] - last4V = findTestData(dataFile).getValue("Last4", row): null

2023-09-21 17:33:55 - [TEST_STEP][PASSED] - verifyTextPresent(cardTypeV, true): Text 'American Express' is present on page  using regular expression

2023-09-21 17:33:56 - [MESSAGE][PASSED] - Text 'American Express' is present on page  using regular expression

2023-09-21 17:33:56 - [TEST_STEP][PASSED] - verifyTextPresent(last4V, true): Text '2376' is present on page  using regular expression

2023-09-21 17:33:56 - [MESSAGE][PASSED] - Text '2376' is present on page  using regular expression

2023-09-21 17:33:56 - [TEST_STEP][PASSED] - switch (appName): null

2023-09-21 17:33:56 - [TEST_STEP][PASSED] - closeBrowser(): Browser is closed

2023-09-21 17:33:57 - [MESSAGE][PASSED] - Browser is closed

2023-09-21 17:33:57 - [TEST_STEP][PASSED] - ExecuteTC = findTestData(dataFile).getValue("Execute", row): null

2023-09-21 17:33:57 - [TEST_STEP][PASSED] - out.println("Value of Execute is : " + ExecuteTC): null

2023-09-21 17:33:57 - [TEST_STEP][PASSED] - switch (executionProfile): null

2023-09-21 17:33:57 - [TEST_STEP][PASSED] - case "QA2Profile":: null

2023-09-21 17:33:57 - [TEST_STEP][PASSED] - appName = findTestData(dataFile).getValue("AppNameQA", row): null

2023-09-21 17:33:57 - [TEST_STEP][PASSED] - appID = findTestData(dataFile).getValue("AppIDQA", row): null

2023-09-21 17:33:57 - [TEST_STEP][PASSED] - break: null

2023-09-21 17:33:57 - [TEST_STEP][PASSED] - if (ExecuteTC.equalsIgnoreCase("Y")): null

2023-09-21 17:33:57 - [TEST_STEP][PASSED] - out.println("Begin Record Number: " + row): null

2023-09-21 17:33:57 - [TEST_STEP][PASSED] - today = new java.util.Date(): null

2023-09-21 17:33:57 - [TEST_STEP][PASSED] - println(today): null

2023-09-21 17:33:57 - [TEST_STEP][PASSED] - datText = today: null

2023-09-21 17:33:57 - [TEST_STEP][PASSED] - adminSuiteBootstrap.loginFunctionality.login_AdminSuite(): adminSuiteBootstrap.loginFunctionality.login_AdminSuite is PASSED

2023-09-21 17:33:57 - [MESSAGE][INFO] - Starting 'Chrome' driver

2023-09-21 17:33:57 - [MESSAGE][INFO] - User set preference: ['acceptInsecureCerts', 'true']

2023-09-21 17:33:57 - [MESSAGE][INFO] - Action delay is set to 0 milliseconds

2023-09-21 17:34:00 - [MESSAGE][PASSED] - Browser is opened with url: 'https://qa2.velocitypayment.com/admin/imtiaz'

2023-09-21 17:34:00 - [MESSAGE][PASSED] - Current window maximized

2023-09-21 17:34:00 - [MESSAGE][PASSED] - Object 'Object Repository/Login_Page/Login_Username_Okta' is present

2023-09-21 17:34:01 - [MESSAGE][PASSED] - Text 'iahmed' is set on object 'Object Repository/Login_Page/Login_Username_Okta'

2023-09-21 17:34:02 - [MESSAGE][PASSED] - Text 'Hello1111111@' is set on object 'Object Repository/Login_Page/Login_Password_Okta'

2023-09-21 17:34:02 - [MESSAGE][PASSED] - Object: 'Object Repository/Login_Page/Login_Submit_Okta' is clicked on

2023-09-21 17:34:02 - [MESSAGE][PASSED] - adminSuiteBootstrap.loginFunctionality.login_AdminSuite is PASSED

2023-09-21 17:34:02 - [TEST_STEP][PASSED] - click(findTestObject(path_Dashboard + appName)): Object: 'Object Repository/AdminSuiteBootstrap_Pages/Dashboard_Bootstrap/a_Access AutoNoCFtp' is clicked on

2023-09-21 17:34:09 - [MESSAGE][PASSED] - Object: 'Object Repository/AdminSuiteBootstrap_Pages/Dashboard_Bootstrap/a_Access AutoNoCFtp' is clicked on

2023-09-21 17:34:09 - [TEST_STEP][PASSED] - click(findTestObject(path_VT + "a_Find Profile")): Object: 'Object Repository/AdminSuiteBootstrap_Pages/VT_Bootstrap/IssueTransactions/a_Find Profile' is clicked on

2023-09-21 17:34:09 - [MESSAGE][PASSED] - Object: 'Object Repository/AdminSuiteBootstrap_Pages/VT_Bootstrap/IssueTransactions/a_Find Profile' is clicked on

2023-09-21 17:34:09 - [TEST_STEP][PASSED] - criteria = <not implemented yet for class: org.codehaus.groovy.ast.expr.EmptyExpression>: null

2023-09-21 17:34:09 - [TEST_STEP][PASSED] - searchBy = <not implemented yet for class: org.codehaus.groovy.ast.expr.EmptyExpression>: null

2023-09-21 17:34:09 - [TEST_STEP][PASSED] - criteria = findTestData(dataFile).getValue("ProfileName", row): null

2023-09-21 17:34:10 - [TEST_STEP][PASSED] - path_SearchProfile = "Object Repository/AdminSuiteBootstrap_Pages/VSP_Bootstrap/SearchProfile/": null

2023-09-21 17:34:10 - [TEST_STEP][PASSED] - setText(findTestObject(path_SearchProfile + "input_Criteria"), criteria): Text 'PaymentsDI' is set on object 'Object Repository/AdminSuiteBootstrap_Pages/VSP_Bootstrap/SearchProfile/input_Criteria'

2023-09-21 17:34:10 - [MESSAGE][PASSED] - Text 'PaymentsDI' is set on object 'Object Repository/AdminSuiteBootstrap_Pages/VSP_Bootstrap/SearchProfile/input_Criteria'

2023-09-21 17:34:10 - [TEST_STEP][PASSED] - click(findTestObject(path_SearchProfile + "button_Search")): Object: 'Object Repository/AdminSuiteBootstrap_Pages/VSP_Bootstrap/SearchProfile/button_Search' is clicked on

2023-09-21 17:34:11 - [MESSAGE][PASSED] - Object: 'Object Repository/AdminSuiteBootstrap_Pages/VSP_Bootstrap/SearchProfile/button_Search' is clicked on

2023-09-21 17:34:11 - [TEST_STEP][PASSED] - profNameLink = findTestData(dataFile).getValue("ProfileNameLink", row): null

2023-09-21 17:34:11 - [TEST_STEP][PASSED] - click(findTestObject(path_ViewProfile + profNameLink)): Object: 'Object Repository/AdminSuiteBootstrap_Pages/VSP_Bootstrap/View Profile/a_PaymentsDI' is clicked on

2023-09-21 17:34:12 - [MESSAGE][PASSED] - Object: 'Object Repository/AdminSuiteBootstrap_Pages/VSP_Bootstrap/View Profile/a_PaymentsDI' is clicked on

2023-09-21 17:34:12 - [TEST_STEP][PASSED] - click(findTestObject(path_ViewProfile + "a_Auth")): Object: 'Object Repository/AdminSuiteBootstrap_Pages/VSP_Bootstrap/View Profile/a_Auth' is clicked on

2023-09-21 17:34:14 - [MESSAGE][PASSED] - Object: 'Object Repository/AdminSuiteBootstrap_Pages/VSP_Bootstrap/View Profile/a_Auth' is clicked on

2023-09-21 17:34:14 - [TEST_STEP][PASSED] - verifyTextPresent("Credit Card Authorization", true): Text 'Credit Card Authorization' is present on page  using regular expression

2023-09-21 17:34:14 - [MESSAGE][PASSED] - Text 'Credit Card Authorization' is present on page  using regular expression

2023-09-21 17:34:14 - [TEST_STEP][PASSED] - verifyTextPresent("Required fields are highlighted with an asterisk", true): Text 'Required fields are highlighted with an asterisk' is present on page  using regular expression

2023-09-21 17:34:15 - [MESSAGE][PASSED] - Text 'Required fields are highlighted with an asterisk' is present on page  using regular expression

2023-09-21 17:34:15 - [TEST_STEP][PASSED] - verifyTextPresent("Remittance ID", true): Text 'Remittance ID' is present on page  using regular expression

2023-09-21 17:34:15 - [MESSAGE][PASSED] - Text 'Remittance ID' is present on page  using regular expression

2023-09-21 17:34:15 - [TEST_STEP][PASSED] - vspBootstrap.SalePage.setDataSaleAndAuth(row, dataFile): vspBootstrap.SalePage.setDataSaleAndAuth is PASSED

2023-09-21 17:34:16 - [MESSAGE][PASSED] - All options with value 'MOTO' are selected in object 'Object Repository/AdminSuiteBootstrap_Pages/VSP_Bootstrap/VSP_Authcap/select_TransactionCategory'  using regular expression

2023-09-21 17:34:17 - [MESSAGE][PASSED] - Text '123' is set on object 'Object Repository/AdminSuiteBootstrap_Pages/VSP_Bootstrap/VSP_Authcap/input_cvv'

2023-09-21 17:34:18 - [MESSAGE][PASSED] - Text '' is set on object 'Object Repository/AdminSuiteBootstrap_Pages/VSP_Bootstrap/VSP_Authcap/input_smsNumber'

2023-09-21 17:34:18 - [MESSAGE][PASSED] - Text '2.50' is set on object 'Object Repository/AdminSuiteBootstrap_Pages/VSP_Bootstrap/VSP_Authcap/input_amount'

2023-09-21 17:34:19 - [MESSAGE][PASSED] - Text 'Delhi' is set on object 'Object Repository/AdminSuiteBootstrap_Pages/VSP_Bootstrap/VSP_Authcap/input_userDefined1'

2023-09-21 17:34:20 - [MESSAGE][PASSED] - Text 'Chennai' is set on object 'Object Repository/AdminSuiteBootstrap_Pages/VSP_Bootstrap/VSP_Authcap/input_userDefined2'

2023-09-21 17:34:20 - [MESSAGE][PASSED] - Text 'Mumbai' is set on object 'Object Repository/AdminSuiteBootstrap_Pages/VSP_Bootstrap/VSP_Authcap/input_userDefined3'

2023-09-21 17:34:21 - [MESSAGE][PASSED] - Text 'Kanpur' is set on object 'Object Repository/AdminSuiteBootstrap_Pages/VSP_Bootstrap/VSP_Authcap/input_userDefined4'

2023-09-21 17:34:22 - [MESSAGE][PASSED] - All options with label 'Orange' are selected in object 'Object Repository/AdminSuiteBootstrap_Pages/VSP_Bootstrap/VSP_Authcap/select_UDF5'  using regular expression

2023-09-21 17:34:23 - [MESSAGE][PASSED] - All options with label 'Yellow' are selected in object 'Object Repository/AdminSuiteBootstrap_Pages/VSP_Bootstrap/VSP_Authcap/select_UDF6'  using regular expression

2023-09-21 17:34:23 - [MESSAGE][PASSED] - Text 'Kolkata' is set on object 'Object Repository/AdminSuiteBootstrap_Pages/VSP_Bootstrap/VSP_Authcap/input_userDefined7'

2023-09-21 17:34:24 - [MESSAGE][PASSED] - Text 'Pune' is set on object 'Object Repository/AdminSuiteBootstrap_Pages/VSP_Bootstrap/VSP_Authcap/input_userDefined8'

2023-09-21 17:34:25 - [MESSAGE][PASSED] - Text 'Bhavnagar' is set on object 'Object Repository/AdminSuiteBootstrap_Pages/VSP_Bootstrap/VSP_Authcap/input_userDefined9'

2023-09-21 17:34:25 - [MESSAGE][PASSED] - Text 'Noida' is set on object 'Object Repository/AdminSuiteBootstrap_Pages/VSP_Bootstrap/VSP_Authcap/input_userDefined10'

2023-09-21 17:34:27 - [MESSAGE][PASSED] - Object: 'Object Repository/AdminSuiteBootstrap_Pages/VSP_Bootstrap/VSP_Authcap/button_Submit' is clicked on

2023-09-21 17:34:27 - [MESSAGE][PASSED] - vspBootstrap.SalePage.setDataSaleAndAuth is PASSED

2023-09-21 17:34:27 - [TEST_STEP][PASSED] - verifyTextPresent("Transaction Successful", true): Text 'Transaction Successful' is present on page  using regular expression

2023-09-21 17:34:27 - [MESSAGE][PASSED] - Text 'Transaction Successful' is present on page  using regular expression

2023-09-21 17:34:27 - [TEST_STEP][PASSED] - verifyElementVisible(findTestObject("Object Repository/AdminSuiteBootstrap_Pages/VT_Bootstrap/Receipt/button_Continue")): Object 'Object Repository/AdminSuiteBootstrap_Pages/VT_Bootstrap/Receipt/button_Continue' is visible

2023-09-21 17:34:28 - [MESSAGE][PASSED] - Object 'Object Repository/AdminSuiteBootstrap_Pages/VT_Bootstrap/Receipt/button_Continue' is visible

2023-09-21 17:34:28 - [TEST_STEP][PASSED] - verifyElementPresent(findTestObject("Object Repository/AdminSuiteBootstrap_Pages/VT_Bootstrap/Receipt/button_Continue"), 20): Object 'Object Repository/AdminSuiteBootstrap_Pages/VT_Bootstrap/Receipt/button_Continue' is present

2023-09-21 17:34:28 - [MESSAGE][PASSED] - Object 'Object Repository/AdminSuiteBootstrap_Pages/VT_Bootstrap/Receipt/button_Continue' is present

2023-09-21 17:34:28 - [TEST_STEP][PASSED] - verifyElementVisible(findTestObject("Object Repository/AdminSuiteBootstrap_Pages/VT_Bootstrap/Receipt/button_Print")): Object 'Object Repository/AdminSuiteBootstrap_Pages/VT_Bootstrap/Receipt/button_Print' is visible

2023-09-21 17:34:28 - [MESSAGE][PASSED] - Object 'Object Repository/AdminSuiteBootstrap_Pages/VT_Bootstrap/Receipt/button_Print' is visible

2023-09-21 17:34:28 - [TEST_STEP][PASSED] - verifyElementPresent(findTestObject("Object Repository/AdminSuiteBootstrap_Pages/VT_Bootstrap/Receipt/button_Print"), 20): Object 'Object Repository/AdminSuiteBootstrap_Pages/VT_Bootstrap/Receipt/button_Print' is present

2023-09-21 17:34:29 - [MESSAGE][PASSED] - Object 'Object Repository/AdminSuiteBootstrap_Pages/VT_Bootstrap/Receipt/button_Print' is present

2023-09-21 17:34:29 - [TEST_STEP][PASSED] - verifyTextPresent("Remittance ID", true): Text 'Remittance ID' is present on page  using regular expression

2023-09-21 17:34:29 - [MESSAGE][PASSED] - Text 'Remittance ID' is present on page  using regular expression

2023-09-21 17:34:29 - [TEST_STEP][PASSED] - verifyTextPresent("Received", true): Text 'Received' is present on page  using regular expression

2023-09-21 17:34:29 - [MESSAGE][PASSED] - Text 'Received' is present on page  using regular expression

2023-09-21 17:34:29 - [TEST_STEP][PASSED] - verifyTextPresent("UDF1", true): Text 'UDF1' is present on page  using regular expression

2023-09-21 17:34:30 - [MESSAGE][PASSED] - Text 'UDF1' is present on page  using regular expression

2023-09-21 17:34:30 - [TEST_STEP][PASSED] - verifyTextPresent("UDF2", true): Text 'UDF2' is present on page  using regular expression

2023-09-21 17:34:30 - [MESSAGE][PASSED] - Text 'UDF2' is present on page  using regular expression

2023-09-21 17:34:30 - [TEST_STEP][PASSED] - verifyTextPresent("UDF3", true): Text 'UDF3' is present on page  using regular expression

2023-09-21 17:34:30 - [MESSAGE][PASSED] - Text 'UDF3' is present on page  using regular expression

2023-09-21 17:34:30 - [TEST_STEP][PASSED] - verifyTextPresent("UDF4", true): Text 'UDF4' is present on page  using regular expression

2023-09-21 17:34:30 - [MESSAGE][PASSED] - Text 'UDF4' is present on page  using regular expression

2023-09-21 17:34:30 - [TEST_STEP][PASSED] - verifyTextPresent("UDF5", true): Text 'UDF5' is present on page  using regular expression

2023-09-21 17:34:31 - [MESSAGE][PASSED] - Text 'UDF5' is present on page  using regular expression

2023-09-21 17:34:31 - [TEST_STEP][PASSED] - verifyTextPresent("UDF6", true): Text 'UDF6' is present on page  using regular expression

2023-09-21 17:34:31 - [MESSAGE][PASSED] - Text 'UDF6' is present on page  using regular expression

2023-09-21 17:34:31 - [TEST_STEP][PASSED] - verifyTextPresent("UDF7", true): Text 'UDF7' is present on page  using regular expression

2023-09-21 17:34:31 - [MESSAGE][PASSED] - Text 'UDF7' is present on page  using regular expression

2023-09-21 17:34:31 - [TEST_STEP][PASSED] - verifyTextPresent("UDF8", true): Text 'UDF8' is present on page  using regular expression

2023-09-21 17:34:32 - [MESSAGE][PASSED] - Text 'UDF8' is present on page  using regular expression

2023-09-21 17:34:32 - [TEST_STEP][PASSED] - verifyTextPresent("UDF9", true): Text 'UDF9' is present on page  using regular expression

2023-09-21 17:34:32 - [MESSAGE][PASSED] - Text 'UDF9' is present on page  using regular expression

2023-09-21 17:34:32 - [TEST_STEP][PASSED] - verifyTextPresent("UDF 10", true): Text 'UDF 10' is present on page  using regular expression

2023-09-21 17:34:32 - [MESSAGE][PASSED] - Text 'UDF 10' is present on page  using regular expression

2023-09-21 17:34:32 - [TEST_STEP][PASSED] - verifyTextPresent("Delhi", true): Text 'Delhi' is present on page  using regular expression

2023-09-21 17:34:32 - [MESSAGE][PASSED] - Text 'Delhi' is present on page  using regular expression

2023-09-21 17:34:32 - [TEST_STEP][PASSED] - verifyTextPresent("Chennai", true): Text 'Chennai' is present on page  using regular expression

2023-09-21 17:34:33 - [MESSAGE][PASSED] - Text 'Chennai' is present on page  using regular expression

2023-09-21 17:34:33 - [TEST_STEP][PASSED] - verifyTextPresent("Mumbai", true): Text 'Mumbai' is present on page  using regular expression

2023-09-21 17:34:33 - [MESSAGE][PASSED] - Text 'Mumbai' is present on page  using regular expression

2023-09-21 17:34:33 - [TEST_STEP][PASSED] - verifyTextPresent("Kanpur", true): Text 'Kanpur' is present on page  using regular expression

2023-09-21 17:34:33 - [MESSAGE][PASSED] - Text 'Kanpur' is present on page  using regular expression

2023-09-21 17:34:33 - [TEST_STEP][PASSED] - verifyTextPresent("Orange Recorded", true): Text 'Orange Recorded' is present on page  using regular expression

2023-09-21 17:34:34 - [MESSAGE][PASSED] - Text 'Orange Recorded' is present on page  using regular expression

2023-09-21 17:34:34 - [TEST_STEP][PASSED] - verifyTextPresent("Yellow Recorded", true): Text 'Yellow Recorded' is present on page  using regular expression

2023-09-21 17:34:34 - [MESSAGE][PASSED] - Text 'Yellow Recorded' is present on page  using regular expression

2023-09-21 17:34:34 - [TEST_STEP][PASSED] - verifyTextPresent("Kolkata", true): Text 'Kolkata' is present on page  using regular expression

2023-09-21 17:34:34 - [MESSAGE][PASSED] - Text 'Kolkata' is present on page  using regular expression

2023-09-21 17:34:34 - [TEST_STEP][PASSED] - verifyTextPresent("Pune", true): Text 'Pune' is present on page  using regular expression

2023-09-21 17:34:35 - [MESSAGE][PASSED] - Text 'Pune' is present on page  using regular expression

2023-09-21 17:34:35 - [TEST_STEP][PASSED] - verifyTextPresent("Bhavnagar", true): Text 'Bhavnagar' is present on page  using regular expression

2023-09-21 17:34:35 - [MESSAGE][PASSED] - Text 'Bhavnagar' is present on page  using regular expression

2023-09-21 17:34:35 - [TEST_STEP][PASSED] - verifyTextPresent("Noida", true): Text 'Noida' is present on page  using regular expression

2023-09-21 17:34:35 - [MESSAGE][PASSED] - Text 'Noida' is present on page  using regular expression

2023-09-21 17:34:35 - [TEST_STEP][PASSED] - verifyTextPresent("Amount", true): Text 'Amount' is present on page  using regular expression

2023-09-21 17:34:35 - [MESSAGE][PASSED] - Text 'Amount' is present on page  using regular expression

2023-09-21 17:34:35 - [TEST_STEP][PASSED] - verifyTextPresent("2.50", true): Text '2.50' is present on page  using regular expression

2023-09-21 17:34:36 - [MESSAGE][PASSED] - Text '2.50' is present on page  using regular expression

2023-09-21 17:34:36 - [TEST_STEP][PASSED] - verifyTextPresent("Authorization", true): Text 'Authorization' is present on page  using regular expression

2023-09-21 17:34:36 - [MESSAGE][PASSED] - Text 'Authorization' is present on page  using regular expression

2023-09-21 17:34:36 - [TEST_STEP][PASSED] - verifyTextPresent("Card Information", true): Text 'Card Information' is present on page  using regular expression

2023-09-21 17:34:36 - [MESSAGE][PASSED] - Text 'Card Information' is present on page  using regular expression

2023-09-21 17:34:36 - [TEST_STEP][PASSED] - verifyTextPresent("TANDON RAVENA", true): Text 'TANDON RAVENA' is present on page  using regular expression

2023-09-21 17:34:37 - [MESSAGE][PASSED] - Text 'TANDON RAVENA' is present on page  using regular expression

2023-09-21 17:34:37 - [TEST_STEP][PASSED] - verifyTextPresent("Address Line 1", true): Text 'Address Line 1' is present on page  using regular expression

2023-09-21 17:34:37 - [MESSAGE][PASSED] - Text 'Address Line 1' is present on page  using regular expression

2023-09-21 17:34:37 - [TEST_STEP][PASSED] - verifyTextPresent("Address Line 2", true): Text 'Address Line 2' is present on page  using regular expression

2023-09-21 17:34:37 - [MESSAGE][PASSED] - Text 'Address Line 2' is present on page  using regular expression

2023-09-21 17:34:37 - [TEST_STEP][PASSED] - verifyTextPresent("Country", true): Text 'Country' is present on page  using regular expression

2023-09-21 17:34:38 - [MESSAGE][PASSED] - Text 'Country' is present on page  using regular expression

2023-09-21 17:34:38 - [TEST_STEP][PASSED] - verifyTextPresent("City", true): Text 'City' is present on page  using regular expression

2023-09-21 17:34:38 - [MESSAGE][PASSED] - Text 'City' is present on page  using regular expression

2023-09-21 17:34:38 - [TEST_STEP][PASSED] - verifyTextPresent("State", true): Text 'State' is present on page  using regular expression

2023-09-21 17:34:38 - [MESSAGE][PASSED] - Text 'State' is present on page  using regular expression

2023-09-21 17:34:38 - [TEST_STEP][PASSED] - verifyTextPresent("ZIP Code", true): Text 'ZIP Code' is present on page  using regular expression

2023-09-21 17:34:38 - [MESSAGE][PASSED] - Text 'ZIP Code' is present on page  using regular expression

2023-09-21 17:34:38 - [TEST_STEP][PASSED] - verifyTextPresent("248 PhoolKaante road", true): Text '248 PhoolKaante road' is present on page  using regular expression

2023-09-21 17:34:39 - [MESSAGE][PASSED] - Text '248 PhoolKaante road' is present on page  using regular expression

2023-09-21 17:34:39 - [TEST_STEP][PASSED] - verifyTextPresent("Suite 678", true): Text 'Suite 678' is present on page  using regular expression

2023-09-21 17:34:39 - [MESSAGE][PASSED] - Text 'Suite 678' is present on page  using regular expression

2023-09-21 17:34:39 - [TEST_STEP][PASSED] - verifyTextPresent("United States", true): Text 'United States' is present on page  using regular expression

2023-09-21 17:34:39 - [MESSAGE][PASSED] - Text 'United States' is present on page  using regular expression

2023-09-21 17:34:39 - [TEST_STEP][PASSED] - verifyTextPresent("ARLINGTON", true): Text 'ARLINGTON' is present on page  using regular expression

2023-09-21 17:34:40 - [MESSAGE][PASSED] - Text 'ARLINGTON' is present on page  using regular expression

2023-09-21 17:34:40 - [TEST_STEP][PASSED] - verifyTextPresent("VA", true): Text 'VA' is present on page  using regular expression

2023-09-21 17:34:40 - [MESSAGE][PASSED] - Text 'VA' is present on page  using regular expression

2023-09-21 17:34:40 - [TEST_STEP][PASSED] - verifyTextPresent("22201", true): Text '22201' is present on page  using regular expression

2023-09-21 17:34:40 - [MESSAGE][PASSED] - Text '22201' is present on page  using regular expression

2023-09-21 17:34:40 - [TEST_STEP][PASSED] - cardTypeV = findTestData(dataFile).getValue("CardType", row): null

2023-09-21 17:34:40 - [TEST_STEP][PASSED] - last4V = findTestData(dataFile).getValue("Last4", row): null

2023-09-21 17:34:40 - [TEST_STEP][PASSED] - verifyTextPresent(cardTypeV, true): Text 'Discover' is present on page  using regular expression

2023-09-21 17:34:41 - [MESSAGE][PASSED] - Text 'Discover' is present on page  using regular expression

2023-09-21 17:34:41 - [TEST_STEP][PASSED] - verifyTextPresent(last4V, true): Text '6909' is present on page  using regular expression

2023-09-21 17:34:41 - [MESSAGE][PASSED] - Text '6909' is present on page  using regular expression

2023-09-21 17:34:41 - [TEST_STEP][PASSED] - switch (appName): null

2023-09-21 17:34:41 - [TEST_STEP][PASSED] - closeBrowser(): Browser is closed

2023-09-21 17:34:42 - [MESSAGE][PASSED] - Browser is closed

2023-09-21 17:34:42 - [TEST_STEP][PASSED] - ExecuteTC = findTestData(dataFile).getValue("Execute", row): null

2023-09-21 17:34:42 - [TEST_STEP][PASSED] - out.println("Value of Execute is : " + ExecuteTC): null

2023-09-21 17:34:42 - [TEST_STEP][PASSED] - switch (executionProfile): null

2023-09-21 17:34:42 - [TEST_STEP][PASSED] - case "QA2Profile":: null

2023-09-21 17:34:42 - [TEST_STEP][PASSED] - appName = findTestData(dataFile).getValue("AppNameQA", row): null

2023-09-21 17:34:42 - [TEST_STEP][PASSED] - appID = findTestData(dataFile).getValue("AppIDQA", row): null

2023-09-21 17:34:42 - [TEST_STEP][PASSED] - break: null

2023-09-21 17:34:42 - [TEST_STEP][PASSED] - if (ExecuteTC.equalsIgnoreCase("Y")): null

2023-09-21 17:34:42 - [TEST_STEP][PASSED] - out.println("Begin Record Number: " + row): null

2023-09-21 17:34:42 - [TEST_STEP][PASSED] - today = new java.util.Date(): null

2023-09-21 17:34:42 - [TEST_STEP][PASSED] - println(today): null

2023-09-21 17:34:42 - [TEST_STEP][PASSED] - datText = today: null

2023-09-21 17:34:42 - [TEST_STEP][PASSED] - adminSuiteBootstrap.loginFunctionality.login_AdminSuite(): adminSuiteBootstrap.loginFunctionality.login_AdminSuite is PASSED

2023-09-21 17:34:42 - [MESSAGE][INFO] - Starting 'Chrome' driver

2023-09-21 17:34:42 - [MESSAGE][INFO] - User set preference: ['acceptInsecureCerts', 'true']

2023-09-21 17:34:42 - [MESSAGE][INFO] - Action delay is set to 0 milliseconds

2023-09-21 17:34:45 - [MESSAGE][PASSED] - Browser is opened with url: 'https://qa2.velocitypayment.com/admin/imtiaz'

2023-09-21 17:34:45 - [MESSAGE][PASSED] - Current window maximized

2023-09-21 17:34:45 - [MESSAGE][PASSED] - Object 'Object Repository/Login_Page/Login_Username_Okta' is present

2023-09-21 17:34:46 - [MESSAGE][PASSED] - Text 'iahmed' is set on object 'Object Repository/Login_Page/Login_Username_Okta'

2023-09-21 17:34:47 - [MESSAGE][PASSED] - Text 'Hello1111111@' is set on object 'Object Repository/Login_Page/Login_Password_Okta'

2023-09-21 17:34:47 - [MESSAGE][PASSED] - Object: 'Object Repository/Login_Page/Login_Submit_Okta' is clicked on

2023-09-21 17:34:47 - [MESSAGE][PASSED] - adminSuiteBootstrap.loginFunctionality.login_AdminSuite is PASSED

2023-09-21 17:34:47 - [TEST_STEP][PASSED] - click(findTestObject(path_Dashboard + appName)): Object: 'Object Repository/AdminSuiteBootstrap_Pages/Dashboard_Bootstrap/a_Access AutoNoCFtp' is clicked on

2023-09-21 17:34:54 - [MESSAGE][PASSED] - Object: 'Object Repository/AdminSuiteBootstrap_Pages/Dashboard_Bootstrap/a_Access AutoNoCFtp' is clicked on

2023-09-21 17:34:54 - [TEST_STEP][PASSED] - click(findTestObject(path_VT + "a_Find Profile")): Object: 'Object Repository/AdminSuiteBootstrap_Pages/VT_Bootstrap/IssueTransactions/a_Find Profile' is clicked on

2023-09-21 17:34:54 - [MESSAGE][PASSED] - Object: 'Object Repository/AdminSuiteBootstrap_Pages/VT_Bootstrap/IssueTransactions/a_Find Profile' is clicked on

2023-09-21 17:34:54 - [TEST_STEP][PASSED] - criteria = <not implemented yet for class: org.codehaus.groovy.ast.expr.EmptyExpression>: null

2023-09-21 17:34:54 - [TEST_STEP][PASSED] - searchBy = <not implemented yet for class: org.codehaus.groovy.ast.expr.EmptyExpression>: null

2023-09-21 17:34:54 - [TEST_STEP][PASSED] - criteria = findTestData(dataFile).getValue("ProfileName", row): null

2023-09-21 17:34:54 - [TEST_STEP][PASSED] - path_SearchProfile = "Object Repository/AdminSuiteBootstrap_Pages/VSP_Bootstrap/SearchProfile/": null

2023-09-21 17:34:54 - [TEST_STEP][PASSED] - setText(findTestObject(path_SearchProfile + "input_Criteria"), criteria): Text 'PaymentsVisa' is set on object 'Object Repository/AdminSuiteBootstrap_Pages/VSP_Bootstrap/SearchProfile/input_Criteria'

2023-09-21 17:34:55 - [MESSAGE][PASSED] - Text 'PaymentsVisa' is set on object 'Object Repository/AdminSuiteBootstrap_Pages/VSP_Bootstrap/SearchProfile/input_Criteria'

2023-09-21 17:34:55 - [TEST_STEP][PASSED] - click(findTestObject(path_SearchProfile + "button_Search")): Object: 'Object Repository/AdminSuiteBootstrap_Pages/VSP_Bootstrap/SearchProfile/button_Search' is clicked on

2023-09-21 17:34:56 - [MESSAGE][PASSED] - Object: 'Object Repository/AdminSuiteBootstrap_Pages/VSP_Bootstrap/SearchProfile/button_Search' is clicked on

2023-09-21 17:34:56 - [TEST_STEP][PASSED] - profNameLink = findTestData(dataFile).getValue("ProfileNameLink", row): null

2023-09-21 17:34:56 - [TEST_STEP][PASSED] - click(findTestObject(path_ViewProfile + profNameLink)): Object: 'Object Repository/AdminSuiteBootstrap_Pages/VSP_Bootstrap/View Profile/a_PaymentsVisa' is clicked on

2023-09-21 17:34:57 - [MESSAGE][PASSED] - Object: 'Object Repository/AdminSuiteBootstrap_Pages/VSP_Bootstrap/View Profile/a_PaymentsVisa' is clicked on

2023-09-21 17:34:57 - [TEST_STEP][PASSED] - click(findTestObject(path_ViewProfile + "a_Auth")): Object: 'Object Repository/AdminSuiteBootstrap_Pages/VSP_Bootstrap/View Profile/a_Auth' is clicked on

2023-09-21 17:34:58 - [MESSAGE][PASSED] - Object: 'Object Repository/AdminSuiteBootstrap_Pages/VSP_Bootstrap/View Profile/a_Auth' is clicked on

2023-09-21 17:34:58 - [TEST_STEP][PASSED] - verifyTextPresent("Credit Card Authorization", true): Text 'Credit Card Authorization' is present on page  using regular expression

2023-09-21 17:34:59 - [MESSAGE][PASSED] - Text 'Credit Card Authorization' is present on page  using regular expression

2023-09-21 17:34:59 - [TEST_STEP][PASSED] - verifyTextPresent("Required fields are highlighted with an asterisk", true): Text 'Required fields are highlighted with an asterisk' is present on page  using regular expression

2023-09-21 17:35:00 - [MESSAGE][PASSED] - Text 'Required fields are highlighted with an asterisk' is present on page  using regular expression

2023-09-21 17:35:00 - [TEST_STEP][PASSED] - verifyTextPresent("Remittance ID", true): Text 'Remittance ID' is present on page  using regular expression

2023-09-21 17:35:00 - [MESSAGE][PASSED] - Text 'Remittance ID' is present on page  using regular expression

2023-09-21 17:35:00 - [TEST_STEP][PASSED] - vspBootstrap.SalePage.setDataSaleAndAuth(row, dataFile): vspBootstrap.SalePage.setDataSaleAndAuth is PASSED

2023-09-21 17:35:02 - [MESSAGE][PASSED] - All options with value 'RETL' are selected in object 'Object Repository/AdminSuiteBootstrap_Pages/VSP_Bootstrap/VSP_Authcap/select_TransactionCategory'  using regular expression

2023-09-21 17:35:02 - [MESSAGE][PASSED] - Text '123' is set on object 'Object Repository/AdminSuiteBootstrap_Pages/VSP_Bootstrap/VSP_Authcap/input_cvv'

2023-09-21 17:35:03 - [MESSAGE][PASSED] - Text '' is set on object 'Object Repository/AdminSuiteBootstrap_Pages/VSP_Bootstrap/VSP_Authcap/input_smsNumber'

2023-09-21 17:35:04 - [MESSAGE][PASSED] - Text '2.50' is set on object 'Object Repository/AdminSuiteBootstrap_Pages/VSP_Bootstrap/VSP_Authcap/input_amount'

2023-09-21 17:35:04 - [MESSAGE][PASSED] - Text 'Delhi' is set on object 'Object Repository/AdminSuiteBootstrap_Pages/VSP_Bootstrap/VSP_Authcap/input_userDefined1'

2023-09-21 17:35:05 - [MESSAGE][PASSED] - Text 'Chennai' is set on object 'Object Repository/AdminSuiteBootstrap_Pages/VSP_Bootstrap/VSP_Authcap/input_userDefined2'

2023-09-21 17:35:06 - [MESSAGE][PASSED] - Text 'Mumbai' is set on object 'Object Repository/AdminSuiteBootstrap_Pages/VSP_Bootstrap/VSP_Authcap/input_userDefined3'

2023-09-21 17:35:06 - [MESSAGE][PASSED] - Text 'Kanpur' is set on object 'Object Repository/AdminSuiteBootstrap_Pages/VSP_Bootstrap/VSP_Authcap/input_userDefined4'

2023-09-21 17:35:07 - [MESSAGE][PASSED] - All options with label 'Orange' are selected in object 'Object Repository/AdminSuiteBootstrap_Pages/VSP_Bootstrap/VSP_Authcap/select_UDF5'  using regular expression

2023-09-21 17:35:08 - [MESSAGE][PASSED] - All options with label 'Yellow' are selected in object 'Object Repository/AdminSuiteBootstrap_Pages/VSP_Bootstrap/VSP_Authcap/select_UDF6'  using regular expression

2023-09-21 17:35:08 - [MESSAGE][PASSED] - Text 'Kolkata' is set on object 'Object Repository/AdminSuiteBootstrap_Pages/VSP_Bootstrap/VSP_Authcap/input_userDefined7'

2023-09-21 17:35:09 - [MESSAGE][PASSED] - Text 'Pune' is set on object 'Object Repository/AdminSuiteBootstrap_Pages/VSP_Bootstrap/VSP_Authcap/input_userDefined8'

2023-09-21 17:35:10 - [MESSAGE][PASSED] - Text 'Bhavnagar' is set on object 'Object Repository/AdminSuiteBootstrap_Pages/VSP_Bootstrap/VSP_Authcap/input_userDefined9'

2023-09-21 17:35:10 - [MESSAGE][PASSED] - Text 'Noida' is set on object 'Object Repository/AdminSuiteBootstrap_Pages/VSP_Bootstrap/VSP_Authcap/input_userDefined10'

2023-09-21 17:35:12 - [MESSAGE][PASSED] - Object: 'Object Repository/AdminSuiteBootstrap_Pages/VSP_Bootstrap/VSP_Authcap/button_Submit' is clicked on

2023-09-21 17:35:12 - [MESSAGE][PASSED] - vspBootstrap.SalePage.setDataSaleAndAuth is PASSED

2023-09-21 17:35:12 - [TEST_STEP][PASSED] - verifyTextPresent("Transaction Successful", true): Text 'Transaction Successful' is present on page  using regular expression

2023-09-21 17:35:12 - [MESSAGE][PASSED] - Text 'Transaction Successful' is present on page  using regular expression

2023-09-21 17:35:12 - [TEST_STEP][PASSED] - verifyElementVisible(findTestObject("Object Repository/AdminSuiteBootstrap_Pages/VT_Bootstrap/Receipt/button_Continue")): Object 'Object Repository/AdminSuiteBootstrap_Pages/VT_Bootstrap/Receipt/button_Continue' is visible

2023-09-21 17:35:13 - [MESSAGE][PASSED] - Object 'Object Repository/AdminSuiteBootstrap_Pages/VT_Bootstrap/Receipt/button_Continue' is visible

2023-09-21 17:35:13 - [TEST_STEP][PASSED] - verifyElementPresent(findTestObject("Object Repository/AdminSuiteBootstrap_Pages/VT_Bootstrap/Receipt/button_Continue"), 20): Object 'Object Repository/AdminSuiteBootstrap_Pages/VT_Bootstrap/Receipt/button_Continue' is present

2023-09-21 17:35:13 - [MESSAGE][PASSED] - Object 'Object Repository/AdminSuiteBootstrap_Pages/VT_Bootstrap/Receipt/button_Continue' is present

2023-09-21 17:35:13 - [TEST_STEP][PASSED] - verifyElementVisible(findTestObject("Object Repository/AdminSuiteBootstrap_Pages/VT_Bootstrap/Receipt/button_Print")): Object 'Object Repository/AdminSuiteBootstrap_Pages/VT_Bootstrap/Receipt/button_Print' is visible

2023-09-21 17:35:13 - [MESSAGE][PASSED] - Object 'Object Repository/AdminSuiteBootstrap_Pages/VT_Bootstrap/Receipt/button_Print' is visible

2023-09-21 17:35:13 - [TEST_STEP][PASSED] - verifyElementPresent(findTestObject("Object Repository/AdminSuiteBootstrap_Pages/VT_Bootstrap/Receipt/button_Print"), 20): Object 'Object Repository/AdminSuiteBootstrap_Pages/VT_Bootstrap/Receipt/button_Print' is present

2023-09-21 17:35:14 - [MESSAGE][PASSED] - Object 'Object Repository/AdminSuiteBootstrap_Pages/VT_Bootstrap/Receipt/button_Print' is present

2023-09-21 17:35:14 - [TEST_STEP][PASSED] - verifyTextPresent("Remittance ID", true): Text 'Remittance ID' is present on page  using regular expression

2023-09-21 17:35:14 - [MESSAGE][PASSED] - Text 'Remittance ID' is present on page  using regular expression

2023-09-21 17:35:14 - [TEST_STEP][PASSED] - verifyTextPresent("Received", true): Text 'Received' is present on page  using regular expression

2023-09-21 17:35:14 - [MESSAGE][PASSED] - Text 'Received' is present on page  using regular expression

2023-09-21 17:35:14 - [TEST_STEP][PASSED] - verifyTextPresent("UDF1", true): Text 'UDF1' is present on page  using regular expression

2023-09-21 17:35:14 - [MESSAGE][PASSED] - Text 'UDF1' is present on page  using regular expression

2023-09-21 17:35:14 - [TEST_STEP][PASSED] - verifyTextPresent("UDF2", true): Text 'UDF2' is present on page  using regular expression

2023-09-21 17:35:15 - [MESSAGE][PASSED] - Text 'UDF2' is present on page  using regular expression

2023-09-21 17:35:15 - [TEST_STEP][PASSED] - verifyTextPresent("UDF3", true): Text 'UDF3' is present on page  using regular expression

2023-09-21 17:35:15 - [MESSAGE][PASSED] - Text 'UDF3' is present on page  using regular expression

2023-09-21 17:35:15 - [TEST_STEP][PASSED] - verifyTextPresent("UDF4", true): Text 'UDF4' is present on page  using regular expression

2023-09-21 17:35:15 - [MESSAGE][PASSED] - Text 'UDF4' is present on page  using regular expression

2023-09-21 17:35:15 - [TEST_STEP][PASSED] - verifyTextPresent("UDF5", true): Text 'UDF5' is present on page  using regular expression

2023-09-21 17:35:16 - [MESSAGE][PASSED] - Text 'UDF5' is present on page  using regular expression

2023-09-21 17:35:16 - [TEST_STEP][PASSED] - verifyTextPresent("UDF6", true): Text 'UDF6' is present on page  using regular expression

2023-09-21 17:35:16 - [MESSAGE][PASSED] - Text 'UDF6' is present on page  using regular expression

2023-09-21 17:35:16 - [TEST_STEP][PASSED] - verifyTextPresent("UDF7", true): Text 'UDF7' is present on page  using regular expression

2023-09-21 17:35:16 - [MESSAGE][PASSED] - Text 'UDF7' is present on page  using regular expression

2023-09-21 17:35:16 - [TEST_STEP][PASSED] - verifyTextPresent("UDF8", true): Text 'UDF8' is present on page  using regular expression

2023-09-21 17:35:17 - [MESSAGE][PASSED] - Text 'UDF8' is present on page  using regular expression

2023-09-21 17:35:17 - [TEST_STEP][PASSED] - verifyTextPresent("UDF9", true): Text 'UDF9' is present on page  using regular expression

2023-09-21 17:35:17 - [MESSAGE][PASSED] - Text 'UDF9' is present on page  using regular expression

2023-09-21 17:35:17 - [TEST_STEP][PASSED] - verifyTextPresent("UDF 10", true): Text 'UDF 10' is present on page  using regular expression

2023-09-21 17:35:17 - [MESSAGE][PASSED] - Text 'UDF 10' is present on page  using regular expression

2023-09-21 17:35:17 - [TEST_STEP][PASSED] - verifyTextPresent("Delhi", true): Text 'Delhi' is present on page  using regular expression

2023-09-21 17:35:17 - [MESSAGE][PASSED] - Text 'Delhi' is present on page  using regular expression

2023-09-21 17:35:17 - [TEST_STEP][PASSED] - verifyTextPresent("Chennai", true): Text 'Chennai' is present on page  using regular expression

2023-09-21 17:35:18 - [MESSAGE][PASSED] - Text 'Chennai' is present on page  using regular expression

2023-09-21 17:35:18 - [TEST_STEP][PASSED] - verifyTextPresent("Mumbai", true): Text 'Mumbai' is present on page  using regular expression

2023-09-21 17:35:18 - [MESSAGE][PASSED] - Text 'Mumbai' is present on page  using regular expression

2023-09-21 17:35:18 - [TEST_STEP][PASSED] - verifyTextPresent("Kanpur", true): Text 'Kanpur' is present on page  using regular expression

2023-09-21 17:35:18 - [MESSAGE][PASSED] - Text 'Kanpur' is present on page  using regular expression

2023-09-21 17:35:18 - [TEST_STEP][PASSED] - verifyTextPresent("Orange Recorded", true): Text 'Orange Recorded' is present on page  using regular expression

2023-09-21 17:35:19 - [MESSAGE][PASSED] - Text 'Orange Recorded' is present on page  using regular expression

2023-09-21 17:35:19 - [TEST_STEP][PASSED] - verifyTextPresent("Yellow Recorded", true): Text 'Yellow Recorded' is present on page  using regular expression

2023-09-21 17:35:19 - [MESSAGE][PASSED] - Text 'Yellow Recorded' is present on page  using regular expression

2023-09-21 17:35:19 - [TEST_STEP][PASSED] - verifyTextPresent("Kolkata", true): Text 'Kolkata' is present on page  using regular expression

2023-09-21 17:35:19 - [MESSAGE][PASSED] - Text 'Kolkata' is present on page  using regular expression

2023-09-21 17:35:19 - [TEST_STEP][PASSED] - verifyTextPresent("Pune", true): Text 'Pune' is present on page  using regular expression

2023-09-21 17:35:20 - [MESSAGE][PASSED] - Text 'Pune' is present on page  using regular expression

2023-09-21 17:35:20 - [TEST_STEP][PASSED] - verifyTextPresent("Bhavnagar", true): Text 'Bhavnagar' is present on page  using regular expression

2023-09-21 17:35:20 - [MESSAGE][PASSED] - Text 'Bhavnagar' is present on page  using regular expression

2023-09-21 17:35:20 - [TEST_STEP][PASSED] - verifyTextPresent("Noida", true): Text 'Noida' is present on page  using regular expression

2023-09-21 17:35:20 - [MESSAGE][PASSED] - Text 'Noida' is present on page  using regular expression

2023-09-21 17:35:20 - [TEST_STEP][PASSED] - verifyTextPresent("Amount", true): Text 'Amount' is present on page  using regular expression

2023-09-21 17:35:20 - [MESSAGE][PASSED] - Text 'Amount' is present on page  using regular expression

2023-09-21 17:35:20 - [TEST_STEP][PASSED] - verifyTextPresent("2.50", true): Text '2.50' is present on page  using regular expression

2023-09-21 17:35:21 - [MESSAGE][PASSED] - Text '2.50' is present on page  using regular expression

2023-09-21 17:35:21 - [TEST_STEP][PASSED] - verifyTextPresent("Authorization", true): Text 'Authorization' is present on page  using regular expression

2023-09-21 17:35:21 - [MESSAGE][PASSED] - Text 'Authorization' is present on page  using regular expression

2023-09-21 17:35:21 - [TEST_STEP][PASSED] - verifyTextPresent("Card Information", true): Text 'Card Information' is present on page  using regular expression

2023-09-21 17:35:21 - [MESSAGE][PASSED] - Text 'Card Information' is present on page  using regular expression

2023-09-21 17:35:21 - [TEST_STEP][PASSED] - verifyTextPresent("TANDON RAVENA", true): Text 'TANDON RAVENA' is present on page  using regular expression

2023-09-21 17:35:22 - [MESSAGE][PASSED] - Text 'TANDON RAVENA' is present on page  using regular expression

2023-09-21 17:35:22 - [TEST_STEP][PASSED] - verifyTextPresent("Address Line 1", true): Text 'Address Line 1' is present on page  using regular expression

2023-09-21 17:35:22 - [MESSAGE][PASSED] - Text 'Address Line 1' is present on page  using regular expression

2023-09-21 17:35:22 - [TEST_STEP][PASSED] - verifyTextPresent("Address Line 2", true): Text 'Address Line 2' is present on page  using regular expression

2023-09-21 17:35:22 - [MESSAGE][PASSED] - Text 'Address Line 2' is present on page  using regular expression

2023-09-21 17:35:22 - [TEST_STEP][PASSED] - verifyTextPresent("Country", true): Text 'Country' is present on page  using regular expression

2023-09-21 17:35:22 - [MESSAGE][PASSED] - Text 'Country' is present on page  using regular expression

2023-09-21 17:35:22 - [TEST_STEP][PASSED] - verifyTextPresent("City", true): Text 'City' is present on page  using regular expression

2023-09-21 17:35:23 - [MESSAGE][PASSED] - Text 'City' is present on page  using regular expression

2023-09-21 17:35:23 - [TEST_STEP][PASSED] - verifyTextPresent("State", true): Text 'State' is present on page  using regular expression

2023-09-21 17:35:23 - [MESSAGE][PASSED] - Text 'State' is present on page  using regular expression

2023-09-21 17:35:23 - [TEST_STEP][PASSED] - verifyTextPresent("ZIP Code", true): Text 'ZIP Code' is present on page  using regular expression

2023-09-21 17:35:23 - [MESSAGE][PASSED] - Text 'ZIP Code' is present on page  using regular expression

2023-09-21 17:35:23 - [TEST_STEP][PASSED] - verifyTextPresent("248 PhoolKaante road", true): Text '248 PhoolKaante road' is present on page  using regular expression

2023-09-21 17:35:24 - [MESSAGE][PASSED] - Text '248 PhoolKaante road' is present on page  using regular expression

2023-09-21 17:35:24 - [TEST_STEP][PASSED] - verifyTextPresent("Suite 678", true): Text 'Suite 678' is present on page  using regular expression

2023-09-21 17:35:24 - [MESSAGE][PASSED] - Text 'Suite 678' is present on page  using regular expression

2023-09-21 17:35:24 - [TEST_STEP][PASSED] - verifyTextPresent("United States", true): Text 'United States' is present on page  using regular expression

2023-09-21 17:35:24 - [MESSAGE][PASSED] - Text 'United States' is present on page  using regular expression

2023-09-21 17:35:24 - [TEST_STEP][PASSED] - verifyTextPresent("ARLINGTON", true): Text 'ARLINGTON' is present on page  using regular expression

2023-09-21 17:35:25 - [MESSAGE][PASSED] - Text 'ARLINGTON' is present on page  using regular expression

2023-09-21 17:35:25 - [TEST_STEP][PASSED] - verifyTextPresent("VA", true): Text 'VA' is present on page  using regular expression

2023-09-21 17:35:25 - [MESSAGE][PASSED] - Text 'VA' is present on page  using regular expression

2023-09-21 17:35:25 - [TEST_STEP][PASSED] - verifyTextPresent("22201", true): Text '22201' is present on page  using regular expression

2023-09-21 17:35:25 - [MESSAGE][PASSED] - Text '22201' is present on page  using regular expression

2023-09-21 17:35:25 - [TEST_STEP][PASSED] - cardTypeV = findTestData(dataFile).getValue("CardType", row): null

2023-09-21 17:35:25 - [TEST_STEP][PASSED] - last4V = findTestData(dataFile).getValue("Last4", row): null

2023-09-21 17:35:25 - [TEST_STEP][PASSED] - verifyTextPresent(cardTypeV, true): Text 'Visa' is present on page  using regular expression

2023-09-21 17:35:26 - [MESSAGE][PASSED] - Text 'Visa' is present on page  using regular expression

2023-09-21 17:35:26 - [TEST_STEP][PASSED] - verifyTextPresent(last4V, true): Text '5439' is present on page  using regular expression

2023-09-21 17:35:26 - [MESSAGE][PASSED] - Text '5439' is present on page  using regular expression

2023-09-21 17:35:26 - [TEST_STEP][PASSED] - switch (appName): null

2023-09-21 17:35:26 - [TEST_STEP][PASSED] - closeBrowser(): Browser is closed

2023-09-21 17:35:27 - [MESSAGE][PASSED] - Browser is closed

2023-09-21 17:35:27 - [TEST_STEP][PASSED] - ExecuteTC = findTestData(dataFile).getValue("Execute", row): null

2023-09-21 17:35:27 - [TEST_STEP][PASSED] - out.println("Value of Execute is : " + ExecuteTC): null

2023-09-21 17:35:27 - [TEST_STEP][PASSED] - switch (executionProfile): null

2023-09-21 17:35:27 - [TEST_STEP][PASSED] - case "QA2Profile":: null

2023-09-21 17:35:27 - [TEST_STEP][PASSED] - appName = findTestData(dataFile).getValue("AppNameQA", row): null

2023-09-21 17:35:27 - [TEST_STEP][PASSED] - appID = findTestData(dataFile).getValue("AppIDQA", row): null

2023-09-21 17:35:27 - [TEST_STEP][PASSED] - break: null

2023-09-21 17:35:27 - [TEST_STEP][PASSED] - if (ExecuteTC.equalsIgnoreCase("Y")): null

2023-09-21 17:35:27 - [TEST_STEP][PASSED] - out.println("Begin Record Number: " + row): null

2023-09-21 17:35:27 - [TEST_STEP][PASSED] - today = new java.util.Date(): null

2023-09-21 17:35:27 - [TEST_STEP][PASSED] - println(today): null

2023-09-21 17:35:27 - [TEST_STEP][PASSED] - datText = today: null

2023-09-21 17:35:27 - [TEST_STEP][PASSED] - adminSuiteBootstrap.loginFunctionality.login_AdminSuite(): adminSuiteBootstrap.loginFunctionality.login_AdminSuite is PASSED

2023-09-21 17:35:27 - [MESSAGE][INFO] - Starting 'Chrome' driver

2023-09-21 17:35:27 - [MESSAGE][INFO] - User set preference: ['acceptInsecureCerts', 'true']

2023-09-21 17:35:27 - [MESSAGE][INFO] - Action delay is set to 0 milliseconds

2023-09-21 17:35:30 - [MESSAGE][PASSED] - Browser is opened with url: 'https://qa2.velocitypayment.com/admin/imtiaz'

2023-09-21 17:35:30 - [MESSAGE][PASSED] - Current window maximized

2023-09-21 17:35:30 - [MESSAGE][PASSED] - Object 'Object Repository/Login_Page/Login_Username_Okta' is present

2023-09-21 17:35:31 - [MESSAGE][PASSED] - Text 'iahmed' is set on object 'Object Repository/Login_Page/Login_Username_Okta'

2023-09-21 17:35:32 - [MESSAGE][PASSED] - Text 'Hello1111111@' is set on object 'Object Repository/Login_Page/Login_Password_Okta'

2023-09-21 17:35:32 - [MESSAGE][PASSED] - Object: 'Object Repository/Login_Page/Login_Submit_Okta' is clicked on

2023-09-21 17:35:32 - [MESSAGE][PASSED] - adminSuiteBootstrap.loginFunctionality.login_AdminSuite is PASSED

2023-09-21 17:35:32 - [TEST_STEP][PASSED] - click(findTestObject(path_Dashboard + appName)): Object: 'Object Repository/AdminSuiteBootstrap_Pages/Dashboard_Bootstrap/a_Access AutoNoCFtp' is clicked on

2023-09-21 17:35:38 - [MESSAGE][PASSED] - Object: 'Object Repository/AdminSuiteBootstrap_Pages/Dashboard_Bootstrap/a_Access AutoNoCFtp' is clicked on

2023-09-21 17:35:38 - [TEST_STEP][PASSED] - click(findTestObject(path_VT + "a_Find Profile")): Object: 'Object Repository/AdminSuiteBootstrap_Pages/VT_Bootstrap/IssueTransactions/a_Find Profile' is clicked on

2023-09-21 17:35:39 - [MESSAGE][PASSED] - Object: 'Object Repository/AdminSuiteBootstrap_Pages/VT_Bootstrap/IssueTransactions/a_Find Profile' is clicked on

2023-09-21 17:35:39 - [TEST_STEP][PASSED] - criteria = <not implemented yet for class: org.codehaus.groovy.ast.expr.EmptyExpression>: null

2023-09-21 17:35:39 - [TEST_STEP][PASSED] - searchBy = <not implemented yet for class: org.codehaus.groovy.ast.expr.EmptyExpression>: null

2023-09-21 17:35:39 - [TEST_STEP][PASSED] - criteria = findTestData(dataFile).getValue("ProfileName", row): null

2023-09-21 17:35:39 - [TEST_STEP][PASSED] - path_SearchProfile = "Object Repository/AdminSuiteBootstrap_Pages/VSP_Bootstrap/SearchProfile/": null

2023-09-21 17:35:39 - [TEST_STEP][PASSED] - setText(findTestObject(path_SearchProfile + "input_Criteria"), criteria): Text 'PaymentsMC' is set on object 'Object Repository/AdminSuiteBootstrap_Pages/VSP_Bootstrap/SearchProfile/input_Criteria'

2023-09-21 17:35:40 - [MESSAGE][PASSED] - Text 'PaymentsMC' is set on object 'Object Repository/AdminSuiteBootstrap_Pages/VSP_Bootstrap/SearchProfile/input_Criteria'

2023-09-21 17:35:40 - [TEST_STEP][PASSED] - click(findTestObject(path_SearchProfile + "button_Search")): Object: 'Object Repository/AdminSuiteBootstrap_Pages/VSP_Bootstrap/SearchProfile/button_Search' is clicked on

2023-09-21 17:35:41 - [MESSAGE][PASSED] - Object: 'Object Repository/AdminSuiteBootstrap_Pages/VSP_Bootstrap/SearchProfile/button_Search' is clicked on

2023-09-21 17:35:41 - [TEST_STEP][PASSED] - profNameLink = findTestData(dataFile).getValue("ProfileNameLink", row): null

2023-09-21 17:35:41 - [TEST_STEP][PASSED] - click(findTestObject(path_ViewProfile + profNameLink)): Object: 'Object Repository/AdminSuiteBootstrap_Pages/VSP_Bootstrap/View Profile/a_PaymentsMC' is clicked on

2023-09-21 17:35:42 - [MESSAGE][PASSED] - Object: 'Object Repository/AdminSuiteBootstrap_Pages/VSP_Bootstrap/View Profile/a_PaymentsMC' is clicked on

2023-09-21 17:35:42 - [TEST_STEP][PASSED] - click(findTestObject(path_ViewProfile + "a_Auth")): Object: 'Object Repository/AdminSuiteBootstrap_Pages/VSP_Bootstrap/View Profile/a_Auth' is clicked on

2023-09-21 17:35:43 - [MESSAGE][PASSED] - Object: 'Object Repository/AdminSuiteBootstrap_Pages/VSP_Bootstrap/View Profile/a_Auth' is clicked on

2023-09-21 17:35:43 - [TEST_STEP][PASSED] - verifyTextPresent("Credit Card Authorization", true): Text 'Credit Card Authorization' is present on page  using regular expression

2023-09-21 17:35:44 - [MESSAGE][PASSED] - Text 'Credit Card Authorization' is present on page  using regular expression

2023-09-21 17:35:44 - [TEST_STEP][PASSED] - verifyTextPresent("Required fields are highlighted with an asterisk", true): Text 'Required fields are highlighted with an asterisk' is present on page  using regular expression

2023-09-21 17:35:45 - [MESSAGE][PASSED] - Text 'Required fields are highlighted with an asterisk' is present on page  using regular expression

2023-09-21 17:35:45 - [TEST_STEP][PASSED] - verifyTextPresent("Remittance ID", true): Text 'Remittance ID' is present on page  using regular expression

2023-09-21 17:35:45 - [MESSAGE][PASSED] - Text 'Remittance ID' is present on page  using regular expression

2023-09-21 17:35:45 - [TEST_STEP][PASSED] - vspBootstrap.SalePage.setDataSaleAndAuth(row, dataFile): vspBootstrap.SalePage.setDataSaleAndAuth is PASSED

2023-09-21 17:35:47 - [MESSAGE][PASSED] - All options with value 'RETL' are selected in object 'Object Repository/AdminSuiteBootstrap_Pages/VSP_Bootstrap/VSP_Authcap/select_TransactionCategory'  using regular expression

2023-09-21 17:35:47 - [MESSAGE][PASSED] - Text '123' is set on object 'Object Repository/AdminSuiteBootstrap_Pages/VSP_Bootstrap/VSP_Authcap/input_cvv'

2023-09-21 17:35:48 - [MESSAGE][PASSED] - Text '' is set on object 'Object Repository/AdminSuiteBootstrap_Pages/VSP_Bootstrap/VSP_Authcap/input_smsNumber'

2023-09-21 17:35:49 - [MESSAGE][PASSED] - Text '2.50' is set on object 'Object Repository/AdminSuiteBootstrap_Pages/VSP_Bootstrap/VSP_Authcap/input_amount'

2023-09-21 17:35:49 - [MESSAGE][PASSED] - Text 'Delhi' is set on object 'Object Repository/AdminSuiteBootstrap_Pages/VSP_Bootstrap/VSP_Authcap/input_userDefined1'

2023-09-21 17:35:50 - [MESSAGE][PASSED] - Text 'Chennai' is set on object 'Object Repository/AdminSuiteBootstrap_Pages/VSP_Bootstrap/VSP_Authcap/input_userDefined2'

2023-09-21 17:35:51 - [MESSAGE][PASSED] - Text 'Mumbai' is set on object 'Object Repository/AdminSuiteBootstrap_Pages/VSP_Bootstrap/VSP_Authcap/input_userDefined3'

2023-09-21 17:35:51 - [MESSAGE][PASSED] - Text 'Kanpur' is set on object 'Object Repository/AdminSuiteBootstrap_Pages/VSP_Bootstrap/VSP_Authcap/input_userDefined4'

2023-09-21 17:35:52 - [MESSAGE][PASSED] - All options with label 'Orange' are selected in object 'Object Repository/AdminSuiteBootstrap_Pages/VSP_Bootstrap/VSP_Authcap/select_UDF5'  using regular expression

2023-09-21 17:35:53 - [MESSAGE][PASSED] - All options with label 'Yellow' are selected in object 'Object Repository/AdminSuiteBootstrap_Pages/VSP_Bootstrap/VSP_Authcap/select_UDF6'  using regular expression

2023-09-21 17:35:54 - [MESSAGE][PASSED] - Text 'Kolkata' is set on object 'Object Repository/AdminSuiteBootstrap_Pages/VSP_Bootstrap/VSP_Authcap/input_userDefined7'

2023-09-21 17:35:54 - [MESSAGE][PASSED] - Text 'Pune' is set on object 'Object Repository/AdminSuiteBootstrap_Pages/VSP_Bootstrap/VSP_Authcap/input_userDefined8'

2023-09-21 17:35:55 - [MESSAGE][PASSED] - Text 'Bhavnagar' is set on object 'Object Repository/AdminSuiteBootstrap_Pages/VSP_Bootstrap/VSP_Authcap/input_userDefined9'

2023-09-21 17:35:55 - [MESSAGE][PASSED] - Text 'Noida' is set on object 'Object Repository/AdminSuiteBootstrap_Pages/VSP_Bootstrap/VSP_Authcap/input_userDefined10'

2023-09-21 17:35:57 - [MESSAGE][PASSED] - Object: 'Object Repository/AdminSuiteBootstrap_Pages/VSP_Bootstrap/VSP_Authcap/button_Submit' is clicked on

2023-09-21 17:35:57 - [MESSAGE][PASSED] - vspBootstrap.SalePage.setDataSaleAndAuth is PASSED

2023-09-21 17:35:57 - [TEST_STEP][PASSED] - verifyTextPresent("Transaction Successful", true): Text 'Transaction Successful' is present on page  using regular expression

2023-09-21 17:35:57 - [MESSAGE][PASSED] - Text 'Transaction Successful' is present on page  using regular expression

2023-09-21 17:35:57 - [TEST_STEP][PASSED] - verifyElementVisible(findTestObject("Object Repository/AdminSuiteBootstrap_Pages/VT_Bootstrap/Receipt/button_Continue")): Object 'Object Repository/AdminSuiteBootstrap_Pages/VT_Bootstrap/Receipt/button_Continue' is visible

2023-09-21 17:35:58 - [MESSAGE][PASSED] - Object 'Object Repository/AdminSuiteBootstrap_Pages/VT_Bootstrap/Receipt/button_Continue' is visible

2023-09-21 17:35:58 - [TEST_STEP][PASSED] - verifyElementPresent(findTestObject("Object Repository/AdminSuiteBootstrap_Pages/VT_Bootstrap/Receipt/button_Continue"), 20): Object 'Object Repository/AdminSuiteBootstrap_Pages/VT_Bootstrap/Receipt/button_Continue' is present

2023-09-21 17:35:58 - [MESSAGE][PASSED] - Object 'Object Repository/AdminSuiteBootstrap_Pages/VT_Bootstrap/Receipt/button_Continue' is present

2023-09-21 17:35:58 - [TEST_STEP][PASSED] - verifyElementVisible(findTestObject("Object Repository/AdminSuiteBootstrap_Pages/VT_Bootstrap/Receipt/button_Print")): Object 'Object Repository/AdminSuiteBootstrap_Pages/VT_Bootstrap/Receipt/button_Print' is visible

2023-09-21 17:35:58 - [MESSAGE][PASSED] - Object 'Object Repository/AdminSuiteBootstrap_Pages/VT_Bootstrap/Receipt/button_Print' is visible

2023-09-21 17:35:58 - [TEST_STEP][PASSED] - verifyElementPresent(findTestObject("Object Repository/AdminSuiteBootstrap_Pages/VT_Bootstrap/Receipt/button_Print"), 20): Object 'Object Repository/AdminSuiteBootstrap_Pages/VT_Bootstrap/Receipt/button_Print' is present

2023-09-21 17:35:59 - [MESSAGE][PASSED] - Object 'Object Repository/AdminSuiteBootstrap_Pages/VT_Bootstrap/Receipt/button_Print' is present

2023-09-21 17:35:59 - [TEST_STEP][PASSED] - verifyTextPresent("Remittance ID", true): Text 'Remittance ID' is present on page  using regular expression

2023-09-21 17:35:59 - [MESSAGE][PASSED] - Text 'Remittance ID' is present on page  using regular expression

2023-09-21 17:35:59 - [TEST_STEP][PASSED] - verifyTextPresent("Received", true): Text 'Received' is present on page  using regular expression

2023-09-21 17:35:59 - [MESSAGE][PASSED] - Text 'Received' is present on page  using regular expression

2023-09-21 17:35:59 - [TEST_STEP][PASSED] - verifyTextPresent("UDF1", true): Text 'UDF1' is present on page  using regular expression

2023-09-21 17:35:59 - [MESSAGE][PASSED] - Text 'UDF1' is present on page  using regular expression

2023-09-21 17:35:59 - [TEST_STEP][PASSED] - verifyTextPresent("UDF2", true): Text 'UDF2' is present on page  using regular expression

2023-09-21 17:36:00 - [MESSAGE][PASSED] - Text 'UDF2' is present on page  using regular expression

2023-09-21 17:36:00 - [TEST_STEP][PASSED] - verifyTextPresent("UDF3", true): Text 'UDF3' is present on page  using regular expression

2023-09-21 17:36:00 - [MESSAGE][PASSED] - Text 'UDF3' is present on page  using regular expression

2023-09-21 17:36:00 - [TEST_STEP][PASSED] - verifyTextPresent("UDF4", true): Text 'UDF4' is present on page  using regular expression

2023-09-21 17:36:00 - [MESSAGE][PASSED] - Text 'UDF4' is present on page  using regular expression

2023-09-21 17:36:00 - [TEST_STEP][PASSED] - verifyTextPresent("UDF5", true): Text 'UDF5' is present on page  using regular expression

2023-09-21 17:36:01 - [MESSAGE][PASSED] - Text 'UDF5' is present on page  using regular expression

2023-09-21 17:36:01 - [TEST_STEP][PASSED] - verifyTextPresent("UDF6", true): Text 'UDF6' is present on page  using regular expression

2023-09-21 17:36:01 - [MESSAGE][PASSED] - Text 'UDF6' is present on page  using regular expression

2023-09-21 17:36:01 - [TEST_STEP][PASSED] - verifyTextPresent("UDF7", true): Text 'UDF7' is present on page  using regular expression

2023-09-21 17:36:01 - [MESSAGE][PASSED] - Text 'UDF7' is present on page  using regular expression

2023-09-21 17:36:01 - [TEST_STEP][PASSED] - verifyTextPresent("UDF8", true): Text 'UDF8' is present on page  using regular expression

2023-09-21 17:36:02 - [MESSAGE][PASSED] - Text 'UDF8' is present on page  using regular expression

2023-09-21 17:36:02 - [TEST_STEP][PASSED] - verifyTextPresent("UDF9", true): Text 'UDF9' is present on page  using regular expression

2023-09-21 17:36:02 - [MESSAGE][PASSED] - Text 'UDF9' is present on page  using regular expression

2023-09-21 17:36:02 - [TEST_STEP][PASSED] - verifyTextPresent("UDF 10", true): Text 'UDF 10' is present on page  using regular expression

2023-09-21 17:36:02 - [MESSAGE][PASSED] - Text 'UDF 10' is present on page  using regular expression

2023-09-21 17:36:02 - [TEST_STEP][PASSED] - verifyTextPresent("Delhi", true): Text 'Delhi' is present on page  using regular expression

2023-09-21 17:36:02 - [MESSAGE][PASSED] - Text 'Delhi' is present on page  using regular expression

2023-09-21 17:36:02 - [TEST_STEP][PASSED] - verifyTextPresent("Chennai", true): Text 'Chennai' is present on page  using regular expression

2023-09-21 17:36:03 - [MESSAGE][PASSED] - Text 'Chennai' is present on page  using regular expression

2023-09-21 17:36:03 - [TEST_STEP][PASSED] - verifyTextPresent("Mumbai", true): Text 'Mumbai' is present on page  using regular expression

2023-09-21 17:36:03 - [MESSAGE][PASSED] - Text 'Mumbai' is present on page  using regular expression

2023-09-21 17:36:03 - [TEST_STEP][PASSED] - verifyTextPresent("Kanpur", true): Text 'Kanpur' is present on page  using regular expression

2023-09-21 17:36:03 - [MESSAGE][PASSED] - Text 'Kanpur' is present on page  using regular expression

2023-09-21 17:36:03 - [TEST_STEP][PASSED] - verifyTextPresent("Orange Recorded", true): Text 'Orange Recorded' is present on page  using regular expression

2023-09-21 17:36:04 - [MESSAGE][PASSED] - Text 'Orange Recorded' is present on page  using regular expression

2023-09-21 17:36:04 - [TEST_STEP][PASSED] - verifyTextPresent("Yellow Recorded", true): Text 'Yellow Recorded' is present on page  using regular expression

2023-09-21 17:36:04 - [MESSAGE][PASSED] - Text 'Yellow Recorded' is present on page  using regular expression

2023-09-21 17:36:04 - [TEST_STEP][PASSED] - verifyTextPresent("Kolkata", true): Text 'Kolkata' is present on page  using regular expression

2023-09-21 17:36:04 - [MESSAGE][PASSED] - Text 'Kolkata' is present on page  using regular expression

2023-09-21 17:36:04 - [TEST_STEP][PASSED] - verifyTextPresent("Pune", true): Text 'Pune' is present on page  using regular expression

2023-09-21 17:36:05 - [MESSAGE][PASSED] - Text 'Pune' is present on page  using regular expression

2023-09-21 17:36:05 - [TEST_STEP][PASSED] - verifyTextPresent("Bhavnagar", true): Text 'Bhavnagar' is present on page  using regular expression

2023-09-21 17:36:05 - [MESSAGE][PASSED] - Text 'Bhavnagar' is present on page  using regular expression

2023-09-21 17:36:05 - [TEST_STEP][PASSED] - verifyTextPresent("Noida", true): Text 'Noida' is present on page  using regular expression

2023-09-21 17:36:05 - [MESSAGE][PASSED] - Text 'Noida' is present on page  using regular expression

2023-09-21 17:36:05 - [TEST_STEP][PASSED] - verifyTextPresent("Amount", true): Text 'Amount' is present on page  using regular expression

2023-09-21 17:36:05 - [MESSAGE][PASSED] - Text 'Amount' is present on page  using regular expression

2023-09-21 17:36:05 - [TEST_STEP][PASSED] - verifyTextPresent("2.50", true): Text '2.50' is present on page  using regular expression

2023-09-21 17:36:06 - [MESSAGE][PASSED] - Text '2.50' is present on page  using regular expression

2023-09-21 17:36:06 - [TEST_STEP][PASSED] - verifyTextPresent("Authorization", true): Text 'Authorization' is present on page  using regular expression

2023-09-21 17:36:06 - [MESSAGE][PASSED] - Text 'Authorization' is present on page  using regular expression

2023-09-21 17:36:06 - [TEST_STEP][PASSED] - verifyTextPresent("Card Information", true): Text 'Card Information' is present on page  using regular expression

2023-09-21 17:36:06 - [MESSAGE][PASSED] - Text 'Card Information' is present on page  using regular expression

2023-09-21 17:36:06 - [TEST_STEP][PASSED] - verifyTextPresent("TANDON RAVENA", true): Text 'TANDON RAVENA' is present on page  using regular expression

2023-09-21 17:36:07 - [MESSAGE][PASSED] - Text 'TANDON RAVENA' is present on page  using regular expression

2023-09-21 17:36:07 - [TEST_STEP][PASSED] - verifyTextPresent("Address Line 1", true): Text 'Address Line 1' is present on page  using regular expression

2023-09-21 17:36:07 - [MESSAGE][PASSED] - Text 'Address Line 1' is present on page  using regular expression

2023-09-21 17:36:07 - [TEST_STEP][PASSED] - verifyTextPresent("Address Line 2", true): Text 'Address Line 2' is present on page  using regular expression

2023-09-21 17:36:07 - [MESSAGE][PASSED] - Text 'Address Line 2' is present on page  using regular expression

2023-09-21 17:36:07 - [TEST_STEP][PASSED] - verifyTextPresent("Country", true): Text 'Country' is present on page  using regular expression

2023-09-21 17:36:07 - [MESSAGE][PASSED] - Text 'Country' is present on page  using regular expression

2023-09-21 17:36:07 - [TEST_STEP][PASSED] - verifyTextPresent("City", true): Text 'City' is present on page  using regular expression

2023-09-21 17:36:08 - [MESSAGE][PASSED] - Text 'City' is present on page  using regular expression

2023-09-21 17:36:08 - [TEST_STEP][PASSED] - verifyTextPresent("State", true): Text 'State' is present on page  using regular expression

2023-09-21 17:36:08 - [MESSAGE][PASSED] - Text 'State' is present on page  using regular expression

2023-09-21 17:36:08 - [TEST_STEP][PASSED] - verifyTextPresent("ZIP Code", true): Text 'ZIP Code' is present on page  using regular expression

2023-09-21 17:36:08 - [MESSAGE][PASSED] - Text 'ZIP Code' is present on page  using regular expression

2023-09-21 17:36:08 - [TEST_STEP][PASSED] - verifyTextPresent("248 PhoolKaante road", true): Text '248 PhoolKaante road' is present on page  using regular expression

2023-09-21 17:36:09 - [MESSAGE][PASSED] - Text '248 PhoolKaante road' is present on page  using regular expression

2023-09-21 17:36:09 - [TEST_STEP][PASSED] - verifyTextPresent("Suite 678", true): Text 'Suite 678' is present on page  using regular expression

2023-09-21 17:36:09 - [MESSAGE][PASSED] - Text 'Suite 678' is present on page  using regular expression

2023-09-21 17:36:09 - [TEST_STEP][PASSED] - verifyTextPresent("United States", true): Text 'United States' is present on page  using regular expression

2023-09-21 17:36:09 - [MESSAGE][PASSED] - Text 'United States' is present on page  using regular expression

2023-09-21 17:36:09 - [TEST_STEP][PASSED] - verifyTextPresent("ARLINGTON", true): Text 'ARLINGTON' is present on page  using regular expression

2023-09-21 17:36:10 - [MESSAGE][PASSED] - Text 'ARLINGTON' is present on page  using regular expression

2023-09-21 17:36:10 - [TEST_STEP][PASSED] - verifyTextPresent("VA", true): Text 'VA' is present on page  using regular expression

2023-09-21 17:36:10 - [MESSAGE][PASSED] - Text 'VA' is present on page  using regular expression

2023-09-21 17:36:10 - [TEST_STEP][PASSED] - verifyTextPresent("22201", true): Text '22201' is present on page  using regular expression

2023-09-21 17:36:10 - [MESSAGE][PASSED] - Text '22201' is present on page  using regular expression

2023-09-21 17:36:10 - [TEST_STEP][PASSED] - cardTypeV = findTestData(dataFile).getValue("CardType", row): null

2023-09-21 17:36:10 - [TEST_STEP][PASSED] - last4V = findTestData(dataFile).getValue("Last4", row): null

2023-09-21 17:36:10 - [TEST_STEP][PASSED] - verifyTextPresent(cardTypeV, true): Text 'MasterCard' is present on page  using regular expression

2023-09-21 17:36:11 - [MESSAGE][PASSED] - Text 'MasterCard' is present on page  using regular expression

2023-09-21 17:36:11 - [TEST_STEP][PASSED] - verifyTextPresent(last4V, true): Text '0035' is present on page  using regular expression

2023-09-21 17:36:11 - [MESSAGE][PASSED] - Text '0035' is present on page  using regular expression

2023-09-21 17:36:11 - [TEST_STEP][PASSED] - switch (appName): null

2023-09-21 17:36:11 - [TEST_STEP][PASSED] - closeBrowser(): Browser is closed

2023-09-21 17:36:12 - [MESSAGE][PASSED] - Browser is closed

2023-09-21 17:36:12 - [TEST_STEP][PASSED] - ExecuteTC = findTestData(dataFile).getValue("Execute", row): null

2023-09-21 17:36:12 - [TEST_STEP][PASSED] - out.println("Value of Execute is : " + ExecuteTC): null

2023-09-21 17:36:12 - [TEST_STEP][PASSED] - switch (executionProfile): null

2023-09-21 17:36:12 - [TEST_STEP][PASSED] - case "QA2Profile":: null

2023-09-21 17:36:12 - [TEST_STEP][PASSED] - appName = findTestData(dataFile).getValue("AppNameQA", row): null

2023-09-21 17:36:12 - [TEST_STEP][PASSED] - appID = findTestData(dataFile).getValue("AppIDQA", row): null

2023-09-21 17:36:12 - [TEST_STEP][PASSED] - break: null

2023-09-21 17:36:12 - [TEST_STEP][PASSED] - if (ExecuteTC.equalsIgnoreCase("Y")): null

2023-09-21 17:36:12 - [TEST_STEP][PASSED] - out.println("Begin Record Number: " + row): null

2023-09-21 17:36:12 - [TEST_STEP][PASSED] - today = new java.util.Date(): null

2023-09-21 17:36:12 - [TEST_STEP][PASSED] - println(today): null

2023-09-21 17:36:12 - [TEST_STEP][PASSED] - datText = today: null

2023-09-21 17:36:12 - [TEST_STEP][PASSED] - adminSuiteBootstrap.loginFunctionality.login_AdminSuite(): adminSuiteBootstrap.loginFunctionality.login_AdminSuite is PASSED

2023-09-21 17:36:12 - [MESSAGE][INFO] - Starting 'Chrome' driver

2023-09-21 17:36:12 - [MESSAGE][INFO] - User set preference: ['acceptInsecureCerts', 'true']

2023-09-21 17:36:12 - [MESSAGE][INFO] - Action delay is set to 0 milliseconds

2023-09-21 17:36:15 - [MESSAGE][PASSED] - Browser is opened with url: 'https://qa2.velocitypayment.com/admin/imtiaz'

2023-09-21 17:36:15 - [MESSAGE][PASSED] - Current window maximized

2023-09-21 17:36:15 - [MESSAGE][PASSED] - Object 'Object Repository/Login_Page/Login_Username_Okta' is present

2023-09-21 17:36:16 - [MESSAGE][PASSED] - Text 'iahmed' is set on object 'Object Repository/Login_Page/Login_Username_Okta'

2023-09-21 17:36:17 - [MESSAGE][PASSED] - Text 'Hello1111111@' is set on object 'Object Repository/Login_Page/Login_Password_Okta'

2023-09-21 17:36:17 - [MESSAGE][PASSED] - Object: 'Object Repository/Login_Page/Login_Submit_Okta' is clicked on

2023-09-21 17:36:17 - [MESSAGE][PASSED] - adminSuiteBootstrap.loginFunctionality.login_AdminSuite is PASSED

2023-09-21 17:36:17 - [TEST_STEP][PASSED] - click(findTestObject(path_Dashboard + appName)): Object: 'Object Repository/AdminSuiteBootstrap_Pages/Dashboard_Bootstrap/a_Access AutoNoCFtp' is clicked on

2023-09-21 17:36:24 - [MESSAGE][PASSED] - Object: 'Object Repository/AdminSuiteBootstrap_Pages/Dashboard_Bootstrap/a_Access AutoNoCFtp' is clicked on

2023-09-21 17:36:24 - [TEST_STEP][PASSED] - click(findTestObject(path_VT + "a_Find Profile")): Object: 'Object Repository/AdminSuiteBootstrap_Pages/VT_Bootstrap/IssueTransactions/a_Find Profile' is clicked on

2023-09-21 17:36:25 - [MESSAGE][PASSED] - Object: 'Object Repository/AdminSuiteBootstrap_Pages/VT_Bootstrap/IssueTransactions/a_Find Profile' is clicked on

2023-09-21 17:36:25 - [TEST_STEP][PASSED] - criteria = <not implemented yet for class: org.codehaus.groovy.ast.expr.EmptyExpression>: null

2023-09-21 17:36:25 - [TEST_STEP][PASSED] - searchBy = <not implemented yet for class: org.codehaus.groovy.ast.expr.EmptyExpression>: null

2023-09-21 17:36:25 - [TEST_STEP][PASSED] - criteria = findTestData(dataFile).getValue("ProfileName", row): null

2023-09-21 17:36:25 - [TEST_STEP][PASSED] - path_SearchProfile = "Object Repository/AdminSuiteBootstrap_Pages/VSP_Bootstrap/SearchProfile/": null

2023-09-21 17:36:25 - [TEST_STEP][PASSED] - setText(findTestObject(path_SearchProfile + "input_Criteria"), criteria): Text 'PaymentsAmEx' is set on object 'Object Repository/AdminSuiteBootstrap_Pages/VSP_Bootstrap/SearchProfile/input_Criteria'

2023-09-21 17:36:25 - [MESSAGE][PASSED] - Text 'PaymentsAmEx' is set on object 'Object Repository/AdminSuiteBootstrap_Pages/VSP_Bootstrap/SearchProfile/input_Criteria'

2023-09-21 17:36:25 - [TEST_STEP][PASSED] - click(findTestObject(path_SearchProfile + "button_Search")): Object: 'Object Repository/AdminSuiteBootstrap_Pages/VSP_Bootstrap/SearchProfile/button_Search' is clicked on

2023-09-21 17:36:26 - [MESSAGE][PASSED] - Object: 'Object Repository/AdminSuiteBootstrap_Pages/VSP_Bootstrap/SearchProfile/button_Search' is clicked on

2023-09-21 17:36:26 - [TEST_STEP][PASSED] - profNameLink = findTestData(dataFile).getValue("ProfileNameLink", row): null

2023-09-21 17:36:26 - [TEST_STEP][PASSED] - click(findTestObject(path_ViewProfile + profNameLink)): Object: 'Object Repository/AdminSuiteBootstrap_Pages/VSP_Bootstrap/View Profile/a_PaymentsAmEx' is clicked on

2023-09-21 17:36:28 - [MESSAGE][PASSED] - Object: 'Object Repository/AdminSuiteBootstrap_Pages/VSP_Bootstrap/View Profile/a_PaymentsAmEx' is clicked on

2023-09-21 17:36:28 - [TEST_STEP][PASSED] - click(findTestObject(path_ViewProfile + "a_Auth")): Object: 'Object Repository/AdminSuiteBootstrap_Pages/VSP_Bootstrap/View Profile/a_Auth' is clicked on

2023-09-21 17:36:29 - [MESSAGE][PASSED] - Object: 'Object Repository/AdminSuiteBootstrap_Pages/VSP_Bootstrap/View Profile/a_Auth' is clicked on

2023-09-21 17:36:29 - [TEST_STEP][PASSED] - verifyTextPresent("Credit Card Authorization", true): Text 'Credit Card Authorization' is present on page  using regular expression

2023-09-21 17:36:29 - [MESSAGE][PASSED] - Text 'Credit Card Authorization' is present on page  using regular expression

2023-09-21 17:36:29 - [TEST_STEP][PASSED] - verifyTextPresent("Required fields are highlighted with an asterisk", true): Text 'Required fields are highlighted with an asterisk' is present on page  using regular expression

2023-09-21 17:36:30 - [MESSAGE][PASSED] - Text 'Required fields are highlighted with an asterisk' is present on page  using regular expression

2023-09-21 17:36:30 - [TEST_STEP][PASSED] - verifyTextPresent("Remittance ID", true): Text 'Remittance ID' is present on page  using regular expression

2023-09-21 17:36:30 - [MESSAGE][PASSED] - Text 'Remittance ID' is present on page  using regular expression

2023-09-21 17:36:30 - [TEST_STEP][PASSED] - vspBootstrap.SalePage.setDataSaleAndAuth(row, dataFile): vspBootstrap.SalePage.setDataSaleAndAuth is PASSED

2023-09-21 17:36:32 - [MESSAGE][PASSED] - All options with value 'RETL' are selected in object 'Object Repository/AdminSuiteBootstrap_Pages/VSP_Bootstrap/VSP_Authcap/select_TransactionCategory'  using regular expression

2023-09-21 17:36:32 - [MESSAGE][PASSED] - Text '1234' is set on object 'Object Repository/AdminSuiteBootstrap_Pages/VSP_Bootstrap/VSP_Authcap/input_cvv'

2023-09-21 17:36:33 - [MESSAGE][PASSED] - Text '' is set on object 'Object Repository/AdminSuiteBootstrap_Pages/VSP_Bootstrap/VSP_Authcap/input_smsNumber'

2023-09-21 17:36:34 - [MESSAGE][PASSED] - Text '2.50' is set on object 'Object Repository/AdminSuiteBootstrap_Pages/VSP_Bootstrap/VSP_Authcap/input_amount'

2023-09-21 17:36:34 - [MESSAGE][PASSED] - Text 'Delhi' is set on object 'Object Repository/AdminSuiteBootstrap_Pages/VSP_Bootstrap/VSP_Authcap/input_userDefined1'

2023-09-21 17:36:35 - [MESSAGE][PASSED] - Text 'Chennai' is set on object 'Object Repository/AdminSuiteBootstrap_Pages/VSP_Bootstrap/VSP_Authcap/input_userDefined2'

2023-09-21 17:36:36 - [MESSAGE][PASSED] - Text 'Mumbai' is set on object 'Object Repository/AdminSuiteBootstrap_Pages/VSP_Bootstrap/VSP_Authcap/input_userDefined3'

2023-09-21 17:36:36 - [MESSAGE][PASSED] - Text 'Kanpur' is set on object 'Object Repository/AdminSuiteBootstrap_Pages/VSP_Bootstrap/VSP_Authcap/input_userDefined4'

2023-09-21 17:36:37 - [MESSAGE][PASSED] - All options with label 'Orange' are selected in object 'Object Repository/AdminSuiteBootstrap_Pages/VSP_Bootstrap/VSP_Authcap/select_UDF5'  using regular expression

2023-09-21 17:36:38 - [MESSAGE][PASSED] - All options with label 'Yellow' are selected in object 'Object Repository/AdminSuiteBootstrap_Pages/VSP_Bootstrap/VSP_Authcap/select_UDF6'  using regular expression

2023-09-21 17:36:38 - [MESSAGE][PASSED] - Text 'Kolkata' is set on object 'Object Repository/AdminSuiteBootstrap_Pages/VSP_Bootstrap/VSP_Authcap/input_userDefined7'

2023-09-21 17:36:39 - [MESSAGE][PASSED] - Text 'Pune' is set on object 'Object Repository/AdminSuiteBootstrap_Pages/VSP_Bootstrap/VSP_Authcap/input_userDefined8'

2023-09-21 17:36:40 - [MESSAGE][PASSED] - Text 'Bhavnagar' is set on object 'Object Repository/AdminSuiteBootstrap_Pages/VSP_Bootstrap/VSP_Authcap/input_userDefined9'

2023-09-21 17:36:40 - [MESSAGE][PASSED] - Text 'Noida' is set on object 'Object Repository/AdminSuiteBootstrap_Pages/VSP_Bootstrap/VSP_Authcap/input_userDefined10'

2023-09-21 17:36:42 - [MESSAGE][PASSED] - Object: 'Object Repository/AdminSuiteBootstrap_Pages/VSP_Bootstrap/VSP_Authcap/button_Submit' is clicked on

2023-09-21 17:36:42 - [MESSAGE][PASSED] - vspBootstrap.SalePage.setDataSaleAndAuth is PASSED

2023-09-21 17:36:42 - [TEST_STEP][PASSED] - verifyTextPresent("Transaction Successful", true): Text 'Transaction Successful' is present on page  using regular expression

2023-09-21 17:36:42 - [MESSAGE][PASSED] - Text 'Transaction Successful' is present on page  using regular expression

2023-09-21 17:36:42 - [TEST_STEP][PASSED] - verifyElementVisible(findTestObject("Object Repository/AdminSuiteBootstrap_Pages/VT_Bootstrap/Receipt/button_Continue")): Object 'Object Repository/AdminSuiteBootstrap_Pages/VT_Bootstrap/Receipt/button_Continue' is visible

2023-09-21 17:36:43 - [MESSAGE][PASSED] - Object 'Object Repository/AdminSuiteBootstrap_Pages/VT_Bootstrap/Receipt/button_Continue' is visible

2023-09-21 17:36:43 - [TEST_STEP][PASSED] - verifyElementPresent(findTestObject("Object Repository/AdminSuiteBootstrap_Pages/VT_Bootstrap/Receipt/button_Continue"), 20): Object 'Object Repository/AdminSuiteBootstrap_Pages/VT_Bootstrap/Receipt/button_Continue' is present

2023-09-21 17:36:43 - [MESSAGE][PASSED] - Object 'Object Repository/AdminSuiteBootstrap_Pages/VT_Bootstrap/Receipt/button_Continue' is present

2023-09-21 17:36:43 - [TEST_STEP][PASSED] - verifyElementVisible(findTestObject("Object Repository/AdminSuiteBootstrap_Pages/VT_Bootstrap/Receipt/button_Print")): Object 'Object Repository/AdminSuiteBootstrap_Pages/VT_Bootstrap/Receipt/button_Print' is visible

2023-09-21 17:36:43 - [MESSAGE][PASSED] - Object 'Object Repository/AdminSuiteBootstrap_Pages/VT_Bootstrap/Receipt/button_Print' is visible

2023-09-21 17:36:43 - [TEST_STEP][PASSED] - verifyElementPresent(findTestObject("Object Repository/AdminSuiteBootstrap_Pages/VT_Bootstrap/Receipt/button_Print"), 20): Object 'Object Repository/AdminSuiteBootstrap_Pages/VT_Bootstrap/Receipt/button_Print' is present

2023-09-21 17:36:44 - [MESSAGE][PASSED] - Object 'Object Repository/AdminSuiteBootstrap_Pages/VT_Bootstrap/Receipt/button_Print' is present

2023-09-21 17:36:44 - [TEST_STEP][PASSED] - verifyTextPresent("Remittance ID", true): Text 'Remittance ID' is present on page  using regular expression

2023-09-21 17:36:44 - [MESSAGE][PASSED] - Text 'Remittance ID' is present on page  using regular expression

2023-09-21 17:36:44 - [TEST_STEP][PASSED] - verifyTextPresent("Received", true): Text 'Received' is present on page  using regular expression

2023-09-21 17:36:44 - [MESSAGE][PASSED] - Text 'Received' is present on page  using regular expression

2023-09-21 17:36:44 - [TEST_STEP][PASSED] - verifyTextPresent("UDF1", true): Text 'UDF1' is present on page  using regular expression

2023-09-21 17:36:45 - [MESSAGE][PASSED] - Text 'UDF1' is present on page  using regular expression

2023-09-21 17:36:45 - [TEST_STEP][PASSED] - verifyTextPresent("UDF2", true): Text 'UDF2' is present on page  using regular expression

2023-09-21 17:36:45 - [MESSAGE][PASSED] - Text 'UDF2' is present on page  using regular expression

2023-09-21 17:36:45 - [TEST_STEP][PASSED] - verifyTextPresent("UDF3", true): Text 'UDF3' is present on page  using regular expression

2023-09-21 17:36:45 - [MESSAGE][PASSED] - Text 'UDF3' is present on page  using regular expression

2023-09-21 17:36:45 - [TEST_STEP][PASSED] - verifyTextPresent("UDF4", true): Text 'UDF4' is present on page  using regular expression

2023-09-21 17:36:45 - [MESSAGE][PASSED] - Text 'UDF4' is present on page  using regular expression

2023-09-21 17:36:45 - [TEST_STEP][PASSED] - verifyTextPresent("UDF5", true): Text 'UDF5' is present on page  using regular expression

2023-09-21 17:36:46 - [MESSAGE][PASSED] - Text 'UDF5' is present on page  using regular expression

2023-09-21 17:36:46 - [TEST_STEP][PASSED] - verifyTextPresent("UDF6", true): Text 'UDF6' is present on page  using regular expression

2023-09-21 17:36:46 - [MESSAGE][PASSED] - Text 'UDF6' is present on page  using regular expression

2023-09-21 17:36:46 - [TEST_STEP][PASSED] - verifyTextPresent("UDF7", true): Text 'UDF7' is present on page  using regular expression

2023-09-21 17:36:46 - [MESSAGE][PASSED] - Text 'UDF7' is present on page  using regular expression

2023-09-21 17:36:46 - [TEST_STEP][PASSED] - verifyTextPresent("UDF8", true): Text 'UDF8' is present on page  using regular expression

2023-09-21 17:36:47 - [MESSAGE][PASSED] - Text 'UDF8' is present on page  using regular expression

2023-09-21 17:36:47 - [TEST_STEP][PASSED] - verifyTextPresent("UDF9", true): Text 'UDF9' is present on page  using regular expression

2023-09-21 17:36:47 - [MESSAGE][PASSED] - Text 'UDF9' is present on page  using regular expression

2023-09-21 17:36:47 - [TEST_STEP][PASSED] - verifyTextPresent("UDF 10", true): Text 'UDF 10' is present on page  using regular expression

2023-09-21 17:36:47 - [MESSAGE][PASSED] - Text 'UDF 10' is present on page  using regular expression

2023-09-21 17:36:47 - [TEST_STEP][PASSED] - verifyTextPresent("Delhi", true): Text 'Delhi' is present on page  using regular expression

2023-09-21 17:36:47 - [MESSAGE][PASSED] - Text 'Delhi' is present on page  using regular expression

2023-09-21 17:36:47 - [TEST_STEP][PASSED] - verifyTextPresent("Chennai", true): Text 'Chennai' is present on page  using regular expression

2023-09-21 17:36:48 - [MESSAGE][PASSED] - Text 'Chennai' is present on page  using regular expression

2023-09-21 17:36:48 - [TEST_STEP][PASSED] - verifyTextPresent("Mumbai", true): Text 'Mumbai' is present on page  using regular expression

2023-09-21 17:36:48 - [MESSAGE][PASSED] - Text 'Mumbai' is present on page  using regular expression

2023-09-21 17:36:48 - [TEST_STEP][PASSED] - verifyTextPresent("Kanpur", true): Text 'Kanpur' is present on page  using regular expression

2023-09-21 17:36:48 - [MESSAGE][PASSED] - Text 'Kanpur' is present on page  using regular expression

2023-09-21 17:36:48 - [TEST_STEP][PASSED] - verifyTextPresent("Orange Recorded", true): Text 'Orange Recorded' is present on page  using regular expression

2023-09-21 17:36:49 - [MESSAGE][PASSED] - Text 'Orange Recorded' is present on page  using regular expression

2023-09-21 17:36:49 - [TEST_STEP][PASSED] - verifyTextPresent("Yellow Recorded", true): Text 'Yellow Recorded' is present on page  using regular expression

2023-09-21 17:36:49 - [MESSAGE][PASSED] - Text 'Yellow Recorded' is present on page  using regular expression

2023-09-21 17:36:49 - [TEST_STEP][PASSED] - verifyTextPresent("Kolkata", true): Text 'Kolkata' is present on page  using regular expression

2023-09-21 17:36:49 - [MESSAGE][PASSED] - Text 'Kolkata' is present on page  using regular expression

2023-09-21 17:36:49 - [TEST_STEP][PASSED] - verifyTextPresent("Pune", true): Text 'Pune' is present on page  using regular expression

2023-09-21 17:36:50 - [MESSAGE][PASSED] - Text 'Pune' is present on page  using regular expression

2023-09-21 17:36:50 - [TEST_STEP][PASSED] - verifyTextPresent("Bhavnagar", true): Text 'Bhavnagar' is present on page  using regular expression

2023-09-21 17:36:50 - [MESSAGE][PASSED] - Text 'Bhavnagar' is present on page  using regular expression

2023-09-21 17:36:50 - [TEST_STEP][PASSED] - verifyTextPresent("Noida", true): Text 'Noida' is present on page  using regular expression

2023-09-21 17:36:50 - [MESSAGE][PASSED] - Text 'Noida' is present on page  using regular expression

2023-09-21 17:36:50 - [TEST_STEP][PASSED] - verifyTextPresent("Amount", true): Text 'Amount' is present on page  using regular expression

2023-09-21 17:36:50 - [MESSAGE][PASSED] - Text 'Amount' is present on page  using regular expression

2023-09-21 17:36:50 - [TEST_STEP][PASSED] - verifyTextPresent("2.50", true): Text '2.50' is present on page  using regular expression

2023-09-21 17:36:51 - [MESSAGE][PASSED] - Text '2.50' is present on page  using regular expression

2023-09-21 17:36:51 - [TEST_STEP][PASSED] - verifyTextPresent("Authorization", true): Text 'Authorization' is present on page  using regular expression

2023-09-21 17:36:51 - [MESSAGE][PASSED] - Text 'Authorization' is present on page  using regular expression

2023-09-21 17:36:51 - [TEST_STEP][PASSED] - verifyTextPresent("Card Information", true): Text 'Card Information' is present on page  using regular expression

2023-09-21 17:36:51 - [MESSAGE][PASSED] - Text 'Card Information' is present on page  using regular expression

2023-09-21 17:36:51 - [TEST_STEP][PASSED] - verifyTextPresent("TANDON RAVENA", true): Text 'TANDON RAVENA' is present on page  using regular expression

2023-09-21 17:36:52 - [MESSAGE][PASSED] - Text 'TANDON RAVENA' is present on page  using regular expression

2023-09-21 17:36:52 - [TEST_STEP][PASSED] - verifyTextPresent("Address Line 1", true): Text 'Address Line 1' is present on page  using regular expression

2023-09-21 17:36:52 - [MESSAGE][PASSED] - Text 'Address Line 1' is present on page  using regular expression

2023-09-21 17:36:52 - [TEST_STEP][PASSED] - verifyTextPresent("Address Line 2", true): Text 'Address Line 2' is present on page  using regular expression

2023-09-21 17:36:52 - [MESSAGE][PASSED] - Text 'Address Line 2' is present on page  using regular expression

2023-09-21 17:36:52 - [TEST_STEP][PASSED] - verifyTextPresent("Country", true): Text 'Country' is present on page  using regular expression

2023-09-21 17:36:53 - [MESSAGE][PASSED] - Text 'Country' is present on page  using regular expression

2023-09-21 17:36:53 - [TEST_STEP][PASSED] - verifyTextPresent("City", true): Text 'City' is present on page  using regular expression

2023-09-21 17:36:53 - [MESSAGE][PASSED] - Text 'City' is present on page  using regular expression

2023-09-21 17:36:53 - [TEST_STEP][PASSED] - verifyTextPresent("State", true): Text 'State' is present on page  using regular expression

2023-09-21 17:36:53 - [MESSAGE][PASSED] - Text 'State' is present on page  using regular expression

2023-09-21 17:36:53 - [TEST_STEP][PASSED] - verifyTextPresent("ZIP Code", true): Text 'ZIP Code' is present on page  using regular expression

2023-09-21 17:36:53 - [MESSAGE][PASSED] - Text 'ZIP Code' is present on page  using regular expression

2023-09-21 17:36:53 - [TEST_STEP][PASSED] - verifyTextPresent("248 PhoolKaante road", true): Text '248 PhoolKaante road' is present on page  using regular expression

2023-09-21 17:36:54 - [MESSAGE][PASSED] - Text '248 PhoolKaante road' is present on page  using regular expression

2023-09-21 17:36:54 - [TEST_STEP][PASSED] - verifyTextPresent("Suite 678", true): Text 'Suite 678' is present on page  using regular expression

2023-09-21 17:36:54 - [MESSAGE][PASSED] - Text 'Suite 678' is present on page  using regular expression

2023-09-21 17:36:54 - [TEST_STEP][PASSED] - verifyTextPresent("United States", true): Text 'United States' is present on page  using regular expression

2023-09-21 17:36:54 - [MESSAGE][PASSED] - Text 'United States' is present on page  using regular expression

2023-09-21 17:36:54 - [TEST_STEP][PASSED] - verifyTextPresent("ARLINGTON", true): Text 'ARLINGTON' is present on page  using regular expression

2023-09-21 17:36:55 - [MESSAGE][PASSED] - Text 'ARLINGTON' is present on page  using regular expression

2023-09-21 17:36:55 - [TEST_STEP][PASSED] - verifyTextPresent("VA", true): Text 'VA' is present on page  using regular expression

2023-09-21 17:36:55 - [MESSAGE][PASSED] - Text 'VA' is present on page  using regular expression

2023-09-21 17:36:55 - [TEST_STEP][PASSED] - verifyTextPresent("22201", true): Text '22201' is present on page  using regular expression

2023-09-21 17:36:55 - [MESSAGE][PASSED] - Text '22201' is present on page  using regular expression

2023-09-21 17:36:55 - [TEST_STEP][PASSED] - cardTypeV = findTestData(dataFile).getValue("CardType", row): null

2023-09-21 17:36:55 - [TEST_STEP][PASSED] - last4V = findTestData(dataFile).getValue("Last4", row): null

2023-09-21 17:36:55 - [TEST_STEP][PASSED] - verifyTextPresent(cardTypeV, true): Text 'American Express' is present on page  using regular expression

2023-09-21 17:36:56 - [MESSAGE][PASSED] - Text 'American Express' is present on page  using regular expression

2023-09-21 17:36:56 - [TEST_STEP][PASSED] - verifyTextPresent(last4V, true): Text '2376' is present on page  using regular expression

2023-09-21 17:36:56 - [MESSAGE][PASSED] - Text '2376' is present on page  using regular expression

2023-09-21 17:36:56 - [TEST_STEP][PASSED] - switch (appName): null

2023-09-21 17:36:56 - [TEST_STEP][PASSED] - closeBrowser(): Browser is closed

2023-09-21 17:36:57 - [MESSAGE][PASSED] - Browser is closed

2023-09-21 17:36:57 - [TEST_STEP][PASSED] - ExecuteTC = findTestData(dataFile).getValue("Execute", row): null

2023-09-21 17:36:57 - [TEST_STEP][PASSED] - out.println("Value of Execute is : " + ExecuteTC): null

2023-09-21 17:36:57 - [TEST_STEP][PASSED] - switch (executionProfile): null

2023-09-21 17:36:57 - [TEST_STEP][PASSED] - case "QA2Profile":: null

2023-09-21 17:36:57 - [TEST_STEP][PASSED] - appName = findTestData(dataFile).getValue("AppNameQA", row): null

2023-09-21 17:36:57 - [TEST_STEP][PASSED] - appID = findTestData(dataFile).getValue("AppIDQA", row): null

2023-09-21 17:36:57 - [TEST_STEP][PASSED] - break: null

2023-09-21 17:36:57 - [TEST_STEP][PASSED] - if (ExecuteTC.equalsIgnoreCase("Y")): null

2023-09-21 17:36:57 - [TEST_STEP][PASSED] - out.println("Begin Record Number: " + row): null

2023-09-21 17:36:57 - [TEST_STEP][PASSED] - today = new java.util.Date(): null

2023-09-21 17:36:57 - [TEST_STEP][PASSED] - println(today): null

2023-09-21 17:36:57 - [TEST_STEP][PASSED] - datText = today: null

2023-09-21 17:36:57 - [TEST_STEP][PASSED] - adminSuiteBootstrap.loginFunctionality.login_AdminSuite(): adminSuiteBootstrap.loginFunctionality.login_AdminSuite is PASSED

2023-09-21 17:36:57 - [MESSAGE][INFO] - Starting 'Chrome' driver

2023-09-21 17:36:57 - [MESSAGE][INFO] - User set preference: ['acceptInsecureCerts', 'true']

2023-09-21 17:36:57 - [MESSAGE][INFO] - Action delay is set to 0 milliseconds

2023-09-21 17:37:00 - [MESSAGE][PASSED] - Browser is opened with url: 'https://qa2.velocitypayment.com/admin/imtiaz'

2023-09-21 17:37:00 - [MESSAGE][PASSED] - Current window maximized

2023-09-21 17:37:00 - [MESSAGE][PASSED] - Object 'Object Repository/Login_Page/Login_Username_Okta' is present

2023-09-21 17:37:01 - [MESSAGE][PASSED] - Text 'iahmed' is set on object 'Object Repository/Login_Page/Login_Username_Okta'

2023-09-21 17:37:02 - [MESSAGE][PASSED] - Text 'Hello1111111@' is set on object 'Object Repository/Login_Page/Login_Password_Okta'

2023-09-21 17:37:02 - [MESSAGE][PASSED] - Object: 'Object Repository/Login_Page/Login_Submit_Okta' is clicked on

2023-09-21 17:37:02 - [MESSAGE][PASSED] - adminSuiteBootstrap.loginFunctionality.login_AdminSuite is PASSED

2023-09-21 17:37:02 - [TEST_STEP][PASSED] - click(findTestObject(path_Dashboard + appName)): Object: 'Object Repository/AdminSuiteBootstrap_Pages/Dashboard_Bootstrap/a_Access AutoNoCFtp' is clicked on

2023-09-21 17:37:11 - [MESSAGE][PASSED] - Object: 'Object Repository/AdminSuiteBootstrap_Pages/Dashboard_Bootstrap/a_Access AutoNoCFtp' is clicked on

2023-09-21 17:37:11 - [TEST_STEP][PASSED] - click(findTestObject(path_VT + "a_Find Profile")): Object: 'Object Repository/AdminSuiteBootstrap_Pages/VT_Bootstrap/IssueTransactions/a_Find Profile' is clicked on

2023-09-21 17:37:11 - [MESSAGE][PASSED] - Object: 'Object Repository/AdminSuiteBootstrap_Pages/VT_Bootstrap/IssueTransactions/a_Find Profile' is clicked on

2023-09-21 17:37:11 - [TEST_STEP][PASSED] - criteria = <not implemented yet for class: org.codehaus.groovy.ast.expr.EmptyExpression>: null

2023-09-21 17:37:11 - [TEST_STEP][PASSED] - searchBy = <not implemented yet for class: org.codehaus.groovy.ast.expr.EmptyExpression>: null

2023-09-21 17:37:11 - [TEST_STEP][PASSED] - criteria = findTestData(dataFile).getValue("ProfileName", row): null

2023-09-21 17:37:11 - [TEST_STEP][PASSED] - path_SearchProfile = "Object Repository/AdminSuiteBootstrap_Pages/VSP_Bootstrap/SearchProfile/": null

2023-09-21 17:37:11 - [TEST_STEP][PASSED] - setText(findTestObject(path_SearchProfile + "input_Criteria"), criteria): Text 'PaymentsDI' is set on object 'Object Repository/AdminSuiteBootstrap_Pages/VSP_Bootstrap/SearchProfile/input_Criteria'

2023-09-21 17:37:12 - [MESSAGE][PASSED] - Text 'PaymentsDI' is set on object 'Object Repository/AdminSuiteBootstrap_Pages/VSP_Bootstrap/SearchProfile/input_Criteria'

2023-09-21 17:37:12 - [TEST_STEP][PASSED] - click(findTestObject(path_SearchProfile + "button_Search")): Object: 'Object Repository/AdminSuiteBootstrap_Pages/VSP_Bootstrap/SearchProfile/button_Search' is clicked on

2023-09-21 17:37:13 - [MESSAGE][PASSED] - Object: 'Object Repository/AdminSuiteBootstrap_Pages/VSP_Bootstrap/SearchProfile/button_Search' is clicked on

2023-09-21 17:37:13 - [TEST_STEP][PASSED] - profNameLink = findTestData(dataFile).getValue("ProfileNameLink", row): null

2023-09-21 17:37:13 - [TEST_STEP][PASSED] - click(findTestObject(path_ViewProfile + profNameLink)): Object: 'Object Repository/AdminSuiteBootstrap_Pages/VSP_Bootstrap/View Profile/a_PaymentsDI' is clicked on

2023-09-21 17:37:15 - [MESSAGE][PASSED] - Object: 'Object Repository/AdminSuiteBootstrap_Pages/VSP_Bootstrap/View Profile/a_PaymentsDI' is clicked on

2023-09-21 17:37:15 - [TEST_STEP][PASSED] - click(findTestObject(path_ViewProfile + "a_Auth")): Object: 'Object Repository/AdminSuiteBootstrap_Pages/VSP_Bootstrap/View Profile/a_Auth' is clicked on

2023-09-21 17:37:16 - [MESSAGE][PASSED] - Object: 'Object Repository/AdminSuiteBootstrap_Pages/VSP_Bootstrap/View Profile/a_Auth' is clicked on

2023-09-21 17:37:16 - [TEST_STEP][PASSED] - verifyTextPresent("Credit Card Authorization", true): Text 'Credit Card Authorization' is present on page  using regular expression

2023-09-21 17:37:17 - [MESSAGE][PASSED] - Text 'Credit Card Authorization' is present on page  using regular expression

2023-09-21 17:37:17 - [TEST_STEP][PASSED] - verifyTextPresent("Required fields are highlighted with an asterisk", true): Text 'Required fields are highlighted with an asterisk' is present on page  using regular expression

2023-09-21 17:37:17 - [MESSAGE][PASSED] - Text 'Required fields are highlighted with an asterisk' is present on page  using regular expression

2023-09-21 17:37:17 - [TEST_STEP][PASSED] - verifyTextPresent("Remittance ID", true): Text 'Remittance ID' is present on page  using regular expression

2023-09-21 17:37:17 - [MESSAGE][PASSED] - Text 'Remittance ID' is present on page  using regular expression

2023-09-21 17:37:17 - [TEST_STEP][PASSED] - vspBootstrap.SalePage.setDataSaleAndAuth(row, dataFile): vspBootstrap.SalePage.setDataSaleAndAuth is PASSED

2023-09-21 17:37:19 - [MESSAGE][PASSED] - All options with value 'RETL' are selected in object 'Object Repository/AdminSuiteBootstrap_Pages/VSP_Bootstrap/VSP_Authcap/select_TransactionCategory'  using regular expression

2023-09-21 17:37:19 - [MESSAGE][PASSED] - Text '123' is set on object 'Object Repository/AdminSuiteBootstrap_Pages/VSP_Bootstrap/VSP_Authcap/input_cvv'

2023-09-21 17:37:20 - [MESSAGE][PASSED] - Text '' is set on object 'Object Repository/AdminSuiteBootstrap_Pages/VSP_Bootstrap/VSP_Authcap/input_smsNumber'

2023-09-21 17:37:21 - [MESSAGE][PASSED] - Text '2.50' is set on object 'Object Repository/AdminSuiteBootstrap_Pages/VSP_Bootstrap/VSP_Authcap/input_amount'

2023-09-21 17:37:21 - [MESSAGE][PASSED] - Text 'Delhi' is set on object 'Object Repository/AdminSuiteBootstrap_Pages/VSP_Bootstrap/VSP_Authcap/input_userDefined1'

2023-09-21 17:37:22 - [MESSAGE][PASSED] - Text 'Chennai' is set on object 'Object Repository/AdminSuiteBootstrap_Pages/VSP_Bootstrap/VSP_Authcap/input_userDefined2'

2023-09-21 17:37:23 - [MESSAGE][PASSED] - Text 'Mumbai' is set on object 'Object Repository/AdminSuiteBootstrap_Pages/VSP_Bootstrap/VSP_Authcap/input_userDefined3'

2023-09-21 17:37:23 - [MESSAGE][PASSED] - Text 'Kanpur' is set on object 'Object Repository/AdminSuiteBootstrap_Pages/VSP_Bootstrap/VSP_Authcap/input_userDefined4'

2023-09-21 17:37:24 - [MESSAGE][PASSED] - All options with label 'Orange' are selected in object 'Object Repository/AdminSuiteBootstrap_Pages/VSP_Bootstrap/VSP_Authcap/select_UDF5'  using regular expression

2023-09-21 17:37:25 - [MESSAGE][PASSED] - All options with label 'Yellow' are selected in object 'Object Repository/AdminSuiteBootstrap_Pages/VSP_Bootstrap/VSP_Authcap/select_UDF6'  using regular expression

2023-09-21 17:37:26 - [MESSAGE][PASSED] - Text 'Kolkata' is set on object 'Object Repository/AdminSuiteBootstrap_Pages/VSP_Bootstrap/VSP_Authcap/input_userDefined7'

2023-09-21 17:37:26 - [MESSAGE][PASSED] - Text 'Pune' is set on object 'Object Repository/AdminSuiteBootstrap_Pages/VSP_Bootstrap/VSP_Authcap/input_userDefined8'

2023-09-21 17:37:27 - [MESSAGE][PASSED] - Text 'Bhavnagar' is set on object 'Object Repository/AdminSuiteBootstrap_Pages/VSP_Bootstrap/VSP_Authcap/input_userDefined9'

2023-09-21 17:37:27 - [MESSAGE][PASSED] - Text 'Noida' is set on object 'Object Repository/AdminSuiteBootstrap_Pages/VSP_Bootstrap/VSP_Authcap/input_userDefined10'

2023-09-21 17:37:29 - [MESSAGE][PASSED] - Object: 'Object Repository/AdminSuiteBootstrap_Pages/VSP_Bootstrap/VSP_Authcap/button_Submit' is clicked on

2023-09-21 17:37:29 - [MESSAGE][PASSED] - vspBootstrap.SalePage.setDataSaleAndAuth is PASSED

2023-09-21 17:37:29 - [TEST_STEP][PASSED] - verifyTextPresent("Transaction Successful", true): Text 'Transaction Successful' is present on page  using regular expression

2023-09-21 17:37:29 - [MESSAGE][PASSED] - Text 'Transaction Successful' is present on page  using regular expression

2023-09-21 17:37:29 - [TEST_STEP][PASSED] - verifyElementVisible(findTestObject("Object Repository/AdminSuiteBootstrap_Pages/VT_Bootstrap/Receipt/button_Continue")): Object 'Object Repository/AdminSuiteBootstrap_Pages/VT_Bootstrap/Receipt/button_Continue' is visible

2023-09-21 17:37:30 - [MESSAGE][PASSED] - Object 'Object Repository/AdminSuiteBootstrap_Pages/VT_Bootstrap/Receipt/button_Continue' is visible

2023-09-21 17:37:30 - [TEST_STEP][PASSED] - verifyElementPresent(findTestObject("Object Repository/AdminSuiteBootstrap_Pages/VT_Bootstrap/Receipt/button_Continue"), 20): Object 'Object Repository/AdminSuiteBootstrap_Pages/VT_Bootstrap/Receipt/button_Continue' is present

2023-09-21 17:37:30 - [MESSAGE][PASSED] - Object 'Object Repository/AdminSuiteBootstrap_Pages/VT_Bootstrap/Receipt/button_Continue' is present

2023-09-21 17:37:30 - [TEST_STEP][PASSED] - verifyElementVisible(findTestObject("Object Repository/AdminSuiteBootstrap_Pages/VT_Bootstrap/Receipt/button_Print")): Object 'Object Repository/AdminSuiteBootstrap_Pages/VT_Bootstrap/Receipt/button_Print' is visible

2023-09-21 17:37:30 - [MESSAGE][PASSED] - Object 'Object Repository/AdminSuiteBootstrap_Pages/VT_Bootstrap/Receipt/button_Print' is visible

2023-09-21 17:37:30 - [TEST_STEP][PASSED] - verifyElementPresent(findTestObject("Object Repository/AdminSuiteBootstrap_Pages/VT_Bootstrap/Receipt/button_Print"), 20): Object 'Object Repository/AdminSuiteBootstrap_Pages/VT_Bootstrap/Receipt/button_Print' is present

2023-09-21 17:37:31 - [MESSAGE][PASSED] - Object 'Object Repository/AdminSuiteBootstrap_Pages/VT_Bootstrap/Receipt/button_Print' is present

2023-09-21 17:37:31 - [TEST_STEP][PASSED] - verifyTextPresent("Remittance ID", true): Text 'Remittance ID' is present on page  using regular expression

2023-09-21 17:37:31 - [MESSAGE][PASSED] - Text 'Remittance ID' is present on page  using regular expression

2023-09-21 17:37:31 - [TEST_STEP][PASSED] - verifyTextPresent("Received", true): Text 'Received' is present on page  using regular expression

2023-09-21 17:37:31 - [MESSAGE][PASSED] - Text 'Received' is present on page  using regular expression

2023-09-21 17:37:31 - [TEST_STEP][PASSED] - verifyTextPresent("UDF1", true): Text 'UDF1' is present on page  using regular expression

2023-09-21 17:37:32 - [MESSAGE][PASSED] - Text 'UDF1' is present on page  using regular expression

2023-09-21 17:37:32 - [TEST_STEP][PASSED] - verifyTextPresent("UDF2", true): Text 'UDF2' is present on page  using regular expression

2023-09-21 17:37:32 - [MESSAGE][PASSED] - Text 'UDF2' is present on page  using regular expression

2023-09-21 17:37:32 - [TEST_STEP][PASSED] - verifyTextPresent("UDF3", true): Text 'UDF3' is present on page  using regular expression

2023-09-21 17:37:32 - [MESSAGE][PASSED] - Text 'UDF3' is present on page  using regular expression

2023-09-21 17:37:32 - [TEST_STEP][PASSED] - verifyTextPresent("UDF4", true): Text 'UDF4' is present on page  using regular expression

2023-09-21 17:37:32 - [MESSAGE][PASSED] - Text 'UDF4' is present on page  using regular expression

2023-09-21 17:37:32 - [TEST_STEP][PASSED] - verifyTextPresent("UDF5", true): Text 'UDF5' is present on page  using regular expression

2023-09-21 17:37:33 - [MESSAGE][PASSED] - Text 'UDF5' is present on page  using regular expression

2023-09-21 17:37:33 - [TEST_STEP][PASSED] - verifyTextPresent("UDF6", true): Text 'UDF6' is present on page  using regular expression

2023-09-21 17:37:33 - [MESSAGE][PASSED] - Text 'UDF6' is present on page  using regular expression

2023-09-21 17:37:33 - [TEST_STEP][PASSED] - verifyTextPresent("UDF7", true): Text 'UDF7' is present on page  using regular expression

2023-09-21 17:37:33 - [MESSAGE][PASSED] - Text 'UDF7' is present on page  using regular expression

2023-09-21 17:37:33 - [TEST_STEP][PASSED] - verifyTextPresent("UDF8", true): Text 'UDF8' is present on page  using regular expression

2023-09-21 17:37:34 - [MESSAGE][PASSED] - Text 'UDF8' is present on page  using regular expression

2023-09-21 17:37:34 - [TEST_STEP][PASSED] - verifyTextPresent("UDF9", true): Text 'UDF9' is present on page  using regular expression

2023-09-21 17:37:34 - [MESSAGE][PASSED] - Text 'UDF9' is present on page  using regular expression

2023-09-21 17:37:34 - [TEST_STEP][PASSED] - verifyTextPresent("UDF 10", true): Text 'UDF 10' is present on page  using regular expression

2023-09-21 17:37:34 - [MESSAGE][PASSED] - Text 'UDF 10' is present on page  using regular expression

2023-09-21 17:37:34 - [TEST_STEP][PASSED] - verifyTextPresent("Delhi", true): Text 'Delhi' is present on page  using regular expression

2023-09-21 17:37:34 - [MESSAGE][PASSED] - Text 'Delhi' is present on page  using regular expression

2023-09-21 17:37:34 - [TEST_STEP][PASSED] - verifyTextPresent("Chennai", true): Text 'Chennai' is present on page  using regular expression

2023-09-21 17:37:35 - [MESSAGE][PASSED] - Text 'Chennai' is present on page  using regular expression

2023-09-21 17:37:35 - [TEST_STEP][PASSED] - verifyTextPresent("Mumbai", true): Text 'Mumbai' is present on page  using regular expression

2023-09-21 17:37:35 - [MESSAGE][PASSED] - Text 'Mumbai' is present on page  using regular expression

2023-09-21 17:37:35 - [TEST_STEP][PASSED] - verifyTextPresent("Kanpur", true): Text 'Kanpur' is present on page  using regular expression

2023-09-21 17:37:35 - [MESSAGE][PASSED] - Text 'Kanpur' is present on page  using regular expression

2023-09-21 17:37:35 - [TEST_STEP][PASSED] - verifyTextPresent("Orange Recorded", true): Text 'Orange Recorded' is present on page  using regular expression

2023-09-21 17:37:36 - [MESSAGE][PASSED] - Text 'Orange Recorded' is present on page  using regular expression

2023-09-21 17:37:36 - [TEST_STEP][PASSED] - verifyTextPresent("Yellow Recorded", true): Text 'Yellow Recorded' is present on page  using regular expression

2023-09-21 17:37:36 - [MESSAGE][PASSED] - Text 'Yellow Recorded' is present on page  using regular expression

2023-09-21 17:37:36 - [TEST_STEP][PASSED] - verifyTextPresent("Kolkata", true): Text 'Kolkata' is present on page  using regular expression

2023-09-21 17:37:36 - [MESSAGE][PASSED] - Text 'Kolkata' is present on page  using regular expression

2023-09-21 17:37:36 - [TEST_STEP][PASSED] - verifyTextPresent("Pune", true): Text 'Pune' is present on page  using regular expression

2023-09-21 17:37:37 - [MESSAGE][PASSED] - Text 'Pune' is present on page  using regular expression

2023-09-21 17:37:37 - [TEST_STEP][PASSED] - verifyTextPresent("Bhavnagar", true): Text 'Bhavnagar' is present on page  using regular expression

2023-09-21 17:37:37 - [MESSAGE][PASSED] - Text 'Bhavnagar' is present on page  using regular expression

2023-09-21 17:37:37 - [TEST_STEP][PASSED] - verifyTextPresent("Noida", true): Text 'Noida' is present on page  using regular expression

2023-09-21 17:37:37 - [MESSAGE][PASSED] - Text 'Noida' is present on page  using regular expression

2023-09-21 17:37:37 - [TEST_STEP][PASSED] - verifyTextPresent("Amount", true): Text 'Amount' is present on page  using regular expression

2023-09-21 17:37:37 - [MESSAGE][PASSED] - Text 'Amount' is present on page  using regular expression

2023-09-21 17:37:37 - [TEST_STEP][PASSED] - verifyTextPresent("2.50", true): Text '2.50' is present on page  using regular expression

2023-09-21 17:37:38 - [MESSAGE][PASSED] - Text '2.50' is present on page  using regular expression

2023-09-21 17:37:38 - [TEST_STEP][PASSED] - verifyTextPresent("Authorization", true): Text 'Authorization' is present on page  using regular expression

2023-09-21 17:37:38 - [MESSAGE][PASSED] - Text 'Authorization' is present on page  using regular expression

2023-09-21 17:37:38 - [TEST_STEP][PASSED] - verifyTextPresent("Card Information", true): Text 'Card Information' is present on page  using regular expression

2023-09-21 17:37:38 - [MESSAGE][PASSED] - Text 'Card Information' is present on page  using regular expression

2023-09-21 17:37:38 - [TEST_STEP][PASSED] - verifyTextPresent("TANDON RAVENA", true): Text 'TANDON RAVENA' is present on page  using regular expression

2023-09-21 17:37:39 - [MESSAGE][PASSED] - Text 'TANDON RAVENA' is present on page  using regular expression

2023-09-21 17:37:39 - [TEST_STEP][PASSED] - verifyTextPresent("Address Line 1", true): Text 'Address Line 1' is present on page  using regular expression

2023-09-21 17:37:39 - [MESSAGE][PASSED] - Text 'Address Line 1' is present on page  using regular expression

2023-09-21 17:37:39 - [TEST_STEP][PASSED] - verifyTextPresent("Address Line 2", true): Text 'Address Line 2' is present on page  using regular expression

2023-09-21 17:37:39 - [MESSAGE][PASSED] - Text 'Address Line 2' is present on page  using regular expression

2023-09-21 17:37:39 - [TEST_STEP][PASSED] - verifyTextPresent("Country", true): Text 'Country' is present on page  using regular expression

2023-09-21 17:37:40 - [MESSAGE][PASSED] - Text 'Country' is present on page  using regular expression

2023-09-21 17:37:40 - [TEST_STEP][PASSED] - verifyTextPresent("City", true): Text 'City' is present on page  using regular expression

2023-09-21 17:37:40 - [MESSAGE][PASSED] - Text 'City' is present on page  using regular expression

2023-09-21 17:37:40 - [TEST_STEP][PASSED] - verifyTextPresent("State", true): Text 'State' is present on page  using regular expression

2023-09-21 17:37:40 - [MESSAGE][PASSED] - Text 'State' is present on page  using regular expression

2023-09-21 17:37:40 - [TEST_STEP][PASSED] - verifyTextPresent("ZIP Code", true): Text 'ZIP Code' is present on page  using regular expression

2023-09-21 17:37:40 - [MESSAGE][PASSED] - Text 'ZIP Code' is present on page  using regular expression

2023-09-21 17:37:40 - [TEST_STEP][PASSED] - verifyTextPresent("248 PhoolKaante road", true): Text '248 PhoolKaante road' is present on page  using regular expression

2023-09-21 17:37:41 - [MESSAGE][PASSED] - Text '248 PhoolKaante road' is present on page  using regular expression

2023-09-21 17:37:41 - [TEST_STEP][PASSED] - verifyTextPresent("Suite 678", true): Text 'Suite 678' is present on page  using regular expression

2023-09-21 17:37:41 - [MESSAGE][PASSED] - Text 'Suite 678' is present on page  using regular expression

2023-09-21 17:37:41 - [TEST_STEP][PASSED] - verifyTextPresent("United States", true): Text 'United States' is present on page  using regular expression

2023-09-21 17:37:41 - [MESSAGE][PASSED] - Text 'United States' is present on page  using regular expression

2023-09-21 17:37:41 - [TEST_STEP][PASSED] - verifyTextPresent("ARLINGTON", true): Text 'ARLINGTON' is present on page  using regular expression

2023-09-21 17:37:42 - [MESSAGE][PASSED] - Text 'ARLINGTON' is present on page  using regular expression

2023-09-21 17:37:42 - [TEST_STEP][PASSED] - verifyTextPresent("VA", true): Text 'VA' is present on page  using regular expression

2023-09-21 17:37:42 - [MESSAGE][PASSED] - Text 'VA' is present on page  using regular expression

2023-09-21 17:37:42 - [TEST_STEP][PASSED] - verifyTextPresent("22201", true): Text '22201' is present on page  using regular expression

2023-09-21 17:37:42 - [MESSAGE][PASSED] - Text '22201' is present on page  using regular expression

2023-09-21 17:37:42 - [TEST_STEP][PASSED] - cardTypeV = findTestData(dataFile).getValue("CardType", row): null

2023-09-21 17:37:42 - [TEST_STEP][PASSED] - last4V = findTestData(dataFile).getValue("Last4", row): null

2023-09-21 17:37:42 - [TEST_STEP][PASSED] - verifyTextPresent(cardTypeV, true): Text 'Discover' is present on page  using regular expression

2023-09-21 17:37:43 - [MESSAGE][PASSED] - Text 'Discover' is present on page  using regular expression

2023-09-21 17:37:43 - [TEST_STEP][PASSED] - verifyTextPresent(last4V, true): Text '6909' is present on page  using regular expression

2023-09-21 17:37:43 - [MESSAGE][PASSED] - Text '6909' is present on page  using regular expression

2023-09-21 17:37:43 - [TEST_STEP][PASSED] - switch (appName): null

2023-09-21 17:37:43 - [TEST_STEP][PASSED] - closeBrowser(): Browser is closed

2023-09-21 17:37:44 - [MESSAGE][PASSED] - Browser is closed

2023-09-21 17:37:44 - [TEST_STEP][PASSED] - ExecuteTC = findTestData(dataFile).getValue("Execute", row): null

2023-09-21 17:37:44 - [TEST_STEP][PASSED] - out.println("Value of Execute is : " + ExecuteTC): null

2023-09-21 17:37:44 - [TEST_STEP][PASSED] - switch (executionProfile): null

2023-09-21 17:37:44 - [TEST_STEP][PASSED] - case "QA2Profile":: null

2023-09-21 17:37:44 - [TEST_STEP][PASSED] - appName = findTestData(dataFile).getValue("AppNameQA", row): null

2023-09-21 17:37:44 - [TEST_STEP][PASSED] - appID = findTestData(dataFile).getValue("AppIDQA", row): null

2023-09-21 17:37:44 - [TEST_STEP][PASSED] - break: null

2023-09-21 17:37:44 - [TEST_STEP][PASSED] - if (ExecuteTC.equalsIgnoreCase("Y")): null

2023-09-21 17:37:44 - [TEST_STEP][PASSED] - out.println("Begin Record Number: " + row): null

2023-09-21 17:37:44 - [TEST_STEP][PASSED] - today = new java.util.Date(): null

2023-09-21 17:37:44 - [TEST_STEP][PASSED] - println(today): null

2023-09-21 17:37:44 - [TEST_STEP][PASSED] - datText = today: null

2023-09-21 17:37:44 - [TEST_STEP][PASSED] - adminSuiteBootstrap.loginFunctionality.login_AdminSuite(): adminSuiteBootstrap.loginFunctionality.login_AdminSuite is PASSED

2023-09-21 17:37:44 - [MESSAGE][INFO] - Starting 'Chrome' driver

2023-09-21 17:37:44 - [MESSAGE][INFO] - User set preference: ['acceptInsecureCerts', 'true']

2023-09-21 17:37:44 - [MESSAGE][INFO] - Action delay is set to 0 milliseconds

2023-09-21 17:37:47 - [MESSAGE][PASSED] - Browser is opened with url: 'https://qa2.velocitypayment.com/admin/imtiaz'

2023-09-21 17:37:47 - [MESSAGE][PASSED] - Current window maximized

2023-09-21 17:37:47 - [MESSAGE][PASSED] - Object 'Object Repository/Login_Page/Login_Username_Okta' is present

2023-09-21 17:37:48 - [MESSAGE][PASSED] - Text 'iahmed' is set on object 'Object Repository/Login_Page/Login_Username_Okta'

2023-09-21 17:37:49 - [MESSAGE][PASSED] - Text 'Hello1111111@' is set on object 'Object Repository/Login_Page/Login_Password_Okta'

2023-09-21 17:37:49 - [MESSAGE][PASSED] - Object: 'Object Repository/Login_Page/Login_Submit_Okta' is clicked on

2023-09-21 17:37:49 - [MESSAGE][PASSED] - adminSuiteBootstrap.loginFunctionality.login_AdminSuite is PASSED

2023-09-21 17:37:49 - [TEST_STEP][PASSED] - click(findTestObject(path_Dashboard + appName)): Object: 'Object Repository/AdminSuiteBootstrap_Pages/Dashboard_Bootstrap/a_Access AutoSingleCFtpQA' is clicked on

2023-09-21 17:37:56 - [MESSAGE][PASSED] - Object: 'Object Repository/AdminSuiteBootstrap_Pages/Dashboard_Bootstrap/a_Access AutoSingleCFtpQA' is clicked on

2023-09-21 17:37:56 - [TEST_STEP][PASSED] - click(findTestObject(path_VT + "a_Find Profile")): Object: 'Object Repository/AdminSuiteBootstrap_Pages/VT_Bootstrap/IssueTransactions/a_Find Profile' is clicked on

2023-09-21 17:37:56 - [MESSAGE][PASSED] - Object: 'Object Repository/AdminSuiteBootstrap_Pages/VT_Bootstrap/IssueTransactions/a_Find Profile' is clicked on

2023-09-21 17:37:56 - [TEST_STEP][PASSED] - criteria = <not implemented yet for class: org.codehaus.groovy.ast.expr.EmptyExpression>: null

2023-09-21 17:37:56 - [TEST_STEP][PASSED] - searchBy = <not implemented yet for class: org.codehaus.groovy.ast.expr.EmptyExpression>: null

2023-09-21 17:37:56 - [TEST_STEP][PASSED] - criteria = findTestData(dataFile).getValue("ProfileName", row): null

2023-09-21 17:37:57 - [TEST_STEP][PASSED] - path_SearchProfile = "Object Repository/AdminSuiteBootstrap_Pages/VSP_Bootstrap/SearchProfile/": null

2023-09-21 17:37:57 - [TEST_STEP][PASSED] - setText(findTestObject(path_SearchProfile + "input_Criteria"), criteria): Text 'PaymentsVisa' is set on object 'Object Repository/AdminSuiteBootstrap_Pages/VSP_Bootstrap/SearchProfile/input_Criteria'

2023-09-21 17:37:57 - [MESSAGE][PASSED] - Text 'PaymentsVisa' is set on object 'Object Repository/AdminSuiteBootstrap_Pages/VSP_Bootstrap/SearchProfile/input_Criteria'

2023-09-21 17:37:57 - [TEST_STEP][PASSED] - click(findTestObject(path_SearchProfile + "button_Search")): Object: 'Object Repository/AdminSuiteBootstrap_Pages/VSP_Bootstrap/SearchProfile/button_Search' is clicked on

2023-09-21 17:37:58 - [MESSAGE][PASSED] - Object: 'Object Repository/AdminSuiteBootstrap_Pages/VSP_Bootstrap/SearchProfile/button_Search' is clicked on

2023-09-21 17:37:58 - [TEST_STEP][PASSED] - profNameLink = findTestData(dataFile).getValue("ProfileNameLink", row): null

2023-09-21 17:37:58 - [TEST_STEP][PASSED] - click(findTestObject(path_ViewProfile + profNameLink)): Object: 'Object Repository/AdminSuiteBootstrap_Pages/VSP_Bootstrap/View Profile/a_PaymentsVisa' is clicked on

2023-09-21 17:37:59 - [MESSAGE][PASSED] - Object: 'Object Repository/AdminSuiteBootstrap_Pages/VSP_Bootstrap/View Profile/a_PaymentsVisa' is clicked on

2023-09-21 17:37:59 - [TEST_STEP][PASSED] - click(findTestObject(path_ViewProfile + "a_Auth")): Object: 'Object Repository/AdminSuiteBootstrap_Pages/VSP_Bootstrap/View Profile/a_Auth' is clicked on

2023-09-21 17:38:01 - [MESSAGE][PASSED] - Object: 'Object Repository/AdminSuiteBootstrap_Pages/VSP_Bootstrap/View Profile/a_Auth' is clicked on

2023-09-21 17:38:01 - [TEST_STEP][PASSED] - verifyTextPresent("Credit Card Authorization", true): Text 'Credit Card Authorization' is present on page  using regular expression

2023-09-21 17:38:01 - [MESSAGE][PASSED] - Text 'Credit Card Authorization' is present on page  using regular expression

2023-09-21 17:38:01 - [TEST_STEP][PASSED] - verifyTextPresent("Required fields are highlighted with an asterisk", true): Text 'Required fields are highlighted with an asterisk' is present on page  using regular expression

2023-09-21 17:38:02 - [MESSAGE][PASSED] - Text 'Required fields are highlighted with an asterisk' is present on page  using regular expression

2023-09-21 17:38:02 - [TEST_STEP][PASSED] - verifyTextPresent("Remittance ID", true): Text 'Remittance ID' is present on page  using regular expression

2023-09-21 17:38:02 - [MESSAGE][PASSED] - Text 'Remittance ID' is present on page  using regular expression

2023-09-21 17:38:02 - [TEST_STEP][PASSED] - vspBootstrap.SalePage.setDataSaleAndAuth(row, dataFile): vspBootstrap.SalePage.setDataSaleAndAuth is PASSED

2023-09-21 17:38:04 - [MESSAGE][PASSED] - All options with value 'MOTO' are selected in object 'Object Repository/AdminSuiteBootstrap_Pages/VSP_Bootstrap/VSP_Authcap/select_TransactionCategory'  using regular expression

2023-09-21 17:38:04 - [MESSAGE][PASSED] - Text '123' is set on object 'Object Repository/AdminSuiteBootstrap_Pages/VSP_Bootstrap/VSP_Authcap/input_cvv'

2023-09-21 17:38:05 - [MESSAGE][PASSED] - Text '' is set on object 'Object Repository/AdminSuiteBootstrap_Pages/VSP_Bootstrap/VSP_Authcap/input_smsNumber'

2023-09-21 17:38:06 - [MESSAGE][PASSED] - Text '2.50' is set on object 'Object Repository/AdminSuiteBootstrap_Pages/VSP_Bootstrap/VSP_Authcap/input_amount'

2023-09-21 17:38:07 - [MESSAGE][PASSED] - Text 'Delhi' is set on object 'Object Repository/AdminSuiteBootstrap_Pages/VSP_Bootstrap/VSP_Authcap/input_userDefined1'

2023-09-21 17:38:07 - [MESSAGE][PASSED] - Text 'Chennai' is set on object 'Object Repository/AdminSuiteBootstrap_Pages/VSP_Bootstrap/VSP_Authcap/input_userDefined2'

2023-09-21 17:38:08 - [MESSAGE][PASSED] - Text 'Mumbai' is set on object 'Object Repository/AdminSuiteBootstrap_Pages/VSP_Bootstrap/VSP_Authcap/input_userDefined3'

2023-09-21 17:38:09 - [MESSAGE][PASSED] - Text 'Kanpur' is set on object 'Object Repository/AdminSuiteBootstrap_Pages/VSP_Bootstrap/VSP_Authcap/input_userDefined4'

2023-09-21 17:38:09 - [MESSAGE][PASSED] - All options with label 'Orange' are selected in object 'Object Repository/AdminSuiteBootstrap_Pages/VSP_Bootstrap/VSP_Authcap/select_UDF5'  using regular expression

2023-09-21 17:38:10 - [MESSAGE][PASSED] - All options with label 'Yellow' are selected in object 'Object Repository/AdminSuiteBootstrap_Pages/VSP_Bootstrap/VSP_Authcap/select_UDF6'  using regular expression

2023-09-21 17:38:11 - [MESSAGE][PASSED] - Text 'Kolkata' is set on object 'Object Repository/AdminSuiteBootstrap_Pages/VSP_Bootstrap/VSP_Authcap/input_userDefined7'

2023-09-21 17:38:11 - [MESSAGE][PASSED] - Text 'Pune' is set on object 'Object Repository/AdminSuiteBootstrap_Pages/VSP_Bootstrap/VSP_Authcap/input_userDefined8'

2023-09-21 17:38:12 - [MESSAGE][PASSED] - Text 'Bhavnagar' is set on object 'Object Repository/AdminSuiteBootstrap_Pages/VSP_Bootstrap/VSP_Authcap/input_userDefined9'

2023-09-21 17:38:13 - [MESSAGE][PASSED] - Text 'Noida' is set on object 'Object Repository/AdminSuiteBootstrap_Pages/VSP_Bootstrap/VSP_Authcap/input_userDefined10'

2023-09-21 17:38:14 - [MESSAGE][PASSED] - Object: 'Object Repository/AdminSuiteBootstrap_Pages/VSP_Bootstrap/VSP_Authcap/button_Submit' is clicked on

2023-09-21 17:38:14 - [MESSAGE][PASSED] - vspBootstrap.SalePage.setDataSaleAndAuth is PASSED

2023-09-21 17:38:14 - [TEST_STEP][PASSED] - verifyTextPresent("Transaction Successful", true): Text 'Transaction Successful' is present on page  using regular expression

2023-09-21 17:38:15 - [MESSAGE][PASSED] - Text 'Transaction Successful' is present on page  using regular expression

2023-09-21 17:38:15 - [TEST_STEP][PASSED] - verifyElementVisible(findTestObject("Object Repository/AdminSuiteBootstrap_Pages/VT_Bootstrap/Receipt/button_Continue")): Object 'Object Repository/AdminSuiteBootstrap_Pages/VT_Bootstrap/Receipt/button_Continue' is visible

2023-09-21 17:38:15 - [MESSAGE][PASSED] - Object 'Object Repository/AdminSuiteBootstrap_Pages/VT_Bootstrap/Receipt/button_Continue' is visible

2023-09-21 17:38:15 - [TEST_STEP][PASSED] - verifyElementPresent(findTestObject("Object Repository/AdminSuiteBootstrap_Pages/VT_Bootstrap/Receipt/button_Continue"), 20): Object 'Object Repository/AdminSuiteBootstrap_Pages/VT_Bootstrap/Receipt/button_Continue' is present

2023-09-21 17:38:15 - [MESSAGE][PASSED] - Object 'Object Repository/AdminSuiteBootstrap_Pages/VT_Bootstrap/Receipt/button_Continue' is present

2023-09-21 17:38:15 - [TEST_STEP][PASSED] - verifyElementVisible(findTestObject("Object Repository/AdminSuiteBootstrap_Pages/VT_Bootstrap/Receipt/button_Print")): Object 'Object Repository/AdminSuiteBootstrap_Pages/VT_Bootstrap/Receipt/button_Print' is visible

2023-09-21 17:38:16 - [MESSAGE][PASSED] - Object 'Object Repository/AdminSuiteBootstrap_Pages/VT_Bootstrap/Receipt/button_Print' is visible

2023-09-21 17:38:16 - [TEST_STEP][PASSED] - verifyElementPresent(findTestObject("Object Repository/AdminSuiteBootstrap_Pages/VT_Bootstrap/Receipt/button_Print"), 20): Object 'Object Repository/AdminSuiteBootstrap_Pages/VT_Bootstrap/Receipt/button_Print' is present

2023-09-21 17:38:16 - [MESSAGE][PASSED] - Object 'Object Repository/AdminSuiteBootstrap_Pages/VT_Bootstrap/Receipt/button_Print' is present

2023-09-21 17:38:16 - [TEST_STEP][PASSED] - verifyTextPresent("Remittance ID", true): Text 'Remittance ID' is present on page  using regular expression

2023-09-21 17:38:16 - [MESSAGE][PASSED] - Text 'Remittance ID' is present on page  using regular expression

2023-09-21 17:38:16 - [TEST_STEP][PASSED] - verifyTextPresent("Received", true): Text 'Received' is present on page  using regular expression

2023-09-21 17:38:17 - [MESSAGE][PASSED] - Text 'Received' is present on page  using regular expression

2023-09-21 17:38:17 - [TEST_STEP][PASSED] - verifyTextPresent("UDF1", true): Text 'UDF1' is present on page  using regular expression

2023-09-21 17:38:17 - [MESSAGE][PASSED] - Text 'UDF1' is present on page  using regular expression

2023-09-21 17:38:17 - [TEST_STEP][PASSED] - verifyTextPresent("UDF2", true): Text 'UDF2' is present on page  using regular expression

2023-09-21 17:38:17 - [MESSAGE][PASSED] - Text 'UDF2' is present on page  using regular expression

2023-09-21 17:38:17 - [TEST_STEP][PASSED] - verifyTextPresent("UDF3", true): Text 'UDF3' is present on page  using regular expression

2023-09-21 17:38:18 - [MESSAGE][PASSED] - Text 'UDF3' is present on page  using regular expression

2023-09-21 17:38:18 - [TEST_STEP][PASSED] - verifyTextPresent("UDF4", true): Text 'UDF4' is present on page  using regular expression

2023-09-21 17:38:18 - [MESSAGE][PASSED] - Text 'UDF4' is present on page  using regular expression

2023-09-21 17:38:18 - [TEST_STEP][PASSED] - verifyTextPresent("UDF5", true): Text 'UDF5' is present on page  using regular expression

2023-09-21 17:38:18 - [MESSAGE][PASSED] - Text 'UDF5' is present on page  using regular expression

2023-09-21 17:38:18 - [TEST_STEP][PASSED] - verifyTextPresent("UDF6", true): Text 'UDF6' is present on page  using regular expression

2023-09-21 17:38:18 - [MESSAGE][PASSED] - Text 'UDF6' is present on page  using regular expression

2023-09-21 17:38:18 - [TEST_STEP][PASSED] - verifyTextPresent("UDF7", true): Text 'UDF7' is present on page  using regular expression

2023-09-21 17:38:19 - [MESSAGE][PASSED] - Text 'UDF7' is present on page  using regular expression

2023-09-21 17:38:19 - [TEST_STEP][PASSED] - verifyTextPresent("UDF8", true): Text 'UDF8' is present on page  using regular expression

2023-09-21 17:38:19 - [MESSAGE][PASSED] - Text 'UDF8' is present on page  using regular expression

2023-09-21 17:38:19 - [TEST_STEP][PASSED] - verifyTextPresent("UDF9", true): Text 'UDF9' is present on page  using regular expression

2023-09-21 17:38:19 - [MESSAGE][PASSED] - Text 'UDF9' is present on page  using regular expression

2023-09-21 17:38:19 - [TEST_STEP][PASSED] - verifyTextPresent("UDF 10", true): Text 'UDF 10' is present on page  using regular expression

2023-09-21 17:38:20 - [MESSAGE][PASSED] - Text 'UDF 10' is present on page  using regular expression

2023-09-21 17:38:20 - [TEST_STEP][PASSED] - verifyTextPresent("Delhi", true): Text 'Delhi' is present on page  using regular expression

2023-09-21 17:38:20 - [MESSAGE][PASSED] - Text 'Delhi' is present on page  using regular expression

2023-09-21 17:38:20 - [TEST_STEP][PASSED] - verifyTextPresent("Chennai", true): Text 'Chennai' is present on page  using regular expression

2023-09-21 17:38:20 - [MESSAGE][PASSED] - Text 'Chennai' is present on page  using regular expression

2023-09-21 17:38:20 - [TEST_STEP][PASSED] - verifyTextPresent("Mumbai", true): Text 'Mumbai' is present on page  using regular expression

2023-09-21 17:38:21 - [MESSAGE][PASSED] - Text 'Mumbai' is present on page  using regular expression

2023-09-21 17:38:21 - [TEST_STEP][PASSED] - verifyTextPresent("Kanpur", true): Text 'Kanpur' is present on page  using regular expression

2023-09-21 17:38:21 - [MESSAGE][PASSED] - Text 'Kanpur' is present on page  using regular expression

2023-09-21 17:38:21 - [TEST_STEP][PASSED] - verifyTextPresent("Orange Recorded", true): Text 'Orange Recorded' is present on page  using regular expression

2023-09-21 17:38:21 - [MESSAGE][PASSED] - Text 'Orange Recorded' is present on page  using regular expression

2023-09-21 17:38:21 - [TEST_STEP][PASSED] - verifyTextPresent("Yellow Recorded", true): Text 'Yellow Recorded' is present on page  using regular expression

2023-09-21 17:38:21 - [MESSAGE][PASSED] - Text 'Yellow Recorded' is present on page  using regular expression

2023-09-21 17:38:21 - [TEST_STEP][PASSED] - verifyTextPresent("Kolkata", true): Text 'Kolkata' is present on page  using regular expression

2023-09-21 17:38:22 - [MESSAGE][PASSED] - Text 'Kolkata' is present on page  using regular expression

2023-09-21 17:38:22 - [TEST_STEP][PASSED] - verifyTextPresent("Pune", true): Text 'Pune' is present on page  using regular expression

2023-09-21 17:38:22 - [MESSAGE][PASSED] - Text 'Pune' is present on page  using regular expression

2023-09-21 17:38:22 - [TEST_STEP][PASSED] - verifyTextPresent("Bhavnagar", true): Text 'Bhavnagar' is present on page  using regular expression

2023-09-21 17:38:22 - [MESSAGE][PASSED] - Text 'Bhavnagar' is present on page  using regular expression

2023-09-21 17:38:22 - [TEST_STEP][PASSED] - verifyTextPresent("Noida", true): Text 'Noida' is present on page  using regular expression

2023-09-21 17:38:23 - [MESSAGE][PASSED] - Text 'Noida' is present on page  using regular expression

2023-09-21 17:38:23 - [TEST_STEP][PASSED] - verifyTextPresent("Amount", true): Text 'Amount' is present on page  using regular expression

2023-09-21 17:38:23 - [MESSAGE][PASSED] - Text 'Amount' is present on page  using regular expression

2023-09-21 17:38:23 - [TEST_STEP][PASSED] - verifyTextPresent("2.50", true): Text '2.50' is present on page  using regular expression

2023-09-21 17:38:23 - [MESSAGE][PASSED] - Text '2.50' is present on page  using regular expression

2023-09-21 17:38:23 - [TEST_STEP][PASSED] - verifyTextPresent("Authorization", true): Text 'Authorization' is present on page  using regular expression

2023-09-21 17:38:24 - [MESSAGE][PASSED] - Text 'Authorization' is present on page  using regular expression

2023-09-21 17:38:24 - [TEST_STEP][PASSED] - verifyTextPresent("Card Information", true): Text 'Card Information' is present on page  using regular expression

2023-09-21 17:38:24 - [MESSAGE][PASSED] - Text 'Card Information' is present on page  using regular expression

2023-09-21 17:38:24 - [TEST_STEP][PASSED] - verifyTextPresent("TANDON RAVENA", true): Text 'TANDON RAVENA' is present on page  using regular expression

2023-09-21 17:38:24 - [MESSAGE][PASSED] - Text 'TANDON RAVENA' is present on page  using regular expression

2023-09-21 17:38:24 - [TEST_STEP][PASSED] - verifyTextPresent("Address Line 1", true): Text 'Address Line 1' is present on page  using regular expression

2023-09-21 17:38:24 - [MESSAGE][PASSED] - Text 'Address Line 1' is present on page  using regular expression

2023-09-21 17:38:24 - [TEST_STEP][PASSED] - verifyTextPresent("Address Line 2", true): Text 'Address Line 2' is present on page  using regular expression

2023-09-21 17:38:25 - [MESSAGE][PASSED] - Text 'Address Line 2' is present on page  using regular expression

2023-09-21 17:38:25 - [TEST_STEP][PASSED] - verifyTextPresent("Country", true): Text 'Country' is present on page  using regular expression

2023-09-21 17:38:25 - [MESSAGE][PASSED] - Text 'Country' is present on page  using regular expression

2023-09-21 17:38:25 - [TEST_STEP][PASSED] - verifyTextPresent("City", true): Text 'City' is present on page  using regular expression

2023-09-21 17:38:25 - [MESSAGE][PASSED] - Text 'City' is present on page  using regular expression

2023-09-21 17:38:25 - [TEST_STEP][PASSED] - verifyTextPresent("State", true): Text 'State' is present on page  using regular expression

2023-09-21 17:38:26 - [MESSAGE][PASSED] - Text 'State' is present on page  using regular expression

2023-09-21 17:38:26 - [TEST_STEP][PASSED] - verifyTextPresent("ZIP Code", true): Text 'ZIP Code' is present on page  using regular expression

2023-09-21 17:38:26 - [MESSAGE][PASSED] - Text 'ZIP Code' is present on page  using regular expression

2023-09-21 17:38:26 - [TEST_STEP][PASSED] - verifyTextPresent("248 PhoolKaante road", true): Text '248 PhoolKaante road' is present on page  using regular expression

2023-09-21 17:38:26 - [MESSAGE][PASSED] - Text '248 PhoolKaante road' is present on page  using regular expression

2023-09-21 17:38:26 - [TEST_STEP][PASSED] - verifyTextPresent("Suite 678", true): Text 'Suite 678' is present on page  using regular expression

2023-09-21 17:38:27 - [MESSAGE][PASSED] - Text 'Suite 678' is present on page  using regular expression

2023-09-21 17:38:27 - [TEST_STEP][PASSED] - verifyTextPresent("United States", true): Text 'United States' is present on page  using regular expression

2023-09-21 17:38:27 - [MESSAGE][PASSED] - Text 'United States' is present on page  using regular expression

2023-09-21 17:38:27 - [TEST_STEP][PASSED] - verifyTextPresent("ARLINGTON", true): Text 'ARLINGTON' is present on page  using regular expression

2023-09-21 17:38:27 - [MESSAGE][PASSED] - Text 'ARLINGTON' is present on page  using regular expression

2023-09-21 17:38:27 - [TEST_STEP][PASSED] - verifyTextPresent("VA", true): Text 'VA' is present on page  using regular expression

2023-09-21 17:38:27 - [MESSAGE][PASSED] - Text 'VA' is present on page  using regular expression

2023-09-21 17:38:27 - [TEST_STEP][PASSED] - verifyTextPresent("22201", true): Text '22201' is present on page  using regular expression

2023-09-21 17:38:28 - [MESSAGE][PASSED] - Text '22201' is present on page  using regular expression

2023-09-21 17:38:28 - [TEST_STEP][PASSED] - cardTypeV = findTestData(dataFile).getValue("CardType", row): null

2023-09-21 17:38:28 - [TEST_STEP][PASSED] - last4V = findTestData(dataFile).getValue("Last4", row): null

2023-09-21 17:38:28 - [TEST_STEP][PASSED] - verifyTextPresent(cardTypeV, true): Text 'Visa' is present on page  using regular expression

2023-09-21 17:38:28 - [MESSAGE][PASSED] - Text 'Visa' is present on page  using regular expression

2023-09-21 17:38:28 - [TEST_STEP][PASSED] - verifyTextPresent(last4V, true): Text '5439' is present on page  using regular expression

2023-09-21 17:38:28 - [MESSAGE][PASSED] - Text '5439' is present on page  using regular expression

2023-09-21 17:38:28 - [TEST_STEP][PASSED] - switch (appName): null

2023-09-21 17:38:28 - [TEST_STEP][PASSED] - case "a_Access AutoSingleCFtpQA":: null

2023-09-21 17:38:28 - [TEST_STEP][PASSED] - verifyTextPresent("5.00", true): Text '5.00' is present on page  using regular expression

2023-09-21 17:38:29 - [MESSAGE][PASSED] - Text '5.00' is present on page  using regular expression

2023-09-21 17:38:29 - [TEST_STEP][PASSED] - verifyTextPresent("Single Transaction", true): Text 'Single Transaction' is present on page  using regular expression

2023-09-21 17:38:29 - [MESSAGE][PASSED] - Text 'Single Transaction' is present on page  using regular expression

2023-09-21 17:38:29 - [TEST_STEP][PASSED] - verifyTextPresent("7.50", true): Text '7.50' is present on page  using regular expression

2023-09-21 17:38:29 - [MESSAGE][PASSED] - Text '7.50' is present on page  using regular expression

2023-09-21 17:38:29 - [TEST_STEP][PASSED] - verifyTextPresent("Total Amount", true): Text 'Total Amount' is present on page  using regular expression

2023-09-21 17:38:30 - [MESSAGE][PASSED] - Text 'Total Amount' is present on page  using regular expression

2023-09-21 17:38:30 - [TEST_STEP][PASSED] - verifyTextPresent("Transaction Type", true): Text 'Transaction Type' is present on page  using regular expression

2023-09-21 17:38:30 - [MESSAGE][PASSED] - Text 'Transaction Type' is present on page  using regular expression

2023-09-21 17:38:30 - [TEST_STEP][PASSED] - break: null

2023-09-21 17:38:30 - [TEST_STEP][PASSED] - closeBrowser(): Browser is closed

2023-09-21 17:38:31 - [MESSAGE][PASSED] - Browser is closed

2023-09-21 17:38:31 - [TEST_STEP][PASSED] - ExecuteTC = findTestData(dataFile).getValue("Execute", row): null

2023-09-21 17:38:31 - [TEST_STEP][PASSED] - out.println("Value of Execute is : " + ExecuteTC): null

2023-09-21 17:38:31 - [TEST_STEP][PASSED] - switch (executionProfile): null

2023-09-21 17:38:31 - [TEST_STEP][PASSED] - case "QA2Profile":: null

2023-09-21 17:38:31 - [TEST_STEP][PASSED] - appName = findTestData(dataFile).getValue("AppNameQA", row): null

2023-09-21 17:38:31 - [TEST_STEP][PASSED] - appID = findTestData(dataFile).getValue("AppIDQA", row): null

2023-09-21 17:38:31 - [TEST_STEP][PASSED] - break: null

2023-09-21 17:38:31 - [TEST_STEP][PASSED] - if (ExecuteTC.equalsIgnoreCase("Y")): null

2023-09-21 17:38:31 - [TEST_STEP][PASSED] - out.println("Begin Record Number: " + row): null

2023-09-21 17:38:31 - [TEST_STEP][PASSED] - today = new java.util.Date(): null

2023-09-21 17:38:31 - [TEST_STEP][PASSED] - println(today): null

2023-09-21 17:38:31 - [TEST_STEP][PASSED] - datText = today: null

2023-09-21 17:38:31 - [TEST_STEP][PASSED] - adminSuiteBootstrap.loginFunctionality.login_AdminSuite(): adminSuiteBootstrap.loginFunctionality.login_AdminSuite is PASSED

2023-09-21 17:38:31 - [MESSAGE][INFO] - Starting 'Chrome' driver

2023-09-21 17:38:31 - [MESSAGE][INFO] - User set preference: ['acceptInsecureCerts', 'true']

2023-09-21 17:38:31 - [MESSAGE][INFO] - Action delay is set to 0 milliseconds

2023-09-21 17:38:34 - [MESSAGE][PASSED] - Browser is opened with url: 'https://qa2.velocitypayment.com/admin/imtiaz'

2023-09-21 17:38:34 - [MESSAGE][PASSED] - Current window maximized

2023-09-21 17:38:34 - [MESSAGE][PASSED] - Object 'Object Repository/Login_Page/Login_Username_Okta' is present

2023-09-21 17:38:35 - [MESSAGE][PASSED] - Text 'iahmed' is set on object 'Object Repository/Login_Page/Login_Username_Okta'

2023-09-21 17:38:36 - [MESSAGE][PASSED] - Text 'Hello1111111@' is set on object 'Object Repository/Login_Page/Login_Password_Okta'

2023-09-21 17:38:36 - [MESSAGE][PASSED] - Object: 'Object Repository/Login_Page/Login_Submit_Okta' is clicked on

2023-09-21 17:38:36 - [MESSAGE][PASSED] - adminSuiteBootstrap.loginFunctionality.login_AdminSuite is PASSED

2023-09-21 17:38:36 - [TEST_STEP][PASSED] - click(findTestObject(path_Dashboard + appName)): Object: 'Object Repository/AdminSuiteBootstrap_Pages/Dashboard_Bootstrap/a_Access AutoSingleCFtpQA' is clicked on

2023-09-21 17:38:51 - [MESSAGE][PASSED] - Object: 'Object Repository/AdminSuiteBootstrap_Pages/Dashboard_Bootstrap/a_Access AutoSingleCFtpQA' is clicked on

2023-09-21 17:38:51 - [TEST_STEP][PASSED] - click(findTestObject(path_VT + "a_Find Profile")): Object: 'Object Repository/AdminSuiteBootstrap_Pages/VT_Bootstrap/IssueTransactions/a_Find Profile' is clicked on

2023-09-21 17:38:52 - [MESSAGE][PASSED] - Object: 'Object Repository/AdminSuiteBootstrap_Pages/VT_Bootstrap/IssueTransactions/a_Find Profile' is clicked on

2023-09-21 17:38:52 - [TEST_STEP][PASSED] - criteria = <not implemented yet for class: org.codehaus.groovy.ast.expr.EmptyExpression>: null

2023-09-21 17:38:52 - [TEST_STEP][PASSED] - searchBy = <not implemented yet for class: org.codehaus.groovy.ast.expr.EmptyExpression>: null

2023-09-21 17:38:52 - [TEST_STEP][PASSED] - criteria = findTestData(dataFile).getValue("ProfileName", row): null

2023-09-21 17:38:52 - [TEST_STEP][PASSED] - path_SearchProfile = "Object Repository/AdminSuiteBootstrap_Pages/VSP_Bootstrap/SearchProfile/": null

2023-09-21 17:38:52 - [TEST_STEP][PASSED] - setText(findTestObject(path_SearchProfile + "input_Criteria"), criteria): Text 'PaymentsMC' is set on object 'Object Repository/AdminSuiteBootstrap_Pages/VSP_Bootstrap/SearchProfile/input_Criteria'

2023-09-21 17:38:52 - [MESSAGE][PASSED] - Text 'PaymentsMC' is set on object 'Object Repository/AdminSuiteBootstrap_Pages/VSP_Bootstrap/SearchProfile/input_Criteria'

2023-09-21 17:38:52 - [TEST_STEP][PASSED] - click(findTestObject(path_SearchProfile + "button_Search")): Object: 'Object Repository/AdminSuiteBootstrap_Pages/VSP_Bootstrap/SearchProfile/button_Search' is clicked on

2023-09-21 17:38:53 - [MESSAGE][PASSED] - Object: 'Object Repository/AdminSuiteBootstrap_Pages/VSP_Bootstrap/SearchProfile/button_Search' is clicked on

2023-09-21 17:38:53 - [TEST_STEP][PASSED] - profNameLink = findTestData(dataFile).getValue("ProfileNameLink", row): null

2023-09-21 17:38:53 - [TEST_STEP][PASSED] - click(findTestObject(path_ViewProfile + profNameLink)): Object: 'Object Repository/AdminSuiteBootstrap_Pages/VSP_Bootstrap/View Profile/a_PaymentsMC' is clicked on

2023-09-21 17:38:55 - [MESSAGE][PASSED] - Object: 'Object Repository/AdminSuiteBootstrap_Pages/VSP_Bootstrap/View Profile/a_PaymentsMC' is clicked on

2023-09-21 17:38:55 - [TEST_STEP][PASSED] - click(findTestObject(path_ViewProfile + "a_Auth")): Object: 'Object Repository/AdminSuiteBootstrap_Pages/VSP_Bootstrap/View Profile/a_Auth' is clicked on

2023-09-21 17:38:56 - [MESSAGE][PASSED] - Object: 'Object Repository/AdminSuiteBootstrap_Pages/VSP_Bootstrap/View Profile/a_Auth' is clicked on

2023-09-21 17:38:56 - [TEST_STEP][PASSED] - verifyTextPresent("Credit Card Authorization", true): Text 'Credit Card Authorization' is present on page  using regular expression

2023-09-21 17:38:57 - [MESSAGE][PASSED] - Text 'Credit Card Authorization' is present on page  using regular expression

2023-09-21 17:38:57 - [TEST_STEP][PASSED] - verifyTextPresent("Required fields are highlighted with an asterisk", true): Text 'Required fields are highlighted with an asterisk' is present on page  using regular expression

2023-09-21 17:38:57 - [MESSAGE][PASSED] - Text 'Required fields are highlighted with an asterisk' is present on page  using regular expression

2023-09-21 17:38:57 - [TEST_STEP][PASSED] - verifyTextPresent("Remittance ID", true): Text 'Remittance ID' is present on page  using regular expression

2023-09-21 17:38:58 - [MESSAGE][PASSED] - Text 'Remittance ID' is present on page  using regular expression

2023-09-21 17:38:58 - [TEST_STEP][PASSED] - vspBootstrap.SalePage.setDataSaleAndAuth(row, dataFile): vspBootstrap.SalePage.setDataSaleAndAuth is PASSED

2023-09-21 17:38:59 - [MESSAGE][PASSED] - All options with value 'MOTO' are selected in object 'Object Repository/AdminSuiteBootstrap_Pages/VSP_Bootstrap/VSP_Authcap/select_TransactionCategory'  using regular expression

2023-09-21 17:39:00 - [MESSAGE][PASSED] - Text '123' is set on object 'Object Repository/AdminSuiteBootstrap_Pages/VSP_Bootstrap/VSP_Authcap/input_cvv'

2023-09-21 17:39:01 - [MESSAGE][PASSED] - Text '' is set on object 'Object Repository/AdminSuiteBootstrap_Pages/VSP_Bootstrap/VSP_Authcap/input_smsNumber'

2023-09-21 17:39:01 - [MESSAGE][PASSED] - Text '2.50' is set on object 'Object Repository/AdminSuiteBootstrap_Pages/VSP_Bootstrap/VSP_Authcap/input_amount'

2023-09-21 17:39:02 - [MESSAGE][PASSED] - Text 'Delhi' is set on object 'Object Repository/AdminSuiteBootstrap_Pages/VSP_Bootstrap/VSP_Authcap/input_userDefined1'

2023-09-21 17:39:03 - [MESSAGE][PASSED] - Text 'Chennai' is set on object 'Object Repository/AdminSuiteBootstrap_Pages/VSP_Bootstrap/VSP_Authcap/input_userDefined2'

2023-09-21 17:39:04 - [MESSAGE][PASSED] - Text 'Mumbai' is set on object 'Object Repository/AdminSuiteBootstrap_Pages/VSP_Bootstrap/VSP_Authcap/input_userDefined3'

2023-09-21 17:39:04 - [MESSAGE][PASSED] - Text 'Kanpur' is set on object 'Object Repository/AdminSuiteBootstrap_Pages/VSP_Bootstrap/VSP_Authcap/input_userDefined4'

2023-09-21 17:39:05 - [MESSAGE][PASSED] - All options with label 'Orange' are selected in object 'Object Repository/AdminSuiteBootstrap_Pages/VSP_Bootstrap/VSP_Authcap/select_UDF5'  using regular expression

2023-09-21 17:39:06 - [MESSAGE][PASSED] - All options with label 'Yellow' are selected in object 'Object Repository/AdminSuiteBootstrap_Pages/VSP_Bootstrap/VSP_Authcap/select_UDF6'  using regular expression

2023-09-21 17:39:07 - [MESSAGE][PASSED] - Text 'Kolkata' is set on object 'Object Repository/AdminSuiteBootstrap_Pages/VSP_Bootstrap/VSP_Authcap/input_userDefined7'

2023-09-21 17:39:07 - [MESSAGE][PASSED] - Text 'Pune' is set on object 'Object Repository/AdminSuiteBootstrap_Pages/VSP_Bootstrap/VSP_Authcap/input_userDefined8'

2023-09-21 17:39:08 - [MESSAGE][PASSED] - Text 'Bhavnagar' is set on object 'Object Repository/AdminSuiteBootstrap_Pages/VSP_Bootstrap/VSP_Authcap/input_userDefined9'

2023-09-21 17:39:08 - [MESSAGE][PASSED] - Text 'Noida' is set on object 'Object Repository/AdminSuiteBootstrap_Pages/VSP_Bootstrap/VSP_Authcap/input_userDefined10'

2023-09-21 17:39:10 - [MESSAGE][PASSED] - Object: 'Object Repository/AdminSuiteBootstrap_Pages/VSP_Bootstrap/VSP_Authcap/button_Submit' is clicked on

2023-09-21 17:39:10 - [MESSAGE][PASSED] - vspBootstrap.SalePage.setDataSaleAndAuth is PASSED

2023-09-21 17:39:10 - [TEST_STEP][PASSED] - verifyTextPresent("Transaction Successful", true): Text 'Transaction Successful' is present on page  using regular expression

2023-09-21 17:39:10 - [MESSAGE][PASSED] - Text 'Transaction Successful' is present on page  using regular expression

2023-09-21 17:39:10 - [TEST_STEP][PASSED] - verifyElementVisible(findTestObject("Object Repository/AdminSuiteBootstrap_Pages/VT_Bootstrap/Receipt/button_Continue")): Object 'Object Repository/AdminSuiteBootstrap_Pages/VT_Bootstrap/Receipt/button_Continue' is visible

2023-09-21 17:39:11 - [MESSAGE][PASSED] - Object 'Object Repository/AdminSuiteBootstrap_Pages/VT_Bootstrap/Receipt/button_Continue' is visible

2023-09-21 17:39:11 - [TEST_STEP][PASSED] - verifyElementPresent(findTestObject("Object Repository/AdminSuiteBootstrap_Pages/VT_Bootstrap/Receipt/button_Continue"), 20): Object 'Object Repository/AdminSuiteBootstrap_Pages/VT_Bootstrap/Receipt/button_Continue' is present

2023-09-21 17:39:11 - [MESSAGE][PASSED] - Object 'Object Repository/AdminSuiteBootstrap_Pages/VT_Bootstrap/Receipt/button_Continue' is present

2023-09-21 17:39:11 - [TEST_STEP][PASSED] - verifyElementVisible(findTestObject("Object Repository/AdminSuiteBootstrap_Pages/VT_Bootstrap/Receipt/button_Print")): Object 'Object Repository/AdminSuiteBootstrap_Pages/VT_Bootstrap/Receipt/button_Print' is visible

2023-09-21 17:39:11 - [MESSAGE][PASSED] - Object 'Object Repository/AdminSuiteBootstrap_Pages/VT_Bootstrap/Receipt/button_Print' is visible

2023-09-21 17:39:11 - [TEST_STEP][PASSED] - verifyElementPresent(findTestObject("Object Repository/AdminSuiteBootstrap_Pages/VT_Bootstrap/Receipt/button_Print"), 20): Object 'Object Repository/AdminSuiteBootstrap_Pages/VT_Bootstrap/Receipt/button_Print' is present

2023-09-21 17:39:12 - [MESSAGE][PASSED] - Object 'Object Repository/AdminSuiteBootstrap_Pages/VT_Bootstrap/Receipt/button_Print' is present

2023-09-21 17:39:12 - [TEST_STEP][PASSED] - verifyTextPresent("Remittance ID", true): Text 'Remittance ID' is present on page  using regular expression

2023-09-21 17:39:12 - [MESSAGE][PASSED] - Text 'Remittance ID' is present on page  using regular expression

2023-09-21 17:39:12 - [TEST_STEP][PASSED] - verifyTextPresent("Received", true): Text 'Received' is present on page  using regular expression

2023-09-21 17:39:12 - [MESSAGE][PASSED] - Text 'Received' is present on page  using regular expression

2023-09-21 17:39:12 - [TEST_STEP][PASSED] - verifyTextPresent("UDF1", true): Text 'UDF1' is present on page  using regular expression

2023-09-21 17:39:13 - [MESSAGE][PASSED] - Text 'UDF1' is present on page  using regular expression

2023-09-21 17:39:13 - [TEST_STEP][PASSED] - verifyTextPresent("UDF2", true): Text 'UDF2' is present on page  using regular expression

2023-09-21 17:39:13 - [MESSAGE][PASSED] - Text 'UDF2' is present on page  using regular expression

2023-09-21 17:39:13 - [TEST_STEP][PASSED] - verifyTextPresent("UDF3", true): Text 'UDF3' is present on page  using regular expression

2023-09-21 17:39:13 - [MESSAGE][PASSED] - Text 'UDF3' is present on page  using regular expression

2023-09-21 17:39:13 - [TEST_STEP][PASSED] - verifyTextPresent("UDF4", true): Text 'UDF4' is present on page  using regular expression

2023-09-21 17:39:13 - [MESSAGE][PASSED] - Text 'UDF4' is present on page  using regular expression

2023-09-21 17:39:13 - [TEST_STEP][PASSED] - verifyTextPresent("UDF5", true): Text 'UDF5' is present on page  using regular expression

2023-09-21 17:39:14 - [MESSAGE][PASSED] - Text 'UDF5' is present on page  using regular expression

2023-09-21 17:39:14 - [TEST_STEP][PASSED] - verifyTextPresent("UDF6", true): Text 'UDF6' is present on page  using regular expression

2023-09-21 17:39:14 - [MESSAGE][PASSED] - Text 'UDF6' is present on page  using regular expression

2023-09-21 17:39:14 - [TEST_STEP][PASSED] - verifyTextPresent("UDF7", true): Text 'UDF7' is present on page  using regular expression

2023-09-21 17:39:14 - [MESSAGE][PASSED] - Text 'UDF7' is present on page  using regular expression

2023-09-21 17:39:14 - [TEST_STEP][PASSED] - verifyTextPresent("UDF8", true): Text 'UDF8' is present on page  using regular expression

2023-09-21 17:39:15 - [MESSAGE][PASSED] - Text 'UDF8' is present on page  using regular expression

2023-09-21 17:39:15 - [TEST_STEP][PASSED] - verifyTextPresent("UDF9", true): Text 'UDF9' is present on page  using regular expression

2023-09-21 17:39:15 - [MESSAGE][PASSED] - Text 'UDF9' is present on page  using regular expression

2023-09-21 17:39:15 - [TEST_STEP][PASSED] - verifyTextPresent("UDF 10", true): Text 'UDF 10' is present on page  using regular expression

2023-09-21 17:39:15 - [MESSAGE][PASSED] - Text 'UDF 10' is present on page  using regular expression

2023-09-21 17:39:15 - [TEST_STEP][PASSED] - verifyTextPresent("Delhi", true): Text 'Delhi' is present on page  using regular expression

2023-09-21 17:39:16 - [MESSAGE][PASSED] - Text 'Delhi' is present on page  using regular expression

2023-09-21 17:39:16 - [TEST_STEP][PASSED] - verifyTextPresent("Chennai", true): Text 'Chennai' is present on page  using regular expression

2023-09-21 17:39:16 - [MESSAGE][PASSED] - Text 'Chennai' is present on page  using regular expression

2023-09-21 17:39:16 - [TEST_STEP][PASSED] - verifyTextPresent("Mumbai", true): Text 'Mumbai' is present on page  using regular expression

2023-09-21 17:39:16 - [MESSAGE][PASSED] - Text 'Mumbai' is present on page  using regular expression

2023-09-21 17:39:16 - [TEST_STEP][PASSED] - verifyTextPresent("Kanpur", true): Text 'Kanpur' is present on page  using regular expression

2023-09-21 17:39:16 - [MESSAGE][PASSED] - Text 'Kanpur' is present on page  using regular expression

2023-09-21 17:39:16 - [TEST_STEP][PASSED] - verifyTextPresent("Orange Recorded", true): Text 'Orange Recorded' is present on page  using regular expression

2023-09-21 17:39:17 - [MESSAGE][PASSED] - Text 'Orange Recorded' is present on page  using regular expression

2023-09-21 17:39:17 - [TEST_STEP][PASSED] - verifyTextPresent("Yellow Recorded", true): Text 'Yellow Recorded' is present on page  using regular expression

2023-09-21 17:39:17 - [MESSAGE][PASSED] - Text 'Yellow Recorded' is present on page  using regular expression

2023-09-21 17:39:17 - [TEST_STEP][PASSED] - verifyTextPresent("Kolkata", true): Text 'Kolkata' is present on page  using regular expression

2023-09-21 17:39:17 - [MESSAGE][PASSED] - Text 'Kolkata' is present on page  using regular expression

2023-09-21 17:39:17 - [TEST_STEP][PASSED] - verifyTextPresent("Pune", true): Text 'Pune' is present on page  using regular expression

2023-09-21 17:39:18 - [MESSAGE][PASSED] - Text 'Pune' is present on page  using regular expression

2023-09-21 17:39:18 - [TEST_STEP][PASSED] - verifyTextPresent("Bhavnagar", true): Text 'Bhavnagar' is present on page  using regular expression

2023-09-21 17:39:18 - [MESSAGE][PASSED] - Text 'Bhavnagar' is present on page  using regular expression

2023-09-21 17:39:18 - [TEST_STEP][PASSED] - verifyTextPresent("Noida", true): Text 'Noida' is present on page  using regular expression

2023-09-21 17:39:18 - [MESSAGE][PASSED] - Text 'Noida' is present on page  using regular expression

2023-09-21 17:39:18 - [TEST_STEP][PASSED] - verifyTextPresent("Amount", true): Text 'Amount' is present on page  using regular expression

2023-09-21 17:39:19 - [MESSAGE][PASSED] - Text 'Amount' is present on page  using regular expression

2023-09-21 17:39:19 - [TEST_STEP][PASSED] - verifyTextPresent("2.50", true): Text '2.50' is present on page  using regular expression

2023-09-21 17:39:19 - [MESSAGE][PASSED] - Text '2.50' is present on page  using regular expression

2023-09-21 17:39:19 - [TEST_STEP][PASSED] - verifyTextPresent("Authorization", true): Text 'Authorization' is present on page  using regular expression

2023-09-21 17:39:19 - [MESSAGE][PASSED] - Text 'Authorization' is present on page  using regular expression

2023-09-21 17:39:19 - [TEST_STEP][PASSED] - verifyTextPresent("Card Information", true): Text 'Card Information' is present on page  using regular expression

2023-09-21 17:39:19 - [MESSAGE][PASSED] - Text 'Card Information' is present on page  using regular expression

2023-09-21 17:39:19 - [TEST_STEP][PASSED] - verifyTextPresent("TANDON RAVENA", true): Text 'TANDON RAVENA' is present on page  using regular expression

2023-09-21 17:39:20 - [MESSAGE][PASSED] - Text 'TANDON RAVENA' is present on page  using regular expression

2023-09-21 17:39:20 - [TEST_STEP][PASSED] - verifyTextPresent("Address Line 1", true): Text 'Address Line 1' is present on page  using regular expression

2023-09-21 17:39:20 - [MESSAGE][PASSED] - Text 'Address Line 1' is present on page  using regular expression

2023-09-21 17:39:20 - [TEST_STEP][PASSED] - verifyTextPresent("Address Line 2", true): Text 'Address Line 2' is present on page  using regular expression

2023-09-21 17:39:20 - [MESSAGE][PASSED] - Text 'Address Line 2' is present on page  using regular expression

2023-09-21 17:39:20 - [TEST_STEP][PASSED] - verifyTextPresent("Country", true): Text 'Country' is present on page  using regular expression

2023-09-21 17:39:21 - [MESSAGE][PASSED] - Text 'Country' is present on page  using regular expression

2023-09-21 17:39:21 - [TEST_STEP][PASSED] - verifyTextPresent("City", true): Text 'City' is present on page  using regular expression

2023-09-21 17:39:21 - [MESSAGE][PASSED] - Text 'City' is present on page  using regular expression

2023-09-21 17:39:21 - [TEST_STEP][PASSED] - verifyTextPresent("State", true): Text 'State' is present on page  using regular expression

2023-09-21 17:39:21 - [MESSAGE][PASSED] - Text 'State' is present on page  using regular expression

2023-09-21 17:39:21 - [TEST_STEP][PASSED] - verifyTextPresent("ZIP Code", true): Text 'ZIP Code' is present on page  using regular expression

2023-09-21 17:39:22 - [MESSAGE][PASSED] - Text 'ZIP Code' is present on page  using regular expression

2023-09-21 17:39:22 - [TEST_STEP][PASSED] - verifyTextPresent("248 PhoolKaante road", true): Text '248 PhoolKaante road' is present on page  using regular expression

2023-09-21 17:39:22 - [MESSAGE][PASSED] - Text '248 PhoolKaante road' is present on page  using regular expression

2023-09-21 17:39:22 - [TEST_STEP][PASSED] - verifyTextPresent("Suite 678", true): Text 'Suite 678' is present on page  using regular expression

2023-09-21 17:39:22 - [MESSAGE][PASSED] - Text 'Suite 678' is present on page  using regular expression

2023-09-21 17:39:22 - [TEST_STEP][PASSED] - verifyTextPresent("United States", true): Text 'United States' is present on page  using regular expression

2023-09-21 17:39:22 - [MESSAGE][PASSED] - Text 'United States' is present on page  using regular expression

2023-09-21 17:39:22 - [TEST_STEP][PASSED] - verifyTextPresent("ARLINGTON", true): Text 'ARLINGTON' is present on page  using regular expression

2023-09-21 17:39:23 - [MESSAGE][PASSED] - Text 'ARLINGTON' is present on page  using regular expression

2023-09-21 17:39:23 - [TEST_STEP][PASSED] - verifyTextPresent("VA", true): Text 'VA' is present on page  using regular expression

2023-09-21 17:39:23 - [MESSAGE][PASSED] - Text 'VA' is present on page  using regular expression

2023-09-21 17:39:23 - [TEST_STEP][PASSED] - verifyTextPresent("22201", true): Text '22201' is present on page  using regular expression

2023-09-21 17:39:23 - [MESSAGE][PASSED] - Text '22201' is present on page  using regular expression

2023-09-21 17:39:23 - [TEST_STEP][PASSED] - cardTypeV = findTestData(dataFile).getValue("CardType", row): null

2023-09-21 17:39:23 - [TEST_STEP][PASSED] - last4V = findTestData(dataFile).getValue("Last4", row): null

2023-09-21 17:39:23 - [TEST_STEP][PASSED] - verifyTextPresent(cardTypeV, true): Text 'MasterCard' is present on page  using regular expression

2023-09-21 17:39:24 - [MESSAGE][PASSED] - Text 'MasterCard' is present on page  using regular expression

2023-09-21 17:39:24 - [TEST_STEP][PASSED] - verifyTextPresent(last4V, true): Text '0035' is present on page  using regular expression

2023-09-21 17:39:24 - [MESSAGE][PASSED] - Text '0035' is present on page  using regular expression

2023-09-21 17:39:24 - [TEST_STEP][PASSED] - switch (appName): null

2023-09-21 17:39:24 - [TEST_STEP][PASSED] - case "a_Access AutoSingleCFtpQA":: null

2023-09-21 17:39:24 - [TEST_STEP][PASSED] - verifyTextPresent("5.00", true): Text '5.00' is present on page  using regular expression

2023-09-21 17:39:24 - [MESSAGE][PASSED] - Text '5.00' is present on page  using regular expression

2023-09-21 17:39:24 - [TEST_STEP][PASSED] - verifyTextPresent("Single Transaction", true): Text 'Single Transaction' is present on page  using regular expression

2023-09-21 17:39:25 - [MESSAGE][PASSED] - Text 'Single Transaction' is present on page  using regular expression

2023-09-21 17:39:25 - [TEST_STEP][PASSED] - verifyTextPresent("7.50", true): Text '7.50' is present on page  using regular expression

2023-09-21 17:39:25 - [MESSAGE][PASSED] - Text '7.50' is present on page  using regular expression

2023-09-21 17:39:25 - [TEST_STEP][PASSED] - verifyTextPresent("Total Amount", true): Text 'Total Amount' is present on page  using regular expression

2023-09-21 17:39:25 - [MESSAGE][PASSED] - Text 'Total Amount' is present on page  using regular expression

2023-09-21 17:39:25 - [TEST_STEP][PASSED] - verifyTextPresent("Transaction Type", true): Text 'Transaction Type' is present on page  using regular expression

2023-09-21 17:39:25 - [MESSAGE][PASSED] - Text 'Transaction Type' is present on page  using regular expression

2023-09-21 17:39:25 - [TEST_STEP][PASSED] - break: null

2023-09-21 17:39:25 - [TEST_STEP][PASSED] - closeBrowser(): Browser is closed

2023-09-21 17:39:26 - [MESSAGE][PASSED] - Browser is closed

2023-09-21 17:39:26 - [TEST_STEP][PASSED] - ExecuteTC = findTestData(dataFile).getValue("Execute", row): null

2023-09-21 17:39:26 - [TEST_STEP][PASSED] - out.println("Value of Execute is : " + ExecuteTC): null

2023-09-21 17:39:26 - [TEST_STEP][PASSED] - switch (executionProfile): null

2023-09-21 17:39:26 - [TEST_STEP][PASSED] - case "QA2Profile":: null

2023-09-21 17:39:26 - [TEST_STEP][PASSED] - appName = findTestData(dataFile).getValue("AppNameQA", row): null

2023-09-21 17:39:26 - [TEST_STEP][PASSED] - appID = findTestData(dataFile).getValue("AppIDQA", row): null

2023-09-21 17:39:27 - [TEST_STEP][PASSED] - break: null

2023-09-21 17:39:27 - [TEST_STEP][PASSED] - if (ExecuteTC.equalsIgnoreCase("Y")): null

2023-09-21 17:39:27 - [TEST_STEP][PASSED] - out.println("Begin Record Number: " + row): null

2023-09-21 17:39:27 - [TEST_STEP][PASSED] - today = new java.util.Date(): null

2023-09-21 17:39:27 - [TEST_STEP][PASSED] - println(today): null

2023-09-21 17:39:27 - [TEST_STEP][PASSED] - datText = today: null

2023-09-21 17:39:27 - [TEST_STEP][PASSED] - adminSuiteBootstrap.loginFunctionality.login_AdminSuite(): adminSuiteBootstrap.loginFunctionality.login_AdminSuite is PASSED

2023-09-21 17:39:27 - [MESSAGE][INFO] - Starting 'Chrome' driver

2023-09-21 17:39:27 - [MESSAGE][INFO] - User set preference: ['acceptInsecureCerts', 'true']

2023-09-21 17:39:27 - [MESSAGE][INFO] - Action delay is set to 0 milliseconds

2023-09-21 17:39:29 - [MESSAGE][PASSED] - Browser is opened with url: 'https://qa2.velocitypayment.com/admin/imtiaz'

2023-09-21 17:39:29 - [MESSAGE][PASSED] - Current window maximized

2023-09-21 17:39:30 - [MESSAGE][PASSED] - Object 'Object Repository/Login_Page/Login_Username_Okta' is present

2023-09-21 17:39:31 - [MESSAGE][PASSED] - Text 'iahmed' is set on object 'Object Repository/Login_Page/Login_Username_Okta'

2023-09-21 17:39:31 - [MESSAGE][PASSED] - Text 'Hello1111111@' is set on object 'Object Repository/Login_Page/Login_Password_Okta'

2023-09-21 17:39:32 - [MESSAGE][PASSED] - Object: 'Object Repository/Login_Page/Login_Submit_Okta' is clicked on

2023-09-21 17:39:32 - [MESSAGE][PASSED] - adminSuiteBootstrap.loginFunctionality.login_AdminSuite is PASSED

2023-09-21 17:39:32 - [TEST_STEP][PASSED] - click(findTestObject(path_Dashboard + appName)): Object: 'Object Repository/AdminSuiteBootstrap_Pages/Dashboard_Bootstrap/a_Access AutoSingleCFtpQA' is clicked on

2023-09-21 17:39:39 - [MESSAGE][PASSED] - Object: 'Object Repository/AdminSuiteBootstrap_Pages/Dashboard_Bootstrap/a_Access AutoSingleCFtpQA' is clicked on

2023-09-21 17:39:39 - [TEST_STEP][PASSED] - click(findTestObject(path_VT + "a_Find Profile")): Object: 'Object Repository/AdminSuiteBootstrap_Pages/VT_Bootstrap/IssueTransactions/a_Find Profile' is clicked on

2023-09-21 17:39:39 - [MESSAGE][PASSED] - Object: 'Object Repository/AdminSuiteBootstrap_Pages/VT_Bootstrap/IssueTransactions/a_Find Profile' is clicked on

2023-09-21 17:39:39 - [TEST_STEP][PASSED] - criteria = <not implemented yet for class: org.codehaus.groovy.ast.expr.EmptyExpression>: null

2023-09-21 17:39:39 - [TEST_STEP][PASSED] - searchBy = <not implemented yet for class: org.codehaus.groovy.ast.expr.EmptyExpression>: null

2023-09-21 17:39:39 - [TEST_STEP][PASSED] - criteria = findTestData(dataFile).getValue("ProfileName", row): null

2023-09-21 17:39:39 - [TEST_STEP][PASSED] - path_SearchProfile = "Object Repository/AdminSuiteBootstrap_Pages/VSP_Bootstrap/SearchProfile/": null

2023-09-21 17:39:39 - [TEST_STEP][PASSED] - setText(findTestObject(path_SearchProfile + "input_Criteria"), criteria): Text 'PaymentsAmEx' is set on object 'Object Repository/AdminSuiteBootstrap_Pages/VSP_Bootstrap/SearchProfile/input_Criteria'

2023-09-21 17:39:40 - [MESSAGE][PASSED] - Text 'PaymentsAmEx' is set on object 'Object Repository/AdminSuiteBootstrap_Pages/VSP_Bootstrap/SearchProfile/input_Criteria'

2023-09-21 17:39:40 - [TEST_STEP][PASSED] - click(findTestObject(path_SearchProfile + "button_Search")): Object: 'Object Repository/AdminSuiteBootstrap_Pages/VSP_Bootstrap/SearchProfile/button_Search' is clicked on

2023-09-21 17:39:41 - [MESSAGE][PASSED] - Object: 'Object Repository/AdminSuiteBootstrap_Pages/VSP_Bootstrap/SearchProfile/button_Search' is clicked on

2023-09-21 17:39:41 - [TEST_STEP][PASSED] - profNameLink = findTestData(dataFile).getValue("ProfileNameLink", row): null

2023-09-21 17:39:41 - [TEST_STEP][PASSED] - click(findTestObject(path_ViewProfile + profNameLink)): Object: 'Object Repository/AdminSuiteBootstrap_Pages/VSP_Bootstrap/View Profile/a_PaymentsAmEx' is clicked on

2023-09-21 17:39:42 - [MESSAGE][PASSED] - Object: 'Object Repository/AdminSuiteBootstrap_Pages/VSP_Bootstrap/View Profile/a_PaymentsAmEx' is clicked on

2023-09-21 17:39:42 - [TEST_STEP][PASSED] - click(findTestObject(path_ViewProfile + "a_Auth")): Object: 'Object Repository/AdminSuiteBootstrap_Pages/VSP_Bootstrap/View Profile/a_Auth' is clicked on

2023-09-21 17:39:43 - [MESSAGE][PASSED] - Object: 'Object Repository/AdminSuiteBootstrap_Pages/VSP_Bootstrap/View Profile/a_Auth' is clicked on

2023-09-21 17:39:43 - [TEST_STEP][PASSED] - verifyTextPresent("Credit Card Authorization", true): Text 'Credit Card Authorization' is present on page  using regular expression

2023-09-21 17:39:44 - [MESSAGE][PASSED] - Text 'Credit Card Authorization' is present on page  using regular expression

2023-09-21 17:39:44 - [TEST_STEP][PASSED] - verifyTextPresent("Required fields are highlighted with an asterisk", true): Text 'Required fields are highlighted with an asterisk' is present on page  using regular expression

2023-09-21 17:39:44 - [MESSAGE][PASSED] - Text 'Required fields are highlighted with an asterisk' is present on page  using regular expression

2023-09-21 17:39:44 - [TEST_STEP][PASSED] - verifyTextPresent("Remittance ID", true): Text 'Remittance ID' is present on page  using regular expression

2023-09-21 17:39:45 - [MESSAGE][PASSED] - Text 'Remittance ID' is present on page  using regular expression

2023-09-21 17:39:45 - [TEST_STEP][PASSED] - vspBootstrap.SalePage.setDataSaleAndAuth(row, dataFile): vspBootstrap.SalePage.setDataSaleAndAuth is PASSED

2023-09-21 17:39:46 - [MESSAGE][PASSED] - All options with value 'MOTO' are selected in object 'Object Repository/AdminSuiteBootstrap_Pages/VSP_Bootstrap/VSP_Authcap/select_TransactionCategory'  using regular expression

2023-09-21 17:39:47 - [MESSAGE][PASSED] - Text '1234' is set on object 'Object Repository/AdminSuiteBootstrap_Pages/VSP_Bootstrap/VSP_Authcap/input_cvv'

2023-09-21 17:39:48 - [MESSAGE][PASSED] - Text '' is set on object 'Object Repository/AdminSuiteBootstrap_Pages/VSP_Bootstrap/VSP_Authcap/input_smsNumber'

2023-09-21 17:39:48 - [MESSAGE][PASSED] - Text '2.50' is set on object 'Object Repository/AdminSuiteBootstrap_Pages/VSP_Bootstrap/VSP_Authcap/input_amount'

2023-09-21 17:39:49 - [MESSAGE][PASSED] - Text 'Delhi' is set on object 'Object Repository/AdminSuiteBootstrap_Pages/VSP_Bootstrap/VSP_Authcap/input_userDefined1'

2023-09-21 17:39:50 - [MESSAGE][PASSED] - Text 'Chennai' is set on object 'Object Repository/AdminSuiteBootstrap_Pages/VSP_Bootstrap/VSP_Authcap/input_userDefined2'

2023-09-21 17:39:51 - [MESSAGE][PASSED] - Text 'Mumbai' is set on object 'Object Repository/AdminSuiteBootstrap_Pages/VSP_Bootstrap/VSP_Authcap/input_userDefined3'

2023-09-21 17:39:51 - [MESSAGE][PASSED] - Text 'Kanpur' is set on object 'Object Repository/AdminSuiteBootstrap_Pages/VSP_Bootstrap/VSP_Authcap/input_userDefined4'

2023-09-21 17:39:52 - [MESSAGE][PASSED] - All options with label 'Orange' are selected in object 'Object Repository/AdminSuiteBootstrap_Pages/VSP_Bootstrap/VSP_Authcap/select_UDF5'  using regular expression

2023-09-21 17:39:53 - [MESSAGE][PASSED] - All options with label 'Yellow' are selected in object 'Object Repository/AdminSuiteBootstrap_Pages/VSP_Bootstrap/VSP_Authcap/select_UDF6'  using regular expression

2023-09-21 17:39:54 - [MESSAGE][PASSED] - Text 'Kolkata' is set on object 'Object Repository/AdminSuiteBootstrap_Pages/VSP_Bootstrap/VSP_Authcap/input_userDefined7'

2023-09-21 17:39:54 - [MESSAGE][PASSED] - Text 'Pune' is set on object 'Object Repository/AdminSuiteBootstrap_Pages/VSP_Bootstrap/VSP_Authcap/input_userDefined8'

2023-09-21 17:39:55 - [MESSAGE][PASSED] - Text 'Bhavnagar' is set on object 'Object Repository/AdminSuiteBootstrap_Pages/VSP_Bootstrap/VSP_Authcap/input_userDefined9'

2023-09-21 17:39:55 - [MESSAGE][PASSED] - Text 'Noida' is set on object 'Object Repository/AdminSuiteBootstrap_Pages/VSP_Bootstrap/VSP_Authcap/input_userDefined10'

2023-09-21 17:39:57 - [MESSAGE][PASSED] - Object: 'Object Repository/AdminSuiteBootstrap_Pages/VSP_Bootstrap/VSP_Authcap/button_Submit' is clicked on

2023-09-21 17:39:57 - [MESSAGE][PASSED] - vspBootstrap.SalePage.setDataSaleAndAuth is PASSED

2023-09-21 17:39:57 - [TEST_STEP][PASSED] - verifyTextPresent("Transaction Successful", true): Text 'Transaction Successful' is present on page  using regular expression

2023-09-21 17:39:57 - [MESSAGE][PASSED] - Text 'Transaction Successful' is present on page  using regular expression

2023-09-21 17:39:57 - [TEST_STEP][PASSED] - verifyElementVisible(findTestObject("Object Repository/AdminSuiteBootstrap_Pages/VT_Bootstrap/Receipt/button_Continue")): Object 'Object Repository/AdminSuiteBootstrap_Pages/VT_Bootstrap/Receipt/button_Continue' is visible

2023-09-21 17:39:58 - [MESSAGE][PASSED] - Object 'Object Repository/AdminSuiteBootstrap_Pages/VT_Bootstrap/Receipt/button_Continue' is visible

2023-09-21 17:39:58 - [TEST_STEP][PASSED] - verifyElementPresent(findTestObject("Object Repository/AdminSuiteBootstrap_Pages/VT_Bootstrap/Receipt/button_Continue"), 20): Object 'Object Repository/AdminSuiteBootstrap_Pages/VT_Bootstrap/Receipt/button_Continue' is present

2023-09-21 17:39:58 - [MESSAGE][PASSED] - Object 'Object Repository/AdminSuiteBootstrap_Pages/VT_Bootstrap/Receipt/button_Continue' is present

2023-09-21 17:39:58 - [TEST_STEP][PASSED] - verifyElementVisible(findTestObject("Object Repository/AdminSuiteBootstrap_Pages/VT_Bootstrap/Receipt/button_Print")): Object 'Object Repository/AdminSuiteBootstrap_Pages/VT_Bootstrap/Receipt/button_Print' is visible

2023-09-21 17:39:58 - [MESSAGE][PASSED] - Object 'Object Repository/AdminSuiteBootstrap_Pages/VT_Bootstrap/Receipt/button_Print' is visible

2023-09-21 17:39:58 - [TEST_STEP][PASSED] - verifyElementPresent(findTestObject("Object Repository/AdminSuiteBootstrap_Pages/VT_Bootstrap/Receipt/button_Print"), 20): Object 'Object Repository/AdminSuiteBootstrap_Pages/VT_Bootstrap/Receipt/button_Print' is present

2023-09-21 17:39:59 - [MESSAGE][PASSED] - Object 'Object Repository/AdminSuiteBootstrap_Pages/VT_Bootstrap/Receipt/button_Print' is present

2023-09-21 17:39:59 - [TEST_STEP][PASSED] - verifyTextPresent("Remittance ID", true): Text 'Remittance ID' is present on page  using regular expression

2023-09-21 17:39:59 - [MESSAGE][PASSED] - Text 'Remittance ID' is present on page  using regular expression

2023-09-21 17:39:59 - [TEST_STEP][PASSED] - verifyTextPresent("Received", true): Text 'Received' is present on page  using regular expression

2023-09-21 17:39:59 - [MESSAGE][PASSED] - Text 'Received' is present on page  using regular expression

2023-09-21 17:39:59 - [TEST_STEP][PASSED] - verifyTextPresent("UDF1", true): Text 'UDF1' is present on page  using regular expression

2023-09-21 17:40:00 - [MESSAGE][PASSED] - Text 'UDF1' is present on page  using regular expression

2023-09-21 17:40:00 - [TEST_STEP][PASSED] - verifyTextPresent("UDF2", true): Text 'UDF2' is present on page  using regular expression

2023-09-21 17:40:00 - [MESSAGE][PASSED] - Text 'UDF2' is present on page  using regular expression

2023-09-21 17:40:00 - [TEST_STEP][PASSED] - verifyTextPresent("UDF3", true): Text 'UDF3' is present on page  using regular expression

2023-09-21 17:40:00 - [MESSAGE][PASSED] - Text 'UDF3' is present on page  using regular expression

2023-09-21 17:40:00 - [TEST_STEP][PASSED] - verifyTextPresent("UDF4", true): Text 'UDF4' is present on page  using regular expression

2023-09-21 17:40:00 - [MESSAGE][PASSED] - Text 'UDF4' is present on page  using regular expression

2023-09-21 17:40:00 - [TEST_STEP][PASSED] - verifyTextPresent("UDF5", true): Text 'UDF5' is present on page  using regular expression

2023-09-21 17:40:01 - [MESSAGE][PASSED] - Text 'UDF5' is present on page  using regular expression

2023-09-21 17:40:01 - [TEST_STEP][PASSED] - verifyTextPresent("UDF6", true): Text 'UDF6' is present on page  using regular expression

2023-09-21 17:40:01 - [MESSAGE][PASSED] - Text 'UDF6' is present on page  using regular expression

2023-09-21 17:40:01 - [TEST_STEP][PASSED] - verifyTextPresent("UDF7", true): Text 'UDF7' is present on page  using regular expression

2023-09-21 17:40:01 - [MESSAGE][PASSED] - Text 'UDF7' is present on page  using regular expression

2023-09-21 17:40:01 - [TEST_STEP][PASSED] - verifyTextPresent("UDF8", true): Text 'UDF8' is present on page  using regular expression

2023-09-21 17:40:02 - [MESSAGE][PASSED] - Text 'UDF8' is present on page  using regular expression

2023-09-21 17:40:02 - [TEST_STEP][PASSED] - verifyTextPresent("UDF9", true): Text 'UDF9' is present on page  using regular expression

2023-09-21 17:40:02 - [MESSAGE][PASSED] - Text 'UDF9' is present on page  using regular expression

2023-09-21 17:40:02 - [TEST_STEP][PASSED] - verifyTextPresent("UDF 10", true): Text 'UDF 10' is present on page  using regular expression

2023-09-21 17:40:02 - [MESSAGE][PASSED] - Text 'UDF 10' is present on page  using regular expression

2023-09-21 17:40:02 - [TEST_STEP][PASSED] - verifyTextPresent("Delhi", true): Text 'Delhi' is present on page  using regular expression

2023-09-21 17:40:03 - [MESSAGE][PASSED] - Text 'Delhi' is present on page  using regular expression

2023-09-21 17:40:03 - [TEST_STEP][PASSED] - verifyTextPresent("Chennai", true): Text 'Chennai' is present on page  using regular expression

2023-09-21 17:40:03 - [MESSAGE][PASSED] - Text 'Chennai' is present on page  using regular expression

2023-09-21 17:40:03 - [TEST_STEP][PASSED] - verifyTextPresent("Mumbai", true): Text 'Mumbai' is present on page  using regular expression

2023-09-21 17:40:03 - [MESSAGE][PASSED] - Text 'Mumbai' is present on page  using regular expression

2023-09-21 17:40:03 - [TEST_STEP][PASSED] - verifyTextPresent("Kanpur", true): Text 'Kanpur' is present on page  using regular expression

2023-09-21 17:40:03 - [MESSAGE][PASSED] - Text 'Kanpur' is present on page  using regular expression

2023-09-21 17:40:03 - [TEST_STEP][PASSED] - verifyTextPresent("Orange Recorded", true): Text 'Orange Recorded' is present on page  using regular expression

2023-09-21 17:40:04 - [MESSAGE][PASSED] - Text 'Orange Recorded' is present on page  using regular expression

2023-09-21 17:40:04 - [TEST_STEP][PASSED] - verifyTextPresent("Yellow Recorded", true): Text 'Yellow Recorded' is present on page  using regular expression

2023-09-21 17:40:04 - [MESSAGE][PASSED] - Text 'Yellow Recorded' is present on page  using regular expression

2023-09-21 17:40:04 - [TEST_STEP][PASSED] - verifyTextPresent("Kolkata", true): Text 'Kolkata' is present on page  using regular expression

2023-09-21 17:40:04 - [MESSAGE][PASSED] - Text 'Kolkata' is present on page  using regular expression

2023-09-21 17:40:04 - [TEST_STEP][PASSED] - verifyTextPresent("Pune", true): Text 'Pune' is present on page  using regular expression

2023-09-21 17:40:05 - [MESSAGE][PASSED] - Text 'Pune' is present on page  using regular expression

2023-09-21 17:40:05 - [TEST_STEP][PASSED] - verifyTextPresent("Bhavnagar", true): Text 'Bhavnagar' is present on page  using regular expression

2023-09-21 17:40:05 - [MESSAGE][PASSED] - Text 'Bhavnagar' is present on page  using regular expression

2023-09-21 17:40:05 - [TEST_STEP][PASSED] - verifyTextPresent("Noida", true): Text 'Noida' is present on page  using regular expression

2023-09-21 17:40:05 - [MESSAGE][PASSED] - Text 'Noida' is present on page  using regular expression

2023-09-21 17:40:05 - [TEST_STEP][PASSED] - verifyTextPresent("Amount", true): Text 'Amount' is present on page  using regular expression

2023-09-21 17:40:06 - [MESSAGE][PASSED] - Text 'Amount' is present on page  using regular expression

2023-09-21 17:40:06 - [TEST_STEP][PASSED] - verifyTextPresent("2.50", true): Text '2.50' is present on page  using regular expression

2023-09-21 17:40:06 - [MESSAGE][PASSED] - Text '2.50' is present on page  using regular expression

2023-09-21 17:40:06 - [TEST_STEP][PASSED] - verifyTextPresent("Authorization", true): Text 'Authorization' is present on page  using regular expression

2023-09-21 17:40:06 - [MESSAGE][PASSED] - Text 'Authorization' is present on page  using regular expression

2023-09-21 17:40:06 - [TEST_STEP][PASSED] - verifyTextPresent("Card Information", true): Text 'Card Information' is present on page  using regular expression

2023-09-21 17:40:06 - [MESSAGE][PASSED] - Text 'Card Information' is present on page  using regular expression

2023-09-21 17:40:06 - [TEST_STEP][PASSED] - verifyTextPresent("TANDON RAVENA", true): Text 'TANDON RAVENA' is present on page  using regular expression

2023-09-21 17:40:07 - [MESSAGE][PASSED] - Text 'TANDON RAVENA' is present on page  using regular expression

2023-09-21 17:40:07 - [TEST_STEP][PASSED] - verifyTextPresent("Address Line 1", true): Text 'Address Line 1' is present on page  using regular expression

2023-09-21 17:40:07 - [MESSAGE][PASSED] - Text 'Address Line 1' is present on page  using regular expression

2023-09-21 17:40:07 - [TEST_STEP][PASSED] - verifyTextPresent("Address Line 2", true): Text 'Address Line 2' is present on page  using regular expression

2023-09-21 17:40:07 - [MESSAGE][PASSED] - Text 'Address Line 2' is present on page  using regular expression

2023-09-21 17:40:07 - [TEST_STEP][PASSED] - verifyTextPresent("Country", true): Text 'Country' is present on page  using regular expression

2023-09-21 17:40:08 - [MESSAGE][PASSED] - Text 'Country' is present on page  using regular expression

2023-09-21 17:40:08 - [TEST_STEP][PASSED] - verifyTextPresent("City", true): Text 'City' is present on page  using regular expression

2023-09-21 17:40:08 - [MESSAGE][PASSED] - Text 'City' is present on page  using regular expression

2023-09-21 17:40:08 - [TEST_STEP][PASSED] - verifyTextPresent("State", true): Text 'State' is present on page  using regular expression

2023-09-21 17:40:08 - [MESSAGE][PASSED] - Text 'State' is present on page  using regular expression

2023-09-21 17:40:08 - [TEST_STEP][PASSED] - verifyTextPresent("ZIP Code", true): Text 'ZIP Code' is present on page  using regular expression

2023-09-21 17:40:09 - [MESSAGE][PASSED] - Text 'ZIP Code' is present on page  using regular expression

2023-09-21 17:40:09 - [TEST_STEP][PASSED] - verifyTextPresent("248 PhoolKaante road", true): Text '248 PhoolKaante road' is present on page  using regular expression

2023-09-21 17:40:09 - [MESSAGE][PASSED] - Text '248 PhoolKaante road' is present on page  using regular expression

2023-09-21 17:40:09 - [TEST_STEP][PASSED] - verifyTextPresent("Suite 678", true): Text 'Suite 678' is present on page  using regular expression

2023-09-21 17:40:09 - [MESSAGE][PASSED] - Text 'Suite 678' is present on page  using regular expression

2023-09-21 17:40:09 - [TEST_STEP][PASSED] - verifyTextPresent("United States", true): Text 'United States' is present on page  using regular expression

2023-09-21 17:40:09 - [MESSAGE][PASSED] - Text 'United States' is present on page  using regular expression

2023-09-21 17:40:09 - [TEST_STEP][PASSED] - verifyTextPresent("ARLINGTON", true): Text 'ARLINGTON' is present on page  using regular expression

2023-09-21 17:40:10 - [MESSAGE][PASSED] - Text 'ARLINGTON' is present on page  using regular expression

2023-09-21 17:40:10 - [TEST_STEP][PASSED] - verifyTextPresent("VA", true): Text 'VA' is present on page  using regular expression

2023-09-21 17:40:10 - [MESSAGE][PASSED] - Text 'VA' is present on page  using regular expression

2023-09-21 17:40:10 - [TEST_STEP][PASSED] - verifyTextPresent("22201", true): Text '22201' is present on page  using regular expression

2023-09-21 17:40:10 - [MESSAGE][PASSED] - Text '22201' is present on page  using regular expression

2023-09-21 17:40:10 - [TEST_STEP][PASSED] - cardTypeV = findTestData(dataFile).getValue("CardType", row): null

2023-09-21 17:40:10 - [TEST_STEP][PASSED] - last4V = findTestData(dataFile).getValue("Last4", row): null

2023-09-21 17:40:10 - [TEST_STEP][PASSED] - verifyTextPresent(cardTypeV, true): Text 'American Express' is present on page  using regular expression

2023-09-21 17:40:11 - [MESSAGE][PASSED] - Text 'American Express' is present on page  using regular expression

2023-09-21 17:40:11 - [TEST_STEP][PASSED] - verifyTextPresent(last4V, true): Text '2376' is present on page  using regular expression

2023-09-21 17:40:11 - [MESSAGE][PASSED] - Text '2376' is present on page  using regular expression

2023-09-21 17:40:11 - [TEST_STEP][PASSED] - switch (appName): null

2023-09-21 17:40:11 - [TEST_STEP][PASSED] - case "a_Access AutoSingleCFtpQA":: null

2023-09-21 17:40:11 - [TEST_STEP][PASSED] - verifyTextPresent("5.00", true): Text '5.00' is present on page  using regular expression

2023-09-21 17:40:11 - [MESSAGE][PASSED] - Text '5.00' is present on page  using regular expression

2023-09-21 17:40:11 - [TEST_STEP][PASSED] - verifyTextPresent("Single Transaction", true): Text 'Single Transaction' is present on page  using regular expression

2023-09-21 17:40:12 - [MESSAGE][PASSED] - Text 'Single Transaction' is present on page  using regular expression

2023-09-21 17:40:12 - [TEST_STEP][PASSED] - verifyTextPresent("7.50", true): Text '7.50' is present on page  using regular expression

2023-09-21 17:40:12 - [MESSAGE][PASSED] - Text '7.50' is present on page  using regular expression

2023-09-21 17:40:12 - [TEST_STEP][PASSED] - verifyTextPresent("Total Amount", true): Text 'Total Amount' is present on page  using regular expression

2023-09-21 17:40:12 - [MESSAGE][PASSED] - Text 'Total Amount' is present on page  using regular expression

2023-09-21 17:40:12 - [TEST_STEP][PASSED] - verifyTextPresent("Transaction Type", true): Text 'Transaction Type' is present on page  using regular expression

2023-09-21 17:40:12 - [MESSAGE][PASSED] - Text 'Transaction Type' is present on page  using regular expression

2023-09-21 17:40:12 - [TEST_STEP][PASSED] - break: null

2023-09-21 17:40:12 - [TEST_STEP][PASSED] - closeBrowser(): Browser is closed

2023-09-21 17:40:13 - [MESSAGE][PASSED] - Browser is closed

2023-09-21 17:40:13 - [TEST_STEP][PASSED] - ExecuteTC = findTestData(dataFile).getValue("Execute", row): null

2023-09-21 17:40:13 - [TEST_STEP][PASSED] - out.println("Value of Execute is : " + ExecuteTC): null

2023-09-21 17:40:13 - [TEST_STEP][PASSED] - switch (executionProfile): null

2023-09-21 17:40:13 - [TEST_STEP][PASSED] - case "QA2Profile":: null

2023-09-21 17:40:13 - [TEST_STEP][PASSED] - appName = findTestData(dataFile).getValue("AppNameQA", row): null

2023-09-21 17:40:14 - [TEST_STEP][PASSED] - appID = findTestData(dataFile).getValue("AppIDQA", row): null

2023-09-21 17:40:14 - [TEST_STEP][PASSED] - break: null

2023-09-21 17:40:14 - [TEST_STEP][PASSED] - if (ExecuteTC.equalsIgnoreCase("Y")): null

2023-09-21 17:40:14 - [TEST_STEP][PASSED] - out.println("Begin Record Number: " + row): null

2023-09-21 17:40:14 - [TEST_STEP][PASSED] - today = new java.util.Date(): null

2023-09-21 17:40:14 - [TEST_STEP][PASSED] - println(today): null

2023-09-21 17:40:14 - [TEST_STEP][PASSED] - datText = today: null

2023-09-21 17:40:14 - [TEST_STEP][PASSED] - adminSuiteBootstrap.loginFunctionality.login_AdminSuite(): adminSuiteBootstrap.loginFunctionality.login_AdminSuite is PASSED

2023-09-21 17:40:14 - [MESSAGE][INFO] - Starting 'Chrome' driver

2023-09-21 17:40:14 - [MESSAGE][INFO] - User set preference: ['acceptInsecureCerts', 'true']

2023-09-21 17:40:14 - [MESSAGE][INFO] - Action delay is set to 0 milliseconds

2023-09-21 17:40:16 - [MESSAGE][PASSED] - Browser is opened with url: 'https://qa2.velocitypayment.com/admin/imtiaz'

2023-09-21 17:40:17 - [MESSAGE][PASSED] - Current window maximized

2023-09-21 17:40:17 - [MESSAGE][PASSED] - Object 'Object Repository/Login_Page/Login_Username_Okta' is present

2023-09-21 17:40:18 - [MESSAGE][PASSED] - Text 'iahmed' is set on object 'Object Repository/Login_Page/Login_Username_Okta'

2023-09-21 17:40:19 - [MESSAGE][PASSED] - Text 'Hello1111111@' is set on object 'Object Repository/Login_Page/Login_Password_Okta'

2023-09-21 17:40:19 - [MESSAGE][PASSED] - Object: 'Object Repository/Login_Page/Login_Submit_Okta' is clicked on

2023-09-21 17:40:19 - [MESSAGE][PASSED] - adminSuiteBootstrap.loginFunctionality.login_AdminSuite is PASSED

2023-09-21 17:40:19 - [TEST_STEP][PASSED] - click(findTestObject(path_Dashboard + appName)): Object: 'Object Repository/AdminSuiteBootstrap_Pages/Dashboard_Bootstrap/a_Access AutoSingleCFtpQA' is clicked on

2023-09-21 17:40:26 - [MESSAGE][PASSED] - Object: 'Object Repository/AdminSuiteBootstrap_Pages/Dashboard_Bootstrap/a_Access AutoSingleCFtpQA' is clicked on

2023-09-21 17:40:26 - [TEST_STEP][PASSED] - click(findTestObject(path_VT + "a_Find Profile")): Object: 'Object Repository/AdminSuiteBootstrap_Pages/VT_Bootstrap/IssueTransactions/a_Find Profile' is clicked on

2023-09-21 17:40:27 - [MESSAGE][PASSED] - Object: 'Object Repository/AdminSuiteBootstrap_Pages/VT_Bootstrap/IssueTransactions/a_Find Profile' is clicked on

2023-09-21 17:40:27 - [TEST_STEP][PASSED] - criteria = <not implemented yet for class: org.codehaus.groovy.ast.expr.EmptyExpression>: null

2023-09-21 17:40:27 - [TEST_STEP][PASSED] - searchBy = <not implemented yet for class: org.codehaus.groovy.ast.expr.EmptyExpression>: null

2023-09-21 17:40:27 - [TEST_STEP][PASSED] - criteria = findTestData(dataFile).getValue("ProfileName", row): null

2023-09-21 17:40:27 - [TEST_STEP][PASSED] - path_SearchProfile = "Object Repository/AdminSuiteBootstrap_Pages/VSP_Bootstrap/SearchProfile/": null

2023-09-21 17:40:27 - [TEST_STEP][PASSED] - setText(findTestObject(path_SearchProfile + "input_Criteria"), criteria): Text 'PaymentsDI' is set on object 'Object Repository/AdminSuiteBootstrap_Pages/VSP_Bootstrap/SearchProfile/input_Criteria'

2023-09-21 17:40:27 - [MESSAGE][PASSED] - Text 'PaymentsDI' is set on object 'Object Repository/AdminSuiteBootstrap_Pages/VSP_Bootstrap/SearchProfile/input_Criteria'

2023-09-21 17:40:27 - [TEST_STEP][PASSED] - click(findTestObject(path_SearchProfile + "button_Search")): Object: 'Object Repository/AdminSuiteBootstrap_Pages/VSP_Bootstrap/SearchProfile/button_Search' is clicked on

2023-09-21 17:40:28 - [MESSAGE][PASSED] - Object: 'Object Repository/AdminSuiteBootstrap_Pages/VSP_Bootstrap/SearchProfile/button_Search' is clicked on

2023-09-21 17:40:28 - [TEST_STEP][PASSED] - profNameLink = findTestData(dataFile).getValue("ProfileNameLink", row): null

2023-09-21 17:40:28 - [TEST_STEP][PASSED] - click(findTestObject(path_ViewProfile + profNameLink)): Object: 'Object Repository/AdminSuiteBootstrap_Pages/VSP_Bootstrap/View Profile/a_PaymentsDI' is clicked on

2023-09-21 17:40:30 - [MESSAGE][PASSED] - Object: 'Object Repository/AdminSuiteBootstrap_Pages/VSP_Bootstrap/View Profile/a_PaymentsDI' is clicked on

2023-09-21 17:40:30 - [TEST_STEP][PASSED] - click(findTestObject(path_ViewProfile + "a_Auth")): Object: 'Object Repository/AdminSuiteBootstrap_Pages/VSP_Bootstrap/View Profile/a_Auth' is clicked on

2023-09-21 17:40:31 - [MESSAGE][PASSED] - Object: 'Object Repository/AdminSuiteBootstrap_Pages/VSP_Bootstrap/View Profile/a_Auth' is clicked on

2023-09-21 17:40:31 - [TEST_STEP][PASSED] - verifyTextPresent("Credit Card Authorization", true): Text 'Credit Card Authorization' is present on page  using regular expression

2023-09-21 17:40:32 - [MESSAGE][PASSED] - Text 'Credit Card Authorization' is present on page  using regular expression

2023-09-21 17:40:32 - [TEST_STEP][PASSED] - verifyTextPresent("Required fields are highlighted with an asterisk", true): Text 'Required fields are highlighted with an asterisk' is present on page  using regular expression

2023-09-21 17:40:32 - [MESSAGE][PASSED] - Text 'Required fields are highlighted with an asterisk' is present on page  using regular expression

2023-09-21 17:40:32 - [TEST_STEP][PASSED] - verifyTextPresent("Remittance ID", true): Text 'Remittance ID' is present on page  using regular expression

2023-09-21 17:40:32 - [MESSAGE][PASSED] - Text 'Remittance ID' is present on page  using regular expression

2023-09-21 17:40:32 - [TEST_STEP][PASSED] - vspBootstrap.SalePage.setDataSaleAndAuth(row, dataFile): vspBootstrap.SalePage.setDataSaleAndAuth is PASSED

2023-09-21 17:40:34 - [MESSAGE][PASSED] - All options with value 'MOTO' are selected in object 'Object Repository/AdminSuiteBootstrap_Pages/VSP_Bootstrap/VSP_Authcap/select_TransactionCategory'  using regular expression

2023-09-21 17:40:35 - [MESSAGE][PASSED] - Text '123' is set on object 'Object Repository/AdminSuiteBootstrap_Pages/VSP_Bootstrap/VSP_Authcap/input_cvv'

2023-09-21 17:40:35 - [MESSAGE][PASSED] - Text '' is set on object 'Object Repository/AdminSuiteBootstrap_Pages/VSP_Bootstrap/VSP_Authcap/input_smsNumber'

2023-09-21 17:40:36 - [MESSAGE][PASSED] - Text '2.50' is set on object 'Object Repository/AdminSuiteBootstrap_Pages/VSP_Bootstrap/VSP_Authcap/input_amount'

2023-09-21 17:40:37 - [MESSAGE][PASSED] - Text 'Delhi' is set on object 'Object Repository/AdminSuiteBootstrap_Pages/VSP_Bootstrap/VSP_Authcap/input_userDefined1'

2023-09-21 17:40:37 - [MESSAGE][PASSED] - Text 'Chennai' is set on object 'Object Repository/AdminSuiteBootstrap_Pages/VSP_Bootstrap/VSP_Authcap/input_userDefined2'

2023-09-21 17:40:38 - [MESSAGE][PASSED] - Text 'Mumbai' is set on object 'Object Repository/AdminSuiteBootstrap_Pages/VSP_Bootstrap/VSP_Authcap/input_userDefined3'

2023-09-21 17:40:39 - [MESSAGE][PASSED] - Text 'Kanpur' is set on object 'Object Repository/AdminSuiteBootstrap_Pages/VSP_Bootstrap/VSP_Authcap/input_userDefined4'

2023-09-21 17:40:40 - [MESSAGE][PASSED] - All options with label 'Orange' are selected in object 'Object Repository/AdminSuiteBootstrap_Pages/VSP_Bootstrap/VSP_Authcap/select_UDF5'  using regular expression

2023-09-21 17:40:40 - [MESSAGE][PASSED] - All options with label 'Yellow' are selected in object 'Object Repository/AdminSuiteBootstrap_Pages/VSP_Bootstrap/VSP_Authcap/select_UDF6'  using regular expression

2023-09-21 17:40:41 - [MESSAGE][PASSED] - Text 'Kolkata' is set on object 'Object Repository/AdminSuiteBootstrap_Pages/VSP_Bootstrap/VSP_Authcap/input_userDefined7'

2023-09-21 17:40:42 - [MESSAGE][PASSED] - Text 'Pune' is set on object 'Object Repository/AdminSuiteBootstrap_Pages/VSP_Bootstrap/VSP_Authcap/input_userDefined8'

2023-09-21 17:40:42 - [MESSAGE][PASSED] - Text 'Bhavnagar' is set on object 'Object Repository/AdminSuiteBootstrap_Pages/VSP_Bootstrap/VSP_Authcap/input_userDefined9'

2023-09-21 17:40:43 - [MESSAGE][PASSED] - Text 'Noida' is set on object 'Object Repository/AdminSuiteBootstrap_Pages/VSP_Bootstrap/VSP_Authcap/input_userDefined10'

2023-09-21 17:40:44 - [MESSAGE][PASSED] - Object: 'Object Repository/AdminSuiteBootstrap_Pages/VSP_Bootstrap/VSP_Authcap/button_Submit' is clicked on

2023-09-21 17:40:44 - [MESSAGE][PASSED] - vspBootstrap.SalePage.setDataSaleAndAuth is PASSED

2023-09-21 17:40:44 - [TEST_STEP][PASSED] - verifyTextPresent("Transaction Successful", true): Text 'Transaction Successful' is present on page  using regular expression

2023-09-21 17:40:45 - [MESSAGE][PASSED] - Text 'Transaction Successful' is present on page  using regular expression

2023-09-21 17:40:45 - [TEST_STEP][PASSED] - verifyElementVisible(findTestObject("Object Repository/AdminSuiteBootstrap_Pages/VT_Bootstrap/Receipt/button_Continue")): Object 'Object Repository/AdminSuiteBootstrap_Pages/VT_Bootstrap/Receipt/button_Continue' is visible

2023-09-21 17:40:45 - [MESSAGE][PASSED] - Object 'Object Repository/AdminSuiteBootstrap_Pages/VT_Bootstrap/Receipt/button_Continue' is visible

2023-09-21 17:40:45 - [TEST_STEP][PASSED] - verifyElementPresent(findTestObject("Object Repository/AdminSuiteBootstrap_Pages/VT_Bootstrap/Receipt/button_Continue"), 20): Object 'Object Repository/AdminSuiteBootstrap_Pages/VT_Bootstrap/Receipt/button_Continue' is present

2023-09-21 17:40:46 - [MESSAGE][PASSED] - Object 'Object Repository/AdminSuiteBootstrap_Pages/VT_Bootstrap/Receipt/button_Continue' is present

2023-09-21 17:40:46 - [TEST_STEP][PASSED] - verifyElementVisible(findTestObject("Object Repository/AdminSuiteBootstrap_Pages/VT_Bootstrap/Receipt/button_Print")): Object 'Object Repository/AdminSuiteBootstrap_Pages/VT_Bootstrap/Receipt/button_Print' is visible

2023-09-21 17:40:46 - [MESSAGE][PASSED] - Object 'Object Repository/AdminSuiteBootstrap_Pages/VT_Bootstrap/Receipt/button_Print' is visible

2023-09-21 17:40:46 - [TEST_STEP][PASSED] - verifyElementPresent(findTestObject("Object Repository/AdminSuiteBootstrap_Pages/VT_Bootstrap/Receipt/button_Print"), 20): Object 'Object Repository/AdminSuiteBootstrap_Pages/VT_Bootstrap/Receipt/button_Print' is present

2023-09-21 17:40:46 - [MESSAGE][PASSED] - Object 'Object Repository/AdminSuiteBootstrap_Pages/VT_Bootstrap/Receipt/button_Print' is present

2023-09-21 17:40:46 - [TEST_STEP][PASSED] - verifyTextPresent("Remittance ID", true): Text 'Remittance ID' is present on page  using regular expression

2023-09-21 17:40:46 - [MESSAGE][PASSED] - Text 'Remittance ID' is present on page  using regular expression

2023-09-21 17:40:46 - [TEST_STEP][PASSED] - verifyTextPresent("Received", true): Text 'Received' is present on page  using regular expression

2023-09-21 17:40:47 - [MESSAGE][PASSED] - Text 'Received' is present on page  using regular expression

2023-09-21 17:40:47 - [TEST_STEP][PASSED] - verifyTextPresent("UDF1", true): Text 'UDF1' is present on page  using regular expression

2023-09-21 17:40:47 - [MESSAGE][PASSED] - Text 'UDF1' is present on page  using regular expression

2023-09-21 17:40:47 - [TEST_STEP][PASSED] - verifyTextPresent("UDF2", true): Text 'UDF2' is present on page  using regular expression

2023-09-21 17:40:47 - [MESSAGE][PASSED] - Text 'UDF2' is present on page  using regular expression

2023-09-21 17:40:47 - [TEST_STEP][PASSED] - verifyTextPresent("UDF3", true): Text 'UDF3' is present on page  using regular expression

2023-09-21 17:40:48 - [MESSAGE][PASSED] - Text 'UDF3' is present on page  using regular expression

2023-09-21 17:40:48 - [TEST_STEP][PASSED] - verifyTextPresent("UDF4", true): Text 'UDF4' is present on page  using regular expression

2023-09-21 17:40:48 - [MESSAGE][PASSED] - Text 'UDF4' is present on page  using regular expression

2023-09-21 17:40:48 - [TEST_STEP][PASSED] - verifyTextPresent("UDF5", true): Text 'UDF5' is present on page  using regular expression

2023-09-21 17:40:48 - [MESSAGE][PASSED] - Text 'UDF5' is present on page  using regular expression

2023-09-21 17:40:48 - [TEST_STEP][PASSED] - verifyTextPresent("UDF6", true): Text 'UDF6' is present on page  using regular expression

2023-09-21 17:40:49 - [MESSAGE][PASSED] - Text 'UDF6' is present on page  using regular expression

2023-09-21 17:40:49 - [TEST_STEP][PASSED] - verifyTextPresent("UDF7", true): Text 'UDF7' is present on page  using regular expression

2023-09-21 17:40:49 - [MESSAGE][PASSED] - Text 'UDF7' is present on page  using regular expression

2023-09-21 17:40:49 - [TEST_STEP][PASSED] - verifyTextPresent("UDF8", true): Text 'UDF8' is present on page  using regular expression

2023-09-21 17:40:49 - [MESSAGE][PASSED] - Text 'UDF8' is present on page  using regular expression

2023-09-21 17:40:49 - [TEST_STEP][PASSED] - verifyTextPresent("UDF9", true): Text 'UDF9' is present on page  using regular expression

2023-09-21 17:40:49 - [MESSAGE][PASSED] - Text 'UDF9' is present on page  using regular expression

2023-09-21 17:40:49 - [TEST_STEP][PASSED] - verifyTextPresent("UDF 10", true): Text 'UDF 10' is present on page  using regular expression

2023-09-21 17:40:50 - [MESSAGE][PASSED] - Text 'UDF 10' is present on page  using regular expression

2023-09-21 17:40:50 - [TEST_STEP][PASSED] - verifyTextPresent("Delhi", true): Text 'Delhi' is present on page  using regular expression

2023-09-21 17:40:50 - [MESSAGE][PASSED] - Text 'Delhi' is present on page  using regular expression

2023-09-21 17:40:50 - [TEST_STEP][PASSED] - verifyTextPresent("Chennai", true): Text 'Chennai' is present on page  using regular expression

2023-09-21 17:40:50 - [MESSAGE][PASSED] - Text 'Chennai' is present on page  using regular expression

2023-09-21 17:40:50 - [TEST_STEP][PASSED] - verifyTextPresent("Mumbai", true): Text 'Mumbai' is present on page  using regular expression

2023-09-21 17:40:51 - [MESSAGE][PASSED] - Text 'Mumbai' is present on page  using regular expression

2023-09-21 17:40:51 - [TEST_STEP][PASSED] - verifyTextPresent("Kanpur", true): Text 'Kanpur' is present on page  using regular expression

2023-09-21 17:40:51 - [MESSAGE][PASSED] - Text 'Kanpur' is present on page  using regular expression

2023-09-21 17:40:51 - [TEST_STEP][PASSED] - verifyTextPresent("Orange Recorded", true): Text 'Orange Recorded' is present on page  using regular expression

2023-09-21 17:40:51 - [MESSAGE][PASSED] - Text 'Orange Recorded' is present on page  using regular expression

2023-09-21 17:40:51 - [TEST_STEP][PASSED] - verifyTextPresent("Yellow Recorded", true): Text 'Yellow Recorded' is present on page  using regular expression

2023-09-21 17:40:52 - [MESSAGE][PASSED] - Text 'Yellow Recorded' is present on page  using regular expression

2023-09-21 17:40:52 - [TEST_STEP][PASSED] - verifyTextPresent("Kolkata", true): Text 'Kolkata' is present on page  using regular expression

2023-09-21 17:40:52 - [MESSAGE][PASSED] - Text 'Kolkata' is present on page  using regular expression

2023-09-21 17:40:52 - [TEST_STEP][PASSED] - verifyTextPresent("Pune", true): Text 'Pune' is present on page  using regular expression

2023-09-21 17:40:52 - [MESSAGE][PASSED] - Text 'Pune' is present on page  using regular expression

2023-09-21 17:40:52 - [TEST_STEP][PASSED] - verifyTextPresent("Bhavnagar", true): Text 'Bhavnagar' is present on page  using regular expression

2023-09-21 17:40:52 - [MESSAGE][PASSED] - Text 'Bhavnagar' is present on page  using regular expression

2023-09-21 17:40:52 - [TEST_STEP][PASSED] - verifyTextPresent("Noida", true): Text 'Noida' is present on page  using regular expression

2023-09-21 17:40:53 - [MESSAGE][PASSED] - Text 'Noida' is present on page  using regular expression

2023-09-21 17:40:53 - [TEST_STEP][PASSED] - verifyTextPresent("Amount", true): Text 'Amount' is present on page  using regular expression

2023-09-21 17:40:53 - [MESSAGE][PASSED] - Text 'Amount' is present on page  using regular expression

2023-09-21 17:40:53 - [TEST_STEP][PASSED] - verifyTextPresent("2.50", true): Text '2.50' is present on page  using regular expression

2023-09-21 17:40:53 - [MESSAGE][PASSED] - Text '2.50' is present on page  using regular expression

2023-09-21 17:40:53 - [TEST_STEP][PASSED] - verifyTextPresent("Authorization", true): Text 'Authorization' is present on page  using regular expression

2023-09-21 17:40:54 - [MESSAGE][PASSED] - Text 'Authorization' is present on page  using regular expression

2023-09-21 17:40:54 - [TEST_STEP][PASSED] - verifyTextPresent("Card Information", true): Text 'Card Information' is present on page  using regular expression

2023-09-21 17:40:54 - [MESSAGE][PASSED] - Text 'Card Information' is present on page  using regular expression

2023-09-21 17:40:54 - [TEST_STEP][PASSED] - verifyTextPresent("TANDON RAVENA", true): Text 'TANDON RAVENA' is present on page  using regular expression

2023-09-21 17:40:54 - [MESSAGE][PASSED] - Text 'TANDON RAVENA' is present on page  using regular expression

2023-09-21 17:40:54 - [TEST_STEP][PASSED] - verifyTextPresent("Address Line 1", true): Text 'Address Line 1' is present on page  using regular expression

2023-09-21 17:40:55 - [MESSAGE][PASSED] - Text 'Address Line 1' is present on page  using regular expression

2023-09-21 17:40:55 - [TEST_STEP][PASSED] - verifyTextPresent("Address Line 2", true): Text 'Address Line 2' is present on page  using regular expression

2023-09-21 17:40:55 - [MESSAGE][PASSED] - Text 'Address Line 2' is present on page  using regular expression

2023-09-21 17:40:55 - [TEST_STEP][PASSED] - verifyTextPresent("Country", true): Text 'Country' is present on page  using regular expression

2023-09-21 17:40:55 - [MESSAGE][PASSED] - Text 'Country' is present on page  using regular expression

2023-09-21 17:40:55 - [TEST_STEP][PASSED] - verifyTextPresent("City", true): Text 'City' is present on page  using regular expression

2023-09-21 17:40:55 - [MESSAGE][PASSED] - Text 'City' is present on page  using regular expression

2023-09-21 17:40:55 - [TEST_STEP][PASSED] - verifyTextPresent("State", true): Text 'State' is present on page  using regular expression

2023-09-21 17:40:56 - [MESSAGE][PASSED] - Text 'State' is present on page  using regular expression

2023-09-21 17:40:56 - [TEST_STEP][PASSED] - verifyTextPresent("ZIP Code", true): Text 'ZIP Code' is present on page  using regular expression

2023-09-21 17:40:56 - [MESSAGE][PASSED] - Text 'ZIP Code' is present on page  using regular expression

2023-09-21 17:40:56 - [TEST_STEP][PASSED] - verifyTextPresent("248 PhoolKaante road", true): Text '248 PhoolKaante road' is present on page  using regular expression

2023-09-21 17:40:56 - [MESSAGE][PASSED] - Text '248 PhoolKaante road' is present on page  using regular expression

2023-09-21 17:40:56 - [TEST_STEP][PASSED] - verifyTextPresent("Suite 678", true): Text 'Suite 678' is present on page  using regular expression

2023-09-21 17:40:57 - [MESSAGE][PASSED] - Text 'Suite 678' is present on page  using regular expression

2023-09-21 17:40:57 - [TEST_STEP][PASSED] - verifyTextPresent("United States", true): Text 'United States' is present on page  using regular expression

2023-09-21 17:40:57 - [MESSAGE][PASSED] - Text 'United States' is present on page  using regular expression

2023-09-21 17:40:57 - [TEST_STEP][PASSED] - verifyTextPresent("ARLINGTON", true): Text 'ARLINGTON' is present on page  using regular expression

2023-09-21 17:40:57 - [MESSAGE][PASSED] - Text 'ARLINGTON' is present on page  using regular expression

2023-09-21 17:40:57 - [TEST_STEP][PASSED] - verifyTextPresent("VA", true): Text 'VA' is present on page  using regular expression

2023-09-21 17:40:58 - [MESSAGE][PASSED] - Text 'VA' is present on page  using regular expression

2023-09-21 17:40:58 - [TEST_STEP][PASSED] - verifyTextPresent("22201", true): Text '22201' is present on page  using regular expression

2023-09-21 17:40:58 - [MESSAGE][PASSED] - Text '22201' is present on page  using regular expression

2023-09-21 17:40:58 - [TEST_STEP][PASSED] - cardTypeV = findTestData(dataFile).getValue("CardType", row): null

2023-09-21 17:40:58 - [TEST_STEP][PASSED] - last4V = findTestData(dataFile).getValue("Last4", row): null

2023-09-21 17:40:58 - [TEST_STEP][PASSED] - verifyTextPresent(cardTypeV, true): Text 'Discover' is present on page  using regular expression

2023-09-21 17:40:58 - [MESSAGE][PASSED] - Text 'Discover' is present on page  using regular expression

2023-09-21 17:40:58 - [TEST_STEP][PASSED] - verifyTextPresent(last4V, true): Text '6909' is present on page  using regular expression

2023-09-21 17:40:58 - [MESSAGE][PASSED] - Text '6909' is present on page  using regular expression

2023-09-21 17:40:58 - [TEST_STEP][PASSED] - switch (appName): null

2023-09-21 17:40:58 - [TEST_STEP][PASSED] - case "a_Access AutoSingleCFtpQA":: null

2023-09-21 17:40:58 - [TEST_STEP][PASSED] - verifyTextPresent("5.00", true): Text '5.00' is present on page  using regular expression

2023-09-21 17:40:59 - [MESSAGE][PASSED] - Text '5.00' is present on page  using regular expression

2023-09-21 17:40:59 - [TEST_STEP][PASSED] - verifyTextPresent("Single Transaction", true): Text 'Single Transaction' is present on page  using regular expression

2023-09-21 17:40:59 - [MESSAGE][PASSED] - Text 'Single Transaction' is present on page  using regular expression

2023-09-21 17:40:59 - [TEST_STEP][PASSED] - verifyTextPresent("7.50", true): Text '7.50' is present on page  using regular expression

2023-09-21 17:40:59 - [MESSAGE][PASSED] - Text '7.50' is present on page  using regular expression

2023-09-21 17:40:59 - [TEST_STEP][PASSED] - verifyTextPresent("Total Amount", true): Text 'Total Amount' is present on page  using regular expression

2023-09-21 17:41:00 - [MESSAGE][PASSED] - Text 'Total Amount' is present on page  using regular expression

2023-09-21 17:41:00 - [TEST_STEP][PASSED] - verifyTextPresent("Transaction Type", true): Text 'Transaction Type' is present on page  using regular expression

2023-09-21 17:41:00 - [MESSAGE][PASSED] - Text 'Transaction Type' is present on page  using regular expression

2023-09-21 17:41:00 - [TEST_STEP][PASSED] - break: null

2023-09-21 17:41:00 - [TEST_STEP][PASSED] - closeBrowser(): Browser is closed

2023-09-21 17:41:01 - [MESSAGE][PASSED] - Browser is closed

2023-09-21 17:41:01 - [TEST_STEP][PASSED] - ExecuteTC = findTestData(dataFile).getValue("Execute", row): null

2023-09-21 17:41:01 - [TEST_STEP][PASSED] - out.println("Value of Execute is : " + ExecuteTC): null

2023-09-21 17:41:01 - [TEST_STEP][PASSED] - switch (executionProfile): null

2023-09-21 17:41:01 - [TEST_STEP][PASSED] - case "QA2Profile":: null

2023-09-21 17:41:01 - [TEST_STEP][PASSED] - appName = findTestData(dataFile).getValue("AppNameQA", row): null

2023-09-21 17:41:01 - [TEST_STEP][PASSED] - appID = findTestData(dataFile).getValue("AppIDQA", row): null

2023-09-21 17:41:01 - [TEST_STEP][PASSED] - break: null

2023-09-21 17:41:01 - [TEST_STEP][PASSED] - if (ExecuteTC.equalsIgnoreCase("Y")): null

2023-09-21 17:41:01 - [TEST_STEP][PASSED] - out.println("Begin Record Number: " + row): null

2023-09-21 17:41:01 - [TEST_STEP][PASSED] - today = new java.util.Date(): null

2023-09-21 17:41:01 - [TEST_STEP][PASSED] - println(today): null

2023-09-21 17:41:01 - [TEST_STEP][PASSED] - datText = today: null

2023-09-21 17:41:01 - [TEST_STEP][PASSED] - adminSuiteBootstrap.loginFunctionality.login_AdminSuite(): adminSuiteBootstrap.loginFunctionality.login_AdminSuite is PASSED

2023-09-21 17:41:01 - [MESSAGE][INFO] - Starting 'Chrome' driver

2023-09-21 17:41:01 - [MESSAGE][INFO] - User set preference: ['acceptInsecureCerts', 'true']

2023-09-21 17:41:01 - [MESSAGE][INFO] - Action delay is set to 0 milliseconds

2023-09-21 17:41:04 - [MESSAGE][PASSED] - Browser is opened with url: 'https://qa2.velocitypayment.com/admin/imtiaz'

2023-09-21 17:41:04 - [MESSAGE][PASSED] - Current window maximized

2023-09-21 17:41:04 - [MESSAGE][PASSED] - Object 'Object Repository/Login_Page/Login_Username_Okta' is present

2023-09-21 17:41:05 - [MESSAGE][PASSED] - Text 'iahmed' is set on object 'Object Repository/Login_Page/Login_Username_Okta'

2023-09-21 17:41:06 - [MESSAGE][PASSED] - Text 'Hello1111111@' is set on object 'Object Repository/Login_Page/Login_Password_Okta'

2023-09-21 17:41:06 - [MESSAGE][PASSED] - Object: 'Object Repository/Login_Page/Login_Submit_Okta' is clicked on

2023-09-21 17:41:06 - [MESSAGE][PASSED] - adminSuiteBootstrap.loginFunctionality.login_AdminSuite is PASSED

2023-09-21 17:41:06 - [TEST_STEP][PASSED] - click(findTestObject(path_Dashboard + appName)): Object: 'Object Repository/AdminSuiteBootstrap_Pages/Dashboard_Bootstrap/a_Access AutoSingleCFtpQA' is clicked on

2023-09-21 17:41:13 - [MESSAGE][PASSED] - Object: 'Object Repository/AdminSuiteBootstrap_Pages/Dashboard_Bootstrap/a_Access AutoSingleCFtpQA' is clicked on

2023-09-21 17:41:13 - [TEST_STEP][PASSED] - click(findTestObject(path_VT + "a_Find Profile")): Object: 'Object Repository/AdminSuiteBootstrap_Pages/VT_Bootstrap/IssueTransactions/a_Find Profile' is clicked on

2023-09-21 17:41:14 - [MESSAGE][PASSED] - Object: 'Object Repository/AdminSuiteBootstrap_Pages/VT_Bootstrap/IssueTransactions/a_Find Profile' is clicked on

2023-09-21 17:41:14 - [TEST_STEP][PASSED] - criteria = <not implemented yet for class: org.codehaus.groovy.ast.expr.EmptyExpression>: null

2023-09-21 17:41:14 - [TEST_STEP][PASSED] - searchBy = <not implemented yet for class: org.codehaus.groovy.ast.expr.EmptyExpression>: null

2023-09-21 17:41:14 - [TEST_STEP][PASSED] - criteria = findTestData(dataFile).getValue("ProfileName", row): null

2023-09-21 17:41:14 - [TEST_STEP][PASSED] - path_SearchProfile = "Object Repository/AdminSuiteBootstrap_Pages/VSP_Bootstrap/SearchProfile/": null

2023-09-21 17:41:14 - [TEST_STEP][PASSED] - setText(findTestObject(path_SearchProfile + "input_Criteria"), criteria): Text 'PaymentsVisa' is set on object 'Object Repository/AdminSuiteBootstrap_Pages/VSP_Bootstrap/SearchProfile/input_Criteria'

2023-09-21 17:41:15 - [MESSAGE][PASSED] - Text 'PaymentsVisa' is set on object 'Object Repository/AdminSuiteBootstrap_Pages/VSP_Bootstrap/SearchProfile/input_Criteria'

2023-09-21 17:41:15 - [TEST_STEP][PASSED] - click(findTestObject(path_SearchProfile + "button_Search")): Object: 'Object Repository/AdminSuiteBootstrap_Pages/VSP_Bootstrap/SearchProfile/button_Search' is clicked on

2023-09-21 17:41:16 - [MESSAGE][PASSED] - Object: 'Object Repository/AdminSuiteBootstrap_Pages/VSP_Bootstrap/SearchProfile/button_Search' is clicked on

2023-09-21 17:41:16 - [TEST_STEP][PASSED] - profNameLink = findTestData(dataFile).getValue("ProfileNameLink", row): null

2023-09-21 17:41:16 - [TEST_STEP][PASSED] - click(findTestObject(path_ViewProfile + profNameLink)): Object: 'Object Repository/AdminSuiteBootstrap_Pages/VSP_Bootstrap/View Profile/a_PaymentsVisa' is clicked on

2023-09-21 17:41:17 - [MESSAGE][PASSED] - Object: 'Object Repository/AdminSuiteBootstrap_Pages/VSP_Bootstrap/View Profile/a_PaymentsVisa' is clicked on

2023-09-21 17:41:17 - [TEST_STEP][PASSED] - click(findTestObject(path_ViewProfile + "a_Auth")): Object: 'Object Repository/AdminSuiteBootstrap_Pages/VSP_Bootstrap/View Profile/a_Auth' is clicked on

2023-09-21 17:41:18 - [MESSAGE][PASSED] - Object: 'Object Repository/AdminSuiteBootstrap_Pages/VSP_Bootstrap/View Profile/a_Auth' is clicked on

2023-09-21 17:41:18 - [TEST_STEP][PASSED] - verifyTextPresent("Credit Card Authorization", true): Text 'Credit Card Authorization' is present on page  using regular expression

2023-09-21 17:41:19 - [MESSAGE][PASSED] - Text 'Credit Card Authorization' is present on page  using regular expression

2023-09-21 17:41:19 - [TEST_STEP][PASSED] - verifyTextPresent("Required fields are highlighted with an asterisk", true): Text 'Required fields are highlighted with an asterisk' is present on page  using regular expression

2023-09-21 17:41:19 - [MESSAGE][PASSED] - Text 'Required fields are highlighted with an asterisk' is present on page  using regular expression

2023-09-21 17:41:19 - [TEST_STEP][PASSED] - verifyTextPresent("Remittance ID", true): Text 'Remittance ID' is present on page  using regular expression

2023-09-21 17:41:20 - [MESSAGE][PASSED] - Text 'Remittance ID' is present on page  using regular expression

2023-09-21 17:41:20 - [TEST_STEP][PASSED] - vspBootstrap.SalePage.setDataSaleAndAuth(row, dataFile): vspBootstrap.SalePage.setDataSaleAndAuth is PASSED

2023-09-21 17:41:21 - [MESSAGE][PASSED] - All options with value 'RETL' are selected in object 'Object Repository/AdminSuiteBootstrap_Pages/VSP_Bootstrap/VSP_Authcap/select_TransactionCategory'  using regular expression

2023-09-21 17:41:22 - [MESSAGE][PASSED] - Text '123' is set on object 'Object Repository/AdminSuiteBootstrap_Pages/VSP_Bootstrap/VSP_Authcap/input_cvv'

2023-09-21 17:41:23 - [MESSAGE][PASSED] - Text '' is set on object 'Object Repository/AdminSuiteBootstrap_Pages/VSP_Bootstrap/VSP_Authcap/input_smsNumber'

2023-09-21 17:41:23 - [MESSAGE][PASSED] - Text '2.50' is set on object 'Object Repository/AdminSuiteBootstrap_Pages/VSP_Bootstrap/VSP_Authcap/input_amount'

2023-09-21 17:41:24 - [MESSAGE][PASSED] - Text 'Delhi' is set on object 'Object Repository/AdminSuiteBootstrap_Pages/VSP_Bootstrap/VSP_Authcap/input_userDefined1'

2023-09-21 17:41:25 - [MESSAGE][PASSED] - Text 'Chennai' is set on object 'Object Repository/AdminSuiteBootstrap_Pages/VSP_Bootstrap/VSP_Authcap/input_userDefined2'

2023-09-21 17:41:26 - [MESSAGE][PASSED] - Text 'Mumbai' is set on object 'Object Repository/AdminSuiteBootstrap_Pages/VSP_Bootstrap/VSP_Authcap/input_userDefined3'

2023-09-21 17:41:26 - [MESSAGE][PASSED] - Text 'Kanpur' is set on object 'Object Repository/AdminSuiteBootstrap_Pages/VSP_Bootstrap/VSP_Authcap/input_userDefined4'

2023-09-21 17:41:27 - [MESSAGE][PASSED] - All options with label 'Orange' are selected in object 'Object Repository/AdminSuiteBootstrap_Pages/VSP_Bootstrap/VSP_Authcap/select_UDF5'  using regular expression

2023-09-21 17:41:28 - [MESSAGE][PASSED] - All options with label 'Yellow' are selected in object 'Object Repository/AdminSuiteBootstrap_Pages/VSP_Bootstrap/VSP_Authcap/select_UDF6'  using regular expression

2023-09-21 17:41:29 - [MESSAGE][PASSED] - Text 'Kolkata' is set on object 'Object Repository/AdminSuiteBootstrap_Pages/VSP_Bootstrap/VSP_Authcap/input_userDefined7'

2023-09-21 17:41:29 - [MESSAGE][PASSED] - Text 'Pune' is set on object 'Object Repository/AdminSuiteBootstrap_Pages/VSP_Bootstrap/VSP_Authcap/input_userDefined8'

2023-09-21 17:41:30 - [MESSAGE][PASSED] - Text 'Bhavnagar' is set on object 'Object Repository/AdminSuiteBootstrap_Pages/VSP_Bootstrap/VSP_Authcap/input_userDefined9'

2023-09-21 17:41:31 - [MESSAGE][PASSED] - Text 'Noida' is set on object 'Object Repository/AdminSuiteBootstrap_Pages/VSP_Bootstrap/VSP_Authcap/input_userDefined10'

2023-09-21 17:41:32 - [MESSAGE][PASSED] - Object: 'Object Repository/AdminSuiteBootstrap_Pages/VSP_Bootstrap/VSP_Authcap/button_Submit' is clicked on

2023-09-21 17:41:32 - [MESSAGE][PASSED] - vspBootstrap.SalePage.setDataSaleAndAuth is PASSED

2023-09-21 17:41:32 - [TEST_STEP][PASSED] - verifyTextPresent("Transaction Successful", true): Text 'Transaction Successful' is present on page  using regular expression

2023-09-21 17:41:33 - [MESSAGE][PASSED] - Text 'Transaction Successful' is present on page  using regular expression

2023-09-21 17:41:33 - [TEST_STEP][PASSED] - verifyElementVisible(findTestObject("Object Repository/AdminSuiteBootstrap_Pages/VT_Bootstrap/Receipt/button_Continue")): Object 'Object Repository/AdminSuiteBootstrap_Pages/VT_Bootstrap/Receipt/button_Continue' is visible

2023-09-21 17:41:33 - [MESSAGE][PASSED] - Object 'Object Repository/AdminSuiteBootstrap_Pages/VT_Bootstrap/Receipt/button_Continue' is visible

2023-09-21 17:41:33 - [TEST_STEP][PASSED] - verifyElementPresent(findTestObject("Object Repository/AdminSuiteBootstrap_Pages/VT_Bootstrap/Receipt/button_Continue"), 20): Object 'Object Repository/AdminSuiteBootstrap_Pages/VT_Bootstrap/Receipt/button_Continue' is present

2023-09-21 17:41:33 - [MESSAGE][PASSED] - Object 'Object Repository/AdminSuiteBootstrap_Pages/VT_Bootstrap/Receipt/button_Continue' is present

2023-09-21 17:41:33 - [TEST_STEP][PASSED] - verifyElementVisible(findTestObject("Object Repository/AdminSuiteBootstrap_Pages/VT_Bootstrap/Receipt/button_Print")): Object 'Object Repository/AdminSuiteBootstrap_Pages/VT_Bootstrap/Receipt/button_Print' is visible

2023-09-21 17:41:33 - [MESSAGE][PASSED] - Object 'Object Repository/AdminSuiteBootstrap_Pages/VT_Bootstrap/Receipt/button_Print' is visible

2023-09-21 17:41:33 - [TEST_STEP][PASSED] - verifyElementPresent(findTestObject("Object Repository/AdminSuiteBootstrap_Pages/VT_Bootstrap/Receipt/button_Print"), 20): Object 'Object Repository/AdminSuiteBootstrap_Pages/VT_Bootstrap/Receipt/button_Print' is present

2023-09-21 17:41:34 - [MESSAGE][PASSED] - Object 'Object Repository/AdminSuiteBootstrap_Pages/VT_Bootstrap/Receipt/button_Print' is present

2023-09-21 17:41:34 - [TEST_STEP][PASSED] - verifyTextPresent("Remittance ID", true): Text 'Remittance ID' is present on page  using regular expression

2023-09-21 17:41:34 - [MESSAGE][PASSED] - Text 'Remittance ID' is present on page  using regular expression

2023-09-21 17:41:34 - [TEST_STEP][PASSED] - verifyTextPresent("Received", true): Text 'Received' is present on page  using regular expression

2023-09-21 17:41:34 - [MESSAGE][PASSED] - Text 'Received' is present on page  using regular expression

2023-09-21 17:41:34 - [TEST_STEP][PASSED] - verifyTextPresent("UDF1", true): Text 'UDF1' is present on page  using regular expression

2023-09-21 17:41:35 - [MESSAGE][PASSED] - Text 'UDF1' is present on page  using regular expression

2023-09-21 17:41:35 - [TEST_STEP][PASSED] - verifyTextPresent("UDF2", true): Text 'UDF2' is present on page  using regular expression

2023-09-21 17:41:35 - [MESSAGE][PASSED] - Text 'UDF2' is present on page  using regular expression

2023-09-21 17:41:35 - [TEST_STEP][PASSED] - verifyTextPresent("UDF3", true): Text 'UDF3' is present on page  using regular expression

2023-09-21 17:41:35 - [MESSAGE][PASSED] - Text 'UDF3' is present on page  using regular expression

2023-09-21 17:41:35 - [TEST_STEP][PASSED] - verifyTextPresent("UDF4", true): Text 'UDF4' is present on page  using regular expression

2023-09-21 17:41:36 - [MESSAGE][PASSED] - Text 'UDF4' is present on page  using regular expression

2023-09-21 17:41:36 - [TEST_STEP][PASSED] - verifyTextPresent("UDF5", true): Text 'UDF5' is present on page  using regular expression

2023-09-21 17:41:36 - [MESSAGE][PASSED] - Text 'UDF5' is present on page  using regular expression

2023-09-21 17:41:36 - [TEST_STEP][PASSED] - verifyTextPresent("UDF6", true): Text 'UDF6' is present on page  using regular expression

2023-09-21 17:41:36 - [MESSAGE][PASSED] - Text 'UDF6' is present on page  using regular expression

2023-09-21 17:41:36 - [TEST_STEP][PASSED] - verifyTextPresent("UDF7", true): Text 'UDF7' is present on page  using regular expression

2023-09-21 17:41:36 - [MESSAGE][PASSED] - Text 'UDF7' is present on page  using regular expression

2023-09-21 17:41:36 - [TEST_STEP][PASSED] - verifyTextPresent("UDF8", true): Text 'UDF8' is present on page  using regular expression

2023-09-21 17:41:37 - [MESSAGE][PASSED] - Text 'UDF8' is present on page  using regular expression

2023-09-21 17:41:37 - [TEST_STEP][PASSED] - verifyTextPresent("UDF9", true): Text 'UDF9' is present on page  using regular expression

2023-09-21 17:41:37 - [MESSAGE][PASSED] - Text 'UDF9' is present on page  using regular expression

2023-09-21 17:41:37 - [TEST_STEP][PASSED] - verifyTextPresent("UDF 10", true): Text 'UDF 10' is present on page  using regular expression

2023-09-21 17:41:37 - [MESSAGE][PASSED] - Text 'UDF 10' is present on page  using regular expression

2023-09-21 17:41:37 - [TEST_STEP][PASSED] - verifyTextPresent("Delhi", true): Text 'Delhi' is present on page  using regular expression

2023-09-21 17:41:38 - [MESSAGE][PASSED] - Text 'Delhi' is present on page  using regular expression

2023-09-21 17:41:38 - [TEST_STEP][PASSED] - verifyTextPresent("Chennai", true): Text 'Chennai' is present on page  using regular expression

2023-09-21 17:41:38 - [MESSAGE][PASSED] - Text 'Chennai' is present on page  using regular expression

2023-09-21 17:41:38 - [TEST_STEP][PASSED] - verifyTextPresent("Mumbai", true): Text 'Mumbai' is present on page  using regular expression

2023-09-21 17:41:38 - [MESSAGE][PASSED] - Text 'Mumbai' is present on page  using regular expression

2023-09-21 17:41:38 - [TEST_STEP][PASSED] - verifyTextPresent("Kanpur", true): Text 'Kanpur' is present on page  using regular expression

2023-09-21 17:41:39 - [MESSAGE][PASSED] - Text 'Kanpur' is present on page  using regular expression

2023-09-21 17:41:39 - [TEST_STEP][PASSED] - verifyTextPresent("Orange Recorded", true): Text 'Orange Recorded' is present on page  using regular expression

2023-09-21 17:41:39 - [MESSAGE][PASSED] - Text 'Orange Recorded' is present on page  using regular expression

2023-09-21 17:41:39 - [TEST_STEP][PASSED] - verifyTextPresent("Yellow Recorded", true): Text 'Yellow Recorded' is present on page  using regular expression

2023-09-21 17:41:39 - [MESSAGE][PASSED] - Text 'Yellow Recorded' is present on page  using regular expression

2023-09-21 17:41:39 - [TEST_STEP][PASSED] - verifyTextPresent("Kolkata", true): Text 'Kolkata' is present on page  using regular expression

2023-09-21 17:41:39 - [MESSAGE][PASSED] - Text 'Kolkata' is present on page  using regular expression

2023-09-21 17:41:39 - [TEST_STEP][PASSED] - verifyTextPresent("Pune", true): Text 'Pune' is present on page  using regular expression

2023-09-21 17:41:40 - [MESSAGE][PASSED] - Text 'Pune' is present on page  using regular expression

2023-09-21 17:41:40 - [TEST_STEP][PASSED] - verifyTextPresent("Bhavnagar", true): Text 'Bhavnagar' is present on page  using regular expression

2023-09-21 17:41:40 - [MESSAGE][PASSED] - Text 'Bhavnagar' is present on page  using regular expression

2023-09-21 17:41:40 - [TEST_STEP][PASSED] - verifyTextPresent("Noida", true): Text 'Noida' is present on page  using regular expression

2023-09-21 17:41:40 - [MESSAGE][PASSED] - Text 'Noida' is present on page  using regular expression

2023-09-21 17:41:40 - [TEST_STEP][PASSED] - verifyTextPresent("Amount", true): Text 'Amount' is present on page  using regular expression

2023-09-21 17:41:41 - [MESSAGE][PASSED] - Text 'Amount' is present on page  using regular expression

2023-09-21 17:41:41 - [TEST_STEP][PASSED] - verifyTextPresent("2.50", true): Text '2.50' is present on page  using regular expression

2023-09-21 17:41:41 - [MESSAGE][PASSED] - Text '2.50' is present on page  using regular expression

2023-09-21 17:41:41 - [TEST_STEP][PASSED] - verifyTextPresent("Authorization", true): Text 'Authorization' is present on page  using regular expression

2023-09-21 17:41:41 - [MESSAGE][PASSED] - Text 'Authorization' is present on page  using regular expression

2023-09-21 17:41:41 - [TEST_STEP][PASSED] - verifyTextPresent("Card Information", true): Text 'Card Information' is present on page  using regular expression

2023-09-21 17:41:41 - [MESSAGE][PASSED] - Text 'Card Information' is present on page  using regular expression

2023-09-21 17:41:41 - [TEST_STEP][PASSED] - verifyTextPresent("TANDON RAVENA", true): Text 'TANDON RAVENA' is present on page  using regular expression

2023-09-21 17:41:42 - [MESSAGE][PASSED] - Text 'TANDON RAVENA' is present on page  using regular expression

2023-09-21 17:41:42 - [TEST_STEP][PASSED] - verifyTextPresent("Address Line 1", true): Text 'Address Line 1' is present on page  using regular expression

2023-09-21 17:41:42 - [MESSAGE][PASSED] - Text 'Address Line 1' is present on page  using regular expression

2023-09-21 17:41:42 - [TEST_STEP][PASSED] - verifyTextPresent("Address Line 2", true): Text 'Address Line 2' is present on page  using regular expression

2023-09-21 17:41:42 - [MESSAGE][PASSED] - Text 'Address Line 2' is present on page  using regular expression

2023-09-21 17:41:42 - [TEST_STEP][PASSED] - verifyTextPresent("Country", true): Text 'Country' is present on page  using regular expression

2023-09-21 17:41:43 - [MESSAGE][PASSED] - Text 'Country' is present on page  using regular expression

2023-09-21 17:41:43 - [TEST_STEP][PASSED] - verifyTextPresent("City", true): Text 'City' is present on page  using regular expression

2023-09-21 17:41:43 - [MESSAGE][PASSED] - Text 'City' is present on page  using regular expression

2023-09-21 17:41:43 - [TEST_STEP][PASSED] - verifyTextPresent("State", true): Text 'State' is present on page  using regular expression

2023-09-21 17:41:43 - [MESSAGE][PASSED] - Text 'State' is present on page  using regular expression

2023-09-21 17:41:43 - [TEST_STEP][PASSED] - verifyTextPresent("ZIP Code", true): Text 'ZIP Code' is present on page  using regular expression

2023-09-21 17:41:44 - [MESSAGE][PASSED] - Text 'ZIP Code' is present on page  using regular expression

2023-09-21 17:41:44 - [TEST_STEP][PASSED] - verifyTextPresent("248 PhoolKaante road", true): Text '248 PhoolKaante road' is present on page  using regular expression

2023-09-21 17:41:44 - [MESSAGE][PASSED] - Text '248 PhoolKaante road' is present on page  using regular expression

2023-09-21 17:41:44 - [TEST_STEP][PASSED] - verifyTextPresent("Suite 678", true): Text 'Suite 678' is present on page  using regular expression

2023-09-21 17:41:44 - [MESSAGE][PASSED] - Text 'Suite 678' is present on page  using regular expression

2023-09-21 17:41:44 - [TEST_STEP][PASSED] - verifyTextPresent("United States", true): Text 'United States' is present on page  using regular expression

2023-09-21 17:41:44 - [MESSAGE][PASSED] - Text 'United States' is present on page  using regular expression

2023-09-21 17:41:44 - [TEST_STEP][PASSED] - verifyTextPresent("ARLINGTON", true): Text 'ARLINGTON' is present on page  using regular expression

2023-09-21 17:41:45 - [MESSAGE][PASSED] - Text 'ARLINGTON' is present on page  using regular expression

2023-09-21 17:41:45 - [TEST_STEP][PASSED] - verifyTextPresent("VA", true): Text 'VA' is present on page  using regular expression

2023-09-21 17:41:45 - [MESSAGE][PASSED] - Text 'VA' is present on page  using regular expression

2023-09-21 17:41:45 - [TEST_STEP][PASSED] - verifyTextPresent("22201", true): Text '22201' is present on page  using regular expression

2023-09-21 17:41:45 - [MESSAGE][PASSED] - Text '22201' is present on page  using regular expression

2023-09-21 17:41:45 - [TEST_STEP][PASSED] - cardTypeV = findTestData(dataFile).getValue("CardType", row): null

2023-09-21 17:41:45 - [TEST_STEP][PASSED] - last4V = findTestData(dataFile).getValue("Last4", row): null

2023-09-21 17:41:45 - [TEST_STEP][PASSED] - verifyTextPresent(cardTypeV, true): Text 'Visa' is present on page  using regular expression

2023-09-21 17:41:46 - [MESSAGE][PASSED] - Text 'Visa' is present on page  using regular expression

2023-09-21 17:41:46 - [TEST_STEP][PASSED] - verifyTextPresent(last4V, true): Text '5439' is present on page  using regular expression

2023-09-21 17:41:46 - [MESSAGE][PASSED] - Text '5439' is present on page  using regular expression

2023-09-21 17:41:46 - [TEST_STEP][PASSED] - switch (appName): null

2023-09-21 17:41:46 - [TEST_STEP][PASSED] - case "a_Access AutoSingleCFtpQA":: null

2023-09-21 17:41:46 - [TEST_STEP][PASSED] - verifyTextPresent("5.00", true): Text '5.00' is present on page  using regular expression

2023-09-21 17:41:46 - [MESSAGE][PASSED] - Text '5.00' is present on page  using regular expression

2023-09-21 17:41:46 - [TEST_STEP][PASSED] - verifyTextPresent("Single Transaction", true): Text 'Single Transaction' is present on page  using regular expression

2023-09-21 17:41:47 - [MESSAGE][PASSED] - Text 'Single Transaction' is present on page  using regular expression

2023-09-21 17:41:47 - [TEST_STEP][PASSED] - verifyTextPresent("7.50", true): Text '7.50' is present on page  using regular expression

2023-09-21 17:41:47 - [MESSAGE][PASSED] - Text '7.50' is present on page  using regular expression

2023-09-21 17:41:47 - [TEST_STEP][PASSED] - verifyTextPresent("Total Amount", true): Text 'Total Amount' is present on page  using regular expression

2023-09-21 17:41:47 - [MESSAGE][PASSED] - Text 'Total Amount' is present on page  using regular expression

2023-09-21 17:41:47 - [TEST_STEP][PASSED] - verifyTextPresent("Transaction Type", true): Text 'Transaction Type' is present on page  using regular expression

2023-09-21 17:41:48 - [MESSAGE][PASSED] - Text 'Transaction Type' is present on page  using regular expression

2023-09-21 17:41:48 - [TEST_STEP][PASSED] - break: null

2023-09-21 17:41:48 - [TEST_STEP][PASSED] - closeBrowser(): Browser is closed

2023-09-21 17:41:48 - [MESSAGE][PASSED] - Browser is closed

2023-09-21 17:41:48 - [TEST_STEP][PASSED] - ExecuteTC = findTestData(dataFile).getValue("Execute", row): null

2023-09-21 17:41:49 - [TEST_STEP][PASSED] - out.println("Value of Execute is : " + ExecuteTC): null

2023-09-21 17:41:49 - [TEST_STEP][PASSED] - switch (executionProfile): null

2023-09-21 17:41:49 - [TEST_STEP][PASSED] - case "QA2Profile":: null

2023-09-21 17:41:49 - [TEST_STEP][PASSED] - appName = findTestData(dataFile).getValue("AppNameQA", row): null

2023-09-21 17:41:49 - [TEST_STEP][PASSED] - appID = findTestData(dataFile).getValue("AppIDQA", row): null

2023-09-21 17:41:49 - [TEST_STEP][PASSED] - break: null

2023-09-21 17:41:49 - [TEST_STEP][PASSED] - if (ExecuteTC.equalsIgnoreCase("Y")): null

2023-09-21 17:41:49 - [TEST_STEP][PASSED] - out.println("Begin Record Number: " + row): null

2023-09-21 17:41:49 - [TEST_STEP][PASSED] - today = new java.util.Date(): null

2023-09-21 17:41:49 - [TEST_STEP][PASSED] - println(today): null

2023-09-21 17:41:49 - [TEST_STEP][PASSED] - datText = today: null

2023-09-21 17:41:49 - [TEST_STEP][PASSED] - adminSuiteBootstrap.loginFunctionality.login_AdminSuite(): adminSuiteBootstrap.loginFunctionality.login_AdminSuite is PASSED

2023-09-21 17:41:49 - [MESSAGE][INFO] - Starting 'Chrome' driver

2023-09-21 17:41:49 - [MESSAGE][INFO] - User set preference: ['acceptInsecureCerts', 'true']

2023-09-21 17:41:49 - [MESSAGE][INFO] - Action delay is set to 0 milliseconds

2023-09-21 17:41:51 - [MESSAGE][PASSED] - Browser is opened with url: 'https://qa2.velocitypayment.com/admin/imtiaz'

2023-09-21 17:41:51 - [MESSAGE][PASSED] - Current window maximized

2023-09-21 17:41:52 - [MESSAGE][PASSED] - Object 'Object Repository/Login_Page/Login_Username_Okta' is present

2023-09-21 17:41:53 - [MESSAGE][PASSED] - Text 'iahmed' is set on object 'Object Repository/Login_Page/Login_Username_Okta'

2023-09-21 17:41:53 - [MESSAGE][PASSED] - Text 'Hello1111111@' is set on object 'Object Repository/Login_Page/Login_Password_Okta'

2023-09-21 17:41:54 - [MESSAGE][PASSED] - Object: 'Object Repository/Login_Page/Login_Submit_Okta' is clicked on

2023-09-21 17:41:54 - [MESSAGE][PASSED] - adminSuiteBootstrap.loginFunctionality.login_AdminSuite is PASSED

2023-09-21 17:41:54 - [TEST_STEP][PASSED] - click(findTestObject(path_Dashboard + appName)): Object: 'Object Repository/AdminSuiteBootstrap_Pages/Dashboard_Bootstrap/a_Access AutoSingleCFtpQA' is clicked on

2023-09-21 17:42:01 - [MESSAGE][PASSED] - Object: 'Object Repository/AdminSuiteBootstrap_Pages/Dashboard_Bootstrap/a_Access AutoSingleCFtpQA' is clicked on

2023-09-21 17:42:01 - [TEST_STEP][PASSED] - click(findTestObject(path_VT + "a_Find Profile")): Object: 'Object Repository/AdminSuiteBootstrap_Pages/VT_Bootstrap/IssueTransactions/a_Find Profile' is clicked on

2023-09-21 17:42:01 - [MESSAGE][PASSED] - Object: 'Object Repository/AdminSuiteBootstrap_Pages/VT_Bootstrap/IssueTransactions/a_Find Profile' is clicked on

2023-09-21 17:42:01 - [TEST_STEP][PASSED] - criteria = <not implemented yet for class: org.codehaus.groovy.ast.expr.EmptyExpression>: null

2023-09-21 17:42:01 - [TEST_STEP][PASSED] - searchBy = <not implemented yet for class: org.codehaus.groovy.ast.expr.EmptyExpression>: null

2023-09-21 17:42:01 - [TEST_STEP][PASSED] - criteria = findTestData(dataFile).getValue("ProfileName", row): null

2023-09-21 17:42:02 - [TEST_STEP][PASSED] - path_SearchProfile = "Object Repository/AdminSuiteBootstrap_Pages/VSP_Bootstrap/SearchProfile/": null

2023-09-21 17:42:02 - [TEST_STEP][PASSED] - setText(findTestObject(path_SearchProfile + "input_Criteria"), criteria): Text 'PaymentsMC' is set on object 'Object Repository/AdminSuiteBootstrap_Pages/VSP_Bootstrap/SearchProfile/input_Criteria'

2023-09-21 17:42:02 - [MESSAGE][PASSED] - Text 'PaymentsMC' is set on object 'Object Repository/AdminSuiteBootstrap_Pages/VSP_Bootstrap/SearchProfile/input_Criteria'

2023-09-21 17:42:02 - [TEST_STEP][PASSED] - click(findTestObject(path_SearchProfile + "button_Search")): Object: 'Object Repository/AdminSuiteBootstrap_Pages/VSP_Bootstrap/SearchProfile/button_Search' is clicked on

2023-09-21 17:42:03 - [MESSAGE][PASSED] - Object: 'Object Repository/AdminSuiteBootstrap_Pages/VSP_Bootstrap/SearchProfile/button_Search' is clicked on

2023-09-21 17:42:03 - [TEST_STEP][PASSED] - profNameLink = findTestData(dataFile).getValue("ProfileNameLink", row): null

2023-09-21 17:42:03 - [TEST_STEP][PASSED] - click(findTestObject(path_ViewProfile + profNameLink)): Object: 'Object Repository/AdminSuiteBootstrap_Pages/VSP_Bootstrap/View Profile/a_PaymentsMC' is clicked on

2023-09-21 17:42:05 - [MESSAGE][PASSED] - Object: 'Object Repository/AdminSuiteBootstrap_Pages/VSP_Bootstrap/View Profile/a_PaymentsMC' is clicked on

2023-09-21 17:42:05 - [TEST_STEP][PASSED] - click(findTestObject(path_ViewProfile + "a_Auth")): Object: 'Object Repository/AdminSuiteBootstrap_Pages/VSP_Bootstrap/View Profile/a_Auth' is clicked on

2023-09-21 17:42:06 - [MESSAGE][PASSED] - Object: 'Object Repository/AdminSuiteBootstrap_Pages/VSP_Bootstrap/View Profile/a_Auth' is clicked on

2023-09-21 17:42:06 - [TEST_STEP][PASSED] - verifyTextPresent("Credit Card Authorization", true): Text 'Credit Card Authorization' is present on page  using regular expression

2023-09-21 17:42:06 - [MESSAGE][PASSED] - Text 'Credit Card Authorization' is present on page  using regular expression

2023-09-21 17:42:06 - [TEST_STEP][PASSED] - verifyTextPresent("Required fields are highlighted with an asterisk", true): Text 'Required fields are highlighted with an asterisk' is present on page  using regular expression

2023-09-21 17:42:07 - [MESSAGE][PASSED] - Text 'Required fields are highlighted with an asterisk' is present on page  using regular expression

2023-09-21 17:42:07 - [TEST_STEP][PASSED] - verifyTextPresent("Remittance ID", true): Text 'Remittance ID' is present on page  using regular expression

2023-09-21 17:42:07 - [MESSAGE][PASSED] - Text 'Remittance ID' is present on page  using regular expression

2023-09-21 17:42:07 - [TEST_STEP][PASSED] - vspBootstrap.SalePage.setDataSaleAndAuth(row, dataFile): vspBootstrap.SalePage.setDataSaleAndAuth is PASSED

2023-09-21 17:42:08 - [MESSAGE][PASSED] - All options with value 'RETL' are selected in object 'Object Repository/AdminSuiteBootstrap_Pages/VSP_Bootstrap/VSP_Authcap/select_TransactionCategory'  using regular expression

2023-09-21 17:42:09 - [MESSAGE][PASSED] - Text '123' is set on object 'Object Repository/AdminSuiteBootstrap_Pages/VSP_Bootstrap/VSP_Authcap/input_cvv'

2023-09-21 17:42:10 - [MESSAGE][PASSED] - Text '' is set on object 'Object Repository/AdminSuiteBootstrap_Pages/VSP_Bootstrap/VSP_Authcap/input_smsNumber'

2023-09-21 17:42:11 - [MESSAGE][PASSED] - Text '2.50' is set on object 'Object Repository/AdminSuiteBootstrap_Pages/VSP_Bootstrap/VSP_Authcap/input_amount'

2023-09-21 17:42:12 - [MESSAGE][PASSED] - Text 'Delhi' is set on object 'Object Repository/AdminSuiteBootstrap_Pages/VSP_Bootstrap/VSP_Authcap/input_userDefined1'

2023-09-21 17:42:12 - [MESSAGE][PASSED] - Text 'Chennai' is set on object 'Object Repository/AdminSuiteBootstrap_Pages/VSP_Bootstrap/VSP_Authcap/input_userDefined2'

2023-09-21 17:42:13 - [MESSAGE][PASSED] - Text 'Mumbai' is set on object 'Object Repository/AdminSuiteBootstrap_Pages/VSP_Bootstrap/VSP_Authcap/input_userDefined3'

2023-09-21 17:42:14 - [MESSAGE][PASSED] - Text 'Kanpur' is set on object 'Object Repository/AdminSuiteBootstrap_Pages/VSP_Bootstrap/VSP_Authcap/input_userDefined4'

2023-09-21 17:42:14 - [MESSAGE][PASSED] - All options with label 'Orange' are selected in object 'Object Repository/AdminSuiteBootstrap_Pages/VSP_Bootstrap/VSP_Authcap/select_UDF5'  using regular expression

2023-09-21 17:42:15 - [MESSAGE][PASSED] - All options with label 'Yellow' are selected in object 'Object Repository/AdminSuiteBootstrap_Pages/VSP_Bootstrap/VSP_Authcap/select_UDF6'  using regular expression

2023-09-21 17:42:16 - [MESSAGE][PASSED] - Text 'Kolkata' is set on object 'Object Repository/AdminSuiteBootstrap_Pages/VSP_Bootstrap/VSP_Authcap/input_userDefined7'

2023-09-21 17:42:17 - [MESSAGE][PASSED] - Text 'Pune' is set on object 'Object Repository/AdminSuiteBootstrap_Pages/VSP_Bootstrap/VSP_Authcap/input_userDefined8'

2023-09-21 17:42:17 - [MESSAGE][PASSED] - Text 'Bhavnagar' is set on object 'Object Repository/AdminSuiteBootstrap_Pages/VSP_Bootstrap/VSP_Authcap/input_userDefined9'

2023-09-21 17:42:18 - [MESSAGE][PASSED] - Text 'Noida' is set on object 'Object Repository/AdminSuiteBootstrap_Pages/VSP_Bootstrap/VSP_Authcap/input_userDefined10'

2023-09-21 17:42:19 - [MESSAGE][PASSED] - Object: 'Object Repository/AdminSuiteBootstrap_Pages/VSP_Bootstrap/VSP_Authcap/button_Submit' is clicked on

2023-09-21 17:42:19 - [MESSAGE][PASSED] - vspBootstrap.SalePage.setDataSaleAndAuth is PASSED

2023-09-21 17:42:19 - [TEST_STEP][PASSED] - verifyTextPresent("Transaction Successful", true): Text 'Transaction Successful' is present on page  using regular expression

2023-09-21 17:42:20 - [MESSAGE][PASSED] - Text 'Transaction Successful' is present on page  using regular expression

2023-09-21 17:42:20 - [TEST_STEP][PASSED] - verifyElementVisible(findTestObject("Object Repository/AdminSuiteBootstrap_Pages/VT_Bootstrap/Receipt/button_Continue")): Object 'Object Repository/AdminSuiteBootstrap_Pages/VT_Bootstrap/Receipt/button_Continue' is visible

2023-09-21 17:42:20 - [MESSAGE][PASSED] - Object 'Object Repository/AdminSuiteBootstrap_Pages/VT_Bootstrap/Receipt/button_Continue' is visible

2023-09-21 17:42:20 - [TEST_STEP][PASSED] - verifyElementPresent(findTestObject("Object Repository/AdminSuiteBootstrap_Pages/VT_Bootstrap/Receipt/button_Continue"), 20): Object 'Object Repository/AdminSuiteBootstrap_Pages/VT_Bootstrap/Receipt/button_Continue' is present

2023-09-21 17:42:20 - [MESSAGE][PASSED] - Object 'Object Repository/AdminSuiteBootstrap_Pages/VT_Bootstrap/Receipt/button_Continue' is present

2023-09-21 17:42:20 - [TEST_STEP][PASSED] - verifyElementVisible(findTestObject("Object Repository/AdminSuiteBootstrap_Pages/VT_Bootstrap/Receipt/button_Print")): Object 'Object Repository/AdminSuiteBootstrap_Pages/VT_Bootstrap/Receipt/button_Print' is visible

2023-09-21 17:42:21 - [MESSAGE][PASSED] - Object 'Object Repository/AdminSuiteBootstrap_Pages/VT_Bootstrap/Receipt/button_Print' is visible

2023-09-21 17:42:21 - [TEST_STEP][PASSED] - verifyElementPresent(findTestObject("Object Repository/AdminSuiteBootstrap_Pages/VT_Bootstrap/Receipt/button_Print"), 20): Object 'Object Repository/AdminSuiteBootstrap_Pages/VT_Bootstrap/Receipt/button_Print' is present

2023-09-21 17:42:21 - [MESSAGE][PASSED] - Object 'Object Repository/AdminSuiteBootstrap_Pages/VT_Bootstrap/Receipt/button_Print' is present

2023-09-21 17:42:21 - [TEST_STEP][PASSED] - verifyTextPresent("Remittance ID", true): Text 'Remittance ID' is present on page  using regular expression

2023-09-21 17:42:21 - [MESSAGE][PASSED] - Text 'Remittance ID' is present on page  using regular expression

2023-09-21 17:42:21 - [TEST_STEP][PASSED] - verifyTextPresent("Received", true): Text 'Received' is present on page  using regular expression

2023-09-21 17:42:22 - [MESSAGE][PASSED] - Text 'Received' is present on page  using regular expression

2023-09-21 17:42:22 - [TEST_STEP][PASSED] - verifyTextPresent("UDF1", true): Text 'UDF1' is present on page  using regular expression

2023-09-21 17:42:22 - [MESSAGE][PASSED] - Text 'UDF1' is present on page  using regular expression

2023-09-21 17:42:22 - [TEST_STEP][PASSED] - verifyTextPresent("UDF2", true): Text 'UDF2' is present on page  using regular expression

2023-09-21 17:42:22 - [MESSAGE][PASSED] - Text 'UDF2' is present on page  using regular expression

2023-09-21 17:42:22 - [TEST_STEP][PASSED] - verifyTextPresent("UDF3", true): Text 'UDF3' is present on page  using regular expression

2023-09-21 17:42:23 - [MESSAGE][PASSED] - Text 'UDF3' is present on page  using regular expression

2023-09-21 17:42:23 - [TEST_STEP][PASSED] - verifyTextPresent("UDF4", true): Text 'UDF4' is present on page  using regular expression

2023-09-21 17:42:23 - [MESSAGE][PASSED] - Text 'UDF4' is present on page  using regular expression

2023-09-21 17:42:23 - [TEST_STEP][PASSED] - verifyTextPresent("UDF5", true): Text 'UDF5' is present on page  using regular expression

2023-09-21 17:42:23 - [MESSAGE][PASSED] - Text 'UDF5' is present on page  using regular expression

2023-09-21 17:42:23 - [TEST_STEP][PASSED] - verifyTextPresent("UDF6", true): Text 'UDF6' is present on page  using regular expression

2023-09-21 17:42:23 - [MESSAGE][PASSED] - Text 'UDF6' is present on page  using regular expression

2023-09-21 17:42:23 - [TEST_STEP][PASSED] - verifyTextPresent("UDF7", true): Text 'UDF7' is present on page  using regular expression

2023-09-21 17:42:24 - [MESSAGE][PASSED] - Text 'UDF7' is present on page  using regular expression

2023-09-21 17:42:24 - [TEST_STEP][PASSED] - verifyTextPresent("UDF8", true): Text 'UDF8' is present on page  using regular expression

2023-09-21 17:42:24 - [MESSAGE][PASSED] - Text 'UDF8' is present on page  using regular expression

2023-09-21 17:42:24 - [TEST_STEP][PASSED] - verifyTextPresent("UDF9", true): Text 'UDF9' is present on page  using regular expression

2023-09-21 17:42:24 - [MESSAGE][PASSED] - Text 'UDF9' is present on page  using regular expression

2023-09-21 17:42:24 - [TEST_STEP][PASSED] - verifyTextPresent("UDF 10", true): Text 'UDF 10' is present on page  using regular expression

2023-09-21 17:42:25 - [MESSAGE][PASSED] - Text 'UDF 10' is present on page  using regular expression

2023-09-21 17:42:25 - [TEST_STEP][PASSED] - verifyTextPresent("Delhi", true): Text 'Delhi' is present on page  using regular expression

2023-09-21 17:42:25 - [MESSAGE][PASSED] - Text 'Delhi' is present on page  using regular expression

2023-09-21 17:42:25 - [TEST_STEP][PASSED] - verifyTextPresent("Chennai", true): Text 'Chennai' is present on page  using regular expression

2023-09-21 17:42:25 - [MESSAGE][PASSED] - Text 'Chennai' is present on page  using regular expression

2023-09-21 17:42:25 - [TEST_STEP][PASSED] - verifyTextPresent("Mumbai", true): Text 'Mumbai' is present on page  using regular expression

2023-09-21 17:42:26 - [MESSAGE][PASSED] - Text 'Mumbai' is present on page  using regular expression

2023-09-21 17:42:26 - [TEST_STEP][PASSED] - verifyTextPresent("Kanpur", true): Text 'Kanpur' is present on page  using regular expression

2023-09-21 17:42:26 - [MESSAGE][PASSED] - Text 'Kanpur' is present on page  using regular expression

2023-09-21 17:42:26 - [TEST_STEP][PASSED] - verifyTextPresent("Orange Recorded", true): Text 'Orange Recorded' is present on page  using regular expression

2023-09-21 17:42:26 - [MESSAGE][PASSED] - Text 'Orange Recorded' is present on page  using regular expression

2023-09-21 17:42:26 - [TEST_STEP][PASSED] - verifyTextPresent("Yellow Recorded", true): Text 'Yellow Recorded' is present on page  using regular expression

2023-09-21 17:42:26 - [MESSAGE][PASSED] - Text 'Yellow Recorded' is present on page  using regular expression

2023-09-21 17:42:26 - [TEST_STEP][PASSED] - verifyTextPresent("Kolkata", true): Text 'Kolkata' is present on page  using regular expression

2023-09-21 17:42:27 - [MESSAGE][PASSED] - Text 'Kolkata' is present on page  using regular expression

2023-09-21 17:42:27 - [TEST_STEP][PASSED] - verifyTextPresent("Pune", true): Text 'Pune' is present on page  using regular expression

2023-09-21 17:42:27 - [MESSAGE][PASSED] - Text 'Pune' is present on page  using regular expression

2023-09-21 17:42:27 - [TEST_STEP][PASSED] - verifyTextPresent("Bhavnagar", true): Text 'Bhavnagar' is present on page  using regular expression

2023-09-21 17:42:27 - [MESSAGE][PASSED] - Text 'Bhavnagar' is present on page  using regular expression

2023-09-21 17:42:27 - [TEST_STEP][PASSED] - verifyTextPresent("Noida", true): Text 'Noida' is present on page  using regular expression

2023-09-21 17:42:28 - [MESSAGE][PASSED] - Text 'Noida' is present on page  using regular expression

2023-09-21 17:42:28 - [TEST_STEP][PASSED] - verifyTextPresent("Amount", true): Text 'Amount' is present on page  using regular expression

2023-09-21 17:42:28 - [MESSAGE][PASSED] - Text 'Amount' is present on page  using regular expression

2023-09-21 17:42:28 - [TEST_STEP][PASSED] - verifyTextPresent("2.50", true): Text '2.50' is present on page  using regular expression

2023-09-21 17:42:28 - [MESSAGE][PASSED] - Text '2.50' is present on page  using regular expression

2023-09-21 17:42:28 - [TEST_STEP][PASSED] - verifyTextPresent("Authorization", true): Text 'Authorization' is present on page  using regular expression

2023-09-21 17:42:29 - [MESSAGE][PASSED] - Text 'Authorization' is present on page  using regular expression

2023-09-21 17:42:29 - [TEST_STEP][PASSED] - verifyTextPresent("Card Information", true): Text 'Card Information' is present on page  using regular expression

2023-09-21 17:42:29 - [MESSAGE][PASSED] - Text 'Card Information' is present on page  using regular expression

2023-09-21 17:42:29 - [TEST_STEP][PASSED] - verifyTextPresent("TANDON RAVENA", true): Text 'TANDON RAVENA' is present on page  using regular expression

2023-09-21 17:42:29 - [MESSAGE][PASSED] - Text 'TANDON RAVENA' is present on page  using regular expression

2023-09-21 17:42:29 - [TEST_STEP][PASSED] - verifyTextPresent("Address Line 1", true): Text 'Address Line 1' is present on page  using regular expression

2023-09-21 17:42:29 - [MESSAGE][PASSED] - Text 'Address Line 1' is present on page  using regular expression

2023-09-21 17:42:29 - [TEST_STEP][PASSED] - verifyTextPresent("Address Line 2", true): Text 'Address Line 2' is present on page  using regular expression

2023-09-21 17:42:30 - [MESSAGE][PASSED] - Text 'Address Line 2' is present on page  using regular expression

2023-09-21 17:42:30 - [TEST_STEP][PASSED] - verifyTextPresent("Country", true): Text 'Country' is present on page  using regular expression

2023-09-21 17:42:30 - [MESSAGE][PASSED] - Text 'Country' is present on page  using regular expression

2023-09-21 17:42:30 - [TEST_STEP][PASSED] - verifyTextPresent("City", true): Text 'City' is present on page  using regular expression

2023-09-21 17:42:30 - [MESSAGE][PASSED] - Text 'City' is present on page  using regular expression

2023-09-21 17:42:30 - [TEST_STEP][PASSED] - verifyTextPresent("State", true): Text 'State' is present on page  using regular expression

2023-09-21 17:42:31 - [MESSAGE][PASSED] - Text 'State' is present on page  using regular expression

2023-09-21 17:42:31 - [TEST_STEP][PASSED] - verifyTextPresent("ZIP Code", true): Text 'ZIP Code' is present on page  using regular expression

2023-09-21 17:42:31 - [MESSAGE][PASSED] - Text 'ZIP Code' is present on page  using regular expression

2023-09-21 17:42:31 - [TEST_STEP][PASSED] - verifyTextPresent("248 PhoolKaante road", true): Text '248 PhoolKaante road' is present on page  using regular expression

2023-09-21 17:42:31 - [MESSAGE][PASSED] - Text '248 PhoolKaante road' is present on page  using regular expression

2023-09-21 17:42:31 - [TEST_STEP][PASSED] - verifyTextPresent("Suite 678", true): Text 'Suite 678' is present on page  using regular expression

2023-09-21 17:42:32 - [MESSAGE][PASSED] - Text 'Suite 678' is present on page  using regular expression

2023-09-21 17:42:32 - [TEST_STEP][PASSED] - verifyTextPresent("United States", true): Text 'United States' is present on page  using regular expression

2023-09-21 17:42:32 - [MESSAGE][PASSED] - Text 'United States' is present on page  using regular expression

2023-09-21 17:42:32 - [TEST_STEP][PASSED] - verifyTextPresent("ARLINGTON", true): Text 'ARLINGTON' is present on page  using regular expression

2023-09-21 17:42:32 - [MESSAGE][PASSED] - Text 'ARLINGTON' is present on page  using regular expression

2023-09-21 17:42:32 - [TEST_STEP][PASSED] - verifyTextPresent("VA", true): Text 'VA' is present on page  using regular expression

2023-09-21 17:42:32 - [MESSAGE][PASSED] - Text 'VA' is present on page  using regular expression

2023-09-21 17:42:32 - [TEST_STEP][PASSED] - verifyTextPresent("22201", true): Text '22201' is present on page  using regular expression

2023-09-21 17:42:33 - [MESSAGE][PASSED] - Text '22201' is present on page  using regular expression

2023-09-21 17:42:33 - [TEST_STEP][PASSED] - cardTypeV = findTestData(dataFile).getValue("CardType", row): null

2023-09-21 17:42:33 - [TEST_STEP][PASSED] - last4V = findTestData(dataFile).getValue("Last4", row): null

2023-09-21 17:42:33 - [TEST_STEP][PASSED] - verifyTextPresent(cardTypeV, true): Text 'MasterCard' is present on page  using regular expression

2023-09-21 17:42:33 - [MESSAGE][PASSED] - Text 'MasterCard' is present on page  using regular expression

2023-09-21 17:42:33 - [TEST_STEP][PASSED] - verifyTextPresent(last4V, true): Text '0035' is present on page  using regular expression

2023-09-21 17:42:33 - [MESSAGE][PASSED] - Text '0035' is present on page  using regular expression

2023-09-21 17:42:33 - [TEST_STEP][PASSED] - switch (appName): null

2023-09-21 17:42:33 - [TEST_STEP][PASSED] - case "a_Access AutoSingleCFtpQA":: null

2023-09-21 17:42:33 - [TEST_STEP][PASSED] - verifyTextPresent("5.00", true): Text '5.00' is present on page  using regular expression

2023-09-21 17:42:34 - [MESSAGE][PASSED] - Text '5.00' is present on page  using regular expression

2023-09-21 17:42:34 - [TEST_STEP][PASSED] - verifyTextPresent("Single Transaction", true): Text 'Single Transaction' is present on page  using regular expression

2023-09-21 17:42:34 - [MESSAGE][PASSED] - Text 'Single Transaction' is present on page  using regular expression

2023-09-21 17:42:34 - [TEST_STEP][PASSED] - verifyTextPresent("7.50", true): Text '7.50' is present on page  using regular expression

2023-09-21 17:42:34 - [MESSAGE][PASSED] - Text '7.50' is present on page  using regular expression

2023-09-21 17:42:34 - [TEST_STEP][PASSED] - verifyTextPresent("Total Amount", true): Text 'Total Amount' is present on page  using regular expression

2023-09-21 17:42:35 - [MESSAGE][PASSED] - Text 'Total Amount' is present on page  using regular expression

2023-09-21 17:42:35 - [TEST_STEP][PASSED] - verifyTextPresent("Transaction Type", true): Text 'Transaction Type' is present on page  using regular expression

2023-09-21 17:42:35 - [MESSAGE][PASSED] - Text 'Transaction Type' is present on page  using regular expression

2023-09-21 17:42:35 - [TEST_STEP][PASSED] - break: null

2023-09-21 17:42:35 - [TEST_STEP][PASSED] - closeBrowser(): Browser is closed

2023-09-21 17:42:36 - [MESSAGE][PASSED] - Browser is closed

2023-09-21 17:42:36 - [TEST_STEP][PASSED] - ExecuteTC = findTestData(dataFile).getValue("Execute", row): null

2023-09-21 17:42:36 - [TEST_STEP][PASSED] - out.println("Value of Execute is : " + ExecuteTC): null

2023-09-21 17:42:36 - [TEST_STEP][PASSED] - switch (executionProfile): null

2023-09-21 17:42:36 - [TEST_STEP][PASSED] - case "QA2Profile":: null

2023-09-21 17:42:36 - [TEST_STEP][PASSED] - appName = findTestData(dataFile).getValue("AppNameQA", row): null

2023-09-21 17:42:36 - [TEST_STEP][PASSED] - appID = findTestData(dataFile).getValue("AppIDQA", row): null

2023-09-21 17:42:36 - [TEST_STEP][PASSED] - break: null

2023-09-21 17:42:36 - [TEST_STEP][PASSED] - if (ExecuteTC.equalsIgnoreCase("Y")): null

2023-09-21 17:42:36 - [TEST_STEP][PASSED] - out.println("Begin Record Number: " + row): null

2023-09-21 17:42:36 - [TEST_STEP][PASSED] - today = new java.util.Date(): null

2023-09-21 17:42:36 - [TEST_STEP][PASSED] - println(today): null

2023-09-21 17:42:36 - [TEST_STEP][PASSED] - datText = today: null

2023-09-21 17:42:36 - [TEST_STEP][PASSED] - adminSuiteBootstrap.loginFunctionality.login_AdminSuite(): adminSuiteBootstrap.loginFunctionality.login_AdminSuite is PASSED

2023-09-21 17:42:36 - [MESSAGE][INFO] - Starting 'Chrome' driver

2023-09-21 17:42:36 - [MESSAGE][INFO] - User set preference: ['acceptInsecureCerts', 'true']

2023-09-21 17:42:36 - [MESSAGE][INFO] - Action delay is set to 0 milliseconds

2023-09-21 17:42:39 - [MESSAGE][PASSED] - Browser is opened with url: 'https://qa2.velocitypayment.com/admin/imtiaz'

2023-09-21 17:42:39 - [MESSAGE][PASSED] - Current window maximized

2023-09-21 17:42:39 - [MESSAGE][PASSED] - Object 'Object Repository/Login_Page/Login_Username_Okta' is present

2023-09-21 17:42:40 - [MESSAGE][PASSED] - Text 'iahmed' is set on object 'Object Repository/Login_Page/Login_Username_Okta'

2023-09-21 17:42:41 - [MESSAGE][PASSED] - Text 'Hello1111111@' is set on object 'Object Repository/Login_Page/Login_Password_Okta'

2023-09-21 17:42:41 - [MESSAGE][PASSED] - Object: 'Object Repository/Login_Page/Login_Submit_Okta' is clicked on

2023-09-21 17:42:41 - [MESSAGE][PASSED] - adminSuiteBootstrap.loginFunctionality.login_AdminSuite is PASSED

2023-09-21 17:42:41 - [TEST_STEP][PASSED] - click(findTestObject(path_Dashboard + appName)): Object: 'Object Repository/AdminSuiteBootstrap_Pages/Dashboard_Bootstrap/a_Access AutoSingleCFtpQA' is clicked on

2023-09-21 17:42:48 - [MESSAGE][PASSED] - Object: 'Object Repository/AdminSuiteBootstrap_Pages/Dashboard_Bootstrap/a_Access AutoSingleCFtpQA' is clicked on

2023-09-21 17:42:48 - [TEST_STEP][PASSED] - click(findTestObject(path_VT + "a_Find Profile")): Object: 'Object Repository/AdminSuiteBootstrap_Pages/VT_Bootstrap/IssueTransactions/a_Find Profile' is clicked on

2023-09-21 17:42:48 - [MESSAGE][PASSED] - Object: 'Object Repository/AdminSuiteBootstrap_Pages/VT_Bootstrap/IssueTransactions/a_Find Profile' is clicked on

2023-09-21 17:42:48 - [TEST_STEP][PASSED] - criteria = <not implemented yet for class: org.codehaus.groovy.ast.expr.EmptyExpression>: null

2023-09-21 17:42:48 - [TEST_STEP][PASSED] - searchBy = <not implemented yet for class: org.codehaus.groovy.ast.expr.EmptyExpression>: null

2023-09-21 17:42:48 - [TEST_STEP][PASSED] - criteria = findTestData(dataFile).getValue("ProfileName", row): null

2023-09-21 17:42:48 - [TEST_STEP][PASSED] - path_SearchProfile = "Object Repository/AdminSuiteBootstrap_Pages/VSP_Bootstrap/SearchProfile/": null

2023-09-21 17:42:48 - [TEST_STEP][PASSED] - setText(findTestObject(path_SearchProfile + "input_Criteria"), criteria): Text 'PaymentsAmEx' is set on object 'Object Repository/AdminSuiteBootstrap_Pages/VSP_Bootstrap/SearchProfile/input_Criteria'

2023-09-21 17:42:49 - [MESSAGE][PASSED] - Text 'PaymentsAmEx' is set on object 'Object Repository/AdminSuiteBootstrap_Pages/VSP_Bootstrap/SearchProfile/input_Criteria'

2023-09-21 17:42:49 - [TEST_STEP][PASSED] - click(findTestObject(path_SearchProfile + "button_Search")): Object: 'Object Repository/AdminSuiteBootstrap_Pages/VSP_Bootstrap/SearchProfile/button_Search' is clicked on

2023-09-21 17:42:50 - [MESSAGE][PASSED] - Object: 'Object Repository/AdminSuiteBootstrap_Pages/VSP_Bootstrap/SearchProfile/button_Search' is clicked on

2023-09-21 17:42:50 - [TEST_STEP][PASSED] - profNameLink = findTestData(dataFile).getValue("ProfileNameLink", row): null

2023-09-21 17:42:50 - [TEST_STEP][PASSED] - click(findTestObject(path_ViewProfile + profNameLink)): Object: 'Object Repository/AdminSuiteBootstrap_Pages/VSP_Bootstrap/View Profile/a_PaymentsAmEx' is clicked on

2023-09-21 17:42:51 - [MESSAGE][PASSED] - Object: 'Object Repository/AdminSuiteBootstrap_Pages/VSP_Bootstrap/View Profile/a_PaymentsAmEx' is clicked on

2023-09-21 17:42:51 - [TEST_STEP][PASSED] - click(findTestObject(path_ViewProfile + "a_Auth")): Object: 'Object Repository/AdminSuiteBootstrap_Pages/VSP_Bootstrap/View Profile/a_Auth' is clicked on

2023-09-21 17:42:52 - [MESSAGE][PASSED] - Object: 'Object Repository/AdminSuiteBootstrap_Pages/VSP_Bootstrap/View Profile/a_Auth' is clicked on

2023-09-21 17:42:52 - [TEST_STEP][PASSED] - verifyTextPresent("Credit Card Authorization", true): Text 'Credit Card Authorization' is present on page  using regular expression

2023-09-21 17:42:53 - [MESSAGE][PASSED] - Text 'Credit Card Authorization' is present on page  using regular expression

2023-09-21 17:42:53 - [TEST_STEP][PASSED] - verifyTextPresent("Required fields are highlighted with an asterisk", true): Text 'Required fields are highlighted with an asterisk' is present on page  using regular expression

2023-09-21 17:42:54 - [MESSAGE][PASSED] - Text 'Required fields are highlighted with an asterisk' is present on page  using regular expression

2023-09-21 17:42:54 - [TEST_STEP][PASSED] - verifyTextPresent("Remittance ID", true): Text 'Remittance ID' is present on page  using regular expression

2023-09-21 17:42:54 - [MESSAGE][PASSED] - Text 'Remittance ID' is present on page  using regular expression

2023-09-21 17:42:54 - [TEST_STEP][PASSED] - vspBootstrap.SalePage.setDataSaleAndAuth(row, dataFile): vspBootstrap.SalePage.setDataSaleAndAuth is PASSED

2023-09-21 17:42:56 - [MESSAGE][PASSED] - All options with value 'RETL' are selected in object 'Object Repository/AdminSuiteBootstrap_Pages/VSP_Bootstrap/VSP_Authcap/select_TransactionCategory'  using regular expression

2023-09-21 17:42:56 - [MESSAGE][PASSED] - Text '1234' is set on object 'Object Repository/AdminSuiteBootstrap_Pages/VSP_Bootstrap/VSP_Authcap/input_cvv'

2023-09-21 17:42:57 - [MESSAGE][PASSED] - Text '' is set on object 'Object Repository/AdminSuiteBootstrap_Pages/VSP_Bootstrap/VSP_Authcap/input_smsNumber'

2023-09-21 17:42:58 - [MESSAGE][PASSED] - Text '2.50' is set on object 'Object Repository/AdminSuiteBootstrap_Pages/VSP_Bootstrap/VSP_Authcap/input_amount'

2023-09-21 17:42:59 - [MESSAGE][PASSED] - Text 'Delhi' is set on object 'Object Repository/AdminSuiteBootstrap_Pages/VSP_Bootstrap/VSP_Authcap/input_userDefined1'

2023-09-21 17:42:59 - [MESSAGE][PASSED] - Text 'Chennai' is set on object 'Object Repository/AdminSuiteBootstrap_Pages/VSP_Bootstrap/VSP_Authcap/input_userDefined2'

2023-09-21 17:43:00 - [MESSAGE][PASSED] - Text 'Mumbai' is set on object 'Object Repository/AdminSuiteBootstrap_Pages/VSP_Bootstrap/VSP_Authcap/input_userDefined3'

2023-09-21 17:43:01 - [MESSAGE][PASSED] - Text 'Kanpur' is set on object 'Object Repository/AdminSuiteBootstrap_Pages/VSP_Bootstrap/VSP_Authcap/input_userDefined4'

2023-09-21 17:43:01 - [MESSAGE][PASSED] - All options with label 'Orange' are selected in object 'Object Repository/AdminSuiteBootstrap_Pages/VSP_Bootstrap/VSP_Authcap/select_UDF5'  using regular expression

2023-09-21 17:43:02 - [MESSAGE][PASSED] - All options with label 'Yellow' are selected in object 'Object Repository/AdminSuiteBootstrap_Pages/VSP_Bootstrap/VSP_Authcap/select_UDF6'  using regular expression

2023-09-21 17:43:03 - [MESSAGE][PASSED] - Text 'Kolkata' is set on object 'Object Repository/AdminSuiteBootstrap_Pages/VSP_Bootstrap/VSP_Authcap/input_userDefined7'

2023-09-21 17:43:04 - [MESSAGE][PASSED] - Text 'Pune' is set on object 'Object Repository/AdminSuiteBootstrap_Pages/VSP_Bootstrap/VSP_Authcap/input_userDefined8'

2023-09-21 17:43:04 - [MESSAGE][PASSED] - Text 'Bhavnagar' is set on object 'Object Repository/AdminSuiteBootstrap_Pages/VSP_Bootstrap/VSP_Authcap/input_userDefined9'

2023-09-21 17:43:05 - [MESSAGE][PASSED] - Text 'Noida' is set on object 'Object Repository/AdminSuiteBootstrap_Pages/VSP_Bootstrap/VSP_Authcap/input_userDefined10'

2023-09-21 17:43:06 - [MESSAGE][PASSED] - Object: 'Object Repository/AdminSuiteBootstrap_Pages/VSP_Bootstrap/VSP_Authcap/button_Submit' is clicked on

2023-09-21 17:43:06 - [MESSAGE][PASSED] - vspBootstrap.SalePage.setDataSaleAndAuth is PASSED

2023-09-21 17:43:06 - [TEST_STEP][PASSED] - verifyTextPresent("Transaction Successful", true): Text 'Transaction Successful' is present on page  using regular expression

2023-09-21 17:43:07 - [MESSAGE][PASSED] - Text 'Transaction Successful' is present on page  using regular expression

2023-09-21 17:43:07 - [TEST_STEP][PASSED] - verifyElementVisible(findTestObject("Object Repository/AdminSuiteBootstrap_Pages/VT_Bootstrap/Receipt/button_Continue")): Object 'Object Repository/AdminSuiteBootstrap_Pages/VT_Bootstrap/Receipt/button_Continue' is visible

2023-09-21 17:43:07 - [MESSAGE][PASSED] - Object 'Object Repository/AdminSuiteBootstrap_Pages/VT_Bootstrap/Receipt/button_Continue' is visible

2023-09-21 17:43:07 - [TEST_STEP][PASSED] - verifyElementPresent(findTestObject("Object Repository/AdminSuiteBootstrap_Pages/VT_Bootstrap/Receipt/button_Continue"), 20): Object 'Object Repository/AdminSuiteBootstrap_Pages/VT_Bootstrap/Receipt/button_Continue' is present

2023-09-21 17:43:07 - [MESSAGE][PASSED] - Object 'Object Repository/AdminSuiteBootstrap_Pages/VT_Bootstrap/Receipt/button_Continue' is present

2023-09-21 17:43:07 - [TEST_STEP][PASSED] - verifyElementVisible(findTestObject("Object Repository/AdminSuiteBootstrap_Pages/VT_Bootstrap/Receipt/button_Print")): Object 'Object Repository/AdminSuiteBootstrap_Pages/VT_Bootstrap/Receipt/button_Print' is visible

2023-09-21 17:43:08 - [MESSAGE][PASSED] - Object 'Object Repository/AdminSuiteBootstrap_Pages/VT_Bootstrap/Receipt/button_Print' is visible

2023-09-21 17:43:08 - [TEST_STEP][PASSED] - verifyElementPresent(findTestObject("Object Repository/AdminSuiteBootstrap_Pages/VT_Bootstrap/Receipt/button_Print"), 20): Object 'Object Repository/AdminSuiteBootstrap_Pages/VT_Bootstrap/Receipt/button_Print' is present

2023-09-21 17:43:08 - [MESSAGE][PASSED] - Object 'Object Repository/AdminSuiteBootstrap_Pages/VT_Bootstrap/Receipt/button_Print' is present

2023-09-21 17:43:08 - [TEST_STEP][PASSED] - verifyTextPresent("Remittance ID", true): Text 'Remittance ID' is present on page  using regular expression

2023-09-21 17:43:08 - [MESSAGE][PASSED] - Text 'Remittance ID' is present on page  using regular expression

2023-09-21 17:43:08 - [TEST_STEP][PASSED] - verifyTextPresent("Received", true): Text 'Received' is present on page  using regular expression

2023-09-21 17:43:09 - [MESSAGE][PASSED] - Text 'Received' is present on page  using regular expression

2023-09-21 17:43:09 - [TEST_STEP][PASSED] - verifyTextPresent("UDF1", true): Text 'UDF1' is present on page  using regular expression

2023-09-21 17:43:09 - [MESSAGE][PASSED] - Text 'UDF1' is present on page  using regular expression

2023-09-21 17:43:09 - [TEST_STEP][PASSED] - verifyTextPresent("UDF2", true): Text 'UDF2' is present on page  using regular expression

2023-09-21 17:43:09 - [MESSAGE][PASSED] - Text 'UDF2' is present on page  using regular expression

2023-09-21 17:43:09 - [TEST_STEP][PASSED] - verifyTextPresent("UDF3", true): Text 'UDF3' is present on page  using regular expression

2023-09-21 17:43:10 - [MESSAGE][PASSED] - Text 'UDF3' is present on page  using regular expression

2023-09-21 17:43:10 - [TEST_STEP][PASSED] - verifyTextPresent("UDF4", true): Text 'UDF4' is present on page  using regular expression

2023-09-21 17:43:10 - [MESSAGE][PASSED] - Text 'UDF4' is present on page  using regular expression

2023-09-21 17:43:10 - [TEST_STEP][PASSED] - verifyTextPresent("UDF5", true): Text 'UDF5' is present on page  using regular expression

2023-09-21 17:43:10 - [MESSAGE][PASSED] - Text 'UDF5' is present on page  using regular expression

2023-09-21 17:43:10 - [TEST_STEP][PASSED] - verifyTextPresent("UDF6", true): Text 'UDF6' is present on page  using regular expression

2023-09-21 17:43:10 - [MESSAGE][PASSED] - Text 'UDF6' is present on page  using regular expression

2023-09-21 17:43:10 - [TEST_STEP][PASSED] - verifyTextPresent("UDF7", true): Text 'UDF7' is present on page  using regular expression

2023-09-21 17:43:11 - [MESSAGE][PASSED] - Text 'UDF7' is present on page  using regular expression

2023-09-21 17:43:11 - [TEST_STEP][PASSED] - verifyTextPresent("UDF8", true): Text 'UDF8' is present on page  using regular expression

2023-09-21 17:43:11 - [MESSAGE][PASSED] - Text 'UDF8' is present on page  using regular expression

2023-09-21 17:43:11 - [TEST_STEP][PASSED] - verifyTextPresent("UDF9", true): Text 'UDF9' is present on page  using regular expression

2023-09-21 17:43:11 - [MESSAGE][PASSED] - Text 'UDF9' is present on page  using regular expression

2023-09-21 17:43:11 - [TEST_STEP][PASSED] - verifyTextPresent("UDF 10", true): Text 'UDF 10' is present on page  using regular expression

2023-09-21 17:43:12 - [MESSAGE][PASSED] - Text 'UDF 10' is present on page  using regular expression

2023-09-21 17:43:12 - [TEST_STEP][PASSED] - verifyTextPresent("Delhi", true): Text 'Delhi' is present on page  using regular expression

2023-09-21 17:43:12 - [MESSAGE][PASSED] - Text 'Delhi' is present on page  using regular expression

2023-09-21 17:43:12 - [TEST_STEP][PASSED] - verifyTextPresent("Chennai", true): Text 'Chennai' is present on page  using regular expression

2023-09-21 17:43:12 - [MESSAGE][PASSED] - Text 'Chennai' is present on page  using regular expression

2023-09-21 17:43:12 - [TEST_STEP][PASSED] - verifyTextPresent("Mumbai", true): Text 'Mumbai' is present on page  using regular expression

2023-09-21 17:43:13 - [MESSAGE][PASSED] - Text 'Mumbai' is present on page  using regular expression

2023-09-21 17:43:13 - [TEST_STEP][PASSED] - verifyTextPresent("Kanpur", true): Text 'Kanpur' is present on page  using regular expression

2023-09-21 17:43:13 - [MESSAGE][PASSED] - Text 'Kanpur' is present on page  using regular expression

2023-09-21 17:43:13 - [TEST_STEP][PASSED] - verifyTextPresent("Orange Recorded", true): Text 'Orange Recorded' is present on page  using regular expression

2023-09-21 17:43:13 - [MESSAGE][PASSED] - Text 'Orange Recorded' is present on page  using regular expression

2023-09-21 17:43:13 - [TEST_STEP][PASSED] - verifyTextPresent("Yellow Recorded", true): Text 'Yellow Recorded' is present on page  using regular expression

2023-09-21 17:43:13 - [MESSAGE][PASSED] - Text 'Yellow Recorded' is present on page  using regular expression

2023-09-21 17:43:13 - [TEST_STEP][PASSED] - verifyTextPresent("Kolkata", true): Text 'Kolkata' is present on page  using regular expression

2023-09-21 17:43:14 - [MESSAGE][PASSED] - Text 'Kolkata' is present on page  using regular expression

2023-09-21 17:43:14 - [TEST_STEP][PASSED] - verifyTextPresent("Pune", true): Text 'Pune' is present on page  using regular expression

2023-09-21 17:43:14 - [MESSAGE][PASSED] - Text 'Pune' is present on page  using regular expression

2023-09-21 17:43:14 - [TEST_STEP][PASSED] - verifyTextPresent("Bhavnagar", true): Text 'Bhavnagar' is present on page  using regular expression

2023-09-21 17:43:14 - [MESSAGE][PASSED] - Text 'Bhavnagar' is present on page  using regular expression

2023-09-21 17:43:14 - [TEST_STEP][PASSED] - verifyTextPresent("Noida", true): Text 'Noida' is present on page  using regular expression

2023-09-21 17:43:15 - [MESSAGE][PASSED] - Text 'Noida' is present on page  using regular expression

2023-09-21 17:43:15 - [TEST_STEP][PASSED] - verifyTextPresent("Amount", true): Text 'Amount' is present on page  using regular expression

2023-09-21 17:43:15 - [MESSAGE][PASSED] - Text 'Amount' is present on page  using regular expression

2023-09-21 17:43:15 - [TEST_STEP][PASSED] - verifyTextPresent("2.50", true): Text '2.50' is present on page  using regular expression

2023-09-21 17:43:15 - [MESSAGE][PASSED] - Text '2.50' is present on page  using regular expression

2023-09-21 17:43:15 - [TEST_STEP][PASSED] - verifyTextPresent("Authorization", true): Text 'Authorization' is present on page  using regular expression

2023-09-21 17:43:16 - [MESSAGE][PASSED] - Text 'Authorization' is present on page  using regular expression

2023-09-21 17:43:16 - [TEST_STEP][PASSED] - verifyTextPresent("Card Information", true): Text 'Card Information' is present on page  using regular expression

2023-09-21 17:43:16 - [MESSAGE][PASSED] - Text 'Card Information' is present on page  using regular expression

2023-09-21 17:43:16 - [TEST_STEP][PASSED] - verifyTextPresent("TANDON RAVENA", true): Text 'TANDON RAVENA' is present on page  using regular expression

2023-09-21 17:43:16 - [MESSAGE][PASSED] - Text 'TANDON RAVENA' is present on page  using regular expression

2023-09-21 17:43:16 - [TEST_STEP][PASSED] - verifyTextPresent("Address Line 1", true): Text 'Address Line 1' is present on page  using regular expression

2023-09-21 17:43:16 - [MESSAGE][PASSED] - Text 'Address Line 1' is present on page  using regular expression

2023-09-21 17:43:16 - [TEST_STEP][PASSED] - verifyTextPresent("Address Line 2", true): Text 'Address Line 2' is present on page  using regular expression

2023-09-21 17:43:17 - [MESSAGE][PASSED] - Text 'Address Line 2' is present on page  using regular expression

2023-09-21 17:43:17 - [TEST_STEP][PASSED] - verifyTextPresent("Country", true): Text 'Country' is present on page  using regular expression

2023-09-21 17:43:17 - [MESSAGE][PASSED] - Text 'Country' is present on page  using regular expression

2023-09-21 17:43:17 - [TEST_STEP][PASSED] - verifyTextPresent("City", true): Text 'City' is present on page  using regular expression

2023-09-21 17:43:17 - [MESSAGE][PASSED] - Text 'City' is present on page  using regular expression

2023-09-21 17:43:17 - [TEST_STEP][PASSED] - verifyTextPresent("State", true): Text 'State' is present on page  using regular expression

2023-09-21 17:43:18 - [MESSAGE][PASSED] - Text 'State' is present on page  using regular expression

2023-09-21 17:43:18 - [TEST_STEP][PASSED] - verifyTextPresent("ZIP Code", true): Text 'ZIP Code' is present on page  using regular expression

2023-09-21 17:43:18 - [MESSAGE][PASSED] - Text 'ZIP Code' is present on page  using regular expression

2023-09-21 17:43:18 - [TEST_STEP][PASSED] - verifyTextPresent("248 PhoolKaante road", true): Text '248 PhoolKaante road' is present on page  using regular expression

2023-09-21 17:43:18 - [MESSAGE][PASSED] - Text '248 PhoolKaante road' is present on page  using regular expression

2023-09-21 17:43:18 - [TEST_STEP][PASSED] - verifyTextPresent("Suite 678", true): Text 'Suite 678' is present on page  using regular expression

2023-09-21 17:43:19 - [MESSAGE][PASSED] - Text 'Suite 678' is present on page  using regular expression

2023-09-21 17:43:19 - [TEST_STEP][PASSED] - verifyTextPresent("United States", true): Text 'United States' is present on page  using regular expression

2023-09-21 17:43:19 - [MESSAGE][PASSED] - Text 'United States' is present on page  using regular expression

2023-09-21 17:43:19 - [TEST_STEP][PASSED] - verifyTextPresent("ARLINGTON", true): Text 'ARLINGTON' is present on page  using regular expression

2023-09-21 17:43:19 - [MESSAGE][PASSED] - Text 'ARLINGTON' is present on page  using regular expression

2023-09-21 17:43:19 - [TEST_STEP][PASSED] - verifyTextPresent("VA", true): Text 'VA' is present on page  using regular expression

2023-09-21 17:43:19 - [MESSAGE][PASSED] - Text 'VA' is present on page  using regular expression

2023-09-21 17:43:19 - [TEST_STEP][PASSED] - verifyTextPresent("22201", true): Text '22201' is present on page  using regular expression

2023-09-21 17:43:20 - [MESSAGE][PASSED] - Text '22201' is present on page  using regular expression

2023-09-21 17:43:20 - [TEST_STEP][PASSED] - cardTypeV = findTestData(dataFile).getValue("CardType", row): null

2023-09-21 17:43:20 - [TEST_STEP][PASSED] - last4V = findTestData(dataFile).getValue("Last4", row): null

2023-09-21 17:43:20 - [TEST_STEP][PASSED] - verifyTextPresent(cardTypeV, true): Text 'American Express' is present on page  using regular expression

2023-09-21 17:43:20 - [MESSAGE][PASSED] - Text 'American Express' is present on page  using regular expression

2023-09-21 17:43:20 - [TEST_STEP][PASSED] - verifyTextPresent(last4V, true): Text '2376' is present on page  using regular expression

2023-09-21 17:43:20 - [MESSAGE][PASSED] - Text '2376' is present on page  using regular expression

2023-09-21 17:43:20 - [TEST_STEP][PASSED] - switch (appName): null

2023-09-21 17:43:20 - [TEST_STEP][PASSED] - case "a_Access AutoSingleCFtpQA":: null

2023-09-21 17:43:20 - [TEST_STEP][PASSED] - verifyTextPresent("5.00", true): Text '5.00' is present on page  using regular expression

2023-09-21 17:43:21 - [MESSAGE][PASSED] - Text '5.00' is present on page  using regular expression

2023-09-21 17:43:21 - [TEST_STEP][PASSED] - verifyTextPresent("Single Transaction", true): Text 'Single Transaction' is present on page  using regular expression

2023-09-21 17:43:21 - [MESSAGE][PASSED] - Text 'Single Transaction' is present on page  using regular expression

2023-09-21 17:43:21 - [TEST_STEP][PASSED] - verifyTextPresent("7.50", true): Text '7.50' is present on page  using regular expression

2023-09-21 17:43:21 - [MESSAGE][PASSED] - Text '7.50' is present on page  using regular expression

2023-09-21 17:43:21 - [TEST_STEP][PASSED] - verifyTextPresent("Total Amount", true): Text 'Total Amount' is present on page  using regular expression

2023-09-21 17:43:22 - [MESSAGE][PASSED] - Text 'Total Amount' is present on page  using regular expression

2023-09-21 17:43:22 - [TEST_STEP][PASSED] - verifyTextPresent("Transaction Type", true): Text 'Transaction Type' is present on page  using regular expression

2023-09-21 17:43:22 - [MESSAGE][PASSED] - Text 'Transaction Type' is present on page  using regular expression

2023-09-21 17:43:22 - [TEST_STEP][PASSED] - break: null

2023-09-21 17:43:22 - [TEST_STEP][PASSED] - closeBrowser(): Browser is closed

2023-09-21 17:43:23 - [MESSAGE][PASSED] - Browser is closed

2023-09-21 17:43:23 - [TEST_STEP][PASSED] - ExecuteTC = findTestData(dataFile).getValue("Execute", row): null

2023-09-21 17:43:23 - [TEST_STEP][PASSED] - out.println("Value of Execute is : " + ExecuteTC): null

2023-09-21 17:43:23 - [TEST_STEP][PASSED] - switch (executionProfile): null

2023-09-21 17:43:23 - [TEST_STEP][PASSED] - case "QA2Profile":: null

2023-09-21 17:43:23 - [TEST_STEP][PASSED] - appName = findTestData(dataFile).getValue("AppNameQA", row): null

2023-09-21 17:43:23 - [TEST_STEP][PASSED] - appID = findTestData(dataFile).getValue("AppIDQA", row): null

2023-09-21 17:43:23 - [TEST_STEP][PASSED] - break: null

2023-09-21 17:43:23 - [TEST_STEP][PASSED] - if (ExecuteTC.equalsIgnoreCase("Y")): null

2023-09-21 17:43:23 - [TEST_STEP][PASSED] - out.println("Begin Record Number: " + row): null

2023-09-21 17:43:23 - [TEST_STEP][PASSED] - today = new java.util.Date(): null

2023-09-21 17:43:23 - [TEST_STEP][PASSED] - println(today): null

2023-09-21 17:43:23 - [TEST_STEP][PASSED] - datText = today: null

2023-09-21 17:43:23 - [TEST_STEP][PASSED] - adminSuiteBootstrap.loginFunctionality.login_AdminSuite(): adminSuiteBootstrap.loginFunctionality.login_AdminSuite is PASSED

2023-09-21 17:43:23 - [MESSAGE][INFO] - Starting 'Chrome' driver

2023-09-21 17:43:23 - [MESSAGE][INFO] - User set preference: ['acceptInsecureCerts', 'true']

2023-09-21 17:43:23 - [MESSAGE][INFO] - Action delay is set to 0 milliseconds

2023-09-21 17:43:26 - [MESSAGE][PASSED] - Browser is opened with url: 'https://qa2.velocitypayment.com/admin/imtiaz'

2023-09-21 17:43:26 - [MESSAGE][PASSED] - Current window maximized

2023-09-21 17:43:26 - [MESSAGE][PASSED] - Object 'Object Repository/Login_Page/Login_Username_Okta' is present

2023-09-21 17:43:27 - [MESSAGE][PASSED] - Text 'iahmed' is set on object 'Object Repository/Login_Page/Login_Username_Okta'

2023-09-21 17:43:28 - [MESSAGE][PASSED] - Text 'Hello1111111@' is set on object 'Object Repository/Login_Page/Login_Password_Okta'

2023-09-21 17:43:28 - [MESSAGE][PASSED] - Object: 'Object Repository/Login_Page/Login_Submit_Okta' is clicked on

2023-09-21 17:43:28 - [MESSAGE][PASSED] - adminSuiteBootstrap.loginFunctionality.login_AdminSuite is PASSED

2023-09-21 17:43:28 - [TEST_STEP][PASSED] - click(findTestObject(path_Dashboard + appName)): Object: 'Object Repository/AdminSuiteBootstrap_Pages/Dashboard_Bootstrap/a_Access AutoSingleCFtpQA' is clicked on

2023-09-21 17:43:37 - [MESSAGE][PASSED] - Object: 'Object Repository/AdminSuiteBootstrap_Pages/Dashboard_Bootstrap/a_Access AutoSingleCFtpQA' is clicked on

2023-09-21 17:43:37 - [TEST_STEP][PASSED] - click(findTestObject(path_VT + "a_Find Profile")): Object: 'Object Repository/AdminSuiteBootstrap_Pages/VT_Bootstrap/IssueTransactions/a_Find Profile' is clicked on

2023-09-21 17:43:37 - [MESSAGE][PASSED] - Object: 'Object Repository/AdminSuiteBootstrap_Pages/VT_Bootstrap/IssueTransactions/a_Find Profile' is clicked on

2023-09-21 17:43:37 - [TEST_STEP][PASSED] - criteria = <not implemented yet for class: org.codehaus.groovy.ast.expr.EmptyExpression>: null

2023-09-21 17:43:37 - [TEST_STEP][PASSED] - searchBy = <not implemented yet for class: org.codehaus.groovy.ast.expr.EmptyExpression>: null

2023-09-21 17:43:37 - [TEST_STEP][PASSED] - criteria = findTestData(dataFile).getValue("ProfileName", row): null

2023-09-21 17:43:37 - [TEST_STEP][PASSED] - path_SearchProfile = "Object Repository/AdminSuiteBootstrap_Pages/VSP_Bootstrap/SearchProfile/": null

2023-09-21 17:43:37 - [TEST_STEP][PASSED] - setText(findTestObject(path_SearchProfile + "input_Criteria"), criteria): Text 'PaymentsDI' is set on object 'Object Repository/AdminSuiteBootstrap_Pages/VSP_Bootstrap/SearchProfile/input_Criteria'

2023-09-21 17:43:38 - [MESSAGE][PASSED] - Text 'PaymentsDI' is set on object 'Object Repository/AdminSuiteBootstrap_Pages/VSP_Bootstrap/SearchProfile/input_Criteria'

2023-09-21 17:43:38 - [TEST_STEP][PASSED] - click(findTestObject(path_SearchProfile + "button_Search")): Object: 'Object Repository/AdminSuiteBootstrap_Pages/VSP_Bootstrap/SearchProfile/button_Search' is clicked on

2023-09-21 17:43:39 - [MESSAGE][PASSED] - Object: 'Object Repository/AdminSuiteBootstrap_Pages/VSP_Bootstrap/SearchProfile/button_Search' is clicked on

2023-09-21 17:43:39 - [TEST_STEP][PASSED] - profNameLink = findTestData(dataFile).getValue("ProfileNameLink", row): null

2023-09-21 17:43:39 - [TEST_STEP][PASSED] - click(findTestObject(path_ViewProfile + profNameLink)): Object: 'Object Repository/AdminSuiteBootstrap_Pages/VSP_Bootstrap/View Profile/a_PaymentsDI' is clicked on

2023-09-21 17:43:41 - [MESSAGE][PASSED] - Object: 'Object Repository/AdminSuiteBootstrap_Pages/VSP_Bootstrap/View Profile/a_PaymentsDI' is clicked on

2023-09-21 17:43:41 - [TEST_STEP][PASSED] - click(findTestObject(path_ViewProfile + "a_Auth")): Object: 'Object Repository/AdminSuiteBootstrap_Pages/VSP_Bootstrap/View Profile/a_Auth' is clicked on

2023-09-21 17:43:43 - [MESSAGE][PASSED] - Object: 'Object Repository/AdminSuiteBootstrap_Pages/VSP_Bootstrap/View Profile/a_Auth' is clicked on

2023-09-21 17:43:43 - [TEST_STEP][PASSED] - verifyTextPresent("Credit Card Authorization", true): Text 'Credit Card Authorization' is present on page  using regular expression

2023-09-21 17:43:43 - [MESSAGE][PASSED] - Text 'Credit Card Authorization' is present on page  using regular expression

2023-09-21 17:43:43 - [TEST_STEP][PASSED] - verifyTextPresent("Required fields are highlighted with an asterisk", true): Text 'Required fields are highlighted with an asterisk' is present on page  using regular expression

2023-09-21 17:43:44 - [MESSAGE][PASSED] - Text 'Required fields are highlighted with an asterisk' is present on page  using regular expression

2023-09-21 17:43:44 - [TEST_STEP][PASSED] - verifyTextPresent("Remittance ID", true): Text 'Remittance ID' is present on page  using regular expression

2023-09-21 17:43:44 - [MESSAGE][PASSED] - Text 'Remittance ID' is present on page  using regular expression

2023-09-21 17:43:44 - [TEST_STEP][PASSED] - vspBootstrap.SalePage.setDataSaleAndAuth(row, dataFile): vspBootstrap.SalePage.setDataSaleAndAuth is PASSED

2023-09-21 17:43:45 - [MESSAGE][PASSED] - All options with value 'RETL' are selected in object 'Object Repository/AdminSuiteBootstrap_Pages/VSP_Bootstrap/VSP_Authcap/select_TransactionCategory'  using regular expression

2023-09-21 17:43:46 - [MESSAGE][PASSED] - Text '123' is set on object 'Object Repository/AdminSuiteBootstrap_Pages/VSP_Bootstrap/VSP_Authcap/input_cvv'

2023-09-21 17:43:47 - [MESSAGE][PASSED] - Text '' is set on object 'Object Repository/AdminSuiteBootstrap_Pages/VSP_Bootstrap/VSP_Authcap/input_smsNumber'

2023-09-21 17:43:47 - [MESSAGE][PASSED] - Text '2.50' is set on object 'Object Repository/AdminSuiteBootstrap_Pages/VSP_Bootstrap/VSP_Authcap/input_amount'

2023-09-21 17:43:49 - [MESSAGE][PASSED] - Text 'Delhi' is set on object 'Object Repository/AdminSuiteBootstrap_Pages/VSP_Bootstrap/VSP_Authcap/input_userDefined1'

2023-09-21 17:43:49 - [MESSAGE][PASSED] - Text 'Chennai' is set on object 'Object Repository/AdminSuiteBootstrap_Pages/VSP_Bootstrap/VSP_Authcap/input_userDefined2'

2023-09-21 17:43:50 - [MESSAGE][PASSED] - Text 'Mumbai' is set on object 'Object Repository/AdminSuiteBootstrap_Pages/VSP_Bootstrap/VSP_Authcap/input_userDefined3'

2023-09-21 17:43:50 - [MESSAGE][PASSED] - Text 'Kanpur' is set on object 'Object Repository/AdminSuiteBootstrap_Pages/VSP_Bootstrap/VSP_Authcap/input_userDefined4'

2023-09-21 17:43:51 - [MESSAGE][PASSED] - All options with label 'Orange' are selected in object 'Object Repository/AdminSuiteBootstrap_Pages/VSP_Bootstrap/VSP_Authcap/select_UDF5'  using regular expression

2023-09-21 17:43:52 - [MESSAGE][PASSED] - All options with label 'Yellow' are selected in object 'Object Repository/AdminSuiteBootstrap_Pages/VSP_Bootstrap/VSP_Authcap/select_UDF6'  using regular expression

2023-09-21 17:43:53 - [MESSAGE][PASSED] - Text 'Kolkata' is set on object 'Object Repository/AdminSuiteBootstrap_Pages/VSP_Bootstrap/VSP_Authcap/input_userDefined7'

2023-09-21 17:43:53 - [MESSAGE][PASSED] - Text 'Pune' is set on object 'Object Repository/AdminSuiteBootstrap_Pages/VSP_Bootstrap/VSP_Authcap/input_userDefined8'

2023-09-21 17:43:54 - [MESSAGE][PASSED] - Text 'Bhavnagar' is set on object 'Object Repository/AdminSuiteBootstrap_Pages/VSP_Bootstrap/VSP_Authcap/input_userDefined9'

2023-09-21 17:43:55 - [MESSAGE][PASSED] - Text 'Noida' is set on object 'Object Repository/AdminSuiteBootstrap_Pages/VSP_Bootstrap/VSP_Authcap/input_userDefined10'

2023-09-21 17:43:56 - [MESSAGE][PASSED] - Object: 'Object Repository/AdminSuiteBootstrap_Pages/VSP_Bootstrap/VSP_Authcap/button_Submit' is clicked on

2023-09-21 17:43:56 - [MESSAGE][PASSED] - vspBootstrap.SalePage.setDataSaleAndAuth is PASSED

2023-09-21 17:43:56 - [TEST_STEP][PASSED] - verifyTextPresent("Transaction Successful", true): Text 'Transaction Successful' is present on page  using regular expression

2023-09-21 17:43:57 - [MESSAGE][PASSED] - Text 'Transaction Successful' is present on page  using regular expression

2023-09-21 17:43:57 - [TEST_STEP][PASSED] - verifyElementVisible(findTestObject("Object Repository/AdminSuiteBootstrap_Pages/VT_Bootstrap/Receipt/button_Continue")): Object 'Object Repository/AdminSuiteBootstrap_Pages/VT_Bootstrap/Receipt/button_Continue' is visible

2023-09-21 17:43:57 - [MESSAGE][PASSED] - Object 'Object Repository/AdminSuiteBootstrap_Pages/VT_Bootstrap/Receipt/button_Continue' is visible

2023-09-21 17:43:57 - [TEST_STEP][PASSED] - verifyElementPresent(findTestObject("Object Repository/AdminSuiteBootstrap_Pages/VT_Bootstrap/Receipt/button_Continue"), 20): Object 'Object Repository/AdminSuiteBootstrap_Pages/VT_Bootstrap/Receipt/button_Continue' is present

2023-09-21 17:43:57 - [MESSAGE][PASSED] - Object 'Object Repository/AdminSuiteBootstrap_Pages/VT_Bootstrap/Receipt/button_Continue' is present

2023-09-21 17:43:57 - [TEST_STEP][PASSED] - verifyElementVisible(findTestObject("Object Repository/AdminSuiteBootstrap_Pages/VT_Bootstrap/Receipt/button_Print")): Object 'Object Repository/AdminSuiteBootstrap_Pages/VT_Bootstrap/Receipt/button_Print' is visible

2023-09-21 17:43:58 - [MESSAGE][PASSED] - Object 'Object Repository/AdminSuiteBootstrap_Pages/VT_Bootstrap/Receipt/button_Print' is visible

2023-09-21 17:43:58 - [TEST_STEP][PASSED] - verifyElementPresent(findTestObject("Object Repository/AdminSuiteBootstrap_Pages/VT_Bootstrap/Receipt/button_Print"), 20): Object 'Object Repository/AdminSuiteBootstrap_Pages/VT_Bootstrap/Receipt/button_Print' is present

2023-09-21 17:43:58 - [MESSAGE][PASSED] - Object 'Object Repository/AdminSuiteBootstrap_Pages/VT_Bootstrap/Receipt/button_Print' is present

2023-09-21 17:43:58 - [TEST_STEP][PASSED] - verifyTextPresent("Remittance ID", true): Text 'Remittance ID' is present on page  using regular expression

2023-09-21 17:43:58 - [MESSAGE][PASSED] - Text 'Remittance ID' is present on page  using regular expression

2023-09-21 17:43:58 - [TEST_STEP][PASSED] - verifyTextPresent("Received", true): Text 'Received' is present on page  using regular expression

2023-09-21 17:43:59 - [MESSAGE][PASSED] - Text 'Received' is present on page  using regular expression

2023-09-21 17:43:59 - [TEST_STEP][PASSED] - verifyTextPresent("UDF1", true): Text 'UDF1' is present on page  using regular expression

2023-09-21 17:43:59 - [MESSAGE][PASSED] - Text 'UDF1' is present on page  using regular expression

2023-09-21 17:43:59 - [TEST_STEP][PASSED] - verifyTextPresent("UDF2", true): Text 'UDF2' is present on page  using regular expression

2023-09-21 17:43:59 - [MESSAGE][PASSED] - Text 'UDF2' is present on page  using regular expression

2023-09-21 17:43:59 - [TEST_STEP][PASSED] - verifyTextPresent("UDF3", true): Text 'UDF3' is present on page  using regular expression

2023-09-21 17:43:59 - [MESSAGE][PASSED] - Text 'UDF3' is present on page  using regular expression

2023-09-21 17:43:59 - [TEST_STEP][PASSED] - verifyTextPresent("UDF4", true): Text 'UDF4' is present on page  using regular expression

2023-09-21 17:44:00 - [MESSAGE][PASSED] - Text 'UDF4' is present on page  using regular expression

2023-09-21 17:44:00 - [TEST_STEP][PASSED] - verifyTextPresent("UDF5", true): Text 'UDF5' is present on page  using regular expression

2023-09-21 17:44:00 - [MESSAGE][PASSED] - Text 'UDF5' is present on page  using regular expression

2023-09-21 17:44:00 - [TEST_STEP][PASSED] - verifyTextPresent("UDF6", true): Text 'UDF6' is present on page  using regular expression

2023-09-21 17:44:00 - [MESSAGE][PASSED] - Text 'UDF6' is present on page  using regular expression

2023-09-21 17:44:00 - [TEST_STEP][PASSED] - verifyTextPresent("UDF7", true): Text 'UDF7' is present on page  using regular expression

2023-09-21 17:44:01 - [MESSAGE][PASSED] - Text 'UDF7' is present on page  using regular expression

2023-09-21 17:44:01 - [TEST_STEP][PASSED] - verifyTextPresent("UDF8", true): Text 'UDF8' is present on page  using regular expression

2023-09-21 17:44:01 - [MESSAGE][PASSED] - Text 'UDF8' is present on page  using regular expression

2023-09-21 17:44:01 - [TEST_STEP][PASSED] - verifyTextPresent("UDF9", true): Text 'UDF9' is present on page  using regular expression

2023-09-21 17:44:01 - [MESSAGE][PASSED] - Text 'UDF9' is present on page  using regular expression

2023-09-21 17:44:01 - [TEST_STEP][PASSED] - verifyTextPresent("UDF 10", true): Text 'UDF 10' is present on page  using regular expression

2023-09-21 17:44:02 - [MESSAGE][PASSED] - Text 'UDF 10' is present on page  using regular expression

2023-09-21 17:44:02 - [TEST_STEP][PASSED] - verifyTextPresent("Delhi", true): Text 'Delhi' is present on page  using regular expression

2023-09-21 17:44:02 - [MESSAGE][PASSED] - Text 'Delhi' is present on page  using regular expression

2023-09-21 17:44:02 - [TEST_STEP][PASSED] - verifyTextPresent("Chennai", true): Text 'Chennai' is present on page  using regular expression

2023-09-21 17:44:02 - [MESSAGE][PASSED] - Text 'Chennai' is present on page  using regular expression

2023-09-21 17:44:02 - [TEST_STEP][PASSED] - verifyTextPresent("Mumbai", true): Text 'Mumbai' is present on page  using regular expression

2023-09-21 17:44:02 - [MESSAGE][PASSED] - Text 'Mumbai' is present on page  using regular expression

2023-09-21 17:44:02 - [TEST_STEP][PASSED] - verifyTextPresent("Kanpur", true): Text 'Kanpur' is present on page  using regular expression

2023-09-21 17:44:03 - [MESSAGE][PASSED] - Text 'Kanpur' is present on page  using regular expression

2023-09-21 17:44:03 - [TEST_STEP][PASSED] - verifyTextPresent("Orange Recorded", true): Text 'Orange Recorded' is present on page  using regular expression

2023-09-21 17:44:03 - [MESSAGE][PASSED] - Text 'Orange Recorded' is present on page  using regular expression

2023-09-21 17:44:03 - [TEST_STEP][PASSED] - verifyTextPresent("Yellow Recorded", true): Text 'Yellow Recorded' is present on page  using regular expression

2023-09-21 17:44:03 - [MESSAGE][PASSED] - Text 'Yellow Recorded' is present on page  using regular expression

2023-09-21 17:44:03 - [TEST_STEP][PASSED] - verifyTextPresent("Kolkata", true): Text 'Kolkata' is present on page  using regular expression

2023-09-21 17:44:04 - [MESSAGE][PASSED] - Text 'Kolkata' is present on page  using regular expression

2023-09-21 17:44:04 - [TEST_STEP][PASSED] - verifyTextPresent("Pune", true): Text 'Pune' is present on page  using regular expression

2023-09-21 17:44:04 - [MESSAGE][PASSED] - Text 'Pune' is present on page  using regular expression

2023-09-21 17:44:04 - [TEST_STEP][PASSED] - verifyTextPresent("Bhavnagar", true): Text 'Bhavnagar' is present on page  using regular expression

2023-09-21 17:44:04 - [MESSAGE][PASSED] - Text 'Bhavnagar' is present on page  using regular expression

2023-09-21 17:44:04 - [TEST_STEP][PASSED] - verifyTextPresent("Noida", true): Text 'Noida' is present on page  using regular expression

2023-09-21 17:44:05 - [MESSAGE][PASSED] - Text 'Noida' is present on page  using regular expression

2023-09-21 17:44:05 - [TEST_STEP][PASSED] - verifyTextPresent("Amount", true): Text 'Amount' is present on page  using regular expression

2023-09-21 17:44:05 - [MESSAGE][PASSED] - Text 'Amount' is present on page  using regular expression

2023-09-21 17:44:05 - [TEST_STEP][PASSED] - verifyTextPresent("2.50", true): Text '2.50' is present on page  using regular expression

2023-09-21 17:44:05 - [MESSAGE][PASSED] - Text '2.50' is present on page  using regular expression

2023-09-21 17:44:05 - [TEST_STEP][PASSED] - verifyTextPresent("Authorization", true): Text 'Authorization' is present on page  using regular expression

2023-09-21 17:44:05 - [MESSAGE][PASSED] - Text 'Authorization' is present on page  using regular expression

2023-09-21 17:44:05 - [TEST_STEP][PASSED] - verifyTextPresent("Card Information", true): Text 'Card Information' is present on page  using regular expression

2023-09-21 17:44:06 - [MESSAGE][PASSED] - Text 'Card Information' is present on page  using regular expression

2023-09-21 17:44:06 - [TEST_STEP][PASSED] - verifyTextPresent("TANDON RAVENA", true): Text 'TANDON RAVENA' is present on page  using regular expression

2023-09-21 17:44:06 - [MESSAGE][PASSED] - Text 'TANDON RAVENA' is present on page  using regular expression

2023-09-21 17:44:06 - [TEST_STEP][PASSED] - verifyTextPresent("Address Line 1", true): Text 'Address Line 1' is present on page  using regular expression

2023-09-21 17:44:06 - [MESSAGE][PASSED] - Text 'Address Line 1' is present on page  using regular expression

2023-09-21 17:44:06 - [TEST_STEP][PASSED] - verifyTextPresent("Address Line 2", true): Text 'Address Line 2' is present on page  using regular expression

2023-09-21 17:44:07 - [MESSAGE][PASSED] - Text 'Address Line 2' is present on page  using regular expression

2023-09-21 17:44:07 - [TEST_STEP][PASSED] - verifyTextPresent("Country", true): Text 'Country' is present on page  using regular expression

2023-09-21 17:44:07 - [MESSAGE][PASSED] - Text 'Country' is present on page  using regular expression

2023-09-21 17:44:07 - [TEST_STEP][PASSED] - verifyTextPresent("City", true): Text 'City' is present on page  using regular expression

2023-09-21 17:44:07 - [MESSAGE][PASSED] - Text 'City' is present on page  using regular expression

2023-09-21 17:44:07 - [TEST_STEP][PASSED] - verifyTextPresent("State", true): Text 'State' is present on page  using regular expression

2023-09-21 17:44:07 - [MESSAGE][PASSED] - Text 'State' is present on page  using regular expression

2023-09-21 17:44:07 - [TEST_STEP][PASSED] - verifyTextPresent("ZIP Code", true): Text 'ZIP Code' is present on page  using regular expression

2023-09-21 17:44:08 - [MESSAGE][PASSED] - Text 'ZIP Code' is present on page  using regular expression

2023-09-21 17:44:08 - [TEST_STEP][PASSED] - verifyTextPresent("248 PhoolKaante road", true): Text '248 PhoolKaante road' is present on page  using regular expression

2023-09-21 17:44:08 - [MESSAGE][PASSED] - Text '248 PhoolKaante road' is present on page  using regular expression

2023-09-21 17:44:08 - [TEST_STEP][PASSED] - verifyTextPresent("Suite 678", true): Text 'Suite 678' is present on page  using regular expression

2023-09-21 17:44:08 - [MESSAGE][PASSED] - Text 'Suite 678' is present on page  using regular expression

2023-09-21 17:44:08 - [TEST_STEP][PASSED] - verifyTextPresent("United States", true): Text 'United States' is present on page  using regular expression

2023-09-21 17:44:09 - [MESSAGE][PASSED] - Text 'United States' is present on page  using regular expression

2023-09-21 17:44:09 - [TEST_STEP][PASSED] - verifyTextPresent("ARLINGTON", true): Text 'ARLINGTON' is present on page  using regular expression

2023-09-21 17:44:09 - [MESSAGE][PASSED] - Text 'ARLINGTON' is present on page  using regular expression

2023-09-21 17:44:09 - [TEST_STEP][PASSED] - verifyTextPresent("VA", true): Text 'VA' is present on page  using regular expression

2023-09-21 17:44:09 - [MESSAGE][PASSED] - Text 'VA' is present on page  using regular expression

2023-09-21 17:44:09 - [TEST_STEP][PASSED] - verifyTextPresent("22201", true): Text '22201' is present on page  using regular expression

2023-09-21 17:44:10 - [MESSAGE][PASSED] - Text '22201' is present on page  using regular expression

2023-09-21 17:44:10 - [TEST_STEP][PASSED] - cardTypeV = findTestData(dataFile).getValue("CardType", row): null

2023-09-21 17:44:10 - [TEST_STEP][PASSED] - last4V = findTestData(dataFile).getValue("Last4", row): null

2023-09-21 17:44:10 - [TEST_STEP][PASSED] - verifyTextPresent(cardTypeV, true): Text 'Discover' is present on page  using regular expression

2023-09-21 17:44:10 - [MESSAGE][PASSED] - Text 'Discover' is present on page  using regular expression

2023-09-21 17:44:10 - [TEST_STEP][PASSED] - verifyTextPresent(last4V, true): Text '6909' is present on page  using regular expression

2023-09-21 17:44:10 - [MESSAGE][PASSED] - Text '6909' is present on page  using regular expression

2023-09-21 17:44:10 - [TEST_STEP][PASSED] - switch (appName): null

2023-09-21 17:44:10 - [TEST_STEP][PASSED] - case "a_Access AutoSingleCFtpQA":: null

2023-09-21 17:44:10 - [TEST_STEP][PASSED] - verifyTextPresent("5.00", true): Text '5.00' is present on page  using regular expression

2023-09-21 17:44:11 - [MESSAGE][PASSED] - Text '5.00' is present on page  using regular expression

2023-09-21 17:44:11 - [TEST_STEP][PASSED] - verifyTextPresent("Single Transaction", true): Text 'Single Transaction' is present on page  using regular expression

2023-09-21 17:44:11 - [MESSAGE][PASSED] - Text 'Single Transaction' is present on page  using regular expression

2023-09-21 17:44:11 - [TEST_STEP][PASSED] - verifyTextPresent("7.50", true): Text '7.50' is present on page  using regular expression

2023-09-21 17:44:11 - [MESSAGE][PASSED] - Text '7.50' is present on page  using regular expression

2023-09-21 17:44:11 - [TEST_STEP][PASSED] - verifyTextPresent("Total Amount", true): Text 'Total Amount' is present on page  using regular expression

2023-09-21 17:44:11 - [MESSAGE][PASSED] - Text 'Total Amount' is present on page  using regular expression

2023-09-21 17:44:11 - [TEST_STEP][PASSED] - verifyTextPresent("Transaction Type", true): Text 'Transaction Type' is present on page  using regular expression

2023-09-21 17:44:12 - [MESSAGE][PASSED] - Text 'Transaction Type' is present on page  using regular expression

2023-09-21 17:44:12 - [TEST_STEP][PASSED] - break: null

2023-09-21 17:44:12 - [TEST_STEP][PASSED] - closeBrowser(): Browser is closed

2023-09-21 17:44:13 - [MESSAGE][PASSED] - Browser is closed

2023-09-21 17:44:13 - [TEST_STEP][PASSED] - ExecuteTC = findTestData(dataFile).getValue("Execute", row): null

2023-09-21 17:44:13 - [TEST_STEP][PASSED] - out.println("Value of Execute is : " + ExecuteTC): null

2023-09-21 17:44:13 - [TEST_STEP][PASSED] - switch (executionProfile): null

2023-09-21 17:44:13 - [TEST_STEP][PASSED] - case "QA2Profile":: null

2023-09-21 17:44:13 - [TEST_STEP][PASSED] - appName = findTestData(dataFile).getValue("AppNameQA", row): null

2023-09-21 17:44:13 - [TEST_STEP][PASSED] - appID = findTestData(dataFile).getValue("AppIDQA", row): null

2023-09-21 17:44:13 - [TEST_STEP][PASSED] - break: null

2023-09-21 17:44:13 - [TEST_STEP][PASSED] - if (ExecuteTC.equalsIgnoreCase("Y")): null

2023-09-21 17:44:13 - [TEST_STEP][PASSED] - out.println("Begin Record Number: " + row): null

2023-09-21 17:44:13 - [TEST_STEP][PASSED] - today = new java.util.Date(): null

2023-09-21 17:44:13 - [TEST_STEP][PASSED] - println(today): null

2023-09-21 17:44:13 - [TEST_STEP][PASSED] - datText = today: null

2023-09-21 17:44:13 - [TEST_STEP][PASSED] - adminSuiteBootstrap.loginFunctionality.login_AdminSuite(): adminSuiteBootstrap.loginFunctionality.login_AdminSuite is PASSED

2023-09-21 17:44:13 - [MESSAGE][INFO] - Starting 'Chrome' driver

2023-09-21 17:44:13 - [MESSAGE][INFO] - User set preference: ['acceptInsecureCerts', 'true']

2023-09-21 17:44:13 - [MESSAGE][INFO] - Action delay is set to 0 milliseconds

2023-09-21 17:44:16 - [MESSAGE][PASSED] - Browser is opened with url: 'https://qa2.velocitypayment.com/admin/imtiaz'

2023-09-21 17:44:16 - [MESSAGE][PASSED] - Current window maximized

2023-09-21 17:44:16 - [MESSAGE][PASSED] - Object 'Object Repository/Login_Page/Login_Username_Okta' is present

2023-09-21 17:44:17 - [MESSAGE][PASSED] - Text 'iahmed' is set on object 'Object Repository/Login_Page/Login_Username_Okta'

2023-09-21 17:44:18 - [MESSAGE][PASSED] - Text 'Hello1111111@' is set on object 'Object Repository/Login_Page/Login_Password_Okta'

2023-09-21 17:44:18 - [MESSAGE][PASSED] - Object: 'Object Repository/Login_Page/Login_Submit_Okta' is clicked on

2023-09-21 17:44:18 - [MESSAGE][PASSED] - adminSuiteBootstrap.loginFunctionality.login_AdminSuite is PASSED

2023-09-21 17:44:18 - [TEST_STEP][PASSED] - click(findTestObject(path_Dashboard + appName)): Object: 'Object Repository/AdminSuiteBootstrap_Pages/Dashboard_Bootstrap/a_Access AutoDualCFtpQA' is clicked on

2023-09-21 17:44:26 - [MESSAGE][PASSED] - Object: 'Object Repository/AdminSuiteBootstrap_Pages/Dashboard_Bootstrap/a_Access AutoDualCFtpQA' is clicked on

2023-09-21 17:44:26 - [TEST_STEP][PASSED] - click(findTestObject(path_VT + "a_Find Profile")): Object: 'Object Repository/AdminSuiteBootstrap_Pages/VT_Bootstrap/IssueTransactions/a_Find Profile' is clicked on

2023-09-21 17:44:27 - [MESSAGE][PASSED] - Object: 'Object Repository/AdminSuiteBootstrap_Pages/VT_Bootstrap/IssueTransactions/a_Find Profile' is clicked on

2023-09-21 17:44:27 - [TEST_STEP][PASSED] - criteria = <not implemented yet for class: org.codehaus.groovy.ast.expr.EmptyExpression>: null

2023-09-21 17:44:27 - [TEST_STEP][PASSED] - searchBy = <not implemented yet for class: org.codehaus.groovy.ast.expr.EmptyExpression>: null

2023-09-21 17:44:27 - [TEST_STEP][PASSED] - criteria = findTestData(dataFile).getValue("ProfileName", row): null

2023-09-21 17:44:27 - [TEST_STEP][PASSED] - path_SearchProfile = "Object Repository/AdminSuiteBootstrap_Pages/VSP_Bootstrap/SearchProfile/": null

2023-09-21 17:44:27 - [TEST_STEP][PASSED] - setText(findTestObject(path_SearchProfile + "input_Criteria"), criteria): Text 'PaymentsVisa' is set on object 'Object Repository/AdminSuiteBootstrap_Pages/VSP_Bootstrap/SearchProfile/input_Criteria'

2023-09-21 17:44:28 - [MESSAGE][PASSED] - Text 'PaymentsVisa' is set on object 'Object Repository/AdminSuiteBootstrap_Pages/VSP_Bootstrap/SearchProfile/input_Criteria'

2023-09-21 17:44:28 - [TEST_STEP][PASSED] - click(findTestObject(path_SearchProfile + "button_Search")): Object: 'Object Repository/AdminSuiteBootstrap_Pages/VSP_Bootstrap/SearchProfile/button_Search' is clicked on

2023-09-21 17:44:29 - [MESSAGE][PASSED] - Object: 'Object Repository/AdminSuiteBootstrap_Pages/VSP_Bootstrap/SearchProfile/button_Search' is clicked on

2023-09-21 17:44:29 - [TEST_STEP][PASSED] - profNameLink = findTestData(dataFile).getValue("ProfileNameLink", row): null

2023-09-21 17:44:29 - [TEST_STEP][PASSED] - click(findTestObject(path_ViewProfile + profNameLink)): Object: 'Object Repository/AdminSuiteBootstrap_Pages/VSP_Bootstrap/View Profile/a_PaymentsVisa' is clicked on

2023-09-21 17:44:30 - [MESSAGE][PASSED] - Object: 'Object Repository/AdminSuiteBootstrap_Pages/VSP_Bootstrap/View Profile/a_PaymentsVisa' is clicked on

2023-09-21 17:44:30 - [TEST_STEP][PASSED] - click(findTestObject(path_ViewProfile + "a_Auth")): Object: 'Object Repository/AdminSuiteBootstrap_Pages/VSP_Bootstrap/View Profile/a_Auth' is clicked on

2023-09-21 17:44:31 - [MESSAGE][PASSED] - Object: 'Object Repository/AdminSuiteBootstrap_Pages/VSP_Bootstrap/View Profile/a_Auth' is clicked on

2023-09-21 17:44:31 - [TEST_STEP][PASSED] - verifyTextPresent("Credit Card Authorization", true): Text 'Credit Card Authorization' is present on page  using regular expression

2023-09-21 17:44:32 - [MESSAGE][PASSED] - Text 'Credit Card Authorization' is present on page  using regular expression

2023-09-21 17:44:32 - [TEST_STEP][PASSED] - verifyTextPresent("Required fields are highlighted with an asterisk", true): Text 'Required fields are highlighted with an asterisk' is present on page  using regular expression

2023-09-21 17:44:32 - [MESSAGE][PASSED] - Text 'Required fields are highlighted with an asterisk' is present on page  using regular expression

2023-09-21 17:44:32 - [TEST_STEP][PASSED] - verifyTextPresent("Remittance ID", true): Text 'Remittance ID' is present on page  using regular expression

2023-09-21 17:44:33 - [MESSAGE][PASSED] - Text 'Remittance ID' is present on page  using regular expression

2023-09-21 17:44:33 - [TEST_STEP][PASSED] - vspBootstrap.SalePage.setDataSaleAndAuth(row, dataFile): vspBootstrap.SalePage.setDataSaleAndAuth is PASSED

2023-09-21 17:44:34 - [MESSAGE][PASSED] - All options with value 'MOTO' are selected in object 'Object Repository/AdminSuiteBootstrap_Pages/VSP_Bootstrap/VSP_Authcap/select_TransactionCategory'  using regular expression

2023-09-21 17:44:35 - [MESSAGE][PASSED] - Text '123' is set on object 'Object Repository/AdminSuiteBootstrap_Pages/VSP_Bootstrap/VSP_Authcap/input_cvv'

2023-09-21 17:44:36 - [MESSAGE][PASSED] - Text '' is set on object 'Object Repository/AdminSuiteBootstrap_Pages/VSP_Bootstrap/VSP_Authcap/input_smsNumber'

2023-09-21 17:44:36 - [MESSAGE][PASSED] - Text '2.50' is set on object 'Object Repository/AdminSuiteBootstrap_Pages/VSP_Bootstrap/VSP_Authcap/input_amount'

2023-09-21 17:44:37 - [MESSAGE][PASSED] - Text 'Delhi' is set on object 'Object Repository/AdminSuiteBootstrap_Pages/VSP_Bootstrap/VSP_Authcap/input_userDefined1'

2023-09-21 17:44:38 - [MESSAGE][PASSED] - Text 'Chennai' is set on object 'Object Repository/AdminSuiteBootstrap_Pages/VSP_Bootstrap/VSP_Authcap/input_userDefined2'

2023-09-21 17:44:39 - [MESSAGE][PASSED] - Text 'Mumbai' is set on object 'Object Repository/AdminSuiteBootstrap_Pages/VSP_Bootstrap/VSP_Authcap/input_userDefined3'

2023-09-21 17:44:39 - [MESSAGE][PASSED] - Text 'Kanpur' is set on object 'Object Repository/AdminSuiteBootstrap_Pages/VSP_Bootstrap/VSP_Authcap/input_userDefined4'

2023-09-21 17:44:40 - [MESSAGE][PASSED] - All options with label 'Orange' are selected in object 'Object Repository/AdminSuiteBootstrap_Pages/VSP_Bootstrap/VSP_Authcap/select_UDF5'  using regular expression

2023-09-21 17:44:41 - [MESSAGE][PASSED] - All options with label 'Yellow' are selected in object 'Object Repository/AdminSuiteBootstrap_Pages/VSP_Bootstrap/VSP_Authcap/select_UDF6'  using regular expression

2023-09-21 17:44:42 - [MESSAGE][PASSED] - Text 'Kolkata' is set on object 'Object Repository/AdminSuiteBootstrap_Pages/VSP_Bootstrap/VSP_Authcap/input_userDefined7'

2023-09-21 17:44:42 - [MESSAGE][PASSED] - Text 'Pune' is set on object 'Object Repository/AdminSuiteBootstrap_Pages/VSP_Bootstrap/VSP_Authcap/input_userDefined8'

2023-09-21 17:44:43 - [MESSAGE][PASSED] - Text 'Bhavnagar' is set on object 'Object Repository/AdminSuiteBootstrap_Pages/VSP_Bootstrap/VSP_Authcap/input_userDefined9'

2023-09-21 17:44:44 - [MESSAGE][PASSED] - Text 'Noida' is set on object 'Object Repository/AdminSuiteBootstrap_Pages/VSP_Bootstrap/VSP_Authcap/input_userDefined10'

2023-09-21 17:44:45 - [MESSAGE][PASSED] - Object: 'Object Repository/AdminSuiteBootstrap_Pages/VSP_Bootstrap/VSP_Authcap/button_Submit' is clicked on

2023-09-21 17:44:45 - [MESSAGE][PASSED] - vspBootstrap.SalePage.setDataSaleAndAuth is PASSED

2023-09-21 17:44:45 - [TEST_STEP][PASSED] - verifyTextPresent("Transaction Successful", true): Text 'Transaction Successful' is present on page  using regular expression

2023-09-21 17:44:46 - [MESSAGE][PASSED] - Text 'Transaction Successful' is present on page  using regular expression

2023-09-21 17:44:46 - [TEST_STEP][PASSED] - verifyElementVisible(findTestObject("Object Repository/AdminSuiteBootstrap_Pages/VT_Bootstrap/Receipt/button_Continue")): Object 'Object Repository/AdminSuiteBootstrap_Pages/VT_Bootstrap/Receipt/button_Continue' is visible

2023-09-21 17:44:46 - [MESSAGE][PASSED] - Object 'Object Repository/AdminSuiteBootstrap_Pages/VT_Bootstrap/Receipt/button_Continue' is visible

2023-09-21 17:44:46 - [TEST_STEP][PASSED] - verifyElementPresent(findTestObject("Object Repository/AdminSuiteBootstrap_Pages/VT_Bootstrap/Receipt/button_Continue"), 20): Object 'Object Repository/AdminSuiteBootstrap_Pages/VT_Bootstrap/Receipt/button_Continue' is present

2023-09-21 17:44:46 - [MESSAGE][PASSED] - Object 'Object Repository/AdminSuiteBootstrap_Pages/VT_Bootstrap/Receipt/button_Continue' is present

2023-09-21 17:44:46 - [TEST_STEP][PASSED] - verifyElementVisible(findTestObject("Object Repository/AdminSuiteBootstrap_Pages/VT_Bootstrap/Receipt/button_Print")): Object 'Object Repository/AdminSuiteBootstrap_Pages/VT_Bootstrap/Receipt/button_Print' is visible

2023-09-21 17:44:47 - [MESSAGE][PASSED] - Object 'Object Repository/AdminSuiteBootstrap_Pages/VT_Bootstrap/Receipt/button_Print' is visible

2023-09-21 17:44:47 - [TEST_STEP][PASSED] - verifyElementPresent(findTestObject("Object Repository/AdminSuiteBootstrap_Pages/VT_Bootstrap/Receipt/button_Print"), 20): Object 'Object Repository/AdminSuiteBootstrap_Pages/VT_Bootstrap/Receipt/button_Print' is present

2023-09-21 17:44:47 - [MESSAGE][PASSED] - Object 'Object Repository/AdminSuiteBootstrap_Pages/VT_Bootstrap/Receipt/button_Print' is present

2023-09-21 17:44:47 - [TEST_STEP][PASSED] - verifyTextPresent("Remittance ID", true): Text 'Remittance ID' is present on page  using regular expression

2023-09-21 17:44:47 - [MESSAGE][PASSED] - Text 'Remittance ID' is present on page  using regular expression

2023-09-21 17:44:47 - [TEST_STEP][PASSED] - verifyTextPresent("Received", true): Text 'Received' is present on page  using regular expression

2023-09-21 17:44:48 - [MESSAGE][PASSED] - Text 'Received' is present on page  using regular expression

2023-09-21 17:44:48 - [TEST_STEP][PASSED] - verifyTextPresent("UDF1", true): Text 'UDF1' is present on page  using regular expression

2023-09-21 17:44:48 - [MESSAGE][PASSED] - Text 'UDF1' is present on page  using regular expression

2023-09-21 17:44:48 - [TEST_STEP][PASSED] - verifyTextPresent("UDF2", true): Text 'UDF2' is present on page  using regular expression

2023-09-21 17:44:48 - [MESSAGE][PASSED] - Text 'UDF2' is present on page  using regular expression

2023-09-21 17:44:48 - [TEST_STEP][PASSED] - verifyTextPresent("UDF3", true): Text 'UDF3' is present on page  using regular expression

2023-09-21 17:44:49 - [MESSAGE][PASSED] - Text 'UDF3' is present on page  using regular expression

2023-09-21 17:44:49 - [TEST_STEP][PASSED] - verifyTextPresent("UDF4", true): Text 'UDF4' is present on page  using regular expression

2023-09-21 17:44:49 - [MESSAGE][PASSED] - Text 'UDF4' is present on page  using regular expression

2023-09-21 17:44:49 - [TEST_STEP][PASSED] - verifyTextPresent("UDF5", true): Text 'UDF5' is present on page  using regular expression

2023-09-21 17:44:49 - [MESSAGE][PASSED] - Text 'UDF5' is present on page  using regular expression

2023-09-21 17:44:49 - [TEST_STEP][PASSED] - verifyTextPresent("UDF6", true): Text 'UDF6' is present on page  using regular expression

2023-09-21 17:44:49 - [MESSAGE][PASSED] - Text 'UDF6' is present on page  using regular expression

2023-09-21 17:44:49 - [TEST_STEP][PASSED] - verifyTextPresent("UDF7", true): Text 'UDF7' is present on page  using regular expression

2023-09-21 17:44:50 - [MESSAGE][PASSED] - Text 'UDF7' is present on page  using regular expression

2023-09-21 17:44:50 - [TEST_STEP][PASSED] - verifyTextPresent("UDF8", true): Text 'UDF8' is present on page  using regular expression

2023-09-21 17:44:50 - [MESSAGE][PASSED] - Text 'UDF8' is present on page  using regular expression

2023-09-21 17:44:50 - [TEST_STEP][PASSED] - verifyTextPresent("UDF9", true): Text 'UDF9' is present on page  using regular expression

2023-09-21 17:44:50 - [MESSAGE][PASSED] - Text 'UDF9' is present on page  using regular expression

2023-09-21 17:44:50 - [TEST_STEP][PASSED] - verifyTextPresent("UDF 10", true): Text 'UDF 10' is present on page  using regular expression

2023-09-21 17:44:51 - [MESSAGE][PASSED] - Text 'UDF 10' is present on page  using regular expression

2023-09-21 17:44:51 - [TEST_STEP][PASSED] - verifyTextPresent("Delhi", true): Text 'Delhi' is present on page  using regular expression

2023-09-21 17:44:51 - [MESSAGE][PASSED] - Text 'Delhi' is present on page  using regular expression

2023-09-21 17:44:51 - [TEST_STEP][PASSED] - verifyTextPresent("Chennai", true): Text 'Chennai' is present on page  using regular expression

2023-09-21 17:44:51 - [MESSAGE][PASSED] - Text 'Chennai' is present on page  using regular expression

2023-09-21 17:44:51 - [TEST_STEP][PASSED] - verifyTextPresent("Mumbai", true): Text 'Mumbai' is present on page  using regular expression

2023-09-21 17:44:52 - [MESSAGE][PASSED] - Text 'Mumbai' is present on page  using regular expression

2023-09-21 17:44:52 - [TEST_STEP][PASSED] - verifyTextPresent("Kanpur", true): Text 'Kanpur' is present on page  using regular expression

2023-09-21 17:44:52 - [MESSAGE][PASSED] - Text 'Kanpur' is present on page  using regular expression

2023-09-21 17:44:52 - [TEST_STEP][PASSED] - verifyTextPresent("Orange Recorded", true): Text 'Orange Recorded' is present on page  using regular expression

2023-09-21 17:44:52 - [MESSAGE][PASSED] - Text 'Orange Recorded' is present on page  using regular expression

2023-09-21 17:44:52 - [TEST_STEP][PASSED] - verifyTextPresent("Yellow Recorded", true): Text 'Yellow Recorded' is present on page  using regular expression

2023-09-21 17:44:52 - [MESSAGE][PASSED] - Text 'Yellow Recorded' is present on page  using regular expression

2023-09-21 17:44:52 - [TEST_STEP][PASSED] - verifyTextPresent("Kolkata", true): Text 'Kolkata' is present on page  using regular expression

2023-09-21 17:44:53 - [MESSAGE][PASSED] - Text 'Kolkata' is present on page  using regular expression

2023-09-21 17:44:53 - [TEST_STEP][PASSED] - verifyTextPresent("Pune", true): Text 'Pune' is present on page  using regular expression

2023-09-21 17:44:53 - [MESSAGE][PASSED] - Text 'Pune' is present on page  using regular expression

2023-09-21 17:44:53 - [TEST_STEP][PASSED] - verifyTextPresent("Bhavnagar", true): Text 'Bhavnagar' is present on page  using regular expression

2023-09-21 17:44:53 - [MESSAGE][PASSED] - Text 'Bhavnagar' is present on page  using regular expression

2023-09-21 17:44:53 - [TEST_STEP][PASSED] - verifyTextPresent("Noida", true): Text 'Noida' is present on page  using regular expression

2023-09-21 17:44:54 - [MESSAGE][PASSED] - Text 'Noida' is present on page  using regular expression

2023-09-21 17:44:54 - [TEST_STEP][PASSED] - verifyTextPresent("Amount", true): Text 'Amount' is present on page  using regular expression

2023-09-21 17:44:54 - [MESSAGE][PASSED] - Text 'Amount' is present on page  using regular expression

2023-09-21 17:44:54 - [TEST_STEP][PASSED] - verifyTextPresent("2.50", true): Text '2.50' is present on page  using regular expression

2023-09-21 17:44:54 - [MESSAGE][PASSED] - Text '2.50' is present on page  using regular expression

2023-09-21 17:44:54 - [TEST_STEP][PASSED] - verifyTextPresent("Authorization", true): Text 'Authorization' is present on page  using regular expression

2023-09-21 17:44:55 - [MESSAGE][PASSED] - Text 'Authorization' is present on page  using regular expression

2023-09-21 17:44:55 - [TEST_STEP][PASSED] - verifyTextPresent("Card Information", true): Text 'Card Information' is present on page  using regular expression

2023-09-21 17:44:55 - [MESSAGE][PASSED] - Text 'Card Information' is present on page  using regular expression

2023-09-21 17:44:55 - [TEST_STEP][PASSED] - verifyTextPresent("TANDON RAVENA", true): Text 'TANDON RAVENA' is present on page  using regular expression

2023-09-21 17:44:55 - [MESSAGE][PASSED] - Text 'TANDON RAVENA' is present on page  using regular expression

2023-09-21 17:44:55 - [TEST_STEP][PASSED] - verifyTextPresent("Address Line 1", true): Text 'Address Line 1' is present on page  using regular expression

2023-09-21 17:44:55 - [MESSAGE][PASSED] - Text 'Address Line 1' is present on page  using regular expression

2023-09-21 17:44:55 - [TEST_STEP][PASSED] - verifyTextPresent("Address Line 2", true): Text 'Address Line 2' is present on page  using regular expression

2023-09-21 17:44:56 - [MESSAGE][PASSED] - Text 'Address Line 2' is present on page  using regular expression

2023-09-21 17:44:56 - [TEST_STEP][PASSED] - verifyTextPresent("Country", true): Text 'Country' is present on page  using regular expression

2023-09-21 17:44:56 - [MESSAGE][PASSED] - Text 'Country' is present on page  using regular expression

2023-09-21 17:44:56 - [TEST_STEP][PASSED] - verifyTextPresent("City", true): Text 'City' is present on page  using regular expression

2023-09-21 17:44:56 - [MESSAGE][PASSED] - Text 'City' is present on page  using regular expression

2023-09-21 17:44:56 - [TEST_STEP][PASSED] - verifyTextPresent("State", true): Text 'State' is present on page  using regular expression

2023-09-21 17:44:57 - [MESSAGE][PASSED] - Text 'State' is present on page  using regular expression

2023-09-21 17:44:57 - [TEST_STEP][PASSED] - verifyTextPresent("ZIP Code", true): Text 'ZIP Code' is present on page  using regular expression

2023-09-21 17:44:57 - [MESSAGE][PASSED] - Text 'ZIP Code' is present on page  using regular expression

2023-09-21 17:44:57 - [TEST_STEP][PASSED] - verifyTextPresent("248 PhoolKaante road", true): Text '248 PhoolKaante road' is present on page  using regular expression

2023-09-21 17:44:57 - [MESSAGE][PASSED] - Text '248 PhoolKaante road' is present on page  using regular expression

2023-09-21 17:44:57 - [TEST_STEP][PASSED] - verifyTextPresent("Suite 678", true): Text 'Suite 678' is present on page  using regular expression

2023-09-21 17:44:58 - [MESSAGE][PASSED] - Text 'Suite 678' is present on page  using regular expression

2023-09-21 17:44:58 - [TEST_STEP][PASSED] - verifyTextPresent("United States", true): Text 'United States' is present on page  using regular expression

2023-09-21 17:44:58 - [MESSAGE][PASSED] - Text 'United States' is present on page  using regular expression

2023-09-21 17:44:58 - [TEST_STEP][PASSED] - verifyTextPresent("ARLINGTON", true): Text 'ARLINGTON' is present on page  using regular expression

2023-09-21 17:44:58 - [MESSAGE][PASSED] - Text 'ARLINGTON' is present on page  using regular expression

2023-09-21 17:44:58 - [TEST_STEP][PASSED] - verifyTextPresent("VA", true): Text 'VA' is present on page  using regular expression

2023-09-21 17:44:58 - [MESSAGE][PASSED] - Text 'VA' is present on page  using regular expression

2023-09-21 17:44:58 - [TEST_STEP][PASSED] - verifyTextPresent("22201", true): Text '22201' is present on page  using regular expression

2023-09-21 17:44:59 - [MESSAGE][PASSED] - Text '22201' is present on page  using regular expression

2023-09-21 17:44:59 - [TEST_STEP][PASSED] - cardTypeV = findTestData(dataFile).getValue("CardType", row): null

2023-09-21 17:44:59 - [TEST_STEP][PASSED] - last4V = findTestData(dataFile).getValue("Last4", row): null

2023-09-21 17:44:59 - [TEST_STEP][PASSED] - verifyTextPresent(cardTypeV, true): Text 'Visa' is present on page  using regular expression

2023-09-21 17:44:59 - [MESSAGE][PASSED] - Text 'Visa' is present on page  using regular expression

2023-09-21 17:44:59 - [TEST_STEP][PASSED] - verifyTextPresent(last4V, true): Text '5439' is present on page  using regular expression

2023-09-21 17:44:59 - [MESSAGE][PASSED] - Text '5439' is present on page  using regular expression

2023-09-21 17:44:59 - [TEST_STEP][PASSED] - switch (appName): null

2023-09-21 17:44:59 - [TEST_STEP][PASSED] - case "a_Access AutoDualCFtpQA":: null

2023-09-21 17:44:59 - [TEST_STEP][PASSED] - verifyTextPresent("5.00", true): Text '5.00' is present on page  using regular expression

2023-09-21 17:45:00 - [MESSAGE][PASSED] - Text '5.00' is present on page  using regular expression

2023-09-21 17:45:00 - [TEST_STEP][PASSED] - verifyTextPresent("Dual Transaction", true): Text 'Dual Transaction' is present on page  using regular expression

2023-09-21 17:45:00 - [MESSAGE][PASSED] - Text 'Dual Transaction' is present on page  using regular expression

2023-09-21 17:45:00 - [TEST_STEP][PASSED] - verifyTextPresent("7.50", true): Text '7.50' is present on page  using regular expression

2023-09-21 17:45:00 - [MESSAGE][PASSED] - Text '7.50' is present on page  using regular expression

2023-09-21 17:45:00 - [TEST_STEP][PASSED] - verifyTextPresent("Total Amount", true): Text 'Total Amount' is present on page  using regular expression

2023-09-21 17:45:01 - [MESSAGE][PASSED] - Text 'Total Amount' is present on page  using regular expression

2023-09-21 17:45:01 - [TEST_STEP][PASSED] - verifyTextPresent("Transaction Type", true): Text 'Transaction Type' is present on page  using regular expression

2023-09-21 17:45:01 - [MESSAGE][PASSED] - Text 'Transaction Type' is present on page  using regular expression

2023-09-21 17:45:01 - [TEST_STEP][PASSED] - break: null

2023-09-21 17:45:01 - [TEST_STEP][PASSED] - closeBrowser(): Browser is closed

2023-09-21 17:45:02 - [MESSAGE][PASSED] - Browser is closed

2023-09-21 17:45:02 - [TEST_STEP][PASSED] - ExecuteTC = findTestData(dataFile).getValue("Execute", row): null

2023-09-21 17:45:02 - [TEST_STEP][PASSED] - out.println("Value of Execute is : " + ExecuteTC): null

2023-09-21 17:45:02 - [TEST_STEP][PASSED] - switch (executionProfile): null

2023-09-21 17:45:02 - [TEST_STEP][PASSED] - case "QA2Profile":: null

2023-09-21 17:45:02 - [TEST_STEP][PASSED] - appName = findTestData(dataFile).getValue("AppNameQA", row): null

2023-09-21 17:45:02 - [TEST_STEP][PASSED] - appID = findTestData(dataFile).getValue("AppIDQA", row): null

2023-09-21 17:45:02 - [TEST_STEP][PASSED] - break: null

2023-09-21 17:45:02 - [TEST_STEP][PASSED] - if (ExecuteTC.equalsIgnoreCase("Y")): null

2023-09-21 17:45:02 - [TEST_STEP][PASSED] - out.println("Begin Record Number: " + row): null

2023-09-21 17:45:02 - [TEST_STEP][PASSED] - today = new java.util.Date(): null

2023-09-21 17:45:02 - [TEST_STEP][PASSED] - println(today): null

2023-09-21 17:45:02 - [TEST_STEP][PASSED] - datText = today: null

2023-09-21 17:45:02 - [TEST_STEP][PASSED] - adminSuiteBootstrap.loginFunctionality.login_AdminSuite(): adminSuiteBootstrap.loginFunctionality.login_AdminSuite is PASSED

2023-09-21 17:45:02 - [MESSAGE][INFO] - Starting 'Chrome' driver

2023-09-21 17:45:02 - [MESSAGE][INFO] - User set preference: ['acceptInsecureCerts', 'true']

2023-09-21 17:45:02 - [MESSAGE][INFO] - Action delay is set to 0 milliseconds

2023-09-21 17:45:05 - [MESSAGE][PASSED] - Browser is opened with url: 'https://qa2.velocitypayment.com/admin/imtiaz'

2023-09-21 17:45:05 - [MESSAGE][PASSED] - Current window maximized

2023-09-21 17:45:05 - [MESSAGE][PASSED] - Object 'Object Repository/Login_Page/Login_Username_Okta' is present

2023-09-21 17:45:06 - [MESSAGE][PASSED] - Text 'iahmed' is set on object 'Object Repository/Login_Page/Login_Username_Okta'

2023-09-21 17:45:07 - [MESSAGE][PASSED] - Text 'Hello1111111@' is set on object 'Object Repository/Login_Page/Login_Password_Okta'

2023-09-21 17:45:07 - [MESSAGE][PASSED] - Object: 'Object Repository/Login_Page/Login_Submit_Okta' is clicked on

2023-09-21 17:45:07 - [MESSAGE][PASSED] - adminSuiteBootstrap.loginFunctionality.login_AdminSuite is PASSED

2023-09-21 17:45:07 - [TEST_STEP][PASSED] - click(findTestObject(path_Dashboard + appName)): Object: 'Object Repository/AdminSuiteBootstrap_Pages/Dashboard_Bootstrap/a_Access AutoDualCFtpQA' is clicked on

2023-09-21 17:45:14 - [MESSAGE][PASSED] - Object: 'Object Repository/AdminSuiteBootstrap_Pages/Dashboard_Bootstrap/a_Access AutoDualCFtpQA' is clicked on

2023-09-21 17:45:14 - [TEST_STEP][PASSED] - click(findTestObject(path_VT + "a_Find Profile")): Object: 'Object Repository/AdminSuiteBootstrap_Pages/VT_Bootstrap/IssueTransactions/a_Find Profile' is clicked on

2023-09-21 17:45:15 - [MESSAGE][PASSED] - Object: 'Object Repository/AdminSuiteBootstrap_Pages/VT_Bootstrap/IssueTransactions/a_Find Profile' is clicked on

2023-09-21 17:45:15 - [TEST_STEP][PASSED] - criteria = <not implemented yet for class: org.codehaus.groovy.ast.expr.EmptyExpression>: null

2023-09-21 17:45:15 - [TEST_STEP][PASSED] - searchBy = <not implemented yet for class: org.codehaus.groovy.ast.expr.EmptyExpression>: null

2023-09-21 17:45:15 - [TEST_STEP][PASSED] - criteria = findTestData(dataFile).getValue("ProfileName", row): null

2023-09-21 17:45:15 - [TEST_STEP][PASSED] - path_SearchProfile = "Object Repository/AdminSuiteBootstrap_Pages/VSP_Bootstrap/SearchProfile/": null

2023-09-21 17:45:15 - [TEST_STEP][PASSED] - setText(findTestObject(path_SearchProfile + "input_Criteria"), criteria): Text 'PaymentsMC' is set on object 'Object Repository/AdminSuiteBootstrap_Pages/VSP_Bootstrap/SearchProfile/input_Criteria'

2023-09-21 17:45:15 - [MESSAGE][PASSED] - Text 'PaymentsMC' is set on object 'Object Repository/AdminSuiteBootstrap_Pages/VSP_Bootstrap/SearchProfile/input_Criteria'

2023-09-21 17:45:15 - [TEST_STEP][PASSED] - click(findTestObject(path_SearchProfile + "button_Search")): Object: 'Object Repository/AdminSuiteBootstrap_Pages/VSP_Bootstrap/SearchProfile/button_Search' is clicked on

2023-09-21 17:45:16 - [MESSAGE][PASSED] - Object: 'Object Repository/AdminSuiteBootstrap_Pages/VSP_Bootstrap/SearchProfile/button_Search' is clicked on

2023-09-21 17:45:16 - [TEST_STEP][PASSED] - profNameLink = findTestData(dataFile).getValue("ProfileNameLink", row): null

2023-09-21 17:45:16 - [TEST_STEP][PASSED] - click(findTestObject(path_ViewProfile + profNameLink)): Object: 'Object Repository/AdminSuiteBootstrap_Pages/VSP_Bootstrap/View Profile/a_PaymentsMC' is clicked on

2023-09-21 17:45:18 - [MESSAGE][PASSED] - Object: 'Object Repository/AdminSuiteBootstrap_Pages/VSP_Bootstrap/View Profile/a_PaymentsMC' is clicked on

2023-09-21 17:45:18 - [TEST_STEP][PASSED] - click(findTestObject(path_ViewProfile + "a_Auth")): Object: 'Object Repository/AdminSuiteBootstrap_Pages/VSP_Bootstrap/View Profile/a_Auth' is clicked on

2023-09-21 17:45:19 - [MESSAGE][PASSED] - Object: 'Object Repository/AdminSuiteBootstrap_Pages/VSP_Bootstrap/View Profile/a_Auth' is clicked on

2023-09-21 17:45:19 - [TEST_STEP][PASSED] - verifyTextPresent("Credit Card Authorization", true): Text 'Credit Card Authorization' is present on page  using regular expression

2023-09-21 17:45:19 - [MESSAGE][PASSED] - Text 'Credit Card Authorization' is present on page  using regular expression

2023-09-21 17:45:19 - [TEST_STEP][PASSED] - verifyTextPresent("Required fields are highlighted with an asterisk", true): Text 'Required fields are highlighted with an asterisk' is present on page  using regular expression

2023-09-21 17:45:20 - [MESSAGE][PASSED] - Text 'Required fields are highlighted with an asterisk' is present on page  using regular expression

2023-09-21 17:45:20 - [TEST_STEP][PASSED] - verifyTextPresent("Remittance ID", true): Text 'Remittance ID' is present on page  using regular expression

2023-09-21 17:45:20 - [MESSAGE][PASSED] - Text 'Remittance ID' is present on page  using regular expression

2023-09-21 17:45:20 - [TEST_STEP][PASSED] - vspBootstrap.SalePage.setDataSaleAndAuth(row, dataFile): vspBootstrap.SalePage.setDataSaleAndAuth is PASSED

2023-09-21 17:45:22 - [MESSAGE][PASSED] - All options with value 'MOTO' are selected in object 'Object Repository/AdminSuiteBootstrap_Pages/VSP_Bootstrap/VSP_Authcap/select_TransactionCategory'  using regular expression

2023-09-21 17:45:22 - [MESSAGE][PASSED] - Text '123' is set on object 'Object Repository/AdminSuiteBootstrap_Pages/VSP_Bootstrap/VSP_Authcap/input_cvv'

2023-09-21 17:45:23 - [MESSAGE][PASSED] - Text '' is set on object 'Object Repository/AdminSuiteBootstrap_Pages/VSP_Bootstrap/VSP_Authcap/input_smsNumber'

2023-09-21 17:45:24 - [MESSAGE][PASSED] - Text '2.50' is set on object 'Object Repository/AdminSuiteBootstrap_Pages/VSP_Bootstrap/VSP_Authcap/input_amount'

2023-09-21 17:45:25 - [MESSAGE][PASSED] - Text 'Delhi' is set on object 'Object Repository/AdminSuiteBootstrap_Pages/VSP_Bootstrap/VSP_Authcap/input_userDefined1'

2023-09-21 17:45:25 - [MESSAGE][PASSED] - Text 'Chennai' is set on object 'Object Repository/AdminSuiteBootstrap_Pages/VSP_Bootstrap/VSP_Authcap/input_userDefined2'

2023-09-21 17:45:26 - [MESSAGE][PASSED] - Text 'Mumbai' is set on object 'Object Repository/AdminSuiteBootstrap_Pages/VSP_Bootstrap/VSP_Authcap/input_userDefined3'

2023-09-21 17:45:26 - [MESSAGE][PASSED] - Text 'Kanpur' is set on object 'Object Repository/AdminSuiteBootstrap_Pages/VSP_Bootstrap/VSP_Authcap/input_userDefined4'

2023-09-21 17:45:27 - [MESSAGE][PASSED] - All options with label 'Orange' are selected in object 'Object Repository/AdminSuiteBootstrap_Pages/VSP_Bootstrap/VSP_Authcap/select_UDF5'  using regular expression

2023-09-21 17:45:28 - [MESSAGE][PASSED] - All options with label 'Yellow' are selected in object 'Object Repository/AdminSuiteBootstrap_Pages/VSP_Bootstrap/VSP_Authcap/select_UDF6'  using regular expression

2023-09-21 17:45:29 - [MESSAGE][PASSED] - Text 'Kolkata' is set on object 'Object Repository/AdminSuiteBootstrap_Pages/VSP_Bootstrap/VSP_Authcap/input_userDefined7'

2023-09-21 17:45:29 - [MESSAGE][PASSED] - Text 'Pune' is set on object 'Object Repository/AdminSuiteBootstrap_Pages/VSP_Bootstrap/VSP_Authcap/input_userDefined8'

2023-09-21 17:45:30 - [MESSAGE][PASSED] - Text 'Bhavnagar' is set on object 'Object Repository/AdminSuiteBootstrap_Pages/VSP_Bootstrap/VSP_Authcap/input_userDefined9'

2023-09-21 17:45:31 - [MESSAGE][PASSED] - Text 'Noida' is set on object 'Object Repository/AdminSuiteBootstrap_Pages/VSP_Bootstrap/VSP_Authcap/input_userDefined10'

2023-09-21 17:45:33 - [MESSAGE][PASSED] - Object: 'Object Repository/AdminSuiteBootstrap_Pages/VSP_Bootstrap/VSP_Authcap/button_Submit' is clicked on

2023-09-21 17:45:33 - [MESSAGE][PASSED] - vspBootstrap.SalePage.setDataSaleAndAuth is PASSED

2023-09-21 17:45:33 - [TEST_STEP][PASSED] - verifyTextPresent("Transaction Successful", true): Text 'Transaction Successful' is present on page  using regular expression

2023-09-21 17:45:33 - [MESSAGE][PASSED] - Text 'Transaction Successful' is present on page  using regular expression

2023-09-21 17:45:33 - [TEST_STEP][PASSED] - verifyElementVisible(findTestObject("Object Repository/AdminSuiteBootstrap_Pages/VT_Bootstrap/Receipt/button_Continue")): Object 'Object Repository/AdminSuiteBootstrap_Pages/VT_Bootstrap/Receipt/button_Continue' is visible

2023-09-21 17:45:33 - [MESSAGE][PASSED] - Object 'Object Repository/AdminSuiteBootstrap_Pages/VT_Bootstrap/Receipt/button_Continue' is visible

2023-09-21 17:45:33 - [TEST_STEP][PASSED] - verifyElementPresent(findTestObject("Object Repository/AdminSuiteBootstrap_Pages/VT_Bootstrap/Receipt/button_Continue"), 20): Object 'Object Repository/AdminSuiteBootstrap_Pages/VT_Bootstrap/Receipt/button_Continue' is present

2023-09-21 17:45:34 - [MESSAGE][PASSED] - Object 'Object Repository/AdminSuiteBootstrap_Pages/VT_Bootstrap/Receipt/button_Continue' is present

2023-09-21 17:45:34 - [TEST_STEP][PASSED] - verifyElementVisible(findTestObject("Object Repository/AdminSuiteBootstrap_Pages/VT_Bootstrap/Receipt/button_Print")): Object 'Object Repository/AdminSuiteBootstrap_Pages/VT_Bootstrap/Receipt/button_Print' is visible

2023-09-21 17:45:34 - [MESSAGE][PASSED] - Object 'Object Repository/AdminSuiteBootstrap_Pages/VT_Bootstrap/Receipt/button_Print' is visible

2023-09-21 17:45:34 - [TEST_STEP][PASSED] - verifyElementPresent(findTestObject("Object Repository/AdminSuiteBootstrap_Pages/VT_Bootstrap/Receipt/button_Print"), 20): Object 'Object Repository/AdminSuiteBootstrap_Pages/VT_Bootstrap/Receipt/button_Print' is present

2023-09-21 17:45:34 - [MESSAGE][PASSED] - Object 'Object Repository/AdminSuiteBootstrap_Pages/VT_Bootstrap/Receipt/button_Print' is present

2023-09-21 17:45:34 - [TEST_STEP][PASSED] - verifyTextPresent("Remittance ID", true): Text 'Remittance ID' is present on page  using regular expression

2023-09-21 17:45:35 - [MESSAGE][PASSED] - Text 'Remittance ID' is present on page  using regular expression

2023-09-21 17:45:35 - [TEST_STEP][PASSED] - verifyTextPresent("Received", true): Text 'Received' is present on page  using regular expression

2023-09-21 17:45:35 - [MESSAGE][PASSED] - Text 'Received' is present on page  using regular expression

2023-09-21 17:45:35 - [TEST_STEP][PASSED] - verifyTextPresent("UDF1", true): Text 'UDF1' is present on page  using regular expression

2023-09-21 17:45:35 - [MESSAGE][PASSED] - Text 'UDF1' is present on page  using regular expression

2023-09-21 17:45:35 - [TEST_STEP][PASSED] - verifyTextPresent("UDF2", true): Text 'UDF2' is present on page  using regular expression

2023-09-21 17:45:35 - [MESSAGE][PASSED] - Text 'UDF2' is present on page  using regular expression

2023-09-21 17:45:35 - [TEST_STEP][PASSED] - verifyTextPresent("UDF3", true): Text 'UDF3' is present on page  using regular expression

2023-09-21 17:45:36 - [MESSAGE][PASSED] - Text 'UDF3' is present on page  using regular expression

2023-09-21 17:45:36 - [TEST_STEP][PASSED] - verifyTextPresent("UDF4", true): Text 'UDF4' is present on page  using regular expression

2023-09-21 17:45:36 - [MESSAGE][PASSED] - Text 'UDF4' is present on page  using regular expression

2023-09-21 17:45:36 - [TEST_STEP][PASSED] - verifyTextPresent("UDF5", true): Text 'UDF5' is present on page  using regular expression

2023-09-21 17:45:36 - [MESSAGE][PASSED] - Text 'UDF5' is present on page  using regular expression

2023-09-21 17:45:36 - [TEST_STEP][PASSED] - verifyTextPresent("UDF6", true): Text 'UDF6' is present on page  using regular expression

2023-09-21 17:45:37 - [MESSAGE][PASSED] - Text 'UDF6' is present on page  using regular expression

2023-09-21 17:45:37 - [TEST_STEP][PASSED] - verifyTextPresent("UDF7", true): Text 'UDF7' is present on page  using regular expression

2023-09-21 17:45:37 - [MESSAGE][PASSED] - Text 'UDF7' is present on page  using regular expression

2023-09-21 17:45:37 - [TEST_STEP][PASSED] - verifyTextPresent("UDF8", true): Text 'UDF8' is present on page  using regular expression

2023-09-21 17:45:37 - [MESSAGE][PASSED] - Text 'UDF8' is present on page  using regular expression

2023-09-21 17:45:37 - [TEST_STEP][PASSED] - verifyTextPresent("UDF9", true): Text 'UDF9' is present on page  using regular expression

2023-09-21 17:45:38 - [MESSAGE][PASSED] - Text 'UDF9' is present on page  using regular expression

2023-09-21 17:45:38 - [TEST_STEP][PASSED] - verifyTextPresent("UDF 10", true): Text 'UDF 10' is present on page  using regular expression

2023-09-21 17:45:38 - [MESSAGE][PASSED] - Text 'UDF 10' is present on page  using regular expression

2023-09-21 17:45:38 - [TEST_STEP][PASSED] - verifyTextPresent("Delhi", true): Text 'Delhi' is present on page  using regular expression

2023-09-21 17:45:38 - [MESSAGE][PASSED] - Text 'Delhi' is present on page  using regular expression

2023-09-21 17:45:38 - [TEST_STEP][PASSED] - verifyTextPresent("Chennai", true): Text 'Chennai' is present on page  using regular expression

2023-09-21 17:45:38 - [MESSAGE][PASSED] - Text 'Chennai' is present on page  using regular expression

2023-09-21 17:45:38 - [TEST_STEP][PASSED] - verifyTextPresent("Mumbai", true): Text 'Mumbai' is present on page  using regular expression

2023-09-21 17:45:39 - [MESSAGE][PASSED] - Text 'Mumbai' is present on page  using regular expression

2023-09-21 17:45:39 - [TEST_STEP][PASSED] - verifyTextPresent("Kanpur", true): Text 'Kanpur' is present on page  using regular expression

2023-09-21 17:45:39 - [MESSAGE][PASSED] - Text 'Kanpur' is present on page  using regular expression

2023-09-21 17:45:39 - [TEST_STEP][PASSED] - verifyTextPresent("Orange Recorded", true): Text 'Orange Recorded' is present on page  using regular expression

2023-09-21 17:45:39 - [MESSAGE][PASSED] - Text 'Orange Recorded' is present on page  using regular expression

2023-09-21 17:45:39 - [TEST_STEP][PASSED] - verifyTextPresent("Yellow Recorded", true): Text 'Yellow Recorded' is present on page  using regular expression

2023-09-21 17:45:40 - [MESSAGE][PASSED] - Text 'Yellow Recorded' is present on page  using regular expression

2023-09-21 17:45:40 - [TEST_STEP][PASSED] - verifyTextPresent("Kolkata", true): Text 'Kolkata' is present on page  using regular expression

2023-09-21 17:45:40 - [MESSAGE][PASSED] - Text 'Kolkata' is present on page  using regular expression

2023-09-21 17:45:40 - [TEST_STEP][PASSED] - verifyTextPresent("Pune", true): Text 'Pune' is present on page  using regular expression

2023-09-21 17:45:40 - [MESSAGE][PASSED] - Text 'Pune' is present on page  using regular expression

2023-09-21 17:45:40 - [TEST_STEP][PASSED] - verifyTextPresent("Bhavnagar", true): Text 'Bhavnagar' is present on page  using regular expression

2023-09-21 17:45:41 - [MESSAGE][PASSED] - Text 'Bhavnagar' is present on page  using regular expression

2023-09-21 17:45:41 - [TEST_STEP][PASSED] - verifyTextPresent("Noida", true): Text 'Noida' is present on page  using regular expression

2023-09-21 17:45:41 - [MESSAGE][PASSED] - Text 'Noida' is present on page  using regular expression

2023-09-21 17:45:41 - [TEST_STEP][PASSED] - verifyTextPresent("Amount", true): Text 'Amount' is present on page  using regular expression

2023-09-21 17:45:41 - [MESSAGE][PASSED] - Text 'Amount' is present on page  using regular expression

2023-09-21 17:45:41 - [TEST_STEP][PASSED] - verifyTextPresent("2.50", true): Text '2.50' is present on page  using regular expression

2023-09-21 17:45:41 - [MESSAGE][PASSED] - Text '2.50' is present on page  using regular expression

2023-09-21 17:45:41 - [TEST_STEP][PASSED] - verifyTextPresent("Authorization", true): Text 'Authorization' is present on page  using regular expression

2023-09-21 17:45:42 - [MESSAGE][PASSED] - Text 'Authorization' is present on page  using regular expression

2023-09-21 17:45:42 - [TEST_STEP][PASSED] - verifyTextPresent("Card Information", true): Text 'Card Information' is present on page  using regular expression

2023-09-21 17:45:42 - [MESSAGE][PASSED] - Text 'Card Information' is present on page  using regular expression

2023-09-21 17:45:42 - [TEST_STEP][PASSED] - verifyTextPresent("TANDON RAVENA", true): Text 'TANDON RAVENA' is present on page  using regular expression

2023-09-21 17:45:42 - [MESSAGE][PASSED] - Text 'TANDON RAVENA' is present on page  using regular expression

2023-09-21 17:45:42 - [TEST_STEP][PASSED] - verifyTextPresent("Address Line 1", true): Text 'Address Line 1' is present on page  using regular expression

2023-09-21 17:45:43 - [MESSAGE][PASSED] - Text 'Address Line 1' is present on page  using regular expression

2023-09-21 17:45:43 - [TEST_STEP][PASSED] - verifyTextPresent("Address Line 2", true): Text 'Address Line 2' is present on page  using regular expression

2023-09-21 17:45:43 - [MESSAGE][PASSED] - Text 'Address Line 2' is present on page  using regular expression

2023-09-21 17:45:43 - [TEST_STEP][PASSED] - verifyTextPresent("Country", true): Text 'Country' is present on page  using regular expression

2023-09-21 17:45:43 - [MESSAGE][PASSED] - Text 'Country' is present on page  using regular expression

2023-09-21 17:45:43 - [TEST_STEP][PASSED] - verifyTextPresent("City", true): Text 'City' is present on page  using regular expression

2023-09-21 17:45:44 - [MESSAGE][PASSED] - Text 'City' is present on page  using regular expression

2023-09-21 17:45:44 - [TEST_STEP][PASSED] - verifyTextPresent("State", true): Text 'State' is present on page  using regular expression

2023-09-21 17:45:44 - [MESSAGE][PASSED] - Text 'State' is present on page  using regular expression

2023-09-21 17:45:44 - [TEST_STEP][PASSED] - verifyTextPresent("ZIP Code", true): Text 'ZIP Code' is present on page  using regular expression

2023-09-21 17:45:44 - [MESSAGE][PASSED] - Text 'ZIP Code' is present on page  using regular expression

2023-09-21 17:45:44 - [TEST_STEP][PASSED] - verifyTextPresent("248 PhoolKaante road", true): Text '248 PhoolKaante road' is present on page  using regular expression

2023-09-21 17:45:44 - [MESSAGE][PASSED] - Text '248 PhoolKaante road' is present on page  using regular expression

2023-09-21 17:45:44 - [TEST_STEP][PASSED] - verifyTextPresent("Suite 678", true): Text 'Suite 678' is present on page  using regular expression

2023-09-21 17:45:45 - [MESSAGE][PASSED] - Text 'Suite 678' is present on page  using regular expression

2023-09-21 17:45:45 - [TEST_STEP][PASSED] - verifyTextPresent("United States", true): Text 'United States' is present on page  using regular expression

2023-09-21 17:45:45 - [MESSAGE][PASSED] - Text 'United States' is present on page  using regular expression

2023-09-21 17:45:45 - [TEST_STEP][PASSED] - verifyTextPresent("ARLINGTON", true): Text 'ARLINGTON' is present on page  using regular expression

2023-09-21 17:45:45 - [MESSAGE][PASSED] - Text 'ARLINGTON' is present on page  using regular expression

2023-09-21 17:45:45 - [TEST_STEP][PASSED] - verifyTextPresent("VA", true): Text 'VA' is present on page  using regular expression

2023-09-21 17:45:46 - [MESSAGE][PASSED] - Text 'VA' is present on page  using regular expression

2023-09-21 17:45:46 - [TEST_STEP][PASSED] - verifyTextPresent("22201", true): Text '22201' is present on page  using regular expression

2023-09-21 17:45:46 - [MESSAGE][PASSED] - Text '22201' is present on page  using regular expression

2023-09-21 17:45:46 - [TEST_STEP][PASSED] - cardTypeV = findTestData(dataFile).getValue("CardType", row): null

2023-09-21 17:45:46 - [TEST_STEP][PASSED] - last4V = findTestData(dataFile).getValue("Last4", row): null

2023-09-21 17:45:46 - [TEST_STEP][PASSED] - verifyTextPresent(cardTypeV, true): Text 'MasterCard' is present on page  using regular expression

2023-09-21 17:45:46 - [MESSAGE][PASSED] - Text 'MasterCard' is present on page  using regular expression

2023-09-21 17:45:46 - [TEST_STEP][PASSED] - verifyTextPresent(last4V, true): Text '0035' is present on page  using regular expression

2023-09-21 17:45:47 - [MESSAGE][PASSED] - Text '0035' is present on page  using regular expression

2023-09-21 17:45:47 - [TEST_STEP][PASSED] - switch (appName): null

2023-09-21 17:45:47 - [TEST_STEP][PASSED] - case "a_Access AutoDualCFtpQA":: null

2023-09-21 17:45:47 - [TEST_STEP][PASSED] - verifyTextPresent("5.00", true): Text '5.00' is present on page  using regular expression

2023-09-21 17:45:47 - [MESSAGE][PASSED] - Text '5.00' is present on page  using regular expression

2023-09-21 17:45:47 - [TEST_STEP][PASSED] - verifyTextPresent("Dual Transaction", true): Text 'Dual Transaction' is present on page  using regular expression

2023-09-21 17:45:47 - [MESSAGE][PASSED] - Text 'Dual Transaction' is present on page  using regular expression

2023-09-21 17:45:47 - [TEST_STEP][PASSED] - verifyTextPresent("7.50", true): Text '7.50' is present on page  using regular expression

2023-09-21 17:45:47 - [MESSAGE][PASSED] - Text '7.50' is present on page  using regular expression

2023-09-21 17:45:47 - [TEST_STEP][PASSED] - verifyTextPresent("Total Amount", true): Text 'Total Amount' is present on page  using regular expression

2023-09-21 17:45:48 - [MESSAGE][PASSED] - Text 'Total Amount' is present on page  using regular expression

2023-09-21 17:45:48 - [TEST_STEP][PASSED] - verifyTextPresent("Transaction Type", true): Text 'Transaction Type' is present on page  using regular expression

2023-09-21 17:45:48 - [MESSAGE][PASSED] - Text 'Transaction Type' is present on page  using regular expression

2023-09-21 17:45:48 - [TEST_STEP][PASSED] - break: null

2023-09-21 17:45:48 - [TEST_STEP][PASSED] - closeBrowser(): Browser is closed

2023-09-21 17:45:49 - [MESSAGE][PASSED] - Browser is closed

2023-09-21 17:45:49 - [TEST_STEP][PASSED] - ExecuteTC = findTestData(dataFile).getValue("Execute", row): null

2023-09-21 17:45:49 - [TEST_STEP][PASSED] - out.println("Value of Execute is : " + ExecuteTC): null

2023-09-21 17:45:49 - [TEST_STEP][PASSED] - switch (executionProfile): null

2023-09-21 17:45:49 - [TEST_STEP][PASSED] - case "QA2Profile":: null

2023-09-21 17:45:49 - [TEST_STEP][PASSED] - appName = findTestData(dataFile).getValue("AppNameQA", row): null

2023-09-21 17:45:49 - [TEST_STEP][PASSED] - appID = findTestData(dataFile).getValue("AppIDQA", row): null

2023-09-21 17:45:49 - [TEST_STEP][PASSED] - break: null

2023-09-21 17:45:49 - [TEST_STEP][PASSED] - if (ExecuteTC.equalsIgnoreCase("Y")): null

2023-09-21 17:45:49 - [TEST_STEP][PASSED] - out.println("Begin Record Number: " + row): null

2023-09-21 17:45:49 - [TEST_STEP][PASSED] - today = new java.util.Date(): null

2023-09-21 17:45:49 - [TEST_STEP][PASSED] - println(today): null

2023-09-21 17:45:49 - [TEST_STEP][PASSED] - datText = today: null

2023-09-21 17:45:49 - [TEST_STEP][PASSED] - adminSuiteBootstrap.loginFunctionality.login_AdminSuite(): adminSuiteBootstrap.loginFunctionality.login_AdminSuite is PASSED

2023-09-21 17:45:49 - [MESSAGE][INFO] - Starting 'Chrome' driver

2023-09-21 17:45:49 - [MESSAGE][INFO] - User set preference: ['acceptInsecureCerts', 'true']

2023-09-21 17:45:49 - [MESSAGE][INFO] - Action delay is set to 0 milliseconds

2023-09-21 17:45:52 - [MESSAGE][PASSED] - Browser is opened with url: 'https://qa2.velocitypayment.com/admin/imtiaz'

2023-09-21 17:45:52 - [MESSAGE][PASSED] - Current window maximized

2023-09-21 17:45:52 - [MESSAGE][PASSED] - Object 'Object Repository/Login_Page/Login_Username_Okta' is present

2023-09-21 17:45:53 - [MESSAGE][PASSED] - Text 'iahmed' is set on object 'Object Repository/Login_Page/Login_Username_Okta'

2023-09-21 17:45:54 - [MESSAGE][PASSED] - Text 'Hello1111111@' is set on object 'Object Repository/Login_Page/Login_Password_Okta'

2023-09-21 17:45:55 - [MESSAGE][PASSED] - Object: 'Object Repository/Login_Page/Login_Submit_Okta' is clicked on

2023-09-21 17:45:55 - [MESSAGE][PASSED] - adminSuiteBootstrap.loginFunctionality.login_AdminSuite is PASSED

2023-09-21 17:45:55 - [TEST_STEP][PASSED] - click(findTestObject(path_Dashboard + appName)): Object: 'Object Repository/AdminSuiteBootstrap_Pages/Dashboard_Bootstrap/a_Access AutoDualCFtpQA' is clicked on

2023-09-21 17:46:01 - [MESSAGE][PASSED] - Object: 'Object Repository/AdminSuiteBootstrap_Pages/Dashboard_Bootstrap/a_Access AutoDualCFtpQA' is clicked on

2023-09-21 17:46:01 - [TEST_STEP][PASSED] - click(findTestObject(path_VT + "a_Find Profile")): Object: 'Object Repository/AdminSuiteBootstrap_Pages/VT_Bootstrap/IssueTransactions/a_Find Profile' is clicked on

2023-09-21 17:46:02 - [MESSAGE][PASSED] - Object: 'Object Repository/AdminSuiteBootstrap_Pages/VT_Bootstrap/IssueTransactions/a_Find Profile' is clicked on

2023-09-21 17:46:02 - [TEST_STEP][PASSED] - criteria = <not implemented yet for class: org.codehaus.groovy.ast.expr.EmptyExpression>: null

2023-09-21 17:46:02 - [TEST_STEP][PASSED] - searchBy = <not implemented yet for class: org.codehaus.groovy.ast.expr.EmptyExpression>: null

2023-09-21 17:46:02 - [TEST_STEP][PASSED] - criteria = findTestData(dataFile).getValue("ProfileName", row): null

2023-09-21 17:46:02 - [TEST_STEP][PASSED] - path_SearchProfile = "Object Repository/AdminSuiteBootstrap_Pages/VSP_Bootstrap/SearchProfile/": null

2023-09-21 17:46:02 - [TEST_STEP][PASSED] - setText(findTestObject(path_SearchProfile + "input_Criteria"), criteria): Text 'PaymentsAmEx' is set on object 'Object Repository/AdminSuiteBootstrap_Pages/VSP_Bootstrap/SearchProfile/input_Criteria'

2023-09-21 17:46:03 - [MESSAGE][PASSED] - Text 'PaymentsAmEx' is set on object 'Object Repository/AdminSuiteBootstrap_Pages/VSP_Bootstrap/SearchProfile/input_Criteria'

2023-09-21 17:46:03 - [TEST_STEP][PASSED] - click(findTestObject(path_SearchProfile + "button_Search")): Object: 'Object Repository/AdminSuiteBootstrap_Pages/VSP_Bootstrap/SearchProfile/button_Search' is clicked on

2023-09-21 17:46:03 - [MESSAGE][PASSED] - Object: 'Object Repository/AdminSuiteBootstrap_Pages/VSP_Bootstrap/SearchProfile/button_Search' is clicked on

2023-09-21 17:46:03 - [TEST_STEP][PASSED] - profNameLink = findTestData(dataFile).getValue("ProfileNameLink", row): null

2023-09-21 17:46:03 - [TEST_STEP][PASSED] - click(findTestObject(path_ViewProfile + profNameLink)): Object: 'Object Repository/AdminSuiteBootstrap_Pages/VSP_Bootstrap/View Profile/a_PaymentsAmEx' is clicked on

2023-09-21 17:46:05 - [MESSAGE][PASSED] - Object: 'Object Repository/AdminSuiteBootstrap_Pages/VSP_Bootstrap/View Profile/a_PaymentsAmEx' is clicked on

2023-09-21 17:46:05 - [TEST_STEP][PASSED] - click(findTestObject(path_ViewProfile + "a_Auth")): Object: 'Object Repository/AdminSuiteBootstrap_Pages/VSP_Bootstrap/View Profile/a_Auth' is clicked on

2023-09-21 17:46:06 - [MESSAGE][PASSED] - Object: 'Object Repository/AdminSuiteBootstrap_Pages/VSP_Bootstrap/View Profile/a_Auth' is clicked on

2023-09-21 17:46:06 - [TEST_STEP][PASSED] - verifyTextPresent("Credit Card Authorization", true): Text 'Credit Card Authorization' is present on page  using regular expression

2023-09-21 17:46:07 - [MESSAGE][PASSED] - Text 'Credit Card Authorization' is present on page  using regular expression

2023-09-21 17:46:07 - [TEST_STEP][PASSED] - verifyTextPresent("Required fields are highlighted with an asterisk", true): Text 'Required fields are highlighted with an asterisk' is present on page  using regular expression

2023-09-21 17:46:07 - [MESSAGE][PASSED] - Text 'Required fields are highlighted with an asterisk' is present on page  using regular expression

2023-09-21 17:46:07 - [TEST_STEP][PASSED] - verifyTextPresent("Remittance ID", true): Text 'Remittance ID' is present on page  using regular expression

2023-09-21 17:46:07 - [MESSAGE][PASSED] - Text 'Remittance ID' is present on page  using regular expression

2023-09-21 17:46:07 - [TEST_STEP][PASSED] - vspBootstrap.SalePage.setDataSaleAndAuth(row, dataFile): vspBootstrap.SalePage.setDataSaleAndAuth is PASSED

2023-09-21 17:46:09 - [MESSAGE][PASSED] - All options with value 'MOTO' are selected in object 'Object Repository/AdminSuiteBootstrap_Pages/VSP_Bootstrap/VSP_Authcap/select_TransactionCategory'  using regular expression

2023-09-21 17:46:10 - [MESSAGE][PASSED] - Text '1234' is set on object 'Object Repository/AdminSuiteBootstrap_Pages/VSP_Bootstrap/VSP_Authcap/input_cvv'

2023-09-21 17:46:10 - [MESSAGE][PASSED] - Text '' is set on object 'Object Repository/AdminSuiteBootstrap_Pages/VSP_Bootstrap/VSP_Authcap/input_smsNumber'

2023-09-21 17:46:11 - [MESSAGE][PASSED] - Text '2.50' is set on object 'Object Repository/AdminSuiteBootstrap_Pages/VSP_Bootstrap/VSP_Authcap/input_amount'

2023-09-21 17:46:12 - [MESSAGE][PASSED] - Text 'Delhi' is set on object 'Object Repository/AdminSuiteBootstrap_Pages/VSP_Bootstrap/VSP_Authcap/input_userDefined1'

2023-09-21 17:46:13 - [MESSAGE][PASSED] - Text 'Chennai' is set on object 'Object Repository/AdminSuiteBootstrap_Pages/VSP_Bootstrap/VSP_Authcap/input_userDefined2'

2023-09-21 17:46:13 - [MESSAGE][PASSED] - Text 'Mumbai' is set on object 'Object Repository/AdminSuiteBootstrap_Pages/VSP_Bootstrap/VSP_Authcap/input_userDefined3'

2023-09-21 17:46:14 - [MESSAGE][PASSED] - Text 'Kanpur' is set on object 'Object Repository/AdminSuiteBootstrap_Pages/VSP_Bootstrap/VSP_Authcap/input_userDefined4'

2023-09-21 17:46:15 - [MESSAGE][PASSED] - All options with label 'Orange' are selected in object 'Object Repository/AdminSuiteBootstrap_Pages/VSP_Bootstrap/VSP_Authcap/select_UDF5'  using regular expression

2023-09-21 17:46:15 - [MESSAGE][PASSED] - All options with label 'Yellow' are selected in object 'Object Repository/AdminSuiteBootstrap_Pages/VSP_Bootstrap/VSP_Authcap/select_UDF6'  using regular expression

2023-09-21 17:46:16 - [MESSAGE][PASSED] - Text 'Kolkata' is set on object 'Object Repository/AdminSuiteBootstrap_Pages/VSP_Bootstrap/VSP_Authcap/input_userDefined7'

2023-09-21 17:46:17 - [MESSAGE][PASSED] - Text 'Pune' is set on object 'Object Repository/AdminSuiteBootstrap_Pages/VSP_Bootstrap/VSP_Authcap/input_userDefined8'

2023-09-21 17:46:17 - [MESSAGE][PASSED] - Text 'Bhavnagar' is set on object 'Object Repository/AdminSuiteBootstrap_Pages/VSP_Bootstrap/VSP_Authcap/input_userDefined9'

2023-09-21 17:46:18 - [MESSAGE][PASSED] - Text 'Noida' is set on object 'Object Repository/AdminSuiteBootstrap_Pages/VSP_Bootstrap/VSP_Authcap/input_userDefined10'

2023-09-21 17:46:20 - [MESSAGE][PASSED] - Object: 'Object Repository/AdminSuiteBootstrap_Pages/VSP_Bootstrap/VSP_Authcap/button_Submit' is clicked on

2023-09-21 17:46:20 - [MESSAGE][PASSED] - vspBootstrap.SalePage.setDataSaleAndAuth is PASSED

2023-09-21 17:46:20 - [TEST_STEP][PASSED] - verifyTextPresent("Transaction Successful", true): Text 'Transaction Successful' is present on page  using regular expression

2023-09-21 17:46:20 - [MESSAGE][PASSED] - Text 'Transaction Successful' is present on page  using regular expression

2023-09-21 17:46:20 - [TEST_STEP][PASSED] - verifyElementVisible(findTestObject("Object Repository/AdminSuiteBootstrap_Pages/VT_Bootstrap/Receipt/button_Continue")): Object 'Object Repository/AdminSuiteBootstrap_Pages/VT_Bootstrap/Receipt/button_Continue' is visible

2023-09-21 17:46:21 - [MESSAGE][PASSED] - Object 'Object Repository/AdminSuiteBootstrap_Pages/VT_Bootstrap/Receipt/button_Continue' is visible

2023-09-21 17:46:21 - [TEST_STEP][PASSED] - verifyElementPresent(findTestObject("Object Repository/AdminSuiteBootstrap_Pages/VT_Bootstrap/Receipt/button_Continue"), 20): Object 'Object Repository/AdminSuiteBootstrap_Pages/VT_Bootstrap/Receipt/button_Continue' is present

2023-09-21 17:46:21 - [MESSAGE][PASSED] - Object 'Object Repository/AdminSuiteBootstrap_Pages/VT_Bootstrap/Receipt/button_Continue' is present

2023-09-21 17:46:21 - [TEST_STEP][PASSED] - verifyElementVisible(findTestObject("Object Repository/AdminSuiteBootstrap_Pages/VT_Bootstrap/Receipt/button_Print")): Object 'Object Repository/AdminSuiteBootstrap_Pages/VT_Bootstrap/Receipt/button_Print' is visible

2023-09-21 17:46:21 - [MESSAGE][PASSED] - Object 'Object Repository/AdminSuiteBootstrap_Pages/VT_Bootstrap/Receipt/button_Print' is visible

2023-09-21 17:46:21 - [TEST_STEP][PASSED] - verifyElementPresent(findTestObject("Object Repository/AdminSuiteBootstrap_Pages/VT_Bootstrap/Receipt/button_Print"), 20): Object 'Object Repository/AdminSuiteBootstrap_Pages/VT_Bootstrap/Receipt/button_Print' is present

2023-09-21 17:46:21 - [MESSAGE][PASSED] - Object 'Object Repository/AdminSuiteBootstrap_Pages/VT_Bootstrap/Receipt/button_Print' is present

2023-09-21 17:46:21 - [TEST_STEP][PASSED] - verifyTextPresent("Remittance ID", true): Text 'Remittance ID' is present on page  using regular expression

2023-09-21 17:46:22 - [MESSAGE][PASSED] - Text 'Remittance ID' is present on page  using regular expression

2023-09-21 17:46:22 - [TEST_STEP][PASSED] - verifyTextPresent("Received", true): Text 'Received' is present on page  using regular expression

2023-09-21 17:46:22 - [MESSAGE][PASSED] - Text 'Received' is present on page  using regular expression

2023-09-21 17:46:22 - [TEST_STEP][PASSED] - verifyTextPresent("UDF1", true): Text 'UDF1' is present on page  using regular expression

2023-09-21 17:46:22 - [MESSAGE][PASSED] - Text 'UDF1' is present on page  using regular expression

2023-09-21 17:46:22 - [TEST_STEP][PASSED] - verifyTextPresent("UDF2", true): Text 'UDF2' is present on page  using regular expression

2023-09-21 17:46:23 - [MESSAGE][PASSED] - Text 'UDF2' is present on page  using regular expression

2023-09-21 17:46:23 - [TEST_STEP][PASSED] - verifyTextPresent("UDF3", true): Text 'UDF3' is present on page  using regular expression

2023-09-21 17:46:23 - [MESSAGE][PASSED] - Text 'UDF3' is present on page  using regular expression

2023-09-21 17:46:23 - [TEST_STEP][PASSED] - verifyTextPresent("UDF4", true): Text 'UDF4' is present on page  using regular expression

2023-09-21 17:46:23 - [MESSAGE][PASSED] - Text 'UDF4' is present on page  using regular expression

2023-09-21 17:46:23 - [TEST_STEP][PASSED] - verifyTextPresent("UDF5", true): Text 'UDF5' is present on page  using regular expression

2023-09-21 17:46:24 - [MESSAGE][PASSED] - Text 'UDF5' is present on page  using regular expression

2023-09-21 17:46:24 - [TEST_STEP][PASSED] - verifyTextPresent("UDF6", true): Text 'UDF6' is present on page  using regular expression

2023-09-21 17:46:24 - [MESSAGE][PASSED] - Text 'UDF6' is present on page  using regular expression

2023-09-21 17:46:24 - [TEST_STEP][PASSED] - verifyTextPresent("UDF7", true): Text 'UDF7' is present on page  using regular expression

2023-09-21 17:46:24 - [MESSAGE][PASSED] - Text 'UDF7' is present on page  using regular expression

2023-09-21 17:46:24 - [TEST_STEP][PASSED] - verifyTextPresent("UDF8", true): Text 'UDF8' is present on page  using regular expression

2023-09-21 17:46:24 - [MESSAGE][PASSED] - Text 'UDF8' is present on page  using regular expression

2023-09-21 17:46:24 - [TEST_STEP][PASSED] - verifyTextPresent("UDF9", true): Text 'UDF9' is present on page  using regular expression

2023-09-21 17:46:25 - [MESSAGE][PASSED] - Text 'UDF9' is present on page  using regular expression

2023-09-21 17:46:25 - [TEST_STEP][PASSED] - verifyTextPresent("UDF 10", true): Text 'UDF 10' is present on page  using regular expression

2023-09-21 17:46:25 - [MESSAGE][PASSED] - Text 'UDF 10' is present on page  using regular expression

2023-09-21 17:46:25 - [TEST_STEP][PASSED] - verifyTextPresent("Delhi", true): Text 'Delhi' is present on page  using regular expression

2023-09-21 17:46:25 - [MESSAGE][PASSED] - Text 'Delhi' is present on page  using regular expression

2023-09-21 17:46:25 - [TEST_STEP][PASSED] - verifyTextPresent("Chennai", true): Text 'Chennai' is present on page  using regular expression

2023-09-21 17:46:26 - [MESSAGE][PASSED] - Text 'Chennai' is present on page  using regular expression

2023-09-21 17:46:26 - [TEST_STEP][PASSED] - verifyTextPresent("Mumbai", true): Text 'Mumbai' is present on page  using regular expression

2023-09-21 17:46:26 - [MESSAGE][PASSED] - Text 'Mumbai' is present on page  using regular expression

2023-09-21 17:46:26 - [TEST_STEP][PASSED] - verifyTextPresent("Kanpur", true): Text 'Kanpur' is present on page  using regular expression

2023-09-21 17:46:26 - [MESSAGE][PASSED] - Text 'Kanpur' is present on page  using regular expression

2023-09-21 17:46:26 - [TEST_STEP][PASSED] - verifyTextPresent("Orange Recorded", true): Text 'Orange Recorded' is present on page  using regular expression

2023-09-21 17:46:27 - [MESSAGE][PASSED] - Text 'Orange Recorded' is present on page  using regular expression

2023-09-21 17:46:27 - [TEST_STEP][PASSED] - verifyTextPresent("Yellow Recorded", true): Text 'Yellow Recorded' is present on page  using regular expression

2023-09-21 17:46:27 - [MESSAGE][PASSED] - Text 'Yellow Recorded' is present on page  using regular expression

2023-09-21 17:46:27 - [TEST_STEP][PASSED] - verifyTextPresent("Kolkata", true): Text 'Kolkata' is present on page  using regular expression

2023-09-21 17:46:27 - [MESSAGE][PASSED] - Text 'Kolkata' is present on page  using regular expression

2023-09-21 17:46:27 - [TEST_STEP][PASSED] - verifyTextPresent("Pune", true): Text 'Pune' is present on page  using regular expression

2023-09-21 17:46:27 - [MESSAGE][PASSED] - Text 'Pune' is present on page  using regular expression

2023-09-21 17:46:27 - [TEST_STEP][PASSED] - verifyTextPresent("Bhavnagar", true): Text 'Bhavnagar' is present on page  using regular expression

2023-09-21 17:46:28 - [MESSAGE][PASSED] - Text 'Bhavnagar' is present on page  using regular expression

2023-09-21 17:46:28 - [TEST_STEP][PASSED] - verifyTextPresent("Noida", true): Text 'Noida' is present on page  using regular expression

2023-09-21 17:46:28 - [MESSAGE][PASSED] - Text 'Noida' is present on page  using regular expression

2023-09-21 17:46:28 - [TEST_STEP][PASSED] - verifyTextPresent("Amount", true): Text 'Amount' is present on page  using regular expression

2023-09-21 17:46:28 - [MESSAGE][PASSED] - Text 'Amount' is present on page  using regular expression

2023-09-21 17:46:28 - [TEST_STEP][PASSED] - verifyTextPresent("2.50", true): Text '2.50' is present on page  using regular expression

2023-09-21 17:46:29 - [MESSAGE][PASSED] - Text '2.50' is present on page  using regular expression

2023-09-21 17:46:29 - [TEST_STEP][PASSED] - verifyTextPresent("Authorization", true): Text 'Authorization' is present on page  using regular expression

2023-09-21 17:46:29 - [MESSAGE][PASSED] - Text 'Authorization' is present on page  using regular expression

2023-09-21 17:46:29 - [TEST_STEP][PASSED] - verifyTextPresent("Card Information", true): Text 'Card Information' is present on page  using regular expression

2023-09-21 17:46:29 - [MESSAGE][PASSED] - Text 'Card Information' is present on page  using regular expression

2023-09-21 17:46:29 - [TEST_STEP][PASSED] - verifyTextPresent("TANDON RAVENA", true): Text 'TANDON RAVENA' is present on page  using regular expression

2023-09-21 17:46:30 - [MESSAGE][PASSED] - Text 'TANDON RAVENA' is present on page  using regular expression

2023-09-21 17:46:30 - [TEST_STEP][PASSED] - verifyTextPresent("Address Line 1", true): Text 'Address Line 1' is present on page  using regular expression

2023-09-21 17:46:30 - [MESSAGE][PASSED] - Text 'Address Line 1' is present on page  using regular expression

2023-09-21 17:46:30 - [TEST_STEP][PASSED] - verifyTextPresent("Address Line 2", true): Text 'Address Line 2' is present on page  using regular expression

2023-09-21 17:46:30 - [MESSAGE][PASSED] - Text 'Address Line 2' is present on page  using regular expression

2023-09-21 17:46:30 - [TEST_STEP][PASSED] - verifyTextPresent("Country", true): Text 'Country' is present on page  using regular expression

2023-09-21 17:46:30 - [MESSAGE][PASSED] - Text 'Country' is present on page  using regular expression

2023-09-21 17:46:30 - [TEST_STEP][PASSED] - verifyTextPresent("City", true): Text 'City' is present on page  using regular expression

2023-09-21 17:46:31 - [MESSAGE][PASSED] - Text 'City' is present on page  using regular expression

2023-09-21 17:46:31 - [TEST_STEP][PASSED] - verifyTextPresent("State", true): Text 'State' is present on page  using regular expression

2023-09-21 17:46:31 - [MESSAGE][PASSED] - Text 'State' is present on page  using regular expression

2023-09-21 17:46:31 - [TEST_STEP][PASSED] - verifyTextPresent("ZIP Code", true): Text 'ZIP Code' is present on page  using regular expression

2023-09-21 17:46:31 - [MESSAGE][PASSED] - Text 'ZIP Code' is present on page  using regular expression

2023-09-21 17:46:31 - [TEST_STEP][PASSED] - verifyTextPresent("248 PhoolKaante road", true): Text '248 PhoolKaante road' is present on page  using regular expression

2023-09-21 17:46:32 - [MESSAGE][PASSED] - Text '248 PhoolKaante road' is present on page  using regular expression

2023-09-21 17:46:32 - [TEST_STEP][PASSED] - verifyTextPresent("Suite 678", true): Text 'Suite 678' is present on page  using regular expression

2023-09-21 17:46:32 - [MESSAGE][PASSED] - Text 'Suite 678' is present on page  using regular expression

2023-09-21 17:46:32 - [TEST_STEP][PASSED] - verifyTextPresent("United States", true): Text 'United States' is present on page  using regular expression

2023-09-21 17:46:32 - [MESSAGE][PASSED] - Text 'United States' is present on page  using regular expression

2023-09-21 17:46:32 - [TEST_STEP][PASSED] - verifyTextPresent("ARLINGTON", true): Text 'ARLINGTON' is present on page  using regular expression

2023-09-21 17:46:32 - [MESSAGE][PASSED] - Text 'ARLINGTON' is present on page  using regular expression

2023-09-21 17:46:32 - [TEST_STEP][PASSED] - verifyTextPresent("VA", true): Text 'VA' is present on page  using regular expression

2023-09-21 17:46:33 - [MESSAGE][PASSED] - Text 'VA' is present on page  using regular expression

2023-09-21 17:46:33 - [TEST_STEP][PASSED] - verifyTextPresent("22201", true): Text '22201' is present on page  using regular expression

2023-09-21 17:46:33 - [MESSAGE][PASSED] - Text '22201' is present on page  using regular expression

2023-09-21 17:46:33 - [TEST_STEP][PASSED] - cardTypeV = findTestData(dataFile).getValue("CardType", row): null

2023-09-21 17:46:33 - [TEST_STEP][PASSED] - last4V = findTestData(dataFile).getValue("Last4", row): null

2023-09-21 17:46:33 - [TEST_STEP][PASSED] - verifyTextPresent(cardTypeV, true): Text 'American Express' is present on page  using regular expression

2023-09-21 17:46:33 - [MESSAGE][PASSED] - Text 'American Express' is present on page  using regular expression

2023-09-21 17:46:33 - [TEST_STEP][PASSED] - verifyTextPresent(last4V, true): Text '2376' is present on page  using regular expression

2023-09-21 17:46:34 - [MESSAGE][PASSED] - Text '2376' is present on page  using regular expression

2023-09-21 17:46:34 - [TEST_STEP][PASSED] - switch (appName): null

2023-09-21 17:46:34 - [TEST_STEP][PASSED] - case "a_Access AutoDualCFtpQA":: null

2023-09-21 17:46:34 - [TEST_STEP][PASSED] - verifyTextPresent("5.00", true): Text '5.00' is present on page  using regular expression

2023-09-21 17:46:34 - [MESSAGE][PASSED] - Text '5.00' is present on page  using regular expression

2023-09-21 17:46:34 - [TEST_STEP][PASSED] - verifyTextPresent("Dual Transaction", true): Text 'Dual Transaction' is present on page  using regular expression

2023-09-21 17:46:34 - [MESSAGE][PASSED] - Text 'Dual Transaction' is present on page  using regular expression

2023-09-21 17:46:34 - [TEST_STEP][PASSED] - verifyTextPresent("7.50", true): Text '7.50' is present on page  using regular expression

2023-09-21 17:46:35 - [MESSAGE][PASSED] - Text '7.50' is present on page  using regular expression

2023-09-21 17:46:35 - [TEST_STEP][PASSED] - verifyTextPresent("Total Amount", true): Text 'Total Amount' is present on page  using regular expression

2023-09-21 17:46:35 - [MESSAGE][PASSED] - Text 'Total Amount' is present on page  using regular expression

2023-09-21 17:46:35 - [TEST_STEP][PASSED] - verifyTextPresent("Transaction Type", true): Text 'Transaction Type' is present on page  using regular expression

2023-09-21 17:46:35 - [MESSAGE][PASSED] - Text 'Transaction Type' is present on page  using regular expression

2023-09-21 17:46:35 - [TEST_STEP][PASSED] - break: null

2023-09-21 17:46:35 - [TEST_STEP][PASSED] - closeBrowser(): Browser is closed

2023-09-21 17:46:36 - [MESSAGE][PASSED] - Browser is closed

2023-09-21 17:46:36 - [TEST_STEP][PASSED] - ExecuteTC = findTestData(dataFile).getValue("Execute", row): null

2023-09-21 17:46:36 - [TEST_STEP][PASSED] - out.println("Value of Execute is : " + ExecuteTC): null

2023-09-21 17:46:36 - [TEST_STEP][PASSED] - switch (executionProfile): null

2023-09-21 17:46:36 - [TEST_STEP][PASSED] - case "QA2Profile":: null

2023-09-21 17:46:36 - [TEST_STEP][PASSED] - appName = findTestData(dataFile).getValue("AppNameQA", row): null

2023-09-21 17:46:36 - [TEST_STEP][PASSED] - appID = findTestData(dataFile).getValue("AppIDQA", row): null

2023-09-21 17:46:36 - [TEST_STEP][PASSED] - break: null

2023-09-21 17:46:36 - [TEST_STEP][PASSED] - if (ExecuteTC.equalsIgnoreCase("Y")): null

2023-09-21 17:46:36 - [TEST_STEP][PASSED] - out.println("Begin Record Number: " + row): null

2023-09-21 17:46:36 - [TEST_STEP][PASSED] - today = new java.util.Date(): null

2023-09-21 17:46:36 - [TEST_STEP][PASSED] - println(today): null

2023-09-21 17:46:36 - [TEST_STEP][PASSED] - datText = today: null

2023-09-21 17:46:36 - [TEST_STEP][PASSED] - adminSuiteBootstrap.loginFunctionality.login_AdminSuite(): adminSuiteBootstrap.loginFunctionality.login_AdminSuite is PASSED

2023-09-21 17:46:36 - [MESSAGE][INFO] - Starting 'Chrome' driver

2023-09-21 17:46:36 - [MESSAGE][INFO] - User set preference: ['acceptInsecureCerts', 'true']

2023-09-21 17:46:36 - [MESSAGE][INFO] - Action delay is set to 0 milliseconds

2023-09-21 17:46:39 - [MESSAGE][PASSED] - Browser is opened with url: 'https://qa2.velocitypayment.com/admin/imtiaz'

2023-09-21 17:46:39 - [MESSAGE][PASSED] - Current window maximized

2023-09-21 17:46:40 - [MESSAGE][PASSED] - Object 'Object Repository/Login_Page/Login_Username_Okta' is present

2023-09-21 17:46:40 - [MESSAGE][PASSED] - Text 'iahmed' is set on object 'Object Repository/Login_Page/Login_Username_Okta'

2023-09-21 17:46:41 - [MESSAGE][PASSED] - Text 'Hello1111111@' is set on object 'Object Repository/Login_Page/Login_Password_Okta'

2023-09-21 17:46:42 - [MESSAGE][PASSED] - Object: 'Object Repository/Login_Page/Login_Submit_Okta' is clicked on

2023-09-21 17:46:42 - [MESSAGE][PASSED] - adminSuiteBootstrap.loginFunctionality.login_AdminSuite is PASSED

2023-09-21 17:46:42 - [TEST_STEP][PASSED] - click(findTestObject(path_Dashboard + appName)): Object: 'Object Repository/AdminSuiteBootstrap_Pages/Dashboard_Bootstrap/a_Access AutoDualCFtpQA' is clicked on

2023-09-21 17:46:48 - [MESSAGE][PASSED] - Object: 'Object Repository/AdminSuiteBootstrap_Pages/Dashboard_Bootstrap/a_Access AutoDualCFtpQA' is clicked on

2023-09-21 17:46:48 - [TEST_STEP][PASSED] - click(findTestObject(path_VT + "a_Find Profile")): Object: 'Object Repository/AdminSuiteBootstrap_Pages/VT_Bootstrap/IssueTransactions/a_Find Profile' is clicked on

2023-09-21 17:46:48 - [MESSAGE][PASSED] - Object: 'Object Repository/AdminSuiteBootstrap_Pages/VT_Bootstrap/IssueTransactions/a_Find Profile' is clicked on

2023-09-21 17:46:48 - [TEST_STEP][PASSED] - criteria = <not implemented yet for class: org.codehaus.groovy.ast.expr.EmptyExpression>: null

2023-09-21 17:46:48 - [TEST_STEP][PASSED] - searchBy = <not implemented yet for class: org.codehaus.groovy.ast.expr.EmptyExpression>: null

2023-09-21 17:46:48 - [TEST_STEP][PASSED] - criteria = findTestData(dataFile).getValue("ProfileName", row): null

2023-09-21 17:46:48 - [TEST_STEP][PASSED] - path_SearchProfile = "Object Repository/AdminSuiteBootstrap_Pages/VSP_Bootstrap/SearchProfile/": null

2023-09-21 17:46:48 - [TEST_STEP][PASSED] - setText(findTestObject(path_SearchProfile + "input_Criteria"), criteria): Text 'PaymentsDI' is set on object 'Object Repository/AdminSuiteBootstrap_Pages/VSP_Bootstrap/SearchProfile/input_Criteria'

2023-09-21 17:46:49 - [MESSAGE][PASSED] - Text 'PaymentsDI' is set on object 'Object Repository/AdminSuiteBootstrap_Pages/VSP_Bootstrap/SearchProfile/input_Criteria'

2023-09-21 17:46:49 - [TEST_STEP][PASSED] - click(findTestObject(path_SearchProfile + "button_Search")): Object: 'Object Repository/AdminSuiteBootstrap_Pages/VSP_Bootstrap/SearchProfile/button_Search' is clicked on

2023-09-21 17:46:50 - [MESSAGE][PASSED] - Object: 'Object Repository/AdminSuiteBootstrap_Pages/VSP_Bootstrap/SearchProfile/button_Search' is clicked on

2023-09-21 17:46:50 - [TEST_STEP][PASSED] - profNameLink = findTestData(dataFile).getValue("ProfileNameLink", row): null

2023-09-21 17:46:50 - [TEST_STEP][PASSED] - click(findTestObject(path_ViewProfile + profNameLink)): Object: 'Object Repository/AdminSuiteBootstrap_Pages/VSP_Bootstrap/View Profile/a_PaymentsDI' is clicked on

2023-09-21 17:46:51 - [MESSAGE][PASSED] - Object: 'Object Repository/AdminSuiteBootstrap_Pages/VSP_Bootstrap/View Profile/a_PaymentsDI' is clicked on

2023-09-21 17:46:51 - [TEST_STEP][PASSED] - click(findTestObject(path_ViewProfile + "a_Auth")): Object: 'Object Repository/AdminSuiteBootstrap_Pages/VSP_Bootstrap/View Profile/a_Auth' is clicked on

2023-09-21 17:46:52 - [MESSAGE][PASSED] - Object: 'Object Repository/AdminSuiteBootstrap_Pages/VSP_Bootstrap/View Profile/a_Auth' is clicked on

2023-09-21 17:46:52 - [TEST_STEP][PASSED] - verifyTextPresent("Credit Card Authorization", true): Text 'Credit Card Authorization' is present on page  using regular expression

2023-09-21 17:46:53 - [MESSAGE][PASSED] - Text 'Credit Card Authorization' is present on page  using regular expression

2023-09-21 17:46:53 - [TEST_STEP][PASSED] - verifyTextPresent("Required fields are highlighted with an asterisk", true): Text 'Required fields are highlighted with an asterisk' is present on page  using regular expression

2023-09-21 17:46:53 - [MESSAGE][PASSED] - Text 'Required fields are highlighted with an asterisk' is present on page  using regular expression

2023-09-21 17:46:53 - [TEST_STEP][PASSED] - verifyTextPresent("Remittance ID", true): Text 'Remittance ID' is present on page  using regular expression

2023-09-21 17:46:54 - [MESSAGE][PASSED] - Text 'Remittance ID' is present on page  using regular expression

2023-09-21 17:46:54 - [TEST_STEP][PASSED] - vspBootstrap.SalePage.setDataSaleAndAuth(row, dataFile): vspBootstrap.SalePage.setDataSaleAndAuth is PASSED

2023-09-21 17:46:56 - [MESSAGE][PASSED] - All options with value 'MOTO' are selected in object 'Object Repository/AdminSuiteBootstrap_Pages/VSP_Bootstrap/VSP_Authcap/select_TransactionCategory'  using regular expression

2023-09-21 17:46:56 - [MESSAGE][PASSED] - Text '123' is set on object 'Object Repository/AdminSuiteBootstrap_Pages/VSP_Bootstrap/VSP_Authcap/input_cvv'

2023-09-21 17:46:57 - [MESSAGE][PASSED] - Text '' is set on object 'Object Repository/AdminSuiteBootstrap_Pages/VSP_Bootstrap/VSP_Authcap/input_smsNumber'

2023-09-21 17:46:58 - [MESSAGE][PASSED] - Text '2.50' is set on object 'Object Repository/AdminSuiteBootstrap_Pages/VSP_Bootstrap/VSP_Authcap/input_amount'

2023-09-21 17:46:59 - [MESSAGE][PASSED] - Text 'Delhi' is set on object 'Object Repository/AdminSuiteBootstrap_Pages/VSP_Bootstrap/VSP_Authcap/input_userDefined1'

2023-09-21 17:46:59 - [MESSAGE][PASSED] - Text 'Chennai' is set on object 'Object Repository/AdminSuiteBootstrap_Pages/VSP_Bootstrap/VSP_Authcap/input_userDefined2'

2023-09-21 17:47:00 - [MESSAGE][PASSED] - Text 'Mumbai' is set on object 'Object Repository/AdminSuiteBootstrap_Pages/VSP_Bootstrap/VSP_Authcap/input_userDefined3'

2023-09-21 17:47:01 - [MESSAGE][PASSED] - Text 'Kanpur' is set on object 'Object Repository/AdminSuiteBootstrap_Pages/VSP_Bootstrap/VSP_Authcap/input_userDefined4'

2023-09-21 17:47:02 - [MESSAGE][PASSED] - All options with label 'Orange' are selected in object 'Object Repository/AdminSuiteBootstrap_Pages/VSP_Bootstrap/VSP_Authcap/select_UDF5'  using regular expression

2023-09-21 17:47:02 - [MESSAGE][PASSED] - All options with label 'Yellow' are selected in object 'Object Repository/AdminSuiteBootstrap_Pages/VSP_Bootstrap/VSP_Authcap/select_UDF6'  using regular expression

2023-09-21 17:47:03 - [MESSAGE][PASSED] - Text 'Kolkata' is set on object 'Object Repository/AdminSuiteBootstrap_Pages/VSP_Bootstrap/VSP_Authcap/input_userDefined7'

2023-09-21 17:47:04 - [MESSAGE][PASSED] - Text 'Pune' is set on object 'Object Repository/AdminSuiteBootstrap_Pages/VSP_Bootstrap/VSP_Authcap/input_userDefined8'

2023-09-21 17:47:04 - [MESSAGE][PASSED] - Text 'Bhavnagar' is set on object 'Object Repository/AdminSuiteBootstrap_Pages/VSP_Bootstrap/VSP_Authcap/input_userDefined9'

2023-09-21 17:47:05 - [MESSAGE][PASSED] - Text 'Noida' is set on object 'Object Repository/AdminSuiteBootstrap_Pages/VSP_Bootstrap/VSP_Authcap/input_userDefined10'

2023-09-21 17:47:07 - [MESSAGE][PASSED] - Object: 'Object Repository/AdminSuiteBootstrap_Pages/VSP_Bootstrap/VSP_Authcap/button_Submit' is clicked on

2023-09-21 17:47:07 - [MESSAGE][PASSED] - vspBootstrap.SalePage.setDataSaleAndAuth is PASSED

2023-09-21 17:47:07 - [TEST_STEP][PASSED] - verifyTextPresent("Transaction Successful", true): Text 'Transaction Successful' is present on page  using regular expression

2023-09-21 17:47:07 - [MESSAGE][PASSED] - Text 'Transaction Successful' is present on page  using regular expression

2023-09-21 17:47:07 - [TEST_STEP][PASSED] - verifyElementVisible(findTestObject("Object Repository/AdminSuiteBootstrap_Pages/VT_Bootstrap/Receipt/button_Continue")): Object 'Object Repository/AdminSuiteBootstrap_Pages/VT_Bootstrap/Receipt/button_Continue' is visible

2023-09-21 17:47:07 - [MESSAGE][PASSED] - Object 'Object Repository/AdminSuiteBootstrap_Pages/VT_Bootstrap/Receipt/button_Continue' is visible

2023-09-21 17:47:07 - [TEST_STEP][PASSED] - verifyElementPresent(findTestObject("Object Repository/AdminSuiteBootstrap_Pages/VT_Bootstrap/Receipt/button_Continue"), 20): Object 'Object Repository/AdminSuiteBootstrap_Pages/VT_Bootstrap/Receipt/button_Continue' is present

2023-09-21 17:47:08 - [MESSAGE][PASSED] - Object 'Object Repository/AdminSuiteBootstrap_Pages/VT_Bootstrap/Receipt/button_Continue' is present

2023-09-21 17:47:08 - [TEST_STEP][PASSED] - verifyElementVisible(findTestObject("Object Repository/AdminSuiteBootstrap_Pages/VT_Bootstrap/Receipt/button_Print")): Object 'Object Repository/AdminSuiteBootstrap_Pages/VT_Bootstrap/Receipt/button_Print' is visible

2023-09-21 17:47:08 - [MESSAGE][PASSED] - Object 'Object Repository/AdminSuiteBootstrap_Pages/VT_Bootstrap/Receipt/button_Print' is visible

2023-09-21 17:47:08 - [TEST_STEP][PASSED] - verifyElementPresent(findTestObject("Object Repository/AdminSuiteBootstrap_Pages/VT_Bootstrap/Receipt/button_Print"), 20): Object 'Object Repository/AdminSuiteBootstrap_Pages/VT_Bootstrap/Receipt/button_Print' is present

2023-09-21 17:47:08 - [MESSAGE][PASSED] - Object 'Object Repository/AdminSuiteBootstrap_Pages/VT_Bootstrap/Receipt/button_Print' is present

2023-09-21 17:47:08 - [TEST_STEP][PASSED] - verifyTextPresent("Remittance ID", true): Text 'Remittance ID' is present on page  using regular expression

2023-09-21 17:47:09 - [MESSAGE][PASSED] - Text 'Remittance ID' is present on page  using regular expression

2023-09-21 17:47:09 - [TEST_STEP][PASSED] - verifyTextPresent("Received", true): Text 'Received' is present on page  using regular expression

2023-09-21 17:47:09 - [MESSAGE][PASSED] - Text 'Received' is present on page  using regular expression

2023-09-21 17:47:09 - [TEST_STEP][PASSED] - verifyTextPresent("UDF1", true): Text 'UDF1' is present on page  using regular expression

2023-09-21 17:47:09 - [MESSAGE][PASSED] - Text 'UDF1' is present on page  using regular expression

2023-09-21 17:47:09 - [TEST_STEP][PASSED] - verifyTextPresent("UDF2", true): Text 'UDF2' is present on page  using regular expression

2023-09-21 17:47:10 - [MESSAGE][PASSED] - Text 'UDF2' is present on page  using regular expression

2023-09-21 17:47:10 - [TEST_STEP][PASSED] - verifyTextPresent("UDF3", true): Text 'UDF3' is present on page  using regular expression

2023-09-21 17:47:10 - [MESSAGE][PASSED] - Text 'UDF3' is present on page  using regular expression

2023-09-21 17:47:10 - [TEST_STEP][PASSED] - verifyTextPresent("UDF4", true): Text 'UDF4' is present on page  using regular expression

2023-09-21 17:47:10 - [MESSAGE][PASSED] - Text 'UDF4' is present on page  using regular expression

2023-09-21 17:47:10 - [TEST_STEP][PASSED] - verifyTextPresent("UDF5", true): Text 'UDF5' is present on page  using regular expression

2023-09-21 17:47:10 - [MESSAGE][PASSED] - Text 'UDF5' is present on page  using regular expression

2023-09-21 17:47:10 - [TEST_STEP][PASSED] - verifyTextPresent("UDF6", true): Text 'UDF6' is present on page  using regular expression

2023-09-21 17:47:11 - [MESSAGE][PASSED] - Text 'UDF6' is present on page  using regular expression

2023-09-21 17:47:11 - [TEST_STEP][PASSED] - verifyTextPresent("UDF7", true): Text 'UDF7' is present on page  using regular expression

2023-09-21 17:47:11 - [MESSAGE][PASSED] - Text 'UDF7' is present on page  using regular expression

2023-09-21 17:47:11 - [TEST_STEP][PASSED] - verifyTextPresent("UDF8", true): Text 'UDF8' is present on page  using regular expression

2023-09-21 17:47:11 - [MESSAGE][PASSED] - Text 'UDF8' is present on page  using regular expression

2023-09-21 17:47:11 - [TEST_STEP][PASSED] - verifyTextPresent("UDF9", true): Text 'UDF9' is present on page  using regular expression

2023-09-21 17:47:12 - [MESSAGE][PASSED] - Text 'UDF9' is present on page  using regular expression

2023-09-21 17:47:12 - [TEST_STEP][PASSED] - verifyTextPresent("UDF 10", true): Text 'UDF 10' is present on page  using regular expression

2023-09-21 17:47:12 - [MESSAGE][PASSED] - Text 'UDF 10' is present on page  using regular expression

2023-09-21 17:47:12 - [TEST_STEP][PASSED] - verifyTextPresent("Delhi", true): Text 'Delhi' is present on page  using regular expression

2023-09-21 17:47:12 - [MESSAGE][PASSED] - Text 'Delhi' is present on page  using regular expression

2023-09-21 17:47:12 - [TEST_STEP][PASSED] - verifyTextPresent("Chennai", true): Text 'Chennai' is present on page  using regular expression

2023-09-21 17:47:13 - [MESSAGE][PASSED] - Text 'Chennai' is present on page  using regular expression

2023-09-21 17:47:13 - [TEST_STEP][PASSED] - verifyTextPresent("Mumbai", true): Text 'Mumbai' is present on page  using regular expression

2023-09-21 17:47:13 - [MESSAGE][PASSED] - Text 'Mumbai' is present on page  using regular expression

2023-09-21 17:47:13 - [TEST_STEP][PASSED] - verifyTextPresent("Kanpur", true): Text 'Kanpur' is present on page  using regular expression

2023-09-21 17:47:13 - [MESSAGE][PASSED] - Text 'Kanpur' is present on page  using regular expression

2023-09-21 17:47:13 - [TEST_STEP][PASSED] - verifyTextPresent("Orange Recorded", true): Text 'Orange Recorded' is present on page  using regular expression

2023-09-21 17:47:13 - [MESSAGE][PASSED] - Text 'Orange Recorded' is present on page  using regular expression

2023-09-21 17:47:13 - [TEST_STEP][PASSED] - verifyTextPresent("Yellow Recorded", true): Text 'Yellow Recorded' is present on page  using regular expression

2023-09-21 17:47:14 - [MESSAGE][PASSED] - Text 'Yellow Recorded' is present on page  using regular expression

2023-09-21 17:47:14 - [TEST_STEP][PASSED] - verifyTextPresent("Kolkata", true): Text 'Kolkata' is present on page  using regular expression

2023-09-21 17:47:14 - [MESSAGE][PASSED] - Text 'Kolkata' is present on page  using regular expression

2023-09-21 17:47:14 - [TEST_STEP][PASSED] - verifyTextPresent("Pune", true): Text 'Pune' is present on page  using regular expression

2023-09-21 17:47:14 - [MESSAGE][PASSED] - Text 'Pune' is present on page  using regular expression

2023-09-21 17:47:14 - [TEST_STEP][PASSED] - verifyTextPresent("Bhavnagar", true): Text 'Bhavnagar' is present on page  using regular expression

2023-09-21 17:47:15 - [MESSAGE][PASSED] - Text 'Bhavnagar' is present on page  using regular expression

2023-09-21 17:47:15 - [TEST_STEP][PASSED] - verifyTextPresent("Noida", true): Text 'Noida' is present on page  using regular expression

2023-09-21 17:47:15 - [MESSAGE][PASSED] - Text 'Noida' is present on page  using regular expression

2023-09-21 17:47:15 - [TEST_STEP][PASSED] - verifyTextPresent("Amount", true): Text 'Amount' is present on page  using regular expression

2023-09-21 17:47:15 - [MESSAGE][PASSED] - Text 'Amount' is present on page  using regular expression

2023-09-21 17:47:15 - [TEST_STEP][PASSED] - verifyTextPresent("2.50", true): Text '2.50' is present on page  using regular expression

2023-09-21 17:47:16 - [MESSAGE][PASSED] - Text '2.50' is present on page  using regular expression

2023-09-21 17:47:16 - [TEST_STEP][PASSED] - verifyTextPresent("Authorization", true): Text 'Authorization' is present on page  using regular expression

2023-09-21 17:47:16 - [MESSAGE][PASSED] - Text 'Authorization' is present on page  using regular expression

2023-09-21 17:47:16 - [TEST_STEP][PASSED] - verifyTextPresent("Card Information", true): Text 'Card Information' is present on page  using regular expression

2023-09-21 17:47:16 - [MESSAGE][PASSED] - Text 'Card Information' is present on page  using regular expression

2023-09-21 17:47:16 - [TEST_STEP][PASSED] - verifyTextPresent("TANDON RAVENA", true): Text 'TANDON RAVENA' is present on page  using regular expression

2023-09-21 17:47:16 - [MESSAGE][PASSED] - Text 'TANDON RAVENA' is present on page  using regular expression

2023-09-21 17:47:16 - [TEST_STEP][PASSED] - verifyTextPresent("Address Line 1", true): Text 'Address Line 1' is present on page  using regular expression

2023-09-21 17:47:17 - [MESSAGE][PASSED] - Text 'Address Line 1' is present on page  using regular expression

2023-09-21 17:47:17 - [TEST_STEP][PASSED] - verifyTextPresent("Address Line 2", true): Text 'Address Line 2' is present on page  using regular expression

2023-09-21 17:47:17 - [MESSAGE][PASSED] - Text 'Address Line 2' is present on page  using regular expression

2023-09-21 17:47:17 - [TEST_STEP][PASSED] - verifyTextPresent("Country", true): Text 'Country' is present on page  using regular expression

2023-09-21 17:47:17 - [MESSAGE][PASSED] - Text 'Country' is present on page  using regular expression

2023-09-21 17:47:17 - [TEST_STEP][PASSED] - verifyTextPresent("City", true): Text 'City' is present on page  using regular expression

2023-09-21 17:47:18 - [MESSAGE][PASSED] - Text 'City' is present on page  using regular expression

2023-09-21 17:47:18 - [TEST_STEP][PASSED] - verifyTextPresent("State", true): Text 'State' is present on page  using regular expression

2023-09-21 17:47:18 - [MESSAGE][PASSED] - Text 'State' is present on page  using regular expression

2023-09-21 17:47:18 - [TEST_STEP][PASSED] - verifyTextPresent("ZIP Code", true): Text 'ZIP Code' is present on page  using regular expression

2023-09-21 17:47:18 - [MESSAGE][PASSED] - Text 'ZIP Code' is present on page  using regular expression

2023-09-21 17:47:18 - [TEST_STEP][PASSED] - verifyTextPresent("248 PhoolKaante road", true): Text '248 PhoolKaante road' is present on page  using regular expression

2023-09-21 17:47:19 - [MESSAGE][PASSED] - Text '248 PhoolKaante road' is present on page  using regular expression

2023-09-21 17:47:19 - [TEST_STEP][PASSED] - verifyTextPresent("Suite 678", true): Text 'Suite 678' is present on page  using regular expression

2023-09-21 17:47:19 - [MESSAGE][PASSED] - Text 'Suite 678' is present on page  using regular expression

2023-09-21 17:47:19 - [TEST_STEP][PASSED] - verifyTextPresent("United States", true): Text 'United States' is present on page  using regular expression

2023-09-21 17:47:19 - [MESSAGE][PASSED] - Text 'United States' is present on page  using regular expression

2023-09-21 17:47:19 - [TEST_STEP][PASSED] - verifyTextPresent("ARLINGTON", true): Text 'ARLINGTON' is present on page  using regular expression

2023-09-21 17:47:19 - [MESSAGE][PASSED] - Text 'ARLINGTON' is present on page  using regular expression

2023-09-21 17:47:19 - [TEST_STEP][PASSED] - verifyTextPresent("VA", true): Text 'VA' is present on page  using regular expression

2023-09-21 17:47:20 - [MESSAGE][PASSED] - Text 'VA' is present on page  using regular expression

2023-09-21 17:47:20 - [TEST_STEP][PASSED] - verifyTextPresent("22201", true): Text '22201' is present on page  using regular expression

2023-09-21 17:47:20 - [MESSAGE][PASSED] - Text '22201' is present on page  using regular expression

2023-09-21 17:47:20 - [TEST_STEP][PASSED] - cardTypeV = findTestData(dataFile).getValue("CardType", row): null

2023-09-21 17:47:20 - [TEST_STEP][PASSED] - last4V = findTestData(dataFile).getValue("Last4", row): null

2023-09-21 17:47:20 - [TEST_STEP][PASSED] - verifyTextPresent(cardTypeV, true): Text 'Discover' is present on page  using regular expression

2023-09-21 17:47:20 - [MESSAGE][PASSED] - Text 'Discover' is present on page  using regular expression

2023-09-21 17:47:20 - [TEST_STEP][PASSED] - verifyTextPresent(last4V, true): Text '6909' is present on page  using regular expression

2023-09-21 17:47:21 - [MESSAGE][PASSED] - Text '6909' is present on page  using regular expression

2023-09-21 17:47:21 - [TEST_STEP][PASSED] - switch (appName): null

2023-09-21 17:47:21 - [TEST_STEP][PASSED] - case "a_Access AutoDualCFtpQA":: null

2023-09-21 17:47:21 - [TEST_STEP][PASSED] - verifyTextPresent("5.00", true): Text '5.00' is present on page  using regular expression

2023-09-21 17:47:21 - [MESSAGE][PASSED] - Text '5.00' is present on page  using regular expression

2023-09-21 17:47:21 - [TEST_STEP][PASSED] - verifyTextPresent("Dual Transaction", true): Text 'Dual Transaction' is present on page  using regular expression

2023-09-21 17:47:21 - [MESSAGE][PASSED] - Text 'Dual Transaction' is present on page  using regular expression

2023-09-21 17:47:21 - [TEST_STEP][PASSED] - verifyTextPresent("7.50", true): Text '7.50' is present on page  using regular expression

2023-09-21 17:47:22 - [MESSAGE][PASSED] - Text '7.50' is present on page  using regular expression

2023-09-21 17:47:22 - [TEST_STEP][PASSED] - verifyTextPresent("Total Amount", true): Text 'Total Amount' is present on page  using regular expression

2023-09-21 17:47:22 - [MESSAGE][PASSED] - Text 'Total Amount' is present on page  using regular expression

2023-09-21 17:47:22 - [TEST_STEP][PASSED] - verifyTextPresent("Transaction Type", true): Text 'Transaction Type' is present on page  using regular expression

2023-09-21 17:47:22 - [MESSAGE][PASSED] - Text 'Transaction Type' is present on page  using regular expression

2023-09-21 17:47:22 - [TEST_STEP][PASSED] - break: null

2023-09-21 17:47:22 - [TEST_STEP][PASSED] - closeBrowser(): Browser is closed

2023-09-21 17:47:23 - [MESSAGE][PASSED] - Browser is closed

2023-09-21 17:47:23 - [TEST_STEP][PASSED] - ExecuteTC = findTestData(dataFile).getValue("Execute", row): null

2023-09-21 17:47:23 - [TEST_STEP][PASSED] - out.println("Value of Execute is : " + ExecuteTC): null

2023-09-21 17:47:23 - [TEST_STEP][PASSED] - switch (executionProfile): null

2023-09-21 17:47:23 - [TEST_STEP][PASSED] - case "QA2Profile":: null

2023-09-21 17:47:23 - [TEST_STEP][PASSED] - appName = findTestData(dataFile).getValue("AppNameQA", row): null

2023-09-21 17:47:23 - [TEST_STEP][PASSED] - appID = findTestData(dataFile).getValue("AppIDQA", row): null

2023-09-21 17:47:23 - [TEST_STEP][PASSED] - break: null

2023-09-21 17:47:23 - [TEST_STEP][PASSED] - if (ExecuteTC.equalsIgnoreCase("Y")): null

2023-09-21 17:47:23 - [TEST_STEP][PASSED] - out.println("Begin Record Number: " + row): null

2023-09-21 17:47:23 - [TEST_STEP][PASSED] - today = new java.util.Date(): null

2023-09-21 17:47:23 - [TEST_STEP][PASSED] - println(today): null

2023-09-21 17:47:23 - [TEST_STEP][PASSED] - datText = today: null

2023-09-21 17:47:23 - [TEST_STEP][PASSED] - adminSuiteBootstrap.loginFunctionality.login_AdminSuite(): adminSuiteBootstrap.loginFunctionality.login_AdminSuite is PASSED

2023-09-21 17:47:23 - [MESSAGE][INFO] - Starting 'Chrome' driver

2023-09-21 17:47:23 - [MESSAGE][INFO] - User set preference: ['acceptInsecureCerts', 'true']

2023-09-21 17:47:23 - [MESSAGE][INFO] - Action delay is set to 0 milliseconds

2023-09-21 17:47:26 - [MESSAGE][PASSED] - Browser is opened with url: 'https://qa2.velocitypayment.com/admin/imtiaz'

2023-09-21 17:47:26 - [MESSAGE][PASSED] - Current window maximized

2023-09-21 17:47:26 - [MESSAGE][PASSED] - Object 'Object Repository/Login_Page/Login_Username_Okta' is present

2023-09-21 17:47:27 - [MESSAGE][PASSED] - Text 'iahmed' is set on object 'Object Repository/Login_Page/Login_Username_Okta'

2023-09-21 17:47:28 - [MESSAGE][PASSED] - Text 'Hello1111111@' is set on object 'Object Repository/Login_Page/Login_Password_Okta'

2023-09-21 17:47:29 - [MESSAGE][PASSED] - Object: 'Object Repository/Login_Page/Login_Submit_Okta' is clicked on

2023-09-21 17:47:29 - [MESSAGE][PASSED] - adminSuiteBootstrap.loginFunctionality.login_AdminSuite is PASSED

2023-09-21 17:47:29 - [TEST_STEP][PASSED] - click(findTestObject(path_Dashboard + appName)): Object: 'Object Repository/AdminSuiteBootstrap_Pages/Dashboard_Bootstrap/a_Access AutoDualCFtpQA' is clicked on

2023-09-21 17:47:35 - [MESSAGE][PASSED] - Object: 'Object Repository/AdminSuiteBootstrap_Pages/Dashboard_Bootstrap/a_Access AutoDualCFtpQA' is clicked on

2023-09-21 17:47:35 - [TEST_STEP][PASSED] - click(findTestObject(path_VT + "a_Find Profile")): Object: 'Object Repository/AdminSuiteBootstrap_Pages/VT_Bootstrap/IssueTransactions/a_Find Profile' is clicked on

2023-09-21 17:47:35 - [MESSAGE][PASSED] - Object: 'Object Repository/AdminSuiteBootstrap_Pages/VT_Bootstrap/IssueTransactions/a_Find Profile' is clicked on

2023-09-21 17:47:35 - [TEST_STEP][PASSED] - criteria = <not implemented yet for class: org.codehaus.groovy.ast.expr.EmptyExpression>: null

2023-09-21 17:47:35 - [TEST_STEP][PASSED] - searchBy = <not implemented yet for class: org.codehaus.groovy.ast.expr.EmptyExpression>: null

2023-09-21 17:47:35 - [TEST_STEP][PASSED] - criteria = findTestData(dataFile).getValue("ProfileName", row): null

2023-09-21 17:47:35 - [TEST_STEP][PASSED] - path_SearchProfile = "Object Repository/AdminSuiteBootstrap_Pages/VSP_Bootstrap/SearchProfile/": null

2023-09-21 17:47:35 - [TEST_STEP][PASSED] - setText(findTestObject(path_SearchProfile + "input_Criteria"), criteria): Text 'PaymentsVisa' is set on object 'Object Repository/AdminSuiteBootstrap_Pages/VSP_Bootstrap/SearchProfile/input_Criteria'

2023-09-21 17:47:36 - [MESSAGE][PASSED] - Text 'PaymentsVisa' is set on object 'Object Repository/AdminSuiteBootstrap_Pages/VSP_Bootstrap/SearchProfile/input_Criteria'

2023-09-21 17:47:36 - [TEST_STEP][PASSED] - click(findTestObject(path_SearchProfile + "button_Search")): Object: 'Object Repository/AdminSuiteBootstrap_Pages/VSP_Bootstrap/SearchProfile/button_Search' is clicked on

2023-09-21 17:47:37 - [MESSAGE][PASSED] - Object: 'Object Repository/AdminSuiteBootstrap_Pages/VSP_Bootstrap/SearchProfile/button_Search' is clicked on

2023-09-21 17:47:37 - [TEST_STEP][PASSED] - profNameLink = findTestData(dataFile).getValue("ProfileNameLink", row): null

2023-09-21 17:47:37 - [TEST_STEP][PASSED] - click(findTestObject(path_ViewProfile + profNameLink)): Object: 'Object Repository/AdminSuiteBootstrap_Pages/VSP_Bootstrap/View Profile/a_PaymentsVisa' is clicked on

2023-09-21 17:47:38 - [MESSAGE][PASSED] - Object: 'Object Repository/AdminSuiteBootstrap_Pages/VSP_Bootstrap/View Profile/a_PaymentsVisa' is clicked on

2023-09-21 17:47:38 - [TEST_STEP][PASSED] - click(findTestObject(path_ViewProfile + "a_Auth")): Object: 'Object Repository/AdminSuiteBootstrap_Pages/VSP_Bootstrap/View Profile/a_Auth' is clicked on

2023-09-21 17:47:39 - [MESSAGE][PASSED] - Object: 'Object Repository/AdminSuiteBootstrap_Pages/VSP_Bootstrap/View Profile/a_Auth' is clicked on

2023-09-21 17:47:39 - [TEST_STEP][PASSED] - verifyTextPresent("Credit Card Authorization", true): Text 'Credit Card Authorization' is present on page  using regular expression

2023-09-21 17:47:40 - [MESSAGE][PASSED] - Text 'Credit Card Authorization' is present on page  using regular expression

2023-09-21 17:47:40 - [TEST_STEP][PASSED] - verifyTextPresent("Required fields are highlighted with an asterisk", true): Text 'Required fields are highlighted with an asterisk' is present on page  using regular expression

2023-09-21 17:47:40 - [MESSAGE][PASSED] - Text 'Required fields are highlighted with an asterisk' is present on page  using regular expression

2023-09-21 17:47:40 - [TEST_STEP][PASSED] - verifyTextPresent("Remittance ID", true): Text 'Remittance ID' is present on page  using regular expression

2023-09-21 17:47:41 - [MESSAGE][PASSED] - Text 'Remittance ID' is present on page  using regular expression

2023-09-21 17:47:41 - [TEST_STEP][PASSED] - vspBootstrap.SalePage.setDataSaleAndAuth(row, dataFile): vspBootstrap.SalePage.setDataSaleAndAuth is PASSED

2023-09-21 17:47:42 - [MESSAGE][PASSED] - All options with value 'RETL' are selected in object 'Object Repository/AdminSuiteBootstrap_Pages/VSP_Bootstrap/VSP_Authcap/select_TransactionCategory'  using regular expression

2023-09-21 17:47:43 - [MESSAGE][PASSED] - Text '123' is set on object 'Object Repository/AdminSuiteBootstrap_Pages/VSP_Bootstrap/VSP_Authcap/input_cvv'

2023-09-21 17:47:44 - [MESSAGE][PASSED] - Text '' is set on object 'Object Repository/AdminSuiteBootstrap_Pages/VSP_Bootstrap/VSP_Authcap/input_smsNumber'

2023-09-21 17:47:44 - [MESSAGE][PASSED] - Text '2.50' is set on object 'Object Repository/AdminSuiteBootstrap_Pages/VSP_Bootstrap/VSP_Authcap/input_amount'

2023-09-21 17:47:45 - [MESSAGE][PASSED] - Text 'Delhi' is set on object 'Object Repository/AdminSuiteBootstrap_Pages/VSP_Bootstrap/VSP_Authcap/input_userDefined1'

2023-09-21 17:47:46 - [MESSAGE][PASSED] - Text 'Chennai' is set on object 'Object Repository/AdminSuiteBootstrap_Pages/VSP_Bootstrap/VSP_Authcap/input_userDefined2'

2023-09-21 17:47:47 - [MESSAGE][PASSED] - Text 'Mumbai' is set on object 'Object Repository/AdminSuiteBootstrap_Pages/VSP_Bootstrap/VSP_Authcap/input_userDefined3'

2023-09-21 17:47:47 - [MESSAGE][PASSED] - Text 'Kanpur' is set on object 'Object Repository/AdminSuiteBootstrap_Pages/VSP_Bootstrap/VSP_Authcap/input_userDefined4'

2023-09-21 17:47:48 - [MESSAGE][PASSED] - All options with label 'Orange' are selected in object 'Object Repository/AdminSuiteBootstrap_Pages/VSP_Bootstrap/VSP_Authcap/select_UDF5'  using regular expression

2023-09-21 17:47:49 - [MESSAGE][PASSED] - All options with label 'Yellow' are selected in object 'Object Repository/AdminSuiteBootstrap_Pages/VSP_Bootstrap/VSP_Authcap/select_UDF6'  using regular expression

2023-09-21 17:47:50 - [MESSAGE][PASSED] - Text 'Kolkata' is set on object 'Object Repository/AdminSuiteBootstrap_Pages/VSP_Bootstrap/VSP_Authcap/input_userDefined7'

2023-09-21 17:47:50 - [MESSAGE][PASSED] - Text 'Pune' is set on object 'Object Repository/AdminSuiteBootstrap_Pages/VSP_Bootstrap/VSP_Authcap/input_userDefined8'

2023-09-21 17:47:51 - [MESSAGE][PASSED] - Text 'Bhavnagar' is set on object 'Object Repository/AdminSuiteBootstrap_Pages/VSP_Bootstrap/VSP_Authcap/input_userDefined9'

2023-09-21 17:47:51 - [MESSAGE][PASSED] - Text 'Noida' is set on object 'Object Repository/AdminSuiteBootstrap_Pages/VSP_Bootstrap/VSP_Authcap/input_userDefined10'

2023-09-21 17:47:53 - [MESSAGE][PASSED] - Object: 'Object Repository/AdminSuiteBootstrap_Pages/VSP_Bootstrap/VSP_Authcap/button_Submit' is clicked on

2023-09-21 17:47:53 - [MESSAGE][PASSED] - vspBootstrap.SalePage.setDataSaleAndAuth is PASSED

2023-09-21 17:47:53 - [TEST_STEP][PASSED] - verifyTextPresent("Transaction Successful", true): Text 'Transaction Successful' is present on page  using regular expression

2023-09-21 17:47:54 - [MESSAGE][PASSED] - Text 'Transaction Successful' is present on page  using regular expression

2023-09-21 17:47:54 - [TEST_STEP][PASSED] - verifyElementVisible(findTestObject("Object Repository/AdminSuiteBootstrap_Pages/VT_Bootstrap/Receipt/button_Continue")): Object 'Object Repository/AdminSuiteBootstrap_Pages/VT_Bootstrap/Receipt/button_Continue' is visible

2023-09-21 17:47:54 - [MESSAGE][PASSED] - Object 'Object Repository/AdminSuiteBootstrap_Pages/VT_Bootstrap/Receipt/button_Continue' is visible

2023-09-21 17:47:54 - [TEST_STEP][PASSED] - verifyElementPresent(findTestObject("Object Repository/AdminSuiteBootstrap_Pages/VT_Bootstrap/Receipt/button_Continue"), 20): Object 'Object Repository/AdminSuiteBootstrap_Pages/VT_Bootstrap/Receipt/button_Continue' is present

2023-09-21 17:47:54 - [MESSAGE][PASSED] - Object 'Object Repository/AdminSuiteBootstrap_Pages/VT_Bootstrap/Receipt/button_Continue' is present

2023-09-21 17:47:54 - [TEST_STEP][PASSED] - verifyElementVisible(findTestObject("Object Repository/AdminSuiteBootstrap_Pages/VT_Bootstrap/Receipt/button_Print")): Object 'Object Repository/AdminSuiteBootstrap_Pages/VT_Bootstrap/Receipt/button_Print' is visible

2023-09-21 17:47:55 - [MESSAGE][PASSED] - Object 'Object Repository/AdminSuiteBootstrap_Pages/VT_Bootstrap/Receipt/button_Print' is visible

2023-09-21 17:47:55 - [TEST_STEP][PASSED] - verifyElementPresent(findTestObject("Object Repository/AdminSuiteBootstrap_Pages/VT_Bootstrap/Receipt/button_Print"), 20): Object 'Object Repository/AdminSuiteBootstrap_Pages/VT_Bootstrap/Receipt/button_Print' is present

2023-09-21 17:47:55 - [MESSAGE][PASSED] - Object 'Object Repository/AdminSuiteBootstrap_Pages/VT_Bootstrap/Receipt/button_Print' is present

2023-09-21 17:47:55 - [TEST_STEP][PASSED] - verifyTextPresent("Remittance ID", true): Text 'Remittance ID' is present on page  using regular expression

2023-09-21 17:47:55 - [MESSAGE][PASSED] - Text 'Remittance ID' is present on page  using regular expression

2023-09-21 17:47:55 - [TEST_STEP][PASSED] - verifyTextPresent("Received", true): Text 'Received' is present on page  using regular expression

2023-09-21 17:47:56 - [MESSAGE][PASSED] - Text 'Received' is present on page  using regular expression

2023-09-21 17:47:56 - [TEST_STEP][PASSED] - verifyTextPresent("UDF1", true): Text 'UDF1' is present on page  using regular expression

2023-09-21 17:47:56 - [MESSAGE][PASSED] - Text 'UDF1' is present on page  using regular expression

2023-09-21 17:47:56 - [TEST_STEP][PASSED] - verifyTextPresent("UDF2", true): Text 'UDF2' is present on page  using regular expression

2023-09-21 17:47:56 - [MESSAGE][PASSED] - Text 'UDF2' is present on page  using regular expression

2023-09-21 17:47:56 - [TEST_STEP][PASSED] - verifyTextPresent("UDF3", true): Text 'UDF3' is present on page  using regular expression

2023-09-21 17:47:56 - [MESSAGE][PASSED] - Text 'UDF3' is present on page  using regular expression

2023-09-21 17:47:56 - [TEST_STEP][PASSED] - verifyTextPresent("UDF4", true): Text 'UDF4' is present on page  using regular expression

2023-09-21 17:47:57 - [MESSAGE][PASSED] - Text 'UDF4' is present on page  using regular expression

2023-09-21 17:47:57 - [TEST_STEP][PASSED] - verifyTextPresent("UDF5", true): Text 'UDF5' is present on page  using regular expression

2023-09-21 17:47:57 - [MESSAGE][PASSED] - Text 'UDF5' is present on page  using regular expression

2023-09-21 17:47:57 - [TEST_STEP][PASSED] - verifyTextPresent("UDF6", true): Text 'UDF6' is present on page  using regular expression

2023-09-21 17:47:57 - [MESSAGE][PASSED] - Text 'UDF6' is present on page  using regular expression

2023-09-21 17:47:57 - [TEST_STEP][PASSED] - verifyTextPresent("UDF7", true): Text 'UDF7' is present on page  using regular expression

2023-09-21 17:47:58 - [MESSAGE][PASSED] - Text 'UDF7' is present on page  using regular expression

2023-09-21 17:47:58 - [TEST_STEP][PASSED] - verifyTextPresent("UDF8", true): Text 'UDF8' is present on page  using regular expression

2023-09-21 17:47:58 - [MESSAGE][PASSED] - Text 'UDF8' is present on page  using regular expression

2023-09-21 17:47:58 - [TEST_STEP][PASSED] - verifyTextPresent("UDF9", true): Text 'UDF9' is present on page  using regular expression

2023-09-21 17:47:58 - [MESSAGE][PASSED] - Text 'UDF9' is present on page  using regular expression

2023-09-21 17:47:58 - [TEST_STEP][PASSED] - verifyTextPresent("UDF 10", true): Text 'UDF 10' is present on page  using regular expression

2023-09-21 17:47:59 - [MESSAGE][PASSED] - Text 'UDF 10' is present on page  using regular expression

2023-09-21 17:47:59 - [TEST_STEP][PASSED] - verifyTextPresent("Delhi", true): Text 'Delhi' is present on page  using regular expression

2023-09-21 17:47:59 - [MESSAGE][PASSED] - Text 'Delhi' is present on page  using regular expression

2023-09-21 17:47:59 - [TEST_STEP][PASSED] - verifyTextPresent("Chennai", true): Text 'Chennai' is present on page  using regular expression

2023-09-21 17:47:59 - [MESSAGE][PASSED] - Text 'Chennai' is present on page  using regular expression

2023-09-21 17:47:59 - [TEST_STEP][PASSED] - verifyTextPresent("Mumbai", true): Text 'Mumbai' is present on page  using regular expression

2023-09-21 17:47:59 - [MESSAGE][PASSED] - Text 'Mumbai' is present on page  using regular expression

2023-09-21 17:47:59 - [TEST_STEP][PASSED] - verifyTextPresent("Kanpur", true): Text 'Kanpur' is present on page  using regular expression

2023-09-21 17:48:00 - [MESSAGE][PASSED] - Text 'Kanpur' is present on page  using regular expression

2023-09-21 17:48:00 - [TEST_STEP][PASSED] - verifyTextPresent("Orange Recorded", true): Text 'Orange Recorded' is present on page  using regular expression

2023-09-21 17:48:00 - [MESSAGE][PASSED] - Text 'Orange Recorded' is present on page  using regular expression

2023-09-21 17:48:00 - [TEST_STEP][PASSED] - verifyTextPresent("Yellow Recorded", true): Text 'Yellow Recorded' is present on page  using regular expression

2023-09-21 17:48:00 - [MESSAGE][PASSED] - Text 'Yellow Recorded' is present on page  using regular expression

2023-09-21 17:48:00 - [TEST_STEP][PASSED] - verifyTextPresent("Kolkata", true): Text 'Kolkata' is present on page  using regular expression

2023-09-21 17:48:01 - [MESSAGE][PASSED] - Text 'Kolkata' is present on page  using regular expression

2023-09-21 17:48:01 - [TEST_STEP][PASSED] - verifyTextPresent("Pune", true): Text 'Pune' is present on page  using regular expression

2023-09-21 17:48:01 - [MESSAGE][PASSED] - Text 'Pune' is present on page  using regular expression

2023-09-21 17:48:01 - [TEST_STEP][PASSED] - verifyTextPresent("Bhavnagar", true): Text 'Bhavnagar' is present on page  using regular expression

2023-09-21 17:48:01 - [MESSAGE][PASSED] - Text 'Bhavnagar' is present on page  using regular expression

2023-09-21 17:48:01 - [TEST_STEP][PASSED] - verifyTextPresent("Noida", true): Text 'Noida' is present on page  using regular expression

2023-09-21 17:48:02 - [MESSAGE][PASSED] - Text 'Noida' is present on page  using regular expression

2023-09-21 17:48:02 - [TEST_STEP][PASSED] - verifyTextPresent("Amount", true): Text 'Amount' is present on page  using regular expression

2023-09-21 17:48:02 - [MESSAGE][PASSED] - Text 'Amount' is present on page  using regular expression

2023-09-21 17:48:02 - [TEST_STEP][PASSED] - verifyTextPresent("2.50", true): Text '2.50' is present on page  using regular expression

2023-09-21 17:48:02 - [MESSAGE][PASSED] - Text '2.50' is present on page  using regular expression

2023-09-21 17:48:02 - [TEST_STEP][PASSED] - verifyTextPresent("Authorization", true): Text 'Authorization' is present on page  using regular expression

2023-09-21 17:48:02 - [MESSAGE][PASSED] - Text 'Authorization' is present on page  using regular expression

2023-09-21 17:48:02 - [TEST_STEP][PASSED] - verifyTextPresent("Card Information", true): Text 'Card Information' is present on page  using regular expression

2023-09-21 17:48:03 - [MESSAGE][PASSED] - Text 'Card Information' is present on page  using regular expression

2023-09-21 17:48:03 - [TEST_STEP][PASSED] - verifyTextPresent("TANDON RAVENA", true): Text 'TANDON RAVENA' is present on page  using regular expression

2023-09-21 17:48:03 - [MESSAGE][PASSED] - Text 'TANDON RAVENA' is present on page  using regular expression

2023-09-21 17:48:03 - [TEST_STEP][PASSED] - verifyTextPresent("Address Line 1", true): Text 'Address Line 1' is present on page  using regular expression

2023-09-21 17:48:03 - [MESSAGE][PASSED] - Text 'Address Line 1' is present on page  using regular expression

2023-09-21 17:48:03 - [TEST_STEP][PASSED] - verifyTextPresent("Address Line 2", true): Text 'Address Line 2' is present on page  using regular expression

2023-09-21 17:48:04 - [MESSAGE][PASSED] - Text 'Address Line 2' is present on page  using regular expression

2023-09-21 17:48:04 - [TEST_STEP][PASSED] - verifyTextPresent("Country", true): Text 'Country' is present on page  using regular expression

2023-09-21 17:48:04 - [MESSAGE][PASSED] - Text 'Country' is present on page  using regular expression

2023-09-21 17:48:04 - [TEST_STEP][PASSED] - verifyTextPresent("City", true): Text 'City' is present on page  using regular expression

2023-09-21 17:48:04 - [MESSAGE][PASSED] - Text 'City' is present on page  using regular expression

2023-09-21 17:48:04 - [TEST_STEP][PASSED] - verifyTextPresent("State", true): Text 'State' is present on page  using regular expression

2023-09-21 17:48:05 - [MESSAGE][PASSED] - Text 'State' is present on page  using regular expression

2023-09-21 17:48:05 - [TEST_STEP][PASSED] - verifyTextPresent("ZIP Code", true): Text 'ZIP Code' is present on page  using regular expression

2023-09-21 17:48:05 - [MESSAGE][PASSED] - Text 'ZIP Code' is present on page  using regular expression

2023-09-21 17:48:05 - [TEST_STEP][PASSED] - verifyTextPresent("248 PhoolKaante road", true): Text '248 PhoolKaante road' is present on page  using regular expression

2023-09-21 17:48:05 - [MESSAGE][PASSED] - Text '248 PhoolKaante road' is present on page  using regular expression

2023-09-21 17:48:05 - [TEST_STEP][PASSED] - verifyTextPresent("Suite 678", true): Text 'Suite 678' is present on page  using regular expression

2023-09-21 17:48:05 - [MESSAGE][PASSED] - Text 'Suite 678' is present on page  using regular expression

2023-09-21 17:48:05 - [TEST_STEP][PASSED] - verifyTextPresent("United States", true): Text 'United States' is present on page  using regular expression

2023-09-21 17:48:06 - [MESSAGE][PASSED] - Text 'United States' is present on page  using regular expression

2023-09-21 17:48:06 - [TEST_STEP][PASSED] - verifyTextPresent("ARLINGTON", true): Text 'ARLINGTON' is present on page  using regular expression

2023-09-21 17:48:06 - [MESSAGE][PASSED] - Text 'ARLINGTON' is present on page  using regular expression

2023-09-21 17:48:06 - [TEST_STEP][PASSED] - verifyTextPresent("VA", true): Text 'VA' is present on page  using regular expression

2023-09-21 17:48:06 - [MESSAGE][PASSED] - Text 'VA' is present on page  using regular expression

2023-09-21 17:48:06 - [TEST_STEP][PASSED] - verifyTextPresent("22201", true): Text '22201' is present on page  using regular expression

2023-09-21 17:48:07 - [MESSAGE][PASSED] - Text '22201' is present on page  using regular expression

2023-09-21 17:48:07 - [TEST_STEP][PASSED] - cardTypeV = findTestData(dataFile).getValue("CardType", row): null

2023-09-21 17:48:07 - [TEST_STEP][PASSED] - last4V = findTestData(dataFile).getValue("Last4", row): null

2023-09-21 17:48:07 - [TEST_STEP][PASSED] - verifyTextPresent(cardTypeV, true): Text 'Visa' is present on page  using regular expression

2023-09-21 17:48:07 - [MESSAGE][PASSED] - Text 'Visa' is present on page  using regular expression

2023-09-21 17:48:07 - [TEST_STEP][PASSED] - verifyTextPresent(last4V, true): Text '5439' is present on page  using regular expression

2023-09-21 17:48:07 - [MESSAGE][PASSED] - Text '5439' is present on page  using regular expression

2023-09-21 17:48:07 - [TEST_STEP][PASSED] - switch (appName): null

2023-09-21 17:48:07 - [TEST_STEP][PASSED] - case "a_Access AutoDualCFtpQA":: null

2023-09-21 17:48:07 - [TEST_STEP][PASSED] - verifyTextPresent("5.00", true): Text '5.00' is present on page  using regular expression

2023-09-21 17:48:08 - [MESSAGE][PASSED] - Text '5.00' is present on page  using regular expression

2023-09-21 17:48:08 - [TEST_STEP][PASSED] - verifyTextPresent("Dual Transaction", true): Text 'Dual Transaction' is present on page  using regular expression

2023-09-21 17:48:08 - [MESSAGE][PASSED] - Text 'Dual Transaction' is present on page  using regular expression

2023-09-21 17:48:08 - [TEST_STEP][PASSED] - verifyTextPresent("7.50", true): Text '7.50' is present on page  using regular expression

2023-09-21 17:48:08 - [MESSAGE][PASSED] - Text '7.50' is present on page  using regular expression

2023-09-21 17:48:08 - [TEST_STEP][PASSED] - verifyTextPresent("Total Amount", true): Text 'Total Amount' is present on page  using regular expression

2023-09-21 17:48:09 - [MESSAGE][PASSED] - Text 'Total Amount' is present on page  using regular expression

2023-09-21 17:48:09 - [TEST_STEP][PASSED] - verifyTextPresent("Transaction Type", true): Text 'Transaction Type' is present on page  using regular expression

2023-09-21 17:48:09 - [MESSAGE][PASSED] - Text 'Transaction Type' is present on page  using regular expression

2023-09-21 17:48:09 - [TEST_STEP][PASSED] - break: null

2023-09-21 17:48:09 - [TEST_STEP][PASSED] - closeBrowser(): Browser is closed

2023-09-21 17:48:10 - [MESSAGE][PASSED] - Browser is closed

2023-09-21 17:48:10 - [TEST_STEP][PASSED] - ExecuteTC = findTestData(dataFile).getValue("Execute", row): null

2023-09-21 17:48:10 - [TEST_STEP][PASSED] - out.println("Value of Execute is : " + ExecuteTC): null

2023-09-21 17:48:10 - [TEST_STEP][PASSED] - switch (executionProfile): null

2023-09-21 17:48:10 - [TEST_STEP][PASSED] - case "QA2Profile":: null

2023-09-21 17:48:10 - [TEST_STEP][PASSED] - appName = findTestData(dataFile).getValue("AppNameQA", row): null

2023-09-21 17:48:10 - [TEST_STEP][PASSED] - appID = findTestData(dataFile).getValue("AppIDQA", row): null

2023-09-21 17:48:10 - [TEST_STEP][PASSED] - break: null

2023-09-21 17:48:10 - [TEST_STEP][PASSED] - if (ExecuteTC.equalsIgnoreCase("Y")): null

2023-09-21 17:48:10 - [TEST_STEP][PASSED] - out.println("Begin Record Number: " + row): null

2023-09-21 17:48:10 - [TEST_STEP][PASSED] - today = new java.util.Date(): null

2023-09-21 17:48:10 - [TEST_STEP][PASSED] - println(today): null

2023-09-21 17:48:10 - [TEST_STEP][PASSED] - datText = today: null

2023-09-21 17:48:10 - [TEST_STEP][PASSED] - adminSuiteBootstrap.loginFunctionality.login_AdminSuite(): adminSuiteBootstrap.loginFunctionality.login_AdminSuite is PASSED

2023-09-21 17:48:10 - [MESSAGE][INFO] - Starting 'Chrome' driver

2023-09-21 17:48:10 - [MESSAGE][INFO] - User set preference: ['acceptInsecureCerts', 'true']

2023-09-21 17:48:10 - [MESSAGE][INFO] - Action delay is set to 0 milliseconds

2023-09-21 17:48:13 - [MESSAGE][PASSED] - Browser is opened with url: 'https://qa2.velocitypayment.com/admin/imtiaz'

2023-09-21 17:48:13 - [MESSAGE][PASSED] - Current window maximized

2023-09-21 17:48:13 - [MESSAGE][PASSED] - Object 'Object Repository/Login_Page/Login_Username_Okta' is present

2023-09-21 17:48:14 - [MESSAGE][PASSED] - Text 'iahmed' is set on object 'Object Repository/Login_Page/Login_Username_Okta'

2023-09-21 17:48:15 - [MESSAGE][PASSED] - Text 'Hello1111111@' is set on object 'Object Repository/Login_Page/Login_Password_Okta'

2023-09-21 17:48:15 - [MESSAGE][PASSED] - Object: 'Object Repository/Login_Page/Login_Submit_Okta' is clicked on

2023-09-21 17:48:15 - [MESSAGE][PASSED] - adminSuiteBootstrap.loginFunctionality.login_AdminSuite is PASSED

2023-09-21 17:48:15 - [TEST_STEP][PASSED] - click(findTestObject(path_Dashboard + appName)): Object: 'Object Repository/AdminSuiteBootstrap_Pages/Dashboard_Bootstrap/a_Access AutoDualCFtpQA' is clicked on

2023-09-21 17:48:22 - [MESSAGE][PASSED] - Object: 'Object Repository/AdminSuiteBootstrap_Pages/Dashboard_Bootstrap/a_Access AutoDualCFtpQA' is clicked on

2023-09-21 17:48:22 - [TEST_STEP][PASSED] - click(findTestObject(path_VT + "a_Find Profile")): Object: 'Object Repository/AdminSuiteBootstrap_Pages/VT_Bootstrap/IssueTransactions/a_Find Profile' is clicked on

2023-09-21 17:48:22 - [MESSAGE][PASSED] - Object: 'Object Repository/AdminSuiteBootstrap_Pages/VT_Bootstrap/IssueTransactions/a_Find Profile' is clicked on

2023-09-21 17:48:22 - [TEST_STEP][PASSED] - criteria = <not implemented yet for class: org.codehaus.groovy.ast.expr.EmptyExpression>: null

2023-09-21 17:48:22 - [TEST_STEP][PASSED] - searchBy = <not implemented yet for class: org.codehaus.groovy.ast.expr.EmptyExpression>: null

2023-09-21 17:48:22 - [TEST_STEP][PASSED] - criteria = findTestData(dataFile).getValue("ProfileName", row): null

2023-09-21 17:48:22 - [TEST_STEP][PASSED] - path_SearchProfile = "Object Repository/AdminSuiteBootstrap_Pages/VSP_Bootstrap/SearchProfile/": null

2023-09-21 17:48:22 - [TEST_STEP][PASSED] - setText(findTestObject(path_SearchProfile + "input_Criteria"), criteria): Text 'PaymentsMC' is set on object 'Object Repository/AdminSuiteBootstrap_Pages/VSP_Bootstrap/SearchProfile/input_Criteria'

2023-09-21 17:48:23 - [MESSAGE][PASSED] - Text 'PaymentsMC' is set on object 'Object Repository/AdminSuiteBootstrap_Pages/VSP_Bootstrap/SearchProfile/input_Criteria'

2023-09-21 17:48:23 - [TEST_STEP][PASSED] - click(findTestObject(path_SearchProfile + "button_Search")): Object: 'Object Repository/AdminSuiteBootstrap_Pages/VSP_Bootstrap/SearchProfile/button_Search' is clicked on

2023-09-21 17:48:24 - [MESSAGE][PASSED] - Object: 'Object Repository/AdminSuiteBootstrap_Pages/VSP_Bootstrap/SearchProfile/button_Search' is clicked on

2023-09-21 17:48:24 - [TEST_STEP][PASSED] - profNameLink = findTestData(dataFile).getValue("ProfileNameLink", row): null

2023-09-21 17:48:24 - [TEST_STEP][PASSED] - click(findTestObject(path_ViewProfile + profNameLink)): Object: 'Object Repository/AdminSuiteBootstrap_Pages/VSP_Bootstrap/View Profile/a_PaymentsMC' is clicked on

2023-09-21 17:48:25 - [MESSAGE][PASSED] - Object: 'Object Repository/AdminSuiteBootstrap_Pages/VSP_Bootstrap/View Profile/a_PaymentsMC' is clicked on

2023-09-21 17:48:25 - [TEST_STEP][PASSED] - click(findTestObject(path_ViewProfile + "a_Auth")): Object: 'Object Repository/AdminSuiteBootstrap_Pages/VSP_Bootstrap/View Profile/a_Auth' is clicked on

2023-09-21 17:48:26 - [MESSAGE][PASSED] - Object: 'Object Repository/AdminSuiteBootstrap_Pages/VSP_Bootstrap/View Profile/a_Auth' is clicked on

2023-09-21 17:48:26 - [TEST_STEP][PASSED] - verifyTextPresent("Credit Card Authorization", true): Text 'Credit Card Authorization' is present on page  using regular expression

2023-09-21 17:48:27 - [MESSAGE][PASSED] - Text 'Credit Card Authorization' is present on page  using regular expression

2023-09-21 17:48:27 - [TEST_STEP][PASSED] - verifyTextPresent("Required fields are highlighted with an asterisk", true): Text 'Required fields are highlighted with an asterisk' is present on page  using regular expression

2023-09-21 17:48:28 - [MESSAGE][PASSED] - Text 'Required fields are highlighted with an asterisk' is present on page  using regular expression

2023-09-21 17:48:28 - [TEST_STEP][PASSED] - verifyTextPresent("Remittance ID", true): Text 'Remittance ID' is present on page  using regular expression

2023-09-21 17:48:28 - [MESSAGE][PASSED] - Text 'Remittance ID' is present on page  using regular expression

2023-09-21 17:48:28 - [TEST_STEP][PASSED] - vspBootstrap.SalePage.setDataSaleAndAuth(row, dataFile): vspBootstrap.SalePage.setDataSaleAndAuth is PASSED

2023-09-21 17:48:30 - [MESSAGE][PASSED] - All options with value 'RETL' are selected in object 'Object Repository/AdminSuiteBootstrap_Pages/VSP_Bootstrap/VSP_Authcap/select_TransactionCategory'  using regular expression

2023-09-21 17:48:30 - [MESSAGE][PASSED] - Text '123' is set on object 'Object Repository/AdminSuiteBootstrap_Pages/VSP_Bootstrap/VSP_Authcap/input_cvv'

2023-09-21 17:48:31 - [MESSAGE][PASSED] - Text '' is set on object 'Object Repository/AdminSuiteBootstrap_Pages/VSP_Bootstrap/VSP_Authcap/input_smsNumber'

2023-09-21 17:48:32 - [MESSAGE][PASSED] - Text '2.50' is set on object 'Object Repository/AdminSuiteBootstrap_Pages/VSP_Bootstrap/VSP_Authcap/input_amount'

2023-09-21 17:48:33 - [MESSAGE][PASSED] - Text 'Delhi' is set on object 'Object Repository/AdminSuiteBootstrap_Pages/VSP_Bootstrap/VSP_Authcap/input_userDefined1'

2023-09-21 17:48:33 - [MESSAGE][PASSED] - Text 'Chennai' is set on object 'Object Repository/AdminSuiteBootstrap_Pages/VSP_Bootstrap/VSP_Authcap/input_userDefined2'

2023-09-21 17:48:34 - [MESSAGE][PASSED] - Text 'Mumbai' is set on object 'Object Repository/AdminSuiteBootstrap_Pages/VSP_Bootstrap/VSP_Authcap/input_userDefined3'

2023-09-21 17:48:35 - [MESSAGE][PASSED] - Text 'Kanpur' is set on object 'Object Repository/AdminSuiteBootstrap_Pages/VSP_Bootstrap/VSP_Authcap/input_userDefined4'

2023-09-21 17:48:35 - [MESSAGE][PASSED] - All options with label 'Orange' are selected in object 'Object Repository/AdminSuiteBootstrap_Pages/VSP_Bootstrap/VSP_Authcap/select_UDF5'  using regular expression

2023-09-21 17:48:36 - [MESSAGE][PASSED] - All options with label 'Yellow' are selected in object 'Object Repository/AdminSuiteBootstrap_Pages/VSP_Bootstrap/VSP_Authcap/select_UDF6'  using regular expression

2023-09-21 17:48:37 - [MESSAGE][PASSED] - Text 'Kolkata' is set on object 'Object Repository/AdminSuiteBootstrap_Pages/VSP_Bootstrap/VSP_Authcap/input_userDefined7'

2023-09-21 17:48:38 - [MESSAGE][PASSED] - Text 'Pune' is set on object 'Object Repository/AdminSuiteBootstrap_Pages/VSP_Bootstrap/VSP_Authcap/input_userDefined8'

2023-09-21 17:48:38 - [MESSAGE][PASSED] - Text 'Bhavnagar' is set on object 'Object Repository/AdminSuiteBootstrap_Pages/VSP_Bootstrap/VSP_Authcap/input_userDefined9'

2023-09-21 17:48:39 - [MESSAGE][PASSED] - Text 'Noida' is set on object 'Object Repository/AdminSuiteBootstrap_Pages/VSP_Bootstrap/VSP_Authcap/input_userDefined10'

2023-09-21 17:48:41 - [MESSAGE][PASSED] - Object: 'Object Repository/AdminSuiteBootstrap_Pages/VSP_Bootstrap/VSP_Authcap/button_Submit' is clicked on

2023-09-21 17:48:41 - [MESSAGE][PASSED] - vspBootstrap.SalePage.setDataSaleAndAuth is PASSED

2023-09-21 17:48:41 - [TEST_STEP][PASSED] - verifyTextPresent("Transaction Successful", true): Text 'Transaction Successful' is present on page  using regular expression

2023-09-21 17:48:41 - [MESSAGE][PASSED] - Text 'Transaction Successful' is present on page  using regular expression

2023-09-21 17:48:41 - [TEST_STEP][PASSED] - verifyElementVisible(findTestObject("Object Repository/AdminSuiteBootstrap_Pages/VT_Bootstrap/Receipt/button_Continue")): Object 'Object Repository/AdminSuiteBootstrap_Pages/VT_Bootstrap/Receipt/button_Continue' is visible

2023-09-21 17:48:41 - [MESSAGE][PASSED] - Object 'Object Repository/AdminSuiteBootstrap_Pages/VT_Bootstrap/Receipt/button_Continue' is visible

2023-09-21 17:48:41 - [TEST_STEP][PASSED] - verifyElementPresent(findTestObject("Object Repository/AdminSuiteBootstrap_Pages/VT_Bootstrap/Receipt/button_Continue"), 20): Object 'Object Repository/AdminSuiteBootstrap_Pages/VT_Bootstrap/Receipt/button_Continue' is present

2023-09-21 17:48:42 - [MESSAGE][PASSED] - Object 'Object Repository/AdminSuiteBootstrap_Pages/VT_Bootstrap/Receipt/button_Continue' is present

2023-09-21 17:48:42 - [TEST_STEP][PASSED] - verifyElementVisible(findTestObject("Object Repository/AdminSuiteBootstrap_Pages/VT_Bootstrap/Receipt/button_Print")): Object 'Object Repository/AdminSuiteBootstrap_Pages/VT_Bootstrap/Receipt/button_Print' is visible

2023-09-21 17:48:42 - [MESSAGE][PASSED] - Object 'Object Repository/AdminSuiteBootstrap_Pages/VT_Bootstrap/Receipt/button_Print' is visible

2023-09-21 17:48:42 - [TEST_STEP][PASSED] - verifyElementPresent(findTestObject("Object Repository/AdminSuiteBootstrap_Pages/VT_Bootstrap/Receipt/button_Print"), 20): Object 'Object Repository/AdminSuiteBootstrap_Pages/VT_Bootstrap/Receipt/button_Print' is present

2023-09-21 17:48:42 - [MESSAGE][PASSED] - Object 'Object Repository/AdminSuiteBootstrap_Pages/VT_Bootstrap/Receipt/button_Print' is present

2023-09-21 17:48:42 - [TEST_STEP][PASSED] - verifyTextPresent("Remittance ID", true): Text 'Remittance ID' is present on page  using regular expression

2023-09-21 17:48:43 - [MESSAGE][PASSED] - Text 'Remittance ID' is present on page  using regular expression

2023-09-21 17:48:43 - [TEST_STEP][PASSED] - verifyTextPresent("Received", true): Text 'Received' is present on page  using regular expression

2023-09-21 17:48:43 - [MESSAGE][PASSED] - Text 'Received' is present on page  using regular expression

2023-09-21 17:48:43 - [TEST_STEP][PASSED] - verifyTextPresent("UDF1", true): Text 'UDF1' is present on page  using regular expression

2023-09-21 17:48:43 - [MESSAGE][PASSED] - Text 'UDF1' is present on page  using regular expression

2023-09-21 17:48:43 - [TEST_STEP][PASSED] - verifyTextPresent("UDF2", true): Text 'UDF2' is present on page  using regular expression

2023-09-21 17:48:43 - [MESSAGE][PASSED] - Text 'UDF2' is present on page  using regular expression

2023-09-21 17:48:43 - [TEST_STEP][PASSED] - verifyTextPresent("UDF3", true): Text 'UDF3' is present on page  using regular expression

2023-09-21 17:48:44 - [MESSAGE][PASSED] - Text 'UDF3' is present on page  using regular expression

2023-09-21 17:48:44 - [TEST_STEP][PASSED] - verifyTextPresent("UDF4", true): Text 'UDF4' is present on page  using regular expression

2023-09-21 17:48:44 - [MESSAGE][PASSED] - Text 'UDF4' is present on page  using regular expression

2023-09-21 17:48:44 - [TEST_STEP][PASSED] - verifyTextPresent("UDF5", true): Text 'UDF5' is present on page  using regular expression

2023-09-21 17:48:44 - [MESSAGE][PASSED] - Text 'UDF5' is present on page  using regular expression

2023-09-21 17:48:44 - [TEST_STEP][PASSED] - verifyTextPresent("UDF6", true): Text 'UDF6' is present on page  using regular expression

2023-09-21 17:48:45 - [MESSAGE][PASSED] - Text 'UDF6' is present on page  using regular expression

2023-09-21 17:48:45 - [TEST_STEP][PASSED] - verifyTextPresent("UDF7", true): Text 'UDF7' is present on page  using regular expression

2023-09-21 17:48:45 - [MESSAGE][PASSED] - Text 'UDF7' is present on page  using regular expression

2023-09-21 17:48:45 - [TEST_STEP][PASSED] - verifyTextPresent("UDF8", true): Text 'UDF8' is present on page  using regular expression

2023-09-21 17:48:45 - [MESSAGE][PASSED] - Text 'UDF8' is present on page  using regular expression

2023-09-21 17:48:45 - [TEST_STEP][PASSED] - verifyTextPresent("UDF9", true): Text 'UDF9' is present on page  using regular expression

2023-09-21 17:48:46 - [MESSAGE][PASSED] - Text 'UDF9' is present on page  using regular expression

2023-09-21 17:48:46 - [TEST_STEP][PASSED] - verifyTextPresent("UDF 10", true): Text 'UDF 10' is present on page  using regular expression

2023-09-21 17:48:46 - [MESSAGE][PASSED] - Text 'UDF 10' is present on page  using regular expression

2023-09-21 17:48:46 - [TEST_STEP][PASSED] - verifyTextPresent("Delhi", true): Text 'Delhi' is present on page  using regular expression

2023-09-21 17:48:46 - [MESSAGE][PASSED] - Text 'Delhi' is present on page  using regular expression

2023-09-21 17:48:46 - [TEST_STEP][PASSED] - verifyTextPresent("Chennai", true): Text 'Chennai' is present on page  using regular expression

2023-09-21 17:48:46 - [MESSAGE][PASSED] - Text 'Chennai' is present on page  using regular expression

2023-09-21 17:48:46 - [TEST_STEP][PASSED] - verifyTextPresent("Mumbai", true): Text 'Mumbai' is present on page  using regular expression

2023-09-21 17:48:47 - [MESSAGE][PASSED] - Text 'Mumbai' is present on page  using regular expression

2023-09-21 17:48:47 - [TEST_STEP][PASSED] - verifyTextPresent("Kanpur", true): Text 'Kanpur' is present on page  using regular expression

2023-09-21 17:48:47 - [MESSAGE][PASSED] - Text 'Kanpur' is present on page  using regular expression

2023-09-21 17:48:47 - [TEST_STEP][PASSED] - verifyTextPresent("Orange Recorded", true): Text 'Orange Recorded' is present on page  using regular expression

2023-09-21 17:48:47 - [MESSAGE][PASSED] - Text 'Orange Recorded' is present on page  using regular expression

2023-09-21 17:48:47 - [TEST_STEP][PASSED] - verifyTextPresent("Yellow Recorded", true): Text 'Yellow Recorded' is present on page  using regular expression

2023-09-21 17:48:48 - [MESSAGE][PASSED] - Text 'Yellow Recorded' is present on page  using regular expression

2023-09-21 17:48:48 - [TEST_STEP][PASSED] - verifyTextPresent("Kolkata", true): Text 'Kolkata' is present on page  using regular expression

2023-09-21 17:48:48 - [MESSAGE][PASSED] - Text 'Kolkata' is present on page  using regular expression

2023-09-21 17:48:48 - [TEST_STEP][PASSED] - verifyTextPresent("Pune", true): Text 'Pune' is present on page  using regular expression

2023-09-21 17:48:48 - [MESSAGE][PASSED] - Text 'Pune' is present on page  using regular expression

2023-09-21 17:48:48 - [TEST_STEP][PASSED] - verifyTextPresent("Bhavnagar", true): Text 'Bhavnagar' is present on page  using regular expression

2023-09-21 17:48:49 - [MESSAGE][PASSED] - Text 'Bhavnagar' is present on page  using regular expression

2023-09-21 17:48:49 - [TEST_STEP][PASSED] - verifyTextPresent("Noida", true): Text 'Noida' is present on page  using regular expression

2023-09-21 17:48:49 - [MESSAGE][PASSED] - Text 'Noida' is present on page  using regular expression

2023-09-21 17:48:49 - [TEST_STEP][PASSED] - verifyTextPresent("Amount", true): Text 'Amount' is present on page  using regular expression

2023-09-21 17:48:49 - [MESSAGE][PASSED] - Text 'Amount' is present on page  using regular expression

2023-09-21 17:48:49 - [TEST_STEP][PASSED] - verifyTextPresent("2.50", true): Text '2.50' is present on page  using regular expression

2023-09-21 17:48:49 - [MESSAGE][PASSED] - Text '2.50' is present on page  using regular expression

2023-09-21 17:48:49 - [TEST_STEP][PASSED] - verifyTextPresent("Authorization", true): Text 'Authorization' is present on page  using regular expression

2023-09-21 17:48:50 - [MESSAGE][PASSED] - Text 'Authorization' is present on page  using regular expression

2023-09-21 17:48:50 - [TEST_STEP][PASSED] - verifyTextPresent("Card Information", true): Text 'Card Information' is present on page  using regular expression

2023-09-21 17:48:50 - [MESSAGE][PASSED] - Text 'Card Information' is present on page  using regular expression

2023-09-21 17:48:50 - [TEST_STEP][PASSED] - verifyTextPresent("TANDON RAVENA", true): Text 'TANDON RAVENA' is present on page  using regular expression

2023-09-21 17:48:50 - [MESSAGE][PASSED] - Text 'TANDON RAVENA' is present on page  using regular expression

2023-09-21 17:48:50 - [TEST_STEP][PASSED] - verifyTextPresent("Address Line 1", true): Text 'Address Line 1' is present on page  using regular expression

2023-09-21 17:48:51 - [MESSAGE][PASSED] - Text 'Address Line 1' is present on page  using regular expression

2023-09-21 17:48:51 - [TEST_STEP][PASSED] - verifyTextPresent("Address Line 2", true): Text 'Address Line 2' is present on page  using regular expression

2023-09-21 17:48:51 - [MESSAGE][PASSED] - Text 'Address Line 2' is present on page  using regular expression

2023-09-21 17:48:51 - [TEST_STEP][PASSED] - verifyTextPresent("Country", true): Text 'Country' is present on page  using regular expression

2023-09-21 17:48:51 - [MESSAGE][PASSED] - Text 'Country' is present on page  using regular expression

2023-09-21 17:48:51 - [TEST_STEP][PASSED] - verifyTextPresent("City", true): Text 'City' is present on page  using regular expression

2023-09-21 17:48:51 - [MESSAGE][PASSED] - Text 'City' is present on page  using regular expression

2023-09-21 17:48:51 - [TEST_STEP][PASSED] - verifyTextPresent("State", true): Text 'State' is present on page  using regular expression

2023-09-21 17:48:52 - [MESSAGE][PASSED] - Text 'State' is present on page  using regular expression

2023-09-21 17:48:52 - [TEST_STEP][PASSED] - verifyTextPresent("ZIP Code", true): Text 'ZIP Code' is present on page  using regular expression

2023-09-21 17:48:52 - [MESSAGE][PASSED] - Text 'ZIP Code' is present on page  using regular expression

2023-09-21 17:48:52 - [TEST_STEP][PASSED] - verifyTextPresent("248 PhoolKaante road", true): Text '248 PhoolKaante road' is present on page  using regular expression

2023-09-21 17:48:52 - [MESSAGE][PASSED] - Text '248 PhoolKaante road' is present on page  using regular expression

2023-09-21 17:48:52 - [TEST_STEP][PASSED] - verifyTextPresent("Suite 678", true): Text 'Suite 678' is present on page  using regular expression

2023-09-21 17:48:53 - [MESSAGE][PASSED] - Text 'Suite 678' is present on page  using regular expression

2023-09-21 17:48:53 - [TEST_STEP][PASSED] - verifyTextPresent("United States", true): Text 'United States' is present on page  using regular expression

2023-09-21 17:48:53 - [MESSAGE][PASSED] - Text 'United States' is present on page  using regular expression

2023-09-21 17:48:53 - [TEST_STEP][PASSED] - verifyTextPresent("ARLINGTON", true): Text 'ARLINGTON' is present on page  using regular expression

2023-09-21 17:48:53 - [MESSAGE][PASSED] - Text 'ARLINGTON' is present on page  using regular expression

2023-09-21 17:48:53 - [TEST_STEP][PASSED] - verifyTextPresent("VA", true): Text 'VA' is present on page  using regular expression

2023-09-21 17:48:54 - [MESSAGE][PASSED] - Text 'VA' is present on page  using regular expression

2023-09-21 17:48:54 - [TEST_STEP][PASSED] - verifyTextPresent("22201", true): Text '22201' is present on page  using regular expression

2023-09-21 17:48:54 - [MESSAGE][PASSED] - Text '22201' is present on page  using regular expression

2023-09-21 17:48:54 - [TEST_STEP][PASSED] - cardTypeV = findTestData(dataFile).getValue("CardType", row): null

2023-09-21 17:48:54 - [TEST_STEP][PASSED] - last4V = findTestData(dataFile).getValue("Last4", row): null

2023-09-21 17:48:54 - [TEST_STEP][PASSED] - verifyTextPresent(cardTypeV, true): Text 'MasterCard' is present on page  using regular expression

2023-09-21 17:48:54 - [MESSAGE][PASSED] - Text 'MasterCard' is present on page  using regular expression

2023-09-21 17:48:54 - [TEST_STEP][PASSED] - verifyTextPresent(last4V, true): Text '0035' is present on page  using regular expression

2023-09-21 17:48:55 - [MESSAGE][PASSED] - Text '0035' is present on page  using regular expression

2023-09-21 17:48:55 - [TEST_STEP][PASSED] - switch (appName): null

2023-09-21 17:48:55 - [TEST_STEP][PASSED] - case "a_Access AutoDualCFtpQA":: null

2023-09-21 17:48:55 - [TEST_STEP][PASSED] - verifyTextPresent("5.00", true): Text '5.00' is present on page  using regular expression

2023-09-21 17:48:55 - [MESSAGE][PASSED] - Text '5.00' is present on page  using regular expression

2023-09-21 17:48:55 - [TEST_STEP][PASSED] - verifyTextPresent("Dual Transaction", true): Text 'Dual Transaction' is present on page  using regular expression

2023-09-21 17:48:55 - [MESSAGE][PASSED] - Text 'Dual Transaction' is present on page  using regular expression

2023-09-21 17:48:55 - [TEST_STEP][PASSED] - verifyTextPresent("7.50", true): Text '7.50' is present on page  using regular expression

2023-09-21 17:48:55 - [MESSAGE][PASSED] - Text '7.50' is present on page  using regular expression

2023-09-21 17:48:55 - [TEST_STEP][PASSED] - verifyTextPresent("Total Amount", true): Text 'Total Amount' is present on page  using regular expression

2023-09-21 17:48:56 - [MESSAGE][PASSED] - Text 'Total Amount' is present on page  using regular expression

2023-09-21 17:48:56 - [TEST_STEP][PASSED] - verifyTextPresent("Transaction Type", true): Text 'Transaction Type' is present on page  using regular expression

2023-09-21 17:48:56 - [MESSAGE][PASSED] - Text 'Transaction Type' is present on page  using regular expression

2023-09-21 17:48:56 - [TEST_STEP][PASSED] - break: null

2023-09-21 17:48:56 - [TEST_STEP][PASSED] - closeBrowser(): Browser is closed

2023-09-21 17:48:57 - [MESSAGE][PASSED] - Browser is closed

2023-09-21 17:48:57 - [TEST_STEP][PASSED] - ExecuteTC = findTestData(dataFile).getValue("Execute", row): null

2023-09-21 17:48:57 - [TEST_STEP][PASSED] - out.println("Value of Execute is : " + ExecuteTC): null

2023-09-21 17:48:57 - [TEST_STEP][PASSED] - switch (executionProfile): null

2023-09-21 17:48:57 - [TEST_STEP][PASSED] - case "QA2Profile":: null

2023-09-21 17:48:57 - [TEST_STEP][PASSED] - appName = findTestData(dataFile).getValue("AppNameQA", row): null

2023-09-21 17:48:57 - [TEST_STEP][PASSED] - appID = findTestData(dataFile).getValue("AppIDQA", row): null

2023-09-21 17:48:57 - [TEST_STEP][PASSED] - break: null

2023-09-21 17:48:57 - [TEST_STEP][PASSED] - if (ExecuteTC.equalsIgnoreCase("Y")): null

2023-09-21 17:48:57 - [TEST_STEP][PASSED] - out.println("Begin Record Number: " + row): null

2023-09-21 17:48:57 - [TEST_STEP][PASSED] - today = new java.util.Date(): null

2023-09-21 17:48:57 - [TEST_STEP][PASSED] - println(today): null

2023-09-21 17:48:57 - [TEST_STEP][PASSED] - datText = today: null

2023-09-21 17:48:57 - [TEST_STEP][PASSED] - adminSuiteBootstrap.loginFunctionality.login_AdminSuite(): adminSuiteBootstrap.loginFunctionality.login_AdminSuite is PASSED

2023-09-21 17:48:57 - [MESSAGE][INFO] - Starting 'Chrome' driver

2023-09-21 17:48:57 - [MESSAGE][INFO] - User set preference: ['acceptInsecureCerts', 'true']

2023-09-21 17:48:57 - [MESSAGE][INFO] - Action delay is set to 0 milliseconds

2023-09-21 17:49:00 - [MESSAGE][PASSED] - Browser is opened with url: 'https://qa2.velocitypayment.com/admin/imtiaz'

2023-09-21 17:49:00 - [MESSAGE][PASSED] - Current window maximized

2023-09-21 17:49:01 - [MESSAGE][PASSED] - Object 'Object Repository/Login_Page/Login_Username_Okta' is present

2023-09-21 17:49:01 - [MESSAGE][PASSED] - Text 'iahmed' is set on object 'Object Repository/Login_Page/Login_Username_Okta'

2023-09-21 17:49:02 - [MESSAGE][PASSED] - Text 'Hello1111111@' is set on object 'Object Repository/Login_Page/Login_Password_Okta'

2023-09-21 17:49:03 - [MESSAGE][PASSED] - Object: 'Object Repository/Login_Page/Login_Submit_Okta' is clicked on

2023-09-21 17:49:03 - [MESSAGE][PASSED] - adminSuiteBootstrap.loginFunctionality.login_AdminSuite is PASSED

2023-09-21 17:49:03 - [TEST_STEP][PASSED] - click(findTestObject(path_Dashboard + appName)): Object: 'Object Repository/AdminSuiteBootstrap_Pages/Dashboard_Bootstrap/a_Access AutoDualCFtpQA' is clicked on

2023-09-21 17:49:09 - [MESSAGE][PASSED] - Object: 'Object Repository/AdminSuiteBootstrap_Pages/Dashboard_Bootstrap/a_Access AutoDualCFtpQA' is clicked on

2023-09-21 17:49:09 - [TEST_STEP][PASSED] - click(findTestObject(path_VT + "a_Find Profile")): Object: 'Object Repository/AdminSuiteBootstrap_Pages/VT_Bootstrap/IssueTransactions/a_Find Profile' is clicked on

2023-09-21 17:49:10 - [MESSAGE][PASSED] - Object: 'Object Repository/AdminSuiteBootstrap_Pages/VT_Bootstrap/IssueTransactions/a_Find Profile' is clicked on

2023-09-21 17:49:10 - [TEST_STEP][PASSED] - criteria = <not implemented yet for class: org.codehaus.groovy.ast.expr.EmptyExpression>: null

2023-09-21 17:49:10 - [TEST_STEP][PASSED] - searchBy = <not implemented yet for class: org.codehaus.groovy.ast.expr.EmptyExpression>: null

2023-09-21 17:49:10 - [TEST_STEP][PASSED] - criteria = findTestData(dataFile).getValue("ProfileName", row): null

2023-09-21 17:49:10 - [TEST_STEP][PASSED] - path_SearchProfile = "Object Repository/AdminSuiteBootstrap_Pages/VSP_Bootstrap/SearchProfile/": null

2023-09-21 17:49:10 - [TEST_STEP][PASSED] - setText(findTestObject(path_SearchProfile + "input_Criteria"), criteria): Text 'PaymentsAmEx' is set on object 'Object Repository/AdminSuiteBootstrap_Pages/VSP_Bootstrap/SearchProfile/input_Criteria'

2023-09-21 17:49:11 - [MESSAGE][PASSED] - Text 'PaymentsAmEx' is set on object 'Object Repository/AdminSuiteBootstrap_Pages/VSP_Bootstrap/SearchProfile/input_Criteria'

2023-09-21 17:49:11 - [TEST_STEP][PASSED] - click(findTestObject(path_SearchProfile + "button_Search")): Object: 'Object Repository/AdminSuiteBootstrap_Pages/VSP_Bootstrap/SearchProfile/button_Search' is clicked on

2023-09-21 17:49:12 - [MESSAGE][PASSED] - Object: 'Object Repository/AdminSuiteBootstrap_Pages/VSP_Bootstrap/SearchProfile/button_Search' is clicked on

2023-09-21 17:49:12 - [TEST_STEP][PASSED] - profNameLink = findTestData(dataFile).getValue("ProfileNameLink", row): null

2023-09-21 17:49:12 - [TEST_STEP][PASSED] - click(findTestObject(path_ViewProfile + profNameLink)): Object: 'Object Repository/AdminSuiteBootstrap_Pages/VSP_Bootstrap/View Profile/a_PaymentsAmEx' is clicked on

2023-09-21 17:49:13 - [MESSAGE][PASSED] - Object: 'Object Repository/AdminSuiteBootstrap_Pages/VSP_Bootstrap/View Profile/a_PaymentsAmEx' is clicked on

2023-09-21 17:49:13 - [TEST_STEP][PASSED] - click(findTestObject(path_ViewProfile + "a_Auth")): Object: 'Object Repository/AdminSuiteBootstrap_Pages/VSP_Bootstrap/View Profile/a_Auth' is clicked on

2023-09-21 17:49:14 - [MESSAGE][PASSED] - Object: 'Object Repository/AdminSuiteBootstrap_Pages/VSP_Bootstrap/View Profile/a_Auth' is clicked on

2023-09-21 17:49:14 - [TEST_STEP][PASSED] - verifyTextPresent("Credit Card Authorization", true): Text 'Credit Card Authorization' is present on page  using regular expression

2023-09-21 17:49:15 - [MESSAGE][PASSED] - Text 'Credit Card Authorization' is present on page  using regular expression

2023-09-21 17:49:15 - [TEST_STEP][PASSED] - verifyTextPresent("Required fields are highlighted with an asterisk", true): Text 'Required fields are highlighted with an asterisk' is present on page  using regular expression

2023-09-21 17:49:15 - [MESSAGE][PASSED] - Text 'Required fields are highlighted with an asterisk' is present on page  using regular expression

2023-09-21 17:49:15 - [TEST_STEP][PASSED] - verifyTextPresent("Remittance ID", true): Text 'Remittance ID' is present on page  using regular expression

2023-09-21 17:49:15 - [MESSAGE][PASSED] - Text 'Remittance ID' is present on page  using regular expression

2023-09-21 17:49:15 - [TEST_STEP][PASSED] - vspBootstrap.SalePage.setDataSaleAndAuth(row, dataFile): vspBootstrap.SalePage.setDataSaleAndAuth is PASSED

2023-09-21 17:49:17 - [MESSAGE][PASSED] - All options with value 'RETL' are selected in object 'Object Repository/AdminSuiteBootstrap_Pages/VSP_Bootstrap/VSP_Authcap/select_TransactionCategory'  using regular expression

2023-09-21 17:49:18 - [MESSAGE][PASSED] - Text '1234' is set on object 'Object Repository/AdminSuiteBootstrap_Pages/VSP_Bootstrap/VSP_Authcap/input_cvv'

2023-09-21 17:49:18 - [MESSAGE][PASSED] - Text '' is set on object 'Object Repository/AdminSuiteBootstrap_Pages/VSP_Bootstrap/VSP_Authcap/input_smsNumber'

2023-09-21 17:49:19 - [MESSAGE][PASSED] - Text '2.50' is set on object 'Object Repository/AdminSuiteBootstrap_Pages/VSP_Bootstrap/VSP_Authcap/input_amount'

2023-09-21 17:49:20 - [MESSAGE][PASSED] - Text 'Delhi' is set on object 'Object Repository/AdminSuiteBootstrap_Pages/VSP_Bootstrap/VSP_Authcap/input_userDefined1'

2023-09-21 17:49:21 - [MESSAGE][PASSED] - Text 'Chennai' is set on object 'Object Repository/AdminSuiteBootstrap_Pages/VSP_Bootstrap/VSP_Authcap/input_userDefined2'

2023-09-21 17:49:21 - [MESSAGE][PASSED] - Text 'Mumbai' is set on object 'Object Repository/AdminSuiteBootstrap_Pages/VSP_Bootstrap/VSP_Authcap/input_userDefined3'

2023-09-21 17:49:22 - [MESSAGE][PASSED] - Text 'Kanpur' is set on object 'Object Repository/AdminSuiteBootstrap_Pages/VSP_Bootstrap/VSP_Authcap/input_userDefined4'

2023-09-21 17:49:23 - [MESSAGE][PASSED] - All options with label 'Orange' are selected in object 'Object Repository/AdminSuiteBootstrap_Pages/VSP_Bootstrap/VSP_Authcap/select_UDF5'  using regular expression

2023-09-21 17:49:24 - [MESSAGE][PASSED] - All options with label 'Yellow' are selected in object 'Object Repository/AdminSuiteBootstrap_Pages/VSP_Bootstrap/VSP_Authcap/select_UDF6'  using regular expression

2023-09-21 17:49:24 - [MESSAGE][PASSED] - Text 'Kolkata' is set on object 'Object Repository/AdminSuiteBootstrap_Pages/VSP_Bootstrap/VSP_Authcap/input_userDefined7'

2023-09-21 17:49:25 - [MESSAGE][PASSED] - Text 'Pune' is set on object 'Object Repository/AdminSuiteBootstrap_Pages/VSP_Bootstrap/VSP_Authcap/input_userDefined8'

2023-09-21 17:49:25 - [MESSAGE][PASSED] - Text 'Bhavnagar' is set on object 'Object Repository/AdminSuiteBootstrap_Pages/VSP_Bootstrap/VSP_Authcap/input_userDefined9'

2023-09-21 17:49:26 - [MESSAGE][PASSED] - Text 'Noida' is set on object 'Object Repository/AdminSuiteBootstrap_Pages/VSP_Bootstrap/VSP_Authcap/input_userDefined10'

2023-09-21 17:49:28 - [MESSAGE][PASSED] - Object: 'Object Repository/AdminSuiteBootstrap_Pages/VSP_Bootstrap/VSP_Authcap/button_Submit' is clicked on

2023-09-21 17:49:28 - [MESSAGE][PASSED] - vspBootstrap.SalePage.setDataSaleAndAuth is PASSED

2023-09-21 17:49:28 - [TEST_STEP][PASSED] - verifyTextPresent("Transaction Successful", true): Text 'Transaction Successful' is present on page  using regular expression

2023-09-21 17:49:28 - [MESSAGE][PASSED] - Text 'Transaction Successful' is present on page  using regular expression

2023-09-21 17:49:28 - [TEST_STEP][PASSED] - verifyElementVisible(findTestObject("Object Repository/AdminSuiteBootstrap_Pages/VT_Bootstrap/Receipt/button_Continue")): Object 'Object Repository/AdminSuiteBootstrap_Pages/VT_Bootstrap/Receipt/button_Continue' is visible

2023-09-21 17:49:29 - [MESSAGE][PASSED] - Object 'Object Repository/AdminSuiteBootstrap_Pages/VT_Bootstrap/Receipt/button_Continue' is visible

2023-09-21 17:49:29 - [TEST_STEP][PASSED] - verifyElementPresent(findTestObject("Object Repository/AdminSuiteBootstrap_Pages/VT_Bootstrap/Receipt/button_Continue"), 20): Object 'Object Repository/AdminSuiteBootstrap_Pages/VT_Bootstrap/Receipt/button_Continue' is present

2023-09-21 17:49:29 - [MESSAGE][PASSED] - Object 'Object Repository/AdminSuiteBootstrap_Pages/VT_Bootstrap/Receipt/button_Continue' is present

2023-09-21 17:49:29 - [TEST_STEP][PASSED] - verifyElementVisible(findTestObject("Object Repository/AdminSuiteBootstrap_Pages/VT_Bootstrap/Receipt/button_Print")): Object 'Object Repository/AdminSuiteBootstrap_Pages/VT_Bootstrap/Receipt/button_Print' is visible

2023-09-21 17:49:29 - [MESSAGE][PASSED] - Object 'Object Repository/AdminSuiteBootstrap_Pages/VT_Bootstrap/Receipt/button_Print' is visible

2023-09-21 17:49:29 - [TEST_STEP][PASSED] - verifyElementPresent(findTestObject("Object Repository/AdminSuiteBootstrap_Pages/VT_Bootstrap/Receipt/button_Print"), 20): Object 'Object Repository/AdminSuiteBootstrap_Pages/VT_Bootstrap/Receipt/button_Print' is present

2023-09-21 17:49:30 - [MESSAGE][PASSED] - Object 'Object Repository/AdminSuiteBootstrap_Pages/VT_Bootstrap/Receipt/button_Print' is present

2023-09-21 17:49:30 - [TEST_STEP][PASSED] - verifyTextPresent("Remittance ID", true): Text 'Remittance ID' is present on page  using regular expression

2023-09-21 17:49:30 - [MESSAGE][PASSED] - Text 'Remittance ID' is present on page  using regular expression

2023-09-21 17:49:30 - [TEST_STEP][PASSED] - verifyTextPresent("Received", true): Text 'Received' is present on page  using regular expression

2023-09-21 17:49:30 - [MESSAGE][PASSED] - Text 'Received' is present on page  using regular expression

2023-09-21 17:49:30 - [TEST_STEP][PASSED] - verifyTextPresent("UDF1", true): Text 'UDF1' is present on page  using regular expression

2023-09-21 17:49:30 - [MESSAGE][PASSED] - Text 'UDF1' is present on page  using regular expression

2023-09-21 17:49:30 - [TEST_STEP][PASSED] - verifyTextPresent("UDF2", true): Text 'UDF2' is present on page  using regular expression

2023-09-21 17:49:31 - [MESSAGE][PASSED] - Text 'UDF2' is present on page  using regular expression

2023-09-21 17:49:31 - [TEST_STEP][PASSED] - verifyTextPresent("UDF3", true): Text 'UDF3' is present on page  using regular expression

2023-09-21 17:49:31 - [MESSAGE][PASSED] - Text 'UDF3' is present on page  using regular expression

2023-09-21 17:49:31 - [TEST_STEP][PASSED] - verifyTextPresent("UDF4", true): Text 'UDF4' is present on page  using regular expression

2023-09-21 17:49:31 - [MESSAGE][PASSED] - Text 'UDF4' is present on page  using regular expression

2023-09-21 17:49:31 - [TEST_STEP][PASSED] - verifyTextPresent("UDF5", true): Text 'UDF5' is present on page  using regular expression

2023-09-21 17:49:32 - [MESSAGE][PASSED] - Text 'UDF5' is present on page  using regular expression

2023-09-21 17:49:32 - [TEST_STEP][PASSED] - verifyTextPresent("UDF6", true): Text 'UDF6' is present on page  using regular expression

2023-09-21 17:49:32 - [MESSAGE][PASSED] - Text 'UDF6' is present on page  using regular expression

2023-09-21 17:49:32 - [TEST_STEP][PASSED] - verifyTextPresent("UDF7", true): Text 'UDF7' is present on page  using regular expression

2023-09-21 17:49:32 - [MESSAGE][PASSED] - Text 'UDF7' is present on page  using regular expression

2023-09-21 17:49:32 - [TEST_STEP][PASSED] - verifyTextPresent("UDF8", true): Text 'UDF8' is present on page  using regular expression

2023-09-21 17:49:33 - [MESSAGE][PASSED] - Text 'UDF8' is present on page  using regular expression

2023-09-21 17:49:33 - [TEST_STEP][PASSED] - verifyTextPresent("UDF9", true): Text 'UDF9' is present on page  using regular expression

2023-09-21 17:49:33 - [MESSAGE][PASSED] - Text 'UDF9' is present on page  using regular expression

2023-09-21 17:49:33 - [TEST_STEP][PASSED] - verifyTextPresent("UDF 10", true): Text 'UDF 10' is present on page  using regular expression

2023-09-21 17:49:33 - [MESSAGE][PASSED] - Text 'UDF 10' is present on page  using regular expression

2023-09-21 17:49:33 - [TEST_STEP][PASSED] - verifyTextPresent("Delhi", true): Text 'Delhi' is present on page  using regular expression

2023-09-21 17:49:33 - [MESSAGE][PASSED] - Text 'Delhi' is present on page  using regular expression

2023-09-21 17:49:33 - [TEST_STEP][PASSED] - verifyTextPresent("Chennai", true): Text 'Chennai' is present on page  using regular expression

2023-09-21 17:49:34 - [MESSAGE][PASSED] - Text 'Chennai' is present on page  using regular expression

2023-09-21 17:49:34 - [TEST_STEP][PASSED] - verifyTextPresent("Mumbai", true): Text 'Mumbai' is present on page  using regular expression

2023-09-21 17:49:34 - [MESSAGE][PASSED] - Text 'Mumbai' is present on page  using regular expression

2023-09-21 17:49:34 - [TEST_STEP][PASSED] - verifyTextPresent("Kanpur", true): Text 'Kanpur' is present on page  using regular expression

2023-09-21 17:49:34 - [MESSAGE][PASSED] - Text 'Kanpur' is present on page  using regular expression

2023-09-21 17:49:34 - [TEST_STEP][PASSED] - verifyTextPresent("Orange Recorded", true): Text 'Orange Recorded' is present on page  using regular expression

2023-09-21 17:49:35 - [MESSAGE][PASSED] - Text 'Orange Recorded' is present on page  using regular expression

2023-09-21 17:49:35 - [TEST_STEP][PASSED] - verifyTextPresent("Yellow Recorded", true): Text 'Yellow Recorded' is present on page  using regular expression

2023-09-21 17:49:35 - [MESSAGE][PASSED] - Text 'Yellow Recorded' is present on page  using regular expression

2023-09-21 17:49:35 - [TEST_STEP][PASSED] - verifyTextPresent("Kolkata", true): Text 'Kolkata' is present on page  using regular expression

2023-09-21 17:49:35 - [MESSAGE][PASSED] - Text 'Kolkata' is present on page  using regular expression

2023-09-21 17:49:35 - [TEST_STEP][PASSED] - verifyTextPresent("Pune", true): Text 'Pune' is present on page  using regular expression

2023-09-21 17:49:36 - [MESSAGE][PASSED] - Text 'Pune' is present on page  using regular expression

2023-09-21 17:49:36 - [TEST_STEP][PASSED] - verifyTextPresent("Bhavnagar", true): Text 'Bhavnagar' is present on page  using regular expression

2023-09-21 17:49:36 - [MESSAGE][PASSED] - Text 'Bhavnagar' is present on page  using regular expression

2023-09-21 17:49:36 - [TEST_STEP][PASSED] - verifyTextPresent("Noida", true): Text 'Noida' is present on page  using regular expression

2023-09-21 17:49:36 - [MESSAGE][PASSED] - Text 'Noida' is present on page  using regular expression

2023-09-21 17:49:36 - [TEST_STEP][PASSED] - verifyTextPresent("Amount", true): Text 'Amount' is present on page  using regular expression

2023-09-21 17:49:36 - [MESSAGE][PASSED] - Text 'Amount' is present on page  using regular expression

2023-09-21 17:49:36 - [TEST_STEP][PASSED] - verifyTextPresent("2.50", true): Text '2.50' is present on page  using regular expression

2023-09-21 17:49:37 - [MESSAGE][PASSED] - Text '2.50' is present on page  using regular expression

2023-09-21 17:49:37 - [TEST_STEP][PASSED] - verifyTextPresent("Authorization", true): Text 'Authorization' is present on page  using regular expression

2023-09-21 17:49:37 - [MESSAGE][PASSED] - Text 'Authorization' is present on page  using regular expression

2023-09-21 17:49:37 - [TEST_STEP][PASSED] - verifyTextPresent("Card Information", true): Text 'Card Information' is present on page  using regular expression

2023-09-21 17:49:37 - [MESSAGE][PASSED] - Text 'Card Information' is present on page  using regular expression

2023-09-21 17:49:37 - [TEST_STEP][PASSED] - verifyTextPresent("TANDON RAVENA", true): Text 'TANDON RAVENA' is present on page  using regular expression

2023-09-21 17:49:38 - [MESSAGE][PASSED] - Text 'TANDON RAVENA' is present on page  using regular expression

2023-09-21 17:49:38 - [TEST_STEP][PASSED] - verifyTextPresent("Address Line 1", true): Text 'Address Line 1' is present on page  using regular expression

2023-09-21 17:49:38 - [MESSAGE][PASSED] - Text 'Address Line 1' is present on page  using regular expression

2023-09-21 17:49:38 - [TEST_STEP][PASSED] - verifyTextPresent("Address Line 2", true): Text 'Address Line 2' is present on page  using regular expression

2023-09-21 17:49:38 - [MESSAGE][PASSED] - Text 'Address Line 2' is present on page  using regular expression

2023-09-21 17:49:38 - [TEST_STEP][PASSED] - verifyTextPresent("Country", true): Text 'Country' is present on page  using regular expression

2023-09-21 17:49:39 - [MESSAGE][PASSED] - Text 'Country' is present on page  using regular expression

2023-09-21 17:49:39 - [TEST_STEP][PASSED] - verifyTextPresent("City", true): Text 'City' is present on page  using regular expression

2023-09-21 17:49:39 - [MESSAGE][PASSED] - Text 'City' is present on page  using regular expression

2023-09-21 17:49:39 - [TEST_STEP][PASSED] - verifyTextPresent("State", true): Text 'State' is present on page  using regular expression

2023-09-21 17:49:39 - [MESSAGE][PASSED] - Text 'State' is present on page  using regular expression

2023-09-21 17:49:39 - [TEST_STEP][PASSED] - verifyTextPresent("ZIP Code", true): Text 'ZIP Code' is present on page  using regular expression

2023-09-21 17:49:39 - [MESSAGE][PASSED] - Text 'ZIP Code' is present on page  using regular expression

2023-09-21 17:49:39 - [TEST_STEP][PASSED] - verifyTextPresent("248 PhoolKaante road", true): Text '248 PhoolKaante road' is present on page  using regular expression

2023-09-21 17:49:40 - [MESSAGE][PASSED] - Text '248 PhoolKaante road' is present on page  using regular expression

2023-09-21 17:49:40 - [TEST_STEP][PASSED] - verifyTextPresent("Suite 678", true): Text 'Suite 678' is present on page  using regular expression

2023-09-21 17:49:40 - [MESSAGE][PASSED] - Text 'Suite 678' is present on page  using regular expression

2023-09-21 17:49:40 - [TEST_STEP][PASSED] - verifyTextPresent("United States", true): Text 'United States' is present on page  using regular expression

2023-09-21 17:49:40 - [MESSAGE][PASSED] - Text 'United States' is present on page  using regular expression

2023-09-21 17:49:40 - [TEST_STEP][PASSED] - verifyTextPresent("ARLINGTON", true): Text 'ARLINGTON' is present on page  using regular expression

2023-09-21 17:49:41 - [MESSAGE][PASSED] - Text 'ARLINGTON' is present on page  using regular expression

2023-09-21 17:49:41 - [TEST_STEP][PASSED] - verifyTextPresent("VA", true): Text 'VA' is present on page  using regular expression

2023-09-21 17:49:41 - [MESSAGE][PASSED] - Text 'VA' is present on page  using regular expression

2023-09-21 17:49:41 - [TEST_STEP][PASSED] - verifyTextPresent("22201", true): Text '22201' is present on page  using regular expression

2023-09-21 17:49:41 - [MESSAGE][PASSED] - Text '22201' is present on page  using regular expression

2023-09-21 17:49:41 - [TEST_STEP][PASSED] - cardTypeV = findTestData(dataFile).getValue("CardType", row): null

2023-09-21 17:49:41 - [TEST_STEP][PASSED] - last4V = findTestData(dataFile).getValue("Last4", row): null

2023-09-21 17:49:41 - [TEST_STEP][PASSED] - verifyTextPresent(cardTypeV, true): Text 'American Express' is present on page  using regular expression

2023-09-21 17:49:42 - [MESSAGE][PASSED] - Text 'American Express' is present on page  using regular expression

2023-09-21 17:49:42 - [TEST_STEP][PASSED] - verifyTextPresent(last4V, true): Text '2376' is present on page  using regular expression

2023-09-21 17:49:42 - [MESSAGE][PASSED] - Text '2376' is present on page  using regular expression

2023-09-21 17:49:42 - [TEST_STEP][PASSED] - switch (appName): null

2023-09-21 17:49:42 - [TEST_STEP][PASSED] - case "a_Access AutoDualCFtpQA":: null

2023-09-21 17:49:42 - [TEST_STEP][PASSED] - verifyTextPresent("5.00", true): Text '5.00' is present on page  using regular expression

2023-09-21 17:49:42 - [MESSAGE][PASSED] - Text '5.00' is present on page  using regular expression

2023-09-21 17:49:42 - [TEST_STEP][PASSED] - verifyTextPresent("Dual Transaction", true): Text 'Dual Transaction' is present on page  using regular expression

2023-09-21 17:49:42 - [MESSAGE][PASSED] - Text 'Dual Transaction' is present on page  using regular expression

2023-09-21 17:49:42 - [TEST_STEP][PASSED] - verifyTextPresent("7.50", true): Text '7.50' is present on page  using regular expression

2023-09-21 17:49:43 - [MESSAGE][PASSED] - Text '7.50' is present on page  using regular expression

2023-09-21 17:49:43 - [TEST_STEP][PASSED] - verifyTextPresent("Total Amount", true): Text 'Total Amount' is present on page  using regular expression

2023-09-21 17:49:43 - [MESSAGE][PASSED] - Text 'Total Amount' is present on page  using regular expression

2023-09-21 17:49:43 - [TEST_STEP][PASSED] - verifyTextPresent("Transaction Type", true): Text 'Transaction Type' is present on page  using regular expression

2023-09-21 17:49:43 - [MESSAGE][PASSED] - Text 'Transaction Type' is present on page  using regular expression

2023-09-21 17:49:43 - [TEST_STEP][PASSED] - break: null

2023-09-21 17:49:43 - [TEST_STEP][PASSED] - closeBrowser(): Browser is closed

2023-09-21 17:49:44 - [MESSAGE][PASSED] - Browser is closed

2023-09-21 17:49:44 - [TEST_STEP][PASSED] - ExecuteTC = findTestData(dataFile).getValue("Execute", row): null

2023-09-21 17:49:44 - [TEST_STEP][PASSED] - out.println("Value of Execute is : " + ExecuteTC): null

2023-09-21 17:49:44 - [TEST_STEP][PASSED] - switch (executionProfile): null

2023-09-21 17:49:44 - [TEST_STEP][PASSED] - case "QA2Profile":: null

2023-09-21 17:49:44 - [TEST_STEP][PASSED] - appName = findTestData(dataFile).getValue("AppNameQA", row): null

2023-09-21 17:49:44 - [TEST_STEP][PASSED] - appID = findTestData(dataFile).getValue("AppIDQA", row): null

2023-09-21 17:49:44 - [TEST_STEP][PASSED] - break: null

2023-09-21 17:49:44 - [TEST_STEP][PASSED] - if (ExecuteTC.equalsIgnoreCase("Y")): null

2023-09-21 17:49:44 - [TEST_STEP][PASSED] - out.println("Begin Record Number: " + row): null

2023-09-21 17:49:44 - [TEST_STEP][PASSED] - today = new java.util.Date(): null

2023-09-21 17:49:44 - [TEST_STEP][PASSED] - println(today): null

2023-09-21 17:49:44 - [TEST_STEP][PASSED] - datText = today: null

2023-09-21 17:49:44 - [TEST_STEP][PASSED] - adminSuiteBootstrap.loginFunctionality.login_AdminSuite(): adminSuiteBootstrap.loginFunctionality.login_AdminSuite is PASSED

2023-09-21 17:49:44 - [MESSAGE][INFO] - Starting 'Chrome' driver

2023-09-21 17:49:44 - [MESSAGE][INFO] - User set preference: ['acceptInsecureCerts', 'true']

2023-09-21 17:49:44 - [MESSAGE][INFO] - Action delay is set to 0 milliseconds

2023-09-21 17:49:47 - [MESSAGE][PASSED] - Browser is opened with url: 'https://qa2.velocitypayment.com/admin/imtiaz'

2023-09-21 17:49:47 - [MESSAGE][PASSED] - Current window maximized

2023-09-21 17:49:48 - [MESSAGE][PASSED] - Object 'Object Repository/Login_Page/Login_Username_Okta' is present

2023-09-21 17:49:48 - [MESSAGE][PASSED] - Text 'iahmed' is set on object 'Object Repository/Login_Page/Login_Username_Okta'

2023-09-21 17:49:49 - [MESSAGE][PASSED] - Text 'Hello1111111@' is set on object 'Object Repository/Login_Page/Login_Password_Okta'

2023-09-21 17:49:50 - [MESSAGE][PASSED] - Object: 'Object Repository/Login_Page/Login_Submit_Okta' is clicked on

2023-09-21 17:49:50 - [MESSAGE][PASSED] - adminSuiteBootstrap.loginFunctionality.login_AdminSuite is PASSED

2023-09-21 17:49:50 - [TEST_STEP][PASSED] - click(findTestObject(path_Dashboard + appName)): Object: 'Object Repository/AdminSuiteBootstrap_Pages/Dashboard_Bootstrap/a_Access AutoDualCFtpQA' is clicked on

2023-09-21 17:49:56 - [MESSAGE][PASSED] - Object: 'Object Repository/AdminSuiteBootstrap_Pages/Dashboard_Bootstrap/a_Access AutoDualCFtpQA' is clicked on

2023-09-21 17:49:56 - [TEST_STEP][PASSED] - click(findTestObject(path_VT + "a_Find Profile")): Object: 'Object Repository/AdminSuiteBootstrap_Pages/VT_Bootstrap/IssueTransactions/a_Find Profile' is clicked on

2023-09-21 17:49:57 - [MESSAGE][PASSED] - Object: 'Object Repository/AdminSuiteBootstrap_Pages/VT_Bootstrap/IssueTransactions/a_Find Profile' is clicked on

2023-09-21 17:49:57 - [TEST_STEP][PASSED] - criteria = <not implemented yet for class: org.codehaus.groovy.ast.expr.EmptyExpression>: null

2023-09-21 17:49:57 - [TEST_STEP][PASSED] - searchBy = <not implemented yet for class: org.codehaus.groovy.ast.expr.EmptyExpression>: null

2023-09-21 17:49:57 - [TEST_STEP][PASSED] - criteria = findTestData(dataFile).getValue("ProfileName", row): null

2023-09-21 17:49:57 - [TEST_STEP][PASSED] - path_SearchProfile = "Object Repository/AdminSuiteBootstrap_Pages/VSP_Bootstrap/SearchProfile/": null

2023-09-21 17:49:57 - [TEST_STEP][PASSED] - setText(findTestObject(path_SearchProfile + "input_Criteria"), criteria): Text 'PaymentsDI' is set on object 'Object Repository/AdminSuiteBootstrap_Pages/VSP_Bootstrap/SearchProfile/input_Criteria'

2023-09-21 17:49:58 - [MESSAGE][PASSED] - Text 'PaymentsDI' is set on object 'Object Repository/AdminSuiteBootstrap_Pages/VSP_Bootstrap/SearchProfile/input_Criteria'

2023-09-21 17:49:58 - [TEST_STEP][PASSED] - click(findTestObject(path_SearchProfile + "button_Search")): Object: 'Object Repository/AdminSuiteBootstrap_Pages/VSP_Bootstrap/SearchProfile/button_Search' is clicked on

2023-09-21 17:49:58 - [MESSAGE][PASSED] - Object: 'Object Repository/AdminSuiteBootstrap_Pages/VSP_Bootstrap/SearchProfile/button_Search' is clicked on

2023-09-21 17:49:58 - [TEST_STEP][PASSED] - profNameLink = findTestData(dataFile).getValue("ProfileNameLink", row): null

2023-09-21 17:49:58 - [TEST_STEP][PASSED] - click(findTestObject(path_ViewProfile + profNameLink)): Object: 'Object Repository/AdminSuiteBootstrap_Pages/VSP_Bootstrap/View Profile/a_PaymentsDI' is clicked on

2023-09-21 17:50:00 - [MESSAGE][PASSED] - Object: 'Object Repository/AdminSuiteBootstrap_Pages/VSP_Bootstrap/View Profile/a_PaymentsDI' is clicked on

2023-09-21 17:50:00 - [TEST_STEP][PASSED] - click(findTestObject(path_ViewProfile + "a_Auth")): Object: 'Object Repository/AdminSuiteBootstrap_Pages/VSP_Bootstrap/View Profile/a_Auth' is clicked on

2023-09-21 17:50:01 - [MESSAGE][PASSED] - Object: 'Object Repository/AdminSuiteBootstrap_Pages/VSP_Bootstrap/View Profile/a_Auth' is clicked on

2023-09-21 17:50:01 - [TEST_STEP][PASSED] - verifyTextPresent("Credit Card Authorization", true): Text 'Credit Card Authorization' is present on page  using regular expression

2023-09-21 17:50:02 - [MESSAGE][PASSED] - Text 'Credit Card Authorization' is present on page  using regular expression

2023-09-21 17:50:02 - [TEST_STEP][PASSED] - verifyTextPresent("Required fields are highlighted with an asterisk", true): Text 'Required fields are highlighted with an asterisk' is present on page  using regular expression

2023-09-21 17:50:02 - [MESSAGE][PASSED] - Text 'Required fields are highlighted with an asterisk' is present on page  using regular expression

2023-09-21 17:50:02 - [TEST_STEP][PASSED] - verifyTextPresent("Remittance ID", true): Text 'Remittance ID' is present on page  using regular expression

2023-09-21 17:50:03 - [MESSAGE][PASSED] - Text 'Remittance ID' is present on page  using regular expression

2023-09-21 17:50:03 - [TEST_STEP][PASSED] - vspBootstrap.SalePage.setDataSaleAndAuth(row, dataFile): vspBootstrap.SalePage.setDataSaleAndAuth is PASSED

2023-09-21 17:50:04 - [MESSAGE][PASSED] - All options with value 'RETL' are selected in object 'Object Repository/AdminSuiteBootstrap_Pages/VSP_Bootstrap/VSP_Authcap/select_TransactionCategory'  using regular expression

2023-09-21 17:50:05 - [MESSAGE][PASSED] - Text '123' is set on object 'Object Repository/AdminSuiteBootstrap_Pages/VSP_Bootstrap/VSP_Authcap/input_cvv'

2023-09-21 17:50:05 - [MESSAGE][PASSED] - Text '' is set on object 'Object Repository/AdminSuiteBootstrap_Pages/VSP_Bootstrap/VSP_Authcap/input_smsNumber'

2023-09-21 17:50:06 - [MESSAGE][PASSED] - Text '2.50' is set on object 'Object Repository/AdminSuiteBootstrap_Pages/VSP_Bootstrap/VSP_Authcap/input_amount'

2023-09-21 17:50:07 - [MESSAGE][PASSED] - Text 'Delhi' is set on object 'Object Repository/AdminSuiteBootstrap_Pages/VSP_Bootstrap/VSP_Authcap/input_userDefined1'

2023-09-21 17:50:08 - [MESSAGE][PASSED] - Text 'Chennai' is set on object 'Object Repository/AdminSuiteBootstrap_Pages/VSP_Bootstrap/VSP_Authcap/input_userDefined2'

2023-09-21 17:50:08 - [MESSAGE][PASSED] - Text 'Mumbai' is set on object 'Object Repository/AdminSuiteBootstrap_Pages/VSP_Bootstrap/VSP_Authcap/input_userDefined3'

2023-09-21 17:50:09 - [MESSAGE][PASSED] - Text 'Kanpur' is set on object 'Object Repository/AdminSuiteBootstrap_Pages/VSP_Bootstrap/VSP_Authcap/input_userDefined4'

2023-09-21 17:50:10 - [MESSAGE][PASSED] - All options with label 'Orange' are selected in object 'Object Repository/AdminSuiteBootstrap_Pages/VSP_Bootstrap/VSP_Authcap/select_UDF5'  using regular expression

2023-09-21 17:50:11 - [MESSAGE][PASSED] - All options with label 'Yellow' are selected in object 'Object Repository/AdminSuiteBootstrap_Pages/VSP_Bootstrap/VSP_Authcap/select_UDF6'  using regular expression

2023-09-21 17:50:11 - [MESSAGE][PASSED] - Text 'Kolkata' is set on object 'Object Repository/AdminSuiteBootstrap_Pages/VSP_Bootstrap/VSP_Authcap/input_userDefined7'

2023-09-21 17:50:12 - [MESSAGE][PASSED] - Text 'Pune' is set on object 'Object Repository/AdminSuiteBootstrap_Pages/VSP_Bootstrap/VSP_Authcap/input_userDefined8'

2023-09-21 17:50:13 - [MESSAGE][PASSED] - Text 'Bhavnagar' is set on object 'Object Repository/AdminSuiteBootstrap_Pages/VSP_Bootstrap/VSP_Authcap/input_userDefined9'

2023-09-21 17:50:13 - [MESSAGE][PASSED] - Text 'Noida' is set on object 'Object Repository/AdminSuiteBootstrap_Pages/VSP_Bootstrap/VSP_Authcap/input_userDefined10'

2023-09-21 17:50:15 - [MESSAGE][PASSED] - Object: 'Object Repository/AdminSuiteBootstrap_Pages/VSP_Bootstrap/VSP_Authcap/button_Submit' is clicked on

2023-09-21 17:50:15 - [MESSAGE][PASSED] - vspBootstrap.SalePage.setDataSaleAndAuth is PASSED

2023-09-21 17:50:15 - [TEST_STEP][PASSED] - verifyTextPresent("Transaction Successful", true): Text 'Transaction Successful' is present on page  using regular expression

2023-09-21 17:50:16 - [MESSAGE][PASSED] - Text 'Transaction Successful' is present on page  using regular expression

2023-09-21 17:50:16 - [TEST_STEP][PASSED] - verifyElementVisible(findTestObject("Object Repository/AdminSuiteBootstrap_Pages/VT_Bootstrap/Receipt/button_Continue")): Object 'Object Repository/AdminSuiteBootstrap_Pages/VT_Bootstrap/Receipt/button_Continue' is visible

2023-09-21 17:50:16 - [MESSAGE][PASSED] - Object 'Object Repository/AdminSuiteBootstrap_Pages/VT_Bootstrap/Receipt/button_Continue' is visible

2023-09-21 17:50:16 - [TEST_STEP][PASSED] - verifyElementPresent(findTestObject("Object Repository/AdminSuiteBootstrap_Pages/VT_Bootstrap/Receipt/button_Continue"), 20): Object 'Object Repository/AdminSuiteBootstrap_Pages/VT_Bootstrap/Receipt/button_Continue' is present

2023-09-21 17:50:16 - [MESSAGE][PASSED] - Object 'Object Repository/AdminSuiteBootstrap_Pages/VT_Bootstrap/Receipt/button_Continue' is present

2023-09-21 17:50:16 - [TEST_STEP][PASSED] - verifyElementVisible(findTestObject("Object Repository/AdminSuiteBootstrap_Pages/VT_Bootstrap/Receipt/button_Print")): Object 'Object Repository/AdminSuiteBootstrap_Pages/VT_Bootstrap/Receipt/button_Print' is visible

2023-09-21 17:50:16 - [MESSAGE][PASSED] - Object 'Object Repository/AdminSuiteBootstrap_Pages/VT_Bootstrap/Receipt/button_Print' is visible

2023-09-21 17:50:16 - [TEST_STEP][PASSED] - verifyElementPresent(findTestObject("Object Repository/AdminSuiteBootstrap_Pages/VT_Bootstrap/Receipt/button_Print"), 20): Object 'Object Repository/AdminSuiteBootstrap_Pages/VT_Bootstrap/Receipt/button_Print' is present

2023-09-21 17:50:17 - [MESSAGE][PASSED] - Object 'Object Repository/AdminSuiteBootstrap_Pages/VT_Bootstrap/Receipt/button_Print' is present

2023-09-21 17:50:17 - [TEST_STEP][PASSED] - verifyTextPresent("Remittance ID", true): Text 'Remittance ID' is present on page  using regular expression

2023-09-21 17:50:17 - [MESSAGE][PASSED] - Text 'Remittance ID' is present on page  using regular expression

2023-09-21 17:50:17 - [TEST_STEP][PASSED] - verifyTextPresent("Received", true): Text 'Received' is present on page  using regular expression

2023-09-21 17:50:17 - [MESSAGE][PASSED] - Text 'Received' is present on page  using regular expression

2023-09-21 17:50:17 - [TEST_STEP][PASSED] - verifyTextPresent("UDF1", true): Text 'UDF1' is present on page  using regular expression

2023-09-21 17:50:18 - [MESSAGE][PASSED] - Text 'UDF1' is present on page  using regular expression

2023-09-21 17:50:18 - [TEST_STEP][PASSED] - verifyTextPresent("UDF2", true): Text 'UDF2' is present on page  using regular expression

2023-09-21 17:50:18 - [MESSAGE][PASSED] - Text 'UDF2' is present on page  using regular expression

2023-09-21 17:50:18 - [TEST_STEP][PASSED] - verifyTextPresent("UDF3", true): Text 'UDF3' is present on page  using regular expression

2023-09-21 17:50:18 - [MESSAGE][PASSED] - Text 'UDF3' is present on page  using regular expression

2023-09-21 17:50:18 - [TEST_STEP][PASSED] - verifyTextPresent("UDF4", true): Text 'UDF4' is present on page  using regular expression

2023-09-21 17:50:19 - [MESSAGE][PASSED] - Text 'UDF4' is present on page  using regular expression

2023-09-21 17:50:19 - [TEST_STEP][PASSED] - verifyTextPresent("UDF5", true): Text 'UDF5' is present on page  using regular expression

2023-09-21 17:50:19 - [MESSAGE][PASSED] - Text 'UDF5' is present on page  using regular expression

2023-09-21 17:50:19 - [TEST_STEP][PASSED] - verifyTextPresent("UDF6", true): Text 'UDF6' is present on page  using regular expression

2023-09-21 17:50:19 - [MESSAGE][PASSED] - Text 'UDF6' is present on page  using regular expression

2023-09-21 17:50:19 - [TEST_STEP][PASSED] - verifyTextPresent("UDF7", true): Text 'UDF7' is present on page  using regular expression

2023-09-21 17:50:19 - [MESSAGE][PASSED] - Text 'UDF7' is present on page  using regular expression

2023-09-21 17:50:19 - [TEST_STEP][PASSED] - verifyTextPresent("UDF8", true): Text 'UDF8' is present on page  using regular expression

2023-09-21 17:50:20 - [MESSAGE][PASSED] - Text 'UDF8' is present on page  using regular expression

2023-09-21 17:50:20 - [TEST_STEP][PASSED] - verifyTextPresent("UDF9", true): Text 'UDF9' is present on page  using regular expression

2023-09-21 17:50:20 - [MESSAGE][PASSED] - Text 'UDF9' is present on page  using regular expression

2023-09-21 17:50:20 - [TEST_STEP][PASSED] - verifyTextPresent("UDF 10", true): Text 'UDF 10' is present on page  using regular expression

2023-09-21 17:50:20 - [MESSAGE][PASSED] - Text 'UDF 10' is present on page  using regular expression

2023-09-21 17:50:20 - [TEST_STEP][PASSED] - verifyTextPresent("Delhi", true): Text 'Delhi' is present on page  using regular expression

2023-09-21 17:50:21 - [MESSAGE][PASSED] - Text 'Delhi' is present on page  using regular expression

2023-09-21 17:50:21 - [TEST_STEP][PASSED] - verifyTextPresent("Chennai", true): Text 'Chennai' is present on page  using regular expression

2023-09-21 17:50:21 - [MESSAGE][PASSED] - Text 'Chennai' is present on page  using regular expression

2023-09-21 17:50:21 - [TEST_STEP][PASSED] - verifyTextPresent("Mumbai", true): Text 'Mumbai' is present on page  using regular expression

2023-09-21 17:50:21 - [MESSAGE][PASSED] - Text 'Mumbai' is present on page  using regular expression

2023-09-21 17:50:21 - [TEST_STEP][PASSED] - verifyTextPresent("Kanpur", true): Text 'Kanpur' is present on page  using regular expression

2023-09-21 17:50:22 - [MESSAGE][PASSED] - Text 'Kanpur' is present on page  using regular expression

2023-09-21 17:50:22 - [TEST_STEP][PASSED] - verifyTextPresent("Orange Recorded", true): Text 'Orange Recorded' is present on page  using regular expression

2023-09-21 17:50:22 - [MESSAGE][PASSED] - Text 'Orange Recorded' is present on page  using regular expression

2023-09-21 17:50:22 - [TEST_STEP][PASSED] - verifyTextPresent("Yellow Recorded", true): Text 'Yellow Recorded' is present on page  using regular expression

2023-09-21 17:50:22 - [MESSAGE][PASSED] - Text 'Yellow Recorded' is present on page  using regular expression

2023-09-21 17:50:22 - [TEST_STEP][PASSED] - verifyTextPresent("Kolkata", true): Text 'Kolkata' is present on page  using regular expression

2023-09-21 17:50:22 - [MESSAGE][PASSED] - Text 'Kolkata' is present on page  using regular expression

2023-09-21 17:50:22 - [TEST_STEP][PASSED] - verifyTextPresent("Pune", true): Text 'Pune' is present on page  using regular expression

2023-09-21 17:50:23 - [MESSAGE][PASSED] - Text 'Pune' is present on page  using regular expression

2023-09-21 17:50:23 - [TEST_STEP][PASSED] - verifyTextPresent("Bhavnagar", true): Text 'Bhavnagar' is present on page  using regular expression

2023-09-21 17:50:23 - [MESSAGE][PASSED] - Text 'Bhavnagar' is present on page  using regular expression

2023-09-21 17:50:23 - [TEST_STEP][PASSED] - verifyTextPresent("Noida", true): Text 'Noida' is present on page  using regular expression

2023-09-21 17:50:23 - [MESSAGE][PASSED] - Text 'Noida' is present on page  using regular expression

2023-09-21 17:50:23 - [TEST_STEP][PASSED] - verifyTextPresent("Amount", true): Text 'Amount' is present on page  using regular expression

2023-09-21 17:50:24 - [MESSAGE][PASSED] - Text 'Amount' is present on page  using regular expression

2023-09-21 17:50:24 - [TEST_STEP][PASSED] - verifyTextPresent("2.50", true): Text '2.50' is present on page  using regular expression

2023-09-21 17:50:24 - [MESSAGE][PASSED] - Text '2.50' is present on page  using regular expression

2023-09-21 17:50:24 - [TEST_STEP][PASSED] - verifyTextPresent("Authorization", true): Text 'Authorization' is present on page  using regular expression

2023-09-21 17:50:24 - [MESSAGE][PASSED] - Text 'Authorization' is present on page  using regular expression

2023-09-21 17:50:24 - [TEST_STEP][PASSED] - verifyTextPresent("Card Information", true): Text 'Card Information' is present on page  using regular expression

2023-09-21 17:50:25 - [MESSAGE][PASSED] - Text 'Card Information' is present on page  using regular expression

2023-09-21 17:50:25 - [TEST_STEP][PASSED] - verifyTextPresent("TANDON RAVENA", true): Text 'TANDON RAVENA' is present on page  using regular expression

2023-09-21 17:50:25 - [MESSAGE][PASSED] - Text 'TANDON RAVENA' is present on page  using regular expression

2023-09-21 17:50:25 - [TEST_STEP][PASSED] - verifyTextPresent("Address Line 1", true): Text 'Address Line 1' is present on page  using regular expression

2023-09-21 17:50:25 - [MESSAGE][PASSED] - Text 'Address Line 1' is present on page  using regular expression

2023-09-21 17:50:25 - [TEST_STEP][PASSED] - verifyTextPresent("Address Line 2", true): Text 'Address Line 2' is present on page  using regular expression

2023-09-21 17:50:25 - [MESSAGE][PASSED] - Text 'Address Line 2' is present on page  using regular expression

2023-09-21 17:50:25 - [TEST_STEP][PASSED] - verifyTextPresent("Country", true): Text 'Country' is present on page  using regular expression

2023-09-21 17:50:26 - [MESSAGE][PASSED] - Text 'Country' is present on page  using regular expression

2023-09-21 17:50:26 - [TEST_STEP][PASSED] - verifyTextPresent("City", true): Text 'City' is present on page  using regular expression

2023-09-21 17:50:26 - [MESSAGE][PASSED] - Text 'City' is present on page  using regular expression

2023-09-21 17:50:26 - [TEST_STEP][PASSED] - verifyTextPresent("State", true): Text 'State' is present on page  using regular expression

2023-09-21 17:50:26 - [MESSAGE][PASSED] - Text 'State' is present on page  using regular expression

2023-09-21 17:50:26 - [TEST_STEP][PASSED] - verifyTextPresent("ZIP Code", true): Text 'ZIP Code' is present on page  using regular expression

2023-09-21 17:50:27 - [MESSAGE][PASSED] - Text 'ZIP Code' is present on page  using regular expression

2023-09-21 17:50:27 - [TEST_STEP][PASSED] - verifyTextPresent("248 PhoolKaante road", true): Text '248 PhoolKaante road' is present on page  using regular expression

2023-09-21 17:50:27 - [MESSAGE][PASSED] - Text '248 PhoolKaante road' is present on page  using regular expression

2023-09-21 17:50:27 - [TEST_STEP][PASSED] - verifyTextPresent("Suite 678", true): Text 'Suite 678' is present on page  using regular expression

2023-09-21 17:50:27 - [MESSAGE][PASSED] - Text 'Suite 678' is present on page  using regular expression

2023-09-21 17:50:27 - [TEST_STEP][PASSED] - verifyTextPresent("United States", true): Text 'United States' is present on page  using regular expression

2023-09-21 17:50:28 - [MESSAGE][PASSED] - Text 'United States' is present on page  using regular expression

2023-09-21 17:50:28 - [TEST_STEP][PASSED] - verifyTextPresent("ARLINGTON", true): Text 'ARLINGTON' is present on page  using regular expression

2023-09-21 17:50:28 - [MESSAGE][PASSED] - Text 'ARLINGTON' is present on page  using regular expression

2023-09-21 17:50:28 - [TEST_STEP][PASSED] - verifyTextPresent("VA", true): Text 'VA' is present on page  using regular expression

2023-09-21 17:50:28 - [MESSAGE][PASSED] - Text 'VA' is present on page  using regular expression

2023-09-21 17:50:28 - [TEST_STEP][PASSED] - verifyTextPresent("22201", true): Text '22201' is present on page  using regular expression

2023-09-21 17:50:28 - [MESSAGE][PASSED] - Text '22201' is present on page  using regular expression

2023-09-21 17:50:28 - [TEST_STEP][PASSED] - cardTypeV = findTestData(dataFile).getValue("CardType", row): null

2023-09-21 17:50:28 - [TEST_STEP][PASSED] - last4V = findTestData(dataFile).getValue("Last4", row): null

2023-09-21 17:50:28 - [TEST_STEP][PASSED] - verifyTextPresent(cardTypeV, true): Text 'Discover' is present on page  using regular expression

2023-09-21 17:50:29 - [MESSAGE][PASSED] - Text 'Discover' is present on page  using regular expression

2023-09-21 17:50:29 - [TEST_STEP][PASSED] - verifyTextPresent(last4V, true): Text '6909' is present on page  using regular expression

2023-09-21 17:50:29 - [MESSAGE][PASSED] - Text '6909' is present on page  using regular expression

2023-09-21 17:50:29 - [TEST_STEP][PASSED] - switch (appName): null

2023-09-21 17:50:29 - [TEST_STEP][PASSED] - case "a_Access AutoDualCFtpQA":: null

2023-09-21 17:50:29 - [TEST_STEP][PASSED] - verifyTextPresent("5.00", true): Text '5.00' is present on page  using regular expression

2023-09-21 17:50:29 - [MESSAGE][PASSED] - Text '5.00' is present on page  using regular expression

2023-09-21 17:50:29 - [TEST_STEP][PASSED] - verifyTextPresent("Dual Transaction", true): Text 'Dual Transaction' is present on page  using regular expression

2023-09-21 17:50:30 - [MESSAGE][PASSED] - Text 'Dual Transaction' is present on page  using regular expression

2023-09-21 17:50:30 - [TEST_STEP][PASSED] - verifyTextPresent("7.50", true): Text '7.50' is present on page  using regular expression

2023-09-21 17:50:30 - [MESSAGE][PASSED] - Text '7.50' is present on page  using regular expression

2023-09-21 17:50:30 - [TEST_STEP][PASSED] - verifyTextPresent("Total Amount", true): Text 'Total Amount' is present on page  using regular expression

2023-09-21 17:50:30 - [MESSAGE][PASSED] - Text 'Total Amount' is present on page  using regular expression

2023-09-21 17:50:30 - [TEST_STEP][PASSED] - verifyTextPresent("Transaction Type", true): Text 'Transaction Type' is present on page  using regular expression

2023-09-21 17:50:31 - [MESSAGE][PASSED] - Text 'Transaction Type' is present on page  using regular expression

2023-09-21 17:50:31 - [TEST_STEP][PASSED] - break: null

2023-09-21 17:50:31 - [TEST_STEP][PASSED] - closeBrowser(): Browser is closed

2023-09-21 17:50:31 - [MESSAGE][PASSED] - Browser is closed]]></system-out>
         <system-err><![CDATA[]]></system-err>
      </testcase>
      <testcase name="Test Cases/Admin Suite Bootstrap/VSP_Payments_TestCases/Debit_TP_AllCF_Generic_Payment_TC" time="697.069" classname="Test Cases/Admin Suite Bootstrap/VSP_Payments_TestCases/Debit_TP_AllCF_Generic_Payment_TC" status="PASSED">
         <system-out><![CDATA[2023-09-21 17:50:31 - [TEST_CASE][PASSED] - Test Cases/Admin Suite Bootstrap/VSP_Payments_TestCases/Debit_TP_AllCF_Generic_Payment_TC: Test Cases/Admin Suite Bootstrap/VSP_Payments_TestCases/Debit_TP_AllCF_Generic_Payment_TC

2023-09-21 17:50:32 - [TEST_STEP][PASSED] - path_Dashboard = "Object Repository/AdminSuiteBootstrap_Pages/Dashboard_Bootstrap/": null

2023-09-21 17:50:32 - [TEST_STEP][PASSED] - path_VT = "Object Repository/AdminSuiteBootstrap_Pages/VT_Bootstrap/IssueTransactions/": null

2023-09-21 17:50:32 - [TEST_STEP][PASSED] - path_CreateProfile = "Object Repository/AdminSuiteBootstrap_Pages/VSP_Bootstrap/CreateProfile/": null

2023-09-21 17:50:32 - [TEST_STEP][PASSED] - path_AddAccount = "Object Repository/AdminSuiteBootstrap_Pages/VSP_Bootstrap/AddAccount/": null

2023-09-21 17:50:32 - [TEST_STEP][PASSED] - path_Add_ACH = "Object Repository/AdminSuiteBootstrap_Pages/VSP_Bootstrap/AddACH/": null

2023-09-21 17:50:32 - [TEST_STEP][PASSED] - path_Add_CC = "Object Repository/AdminSuiteBootstrap_Pages/VSP_Bootstrap/AddCreditCard/": null

2023-09-21 17:50:32 - [TEST_STEP][PASSED] - path_App_Plan = "Object Repository/AdminSuiteBootstrap_Pages/VSP_Bootstrap/AddPaymentPlan/": null

2023-09-21 17:50:32 - [TEST_STEP][PASSED] - path_DeleteProfile = "Object Repository/AdminSuiteBootstrap_Pages/VSP_Bootstrap/DeleteProfile/": null

2023-09-21 17:50:32 - [TEST_STEP][PASSED] - path_ModifyProfile = "Object Repository/AdminSuiteBootstrap_Pages/VSP_Bootstrap/ModifyProfile/": null

2023-09-21 17:50:32 - [TEST_STEP][PASSED] - path_ViewProfile = "Object Repository/AdminSuiteBootstrap_Pages/VSP_Bootstrap/View Profile/": null

2023-09-21 17:50:32 - [TEST_STEP][PASSED] - path_VSPAuth = "Object Repository/AdminSuiteBootstrap_Pages/VSP_Bootstrap/VSP_Auth/": null

2023-09-21 17:50:32 - [TEST_STEP][PASSED] - path_VSPAuthCap = "Object Repository/AdminSuiteBootstrap_Pages/VSP_Bootstrap/VSP_Authcap/": null

2023-09-21 17:50:32 - [TEST_STEP][PASSED] - path_Debit = "Object Repository/AdminSuiteBootstrap_Pages/VSP_Bootstrap/VSP_Debit/": null

2023-09-21 17:50:32 - [TEST_STEP][PASSED] - path_DeleteProfileConfirm = "Object Repository/AdminSuiteBootstrap_Pages/VSP_Bootstrap/DeleteProfileConfirm/": null

2023-09-21 17:50:32 - [TEST_STEP][PASSED] - executionProfile = getExecutionProfile(): null

2023-09-21 17:50:32 - [TEST_STEP][PASSED] - out.println("executionProfile : " + executionProfile): null

2023-09-21 17:50:32 - [TEST_STEP][PASSED] - appName = <not implemented yet for class: org.codehaus.groovy.ast.expr.EmptyExpression>: null

2023-09-21 17:50:32 - [TEST_STEP][PASSED] - appID = <not implemented yet for class: org.codehaus.groovy.ast.expr.EmptyExpression>: null

2023-09-21 17:50:32 - [TEST_STEP][PASSED] - cardNameV = <not implemented yet for class: org.codehaus.groovy.ast.expr.EmptyExpression>: null

2023-09-21 17:50:32 - [TEST_STEP][PASSED] - al1V = <not implemented yet for class: org.codehaus.groovy.ast.expr.EmptyExpression>: null

2023-09-21 17:50:32 - [TEST_STEP][PASSED] - al2V = <not implemented yet for class: org.codehaus.groovy.ast.expr.EmptyExpression>: null

2023-09-21 17:50:32 - [TEST_STEP][PASSED] - zipV = <not implemented yet for class: org.codehaus.groovy.ast.expr.EmptyExpression>: null

2023-09-21 17:50:32 - [TEST_STEP][PASSED] - tranType = <not implemented yet for class: org.codehaus.groovy.ast.expr.EmptyExpression>: null

2023-09-21 17:50:32 - [TEST_STEP][PASSED] - last4V = <not implemented yet for class: org.codehaus.groovy.ast.expr.EmptyExpression>: null

2023-09-21 17:50:32 - [TEST_STEP][PASSED] - nameSheet = "ACH-Payments-Debit": null

2023-09-21 17:50:32 - [TEST_STEP][PASSED] - numOfRows = findTestData("QA/Bootstrap/VSP-Payments-TestData/ACH-Payments-Debit").getRowNumbers(): null

2023-09-21 17:50:32 - [TEST_STEP][PASSED] - println("Number of Records: " + numOfRows): null

2023-09-21 17:50:32 - [TEST_STEP][PASSED] - dataFile = "QA/Bootstrap/VSP-Payments-TestData/ACH-Payments-Debit": null

2023-09-21 17:50:32 - [TEST_STEP][PASSED] - for ([row = 1, row <= numOfRows, (row++)]): Browser is closed

2023-09-21 17:50:32 - [TEST_STEP][PASSED] - ExecuteTC = findTestData(dataFile).getValue("Execute", row): null

2023-09-21 17:50:32 - [TEST_STEP][PASSED] - out.println("Value of Execute is : " + ExecuteTC): null

2023-09-21 17:50:32 - [TEST_STEP][PASSED] - switch (executionProfile): null

2023-09-21 17:50:32 - [TEST_STEP][PASSED] - case "QA2Profile":: null

2023-09-21 17:50:32 - [TEST_STEP][PASSED] - appName = findTestData(dataFile).getValue("AppNameQA", row): null

2023-09-21 17:50:32 - [TEST_STEP][PASSED] - appID = findTestData(dataFile).getValue("AppIDQA", row): null

2023-09-21 17:50:32 - [TEST_STEP][PASSED] - break: null

2023-09-21 17:50:32 - [TEST_STEP][PASSED] - if (ExecuteTC.equalsIgnoreCase("Y")): null

2023-09-21 17:50:32 - [TEST_STEP][PASSED] - out.println("Begin Record Number: " + row): null

2023-09-21 17:50:32 - [TEST_STEP][PASSED] - today = new java.util.Date(): null

2023-09-21 17:50:32 - [TEST_STEP][PASSED] - println(today): null

2023-09-21 17:50:32 - [TEST_STEP][PASSED] - datText = today: null

2023-09-21 17:50:32 - [TEST_STEP][PASSED] - adminSuiteBootstrap.loginFunctionality.login_AdminSuite(): adminSuiteBootstrap.loginFunctionality.login_AdminSuite is PASSED

2023-09-21 17:50:32 - [MESSAGE][INFO] - Starting 'Chrome' driver

2023-09-21 17:50:32 - [MESSAGE][INFO] - User set preference: ['acceptInsecureCerts', 'true']

2023-09-21 17:50:32 - [MESSAGE][INFO] - Action delay is set to 0 milliseconds

2023-09-21 17:50:35 - [MESSAGE][PASSED] - Browser is opened with url: 'https://qa2.velocitypayment.com/admin/imtiaz'

2023-09-21 17:50:35 - [MESSAGE][PASSED] - Current window maximized

2023-09-21 17:50:36 - [MESSAGE][PASSED] - Object 'Object Repository/Login_Page/Login_Username_Okta' is present

2023-09-21 17:50:36 - [MESSAGE][PASSED] - Text 'iahmed' is set on object 'Object Repository/Login_Page/Login_Username_Okta'

2023-09-21 17:50:37 - [MESSAGE][PASSED] - Text 'Hello1111111@' is set on object 'Object Repository/Login_Page/Login_Password_Okta'

2023-09-21 17:50:38 - [MESSAGE][PASSED] - Object: 'Object Repository/Login_Page/Login_Submit_Okta' is clicked on

2023-09-21 17:50:38 - [MESSAGE][PASSED] - adminSuiteBootstrap.loginFunctionality.login_AdminSuite is PASSED

2023-09-21 17:50:38 - [TEST_STEP][PASSED] - click(findTestObject(path_Dashboard + appName)): Object: 'Object Repository/AdminSuiteBootstrap_Pages/Dashboard_Bootstrap/a_Access AutoNoCFtp' is clicked on

2023-09-21 17:50:44 - [MESSAGE][PASSED] - Object: 'Object Repository/AdminSuiteBootstrap_Pages/Dashboard_Bootstrap/a_Access AutoNoCFtp' is clicked on

2023-09-21 17:50:44 - [TEST_STEP][PASSED] - click(findTestObject(path_VT + "a_Find Profile")): Object: 'Object Repository/AdminSuiteBootstrap_Pages/VT_Bootstrap/IssueTransactions/a_Find Profile' is clicked on

2023-09-21 17:50:45 - [MESSAGE][PASSED] - Object: 'Object Repository/AdminSuiteBootstrap_Pages/VT_Bootstrap/IssueTransactions/a_Find Profile' is clicked on

2023-09-21 17:50:45 - [TEST_STEP][PASSED] - criteria = <not implemented yet for class: org.codehaus.groovy.ast.expr.EmptyExpression>: null

2023-09-21 17:50:45 - [TEST_STEP][PASSED] - searchBy = <not implemented yet for class: org.codehaus.groovy.ast.expr.EmptyExpression>: null

2023-09-21 17:50:45 - [TEST_STEP][PASSED] - criteria = findTestData(dataFile).getValue("ProfileName", row): null

2023-09-21 17:50:45 - [TEST_STEP][PASSED] - path_SearchProfile = "Object Repository/AdminSuiteBootstrap_Pages/VSP_Bootstrap/SearchProfile/": null

2023-09-21 17:50:45 - [TEST_STEP][PASSED] - setText(findTestObject(path_SearchProfile + "input_Criteria"), criteria): Text 'PaymentsPC' is set on object 'Object Repository/AdminSuiteBootstrap_Pages/VSP_Bootstrap/SearchProfile/input_Criteria'

2023-09-21 17:50:46 - [MESSAGE][PASSED] - Text 'PaymentsPC' is set on object 'Object Repository/AdminSuiteBootstrap_Pages/VSP_Bootstrap/SearchProfile/input_Criteria'

2023-09-21 17:50:46 - [TEST_STEP][PASSED] - click(findTestObject(path_SearchProfile + "button_Search")): Object: 'Object Repository/AdminSuiteBootstrap_Pages/VSP_Bootstrap/SearchProfile/button_Search' is clicked on

2023-09-21 17:50:47 - [MESSAGE][PASSED] - Object: 'Object Repository/AdminSuiteBootstrap_Pages/VSP_Bootstrap/SearchProfile/button_Search' is clicked on

2023-09-21 17:50:47 - [TEST_STEP][PASSED] - profNameLink = findTestData(dataFile).getValue("ProfileNameLink", row): null

2023-09-21 17:50:47 - [TEST_STEP][PASSED] - click(findTestObject(path_ViewProfile + profNameLink)): Object: 'Object Repository/AdminSuiteBootstrap_Pages/VSP_Bootstrap/View Profile/a_PaymentsPC' is clicked on

2023-09-21 17:50:48 - [MESSAGE][PASSED] - Object: 'Object Repository/AdminSuiteBootstrap_Pages/VSP_Bootstrap/View Profile/a_PaymentsPC' is clicked on

2023-09-21 17:50:48 - [TEST_STEP][PASSED] - click(findTestObject(path_ViewProfile + "a_Debit")): Object: 'Object Repository/AdminSuiteBootstrap_Pages/VSP_Bootstrap/View Profile/a_Debit' is clicked on

2023-09-21 17:50:50 - [MESSAGE][PASSED] - Object: 'Object Repository/AdminSuiteBootstrap_Pages/VSP_Bootstrap/View Profile/a_Debit' is clicked on

2023-09-21 17:50:50 - [TEST_STEP][PASSED] - verifyTextPresent("Remittance ID", true): Text 'Remittance ID' is present on page  using regular expression

2023-09-21 17:50:51 - [MESSAGE][PASSED] - Text 'Remittance ID' is present on page  using regular expression

2023-09-21 17:50:51 - [TEST_STEP][PASSED] - vspBootstrap.ACHDebitPage.setDataACHDebit(row, dataFile): vspBootstrap.ACHDebitPage.setDataACHDebit is PASSED

2023-09-21 17:50:52 - [MESSAGE][PASSED] - All options with value 'PPD' are selected in object 'Object Repository/AdminSuiteBootstrap_Pages/VSP_Bootstrap/VSP_Debit/select_StdEntryClass'  using regular expression

2023-09-21 17:50:53 - [MESSAGE][PASSED] - Text '' is set on object 'Object Repository/AdminSuiteBootstrap_Pages/VSP_Bootstrap/VSP_Debit/input_smsNumber'

2023-09-21 17:50:53 - [MESSAGE][PASSED] - Text '2.50' is set on object 'Object Repository/AdminSuiteBootstrap_Pages/VSP_Bootstrap/VSP_Debit/input_amount'

2023-09-21 17:50:54 - [MESSAGE][PASSED] - Text 'Delhi' is set on object 'Object Repository/AdminSuiteBootstrap_Pages/VSP_Bootstrap/VSP_Debit/input_userDefined1'

2023-09-21 17:50:55 - [MESSAGE][PASSED] - Text 'Chennai' is set on object 'Object Repository/AdminSuiteBootstrap_Pages/VSP_Bootstrap/VSP_Debit/input_userDefined2'

2023-09-21 17:50:55 - [MESSAGE][PASSED] - Text 'Mumbai' is set on object 'Object Repository/AdminSuiteBootstrap_Pages/VSP_Bootstrap/VSP_Debit/input_userDefined3'

2023-09-21 17:50:56 - [MESSAGE][PASSED] - Text 'Kanpur' is set on object 'Object Repository/AdminSuiteBootstrap_Pages/VSP_Bootstrap/VSP_Debit/input_userDefined4'

2023-09-21 17:50:57 - [MESSAGE][PASSED] - All options with label 'Orange' are selected in object 'Object Repository/AdminSuiteBootstrap_Pages/VSP_Bootstrap/VSP_Debit/select_UDF5'  using regular expression

2023-09-21 17:50:58 - [MESSAGE][PASSED] - All options with label 'Yellow' are selected in object 'Object Repository/AdminSuiteBootstrap_Pages/VSP_Bootstrap/VSP_Debit/select_UDF6'  using regular expression

2023-09-21 17:50:58 - [MESSAGE][PASSED] - Text 'Kolkata' is set on object 'Object Repository/AdminSuiteBootstrap_Pages/VSP_Bootstrap/VSP_Debit/input_userDefined7'

2023-09-21 17:50:59 - [MESSAGE][PASSED] - Text 'Pune' is set on object 'Object Repository/AdminSuiteBootstrap_Pages/VSP_Bootstrap/VSP_Debit/input_userDefined8'

2023-09-21 17:51:00 - [MESSAGE][PASSED] - Text 'Bhavnagar' is set on object 'Object Repository/AdminSuiteBootstrap_Pages/VSP_Bootstrap/VSP_Debit/input_userDefined9'

2023-09-21 17:51:00 - [MESSAGE][PASSED] - Text 'Noida' is set on object 'Object Repository/AdminSuiteBootstrap_Pages/VSP_Bootstrap/VSP_Debit/input_userDefined10'

2023-09-21 17:51:01 - [MESSAGE][PASSED] - Object: 'Object Repository/AdminSuiteBootstrap_Pages/VSP_Bootstrap/VSP_Debit/button_Submit' is clicked on

2023-09-21 17:51:01 - [MESSAGE][PASSED] - vspBootstrap.ACHDebitPage.setDataACHDebit is PASSED

2023-09-21 17:51:01 - [TEST_STEP][PASSED] - verifyTextPresent("Transaction Successful", true): Text 'Transaction Successful' is present on page  using regular expression

2023-09-21 17:51:02 - [MESSAGE][PASSED] - Text 'Transaction Successful' is present on page  using regular expression

2023-09-21 17:51:02 - [TEST_STEP][PASSED] - verifyElementVisible(findTestObject("Object Repository/AdminSuiteBootstrap_Pages/VT_Bootstrap/Receipt/button_Continue")): Object 'Object Repository/AdminSuiteBootstrap_Pages/VT_Bootstrap/Receipt/button_Continue' is visible

2023-09-21 17:51:02 - [MESSAGE][PASSED] - Object 'Object Repository/AdminSuiteBootstrap_Pages/VT_Bootstrap/Receipt/button_Continue' is visible

2023-09-21 17:51:02 - [TEST_STEP][PASSED] - verifyElementPresent(findTestObject("Object Repository/AdminSuiteBootstrap_Pages/VT_Bootstrap/Receipt/button_Continue"), 20): Object 'Object Repository/AdminSuiteBootstrap_Pages/VT_Bootstrap/Receipt/button_Continue' is present

2023-09-21 17:51:03 - [MESSAGE][PASSED] - Object 'Object Repository/AdminSuiteBootstrap_Pages/VT_Bootstrap/Receipt/button_Continue' is present

2023-09-21 17:51:03 - [TEST_STEP][PASSED] - verifyElementVisible(findTestObject("Object Repository/AdminSuiteBootstrap_Pages/VT_Bootstrap/Receipt/button_Print")): Object 'Object Repository/AdminSuiteBootstrap_Pages/VT_Bootstrap/Receipt/button_Print' is visible

2023-09-21 17:51:03 - [MESSAGE][PASSED] - Object 'Object Repository/AdminSuiteBootstrap_Pages/VT_Bootstrap/Receipt/button_Print' is visible

2023-09-21 17:51:03 - [TEST_STEP][PASSED] - verifyElementPresent(findTestObject("Object Repository/AdminSuiteBootstrap_Pages/VT_Bootstrap/Receipt/button_Print"), 20): Object 'Object Repository/AdminSuiteBootstrap_Pages/VT_Bootstrap/Receipt/button_Print' is present

2023-09-21 17:51:03 - [MESSAGE][PASSED] - Object 'Object Repository/AdminSuiteBootstrap_Pages/VT_Bootstrap/Receipt/button_Print' is present

2023-09-21 17:51:03 - [TEST_STEP][PASSED] - verifyTextPresent("Remittance ID", true): Text 'Remittance ID' is present on page  using regular expression

2023-09-21 17:51:04 - [MESSAGE][PASSED] - Text 'Remittance ID' is present on page  using regular expression

2023-09-21 17:51:04 - [TEST_STEP][PASSED] - verifyTextPresent("Received", true): Text 'Received' is present on page  using regular expression

2023-09-21 17:51:04 - [MESSAGE][PASSED] - Text 'Received' is present on page  using regular expression

2023-09-21 17:51:04 - [TEST_STEP][PASSED] - verifyTextPresent("UDF1", true): Text 'UDF1' is present on page  using regular expression

2023-09-21 17:51:04 - [MESSAGE][PASSED] - Text 'UDF1' is present on page  using regular expression

2023-09-21 17:51:04 - [TEST_STEP][PASSED] - verifyTextPresent("UDF2", true): Text 'UDF2' is present on page  using regular expression

2023-09-21 17:51:04 - [MESSAGE][PASSED] - Text 'UDF2' is present on page  using regular expression

2023-09-21 17:51:04 - [TEST_STEP][PASSED] - verifyTextPresent("UDF3", true): Text 'UDF3' is present on page  using regular expression

2023-09-21 17:51:05 - [MESSAGE][PASSED] - Text 'UDF3' is present on page  using regular expression

2023-09-21 17:51:05 - [TEST_STEP][PASSED] - verifyTextPresent("UDF4", true): Text 'UDF4' is present on page  using regular expression

2023-09-21 17:51:05 - [MESSAGE][PASSED] - Text 'UDF4' is present on page  using regular expression

2023-09-21 17:51:05 - [TEST_STEP][PASSED] - verifyTextPresent("UDF5", true): Text 'UDF5' is present on page  using regular expression

2023-09-21 17:51:05 - [MESSAGE][PASSED] - Text 'UDF5' is present on page  using regular expression

2023-09-21 17:51:05 - [TEST_STEP][PASSED] - verifyTextPresent("UDF6", true): Text 'UDF6' is present on page  using regular expression

2023-09-21 17:51:06 - [MESSAGE][PASSED] - Text 'UDF6' is present on page  using regular expression

2023-09-21 17:51:06 - [TEST_STEP][PASSED] - verifyTextPresent("UDF7", true): Text 'UDF7' is present on page  using regular expression

2023-09-21 17:51:06 - [MESSAGE][PASSED] - Text 'UDF7' is present on page  using regular expression

2023-09-21 17:51:06 - [TEST_STEP][PASSED] - verifyTextPresent("UDF8", true): Text 'UDF8' is present on page  using regular expression

2023-09-21 17:51:06 - [MESSAGE][PASSED] - Text 'UDF8' is present on page  using regular expression

2023-09-21 17:51:06 - [TEST_STEP][PASSED] - verifyTextPresent("UDF9", true): Text 'UDF9' is present on page  using regular expression

2023-09-21 17:51:07 - [MESSAGE][PASSED] - Text 'UDF9' is present on page  using regular expression

2023-09-21 17:51:07 - [TEST_STEP][PASSED] - verifyTextPresent("UDF 10", true): Text 'UDF 10' is present on page  using regular expression

2023-09-21 17:51:07 - [MESSAGE][PASSED] - Text 'UDF 10' is present on page  using regular expression

2023-09-21 17:51:07 - [TEST_STEP][PASSED] - verifyTextPresent("Delhi", true): Text 'Delhi' is present on page  using regular expression

2023-09-21 17:51:07 - [MESSAGE][PASSED] - Text 'Delhi' is present on page  using regular expression

2023-09-21 17:51:07 - [TEST_STEP][PASSED] - verifyTextPresent("Chennai", true): Text 'Chennai' is present on page  using regular expression

2023-09-21 17:51:07 - [MESSAGE][PASSED] - Text 'Chennai' is present on page  using regular expression

2023-09-21 17:51:07 - [TEST_STEP][PASSED] - verifyTextPresent("Mumbai", true): Text 'Mumbai' is present on page  using regular expression

2023-09-21 17:51:08 - [MESSAGE][PASSED] - Text 'Mumbai' is present on page  using regular expression

2023-09-21 17:51:08 - [TEST_STEP][PASSED] - verifyTextPresent("Kanpur", true): Text 'Kanpur' is present on page  using regular expression

2023-09-21 17:51:08 - [MESSAGE][PASSED] - Text 'Kanpur' is present on page  using regular expression

2023-09-21 17:51:08 - [TEST_STEP][PASSED] - verifyTextPresent("Orange Recorded", true): Text 'Orange Recorded' is present on page  using regular expression

2023-09-21 17:51:08 - [MESSAGE][PASSED] - Text 'Orange Recorded' is present on page  using regular expression

2023-09-21 17:51:08 - [TEST_STEP][PASSED] - verifyTextPresent("Yellow Recorded", true): Text 'Yellow Recorded' is present on page  using regular expression

2023-09-21 17:51:09 - [MESSAGE][PASSED] - Text 'Yellow Recorded' is present on page  using regular expression

2023-09-21 17:51:09 - [TEST_STEP][PASSED] - verifyTextPresent("Kolkata", true): Text 'Kolkata' is present on page  using regular expression

2023-09-21 17:51:09 - [MESSAGE][PASSED] - Text 'Kolkata' is present on page  using regular expression

2023-09-21 17:51:09 - [TEST_STEP][PASSED] - verifyTextPresent("Pune", true): Text 'Pune' is present on page  using regular expression

2023-09-21 17:51:09 - [MESSAGE][PASSED] - Text 'Pune' is present on page  using regular expression

2023-09-21 17:51:09 - [TEST_STEP][PASSED] - verifyTextPresent("Bhavnagar", true): Text 'Bhavnagar' is present on page  using regular expression

2023-09-21 17:51:10 - [MESSAGE][PASSED] - Text 'Bhavnagar' is present on page  using regular expression

2023-09-21 17:51:10 - [TEST_STEP][PASSED] - verifyTextPresent("Noida", true): Text 'Noida' is present on page  using regular expression

2023-09-21 17:51:10 - [MESSAGE][PASSED] - Text 'Noida' is present on page  using regular expression

2023-09-21 17:51:10 - [TEST_STEP][PASSED] - verifyTextPresent("Amount", true): Text 'Amount' is present on page  using regular expression

2023-09-21 17:51:10 - [MESSAGE][PASSED] - Text 'Amount' is present on page  using regular expression

2023-09-21 17:51:10 - [TEST_STEP][PASSED] - verifyTextPresent("2.50", true): Text '2.50' is present on page  using regular expression

2023-09-21 17:51:10 - [MESSAGE][PASSED] - Text '2.50' is present on page  using regular expression

2023-09-21 17:51:10 - [TEST_STEP][PASSED] - verifyTextPresent("Transaction Type", true): Text 'Transaction Type' is present on page  using regular expression

2023-09-21 17:51:11 - [MESSAGE][PASSED] - Text 'Transaction Type' is present on page  using regular expression

2023-09-21 17:51:11 - [TEST_STEP][PASSED] - verifyTextPresent("Debit", true): Text 'Debit' is present on page  using regular expression

2023-09-21 17:51:11 - [MESSAGE][PASSED] - Text 'Debit' is present on page  using regular expression

2023-09-21 17:51:11 - [TEST_STEP][PASSED] - verifyTextPresent("Check Information", true): Text 'Check Information' is present on page  using regular expression

2023-09-21 17:51:11 - [MESSAGE][PASSED] - Text 'Check Information' is present on page  using regular expression

2023-09-21 17:51:11 - [TEST_STEP][PASSED] - verifyTextPresent("Account Type", true): Text 'Account Type' is present on page  using regular expression

2023-09-21 17:51:12 - [MESSAGE][PASSED] - Text 'Account Type' is present on page  using regular expression

2023-09-21 17:51:12 - [TEST_STEP][PASSED] - verifyTextPresent("Account Number", true): Text 'Account Number' is present on page  using regular expression

2023-09-21 17:51:12 - [MESSAGE][PASSED] - Text 'Account Number' is present on page  using regular expression

2023-09-21 17:51:12 - [TEST_STEP][PASSED] - verifyTextPresent("Routing Number", true): Text 'Routing Number' is present on page  using regular expression

2023-09-21 17:51:12 - [MESSAGE][PASSED] - Text 'Routing Number' is present on page  using regular expression

2023-09-21 17:51:12 - [TEST_STEP][PASSED] - verifyTextPresent("Address Line 1", true): Text 'Address Line 1' is present on page  using regular expression

2023-09-21 17:51:13 - [MESSAGE][PASSED] - Text 'Address Line 1' is present on page  using regular expression

2023-09-21 17:51:13 - [TEST_STEP][PASSED] - verifyTextPresent("Address Line 2", true): Text 'Address Line 2' is present on page  using regular expression

2023-09-21 17:51:13 - [MESSAGE][PASSED] - Text 'Address Line 2' is present on page  using regular expression

2023-09-21 17:51:13 - [TEST_STEP][PASSED] - verifyTextPresent("Country", true): Text 'Country' is present on page  using regular expression

2023-09-21 17:51:13 - [MESSAGE][PASSED] - Text 'Country' is present on page  using regular expression

2023-09-21 17:51:13 - [TEST_STEP][PASSED] - verifyTextPresent("City", true): Text 'City' is present on page  using regular expression

2023-09-21 17:51:13 - [MESSAGE][PASSED] - Text 'City' is present on page  using regular expression

2023-09-21 17:51:13 - [TEST_STEP][PASSED] - verifyTextPresent("State", true): Text 'State' is present on page  using regular expression

2023-09-21 17:51:14 - [MESSAGE][PASSED] - Text 'State' is present on page  using regular expression

2023-09-21 17:51:14 - [TEST_STEP][PASSED] - verifyTextPresent("ZIP Code", true): Text 'ZIP Code' is present on page  using regular expression

2023-09-21 17:51:14 - [MESSAGE][PASSED] - Text 'ZIP Code' is present on page  using regular expression

2023-09-21 17:51:14 - [TEST_STEP][PASSED] - verifyTextPresent("248 PhoolKaante road", true): Text '248 PhoolKaante road' is present on page  using regular expression

2023-09-21 17:51:14 - [MESSAGE][PASSED] - Text '248 PhoolKaante road' is present on page  using regular expression

2023-09-21 17:51:14 - [TEST_STEP][PASSED] - verifyTextPresent("Suite 678", true): Text 'Suite 678' is present on page  using regular expression

2023-09-21 17:51:15 - [MESSAGE][PASSED] - Text 'Suite 678' is present on page  using regular expression

2023-09-21 17:51:15 - [TEST_STEP][PASSED] - verifyTextPresent("United States", true): Text 'United States' is present on page  using regular expression

2023-09-21 17:51:15 - [MESSAGE][PASSED] - Text 'United States' is present on page  using regular expression

2023-09-21 17:51:15 - [TEST_STEP][PASSED] - verifyTextPresent("ARLINGTON", true): Text 'ARLINGTON' is present on page  using regular expression

2023-09-21 17:51:15 - [MESSAGE][PASSED] - Text 'ARLINGTON' is present on page  using regular expression

2023-09-21 17:51:15 - [TEST_STEP][PASSED] - verifyTextPresent("Virginia", true): Text 'Virginia' is present on page  using regular expression

2023-09-21 17:51:16 - [MESSAGE][PASSED] - Text 'Virginia' is present on page  using regular expression

2023-09-21 17:51:16 - [TEST_STEP][PASSED] - verifyTextPresent("22201", true): Text '22201' is present on page  using regular expression

2023-09-21 17:51:16 - [MESSAGE][PASSED] - Text '22201' is present on page  using regular expression

2023-09-21 17:51:16 - [TEST_STEP][PASSED] - tranType = findTestData(dataFile).getValue("TranType", row): null

2023-09-21 17:51:16 - [TEST_STEP][PASSED] - last4V = findTestData(dataFile).getValue("Last4", row): null

2023-09-21 17:51:16 - [TEST_STEP][PASSED] - verifyTextPresent(tranType, true): Text 'Checking' is present on page  using regular expression

2023-09-21 17:51:16 - [MESSAGE][PASSED] - Text 'Checking' is present on page  using regular expression

2023-09-21 17:51:16 - [TEST_STEP][PASSED] - verifyTextPresent(last4V, true): Text '2222' is present on page  using regular expression

2023-09-21 17:51:17 - [MESSAGE][PASSED] - Text '2222' is present on page  using regular expression

2023-09-21 17:51:17 - [TEST_STEP][PASSED] - if (profNameLink.equalsIgnoreCase("a_PaymentsPC")): Text 'TANDON RAVENA' is present on page  using regular expression

2023-09-21 17:51:17 - [TEST_STEP][PASSED] - verifyTextPresent("Name on Account", true): Text 'Name on Account' is present on page  using regular expression

2023-09-21 17:51:17 - [MESSAGE][PASSED] - Text 'Name on Account' is present on page  using regular expression

2023-09-21 17:51:17 - [TEST_STEP][PASSED] - verifyTextPresent("TANDON RAVENA", true): Text 'TANDON RAVENA' is present on page  using regular expression

2023-09-21 17:51:17 - [MESSAGE][PASSED] - Text 'TANDON RAVENA' is present on page  using regular expression

2023-09-21 17:51:17 - [TEST_STEP][PASSED] - if (profNameLink.equalsIgnoreCase("a_PaymentsPS")): null

2023-09-21 17:51:17 - [TEST_STEP][PASSED] - if (profNameLink.equalsIgnoreCase("a_PaymentsCorp")): null

2023-09-21 17:51:17 - [TEST_STEP][PASSED] - switch (appName): null

2023-09-21 17:51:17 - [TEST_STEP][PASSED] - closeBrowser(): Browser is closed

2023-09-21 17:51:18 - [MESSAGE][PASSED] - Browser is closed

2023-09-21 17:51:18 - [TEST_STEP][PASSED] - ExecuteTC = findTestData(dataFile).getValue("Execute", row): null

2023-09-21 17:51:18 - [TEST_STEP][PASSED] - out.println("Value of Execute is : " + ExecuteTC): null

2023-09-21 17:51:18 - [TEST_STEP][PASSED] - switch (executionProfile): null

2023-09-21 17:51:18 - [TEST_STEP][PASSED] - case "QA2Profile":: null

2023-09-21 17:51:18 - [TEST_STEP][PASSED] - appName = findTestData(dataFile).getValue("AppNameQA", row): null

2023-09-21 17:51:18 - [TEST_STEP][PASSED] - appID = findTestData(dataFile).getValue("AppIDQA", row): null

2023-09-21 17:51:18 - [TEST_STEP][PASSED] - break: null

2023-09-21 17:51:18 - [TEST_STEP][PASSED] - if (ExecuteTC.equalsIgnoreCase("Y")): null

2023-09-21 17:51:18 - [TEST_STEP][PASSED] - out.println("Begin Record Number: " + row): null

2023-09-21 17:51:18 - [TEST_STEP][PASSED] - today = new java.util.Date(): null

2023-09-21 17:51:18 - [TEST_STEP][PASSED] - println(today): null

2023-09-21 17:51:18 - [TEST_STEP][PASSED] - datText = today: null

2023-09-21 17:51:18 - [TEST_STEP][PASSED] - adminSuiteBootstrap.loginFunctionality.login_AdminSuite(): adminSuiteBootstrap.loginFunctionality.login_AdminSuite is PASSED

2023-09-21 17:51:18 - [MESSAGE][INFO] - Starting 'Chrome' driver

2023-09-21 17:51:18 - [MESSAGE][INFO] - User set preference: ['acceptInsecureCerts', 'true']

2023-09-21 17:51:18 - [MESSAGE][INFO] - Action delay is set to 0 milliseconds

2023-09-21 17:51:21 - [MESSAGE][PASSED] - Browser is opened with url: 'https://qa2.velocitypayment.com/admin/imtiaz'

2023-09-21 17:51:21 - [MESSAGE][PASSED] - Current window maximized

2023-09-21 17:51:21 - [MESSAGE][PASSED] - Object 'Object Repository/Login_Page/Login_Username_Okta' is present

2023-09-21 17:51:22 - [MESSAGE][PASSED] - Text 'iahmed' is set on object 'Object Repository/Login_Page/Login_Username_Okta'

2023-09-21 17:51:23 - [MESSAGE][PASSED] - Text 'Hello1111111@' is set on object 'Object Repository/Login_Page/Login_Password_Okta'

2023-09-21 17:51:23 - [MESSAGE][PASSED] - Object: 'Object Repository/Login_Page/Login_Submit_Okta' is clicked on

2023-09-21 17:51:23 - [MESSAGE][PASSED] - adminSuiteBootstrap.loginFunctionality.login_AdminSuite is PASSED

2023-09-21 17:51:23 - [TEST_STEP][PASSED] - click(findTestObject(path_Dashboard + appName)): Object: 'Object Repository/AdminSuiteBootstrap_Pages/Dashboard_Bootstrap/a_Access AutoNoCFtp' is clicked on

2023-09-21 17:51:30 - [MESSAGE][PASSED] - Object: 'Object Repository/AdminSuiteBootstrap_Pages/Dashboard_Bootstrap/a_Access AutoNoCFtp' is clicked on

2023-09-21 17:51:30 - [TEST_STEP][PASSED] - click(findTestObject(path_VT + "a_Find Profile")): Object: 'Object Repository/AdminSuiteBootstrap_Pages/VT_Bootstrap/IssueTransactions/a_Find Profile' is clicked on

2023-09-21 17:51:31 - [MESSAGE][PASSED] - Object: 'Object Repository/AdminSuiteBootstrap_Pages/VT_Bootstrap/IssueTransactions/a_Find Profile' is clicked on

2023-09-21 17:51:31 - [TEST_STEP][PASSED] - criteria = <not implemented yet for class: org.codehaus.groovy.ast.expr.EmptyExpression>: null

2023-09-21 17:51:31 - [TEST_STEP][PASSED] - searchBy = <not implemented yet for class: org.codehaus.groovy.ast.expr.EmptyExpression>: null

2023-09-21 17:51:31 - [TEST_STEP][PASSED] - criteria = findTestData(dataFile).getValue("ProfileName", row): null

2023-09-21 17:51:31 - [TEST_STEP][PASSED] - path_SearchProfile = "Object Repository/AdminSuiteBootstrap_Pages/VSP_Bootstrap/SearchProfile/": null

2023-09-21 17:51:31 - [TEST_STEP][PASSED] - setText(findTestObject(path_SearchProfile + "input_Criteria"), criteria): Text 'PaymentsPC' is set on object 'Object Repository/AdminSuiteBootstrap_Pages/VSP_Bootstrap/SearchProfile/input_Criteria'

2023-09-21 17:51:31 - [MESSAGE][PASSED] - Text 'PaymentsPC' is set on object 'Object Repository/AdminSuiteBootstrap_Pages/VSP_Bootstrap/SearchProfile/input_Criteria'

2023-09-21 17:51:31 - [TEST_STEP][PASSED] - click(findTestObject(path_SearchProfile + "button_Search")): Object: 'Object Repository/AdminSuiteBootstrap_Pages/VSP_Bootstrap/SearchProfile/button_Search' is clicked on

2023-09-21 17:51:32 - [MESSAGE][PASSED] - Object: 'Object Repository/AdminSuiteBootstrap_Pages/VSP_Bootstrap/SearchProfile/button_Search' is clicked on

2023-09-21 17:51:32 - [TEST_STEP][PASSED] - profNameLink = findTestData(dataFile).getValue("ProfileNameLink", row): null

2023-09-21 17:51:32 - [TEST_STEP][PASSED] - click(findTestObject(path_ViewProfile + profNameLink)): Object: 'Object Repository/AdminSuiteBootstrap_Pages/VSP_Bootstrap/View Profile/a_PaymentsPC' is clicked on

2023-09-21 17:51:34 - [MESSAGE][PASSED] - Object: 'Object Repository/AdminSuiteBootstrap_Pages/VSP_Bootstrap/View Profile/a_PaymentsPC' is clicked on

2023-09-21 17:51:34 - [TEST_STEP][PASSED] - click(findTestObject(path_ViewProfile + "a_Debit")): Object: 'Object Repository/AdminSuiteBootstrap_Pages/VSP_Bootstrap/View Profile/a_Debit' is clicked on

2023-09-21 17:51:35 - [MESSAGE][PASSED] - Object: 'Object Repository/AdminSuiteBootstrap_Pages/VSP_Bootstrap/View Profile/a_Debit' is clicked on

2023-09-21 17:51:35 - [TEST_STEP][PASSED] - verifyTextPresent("Remittance ID", true): Text 'Remittance ID' is present on page  using regular expression

2023-09-21 17:51:35 - [MESSAGE][PASSED] - Text 'Remittance ID' is present on page  using regular expression

2023-09-21 17:51:35 - [TEST_STEP][PASSED] - vspBootstrap.ACHDebitPage.setDataACHDebit(row, dataFile): vspBootstrap.ACHDebitPage.setDataACHDebit is PASSED

2023-09-21 17:51:37 - [MESSAGE][PASSED] - All options with value 'TEL' are selected in object 'Object Repository/AdminSuiteBootstrap_Pages/VSP_Bootstrap/VSP_Debit/select_StdEntryClass'  using regular expression

2023-09-21 17:51:38 - [MESSAGE][PASSED] - Text '' is set on object 'Object Repository/AdminSuiteBootstrap_Pages/VSP_Bootstrap/VSP_Debit/input_smsNumber'

2023-09-21 17:51:38 - [MESSAGE][PASSED] - Text '2.50' is set on object 'Object Repository/AdminSuiteBootstrap_Pages/VSP_Bootstrap/VSP_Debit/input_amount'

2023-09-21 17:51:39 - [MESSAGE][PASSED] - Text 'Delhi' is set on object 'Object Repository/AdminSuiteBootstrap_Pages/VSP_Bootstrap/VSP_Debit/input_userDefined1'

2023-09-21 17:51:40 - [MESSAGE][PASSED] - Text 'Chennai' is set on object 'Object Repository/AdminSuiteBootstrap_Pages/VSP_Bootstrap/VSP_Debit/input_userDefined2'

2023-09-21 17:51:40 - [MESSAGE][PASSED] - Text 'Mumbai' is set on object 'Object Repository/AdminSuiteBootstrap_Pages/VSP_Bootstrap/VSP_Debit/input_userDefined3'

2023-09-21 17:51:41 - [MESSAGE][PASSED] - Text 'Kanpur' is set on object 'Object Repository/AdminSuiteBootstrap_Pages/VSP_Bootstrap/VSP_Debit/input_userDefined4'

2023-09-21 17:51:42 - [MESSAGE][PASSED] - All options with label 'Orange' are selected in object 'Object Repository/AdminSuiteBootstrap_Pages/VSP_Bootstrap/VSP_Debit/select_UDF5'  using regular expression

2023-09-21 17:51:43 - [MESSAGE][PASSED] - All options with label 'Yellow' are selected in object 'Object Repository/AdminSuiteBootstrap_Pages/VSP_Bootstrap/VSP_Debit/select_UDF6'  using regular expression

2023-09-21 17:51:43 - [MESSAGE][PASSED] - Text 'Kolkata' is set on object 'Object Repository/AdminSuiteBootstrap_Pages/VSP_Bootstrap/VSP_Debit/input_userDefined7'

2023-09-21 17:51:44 - [MESSAGE][PASSED] - Text 'Pune' is set on object 'Object Repository/AdminSuiteBootstrap_Pages/VSP_Bootstrap/VSP_Debit/input_userDefined8'

2023-09-21 17:51:45 - [MESSAGE][PASSED] - Text 'Bhavnagar' is set on object 'Object Repository/AdminSuiteBootstrap_Pages/VSP_Bootstrap/VSP_Debit/input_userDefined9'

2023-09-21 17:51:45 - [MESSAGE][PASSED] - Text 'Noida' is set on object 'Object Repository/AdminSuiteBootstrap_Pages/VSP_Bootstrap/VSP_Debit/input_userDefined10'

2023-09-21 17:51:46 - [MESSAGE][PASSED] - Object: 'Object Repository/AdminSuiteBootstrap_Pages/VSP_Bootstrap/VSP_Debit/button_Submit' is clicked on

2023-09-21 17:51:46 - [MESSAGE][PASSED] - vspBootstrap.ACHDebitPage.setDataACHDebit is PASSED

2023-09-21 17:51:46 - [TEST_STEP][PASSED] - verifyTextPresent("Transaction Successful", true): Text 'Transaction Successful' is present on page  using regular expression

2023-09-21 17:51:47 - [MESSAGE][PASSED] - Text 'Transaction Successful' is present on page  using regular expression

2023-09-21 17:51:47 - [TEST_STEP][PASSED] - verifyElementVisible(findTestObject("Object Repository/AdminSuiteBootstrap_Pages/VT_Bootstrap/Receipt/button_Continue")): Object 'Object Repository/AdminSuiteBootstrap_Pages/VT_Bootstrap/Receipt/button_Continue' is visible

2023-09-21 17:51:47 - [MESSAGE][PASSED] - Object 'Object Repository/AdminSuiteBootstrap_Pages/VT_Bootstrap/Receipt/button_Continue' is visible

2023-09-21 17:51:47 - [TEST_STEP][PASSED] - verifyElementPresent(findTestObject("Object Repository/AdminSuiteBootstrap_Pages/VT_Bootstrap/Receipt/button_Continue"), 20): Object 'Object Repository/AdminSuiteBootstrap_Pages/VT_Bootstrap/Receipt/button_Continue' is present

2023-09-21 17:51:47 - [MESSAGE][PASSED] - Object 'Object Repository/AdminSuiteBootstrap_Pages/VT_Bootstrap/Receipt/button_Continue' is present

2023-09-21 17:51:47 - [TEST_STEP][PASSED] - verifyElementVisible(findTestObject("Object Repository/AdminSuiteBootstrap_Pages/VT_Bootstrap/Receipt/button_Print")): Object 'Object Repository/AdminSuiteBootstrap_Pages/VT_Bootstrap/Receipt/button_Print' is visible

2023-09-21 17:51:48 - [MESSAGE][PASSED] - Object 'Object Repository/AdminSuiteBootstrap_Pages/VT_Bootstrap/Receipt/button_Print' is visible

2023-09-21 17:51:48 - [TEST_STEP][PASSED] - verifyElementPresent(findTestObject("Object Repository/AdminSuiteBootstrap_Pages/VT_Bootstrap/Receipt/button_Print"), 20): Object 'Object Repository/AdminSuiteBootstrap_Pages/VT_Bootstrap/Receipt/button_Print' is present

2023-09-21 17:51:48 - [MESSAGE][PASSED] - Object 'Object Repository/AdminSuiteBootstrap_Pages/VT_Bootstrap/Receipt/button_Print' is present

2023-09-21 17:51:48 - [TEST_STEP][PASSED] - verifyTextPresent("Remittance ID", true): Text 'Remittance ID' is present on page  using regular expression

2023-09-21 17:51:48 - [MESSAGE][PASSED] - Text 'Remittance ID' is present on page  using regular expression

2023-09-21 17:51:48 - [TEST_STEP][PASSED] - verifyTextPresent("Received", true): Text 'Received' is present on page  using regular expression

2023-09-21 17:51:49 - [MESSAGE][PASSED] - Text 'Received' is present on page  using regular expression

2023-09-21 17:51:49 - [TEST_STEP][PASSED] - verifyTextPresent("UDF1", true): Text 'UDF1' is present on page  using regular expression

2023-09-21 17:51:49 - [MESSAGE][PASSED] - Text 'UDF1' is present on page  using regular expression

2023-09-21 17:51:49 - [TEST_STEP][PASSED] - verifyTextPresent("UDF2", true): Text 'UDF2' is present on page  using regular expression

2023-09-21 17:51:49 - [MESSAGE][PASSED] - Text 'UDF2' is present on page  using regular expression

2023-09-21 17:51:49 - [TEST_STEP][PASSED] - verifyTextPresent("UDF3", true): Text 'UDF3' is present on page  using regular expression

2023-09-21 17:51:50 - [MESSAGE][PASSED] - Text 'UDF3' is present on page  using regular expression

2023-09-21 17:51:50 - [TEST_STEP][PASSED] - verifyTextPresent("UDF4", true): Text 'UDF4' is present on page  using regular expression

2023-09-21 17:51:50 - [MESSAGE][PASSED] - Text 'UDF4' is present on page  using regular expression

2023-09-21 17:51:50 - [TEST_STEP][PASSED] - verifyTextPresent("UDF5", true): Text 'UDF5' is present on page  using regular expression

2023-09-21 17:51:50 - [MESSAGE][PASSED] - Text 'UDF5' is present on page  using regular expression

2023-09-21 17:51:50 - [TEST_STEP][PASSED] - verifyTextPresent("UDF6", true): Text 'UDF6' is present on page  using regular expression

2023-09-21 17:51:50 - [MESSAGE][PASSED] - Text 'UDF6' is present on page  using regular expression

2023-09-21 17:51:50 - [TEST_STEP][PASSED] - verifyTextPresent("UDF7", true): Text 'UDF7' is present on page  using regular expression

2023-09-21 17:51:51 - [MESSAGE][PASSED] - Text 'UDF7' is present on page  using regular expression

2023-09-21 17:51:51 - [TEST_STEP][PASSED] - verifyTextPresent("UDF8", true): Text 'UDF8' is present on page  using regular expression

2023-09-21 17:51:51 - [MESSAGE][PASSED] - Text 'UDF8' is present on page  using regular expression

2023-09-21 17:51:51 - [TEST_STEP][PASSED] - verifyTextPresent("UDF9", true): Text 'UDF9' is present on page  using regular expression

2023-09-21 17:51:51 - [MESSAGE][PASSED] - Text 'UDF9' is present on page  using regular expression

2023-09-21 17:51:51 - [TEST_STEP][PASSED] - verifyTextPresent("UDF 10", true): Text 'UDF 10' is present on page  using regular expression

2023-09-21 17:51:52 - [MESSAGE][PASSED] - Text 'UDF 10' is present on page  using regular expression

2023-09-21 17:51:52 - [TEST_STEP][PASSED] - verifyTextPresent("Delhi", true): Text 'Delhi' is present on page  using regular expression

2023-09-21 17:51:52 - [MESSAGE][PASSED] - Text 'Delhi' is present on page  using regular expression

2023-09-21 17:51:52 - [TEST_STEP][PASSED] - verifyTextPresent("Chennai", true): Text 'Chennai' is present on page  using regular expression

2023-09-21 17:51:52 - [MESSAGE][PASSED] - Text 'Chennai' is present on page  using regular expression

2023-09-21 17:51:52 - [TEST_STEP][PASSED] - verifyTextPresent("Mumbai", true): Text 'Mumbai' is present on page  using regular expression

2023-09-21 17:51:53 - [MESSAGE][PASSED] - Text 'Mumbai' is present on page  using regular expression

2023-09-21 17:51:53 - [TEST_STEP][PASSED] - verifyTextPresent("Kanpur", true): Text 'Kanpur' is present on page  using regular expression

2023-09-21 17:51:53 - [MESSAGE][PASSED] - Text 'Kanpur' is present on page  using regular expression

2023-09-21 17:51:53 - [TEST_STEP][PASSED] - verifyTextPresent("Orange Recorded", true): Text 'Orange Recorded' is present on page  using regular expression

2023-09-21 17:51:53 - [MESSAGE][PASSED] - Text 'Orange Recorded' is present on page  using regular expression

2023-09-21 17:51:53 - [TEST_STEP][PASSED] - verifyTextPresent("Yellow Recorded", true): Text 'Yellow Recorded' is present on page  using regular expression

2023-09-21 17:51:53 - [MESSAGE][PASSED] - Text 'Yellow Recorded' is present on page  using regular expression

2023-09-21 17:51:53 - [TEST_STEP][PASSED] - verifyTextPresent("Kolkata", true): Text 'Kolkata' is present on page  using regular expression

2023-09-21 17:51:54 - [MESSAGE][PASSED] - Text 'Kolkata' is present on page  using regular expression

2023-09-21 17:51:54 - [TEST_STEP][PASSED] - verifyTextPresent("Pune", true): Text 'Pune' is present on page  using regular expression

2023-09-21 17:51:54 - [MESSAGE][PASSED] - Text 'Pune' is present on page  using regular expression

2023-09-21 17:51:54 - [TEST_STEP][PASSED] - verifyTextPresent("Bhavnagar", true): Text 'Bhavnagar' is present on page  using regular expression

2023-09-21 17:51:54 - [MESSAGE][PASSED] - Text 'Bhavnagar' is present on page  using regular expression

2023-09-21 17:51:54 - [TEST_STEP][PASSED] - verifyTextPresent("Noida", true): Text 'Noida' is present on page  using regular expression

2023-09-21 17:51:55 - [MESSAGE][PASSED] - Text 'Noida' is present on page  using regular expression

2023-09-21 17:51:55 - [TEST_STEP][PASSED] - verifyTextPresent("Amount", true): Text 'Amount' is present on page  using regular expression

2023-09-21 17:51:55 - [MESSAGE][PASSED] - Text 'Amount' is present on page  using regular expression

2023-09-21 17:51:55 - [TEST_STEP][PASSED] - verifyTextPresent("2.50", true): Text '2.50' is present on page  using regular expression

2023-09-21 17:51:55 - [MESSAGE][PASSED] - Text '2.50' is present on page  using regular expression

2023-09-21 17:51:55 - [TEST_STEP][PASSED] - verifyTextPresent("Transaction Type", true): Text 'Transaction Type' is present on page  using regular expression

2023-09-21 17:51:56 - [MESSAGE][PASSED] - Text 'Transaction Type' is present on page  using regular expression

2023-09-21 17:51:56 - [TEST_STEP][PASSED] - verifyTextPresent("Debit", true): Text 'Debit' is present on page  using regular expression

2023-09-21 17:51:56 - [MESSAGE][PASSED] - Text 'Debit' is present on page  using regular expression

2023-09-21 17:51:56 - [TEST_STEP][PASSED] - verifyTextPresent("Check Information", true): Text 'Check Information' is present on page  using regular expression

2023-09-21 17:51:56 - [MESSAGE][PASSED] - Text 'Check Information' is present on page  using regular expression

2023-09-21 17:51:56 - [TEST_STEP][PASSED] - verifyTextPresent("Account Type", true): Text 'Account Type' is present on page  using regular expression

2023-09-21 17:51:56 - [MESSAGE][PASSED] - Text 'Account Type' is present on page  using regular expression

2023-09-21 17:51:56 - [TEST_STEP][PASSED] - verifyTextPresent("Account Number", true): Text 'Account Number' is present on page  using regular expression

2023-09-21 17:51:57 - [MESSAGE][PASSED] - Text 'Account Number' is present on page  using regular expression

2023-09-21 17:51:57 - [TEST_STEP][PASSED] - verifyTextPresent("Routing Number", true): Text 'Routing Number' is present on page  using regular expression

2023-09-21 17:51:57 - [MESSAGE][PASSED] - Text 'Routing Number' is present on page  using regular expression

2023-09-21 17:51:57 - [TEST_STEP][PASSED] - verifyTextPresent("Address Line 1", true): Text 'Address Line 1' is present on page  using regular expression

2023-09-21 17:51:57 - [MESSAGE][PASSED] - Text 'Address Line 1' is present on page  using regular expression

2023-09-21 17:51:57 - [TEST_STEP][PASSED] - verifyTextPresent("Address Line 2", true): Text 'Address Line 2' is present on page  using regular expression

2023-09-21 17:51:58 - [MESSAGE][PASSED] - Text 'Address Line 2' is present on page  using regular expression

2023-09-21 17:51:58 - [TEST_STEP][PASSED] - verifyTextPresent("Country", true): Text 'Country' is present on page  using regular expression

2023-09-21 17:51:58 - [MESSAGE][PASSED] - Text 'Country' is present on page  using regular expression

2023-09-21 17:51:58 - [TEST_STEP][PASSED] - verifyTextPresent("City", true): Text 'City' is present on page  using regular expression

2023-09-21 17:51:58 - [MESSAGE][PASSED] - Text 'City' is present on page  using regular expression

2023-09-21 17:51:58 - [TEST_STEP][PASSED] - verifyTextPresent("State", true): Text 'State' is present on page  using regular expression

2023-09-21 17:51:59 - [MESSAGE][PASSED] - Text 'State' is present on page  using regular expression

2023-09-21 17:51:59 - [TEST_STEP][PASSED] - verifyTextPresent("ZIP Code", true): Text 'ZIP Code' is present on page  using regular expression

2023-09-21 17:51:59 - [MESSAGE][PASSED] - Text 'ZIP Code' is present on page  using regular expression

2023-09-21 17:51:59 - [TEST_STEP][PASSED] - verifyTextPresent("248 PhoolKaante road", true): Text '248 PhoolKaante road' is present on page  using regular expression

2023-09-21 17:51:59 - [MESSAGE][PASSED] - Text '248 PhoolKaante road' is present on page  using regular expression

2023-09-21 17:51:59 - [TEST_STEP][PASSED] - verifyTextPresent("Suite 678", true): Text 'Suite 678' is present on page  using regular expression

2023-09-21 17:51:59 - [MESSAGE][PASSED] - Text 'Suite 678' is present on page  using regular expression

2023-09-21 17:51:59 - [TEST_STEP][PASSED] - verifyTextPresent("United States", true): Text 'United States' is present on page  using regular expression

2023-09-21 17:52:00 - [MESSAGE][PASSED] - Text 'United States' is present on page  using regular expression

2023-09-21 17:52:00 - [TEST_STEP][PASSED] - verifyTextPresent("ARLINGTON", true): Text 'ARLINGTON' is present on page  using regular expression

2023-09-21 17:52:00 - [MESSAGE][PASSED] - Text 'ARLINGTON' is present on page  using regular expression

2023-09-21 17:52:00 - [TEST_STEP][PASSED] - verifyTextPresent("Virginia", true): Text 'Virginia' is present on page  using regular expression

2023-09-21 17:52:00 - [MESSAGE][PASSED] - Text 'Virginia' is present on page  using regular expression

2023-09-21 17:52:00 - [TEST_STEP][PASSED] - verifyTextPresent("22201", true): Text '22201' is present on page  using regular expression

2023-09-21 17:52:01 - [MESSAGE][PASSED] - Text '22201' is present on page  using regular expression

2023-09-21 17:52:01 - [TEST_STEP][PASSED] - tranType = findTestData(dataFile).getValue("TranType", row): null

2023-09-21 17:52:01 - [TEST_STEP][PASSED] - last4V = findTestData(dataFile).getValue("Last4", row): null

2023-09-21 17:52:01 - [TEST_STEP][PASSED] - verifyTextPresent(tranType, true): Text 'Checking' is present on page  using regular expression

2023-09-21 17:52:01 - [MESSAGE][PASSED] - Text 'Checking' is present on page  using regular expression

2023-09-21 17:52:01 - [TEST_STEP][PASSED] - verifyTextPresent(last4V, true): Text '2222' is present on page  using regular expression

2023-09-21 17:52:01 - [MESSAGE][PASSED] - Text '2222' is present on page  using regular expression

2023-09-21 17:52:01 - [TEST_STEP][PASSED] - if (profNameLink.equalsIgnoreCase("a_PaymentsPC")): Text 'TANDON RAVENA' is present on page  using regular expression

2023-09-21 17:52:01 - [TEST_STEP][PASSED] - verifyTextPresent("Name on Account", true): Text 'Name on Account' is present on page  using regular expression

2023-09-21 17:52:02 - [MESSAGE][PASSED] - Text 'Name on Account' is present on page  using regular expression

2023-09-21 17:52:02 - [TEST_STEP][PASSED] - verifyTextPresent("TANDON RAVENA", true): Text 'TANDON RAVENA' is present on page  using regular expression

2023-09-21 17:52:02 - [MESSAGE][PASSED] - Text 'TANDON RAVENA' is present on page  using regular expression

2023-09-21 17:52:02 - [TEST_STEP][PASSED] - if (profNameLink.equalsIgnoreCase("a_PaymentsPS")): null

2023-09-21 17:52:02 - [TEST_STEP][PASSED] - if (profNameLink.equalsIgnoreCase("a_PaymentsCorp")): null

2023-09-21 17:52:02 - [TEST_STEP][PASSED] - switch (appName): null

2023-09-21 17:52:02 - [TEST_STEP][PASSED] - closeBrowser(): Browser is closed

2023-09-21 17:52:03 - [MESSAGE][PASSED] - Browser is closed

2023-09-21 17:52:03 - [TEST_STEP][PASSED] - ExecuteTC = findTestData(dataFile).getValue("Execute", row): null

2023-09-21 17:52:03 - [TEST_STEP][PASSED] - out.println("Value of Execute is : " + ExecuteTC): null

2023-09-21 17:52:03 - [TEST_STEP][PASSED] - switch (executionProfile): null

2023-09-21 17:52:03 - [TEST_STEP][PASSED] - case "QA2Profile":: null

2023-09-21 17:52:03 - [TEST_STEP][PASSED] - appName = findTestData(dataFile).getValue("AppNameQA", row): null

2023-09-21 17:52:03 - [TEST_STEP][PASSED] - appID = findTestData(dataFile).getValue("AppIDQA", row): null

2023-09-21 17:52:03 - [TEST_STEP][PASSED] - break: null

2023-09-21 17:52:03 - [TEST_STEP][PASSED] - if (ExecuteTC.equalsIgnoreCase("Y")): null

2023-09-21 17:52:03 - [TEST_STEP][PASSED] - out.println("Begin Record Number: " + row): null

2023-09-21 17:52:03 - [TEST_STEP][PASSED] - today = new java.util.Date(): null

2023-09-21 17:52:03 - [TEST_STEP][PASSED] - println(today): null

2023-09-21 17:52:03 - [TEST_STEP][PASSED] - datText = today: null

2023-09-21 17:52:03 - [TEST_STEP][PASSED] - adminSuiteBootstrap.loginFunctionality.login_AdminSuite(): adminSuiteBootstrap.loginFunctionality.login_AdminSuite is PASSED

2023-09-21 17:52:03 - [MESSAGE][INFO] - Starting 'Chrome' driver

2023-09-21 17:52:03 - [MESSAGE][INFO] - User set preference: ['acceptInsecureCerts', 'true']

2023-09-21 17:52:03 - [MESSAGE][INFO] - Action delay is set to 0 milliseconds

2023-09-21 17:52:06 - [MESSAGE][PASSED] - Browser is opened with url: 'https://qa2.velocitypayment.com/admin/imtiaz'

2023-09-21 17:52:06 - [MESSAGE][PASSED] - Current window maximized

2023-09-21 17:52:06 - [MESSAGE][PASSED] - Object 'Object Repository/Login_Page/Login_Username_Okta' is present

2023-09-21 17:52:07 - [MESSAGE][PASSED] - Text 'iahmed' is set on object 'Object Repository/Login_Page/Login_Username_Okta'

2023-09-21 17:52:08 - [MESSAGE][PASSED] - Text 'Hello1111111@' is set on object 'Object Repository/Login_Page/Login_Password_Okta'

2023-09-21 17:52:08 - [MESSAGE][PASSED] - Object: 'Object Repository/Login_Page/Login_Submit_Okta' is clicked on

2023-09-21 17:52:08 - [MESSAGE][PASSED] - adminSuiteBootstrap.loginFunctionality.login_AdminSuite is PASSED

2023-09-21 17:52:08 - [TEST_STEP][PASSED] - click(findTestObject(path_Dashboard + appName)): Object: 'Object Repository/AdminSuiteBootstrap_Pages/Dashboard_Bootstrap/a_Access AutoNoCFtp' is clicked on

2023-09-21 17:52:15 - [MESSAGE][PASSED] - Object: 'Object Repository/AdminSuiteBootstrap_Pages/Dashboard_Bootstrap/a_Access AutoNoCFtp' is clicked on

2023-09-21 17:52:15 - [TEST_STEP][PASSED] - click(findTestObject(path_VT + "a_Find Profile")): Object: 'Object Repository/AdminSuiteBootstrap_Pages/VT_Bootstrap/IssueTransactions/a_Find Profile' is clicked on

2023-09-21 17:52:16 - [MESSAGE][PASSED] - Object: 'Object Repository/AdminSuiteBootstrap_Pages/VT_Bootstrap/IssueTransactions/a_Find Profile' is clicked on

2023-09-21 17:52:16 - [TEST_STEP][PASSED] - criteria = <not implemented yet for class: org.codehaus.groovy.ast.expr.EmptyExpression>: null

2023-09-21 17:52:16 - [TEST_STEP][PASSED] - searchBy = <not implemented yet for class: org.codehaus.groovy.ast.expr.EmptyExpression>: null

2023-09-21 17:52:16 - [TEST_STEP][PASSED] - criteria = findTestData(dataFile).getValue("ProfileName", row): null

2023-09-21 17:52:16 - [TEST_STEP][PASSED] - path_SearchProfile = "Object Repository/AdminSuiteBootstrap_Pages/VSP_Bootstrap/SearchProfile/": null

2023-09-21 17:52:16 - [TEST_STEP][PASSED] - setText(findTestObject(path_SearchProfile + "input_Criteria"), criteria): Text 'PaymentsPS' is set on object 'Object Repository/AdminSuiteBootstrap_Pages/VSP_Bootstrap/SearchProfile/input_Criteria'

2023-09-21 17:52:16 - [MESSAGE][PASSED] - Text 'PaymentsPS' is set on object 'Object Repository/AdminSuiteBootstrap_Pages/VSP_Bootstrap/SearchProfile/input_Criteria'

2023-09-21 17:52:16 - [TEST_STEP][PASSED] - click(findTestObject(path_SearchProfile + "button_Search")): Object: 'Object Repository/AdminSuiteBootstrap_Pages/VSP_Bootstrap/SearchProfile/button_Search' is clicked on

2023-09-21 17:52:17 - [MESSAGE][PASSED] - Object: 'Object Repository/AdminSuiteBootstrap_Pages/VSP_Bootstrap/SearchProfile/button_Search' is clicked on

2023-09-21 17:52:17 - [TEST_STEP][PASSED] - profNameLink = findTestData(dataFile).getValue("ProfileNameLink", row): null

2023-09-21 17:52:17 - [TEST_STEP][PASSED] - click(findTestObject(path_ViewProfile + profNameLink)): Object: 'Object Repository/AdminSuiteBootstrap_Pages/VSP_Bootstrap/View Profile/a_PaymentsPS' is clicked on

2023-09-21 17:52:19 - [MESSAGE][PASSED] - Object: 'Object Repository/AdminSuiteBootstrap_Pages/VSP_Bootstrap/View Profile/a_PaymentsPS' is clicked on

2023-09-21 17:52:19 - [TEST_STEP][PASSED] - click(findTestObject(path_ViewProfile + "a_Debit")): Object: 'Object Repository/AdminSuiteBootstrap_Pages/VSP_Bootstrap/View Profile/a_Debit' is clicked on

2023-09-21 17:52:20 - [MESSAGE][PASSED] - Object: 'Object Repository/AdminSuiteBootstrap_Pages/VSP_Bootstrap/View Profile/a_Debit' is clicked on

2023-09-21 17:52:20 - [TEST_STEP][PASSED] - verifyTextPresent("Remittance ID", true): Text 'Remittance ID' is present on page  using regular expression

2023-09-21 17:52:21 - [MESSAGE][PASSED] - Text 'Remittance ID' is present on page  using regular expression

2023-09-21 17:52:21 - [TEST_STEP][PASSED] - vspBootstrap.ACHDebitPage.setDataACHDebit(row, dataFile): vspBootstrap.ACHDebitPage.setDataACHDebit is PASSED

2023-09-21 17:52:22 - [MESSAGE][PASSED] - All options with value 'PPD' are selected in object 'Object Repository/AdminSuiteBootstrap_Pages/VSP_Bootstrap/VSP_Debit/select_StdEntryClass'  using regular expression

2023-09-21 17:52:23 - [MESSAGE][PASSED] - Text '' is set on object 'Object Repository/AdminSuiteBootstrap_Pages/VSP_Bootstrap/VSP_Debit/input_smsNumber'

2023-09-21 17:52:23 - [MESSAGE][PASSED] - Text '2.50' is set on object 'Object Repository/AdminSuiteBootstrap_Pages/VSP_Bootstrap/VSP_Debit/input_amount'

2023-09-21 17:52:24 - [MESSAGE][PASSED] - Text 'Delhi' is set on object 'Object Repository/AdminSuiteBootstrap_Pages/VSP_Bootstrap/VSP_Debit/input_userDefined1'

2023-09-21 17:52:25 - [MESSAGE][PASSED] - Text 'Chennai' is set on object 'Object Repository/AdminSuiteBootstrap_Pages/VSP_Bootstrap/VSP_Debit/input_userDefined2'

2023-09-21 17:52:25 - [MESSAGE][PASSED] - Text 'Mumbai' is set on object 'Object Repository/AdminSuiteBootstrap_Pages/VSP_Bootstrap/VSP_Debit/input_userDefined3'

2023-09-21 17:52:26 - [MESSAGE][PASSED] - Text 'Kanpur' is set on object 'Object Repository/AdminSuiteBootstrap_Pages/VSP_Bootstrap/VSP_Debit/input_userDefined4'

2023-09-21 17:52:27 - [MESSAGE][PASSED] - All options with label 'Orange' are selected in object 'Object Repository/AdminSuiteBootstrap_Pages/VSP_Bootstrap/VSP_Debit/select_UDF5'  using regular expression

2023-09-21 17:52:27 - [MESSAGE][PASSED] - All options with label 'Yellow' are selected in object 'Object Repository/AdminSuiteBootstrap_Pages/VSP_Bootstrap/VSP_Debit/select_UDF6'  using regular expression

2023-09-21 17:52:28 - [MESSAGE][PASSED] - Text 'Kolkata' is set on object 'Object Repository/AdminSuiteBootstrap_Pages/VSP_Bootstrap/VSP_Debit/input_userDefined7'

2023-09-21 17:52:29 - [MESSAGE][PASSED] - Text 'Pune' is set on object 'Object Repository/AdminSuiteBootstrap_Pages/VSP_Bootstrap/VSP_Debit/input_userDefined8'

2023-09-21 17:52:29 - [MESSAGE][PASSED] - Text 'Bhavnagar' is set on object 'Object Repository/AdminSuiteBootstrap_Pages/VSP_Bootstrap/VSP_Debit/input_userDefined9'

2023-09-21 17:52:30 - [MESSAGE][PASSED] - Text 'Noida' is set on object 'Object Repository/AdminSuiteBootstrap_Pages/VSP_Bootstrap/VSP_Debit/input_userDefined10'

2023-09-21 17:52:31 - [MESSAGE][PASSED] - Object: 'Object Repository/AdminSuiteBootstrap_Pages/VSP_Bootstrap/VSP_Debit/button_Submit' is clicked on

2023-09-21 17:52:31 - [MESSAGE][PASSED] - vspBootstrap.ACHDebitPage.setDataACHDebit is PASSED

2023-09-21 17:52:31 - [TEST_STEP][PASSED] - verifyTextPresent("Transaction Successful", true): Text 'Transaction Successful' is present on page  using regular expression

2023-09-21 17:52:32 - [MESSAGE][PASSED] - Text 'Transaction Successful' is present on page  using regular expression

2023-09-21 17:52:32 - [TEST_STEP][PASSED] - verifyElementVisible(findTestObject("Object Repository/AdminSuiteBootstrap_Pages/VT_Bootstrap/Receipt/button_Continue")): Object 'Object Repository/AdminSuiteBootstrap_Pages/VT_Bootstrap/Receipt/button_Continue' is visible

2023-09-21 17:52:32 - [MESSAGE][PASSED] - Object 'Object Repository/AdminSuiteBootstrap_Pages/VT_Bootstrap/Receipt/button_Continue' is visible

2023-09-21 17:52:32 - [TEST_STEP][PASSED] - verifyElementPresent(findTestObject("Object Repository/AdminSuiteBootstrap_Pages/VT_Bootstrap/Receipt/button_Continue"), 20): Object 'Object Repository/AdminSuiteBootstrap_Pages/VT_Bootstrap/Receipt/button_Continue' is present

2023-09-21 17:52:32 - [MESSAGE][PASSED] - Object 'Object Repository/AdminSuiteBootstrap_Pages/VT_Bootstrap/Receipt/button_Continue' is present

2023-09-21 17:52:32 - [TEST_STEP][PASSED] - verifyElementVisible(findTestObject("Object Repository/AdminSuiteBootstrap_Pages/VT_Bootstrap/Receipt/button_Print")): Object 'Object Repository/AdminSuiteBootstrap_Pages/VT_Bootstrap/Receipt/button_Print' is visible

2023-09-21 17:52:33 - [MESSAGE][PASSED] - Object 'Object Repository/AdminSuiteBootstrap_Pages/VT_Bootstrap/Receipt/button_Print' is visible

2023-09-21 17:52:33 - [TEST_STEP][PASSED] - verifyElementPresent(findTestObject("Object Repository/AdminSuiteBootstrap_Pages/VT_Bootstrap/Receipt/button_Print"), 20): Object 'Object Repository/AdminSuiteBootstrap_Pages/VT_Bootstrap/Receipt/button_Print' is present

2023-09-21 17:52:33 - [MESSAGE][PASSED] - Object 'Object Repository/AdminSuiteBootstrap_Pages/VT_Bootstrap/Receipt/button_Print' is present

2023-09-21 17:52:33 - [TEST_STEP][PASSED] - verifyTextPresent("Remittance ID", true): Text 'Remittance ID' is present on page  using regular expression

2023-09-21 17:52:33 - [MESSAGE][PASSED] - Text 'Remittance ID' is present on page  using regular expression

2023-09-21 17:52:33 - [TEST_STEP][PASSED] - verifyTextPresent("Received", true): Text 'Received' is present on page  using regular expression

2023-09-21 17:52:34 - [MESSAGE][PASSED] - Text 'Received' is present on page  using regular expression

2023-09-21 17:52:34 - [TEST_STEP][PASSED] - verifyTextPresent("UDF1", true): Text 'UDF1' is present on page  using regular expression

2023-09-21 17:52:34 - [MESSAGE][PASSED] - Text 'UDF1' is present on page  using regular expression

2023-09-21 17:52:34 - [TEST_STEP][PASSED] - verifyTextPresent("UDF2", true): Text 'UDF2' is present on page  using regular expression

2023-09-21 17:52:34 - [MESSAGE][PASSED] - Text 'UDF2' is present on page  using regular expression

2023-09-21 17:52:34 - [TEST_STEP][PASSED] - verifyTextPresent("UDF3", true): Text 'UDF3' is present on page  using regular expression

2023-09-21 17:52:34 - [MESSAGE][PASSED] - Text 'UDF3' is present on page  using regular expression

2023-09-21 17:52:34 - [TEST_STEP][PASSED] - verifyTextPresent("UDF4", true): Text 'UDF4' is present on page  using regular expression

2023-09-21 17:52:35 - [MESSAGE][PASSED] - Text 'UDF4' is present on page  using regular expression

2023-09-21 17:52:35 - [TEST_STEP][PASSED] - verifyTextPresent("UDF5", true): Text 'UDF5' is present on page  using regular expression

2023-09-21 17:52:35 - [MESSAGE][PASSED] - Text 'UDF5' is present on page  using regular expression

2023-09-21 17:52:35 - [TEST_STEP][PASSED] - verifyTextPresent("UDF6", true): Text 'UDF6' is present on page  using regular expression

2023-09-21 17:52:35 - [MESSAGE][PASSED] - Text 'UDF6' is present on page  using regular expression

2023-09-21 17:52:35 - [TEST_STEP][PASSED] - verifyTextPresent("UDF7", true): Text 'UDF7' is present on page  using regular expression

2023-09-21 17:52:36 - [MESSAGE][PASSED] - Text 'UDF7' is present on page  using regular expression

2023-09-21 17:52:36 - [TEST_STEP][PASSED] - verifyTextPresent("UDF8", true): Text 'UDF8' is present on page  using regular expression

2023-09-21 17:52:36 - [MESSAGE][PASSED] - Text 'UDF8' is present on page  using regular expression

2023-09-21 17:52:36 - [TEST_STEP][PASSED] - verifyTextPresent("UDF9", true): Text 'UDF9' is present on page  using regular expression

2023-09-21 17:52:36 - [MESSAGE][PASSED] - Text 'UDF9' is present on page  using regular expression

2023-09-21 17:52:36 - [TEST_STEP][PASSED] - verifyTextPresent("UDF 10", true): Text 'UDF 10' is present on page  using regular expression

2023-09-21 17:52:37 - [MESSAGE][PASSED] - Text 'UDF 10' is present on page  using regular expression

2023-09-21 17:52:37 - [TEST_STEP][PASSED] - verifyTextPresent("Delhi", true): Text 'Delhi' is present on page  using regular expression

2023-09-21 17:52:37 - [MESSAGE][PASSED] - Text 'Delhi' is present on page  using regular expression

2023-09-21 17:52:37 - [TEST_STEP][PASSED] - verifyTextPresent("Chennai", true): Text 'Chennai' is present on page  using regular expression

2023-09-21 17:52:37 - [MESSAGE][PASSED] - Text 'Chennai' is present on page  using regular expression

2023-09-21 17:52:37 - [TEST_STEP][PASSED] - verifyTextPresent("Mumbai", true): Text 'Mumbai' is present on page  using regular expression

2023-09-21 17:52:37 - [MESSAGE][PASSED] - Text 'Mumbai' is present on page  using regular expression

2023-09-21 17:52:37 - [TEST_STEP][PASSED] - verifyTextPresent("Kanpur", true): Text 'Kanpur' is present on page  using regular expression

2023-09-21 17:52:38 - [MESSAGE][PASSED] - Text 'Kanpur' is present on page  using regular expression

2023-09-21 17:52:38 - [TEST_STEP][PASSED] - verifyTextPresent("Orange Recorded", true): Text 'Orange Recorded' is present on page  using regular expression

2023-09-21 17:52:38 - [MESSAGE][PASSED] - Text 'Orange Recorded' is present on page  using regular expression

2023-09-21 17:52:38 - [TEST_STEP][PASSED] - verifyTextPresent("Yellow Recorded", true): Text 'Yellow Recorded' is present on page  using regular expression

2023-09-21 17:52:38 - [MESSAGE][PASSED] - Text 'Yellow Recorded' is present on page  using regular expression

2023-09-21 17:52:38 - [TEST_STEP][PASSED] - verifyTextPresent("Kolkata", true): Text 'Kolkata' is present on page  using regular expression

2023-09-21 17:52:39 - [MESSAGE][PASSED] - Text 'Kolkata' is present on page  using regular expression

2023-09-21 17:52:39 - [TEST_STEP][PASSED] - verifyTextPresent("Pune", true): Text 'Pune' is present on page  using regular expression

2023-09-21 17:52:39 - [MESSAGE][PASSED] - Text 'Pune' is present on page  using regular expression

2023-09-21 17:52:39 - [TEST_STEP][PASSED] - verifyTextPresent("Bhavnagar", true): Text 'Bhavnagar' is present on page  using regular expression

2023-09-21 17:52:39 - [MESSAGE][PASSED] - Text 'Bhavnagar' is present on page  using regular expression

2023-09-21 17:52:39 - [TEST_STEP][PASSED] - verifyTextPresent("Noida", true): Text 'Noida' is present on page  using regular expression

2023-09-21 17:52:40 - [MESSAGE][PASSED] - Text 'Noida' is present on page  using regular expression

2023-09-21 17:52:40 - [TEST_STEP][PASSED] - verifyTextPresent("Amount", true): Text 'Amount' is present on page  using regular expression

2023-09-21 17:52:40 - [MESSAGE][PASSED] - Text 'Amount' is present on page  using regular expression

2023-09-21 17:52:40 - [TEST_STEP][PASSED] - verifyTextPresent("2.50", true): Text '2.50' is present on page  using regular expression

2023-09-21 17:52:40 - [MESSAGE][PASSED] - Text '2.50' is present on page  using regular expression

2023-09-21 17:52:40 - [TEST_STEP][PASSED] - verifyTextPresent("Transaction Type", true): Text 'Transaction Type' is present on page  using regular expression

2023-09-21 17:52:40 - [MESSAGE][PASSED] - Text 'Transaction Type' is present on page  using regular expression

2023-09-21 17:52:40 - [TEST_STEP][PASSED] - verifyTextPresent("Debit", true): Text 'Debit' is present on page  using regular expression

2023-09-21 17:52:41 - [MESSAGE][PASSED] - Text 'Debit' is present on page  using regular expression

2023-09-21 17:52:41 - [TEST_STEP][PASSED] - verifyTextPresent("Check Information", true): Text 'Check Information' is present on page  using regular expression

2023-09-21 17:52:41 - [MESSAGE][PASSED] - Text 'Check Information' is present on page  using regular expression

2023-09-21 17:52:41 - [TEST_STEP][PASSED] - verifyTextPresent("Account Type", true): Text 'Account Type' is present on page  using regular expression

2023-09-21 17:52:41 - [MESSAGE][PASSED] - Text 'Account Type' is present on page  using regular expression

2023-09-21 17:52:41 - [TEST_STEP][PASSED] - verifyTextPresent("Account Number", true): Text 'Account Number' is present on page  using regular expression

2023-09-21 17:52:42 - [MESSAGE][PASSED] - Text 'Account Number' is present on page  using regular expression

2023-09-21 17:52:42 - [TEST_STEP][PASSED] - verifyTextPresent("Routing Number", true): Text 'Routing Number' is present on page  using regular expression

2023-09-21 17:52:42 - [MESSAGE][PASSED] - Text 'Routing Number' is present on page  using regular expression

2023-09-21 17:52:42 - [TEST_STEP][PASSED] - verifyTextPresent("Address Line 1", true): Text 'Address Line 1' is present on page  using regular expression

2023-09-21 17:52:42 - [MESSAGE][PASSED] - Text 'Address Line 1' is present on page  using regular expression

2023-09-21 17:52:42 - [TEST_STEP][PASSED] - verifyTextPresent("Address Line 2", true): Text 'Address Line 2' is present on page  using regular expression

2023-09-21 17:52:43 - [MESSAGE][PASSED] - Text 'Address Line 2' is present on page  using regular expression

2023-09-21 17:52:43 - [TEST_STEP][PASSED] - verifyTextPresent("Country", true): Text 'Country' is present on page  using regular expression

2023-09-21 17:52:43 - [MESSAGE][PASSED] - Text 'Country' is present on page  using regular expression

2023-09-21 17:52:43 - [TEST_STEP][PASSED] - verifyTextPresent("City", true): Text 'City' is present on page  using regular expression

2023-09-21 17:52:43 - [MESSAGE][PASSED] - Text 'City' is present on page  using regular expression

2023-09-21 17:52:43 - [TEST_STEP][PASSED] - verifyTextPresent("State", true): Text 'State' is present on page  using regular expression

2023-09-21 17:52:43 - [MESSAGE][PASSED] - Text 'State' is present on page  using regular expression

2023-09-21 17:52:43 - [TEST_STEP][PASSED] - verifyTextPresent("ZIP Code", true): Text 'ZIP Code' is present on page  using regular expression

2023-09-21 17:52:44 - [MESSAGE][PASSED] - Text 'ZIP Code' is present on page  using regular expression

2023-09-21 17:52:44 - [TEST_STEP][PASSED] - verifyTextPresent("248 PhoolKaante road", true): Text '248 PhoolKaante road' is present on page  using regular expression

2023-09-21 17:52:44 - [MESSAGE][PASSED] - Text '248 PhoolKaante road' is present on page  using regular expression

2023-09-21 17:52:44 - [TEST_STEP][PASSED] - verifyTextPresent("Suite 678", true): Text 'Suite 678' is present on page  using regular expression

2023-09-21 17:52:44 - [MESSAGE][PASSED] - Text 'Suite 678' is present on page  using regular expression

2023-09-21 17:52:44 - [TEST_STEP][PASSED] - verifyTextPresent("United States", true): Text 'United States' is present on page  using regular expression

2023-09-21 17:52:45 - [MESSAGE][PASSED] - Text 'United States' is present on page  using regular expression

2023-09-21 17:52:45 - [TEST_STEP][PASSED] - verifyTextPresent("ARLINGTON", true): Text 'ARLINGTON' is present on page  using regular expression

2023-09-21 17:52:45 - [MESSAGE][PASSED] - Text 'ARLINGTON' is present on page  using regular expression

2023-09-21 17:52:45 - [TEST_STEP][PASSED] - verifyTextPresent("Virginia", true): Text 'Virginia' is present on page  using regular expression

2023-09-21 17:52:45 - [MESSAGE][PASSED] - Text 'Virginia' is present on page  using regular expression

2023-09-21 17:52:45 - [TEST_STEP][PASSED] - verifyTextPresent("22201", true): Text '22201' is present on page  using regular expression

2023-09-21 17:52:46 - [MESSAGE][PASSED] - Text '22201' is present on page  using regular expression

2023-09-21 17:52:46 - [TEST_STEP][PASSED] - tranType = findTestData(dataFile).getValue("TranType", row): null

2023-09-21 17:52:46 - [TEST_STEP][PASSED] - last4V = findTestData(dataFile).getValue("Last4", row): null

2023-09-21 17:52:46 - [TEST_STEP][PASSED] - verifyTextPresent(tranType, true): Text 'Savings' is present on page  using regular expression

2023-09-21 17:52:46 - [MESSAGE][PASSED] - Text 'Savings' is present on page  using regular expression

2023-09-21 17:52:46 - [TEST_STEP][PASSED] - verifyTextPresent(last4V, true): Text '3333' is present on page  using regular expression

2023-09-21 17:52:46 - [MESSAGE][PASSED] - Text '3333' is present on page  using regular expression

2023-09-21 17:52:46 - [TEST_STEP][PASSED] - if (profNameLink.equalsIgnoreCase("a_PaymentsPC")): null

2023-09-21 17:52:46 - [TEST_STEP][PASSED] - if (profNameLink.equalsIgnoreCase("a_PaymentsPS")): Text 'TANDON RAVENA' is present on page  using regular expression

2023-09-21 17:52:46 - [TEST_STEP][PASSED] - verifyTextPresent("Name on Account", true): Text 'Name on Account' is present on page  using regular expression

2023-09-21 17:52:47 - [MESSAGE][PASSED] - Text 'Name on Account' is present on page  using regular expression

2023-09-21 17:52:47 - [TEST_STEP][PASSED] - verifyTextPresent("TANDON RAVENA", true): Text 'TANDON RAVENA' is present on page  using regular expression

2023-09-21 17:52:47 - [MESSAGE][PASSED] - Text 'TANDON RAVENA' is present on page  using regular expression

2023-09-21 17:52:47 - [TEST_STEP][PASSED] - if (profNameLink.equalsIgnoreCase("a_PaymentsCorp")): null

2023-09-21 17:52:47 - [TEST_STEP][PASSED] - switch (appName): null

2023-09-21 17:52:47 - [TEST_STEP][PASSED] - closeBrowser(): Browser is closed

2023-09-21 17:52:48 - [MESSAGE][PASSED] - Browser is closed

2023-09-21 17:52:48 - [TEST_STEP][PASSED] - ExecuteTC = findTestData(dataFile).getValue("Execute", row): null

2023-09-21 17:52:48 - [TEST_STEP][PASSED] - out.println("Value of Execute is : " + ExecuteTC): null

2023-09-21 17:52:48 - [TEST_STEP][PASSED] - switch (executionProfile): null

2023-09-21 17:52:48 - [TEST_STEP][PASSED] - case "QA2Profile":: null

2023-09-21 17:52:48 - [TEST_STEP][PASSED] - appName = findTestData(dataFile).getValue("AppNameQA", row): null

2023-09-21 17:52:48 - [TEST_STEP][PASSED] - appID = findTestData(dataFile).getValue("AppIDQA", row): null

2023-09-21 17:52:48 - [TEST_STEP][PASSED] - break: null

2023-09-21 17:52:48 - [TEST_STEP][PASSED] - if (ExecuteTC.equalsIgnoreCase("Y")): null

2023-09-21 17:52:48 - [TEST_STEP][PASSED] - out.println("Begin Record Number: " + row): null

2023-09-21 17:52:48 - [TEST_STEP][PASSED] - today = new java.util.Date(): null

2023-09-21 17:52:48 - [TEST_STEP][PASSED] - println(today): null

2023-09-21 17:52:48 - [TEST_STEP][PASSED] - datText = today: null

2023-09-21 17:52:48 - [TEST_STEP][PASSED] - adminSuiteBootstrap.loginFunctionality.login_AdminSuite(): adminSuiteBootstrap.loginFunctionality.login_AdminSuite is PASSED

2023-09-21 17:52:48 - [MESSAGE][INFO] - Starting 'Chrome' driver

2023-09-21 17:52:48 - [MESSAGE][INFO] - User set preference: ['acceptInsecureCerts', 'true']

2023-09-21 17:52:48 - [MESSAGE][INFO] - Action delay is set to 0 milliseconds

2023-09-21 17:52:51 - [MESSAGE][PASSED] - Browser is opened with url: 'https://qa2.velocitypayment.com/admin/imtiaz'

2023-09-21 17:52:51 - [MESSAGE][PASSED] - Current window maximized

2023-09-21 17:52:51 - [MESSAGE][PASSED] - Object 'Object Repository/Login_Page/Login_Username_Okta' is present

2023-09-21 17:52:52 - [MESSAGE][PASSED] - Text 'iahmed' is set on object 'Object Repository/Login_Page/Login_Username_Okta'

2023-09-21 17:52:53 - [MESSAGE][PASSED] - Text 'Hello1111111@' is set on object 'Object Repository/Login_Page/Login_Password_Okta'

2023-09-21 17:52:53 - [MESSAGE][PASSED] - Object: 'Object Repository/Login_Page/Login_Submit_Okta' is clicked on

2023-09-21 17:52:53 - [MESSAGE][PASSED] - adminSuiteBootstrap.loginFunctionality.login_AdminSuite is PASSED

2023-09-21 17:52:53 - [TEST_STEP][PASSED] - click(findTestObject(path_Dashboard + appName)): Object: 'Object Repository/AdminSuiteBootstrap_Pages/Dashboard_Bootstrap/a_Access AutoNoCFtp' is clicked on

2023-09-21 17:53:00 - [MESSAGE][PASSED] - Object: 'Object Repository/AdminSuiteBootstrap_Pages/Dashboard_Bootstrap/a_Access AutoNoCFtp' is clicked on

2023-09-21 17:53:00 - [TEST_STEP][PASSED] - click(findTestObject(path_VT + "a_Find Profile")): Object: 'Object Repository/AdminSuiteBootstrap_Pages/VT_Bootstrap/IssueTransactions/a_Find Profile' is clicked on

2023-09-21 17:53:00 - [MESSAGE][PASSED] - Object: 'Object Repository/AdminSuiteBootstrap_Pages/VT_Bootstrap/IssueTransactions/a_Find Profile' is clicked on

2023-09-21 17:53:00 - [TEST_STEP][PASSED] - criteria = <not implemented yet for class: org.codehaus.groovy.ast.expr.EmptyExpression>: null

2023-09-21 17:53:00 - [TEST_STEP][PASSED] - searchBy = <not implemented yet for class: org.codehaus.groovy.ast.expr.EmptyExpression>: null

2023-09-21 17:53:00 - [TEST_STEP][PASSED] - criteria = findTestData(dataFile).getValue("ProfileName", row): null

2023-09-21 17:53:00 - [TEST_STEP][PASSED] - path_SearchProfile = "Object Repository/AdminSuiteBootstrap_Pages/VSP_Bootstrap/SearchProfile/": null

2023-09-21 17:53:00 - [TEST_STEP][PASSED] - setText(findTestObject(path_SearchProfile + "input_Criteria"), criteria): Text 'PaymentsPS' is set on object 'Object Repository/AdminSuiteBootstrap_Pages/VSP_Bootstrap/SearchProfile/input_Criteria'

2023-09-21 17:53:01 - [MESSAGE][PASSED] - Text 'PaymentsPS' is set on object 'Object Repository/AdminSuiteBootstrap_Pages/VSP_Bootstrap/SearchProfile/input_Criteria'

2023-09-21 17:53:01 - [TEST_STEP][PASSED] - click(findTestObject(path_SearchProfile + "button_Search")): Object: 'Object Repository/AdminSuiteBootstrap_Pages/VSP_Bootstrap/SearchProfile/button_Search' is clicked on

2023-09-21 17:53:02 - [MESSAGE][PASSED] - Object: 'Object Repository/AdminSuiteBootstrap_Pages/VSP_Bootstrap/SearchProfile/button_Search' is clicked on

2023-09-21 17:53:02 - [TEST_STEP][PASSED] - profNameLink = findTestData(dataFile).getValue("ProfileNameLink", row): null

2023-09-21 17:53:02 - [TEST_STEP][PASSED] - click(findTestObject(path_ViewProfile + profNameLink)): Object: 'Object Repository/AdminSuiteBootstrap_Pages/VSP_Bootstrap/View Profile/a_PaymentsPS' is clicked on

2023-09-21 17:53:03 - [MESSAGE][PASSED] - Object: 'Object Repository/AdminSuiteBootstrap_Pages/VSP_Bootstrap/View Profile/a_PaymentsPS' is clicked on

2023-09-21 17:53:03 - [TEST_STEP][PASSED] - click(findTestObject(path_ViewProfile + "a_Debit")): Object: 'Object Repository/AdminSuiteBootstrap_Pages/VSP_Bootstrap/View Profile/a_Debit' is clicked on

2023-09-21 17:53:05 - [MESSAGE][PASSED] - Object: 'Object Repository/AdminSuiteBootstrap_Pages/VSP_Bootstrap/View Profile/a_Debit' is clicked on

2023-09-21 17:53:05 - [TEST_STEP][PASSED] - verifyTextPresent("Remittance ID", true): Text 'Remittance ID' is present on page  using regular expression

2023-09-21 17:53:05 - [MESSAGE][PASSED] - Text 'Remittance ID' is present on page  using regular expression

2023-09-21 17:53:05 - [TEST_STEP][PASSED] - vspBootstrap.ACHDebitPage.setDataACHDebit(row, dataFile): vspBootstrap.ACHDebitPage.setDataACHDebit is PASSED

2023-09-21 17:53:07 - [MESSAGE][PASSED] - All options with value 'TEL' are selected in object 'Object Repository/AdminSuiteBootstrap_Pages/VSP_Bootstrap/VSP_Debit/select_StdEntryClass'  using regular expression

2023-09-21 17:53:07 - [MESSAGE][PASSED] - Text '' is set on object 'Object Repository/AdminSuiteBootstrap_Pages/VSP_Bootstrap/VSP_Debit/input_smsNumber'

2023-09-21 17:53:08 - [MESSAGE][PASSED] - Text '2.50' is set on object 'Object Repository/AdminSuiteBootstrap_Pages/VSP_Bootstrap/VSP_Debit/input_amount'

2023-09-21 17:53:09 - [MESSAGE][PASSED] - Text 'Delhi' is set on object 'Object Repository/AdminSuiteBootstrap_Pages/VSP_Bootstrap/VSP_Debit/input_userDefined1'

2023-09-21 17:53:09 - [MESSAGE][PASSED] - Text 'Chennai' is set on object 'Object Repository/AdminSuiteBootstrap_Pages/VSP_Bootstrap/VSP_Debit/input_userDefined2'

2023-09-21 17:53:10 - [MESSAGE][PASSED] - Text 'Mumbai' is set on object 'Object Repository/AdminSuiteBootstrap_Pages/VSP_Bootstrap/VSP_Debit/input_userDefined3'

2023-09-21 17:53:11 - [MESSAGE][PASSED] - Text 'Kanpur' is set on object 'Object Repository/AdminSuiteBootstrap_Pages/VSP_Bootstrap/VSP_Debit/input_userDefined4'

2023-09-21 17:53:11 - [MESSAGE][PASSED] - All options with label 'Orange' are selected in object 'Object Repository/AdminSuiteBootstrap_Pages/VSP_Bootstrap/VSP_Debit/select_UDF5'  using regular expression

2023-09-21 17:53:12 - [MESSAGE][PASSED] - All options with label 'Yellow' are selected in object 'Object Repository/AdminSuiteBootstrap_Pages/VSP_Bootstrap/VSP_Debit/select_UDF6'  using regular expression

2023-09-21 17:53:13 - [MESSAGE][PASSED] - Text 'Kolkata' is set on object 'Object Repository/AdminSuiteBootstrap_Pages/VSP_Bootstrap/VSP_Debit/input_userDefined7'

2023-09-21 17:53:14 - [MESSAGE][PASSED] - Text 'Pune' is set on object 'Object Repository/AdminSuiteBootstrap_Pages/VSP_Bootstrap/VSP_Debit/input_userDefined8'

2023-09-21 17:53:14 - [MESSAGE][PASSED] - Text 'Bhavnagar' is set on object 'Object Repository/AdminSuiteBootstrap_Pages/VSP_Bootstrap/VSP_Debit/input_userDefined9'

2023-09-21 17:53:15 - [MESSAGE][PASSED] - Text 'Noida' is set on object 'Object Repository/AdminSuiteBootstrap_Pages/VSP_Bootstrap/VSP_Debit/input_userDefined10'

2023-09-21 17:53:16 - [MESSAGE][PASSED] - Object: 'Object Repository/AdminSuiteBootstrap_Pages/VSP_Bootstrap/VSP_Debit/button_Submit' is clicked on

2023-09-21 17:53:16 - [MESSAGE][PASSED] - vspBootstrap.ACHDebitPage.setDataACHDebit is PASSED

2023-09-21 17:53:16 - [TEST_STEP][PASSED] - verifyTextPresent("Transaction Successful", true): Text 'Transaction Successful' is present on page  using regular expression

2023-09-21 17:53:16 - [MESSAGE][PASSED] - Text 'Transaction Successful' is present on page  using regular expression

2023-09-21 17:53:16 - [TEST_STEP][PASSED] - verifyElementVisible(findTestObject("Object Repository/AdminSuiteBootstrap_Pages/VT_Bootstrap/Receipt/button_Continue")): Object 'Object Repository/AdminSuiteBootstrap_Pages/VT_Bootstrap/Receipt/button_Continue' is visible

2023-09-21 17:53:17 - [MESSAGE][PASSED] - Object 'Object Repository/AdminSuiteBootstrap_Pages/VT_Bootstrap/Receipt/button_Continue' is visible

2023-09-21 17:53:17 - [TEST_STEP][PASSED] - verifyElementPresent(findTestObject("Object Repository/AdminSuiteBootstrap_Pages/VT_Bootstrap/Receipt/button_Continue"), 20): Object 'Object Repository/AdminSuiteBootstrap_Pages/VT_Bootstrap/Receipt/button_Continue' is present

2023-09-21 17:53:17 - [MESSAGE][PASSED] - Object 'Object Repository/AdminSuiteBootstrap_Pages/VT_Bootstrap/Receipt/button_Continue' is present

2023-09-21 17:53:17 - [TEST_STEP][PASSED] - verifyElementVisible(findTestObject("Object Repository/AdminSuiteBootstrap_Pages/VT_Bootstrap/Receipt/button_Print")): Object 'Object Repository/AdminSuiteBootstrap_Pages/VT_Bootstrap/Receipt/button_Print' is visible

2023-09-21 17:53:17 - [MESSAGE][PASSED] - Object 'Object Repository/AdminSuiteBootstrap_Pages/VT_Bootstrap/Receipt/button_Print' is visible

2023-09-21 17:53:17 - [TEST_STEP][PASSED] - verifyElementPresent(findTestObject("Object Repository/AdminSuiteBootstrap_Pages/VT_Bootstrap/Receipt/button_Print"), 20): Object 'Object Repository/AdminSuiteBootstrap_Pages/VT_Bootstrap/Receipt/button_Print' is present

2023-09-21 17:53:18 - [MESSAGE][PASSED] - Object 'Object Repository/AdminSuiteBootstrap_Pages/VT_Bootstrap/Receipt/button_Print' is present

2023-09-21 17:53:18 - [TEST_STEP][PASSED] - verifyTextPresent("Remittance ID", true): Text 'Remittance ID' is present on page  using regular expression

2023-09-21 17:53:18 - [MESSAGE][PASSED] - Text 'Remittance ID' is present on page  using regular expression

2023-09-21 17:53:18 - [TEST_STEP][PASSED] - verifyTextPresent("Received", true): Text 'Received' is present on page  using regular expression

2023-09-21 17:53:18 - [MESSAGE][PASSED] - Text 'Received' is present on page  using regular expression

2023-09-21 17:53:18 - [TEST_STEP][PASSED] - verifyTextPresent("UDF1", true): Text 'UDF1' is present on page  using regular expression

2023-09-21 17:53:19 - [MESSAGE][PASSED] - Text 'UDF1' is present on page  using regular expression

2023-09-21 17:53:19 - [TEST_STEP][PASSED] - verifyTextPresent("UDF2", true): Text 'UDF2' is present on page  using regular expression

2023-09-21 17:53:19 - [MESSAGE][PASSED] - Text 'UDF2' is present on page  using regular expression

2023-09-21 17:53:19 - [TEST_STEP][PASSED] - verifyTextPresent("UDF3", true): Text 'UDF3' is present on page  using regular expression

2023-09-21 17:53:19 - [MESSAGE][PASSED] - Text 'UDF3' is present on page  using regular expression

2023-09-21 17:53:19 - [TEST_STEP][PASSED] - verifyTextPresent("UDF4", true): Text 'UDF4' is present on page  using regular expression

2023-09-21 17:53:20 - [MESSAGE][PASSED] - Text 'UDF4' is present on page  using regular expression

2023-09-21 17:53:20 - [TEST_STEP][PASSED] - verifyTextPresent("UDF5", true): Text 'UDF5' is present on page  using regular expression

2023-09-21 17:53:20 - [MESSAGE][PASSED] - Text 'UDF5' is present on page  using regular expression

2023-09-21 17:53:20 - [TEST_STEP][PASSED] - verifyTextPresent("UDF6", true): Text 'UDF6' is present on page  using regular expression

2023-09-21 17:53:20 - [MESSAGE][PASSED] - Text 'UDF6' is present on page  using regular expression

2023-09-21 17:53:20 - [TEST_STEP][PASSED] - verifyTextPresent("UDF7", true): Text 'UDF7' is present on page  using regular expression

2023-09-21 17:53:20 - [MESSAGE][PASSED] - Text 'UDF7' is present on page  using regular expression

2023-09-21 17:53:20 - [TEST_STEP][PASSED] - verifyTextPresent("UDF8", true): Text 'UDF8' is present on page  using regular expression

2023-09-21 17:53:21 - [MESSAGE][PASSED] - Text 'UDF8' is present on page  using regular expression

2023-09-21 17:53:21 - [TEST_STEP][PASSED] - verifyTextPresent("UDF9", true): Text 'UDF9' is present on page  using regular expression

2023-09-21 17:53:21 - [MESSAGE][PASSED] - Text 'UDF9' is present on page  using regular expression

2023-09-21 17:53:21 - [TEST_STEP][PASSED] - verifyTextPresent("UDF 10", true): Text 'UDF 10' is present on page  using regular expression

2023-09-21 17:53:21 - [MESSAGE][PASSED] - Text 'UDF 10' is present on page  using regular expression

2023-09-21 17:53:21 - [TEST_STEP][PASSED] - verifyTextPresent("Delhi", true): Text 'Delhi' is present on page  using regular expression

2023-09-21 17:53:22 - [MESSAGE][PASSED] - Text 'Delhi' is present on page  using regular expression

2023-09-21 17:53:22 - [TEST_STEP][PASSED] - verifyTextPresent("Chennai", true): Text 'Chennai' is present on page  using regular expression

2023-09-21 17:53:22 - [MESSAGE][PASSED] - Text 'Chennai' is present on page  using regular expression

2023-09-21 17:53:22 - [TEST_STEP][PASSED] - verifyTextPresent("Mumbai", true): Text 'Mumbai' is present on page  using regular expression

2023-09-21 17:53:22 - [MESSAGE][PASSED] - Text 'Mumbai' is present on page  using regular expression

2023-09-21 17:53:22 - [TEST_STEP][PASSED] - verifyTextPresent("Kanpur", true): Text 'Kanpur' is present on page  using regular expression

2023-09-21 17:53:23 - [MESSAGE][PASSED] - Text 'Kanpur' is present on page  using regular expression

2023-09-21 17:53:23 - [TEST_STEP][PASSED] - verifyTextPresent("Orange Recorded", true): Text 'Orange Recorded' is present on page  using regular expression

2023-09-21 17:53:23 - [MESSAGE][PASSED] - Text 'Orange Recorded' is present on page  using regular expression

2023-09-21 17:53:23 - [TEST_STEP][PASSED] - verifyTextPresent("Yellow Recorded", true): Text 'Yellow Recorded' is present on page  using regular expression

2023-09-21 17:53:23 - [MESSAGE][PASSED] - Text 'Yellow Recorded' is present on page  using regular expression

2023-09-21 17:53:23 - [TEST_STEP][PASSED] - verifyTextPresent("Kolkata", true): Text 'Kolkata' is present on page  using regular expression

2023-09-21 17:53:23 - [MESSAGE][PASSED] - Text 'Kolkata' is present on page  using regular expression

2023-09-21 17:53:23 - [TEST_STEP][PASSED] - verifyTextPresent("Pune", true): Text 'Pune' is present on page  using regular expression

2023-09-21 17:53:24 - [MESSAGE][PASSED] - Text 'Pune' is present on page  using regular expression

2023-09-21 17:53:24 - [TEST_STEP][PASSED] - verifyTextPresent("Bhavnagar", true): Text 'Bhavnagar' is present on page  using regular expression

2023-09-21 17:53:24 - [MESSAGE][PASSED] - Text 'Bhavnagar' is present on page  using regular expression

2023-09-21 17:53:24 - [TEST_STEP][PASSED] - verifyTextPresent("Noida", true): Text 'Noida' is present on page  using regular expression

2023-09-21 17:53:24 - [MESSAGE][PASSED] - Text 'Noida' is present on page  using regular expression

2023-09-21 17:53:24 - [TEST_STEP][PASSED] - verifyTextPresent("Amount", true): Text 'Amount' is present on page  using regular expression

2023-09-21 17:53:25 - [MESSAGE][PASSED] - Text 'Amount' is present on page  using regular expression

2023-09-21 17:53:25 - [TEST_STEP][PASSED] - verifyTextPresent("2.50", true): Text '2.50' is present on page  using regular expression

2023-09-21 17:53:25 - [MESSAGE][PASSED] - Text '2.50' is present on page  using regular expression

2023-09-21 17:53:25 - [TEST_STEP][PASSED] - verifyTextPresent("Transaction Type", true): Text 'Transaction Type' is present on page  using regular expression

2023-09-21 17:53:25 - [MESSAGE][PASSED] - Text 'Transaction Type' is present on page  using regular expression

2023-09-21 17:53:25 - [TEST_STEP][PASSED] - verifyTextPresent("Debit", true): Text 'Debit' is present on page  using regular expression

2023-09-21 17:53:26 - [MESSAGE][PASSED] - Text 'Debit' is present on page  using regular expression

2023-09-21 17:53:26 - [TEST_STEP][PASSED] - verifyTextPresent("Check Information", true): Text 'Check Information' is present on page  using regular expression

2023-09-21 17:53:26 - [MESSAGE][PASSED] - Text 'Check Information' is present on page  using regular expression

2023-09-21 17:53:26 - [TEST_STEP][PASSED] - verifyTextPresent("Account Type", true): Text 'Account Type' is present on page  using regular expression

2023-09-21 17:53:26 - [MESSAGE][PASSED] - Text 'Account Type' is present on page  using regular expression

2023-09-21 17:53:26 - [TEST_STEP][PASSED] - verifyTextPresent("Account Number", true): Text 'Account Number' is present on page  using regular expression

2023-09-21 17:53:26 - [MESSAGE][PASSED] - Text 'Account Number' is present on page  using regular expression

2023-09-21 17:53:26 - [TEST_STEP][PASSED] - verifyTextPresent("Routing Number", true): Text 'Routing Number' is present on page  using regular expression

2023-09-21 17:53:27 - [MESSAGE][PASSED] - Text 'Routing Number' is present on page  using regular expression

2023-09-21 17:53:27 - [TEST_STEP][PASSED] - verifyTextPresent("Address Line 1", true): Text 'Address Line 1' is present on page  using regular expression

2023-09-21 17:53:27 - [MESSAGE][PASSED] - Text 'Address Line 1' is present on page  using regular expression

2023-09-21 17:53:27 - [TEST_STEP][PASSED] - verifyTextPresent("Address Line 2", true): Text 'Address Line 2' is present on page  using regular expression

2023-09-21 17:53:27 - [MESSAGE][PASSED] - Text 'Address Line 2' is present on page  using regular expression

2023-09-21 17:53:27 - [TEST_STEP][PASSED] - verifyTextPresent("Country", true): Text 'Country' is present on page  using regular expression

2023-09-21 17:53:28 - [MESSAGE][PASSED] - Text 'Country' is present on page  using regular expression

2023-09-21 17:53:28 - [TEST_STEP][PASSED] - verifyTextPresent("City", true): Text 'City' is present on page  using regular expression

2023-09-21 17:53:28 - [MESSAGE][PASSED] - Text 'City' is present on page  using regular expression

2023-09-21 17:53:28 - [TEST_STEP][PASSED] - verifyTextPresent("State", true): Text 'State' is present on page  using regular expression

2023-09-21 17:53:28 - [MESSAGE][PASSED] - Text 'State' is present on page  using regular expression

2023-09-21 17:53:28 - [TEST_STEP][PASSED] - verifyTextPresent("ZIP Code", true): Text 'ZIP Code' is present on page  using regular expression

2023-09-21 17:53:29 - [MESSAGE][PASSED] - Text 'ZIP Code' is present on page  using regular expression

2023-09-21 17:53:29 - [TEST_STEP][PASSED] - verifyTextPresent("248 PhoolKaante road", true): Text '248 PhoolKaante road' is present on page  using regular expression

2023-09-21 17:53:29 - [MESSAGE][PASSED] - Text '248 PhoolKaante road' is present on page  using regular expression

2023-09-21 17:53:29 - [TEST_STEP][PASSED] - verifyTextPresent("Suite 678", true): Text 'Suite 678' is present on page  using regular expression

2023-09-21 17:53:29 - [MESSAGE][PASSED] - Text 'Suite 678' is present on page  using regular expression

2023-09-21 17:53:29 - [TEST_STEP][PASSED] - verifyTextPresent("United States", true): Text 'United States' is present on page  using regular expression

2023-09-21 17:53:29 - [MESSAGE][PASSED] - Text 'United States' is present on page  using regular expression

2023-09-21 17:53:29 - [TEST_STEP][PASSED] - verifyTextPresent("ARLINGTON", true): Text 'ARLINGTON' is present on page  using regular expression

2023-09-21 17:53:30 - [MESSAGE][PASSED] - Text 'ARLINGTON' is present on page  using regular expression

2023-09-21 17:53:30 - [TEST_STEP][PASSED] - verifyTextPresent("Virginia", true): Text 'Virginia' is present on page  using regular expression

2023-09-21 17:53:30 - [MESSAGE][PASSED] - Text 'Virginia' is present on page  using regular expression

2023-09-21 17:53:30 - [TEST_STEP][PASSED] - verifyTextPresent("22201", true): Text '22201' is present on page  using regular expression

2023-09-21 17:53:30 - [MESSAGE][PASSED] - Text '22201' is present on page  using regular expression

2023-09-21 17:53:30 - [TEST_STEP][PASSED] - tranType = findTestData(dataFile).getValue("TranType", row): null

2023-09-21 17:53:30 - [TEST_STEP][PASSED] - last4V = findTestData(dataFile).getValue("Last4", row): null

2023-09-21 17:53:30 - [TEST_STEP][PASSED] - verifyTextPresent(tranType, true): Text 'Savings' is present on page  using regular expression

2023-09-21 17:53:31 - [MESSAGE][PASSED] - Text 'Savings' is present on page  using regular expression

2023-09-21 17:53:31 - [TEST_STEP][PASSED] - verifyTextPresent(last4V, true): Text '3333' is present on page  using regular expression

2023-09-21 17:53:31 - [MESSAGE][PASSED] - Text '3333' is present on page  using regular expression

2023-09-21 17:53:31 - [TEST_STEP][PASSED] - if (profNameLink.equalsIgnoreCase("a_PaymentsPC")): null

2023-09-21 17:53:31 - [TEST_STEP][PASSED] - if (profNameLink.equalsIgnoreCase("a_PaymentsPS")): Text 'TANDON RAVENA' is present on page  using regular expression

2023-09-21 17:53:31 - [TEST_STEP][PASSED] - verifyTextPresent("Name on Account", true): Text 'Name on Account' is present on page  using regular expression

2023-09-21 17:53:31 - [MESSAGE][PASSED] - Text 'Name on Account' is present on page  using regular expression

2023-09-21 17:53:31 - [TEST_STEP][PASSED] - verifyTextPresent("TANDON RAVENA", true): Text 'TANDON RAVENA' is present on page  using regular expression

2023-09-21 17:53:32 - [MESSAGE][PASSED] - Text 'TANDON RAVENA' is present on page  using regular expression

2023-09-21 17:53:32 - [TEST_STEP][PASSED] - if (profNameLink.equalsIgnoreCase("a_PaymentsCorp")): null

2023-09-21 17:53:32 - [TEST_STEP][PASSED] - switch (appName): null

2023-09-21 17:53:32 - [TEST_STEP][PASSED] - closeBrowser(): Browser is closed

2023-09-21 17:53:33 - [MESSAGE][PASSED] - Browser is closed

2023-09-21 17:53:33 - [TEST_STEP][PASSED] - ExecuteTC = findTestData(dataFile).getValue("Execute", row): null

2023-09-21 17:53:33 - [TEST_STEP][PASSED] - out.println("Value of Execute is : " + ExecuteTC): null

2023-09-21 17:53:33 - [TEST_STEP][PASSED] - switch (executionProfile): null

2023-09-21 17:53:33 - [TEST_STEP][PASSED] - case "QA2Profile":: null

2023-09-21 17:53:33 - [TEST_STEP][PASSED] - appName = findTestData(dataFile).getValue("AppNameQA", row): null

2023-09-21 17:53:33 - [TEST_STEP][PASSED] - appID = findTestData(dataFile).getValue("AppIDQA", row): null

2023-09-21 17:53:33 - [TEST_STEP][PASSED] - break: null

2023-09-21 17:53:33 - [TEST_STEP][PASSED] - if (ExecuteTC.equalsIgnoreCase("Y")): null

2023-09-21 17:53:33 - [TEST_STEP][PASSED] - out.println("Begin Record Number: " + row): null

2023-09-21 17:53:33 - [TEST_STEP][PASSED] - today = new java.util.Date(): null

2023-09-21 17:53:33 - [TEST_STEP][PASSED] - println(today): null

2023-09-21 17:53:33 - [TEST_STEP][PASSED] - datText = today: null

2023-09-21 17:53:33 - [TEST_STEP][PASSED] - adminSuiteBootstrap.loginFunctionality.login_AdminSuite(): adminSuiteBootstrap.loginFunctionality.login_AdminSuite is PASSED

2023-09-21 17:53:33 - [MESSAGE][INFO] - Starting 'Chrome' driver

2023-09-21 17:53:33 - [MESSAGE][INFO] - User set preference: ['acceptInsecureCerts', 'true']

2023-09-21 17:53:33 - [MESSAGE][INFO] - Action delay is set to 0 milliseconds

2023-09-21 17:53:35 - [MESSAGE][PASSED] - Browser is opened with url: 'https://qa2.velocitypayment.com/admin/imtiaz'

2023-09-21 17:53:35 - [MESSAGE][PASSED] - Current window maximized

2023-09-21 17:53:36 - [MESSAGE][PASSED] - Object 'Object Repository/Login_Page/Login_Username_Okta' is present

2023-09-21 17:53:37 - [MESSAGE][PASSED] - Text 'iahmed' is set on object 'Object Repository/Login_Page/Login_Username_Okta'

2023-09-21 17:53:37 - [MESSAGE][PASSED] - Text 'Hello1111111@' is set on object 'Object Repository/Login_Page/Login_Password_Okta'

2023-09-21 17:53:38 - [MESSAGE][PASSED] - Object: 'Object Repository/Login_Page/Login_Submit_Okta' is clicked on

2023-09-21 17:53:38 - [MESSAGE][PASSED] - adminSuiteBootstrap.loginFunctionality.login_AdminSuite is PASSED

2023-09-21 17:53:38 - [TEST_STEP][PASSED] - click(findTestObject(path_Dashboard + appName)): Object: 'Object Repository/AdminSuiteBootstrap_Pages/Dashboard_Bootstrap/a_Access AutoNoCFtp' is clicked on

2023-09-21 17:53:45 - [MESSAGE][PASSED] - Object: 'Object Repository/AdminSuiteBootstrap_Pages/Dashboard_Bootstrap/a_Access AutoNoCFtp' is clicked on

2023-09-21 17:53:45 - [TEST_STEP][PASSED] - click(findTestObject(path_VT + "a_Find Profile")): Object: 'Object Repository/AdminSuiteBootstrap_Pages/VT_Bootstrap/IssueTransactions/a_Find Profile' is clicked on

2023-09-21 17:53:45 - [MESSAGE][PASSED] - Object: 'Object Repository/AdminSuiteBootstrap_Pages/VT_Bootstrap/IssueTransactions/a_Find Profile' is clicked on

2023-09-21 17:53:45 - [TEST_STEP][PASSED] - criteria = <not implemented yet for class: org.codehaus.groovy.ast.expr.EmptyExpression>: null

2023-09-21 17:53:45 - [TEST_STEP][PASSED] - searchBy = <not implemented yet for class: org.codehaus.groovy.ast.expr.EmptyExpression>: null

2023-09-21 17:53:45 - [TEST_STEP][PASSED] - criteria = findTestData(dataFile).getValue("ProfileName", row): null

2023-09-21 17:53:46 - [TEST_STEP][PASSED] - path_SearchProfile = "Object Repository/AdminSuiteBootstrap_Pages/VSP_Bootstrap/SearchProfile/": null

2023-09-21 17:53:46 - [TEST_STEP][PASSED] - setText(findTestObject(path_SearchProfile + "input_Criteria"), criteria): Text 'PaymentsCorp' is set on object 'Object Repository/AdminSuiteBootstrap_Pages/VSP_Bootstrap/SearchProfile/input_Criteria'

2023-09-21 17:53:46 - [MESSAGE][PASSED] - Text 'PaymentsCorp' is set on object 'Object Repository/AdminSuiteBootstrap_Pages/VSP_Bootstrap/SearchProfile/input_Criteria'

2023-09-21 17:53:46 - [TEST_STEP][PASSED] - click(findTestObject(path_SearchProfile + "button_Search")): Object: 'Object Repository/AdminSuiteBootstrap_Pages/VSP_Bootstrap/SearchProfile/button_Search' is clicked on

2023-09-21 17:53:47 - [MESSAGE][PASSED] - Object: 'Object Repository/AdminSuiteBootstrap_Pages/VSP_Bootstrap/SearchProfile/button_Search' is clicked on

2023-09-21 17:53:47 - [TEST_STEP][PASSED] - profNameLink = findTestData(dataFile).getValue("ProfileNameLink", row): null

2023-09-21 17:53:47 - [TEST_STEP][PASSED] - click(findTestObject(path_ViewProfile + profNameLink)): Object: 'Object Repository/AdminSuiteBootstrap_Pages/VSP_Bootstrap/View Profile/a_PaymentsCorp' is clicked on

2023-09-21 17:53:48 - [MESSAGE][PASSED] - Object: 'Object Repository/AdminSuiteBootstrap_Pages/VSP_Bootstrap/View Profile/a_PaymentsCorp' is clicked on

2023-09-21 17:53:48 - [TEST_STEP][PASSED] - click(findTestObject(path_ViewProfile + "a_Debit")): Object: 'Object Repository/AdminSuiteBootstrap_Pages/VSP_Bootstrap/View Profile/a_Debit' is clicked on

2023-09-21 17:53:50 - [MESSAGE][PASSED] - Object: 'Object Repository/AdminSuiteBootstrap_Pages/VSP_Bootstrap/View Profile/a_Debit' is clicked on

2023-09-21 17:53:50 - [TEST_STEP][PASSED] - verifyTextPresent("Remittance ID", true): Text 'Remittance ID' is present on page  using regular expression

2023-09-21 17:53:50 - [MESSAGE][PASSED] - Text 'Remittance ID' is present on page  using regular expression

2023-09-21 17:53:50 - [TEST_STEP][PASSED] - vspBootstrap.ACHDebitPage.setDataACHDebit(row, dataFile): vspBootstrap.ACHDebitPage.setDataACHDebit is PASSED

2023-09-21 17:53:52 - [MESSAGE][PASSED] - All options with value 'CCD' are selected in object 'Object Repository/AdminSuiteBootstrap_Pages/VSP_Bootstrap/VSP_Debit/select_StdEntryClass'  using regular expression

2023-09-21 17:53:52 - [MESSAGE][PASSED] - Text '' is set on object 'Object Repository/AdminSuiteBootstrap_Pages/VSP_Bootstrap/VSP_Debit/input_smsNumber'

2023-09-21 17:53:53 - [MESSAGE][PASSED] - Text '2.50' is set on object 'Object Repository/AdminSuiteBootstrap_Pages/VSP_Bootstrap/VSP_Debit/input_amount'

2023-09-21 17:53:54 - [MESSAGE][PASSED] - Text '123456789' is set on object 'Object Repository/AdminSuiteBootstrap_Pages/VSP_Bootstrap/VSP_Debit/input_ein'

2023-09-21 17:53:54 - [MESSAGE][PASSED] - Text 'Delhi' is set on object 'Object Repository/AdminSuiteBootstrap_Pages/VSP_Bootstrap/VSP_Debit/input_userDefined1'

2023-09-21 17:53:55 - [MESSAGE][PASSED] - Text 'Chennai' is set on object 'Object Repository/AdminSuiteBootstrap_Pages/VSP_Bootstrap/VSP_Debit/input_userDefined2'

2023-09-21 17:53:55 - [MESSAGE][PASSED] - Text 'Mumbai' is set on object 'Object Repository/AdminSuiteBootstrap_Pages/VSP_Bootstrap/VSP_Debit/input_userDefined3'

2023-09-21 17:53:56 - [MESSAGE][PASSED] - Text 'Kanpur' is set on object 'Object Repository/AdminSuiteBootstrap_Pages/VSP_Bootstrap/VSP_Debit/input_userDefined4'

2023-09-21 17:53:57 - [MESSAGE][PASSED] - All options with label 'Orange' are selected in object 'Object Repository/AdminSuiteBootstrap_Pages/VSP_Bootstrap/VSP_Debit/select_UDF5'  using regular expression

2023-09-21 17:53:58 - [MESSAGE][PASSED] - All options with label 'Yellow' are selected in object 'Object Repository/AdminSuiteBootstrap_Pages/VSP_Bootstrap/VSP_Debit/select_UDF6'  using regular expression

2023-09-21 17:53:58 - [MESSAGE][PASSED] - Text 'Kolkata' is set on object 'Object Repository/AdminSuiteBootstrap_Pages/VSP_Bootstrap/VSP_Debit/input_userDefined7'

2023-09-21 17:53:59 - [MESSAGE][PASSED] - Text 'Pune' is set on object 'Object Repository/AdminSuiteBootstrap_Pages/VSP_Bootstrap/VSP_Debit/input_userDefined8'

2023-09-21 17:54:00 - [MESSAGE][PASSED] - Text 'Bhavnagar' is set on object 'Object Repository/AdminSuiteBootstrap_Pages/VSP_Bootstrap/VSP_Debit/input_userDefined9'

2023-09-21 17:54:00 - [MESSAGE][PASSED] - Text 'Noida' is set on object 'Object Repository/AdminSuiteBootstrap_Pages/VSP_Bootstrap/VSP_Debit/input_userDefined10'

2023-09-21 17:54:01 - [MESSAGE][PASSED] - Object: 'Object Repository/AdminSuiteBootstrap_Pages/VSP_Bootstrap/VSP_Debit/button_Submit' is clicked on

2023-09-21 17:54:01 - [MESSAGE][PASSED] - vspBootstrap.ACHDebitPage.setDataACHDebit is PASSED

2023-09-21 17:54:01 - [TEST_STEP][PASSED] - verifyTextPresent("Transaction Successful", true): Text 'Transaction Successful' is present on page  using regular expression

2023-09-21 17:54:02 - [MESSAGE][PASSED] - Text 'Transaction Successful' is present on page  using regular expression

2023-09-21 17:54:02 - [TEST_STEP][PASSED] - verifyElementVisible(findTestObject("Object Repository/AdminSuiteBootstrap_Pages/VT_Bootstrap/Receipt/button_Continue")): Object 'Object Repository/AdminSuiteBootstrap_Pages/VT_Bootstrap/Receipt/button_Continue' is visible

2023-09-21 17:54:02 - [MESSAGE][PASSED] - Object 'Object Repository/AdminSuiteBootstrap_Pages/VT_Bootstrap/Receipt/button_Continue' is visible

2023-09-21 17:54:02 - [TEST_STEP][PASSED] - verifyElementPresent(findTestObject("Object Repository/AdminSuiteBootstrap_Pages/VT_Bootstrap/Receipt/button_Continue"), 20): Object 'Object Repository/AdminSuiteBootstrap_Pages/VT_Bootstrap/Receipt/button_Continue' is present

2023-09-21 17:54:03 - [MESSAGE][PASSED] - Object 'Object Repository/AdminSuiteBootstrap_Pages/VT_Bootstrap/Receipt/button_Continue' is present

2023-09-21 17:54:03 - [TEST_STEP][PASSED] - verifyElementVisible(findTestObject("Object Repository/AdminSuiteBootstrap_Pages/VT_Bootstrap/Receipt/button_Print")): Object 'Object Repository/AdminSuiteBootstrap_Pages/VT_Bootstrap/Receipt/button_Print' is visible

2023-09-21 17:54:03 - [MESSAGE][PASSED] - Object 'Object Repository/AdminSuiteBootstrap_Pages/VT_Bootstrap/Receipt/button_Print' is visible

2023-09-21 17:54:03 - [TEST_STEP][PASSED] - verifyElementPresent(findTestObject("Object Repository/AdminSuiteBootstrap_Pages/VT_Bootstrap/Receipt/button_Print"), 20): Object 'Object Repository/AdminSuiteBootstrap_Pages/VT_Bootstrap/Receipt/button_Print' is present

2023-09-21 17:54:03 - [MESSAGE][PASSED] - Object 'Object Repository/AdminSuiteBootstrap_Pages/VT_Bootstrap/Receipt/button_Print' is present

2023-09-21 17:54:03 - [TEST_STEP][PASSED] - verifyTextPresent("Remittance ID", true): Text 'Remittance ID' is present on page  using regular expression

2023-09-21 17:54:04 - [MESSAGE][PASSED] - Text 'Remittance ID' is present on page  using regular expression

2023-09-21 17:54:04 - [TEST_STEP][PASSED] - verifyTextPresent("Received", true): Text 'Received' is present on page  using regular expression

2023-09-21 17:54:04 - [MESSAGE][PASSED] - Text 'Received' is present on page  using regular expression

2023-09-21 17:54:04 - [TEST_STEP][PASSED] - verifyTextPresent("UDF1", true): Text 'UDF1' is present on page  using regular expression

2023-09-21 17:54:04 - [MESSAGE][PASSED] - Text 'UDF1' is present on page  using regular expression

2023-09-21 17:54:04 - [TEST_STEP][PASSED] - verifyTextPresent("UDF2", true): Text 'UDF2' is present on page  using regular expression

2023-09-21 17:54:04 - [MESSAGE][PASSED] - Text 'UDF2' is present on page  using regular expression

2023-09-21 17:54:04 - [TEST_STEP][PASSED] - verifyTextPresent("UDF3", true): Text 'UDF3' is present on page  using regular expression

2023-09-21 17:54:05 - [MESSAGE][PASSED] - Text 'UDF3' is present on page  using regular expression

2023-09-21 17:54:05 - [TEST_STEP][PASSED] - verifyTextPresent("UDF4", true): Text 'UDF4' is present on page  using regular expression

2023-09-21 17:54:05 - [MESSAGE][PASSED] - Text 'UDF4' is present on page  using regular expression

2023-09-21 17:54:05 - [TEST_STEP][PASSED] - verifyTextPresent("UDF5", true): Text 'UDF5' is present on page  using regular expression

2023-09-21 17:54:05 - [MESSAGE][PASSED] - Text 'UDF5' is present on page  using regular expression

2023-09-21 17:54:05 - [TEST_STEP][PASSED] - verifyTextPresent("UDF6", true): Text 'UDF6' is present on page  using regular expression

2023-09-21 17:54:06 - [MESSAGE][PASSED] - Text 'UDF6' is present on page  using regular expression

2023-09-21 17:54:06 - [TEST_STEP][PASSED] - verifyTextPresent("UDF7", true): Text 'UDF7' is present on page  using regular expression

2023-09-21 17:54:06 - [MESSAGE][PASSED] - Text 'UDF7' is present on page  using regular expression

2023-09-21 17:54:06 - [TEST_STEP][PASSED] - verifyTextPresent("UDF8", true): Text 'UDF8' is present on page  using regular expression

2023-09-21 17:54:06 - [MESSAGE][PASSED] - Text 'UDF8' is present on page  using regular expression

2023-09-21 17:54:06 - [TEST_STEP][PASSED] - verifyTextPresent("UDF9", true): Text 'UDF9' is present on page  using regular expression

2023-09-21 17:54:07 - [MESSAGE][PASSED] - Text 'UDF9' is present on page  using regular expression

2023-09-21 17:54:07 - [TEST_STEP][PASSED] - verifyTextPresent("UDF 10", true): Text 'UDF 10' is present on page  using regular expression

2023-09-21 17:54:07 - [MESSAGE][PASSED] - Text 'UDF 10' is present on page  using regular expression

2023-09-21 17:54:07 - [TEST_STEP][PASSED] - verifyTextPresent("Delhi", true): Text 'Delhi' is present on page  using regular expression

2023-09-21 17:54:07 - [MESSAGE][PASSED] - Text 'Delhi' is present on page  using regular expression

2023-09-21 17:54:07 - [TEST_STEP][PASSED] - verifyTextPresent("Chennai", true): Text 'Chennai' is present on page  using regular expression

2023-09-21 17:54:07 - [MESSAGE][PASSED] - Text 'Chennai' is present on page  using regular expression

2023-09-21 17:54:07 - [TEST_STEP][PASSED] - verifyTextPresent("Mumbai", true): Text 'Mumbai' is present on page  using regular expression

2023-09-21 17:54:08 - [MESSAGE][PASSED] - Text 'Mumbai' is present on page  using regular expression

2023-09-21 17:54:08 - [TEST_STEP][PASSED] - verifyTextPresent("Kanpur", true): Text 'Kanpur' is present on page  using regular expression

2023-09-21 17:54:08 - [MESSAGE][PASSED] - Text 'Kanpur' is present on page  using regular expression

2023-09-21 17:54:08 - [TEST_STEP][PASSED] - verifyTextPresent("Orange Recorded", true): Text 'Orange Recorded' is present on page  using regular expression

2023-09-21 17:54:08 - [MESSAGE][PASSED] - Text 'Orange Recorded' is present on page  using regular expression

2023-09-21 17:54:08 - [TEST_STEP][PASSED] - verifyTextPresent("Yellow Recorded", true): Text 'Yellow Recorded' is present on page  using regular expression

2023-09-21 17:54:09 - [MESSAGE][PASSED] - Text 'Yellow Recorded' is present on page  using regular expression

2023-09-21 17:54:09 - [TEST_STEP][PASSED] - verifyTextPresent("Kolkata", true): Text 'Kolkata' is present on page  using regular expression

2023-09-21 17:54:09 - [MESSAGE][PASSED] - Text 'Kolkata' is present on page  using regular expression

2023-09-21 17:54:09 - [TEST_STEP][PASSED] - verifyTextPresent("Pune", true): Text 'Pune' is present on page  using regular expression

2023-09-21 17:54:09 - [MESSAGE][PASSED] - Text 'Pune' is present on page  using regular expression

2023-09-21 17:54:09 - [TEST_STEP][PASSED] - verifyTextPresent("Bhavnagar", true): Text 'Bhavnagar' is present on page  using regular expression

2023-09-21 17:54:10 - [MESSAGE][PASSED] - Text 'Bhavnagar' is present on page  using regular expression

2023-09-21 17:54:10 - [TEST_STEP][PASSED] - verifyTextPresent("Noida", true): Text 'Noida' is present on page  using regular expression

2023-09-21 17:54:10 - [MESSAGE][PASSED] - Text 'Noida' is present on page  using regular expression

2023-09-21 17:54:10 - [TEST_STEP][PASSED] - verifyTextPresent("Amount", true): Text 'Amount' is present on page  using regular expression

2023-09-21 17:54:10 - [MESSAGE][PASSED] - Text 'Amount' is present on page  using regular expression

2023-09-21 17:54:10 - [TEST_STEP][PASSED] - verifyTextPresent("2.50", true): Text '2.50' is present on page  using regular expression

2023-09-21 17:54:10 - [MESSAGE][PASSED] - Text '2.50' is present on page  using regular expression

2023-09-21 17:54:10 - [TEST_STEP][PASSED] - verifyTextPresent("Transaction Type", true): Text 'Transaction Type' is present on page  using regular expression

2023-09-21 17:54:11 - [MESSAGE][PASSED] - Text 'Transaction Type' is present on page  using regular expression

2023-09-21 17:54:11 - [TEST_STEP][PASSED] - verifyTextPresent("Debit", true): Text 'Debit' is present on page  using regular expression

2023-09-21 17:54:11 - [MESSAGE][PASSED] - Text 'Debit' is present on page  using regular expression

2023-09-21 17:54:11 - [TEST_STEP][PASSED] - verifyTextPresent("Check Information", true): Text 'Check Information' is present on page  using regular expression

2023-09-21 17:54:11 - [MESSAGE][PASSED] - Text 'Check Information' is present on page  using regular expression

2023-09-21 17:54:11 - [TEST_STEP][PASSED] - verifyTextPresent("Account Type", true): Text 'Account Type' is present on page  using regular expression

2023-09-21 17:54:12 - [MESSAGE][PASSED] - Text 'Account Type' is present on page  using regular expression

2023-09-21 17:54:12 - [TEST_STEP][PASSED] - verifyTextPresent("Account Number", true): Text 'Account Number' is present on page  using regular expression

2023-09-21 17:54:12 - [MESSAGE][PASSED] - Text 'Account Number' is present on page  using regular expression

2023-09-21 17:54:12 - [TEST_STEP][PASSED] - verifyTextPresent("Routing Number", true): Text 'Routing Number' is present on page  using regular expression

2023-09-21 17:54:12 - [MESSAGE][PASSED] - Text 'Routing Number' is present on page  using regular expression

2023-09-21 17:54:12 - [TEST_STEP][PASSED] - verifyTextPresent("Address Line 1", true): Text 'Address Line 1' is present on page  using regular expression

2023-09-21 17:54:13 - [MESSAGE][PASSED] - Text 'Address Line 1' is present on page  using regular expression

2023-09-21 17:54:13 - [TEST_STEP][PASSED] - verifyTextPresent("Address Line 2", true): Text 'Address Line 2' is present on page  using regular expression

2023-09-21 17:54:13 - [MESSAGE][PASSED] - Text 'Address Line 2' is present on page  using regular expression

2023-09-21 17:54:13 - [TEST_STEP][PASSED] - verifyTextPresent("Country", true): Text 'Country' is present on page  using regular expression

2023-09-21 17:54:13 - [MESSAGE][PASSED] - Text 'Country' is present on page  using regular expression

2023-09-21 17:54:13 - [TEST_STEP][PASSED] - verifyTextPresent("City", true): Text 'City' is present on page  using regular expression

2023-09-21 17:54:13 - [MESSAGE][PASSED] - Text 'City' is present on page  using regular expression

2023-09-21 17:54:13 - [TEST_STEP][PASSED] - verifyTextPresent("State", true): Text 'State' is present on page  using regular expression

2023-09-21 17:54:14 - [MESSAGE][PASSED] - Text 'State' is present on page  using regular expression

2023-09-21 17:54:14 - [TEST_STEP][PASSED] - verifyTextPresent("ZIP Code", true): Text 'ZIP Code' is present on page  using regular expression

2023-09-21 17:54:14 - [MESSAGE][PASSED] - Text 'ZIP Code' is present on page  using regular expression

2023-09-21 17:54:14 - [TEST_STEP][PASSED] - verifyTextPresent("248 PhoolKaante road", true): Text '248 PhoolKaante road' is present on page  using regular expression

2023-09-21 17:54:14 - [MESSAGE][PASSED] - Text '248 PhoolKaante road' is present on page  using regular expression

2023-09-21 17:54:14 - [TEST_STEP][PASSED] - verifyTextPresent("Suite 678", true): Text 'Suite 678' is present on page  using regular expression

2023-09-21 17:54:15 - [MESSAGE][PASSED] - Text 'Suite 678' is present on page  using regular expression

2023-09-21 17:54:15 - [TEST_STEP][PASSED] - verifyTextPresent("United States", true): Text 'United States' is present on page  using regular expression

2023-09-21 17:54:15 - [MESSAGE][PASSED] - Text 'United States' is present on page  using regular expression

2023-09-21 17:54:15 - [TEST_STEP][PASSED] - verifyTextPresent("ARLINGTON", true): Text 'ARLINGTON' is present on page  using regular expression

2023-09-21 17:54:15 - [MESSAGE][PASSED] - Text 'ARLINGTON' is present on page  using regular expression

2023-09-21 17:54:15 - [TEST_STEP][PASSED] - verifyTextPresent("Virginia", true): Text 'Virginia' is present on page  using regular expression

2023-09-21 17:54:16 - [MESSAGE][PASSED] - Text 'Virginia' is present on page  using regular expression

2023-09-21 17:54:16 - [TEST_STEP][PASSED] - verifyTextPresent("22201", true): Text '22201' is present on page  using regular expression

2023-09-21 17:54:16 - [MESSAGE][PASSED] - Text '22201' is present on page  using regular expression

2023-09-21 17:54:16 - [TEST_STEP][PASSED] - tranType = findTestData(dataFile).getValue("TranType", row): null

2023-09-21 17:54:16 - [TEST_STEP][PASSED] - last4V = findTestData(dataFile).getValue("Last4", row): null

2023-09-21 17:54:16 - [TEST_STEP][PASSED] - verifyTextPresent(tranType, true): Text 'Checking' is present on page  using regular expression

2023-09-21 17:54:16 - [MESSAGE][PASSED] - Text 'Checking' is present on page  using regular expression

2023-09-21 17:54:16 - [TEST_STEP][PASSED] - verifyTextPresent(last4V, true): Text '4444' is present on page  using regular expression

2023-09-21 17:54:17 - [MESSAGE][PASSED] - Text '4444' is present on page  using regular expression

2023-09-21 17:54:17 - [TEST_STEP][PASSED] - if (profNameLink.equalsIgnoreCase("a_PaymentsPC")): null

2023-09-21 17:54:17 - [TEST_STEP][PASSED] - if (profNameLink.equalsIgnoreCase("a_PaymentsPS")): null

2023-09-21 17:54:17 - [TEST_STEP][PASSED] - if (profNameLink.equalsIgnoreCase("a_PaymentsCorp")): Text '123456789' is present on page  using regular expression

2023-09-21 17:54:17 - [TEST_STEP][PASSED] - verifyTextPresent("Employer Identification Number", true): Text 'Employer Identification Number' is present on page  using regular expression

2023-09-21 17:54:17 - [MESSAGE][PASSED] - Text 'Employer Identification Number' is present on page  using regular expression

2023-09-21 17:54:17 - [TEST_STEP][PASSED] - verifyTextPresent("EIN", true): Text 'EIN' is present on page  using regular expression

2023-09-21 17:54:17 - [MESSAGE][PASSED] - Text 'EIN' is present on page  using regular expression

2023-09-21 17:54:17 - [TEST_STEP][PASSED] - verifyTextPresent("123456789", true): Text '123456789' is present on page  using regular expression

2023-09-21 17:54:17 - [MESSAGE][PASSED] - Text '123456789' is present on page  using regular expression

2023-09-21 17:54:17 - [TEST_STEP][PASSED] - switch (appName): null

2023-09-21 17:54:17 - [TEST_STEP][PASSED] - closeBrowser(): Browser is closed

2023-09-21 17:54:18 - [MESSAGE][PASSED] - Browser is closed

2023-09-21 17:54:18 - [TEST_STEP][PASSED] - ExecuteTC = findTestData(dataFile).getValue("Execute", row): null

2023-09-21 17:54:18 - [TEST_STEP][PASSED] - out.println("Value of Execute is : " + ExecuteTC): null

2023-09-21 17:54:18 - [TEST_STEP][PASSED] - switch (executionProfile): null

2023-09-21 17:54:18 - [TEST_STEP][PASSED] - case "QA2Profile":: null

2023-09-21 17:54:18 - [TEST_STEP][PASSED] - appName = findTestData(dataFile).getValue("AppNameQA", row): null

2023-09-21 17:54:18 - [TEST_STEP][PASSED] - appID = findTestData(dataFile).getValue("AppIDQA", row): null

2023-09-21 17:54:18 - [TEST_STEP][PASSED] - break: null

2023-09-21 17:54:18 - [TEST_STEP][PASSED] - if (ExecuteTC.equalsIgnoreCase("Y")): null

2023-09-21 17:54:18 - [TEST_STEP][PASSED] - out.println("Begin Record Number: " + row): null

2023-09-21 17:54:18 - [TEST_STEP][PASSED] - today = new java.util.Date(): null

2023-09-21 17:54:18 - [TEST_STEP][PASSED] - println(today): null

2023-09-21 17:54:18 - [TEST_STEP][PASSED] - datText = today: null

2023-09-21 17:54:18 - [TEST_STEP][PASSED] - adminSuiteBootstrap.loginFunctionality.login_AdminSuite(): adminSuiteBootstrap.loginFunctionality.login_AdminSuite is PASSED

2023-09-21 17:54:18 - [MESSAGE][INFO] - Starting 'Chrome' driver

2023-09-21 17:54:18 - [MESSAGE][INFO] - User set preference: ['acceptInsecureCerts', 'true']

2023-09-21 17:54:18 - [MESSAGE][INFO] - Action delay is set to 0 milliseconds

2023-09-21 17:54:21 - [MESSAGE][PASSED] - Browser is opened with url: 'https://qa2.velocitypayment.com/admin/imtiaz'

2023-09-21 17:54:21 - [MESSAGE][PASSED] - Current window maximized

2023-09-21 17:54:22 - [MESSAGE][PASSED] - Object 'Object Repository/Login_Page/Login_Username_Okta' is present

2023-09-21 17:54:22 - [MESSAGE][PASSED] - Text 'iahmed' is set on object 'Object Repository/Login_Page/Login_Username_Okta'

2023-09-21 17:54:23 - [MESSAGE][PASSED] - Text 'Hello1111111@' is set on object 'Object Repository/Login_Page/Login_Password_Okta'

2023-09-21 17:54:24 - [MESSAGE][PASSED] - Object: 'Object Repository/Login_Page/Login_Submit_Okta' is clicked on

2023-09-21 17:54:24 - [MESSAGE][PASSED] - adminSuiteBootstrap.loginFunctionality.login_AdminSuite is PASSED

2023-09-21 17:54:24 - [TEST_STEP][PASSED] - click(findTestObject(path_Dashboard + appName)): Object: 'Object Repository/AdminSuiteBootstrap_Pages/Dashboard_Bootstrap/a_Access AutoSingleCFtpQA' is clicked on

2023-09-21 17:54:32 - [MESSAGE][PASSED] - Object: 'Object Repository/AdminSuiteBootstrap_Pages/Dashboard_Bootstrap/a_Access AutoSingleCFtpQA' is clicked on

2023-09-21 17:54:32 - [TEST_STEP][PASSED] - click(findTestObject(path_VT + "a_Find Profile")): Object: 'Object Repository/AdminSuiteBootstrap_Pages/VT_Bootstrap/IssueTransactions/a_Find Profile' is clicked on

2023-09-21 17:54:32 - [MESSAGE][PASSED] - Object: 'Object Repository/AdminSuiteBootstrap_Pages/VT_Bootstrap/IssueTransactions/a_Find Profile' is clicked on

2023-09-21 17:54:32 - [TEST_STEP][PASSED] - criteria = <not implemented yet for class: org.codehaus.groovy.ast.expr.EmptyExpression>: null

2023-09-21 17:54:32 - [TEST_STEP][PASSED] - searchBy = <not implemented yet for class: org.codehaus.groovy.ast.expr.EmptyExpression>: null

2023-09-21 17:54:32 - [TEST_STEP][PASSED] - criteria = findTestData(dataFile).getValue("ProfileName", row): null

2023-09-21 17:54:32 - [TEST_STEP][PASSED] - path_SearchProfile = "Object Repository/AdminSuiteBootstrap_Pages/VSP_Bootstrap/SearchProfile/": null

2023-09-21 17:54:32 - [TEST_STEP][PASSED] - setText(findTestObject(path_SearchProfile + "input_Criteria"), criteria): Text 'PaymentsPC' is set on object 'Object Repository/AdminSuiteBootstrap_Pages/VSP_Bootstrap/SearchProfile/input_Criteria'

2023-09-21 17:54:33 - [MESSAGE][PASSED] - Text 'PaymentsPC' is set on object 'Object Repository/AdminSuiteBootstrap_Pages/VSP_Bootstrap/SearchProfile/input_Criteria'

2023-09-21 17:54:33 - [TEST_STEP][PASSED] - click(findTestObject(path_SearchProfile + "button_Search")): Object: 'Object Repository/AdminSuiteBootstrap_Pages/VSP_Bootstrap/SearchProfile/button_Search' is clicked on

2023-09-21 17:54:34 - [MESSAGE][PASSED] - Object: 'Object Repository/AdminSuiteBootstrap_Pages/VSP_Bootstrap/SearchProfile/button_Search' is clicked on

2023-09-21 17:54:34 - [TEST_STEP][PASSED] - profNameLink = findTestData(dataFile).getValue("ProfileNameLink", row): null

2023-09-21 17:54:34 - [TEST_STEP][PASSED] - click(findTestObject(path_ViewProfile + profNameLink)): Object: 'Object Repository/AdminSuiteBootstrap_Pages/VSP_Bootstrap/View Profile/a_PaymentsPC' is clicked on

2023-09-21 17:54:35 - [MESSAGE][PASSED] - Object: 'Object Repository/AdminSuiteBootstrap_Pages/VSP_Bootstrap/View Profile/a_PaymentsPC' is clicked on

2023-09-21 17:54:35 - [TEST_STEP][PASSED] - click(findTestObject(path_ViewProfile + "a_Debit")): Object: 'Object Repository/AdminSuiteBootstrap_Pages/VSP_Bootstrap/View Profile/a_Debit' is clicked on

2023-09-21 17:54:36 - [MESSAGE][PASSED] - Object: 'Object Repository/AdminSuiteBootstrap_Pages/VSP_Bootstrap/View Profile/a_Debit' is clicked on

2023-09-21 17:54:36 - [TEST_STEP][PASSED] - verifyTextPresent("Remittance ID", true): Text 'Remittance ID' is present on page  using regular expression

2023-09-21 17:54:37 - [MESSAGE][PASSED] - Text 'Remittance ID' is present on page  using regular expression

2023-09-21 17:54:37 - [TEST_STEP][PASSED] - vspBootstrap.ACHDebitPage.setDataACHDebit(row, dataFile): vspBootstrap.ACHDebitPage.setDataACHDebit is PASSED

2023-09-21 17:54:39 - [MESSAGE][PASSED] - All options with value 'PPD' are selected in object 'Object Repository/AdminSuiteBootstrap_Pages/VSP_Bootstrap/VSP_Debit/select_StdEntryClass'  using regular expression

2023-09-21 17:54:39 - [MESSAGE][PASSED] - Text '' is set on object 'Object Repository/AdminSuiteBootstrap_Pages/VSP_Bootstrap/VSP_Debit/input_smsNumber'

2023-09-21 17:54:40 - [MESSAGE][PASSED] - Text '2.50' is set on object 'Object Repository/AdminSuiteBootstrap_Pages/VSP_Bootstrap/VSP_Debit/input_amount'

2023-09-21 17:54:41 - [MESSAGE][PASSED] - Text 'Delhi' is set on object 'Object Repository/AdminSuiteBootstrap_Pages/VSP_Bootstrap/VSP_Debit/input_userDefined1'

2023-09-21 17:54:41 - [MESSAGE][PASSED] - Text 'Chennai' is set on object 'Object Repository/AdminSuiteBootstrap_Pages/VSP_Bootstrap/VSP_Debit/input_userDefined2'

2023-09-21 17:54:42 - [MESSAGE][PASSED] - Text 'Mumbai' is set on object 'Object Repository/AdminSuiteBootstrap_Pages/VSP_Bootstrap/VSP_Debit/input_userDefined3'

2023-09-21 17:54:43 - [MESSAGE][PASSED] - Text 'Kanpur' is set on object 'Object Repository/AdminSuiteBootstrap_Pages/VSP_Bootstrap/VSP_Debit/input_userDefined4'

2023-09-21 17:54:44 - [MESSAGE][PASSED] - All options with label 'Orange' are selected in object 'Object Repository/AdminSuiteBootstrap_Pages/VSP_Bootstrap/VSP_Debit/select_UDF5'  using regular expression

2023-09-21 17:54:44 - [MESSAGE][PASSED] - All options with label 'Yellow' are selected in object 'Object Repository/AdminSuiteBootstrap_Pages/VSP_Bootstrap/VSP_Debit/select_UDF6'  using regular expression

2023-09-21 17:54:45 - [MESSAGE][PASSED] - Text 'Kolkata' is set on object 'Object Repository/AdminSuiteBootstrap_Pages/VSP_Bootstrap/VSP_Debit/input_userDefined7'

2023-09-21 17:54:46 - [MESSAGE][PASSED] - Text 'Pune' is set on object 'Object Repository/AdminSuiteBootstrap_Pages/VSP_Bootstrap/VSP_Debit/input_userDefined8'

2023-09-21 17:54:46 - [MESSAGE][PASSED] - Text 'Bhavnagar' is set on object 'Object Repository/AdminSuiteBootstrap_Pages/VSP_Bootstrap/VSP_Debit/input_userDefined9'

2023-09-21 17:54:47 - [MESSAGE][PASSED] - Text 'Noida' is set on object 'Object Repository/AdminSuiteBootstrap_Pages/VSP_Bootstrap/VSP_Debit/input_userDefined10'

2023-09-21 17:54:48 - [MESSAGE][PASSED] - Object: 'Object Repository/AdminSuiteBootstrap_Pages/VSP_Bootstrap/VSP_Debit/button_Submit' is clicked on

2023-09-21 17:54:48 - [MESSAGE][PASSED] - vspBootstrap.ACHDebitPage.setDataACHDebit is PASSED

2023-09-21 17:54:48 - [TEST_STEP][PASSED] - verifyTextPresent("Transaction Successful", true): Text 'Transaction Successful' is present on page  using regular expression

2023-09-21 17:54:49 - [MESSAGE][PASSED] - Text 'Transaction Successful' is present on page  using regular expression

2023-09-21 17:54:49 - [TEST_STEP][PASSED] - verifyElementVisible(findTestObject("Object Repository/AdminSuiteBootstrap_Pages/VT_Bootstrap/Receipt/button_Continue")): Object 'Object Repository/AdminSuiteBootstrap_Pages/VT_Bootstrap/Receipt/button_Continue' is visible

2023-09-21 17:54:49 - [MESSAGE][PASSED] - Object 'Object Repository/AdminSuiteBootstrap_Pages/VT_Bootstrap/Receipt/button_Continue' is visible

2023-09-21 17:54:49 - [TEST_STEP][PASSED] - verifyElementPresent(findTestObject("Object Repository/AdminSuiteBootstrap_Pages/VT_Bootstrap/Receipt/button_Continue"), 20): Object 'Object Repository/AdminSuiteBootstrap_Pages/VT_Bootstrap/Receipt/button_Continue' is present

2023-09-21 17:54:49 - [MESSAGE][PASSED] - Object 'Object Repository/AdminSuiteBootstrap_Pages/VT_Bootstrap/Receipt/button_Continue' is present

2023-09-21 17:54:49 - [TEST_STEP][PASSED] - verifyElementVisible(findTestObject("Object Repository/AdminSuiteBootstrap_Pages/VT_Bootstrap/Receipt/button_Print")): Object 'Object Repository/AdminSuiteBootstrap_Pages/VT_Bootstrap/Receipt/button_Print' is visible

2023-09-21 17:54:50 - [MESSAGE][PASSED] - Object 'Object Repository/AdminSuiteBootstrap_Pages/VT_Bootstrap/Receipt/button_Print' is visible

2023-09-21 17:54:50 - [TEST_STEP][PASSED] - verifyElementPresent(findTestObject("Object Repository/AdminSuiteBootstrap_Pages/VT_Bootstrap/Receipt/button_Print"), 20): Object 'Object Repository/AdminSuiteBootstrap_Pages/VT_Bootstrap/Receipt/button_Print' is present

2023-09-21 17:54:50 - [MESSAGE][PASSED] - Object 'Object Repository/AdminSuiteBootstrap_Pages/VT_Bootstrap/Receipt/button_Print' is present

2023-09-21 17:54:50 - [TEST_STEP][PASSED] - verifyTextPresent("Remittance ID", true): Text 'Remittance ID' is present on page  using regular expression

2023-09-21 17:54:50 - [MESSAGE][PASSED] - Text 'Remittance ID' is present on page  using regular expression

2023-09-21 17:54:50 - [TEST_STEP][PASSED] - verifyTextPresent("Received", true): Text 'Received' is present on page  using regular expression

2023-09-21 17:54:50 - [MESSAGE][PASSED] - Text 'Received' is present on page  using regular expression

2023-09-21 17:54:50 - [TEST_STEP][PASSED] - verifyTextPresent("UDF1", true): Text 'UDF1' is present on page  using regular expression

2023-09-21 17:54:51 - [MESSAGE][PASSED] - Text 'UDF1' is present on page  using regular expression

2023-09-21 17:54:51 - [TEST_STEP][PASSED] - verifyTextPresent("UDF2", true): Text 'UDF2' is present on page  using regular expression

2023-09-21 17:54:51 - [MESSAGE][PASSED] - Text 'UDF2' is present on page  using regular expression

2023-09-21 17:54:51 - [TEST_STEP][PASSED] - verifyTextPresent("UDF3", true): Text 'UDF3' is present on page  using regular expression

2023-09-21 17:54:51 - [MESSAGE][PASSED] - Text 'UDF3' is present on page  using regular expression

2023-09-21 17:54:51 - [TEST_STEP][PASSED] - verifyTextPresent("UDF4", true): Text 'UDF4' is present on page  using regular expression

2023-09-21 17:54:52 - [MESSAGE][PASSED] - Text 'UDF4' is present on page  using regular expression

2023-09-21 17:54:52 - [TEST_STEP][PASSED] - verifyTextPresent("UDF5", true): Text 'UDF5' is present on page  using regular expression

2023-09-21 17:54:52 - [MESSAGE][PASSED] - Text 'UDF5' is present on page  using regular expression

2023-09-21 17:54:52 - [TEST_STEP][PASSED] - verifyTextPresent("UDF6", true): Text 'UDF6' is present on page  using regular expression

2023-09-21 17:54:52 - [MESSAGE][PASSED] - Text 'UDF6' is present on page  using regular expression

2023-09-21 17:54:52 - [TEST_STEP][PASSED] - verifyTextPresent("UDF7", true): Text 'UDF7' is present on page  using regular expression

2023-09-21 17:54:53 - [MESSAGE][PASSED] - Text 'UDF7' is present on page  using regular expression

2023-09-21 17:54:53 - [TEST_STEP][PASSED] - verifyTextPresent("UDF8", true): Text 'UDF8' is present on page  using regular expression

2023-09-21 17:54:53 - [MESSAGE][PASSED] - Text 'UDF8' is present on page  using regular expression

2023-09-21 17:54:53 - [TEST_STEP][PASSED] - verifyTextPresent("UDF9", true): Text 'UDF9' is present on page  using regular expression

2023-09-21 17:54:53 - [MESSAGE][PASSED] - Text 'UDF9' is present on page  using regular expression

2023-09-21 17:54:53 - [TEST_STEP][PASSED] - verifyTextPresent("UDF 10", true): Text 'UDF 10' is present on page  using regular expression

2023-09-21 17:54:53 - [MESSAGE][PASSED] - Text 'UDF 10' is present on page  using regular expression

2023-09-21 17:54:53 - [TEST_STEP][PASSED] - verifyTextPresent("Delhi", true): Text 'Delhi' is present on page  using regular expression

2023-09-21 17:54:54 - [MESSAGE][PASSED] - Text 'Delhi' is present on page  using regular expression

2023-09-21 17:54:54 - [TEST_STEP][PASSED] - verifyTextPresent("Chennai", true): Text 'Chennai' is present on page  using regular expression

2023-09-21 17:54:54 - [MESSAGE][PASSED] - Text 'Chennai' is present on page  using regular expression

2023-09-21 17:54:54 - [TEST_STEP][PASSED] - verifyTextPresent("Mumbai", true): Text 'Mumbai' is present on page  using regular expression

2023-09-21 17:54:54 - [MESSAGE][PASSED] - Text 'Mumbai' is present on page  using regular expression

2023-09-21 17:54:54 - [TEST_STEP][PASSED] - verifyTextPresent("Kanpur", true): Text 'Kanpur' is present on page  using regular expression

2023-09-21 17:54:55 - [MESSAGE][PASSED] - Text 'Kanpur' is present on page  using regular expression

2023-09-21 17:54:55 - [TEST_STEP][PASSED] - verifyTextPresent("Orange Recorded", true): Text 'Orange Recorded' is present on page  using regular expression

2023-09-21 17:54:55 - [MESSAGE][PASSED] - Text 'Orange Recorded' is present on page  using regular expression

2023-09-21 17:54:55 - [TEST_STEP][PASSED] - verifyTextPresent("Yellow Recorded", true): Text 'Yellow Recorded' is present on page  using regular expression

2023-09-21 17:54:55 - [MESSAGE][PASSED] - Text 'Yellow Recorded' is present on page  using regular expression

2023-09-21 17:54:55 - [TEST_STEP][PASSED] - verifyTextPresent("Kolkata", true): Text 'Kolkata' is present on page  using regular expression

2023-09-21 17:54:56 - [MESSAGE][PASSED] - Text 'Kolkata' is present on page  using regular expression

2023-09-21 17:54:56 - [TEST_STEP][PASSED] - verifyTextPresent("Pune", true): Text 'Pune' is present on page  using regular expression

2023-09-21 17:54:56 - [MESSAGE][PASSED] - Text 'Pune' is present on page  using regular expression

2023-09-21 17:54:56 - [TEST_STEP][PASSED] - verifyTextPresent("Bhavnagar", true): Text 'Bhavnagar' is present on page  using regular expression

2023-09-21 17:54:56 - [MESSAGE][PASSED] - Text 'Bhavnagar' is present on page  using regular expression

2023-09-21 17:54:56 - [TEST_STEP][PASSED] - verifyTextPresent("Noida", true): Text 'Noida' is present on page  using regular expression

2023-09-21 17:54:56 - [MESSAGE][PASSED] - Text 'Noida' is present on page  using regular expression

2023-09-21 17:54:56 - [TEST_STEP][PASSED] - verifyTextPresent("Amount", true): Text 'Amount' is present on page  using regular expression

2023-09-21 17:54:57 - [MESSAGE][PASSED] - Text 'Amount' is present on page  using regular expression

2023-09-21 17:54:57 - [TEST_STEP][PASSED] - verifyTextPresent("2.50", true): Text '2.50' is present on page  using regular expression

2023-09-21 17:54:57 - [MESSAGE][PASSED] - Text '2.50' is present on page  using regular expression

2023-09-21 17:54:57 - [TEST_STEP][PASSED] - verifyTextPresent("Transaction Type", true): Text 'Transaction Type' is present on page  using regular expression

2023-09-21 17:54:57 - [MESSAGE][PASSED] - Text 'Transaction Type' is present on page  using regular expression

2023-09-21 17:54:57 - [TEST_STEP][PASSED] - verifyTextPresent("Debit", true): Text 'Debit' is present on page  using regular expression

2023-09-21 17:54:58 - [MESSAGE][PASSED] - Text 'Debit' is present on page  using regular expression

2023-09-21 17:54:58 - [TEST_STEP][PASSED] - verifyTextPresent("Check Information", true): Text 'Check Information' is present on page  using regular expression

2023-09-21 17:54:58 - [MESSAGE][PASSED] - Text 'Check Information' is present on page  using regular expression

2023-09-21 17:54:58 - [TEST_STEP][PASSED] - verifyTextPresent("Account Type", true): Text 'Account Type' is present on page  using regular expression

2023-09-21 17:54:58 - [MESSAGE][PASSED] - Text 'Account Type' is present on page  using regular expression

2023-09-21 17:54:58 - [TEST_STEP][PASSED] - verifyTextPresent("Account Number", true): Text 'Account Number' is present on page  using regular expression

2023-09-21 17:54:59 - [MESSAGE][PASSED] - Text 'Account Number' is present on page  using regular expression

2023-09-21 17:54:59 - [TEST_STEP][PASSED] - verifyTextPresent("Routing Number", true): Text 'Routing Number' is present on page  using regular expression

2023-09-21 17:54:59 - [MESSAGE][PASSED] - Text 'Routing Number' is present on page  using regular expression

2023-09-21 17:54:59 - [TEST_STEP][PASSED] - verifyTextPresent("Address Line 1", true): Text 'Address Line 1' is present on page  using regular expression

2023-09-21 17:54:59 - [MESSAGE][PASSED] - Text 'Address Line 1' is present on page  using regular expression

2023-09-21 17:54:59 - [TEST_STEP][PASSED] - verifyTextPresent("Address Line 2", true): Text 'Address Line 2' is present on page  using regular expression

2023-09-21 17:55:00 - [MESSAGE][PASSED] - Text 'Address Line 2' is present on page  using regular expression

2023-09-21 17:55:00 - [TEST_STEP][PASSED] - verifyTextPresent("Country", true): Text 'Country' is present on page  using regular expression

2023-09-21 17:55:00 - [MESSAGE][PASSED] - Text 'Country' is present on page  using regular expression

2023-09-21 17:55:00 - [TEST_STEP][PASSED] - verifyTextPresent("City", true): Text 'City' is present on page  using regular expression

2023-09-21 17:55:00 - [MESSAGE][PASSED] - Text 'City' is present on page  using regular expression

2023-09-21 17:55:00 - [TEST_STEP][PASSED] - verifyTextPresent("State", true): Text 'State' is present on page  using regular expression

2023-09-21 17:55:00 - [MESSAGE][PASSED] - Text 'State' is present on page  using regular expression

2023-09-21 17:55:00 - [TEST_STEP][PASSED] - verifyTextPresent("ZIP Code", true): Text 'ZIP Code' is present on page  using regular expression

2023-09-21 17:55:01 - [MESSAGE][PASSED] - Text 'ZIP Code' is present on page  using regular expression

2023-09-21 17:55:01 - [TEST_STEP][PASSED] - verifyTextPresent("248 PhoolKaante road", true): Text '248 PhoolKaante road' is present on page  using regular expression

2023-09-21 17:55:01 - [MESSAGE][PASSED] - Text '248 PhoolKaante road' is present on page  using regular expression

2023-09-21 17:55:01 - [TEST_STEP][PASSED] - verifyTextPresent("Suite 678", true): Text 'Suite 678' is present on page  using regular expression

2023-09-21 17:55:01 - [MESSAGE][PASSED] - Text 'Suite 678' is present on page  using regular expression

2023-09-21 17:55:01 - [TEST_STEP][PASSED] - verifyTextPresent("United States", true): Text 'United States' is present on page  using regular expression

2023-09-21 17:55:02 - [MESSAGE][PASSED] - Text 'United States' is present on page  using regular expression

2023-09-21 17:55:02 - [TEST_STEP][PASSED] - verifyTextPresent("ARLINGTON", true): Text 'ARLINGTON' is present on page  using regular expression

2023-09-21 17:55:02 - [MESSAGE][PASSED] - Text 'ARLINGTON' is present on page  using regular expression

2023-09-21 17:55:02 - [TEST_STEP][PASSED] - verifyTextPresent("Virginia", true): Text 'Virginia' is present on page  using regular expression

2023-09-21 17:55:02 - [MESSAGE][PASSED] - Text 'Virginia' is present on page  using regular expression

2023-09-21 17:55:02 - [TEST_STEP][PASSED] - verifyTextPresent("22201", true): Text '22201' is present on page  using regular expression

2023-09-21 17:55:03 - [MESSAGE][PASSED] - Text '22201' is present on page  using regular expression

2023-09-21 17:55:03 - [TEST_STEP][PASSED] - tranType = findTestData(dataFile).getValue("TranType", row): null

2023-09-21 17:55:03 - [TEST_STEP][PASSED] - last4V = findTestData(dataFile).getValue("Last4", row): null

2023-09-21 17:55:03 - [TEST_STEP][PASSED] - verifyTextPresent(tranType, true): Text 'Checking' is present on page  using regular expression

2023-09-21 17:55:03 - [MESSAGE][PASSED] - Text 'Checking' is present on page  using regular expression

2023-09-21 17:55:03 - [TEST_STEP][PASSED] - verifyTextPresent(last4V, true): Text '2222' is present on page  using regular expression

2023-09-21 17:55:03 - [MESSAGE][PASSED] - Text '2222' is present on page  using regular expression

2023-09-21 17:55:03 - [TEST_STEP][PASSED] - if (profNameLink.equalsIgnoreCase("a_PaymentsPC")): Text 'TANDON RAVENA' is present on page  using regular expression

2023-09-21 17:55:03 - [TEST_STEP][PASSED] - verifyTextPresent("Name on Account", true): Text 'Name on Account' is present on page  using regular expression

2023-09-21 17:55:04 - [MESSAGE][PASSED] - Text 'Name on Account' is present on page  using regular expression

2023-09-21 17:55:04 - [TEST_STEP][PASSED] - verifyTextPresent("TANDON RAVENA", true): Text 'TANDON RAVENA' is present on page  using regular expression

2023-09-21 17:55:04 - [MESSAGE][PASSED] - Text 'TANDON RAVENA' is present on page  using regular expression

2023-09-21 17:55:04 - [TEST_STEP][PASSED] - if (profNameLink.equalsIgnoreCase("a_PaymentsPS")): null

2023-09-21 17:55:04 - [TEST_STEP][PASSED] - if (profNameLink.equalsIgnoreCase("a_PaymentsCorp")): null

2023-09-21 17:55:04 - [TEST_STEP][PASSED] - switch (appName): null

2023-09-21 17:55:04 - [TEST_STEP][PASSED] - case "a_Access AutoSingleCFtpQA":: null

2023-09-21 17:55:04 - [TEST_STEP][PASSED] - verifyTextPresent("5.00", true): Text '5.00' is present on page  using regular expression

2023-09-21 17:55:04 - [MESSAGE][PASSED] - Text '5.00' is present on page  using regular expression

2023-09-21 17:55:04 - [TEST_STEP][PASSED] - verifyTextPresent("Single Transaction", true): Text 'Single Transaction' is present on page  using regular expression

2023-09-21 17:55:04 - [MESSAGE][PASSED] - Text 'Single Transaction' is present on page  using regular expression

2023-09-21 17:55:04 - [TEST_STEP][PASSED] - verifyTextPresent("7.50", true): Text '7.50' is present on page  using regular expression

2023-09-21 17:55:05 - [MESSAGE][PASSED] - Text '7.50' is present on page  using regular expression

2023-09-21 17:55:05 - [TEST_STEP][PASSED] - verifyTextPresent("Total Amount", true): Text 'Total Amount' is present on page  using regular expression

2023-09-21 17:55:05 - [MESSAGE][PASSED] - Text 'Total Amount' is present on page  using regular expression

2023-09-21 17:55:05 - [TEST_STEP][PASSED] - verifyTextPresent("Transaction Type", true): Text 'Transaction Type' is present on page  using regular expression

2023-09-21 17:55:05 - [MESSAGE][PASSED] - Text 'Transaction Type' is present on page  using regular expression

2023-09-21 17:55:05 - [TEST_STEP][PASSED] - break: null

2023-09-21 17:55:05 - [TEST_STEP][PASSED] - closeBrowser(): Browser is closed

2023-09-21 17:55:06 - [MESSAGE][PASSED] - Browser is closed

2023-09-21 17:55:06 - [TEST_STEP][PASSED] - ExecuteTC = findTestData(dataFile).getValue("Execute", row): null

2023-09-21 17:55:06 - [TEST_STEP][PASSED] - out.println("Value of Execute is : " + ExecuteTC): null

2023-09-21 17:55:06 - [TEST_STEP][PASSED] - switch (executionProfile): null

2023-09-21 17:55:06 - [TEST_STEP][PASSED] - case "QA2Profile":: null

2023-09-21 17:55:06 - [TEST_STEP][PASSED] - appName = findTestData(dataFile).getValue("AppNameQA", row): null

2023-09-21 17:55:06 - [TEST_STEP][PASSED] - appID = findTestData(dataFile).getValue("AppIDQA", row): null

2023-09-21 17:55:06 - [TEST_STEP][PASSED] - break: null

2023-09-21 17:55:06 - [TEST_STEP][PASSED] - if (ExecuteTC.equalsIgnoreCase("Y")): null

2023-09-21 17:55:06 - [TEST_STEP][PASSED] - out.println("Begin Record Number: " + row): null

2023-09-21 17:55:06 - [TEST_STEP][PASSED] - today = new java.util.Date(): null

2023-09-21 17:55:06 - [TEST_STEP][PASSED] - println(today): null

2023-09-21 17:55:06 - [TEST_STEP][PASSED] - datText = today: null

2023-09-21 17:55:06 - [TEST_STEP][PASSED] - adminSuiteBootstrap.loginFunctionality.login_AdminSuite(): adminSuiteBootstrap.loginFunctionality.login_AdminSuite is PASSED

2023-09-21 17:55:06 - [MESSAGE][INFO] - Starting 'Chrome' driver

2023-09-21 17:55:06 - [MESSAGE][INFO] - User set preference: ['acceptInsecureCerts', 'true']

2023-09-21 17:55:06 - [MESSAGE][INFO] - Action delay is set to 0 milliseconds

2023-09-21 17:55:09 - [MESSAGE][PASSED] - Browser is opened with url: 'https://qa2.velocitypayment.com/admin/imtiaz'

2023-09-21 17:55:09 - [MESSAGE][PASSED] - Current window maximized

2023-09-21 17:55:10 - [MESSAGE][PASSED] - Object 'Object Repository/Login_Page/Login_Username_Okta' is present

2023-09-21 17:55:10 - [MESSAGE][PASSED] - Text 'iahmed' is set on object 'Object Repository/Login_Page/Login_Username_Okta'

2023-09-21 17:55:11 - [MESSAGE][PASSED] - Text 'Hello1111111@' is set on object 'Object Repository/Login_Page/Login_Password_Okta'

2023-09-21 17:55:12 - [MESSAGE][PASSED] - Object: 'Object Repository/Login_Page/Login_Submit_Okta' is clicked on

2023-09-21 17:55:12 - [MESSAGE][PASSED] - adminSuiteBootstrap.loginFunctionality.login_AdminSuite is PASSED

2023-09-21 17:55:12 - [TEST_STEP][PASSED] - click(findTestObject(path_Dashboard + appName)): Object: 'Object Repository/AdminSuiteBootstrap_Pages/Dashboard_Bootstrap/a_Access AutoSingleCFtpQA' is clicked on

2023-09-21 17:55:18 - [MESSAGE][PASSED] - Object: 'Object Repository/AdminSuiteBootstrap_Pages/Dashboard_Bootstrap/a_Access AutoSingleCFtpQA' is clicked on

2023-09-21 17:55:18 - [TEST_STEP][PASSED] - click(findTestObject(path_VT + "a_Find Profile")): Object: 'Object Repository/AdminSuiteBootstrap_Pages/VT_Bootstrap/IssueTransactions/a_Find Profile' is clicked on

2023-09-21 17:55:19 - [MESSAGE][PASSED] - Object: 'Object Repository/AdminSuiteBootstrap_Pages/VT_Bootstrap/IssueTransactions/a_Find Profile' is clicked on

2023-09-21 17:55:19 - [TEST_STEP][PASSED] - criteria = <not implemented yet for class: org.codehaus.groovy.ast.expr.EmptyExpression>: null

2023-09-21 17:55:19 - [TEST_STEP][PASSED] - searchBy = <not implemented yet for class: org.codehaus.groovy.ast.expr.EmptyExpression>: null

2023-09-21 17:55:19 - [TEST_STEP][PASSED] - criteria = findTestData(dataFile).getValue("ProfileName", row): null

2023-09-21 17:55:19 - [TEST_STEP][PASSED] - path_SearchProfile = "Object Repository/AdminSuiteBootstrap_Pages/VSP_Bootstrap/SearchProfile/": null

2023-09-21 17:55:19 - [TEST_STEP][PASSED] - setText(findTestObject(path_SearchProfile + "input_Criteria"), criteria): Text 'PaymentsPC' is set on object 'Object Repository/AdminSuiteBootstrap_Pages/VSP_Bootstrap/SearchProfile/input_Criteria'

2023-09-21 17:55:19 - [MESSAGE][PASSED] - Text 'PaymentsPC' is set on object 'Object Repository/AdminSuiteBootstrap_Pages/VSP_Bootstrap/SearchProfile/input_Criteria'

2023-09-21 17:55:19 - [TEST_STEP][PASSED] - click(findTestObject(path_SearchProfile + "button_Search")): Object: 'Object Repository/AdminSuiteBootstrap_Pages/VSP_Bootstrap/SearchProfile/button_Search' is clicked on

2023-09-21 17:55:20 - [MESSAGE][PASSED] - Object: 'Object Repository/AdminSuiteBootstrap_Pages/VSP_Bootstrap/SearchProfile/button_Search' is clicked on

2023-09-21 17:55:20 - [TEST_STEP][PASSED] - profNameLink = findTestData(dataFile).getValue("ProfileNameLink", row): null

2023-09-21 17:55:20 - [TEST_STEP][PASSED] - click(findTestObject(path_ViewProfile + profNameLink)): Object: 'Object Repository/AdminSuiteBootstrap_Pages/VSP_Bootstrap/View Profile/a_PaymentsPC' is clicked on

2023-09-21 17:55:22 - [MESSAGE][PASSED] - Object: 'Object Repository/AdminSuiteBootstrap_Pages/VSP_Bootstrap/View Profile/a_PaymentsPC' is clicked on

2023-09-21 17:55:22 - [TEST_STEP][PASSED] - click(findTestObject(path_ViewProfile + "a_Debit")): Object: 'Object Repository/AdminSuiteBootstrap_Pages/VSP_Bootstrap/View Profile/a_Debit' is clicked on

2023-09-21 17:55:23 - [MESSAGE][PASSED] - Object: 'Object Repository/AdminSuiteBootstrap_Pages/VSP_Bootstrap/View Profile/a_Debit' is clicked on

2023-09-21 17:55:23 - [TEST_STEP][PASSED] - verifyTextPresent("Remittance ID", true): Text 'Remittance ID' is present on page  using regular expression

2023-09-21 17:55:23 - [MESSAGE][PASSED] - Text 'Remittance ID' is present on page  using regular expression

2023-09-21 17:55:23 - [TEST_STEP][PASSED] - vspBootstrap.ACHDebitPage.setDataACHDebit(row, dataFile): vspBootstrap.ACHDebitPage.setDataACHDebit is PASSED

2023-09-21 17:55:25 - [MESSAGE][PASSED] - All options with value 'TEL' are selected in object 'Object Repository/AdminSuiteBootstrap_Pages/VSP_Bootstrap/VSP_Debit/select_StdEntryClass'  using regular expression

2023-09-21 17:55:26 - [MESSAGE][PASSED] - Text '' is set on object 'Object Repository/AdminSuiteBootstrap_Pages/VSP_Bootstrap/VSP_Debit/input_smsNumber'

2023-09-21 17:55:26 - [MESSAGE][PASSED] - Text '2.50' is set on object 'Object Repository/AdminSuiteBootstrap_Pages/VSP_Bootstrap/VSP_Debit/input_amount'

2023-09-21 17:55:27 - [MESSAGE][PASSED] - Text 'Delhi' is set on object 'Object Repository/AdminSuiteBootstrap_Pages/VSP_Bootstrap/VSP_Debit/input_userDefined1'

2023-09-21 17:55:28 - [MESSAGE][PASSED] - Text 'Chennai' is set on object 'Object Repository/AdminSuiteBootstrap_Pages/VSP_Bootstrap/VSP_Debit/input_userDefined2'

2023-09-21 17:55:29 - [MESSAGE][PASSED] - Text 'Mumbai' is set on object 'Object Repository/AdminSuiteBootstrap_Pages/VSP_Bootstrap/VSP_Debit/input_userDefined3'

2023-09-21 17:55:29 - [MESSAGE][PASSED] - Text 'Kanpur' is set on object 'Object Repository/AdminSuiteBootstrap_Pages/VSP_Bootstrap/VSP_Debit/input_userDefined4'

2023-09-21 17:55:30 - [MESSAGE][PASSED] - All options with label 'Orange' are selected in object 'Object Repository/AdminSuiteBootstrap_Pages/VSP_Bootstrap/VSP_Debit/select_UDF5'  using regular expression

2023-09-21 17:55:31 - [MESSAGE][PASSED] - All options with label 'Yellow' are selected in object 'Object Repository/AdminSuiteBootstrap_Pages/VSP_Bootstrap/VSP_Debit/select_UDF6'  using regular expression

2023-09-21 17:55:32 - [MESSAGE][PASSED] - Text 'Kolkata' is set on object 'Object Repository/AdminSuiteBootstrap_Pages/VSP_Bootstrap/VSP_Debit/input_userDefined7'

2023-09-21 17:55:32 - [MESSAGE][PASSED] - Text 'Pune' is set on object 'Object Repository/AdminSuiteBootstrap_Pages/VSP_Bootstrap/VSP_Debit/input_userDefined8'

2023-09-21 17:55:33 - [MESSAGE][PASSED] - Text 'Bhavnagar' is set on object 'Object Repository/AdminSuiteBootstrap_Pages/VSP_Bootstrap/VSP_Debit/input_userDefined9'

2023-09-21 17:55:34 - [MESSAGE][PASSED] - Text 'Noida' is set on object 'Object Repository/AdminSuiteBootstrap_Pages/VSP_Bootstrap/VSP_Debit/input_userDefined10'

2023-09-21 17:55:35 - [MESSAGE][PASSED] - Object: 'Object Repository/AdminSuiteBootstrap_Pages/VSP_Bootstrap/VSP_Debit/button_Submit' is clicked on

2023-09-21 17:55:35 - [MESSAGE][PASSED] - vspBootstrap.ACHDebitPage.setDataACHDebit is PASSED

2023-09-21 17:55:35 - [TEST_STEP][PASSED] - verifyTextPresent("Transaction Successful", true): Text 'Transaction Successful' is present on page  using regular expression

2023-09-21 17:55:35 - [MESSAGE][PASSED] - Text 'Transaction Successful' is present on page  using regular expression

2023-09-21 17:55:35 - [TEST_STEP][PASSED] - verifyElementVisible(findTestObject("Object Repository/AdminSuiteBootstrap_Pages/VT_Bootstrap/Receipt/button_Continue")): Object 'Object Repository/AdminSuiteBootstrap_Pages/VT_Bootstrap/Receipt/button_Continue' is visible

2023-09-21 17:55:36 - [MESSAGE][PASSED] - Object 'Object Repository/AdminSuiteBootstrap_Pages/VT_Bootstrap/Receipt/button_Continue' is visible

2023-09-21 17:55:36 - [TEST_STEP][PASSED] - verifyElementPresent(findTestObject("Object Repository/AdminSuiteBootstrap_Pages/VT_Bootstrap/Receipt/button_Continue"), 20): Object 'Object Repository/AdminSuiteBootstrap_Pages/VT_Bootstrap/Receipt/button_Continue' is present

2023-09-21 17:55:36 - [MESSAGE][PASSED] - Object 'Object Repository/AdminSuiteBootstrap_Pages/VT_Bootstrap/Receipt/button_Continue' is present

2023-09-21 17:55:36 - [TEST_STEP][PASSED] - verifyElementVisible(findTestObject("Object Repository/AdminSuiteBootstrap_Pages/VT_Bootstrap/Receipt/button_Print")): Object 'Object Repository/AdminSuiteBootstrap_Pages/VT_Bootstrap/Receipt/button_Print' is visible

2023-09-21 17:55:36 - [MESSAGE][PASSED] - Object 'Object Repository/AdminSuiteBootstrap_Pages/VT_Bootstrap/Receipt/button_Print' is visible

2023-09-21 17:55:36 - [TEST_STEP][PASSED] - verifyElementPresent(findTestObject("Object Repository/AdminSuiteBootstrap_Pages/VT_Bootstrap/Receipt/button_Print"), 20): Object 'Object Repository/AdminSuiteBootstrap_Pages/VT_Bootstrap/Receipt/button_Print' is present

2023-09-21 17:55:36 - [MESSAGE][PASSED] - Object 'Object Repository/AdminSuiteBootstrap_Pages/VT_Bootstrap/Receipt/button_Print' is present

2023-09-21 17:55:36 - [TEST_STEP][PASSED] - verifyTextPresent("Remittance ID", true): Text 'Remittance ID' is present on page  using regular expression

2023-09-21 17:55:37 - [MESSAGE][PASSED] - Text 'Remittance ID' is present on page  using regular expression

2023-09-21 17:55:37 - [TEST_STEP][PASSED] - verifyTextPresent("Received", true): Text 'Received' is present on page  using regular expression

2023-09-21 17:55:37 - [MESSAGE][PASSED] - Text 'Received' is present on page  using regular expression

2023-09-21 17:55:37 - [TEST_STEP][PASSED] - verifyTextPresent("UDF1", true): Text 'UDF1' is present on page  using regular expression

2023-09-21 17:55:37 - [MESSAGE][PASSED] - Text 'UDF1' is present on page  using regular expression

2023-09-21 17:55:37 - [TEST_STEP][PASSED] - verifyTextPresent("UDF2", true): Text 'UDF2' is present on page  using regular expression

2023-09-21 17:55:38 - [MESSAGE][PASSED] - Text 'UDF2' is present on page  using regular expression

2023-09-21 17:55:38 - [TEST_STEP][PASSED] - verifyTextPresent("UDF3", true): Text 'UDF3' is present on page  using regular expression

2023-09-21 17:55:38 - [MESSAGE][PASSED] - Text 'UDF3' is present on page  using regular expression

2023-09-21 17:55:38 - [TEST_STEP][PASSED] - verifyTextPresent("UDF4", true): Text 'UDF4' is present on page  using regular expression

2023-09-21 17:55:38 - [MESSAGE][PASSED] - Text 'UDF4' is present on page  using regular expression

2023-09-21 17:55:38 - [TEST_STEP][PASSED] - verifyTextPresent("UDF5", true): Text 'UDF5' is present on page  using regular expression

2023-09-21 17:55:39 - [MESSAGE][PASSED] - Text 'UDF5' is present on page  using regular expression

2023-09-21 17:55:39 - [TEST_STEP][PASSED] - verifyTextPresent("UDF6", true): Text 'UDF6' is present on page  using regular expression

2023-09-21 17:55:39 - [MESSAGE][PASSED] - Text 'UDF6' is present on page  using regular expression

2023-09-21 17:55:39 - [TEST_STEP][PASSED] - verifyTextPresent("UDF7", true): Text 'UDF7' is present on page  using regular expression

2023-09-21 17:55:39 - [MESSAGE][PASSED] - Text 'UDF7' is present on page  using regular expression

2023-09-21 17:55:39 - [TEST_STEP][PASSED] - verifyTextPresent("UDF8", true): Text 'UDF8' is present on page  using regular expression

2023-09-21 17:55:39 - [MESSAGE][PASSED] - Text 'UDF8' is present on page  using regular expression

2023-09-21 17:55:39 - [TEST_STEP][PASSED] - verifyTextPresent("UDF9", true): Text 'UDF9' is present on page  using regular expression

2023-09-21 17:55:40 - [MESSAGE][PASSED] - Text 'UDF9' is present on page  using regular expression

2023-09-21 17:55:40 - [TEST_STEP][PASSED] - verifyTextPresent("UDF 10", true): Text 'UDF 10' is present on page  using regular expression

2023-09-21 17:55:40 - [MESSAGE][PASSED] - Text 'UDF 10' is present on page  using regular expression

2023-09-21 17:55:40 - [TEST_STEP][PASSED] - verifyTextPresent("Delhi", true): Text 'Delhi' is present on page  using regular expression

2023-09-21 17:55:40 - [MESSAGE][PASSED] - Text 'Delhi' is present on page  using regular expression

2023-09-21 17:55:40 - [TEST_STEP][PASSED] - verifyTextPresent("Chennai", true): Text 'Chennai' is present on page  using regular expression

2023-09-21 17:55:41 - [MESSAGE][PASSED] - Text 'Chennai' is present on page  using regular expression

2023-09-21 17:55:41 - [TEST_STEP][PASSED] - verifyTextPresent("Mumbai", true): Text 'Mumbai' is present on page  using regular expression

2023-09-21 17:55:41 - [MESSAGE][PASSED] - Text 'Mumbai' is present on page  using regular expression

2023-09-21 17:55:41 - [TEST_STEP][PASSED] - verifyTextPresent("Kanpur", true): Text 'Kanpur' is present on page  using regular expression

2023-09-21 17:55:41 - [MESSAGE][PASSED] - Text 'Kanpur' is present on page  using regular expression

2023-09-21 17:55:41 - [TEST_STEP][PASSED] - verifyTextPresent("Orange Recorded", true): Text 'Orange Recorded' is present on page  using regular expression

2023-09-21 17:55:42 - [MESSAGE][PASSED] - Text 'Orange Recorded' is present on page  using regular expression

2023-09-21 17:55:42 - [TEST_STEP][PASSED] - verifyTextPresent("Yellow Recorded", true): Text 'Yellow Recorded' is present on page  using regular expression

2023-09-21 17:55:42 - [MESSAGE][PASSED] - Text 'Yellow Recorded' is present on page  using regular expression

2023-09-21 17:55:42 - [TEST_STEP][PASSED] - verifyTextPresent("Kolkata", true): Text 'Kolkata' is present on page  using regular expression

2023-09-21 17:55:42 - [MESSAGE][PASSED] - Text 'Kolkata' is present on page  using regular expression

2023-09-21 17:55:42 - [TEST_STEP][PASSED] - verifyTextPresent("Pune", true): Text 'Pune' is present on page  using regular expression

2023-09-21 17:55:43 - [MESSAGE][PASSED] - Text 'Pune' is present on page  using regular expression

2023-09-21 17:55:43 - [TEST_STEP][PASSED] - verifyTextPresent("Bhavnagar", true): Text 'Bhavnagar' is present on page  using regular expression

2023-09-21 17:55:43 - [MESSAGE][PASSED] - Text 'Bhavnagar' is present on page  using regular expression

2023-09-21 17:55:43 - [TEST_STEP][PASSED] - verifyTextPresent("Noida", true): Text 'Noida' is present on page  using regular expression

2023-09-21 17:55:43 - [MESSAGE][PASSED] - Text 'Noida' is present on page  using regular expression

2023-09-21 17:55:43 - [TEST_STEP][PASSED] - verifyTextPresent("Amount", true): Text 'Amount' is present on page  using regular expression

2023-09-21 17:55:43 - [MESSAGE][PASSED] - Text 'Amount' is present on page  using regular expression

2023-09-21 17:55:43 - [TEST_STEP][PASSED] - verifyTextPresent("2.50", true): Text '2.50' is present on page  using regular expression

2023-09-21 17:55:44 - [MESSAGE][PASSED] - Text '2.50' is present on page  using regular expression

2023-09-21 17:55:44 - [TEST_STEP][PASSED] - verifyTextPresent("Transaction Type", true): Text 'Transaction Type' is present on page  using regular expression

2023-09-21 17:55:44 - [MESSAGE][PASSED] - Text 'Transaction Type' is present on page  using regular expression

2023-09-21 17:55:44 - [TEST_STEP][PASSED] - verifyTextPresent("Debit", true): Text 'Debit' is present on page  using regular expression

2023-09-21 17:55:44 - [MESSAGE][PASSED] - Text 'Debit' is present on page  using regular expression

2023-09-21 17:55:44 - [TEST_STEP][PASSED] - verifyTextPresent("Check Information", true): Text 'Check Information' is present on page  using regular expression

2023-09-21 17:55:45 - [MESSAGE][PASSED] - Text 'Check Information' is present on page  using regular expression

2023-09-21 17:55:45 - [TEST_STEP][PASSED] - verifyTextPresent("Account Type", true): Text 'Account Type' is present on page  using regular expression

2023-09-21 17:55:45 - [MESSAGE][PASSED] - Text 'Account Type' is present on page  using regular expression

2023-09-21 17:55:45 - [TEST_STEP][PASSED] - verifyTextPresent("Account Number", true): Text 'Account Number' is present on page  using regular expression

2023-09-21 17:55:45 - [MESSAGE][PASSED] - Text 'Account Number' is present on page  using regular expression

2023-09-21 17:55:45 - [TEST_STEP][PASSED] - verifyTextPresent("Routing Number", true): Text 'Routing Number' is present on page  using regular expression

2023-09-21 17:55:46 - [MESSAGE][PASSED] - Text 'Routing Number' is present on page  using regular expression

2023-09-21 17:55:46 - [TEST_STEP][PASSED] - verifyTextPresent("Address Line 1", true): Text 'Address Line 1' is present on page  using regular expression

2023-09-21 17:55:46 - [MESSAGE][PASSED] - Text 'Address Line 1' is present on page  using regular expression

2023-09-21 17:55:46 - [TEST_STEP][PASSED] - verifyTextPresent("Address Line 2", true): Text 'Address Line 2' is present on page  using regular expression

2023-09-21 17:55:46 - [MESSAGE][PASSED] - Text 'Address Line 2' is present on page  using regular expression

2023-09-21 17:55:46 - [TEST_STEP][PASSED] - verifyTextPresent("Country", true): Text 'Country' is present on page  using regular expression

2023-09-21 17:55:46 - [MESSAGE][PASSED] - Text 'Country' is present on page  using regular expression

2023-09-21 17:55:46 - [TEST_STEP][PASSED] - verifyTextPresent("City", true): Text 'City' is present on page  using regular expression

2023-09-21 17:55:47 - [MESSAGE][PASSED] - Text 'City' is present on page  using regular expression

2023-09-21 17:55:47 - [TEST_STEP][PASSED] - verifyTextPresent("State", true): Text 'State' is present on page  using regular expression

2023-09-21 17:55:47 - [MESSAGE][PASSED] - Text 'State' is present on page  using regular expression

2023-09-21 17:55:47 - [TEST_STEP][PASSED] - verifyTextPresent("ZIP Code", true): Text 'ZIP Code' is present on page  using regular expression

2023-09-21 17:55:47 - [MESSAGE][PASSED] - Text 'ZIP Code' is present on page  using regular expression

2023-09-21 17:55:47 - [TEST_STEP][PASSED] - verifyTextPresent("248 PhoolKaante road", true): Text '248 PhoolKaante road' is present on page  using regular expression

2023-09-21 17:55:48 - [MESSAGE][PASSED] - Text '248 PhoolKaante road' is present on page  using regular expression

2023-09-21 17:55:48 - [TEST_STEP][PASSED] - verifyTextPresent("Suite 678", true): Text 'Suite 678' is present on page  using regular expression

2023-09-21 17:55:48 - [MESSAGE][PASSED] - Text 'Suite 678' is present on page  using regular expression

2023-09-21 17:55:48 - [TEST_STEP][PASSED] - verifyTextPresent("United States", true): Text 'United States' is present on page  using regular expression

2023-09-21 17:55:48 - [MESSAGE][PASSED] - Text 'United States' is present on page  using regular expression

2023-09-21 17:55:48 - [TEST_STEP][PASSED] - verifyTextPresent("ARLINGTON", true): Text 'ARLINGTON' is present on page  using regular expression

2023-09-21 17:55:49 - [MESSAGE][PASSED] - Text 'ARLINGTON' is present on page  using regular expression

2023-09-21 17:55:49 - [TEST_STEP][PASSED] - verifyTextPresent("Virginia", true): Text 'Virginia' is present on page  using regular expression

2023-09-21 17:55:49 - [MESSAGE][PASSED] - Text 'Virginia' is present on page  using regular expression

2023-09-21 17:55:49 - [TEST_STEP][PASSED] - verifyTextPresent("22201", true): Text '22201' is present on page  using regular expression

2023-09-21 17:55:49 - [MESSAGE][PASSED] - Text '22201' is present on page  using regular expression

2023-09-21 17:55:49 - [TEST_STEP][PASSED] - tranType = findTestData(dataFile).getValue("TranType", row): null

2023-09-21 17:55:49 - [TEST_STEP][PASSED] - last4V = findTestData(dataFile).getValue("Last4", row): null

2023-09-21 17:55:49 - [TEST_STEP][PASSED] - verifyTextPresent(tranType, true): Text 'Checking' is present on page  using regular expression

2023-09-21 17:55:50 - [MESSAGE][PASSED] - Text 'Checking' is present on page  using regular expression

2023-09-21 17:55:50 - [TEST_STEP][PASSED] - verifyTextPresent(last4V, true): Text '2222' is present on page  using regular expression

2023-09-21 17:55:50 - [MESSAGE][PASSED] - Text '2222' is present on page  using regular expression

2023-09-21 17:55:50 - [TEST_STEP][PASSED] - if (profNameLink.equalsIgnoreCase("a_PaymentsPC")): Text 'TANDON RAVENA' is present on page  using regular expression

2023-09-21 17:55:50 - [TEST_STEP][PASSED] - verifyTextPresent("Name on Account", true): Text 'Name on Account' is present on page  using regular expression

2023-09-21 17:55:50 - [MESSAGE][PASSED] - Text 'Name on Account' is present on page  using regular expression

2023-09-21 17:55:50 - [TEST_STEP][PASSED] - verifyTextPresent("TANDON RAVENA", true): Text 'TANDON RAVENA' is present on page  using regular expression

2023-09-21 17:55:50 - [MESSAGE][PASSED] - Text 'TANDON RAVENA' is present on page  using regular expression

2023-09-21 17:55:50 - [TEST_STEP][PASSED] - if (profNameLink.equalsIgnoreCase("a_PaymentsPS")): null

2023-09-21 17:55:50 - [TEST_STEP][PASSED] - if (profNameLink.equalsIgnoreCase("a_PaymentsCorp")): null

2023-09-21 17:55:50 - [TEST_STEP][PASSED] - switch (appName): null

2023-09-21 17:55:50 - [TEST_STEP][PASSED] - case "a_Access AutoSingleCFtpQA":: null

2023-09-21 17:55:50 - [TEST_STEP][PASSED] - verifyTextPresent("5.00", true): Text '5.00' is present on page  using regular expression

2023-09-21 17:55:51 - [MESSAGE][PASSED] - Text '5.00' is present on page  using regular expression

2023-09-21 17:55:51 - [TEST_STEP][PASSED] - verifyTextPresent("Single Transaction", true): Text 'Single Transaction' is present on page  using regular expression

2023-09-21 17:55:51 - [MESSAGE][PASSED] - Text 'Single Transaction' is present on page  using regular expression

2023-09-21 17:55:51 - [TEST_STEP][PASSED] - verifyTextPresent("7.50", true): Text '7.50' is present on page  using regular expression

2023-09-21 17:55:51 - [MESSAGE][PASSED] - Text '7.50' is present on page  using regular expression

2023-09-21 17:55:51 - [TEST_STEP][PASSED] - verifyTextPresent("Total Amount", true): Text 'Total Amount' is present on page  using regular expression

2023-09-21 17:55:52 - [MESSAGE][PASSED] - Text 'Total Amount' is present on page  using regular expression

2023-09-21 17:55:52 - [TEST_STEP][PASSED] - verifyTextPresent("Transaction Type", true): Text 'Transaction Type' is present on page  using regular expression

2023-09-21 17:55:52 - [MESSAGE][PASSED] - Text 'Transaction Type' is present on page  using regular expression

2023-09-21 17:55:52 - [TEST_STEP][PASSED] - break: null

2023-09-21 17:55:52 - [TEST_STEP][PASSED] - closeBrowser(): Browser is closed

2023-09-21 17:55:53 - [MESSAGE][PASSED] - Browser is closed

2023-09-21 17:55:53 - [TEST_STEP][PASSED] - ExecuteTC = findTestData(dataFile).getValue("Execute", row): null

2023-09-21 17:55:53 - [TEST_STEP][PASSED] - out.println("Value of Execute is : " + ExecuteTC): null

2023-09-21 17:55:53 - [TEST_STEP][PASSED] - switch (executionProfile): null

2023-09-21 17:55:53 - [TEST_STEP][PASSED] - case "QA2Profile":: null

2023-09-21 17:55:53 - [TEST_STEP][PASSED] - appName = findTestData(dataFile).getValue("AppNameQA", row): null

2023-09-21 17:55:53 - [TEST_STEP][PASSED] - appID = findTestData(dataFile).getValue("AppIDQA", row): null

2023-09-21 17:55:53 - [TEST_STEP][PASSED] - break: null

2023-09-21 17:55:53 - [TEST_STEP][PASSED] - if (ExecuteTC.equalsIgnoreCase("Y")): null

2023-09-21 17:55:53 - [TEST_STEP][PASSED] - out.println("Begin Record Number: " + row): null

2023-09-21 17:55:53 - [TEST_STEP][PASSED] - today = new java.util.Date(): null

2023-09-21 17:55:53 - [TEST_STEP][PASSED] - println(today): null

2023-09-21 17:55:53 - [TEST_STEP][PASSED] - datText = today: null

2023-09-21 17:55:53 - [TEST_STEP][PASSED] - adminSuiteBootstrap.loginFunctionality.login_AdminSuite(): adminSuiteBootstrap.loginFunctionality.login_AdminSuite is PASSED

2023-09-21 17:55:53 - [MESSAGE][INFO] - Starting 'Chrome' driver

2023-09-21 17:55:53 - [MESSAGE][INFO] - User set preference: ['acceptInsecureCerts', 'true']

2023-09-21 17:55:53 - [MESSAGE][INFO] - Action delay is set to 0 milliseconds

2023-09-21 17:55:56 - [MESSAGE][PASSED] - Browser is opened with url: 'https://qa2.velocitypayment.com/admin/imtiaz'

2023-09-21 17:55:56 - [MESSAGE][PASSED] - Current window maximized

2023-09-21 17:55:56 - [MESSAGE][PASSED] - Object 'Object Repository/Login_Page/Login_Username_Okta' is present

2023-09-21 17:55:57 - [MESSAGE][PASSED] - Text 'iahmed' is set on object 'Object Repository/Login_Page/Login_Username_Okta'

2023-09-21 17:55:58 - [MESSAGE][PASSED] - Text 'Hello1111111@' is set on object 'Object Repository/Login_Page/Login_Password_Okta'

2023-09-21 17:55:58 - [MESSAGE][PASSED] - Object: 'Object Repository/Login_Page/Login_Submit_Okta' is clicked on

2023-09-21 17:55:58 - [MESSAGE][PASSED] - adminSuiteBootstrap.loginFunctionality.login_AdminSuite is PASSED

2023-09-21 17:55:58 - [TEST_STEP][PASSED] - click(findTestObject(path_Dashboard + appName)): Object: 'Object Repository/AdminSuiteBootstrap_Pages/Dashboard_Bootstrap/a_Access AutoSingleCFtpQA' is clicked on

2023-09-21 17:56:04 - [MESSAGE][PASSED] - Object: 'Object Repository/AdminSuiteBootstrap_Pages/Dashboard_Bootstrap/a_Access AutoSingleCFtpQA' is clicked on

2023-09-21 17:56:04 - [TEST_STEP][PASSED] - click(findTestObject(path_VT + "a_Find Profile")): Object: 'Object Repository/AdminSuiteBootstrap_Pages/VT_Bootstrap/IssueTransactions/a_Find Profile' is clicked on

2023-09-21 17:56:05 - [MESSAGE][PASSED] - Object: 'Object Repository/AdminSuiteBootstrap_Pages/VT_Bootstrap/IssueTransactions/a_Find Profile' is clicked on

2023-09-21 17:56:05 - [TEST_STEP][PASSED] - criteria = <not implemented yet for class: org.codehaus.groovy.ast.expr.EmptyExpression>: null

2023-09-21 17:56:05 - [TEST_STEP][PASSED] - searchBy = <not implemented yet for class: org.codehaus.groovy.ast.expr.EmptyExpression>: null

2023-09-21 17:56:05 - [TEST_STEP][PASSED] - criteria = findTestData(dataFile).getValue("ProfileName", row): null

2023-09-21 17:56:05 - [TEST_STEP][PASSED] - path_SearchProfile = "Object Repository/AdminSuiteBootstrap_Pages/VSP_Bootstrap/SearchProfile/": null

2023-09-21 17:56:05 - [TEST_STEP][PASSED] - setText(findTestObject(path_SearchProfile + "input_Criteria"), criteria): Text 'PaymentsPS' is set on object 'Object Repository/AdminSuiteBootstrap_Pages/VSP_Bootstrap/SearchProfile/input_Criteria'

2023-09-21 17:56:06 - [MESSAGE][PASSED] - Text 'PaymentsPS' is set on object 'Object Repository/AdminSuiteBootstrap_Pages/VSP_Bootstrap/SearchProfile/input_Criteria'

2023-09-21 17:56:06 - [TEST_STEP][PASSED] - click(findTestObject(path_SearchProfile + "button_Search")): Object: 'Object Repository/AdminSuiteBootstrap_Pages/VSP_Bootstrap/SearchProfile/button_Search' is clicked on

2023-09-21 17:56:07 - [MESSAGE][PASSED] - Object: 'Object Repository/AdminSuiteBootstrap_Pages/VSP_Bootstrap/SearchProfile/button_Search' is clicked on

2023-09-21 17:56:07 - [TEST_STEP][PASSED] - profNameLink = findTestData(dataFile).getValue("ProfileNameLink", row): null

2023-09-21 17:56:07 - [TEST_STEP][PASSED] - click(findTestObject(path_ViewProfile + profNameLink)): Object: 'Object Repository/AdminSuiteBootstrap_Pages/VSP_Bootstrap/View Profile/a_PaymentsPS' is clicked on

2023-09-21 17:56:08 - [MESSAGE][PASSED] - Object: 'Object Repository/AdminSuiteBootstrap_Pages/VSP_Bootstrap/View Profile/a_PaymentsPS' is clicked on

2023-09-21 17:56:08 - [TEST_STEP][PASSED] - click(findTestObject(path_ViewProfile + "a_Debit")): Object: 'Object Repository/AdminSuiteBootstrap_Pages/VSP_Bootstrap/View Profile/a_Debit' is clicked on

2023-09-21 17:56:09 - [MESSAGE][PASSED] - Object: 'Object Repository/AdminSuiteBootstrap_Pages/VSP_Bootstrap/View Profile/a_Debit' is clicked on

2023-09-21 17:56:09 - [TEST_STEP][PASSED] - verifyTextPresent("Remittance ID", true): Text 'Remittance ID' is present on page  using regular expression

2023-09-21 17:56:10 - [MESSAGE][PASSED] - Text 'Remittance ID' is present on page  using regular expression

2023-09-21 17:56:10 - [TEST_STEP][PASSED] - vspBootstrap.ACHDebitPage.setDataACHDebit(row, dataFile): vspBootstrap.ACHDebitPage.setDataACHDebit is PASSED

2023-09-21 17:56:12 - [MESSAGE][PASSED] - All options with value 'PPD' are selected in object 'Object Repository/AdminSuiteBootstrap_Pages/VSP_Bootstrap/VSP_Debit/select_StdEntryClass'  using regular expression

2023-09-21 17:56:12 - [MESSAGE][PASSED] - Text '' is set on object 'Object Repository/AdminSuiteBootstrap_Pages/VSP_Bootstrap/VSP_Debit/input_smsNumber'

2023-09-21 17:56:13 - [MESSAGE][PASSED] - Text '2.50' is set on object 'Object Repository/AdminSuiteBootstrap_Pages/VSP_Bootstrap/VSP_Debit/input_amount'

2023-09-21 17:56:14 - [MESSAGE][PASSED] - Text 'Delhi' is set on object 'Object Repository/AdminSuiteBootstrap_Pages/VSP_Bootstrap/VSP_Debit/input_userDefined1'

2023-09-21 17:56:15 - [MESSAGE][PASSED] - Text 'Chennai' is set on object 'Object Repository/AdminSuiteBootstrap_Pages/VSP_Bootstrap/VSP_Debit/input_userDefined2'

2023-09-21 17:56:15 - [MESSAGE][PASSED] - Text 'Mumbai' is set on object 'Object Repository/AdminSuiteBootstrap_Pages/VSP_Bootstrap/VSP_Debit/input_userDefined3'

2023-09-21 17:56:16 - [MESSAGE][PASSED] - Text 'Kanpur' is set on object 'Object Repository/AdminSuiteBootstrap_Pages/VSP_Bootstrap/VSP_Debit/input_userDefined4'

2023-09-21 17:56:17 - [MESSAGE][PASSED] - All options with label 'Orange' are selected in object 'Object Repository/AdminSuiteBootstrap_Pages/VSP_Bootstrap/VSP_Debit/select_UDF5'  using regular expression

2023-09-21 17:56:18 - [MESSAGE][PASSED] - All options with label 'Yellow' are selected in object 'Object Repository/AdminSuiteBootstrap_Pages/VSP_Bootstrap/VSP_Debit/select_UDF6'  using regular expression

2023-09-21 17:56:18 - [MESSAGE][PASSED] - Text 'Kolkata' is set on object 'Object Repository/AdminSuiteBootstrap_Pages/VSP_Bootstrap/VSP_Debit/input_userDefined7'

2023-09-21 17:56:19 - [MESSAGE][PASSED] - Text 'Pune' is set on object 'Object Repository/AdminSuiteBootstrap_Pages/VSP_Bootstrap/VSP_Debit/input_userDefined8'

2023-09-21 17:56:19 - [MESSAGE][PASSED] - Text 'Bhavnagar' is set on object 'Object Repository/AdminSuiteBootstrap_Pages/VSP_Bootstrap/VSP_Debit/input_userDefined9'

2023-09-21 17:56:20 - [MESSAGE][PASSED] - Text 'Noida' is set on object 'Object Repository/AdminSuiteBootstrap_Pages/VSP_Bootstrap/VSP_Debit/input_userDefined10'

2023-09-21 17:56:21 - [MESSAGE][PASSED] - Object: 'Object Repository/AdminSuiteBootstrap_Pages/VSP_Bootstrap/VSP_Debit/button_Submit' is clicked on

2023-09-21 17:56:21 - [MESSAGE][PASSED] - vspBootstrap.ACHDebitPage.setDataACHDebit is PASSED

2023-09-21 17:56:21 - [TEST_STEP][PASSED] - verifyTextPresent("Transaction Successful", true): Text 'Transaction Successful' is present on page  using regular expression

2023-09-21 17:56:22 - [MESSAGE][PASSED] - Text 'Transaction Successful' is present on page  using regular expression

2023-09-21 17:56:22 - [TEST_STEP][PASSED] - verifyElementVisible(findTestObject("Object Repository/AdminSuiteBootstrap_Pages/VT_Bootstrap/Receipt/button_Continue")): Object 'Object Repository/AdminSuiteBootstrap_Pages/VT_Bootstrap/Receipt/button_Continue' is visible

2023-09-21 17:56:22 - [MESSAGE][PASSED] - Object 'Object Repository/AdminSuiteBootstrap_Pages/VT_Bootstrap/Receipt/button_Continue' is visible

2023-09-21 17:56:22 - [TEST_STEP][PASSED] - verifyElementPresent(findTestObject("Object Repository/AdminSuiteBootstrap_Pages/VT_Bootstrap/Receipt/button_Continue"), 20): Object 'Object Repository/AdminSuiteBootstrap_Pages/VT_Bootstrap/Receipt/button_Continue' is present

2023-09-21 17:56:22 - [MESSAGE][PASSED] - Object 'Object Repository/AdminSuiteBootstrap_Pages/VT_Bootstrap/Receipt/button_Continue' is present

2023-09-21 17:56:22 - [TEST_STEP][PASSED] - verifyElementVisible(findTestObject("Object Repository/AdminSuiteBootstrap_Pages/VT_Bootstrap/Receipt/button_Print")): Object 'Object Repository/AdminSuiteBootstrap_Pages/VT_Bootstrap/Receipt/button_Print' is visible

2023-09-21 17:56:23 - [MESSAGE][PASSED] - Object 'Object Repository/AdminSuiteBootstrap_Pages/VT_Bootstrap/Receipt/button_Print' is visible

2023-09-21 17:56:23 - [TEST_STEP][PASSED] - verifyElementPresent(findTestObject("Object Repository/AdminSuiteBootstrap_Pages/VT_Bootstrap/Receipt/button_Print"), 20): Object 'Object Repository/AdminSuiteBootstrap_Pages/VT_Bootstrap/Receipt/button_Print' is present

2023-09-21 17:56:23 - [MESSAGE][PASSED] - Object 'Object Repository/AdminSuiteBootstrap_Pages/VT_Bootstrap/Receipt/button_Print' is present

2023-09-21 17:56:23 - [TEST_STEP][PASSED] - verifyTextPresent("Remittance ID", true): Text 'Remittance ID' is present on page  using regular expression

2023-09-21 17:56:23 - [MESSAGE][PASSED] - Text 'Remittance ID' is present on page  using regular expression

2023-09-21 17:56:23 - [TEST_STEP][PASSED] - verifyTextPresent("Received", true): Text 'Received' is present on page  using regular expression

2023-09-21 17:56:24 - [MESSAGE][PASSED] - Text 'Received' is present on page  using regular expression

2023-09-21 17:56:24 - [TEST_STEP][PASSED] - verifyTextPresent("UDF1", true): Text 'UDF1' is present on page  using regular expression

2023-09-21 17:56:24 - [MESSAGE][PASSED] - Text 'UDF1' is present on page  using regular expression

2023-09-21 17:56:24 - [TEST_STEP][PASSED] - verifyTextPresent("UDF2", true): Text 'UDF2' is present on page  using regular expression

2023-09-21 17:56:24 - [MESSAGE][PASSED] - Text 'UDF2' is present on page  using regular expression

2023-09-21 17:56:24 - [TEST_STEP][PASSED] - verifyTextPresent("UDF3", true): Text 'UDF3' is present on page  using regular expression

2023-09-21 17:56:24 - [MESSAGE][PASSED] - Text 'UDF3' is present on page  using regular expression

2023-09-21 17:56:24 - [TEST_STEP][PASSED] - verifyTextPresent("UDF4", true): Text 'UDF4' is present on page  using regular expression

2023-09-21 17:56:25 - [MESSAGE][PASSED] - Text 'UDF4' is present on page  using regular expression

2023-09-21 17:56:25 - [TEST_STEP][PASSED] - verifyTextPresent("UDF5", true): Text 'UDF5' is present on page  using regular expression

2023-09-21 17:56:25 - [MESSAGE][PASSED] - Text 'UDF5' is present on page  using regular expression

2023-09-21 17:56:25 - [TEST_STEP][PASSED] - verifyTextPresent("UDF6", true): Text 'UDF6' is present on page  using regular expression

2023-09-21 17:56:25 - [MESSAGE][PASSED] - Text 'UDF6' is present on page  using regular expression

2023-09-21 17:56:25 - [TEST_STEP][PASSED] - verifyTextPresent("UDF7", true): Text 'UDF7' is present on page  using regular expression

2023-09-21 17:56:26 - [MESSAGE][PASSED] - Text 'UDF7' is present on page  using regular expression

2023-09-21 17:56:26 - [TEST_STEP][PASSED] - verifyTextPresent("UDF8", true): Text 'UDF8' is present on page  using regular expression

2023-09-21 17:56:26 - [MESSAGE][PASSED] - Text 'UDF8' is present on page  using regular expression

2023-09-21 17:56:26 - [TEST_STEP][PASSED] - verifyTextPresent("UDF9", true): Text 'UDF9' is present on page  using regular expression

2023-09-21 17:56:26 - [MESSAGE][PASSED] - Text 'UDF9' is present on page  using regular expression

2023-09-21 17:56:26 - [TEST_STEP][PASSED] - verifyTextPresent("UDF 10", true): Text 'UDF 10' is present on page  using regular expression

2023-09-21 17:56:27 - [MESSAGE][PASSED] - Text 'UDF 10' is present on page  using regular expression

2023-09-21 17:56:27 - [TEST_STEP][PASSED] - verifyTextPresent("Delhi", true): Text 'Delhi' is present on page  using regular expression

2023-09-21 17:56:27 - [MESSAGE][PASSED] - Text 'Delhi' is present on page  using regular expression

2023-09-21 17:56:27 - [TEST_STEP][PASSED] - verifyTextPresent("Chennai", true): Text 'Chennai' is present on page  using regular expression

2023-09-21 17:56:27 - [MESSAGE][PASSED] - Text 'Chennai' is present on page  using regular expression

2023-09-21 17:56:27 - [TEST_STEP][PASSED] - verifyTextPresent("Mumbai", true): Text 'Mumbai' is present on page  using regular expression

2023-09-21 17:56:28 - [MESSAGE][PASSED] - Text 'Mumbai' is present on page  using regular expression

2023-09-21 17:56:28 - [TEST_STEP][PASSED] - verifyTextPresent("Kanpur", true): Text 'Kanpur' is present on page  using regular expression

2023-09-21 17:56:28 - [MESSAGE][PASSED] - Text 'Kanpur' is present on page  using regular expression

2023-09-21 17:56:28 - [TEST_STEP][PASSED] - verifyTextPresent("Orange Recorded", true): Text 'Orange Recorded' is present on page  using regular expression

2023-09-21 17:56:28 - [MESSAGE][PASSED] - Text 'Orange Recorded' is present on page  using regular expression

2023-09-21 17:56:28 - [TEST_STEP][PASSED] - verifyTextPresent("Yellow Recorded", true): Text 'Yellow Recorded' is present on page  using regular expression

2023-09-21 17:56:28 - [MESSAGE][PASSED] - Text 'Yellow Recorded' is present on page  using regular expression

2023-09-21 17:56:28 - [TEST_STEP][PASSED] - verifyTextPresent("Kolkata", true): Text 'Kolkata' is present on page  using regular expression

2023-09-21 17:56:29 - [MESSAGE][PASSED] - Text 'Kolkata' is present on page  using regular expression

2023-09-21 17:56:29 - [TEST_STEP][PASSED] - verifyTextPresent("Pune", true): Text 'Pune' is present on page  using regular expression

2023-09-21 17:56:29 - [MESSAGE][PASSED] - Text 'Pune' is present on page  using regular expression

2023-09-21 17:56:29 - [TEST_STEP][PASSED] - verifyTextPresent("Bhavnagar", true): Text 'Bhavnagar' is present on page  using regular expression

2023-09-21 17:56:29 - [MESSAGE][PASSED] - Text 'Bhavnagar' is present on page  using regular expression

2023-09-21 17:56:29 - [TEST_STEP][PASSED] - verifyTextPresent("Noida", true): Text 'Noida' is present on page  using regular expression

2023-09-21 17:56:30 - [MESSAGE][PASSED] - Text 'Noida' is present on page  using regular expression

2023-09-21 17:56:30 - [TEST_STEP][PASSED] - verifyTextPresent("Amount", true): Text 'Amount' is present on page  using regular expression

2023-09-21 17:56:30 - [MESSAGE][PASSED] - Text 'Amount' is present on page  using regular expression

2023-09-21 17:56:30 - [TEST_STEP][PASSED] - verifyTextPresent("2.50", true): Text '2.50' is present on page  using regular expression

2023-09-21 17:56:30 - [MESSAGE][PASSED] - Text '2.50' is present on page  using regular expression

2023-09-21 17:56:30 - [TEST_STEP][PASSED] - verifyTextPresent("Transaction Type", true): Text 'Transaction Type' is present on page  using regular expression

2023-09-21 17:56:31 - [MESSAGE][PASSED] - Text 'Transaction Type' is present on page  using regular expression

2023-09-21 17:56:31 - [TEST_STEP][PASSED] - verifyTextPresent("Debit", true): Text 'Debit' is present on page  using regular expression

2023-09-21 17:56:31 - [MESSAGE][PASSED] - Text 'Debit' is present on page  using regular expression

2023-09-21 17:56:31 - [TEST_STEP][PASSED] - verifyTextPresent("Check Information", true): Text 'Check Information' is present on page  using regular expression

2023-09-21 17:56:31 - [MESSAGE][PASSED] - Text 'Check Information' is present on page  using regular expression

2023-09-21 17:56:31 - [TEST_STEP][PASSED] - verifyTextPresent("Account Type", true): Text 'Account Type' is present on page  using regular expression

2023-09-21 17:56:31 - [MESSAGE][PASSED] - Text 'Account Type' is present on page  using regular expression

2023-09-21 17:56:31 - [TEST_STEP][PASSED] - verifyTextPresent("Account Number", true): Text 'Account Number' is present on page  using regular expression

2023-09-21 17:56:32 - [MESSAGE][PASSED] - Text 'Account Number' is present on page  using regular expression

2023-09-21 17:56:32 - [TEST_STEP][PASSED] - verifyTextPresent("Routing Number", true): Text 'Routing Number' is present on page  using regular expression

2023-09-21 17:56:32 - [MESSAGE][PASSED] - Text 'Routing Number' is present on page  using regular expression

2023-09-21 17:56:32 - [TEST_STEP][PASSED] - verifyTextPresent("Address Line 1", true): Text 'Address Line 1' is present on page  using regular expression

2023-09-21 17:56:32 - [MESSAGE][PASSED] - Text 'Address Line 1' is present on page  using regular expression

2023-09-21 17:56:32 - [TEST_STEP][PASSED] - verifyTextPresent("Address Line 2", true): Text 'Address Line 2' is present on page  using regular expression

2023-09-21 17:56:33 - [MESSAGE][PASSED] - Text 'Address Line 2' is present on page  using regular expression

2023-09-21 17:56:33 - [TEST_STEP][PASSED] - verifyTextPresent("Country", true): Text 'Country' is present on page  using regular expression

2023-09-21 17:56:33 - [MESSAGE][PASSED] - Text 'Country' is present on page  using regular expression

2023-09-21 17:56:33 - [TEST_STEP][PASSED] - verifyTextPresent("City", true): Text 'City' is present on page  using regular expression

2023-09-21 17:56:33 - [MESSAGE][PASSED] - Text 'City' is present on page  using regular expression

2023-09-21 17:56:33 - [TEST_STEP][PASSED] - verifyTextPresent("State", true): Text 'State' is present on page  using regular expression

2023-09-21 17:56:34 - [MESSAGE][PASSED] - Text 'State' is present on page  using regular expression

2023-09-21 17:56:34 - [TEST_STEP][PASSED] - verifyTextPresent("ZIP Code", true): Text 'ZIP Code' is present on page  using regular expression

2023-09-21 17:56:34 - [MESSAGE][PASSED] - Text 'ZIP Code' is present on page  using regular expression

2023-09-21 17:56:34 - [TEST_STEP][PASSED] - verifyTextPresent("248 PhoolKaante road", true): Text '248 PhoolKaante road' is present on page  using regular expression

2023-09-21 17:56:34 - [MESSAGE][PASSED] - Text '248 PhoolKaante road' is present on page  using regular expression

2023-09-21 17:56:34 - [TEST_STEP][PASSED] - verifyTextPresent("Suite 678", true): Text 'Suite 678' is present on page  using regular expression

2023-09-21 17:56:34 - [MESSAGE][PASSED] - Text 'Suite 678' is present on page  using regular expression

2023-09-21 17:56:34 - [TEST_STEP][PASSED] - verifyTextPresent("United States", true): Text 'United States' is present on page  using regular expression

2023-09-21 17:56:35 - [MESSAGE][PASSED] - Text 'United States' is present on page  using regular expression

2023-09-21 17:56:35 - [TEST_STEP][PASSED] - verifyTextPresent("ARLINGTON", true): Text 'ARLINGTON' is present on page  using regular expression

2023-09-21 17:56:35 - [MESSAGE][PASSED] - Text 'ARLINGTON' is present on page  using regular expression

2023-09-21 17:56:35 - [TEST_STEP][PASSED] - verifyTextPresent("Virginia", true): Text 'Virginia' is present on page  using regular expression

2023-09-21 17:56:35 - [MESSAGE][PASSED] - Text 'Virginia' is present on page  using regular expression

2023-09-21 17:56:35 - [TEST_STEP][PASSED] - verifyTextPresent("22201", true): Text '22201' is present on page  using regular expression

2023-09-21 17:56:36 - [MESSAGE][PASSED] - Text '22201' is present on page  using regular expression

2023-09-21 17:56:36 - [TEST_STEP][PASSED] - tranType = findTestData(dataFile).getValue("TranType", row): null

2023-09-21 17:56:36 - [TEST_STEP][PASSED] - last4V = findTestData(dataFile).getValue("Last4", row): null

2023-09-21 17:56:36 - [TEST_STEP][PASSED] - verifyTextPresent(tranType, true): Text 'Savings' is present on page  using regular expression

2023-09-21 17:56:36 - [MESSAGE][PASSED] - Text 'Savings' is present on page  using regular expression

2023-09-21 17:56:36 - [TEST_STEP][PASSED] - verifyTextPresent(last4V, true): Text '3333' is present on page  using regular expression

2023-09-21 17:56:36 - [MESSAGE][PASSED] - Text '3333' is present on page  using regular expression

2023-09-21 17:56:36 - [TEST_STEP][PASSED] - if (profNameLink.equalsIgnoreCase("a_PaymentsPC")): null

2023-09-21 17:56:36 - [TEST_STEP][PASSED] - if (profNameLink.equalsIgnoreCase("a_PaymentsPS")): Text 'TANDON RAVENA' is present on page  using regular expression

2023-09-21 17:56:36 - [TEST_STEP][PASSED] - verifyTextPresent("Name on Account", true): Text 'Name on Account' is present on page  using regular expression

2023-09-21 17:56:37 - [MESSAGE][PASSED] - Text 'Name on Account' is present on page  using regular expression

2023-09-21 17:56:37 - [TEST_STEP][PASSED] - verifyTextPresent("TANDON RAVENA", true): Text 'TANDON RAVENA' is present on page  using regular expression

2023-09-21 17:56:37 - [MESSAGE][PASSED] - Text 'TANDON RAVENA' is present on page  using regular expression

2023-09-21 17:56:37 - [TEST_STEP][PASSED] - if (profNameLink.equalsIgnoreCase("a_PaymentsCorp")): null

2023-09-21 17:56:37 - [TEST_STEP][PASSED] - switch (appName): null

2023-09-21 17:56:37 - [TEST_STEP][PASSED] - case "a_Access AutoSingleCFtpQA":: null

2023-09-21 17:56:37 - [TEST_STEP][PASSED] - verifyTextPresent("5.00", true): Text '5.00' is present on page  using regular expression

2023-09-21 17:56:37 - [MESSAGE][PASSED] - Text '5.00' is present on page  using regular expression

2023-09-21 17:56:37 - [TEST_STEP][PASSED] - verifyTextPresent("Single Transaction", true): Text 'Single Transaction' is present on page  using regular expression

2023-09-21 17:56:38 - [MESSAGE][PASSED] - Text 'Single Transaction' is present on page  using regular expression

2023-09-21 17:56:38 - [TEST_STEP][PASSED] - verifyTextPresent("7.50", true): Text '7.50' is present on page  using regular expression

2023-09-21 17:56:38 - [MESSAGE][PASSED] - Text '7.50' is present on page  using regular expression

2023-09-21 17:56:38 - [TEST_STEP][PASSED] - verifyTextPresent("Total Amount", true): Text 'Total Amount' is present on page  using regular expression

2023-09-21 17:56:38 - [MESSAGE][PASSED] - Text 'Total Amount' is present on page  using regular expression

2023-09-21 17:56:38 - [TEST_STEP][PASSED] - verifyTextPresent("Transaction Type", true): Text 'Transaction Type' is present on page  using regular expression

2023-09-21 17:56:38 - [MESSAGE][PASSED] - Text 'Transaction Type' is present on page  using regular expression

2023-09-21 17:56:38 - [TEST_STEP][PASSED] - break: null

2023-09-21 17:56:38 - [TEST_STEP][PASSED] - closeBrowser(): Browser is closed

2023-09-21 17:56:39 - [MESSAGE][PASSED] - Browser is closed

2023-09-21 17:56:39 - [TEST_STEP][PASSED] - ExecuteTC = findTestData(dataFile).getValue("Execute", row): null

2023-09-21 17:56:39 - [TEST_STEP][PASSED] - out.println("Value of Execute is : " + ExecuteTC): null

2023-09-21 17:56:39 - [TEST_STEP][PASSED] - switch (executionProfile): null

2023-09-21 17:56:39 - [TEST_STEP][PASSED] - case "QA2Profile":: null

2023-09-21 17:56:39 - [TEST_STEP][PASSED] - appName = findTestData(dataFile).getValue("AppNameQA", row): null

2023-09-21 17:56:39 - [TEST_STEP][PASSED] - appID = findTestData(dataFile).getValue("AppIDQA", row): null

2023-09-21 17:56:39 - [TEST_STEP][PASSED] - break: null

2023-09-21 17:56:39 - [TEST_STEP][PASSED] - if (ExecuteTC.equalsIgnoreCase("Y")): null

2023-09-21 17:56:39 - [TEST_STEP][PASSED] - out.println("Begin Record Number: " + row): null

2023-09-21 17:56:39 - [TEST_STEP][PASSED] - today = new java.util.Date(): null

2023-09-21 17:56:39 - [TEST_STEP][PASSED] - println(today): null

2023-09-21 17:56:39 - [TEST_STEP][PASSED] - datText = today: null

2023-09-21 17:56:39 - [TEST_STEP][PASSED] - adminSuiteBootstrap.loginFunctionality.login_AdminSuite(): adminSuiteBootstrap.loginFunctionality.login_AdminSuite is PASSED

2023-09-21 17:56:39 - [MESSAGE][INFO] - Starting 'Chrome' driver

2023-09-21 17:56:39 - [MESSAGE][INFO] - User set preference: ['acceptInsecureCerts', 'true']

2023-09-21 17:56:39 - [MESSAGE][INFO] - Action delay is set to 0 milliseconds

2023-09-21 17:56:42 - [MESSAGE][PASSED] - Browser is opened with url: 'https://qa2.velocitypayment.com/admin/imtiaz'

2023-09-21 17:56:42 - [MESSAGE][PASSED] - Current window maximized

2023-09-21 17:56:43 - [MESSAGE][PASSED] - Object 'Object Repository/Login_Page/Login_Username_Okta' is present

2023-09-21 17:56:43 - [MESSAGE][PASSED] - Text 'iahmed' is set on object 'Object Repository/Login_Page/Login_Username_Okta'

2023-09-21 17:56:44 - [MESSAGE][PASSED] - Text 'Hello1111111@' is set on object 'Object Repository/Login_Page/Login_Password_Okta'

2023-09-21 17:56:45 - [MESSAGE][PASSED] - Object: 'Object Repository/Login_Page/Login_Submit_Okta' is clicked on

2023-09-21 17:56:45 - [MESSAGE][PASSED] - adminSuiteBootstrap.loginFunctionality.login_AdminSuite is PASSED

2023-09-21 17:56:45 - [TEST_STEP][PASSED] - click(findTestObject(path_Dashboard + appName)): Object: 'Object Repository/AdminSuiteBootstrap_Pages/Dashboard_Bootstrap/a_Access AutoSingleCFtpQA' is clicked on

2023-09-21 17:56:51 - [MESSAGE][PASSED] - Object: 'Object Repository/AdminSuiteBootstrap_Pages/Dashboard_Bootstrap/a_Access AutoSingleCFtpQA' is clicked on

2023-09-21 17:56:51 - [TEST_STEP][PASSED] - click(findTestObject(path_VT + "a_Find Profile")): Object: 'Object Repository/AdminSuiteBootstrap_Pages/VT_Bootstrap/IssueTransactions/a_Find Profile' is clicked on

2023-09-21 17:56:52 - [MESSAGE][PASSED] - Object: 'Object Repository/AdminSuiteBootstrap_Pages/VT_Bootstrap/IssueTransactions/a_Find Profile' is clicked on

2023-09-21 17:56:52 - [TEST_STEP][PASSED] - criteria = <not implemented yet for class: org.codehaus.groovy.ast.expr.EmptyExpression>: null

2023-09-21 17:56:52 - [TEST_STEP][PASSED] - searchBy = <not implemented yet for class: org.codehaus.groovy.ast.expr.EmptyExpression>: null

2023-09-21 17:56:52 - [TEST_STEP][PASSED] - criteria = findTestData(dataFile).getValue("ProfileName", row): null

2023-09-21 17:56:52 - [TEST_STEP][PASSED] - path_SearchProfile = "Object Repository/AdminSuiteBootstrap_Pages/VSP_Bootstrap/SearchProfile/": null

2023-09-21 17:56:52 - [TEST_STEP][PASSED] - setText(findTestObject(path_SearchProfile + "input_Criteria"), criteria): Text 'PaymentsPS' is set on object 'Object Repository/AdminSuiteBootstrap_Pages/VSP_Bootstrap/SearchProfile/input_Criteria'

2023-09-21 17:56:53 - [MESSAGE][PASSED] - Text 'PaymentsPS' is set on object 'Object Repository/AdminSuiteBootstrap_Pages/VSP_Bootstrap/SearchProfile/input_Criteria'

2023-09-21 17:56:53 - [TEST_STEP][PASSED] - click(findTestObject(path_SearchProfile + "button_Search")): Object: 'Object Repository/AdminSuiteBootstrap_Pages/VSP_Bootstrap/SearchProfile/button_Search' is clicked on

2023-09-21 17:56:54 - [MESSAGE][PASSED] - Object: 'Object Repository/AdminSuiteBootstrap_Pages/VSP_Bootstrap/SearchProfile/button_Search' is clicked on

2023-09-21 17:56:54 - [TEST_STEP][PASSED] - profNameLink = findTestData(dataFile).getValue("ProfileNameLink", row): null

2023-09-21 17:56:54 - [TEST_STEP][PASSED] - click(findTestObject(path_ViewProfile + profNameLink)): Object: 'Object Repository/AdminSuiteBootstrap_Pages/VSP_Bootstrap/View Profile/a_PaymentsPS' is clicked on

2023-09-21 17:56:56 - [MESSAGE][PASSED] - Object: 'Object Repository/AdminSuiteBootstrap_Pages/VSP_Bootstrap/View Profile/a_PaymentsPS' is clicked on

2023-09-21 17:56:56 - [TEST_STEP][PASSED] - click(findTestObject(path_ViewProfile + "a_Debit")): Object: 'Object Repository/AdminSuiteBootstrap_Pages/VSP_Bootstrap/View Profile/a_Debit' is clicked on

2023-09-21 17:56:57 - [MESSAGE][PASSED] - Object: 'Object Repository/AdminSuiteBootstrap_Pages/VSP_Bootstrap/View Profile/a_Debit' is clicked on

2023-09-21 17:56:57 - [TEST_STEP][PASSED] - verifyTextPresent("Remittance ID", true): Text 'Remittance ID' is present on page  using regular expression

2023-09-21 17:56:58 - [MESSAGE][PASSED] - Text 'Remittance ID' is present on page  using regular expression

2023-09-21 17:56:58 - [TEST_STEP][PASSED] - vspBootstrap.ACHDebitPage.setDataACHDebit(row, dataFile): vspBootstrap.ACHDebitPage.setDataACHDebit is PASSED

2023-09-21 17:56:59 - [MESSAGE][PASSED] - All options with value 'TEL' are selected in object 'Object Repository/AdminSuiteBootstrap_Pages/VSP_Bootstrap/VSP_Debit/select_StdEntryClass'  using regular expression

2023-09-21 17:57:00 - [MESSAGE][PASSED] - Text '' is set on object 'Object Repository/AdminSuiteBootstrap_Pages/VSP_Bootstrap/VSP_Debit/input_smsNumber'

2023-09-21 17:57:00 - [MESSAGE][PASSED] - Text '2.50' is set on object 'Object Repository/AdminSuiteBootstrap_Pages/VSP_Bootstrap/VSP_Debit/input_amount'

2023-09-21 17:57:01 - [MESSAGE][PASSED] - Text 'Delhi' is set on object 'Object Repository/AdminSuiteBootstrap_Pages/VSP_Bootstrap/VSP_Debit/input_userDefined1'

2023-09-21 17:57:02 - [MESSAGE][PASSED] - Text 'Chennai' is set on object 'Object Repository/AdminSuiteBootstrap_Pages/VSP_Bootstrap/VSP_Debit/input_userDefined2'

2023-09-21 17:57:02 - [MESSAGE][PASSED] - Text 'Mumbai' is set on object 'Object Repository/AdminSuiteBootstrap_Pages/VSP_Bootstrap/VSP_Debit/input_userDefined3'

2023-09-21 17:57:03 - [MESSAGE][PASSED] - Text 'Kanpur' is set on object 'Object Repository/AdminSuiteBootstrap_Pages/VSP_Bootstrap/VSP_Debit/input_userDefined4'

2023-09-21 17:57:04 - [MESSAGE][PASSED] - All options with label 'Orange' are selected in object 'Object Repository/AdminSuiteBootstrap_Pages/VSP_Bootstrap/VSP_Debit/select_UDF5'  using regular expression

2023-09-21 17:57:05 - [MESSAGE][PASSED] - All options with label 'Yellow' are selected in object 'Object Repository/AdminSuiteBootstrap_Pages/VSP_Bootstrap/VSP_Debit/select_UDF6'  using regular expression

2023-09-21 17:57:05 - [MESSAGE][PASSED] - Text 'Kolkata' is set on object 'Object Repository/AdminSuiteBootstrap_Pages/VSP_Bootstrap/VSP_Debit/input_userDefined7'

2023-09-21 17:57:06 - [MESSAGE][PASSED] - Text 'Pune' is set on object 'Object Repository/AdminSuiteBootstrap_Pages/VSP_Bootstrap/VSP_Debit/input_userDefined8'

2023-09-21 17:57:07 - [MESSAGE][PASSED] - Text 'Bhavnagar' is set on object 'Object Repository/AdminSuiteBootstrap_Pages/VSP_Bootstrap/VSP_Debit/input_userDefined9'

2023-09-21 17:57:07 - [MESSAGE][PASSED] - Text 'Noida' is set on object 'Object Repository/AdminSuiteBootstrap_Pages/VSP_Bootstrap/VSP_Debit/input_userDefined10'

2023-09-21 17:57:08 - [MESSAGE][PASSED] - Object: 'Object Repository/AdminSuiteBootstrap_Pages/VSP_Bootstrap/VSP_Debit/button_Submit' is clicked on

2023-09-21 17:57:08 - [MESSAGE][PASSED] - vspBootstrap.ACHDebitPage.setDataACHDebit is PASSED

2023-09-21 17:57:08 - [TEST_STEP][PASSED] - verifyTextPresent("Transaction Successful", true): Text 'Transaction Successful' is present on page  using regular expression

2023-09-21 17:57:09 - [MESSAGE][PASSED] - Text 'Transaction Successful' is present on page  using regular expression

2023-09-21 17:57:09 - [TEST_STEP][PASSED] - verifyElementVisible(findTestObject("Object Repository/AdminSuiteBootstrap_Pages/VT_Bootstrap/Receipt/button_Continue")): Object 'Object Repository/AdminSuiteBootstrap_Pages/VT_Bootstrap/Receipt/button_Continue' is visible

2023-09-21 17:57:09 - [MESSAGE][PASSED] - Object 'Object Repository/AdminSuiteBootstrap_Pages/VT_Bootstrap/Receipt/button_Continue' is visible

2023-09-21 17:57:09 - [TEST_STEP][PASSED] - verifyElementPresent(findTestObject("Object Repository/AdminSuiteBootstrap_Pages/VT_Bootstrap/Receipt/button_Continue"), 20): Object 'Object Repository/AdminSuiteBootstrap_Pages/VT_Bootstrap/Receipt/button_Continue' is present

2023-09-21 17:57:10 - [MESSAGE][PASSED] - Object 'Object Repository/AdminSuiteBootstrap_Pages/VT_Bootstrap/Receipt/button_Continue' is present

2023-09-21 17:57:10 - [TEST_STEP][PASSED] - verifyElementVisible(findTestObject("Object Repository/AdminSuiteBootstrap_Pages/VT_Bootstrap/Receipt/button_Print")): Object 'Object Repository/AdminSuiteBootstrap_Pages/VT_Bootstrap/Receipt/button_Print' is visible

2023-09-21 17:57:10 - [MESSAGE][PASSED] - Object 'Object Repository/AdminSuiteBootstrap_Pages/VT_Bootstrap/Receipt/button_Print' is visible

2023-09-21 17:57:10 - [TEST_STEP][PASSED] - verifyElementPresent(findTestObject("Object Repository/AdminSuiteBootstrap_Pages/VT_Bootstrap/Receipt/button_Print"), 20): Object 'Object Repository/AdminSuiteBootstrap_Pages/VT_Bootstrap/Receipt/button_Print' is present

2023-09-21 17:57:10 - [MESSAGE][PASSED] - Object 'Object Repository/AdminSuiteBootstrap_Pages/VT_Bootstrap/Receipt/button_Print' is present

2023-09-21 17:57:10 - [TEST_STEP][PASSED] - verifyTextPresent("Remittance ID", true): Text 'Remittance ID' is present on page  using regular expression

2023-09-21 17:57:11 - [MESSAGE][PASSED] - Text 'Remittance ID' is present on page  using regular expression

2023-09-21 17:57:11 - [TEST_STEP][PASSED] - verifyTextPresent("Received", true): Text 'Received' is present on page  using regular expression

2023-09-21 17:57:11 - [MESSAGE][PASSED] - Text 'Received' is present on page  using regular expression

2023-09-21 17:57:11 - [TEST_STEP][PASSED] - verifyTextPresent("UDF1", true): Text 'UDF1' is present on page  using regular expression

2023-09-21 17:57:11 - [MESSAGE][PASSED] - Text 'UDF1' is present on page  using regular expression

2023-09-21 17:57:11 - [TEST_STEP][PASSED] - verifyTextPresent("UDF2", true): Text 'UDF2' is present on page  using regular expression

2023-09-21 17:57:11 - [MESSAGE][PASSED] - Text 'UDF2' is present on page  using regular expression

2023-09-21 17:57:11 - [TEST_STEP][PASSED] - verifyTextPresent("UDF3", true): Text 'UDF3' is present on page  using regular expression

2023-09-21 17:57:12 - [MESSAGE][PASSED] - Text 'UDF3' is present on page  using regular expression

2023-09-21 17:57:12 - [TEST_STEP][PASSED] - verifyTextPresent("UDF4", true): Text 'UDF4' is present on page  using regular expression

2023-09-21 17:57:12 - [MESSAGE][PASSED] - Text 'UDF4' is present on page  using regular expression

2023-09-21 17:57:12 - [TEST_STEP][PASSED] - verifyTextPresent("UDF5", true): Text 'UDF5' is present on page  using regular expression

2023-09-21 17:57:12 - [MESSAGE][PASSED] - Text 'UDF5' is present on page  using regular expression

2023-09-21 17:57:12 - [TEST_STEP][PASSED] - verifyTextPresent("UDF6", true): Text 'UDF6' is present on page  using regular expression

2023-09-21 17:57:13 - [MESSAGE][PASSED] - Text 'UDF6' is present on page  using regular expression

2023-09-21 17:57:13 - [TEST_STEP][PASSED] - verifyTextPresent("UDF7", true): Text 'UDF7' is present on page  using regular expression

2023-09-21 17:57:13 - [MESSAGE][PASSED] - Text 'UDF7' is present on page  using regular expression

2023-09-21 17:57:13 - [TEST_STEP][PASSED] - verifyTextPresent("UDF8", true): Text 'UDF8' is present on page  using regular expression

2023-09-21 17:57:13 - [MESSAGE][PASSED] - Text 'UDF8' is present on page  using regular expression

2023-09-21 17:57:13 - [TEST_STEP][PASSED] - verifyTextPresent("UDF9", true): Text 'UDF9' is present on page  using regular expression

2023-09-21 17:57:14 - [MESSAGE][PASSED] - Text 'UDF9' is present on page  using regular expression

2023-09-21 17:57:14 - [TEST_STEP][PASSED] - verifyTextPresent("UDF 10", true): Text 'UDF 10' is present on page  using regular expression

2023-09-21 17:57:14 - [MESSAGE][PASSED] - Text 'UDF 10' is present on page  using regular expression

2023-09-21 17:57:14 - [TEST_STEP][PASSED] - verifyTextPresent("Delhi", true): Text 'Delhi' is present on page  using regular expression

2023-09-21 17:57:14 - [MESSAGE][PASSED] - Text 'Delhi' is present on page  using regular expression

2023-09-21 17:57:14 - [TEST_STEP][PASSED] - verifyTextPresent("Chennai", true): Text 'Chennai' is present on page  using regular expression

2023-09-21 17:57:14 - [MESSAGE][PASSED] - Text 'Chennai' is present on page  using regular expression

2023-09-21 17:57:14 - [TEST_STEP][PASSED] - verifyTextPresent("Mumbai", true): Text 'Mumbai' is present on page  using regular expression

2023-09-21 17:57:15 - [MESSAGE][PASSED] - Text 'Mumbai' is present on page  using regular expression

2023-09-21 17:57:15 - [TEST_STEP][PASSED] - verifyTextPresent("Kanpur", true): Text 'Kanpur' is present on page  using regular expression

2023-09-21 17:57:15 - [MESSAGE][PASSED] - Text 'Kanpur' is present on page  using regular expression

2023-09-21 17:57:15 - [TEST_STEP][PASSED] - verifyTextPresent("Orange Recorded", true): Text 'Orange Recorded' is present on page  using regular expression

2023-09-21 17:57:15 - [MESSAGE][PASSED] - Text 'Orange Recorded' is present on page  using regular expression

2023-09-21 17:57:15 - [TEST_STEP][PASSED] - verifyTextPresent("Yellow Recorded", true): Text 'Yellow Recorded' is present on page  using regular expression

2023-09-21 17:57:16 - [MESSAGE][PASSED] - Text 'Yellow Recorded' is present on page  using regular expression

2023-09-21 17:57:16 - [TEST_STEP][PASSED] - verifyTextPresent("Kolkata", true): Text 'Kolkata' is present on page  using regular expression

2023-09-21 17:57:16 - [MESSAGE][PASSED] - Text 'Kolkata' is present on page  using regular expression

2023-09-21 17:57:16 - [TEST_STEP][PASSED] - verifyTextPresent("Pune", true): Text 'Pune' is present on page  using regular expression

2023-09-21 17:57:16 - [MESSAGE][PASSED] - Text 'Pune' is present on page  using regular expression

2023-09-21 17:57:16 - [TEST_STEP][PASSED] - verifyTextPresent("Bhavnagar", true): Text 'Bhavnagar' is present on page  using regular expression

2023-09-21 17:57:17 - [MESSAGE][PASSED] - Text 'Bhavnagar' is present on page  using regular expression

2023-09-21 17:57:17 - [TEST_STEP][PASSED] - verifyTextPresent("Noida", true): Text 'Noida' is present on page  using regular expression

2023-09-21 17:57:17 - [MESSAGE][PASSED] - Text 'Noida' is present on page  using regular expression

2023-09-21 17:57:17 - [TEST_STEP][PASSED] - verifyTextPresent("Amount", true): Text 'Amount' is present on page  using regular expression

2023-09-21 17:57:17 - [MESSAGE][PASSED] - Text 'Amount' is present on page  using regular expression

2023-09-21 17:57:17 - [TEST_STEP][PASSED] - verifyTextPresent("2.50", true): Text '2.50' is present on page  using regular expression

2023-09-21 17:57:17 - [MESSAGE][PASSED] - Text '2.50' is present on page  using regular expression

2023-09-21 17:57:17 - [TEST_STEP][PASSED] - verifyTextPresent("Transaction Type", true): Text 'Transaction Type' is present on page  using regular expression

2023-09-21 17:57:18 - [MESSAGE][PASSED] - Text 'Transaction Type' is present on page  using regular expression

2023-09-21 17:57:18 - [TEST_STEP][PASSED] - verifyTextPresent("Debit", true): Text 'Debit' is present on page  using regular expression

2023-09-21 17:57:18 - [MESSAGE][PASSED] - Text 'Debit' is present on page  using regular expression

2023-09-21 17:57:18 - [TEST_STEP][PASSED] - verifyTextPresent("Check Information", true): Text 'Check Information' is present on page  using regular expression

2023-09-21 17:57:18 - [MESSAGE][PASSED] - Text 'Check Information' is present on page  using regular expression

2023-09-21 17:57:18 - [TEST_STEP][PASSED] - verifyTextPresent("Account Type", true): Text 'Account Type' is present on page  using regular expression

2023-09-21 17:57:19 - [MESSAGE][PASSED] - Text 'Account Type' is present on page  using regular expression

2023-09-21 17:57:19 - [TEST_STEP][PASSED] - verifyTextPresent("Account Number", true): Text 'Account Number' is present on page  using regular expression

2023-09-21 17:57:19 - [MESSAGE][PASSED] - Text 'Account Number' is present on page  using regular expression

2023-09-21 17:57:19 - [TEST_STEP][PASSED] - verifyTextPresent("Routing Number", true): Text 'Routing Number' is present on page  using regular expression

2023-09-21 17:57:19 - [MESSAGE][PASSED] - Text 'Routing Number' is present on page  using regular expression

2023-09-21 17:57:19 - [TEST_STEP][PASSED] - verifyTextPresent("Address Line 1", true): Text 'Address Line 1' is present on page  using regular expression

2023-09-21 17:57:20 - [MESSAGE][PASSED] - Text 'Address Line 1' is present on page  using regular expression

2023-09-21 17:57:20 - [TEST_STEP][PASSED] - verifyTextPresent("Address Line 2", true): Text 'Address Line 2' is present on page  using regular expression

2023-09-21 17:57:20 - [MESSAGE][PASSED] - Text 'Address Line 2' is present on page  using regular expression

2023-09-21 17:57:20 - [TEST_STEP][PASSED] - verifyTextPresent("Country", true): Text 'Country' is present on page  using regular expression

2023-09-21 17:57:20 - [MESSAGE][PASSED] - Text 'Country' is present on page  using regular expression

2023-09-21 17:57:20 - [TEST_STEP][PASSED] - verifyTextPresent("City", true): Text 'City' is present on page  using regular expression

2023-09-21 17:57:21 - [MESSAGE][PASSED] - Text 'City' is present on page  using regular expression

2023-09-21 17:57:21 - [TEST_STEP][PASSED] - verifyTextPresent("State", true): Text 'State' is present on page  using regular expression

2023-09-21 17:57:21 - [MESSAGE][PASSED] - Text 'State' is present on page  using regular expression

2023-09-21 17:57:21 - [TEST_STEP][PASSED] - verifyTextPresent("ZIP Code", true): Text 'ZIP Code' is present on page  using regular expression

2023-09-21 17:57:21 - [MESSAGE][PASSED] - Text 'ZIP Code' is present on page  using regular expression

2023-09-21 17:57:21 - [TEST_STEP][PASSED] - verifyTextPresent("248 PhoolKaante road", true): Text '248 PhoolKaante road' is present on page  using regular expression

2023-09-21 17:57:21 - [MESSAGE][PASSED] - Text '248 PhoolKaante road' is present on page  using regular expression

2023-09-21 17:57:21 - [TEST_STEP][PASSED] - verifyTextPresent("Suite 678", true): Text 'Suite 678' is present on page  using regular expression

2023-09-21 17:57:22 - [MESSAGE][PASSED] - Text 'Suite 678' is present on page  using regular expression

2023-09-21 17:57:22 - [TEST_STEP][PASSED] - verifyTextPresent("United States", true): Text 'United States' is present on page  using regular expression

2023-09-21 17:57:22 - [MESSAGE][PASSED] - Text 'United States' is present on page  using regular expression

2023-09-21 17:57:22 - [TEST_STEP][PASSED] - verifyTextPresent("ARLINGTON", true): Text 'ARLINGTON' is present on page  using regular expression

2023-09-21 17:57:22 - [MESSAGE][PASSED] - Text 'ARLINGTON' is present on page  using regular expression

2023-09-21 17:57:22 - [TEST_STEP][PASSED] - verifyTextPresent("Virginia", true): Text 'Virginia' is present on page  using regular expression

2023-09-21 17:57:23 - [MESSAGE][PASSED] - Text 'Virginia' is present on page  using regular expression

2023-09-21 17:57:23 - [TEST_STEP][PASSED] - verifyTextPresent("22201", true): Text '22201' is present on page  using regular expression

2023-09-21 17:57:23 - [MESSAGE][PASSED] - Text '22201' is present on page  using regular expression

2023-09-21 17:57:23 - [TEST_STEP][PASSED] - tranType = findTestData(dataFile).getValue("TranType", row): null

2023-09-21 17:57:23 - [TEST_STEP][PASSED] - last4V = findTestData(dataFile).getValue("Last4", row): null

2023-09-21 17:57:23 - [TEST_STEP][PASSED] - verifyTextPresent(tranType, true): Text 'Savings' is present on page  using regular expression

2023-09-21 17:57:23 - [MESSAGE][PASSED] - Text 'Savings' is present on page  using regular expression

2023-09-21 17:57:23 - [TEST_STEP][PASSED] - verifyTextPresent(last4V, true): Text '3333' is present on page  using regular expression

2023-09-21 17:57:24 - [MESSAGE][PASSED] - Text '3333' is present on page  using regular expression

2023-09-21 17:57:24 - [TEST_STEP][PASSED] - if (profNameLink.equalsIgnoreCase("a_PaymentsPC")): null

2023-09-21 17:57:24 - [TEST_STEP][PASSED] - if (profNameLink.equalsIgnoreCase("a_PaymentsPS")): Text 'TANDON RAVENA' is present on page  using regular expression

2023-09-21 17:57:24 - [TEST_STEP][PASSED] - verifyTextPresent("Name on Account", true): Text 'Name on Account' is present on page  using regular expression

2023-09-21 17:57:24 - [MESSAGE][PASSED] - Text 'Name on Account' is present on page  using regular expression

2023-09-21 17:57:24 - [TEST_STEP][PASSED] - verifyTextPresent("TANDON RAVENA", true): Text 'TANDON RAVENA' is present on page  using regular expression

2023-09-21 17:57:24 - [MESSAGE][PASSED] - Text 'TANDON RAVENA' is present on page  using regular expression

2023-09-21 17:57:24 - [TEST_STEP][PASSED] - if (profNameLink.equalsIgnoreCase("a_PaymentsCorp")): null

2023-09-21 17:57:24 - [TEST_STEP][PASSED] - switch (appName): null

2023-09-21 17:57:24 - [TEST_STEP][PASSED] - case "a_Access AutoSingleCFtpQA":: null

2023-09-21 17:57:24 - [TEST_STEP][PASSED] - verifyTextPresent("5.00", true): Text '5.00' is present on page  using regular expression

2023-09-21 17:57:25 - [MESSAGE][PASSED] - Text '5.00' is present on page  using regular expression

2023-09-21 17:57:25 - [TEST_STEP][PASSED] - verifyTextPresent("Single Transaction", true): Text 'Single Transaction' is present on page  using regular expression

2023-09-21 17:57:25 - [MESSAGE][PASSED] - Text 'Single Transaction' is present on page  using regular expression

2023-09-21 17:57:25 - [TEST_STEP][PASSED] - verifyTextPresent("7.50", true): Text '7.50' is present on page  using regular expression

2023-09-21 17:57:25 - [MESSAGE][PASSED] - Text '7.50' is present on page  using regular expression

2023-09-21 17:57:25 - [TEST_STEP][PASSED] - verifyTextPresent("Total Amount", true): Text 'Total Amount' is present on page  using regular expression

2023-09-21 17:57:25 - [MESSAGE][PASSED] - Text 'Total Amount' is present on page  using regular expression

2023-09-21 17:57:25 - [TEST_STEP][PASSED] - verifyTextPresent("Transaction Type", true): Text 'Transaction Type' is present on page  using regular expression

2023-09-21 17:57:26 - [MESSAGE][PASSED] - Text 'Transaction Type' is present on page  using regular expression

2023-09-21 17:57:26 - [TEST_STEP][PASSED] - break: null

2023-09-21 17:57:26 - [TEST_STEP][PASSED] - closeBrowser(): Browser is closed

2023-09-21 17:57:27 - [MESSAGE][PASSED] - Browser is closed

2023-09-21 17:57:27 - [TEST_STEP][PASSED] - ExecuteTC = findTestData(dataFile).getValue("Execute", row): null

2023-09-21 17:57:27 - [TEST_STEP][PASSED] - out.println("Value of Execute is : " + ExecuteTC): null

2023-09-21 17:57:27 - [TEST_STEP][PASSED] - switch (executionProfile): null

2023-09-21 17:57:27 - [TEST_STEP][PASSED] - case "QA2Profile":: null

2023-09-21 17:57:27 - [TEST_STEP][PASSED] - appName = findTestData(dataFile).getValue("AppNameQA", row): null

2023-09-21 17:57:27 - [TEST_STEP][PASSED] - appID = findTestData(dataFile).getValue("AppIDQA", row): null

2023-09-21 17:57:27 - [TEST_STEP][PASSED] - break: null

2023-09-21 17:57:27 - [TEST_STEP][PASSED] - if (ExecuteTC.equalsIgnoreCase("Y")): null

2023-09-21 17:57:27 - [TEST_STEP][PASSED] - out.println("Begin Record Number: " + row): null

2023-09-21 17:57:27 - [TEST_STEP][PASSED] - today = new java.util.Date(): null

2023-09-21 17:57:27 - [TEST_STEP][PASSED] - println(today): null

2023-09-21 17:57:27 - [TEST_STEP][PASSED] - datText = today: null

2023-09-21 17:57:27 - [TEST_STEP][PASSED] - adminSuiteBootstrap.loginFunctionality.login_AdminSuite(): adminSuiteBootstrap.loginFunctionality.login_AdminSuite is PASSED

2023-09-21 17:57:27 - [MESSAGE][INFO] - Starting 'Chrome' driver

2023-09-21 17:57:27 - [MESSAGE][INFO] - User set preference: ['acceptInsecureCerts', 'true']

2023-09-21 17:57:27 - [MESSAGE][INFO] - Action delay is set to 0 milliseconds

2023-09-21 17:57:29 - [MESSAGE][PASSED] - Browser is opened with url: 'https://qa2.velocitypayment.com/admin/imtiaz'

2023-09-21 17:57:30 - [MESSAGE][PASSED] - Current window maximized

2023-09-21 17:57:30 - [MESSAGE][PASSED] - Object 'Object Repository/Login_Page/Login_Username_Okta' is present

2023-09-21 17:57:31 - [MESSAGE][PASSED] - Text 'iahmed' is set on object 'Object Repository/Login_Page/Login_Username_Okta'

2023-09-21 17:57:32 - [MESSAGE][PASSED] - Text 'Hello1111111@' is set on object 'Object Repository/Login_Page/Login_Password_Okta'

2023-09-21 17:57:32 - [MESSAGE][PASSED] - Object: 'Object Repository/Login_Page/Login_Submit_Okta' is clicked on

2023-09-21 17:57:32 - [MESSAGE][PASSED] - adminSuiteBootstrap.loginFunctionality.login_AdminSuite is PASSED

2023-09-21 17:57:32 - [TEST_STEP][PASSED] - click(findTestObject(path_Dashboard + appName)): Object: 'Object Repository/AdminSuiteBootstrap_Pages/Dashboard_Bootstrap/a_Access AutoSingleCFtpQA' is clicked on

2023-09-21 17:57:38 - [MESSAGE][PASSED] - Object: 'Object Repository/AdminSuiteBootstrap_Pages/Dashboard_Bootstrap/a_Access AutoSingleCFtpQA' is clicked on

2023-09-21 17:57:38 - [TEST_STEP][PASSED] - click(findTestObject(path_VT + "a_Find Profile")): Object: 'Object Repository/AdminSuiteBootstrap_Pages/VT_Bootstrap/IssueTransactions/a_Find Profile' is clicked on

2023-09-21 17:57:39 - [MESSAGE][PASSED] - Object: 'Object Repository/AdminSuiteBootstrap_Pages/VT_Bootstrap/IssueTransactions/a_Find Profile' is clicked on

2023-09-21 17:57:39 - [TEST_STEP][PASSED] - criteria = <not implemented yet for class: org.codehaus.groovy.ast.expr.EmptyExpression>: null

2023-09-21 17:57:39 - [TEST_STEP][PASSED] - searchBy = <not implemented yet for class: org.codehaus.groovy.ast.expr.EmptyExpression>: null

2023-09-21 17:57:39 - [TEST_STEP][PASSED] - criteria = findTestData(dataFile).getValue("ProfileName", row): null

2023-09-21 17:57:39 - [TEST_STEP][PASSED] - path_SearchProfile = "Object Repository/AdminSuiteBootstrap_Pages/VSP_Bootstrap/SearchProfile/": null

2023-09-21 17:57:39 - [TEST_STEP][PASSED] - setText(findTestObject(path_SearchProfile + "input_Criteria"), criteria): Text 'PaymentsCorp' is set on object 'Object Repository/AdminSuiteBootstrap_Pages/VSP_Bootstrap/SearchProfile/input_Criteria'

2023-09-21 17:57:40 - [MESSAGE][PASSED] - Text 'PaymentsCorp' is set on object 'Object Repository/AdminSuiteBootstrap_Pages/VSP_Bootstrap/SearchProfile/input_Criteria'

2023-09-21 17:57:40 - [TEST_STEP][PASSED] - click(findTestObject(path_SearchProfile + "button_Search")): Object: 'Object Repository/AdminSuiteBootstrap_Pages/VSP_Bootstrap/SearchProfile/button_Search' is clicked on

2023-09-21 17:57:40 - [MESSAGE][PASSED] - Object: 'Object Repository/AdminSuiteBootstrap_Pages/VSP_Bootstrap/SearchProfile/button_Search' is clicked on

2023-09-21 17:57:40 - [TEST_STEP][PASSED] - profNameLink = findTestData(dataFile).getValue("ProfileNameLink", row): null

2023-09-21 17:57:40 - [TEST_STEP][PASSED] - click(findTestObject(path_ViewProfile + profNameLink)): Object: 'Object Repository/AdminSuiteBootstrap_Pages/VSP_Bootstrap/View Profile/a_PaymentsCorp' is clicked on

2023-09-21 17:57:42 - [MESSAGE][PASSED] - Object: 'Object Repository/AdminSuiteBootstrap_Pages/VSP_Bootstrap/View Profile/a_PaymentsCorp' is clicked on

2023-09-21 17:57:42 - [TEST_STEP][PASSED] - click(findTestObject(path_ViewProfile + "a_Debit")): Object: 'Object Repository/AdminSuiteBootstrap_Pages/VSP_Bootstrap/View Profile/a_Debit' is clicked on

2023-09-21 17:57:43 - [MESSAGE][PASSED] - Object: 'Object Repository/AdminSuiteBootstrap_Pages/VSP_Bootstrap/View Profile/a_Debit' is clicked on

2023-09-21 17:57:43 - [TEST_STEP][PASSED] - verifyTextPresent("Remittance ID", true): Text 'Remittance ID' is present on page  using regular expression

2023-09-21 17:57:44 - [MESSAGE][PASSED] - Text 'Remittance ID' is present on page  using regular expression

2023-09-21 17:57:44 - [TEST_STEP][PASSED] - vspBootstrap.ACHDebitPage.setDataACHDebit(row, dataFile): vspBootstrap.ACHDebitPage.setDataACHDebit is PASSED

2023-09-21 17:57:45 - [MESSAGE][PASSED] - All options with value 'CCD' are selected in object 'Object Repository/AdminSuiteBootstrap_Pages/VSP_Bootstrap/VSP_Debit/select_StdEntryClass'  using regular expression

2023-09-21 17:57:46 - [MESSAGE][PASSED] - Text '' is set on object 'Object Repository/AdminSuiteBootstrap_Pages/VSP_Bootstrap/VSP_Debit/input_smsNumber'

2023-09-21 17:57:47 - [MESSAGE][PASSED] - Text '2.50' is set on object 'Object Repository/AdminSuiteBootstrap_Pages/VSP_Bootstrap/VSP_Debit/input_amount'

2023-09-21 17:57:48 - [MESSAGE][PASSED] - Text '123456789' is set on object 'Object Repository/AdminSuiteBootstrap_Pages/VSP_Bootstrap/VSP_Debit/input_ein'

2023-09-21 17:57:48 - [MESSAGE][PASSED] - Text 'Delhi' is set on object 'Object Repository/AdminSuiteBootstrap_Pages/VSP_Bootstrap/VSP_Debit/input_userDefined1'

2023-09-21 17:57:49 - [MESSAGE][PASSED] - Text 'Chennai' is set on object 'Object Repository/AdminSuiteBootstrap_Pages/VSP_Bootstrap/VSP_Debit/input_userDefined2'

2023-09-21 17:57:49 - [MESSAGE][PASSED] - Text 'Mumbai' is set on object 'Object Repository/AdminSuiteBootstrap_Pages/VSP_Bootstrap/VSP_Debit/input_userDefined3'

2023-09-21 17:57:50 - [MESSAGE][PASSED] - Text 'Kanpur' is set on object 'Object Repository/AdminSuiteBootstrap_Pages/VSP_Bootstrap/VSP_Debit/input_userDefined4'

2023-09-21 17:57:51 - [MESSAGE][PASSED] - All options with label 'Orange' are selected in object 'Object Repository/AdminSuiteBootstrap_Pages/VSP_Bootstrap/VSP_Debit/select_UDF5'  using regular expression

2023-09-21 17:57:52 - [MESSAGE][PASSED] - All options with label 'Yellow' are selected in object 'Object Repository/AdminSuiteBootstrap_Pages/VSP_Bootstrap/VSP_Debit/select_UDF6'  using regular expression

2023-09-21 17:57:52 - [MESSAGE][PASSED] - Text 'Kolkata' is set on object 'Object Repository/AdminSuiteBootstrap_Pages/VSP_Bootstrap/VSP_Debit/input_userDefined7'

2023-09-21 17:57:53 - [MESSAGE][PASSED] - Text 'Pune' is set on object 'Object Repository/AdminSuiteBootstrap_Pages/VSP_Bootstrap/VSP_Debit/input_userDefined8'

2023-09-21 17:57:54 - [MESSAGE][PASSED] - Text 'Bhavnagar' is set on object 'Object Repository/AdminSuiteBootstrap_Pages/VSP_Bootstrap/VSP_Debit/input_userDefined9'

2023-09-21 17:57:54 - [MESSAGE][PASSED] - Text 'Noida' is set on object 'Object Repository/AdminSuiteBootstrap_Pages/VSP_Bootstrap/VSP_Debit/input_userDefined10'

2023-09-21 17:57:55 - [MESSAGE][PASSED] - Object: 'Object Repository/AdminSuiteBootstrap_Pages/VSP_Bootstrap/VSP_Debit/button_Submit' is clicked on

2023-09-21 17:57:55 - [MESSAGE][PASSED] - vspBootstrap.ACHDebitPage.setDataACHDebit is PASSED

2023-09-21 17:57:55 - [TEST_STEP][PASSED] - verifyTextPresent("Transaction Successful", true): Text 'Transaction Successful' is present on page  using regular expression

2023-09-21 17:57:56 - [MESSAGE][PASSED] - Text 'Transaction Successful' is present on page  using regular expression

2023-09-21 17:57:56 - [TEST_STEP][PASSED] - verifyElementVisible(findTestObject("Object Repository/AdminSuiteBootstrap_Pages/VT_Bootstrap/Receipt/button_Continue")): Object 'Object Repository/AdminSuiteBootstrap_Pages/VT_Bootstrap/Receipt/button_Continue' is visible

2023-09-21 17:57:56 - [MESSAGE][PASSED] - Object 'Object Repository/AdminSuiteBootstrap_Pages/VT_Bootstrap/Receipt/button_Continue' is visible

2023-09-21 17:57:56 - [TEST_STEP][PASSED] - verifyElementPresent(findTestObject("Object Repository/AdminSuiteBootstrap_Pages/VT_Bootstrap/Receipt/button_Continue"), 20): Object 'Object Repository/AdminSuiteBootstrap_Pages/VT_Bootstrap/Receipt/button_Continue' is present

2023-09-21 17:57:57 - [MESSAGE][PASSED] - Object 'Object Repository/AdminSuiteBootstrap_Pages/VT_Bootstrap/Receipt/button_Continue' is present

2023-09-21 17:57:57 - [TEST_STEP][PASSED] - verifyElementVisible(findTestObject("Object Repository/AdminSuiteBootstrap_Pages/VT_Bootstrap/Receipt/button_Print")): Object 'Object Repository/AdminSuiteBootstrap_Pages/VT_Bootstrap/Receipt/button_Print' is visible

2023-09-21 17:57:57 - [MESSAGE][PASSED] - Object 'Object Repository/AdminSuiteBootstrap_Pages/VT_Bootstrap/Receipt/button_Print' is visible

2023-09-21 17:57:57 - [TEST_STEP][PASSED] - verifyElementPresent(findTestObject("Object Repository/AdminSuiteBootstrap_Pages/VT_Bootstrap/Receipt/button_Print"), 20): Object 'Object Repository/AdminSuiteBootstrap_Pages/VT_Bootstrap/Receipt/button_Print' is present

2023-09-21 17:57:57 - [MESSAGE][PASSED] - Object 'Object Repository/AdminSuiteBootstrap_Pages/VT_Bootstrap/Receipt/button_Print' is present

2023-09-21 17:57:57 - [TEST_STEP][PASSED] - verifyTextPresent("Remittance ID", true): Text 'Remittance ID' is present on page  using regular expression

2023-09-21 17:57:58 - [MESSAGE][PASSED] - Text 'Remittance ID' is present on page  using regular expression

2023-09-21 17:57:58 - [TEST_STEP][PASSED] - verifyTextPresent("Received", true): Text 'Received' is present on page  using regular expression

2023-09-21 17:57:58 - [MESSAGE][PASSED] - Text 'Received' is present on page  using regular expression

2023-09-21 17:57:58 - [TEST_STEP][PASSED] - verifyTextPresent("UDF1", true): Text 'UDF1' is present on page  using regular expression

2023-09-21 17:57:58 - [MESSAGE][PASSED] - Text 'UDF1' is present on page  using regular expression

2023-09-21 17:57:58 - [TEST_STEP][PASSED] - verifyTextPresent("UDF2", true): Text 'UDF2' is present on page  using regular expression

2023-09-21 17:57:58 - [MESSAGE][PASSED] - Text 'UDF2' is present on page  using regular expression

2023-09-21 17:57:58 - [TEST_STEP][PASSED] - verifyTextPresent("UDF3", true): Text 'UDF3' is present on page  using regular expression

2023-09-21 17:57:59 - [MESSAGE][PASSED] - Text 'UDF3' is present on page  using regular expression

2023-09-21 17:57:59 - [TEST_STEP][PASSED] - verifyTextPresent("UDF4", true): Text 'UDF4' is present on page  using regular expression

2023-09-21 17:57:59 - [MESSAGE][PASSED] - Text 'UDF4' is present on page  using regular expression

2023-09-21 17:57:59 - [TEST_STEP][PASSED] - verifyTextPresent("UDF5", true): Text 'UDF5' is present on page  using regular expression

2023-09-21 17:57:59 - [MESSAGE][PASSED] - Text 'UDF5' is present on page  using regular expression

2023-09-21 17:57:59 - [TEST_STEP][PASSED] - verifyTextPresent("UDF6", true): Text 'UDF6' is present on page  using regular expression

2023-09-21 17:58:00 - [MESSAGE][PASSED] - Text 'UDF6' is present on page  using regular expression

2023-09-21 17:58:00 - [TEST_STEP][PASSED] - verifyTextPresent("UDF7", true): Text 'UDF7' is present on page  using regular expression

2023-09-21 17:58:00 - [MESSAGE][PASSED] - Text 'UDF7' is present on page  using regular expression

2023-09-21 17:58:00 - [TEST_STEP][PASSED] - verifyTextPresent("UDF8", true): Text 'UDF8' is present on page  using regular expression

2023-09-21 17:58:00 - [MESSAGE][PASSED] - Text 'UDF8' is present on page  using regular expression

2023-09-21 17:58:00 - [TEST_STEP][PASSED] - verifyTextPresent("UDF9", true): Text 'UDF9' is present on page  using regular expression

2023-09-21 17:58:01 - [MESSAGE][PASSED] - Text 'UDF9' is present on page  using regular expression

2023-09-21 17:58:01 - [TEST_STEP][PASSED] - verifyTextPresent("UDF 10", true): Text 'UDF 10' is present on page  using regular expression

2023-09-21 17:58:01 - [MESSAGE][PASSED] - Text 'UDF 10' is present on page  using regular expression

2023-09-21 17:58:01 - [TEST_STEP][PASSED] - verifyTextPresent("Delhi", true): Text 'Delhi' is present on page  using regular expression

2023-09-21 17:58:01 - [MESSAGE][PASSED] - Text 'Delhi' is present on page  using regular expression

2023-09-21 17:58:01 - [TEST_STEP][PASSED] - verifyTextPresent("Chennai", true): Text 'Chennai' is present on page  using regular expression

2023-09-21 17:58:01 - [MESSAGE][PASSED] - Text 'Chennai' is present on page  using regular expression

2023-09-21 17:58:01 - [TEST_STEP][PASSED] - verifyTextPresent("Mumbai", true): Text 'Mumbai' is present on page  using regular expression

2023-09-21 17:58:02 - [MESSAGE][PASSED] - Text 'Mumbai' is present on page  using regular expression

2023-09-21 17:58:02 - [TEST_STEP][PASSED] - verifyTextPresent("Kanpur", true): Text 'Kanpur' is present on page  using regular expression

2023-09-21 17:58:02 - [MESSAGE][PASSED] - Text 'Kanpur' is present on page  using regular expression

2023-09-21 17:58:02 - [TEST_STEP][PASSED] - verifyTextPresent("Orange Recorded", true): Text 'Orange Recorded' is present on page  using regular expression

2023-09-21 17:58:02 - [MESSAGE][PASSED] - Text 'Orange Recorded' is present on page  using regular expression

2023-09-21 17:58:02 - [TEST_STEP][PASSED] - verifyTextPresent("Yellow Recorded", true): Text 'Yellow Recorded' is present on page  using regular expression

2023-09-21 17:58:03 - [MESSAGE][PASSED] - Text 'Yellow Recorded' is present on page  using regular expression

2023-09-21 17:58:03 - [TEST_STEP][PASSED] - verifyTextPresent("Kolkata", true): Text 'Kolkata' is present on page  using regular expression

2023-09-21 17:58:03 - [MESSAGE][PASSED] - Text 'Kolkata' is present on page  using regular expression

2023-09-21 17:58:03 - [TEST_STEP][PASSED] - verifyTextPresent("Pune", true): Text 'Pune' is present on page  using regular expression

2023-09-21 17:58:03 - [MESSAGE][PASSED] - Text 'Pune' is present on page  using regular expression

2023-09-21 17:58:03 - [TEST_STEP][PASSED] - verifyTextPresent("Bhavnagar", true): Text 'Bhavnagar' is present on page  using regular expression

2023-09-21 17:58:04 - [MESSAGE][PASSED] - Text 'Bhavnagar' is present on page  using regular expression

2023-09-21 17:58:04 - [TEST_STEP][PASSED] - verifyTextPresent("Noida", true): Text 'Noida' is present on page  using regular expression

2023-09-21 17:58:04 - [MESSAGE][PASSED] - Text 'Noida' is present on page  using regular expression

2023-09-21 17:58:04 - [TEST_STEP][PASSED] - verifyTextPresent("Amount", true): Text 'Amount' is present on page  using regular expression

2023-09-21 17:58:04 - [MESSAGE][PASSED] - Text 'Amount' is present on page  using regular expression

2023-09-21 17:58:04 - [TEST_STEP][PASSED] - verifyTextPresent("2.50", true): Text '2.50' is present on page  using regular expression

2023-09-21 17:58:05 - [MESSAGE][PASSED] - Text '2.50' is present on page  using regular expression

2023-09-21 17:58:05 - [TEST_STEP][PASSED] - verifyTextPresent("Transaction Type", true): Text 'Transaction Type' is present on page  using regular expression

2023-09-21 17:58:05 - [MESSAGE][PASSED] - Text 'Transaction Type' is present on page  using regular expression

2023-09-21 17:58:05 - [TEST_STEP][PASSED] - verifyTextPresent("Debit", true): Text 'Debit' is present on page  using regular expression

2023-09-21 17:58:05 - [MESSAGE][PASSED] - Text 'Debit' is present on page  using regular expression

2023-09-21 17:58:05 - [TEST_STEP][PASSED] - verifyTextPresent("Check Information", true): Text 'Check Information' is present on page  using regular expression

2023-09-21 17:58:05 - [MESSAGE][PASSED] - Text 'Check Information' is present on page  using regular expression

2023-09-21 17:58:05 - [TEST_STEP][PASSED] - verifyTextPresent("Account Type", true): Text 'Account Type' is present on page  using regular expression

2023-09-21 17:58:06 - [MESSAGE][PASSED] - Text 'Account Type' is present on page  using regular expression

2023-09-21 17:58:06 - [TEST_STEP][PASSED] - verifyTextPresent("Account Number", true): Text 'Account Number' is present on page  using regular expression

2023-09-21 17:58:06 - [MESSAGE][PASSED] - Text 'Account Number' is present on page  using regular expression

2023-09-21 17:58:06 - [TEST_STEP][PASSED] - verifyTextPresent("Routing Number", true): Text 'Routing Number' is present on page  using regular expression

2023-09-21 17:58:06 - [MESSAGE][PASSED] - Text 'Routing Number' is present on page  using regular expression

2023-09-21 17:58:06 - [TEST_STEP][PASSED] - verifyTextPresent("Address Line 1", true): Text 'Address Line 1' is present on page  using regular expression

2023-09-21 17:58:07 - [MESSAGE][PASSED] - Text 'Address Line 1' is present on page  using regular expression

2023-09-21 17:58:07 - [TEST_STEP][PASSED] - verifyTextPresent("Address Line 2", true): Text 'Address Line 2' is present on page  using regular expression

2023-09-21 17:58:07 - [MESSAGE][PASSED] - Text 'Address Line 2' is present on page  using regular expression

2023-09-21 17:58:07 - [TEST_STEP][PASSED] - verifyTextPresent("Country", true): Text 'Country' is present on page  using regular expression

2023-09-21 17:58:07 - [MESSAGE][PASSED] - Text 'Country' is present on page  using regular expression

2023-09-21 17:58:07 - [TEST_STEP][PASSED] - verifyTextPresent("City", true): Text 'City' is present on page  using regular expression

2023-09-21 17:58:08 - [MESSAGE][PASSED] - Text 'City' is present on page  using regular expression

2023-09-21 17:58:08 - [TEST_STEP][PASSED] - verifyTextPresent("State", true): Text 'State' is present on page  using regular expression

2023-09-21 17:58:08 - [MESSAGE][PASSED] - Text 'State' is present on page  using regular expression

2023-09-21 17:58:08 - [TEST_STEP][PASSED] - verifyTextPresent("ZIP Code", true): Text 'ZIP Code' is present on page  using regular expression

2023-09-21 17:58:08 - [MESSAGE][PASSED] - Text 'ZIP Code' is present on page  using regular expression

2023-09-21 17:58:08 - [TEST_STEP][PASSED] - verifyTextPresent("248 PhoolKaante road", true): Text '248 PhoolKaante road' is present on page  using regular expression

2023-09-21 17:58:08 - [MESSAGE][PASSED] - Text '248 PhoolKaante road' is present on page  using regular expression

2023-09-21 17:58:08 - [TEST_STEP][PASSED] - verifyTextPresent("Suite 678", true): Text 'Suite 678' is present on page  using regular expression

2023-09-21 17:58:09 - [MESSAGE][PASSED] - Text 'Suite 678' is present on page  using regular expression

2023-09-21 17:58:09 - [TEST_STEP][PASSED] - verifyTextPresent("United States", true): Text 'United States' is present on page  using regular expression

2023-09-21 17:58:09 - [MESSAGE][PASSED] - Text 'United States' is present on page  using regular expression

2023-09-21 17:58:09 - [TEST_STEP][PASSED] - verifyTextPresent("ARLINGTON", true): Text 'ARLINGTON' is present on page  using regular expression

2023-09-21 17:58:09 - [MESSAGE][PASSED] - Text 'ARLINGTON' is present on page  using regular expression

2023-09-21 17:58:09 - [TEST_STEP][PASSED] - verifyTextPresent("Virginia", true): Text 'Virginia' is present on page  using regular expression

2023-09-21 17:58:10 - [MESSAGE][PASSED] - Text 'Virginia' is present on page  using regular expression

2023-09-21 17:58:10 - [TEST_STEP][PASSED] - verifyTextPresent("22201", true): Text '22201' is present on page  using regular expression

2023-09-21 17:58:10 - [MESSAGE][PASSED] - Text '22201' is present on page  using regular expression

2023-09-21 17:58:10 - [TEST_STEP][PASSED] - tranType = findTestData(dataFile).getValue("TranType", row): null

2023-09-21 17:58:10 - [TEST_STEP][PASSED] - last4V = findTestData(dataFile).getValue("Last4", row): null

2023-09-21 17:58:10 - [TEST_STEP][PASSED] - verifyTextPresent(tranType, true): Text 'Checking' is present on page  using regular expression

2023-09-21 17:58:10 - [MESSAGE][PASSED] - Text 'Checking' is present on page  using regular expression

2023-09-21 17:58:10 - [TEST_STEP][PASSED] - verifyTextPresent(last4V, true): Text '4444' is present on page  using regular expression

2023-09-21 17:58:11 - [MESSAGE][PASSED] - Text '4444' is present on page  using regular expression

2023-09-21 17:58:11 - [TEST_STEP][PASSED] - if (profNameLink.equalsIgnoreCase("a_PaymentsPC")): null

2023-09-21 17:58:11 - [TEST_STEP][PASSED] - if (profNameLink.equalsIgnoreCase("a_PaymentsPS")): null

2023-09-21 17:58:11 - [TEST_STEP][PASSED] - if (profNameLink.equalsIgnoreCase("a_PaymentsCorp")): Text '123456789' is present on page  using regular expression

2023-09-21 17:58:11 - [TEST_STEP][PASSED] - verifyTextPresent("Employer Identification Number", true): Text 'Employer Identification Number' is present on page  using regular expression

2023-09-21 17:58:11 - [MESSAGE][PASSED] - Text 'Employer Identification Number' is present on page  using regular expression

2023-09-21 17:58:11 - [TEST_STEP][PASSED] - verifyTextPresent("EIN", true): Text 'EIN' is present on page  using regular expression

2023-09-21 17:58:11 - [MESSAGE][PASSED] - Text 'EIN' is present on page  using regular expression

2023-09-21 17:58:11 - [TEST_STEP][PASSED] - verifyTextPresent("123456789", true): Text '123456789' is present on page  using regular expression

2023-09-21 17:58:12 - [MESSAGE][PASSED] - Text '123456789' is present on page  using regular expression

2023-09-21 17:58:12 - [TEST_STEP][PASSED] - switch (appName): null

2023-09-21 17:58:12 - [TEST_STEP][PASSED] - case "a_Access AutoSingleCFtpQA":: null

2023-09-21 17:58:12 - [TEST_STEP][PASSED] - verifyTextPresent("5.00", true): Text '5.00' is present on page  using regular expression

2023-09-21 17:58:12 - [MESSAGE][PASSED] - Text '5.00' is present on page  using regular expression

2023-09-21 17:58:12 - [TEST_STEP][PASSED] - verifyTextPresent("Single Transaction", true): Text 'Single Transaction' is present on page  using regular expression

2023-09-21 17:58:12 - [MESSAGE][PASSED] - Text 'Single Transaction' is present on page  using regular expression

2023-09-21 17:58:12 - [TEST_STEP][PASSED] - verifyTextPresent("7.50", true): Text '7.50' is present on page  using regular expression

2023-09-21 17:58:12 - [MESSAGE][PASSED] - Text '7.50' is present on page  using regular expression

2023-09-21 17:58:12 - [TEST_STEP][PASSED] - verifyTextPresent("Total Amount", true): Text 'Total Amount' is present on page  using regular expression

2023-09-21 17:58:13 - [MESSAGE][PASSED] - Text 'Total Amount' is present on page  using regular expression

2023-09-21 17:58:13 - [TEST_STEP][PASSED] - verifyTextPresent("Transaction Type", true): Text 'Transaction Type' is present on page  using regular expression

2023-09-21 17:58:13 - [MESSAGE][PASSED] - Text 'Transaction Type' is present on page  using regular expression

2023-09-21 17:58:13 - [TEST_STEP][PASSED] - break: null

2023-09-21 17:58:13 - [TEST_STEP][PASSED] - closeBrowser(): Browser is closed

2023-09-21 17:58:14 - [MESSAGE][PASSED] - Browser is closed

2023-09-21 17:58:14 - [TEST_STEP][PASSED] - ExecuteTC = findTestData(dataFile).getValue("Execute", row): null

2023-09-21 17:58:14 - [TEST_STEP][PASSED] - out.println("Value of Execute is : " + ExecuteTC): null

2023-09-21 17:58:14 - [TEST_STEP][PASSED] - switch (executionProfile): null

2023-09-21 17:58:14 - [TEST_STEP][PASSED] - case "QA2Profile":: null

2023-09-21 17:58:14 - [TEST_STEP][PASSED] - appName = findTestData(dataFile).getValue("AppNameQA", row): null

2023-09-21 17:58:14 - [TEST_STEP][PASSED] - appID = findTestData(dataFile).getValue("AppIDQA", row): null

2023-09-21 17:58:14 - [TEST_STEP][PASSED] - break: null

2023-09-21 17:58:14 - [TEST_STEP][PASSED] - if (ExecuteTC.equalsIgnoreCase("Y")): null

2023-09-21 17:58:14 - [TEST_STEP][PASSED] - out.println("Begin Record Number: " + row): null

2023-09-21 17:58:14 - [TEST_STEP][PASSED] - today = new java.util.Date(): null

2023-09-21 17:58:14 - [TEST_STEP][PASSED] - println(today): null

2023-09-21 17:58:14 - [TEST_STEP][PASSED] - datText = today: null

2023-09-21 17:58:14 - [TEST_STEP][PASSED] - adminSuiteBootstrap.loginFunctionality.login_AdminSuite(): adminSuiteBootstrap.loginFunctionality.login_AdminSuite is PASSED

2023-09-21 17:58:14 - [MESSAGE][INFO] - Starting 'Chrome' driver

2023-09-21 17:58:14 - [MESSAGE][INFO] - User set preference: ['acceptInsecureCerts', 'true']

2023-09-21 17:58:14 - [MESSAGE][INFO] - Action delay is set to 0 milliseconds

2023-09-21 17:58:17 - [MESSAGE][PASSED] - Browser is opened with url: 'https://qa2.velocitypayment.com/admin/imtiaz'

2023-09-21 17:58:17 - [MESSAGE][PASSED] - Current window maximized

2023-09-21 17:58:18 - [MESSAGE][PASSED] - Object 'Object Repository/Login_Page/Login_Username_Okta' is present

2023-09-21 17:58:18 - [MESSAGE][PASSED] - Text 'iahmed' is set on object 'Object Repository/Login_Page/Login_Username_Okta'

2023-09-21 17:58:19 - [MESSAGE][PASSED] - Text 'Hello1111111@' is set on object 'Object Repository/Login_Page/Login_Password_Okta'

2023-09-21 17:58:20 - [MESSAGE][PASSED] - Object: 'Object Repository/Login_Page/Login_Submit_Okta' is clicked on

2023-09-21 17:58:20 - [MESSAGE][PASSED] - adminSuiteBootstrap.loginFunctionality.login_AdminSuite is PASSED

2023-09-21 17:58:20 - [TEST_STEP][PASSED] - click(findTestObject(path_Dashboard + appName)): Object: 'Object Repository/AdminSuiteBootstrap_Pages/Dashboard_Bootstrap/a_Access AutoDualCFtpQA' is clicked on

2023-09-21 17:58:26 - [MESSAGE][PASSED] - Object: 'Object Repository/AdminSuiteBootstrap_Pages/Dashboard_Bootstrap/a_Access AutoDualCFtpQA' is clicked on

2023-09-21 17:58:26 - [TEST_STEP][PASSED] - click(findTestObject(path_VT + "a_Find Profile")): Object: 'Object Repository/AdminSuiteBootstrap_Pages/VT_Bootstrap/IssueTransactions/a_Find Profile' is clicked on

2023-09-21 17:58:26 - [MESSAGE][PASSED] - Object: 'Object Repository/AdminSuiteBootstrap_Pages/VT_Bootstrap/IssueTransactions/a_Find Profile' is clicked on

2023-09-21 17:58:26 - [TEST_STEP][PASSED] - criteria = <not implemented yet for class: org.codehaus.groovy.ast.expr.EmptyExpression>: null

2023-09-21 17:58:26 - [TEST_STEP][PASSED] - searchBy = <not implemented yet for class: org.codehaus.groovy.ast.expr.EmptyExpression>: null

2023-09-21 17:58:26 - [TEST_STEP][PASSED] - criteria = findTestData(dataFile).getValue("ProfileName", row): null

2023-09-21 17:58:26 - [TEST_STEP][PASSED] - path_SearchProfile = "Object Repository/AdminSuiteBootstrap_Pages/VSP_Bootstrap/SearchProfile/": null

2023-09-21 17:58:26 - [TEST_STEP][PASSED] - setText(findTestObject(path_SearchProfile + "input_Criteria"), criteria): Text 'PaymentsPC' is set on object 'Object Repository/AdminSuiteBootstrap_Pages/VSP_Bootstrap/SearchProfile/input_Criteria'

2023-09-21 17:58:27 - [MESSAGE][PASSED] - Text 'PaymentsPC' is set on object 'Object Repository/AdminSuiteBootstrap_Pages/VSP_Bootstrap/SearchProfile/input_Criteria'

2023-09-21 17:58:27 - [TEST_STEP][PASSED] - click(findTestObject(path_SearchProfile + "button_Search")): Object: 'Object Repository/AdminSuiteBootstrap_Pages/VSP_Bootstrap/SearchProfile/button_Search' is clicked on

2023-09-21 17:58:28 - [MESSAGE][PASSED] - Object: 'Object Repository/AdminSuiteBootstrap_Pages/VSP_Bootstrap/SearchProfile/button_Search' is clicked on

2023-09-21 17:58:28 - [TEST_STEP][PASSED] - profNameLink = findTestData(dataFile).getValue("ProfileNameLink", row): null

2023-09-21 17:58:28 - [TEST_STEP][PASSED] - click(findTestObject(path_ViewProfile + profNameLink)): Object: 'Object Repository/AdminSuiteBootstrap_Pages/VSP_Bootstrap/View Profile/a_PaymentsPC' is clicked on

2023-09-21 17:58:29 - [MESSAGE][PASSED] - Object: 'Object Repository/AdminSuiteBootstrap_Pages/VSP_Bootstrap/View Profile/a_PaymentsPC' is clicked on

2023-09-21 17:58:29 - [TEST_STEP][PASSED] - click(findTestObject(path_ViewProfile + "a_Debit")): Object: 'Object Repository/AdminSuiteBootstrap_Pages/VSP_Bootstrap/View Profile/a_Debit' is clicked on

2023-09-21 17:58:30 - [MESSAGE][PASSED] - Object: 'Object Repository/AdminSuiteBootstrap_Pages/VSP_Bootstrap/View Profile/a_Debit' is clicked on

2023-09-21 17:58:30 - [TEST_STEP][PASSED] - verifyTextPresent("Remittance ID", true): Text 'Remittance ID' is present on page  using regular expression

2023-09-21 17:58:31 - [MESSAGE][PASSED] - Text 'Remittance ID' is present on page  using regular expression

2023-09-21 17:58:31 - [TEST_STEP][PASSED] - vspBootstrap.ACHDebitPage.setDataACHDebit(row, dataFile): vspBootstrap.ACHDebitPage.setDataACHDebit is PASSED

2023-09-21 17:58:33 - [MESSAGE][PASSED] - All options with value 'PPD' are selected in object 'Object Repository/AdminSuiteBootstrap_Pages/VSP_Bootstrap/VSP_Debit/select_StdEntryClass'  using regular expression

2023-09-21 17:58:33 - [MESSAGE][PASSED] - Text '' is set on object 'Object Repository/AdminSuiteBootstrap_Pages/VSP_Bootstrap/VSP_Debit/input_smsNumber'

2023-09-21 17:58:34 - [MESSAGE][PASSED] - Text '2.50' is set on object 'Object Repository/AdminSuiteBootstrap_Pages/VSP_Bootstrap/VSP_Debit/input_amount'

2023-09-21 17:58:35 - [MESSAGE][PASSED] - Text 'Delhi' is set on object 'Object Repository/AdminSuiteBootstrap_Pages/VSP_Bootstrap/VSP_Debit/input_userDefined1'

2023-09-21 17:58:36 - [MESSAGE][PASSED] - Text 'Chennai' is set on object 'Object Repository/AdminSuiteBootstrap_Pages/VSP_Bootstrap/VSP_Debit/input_userDefined2'

2023-09-21 17:58:36 - [MESSAGE][PASSED] - Text 'Mumbai' is set on object 'Object Repository/AdminSuiteBootstrap_Pages/VSP_Bootstrap/VSP_Debit/input_userDefined3'

2023-09-21 17:58:37 - [MESSAGE][PASSED] - Text 'Kanpur' is set on object 'Object Repository/AdminSuiteBootstrap_Pages/VSP_Bootstrap/VSP_Debit/input_userDefined4'

2023-09-21 17:58:38 - [MESSAGE][PASSED] - All options with label 'Orange' are selected in object 'Object Repository/AdminSuiteBootstrap_Pages/VSP_Bootstrap/VSP_Debit/select_UDF5'  using regular expression

2023-09-21 17:58:39 - [MESSAGE][PASSED] - All options with label 'Yellow' are selected in object 'Object Repository/AdminSuiteBootstrap_Pages/VSP_Bootstrap/VSP_Debit/select_UDF6'  using regular expression

2023-09-21 17:58:39 - [MESSAGE][PASSED] - Text 'Kolkata' is set on object 'Object Repository/AdminSuiteBootstrap_Pages/VSP_Bootstrap/VSP_Debit/input_userDefined7'

2023-09-21 17:58:40 - [MESSAGE][PASSED] - Text 'Pune' is set on object 'Object Repository/AdminSuiteBootstrap_Pages/VSP_Bootstrap/VSP_Debit/input_userDefined8'

2023-09-21 17:58:40 - [MESSAGE][PASSED] - Text 'Bhavnagar' is set on object 'Object Repository/AdminSuiteBootstrap_Pages/VSP_Bootstrap/VSP_Debit/input_userDefined9'

2023-09-21 17:58:41 - [MESSAGE][PASSED] - Text 'Noida' is set on object 'Object Repository/AdminSuiteBootstrap_Pages/VSP_Bootstrap/VSP_Debit/input_userDefined10'

2023-09-21 17:58:42 - [MESSAGE][PASSED] - Object: 'Object Repository/AdminSuiteBootstrap_Pages/VSP_Bootstrap/VSP_Debit/button_Submit' is clicked on

2023-09-21 17:58:42 - [MESSAGE][PASSED] - vspBootstrap.ACHDebitPage.setDataACHDebit is PASSED

2023-09-21 17:58:42 - [TEST_STEP][PASSED] - verifyTextPresent("Transaction Successful", true): Text 'Transaction Successful' is present on page  using regular expression

2023-09-21 17:58:43 - [MESSAGE][PASSED] - Text 'Transaction Successful' is present on page  using regular expression

2023-09-21 17:58:43 - [TEST_STEP][PASSED] - verifyElementVisible(findTestObject("Object Repository/AdminSuiteBootstrap_Pages/VT_Bootstrap/Receipt/button_Continue")): Object 'Object Repository/AdminSuiteBootstrap_Pages/VT_Bootstrap/Receipt/button_Continue' is visible

2023-09-21 17:58:43 - [MESSAGE][PASSED] - Object 'Object Repository/AdminSuiteBootstrap_Pages/VT_Bootstrap/Receipt/button_Continue' is visible

2023-09-21 17:58:43 - [TEST_STEP][PASSED] - verifyElementPresent(findTestObject("Object Repository/AdminSuiteBootstrap_Pages/VT_Bootstrap/Receipt/button_Continue"), 20): Object 'Object Repository/AdminSuiteBootstrap_Pages/VT_Bootstrap/Receipt/button_Continue' is present

2023-09-21 17:58:44 - [MESSAGE][PASSED] - Object 'Object Repository/AdminSuiteBootstrap_Pages/VT_Bootstrap/Receipt/button_Continue' is present

2023-09-21 17:58:44 - [TEST_STEP][PASSED] - verifyElementVisible(findTestObject("Object Repository/AdminSuiteBootstrap_Pages/VT_Bootstrap/Receipt/button_Print")): Object 'Object Repository/AdminSuiteBootstrap_Pages/VT_Bootstrap/Receipt/button_Print' is visible

2023-09-21 17:58:44 - [MESSAGE][PASSED] - Object 'Object Repository/AdminSuiteBootstrap_Pages/VT_Bootstrap/Receipt/button_Print' is visible

2023-09-21 17:58:44 - [TEST_STEP][PASSED] - verifyElementPresent(findTestObject("Object Repository/AdminSuiteBootstrap_Pages/VT_Bootstrap/Receipt/button_Print"), 20): Object 'Object Repository/AdminSuiteBootstrap_Pages/VT_Bootstrap/Receipt/button_Print' is present

2023-09-21 17:58:44 - [MESSAGE][PASSED] - Object 'Object Repository/AdminSuiteBootstrap_Pages/VT_Bootstrap/Receipt/button_Print' is present

2023-09-21 17:58:44 - [TEST_STEP][PASSED] - verifyTextPresent("Remittance ID", true): Text 'Remittance ID' is present on page  using regular expression

2023-09-21 17:58:44 - [MESSAGE][PASSED] - Text 'Remittance ID' is present on page  using regular expression

2023-09-21 17:58:44 - [TEST_STEP][PASSED] - verifyTextPresent("Received", true): Text 'Received' is present on page  using regular expression

2023-09-21 17:58:45 - [MESSAGE][PASSED] - Text 'Received' is present on page  using regular expression

2023-09-21 17:58:45 - [TEST_STEP][PASSED] - verifyTextPresent("UDF1", true): Text 'UDF1' is present on page  using regular expression

2023-09-21 17:58:45 - [MESSAGE][PASSED] - Text 'UDF1' is present on page  using regular expression

2023-09-21 17:58:45 - [TEST_STEP][PASSED] - verifyTextPresent("UDF2", true): Text 'UDF2' is present on page  using regular expression

2023-09-21 17:58:45 - [MESSAGE][PASSED] - Text 'UDF2' is present on page  using regular expression

2023-09-21 17:58:45 - [TEST_STEP][PASSED] - verifyTextPresent("UDF3", true): Text 'UDF3' is present on page  using regular expression

2023-09-21 17:58:46 - [MESSAGE][PASSED] - Text 'UDF3' is present on page  using regular expression

2023-09-21 17:58:46 - [TEST_STEP][PASSED] - verifyTextPresent("UDF4", true): Text 'UDF4' is present on page  using regular expression

2023-09-21 17:58:46 - [MESSAGE][PASSED] - Text 'UDF4' is present on page  using regular expression

2023-09-21 17:58:46 - [TEST_STEP][PASSED] - verifyTextPresent("UDF5", true): Text 'UDF5' is present on page  using regular expression

2023-09-21 17:58:46 - [MESSAGE][PASSED] - Text 'UDF5' is present on page  using regular expression

2023-09-21 17:58:46 - [TEST_STEP][PASSED] - verifyTextPresent("UDF6", true): Text 'UDF6' is present on page  using regular expression

2023-09-21 17:58:47 - [MESSAGE][PASSED] - Text 'UDF6' is present on page  using regular expression

2023-09-21 17:58:47 - [TEST_STEP][PASSED] - verifyTextPresent("UDF7", true): Text 'UDF7' is present on page  using regular expression

2023-09-21 17:58:47 - [MESSAGE][PASSED] - Text 'UDF7' is present on page  using regular expression

2023-09-21 17:58:47 - [TEST_STEP][PASSED] - verifyTextPresent("UDF8", true): Text 'UDF8' is present on page  using regular expression

2023-09-21 17:58:47 - [MESSAGE][PASSED] - Text 'UDF8' is present on page  using regular expression

2023-09-21 17:58:47 - [TEST_STEP][PASSED] - verifyTextPresent("UDF9", true): Text 'UDF9' is present on page  using regular expression

2023-09-21 17:58:47 - [MESSAGE][PASSED] - Text 'UDF9' is present on page  using regular expression

2023-09-21 17:58:47 - [TEST_STEP][PASSED] - verifyTextPresent("UDF 10", true): Text 'UDF 10' is present on page  using regular expression

2023-09-21 17:58:48 - [MESSAGE][PASSED] - Text 'UDF 10' is present on page  using regular expression

2023-09-21 17:58:48 - [TEST_STEP][PASSED] - verifyTextPresent("Delhi", true): Text 'Delhi' is present on page  using regular expression

2023-09-21 17:58:48 - [MESSAGE][PASSED] - Text 'Delhi' is present on page  using regular expression

2023-09-21 17:58:48 - [TEST_STEP][PASSED] - verifyTextPresent("Chennai", true): Text 'Chennai' is present on page  using regular expression

2023-09-21 17:58:48 - [MESSAGE][PASSED] - Text 'Chennai' is present on page  using regular expression

2023-09-21 17:58:48 - [TEST_STEP][PASSED] - verifyTextPresent("Mumbai", true): Text 'Mumbai' is present on page  using regular expression

2023-09-21 17:58:49 - [MESSAGE][PASSED] - Text 'Mumbai' is present on page  using regular expression

2023-09-21 17:58:49 - [TEST_STEP][PASSED] - verifyTextPresent("Kanpur", true): Text 'Kanpur' is present on page  using regular expression

2023-09-21 17:58:49 - [MESSAGE][PASSED] - Text 'Kanpur' is present on page  using regular expression

2023-09-21 17:58:49 - [TEST_STEP][PASSED] - verifyTextPresent("Orange Recorded", true): Text 'Orange Recorded' is present on page  using regular expression

2023-09-21 17:58:49 - [MESSAGE][PASSED] - Text 'Orange Recorded' is present on page  using regular expression

2023-09-21 17:58:49 - [TEST_STEP][PASSED] - verifyTextPresent("Yellow Recorded", true): Text 'Yellow Recorded' is present on page  using regular expression

2023-09-21 17:58:50 - [MESSAGE][PASSED] - Text 'Yellow Recorded' is present on page  using regular expression

2023-09-21 17:58:50 - [TEST_STEP][PASSED] - verifyTextPresent("Kolkata", true): Text 'Kolkata' is present on page  using regular expression

2023-09-21 17:58:50 - [MESSAGE][PASSED] - Text 'Kolkata' is present on page  using regular expression

2023-09-21 17:58:50 - [TEST_STEP][PASSED] - verifyTextPresent("Pune", true): Text 'Pune' is present on page  using regular expression

2023-09-21 17:58:50 - [MESSAGE][PASSED] - Text 'Pune' is present on page  using regular expression

2023-09-21 17:58:50 - [TEST_STEP][PASSED] - verifyTextPresent("Bhavnagar", true): Text 'Bhavnagar' is present on page  using regular expression

2023-09-21 17:58:50 - [MESSAGE][PASSED] - Text 'Bhavnagar' is present on page  using regular expression

2023-09-21 17:58:50 - [TEST_STEP][PASSED] - verifyTextPresent("Noida", true): Text 'Noida' is present on page  using regular expression

2023-09-21 17:58:51 - [MESSAGE][PASSED] - Text 'Noida' is present on page  using regular expression

2023-09-21 17:58:51 - [TEST_STEP][PASSED] - verifyTextPresent("Amount", true): Text 'Amount' is present on page  using regular expression

2023-09-21 17:58:51 - [MESSAGE][PASSED] - Text 'Amount' is present on page  using regular expression

2023-09-21 17:58:51 - [TEST_STEP][PASSED] - verifyTextPresent("2.50", true): Text '2.50' is present on page  using regular expression

2023-09-21 17:58:51 - [MESSAGE][PASSED] - Text '2.50' is present on page  using regular expression

2023-09-21 17:58:51 - [TEST_STEP][PASSED] - verifyTextPresent("Transaction Type", true): Text 'Transaction Type' is present on page  using regular expression

2023-09-21 17:58:52 - [MESSAGE][PASSED] - Text 'Transaction Type' is present on page  using regular expression

2023-09-21 17:58:52 - [TEST_STEP][PASSED] - verifyTextPresent("Debit", true): Text 'Debit' is present on page  using regular expression

2023-09-21 17:58:52 - [MESSAGE][PASSED] - Text 'Debit' is present on page  using regular expression

2023-09-21 17:58:52 - [TEST_STEP][PASSED] - verifyTextPresent("Check Information", true): Text 'Check Information' is present on page  using regular expression

2023-09-21 17:58:52 - [MESSAGE][PASSED] - Text 'Check Information' is present on page  using regular expression

2023-09-21 17:58:52 - [TEST_STEP][PASSED] - verifyTextPresent("Account Type", true): Text 'Account Type' is present on page  using regular expression

2023-09-21 17:58:53 - [MESSAGE][PASSED] - Text 'Account Type' is present on page  using regular expression

2023-09-21 17:58:53 - [TEST_STEP][PASSED] - verifyTextPresent("Account Number", true): Text 'Account Number' is present on page  using regular expression

2023-09-21 17:58:53 - [MESSAGE][PASSED] - Text 'Account Number' is present on page  using regular expression

2023-09-21 17:58:53 - [TEST_STEP][PASSED] - verifyTextPresent("Routing Number", true): Text 'Routing Number' is present on page  using regular expression

2023-09-21 17:58:53 - [MESSAGE][PASSED] - Text 'Routing Number' is present on page  using regular expression

2023-09-21 17:58:53 - [TEST_STEP][PASSED] - verifyTextPresent("Address Line 1", true): Text 'Address Line 1' is present on page  using regular expression

2023-09-21 17:58:54 - [MESSAGE][PASSED] - Text 'Address Line 1' is present on page  using regular expression

2023-09-21 17:58:54 - [TEST_STEP][PASSED] - verifyTextPresent("Address Line 2", true): Text 'Address Line 2' is present on page  using regular expression

2023-09-21 17:58:54 - [MESSAGE][PASSED] - Text 'Address Line 2' is present on page  using regular expression

2023-09-21 17:58:54 - [TEST_STEP][PASSED] - verifyTextPresent("Country", true): Text 'Country' is present on page  using regular expression

2023-09-21 17:58:54 - [MESSAGE][PASSED] - Text 'Country' is present on page  using regular expression

2023-09-21 17:58:54 - [TEST_STEP][PASSED] - verifyTextPresent("City", true): Text 'City' is present on page  using regular expression

2023-09-21 17:58:54 - [MESSAGE][PASSED] - Text 'City' is present on page  using regular expression

2023-09-21 17:58:54 - [TEST_STEP][PASSED] - verifyTextPresent("State", true): Text 'State' is present on page  using regular expression

2023-09-21 17:58:55 - [MESSAGE][PASSED] - Text 'State' is present on page  using regular expression

2023-09-21 17:58:55 - [TEST_STEP][PASSED] - verifyTextPresent("ZIP Code", true): Text 'ZIP Code' is present on page  using regular expression

2023-09-21 17:58:55 - [MESSAGE][PASSED] - Text 'ZIP Code' is present on page  using regular expression

2023-09-21 17:58:55 - [TEST_STEP][PASSED] - verifyTextPresent("248 PhoolKaante road", true): Text '248 PhoolKaante road' is present on page  using regular expression

2023-09-21 17:58:55 - [MESSAGE][PASSED] - Text '248 PhoolKaante road' is present on page  using regular expression

2023-09-21 17:58:55 - [TEST_STEP][PASSED] - verifyTextPresent("Suite 678", true): Text 'Suite 678' is present on page  using regular expression

2023-09-21 17:58:56 - [MESSAGE][PASSED] - Text 'Suite 678' is present on page  using regular expression

2023-09-21 17:58:56 - [TEST_STEP][PASSED] - verifyTextPresent("United States", true): Text 'United States' is present on page  using regular expression

2023-09-21 17:58:56 - [MESSAGE][PASSED] - Text 'United States' is present on page  using regular expression

2023-09-21 17:58:56 - [TEST_STEP][PASSED] - verifyTextPresent("ARLINGTON", true): Text 'ARLINGTON' is present on page  using regular expression

2023-09-21 17:58:56 - [MESSAGE][PASSED] - Text 'ARLINGTON' is present on page  using regular expression

2023-09-21 17:58:56 - [TEST_STEP][PASSED] - verifyTextPresent("Virginia", true): Text 'Virginia' is present on page  using regular expression

2023-09-21 17:58:57 - [MESSAGE][PASSED] - Text 'Virginia' is present on page  using regular expression

2023-09-21 17:58:57 - [TEST_STEP][PASSED] - verifyTextPresent("22201", true): Text '22201' is present on page  using regular expression

2023-09-21 17:58:57 - [MESSAGE][PASSED] - Text '22201' is present on page  using regular expression

2023-09-21 17:58:57 - [TEST_STEP][PASSED] - tranType = findTestData(dataFile).getValue("TranType", row): null

2023-09-21 17:58:57 - [TEST_STEP][PASSED] - last4V = findTestData(dataFile).getValue("Last4", row): null

2023-09-21 17:58:57 - [TEST_STEP][PASSED] - verifyTextPresent(tranType, true): Text 'Checking' is present on page  using regular expression

2023-09-21 17:58:57 - [MESSAGE][PASSED] - Text 'Checking' is present on page  using regular expression

2023-09-21 17:58:57 - [TEST_STEP][PASSED] - verifyTextPresent(last4V, true): Text '2222' is present on page  using regular expression

2023-09-21 17:58:58 - [MESSAGE][PASSED] - Text '2222' is present on page  using regular expression

2023-09-21 17:58:58 - [TEST_STEP][PASSED] - if (profNameLink.equalsIgnoreCase("a_PaymentsPC")): Text 'TANDON RAVENA' is present on page  using regular expression

2023-09-21 17:58:58 - [TEST_STEP][PASSED] - verifyTextPresent("Name on Account", true): Text 'Name on Account' is present on page  using regular expression

2023-09-21 17:58:58 - [MESSAGE][PASSED] - Text 'Name on Account' is present on page  using regular expression

2023-09-21 17:58:58 - [TEST_STEP][PASSED] - verifyTextPresent("TANDON RAVENA", true): Text 'TANDON RAVENA' is present on page  using regular expression

2023-09-21 17:58:58 - [MESSAGE][PASSED] - Text 'TANDON RAVENA' is present on page  using regular expression

2023-09-21 17:58:58 - [TEST_STEP][PASSED] - if (profNameLink.equalsIgnoreCase("a_PaymentsPS")): null

2023-09-21 17:58:58 - [TEST_STEP][PASSED] - if (profNameLink.equalsIgnoreCase("a_PaymentsCorp")): null

2023-09-21 17:58:58 - [TEST_STEP][PASSED] - switch (appName): null

2023-09-21 17:58:58 - [TEST_STEP][PASSED] - case "a_Access AutoDualCFtpQA":: null

2023-09-21 17:58:58 - [TEST_STEP][PASSED] - verifyTextPresent("5.00", true): Text '5.00' is present on page  using regular expression

2023-09-21 17:58:58 - [MESSAGE][PASSED] - Text '5.00' is present on page  using regular expression

2023-09-21 17:58:58 - [TEST_STEP][PASSED] - verifyTextPresent("Dual Transaction", true): Text 'Dual Transaction' is present on page  using regular expression

2023-09-21 17:58:59 - [MESSAGE][PASSED] - Text 'Dual Transaction' is present on page  using regular expression

2023-09-21 17:58:59 - [TEST_STEP][PASSED] - verifyTextPresent("7.50", true): Text '7.50' is present on page  using regular expression

2023-09-21 17:58:59 - [MESSAGE][PASSED] - Text '7.50' is present on page  using regular expression

2023-09-21 17:58:59 - [TEST_STEP][PASSED] - verifyTextPresent("Total Amount", true): Text 'Total Amount' is present on page  using regular expression

2023-09-21 17:58:59 - [MESSAGE][PASSED] - Text 'Total Amount' is present on page  using regular expression

2023-09-21 17:58:59 - [TEST_STEP][PASSED] - verifyTextPresent("Transaction Type", true): Text 'Transaction Type' is present on page  using regular expression

2023-09-21 17:59:00 - [MESSAGE][PASSED] - Text 'Transaction Type' is present on page  using regular expression

2023-09-21 17:59:00 - [TEST_STEP][PASSED] - break: null

2023-09-21 17:59:00 - [TEST_STEP][PASSED] - closeBrowser(): Browser is closed

2023-09-21 17:59:01 - [MESSAGE][PASSED] - Browser is closed

2023-09-21 17:59:01 - [TEST_STEP][PASSED] - ExecuteTC = findTestData(dataFile).getValue("Execute", row): null

2023-09-21 17:59:01 - [TEST_STEP][PASSED] - out.println("Value of Execute is : " + ExecuteTC): null

2023-09-21 17:59:01 - [TEST_STEP][PASSED] - switch (executionProfile): null

2023-09-21 17:59:01 - [TEST_STEP][PASSED] - case "QA2Profile":: null

2023-09-21 17:59:01 - [TEST_STEP][PASSED] - appName = findTestData(dataFile).getValue("AppNameQA", row): null

2023-09-21 17:59:01 - [TEST_STEP][PASSED] - appID = findTestData(dataFile).getValue("AppIDQA", row): null

2023-09-21 17:59:01 - [TEST_STEP][PASSED] - break: null

2023-09-21 17:59:01 - [TEST_STEP][PASSED] - if (ExecuteTC.equalsIgnoreCase("Y")): null

2023-09-21 17:59:01 - [TEST_STEP][PASSED] - out.println("Begin Record Number: " + row): null

2023-09-21 17:59:01 - [TEST_STEP][PASSED] - today = new java.util.Date(): null

2023-09-21 17:59:01 - [TEST_STEP][PASSED] - println(today): null

2023-09-21 17:59:01 - [TEST_STEP][PASSED] - datText = today: null

2023-09-21 17:59:01 - [TEST_STEP][PASSED] - adminSuiteBootstrap.loginFunctionality.login_AdminSuite(): adminSuiteBootstrap.loginFunctionality.login_AdminSuite is PASSED

2023-09-21 17:59:01 - [MESSAGE][INFO] - Starting 'Chrome' driver

2023-09-21 17:59:01 - [MESSAGE][INFO] - User set preference: ['acceptInsecureCerts', 'true']

2023-09-21 17:59:01 - [MESSAGE][INFO] - Action delay is set to 0 milliseconds

2023-09-21 17:59:03 - [MESSAGE][PASSED] - Browser is opened with url: 'https://qa2.velocitypayment.com/admin/imtiaz'

2023-09-21 17:59:04 - [MESSAGE][PASSED] - Current window maximized

2023-09-21 17:59:04 - [MESSAGE][PASSED] - Object 'Object Repository/Login_Page/Login_Username_Okta' is present

2023-09-21 17:59:05 - [MESSAGE][PASSED] - Text 'iahmed' is set on object 'Object Repository/Login_Page/Login_Username_Okta'

2023-09-21 17:59:05 - [MESSAGE][PASSED] - Text 'Hello1111111@' is set on object 'Object Repository/Login_Page/Login_Password_Okta'

2023-09-21 17:59:06 - [MESSAGE][PASSED] - Object: 'Object Repository/Login_Page/Login_Submit_Okta' is clicked on

2023-09-21 17:59:06 - [MESSAGE][PASSED] - adminSuiteBootstrap.loginFunctionality.login_AdminSuite is PASSED

2023-09-21 17:59:06 - [TEST_STEP][PASSED] - click(findTestObject(path_Dashboard + appName)): Object: 'Object Repository/AdminSuiteBootstrap_Pages/Dashboard_Bootstrap/a_Access AutoDualCFtpQA' is clicked on

2023-09-21 17:59:12 - [MESSAGE][PASSED] - Object: 'Object Repository/AdminSuiteBootstrap_Pages/Dashboard_Bootstrap/a_Access AutoDualCFtpQA' is clicked on

2023-09-21 17:59:12 - [TEST_STEP][PASSED] - click(findTestObject(path_VT + "a_Find Profile")): Object: 'Object Repository/AdminSuiteBootstrap_Pages/VT_Bootstrap/IssueTransactions/a_Find Profile' is clicked on

2023-09-21 17:59:13 - [MESSAGE][PASSED] - Object: 'Object Repository/AdminSuiteBootstrap_Pages/VT_Bootstrap/IssueTransactions/a_Find Profile' is clicked on

2023-09-21 17:59:13 - [TEST_STEP][PASSED] - criteria = <not implemented yet for class: org.codehaus.groovy.ast.expr.EmptyExpression>: null

2023-09-21 17:59:13 - [TEST_STEP][PASSED] - searchBy = <not implemented yet for class: org.codehaus.groovy.ast.expr.EmptyExpression>: null

2023-09-21 17:59:13 - [TEST_STEP][PASSED] - criteria = findTestData(dataFile).getValue("ProfileName", row): null

2023-09-21 17:59:13 - [TEST_STEP][PASSED] - path_SearchProfile = "Object Repository/AdminSuiteBootstrap_Pages/VSP_Bootstrap/SearchProfile/": null

2023-09-21 17:59:13 - [TEST_STEP][PASSED] - setText(findTestObject(path_SearchProfile + "input_Criteria"), criteria): Text 'PaymentsPC' is set on object 'Object Repository/AdminSuiteBootstrap_Pages/VSP_Bootstrap/SearchProfile/input_Criteria'

2023-09-21 17:59:14 - [MESSAGE][PASSED] - Text 'PaymentsPC' is set on object 'Object Repository/AdminSuiteBootstrap_Pages/VSP_Bootstrap/SearchProfile/input_Criteria'

2023-09-21 17:59:14 - [TEST_STEP][PASSED] - click(findTestObject(path_SearchProfile + "button_Search")): Object: 'Object Repository/AdminSuiteBootstrap_Pages/VSP_Bootstrap/SearchProfile/button_Search' is clicked on

2023-09-21 17:59:15 - [MESSAGE][PASSED] - Object: 'Object Repository/AdminSuiteBootstrap_Pages/VSP_Bootstrap/SearchProfile/button_Search' is clicked on

2023-09-21 17:59:15 - [TEST_STEP][PASSED] - profNameLink = findTestData(dataFile).getValue("ProfileNameLink", row): null

2023-09-21 17:59:15 - [TEST_STEP][PASSED] - click(findTestObject(path_ViewProfile + profNameLink)): Object: 'Object Repository/AdminSuiteBootstrap_Pages/VSP_Bootstrap/View Profile/a_PaymentsPC' is clicked on

2023-09-21 17:59:16 - [MESSAGE][PASSED] - Object: 'Object Repository/AdminSuiteBootstrap_Pages/VSP_Bootstrap/View Profile/a_PaymentsPC' is clicked on

2023-09-21 17:59:16 - [TEST_STEP][PASSED] - click(findTestObject(path_ViewProfile + "a_Debit")): Object: 'Object Repository/AdminSuiteBootstrap_Pages/VSP_Bootstrap/View Profile/a_Debit' is clicked on

2023-09-21 17:59:17 - [MESSAGE][PASSED] - Object: 'Object Repository/AdminSuiteBootstrap_Pages/VSP_Bootstrap/View Profile/a_Debit' is clicked on

2023-09-21 17:59:17 - [TEST_STEP][PASSED] - verifyTextPresent("Remittance ID", true): Text 'Remittance ID' is present on page  using regular expression

2023-09-21 17:59:18 - [MESSAGE][PASSED] - Text 'Remittance ID' is present on page  using regular expression

2023-09-21 17:59:18 - [TEST_STEP][PASSED] - vspBootstrap.ACHDebitPage.setDataACHDebit(row, dataFile): vspBootstrap.ACHDebitPage.setDataACHDebit is PASSED

2023-09-21 17:59:19 - [MESSAGE][PASSED] - All options with value 'TEL' are selected in object 'Object Repository/AdminSuiteBootstrap_Pages/VSP_Bootstrap/VSP_Debit/select_StdEntryClass'  using regular expression

2023-09-21 17:59:20 - [MESSAGE][PASSED] - Text '' is set on object 'Object Repository/AdminSuiteBootstrap_Pages/VSP_Bootstrap/VSP_Debit/input_smsNumber'

2023-09-21 17:59:20 - [MESSAGE][PASSED] - Text '2.50' is set on object 'Object Repository/AdminSuiteBootstrap_Pages/VSP_Bootstrap/VSP_Debit/input_amount'

2023-09-21 17:59:21 - [MESSAGE][PASSED] - Text 'Delhi' is set on object 'Object Repository/AdminSuiteBootstrap_Pages/VSP_Bootstrap/VSP_Debit/input_userDefined1'

2023-09-21 17:59:22 - [MESSAGE][PASSED] - Text 'Chennai' is set on object 'Object Repository/AdminSuiteBootstrap_Pages/VSP_Bootstrap/VSP_Debit/input_userDefined2'

2023-09-21 17:59:23 - [MESSAGE][PASSED] - Text 'Mumbai' is set on object 'Object Repository/AdminSuiteBootstrap_Pages/VSP_Bootstrap/VSP_Debit/input_userDefined3'

2023-09-21 17:59:23 - [MESSAGE][PASSED] - Text 'Kanpur' is set on object 'Object Repository/AdminSuiteBootstrap_Pages/VSP_Bootstrap/VSP_Debit/input_userDefined4'

2023-09-21 17:59:24 - [MESSAGE][PASSED] - All options with label 'Orange' are selected in object 'Object Repository/AdminSuiteBootstrap_Pages/VSP_Bootstrap/VSP_Debit/select_UDF5'  using regular expression

2023-09-21 17:59:25 - [MESSAGE][PASSED] - All options with label 'Yellow' are selected in object 'Object Repository/AdminSuiteBootstrap_Pages/VSP_Bootstrap/VSP_Debit/select_UDF6'  using regular expression

2023-09-21 17:59:26 - [MESSAGE][PASSED] - Text 'Kolkata' is set on object 'Object Repository/AdminSuiteBootstrap_Pages/VSP_Bootstrap/VSP_Debit/input_userDefined7'

2023-09-21 17:59:26 - [MESSAGE][PASSED] - Text 'Pune' is set on object 'Object Repository/AdminSuiteBootstrap_Pages/VSP_Bootstrap/VSP_Debit/input_userDefined8'

2023-09-21 17:59:27 - [MESSAGE][PASSED] - Text 'Bhavnagar' is set on object 'Object Repository/AdminSuiteBootstrap_Pages/VSP_Bootstrap/VSP_Debit/input_userDefined9'

2023-09-21 17:59:28 - [MESSAGE][PASSED] - Text 'Noida' is set on object 'Object Repository/AdminSuiteBootstrap_Pages/VSP_Bootstrap/VSP_Debit/input_userDefined10'

2023-09-21 17:59:29 - [MESSAGE][PASSED] - Object: 'Object Repository/AdminSuiteBootstrap_Pages/VSP_Bootstrap/VSP_Debit/button_Submit' is clicked on

2023-09-21 17:59:29 - [MESSAGE][PASSED] - vspBootstrap.ACHDebitPage.setDataACHDebit is PASSED

2023-09-21 17:59:29 - [TEST_STEP][PASSED] - verifyTextPresent("Transaction Successful", true): Text 'Transaction Successful' is present on page  using regular expression

2023-09-21 17:59:29 - [MESSAGE][PASSED] - Text 'Transaction Successful' is present on page  using regular expression

2023-09-21 17:59:29 - [TEST_STEP][PASSED] - verifyElementVisible(findTestObject("Object Repository/AdminSuiteBootstrap_Pages/VT_Bootstrap/Receipt/button_Continue")): Object 'Object Repository/AdminSuiteBootstrap_Pages/VT_Bootstrap/Receipt/button_Continue' is visible

2023-09-21 17:59:30 - [MESSAGE][PASSED] - Object 'Object Repository/AdminSuiteBootstrap_Pages/VT_Bootstrap/Receipt/button_Continue' is visible

2023-09-21 17:59:30 - [TEST_STEP][PASSED] - verifyElementPresent(findTestObject("Object Repository/AdminSuiteBootstrap_Pages/VT_Bootstrap/Receipt/button_Continue"), 20): Object 'Object Repository/AdminSuiteBootstrap_Pages/VT_Bootstrap/Receipt/button_Continue' is present

2023-09-21 17:59:30 - [MESSAGE][PASSED] - Object 'Object Repository/AdminSuiteBootstrap_Pages/VT_Bootstrap/Receipt/button_Continue' is present

2023-09-21 17:59:30 - [TEST_STEP][PASSED] - verifyElementVisible(findTestObject("Object Repository/AdminSuiteBootstrap_Pages/VT_Bootstrap/Receipt/button_Print")): Object 'Object Repository/AdminSuiteBootstrap_Pages/VT_Bootstrap/Receipt/button_Print' is visible

2023-09-21 17:59:30 - [MESSAGE][PASSED] - Object 'Object Repository/AdminSuiteBootstrap_Pages/VT_Bootstrap/Receipt/button_Print' is visible

2023-09-21 17:59:30 - [TEST_STEP][PASSED] - verifyElementPresent(findTestObject("Object Repository/AdminSuiteBootstrap_Pages/VT_Bootstrap/Receipt/button_Print"), 20): Object 'Object Repository/AdminSuiteBootstrap_Pages/VT_Bootstrap/Receipt/button_Print' is present

2023-09-21 17:59:31 - [MESSAGE][PASSED] - Object 'Object Repository/AdminSuiteBootstrap_Pages/VT_Bootstrap/Receipt/button_Print' is present

2023-09-21 17:59:31 - [TEST_STEP][PASSED] - verifyTextPresent("Remittance ID", true): Text 'Remittance ID' is present on page  using regular expression

2023-09-21 17:59:31 - [MESSAGE][PASSED] - Text 'Remittance ID' is present on page  using regular expression

2023-09-21 17:59:31 - [TEST_STEP][PASSED] - verifyTextPresent("Received", true): Text 'Received' is present on page  using regular expression

2023-09-21 17:59:31 - [MESSAGE][PASSED] - Text 'Received' is present on page  using regular expression

2023-09-21 17:59:31 - [TEST_STEP][PASSED] - verifyTextPresent("UDF1", true): Text 'UDF1' is present on page  using regular expression

2023-09-21 17:59:32 - [MESSAGE][PASSED] - Text 'UDF1' is present on page  using regular expression

2023-09-21 17:59:32 - [TEST_STEP][PASSED] - verifyTextPresent("UDF2", true): Text 'UDF2' is present on page  using regular expression

2023-09-21 17:59:32 - [MESSAGE][PASSED] - Text 'UDF2' is present on page  using regular expression

2023-09-21 17:59:32 - [TEST_STEP][PASSED] - verifyTextPresent("UDF3", true): Text 'UDF3' is present on page  using regular expression

2023-09-21 17:59:32 - [MESSAGE][PASSED] - Text 'UDF3' is present on page  using regular expression

2023-09-21 17:59:32 - [TEST_STEP][PASSED] - verifyTextPresent("UDF4", true): Text 'UDF4' is present on page  using regular expression

2023-09-21 17:59:33 - [MESSAGE][PASSED] - Text 'UDF4' is present on page  using regular expression

2023-09-21 17:59:33 - [TEST_STEP][PASSED] - verifyTextPresent("UDF5", true): Text 'UDF5' is present on page  using regular expression

2023-09-21 17:59:33 - [MESSAGE][PASSED] - Text 'UDF5' is present on page  using regular expression

2023-09-21 17:59:33 - [TEST_STEP][PASSED] - verifyTextPresent("UDF6", true): Text 'UDF6' is present on page  using regular expression

2023-09-21 17:59:33 - [MESSAGE][PASSED] - Text 'UDF6' is present on page  using regular expression

2023-09-21 17:59:33 - [TEST_STEP][PASSED] - verifyTextPresent("UDF7", true): Text 'UDF7' is present on page  using regular expression

2023-09-21 17:59:33 - [MESSAGE][PASSED] - Text 'UDF7' is present on page  using regular expression

2023-09-21 17:59:33 - [TEST_STEP][PASSED] - verifyTextPresent("UDF8", true): Text 'UDF8' is present on page  using regular expression

2023-09-21 17:59:34 - [MESSAGE][PASSED] - Text 'UDF8' is present on page  using regular expression

2023-09-21 17:59:34 - [TEST_STEP][PASSED] - verifyTextPresent("UDF9", true): Text 'UDF9' is present on page  using regular expression

2023-09-21 17:59:34 - [MESSAGE][PASSED] - Text 'UDF9' is present on page  using regular expression

2023-09-21 17:59:34 - [TEST_STEP][PASSED] - verifyTextPresent("UDF 10", true): Text 'UDF 10' is present on page  using regular expression

2023-09-21 17:59:34 - [MESSAGE][PASSED] - Text 'UDF 10' is present on page  using regular expression

2023-09-21 17:59:34 - [TEST_STEP][PASSED] - verifyTextPresent("Delhi", true): Text 'Delhi' is present on page  using regular expression

2023-09-21 17:59:35 - [MESSAGE][PASSED] - Text 'Delhi' is present on page  using regular expression

2023-09-21 17:59:35 - [TEST_STEP][PASSED] - verifyTextPresent("Chennai", true): Text 'Chennai' is present on page  using regular expression

2023-09-21 17:59:35 - [MESSAGE][PASSED] - Text 'Chennai' is present on page  using regular expression

2023-09-21 17:59:35 - [TEST_STEP][PASSED] - verifyTextPresent("Mumbai", true): Text 'Mumbai' is present on page  using regular expression

2023-09-21 17:59:35 - [MESSAGE][PASSED] - Text 'Mumbai' is present on page  using regular expression

2023-09-21 17:59:35 - [TEST_STEP][PASSED] - verifyTextPresent("Kanpur", true): Text 'Kanpur' is present on page  using regular expression

2023-09-21 17:59:36 - [MESSAGE][PASSED] - Text 'Kanpur' is present on page  using regular expression

2023-09-21 17:59:36 - [TEST_STEP][PASSED] - verifyTextPresent("Orange Recorded", true): Text 'Orange Recorded' is present on page  using regular expression

2023-09-21 17:59:36 - [MESSAGE][PASSED] - Text 'Orange Recorded' is present on page  using regular expression

2023-09-21 17:59:36 - [TEST_STEP][PASSED] - verifyTextPresent("Yellow Recorded", true): Text 'Yellow Recorded' is present on page  using regular expression

2023-09-21 17:59:36 - [MESSAGE][PASSED] - Text 'Yellow Recorded' is present on page  using regular expression

2023-09-21 17:59:36 - [TEST_STEP][PASSED] - verifyTextPresent("Kolkata", true): Text 'Kolkata' is present on page  using regular expression

2023-09-21 17:59:36 - [MESSAGE][PASSED] - Text 'Kolkata' is present on page  using regular expression

2023-09-21 17:59:36 - [TEST_STEP][PASSED] - verifyTextPresent("Pune", true): Text 'Pune' is present on page  using regular expression

2023-09-21 17:59:37 - [MESSAGE][PASSED] - Text 'Pune' is present on page  using regular expression

2023-09-21 17:59:37 - [TEST_STEP][PASSED] - verifyTextPresent("Bhavnagar", true): Text 'Bhavnagar' is present on page  using regular expression

2023-09-21 17:59:37 - [MESSAGE][PASSED] - Text 'Bhavnagar' is present on page  using regular expression

2023-09-21 17:59:37 - [TEST_STEP][PASSED] - verifyTextPresent("Noida", true): Text 'Noida' is present on page  using regular expression

2023-09-21 17:59:37 - [MESSAGE][PASSED] - Text 'Noida' is present on page  using regular expression

2023-09-21 17:59:37 - [TEST_STEP][PASSED] - verifyTextPresent("Amount", true): Text 'Amount' is present on page  using regular expression

2023-09-21 17:59:38 - [MESSAGE][PASSED] - Text 'Amount' is present on page  using regular expression

2023-09-21 17:59:38 - [TEST_STEP][PASSED] - verifyTextPresent("2.50", true): Text '2.50' is present on page  using regular expression

2023-09-21 17:59:38 - [MESSAGE][PASSED] - Text '2.50' is present on page  using regular expression

2023-09-21 17:59:38 - [TEST_STEP][PASSED] - verifyTextPresent("Transaction Type", true): Text 'Transaction Type' is present on page  using regular expression

2023-09-21 17:59:38 - [MESSAGE][PASSED] - Text 'Transaction Type' is present on page  using regular expression

2023-09-21 17:59:38 - [TEST_STEP][PASSED] - verifyTextPresent("Debit", true): Text 'Debit' is present on page  using regular expression

2023-09-21 17:59:39 - [MESSAGE][PASSED] - Text 'Debit' is present on page  using regular expression

2023-09-21 17:59:39 - [TEST_STEP][PASSED] - verifyTextPresent("Check Information", true): Text 'Check Information' is present on page  using regular expression

2023-09-21 17:59:39 - [MESSAGE][PASSED] - Text 'Check Information' is present on page  using regular expression

2023-09-21 17:59:39 - [TEST_STEP][PASSED] - verifyTextPresent("Account Type", true): Text 'Account Type' is present on page  using regular expression

2023-09-21 17:59:39 - [MESSAGE][PASSED] - Text 'Account Type' is present on page  using regular expression

2023-09-21 17:59:39 - [TEST_STEP][PASSED] - verifyTextPresent("Account Number", true): Text 'Account Number' is present on page  using regular expression

2023-09-21 17:59:39 - [MESSAGE][PASSED] - Text 'Account Number' is present on page  using regular expression

2023-09-21 17:59:39 - [TEST_STEP][PASSED] - verifyTextPresent("Routing Number", true): Text 'Routing Number' is present on page  using regular expression

2023-09-21 17:59:40 - [MESSAGE][PASSED] - Text 'Routing Number' is present on page  using regular expression

2023-09-21 17:59:40 - [TEST_STEP][PASSED] - verifyTextPresent("Address Line 1", true): Text 'Address Line 1' is present on page  using regular expression

2023-09-21 17:59:40 - [MESSAGE][PASSED] - Text 'Address Line 1' is present on page  using regular expression

2023-09-21 17:59:40 - [TEST_STEP][PASSED] - verifyTextPresent("Address Line 2", true): Text 'Address Line 2' is present on page  using regular expression

2023-09-21 17:59:40 - [MESSAGE][PASSED] - Text 'Address Line 2' is present on page  using regular expression

2023-09-21 17:59:40 - [TEST_STEP][PASSED] - verifyTextPresent("Country", true): Text 'Country' is present on page  using regular expression

2023-09-21 17:59:41 - [MESSAGE][PASSED] - Text 'Country' is present on page  using regular expression

2023-09-21 17:59:41 - [TEST_STEP][PASSED] - verifyTextPresent("City", true): Text 'City' is present on page  using regular expression

2023-09-21 17:59:41 - [MESSAGE][PASSED] - Text 'City' is present on page  using regular expression

2023-09-21 17:59:41 - [TEST_STEP][PASSED] - verifyTextPresent("State", true): Text 'State' is present on page  using regular expression

2023-09-21 17:59:41 - [MESSAGE][PASSED] - Text 'State' is present on page  using regular expression

2023-09-21 17:59:41 - [TEST_STEP][PASSED] - verifyTextPresent("ZIP Code", true): Text 'ZIP Code' is present on page  using regular expression

2023-09-21 17:59:42 - [MESSAGE][PASSED] - Text 'ZIP Code' is present on page  using regular expression

2023-09-21 17:59:42 - [TEST_STEP][PASSED] - verifyTextPresent("248 PhoolKaante road", true): Text '248 PhoolKaante road' is present on page  using regular expression

2023-09-21 17:59:42 - [MESSAGE][PASSED] - Text '248 PhoolKaante road' is present on page  using regular expression

2023-09-21 17:59:42 - [TEST_STEP][PASSED] - verifyTextPresent("Suite 678", true): Text 'Suite 678' is present on page  using regular expression

2023-09-21 17:59:42 - [MESSAGE][PASSED] - Text 'Suite 678' is present on page  using regular expression

2023-09-21 17:59:42 - [TEST_STEP][PASSED] - verifyTextPresent("United States", true): Text 'United States' is present on page  using regular expression

2023-09-21 17:59:43 - [MESSAGE][PASSED] - Text 'United States' is present on page  using regular expression

2023-09-21 17:59:43 - [TEST_STEP][PASSED] - verifyTextPresent("ARLINGTON", true): Text 'ARLINGTON' is present on page  using regular expression

2023-09-21 17:59:43 - [MESSAGE][PASSED] - Text 'ARLINGTON' is present on page  using regular expression

2023-09-21 17:59:43 - [TEST_STEP][PASSED] - verifyTextPresent("Virginia", true): Text 'Virginia' is present on page  using regular expression

2023-09-21 17:59:43 - [MESSAGE][PASSED] - Text 'Virginia' is present on page  using regular expression

2023-09-21 17:59:43 - [TEST_STEP][PASSED] - verifyTextPresent("22201", true): Text '22201' is present on page  using regular expression

2023-09-21 17:59:43 - [MESSAGE][PASSED] - Text '22201' is present on page  using regular expression

2023-09-21 17:59:43 - [TEST_STEP][PASSED] - tranType = findTestData(dataFile).getValue("TranType", row): null

2023-09-21 17:59:43 - [TEST_STEP][PASSED] - last4V = findTestData(dataFile).getValue("Last4", row): null

2023-09-21 17:59:44 - [TEST_STEP][PASSED] - verifyTextPresent(tranType, true): Text 'Checking' is present on page  using regular expression

2023-09-21 17:59:44 - [MESSAGE][PASSED] - Text 'Checking' is present on page  using regular expression

2023-09-21 17:59:44 - [TEST_STEP][PASSED] - verifyTextPresent(last4V, true): Text '2222' is present on page  using regular expression

2023-09-21 17:59:44 - [MESSAGE][PASSED] - Text '2222' is present on page  using regular expression

2023-09-21 17:59:44 - [TEST_STEP][PASSED] - if (profNameLink.equalsIgnoreCase("a_PaymentsPC")): Text 'TANDON RAVENA' is present on page  using regular expression

2023-09-21 17:59:44 - [TEST_STEP][PASSED] - verifyTextPresent("Name on Account", true): Text 'Name on Account' is present on page  using regular expression

2023-09-21 17:59:44 - [MESSAGE][PASSED] - Text 'Name on Account' is present on page  using regular expression

2023-09-21 17:59:44 - [TEST_STEP][PASSED] - verifyTextPresent("TANDON RAVENA", true): Text 'TANDON RAVENA' is present on page  using regular expression

2023-09-21 17:59:45 - [MESSAGE][PASSED] - Text 'TANDON RAVENA' is present on page  using regular expression

2023-09-21 17:59:45 - [TEST_STEP][PASSED] - if (profNameLink.equalsIgnoreCase("a_PaymentsPS")): null

2023-09-21 17:59:45 - [TEST_STEP][PASSED] - if (profNameLink.equalsIgnoreCase("a_PaymentsCorp")): null

2023-09-21 17:59:45 - [TEST_STEP][PASSED] - switch (appName): null

2023-09-21 17:59:45 - [TEST_STEP][PASSED] - case "a_Access AutoDualCFtpQA":: null

2023-09-21 17:59:45 - [TEST_STEP][PASSED] - verifyTextPresent("5.00", true): Text '5.00' is present on page  using regular expression

2023-09-21 17:59:45 - [MESSAGE][PASSED] - Text '5.00' is present on page  using regular expression

2023-09-21 17:59:45 - [TEST_STEP][PASSED] - verifyTextPresent("Dual Transaction", true): Text 'Dual Transaction' is present on page  using regular expression

2023-09-21 17:59:45 - [MESSAGE][PASSED] - Text 'Dual Transaction' is present on page  using regular expression

2023-09-21 17:59:45 - [TEST_STEP][PASSED] - verifyTextPresent("7.50", true): Text '7.50' is present on page  using regular expression

2023-09-21 17:59:46 - [MESSAGE][PASSED] - Text '7.50' is present on page  using regular expression

2023-09-21 17:59:46 - [TEST_STEP][PASSED] - verifyTextPresent("Total Amount", true): Text 'Total Amount' is present on page  using regular expression

2023-09-21 17:59:46 - [MESSAGE][PASSED] - Text 'Total Amount' is present on page  using regular expression

2023-09-21 17:59:46 - [TEST_STEP][PASSED] - verifyTextPresent("Transaction Type", true): Text 'Transaction Type' is present on page  using regular expression

2023-09-21 17:59:46 - [MESSAGE][PASSED] - Text 'Transaction Type' is present on page  using regular expression

2023-09-21 17:59:46 - [TEST_STEP][PASSED] - break: null

2023-09-21 17:59:46 - [TEST_STEP][PASSED] - closeBrowser(): Browser is closed

2023-09-21 17:59:47 - [MESSAGE][PASSED] - Browser is closed

2023-09-21 17:59:47 - [TEST_STEP][PASSED] - ExecuteTC = findTestData(dataFile).getValue("Execute", row): null

2023-09-21 17:59:47 - [TEST_STEP][PASSED] - out.println("Value of Execute is : " + ExecuteTC): null

2023-09-21 17:59:47 - [TEST_STEP][PASSED] - switch (executionProfile): null

2023-09-21 17:59:47 - [TEST_STEP][PASSED] - case "QA2Profile":: null

2023-09-21 17:59:47 - [TEST_STEP][PASSED] - appName = findTestData(dataFile).getValue("AppNameQA", row): null

2023-09-21 17:59:47 - [TEST_STEP][PASSED] - appID = findTestData(dataFile).getValue("AppIDQA", row): null

2023-09-21 17:59:47 - [TEST_STEP][PASSED] - break: null

2023-09-21 17:59:47 - [TEST_STEP][PASSED] - if (ExecuteTC.equalsIgnoreCase("Y")): null

2023-09-21 17:59:47 - [TEST_STEP][PASSED] - out.println("Begin Record Number: " + row): null

2023-09-21 17:59:47 - [TEST_STEP][PASSED] - today = new java.util.Date(): null

2023-09-21 17:59:47 - [TEST_STEP][PASSED] - println(today): null

2023-09-21 17:59:47 - [TEST_STEP][PASSED] - datText = today: null

2023-09-21 17:59:47 - [TEST_STEP][PASSED] - adminSuiteBootstrap.loginFunctionality.login_AdminSuite(): adminSuiteBootstrap.loginFunctionality.login_AdminSuite is PASSED

2023-09-21 17:59:47 - [MESSAGE][INFO] - Starting 'Chrome' driver

2023-09-21 17:59:47 - [MESSAGE][INFO] - User set preference: ['acceptInsecureCerts', 'true']

2023-09-21 17:59:47 - [MESSAGE][INFO] - Action delay is set to 0 milliseconds

2023-09-21 17:59:50 - [MESSAGE][PASSED] - Browser is opened with url: 'https://qa2.velocitypayment.com/admin/imtiaz'

2023-09-21 17:59:50 - [MESSAGE][PASSED] - Current window maximized

2023-09-21 17:59:51 - [MESSAGE][PASSED] - Object 'Object Repository/Login_Page/Login_Username_Okta' is present

2023-09-21 17:59:51 - [MESSAGE][PASSED] - Text 'iahmed' is set on object 'Object Repository/Login_Page/Login_Username_Okta'

2023-09-21 17:59:52 - [MESSAGE][PASSED] - Text 'Hello1111111@' is set on object 'Object Repository/Login_Page/Login_Password_Okta'

2023-09-21 17:59:53 - [MESSAGE][PASSED] - Object: 'Object Repository/Login_Page/Login_Submit_Okta' is clicked on

2023-09-21 17:59:53 - [MESSAGE][PASSED] - adminSuiteBootstrap.loginFunctionality.login_AdminSuite is PASSED

2023-09-21 17:59:53 - [TEST_STEP][PASSED] - click(findTestObject(path_Dashboard + appName)): Object: 'Object Repository/AdminSuiteBootstrap_Pages/Dashboard_Bootstrap/a_Access AutoDualCFtpQA' is clicked on

2023-09-21 17:59:59 - [MESSAGE][PASSED] - Object: 'Object Repository/AdminSuiteBootstrap_Pages/Dashboard_Bootstrap/a_Access AutoDualCFtpQA' is clicked on

2023-09-21 17:59:59 - [TEST_STEP][PASSED] - click(findTestObject(path_VT + "a_Find Profile")): Object: 'Object Repository/AdminSuiteBootstrap_Pages/VT_Bootstrap/IssueTransactions/a_Find Profile' is clicked on

2023-09-21 18:00:00 - [MESSAGE][PASSED] - Object: 'Object Repository/AdminSuiteBootstrap_Pages/VT_Bootstrap/IssueTransactions/a_Find Profile' is clicked on

2023-09-21 18:00:00 - [TEST_STEP][PASSED] - criteria = <not implemented yet for class: org.codehaus.groovy.ast.expr.EmptyExpression>: null

2023-09-21 18:00:00 - [TEST_STEP][PASSED] - searchBy = <not implemented yet for class: org.codehaus.groovy.ast.expr.EmptyExpression>: null

2023-09-21 18:00:00 - [TEST_STEP][PASSED] - criteria = findTestData(dataFile).getValue("ProfileName", row): null

2023-09-21 18:00:00 - [TEST_STEP][PASSED] - path_SearchProfile = "Object Repository/AdminSuiteBootstrap_Pages/VSP_Bootstrap/SearchProfile/": null

2023-09-21 18:00:00 - [TEST_STEP][PASSED] - setText(findTestObject(path_SearchProfile + "input_Criteria"), criteria): Text 'PaymentsPS' is set on object 'Object Repository/AdminSuiteBootstrap_Pages/VSP_Bootstrap/SearchProfile/input_Criteria'

2023-09-21 18:00:00 - [MESSAGE][PASSED] - Text 'PaymentsPS' is set on object 'Object Repository/AdminSuiteBootstrap_Pages/VSP_Bootstrap/SearchProfile/input_Criteria'

2023-09-21 18:00:00 - [TEST_STEP][PASSED] - click(findTestObject(path_SearchProfile + "button_Search")): Object: 'Object Repository/AdminSuiteBootstrap_Pages/VSP_Bootstrap/SearchProfile/button_Search' is clicked on

2023-09-21 18:00:01 - [MESSAGE][PASSED] - Object: 'Object Repository/AdminSuiteBootstrap_Pages/VSP_Bootstrap/SearchProfile/button_Search' is clicked on

2023-09-21 18:00:01 - [TEST_STEP][PASSED] - profNameLink = findTestData(dataFile).getValue("ProfileNameLink", row): null

2023-09-21 18:00:01 - [TEST_STEP][PASSED] - click(findTestObject(path_ViewProfile + profNameLink)): Object: 'Object Repository/AdminSuiteBootstrap_Pages/VSP_Bootstrap/View Profile/a_PaymentsPS' is clicked on

2023-09-21 18:00:02 - [MESSAGE][PASSED] - Object: 'Object Repository/AdminSuiteBootstrap_Pages/VSP_Bootstrap/View Profile/a_PaymentsPS' is clicked on

2023-09-21 18:00:02 - [TEST_STEP][PASSED] - click(findTestObject(path_ViewProfile + "a_Debit")): Object: 'Object Repository/AdminSuiteBootstrap_Pages/VSP_Bootstrap/View Profile/a_Debit' is clicked on

2023-09-21 18:00:04 - [MESSAGE][PASSED] - Object: 'Object Repository/AdminSuiteBootstrap_Pages/VSP_Bootstrap/View Profile/a_Debit' is clicked on

2023-09-21 18:00:04 - [TEST_STEP][PASSED] - verifyTextPresent("Remittance ID", true): Text 'Remittance ID' is present on page  using regular expression

2023-09-21 18:00:04 - [MESSAGE][PASSED] - Text 'Remittance ID' is present on page  using regular expression

2023-09-21 18:00:04 - [TEST_STEP][PASSED] - vspBootstrap.ACHDebitPage.setDataACHDebit(row, dataFile): vspBootstrap.ACHDebitPage.setDataACHDebit is PASSED

2023-09-21 18:00:06 - [MESSAGE][PASSED] - All options with value 'PPD' are selected in object 'Object Repository/AdminSuiteBootstrap_Pages/VSP_Bootstrap/VSP_Debit/select_StdEntryClass'  using regular expression

2023-09-21 18:00:06 - [MESSAGE][PASSED] - Text '' is set on object 'Object Repository/AdminSuiteBootstrap_Pages/VSP_Bootstrap/VSP_Debit/input_smsNumber'

2023-09-21 18:00:07 - [MESSAGE][PASSED] - Text '2.50' is set on object 'Object Repository/AdminSuiteBootstrap_Pages/VSP_Bootstrap/VSP_Debit/input_amount'

2023-09-21 18:00:08 - [MESSAGE][PASSED] - Text 'Delhi' is set on object 'Object Repository/AdminSuiteBootstrap_Pages/VSP_Bootstrap/VSP_Debit/input_userDefined1'

2023-09-21 18:00:09 - [MESSAGE][PASSED] - Text 'Chennai' is set on object 'Object Repository/AdminSuiteBootstrap_Pages/VSP_Bootstrap/VSP_Debit/input_userDefined2'

2023-09-21 18:00:09 - [MESSAGE][PASSED] - Text 'Mumbai' is set on object 'Object Repository/AdminSuiteBootstrap_Pages/VSP_Bootstrap/VSP_Debit/input_userDefined3'

2023-09-21 18:00:10 - [MESSAGE][PASSED] - Text 'Kanpur' is set on object 'Object Repository/AdminSuiteBootstrap_Pages/VSP_Bootstrap/VSP_Debit/input_userDefined4'

2023-09-21 18:00:11 - [MESSAGE][PASSED] - All options with label 'Orange' are selected in object 'Object Repository/AdminSuiteBootstrap_Pages/VSP_Bootstrap/VSP_Debit/select_UDF5'  using regular expression

2023-09-21 18:00:12 - [MESSAGE][PASSED] - All options with label 'Yellow' are selected in object 'Object Repository/AdminSuiteBootstrap_Pages/VSP_Bootstrap/VSP_Debit/select_UDF6'  using regular expression

2023-09-21 18:00:12 - [MESSAGE][PASSED] - Text 'Kolkata' is set on object 'Object Repository/AdminSuiteBootstrap_Pages/VSP_Bootstrap/VSP_Debit/input_userDefined7'

2023-09-21 18:00:13 - [MESSAGE][PASSED] - Text 'Pune' is set on object 'Object Repository/AdminSuiteBootstrap_Pages/VSP_Bootstrap/VSP_Debit/input_userDefined8'

2023-09-21 18:00:14 - [MESSAGE][PASSED] - Text 'Bhavnagar' is set on object 'Object Repository/AdminSuiteBootstrap_Pages/VSP_Bootstrap/VSP_Debit/input_userDefined9'

2023-09-21 18:00:14 - [MESSAGE][PASSED] - Text 'Noida' is set on object 'Object Repository/AdminSuiteBootstrap_Pages/VSP_Bootstrap/VSP_Debit/input_userDefined10'

2023-09-21 18:00:15 - [MESSAGE][PASSED] - Object: 'Object Repository/AdminSuiteBootstrap_Pages/VSP_Bootstrap/VSP_Debit/button_Submit' is clicked on

2023-09-21 18:00:15 - [MESSAGE][PASSED] - vspBootstrap.ACHDebitPage.setDataACHDebit is PASSED

2023-09-21 18:00:15 - [TEST_STEP][PASSED] - verifyTextPresent("Transaction Successful", true): Text 'Transaction Successful' is present on page  using regular expression

2023-09-21 18:00:16 - [MESSAGE][PASSED] - Text 'Transaction Successful' is present on page  using regular expression

2023-09-21 18:00:16 - [TEST_STEP][PASSED] - verifyElementVisible(findTestObject("Object Repository/AdminSuiteBootstrap_Pages/VT_Bootstrap/Receipt/button_Continue")): Object 'Object Repository/AdminSuiteBootstrap_Pages/VT_Bootstrap/Receipt/button_Continue' is visible

2023-09-21 18:00:16 - [MESSAGE][PASSED] - Object 'Object Repository/AdminSuiteBootstrap_Pages/VT_Bootstrap/Receipt/button_Continue' is visible

2023-09-21 18:00:16 - [TEST_STEP][PASSED] - verifyElementPresent(findTestObject("Object Repository/AdminSuiteBootstrap_Pages/VT_Bootstrap/Receipt/button_Continue"), 20): Object 'Object Repository/AdminSuiteBootstrap_Pages/VT_Bootstrap/Receipt/button_Continue' is present

2023-09-21 18:00:17 - [MESSAGE][PASSED] - Object 'Object Repository/AdminSuiteBootstrap_Pages/VT_Bootstrap/Receipt/button_Continue' is present

2023-09-21 18:00:17 - [TEST_STEP][PASSED] - verifyElementVisible(findTestObject("Object Repository/AdminSuiteBootstrap_Pages/VT_Bootstrap/Receipt/button_Print")): Object 'Object Repository/AdminSuiteBootstrap_Pages/VT_Bootstrap/Receipt/button_Print' is visible

2023-09-21 18:00:17 - [MESSAGE][PASSED] - Object 'Object Repository/AdminSuiteBootstrap_Pages/VT_Bootstrap/Receipt/button_Print' is visible

2023-09-21 18:00:17 - [TEST_STEP][PASSED] - verifyElementPresent(findTestObject("Object Repository/AdminSuiteBootstrap_Pages/VT_Bootstrap/Receipt/button_Print"), 20): Object 'Object Repository/AdminSuiteBootstrap_Pages/VT_Bootstrap/Receipt/button_Print' is present

2023-09-21 18:00:17 - [MESSAGE][PASSED] - Object 'Object Repository/AdminSuiteBootstrap_Pages/VT_Bootstrap/Receipt/button_Print' is present

2023-09-21 18:00:17 - [TEST_STEP][PASSED] - verifyTextPresent("Remittance ID", true): Text 'Remittance ID' is present on page  using regular expression

2023-09-21 18:00:18 - [MESSAGE][PASSED] - Text 'Remittance ID' is present on page  using regular expression

2023-09-21 18:00:18 - [TEST_STEP][PASSED] - verifyTextPresent("Received", true): Text 'Received' is present on page  using regular expression

2023-09-21 18:00:18 - [MESSAGE][PASSED] - Text 'Received' is present on page  using regular expression

2023-09-21 18:00:18 - [TEST_STEP][PASSED] - verifyTextPresent("UDF1", true): Text 'UDF1' is present on page  using regular expression

2023-09-21 18:00:18 - [MESSAGE][PASSED] - Text 'UDF1' is present on page  using regular expression

2023-09-21 18:00:18 - [TEST_STEP][PASSED] - verifyTextPresent("UDF2", true): Text 'UDF2' is present on page  using regular expression

2023-09-21 18:00:18 - [MESSAGE][PASSED] - Text 'UDF2' is present on page  using regular expression

2023-09-21 18:00:18 - [TEST_STEP][PASSED] - verifyTextPresent("UDF3", true): Text 'UDF3' is present on page  using regular expression

2023-09-21 18:00:19 - [MESSAGE][PASSED] - Text 'UDF3' is present on page  using regular expression

2023-09-21 18:00:19 - [TEST_STEP][PASSED] - verifyTextPresent("UDF4", true): Text 'UDF4' is present on page  using regular expression

2023-09-21 18:00:19 - [MESSAGE][PASSED] - Text 'UDF4' is present on page  using regular expression

2023-09-21 18:00:19 - [TEST_STEP][PASSED] - verifyTextPresent("UDF5", true): Text 'UDF5' is present on page  using regular expression

2023-09-21 18:00:19 - [MESSAGE][PASSED] - Text 'UDF5' is present on page  using regular expression

2023-09-21 18:00:19 - [TEST_STEP][PASSED] - verifyTextPresent("UDF6", true): Text 'UDF6' is present on page  using regular expression

2023-09-21 18:00:20 - [MESSAGE][PASSED] - Text 'UDF6' is present on page  using regular expression

2023-09-21 18:00:20 - [TEST_STEP][PASSED] - verifyTextPresent("UDF7", true): Text 'UDF7' is present on page  using regular expression

2023-09-21 18:00:20 - [MESSAGE][PASSED] - Text 'UDF7' is present on page  using regular expression

2023-09-21 18:00:20 - [TEST_STEP][PASSED] - verifyTextPresent("UDF8", true): Text 'UDF8' is present on page  using regular expression

2023-09-21 18:00:20 - [MESSAGE][PASSED] - Text 'UDF8' is present on page  using regular expression

2023-09-21 18:00:20 - [TEST_STEP][PASSED] - verifyTextPresent("UDF9", true): Text 'UDF9' is present on page  using regular expression

2023-09-21 18:00:21 - [MESSAGE][PASSED] - Text 'UDF9' is present on page  using regular expression

2023-09-21 18:00:21 - [TEST_STEP][PASSED] - verifyTextPresent("UDF 10", true): Text 'UDF 10' is present on page  using regular expression

2023-09-21 18:00:21 - [MESSAGE][PASSED] - Text 'UDF 10' is present on page  using regular expression

2023-09-21 18:00:21 - [TEST_STEP][PASSED] - verifyTextPresent("Delhi", true): Text 'Delhi' is present on page  using regular expression

2023-09-21 18:00:21 - [MESSAGE][PASSED] - Text 'Delhi' is present on page  using regular expression

2023-09-21 18:00:21 - [TEST_STEP][PASSED] - verifyTextPresent("Chennai", true): Text 'Chennai' is present on page  using regular expression

2023-09-21 18:00:21 - [MESSAGE][PASSED] - Text 'Chennai' is present on page  using regular expression

2023-09-21 18:00:21 - [TEST_STEP][PASSED] - verifyTextPresent("Mumbai", true): Text 'Mumbai' is present on page  using regular expression

2023-09-21 18:00:22 - [MESSAGE][PASSED] - Text 'Mumbai' is present on page  using regular expression

2023-09-21 18:00:22 - [TEST_STEP][PASSED] - verifyTextPresent("Kanpur", true): Text 'Kanpur' is present on page  using regular expression

2023-09-21 18:00:22 - [MESSAGE][PASSED] - Text 'Kanpur' is present on page  using regular expression

2023-09-21 18:00:22 - [TEST_STEP][PASSED] - verifyTextPresent("Orange Recorded", true): Text 'Orange Recorded' is present on page  using regular expression

2023-09-21 18:00:22 - [MESSAGE][PASSED] - Text 'Orange Recorded' is present on page  using regular expression

2023-09-21 18:00:22 - [TEST_STEP][PASSED] - verifyTextPresent("Yellow Recorded", true): Text 'Yellow Recorded' is present on page  using regular expression

2023-09-21 18:00:23 - [MESSAGE][PASSED] - Text 'Yellow Recorded' is present on page  using regular expression

2023-09-21 18:00:23 - [TEST_STEP][PASSED] - verifyTextPresent("Kolkata", true): Text 'Kolkata' is present on page  using regular expression

2023-09-21 18:00:23 - [MESSAGE][PASSED] - Text 'Kolkata' is present on page  using regular expression

2023-09-21 18:00:23 - [TEST_STEP][PASSED] - verifyTextPresent("Pune", true): Text 'Pune' is present on page  using regular expression

2023-09-21 18:00:23 - [MESSAGE][PASSED] - Text 'Pune' is present on page  using regular expression

2023-09-21 18:00:23 - [TEST_STEP][PASSED] - verifyTextPresent("Bhavnagar", true): Text 'Bhavnagar' is present on page  using regular expression

2023-09-21 18:00:24 - [MESSAGE][PASSED] - Text 'Bhavnagar' is present on page  using regular expression

2023-09-21 18:00:24 - [TEST_STEP][PASSED] - verifyTextPresent("Noida", true): Text 'Noida' is present on page  using regular expression

2023-09-21 18:00:24 - [MESSAGE][PASSED] - Text 'Noida' is present on page  using regular expression

2023-09-21 18:00:24 - [TEST_STEP][PASSED] - verifyTextPresent("Amount", true): Text 'Amount' is present on page  using regular expression

2023-09-21 18:00:24 - [MESSAGE][PASSED] - Text 'Amount' is present on page  using regular expression

2023-09-21 18:00:24 - [TEST_STEP][PASSED] - verifyTextPresent("2.50", true): Text '2.50' is present on page  using regular expression

2023-09-21 18:00:24 - [MESSAGE][PASSED] - Text '2.50' is present on page  using regular expression

2023-09-21 18:00:24 - [TEST_STEP][PASSED] - verifyTextPresent("Transaction Type", true): Text 'Transaction Type' is present on page  using regular expression

2023-09-21 18:00:25 - [MESSAGE][PASSED] - Text 'Transaction Type' is present on page  using regular expression

2023-09-21 18:00:25 - [TEST_STEP][PASSED] - verifyTextPresent("Debit", true): Text 'Debit' is present on page  using regular expression

2023-09-21 18:00:25 - [MESSAGE][PASSED] - Text 'Debit' is present on page  using regular expression

2023-09-21 18:00:25 - [TEST_STEP][PASSED] - verifyTextPresent("Check Information", true): Text 'Check Information' is present on page  using regular expression

2023-09-21 18:00:25 - [MESSAGE][PASSED] - Text 'Check Information' is present on page  using regular expression

2023-09-21 18:00:25 - [TEST_STEP][PASSED] - verifyTextPresent("Account Type", true): Text 'Account Type' is present on page  using regular expression

2023-09-21 18:00:26 - [MESSAGE][PASSED] - Text 'Account Type' is present on page  using regular expression

2023-09-21 18:00:26 - [TEST_STEP][PASSED] - verifyTextPresent("Account Number", true): Text 'Account Number' is present on page  using regular expression

2023-09-21 18:00:26 - [MESSAGE][PASSED] - Text 'Account Number' is present on page  using regular expression

2023-09-21 18:00:26 - [TEST_STEP][PASSED] - verifyTextPresent("Routing Number", true): Text 'Routing Number' is present on page  using regular expression

2023-09-21 18:00:26 - [MESSAGE][PASSED] - Text 'Routing Number' is present on page  using regular expression

2023-09-21 18:00:26 - [TEST_STEP][PASSED] - verifyTextPresent("Address Line 1", true): Text 'Address Line 1' is present on page  using regular expression

2023-09-21 18:00:27 - [MESSAGE][PASSED] - Text 'Address Line 1' is present on page  using regular expression

2023-09-21 18:00:27 - [TEST_STEP][PASSED] - verifyTextPresent("Address Line 2", true): Text 'Address Line 2' is present on page  using regular expression

2023-09-21 18:00:27 - [MESSAGE][PASSED] - Text 'Address Line 2' is present on page  using regular expression

2023-09-21 18:00:27 - [TEST_STEP][PASSED] - verifyTextPresent("Country", true): Text 'Country' is present on page  using regular expression

2023-09-21 18:00:27 - [MESSAGE][PASSED] - Text 'Country' is present on page  using regular expression

2023-09-21 18:00:27 - [TEST_STEP][PASSED] - verifyTextPresent("City", true): Text 'City' is present on page  using regular expression

2023-09-21 18:00:28 - [MESSAGE][PASSED] - Text 'City' is present on page  using regular expression

2023-09-21 18:00:28 - [TEST_STEP][PASSED] - verifyTextPresent("State", true): Text 'State' is present on page  using regular expression

2023-09-21 18:00:28 - [MESSAGE][PASSED] - Text 'State' is present on page  using regular expression

2023-09-21 18:00:28 - [TEST_STEP][PASSED] - verifyTextPresent("ZIP Code", true): Text 'ZIP Code' is present on page  using regular expression

2023-09-21 18:00:28 - [MESSAGE][PASSED] - Text 'ZIP Code' is present on page  using regular expression

2023-09-21 18:00:28 - [TEST_STEP][PASSED] - verifyTextPresent("248 PhoolKaante road", true): Text '248 PhoolKaante road' is present on page  using regular expression

2023-09-21 18:00:28 - [MESSAGE][PASSED] - Text '248 PhoolKaante road' is present on page  using regular expression

2023-09-21 18:00:28 - [TEST_STEP][PASSED] - verifyTextPresent("Suite 678", true): Text 'Suite 678' is present on page  using regular expression

2023-09-21 18:00:29 - [MESSAGE][PASSED] - Text 'Suite 678' is present on page  using regular expression

2023-09-21 18:00:29 - [TEST_STEP][PASSED] - verifyTextPresent("United States", true): Text 'United States' is present on page  using regular expression

2023-09-21 18:00:29 - [MESSAGE][PASSED] - Text 'United States' is present on page  using regular expression

2023-09-21 18:00:29 - [TEST_STEP][PASSED] - verifyTextPresent("ARLINGTON", true): Text 'ARLINGTON' is present on page  using regular expression

2023-09-21 18:00:29 - [MESSAGE][PASSED] - Text 'ARLINGTON' is present on page  using regular expression

2023-09-21 18:00:29 - [TEST_STEP][PASSED] - verifyTextPresent("Virginia", true): Text 'Virginia' is present on page  using regular expression

2023-09-21 18:00:30 - [MESSAGE][PASSED] - Text 'Virginia' is present on page  using regular expression

2023-09-21 18:00:30 - [TEST_STEP][PASSED] - verifyTextPresent("22201", true): Text '22201' is present on page  using regular expression

2023-09-21 18:00:30 - [MESSAGE][PASSED] - Text '22201' is present on page  using regular expression

2023-09-21 18:00:30 - [TEST_STEP][PASSED] - tranType = findTestData(dataFile).getValue("TranType", row): null

2023-09-21 18:00:30 - [TEST_STEP][PASSED] - last4V = findTestData(dataFile).getValue("Last4", row): null

2023-09-21 18:00:30 - [TEST_STEP][PASSED] - verifyTextPresent(tranType, true): Text 'Savings' is present on page  using regular expression

2023-09-21 18:00:30 - [MESSAGE][PASSED] - Text 'Savings' is present on page  using regular expression

2023-09-21 18:00:30 - [TEST_STEP][PASSED] - verifyTextPresent(last4V, true): Text '3333' is present on page  using regular expression

2023-09-21 18:00:31 - [MESSAGE][PASSED] - Text '3333' is present on page  using regular expression

2023-09-21 18:00:31 - [TEST_STEP][PASSED] - if (profNameLink.equalsIgnoreCase("a_PaymentsPC")): null

2023-09-21 18:00:31 - [TEST_STEP][PASSED] - if (profNameLink.equalsIgnoreCase("a_PaymentsPS")): Text 'TANDON RAVENA' is present on page  using regular expression

2023-09-21 18:00:31 - [TEST_STEP][PASSED] - verifyTextPresent("Name on Account", true): Text 'Name on Account' is present on page  using regular expression

2023-09-21 18:00:31 - [MESSAGE][PASSED] - Text 'Name on Account' is present on page  using regular expression

2023-09-21 18:00:31 - [TEST_STEP][PASSED] - verifyTextPresent("TANDON RAVENA", true): Text 'TANDON RAVENA' is present on page  using regular expression

2023-09-21 18:00:31 - [MESSAGE][PASSED] - Text 'TANDON RAVENA' is present on page  using regular expression

2023-09-21 18:00:31 - [TEST_STEP][PASSED] - if (profNameLink.equalsIgnoreCase("a_PaymentsCorp")): null

2023-09-21 18:00:31 - [TEST_STEP][PASSED] - switch (appName): null

2023-09-21 18:00:31 - [TEST_STEP][PASSED] - case "a_Access AutoDualCFtpQA":: null

2023-09-21 18:00:31 - [TEST_STEP][PASSED] - verifyTextPresent("5.00", true): Text '5.00' is present on page  using regular expression

2023-09-21 18:00:32 - [MESSAGE][PASSED] - Text '5.00' is present on page  using regular expression

2023-09-21 18:00:32 - [TEST_STEP][PASSED] - verifyTextPresent("Dual Transaction", true): Text 'Dual Transaction' is present on page  using regular expression

2023-09-21 18:00:32 - [MESSAGE][PASSED] - Text 'Dual Transaction' is present on page  using regular expression

2023-09-21 18:00:32 - [TEST_STEP][PASSED] - verifyTextPresent("7.50", true): Text '7.50' is present on page  using regular expression

2023-09-21 18:00:32 - [MESSAGE][PASSED] - Text '7.50' is present on page  using regular expression

2023-09-21 18:00:32 - [TEST_STEP][PASSED] - verifyTextPresent("Total Amount", true): Text 'Total Amount' is present on page  using regular expression

2023-09-21 18:00:32 - [MESSAGE][PASSED] - Text 'Total Amount' is present on page  using regular expression

2023-09-21 18:00:32 - [TEST_STEP][PASSED] - verifyTextPresent("Transaction Type", true): Text 'Transaction Type' is present on page  using regular expression

2023-09-21 18:00:33 - [MESSAGE][PASSED] - Text 'Transaction Type' is present on page  using regular expression

2023-09-21 18:00:33 - [TEST_STEP][PASSED] - break: null

2023-09-21 18:00:33 - [TEST_STEP][PASSED] - closeBrowser(): Browser is closed

2023-09-21 18:00:34 - [MESSAGE][PASSED] - Browser is closed

2023-09-21 18:00:34 - [TEST_STEP][PASSED] - ExecuteTC = findTestData(dataFile).getValue("Execute", row): null

2023-09-21 18:00:34 - [TEST_STEP][PASSED] - out.println("Value of Execute is : " + ExecuteTC): null

2023-09-21 18:00:34 - [TEST_STEP][PASSED] - switch (executionProfile): null

2023-09-21 18:00:34 - [TEST_STEP][PASSED] - case "QA2Profile":: null

2023-09-21 18:00:34 - [TEST_STEP][PASSED] - appName = findTestData(dataFile).getValue("AppNameQA", row): null

2023-09-21 18:00:34 - [TEST_STEP][PASSED] - appID = findTestData(dataFile).getValue("AppIDQA", row): null

2023-09-21 18:00:34 - [TEST_STEP][PASSED] - break: null

2023-09-21 18:00:34 - [TEST_STEP][PASSED] - if (ExecuteTC.equalsIgnoreCase("Y")): null

2023-09-21 18:00:34 - [TEST_STEP][PASSED] - out.println("Begin Record Number: " + row): null

2023-09-21 18:00:34 - [TEST_STEP][PASSED] - today = new java.util.Date(): null

2023-09-21 18:00:34 - [TEST_STEP][PASSED] - println(today): null

2023-09-21 18:00:34 - [TEST_STEP][PASSED] - datText = today: null

2023-09-21 18:00:34 - [TEST_STEP][PASSED] - adminSuiteBootstrap.loginFunctionality.login_AdminSuite(): adminSuiteBootstrap.loginFunctionality.login_AdminSuite is PASSED

2023-09-21 18:00:34 - [MESSAGE][INFO] - Starting 'Chrome' driver

2023-09-21 18:00:34 - [MESSAGE][INFO] - User set preference: ['acceptInsecureCerts', 'true']

2023-09-21 18:00:34 - [MESSAGE][INFO] - Action delay is set to 0 milliseconds

2023-09-21 18:00:36 - [MESSAGE][PASSED] - Browser is opened with url: 'https://qa2.velocitypayment.com/admin/imtiaz'

2023-09-21 18:00:36 - [MESSAGE][PASSED] - Current window maximized

2023-09-21 18:00:37 - [MESSAGE][PASSED] - Object 'Object Repository/Login_Page/Login_Username_Okta' is present

2023-09-21 18:00:38 - [MESSAGE][PASSED] - Text 'iahmed' is set on object 'Object Repository/Login_Page/Login_Username_Okta'

2023-09-21 18:00:39 - [MESSAGE][PASSED] - Text 'Hello1111111@' is set on object 'Object Repository/Login_Page/Login_Password_Okta'

2023-09-21 18:00:39 - [MESSAGE][PASSED] - Object: 'Object Repository/Login_Page/Login_Submit_Okta' is clicked on

2023-09-21 18:00:39 - [MESSAGE][PASSED] - adminSuiteBootstrap.loginFunctionality.login_AdminSuite is PASSED

2023-09-21 18:00:39 - [TEST_STEP][PASSED] - click(findTestObject(path_Dashboard + appName)): Object: 'Object Repository/AdminSuiteBootstrap_Pages/Dashboard_Bootstrap/a_Access AutoDualCFtpQA' is clicked on

2023-09-21 18:00:45 - [MESSAGE][PASSED] - Object: 'Object Repository/AdminSuiteBootstrap_Pages/Dashboard_Bootstrap/a_Access AutoDualCFtpQA' is clicked on

2023-09-21 18:00:45 - [TEST_STEP][PASSED] - click(findTestObject(path_VT + "a_Find Profile")): Object: 'Object Repository/AdminSuiteBootstrap_Pages/VT_Bootstrap/IssueTransactions/a_Find Profile' is clicked on

2023-09-21 18:00:46 - [MESSAGE][PASSED] - Object: 'Object Repository/AdminSuiteBootstrap_Pages/VT_Bootstrap/IssueTransactions/a_Find Profile' is clicked on

2023-09-21 18:00:46 - [TEST_STEP][PASSED] - criteria = <not implemented yet for class: org.codehaus.groovy.ast.expr.EmptyExpression>: null

2023-09-21 18:00:46 - [TEST_STEP][PASSED] - searchBy = <not implemented yet for class: org.codehaus.groovy.ast.expr.EmptyExpression>: null

2023-09-21 18:00:46 - [TEST_STEP][PASSED] - criteria = findTestData(dataFile).getValue("ProfileName", row): null

2023-09-21 18:00:46 - [TEST_STEP][PASSED] - path_SearchProfile = "Object Repository/AdminSuiteBootstrap_Pages/VSP_Bootstrap/SearchProfile/": null

2023-09-21 18:00:46 - [TEST_STEP][PASSED] - setText(findTestObject(path_SearchProfile + "input_Criteria"), criteria): Text 'PaymentsPS' is set on object 'Object Repository/AdminSuiteBootstrap_Pages/VSP_Bootstrap/SearchProfile/input_Criteria'

2023-09-21 18:00:47 - [MESSAGE][PASSED] - Text 'PaymentsPS' is set on object 'Object Repository/AdminSuiteBootstrap_Pages/VSP_Bootstrap/SearchProfile/input_Criteria'

2023-09-21 18:00:47 - [TEST_STEP][PASSED] - click(findTestObject(path_SearchProfile + "button_Search")): Object: 'Object Repository/AdminSuiteBootstrap_Pages/VSP_Bootstrap/SearchProfile/button_Search' is clicked on

2023-09-21 18:00:48 - [MESSAGE][PASSED] - Object: 'Object Repository/AdminSuiteBootstrap_Pages/VSP_Bootstrap/SearchProfile/button_Search' is clicked on

2023-09-21 18:00:48 - [TEST_STEP][PASSED] - profNameLink = findTestData(dataFile).getValue("ProfileNameLink", row): null

2023-09-21 18:00:48 - [TEST_STEP][PASSED] - click(findTestObject(path_ViewProfile + profNameLink)): Object: 'Object Repository/AdminSuiteBootstrap_Pages/VSP_Bootstrap/View Profile/a_PaymentsPS' is clicked on

2023-09-21 18:00:49 - [MESSAGE][PASSED] - Object: 'Object Repository/AdminSuiteBootstrap_Pages/VSP_Bootstrap/View Profile/a_PaymentsPS' is clicked on

2023-09-21 18:00:49 - [TEST_STEP][PASSED] - click(findTestObject(path_ViewProfile + "a_Debit")): Object: 'Object Repository/AdminSuiteBootstrap_Pages/VSP_Bootstrap/View Profile/a_Debit' is clicked on

2023-09-21 18:00:50 - [MESSAGE][PASSED] - Object: 'Object Repository/AdminSuiteBootstrap_Pages/VSP_Bootstrap/View Profile/a_Debit' is clicked on

2023-09-21 18:00:50 - [TEST_STEP][PASSED] - verifyTextPresent("Remittance ID", true): Text 'Remittance ID' is present on page  using regular expression

2023-09-21 18:00:51 - [MESSAGE][PASSED] - Text 'Remittance ID' is present on page  using regular expression

2023-09-21 18:00:51 - [TEST_STEP][PASSED] - vspBootstrap.ACHDebitPage.setDataACHDebit(row, dataFile): vspBootstrap.ACHDebitPage.setDataACHDebit is PASSED

2023-09-21 18:00:53 - [MESSAGE][PASSED] - All options with value 'TEL' are selected in object 'Object Repository/AdminSuiteBootstrap_Pages/VSP_Bootstrap/VSP_Debit/select_StdEntryClass'  using regular expression

2023-09-21 18:00:53 - [MESSAGE][PASSED] - Text '' is set on object 'Object Repository/AdminSuiteBootstrap_Pages/VSP_Bootstrap/VSP_Debit/input_smsNumber'

2023-09-21 18:00:54 - [MESSAGE][PASSED] - Text '2.50' is set on object 'Object Repository/AdminSuiteBootstrap_Pages/VSP_Bootstrap/VSP_Debit/input_amount'

2023-09-21 18:00:55 - [MESSAGE][PASSED] - Text 'Delhi' is set on object 'Object Repository/AdminSuiteBootstrap_Pages/VSP_Bootstrap/VSP_Debit/input_userDefined1'

2023-09-21 18:00:55 - [MESSAGE][PASSED] - Text 'Chennai' is set on object 'Object Repository/AdminSuiteBootstrap_Pages/VSP_Bootstrap/VSP_Debit/input_userDefined2'

2023-09-21 18:00:56 - [MESSAGE][PASSED] - Text 'Mumbai' is set on object 'Object Repository/AdminSuiteBootstrap_Pages/VSP_Bootstrap/VSP_Debit/input_userDefined3'

2023-09-21 18:00:57 - [MESSAGE][PASSED] - Text 'Kanpur' is set on object 'Object Repository/AdminSuiteBootstrap_Pages/VSP_Bootstrap/VSP_Debit/input_userDefined4'

2023-09-21 18:00:58 - [MESSAGE][PASSED] - All options with label 'Orange' are selected in object 'Object Repository/AdminSuiteBootstrap_Pages/VSP_Bootstrap/VSP_Debit/select_UDF5'  using regular expression

2023-09-21 18:00:58 - [MESSAGE][PASSED] - All options with label 'Yellow' are selected in object 'Object Repository/AdminSuiteBootstrap_Pages/VSP_Bootstrap/VSP_Debit/select_UDF6'  using regular expression

2023-09-21 18:00:59 - [MESSAGE][PASSED] - Text 'Kolkata' is set on object 'Object Repository/AdminSuiteBootstrap_Pages/VSP_Bootstrap/VSP_Debit/input_userDefined7'

2023-09-21 18:01:00 - [MESSAGE][PASSED] - Text 'Pune' is set on object 'Object Repository/AdminSuiteBootstrap_Pages/VSP_Bootstrap/VSP_Debit/input_userDefined8'

2023-09-21 18:01:00 - [MESSAGE][PASSED] - Text 'Bhavnagar' is set on object 'Object Repository/AdminSuiteBootstrap_Pages/VSP_Bootstrap/VSP_Debit/input_userDefined9'

2023-09-21 18:01:01 - [MESSAGE][PASSED] - Text 'Noida' is set on object 'Object Repository/AdminSuiteBootstrap_Pages/VSP_Bootstrap/VSP_Debit/input_userDefined10'

2023-09-21 18:01:02 - [MESSAGE][PASSED] - Object: 'Object Repository/AdminSuiteBootstrap_Pages/VSP_Bootstrap/VSP_Debit/button_Submit' is clicked on

2023-09-21 18:01:02 - [MESSAGE][PASSED] - vspBootstrap.ACHDebitPage.setDataACHDebit is PASSED

2023-09-21 18:01:02 - [TEST_STEP][PASSED] - verifyTextPresent("Transaction Successful", true): Text 'Transaction Successful' is present on page  using regular expression

2023-09-21 18:01:03 - [MESSAGE][PASSED] - Text 'Transaction Successful' is present on page  using regular expression

2023-09-21 18:01:03 - [TEST_STEP][PASSED] - verifyElementVisible(findTestObject("Object Repository/AdminSuiteBootstrap_Pages/VT_Bootstrap/Receipt/button_Continue")): Object 'Object Repository/AdminSuiteBootstrap_Pages/VT_Bootstrap/Receipt/button_Continue' is visible

2023-09-21 18:01:03 - [MESSAGE][PASSED] - Object 'Object Repository/AdminSuiteBootstrap_Pages/VT_Bootstrap/Receipt/button_Continue' is visible

2023-09-21 18:01:03 - [TEST_STEP][PASSED] - verifyElementPresent(findTestObject("Object Repository/AdminSuiteBootstrap_Pages/VT_Bootstrap/Receipt/button_Continue"), 20): Object 'Object Repository/AdminSuiteBootstrap_Pages/VT_Bootstrap/Receipt/button_Continue' is present

2023-09-21 18:01:03 - [MESSAGE][PASSED] - Object 'Object Repository/AdminSuiteBootstrap_Pages/VT_Bootstrap/Receipt/button_Continue' is present

2023-09-21 18:01:03 - [TEST_STEP][PASSED] - verifyElementVisible(findTestObject("Object Repository/AdminSuiteBootstrap_Pages/VT_Bootstrap/Receipt/button_Print")): Object 'Object Repository/AdminSuiteBootstrap_Pages/VT_Bootstrap/Receipt/button_Print' is visible

2023-09-21 18:01:04 - [MESSAGE][PASSED] - Object 'Object Repository/AdminSuiteBootstrap_Pages/VT_Bootstrap/Receipt/button_Print' is visible

2023-09-21 18:01:04 - [TEST_STEP][PASSED] - verifyElementPresent(findTestObject("Object Repository/AdminSuiteBootstrap_Pages/VT_Bootstrap/Receipt/button_Print"), 20): Object 'Object Repository/AdminSuiteBootstrap_Pages/VT_Bootstrap/Receipt/button_Print' is present

2023-09-21 18:01:04 - [MESSAGE][PASSED] - Object 'Object Repository/AdminSuiteBootstrap_Pages/VT_Bootstrap/Receipt/button_Print' is present

2023-09-21 18:01:04 - [TEST_STEP][PASSED] - verifyTextPresent("Remittance ID", true): Text 'Remittance ID' is present on page  using regular expression

2023-09-21 18:01:04 - [MESSAGE][PASSED] - Text 'Remittance ID' is present on page  using regular expression

2023-09-21 18:01:04 - [TEST_STEP][PASSED] - verifyTextPresent("Received", true): Text 'Received' is present on page  using regular expression

2023-09-21 18:01:05 - [MESSAGE][PASSED] - Text 'Received' is present on page  using regular expression

2023-09-21 18:01:05 - [TEST_STEP][PASSED] - verifyTextPresent("UDF1", true): Text 'UDF1' is present on page  using regular expression

2023-09-21 18:01:05 - [MESSAGE][PASSED] - Text 'UDF1' is present on page  using regular expression

2023-09-21 18:01:05 - [TEST_STEP][PASSED] - verifyTextPresent("UDF2", true): Text 'UDF2' is present on page  using regular expression

2023-09-21 18:01:05 - [MESSAGE][PASSED] - Text 'UDF2' is present on page  using regular expression

2023-09-21 18:01:05 - [TEST_STEP][PASSED] - verifyTextPresent("UDF3", true): Text 'UDF3' is present on page  using regular expression

2023-09-21 18:01:06 - [MESSAGE][PASSED] - Text 'UDF3' is present on page  using regular expression

2023-09-21 18:01:06 - [TEST_STEP][PASSED] - verifyTextPresent("UDF4", true): Text 'UDF4' is present on page  using regular expression

2023-09-21 18:01:06 - [MESSAGE][PASSED] - Text 'UDF4' is present on page  using regular expression

2023-09-21 18:01:06 - [TEST_STEP][PASSED] - verifyTextPresent("UDF5", true): Text 'UDF5' is present on page  using regular expression

2023-09-21 18:01:06 - [MESSAGE][PASSED] - Text 'UDF5' is present on page  using regular expression

2023-09-21 18:01:06 - [TEST_STEP][PASSED] - verifyTextPresent("UDF6", true): Text 'UDF6' is present on page  using regular expression

2023-09-21 18:01:06 - [MESSAGE][PASSED] - Text 'UDF6' is present on page  using regular expression

2023-09-21 18:01:06 - [TEST_STEP][PASSED] - verifyTextPresent("UDF7", true): Text 'UDF7' is present on page  using regular expression

2023-09-21 18:01:07 - [MESSAGE][PASSED] - Text 'UDF7' is present on page  using regular expression

2023-09-21 18:01:07 - [TEST_STEP][PASSED] - verifyTextPresent("UDF8", true): Text 'UDF8' is present on page  using regular expression

2023-09-21 18:01:07 - [MESSAGE][PASSED] - Text 'UDF8' is present on page  using regular expression

2023-09-21 18:01:07 - [TEST_STEP][PASSED] - verifyTextPresent("UDF9", true): Text 'UDF9' is present on page  using regular expression

2023-09-21 18:01:07 - [MESSAGE][PASSED] - Text 'UDF9' is present on page  using regular expression

2023-09-21 18:01:07 - [TEST_STEP][PASSED] - verifyTextPresent("UDF 10", true): Text 'UDF 10' is present on page  using regular expression

2023-09-21 18:01:08 - [MESSAGE][PASSED] - Text 'UDF 10' is present on page  using regular expression

2023-09-21 18:01:08 - [TEST_STEP][PASSED] - verifyTextPresent("Delhi", true): Text 'Delhi' is present on page  using regular expression

2023-09-21 18:01:08 - [MESSAGE][PASSED] - Text 'Delhi' is present on page  using regular expression

2023-09-21 18:01:08 - [TEST_STEP][PASSED] - verifyTextPresent("Chennai", true): Text 'Chennai' is present on page  using regular expression

2023-09-21 18:01:08 - [MESSAGE][PASSED] - Text 'Chennai' is present on page  using regular expression

2023-09-21 18:01:08 - [TEST_STEP][PASSED] - verifyTextPresent("Mumbai", true): Text 'Mumbai' is present on page  using regular expression

2023-09-21 18:01:09 - [MESSAGE][PASSED] - Text 'Mumbai' is present on page  using regular expression

2023-09-21 18:01:09 - [TEST_STEP][PASSED] - verifyTextPresent("Kanpur", true): Text 'Kanpur' is present on page  using regular expression

2023-09-21 18:01:09 - [MESSAGE][PASSED] - Text 'Kanpur' is present on page  using regular expression

2023-09-21 18:01:09 - [TEST_STEP][PASSED] - verifyTextPresent("Orange Recorded", true): Text 'Orange Recorded' is present on page  using regular expression

2023-09-21 18:01:09 - [MESSAGE][PASSED] - Text 'Orange Recorded' is present on page  using regular expression

2023-09-21 18:01:09 - [TEST_STEP][PASSED] - verifyTextPresent("Yellow Recorded", true): Text 'Yellow Recorded' is present on page  using regular expression

2023-09-21 18:01:09 - [MESSAGE][PASSED] - Text 'Yellow Recorded' is present on page  using regular expression

2023-09-21 18:01:09 - [TEST_STEP][PASSED] - verifyTextPresent("Kolkata", true): Text 'Kolkata' is present on page  using regular expression

2023-09-21 18:01:10 - [MESSAGE][PASSED] - Text 'Kolkata' is present on page  using regular expression

2023-09-21 18:01:10 - [TEST_STEP][PASSED] - verifyTextPresent("Pune", true): Text 'Pune' is present on page  using regular expression

2023-09-21 18:01:10 - [MESSAGE][PASSED] - Text 'Pune' is present on page  using regular expression

2023-09-21 18:01:10 - [TEST_STEP][PASSED] - verifyTextPresent("Bhavnagar", true): Text 'Bhavnagar' is present on page  using regular expression

2023-09-21 18:01:10 - [MESSAGE][PASSED] - Text 'Bhavnagar' is present on page  using regular expression

2023-09-21 18:01:10 - [TEST_STEP][PASSED] - verifyTextPresent("Noida", true): Text 'Noida' is present on page  using regular expression

2023-09-21 18:01:11 - [MESSAGE][PASSED] - Text 'Noida' is present on page  using regular expression

2023-09-21 18:01:11 - [TEST_STEP][PASSED] - verifyTextPresent("Amount", true): Text 'Amount' is present on page  using regular expression

2023-09-21 18:01:11 - [MESSAGE][PASSED] - Text 'Amount' is present on page  using regular expression

2023-09-21 18:01:11 - [TEST_STEP][PASSED] - verifyTextPresent("2.50", true): Text '2.50' is present on page  using regular expression

2023-09-21 18:01:11 - [MESSAGE][PASSED] - Text '2.50' is present on page  using regular expression

2023-09-21 18:01:11 - [TEST_STEP][PASSED] - verifyTextPresent("Transaction Type", true): Text 'Transaction Type' is present on page  using regular expression

2023-09-21 18:01:12 - [MESSAGE][PASSED] - Text 'Transaction Type' is present on page  using regular expression

2023-09-21 18:01:12 - [TEST_STEP][PASSED] - verifyTextPresent("Debit", true): Text 'Debit' is present on page  using regular expression

2023-09-21 18:01:12 - [MESSAGE][PASSED] - Text 'Debit' is present on page  using regular expression

2023-09-21 18:01:12 - [TEST_STEP][PASSED] - verifyTextPresent("Check Information", true): Text 'Check Information' is present on page  using regular expression

2023-09-21 18:01:12 - [MESSAGE][PASSED] - Text 'Check Information' is present on page  using regular expression

2023-09-21 18:01:12 - [TEST_STEP][PASSED] - verifyTextPresent("Account Type", true): Text 'Account Type' is present on page  using regular expression

2023-09-21 18:01:12 - [MESSAGE][PASSED] - Text 'Account Type' is present on page  using regular expression

2023-09-21 18:01:12 - [TEST_STEP][PASSED] - verifyTextPresent("Account Number", true): Text 'Account Number' is present on page  using regular expression

2023-09-21 18:01:13 - [MESSAGE][PASSED] - Text 'Account Number' is present on page  using regular expression

2023-09-21 18:01:13 - [TEST_STEP][PASSED] - verifyTextPresent("Routing Number", true): Text 'Routing Number' is present on page  using regular expression

2023-09-21 18:01:13 - [MESSAGE][PASSED] - Text 'Routing Number' is present on page  using regular expression

2023-09-21 18:01:13 - [TEST_STEP][PASSED] - verifyTextPresent("Address Line 1", true): Text 'Address Line 1' is present on page  using regular expression

2023-09-21 18:01:13 - [MESSAGE][PASSED] - Text 'Address Line 1' is present on page  using regular expression

2023-09-21 18:01:13 - [TEST_STEP][PASSED] - verifyTextPresent("Address Line 2", true): Text 'Address Line 2' is present on page  using regular expression

2023-09-21 18:01:14 - [MESSAGE][PASSED] - Text 'Address Line 2' is present on page  using regular expression

2023-09-21 18:01:14 - [TEST_STEP][PASSED] - verifyTextPresent("Country", true): Text 'Country' is present on page  using regular expression

2023-09-21 18:01:14 - [MESSAGE][PASSED] - Text 'Country' is present on page  using regular expression

2023-09-21 18:01:14 - [TEST_STEP][PASSED] - verifyTextPresent("City", true): Text 'City' is present on page  using regular expression

2023-09-21 18:01:14 - [MESSAGE][PASSED] - Text 'City' is present on page  using regular expression

2023-09-21 18:01:14 - [TEST_STEP][PASSED] - verifyTextPresent("State", true): Text 'State' is present on page  using regular expression

2023-09-21 18:01:15 - [MESSAGE][PASSED] - Text 'State' is present on page  using regular expression

2023-09-21 18:01:15 - [TEST_STEP][PASSED] - verifyTextPresent("ZIP Code", true): Text 'ZIP Code' is present on page  using regular expression

2023-09-21 18:01:15 - [MESSAGE][PASSED] - Text 'ZIP Code' is present on page  using regular expression

2023-09-21 18:01:15 - [TEST_STEP][PASSED] - verifyTextPresent("248 PhoolKaante road", true): Text '248 PhoolKaante road' is present on page  using regular expression

2023-09-21 18:01:15 - [MESSAGE][PASSED] - Text '248 PhoolKaante road' is present on page  using regular expression

2023-09-21 18:01:15 - [TEST_STEP][PASSED] - verifyTextPresent("Suite 678", true): Text 'Suite 678' is present on page  using regular expression

2023-09-21 18:01:15 - [MESSAGE][PASSED] - Text 'Suite 678' is present on page  using regular expression

2023-09-21 18:01:15 - [TEST_STEP][PASSED] - verifyTextPresent("United States", true): Text 'United States' is present on page  using regular expression

2023-09-21 18:01:16 - [MESSAGE][PASSED] - Text 'United States' is present on page  using regular expression

2023-09-21 18:01:16 - [TEST_STEP][PASSED] - verifyTextPresent("ARLINGTON", true): Text 'ARLINGTON' is present on page  using regular expression

2023-09-21 18:01:16 - [MESSAGE][PASSED] - Text 'ARLINGTON' is present on page  using regular expression

2023-09-21 18:01:16 - [TEST_STEP][PASSED] - verifyTextPresent("Virginia", true): Text 'Virginia' is present on page  using regular expression

2023-09-21 18:01:16 - [MESSAGE][PASSED] - Text 'Virginia' is present on page  using regular expression

2023-09-21 18:01:16 - [TEST_STEP][PASSED] - verifyTextPresent("22201", true): Text '22201' is present on page  using regular expression

2023-09-21 18:01:17 - [MESSAGE][PASSED] - Text '22201' is present on page  using regular expression

2023-09-21 18:01:17 - [TEST_STEP][PASSED] - tranType = findTestData(dataFile).getValue("TranType", row): null

2023-09-21 18:01:17 - [TEST_STEP][PASSED] - last4V = findTestData(dataFile).getValue("Last4", row): null

2023-09-21 18:01:17 - [TEST_STEP][PASSED] - verifyTextPresent(tranType, true): Text 'Savings' is present on page  using regular expression

2023-09-21 18:01:17 - [MESSAGE][PASSED] - Text 'Savings' is present on page  using regular expression

2023-09-21 18:01:17 - [TEST_STEP][PASSED] - verifyTextPresent(last4V, true): Text '3333' is present on page  using regular expression

2023-09-21 18:01:17 - [MESSAGE][PASSED] - Text '3333' is present on page  using regular expression

2023-09-21 18:01:17 - [TEST_STEP][PASSED] - if (profNameLink.equalsIgnoreCase("a_PaymentsPC")): null

2023-09-21 18:01:17 - [TEST_STEP][PASSED] - if (profNameLink.equalsIgnoreCase("a_PaymentsPS")): Text 'TANDON RAVENA' is present on page  using regular expression

2023-09-21 18:01:17 - [TEST_STEP][PASSED] - verifyTextPresent("Name on Account", true): Text 'Name on Account' is present on page  using regular expression

2023-09-21 18:01:18 - [MESSAGE][PASSED] - Text 'Name on Account' is present on page  using regular expression

2023-09-21 18:01:18 - [TEST_STEP][PASSED] - verifyTextPresent("TANDON RAVENA", true): Text 'TANDON RAVENA' is present on page  using regular expression

2023-09-21 18:01:18 - [MESSAGE][PASSED] - Text 'TANDON RAVENA' is present on page  using regular expression

2023-09-21 18:01:18 - [TEST_STEP][PASSED] - if (profNameLink.equalsIgnoreCase("a_PaymentsCorp")): null

2023-09-21 18:01:18 - [TEST_STEP][PASSED] - switch (appName): null

2023-09-21 18:01:18 - [TEST_STEP][PASSED] - case "a_Access AutoDualCFtpQA":: null

2023-09-21 18:01:18 - [TEST_STEP][PASSED] - verifyTextPresent("5.00", true): Text '5.00' is present on page  using regular expression

2023-09-21 18:01:18 - [MESSAGE][PASSED] - Text '5.00' is present on page  using regular expression

2023-09-21 18:01:18 - [TEST_STEP][PASSED] - verifyTextPresent("Dual Transaction", true): Text 'Dual Transaction' is present on page  using regular expression

2023-09-21 18:01:19 - [MESSAGE][PASSED] - Text 'Dual Transaction' is present on page  using regular expression

2023-09-21 18:01:19 - [TEST_STEP][PASSED] - verifyTextPresent("7.50", true): Text '7.50' is present on page  using regular expression

2023-09-21 18:01:19 - [MESSAGE][PASSED] - Text '7.50' is present on page  using regular expression

2023-09-21 18:01:19 - [TEST_STEP][PASSED] - verifyTextPresent("Total Amount", true): Text 'Total Amount' is present on page  using regular expression

2023-09-21 18:01:19 - [MESSAGE][PASSED] - Text 'Total Amount' is present on page  using regular expression

2023-09-21 18:01:19 - [TEST_STEP][PASSED] - verifyTextPresent("Transaction Type", true): Text 'Transaction Type' is present on page  using regular expression

2023-09-21 18:01:20 - [MESSAGE][PASSED] - Text 'Transaction Type' is present on page  using regular expression

2023-09-21 18:01:20 - [TEST_STEP][PASSED] - break: null

2023-09-21 18:01:20 - [TEST_STEP][PASSED] - closeBrowser(): Browser is closed

2023-09-21 18:01:20 - [MESSAGE][PASSED] - Browser is closed

2023-09-21 18:01:20 - [TEST_STEP][PASSED] - ExecuteTC = findTestData(dataFile).getValue("Execute", row): null

2023-09-21 18:01:20 - [TEST_STEP][PASSED] - out.println("Value of Execute is : " + ExecuteTC): null

2023-09-21 18:01:20 - [TEST_STEP][PASSED] - switch (executionProfile): null

2023-09-21 18:01:20 - [TEST_STEP][PASSED] - case "QA2Profile":: null

2023-09-21 18:01:20 - [TEST_STEP][PASSED] - appName = findTestData(dataFile).getValue("AppNameQA", row): null

2023-09-21 18:01:20 - [TEST_STEP][PASSED] - appID = findTestData(dataFile).getValue("AppIDQA", row): null

2023-09-21 18:01:21 - [TEST_STEP][PASSED] - break: null

2023-09-21 18:01:21 - [TEST_STEP][PASSED] - if (ExecuteTC.equalsIgnoreCase("Y")): null

2023-09-21 18:01:21 - [TEST_STEP][PASSED] - out.println("Begin Record Number: " + row): null

2023-09-21 18:01:21 - [TEST_STEP][PASSED] - today = new java.util.Date(): null

2023-09-21 18:01:21 - [TEST_STEP][PASSED] - println(today): null

2023-09-21 18:01:21 - [TEST_STEP][PASSED] - datText = today: null

2023-09-21 18:01:21 - [TEST_STEP][PASSED] - adminSuiteBootstrap.loginFunctionality.login_AdminSuite(): adminSuiteBootstrap.loginFunctionality.login_AdminSuite is PASSED

2023-09-21 18:01:21 - [MESSAGE][INFO] - Starting 'Chrome' driver

2023-09-21 18:01:21 - [MESSAGE][INFO] - User set preference: ['acceptInsecureCerts', 'true']

2023-09-21 18:01:21 - [MESSAGE][INFO] - Action delay is set to 0 milliseconds

2023-09-21 18:01:23 - [MESSAGE][PASSED] - Browser is opened with url: 'https://qa2.velocitypayment.com/admin/imtiaz'

2023-09-21 18:01:23 - [MESSAGE][PASSED] - Current window maximized

2023-09-21 18:01:24 - [MESSAGE][PASSED] - Object 'Object Repository/Login_Page/Login_Username_Okta' is present

2023-09-21 18:01:24 - [MESSAGE][PASSED] - Text 'iahmed' is set on object 'Object Repository/Login_Page/Login_Username_Okta'

2023-09-21 18:01:25 - [MESSAGE][PASSED] - Text 'Hello1111111@' is set on object 'Object Repository/Login_Page/Login_Password_Okta'

2023-09-21 18:01:26 - [MESSAGE][PASSED] - Object: 'Object Repository/Login_Page/Login_Submit_Okta' is clicked on

2023-09-21 18:01:26 - [MESSAGE][PASSED] - adminSuiteBootstrap.loginFunctionality.login_AdminSuite is PASSED

2023-09-21 18:01:26 - [TEST_STEP][PASSED] - click(findTestObject(path_Dashboard + appName)): Object: 'Object Repository/AdminSuiteBootstrap_Pages/Dashboard_Bootstrap/a_Access AutoDualCFtpQA' is clicked on

2023-09-21 18:01:33 - [MESSAGE][PASSED] - Object: 'Object Repository/AdminSuiteBootstrap_Pages/Dashboard_Bootstrap/a_Access AutoDualCFtpQA' is clicked on

2023-09-21 18:01:33 - [TEST_STEP][PASSED] - click(findTestObject(path_VT + "a_Find Profile")): Object: 'Object Repository/AdminSuiteBootstrap_Pages/VT_Bootstrap/IssueTransactions/a_Find Profile' is clicked on

2023-09-21 18:01:33 - [MESSAGE][PASSED] - Object: 'Object Repository/AdminSuiteBootstrap_Pages/VT_Bootstrap/IssueTransactions/a_Find Profile' is clicked on

2023-09-21 18:01:33 - [TEST_STEP][PASSED] - criteria = <not implemented yet for class: org.codehaus.groovy.ast.expr.EmptyExpression>: null

2023-09-21 18:01:33 - [TEST_STEP][PASSED] - searchBy = <not implemented yet for class: org.codehaus.groovy.ast.expr.EmptyExpression>: null

2023-09-21 18:01:33 - [TEST_STEP][PASSED] - criteria = findTestData(dataFile).getValue("ProfileName", row): null

2023-09-21 18:01:33 - [TEST_STEP][PASSED] - path_SearchProfile = "Object Repository/AdminSuiteBootstrap_Pages/VSP_Bootstrap/SearchProfile/": null

2023-09-21 18:01:33 - [TEST_STEP][PASSED] - setText(findTestObject(path_SearchProfile + "input_Criteria"), criteria): Text 'PaymentsCorp' is set on object 'Object Repository/AdminSuiteBootstrap_Pages/VSP_Bootstrap/SearchProfile/input_Criteria'

2023-09-21 18:01:34 - [MESSAGE][PASSED] - Text 'PaymentsCorp' is set on object 'Object Repository/AdminSuiteBootstrap_Pages/VSP_Bootstrap/SearchProfile/input_Criteria'

2023-09-21 18:01:34 - [TEST_STEP][PASSED] - click(findTestObject(path_SearchProfile + "button_Search")): Object: 'Object Repository/AdminSuiteBootstrap_Pages/VSP_Bootstrap/SearchProfile/button_Search' is clicked on

2023-09-21 18:01:35 - [MESSAGE][PASSED] - Object: 'Object Repository/AdminSuiteBootstrap_Pages/VSP_Bootstrap/SearchProfile/button_Search' is clicked on

2023-09-21 18:01:35 - [TEST_STEP][PASSED] - profNameLink = findTestData(dataFile).getValue("ProfileNameLink", row): null

2023-09-21 18:01:35 - [TEST_STEP][PASSED] - click(findTestObject(path_ViewProfile + profNameLink)): Object: 'Object Repository/AdminSuiteBootstrap_Pages/VSP_Bootstrap/View Profile/a_PaymentsCorp' is clicked on

2023-09-21 18:01:36 - [MESSAGE][PASSED] - Object: 'Object Repository/AdminSuiteBootstrap_Pages/VSP_Bootstrap/View Profile/a_PaymentsCorp' is clicked on

2023-09-21 18:01:36 - [TEST_STEP][PASSED] - click(findTestObject(path_ViewProfile + "a_Debit")): Object: 'Object Repository/AdminSuiteBootstrap_Pages/VSP_Bootstrap/View Profile/a_Debit' is clicked on

2023-09-21 18:01:37 - [MESSAGE][PASSED] - Object: 'Object Repository/AdminSuiteBootstrap_Pages/VSP_Bootstrap/View Profile/a_Debit' is clicked on

2023-09-21 18:01:37 - [TEST_STEP][PASSED] - verifyTextPresent("Remittance ID", true): Text 'Remittance ID' is present on page  using regular expression

2023-09-21 18:01:38 - [MESSAGE][PASSED] - Text 'Remittance ID' is present on page  using regular expression

2023-09-21 18:01:38 - [TEST_STEP][PASSED] - vspBootstrap.ACHDebitPage.setDataACHDebit(row, dataFile): vspBootstrap.ACHDebitPage.setDataACHDebit is PASSED

2023-09-21 18:01:40 - [MESSAGE][PASSED] - All options with value 'CCD' are selected in object 'Object Repository/AdminSuiteBootstrap_Pages/VSP_Bootstrap/VSP_Debit/select_StdEntryClass'  using regular expression

2023-09-21 18:01:40 - [MESSAGE][PASSED] - Text '' is set on object 'Object Repository/AdminSuiteBootstrap_Pages/VSP_Bootstrap/VSP_Debit/input_smsNumber'

2023-09-21 18:01:41 - [MESSAGE][PASSED] - Text '2.50' is set on object 'Object Repository/AdminSuiteBootstrap_Pages/VSP_Bootstrap/VSP_Debit/input_amount'

2023-09-21 18:01:42 - [MESSAGE][PASSED] - Text '123456789' is set on object 'Object Repository/AdminSuiteBootstrap_Pages/VSP_Bootstrap/VSP_Debit/input_ein'

2023-09-21 18:01:43 - [MESSAGE][PASSED] - Text 'Delhi' is set on object 'Object Repository/AdminSuiteBootstrap_Pages/VSP_Bootstrap/VSP_Debit/input_userDefined1'

2023-09-21 18:01:43 - [MESSAGE][PASSED] - Text 'Chennai' is set on object 'Object Repository/AdminSuiteBootstrap_Pages/VSP_Bootstrap/VSP_Debit/input_userDefined2'

2023-09-21 18:01:44 - [MESSAGE][PASSED] - Text 'Mumbai' is set on object 'Object Repository/AdminSuiteBootstrap_Pages/VSP_Bootstrap/VSP_Debit/input_userDefined3'

2023-09-21 18:01:44 - [MESSAGE][PASSED] - Text 'Kanpur' is set on object 'Object Repository/AdminSuiteBootstrap_Pages/VSP_Bootstrap/VSP_Debit/input_userDefined4'

2023-09-21 18:01:45 - [MESSAGE][PASSED] - All options with label 'Orange' are selected in object 'Object Repository/AdminSuiteBootstrap_Pages/VSP_Bootstrap/VSP_Debit/select_UDF5'  using regular expression

2023-09-21 18:01:46 - [MESSAGE][PASSED] - All options with label 'Yellow' are selected in object 'Object Repository/AdminSuiteBootstrap_Pages/VSP_Bootstrap/VSP_Debit/select_UDF6'  using regular expression

2023-09-21 18:01:47 - [MESSAGE][PASSED] - Text 'Kolkata' is set on object 'Object Repository/AdminSuiteBootstrap_Pages/VSP_Bootstrap/VSP_Debit/input_userDefined7'

2023-09-21 18:01:47 - [MESSAGE][PASSED] - Text 'Pune' is set on object 'Object Repository/AdminSuiteBootstrap_Pages/VSP_Bootstrap/VSP_Debit/input_userDefined8'

2023-09-21 18:01:48 - [MESSAGE][PASSED] - Text 'Bhavnagar' is set on object 'Object Repository/AdminSuiteBootstrap_Pages/VSP_Bootstrap/VSP_Debit/input_userDefined9'

2023-09-21 18:01:49 - [MESSAGE][PASSED] - Text 'Noida' is set on object 'Object Repository/AdminSuiteBootstrap_Pages/VSP_Bootstrap/VSP_Debit/input_userDefined10'

2023-09-21 18:01:50 - [MESSAGE][PASSED] - Object: 'Object Repository/AdminSuiteBootstrap_Pages/VSP_Bootstrap/VSP_Debit/button_Submit' is clicked on

2023-09-21 18:01:50 - [MESSAGE][PASSED] - vspBootstrap.ACHDebitPage.setDataACHDebit is PASSED

2023-09-21 18:01:50 - [TEST_STEP][PASSED] - verifyTextPresent("Transaction Successful", true): Text 'Transaction Successful' is present on page  using regular expression

2023-09-21 18:01:51 - [MESSAGE][PASSED] - Text 'Transaction Successful' is present on page  using regular expression

2023-09-21 18:01:51 - [TEST_STEP][PASSED] - verifyElementVisible(findTestObject("Object Repository/AdminSuiteBootstrap_Pages/VT_Bootstrap/Receipt/button_Continue")): Object 'Object Repository/AdminSuiteBootstrap_Pages/VT_Bootstrap/Receipt/button_Continue' is visible

2023-09-21 18:01:51 - [MESSAGE][PASSED] - Object 'Object Repository/AdminSuiteBootstrap_Pages/VT_Bootstrap/Receipt/button_Continue' is visible

2023-09-21 18:01:51 - [TEST_STEP][PASSED] - verifyElementPresent(findTestObject("Object Repository/AdminSuiteBootstrap_Pages/VT_Bootstrap/Receipt/button_Continue"), 20): Object 'Object Repository/AdminSuiteBootstrap_Pages/VT_Bootstrap/Receipt/button_Continue' is present

2023-09-21 18:01:51 - [MESSAGE][PASSED] - Object 'Object Repository/AdminSuiteBootstrap_Pages/VT_Bootstrap/Receipt/button_Continue' is present

2023-09-21 18:01:51 - [TEST_STEP][PASSED] - verifyElementVisible(findTestObject("Object Repository/AdminSuiteBootstrap_Pages/VT_Bootstrap/Receipt/button_Print")): Object 'Object Repository/AdminSuiteBootstrap_Pages/VT_Bootstrap/Receipt/button_Print' is visible

2023-09-21 18:01:52 - [MESSAGE][PASSED] - Object 'Object Repository/AdminSuiteBootstrap_Pages/VT_Bootstrap/Receipt/button_Print' is visible

2023-09-21 18:01:52 - [TEST_STEP][PASSED] - verifyElementPresent(findTestObject("Object Repository/AdminSuiteBootstrap_Pages/VT_Bootstrap/Receipt/button_Print"), 20): Object 'Object Repository/AdminSuiteBootstrap_Pages/VT_Bootstrap/Receipt/button_Print' is present

2023-09-21 18:01:52 - [MESSAGE][PASSED] - Object 'Object Repository/AdminSuiteBootstrap_Pages/VT_Bootstrap/Receipt/button_Print' is present

2023-09-21 18:01:52 - [TEST_STEP][PASSED] - verifyTextPresent("Remittance ID", true): Text 'Remittance ID' is present on page  using regular expression

2023-09-21 18:01:52 - [MESSAGE][PASSED] - Text 'Remittance ID' is present on page  using regular expression

2023-09-21 18:01:52 - [TEST_STEP][PASSED] - verifyTextPresent("Received", true): Text 'Received' is present on page  using regular expression

2023-09-21 18:01:52 - [MESSAGE][PASSED] - Text 'Received' is present on page  using regular expression

2023-09-21 18:01:52 - [TEST_STEP][PASSED] - verifyTextPresent("UDF1", true): Text 'UDF1' is present on page  using regular expression

2023-09-21 18:01:53 - [MESSAGE][PASSED] - Text 'UDF1' is present on page  using regular expression

2023-09-21 18:01:53 - [TEST_STEP][PASSED] - verifyTextPresent("UDF2", true): Text 'UDF2' is present on page  using regular expression

2023-09-21 18:01:53 - [MESSAGE][PASSED] - Text 'UDF2' is present on page  using regular expression

2023-09-21 18:01:53 - [TEST_STEP][PASSED] - verifyTextPresent("UDF3", true): Text 'UDF3' is present on page  using regular expression

2023-09-21 18:01:53 - [MESSAGE][PASSED] - Text 'UDF3' is present on page  using regular expression

2023-09-21 18:01:53 - [TEST_STEP][PASSED] - verifyTextPresent("UDF4", true): Text 'UDF4' is present on page  using regular expression

2023-09-21 18:01:54 - [MESSAGE][PASSED] - Text 'UDF4' is present on page  using regular expression

2023-09-21 18:01:54 - [TEST_STEP][PASSED] - verifyTextPresent("UDF5", true): Text 'UDF5' is present on page  using regular expression

2023-09-21 18:01:54 - [MESSAGE][PASSED] - Text 'UDF5' is present on page  using regular expression

2023-09-21 18:01:54 - [TEST_STEP][PASSED] - verifyTextPresent("UDF6", true): Text 'UDF6' is present on page  using regular expression

2023-09-21 18:01:54 - [MESSAGE][PASSED] - Text 'UDF6' is present on page  using regular expression

2023-09-21 18:01:54 - [TEST_STEP][PASSED] - verifyTextPresent("UDF7", true): Text 'UDF7' is present on page  using regular expression

2023-09-21 18:01:55 - [MESSAGE][PASSED] - Text 'UDF7' is present on page  using regular expression

2023-09-21 18:01:55 - [TEST_STEP][PASSED] - verifyTextPresent("UDF8", true): Text 'UDF8' is present on page  using regular expression

2023-09-21 18:01:55 - [MESSAGE][PASSED] - Text 'UDF8' is present on page  using regular expression

2023-09-21 18:01:55 - [TEST_STEP][PASSED] - verifyTextPresent("UDF9", true): Text 'UDF9' is present on page  using regular expression

2023-09-21 18:01:55 - [MESSAGE][PASSED] - Text 'UDF9' is present on page  using regular expression

2023-09-21 18:01:55 - [TEST_STEP][PASSED] - verifyTextPresent("UDF 10", true): Text 'UDF 10' is present on page  using regular expression

2023-09-21 18:01:55 - [MESSAGE][PASSED] - Text 'UDF 10' is present on page  using regular expression

2023-09-21 18:01:55 - [TEST_STEP][PASSED] - verifyTextPresent("Delhi", true): Text 'Delhi' is present on page  using regular expression

2023-09-21 18:01:56 - [MESSAGE][PASSED] - Text 'Delhi' is present on page  using regular expression

2023-09-21 18:01:56 - [TEST_STEP][PASSED] - verifyTextPresent("Chennai", true): Text 'Chennai' is present on page  using regular expression

2023-09-21 18:01:56 - [MESSAGE][PASSED] - Text 'Chennai' is present on page  using regular expression

2023-09-21 18:01:56 - [TEST_STEP][PASSED] - verifyTextPresent("Mumbai", true): Text 'Mumbai' is present on page  using regular expression

2023-09-21 18:01:56 - [MESSAGE][PASSED] - Text 'Mumbai' is present on page  using regular expression

2023-09-21 18:01:56 - [TEST_STEP][PASSED] - verifyTextPresent("Kanpur", true): Text 'Kanpur' is present on page  using regular expression

2023-09-21 18:01:57 - [MESSAGE][PASSED] - Text 'Kanpur' is present on page  using regular expression

2023-09-21 18:01:57 - [TEST_STEP][PASSED] - verifyTextPresent("Orange Recorded", true): Text 'Orange Recorded' is present on page  using regular expression

2023-09-21 18:01:57 - [MESSAGE][PASSED] - Text 'Orange Recorded' is present on page  using regular expression

2023-09-21 18:01:57 - [TEST_STEP][PASSED] - verifyTextPresent("Yellow Recorded", true): Text 'Yellow Recorded' is present on page  using regular expression

2023-09-21 18:01:57 - [MESSAGE][PASSED] - Text 'Yellow Recorded' is present on page  using regular expression

2023-09-21 18:01:57 - [TEST_STEP][PASSED] - verifyTextPresent("Kolkata", true): Text 'Kolkata' is present on page  using regular expression

2023-09-21 18:01:58 - [MESSAGE][PASSED] - Text 'Kolkata' is present on page  using regular expression

2023-09-21 18:01:58 - [TEST_STEP][PASSED] - verifyTextPresent("Pune", true): Text 'Pune' is present on page  using regular expression

2023-09-21 18:01:58 - [MESSAGE][PASSED] - Text 'Pune' is present on page  using regular expression

2023-09-21 18:01:58 - [TEST_STEP][PASSED] - verifyTextPresent("Bhavnagar", true): Text 'Bhavnagar' is present on page  using regular expression

2023-09-21 18:01:58 - [MESSAGE][PASSED] - Text 'Bhavnagar' is present on page  using regular expression

2023-09-21 18:01:58 - [TEST_STEP][PASSED] - verifyTextPresent("Noida", true): Text 'Noida' is present on page  using regular expression

2023-09-21 18:01:58 - [MESSAGE][PASSED] - Text 'Noida' is present on page  using regular expression

2023-09-21 18:01:58 - [TEST_STEP][PASSED] - verifyTextPresent("Amount", true): Text 'Amount' is present on page  using regular expression

2023-09-21 18:01:59 - [MESSAGE][PASSED] - Text 'Amount' is present on page  using regular expression

2023-09-21 18:01:59 - [TEST_STEP][PASSED] - verifyTextPresent("2.50", true): Text '2.50' is present on page  using regular expression

2023-09-21 18:01:59 - [MESSAGE][PASSED] - Text '2.50' is present on page  using regular expression

2023-09-21 18:01:59 - [TEST_STEP][PASSED] - verifyTextPresent("Transaction Type", true): Text 'Transaction Type' is present on page  using regular expression

2023-09-21 18:01:59 - [MESSAGE][PASSED] - Text 'Transaction Type' is present on page  using regular expression

2023-09-21 18:01:59 - [TEST_STEP][PASSED] - verifyTextPresent("Debit", true): Text 'Debit' is present on page  using regular expression

2023-09-21 18:02:00 - [MESSAGE][PASSED] - Text 'Debit' is present on page  using regular expression

2023-09-21 18:02:00 - [TEST_STEP][PASSED] - verifyTextPresent("Check Information", true): Text 'Check Information' is present on page  using regular expression

2023-09-21 18:02:00 - [MESSAGE][PASSED] - Text 'Check Information' is present on page  using regular expression

2023-09-21 18:02:00 - [TEST_STEP][PASSED] - verifyTextPresent("Account Type", true): Text 'Account Type' is present on page  using regular expression

2023-09-21 18:02:00 - [MESSAGE][PASSED] - Text 'Account Type' is present on page  using regular expression

2023-09-21 18:02:00 - [TEST_STEP][PASSED] - verifyTextPresent("Account Number", true): Text 'Account Number' is present on page  using regular expression

2023-09-21 18:02:01 - [MESSAGE][PASSED] - Text 'Account Number' is present on page  using regular expression

2023-09-21 18:02:01 - [TEST_STEP][PASSED] - verifyTextPresent("Routing Number", true): Text 'Routing Number' is present on page  using regular expression

2023-09-21 18:02:01 - [MESSAGE][PASSED] - Text 'Routing Number' is present on page  using regular expression

2023-09-21 18:02:01 - [TEST_STEP][PASSED] - verifyTextPresent("Address Line 1", true): Text 'Address Line 1' is present on page  using regular expression

2023-09-21 18:02:01 - [MESSAGE][PASSED] - Text 'Address Line 1' is present on page  using regular expression

2023-09-21 18:02:01 - [TEST_STEP][PASSED] - verifyTextPresent("Address Line 2", true): Text 'Address Line 2' is present on page  using regular expression

2023-09-21 18:02:01 - [MESSAGE][PASSED] - Text 'Address Line 2' is present on page  using regular expression

2023-09-21 18:02:01 - [TEST_STEP][PASSED] - verifyTextPresent("Country", true): Text 'Country' is present on page  using regular expression

2023-09-21 18:02:02 - [MESSAGE][PASSED] - Text 'Country' is present on page  using regular expression

2023-09-21 18:02:02 - [TEST_STEP][PASSED] - verifyTextPresent("City", true): Text 'City' is present on page  using regular expression

2023-09-21 18:02:02 - [MESSAGE][PASSED] - Text 'City' is present on page  using regular expression

2023-09-21 18:02:02 - [TEST_STEP][PASSED] - verifyTextPresent("State", true): Text 'State' is present on page  using regular expression

2023-09-21 18:02:02 - [MESSAGE][PASSED] - Text 'State' is present on page  using regular expression

2023-09-21 18:02:02 - [TEST_STEP][PASSED] - verifyTextPresent("ZIP Code", true): Text 'ZIP Code' is present on page  using regular expression

2023-09-21 18:02:03 - [MESSAGE][PASSED] - Text 'ZIP Code' is present on page  using regular expression

2023-09-21 18:02:03 - [TEST_STEP][PASSED] - verifyTextPresent("248 PhoolKaante road", true): Text '248 PhoolKaante road' is present on page  using regular expression

2023-09-21 18:02:03 - [MESSAGE][PASSED] - Text '248 PhoolKaante road' is present on page  using regular expression

2023-09-21 18:02:03 - [TEST_STEP][PASSED] - verifyTextPresent("Suite 678", true): Text 'Suite 678' is present on page  using regular expression

2023-09-21 18:02:03 - [MESSAGE][PASSED] - Text 'Suite 678' is present on page  using regular expression

2023-09-21 18:02:03 - [TEST_STEP][PASSED] - verifyTextPresent("United States", true): Text 'United States' is present on page  using regular expression

2023-09-21 18:02:04 - [MESSAGE][PASSED] - Text 'United States' is present on page  using regular expression

2023-09-21 18:02:04 - [TEST_STEP][PASSED] - verifyTextPresent("ARLINGTON", true): Text 'ARLINGTON' is present on page  using regular expression

2023-09-21 18:02:04 - [MESSAGE][PASSED] - Text 'ARLINGTON' is present on page  using regular expression

2023-09-21 18:02:04 - [TEST_STEP][PASSED] - verifyTextPresent("Virginia", true): Text 'Virginia' is present on page  using regular expression

2023-09-21 18:02:04 - [MESSAGE][PASSED] - Text 'Virginia' is present on page  using regular expression

2023-09-21 18:02:04 - [TEST_STEP][PASSED] - verifyTextPresent("22201", true): Text '22201' is present on page  using regular expression

2023-09-21 18:02:05 - [MESSAGE][PASSED] - Text '22201' is present on page  using regular expression

2023-09-21 18:02:05 - [TEST_STEP][PASSED] - tranType = findTestData(dataFile).getValue("TranType", row): null

2023-09-21 18:02:05 - [TEST_STEP][PASSED] - last4V = findTestData(dataFile).getValue("Last4", row): null

2023-09-21 18:02:05 - [TEST_STEP][PASSED] - verifyTextPresent(tranType, true): Text 'Checking' is present on page  using regular expression

2023-09-21 18:02:05 - [MESSAGE][PASSED] - Text 'Checking' is present on page  using regular expression

2023-09-21 18:02:05 - [TEST_STEP][PASSED] - verifyTextPresent(last4V, true): Text '4444' is present on page  using regular expression

2023-09-21 18:02:05 - [MESSAGE][PASSED] - Text '4444' is present on page  using regular expression

2023-09-21 18:02:05 - [TEST_STEP][PASSED] - if (profNameLink.equalsIgnoreCase("a_PaymentsPC")): null

2023-09-21 18:02:05 - [TEST_STEP][PASSED] - if (profNameLink.equalsIgnoreCase("a_PaymentsPS")): null

2023-09-21 18:02:05 - [TEST_STEP][PASSED] - if (profNameLink.equalsIgnoreCase("a_PaymentsCorp")): Text '123456789' is present on page  using regular expression

2023-09-21 18:02:05 - [TEST_STEP][PASSED] - verifyTextPresent("Employer Identification Number", true): Text 'Employer Identification Number' is present on page  using regular expression

2023-09-21 18:02:06 - [MESSAGE][PASSED] - Text 'Employer Identification Number' is present on page  using regular expression

2023-09-21 18:02:06 - [TEST_STEP][PASSED] - verifyTextPresent("EIN", true): Text 'EIN' is present on page  using regular expression

2023-09-21 18:02:06 - [MESSAGE][PASSED] - Text 'EIN' is present on page  using regular expression

2023-09-21 18:02:06 - [TEST_STEP][PASSED] - verifyTextPresent("123456789", true): Text '123456789' is present on page  using regular expression

2023-09-21 18:02:06 - [MESSAGE][PASSED] - Text '123456789' is present on page  using regular expression

2023-09-21 18:02:06 - [TEST_STEP][PASSED] - switch (appName): null

2023-09-21 18:02:06 - [TEST_STEP][PASSED] - case "a_Access AutoDualCFtpQA":: null

2023-09-21 18:02:06 - [TEST_STEP][PASSED] - verifyTextPresent("5.00", true): Text '5.00' is present on page  using regular expression

2023-09-21 18:02:06 - [MESSAGE][PASSED] - Text '5.00' is present on page  using regular expression

2023-09-21 18:02:06 - [TEST_STEP][PASSED] - verifyTextPresent("Dual Transaction", true): Text 'Dual Transaction' is present on page  using regular expression

2023-09-21 18:02:07 - [MESSAGE][PASSED] - Text 'Dual Transaction' is present on page  using regular expression

2023-09-21 18:02:07 - [TEST_STEP][PASSED] - verifyTextPresent("7.50", true): Text '7.50' is present on page  using regular expression

2023-09-21 18:02:07 - [MESSAGE][PASSED] - Text '7.50' is present on page  using regular expression

2023-09-21 18:02:07 - [TEST_STEP][PASSED] - verifyTextPresent("Total Amount", true): Text 'Total Amount' is present on page  using regular expression

2023-09-21 18:02:07 - [MESSAGE][PASSED] - Text 'Total Amount' is present on page  using regular expression

2023-09-21 18:02:07 - [TEST_STEP][PASSED] - verifyTextPresent("Transaction Type", true): Text 'Transaction Type' is present on page  using regular expression

2023-09-21 18:02:08 - [MESSAGE][PASSED] - Text 'Transaction Type' is present on page  using regular expression

2023-09-21 18:02:08 - [TEST_STEP][PASSED] - break: null

2023-09-21 18:02:08 - [TEST_STEP][PASSED] - closeBrowser(): Browser is closed

2023-09-21 18:02:09 - [MESSAGE][PASSED] - Browser is closed]]></system-out>
         <system-err><![CDATA[]]></system-err>
      </testcase>
      <system-out><![CDATA[2023-09-21 17:12:28 - [TEST_SUITE][PASSED] - VPS-Payments-TestSuite: Test Cases/Admin Suite Bootstrap/VSP_Payments_TestCases/Debit_TP_AllCF_Generic_Payment_TC]]></system-out>
      <system-err><![CDATA[]]></system-err>
   </testsuite>
</testsuites>
