<?xml version="1.0" encoding="UTF-8"?>
<testsuites name="RAD_UI_TestSuite" time="8.079" tests="1" failures="0" errors="0">
   <testsuite name="RAD_UI_TestSuite" tests="1" failures="0" errors="0" time="8.079" skipped="0" timestamp="2021-10-14 23:20:39" hostname="iahmed - DESKTOP-B2QI6NS.govolution.com" id="Test Suites/RAD_TestSuite/RAD_UI_TestSuite">
      <properties>
         <property name="deviceName" value=""/>
         <property name="devicePlatform" value=""/>
         <property name="logFolder" value="E:\\Cloned-Project-Katalon\\VPS-Katalon\\Reports\\20211014_232036\\RAD_TestSuite\\RAD_UI_TestSuite\\20211014_232036"/>
         <property name="logFiles" value="E:\\Cloned-Project-Katalon\\VPS-Katalon\\Reports\\20211014_232036\\RAD_TestSuite\\RAD_UI_TestSuite\\20211014_232036\\execution0.log"/>
         <property name="attachments" value=""/>
         <property name="hostName" value="iahmed - DESKTOP-B2QI6NS.govolution.com"/>
         <property name="os" value="Windows 10 64bit"/>
         <property name="katalonVersion" value="8.0.5.208"/>
         <property name="browser" value="Chrome 94.0.4606.81"/>
         <property name="hostAddress" value="172.30.2.167"/>
         <property name="sessionId" value="eeb69ac04addbd392c5edafb4b3fef58"/>
         <property name="seleniumVersion" value="3.141.59"/>
         <property name="proxyInformation" value="ProxyInformation { proxyOption=NO_PROXY, proxyServerType=HTTP, username=, password=********, proxyServerAddress=, proxyServerPort=0, executionList=&quot;&quot;, isApplyToDesiredCapabilities=true }"/>
         <property name="platform" value="Windows 10"/>
      </properties>
      <testcase name="Test Cases/RAD_TestCases/EstimatedTaxUI_TC" time="6.356" classname="Test Cases/RAD_TestCases/EstimatedTaxUI_TC" status="PASSED">
         <system-out><![CDATA[2021-10-14 23:20:39 - [TEST_CASE][PASSED] - Test Cases/RAD_TestCases/EstimatedTaxUI_TC: Test Cases/RAD_TestCases/EstimatedTaxUI_TC

2021-10-14 23:20:40 - [TEST_STEP][PASSED] - openBrowser(""): Browser is opened with url: ''

2021-10-14 23:20:40 - [MESSAGE][INFO] - Starting 'Chrome' driver

2021-10-14 23:20:40 - [MESSAGE][INFO] - User set preference: ['acceptInsecureCerts', 'true']

2021-10-14 23:20:40 - [MESSAGE][INFO] - Action delay is set to 0 milliseconds

2021-10-14 23:20:43 - [MESSAGE][PASSED] - Browser is opened with url: ''

2021-10-14 23:20:43 - [TEST_STEP][PASSED] - maximizeWindow(): Current window maximized

2021-10-14 23:20:43 - [MESSAGE][PASSED] - Current window maximized

2021-10-14 23:20:43 - [TEST_STEP][PASSED] - navigateToUrl(RADurl): Navigate to 'https://qa.velocitypayment.com/client/rad/index.html' successfully

2021-10-14 23:20:45 - [MESSAGE][PASSED] - Navigate to 'https://qa.velocitypayment.com/client/rad/index.html' successfully

2021-10-14 23:20:45 - [TEST_STEP][PASSED] - orPath_Landing = "Object Repository/RAD_Pages/Landing_Page": null

2021-10-14 23:20:45 - [TEST_STEP][PASSED] - orPath_TaxPayer = "Object Repository/RAD_Pages/Taxpayer_Page": null

2021-10-14 23:20:45 - [TEST_STEP][PASSED] - orPath_AddressContact = "Object Repository/RAD_Pages/AddressAndContactInfo_Page": null

2021-10-14 23:20:45 - [TEST_STEP][PASSED] - orPath_FilingStatus = "Object Repository/RAD_Pages/FilingStatus_Page": null

2021-10-14 23:20:45 - [TEST_STEP][PASSED] - orPath_Amount = "Object Repository/RAD_Pages/PaymentAmount_Page": null

2021-10-14 23:20:45 - [TEST_STEP][PASSED] - selectOptionByLabel(findTestObject(orPath_Landing + "/dd_TaxType"), "Estimated Tax", false): All options with label 'Estimated Tax' are selected in object 'Object Repository/RAD_Pages/Landing_Page/dd_TaxType' 

2021-10-14 23:20:46 - [MESSAGE][PASSED] - All options with label 'Estimated Tax' are selected in object 'Object Repository/RAD_Pages/Landing_Page/dd_TaxType']]></system-out>
         <system-err><![CDATA[]]></system-err>
      </testcase>
      <system-out><![CDATA[2021-10-14 23:20:39 - [TEST_SUITE][PASSED] - RAD_UI_TestSuite: Test Cases/RAD_TestCases/EstimatedTaxUI_TC]]></system-out>
      <system-err><![CDATA[]]></system-err>
   </testsuite>
</testsuites>
