<?xml version="1.0" encoding="UTF-8"?>
<testsuites name="RAD_UI_TestSuite" time="34.834" tests="1" failures="0" errors="0">
   <testsuite name="RAD_UI_TestSuite" tests="1" failures="0" errors="0" time="34.834" skipped="0" timestamp="2021-10-19 11:59:21" hostname="iahmed - DESKTOP-B2QI6NS.govolution.com" id="Test Suites/RAD_TestSuite/RAD_UI_TestSuite">
      <properties>
         <property name="deviceName" value=""/>
         <property name="devicePlatform" value=""/>
         <property name="logFolder" value="E:\\Cloned-Project-Katalon\\VPS-Katalon\\Reports\\20211019_115917\\RAD_TestSuite\\RAD_UI_TestSuite\\20211019_115917"/>
         <property name="logFiles" value="E:\\Cloned-Project-Katalon\\VPS-Katalon\\Reports\\20211019_115917\\RAD_TestSuite\\RAD_UI_TestSuite\\20211019_115917\\execution0.log"/>
         <property name="attachments" value=""/>
         <property name="hostName" value="iahmed - DESKTOP-B2QI6NS.govolution.com"/>
         <property name="os" value="Windows 10 64bit"/>
         <property name="katalonVersion" value="8.0.5.208"/>
         <property name="browser" value="Chrome 94.0.4606.81"/>
         <property name="hostAddress" value="172.30.2.167"/>
         <property name="sessionId" value="f701c9bb04620c45d03c9d8cf0ce9bb2"/>
         <property name="seleniumVersion" value="3.141.59"/>
         <property name="proxyInformation" value="ProxyInformation { proxyOption=NO_PROXY, proxyServerType=HTTP, username=, password=********, proxyServerAddress=, proxyServerPort=0, executionList=&quot;&quot;, isApplyToDesiredCapabilities=true }"/>
         <property name="platform" value="Windows 10"/>
      </properties>
      <testcase name="Test Cases/RAD_TestCases/Negative_TestCases/EMailNoMatch" time="33.09" classname="Test Cases/RAD_TestCases/Negative_TestCases/EMailNoMatch" status="PASSED">
         <system-out><![CDATA[2021-10-19 11:59:21 - [TEST_CASE][PASSED] - Test Cases/RAD_TestCases/Negative_TestCases/EMailNoMatch: Test Cases/RAD_TestCases/Negative_TestCases/EMailNoMatch

2021-10-19 11:59:22 - [TEST_STEP][PASSED] - resText = "Fail": null

2021-10-19 11:59:22 - [TEST_STEP][PASSED] - resColumn = "Result": null

2021-10-19 11:59:22 - [TEST_STEP][PASSED] - datCloumn = "Date": null

2021-10-19 11:59:22 - [TEST_STEP][PASSED] - fileLoc = "C:\KatalonData\RADTestData\EmailNoMatch.xlsx": null

2021-10-19 11:59:22 - [TEST_STEP][PASSED] - nameSheet = "CCSaleData": null

2021-10-19 11:59:22 - [TEST_STEP][PASSED] - dataFile = "RADTestData/EmailNoMatch": null

2021-10-19 11:59:22 - [TEST_STEP][PASSED] - ExecuteTC = <not implemented yet for class: org.codehaus.groovy.ast.expr.EmptyExpression>: null

2021-10-19 11:59:22 - [TEST_STEP][PASSED] - Taxtype = <not implemented yet for class: org.codehaus.groovy.ast.expr.EmptyExpression>: null

2021-10-19 11:59:22 - [TEST_STEP][PASSED] - numOfRows = findTestData(dataFile).getRowNumbers(): null

2021-10-19 11:59:23 - [TEST_STEP][PASSED] - println("Number of Records: " + numOfRows): null

2021-10-19 11:59:23 - [TEST_STEP][PASSED] - for ([row = 1, row <= numOfRows, (row++)]): All options with label 'Withholding Tax' are selected in object 'Object Repository/RAD_Pages/Landing_Page/dd_TaxType' 

2021-10-19 11:59:23 - [TEST_STEP][PASSED] - ExecuteTC = findTestData(dataFile).getValue("Execute", row): null

2021-10-19 11:59:23 - [TEST_STEP][PASSED] - out.println("Value of Execute is : " + ExecuteTC): null

2021-10-19 11:59:23 - [TEST_STEP][PASSED] - if (ExecuteTC.equalsIgnoreCase("Y")): All options with label 'Estimated Tax' are selected in object 'Object Repository/RAD_Pages/Landing_Page/dd_TaxType' 

2021-10-19 11:59:23 - [TEST_STEP][PASSED] - out.println("Begin Record Number: " + row): null

2021-10-19 11:59:23 - [TEST_STEP][PASSED] - today = new java.util.Date(): null

2021-10-19 11:59:23 - [TEST_STEP][PASSED] - println(today): null

2021-10-19 11:59:23 - [TEST_STEP][PASSED] - datText = today: null

2021-10-19 11:59:23 - [TEST_STEP][PASSED] - Taxtype = findTestData(dataFile).getValue("TaxType", row): null

2021-10-19 11:59:23 - [TEST_STEP][PASSED] - out.println("Taxtype value is : " + Taxtype): null

2021-10-19 11:59:23 - [TEST_STEP][PASSED] - openBrowser(""): Browser is opened with url: ''

2021-10-19 11:59:23 - [MESSAGE][INFO] - Starting 'Chrome' driver

2021-10-19 11:59:23 - [MESSAGE][INFO] - User set preference: ['acceptInsecureCerts', 'true']

2021-10-19 11:59:23 - [MESSAGE][INFO] - Action delay is set to 0 milliseconds

2021-10-19 11:59:27 - [MESSAGE][PASSED] - Browser is opened with url: ''

2021-10-19 11:59:27 - [TEST_STEP][PASSED] - maximizeWindow(): Current window maximized

2021-10-19 11:59:27 - [MESSAGE][PASSED] - Current window maximized

2021-10-19 11:59:27 - [TEST_STEP][PASSED] - navigateToUrl(RADurl): Navigate to 'https://qa.velocitypayment.com/client/rad/index.html' successfully

2021-10-19 11:59:29 - [MESSAGE][PASSED] - Navigate to 'https://qa.velocitypayment.com/client/rad/index.html' successfully

2021-10-19 11:59:29 - [TEST_STEP][PASSED] - orPath_Landing = "Object Repository/RAD_Pages/Landing_Page": null

2021-10-19 11:59:29 - [TEST_STEP][PASSED] - orPath_TaxTypeFilingYear = "Object Repository/RAD_Pages/TaxTypeFilingYear_Page": null

2021-10-19 11:59:29 - [TEST_STEP][PASSED] - orPath_TaxPayer = "Object Repository/RAD_Pages/Taxpayer_Page": null

2021-10-19 11:59:29 - [TEST_STEP][PASSED] - orPath_AddressContact = "Object Repository/RAD_Pages/AddressAndContactInfo_Page": null

2021-10-19 11:59:29 - [TEST_STEP][PASSED] - orPath_FilingStatus = "Object Repository/RAD_Pages/FilingStatus_Page": null

2021-10-19 11:59:29 - [TEST_STEP][PASSED] - orPath_Amount = "Object Repository/RAD_Pages/PaymentAmount_Page": null

2021-10-19 11:59:29 - [TEST_STEP][PASSED] - selectOptionByLabel(findTestObject(orPath_Landing + "/dd_TaxType"), Taxtype, false): All options with label 'Estimated Tax' are selected in object 'Object Repository/RAD_Pages/Landing_Page/dd_TaxType' 

2021-10-19 11:59:30 - [MESSAGE][PASSED] - All options with label 'Estimated Tax' are selected in object 'Object Repository/RAD_Pages/Landing_Page/dd_TaxType' 

2021-10-19 11:59:30 - [TEST_STEP][PASSED] - ExecuteTC = findTestData(dataFile).getValue("Execute", row): null

2021-10-19 11:59:30 - [TEST_STEP][PASSED] - out.println("Value of Execute is : " + ExecuteTC): null

2021-10-19 11:59:30 - [TEST_STEP][PASSED] - if (ExecuteTC.equalsIgnoreCase("Y")): All options with label 'Personal Income Tax' are selected in object 'Object Repository/RAD_Pages/Landing_Page/dd_TaxType' 

2021-10-19 11:59:30 - [TEST_STEP][PASSED] - out.println("Begin Record Number: " + row): null

2021-10-19 11:59:30 - [TEST_STEP][PASSED] - today = new java.util.Date(): null

2021-10-19 11:59:30 - [TEST_STEP][PASSED] - println(today): null

2021-10-19 11:59:30 - [TEST_STEP][PASSED] - datText = today: null

2021-10-19 11:59:30 - [TEST_STEP][PASSED] - Taxtype = findTestData(dataFile).getValue("TaxType", row): null

2021-10-19 11:59:30 - [TEST_STEP][PASSED] - out.println("Taxtype value is : " + Taxtype): null

2021-10-19 11:59:30 - [TEST_STEP][PASSED] - openBrowser(""): Browser is opened with url: ''

2021-10-19 11:59:30 - [MESSAGE][WARNING] - A browser is already opened. Closing browser and opening a new one

2021-10-19 11:59:31 - [MESSAGE][INFO] - Starting 'Chrome' driver

2021-10-19 11:59:31 - [MESSAGE][INFO] - User set preference: ['acceptInsecureCerts', 'true']

2021-10-19 11:59:31 - [MESSAGE][INFO] - Action delay is set to 0 milliseconds

2021-10-19 11:59:32 - [MESSAGE][PASSED] - Browser is opened with url: ''

2021-10-19 11:59:32 - [TEST_STEP][PASSED] - maximizeWindow(): Current window maximized

2021-10-19 11:59:32 - [MESSAGE][PASSED] - Current window maximized

2021-10-19 11:59:32 - [TEST_STEP][PASSED] - navigateToUrl(RADurl): Navigate to 'https://qa.velocitypayment.com/client/rad/index.html' successfully

2021-10-19 11:59:34 - [MESSAGE][PASSED] - Navigate to 'https://qa.velocitypayment.com/client/rad/index.html' successfully

2021-10-19 11:59:34 - [TEST_STEP][PASSED] - orPath_Landing = "Object Repository/RAD_Pages/Landing_Page": null

2021-10-19 11:59:34 - [TEST_STEP][PASSED] - orPath_TaxTypeFilingYear = "Object Repository/RAD_Pages/TaxTypeFilingYear_Page": null

2021-10-19 11:59:34 - [TEST_STEP][PASSED] - orPath_TaxPayer = "Object Repository/RAD_Pages/Taxpayer_Page": null

2021-10-19 11:59:34 - [TEST_STEP][PASSED] - orPath_AddressContact = "Object Repository/RAD_Pages/AddressAndContactInfo_Page": null

2021-10-19 11:59:34 - [TEST_STEP][PASSED] - orPath_FilingStatus = "Object Repository/RAD_Pages/FilingStatus_Page": null

2021-10-19 11:59:34 - [TEST_STEP][PASSED] - orPath_Amount = "Object Repository/RAD_Pages/PaymentAmount_Page": null

2021-10-19 11:59:34 - [TEST_STEP][PASSED] - selectOptionByLabel(findTestObject(orPath_Landing + "/dd_TaxType"), Taxtype, false): All options with label 'Personal Income Tax' are selected in object 'Object Repository/RAD_Pages/Landing_Page/dd_TaxType' 

2021-10-19 11:59:35 - [MESSAGE][PASSED] - All options with label 'Personal Income Tax' are selected in object 'Object Repository/RAD_Pages/Landing_Page/dd_TaxType' 

2021-10-19 11:59:35 - [TEST_STEP][PASSED] - ExecuteTC = findTestData(dataFile).getValue("Execute", row): null

2021-10-19 11:59:35 - [TEST_STEP][PASSED] - out.println("Value of Execute is : " + ExecuteTC): null

2021-10-19 11:59:35 - [TEST_STEP][PASSED] - if (ExecuteTC.equalsIgnoreCase("Y")): All options with label 'Extension Payments' are selected in object 'Object Repository/RAD_Pages/Landing_Page/dd_TaxType' 

2021-10-19 11:59:35 - [TEST_STEP][PASSED] - out.println("Begin Record Number: " + row): null

2021-10-19 11:59:35 - [TEST_STEP][PASSED] - today = new java.util.Date(): null

2021-10-19 11:59:35 - [TEST_STEP][PASSED] - println(today): null

2021-10-19 11:59:35 - [TEST_STEP][PASSED] - datText = today: null

2021-10-19 11:59:35 - [TEST_STEP][PASSED] - Taxtype = findTestData(dataFile).getValue("TaxType", row): null

2021-10-19 11:59:35 - [TEST_STEP][PASSED] - out.println("Taxtype value is : " + Taxtype): null

2021-10-19 11:59:35 - [TEST_STEP][PASSED] - openBrowser(""): Browser is opened with url: ''

2021-10-19 11:59:35 - [MESSAGE][WARNING] - A browser is already opened. Closing browser and opening a new one

2021-10-19 11:59:36 - [MESSAGE][INFO] - Starting 'Chrome' driver

2021-10-19 11:59:36 - [MESSAGE][INFO] - User set preference: ['acceptInsecureCerts', 'true']

2021-10-19 11:59:36 - [MESSAGE][INFO] - Action delay is set to 0 milliseconds

2021-10-19 11:59:37 - [MESSAGE][PASSED] - Browser is opened with url: ''

2021-10-19 11:59:37 - [TEST_STEP][PASSED] - maximizeWindow(): Current window maximized

2021-10-19 11:59:37 - [MESSAGE][PASSED] - Current window maximized

2021-10-19 11:59:37 - [TEST_STEP][PASSED] - navigateToUrl(RADurl): Navigate to 'https://qa.velocitypayment.com/client/rad/index.html' successfully

2021-10-19 11:59:39 - [MESSAGE][PASSED] - Navigate to 'https://qa.velocitypayment.com/client/rad/index.html' successfully

2021-10-19 11:59:39 - [TEST_STEP][PASSED] - orPath_Landing = "Object Repository/RAD_Pages/Landing_Page": null

2021-10-19 11:59:39 - [TEST_STEP][PASSED] - orPath_TaxTypeFilingYear = "Object Repository/RAD_Pages/TaxTypeFilingYear_Page": null

2021-10-19 11:59:39 - [TEST_STEP][PASSED] - orPath_TaxPayer = "Object Repository/RAD_Pages/Taxpayer_Page": null

2021-10-19 11:59:39 - [TEST_STEP][PASSED] - orPath_AddressContact = "Object Repository/RAD_Pages/AddressAndContactInfo_Page": null

2021-10-19 11:59:39 - [TEST_STEP][PASSED] - orPath_FilingStatus = "Object Repository/RAD_Pages/FilingStatus_Page": null

2021-10-19 11:59:39 - [TEST_STEP][PASSED] - orPath_Amount = "Object Repository/RAD_Pages/PaymentAmount_Page": null

2021-10-19 11:59:39 - [TEST_STEP][PASSED] - selectOptionByLabel(findTestObject(orPath_Landing + "/dd_TaxType"), Taxtype, false): All options with label 'Extension Payments' are selected in object 'Object Repository/RAD_Pages/Landing_Page/dd_TaxType' 

2021-10-19 11:59:39 - [MESSAGE][PASSED] - All options with label 'Extension Payments' are selected in object 'Object Repository/RAD_Pages/Landing_Page/dd_TaxType' 

2021-10-19 11:59:39 - [TEST_STEP][PASSED] - ExecuteTC = findTestData(dataFile).getValue("Execute", row): null

2021-10-19 11:59:40 - [TEST_STEP][PASSED] - out.println("Value of Execute is : " + ExecuteTC): null

2021-10-19 11:59:40 - [TEST_STEP][PASSED] - if (ExecuteTC.equalsIgnoreCase("Y")): All options with label 'Existing Liability' are selected in object 'Object Repository/RAD_Pages/Landing_Page/dd_TaxType' 

2021-10-19 11:59:40 - [TEST_STEP][PASSED] - out.println("Begin Record Number: " + row): null

2021-10-19 11:59:40 - [TEST_STEP][PASSED] - today = new java.util.Date(): null

2021-10-19 11:59:40 - [TEST_STEP][PASSED] - println(today): null

2021-10-19 11:59:40 - [TEST_STEP][PASSED] - datText = today: null

2021-10-19 11:59:40 - [TEST_STEP][PASSED] - Taxtype = findTestData(dataFile).getValue("TaxType", row): null

2021-10-19 11:59:40 - [TEST_STEP][PASSED] - out.println("Taxtype value is : " + Taxtype): null

2021-10-19 11:59:40 - [TEST_STEP][PASSED] - openBrowser(""): Browser is opened with url: ''

2021-10-19 11:59:40 - [MESSAGE][WARNING] - A browser is already opened. Closing browser and opening a new one

2021-10-19 11:59:40 - [MESSAGE][INFO] - Starting 'Chrome' driver

2021-10-19 11:59:40 - [MESSAGE][INFO] - User set preference: ['acceptInsecureCerts', 'true']

2021-10-19 11:59:40 - [MESSAGE][INFO] - Action delay is set to 0 milliseconds

2021-10-19 11:59:42 - [MESSAGE][PASSED] - Browser is opened with url: ''

2021-10-19 11:59:42 - [TEST_STEP][PASSED] - maximizeWindow(): Current window maximized

2021-10-19 11:59:42 - [MESSAGE][PASSED] - Current window maximized

2021-10-19 11:59:42 - [TEST_STEP][PASSED] - navigateToUrl(RADurl): Navigate to 'https://qa.velocitypayment.com/client/rad/index.html' successfully

2021-10-19 11:59:43 - [MESSAGE][PASSED] - Navigate to 'https://qa.velocitypayment.com/client/rad/index.html' successfully

2021-10-19 11:59:43 - [TEST_STEP][PASSED] - orPath_Landing = "Object Repository/RAD_Pages/Landing_Page": null

2021-10-19 11:59:43 - [TEST_STEP][PASSED] - orPath_TaxTypeFilingYear = "Object Repository/RAD_Pages/TaxTypeFilingYear_Page": null

2021-10-19 11:59:43 - [TEST_STEP][PASSED] - orPath_TaxPayer = "Object Repository/RAD_Pages/Taxpayer_Page": null

2021-10-19 11:59:43 - [TEST_STEP][PASSED] - orPath_AddressContact = "Object Repository/RAD_Pages/AddressAndContactInfo_Page": null

2021-10-19 11:59:43 - [TEST_STEP][PASSED] - orPath_FilingStatus = "Object Repository/RAD_Pages/FilingStatus_Page": null

2021-10-19 11:59:43 - [TEST_STEP][PASSED] - orPath_Amount = "Object Repository/RAD_Pages/PaymentAmount_Page": null

2021-10-19 11:59:43 - [TEST_STEP][PASSED] - selectOptionByLabel(findTestObject(orPath_Landing + "/dd_TaxType"), Taxtype, false): All options with label 'Existing Liability' are selected in object 'Object Repository/RAD_Pages/Landing_Page/dd_TaxType' 

2021-10-19 11:59:44 - [MESSAGE][PASSED] - All options with label 'Existing Liability' are selected in object 'Object Repository/RAD_Pages/Landing_Page/dd_TaxType' 

2021-10-19 11:59:44 - [TEST_STEP][PASSED] - ExecuteTC = findTestData(dataFile).getValue("Execute", row): null

2021-10-19 11:59:44 - [TEST_STEP][PASSED] - out.println("Value of Execute is : " + ExecuteTC): null

2021-10-19 11:59:44 - [TEST_STEP][PASSED] - if (ExecuteTC.equalsIgnoreCase("Y")): All options with label 'Sales and Use' are selected in object 'Object Repository/RAD_Pages/Landing_Page/dd_TaxType' 

2021-10-19 11:59:44 - [TEST_STEP][PASSED] - out.println("Begin Record Number: " + row): null

2021-10-19 11:59:44 - [TEST_STEP][PASSED] - today = new java.util.Date(): null

2021-10-19 11:59:44 - [TEST_STEP][PASSED] - println(today): null

2021-10-19 11:59:44 - [TEST_STEP][PASSED] - datText = today: null

2021-10-19 11:59:44 - [TEST_STEP][PASSED] - Taxtype = findTestData(dataFile).getValue("TaxType", row): null

2021-10-19 11:59:44 - [TEST_STEP][PASSED] - out.println("Taxtype value is : " + Taxtype): null

2021-10-19 11:59:44 - [TEST_STEP][PASSED] - openBrowser(""): Browser is opened with url: ''

2021-10-19 11:59:44 - [MESSAGE][WARNING] - A browser is already opened. Closing browser and opening a new one

2021-10-19 11:59:45 - [MESSAGE][INFO] - Starting 'Chrome' driver

2021-10-19 11:59:45 - [MESSAGE][INFO] - User set preference: ['acceptInsecureCerts', 'true']

2021-10-19 11:59:45 - [MESSAGE][INFO] - Action delay is set to 0 milliseconds

2021-10-19 11:59:46 - [MESSAGE][PASSED] - Browser is opened with url: ''

2021-10-19 11:59:46 - [TEST_STEP][PASSED] - maximizeWindow(): Current window maximized

2021-10-19 11:59:46 - [MESSAGE][PASSED] - Current window maximized

2021-10-19 11:59:46 - [TEST_STEP][PASSED] - navigateToUrl(RADurl): Navigate to 'https://qa.velocitypayment.com/client/rad/index.html' successfully

2021-10-19 11:59:48 - [MESSAGE][PASSED] - Navigate to 'https://qa.velocitypayment.com/client/rad/index.html' successfully

2021-10-19 11:59:48 - [TEST_STEP][PASSED] - orPath_Landing = "Object Repository/RAD_Pages/Landing_Page": null

2021-10-19 11:59:48 - [TEST_STEP][PASSED] - orPath_TaxTypeFilingYear = "Object Repository/RAD_Pages/TaxTypeFilingYear_Page": null

2021-10-19 11:59:48 - [TEST_STEP][PASSED] - orPath_TaxPayer = "Object Repository/RAD_Pages/Taxpayer_Page": null

2021-10-19 11:59:48 - [TEST_STEP][PASSED] - orPath_AddressContact = "Object Repository/RAD_Pages/AddressAndContactInfo_Page": null

2021-10-19 11:59:48 - [TEST_STEP][PASSED] - orPath_FilingStatus = "Object Repository/RAD_Pages/FilingStatus_Page": null

2021-10-19 11:59:48 - [TEST_STEP][PASSED] - orPath_Amount = "Object Repository/RAD_Pages/PaymentAmount_Page": null

2021-10-19 11:59:48 - [TEST_STEP][PASSED] - selectOptionByLabel(findTestObject(orPath_Landing + "/dd_TaxType"), Taxtype, false): All options with label 'Sales and Use' are selected in object 'Object Repository/RAD_Pages/Landing_Page/dd_TaxType' 

2021-10-19 11:59:49 - [MESSAGE][PASSED] - All options with label 'Sales and Use' are selected in object 'Object Repository/RAD_Pages/Landing_Page/dd_TaxType' 

2021-10-19 11:59:49 - [TEST_STEP][PASSED] - ExecuteTC = findTestData(dataFile).getValue("Execute", row): null

2021-10-19 11:59:49 - [TEST_STEP][PASSED] - out.println("Value of Execute is : " + ExecuteTC): null

2021-10-19 11:59:49 - [TEST_STEP][PASSED] - if (ExecuteTC.equalsIgnoreCase("Y")): All options with label 'Withholding Tax' are selected in object 'Object Repository/RAD_Pages/Landing_Page/dd_TaxType' 

2021-10-19 11:59:49 - [TEST_STEP][PASSED] - out.println("Begin Record Number: " + row): null

2021-10-19 11:59:49 - [TEST_STEP][PASSED] - today = new java.util.Date(): null

2021-10-19 11:59:49 - [TEST_STEP][PASSED] - println(today): null

2021-10-19 11:59:49 - [TEST_STEP][PASSED] - datText = today: null

2021-10-19 11:59:49 - [TEST_STEP][PASSED] - Taxtype = findTestData(dataFile).getValue("TaxType", row): null

2021-10-19 11:59:49 - [TEST_STEP][PASSED] - out.println("Taxtype value is : " + Taxtype): null

2021-10-19 11:59:49 - [TEST_STEP][PASSED] - openBrowser(""): Browser is opened with url: ''

2021-10-19 11:59:49 - [MESSAGE][WARNING] - A browser is already opened. Closing browser and opening a new one

2021-10-19 11:59:50 - [MESSAGE][INFO] - Starting 'Chrome' driver

2021-10-19 11:59:50 - [MESSAGE][INFO] - User set preference: ['acceptInsecureCerts', 'true']

2021-10-19 11:59:50 - [MESSAGE][INFO] - Action delay is set to 0 milliseconds

2021-10-19 11:59:52 - [MESSAGE][PASSED] - Browser is opened with url: ''

2021-10-19 11:59:52 - [TEST_STEP][PASSED] - maximizeWindow(): Current window maximized

2021-10-19 11:59:52 - [MESSAGE][PASSED] - Current window maximized

2021-10-19 11:59:52 - [TEST_STEP][PASSED] - navigateToUrl(RADurl): Navigate to 'https://qa.velocitypayment.com/client/rad/index.html' successfully

2021-10-19 11:59:54 - [MESSAGE][PASSED] - Navigate to 'https://qa.velocitypayment.com/client/rad/index.html' successfully

2021-10-19 11:59:54 - [TEST_STEP][PASSED] - orPath_Landing = "Object Repository/RAD_Pages/Landing_Page": null

2021-10-19 11:59:54 - [TEST_STEP][PASSED] - orPath_TaxTypeFilingYear = "Object Repository/RAD_Pages/TaxTypeFilingYear_Page": null

2021-10-19 11:59:54 - [TEST_STEP][PASSED] - orPath_TaxPayer = "Object Repository/RAD_Pages/Taxpayer_Page": null

2021-10-19 11:59:54 - [TEST_STEP][PASSED] - orPath_AddressContact = "Object Repository/RAD_Pages/AddressAndContactInfo_Page": null

2021-10-19 11:59:54 - [TEST_STEP][PASSED] - orPath_FilingStatus = "Object Repository/RAD_Pages/FilingStatus_Page": null

2021-10-19 11:59:54 - [TEST_STEP][PASSED] - orPath_Amount = "Object Repository/RAD_Pages/PaymentAmount_Page": null

2021-10-19 11:59:54 - [TEST_STEP][PASSED] - selectOptionByLabel(findTestObject(orPath_Landing + "/dd_TaxType"), Taxtype, false): All options with label 'Withholding Tax' are selected in object 'Object Repository/RAD_Pages/Landing_Page/dd_TaxType' 

2021-10-19 11:59:54 - [MESSAGE][PASSED] - All options with label 'Withholding Tax' are selected in object 'Object Repository/RAD_Pages/Landing_Page/dd_TaxType']]></system-out>
         <system-err><![CDATA[]]></system-err>
      </testcase>
      <system-out><![CDATA[2021-10-19 11:59:21 - [TEST_SUITE][PASSED] - RAD_UI_TestSuite: Test Cases/RAD_TestCases/Negative_TestCases/EMailNoMatch]]></system-out>
      <system-err><![CDATA[]]></system-err>
   </testsuite>
</testsuites>
