<?xml version="1.0" encoding="UTF-8"?>
<testsuites name="AdminSuiteBootstrap_UI_TestSuite" time="18.204" tests="1" failures="0" errors="0">
   <testsuite name="AdminSuiteBootstrap_UI_TestSuite" tests="1" failures="0" errors="0" time="18.204" skipped="0" timestamp="2022-01-21 18:48:50" hostname="iahmed - DESKTOP-B2QI6NS.govolution.com" id="Test Suites/AdminSuiteBootstrap_TestSuite/AdminSuiteBootstrap_UI_TestSuite">
      <properties>
         <property name="deviceName" value=""/>
         <property name="devicePlatform" value=""/>
         <property name="logFolder" value="E:\\Cloned-Project-Katalon\\VPS-Katalon\\Reports\\20220121_184846\\AdminSuiteBootstrap_TestSuite\\AdminSuiteBootstrap_UI_TestSuite\\20220121_184846"/>
         <property name="logFiles" value="E:\\Cloned-Project-Katalon\\VPS-Katalon\\Reports\\20220121_184846\\AdminSuiteBootstrap_TestSuite\\AdminSuiteBootstrap_UI_TestSuite\\20220121_184846\\execution0.log"/>
         <property name="attachments" value=""/>
         <property name="hostName" value="iahmed - DESKTOP-B2QI6NS.govolution.com"/>
         <property name="os" value="Windows 10 64bit"/>
         <property name="katalonVersion" value="8.2.0.208"/>
         <property name="browser" value="Chrome 97.0.4692.71"/>
         <property name="hostAddress" value="172.31.252.78"/>
         <property name="sessionId" value="c6e24bff5bda98f7d850509dd2d76e7f"/>
         <property name="seleniumVersion" value="3.141.59"/>
         <property name="proxyInformation" value="ProxyInformation { proxyOption=NO_PROXY, proxyServerType=HTTP, username=, password=********, proxyServerAddress=, proxyServerPort=0, executionList=&quot;&quot;, isApplyToDesiredCapabilities=true }"/>
         <property name="platform" value="Windows 10"/>
      </properties>
      <testcase name="Test Cases/Admin Suite Bootstrap/Dashboard_TestCases/VerifyDashboardLinks_TC" time="17.792" classname="Test Cases/Admin Suite Bootstrap/Dashboard_TestCases/VerifyDashboardLinks_TC" status="PASSED">
         <system-out><![CDATA[2022-01-21 18:48:50 - [TEST_CASE][PASSED] - Test Cases/Admin Suite Bootstrap/Dashboard_TestCases/VerifyDashboardLinks_TC: Test Cases/Admin Suite Bootstrap/Dashboard_TestCases/VerifyDashboardLinks_TC

2022-01-21 18:48:51 - [TEST_STEP][PASSED] - path_Dashboard = "Object Repository/Dashboard_Bootstrap/": null

2022-01-21 18:48:51 - [TEST_STEP][PASSED] - adminSuiteBootstrap.loginFunctionality.login_AdminSuite(): adminSuiteBootstrap.loginFunctionality.login_AdminSuite is PASSED

2022-01-21 18:48:52 - [MESSAGE][INFO] - Starting 'Chrome' driver

2022-01-21 18:48:52 - [MESSAGE][INFO] - User set preference: ['acceptInsecureCerts', 'true']

2022-01-21 18:48:52 - [MESSAGE][INFO] - Action delay is set to 0 milliseconds

2022-01-21 18:48:56 - [MESSAGE][PASSED] - Browser is opened with url: 'https://qa.velocitypayment.com/admin/imtiaz'

2022-01-21 18:48:57 - [MESSAGE][PASSED] - Current window maximized

2022-01-21 18:48:57 - [MESSAGE][PASSED] - Object 'Object Repository/Login_Page/Login_Username' is present

2022-01-21 18:48:58 - [MESSAGE][PASSED] - Text 'iahmed' is set on object 'Object Repository/Login_Page/Login_Username'

2022-01-21 18:48:59 - [MESSAGE][PASSED] - Text 'hello2222' is set on object 'Object Repository/Login_Page/Login_Password'

2022-01-21 18:49:03 - [MESSAGE][PASSED] - Object: 'Object Repository/Login_Page/Login_Submit' is clicked on

2022-01-21 18:49:03 - [MESSAGE][PASSED] - adminSuiteBootstrap.loginFunctionality.login_AdminSuite is PASSED

2022-01-21 18:49:03 - [TEST_STEP][PASSED] - verifyTextPresent("Imtiaz Ahmed", true): Text 'Imtiaz Ahmed' is present on page  using regular expression

2022-01-21 18:49:03 - [MESSAGE][PASSED] - Text 'Imtiaz Ahmed' is present on page  using regular expression

2022-01-21 18:49:03 - [TEST_STEP][PASSED] - verifyTextPresent("iahmed", true): Text 'iahmed' is present on page  using regular expression

2022-01-21 18:49:03 - [MESSAGE][PASSED] - Text 'iahmed' is present on page  using regular expression

2022-01-21 18:49:03 - [TEST_STEP][PASSED] - verifyElementVisible(findTestObject(path_Dashboard + "a_Logout")): Object 'Object Repository/Dashboard_Bootstrap/a_Logout' is visible

2022-01-21 18:49:04 - [MESSAGE][PASSED] - Object 'Object Repository/Dashboard_Bootstrap/a_Logout' is visible

2022-01-21 18:49:04 - [TEST_STEP][PASSED] - verifyElementPresent(findTestObject(path_Dashboard + "a_Logout"), 30): Object 'Object Repository/Dashboard_Bootstrap/a_Logout' is present

2022-01-21 18:49:04 - [MESSAGE][PASSED] - Object 'Object Repository/Dashboard_Bootstrap/a_Logout' is present

2022-01-21 18:49:04 - [TEST_STEP][PASSED] - verifyElementPresent(findTestObject(path_Dashboard + "a_My Account"), 30): Object 'Object Repository/Dashboard_Bootstrap/a_My Account' is present

2022-01-21 18:49:04 - [MESSAGE][PASSED] - Object 'Object Repository/Dashboard_Bootstrap/a_My Account' is present

2022-01-21 18:49:04 - [TEST_STEP][PASSED] - verifyElementPresent(findTestObject(path_Dashboard + "span_Call Center"), 30): Object 'Object Repository/Dashboard_Bootstrap/span_Call Center' is present

2022-01-21 18:49:05 - [MESSAGE][PASSED] - Object 'Object Repository/Dashboard_Bootstrap/span_Call Center' is present

2022-01-21 18:49:05 - [TEST_STEP][PASSED] - verifyElementPresent(findTestObject(path_Dashboard + "span_Payment"), 30): Object 'Object Repository/Dashboard_Bootstrap/span_Payment' is present

2022-01-21 18:49:05 - [MESSAGE][PASSED] - Object 'Object Repository/Dashboard_Bootstrap/span_Payment' is present

2022-01-21 18:49:05 - [TEST_STEP][PASSED] - verifyElementPresent(findTestObject(path_Dashboard + "span_Reporting"), 30): Object 'Object Repository/Dashboard_Bootstrap/span_Reporting' is present

2022-01-21 18:49:05 - [MESSAGE][PASSED] - Object 'Object Repository/Dashboard_Bootstrap/span_Reporting' is present

2022-01-21 18:49:05 - [TEST_STEP][PASSED] - verifyElementPresent(findTestObject(path_Dashboard + "span_User Management"), 30): Object 'Object Repository/Dashboard_Bootstrap/span_User Management' is present

2022-01-21 18:49:06 - [MESSAGE][PASSED] - Object 'Object Repository/Dashboard_Bootstrap/span_User Management' is present

2022-01-21 18:49:06 - [TEST_STEP][PASSED] - verifyElementVisible(findTestObject(path_Dashboard + "a_My Account")): Object 'Object Repository/Dashboard_Bootstrap/a_My Account' is visible

2022-01-21 18:49:06 - [MESSAGE][PASSED] - Object 'Object Repository/Dashboard_Bootstrap/a_My Account' is visible

2022-01-21 18:49:06 - [TEST_STEP][PASSED] - verifyElementVisible(findTestObject(path_Dashboard + "span_Call Center")): Object 'Object Repository/Dashboard_Bootstrap/span_Call Center' is visible

2022-01-21 18:49:06 - [MESSAGE][PASSED] - Object 'Object Repository/Dashboard_Bootstrap/span_Call Center' is visible

2022-01-21 18:49:06 - [TEST_STEP][PASSED] - verifyElementVisible(findTestObject(path_Dashboard + "span_Payment")): Object 'Object Repository/Dashboard_Bootstrap/span_Payment' is visible

2022-01-21 18:49:07 - [MESSAGE][PASSED] - Object 'Object Repository/Dashboard_Bootstrap/span_Payment' is visible

2022-01-21 18:49:07 - [TEST_STEP][PASSED] - verifyElementVisible(findTestObject(path_Dashboard + "span_Reporting")): Object 'Object Repository/Dashboard_Bootstrap/span_Reporting' is visible

2022-01-21 18:49:07 - [MESSAGE][PASSED] - Object 'Object Repository/Dashboard_Bootstrap/span_Reporting' is visible

2022-01-21 18:49:07 - [TEST_STEP][PASSED] - verifyElementVisible(findTestObject(path_Dashboard + "span_User Management")): Object 'Object Repository/Dashboard_Bootstrap/span_User Management' is visible

2022-01-21 18:49:07 - [MESSAGE][PASSED] - Object 'Object Repository/Dashboard_Bootstrap/span_User Management' is visible

2022-01-21 18:49:07 - [TEST_STEP][PASSED] - verifyTextPresent("Velocity Payment System Version 2022-1 - Copyright © 2022 Govolution", true): Text 'Velocity Payment System Version 2022-1 - Copyright © 2022 Govolution' is present on page  using regular expression

2022-01-21 18:49:08 - [MESSAGE][PASSED] - Text 'Velocity Payment System Version 2022-1 - Copyright © 2022 Govolution' is present on page  using regular expression

2022-01-21 18:49:08 - [TEST_STEP][PASSED] - verifyElementPresent(findTestObject(path_Dashboard + "span_CustomerDD"), 30): Object 'Object Repository/Dashboard_Bootstrap/span_CustomerDD' is present

2022-01-21 18:49:08 - [MESSAGE][PASSED] - Object 'Object Repository/Dashboard_Bootstrap/span_CustomerDD' is present

2022-01-21 18:49:08 - [TEST_STEP][PASSED] - click(findTestObject(path_Dashboard + "span_User Management")): Object: 'Object Repository/Dashboard_Bootstrap/span_User Management' is clicked on

2022-01-21 18:49:08 - [MESSAGE][PASSED] - Object: 'Object Repository/Dashboard_Bootstrap/span_User Management' is clicked on]]></system-out>
         <system-err><![CDATA[]]></system-err>
      </testcase>
      <system-out><![CDATA[2022-01-21 18:48:50 - [TEST_SUITE][PASSED] - AdminSuiteBootstrap_UI_TestSuite: Test Cases/Admin Suite Bootstrap/Dashboard_TestCases/VerifyDashboardLinks_TC]]></system-out>
      <system-err><![CDATA[]]></system-err>
   </testsuite>
</testsuites>
