<?xml version="1.0" encoding="UTF-8"?>
<testsuites name="UM-TestSuite-QA" time="1543.292" tests="12" failures="4" errors="0">
   <testsuite name="UM-TestSuite-QA" tests="12" failures="4" errors="0" time="1543.292" skipped="0" timestamp="2022-07-25 18:25:29" hostname="imtiaz - DESKTOP-B2QI6NS.govolution.com" id="Test Suites/QA/UM-Bootstrap/UM-TestSuite-QA">
      <properties>
         <property name="deviceName" value=""/>
         <property name="devicePlatform" value=""/>
         <property name="logFolder" value="E:\\Cloned-Project-Katalon\\VPS-Katalon\\Reports\\20220725_182523\\QA\\UM-Bootstrap\\UM-TestSuite-QA\\20220725_182523"/>
         <property name="logFiles" value="E:\\Cloned-Project-Katalon\\VPS-Katalon\\Reports\\20220725_182523\\QA\\UM-Bootstrap\\UM-TestSuite-QA\\20220725_182523\\execution0.log"/>
         <property name="attachments" value="E:\\Cloned-Project-Katalon\\VPS-Katalon\\Reports\\20220725_182523\\QA\\UM-Bootstrap\\UM-TestSuite-QA\\20220725_182523\\1658788517810.png, E:\\Cloned-Project-Katalon\\VPS-Katalon\\Reports\\20220725_182523\\QA\\UM-Bootstrap\\UM-TestSuite-QA\\20220725_182523\\1658788627810.png, E:\\Cloned-Project-Katalon\\VPS-Katalon\\Reports\\20220725_182523\\QA\\UM-Bootstrap\\UM-TestSuite-QA\\20220725_182523\\1658788662635.png, E:\\Cloned-Project-Katalon\\VPS-Katalon\\Reports\\20220725_182523\\QA\\UM-Bootstrap\\UM-TestSuite-QA\\20220725_182523\\1658788697284.png, E:\\Cloned-Project-Katalon\\VPS-Katalon\\Reports\\20220725_182523\\QA\\UM-Bootstrap\\UM-TestSuite-QA\\20220725_182523\\1658788731772.png, E:\\Cloned-Project-Katalon\\VPS-Katalon\\Reports\\20220725_182523\\QA\\UM-Bootstrap\\UM-TestSuite-QA\\20220725_182523\\1658788766603.png, E:\\Cloned-Project-Katalon\\VPS-Katalon\\Reports\\20220725_182523\\QA\\UM-Bootstrap\\UM-TestSuite-QA\\20220725_182523\\1658788802089.png, E:\\Cloned-Project-Katalon\\VPS-Katalon\\Reports\\20220725_182523\\QA\\UM-Bootstrap\\UM-TestSuite-QA\\20220725_182523\\1658788836711.png, E:\\Cloned-Project-Katalon\\VPS-Katalon\\Reports\\20220725_182523\\QA\\UM-Bootstrap\\UM-TestSuite-QA\\20220725_182523\\1658788871340.png, E:\\Cloned-Project-Katalon\\VPS-Katalon\\Reports\\20220725_182523\\QA\\UM-Bootstrap\\UM-TestSuite-QA\\20220725_182523\\1658788907195.png, E:\\Cloned-Project-Katalon\\VPS-Katalon\\Reports\\20220725_182523\\QA\\UM-Bootstrap\\UM-TestSuite-QA\\20220725_182523\\1658789001816.png, E:\\Cloned-Project-Katalon\\VPS-Katalon\\Reports\\20220725_182523\\QA\\UM-Bootstrap\\UM-TestSuite-QA\\20220725_182523\\1658789036347.png, E:\\Cloned-Project-Katalon\\VPS-Katalon\\Reports\\20220725_182523\\QA\\UM-Bootstrap\\UM-TestSuite-QA\\20220725_182523\\1658789070890.png, E:\\Cloned-Project-Katalon\\VPS-Katalon\\Reports\\20220725_182523\\QA\\UM-Bootstrap\\UM-TestSuite-QA\\20220725_182523\\1658789105561.png, E:\\Cloned-Project-Katalon\\VPS-Katalon\\Reports\\20220725_182523\\QA\\UM-Bootstrap\\UM-TestSuite-QA\\20220725_182523\\1658789140235.png, E:\\Cloned-Project-Katalon\\VPS-Katalon\\Reports\\20220725_182523\\QA\\UM-Bootstrap\\UM-TestSuite-QA\\20220725_182523\\1658789174920.png, E:\\Cloned-Project-Katalon\\VPS-Katalon\\Reports\\20220725_182523\\QA\\UM-Bootstrap\\UM-TestSuite-QA\\20220725_182523\\1658789209407.png, E:\\Cloned-Project-Katalon\\VPS-Katalon\\Reports\\20220725_182523\\QA\\UM-Bootstrap\\UM-TestSuite-QA\\20220725_182523\\1658789244007.png, E:\\Cloned-Project-Katalon\\VPS-Katalon\\Reports\\20220725_182523\\QA\\UM-Bootstrap\\UM-TestSuite-QA\\20220725_182523\\1658789280016.png"/>
         <property name="hostName" value="imtiaz - DESKTOP-B2QI6NS.govolution.com"/>
         <property name="os" value="Windows 10 64bit"/>
         <property name="katalonVersion" value="8.2.5.208"/>
         <property name="browser" value="Chrome 103.0.5060.114"/>
         <property name="hostAddress" value="172.31.253.180"/>
         <property name="sessionId" value="3f2d339a674b99fbc4a5629305ba2b6c"/>
         <property name="seleniumVersion" value="3.141.59"/>
         <property name="proxyInformation" value="ProxyInformation { proxyOption=NO_PROXY, proxyServerType=HTTP, username=, password=********, proxyServerAddress=, proxyServerPort=0, executionList=&quot;&quot;, isApplyToDesiredCapabilities=true }"/>
         <property name="platform" value="Windows 10"/>
      </properties>
      <testcase name="Test Cases/Admin Suite Bootstrap/UM_TestCases/Users/AddDeleteUser" time="80.136" classname="Test Cases/Admin Suite Bootstrap/UM_TestCases/Users/AddDeleteUser" status="PASSED">
         <system-out><![CDATA[2022-07-25 18:25:29 - [TEST_CASE][PASSED] - Test Cases/Admin Suite Bootstrap/UM_TestCases/Users/AddDeleteUser: Test Cases/Admin Suite Bootstrap/UM_TestCases/Users/AddDeleteUser

2022-07-25 18:25:30 - [TEST_STEP][PASSED] - path_Dashboard = "Object Repository/AdminSuiteBootstrap_Pages/Dashboard_Bootstrap/": null

2022-07-25 18:25:30 - [TEST_STEP][PASSED] - path_Users = "Object Repository/AdminSuiteBootstrap_Pages/UM_Bootstrap/Users/": null

2022-07-25 18:25:30 - [TEST_STEP][PASSED] - path_UserView = "Object Repository/AdminSuiteBootstrap_Pages/UM_Bootstrap/UserView/": null

2022-07-25 18:25:30 - [TEST_STEP][PASSED] - path_DeleteUser = "Object Repository/AdminSuiteBootstrap_Pages/UM_Bootstrap/DeleteUser/": null

2022-07-25 18:25:30 - [TEST_STEP][PASSED] - executionProfile = getExecutionProfile(): null

2022-07-25 18:25:30 - [TEST_STEP][PASSED] - out.println("executionProfile : " + executionProfile): null

2022-07-25 18:25:30 - [TEST_STEP][PASSED] - appName = <not implemented yet for class: org.codehaus.groovy.ast.expr.EmptyExpression>: null

2022-07-25 18:25:30 - [TEST_STEP][PASSED] - appID = <not implemented yet for class: org.codehaus.groovy.ast.expr.EmptyExpression>: null

2022-07-25 18:25:30 - [TEST_STEP][PASSED] - cardNameV = <not implemented yet for class: org.codehaus.groovy.ast.expr.EmptyExpression>: null

2022-07-25 18:25:30 - [TEST_STEP][PASSED] - al1V = <not implemented yet for class: org.codehaus.groovy.ast.expr.EmptyExpression>: null

2022-07-25 18:25:30 - [TEST_STEP][PASSED] - al2V = <not implemented yet for class: org.codehaus.groovy.ast.expr.EmptyExpression>: null

2022-07-25 18:25:30 - [TEST_STEP][PASSED] - zipV = <not implemented yet for class: org.codehaus.groovy.ast.expr.EmptyExpression>: null

2022-07-25 18:25:30 - [TEST_STEP][PASSED] - cardTypeV = <not implemented yet for class: org.codehaus.groovy.ast.expr.EmptyExpression>: null

2022-07-25 18:25:30 - [TEST_STEP][PASSED] - nameSheet = "CreateUser": null

2022-07-25 18:25:30 - [TEST_STEP][PASSED] - dataFile = "QA/Bootstrap/UM-TestData/CreateUser": null

2022-07-25 18:25:30 - [TEST_STEP][PASSED] - numOfRows = findTestData("QA/Bootstrap/UM-TestData/CreateUser").getRowNumbers(): null

2022-07-25 18:25:31 - [TEST_STEP][PASSED] - println("Number of Records: " + numOfRows): null

2022-07-25 18:25:31 - [TEST_STEP][PASSED] - for ([row = 1, row <= numOfRows, (row++)]): Browser is closed

2022-07-25 18:25:31 - [TEST_STEP][PASSED] - ExecuteTC = findTestData(dataFile).getValue("Execute", row): null

2022-07-25 18:25:31 - [TEST_STEP][PASSED] - out.println("Value of Execute is : " + ExecuteTC): null

2022-07-25 18:25:31 - [TEST_STEP][PASSED] - if (ExecuteTC.equalsIgnoreCase("Y")): Browser is closed

2022-07-25 18:25:31 - [TEST_STEP][PASSED] - out.println("Begin Record Number: " + row): null

2022-07-25 18:25:31 - [TEST_STEP][PASSED] - today = new java.util.Date(): null

2022-07-25 18:25:31 - [TEST_STEP][PASSED] - println(today): null

2022-07-25 18:25:31 - [TEST_STEP][PASSED] - datText = today: null

2022-07-25 18:25:31 - [TEST_STEP][PASSED] - adminSuiteBootstrap.loginFunctionality.login_AdminSuite(): adminSuiteBootstrap.loginFunctionality.login_AdminSuite is PASSED

2022-07-25 18:25:32 - [MESSAGE][INFO] - Starting 'Chrome' driver

2022-07-25 18:25:32 - [MESSAGE][INFO] - User set preference: ['acceptInsecureCerts', 'true']

2022-07-25 18:25:32 - [MESSAGE][INFO] - Action delay is set to 0 milliseconds

2022-07-25 18:25:36 - [MESSAGE][PASSED] - Browser is opened with url: 'https://qa.velocitypayment.com/admin/imtiaz'

2022-07-25 18:25:36 - [MESSAGE][PASSED] - Current window maximized

2022-07-25 18:25:37 - [MESSAGE][PASSED] - Object 'Object Repository/Login_Page/Login_Username' is present

2022-07-25 18:25:37 - [MESSAGE][PASSED] - Text 'iahmed' is set on object 'Object Repository/Login_Page/Login_Username'

2022-07-25 18:25:38 - [MESSAGE][PASSED] - Text 'hello2222' is set on object 'Object Repository/Login_Page/Login_Password'

2022-07-25 18:25:44 - [MESSAGE][PASSED] - Object: 'Object Repository/Login_Page/Login_Submit' is clicked on

2022-07-25 18:25:44 - [MESSAGE][PASSED] - adminSuiteBootstrap.loginFunctionality.login_AdminSuite is PASSED

2022-07-25 18:25:44 - [TEST_STEP][PASSED] - click(findTestObject(path_Dashboard + "a_Access User Management")): Object: 'Object Repository/AdminSuiteBootstrap_Pages/Dashboard_Bootstrap/a_Access User Management' is clicked on

2022-07-25 18:25:45 - [MESSAGE][PASSED] - Object: 'Object Repository/AdminSuiteBootstrap_Pages/Dashboard_Bootstrap/a_Access User Management' is clicked on

2022-07-25 18:25:45 - [TEST_STEP][PASSED] - click(findTestObject(path_Users + "a_Add User")): Object: 'Object Repository/AdminSuiteBootstrap_Pages/UM_Bootstrap/Users/a_Add User' is clicked on

2022-07-25 18:25:46 - [MESSAGE][PASSED] - Object: 'Object Repository/AdminSuiteBootstrap_Pages/UM_Bootstrap/Users/a_Add User' is clicked on

2022-07-25 18:25:46 - [TEST_STEP][PASSED] - adminSuiteBootstrap.addUser.setDataAddUser(row, dataFile): adminSuiteBootstrap.addUser.setDataAddUser is PASSED

2022-07-25 18:25:48 - [MESSAGE][PASSED] - Text 'iahmed@govolution.com' is set on object 'Object Repository/AdminSuiteBootstrap_Pages/UM_Bootstrap/AddUser/input_EmailAddress'

2022-07-25 18:25:48 - [MESSAGE][PASSED] - Text 'MKvoEwEES' is set on object 'Object Repository/AdminSuiteBootstrap_Pages/UM_Bootstrap/AddUser/input_Username'

2022-07-25 18:25:49 - [MESSAGE][PASSED] - Text 'vHMSfnejT' is set on object 'Object Repository/AdminSuiteBootstrap_Pages/UM_Bootstrap/AddUser/input_FirstName'

2022-07-25 18:25:50 - [MESSAGE][PASSED] - Text 'aqCLGMRut' is set on object 'Object Repository/AdminSuiteBootstrap_Pages/UM_Bootstrap/AddUser/input_LastName'

2022-07-25 18:25:50 - [MESSAGE][PASSED] - Text 'hello5555' is set on object 'Object Repository/AdminSuiteBootstrap_Pages/UM_Bootstrap/AddUser/input_Password'

2022-07-25 18:25:51 - [MESSAGE][PASSED] - Text 'hello5555' is set on object 'Object Repository/AdminSuiteBootstrap_Pages/UM_Bootstrap/AddUser/input_ConfirmPassword'

2022-07-25 18:25:51 - [MESSAGE][PASSED] - Object 'Object Repository/AdminSuiteBootstrap_Pages/UM_Bootstrap/AddUser/input_No_lock' is checked

2022-07-25 18:25:56 - [MESSAGE][PASSED] - Object: 'Object Repository/AdminSuiteBootstrap_Pages/UM_Bootstrap/AddUser/button_Create' is clicked on

2022-07-25 18:25:56 - [MESSAGE][PASSED] - adminSuiteBootstrap.addUser.setDataAddUser is PASSED

2022-07-25 18:25:56 - [TEST_STEP][PASSED] - if (verifyTextPresent("User Account Created A user account for", true)): null

2022-07-25 18:25:57 - [MESSAGE][PASSED] - Text 'User Account Created A user account for' is present on page  using regular expression

2022-07-25 18:25:57 - [TEST_STEP][PASSED] - verifyTextPresent("was successfully created", true): Text 'was successfully created' is present on page  using regular expression

2022-07-25 18:25:57 - [MESSAGE][PASSED] - Text 'was successfully created' is present on page  using regular expression

2022-07-25 18:25:57 - [TEST_STEP][PASSED] - click(findTestObject(path_UserView + "button_Delete")): Object: 'Object Repository/AdminSuiteBootstrap_Pages/UM_Bootstrap/UserView/button_Delete' is clicked on

2022-07-25 18:25:58 - [MESSAGE][PASSED] - Object: 'Object Repository/AdminSuiteBootstrap_Pages/UM_Bootstrap/UserView/button_Delete' is clicked on

2022-07-25 18:25:58 - [TEST_STEP][PASSED] - click(findTestObject(path_DeleteUser + "button_Okay_First")): Object: 'Object Repository/AdminSuiteBootstrap_Pages/UM_Bootstrap/DeleteUser/button_Okay_First' is clicked on

2022-07-25 18:25:58 - [MESSAGE][PASSED] - Object: 'Object Repository/AdminSuiteBootstrap_Pages/UM_Bootstrap/DeleteUser/button_Okay_First' is clicked on

2022-07-25 18:25:58 - [TEST_STEP][PASSED] - click(findTestObject(path_DeleteUser + "button_Okay_Last")): Object: 'Object Repository/AdminSuiteBootstrap_Pages/UM_Bootstrap/DeleteUser/button_Okay_Last' is clicked on

2022-07-25 18:26:00 - [MESSAGE][PASSED] - Object: 'Object Repository/AdminSuiteBootstrap_Pages/UM_Bootstrap/DeleteUser/button_Okay_Last' is clicked on

2022-07-25 18:26:00 - [TEST_STEP][PASSED] - closeBrowser(): Browser is closed

2022-07-25 18:26:01 - [MESSAGE][PASSED] - Browser is closed

2022-07-25 18:26:01 - [TEST_STEP][PASSED] - ExecuteTC = findTestData(dataFile).getValue("Execute", row): null

2022-07-25 18:26:01 - [TEST_STEP][PASSED] - out.println("Value of Execute is : " + ExecuteTC): null

2022-07-25 18:26:01 - [TEST_STEP][PASSED] - if (ExecuteTC.equalsIgnoreCase("Y")): Browser is closed

2022-07-25 18:26:01 - [TEST_STEP][PASSED] - out.println("Begin Record Number: " + row): null

2022-07-25 18:26:01 - [TEST_STEP][PASSED] - today = new java.util.Date(): null

2022-07-25 18:26:01 - [TEST_STEP][PASSED] - println(today): null

2022-07-25 18:26:01 - [TEST_STEP][PASSED] - datText = today: null

2022-07-25 18:26:01 - [TEST_STEP][PASSED] - adminSuiteBootstrap.loginFunctionality.login_AdminSuite(): adminSuiteBootstrap.loginFunctionality.login_AdminSuite is PASSED

2022-07-25 18:26:01 - [MESSAGE][INFO] - Starting 'Chrome' driver

2022-07-25 18:26:01 - [MESSAGE][INFO] - User set preference: ['acceptInsecureCerts', 'true']

2022-07-25 18:26:01 - [MESSAGE][INFO] - Action delay is set to 0 milliseconds

2022-07-25 18:26:03 - [MESSAGE][PASSED] - Browser is opened with url: 'https://qa.velocitypayment.com/admin/imtiaz'

2022-07-25 18:26:03 - [MESSAGE][PASSED] - Current window maximized

2022-07-25 18:26:04 - [MESSAGE][PASSED] - Object 'Object Repository/Login_Page/Login_Username' is present

2022-07-25 18:26:04 - [MESSAGE][PASSED] - Text 'iahmed' is set on object 'Object Repository/Login_Page/Login_Username'

2022-07-25 18:26:05 - [MESSAGE][PASSED] - Text 'hello2222' is set on object 'Object Repository/Login_Page/Login_Password'

2022-07-25 18:26:09 - [MESSAGE][PASSED] - Object: 'Object Repository/Login_Page/Login_Submit' is clicked on

2022-07-25 18:26:09 - [MESSAGE][PASSED] - adminSuiteBootstrap.loginFunctionality.login_AdminSuite is PASSED

2022-07-25 18:26:09 - [TEST_STEP][PASSED] - click(findTestObject(path_Dashboard + "a_Access User Management")): Object: 'Object Repository/AdminSuiteBootstrap_Pages/Dashboard_Bootstrap/a_Access User Management' is clicked on

2022-07-25 18:26:11 - [MESSAGE][PASSED] - Object: 'Object Repository/AdminSuiteBootstrap_Pages/Dashboard_Bootstrap/a_Access User Management' is clicked on

2022-07-25 18:26:11 - [TEST_STEP][PASSED] - click(findTestObject(path_Users + "a_Add User")): Object: 'Object Repository/AdminSuiteBootstrap_Pages/UM_Bootstrap/Users/a_Add User' is clicked on

2022-07-25 18:26:11 - [MESSAGE][PASSED] - Object: 'Object Repository/AdminSuiteBootstrap_Pages/UM_Bootstrap/Users/a_Add User' is clicked on

2022-07-25 18:26:11 - [TEST_STEP][PASSED] - adminSuiteBootstrap.addUser.setDataAddUser(row, dataFile): adminSuiteBootstrap.addUser.setDataAddUser is PASSED

2022-07-25 18:26:12 - [MESSAGE][PASSED] - Text 'iahmed@govolution.com' is set on object 'Object Repository/AdminSuiteBootstrap_Pages/UM_Bootstrap/AddUser/input_EmailAddress'

2022-07-25 18:26:13 - [MESSAGE][PASSED] - Text 'IYkwAxqyR' is set on object 'Object Repository/AdminSuiteBootstrap_Pages/UM_Bootstrap/AddUser/input_Username'

2022-07-25 18:26:14 - [MESSAGE][PASSED] - Text 'rLdxBWmBO' is set on object 'Object Repository/AdminSuiteBootstrap_Pages/UM_Bootstrap/AddUser/input_FirstName'

2022-07-25 18:26:14 - [MESSAGE][PASSED] - Text 'VMWbaphov' is set on object 'Object Repository/AdminSuiteBootstrap_Pages/UM_Bootstrap/AddUser/input_LastName'

2022-07-25 18:26:15 - [MESSAGE][PASSED] - Text 'hello5555' is set on object 'Object Repository/AdminSuiteBootstrap_Pages/UM_Bootstrap/AddUser/input_Password'

2022-07-25 18:26:16 - [MESSAGE][PASSED] - Text 'hello5555' is set on object 'Object Repository/AdminSuiteBootstrap_Pages/UM_Bootstrap/AddUser/input_ConfirmPassword'

2022-07-25 18:26:16 - [MESSAGE][PASSED] - Object 'Object Repository/AdminSuiteBootstrap_Pages/UM_Bootstrap/AddUser/input_No_lock' is checked

2022-07-25 18:26:20 - [MESSAGE][PASSED] - Object: 'Object Repository/AdminSuiteBootstrap_Pages/UM_Bootstrap/AddUser/button_Create' is clicked on

2022-07-25 18:26:20 - [MESSAGE][PASSED] - adminSuiteBootstrap.addUser.setDataAddUser is PASSED

2022-07-25 18:26:20 - [TEST_STEP][PASSED] - if (verifyTextPresent("User Account Created A user account for", true)): null

2022-07-25 18:26:21 - [MESSAGE][PASSED] - Text 'User Account Created A user account for' is present on page  using regular expression

2022-07-25 18:26:21 - [TEST_STEP][PASSED] - verifyTextPresent("was successfully created", true): Text 'was successfully created' is present on page  using regular expression

2022-07-25 18:26:21 - [MESSAGE][PASSED] - Text 'was successfully created' is present on page  using regular expression

2022-07-25 18:26:21 - [TEST_STEP][PASSED] - click(findTestObject(path_UserView + "button_Delete")): Object: 'Object Repository/AdminSuiteBootstrap_Pages/UM_Bootstrap/UserView/button_Delete' is clicked on

2022-07-25 18:26:22 - [MESSAGE][PASSED] - Object: 'Object Repository/AdminSuiteBootstrap_Pages/UM_Bootstrap/UserView/button_Delete' is clicked on

2022-07-25 18:26:22 - [TEST_STEP][PASSED] - click(findTestObject(path_DeleteUser + "button_Okay_First")): Object: 'Object Repository/AdminSuiteBootstrap_Pages/UM_Bootstrap/DeleteUser/button_Okay_First' is clicked on

2022-07-25 18:26:22 - [MESSAGE][PASSED] - Object: 'Object Repository/AdminSuiteBootstrap_Pages/UM_Bootstrap/DeleteUser/button_Okay_First' is clicked on

2022-07-25 18:26:22 - [TEST_STEP][PASSED] - click(findTestObject(path_DeleteUser + "button_Okay_Last")): Object: 'Object Repository/AdminSuiteBootstrap_Pages/UM_Bootstrap/DeleteUser/button_Okay_Last' is clicked on

2022-07-25 18:26:24 - [MESSAGE][PASSED] - Object: 'Object Repository/AdminSuiteBootstrap_Pages/UM_Bootstrap/DeleteUser/button_Okay_Last' is clicked on

2022-07-25 18:26:24 - [TEST_STEP][PASSED] - closeBrowser(): Browser is closed

2022-07-25 18:26:25 - [MESSAGE][PASSED] - Browser is closed

2022-07-25 18:26:25 - [TEST_STEP][PASSED] - ExecuteTC = findTestData(dataFile).getValue("Execute", row): null

2022-07-25 18:26:25 - [TEST_STEP][PASSED] - out.println("Value of Execute is : " + ExecuteTC): null

2022-07-25 18:26:25 - [TEST_STEP][PASSED] - if (ExecuteTC.equalsIgnoreCase("Y")): Browser is closed

2022-07-25 18:26:25 - [TEST_STEP][PASSED] - out.println("Begin Record Number: " + row): null

2022-07-25 18:26:25 - [TEST_STEP][PASSED] - today = new java.util.Date(): null

2022-07-25 18:26:25 - [TEST_STEP][PASSED] - println(today): null

2022-07-25 18:26:25 - [TEST_STEP][PASSED] - datText = today: null

2022-07-25 18:26:25 - [TEST_STEP][PASSED] - adminSuiteBootstrap.loginFunctionality.login_AdminSuite(): adminSuiteBootstrap.loginFunctionality.login_AdminSuite is PASSED

2022-07-25 18:26:25 - [MESSAGE][INFO] - Starting 'Chrome' driver

2022-07-25 18:26:25 - [MESSAGE][INFO] - User set preference: ['acceptInsecureCerts', 'true']

2022-07-25 18:26:25 - [MESSAGE][INFO] - Action delay is set to 0 milliseconds

2022-07-25 18:26:28 - [MESSAGE][PASSED] - Browser is opened with url: 'https://qa.velocitypayment.com/admin/imtiaz'

2022-07-25 18:26:28 - [MESSAGE][PASSED] - Current window maximized

2022-07-25 18:26:29 - [MESSAGE][PASSED] - Object 'Object Repository/Login_Page/Login_Username' is present

2022-07-25 18:26:29 - [MESSAGE][PASSED] - Text 'iahmed' is set on object 'Object Repository/Login_Page/Login_Username'

2022-07-25 18:26:30 - [MESSAGE][PASSED] - Text 'hello2222' is set on object 'Object Repository/Login_Page/Login_Password'

2022-07-25 18:26:33 - [MESSAGE][PASSED] - Object: 'Object Repository/Login_Page/Login_Submit' is clicked on

2022-07-25 18:26:33 - [MESSAGE][PASSED] - adminSuiteBootstrap.loginFunctionality.login_AdminSuite is PASSED

2022-07-25 18:26:33 - [TEST_STEP][PASSED] - click(findTestObject(path_Dashboard + "a_Access User Management")): Object: 'Object Repository/AdminSuiteBootstrap_Pages/Dashboard_Bootstrap/a_Access User Management' is clicked on

2022-07-25 18:26:34 - [MESSAGE][PASSED] - Object: 'Object Repository/AdminSuiteBootstrap_Pages/Dashboard_Bootstrap/a_Access User Management' is clicked on

2022-07-25 18:26:34 - [TEST_STEP][PASSED] - click(findTestObject(path_Users + "a_Add User")): Object: 'Object Repository/AdminSuiteBootstrap_Pages/UM_Bootstrap/Users/a_Add User' is clicked on

2022-07-25 18:26:35 - [MESSAGE][PASSED] - Object: 'Object Repository/AdminSuiteBootstrap_Pages/UM_Bootstrap/Users/a_Add User' is clicked on

2022-07-25 18:26:35 - [TEST_STEP][PASSED] - adminSuiteBootstrap.addUser.setDataAddUser(row, dataFile): adminSuiteBootstrap.addUser.setDataAddUser is PASSED

2022-07-25 18:26:36 - [MESSAGE][PASSED] - Text 'iahmed@govolution.com' is set on object 'Object Repository/AdminSuiteBootstrap_Pages/UM_Bootstrap/AddUser/input_EmailAddress'

2022-07-25 18:26:37 - [MESSAGE][PASSED] - Text '235687011' is set on object 'Object Repository/AdminSuiteBootstrap_Pages/UM_Bootstrap/AddUser/input_Username'

2022-07-25 18:26:37 - [MESSAGE][PASSED] - Text 'ynrLMpTXz' is set on object 'Object Repository/AdminSuiteBootstrap_Pages/UM_Bootstrap/AddUser/input_FirstName'

2022-07-25 18:26:38 - [MESSAGE][PASSED] - Text 'zXJSSFAbl' is set on object 'Object Repository/AdminSuiteBootstrap_Pages/UM_Bootstrap/AddUser/input_LastName'

2022-07-25 18:26:39 - [MESSAGE][PASSED] - Text 'hello5555' is set on object 'Object Repository/AdminSuiteBootstrap_Pages/UM_Bootstrap/AddUser/input_Password'

2022-07-25 18:26:40 - [MESSAGE][PASSED] - Text 'hello5555' is set on object 'Object Repository/AdminSuiteBootstrap_Pages/UM_Bootstrap/AddUser/input_ConfirmPassword'

2022-07-25 18:26:40 - [MESSAGE][PASSED] - Object 'Object Repository/AdminSuiteBootstrap_Pages/UM_Bootstrap/AddUser/input_No_lock' is checked

2022-07-25 18:26:45 - [MESSAGE][PASSED] - Object: 'Object Repository/AdminSuiteBootstrap_Pages/UM_Bootstrap/AddUser/button_Create' is clicked on

2022-07-25 18:26:45 - [MESSAGE][PASSED] - adminSuiteBootstrap.addUser.setDataAddUser is PASSED

2022-07-25 18:26:45 - [TEST_STEP][PASSED] - if (verifyTextPresent("User Account Created A user account for", true)): null

2022-07-25 18:26:45 - [MESSAGE][PASSED] - Text 'User Account Created A user account for' is present on page  using regular expression

2022-07-25 18:26:45 - [TEST_STEP][PASSED] - verifyTextPresent("was successfully created", true): Text 'was successfully created' is present on page  using regular expression

2022-07-25 18:26:46 - [MESSAGE][PASSED] - Text 'was successfully created' is present on page  using regular expression

2022-07-25 18:26:46 - [TEST_STEP][PASSED] - click(findTestObject(path_UserView + "button_Delete")): Object: 'Object Repository/AdminSuiteBootstrap_Pages/UM_Bootstrap/UserView/button_Delete' is clicked on

2022-07-25 18:26:46 - [MESSAGE][PASSED] - Object: 'Object Repository/AdminSuiteBootstrap_Pages/UM_Bootstrap/UserView/button_Delete' is clicked on

2022-07-25 18:26:46 - [TEST_STEP][PASSED] - click(findTestObject(path_DeleteUser + "button_Okay_First")): Object: 'Object Repository/AdminSuiteBootstrap_Pages/UM_Bootstrap/DeleteUser/button_Okay_First' is clicked on

2022-07-25 18:26:47 - [MESSAGE][PASSED] - Object: 'Object Repository/AdminSuiteBootstrap_Pages/UM_Bootstrap/DeleteUser/button_Okay_First' is clicked on

2022-07-25 18:26:47 - [TEST_STEP][PASSED] - click(findTestObject(path_DeleteUser + "button_Okay_Last")): Object: 'Object Repository/AdminSuiteBootstrap_Pages/UM_Bootstrap/DeleteUser/button_Okay_Last' is clicked on

2022-07-25 18:26:48 - [MESSAGE][PASSED] - Object: 'Object Repository/AdminSuiteBootstrap_Pages/UM_Bootstrap/DeleteUser/button_Okay_Last' is clicked on

2022-07-25 18:26:48 - [TEST_STEP][PASSED] - closeBrowser(): Browser is closed

2022-07-25 18:26:49 - [MESSAGE][PASSED] - Browser is closed]]></system-out>
         <system-err><![CDATA[]]></system-err>
      </testcase>
      <testcase name="Test Cases/Admin Suite Bootstrap/UM_TestCases/Users/AddUserSpecialChar" time="50.178" classname="Test Cases/Admin Suite Bootstrap/UM_TestCases/Users/AddUserSpecialChar" status="PASSED">
         <system-out><![CDATA[2022-07-25 18:26:49 - [TEST_CASE][PASSED] - Test Cases/Admin Suite Bootstrap/UM_TestCases/Users/AddUserSpecialChar: Test Cases/Admin Suite Bootstrap/UM_TestCases/Users/AddUserSpecialChar

2022-07-25 18:26:50 - [TEST_STEP][PASSED] - path_Dashboard = "Object Repository/AdminSuiteBootstrap_Pages/Dashboard_Bootstrap/": null

2022-07-25 18:26:50 - [TEST_STEP][PASSED] - path_Users = "Object Repository/AdminSuiteBootstrap_Pages/UM_Bootstrap/Users/": null

2022-07-25 18:26:50 - [TEST_STEP][PASSED] - path_UserView = "Object Repository/AdminSuiteBootstrap_Pages/UM_Bootstrap/UserView/": null

2022-07-25 18:26:50 - [TEST_STEP][PASSED] - path_DeleteUser = "Object Repository/AdminSuiteBootstrap_Pages/UM_Bootstrap/DeleteUser/": null

2022-07-25 18:26:50 - [TEST_STEP][PASSED] - path_AddUser = "Object Repository/AdminSuiteBootstrap_Pages/UM_Bootstrap/AddUser/": null

2022-07-25 18:26:50 - [TEST_STEP][PASSED] - executionProfile = getExecutionProfile(): null

2022-07-25 18:26:50 - [TEST_STEP][PASSED] - out.println("executionProfile : " + executionProfile): null

2022-07-25 18:26:50 - [TEST_STEP][PASSED] - appName = <not implemented yet for class: org.codehaus.groovy.ast.expr.EmptyExpression>: null

2022-07-25 18:26:50 - [TEST_STEP][PASSED] - appID = <not implemented yet for class: org.codehaus.groovy.ast.expr.EmptyExpression>: null

2022-07-25 18:26:50 - [TEST_STEP][PASSED] - spUsername = <not implemented yet for class: org.codehaus.groovy.ast.expr.EmptyExpression>: null

2022-07-25 18:26:50 - [TEST_STEP][PASSED] - nameSheet = "CreateUserSpChar": null

2022-07-25 18:26:50 - [TEST_STEP][PASSED] - dataFile = "QA/Bootstrap/UM-TestData/CreateUserSpChar": null

2022-07-25 18:26:50 - [TEST_STEP][PASSED] - numOfRows = findTestData("QA/Bootstrap/UM-TestData/CreateUserSpChar").getRowNumbers(): null

2022-07-25 18:26:50 - [TEST_STEP][PASSED] - println("Number of Records: " + numOfRows): null

2022-07-25 18:26:50 - [TEST_STEP][PASSED] - for ([row = 1, row <= numOfRows, (row++)]): Browser is closed

2022-07-25 18:26:50 - [TEST_STEP][PASSED] - ExecuteTC = findTestData(dataFile).getValue("Execute", row): null

2022-07-25 18:26:50 - [TEST_STEP][PASSED] - out.println("Value of Execute is : " + ExecuteTC): null

2022-07-25 18:26:50 - [TEST_STEP][PASSED] - if (ExecuteTC.equalsIgnoreCase("Y")): Browser is closed

2022-07-25 18:26:50 - [TEST_STEP][PASSED] - out.println("Begin Record Number: " + row): null

2022-07-25 18:26:50 - [TEST_STEP][PASSED] - adminSuiteBootstrap.loginFunctionality.login_AdminSuite(): adminSuiteBootstrap.loginFunctionality.login_AdminSuite is PASSED

2022-07-25 18:26:50 - [MESSAGE][INFO] - Starting 'Chrome' driver

2022-07-25 18:26:50 - [MESSAGE][INFO] - User set preference: ['acceptInsecureCerts', 'true']

2022-07-25 18:26:50 - [MESSAGE][INFO] - Action delay is set to 0 milliseconds

2022-07-25 18:26:53 - [MESSAGE][PASSED] - Browser is opened with url: 'https://qa.velocitypayment.com/admin/imtiaz'

2022-07-25 18:26:53 - [MESSAGE][PASSED] - Current window maximized

2022-07-25 18:26:54 - [MESSAGE][PASSED] - Object 'Object Repository/Login_Page/Login_Username' is present

2022-07-25 18:26:54 - [MESSAGE][PASSED] - Text 'iahmed' is set on object 'Object Repository/Login_Page/Login_Username'

2022-07-25 18:26:55 - [MESSAGE][PASSED] - Text 'hello2222' is set on object 'Object Repository/Login_Page/Login_Password'

2022-07-25 18:26:58 - [MESSAGE][PASSED] - Object: 'Object Repository/Login_Page/Login_Submit' is clicked on

2022-07-25 18:26:58 - [MESSAGE][PASSED] - adminSuiteBootstrap.loginFunctionality.login_AdminSuite is PASSED

2022-07-25 18:26:58 - [TEST_STEP][PASSED] - click(findTestObject(path_Dashboard + "a_Access User Management")): Object: 'Object Repository/AdminSuiteBootstrap_Pages/Dashboard_Bootstrap/a_Access User Management' is clicked on

2022-07-25 18:26:59 - [MESSAGE][PASSED] - Object: 'Object Repository/AdminSuiteBootstrap_Pages/Dashboard_Bootstrap/a_Access User Management' is clicked on

2022-07-25 18:26:59 - [TEST_STEP][PASSED] - click(findTestObject(path_Users + "a_Add User")): Object: 'Object Repository/AdminSuiteBootstrap_Pages/UM_Bootstrap/Users/a_Add User' is clicked on

2022-07-25 18:27:00 - [MESSAGE][PASSED] - Object: 'Object Repository/AdminSuiteBootstrap_Pages/UM_Bootstrap/Users/a_Add User' is clicked on

2022-07-25 18:27:00 - [TEST_STEP][PASSED] - buildUsername = pages.GenerateRandom.getRandomAlpha(): pages.GenerateRandom.getRandomAlpha is PASSED

2022-07-25 18:27:00 - [MESSAGE][PASSED] - pages.GenerateRandom.getRandomAlpha is PASSED

2022-07-25 18:27:00 - [TEST_STEP][PASSED] - prefixUsername = findTestData(dataFile).getValue("Username", row): null

2022-07-25 18:27:00 - [TEST_STEP][PASSED] - spUsername = buildUsername + prefixUsername + buildUsername: null

2022-07-25 18:27:00 - [TEST_STEP][PASSED] - setText(findTestObject(path_AddUser + "input_EmailAddress"), "iahmed@govolution.com"): Text 'iahmed@govolution.com' is set on object 'Object Repository/AdminSuiteBootstrap_Pages/UM_Bootstrap/AddUser/input_EmailAddress'

2022-07-25 18:27:01 - [MESSAGE][PASSED] - Text 'iahmed@govolution.com' is set on object 'Object Repository/AdminSuiteBootstrap_Pages/UM_Bootstrap/AddUser/input_EmailAddress'

2022-07-25 18:27:01 - [TEST_STEP][PASSED] - setText(findTestObject(path_AddUser + "input_Username"), spUsername): Text 'bGYEhDBsX_bGYEhDBsX' is set on object 'Object Repository/AdminSuiteBootstrap_Pages/UM_Bootstrap/AddUser/input_Username'

2022-07-25 18:27:01 - [MESSAGE][PASSED] - Text 'bGYEhDBsX_bGYEhDBsX' is set on object 'Object Repository/AdminSuiteBootstrap_Pages/UM_Bootstrap/AddUser/input_Username'

2022-07-25 18:27:01 - [TEST_STEP][PASSED] - setText(findTestObject(path_AddUser + "input_FirstName"), "Ashley"): Text 'Ashley' is set on object 'Object Repository/AdminSuiteBootstrap_Pages/UM_Bootstrap/AddUser/input_FirstName'

2022-07-25 18:27:02 - [MESSAGE][PASSED] - Text 'Ashley' is set on object 'Object Repository/AdminSuiteBootstrap_Pages/UM_Bootstrap/AddUser/input_FirstName'

2022-07-25 18:27:02 - [TEST_STEP][PASSED] - setText(findTestObject(path_AddUser + "input_LastName"), "Luka"): Text 'Luka' is set on object 'Object Repository/AdminSuiteBootstrap_Pages/UM_Bootstrap/AddUser/input_LastName'

2022-07-25 18:27:03 - [MESSAGE][PASSED] - Text 'Luka' is set on object 'Object Repository/AdminSuiteBootstrap_Pages/UM_Bootstrap/AddUser/input_LastName'

2022-07-25 18:27:03 - [TEST_STEP][PASSED] - setText(findTestObject(path_AddUser + "input_Password"), "hello6666"): Text 'hello6666' is set on object 'Object Repository/AdminSuiteBootstrap_Pages/UM_Bootstrap/AddUser/input_Password'

2022-07-25 18:27:03 - [MESSAGE][PASSED] - Text 'hello6666' is set on object 'Object Repository/AdminSuiteBootstrap_Pages/UM_Bootstrap/AddUser/input_Password'

2022-07-25 18:27:03 - [TEST_STEP][PASSED] - setText(findTestObject(path_AddUser + "input_ConfirmPassword"), "hello6666"): Text 'hello6666' is set on object 'Object Repository/AdminSuiteBootstrap_Pages/UM_Bootstrap/AddUser/input_ConfirmPassword'

2022-07-25 18:27:04 - [MESSAGE][PASSED] - Text 'hello6666' is set on object 'Object Repository/AdminSuiteBootstrap_Pages/UM_Bootstrap/AddUser/input_ConfirmPassword'

2022-07-25 18:27:04 - [TEST_STEP][PASSED] - check(findTestObject(path_AddUser + "input_No_lock")): Object 'Object Repository/AdminSuiteBootstrap_Pages/UM_Bootstrap/AddUser/input_No_lock' is checked

2022-07-25 18:27:04 - [MESSAGE][PASSED] - Object 'Object Repository/AdminSuiteBootstrap_Pages/UM_Bootstrap/AddUser/input_No_lock' is checked

2022-07-25 18:27:04 - [TEST_STEP][PASSED] - click(findTestObject(path_AddUser + "button_Create")): Object: 'Object Repository/AdminSuiteBootstrap_Pages/UM_Bootstrap/AddUser/button_Create' is clicked on

2022-07-25 18:27:11 - [MESSAGE][PASSED] - Object: 'Object Repository/AdminSuiteBootstrap_Pages/UM_Bootstrap/AddUser/button_Create' is clicked on

2022-07-25 18:27:11 - [TEST_STEP][PASSED] - if (verifyTextPresent("User Account Created A user account for", true)): null

2022-07-25 18:27:12 - [MESSAGE][PASSED] - Text 'User Account Created A user account for' is present on page  using regular expression

2022-07-25 18:27:12 - [TEST_STEP][PASSED] - verifyTextPresent("was successfully created", true): Text 'was successfully created' is present on page  using regular expression

2022-07-25 18:27:12 - [MESSAGE][PASSED] - Text 'was successfully created' is present on page  using regular expression

2022-07-25 18:27:12 - [TEST_STEP][PASSED] - click(findTestObject(path_UserView + "button_Delete")): Object: 'Object Repository/AdminSuiteBootstrap_Pages/UM_Bootstrap/UserView/button_Delete' is clicked on

2022-07-25 18:27:13 - [MESSAGE][PASSED] - Object: 'Object Repository/AdminSuiteBootstrap_Pages/UM_Bootstrap/UserView/button_Delete' is clicked on

2022-07-25 18:27:13 - [TEST_STEP][PASSED] - click(findTestObject(path_DeleteUser + "button_Okay_First")): Object: 'Object Repository/AdminSuiteBootstrap_Pages/UM_Bootstrap/DeleteUser/button_Okay_First' is clicked on

2022-07-25 18:27:13 - [MESSAGE][PASSED] - Object: 'Object Repository/AdminSuiteBootstrap_Pages/UM_Bootstrap/DeleteUser/button_Okay_First' is clicked on

2022-07-25 18:27:13 - [TEST_STEP][PASSED] - click(findTestObject(path_DeleteUser + "button_Okay_Last")): Object: 'Object Repository/AdminSuiteBootstrap_Pages/UM_Bootstrap/DeleteUser/button_Okay_Last' is clicked on

2022-07-25 18:27:15 - [MESSAGE][PASSED] - Object: 'Object Repository/AdminSuiteBootstrap_Pages/UM_Bootstrap/DeleteUser/button_Okay_Last' is clicked on

2022-07-25 18:27:15 - [TEST_STEP][PASSED] - closeBrowser(): Browser is closed

2022-07-25 18:27:15 - [MESSAGE][PASSED] - Browser is closed

2022-07-25 18:27:15 - [TEST_STEP][PASSED] - ExecuteTC = findTestData(dataFile).getValue("Execute", row): null

2022-07-25 18:27:16 - [TEST_STEP][PASSED] - out.println("Value of Execute is : " + ExecuteTC): null

2022-07-25 18:27:16 - [TEST_STEP][PASSED] - if (ExecuteTC.equalsIgnoreCase("Y")): Browser is closed

2022-07-25 18:27:16 - [TEST_STEP][PASSED] - out.println("Begin Record Number: " + row): null

2022-07-25 18:27:16 - [TEST_STEP][PASSED] - adminSuiteBootstrap.loginFunctionality.login_AdminSuite(): adminSuiteBootstrap.loginFunctionality.login_AdminSuite is PASSED

2022-07-25 18:27:16 - [MESSAGE][INFO] - Starting 'Chrome' driver

2022-07-25 18:27:16 - [MESSAGE][INFO] - User set preference: ['acceptInsecureCerts', 'true']

2022-07-25 18:27:16 - [MESSAGE][INFO] - Action delay is set to 0 milliseconds

2022-07-25 18:27:18 - [MESSAGE][PASSED] - Browser is opened with url: 'https://qa.velocitypayment.com/admin/imtiaz'

2022-07-25 18:27:18 - [MESSAGE][PASSED] - Current window maximized

2022-07-25 18:27:19 - [MESSAGE][PASSED] - Object 'Object Repository/Login_Page/Login_Username' is present

2022-07-25 18:27:19 - [MESSAGE][PASSED] - Text 'iahmed' is set on object 'Object Repository/Login_Page/Login_Username'

2022-07-25 18:27:20 - [MESSAGE][PASSED] - Text 'hello2222' is set on object 'Object Repository/Login_Page/Login_Password'

2022-07-25 18:27:24 - [MESSAGE][PASSED] - Object: 'Object Repository/Login_Page/Login_Submit' is clicked on

2022-07-25 18:27:24 - [MESSAGE][PASSED] - adminSuiteBootstrap.loginFunctionality.login_AdminSuite is PASSED

2022-07-25 18:27:24 - [TEST_STEP][PASSED] - click(findTestObject(path_Dashboard + "a_Access User Management")): Object: 'Object Repository/AdminSuiteBootstrap_Pages/Dashboard_Bootstrap/a_Access User Management' is clicked on

2022-07-25 18:27:25 - [MESSAGE][PASSED] - Object: 'Object Repository/AdminSuiteBootstrap_Pages/Dashboard_Bootstrap/a_Access User Management' is clicked on

2022-07-25 18:27:25 - [TEST_STEP][PASSED] - click(findTestObject(path_Users + "a_Add User")): Object: 'Object Repository/AdminSuiteBootstrap_Pages/UM_Bootstrap/Users/a_Add User' is clicked on

2022-07-25 18:27:26 - [MESSAGE][PASSED] - Object: 'Object Repository/AdminSuiteBootstrap_Pages/UM_Bootstrap/Users/a_Add User' is clicked on

2022-07-25 18:27:26 - [TEST_STEP][PASSED] - buildUsername = pages.GenerateRandom.getRandomAlpha(): pages.GenerateRandom.getRandomAlpha is PASSED

2022-07-25 18:27:26 - [MESSAGE][PASSED] - pages.GenerateRandom.getRandomAlpha is PASSED

2022-07-25 18:27:26 - [TEST_STEP][PASSED] - prefixUsername = findTestData(dataFile).getValue("Username", row): null

2022-07-25 18:27:26 - [TEST_STEP][PASSED] - spUsername = buildUsername + prefixUsername + buildUsername: null

2022-07-25 18:27:26 - [TEST_STEP][PASSED] - setText(findTestObject(path_AddUser + "input_EmailAddress"), "iahmed@govolution.com"): Text 'iahmed@govolution.com' is set on object 'Object Repository/AdminSuiteBootstrap_Pages/UM_Bootstrap/AddUser/input_EmailAddress'

2022-07-25 18:27:27 - [MESSAGE][PASSED] - Text 'iahmed@govolution.com' is set on object 'Object Repository/AdminSuiteBootstrap_Pages/UM_Bootstrap/AddUser/input_EmailAddress'

2022-07-25 18:27:27 - [TEST_STEP][PASSED] - setText(findTestObject(path_AddUser + "input_Username"), spUsername): Text 'AzNTFQoHy.AzNTFQoHy' is set on object 'Object Repository/AdminSuiteBootstrap_Pages/UM_Bootstrap/AddUser/input_Username'

2022-07-25 18:27:27 - [MESSAGE][PASSED] - Text 'AzNTFQoHy.AzNTFQoHy' is set on object 'Object Repository/AdminSuiteBootstrap_Pages/UM_Bootstrap/AddUser/input_Username'

2022-07-25 18:27:27 - [TEST_STEP][PASSED] - setText(findTestObject(path_AddUser + "input_FirstName"), "Ashley"): Text 'Ashley' is set on object 'Object Repository/AdminSuiteBootstrap_Pages/UM_Bootstrap/AddUser/input_FirstName'

2022-07-25 18:27:28 - [MESSAGE][PASSED] - Text 'Ashley' is set on object 'Object Repository/AdminSuiteBootstrap_Pages/UM_Bootstrap/AddUser/input_FirstName'

2022-07-25 18:27:28 - [TEST_STEP][PASSED] - setText(findTestObject(path_AddUser + "input_LastName"), "Luka"): Text 'Luka' is set on object 'Object Repository/AdminSuiteBootstrap_Pages/UM_Bootstrap/AddUser/input_LastName'

2022-07-25 18:27:29 - [MESSAGE][PASSED] - Text 'Luka' is set on object 'Object Repository/AdminSuiteBootstrap_Pages/UM_Bootstrap/AddUser/input_LastName'

2022-07-25 18:27:29 - [TEST_STEP][PASSED] - setText(findTestObject(path_AddUser + "input_Password"), "hello6666"): Text 'hello6666' is set on object 'Object Repository/AdminSuiteBootstrap_Pages/UM_Bootstrap/AddUser/input_Password'

2022-07-25 18:27:29 - [MESSAGE][PASSED] - Text 'hello6666' is set on object 'Object Repository/AdminSuiteBootstrap_Pages/UM_Bootstrap/AddUser/input_Password'

2022-07-25 18:27:29 - [TEST_STEP][PASSED] - setText(findTestObject(path_AddUser + "input_ConfirmPassword"), "hello6666"): Text 'hello6666' is set on object 'Object Repository/AdminSuiteBootstrap_Pages/UM_Bootstrap/AddUser/input_ConfirmPassword'

2022-07-25 18:27:30 - [MESSAGE][PASSED] - Text 'hello6666' is set on object 'Object Repository/AdminSuiteBootstrap_Pages/UM_Bootstrap/AddUser/input_ConfirmPassword'

2022-07-25 18:27:30 - [TEST_STEP][PASSED] - check(findTestObject(path_AddUser + "input_No_lock")): Object 'Object Repository/AdminSuiteBootstrap_Pages/UM_Bootstrap/AddUser/input_No_lock' is checked

2022-07-25 18:27:30 - [MESSAGE][PASSED] - Object 'Object Repository/AdminSuiteBootstrap_Pages/UM_Bootstrap/AddUser/input_No_lock' is checked

2022-07-25 18:27:30 - [TEST_STEP][PASSED] - click(findTestObject(path_AddUser + "button_Create")): Object: 'Object Repository/AdminSuiteBootstrap_Pages/UM_Bootstrap/AddUser/button_Create' is clicked on

2022-07-25 18:27:35 - [MESSAGE][PASSED] - Object: 'Object Repository/AdminSuiteBootstrap_Pages/UM_Bootstrap/AddUser/button_Create' is clicked on

2022-07-25 18:27:35 - [TEST_STEP][PASSED] - if (verifyTextPresent("User Account Created A user account for", true)): null

2022-07-25 18:27:36 - [MESSAGE][PASSED] - Text 'User Account Created A user account for' is present on page  using regular expression

2022-07-25 18:27:36 - [TEST_STEP][PASSED] - verifyTextPresent("was successfully created", true): Text 'was successfully created' is present on page  using regular expression

2022-07-25 18:27:36 - [MESSAGE][PASSED] - Text 'was successfully created' is present on page  using regular expression

2022-07-25 18:27:36 - [TEST_STEP][PASSED] - click(findTestObject(path_UserView + "button_Delete")): Object: 'Object Repository/AdminSuiteBootstrap_Pages/UM_Bootstrap/UserView/button_Delete' is clicked on

2022-07-25 18:27:36 - [MESSAGE][PASSED] - Object: 'Object Repository/AdminSuiteBootstrap_Pages/UM_Bootstrap/UserView/button_Delete' is clicked on

2022-07-25 18:27:36 - [TEST_STEP][PASSED] - click(findTestObject(path_DeleteUser + "button_Okay_First")): Object: 'Object Repository/AdminSuiteBootstrap_Pages/UM_Bootstrap/DeleteUser/button_Okay_First' is clicked on

2022-07-25 18:27:37 - [MESSAGE][PASSED] - Object: 'Object Repository/AdminSuiteBootstrap_Pages/UM_Bootstrap/DeleteUser/button_Okay_First' is clicked on

2022-07-25 18:27:37 - [TEST_STEP][PASSED] - click(findTestObject(path_DeleteUser + "button_Okay_Last")): Object: 'Object Repository/AdminSuiteBootstrap_Pages/UM_Bootstrap/DeleteUser/button_Okay_Last' is clicked on

2022-07-25 18:27:38 - [MESSAGE][PASSED] - Object: 'Object Repository/AdminSuiteBootstrap_Pages/UM_Bootstrap/DeleteUser/button_Okay_Last' is clicked on

2022-07-25 18:27:38 - [TEST_STEP][PASSED] - closeBrowser(): Browser is closed

2022-07-25 18:27:39 - [MESSAGE][PASSED] - Browser is closed]]></system-out>
         <system-err><![CDATA[]]></system-err>
      </testcase>
      <testcase name="Test Cases/Admin Suite Bootstrap/UM_TestCases/UsersErrors/AddUserSpecialCharError" time="140.142" classname="Test Cases/Admin Suite Bootstrap/UM_TestCases/UsersErrors/AddUserSpecialCharError" status="FAILED">
         <failure type="FAILED" message="Test Cases/Admin Suite Bootstrap/UM_TestCases/UsersErrors/AddUserSpecialCharError FAILED.
Reason:
com.kms.katalon.core.exception.StepFailedException: Text 'Username may only be comprised of alphanumeric characters, the underscore &quot;_&quot; character, the at &quot;@&quot; symbol, and the period &quot;.&quot;Username may only be comprised of alphanumeric characters, the underscore &quot;_&quot; character, the at &quot;@&quot; symbol, and the period &quot;.&quot;' is not present on page  using regular expression (Root cause: com.kms.katalon.core.exception.StepFailedException: Text 'Username may only be comprised of alphanumeric characters, the underscore &quot;_&quot; character, the at &quot;@&quot; symbol, and the period &quot;.&quot;Username may only be comprised of alphanumeric characters, the underscore &quot;_&quot; character, the at &quot;@&quot; symbol, and the period &quot;.&quot;' is not present on page  using regular expression
	at com.kms.katalon.core.webui.keyword.internal.WebUIKeywordMain.stepFailed(WebUIKeywordMain.groovy:64)
	at com.kms.katalon.core.webui.keyword.builtin.VerifyTextPresentKeyword$_verifyTextPresent_closure1.doCall(VerifyTextPresentKeyword.groovy:79)
	at com.kms.katalon.core.webui.keyword.builtin.VerifyTextPresentKeyword$_verifyTextPresent_closure1.call(VerifyTextPresentKeyword.groovy)
	at com.kms.katalon.core.webui.keyword.internal.WebUIKeywordMain.runKeyword(WebUIKeywordMain.groovy:20)
	at com.kms.katalon.core.webui.keyword.builtin.VerifyTextPresentKeyword.verifyTextPresent(VerifyTextPresentKeyword.groovy:83)
	at com.kms.katalon.core.webui.keyword.builtin.VerifyTextPresentKeyword.execute(VerifyTextPresentKeyword.groovy:68)
	at com.kms.katalon.core.keyword.internal.KeywordExecutor.executeKeywordForPlatform(KeywordExecutor.groovy:74)
	at com.kms.katalon.core.webui.keyword.WebUiBuiltInKeywords.verifyTextPresent(WebUiBuiltInKeywords.groovy:1723)
	at com.kms.katalon.core.webui.keyword.WebUiBuiltInKeywords$verifyTextPresent$5.call(Unknown Source)
	at AddUserSpecialCharError.run(AddUserSpecialCharError:97)
	at com.kms.katalon.core.main.ScriptEngine.run(ScriptEngine.java:194)
	at com.kms.katalon.core.main.ScriptEngine.runScriptAsRawText(ScriptEngine.java:119)
	at com.kms.katalon.core.main.TestCaseExecutor.runScript(TestCaseExecutor.java:442)
	at com.kms.katalon.core.main.TestCaseExecutor.doExecute(TestCaseExecutor.java:433)
	at com.kms.katalon.core.main.TestCaseExecutor.processExecutionPhase(TestCaseExecutor.java:412)
	at com.kms.katalon.core.main.TestCaseExecutor.accessMainPhase(TestCaseExecutor.java:404)
	at com.kms.katalon.core.main.TestCaseExecutor.execute(TestCaseExecutor.java:281)
	at com.kms.katalon.core.main.TestSuiteExecutor.accessTestCaseMainPhase(TestSuiteExecutor.java:202)
	at com.kms.katalon.core.main.TestSuiteExecutor.accessTestSuiteMainPhase(TestSuiteExecutor.java:164)
	at com.kms.katalon.core.main.TestSuiteExecutor.execute(TestSuiteExecutor.java:105)
	at com.kms.katalon.core.main.TestCaseMain.startTestSuite(TestCaseMain.java:185)
	at com.kms.katalon.core.main.TestCaseMain$startTestSuite$0.call(Unknown Source)
	at TempTestSuite1658787923991.run(TempTestSuite1658787923991.groovy:36)
)
	at com.kms.katalon.core.keyword.internal.KeywordMain.stepFailed(KeywordMain.groovy:39)
	at com.kms.katalon.core.webui.keyword.internal.WebUIKeywordMain.stepFailed(WebUIKeywordMain.groovy:64)
	at com.kms.katalon.core.webui.keyword.builtin.VerifyTextPresentKeyword$_verifyTextPresent_closure1.doCall(VerifyTextPresentKeyword.groovy:79)
	at com.kms.katalon.core.webui.keyword.builtin.VerifyTextPresentKeyword$_verifyTextPresent_closure1.call(VerifyTextPresentKeyword.groovy)
	at com.kms.katalon.core.webui.keyword.internal.WebUIKeywordMain.runKeyword(WebUIKeywordMain.groovy:20)
	at com.kms.katalon.core.webui.keyword.builtin.VerifyTextPresentKeyword.verifyTextPresent(VerifyTextPresentKeyword.groovy:83)
	at com.kms.katalon.core.webui.keyword.builtin.VerifyTextPresentKeyword.execute(VerifyTextPresentKeyword.groovy:68)
	at com.kms.katalon.core.keyword.internal.KeywordExecutor.executeKeywordForPlatform(KeywordExecutor.groovy:74)
	at com.kms.katalon.core.webui.keyword.WebUiBuiltInKeywords.verifyTextPresent(WebUiBuiltInKeywords.groovy:1723)
	at com.kms.katalon.core.webui.keyword.WebUiBuiltInKeywords$verifyTextPresent$5.call(Unknown Source)
	at AddUserSpecialCharError.run(AddUserSpecialCharError:97)
	at com.kms.katalon.core.main.ScriptEngine.run(ScriptEngine.java:194)
	at com.kms.katalon.core.main.ScriptEngine.runScriptAsRawText(ScriptEngine.java:119)
	at com.kms.katalon.core.main.TestCaseExecutor.runScript(TestCaseExecutor.java:442)
	at com.kms.katalon.core.main.TestCaseExecutor.doExecute(TestCaseExecutor.java:433)
	at com.kms.katalon.core.main.TestCaseExecutor.processExecutionPhase(TestCaseExecutor.java:412)
	at com.kms.katalon.core.main.TestCaseExecutor.accessMainPhase(TestCaseExecutor.java:404)
	at com.kms.katalon.core.main.TestCaseExecutor.execute(TestCaseExecutor.java:281)
	at com.kms.katalon.core.main.TestSuiteExecutor.accessTestCaseMainPhase(TestSuiteExecutor.java:202)
	at com.kms.katalon.core.main.TestSuiteExecutor.accessTestSuiteMainPhase(TestSuiteExecutor.java:164)
	at com.kms.katalon.core.main.TestSuiteExecutor.execute(TestSuiteExecutor.java:105)
	at com.kms.katalon.core.main.TestCaseMain.startTestSuite(TestCaseMain.java:185)
	at com.kms.katalon.core.main.TestCaseMain$startTestSuite$0.call(Unknown Source)
	at TempTestSuite1658787923991.run(TempTestSuite1658787923991.groovy:36)
Caused by: com.kms.katalon.core.exception.StepFailedException: Text 'Username may only be comprised of alphanumeric characters, the underscore &quot;_&quot; character, the at &quot;@&quot; symbol, and the period &quot;.&quot;Username may only be comprised of alphanumeric characters, the underscore &quot;_&quot; character, the at &quot;@&quot; symbol, and the period &quot;.&quot;' is not present on page  using regular expression
	... 23 more
"/>
         <system-out><![CDATA[2022-07-25 18:27:39 - [TEST_CASE][FAILED] - Test Cases/Admin Suite Bootstrap/UM_TestCases/UsersErrors/AddUserSpecialCharError: Test Cases/Admin Suite Bootstrap/UM_TestCases/UsersErrors/AddUserSpecialCharError FAILED.
Reason:
com.kms.katalon.core.exception.StepFailedException: Text 'Username may only be comprised of alphanumeric characters, the underscore "_" character, the at "@" symbol, and the period "."Username may only be comprised of alphanumeric characters, the underscore "_" character, the at "@" symbol, and the period "."' is not present on page  using regular expression (Root cause: com.kms.katalon.core.exception.StepFailedException: Text 'Username may only be comprised of alphanumeric characters, the underscore "_" character, the at "@" symbol, and the period "."Username may only be comprised of alphanumeric characters, the underscore "_" character, the at "@" symbol, and the period "."' is not present on page  using regular expression
	at com.kms.katalon.core.webui.keyword.internal.WebUIKeywordMain.stepFailed(WebUIKeywordMain.groovy:64)
	at com.kms.katalon.core.webui.keyword.builtin.VerifyTextPresentKeyword$_verifyTextPresent_closure1.doCall(VerifyTextPresentKeyword.groovy:79)
	at com.kms.katalon.core.webui.keyword.builtin.VerifyTextPresentKeyword$_verifyTextPresent_closure1.call(VerifyTextPresentKeyword.groovy)
	at com.kms.katalon.core.webui.keyword.internal.WebUIKeywordMain.runKeyword(WebUIKeywordMain.groovy:20)
	at com.kms.katalon.core.webui.keyword.builtin.VerifyTextPresentKeyword.verifyTextPresent(VerifyTextPresentKeyword.groovy:83)
	at com.kms.katalon.core.webui.keyword.builtin.VerifyTextPresentKeyword.execute(VerifyTextPresentKeyword.groovy:68)
	at com.kms.katalon.core.keyword.internal.KeywordExecutor.executeKeywordForPlatform(KeywordExecutor.groovy:74)
	at com.kms.katalon.core.webui.keyword.WebUiBuiltInKeywords.verifyTextPresent(WebUiBuiltInKeywords.groovy:1723)
	at com.kms.katalon.core.webui.keyword.WebUiBuiltInKeywords$verifyTextPresent$5.call(Unknown Source)
	at AddUserSpecialCharError.run(AddUserSpecialCharError:97)
	at com.kms.katalon.core.main.ScriptEngine.run(ScriptEngine.java:194)
	at com.kms.katalon.core.main.ScriptEngine.runScriptAsRawText(ScriptEngine.java:119)
	at com.kms.katalon.core.main.TestCaseExecutor.runScript(TestCaseExecutor.java:442)
	at com.kms.katalon.core.main.TestCaseExecutor.doExecute(TestCaseExecutor.java:433)
	at com.kms.katalon.core.main.TestCaseExecutor.processExecutionPhase(TestCaseExecutor.java:412)
	at com.kms.katalon.core.main.TestCaseExecutor.accessMainPhase(TestCaseExecutor.java:404)
	at com.kms.katalon.core.main.TestCaseExecutor.execute(TestCaseExecutor.java:281)
	at com.kms.katalon.core.main.TestSuiteExecutor.accessTestCaseMainPhase(TestSuiteExecutor.java:202)
	at com.kms.katalon.core.main.TestSuiteExecutor.accessTestSuiteMainPhase(TestSuiteExecutor.java:164)
	at com.kms.katalon.core.main.TestSuiteExecutor.execute(TestSuiteExecutor.java:105)
	at com.kms.katalon.core.main.TestCaseMain.startTestSuite(TestCaseMain.java:185)
	at com.kms.katalon.core.main.TestCaseMain$startTestSuite$0.call(Unknown Source)
	at TempTestSuite1658787923991.run(TempTestSuite1658787923991.groovy:36)
)
	at com.kms.katalon.core.keyword.internal.KeywordMain.stepFailed(KeywordMain.groovy:39)
	at com.kms.katalon.core.webui.keyword.internal.WebUIKeywordMain.stepFailed(WebUIKeywordMain.groovy:64)
	at com.kms.katalon.core.webui.keyword.builtin.VerifyTextPresentKeyword$_verifyTextPresent_closure1.doCall(VerifyTextPresentKeyword.groovy:79)
	at com.kms.katalon.core.webui.keyword.builtin.VerifyTextPresentKeyword$_verifyTextPresent_closure1.call(VerifyTextPresentKeyword.groovy)
	at com.kms.katalon.core.webui.keyword.internal.WebUIKeywordMain.runKeyword(WebUIKeywordMain.groovy:20)
	at com.kms.katalon.core.webui.keyword.builtin.VerifyTextPresentKeyword.verifyTextPresent(VerifyTextPresentKeyword.groovy:83)
	at com.kms.katalon.core.webui.keyword.builtin.VerifyTextPresentKeyword.execute(VerifyTextPresentKeyword.groovy:68)
	at com.kms.katalon.core.keyword.internal.KeywordExecutor.executeKeywordForPlatform(KeywordExecutor.groovy:74)
	at com.kms.katalon.core.webui.keyword.WebUiBuiltInKeywords.verifyTextPresent(WebUiBuiltInKeywords.groovy:1723)
	at com.kms.katalon.core.webui.keyword.WebUiBuiltInKeywords$verifyTextPresent$5.call(Unknown Source)
	at AddUserSpecialCharError.run(AddUserSpecialCharError:97)
	at com.kms.katalon.core.main.ScriptEngine.run(ScriptEngine.java:194)
	at com.kms.katalon.core.main.ScriptEngine.runScriptAsRawText(ScriptEngine.java:119)
	at com.kms.katalon.core.main.TestCaseExecutor.runScript(TestCaseExecutor.java:442)
	at com.kms.katalon.core.main.TestCaseExecutor.doExecute(TestCaseExecutor.java:433)
	at com.kms.katalon.core.main.TestCaseExecutor.processExecutionPhase(TestCaseExecutor.java:412)
	at com.kms.katalon.core.main.TestCaseExecutor.accessMainPhase(TestCaseExecutor.java:404)
	at com.kms.katalon.core.main.TestCaseExecutor.execute(TestCaseExecutor.java:281)
	at com.kms.katalon.core.main.TestSuiteExecutor.accessTestCaseMainPhase(TestSuiteExecutor.java:202)
	at com.kms.katalon.core.main.TestSuiteExecutor.accessTestSuiteMainPhase(TestSuiteExecutor.java:164)
	at com.kms.katalon.core.main.TestSuiteExecutor.execute(TestSuiteExecutor.java:105)
	at com.kms.katalon.core.main.TestCaseMain.startTestSuite(TestCaseMain.java:185)
	at com.kms.katalon.core.main.TestCaseMain$startTestSuite$0.call(Unknown Source)
	at TempTestSuite1658787923991.run(TempTestSuite1658787923991.groovy:36)
Caused by: com.kms.katalon.core.exception.StepFailedException: Text 'Username may only be comprised of alphanumeric characters, the underscore "_" character, the at "@" symbol, and the period "."Username may only be comprised of alphanumeric characters, the underscore "_" character, the at "@" symbol, and the period "."' is not present on page  using regular expression
	... 23 more


2022-07-25 18:27:40 - [TEST_STEP][PASSED] - path_Dashboard = "Object Repository/AdminSuiteBootstrap_Pages/Dashboard_Bootstrap/": null

2022-07-25 18:27:40 - [TEST_STEP][PASSED] - path_Users = "Object Repository/AdminSuiteBootstrap_Pages/UM_Bootstrap/Users/": null

2022-07-25 18:27:40 - [TEST_STEP][PASSED] - path_UserView = "Object Repository/AdminSuiteBootstrap_Pages/UM_Bootstrap/UserView/": null

2022-07-25 18:27:40 - [TEST_STEP][PASSED] - path_DeleteUser = "Object Repository/AdminSuiteBootstrap_Pages/UM_Bootstrap/DeleteUser/": null

2022-07-25 18:27:40 - [TEST_STEP][PASSED] - path_AddUser = "Object Repository/AdminSuiteBootstrap_Pages/UM_Bootstrap/AddUser/": null

2022-07-25 18:27:40 - [TEST_STEP][PASSED] - executionProfile = getExecutionProfile(): null

2022-07-25 18:27:40 - [TEST_STEP][PASSED] - out.println("executionProfile : " + executionProfile): null

2022-07-25 18:27:40 - [TEST_STEP][PASSED] - appName = <not implemented yet for class: org.codehaus.groovy.ast.expr.EmptyExpression>: null

2022-07-25 18:27:40 - [TEST_STEP][PASSED] - appID = <not implemented yet for class: org.codehaus.groovy.ast.expr.EmptyExpression>: null

2022-07-25 18:27:40 - [TEST_STEP][PASSED] - spUsername = <not implemented yet for class: org.codehaus.groovy.ast.expr.EmptyExpression>: null

2022-07-25 18:27:40 - [TEST_STEP][PASSED] - nameSheet = "CreateUserSpCharError": null

2022-07-25 18:27:40 - [TEST_STEP][PASSED] - dataFile = "QA/Bootstrap/UM-TestData/CreateUserSpCharError": null

2022-07-25 18:27:40 - [TEST_STEP][PASSED] - numOfRows = findTestData("QA/Bootstrap/UM-TestData/CreateUserSpCharError").getRowNumbers(): null

2022-07-25 18:27:40 - [TEST_STEP][PASSED] - println("Number of Records: " + numOfRows): null

2022-07-25 18:27:40 - [TEST_STEP][FAILED] - for ([row = 1, row <= numOfRows, (row++)]): null

2022-07-25 18:27:40 - [TEST_STEP][PASSED] - ExecuteTC = findTestData(dataFile).getValue("Execute", row): null

2022-07-25 18:27:40 - [TEST_STEP][PASSED] - out.println("Value of Execute is : " + ExecuteTC): null

2022-07-25 18:27:40 - [TEST_STEP][FAILED] - if (ExecuteTC.equalsIgnoreCase("Y")): null

2022-07-25 18:27:40 - [TEST_STEP][PASSED] - out.println("Begin Record Number: " + row): null

2022-07-25 18:27:40 - [TEST_STEP][PASSED] - adminSuiteBootstrap.loginFunctionality.login_AdminSuite(): adminSuiteBootstrap.loginFunctionality.login_AdminSuite is PASSED

2022-07-25 18:27:40 - [MESSAGE][INFO] - Starting 'Chrome' driver

2022-07-25 18:27:40 - [MESSAGE][INFO] - User set preference: ['acceptInsecureCerts', 'true']

2022-07-25 18:27:40 - [MESSAGE][INFO] - Action delay is set to 0 milliseconds

2022-07-25 18:27:43 - [MESSAGE][PASSED] - Browser is opened with url: 'https://qa.velocitypayment.com/admin/imtiaz'

2022-07-25 18:27:43 - [MESSAGE][PASSED] - Current window maximized

2022-07-25 18:27:43 - [MESSAGE][PASSED] - Object 'Object Repository/Login_Page/Login_Username' is present

2022-07-25 18:27:44 - [MESSAGE][PASSED] - Text 'iahmed' is set on object 'Object Repository/Login_Page/Login_Username'

2022-07-25 18:27:44 - [MESSAGE][PASSED] - Text 'hello2222' is set on object 'Object Repository/Login_Page/Login_Password'

2022-07-25 18:27:47 - [MESSAGE][PASSED] - Object: 'Object Repository/Login_Page/Login_Submit' is clicked on

2022-07-25 18:27:47 - [MESSAGE][PASSED] - adminSuiteBootstrap.loginFunctionality.login_AdminSuite is PASSED

2022-07-25 18:27:47 - [TEST_STEP][PASSED] - click(findTestObject(path_Dashboard + "a_Access User Management")): Object: 'Object Repository/AdminSuiteBootstrap_Pages/Dashboard_Bootstrap/a_Access User Management' is clicked on

2022-07-25 18:27:49 - [MESSAGE][PASSED] - Object: 'Object Repository/AdminSuiteBootstrap_Pages/Dashboard_Bootstrap/a_Access User Management' is clicked on

2022-07-25 18:27:49 - [TEST_STEP][PASSED] - click(findTestObject(path_Users + "a_Add User")): Object: 'Object Repository/AdminSuiteBootstrap_Pages/UM_Bootstrap/Users/a_Add User' is clicked on

2022-07-25 18:27:49 - [MESSAGE][PASSED] - Object: 'Object Repository/AdminSuiteBootstrap_Pages/UM_Bootstrap/Users/a_Add User' is clicked on

2022-07-25 18:27:49 - [TEST_STEP][PASSED] - buildUsername = pages.GenerateRandom.getRandomAlpha(): pages.GenerateRandom.getRandomAlpha is PASSED

2022-07-25 18:27:49 - [MESSAGE][PASSED] - pages.GenerateRandom.getRandomAlpha is PASSED

2022-07-25 18:27:49 - [TEST_STEP][PASSED] - prefixUsername = findTestData(dataFile).getValue("Username", row): null

2022-07-25 18:27:49 - [TEST_STEP][PASSED] - prefixOrMiddle = findTestData(dataFile).getValue("Prefix", row): null

2022-07-25 18:27:49 - [TEST_STEP][PASSED] - if (prefixOrMiddle.equalsIgnoreCase("Y")): null

2022-07-25 18:27:49 - [TEST_STEP][PASSED] - spUsername = prefixUsername + buildUsername: null

2022-07-25 18:27:49 - [TEST_STEP][PASSED] - setText(findTestObject(path_AddUser + "input_EmailAddress"), "iahmed@govolution.com"): Text 'iahmed@govolution.com' is set on object 'Object Repository/AdminSuiteBootstrap_Pages/UM_Bootstrap/AddUser/input_EmailAddress'

2022-07-25 18:27:50 - [MESSAGE][PASSED] - Text 'iahmed@govolution.com' is set on object 'Object Repository/AdminSuiteBootstrap_Pages/UM_Bootstrap/AddUser/input_EmailAddress'

2022-07-25 18:27:50 - [TEST_STEP][PASSED] - setText(findTestObject(path_AddUser + "input_Username"), spUsername): Text '=hWdfBYLpj' is set on object 'Object Repository/AdminSuiteBootstrap_Pages/UM_Bootstrap/AddUser/input_Username'

2022-07-25 18:27:51 - [MESSAGE][PASSED] - Text '=hWdfBYLpj' is set on object 'Object Repository/AdminSuiteBootstrap_Pages/UM_Bootstrap/AddUser/input_Username'

2022-07-25 18:27:51 - [TEST_STEP][PASSED] - setText(findTestObject(path_AddUser + "input_FirstName"), "Ashley"): Text 'Ashley' is set on object 'Object Repository/AdminSuiteBootstrap_Pages/UM_Bootstrap/AddUser/input_FirstName'

2022-07-25 18:27:51 - [MESSAGE][PASSED] - Text 'Ashley' is set on object 'Object Repository/AdminSuiteBootstrap_Pages/UM_Bootstrap/AddUser/input_FirstName'

2022-07-25 18:27:51 - [TEST_STEP][PASSED] - setText(findTestObject(path_AddUser + "input_LastName"), "Luka"): Text 'Luka' is set on object 'Object Repository/AdminSuiteBootstrap_Pages/UM_Bootstrap/AddUser/input_LastName'

2022-07-25 18:27:52 - [MESSAGE][PASSED] - Text 'Luka' is set on object 'Object Repository/AdminSuiteBootstrap_Pages/UM_Bootstrap/AddUser/input_LastName'

2022-07-25 18:27:52 - [TEST_STEP][PASSED] - setText(findTestObject(path_AddUser + "input_Password"), "hello6666"): Text 'hello6666' is set on object 'Object Repository/AdminSuiteBootstrap_Pages/UM_Bootstrap/AddUser/input_Password'

2022-07-25 18:27:53 - [MESSAGE][PASSED] - Text 'hello6666' is set on object 'Object Repository/AdminSuiteBootstrap_Pages/UM_Bootstrap/AddUser/input_Password'

2022-07-25 18:27:53 - [TEST_STEP][PASSED] - setText(findTestObject(path_AddUser + "input_ConfirmPassword"), "hello6666"): Text 'hello6666' is set on object 'Object Repository/AdminSuiteBootstrap_Pages/UM_Bootstrap/AddUser/input_ConfirmPassword'

2022-07-25 18:27:53 - [MESSAGE][PASSED] - Text 'hello6666' is set on object 'Object Repository/AdminSuiteBootstrap_Pages/UM_Bootstrap/AddUser/input_ConfirmPassword'

2022-07-25 18:27:53 - [TEST_STEP][PASSED] - check(findTestObject(path_AddUser + "input_No_lock")): Object 'Object Repository/AdminSuiteBootstrap_Pages/UM_Bootstrap/AddUser/input_No_lock' is checked

2022-07-25 18:27:54 - [MESSAGE][PASSED] - Object 'Object Repository/AdminSuiteBootstrap_Pages/UM_Bootstrap/AddUser/input_No_lock' is checked

2022-07-25 18:27:54 - [TEST_STEP][PASSED] - click(findTestObject(path_AddUser + "button_Create")): Object: 'Object Repository/AdminSuiteBootstrap_Pages/UM_Bootstrap/AddUser/button_Create' is clicked on

2022-07-25 18:27:55 - [MESSAGE][PASSED] - Object: 'Object Repository/AdminSuiteBootstrap_Pages/UM_Bootstrap/AddUser/button_Create' is clicked on

2022-07-25 18:27:55 - [TEST_STEP][PASSED] - verifyTextPresent("Error! Please provide the following required information as indicated below", true): Text 'Error! Please provide the following required information as indicated below' is present on page  using regular expression

2022-07-25 18:27:55 - [MESSAGE][PASSED] - Text 'Error! Please provide the following required information as indicated below' is present on page  using regular expression

2022-07-25 18:27:55 - [TEST_STEP][FAILED] - verifyTextPresent("Username may only be comprised of alphanumeric characters, the underscore "_" character, the at "@" symbol, and the period "."Username may only be comprised of alphanumeric characters, the underscore "_" character, the at "@" symbol, and the period "."", true): Text 'Username may only be comprised of alphanumeric characters, the underscore "_" character, the at "@" symbol, and the period "."Username may only be comprised of alphanumeric characters, the underscore "_" character, the at "@" symbol, and the period "."' is not present on page  using regular expression (Root cause: com.kms.katalon.core.exception.StepFailedException: Text 'Username may only be comprised of alphanumeric characters, the underscore "_" character, the at "@" symbol, and the period "."Username may only be comprised of alphanumeric characters, the underscore "_" character, the at "@" symbol, and the period "."' is not present on page  using regular expression
	at com.kms.katalon.core.webui.keyword.internal.WebUIKeywordMain.stepFailed(WebUIKeywordMain.groovy:64)
	at com.kms.katalon.core.webui.keyword.builtin.VerifyTextPresentKeyword$_verifyTextPresent_closure1.doCall(VerifyTextPresentKeyword.groovy:79)
	at com.kms.katalon.core.webui.keyword.builtin.VerifyTextPresentKeyword$_verifyTextPresent_closure1.call(VerifyTextPresentKeyword.groovy)
	at com.kms.katalon.core.webui.keyword.internal.WebUIKeywordMain.runKeyword(WebUIKeywordMain.groovy:20)
	at com.kms.katalon.core.webui.keyword.builtin.VerifyTextPresentKeyword.verifyTextPresent(VerifyTextPresentKeyword.groovy:83)
	at com.kms.katalon.core.webui.keyword.builtin.VerifyTextPresentKeyword.execute(VerifyTextPresentKeyword.groovy:68)
	at com.kms.katalon.core.keyword.internal.KeywordExecutor.executeKeywordForPlatform(KeywordExecutor.groovy:74)
	at com.kms.katalon.core.webui.keyword.WebUiBuiltInKeywords.verifyTextPresent(WebUiBuiltInKeywords.groovy:1723)
	at com.kms.katalon.core.webui.keyword.WebUiBuiltInKeywords$verifyTextPresent$5.call(Unknown Source)
	at AddUserSpecialCharError.run(AddUserSpecialCharError:97)
	at com.kms.katalon.core.main.ScriptEngine.run(ScriptEngine.java:194)
	at com.kms.katalon.core.main.ScriptEngine.runScriptAsRawText(ScriptEngine.java:119)
	at com.kms.katalon.core.main.TestCaseExecutor.runScript(TestCaseExecutor.java:442)
	at com.kms.katalon.core.main.TestCaseExecutor.doExecute(TestCaseExecutor.java:433)
	at com.kms.katalon.core.main.TestCaseExecutor.processExecutionPhase(TestCaseExecutor.java:412)
	at com.kms.katalon.core.main.TestCaseExecutor.accessMainPhase(TestCaseExecutor.java:404)
	at com.kms.katalon.core.main.TestCaseExecutor.execute(TestCaseExecutor.java:281)
	at com.kms.katalon.core.main.TestSuiteExecutor.accessTestCaseMainPhase(TestSuiteExecutor.java:202)
	at com.kms.katalon.core.main.TestSuiteExecutor.accessTestSuiteMainPhase(TestSuiteExecutor.java:164)
	at com.kms.katalon.core.main.TestSuiteExecutor.execute(TestSuiteExecutor.java:105)
	at com.kms.katalon.core.main.TestCaseMain.startTestSuite(TestCaseMain.java:185)
	at com.kms.katalon.core.main.TestCaseMain$startTestSuite$0.call(Unknown Source)
	at TempTestSuite1658787923991.run(TempTestSuite1658787923991.groovy:36)
)

2022-07-25 18:27:55 - [MESSAGE][FAILED] - Text 'Username may only be comprised of alphanumeric characters, the underscore "_" character, the at "@" symbol, and the period "."Username may only be comprised of alphanumeric characters, the underscore "_" character, the at "@" symbol, and the period "."' is not present on page  using regular expression (Root cause: com.kms.katalon.core.exception.StepFailedException: Text 'Username may only be comprised of alphanumeric characters, the underscore "_" character, the at "@" symbol, and the period "."Username may only be comprised of alphanumeric characters, the underscore "_" character, the at "@" symbol, and the period "."' is not present on page  using regular expression
	at com.kms.katalon.core.webui.keyword.internal.WebUIKeywordMain.stepFailed(WebUIKeywordMain.groovy:64)
	at com.kms.katalon.core.webui.keyword.builtin.VerifyTextPresentKeyword$_verifyTextPresent_closure1.doCall(VerifyTextPresentKeyword.groovy:79)
	at com.kms.katalon.core.webui.keyword.builtin.VerifyTextPresentKeyword$_verifyTextPresent_closure1.call(VerifyTextPresentKeyword.groovy)
	at com.kms.katalon.core.webui.keyword.internal.WebUIKeywordMain.runKeyword(WebUIKeywordMain.groovy:20)
	at com.kms.katalon.core.webui.keyword.builtin.VerifyTextPresentKeyword.verifyTextPresent(VerifyTextPresentKeyword.groovy:83)
	at com.kms.katalon.core.webui.keyword.builtin.VerifyTextPresentKeyword.execute(VerifyTextPresentKeyword.groovy:68)
	at com.kms.katalon.core.keyword.internal.KeywordExecutor.executeKeywordForPlatform(KeywordExecutor.groovy:74)
	at com.kms.katalon.core.webui.keyword.WebUiBuiltInKeywords.verifyTextPresent(WebUiBuiltInKeywords.groovy:1723)
	at com.kms.katalon.core.webui.keyword.WebUiBuiltInKeywords$verifyTextPresent$5.call(Unknown Source)
	at AddUserSpecialCharError.run(AddUserSpecialCharError:97)
	at com.kms.katalon.core.main.ScriptEngine.run(ScriptEngine.java:194)
	at com.kms.katalon.core.main.ScriptEngine.runScriptAsRawText(ScriptEngine.java:119)
	at com.kms.katalon.core.main.TestCaseExecutor.runScript(TestCaseExecutor.java:442)
	at com.kms.katalon.core.main.TestCaseExecutor.doExecute(TestCaseExecutor.java:433)
	at com.kms.katalon.core.main.TestCaseExecutor.processExecutionPhase(TestCaseExecutor.java:412)
	at com.kms.katalon.core.main.TestCaseExecutor.accessMainPhase(TestCaseExecutor.java:404)
	at com.kms.katalon.core.main.TestCaseExecutor.execute(TestCaseExecutor.java:281)
	at com.kms.katalon.core.main.TestSuiteExecutor.accessTestCaseMainPhase(TestSuiteExecutor.java:202)
	at com.kms.katalon.core.main.TestSuiteExecutor.accessTestSuiteMainPhase(TestSuiteExecutor.java:164)
	at com.kms.katalon.core.main.TestSuiteExecutor.execute(TestSuiteExecutor.java:105)
	at com.kms.katalon.core.main.TestCaseMain.startTestSuite(TestCaseMain.java:185)
	at com.kms.katalon.core.main.TestCaseMain$startTestSuite$0.call(Unknown Source)
	at TempTestSuite1658787923991.run(TempTestSuite1658787923991.groovy:36)
)

2022-07-25 18:27:55 - [TEST_STEP][PASSED] - closeBrowser(): Browser is closed

2022-07-25 18:27:56 - [MESSAGE][PASSED] - Browser is closed

2022-07-25 18:27:56 - [TEST_STEP][PASSED] - ExecuteTC = findTestData(dataFile).getValue("Execute", row): null

2022-07-25 18:27:56 - [TEST_STEP][PASSED] - out.println("Value of Execute is : " + ExecuteTC): null

2022-07-25 18:27:56 - [TEST_STEP][FAILED] - if (ExecuteTC.equalsIgnoreCase("Y")): null

2022-07-25 18:27:56 - [TEST_STEP][PASSED] - out.println("Begin Record Number: " + row): null

2022-07-25 18:27:56 - [TEST_STEP][PASSED] - adminSuiteBootstrap.loginFunctionality.login_AdminSuite(): adminSuiteBootstrap.loginFunctionality.login_AdminSuite is PASSED

2022-07-25 18:27:56 - [MESSAGE][INFO] - Starting 'Chrome' driver

2022-07-25 18:27:56 - [MESSAGE][INFO] - User set preference: ['acceptInsecureCerts', 'true']

2022-07-25 18:27:56 - [MESSAGE][INFO] - Action delay is set to 0 milliseconds

2022-07-25 18:27:59 - [MESSAGE][PASSED] - Browser is opened with url: 'https://qa.velocitypayment.com/admin/imtiaz'

2022-07-25 18:27:59 - [MESSAGE][PASSED] - Current window maximized

2022-07-25 18:28:00 - [MESSAGE][PASSED] - Object 'Object Repository/Login_Page/Login_Username' is present

2022-07-25 18:28:01 - [MESSAGE][PASSED] - Text 'iahmed' is set on object 'Object Repository/Login_Page/Login_Username'

2022-07-25 18:28:01 - [MESSAGE][PASSED] - Text 'hello2222' is set on object 'Object Repository/Login_Page/Login_Password'

2022-07-25 18:28:05 - [MESSAGE][PASSED] - Object: 'Object Repository/Login_Page/Login_Submit' is clicked on

2022-07-25 18:28:05 - [MESSAGE][PASSED] - adminSuiteBootstrap.loginFunctionality.login_AdminSuite is PASSED

2022-07-25 18:28:05 - [TEST_STEP][PASSED] - click(findTestObject(path_Dashboard + "a_Access User Management")): Object: 'Object Repository/AdminSuiteBootstrap_Pages/Dashboard_Bootstrap/a_Access User Management' is clicked on

2022-07-25 18:28:06 - [MESSAGE][PASSED] - Object: 'Object Repository/AdminSuiteBootstrap_Pages/Dashboard_Bootstrap/a_Access User Management' is clicked on

2022-07-25 18:28:06 - [TEST_STEP][PASSED] - click(findTestObject(path_Users + "a_Add User")): Object: 'Object Repository/AdminSuiteBootstrap_Pages/UM_Bootstrap/Users/a_Add User' is clicked on

2022-07-25 18:28:06 - [MESSAGE][PASSED] - Object: 'Object Repository/AdminSuiteBootstrap_Pages/UM_Bootstrap/Users/a_Add User' is clicked on

2022-07-25 18:28:06 - [TEST_STEP][PASSED] - buildUsername = pages.GenerateRandom.getRandomAlpha(): pages.GenerateRandom.getRandomAlpha is PASSED

2022-07-25 18:28:06 - [MESSAGE][PASSED] - pages.GenerateRandom.getRandomAlpha is PASSED

2022-07-25 18:28:06 - [TEST_STEP][PASSED] - prefixUsername = findTestData(dataFile).getValue("Username", row): null

2022-07-25 18:28:07 - [TEST_STEP][PASSED] - prefixOrMiddle = findTestData(dataFile).getValue("Prefix", row): null

2022-07-25 18:28:07 - [TEST_STEP][PASSED] - if (prefixOrMiddle.equalsIgnoreCase("Y")): null

2022-07-25 18:28:07 - [TEST_STEP][PASSED] - spUsername = prefixUsername + buildUsername: null

2022-07-25 18:28:07 - [TEST_STEP][PASSED] - setText(findTestObject(path_AddUser + "input_EmailAddress"), "iahmed@govolution.com"): Text 'iahmed@govolution.com' is set on object 'Object Repository/AdminSuiteBootstrap_Pages/UM_Bootstrap/AddUser/input_EmailAddress'

2022-07-25 18:28:07 - [MESSAGE][PASSED] - Text 'iahmed@govolution.com' is set on object 'Object Repository/AdminSuiteBootstrap_Pages/UM_Bootstrap/AddUser/input_EmailAddress'

2022-07-25 18:28:07 - [TEST_STEP][PASSED] - setText(findTestObject(path_AddUser + "input_Username"), spUsername): Text '-uDvMNGobr' is set on object 'Object Repository/AdminSuiteBootstrap_Pages/UM_Bootstrap/AddUser/input_Username'

2022-07-25 18:28:08 - [MESSAGE][PASSED] - Text '-uDvMNGobr' is set on object 'Object Repository/AdminSuiteBootstrap_Pages/UM_Bootstrap/AddUser/input_Username'

2022-07-25 18:28:08 - [TEST_STEP][PASSED] - setText(findTestObject(path_AddUser + "input_FirstName"), "Ashley"): Text 'Ashley' is set on object 'Object Repository/AdminSuiteBootstrap_Pages/UM_Bootstrap/AddUser/input_FirstName'

2022-07-25 18:28:09 - [MESSAGE][PASSED] - Text 'Ashley' is set on object 'Object Repository/AdminSuiteBootstrap_Pages/UM_Bootstrap/AddUser/input_FirstName'

2022-07-25 18:28:09 - [TEST_STEP][PASSED] - setText(findTestObject(path_AddUser + "input_LastName"), "Luka"): Text 'Luka' is set on object 'Object Repository/AdminSuiteBootstrap_Pages/UM_Bootstrap/AddUser/input_LastName'

2022-07-25 18:28:09 - [MESSAGE][PASSED] - Text 'Luka' is set on object 'Object Repository/AdminSuiteBootstrap_Pages/UM_Bootstrap/AddUser/input_LastName'

2022-07-25 18:28:09 - [TEST_STEP][PASSED] - setText(findTestObject(path_AddUser + "input_Password"), "hello6666"): Text 'hello6666' is set on object 'Object Repository/AdminSuiteBootstrap_Pages/UM_Bootstrap/AddUser/input_Password'

2022-07-25 18:28:10 - [MESSAGE][PASSED] - Text 'hello6666' is set on object 'Object Repository/AdminSuiteBootstrap_Pages/UM_Bootstrap/AddUser/input_Password'

2022-07-25 18:28:10 - [TEST_STEP][PASSED] - setText(findTestObject(path_AddUser + "input_ConfirmPassword"), "hello6666"): Text 'hello6666' is set on object 'Object Repository/AdminSuiteBootstrap_Pages/UM_Bootstrap/AddUser/input_ConfirmPassword'

2022-07-25 18:28:11 - [MESSAGE][PASSED] - Text 'hello6666' is set on object 'Object Repository/AdminSuiteBootstrap_Pages/UM_Bootstrap/AddUser/input_ConfirmPassword'

2022-07-25 18:28:11 - [TEST_STEP][PASSED] - check(findTestObject(path_AddUser + "input_No_lock")): Object 'Object Repository/AdminSuiteBootstrap_Pages/UM_Bootstrap/AddUser/input_No_lock' is checked

2022-07-25 18:28:11 - [MESSAGE][PASSED] - Object 'Object Repository/AdminSuiteBootstrap_Pages/UM_Bootstrap/AddUser/input_No_lock' is checked

2022-07-25 18:28:11 - [TEST_STEP][PASSED] - click(findTestObject(path_AddUser + "button_Create")): Object: 'Object Repository/AdminSuiteBootstrap_Pages/UM_Bootstrap/AddUser/button_Create' is clicked on

2022-07-25 18:28:12 - [MESSAGE][PASSED] - Object: 'Object Repository/AdminSuiteBootstrap_Pages/UM_Bootstrap/AddUser/button_Create' is clicked on

2022-07-25 18:28:12 - [TEST_STEP][PASSED] - verifyTextPresent("Error! Please provide the following required information as indicated below", true): Text 'Error! Please provide the following required information as indicated below' is present on page  using regular expression

2022-07-25 18:28:12 - [MESSAGE][PASSED] - Text 'Error! Please provide the following required information as indicated below' is present on page  using regular expression

2022-07-25 18:28:12 - [TEST_STEP][FAILED] - verifyTextPresent("Username may only be comprised of alphanumeric characters, the underscore "_" character, the at "@" symbol, and the period "."Username may only be comprised of alphanumeric characters, the underscore "_" character, the at "@" symbol, and the period "."", true): Text 'Username may only be comprised of alphanumeric characters, the underscore "_" character, the at "@" symbol, and the period "."Username may only be comprised of alphanumeric characters, the underscore "_" character, the at "@" symbol, and the period "."' is not present on page  using regular expression (Root cause: com.kms.katalon.core.exception.StepFailedException: Text 'Username may only be comprised of alphanumeric characters, the underscore "_" character, the at "@" symbol, and the period "."Username may only be comprised of alphanumeric characters, the underscore "_" character, the at "@" symbol, and the period "."' is not present on page  using regular expression
	at com.kms.katalon.core.webui.keyword.internal.WebUIKeywordMain.stepFailed(WebUIKeywordMain.groovy:64)
	at com.kms.katalon.core.webui.keyword.builtin.VerifyTextPresentKeyword$_verifyTextPresent_closure1.doCall(VerifyTextPresentKeyword.groovy:79)
	at com.kms.katalon.core.webui.keyword.builtin.VerifyTextPresentKeyword$_verifyTextPresent_closure1.call(VerifyTextPresentKeyword.groovy)
	at com.kms.katalon.core.webui.keyword.internal.WebUIKeywordMain.runKeyword(WebUIKeywordMain.groovy:20)
	at com.kms.katalon.core.webui.keyword.builtin.VerifyTextPresentKeyword.verifyTextPresent(VerifyTextPresentKeyword.groovy:83)
	at com.kms.katalon.core.webui.keyword.builtin.VerifyTextPresentKeyword.execute(VerifyTextPresentKeyword.groovy:68)
	at com.kms.katalon.core.keyword.internal.KeywordExecutor.executeKeywordForPlatform(KeywordExecutor.groovy:74)
	at com.kms.katalon.core.webui.keyword.WebUiBuiltInKeywords.verifyTextPresent(WebUiBuiltInKeywords.groovy:1723)
	at com.kms.katalon.core.webui.keyword.WebUiBuiltInKeywords$verifyTextPresent$5.call(Unknown Source)
	at AddUserSpecialCharError.run(AddUserSpecialCharError:97)
	at com.kms.katalon.core.main.ScriptEngine.run(ScriptEngine.java:194)
	at com.kms.katalon.core.main.ScriptEngine.runScriptAsRawText(ScriptEngine.java:119)
	at com.kms.katalon.core.main.TestCaseExecutor.runScript(TestCaseExecutor.java:442)
	at com.kms.katalon.core.main.TestCaseExecutor.doExecute(TestCaseExecutor.java:433)
	at com.kms.katalon.core.main.TestCaseExecutor.processExecutionPhase(TestCaseExecutor.java:412)
	at com.kms.katalon.core.main.TestCaseExecutor.accessMainPhase(TestCaseExecutor.java:404)
	at com.kms.katalon.core.main.TestCaseExecutor.execute(TestCaseExecutor.java:281)
	at com.kms.katalon.core.main.TestSuiteExecutor.accessTestCaseMainPhase(TestSuiteExecutor.java:202)
	at com.kms.katalon.core.main.TestSuiteExecutor.accessTestSuiteMainPhase(TestSuiteExecutor.java:164)
	at com.kms.katalon.core.main.TestSuiteExecutor.execute(TestSuiteExecutor.java:105)
	at com.kms.katalon.core.main.TestCaseMain.startTestSuite(TestCaseMain.java:185)
	at com.kms.katalon.core.main.TestCaseMain$startTestSuite$0.call(Unknown Source)
	at TempTestSuite1658787923991.run(TempTestSuite1658787923991.groovy:36)
)

2022-07-25 18:28:13 - [MESSAGE][FAILED] - Text 'Username may only be comprised of alphanumeric characters, the underscore "_" character, the at "@" symbol, and the period "."Username may only be comprised of alphanumeric characters, the underscore "_" character, the at "@" symbol, and the period "."' is not present on page  using regular expression (Root cause: com.kms.katalon.core.exception.StepFailedException: Text 'Username may only be comprised of alphanumeric characters, the underscore "_" character, the at "@" symbol, and the period "."Username may only be comprised of alphanumeric characters, the underscore "_" character, the at "@" symbol, and the period "."' is not present on page  using regular expression
	at com.kms.katalon.core.webui.keyword.internal.WebUIKeywordMain.stepFailed(WebUIKeywordMain.groovy:64)
	at com.kms.katalon.core.webui.keyword.builtin.VerifyTextPresentKeyword$_verifyTextPresent_closure1.doCall(VerifyTextPresentKeyword.groovy:79)
	at com.kms.katalon.core.webui.keyword.builtin.VerifyTextPresentKeyword$_verifyTextPresent_closure1.call(VerifyTextPresentKeyword.groovy)
	at com.kms.katalon.core.webui.keyword.internal.WebUIKeywordMain.runKeyword(WebUIKeywordMain.groovy:20)
	at com.kms.katalon.core.webui.keyword.builtin.VerifyTextPresentKeyword.verifyTextPresent(VerifyTextPresentKeyword.groovy:83)
	at com.kms.katalon.core.webui.keyword.builtin.VerifyTextPresentKeyword.execute(VerifyTextPresentKeyword.groovy:68)
	at com.kms.katalon.core.keyword.internal.KeywordExecutor.executeKeywordForPlatform(KeywordExecutor.groovy:74)
	at com.kms.katalon.core.webui.keyword.WebUiBuiltInKeywords.verifyTextPresent(WebUiBuiltInKeywords.groovy:1723)
	at com.kms.katalon.core.webui.keyword.WebUiBuiltInKeywords$verifyTextPresent$5.call(Unknown Source)
	at AddUserSpecialCharError.run(AddUserSpecialCharError:97)
	at com.kms.katalon.core.main.ScriptEngine.run(ScriptEngine.java:194)
	at com.kms.katalon.core.main.ScriptEngine.runScriptAsRawText(ScriptEngine.java:119)
	at com.kms.katalon.core.main.TestCaseExecutor.runScript(TestCaseExecutor.java:442)
	at com.kms.katalon.core.main.TestCaseExecutor.doExecute(TestCaseExecutor.java:433)
	at com.kms.katalon.core.main.TestCaseExecutor.processExecutionPhase(TestCaseExecutor.java:412)
	at com.kms.katalon.core.main.TestCaseExecutor.accessMainPhase(TestCaseExecutor.java:404)
	at com.kms.katalon.core.main.TestCaseExecutor.execute(TestCaseExecutor.java:281)
	at com.kms.katalon.core.main.TestSuiteExecutor.accessTestCaseMainPhase(TestSuiteExecutor.java:202)
	at com.kms.katalon.core.main.TestSuiteExecutor.accessTestSuiteMainPhase(TestSuiteExecutor.java:164)
	at com.kms.katalon.core.main.TestSuiteExecutor.execute(TestSuiteExecutor.java:105)
	at com.kms.katalon.core.main.TestCaseMain.startTestSuite(TestCaseMain.java:185)
	at com.kms.katalon.core.main.TestCaseMain$startTestSuite$0.call(Unknown Source)
	at TempTestSuite1658787923991.run(TempTestSuite1658787923991.groovy:36)
)

2022-07-25 18:28:13 - [TEST_STEP][PASSED] - closeBrowser(): Browser is closed

2022-07-25 18:28:14 - [MESSAGE][PASSED] - Browser is closed

2022-07-25 18:28:14 - [TEST_STEP][PASSED] - ExecuteTC = findTestData(dataFile).getValue("Execute", row): null

2022-07-25 18:28:14 - [TEST_STEP][PASSED] - out.println("Value of Execute is : " + ExecuteTC): null

2022-07-25 18:28:14 - [TEST_STEP][FAILED] - if (ExecuteTC.equalsIgnoreCase("Y")): null

2022-07-25 18:28:14 - [TEST_STEP][PASSED] - out.println("Begin Record Number: " + row): null

2022-07-25 18:28:14 - [TEST_STEP][PASSED] - adminSuiteBootstrap.loginFunctionality.login_AdminSuite(): adminSuiteBootstrap.loginFunctionality.login_AdminSuite is PASSED

2022-07-25 18:28:14 - [MESSAGE][INFO] - Starting 'Chrome' driver

2022-07-25 18:28:14 - [MESSAGE][INFO] - User set preference: ['acceptInsecureCerts', 'true']

2022-07-25 18:28:14 - [MESSAGE][INFO] - Action delay is set to 0 milliseconds

2022-07-25 18:28:16 - [MESSAGE][PASSED] - Browser is opened with url: 'https://qa.velocitypayment.com/admin/imtiaz'

2022-07-25 18:28:16 - [MESSAGE][PASSED] - Current window maximized

2022-07-25 18:28:17 - [MESSAGE][PASSED] - Object 'Object Repository/Login_Page/Login_Username' is present

2022-07-25 18:28:17 - [MESSAGE][PASSED] - Text 'iahmed' is set on object 'Object Repository/Login_Page/Login_Username'

2022-07-25 18:28:18 - [MESSAGE][PASSED] - Text 'hello2222' is set on object 'Object Repository/Login_Page/Login_Password'

2022-07-25 18:28:21 - [MESSAGE][PASSED] - Object: 'Object Repository/Login_Page/Login_Submit' is clicked on

2022-07-25 18:28:21 - [MESSAGE][PASSED] - adminSuiteBootstrap.loginFunctionality.login_AdminSuite is PASSED

2022-07-25 18:28:21 - [TEST_STEP][PASSED] - click(findTestObject(path_Dashboard + "a_Access User Management")): Object: 'Object Repository/AdminSuiteBootstrap_Pages/Dashboard_Bootstrap/a_Access User Management' is clicked on

2022-07-25 18:28:22 - [MESSAGE][PASSED] - Object: 'Object Repository/AdminSuiteBootstrap_Pages/Dashboard_Bootstrap/a_Access User Management' is clicked on

2022-07-25 18:28:22 - [TEST_STEP][PASSED] - click(findTestObject(path_Users + "a_Add User")): Object: 'Object Repository/AdminSuiteBootstrap_Pages/UM_Bootstrap/Users/a_Add User' is clicked on

2022-07-25 18:28:23 - [MESSAGE][PASSED] - Object: 'Object Repository/AdminSuiteBootstrap_Pages/UM_Bootstrap/Users/a_Add User' is clicked on

2022-07-25 18:28:23 - [TEST_STEP][PASSED] - buildUsername = pages.GenerateRandom.getRandomAlpha(): pages.GenerateRandom.getRandomAlpha is PASSED

2022-07-25 18:28:23 - [MESSAGE][PASSED] - pages.GenerateRandom.getRandomAlpha is PASSED

2022-07-25 18:28:23 - [TEST_STEP][PASSED] - prefixUsername = findTestData(dataFile).getValue("Username", row): null

2022-07-25 18:28:23 - [TEST_STEP][PASSED] - prefixOrMiddle = findTestData(dataFile).getValue("Prefix", row): null

2022-07-25 18:28:23 - [TEST_STEP][PASSED] - if (prefixOrMiddle.equalsIgnoreCase("Y")): null

2022-07-25 18:28:23 - [TEST_STEP][PASSED] - spUsername = prefixUsername + buildUsername: null

2022-07-25 18:28:23 - [TEST_STEP][PASSED] - setText(findTestObject(path_AddUser + "input_EmailAddress"), "iahmed@govolution.com"): Text 'iahmed@govolution.com' is set on object 'Object Repository/AdminSuiteBootstrap_Pages/UM_Bootstrap/AddUser/input_EmailAddress'

2022-07-25 18:28:23 - [MESSAGE][PASSED] - Text 'iahmed@govolution.com' is set on object 'Object Repository/AdminSuiteBootstrap_Pages/UM_Bootstrap/AddUser/input_EmailAddress'

2022-07-25 18:28:23 - [TEST_STEP][PASSED] - setText(findTestObject(path_AddUser + "input_Username"), spUsername): Text '+AviIcJZwh' is set on object 'Object Repository/AdminSuiteBootstrap_Pages/UM_Bootstrap/AddUser/input_Username'

2022-07-25 18:28:24 - [MESSAGE][PASSED] - Text '+AviIcJZwh' is set on object 'Object Repository/AdminSuiteBootstrap_Pages/UM_Bootstrap/AddUser/input_Username'

2022-07-25 18:28:24 - [TEST_STEP][PASSED] - setText(findTestObject(path_AddUser + "input_FirstName"), "Ashley"): Text 'Ashley' is set on object 'Object Repository/AdminSuiteBootstrap_Pages/UM_Bootstrap/AddUser/input_FirstName'

2022-07-25 18:28:25 - [MESSAGE][PASSED] - Text 'Ashley' is set on object 'Object Repository/AdminSuiteBootstrap_Pages/UM_Bootstrap/AddUser/input_FirstName'

2022-07-25 18:28:25 - [TEST_STEP][PASSED] - setText(findTestObject(path_AddUser + "input_LastName"), "Luka"): Text 'Luka' is set on object 'Object Repository/AdminSuiteBootstrap_Pages/UM_Bootstrap/AddUser/input_LastName'

2022-07-25 18:28:25 - [MESSAGE][PASSED] - Text 'Luka' is set on object 'Object Repository/AdminSuiteBootstrap_Pages/UM_Bootstrap/AddUser/input_LastName'

2022-07-25 18:28:25 - [TEST_STEP][PASSED] - setText(findTestObject(path_AddUser + "input_Password"), "hello6666"): Text 'hello6666' is set on object 'Object Repository/AdminSuiteBootstrap_Pages/UM_Bootstrap/AddUser/input_Password'

2022-07-25 18:28:26 - [MESSAGE][PASSED] - Text 'hello6666' is set on object 'Object Repository/AdminSuiteBootstrap_Pages/UM_Bootstrap/AddUser/input_Password'

2022-07-25 18:28:26 - [TEST_STEP][PASSED] - setText(findTestObject(path_AddUser + "input_ConfirmPassword"), "hello6666"): Text 'hello6666' is set on object 'Object Repository/AdminSuiteBootstrap_Pages/UM_Bootstrap/AddUser/input_ConfirmPassword'

2022-07-25 18:28:27 - [MESSAGE][PASSED] - Text 'hello6666' is set on object 'Object Repository/AdminSuiteBootstrap_Pages/UM_Bootstrap/AddUser/input_ConfirmPassword'

2022-07-25 18:28:27 - [TEST_STEP][PASSED] - check(findTestObject(path_AddUser + "input_No_lock")): Object 'Object Repository/AdminSuiteBootstrap_Pages/UM_Bootstrap/AddUser/input_No_lock' is checked

2022-07-25 18:28:27 - [MESSAGE][PASSED] - Object 'Object Repository/AdminSuiteBootstrap_Pages/UM_Bootstrap/AddUser/input_No_lock' is checked

2022-07-25 18:28:27 - [TEST_STEP][PASSED] - click(findTestObject(path_AddUser + "button_Create")): Object: 'Object Repository/AdminSuiteBootstrap_Pages/UM_Bootstrap/AddUser/button_Create' is clicked on

2022-07-25 18:28:28 - [MESSAGE][PASSED] - Object: 'Object Repository/AdminSuiteBootstrap_Pages/UM_Bootstrap/AddUser/button_Create' is clicked on

2022-07-25 18:28:28 - [TEST_STEP][PASSED] - verifyTextPresent("Error! Please provide the following required information as indicated below", true): Text 'Error! Please provide the following required information as indicated below' is present on page  using regular expression

2022-07-25 18:28:29 - [MESSAGE][PASSED] - Text 'Error! Please provide the following required information as indicated below' is present on page  using regular expression

2022-07-25 18:28:29 - [TEST_STEP][FAILED] - verifyTextPresent("Username may only be comprised of alphanumeric characters, the underscore "_" character, the at "@" symbol, and the period "."Username may only be comprised of alphanumeric characters, the underscore "_" character, the at "@" symbol, and the period "."", true): Text 'Username may only be comprised of alphanumeric characters, the underscore "_" character, the at "@" symbol, and the period "."Username may only be comprised of alphanumeric characters, the underscore "_" character, the at "@" symbol, and the period "."' is not present on page  using regular expression (Root cause: com.kms.katalon.core.exception.StepFailedException: Text 'Username may only be comprised of alphanumeric characters, the underscore "_" character, the at "@" symbol, and the period "."Username may only be comprised of alphanumeric characters, the underscore "_" character, the at "@" symbol, and the period "."' is not present on page  using regular expression
	at com.kms.katalon.core.webui.keyword.internal.WebUIKeywordMain.stepFailed(WebUIKeywordMain.groovy:64)
	at com.kms.katalon.core.webui.keyword.builtin.VerifyTextPresentKeyword$_verifyTextPresent_closure1.doCall(VerifyTextPresentKeyword.groovy:79)
	at com.kms.katalon.core.webui.keyword.builtin.VerifyTextPresentKeyword$_verifyTextPresent_closure1.call(VerifyTextPresentKeyword.groovy)
	at com.kms.katalon.core.webui.keyword.internal.WebUIKeywordMain.runKeyword(WebUIKeywordMain.groovy:20)
	at com.kms.katalon.core.webui.keyword.builtin.VerifyTextPresentKeyword.verifyTextPresent(VerifyTextPresentKeyword.groovy:83)
	at com.kms.katalon.core.webui.keyword.builtin.VerifyTextPresentKeyword.execute(VerifyTextPresentKeyword.groovy:68)
	at com.kms.katalon.core.keyword.internal.KeywordExecutor.executeKeywordForPlatform(KeywordExecutor.groovy:74)
	at com.kms.katalon.core.webui.keyword.WebUiBuiltInKeywords.verifyTextPresent(WebUiBuiltInKeywords.groovy:1723)
	at com.kms.katalon.core.webui.keyword.WebUiBuiltInKeywords$verifyTextPresent$5.call(Unknown Source)
	at AddUserSpecialCharError.run(AddUserSpecialCharError:97)
	at com.kms.katalon.core.main.ScriptEngine.run(ScriptEngine.java:194)
	at com.kms.katalon.core.main.ScriptEngine.runScriptAsRawText(ScriptEngine.java:119)
	at com.kms.katalon.core.main.TestCaseExecutor.runScript(TestCaseExecutor.java:442)
	at com.kms.katalon.core.main.TestCaseExecutor.doExecute(TestCaseExecutor.java:433)
	at com.kms.katalon.core.main.TestCaseExecutor.processExecutionPhase(TestCaseExecutor.java:412)
	at com.kms.katalon.core.main.TestCaseExecutor.accessMainPhase(TestCaseExecutor.java:404)
	at com.kms.katalon.core.main.TestCaseExecutor.execute(TestCaseExecutor.java:281)
	at com.kms.katalon.core.main.TestSuiteExecutor.accessTestCaseMainPhase(TestSuiteExecutor.java:202)
	at com.kms.katalon.core.main.TestSuiteExecutor.accessTestSuiteMainPhase(TestSuiteExecutor.java:164)
	at com.kms.katalon.core.main.TestSuiteExecutor.execute(TestSuiteExecutor.java:105)
	at com.kms.katalon.core.main.TestCaseMain.startTestSuite(TestCaseMain.java:185)
	at com.kms.katalon.core.main.TestCaseMain$startTestSuite$0.call(Unknown Source)
	at TempTestSuite1658787923991.run(TempTestSuite1658787923991.groovy:36)
)

2022-07-25 18:28:29 - [MESSAGE][FAILED] - Text 'Username may only be comprised of alphanumeric characters, the underscore "_" character, the at "@" symbol, and the period "."Username may only be comprised of alphanumeric characters, the underscore "_" character, the at "@" symbol, and the period "."' is not present on page  using regular expression (Root cause: com.kms.katalon.core.exception.StepFailedException: Text 'Username may only be comprised of alphanumeric characters, the underscore "_" character, the at "@" symbol, and the period "."Username may only be comprised of alphanumeric characters, the underscore "_" character, the at "@" symbol, and the period "."' is not present on page  using regular expression
	at com.kms.katalon.core.webui.keyword.internal.WebUIKeywordMain.stepFailed(WebUIKeywordMain.groovy:64)
	at com.kms.katalon.core.webui.keyword.builtin.VerifyTextPresentKeyword$_verifyTextPresent_closure1.doCall(VerifyTextPresentKeyword.groovy:79)
	at com.kms.katalon.core.webui.keyword.builtin.VerifyTextPresentKeyword$_verifyTextPresent_closure1.call(VerifyTextPresentKeyword.groovy)
	at com.kms.katalon.core.webui.keyword.internal.WebUIKeywordMain.runKeyword(WebUIKeywordMain.groovy:20)
	at com.kms.katalon.core.webui.keyword.builtin.VerifyTextPresentKeyword.verifyTextPresent(VerifyTextPresentKeyword.groovy:83)
	at com.kms.katalon.core.webui.keyword.builtin.VerifyTextPresentKeyword.execute(VerifyTextPresentKeyword.groovy:68)
	at com.kms.katalon.core.keyword.internal.KeywordExecutor.executeKeywordForPlatform(KeywordExecutor.groovy:74)
	at com.kms.katalon.core.webui.keyword.WebUiBuiltInKeywords.verifyTextPresent(WebUiBuiltInKeywords.groovy:1723)
	at com.kms.katalon.core.webui.keyword.WebUiBuiltInKeywords$verifyTextPresent$5.call(Unknown Source)
	at AddUserSpecialCharError.run(AddUserSpecialCharError:97)
	at com.kms.katalon.core.main.ScriptEngine.run(ScriptEngine.java:194)
	at com.kms.katalon.core.main.ScriptEngine.runScriptAsRawText(ScriptEngine.java:119)
	at com.kms.katalon.core.main.TestCaseExecutor.runScript(TestCaseExecutor.java:442)
	at com.kms.katalon.core.main.TestCaseExecutor.doExecute(TestCaseExecutor.java:433)
	at com.kms.katalon.core.main.TestCaseExecutor.processExecutionPhase(TestCaseExecutor.java:412)
	at com.kms.katalon.core.main.TestCaseExecutor.accessMainPhase(TestCaseExecutor.java:404)
	at com.kms.katalon.core.main.TestCaseExecutor.execute(TestCaseExecutor.java:281)
	at com.kms.katalon.core.main.TestSuiteExecutor.accessTestCaseMainPhase(TestSuiteExecutor.java:202)
	at com.kms.katalon.core.main.TestSuiteExecutor.accessTestSuiteMainPhase(TestSuiteExecutor.java:164)
	at com.kms.katalon.core.main.TestSuiteExecutor.execute(TestSuiteExecutor.java:105)
	at com.kms.katalon.core.main.TestCaseMain.startTestSuite(TestCaseMain.java:185)
	at com.kms.katalon.core.main.TestCaseMain$startTestSuite$0.call(Unknown Source)
	at TempTestSuite1658787923991.run(TempTestSuite1658787923991.groovy:36)
)

2022-07-25 18:28:29 - [TEST_STEP][PASSED] - closeBrowser(): Browser is closed

2022-07-25 18:28:30 - [MESSAGE][PASSED] - Browser is closed

2022-07-25 18:28:30 - [TEST_STEP][PASSED] - ExecuteTC = findTestData(dataFile).getValue("Execute", row): null

2022-07-25 18:28:30 - [TEST_STEP][PASSED] - out.println("Value of Execute is : " + ExecuteTC): null

2022-07-25 18:28:30 - [TEST_STEP][FAILED] - if (ExecuteTC.equalsIgnoreCase("Y")): null

2022-07-25 18:28:30 - [TEST_STEP][PASSED] - out.println("Begin Record Number: " + row): null

2022-07-25 18:28:30 - [TEST_STEP][PASSED] - adminSuiteBootstrap.loginFunctionality.login_AdminSuite(): adminSuiteBootstrap.loginFunctionality.login_AdminSuite is PASSED

2022-07-25 18:28:30 - [MESSAGE][INFO] - Starting 'Chrome' driver

2022-07-25 18:28:30 - [MESSAGE][INFO] - User set preference: ['acceptInsecureCerts', 'true']

2022-07-25 18:28:30 - [MESSAGE][INFO] - Action delay is set to 0 milliseconds

2022-07-25 18:28:33 - [MESSAGE][PASSED] - Browser is opened with url: 'https://qa.velocitypayment.com/admin/imtiaz'

2022-07-25 18:28:33 - [MESSAGE][PASSED] - Current window maximized

2022-07-25 18:28:34 - [MESSAGE][PASSED] - Object 'Object Repository/Login_Page/Login_Username' is present

2022-07-25 18:28:35 - [MESSAGE][PASSED] - Text 'iahmed' is set on object 'Object Repository/Login_Page/Login_Username'

2022-07-25 18:28:35 - [MESSAGE][PASSED] - Text 'hello2222' is set on object 'Object Repository/Login_Page/Login_Password'

2022-07-25 18:28:38 - [MESSAGE][PASSED] - Object: 'Object Repository/Login_Page/Login_Submit' is clicked on

2022-07-25 18:28:38 - [MESSAGE][PASSED] - adminSuiteBootstrap.loginFunctionality.login_AdminSuite is PASSED

2022-07-25 18:28:38 - [TEST_STEP][PASSED] - click(findTestObject(path_Dashboard + "a_Access User Management")): Object: 'Object Repository/AdminSuiteBootstrap_Pages/Dashboard_Bootstrap/a_Access User Management' is clicked on

2022-07-25 18:28:39 - [MESSAGE][PASSED] - Object: 'Object Repository/AdminSuiteBootstrap_Pages/Dashboard_Bootstrap/a_Access User Management' is clicked on

2022-07-25 18:28:39 - [TEST_STEP][PASSED] - click(findTestObject(path_Users + "a_Add User")): Object: 'Object Repository/AdminSuiteBootstrap_Pages/UM_Bootstrap/Users/a_Add User' is clicked on

2022-07-25 18:28:40 - [MESSAGE][PASSED] - Object: 'Object Repository/AdminSuiteBootstrap_Pages/UM_Bootstrap/Users/a_Add User' is clicked on

2022-07-25 18:28:40 - [TEST_STEP][PASSED] - buildUsername = pages.GenerateRandom.getRandomAlpha(): pages.GenerateRandom.getRandomAlpha is PASSED

2022-07-25 18:28:40 - [MESSAGE][PASSED] - pages.GenerateRandom.getRandomAlpha is PASSED

2022-07-25 18:28:40 - [TEST_STEP][PASSED] - prefixUsername = findTestData(dataFile).getValue("Username", row): null

2022-07-25 18:28:40 - [TEST_STEP][PASSED] - prefixOrMiddle = findTestData(dataFile).getValue("Prefix", row): null

2022-07-25 18:28:40 - [TEST_STEP][PASSED] - if (prefixOrMiddle.equalsIgnoreCase("Y")): null

2022-07-25 18:28:40 - [TEST_STEP][PASSED] - spUsername = prefixUsername + buildUsername: null

2022-07-25 18:28:40 - [TEST_STEP][PASSED] - setText(findTestObject(path_AddUser + "input_EmailAddress"), "iahmed@govolution.com"): Text 'iahmed@govolution.com' is set on object 'Object Repository/AdminSuiteBootstrap_Pages/UM_Bootstrap/AddUser/input_EmailAddress'

2022-07-25 18:28:41 - [MESSAGE][PASSED] - Text 'iahmed@govolution.com' is set on object 'Object Repository/AdminSuiteBootstrap_Pages/UM_Bootstrap/AddUser/input_EmailAddress'

2022-07-25 18:28:41 - [TEST_STEP][PASSED] - setText(findTestObject(path_AddUser + "input_Username"), spUsername): Text '@MnCSFazhu' is set on object 'Object Repository/AdminSuiteBootstrap_Pages/UM_Bootstrap/AddUser/input_Username'

2022-07-25 18:28:41 - [MESSAGE][PASSED] - Text '@MnCSFazhu' is set on object 'Object Repository/AdminSuiteBootstrap_Pages/UM_Bootstrap/AddUser/input_Username'

2022-07-25 18:28:41 - [TEST_STEP][PASSED] - setText(findTestObject(path_AddUser + "input_FirstName"), "Ashley"): Text 'Ashley' is set on object 'Object Repository/AdminSuiteBootstrap_Pages/UM_Bootstrap/AddUser/input_FirstName'

2022-07-25 18:28:42 - [MESSAGE][PASSED] - Text 'Ashley' is set on object 'Object Repository/AdminSuiteBootstrap_Pages/UM_Bootstrap/AddUser/input_FirstName'

2022-07-25 18:28:42 - [TEST_STEP][PASSED] - setText(findTestObject(path_AddUser + "input_LastName"), "Luka"): Text 'Luka' is set on object 'Object Repository/AdminSuiteBootstrap_Pages/UM_Bootstrap/AddUser/input_LastName'

2022-07-25 18:28:43 - [MESSAGE][PASSED] - Text 'Luka' is set on object 'Object Repository/AdminSuiteBootstrap_Pages/UM_Bootstrap/AddUser/input_LastName'

2022-07-25 18:28:43 - [TEST_STEP][PASSED] - setText(findTestObject(path_AddUser + "input_Password"), "hello6666"): Text 'hello6666' is set on object 'Object Repository/AdminSuiteBootstrap_Pages/UM_Bootstrap/AddUser/input_Password'

2022-07-25 18:28:43 - [MESSAGE][PASSED] - Text 'hello6666' is set on object 'Object Repository/AdminSuiteBootstrap_Pages/UM_Bootstrap/AddUser/input_Password'

2022-07-25 18:28:43 - [TEST_STEP][PASSED] - setText(findTestObject(path_AddUser + "input_ConfirmPassword"), "hello6666"): Text 'hello6666' is set on object 'Object Repository/AdminSuiteBootstrap_Pages/UM_Bootstrap/AddUser/input_ConfirmPassword'

2022-07-25 18:28:44 - [MESSAGE][PASSED] - Text 'hello6666' is set on object 'Object Repository/AdminSuiteBootstrap_Pages/UM_Bootstrap/AddUser/input_ConfirmPassword'

2022-07-25 18:28:44 - [TEST_STEP][PASSED] - check(findTestObject(path_AddUser + "input_No_lock")): Object 'Object Repository/AdminSuiteBootstrap_Pages/UM_Bootstrap/AddUser/input_No_lock' is checked

2022-07-25 18:28:44 - [MESSAGE][PASSED] - Object 'Object Repository/AdminSuiteBootstrap_Pages/UM_Bootstrap/AddUser/input_No_lock' is checked

2022-07-25 18:28:44 - [TEST_STEP][PASSED] - click(findTestObject(path_AddUser + "button_Create")): Object: 'Object Repository/AdminSuiteBootstrap_Pages/UM_Bootstrap/AddUser/button_Create' is clicked on

2022-07-25 18:28:45 - [MESSAGE][PASSED] - Object: 'Object Repository/AdminSuiteBootstrap_Pages/UM_Bootstrap/AddUser/button_Create' is clicked on

2022-07-25 18:28:45 - [TEST_STEP][PASSED] - verifyTextPresent("Error! Please provide the following required information as indicated below", true): Text 'Error! Please provide the following required information as indicated below' is present on page  using regular expression

2022-07-25 18:28:46 - [MESSAGE][PASSED] - Text 'Error! Please provide the following required information as indicated below' is present on page  using regular expression

2022-07-25 18:28:46 - [TEST_STEP][FAILED] - verifyTextPresent("Username may only be comprised of alphanumeric characters, the underscore "_" character, the at "@" symbol, and the period "."Username may only be comprised of alphanumeric characters, the underscore "_" character, the at "@" symbol, and the period "."", true): Text 'Username may only be comprised of alphanumeric characters, the underscore "_" character, the at "@" symbol, and the period "."Username may only be comprised of alphanumeric characters, the underscore "_" character, the at "@" symbol, and the period "."' is not present on page  using regular expression (Root cause: com.kms.katalon.core.exception.StepFailedException: Text 'Username may only be comprised of alphanumeric characters, the underscore "_" character, the at "@" symbol, and the period "."Username may only be comprised of alphanumeric characters, the underscore "_" character, the at "@" symbol, and the period "."' is not present on page  using regular expression
	at com.kms.katalon.core.webui.keyword.internal.WebUIKeywordMain.stepFailed(WebUIKeywordMain.groovy:64)
	at com.kms.katalon.core.webui.keyword.builtin.VerifyTextPresentKeyword$_verifyTextPresent_closure1.doCall(VerifyTextPresentKeyword.groovy:79)
	at com.kms.katalon.core.webui.keyword.builtin.VerifyTextPresentKeyword$_verifyTextPresent_closure1.call(VerifyTextPresentKeyword.groovy)
	at com.kms.katalon.core.webui.keyword.internal.WebUIKeywordMain.runKeyword(WebUIKeywordMain.groovy:20)
	at com.kms.katalon.core.webui.keyword.builtin.VerifyTextPresentKeyword.verifyTextPresent(VerifyTextPresentKeyword.groovy:83)
	at com.kms.katalon.core.webui.keyword.builtin.VerifyTextPresentKeyword.execute(VerifyTextPresentKeyword.groovy:68)
	at com.kms.katalon.core.keyword.internal.KeywordExecutor.executeKeywordForPlatform(KeywordExecutor.groovy:74)
	at com.kms.katalon.core.webui.keyword.WebUiBuiltInKeywords.verifyTextPresent(WebUiBuiltInKeywords.groovy:1723)
	at com.kms.katalon.core.webui.keyword.WebUiBuiltInKeywords$verifyTextPresent$5.call(Unknown Source)
	at AddUserSpecialCharError.run(AddUserSpecialCharError:97)
	at com.kms.katalon.core.main.ScriptEngine.run(ScriptEngine.java:194)
	at com.kms.katalon.core.main.ScriptEngine.runScriptAsRawText(ScriptEngine.java:119)
	at com.kms.katalon.core.main.TestCaseExecutor.runScript(TestCaseExecutor.java:442)
	at com.kms.katalon.core.main.TestCaseExecutor.doExecute(TestCaseExecutor.java:433)
	at com.kms.katalon.core.main.TestCaseExecutor.processExecutionPhase(TestCaseExecutor.java:412)
	at com.kms.katalon.core.main.TestCaseExecutor.accessMainPhase(TestCaseExecutor.java:404)
	at com.kms.katalon.core.main.TestCaseExecutor.execute(TestCaseExecutor.java:281)
	at com.kms.katalon.core.main.TestSuiteExecutor.accessTestCaseMainPhase(TestSuiteExecutor.java:202)
	at com.kms.katalon.core.main.TestSuiteExecutor.accessTestSuiteMainPhase(TestSuiteExecutor.java:164)
	at com.kms.katalon.core.main.TestSuiteExecutor.execute(TestSuiteExecutor.java:105)
	at com.kms.katalon.core.main.TestCaseMain.startTestSuite(TestCaseMain.java:185)
	at com.kms.katalon.core.main.TestCaseMain$startTestSuite$0.call(Unknown Source)
	at TempTestSuite1658787923991.run(TempTestSuite1658787923991.groovy:36)
)

2022-07-25 18:28:46 - [MESSAGE][FAILED] - Text 'Username may only be comprised of alphanumeric characters, the underscore "_" character, the at "@" symbol, and the period "."Username may only be comprised of alphanumeric characters, the underscore "_" character, the at "@" symbol, and the period "."' is not present on page  using regular expression (Root cause: com.kms.katalon.core.exception.StepFailedException: Text 'Username may only be comprised of alphanumeric characters, the underscore "_" character, the at "@" symbol, and the period "."Username may only be comprised of alphanumeric characters, the underscore "_" character, the at "@" symbol, and the period "."' is not present on page  using regular expression
	at com.kms.katalon.core.webui.keyword.internal.WebUIKeywordMain.stepFailed(WebUIKeywordMain.groovy:64)
	at com.kms.katalon.core.webui.keyword.builtin.VerifyTextPresentKeyword$_verifyTextPresent_closure1.doCall(VerifyTextPresentKeyword.groovy:79)
	at com.kms.katalon.core.webui.keyword.builtin.VerifyTextPresentKeyword$_verifyTextPresent_closure1.call(VerifyTextPresentKeyword.groovy)
	at com.kms.katalon.core.webui.keyword.internal.WebUIKeywordMain.runKeyword(WebUIKeywordMain.groovy:20)
	at com.kms.katalon.core.webui.keyword.builtin.VerifyTextPresentKeyword.verifyTextPresent(VerifyTextPresentKeyword.groovy:83)
	at com.kms.katalon.core.webui.keyword.builtin.VerifyTextPresentKeyword.execute(VerifyTextPresentKeyword.groovy:68)
	at com.kms.katalon.core.keyword.internal.KeywordExecutor.executeKeywordForPlatform(KeywordExecutor.groovy:74)
	at com.kms.katalon.core.webui.keyword.WebUiBuiltInKeywords.verifyTextPresent(WebUiBuiltInKeywords.groovy:1723)
	at com.kms.katalon.core.webui.keyword.WebUiBuiltInKeywords$verifyTextPresent$5.call(Unknown Source)
	at AddUserSpecialCharError.run(AddUserSpecialCharError:97)
	at com.kms.katalon.core.main.ScriptEngine.run(ScriptEngine.java:194)
	at com.kms.katalon.core.main.ScriptEngine.runScriptAsRawText(ScriptEngine.java:119)
	at com.kms.katalon.core.main.TestCaseExecutor.runScript(TestCaseExecutor.java:442)
	at com.kms.katalon.core.main.TestCaseExecutor.doExecute(TestCaseExecutor.java:433)
	at com.kms.katalon.core.main.TestCaseExecutor.processExecutionPhase(TestCaseExecutor.java:412)
	at com.kms.katalon.core.main.TestCaseExecutor.accessMainPhase(TestCaseExecutor.java:404)
	at com.kms.katalon.core.main.TestCaseExecutor.execute(TestCaseExecutor.java:281)
	at com.kms.katalon.core.main.TestSuiteExecutor.accessTestCaseMainPhase(TestSuiteExecutor.java:202)
	at com.kms.katalon.core.main.TestSuiteExecutor.accessTestSuiteMainPhase(TestSuiteExecutor.java:164)
	at com.kms.katalon.core.main.TestSuiteExecutor.execute(TestSuiteExecutor.java:105)
	at com.kms.katalon.core.main.TestCaseMain.startTestSuite(TestCaseMain.java:185)
	at com.kms.katalon.core.main.TestCaseMain$startTestSuite$0.call(Unknown Source)
	at TempTestSuite1658787923991.run(TempTestSuite1658787923991.groovy:36)
)

2022-07-25 18:28:46 - [TEST_STEP][PASSED] - closeBrowser(): Browser is closed

2022-07-25 18:28:47 - [MESSAGE][PASSED] - Browser is closed

2022-07-25 18:28:47 - [TEST_STEP][PASSED] - ExecuteTC = findTestData(dataFile).getValue("Execute", row): null

2022-07-25 18:28:47 - [TEST_STEP][PASSED] - out.println("Value of Execute is : " + ExecuteTC): null

2022-07-25 18:28:47 - [TEST_STEP][FAILED] - if (ExecuteTC.equalsIgnoreCase("Y")): null

2022-07-25 18:28:47 - [TEST_STEP][PASSED] - out.println("Begin Record Number: " + row): null

2022-07-25 18:28:47 - [TEST_STEP][PASSED] - adminSuiteBootstrap.loginFunctionality.login_AdminSuite(): adminSuiteBootstrap.loginFunctionality.login_AdminSuite is PASSED

2022-07-25 18:28:47 - [MESSAGE][INFO] - Starting 'Chrome' driver

2022-07-25 18:28:47 - [MESSAGE][INFO] - User set preference: ['acceptInsecureCerts', 'true']

2022-07-25 18:28:47 - [MESSAGE][INFO] - Action delay is set to 0 milliseconds

2022-07-25 18:28:50 - [MESSAGE][PASSED] - Browser is opened with url: 'https://qa.velocitypayment.com/admin/imtiaz'

2022-07-25 18:28:50 - [MESSAGE][PASSED] - Current window maximized

2022-07-25 18:28:50 - [MESSAGE][PASSED] - Object 'Object Repository/Login_Page/Login_Username' is present

2022-07-25 18:28:51 - [MESSAGE][PASSED] - Text 'iahmed' is set on object 'Object Repository/Login_Page/Login_Username'

2022-07-25 18:28:52 - [MESSAGE][PASSED] - Text 'hello2222' is set on object 'Object Repository/Login_Page/Login_Password'

2022-07-25 18:28:56 - [MESSAGE][PASSED] - Object: 'Object Repository/Login_Page/Login_Submit' is clicked on

2022-07-25 18:28:56 - [MESSAGE][PASSED] - adminSuiteBootstrap.loginFunctionality.login_AdminSuite is PASSED

2022-07-25 18:28:56 - [TEST_STEP][PASSED] - click(findTestObject(path_Dashboard + "a_Access User Management")): Object: 'Object Repository/AdminSuiteBootstrap_Pages/Dashboard_Bootstrap/a_Access User Management' is clicked on

2022-07-25 18:28:57 - [MESSAGE][PASSED] - Object: 'Object Repository/AdminSuiteBootstrap_Pages/Dashboard_Bootstrap/a_Access User Management' is clicked on

2022-07-25 18:28:57 - [TEST_STEP][PASSED] - click(findTestObject(path_Users + "a_Add User")): Object: 'Object Repository/AdminSuiteBootstrap_Pages/UM_Bootstrap/Users/a_Add User' is clicked on

2022-07-25 18:28:57 - [MESSAGE][PASSED] - Object: 'Object Repository/AdminSuiteBootstrap_Pages/UM_Bootstrap/Users/a_Add User' is clicked on

2022-07-25 18:28:57 - [TEST_STEP][PASSED] - buildUsername = pages.GenerateRandom.getRandomAlpha(): pages.GenerateRandom.getRandomAlpha is PASSED

2022-07-25 18:28:57 - [MESSAGE][PASSED] - pages.GenerateRandom.getRandomAlpha is PASSED

2022-07-25 18:28:57 - [TEST_STEP][PASSED] - prefixUsername = findTestData(dataFile).getValue("Username", row): null

2022-07-25 18:28:57 - [TEST_STEP][PASSED] - prefixOrMiddle = findTestData(dataFile).getValue("Prefix", row): null

2022-07-25 18:28:57 - [TEST_STEP][PASSED] - if (prefixOrMiddle.equalsIgnoreCase("Y")): null

2022-07-25 18:28:57 - [TEST_STEP][PASSED] - else if (prefixOrMiddle.equalsIgnoreCase("N")): null

2022-07-25 18:28:57 - [TEST_STEP][PASSED] - spUsername = buildUsername + prefixUsername + buildUsername: null

2022-07-25 18:28:57 - [TEST_STEP][PASSED] - setText(findTestObject(path_AddUser + "input_EmailAddress"), "iahmed@govolution.com"): Text 'iahmed@govolution.com' is set on object 'Object Repository/AdminSuiteBootstrap_Pages/UM_Bootstrap/AddUser/input_EmailAddress'

2022-07-25 18:28:58 - [MESSAGE][PASSED] - Text 'iahmed@govolution.com' is set on object 'Object Repository/AdminSuiteBootstrap_Pages/UM_Bootstrap/AddUser/input_EmailAddress'

2022-07-25 18:28:58 - [TEST_STEP][PASSED] - setText(findTestObject(path_AddUser + "input_Username"), spUsername): Text 'ddWYMNPUU=ddWYMNPUU' is set on object 'Object Repository/AdminSuiteBootstrap_Pages/UM_Bootstrap/AddUser/input_Username'

2022-07-25 18:28:59 - [MESSAGE][PASSED] - Text 'ddWYMNPUU=ddWYMNPUU' is set on object 'Object Repository/AdminSuiteBootstrap_Pages/UM_Bootstrap/AddUser/input_Username'

2022-07-25 18:28:59 - [TEST_STEP][PASSED] - setText(findTestObject(path_AddUser + "input_FirstName"), "Ashley"): Text 'Ashley' is set on object 'Object Repository/AdminSuiteBootstrap_Pages/UM_Bootstrap/AddUser/input_FirstName'

2022-07-25 18:28:59 - [MESSAGE][PASSED] - Text 'Ashley' is set on object 'Object Repository/AdminSuiteBootstrap_Pages/UM_Bootstrap/AddUser/input_FirstName'

2022-07-25 18:28:59 - [TEST_STEP][PASSED] - setText(findTestObject(path_AddUser + "input_LastName"), "Luka"): Text 'Luka' is set on object 'Object Repository/AdminSuiteBootstrap_Pages/UM_Bootstrap/AddUser/input_LastName'

2022-07-25 18:29:00 - [MESSAGE][PASSED] - Text 'Luka' is set on object 'Object Repository/AdminSuiteBootstrap_Pages/UM_Bootstrap/AddUser/input_LastName'

2022-07-25 18:29:00 - [TEST_STEP][PASSED] - setText(findTestObject(path_AddUser + "input_Password"), "hello6666"): Text 'hello6666' is set on object 'Object Repository/AdminSuiteBootstrap_Pages/UM_Bootstrap/AddUser/input_Password'

2022-07-25 18:29:01 - [MESSAGE][PASSED] - Text 'hello6666' is set on object 'Object Repository/AdminSuiteBootstrap_Pages/UM_Bootstrap/AddUser/input_Password'

2022-07-25 18:29:01 - [TEST_STEP][PASSED] - setText(findTestObject(path_AddUser + "input_ConfirmPassword"), "hello6666"): Text 'hello6666' is set on object 'Object Repository/AdminSuiteBootstrap_Pages/UM_Bootstrap/AddUser/input_ConfirmPassword'

2022-07-25 18:29:01 - [MESSAGE][PASSED] - Text 'hello6666' is set on object 'Object Repository/AdminSuiteBootstrap_Pages/UM_Bootstrap/AddUser/input_ConfirmPassword'

2022-07-25 18:29:01 - [TEST_STEP][PASSED] - check(findTestObject(path_AddUser + "input_No_lock")): Object 'Object Repository/AdminSuiteBootstrap_Pages/UM_Bootstrap/AddUser/input_No_lock' is checked

2022-07-25 18:29:02 - [MESSAGE][PASSED] - Object 'Object Repository/AdminSuiteBootstrap_Pages/UM_Bootstrap/AddUser/input_No_lock' is checked

2022-07-25 18:29:02 - [TEST_STEP][PASSED] - click(findTestObject(path_AddUser + "button_Create")): Object: 'Object Repository/AdminSuiteBootstrap_Pages/UM_Bootstrap/AddUser/button_Create' is clicked on

2022-07-25 18:29:03 - [MESSAGE][PASSED] - Object: 'Object Repository/AdminSuiteBootstrap_Pages/UM_Bootstrap/AddUser/button_Create' is clicked on

2022-07-25 18:29:03 - [TEST_STEP][PASSED] - verifyTextPresent("Error! Please provide the following required information as indicated below", true): Text 'Error! Please provide the following required information as indicated below' is present on page  using regular expression

2022-07-25 18:29:04 - [MESSAGE][PASSED] - Text 'Error! Please provide the following required information as indicated below' is present on page  using regular expression

2022-07-25 18:29:04 - [TEST_STEP][FAILED] - verifyTextPresent("Username may only be comprised of alphanumeric characters, the underscore "_" character, the at "@" symbol, and the period "."Username may only be comprised of alphanumeric characters, the underscore "_" character, the at "@" symbol, and the period "."", true): Text 'Username may only be comprised of alphanumeric characters, the underscore "_" character, the at "@" symbol, and the period "."Username may only be comprised of alphanumeric characters, the underscore "_" character, the at "@" symbol, and the period "."' is not present on page  using regular expression (Root cause: com.kms.katalon.core.exception.StepFailedException: Text 'Username may only be comprised of alphanumeric characters, the underscore "_" character, the at "@" symbol, and the period "."Username may only be comprised of alphanumeric characters, the underscore "_" character, the at "@" symbol, and the period "."' is not present on page  using regular expression
	at com.kms.katalon.core.webui.keyword.internal.WebUIKeywordMain.stepFailed(WebUIKeywordMain.groovy:64)
	at com.kms.katalon.core.webui.keyword.builtin.VerifyTextPresentKeyword$_verifyTextPresent_closure1.doCall(VerifyTextPresentKeyword.groovy:79)
	at com.kms.katalon.core.webui.keyword.builtin.VerifyTextPresentKeyword$_verifyTextPresent_closure1.call(VerifyTextPresentKeyword.groovy)
	at com.kms.katalon.core.webui.keyword.internal.WebUIKeywordMain.runKeyword(WebUIKeywordMain.groovy:20)
	at com.kms.katalon.core.webui.keyword.builtin.VerifyTextPresentKeyword.verifyTextPresent(VerifyTextPresentKeyword.groovy:83)
	at com.kms.katalon.core.webui.keyword.builtin.VerifyTextPresentKeyword.execute(VerifyTextPresentKeyword.groovy:68)
	at com.kms.katalon.core.keyword.internal.KeywordExecutor.executeKeywordForPlatform(KeywordExecutor.groovy:74)
	at com.kms.katalon.core.webui.keyword.WebUiBuiltInKeywords.verifyTextPresent(WebUiBuiltInKeywords.groovy:1723)
	at com.kms.katalon.core.webui.keyword.WebUiBuiltInKeywords$verifyTextPresent$5.call(Unknown Source)
	at AddUserSpecialCharError.run(AddUserSpecialCharError:97)
	at com.kms.katalon.core.main.ScriptEngine.run(ScriptEngine.java:194)
	at com.kms.katalon.core.main.ScriptEngine.runScriptAsRawText(ScriptEngine.java:119)
	at com.kms.katalon.core.main.TestCaseExecutor.runScript(TestCaseExecutor.java:442)
	at com.kms.katalon.core.main.TestCaseExecutor.doExecute(TestCaseExecutor.java:433)
	at com.kms.katalon.core.main.TestCaseExecutor.processExecutionPhase(TestCaseExecutor.java:412)
	at com.kms.katalon.core.main.TestCaseExecutor.accessMainPhase(TestCaseExecutor.java:404)
	at com.kms.katalon.core.main.TestCaseExecutor.execute(TestCaseExecutor.java:281)
	at com.kms.katalon.core.main.TestSuiteExecutor.accessTestCaseMainPhase(TestSuiteExecutor.java:202)
	at com.kms.katalon.core.main.TestSuiteExecutor.accessTestSuiteMainPhase(TestSuiteExecutor.java:164)
	at com.kms.katalon.core.main.TestSuiteExecutor.execute(TestSuiteExecutor.java:105)
	at com.kms.katalon.core.main.TestCaseMain.startTestSuite(TestCaseMain.java:185)
	at com.kms.katalon.core.main.TestCaseMain$startTestSuite$0.call(Unknown Source)
	at TempTestSuite1658787923991.run(TempTestSuite1658787923991.groovy:36)
)

2022-07-25 18:29:04 - [MESSAGE][FAILED] - Text 'Username may only be comprised of alphanumeric characters, the underscore "_" character, the at "@" symbol, and the period "."Username may only be comprised of alphanumeric characters, the underscore "_" character, the at "@" symbol, and the period "."' is not present on page  using regular expression (Root cause: com.kms.katalon.core.exception.StepFailedException: Text 'Username may only be comprised of alphanumeric characters, the underscore "_" character, the at "@" symbol, and the period "."Username may only be comprised of alphanumeric characters, the underscore "_" character, the at "@" symbol, and the period "."' is not present on page  using regular expression
	at com.kms.katalon.core.webui.keyword.internal.WebUIKeywordMain.stepFailed(WebUIKeywordMain.groovy:64)
	at com.kms.katalon.core.webui.keyword.builtin.VerifyTextPresentKeyword$_verifyTextPresent_closure1.doCall(VerifyTextPresentKeyword.groovy:79)
	at com.kms.katalon.core.webui.keyword.builtin.VerifyTextPresentKeyword$_verifyTextPresent_closure1.call(VerifyTextPresentKeyword.groovy)
	at com.kms.katalon.core.webui.keyword.internal.WebUIKeywordMain.runKeyword(WebUIKeywordMain.groovy:20)
	at com.kms.katalon.core.webui.keyword.builtin.VerifyTextPresentKeyword.verifyTextPresent(VerifyTextPresentKeyword.groovy:83)
	at com.kms.katalon.core.webui.keyword.builtin.VerifyTextPresentKeyword.execute(VerifyTextPresentKeyword.groovy:68)
	at com.kms.katalon.core.keyword.internal.KeywordExecutor.executeKeywordForPlatform(KeywordExecutor.groovy:74)
	at com.kms.katalon.core.webui.keyword.WebUiBuiltInKeywords.verifyTextPresent(WebUiBuiltInKeywords.groovy:1723)
	at com.kms.katalon.core.webui.keyword.WebUiBuiltInKeywords$verifyTextPresent$5.call(Unknown Source)
	at AddUserSpecialCharError.run(AddUserSpecialCharError:97)
	at com.kms.katalon.core.main.ScriptEngine.run(ScriptEngine.java:194)
	at com.kms.katalon.core.main.ScriptEngine.runScriptAsRawText(ScriptEngine.java:119)
	at com.kms.katalon.core.main.TestCaseExecutor.runScript(TestCaseExecutor.java:442)
	at com.kms.katalon.core.main.TestCaseExecutor.doExecute(TestCaseExecutor.java:433)
	at com.kms.katalon.core.main.TestCaseExecutor.processExecutionPhase(TestCaseExecutor.java:412)
	at com.kms.katalon.core.main.TestCaseExecutor.accessMainPhase(TestCaseExecutor.java:404)
	at com.kms.katalon.core.main.TestCaseExecutor.execute(TestCaseExecutor.java:281)
	at com.kms.katalon.core.main.TestSuiteExecutor.accessTestCaseMainPhase(TestSuiteExecutor.java:202)
	at com.kms.katalon.core.main.TestSuiteExecutor.accessTestSuiteMainPhase(TestSuiteExecutor.java:164)
	at com.kms.katalon.core.main.TestSuiteExecutor.execute(TestSuiteExecutor.java:105)
	at com.kms.katalon.core.main.TestCaseMain.startTestSuite(TestCaseMain.java:185)
	at com.kms.katalon.core.main.TestCaseMain$startTestSuite$0.call(Unknown Source)
	at TempTestSuite1658787923991.run(TempTestSuite1658787923991.groovy:36)
)

2022-07-25 18:29:04 - [TEST_STEP][PASSED] - closeBrowser(): Browser is closed

2022-07-25 18:29:05 - [MESSAGE][PASSED] - Browser is closed

2022-07-25 18:29:05 - [TEST_STEP][PASSED] - ExecuteTC = findTestData(dataFile).getValue("Execute", row): null

2022-07-25 18:29:05 - [TEST_STEP][PASSED] - out.println("Value of Execute is : " + ExecuteTC): null

2022-07-25 18:29:05 - [TEST_STEP][FAILED] - if (ExecuteTC.equalsIgnoreCase("Y")): null

2022-07-25 18:29:05 - [TEST_STEP][PASSED] - out.println("Begin Record Number: " + row): null

2022-07-25 18:29:05 - [TEST_STEP][PASSED] - adminSuiteBootstrap.loginFunctionality.login_AdminSuite(): adminSuiteBootstrap.loginFunctionality.login_AdminSuite is PASSED

2022-07-25 18:29:05 - [MESSAGE][INFO] - Starting 'Chrome' driver

2022-07-25 18:29:05 - [MESSAGE][INFO] - User set preference: ['acceptInsecureCerts', 'true']

2022-07-25 18:29:05 - [MESSAGE][INFO] - Action delay is set to 0 milliseconds

2022-07-25 18:29:08 - [MESSAGE][PASSED] - Browser is opened with url: 'https://qa.velocitypayment.com/admin/imtiaz'

2022-07-25 18:29:08 - [MESSAGE][PASSED] - Current window maximized

2022-07-25 18:29:09 - [MESSAGE][PASSED] - Object 'Object Repository/Login_Page/Login_Username' is present

2022-07-25 18:29:09 - [MESSAGE][PASSED] - Text 'iahmed' is set on object 'Object Repository/Login_Page/Login_Username'

2022-07-25 18:29:10 - [MESSAGE][PASSED] - Text 'hello2222' is set on object 'Object Repository/Login_Page/Login_Password'

2022-07-25 18:29:14 - [MESSAGE][PASSED] - Object: 'Object Repository/Login_Page/Login_Submit' is clicked on

2022-07-25 18:29:14 - [MESSAGE][PASSED] - adminSuiteBootstrap.loginFunctionality.login_AdminSuite is PASSED

2022-07-25 18:29:14 - [TEST_STEP][PASSED] - click(findTestObject(path_Dashboard + "a_Access User Management")): Object: 'Object Repository/AdminSuiteBootstrap_Pages/Dashboard_Bootstrap/a_Access User Management' is clicked on

2022-07-25 18:29:15 - [MESSAGE][PASSED] - Object: 'Object Repository/AdminSuiteBootstrap_Pages/Dashboard_Bootstrap/a_Access User Management' is clicked on

2022-07-25 18:29:15 - [TEST_STEP][PASSED] - click(findTestObject(path_Users + "a_Add User")): Object: 'Object Repository/AdminSuiteBootstrap_Pages/UM_Bootstrap/Users/a_Add User' is clicked on

2022-07-25 18:29:15 - [MESSAGE][PASSED] - Object: 'Object Repository/AdminSuiteBootstrap_Pages/UM_Bootstrap/Users/a_Add User' is clicked on

2022-07-25 18:29:15 - [TEST_STEP][PASSED] - buildUsername = pages.GenerateRandom.getRandomAlpha(): pages.GenerateRandom.getRandomAlpha is PASSED

2022-07-25 18:29:15 - [MESSAGE][PASSED] - pages.GenerateRandom.getRandomAlpha is PASSED

2022-07-25 18:29:15 - [TEST_STEP][PASSED] - prefixUsername = findTestData(dataFile).getValue("Username", row): null

2022-07-25 18:29:15 - [TEST_STEP][PASSED] - prefixOrMiddle = findTestData(dataFile).getValue("Prefix", row): null

2022-07-25 18:29:15 - [TEST_STEP][PASSED] - if (prefixOrMiddle.equalsIgnoreCase("Y")): null

2022-07-25 18:29:15 - [TEST_STEP][PASSED] - else if (prefixOrMiddle.equalsIgnoreCase("N")): null

2022-07-25 18:29:15 - [TEST_STEP][PASSED] - spUsername = buildUsername + prefixUsername + buildUsername: null

2022-07-25 18:29:15 - [TEST_STEP][PASSED] - setText(findTestObject(path_AddUser + "input_EmailAddress"), "iahmed@govolution.com"): Text 'iahmed@govolution.com' is set on object 'Object Repository/AdminSuiteBootstrap_Pages/UM_Bootstrap/AddUser/input_EmailAddress'

2022-07-25 18:29:16 - [MESSAGE][PASSED] - Text 'iahmed@govolution.com' is set on object 'Object Repository/AdminSuiteBootstrap_Pages/UM_Bootstrap/AddUser/input_EmailAddress'

2022-07-25 18:29:16 - [TEST_STEP][PASSED] - setText(findTestObject(path_AddUser + "input_Username"), spUsername): Text 'lPrgNNxqG-lPrgNNxqG' is set on object 'Object Repository/AdminSuiteBootstrap_Pages/UM_Bootstrap/AddUser/input_Username'

2022-07-25 18:29:17 - [MESSAGE][PASSED] - Text 'lPrgNNxqG-lPrgNNxqG' is set on object 'Object Repository/AdminSuiteBootstrap_Pages/UM_Bootstrap/AddUser/input_Username'

2022-07-25 18:29:17 - [TEST_STEP][PASSED] - setText(findTestObject(path_AddUser + "input_FirstName"), "Ashley"): Text 'Ashley' is set on object 'Object Repository/AdminSuiteBootstrap_Pages/UM_Bootstrap/AddUser/input_FirstName'

2022-07-25 18:29:17 - [MESSAGE][PASSED] - Text 'Ashley' is set on object 'Object Repository/AdminSuiteBootstrap_Pages/UM_Bootstrap/AddUser/input_FirstName'

2022-07-25 18:29:17 - [TEST_STEP][PASSED] - setText(findTestObject(path_AddUser + "input_LastName"), "Luka"): Text 'Luka' is set on object 'Object Repository/AdminSuiteBootstrap_Pages/UM_Bootstrap/AddUser/input_LastName'

2022-07-25 18:29:18 - [MESSAGE][PASSED] - Text 'Luka' is set on object 'Object Repository/AdminSuiteBootstrap_Pages/UM_Bootstrap/AddUser/input_LastName'

2022-07-25 18:29:18 - [TEST_STEP][PASSED] - setText(findTestObject(path_AddUser + "input_Password"), "hello6666"): Text 'hello6666' is set on object 'Object Repository/AdminSuiteBootstrap_Pages/UM_Bootstrap/AddUser/input_Password'

2022-07-25 18:29:19 - [MESSAGE][PASSED] - Text 'hello6666' is set on object 'Object Repository/AdminSuiteBootstrap_Pages/UM_Bootstrap/AddUser/input_Password'

2022-07-25 18:29:19 - [TEST_STEP][PASSED] - setText(findTestObject(path_AddUser + "input_ConfirmPassword"), "hello6666"): Text 'hello6666' is set on object 'Object Repository/AdminSuiteBootstrap_Pages/UM_Bootstrap/AddUser/input_ConfirmPassword'

2022-07-25 18:29:19 - [MESSAGE][PASSED] - Text 'hello6666' is set on object 'Object Repository/AdminSuiteBootstrap_Pages/UM_Bootstrap/AddUser/input_ConfirmPassword'

2022-07-25 18:29:19 - [TEST_STEP][PASSED] - check(findTestObject(path_AddUser + "input_No_lock")): Object 'Object Repository/AdminSuiteBootstrap_Pages/UM_Bootstrap/AddUser/input_No_lock' is checked

2022-07-25 18:29:20 - [MESSAGE][PASSED] - Object 'Object Repository/AdminSuiteBootstrap_Pages/UM_Bootstrap/AddUser/input_No_lock' is checked

2022-07-25 18:29:20 - [TEST_STEP][PASSED] - click(findTestObject(path_AddUser + "button_Create")): Object: 'Object Repository/AdminSuiteBootstrap_Pages/UM_Bootstrap/AddUser/button_Create' is clicked on

2022-07-25 18:29:21 - [MESSAGE][PASSED] - Object: 'Object Repository/AdminSuiteBootstrap_Pages/UM_Bootstrap/AddUser/button_Create' is clicked on

2022-07-25 18:29:21 - [TEST_STEP][PASSED] - verifyTextPresent("Error! Please provide the following required information as indicated below", true): Text 'Error! Please provide the following required information as indicated below' is present on page  using regular expression

2022-07-25 18:29:21 - [MESSAGE][PASSED] - Text 'Error! Please provide the following required information as indicated below' is present on page  using regular expression

2022-07-25 18:29:21 - [TEST_STEP][FAILED] - verifyTextPresent("Username may only be comprised of alphanumeric characters, the underscore "_" character, the at "@" symbol, and the period "."Username may only be comprised of alphanumeric characters, the underscore "_" character, the at "@" symbol, and the period "."", true): Text 'Username may only be comprised of alphanumeric characters, the underscore "_" character, the at "@" symbol, and the period "."Username may only be comprised of alphanumeric characters, the underscore "_" character, the at "@" symbol, and the period "."' is not present on page  using regular expression (Root cause: com.kms.katalon.core.exception.StepFailedException: Text 'Username may only be comprised of alphanumeric characters, the underscore "_" character, the at "@" symbol, and the period "."Username may only be comprised of alphanumeric characters, the underscore "_" character, the at "@" symbol, and the period "."' is not present on page  using regular expression
	at com.kms.katalon.core.webui.keyword.internal.WebUIKeywordMain.stepFailed(WebUIKeywordMain.groovy:64)
	at com.kms.katalon.core.webui.keyword.builtin.VerifyTextPresentKeyword$_verifyTextPresent_closure1.doCall(VerifyTextPresentKeyword.groovy:79)
	at com.kms.katalon.core.webui.keyword.builtin.VerifyTextPresentKeyword$_verifyTextPresent_closure1.call(VerifyTextPresentKeyword.groovy)
	at com.kms.katalon.core.webui.keyword.internal.WebUIKeywordMain.runKeyword(WebUIKeywordMain.groovy:20)
	at com.kms.katalon.core.webui.keyword.builtin.VerifyTextPresentKeyword.verifyTextPresent(VerifyTextPresentKeyword.groovy:83)
	at com.kms.katalon.core.webui.keyword.builtin.VerifyTextPresentKeyword.execute(VerifyTextPresentKeyword.groovy:68)
	at com.kms.katalon.core.keyword.internal.KeywordExecutor.executeKeywordForPlatform(KeywordExecutor.groovy:74)
	at com.kms.katalon.core.webui.keyword.WebUiBuiltInKeywords.verifyTextPresent(WebUiBuiltInKeywords.groovy:1723)
	at com.kms.katalon.core.webui.keyword.WebUiBuiltInKeywords$verifyTextPresent$5.call(Unknown Source)
	at AddUserSpecialCharError.run(AddUserSpecialCharError:97)
	at com.kms.katalon.core.main.ScriptEngine.run(ScriptEngine.java:194)
	at com.kms.katalon.core.main.ScriptEngine.runScriptAsRawText(ScriptEngine.java:119)
	at com.kms.katalon.core.main.TestCaseExecutor.runScript(TestCaseExecutor.java:442)
	at com.kms.katalon.core.main.TestCaseExecutor.doExecute(TestCaseExecutor.java:433)
	at com.kms.katalon.core.main.TestCaseExecutor.processExecutionPhase(TestCaseExecutor.java:412)
	at com.kms.katalon.core.main.TestCaseExecutor.accessMainPhase(TestCaseExecutor.java:404)
	at com.kms.katalon.core.main.TestCaseExecutor.execute(TestCaseExecutor.java:281)
	at com.kms.katalon.core.main.TestSuiteExecutor.accessTestCaseMainPhase(TestSuiteExecutor.java:202)
	at com.kms.katalon.core.main.TestSuiteExecutor.accessTestSuiteMainPhase(TestSuiteExecutor.java:164)
	at com.kms.katalon.core.main.TestSuiteExecutor.execute(TestSuiteExecutor.java:105)
	at com.kms.katalon.core.main.TestCaseMain.startTestSuite(TestCaseMain.java:185)
	at com.kms.katalon.core.main.TestCaseMain$startTestSuite$0.call(Unknown Source)
	at TempTestSuite1658787923991.run(TempTestSuite1658787923991.groovy:36)
)

2022-07-25 18:29:21 - [MESSAGE][FAILED] - Text 'Username may only be comprised of alphanumeric characters, the underscore "_" character, the at "@" symbol, and the period "."Username may only be comprised of alphanumeric characters, the underscore "_" character, the at "@" symbol, and the period "."' is not present on page  using regular expression (Root cause: com.kms.katalon.core.exception.StepFailedException: Text 'Username may only be comprised of alphanumeric characters, the underscore "_" character, the at "@" symbol, and the period "."Username may only be comprised of alphanumeric characters, the underscore "_" character, the at "@" symbol, and the period "."' is not present on page  using regular expression
	at com.kms.katalon.core.webui.keyword.internal.WebUIKeywordMain.stepFailed(WebUIKeywordMain.groovy:64)
	at com.kms.katalon.core.webui.keyword.builtin.VerifyTextPresentKeyword$_verifyTextPresent_closure1.doCall(VerifyTextPresentKeyword.groovy:79)
	at com.kms.katalon.core.webui.keyword.builtin.VerifyTextPresentKeyword$_verifyTextPresent_closure1.call(VerifyTextPresentKeyword.groovy)
	at com.kms.katalon.core.webui.keyword.internal.WebUIKeywordMain.runKeyword(WebUIKeywordMain.groovy:20)
	at com.kms.katalon.core.webui.keyword.builtin.VerifyTextPresentKeyword.verifyTextPresent(VerifyTextPresentKeyword.groovy:83)
	at com.kms.katalon.core.webui.keyword.builtin.VerifyTextPresentKeyword.execute(VerifyTextPresentKeyword.groovy:68)
	at com.kms.katalon.core.keyword.internal.KeywordExecutor.executeKeywordForPlatform(KeywordExecutor.groovy:74)
	at com.kms.katalon.core.webui.keyword.WebUiBuiltInKeywords.verifyTextPresent(WebUiBuiltInKeywords.groovy:1723)
	at com.kms.katalon.core.webui.keyword.WebUiBuiltInKeywords$verifyTextPresent$5.call(Unknown Source)
	at AddUserSpecialCharError.run(AddUserSpecialCharError:97)
	at com.kms.katalon.core.main.ScriptEngine.run(ScriptEngine.java:194)
	at com.kms.katalon.core.main.ScriptEngine.runScriptAsRawText(ScriptEngine.java:119)
	at com.kms.katalon.core.main.TestCaseExecutor.runScript(TestCaseExecutor.java:442)
	at com.kms.katalon.core.main.TestCaseExecutor.doExecute(TestCaseExecutor.java:433)
	at com.kms.katalon.core.main.TestCaseExecutor.processExecutionPhase(TestCaseExecutor.java:412)
	at com.kms.katalon.core.main.TestCaseExecutor.accessMainPhase(TestCaseExecutor.java:404)
	at com.kms.katalon.core.main.TestCaseExecutor.execute(TestCaseExecutor.java:281)
	at com.kms.katalon.core.main.TestSuiteExecutor.accessTestCaseMainPhase(TestSuiteExecutor.java:202)
	at com.kms.katalon.core.main.TestSuiteExecutor.accessTestSuiteMainPhase(TestSuiteExecutor.java:164)
	at com.kms.katalon.core.main.TestSuiteExecutor.execute(TestSuiteExecutor.java:105)
	at com.kms.katalon.core.main.TestCaseMain.startTestSuite(TestCaseMain.java:185)
	at com.kms.katalon.core.main.TestCaseMain$startTestSuite$0.call(Unknown Source)
	at TempTestSuite1658787923991.run(TempTestSuite1658787923991.groovy:36)
)

2022-07-25 18:29:21 - [TEST_STEP][PASSED] - closeBrowser(): Browser is closed

2022-07-25 18:29:22 - [MESSAGE][PASSED] - Browser is closed

2022-07-25 18:29:22 - [TEST_STEP][PASSED] - ExecuteTC = findTestData(dataFile).getValue("Execute", row): null

2022-07-25 18:29:22 - [TEST_STEP][PASSED] - out.println("Value of Execute is : " + ExecuteTC): null

2022-07-25 18:29:22 - [TEST_STEP][FAILED] - if (ExecuteTC.equalsIgnoreCase("Y")): null

2022-07-25 18:29:22 - [TEST_STEP][PASSED] - out.println("Begin Record Number: " + row): null

2022-07-25 18:29:22 - [TEST_STEP][PASSED] - adminSuiteBootstrap.loginFunctionality.login_AdminSuite(): adminSuiteBootstrap.loginFunctionality.login_AdminSuite is PASSED

2022-07-25 18:29:22 - [MESSAGE][INFO] - Starting 'Chrome' driver

2022-07-25 18:29:22 - [MESSAGE][INFO] - User set preference: ['acceptInsecureCerts', 'true']

2022-07-25 18:29:22 - [MESSAGE][INFO] - Action delay is set to 0 milliseconds

2022-07-25 18:29:26 - [MESSAGE][PASSED] - Browser is opened with url: 'https://qa.velocitypayment.com/admin/imtiaz'

2022-07-25 18:29:26 - [MESSAGE][PASSED] - Current window maximized

2022-07-25 18:29:27 - [MESSAGE][PASSED] - Object 'Object Repository/Login_Page/Login_Username' is present

2022-07-25 18:29:27 - [MESSAGE][PASSED] - Text 'iahmed' is set on object 'Object Repository/Login_Page/Login_Username'

2022-07-25 18:29:28 - [MESSAGE][PASSED] - Text 'hello2222' is set on object 'Object Repository/Login_Page/Login_Password'

2022-07-25 18:29:32 - [MESSAGE][PASSED] - Object: 'Object Repository/Login_Page/Login_Submit' is clicked on

2022-07-25 18:29:32 - [MESSAGE][PASSED] - adminSuiteBootstrap.loginFunctionality.login_AdminSuite is PASSED

2022-07-25 18:29:32 - [TEST_STEP][PASSED] - click(findTestObject(path_Dashboard + "a_Access User Management")): Object: 'Object Repository/AdminSuiteBootstrap_Pages/Dashboard_Bootstrap/a_Access User Management' is clicked on

2022-07-25 18:29:33 - [MESSAGE][PASSED] - Object: 'Object Repository/AdminSuiteBootstrap_Pages/Dashboard_Bootstrap/a_Access User Management' is clicked on

2022-07-25 18:29:33 - [TEST_STEP][PASSED] - click(findTestObject(path_Users + "a_Add User")): Object: 'Object Repository/AdminSuiteBootstrap_Pages/UM_Bootstrap/Users/a_Add User' is clicked on

2022-07-25 18:29:34 - [MESSAGE][PASSED] - Object: 'Object Repository/AdminSuiteBootstrap_Pages/UM_Bootstrap/Users/a_Add User' is clicked on

2022-07-25 18:29:34 - [TEST_STEP][PASSED] - buildUsername = pages.GenerateRandom.getRandomAlpha(): pages.GenerateRandom.getRandomAlpha is PASSED

2022-07-25 18:29:34 - [MESSAGE][PASSED] - pages.GenerateRandom.getRandomAlpha is PASSED

2022-07-25 18:29:34 - [TEST_STEP][PASSED] - prefixUsername = findTestData(dataFile).getValue("Username", row): null

2022-07-25 18:29:34 - [TEST_STEP][PASSED] - prefixOrMiddle = findTestData(dataFile).getValue("Prefix", row): null

2022-07-25 18:29:34 - [TEST_STEP][PASSED] - if (prefixOrMiddle.equalsIgnoreCase("Y")): null

2022-07-25 18:29:34 - [TEST_STEP][PASSED] - else if (prefixOrMiddle.equalsIgnoreCase("N")): null

2022-07-25 18:29:34 - [TEST_STEP][PASSED] - spUsername = buildUsername + prefixUsername + buildUsername: null

2022-07-25 18:29:34 - [TEST_STEP][PASSED] - setText(findTestObject(path_AddUser + "input_EmailAddress"), "iahmed@govolution.com"): Text 'iahmed@govolution.com' is set on object 'Object Repository/AdminSuiteBootstrap_Pages/UM_Bootstrap/AddUser/input_EmailAddress'

2022-07-25 18:29:35 - [MESSAGE][PASSED] - Text 'iahmed@govolution.com' is set on object 'Object Repository/AdminSuiteBootstrap_Pages/UM_Bootstrap/AddUser/input_EmailAddress'

2022-07-25 18:29:35 - [TEST_STEP][PASSED] - setText(findTestObject(path_AddUser + "input_Username"), spUsername): Text 'kIWUQyBBI+kIWUQyBBI' is set on object 'Object Repository/AdminSuiteBootstrap_Pages/UM_Bootstrap/AddUser/input_Username'

2022-07-25 18:29:35 - [MESSAGE][PASSED] - Text 'kIWUQyBBI+kIWUQyBBI' is set on object 'Object Repository/AdminSuiteBootstrap_Pages/UM_Bootstrap/AddUser/input_Username'

2022-07-25 18:29:35 - [TEST_STEP][PASSED] - setText(findTestObject(path_AddUser + "input_FirstName"), "Ashley"): Text 'Ashley' is set on object 'Object Repository/AdminSuiteBootstrap_Pages/UM_Bootstrap/AddUser/input_FirstName'

2022-07-25 18:29:36 - [MESSAGE][PASSED] - Text 'Ashley' is set on object 'Object Repository/AdminSuiteBootstrap_Pages/UM_Bootstrap/AddUser/input_FirstName'

2022-07-25 18:29:36 - [TEST_STEP][PASSED] - setText(findTestObject(path_AddUser + "input_LastName"), "Luka"): Text 'Luka' is set on object 'Object Repository/AdminSuiteBootstrap_Pages/UM_Bootstrap/AddUser/input_LastName'

2022-07-25 18:29:37 - [MESSAGE][PASSED] - Text 'Luka' is set on object 'Object Repository/AdminSuiteBootstrap_Pages/UM_Bootstrap/AddUser/input_LastName'

2022-07-25 18:29:37 - [TEST_STEP][PASSED] - setText(findTestObject(path_AddUser + "input_Password"), "hello6666"): Text 'hello6666' is set on object 'Object Repository/AdminSuiteBootstrap_Pages/UM_Bootstrap/AddUser/input_Password'

2022-07-25 18:29:37 - [MESSAGE][PASSED] - Text 'hello6666' is set on object 'Object Repository/AdminSuiteBootstrap_Pages/UM_Bootstrap/AddUser/input_Password'

2022-07-25 18:29:37 - [TEST_STEP][PASSED] - setText(findTestObject(path_AddUser + "input_ConfirmPassword"), "hello6666"): Text 'hello6666' is set on object 'Object Repository/AdminSuiteBootstrap_Pages/UM_Bootstrap/AddUser/input_ConfirmPassword'

2022-07-25 18:29:38 - [MESSAGE][PASSED] - Text 'hello6666' is set on object 'Object Repository/AdminSuiteBootstrap_Pages/UM_Bootstrap/AddUser/input_ConfirmPassword'

2022-07-25 18:29:38 - [TEST_STEP][PASSED] - check(findTestObject(path_AddUser + "input_No_lock")): Object 'Object Repository/AdminSuiteBootstrap_Pages/UM_Bootstrap/AddUser/input_No_lock' is checked

2022-07-25 18:29:38 - [MESSAGE][PASSED] - Object 'Object Repository/AdminSuiteBootstrap_Pages/UM_Bootstrap/AddUser/input_No_lock' is checked

2022-07-25 18:29:38 - [TEST_STEP][PASSED] - click(findTestObject(path_AddUser + "button_Create")): Object: 'Object Repository/AdminSuiteBootstrap_Pages/UM_Bootstrap/AddUser/button_Create' is clicked on

2022-07-25 18:29:40 - [MESSAGE][PASSED] - Object: 'Object Repository/AdminSuiteBootstrap_Pages/UM_Bootstrap/AddUser/button_Create' is clicked on

2022-07-25 18:29:40 - [TEST_STEP][PASSED] - verifyTextPresent("Error! Please provide the following required information as indicated below", true): Text 'Error! Please provide the following required information as indicated below' is present on page  using regular expression

2022-07-25 18:29:40 - [MESSAGE][PASSED] - Text 'Error! Please provide the following required information as indicated below' is present on page  using regular expression

2022-07-25 18:29:40 - [TEST_STEP][FAILED] - verifyTextPresent("Username may only be comprised of alphanumeric characters, the underscore "_" character, the at "@" symbol, and the period "."Username may only be comprised of alphanumeric characters, the underscore "_" character, the at "@" symbol, and the period "."", true): Text 'Username may only be comprised of alphanumeric characters, the underscore "_" character, the at "@" symbol, and the period "."Username may only be comprised of alphanumeric characters, the underscore "_" character, the at "@" symbol, and the period "."' is not present on page  using regular expression (Root cause: com.kms.katalon.core.exception.StepFailedException: Text 'Username may only be comprised of alphanumeric characters, the underscore "_" character, the at "@" symbol, and the period "."Username may only be comprised of alphanumeric characters, the underscore "_" character, the at "@" symbol, and the period "."' is not present on page  using regular expression
	at com.kms.katalon.core.webui.keyword.internal.WebUIKeywordMain.stepFailed(WebUIKeywordMain.groovy:64)
	at com.kms.katalon.core.webui.keyword.builtin.VerifyTextPresentKeyword$_verifyTextPresent_closure1.doCall(VerifyTextPresentKeyword.groovy:79)
	at com.kms.katalon.core.webui.keyword.builtin.VerifyTextPresentKeyword$_verifyTextPresent_closure1.call(VerifyTextPresentKeyword.groovy)
	at com.kms.katalon.core.webui.keyword.internal.WebUIKeywordMain.runKeyword(WebUIKeywordMain.groovy:20)
	at com.kms.katalon.core.webui.keyword.builtin.VerifyTextPresentKeyword.verifyTextPresent(VerifyTextPresentKeyword.groovy:83)
	at com.kms.katalon.core.webui.keyword.builtin.VerifyTextPresentKeyword.execute(VerifyTextPresentKeyword.groovy:68)
	at com.kms.katalon.core.keyword.internal.KeywordExecutor.executeKeywordForPlatform(KeywordExecutor.groovy:74)
	at com.kms.katalon.core.webui.keyword.WebUiBuiltInKeywords.verifyTextPresent(WebUiBuiltInKeywords.groovy:1723)
	at com.kms.katalon.core.webui.keyword.WebUiBuiltInKeywords$verifyTextPresent$5.call(Unknown Source)
	at AddUserSpecialCharError.run(AddUserSpecialCharError:97)
	at com.kms.katalon.core.main.ScriptEngine.run(ScriptEngine.java:194)
	at com.kms.katalon.core.main.ScriptEngine.runScriptAsRawText(ScriptEngine.java:119)
	at com.kms.katalon.core.main.TestCaseExecutor.runScript(TestCaseExecutor.java:442)
	at com.kms.katalon.core.main.TestCaseExecutor.doExecute(TestCaseExecutor.java:433)
	at com.kms.katalon.core.main.TestCaseExecutor.processExecutionPhase(TestCaseExecutor.java:412)
	at com.kms.katalon.core.main.TestCaseExecutor.accessMainPhase(TestCaseExecutor.java:404)
	at com.kms.katalon.core.main.TestCaseExecutor.execute(TestCaseExecutor.java:281)
	at com.kms.katalon.core.main.TestSuiteExecutor.accessTestCaseMainPhase(TestSuiteExecutor.java:202)
	at com.kms.katalon.core.main.TestSuiteExecutor.accessTestSuiteMainPhase(TestSuiteExecutor.java:164)
	at com.kms.katalon.core.main.TestSuiteExecutor.execute(TestSuiteExecutor.java:105)
	at com.kms.katalon.core.main.TestCaseMain.startTestSuite(TestCaseMain.java:185)
	at com.kms.katalon.core.main.TestCaseMain$startTestSuite$0.call(Unknown Source)
	at TempTestSuite1658787923991.run(TempTestSuite1658787923991.groovy:36)
)

2022-07-25 18:29:40 - [MESSAGE][FAILED] - Text 'Username may only be comprised of alphanumeric characters, the underscore "_" character, the at "@" symbol, and the period "."Username may only be comprised of alphanumeric characters, the underscore "_" character, the at "@" symbol, and the period "."' is not present on page  using regular expression (Root cause: com.kms.katalon.core.exception.StepFailedException: Text 'Username may only be comprised of alphanumeric characters, the underscore "_" character, the at "@" symbol, and the period "."Username may only be comprised of alphanumeric characters, the underscore "_" character, the at "@" symbol, and the period "."' is not present on page  using regular expression
	at com.kms.katalon.core.webui.keyword.internal.WebUIKeywordMain.stepFailed(WebUIKeywordMain.groovy:64)
	at com.kms.katalon.core.webui.keyword.builtin.VerifyTextPresentKeyword$_verifyTextPresent_closure1.doCall(VerifyTextPresentKeyword.groovy:79)
	at com.kms.katalon.core.webui.keyword.builtin.VerifyTextPresentKeyword$_verifyTextPresent_closure1.call(VerifyTextPresentKeyword.groovy)
	at com.kms.katalon.core.webui.keyword.internal.WebUIKeywordMain.runKeyword(WebUIKeywordMain.groovy:20)
	at com.kms.katalon.core.webui.keyword.builtin.VerifyTextPresentKeyword.verifyTextPresent(VerifyTextPresentKeyword.groovy:83)
	at com.kms.katalon.core.webui.keyword.builtin.VerifyTextPresentKeyword.execute(VerifyTextPresentKeyword.groovy:68)
	at com.kms.katalon.core.keyword.internal.KeywordExecutor.executeKeywordForPlatform(KeywordExecutor.groovy:74)
	at com.kms.katalon.core.webui.keyword.WebUiBuiltInKeywords.verifyTextPresent(WebUiBuiltInKeywords.groovy:1723)
	at com.kms.katalon.core.webui.keyword.WebUiBuiltInKeywords$verifyTextPresent$5.call(Unknown Source)
	at AddUserSpecialCharError.run(AddUserSpecialCharError:97)
	at com.kms.katalon.core.main.ScriptEngine.run(ScriptEngine.java:194)
	at com.kms.katalon.core.main.ScriptEngine.runScriptAsRawText(ScriptEngine.java:119)
	at com.kms.katalon.core.main.TestCaseExecutor.runScript(TestCaseExecutor.java:442)
	at com.kms.katalon.core.main.TestCaseExecutor.doExecute(TestCaseExecutor.java:433)
	at com.kms.katalon.core.main.TestCaseExecutor.processExecutionPhase(TestCaseExecutor.java:412)
	at com.kms.katalon.core.main.TestCaseExecutor.accessMainPhase(TestCaseExecutor.java:404)
	at com.kms.katalon.core.main.TestCaseExecutor.execute(TestCaseExecutor.java:281)
	at com.kms.katalon.core.main.TestSuiteExecutor.accessTestCaseMainPhase(TestSuiteExecutor.java:202)
	at com.kms.katalon.core.main.TestSuiteExecutor.accessTestSuiteMainPhase(TestSuiteExecutor.java:164)
	at com.kms.katalon.core.main.TestSuiteExecutor.execute(TestSuiteExecutor.java:105)
	at com.kms.katalon.core.main.TestCaseMain.startTestSuite(TestCaseMain.java:185)
	at com.kms.katalon.core.main.TestCaseMain$startTestSuite$0.call(Unknown Source)
	at TempTestSuite1658787923991.run(TempTestSuite1658787923991.groovy:36)
)

2022-07-25 18:29:40 - [TEST_STEP][PASSED] - closeBrowser(): Browser is closed

2022-07-25 18:29:41 - [MESSAGE][PASSED] - Browser is closed

2022-07-25 18:29:41 - [TEST_STEP][PASSED] - ExecuteTC = findTestData(dataFile).getValue("Execute", row): null

2022-07-25 18:29:41 - [TEST_STEP][PASSED] - out.println("Value of Execute is : " + ExecuteTC): null

2022-07-25 18:29:41 - [TEST_STEP][FAILED] - if (ExecuteTC.equalsIgnoreCase("Y")): null

2022-07-25 18:29:41 - [TEST_STEP][PASSED] - out.println("Begin Record Number: " + row): null

2022-07-25 18:29:41 - [TEST_STEP][PASSED] - adminSuiteBootstrap.loginFunctionality.login_AdminSuite(): adminSuiteBootstrap.loginFunctionality.login_AdminSuite is PASSED

2022-07-25 18:29:41 - [MESSAGE][INFO] - Starting 'Chrome' driver

2022-07-25 18:29:41 - [MESSAGE][INFO] - User set preference: ['acceptInsecureCerts', 'true']

2022-07-25 18:29:41 - [MESSAGE][INFO] - Action delay is set to 0 milliseconds

2022-07-25 18:29:45 - [MESSAGE][PASSED] - Browser is opened with url: 'https://qa.velocitypayment.com/admin/imtiaz'

2022-07-25 18:29:45 - [MESSAGE][PASSED] - Current window maximized

2022-07-25 18:29:45 - [MESSAGE][PASSED] - Object 'Object Repository/Login_Page/Login_Username' is present

2022-07-25 18:29:46 - [MESSAGE][PASSED] - Text 'iahmed' is set on object 'Object Repository/Login_Page/Login_Username'

2022-07-25 18:29:46 - [MESSAGE][PASSED] - Text 'hello2222' is set on object 'Object Repository/Login_Page/Login_Password'

2022-07-25 18:29:51 - [MESSAGE][PASSED] - Object: 'Object Repository/Login_Page/Login_Submit' is clicked on

2022-07-25 18:29:51 - [MESSAGE][PASSED] - adminSuiteBootstrap.loginFunctionality.login_AdminSuite is PASSED

2022-07-25 18:29:51 - [TEST_STEP][PASSED] - click(findTestObject(path_Dashboard + "a_Access User Management")): Object: 'Object Repository/AdminSuiteBootstrap_Pages/Dashboard_Bootstrap/a_Access User Management' is clicked on

2022-07-25 18:29:52 - [MESSAGE][PASSED] - Object: 'Object Repository/AdminSuiteBootstrap_Pages/Dashboard_Bootstrap/a_Access User Management' is clicked on

2022-07-25 18:29:52 - [TEST_STEP][PASSED] - click(findTestObject(path_Users + "a_Add User")): Object: 'Object Repository/AdminSuiteBootstrap_Pages/UM_Bootstrap/Users/a_Add User' is clicked on

2022-07-25 18:29:52 - [MESSAGE][PASSED] - Object: 'Object Repository/AdminSuiteBootstrap_Pages/UM_Bootstrap/Users/a_Add User' is clicked on

2022-07-25 18:29:52 - [TEST_STEP][PASSED] - buildUsername = pages.GenerateRandom.getRandomAlpha(): pages.GenerateRandom.getRandomAlpha is PASSED

2022-07-25 18:29:52 - [MESSAGE][PASSED] - pages.GenerateRandom.getRandomAlpha is PASSED

2022-07-25 18:29:52 - [TEST_STEP][PASSED] - prefixUsername = findTestData(dataFile).getValue("Username", row): null

2022-07-25 18:29:52 - [TEST_STEP][PASSED] - prefixOrMiddle = findTestData(dataFile).getValue("Prefix", row): null

2022-07-25 18:29:52 - [TEST_STEP][PASSED] - if (prefixOrMiddle.equalsIgnoreCase("Y")): null

2022-07-25 18:29:52 - [TEST_STEP][PASSED] - else if (prefixOrMiddle.equalsIgnoreCase("N")): null

2022-07-25 18:29:52 - [TEST_STEP][PASSED] - spUsername = buildUsername + prefixUsername + buildUsername: null

2022-07-25 18:29:52 - [TEST_STEP][PASSED] - setText(findTestObject(path_AddUser + "input_EmailAddress"), "iahmed@govolution.com"): Text 'iahmed@govolution.com' is set on object 'Object Repository/AdminSuiteBootstrap_Pages/UM_Bootstrap/AddUser/input_EmailAddress'

2022-07-25 18:29:53 - [MESSAGE][PASSED] - Text 'iahmed@govolution.com' is set on object 'Object Repository/AdminSuiteBootstrap_Pages/UM_Bootstrap/AddUser/input_EmailAddress'

2022-07-25 18:29:53 - [TEST_STEP][PASSED] - setText(findTestObject(path_AddUser + "input_Username"), spUsername): Text 'WNDzgyQqW@WNDzgyQqW' is set on object 'Object Repository/AdminSuiteBootstrap_Pages/UM_Bootstrap/AddUser/input_Username'

2022-07-25 18:29:54 - [MESSAGE][PASSED] - Text 'WNDzgyQqW@WNDzgyQqW' is set on object 'Object Repository/AdminSuiteBootstrap_Pages/UM_Bootstrap/AddUser/input_Username'

2022-07-25 18:29:54 - [TEST_STEP][PASSED] - setText(findTestObject(path_AddUser + "input_FirstName"), "Ashley"): Text 'Ashley' is set on object 'Object Repository/AdminSuiteBootstrap_Pages/UM_Bootstrap/AddUser/input_FirstName'

2022-07-25 18:29:54 - [MESSAGE][PASSED] - Text 'Ashley' is set on object 'Object Repository/AdminSuiteBootstrap_Pages/UM_Bootstrap/AddUser/input_FirstName'

2022-07-25 18:29:54 - [TEST_STEP][PASSED] - setText(findTestObject(path_AddUser + "input_LastName"), "Luka"): Text 'Luka' is set on object 'Object Repository/AdminSuiteBootstrap_Pages/UM_Bootstrap/AddUser/input_LastName'

2022-07-25 18:29:55 - [MESSAGE][PASSED] - Text 'Luka' is set on object 'Object Repository/AdminSuiteBootstrap_Pages/UM_Bootstrap/AddUser/input_LastName'

2022-07-25 18:29:55 - [TEST_STEP][PASSED] - setText(findTestObject(path_AddUser + "input_Password"), "hello6666"): Text 'hello6666' is set on object 'Object Repository/AdminSuiteBootstrap_Pages/UM_Bootstrap/AddUser/input_Password'

2022-07-25 18:29:56 - [MESSAGE][PASSED] - Text 'hello6666' is set on object 'Object Repository/AdminSuiteBootstrap_Pages/UM_Bootstrap/AddUser/input_Password'

2022-07-25 18:29:56 - [TEST_STEP][PASSED] - setText(findTestObject(path_AddUser + "input_ConfirmPassword"), "hello6666"): Text 'hello6666' is set on object 'Object Repository/AdminSuiteBootstrap_Pages/UM_Bootstrap/AddUser/input_ConfirmPassword'

2022-07-25 18:29:56 - [MESSAGE][PASSED] - Text 'hello6666' is set on object 'Object Repository/AdminSuiteBootstrap_Pages/UM_Bootstrap/AddUser/input_ConfirmPassword'

2022-07-25 18:29:56 - [TEST_STEP][PASSED] - check(findTestObject(path_AddUser + "input_No_lock")): Object 'Object Repository/AdminSuiteBootstrap_Pages/UM_Bootstrap/AddUser/input_No_lock' is checked

2022-07-25 18:29:57 - [MESSAGE][PASSED] - Object 'Object Repository/AdminSuiteBootstrap_Pages/UM_Bootstrap/AddUser/input_No_lock' is checked

2022-07-25 18:29:57 - [TEST_STEP][PASSED] - click(findTestObject(path_AddUser + "button_Create")): Object: 'Object Repository/AdminSuiteBootstrap_Pages/UM_Bootstrap/AddUser/button_Create' is clicked on

2022-07-25 18:29:58 - [MESSAGE][PASSED] - Object: 'Object Repository/AdminSuiteBootstrap_Pages/UM_Bootstrap/AddUser/button_Create' is clicked on

2022-07-25 18:29:58 - [TEST_STEP][PASSED] - verifyTextPresent("Error! Please provide the following required information as indicated below", true): Text 'Error! Please provide the following required information as indicated below' is present on page  using regular expression

2022-07-25 18:29:58 - [MESSAGE][PASSED] - Text 'Error! Please provide the following required information as indicated below' is present on page  using regular expression

2022-07-25 18:29:58 - [TEST_STEP][FAILED] - verifyTextPresent("Username may only be comprised of alphanumeric characters, the underscore "_" character, the at "@" symbol, and the period "."Username may only be comprised of alphanumeric characters, the underscore "_" character, the at "@" symbol, and the period "."", true): Text 'Username may only be comprised of alphanumeric characters, the underscore "_" character, the at "@" symbol, and the period "."Username may only be comprised of alphanumeric characters, the underscore "_" character, the at "@" symbol, and the period "."' is not present on page  using regular expression (Root cause: com.kms.katalon.core.exception.StepFailedException: Text 'Username may only be comprised of alphanumeric characters, the underscore "_" character, the at "@" symbol, and the period "."Username may only be comprised of alphanumeric characters, the underscore "_" character, the at "@" symbol, and the period "."' is not present on page  using regular expression
	at com.kms.katalon.core.webui.keyword.internal.WebUIKeywordMain.stepFailed(WebUIKeywordMain.groovy:64)
	at com.kms.katalon.core.webui.keyword.builtin.VerifyTextPresentKeyword$_verifyTextPresent_closure1.doCall(VerifyTextPresentKeyword.groovy:79)
	at com.kms.katalon.core.webui.keyword.builtin.VerifyTextPresentKeyword$_verifyTextPresent_closure1.call(VerifyTextPresentKeyword.groovy)
	at com.kms.katalon.core.webui.keyword.internal.WebUIKeywordMain.runKeyword(WebUIKeywordMain.groovy:20)
	at com.kms.katalon.core.webui.keyword.builtin.VerifyTextPresentKeyword.verifyTextPresent(VerifyTextPresentKeyword.groovy:83)
	at com.kms.katalon.core.webui.keyword.builtin.VerifyTextPresentKeyword.execute(VerifyTextPresentKeyword.groovy:68)
	at com.kms.katalon.core.keyword.internal.KeywordExecutor.executeKeywordForPlatform(KeywordExecutor.groovy:74)
	at com.kms.katalon.core.webui.keyword.WebUiBuiltInKeywords.verifyTextPresent(WebUiBuiltInKeywords.groovy:1723)
	at com.kms.katalon.core.webui.keyword.WebUiBuiltInKeywords$verifyTextPresent$5.call(Unknown Source)
	at AddUserSpecialCharError.run(AddUserSpecialCharError:97)
	at com.kms.katalon.core.main.ScriptEngine.run(ScriptEngine.java:194)
	at com.kms.katalon.core.main.ScriptEngine.runScriptAsRawText(ScriptEngine.java:119)
	at com.kms.katalon.core.main.TestCaseExecutor.runScript(TestCaseExecutor.java:442)
	at com.kms.katalon.core.main.TestCaseExecutor.doExecute(TestCaseExecutor.java:433)
	at com.kms.katalon.core.main.TestCaseExecutor.processExecutionPhase(TestCaseExecutor.java:412)
	at com.kms.katalon.core.main.TestCaseExecutor.accessMainPhase(TestCaseExecutor.java:404)
	at com.kms.katalon.core.main.TestCaseExecutor.execute(TestCaseExecutor.java:281)
	at com.kms.katalon.core.main.TestSuiteExecutor.accessTestCaseMainPhase(TestSuiteExecutor.java:202)
	at com.kms.katalon.core.main.TestSuiteExecutor.accessTestSuiteMainPhase(TestSuiteExecutor.java:164)
	at com.kms.katalon.core.main.TestSuiteExecutor.execute(TestSuiteExecutor.java:105)
	at com.kms.katalon.core.main.TestCaseMain.startTestSuite(TestCaseMain.java:185)
	at com.kms.katalon.core.main.TestCaseMain$startTestSuite$0.call(Unknown Source)
	at TempTestSuite1658787923991.run(TempTestSuite1658787923991.groovy:36)
)

2022-07-25 18:29:59 - [MESSAGE][FAILED] - Text 'Username may only be comprised of alphanumeric characters, the underscore "_" character, the at "@" symbol, and the period "."Username may only be comprised of alphanumeric characters, the underscore "_" character, the at "@" symbol, and the period "."' is not present on page  using regular expression (Root cause: com.kms.katalon.core.exception.StepFailedException: Text 'Username may only be comprised of alphanumeric characters, the underscore "_" character, the at "@" symbol, and the period "."Username may only be comprised of alphanumeric characters, the underscore "_" character, the at "@" symbol, and the period "."' is not present on page  using regular expression
	at com.kms.katalon.core.webui.keyword.internal.WebUIKeywordMain.stepFailed(WebUIKeywordMain.groovy:64)
	at com.kms.katalon.core.webui.keyword.builtin.VerifyTextPresentKeyword$_verifyTextPresent_closure1.doCall(VerifyTextPresentKeyword.groovy:79)
	at com.kms.katalon.core.webui.keyword.builtin.VerifyTextPresentKeyword$_verifyTextPresent_closure1.call(VerifyTextPresentKeyword.groovy)
	at com.kms.katalon.core.webui.keyword.internal.WebUIKeywordMain.runKeyword(WebUIKeywordMain.groovy:20)
	at com.kms.katalon.core.webui.keyword.builtin.VerifyTextPresentKeyword.verifyTextPresent(VerifyTextPresentKeyword.groovy:83)
	at com.kms.katalon.core.webui.keyword.builtin.VerifyTextPresentKeyword.execute(VerifyTextPresentKeyword.groovy:68)
	at com.kms.katalon.core.keyword.internal.KeywordExecutor.executeKeywordForPlatform(KeywordExecutor.groovy:74)
	at com.kms.katalon.core.webui.keyword.WebUiBuiltInKeywords.verifyTextPresent(WebUiBuiltInKeywords.groovy:1723)
	at com.kms.katalon.core.webui.keyword.WebUiBuiltInKeywords$verifyTextPresent$5.call(Unknown Source)
	at AddUserSpecialCharError.run(AddUserSpecialCharError:97)
	at com.kms.katalon.core.main.ScriptEngine.run(ScriptEngine.java:194)
	at com.kms.katalon.core.main.ScriptEngine.runScriptAsRawText(ScriptEngine.java:119)
	at com.kms.katalon.core.main.TestCaseExecutor.runScript(TestCaseExecutor.java:442)
	at com.kms.katalon.core.main.TestCaseExecutor.doExecute(TestCaseExecutor.java:433)
	at com.kms.katalon.core.main.TestCaseExecutor.processExecutionPhase(TestCaseExecutor.java:412)
	at com.kms.katalon.core.main.TestCaseExecutor.accessMainPhase(TestCaseExecutor.java:404)
	at com.kms.katalon.core.main.TestCaseExecutor.execute(TestCaseExecutor.java:281)
	at com.kms.katalon.core.main.TestSuiteExecutor.accessTestCaseMainPhase(TestSuiteExecutor.java:202)
	at com.kms.katalon.core.main.TestSuiteExecutor.accessTestSuiteMainPhase(TestSuiteExecutor.java:164)
	at com.kms.katalon.core.main.TestSuiteExecutor.execute(TestSuiteExecutor.java:105)
	at com.kms.katalon.core.main.TestCaseMain.startTestSuite(TestCaseMain.java:185)
	at com.kms.katalon.core.main.TestCaseMain$startTestSuite$0.call(Unknown Source)
	at TempTestSuite1658787923991.run(TempTestSuite1658787923991.groovy:36)
)

2022-07-25 18:29:59 - [TEST_STEP][PASSED] - closeBrowser(): Browser is closed

2022-07-25 18:30:00 - [MESSAGE][PASSED] - Browser is closed]]></system-out>
         <system-err><![CDATA[2022-07-25 18:27:39 - [TEST_CASE][FAILED] - Test Cases/Admin Suite Bootstrap/UM_TestCases/UsersErrors/AddUserSpecialCharError: Test Cases/Admin Suite Bootstrap/UM_TestCases/UsersErrors/AddUserSpecialCharError FAILED.
Reason:
com.kms.katalon.core.exception.StepFailedException: Text 'Username may only be comprised of alphanumeric characters, the underscore "_" character, the at "@" symbol, and the period "."Username may only be comprised of alphanumeric characters, the underscore "_" character, the at "@" symbol, and the period "."' is not present on page  using regular expression (Root cause: com.kms.katalon.core.exception.StepFailedException: Text 'Username may only be comprised of alphanumeric characters, the underscore "_" character, the at "@" symbol, and the period "."Username may only be comprised of alphanumeric characters, the underscore "_" character, the at "@" symbol, and the period "."' is not present on page  using regular expression
	at com.kms.katalon.core.webui.keyword.internal.WebUIKeywordMain.stepFailed(WebUIKeywordMain.groovy:64)
	at com.kms.katalon.core.webui.keyword.builtin.VerifyTextPresentKeyword$_verifyTextPresent_closure1.doCall(VerifyTextPresentKeyword.groovy:79)
	at com.kms.katalon.core.webui.keyword.builtin.VerifyTextPresentKeyword$_verifyTextPresent_closure1.call(VerifyTextPresentKeyword.groovy)
	at com.kms.katalon.core.webui.keyword.internal.WebUIKeywordMain.runKeyword(WebUIKeywordMain.groovy:20)
	at com.kms.katalon.core.webui.keyword.builtin.VerifyTextPresentKeyword.verifyTextPresent(VerifyTextPresentKeyword.groovy:83)
	at com.kms.katalon.core.webui.keyword.builtin.VerifyTextPresentKeyword.execute(VerifyTextPresentKeyword.groovy:68)
	at com.kms.katalon.core.keyword.internal.KeywordExecutor.executeKeywordForPlatform(KeywordExecutor.groovy:74)
	at com.kms.katalon.core.webui.keyword.WebUiBuiltInKeywords.verifyTextPresent(WebUiBuiltInKeywords.groovy:1723)
	at com.kms.katalon.core.webui.keyword.WebUiBuiltInKeywords$verifyTextPresent$5.call(Unknown Source)
	at AddUserSpecialCharError.run(AddUserSpecialCharError:97)
	at com.kms.katalon.core.main.ScriptEngine.run(ScriptEngine.java:194)
	at com.kms.katalon.core.main.ScriptEngine.runScriptAsRawText(ScriptEngine.java:119)
	at com.kms.katalon.core.main.TestCaseExecutor.runScript(TestCaseExecutor.java:442)
	at com.kms.katalon.core.main.TestCaseExecutor.doExecute(TestCaseExecutor.java:433)
	at com.kms.katalon.core.main.TestCaseExecutor.processExecutionPhase(TestCaseExecutor.java:412)
	at com.kms.katalon.core.main.TestCaseExecutor.accessMainPhase(TestCaseExecutor.java:404)
	at com.kms.katalon.core.main.TestCaseExecutor.execute(TestCaseExecutor.java:281)
	at com.kms.katalon.core.main.TestSuiteExecutor.accessTestCaseMainPhase(TestSuiteExecutor.java:202)
	at com.kms.katalon.core.main.TestSuiteExecutor.accessTestSuiteMainPhase(TestSuiteExecutor.java:164)
	at com.kms.katalon.core.main.TestSuiteExecutor.execute(TestSuiteExecutor.java:105)
	at com.kms.katalon.core.main.TestCaseMain.startTestSuite(TestCaseMain.java:185)
	at com.kms.katalon.core.main.TestCaseMain$startTestSuite$0.call(Unknown Source)
	at TempTestSuite1658787923991.run(TempTestSuite1658787923991.groovy:36)
)
	at com.kms.katalon.core.keyword.internal.KeywordMain.stepFailed(KeywordMain.groovy:39)
	at com.kms.katalon.core.webui.keyword.internal.WebUIKeywordMain.stepFailed(WebUIKeywordMain.groovy:64)
	at com.kms.katalon.core.webui.keyword.builtin.VerifyTextPresentKeyword$_verifyTextPresent_closure1.doCall(VerifyTextPresentKeyword.groovy:79)
	at com.kms.katalon.core.webui.keyword.builtin.VerifyTextPresentKeyword$_verifyTextPresent_closure1.call(VerifyTextPresentKeyword.groovy)
	at com.kms.katalon.core.webui.keyword.internal.WebUIKeywordMain.runKeyword(WebUIKeywordMain.groovy:20)
	at com.kms.katalon.core.webui.keyword.builtin.VerifyTextPresentKeyword.verifyTextPresent(VerifyTextPresentKeyword.groovy:83)
	at com.kms.katalon.core.webui.keyword.builtin.VerifyTextPresentKeyword.execute(VerifyTextPresentKeyword.groovy:68)
	at com.kms.katalon.core.keyword.internal.KeywordExecutor.executeKeywordForPlatform(KeywordExecutor.groovy:74)
	at com.kms.katalon.core.webui.keyword.WebUiBuiltInKeywords.verifyTextPresent(WebUiBuiltInKeywords.groovy:1723)
	at com.kms.katalon.core.webui.keyword.WebUiBuiltInKeywords$verifyTextPresent$5.call(Unknown Source)
	at AddUserSpecialCharError.run(AddUserSpecialCharError:97)
	at com.kms.katalon.core.main.ScriptEngine.run(ScriptEngine.java:194)
	at com.kms.katalon.core.main.ScriptEngine.runScriptAsRawText(ScriptEngine.java:119)
	at com.kms.katalon.core.main.TestCaseExecutor.runScript(TestCaseExecutor.java:442)
	at com.kms.katalon.core.main.TestCaseExecutor.doExecute(TestCaseExecutor.java:433)
	at com.kms.katalon.core.main.TestCaseExecutor.processExecutionPhase(TestCaseExecutor.java:412)
	at com.kms.katalon.core.main.TestCaseExecutor.accessMainPhase(TestCaseExecutor.java:404)
	at com.kms.katalon.core.main.TestCaseExecutor.execute(TestCaseExecutor.java:281)
	at com.kms.katalon.core.main.TestSuiteExecutor.accessTestCaseMainPhase(TestSuiteExecutor.java:202)
	at com.kms.katalon.core.main.TestSuiteExecutor.accessTestSuiteMainPhase(TestSuiteExecutor.java:164)
	at com.kms.katalon.core.main.TestSuiteExecutor.execute(TestSuiteExecutor.java:105)
	at com.kms.katalon.core.main.TestCaseMain.startTestSuite(TestCaseMain.java:185)
	at com.kms.katalon.core.main.TestCaseMain$startTestSuite$0.call(Unknown Source)
	at TempTestSuite1658787923991.run(TempTestSuite1658787923991.groovy:36)
Caused by: com.kms.katalon.core.exception.StepFailedException: Text 'Username may only be comprised of alphanumeric characters, the underscore "_" character, the at "@" symbol, and the period "."Username may only be comprised of alphanumeric characters, the underscore "_" character, the at "@" symbol, and the period "."' is not present on page  using regular expression
	... 23 more]]></system-err>
      </testcase>
      <testcase name="Test Cases/Admin Suite Bootstrap/UM_TestCases/Users/FindUser" time="260.857" classname="Test Cases/Admin Suite Bootstrap/UM_TestCases/Users/FindUser" status="PASSED">
         <system-out><![CDATA[2022-07-25 18:30:00 - [TEST_CASE][PASSED] - Test Cases/Admin Suite Bootstrap/UM_TestCases/Users/FindUser: Test Cases/Admin Suite Bootstrap/UM_TestCases/Users/FindUser

2022-07-25 18:30:00 - [TEST_STEP][PASSED] - path_Dashboard = "Object Repository/AdminSuiteBootstrap_Pages/Dashboard_Bootstrap/": null

2022-07-25 18:30:00 - [TEST_STEP][PASSED] - path_Users = "Object Repository/AdminSuiteBootstrap_Pages/UM_Bootstrap/Users/": null

2022-07-25 18:30:00 - [TEST_STEP][PASSED] - path_UserView = "Object Repository/AdminSuiteBootstrap_Pages/UM_Bootstrap/UserView/": null

2022-07-25 18:30:00 - [TEST_STEP][PASSED] - executionProfile = getExecutionProfile(): null

2022-07-25 18:30:00 - [TEST_STEP][PASSED] - out.println("executionProfile : " + executionProfile): null

2022-07-25 18:30:00 - [TEST_STEP][PASSED] - appName = <not implemented yet for class: org.codehaus.groovy.ast.expr.EmptyExpression>: null

2022-07-25 18:30:00 - [TEST_STEP][PASSED] - appID = <not implemented yet for class: org.codehaus.groovy.ast.expr.EmptyExpression>: null

2022-07-25 18:30:00 - [TEST_STEP][PASSED] - cardNameV = <not implemented yet for class: org.codehaus.groovy.ast.expr.EmptyExpression>: null

2022-07-25 18:30:00 - [TEST_STEP][PASSED] - al1V = <not implemented yet for class: org.codehaus.groovy.ast.expr.EmptyExpression>: null

2022-07-25 18:30:00 - [TEST_STEP][PASSED] - al2V = <not implemented yet for class: org.codehaus.groovy.ast.expr.EmptyExpression>: null

2022-07-25 18:30:00 - [TEST_STEP][PASSED] - zipV = <not implemented yet for class: org.codehaus.groovy.ast.expr.EmptyExpression>: null

2022-07-25 18:30:00 - [TEST_STEP][PASSED] - cardTypeV = <not implemented yet for class: org.codehaus.groovy.ast.expr.EmptyExpression>: null

2022-07-25 18:30:00 - [TEST_STEP][PASSED] - nameSheet = "FindUser": null

2022-07-25 18:30:00 - [TEST_STEP][PASSED] - dataFile = "QA/Bootstrap/UM-TestData/FindUser": null

2022-07-25 18:30:00 - [TEST_STEP][PASSED] - numOfRows = findTestData("QA/Bootstrap/UM-TestData/FindUser").getRowNumbers(): null

2022-07-25 18:30:00 - [TEST_STEP][PASSED] - println("Number of Records: " + numOfRows): null

2022-07-25 18:30:00 - [TEST_STEP][PASSED] - for ([row = 1, row <= numOfRows, (row++)]): Browser is closed

2022-07-25 18:30:00 - [TEST_STEP][PASSED] - ExecuteTC = findTestData(dataFile).getValue("Execute", row): null

2022-07-25 18:30:00 - [TEST_STEP][PASSED] - out.println("Value of Execute is : " + ExecuteTC): null

2022-07-25 18:30:00 - [TEST_STEP][PASSED] - if (ExecuteTC.equalsIgnoreCase("Y")): Browser is closed

2022-07-25 18:30:00 - [TEST_STEP][PASSED] - out.println("Begin Record Number: " + row): null

2022-07-25 18:30:00 - [TEST_STEP][PASSED] - adminSuiteBootstrap.loginFunctionality.login_AdminSuite(): adminSuiteBootstrap.loginFunctionality.login_AdminSuite is PASSED

2022-07-25 18:30:00 - [MESSAGE][INFO] - Starting 'Chrome' driver

2022-07-25 18:30:00 - [MESSAGE][INFO] - User set preference: ['acceptInsecureCerts', 'true']

2022-07-25 18:30:00 - [MESSAGE][INFO] - Action delay is set to 0 milliseconds

2022-07-25 18:30:03 - [MESSAGE][PASSED] - Browser is opened with url: 'https://qa.velocitypayment.com/admin/imtiaz'

2022-07-25 18:30:03 - [MESSAGE][PASSED] - Current window maximized

2022-07-25 18:30:04 - [MESSAGE][PASSED] - Object 'Object Repository/Login_Page/Login_Username' is present

2022-07-25 18:30:04 - [MESSAGE][PASSED] - Text 'iahmed' is set on object 'Object Repository/Login_Page/Login_Username'

2022-07-25 18:30:05 - [MESSAGE][PASSED] - Text 'hello2222' is set on object 'Object Repository/Login_Page/Login_Password'

2022-07-25 18:30:09 - [MESSAGE][PASSED] - Object: 'Object Repository/Login_Page/Login_Submit' is clicked on

2022-07-25 18:30:09 - [MESSAGE][PASSED] - adminSuiteBootstrap.loginFunctionality.login_AdminSuite is PASSED

2022-07-25 18:30:09 - [TEST_STEP][PASSED] - click(findTestObject(path_Dashboard + "a_Access User Management")): Object: 'Object Repository/AdminSuiteBootstrap_Pages/Dashboard_Bootstrap/a_Access User Management' is clicked on

2022-07-25 18:30:10 - [MESSAGE][PASSED] - Object: 'Object Repository/AdminSuiteBootstrap_Pages/Dashboard_Bootstrap/a_Access User Management' is clicked on

2022-07-25 18:30:10 - [TEST_STEP][PASSED] - click(findTestObject(path_Users + "a_Find User")): Object: 'Object Repository/AdminSuiteBootstrap_Pages/UM_Bootstrap/Users/a_Find User' is clicked on

2022-07-25 18:30:10 - [MESSAGE][PASSED] - Object: 'Object Repository/AdminSuiteBootstrap_Pages/UM_Bootstrap/Users/a_Find User' is clicked on

2022-07-25 18:30:10 - [TEST_STEP][PASSED] - adminSuiteBootstrap.findUser.findUser_DD(row, dataFile): adminSuiteBootstrap.findUser.findUser_DD is PASSED

2022-07-25 18:30:11 - [MESSAGE][PASSED] - Text 'chragui' is set on object 'Object Repository/AdminSuiteBootstrap_Pages/UM_Bootstrap/FindUser/input_Username'

2022-07-25 18:30:12 - [MESSAGE][PASSED] - Text '' is set on object 'Object Repository/AdminSuiteBootstrap_Pages/UM_Bootstrap/FindUser/input_FirstName'

2022-07-25 18:30:13 - [MESSAGE][PASSED] - Text '' is set on object 'Object Repository/AdminSuiteBootstrap_Pages/UM_Bootstrap/FindUser/input_LastName'

2022-07-25 18:30:13 - [MESSAGE][PASSED] - All options with label 'Exact Match' are selected in object 'Object Repository/AdminSuiteBootstrap_Pages/UM_Bootstrap/FindUser/select_SearchType' 

2022-07-25 18:30:17 - [MESSAGE][PASSED] - Object: 'Object Repository/AdminSuiteBootstrap_Pages/UM_Bootstrap/FindUser/button_Search' is clicked on

2022-07-25 18:30:17 - [MESSAGE][PASSED] - adminSuiteBootstrap.findUser.findUser_DD is PASSED

2022-07-25 18:30:17 - [TEST_STEP][PASSED] - if (verifyElementPresent(findTestObject(path_UserView + "button_Modify"), 30)): null

2022-07-25 18:30:18 - [MESSAGE][PASSED] - Object 'Object Repository/AdminSuiteBootstrap_Pages/UM_Bootstrap/UserView/button_Modify' is present

2022-07-25 18:30:18 - [TEST_STEP][PASSED] - verifyTextPresent("Email Address", true): Text 'Email Address' is present on page  using regular expression

2022-07-25 18:30:18 - [MESSAGE][PASSED] - Text 'Email Address' is present on page  using regular expression

2022-07-25 18:30:18 - [TEST_STEP][PASSED] - verifyTextPresent("iahmed@govolution.com", true): Text 'iahmed@govolution.com' is present on page  using regular expression

2022-07-25 18:30:18 - [MESSAGE][PASSED] - Text 'iahmed@govolution.com' is present on page  using regular expression

2022-07-25 18:30:18 - [TEST_STEP][PASSED] - verifyTextPresent("Username", true): Text 'Username' is present on page  using regular expression

2022-07-25 18:30:18 - [MESSAGE][PASSED] - Text 'Username' is present on page  using regular expression

2022-07-25 18:30:18 - [TEST_STEP][PASSED] - verifyTextPresent("chragui", true): Text 'chragui' is present on page  using regular expression

2022-07-25 18:30:19 - [MESSAGE][PASSED] - Text 'chragui' is present on page  using regular expression

2022-07-25 18:30:19 - [TEST_STEP][PASSED] - verifyTextPresent("Account Status", true): Text 'Account Status' is present on page  using regular expression

2022-07-25 18:30:19 - [MESSAGE][PASSED] - Text 'Account Status' is present on page  using regular expression

2022-07-25 18:30:19 - [TEST_STEP][PASSED] - verifyTextPresent("Active", true): Text 'Active' is present on page  using regular expression

2022-07-25 18:30:19 - [MESSAGE][PASSED] - Text 'Active' is present on page  using regular expression

2022-07-25 18:30:19 - [TEST_STEP][PASSED] - verifyTextPresent("Christinado Aguillerezo", true): Text 'Christinado Aguillerezo' is present on page  using regular expression

2022-07-25 18:30:20 - [MESSAGE][PASSED] - Text 'Christinado Aguillerezo' is present on page  using regular expression

2022-07-25 18:30:20 - [TEST_STEP][PASSED] - pages.CustomLogger.log_Logger("User was found", "Pass"): pages.CustomLogger.log_Logger is PASSED

2022-07-25 18:30:20 - [MESSAGE][PASSED] - User was found

2022-07-25 18:30:20 - [MESSAGE][PASSED] - pages.CustomLogger.log_Logger is PASSED

2022-07-25 18:30:20 - [TEST_STEP][PASSED] - closeBrowser(): Browser is closed

2022-07-25 18:30:21 - [MESSAGE][PASSED] - Browser is closed

2022-07-25 18:30:21 - [TEST_STEP][PASSED] - ExecuteTC = findTestData(dataFile).getValue("Execute", row): null

2022-07-25 18:30:21 - [TEST_STEP][PASSED] - out.println("Value of Execute is : " + ExecuteTC): null

2022-07-25 18:30:21 - [TEST_STEP][PASSED] - if (ExecuteTC.equalsIgnoreCase("Y")): Browser is closed

2022-07-25 18:30:21 - [TEST_STEP][PASSED] - out.println("Begin Record Number: " + row): null

2022-07-25 18:30:21 - [TEST_STEP][PASSED] - adminSuiteBootstrap.loginFunctionality.login_AdminSuite(): adminSuiteBootstrap.loginFunctionality.login_AdminSuite is PASSED

2022-07-25 18:30:21 - [MESSAGE][INFO] - Starting 'Chrome' driver

2022-07-25 18:30:21 - [MESSAGE][INFO] - User set preference: ['acceptInsecureCerts', 'true']

2022-07-25 18:30:21 - [MESSAGE][INFO] - Action delay is set to 0 milliseconds

2022-07-25 18:30:25 - [MESSAGE][PASSED] - Browser is opened with url: 'https://qa.velocitypayment.com/admin/imtiaz'

2022-07-25 18:30:25 - [MESSAGE][PASSED] - Current window maximized

2022-07-25 18:30:25 - [MESSAGE][PASSED] - Object 'Object Repository/Login_Page/Login_Username' is present

2022-07-25 18:30:26 - [MESSAGE][PASSED] - Text 'iahmed' is set on object 'Object Repository/Login_Page/Login_Username'

2022-07-25 18:30:27 - [MESSAGE][PASSED] - Text 'hello2222' is set on object 'Object Repository/Login_Page/Login_Password'

2022-07-25 18:30:30 - [MESSAGE][PASSED] - Object: 'Object Repository/Login_Page/Login_Submit' is clicked on

2022-07-25 18:30:30 - [MESSAGE][PASSED] - adminSuiteBootstrap.loginFunctionality.login_AdminSuite is PASSED

2022-07-25 18:30:30 - [TEST_STEP][PASSED] - click(findTestObject(path_Dashboard + "a_Access User Management")): Object: 'Object Repository/AdminSuiteBootstrap_Pages/Dashboard_Bootstrap/a_Access User Management' is clicked on

2022-07-25 18:30:31 - [MESSAGE][PASSED] - Object: 'Object Repository/AdminSuiteBootstrap_Pages/Dashboard_Bootstrap/a_Access User Management' is clicked on

2022-07-25 18:30:31 - [TEST_STEP][PASSED] - click(findTestObject(path_Users + "a_Find User")): Object: 'Object Repository/AdminSuiteBootstrap_Pages/UM_Bootstrap/Users/a_Find User' is clicked on

2022-07-25 18:30:31 - [MESSAGE][PASSED] - Object: 'Object Repository/AdminSuiteBootstrap_Pages/UM_Bootstrap/Users/a_Find User' is clicked on

2022-07-25 18:30:31 - [TEST_STEP][PASSED] - adminSuiteBootstrap.findUser.findUser_DD(row, dataFile): adminSuiteBootstrap.findUser.findUser_DD is PASSED

2022-07-25 18:30:32 - [MESSAGE][PASSED] - Text 'chra' is set on object 'Object Repository/AdminSuiteBootstrap_Pages/UM_Bootstrap/FindUser/input_Username'

2022-07-25 18:30:33 - [MESSAGE][PASSED] - Text '' is set on object 'Object Repository/AdminSuiteBootstrap_Pages/UM_Bootstrap/FindUser/input_FirstName'

2022-07-25 18:30:34 - [MESSAGE][PASSED] - Text '' is set on object 'Object Repository/AdminSuiteBootstrap_Pages/UM_Bootstrap/FindUser/input_LastName'

2022-07-25 18:30:34 - [MESSAGE][PASSED] - All options with label 'Starts With' are selected in object 'Object Repository/AdminSuiteBootstrap_Pages/UM_Bootstrap/FindUser/select_SearchType' 

2022-07-25 18:30:38 - [MESSAGE][PASSED] - Object: 'Object Repository/AdminSuiteBootstrap_Pages/UM_Bootstrap/FindUser/button_Search' is clicked on

2022-07-25 18:30:38 - [MESSAGE][PASSED] - adminSuiteBootstrap.findUser.findUser_DD is PASSED

2022-07-25 18:30:38 - [TEST_STEP][PASSED] - if (verifyElementPresent(findTestObject(path_UserView + "button_Modify"), 30)): null

2022-07-25 18:30:39 - [MESSAGE][PASSED] - Object 'Object Repository/AdminSuiteBootstrap_Pages/UM_Bootstrap/UserView/button_Modify' is present

2022-07-25 18:30:39 - [TEST_STEP][PASSED] - verifyTextPresent("Email Address", true): Text 'Email Address' is present on page  using regular expression

2022-07-25 18:30:39 - [MESSAGE][PASSED] - Text 'Email Address' is present on page  using regular expression

2022-07-25 18:30:39 - [TEST_STEP][PASSED] - verifyTextPresent("iahmed@govolution.com", true): Text 'iahmed@govolution.com' is present on page  using regular expression

2022-07-25 18:30:39 - [MESSAGE][PASSED] - Text 'iahmed@govolution.com' is present on page  using regular expression

2022-07-25 18:30:39 - [TEST_STEP][PASSED] - verifyTextPresent("Username", true): Text 'Username' is present on page  using regular expression

2022-07-25 18:30:40 - [MESSAGE][PASSED] - Text 'Username' is present on page  using regular expression

2022-07-25 18:30:40 - [TEST_STEP][PASSED] - verifyTextPresent("chragui", true): Text 'chragui' is present on page  using regular expression

2022-07-25 18:30:40 - [MESSAGE][PASSED] - Text 'chragui' is present on page  using regular expression

2022-07-25 18:30:40 - [TEST_STEP][PASSED] - verifyTextPresent("Account Status", true): Text 'Account Status' is present on page  using regular expression

2022-07-25 18:30:40 - [MESSAGE][PASSED] - Text 'Account Status' is present on page  using regular expression

2022-07-25 18:30:40 - [TEST_STEP][PASSED] - verifyTextPresent("Active", true): Text 'Active' is present on page  using regular expression

2022-07-25 18:30:41 - [MESSAGE][PASSED] - Text 'Active' is present on page  using regular expression

2022-07-25 18:30:41 - [TEST_STEP][PASSED] - verifyTextPresent("Christinado Aguillerezo", true): Text 'Christinado Aguillerezo' is present on page  using regular expression

2022-07-25 18:30:41 - [MESSAGE][PASSED] - Text 'Christinado Aguillerezo' is present on page  using regular expression

2022-07-25 18:30:41 - [TEST_STEP][PASSED] - pages.CustomLogger.log_Logger("User was found", "Pass"): pages.CustomLogger.log_Logger is PASSED

2022-07-25 18:30:41 - [MESSAGE][PASSED] - User was found

2022-07-25 18:30:41 - [MESSAGE][PASSED] - pages.CustomLogger.log_Logger is PASSED

2022-07-25 18:30:41 - [TEST_STEP][PASSED] - closeBrowser(): Browser is closed

2022-07-25 18:30:42 - [MESSAGE][PASSED] - Browser is closed

2022-07-25 18:30:42 - [TEST_STEP][PASSED] - ExecuteTC = findTestData(dataFile).getValue("Execute", row): null

2022-07-25 18:30:42 - [TEST_STEP][PASSED] - out.println("Value of Execute is : " + ExecuteTC): null

2022-07-25 18:30:42 - [TEST_STEP][PASSED] - if (ExecuteTC.equalsIgnoreCase("Y")): Browser is closed

2022-07-25 18:30:42 - [TEST_STEP][PASSED] - out.println("Begin Record Number: " + row): null

2022-07-25 18:30:42 - [TEST_STEP][PASSED] - adminSuiteBootstrap.loginFunctionality.login_AdminSuite(): adminSuiteBootstrap.loginFunctionality.login_AdminSuite is PASSED

2022-07-25 18:30:42 - [MESSAGE][INFO] - Starting 'Chrome' driver

2022-07-25 18:30:42 - [MESSAGE][INFO] - User set preference: ['acceptInsecureCerts', 'true']

2022-07-25 18:30:42 - [MESSAGE][INFO] - Action delay is set to 0 milliseconds

2022-07-25 18:30:45 - [MESSAGE][PASSED] - Browser is opened with url: 'https://qa.velocitypayment.com/admin/imtiaz'

2022-07-25 18:30:45 - [MESSAGE][PASSED] - Current window maximized

2022-07-25 18:30:45 - [MESSAGE][PASSED] - Object 'Object Repository/Login_Page/Login_Username' is present

2022-07-25 18:30:46 - [MESSAGE][PASSED] - Text 'iahmed' is set on object 'Object Repository/Login_Page/Login_Username'

2022-07-25 18:30:47 - [MESSAGE][PASSED] - Text 'hello2222' is set on object 'Object Repository/Login_Page/Login_Password'

2022-07-25 18:30:51 - [MESSAGE][PASSED] - Object: 'Object Repository/Login_Page/Login_Submit' is clicked on

2022-07-25 18:30:51 - [MESSAGE][PASSED] - adminSuiteBootstrap.loginFunctionality.login_AdminSuite is PASSED

2022-07-25 18:30:51 - [TEST_STEP][PASSED] - click(findTestObject(path_Dashboard + "a_Access User Management")): Object: 'Object Repository/AdminSuiteBootstrap_Pages/Dashboard_Bootstrap/a_Access User Management' is clicked on

2022-07-25 18:30:52 - [MESSAGE][PASSED] - Object: 'Object Repository/AdminSuiteBootstrap_Pages/Dashboard_Bootstrap/a_Access User Management' is clicked on

2022-07-25 18:30:52 - [TEST_STEP][PASSED] - click(findTestObject(path_Users + "a_Find User")): Object: 'Object Repository/AdminSuiteBootstrap_Pages/UM_Bootstrap/Users/a_Find User' is clicked on

2022-07-25 18:30:53 - [MESSAGE][PASSED] - Object: 'Object Repository/AdminSuiteBootstrap_Pages/UM_Bootstrap/Users/a_Find User' is clicked on

2022-07-25 18:30:53 - [TEST_STEP][PASSED] - adminSuiteBootstrap.findUser.findUser_DD(row, dataFile): adminSuiteBootstrap.findUser.findUser_DD is PASSED

2022-07-25 18:30:53 - [MESSAGE][PASSED] - Text 'agui' is set on object 'Object Repository/AdminSuiteBootstrap_Pages/UM_Bootstrap/FindUser/input_Username'

2022-07-25 18:30:54 - [MESSAGE][PASSED] - Text '' is set on object 'Object Repository/AdminSuiteBootstrap_Pages/UM_Bootstrap/FindUser/input_FirstName'

2022-07-25 18:30:55 - [MESSAGE][PASSED] - Text '' is set on object 'Object Repository/AdminSuiteBootstrap_Pages/UM_Bootstrap/FindUser/input_LastName'

2022-07-25 18:30:55 - [MESSAGE][PASSED] - All options with label 'Ends With' are selected in object 'Object Repository/AdminSuiteBootstrap_Pages/UM_Bootstrap/FindUser/select_SearchType' 

2022-07-25 18:31:00 - [MESSAGE][PASSED] - Object: 'Object Repository/AdminSuiteBootstrap_Pages/UM_Bootstrap/FindUser/button_Search' is clicked on

2022-07-25 18:31:00 - [MESSAGE][PASSED] - adminSuiteBootstrap.findUser.findUser_DD is PASSED

2022-07-25 18:31:00 - [TEST_STEP][PASSED] - if (verifyElementPresent(findTestObject(path_UserView + "button_Modify"), 30)): null

2022-07-25 18:31:00 - [MESSAGE][PASSED] - Object 'Object Repository/AdminSuiteBootstrap_Pages/UM_Bootstrap/UserView/button_Modify' is present

2022-07-25 18:31:00 - [TEST_STEP][PASSED] - verifyTextPresent("Email Address", true): Text 'Email Address' is present on page  using regular expression

2022-07-25 18:31:01 - [MESSAGE][PASSED] - Text 'Email Address' is present on page  using regular expression

2022-07-25 18:31:01 - [TEST_STEP][PASSED] - verifyTextPresent("iahmed@govolution.com", true): Text 'iahmed@govolution.com' is present on page  using regular expression

2022-07-25 18:31:01 - [MESSAGE][PASSED] - Text 'iahmed@govolution.com' is present on page  using regular expression

2022-07-25 18:31:01 - [TEST_STEP][PASSED] - verifyTextPresent("Username", true): Text 'Username' is present on page  using regular expression

2022-07-25 18:31:01 - [MESSAGE][PASSED] - Text 'Username' is present on page  using regular expression

2022-07-25 18:31:01 - [TEST_STEP][PASSED] - verifyTextPresent("chragui", true): Text 'chragui' is present on page  using regular expression

2022-07-25 18:31:01 - [MESSAGE][PASSED] - Text 'chragui' is present on page  using regular expression

2022-07-25 18:31:01 - [TEST_STEP][PASSED] - verifyTextPresent("Account Status", true): Text 'Account Status' is present on page  using regular expression

2022-07-25 18:31:02 - [MESSAGE][PASSED] - Text 'Account Status' is present on page  using regular expression

2022-07-25 18:31:02 - [TEST_STEP][PASSED] - verifyTextPresent("Active", true): Text 'Active' is present on page  using regular expression

2022-07-25 18:31:02 - [MESSAGE][PASSED] - Text 'Active' is present on page  using regular expression

2022-07-25 18:31:02 - [TEST_STEP][PASSED] - verifyTextPresent("Christinado Aguillerezo", true): Text 'Christinado Aguillerezo' is present on page  using regular expression

2022-07-25 18:31:02 - [MESSAGE][PASSED] - Text 'Christinado Aguillerezo' is present on page  using regular expression

2022-07-25 18:31:02 - [TEST_STEP][PASSED] - pages.CustomLogger.log_Logger("User was found", "Pass"): pages.CustomLogger.log_Logger is PASSED

2022-07-25 18:31:02 - [MESSAGE][PASSED] - User was found

2022-07-25 18:31:02 - [MESSAGE][PASSED] - pages.CustomLogger.log_Logger is PASSED

2022-07-25 18:31:02 - [TEST_STEP][PASSED] - closeBrowser(): Browser is closed

2022-07-25 18:31:03 - [MESSAGE][PASSED] - Browser is closed

2022-07-25 18:31:03 - [TEST_STEP][PASSED] - ExecuteTC = findTestData(dataFile).getValue("Execute", row): null

2022-07-25 18:31:03 - [TEST_STEP][PASSED] - out.println("Value of Execute is : " + ExecuteTC): null

2022-07-25 18:31:03 - [TEST_STEP][PASSED] - if (ExecuteTC.equalsIgnoreCase("Y")): Browser is closed

2022-07-25 18:31:03 - [TEST_STEP][PASSED] - out.println("Begin Record Number: " + row): null

2022-07-25 18:31:03 - [TEST_STEP][PASSED] - adminSuiteBootstrap.loginFunctionality.login_AdminSuite(): adminSuiteBootstrap.loginFunctionality.login_AdminSuite is PASSED

2022-07-25 18:31:03 - [MESSAGE][INFO] - Starting 'Chrome' driver

2022-07-25 18:31:03 - [MESSAGE][INFO] - User set preference: ['acceptInsecureCerts', 'true']

2022-07-25 18:31:03 - [MESSAGE][INFO] - Action delay is set to 0 milliseconds

2022-07-25 18:31:07 - [MESSAGE][PASSED] - Browser is opened with url: 'https://qa.velocitypayment.com/admin/imtiaz'

2022-07-25 18:31:07 - [MESSAGE][PASSED] - Current window maximized

2022-07-25 18:31:07 - [MESSAGE][PASSED] - Object 'Object Repository/Login_Page/Login_Username' is present

2022-07-25 18:31:08 - [MESSAGE][PASSED] - Text 'iahmed' is set on object 'Object Repository/Login_Page/Login_Username'

2022-07-25 18:31:09 - [MESSAGE][PASSED] - Text 'hello2222' is set on object 'Object Repository/Login_Page/Login_Password'

2022-07-25 18:31:12 - [MESSAGE][PASSED] - Object: 'Object Repository/Login_Page/Login_Submit' is clicked on

2022-07-25 18:31:12 - [MESSAGE][PASSED] - adminSuiteBootstrap.loginFunctionality.login_AdminSuite is PASSED

2022-07-25 18:31:12 - [TEST_STEP][PASSED] - click(findTestObject(path_Dashboard + "a_Access User Management")): Object: 'Object Repository/AdminSuiteBootstrap_Pages/Dashboard_Bootstrap/a_Access User Management' is clicked on

2022-07-25 18:31:13 - [MESSAGE][PASSED] - Object: 'Object Repository/AdminSuiteBootstrap_Pages/Dashboard_Bootstrap/a_Access User Management' is clicked on

2022-07-25 18:31:13 - [TEST_STEP][PASSED] - click(findTestObject(path_Users + "a_Find User")): Object: 'Object Repository/AdminSuiteBootstrap_Pages/UM_Bootstrap/Users/a_Find User' is clicked on

2022-07-25 18:31:14 - [MESSAGE][PASSED] - Object: 'Object Repository/AdminSuiteBootstrap_Pages/UM_Bootstrap/Users/a_Find User' is clicked on

2022-07-25 18:31:14 - [TEST_STEP][PASSED] - adminSuiteBootstrap.findUser.findUser_DD(row, dataFile): adminSuiteBootstrap.findUser.findUser_DD is PASSED

2022-07-25 18:31:15 - [MESSAGE][PASSED] - Text 'hragu' is set on object 'Object Repository/AdminSuiteBootstrap_Pages/UM_Bootstrap/FindUser/input_Username'

2022-07-25 18:31:15 - [MESSAGE][PASSED] - Text '' is set on object 'Object Repository/AdminSuiteBootstrap_Pages/UM_Bootstrap/FindUser/input_FirstName'

2022-07-25 18:31:16 - [MESSAGE][PASSED] - Text '' is set on object 'Object Repository/AdminSuiteBootstrap_Pages/UM_Bootstrap/FindUser/input_LastName'

2022-07-25 18:31:17 - [MESSAGE][PASSED] - All options with label 'Contains' are selected in object 'Object Repository/AdminSuiteBootstrap_Pages/UM_Bootstrap/FindUser/select_SearchType' 

2022-07-25 18:31:21 - [MESSAGE][PASSED] - Object: 'Object Repository/AdminSuiteBootstrap_Pages/UM_Bootstrap/FindUser/button_Search' is clicked on

2022-07-25 18:31:21 - [MESSAGE][PASSED] - adminSuiteBootstrap.findUser.findUser_DD is PASSED

2022-07-25 18:31:21 - [TEST_STEP][PASSED] - if (verifyElementPresent(findTestObject(path_UserView + "button_Modify"), 30)): null

2022-07-25 18:31:21 - [MESSAGE][PASSED] - Object 'Object Repository/AdminSuiteBootstrap_Pages/UM_Bootstrap/UserView/button_Modify' is present

2022-07-25 18:31:21 - [TEST_STEP][PASSED] - verifyTextPresent("Email Address", true): Text 'Email Address' is present on page  using regular expression

2022-07-25 18:31:21 - [MESSAGE][PASSED] - Text 'Email Address' is present on page  using regular expression

2022-07-25 18:31:21 - [TEST_STEP][PASSED] - verifyTextPresent("iahmed@govolution.com", true): Text 'iahmed@govolution.com' is present on page  using regular expression

2022-07-25 18:31:22 - [MESSAGE][PASSED] - Text 'iahmed@govolution.com' is present on page  using regular expression

2022-07-25 18:31:22 - [TEST_STEP][PASSED] - verifyTextPresent("Username", true): Text 'Username' is present on page  using regular expression

2022-07-25 18:31:22 - [MESSAGE][PASSED] - Text 'Username' is present on page  using regular expression

2022-07-25 18:31:22 - [TEST_STEP][PASSED] - verifyTextPresent("chragui", true): Text 'chragui' is present on page  using regular expression

2022-07-25 18:31:22 - [MESSAGE][PASSED] - Text 'chragui' is present on page  using regular expression

2022-07-25 18:31:22 - [TEST_STEP][PASSED] - verifyTextPresent("Account Status", true): Text 'Account Status' is present on page  using regular expression

2022-07-25 18:31:23 - [MESSAGE][PASSED] - Text 'Account Status' is present on page  using regular expression

2022-07-25 18:31:23 - [TEST_STEP][PASSED] - verifyTextPresent("Active", true): Text 'Active' is present on page  using regular expression

2022-07-25 18:31:23 - [MESSAGE][PASSED] - Text 'Active' is present on page  using regular expression

2022-07-25 18:31:23 - [TEST_STEP][PASSED] - verifyTextPresent("Christinado Aguillerezo", true): Text 'Christinado Aguillerezo' is present on page  using regular expression

2022-07-25 18:31:23 - [MESSAGE][PASSED] - Text 'Christinado Aguillerezo' is present on page  using regular expression

2022-07-25 18:31:23 - [TEST_STEP][PASSED] - pages.CustomLogger.log_Logger("User was found", "Pass"): pages.CustomLogger.log_Logger is PASSED

2022-07-25 18:31:23 - [MESSAGE][PASSED] - User was found

2022-07-25 18:31:23 - [MESSAGE][PASSED] - pages.CustomLogger.log_Logger is PASSED

2022-07-25 18:31:23 - [TEST_STEP][PASSED] - closeBrowser(): Browser is closed

2022-07-25 18:31:24 - [MESSAGE][PASSED] - Browser is closed

2022-07-25 18:31:24 - [TEST_STEP][PASSED] - ExecuteTC = findTestData(dataFile).getValue("Execute", row): null

2022-07-25 18:31:24 - [TEST_STEP][PASSED] - out.println("Value of Execute is : " + ExecuteTC): null

2022-07-25 18:31:24 - [TEST_STEP][PASSED] - if (ExecuteTC.equalsIgnoreCase("Y")): Browser is closed

2022-07-25 18:31:24 - [TEST_STEP][PASSED] - out.println("Begin Record Number: " + row): null

2022-07-25 18:31:24 - [TEST_STEP][PASSED] - adminSuiteBootstrap.loginFunctionality.login_AdminSuite(): adminSuiteBootstrap.loginFunctionality.login_AdminSuite is PASSED

2022-07-25 18:31:24 - [MESSAGE][INFO] - Starting 'Chrome' driver

2022-07-25 18:31:24 - [MESSAGE][INFO] - User set preference: ['acceptInsecureCerts', 'true']

2022-07-25 18:31:24 - [MESSAGE][INFO] - Action delay is set to 0 milliseconds

2022-07-25 18:31:27 - [MESSAGE][PASSED] - Browser is opened with url: 'https://qa.velocitypayment.com/admin/imtiaz'

2022-07-25 18:31:27 - [MESSAGE][PASSED] - Current window maximized

2022-07-25 18:31:28 - [MESSAGE][PASSED] - Object 'Object Repository/Login_Page/Login_Username' is present

2022-07-25 18:31:29 - [MESSAGE][PASSED] - Text 'iahmed' is set on object 'Object Repository/Login_Page/Login_Username'

2022-07-25 18:31:29 - [MESSAGE][PASSED] - Text 'hello2222' is set on object 'Object Repository/Login_Page/Login_Password'

2022-07-25 18:31:33 - [MESSAGE][PASSED] - Object: 'Object Repository/Login_Page/Login_Submit' is clicked on

2022-07-25 18:31:33 - [MESSAGE][PASSED] - adminSuiteBootstrap.loginFunctionality.login_AdminSuite is PASSED

2022-07-25 18:31:33 - [TEST_STEP][PASSED] - click(findTestObject(path_Dashboard + "a_Access User Management")): Object: 'Object Repository/AdminSuiteBootstrap_Pages/Dashboard_Bootstrap/a_Access User Management' is clicked on

2022-07-25 18:31:34 - [MESSAGE][PASSED] - Object: 'Object Repository/AdminSuiteBootstrap_Pages/Dashboard_Bootstrap/a_Access User Management' is clicked on

2022-07-25 18:31:34 - [TEST_STEP][PASSED] - click(findTestObject(path_Users + "a_Find User")): Object: 'Object Repository/AdminSuiteBootstrap_Pages/UM_Bootstrap/Users/a_Find User' is clicked on

2022-07-25 18:31:34 - [MESSAGE][PASSED] - Object: 'Object Repository/AdminSuiteBootstrap_Pages/UM_Bootstrap/Users/a_Find User' is clicked on

2022-07-25 18:31:34 - [TEST_STEP][PASSED] - adminSuiteBootstrap.findUser.findUser_DD(row, dataFile): adminSuiteBootstrap.findUser.findUser_DD is PASSED

2022-07-25 18:31:35 - [MESSAGE][PASSED] - Text '' is set on object 'Object Repository/AdminSuiteBootstrap_Pages/UM_Bootstrap/FindUser/input_Username'

2022-07-25 18:31:36 - [MESSAGE][PASSED] - Text 'Christinado' is set on object 'Object Repository/AdminSuiteBootstrap_Pages/UM_Bootstrap/FindUser/input_FirstName'

2022-07-25 18:31:36 - [MESSAGE][PASSED] - Text '' is set on object 'Object Repository/AdminSuiteBootstrap_Pages/UM_Bootstrap/FindUser/input_LastName'

2022-07-25 18:31:37 - [MESSAGE][PASSED] - All options with label 'Exact Match' are selected in object 'Object Repository/AdminSuiteBootstrap_Pages/UM_Bootstrap/FindUser/select_SearchType' 

2022-07-25 18:31:40 - [MESSAGE][PASSED] - Object: 'Object Repository/AdminSuiteBootstrap_Pages/UM_Bootstrap/FindUser/button_Search' is clicked on

2022-07-25 18:31:40 - [MESSAGE][PASSED] - adminSuiteBootstrap.findUser.findUser_DD is PASSED

2022-07-25 18:31:40 - [TEST_STEP][PASSED] - if (verifyElementPresent(findTestObject(path_UserView + "button_Modify"), 30)): null

2022-07-25 18:31:40 - [MESSAGE][PASSED] - Object 'Object Repository/AdminSuiteBootstrap_Pages/UM_Bootstrap/UserView/button_Modify' is present

2022-07-25 18:31:40 - [TEST_STEP][PASSED] - verifyTextPresent("Email Address", true): Text 'Email Address' is present on page  using regular expression

2022-07-25 18:31:41 - [MESSAGE][PASSED] - Text 'Email Address' is present on page  using regular expression

2022-07-25 18:31:41 - [TEST_STEP][PASSED] - verifyTextPresent("iahmed@govolution.com", true): Text 'iahmed@govolution.com' is present on page  using regular expression

2022-07-25 18:31:41 - [MESSAGE][PASSED] - Text 'iahmed@govolution.com' is present on page  using regular expression

2022-07-25 18:31:41 - [TEST_STEP][PASSED] - verifyTextPresent("Username", true): Text 'Username' is present on page  using regular expression

2022-07-25 18:31:41 - [MESSAGE][PASSED] - Text 'Username' is present on page  using regular expression

2022-07-25 18:31:41 - [TEST_STEP][PASSED] - verifyTextPresent("chragui", true): Text 'chragui' is present on page  using regular expression

2022-07-25 18:31:41 - [MESSAGE][PASSED] - Text 'chragui' is present on page  using regular expression

2022-07-25 18:31:41 - [TEST_STEP][PASSED] - verifyTextPresent("Account Status", true): Text 'Account Status' is present on page  using regular expression

2022-07-25 18:31:42 - [MESSAGE][PASSED] - Text 'Account Status' is present on page  using regular expression

2022-07-25 18:31:42 - [TEST_STEP][PASSED] - verifyTextPresent("Active", true): Text 'Active' is present on page  using regular expression

2022-07-25 18:31:42 - [MESSAGE][PASSED] - Text 'Active' is present on page  using regular expression

2022-07-25 18:31:42 - [TEST_STEP][PASSED] - verifyTextPresent("Christinado Aguillerezo", true): Text 'Christinado Aguillerezo' is present on page  using regular expression

2022-07-25 18:31:42 - [MESSAGE][PASSED] - Text 'Christinado Aguillerezo' is present on page  using regular expression

2022-07-25 18:31:42 - [TEST_STEP][PASSED] - pages.CustomLogger.log_Logger("User was found", "Pass"): pages.CustomLogger.log_Logger is PASSED

2022-07-25 18:31:42 - [MESSAGE][PASSED] - User was found

2022-07-25 18:31:42 - [MESSAGE][PASSED] - pages.CustomLogger.log_Logger is PASSED

2022-07-25 18:31:42 - [TEST_STEP][PASSED] - closeBrowser(): Browser is closed

2022-07-25 18:31:43 - [MESSAGE][PASSED] - Browser is closed

2022-07-25 18:31:43 - [TEST_STEP][PASSED] - ExecuteTC = findTestData(dataFile).getValue("Execute", row): null

2022-07-25 18:31:43 - [TEST_STEP][PASSED] - out.println("Value of Execute is : " + ExecuteTC): null

2022-07-25 18:31:43 - [TEST_STEP][PASSED] - if (ExecuteTC.equalsIgnoreCase("Y")): Browser is closed

2022-07-25 18:31:43 - [TEST_STEP][PASSED] - out.println("Begin Record Number: " + row): null

2022-07-25 18:31:43 - [TEST_STEP][PASSED] - adminSuiteBootstrap.loginFunctionality.login_AdminSuite(): adminSuiteBootstrap.loginFunctionality.login_AdminSuite is PASSED

2022-07-25 18:31:43 - [MESSAGE][INFO] - Starting 'Chrome' driver

2022-07-25 18:31:43 - [MESSAGE][INFO] - User set preference: ['acceptInsecureCerts', 'true']

2022-07-25 18:31:43 - [MESSAGE][INFO] - Action delay is set to 0 milliseconds

2022-07-25 18:31:47 - [MESSAGE][PASSED] - Browser is opened with url: 'https://qa.velocitypayment.com/admin/imtiaz'

2022-07-25 18:31:47 - [MESSAGE][PASSED] - Current window maximized

2022-07-25 18:31:47 - [MESSAGE][PASSED] - Object 'Object Repository/Login_Page/Login_Username' is present

2022-07-25 18:31:48 - [MESSAGE][PASSED] - Text 'iahmed' is set on object 'Object Repository/Login_Page/Login_Username'

2022-07-25 18:31:49 - [MESSAGE][PASSED] - Text 'hello2222' is set on object 'Object Repository/Login_Page/Login_Password'

2022-07-25 18:31:52 - [MESSAGE][PASSED] - Object: 'Object Repository/Login_Page/Login_Submit' is clicked on

2022-07-25 18:31:52 - [MESSAGE][PASSED] - adminSuiteBootstrap.loginFunctionality.login_AdminSuite is PASSED

2022-07-25 18:31:52 - [TEST_STEP][PASSED] - click(findTestObject(path_Dashboard + "a_Access User Management")): Object: 'Object Repository/AdminSuiteBootstrap_Pages/Dashboard_Bootstrap/a_Access User Management' is clicked on

2022-07-25 18:31:53 - [MESSAGE][PASSED] - Object: 'Object Repository/AdminSuiteBootstrap_Pages/Dashboard_Bootstrap/a_Access User Management' is clicked on

2022-07-25 18:31:53 - [TEST_STEP][PASSED] - click(findTestObject(path_Users + "a_Find User")): Object: 'Object Repository/AdminSuiteBootstrap_Pages/UM_Bootstrap/Users/a_Find User' is clicked on

2022-07-25 18:31:53 - [MESSAGE][PASSED] - Object: 'Object Repository/AdminSuiteBootstrap_Pages/UM_Bootstrap/Users/a_Find User' is clicked on

2022-07-25 18:31:53 - [TEST_STEP][PASSED] - adminSuiteBootstrap.findUser.findUser_DD(row, dataFile): adminSuiteBootstrap.findUser.findUser_DD is PASSED

2022-07-25 18:31:54 - [MESSAGE][PASSED] - Text '' is set on object 'Object Repository/AdminSuiteBootstrap_Pages/UM_Bootstrap/FindUser/input_Username'

2022-07-25 18:31:55 - [MESSAGE][PASSED] - Text 'Christin' is set on object 'Object Repository/AdminSuiteBootstrap_Pages/UM_Bootstrap/FindUser/input_FirstName'

2022-07-25 18:31:55 - [MESSAGE][PASSED] - Text '' is set on object 'Object Repository/AdminSuiteBootstrap_Pages/UM_Bootstrap/FindUser/input_LastName'

2022-07-25 18:31:56 - [MESSAGE][PASSED] - All options with label 'Starts With' are selected in object 'Object Repository/AdminSuiteBootstrap_Pages/UM_Bootstrap/FindUser/select_SearchType' 

2022-07-25 18:31:59 - [MESSAGE][PASSED] - Object: 'Object Repository/AdminSuiteBootstrap_Pages/UM_Bootstrap/FindUser/button_Search' is clicked on

2022-07-25 18:31:59 - [MESSAGE][PASSED] - adminSuiteBootstrap.findUser.findUser_DD is PASSED

2022-07-25 18:31:59 - [TEST_STEP][PASSED] - if (verifyElementPresent(findTestObject(path_UserView + "button_Modify"), 30)): null

2022-07-25 18:31:59 - [MESSAGE][PASSED] - Object 'Object Repository/AdminSuiteBootstrap_Pages/UM_Bootstrap/UserView/button_Modify' is present

2022-07-25 18:31:59 - [TEST_STEP][PASSED] - verifyTextPresent("Email Address", true): Text 'Email Address' is present on page  using regular expression

2022-07-25 18:32:00 - [MESSAGE][PASSED] - Text 'Email Address' is present on page  using regular expression

2022-07-25 18:32:00 - [TEST_STEP][PASSED] - verifyTextPresent("iahmed@govolution.com", true): Text 'iahmed@govolution.com' is present on page  using regular expression

2022-07-25 18:32:00 - [MESSAGE][PASSED] - Text 'iahmed@govolution.com' is present on page  using regular expression

2022-07-25 18:32:00 - [TEST_STEP][PASSED] - verifyTextPresent("Username", true): Text 'Username' is present on page  using regular expression

2022-07-25 18:32:00 - [MESSAGE][PASSED] - Text 'Username' is present on page  using regular expression

2022-07-25 18:32:00 - [TEST_STEP][PASSED] - verifyTextPresent("chragui", true): Text 'chragui' is present on page  using regular expression

2022-07-25 18:32:01 - [MESSAGE][PASSED] - Text 'chragui' is present on page  using regular expression

2022-07-25 18:32:01 - [TEST_STEP][PASSED] - verifyTextPresent("Account Status", true): Text 'Account Status' is present on page  using regular expression

2022-07-25 18:32:01 - [MESSAGE][PASSED] - Text 'Account Status' is present on page  using regular expression

2022-07-25 18:32:01 - [TEST_STEP][PASSED] - verifyTextPresent("Active", true): Text 'Active' is present on page  using regular expression

2022-07-25 18:32:01 - [MESSAGE][PASSED] - Text 'Active' is present on page  using regular expression

2022-07-25 18:32:01 - [TEST_STEP][PASSED] - verifyTextPresent("Christinado Aguillerezo", true): Text 'Christinado Aguillerezo' is present on page  using regular expression

2022-07-25 18:32:01 - [MESSAGE][PASSED] - Text 'Christinado Aguillerezo' is present on page  using regular expression

2022-07-25 18:32:01 - [TEST_STEP][PASSED] - pages.CustomLogger.log_Logger("User was found", "Pass"): pages.CustomLogger.log_Logger is PASSED

2022-07-25 18:32:01 - [MESSAGE][PASSED] - User was found

2022-07-25 18:32:01 - [MESSAGE][PASSED] - pages.CustomLogger.log_Logger is PASSED

2022-07-25 18:32:01 - [TEST_STEP][PASSED] - closeBrowser(): Browser is closed

2022-07-25 18:32:02 - [MESSAGE][PASSED] - Browser is closed

2022-07-25 18:32:02 - [TEST_STEP][PASSED] - ExecuteTC = findTestData(dataFile).getValue("Execute", row): null

2022-07-25 18:32:02 - [TEST_STEP][PASSED] - out.println("Value of Execute is : " + ExecuteTC): null

2022-07-25 18:32:02 - [TEST_STEP][PASSED] - if (ExecuteTC.equalsIgnoreCase("Y")): Browser is closed

2022-07-25 18:32:02 - [TEST_STEP][PASSED] - out.println("Begin Record Number: " + row): null

2022-07-25 18:32:02 - [TEST_STEP][PASSED] - adminSuiteBootstrap.loginFunctionality.login_AdminSuite(): adminSuiteBootstrap.loginFunctionality.login_AdminSuite is PASSED

2022-07-25 18:32:03 - [MESSAGE][INFO] - Starting 'Chrome' driver

2022-07-25 18:32:03 - [MESSAGE][INFO] - User set preference: ['acceptInsecureCerts', 'true']

2022-07-25 18:32:03 - [MESSAGE][INFO] - Action delay is set to 0 milliseconds

2022-07-25 18:32:05 - [MESSAGE][PASSED] - Browser is opened with url: 'https://qa.velocitypayment.com/admin/imtiaz'

2022-07-25 18:32:05 - [MESSAGE][PASSED] - Current window maximized

2022-07-25 18:32:06 - [MESSAGE][PASSED] - Object 'Object Repository/Login_Page/Login_Username' is present

2022-07-25 18:32:06 - [MESSAGE][PASSED] - Text 'iahmed' is set on object 'Object Repository/Login_Page/Login_Username'

2022-07-25 18:32:07 - [MESSAGE][PASSED] - Text 'hello2222' is set on object 'Object Repository/Login_Page/Login_Password'

2022-07-25 18:32:12 - [MESSAGE][PASSED] - Object: 'Object Repository/Login_Page/Login_Submit' is clicked on

2022-07-25 18:32:12 - [MESSAGE][PASSED] - adminSuiteBootstrap.loginFunctionality.login_AdminSuite is PASSED

2022-07-25 18:32:12 - [TEST_STEP][PASSED] - click(findTestObject(path_Dashboard + "a_Access User Management")): Object: 'Object Repository/AdminSuiteBootstrap_Pages/Dashboard_Bootstrap/a_Access User Management' is clicked on

2022-07-25 18:32:13 - [MESSAGE][PASSED] - Object: 'Object Repository/AdminSuiteBootstrap_Pages/Dashboard_Bootstrap/a_Access User Management' is clicked on

2022-07-25 18:32:13 - [TEST_STEP][PASSED] - click(findTestObject(path_Users + "a_Find User")): Object: 'Object Repository/AdminSuiteBootstrap_Pages/UM_Bootstrap/Users/a_Find User' is clicked on

2022-07-25 18:32:13 - [MESSAGE][PASSED] - Object: 'Object Repository/AdminSuiteBootstrap_Pages/UM_Bootstrap/Users/a_Find User' is clicked on

2022-07-25 18:32:13 - [TEST_STEP][PASSED] - adminSuiteBootstrap.findUser.findUser_DD(row, dataFile): adminSuiteBootstrap.findUser.findUser_DD is PASSED

2022-07-25 18:32:14 - [MESSAGE][PASSED] - Text '' is set on object 'Object Repository/AdminSuiteBootstrap_Pages/UM_Bootstrap/FindUser/input_Username'

2022-07-25 18:32:15 - [MESSAGE][PASSED] - Text 'ristinado' is set on object 'Object Repository/AdminSuiteBootstrap_Pages/UM_Bootstrap/FindUser/input_FirstName'

2022-07-25 18:32:15 - [MESSAGE][PASSED] - Text '' is set on object 'Object Repository/AdminSuiteBootstrap_Pages/UM_Bootstrap/FindUser/input_LastName'

2022-07-25 18:32:16 - [MESSAGE][PASSED] - All options with label 'Ends With' are selected in object 'Object Repository/AdminSuiteBootstrap_Pages/UM_Bootstrap/FindUser/select_SearchType' 

2022-07-25 18:32:20 - [MESSAGE][PASSED] - Object: 'Object Repository/AdminSuiteBootstrap_Pages/UM_Bootstrap/FindUser/button_Search' is clicked on

2022-07-25 18:32:20 - [MESSAGE][PASSED] - adminSuiteBootstrap.findUser.findUser_DD is PASSED

2022-07-25 18:32:20 - [TEST_STEP][PASSED] - if (verifyElementPresent(findTestObject(path_UserView + "button_Modify"), 30)): null

2022-07-25 18:32:21 - [MESSAGE][PASSED] - Object 'Object Repository/AdminSuiteBootstrap_Pages/UM_Bootstrap/UserView/button_Modify' is present

2022-07-25 18:32:21 - [TEST_STEP][PASSED] - verifyTextPresent("Email Address", true): Text 'Email Address' is present on page  using regular expression

2022-07-25 18:32:21 - [MESSAGE][PASSED] - Text 'Email Address' is present on page  using regular expression

2022-07-25 18:32:21 - [TEST_STEP][PASSED] - verifyTextPresent("iahmed@govolution.com", true): Text 'iahmed@govolution.com' is present on page  using regular expression

2022-07-25 18:32:21 - [MESSAGE][PASSED] - Text 'iahmed@govolution.com' is present on page  using regular expression

2022-07-25 18:32:21 - [TEST_STEP][PASSED] - verifyTextPresent("Username", true): Text 'Username' is present on page  using regular expression

2022-07-25 18:32:22 - [MESSAGE][PASSED] - Text 'Username' is present on page  using regular expression

2022-07-25 18:32:22 - [TEST_STEP][PASSED] - verifyTextPresent("chragui", true): Text 'chragui' is present on page  using regular expression

2022-07-25 18:32:22 - [MESSAGE][PASSED] - Text 'chragui' is present on page  using regular expression

2022-07-25 18:32:22 - [TEST_STEP][PASSED] - verifyTextPresent("Account Status", true): Text 'Account Status' is present on page  using regular expression

2022-07-25 18:32:22 - [MESSAGE][PASSED] - Text 'Account Status' is present on page  using regular expression

2022-07-25 18:32:22 - [TEST_STEP][PASSED] - verifyTextPresent("Active", true): Text 'Active' is present on page  using regular expression

2022-07-25 18:32:23 - [MESSAGE][PASSED] - Text 'Active' is present on page  using regular expression

2022-07-25 18:32:23 - [TEST_STEP][PASSED] - verifyTextPresent("Christinado Aguillerezo", true): Text 'Christinado Aguillerezo' is present on page  using regular expression

2022-07-25 18:32:23 - [MESSAGE][PASSED] - Text 'Christinado Aguillerezo' is present on page  using regular expression

2022-07-25 18:32:23 - [TEST_STEP][PASSED] - pages.CustomLogger.log_Logger("User was found", "Pass"): pages.CustomLogger.log_Logger is PASSED

2022-07-25 18:32:23 - [MESSAGE][PASSED] - User was found

2022-07-25 18:32:23 - [MESSAGE][PASSED] - pages.CustomLogger.log_Logger is PASSED

2022-07-25 18:32:23 - [TEST_STEP][PASSED] - closeBrowser(): Browser is closed

2022-07-25 18:32:24 - [MESSAGE][PASSED] - Browser is closed

2022-07-25 18:32:24 - [TEST_STEP][PASSED] - ExecuteTC = findTestData(dataFile).getValue("Execute", row): null

2022-07-25 18:32:24 - [TEST_STEP][PASSED] - out.println("Value of Execute is : " + ExecuteTC): null

2022-07-25 18:32:24 - [TEST_STEP][PASSED] - if (ExecuteTC.equalsIgnoreCase("Y")): Browser is closed

2022-07-25 18:32:24 - [TEST_STEP][PASSED] - out.println("Begin Record Number: " + row): null

2022-07-25 18:32:24 - [TEST_STEP][PASSED] - adminSuiteBootstrap.loginFunctionality.login_AdminSuite(): adminSuiteBootstrap.loginFunctionality.login_AdminSuite is PASSED

2022-07-25 18:32:24 - [MESSAGE][INFO] - Starting 'Chrome' driver

2022-07-25 18:32:24 - [MESSAGE][INFO] - User set preference: ['acceptInsecureCerts', 'true']

2022-07-25 18:32:24 - [MESSAGE][INFO] - Action delay is set to 0 milliseconds

2022-07-25 18:32:28 - [MESSAGE][PASSED] - Browser is opened with url: 'https://qa.velocitypayment.com/admin/imtiaz'

2022-07-25 18:32:28 - [MESSAGE][PASSED] - Current window maximized

2022-07-25 18:32:29 - [MESSAGE][PASSED] - Object 'Object Repository/Login_Page/Login_Username' is present

2022-07-25 18:32:30 - [MESSAGE][PASSED] - Text 'iahmed' is set on object 'Object Repository/Login_Page/Login_Username'

2022-07-25 18:32:30 - [MESSAGE][PASSED] - Text 'hello2222' is set on object 'Object Repository/Login_Page/Login_Password'

2022-07-25 18:32:35 - [MESSAGE][PASSED] - Object: 'Object Repository/Login_Page/Login_Submit' is clicked on

2022-07-25 18:32:35 - [MESSAGE][PASSED] - adminSuiteBootstrap.loginFunctionality.login_AdminSuite is PASSED

2022-07-25 18:32:35 - [TEST_STEP][PASSED] - click(findTestObject(path_Dashboard + "a_Access User Management")): Object: 'Object Repository/AdminSuiteBootstrap_Pages/Dashboard_Bootstrap/a_Access User Management' is clicked on

2022-07-25 18:32:36 - [MESSAGE][PASSED] - Object: 'Object Repository/AdminSuiteBootstrap_Pages/Dashboard_Bootstrap/a_Access User Management' is clicked on

2022-07-25 18:32:36 - [TEST_STEP][PASSED] - click(findTestObject(path_Users + "a_Find User")): Object: 'Object Repository/AdminSuiteBootstrap_Pages/UM_Bootstrap/Users/a_Find User' is clicked on

2022-07-25 18:32:37 - [MESSAGE][PASSED] - Object: 'Object Repository/AdminSuiteBootstrap_Pages/UM_Bootstrap/Users/a_Find User' is clicked on

2022-07-25 18:32:37 - [TEST_STEP][PASSED] - adminSuiteBootstrap.findUser.findUser_DD(row, dataFile): adminSuiteBootstrap.findUser.findUser_DD is PASSED

2022-07-25 18:32:38 - [MESSAGE][PASSED] - Text '' is set on object 'Object Repository/AdminSuiteBootstrap_Pages/UM_Bootstrap/FindUser/input_Username'

2022-07-25 18:32:38 - [MESSAGE][PASSED] - Text 'hristina' is set on object 'Object Repository/AdminSuiteBootstrap_Pages/UM_Bootstrap/FindUser/input_FirstName'

2022-07-25 18:32:39 - [MESSAGE][PASSED] - Text '' is set on object 'Object Repository/AdminSuiteBootstrap_Pages/UM_Bootstrap/FindUser/input_LastName'

2022-07-25 18:32:40 - [MESSAGE][PASSED] - All options with label 'Contains' are selected in object 'Object Repository/AdminSuiteBootstrap_Pages/UM_Bootstrap/FindUser/select_SearchType' 

2022-07-25 18:32:45 - [MESSAGE][PASSED] - Object: 'Object Repository/AdminSuiteBootstrap_Pages/UM_Bootstrap/FindUser/button_Search' is clicked on

2022-07-25 18:32:45 - [MESSAGE][PASSED] - adminSuiteBootstrap.findUser.findUser_DD is PASSED

2022-07-25 18:32:45 - [TEST_STEP][PASSED] - if (verifyElementPresent(findTestObject(path_UserView + "button_Modify"), 30)): null

2022-07-25 18:32:46 - [MESSAGE][PASSED] - Object 'Object Repository/AdminSuiteBootstrap_Pages/UM_Bootstrap/UserView/button_Modify' is present

2022-07-25 18:32:46 - [TEST_STEP][PASSED] - verifyTextPresent("Email Address", true): Text 'Email Address' is present on page  using regular expression

2022-07-25 18:32:46 - [MESSAGE][PASSED] - Text 'Email Address' is present on page  using regular expression

2022-07-25 18:32:46 - [TEST_STEP][PASSED] - verifyTextPresent("iahmed@govolution.com", true): Text 'iahmed@govolution.com' is present on page  using regular expression

2022-07-25 18:32:47 - [MESSAGE][PASSED] - Text 'iahmed@govolution.com' is present on page  using regular expression

2022-07-25 18:32:47 - [TEST_STEP][PASSED] - verifyTextPresent("Username", true): Text 'Username' is present on page  using regular expression

2022-07-25 18:32:47 - [MESSAGE][PASSED] - Text 'Username' is present on page  using regular expression

2022-07-25 18:32:47 - [TEST_STEP][PASSED] - verifyTextPresent("chragui", true): Text 'chragui' is present on page  using regular expression

2022-07-25 18:32:47 - [MESSAGE][PASSED] - Text 'chragui' is present on page  using regular expression

2022-07-25 18:32:47 - [TEST_STEP][PASSED] - verifyTextPresent("Account Status", true): Text 'Account Status' is present on page  using regular expression

2022-07-25 18:32:48 - [MESSAGE][PASSED] - Text 'Account Status' is present on page  using regular expression

2022-07-25 18:32:48 - [TEST_STEP][PASSED] - verifyTextPresent("Active", true): Text 'Active' is present on page  using regular expression

2022-07-25 18:32:48 - [MESSAGE][PASSED] - Text 'Active' is present on page  using regular expression

2022-07-25 18:32:48 - [TEST_STEP][PASSED] - verifyTextPresent("Christinado Aguillerezo", true): Text 'Christinado Aguillerezo' is present on page  using regular expression

2022-07-25 18:32:48 - [MESSAGE][PASSED] - Text 'Christinado Aguillerezo' is present on page  using regular expression

2022-07-25 18:32:48 - [TEST_STEP][PASSED] - pages.CustomLogger.log_Logger("User was found", "Pass"): pages.CustomLogger.log_Logger is PASSED

2022-07-25 18:32:48 - [MESSAGE][PASSED] - User was found

2022-07-25 18:32:48 - [MESSAGE][PASSED] - pages.CustomLogger.log_Logger is PASSED

2022-07-25 18:32:48 - [TEST_STEP][PASSED] - closeBrowser(): Browser is closed

2022-07-25 18:32:49 - [MESSAGE][PASSED] - Browser is closed

2022-07-25 18:32:49 - [TEST_STEP][PASSED] - ExecuteTC = findTestData(dataFile).getValue("Execute", row): null

2022-07-25 18:32:49 - [TEST_STEP][PASSED] - out.println("Value of Execute is : " + ExecuteTC): null

2022-07-25 18:32:49 - [TEST_STEP][PASSED] - if (ExecuteTC.equalsIgnoreCase("Y")): Browser is closed

2022-07-25 18:32:49 - [TEST_STEP][PASSED] - out.println("Begin Record Number: " + row): null

2022-07-25 18:32:49 - [TEST_STEP][PASSED] - adminSuiteBootstrap.loginFunctionality.login_AdminSuite(): adminSuiteBootstrap.loginFunctionality.login_AdminSuite is PASSED

2022-07-25 18:32:49 - [MESSAGE][INFO] - Starting 'Chrome' driver

2022-07-25 18:32:49 - [MESSAGE][INFO] - User set preference: ['acceptInsecureCerts', 'true']

2022-07-25 18:32:49 - [MESSAGE][INFO] - Action delay is set to 0 milliseconds

2022-07-25 18:32:53 - [MESSAGE][PASSED] - Browser is opened with url: 'https://qa.velocitypayment.com/admin/imtiaz'

2022-07-25 18:32:53 - [MESSAGE][PASSED] - Current window maximized

2022-07-25 18:32:53 - [MESSAGE][PASSED] - Object 'Object Repository/Login_Page/Login_Username' is present

2022-07-25 18:32:54 - [MESSAGE][PASSED] - Text 'iahmed' is set on object 'Object Repository/Login_Page/Login_Username'

2022-07-25 18:32:55 - [MESSAGE][PASSED] - Text 'hello2222' is set on object 'Object Repository/Login_Page/Login_Password'

2022-07-25 18:33:00 - [MESSAGE][PASSED] - Object: 'Object Repository/Login_Page/Login_Submit' is clicked on

2022-07-25 18:33:00 - [MESSAGE][PASSED] - adminSuiteBootstrap.loginFunctionality.login_AdminSuite is PASSED

2022-07-25 18:33:00 - [TEST_STEP][PASSED] - click(findTestObject(path_Dashboard + "a_Access User Management")): Object: 'Object Repository/AdminSuiteBootstrap_Pages/Dashboard_Bootstrap/a_Access User Management' is clicked on

2022-07-25 18:33:01 - [MESSAGE][PASSED] - Object: 'Object Repository/AdminSuiteBootstrap_Pages/Dashboard_Bootstrap/a_Access User Management' is clicked on

2022-07-25 18:33:01 - [TEST_STEP][PASSED] - click(findTestObject(path_Users + "a_Find User")): Object: 'Object Repository/AdminSuiteBootstrap_Pages/UM_Bootstrap/Users/a_Find User' is clicked on

2022-07-25 18:33:01 - [MESSAGE][PASSED] - Object: 'Object Repository/AdminSuiteBootstrap_Pages/UM_Bootstrap/Users/a_Find User' is clicked on

2022-07-25 18:33:01 - [TEST_STEP][PASSED] - adminSuiteBootstrap.findUser.findUser_DD(row, dataFile): adminSuiteBootstrap.findUser.findUser_DD is PASSED

2022-07-25 18:33:02 - [MESSAGE][PASSED] - Text '' is set on object 'Object Repository/AdminSuiteBootstrap_Pages/UM_Bootstrap/FindUser/input_Username'

2022-07-25 18:33:03 - [MESSAGE][PASSED] - Text '' is set on object 'Object Repository/AdminSuiteBootstrap_Pages/UM_Bootstrap/FindUser/input_FirstName'

2022-07-25 18:33:03 - [MESSAGE][PASSED] - Text 'Aguillerezo' is set on object 'Object Repository/AdminSuiteBootstrap_Pages/UM_Bootstrap/FindUser/input_LastName'

2022-07-25 18:33:04 - [MESSAGE][PASSED] - All options with label 'Exact Match' are selected in object 'Object Repository/AdminSuiteBootstrap_Pages/UM_Bootstrap/FindUser/select_SearchType' 

2022-07-25 18:33:12 - [MESSAGE][PASSED] - Object: 'Object Repository/AdminSuiteBootstrap_Pages/UM_Bootstrap/FindUser/button_Search' is clicked on

2022-07-25 18:33:12 - [MESSAGE][PASSED] - adminSuiteBootstrap.findUser.findUser_DD is PASSED

2022-07-25 18:33:12 - [TEST_STEP][PASSED] - if (verifyElementPresent(findTestObject(path_UserView + "button_Modify"), 30)): null

2022-07-25 18:33:12 - [MESSAGE][PASSED] - Object 'Object Repository/AdminSuiteBootstrap_Pages/UM_Bootstrap/UserView/button_Modify' is present

2022-07-25 18:33:12 - [TEST_STEP][PASSED] - verifyTextPresent("Email Address", true): Text 'Email Address' is present on page  using regular expression

2022-07-25 18:33:12 - [MESSAGE][PASSED] - Text 'Email Address' is present on page  using regular expression

2022-07-25 18:33:12 - [TEST_STEP][PASSED] - verifyTextPresent("iahmed@govolution.com", true): Text 'iahmed@govolution.com' is present on page  using regular expression

2022-07-25 18:33:13 - [MESSAGE][PASSED] - Text 'iahmed@govolution.com' is present on page  using regular expression

2022-07-25 18:33:13 - [TEST_STEP][PASSED] - verifyTextPresent("Username", true): Text 'Username' is present on page  using regular expression

2022-07-25 18:33:13 - [MESSAGE][PASSED] - Text 'Username' is present on page  using regular expression

2022-07-25 18:33:13 - [TEST_STEP][PASSED] - verifyTextPresent("chragui", true): Text 'chragui' is present on page  using regular expression

2022-07-25 18:33:13 - [MESSAGE][PASSED] - Text 'chragui' is present on page  using regular expression

2022-07-25 18:33:13 - [TEST_STEP][PASSED] - verifyTextPresent("Account Status", true): Text 'Account Status' is present on page  using regular expression

2022-07-25 18:33:14 - [MESSAGE][PASSED] - Text 'Account Status' is present on page  using regular expression

2022-07-25 18:33:14 - [TEST_STEP][PASSED] - verifyTextPresent("Active", true): Text 'Active' is present on page  using regular expression

2022-07-25 18:33:14 - [MESSAGE][PASSED] - Text 'Active' is present on page  using regular expression

2022-07-25 18:33:14 - [TEST_STEP][PASSED] - verifyTextPresent("Christinado Aguillerezo", true): Text 'Christinado Aguillerezo' is present on page  using regular expression

2022-07-25 18:33:15 - [MESSAGE][PASSED] - Text 'Christinado Aguillerezo' is present on page  using regular expression

2022-07-25 18:33:15 - [TEST_STEP][PASSED] - pages.CustomLogger.log_Logger("User was found", "Pass"): pages.CustomLogger.log_Logger is PASSED

2022-07-25 18:33:15 - [MESSAGE][PASSED] - User was found

2022-07-25 18:33:15 - [MESSAGE][PASSED] - pages.CustomLogger.log_Logger is PASSED

2022-07-25 18:33:15 - [TEST_STEP][PASSED] - closeBrowser(): Browser is closed

2022-07-25 18:33:15 - [MESSAGE][PASSED] - Browser is closed

2022-07-25 18:33:15 - [TEST_STEP][PASSED] - ExecuteTC = findTestData(dataFile).getValue("Execute", row): null

2022-07-25 18:33:16 - [TEST_STEP][PASSED] - out.println("Value of Execute is : " + ExecuteTC): null

2022-07-25 18:33:16 - [TEST_STEP][PASSED] - if (ExecuteTC.equalsIgnoreCase("Y")): Browser is closed

2022-07-25 18:33:16 - [TEST_STEP][PASSED] - out.println("Begin Record Number: " + row): null

2022-07-25 18:33:16 - [TEST_STEP][PASSED] - adminSuiteBootstrap.loginFunctionality.login_AdminSuite(): adminSuiteBootstrap.loginFunctionality.login_AdminSuite is PASSED

2022-07-25 18:33:16 - [MESSAGE][INFO] - Starting 'Chrome' driver

2022-07-25 18:33:16 - [MESSAGE][INFO] - User set preference: ['acceptInsecureCerts', 'true']

2022-07-25 18:33:16 - [MESSAGE][INFO] - Action delay is set to 0 milliseconds

2022-07-25 18:33:19 - [MESSAGE][PASSED] - Browser is opened with url: 'https://qa.velocitypayment.com/admin/imtiaz'

2022-07-25 18:33:19 - [MESSAGE][PASSED] - Current window maximized

2022-07-25 18:33:20 - [MESSAGE][PASSED] - Object 'Object Repository/Login_Page/Login_Username' is present

2022-07-25 18:33:21 - [MESSAGE][PASSED] - Text 'iahmed' is set on object 'Object Repository/Login_Page/Login_Username'

2022-07-25 18:33:21 - [MESSAGE][PASSED] - Text 'hello2222' is set on object 'Object Repository/Login_Page/Login_Password'

2022-07-25 18:33:27 - [MESSAGE][PASSED] - Object: 'Object Repository/Login_Page/Login_Submit' is clicked on

2022-07-25 18:33:27 - [MESSAGE][PASSED] - adminSuiteBootstrap.loginFunctionality.login_AdminSuite is PASSED

2022-07-25 18:33:27 - [TEST_STEP][PASSED] - click(findTestObject(path_Dashboard + "a_Access User Management")): Object: 'Object Repository/AdminSuiteBootstrap_Pages/Dashboard_Bootstrap/a_Access User Management' is clicked on

2022-07-25 18:33:28 - [MESSAGE][PASSED] - Object: 'Object Repository/AdminSuiteBootstrap_Pages/Dashboard_Bootstrap/a_Access User Management' is clicked on

2022-07-25 18:33:28 - [TEST_STEP][PASSED] - click(findTestObject(path_Users + "a_Find User")): Object: 'Object Repository/AdminSuiteBootstrap_Pages/UM_Bootstrap/Users/a_Find User' is clicked on

2022-07-25 18:33:28 - [MESSAGE][PASSED] - Object: 'Object Repository/AdminSuiteBootstrap_Pages/UM_Bootstrap/Users/a_Find User' is clicked on

2022-07-25 18:33:28 - [TEST_STEP][PASSED] - adminSuiteBootstrap.findUser.findUser_DD(row, dataFile): adminSuiteBootstrap.findUser.findUser_DD is PASSED

2022-07-25 18:33:29 - [MESSAGE][PASSED] - Text '' is set on object 'Object Repository/AdminSuiteBootstrap_Pages/UM_Bootstrap/FindUser/input_Username'

2022-07-25 18:33:30 - [MESSAGE][PASSED] - Text '' is set on object 'Object Repository/AdminSuiteBootstrap_Pages/UM_Bootstrap/FindUser/input_FirstName'

2022-07-25 18:33:31 - [MESSAGE][PASSED] - Text 'Aguille' is set on object 'Object Repository/AdminSuiteBootstrap_Pages/UM_Bootstrap/FindUser/input_LastName'

2022-07-25 18:33:31 - [MESSAGE][PASSED] - All options with label 'Starts With' are selected in object 'Object Repository/AdminSuiteBootstrap_Pages/UM_Bootstrap/FindUser/select_SearchType' 

2022-07-25 18:33:35 - [MESSAGE][PASSED] - Object: 'Object Repository/AdminSuiteBootstrap_Pages/UM_Bootstrap/FindUser/button_Search' is clicked on

2022-07-25 18:33:35 - [MESSAGE][PASSED] - adminSuiteBootstrap.findUser.findUser_DD is PASSED

2022-07-25 18:33:35 - [TEST_STEP][PASSED] - if (verifyElementPresent(findTestObject(path_UserView + "button_Modify"), 30)): null

2022-07-25 18:33:36 - [MESSAGE][PASSED] - Object 'Object Repository/AdminSuiteBootstrap_Pages/UM_Bootstrap/UserView/button_Modify' is present

2022-07-25 18:33:36 - [TEST_STEP][PASSED] - verifyTextPresent("Email Address", true): Text 'Email Address' is present on page  using regular expression

2022-07-25 18:33:36 - [MESSAGE][PASSED] - Text 'Email Address' is present on page  using regular expression

2022-07-25 18:33:36 - [TEST_STEP][PASSED] - verifyTextPresent("iahmed@govolution.com", true): Text 'iahmed@govolution.com' is present on page  using regular expression

2022-07-25 18:33:36 - [MESSAGE][PASSED] - Text 'iahmed@govolution.com' is present on page  using regular expression

2022-07-25 18:33:36 - [TEST_STEP][PASSED] - verifyTextPresent("Username", true): Text 'Username' is present on page  using regular expression

2022-07-25 18:33:37 - [MESSAGE][PASSED] - Text 'Username' is present on page  using regular expression

2022-07-25 18:33:37 - [TEST_STEP][PASSED] - verifyTextPresent("chragui", true): Text 'chragui' is present on page  using regular expression

2022-07-25 18:33:37 - [MESSAGE][PASSED] - Text 'chragui' is present on page  using regular expression

2022-07-25 18:33:37 - [TEST_STEP][PASSED] - verifyTextPresent("Account Status", true): Text 'Account Status' is present on page  using regular expression

2022-07-25 18:33:37 - [MESSAGE][PASSED] - Text 'Account Status' is present on page  using regular expression

2022-07-25 18:33:37 - [TEST_STEP][PASSED] - verifyTextPresent("Active", true): Text 'Active' is present on page  using regular expression

2022-07-25 18:33:37 - [MESSAGE][PASSED] - Text 'Active' is present on page  using regular expression

2022-07-25 18:33:37 - [TEST_STEP][PASSED] - verifyTextPresent("Christinado Aguillerezo", true): Text 'Christinado Aguillerezo' is present on page  using regular expression

2022-07-25 18:33:38 - [MESSAGE][PASSED] - Text 'Christinado Aguillerezo' is present on page  using regular expression

2022-07-25 18:33:38 - [TEST_STEP][PASSED] - pages.CustomLogger.log_Logger("User was found", "Pass"): pages.CustomLogger.log_Logger is PASSED

2022-07-25 18:33:38 - [MESSAGE][PASSED] - User was found

2022-07-25 18:33:38 - [MESSAGE][PASSED] - pages.CustomLogger.log_Logger is PASSED

2022-07-25 18:33:38 - [TEST_STEP][PASSED] - closeBrowser(): Browser is closed

2022-07-25 18:33:39 - [MESSAGE][PASSED] - Browser is closed

2022-07-25 18:33:39 - [TEST_STEP][PASSED] - ExecuteTC = findTestData(dataFile).getValue("Execute", row): null

2022-07-25 18:33:39 - [TEST_STEP][PASSED] - out.println("Value of Execute is : " + ExecuteTC): null

2022-07-25 18:33:39 - [TEST_STEP][PASSED] - if (ExecuteTC.equalsIgnoreCase("Y")): Browser is closed

2022-07-25 18:33:39 - [TEST_STEP][PASSED] - out.println("Begin Record Number: " + row): null

2022-07-25 18:33:39 - [TEST_STEP][PASSED] - adminSuiteBootstrap.loginFunctionality.login_AdminSuite(): adminSuiteBootstrap.loginFunctionality.login_AdminSuite is PASSED

2022-07-25 18:33:39 - [MESSAGE][INFO] - Starting 'Chrome' driver

2022-07-25 18:33:39 - [MESSAGE][INFO] - User set preference: ['acceptInsecureCerts', 'true']

2022-07-25 18:33:39 - [MESSAGE][INFO] - Action delay is set to 0 milliseconds

2022-07-25 18:33:42 - [MESSAGE][PASSED] - Browser is opened with url: 'https://qa.velocitypayment.com/admin/imtiaz'

2022-07-25 18:33:42 - [MESSAGE][PASSED] - Current window maximized

2022-07-25 18:33:43 - [MESSAGE][PASSED] - Object 'Object Repository/Login_Page/Login_Username' is present

2022-07-25 18:33:44 - [MESSAGE][PASSED] - Text 'iahmed' is set on object 'Object Repository/Login_Page/Login_Username'

2022-07-25 18:33:44 - [MESSAGE][PASSED] - Text 'hello2222' is set on object 'Object Repository/Login_Page/Login_Password'

2022-07-25 18:33:48 - [MESSAGE][PASSED] - Object: 'Object Repository/Login_Page/Login_Submit' is clicked on

2022-07-25 18:33:48 - [MESSAGE][PASSED] - adminSuiteBootstrap.loginFunctionality.login_AdminSuite is PASSED

2022-07-25 18:33:48 - [TEST_STEP][PASSED] - click(findTestObject(path_Dashboard + "a_Access User Management")): Object: 'Object Repository/AdminSuiteBootstrap_Pages/Dashboard_Bootstrap/a_Access User Management' is clicked on

2022-07-25 18:33:49 - [MESSAGE][PASSED] - Object: 'Object Repository/AdminSuiteBootstrap_Pages/Dashboard_Bootstrap/a_Access User Management' is clicked on

2022-07-25 18:33:49 - [TEST_STEP][PASSED] - click(findTestObject(path_Users + "a_Find User")): Object: 'Object Repository/AdminSuiteBootstrap_Pages/UM_Bootstrap/Users/a_Find User' is clicked on

2022-07-25 18:33:49 - [MESSAGE][PASSED] - Object: 'Object Repository/AdminSuiteBootstrap_Pages/UM_Bootstrap/Users/a_Find User' is clicked on

2022-07-25 18:33:49 - [TEST_STEP][PASSED] - adminSuiteBootstrap.findUser.findUser_DD(row, dataFile): adminSuiteBootstrap.findUser.findUser_DD is PASSED

2022-07-25 18:33:50 - [MESSAGE][PASSED] - Text '' is set on object 'Object Repository/AdminSuiteBootstrap_Pages/UM_Bootstrap/FindUser/input_Username'

2022-07-25 18:33:51 - [MESSAGE][PASSED] - Text '' is set on object 'Object Repository/AdminSuiteBootstrap_Pages/UM_Bootstrap/FindUser/input_FirstName'

2022-07-25 18:33:52 - [MESSAGE][PASSED] - Text 'uillerezo' is set on object 'Object Repository/AdminSuiteBootstrap_Pages/UM_Bootstrap/FindUser/input_LastName'

2022-07-25 18:33:52 - [MESSAGE][PASSED] - All options with label 'Ends With' are selected in object 'Object Repository/AdminSuiteBootstrap_Pages/UM_Bootstrap/FindUser/select_SearchType' 

2022-07-25 18:33:56 - [MESSAGE][PASSED] - Object: 'Object Repository/AdminSuiteBootstrap_Pages/UM_Bootstrap/FindUser/button_Search' is clicked on

2022-07-25 18:33:56 - [MESSAGE][PASSED] - adminSuiteBootstrap.findUser.findUser_DD is PASSED

2022-07-25 18:33:56 - [TEST_STEP][PASSED] - if (verifyElementPresent(findTestObject(path_UserView + "button_Modify"), 30)): null

2022-07-25 18:33:56 - [MESSAGE][PASSED] - Object 'Object Repository/AdminSuiteBootstrap_Pages/UM_Bootstrap/UserView/button_Modify' is present

2022-07-25 18:33:56 - [TEST_STEP][PASSED] - verifyTextPresent("Email Address", true): Text 'Email Address' is present on page  using regular expression

2022-07-25 18:33:57 - [MESSAGE][PASSED] - Text 'Email Address' is present on page  using regular expression

2022-07-25 18:33:57 - [TEST_STEP][PASSED] - verifyTextPresent("iahmed@govolution.com", true): Text 'iahmed@govolution.com' is present on page  using regular expression

2022-07-25 18:33:57 - [MESSAGE][PASSED] - Text 'iahmed@govolution.com' is present on page  using regular expression

2022-07-25 18:33:57 - [TEST_STEP][PASSED] - verifyTextPresent("Username", true): Text 'Username' is present on page  using regular expression

2022-07-25 18:33:57 - [MESSAGE][PASSED] - Text 'Username' is present on page  using regular expression

2022-07-25 18:33:57 - [TEST_STEP][PASSED] - verifyTextPresent("chragui", true): Text 'chragui' is present on page  using regular expression

2022-07-25 18:33:58 - [MESSAGE][PASSED] - Text 'chragui' is present on page  using regular expression

2022-07-25 18:33:58 - [TEST_STEP][PASSED] - verifyTextPresent("Account Status", true): Text 'Account Status' is present on page  using regular expression

2022-07-25 18:33:58 - [MESSAGE][PASSED] - Text 'Account Status' is present on page  using regular expression

2022-07-25 18:33:58 - [TEST_STEP][PASSED] - verifyTextPresent("Active", true): Text 'Active' is present on page  using regular expression

2022-07-25 18:33:58 - [MESSAGE][PASSED] - Text 'Active' is present on page  using regular expression

2022-07-25 18:33:58 - [TEST_STEP][PASSED] - verifyTextPresent("Christinado Aguillerezo", true): Text 'Christinado Aguillerezo' is present on page  using regular expression

2022-07-25 18:33:59 - [MESSAGE][PASSED] - Text 'Christinado Aguillerezo' is present on page  using regular expression

2022-07-25 18:33:59 - [TEST_STEP][PASSED] - pages.CustomLogger.log_Logger("User was found", "Pass"): pages.CustomLogger.log_Logger is PASSED

2022-07-25 18:33:59 - [MESSAGE][PASSED] - User was found

2022-07-25 18:33:59 - [MESSAGE][PASSED] - pages.CustomLogger.log_Logger is PASSED

2022-07-25 18:33:59 - [TEST_STEP][PASSED] - closeBrowser(): Browser is closed

2022-07-25 18:34:00 - [MESSAGE][PASSED] - Browser is closed

2022-07-25 18:34:00 - [TEST_STEP][PASSED] - ExecuteTC = findTestData(dataFile).getValue("Execute", row): null

2022-07-25 18:34:00 - [TEST_STEP][PASSED] - out.println("Value of Execute is : " + ExecuteTC): null

2022-07-25 18:34:00 - [TEST_STEP][PASSED] - if (ExecuteTC.equalsIgnoreCase("Y")): Browser is closed

2022-07-25 18:34:00 - [TEST_STEP][PASSED] - out.println("Begin Record Number: " + row): null

2022-07-25 18:34:00 - [TEST_STEP][PASSED] - adminSuiteBootstrap.loginFunctionality.login_AdminSuite(): adminSuiteBootstrap.loginFunctionality.login_AdminSuite is PASSED

2022-07-25 18:34:00 - [MESSAGE][INFO] - Starting 'Chrome' driver

2022-07-25 18:34:00 - [MESSAGE][INFO] - User set preference: ['acceptInsecureCerts', 'true']

2022-07-25 18:34:00 - [MESSAGE][INFO] - Action delay is set to 0 milliseconds

2022-07-25 18:34:03 - [MESSAGE][PASSED] - Browser is opened with url: 'https://qa.velocitypayment.com/admin/imtiaz'

2022-07-25 18:34:03 - [MESSAGE][PASSED] - Current window maximized

2022-07-25 18:34:03 - [MESSAGE][PASSED] - Object 'Object Repository/Login_Page/Login_Username' is present

2022-07-25 18:34:04 - [MESSAGE][PASSED] - Text 'iahmed' is set on object 'Object Repository/Login_Page/Login_Username'

2022-07-25 18:34:05 - [MESSAGE][PASSED] - Text 'hello2222' is set on object 'Object Repository/Login_Page/Login_Password'

2022-07-25 18:34:09 - [MESSAGE][PASSED] - Object: 'Object Repository/Login_Page/Login_Submit' is clicked on

2022-07-25 18:34:09 - [MESSAGE][PASSED] - adminSuiteBootstrap.loginFunctionality.login_AdminSuite is PASSED

2022-07-25 18:34:09 - [TEST_STEP][PASSED] - click(findTestObject(path_Dashboard + "a_Access User Management")): Object: 'Object Repository/AdminSuiteBootstrap_Pages/Dashboard_Bootstrap/a_Access User Management' is clicked on

2022-07-25 18:34:10 - [MESSAGE][PASSED] - Object: 'Object Repository/AdminSuiteBootstrap_Pages/Dashboard_Bootstrap/a_Access User Management' is clicked on

2022-07-25 18:34:10 - [TEST_STEP][PASSED] - click(findTestObject(path_Users + "a_Find User")): Object: 'Object Repository/AdminSuiteBootstrap_Pages/UM_Bootstrap/Users/a_Find User' is clicked on

2022-07-25 18:34:10 - [MESSAGE][PASSED] - Object: 'Object Repository/AdminSuiteBootstrap_Pages/UM_Bootstrap/Users/a_Find User' is clicked on

2022-07-25 18:34:10 - [TEST_STEP][PASSED] - adminSuiteBootstrap.findUser.findUser_DD(row, dataFile): adminSuiteBootstrap.findUser.findUser_DD is PASSED

2022-07-25 18:34:11 - [MESSAGE][PASSED] - Text '' is set on object 'Object Repository/AdminSuiteBootstrap_Pages/UM_Bootstrap/FindUser/input_Username'

2022-07-25 18:34:12 - [MESSAGE][PASSED] - Text '' is set on object 'Object Repository/AdminSuiteBootstrap_Pages/UM_Bootstrap/FindUser/input_FirstName'

2022-07-25 18:34:12 - [MESSAGE][PASSED] - Text 'uillere' is set on object 'Object Repository/AdminSuiteBootstrap_Pages/UM_Bootstrap/FindUser/input_LastName'

2022-07-25 18:34:13 - [MESSAGE][PASSED] - All options with label 'Contains' are selected in object 'Object Repository/AdminSuiteBootstrap_Pages/UM_Bootstrap/FindUser/select_SearchType' 

2022-07-25 18:34:17 - [MESSAGE][PASSED] - Object: 'Object Repository/AdminSuiteBootstrap_Pages/UM_Bootstrap/FindUser/button_Search' is clicked on

2022-07-25 18:34:17 - [MESSAGE][PASSED] - adminSuiteBootstrap.findUser.findUser_DD is PASSED

2022-07-25 18:34:17 - [TEST_STEP][PASSED] - if (verifyElementPresent(findTestObject(path_UserView + "button_Modify"), 30)): null

2022-07-25 18:34:17 - [MESSAGE][PASSED] - Object 'Object Repository/AdminSuiteBootstrap_Pages/UM_Bootstrap/UserView/button_Modify' is present

2022-07-25 18:34:17 - [TEST_STEP][PASSED] - verifyTextPresent("Email Address", true): Text 'Email Address' is present on page  using regular expression

2022-07-25 18:34:18 - [MESSAGE][PASSED] - Text 'Email Address' is present on page  using regular expression

2022-07-25 18:34:18 - [TEST_STEP][PASSED] - verifyTextPresent("iahmed@govolution.com", true): Text 'iahmed@govolution.com' is present on page  using regular expression

2022-07-25 18:34:18 - [MESSAGE][PASSED] - Text 'iahmed@govolution.com' is present on page  using regular expression

2022-07-25 18:34:18 - [TEST_STEP][PASSED] - verifyTextPresent("Username", true): Text 'Username' is present on page  using regular expression

2022-07-25 18:34:18 - [MESSAGE][PASSED] - Text 'Username' is present on page  using regular expression

2022-07-25 18:34:18 - [TEST_STEP][PASSED] - verifyTextPresent("chragui", true): Text 'chragui' is present on page  using regular expression

2022-07-25 18:34:19 - [MESSAGE][PASSED] - Text 'chragui' is present on page  using regular expression

2022-07-25 18:34:19 - [TEST_STEP][PASSED] - verifyTextPresent("Account Status", true): Text 'Account Status' is present on page  using regular expression

2022-07-25 18:34:19 - [MESSAGE][PASSED] - Text 'Account Status' is present on page  using regular expression

2022-07-25 18:34:19 - [TEST_STEP][PASSED] - verifyTextPresent("Active", true): Text 'Active' is present on page  using regular expression

2022-07-25 18:34:19 - [MESSAGE][PASSED] - Text 'Active' is present on page  using regular expression

2022-07-25 18:34:19 - [TEST_STEP][PASSED] - verifyTextPresent("Christinado Aguillerezo", true): Text 'Christinado Aguillerezo' is present on page  using regular expression

2022-07-25 18:34:19 - [MESSAGE][PASSED] - Text 'Christinado Aguillerezo' is present on page  using regular expression

2022-07-25 18:34:19 - [TEST_STEP][PASSED] - pages.CustomLogger.log_Logger("User was found", "Pass"): pages.CustomLogger.log_Logger is PASSED

2022-07-25 18:34:19 - [MESSAGE][PASSED] - User was found

2022-07-25 18:34:19 - [MESSAGE][PASSED] - pages.CustomLogger.log_Logger is PASSED

2022-07-25 18:34:19 - [TEST_STEP][PASSED] - closeBrowser(): Browser is closed

2022-07-25 18:34:20 - [MESSAGE][PASSED] - Browser is closed]]></system-out>
         <system-err><![CDATA[]]></system-err>
      </testcase>
      <testcase name="Test Cases/Admin Suite Bootstrap/UM_TestCases/Users/PasswordCaseSen" time="7.776" classname="Test Cases/Admin Suite Bootstrap/UM_TestCases/Users/PasswordCaseSen" status="PASSED">
         <system-out><![CDATA[2022-07-25 18:34:20 - [TEST_CASE][PASSED] - Test Cases/Admin Suite Bootstrap/UM_TestCases/Users/PasswordCaseSen: Test Cases/Admin Suite Bootstrap/UM_TestCases/Users/PasswordCaseSen

2022-07-25 18:34:21 - [TEST_STEP][PASSED] - path_Dashboard = "Object Repository/AdminSuiteBootstrap_Pages/Dashboard_Bootstrap/": null

2022-07-25 18:34:21 - [TEST_STEP][PASSED] - executionProfile = getExecutionProfile(): null

2022-07-25 18:34:21 - [TEST_STEP][PASSED] - out.println("executionProfile : " + executionProfile): null

2022-07-25 18:34:21 - [TEST_STEP][PASSED] - appName = <not implemented yet for class: org.codehaus.groovy.ast.expr.EmptyExpression>: null

2022-07-25 18:34:21 - [TEST_STEP][PASSED] - appID = <not implemented yet for class: org.codehaus.groovy.ast.expr.EmptyExpression>: null

2022-07-25 18:34:21 - [TEST_STEP][PASSED] - username_from = <not implemented yet for class: org.codehaus.groovy.ast.expr.EmptyExpression>: null

2022-07-25 18:34:21 - [TEST_STEP][PASSED] - password_from = <not implemented yet for class: org.codehaus.groovy.ast.expr.EmptyExpression>: null

2022-07-25 18:34:21 - [TEST_STEP][PASSED] - nameSheet = "PassCase": null

2022-07-25 18:34:21 - [TEST_STEP][PASSED] - dataFile = "QA/Bootstrap/UM-TestData/PassCase": null

2022-07-25 18:34:21 - [TEST_STEP][PASSED] - numOfRows = findTestData("QA/Bootstrap/UM-TestData/PassCase").getRowNumbers(): null

2022-07-25 18:34:21 - [TEST_STEP][PASSED] - println("Number of Records: " + numOfRows): null

2022-07-25 18:34:21 - [TEST_STEP][PASSED] - for ([row = 1, row <= numOfRows, (row++)]): null

2022-07-25 18:34:21 - [TEST_STEP][PASSED] - ExecuteTC = findTestData(dataFile).getValue("Execute", row): null

2022-07-25 18:34:21 - [TEST_STEP][PASSED] - out.println("Value of Execute is : " + ExecuteTC): null

2022-07-25 18:34:21 - [TEST_STEP][PASSED] - if (ExecuteTC.equalsIgnoreCase("Y")): null

2022-07-25 18:34:21 - [TEST_STEP][PASSED] - out.println("Begin Record Number: " + row): null

2022-07-25 18:34:21 - [TEST_STEP][PASSED] - username_from = findTestData(dataFile).getValue("Username", row): null

2022-07-25 18:34:21 - [TEST_STEP][PASSED] - password_from = findTestData(dataFile).getValue("Password", row): null

2022-07-25 18:34:21 - [TEST_STEP][PASSED] - adminSuiteBootstrap.loginFunctionality.login_AdminSuite_DD(username_from, password_from): adminSuiteBootstrap.loginFunctionality.login_AdminSuite_DD is PASSED

2022-07-25 18:34:21 - [MESSAGE][INFO] - Starting 'Chrome' driver

2022-07-25 18:34:21 - [MESSAGE][INFO] - User set preference: ['acceptInsecureCerts', 'true']

2022-07-25 18:34:21 - [MESSAGE][INFO] - Action delay is set to 0 milliseconds

2022-07-25 18:34:25 - [MESSAGE][PASSED] - Browser is opened with url: 'https://qa.velocitypayment.com/admin/imtiaz'

2022-07-25 18:34:25 - [MESSAGE][PASSED] - Current window maximized

2022-07-25 18:34:26 - [MESSAGE][PASSED] - Object 'Object Repository/Login_Page/Login_Username' is present

2022-07-25 18:34:26 - [MESSAGE][PASSED] - Text 'CASEuser' is set on object 'Object Repository/Login_Page/Login_Username'

2022-07-25 18:34:27 - [MESSAGE][PASSED] - Text 'HELLO2222' is set on object 'Object Repository/Login_Page/Login_Password'

2022-07-25 18:34:28 - [MESSAGE][PASSED] - Object: 'Object Repository/Login_Page/Login_Submit' is clicked on

2022-07-25 18:34:28 - [MESSAGE][PASSED] - adminSuiteBootstrap.loginFunctionality.login_AdminSuite_DD is PASSED

2022-07-25 18:34:28 - [TEST_STEP][PASSED] - if (verifyTextPresent("The information you have entered does not match our records. Please try again", true)): null

2022-07-25 18:34:28 - [MESSAGE][PASSED] - Text 'The information you have entered does not match our records. Please try again' is present on page  using regular expression

2022-07-25 18:34:28 - [TEST_STEP][PASSED] - pages.CustomLogger.log_Logger("User was not able to login, Password is case sensitive", "Pass"): pages.CustomLogger.log_Logger is PASSED

2022-07-25 18:34:28 - [MESSAGE][PASSED] - User was not able to login, Password is case sensitive

2022-07-25 18:34:28 - [MESSAGE][PASSED] - pages.CustomLogger.log_Logger is PASSED]]></system-out>
         <system-err><![CDATA[]]></system-err>
      </testcase>
      <testcase name="Test Cases/Admin Suite Bootstrap/UM_TestCases/Users/UsernameNotCaseSen" time="60.638" classname="Test Cases/Admin Suite Bootstrap/UM_TestCases/Users/UsernameNotCaseSen" status="FAILED">
         <failure type="FAILED" message="Test Cases/Admin Suite Bootstrap/UM_TestCases/Users/UsernameNotCaseSen FAILED.
Reason:
com.kms.katalon.core.exception.StepFailedException: com.kms.katalon.core.webui.exception.WebElementNotFoundException: Web element with id: 'Object Repository/AdminSuiteBootstrap_Pages/Dashboard_Bootstrap/a_Access User Management' located by '//*[(text() = 'Access User Management' or . = 'Access User Management')]' not found (Root cause: com.kms.katalon.core.exception.StepFailedException: com.kms.katalon.core.webui.exception.WebElementNotFoundException: Web element with id: 'Object Repository/AdminSuiteBootstrap_Pages/Dashboard_Bootstrap/a_Access User Management' located by '//*[(text() = 'Access User Management' or . = 'Access User Management')]' not found
	at com.kms.katalon.core.webui.keyword.internal.WebUIKeywordMain.stepFailed(WebUIKeywordMain.groovy:64)
	at com.kms.katalon.core.webui.keyword.builtin.VerifyElementPresentKeyword$_verifyElementPresent_closure1.doCall(VerifyElementPresentKeyword.groovy:85)
	at com.kms.katalon.core.webui.keyword.builtin.VerifyElementPresentKeyword$_verifyElementPresent_closure1.call(VerifyElementPresentKeyword.groovy)
	at com.kms.katalon.core.webui.keyword.internal.WebUIKeywordMain.runKeyword(WebUIKeywordMain.groovy:20)
	at com.kms.katalon.core.webui.keyword.builtin.VerifyElementPresentKeyword.verifyElementPresent(VerifyElementPresentKeyword.groovy:92)
	at com.kms.katalon.core.webui.keyword.builtin.VerifyElementPresentKeyword.execute(VerifyElementPresentKeyword.groovy:68)
	at com.kms.katalon.core.keyword.internal.KeywordExecutor.executeKeywordForPlatform(KeywordExecutor.groovy:74)
	at com.kms.katalon.core.webui.keyword.WebUiBuiltInKeywords.verifyElementPresent(WebUiBuiltInKeywords.groovy:1464)
	at com.kms.katalon.core.webui.keyword.WebUiBuiltInKeywords$verifyElementPresent$1.call(Unknown Source)
	at UsernameNotCaseSen.run(UsernameNotCaseSen:60)
	at com.kms.katalon.core.main.ScriptEngine.run(ScriptEngine.java:194)
	at com.kms.katalon.core.main.ScriptEngine.runScriptAsRawText(ScriptEngine.java:119)
	at com.kms.katalon.core.main.TestCaseExecutor.runScript(TestCaseExecutor.java:442)
	at com.kms.katalon.core.main.TestCaseExecutor.doExecute(TestCaseExecutor.java:433)
	at com.kms.katalon.core.main.TestCaseExecutor.processExecutionPhase(TestCaseExecutor.java:412)
	at com.kms.katalon.core.main.TestCaseExecutor.accessMainPhase(TestCaseExecutor.java:404)
	at com.kms.katalon.core.main.TestCaseExecutor.execute(TestCaseExecutor.java:281)
	at com.kms.katalon.core.main.TestSuiteExecutor.accessTestCaseMainPhase(TestSuiteExecutor.java:202)
	at com.kms.katalon.core.main.TestSuiteExecutor.accessTestSuiteMainPhase(TestSuiteExecutor.java:164)
	at com.kms.katalon.core.main.TestSuiteExecutor.execute(TestSuiteExecutor.java:105)
	at com.kms.katalon.core.main.TestCaseMain.startTestSuite(TestCaseMain.java:185)
	at com.kms.katalon.core.main.TestCaseMain$startTestSuite$0.call(Unknown Source)
	at TempTestSuite1658787923991.run(TempTestSuite1658787923991.groovy:36)
)
	at com.kms.katalon.core.keyword.internal.KeywordMain.stepFailed(KeywordMain.groovy:39)
	at com.kms.katalon.core.webui.keyword.internal.WebUIKeywordMain.stepFailed(WebUIKeywordMain.groovy:64)
	at com.kms.katalon.core.webui.keyword.builtin.VerifyElementPresentKeyword$_verifyElementPresent_closure1.doCall(VerifyElementPresentKeyword.groovy:85)
	at com.kms.katalon.core.webui.keyword.builtin.VerifyElementPresentKeyword$_verifyElementPresent_closure1.call(VerifyElementPresentKeyword.groovy)
	at com.kms.katalon.core.webui.keyword.internal.WebUIKeywordMain.runKeyword(WebUIKeywordMain.groovy:20)
	at com.kms.katalon.core.webui.keyword.builtin.VerifyElementPresentKeyword.verifyElementPresent(VerifyElementPresentKeyword.groovy:92)
	at com.kms.katalon.core.webui.keyword.builtin.VerifyElementPresentKeyword.execute(VerifyElementPresentKeyword.groovy:68)
	at com.kms.katalon.core.keyword.internal.KeywordExecutor.executeKeywordForPlatform(KeywordExecutor.groovy:74)
	at com.kms.katalon.core.webui.keyword.WebUiBuiltInKeywords.verifyElementPresent(WebUiBuiltInKeywords.groovy:1464)
	at com.kms.katalon.core.webui.keyword.WebUiBuiltInKeywords$verifyElementPresent$1.call(Unknown Source)
	at UsernameNotCaseSen.run(UsernameNotCaseSen:60)
	at com.kms.katalon.core.main.ScriptEngine.run(ScriptEngine.java:194)
	at com.kms.katalon.core.main.ScriptEngine.runScriptAsRawText(ScriptEngine.java:119)
	at com.kms.katalon.core.main.TestCaseExecutor.runScript(TestCaseExecutor.java:442)
	at com.kms.katalon.core.main.TestCaseExecutor.doExecute(TestCaseExecutor.java:433)
	at com.kms.katalon.core.main.TestCaseExecutor.processExecutionPhase(TestCaseExecutor.java:412)
	at com.kms.katalon.core.main.TestCaseExecutor.accessMainPhase(TestCaseExecutor.java:404)
	at com.kms.katalon.core.main.TestCaseExecutor.execute(TestCaseExecutor.java:281)
	at com.kms.katalon.core.main.TestSuiteExecutor.accessTestCaseMainPhase(TestSuiteExecutor.java:202)
	at com.kms.katalon.core.main.TestSuiteExecutor.accessTestSuiteMainPhase(TestSuiteExecutor.java:164)
	at com.kms.katalon.core.main.TestSuiteExecutor.execute(TestSuiteExecutor.java:105)
	at com.kms.katalon.core.main.TestCaseMain.startTestSuite(TestCaseMain.java:185)
	at com.kms.katalon.core.main.TestCaseMain$startTestSuite$0.call(Unknown Source)
	at TempTestSuite1658787923991.run(TempTestSuite1658787923991.groovy:36)
Caused by: com.kms.katalon.core.exception.StepFailedException: com.kms.katalon.core.webui.exception.WebElementNotFoundException: Web element with id: 'Object Repository/AdminSuiteBootstrap_Pages/Dashboard_Bootstrap/a_Access User Management' located by '//*[(text() = 'Access User Management' or . = 'Access User Management')]' not found
	... 23 more
"/>
         <system-out><![CDATA[2022-07-25 18:34:28 - [TEST_CASE][FAILED] - Test Cases/Admin Suite Bootstrap/UM_TestCases/Users/UsernameNotCaseSen: Test Cases/Admin Suite Bootstrap/UM_TestCases/Users/UsernameNotCaseSen FAILED.
Reason:
com.kms.katalon.core.exception.StepFailedException: com.kms.katalon.core.webui.exception.WebElementNotFoundException: Web element with id: 'Object Repository/AdminSuiteBootstrap_Pages/Dashboard_Bootstrap/a_Access User Management' located by '//*[(text() = 'Access User Management' or . = 'Access User Management')]' not found (Root cause: com.kms.katalon.core.exception.StepFailedException: com.kms.katalon.core.webui.exception.WebElementNotFoundException: Web element with id: 'Object Repository/AdminSuiteBootstrap_Pages/Dashboard_Bootstrap/a_Access User Management' located by '//*[(text() = 'Access User Management' or . = 'Access User Management')]' not found
	at com.kms.katalon.core.webui.keyword.internal.WebUIKeywordMain.stepFailed(WebUIKeywordMain.groovy:64)
	at com.kms.katalon.core.webui.keyword.builtin.VerifyElementPresentKeyword$_verifyElementPresent_closure1.doCall(VerifyElementPresentKeyword.groovy:85)
	at com.kms.katalon.core.webui.keyword.builtin.VerifyElementPresentKeyword$_verifyElementPresent_closure1.call(VerifyElementPresentKeyword.groovy)
	at com.kms.katalon.core.webui.keyword.internal.WebUIKeywordMain.runKeyword(WebUIKeywordMain.groovy:20)
	at com.kms.katalon.core.webui.keyword.builtin.VerifyElementPresentKeyword.verifyElementPresent(VerifyElementPresentKeyword.groovy:92)
	at com.kms.katalon.core.webui.keyword.builtin.VerifyElementPresentKeyword.execute(VerifyElementPresentKeyword.groovy:68)
	at com.kms.katalon.core.keyword.internal.KeywordExecutor.executeKeywordForPlatform(KeywordExecutor.groovy:74)
	at com.kms.katalon.core.webui.keyword.WebUiBuiltInKeywords.verifyElementPresent(WebUiBuiltInKeywords.groovy:1464)
	at com.kms.katalon.core.webui.keyword.WebUiBuiltInKeywords$verifyElementPresent$1.call(Unknown Source)
	at UsernameNotCaseSen.run(UsernameNotCaseSen:60)
	at com.kms.katalon.core.main.ScriptEngine.run(ScriptEngine.java:194)
	at com.kms.katalon.core.main.ScriptEngine.runScriptAsRawText(ScriptEngine.java:119)
	at com.kms.katalon.core.main.TestCaseExecutor.runScript(TestCaseExecutor.java:442)
	at com.kms.katalon.core.main.TestCaseExecutor.doExecute(TestCaseExecutor.java:433)
	at com.kms.katalon.core.main.TestCaseExecutor.processExecutionPhase(TestCaseExecutor.java:412)
	at com.kms.katalon.core.main.TestCaseExecutor.accessMainPhase(TestCaseExecutor.java:404)
	at com.kms.katalon.core.main.TestCaseExecutor.execute(TestCaseExecutor.java:281)
	at com.kms.katalon.core.main.TestSuiteExecutor.accessTestCaseMainPhase(TestSuiteExecutor.java:202)
	at com.kms.katalon.core.main.TestSuiteExecutor.accessTestSuiteMainPhase(TestSuiteExecutor.java:164)
	at com.kms.katalon.core.main.TestSuiteExecutor.execute(TestSuiteExecutor.java:105)
	at com.kms.katalon.core.main.TestCaseMain.startTestSuite(TestCaseMain.java:185)
	at com.kms.katalon.core.main.TestCaseMain$startTestSuite$0.call(Unknown Source)
	at TempTestSuite1658787923991.run(TempTestSuite1658787923991.groovy:36)
)
	at com.kms.katalon.core.keyword.internal.KeywordMain.stepFailed(KeywordMain.groovy:39)
	at com.kms.katalon.core.webui.keyword.internal.WebUIKeywordMain.stepFailed(WebUIKeywordMain.groovy:64)
	at com.kms.katalon.core.webui.keyword.builtin.VerifyElementPresentKeyword$_verifyElementPresent_closure1.doCall(VerifyElementPresentKeyword.groovy:85)
	at com.kms.katalon.core.webui.keyword.builtin.VerifyElementPresentKeyword$_verifyElementPresent_closure1.call(VerifyElementPresentKeyword.groovy)
	at com.kms.katalon.core.webui.keyword.internal.WebUIKeywordMain.runKeyword(WebUIKeywordMain.groovy:20)
	at com.kms.katalon.core.webui.keyword.builtin.VerifyElementPresentKeyword.verifyElementPresent(VerifyElementPresentKeyword.groovy:92)
	at com.kms.katalon.core.webui.keyword.builtin.VerifyElementPresentKeyword.execute(VerifyElementPresentKeyword.groovy:68)
	at com.kms.katalon.core.keyword.internal.KeywordExecutor.executeKeywordForPlatform(KeywordExecutor.groovy:74)
	at com.kms.katalon.core.webui.keyword.WebUiBuiltInKeywords.verifyElementPresent(WebUiBuiltInKeywords.groovy:1464)
	at com.kms.katalon.core.webui.keyword.WebUiBuiltInKeywords$verifyElementPresent$1.call(Unknown Source)
	at UsernameNotCaseSen.run(UsernameNotCaseSen:60)
	at com.kms.katalon.core.main.ScriptEngine.run(ScriptEngine.java:194)
	at com.kms.katalon.core.main.ScriptEngine.runScriptAsRawText(ScriptEngine.java:119)
	at com.kms.katalon.core.main.TestCaseExecutor.runScript(TestCaseExecutor.java:442)
	at com.kms.katalon.core.main.TestCaseExecutor.doExecute(TestCaseExecutor.java:433)
	at com.kms.katalon.core.main.TestCaseExecutor.processExecutionPhase(TestCaseExecutor.java:412)
	at com.kms.katalon.core.main.TestCaseExecutor.accessMainPhase(TestCaseExecutor.java:404)
	at com.kms.katalon.core.main.TestCaseExecutor.execute(TestCaseExecutor.java:281)
	at com.kms.katalon.core.main.TestSuiteExecutor.accessTestCaseMainPhase(TestSuiteExecutor.java:202)
	at com.kms.katalon.core.main.TestSuiteExecutor.accessTestSuiteMainPhase(TestSuiteExecutor.java:164)
	at com.kms.katalon.core.main.TestSuiteExecutor.execute(TestSuiteExecutor.java:105)
	at com.kms.katalon.core.main.TestCaseMain.startTestSuite(TestCaseMain.java:185)
	at com.kms.katalon.core.main.TestCaseMain$startTestSuite$0.call(Unknown Source)
	at TempTestSuite1658787923991.run(TempTestSuite1658787923991.groovy:36)
Caused by: com.kms.katalon.core.exception.StepFailedException: com.kms.katalon.core.webui.exception.WebElementNotFoundException: Web element with id: 'Object Repository/AdminSuiteBootstrap_Pages/Dashboard_Bootstrap/a_Access User Management' located by '//*[(text() = 'Access User Management' or . = 'Access User Management')]' not found
	... 23 more


2022-07-25 18:34:29 - [TEST_STEP][PASSED] - path_Dashboard = "Object Repository/AdminSuiteBootstrap_Pages/Dashboard_Bootstrap/": null

2022-07-25 18:34:29 - [TEST_STEP][PASSED] - executionProfile = getExecutionProfile(): null

2022-07-25 18:34:29 - [TEST_STEP][PASSED] - out.println("executionProfile : " + executionProfile): null

2022-07-25 18:34:29 - [TEST_STEP][PASSED] - appName = <not implemented yet for class: org.codehaus.groovy.ast.expr.EmptyExpression>: null

2022-07-25 18:34:29 - [TEST_STEP][PASSED] - appID = <not implemented yet for class: org.codehaus.groovy.ast.expr.EmptyExpression>: null

2022-07-25 18:34:29 - [TEST_STEP][PASSED] - username_from = <not implemented yet for class: org.codehaus.groovy.ast.expr.EmptyExpression>: null

2022-07-25 18:34:29 - [TEST_STEP][PASSED] - password_from = <not implemented yet for class: org.codehaus.groovy.ast.expr.EmptyExpression>: null

2022-07-25 18:34:29 - [TEST_STEP][PASSED] - nameSheet = "UsernameCase": null

2022-07-25 18:34:29 - [TEST_STEP][PASSED] - dataFile = "QA/Bootstrap/UM-TestData/UsernameCase": null

2022-07-25 18:34:29 - [TEST_STEP][PASSED] - numOfRows = findTestData("QA/Bootstrap/UM-TestData/UsernameCase").getRowNumbers(): null

2022-07-25 18:34:29 - [TEST_STEP][PASSED] - println("Number of Records: " + numOfRows): null

2022-07-25 18:34:29 - [TEST_STEP][FAILED] - for ([row = 1, row <= numOfRows, (row++)]): null

2022-07-25 18:34:29 - [TEST_STEP][PASSED] - ExecuteTC = findTestData(dataFile).getValue("Execute", row): null

2022-07-25 18:34:29 - [TEST_STEP][PASSED] - out.println("Value of Execute is : " + ExecuteTC): null

2022-07-25 18:34:29 - [TEST_STEP][PASSED] - if (ExecuteTC.equalsIgnoreCase("Y")): Browser is closed

2022-07-25 18:34:29 - [TEST_STEP][PASSED] - out.println("Begin Record Number: " + row): null

2022-07-25 18:34:29 - [TEST_STEP][PASSED] - username_from = findTestData(dataFile).getValue("Username", row): null

2022-07-25 18:34:29 - [TEST_STEP][PASSED] - password_from = findTestData(dataFile).getValue("Password", row): null

2022-07-25 18:34:29 - [TEST_STEP][PASSED] - adminSuiteBootstrap.loginFunctionality.login_AdminSuite_DD(username_from, password_from): adminSuiteBootstrap.loginFunctionality.login_AdminSuite_DD is PASSED

2022-07-25 18:34:29 - [MESSAGE][WARNING] - A browser is already opened. Closing browser and opening a new one

2022-07-25 18:34:30 - [MESSAGE][INFO] - Starting 'Chrome' driver

2022-07-25 18:34:30 - [MESSAGE][INFO] - User set preference: ['acceptInsecureCerts', 'true']

2022-07-25 18:34:30 - [MESSAGE][INFO] - Action delay is set to 0 milliseconds

2022-07-25 18:34:33 - [MESSAGE][PASSED] - Browser is opened with url: 'https://qa.velocitypayment.com/admin/imtiaz'

2022-07-25 18:34:33 - [MESSAGE][PASSED] - Current window maximized

2022-07-25 18:34:33 - [MESSAGE][PASSED] - Object 'Object Repository/Login_Page/Login_Username' is present

2022-07-25 18:34:34 - [MESSAGE][PASSED] - Text 'CASEuser' is set on object 'Object Repository/Login_Page/Login_Username'

2022-07-25 18:34:35 - [MESSAGE][PASSED] - Text 'hello2222' is set on object 'Object Repository/Login_Page/Login_Password'

2022-07-25 18:34:39 - [MESSAGE][PASSED] - Object: 'Object Repository/Login_Page/Login_Submit' is clicked on

2022-07-25 18:34:39 - [MESSAGE][PASSED] - adminSuiteBootstrap.loginFunctionality.login_AdminSuite_DD is PASSED

2022-07-25 18:34:39 - [TEST_STEP][PASSED] - if (verifyElementPresent(findTestObject(path_Dashboard + "a_Access User Management"), 30)): null

2022-07-25 18:34:39 - [MESSAGE][PASSED] - Object 'Object Repository/AdminSuiteBootstrap_Pages/Dashboard_Bootstrap/a_Access User Management' is present

2022-07-25 18:34:39 - [TEST_STEP][PASSED] - pages.CustomLogger.log_Logger("User was able to login, Username is not case sensitive", "Pass"): pages.CustomLogger.log_Logger is PASSED

2022-07-25 18:34:39 - [MESSAGE][PASSED] - User was able to login, Username is not case sensitive

2022-07-25 18:34:39 - [MESSAGE][PASSED] - pages.CustomLogger.log_Logger is PASSED

2022-07-25 18:34:39 - [TEST_STEP][PASSED] - closeBrowser(): Browser is closed

2022-07-25 18:34:40 - [MESSAGE][PASSED] - Browser is closed

2022-07-25 18:34:40 - [TEST_STEP][PASSED] - ExecuteTC = findTestData(dataFile).getValue("Execute", row): null

2022-07-25 18:34:40 - [TEST_STEP][PASSED] - out.println("Value of Execute is : " + ExecuteTC): null

2022-07-25 18:34:40 - [TEST_STEP][FAILED] - if (ExecuteTC.equalsIgnoreCase("Y")): null

2022-07-25 18:34:40 - [TEST_STEP][PASSED] - out.println("Begin Record Number: " + row): null

2022-07-25 18:34:40 - [TEST_STEP][PASSED] - username_from = findTestData(dataFile).getValue("Username", row): null

2022-07-25 18:34:40 - [TEST_STEP][PASSED] - password_from = findTestData(dataFile).getValue("Password", row): null

2022-07-25 18:34:40 - [TEST_STEP][PASSED] - adminSuiteBootstrap.loginFunctionality.login_AdminSuite_DD(username_from, password_from): adminSuiteBootstrap.loginFunctionality.login_AdminSuite_DD is PASSED

2022-07-25 18:34:40 - [MESSAGE][INFO] - Starting 'Chrome' driver

2022-07-25 18:34:40 - [MESSAGE][INFO] - User set preference: ['acceptInsecureCerts', 'true']

2022-07-25 18:34:40 - [MESSAGE][INFO] - Action delay is set to 0 milliseconds

2022-07-25 18:34:43 - [MESSAGE][PASSED] - Browser is opened with url: 'https://qa.velocitypayment.com/admin/imtiaz'

2022-07-25 18:34:44 - [MESSAGE][PASSED] - Current window maximized

2022-07-25 18:34:44 - [MESSAGE][PASSED] - Object 'Object Repository/Login_Page/Login_Username' is present

2022-07-25 18:34:45 - [MESSAGE][PASSED] - Text 'caseuser' is set on object 'Object Repository/Login_Page/Login_Username'

2022-07-25 18:34:45 - [MESSAGE][PASSED] - Text 'hello2222' is set on object 'Object Repository/Login_Page/Login_Password'

2022-07-25 18:34:46 - [MESSAGE][PASSED] - Object: 'Object Repository/Login_Page/Login_Submit' is clicked on

2022-07-25 18:34:46 - [MESSAGE][PASSED] - adminSuiteBootstrap.loginFunctionality.login_AdminSuite_DD is PASSED

2022-07-25 18:34:46 - [TEST_STEP][FAILED] - if (verifyElementPresent(findTestObject(path_Dashboard + "a_Access User Management"), 30)): com.kms.katalon.core.webui.exception.WebElementNotFoundException: Web element with id: 'Object Repository/AdminSuiteBootstrap_Pages/Dashboard_Bootstrap/a_Access User Management' located by '//*[(text() = 'Access User Management' or . = 'Access User Management')]' not found (Root cause: com.kms.katalon.core.exception.StepFailedException: com.kms.katalon.core.webui.exception.WebElementNotFoundException: Web element with id: 'Object Repository/AdminSuiteBootstrap_Pages/Dashboard_Bootstrap/a_Access User Management' located by '//*[(text() = 'Access User Management' or . = 'Access User Management')]' not found
	at com.kms.katalon.core.webui.keyword.internal.WebUIKeywordMain.stepFailed(WebUIKeywordMain.groovy:64)
	at com.kms.katalon.core.webui.keyword.builtin.VerifyElementPresentKeyword$_verifyElementPresent_closure1.doCall(VerifyElementPresentKeyword.groovy:85)
	at com.kms.katalon.core.webui.keyword.builtin.VerifyElementPresentKeyword$_verifyElementPresent_closure1.call(VerifyElementPresentKeyword.groovy)
	at com.kms.katalon.core.webui.keyword.internal.WebUIKeywordMain.runKeyword(WebUIKeywordMain.groovy:20)
	at com.kms.katalon.core.webui.keyword.builtin.VerifyElementPresentKeyword.verifyElementPresent(VerifyElementPresentKeyword.groovy:92)
	at com.kms.katalon.core.webui.keyword.builtin.VerifyElementPresentKeyword.execute(VerifyElementPresentKeyword.groovy:68)
	at com.kms.katalon.core.keyword.internal.KeywordExecutor.executeKeywordForPlatform(KeywordExecutor.groovy:74)
	at com.kms.katalon.core.webui.keyword.WebUiBuiltInKeywords.verifyElementPresent(WebUiBuiltInKeywords.groovy:1464)
	at com.kms.katalon.core.webui.keyword.WebUiBuiltInKeywords$verifyElementPresent$1.call(Unknown Source)
	at UsernameNotCaseSen.run(UsernameNotCaseSen:60)
	at com.kms.katalon.core.main.ScriptEngine.run(ScriptEngine.java:194)
	at com.kms.katalon.core.main.ScriptEngine.runScriptAsRawText(ScriptEngine.java:119)
	at com.kms.katalon.core.main.TestCaseExecutor.runScript(TestCaseExecutor.java:442)
	at com.kms.katalon.core.main.TestCaseExecutor.doExecute(TestCaseExecutor.java:433)
	at com.kms.katalon.core.main.TestCaseExecutor.processExecutionPhase(TestCaseExecutor.java:412)
	at com.kms.katalon.core.main.TestCaseExecutor.accessMainPhase(TestCaseExecutor.java:404)
	at com.kms.katalon.core.main.TestCaseExecutor.execute(TestCaseExecutor.java:281)
	at com.kms.katalon.core.main.TestSuiteExecutor.accessTestCaseMainPhase(TestSuiteExecutor.java:202)
	at com.kms.katalon.core.main.TestSuiteExecutor.accessTestSuiteMainPhase(TestSuiteExecutor.java:164)
	at com.kms.katalon.core.main.TestSuiteExecutor.execute(TestSuiteExecutor.java:105)
	at com.kms.katalon.core.main.TestCaseMain.startTestSuite(TestCaseMain.java:185)
	at com.kms.katalon.core.main.TestCaseMain$startTestSuite$0.call(Unknown Source)
	at TempTestSuite1658787923991.run(TempTestSuite1658787923991.groovy:36)
)

2022-07-25 18:35:17 - [MESSAGE][INFO] - Unable to find the element located by 'By.xpath: //*[(text() = 'Access User Management' or . = 'Access User Management')]'. Please recheck the objects properties to make sure the desired element is located. 

2022-07-25 18:35:18 - [MESSAGE][FAILED] - com.kms.katalon.core.webui.exception.WebElementNotFoundException: Web element with id: 'Object Repository/AdminSuiteBootstrap_Pages/Dashboard_Bootstrap/a_Access User Management' located by '//*[(text() = 'Access User Management' or . = 'Access User Management')]' not found (Root cause: com.kms.katalon.core.exception.StepFailedException: com.kms.katalon.core.webui.exception.WebElementNotFoundException: Web element with id: 'Object Repository/AdminSuiteBootstrap_Pages/Dashboard_Bootstrap/a_Access User Management' located by '//*[(text() = 'Access User Management' or . = 'Access User Management')]' not found
	at com.kms.katalon.core.webui.keyword.internal.WebUIKeywordMain.stepFailed(WebUIKeywordMain.groovy:64)
	at com.kms.katalon.core.webui.keyword.builtin.VerifyElementPresentKeyword$_verifyElementPresent_closure1.doCall(VerifyElementPresentKeyword.groovy:85)
	at com.kms.katalon.core.webui.keyword.builtin.VerifyElementPresentKeyword$_verifyElementPresent_closure1.call(VerifyElementPresentKeyword.groovy)
	at com.kms.katalon.core.webui.keyword.internal.WebUIKeywordMain.runKeyword(WebUIKeywordMain.groovy:20)
	at com.kms.katalon.core.webui.keyword.builtin.VerifyElementPresentKeyword.verifyElementPresent(VerifyElementPresentKeyword.groovy:92)
	at com.kms.katalon.core.webui.keyword.builtin.VerifyElementPresentKeyword.execute(VerifyElementPresentKeyword.groovy:68)
	at com.kms.katalon.core.keyword.internal.KeywordExecutor.executeKeywordForPlatform(KeywordExecutor.groovy:74)
	at com.kms.katalon.core.webui.keyword.WebUiBuiltInKeywords.verifyElementPresent(WebUiBuiltInKeywords.groovy:1464)
	at com.kms.katalon.core.webui.keyword.WebUiBuiltInKeywords$verifyElementPresent$1.call(Unknown Source)
	at UsernameNotCaseSen.run(UsernameNotCaseSen:60)
	at com.kms.katalon.core.main.ScriptEngine.run(ScriptEngine.java:194)
	at com.kms.katalon.core.main.ScriptEngine.runScriptAsRawText(ScriptEngine.java:119)
	at com.kms.katalon.core.main.TestCaseExecutor.runScript(TestCaseExecutor.java:442)
	at com.kms.katalon.core.main.TestCaseExecutor.doExecute(TestCaseExecutor.java:433)
	at com.kms.katalon.core.main.TestCaseExecutor.processExecutionPhase(TestCaseExecutor.java:412)
	at com.kms.katalon.core.main.TestCaseExecutor.accessMainPhase(TestCaseExecutor.java:404)
	at com.kms.katalon.core.main.TestCaseExecutor.execute(TestCaseExecutor.java:281)
	at com.kms.katalon.core.main.TestSuiteExecutor.accessTestCaseMainPhase(TestSuiteExecutor.java:202)
	at com.kms.katalon.core.main.TestSuiteExecutor.accessTestSuiteMainPhase(TestSuiteExecutor.java:164)
	at com.kms.katalon.core.main.TestSuiteExecutor.execute(TestSuiteExecutor.java:105)
	at com.kms.katalon.core.main.TestCaseMain.startTestSuite(TestCaseMain.java:185)
	at com.kms.katalon.core.main.TestCaseMain$startTestSuite$0.call(Unknown Source)
	at TempTestSuite1658787923991.run(TempTestSuite1658787923991.groovy:36)
)
[[ATTACHMENT|E:\\Cloned-Project-Katalon\\VPS-Katalon\\Reports\\20220725_182523\\QA\\UM-Bootstrap\\UM-TestSuite-QA\\20220725_182523\\1658788517810.png]]

2022-07-25 18:35:18 - [TEST_STEP][PASSED] - else: pages.CustomLogger.log_Logger is PASSED

2022-07-25 18:35:18 - [TEST_STEP][PASSED] - pages.CustomLogger.log_Logger("User was not able to login", "Fail"): pages.CustomLogger.log_Logger is PASSED

2022-07-25 18:35:18 - [MESSAGE][FAILED] - User was not able to login

2022-07-25 18:35:18 - [MESSAGE][PASSED] - pages.CustomLogger.log_Logger is PASSED

2022-07-25 18:35:18 - [TEST_STEP][PASSED] - closeBrowser(): Browser is closed

2022-07-25 18:35:18 - [MESSAGE][PASSED] - Browser is closed

2022-07-25 18:35:18 - [TEST_STEP][PASSED] - ExecuteTC = findTestData(dataFile).getValue("Execute", row): null

2022-07-25 18:35:19 - [TEST_STEP][PASSED] - out.println("Value of Execute is : " + ExecuteTC): null

2022-07-25 18:35:19 - [TEST_STEP][PASSED] - if (ExecuteTC.equalsIgnoreCase("Y")): Browser is closed

2022-07-25 18:35:19 - [TEST_STEP][PASSED] - out.println("Begin Record Number: " + row): null

2022-07-25 18:35:19 - [TEST_STEP][PASSED] - username_from = findTestData(dataFile).getValue("Username", row): null

2022-07-25 18:35:19 - [TEST_STEP][PASSED] - password_from = findTestData(dataFile).getValue("Password", row): null

2022-07-25 18:35:19 - [TEST_STEP][PASSED] - adminSuiteBootstrap.loginFunctionality.login_AdminSuite_DD(username_from, password_from): adminSuiteBootstrap.loginFunctionality.login_AdminSuite_DD is PASSED

2022-07-25 18:35:19 - [MESSAGE][INFO] - Starting 'Chrome' driver

2022-07-25 18:35:19 - [MESSAGE][INFO] - User set preference: ['acceptInsecureCerts', 'true']

2022-07-25 18:35:19 - [MESSAGE][INFO] - Action delay is set to 0 milliseconds

2022-07-25 18:35:22 - [MESSAGE][PASSED] - Browser is opened with url: 'https://qa.velocitypayment.com/admin/imtiaz'

2022-07-25 18:35:22 - [MESSAGE][PASSED] - Current window maximized

2022-07-25 18:35:23 - [MESSAGE][PASSED] - Object 'Object Repository/Login_Page/Login_Username' is present

2022-07-25 18:35:23 - [MESSAGE][PASSED] - Text 'CASEUSER' is set on object 'Object Repository/Login_Page/Login_Username'

2022-07-25 18:35:24 - [MESSAGE][PASSED] - Text 'hello2222' is set on object 'Object Repository/Login_Page/Login_Password'

2022-07-25 18:35:27 - [MESSAGE][PASSED] - Object: 'Object Repository/Login_Page/Login_Submit' is clicked on

2022-07-25 18:35:27 - [MESSAGE][PASSED] - adminSuiteBootstrap.loginFunctionality.login_AdminSuite_DD is PASSED

2022-07-25 18:35:27 - [TEST_STEP][PASSED] - if (verifyElementPresent(findTestObject(path_Dashboard + "a_Access User Management"), 30)): null

2022-07-25 18:35:28 - [MESSAGE][PASSED] - Object 'Object Repository/AdminSuiteBootstrap_Pages/Dashboard_Bootstrap/a_Access User Management' is present

2022-07-25 18:35:28 - [TEST_STEP][PASSED] - pages.CustomLogger.log_Logger("User was able to login, Username is not case sensitive", "Pass"): pages.CustomLogger.log_Logger is PASSED

2022-07-25 18:35:28 - [MESSAGE][PASSED] - User was able to login, Username is not case sensitive

2022-07-25 18:35:28 - [MESSAGE][PASSED] - pages.CustomLogger.log_Logger is PASSED

2022-07-25 18:35:28 - [TEST_STEP][PASSED] - closeBrowser(): Browser is closed

2022-07-25 18:35:29 - [MESSAGE][PASSED] - Browser is closed]]></system-out>
         <system-err><![CDATA[2022-07-25 18:34:28 - [TEST_CASE][FAILED] - Test Cases/Admin Suite Bootstrap/UM_TestCases/Users/UsernameNotCaseSen: Test Cases/Admin Suite Bootstrap/UM_TestCases/Users/UsernameNotCaseSen FAILED.
Reason:
com.kms.katalon.core.exception.StepFailedException: com.kms.katalon.core.webui.exception.WebElementNotFoundException: Web element with id: 'Object Repository/AdminSuiteBootstrap_Pages/Dashboard_Bootstrap/a_Access User Management' located by '//*[(text() = 'Access User Management' or . = 'Access User Management')]' not found (Root cause: com.kms.katalon.core.exception.StepFailedException: com.kms.katalon.core.webui.exception.WebElementNotFoundException: Web element with id: 'Object Repository/AdminSuiteBootstrap_Pages/Dashboard_Bootstrap/a_Access User Management' located by '//*[(text() = 'Access User Management' or . = 'Access User Management')]' not found
	at com.kms.katalon.core.webui.keyword.internal.WebUIKeywordMain.stepFailed(WebUIKeywordMain.groovy:64)
	at com.kms.katalon.core.webui.keyword.builtin.VerifyElementPresentKeyword$_verifyElementPresent_closure1.doCall(VerifyElementPresentKeyword.groovy:85)
	at com.kms.katalon.core.webui.keyword.builtin.VerifyElementPresentKeyword$_verifyElementPresent_closure1.call(VerifyElementPresentKeyword.groovy)
	at com.kms.katalon.core.webui.keyword.internal.WebUIKeywordMain.runKeyword(WebUIKeywordMain.groovy:20)
	at com.kms.katalon.core.webui.keyword.builtin.VerifyElementPresentKeyword.verifyElementPresent(VerifyElementPresentKeyword.groovy:92)
	at com.kms.katalon.core.webui.keyword.builtin.VerifyElementPresentKeyword.execute(VerifyElementPresentKeyword.groovy:68)
	at com.kms.katalon.core.keyword.internal.KeywordExecutor.executeKeywordForPlatform(KeywordExecutor.groovy:74)
	at com.kms.katalon.core.webui.keyword.WebUiBuiltInKeywords.verifyElementPresent(WebUiBuiltInKeywords.groovy:1464)
	at com.kms.katalon.core.webui.keyword.WebUiBuiltInKeywords$verifyElementPresent$1.call(Unknown Source)
	at UsernameNotCaseSen.run(UsernameNotCaseSen:60)
	at com.kms.katalon.core.main.ScriptEngine.run(ScriptEngine.java:194)
	at com.kms.katalon.core.main.ScriptEngine.runScriptAsRawText(ScriptEngine.java:119)
	at com.kms.katalon.core.main.TestCaseExecutor.runScript(TestCaseExecutor.java:442)
	at com.kms.katalon.core.main.TestCaseExecutor.doExecute(TestCaseExecutor.java:433)
	at com.kms.katalon.core.main.TestCaseExecutor.processExecutionPhase(TestCaseExecutor.java:412)
	at com.kms.katalon.core.main.TestCaseExecutor.accessMainPhase(TestCaseExecutor.java:404)
	at com.kms.katalon.core.main.TestCaseExecutor.execute(TestCaseExecutor.java:281)
	at com.kms.katalon.core.main.TestSuiteExecutor.accessTestCaseMainPhase(TestSuiteExecutor.java:202)
	at com.kms.katalon.core.main.TestSuiteExecutor.accessTestSuiteMainPhase(TestSuiteExecutor.java:164)
	at com.kms.katalon.core.main.TestSuiteExecutor.execute(TestSuiteExecutor.java:105)
	at com.kms.katalon.core.main.TestCaseMain.startTestSuite(TestCaseMain.java:185)
	at com.kms.katalon.core.main.TestCaseMain$startTestSuite$0.call(Unknown Source)
	at TempTestSuite1658787923991.run(TempTestSuite1658787923991.groovy:36)
)
	at com.kms.katalon.core.keyword.internal.KeywordMain.stepFailed(KeywordMain.groovy:39)
	at com.kms.katalon.core.webui.keyword.internal.WebUIKeywordMain.stepFailed(WebUIKeywordMain.groovy:64)
	at com.kms.katalon.core.webui.keyword.builtin.VerifyElementPresentKeyword$_verifyElementPresent_closure1.doCall(VerifyElementPresentKeyword.groovy:85)
	at com.kms.katalon.core.webui.keyword.builtin.VerifyElementPresentKeyword$_verifyElementPresent_closure1.call(VerifyElementPresentKeyword.groovy)
	at com.kms.katalon.core.webui.keyword.internal.WebUIKeywordMain.runKeyword(WebUIKeywordMain.groovy:20)
	at com.kms.katalon.core.webui.keyword.builtin.VerifyElementPresentKeyword.verifyElementPresent(VerifyElementPresentKeyword.groovy:92)
	at com.kms.katalon.core.webui.keyword.builtin.VerifyElementPresentKeyword.execute(VerifyElementPresentKeyword.groovy:68)
	at com.kms.katalon.core.keyword.internal.KeywordExecutor.executeKeywordForPlatform(KeywordExecutor.groovy:74)
	at com.kms.katalon.core.webui.keyword.WebUiBuiltInKeywords.verifyElementPresent(WebUiBuiltInKeywords.groovy:1464)
	at com.kms.katalon.core.webui.keyword.WebUiBuiltInKeywords$verifyElementPresent$1.call(Unknown Source)
	at UsernameNotCaseSen.run(UsernameNotCaseSen:60)
	at com.kms.katalon.core.main.ScriptEngine.run(ScriptEngine.java:194)
	at com.kms.katalon.core.main.ScriptEngine.runScriptAsRawText(ScriptEngine.java:119)
	at com.kms.katalon.core.main.TestCaseExecutor.runScript(TestCaseExecutor.java:442)
	at com.kms.katalon.core.main.TestCaseExecutor.doExecute(TestCaseExecutor.java:433)
	at com.kms.katalon.core.main.TestCaseExecutor.processExecutionPhase(TestCaseExecutor.java:412)
	at com.kms.katalon.core.main.TestCaseExecutor.accessMainPhase(TestCaseExecutor.java:404)
	at com.kms.katalon.core.main.TestCaseExecutor.execute(TestCaseExecutor.java:281)
	at com.kms.katalon.core.main.TestSuiteExecutor.accessTestCaseMainPhase(TestSuiteExecutor.java:202)
	at com.kms.katalon.core.main.TestSuiteExecutor.accessTestSuiteMainPhase(TestSuiteExecutor.java:164)
	at com.kms.katalon.core.main.TestSuiteExecutor.execute(TestSuiteExecutor.java:105)
	at com.kms.katalon.core.main.TestCaseMain.startTestSuite(TestCaseMain.java:185)
	at com.kms.katalon.core.main.TestCaseMain$startTestSuite$0.call(Unknown Source)
	at TempTestSuite1658787923991.run(TempTestSuite1658787923991.groovy:36)
Caused by: com.kms.katalon.core.exception.StepFailedException: com.kms.katalon.core.webui.exception.WebElementNotFoundException: Web element with id: 'Object Repository/AdminSuiteBootstrap_Pages/Dashboard_Bootstrap/a_Access User Management' located by '//*[(text() = 'Access User Management' or . = 'Access User Management')]' not found
	... 23 more]]></system-err>
      </testcase>
      <testcase name="Test Cases/Admin Suite Bootstrap/UM_TestCases/Users/VerifyUsersLinks_UI_TC" time="18.967" classname="Test Cases/Admin Suite Bootstrap/UM_TestCases/Users/VerifyUsersLinks_UI_TC" status="PASSED">
         <system-out><![CDATA[2022-07-25 18:35:29 - [TEST_CASE][PASSED] - Test Cases/Admin Suite Bootstrap/UM_TestCases/Users/VerifyUsersLinks_UI_TC: Test Cases/Admin Suite Bootstrap/UM_TestCases/Users/VerifyUsersLinks_UI_TC

2022-07-25 18:35:29 - [TEST_STEP][PASSED] - path_Dashboard = "Object Repository/AdminSuiteBootstrap_Pages/Dashboard_Bootstrap/": null

2022-07-25 18:35:29 - [TEST_STEP][PASSED] - path_VT = "Object Repository/AdminSuiteBootstrap_Pages/VT_Bootstrap/": null

2022-07-25 18:35:29 - [TEST_STEP][PASSED] - path_UM = "Object Repository/AdminSuiteBootstrap_Pages/UM_Bootstrap/": null

2022-07-25 18:35:29 - [TEST_STEP][PASSED] - adminSuiteBootstrap.loginFunctionality.login_AdminSuite(): adminSuiteBootstrap.loginFunctionality.login_AdminSuite is PASSED

2022-07-25 18:35:29 - [MESSAGE][INFO] - Starting 'Chrome' driver

2022-07-25 18:35:29 - [MESSAGE][INFO] - User set preference: ['acceptInsecureCerts', 'true']

2022-07-25 18:35:29 - [MESSAGE][INFO] - Action delay is set to 0 milliseconds

2022-07-25 18:35:33 - [MESSAGE][PASSED] - Browser is opened with url: 'https://qa.velocitypayment.com/admin/imtiaz'

2022-07-25 18:35:33 - [MESSAGE][PASSED] - Current window maximized

2022-07-25 18:35:33 - [MESSAGE][PASSED] - Object 'Object Repository/Login_Page/Login_Username' is present

2022-07-25 18:35:34 - [MESSAGE][PASSED] - Text 'iahmed' is set on object 'Object Repository/Login_Page/Login_Username'

2022-07-25 18:35:35 - [MESSAGE][PASSED] - Text 'hello2222' is set on object 'Object Repository/Login_Page/Login_Password'

2022-07-25 18:35:38 - [MESSAGE][PASSED] - Object: 'Object Repository/Login_Page/Login_Submit' is clicked on

2022-07-25 18:35:38 - [MESSAGE][PASSED] - adminSuiteBootstrap.loginFunctionality.login_AdminSuite is PASSED

2022-07-25 18:35:38 - [TEST_STEP][PASSED] - click(findTestObject(path_Dashboard + "span_User Management")): Object: 'Object Repository/AdminSuiteBootstrap_Pages/Dashboard_Bootstrap/span_User Management' is clicked on

2022-07-25 18:35:39 - [MESSAGE][PASSED] - Object: 'Object Repository/AdminSuiteBootstrap_Pages/Dashboard_Bootstrap/span_User Management' is clicked on

2022-07-25 18:35:39 - [TEST_STEP][PASSED] - click(findTestObject(path_Dashboard + "a_Users")): Object: 'Object Repository/AdminSuiteBootstrap_Pages/Dashboard_Bootstrap/a_Users' is clicked on

2022-07-25 18:35:40 - [MESSAGE][PASSED] - Object: 'Object Repository/AdminSuiteBootstrap_Pages/Dashboard_Bootstrap/a_Users' is clicked on

2022-07-25 18:35:40 - [TEST_STEP][PASSED] - verifyTextPresent("Users", true): Text 'Users' is present on page  using regular expression

2022-07-25 18:35:40 - [MESSAGE][PASSED] - Text 'Users' is present on page  using regular expression

2022-07-25 18:35:40 - [TEST_STEP][PASSED] - verifyTextPresent("Total Users", true): Text 'Total Users' is present on page  using regular expression

2022-07-25 18:35:41 - [MESSAGE][PASSED] - Text 'Total Users' is present on page  using regular expression

2022-07-25 18:35:41 - [TEST_STEP][PASSED] - verifyTextPresent("User Name", true): Text 'User Name' is present on page  using regular expression

2022-07-25 18:35:41 - [MESSAGE][PASSED] - Text 'User Name' is present on page  using regular expression

2022-07-25 18:35:41 - [TEST_STEP][PASSED] - verifyTextPresent("User ID", true): Text 'User ID' is present on page  using regular expression

2022-07-25 18:35:41 - [MESSAGE][PASSED] - Text 'User ID' is present on page  using regular expression

2022-07-25 18:35:41 - [TEST_STEP][PASSED] - verifyElementVisible(findTestObject(path_UM + "button_Export")): Object 'Object Repository/AdminSuiteBootstrap_Pages/UM_Bootstrap/button_Export' is visible

2022-07-25 18:35:42 - [MESSAGE][PASSED] - Object 'Object Repository/AdminSuiteBootstrap_Pages/UM_Bootstrap/button_Export' is visible

2022-07-25 18:35:42 - [TEST_STEP][PASSED] - verifyElementPresent(findTestObject(path_UM + "button_Export"), 30): Object 'Object Repository/AdminSuiteBootstrap_Pages/UM_Bootstrap/button_Export' is present

2022-07-25 18:35:42 - [MESSAGE][PASSED] - Object 'Object Repository/AdminSuiteBootstrap_Pages/UM_Bootstrap/button_Export' is present

2022-07-25 18:35:42 - [TEST_STEP][PASSED] - verifyElementVisible(findTestObject(path_UM + "a_Find User")): Object 'Object Repository/AdminSuiteBootstrap_Pages/UM_Bootstrap/a_Find User' is visible

2022-07-25 18:35:42 - [MESSAGE][PASSED] - Object 'Object Repository/AdminSuiteBootstrap_Pages/UM_Bootstrap/a_Find User' is visible

2022-07-25 18:35:42 - [TEST_STEP][PASSED] - verifyElementPresent(findTestObject(path_UM + "a_Find User"), 30): Object 'Object Repository/AdminSuiteBootstrap_Pages/UM_Bootstrap/a_Find User' is present

2022-07-25 18:35:43 - [MESSAGE][PASSED] - Object 'Object Repository/AdminSuiteBootstrap_Pages/UM_Bootstrap/a_Find User' is present

2022-07-25 18:35:43 - [TEST_STEP][PASSED] - verifyElementVisible(findTestObject(path_UM + "a_Add User")): Object 'Object Repository/AdminSuiteBootstrap_Pages/UM_Bootstrap/a_Add User' is visible

2022-07-25 18:35:43 - [MESSAGE][PASSED] - Object 'Object Repository/AdminSuiteBootstrap_Pages/UM_Bootstrap/a_Add User' is visible

2022-07-25 18:35:43 - [TEST_STEP][PASSED] - verifyElementPresent(findTestObject(path_UM + "a_Add User"), 30): Object 'Object Repository/AdminSuiteBootstrap_Pages/UM_Bootstrap/a_Add User' is present

2022-07-25 18:35:43 - [MESSAGE][PASSED] - Object 'Object Repository/AdminSuiteBootstrap_Pages/UM_Bootstrap/a_Add User' is present

2022-07-25 18:35:43 - [TEST_STEP][PASSED] - verifyElementVisible(findTestObject(path_UM + "a_charu")): Object 'Object Repository/AdminSuiteBootstrap_Pages/UM_Bootstrap/a_charu' is visible

2022-07-25 18:35:44 - [MESSAGE][PASSED] - Object 'Object Repository/AdminSuiteBootstrap_Pages/UM_Bootstrap/a_charu' is visible

2022-07-25 18:35:44 - [TEST_STEP][PASSED] - verifyElementPresent(findTestObject(path_UM + "a_charu"), 30): Object 'Object Repository/AdminSuiteBootstrap_Pages/UM_Bootstrap/a_charu' is present

2022-07-25 18:35:44 - [MESSAGE][PASSED] - Object 'Object Repository/AdminSuiteBootstrap_Pages/UM_Bootstrap/a_charu' is present

2022-07-25 18:35:44 - [TEST_STEP][PASSED] - verifyElementVisible(findTestObject(path_UM + "li_First")): Object 'Object Repository/AdminSuiteBootstrap_Pages/UM_Bootstrap/li_First' is visible

2022-07-25 18:35:44 - [MESSAGE][PASSED] - Object 'Object Repository/AdminSuiteBootstrap_Pages/UM_Bootstrap/li_First' is visible

2022-07-25 18:35:44 - [TEST_STEP][PASSED] - verifyElementPresent(findTestObject(path_UM + "li_First"), 30): Object 'Object Repository/AdminSuiteBootstrap_Pages/UM_Bootstrap/li_First' is present

2022-07-25 18:35:45 - [MESSAGE][PASSED] - Object 'Object Repository/AdminSuiteBootstrap_Pages/UM_Bootstrap/li_First' is present

2022-07-25 18:35:45 - [TEST_STEP][PASSED] - verifyElementVisible(findTestObject(path_UM + "li_Prev")): Object 'Object Repository/AdminSuiteBootstrap_Pages/UM_Bootstrap/li_Prev' is visible

2022-07-25 18:35:45 - [MESSAGE][PASSED] - Object 'Object Repository/AdminSuiteBootstrap_Pages/UM_Bootstrap/li_Prev' is visible

2022-07-25 18:35:45 - [TEST_STEP][PASSED] - verifyElementPresent(findTestObject(path_UM + "li_Prev"), 30): Object 'Object Repository/AdminSuiteBootstrap_Pages/UM_Bootstrap/li_Prev' is present

2022-07-25 18:35:45 - [MESSAGE][PASSED] - Object 'Object Repository/AdminSuiteBootstrap_Pages/UM_Bootstrap/li_Prev' is present

2022-07-25 18:35:45 - [TEST_STEP][PASSED] - verifyElementVisible(findTestObject(path_UM + "a_1")): Object 'Object Repository/AdminSuiteBootstrap_Pages/UM_Bootstrap/a_1' is visible

2022-07-25 18:35:46 - [MESSAGE][PASSED] - Object 'Object Repository/AdminSuiteBootstrap_Pages/UM_Bootstrap/a_1' is visible

2022-07-25 18:35:46 - [TEST_STEP][PASSED] - verifyElementPresent(findTestObject(path_UM + "a_1"), 30): Object 'Object Repository/AdminSuiteBootstrap_Pages/UM_Bootstrap/a_1' is present

2022-07-25 18:35:46 - [MESSAGE][PASSED] - Object 'Object Repository/AdminSuiteBootstrap_Pages/UM_Bootstrap/a_1' is present

2022-07-25 18:35:46 - [TEST_STEP][PASSED] - verifyElementVisible(findTestObject(path_UM + "a_2")): Object 'Object Repository/AdminSuiteBootstrap_Pages/UM_Bootstrap/a_2' is visible

2022-07-25 18:35:46 - [MESSAGE][PASSED] - Object 'Object Repository/AdminSuiteBootstrap_Pages/UM_Bootstrap/a_2' is visible

2022-07-25 18:35:46 - [TEST_STEP][PASSED] - verifyElementPresent(findTestObject(path_UM + "a_2"), 30): Object 'Object Repository/AdminSuiteBootstrap_Pages/UM_Bootstrap/a_2' is present

2022-07-25 18:35:47 - [MESSAGE][PASSED] - Object 'Object Repository/AdminSuiteBootstrap_Pages/UM_Bootstrap/a_2' is present

2022-07-25 18:35:47 - [TEST_STEP][PASSED] - verifyElementVisible(findTestObject(path_UM + "a_Next")): Object 'Object Repository/AdminSuiteBootstrap_Pages/UM_Bootstrap/a_Next' is visible

2022-07-25 18:35:47 - [MESSAGE][PASSED] - Object 'Object Repository/AdminSuiteBootstrap_Pages/UM_Bootstrap/a_Next' is visible

2022-07-25 18:35:47 - [TEST_STEP][PASSED] - verifyElementPresent(findTestObject(path_UM + "a_Next"), 30): Object 'Object Repository/AdminSuiteBootstrap_Pages/UM_Bootstrap/a_Next' is present

2022-07-25 18:35:47 - [MESSAGE][PASSED] - Object 'Object Repository/AdminSuiteBootstrap_Pages/UM_Bootstrap/a_Next' is present

2022-07-25 18:35:47 - [TEST_STEP][PASSED] - verifyElementVisible(findTestObject(path_UM + "a_Last")): Object 'Object Repository/AdminSuiteBootstrap_Pages/UM_Bootstrap/a_Last' is visible

2022-07-25 18:35:47 - [MESSAGE][PASSED] - Object 'Object Repository/AdminSuiteBootstrap_Pages/UM_Bootstrap/a_Last' is visible

2022-07-25 18:35:47 - [TEST_STEP][PASSED] - verifyElementPresent(findTestObject(path_UM + "a_Last"), 30): Object 'Object Repository/AdminSuiteBootstrap_Pages/UM_Bootstrap/a_Last' is present

2022-07-25 18:35:48 - [MESSAGE][PASSED] - Object 'Object Repository/AdminSuiteBootstrap_Pages/UM_Bootstrap/a_Last' is present]]></system-out>
         <system-err><![CDATA[]]></system-err>
      </testcase>
      <testcase name="Test Cases/Admin Suite Bootstrap/UM_TestCases/UsersErrors/AddUserSpCharFirstNameError" time="750.558" classname="Test Cases/Admin Suite Bootstrap/UM_TestCases/UsersErrors/AddUserSpCharFirstNameError" status="FAILED">
         <failure type="FAILED" message="Test Cases/Admin Suite Bootstrap/UM_TestCases/UsersErrors/AddUserSpCharFirstNameError FAILED.
Reason:
com.kms.katalon.core.exception.StepFailedException: Unable to click on object 'Object Repository/AdminSuiteBootstrap_Pages/UM_Bootstrap/Users/a_Add User' (Root cause: com.kms.katalon.core.exception.StepFailedException: Unable to click on object 'Object Repository/AdminSuiteBootstrap_Pages/UM_Bootstrap/Users/a_Add User'
	at com.kms.katalon.core.webui.keyword.internal.WebUIKeywordMain.stepFailed(WebUIKeywordMain.groovy:64)
	at com.kms.katalon.core.webui.keyword.internal.WebUIKeywordMain.runKeyword(WebUIKeywordMain.groovy:26)
	at com.kms.katalon.core.webui.keyword.builtin.ClickKeyword.click(ClickKeyword.groovy:74)
	at com.kms.katalon.core.webui.keyword.builtin.ClickKeyword.execute(ClickKeyword.groovy:40)
	at com.kms.katalon.core.keyword.internal.KeywordExecutor.executeKeywordForPlatform(KeywordExecutor.groovy:74)
	at com.kms.katalon.core.webui.keyword.WebUiBuiltInKeywords.click(WebUiBuiltInKeywords.groovy:620)
	at com.kms.katalon.core.webui.keyword.WebUiBuiltInKeywords$click$3.call(Unknown Source)
	at AddUserSpCharFirstNameError.run(AddUserSpCharFirstNameError:62)
	at com.kms.katalon.core.main.ScriptEngine.run(ScriptEngine.java:194)
	at com.kms.katalon.core.main.ScriptEngine.runScriptAsRawText(ScriptEngine.java:119)
	at com.kms.katalon.core.main.TestCaseExecutor.runScript(TestCaseExecutor.java:442)
	at com.kms.katalon.core.main.TestCaseExecutor.doExecute(TestCaseExecutor.java:433)
	at com.kms.katalon.core.main.TestCaseExecutor.processExecutionPhase(TestCaseExecutor.java:412)
	at com.kms.katalon.core.main.TestCaseExecutor.accessMainPhase(TestCaseExecutor.java:404)
	at com.kms.katalon.core.main.TestCaseExecutor.execute(TestCaseExecutor.java:281)
	at com.kms.katalon.core.main.TestSuiteExecutor.accessTestCaseMainPhase(TestSuiteExecutor.java:202)
	at com.kms.katalon.core.main.TestSuiteExecutor.accessTestSuiteMainPhase(TestSuiteExecutor.java:164)
	at com.kms.katalon.core.main.TestSuiteExecutor.execute(TestSuiteExecutor.java:105)
	at com.kms.katalon.core.main.TestCaseMain.startTestSuite(TestCaseMain.java:185)
	at com.kms.katalon.core.main.TestCaseMain$startTestSuite$0.call(Unknown Source)
	at TempTestSuite1658787923991.run(TempTestSuite1658787923991.groovy:36)
Caused by: com.kms.katalon.core.webui.exception.WebElementNotFoundException: Web element with id: 'Object Repository/AdminSuiteBootstrap_Pages/UM_Bootstrap/Users/a_Add User' located by '//*[@href = 'javascript:;' and (text() = 'Add User' or . = 'Add User')]' not found
	at com.kms.katalon.core.webui.common.WebUiCommonHelper.findWebElement(WebUiCommonHelper.java:1370)
	at com.kms.katalon.core.webui.keyword.internal.WebUIAbstractKeyword.findWebElement(WebUIAbstractKeyword.groovy:27)
	at com.kms.katalon.core.webui.keyword.builtin.ClickKeyword$_click_closure1.doCall(ClickKeyword.groovy:65)
	at com.kms.katalon.core.webui.keyword.builtin.ClickKeyword$_click_closure1.call(ClickKeyword.groovy)
	at com.kms.katalon.core.webui.keyword.internal.WebUIKeywordMain.runKeyword(WebUIKeywordMain.groovy:20)
	at com.kms.katalon.core.webui.keyword.builtin.ClickKeyword.click(ClickKeyword.groovy:74)
	at com.kms.katalon.core.webui.keyword.builtin.ClickKeyword.execute(ClickKeyword.groovy:40)
	at com.kms.katalon.core.keyword.internal.KeywordExecutor.executeKeywordForPlatform(KeywordExecutor.groovy:74)
	at com.kms.katalon.core.webui.keyword.WebUiBuiltInKeywords.click(WebUiBuiltInKeywords.groovy:620)
	at com.kms.katalon.core.webui.keyword.WebUiBuiltInKeywords$click$3.call(Unknown Source)
	at Script1658345837110.run(Script1658345837110.groovy:62)
	... 13 more
)
	at com.kms.katalon.core.keyword.internal.KeywordMain.stepFailed(KeywordMain.groovy:39)
	at com.kms.katalon.core.webui.keyword.internal.WebUIKeywordMain.stepFailed(WebUIKeywordMain.groovy:64)
	at com.kms.katalon.core.webui.keyword.internal.WebUIKeywordMain.runKeyword(WebUIKeywordMain.groovy:26)
	at com.kms.katalon.core.webui.keyword.builtin.ClickKeyword.click(ClickKeyword.groovy:74)
	at com.kms.katalon.core.webui.keyword.builtin.ClickKeyword.execute(ClickKeyword.groovy:40)
	at com.kms.katalon.core.keyword.internal.KeywordExecutor.executeKeywordForPlatform(KeywordExecutor.groovy:74)
	at com.kms.katalon.core.webui.keyword.WebUiBuiltInKeywords.click(WebUiBuiltInKeywords.groovy:620)
	at com.kms.katalon.core.webui.keyword.WebUiBuiltInKeywords$click$3.call(Unknown Source)
	at AddUserSpCharFirstNameError.run(AddUserSpCharFirstNameError:62)
	at com.kms.katalon.core.main.ScriptEngine.run(ScriptEngine.java:194)
	at com.kms.katalon.core.main.ScriptEngine.runScriptAsRawText(ScriptEngine.java:119)
	at com.kms.katalon.core.main.TestCaseExecutor.runScript(TestCaseExecutor.java:442)
	at com.kms.katalon.core.main.TestCaseExecutor.doExecute(TestCaseExecutor.java:433)
	at com.kms.katalon.core.main.TestCaseExecutor.processExecutionPhase(TestCaseExecutor.java:412)
	at com.kms.katalon.core.main.TestCaseExecutor.accessMainPhase(TestCaseExecutor.java:404)
	at com.kms.katalon.core.main.TestCaseExecutor.execute(TestCaseExecutor.java:281)
	at com.kms.katalon.core.main.TestSuiteExecutor.accessTestCaseMainPhase(TestSuiteExecutor.java:202)
	at com.kms.katalon.core.main.TestSuiteExecutor.accessTestSuiteMainPhase(TestSuiteExecutor.java:164)
	at com.kms.katalon.core.main.TestSuiteExecutor.execute(TestSuiteExecutor.java:105)
	at com.kms.katalon.core.main.TestCaseMain.startTestSuite(TestCaseMain.java:185)
	at com.kms.katalon.core.main.TestCaseMain$startTestSuite$0.call(Unknown Source)
	at TempTestSuite1658787923991.run(TempTestSuite1658787923991.groovy:36)
Caused by: com.kms.katalon.core.exception.StepFailedException: Unable to click on object 'Object Repository/AdminSuiteBootstrap_Pages/UM_Bootstrap/Users/a_Add User'
	... 21 more
Caused by: com.kms.katalon.core.webui.exception.WebElementNotFoundException: Web element with id: 'Object Repository/AdminSuiteBootstrap_Pages/UM_Bootstrap/Users/a_Add User' located by '//*[@href = 'javascript:;' and (text() = 'Add User' or . = 'Add User')]' not found
	at com.kms.katalon.core.webui.common.WebUiCommonHelper.findWebElement(WebUiCommonHelper.java:1370)
	at com.kms.katalon.core.webui.keyword.internal.WebUIAbstractKeyword.findWebElement(WebUIAbstractKeyword.groovy:27)
	at com.kms.katalon.core.webui.keyword.builtin.ClickKeyword$_click_closure1.doCall(ClickKeyword.groovy:65)
	at com.kms.katalon.core.webui.keyword.builtin.ClickKeyword$_click_closure1.call(ClickKeyword.groovy)
	at com.kms.katalon.core.webui.keyword.internal.WebUIKeywordMain.runKeyword(WebUIKeywordMain.groovy:20)
	... 19 more
"/>
         <system-out><![CDATA[2022-07-25 18:35:48 - [TEST_CASE][FAILED] - Test Cases/Admin Suite Bootstrap/UM_TestCases/UsersErrors/AddUserSpCharFirstNameError: Test Cases/Admin Suite Bootstrap/UM_TestCases/UsersErrors/AddUserSpCharFirstNameError FAILED.
Reason:
com.kms.katalon.core.exception.StepFailedException: Unable to click on object 'Object Repository/AdminSuiteBootstrap_Pages/UM_Bootstrap/Users/a_Add User' (Root cause: com.kms.katalon.core.exception.StepFailedException: Unable to click on object 'Object Repository/AdminSuiteBootstrap_Pages/UM_Bootstrap/Users/a_Add User'
	at com.kms.katalon.core.webui.keyword.internal.WebUIKeywordMain.stepFailed(WebUIKeywordMain.groovy:64)
	at com.kms.katalon.core.webui.keyword.internal.WebUIKeywordMain.runKeyword(WebUIKeywordMain.groovy:26)
	at com.kms.katalon.core.webui.keyword.builtin.ClickKeyword.click(ClickKeyword.groovy:74)
	at com.kms.katalon.core.webui.keyword.builtin.ClickKeyword.execute(ClickKeyword.groovy:40)
	at com.kms.katalon.core.keyword.internal.KeywordExecutor.executeKeywordForPlatform(KeywordExecutor.groovy:74)
	at com.kms.katalon.core.webui.keyword.WebUiBuiltInKeywords.click(WebUiBuiltInKeywords.groovy:620)
	at com.kms.katalon.core.webui.keyword.WebUiBuiltInKeywords$click$3.call(Unknown Source)
	at AddUserSpCharFirstNameError.run(AddUserSpCharFirstNameError:62)
	at com.kms.katalon.core.main.ScriptEngine.run(ScriptEngine.java:194)
	at com.kms.katalon.core.main.ScriptEngine.runScriptAsRawText(ScriptEngine.java:119)
	at com.kms.katalon.core.main.TestCaseExecutor.runScript(TestCaseExecutor.java:442)
	at com.kms.katalon.core.main.TestCaseExecutor.doExecute(TestCaseExecutor.java:433)
	at com.kms.katalon.core.main.TestCaseExecutor.processExecutionPhase(TestCaseExecutor.java:412)
	at com.kms.katalon.core.main.TestCaseExecutor.accessMainPhase(TestCaseExecutor.java:404)
	at com.kms.katalon.core.main.TestCaseExecutor.execute(TestCaseExecutor.java:281)
	at com.kms.katalon.core.main.TestSuiteExecutor.accessTestCaseMainPhase(TestSuiteExecutor.java:202)
	at com.kms.katalon.core.main.TestSuiteExecutor.accessTestSuiteMainPhase(TestSuiteExecutor.java:164)
	at com.kms.katalon.core.main.TestSuiteExecutor.execute(TestSuiteExecutor.java:105)
	at com.kms.katalon.core.main.TestCaseMain.startTestSuite(TestCaseMain.java:185)
	at com.kms.katalon.core.main.TestCaseMain$startTestSuite$0.call(Unknown Source)
	at TempTestSuite1658787923991.run(TempTestSuite1658787923991.groovy:36)
Caused by: com.kms.katalon.core.webui.exception.WebElementNotFoundException: Web element with id: 'Object Repository/AdminSuiteBootstrap_Pages/UM_Bootstrap/Users/a_Add User' located by '//*[@href = 'javascript:;' and (text() = 'Add User' or . = 'Add User')]' not found
	at com.kms.katalon.core.webui.common.WebUiCommonHelper.findWebElement(WebUiCommonHelper.java:1370)
	at com.kms.katalon.core.webui.keyword.internal.WebUIAbstractKeyword.findWebElement(WebUIAbstractKeyword.groovy:27)
	at com.kms.katalon.core.webui.keyword.builtin.ClickKeyword$_click_closure1.doCall(ClickKeyword.groovy:65)
	at com.kms.katalon.core.webui.keyword.builtin.ClickKeyword$_click_closure1.call(ClickKeyword.groovy)
	at com.kms.katalon.core.webui.keyword.internal.WebUIKeywordMain.runKeyword(WebUIKeywordMain.groovy:20)
	at com.kms.katalon.core.webui.keyword.builtin.ClickKeyword.click(ClickKeyword.groovy:74)
	at com.kms.katalon.core.webui.keyword.builtin.ClickKeyword.execute(ClickKeyword.groovy:40)
	at com.kms.katalon.core.keyword.internal.KeywordExecutor.executeKeywordForPlatform(KeywordExecutor.groovy:74)
	at com.kms.katalon.core.webui.keyword.WebUiBuiltInKeywords.click(WebUiBuiltInKeywords.groovy:620)
	at com.kms.katalon.core.webui.keyword.WebUiBuiltInKeywords$click$3.call(Unknown Source)
	at Script1658345837110.run(Script1658345837110.groovy:62)
	... 13 more
)
	at com.kms.katalon.core.keyword.internal.KeywordMain.stepFailed(KeywordMain.groovy:39)
	at com.kms.katalon.core.webui.keyword.internal.WebUIKeywordMain.stepFailed(WebUIKeywordMain.groovy:64)
	at com.kms.katalon.core.webui.keyword.internal.WebUIKeywordMain.runKeyword(WebUIKeywordMain.groovy:26)
	at com.kms.katalon.core.webui.keyword.builtin.ClickKeyword.click(ClickKeyword.groovy:74)
	at com.kms.katalon.core.webui.keyword.builtin.ClickKeyword.execute(ClickKeyword.groovy:40)
	at com.kms.katalon.core.keyword.internal.KeywordExecutor.executeKeywordForPlatform(KeywordExecutor.groovy:74)
	at com.kms.katalon.core.webui.keyword.WebUiBuiltInKeywords.click(WebUiBuiltInKeywords.groovy:620)
	at com.kms.katalon.core.webui.keyword.WebUiBuiltInKeywords$click$3.call(Unknown Source)
	at AddUserSpCharFirstNameError.run(AddUserSpCharFirstNameError:62)
	at com.kms.katalon.core.main.ScriptEngine.run(ScriptEngine.java:194)
	at com.kms.katalon.core.main.ScriptEngine.runScriptAsRawText(ScriptEngine.java:119)
	at com.kms.katalon.core.main.TestCaseExecutor.runScript(TestCaseExecutor.java:442)
	at com.kms.katalon.core.main.TestCaseExecutor.doExecute(TestCaseExecutor.java:433)
	at com.kms.katalon.core.main.TestCaseExecutor.processExecutionPhase(TestCaseExecutor.java:412)
	at com.kms.katalon.core.main.TestCaseExecutor.accessMainPhase(TestCaseExecutor.java:404)
	at com.kms.katalon.core.main.TestCaseExecutor.execute(TestCaseExecutor.java:281)
	at com.kms.katalon.core.main.TestSuiteExecutor.accessTestCaseMainPhase(TestSuiteExecutor.java:202)
	at com.kms.katalon.core.main.TestSuiteExecutor.accessTestSuiteMainPhase(TestSuiteExecutor.java:164)
	at com.kms.katalon.core.main.TestSuiteExecutor.execute(TestSuiteExecutor.java:105)
	at com.kms.katalon.core.main.TestCaseMain.startTestSuite(TestCaseMain.java:185)
	at com.kms.katalon.core.main.TestCaseMain$startTestSuite$0.call(Unknown Source)
	at TempTestSuite1658787923991.run(TempTestSuite1658787923991.groovy:36)
Caused by: com.kms.katalon.core.exception.StepFailedException: Unable to click on object 'Object Repository/AdminSuiteBootstrap_Pages/UM_Bootstrap/Users/a_Add User'
	... 21 more
Caused by: com.kms.katalon.core.webui.exception.WebElementNotFoundException: Web element with id: 'Object Repository/AdminSuiteBootstrap_Pages/UM_Bootstrap/Users/a_Add User' located by '//*[@href = 'javascript:;' and (text() = 'Add User' or . = 'Add User')]' not found
	at com.kms.katalon.core.webui.common.WebUiCommonHelper.findWebElement(WebUiCommonHelper.java:1370)
	at com.kms.katalon.core.webui.keyword.internal.WebUIAbstractKeyword.findWebElement(WebUIAbstractKeyword.groovy:27)
	at com.kms.katalon.core.webui.keyword.builtin.ClickKeyword$_click_closure1.doCall(ClickKeyword.groovy:65)
	at com.kms.katalon.core.webui.keyword.builtin.ClickKeyword$_click_closure1.call(ClickKeyword.groovy)
	at com.kms.katalon.core.webui.keyword.internal.WebUIKeywordMain.runKeyword(WebUIKeywordMain.groovy:20)
	... 19 more


2022-07-25 18:35:48 - [TEST_STEP][PASSED] - path_Dashboard = "Object Repository/AdminSuiteBootstrap_Pages/Dashboard_Bootstrap/": null

2022-07-25 18:35:48 - [TEST_STEP][PASSED] - path_Users = "Object Repository/AdminSuiteBootstrap_Pages/UM_Bootstrap/Users/": null

2022-07-25 18:35:48 - [TEST_STEP][PASSED] - path_UserView = "Object Repository/AdminSuiteBootstrap_Pages/UM_Bootstrap/UserView/": null

2022-07-25 18:35:48 - [TEST_STEP][PASSED] - path_DeleteUser = "Object Repository/AdminSuiteBootstrap_Pages/UM_Bootstrap/DeleteUser/": null

2022-07-25 18:35:48 - [TEST_STEP][PASSED] - path_AddUser = "Object Repository/AdminSuiteBootstrap_Pages/UM_Bootstrap/AddUser/": null

2022-07-25 18:35:48 - [TEST_STEP][PASSED] - executionProfile = getExecutionProfile(): null

2022-07-25 18:35:48 - [TEST_STEP][PASSED] - out.println("executionProfile : " + executionProfile): null

2022-07-25 18:35:48 - [TEST_STEP][PASSED] - appName = <not implemented yet for class: org.codehaus.groovy.ast.expr.EmptyExpression>: null

2022-07-25 18:35:48 - [TEST_STEP][PASSED] - appID = <not implemented yet for class: org.codehaus.groovy.ast.expr.EmptyExpression>: null

2022-07-25 18:35:48 - [TEST_STEP][PASSED] - spUsername = <not implemented yet for class: org.codehaus.groovy.ast.expr.EmptyExpression>: null

2022-07-25 18:35:48 - [TEST_STEP][PASSED] - nameSheet = "CreateUserSCFNameErr": null

2022-07-25 18:35:48 - [TEST_STEP][PASSED] - dataFile = "QA/Bootstrap/UM-TestData/CreateUserSCFNameErr": null

2022-07-25 18:35:48 - [TEST_STEP][PASSED] - numOfRows = findTestData("QA/Bootstrap/UM-TestData/CreateUserSCFNameErr").getRowNumbers(): null

2022-07-25 18:35:48 - [TEST_STEP][PASSED] - println("Number of Records: " + numOfRows): null

2022-07-25 18:35:48 - [TEST_STEP][FAILED] - for ([row = 1, row <= numOfRows, (row++)]): null

2022-07-25 18:35:48 - [TEST_STEP][PASSED] - ExecuteTC = findTestData(dataFile).getValue("Execute", row): null

2022-07-25 18:35:49 - [TEST_STEP][PASSED] - out.println("Value of Execute is : " + ExecuteTC): null

2022-07-25 18:35:49 - [TEST_STEP][FAILED] - if (ExecuteTC.equalsIgnoreCase("Y")): null

2022-07-25 18:35:49 - [TEST_STEP][PASSED] - out.println("Begin Record Number: " + row): null

2022-07-25 18:35:49 - [TEST_STEP][PASSED] - adminSuiteBootstrap.loginFunctionality.login_AdminSuite(): adminSuiteBootstrap.loginFunctionality.login_AdminSuite is PASSED

2022-07-25 18:35:49 - [MESSAGE][WARNING] - A browser is already opened. Closing browser and opening a new one

2022-07-25 18:35:50 - [MESSAGE][INFO] - Starting 'Chrome' driver

2022-07-25 18:35:50 - [MESSAGE][INFO] - User set preference: ['acceptInsecureCerts', 'true']

2022-07-25 18:35:50 - [MESSAGE][INFO] - Action delay is set to 0 milliseconds

2022-07-25 18:35:53 - [MESSAGE][PASSED] - Browser is opened with url: 'https://qa.velocitypayment.com/admin/imtiaz'

2022-07-25 18:35:53 - [MESSAGE][PASSED] - Current window maximized

2022-07-25 18:35:53 - [MESSAGE][PASSED] - Object 'Object Repository/Login_Page/Login_Username' is present

2022-07-25 18:35:54 - [MESSAGE][PASSED] - Text 'iahmed' is set on object 'Object Repository/Login_Page/Login_Username'

2022-07-25 18:35:55 - [MESSAGE][PASSED] - Text 'hello2222' is set on object 'Object Repository/Login_Page/Login_Password'

2022-07-25 18:35:56 - [MESSAGE][PASSED] - Object: 'Object Repository/Login_Page/Login_Submit' is clicked on

2022-07-25 18:35:56 - [MESSAGE][PASSED] - adminSuiteBootstrap.loginFunctionality.login_AdminSuite is PASSED

2022-07-25 18:35:56 - [TEST_STEP][PASSED] - click(findTestObject(path_Dashboard + "a_Access User Management")): Object: 'Object Repository/AdminSuiteBootstrap_Pages/Dashboard_Bootstrap/a_Access User Management' is clicked on

2022-07-25 18:36:27 - [MESSAGE][INFO] - Unable to find the element located by 'By.xpath: //*[(text() = 'Access User Management' or . = 'Access User Management')]'. Please recheck the objects properties to make sure the desired element is located. 

2022-07-25 18:36:27 - [MESSAGE][WARNING] - [SELF-HEALING] Failed to find element with id 'Object Repository/AdminSuiteBootstrap_Pages/Dashboard_Bootstrap/a_Access User Management'. Try using Self-healing.

2022-07-25 18:36:28 - [MESSAGE][INFO] - Unable to find the element located by 'By.xpath: //a[contains(text(),'Access User Management')]'. Please recheck the objects properties to make sure the desired element is located. 

2022-07-25 18:36:28 - [MESSAGE][INFO] - [SELF-HEALING] Failed Locator: '//a[contains(text(),'Access User Management')]'.

2022-07-25 18:36:28 - [MESSAGE][INFO] - [SELF-HEALING] Failed Locator: '(.//*[normalize-space(text()) and normalize-space(.)='User Management'])[2]/following::a[1]'.

2022-07-25 18:36:29 - [MESSAGE][INFO] - [SELF-HEALING] Failed Locator: '(.//*[normalize-space(text()) and normalize-space(.)='Call Center'])[1]/following::a[1]'.

2022-07-25 18:36:29 - [MESSAGE][INFO] - [SELF-HEALING] Failed Locator: '(.//*[normalize-space(text()) and normalize-space(.)='Online Reporting'])[1]/preceding::a[1]'.

2022-07-25 18:36:29 - [MESSAGE][INFO] - [SELF-HEALING] Failed Locator: '(.//*[normalize-space(text()) and normalize-space(.)='Access Email Subscription'])[1]/preceding::a[1]'.

2022-07-25 18:36:29 - [MESSAGE][INFO] - [SELF-HEALING] Failed Locator: '//*/text()[normalize-space(.)='Access User Management']/parent::*'.

2022-07-25 18:36:30 - [MESSAGE][INFO] - [SELF-HEALING] Failed Locator: '//a[contains(@href, '/admin/imtiaz/bootstrap/vadministrator/index.do')]'.

2022-07-25 18:36:30 - [MESSAGE][INFO] - [SELF-HEALING] Working Locator: '//div/a'.

2022-07-25 18:36:30 - [MESSAGE][INFO] - [SELF-HEALING] Screenshot: E:/Cloned-Project-Katalon/VPS-Katalon/Reports/Self-healing/Object Repository/AdminSuiteBootstrap_Pages/Dashboard_Bootstrap/a_Access User Management_position.png

2022-07-25 18:36:30 - [MESSAGE][WARNING] - [SELF-HEALING] The current locator of test object 'Object Repository/AdminSuiteBootstrap_Pages/Dashboard_Bootstrap/a_Access User Management' was broken. Propose an alternative one: '//div/a'.

2022-07-25 18:36:31 - [MESSAGE][PASSED] - Object: 'Object Repository/AdminSuiteBootstrap_Pages/Dashboard_Bootstrap/a_Access User Management' is clicked on

2022-07-25 18:36:31 - [TEST_STEP][FAILED] - click(findTestObject(path_Users + "a_Add User")): Unable to click on object 'Object Repository/AdminSuiteBootstrap_Pages/UM_Bootstrap/Users/a_Add User' (Root cause: com.kms.katalon.core.exception.StepFailedException: Unable to click on object 'Object Repository/AdminSuiteBootstrap_Pages/UM_Bootstrap/Users/a_Add User'
	at com.kms.katalon.core.webui.keyword.internal.WebUIKeywordMain.stepFailed(WebUIKeywordMain.groovy:64)
	at com.kms.katalon.core.webui.keyword.internal.WebUIKeywordMain.runKeyword(WebUIKeywordMain.groovy:26)
	at com.kms.katalon.core.webui.keyword.builtin.ClickKeyword.click(ClickKeyword.groovy:74)
	at com.kms.katalon.core.webui.keyword.builtin.ClickKeyword.execute(ClickKeyword.groovy:40)
	at com.kms.katalon.core.keyword.internal.KeywordExecutor.executeKeywordForPlatform(KeywordExecutor.groovy:74)
	at com.kms.katalon.core.webui.keyword.WebUiBuiltInKeywords.click(WebUiBuiltInKeywords.groovy:620)
	at com.kms.katalon.core.webui.keyword.WebUiBuiltInKeywords$click$3.call(Unknown Source)
	at AddUserSpCharFirstNameError.run(AddUserSpCharFirstNameError:62)
	at com.kms.katalon.core.main.ScriptEngine.run(ScriptEngine.java:194)
	at com.kms.katalon.core.main.ScriptEngine.runScriptAsRawText(ScriptEngine.java:119)
	at com.kms.katalon.core.main.TestCaseExecutor.runScript(TestCaseExecutor.java:442)
	at com.kms.katalon.core.main.TestCaseExecutor.doExecute(TestCaseExecutor.java:433)
	at com.kms.katalon.core.main.TestCaseExecutor.processExecutionPhase(TestCaseExecutor.java:412)
	at com.kms.katalon.core.main.TestCaseExecutor.accessMainPhase(TestCaseExecutor.java:404)
	at com.kms.katalon.core.main.TestCaseExecutor.execute(TestCaseExecutor.java:281)
	at com.kms.katalon.core.main.TestSuiteExecutor.accessTestCaseMainPhase(TestSuiteExecutor.java:202)
	at com.kms.katalon.core.main.TestSuiteExecutor.accessTestSuiteMainPhase(TestSuiteExecutor.java:164)
	at com.kms.katalon.core.main.TestSuiteExecutor.execute(TestSuiteExecutor.java:105)
	at com.kms.katalon.core.main.TestCaseMain.startTestSuite(TestCaseMain.java:185)
	at com.kms.katalon.core.main.TestCaseMain$startTestSuite$0.call(Unknown Source)
	at TempTestSuite1658787923991.run(TempTestSuite1658787923991.groovy:36)
Caused by: com.kms.katalon.core.webui.exception.WebElementNotFoundException: Web element with id: 'Object Repository/AdminSuiteBootstrap_Pages/UM_Bootstrap/Users/a_Add User' located by '//*[@href = 'javascript:;' and (text() = 'Add User' or . = 'Add User')]' not found
	at com.kms.katalon.core.webui.common.WebUiCommonHelper.findWebElement(WebUiCommonHelper.java:1370)
	at com.kms.katalon.core.webui.keyword.internal.WebUIAbstractKeyword.findWebElement(WebUIAbstractKeyword.groovy:27)
	at com.kms.katalon.core.webui.keyword.builtin.ClickKeyword$_click_closure1.doCall(ClickKeyword.groovy:65)
	at com.kms.katalon.core.webui.keyword.builtin.ClickKeyword$_click_closure1.call(ClickKeyword.groovy)
	at com.kms.katalon.core.webui.keyword.internal.WebUIKeywordMain.runKeyword(WebUIKeywordMain.groovy:20)
	at com.kms.katalon.core.webui.keyword.builtin.ClickKeyword.click(ClickKeyword.groovy:74)
	at com.kms.katalon.core.webui.keyword.builtin.ClickKeyword.execute(ClickKeyword.groovy:40)
	at com.kms.katalon.core.keyword.internal.KeywordExecutor.executeKeywordForPlatform(KeywordExecutor.groovy:74)
	at com.kms.katalon.core.webui.keyword.WebUiBuiltInKeywords.click(WebUiBuiltInKeywords.groovy:620)
	at com.kms.katalon.core.webui.keyword.WebUiBuiltInKeywords$click$3.call(Unknown Source)
	at Script1658345837110.run(Script1658345837110.groovy:62)
	... 13 more
)

2022-07-25 18:37:03 - [MESSAGE][INFO] - Unable to find the element located by 'By.xpath: //*[@href = 'javascript:;' and (text() = 'Add User' or . = 'Add User')]'. Please recheck the objects properties to make sure the desired element is located. 

2022-07-25 18:37:03 - [MESSAGE][WARNING] - [SELF-HEALING] Failed to find element with id 'Object Repository/AdminSuiteBootstrap_Pages/UM_Bootstrap/Users/a_Add User'. Try using Self-healing.

2022-07-25 18:37:04 - [MESSAGE][INFO] - Unable to find the element located by 'By.xpath: //a[@onclick='showAddUser();']'. Please recheck the objects properties to make sure the desired element is located. 

2022-07-25 18:37:04 - [MESSAGE][INFO] - [SELF-HEALING] Failed Locator: '//a[@onclick='showAddUser();']'.

2022-07-25 18:37:04 - [MESSAGE][INFO] - [SELF-HEALING] Failed Locator: '//a[contains(text(),'Add User')]'.

2022-07-25 18:37:05 - [MESSAGE][INFO] - [SELF-HEALING] Failed Locator: '(.//*[normalize-space(text()) and normalize-space(.)='Find User'])[1]/following::a[1]'.

2022-07-25 18:37:05 - [MESSAGE][INFO] - [SELF-HEALING] Failed Locator: '(.//*[normalize-space(text()) and normalize-space(.)='User Report'])[1]/following::a[2]'.

2022-07-25 18:37:05 - [MESSAGE][INFO] - [SELF-HEALING] Failed Locator: '(.//*[normalize-space(text()) and normalize-space(.)='User Name'])[1]/preceding::a[1]'.

2022-07-25 18:37:05 - [MESSAGE][INFO] - [SELF-HEALING] Failed Locator: '(.//*[normalize-space(text()) and normalize-space(.)='User ID'])[1]/preceding::a[1]'.

2022-07-25 18:37:06 - [MESSAGE][INFO] - [SELF-HEALING] Failed Locator: '//*/text()[normalize-space(.)='Add User']/parent::*'.

2022-07-25 18:37:06 - [MESSAGE][INFO] - [SELF-HEALING] Failed Locator: '(//a[contains(@href, 'javascript:;')])[2]'.

2022-07-25 18:37:06 - [MESSAGE][INFO] - [SELF-HEALING] Failed Locator: '//li[4]/button/a'.

2022-07-25 18:37:07 - [MESSAGE][INFO] - Unable to find the element located by 'By.cssSelector: '. Please recheck the objects properties to make sure the desired element is located. 

2022-07-25 18:37:08 - [MESSAGE][FAILED] - Unable to click on object 'Object Repository/AdminSuiteBootstrap_Pages/UM_Bootstrap/Users/a_Add User' (Root cause: com.kms.katalon.core.exception.StepFailedException: Unable to click on object 'Object Repository/AdminSuiteBootstrap_Pages/UM_Bootstrap/Users/a_Add User'
	at com.kms.katalon.core.webui.keyword.internal.WebUIKeywordMain.stepFailed(WebUIKeywordMain.groovy:64)
	at com.kms.katalon.core.webui.keyword.internal.WebUIKeywordMain.runKeyword(WebUIKeywordMain.groovy:26)
	at com.kms.katalon.core.webui.keyword.builtin.ClickKeyword.click(ClickKeyword.groovy:74)
	at com.kms.katalon.core.webui.keyword.builtin.ClickKeyword.execute(ClickKeyword.groovy:40)
	at com.kms.katalon.core.keyword.internal.KeywordExecutor.executeKeywordForPlatform(KeywordExecutor.groovy:74)
	at com.kms.katalon.core.webui.keyword.WebUiBuiltInKeywords.click(WebUiBuiltInKeywords.groovy:620)
	at com.kms.katalon.core.webui.keyword.WebUiBuiltInKeywords$click$3.call(Unknown Source)
	at AddUserSpCharFirstNameError.run(AddUserSpCharFirstNameError:62)
	at com.kms.katalon.core.main.ScriptEngine.run(ScriptEngine.java:194)
	at com.kms.katalon.core.main.ScriptEngine.runScriptAsRawText(ScriptEngine.java:119)
	at com.kms.katalon.core.main.TestCaseExecutor.runScript(TestCaseExecutor.java:442)
	at com.kms.katalon.core.main.TestCaseExecutor.doExecute(TestCaseExecutor.java:433)
	at com.kms.katalon.core.main.TestCaseExecutor.processExecutionPhase(TestCaseExecutor.java:412)
	at com.kms.katalon.core.main.TestCaseExecutor.accessMainPhase(TestCaseExecutor.java:404)
	at com.kms.katalon.core.main.TestCaseExecutor.execute(TestCaseExecutor.java:281)
	at com.kms.katalon.core.main.TestSuiteExecutor.accessTestCaseMainPhase(TestSuiteExecutor.java:202)
	at com.kms.katalon.core.main.TestSuiteExecutor.accessTestSuiteMainPhase(TestSuiteExecutor.java:164)
	at com.kms.katalon.core.main.TestSuiteExecutor.execute(TestSuiteExecutor.java:105)
	at com.kms.katalon.core.main.TestCaseMain.startTestSuite(TestCaseMain.java:185)
	at com.kms.katalon.core.main.TestCaseMain$startTestSuite$0.call(Unknown Source)
	at TempTestSuite1658787923991.run(TempTestSuite1658787923991.groovy:36)
Caused by: com.kms.katalon.core.webui.exception.WebElementNotFoundException: Web element with id: 'Object Repository/AdminSuiteBootstrap_Pages/UM_Bootstrap/Users/a_Add User' located by '//*[@href = 'javascript:;' and (text() = 'Add User' or . = 'Add User')]' not found
	at com.kms.katalon.core.webui.common.WebUiCommonHelper.findWebElement(WebUiCommonHelper.java:1370)
	at com.kms.katalon.core.webui.keyword.internal.WebUIAbstractKeyword.findWebElement(WebUIAbstractKeyword.groovy:27)
	at com.kms.katalon.core.webui.keyword.builtin.ClickKeyword$_click_closure1.doCall(ClickKeyword.groovy:65)
	at com.kms.katalon.core.webui.keyword.builtin.ClickKeyword$_click_closure1.call(ClickKeyword.groovy)
	at com.kms.katalon.core.webui.keyword.internal.WebUIKeywordMain.runKeyword(WebUIKeywordMain.groovy:20)
	at com.kms.katalon.core.webui.keyword.builtin.ClickKeyword.click(ClickKeyword.groovy:74)
	at com.kms.katalon.core.webui.keyword.builtin.ClickKeyword.execute(ClickKeyword.groovy:40)
	at com.kms.katalon.core.keyword.internal.KeywordExecutor.executeKeywordForPlatform(KeywordExecutor.groovy:74)
	at com.kms.katalon.core.webui.keyword.WebUiBuiltInKeywords.click(WebUiBuiltInKeywords.groovy:620)
	at com.kms.katalon.core.webui.keyword.WebUiBuiltInKeywords$click$3.call(Unknown Source)
	at Script1658345837110.run(Script1658345837110.groovy:62)
	... 13 more
)
[[ATTACHMENT|E:\\Cloned-Project-Katalon\\VPS-Katalon\\Reports\\20220725_182523\\QA\\UM-Bootstrap\\UM-TestSuite-QA\\20220725_182523\\1658788627810.png]]

2022-07-25 18:37:08 - [TEST_STEP][PASSED] - buildUsername = pages.GenerateRandom.getRandomAlpha(): pages.GenerateRandom.getRandomAlpha is PASSED

2022-07-25 18:37:08 - [MESSAGE][PASSED] - pages.GenerateRandom.getRandomAlpha is PASSED

2022-07-25 18:37:08 - [TEST_STEP][PASSED] - prefixUsername = findTestData(dataFile).getValue("Firstname", row): null

2022-07-25 18:37:08 - [TEST_STEP][PASSED] - spUsername = prefixUsername + buildUsername: null

2022-07-25 18:37:08 - [TEST_STEP][FAILED] - setText(findTestObject(path_AddUser + "input_EmailAddress"), "iahmed@govolution.com"): Unable to set text 'iahmed@govolution.com' of object 'Object Repository/AdminSuiteBootstrap_Pages/UM_Bootstrap/AddUser/input_EmailAddress' (Root cause: com.kms.katalon.core.exception.StepFailedException: Unable to set text 'iahmed@govolution.com' of object 'Object Repository/AdminSuiteBootstrap_Pages/UM_Bootstrap/AddUser/input_EmailAddress'
	at com.kms.katalon.core.webui.keyword.internal.WebUIKeywordMain.stepFailed(WebUIKeywordMain.groovy:64)
	at com.kms.katalon.core.webui.keyword.internal.WebUIKeywordMain.runKeyword(WebUIKeywordMain.groovy:26)
	at com.kms.katalon.core.webui.keyword.builtin.SetTextKeyword.setText(SetTextKeyword.groovy:66)
	at com.kms.katalon.core.webui.keyword.builtin.SetTextKeyword.execute(SetTextKeyword.groovy:37)
	at com.kms.katalon.core.keyword.internal.KeywordExecutor.executeKeywordForPlatform(KeywordExecutor.groovy:74)
	at com.kms.katalon.core.webui.keyword.WebUiBuiltInKeywords.setText(WebUiBuiltInKeywords.groovy:980)
	at com.kms.katalon.core.webui.keyword.WebUiBuiltInKeywords$setText$2.call(Unknown Source)
	at AddUserSpCharFirstNameError.run(AddUserSpCharFirstNameError:74)
	at com.kms.katalon.core.main.ScriptEngine.run(ScriptEngine.java:194)
	at com.kms.katalon.core.main.ScriptEngine.runScriptAsRawText(ScriptEngine.java:119)
	at com.kms.katalon.core.main.TestCaseExecutor.runScript(TestCaseExecutor.java:442)
	at com.kms.katalon.core.main.TestCaseExecutor.doExecute(TestCaseExecutor.java:433)
	at com.kms.katalon.core.main.TestCaseExecutor.processExecutionPhase(TestCaseExecutor.java:412)
	at com.kms.katalon.core.main.TestCaseExecutor.accessMainPhase(TestCaseExecutor.java:404)
	at com.kms.katalon.core.main.TestCaseExecutor.execute(TestCaseExecutor.java:281)
	at com.kms.katalon.core.main.TestSuiteExecutor.accessTestCaseMainPhase(TestSuiteExecutor.java:202)
	at com.kms.katalon.core.main.TestSuiteExecutor.accessTestSuiteMainPhase(TestSuiteExecutor.java:164)
	at com.kms.katalon.core.main.TestSuiteExecutor.execute(TestSuiteExecutor.java:105)
	at com.kms.katalon.core.main.TestCaseMain.startTestSuite(TestCaseMain.java:185)
	at com.kms.katalon.core.main.TestCaseMain$startTestSuite$0.call(Unknown Source)
	at TempTestSuite1658787923991.run(TempTestSuite1658787923991.groovy:36)
Caused by: com.kms.katalon.core.webui.exception.WebElementNotFoundException: Web element with id: 'Object Repository/AdminSuiteBootstrap_Pages/UM_Bootstrap/AddUser/input_EmailAddress' located by '//*[@type = 'text' and @placeholder = 'Email Address' and @name = 'emailAddress' and @id = 'input-email-address-add']' not found
	at com.kms.katalon.core.webui.common.WebUiCommonHelper.findWebElement(WebUiCommonHelper.java:1370)
	at com.kms.katalon.core.webui.keyword.internal.WebUIAbstractKeyword.findWebElement(WebUIAbstractKeyword.groovy:27)
	at com.kms.katalon.core.webui.keyword.internal.WebUIAbstractKeyword.findWebElement(WebUIAbstractKeyword.groovy:26)
	at com.kms.katalon.core.webui.keyword.builtin.SetTextKeyword$_setText_closure1.doCall(SetTextKeyword.groovy:51)
	at com.kms.katalon.core.webui.keyword.builtin.SetTextKeyword$_setText_closure1.call(SetTextKeyword.groovy)
	at com.kms.katalon.core.webui.keyword.internal.WebUIKeywordMain.runKeyword(WebUIKeywordMain.groovy:20)
	at com.kms.katalon.core.webui.keyword.builtin.SetTextKeyword.setText(SetTextKeyword.groovy:66)
	at com.kms.katalon.core.webui.keyword.builtin.SetTextKeyword.execute(SetTextKeyword.groovy:37)
	at com.kms.katalon.core.keyword.internal.KeywordExecutor.executeKeywordForPlatform(KeywordExecutor.groovy:74)
	at com.kms.katalon.core.webui.keyword.WebUiBuiltInKeywords.setText(WebUiBuiltInKeywords.groovy:980)
	at com.kms.katalon.core.webui.keyword.WebUiBuiltInKeywords$setText$2.call(Unknown Source)
	at Script1658345837110.run(Script1658345837110.groovy:74)
	... 13 more
)

2022-07-25 18:37:39 - [MESSAGE][INFO] - Unable to find the element located by 'By.xpath: //*[@type = 'text' and @placeholder = 'Email Address' and @name = 'emailAddress' and @id = 'input-email-address-add']'. Please recheck the objects properties to make sure the desired element is located. 

2022-07-25 18:37:39 - [MESSAGE][WARNING] - [SELF-HEALING] Failed to find element with id 'Object Repository/AdminSuiteBootstrap_Pages/UM_Bootstrap/AddUser/input_EmailAddress'. Try using Self-healing.

2022-07-25 18:37:40 - [MESSAGE][INFO] - Unable to find the element located by 'By.xpath: //input[@id='input-email-address-add']'. Please recheck the objects properties to make sure the desired element is located. 

2022-07-25 18:37:40 - [MESSAGE][INFO] - [SELF-HEALING] Failed Locator: '//input[@id='input-email-address-add']'.

2022-07-25 18:37:41 - [MESSAGE][INFO] - [SELF-HEALING] Failed Locator: '//div[@id='addUser']/div/div/div/form/div[4]/input'.

2022-07-25 18:37:41 - [MESSAGE][INFO] - [SELF-HEALING] Failed Locator: '//div[4]/input'.

2022-07-25 18:37:41 - [MESSAGE][INFO] - [SELF-HEALING] Failed Locator: '//input[@type = 'text' and @placeholder = 'Email Address' and @name = 'emailAddress' and @id = 'input-email-address-add']'.

2022-07-25 18:37:42 - [MESSAGE][INFO] - Unable to find the element located by 'By.cssSelector: #input-email-address-add'. Please recheck the objects properties to make sure the desired element is located. 

2022-07-25 18:37:42 - [MESSAGE][FAILED] - Unable to set text 'iahmed@govolution.com' of object 'Object Repository/AdminSuiteBootstrap_Pages/UM_Bootstrap/AddUser/input_EmailAddress' (Root cause: com.kms.katalon.core.exception.StepFailedException: Unable to set text 'iahmed@govolution.com' of object 'Object Repository/AdminSuiteBootstrap_Pages/UM_Bootstrap/AddUser/input_EmailAddress'
	at com.kms.katalon.core.webui.keyword.internal.WebUIKeywordMain.stepFailed(WebUIKeywordMain.groovy:64)
	at com.kms.katalon.core.webui.keyword.internal.WebUIKeywordMain.runKeyword(WebUIKeywordMain.groovy:26)
	at com.kms.katalon.core.webui.keyword.builtin.SetTextKeyword.setText(SetTextKeyword.groovy:66)
	at com.kms.katalon.core.webui.keyword.builtin.SetTextKeyword.execute(SetTextKeyword.groovy:37)
	at com.kms.katalon.core.keyword.internal.KeywordExecutor.executeKeywordForPlatform(KeywordExecutor.groovy:74)
	at com.kms.katalon.core.webui.keyword.WebUiBuiltInKeywords.setText(WebUiBuiltInKeywords.groovy:980)
	at com.kms.katalon.core.webui.keyword.WebUiBuiltInKeywords$setText$2.call(Unknown Source)
	at AddUserSpCharFirstNameError.run(AddUserSpCharFirstNameError:74)
	at com.kms.katalon.core.main.ScriptEngine.run(ScriptEngine.java:194)
	at com.kms.katalon.core.main.ScriptEngine.runScriptAsRawText(ScriptEngine.java:119)
	at com.kms.katalon.core.main.TestCaseExecutor.runScript(TestCaseExecutor.java:442)
	at com.kms.katalon.core.main.TestCaseExecutor.doExecute(TestCaseExecutor.java:433)
	at com.kms.katalon.core.main.TestCaseExecutor.processExecutionPhase(TestCaseExecutor.java:412)
	at com.kms.katalon.core.main.TestCaseExecutor.accessMainPhase(TestCaseExecutor.java:404)
	at com.kms.katalon.core.main.TestCaseExecutor.execute(TestCaseExecutor.java:281)
	at com.kms.katalon.core.main.TestSuiteExecutor.accessTestCaseMainPhase(TestSuiteExecutor.java:202)
	at com.kms.katalon.core.main.TestSuiteExecutor.accessTestSuiteMainPhase(TestSuiteExecutor.java:164)
	at com.kms.katalon.core.main.TestSuiteExecutor.execute(TestSuiteExecutor.java:105)
	at com.kms.katalon.core.main.TestCaseMain.startTestSuite(TestCaseMain.java:185)
	at com.kms.katalon.core.main.TestCaseMain$startTestSuite$0.call(Unknown Source)
	at TempTestSuite1658787923991.run(TempTestSuite1658787923991.groovy:36)
Caused by: com.kms.katalon.core.webui.exception.WebElementNotFoundException: Web element with id: 'Object Repository/AdminSuiteBootstrap_Pages/UM_Bootstrap/AddUser/input_EmailAddress' located by '//*[@type = 'text' and @placeholder = 'Email Address' and @name = 'emailAddress' and @id = 'input-email-address-add']' not found
	at com.kms.katalon.core.webui.common.WebUiCommonHelper.findWebElement(WebUiCommonHelper.java:1370)
	at com.kms.katalon.core.webui.keyword.internal.WebUIAbstractKeyword.findWebElement(WebUIAbstractKeyword.groovy:27)
	at com.kms.katalon.core.webui.keyword.internal.WebUIAbstractKeyword.findWebElement(WebUIAbstractKeyword.groovy:26)
	at com.kms.katalon.core.webui.keyword.builtin.SetTextKeyword$_setText_closure1.doCall(SetTextKeyword.groovy:51)
	at com.kms.katalon.core.webui.keyword.builtin.SetTextKeyword$_setText_closure1.call(SetTextKeyword.groovy)
	at com.kms.katalon.core.webui.keyword.internal.WebUIKeywordMain.runKeyword(WebUIKeywordMain.groovy:20)
	at com.kms.katalon.core.webui.keyword.builtin.SetTextKeyword.setText(SetTextKeyword.groovy:66)
	at com.kms.katalon.core.webui.keyword.builtin.SetTextKeyword.execute(SetTextKeyword.groovy:37)
	at com.kms.katalon.core.keyword.internal.KeywordExecutor.executeKeywordForPlatform(KeywordExecutor.groovy:74)
	at com.kms.katalon.core.webui.keyword.WebUiBuiltInKeywords.setText(WebUiBuiltInKeywords.groovy:980)
	at com.kms.katalon.core.webui.keyword.WebUiBuiltInKeywords$setText$2.call(Unknown Source)
	at Script1658345837110.run(Script1658345837110.groovy:74)
	... 13 more
)
[[ATTACHMENT|E:\\Cloned-Project-Katalon\\VPS-Katalon\\Reports\\20220725_182523\\QA\\UM-Bootstrap\\UM-TestSuite-QA\\20220725_182523\\1658788662635.png]]

2022-07-25 18:37:42 - [TEST_STEP][FAILED] - setText(findTestObject(path_AddUser + "input_Username"), buildUsername): Unable to set text 'ZKBaQsgHt' of object 'Object Repository/AdminSuiteBootstrap_Pages/UM_Bootstrap/AddUser/input_Username' (Root cause: com.kms.katalon.core.exception.StepFailedException: Unable to set text 'ZKBaQsgHt' of object 'Object Repository/AdminSuiteBootstrap_Pages/UM_Bootstrap/AddUser/input_Username'
	at com.kms.katalon.core.webui.keyword.internal.WebUIKeywordMain.stepFailed(WebUIKeywordMain.groovy:64)
	at com.kms.katalon.core.webui.keyword.internal.WebUIKeywordMain.runKeyword(WebUIKeywordMain.groovy:26)
	at com.kms.katalon.core.webui.keyword.builtin.SetTextKeyword.setText(SetTextKeyword.groovy:66)
	at com.kms.katalon.core.webui.keyword.builtin.SetTextKeyword.execute(SetTextKeyword.groovy:37)
	at com.kms.katalon.core.keyword.internal.KeywordExecutor.executeKeywordForPlatform(KeywordExecutor.groovy:74)
	at com.kms.katalon.core.webui.keyword.WebUiBuiltInKeywords.setText(WebUiBuiltInKeywords.groovy:980)
	at com.kms.katalon.core.webui.keyword.WebUiBuiltInKeywords$setText$2.call(Unknown Source)
	at AddUserSpCharFirstNameError.run(AddUserSpCharFirstNameError:75)
	at com.kms.katalon.core.main.ScriptEngine.run(ScriptEngine.java:194)
	at com.kms.katalon.core.main.ScriptEngine.runScriptAsRawText(ScriptEngine.java:119)
	at com.kms.katalon.core.main.TestCaseExecutor.runScript(TestCaseExecutor.java:442)
	at com.kms.katalon.core.main.TestCaseExecutor.doExecute(TestCaseExecutor.java:433)
	at com.kms.katalon.core.main.TestCaseExecutor.processExecutionPhase(TestCaseExecutor.java:412)
	at com.kms.katalon.core.main.TestCaseExecutor.accessMainPhase(TestCaseExecutor.java:404)
	at com.kms.katalon.core.main.TestCaseExecutor.execute(TestCaseExecutor.java:281)
	at com.kms.katalon.core.main.TestSuiteExecutor.accessTestCaseMainPhase(TestSuiteExecutor.java:202)
	at com.kms.katalon.core.main.TestSuiteExecutor.accessTestSuiteMainPhase(TestSuiteExecutor.java:164)
	at com.kms.katalon.core.main.TestSuiteExecutor.execute(TestSuiteExecutor.java:105)
	at com.kms.katalon.core.main.TestCaseMain.startTestSuite(TestCaseMain.java:185)
	at com.kms.katalon.core.main.TestCaseMain$startTestSuite$0.call(Unknown Source)
	at TempTestSuite1658787923991.run(TempTestSuite1658787923991.groovy:36)
Caused by: com.kms.katalon.core.webui.exception.WebElementNotFoundException: Web element with id: 'Object Repository/AdminSuiteBootstrap_Pages/UM_Bootstrap/AddUser/input_Username' located by '//*[@type = 'text' and @placeholder = 'User name' and @name = 'username' and @id = 'input-username-add']' not found
	at com.kms.katalon.core.webui.common.WebUiCommonHelper.findWebElement(WebUiCommonHelper.java:1370)
	at com.kms.katalon.core.webui.keyword.internal.WebUIAbstractKeyword.findWebElement(WebUIAbstractKeyword.groovy:27)
	at com.kms.katalon.core.webui.keyword.internal.WebUIAbstractKeyword.findWebElement(WebUIAbstractKeyword.groovy:26)
	at com.kms.katalon.core.webui.keyword.builtin.SetTextKeyword$_setText_closure1.doCall(SetTextKeyword.groovy:51)
	at com.kms.katalon.core.webui.keyword.builtin.SetTextKeyword$_setText_closure1.call(SetTextKeyword.groovy)
	at com.kms.katalon.core.webui.keyword.internal.WebUIKeywordMain.runKeyword(WebUIKeywordMain.groovy:20)
	at com.kms.katalon.core.webui.keyword.builtin.SetTextKeyword.setText(SetTextKeyword.groovy:66)
	at com.kms.katalon.core.webui.keyword.builtin.SetTextKeyword.execute(SetTextKeyword.groovy:37)
	at com.kms.katalon.core.keyword.internal.KeywordExecutor.executeKeywordForPlatform(KeywordExecutor.groovy:74)
	at com.kms.katalon.core.webui.keyword.WebUiBuiltInKeywords.setText(WebUiBuiltInKeywords.groovy:980)
	at com.kms.katalon.core.webui.keyword.WebUiBuiltInKeywords$setText$2.call(Unknown Source)
	at Script1658345837110.run(Script1658345837110.groovy:75)
	... 13 more
)

2022-07-25 18:38:14 - [MESSAGE][INFO] - Unable to find the element located by 'By.xpath: //*[@type = 'text' and @placeholder = 'User name' and @name = 'username' and @id = 'input-username-add']'. Please recheck the objects properties to make sure the desired element is located. 

2022-07-25 18:38:14 - [MESSAGE][WARNING] - [SELF-HEALING] Failed to find element with id 'Object Repository/AdminSuiteBootstrap_Pages/UM_Bootstrap/AddUser/input_Username'. Try using Self-healing.

2022-07-25 18:38:15 - [MESSAGE][INFO] - Unable to find the element located by 'By.xpath: //input[@id='input-username-add']'. Please recheck the objects properties to make sure the desired element is located. 

2022-07-25 18:38:15 - [MESSAGE][INFO] - [SELF-HEALING] Failed Locator: '//input[@id='input-username-add']'.

2022-07-25 18:38:15 - [MESSAGE][INFO] - [SELF-HEALING] Failed Locator: '//div[@id='addUser']/div/div/div/form/div/input'.

2022-07-25 18:38:15 - [MESSAGE][INFO] - [SELF-HEALING] Failed Locator: '//div[3]/div/div/div/form/div/input'.

2022-07-25 18:38:16 - [MESSAGE][INFO] - [SELF-HEALING] Failed Locator: '//input[@type = 'text' and @placeholder = 'User name' and @name = 'username' and @id = 'input-username-add']'.

2022-07-25 18:38:17 - [MESSAGE][INFO] - Unable to find the element located by 'By.cssSelector: #input-username-add'. Please recheck the objects properties to make sure the desired element is located. 

2022-07-25 18:38:17 - [MESSAGE][FAILED] - Unable to set text 'ZKBaQsgHt' of object 'Object Repository/AdminSuiteBootstrap_Pages/UM_Bootstrap/AddUser/input_Username' (Root cause: com.kms.katalon.core.exception.StepFailedException: Unable to set text 'ZKBaQsgHt' of object 'Object Repository/AdminSuiteBootstrap_Pages/UM_Bootstrap/AddUser/input_Username'
	at com.kms.katalon.core.webui.keyword.internal.WebUIKeywordMain.stepFailed(WebUIKeywordMain.groovy:64)
	at com.kms.katalon.core.webui.keyword.internal.WebUIKeywordMain.runKeyword(WebUIKeywordMain.groovy:26)
	at com.kms.katalon.core.webui.keyword.builtin.SetTextKeyword.setText(SetTextKeyword.groovy:66)
	at com.kms.katalon.core.webui.keyword.builtin.SetTextKeyword.execute(SetTextKeyword.groovy:37)
	at com.kms.katalon.core.keyword.internal.KeywordExecutor.executeKeywordForPlatform(KeywordExecutor.groovy:74)
	at com.kms.katalon.core.webui.keyword.WebUiBuiltInKeywords.setText(WebUiBuiltInKeywords.groovy:980)
	at com.kms.katalon.core.webui.keyword.WebUiBuiltInKeywords$setText$2.call(Unknown Source)
	at AddUserSpCharFirstNameError.run(AddUserSpCharFirstNameError:75)
	at com.kms.katalon.core.main.ScriptEngine.run(ScriptEngine.java:194)
	at com.kms.katalon.core.main.ScriptEngine.runScriptAsRawText(ScriptEngine.java:119)
	at com.kms.katalon.core.main.TestCaseExecutor.runScript(TestCaseExecutor.java:442)
	at com.kms.katalon.core.main.TestCaseExecutor.doExecute(TestCaseExecutor.java:433)
	at com.kms.katalon.core.main.TestCaseExecutor.processExecutionPhase(TestCaseExecutor.java:412)
	at com.kms.katalon.core.main.TestCaseExecutor.accessMainPhase(TestCaseExecutor.java:404)
	at com.kms.katalon.core.main.TestCaseExecutor.execute(TestCaseExecutor.java:281)
	at com.kms.katalon.core.main.TestSuiteExecutor.accessTestCaseMainPhase(TestSuiteExecutor.java:202)
	at com.kms.katalon.core.main.TestSuiteExecutor.accessTestSuiteMainPhase(TestSuiteExecutor.java:164)
	at com.kms.katalon.core.main.TestSuiteExecutor.execute(TestSuiteExecutor.java:105)
	at com.kms.katalon.core.main.TestCaseMain.startTestSuite(TestCaseMain.java:185)
	at com.kms.katalon.core.main.TestCaseMain$startTestSuite$0.call(Unknown Source)
	at TempTestSuite1658787923991.run(TempTestSuite1658787923991.groovy:36)
Caused by: com.kms.katalon.core.webui.exception.WebElementNotFoundException: Web element with id: 'Object Repository/AdminSuiteBootstrap_Pages/UM_Bootstrap/AddUser/input_Username' located by '//*[@type = 'text' and @placeholder = 'User name' and @name = 'username' and @id = 'input-username-add']' not found
	at com.kms.katalon.core.webui.common.WebUiCommonHelper.findWebElement(WebUiCommonHelper.java:1370)
	at com.kms.katalon.core.webui.keyword.internal.WebUIAbstractKeyword.findWebElement(WebUIAbstractKeyword.groovy:27)
	at com.kms.katalon.core.webui.keyword.internal.WebUIAbstractKeyword.findWebElement(WebUIAbstractKeyword.groovy:26)
	at com.kms.katalon.core.webui.keyword.builtin.SetTextKeyword$_setText_closure1.doCall(SetTextKeyword.groovy:51)
	at com.kms.katalon.core.webui.keyword.builtin.SetTextKeyword$_setText_closure1.call(SetTextKeyword.groovy)
	at com.kms.katalon.core.webui.keyword.internal.WebUIKeywordMain.runKeyword(WebUIKeywordMain.groovy:20)
	at com.kms.katalon.core.webui.keyword.builtin.SetTextKeyword.setText(SetTextKeyword.groovy:66)
	at com.kms.katalon.core.webui.keyword.builtin.SetTextKeyword.execute(SetTextKeyword.groovy:37)
	at com.kms.katalon.core.keyword.internal.KeywordExecutor.executeKeywordForPlatform(KeywordExecutor.groovy:74)
	at com.kms.katalon.core.webui.keyword.WebUiBuiltInKeywords.setText(WebUiBuiltInKeywords.groovy:980)
	at com.kms.katalon.core.webui.keyword.WebUiBuiltInKeywords$setText$2.call(Unknown Source)
	at Script1658345837110.run(Script1658345837110.groovy:75)
	... 13 more
)
[[ATTACHMENT|E:\\Cloned-Project-Katalon\\VPS-Katalon\\Reports\\20220725_182523\\QA\\UM-Bootstrap\\UM-TestSuite-QA\\20220725_182523\\1658788697284.png]]

2022-07-25 18:38:17 - [TEST_STEP][FAILED] - setText(findTestObject(path_AddUser + "input_FirstName"), spUsername): Unable to set text '=ZKBaQsgHt' of object 'Object Repository/AdminSuiteBootstrap_Pages/UM_Bootstrap/AddUser/input_FirstName' (Root cause: com.kms.katalon.core.exception.StepFailedException: Unable to set text '=ZKBaQsgHt' of object 'Object Repository/AdminSuiteBootstrap_Pages/UM_Bootstrap/AddUser/input_FirstName'
	at com.kms.katalon.core.webui.keyword.internal.WebUIKeywordMain.stepFailed(WebUIKeywordMain.groovy:64)
	at com.kms.katalon.core.webui.keyword.internal.WebUIKeywordMain.runKeyword(WebUIKeywordMain.groovy:26)
	at com.kms.katalon.core.webui.keyword.builtin.SetTextKeyword.setText(SetTextKeyword.groovy:66)
	at com.kms.katalon.core.webui.keyword.builtin.SetTextKeyword.execute(SetTextKeyword.groovy:37)
	at com.kms.katalon.core.keyword.internal.KeywordExecutor.executeKeywordForPlatform(KeywordExecutor.groovy:74)
	at com.kms.katalon.core.webui.keyword.WebUiBuiltInKeywords.setText(WebUiBuiltInKeywords.groovy:980)
	at com.kms.katalon.core.webui.keyword.WebUiBuiltInKeywords$setText$2.call(Unknown Source)
	at AddUserSpCharFirstNameError.run(AddUserSpCharFirstNameError:76)
	at com.kms.katalon.core.main.ScriptEngine.run(ScriptEngine.java:194)
	at com.kms.katalon.core.main.ScriptEngine.runScriptAsRawText(ScriptEngine.java:119)
	at com.kms.katalon.core.main.TestCaseExecutor.runScript(TestCaseExecutor.java:442)
	at com.kms.katalon.core.main.TestCaseExecutor.doExecute(TestCaseExecutor.java:433)
	at com.kms.katalon.core.main.TestCaseExecutor.processExecutionPhase(TestCaseExecutor.java:412)
	at com.kms.katalon.core.main.TestCaseExecutor.accessMainPhase(TestCaseExecutor.java:404)
	at com.kms.katalon.core.main.TestCaseExecutor.execute(TestCaseExecutor.java:281)
	at com.kms.katalon.core.main.TestSuiteExecutor.accessTestCaseMainPhase(TestSuiteExecutor.java:202)
	at com.kms.katalon.core.main.TestSuiteExecutor.accessTestSuiteMainPhase(TestSuiteExecutor.java:164)
	at com.kms.katalon.core.main.TestSuiteExecutor.execute(TestSuiteExecutor.java:105)
	at com.kms.katalon.core.main.TestCaseMain.startTestSuite(TestCaseMain.java:185)
	at com.kms.katalon.core.main.TestCaseMain$startTestSuite$0.call(Unknown Source)
	at TempTestSuite1658787923991.run(TempTestSuite1658787923991.groovy:36)
Caused by: com.kms.katalon.core.webui.exception.WebElementNotFoundException: Web element with id: 'Object Repository/AdminSuiteBootstrap_Pages/UM_Bootstrap/AddUser/input_FirstName' located by '//*[@type = 'text' and @placeholder = 'First name' and @name = 'firstName' and @id = 'input-firstname-add']' not found
	at com.kms.katalon.core.webui.common.WebUiCommonHelper.findWebElement(WebUiCommonHelper.java:1370)
	at com.kms.katalon.core.webui.keyword.internal.WebUIAbstractKeyword.findWebElement(WebUIAbstractKeyword.groovy:27)
	at com.kms.katalon.core.webui.keyword.internal.WebUIAbstractKeyword.findWebElement(WebUIAbstractKeyword.groovy:26)
	at com.kms.katalon.core.webui.keyword.builtin.SetTextKeyword$_setText_closure1.doCall(SetTextKeyword.groovy:51)
	at com.kms.katalon.core.webui.keyword.builtin.SetTextKeyword$_setText_closure1.call(SetTextKeyword.groovy)
	at com.kms.katalon.core.webui.keyword.internal.WebUIKeywordMain.runKeyword(WebUIKeywordMain.groovy:20)
	at com.kms.katalon.core.webui.keyword.builtin.SetTextKeyword.setText(SetTextKeyword.groovy:66)
	at com.kms.katalon.core.webui.keyword.builtin.SetTextKeyword.execute(SetTextKeyword.groovy:37)
	at com.kms.katalon.core.keyword.internal.KeywordExecutor.executeKeywordForPlatform(KeywordExecutor.groovy:74)
	at com.kms.katalon.core.webui.keyword.WebUiBuiltInKeywords.setText(WebUiBuiltInKeywords.groovy:980)
	at com.kms.katalon.core.webui.keyword.WebUiBuiltInKeywords$setText$2.call(Unknown Source)
	at Script1658345837110.run(Script1658345837110.groovy:76)
	... 13 more
)

2022-07-25 18:38:48 - [MESSAGE][INFO] - Unable to find the element located by 'By.xpath: //*[@type = 'text' and @placeholder = 'First name' and @name = 'firstName' and @id = 'input-firstname-add']'. Please recheck the objects properties to make sure the desired element is located. 

2022-07-25 18:38:48 - [MESSAGE][WARNING] - [SELF-HEALING] Failed to find element with id 'Object Repository/AdminSuiteBootstrap_Pages/UM_Bootstrap/AddUser/input_FirstName'. Try using Self-healing.

2022-07-25 18:38:49 - [MESSAGE][INFO] - Unable to find the element located by 'By.xpath: //input[@id='input-firstname-add']'. Please recheck the objects properties to make sure the desired element is located. 

2022-07-25 18:38:49 - [MESSAGE][INFO] - [SELF-HEALING] Failed Locator: '//input[@id='input-firstname-add']'.

2022-07-25 18:38:50 - [MESSAGE][INFO] - [SELF-HEALING] Failed Locator: '//div[@id='addUser']/div/div/div/form/div[2]/input'.

2022-07-25 18:38:50 - [MESSAGE][INFO] - [SELF-HEALING] Failed Locator: '//div[3]/div/div/div/form/div[2]/input'.

2022-07-25 18:38:50 - [MESSAGE][INFO] - [SELF-HEALING] Failed Locator: '//input[@type = 'text' and @placeholder = 'First name' and @name = 'firstName' and @id = 'input-firstname-add']'.

2022-07-25 18:38:51 - [MESSAGE][INFO] - Unable to find the element located by 'By.cssSelector: #input-firstname-add'. Please recheck the objects properties to make sure the desired element is located. 

2022-07-25 18:38:52 - [MESSAGE][FAILED] - Unable to set text '=ZKBaQsgHt' of object 'Object Repository/AdminSuiteBootstrap_Pages/UM_Bootstrap/AddUser/input_FirstName' (Root cause: com.kms.katalon.core.exception.StepFailedException: Unable to set text '=ZKBaQsgHt' of object 'Object Repository/AdminSuiteBootstrap_Pages/UM_Bootstrap/AddUser/input_FirstName'
	at com.kms.katalon.core.webui.keyword.internal.WebUIKeywordMain.stepFailed(WebUIKeywordMain.groovy:64)
	at com.kms.katalon.core.webui.keyword.internal.WebUIKeywordMain.runKeyword(WebUIKeywordMain.groovy:26)
	at com.kms.katalon.core.webui.keyword.builtin.SetTextKeyword.setText(SetTextKeyword.groovy:66)
	at com.kms.katalon.core.webui.keyword.builtin.SetTextKeyword.execute(SetTextKeyword.groovy:37)
	at com.kms.katalon.core.keyword.internal.KeywordExecutor.executeKeywordForPlatform(KeywordExecutor.groovy:74)
	at com.kms.katalon.core.webui.keyword.WebUiBuiltInKeywords.setText(WebUiBuiltInKeywords.groovy:980)
	at com.kms.katalon.core.webui.keyword.WebUiBuiltInKeywords$setText$2.call(Unknown Source)
	at AddUserSpCharFirstNameError.run(AddUserSpCharFirstNameError:76)
	at com.kms.katalon.core.main.ScriptEngine.run(ScriptEngine.java:194)
	at com.kms.katalon.core.main.ScriptEngine.runScriptAsRawText(ScriptEngine.java:119)
	at com.kms.katalon.core.main.TestCaseExecutor.runScript(TestCaseExecutor.java:442)
	at com.kms.katalon.core.main.TestCaseExecutor.doExecute(TestCaseExecutor.java:433)
	at com.kms.katalon.core.main.TestCaseExecutor.processExecutionPhase(TestCaseExecutor.java:412)
	at com.kms.katalon.core.main.TestCaseExecutor.accessMainPhase(TestCaseExecutor.java:404)
	at com.kms.katalon.core.main.TestCaseExecutor.execute(TestCaseExecutor.java:281)
	at com.kms.katalon.core.main.TestSuiteExecutor.accessTestCaseMainPhase(TestSuiteExecutor.java:202)
	at com.kms.katalon.core.main.TestSuiteExecutor.accessTestSuiteMainPhase(TestSuiteExecutor.java:164)
	at com.kms.katalon.core.main.TestSuiteExecutor.execute(TestSuiteExecutor.java:105)
	at com.kms.katalon.core.main.TestCaseMain.startTestSuite(TestCaseMain.java:185)
	at com.kms.katalon.core.main.TestCaseMain$startTestSuite$0.call(Unknown Source)
	at TempTestSuite1658787923991.run(TempTestSuite1658787923991.groovy:36)
Caused by: com.kms.katalon.core.webui.exception.WebElementNotFoundException: Web element with id: 'Object Repository/AdminSuiteBootstrap_Pages/UM_Bootstrap/AddUser/input_FirstName' located by '//*[@type = 'text' and @placeholder = 'First name' and @name = 'firstName' and @id = 'input-firstname-add']' not found
	at com.kms.katalon.core.webui.common.WebUiCommonHelper.findWebElement(WebUiCommonHelper.java:1370)
	at com.kms.katalon.core.webui.keyword.internal.WebUIAbstractKeyword.findWebElement(WebUIAbstractKeyword.groovy:27)
	at com.kms.katalon.core.webui.keyword.internal.WebUIAbstractKeyword.findWebElement(WebUIAbstractKeyword.groovy:26)
	at com.kms.katalon.core.webui.keyword.builtin.SetTextKeyword$_setText_closure1.doCall(SetTextKeyword.groovy:51)
	at com.kms.katalon.core.webui.keyword.builtin.SetTextKeyword$_setText_closure1.call(SetTextKeyword.groovy)
	at com.kms.katalon.core.webui.keyword.internal.WebUIKeywordMain.runKeyword(WebUIKeywordMain.groovy:20)
	at com.kms.katalon.core.webui.keyword.builtin.SetTextKeyword.setText(SetTextKeyword.groovy:66)
	at com.kms.katalon.core.webui.keyword.builtin.SetTextKeyword.execute(SetTextKeyword.groovy:37)
	at com.kms.katalon.core.keyword.internal.KeywordExecutor.executeKeywordForPlatform(KeywordExecutor.groovy:74)
	at com.kms.katalon.core.webui.keyword.WebUiBuiltInKeywords.setText(WebUiBuiltInKeywords.groovy:980)
	at com.kms.katalon.core.webui.keyword.WebUiBuiltInKeywords$setText$2.call(Unknown Source)
	at Script1658345837110.run(Script1658345837110.groovy:76)
	... 13 more
)
[[ATTACHMENT|E:\\Cloned-Project-Katalon\\VPS-Katalon\\Reports\\20220725_182523\\QA\\UM-Bootstrap\\UM-TestSuite-QA\\20220725_182523\\1658788731772.png]]

2022-07-25 18:38:52 - [TEST_STEP][FAILED] - setText(findTestObject(path_AddUser + "input_LastName"), "Luka"): Unable to set text 'Luka' of object 'Object Repository/AdminSuiteBootstrap_Pages/UM_Bootstrap/AddUser/input_LastName' (Root cause: com.kms.katalon.core.exception.StepFailedException: Unable to set text 'Luka' of object 'Object Repository/AdminSuiteBootstrap_Pages/UM_Bootstrap/AddUser/input_LastName'
	at com.kms.katalon.core.webui.keyword.internal.WebUIKeywordMain.stepFailed(WebUIKeywordMain.groovy:64)
	at com.kms.katalon.core.webui.keyword.internal.WebUIKeywordMain.runKeyword(WebUIKeywordMain.groovy:26)
	at com.kms.katalon.core.webui.keyword.builtin.SetTextKeyword.setText(SetTextKeyword.groovy:66)
	at com.kms.katalon.core.webui.keyword.builtin.SetTextKeyword.execute(SetTextKeyword.groovy:37)
	at com.kms.katalon.core.keyword.internal.KeywordExecutor.executeKeywordForPlatform(KeywordExecutor.groovy:74)
	at com.kms.katalon.core.webui.keyword.WebUiBuiltInKeywords.setText(WebUiBuiltInKeywords.groovy:980)
	at com.kms.katalon.core.webui.keyword.WebUiBuiltInKeywords$setText$2.call(Unknown Source)
	at AddUserSpCharFirstNameError.run(AddUserSpCharFirstNameError:77)
	at com.kms.katalon.core.main.ScriptEngine.run(ScriptEngine.java:194)
	at com.kms.katalon.core.main.ScriptEngine.runScriptAsRawText(ScriptEngine.java:119)
	at com.kms.katalon.core.main.TestCaseExecutor.runScript(TestCaseExecutor.java:442)
	at com.kms.katalon.core.main.TestCaseExecutor.doExecute(TestCaseExecutor.java:433)
	at com.kms.katalon.core.main.TestCaseExecutor.processExecutionPhase(TestCaseExecutor.java:412)
	at com.kms.katalon.core.main.TestCaseExecutor.accessMainPhase(TestCaseExecutor.java:404)
	at com.kms.katalon.core.main.TestCaseExecutor.execute(TestCaseExecutor.java:281)
	at com.kms.katalon.core.main.TestSuiteExecutor.accessTestCaseMainPhase(TestSuiteExecutor.java:202)
	at com.kms.katalon.core.main.TestSuiteExecutor.accessTestSuiteMainPhase(TestSuiteExecutor.java:164)
	at com.kms.katalon.core.main.TestSuiteExecutor.execute(TestSuiteExecutor.java:105)
	at com.kms.katalon.core.main.TestCaseMain.startTestSuite(TestCaseMain.java:185)
	at com.kms.katalon.core.main.TestCaseMain$startTestSuite$0.call(Unknown Source)
	at TempTestSuite1658787923991.run(TempTestSuite1658787923991.groovy:36)
Caused by: com.kms.katalon.core.webui.exception.WebElementNotFoundException: Web element with id: 'Object Repository/AdminSuiteBootstrap_Pages/UM_Bootstrap/AddUser/input_LastName' located by '//*[@type = 'text' and @placeholder = 'Last name' and @name = 'lastName' and @id = 'input-lastname-add']' not found
	at com.kms.katalon.core.webui.common.WebUiCommonHelper.findWebElement(WebUiCommonHelper.java:1370)
	at com.kms.katalon.core.webui.keyword.internal.WebUIAbstractKeyword.findWebElement(WebUIAbstractKeyword.groovy:27)
	at com.kms.katalon.core.webui.keyword.internal.WebUIAbstractKeyword.findWebElement(WebUIAbstractKeyword.groovy:26)
	at com.kms.katalon.core.webui.keyword.builtin.SetTextKeyword$_setText_closure1.doCall(SetTextKeyword.groovy:51)
	at com.kms.katalon.core.webui.keyword.builtin.SetTextKeyword$_setText_closure1.call(SetTextKeyword.groovy)
	at com.kms.katalon.core.webui.keyword.internal.WebUIKeywordMain.runKeyword(WebUIKeywordMain.groovy:20)
	at com.kms.katalon.core.webui.keyword.builtin.SetTextKeyword.setText(SetTextKeyword.groovy:66)
	at com.kms.katalon.core.webui.keyword.builtin.SetTextKeyword.execute(SetTextKeyword.groovy:37)
	at com.kms.katalon.core.keyword.internal.KeywordExecutor.executeKeywordForPlatform(KeywordExecutor.groovy:74)
	at com.kms.katalon.core.webui.keyword.WebUiBuiltInKeywords.setText(WebUiBuiltInKeywords.groovy:980)
	at com.kms.katalon.core.webui.keyword.WebUiBuiltInKeywords$setText$2.call(Unknown Source)
	at Script1658345837110.run(Script1658345837110.groovy:77)
	... 13 more
)

2022-07-25 18:39:23 - [MESSAGE][INFO] - Unable to find the element located by 'By.xpath: //*[@type = 'text' and @placeholder = 'Last name' and @name = 'lastName' and @id = 'input-lastname-add']'. Please recheck the objects properties to make sure the desired element is located. 

2022-07-25 18:39:23 - [MESSAGE][WARNING] - [SELF-HEALING] Failed to find element with id 'Object Repository/AdminSuiteBootstrap_Pages/UM_Bootstrap/AddUser/input_LastName'. Try using Self-healing.

2022-07-25 18:39:24 - [MESSAGE][INFO] - Unable to find the element located by 'By.xpath: //input[@id='input-lastname-add']'. Please recheck the objects properties to make sure the desired element is located. 

2022-07-25 18:39:24 - [MESSAGE][INFO] - [SELF-HEALING] Failed Locator: '//input[@id='input-lastname-add']'.

2022-07-25 18:39:25 - [MESSAGE][INFO] - [SELF-HEALING] Failed Locator: '//div[@id='addUser']/div/div/div/form/div[3]/input'.

2022-07-25 18:39:25 - [MESSAGE][INFO] - [SELF-HEALING] Failed Locator: '//div[3]/div/div/div/form/div[3]/input'.

2022-07-25 18:39:25 - [MESSAGE][INFO] - [SELF-HEALING] Failed Locator: '//input[@type = 'text' and @placeholder = 'Last name' and @name = 'lastName' and @id = 'input-lastname-add']'.

2022-07-25 18:39:26 - [MESSAGE][INFO] - Unable to find the element located by 'By.cssSelector: #input-lastname-add'. Please recheck the objects properties to make sure the desired element is located. 

2022-07-25 18:39:26 - [MESSAGE][FAILED] - Unable to set text 'Luka' of object 'Object Repository/AdminSuiteBootstrap_Pages/UM_Bootstrap/AddUser/input_LastName' (Root cause: com.kms.katalon.core.exception.StepFailedException: Unable to set text 'Luka' of object 'Object Repository/AdminSuiteBootstrap_Pages/UM_Bootstrap/AddUser/input_LastName'
	at com.kms.katalon.core.webui.keyword.internal.WebUIKeywordMain.stepFailed(WebUIKeywordMain.groovy:64)
	at com.kms.katalon.core.webui.keyword.internal.WebUIKeywordMain.runKeyword(WebUIKeywordMain.groovy:26)
	at com.kms.katalon.core.webui.keyword.builtin.SetTextKeyword.setText(SetTextKeyword.groovy:66)
	at com.kms.katalon.core.webui.keyword.builtin.SetTextKeyword.execute(SetTextKeyword.groovy:37)
	at com.kms.katalon.core.keyword.internal.KeywordExecutor.executeKeywordForPlatform(KeywordExecutor.groovy:74)
	at com.kms.katalon.core.webui.keyword.WebUiBuiltInKeywords.setText(WebUiBuiltInKeywords.groovy:980)
	at com.kms.katalon.core.webui.keyword.WebUiBuiltInKeywords$setText$2.call(Unknown Source)
	at AddUserSpCharFirstNameError.run(AddUserSpCharFirstNameError:77)
	at com.kms.katalon.core.main.ScriptEngine.run(ScriptEngine.java:194)
	at com.kms.katalon.core.main.ScriptEngine.runScriptAsRawText(ScriptEngine.java:119)
	at com.kms.katalon.core.main.TestCaseExecutor.runScript(TestCaseExecutor.java:442)
	at com.kms.katalon.core.main.TestCaseExecutor.doExecute(TestCaseExecutor.java:433)
	at com.kms.katalon.core.main.TestCaseExecutor.processExecutionPhase(TestCaseExecutor.java:412)
	at com.kms.katalon.core.main.TestCaseExecutor.accessMainPhase(TestCaseExecutor.java:404)
	at com.kms.katalon.core.main.TestCaseExecutor.execute(TestCaseExecutor.java:281)
	at com.kms.katalon.core.main.TestSuiteExecutor.accessTestCaseMainPhase(TestSuiteExecutor.java:202)
	at com.kms.katalon.core.main.TestSuiteExecutor.accessTestSuiteMainPhase(TestSuiteExecutor.java:164)
	at com.kms.katalon.core.main.TestSuiteExecutor.execute(TestSuiteExecutor.java:105)
	at com.kms.katalon.core.main.TestCaseMain.startTestSuite(TestCaseMain.java:185)
	at com.kms.katalon.core.main.TestCaseMain$startTestSuite$0.call(Unknown Source)
	at TempTestSuite1658787923991.run(TempTestSuite1658787923991.groovy:36)
Caused by: com.kms.katalon.core.webui.exception.WebElementNotFoundException: Web element with id: 'Object Repository/AdminSuiteBootstrap_Pages/UM_Bootstrap/AddUser/input_LastName' located by '//*[@type = 'text' and @placeholder = 'Last name' and @name = 'lastName' and @id = 'input-lastname-add']' not found
	at com.kms.katalon.core.webui.common.WebUiCommonHelper.findWebElement(WebUiCommonHelper.java:1370)
	at com.kms.katalon.core.webui.keyword.internal.WebUIAbstractKeyword.findWebElement(WebUIAbstractKeyword.groovy:27)
	at com.kms.katalon.core.webui.keyword.internal.WebUIAbstractKeyword.findWebElement(WebUIAbstractKeyword.groovy:26)
	at com.kms.katalon.core.webui.keyword.builtin.SetTextKeyword$_setText_closure1.doCall(SetTextKeyword.groovy:51)
	at com.kms.katalon.core.webui.keyword.builtin.SetTextKeyword$_setText_closure1.call(SetTextKeyword.groovy)
	at com.kms.katalon.core.webui.keyword.internal.WebUIKeywordMain.runKeyword(WebUIKeywordMain.groovy:20)
	at com.kms.katalon.core.webui.keyword.builtin.SetTextKeyword.setText(SetTextKeyword.groovy:66)
	at com.kms.katalon.core.webui.keyword.builtin.SetTextKeyword.execute(SetTextKeyword.groovy:37)
	at com.kms.katalon.core.keyword.internal.KeywordExecutor.executeKeywordForPlatform(KeywordExecutor.groovy:74)
	at com.kms.katalon.core.webui.keyword.WebUiBuiltInKeywords.setText(WebUiBuiltInKeywords.groovy:980)
	at com.kms.katalon.core.webui.keyword.WebUiBuiltInKeywords$setText$2.call(Unknown Source)
	at Script1658345837110.run(Script1658345837110.groovy:77)
	... 13 more
)
[[ATTACHMENT|E:\\Cloned-Project-Katalon\\VPS-Katalon\\Reports\\20220725_182523\\QA\\UM-Bootstrap\\UM-TestSuite-QA\\20220725_182523\\1658788766603.png]]

2022-07-25 18:39:26 - [TEST_STEP][FAILED] - setText(findTestObject(path_AddUser + "input_Password"), "hello6666"): Unable to set text 'hello6666' of object 'Object Repository/AdminSuiteBootstrap_Pages/UM_Bootstrap/AddUser/input_Password' (Root cause: com.kms.katalon.core.exception.StepFailedException: Unable to set text 'hello6666' of object 'Object Repository/AdminSuiteBootstrap_Pages/UM_Bootstrap/AddUser/input_Password'
	at com.kms.katalon.core.webui.keyword.internal.WebUIKeywordMain.stepFailed(WebUIKeywordMain.groovy:64)
	at com.kms.katalon.core.webui.keyword.internal.WebUIKeywordMain.runKeyword(WebUIKeywordMain.groovy:26)
	at com.kms.katalon.core.webui.keyword.builtin.SetTextKeyword.setText(SetTextKeyword.groovy:66)
	at com.kms.katalon.core.webui.keyword.builtin.SetTextKeyword.execute(SetTextKeyword.groovy:37)
	at com.kms.katalon.core.keyword.internal.KeywordExecutor.executeKeywordForPlatform(KeywordExecutor.groovy:74)
	at com.kms.katalon.core.webui.keyword.WebUiBuiltInKeywords.setText(WebUiBuiltInKeywords.groovy:980)
	at com.kms.katalon.core.webui.keyword.WebUiBuiltInKeywords$setText$2.call(Unknown Source)
	at AddUserSpCharFirstNameError.run(AddUserSpCharFirstNameError:78)
	at com.kms.katalon.core.main.ScriptEngine.run(ScriptEngine.java:194)
	at com.kms.katalon.core.main.ScriptEngine.runScriptAsRawText(ScriptEngine.java:119)
	at com.kms.katalon.core.main.TestCaseExecutor.runScript(TestCaseExecutor.java:442)
	at com.kms.katalon.core.main.TestCaseExecutor.doExecute(TestCaseExecutor.java:433)
	at com.kms.katalon.core.main.TestCaseExecutor.processExecutionPhase(TestCaseExecutor.java:412)
	at com.kms.katalon.core.main.TestCaseExecutor.accessMainPhase(TestCaseExecutor.java:404)
	at com.kms.katalon.core.main.TestCaseExecutor.execute(TestCaseExecutor.java:281)
	at com.kms.katalon.core.main.TestSuiteExecutor.accessTestCaseMainPhase(TestSuiteExecutor.java:202)
	at com.kms.katalon.core.main.TestSuiteExecutor.accessTestSuiteMainPhase(TestSuiteExecutor.java:164)
	at com.kms.katalon.core.main.TestSuiteExecutor.execute(TestSuiteExecutor.java:105)
	at com.kms.katalon.core.main.TestCaseMain.startTestSuite(TestCaseMain.java:185)
	at com.kms.katalon.core.main.TestCaseMain$startTestSuite$0.call(Unknown Source)
	at TempTestSuite1658787923991.run(TempTestSuite1658787923991.groovy:36)
Caused by: com.kms.katalon.core.webui.exception.WebElementNotFoundException: Web element with id: 'Object Repository/AdminSuiteBootstrap_Pages/UM_Bootstrap/AddUser/input_Password' located by '//*[@type = 'password' and @placeholder = 'Password' and @name = 'password' and @id = 'input-password']' not found
	at com.kms.katalon.core.webui.common.WebUiCommonHelper.findWebElement(WebUiCommonHelper.java:1370)
	at com.kms.katalon.core.webui.keyword.internal.WebUIAbstractKeyword.findWebElement(WebUIAbstractKeyword.groovy:27)
	at com.kms.katalon.core.webui.keyword.internal.WebUIAbstractKeyword.findWebElement(WebUIAbstractKeyword.groovy:26)
	at com.kms.katalon.core.webui.keyword.builtin.SetTextKeyword$_setText_closure1.doCall(SetTextKeyword.groovy:51)
	at com.kms.katalon.core.webui.keyword.builtin.SetTextKeyword$_setText_closure1.call(SetTextKeyword.groovy)
	at com.kms.katalon.core.webui.keyword.internal.WebUIKeywordMain.runKeyword(WebUIKeywordMain.groovy:20)
	at com.kms.katalon.core.webui.keyword.builtin.SetTextKeyword.setText(SetTextKeyword.groovy:66)
	at com.kms.katalon.core.webui.keyword.builtin.SetTextKeyword.execute(SetTextKeyword.groovy:37)
	at com.kms.katalon.core.keyword.internal.KeywordExecutor.executeKeywordForPlatform(KeywordExecutor.groovy:74)
	at com.kms.katalon.core.webui.keyword.WebUiBuiltInKeywords.setText(WebUiBuiltInKeywords.groovy:980)
	at com.kms.katalon.core.webui.keyword.WebUiBuiltInKeywords$setText$2.call(Unknown Source)
	at Script1658345837110.run(Script1658345837110.groovy:78)
	... 13 more
)

2022-07-25 18:39:57 - [MESSAGE][INFO] - Unable to find the element located by 'By.xpath: //*[@type = 'password' and @placeholder = 'Password' and @name = 'password' and @id = 'input-password']'. Please recheck the objects properties to make sure the desired element is located. 

2022-07-25 18:39:57 - [MESSAGE][WARNING] - [SELF-HEALING] Failed to find element with id 'Object Repository/AdminSuiteBootstrap_Pages/UM_Bootstrap/AddUser/input_Password'. Try using Self-healing.

2022-07-25 18:39:59 - [MESSAGE][INFO] - Unable to find the element located by 'By.xpath: //input[@id='input-password']'. Please recheck the objects properties to make sure the desired element is located. 

2022-07-25 18:39:59 - [MESSAGE][INFO] - [SELF-HEALING] Failed Locator: '//input[@id='input-password']'.

2022-07-25 18:39:59 - [MESSAGE][INFO] - [SELF-HEALING] Failed Locator: '//div[@id='addUser']/div/div/div/form/div[5]/input'.

2022-07-25 18:39:59 - [MESSAGE][INFO] - [SELF-HEALING] Failed Locator: '//div[3]/div/div/div/form/div[5]/input'.

2022-07-25 18:40:00 - [MESSAGE][INFO] - [SELF-HEALING] Failed Locator: '//input[@type = 'password' and @placeholder = 'Password' and @name = 'password' and @id = 'input-password']'.

2022-07-25 18:40:00 - [MESSAGE][INFO] - [SELF-HEALING] Failed Locator: '//input[@id='input-password']'.

2022-07-25 18:40:00 - [MESSAGE][INFO] - [SELF-HEALING] Failed Locator: '//div[@id='addUser']/div/div/div/form/div[5]/input'.

2022-07-25 18:40:00 - [MESSAGE][INFO] - [SELF-HEALING] Failed Locator: '//div[3]/div/div/div/form/div[5]/input'.

2022-07-25 18:40:01 - [MESSAGE][INFO] - [SELF-HEALING] Failed Locator: '//input[@type = 'password' and @placeholder = 'Password' and @name = 'password' and @id = 'input-password']'.

2022-07-25 18:40:02 - [MESSAGE][INFO] - Unable to find the element located by 'By.cssSelector: #input-password'. Please recheck the objects properties to make sure the desired element is located. 

2022-07-25 18:40:02 - [MESSAGE][FAILED] - Unable to set text 'hello6666' of object 'Object Repository/AdminSuiteBootstrap_Pages/UM_Bootstrap/AddUser/input_Password' (Root cause: com.kms.katalon.core.exception.StepFailedException: Unable to set text 'hello6666' of object 'Object Repository/AdminSuiteBootstrap_Pages/UM_Bootstrap/AddUser/input_Password'
	at com.kms.katalon.core.webui.keyword.internal.WebUIKeywordMain.stepFailed(WebUIKeywordMain.groovy:64)
	at com.kms.katalon.core.webui.keyword.internal.WebUIKeywordMain.runKeyword(WebUIKeywordMain.groovy:26)
	at com.kms.katalon.core.webui.keyword.builtin.SetTextKeyword.setText(SetTextKeyword.groovy:66)
	at com.kms.katalon.core.webui.keyword.builtin.SetTextKeyword.execute(SetTextKeyword.groovy:37)
	at com.kms.katalon.core.keyword.internal.KeywordExecutor.executeKeywordForPlatform(KeywordExecutor.groovy:74)
	at com.kms.katalon.core.webui.keyword.WebUiBuiltInKeywords.setText(WebUiBuiltInKeywords.groovy:980)
	at com.kms.katalon.core.webui.keyword.WebUiBuiltInKeywords$setText$2.call(Unknown Source)
	at AddUserSpCharFirstNameError.run(AddUserSpCharFirstNameError:78)
	at com.kms.katalon.core.main.ScriptEngine.run(ScriptEngine.java:194)
	at com.kms.katalon.core.main.ScriptEngine.runScriptAsRawText(ScriptEngine.java:119)
	at com.kms.katalon.core.main.TestCaseExecutor.runScript(TestCaseExecutor.java:442)
	at com.kms.katalon.core.main.TestCaseExecutor.doExecute(TestCaseExecutor.java:433)
	at com.kms.katalon.core.main.TestCaseExecutor.processExecutionPhase(TestCaseExecutor.java:412)
	at com.kms.katalon.core.main.TestCaseExecutor.accessMainPhase(TestCaseExecutor.java:404)
	at com.kms.katalon.core.main.TestCaseExecutor.execute(TestCaseExecutor.java:281)
	at com.kms.katalon.core.main.TestSuiteExecutor.accessTestCaseMainPhase(TestSuiteExecutor.java:202)
	at com.kms.katalon.core.main.TestSuiteExecutor.accessTestSuiteMainPhase(TestSuiteExecutor.java:164)
	at com.kms.katalon.core.main.TestSuiteExecutor.execute(TestSuiteExecutor.java:105)
	at com.kms.katalon.core.main.TestCaseMain.startTestSuite(TestCaseMain.java:185)
	at com.kms.katalon.core.main.TestCaseMain$startTestSuite$0.call(Unknown Source)
	at TempTestSuite1658787923991.run(TempTestSuite1658787923991.groovy:36)
Caused by: com.kms.katalon.core.webui.exception.WebElementNotFoundException: Web element with id: 'Object Repository/AdminSuiteBootstrap_Pages/UM_Bootstrap/AddUser/input_Password' located by '//*[@type = 'password' and @placeholder = 'Password' and @name = 'password' and @id = 'input-password']' not found
	at com.kms.katalon.core.webui.common.WebUiCommonHelper.findWebElement(WebUiCommonHelper.java:1370)
	at com.kms.katalon.core.webui.keyword.internal.WebUIAbstractKeyword.findWebElement(WebUIAbstractKeyword.groovy:27)
	at com.kms.katalon.core.webui.keyword.internal.WebUIAbstractKeyword.findWebElement(WebUIAbstractKeyword.groovy:26)
	at com.kms.katalon.core.webui.keyword.builtin.SetTextKeyword$_setText_closure1.doCall(SetTextKeyword.groovy:51)
	at com.kms.katalon.core.webui.keyword.builtin.SetTextKeyword$_setText_closure1.call(SetTextKeyword.groovy)
	at com.kms.katalon.core.webui.keyword.internal.WebUIKeywordMain.runKeyword(WebUIKeywordMain.groovy:20)
	at com.kms.katalon.core.webui.keyword.builtin.SetTextKeyword.setText(SetTextKeyword.groovy:66)
	at com.kms.katalon.core.webui.keyword.builtin.SetTextKeyword.execute(SetTextKeyword.groovy:37)
	at com.kms.katalon.core.keyword.internal.KeywordExecutor.executeKeywordForPlatform(KeywordExecutor.groovy:74)
	at com.kms.katalon.core.webui.keyword.WebUiBuiltInKeywords.setText(WebUiBuiltInKeywords.groovy:980)
	at com.kms.katalon.core.webui.keyword.WebUiBuiltInKeywords$setText$2.call(Unknown Source)
	at Script1658345837110.run(Script1658345837110.groovy:78)
	... 13 more
)
[[ATTACHMENT|E:\\Cloned-Project-Katalon\\VPS-Katalon\\Reports\\20220725_182523\\QA\\UM-Bootstrap\\UM-TestSuite-QA\\20220725_182523\\1658788802089.png]]

2022-07-25 18:40:02 - [TEST_STEP][FAILED] - setText(findTestObject(path_AddUser + "input_ConfirmPassword"), "hello6666"): Unable to set text 'hello6666' of object 'Object Repository/AdminSuiteBootstrap_Pages/UM_Bootstrap/AddUser/input_ConfirmPassword' (Root cause: com.kms.katalon.core.exception.StepFailedException: Unable to set text 'hello6666' of object 'Object Repository/AdminSuiteBootstrap_Pages/UM_Bootstrap/AddUser/input_ConfirmPassword'
	at com.kms.katalon.core.webui.keyword.internal.WebUIKeywordMain.stepFailed(WebUIKeywordMain.groovy:64)
	at com.kms.katalon.core.webui.keyword.internal.WebUIKeywordMain.runKeyword(WebUIKeywordMain.groovy:26)
	at com.kms.katalon.core.webui.keyword.builtin.SetTextKeyword.setText(SetTextKeyword.groovy:66)
	at com.kms.katalon.core.webui.keyword.builtin.SetTextKeyword.execute(SetTextKeyword.groovy:37)
	at com.kms.katalon.core.keyword.internal.KeywordExecutor.executeKeywordForPlatform(KeywordExecutor.groovy:74)
	at com.kms.katalon.core.webui.keyword.WebUiBuiltInKeywords.setText(WebUiBuiltInKeywords.groovy:980)
	at com.kms.katalon.core.webui.keyword.WebUiBuiltInKeywords$setText$2.call(Unknown Source)
	at AddUserSpCharFirstNameError.run(AddUserSpCharFirstNameError:79)
	at com.kms.katalon.core.main.ScriptEngine.run(ScriptEngine.java:194)
	at com.kms.katalon.core.main.ScriptEngine.runScriptAsRawText(ScriptEngine.java:119)
	at com.kms.katalon.core.main.TestCaseExecutor.runScript(TestCaseExecutor.java:442)
	at com.kms.katalon.core.main.TestCaseExecutor.doExecute(TestCaseExecutor.java:433)
	at com.kms.katalon.core.main.TestCaseExecutor.processExecutionPhase(TestCaseExecutor.java:412)
	at com.kms.katalon.core.main.TestCaseExecutor.accessMainPhase(TestCaseExecutor.java:404)
	at com.kms.katalon.core.main.TestCaseExecutor.execute(TestCaseExecutor.java:281)
	at com.kms.katalon.core.main.TestSuiteExecutor.accessTestCaseMainPhase(TestSuiteExecutor.java:202)
	at com.kms.katalon.core.main.TestSuiteExecutor.accessTestSuiteMainPhase(TestSuiteExecutor.java:164)
	at com.kms.katalon.core.main.TestSuiteExecutor.execute(TestSuiteExecutor.java:105)
	at com.kms.katalon.core.main.TestCaseMain.startTestSuite(TestCaseMain.java:185)
	at com.kms.katalon.core.main.TestCaseMain$startTestSuite$0.call(Unknown Source)
	at TempTestSuite1658787923991.run(TempTestSuite1658787923991.groovy:36)
Caused by: com.kms.katalon.core.webui.exception.WebElementNotFoundException: Web element with id: 'Object Repository/AdminSuiteBootstrap_Pages/UM_Bootstrap/AddUser/input_ConfirmPassword' located by '//*[@type = 'password' and @placeholder = 'Confirm Password' and @name = 'confirmPassword' and @id = 'input-password-confirm']' not found
	at com.kms.katalon.core.webui.common.WebUiCommonHelper.findWebElement(WebUiCommonHelper.java:1370)
	at com.kms.katalon.core.webui.keyword.internal.WebUIAbstractKeyword.findWebElement(WebUIAbstractKeyword.groovy:27)
	at com.kms.katalon.core.webui.keyword.internal.WebUIAbstractKeyword.findWebElement(WebUIAbstractKeyword.groovy:26)
	at com.kms.katalon.core.webui.keyword.builtin.SetTextKeyword$_setText_closure1.doCall(SetTextKeyword.groovy:51)
	at com.kms.katalon.core.webui.keyword.builtin.SetTextKeyword$_setText_closure1.call(SetTextKeyword.groovy)
	at com.kms.katalon.core.webui.keyword.internal.WebUIKeywordMain.runKeyword(WebUIKeywordMain.groovy:20)
	at com.kms.katalon.core.webui.keyword.builtin.SetTextKeyword.setText(SetTextKeyword.groovy:66)
	at com.kms.katalon.core.webui.keyword.builtin.SetTextKeyword.execute(SetTextKeyword.groovy:37)
	at com.kms.katalon.core.keyword.internal.KeywordExecutor.executeKeywordForPlatform(KeywordExecutor.groovy:74)
	at com.kms.katalon.core.webui.keyword.WebUiBuiltInKeywords.setText(WebUiBuiltInKeywords.groovy:980)
	at com.kms.katalon.core.webui.keyword.WebUiBuiltInKeywords$setText$2.call(Unknown Source)
	at Script1658345837110.run(Script1658345837110.groovy:79)
	... 13 more
)

2022-07-25 18:40:33 - [MESSAGE][INFO] - Unable to find the element located by 'By.xpath: //*[@type = 'password' and @placeholder = 'Confirm Password' and @name = 'confirmPassword' and @id = 'input-password-confirm']'. Please recheck the objects properties to make sure the desired element is located. 

2022-07-25 18:40:33 - [MESSAGE][WARNING] - [SELF-HEALING] Failed to find element with id 'Object Repository/AdminSuiteBootstrap_Pages/UM_Bootstrap/AddUser/input_ConfirmPassword'. Try using Self-healing.

2022-07-25 18:40:34 - [MESSAGE][INFO] - Unable to find the element located by 'By.xpath: //input[@id='input-password-confirm']'. Please recheck the objects properties to make sure the desired element is located. 

2022-07-25 18:40:34 - [MESSAGE][INFO] - [SELF-HEALING] Failed Locator: '//input[@id='input-password-confirm']'.

2022-07-25 18:40:35 - [MESSAGE][INFO] - [SELF-HEALING] Failed Locator: '//div[@id='addUser']/div/div/div/form/div[6]/input'.

2022-07-25 18:40:35 - [MESSAGE][INFO] - [SELF-HEALING] Failed Locator: '//div[6]/input'.

2022-07-25 18:40:35 - [MESSAGE][INFO] - [SELF-HEALING] Failed Locator: '//input[@type = 'password' and @placeholder = 'Confirm Password' and @name = 'confirmPassword' and @id = 'input-password-confirm']'.

2022-07-25 18:40:36 - [MESSAGE][INFO] - Unable to find the element located by 'By.cssSelector: #input-password-confirm'. Please recheck the objects properties to make sure the desired element is located. 

2022-07-25 18:40:36 - [MESSAGE][FAILED] - Unable to set text 'hello6666' of object 'Object Repository/AdminSuiteBootstrap_Pages/UM_Bootstrap/AddUser/input_ConfirmPassword' (Root cause: com.kms.katalon.core.exception.StepFailedException: Unable to set text 'hello6666' of object 'Object Repository/AdminSuiteBootstrap_Pages/UM_Bootstrap/AddUser/input_ConfirmPassword'
	at com.kms.katalon.core.webui.keyword.internal.WebUIKeywordMain.stepFailed(WebUIKeywordMain.groovy:64)
	at com.kms.katalon.core.webui.keyword.internal.WebUIKeywordMain.runKeyword(WebUIKeywordMain.groovy:26)
	at com.kms.katalon.core.webui.keyword.builtin.SetTextKeyword.setText(SetTextKeyword.groovy:66)
	at com.kms.katalon.core.webui.keyword.builtin.SetTextKeyword.execute(SetTextKeyword.groovy:37)
	at com.kms.katalon.core.keyword.internal.KeywordExecutor.executeKeywordForPlatform(KeywordExecutor.groovy:74)
	at com.kms.katalon.core.webui.keyword.WebUiBuiltInKeywords.setText(WebUiBuiltInKeywords.groovy:980)
	at com.kms.katalon.core.webui.keyword.WebUiBuiltInKeywords$setText$2.call(Unknown Source)
	at AddUserSpCharFirstNameError.run(AddUserSpCharFirstNameError:79)
	at com.kms.katalon.core.main.ScriptEngine.run(ScriptEngine.java:194)
	at com.kms.katalon.core.main.ScriptEngine.runScriptAsRawText(ScriptEngine.java:119)
	at com.kms.katalon.core.main.TestCaseExecutor.runScript(TestCaseExecutor.java:442)
	at com.kms.katalon.core.main.TestCaseExecutor.doExecute(TestCaseExecutor.java:433)
	at com.kms.katalon.core.main.TestCaseExecutor.processExecutionPhase(TestCaseExecutor.java:412)
	at com.kms.katalon.core.main.TestCaseExecutor.accessMainPhase(TestCaseExecutor.java:404)
	at com.kms.katalon.core.main.TestCaseExecutor.execute(TestCaseExecutor.java:281)
	at com.kms.katalon.core.main.TestSuiteExecutor.accessTestCaseMainPhase(TestSuiteExecutor.java:202)
	at com.kms.katalon.core.main.TestSuiteExecutor.accessTestSuiteMainPhase(TestSuiteExecutor.java:164)
	at com.kms.katalon.core.main.TestSuiteExecutor.execute(TestSuiteExecutor.java:105)
	at com.kms.katalon.core.main.TestCaseMain.startTestSuite(TestCaseMain.java:185)
	at com.kms.katalon.core.main.TestCaseMain$startTestSuite$0.call(Unknown Source)
	at TempTestSuite1658787923991.run(TempTestSuite1658787923991.groovy:36)
Caused by: com.kms.katalon.core.webui.exception.WebElementNotFoundException: Web element with id: 'Object Repository/AdminSuiteBootstrap_Pages/UM_Bootstrap/AddUser/input_ConfirmPassword' located by '//*[@type = 'password' and @placeholder = 'Confirm Password' and @name = 'confirmPassword' and @id = 'input-password-confirm']' not found
	at com.kms.katalon.core.webui.common.WebUiCommonHelper.findWebElement(WebUiCommonHelper.java:1370)
	at com.kms.katalon.core.webui.keyword.internal.WebUIAbstractKeyword.findWebElement(WebUIAbstractKeyword.groovy:27)
	at com.kms.katalon.core.webui.keyword.internal.WebUIAbstractKeyword.findWebElement(WebUIAbstractKeyword.groovy:26)
	at com.kms.katalon.core.webui.keyword.builtin.SetTextKeyword$_setText_closure1.doCall(SetTextKeyword.groovy:51)
	at com.kms.katalon.core.webui.keyword.builtin.SetTextKeyword$_setText_closure1.call(SetTextKeyword.groovy)
	at com.kms.katalon.core.webui.keyword.internal.WebUIKeywordMain.runKeyword(WebUIKeywordMain.groovy:20)
	at com.kms.katalon.core.webui.keyword.builtin.SetTextKeyword.setText(SetTextKeyword.groovy:66)
	at com.kms.katalon.core.webui.keyword.builtin.SetTextKeyword.execute(SetTextKeyword.groovy:37)
	at com.kms.katalon.core.keyword.internal.KeywordExecutor.executeKeywordForPlatform(KeywordExecutor.groovy:74)
	at com.kms.katalon.core.webui.keyword.WebUiBuiltInKeywords.setText(WebUiBuiltInKeywords.groovy:980)
	at com.kms.katalon.core.webui.keyword.WebUiBuiltInKeywords$setText$2.call(Unknown Source)
	at Script1658345837110.run(Script1658345837110.groovy:79)
	... 13 more
)
[[ATTACHMENT|E:\\Cloned-Project-Katalon\\VPS-Katalon\\Reports\\20220725_182523\\QA\\UM-Bootstrap\\UM-TestSuite-QA\\20220725_182523\\1658788836711.png]]

2022-07-25 18:40:36 - [TEST_STEP][FAILED] - check(findTestObject(path_AddUser + "input_No_lock")): Unable to check object 'Object Repository/AdminSuiteBootstrap_Pages/UM_Bootstrap/AddUser/input_No_lock' (Root cause: com.kms.katalon.core.exception.StepFailedException: Unable to check object 'Object Repository/AdminSuiteBootstrap_Pages/UM_Bootstrap/AddUser/input_No_lock'
	at com.kms.katalon.core.webui.keyword.internal.WebUIKeywordMain.stepFailed(WebUIKeywordMain.groovy:64)
	at com.kms.katalon.core.webui.keyword.internal.WebUIKeywordMain.runKeyword(WebUIKeywordMain.groovy:26)
	at com.kms.katalon.core.webui.keyword.builtin.CheckKeyword.check(CheckKeyword.groovy:88)
	at com.kms.katalon.core.webui.keyword.builtin.CheckKeyword.execute(CheckKeyword.groovy:67)
	at com.kms.katalon.core.keyword.internal.KeywordExecutor.executeKeywordForPlatform(KeywordExecutor.groovy:74)
	at com.kms.katalon.core.webui.keyword.WebUiBuiltInKeywords.check(WebUiBuiltInKeywords.groovy:1069)
	at com.kms.katalon.core.webui.keyword.WebUiBuiltInKeywords$check$4.call(Unknown Source)
	at AddUserSpCharFirstNameError.run(AddUserSpCharFirstNameError:80)
	at com.kms.katalon.core.main.ScriptEngine.run(ScriptEngine.java:194)
	at com.kms.katalon.core.main.ScriptEngine.runScriptAsRawText(ScriptEngine.java:119)
	at com.kms.katalon.core.main.TestCaseExecutor.runScript(TestCaseExecutor.java:442)
	at com.kms.katalon.core.main.TestCaseExecutor.doExecute(TestCaseExecutor.java:433)
	at com.kms.katalon.core.main.TestCaseExecutor.processExecutionPhase(TestCaseExecutor.java:412)
	at com.kms.katalon.core.main.TestCaseExecutor.accessMainPhase(TestCaseExecutor.java:404)
	at com.kms.katalon.core.main.TestCaseExecutor.execute(TestCaseExecutor.java:281)
	at com.kms.katalon.core.main.TestSuiteExecutor.accessTestCaseMainPhase(TestSuiteExecutor.java:202)
	at com.kms.katalon.core.main.TestSuiteExecutor.accessTestSuiteMainPhase(TestSuiteExecutor.java:164)
	at com.kms.katalon.core.main.TestSuiteExecutor.execute(TestSuiteExecutor.java:105)
	at com.kms.katalon.core.main.TestCaseMain.startTestSuite(TestCaseMain.java:185)
	at com.kms.katalon.core.main.TestCaseMain$startTestSuite$0.call(Unknown Source)
	at TempTestSuite1658787923991.run(TempTestSuite1658787923991.groovy:36)
Caused by: com.kms.katalon.core.webui.exception.WebElementNotFoundException: Web element with id: 'Object Repository/AdminSuiteBootstrap_Pages/UM_Bootstrap/AddUser/input_No_lock' located by '//*[@type = 'radio' and @name = 'lock' and @value = 'no']' not found
	at com.kms.katalon.core.webui.common.WebUiCommonHelper.findWebElement(WebUiCommonHelper.java:1370)
	at com.kms.katalon.core.webui.keyword.internal.WebUIAbstractKeyword.findWebElement(WebUIAbstractKeyword.groovy:27)
	at com.kms.katalon.core.webui.keyword.internal.WebUIAbstractKeyword.findWebElement(WebUIAbstractKeyword.groovy:26)
	at com.kms.katalon.core.webui.keyword.builtin.CheckKeyword$_check_closure1.doCall(CheckKeyword.groovy:77)
	at com.kms.katalon.core.webui.keyword.builtin.CheckKeyword$_check_closure1.call(CheckKeyword.groovy)
	at com.kms.katalon.core.webui.keyword.internal.WebUIKeywordMain.runKeyword(WebUIKeywordMain.groovy:20)
	at com.kms.katalon.core.webui.keyword.builtin.CheckKeyword.check(CheckKeyword.groovy:88)
	at com.kms.katalon.core.webui.keyword.builtin.CheckKeyword.execute(CheckKeyword.groovy:67)
	at com.kms.katalon.core.keyword.internal.KeywordExecutor.executeKeywordForPlatform(KeywordExecutor.groovy:74)
	at com.kms.katalon.core.webui.keyword.WebUiBuiltInKeywords.check(WebUiBuiltInKeywords.groovy:1069)
	at com.kms.katalon.core.webui.keyword.WebUiBuiltInKeywords$check$4.call(Unknown Source)
	at Script1658345837110.run(Script1658345837110.groovy:80)
	... 13 more
)

2022-07-25 18:41:08 - [MESSAGE][INFO] - Unable to find the element located by 'By.xpath: //*[@type = 'radio' and @name = 'lock' and @value = 'no']'. Please recheck the objects properties to make sure the desired element is located. 

2022-07-25 18:41:08 - [MESSAGE][WARNING] - [SELF-HEALING] Failed to find element with id 'Object Repository/AdminSuiteBootstrap_Pages/UM_Bootstrap/AddUser/input_No_lock'. Try using Self-healing.

2022-07-25 18:41:09 - [MESSAGE][INFO] - Unable to find the element located by 'By.xpath: (//input[@name='lock'])[2]'. Please recheck the objects properties to make sure the desired element is located. 

2022-07-25 18:41:09 - [MESSAGE][INFO] - [SELF-HEALING] Failed Locator: '(//input[@name='lock'])[2]'.

2022-07-25 18:41:09 - [MESSAGE][INFO] - [SELF-HEALING] Failed Locator: '//div[@id='addUser']/div/div/div/form/div[7]/div[2]/input'.

2022-07-25 18:41:09 - [MESSAGE][INFO] - [SELF-HEALING] Failed Locator: '//div[7]/div[2]/input'.

2022-07-25 18:41:10 - [MESSAGE][INFO] - [SELF-HEALING] Failed Locator: '//input[@type = 'radio' and @name = 'lock']'.

2022-07-25 18:41:11 - [MESSAGE][INFO] - Unable to find the element located by 'By.cssSelector: '. Please recheck the objects properties to make sure the desired element is located. 

2022-07-25 18:41:11 - [MESSAGE][FAILED] - Unable to check object 'Object Repository/AdminSuiteBootstrap_Pages/UM_Bootstrap/AddUser/input_No_lock' (Root cause: com.kms.katalon.core.exception.StepFailedException: Unable to check object 'Object Repository/AdminSuiteBootstrap_Pages/UM_Bootstrap/AddUser/input_No_lock'
	at com.kms.katalon.core.webui.keyword.internal.WebUIKeywordMain.stepFailed(WebUIKeywordMain.groovy:64)
	at com.kms.katalon.core.webui.keyword.internal.WebUIKeywordMain.runKeyword(WebUIKeywordMain.groovy:26)
	at com.kms.katalon.core.webui.keyword.builtin.CheckKeyword.check(CheckKeyword.groovy:88)
	at com.kms.katalon.core.webui.keyword.builtin.CheckKeyword.execute(CheckKeyword.groovy:67)
	at com.kms.katalon.core.keyword.internal.KeywordExecutor.executeKeywordForPlatform(KeywordExecutor.groovy:74)
	at com.kms.katalon.core.webui.keyword.WebUiBuiltInKeywords.check(WebUiBuiltInKeywords.groovy:1069)
	at com.kms.katalon.core.webui.keyword.WebUiBuiltInKeywords$check$4.call(Unknown Source)
	at AddUserSpCharFirstNameError.run(AddUserSpCharFirstNameError:80)
	at com.kms.katalon.core.main.ScriptEngine.run(ScriptEngine.java:194)
	at com.kms.katalon.core.main.ScriptEngine.runScriptAsRawText(ScriptEngine.java:119)
	at com.kms.katalon.core.main.TestCaseExecutor.runScript(TestCaseExecutor.java:442)
	at com.kms.katalon.core.main.TestCaseExecutor.doExecute(TestCaseExecutor.java:433)
	at com.kms.katalon.core.main.TestCaseExecutor.processExecutionPhase(TestCaseExecutor.java:412)
	at com.kms.katalon.core.main.TestCaseExecutor.accessMainPhase(TestCaseExecutor.java:404)
	at com.kms.katalon.core.main.TestCaseExecutor.execute(TestCaseExecutor.java:281)
	at com.kms.katalon.core.main.TestSuiteExecutor.accessTestCaseMainPhase(TestSuiteExecutor.java:202)
	at com.kms.katalon.core.main.TestSuiteExecutor.accessTestSuiteMainPhase(TestSuiteExecutor.java:164)
	at com.kms.katalon.core.main.TestSuiteExecutor.execute(TestSuiteExecutor.java:105)
	at com.kms.katalon.core.main.TestCaseMain.startTestSuite(TestCaseMain.java:185)
	at com.kms.katalon.core.main.TestCaseMain$startTestSuite$0.call(Unknown Source)
	at TempTestSuite1658787923991.run(TempTestSuite1658787923991.groovy:36)
Caused by: com.kms.katalon.core.webui.exception.WebElementNotFoundException: Web element with id: 'Object Repository/AdminSuiteBootstrap_Pages/UM_Bootstrap/AddUser/input_No_lock' located by '//*[@type = 'radio' and @name = 'lock' and @value = 'no']' not found
	at com.kms.katalon.core.webui.common.WebUiCommonHelper.findWebElement(WebUiCommonHelper.java:1370)
	at com.kms.katalon.core.webui.keyword.internal.WebUIAbstractKeyword.findWebElement(WebUIAbstractKeyword.groovy:27)
	at com.kms.katalon.core.webui.keyword.internal.WebUIAbstractKeyword.findWebElement(WebUIAbstractKeyword.groovy:26)
	at com.kms.katalon.core.webui.keyword.builtin.CheckKeyword$_check_closure1.doCall(CheckKeyword.groovy:77)
	at com.kms.katalon.core.webui.keyword.builtin.CheckKeyword$_check_closure1.call(CheckKeyword.groovy)
	at com.kms.katalon.core.webui.keyword.internal.WebUIKeywordMain.runKeyword(WebUIKeywordMain.groovy:20)
	at com.kms.katalon.core.webui.keyword.builtin.CheckKeyword.check(CheckKeyword.groovy:88)
	at com.kms.katalon.core.webui.keyword.builtin.CheckKeyword.execute(CheckKeyword.groovy:67)
	at com.kms.katalon.core.keyword.internal.KeywordExecutor.executeKeywordForPlatform(KeywordExecutor.groovy:74)
	at com.kms.katalon.core.webui.keyword.WebUiBuiltInKeywords.check(WebUiBuiltInKeywords.groovy:1069)
	at com.kms.katalon.core.webui.keyword.WebUiBuiltInKeywords$check$4.call(Unknown Source)
	at Script1658345837110.run(Script1658345837110.groovy:80)
	... 13 more
)
[[ATTACHMENT|E:\\Cloned-Project-Katalon\\VPS-Katalon\\Reports\\20220725_182523\\QA\\UM-Bootstrap\\UM-TestSuite-QA\\20220725_182523\\1658788871340.png]]

2022-07-25 18:41:11 - [TEST_STEP][FAILED] - click(findTestObject(path_AddUser + "button_Create")): Unable to click on object 'Object Repository/AdminSuiteBootstrap_Pages/UM_Bootstrap/AddUser/button_Create' (Root cause: com.kms.katalon.core.exception.StepFailedException: Unable to click on object 'Object Repository/AdminSuiteBootstrap_Pages/UM_Bootstrap/AddUser/button_Create'
	at com.kms.katalon.core.webui.keyword.internal.WebUIKeywordMain.stepFailed(WebUIKeywordMain.groovy:64)
	at com.kms.katalon.core.webui.keyword.internal.WebUIKeywordMain.runKeyword(WebUIKeywordMain.groovy:26)
	at com.kms.katalon.core.webui.keyword.builtin.ClickKeyword.click(ClickKeyword.groovy:74)
	at com.kms.katalon.core.webui.keyword.builtin.ClickKeyword.execute(ClickKeyword.groovy:40)
	at com.kms.katalon.core.keyword.internal.KeywordExecutor.executeKeywordForPlatform(KeywordExecutor.groovy:74)
	at com.kms.katalon.core.webui.keyword.WebUiBuiltInKeywords.click(WebUiBuiltInKeywords.groovy:620)
	at com.kms.katalon.core.webui.keyword.WebUiBuiltInKeywords$click$3.call(Unknown Source)
	at AddUserSpCharFirstNameError.run(AddUserSpCharFirstNameError:83)
	at com.kms.katalon.core.main.ScriptEngine.run(ScriptEngine.java:194)
	at com.kms.katalon.core.main.ScriptEngine.runScriptAsRawText(ScriptEngine.java:119)
	at com.kms.katalon.core.main.TestCaseExecutor.runScript(TestCaseExecutor.java:442)
	at com.kms.katalon.core.main.TestCaseExecutor.doExecute(TestCaseExecutor.java:433)
	at com.kms.katalon.core.main.TestCaseExecutor.processExecutionPhase(TestCaseExecutor.java:412)
	at com.kms.katalon.core.main.TestCaseExecutor.accessMainPhase(TestCaseExecutor.java:404)
	at com.kms.katalon.core.main.TestCaseExecutor.execute(TestCaseExecutor.java:281)
	at com.kms.katalon.core.main.TestSuiteExecutor.accessTestCaseMainPhase(TestSuiteExecutor.java:202)
	at com.kms.katalon.core.main.TestSuiteExecutor.accessTestSuiteMainPhase(TestSuiteExecutor.java:164)
	at com.kms.katalon.core.main.TestSuiteExecutor.execute(TestSuiteExecutor.java:105)
	at com.kms.katalon.core.main.TestCaseMain.startTestSuite(TestCaseMain.java:185)
	at com.kms.katalon.core.main.TestCaseMain$startTestSuite$0.call(Unknown Source)
	at TempTestSuite1658787923991.run(TempTestSuite1658787923991.groovy:36)
Caused by: com.kms.katalon.core.webui.exception.WebElementNotFoundException: Web element with id: 'Object Repository/AdminSuiteBootstrap_Pages/UM_Bootstrap/AddUser/button_Create' located by '//*[@type = 'submit' and (text() = 'Create' or . = 'Create')]' not found
	at com.kms.katalon.core.webui.common.WebUiCommonHelper.findWebElement(WebUiCommonHelper.java:1370)
	at com.kms.katalon.core.webui.keyword.internal.WebUIAbstractKeyword.findWebElement(WebUIAbstractKeyword.groovy:27)
	at com.kms.katalon.core.webui.keyword.builtin.ClickKeyword$_click_closure1.doCall(ClickKeyword.groovy:65)
	at com.kms.katalon.core.webui.keyword.builtin.ClickKeyword$_click_closure1.call(ClickKeyword.groovy)
	at com.kms.katalon.core.webui.keyword.internal.WebUIKeywordMain.runKeyword(WebUIKeywordMain.groovy:20)
	at com.kms.katalon.core.webui.keyword.builtin.ClickKeyword.click(ClickKeyword.groovy:74)
	at com.kms.katalon.core.webui.keyword.builtin.ClickKeyword.execute(ClickKeyword.groovy:40)
	at com.kms.katalon.core.keyword.internal.KeywordExecutor.executeKeywordForPlatform(KeywordExecutor.groovy:74)
	at com.kms.katalon.core.webui.keyword.WebUiBuiltInKeywords.click(WebUiBuiltInKeywords.groovy:620)
	at com.kms.katalon.core.webui.keyword.WebUiBuiltInKeywords$click$3.call(Unknown Source)
	at Script1658345837110.run(Script1658345837110.groovy:83)
	... 13 more
)

2022-07-25 18:41:42 - [MESSAGE][INFO] - Unable to find the element located by 'By.xpath: //*[@type = 'submit' and (text() = 'Create' or . = 'Create')]'. Please recheck the objects properties to make sure the desired element is located. 

2022-07-25 18:41:42 - [MESSAGE][WARNING] - [SELF-HEALING] Failed to find element with id 'Object Repository/AdminSuiteBootstrap_Pages/UM_Bootstrap/AddUser/button_Create'. Try using Self-healing.

2022-07-25 18:41:43 - [MESSAGE][INFO] - Unable to find the element located by 'By.xpath: (//button[@type='submit'])[2]'. Please recheck the objects properties to make sure the desired element is located. 

2022-07-25 18:41:43 - [MESSAGE][INFO] - [SELF-HEALING] Failed Locator: '(//button[@type='submit'])[2]'.

2022-07-25 18:41:44 - [MESSAGE][INFO] - [SELF-HEALING] Failed Locator: '//div[@id='addUser']/div/div/div/form/div[8]/button'.

2022-07-25 18:41:44 - [MESSAGE][INFO] - [SELF-HEALING] Failed Locator: '(.//*[normalize-space(text()) and normalize-space(.)='No'])[1]/following::button[1]'.

2022-07-25 18:41:44 - [MESSAGE][INFO] - [SELF-HEALING] Failed Locator: '(.//*[normalize-space(text()) and normalize-space(.)='Yes'])[1]/following::button[1]'.

2022-07-25 18:41:45 - [MESSAGE][INFO] - [SELF-HEALING] Failed Locator: '(.//*[normalize-space(text()) and normalize-space(.)='Capture object:'])[1]/preceding::button[1]'.

2022-07-25 18:41:45 - [MESSAGE][INFO] - [SELF-HEALING] Failed Locator: '(.//*[normalize-space(text()) and normalize-space(.)='Alt'])[1]/preceding::button[1]'.

2022-07-25 18:41:45 - [MESSAGE][INFO] - [SELF-HEALING] Failed Locator: '//*/text()[normalize-space(.)='Create']/parent::*'.

2022-07-25 18:41:45 - [MESSAGE][INFO] - [SELF-HEALING] Failed Locator: '//div[8]/button'.

2022-07-25 18:41:46 - [MESSAGE][INFO] - [SELF-HEALING] Failed Locator: '//button[@type = 'submit' and (text() = 'Create' or . = 'Create')]'.

2022-07-25 18:41:47 - [MESSAGE][INFO] - Unable to find the element located by 'By.cssSelector: form.form-add-user > div.tile-footer.text-right.mx-2 > button.btn.btn-primary.mb-4'. Please recheck the objects properties to make sure the desired element is located. 

2022-07-25 18:41:47 - [MESSAGE][FAILED] - Unable to click on object 'Object Repository/AdminSuiteBootstrap_Pages/UM_Bootstrap/AddUser/button_Create' (Root cause: com.kms.katalon.core.exception.StepFailedException: Unable to click on object 'Object Repository/AdminSuiteBootstrap_Pages/UM_Bootstrap/AddUser/button_Create'
	at com.kms.katalon.core.webui.keyword.internal.WebUIKeywordMain.stepFailed(WebUIKeywordMain.groovy:64)
	at com.kms.katalon.core.webui.keyword.internal.WebUIKeywordMain.runKeyword(WebUIKeywordMain.groovy:26)
	at com.kms.katalon.core.webui.keyword.builtin.ClickKeyword.click(ClickKeyword.groovy:74)
	at com.kms.katalon.core.webui.keyword.builtin.ClickKeyword.execute(ClickKeyword.groovy:40)
	at com.kms.katalon.core.keyword.internal.KeywordExecutor.executeKeywordForPlatform(KeywordExecutor.groovy:74)
	at com.kms.katalon.core.webui.keyword.WebUiBuiltInKeywords.click(WebUiBuiltInKeywords.groovy:620)
	at com.kms.katalon.core.webui.keyword.WebUiBuiltInKeywords$click$3.call(Unknown Source)
	at AddUserSpCharFirstNameError.run(AddUserSpCharFirstNameError:83)
	at com.kms.katalon.core.main.ScriptEngine.run(ScriptEngine.java:194)
	at com.kms.katalon.core.main.ScriptEngine.runScriptAsRawText(ScriptEngine.java:119)
	at com.kms.katalon.core.main.TestCaseExecutor.runScript(TestCaseExecutor.java:442)
	at com.kms.katalon.core.main.TestCaseExecutor.doExecute(TestCaseExecutor.java:433)
	at com.kms.katalon.core.main.TestCaseExecutor.processExecutionPhase(TestCaseExecutor.java:412)
	at com.kms.katalon.core.main.TestCaseExecutor.accessMainPhase(TestCaseExecutor.java:404)
	at com.kms.katalon.core.main.TestCaseExecutor.execute(TestCaseExecutor.java:281)
	at com.kms.katalon.core.main.TestSuiteExecutor.accessTestCaseMainPhase(TestSuiteExecutor.java:202)
	at com.kms.katalon.core.main.TestSuiteExecutor.accessTestSuiteMainPhase(TestSuiteExecutor.java:164)
	at com.kms.katalon.core.main.TestSuiteExecutor.execute(TestSuiteExecutor.java:105)
	at com.kms.katalon.core.main.TestCaseMain.startTestSuite(TestCaseMain.java:185)
	at com.kms.katalon.core.main.TestCaseMain$startTestSuite$0.call(Unknown Source)
	at TempTestSuite1658787923991.run(TempTestSuite1658787923991.groovy:36)
Caused by: com.kms.katalon.core.webui.exception.WebElementNotFoundException: Web element with id: 'Object Repository/AdminSuiteBootstrap_Pages/UM_Bootstrap/AddUser/button_Create' located by '//*[@type = 'submit' and (text() = 'Create' or . = 'Create')]' not found
	at com.kms.katalon.core.webui.common.WebUiCommonHelper.findWebElement(WebUiCommonHelper.java:1370)
	at com.kms.katalon.core.webui.keyword.internal.WebUIAbstractKeyword.findWebElement(WebUIAbstractKeyword.groovy:27)
	at com.kms.katalon.core.webui.keyword.builtin.ClickKeyword$_click_closure1.doCall(ClickKeyword.groovy:65)
	at com.kms.katalon.core.webui.keyword.builtin.ClickKeyword$_click_closure1.call(ClickKeyword.groovy)
	at com.kms.katalon.core.webui.keyword.internal.WebUIKeywordMain.runKeyword(WebUIKeywordMain.groovy:20)
	at com.kms.katalon.core.webui.keyword.builtin.ClickKeyword.click(ClickKeyword.groovy:74)
	at com.kms.katalon.core.webui.keyword.builtin.ClickKeyword.execute(ClickKeyword.groovy:40)
	at com.kms.katalon.core.keyword.internal.KeywordExecutor.executeKeywordForPlatform(KeywordExecutor.groovy:74)
	at com.kms.katalon.core.webui.keyword.WebUiBuiltInKeywords.click(WebUiBuiltInKeywords.groovy:620)
	at com.kms.katalon.core.webui.keyword.WebUiBuiltInKeywords$click$3.call(Unknown Source)
	at Script1658345837110.run(Script1658345837110.groovy:83)
	... 13 more
)
[[ATTACHMENT|E:\\Cloned-Project-Katalon\\VPS-Katalon\\Reports\\20220725_182523\\QA\\UM-Bootstrap\\UM-TestSuite-QA\\20220725_182523\\1658788907195.png]]

2022-07-25 18:41:47 - [TEST_STEP][FAILED] - verifyTextPresent("Error! Please provide the following required information as indicated below", true): Text 'Error! Please provide the following required information as indicated below' is not present on page  using regular expression (Root cause: com.kms.katalon.core.exception.StepFailedException: Text 'Error! Please provide the following required information as indicated below' is not present on page  using regular expression
	at com.kms.katalon.core.webui.keyword.internal.WebUIKeywordMain.stepFailed(WebUIKeywordMain.groovy:64)
	at com.kms.katalon.core.webui.keyword.builtin.VerifyTextPresentKeyword$_verifyTextPresent_closure1.doCall(VerifyTextPresentKeyword.groovy:79)
	at com.kms.katalon.core.webui.keyword.builtin.VerifyTextPresentKeyword$_verifyTextPresent_closure1.call(VerifyTextPresentKeyword.groovy)
	at com.kms.katalon.core.webui.keyword.internal.WebUIKeywordMain.runKeyword(WebUIKeywordMain.groovy:20)
	at com.kms.katalon.core.webui.keyword.builtin.VerifyTextPresentKeyword.verifyTextPresent(VerifyTextPresentKeyword.groovy:83)
	at com.kms.katalon.core.webui.keyword.builtin.VerifyTextPresentKeyword.execute(VerifyTextPresentKeyword.groovy:68)
	at com.kms.katalon.core.keyword.internal.KeywordExecutor.executeKeywordForPlatform(KeywordExecutor.groovy:74)
	at com.kms.katalon.core.webui.keyword.WebUiBuiltInKeywords.verifyTextPresent(WebUiBuiltInKeywords.groovy:1723)
	at com.kms.katalon.core.webui.keyword.WebUiBuiltInKeywords$verifyTextPresent$5.call(Unknown Source)
	at AddUserSpCharFirstNameError.run(AddUserSpCharFirstNameError:86)
	at com.kms.katalon.core.main.ScriptEngine.run(ScriptEngine.java:194)
	at com.kms.katalon.core.main.ScriptEngine.runScriptAsRawText(ScriptEngine.java:119)
	at com.kms.katalon.core.main.TestCaseExecutor.runScript(TestCaseExecutor.java:442)
	at com.kms.katalon.core.main.TestCaseExecutor.doExecute(TestCaseExecutor.java:433)
	at com.kms.katalon.core.main.TestCaseExecutor.processExecutionPhase(TestCaseExecutor.java:412)
	at com.kms.katalon.core.main.TestCaseExecutor.accessMainPhase(TestCaseExecutor.java:404)
	at com.kms.katalon.core.main.TestCaseExecutor.execute(TestCaseExecutor.java:281)
	at com.kms.katalon.core.main.TestSuiteExecutor.accessTestCaseMainPhase(TestSuiteExecutor.java:202)
	at com.kms.katalon.core.main.TestSuiteExecutor.accessTestSuiteMainPhase(TestSuiteExecutor.java:164)
	at com.kms.katalon.core.main.TestSuiteExecutor.execute(TestSuiteExecutor.java:105)
	at com.kms.katalon.core.main.TestCaseMain.startTestSuite(TestCaseMain.java:185)
	at com.kms.katalon.core.main.TestCaseMain$startTestSuite$0.call(Unknown Source)
	at TempTestSuite1658787923991.run(TempTestSuite1658787923991.groovy:36)
)

2022-07-25 18:41:47 - [MESSAGE][FAILED] - Text 'Error! Please provide the following required information as indicated below' is not present on page  using regular expression (Root cause: com.kms.katalon.core.exception.StepFailedException: Text 'Error! Please provide the following required information as indicated below' is not present on page  using regular expression
	at com.kms.katalon.core.webui.keyword.internal.WebUIKeywordMain.stepFailed(WebUIKeywordMain.groovy:64)
	at com.kms.katalon.core.webui.keyword.builtin.VerifyTextPresentKeyword$_verifyTextPresent_closure1.doCall(VerifyTextPresentKeyword.groovy:79)
	at com.kms.katalon.core.webui.keyword.builtin.VerifyTextPresentKeyword$_verifyTextPresent_closure1.call(VerifyTextPresentKeyword.groovy)
	at com.kms.katalon.core.webui.keyword.internal.WebUIKeywordMain.runKeyword(WebUIKeywordMain.groovy:20)
	at com.kms.katalon.core.webui.keyword.builtin.VerifyTextPresentKeyword.verifyTextPresent(VerifyTextPresentKeyword.groovy:83)
	at com.kms.katalon.core.webui.keyword.builtin.VerifyTextPresentKeyword.execute(VerifyTextPresentKeyword.groovy:68)
	at com.kms.katalon.core.keyword.internal.KeywordExecutor.executeKeywordForPlatform(KeywordExecutor.groovy:74)
	at com.kms.katalon.core.webui.keyword.WebUiBuiltInKeywords.verifyTextPresent(WebUiBuiltInKeywords.groovy:1723)
	at com.kms.katalon.core.webui.keyword.WebUiBuiltInKeywords$verifyTextPresent$5.call(Unknown Source)
	at AddUserSpCharFirstNameError.run(AddUserSpCharFirstNameError:86)
	at com.kms.katalon.core.main.ScriptEngine.run(ScriptEngine.java:194)
	at com.kms.katalon.core.main.ScriptEngine.runScriptAsRawText(ScriptEngine.java:119)
	at com.kms.katalon.core.main.TestCaseExecutor.runScript(TestCaseExecutor.java:442)
	at com.kms.katalon.core.main.TestCaseExecutor.doExecute(TestCaseExecutor.java:433)
	at com.kms.katalon.core.main.TestCaseExecutor.processExecutionPhase(TestCaseExecutor.java:412)
	at com.kms.katalon.core.main.TestCaseExecutor.accessMainPhase(TestCaseExecutor.java:404)
	at com.kms.katalon.core.main.TestCaseExecutor.execute(TestCaseExecutor.java:281)
	at com.kms.katalon.core.main.TestSuiteExecutor.accessTestCaseMainPhase(TestSuiteExecutor.java:202)
	at com.kms.katalon.core.main.TestSuiteExecutor.accessTestSuiteMainPhase(TestSuiteExecutor.java:164)
	at com.kms.katalon.core.main.TestSuiteExecutor.execute(TestSuiteExecutor.java:105)
	at com.kms.katalon.core.main.TestCaseMain.startTestSuite(TestCaseMain.java:185)
	at com.kms.katalon.core.main.TestCaseMain$startTestSuite$0.call(Unknown Source)
	at TempTestSuite1658787923991.run(TempTestSuite1658787923991.groovy:36)
)

2022-07-25 18:41:47 - [TEST_STEP][FAILED] - verifyTextPresent("Username may only be comprised of alphanumeric characters, the underscore "_" character, the at "@" symbol, and the period "."Username may only be comprised of alphanumeric characters, the underscore "_" character, the at "@" symbol, and the period "."", true): Text 'Username may only be comprised of alphanumeric characters, the underscore "_" character, the at "@" symbol, and the period "."Username may only be comprised of alphanumeric characters, the underscore "_" character, the at "@" symbol, and the period "."' is not present on page  using regular expression (Root cause: com.kms.katalon.core.exception.StepFailedException: Text 'Username may only be comprised of alphanumeric characters, the underscore "_" character, the at "@" symbol, and the period "."Username may only be comprised of alphanumeric characters, the underscore "_" character, the at "@" symbol, and the period "."' is not present on page  using regular expression
	at com.kms.katalon.core.webui.keyword.internal.WebUIKeywordMain.stepFailed(WebUIKeywordMain.groovy:64)
	at com.kms.katalon.core.webui.keyword.builtin.VerifyTextPresentKeyword$_verifyTextPresent_closure1.doCall(VerifyTextPresentKeyword.groovy:79)
	at com.kms.katalon.core.webui.keyword.builtin.VerifyTextPresentKeyword$_verifyTextPresent_closure1.call(VerifyTextPresentKeyword.groovy)
	at com.kms.katalon.core.webui.keyword.internal.WebUIKeywordMain.runKeyword(WebUIKeywordMain.groovy:20)
	at com.kms.katalon.core.webui.keyword.builtin.VerifyTextPresentKeyword.verifyTextPresent(VerifyTextPresentKeyword.groovy:83)
	at com.kms.katalon.core.webui.keyword.builtin.VerifyTextPresentKeyword.execute(VerifyTextPresentKeyword.groovy:68)
	at com.kms.katalon.core.keyword.internal.KeywordExecutor.executeKeywordForPlatform(KeywordExecutor.groovy:74)
	at com.kms.katalon.core.webui.keyword.WebUiBuiltInKeywords.verifyTextPresent(WebUiBuiltInKeywords.groovy:1723)
	at com.kms.katalon.core.webui.keyword.WebUiBuiltInKeywords$verifyTextPresent$5.call(Unknown Source)
	at AddUserSpCharFirstNameError.run(AddUserSpCharFirstNameError:87)
	at com.kms.katalon.core.main.ScriptEngine.run(ScriptEngine.java:194)
	at com.kms.katalon.core.main.ScriptEngine.runScriptAsRawText(ScriptEngine.java:119)
	at com.kms.katalon.core.main.TestCaseExecutor.runScript(TestCaseExecutor.java:442)
	at com.kms.katalon.core.main.TestCaseExecutor.doExecute(TestCaseExecutor.java:433)
	at com.kms.katalon.core.main.TestCaseExecutor.processExecutionPhase(TestCaseExecutor.java:412)
	at com.kms.katalon.core.main.TestCaseExecutor.accessMainPhase(TestCaseExecutor.java:404)
	at com.kms.katalon.core.main.TestCaseExecutor.execute(TestCaseExecutor.java:281)
	at com.kms.katalon.core.main.TestSuiteExecutor.accessTestCaseMainPhase(TestSuiteExecutor.java:202)
	at com.kms.katalon.core.main.TestSuiteExecutor.accessTestSuiteMainPhase(TestSuiteExecutor.java:164)
	at com.kms.katalon.core.main.TestSuiteExecutor.execute(TestSuiteExecutor.java:105)
	at com.kms.katalon.core.main.TestCaseMain.startTestSuite(TestCaseMain.java:185)
	at com.kms.katalon.core.main.TestCaseMain$startTestSuite$0.call(Unknown Source)
	at TempTestSuite1658787923991.run(TempTestSuite1658787923991.groovy:36)
)

2022-07-25 18:41:48 - [MESSAGE][FAILED] - Text 'Username may only be comprised of alphanumeric characters, the underscore "_" character, the at "@" symbol, and the period "."Username may only be comprised of alphanumeric characters, the underscore "_" character, the at "@" symbol, and the period "."' is not present on page  using regular expression (Root cause: com.kms.katalon.core.exception.StepFailedException: Text 'Username may only be comprised of alphanumeric characters, the underscore "_" character, the at "@" symbol, and the period "."Username may only be comprised of alphanumeric characters, the underscore "_" character, the at "@" symbol, and the period "."' is not present on page  using regular expression
	at com.kms.katalon.core.webui.keyword.internal.WebUIKeywordMain.stepFailed(WebUIKeywordMain.groovy:64)
	at com.kms.katalon.core.webui.keyword.builtin.VerifyTextPresentKeyword$_verifyTextPresent_closure1.doCall(VerifyTextPresentKeyword.groovy:79)
	at com.kms.katalon.core.webui.keyword.builtin.VerifyTextPresentKeyword$_verifyTextPresent_closure1.call(VerifyTextPresentKeyword.groovy)
	at com.kms.katalon.core.webui.keyword.internal.WebUIKeywordMain.runKeyword(WebUIKeywordMain.groovy:20)
	at com.kms.katalon.core.webui.keyword.builtin.VerifyTextPresentKeyword.verifyTextPresent(VerifyTextPresentKeyword.groovy:83)
	at com.kms.katalon.core.webui.keyword.builtin.VerifyTextPresentKeyword.execute(VerifyTextPresentKeyword.groovy:68)
	at com.kms.katalon.core.keyword.internal.KeywordExecutor.executeKeywordForPlatform(KeywordExecutor.groovy:74)
	at com.kms.katalon.core.webui.keyword.WebUiBuiltInKeywords.verifyTextPresent(WebUiBuiltInKeywords.groovy:1723)
	at com.kms.katalon.core.webui.keyword.WebUiBuiltInKeywords$verifyTextPresent$5.call(Unknown Source)
	at AddUserSpCharFirstNameError.run(AddUserSpCharFirstNameError:87)
	at com.kms.katalon.core.main.ScriptEngine.run(ScriptEngine.java:194)
	at com.kms.katalon.core.main.ScriptEngine.runScriptAsRawText(ScriptEngine.java:119)
	at com.kms.katalon.core.main.TestCaseExecutor.runScript(TestCaseExecutor.java:442)
	at com.kms.katalon.core.main.TestCaseExecutor.doExecute(TestCaseExecutor.java:433)
	at com.kms.katalon.core.main.TestCaseExecutor.processExecutionPhase(TestCaseExecutor.java:412)
	at com.kms.katalon.core.main.TestCaseExecutor.accessMainPhase(TestCaseExecutor.java:404)
	at com.kms.katalon.core.main.TestCaseExecutor.execute(TestCaseExecutor.java:281)
	at com.kms.katalon.core.main.TestSuiteExecutor.accessTestCaseMainPhase(TestSuiteExecutor.java:202)
	at com.kms.katalon.core.main.TestSuiteExecutor.accessTestSuiteMainPhase(TestSuiteExecutor.java:164)
	at com.kms.katalon.core.main.TestSuiteExecutor.execute(TestSuiteExecutor.java:105)
	at com.kms.katalon.core.main.TestCaseMain.startTestSuite(TestCaseMain.java:185)
	at com.kms.katalon.core.main.TestCaseMain$startTestSuite$0.call(Unknown Source)
	at TempTestSuite1658787923991.run(TempTestSuite1658787923991.groovy:36)
)

2022-07-25 18:41:48 - [TEST_STEP][PASSED] - closeBrowser(): Browser is closed

2022-07-25 18:41:49 - [MESSAGE][PASSED] - Browser is closed

2022-07-25 18:41:49 - [TEST_STEP][PASSED] - ExecuteTC = findTestData(dataFile).getValue("Execute", row): null

2022-07-25 18:41:49 - [TEST_STEP][PASSED] - out.println("Value of Execute is : " + ExecuteTC): null

2022-07-25 18:41:49 - [TEST_STEP][FAILED] - if (ExecuteTC.equalsIgnoreCase("Y")): null

2022-07-25 18:41:49 - [TEST_STEP][PASSED] - out.println("Begin Record Number: " + row): null

2022-07-25 18:41:49 - [TEST_STEP][PASSED] - adminSuiteBootstrap.loginFunctionality.login_AdminSuite(): adminSuiteBootstrap.loginFunctionality.login_AdminSuite is PASSED

2022-07-25 18:41:49 - [MESSAGE][INFO] - Starting 'Chrome' driver

2022-07-25 18:41:49 - [MESSAGE][INFO] - User set preference: ['acceptInsecureCerts', 'true']

2022-07-25 18:41:49 - [MESSAGE][INFO] - Action delay is set to 0 milliseconds

2022-07-25 18:41:52 - [MESSAGE][PASSED] - Browser is opened with url: 'https://qa.velocitypayment.com/admin/imtiaz'

2022-07-25 18:41:52 - [MESSAGE][PASSED] - Current window maximized

2022-07-25 18:41:53 - [MESSAGE][PASSED] - Object 'Object Repository/Login_Page/Login_Username' is present

2022-07-25 18:41:53 - [MESSAGE][PASSED] - Text 'iahmed' is set on object 'Object Repository/Login_Page/Login_Username'

2022-07-25 18:41:54 - [MESSAGE][PASSED] - Text 'hello2222' is set on object 'Object Repository/Login_Page/Login_Password'

2022-07-25 18:41:57 - [MESSAGE][PASSED] - Object: 'Object Repository/Login_Page/Login_Submit' is clicked on

2022-07-25 18:41:57 - [MESSAGE][PASSED] - adminSuiteBootstrap.loginFunctionality.login_AdminSuite is PASSED

2022-07-25 18:41:57 - [TEST_STEP][PASSED] - click(findTestObject(path_Dashboard + "a_Access User Management")): Object: 'Object Repository/AdminSuiteBootstrap_Pages/Dashboard_Bootstrap/a_Access User Management' is clicked on

2022-07-25 18:41:59 - [MESSAGE][PASSED] - Object: 'Object Repository/AdminSuiteBootstrap_Pages/Dashboard_Bootstrap/a_Access User Management' is clicked on

2022-07-25 18:41:59 - [TEST_STEP][PASSED] - click(findTestObject(path_Users + "a_Add User")): Object: 'Object Repository/AdminSuiteBootstrap_Pages/UM_Bootstrap/Users/a_Add User' is clicked on

2022-07-25 18:41:59 - [MESSAGE][PASSED] - Object: 'Object Repository/AdminSuiteBootstrap_Pages/UM_Bootstrap/Users/a_Add User' is clicked on

2022-07-25 18:41:59 - [TEST_STEP][PASSED] - buildUsername = pages.GenerateRandom.getRandomAlpha(): pages.GenerateRandom.getRandomAlpha is PASSED

2022-07-25 18:41:59 - [MESSAGE][PASSED] - pages.GenerateRandom.getRandomAlpha is PASSED

2022-07-25 18:41:59 - [TEST_STEP][PASSED] - prefixUsername = findTestData(dataFile).getValue("Firstname", row): null

2022-07-25 18:41:59 - [TEST_STEP][PASSED] - spUsername = prefixUsername + buildUsername: null

2022-07-25 18:41:59 - [TEST_STEP][PASSED] - setText(findTestObject(path_AddUser + "input_EmailAddress"), "iahmed@govolution.com"): Text 'iahmed@govolution.com' is set on object 'Object Repository/AdminSuiteBootstrap_Pages/UM_Bootstrap/AddUser/input_EmailAddress'

2022-07-25 18:42:00 - [MESSAGE][PASSED] - Text 'iahmed@govolution.com' is set on object 'Object Repository/AdminSuiteBootstrap_Pages/UM_Bootstrap/AddUser/input_EmailAddress'

2022-07-25 18:42:00 - [TEST_STEP][PASSED] - setText(findTestObject(path_AddUser + "input_Username"), buildUsername): Text 'fluptvmPI' is set on object 'Object Repository/AdminSuiteBootstrap_Pages/UM_Bootstrap/AddUser/input_Username'

2022-07-25 18:42:01 - [MESSAGE][PASSED] - Text 'fluptvmPI' is set on object 'Object Repository/AdminSuiteBootstrap_Pages/UM_Bootstrap/AddUser/input_Username'

2022-07-25 18:42:01 - [TEST_STEP][PASSED] - setText(findTestObject(path_AddUser + "input_FirstName"), spUsername): Text '-fluptvmPI' is set on object 'Object Repository/AdminSuiteBootstrap_Pages/UM_Bootstrap/AddUser/input_FirstName'

2022-07-25 18:42:02 - [MESSAGE][PASSED] - Text '-fluptvmPI' is set on object 'Object Repository/AdminSuiteBootstrap_Pages/UM_Bootstrap/AddUser/input_FirstName'

2022-07-25 18:42:02 - [TEST_STEP][PASSED] - setText(findTestObject(path_AddUser + "input_LastName"), "Luka"): Text 'Luka' is set on object 'Object Repository/AdminSuiteBootstrap_Pages/UM_Bootstrap/AddUser/input_LastName'

2022-07-25 18:42:02 - [MESSAGE][PASSED] - Text 'Luka' is set on object 'Object Repository/AdminSuiteBootstrap_Pages/UM_Bootstrap/AddUser/input_LastName'

2022-07-25 18:42:02 - [TEST_STEP][PASSED] - setText(findTestObject(path_AddUser + "input_Password"), "hello6666"): Text 'hello6666' is set on object 'Object Repository/AdminSuiteBootstrap_Pages/UM_Bootstrap/AddUser/input_Password'

2022-07-25 18:42:03 - [MESSAGE][PASSED] - Text 'hello6666' is set on object 'Object Repository/AdminSuiteBootstrap_Pages/UM_Bootstrap/AddUser/input_Password'

2022-07-25 18:42:03 - [TEST_STEP][PASSED] - setText(findTestObject(path_AddUser + "input_ConfirmPassword"), "hello6666"): Text 'hello6666' is set on object 'Object Repository/AdminSuiteBootstrap_Pages/UM_Bootstrap/AddUser/input_ConfirmPassword'

2022-07-25 18:42:04 - [MESSAGE][PASSED] - Text 'hello6666' is set on object 'Object Repository/AdminSuiteBootstrap_Pages/UM_Bootstrap/AddUser/input_ConfirmPassword'

2022-07-25 18:42:04 - [TEST_STEP][PASSED] - check(findTestObject(path_AddUser + "input_No_lock")): Object 'Object Repository/AdminSuiteBootstrap_Pages/UM_Bootstrap/AddUser/input_No_lock' is checked

2022-07-25 18:42:04 - [MESSAGE][PASSED] - Object 'Object Repository/AdminSuiteBootstrap_Pages/UM_Bootstrap/AddUser/input_No_lock' is checked

2022-07-25 18:42:04 - [TEST_STEP][PASSED] - click(findTestObject(path_AddUser + "button_Create")): Object: 'Object Repository/AdminSuiteBootstrap_Pages/UM_Bootstrap/AddUser/button_Create' is clicked on

2022-07-25 18:42:05 - [MESSAGE][PASSED] - Object: 'Object Repository/AdminSuiteBootstrap_Pages/UM_Bootstrap/AddUser/button_Create' is clicked on

2022-07-25 18:42:05 - [TEST_STEP][PASSED] - verifyTextPresent("Error! Please provide the following required information as indicated below", true): Text 'Error! Please provide the following required information as indicated below' is present on page  using regular expression

2022-07-25 18:42:06 - [MESSAGE][PASSED] - Text 'Error! Please provide the following required information as indicated below' is present on page  using regular expression

2022-07-25 18:42:06 - [TEST_STEP][FAILED] - verifyTextPresent("Username may only be comprised of alphanumeric characters, the underscore "_" character, the at "@" symbol, and the period "."Username may only be comprised of alphanumeric characters, the underscore "_" character, the at "@" symbol, and the period "."", true): Text 'Username may only be comprised of alphanumeric characters, the underscore "_" character, the at "@" symbol, and the period "."Username may only be comprised of alphanumeric characters, the underscore "_" character, the at "@" symbol, and the period "."' is not present on page  using regular expression (Root cause: com.kms.katalon.core.exception.StepFailedException: Text 'Username may only be comprised of alphanumeric characters, the underscore "_" character, the at "@" symbol, and the period "."Username may only be comprised of alphanumeric characters, the underscore "_" character, the at "@" symbol, and the period "."' is not present on page  using regular expression
	at com.kms.katalon.core.webui.keyword.internal.WebUIKeywordMain.stepFailed(WebUIKeywordMain.groovy:64)
	at com.kms.katalon.core.webui.keyword.builtin.VerifyTextPresentKeyword$_verifyTextPresent_closure1.doCall(VerifyTextPresentKeyword.groovy:79)
	at com.kms.katalon.core.webui.keyword.builtin.VerifyTextPresentKeyword$_verifyTextPresent_closure1.call(VerifyTextPresentKeyword.groovy)
	at com.kms.katalon.core.webui.keyword.internal.WebUIKeywordMain.runKeyword(WebUIKeywordMain.groovy:20)
	at com.kms.katalon.core.webui.keyword.builtin.VerifyTextPresentKeyword.verifyTextPresent(VerifyTextPresentKeyword.groovy:83)
	at com.kms.katalon.core.webui.keyword.builtin.VerifyTextPresentKeyword.execute(VerifyTextPresentKeyword.groovy:68)
	at com.kms.katalon.core.keyword.internal.KeywordExecutor.executeKeywordForPlatform(KeywordExecutor.groovy:74)
	at com.kms.katalon.core.webui.keyword.WebUiBuiltInKeywords.verifyTextPresent(WebUiBuiltInKeywords.groovy:1723)
	at com.kms.katalon.core.webui.keyword.WebUiBuiltInKeywords$verifyTextPresent$5.call(Unknown Source)
	at AddUserSpCharFirstNameError.run(AddUserSpCharFirstNameError:87)
	at com.kms.katalon.core.main.ScriptEngine.run(ScriptEngine.java:194)
	at com.kms.katalon.core.main.ScriptEngine.runScriptAsRawText(ScriptEngine.java:119)
	at com.kms.katalon.core.main.TestCaseExecutor.runScript(TestCaseExecutor.java:442)
	at com.kms.katalon.core.main.TestCaseExecutor.doExecute(TestCaseExecutor.java:433)
	at com.kms.katalon.core.main.TestCaseExecutor.processExecutionPhase(TestCaseExecutor.java:412)
	at com.kms.katalon.core.main.TestCaseExecutor.accessMainPhase(TestCaseExecutor.java:404)
	at com.kms.katalon.core.main.TestCaseExecutor.execute(TestCaseExecutor.java:281)
	at com.kms.katalon.core.main.TestSuiteExecutor.accessTestCaseMainPhase(TestSuiteExecutor.java:202)
	at com.kms.katalon.core.main.TestSuiteExecutor.accessTestSuiteMainPhase(TestSuiteExecutor.java:164)
	at com.kms.katalon.core.main.TestSuiteExecutor.execute(TestSuiteExecutor.java:105)
	at com.kms.katalon.core.main.TestCaseMain.startTestSuite(TestCaseMain.java:185)
	at com.kms.katalon.core.main.TestCaseMain$startTestSuite$0.call(Unknown Source)
	at TempTestSuite1658787923991.run(TempTestSuite1658787923991.groovy:36)
)

2022-07-25 18:42:06 - [MESSAGE][FAILED] - Text 'Username may only be comprised of alphanumeric characters, the underscore "_" character, the at "@" symbol, and the period "."Username may only be comprised of alphanumeric characters, the underscore "_" character, the at "@" symbol, and the period "."' is not present on page  using regular expression (Root cause: com.kms.katalon.core.exception.StepFailedException: Text 'Username may only be comprised of alphanumeric characters, the underscore "_" character, the at "@" symbol, and the period "."Username may only be comprised of alphanumeric characters, the underscore "_" character, the at "@" symbol, and the period "."' is not present on page  using regular expression
	at com.kms.katalon.core.webui.keyword.internal.WebUIKeywordMain.stepFailed(WebUIKeywordMain.groovy:64)
	at com.kms.katalon.core.webui.keyword.builtin.VerifyTextPresentKeyword$_verifyTextPresent_closure1.doCall(VerifyTextPresentKeyword.groovy:79)
	at com.kms.katalon.core.webui.keyword.builtin.VerifyTextPresentKeyword$_verifyTextPresent_closure1.call(VerifyTextPresentKeyword.groovy)
	at com.kms.katalon.core.webui.keyword.internal.WebUIKeywordMain.runKeyword(WebUIKeywordMain.groovy:20)
	at com.kms.katalon.core.webui.keyword.builtin.VerifyTextPresentKeyword.verifyTextPresent(VerifyTextPresentKeyword.groovy:83)
	at com.kms.katalon.core.webui.keyword.builtin.VerifyTextPresentKeyword.execute(VerifyTextPresentKeyword.groovy:68)
	at com.kms.katalon.core.keyword.internal.KeywordExecutor.executeKeywordForPlatform(KeywordExecutor.groovy:74)
	at com.kms.katalon.core.webui.keyword.WebUiBuiltInKeywords.verifyTextPresent(WebUiBuiltInKeywords.groovy:1723)
	at com.kms.katalon.core.webui.keyword.WebUiBuiltInKeywords$verifyTextPresent$5.call(Unknown Source)
	at AddUserSpCharFirstNameError.run(AddUserSpCharFirstNameError:87)
	at com.kms.katalon.core.main.ScriptEngine.run(ScriptEngine.java:194)
	at com.kms.katalon.core.main.ScriptEngine.runScriptAsRawText(ScriptEngine.java:119)
	at com.kms.katalon.core.main.TestCaseExecutor.runScript(TestCaseExecutor.java:442)
	at com.kms.katalon.core.main.TestCaseExecutor.doExecute(TestCaseExecutor.java:433)
	at com.kms.katalon.core.main.TestCaseExecutor.processExecutionPhase(TestCaseExecutor.java:412)
	at com.kms.katalon.core.main.TestCaseExecutor.accessMainPhase(TestCaseExecutor.java:404)
	at com.kms.katalon.core.main.TestCaseExecutor.execute(TestCaseExecutor.java:281)
	at com.kms.katalon.core.main.TestSuiteExecutor.accessTestCaseMainPhase(TestSuiteExecutor.java:202)
	at com.kms.katalon.core.main.TestSuiteExecutor.accessTestSuiteMainPhase(TestSuiteExecutor.java:164)
	at com.kms.katalon.core.main.TestSuiteExecutor.execute(TestSuiteExecutor.java:105)
	at com.kms.katalon.core.main.TestCaseMain.startTestSuite(TestCaseMain.java:185)
	at com.kms.katalon.core.main.TestCaseMain$startTestSuite$0.call(Unknown Source)
	at TempTestSuite1658787923991.run(TempTestSuite1658787923991.groovy:36)
)

2022-07-25 18:42:06 - [TEST_STEP][PASSED] - closeBrowser(): Browser is closed

2022-07-25 18:42:07 - [MESSAGE][PASSED] - Browser is closed

2022-07-25 18:42:07 - [TEST_STEP][PASSED] - ExecuteTC = findTestData(dataFile).getValue("Execute", row): null

2022-07-25 18:42:07 - [TEST_STEP][PASSED] - out.println("Value of Execute is : " + ExecuteTC): null

2022-07-25 18:42:07 - [TEST_STEP][FAILED] - if (ExecuteTC.equalsIgnoreCase("Y")): null

2022-07-25 18:42:07 - [TEST_STEP][PASSED] - out.println("Begin Record Number: " + row): null

2022-07-25 18:42:07 - [TEST_STEP][PASSED] - adminSuiteBootstrap.loginFunctionality.login_AdminSuite(): adminSuiteBootstrap.loginFunctionality.login_AdminSuite is PASSED

2022-07-25 18:42:07 - [MESSAGE][INFO] - Starting 'Chrome' driver

2022-07-25 18:42:07 - [MESSAGE][INFO] - User set preference: ['acceptInsecureCerts', 'true']

2022-07-25 18:42:07 - [MESSAGE][INFO] - Action delay is set to 0 milliseconds

2022-07-25 18:42:11 - [MESSAGE][PASSED] - Browser is opened with url: 'https://qa.velocitypayment.com/admin/imtiaz'

2022-07-25 18:42:11 - [MESSAGE][PASSED] - Current window maximized

2022-07-25 18:42:11 - [MESSAGE][PASSED] - Object 'Object Repository/Login_Page/Login_Username' is present

2022-07-25 18:42:12 - [MESSAGE][PASSED] - Text 'iahmed' is set on object 'Object Repository/Login_Page/Login_Username'

2022-07-25 18:42:13 - [MESSAGE][PASSED] - Text 'hello2222' is set on object 'Object Repository/Login_Page/Login_Password'

2022-07-25 18:42:13 - [MESSAGE][PASSED] - Object: 'Object Repository/Login_Page/Login_Submit' is clicked on

2022-07-25 18:42:13 - [MESSAGE][PASSED] - adminSuiteBootstrap.loginFunctionality.login_AdminSuite is PASSED

2022-07-25 18:42:13 - [TEST_STEP][PASSED] - click(findTestObject(path_Dashboard + "a_Access User Management")): Object: 'Object Repository/AdminSuiteBootstrap_Pages/Dashboard_Bootstrap/a_Access User Management' is clicked on

2022-07-25 18:42:45 - [MESSAGE][INFO] - Unable to find the element located by 'By.xpath: //*[(text() = 'Access User Management' or . = 'Access User Management')]'. Please recheck the objects properties to make sure the desired element is located. 

2022-07-25 18:42:45 - [MESSAGE][WARNING] - [SELF-HEALING] Failed to find element with id 'Object Repository/AdminSuiteBootstrap_Pages/Dashboard_Bootstrap/a_Access User Management'. Try using Self-healing.

2022-07-25 18:42:45 - [MESSAGE][WARNING] - [SELF-HEALING] The current locator of test object 'Object Repository/AdminSuiteBootstrap_Pages/Dashboard_Bootstrap/a_Access User Management' was broken. Propose an alternative one: '//div/a'.

2022-07-25 18:42:46 - [MESSAGE][PASSED] - Object: 'Object Repository/AdminSuiteBootstrap_Pages/Dashboard_Bootstrap/a_Access User Management' is clicked on

2022-07-25 18:42:46 - [TEST_STEP][FAILED] - click(findTestObject(path_Users + "a_Add User")): Unable to click on object 'Object Repository/AdminSuiteBootstrap_Pages/UM_Bootstrap/Users/a_Add User' (Root cause: com.kms.katalon.core.exception.StepFailedException: Unable to click on object 'Object Repository/AdminSuiteBootstrap_Pages/UM_Bootstrap/Users/a_Add User'
	at com.kms.katalon.core.webui.keyword.internal.WebUIKeywordMain.stepFailed(WebUIKeywordMain.groovy:64)
	at com.kms.katalon.core.webui.keyword.internal.WebUIKeywordMain.runKeyword(WebUIKeywordMain.groovy:26)
	at com.kms.katalon.core.webui.keyword.builtin.ClickKeyword.click(ClickKeyword.groovy:74)
	at com.kms.katalon.core.webui.keyword.builtin.ClickKeyword.execute(ClickKeyword.groovy:40)
	at com.kms.katalon.core.keyword.internal.KeywordExecutor.executeKeywordForPlatform(KeywordExecutor.groovy:74)
	at com.kms.katalon.core.webui.keyword.WebUiBuiltInKeywords.click(WebUiBuiltInKeywords.groovy:620)
	at com.kms.katalon.core.webui.keyword.WebUiBuiltInKeywords$click$3.call(Unknown Source)
	at AddUserSpCharFirstNameError.run(AddUserSpCharFirstNameError:62)
	at com.kms.katalon.core.main.ScriptEngine.run(ScriptEngine.java:194)
	at com.kms.katalon.core.main.ScriptEngine.runScriptAsRawText(ScriptEngine.java:119)
	at com.kms.katalon.core.main.TestCaseExecutor.runScript(TestCaseExecutor.java:442)
	at com.kms.katalon.core.main.TestCaseExecutor.doExecute(TestCaseExecutor.java:433)
	at com.kms.katalon.core.main.TestCaseExecutor.processExecutionPhase(TestCaseExecutor.java:412)
	at com.kms.katalon.core.main.TestCaseExecutor.accessMainPhase(TestCaseExecutor.java:404)
	at com.kms.katalon.core.main.TestCaseExecutor.execute(TestCaseExecutor.java:281)
	at com.kms.katalon.core.main.TestSuiteExecutor.accessTestCaseMainPhase(TestSuiteExecutor.java:202)
	at com.kms.katalon.core.main.TestSuiteExecutor.accessTestSuiteMainPhase(TestSuiteExecutor.java:164)
	at com.kms.katalon.core.main.TestSuiteExecutor.execute(TestSuiteExecutor.java:105)
	at com.kms.katalon.core.main.TestCaseMain.startTestSuite(TestCaseMain.java:185)
	at com.kms.katalon.core.main.TestCaseMain$startTestSuite$0.call(Unknown Source)
	at TempTestSuite1658787923991.run(TempTestSuite1658787923991.groovy:36)
Caused by: com.kms.katalon.core.webui.exception.WebElementNotFoundException: Web element with id: 'Object Repository/AdminSuiteBootstrap_Pages/UM_Bootstrap/Users/a_Add User' located by '//*[@href = 'javascript:;' and (text() = 'Add User' or . = 'Add User')]' not found
	at com.kms.katalon.core.webui.common.WebUiCommonHelper.findWebElement(WebUiCommonHelper.java:1370)
	at com.kms.katalon.core.webui.keyword.internal.WebUIAbstractKeyword.findWebElement(WebUIAbstractKeyword.groovy:27)
	at com.kms.katalon.core.webui.keyword.builtin.ClickKeyword$_click_closure1.doCall(ClickKeyword.groovy:65)
	at com.kms.katalon.core.webui.keyword.builtin.ClickKeyword$_click_closure1.call(ClickKeyword.groovy)
	at com.kms.katalon.core.webui.keyword.internal.WebUIKeywordMain.runKeyword(WebUIKeywordMain.groovy:20)
	at com.kms.katalon.core.webui.keyword.builtin.ClickKeyword.click(ClickKeyword.groovy:74)
	at com.kms.katalon.core.webui.keyword.builtin.ClickKeyword.execute(ClickKeyword.groovy:40)
	at com.kms.katalon.core.keyword.internal.KeywordExecutor.executeKeywordForPlatform(KeywordExecutor.groovy:74)
	at com.kms.katalon.core.webui.keyword.WebUiBuiltInKeywords.click(WebUiBuiltInKeywords.groovy:620)
	at com.kms.katalon.core.webui.keyword.WebUiBuiltInKeywords$click$3.call(Unknown Source)
	at Script1658345837110.run(Script1658345837110.groovy:62)
	... 13 more
)

2022-07-25 18:43:17 - [MESSAGE][INFO] - Unable to find the element located by 'By.xpath: //*[@href = 'javascript:;' and (text() = 'Add User' or . = 'Add User')]'. Please recheck the objects properties to make sure the desired element is located. 

2022-07-25 18:43:17 - [MESSAGE][WARNING] - [SELF-HEALING] Failed to find element with id 'Object Repository/AdminSuiteBootstrap_Pages/UM_Bootstrap/Users/a_Add User'. Try using Self-healing.

2022-07-25 18:43:18 - [MESSAGE][INFO] - Unable to find the element located by 'By.xpath: //a[@onclick='showAddUser();']'. Please recheck the objects properties to make sure the desired element is located. 

2022-07-25 18:43:18 - [MESSAGE][INFO] - [SELF-HEALING] Failed Locator: '//a[@onclick='showAddUser();']'.

2022-07-25 18:43:18 - [MESSAGE][INFO] - [SELF-HEALING] Failed Locator: '//a[contains(text(),'Add User')]'.

2022-07-25 18:43:19 - [MESSAGE][INFO] - [SELF-HEALING] Failed Locator: '(.//*[normalize-space(text()) and normalize-space(.)='Find User'])[1]/following::a[1]'.

2022-07-25 18:43:19 - [MESSAGE][INFO] - [SELF-HEALING] Failed Locator: '(.//*[normalize-space(text()) and normalize-space(.)='User Report'])[1]/following::a[2]'.

2022-07-25 18:43:19 - [MESSAGE][INFO] - [SELF-HEALING] Failed Locator: '(.//*[normalize-space(text()) and normalize-space(.)='User Name'])[1]/preceding::a[1]'.

2022-07-25 18:43:19 - [MESSAGE][INFO] - [SELF-HEALING] Failed Locator: '(.//*[normalize-space(text()) and normalize-space(.)='User ID'])[1]/preceding::a[1]'.

2022-07-25 18:43:20 - [MESSAGE][INFO] - [SELF-HEALING] Failed Locator: '//*/text()[normalize-space(.)='Add User']/parent::*'.

2022-07-25 18:43:20 - [MESSAGE][INFO] - [SELF-HEALING] Failed Locator: '(//a[contains(@href, 'javascript:;')])[2]'.

2022-07-25 18:43:20 - [MESSAGE][INFO] - [SELF-HEALING] Failed Locator: '//li[4]/button/a'.

2022-07-25 18:43:21 - [MESSAGE][INFO] - Unable to find the element located by 'By.cssSelector: '. Please recheck the objects properties to make sure the desired element is located. 

2022-07-25 18:43:22 - [MESSAGE][FAILED] - Unable to click on object 'Object Repository/AdminSuiteBootstrap_Pages/UM_Bootstrap/Users/a_Add User' (Root cause: com.kms.katalon.core.exception.StepFailedException: Unable to click on object 'Object Repository/AdminSuiteBootstrap_Pages/UM_Bootstrap/Users/a_Add User'
	at com.kms.katalon.core.webui.keyword.internal.WebUIKeywordMain.stepFailed(WebUIKeywordMain.groovy:64)
	at com.kms.katalon.core.webui.keyword.internal.WebUIKeywordMain.runKeyword(WebUIKeywordMain.groovy:26)
	at com.kms.katalon.core.webui.keyword.builtin.ClickKeyword.click(ClickKeyword.groovy:74)
	at com.kms.katalon.core.webui.keyword.builtin.ClickKeyword.execute(ClickKeyword.groovy:40)
	at com.kms.katalon.core.keyword.internal.KeywordExecutor.executeKeywordForPlatform(KeywordExecutor.groovy:74)
	at com.kms.katalon.core.webui.keyword.WebUiBuiltInKeywords.click(WebUiBuiltInKeywords.groovy:620)
	at com.kms.katalon.core.webui.keyword.WebUiBuiltInKeywords$click$3.call(Unknown Source)
	at AddUserSpCharFirstNameError.run(AddUserSpCharFirstNameError:62)
	at com.kms.katalon.core.main.ScriptEngine.run(ScriptEngine.java:194)
	at com.kms.katalon.core.main.ScriptEngine.runScriptAsRawText(ScriptEngine.java:119)
	at com.kms.katalon.core.main.TestCaseExecutor.runScript(TestCaseExecutor.java:442)
	at com.kms.katalon.core.main.TestCaseExecutor.doExecute(TestCaseExecutor.java:433)
	at com.kms.katalon.core.main.TestCaseExecutor.processExecutionPhase(TestCaseExecutor.java:412)
	at com.kms.katalon.core.main.TestCaseExecutor.accessMainPhase(TestCaseExecutor.java:404)
	at com.kms.katalon.core.main.TestCaseExecutor.execute(TestCaseExecutor.java:281)
	at com.kms.katalon.core.main.TestSuiteExecutor.accessTestCaseMainPhase(TestSuiteExecutor.java:202)
	at com.kms.katalon.core.main.TestSuiteExecutor.accessTestSuiteMainPhase(TestSuiteExecutor.java:164)
	at com.kms.katalon.core.main.TestSuiteExecutor.execute(TestSuiteExecutor.java:105)
	at com.kms.katalon.core.main.TestCaseMain.startTestSuite(TestCaseMain.java:185)
	at com.kms.katalon.core.main.TestCaseMain$startTestSuite$0.call(Unknown Source)
	at TempTestSuite1658787923991.run(TempTestSuite1658787923991.groovy:36)
Caused by: com.kms.katalon.core.webui.exception.WebElementNotFoundException: Web element with id: 'Object Repository/AdminSuiteBootstrap_Pages/UM_Bootstrap/Users/a_Add User' located by '//*[@href = 'javascript:;' and (text() = 'Add User' or . = 'Add User')]' not found
	at com.kms.katalon.core.webui.common.WebUiCommonHelper.findWebElement(WebUiCommonHelper.java:1370)
	at com.kms.katalon.core.webui.keyword.internal.WebUIAbstractKeyword.findWebElement(WebUIAbstractKeyword.groovy:27)
	at com.kms.katalon.core.webui.keyword.builtin.ClickKeyword$_click_closure1.doCall(ClickKeyword.groovy:65)
	at com.kms.katalon.core.webui.keyword.builtin.ClickKeyword$_click_closure1.call(ClickKeyword.groovy)
	at com.kms.katalon.core.webui.keyword.internal.WebUIKeywordMain.runKeyword(WebUIKeywordMain.groovy:20)
	at com.kms.katalon.core.webui.keyword.builtin.ClickKeyword.click(ClickKeyword.groovy:74)
	at com.kms.katalon.core.webui.keyword.builtin.ClickKeyword.execute(ClickKeyword.groovy:40)
	at com.kms.katalon.core.keyword.internal.KeywordExecutor.executeKeywordForPlatform(KeywordExecutor.groovy:74)
	at com.kms.katalon.core.webui.keyword.WebUiBuiltInKeywords.click(WebUiBuiltInKeywords.groovy:620)
	at com.kms.katalon.core.webui.keyword.WebUiBuiltInKeywords$click$3.call(Unknown Source)
	at Script1658345837110.run(Script1658345837110.groovy:62)
	... 13 more
)
[[ATTACHMENT|E:\\Cloned-Project-Katalon\\VPS-Katalon\\Reports\\20220725_182523\\QA\\UM-Bootstrap\\UM-TestSuite-QA\\20220725_182523\\1658789001816.png]]

2022-07-25 18:43:22 - [TEST_STEP][PASSED] - buildUsername = pages.GenerateRandom.getRandomAlpha(): pages.GenerateRandom.getRandomAlpha is PASSED

2022-07-25 18:43:22 - [MESSAGE][PASSED] - pages.GenerateRandom.getRandomAlpha is PASSED

2022-07-25 18:43:22 - [TEST_STEP][PASSED] - prefixUsername = findTestData(dataFile).getValue("Firstname", row): null

2022-07-25 18:43:22 - [TEST_STEP][PASSED] - spUsername = prefixUsername + buildUsername: null

2022-07-25 18:43:22 - [TEST_STEP][FAILED] - setText(findTestObject(path_AddUser + "input_EmailAddress"), "iahmed@govolution.com"): Unable to set text 'iahmed@govolution.com' of object 'Object Repository/AdminSuiteBootstrap_Pages/UM_Bootstrap/AddUser/input_EmailAddress' (Root cause: com.kms.katalon.core.exception.StepFailedException: Unable to set text 'iahmed@govolution.com' of object 'Object Repository/AdminSuiteBootstrap_Pages/UM_Bootstrap/AddUser/input_EmailAddress'
	at com.kms.katalon.core.webui.keyword.internal.WebUIKeywordMain.stepFailed(WebUIKeywordMain.groovy:64)
	at com.kms.katalon.core.webui.keyword.internal.WebUIKeywordMain.runKeyword(WebUIKeywordMain.groovy:26)
	at com.kms.katalon.core.webui.keyword.builtin.SetTextKeyword.setText(SetTextKeyword.groovy:66)
	at com.kms.katalon.core.webui.keyword.builtin.SetTextKeyword.execute(SetTextKeyword.groovy:37)
	at com.kms.katalon.core.keyword.internal.KeywordExecutor.executeKeywordForPlatform(KeywordExecutor.groovy:74)
	at com.kms.katalon.core.webui.keyword.WebUiBuiltInKeywords.setText(WebUiBuiltInKeywords.groovy:980)
	at com.kms.katalon.core.webui.keyword.WebUiBuiltInKeywords$setText$2.call(Unknown Source)
	at AddUserSpCharFirstNameError.run(AddUserSpCharFirstNameError:74)
	at com.kms.katalon.core.main.ScriptEngine.run(ScriptEngine.java:194)
	at com.kms.katalon.core.main.ScriptEngine.runScriptAsRawText(ScriptEngine.java:119)
	at com.kms.katalon.core.main.TestCaseExecutor.runScript(TestCaseExecutor.java:442)
	at com.kms.katalon.core.main.TestCaseExecutor.doExecute(TestCaseExecutor.java:433)
	at com.kms.katalon.core.main.TestCaseExecutor.processExecutionPhase(TestCaseExecutor.java:412)
	at com.kms.katalon.core.main.TestCaseExecutor.accessMainPhase(TestCaseExecutor.java:404)
	at com.kms.katalon.core.main.TestCaseExecutor.execute(TestCaseExecutor.java:281)
	at com.kms.katalon.core.main.TestSuiteExecutor.accessTestCaseMainPhase(TestSuiteExecutor.java:202)
	at com.kms.katalon.core.main.TestSuiteExecutor.accessTestSuiteMainPhase(TestSuiteExecutor.java:164)
	at com.kms.katalon.core.main.TestSuiteExecutor.execute(TestSuiteExecutor.java:105)
	at com.kms.katalon.core.main.TestCaseMain.startTestSuite(TestCaseMain.java:185)
	at com.kms.katalon.core.main.TestCaseMain$startTestSuite$0.call(Unknown Source)
	at TempTestSuite1658787923991.run(TempTestSuite1658787923991.groovy:36)
Caused by: com.kms.katalon.core.webui.exception.WebElementNotFoundException: Web element with id: 'Object Repository/AdminSuiteBootstrap_Pages/UM_Bootstrap/AddUser/input_EmailAddress' located by '//*[@type = 'text' and @placeholder = 'Email Address' and @name = 'emailAddress' and @id = 'input-email-address-add']' not found
	at com.kms.katalon.core.webui.common.WebUiCommonHelper.findWebElement(WebUiCommonHelper.java:1370)
	at com.kms.katalon.core.webui.keyword.internal.WebUIAbstractKeyword.findWebElement(WebUIAbstractKeyword.groovy:27)
	at com.kms.katalon.core.webui.keyword.internal.WebUIAbstractKeyword.findWebElement(WebUIAbstractKeyword.groovy:26)
	at com.kms.katalon.core.webui.keyword.builtin.SetTextKeyword$_setText_closure1.doCall(SetTextKeyword.groovy:51)
	at com.kms.katalon.core.webui.keyword.builtin.SetTextKeyword$_setText_closure1.call(SetTextKeyword.groovy)
	at com.kms.katalon.core.webui.keyword.internal.WebUIKeywordMain.runKeyword(WebUIKeywordMain.groovy:20)
	at com.kms.katalon.core.webui.keyword.builtin.SetTextKeyword.setText(SetTextKeyword.groovy:66)
	at com.kms.katalon.core.webui.keyword.builtin.SetTextKeyword.execute(SetTextKeyword.groovy:37)
	at com.kms.katalon.core.keyword.internal.KeywordExecutor.executeKeywordForPlatform(KeywordExecutor.groovy:74)
	at com.kms.katalon.core.webui.keyword.WebUiBuiltInKeywords.setText(WebUiBuiltInKeywords.groovy:980)
	at com.kms.katalon.core.webui.keyword.WebUiBuiltInKeywords$setText$2.call(Unknown Source)
	at Script1658345837110.run(Script1658345837110.groovy:74)
	... 13 more
)

2022-07-25 18:43:53 - [MESSAGE][INFO] - Unable to find the element located by 'By.xpath: //*[@type = 'text' and @placeholder = 'Email Address' and @name = 'emailAddress' and @id = 'input-email-address-add']'. Please recheck the objects properties to make sure the desired element is located. 

2022-07-25 18:43:53 - [MESSAGE][WARNING] - [SELF-HEALING] Failed to find element with id 'Object Repository/AdminSuiteBootstrap_Pages/UM_Bootstrap/AddUser/input_EmailAddress'. Try using Self-healing.

2022-07-25 18:43:54 - [MESSAGE][INFO] - Unable to find the element located by 'By.xpath: //input[@id='input-email-address-add']'. Please recheck the objects properties to make sure the desired element is located. 

2022-07-25 18:43:54 - [MESSAGE][INFO] - [SELF-HEALING] Failed Locator: '//input[@id='input-email-address-add']'.

2022-07-25 18:43:54 - [MESSAGE][INFO] - [SELF-HEALING] Failed Locator: '//div[@id='addUser']/div/div/div/form/div[4]/input'.

2022-07-25 18:43:55 - [MESSAGE][INFO] - [SELF-HEALING] Failed Locator: '//div[4]/input'.

2022-07-25 18:43:55 - [MESSAGE][INFO] - [SELF-HEALING] Failed Locator: '//input[@type = 'text' and @placeholder = 'Email Address' and @name = 'emailAddress' and @id = 'input-email-address-add']'.

2022-07-25 18:43:56 - [MESSAGE][INFO] - Unable to find the element located by 'By.cssSelector: #input-email-address-add'. Please recheck the objects properties to make sure the desired element is located. 

2022-07-25 18:43:56 - [MESSAGE][FAILED] - Unable to set text 'iahmed@govolution.com' of object 'Object Repository/AdminSuiteBootstrap_Pages/UM_Bootstrap/AddUser/input_EmailAddress' (Root cause: com.kms.katalon.core.exception.StepFailedException: Unable to set text 'iahmed@govolution.com' of object 'Object Repository/AdminSuiteBootstrap_Pages/UM_Bootstrap/AddUser/input_EmailAddress'
	at com.kms.katalon.core.webui.keyword.internal.WebUIKeywordMain.stepFailed(WebUIKeywordMain.groovy:64)
	at com.kms.katalon.core.webui.keyword.internal.WebUIKeywordMain.runKeyword(WebUIKeywordMain.groovy:26)
	at com.kms.katalon.core.webui.keyword.builtin.SetTextKeyword.setText(SetTextKeyword.groovy:66)
	at com.kms.katalon.core.webui.keyword.builtin.SetTextKeyword.execute(SetTextKeyword.groovy:37)
	at com.kms.katalon.core.keyword.internal.KeywordExecutor.executeKeywordForPlatform(KeywordExecutor.groovy:74)
	at com.kms.katalon.core.webui.keyword.WebUiBuiltInKeywords.setText(WebUiBuiltInKeywords.groovy:980)
	at com.kms.katalon.core.webui.keyword.WebUiBuiltInKeywords$setText$2.call(Unknown Source)
	at AddUserSpCharFirstNameError.run(AddUserSpCharFirstNameError:74)
	at com.kms.katalon.core.main.ScriptEngine.run(ScriptEngine.java:194)
	at com.kms.katalon.core.main.ScriptEngine.runScriptAsRawText(ScriptEngine.java:119)
	at com.kms.katalon.core.main.TestCaseExecutor.runScript(TestCaseExecutor.java:442)
	at com.kms.katalon.core.main.TestCaseExecutor.doExecute(TestCaseExecutor.java:433)
	at com.kms.katalon.core.main.TestCaseExecutor.processExecutionPhase(TestCaseExecutor.java:412)
	at com.kms.katalon.core.main.TestCaseExecutor.accessMainPhase(TestCaseExecutor.java:404)
	at com.kms.katalon.core.main.TestCaseExecutor.execute(TestCaseExecutor.java:281)
	at com.kms.katalon.core.main.TestSuiteExecutor.accessTestCaseMainPhase(TestSuiteExecutor.java:202)
	at com.kms.katalon.core.main.TestSuiteExecutor.accessTestSuiteMainPhase(TestSuiteExecutor.java:164)
	at com.kms.katalon.core.main.TestSuiteExecutor.execute(TestSuiteExecutor.java:105)
	at com.kms.katalon.core.main.TestCaseMain.startTestSuite(TestCaseMain.java:185)
	at com.kms.katalon.core.main.TestCaseMain$startTestSuite$0.call(Unknown Source)
	at TempTestSuite1658787923991.run(TempTestSuite1658787923991.groovy:36)
Caused by: com.kms.katalon.core.webui.exception.WebElementNotFoundException: Web element with id: 'Object Repository/AdminSuiteBootstrap_Pages/UM_Bootstrap/AddUser/input_EmailAddress' located by '//*[@type = 'text' and @placeholder = 'Email Address' and @name = 'emailAddress' and @id = 'input-email-address-add']' not found
	at com.kms.katalon.core.webui.common.WebUiCommonHelper.findWebElement(WebUiCommonHelper.java:1370)
	at com.kms.katalon.core.webui.keyword.internal.WebUIAbstractKeyword.findWebElement(WebUIAbstractKeyword.groovy:27)
	at com.kms.katalon.core.webui.keyword.internal.WebUIAbstractKeyword.findWebElement(WebUIAbstractKeyword.groovy:26)
	at com.kms.katalon.core.webui.keyword.builtin.SetTextKeyword$_setText_closure1.doCall(SetTextKeyword.groovy:51)
	at com.kms.katalon.core.webui.keyword.builtin.SetTextKeyword$_setText_closure1.call(SetTextKeyword.groovy)
	at com.kms.katalon.core.webui.keyword.internal.WebUIKeywordMain.runKeyword(WebUIKeywordMain.groovy:20)
	at com.kms.katalon.core.webui.keyword.builtin.SetTextKeyword.setText(SetTextKeyword.groovy:66)
	at com.kms.katalon.core.webui.keyword.builtin.SetTextKeyword.execute(SetTextKeyword.groovy:37)
	at com.kms.katalon.core.keyword.internal.KeywordExecutor.executeKeywordForPlatform(KeywordExecutor.groovy:74)
	at com.kms.katalon.core.webui.keyword.WebUiBuiltInKeywords.setText(WebUiBuiltInKeywords.groovy:980)
	at com.kms.katalon.core.webui.keyword.WebUiBuiltInKeywords$setText$2.call(Unknown Source)
	at Script1658345837110.run(Script1658345837110.groovy:74)
	... 13 more
)
[[ATTACHMENT|E:\\Cloned-Project-Katalon\\VPS-Katalon\\Reports\\20220725_182523\\QA\\UM-Bootstrap\\UM-TestSuite-QA\\20220725_182523\\1658789036347.png]]

2022-07-25 18:43:56 - [TEST_STEP][FAILED] - setText(findTestObject(path_AddUser + "input_Username"), buildUsername): Unable to set text 'JdYvdWeyM' of object 'Object Repository/AdminSuiteBootstrap_Pages/UM_Bootstrap/AddUser/input_Username' (Root cause: com.kms.katalon.core.exception.StepFailedException: Unable to set text 'JdYvdWeyM' of object 'Object Repository/AdminSuiteBootstrap_Pages/UM_Bootstrap/AddUser/input_Username'
	at com.kms.katalon.core.webui.keyword.internal.WebUIKeywordMain.stepFailed(WebUIKeywordMain.groovy:64)
	at com.kms.katalon.core.webui.keyword.internal.WebUIKeywordMain.runKeyword(WebUIKeywordMain.groovy:26)
	at com.kms.katalon.core.webui.keyword.builtin.SetTextKeyword.setText(SetTextKeyword.groovy:66)
	at com.kms.katalon.core.webui.keyword.builtin.SetTextKeyword.execute(SetTextKeyword.groovy:37)
	at com.kms.katalon.core.keyword.internal.KeywordExecutor.executeKeywordForPlatform(KeywordExecutor.groovy:74)
	at com.kms.katalon.core.webui.keyword.WebUiBuiltInKeywords.setText(WebUiBuiltInKeywords.groovy:980)
	at com.kms.katalon.core.webui.keyword.WebUiBuiltInKeywords$setText$2.call(Unknown Source)
	at AddUserSpCharFirstNameError.run(AddUserSpCharFirstNameError:75)
	at com.kms.katalon.core.main.ScriptEngine.run(ScriptEngine.java:194)
	at com.kms.katalon.core.main.ScriptEngine.runScriptAsRawText(ScriptEngine.java:119)
	at com.kms.katalon.core.main.TestCaseExecutor.runScript(TestCaseExecutor.java:442)
	at com.kms.katalon.core.main.TestCaseExecutor.doExecute(TestCaseExecutor.java:433)
	at com.kms.katalon.core.main.TestCaseExecutor.processExecutionPhase(TestCaseExecutor.java:412)
	at com.kms.katalon.core.main.TestCaseExecutor.accessMainPhase(TestCaseExecutor.java:404)
	at com.kms.katalon.core.main.TestCaseExecutor.execute(TestCaseExecutor.java:281)
	at com.kms.katalon.core.main.TestSuiteExecutor.accessTestCaseMainPhase(TestSuiteExecutor.java:202)
	at com.kms.katalon.core.main.TestSuiteExecutor.accessTestSuiteMainPhase(TestSuiteExecutor.java:164)
	at com.kms.katalon.core.main.TestSuiteExecutor.execute(TestSuiteExecutor.java:105)
	at com.kms.katalon.core.main.TestCaseMain.startTestSuite(TestCaseMain.java:185)
	at com.kms.katalon.core.main.TestCaseMain$startTestSuite$0.call(Unknown Source)
	at TempTestSuite1658787923991.run(TempTestSuite1658787923991.groovy:36)
Caused by: com.kms.katalon.core.webui.exception.WebElementNotFoundException: Web element with id: 'Object Repository/AdminSuiteBootstrap_Pages/UM_Bootstrap/AddUser/input_Username' located by '//*[@type = 'text' and @placeholder = 'User name' and @name = 'username' and @id = 'input-username-add']' not found
	at com.kms.katalon.core.webui.common.WebUiCommonHelper.findWebElement(WebUiCommonHelper.java:1370)
	at com.kms.katalon.core.webui.keyword.internal.WebUIAbstractKeyword.findWebElement(WebUIAbstractKeyword.groovy:27)
	at com.kms.katalon.core.webui.keyword.internal.WebUIAbstractKeyword.findWebElement(WebUIAbstractKeyword.groovy:26)
	at com.kms.katalon.core.webui.keyword.builtin.SetTextKeyword$_setText_closure1.doCall(SetTextKeyword.groovy:51)
	at com.kms.katalon.core.webui.keyword.builtin.SetTextKeyword$_setText_closure1.call(SetTextKeyword.groovy)
	at com.kms.katalon.core.webui.keyword.internal.WebUIKeywordMain.runKeyword(WebUIKeywordMain.groovy:20)
	at com.kms.katalon.core.webui.keyword.builtin.SetTextKeyword.setText(SetTextKeyword.groovy:66)
	at com.kms.katalon.core.webui.keyword.builtin.SetTextKeyword.execute(SetTextKeyword.groovy:37)
	at com.kms.katalon.core.keyword.internal.KeywordExecutor.executeKeywordForPlatform(KeywordExecutor.groovy:74)
	at com.kms.katalon.core.webui.keyword.WebUiBuiltInKeywords.setText(WebUiBuiltInKeywords.groovy:980)
	at com.kms.katalon.core.webui.keyword.WebUiBuiltInKeywords$setText$2.call(Unknown Source)
	at Script1658345837110.run(Script1658345837110.groovy:75)
	... 13 more
)

2022-07-25 18:44:27 - [MESSAGE][INFO] - Unable to find the element located by 'By.xpath: //*[@type = 'text' and @placeholder = 'User name' and @name = 'username' and @id = 'input-username-add']'. Please recheck the objects properties to make sure the desired element is located. 

2022-07-25 18:44:27 - [MESSAGE][WARNING] - [SELF-HEALING] Failed to find element with id 'Object Repository/AdminSuiteBootstrap_Pages/UM_Bootstrap/AddUser/input_Username'. Try using Self-healing.

2022-07-25 18:44:28 - [MESSAGE][INFO] - Unable to find the element located by 'By.xpath: //input[@id='input-username-add']'. Please recheck the objects properties to make sure the desired element is located. 

2022-07-25 18:44:29 - [MESSAGE][INFO] - [SELF-HEALING] Failed Locator: '//input[@id='input-username-add']'.

2022-07-25 18:44:29 - [MESSAGE][INFO] - [SELF-HEALING] Failed Locator: '//div[@id='addUser']/div/div/div/form/div/input'.

2022-07-25 18:44:29 - [MESSAGE][INFO] - [SELF-HEALING] Failed Locator: '//div[3]/div/div/div/form/div/input'.

2022-07-25 18:44:29 - [MESSAGE][INFO] - [SELF-HEALING] Failed Locator: '//input[@type = 'text' and @placeholder = 'User name' and @name = 'username' and @id = 'input-username-add']'.

2022-07-25 18:44:30 - [MESSAGE][INFO] - Unable to find the element located by 'By.cssSelector: #input-username-add'. Please recheck the objects properties to make sure the desired element is located. 

2022-07-25 18:44:31 - [MESSAGE][FAILED] - Unable to set text 'JdYvdWeyM' of object 'Object Repository/AdminSuiteBootstrap_Pages/UM_Bootstrap/AddUser/input_Username' (Root cause: com.kms.katalon.core.exception.StepFailedException: Unable to set text 'JdYvdWeyM' of object 'Object Repository/AdminSuiteBootstrap_Pages/UM_Bootstrap/AddUser/input_Username'
	at com.kms.katalon.core.webui.keyword.internal.WebUIKeywordMain.stepFailed(WebUIKeywordMain.groovy:64)
	at com.kms.katalon.core.webui.keyword.internal.WebUIKeywordMain.runKeyword(WebUIKeywordMain.groovy:26)
	at com.kms.katalon.core.webui.keyword.builtin.SetTextKeyword.setText(SetTextKeyword.groovy:66)
	at com.kms.katalon.core.webui.keyword.builtin.SetTextKeyword.execute(SetTextKeyword.groovy:37)
	at com.kms.katalon.core.keyword.internal.KeywordExecutor.executeKeywordForPlatform(KeywordExecutor.groovy:74)
	at com.kms.katalon.core.webui.keyword.WebUiBuiltInKeywords.setText(WebUiBuiltInKeywords.groovy:980)
	at com.kms.katalon.core.webui.keyword.WebUiBuiltInKeywords$setText$2.call(Unknown Source)
	at AddUserSpCharFirstNameError.run(AddUserSpCharFirstNameError:75)
	at com.kms.katalon.core.main.ScriptEngine.run(ScriptEngine.java:194)
	at com.kms.katalon.core.main.ScriptEngine.runScriptAsRawText(ScriptEngine.java:119)
	at com.kms.katalon.core.main.TestCaseExecutor.runScript(TestCaseExecutor.java:442)
	at com.kms.katalon.core.main.TestCaseExecutor.doExecute(TestCaseExecutor.java:433)
	at com.kms.katalon.core.main.TestCaseExecutor.processExecutionPhase(TestCaseExecutor.java:412)
	at com.kms.katalon.core.main.TestCaseExecutor.accessMainPhase(TestCaseExecutor.java:404)
	at com.kms.katalon.core.main.TestCaseExecutor.execute(TestCaseExecutor.java:281)
	at com.kms.katalon.core.main.TestSuiteExecutor.accessTestCaseMainPhase(TestSuiteExecutor.java:202)
	at com.kms.katalon.core.main.TestSuiteExecutor.accessTestSuiteMainPhase(TestSuiteExecutor.java:164)
	at com.kms.katalon.core.main.TestSuiteExecutor.execute(TestSuiteExecutor.java:105)
	at com.kms.katalon.core.main.TestCaseMain.startTestSuite(TestCaseMain.java:185)
	at com.kms.katalon.core.main.TestCaseMain$startTestSuite$0.call(Unknown Source)
	at TempTestSuite1658787923991.run(TempTestSuite1658787923991.groovy:36)
Caused by: com.kms.katalon.core.webui.exception.WebElementNotFoundException: Web element with id: 'Object Repository/AdminSuiteBootstrap_Pages/UM_Bootstrap/AddUser/input_Username' located by '//*[@type = 'text' and @placeholder = 'User name' and @name = 'username' and @id = 'input-username-add']' not found
	at com.kms.katalon.core.webui.common.WebUiCommonHelper.findWebElement(WebUiCommonHelper.java:1370)
	at com.kms.katalon.core.webui.keyword.internal.WebUIAbstractKeyword.findWebElement(WebUIAbstractKeyword.groovy:27)
	at com.kms.katalon.core.webui.keyword.internal.WebUIAbstractKeyword.findWebElement(WebUIAbstractKeyword.groovy:26)
	at com.kms.katalon.core.webui.keyword.builtin.SetTextKeyword$_setText_closure1.doCall(SetTextKeyword.groovy:51)
	at com.kms.katalon.core.webui.keyword.builtin.SetTextKeyword$_setText_closure1.call(SetTextKeyword.groovy)
	at com.kms.katalon.core.webui.keyword.internal.WebUIKeywordMain.runKeyword(WebUIKeywordMain.groovy:20)
	at com.kms.katalon.core.webui.keyword.builtin.SetTextKeyword.setText(SetTextKeyword.groovy:66)
	at com.kms.katalon.core.webui.keyword.builtin.SetTextKeyword.execute(SetTextKeyword.groovy:37)
	at com.kms.katalon.core.keyword.internal.KeywordExecutor.executeKeywordForPlatform(KeywordExecutor.groovy:74)
	at com.kms.katalon.core.webui.keyword.WebUiBuiltInKeywords.setText(WebUiBuiltInKeywords.groovy:980)
	at com.kms.katalon.core.webui.keyword.WebUiBuiltInKeywords$setText$2.call(Unknown Source)
	at Script1658345837110.run(Script1658345837110.groovy:75)
	... 13 more
)
[[ATTACHMENT|E:\\Cloned-Project-Katalon\\VPS-Katalon\\Reports\\20220725_182523\\QA\\UM-Bootstrap\\UM-TestSuite-QA\\20220725_182523\\1658789070890.png]]

2022-07-25 18:44:31 - [TEST_STEP][FAILED] - setText(findTestObject(path_AddUser + "input_FirstName"), spUsername): Unable to set text '+JdYvdWeyM' of object 'Object Repository/AdminSuiteBootstrap_Pages/UM_Bootstrap/AddUser/input_FirstName' (Root cause: com.kms.katalon.core.exception.StepFailedException: Unable to set text '+JdYvdWeyM' of object 'Object Repository/AdminSuiteBootstrap_Pages/UM_Bootstrap/AddUser/input_FirstName'
	at com.kms.katalon.core.webui.keyword.internal.WebUIKeywordMain.stepFailed(WebUIKeywordMain.groovy:64)
	at com.kms.katalon.core.webui.keyword.internal.WebUIKeywordMain.runKeyword(WebUIKeywordMain.groovy:26)
	at com.kms.katalon.core.webui.keyword.builtin.SetTextKeyword.setText(SetTextKeyword.groovy:66)
	at com.kms.katalon.core.webui.keyword.builtin.SetTextKeyword.execute(SetTextKeyword.groovy:37)
	at com.kms.katalon.core.keyword.internal.KeywordExecutor.executeKeywordForPlatform(KeywordExecutor.groovy:74)
	at com.kms.katalon.core.webui.keyword.WebUiBuiltInKeywords.setText(WebUiBuiltInKeywords.groovy:980)
	at com.kms.katalon.core.webui.keyword.WebUiBuiltInKeywords$setText$2.call(Unknown Source)
	at AddUserSpCharFirstNameError.run(AddUserSpCharFirstNameError:76)
	at com.kms.katalon.core.main.ScriptEngine.run(ScriptEngine.java:194)
	at com.kms.katalon.core.main.ScriptEngine.runScriptAsRawText(ScriptEngine.java:119)
	at com.kms.katalon.core.main.TestCaseExecutor.runScript(TestCaseExecutor.java:442)
	at com.kms.katalon.core.main.TestCaseExecutor.doExecute(TestCaseExecutor.java:433)
	at com.kms.katalon.core.main.TestCaseExecutor.processExecutionPhase(TestCaseExecutor.java:412)
	at com.kms.katalon.core.main.TestCaseExecutor.accessMainPhase(TestCaseExecutor.java:404)
	at com.kms.katalon.core.main.TestCaseExecutor.execute(TestCaseExecutor.java:281)
	at com.kms.katalon.core.main.TestSuiteExecutor.accessTestCaseMainPhase(TestSuiteExecutor.java:202)
	at com.kms.katalon.core.main.TestSuiteExecutor.accessTestSuiteMainPhase(TestSuiteExecutor.java:164)
	at com.kms.katalon.core.main.TestSuiteExecutor.execute(TestSuiteExecutor.java:105)
	at com.kms.katalon.core.main.TestCaseMain.startTestSuite(TestCaseMain.java:185)
	at com.kms.katalon.core.main.TestCaseMain$startTestSuite$0.call(Unknown Source)
	at TempTestSuite1658787923991.run(TempTestSuite1658787923991.groovy:36)
Caused by: com.kms.katalon.core.webui.exception.WebElementNotFoundException: Web element with id: 'Object Repository/AdminSuiteBootstrap_Pages/UM_Bootstrap/AddUser/input_FirstName' located by '//*[@type = 'text' and @placeholder = 'First name' and @name = 'firstName' and @id = 'input-firstname-add']' not found
	at com.kms.katalon.core.webui.common.WebUiCommonHelper.findWebElement(WebUiCommonHelper.java:1370)
	at com.kms.katalon.core.webui.keyword.internal.WebUIAbstractKeyword.findWebElement(WebUIAbstractKeyword.groovy:27)
	at com.kms.katalon.core.webui.keyword.internal.WebUIAbstractKeyword.findWebElement(WebUIAbstractKeyword.groovy:26)
	at com.kms.katalon.core.webui.keyword.builtin.SetTextKeyword$_setText_closure1.doCall(SetTextKeyword.groovy:51)
	at com.kms.katalon.core.webui.keyword.builtin.SetTextKeyword$_setText_closure1.call(SetTextKeyword.groovy)
	at com.kms.katalon.core.webui.keyword.internal.WebUIKeywordMain.runKeyword(WebUIKeywordMain.groovy:20)
	at com.kms.katalon.core.webui.keyword.builtin.SetTextKeyword.setText(SetTextKeyword.groovy:66)
	at com.kms.katalon.core.webui.keyword.builtin.SetTextKeyword.execute(SetTextKeyword.groovy:37)
	at com.kms.katalon.core.keyword.internal.KeywordExecutor.executeKeywordForPlatform(KeywordExecutor.groovy:74)
	at com.kms.katalon.core.webui.keyword.WebUiBuiltInKeywords.setText(WebUiBuiltInKeywords.groovy:980)
	at com.kms.katalon.core.webui.keyword.WebUiBuiltInKeywords$setText$2.call(Unknown Source)
	at Script1658345837110.run(Script1658345837110.groovy:76)
	... 13 more
)

2022-07-25 18:45:02 - [MESSAGE][INFO] - Unable to find the element located by 'By.xpath: //*[@type = 'text' and @placeholder = 'First name' and @name = 'firstName' and @id = 'input-firstname-add']'. Please recheck the objects properties to make sure the desired element is located. 

2022-07-25 18:45:02 - [MESSAGE][WARNING] - [SELF-HEALING] Failed to find element with id 'Object Repository/AdminSuiteBootstrap_Pages/UM_Bootstrap/AddUser/input_FirstName'. Try using Self-healing.

2022-07-25 18:45:03 - [MESSAGE][INFO] - Unable to find the element located by 'By.xpath: //input[@id='input-firstname-add']'. Please recheck the objects properties to make sure the desired element is located. 

2022-07-25 18:45:03 - [MESSAGE][INFO] - [SELF-HEALING] Failed Locator: '//input[@id='input-firstname-add']'.

2022-07-25 18:45:03 - [MESSAGE][INFO] - [SELF-HEALING] Failed Locator: '//div[@id='addUser']/div/div/div/form/div[2]/input'.

2022-07-25 18:45:04 - [MESSAGE][INFO] - [SELF-HEALING] Failed Locator: '//div[3]/div/div/div/form/div[2]/input'.

2022-07-25 18:45:04 - [MESSAGE][INFO] - [SELF-HEALING] Failed Locator: '//input[@type = 'text' and @placeholder = 'First name' and @name = 'firstName' and @id = 'input-firstname-add']'.

2022-07-25 18:45:05 - [MESSAGE][INFO] - Unable to find the element located by 'By.cssSelector: #input-firstname-add'. Please recheck the objects properties to make sure the desired element is located. 

2022-07-25 18:45:05 - [MESSAGE][FAILED] - Unable to set text '+JdYvdWeyM' of object 'Object Repository/AdminSuiteBootstrap_Pages/UM_Bootstrap/AddUser/input_FirstName' (Root cause: com.kms.katalon.core.exception.StepFailedException: Unable to set text '+JdYvdWeyM' of object 'Object Repository/AdminSuiteBootstrap_Pages/UM_Bootstrap/AddUser/input_FirstName'
	at com.kms.katalon.core.webui.keyword.internal.WebUIKeywordMain.stepFailed(WebUIKeywordMain.groovy:64)
	at com.kms.katalon.core.webui.keyword.internal.WebUIKeywordMain.runKeyword(WebUIKeywordMain.groovy:26)
	at com.kms.katalon.core.webui.keyword.builtin.SetTextKeyword.setText(SetTextKeyword.groovy:66)
	at com.kms.katalon.core.webui.keyword.builtin.SetTextKeyword.execute(SetTextKeyword.groovy:37)
	at com.kms.katalon.core.keyword.internal.KeywordExecutor.executeKeywordForPlatform(KeywordExecutor.groovy:74)
	at com.kms.katalon.core.webui.keyword.WebUiBuiltInKeywords.setText(WebUiBuiltInKeywords.groovy:980)
	at com.kms.katalon.core.webui.keyword.WebUiBuiltInKeywords$setText$2.call(Unknown Source)
	at AddUserSpCharFirstNameError.run(AddUserSpCharFirstNameError:76)
	at com.kms.katalon.core.main.ScriptEngine.run(ScriptEngine.java:194)
	at com.kms.katalon.core.main.ScriptEngine.runScriptAsRawText(ScriptEngine.java:119)
	at com.kms.katalon.core.main.TestCaseExecutor.runScript(TestCaseExecutor.java:442)
	at com.kms.katalon.core.main.TestCaseExecutor.doExecute(TestCaseExecutor.java:433)
	at com.kms.katalon.core.main.TestCaseExecutor.processExecutionPhase(TestCaseExecutor.java:412)
	at com.kms.katalon.core.main.TestCaseExecutor.accessMainPhase(TestCaseExecutor.java:404)
	at com.kms.katalon.core.main.TestCaseExecutor.execute(TestCaseExecutor.java:281)
	at com.kms.katalon.core.main.TestSuiteExecutor.accessTestCaseMainPhase(TestSuiteExecutor.java:202)
	at com.kms.katalon.core.main.TestSuiteExecutor.accessTestSuiteMainPhase(TestSuiteExecutor.java:164)
	at com.kms.katalon.core.main.TestSuiteExecutor.execute(TestSuiteExecutor.java:105)
	at com.kms.katalon.core.main.TestCaseMain.startTestSuite(TestCaseMain.java:185)
	at com.kms.katalon.core.main.TestCaseMain$startTestSuite$0.call(Unknown Source)
	at TempTestSuite1658787923991.run(TempTestSuite1658787923991.groovy:36)
Caused by: com.kms.katalon.core.webui.exception.WebElementNotFoundException: Web element with id: 'Object Repository/AdminSuiteBootstrap_Pages/UM_Bootstrap/AddUser/input_FirstName' located by '//*[@type = 'text' and @placeholder = 'First name' and @name = 'firstName' and @id = 'input-firstname-add']' not found
	at com.kms.katalon.core.webui.common.WebUiCommonHelper.findWebElement(WebUiCommonHelper.java:1370)
	at com.kms.katalon.core.webui.keyword.internal.WebUIAbstractKeyword.findWebElement(WebUIAbstractKeyword.groovy:27)
	at com.kms.katalon.core.webui.keyword.internal.WebUIAbstractKeyword.findWebElement(WebUIAbstractKeyword.groovy:26)
	at com.kms.katalon.core.webui.keyword.builtin.SetTextKeyword$_setText_closure1.doCall(SetTextKeyword.groovy:51)
	at com.kms.katalon.core.webui.keyword.builtin.SetTextKeyword$_setText_closure1.call(SetTextKeyword.groovy)
	at com.kms.katalon.core.webui.keyword.internal.WebUIKeywordMain.runKeyword(WebUIKeywordMain.groovy:20)
	at com.kms.katalon.core.webui.keyword.builtin.SetTextKeyword.setText(SetTextKeyword.groovy:66)
	at com.kms.katalon.core.webui.keyword.builtin.SetTextKeyword.execute(SetTextKeyword.groovy:37)
	at com.kms.katalon.core.keyword.internal.KeywordExecutor.executeKeywordForPlatform(KeywordExecutor.groovy:74)
	at com.kms.katalon.core.webui.keyword.WebUiBuiltInKeywords.setText(WebUiBuiltInKeywords.groovy:980)
	at com.kms.katalon.core.webui.keyword.WebUiBuiltInKeywords$setText$2.call(Unknown Source)
	at Script1658345837110.run(Script1658345837110.groovy:76)
	... 13 more
)
[[ATTACHMENT|E:\\Cloned-Project-Katalon\\VPS-Katalon\\Reports\\20220725_182523\\QA\\UM-Bootstrap\\UM-TestSuite-QA\\20220725_182523\\1658789105561.png]]

2022-07-25 18:45:05 - [TEST_STEP][FAILED] - setText(findTestObject(path_AddUser + "input_LastName"), "Luka"): Unable to set text 'Luka' of object 'Object Repository/AdminSuiteBootstrap_Pages/UM_Bootstrap/AddUser/input_LastName' (Root cause: com.kms.katalon.core.exception.StepFailedException: Unable to set text 'Luka' of object 'Object Repository/AdminSuiteBootstrap_Pages/UM_Bootstrap/AddUser/input_LastName'
	at com.kms.katalon.core.webui.keyword.internal.WebUIKeywordMain.stepFailed(WebUIKeywordMain.groovy:64)
	at com.kms.katalon.core.webui.keyword.internal.WebUIKeywordMain.runKeyword(WebUIKeywordMain.groovy:26)
	at com.kms.katalon.core.webui.keyword.builtin.SetTextKeyword.setText(SetTextKeyword.groovy:66)
	at com.kms.katalon.core.webui.keyword.builtin.SetTextKeyword.execute(SetTextKeyword.groovy:37)
	at com.kms.katalon.core.keyword.internal.KeywordExecutor.executeKeywordForPlatform(KeywordExecutor.groovy:74)
	at com.kms.katalon.core.webui.keyword.WebUiBuiltInKeywords.setText(WebUiBuiltInKeywords.groovy:980)
	at com.kms.katalon.core.webui.keyword.WebUiBuiltInKeywords$setText$2.call(Unknown Source)
	at AddUserSpCharFirstNameError.run(AddUserSpCharFirstNameError:77)
	at com.kms.katalon.core.main.ScriptEngine.run(ScriptEngine.java:194)
	at com.kms.katalon.core.main.ScriptEngine.runScriptAsRawText(ScriptEngine.java:119)
	at com.kms.katalon.core.main.TestCaseExecutor.runScript(TestCaseExecutor.java:442)
	at com.kms.katalon.core.main.TestCaseExecutor.doExecute(TestCaseExecutor.java:433)
	at com.kms.katalon.core.main.TestCaseExecutor.processExecutionPhase(TestCaseExecutor.java:412)
	at com.kms.katalon.core.main.TestCaseExecutor.accessMainPhase(TestCaseExecutor.java:404)
	at com.kms.katalon.core.main.TestCaseExecutor.execute(TestCaseExecutor.java:281)
	at com.kms.katalon.core.main.TestSuiteExecutor.accessTestCaseMainPhase(TestSuiteExecutor.java:202)
	at com.kms.katalon.core.main.TestSuiteExecutor.accessTestSuiteMainPhase(TestSuiteExecutor.java:164)
	at com.kms.katalon.core.main.TestSuiteExecutor.execute(TestSuiteExecutor.java:105)
	at com.kms.katalon.core.main.TestCaseMain.startTestSuite(TestCaseMain.java:185)
	at com.kms.katalon.core.main.TestCaseMain$startTestSuite$0.call(Unknown Source)
	at TempTestSuite1658787923991.run(TempTestSuite1658787923991.groovy:36)
Caused by: com.kms.katalon.core.webui.exception.WebElementNotFoundException: Web element with id: 'Object Repository/AdminSuiteBootstrap_Pages/UM_Bootstrap/AddUser/input_LastName' located by '//*[@type = 'text' and @placeholder = 'Last name' and @name = 'lastName' and @id = 'input-lastname-add']' not found
	at com.kms.katalon.core.webui.common.WebUiCommonHelper.findWebElement(WebUiCommonHelper.java:1370)
	at com.kms.katalon.core.webui.keyword.internal.WebUIAbstractKeyword.findWebElement(WebUIAbstractKeyword.groovy:27)
	at com.kms.katalon.core.webui.keyword.internal.WebUIAbstractKeyword.findWebElement(WebUIAbstractKeyword.groovy:26)
	at com.kms.katalon.core.webui.keyword.builtin.SetTextKeyword$_setText_closure1.doCall(SetTextKeyword.groovy:51)
	at com.kms.katalon.core.webui.keyword.builtin.SetTextKeyword$_setText_closure1.call(SetTextKeyword.groovy)
	at com.kms.katalon.core.webui.keyword.internal.WebUIKeywordMain.runKeyword(WebUIKeywordMain.groovy:20)
	at com.kms.katalon.core.webui.keyword.builtin.SetTextKeyword.setText(SetTextKeyword.groovy:66)
	at com.kms.katalon.core.webui.keyword.builtin.SetTextKeyword.execute(SetTextKeyword.groovy:37)
	at com.kms.katalon.core.keyword.internal.KeywordExecutor.executeKeywordForPlatform(KeywordExecutor.groovy:74)
	at com.kms.katalon.core.webui.keyword.WebUiBuiltInKeywords.setText(WebUiBuiltInKeywords.groovy:980)
	at com.kms.katalon.core.webui.keyword.WebUiBuiltInKeywords$setText$2.call(Unknown Source)
	at Script1658345837110.run(Script1658345837110.groovy:77)
	... 13 more
)

2022-07-25 18:45:37 - [MESSAGE][INFO] - Unable to find the element located by 'By.xpath: //*[@type = 'text' and @placeholder = 'Last name' and @name = 'lastName' and @id = 'input-lastname-add']'. Please recheck the objects properties to make sure the desired element is located. 

2022-07-25 18:45:37 - [MESSAGE][WARNING] - [SELF-HEALING] Failed to find element with id 'Object Repository/AdminSuiteBootstrap_Pages/UM_Bootstrap/AddUser/input_LastName'. Try using Self-healing.

2022-07-25 18:45:38 - [MESSAGE][INFO] - Unable to find the element located by 'By.xpath: //input[@id='input-lastname-add']'. Please recheck the objects properties to make sure the desired element is located. 

2022-07-25 18:45:38 - [MESSAGE][INFO] - [SELF-HEALING] Failed Locator: '//input[@id='input-lastname-add']'.

2022-07-25 18:45:38 - [MESSAGE][INFO] - [SELF-HEALING] Failed Locator: '//div[@id='addUser']/div/div/div/form/div[3]/input'.

2022-07-25 18:45:38 - [MESSAGE][INFO] - [SELF-HEALING] Failed Locator: '//div[3]/div/div/div/form/div[3]/input'.

2022-07-25 18:45:39 - [MESSAGE][INFO] - [SELF-HEALING] Failed Locator: '//input[@type = 'text' and @placeholder = 'Last name' and @name = 'lastName' and @id = 'input-lastname-add']'.

2022-07-25 18:45:40 - [MESSAGE][INFO] - Unable to find the element located by 'By.cssSelector: #input-lastname-add'. Please recheck the objects properties to make sure the desired element is located. 

2022-07-25 18:45:40 - [MESSAGE][FAILED] - Unable to set text 'Luka' of object 'Object Repository/AdminSuiteBootstrap_Pages/UM_Bootstrap/AddUser/input_LastName' (Root cause: com.kms.katalon.core.exception.StepFailedException: Unable to set text 'Luka' of object 'Object Repository/AdminSuiteBootstrap_Pages/UM_Bootstrap/AddUser/input_LastName'
	at com.kms.katalon.core.webui.keyword.internal.WebUIKeywordMain.stepFailed(WebUIKeywordMain.groovy:64)
	at com.kms.katalon.core.webui.keyword.internal.WebUIKeywordMain.runKeyword(WebUIKeywordMain.groovy:26)
	at com.kms.katalon.core.webui.keyword.builtin.SetTextKeyword.setText(SetTextKeyword.groovy:66)
	at com.kms.katalon.core.webui.keyword.builtin.SetTextKeyword.execute(SetTextKeyword.groovy:37)
	at com.kms.katalon.core.keyword.internal.KeywordExecutor.executeKeywordForPlatform(KeywordExecutor.groovy:74)
	at com.kms.katalon.core.webui.keyword.WebUiBuiltInKeywords.setText(WebUiBuiltInKeywords.groovy:980)
	at com.kms.katalon.core.webui.keyword.WebUiBuiltInKeywords$setText$2.call(Unknown Source)
	at AddUserSpCharFirstNameError.run(AddUserSpCharFirstNameError:77)
	at com.kms.katalon.core.main.ScriptEngine.run(ScriptEngine.java:194)
	at com.kms.katalon.core.main.ScriptEngine.runScriptAsRawText(ScriptEngine.java:119)
	at com.kms.katalon.core.main.TestCaseExecutor.runScript(TestCaseExecutor.java:442)
	at com.kms.katalon.core.main.TestCaseExecutor.doExecute(TestCaseExecutor.java:433)
	at com.kms.katalon.core.main.TestCaseExecutor.processExecutionPhase(TestCaseExecutor.java:412)
	at com.kms.katalon.core.main.TestCaseExecutor.accessMainPhase(TestCaseExecutor.java:404)
	at com.kms.katalon.core.main.TestCaseExecutor.execute(TestCaseExecutor.java:281)
	at com.kms.katalon.core.main.TestSuiteExecutor.accessTestCaseMainPhase(TestSuiteExecutor.java:202)
	at com.kms.katalon.core.main.TestSuiteExecutor.accessTestSuiteMainPhase(TestSuiteExecutor.java:164)
	at com.kms.katalon.core.main.TestSuiteExecutor.execute(TestSuiteExecutor.java:105)
	at com.kms.katalon.core.main.TestCaseMain.startTestSuite(TestCaseMain.java:185)
	at com.kms.katalon.core.main.TestCaseMain$startTestSuite$0.call(Unknown Source)
	at TempTestSuite1658787923991.run(TempTestSuite1658787923991.groovy:36)
Caused by: com.kms.katalon.core.webui.exception.WebElementNotFoundException: Web element with id: 'Object Repository/AdminSuiteBootstrap_Pages/UM_Bootstrap/AddUser/input_LastName' located by '//*[@type = 'text' and @placeholder = 'Last name' and @name = 'lastName' and @id = 'input-lastname-add']' not found
	at com.kms.katalon.core.webui.common.WebUiCommonHelper.findWebElement(WebUiCommonHelper.java:1370)
	at com.kms.katalon.core.webui.keyword.internal.WebUIAbstractKeyword.findWebElement(WebUIAbstractKeyword.groovy:27)
	at com.kms.katalon.core.webui.keyword.internal.WebUIAbstractKeyword.findWebElement(WebUIAbstractKeyword.groovy:26)
	at com.kms.katalon.core.webui.keyword.builtin.SetTextKeyword$_setText_closure1.doCall(SetTextKeyword.groovy:51)
	at com.kms.katalon.core.webui.keyword.builtin.SetTextKeyword$_setText_closure1.call(SetTextKeyword.groovy)
	at com.kms.katalon.core.webui.keyword.internal.WebUIKeywordMain.runKeyword(WebUIKeywordMain.groovy:20)
	at com.kms.katalon.core.webui.keyword.builtin.SetTextKeyword.setText(SetTextKeyword.groovy:66)
	at com.kms.katalon.core.webui.keyword.builtin.SetTextKeyword.execute(SetTextKeyword.groovy:37)
	at com.kms.katalon.core.keyword.internal.KeywordExecutor.executeKeywordForPlatform(KeywordExecutor.groovy:74)
	at com.kms.katalon.core.webui.keyword.WebUiBuiltInKeywords.setText(WebUiBuiltInKeywords.groovy:980)
	at com.kms.katalon.core.webui.keyword.WebUiBuiltInKeywords$setText$2.call(Unknown Source)
	at Script1658345837110.run(Script1658345837110.groovy:77)
	... 13 more
)
[[ATTACHMENT|E:\\Cloned-Project-Katalon\\VPS-Katalon\\Reports\\20220725_182523\\QA\\UM-Bootstrap\\UM-TestSuite-QA\\20220725_182523\\1658789140235.png]]

2022-07-25 18:45:40 - [TEST_STEP][FAILED] - setText(findTestObject(path_AddUser + "input_Password"), "hello6666"): Unable to set text 'hello6666' of object 'Object Repository/AdminSuiteBootstrap_Pages/UM_Bootstrap/AddUser/input_Password' (Root cause: com.kms.katalon.core.exception.StepFailedException: Unable to set text 'hello6666' of object 'Object Repository/AdminSuiteBootstrap_Pages/UM_Bootstrap/AddUser/input_Password'
	at com.kms.katalon.core.webui.keyword.internal.WebUIKeywordMain.stepFailed(WebUIKeywordMain.groovy:64)
	at com.kms.katalon.core.webui.keyword.internal.WebUIKeywordMain.runKeyword(WebUIKeywordMain.groovy:26)
	at com.kms.katalon.core.webui.keyword.builtin.SetTextKeyword.setText(SetTextKeyword.groovy:66)
	at com.kms.katalon.core.webui.keyword.builtin.SetTextKeyword.execute(SetTextKeyword.groovy:37)
	at com.kms.katalon.core.keyword.internal.KeywordExecutor.executeKeywordForPlatform(KeywordExecutor.groovy:74)
	at com.kms.katalon.core.webui.keyword.WebUiBuiltInKeywords.setText(WebUiBuiltInKeywords.groovy:980)
	at com.kms.katalon.core.webui.keyword.WebUiBuiltInKeywords$setText$2.call(Unknown Source)
	at AddUserSpCharFirstNameError.run(AddUserSpCharFirstNameError:78)
	at com.kms.katalon.core.main.ScriptEngine.run(ScriptEngine.java:194)
	at com.kms.katalon.core.main.ScriptEngine.runScriptAsRawText(ScriptEngine.java:119)
	at com.kms.katalon.core.main.TestCaseExecutor.runScript(TestCaseExecutor.java:442)
	at com.kms.katalon.core.main.TestCaseExecutor.doExecute(TestCaseExecutor.java:433)
	at com.kms.katalon.core.main.TestCaseExecutor.processExecutionPhase(TestCaseExecutor.java:412)
	at com.kms.katalon.core.main.TestCaseExecutor.accessMainPhase(TestCaseExecutor.java:404)
	at com.kms.katalon.core.main.TestCaseExecutor.execute(TestCaseExecutor.java:281)
	at com.kms.katalon.core.main.TestSuiteExecutor.accessTestCaseMainPhase(TestSuiteExecutor.java:202)
	at com.kms.katalon.core.main.TestSuiteExecutor.accessTestSuiteMainPhase(TestSuiteExecutor.java:164)
	at com.kms.katalon.core.main.TestSuiteExecutor.execute(TestSuiteExecutor.java:105)
	at com.kms.katalon.core.main.TestCaseMain.startTestSuite(TestCaseMain.java:185)
	at com.kms.katalon.core.main.TestCaseMain$startTestSuite$0.call(Unknown Source)
	at TempTestSuite1658787923991.run(TempTestSuite1658787923991.groovy:36)
Caused by: com.kms.katalon.core.webui.exception.WebElementNotFoundException: Web element with id: 'Object Repository/AdminSuiteBootstrap_Pages/UM_Bootstrap/AddUser/input_Password' located by '//*[@type = 'password' and @placeholder = 'Password' and @name = 'password' and @id = 'input-password']' not found
	at com.kms.katalon.core.webui.common.WebUiCommonHelper.findWebElement(WebUiCommonHelper.java:1370)
	at com.kms.katalon.core.webui.keyword.internal.WebUIAbstractKeyword.findWebElement(WebUIAbstractKeyword.groovy:27)
	at com.kms.katalon.core.webui.keyword.internal.WebUIAbstractKeyword.findWebElement(WebUIAbstractKeyword.groovy:26)
	at com.kms.katalon.core.webui.keyword.builtin.SetTextKeyword$_setText_closure1.doCall(SetTextKeyword.groovy:51)
	at com.kms.katalon.core.webui.keyword.builtin.SetTextKeyword$_setText_closure1.call(SetTextKeyword.groovy)
	at com.kms.katalon.core.webui.keyword.internal.WebUIKeywordMain.runKeyword(WebUIKeywordMain.groovy:20)
	at com.kms.katalon.core.webui.keyword.builtin.SetTextKeyword.setText(SetTextKeyword.groovy:66)
	at com.kms.katalon.core.webui.keyword.builtin.SetTextKeyword.execute(SetTextKeyword.groovy:37)
	at com.kms.katalon.core.keyword.internal.KeywordExecutor.executeKeywordForPlatform(KeywordExecutor.groovy:74)
	at com.kms.katalon.core.webui.keyword.WebUiBuiltInKeywords.setText(WebUiBuiltInKeywords.groovy:980)
	at com.kms.katalon.core.webui.keyword.WebUiBuiltInKeywords$setText$2.call(Unknown Source)
	at Script1658345837110.run(Script1658345837110.groovy:78)
	... 13 more
)

2022-07-25 18:46:11 - [MESSAGE][INFO] - Unable to find the element located by 'By.xpath: //*[@type = 'password' and @placeholder = 'Password' and @name = 'password' and @id = 'input-password']'. Please recheck the objects properties to make sure the desired element is located. 

2022-07-25 18:46:11 - [MESSAGE][WARNING] - [SELF-HEALING] Failed to find element with id 'Object Repository/AdminSuiteBootstrap_Pages/UM_Bootstrap/AddUser/input_Password'. Try using Self-healing.

2022-07-25 18:46:12 - [MESSAGE][INFO] - Unable to find the element located by 'By.xpath: //input[@id='input-password']'. Please recheck the objects properties to make sure the desired element is located. 

2022-07-25 18:46:13 - [MESSAGE][INFO] - [SELF-HEALING] Failed Locator: '//input[@id='input-password']'.

2022-07-25 18:46:13 - [MESSAGE][INFO] - [SELF-HEALING] Failed Locator: '//div[@id='addUser']/div/div/div/form/div[5]/input'.

2022-07-25 18:46:13 - [MESSAGE][INFO] - [SELF-HEALING] Failed Locator: '//div[3]/div/div/div/form/div[5]/input'.

2022-07-25 18:46:13 - [MESSAGE][INFO] - [SELF-HEALING] Failed Locator: '//input[@type = 'password' and @placeholder = 'Password' and @name = 'password' and @id = 'input-password']'.

2022-07-25 18:46:14 - [MESSAGE][INFO] - Unable to find the element located by 'By.cssSelector: #input-password'. Please recheck the objects properties to make sure the desired element is located. 

2022-07-25 18:46:15 - [MESSAGE][FAILED] - Unable to set text 'hello6666' of object 'Object Repository/AdminSuiteBootstrap_Pages/UM_Bootstrap/AddUser/input_Password' (Root cause: com.kms.katalon.core.exception.StepFailedException: Unable to set text 'hello6666' of object 'Object Repository/AdminSuiteBootstrap_Pages/UM_Bootstrap/AddUser/input_Password'
	at com.kms.katalon.core.webui.keyword.internal.WebUIKeywordMain.stepFailed(WebUIKeywordMain.groovy:64)
	at com.kms.katalon.core.webui.keyword.internal.WebUIKeywordMain.runKeyword(WebUIKeywordMain.groovy:26)
	at com.kms.katalon.core.webui.keyword.builtin.SetTextKeyword.setText(SetTextKeyword.groovy:66)
	at com.kms.katalon.core.webui.keyword.builtin.SetTextKeyword.execute(SetTextKeyword.groovy:37)
	at com.kms.katalon.core.keyword.internal.KeywordExecutor.executeKeywordForPlatform(KeywordExecutor.groovy:74)
	at com.kms.katalon.core.webui.keyword.WebUiBuiltInKeywords.setText(WebUiBuiltInKeywords.groovy:980)
	at com.kms.katalon.core.webui.keyword.WebUiBuiltInKeywords$setText$2.call(Unknown Source)
	at AddUserSpCharFirstNameError.run(AddUserSpCharFirstNameError:78)
	at com.kms.katalon.core.main.ScriptEngine.run(ScriptEngine.java:194)
	at com.kms.katalon.core.main.ScriptEngine.runScriptAsRawText(ScriptEngine.java:119)
	at com.kms.katalon.core.main.TestCaseExecutor.runScript(TestCaseExecutor.java:442)
	at com.kms.katalon.core.main.TestCaseExecutor.doExecute(TestCaseExecutor.java:433)
	at com.kms.katalon.core.main.TestCaseExecutor.processExecutionPhase(TestCaseExecutor.java:412)
	at com.kms.katalon.core.main.TestCaseExecutor.accessMainPhase(TestCaseExecutor.java:404)
	at com.kms.katalon.core.main.TestCaseExecutor.execute(TestCaseExecutor.java:281)
	at com.kms.katalon.core.main.TestSuiteExecutor.accessTestCaseMainPhase(TestSuiteExecutor.java:202)
	at com.kms.katalon.core.main.TestSuiteExecutor.accessTestSuiteMainPhase(TestSuiteExecutor.java:164)
	at com.kms.katalon.core.main.TestSuiteExecutor.execute(TestSuiteExecutor.java:105)
	at com.kms.katalon.core.main.TestCaseMain.startTestSuite(TestCaseMain.java:185)
	at com.kms.katalon.core.main.TestCaseMain$startTestSuite$0.call(Unknown Source)
	at TempTestSuite1658787923991.run(TempTestSuite1658787923991.groovy:36)
Caused by: com.kms.katalon.core.webui.exception.WebElementNotFoundException: Web element with id: 'Object Repository/AdminSuiteBootstrap_Pages/UM_Bootstrap/AddUser/input_Password' located by '//*[@type = 'password' and @placeholder = 'Password' and @name = 'password' and @id = 'input-password']' not found
	at com.kms.katalon.core.webui.common.WebUiCommonHelper.findWebElement(WebUiCommonHelper.java:1370)
	at com.kms.katalon.core.webui.keyword.internal.WebUIAbstractKeyword.findWebElement(WebUIAbstractKeyword.groovy:27)
	at com.kms.katalon.core.webui.keyword.internal.WebUIAbstractKeyword.findWebElement(WebUIAbstractKeyword.groovy:26)
	at com.kms.katalon.core.webui.keyword.builtin.SetTextKeyword$_setText_closure1.doCall(SetTextKeyword.groovy:51)
	at com.kms.katalon.core.webui.keyword.builtin.SetTextKeyword$_setText_closure1.call(SetTextKeyword.groovy)
	at com.kms.katalon.core.webui.keyword.internal.WebUIKeywordMain.runKeyword(WebUIKeywordMain.groovy:20)
	at com.kms.katalon.core.webui.keyword.builtin.SetTextKeyword.setText(SetTextKeyword.groovy:66)
	at com.kms.katalon.core.webui.keyword.builtin.SetTextKeyword.execute(SetTextKeyword.groovy:37)
	at com.kms.katalon.core.keyword.internal.KeywordExecutor.executeKeywordForPlatform(KeywordExecutor.groovy:74)
	at com.kms.katalon.core.webui.keyword.WebUiBuiltInKeywords.setText(WebUiBuiltInKeywords.groovy:980)
	at com.kms.katalon.core.webui.keyword.WebUiBuiltInKeywords$setText$2.call(Unknown Source)
	at Script1658345837110.run(Script1658345837110.groovy:78)
	... 13 more
)
[[ATTACHMENT|E:\\Cloned-Project-Katalon\\VPS-Katalon\\Reports\\20220725_182523\\QA\\UM-Bootstrap\\UM-TestSuite-QA\\20220725_182523\\1658789174920.png]]

2022-07-25 18:46:15 - [TEST_STEP][FAILED] - setText(findTestObject(path_AddUser + "input_ConfirmPassword"), "hello6666"): Unable to set text 'hello6666' of object 'Object Repository/AdminSuiteBootstrap_Pages/UM_Bootstrap/AddUser/input_ConfirmPassword' (Root cause: com.kms.katalon.core.exception.StepFailedException: Unable to set text 'hello6666' of object 'Object Repository/AdminSuiteBootstrap_Pages/UM_Bootstrap/AddUser/input_ConfirmPassword'
	at com.kms.katalon.core.webui.keyword.internal.WebUIKeywordMain.stepFailed(WebUIKeywordMain.groovy:64)
	at com.kms.katalon.core.webui.keyword.internal.WebUIKeywordMain.runKeyword(WebUIKeywordMain.groovy:26)
	at com.kms.katalon.core.webui.keyword.builtin.SetTextKeyword.setText(SetTextKeyword.groovy:66)
	at com.kms.katalon.core.webui.keyword.builtin.SetTextKeyword.execute(SetTextKeyword.groovy:37)
	at com.kms.katalon.core.keyword.internal.KeywordExecutor.executeKeywordForPlatform(KeywordExecutor.groovy:74)
	at com.kms.katalon.core.webui.keyword.WebUiBuiltInKeywords.setText(WebUiBuiltInKeywords.groovy:980)
	at com.kms.katalon.core.webui.keyword.WebUiBuiltInKeywords$setText$2.call(Unknown Source)
	at AddUserSpCharFirstNameError.run(AddUserSpCharFirstNameError:79)
	at com.kms.katalon.core.main.ScriptEngine.run(ScriptEngine.java:194)
	at com.kms.katalon.core.main.ScriptEngine.runScriptAsRawText(ScriptEngine.java:119)
	at com.kms.katalon.core.main.TestCaseExecutor.runScript(TestCaseExecutor.java:442)
	at com.kms.katalon.core.main.TestCaseExecutor.doExecute(TestCaseExecutor.java:433)
	at com.kms.katalon.core.main.TestCaseExecutor.processExecutionPhase(TestCaseExecutor.java:412)
	at com.kms.katalon.core.main.TestCaseExecutor.accessMainPhase(TestCaseExecutor.java:404)
	at com.kms.katalon.core.main.TestCaseExecutor.execute(TestCaseExecutor.java:281)
	at com.kms.katalon.core.main.TestSuiteExecutor.accessTestCaseMainPhase(TestSuiteExecutor.java:202)
	at com.kms.katalon.core.main.TestSuiteExecutor.accessTestSuiteMainPhase(TestSuiteExecutor.java:164)
	at com.kms.katalon.core.main.TestSuiteExecutor.execute(TestSuiteExecutor.java:105)
	at com.kms.katalon.core.main.TestCaseMain.startTestSuite(TestCaseMain.java:185)
	at com.kms.katalon.core.main.TestCaseMain$startTestSuite$0.call(Unknown Source)
	at TempTestSuite1658787923991.run(TempTestSuite1658787923991.groovy:36)
Caused by: com.kms.katalon.core.webui.exception.WebElementNotFoundException: Web element with id: 'Object Repository/AdminSuiteBootstrap_Pages/UM_Bootstrap/AddUser/input_ConfirmPassword' located by '//*[@type = 'password' and @placeholder = 'Confirm Password' and @name = 'confirmPassword' and @id = 'input-password-confirm']' not found
	at com.kms.katalon.core.webui.common.WebUiCommonHelper.findWebElement(WebUiCommonHelper.java:1370)
	at com.kms.katalon.core.webui.keyword.internal.WebUIAbstractKeyword.findWebElement(WebUIAbstractKeyword.groovy:27)
	at com.kms.katalon.core.webui.keyword.internal.WebUIAbstractKeyword.findWebElement(WebUIAbstractKeyword.groovy:26)
	at com.kms.katalon.core.webui.keyword.builtin.SetTextKeyword$_setText_closure1.doCall(SetTextKeyword.groovy:51)
	at com.kms.katalon.core.webui.keyword.builtin.SetTextKeyword$_setText_closure1.call(SetTextKeyword.groovy)
	at com.kms.katalon.core.webui.keyword.internal.WebUIKeywordMain.runKeyword(WebUIKeywordMain.groovy:20)
	at com.kms.katalon.core.webui.keyword.builtin.SetTextKeyword.setText(SetTextKeyword.groovy:66)
	at com.kms.katalon.core.webui.keyword.builtin.SetTextKeyword.execute(SetTextKeyword.groovy:37)
	at com.kms.katalon.core.keyword.internal.KeywordExecutor.executeKeywordForPlatform(KeywordExecutor.groovy:74)
	at com.kms.katalon.core.webui.keyword.WebUiBuiltInKeywords.setText(WebUiBuiltInKeywords.groovy:980)
	at com.kms.katalon.core.webui.keyword.WebUiBuiltInKeywords$setText$2.call(Unknown Source)
	at Script1658345837110.run(Script1658345837110.groovy:79)
	... 13 more
)

2022-07-25 18:46:46 - [MESSAGE][INFO] - Unable to find the element located by 'By.xpath: //*[@type = 'password' and @placeholder = 'Confirm Password' and @name = 'confirmPassword' and @id = 'input-password-confirm']'. Please recheck the objects properties to make sure the desired element is located. 

2022-07-25 18:46:46 - [MESSAGE][WARNING] - [SELF-HEALING] Failed to find element with id 'Object Repository/AdminSuiteBootstrap_Pages/UM_Bootstrap/AddUser/input_ConfirmPassword'. Try using Self-healing.

2022-07-25 18:46:47 - [MESSAGE][INFO] - Unable to find the element located by 'By.xpath: //input[@id='input-password-confirm']'. Please recheck the objects properties to make sure the desired element is located. 

2022-07-25 18:46:47 - [MESSAGE][INFO] - [SELF-HEALING] Failed Locator: '//input[@id='input-password-confirm']'.

2022-07-25 18:46:47 - [MESSAGE][INFO] - [SELF-HEALING] Failed Locator: '//div[@id='addUser']/div/div/div/form/div[6]/input'.

2022-07-25 18:46:48 - [MESSAGE][INFO] - [SELF-HEALING] Failed Locator: '//div[6]/input'.

2022-07-25 18:46:48 - [MESSAGE][INFO] - [SELF-HEALING] Failed Locator: '//input[@type = 'password' and @placeholder = 'Confirm Password' and @name = 'confirmPassword' and @id = 'input-password-confirm']'.

2022-07-25 18:46:49 - [MESSAGE][INFO] - Unable to find the element located by 'By.cssSelector: #input-password-confirm'. Please recheck the objects properties to make sure the desired element is located. 

2022-07-25 18:46:49 - [MESSAGE][FAILED] - Unable to set text 'hello6666' of object 'Object Repository/AdminSuiteBootstrap_Pages/UM_Bootstrap/AddUser/input_ConfirmPassword' (Root cause: com.kms.katalon.core.exception.StepFailedException: Unable to set text 'hello6666' of object 'Object Repository/AdminSuiteBootstrap_Pages/UM_Bootstrap/AddUser/input_ConfirmPassword'
	at com.kms.katalon.core.webui.keyword.internal.WebUIKeywordMain.stepFailed(WebUIKeywordMain.groovy:64)
	at com.kms.katalon.core.webui.keyword.internal.WebUIKeywordMain.runKeyword(WebUIKeywordMain.groovy:26)
	at com.kms.katalon.core.webui.keyword.builtin.SetTextKeyword.setText(SetTextKeyword.groovy:66)
	at com.kms.katalon.core.webui.keyword.builtin.SetTextKeyword.execute(SetTextKeyword.groovy:37)
	at com.kms.katalon.core.keyword.internal.KeywordExecutor.executeKeywordForPlatform(KeywordExecutor.groovy:74)
	at com.kms.katalon.core.webui.keyword.WebUiBuiltInKeywords.setText(WebUiBuiltInKeywords.groovy:980)
	at com.kms.katalon.core.webui.keyword.WebUiBuiltInKeywords$setText$2.call(Unknown Source)
	at AddUserSpCharFirstNameError.run(AddUserSpCharFirstNameError:79)
	at com.kms.katalon.core.main.ScriptEngine.run(ScriptEngine.java:194)
	at com.kms.katalon.core.main.ScriptEngine.runScriptAsRawText(ScriptEngine.java:119)
	at com.kms.katalon.core.main.TestCaseExecutor.runScript(TestCaseExecutor.java:442)
	at com.kms.katalon.core.main.TestCaseExecutor.doExecute(TestCaseExecutor.java:433)
	at com.kms.katalon.core.main.TestCaseExecutor.processExecutionPhase(TestCaseExecutor.java:412)
	at com.kms.katalon.core.main.TestCaseExecutor.accessMainPhase(TestCaseExecutor.java:404)
	at com.kms.katalon.core.main.TestCaseExecutor.execute(TestCaseExecutor.java:281)
	at com.kms.katalon.core.main.TestSuiteExecutor.accessTestCaseMainPhase(TestSuiteExecutor.java:202)
	at com.kms.katalon.core.main.TestSuiteExecutor.accessTestSuiteMainPhase(TestSuiteExecutor.java:164)
	at com.kms.katalon.core.main.TestSuiteExecutor.execute(TestSuiteExecutor.java:105)
	at com.kms.katalon.core.main.TestCaseMain.startTestSuite(TestCaseMain.java:185)
	at com.kms.katalon.core.main.TestCaseMain$startTestSuite$0.call(Unknown Source)
	at TempTestSuite1658787923991.run(TempTestSuite1658787923991.groovy:36)
Caused by: com.kms.katalon.core.webui.exception.WebElementNotFoundException: Web element with id: 'Object Repository/AdminSuiteBootstrap_Pages/UM_Bootstrap/AddUser/input_ConfirmPassword' located by '//*[@type = 'password' and @placeholder = 'Confirm Password' and @name = 'confirmPassword' and @id = 'input-password-confirm']' not found
	at com.kms.katalon.core.webui.common.WebUiCommonHelper.findWebElement(WebUiCommonHelper.java:1370)
	at com.kms.katalon.core.webui.keyword.internal.WebUIAbstractKeyword.findWebElement(WebUIAbstractKeyword.groovy:27)
	at com.kms.katalon.core.webui.keyword.internal.WebUIAbstractKeyword.findWebElement(WebUIAbstractKeyword.groovy:26)
	at com.kms.katalon.core.webui.keyword.builtin.SetTextKeyword$_setText_closure1.doCall(SetTextKeyword.groovy:51)
	at com.kms.katalon.core.webui.keyword.builtin.SetTextKeyword$_setText_closure1.call(SetTextKeyword.groovy)
	at com.kms.katalon.core.webui.keyword.internal.WebUIKeywordMain.runKeyword(WebUIKeywordMain.groovy:20)
	at com.kms.katalon.core.webui.keyword.builtin.SetTextKeyword.setText(SetTextKeyword.groovy:66)
	at com.kms.katalon.core.webui.keyword.builtin.SetTextKeyword.execute(SetTextKeyword.groovy:37)
	at com.kms.katalon.core.keyword.internal.KeywordExecutor.executeKeywordForPlatform(KeywordExecutor.groovy:74)
	at com.kms.katalon.core.webui.keyword.WebUiBuiltInKeywords.setText(WebUiBuiltInKeywords.groovy:980)
	at com.kms.katalon.core.webui.keyword.WebUiBuiltInKeywords$setText$2.call(Unknown Source)
	at Script1658345837110.run(Script1658345837110.groovy:79)
	... 13 more
)
[[ATTACHMENT|E:\\Cloned-Project-Katalon\\VPS-Katalon\\Reports\\20220725_182523\\QA\\UM-Bootstrap\\UM-TestSuite-QA\\20220725_182523\\1658789209407.png]]

2022-07-25 18:46:49 - [TEST_STEP][FAILED] - check(findTestObject(path_AddUser + "input_No_lock")): Unable to check object 'Object Repository/AdminSuiteBootstrap_Pages/UM_Bootstrap/AddUser/input_No_lock' (Root cause: com.kms.katalon.core.exception.StepFailedException: Unable to check object 'Object Repository/AdminSuiteBootstrap_Pages/UM_Bootstrap/AddUser/input_No_lock'
	at com.kms.katalon.core.webui.keyword.internal.WebUIKeywordMain.stepFailed(WebUIKeywordMain.groovy:64)
	at com.kms.katalon.core.webui.keyword.internal.WebUIKeywordMain.runKeyword(WebUIKeywordMain.groovy:26)
	at com.kms.katalon.core.webui.keyword.builtin.CheckKeyword.check(CheckKeyword.groovy:88)
	at com.kms.katalon.core.webui.keyword.builtin.CheckKeyword.execute(CheckKeyword.groovy:67)
	at com.kms.katalon.core.keyword.internal.KeywordExecutor.executeKeywordForPlatform(KeywordExecutor.groovy:74)
	at com.kms.katalon.core.webui.keyword.WebUiBuiltInKeywords.check(WebUiBuiltInKeywords.groovy:1069)
	at com.kms.katalon.core.webui.keyword.WebUiBuiltInKeywords$check$4.call(Unknown Source)
	at AddUserSpCharFirstNameError.run(AddUserSpCharFirstNameError:80)
	at com.kms.katalon.core.main.ScriptEngine.run(ScriptEngine.java:194)
	at com.kms.katalon.core.main.ScriptEngine.runScriptAsRawText(ScriptEngine.java:119)
	at com.kms.katalon.core.main.TestCaseExecutor.runScript(TestCaseExecutor.java:442)
	at com.kms.katalon.core.main.TestCaseExecutor.doExecute(TestCaseExecutor.java:433)
	at com.kms.katalon.core.main.TestCaseExecutor.processExecutionPhase(TestCaseExecutor.java:412)
	at com.kms.katalon.core.main.TestCaseExecutor.accessMainPhase(TestCaseExecutor.java:404)
	at com.kms.katalon.core.main.TestCaseExecutor.execute(TestCaseExecutor.java:281)
	at com.kms.katalon.core.main.TestSuiteExecutor.accessTestCaseMainPhase(TestSuiteExecutor.java:202)
	at com.kms.katalon.core.main.TestSuiteExecutor.accessTestSuiteMainPhase(TestSuiteExecutor.java:164)
	at com.kms.katalon.core.main.TestSuiteExecutor.execute(TestSuiteExecutor.java:105)
	at com.kms.katalon.core.main.TestCaseMain.startTestSuite(TestCaseMain.java:185)
	at com.kms.katalon.core.main.TestCaseMain$startTestSuite$0.call(Unknown Source)
	at TempTestSuite1658787923991.run(TempTestSuite1658787923991.groovy:36)
Caused by: com.kms.katalon.core.webui.exception.WebElementNotFoundException: Web element with id: 'Object Repository/AdminSuiteBootstrap_Pages/UM_Bootstrap/AddUser/input_No_lock' located by '//*[@type = 'radio' and @name = 'lock' and @value = 'no']' not found
	at com.kms.katalon.core.webui.common.WebUiCommonHelper.findWebElement(WebUiCommonHelper.java:1370)
	at com.kms.katalon.core.webui.keyword.internal.WebUIAbstractKeyword.findWebElement(WebUIAbstractKeyword.groovy:27)
	at com.kms.katalon.core.webui.keyword.internal.WebUIAbstractKeyword.findWebElement(WebUIAbstractKeyword.groovy:26)
	at com.kms.katalon.core.webui.keyword.builtin.CheckKeyword$_check_closure1.doCall(CheckKeyword.groovy:77)
	at com.kms.katalon.core.webui.keyword.builtin.CheckKeyword$_check_closure1.call(CheckKeyword.groovy)
	at com.kms.katalon.core.webui.keyword.internal.WebUIKeywordMain.runKeyword(WebUIKeywordMain.groovy:20)
	at com.kms.katalon.core.webui.keyword.builtin.CheckKeyword.check(CheckKeyword.groovy:88)
	at com.kms.katalon.core.webui.keyword.builtin.CheckKeyword.execute(CheckKeyword.groovy:67)
	at com.kms.katalon.core.keyword.internal.KeywordExecutor.executeKeywordForPlatform(KeywordExecutor.groovy:74)
	at com.kms.katalon.core.webui.keyword.WebUiBuiltInKeywords.check(WebUiBuiltInKeywords.groovy:1069)
	at com.kms.katalon.core.webui.keyword.WebUiBuiltInKeywords$check$4.call(Unknown Source)
	at Script1658345837110.run(Script1658345837110.groovy:80)
	... 13 more
)

2022-07-25 18:47:20 - [MESSAGE][INFO] - Unable to find the element located by 'By.xpath: //*[@type = 'radio' and @name = 'lock' and @value = 'no']'. Please recheck the objects properties to make sure the desired element is located. 

2022-07-25 18:47:20 - [MESSAGE][WARNING] - [SELF-HEALING] Failed to find element with id 'Object Repository/AdminSuiteBootstrap_Pages/UM_Bootstrap/AddUser/input_No_lock'. Try using Self-healing.

2022-07-25 18:47:21 - [MESSAGE][INFO] - Unable to find the element located by 'By.xpath: (//input[@name='lock'])[2]'. Please recheck the objects properties to make sure the desired element is located. 

2022-07-25 18:47:22 - [MESSAGE][INFO] - [SELF-HEALING] Failed Locator: '(//input[@name='lock'])[2]'.

2022-07-25 18:47:22 - [MESSAGE][INFO] - [SELF-HEALING] Failed Locator: '//div[@id='addUser']/div/div/div/form/div[7]/div[2]/input'.

2022-07-25 18:47:22 - [MESSAGE][INFO] - [SELF-HEALING] Failed Locator: '//div[7]/div[2]/input'.

2022-07-25 18:47:22 - [MESSAGE][INFO] - [SELF-HEALING] Failed Locator: '//input[@type = 'radio' and @name = 'lock']'.

2022-07-25 18:47:24 - [MESSAGE][INFO] - Unable to find the element located by 'By.cssSelector: '. Please recheck the objects properties to make sure the desired element is located. 

2022-07-25 18:47:24 - [MESSAGE][FAILED] - Unable to check object 'Object Repository/AdminSuiteBootstrap_Pages/UM_Bootstrap/AddUser/input_No_lock' (Root cause: com.kms.katalon.core.exception.StepFailedException: Unable to check object 'Object Repository/AdminSuiteBootstrap_Pages/UM_Bootstrap/AddUser/input_No_lock'
	at com.kms.katalon.core.webui.keyword.internal.WebUIKeywordMain.stepFailed(WebUIKeywordMain.groovy:64)
	at com.kms.katalon.core.webui.keyword.internal.WebUIKeywordMain.runKeyword(WebUIKeywordMain.groovy:26)
	at com.kms.katalon.core.webui.keyword.builtin.CheckKeyword.check(CheckKeyword.groovy:88)
	at com.kms.katalon.core.webui.keyword.builtin.CheckKeyword.execute(CheckKeyword.groovy:67)
	at com.kms.katalon.core.keyword.internal.KeywordExecutor.executeKeywordForPlatform(KeywordExecutor.groovy:74)
	at com.kms.katalon.core.webui.keyword.WebUiBuiltInKeywords.check(WebUiBuiltInKeywords.groovy:1069)
	at com.kms.katalon.core.webui.keyword.WebUiBuiltInKeywords$check$4.call(Unknown Source)
	at AddUserSpCharFirstNameError.run(AddUserSpCharFirstNameError:80)
	at com.kms.katalon.core.main.ScriptEngine.run(ScriptEngine.java:194)
	at com.kms.katalon.core.main.ScriptEngine.runScriptAsRawText(ScriptEngine.java:119)
	at com.kms.katalon.core.main.TestCaseExecutor.runScript(TestCaseExecutor.java:442)
	at com.kms.katalon.core.main.TestCaseExecutor.doExecute(TestCaseExecutor.java:433)
	at com.kms.katalon.core.main.TestCaseExecutor.processExecutionPhase(TestCaseExecutor.java:412)
	at com.kms.katalon.core.main.TestCaseExecutor.accessMainPhase(TestCaseExecutor.java:404)
	at com.kms.katalon.core.main.TestCaseExecutor.execute(TestCaseExecutor.java:281)
	at com.kms.katalon.core.main.TestSuiteExecutor.accessTestCaseMainPhase(TestSuiteExecutor.java:202)
	at com.kms.katalon.core.main.TestSuiteExecutor.accessTestSuiteMainPhase(TestSuiteExecutor.java:164)
	at com.kms.katalon.core.main.TestSuiteExecutor.execute(TestSuiteExecutor.java:105)
	at com.kms.katalon.core.main.TestCaseMain.startTestSuite(TestCaseMain.java:185)
	at com.kms.katalon.core.main.TestCaseMain$startTestSuite$0.call(Unknown Source)
	at TempTestSuite1658787923991.run(TempTestSuite1658787923991.groovy:36)
Caused by: com.kms.katalon.core.webui.exception.WebElementNotFoundException: Web element with id: 'Object Repository/AdminSuiteBootstrap_Pages/UM_Bootstrap/AddUser/input_No_lock' located by '//*[@type = 'radio' and @name = 'lock' and @value = 'no']' not found
	at com.kms.katalon.core.webui.common.WebUiCommonHelper.findWebElement(WebUiCommonHelper.java:1370)
	at com.kms.katalon.core.webui.keyword.internal.WebUIAbstractKeyword.findWebElement(WebUIAbstractKeyword.groovy:27)
	at com.kms.katalon.core.webui.keyword.internal.WebUIAbstractKeyword.findWebElement(WebUIAbstractKeyword.groovy:26)
	at com.kms.katalon.core.webui.keyword.builtin.CheckKeyword$_check_closure1.doCall(CheckKeyword.groovy:77)
	at com.kms.katalon.core.webui.keyword.builtin.CheckKeyword$_check_closure1.call(CheckKeyword.groovy)
	at com.kms.katalon.core.webui.keyword.internal.WebUIKeywordMain.runKeyword(WebUIKeywordMain.groovy:20)
	at com.kms.katalon.core.webui.keyword.builtin.CheckKeyword.check(CheckKeyword.groovy:88)
	at com.kms.katalon.core.webui.keyword.builtin.CheckKeyword.execute(CheckKeyword.groovy:67)
	at com.kms.katalon.core.keyword.internal.KeywordExecutor.executeKeywordForPlatform(KeywordExecutor.groovy:74)
	at com.kms.katalon.core.webui.keyword.WebUiBuiltInKeywords.check(WebUiBuiltInKeywords.groovy:1069)
	at com.kms.katalon.core.webui.keyword.WebUiBuiltInKeywords$check$4.call(Unknown Source)
	at Script1658345837110.run(Script1658345837110.groovy:80)
	... 13 more
)
[[ATTACHMENT|E:\\Cloned-Project-Katalon\\VPS-Katalon\\Reports\\20220725_182523\\QA\\UM-Bootstrap\\UM-TestSuite-QA\\20220725_182523\\1658789244007.png]]

2022-07-25 18:47:24 - [TEST_STEP][FAILED] - click(findTestObject(path_AddUser + "button_Create")): Unable to click on object 'Object Repository/AdminSuiteBootstrap_Pages/UM_Bootstrap/AddUser/button_Create' (Root cause: com.kms.katalon.core.exception.StepFailedException: Unable to click on object 'Object Repository/AdminSuiteBootstrap_Pages/UM_Bootstrap/AddUser/button_Create'
	at com.kms.katalon.core.webui.keyword.internal.WebUIKeywordMain.stepFailed(WebUIKeywordMain.groovy:64)
	at com.kms.katalon.core.webui.keyword.internal.WebUIKeywordMain.runKeyword(WebUIKeywordMain.groovy:26)
	at com.kms.katalon.core.webui.keyword.builtin.ClickKeyword.click(ClickKeyword.groovy:74)
	at com.kms.katalon.core.webui.keyword.builtin.ClickKeyword.execute(ClickKeyword.groovy:40)
	at com.kms.katalon.core.keyword.internal.KeywordExecutor.executeKeywordForPlatform(KeywordExecutor.groovy:74)
	at com.kms.katalon.core.webui.keyword.WebUiBuiltInKeywords.click(WebUiBuiltInKeywords.groovy:620)
	at com.kms.katalon.core.webui.keyword.WebUiBuiltInKeywords$click$3.call(Unknown Source)
	at AddUserSpCharFirstNameError.run(AddUserSpCharFirstNameError:83)
	at com.kms.katalon.core.main.ScriptEngine.run(ScriptEngine.java:194)
	at com.kms.katalon.core.main.ScriptEngine.runScriptAsRawText(ScriptEngine.java:119)
	at com.kms.katalon.core.main.TestCaseExecutor.runScript(TestCaseExecutor.java:442)
	at com.kms.katalon.core.main.TestCaseExecutor.doExecute(TestCaseExecutor.java:433)
	at com.kms.katalon.core.main.TestCaseExecutor.processExecutionPhase(TestCaseExecutor.java:412)
	at com.kms.katalon.core.main.TestCaseExecutor.accessMainPhase(TestCaseExecutor.java:404)
	at com.kms.katalon.core.main.TestCaseExecutor.execute(TestCaseExecutor.java:281)
	at com.kms.katalon.core.main.TestSuiteExecutor.accessTestCaseMainPhase(TestSuiteExecutor.java:202)
	at com.kms.katalon.core.main.TestSuiteExecutor.accessTestSuiteMainPhase(TestSuiteExecutor.java:164)
	at com.kms.katalon.core.main.TestSuiteExecutor.execute(TestSuiteExecutor.java:105)
	at com.kms.katalon.core.main.TestCaseMain.startTestSuite(TestCaseMain.java:185)
	at com.kms.katalon.core.main.TestCaseMain$startTestSuite$0.call(Unknown Source)
	at TempTestSuite1658787923991.run(TempTestSuite1658787923991.groovy:36)
Caused by: com.kms.katalon.core.webui.exception.WebElementNotFoundException: Web element with id: 'Object Repository/AdminSuiteBootstrap_Pages/UM_Bootstrap/AddUser/button_Create' located by '//*[@type = 'submit' and (text() = 'Create' or . = 'Create')]' not found
	at com.kms.katalon.core.webui.common.WebUiCommonHelper.findWebElement(WebUiCommonHelper.java:1370)
	at com.kms.katalon.core.webui.keyword.internal.WebUIAbstractKeyword.findWebElement(WebUIAbstractKeyword.groovy:27)
	at com.kms.katalon.core.webui.keyword.builtin.ClickKeyword$_click_closure1.doCall(ClickKeyword.groovy:65)
	at com.kms.katalon.core.webui.keyword.builtin.ClickKeyword$_click_closure1.call(ClickKeyword.groovy)
	at com.kms.katalon.core.webui.keyword.internal.WebUIKeywordMain.runKeyword(WebUIKeywordMain.groovy:20)
	at com.kms.katalon.core.webui.keyword.builtin.ClickKeyword.click(ClickKeyword.groovy:74)
	at com.kms.katalon.core.webui.keyword.builtin.ClickKeyword.execute(ClickKeyword.groovy:40)
	at com.kms.katalon.core.keyword.internal.KeywordExecutor.executeKeywordForPlatform(KeywordExecutor.groovy:74)
	at com.kms.katalon.core.webui.keyword.WebUiBuiltInKeywords.click(WebUiBuiltInKeywords.groovy:620)
	at com.kms.katalon.core.webui.keyword.WebUiBuiltInKeywords$click$3.call(Unknown Source)
	at Script1658345837110.run(Script1658345837110.groovy:83)
	... 13 more
)

2022-07-25 18:47:55 - [MESSAGE][INFO] - Unable to find the element located by 'By.xpath: //*[@type = 'submit' and (text() = 'Create' or . = 'Create')]'. Please recheck the objects properties to make sure the desired element is located. 

2022-07-25 18:47:55 - [MESSAGE][WARNING] - [SELF-HEALING] Failed to find element with id 'Object Repository/AdminSuiteBootstrap_Pages/UM_Bootstrap/AddUser/button_Create'. Try using Self-healing.

2022-07-25 18:47:56 - [MESSAGE][INFO] - Unable to find the element located by 'By.xpath: (//button[@type='submit'])[2]'. Please recheck the objects properties to make sure the desired element is located. 

2022-07-25 18:47:56 - [MESSAGE][INFO] - [SELF-HEALING] Failed Locator: '(//button[@type='submit'])[2]'.

2022-07-25 18:47:57 - [MESSAGE][INFO] - [SELF-HEALING] Failed Locator: '//div[@id='addUser']/div/div/div/form/div[8]/button'.

2022-07-25 18:47:57 - [MESSAGE][INFO] - [SELF-HEALING] Failed Locator: '(.//*[normalize-space(text()) and normalize-space(.)='No'])[1]/following::button[1]'.

2022-07-25 18:47:57 - [MESSAGE][INFO] - [SELF-HEALING] Failed Locator: '(.//*[normalize-space(text()) and normalize-space(.)='Yes'])[1]/following::button[1]'.

2022-07-25 18:47:57 - [MESSAGE][INFO] - [SELF-HEALING] Failed Locator: '(.//*[normalize-space(text()) and normalize-space(.)='Capture object:'])[1]/preceding::button[1]'.

2022-07-25 18:47:58 - [MESSAGE][INFO] - [SELF-HEALING] Failed Locator: '(.//*[normalize-space(text()) and normalize-space(.)='Alt'])[1]/preceding::button[1]'.

2022-07-25 18:47:58 - [MESSAGE][INFO] - [SELF-HEALING] Failed Locator: '//*/text()[normalize-space(.)='Create']/parent::*'.

2022-07-25 18:47:58 - [MESSAGE][INFO] - [SELF-HEALING] Failed Locator: '//div[8]/button'.

2022-07-25 18:47:58 - [MESSAGE][INFO] - [SELF-HEALING] Failed Locator: '//button[@type = 'submit' and (text() = 'Create' or . = 'Create')]'.

2022-07-25 18:48:00 - [MESSAGE][INFO] - Unable to find the element located by 'By.cssSelector: form.form-add-user > div.tile-footer.text-right.mx-2 > button.btn.btn-primary.mb-4'. Please recheck the objects properties to make sure the desired element is located. 

2022-07-25 18:48:00 - [MESSAGE][FAILED] - Unable to click on object 'Object Repository/AdminSuiteBootstrap_Pages/UM_Bootstrap/AddUser/button_Create' (Root cause: com.kms.katalon.core.exception.StepFailedException: Unable to click on object 'Object Repository/AdminSuiteBootstrap_Pages/UM_Bootstrap/AddUser/button_Create'
	at com.kms.katalon.core.webui.keyword.internal.WebUIKeywordMain.stepFailed(WebUIKeywordMain.groovy:64)
	at com.kms.katalon.core.webui.keyword.internal.WebUIKeywordMain.runKeyword(WebUIKeywordMain.groovy:26)
	at com.kms.katalon.core.webui.keyword.builtin.ClickKeyword.click(ClickKeyword.groovy:74)
	at com.kms.katalon.core.webui.keyword.builtin.ClickKeyword.execute(ClickKeyword.groovy:40)
	at com.kms.katalon.core.keyword.internal.KeywordExecutor.executeKeywordForPlatform(KeywordExecutor.groovy:74)
	at com.kms.katalon.core.webui.keyword.WebUiBuiltInKeywords.click(WebUiBuiltInKeywords.groovy:620)
	at com.kms.katalon.core.webui.keyword.WebUiBuiltInKeywords$click$3.call(Unknown Source)
	at AddUserSpCharFirstNameError.run(AddUserSpCharFirstNameError:83)
	at com.kms.katalon.core.main.ScriptEngine.run(ScriptEngine.java:194)
	at com.kms.katalon.core.main.ScriptEngine.runScriptAsRawText(ScriptEngine.java:119)
	at com.kms.katalon.core.main.TestCaseExecutor.runScript(TestCaseExecutor.java:442)
	at com.kms.katalon.core.main.TestCaseExecutor.doExecute(TestCaseExecutor.java:433)
	at com.kms.katalon.core.main.TestCaseExecutor.processExecutionPhase(TestCaseExecutor.java:412)
	at com.kms.katalon.core.main.TestCaseExecutor.accessMainPhase(TestCaseExecutor.java:404)
	at com.kms.katalon.core.main.TestCaseExecutor.execute(TestCaseExecutor.java:281)
	at com.kms.katalon.core.main.TestSuiteExecutor.accessTestCaseMainPhase(TestSuiteExecutor.java:202)
	at com.kms.katalon.core.main.TestSuiteExecutor.accessTestSuiteMainPhase(TestSuiteExecutor.java:164)
	at com.kms.katalon.core.main.TestSuiteExecutor.execute(TestSuiteExecutor.java:105)
	at com.kms.katalon.core.main.TestCaseMain.startTestSuite(TestCaseMain.java:185)
	at com.kms.katalon.core.main.TestCaseMain$startTestSuite$0.call(Unknown Source)
	at TempTestSuite1658787923991.run(TempTestSuite1658787923991.groovy:36)
Caused by: com.kms.katalon.core.webui.exception.WebElementNotFoundException: Web element with id: 'Object Repository/AdminSuiteBootstrap_Pages/UM_Bootstrap/AddUser/button_Create' located by '//*[@type = 'submit' and (text() = 'Create' or . = 'Create')]' not found
	at com.kms.katalon.core.webui.common.WebUiCommonHelper.findWebElement(WebUiCommonHelper.java:1370)
	at com.kms.katalon.core.webui.keyword.internal.WebUIAbstractKeyword.findWebElement(WebUIAbstractKeyword.groovy:27)
	at com.kms.katalon.core.webui.keyword.builtin.ClickKeyword$_click_closure1.doCall(ClickKeyword.groovy:65)
	at com.kms.katalon.core.webui.keyword.builtin.ClickKeyword$_click_closure1.call(ClickKeyword.groovy)
	at com.kms.katalon.core.webui.keyword.internal.WebUIKeywordMain.runKeyword(WebUIKeywordMain.groovy:20)
	at com.kms.katalon.core.webui.keyword.builtin.ClickKeyword.click(ClickKeyword.groovy:74)
	at com.kms.katalon.core.webui.keyword.builtin.ClickKeyword.execute(ClickKeyword.groovy:40)
	at com.kms.katalon.core.keyword.internal.KeywordExecutor.executeKeywordForPlatform(KeywordExecutor.groovy:74)
	at com.kms.katalon.core.webui.keyword.WebUiBuiltInKeywords.click(WebUiBuiltInKeywords.groovy:620)
	at com.kms.katalon.core.webui.keyword.WebUiBuiltInKeywords$click$3.call(Unknown Source)
	at Script1658345837110.run(Script1658345837110.groovy:83)
	... 13 more
)
[[ATTACHMENT|E:\\Cloned-Project-Katalon\\VPS-Katalon\\Reports\\20220725_182523\\QA\\UM-Bootstrap\\UM-TestSuite-QA\\20220725_182523\\1658789280016.png]]

2022-07-25 18:48:00 - [TEST_STEP][FAILED] - verifyTextPresent("Error! Please provide the following required information as indicated below", true): Text 'Error! Please provide the following required information as indicated below' is not present on page  using regular expression (Root cause: com.kms.katalon.core.exception.StepFailedException: Text 'Error! Please provide the following required information as indicated below' is not present on page  using regular expression
	at com.kms.katalon.core.webui.keyword.internal.WebUIKeywordMain.stepFailed(WebUIKeywordMain.groovy:64)
	at com.kms.katalon.core.webui.keyword.builtin.VerifyTextPresentKeyword$_verifyTextPresent_closure1.doCall(VerifyTextPresentKeyword.groovy:79)
	at com.kms.katalon.core.webui.keyword.builtin.VerifyTextPresentKeyword$_verifyTextPresent_closure1.call(VerifyTextPresentKeyword.groovy)
	at com.kms.katalon.core.webui.keyword.internal.WebUIKeywordMain.runKeyword(WebUIKeywordMain.groovy:20)
	at com.kms.katalon.core.webui.keyword.builtin.VerifyTextPresentKeyword.verifyTextPresent(VerifyTextPresentKeyword.groovy:83)
	at com.kms.katalon.core.webui.keyword.builtin.VerifyTextPresentKeyword.execute(VerifyTextPresentKeyword.groovy:68)
	at com.kms.katalon.core.keyword.internal.KeywordExecutor.executeKeywordForPlatform(KeywordExecutor.groovy:74)
	at com.kms.katalon.core.webui.keyword.WebUiBuiltInKeywords.verifyTextPresent(WebUiBuiltInKeywords.groovy:1723)
	at com.kms.katalon.core.webui.keyword.WebUiBuiltInKeywords$verifyTextPresent$5.call(Unknown Source)
	at AddUserSpCharFirstNameError.run(AddUserSpCharFirstNameError:86)
	at com.kms.katalon.core.main.ScriptEngine.run(ScriptEngine.java:194)
	at com.kms.katalon.core.main.ScriptEngine.runScriptAsRawText(ScriptEngine.java:119)
	at com.kms.katalon.core.main.TestCaseExecutor.runScript(TestCaseExecutor.java:442)
	at com.kms.katalon.core.main.TestCaseExecutor.doExecute(TestCaseExecutor.java:433)
	at com.kms.katalon.core.main.TestCaseExecutor.processExecutionPhase(TestCaseExecutor.java:412)
	at com.kms.katalon.core.main.TestCaseExecutor.accessMainPhase(TestCaseExecutor.java:404)
	at com.kms.katalon.core.main.TestCaseExecutor.execute(TestCaseExecutor.java:281)
	at com.kms.katalon.core.main.TestSuiteExecutor.accessTestCaseMainPhase(TestSuiteExecutor.java:202)
	at com.kms.katalon.core.main.TestSuiteExecutor.accessTestSuiteMainPhase(TestSuiteExecutor.java:164)
	at com.kms.katalon.core.main.TestSuiteExecutor.execute(TestSuiteExecutor.java:105)
	at com.kms.katalon.core.main.TestCaseMain.startTestSuite(TestCaseMain.java:185)
	at com.kms.katalon.core.main.TestCaseMain$startTestSuite$0.call(Unknown Source)
	at TempTestSuite1658787923991.run(TempTestSuite1658787923991.groovy:36)
)

2022-07-25 18:48:00 - [MESSAGE][FAILED] - Text 'Error! Please provide the following required information as indicated below' is not present on page  using regular expression (Root cause: com.kms.katalon.core.exception.StepFailedException: Text 'Error! Please provide the following required information as indicated below' is not present on page  using regular expression
	at com.kms.katalon.core.webui.keyword.internal.WebUIKeywordMain.stepFailed(WebUIKeywordMain.groovy:64)
	at com.kms.katalon.core.webui.keyword.builtin.VerifyTextPresentKeyword$_verifyTextPresent_closure1.doCall(VerifyTextPresentKeyword.groovy:79)
	at com.kms.katalon.core.webui.keyword.builtin.VerifyTextPresentKeyword$_verifyTextPresent_closure1.call(VerifyTextPresentKeyword.groovy)
	at com.kms.katalon.core.webui.keyword.internal.WebUIKeywordMain.runKeyword(WebUIKeywordMain.groovy:20)
	at com.kms.katalon.core.webui.keyword.builtin.VerifyTextPresentKeyword.verifyTextPresent(VerifyTextPresentKeyword.groovy:83)
	at com.kms.katalon.core.webui.keyword.builtin.VerifyTextPresentKeyword.execute(VerifyTextPresentKeyword.groovy:68)
	at com.kms.katalon.core.keyword.internal.KeywordExecutor.executeKeywordForPlatform(KeywordExecutor.groovy:74)
	at com.kms.katalon.core.webui.keyword.WebUiBuiltInKeywords.verifyTextPresent(WebUiBuiltInKeywords.groovy:1723)
	at com.kms.katalon.core.webui.keyword.WebUiBuiltInKeywords$verifyTextPresent$5.call(Unknown Source)
	at AddUserSpCharFirstNameError.run(AddUserSpCharFirstNameError:86)
	at com.kms.katalon.core.main.ScriptEngine.run(ScriptEngine.java:194)
	at com.kms.katalon.core.main.ScriptEngine.runScriptAsRawText(ScriptEngine.java:119)
	at com.kms.katalon.core.main.TestCaseExecutor.runScript(TestCaseExecutor.java:442)
	at com.kms.katalon.core.main.TestCaseExecutor.doExecute(TestCaseExecutor.java:433)
	at com.kms.katalon.core.main.TestCaseExecutor.processExecutionPhase(TestCaseExecutor.java:412)
	at com.kms.katalon.core.main.TestCaseExecutor.accessMainPhase(TestCaseExecutor.java:404)
	at com.kms.katalon.core.main.TestCaseExecutor.execute(TestCaseExecutor.java:281)
	at com.kms.katalon.core.main.TestSuiteExecutor.accessTestCaseMainPhase(TestSuiteExecutor.java:202)
	at com.kms.katalon.core.main.TestSuiteExecutor.accessTestSuiteMainPhase(TestSuiteExecutor.java:164)
	at com.kms.katalon.core.main.TestSuiteExecutor.execute(TestSuiteExecutor.java:105)
	at com.kms.katalon.core.main.TestCaseMain.startTestSuite(TestCaseMain.java:185)
	at com.kms.katalon.core.main.TestCaseMain$startTestSuite$0.call(Unknown Source)
	at TempTestSuite1658787923991.run(TempTestSuite1658787923991.groovy:36)
)

2022-07-25 18:48:00 - [TEST_STEP][FAILED] - verifyTextPresent("Username may only be comprised of alphanumeric characters, the underscore "_" character, the at "@" symbol, and the period "."Username may only be comprised of alphanumeric characters, the underscore "_" character, the at "@" symbol, and the period "."", true): Text 'Username may only be comprised of alphanumeric characters, the underscore "_" character, the at "@" symbol, and the period "."Username may only be comprised of alphanumeric characters, the underscore "_" character, the at "@" symbol, and the period "."' is not present on page  using regular expression (Root cause: com.kms.katalon.core.exception.StepFailedException: Text 'Username may only be comprised of alphanumeric characters, the underscore "_" character, the at "@" symbol, and the period "."Username may only be comprised of alphanumeric characters, the underscore "_" character, the at "@" symbol, and the period "."' is not present on page  using regular expression
	at com.kms.katalon.core.webui.keyword.internal.WebUIKeywordMain.stepFailed(WebUIKeywordMain.groovy:64)
	at com.kms.katalon.core.webui.keyword.builtin.VerifyTextPresentKeyword$_verifyTextPresent_closure1.doCall(VerifyTextPresentKeyword.groovy:79)
	at com.kms.katalon.core.webui.keyword.builtin.VerifyTextPresentKeyword$_verifyTextPresent_closure1.call(VerifyTextPresentKeyword.groovy)
	at com.kms.katalon.core.webui.keyword.internal.WebUIKeywordMain.runKeyword(WebUIKeywordMain.groovy:20)
	at com.kms.katalon.core.webui.keyword.builtin.VerifyTextPresentKeyword.verifyTextPresent(VerifyTextPresentKeyword.groovy:83)
	at com.kms.katalon.core.webui.keyword.builtin.VerifyTextPresentKeyword.execute(VerifyTextPresentKeyword.groovy:68)
	at com.kms.katalon.core.keyword.internal.KeywordExecutor.executeKeywordForPlatform(KeywordExecutor.groovy:74)
	at com.kms.katalon.core.webui.keyword.WebUiBuiltInKeywords.verifyTextPresent(WebUiBuiltInKeywords.groovy:1723)
	at com.kms.katalon.core.webui.keyword.WebUiBuiltInKeywords$verifyTextPresent$5.call(Unknown Source)
	at AddUserSpCharFirstNameError.run(AddUserSpCharFirstNameError:87)
	at com.kms.katalon.core.main.ScriptEngine.run(ScriptEngine.java:194)
	at com.kms.katalon.core.main.ScriptEngine.runScriptAsRawText(ScriptEngine.java:119)
	at com.kms.katalon.core.main.TestCaseExecutor.runScript(TestCaseExecutor.java:442)
	at com.kms.katalon.core.main.TestCaseExecutor.doExecute(TestCaseExecutor.java:433)
	at com.kms.katalon.core.main.TestCaseExecutor.processExecutionPhase(TestCaseExecutor.java:412)
	at com.kms.katalon.core.main.TestCaseExecutor.accessMainPhase(TestCaseExecutor.java:404)
	at com.kms.katalon.core.main.TestCaseExecutor.execute(TestCaseExecutor.java:281)
	at com.kms.katalon.core.main.TestSuiteExecutor.accessTestCaseMainPhase(TestSuiteExecutor.java:202)
	at com.kms.katalon.core.main.TestSuiteExecutor.accessTestSuiteMainPhase(TestSuiteExecutor.java:164)
	at com.kms.katalon.core.main.TestSuiteExecutor.execute(TestSuiteExecutor.java:105)
	at com.kms.katalon.core.main.TestCaseMain.startTestSuite(TestCaseMain.java:185)
	at com.kms.katalon.core.main.TestCaseMain$startTestSuite$0.call(Unknown Source)
	at TempTestSuite1658787923991.run(TempTestSuite1658787923991.groovy:36)
)

2022-07-25 18:48:00 - [MESSAGE][FAILED] - Text 'Username may only be comprised of alphanumeric characters, the underscore "_" character, the at "@" symbol, and the period "."Username may only be comprised of alphanumeric characters, the underscore "_" character, the at "@" symbol, and the period "."' is not present on page  using regular expression (Root cause: com.kms.katalon.core.exception.StepFailedException: Text 'Username may only be comprised of alphanumeric characters, the underscore "_" character, the at "@" symbol, and the period "."Username may only be comprised of alphanumeric characters, the underscore "_" character, the at "@" symbol, and the period "."' is not present on page  using regular expression
	at com.kms.katalon.core.webui.keyword.internal.WebUIKeywordMain.stepFailed(WebUIKeywordMain.groovy:64)
	at com.kms.katalon.core.webui.keyword.builtin.VerifyTextPresentKeyword$_verifyTextPresent_closure1.doCall(VerifyTextPresentKeyword.groovy:79)
	at com.kms.katalon.core.webui.keyword.builtin.VerifyTextPresentKeyword$_verifyTextPresent_closure1.call(VerifyTextPresentKeyword.groovy)
	at com.kms.katalon.core.webui.keyword.internal.WebUIKeywordMain.runKeyword(WebUIKeywordMain.groovy:20)
	at com.kms.katalon.core.webui.keyword.builtin.VerifyTextPresentKeyword.verifyTextPresent(VerifyTextPresentKeyword.groovy:83)
	at com.kms.katalon.core.webui.keyword.builtin.VerifyTextPresentKeyword.execute(VerifyTextPresentKeyword.groovy:68)
	at com.kms.katalon.core.keyword.internal.KeywordExecutor.executeKeywordForPlatform(KeywordExecutor.groovy:74)
	at com.kms.katalon.core.webui.keyword.WebUiBuiltInKeywords.verifyTextPresent(WebUiBuiltInKeywords.groovy:1723)
	at com.kms.katalon.core.webui.keyword.WebUiBuiltInKeywords$verifyTextPresent$5.call(Unknown Source)
	at AddUserSpCharFirstNameError.run(AddUserSpCharFirstNameError:87)
	at com.kms.katalon.core.main.ScriptEngine.run(ScriptEngine.java:194)
	at com.kms.katalon.core.main.ScriptEngine.runScriptAsRawText(ScriptEngine.java:119)
	at com.kms.katalon.core.main.TestCaseExecutor.runScript(TestCaseExecutor.java:442)
	at com.kms.katalon.core.main.TestCaseExecutor.doExecute(TestCaseExecutor.java:433)
	at com.kms.katalon.core.main.TestCaseExecutor.processExecutionPhase(TestCaseExecutor.java:412)
	at com.kms.katalon.core.main.TestCaseExecutor.accessMainPhase(TestCaseExecutor.java:404)
	at com.kms.katalon.core.main.TestCaseExecutor.execute(TestCaseExecutor.java:281)
	at com.kms.katalon.core.main.TestSuiteExecutor.accessTestCaseMainPhase(TestSuiteExecutor.java:202)
	at com.kms.katalon.core.main.TestSuiteExecutor.accessTestSuiteMainPhase(TestSuiteExecutor.java:164)
	at com.kms.katalon.core.main.TestSuiteExecutor.execute(TestSuiteExecutor.java:105)
	at com.kms.katalon.core.main.TestCaseMain.startTestSuite(TestCaseMain.java:185)
	at com.kms.katalon.core.main.TestCaseMain$startTestSuite$0.call(Unknown Source)
	at TempTestSuite1658787923991.run(TempTestSuite1658787923991.groovy:36)
)

2022-07-25 18:48:00 - [TEST_STEP][PASSED] - closeBrowser(): Browser is closed

2022-07-25 18:48:02 - [MESSAGE][PASSED] - Browser is closed

2022-07-25 18:48:02 - [TEST_STEP][PASSED] - ExecuteTC = findTestData(dataFile).getValue("Execute", row): null

2022-07-25 18:48:02 - [TEST_STEP][PASSED] - out.println("Value of Execute is : " + ExecuteTC): null

2022-07-25 18:48:02 - [TEST_STEP][FAILED] - if (ExecuteTC.equalsIgnoreCase("Y")): null

2022-07-25 18:48:02 - [TEST_STEP][PASSED] - out.println("Begin Record Number: " + row): null

2022-07-25 18:48:02 - [TEST_STEP][PASSED] - adminSuiteBootstrap.loginFunctionality.login_AdminSuite(): adminSuiteBootstrap.loginFunctionality.login_AdminSuite is PASSED

2022-07-25 18:48:02 - [MESSAGE][INFO] - Starting 'Chrome' driver

2022-07-25 18:48:02 - [MESSAGE][INFO] - User set preference: ['acceptInsecureCerts', 'true']

2022-07-25 18:48:02 - [MESSAGE][INFO] - Action delay is set to 0 milliseconds

2022-07-25 18:48:04 - [MESSAGE][PASSED] - Browser is opened with url: 'https://qa.velocitypayment.com/admin/imtiaz'

2022-07-25 18:48:04 - [MESSAGE][PASSED] - Current window maximized

2022-07-25 18:48:05 - [MESSAGE][PASSED] - Object 'Object Repository/Login_Page/Login_Username' is present

2022-07-25 18:48:05 - [MESSAGE][PASSED] - Text 'iahmed' is set on object 'Object Repository/Login_Page/Login_Username'

2022-07-25 18:48:06 - [MESSAGE][PASSED] - Text 'hello2222' is set on object 'Object Repository/Login_Page/Login_Password'

2022-07-25 18:48:10 - [MESSAGE][PASSED] - Object: 'Object Repository/Login_Page/Login_Submit' is clicked on

2022-07-25 18:48:10 - [MESSAGE][PASSED] - adminSuiteBootstrap.loginFunctionality.login_AdminSuite is PASSED

2022-07-25 18:48:10 - [TEST_STEP][PASSED] - click(findTestObject(path_Dashboard + "a_Access User Management")): Object: 'Object Repository/AdminSuiteBootstrap_Pages/Dashboard_Bootstrap/a_Access User Management' is clicked on

2022-07-25 18:48:11 - [MESSAGE][PASSED] - Object: 'Object Repository/AdminSuiteBootstrap_Pages/Dashboard_Bootstrap/a_Access User Management' is clicked on

2022-07-25 18:48:11 - [TEST_STEP][PASSED] - click(findTestObject(path_Users + "a_Add User")): Object: 'Object Repository/AdminSuiteBootstrap_Pages/UM_Bootstrap/Users/a_Add User' is clicked on

2022-07-25 18:48:11 - [MESSAGE][PASSED] - Object: 'Object Repository/AdminSuiteBootstrap_Pages/UM_Bootstrap/Users/a_Add User' is clicked on

2022-07-25 18:48:11 - [TEST_STEP][PASSED] - buildUsername = pages.GenerateRandom.getRandomAlpha(): pages.GenerateRandom.getRandomAlpha is PASSED

2022-07-25 18:48:11 - [MESSAGE][PASSED] - pages.GenerateRandom.getRandomAlpha is PASSED

2022-07-25 18:48:11 - [TEST_STEP][PASSED] - prefixUsername = findTestData(dataFile).getValue("Firstname", row): null

2022-07-25 18:48:11 - [TEST_STEP][PASSED] - spUsername = prefixUsername + buildUsername: null

2022-07-25 18:48:11 - [TEST_STEP][PASSED] - setText(findTestObject(path_AddUser + "input_EmailAddress"), "iahmed@govolution.com"): Text 'iahmed@govolution.com' is set on object 'Object Repository/AdminSuiteBootstrap_Pages/UM_Bootstrap/AddUser/input_EmailAddress'

2022-07-25 18:48:12 - [MESSAGE][PASSED] - Text 'iahmed@govolution.com' is set on object 'Object Repository/AdminSuiteBootstrap_Pages/UM_Bootstrap/AddUser/input_EmailAddress'

2022-07-25 18:48:12 - [TEST_STEP][PASSED] - setText(findTestObject(path_AddUser + "input_Username"), buildUsername): Text 'mkWggLdxG' is set on object 'Object Repository/AdminSuiteBootstrap_Pages/UM_Bootstrap/AddUser/input_Username'

2022-07-25 18:48:13 - [MESSAGE][PASSED] - Text 'mkWggLdxG' is set on object 'Object Repository/AdminSuiteBootstrap_Pages/UM_Bootstrap/AddUser/input_Username'

2022-07-25 18:48:13 - [TEST_STEP][PASSED] - setText(findTestObject(path_AddUser + "input_FirstName"), spUsername): Text '@mkWggLdxG' is set on object 'Object Repository/AdminSuiteBootstrap_Pages/UM_Bootstrap/AddUser/input_FirstName'

2022-07-25 18:48:13 - [MESSAGE][PASSED] - Text '@mkWggLdxG' is set on object 'Object Repository/AdminSuiteBootstrap_Pages/UM_Bootstrap/AddUser/input_FirstName'

2022-07-25 18:48:13 - [TEST_STEP][PASSED] - setText(findTestObject(path_AddUser + "input_LastName"), "Luka"): Text 'Luka' is set on object 'Object Repository/AdminSuiteBootstrap_Pages/UM_Bootstrap/AddUser/input_LastName'

2022-07-25 18:48:14 - [MESSAGE][PASSED] - Text 'Luka' is set on object 'Object Repository/AdminSuiteBootstrap_Pages/UM_Bootstrap/AddUser/input_LastName'

2022-07-25 18:48:14 - [TEST_STEP][PASSED] - setText(findTestObject(path_AddUser + "input_Password"), "hello6666"): Text 'hello6666' is set on object 'Object Repository/AdminSuiteBootstrap_Pages/UM_Bootstrap/AddUser/input_Password'

2022-07-25 18:48:15 - [MESSAGE][PASSED] - Text 'hello6666' is set on object 'Object Repository/AdminSuiteBootstrap_Pages/UM_Bootstrap/AddUser/input_Password'

2022-07-25 18:48:15 - [TEST_STEP][PASSED] - setText(findTestObject(path_AddUser + "input_ConfirmPassword"), "hello6666"): Text 'hello6666' is set on object 'Object Repository/AdminSuiteBootstrap_Pages/UM_Bootstrap/AddUser/input_ConfirmPassword'

2022-07-25 18:48:15 - [MESSAGE][PASSED] - Text 'hello6666' is set on object 'Object Repository/AdminSuiteBootstrap_Pages/UM_Bootstrap/AddUser/input_ConfirmPassword'

2022-07-25 18:48:15 - [TEST_STEP][PASSED] - check(findTestObject(path_AddUser + "input_No_lock")): Object 'Object Repository/AdminSuiteBootstrap_Pages/UM_Bootstrap/AddUser/input_No_lock' is checked

2022-07-25 18:48:16 - [MESSAGE][PASSED] - Object 'Object Repository/AdminSuiteBootstrap_Pages/UM_Bootstrap/AddUser/input_No_lock' is checked

2022-07-25 18:48:16 - [TEST_STEP][PASSED] - click(findTestObject(path_AddUser + "button_Create")): Object: 'Object Repository/AdminSuiteBootstrap_Pages/UM_Bootstrap/AddUser/button_Create' is clicked on

2022-07-25 18:48:17 - [MESSAGE][PASSED] - Object: 'Object Repository/AdminSuiteBootstrap_Pages/UM_Bootstrap/AddUser/button_Create' is clicked on

2022-07-25 18:48:17 - [TEST_STEP][PASSED] - verifyTextPresent("Error! Please provide the following required information as indicated below", true): Text 'Error! Please provide the following required information as indicated below' is present on page  using regular expression

2022-07-25 18:48:17 - [MESSAGE][PASSED] - Text 'Error! Please provide the following required information as indicated below' is present on page  using regular expression

2022-07-25 18:48:17 - [TEST_STEP][FAILED] - verifyTextPresent("Username may only be comprised of alphanumeric characters, the underscore "_" character, the at "@" symbol, and the period "."Username may only be comprised of alphanumeric characters, the underscore "_" character, the at "@" symbol, and the period "."", true): Text 'Username may only be comprised of alphanumeric characters, the underscore "_" character, the at "@" symbol, and the period "."Username may only be comprised of alphanumeric characters, the underscore "_" character, the at "@" symbol, and the period "."' is not present on page  using regular expression (Root cause: com.kms.katalon.core.exception.StepFailedException: Text 'Username may only be comprised of alphanumeric characters, the underscore "_" character, the at "@" symbol, and the period "."Username may only be comprised of alphanumeric characters, the underscore "_" character, the at "@" symbol, and the period "."' is not present on page  using regular expression
	at com.kms.katalon.core.webui.keyword.internal.WebUIKeywordMain.stepFailed(WebUIKeywordMain.groovy:64)
	at com.kms.katalon.core.webui.keyword.builtin.VerifyTextPresentKeyword$_verifyTextPresent_closure1.doCall(VerifyTextPresentKeyword.groovy:79)
	at com.kms.katalon.core.webui.keyword.builtin.VerifyTextPresentKeyword$_verifyTextPresent_closure1.call(VerifyTextPresentKeyword.groovy)
	at com.kms.katalon.core.webui.keyword.internal.WebUIKeywordMain.runKeyword(WebUIKeywordMain.groovy:20)
	at com.kms.katalon.core.webui.keyword.builtin.VerifyTextPresentKeyword.verifyTextPresent(VerifyTextPresentKeyword.groovy:83)
	at com.kms.katalon.core.webui.keyword.builtin.VerifyTextPresentKeyword.execute(VerifyTextPresentKeyword.groovy:68)
	at com.kms.katalon.core.keyword.internal.KeywordExecutor.executeKeywordForPlatform(KeywordExecutor.groovy:74)
	at com.kms.katalon.core.webui.keyword.WebUiBuiltInKeywords.verifyTextPresent(WebUiBuiltInKeywords.groovy:1723)
	at com.kms.katalon.core.webui.keyword.WebUiBuiltInKeywords$verifyTextPresent$5.call(Unknown Source)
	at AddUserSpCharFirstNameError.run(AddUserSpCharFirstNameError:87)
	at com.kms.katalon.core.main.ScriptEngine.run(ScriptEngine.java:194)
	at com.kms.katalon.core.main.ScriptEngine.runScriptAsRawText(ScriptEngine.java:119)
	at com.kms.katalon.core.main.TestCaseExecutor.runScript(TestCaseExecutor.java:442)
	at com.kms.katalon.core.main.TestCaseExecutor.doExecute(TestCaseExecutor.java:433)
	at com.kms.katalon.core.main.TestCaseExecutor.processExecutionPhase(TestCaseExecutor.java:412)
	at com.kms.katalon.core.main.TestCaseExecutor.accessMainPhase(TestCaseExecutor.java:404)
	at com.kms.katalon.core.main.TestCaseExecutor.execute(TestCaseExecutor.java:281)
	at com.kms.katalon.core.main.TestSuiteExecutor.accessTestCaseMainPhase(TestSuiteExecutor.java:202)
	at com.kms.katalon.core.main.TestSuiteExecutor.accessTestSuiteMainPhase(TestSuiteExecutor.java:164)
	at com.kms.katalon.core.main.TestSuiteExecutor.execute(TestSuiteExecutor.java:105)
	at com.kms.katalon.core.main.TestCaseMain.startTestSuite(TestCaseMain.java:185)
	at com.kms.katalon.core.main.TestCaseMain$startTestSuite$0.call(Unknown Source)
	at TempTestSuite1658787923991.run(TempTestSuite1658787923991.groovy:36)
)

2022-07-25 18:48:17 - [MESSAGE][FAILED] - Text 'Username may only be comprised of alphanumeric characters, the underscore "_" character, the at "@" symbol, and the period "."Username may only be comprised of alphanumeric characters, the underscore "_" character, the at "@" symbol, and the period "."' is not present on page  using regular expression (Root cause: com.kms.katalon.core.exception.StepFailedException: Text 'Username may only be comprised of alphanumeric characters, the underscore "_" character, the at "@" symbol, and the period "."Username may only be comprised of alphanumeric characters, the underscore "_" character, the at "@" symbol, and the period "."' is not present on page  using regular expression
	at com.kms.katalon.core.webui.keyword.internal.WebUIKeywordMain.stepFailed(WebUIKeywordMain.groovy:64)
	at com.kms.katalon.core.webui.keyword.builtin.VerifyTextPresentKeyword$_verifyTextPresent_closure1.doCall(VerifyTextPresentKeyword.groovy:79)
	at com.kms.katalon.core.webui.keyword.builtin.VerifyTextPresentKeyword$_verifyTextPresent_closure1.call(VerifyTextPresentKeyword.groovy)
	at com.kms.katalon.core.webui.keyword.internal.WebUIKeywordMain.runKeyword(WebUIKeywordMain.groovy:20)
	at com.kms.katalon.core.webui.keyword.builtin.VerifyTextPresentKeyword.verifyTextPresent(VerifyTextPresentKeyword.groovy:83)
	at com.kms.katalon.core.webui.keyword.builtin.VerifyTextPresentKeyword.execute(VerifyTextPresentKeyword.groovy:68)
	at com.kms.katalon.core.keyword.internal.KeywordExecutor.executeKeywordForPlatform(KeywordExecutor.groovy:74)
	at com.kms.katalon.core.webui.keyword.WebUiBuiltInKeywords.verifyTextPresent(WebUiBuiltInKeywords.groovy:1723)
	at com.kms.katalon.core.webui.keyword.WebUiBuiltInKeywords$verifyTextPresent$5.call(Unknown Source)
	at AddUserSpCharFirstNameError.run(AddUserSpCharFirstNameError:87)
	at com.kms.katalon.core.main.ScriptEngine.run(ScriptEngine.java:194)
	at com.kms.katalon.core.main.ScriptEngine.runScriptAsRawText(ScriptEngine.java:119)
	at com.kms.katalon.core.main.TestCaseExecutor.runScript(TestCaseExecutor.java:442)
	at com.kms.katalon.core.main.TestCaseExecutor.doExecute(TestCaseExecutor.java:433)
	at com.kms.katalon.core.main.TestCaseExecutor.processExecutionPhase(TestCaseExecutor.java:412)
	at com.kms.katalon.core.main.TestCaseExecutor.accessMainPhase(TestCaseExecutor.java:404)
	at com.kms.katalon.core.main.TestCaseExecutor.execute(TestCaseExecutor.java:281)
	at com.kms.katalon.core.main.TestSuiteExecutor.accessTestCaseMainPhase(TestSuiteExecutor.java:202)
	at com.kms.katalon.core.main.TestSuiteExecutor.accessTestSuiteMainPhase(TestSuiteExecutor.java:164)
	at com.kms.katalon.core.main.TestSuiteExecutor.execute(TestSuiteExecutor.java:105)
	at com.kms.katalon.core.main.TestCaseMain.startTestSuite(TestCaseMain.java:185)
	at com.kms.katalon.core.main.TestCaseMain$startTestSuite$0.call(Unknown Source)
	at TempTestSuite1658787923991.run(TempTestSuite1658787923991.groovy:36)
)

2022-07-25 18:48:17 - [TEST_STEP][PASSED] - closeBrowser(): Browser is closed

2022-07-25 18:48:18 - [MESSAGE][PASSED] - Browser is closed]]></system-out>
         <system-err><![CDATA[2022-07-25 18:35:48 - [TEST_CASE][FAILED] - Test Cases/Admin Suite Bootstrap/UM_TestCases/UsersErrors/AddUserSpCharFirstNameError: Test Cases/Admin Suite Bootstrap/UM_TestCases/UsersErrors/AddUserSpCharFirstNameError FAILED.
Reason:
com.kms.katalon.core.exception.StepFailedException: Unable to click on object 'Object Repository/AdminSuiteBootstrap_Pages/UM_Bootstrap/Users/a_Add User' (Root cause: com.kms.katalon.core.exception.StepFailedException: Unable to click on object 'Object Repository/AdminSuiteBootstrap_Pages/UM_Bootstrap/Users/a_Add User'
	at com.kms.katalon.core.webui.keyword.internal.WebUIKeywordMain.stepFailed(WebUIKeywordMain.groovy:64)
	at com.kms.katalon.core.webui.keyword.internal.WebUIKeywordMain.runKeyword(WebUIKeywordMain.groovy:26)
	at com.kms.katalon.core.webui.keyword.builtin.ClickKeyword.click(ClickKeyword.groovy:74)
	at com.kms.katalon.core.webui.keyword.builtin.ClickKeyword.execute(ClickKeyword.groovy:40)
	at com.kms.katalon.core.keyword.internal.KeywordExecutor.executeKeywordForPlatform(KeywordExecutor.groovy:74)
	at com.kms.katalon.core.webui.keyword.WebUiBuiltInKeywords.click(WebUiBuiltInKeywords.groovy:620)
	at com.kms.katalon.core.webui.keyword.WebUiBuiltInKeywords$click$3.call(Unknown Source)
	at AddUserSpCharFirstNameError.run(AddUserSpCharFirstNameError:62)
	at com.kms.katalon.core.main.ScriptEngine.run(ScriptEngine.java:194)
	at com.kms.katalon.core.main.ScriptEngine.runScriptAsRawText(ScriptEngine.java:119)
	at com.kms.katalon.core.main.TestCaseExecutor.runScript(TestCaseExecutor.java:442)
	at com.kms.katalon.core.main.TestCaseExecutor.doExecute(TestCaseExecutor.java:433)
	at com.kms.katalon.core.main.TestCaseExecutor.processExecutionPhase(TestCaseExecutor.java:412)
	at com.kms.katalon.core.main.TestCaseExecutor.accessMainPhase(TestCaseExecutor.java:404)
	at com.kms.katalon.core.main.TestCaseExecutor.execute(TestCaseExecutor.java:281)
	at com.kms.katalon.core.main.TestSuiteExecutor.accessTestCaseMainPhase(TestSuiteExecutor.java:202)
	at com.kms.katalon.core.main.TestSuiteExecutor.accessTestSuiteMainPhase(TestSuiteExecutor.java:164)
	at com.kms.katalon.core.main.TestSuiteExecutor.execute(TestSuiteExecutor.java:105)
	at com.kms.katalon.core.main.TestCaseMain.startTestSuite(TestCaseMain.java:185)
	at com.kms.katalon.core.main.TestCaseMain$startTestSuite$0.call(Unknown Source)
	at TempTestSuite1658787923991.run(TempTestSuite1658787923991.groovy:36)
Caused by: com.kms.katalon.core.webui.exception.WebElementNotFoundException: Web element with id: 'Object Repository/AdminSuiteBootstrap_Pages/UM_Bootstrap/Users/a_Add User' located by '//*[@href = 'javascript:;' and (text() = 'Add User' or . = 'Add User')]' not found
	at com.kms.katalon.core.webui.common.WebUiCommonHelper.findWebElement(WebUiCommonHelper.java:1370)
	at com.kms.katalon.core.webui.keyword.internal.WebUIAbstractKeyword.findWebElement(WebUIAbstractKeyword.groovy:27)
	at com.kms.katalon.core.webui.keyword.builtin.ClickKeyword$_click_closure1.doCall(ClickKeyword.groovy:65)
	at com.kms.katalon.core.webui.keyword.builtin.ClickKeyword$_click_closure1.call(ClickKeyword.groovy)
	at com.kms.katalon.core.webui.keyword.internal.WebUIKeywordMain.runKeyword(WebUIKeywordMain.groovy:20)
	at com.kms.katalon.core.webui.keyword.builtin.ClickKeyword.click(ClickKeyword.groovy:74)
	at com.kms.katalon.core.webui.keyword.builtin.ClickKeyword.execute(ClickKeyword.groovy:40)
	at com.kms.katalon.core.keyword.internal.KeywordExecutor.executeKeywordForPlatform(KeywordExecutor.groovy:74)
	at com.kms.katalon.core.webui.keyword.WebUiBuiltInKeywords.click(WebUiBuiltInKeywords.groovy:620)
	at com.kms.katalon.core.webui.keyword.WebUiBuiltInKeywords$click$3.call(Unknown Source)
	at Script1658345837110.run(Script1658345837110.groovy:62)
	... 13 more
)
	at com.kms.katalon.core.keyword.internal.KeywordMain.stepFailed(KeywordMain.groovy:39)
	at com.kms.katalon.core.webui.keyword.internal.WebUIKeywordMain.stepFailed(WebUIKeywordMain.groovy:64)
	at com.kms.katalon.core.webui.keyword.internal.WebUIKeywordMain.runKeyword(WebUIKeywordMain.groovy:26)
	at com.kms.katalon.core.webui.keyword.builtin.ClickKeyword.click(ClickKeyword.groovy:74)
	at com.kms.katalon.core.webui.keyword.builtin.ClickKeyword.execute(ClickKeyword.groovy:40)
	at com.kms.katalon.core.keyword.internal.KeywordExecutor.executeKeywordForPlatform(KeywordExecutor.groovy:74)
	at com.kms.katalon.core.webui.keyword.WebUiBuiltInKeywords.click(WebUiBuiltInKeywords.groovy:620)
	at com.kms.katalon.core.webui.keyword.WebUiBuiltInKeywords$click$3.call(Unknown Source)
	at AddUserSpCharFirstNameError.run(AddUserSpCharFirstNameError:62)
	at com.kms.katalon.core.main.ScriptEngine.run(ScriptEngine.java:194)
	at com.kms.katalon.core.main.ScriptEngine.runScriptAsRawText(ScriptEngine.java:119)
	at com.kms.katalon.core.main.TestCaseExecutor.runScript(TestCaseExecutor.java:442)
	at com.kms.katalon.core.main.TestCaseExecutor.doExecute(TestCaseExecutor.java:433)
	at com.kms.katalon.core.main.TestCaseExecutor.processExecutionPhase(TestCaseExecutor.java:412)
	at com.kms.katalon.core.main.TestCaseExecutor.accessMainPhase(TestCaseExecutor.java:404)
	at com.kms.katalon.core.main.TestCaseExecutor.execute(TestCaseExecutor.java:281)
	at com.kms.katalon.core.main.TestSuiteExecutor.accessTestCaseMainPhase(TestSuiteExecutor.java:202)
	at com.kms.katalon.core.main.TestSuiteExecutor.accessTestSuiteMainPhase(TestSuiteExecutor.java:164)
	at com.kms.katalon.core.main.TestSuiteExecutor.execute(TestSuiteExecutor.java:105)
	at com.kms.katalon.core.main.TestCaseMain.startTestSuite(TestCaseMain.java:185)
	at com.kms.katalon.core.main.TestCaseMain$startTestSuite$0.call(Unknown Source)
	at TempTestSuite1658787923991.run(TempTestSuite1658787923991.groovy:36)
Caused by: com.kms.katalon.core.exception.StepFailedException: Unable to click on object 'Object Repository/AdminSuiteBootstrap_Pages/UM_Bootstrap/Users/a_Add User'
	... 21 more
Caused by: com.kms.katalon.core.webui.exception.WebElementNotFoundException: Web element with id: 'Object Repository/AdminSuiteBootstrap_Pages/UM_Bootstrap/Users/a_Add User' located by '//*[@href = 'javascript:;' and (text() = 'Add User' or . = 'Add User')]' not found
	at com.kms.katalon.core.webui.common.WebUiCommonHelper.findWebElement(WebUiCommonHelper.java:1370)
	at com.kms.katalon.core.webui.keyword.internal.WebUIAbstractKeyword.findWebElement(WebUIAbstractKeyword.groovy:27)
	at com.kms.katalon.core.webui.keyword.builtin.ClickKeyword$_click_closure1.doCall(ClickKeyword.groovy:65)
	at com.kms.katalon.core.webui.keyword.builtin.ClickKeyword$_click_closure1.call(ClickKeyword.groovy)
	at com.kms.katalon.core.webui.keyword.internal.WebUIKeywordMain.runKeyword(WebUIKeywordMain.groovy:20)
	... 19 more]]></system-err>
      </testcase>
      <testcase name="Test Cases/Admin Suite Bootstrap/UM_TestCases/UsersErrors/AddUserSpCharLastNameError" time="72.255" classname="Test Cases/Admin Suite Bootstrap/UM_TestCases/UsersErrors/AddUserSpCharLastNameError" status="FAILED">
         <failure type="FAILED" message="Test Cases/Admin Suite Bootstrap/UM_TestCases/UsersErrors/AddUserSpCharLastNameError FAILED.
Reason:
com.kms.katalon.core.exception.StepFailedException: Text 'Username may only be comprised of alphanumeric characters, the underscore &quot;_&quot; character, the at &quot;@&quot; symbol, and the period &quot;.&quot;Username may only be comprised of alphanumeric characters, the underscore &quot;_&quot; character, the at &quot;@&quot; symbol, and the period &quot;.&quot;' is not present on page  using regular expression (Root cause: com.kms.katalon.core.exception.StepFailedException: Text 'Username may only be comprised of alphanumeric characters, the underscore &quot;_&quot; character, the at &quot;@&quot; symbol, and the period &quot;.&quot;Username may only be comprised of alphanumeric characters, the underscore &quot;_&quot; character, the at &quot;@&quot; symbol, and the period &quot;.&quot;' is not present on page  using regular expression
	at com.kms.katalon.core.webui.keyword.internal.WebUIKeywordMain.stepFailed(WebUIKeywordMain.groovy:64)
	at com.kms.katalon.core.webui.keyword.builtin.VerifyTextPresentKeyword$_verifyTextPresent_closure1.doCall(VerifyTextPresentKeyword.groovy:79)
	at com.kms.katalon.core.webui.keyword.builtin.VerifyTextPresentKeyword$_verifyTextPresent_closure1.call(VerifyTextPresentKeyword.groovy)
	at com.kms.katalon.core.webui.keyword.internal.WebUIKeywordMain.runKeyword(WebUIKeywordMain.groovy:20)
	at com.kms.katalon.core.webui.keyword.builtin.VerifyTextPresentKeyword.verifyTextPresent(VerifyTextPresentKeyword.groovy:83)
	at com.kms.katalon.core.webui.keyword.builtin.VerifyTextPresentKeyword.execute(VerifyTextPresentKeyword.groovy:68)
	at com.kms.katalon.core.keyword.internal.KeywordExecutor.executeKeywordForPlatform(KeywordExecutor.groovy:74)
	at com.kms.katalon.core.webui.keyword.WebUiBuiltInKeywords.verifyTextPresent(WebUiBuiltInKeywords.groovy:1723)
	at com.kms.katalon.core.webui.keyword.WebUiBuiltInKeywords$verifyTextPresent$5.call(Unknown Source)
	at AddUserSpCharLastNameError.run(AddUserSpCharLastNameError:87)
	at com.kms.katalon.core.main.ScriptEngine.run(ScriptEngine.java:194)
	at com.kms.katalon.core.main.ScriptEngine.runScriptAsRawText(ScriptEngine.java:119)
	at com.kms.katalon.core.main.TestCaseExecutor.runScript(TestCaseExecutor.java:442)
	at com.kms.katalon.core.main.TestCaseExecutor.doExecute(TestCaseExecutor.java:433)
	at com.kms.katalon.core.main.TestCaseExecutor.processExecutionPhase(TestCaseExecutor.java:412)
	at com.kms.katalon.core.main.TestCaseExecutor.accessMainPhase(TestCaseExecutor.java:404)
	at com.kms.katalon.core.main.TestCaseExecutor.execute(TestCaseExecutor.java:281)
	at com.kms.katalon.core.main.TestSuiteExecutor.accessTestCaseMainPhase(TestSuiteExecutor.java:202)
	at com.kms.katalon.core.main.TestSuiteExecutor.accessTestSuiteMainPhase(TestSuiteExecutor.java:164)
	at com.kms.katalon.core.main.TestSuiteExecutor.execute(TestSuiteExecutor.java:105)
	at com.kms.katalon.core.main.TestCaseMain.startTestSuite(TestCaseMain.java:185)
	at com.kms.katalon.core.main.TestCaseMain$startTestSuite$0.call(Unknown Source)
	at TempTestSuite1658787923991.run(TempTestSuite1658787923991.groovy:36)
)
	at com.kms.katalon.core.keyword.internal.KeywordMain.stepFailed(KeywordMain.groovy:39)
	at com.kms.katalon.core.webui.keyword.internal.WebUIKeywordMain.stepFailed(WebUIKeywordMain.groovy:64)
	at com.kms.katalon.core.webui.keyword.builtin.VerifyTextPresentKeyword$_verifyTextPresent_closure1.doCall(VerifyTextPresentKeyword.groovy:79)
	at com.kms.katalon.core.webui.keyword.builtin.VerifyTextPresentKeyword$_verifyTextPresent_closure1.call(VerifyTextPresentKeyword.groovy)
	at com.kms.katalon.core.webui.keyword.internal.WebUIKeywordMain.runKeyword(WebUIKeywordMain.groovy:20)
	at com.kms.katalon.core.webui.keyword.builtin.VerifyTextPresentKeyword.verifyTextPresent(VerifyTextPresentKeyword.groovy:83)
	at com.kms.katalon.core.webui.keyword.builtin.VerifyTextPresentKeyword.execute(VerifyTextPresentKeyword.groovy:68)
	at com.kms.katalon.core.keyword.internal.KeywordExecutor.executeKeywordForPlatform(KeywordExecutor.groovy:74)
	at com.kms.katalon.core.webui.keyword.WebUiBuiltInKeywords.verifyTextPresent(WebUiBuiltInKeywords.groovy:1723)
	at com.kms.katalon.core.webui.keyword.WebUiBuiltInKeywords$verifyTextPresent$5.call(Unknown Source)
	at AddUserSpCharLastNameError.run(AddUserSpCharLastNameError:87)
	at com.kms.katalon.core.main.ScriptEngine.run(ScriptEngine.java:194)
	at com.kms.katalon.core.main.ScriptEngine.runScriptAsRawText(ScriptEngine.java:119)
	at com.kms.katalon.core.main.TestCaseExecutor.runScript(TestCaseExecutor.java:442)
	at com.kms.katalon.core.main.TestCaseExecutor.doExecute(TestCaseExecutor.java:433)
	at com.kms.katalon.core.main.TestCaseExecutor.processExecutionPhase(TestCaseExecutor.java:412)
	at com.kms.katalon.core.main.TestCaseExecutor.accessMainPhase(TestCaseExecutor.java:404)
	at com.kms.katalon.core.main.TestCaseExecutor.execute(TestCaseExecutor.java:281)
	at com.kms.katalon.core.main.TestSuiteExecutor.accessTestCaseMainPhase(TestSuiteExecutor.java:202)
	at com.kms.katalon.core.main.TestSuiteExecutor.accessTestSuiteMainPhase(TestSuiteExecutor.java:164)
	at com.kms.katalon.core.main.TestSuiteExecutor.execute(TestSuiteExecutor.java:105)
	at com.kms.katalon.core.main.TestCaseMain.startTestSuite(TestCaseMain.java:185)
	at com.kms.katalon.core.main.TestCaseMain$startTestSuite$0.call(Unknown Source)
	at TempTestSuite1658787923991.run(TempTestSuite1658787923991.groovy:36)
Caused by: com.kms.katalon.core.exception.StepFailedException: Text 'Username may only be comprised of alphanumeric characters, the underscore &quot;_&quot; character, the at &quot;@&quot; symbol, and the period &quot;.&quot;Username may only be comprised of alphanumeric characters, the underscore &quot;_&quot; character, the at &quot;@&quot; symbol, and the period &quot;.&quot;' is not present on page  using regular expression
	... 23 more
"/>
         <system-out><![CDATA[2022-07-25 18:48:18 - [TEST_CASE][FAILED] - Test Cases/Admin Suite Bootstrap/UM_TestCases/UsersErrors/AddUserSpCharLastNameError: Test Cases/Admin Suite Bootstrap/UM_TestCases/UsersErrors/AddUserSpCharLastNameError FAILED.
Reason:
com.kms.katalon.core.exception.StepFailedException: Text 'Username may only be comprised of alphanumeric characters, the underscore "_" character, the at "@" symbol, and the period "."Username may only be comprised of alphanumeric characters, the underscore "_" character, the at "@" symbol, and the period "."' is not present on page  using regular expression (Root cause: com.kms.katalon.core.exception.StepFailedException: Text 'Username may only be comprised of alphanumeric characters, the underscore "_" character, the at "@" symbol, and the period "."Username may only be comprised of alphanumeric characters, the underscore "_" character, the at "@" symbol, and the period "."' is not present on page  using regular expression
	at com.kms.katalon.core.webui.keyword.internal.WebUIKeywordMain.stepFailed(WebUIKeywordMain.groovy:64)
	at com.kms.katalon.core.webui.keyword.builtin.VerifyTextPresentKeyword$_verifyTextPresent_closure1.doCall(VerifyTextPresentKeyword.groovy:79)
	at com.kms.katalon.core.webui.keyword.builtin.VerifyTextPresentKeyword$_verifyTextPresent_closure1.call(VerifyTextPresentKeyword.groovy)
	at com.kms.katalon.core.webui.keyword.internal.WebUIKeywordMain.runKeyword(WebUIKeywordMain.groovy:20)
	at com.kms.katalon.core.webui.keyword.builtin.VerifyTextPresentKeyword.verifyTextPresent(VerifyTextPresentKeyword.groovy:83)
	at com.kms.katalon.core.webui.keyword.builtin.VerifyTextPresentKeyword.execute(VerifyTextPresentKeyword.groovy:68)
	at com.kms.katalon.core.keyword.internal.KeywordExecutor.executeKeywordForPlatform(KeywordExecutor.groovy:74)
	at com.kms.katalon.core.webui.keyword.WebUiBuiltInKeywords.verifyTextPresent(WebUiBuiltInKeywords.groovy:1723)
	at com.kms.katalon.core.webui.keyword.WebUiBuiltInKeywords$verifyTextPresent$5.call(Unknown Source)
	at AddUserSpCharLastNameError.run(AddUserSpCharLastNameError:87)
	at com.kms.katalon.core.main.ScriptEngine.run(ScriptEngine.java:194)
	at com.kms.katalon.core.main.ScriptEngine.runScriptAsRawText(ScriptEngine.java:119)
	at com.kms.katalon.core.main.TestCaseExecutor.runScript(TestCaseExecutor.java:442)
	at com.kms.katalon.core.main.TestCaseExecutor.doExecute(TestCaseExecutor.java:433)
	at com.kms.katalon.core.main.TestCaseExecutor.processExecutionPhase(TestCaseExecutor.java:412)
	at com.kms.katalon.core.main.TestCaseExecutor.accessMainPhase(TestCaseExecutor.java:404)
	at com.kms.katalon.core.main.TestCaseExecutor.execute(TestCaseExecutor.java:281)
	at com.kms.katalon.core.main.TestSuiteExecutor.accessTestCaseMainPhase(TestSuiteExecutor.java:202)
	at com.kms.katalon.core.main.TestSuiteExecutor.accessTestSuiteMainPhase(TestSuiteExecutor.java:164)
	at com.kms.katalon.core.main.TestSuiteExecutor.execute(TestSuiteExecutor.java:105)
	at com.kms.katalon.core.main.TestCaseMain.startTestSuite(TestCaseMain.java:185)
	at com.kms.katalon.core.main.TestCaseMain$startTestSuite$0.call(Unknown Source)
	at TempTestSuite1658787923991.run(TempTestSuite1658787923991.groovy:36)
)
	at com.kms.katalon.core.keyword.internal.KeywordMain.stepFailed(KeywordMain.groovy:39)
	at com.kms.katalon.core.webui.keyword.internal.WebUIKeywordMain.stepFailed(WebUIKeywordMain.groovy:64)
	at com.kms.katalon.core.webui.keyword.builtin.VerifyTextPresentKeyword$_verifyTextPresent_closure1.doCall(VerifyTextPresentKeyword.groovy:79)
	at com.kms.katalon.core.webui.keyword.builtin.VerifyTextPresentKeyword$_verifyTextPresent_closure1.call(VerifyTextPresentKeyword.groovy)
	at com.kms.katalon.core.webui.keyword.internal.WebUIKeywordMain.runKeyword(WebUIKeywordMain.groovy:20)
	at com.kms.katalon.core.webui.keyword.builtin.VerifyTextPresentKeyword.verifyTextPresent(VerifyTextPresentKeyword.groovy:83)
	at com.kms.katalon.core.webui.keyword.builtin.VerifyTextPresentKeyword.execute(VerifyTextPresentKeyword.groovy:68)
	at com.kms.katalon.core.keyword.internal.KeywordExecutor.executeKeywordForPlatform(KeywordExecutor.groovy:74)
	at com.kms.katalon.core.webui.keyword.WebUiBuiltInKeywords.verifyTextPresent(WebUiBuiltInKeywords.groovy:1723)
	at com.kms.katalon.core.webui.keyword.WebUiBuiltInKeywords$verifyTextPresent$5.call(Unknown Source)
	at AddUserSpCharLastNameError.run(AddUserSpCharLastNameError:87)
	at com.kms.katalon.core.main.ScriptEngine.run(ScriptEngine.java:194)
	at com.kms.katalon.core.main.ScriptEngine.runScriptAsRawText(ScriptEngine.java:119)
	at com.kms.katalon.core.main.TestCaseExecutor.runScript(TestCaseExecutor.java:442)
	at com.kms.katalon.core.main.TestCaseExecutor.doExecute(TestCaseExecutor.java:433)
	at com.kms.katalon.core.main.TestCaseExecutor.processExecutionPhase(TestCaseExecutor.java:412)
	at com.kms.katalon.core.main.TestCaseExecutor.accessMainPhase(TestCaseExecutor.java:404)
	at com.kms.katalon.core.main.TestCaseExecutor.execute(TestCaseExecutor.java:281)
	at com.kms.katalon.core.main.TestSuiteExecutor.accessTestCaseMainPhase(TestSuiteExecutor.java:202)
	at com.kms.katalon.core.main.TestSuiteExecutor.accessTestSuiteMainPhase(TestSuiteExecutor.java:164)
	at com.kms.katalon.core.main.TestSuiteExecutor.execute(TestSuiteExecutor.java:105)
	at com.kms.katalon.core.main.TestCaseMain.startTestSuite(TestCaseMain.java:185)
	at com.kms.katalon.core.main.TestCaseMain$startTestSuite$0.call(Unknown Source)
	at TempTestSuite1658787923991.run(TempTestSuite1658787923991.groovy:36)
Caused by: com.kms.katalon.core.exception.StepFailedException: Text 'Username may only be comprised of alphanumeric characters, the underscore "_" character, the at "@" symbol, and the period "."Username may only be comprised of alphanumeric characters, the underscore "_" character, the at "@" symbol, and the period "."' is not present on page  using regular expression
	... 23 more


2022-07-25 18:48:19 - [TEST_STEP][PASSED] - path_Dashboard = "Object Repository/AdminSuiteBootstrap_Pages/Dashboard_Bootstrap/": null

2022-07-25 18:48:19 - [TEST_STEP][PASSED] - path_Users = "Object Repository/AdminSuiteBootstrap_Pages/UM_Bootstrap/Users/": null

2022-07-25 18:48:19 - [TEST_STEP][PASSED] - path_UserView = "Object Repository/AdminSuiteBootstrap_Pages/UM_Bootstrap/UserView/": null

2022-07-25 18:48:19 - [TEST_STEP][PASSED] - path_DeleteUser = "Object Repository/AdminSuiteBootstrap_Pages/UM_Bootstrap/DeleteUser/": null

2022-07-25 18:48:19 - [TEST_STEP][PASSED] - path_AddUser = "Object Repository/AdminSuiteBootstrap_Pages/UM_Bootstrap/AddUser/": null

2022-07-25 18:48:19 - [TEST_STEP][PASSED] - executionProfile = getExecutionProfile(): null

2022-07-25 18:48:19 - [TEST_STEP][PASSED] - out.println("executionProfile : " + executionProfile): null

2022-07-25 18:48:19 - [TEST_STEP][PASSED] - appName = <not implemented yet for class: org.codehaus.groovy.ast.expr.EmptyExpression>: null

2022-07-25 18:48:19 - [TEST_STEP][PASSED] - appID = <not implemented yet for class: org.codehaus.groovy.ast.expr.EmptyExpression>: null

2022-07-25 18:48:19 - [TEST_STEP][PASSED] - spUsername = <not implemented yet for class: org.codehaus.groovy.ast.expr.EmptyExpression>: null

2022-07-25 18:48:19 - [TEST_STEP][PASSED] - nameSheet = "CreateUserSCLNameErr": null

2022-07-25 18:48:19 - [TEST_STEP][PASSED] - dataFile = "QA/Bootstrap/UM-TestData/CreateUserSCLNameErr": null

2022-07-25 18:48:19 - [TEST_STEP][PASSED] - numOfRows = findTestData("QA/Bootstrap/UM-TestData/CreateUserSCLNameErr").getRowNumbers(): null

2022-07-25 18:48:19 - [TEST_STEP][PASSED] - println("Number of Records: " + numOfRows): null

2022-07-25 18:48:19 - [TEST_STEP][FAILED] - for ([row = 1, row <= numOfRows, (row++)]): null

2022-07-25 18:48:19 - [TEST_STEP][PASSED] - ExecuteTC = findTestData(dataFile).getValue("Execute", row): null

2022-07-25 18:48:19 - [TEST_STEP][PASSED] - out.println("Value of Execute is : " + ExecuteTC): null

2022-07-25 18:48:19 - [TEST_STEP][FAILED] - if (ExecuteTC.equalsIgnoreCase("Y")): null

2022-07-25 18:48:19 - [TEST_STEP][PASSED] - out.println("Begin Record Number: " + row): null

2022-07-25 18:48:19 - [TEST_STEP][PASSED] - adminSuiteBootstrap.loginFunctionality.login_AdminSuite(): adminSuiteBootstrap.loginFunctionality.login_AdminSuite is PASSED

2022-07-25 18:48:19 - [MESSAGE][INFO] - Starting 'Chrome' driver

2022-07-25 18:48:19 - [MESSAGE][INFO] - User set preference: ['acceptInsecureCerts', 'true']

2022-07-25 18:48:19 - [MESSAGE][INFO] - Action delay is set to 0 milliseconds

2022-07-25 18:48:23 - [MESSAGE][PASSED] - Browser is opened with url: 'https://qa.velocitypayment.com/admin/imtiaz'

2022-07-25 18:48:23 - [MESSAGE][PASSED] - Current window maximized

2022-07-25 18:48:23 - [MESSAGE][PASSED] - Object 'Object Repository/Login_Page/Login_Username' is present

2022-07-25 18:48:24 - [MESSAGE][PASSED] - Text 'iahmed' is set on object 'Object Repository/Login_Page/Login_Username'

2022-07-25 18:48:24 - [MESSAGE][PASSED] - Text 'hello2222' is set on object 'Object Repository/Login_Page/Login_Password'

2022-07-25 18:48:28 - [MESSAGE][PASSED] - Object: 'Object Repository/Login_Page/Login_Submit' is clicked on

2022-07-25 18:48:28 - [MESSAGE][PASSED] - adminSuiteBootstrap.loginFunctionality.login_AdminSuite is PASSED

2022-07-25 18:48:28 - [TEST_STEP][PASSED] - click(findTestObject(path_Dashboard + "a_Access User Management")): Object: 'Object Repository/AdminSuiteBootstrap_Pages/Dashboard_Bootstrap/a_Access User Management' is clicked on

2022-07-25 18:48:29 - [MESSAGE][PASSED] - Object: 'Object Repository/AdminSuiteBootstrap_Pages/Dashboard_Bootstrap/a_Access User Management' is clicked on

2022-07-25 18:48:29 - [TEST_STEP][PASSED] - click(findTestObject(path_Users + "a_Add User")): Object: 'Object Repository/AdminSuiteBootstrap_Pages/UM_Bootstrap/Users/a_Add User' is clicked on

2022-07-25 18:48:29 - [MESSAGE][PASSED] - Object: 'Object Repository/AdminSuiteBootstrap_Pages/UM_Bootstrap/Users/a_Add User' is clicked on

2022-07-25 18:48:29 - [TEST_STEP][PASSED] - buildUsername = pages.GenerateRandom.getRandomAlpha(): pages.GenerateRandom.getRandomAlpha is PASSED

2022-07-25 18:48:29 - [MESSAGE][PASSED] - pages.GenerateRandom.getRandomAlpha is PASSED

2022-07-25 18:48:29 - [TEST_STEP][PASSED] - prefixUsername = findTestData(dataFile).getValue("Lastname", row): null

2022-07-25 18:48:29 - [TEST_STEP][PASSED] - spUsername = prefixUsername + buildUsername: null

2022-07-25 18:48:29 - [TEST_STEP][PASSED] - setText(findTestObject(path_AddUser + "input_EmailAddress"), "iahmed@govolution.com"): Text 'iahmed@govolution.com' is set on object 'Object Repository/AdminSuiteBootstrap_Pages/UM_Bootstrap/AddUser/input_EmailAddress'

2022-07-25 18:48:30 - [MESSAGE][PASSED] - Text 'iahmed@govolution.com' is set on object 'Object Repository/AdminSuiteBootstrap_Pages/UM_Bootstrap/AddUser/input_EmailAddress'

2022-07-25 18:48:30 - [TEST_STEP][PASSED] - setText(findTestObject(path_AddUser + "input_Username"), buildUsername): Text 'hYcHNCRqJ' is set on object 'Object Repository/AdminSuiteBootstrap_Pages/UM_Bootstrap/AddUser/input_Username'

2022-07-25 18:48:31 - [MESSAGE][PASSED] - Text 'hYcHNCRqJ' is set on object 'Object Repository/AdminSuiteBootstrap_Pages/UM_Bootstrap/AddUser/input_Username'

2022-07-25 18:48:31 - [TEST_STEP][PASSED] - setText(findTestObject(path_AddUser + "input_FirstName"), "Ashley"): Text 'Ashley' is set on object 'Object Repository/AdminSuiteBootstrap_Pages/UM_Bootstrap/AddUser/input_FirstName'

2022-07-25 18:48:31 - [MESSAGE][PASSED] - Text 'Ashley' is set on object 'Object Repository/AdminSuiteBootstrap_Pages/UM_Bootstrap/AddUser/input_FirstName'

2022-07-25 18:48:31 - [TEST_STEP][PASSED] - setText(findTestObject(path_AddUser + "input_LastName"), spUsername): Text '=hYcHNCRqJ' is set on object 'Object Repository/AdminSuiteBootstrap_Pages/UM_Bootstrap/AddUser/input_LastName'

2022-07-25 18:48:32 - [MESSAGE][PASSED] - Text '=hYcHNCRqJ' is set on object 'Object Repository/AdminSuiteBootstrap_Pages/UM_Bootstrap/AddUser/input_LastName'

2022-07-25 18:48:32 - [TEST_STEP][PASSED] - setText(findTestObject(path_AddUser + "input_Password"), "hello6666"): Text 'hello6666' is set on object 'Object Repository/AdminSuiteBootstrap_Pages/UM_Bootstrap/AddUser/input_Password'

2022-07-25 18:48:33 - [MESSAGE][PASSED] - Text 'hello6666' is set on object 'Object Repository/AdminSuiteBootstrap_Pages/UM_Bootstrap/AddUser/input_Password'

2022-07-25 18:48:33 - [TEST_STEP][PASSED] - setText(findTestObject(path_AddUser + "input_ConfirmPassword"), "hello6666"): Text 'hello6666' is set on object 'Object Repository/AdminSuiteBootstrap_Pages/UM_Bootstrap/AddUser/input_ConfirmPassword'

2022-07-25 18:48:33 - [MESSAGE][PASSED] - Text 'hello6666' is set on object 'Object Repository/AdminSuiteBootstrap_Pages/UM_Bootstrap/AddUser/input_ConfirmPassword'

2022-07-25 18:48:33 - [TEST_STEP][PASSED] - check(findTestObject(path_AddUser + "input_No_lock")): Object 'Object Repository/AdminSuiteBootstrap_Pages/UM_Bootstrap/AddUser/input_No_lock' is checked

2022-07-25 18:48:34 - [MESSAGE][PASSED] - Object 'Object Repository/AdminSuiteBootstrap_Pages/UM_Bootstrap/AddUser/input_No_lock' is checked

2022-07-25 18:48:34 - [TEST_STEP][PASSED] - click(findTestObject(path_AddUser + "button_Create")): Object: 'Object Repository/AdminSuiteBootstrap_Pages/UM_Bootstrap/AddUser/button_Create' is clicked on

2022-07-25 18:48:35 - [MESSAGE][PASSED] - Object: 'Object Repository/AdminSuiteBootstrap_Pages/UM_Bootstrap/AddUser/button_Create' is clicked on

2022-07-25 18:48:35 - [TEST_STEP][PASSED] - verifyTextPresent("Error! Please provide the following required information as indicated below", true): Text 'Error! Please provide the following required information as indicated below' is present on page  using regular expression

2022-07-25 18:48:35 - [MESSAGE][PASSED] - Text 'Error! Please provide the following required information as indicated below' is present on page  using regular expression

2022-07-25 18:48:35 - [TEST_STEP][FAILED] - verifyTextPresent("Username may only be comprised of alphanumeric characters, the underscore "_" character, the at "@" symbol, and the period "."Username may only be comprised of alphanumeric characters, the underscore "_" character, the at "@" symbol, and the period "."", true): Text 'Username may only be comprised of alphanumeric characters, the underscore "_" character, the at "@" symbol, and the period "."Username may only be comprised of alphanumeric characters, the underscore "_" character, the at "@" symbol, and the period "."' is not present on page  using regular expression (Root cause: com.kms.katalon.core.exception.StepFailedException: Text 'Username may only be comprised of alphanumeric characters, the underscore "_" character, the at "@" symbol, and the period "."Username may only be comprised of alphanumeric characters, the underscore "_" character, the at "@" symbol, and the period "."' is not present on page  using regular expression
	at com.kms.katalon.core.webui.keyword.internal.WebUIKeywordMain.stepFailed(WebUIKeywordMain.groovy:64)
	at com.kms.katalon.core.webui.keyword.builtin.VerifyTextPresentKeyword$_verifyTextPresent_closure1.doCall(VerifyTextPresentKeyword.groovy:79)
	at com.kms.katalon.core.webui.keyword.builtin.VerifyTextPresentKeyword$_verifyTextPresent_closure1.call(VerifyTextPresentKeyword.groovy)
	at com.kms.katalon.core.webui.keyword.internal.WebUIKeywordMain.runKeyword(WebUIKeywordMain.groovy:20)
	at com.kms.katalon.core.webui.keyword.builtin.VerifyTextPresentKeyword.verifyTextPresent(VerifyTextPresentKeyword.groovy:83)
	at com.kms.katalon.core.webui.keyword.builtin.VerifyTextPresentKeyword.execute(VerifyTextPresentKeyword.groovy:68)
	at com.kms.katalon.core.keyword.internal.KeywordExecutor.executeKeywordForPlatform(KeywordExecutor.groovy:74)
	at com.kms.katalon.core.webui.keyword.WebUiBuiltInKeywords.verifyTextPresent(WebUiBuiltInKeywords.groovy:1723)
	at com.kms.katalon.core.webui.keyword.WebUiBuiltInKeywords$verifyTextPresent$5.call(Unknown Source)
	at AddUserSpCharLastNameError.run(AddUserSpCharLastNameError:87)
	at com.kms.katalon.core.main.ScriptEngine.run(ScriptEngine.java:194)
	at com.kms.katalon.core.main.ScriptEngine.runScriptAsRawText(ScriptEngine.java:119)
	at com.kms.katalon.core.main.TestCaseExecutor.runScript(TestCaseExecutor.java:442)
	at com.kms.katalon.core.main.TestCaseExecutor.doExecute(TestCaseExecutor.java:433)
	at com.kms.katalon.core.main.TestCaseExecutor.processExecutionPhase(TestCaseExecutor.java:412)
	at com.kms.katalon.core.main.TestCaseExecutor.accessMainPhase(TestCaseExecutor.java:404)
	at com.kms.katalon.core.main.TestCaseExecutor.execute(TestCaseExecutor.java:281)
	at com.kms.katalon.core.main.TestSuiteExecutor.accessTestCaseMainPhase(TestSuiteExecutor.java:202)
	at com.kms.katalon.core.main.TestSuiteExecutor.accessTestSuiteMainPhase(TestSuiteExecutor.java:164)
	at com.kms.katalon.core.main.TestSuiteExecutor.execute(TestSuiteExecutor.java:105)
	at com.kms.katalon.core.main.TestCaseMain.startTestSuite(TestCaseMain.java:185)
	at com.kms.katalon.core.main.TestCaseMain$startTestSuite$0.call(Unknown Source)
	at TempTestSuite1658787923991.run(TempTestSuite1658787923991.groovy:36)
)

2022-07-25 18:48:35 - [MESSAGE][FAILED] - Text 'Username may only be comprised of alphanumeric characters, the underscore "_" character, the at "@" symbol, and the period "."Username may only be comprised of alphanumeric characters, the underscore "_" character, the at "@" symbol, and the period "."' is not present on page  using regular expression (Root cause: com.kms.katalon.core.exception.StepFailedException: Text 'Username may only be comprised of alphanumeric characters, the underscore "_" character, the at "@" symbol, and the period "."Username may only be comprised of alphanumeric characters, the underscore "_" character, the at "@" symbol, and the period "."' is not present on page  using regular expression
	at com.kms.katalon.core.webui.keyword.internal.WebUIKeywordMain.stepFailed(WebUIKeywordMain.groovy:64)
	at com.kms.katalon.core.webui.keyword.builtin.VerifyTextPresentKeyword$_verifyTextPresent_closure1.doCall(VerifyTextPresentKeyword.groovy:79)
	at com.kms.katalon.core.webui.keyword.builtin.VerifyTextPresentKeyword$_verifyTextPresent_closure1.call(VerifyTextPresentKeyword.groovy)
	at com.kms.katalon.core.webui.keyword.internal.WebUIKeywordMain.runKeyword(WebUIKeywordMain.groovy:20)
	at com.kms.katalon.core.webui.keyword.builtin.VerifyTextPresentKeyword.verifyTextPresent(VerifyTextPresentKeyword.groovy:83)
	at com.kms.katalon.core.webui.keyword.builtin.VerifyTextPresentKeyword.execute(VerifyTextPresentKeyword.groovy:68)
	at com.kms.katalon.core.keyword.internal.KeywordExecutor.executeKeywordForPlatform(KeywordExecutor.groovy:74)
	at com.kms.katalon.core.webui.keyword.WebUiBuiltInKeywords.verifyTextPresent(WebUiBuiltInKeywords.groovy:1723)
	at com.kms.katalon.core.webui.keyword.WebUiBuiltInKeywords$verifyTextPresent$5.call(Unknown Source)
	at AddUserSpCharLastNameError.run(AddUserSpCharLastNameError:87)
	at com.kms.katalon.core.main.ScriptEngine.run(ScriptEngine.java:194)
	at com.kms.katalon.core.main.ScriptEngine.runScriptAsRawText(ScriptEngine.java:119)
	at com.kms.katalon.core.main.TestCaseExecutor.runScript(TestCaseExecutor.java:442)
	at com.kms.katalon.core.main.TestCaseExecutor.doExecute(TestCaseExecutor.java:433)
	at com.kms.katalon.core.main.TestCaseExecutor.processExecutionPhase(TestCaseExecutor.java:412)
	at com.kms.katalon.core.main.TestCaseExecutor.accessMainPhase(TestCaseExecutor.java:404)
	at com.kms.katalon.core.main.TestCaseExecutor.execute(TestCaseExecutor.java:281)
	at com.kms.katalon.core.main.TestSuiteExecutor.accessTestCaseMainPhase(TestSuiteExecutor.java:202)
	at com.kms.katalon.core.main.TestSuiteExecutor.accessTestSuiteMainPhase(TestSuiteExecutor.java:164)
	at com.kms.katalon.core.main.TestSuiteExecutor.execute(TestSuiteExecutor.java:105)
	at com.kms.katalon.core.main.TestCaseMain.startTestSuite(TestCaseMain.java:185)
	at com.kms.katalon.core.main.TestCaseMain$startTestSuite$0.call(Unknown Source)
	at TempTestSuite1658787923991.run(TempTestSuite1658787923991.groovy:36)
)

2022-07-25 18:48:35 - [TEST_STEP][PASSED] - closeBrowser(): Browser is closed

2022-07-25 18:48:36 - [MESSAGE][PASSED] - Browser is closed

2022-07-25 18:48:36 - [TEST_STEP][PASSED] - ExecuteTC = findTestData(dataFile).getValue("Execute", row): null

2022-07-25 18:48:36 - [TEST_STEP][PASSED] - out.println("Value of Execute is : " + ExecuteTC): null

2022-07-25 18:48:36 - [TEST_STEP][FAILED] - if (ExecuteTC.equalsIgnoreCase("Y")): null

2022-07-25 18:48:36 - [TEST_STEP][PASSED] - out.println("Begin Record Number: " + row): null

2022-07-25 18:48:36 - [TEST_STEP][PASSED] - adminSuiteBootstrap.loginFunctionality.login_AdminSuite(): adminSuiteBootstrap.loginFunctionality.login_AdminSuite is PASSED

2022-07-25 18:48:36 - [MESSAGE][INFO] - Starting 'Chrome' driver

2022-07-25 18:48:36 - [MESSAGE][INFO] - User set preference: ['acceptInsecureCerts', 'true']

2022-07-25 18:48:36 - [MESSAGE][INFO] - Action delay is set to 0 milliseconds

2022-07-25 18:48:40 - [MESSAGE][PASSED] - Browser is opened with url: 'https://qa.velocitypayment.com/admin/imtiaz'

2022-07-25 18:48:41 - [MESSAGE][PASSED] - Current window maximized

2022-07-25 18:48:41 - [MESSAGE][PASSED] - Object 'Object Repository/Login_Page/Login_Username' is present

2022-07-25 18:48:42 - [MESSAGE][PASSED] - Text 'iahmed' is set on object 'Object Repository/Login_Page/Login_Username'

2022-07-25 18:48:42 - [MESSAGE][PASSED] - Text 'hello2222' is set on object 'Object Repository/Login_Page/Login_Password'

2022-07-25 18:48:45 - [MESSAGE][PASSED] - Object: 'Object Repository/Login_Page/Login_Submit' is clicked on

2022-07-25 18:48:45 - [MESSAGE][PASSED] - adminSuiteBootstrap.loginFunctionality.login_AdminSuite is PASSED

2022-07-25 18:48:45 - [TEST_STEP][PASSED] - click(findTestObject(path_Dashboard + "a_Access User Management")): Object: 'Object Repository/AdminSuiteBootstrap_Pages/Dashboard_Bootstrap/a_Access User Management' is clicked on

2022-07-25 18:48:47 - [MESSAGE][PASSED] - Object: 'Object Repository/AdminSuiteBootstrap_Pages/Dashboard_Bootstrap/a_Access User Management' is clicked on

2022-07-25 18:48:47 - [TEST_STEP][PASSED] - click(findTestObject(path_Users + "a_Add User")): Object: 'Object Repository/AdminSuiteBootstrap_Pages/UM_Bootstrap/Users/a_Add User' is clicked on

2022-07-25 18:48:47 - [MESSAGE][PASSED] - Object: 'Object Repository/AdminSuiteBootstrap_Pages/UM_Bootstrap/Users/a_Add User' is clicked on

2022-07-25 18:48:47 - [TEST_STEP][PASSED] - buildUsername = pages.GenerateRandom.getRandomAlpha(): pages.GenerateRandom.getRandomAlpha is PASSED

2022-07-25 18:48:47 - [MESSAGE][PASSED] - pages.GenerateRandom.getRandomAlpha is PASSED

2022-07-25 18:48:47 - [TEST_STEP][PASSED] - prefixUsername = findTestData(dataFile).getValue("Lastname", row): null

2022-07-25 18:48:47 - [TEST_STEP][PASSED] - spUsername = prefixUsername + buildUsername: null

2022-07-25 18:48:47 - [TEST_STEP][PASSED] - setText(findTestObject(path_AddUser + "input_EmailAddress"), "iahmed@govolution.com"): Text 'iahmed@govolution.com' is set on object 'Object Repository/AdminSuiteBootstrap_Pages/UM_Bootstrap/AddUser/input_EmailAddress'

2022-07-25 18:48:48 - [MESSAGE][PASSED] - Text 'iahmed@govolution.com' is set on object 'Object Repository/AdminSuiteBootstrap_Pages/UM_Bootstrap/AddUser/input_EmailAddress'

2022-07-25 18:48:48 - [TEST_STEP][PASSED] - setText(findTestObject(path_AddUser + "input_Username"), buildUsername): Text 'RoUxNgTMJ' is set on object 'Object Repository/AdminSuiteBootstrap_Pages/UM_Bootstrap/AddUser/input_Username'

2022-07-25 18:48:48 - [MESSAGE][PASSED] - Text 'RoUxNgTMJ' is set on object 'Object Repository/AdminSuiteBootstrap_Pages/UM_Bootstrap/AddUser/input_Username'

2022-07-25 18:48:48 - [TEST_STEP][PASSED] - setText(findTestObject(path_AddUser + "input_FirstName"), "Ashley"): Text 'Ashley' is set on object 'Object Repository/AdminSuiteBootstrap_Pages/UM_Bootstrap/AddUser/input_FirstName'

2022-07-25 18:48:49 - [MESSAGE][PASSED] - Text 'Ashley' is set on object 'Object Repository/AdminSuiteBootstrap_Pages/UM_Bootstrap/AddUser/input_FirstName'

2022-07-25 18:48:49 - [TEST_STEP][PASSED] - setText(findTestObject(path_AddUser + "input_LastName"), spUsername): Text '-RoUxNgTMJ' is set on object 'Object Repository/AdminSuiteBootstrap_Pages/UM_Bootstrap/AddUser/input_LastName'

2022-07-25 18:48:50 - [MESSAGE][PASSED] - Text '-RoUxNgTMJ' is set on object 'Object Repository/AdminSuiteBootstrap_Pages/UM_Bootstrap/AddUser/input_LastName'

2022-07-25 18:48:50 - [TEST_STEP][PASSED] - setText(findTestObject(path_AddUser + "input_Password"), "hello6666"): Text 'hello6666' is set on object 'Object Repository/AdminSuiteBootstrap_Pages/UM_Bootstrap/AddUser/input_Password'

2022-07-25 18:48:51 - [MESSAGE][PASSED] - Text 'hello6666' is set on object 'Object Repository/AdminSuiteBootstrap_Pages/UM_Bootstrap/AddUser/input_Password'

2022-07-25 18:48:51 - [TEST_STEP][PASSED] - setText(findTestObject(path_AddUser + "input_ConfirmPassword"), "hello6666"): Text 'hello6666' is set on object 'Object Repository/AdminSuiteBootstrap_Pages/UM_Bootstrap/AddUser/input_ConfirmPassword'

2022-07-25 18:48:51 - [MESSAGE][PASSED] - Text 'hello6666' is set on object 'Object Repository/AdminSuiteBootstrap_Pages/UM_Bootstrap/AddUser/input_ConfirmPassword'

2022-07-25 18:48:51 - [TEST_STEP][PASSED] - check(findTestObject(path_AddUser + "input_No_lock")): Object 'Object Repository/AdminSuiteBootstrap_Pages/UM_Bootstrap/AddUser/input_No_lock' is checked

2022-07-25 18:48:52 - [MESSAGE][PASSED] - Object 'Object Repository/AdminSuiteBootstrap_Pages/UM_Bootstrap/AddUser/input_No_lock' is checked

2022-07-25 18:48:52 - [TEST_STEP][PASSED] - click(findTestObject(path_AddUser + "button_Create")): Object: 'Object Repository/AdminSuiteBootstrap_Pages/UM_Bootstrap/AddUser/button_Create' is clicked on

2022-07-25 18:48:53 - [MESSAGE][PASSED] - Object: 'Object Repository/AdminSuiteBootstrap_Pages/UM_Bootstrap/AddUser/button_Create' is clicked on

2022-07-25 18:48:53 - [TEST_STEP][PASSED] - verifyTextPresent("Error! Please provide the following required information as indicated below", true): Text 'Error! Please provide the following required information as indicated below' is present on page  using regular expression

2022-07-25 18:48:53 - [MESSAGE][PASSED] - Text 'Error! Please provide the following required information as indicated below' is present on page  using regular expression

2022-07-25 18:48:53 - [TEST_STEP][FAILED] - verifyTextPresent("Username may only be comprised of alphanumeric characters, the underscore "_" character, the at "@" symbol, and the period "."Username may only be comprised of alphanumeric characters, the underscore "_" character, the at "@" symbol, and the period "."", true): Text 'Username may only be comprised of alphanumeric characters, the underscore "_" character, the at "@" symbol, and the period "."Username may only be comprised of alphanumeric characters, the underscore "_" character, the at "@" symbol, and the period "."' is not present on page  using regular expression (Root cause: com.kms.katalon.core.exception.StepFailedException: Text 'Username may only be comprised of alphanumeric characters, the underscore "_" character, the at "@" symbol, and the period "."Username may only be comprised of alphanumeric characters, the underscore "_" character, the at "@" symbol, and the period "."' is not present on page  using regular expression
	at com.kms.katalon.core.webui.keyword.internal.WebUIKeywordMain.stepFailed(WebUIKeywordMain.groovy:64)
	at com.kms.katalon.core.webui.keyword.builtin.VerifyTextPresentKeyword$_verifyTextPresent_closure1.doCall(VerifyTextPresentKeyword.groovy:79)
	at com.kms.katalon.core.webui.keyword.builtin.VerifyTextPresentKeyword$_verifyTextPresent_closure1.call(VerifyTextPresentKeyword.groovy)
	at com.kms.katalon.core.webui.keyword.internal.WebUIKeywordMain.runKeyword(WebUIKeywordMain.groovy:20)
	at com.kms.katalon.core.webui.keyword.builtin.VerifyTextPresentKeyword.verifyTextPresent(VerifyTextPresentKeyword.groovy:83)
	at com.kms.katalon.core.webui.keyword.builtin.VerifyTextPresentKeyword.execute(VerifyTextPresentKeyword.groovy:68)
	at com.kms.katalon.core.keyword.internal.KeywordExecutor.executeKeywordForPlatform(KeywordExecutor.groovy:74)
	at com.kms.katalon.core.webui.keyword.WebUiBuiltInKeywords.verifyTextPresent(WebUiBuiltInKeywords.groovy:1723)
	at com.kms.katalon.core.webui.keyword.WebUiBuiltInKeywords$verifyTextPresent$5.call(Unknown Source)
	at AddUserSpCharLastNameError.run(AddUserSpCharLastNameError:87)
	at com.kms.katalon.core.main.ScriptEngine.run(ScriptEngine.java:194)
	at com.kms.katalon.core.main.ScriptEngine.runScriptAsRawText(ScriptEngine.java:119)
	at com.kms.katalon.core.main.TestCaseExecutor.runScript(TestCaseExecutor.java:442)
	at com.kms.katalon.core.main.TestCaseExecutor.doExecute(TestCaseExecutor.java:433)
	at com.kms.katalon.core.main.TestCaseExecutor.processExecutionPhase(TestCaseExecutor.java:412)
	at com.kms.katalon.core.main.TestCaseExecutor.accessMainPhase(TestCaseExecutor.java:404)
	at com.kms.katalon.core.main.TestCaseExecutor.execute(TestCaseExecutor.java:281)
	at com.kms.katalon.core.main.TestSuiteExecutor.accessTestCaseMainPhase(TestSuiteExecutor.java:202)
	at com.kms.katalon.core.main.TestSuiteExecutor.accessTestSuiteMainPhase(TestSuiteExecutor.java:164)
	at com.kms.katalon.core.main.TestSuiteExecutor.execute(TestSuiteExecutor.java:105)
	at com.kms.katalon.core.main.TestCaseMain.startTestSuite(TestCaseMain.java:185)
	at com.kms.katalon.core.main.TestCaseMain$startTestSuite$0.call(Unknown Source)
	at TempTestSuite1658787923991.run(TempTestSuite1658787923991.groovy:36)
)

2022-07-25 18:48:53 - [MESSAGE][FAILED] - Text 'Username may only be comprised of alphanumeric characters, the underscore "_" character, the at "@" symbol, and the period "."Username may only be comprised of alphanumeric characters, the underscore "_" character, the at "@" symbol, and the period "."' is not present on page  using regular expression (Root cause: com.kms.katalon.core.exception.StepFailedException: Text 'Username may only be comprised of alphanumeric characters, the underscore "_" character, the at "@" symbol, and the period "."Username may only be comprised of alphanumeric characters, the underscore "_" character, the at "@" symbol, and the period "."' is not present on page  using regular expression
	at com.kms.katalon.core.webui.keyword.internal.WebUIKeywordMain.stepFailed(WebUIKeywordMain.groovy:64)
	at com.kms.katalon.core.webui.keyword.builtin.VerifyTextPresentKeyword$_verifyTextPresent_closure1.doCall(VerifyTextPresentKeyword.groovy:79)
	at com.kms.katalon.core.webui.keyword.builtin.VerifyTextPresentKeyword$_verifyTextPresent_closure1.call(VerifyTextPresentKeyword.groovy)
	at com.kms.katalon.core.webui.keyword.internal.WebUIKeywordMain.runKeyword(WebUIKeywordMain.groovy:20)
	at com.kms.katalon.core.webui.keyword.builtin.VerifyTextPresentKeyword.verifyTextPresent(VerifyTextPresentKeyword.groovy:83)
	at com.kms.katalon.core.webui.keyword.builtin.VerifyTextPresentKeyword.execute(VerifyTextPresentKeyword.groovy:68)
	at com.kms.katalon.core.keyword.internal.KeywordExecutor.executeKeywordForPlatform(KeywordExecutor.groovy:74)
	at com.kms.katalon.core.webui.keyword.WebUiBuiltInKeywords.verifyTextPresent(WebUiBuiltInKeywords.groovy:1723)
	at com.kms.katalon.core.webui.keyword.WebUiBuiltInKeywords$verifyTextPresent$5.call(Unknown Source)
	at AddUserSpCharLastNameError.run(AddUserSpCharLastNameError:87)
	at com.kms.katalon.core.main.ScriptEngine.run(ScriptEngine.java:194)
	at com.kms.katalon.core.main.ScriptEngine.runScriptAsRawText(ScriptEngine.java:119)
	at com.kms.katalon.core.main.TestCaseExecutor.runScript(TestCaseExecutor.java:442)
	at com.kms.katalon.core.main.TestCaseExecutor.doExecute(TestCaseExecutor.java:433)
	at com.kms.katalon.core.main.TestCaseExecutor.processExecutionPhase(TestCaseExecutor.java:412)
	at com.kms.katalon.core.main.TestCaseExecutor.accessMainPhase(TestCaseExecutor.java:404)
	at com.kms.katalon.core.main.TestCaseExecutor.execute(TestCaseExecutor.java:281)
	at com.kms.katalon.core.main.TestSuiteExecutor.accessTestCaseMainPhase(TestSuiteExecutor.java:202)
	at com.kms.katalon.core.main.TestSuiteExecutor.accessTestSuiteMainPhase(TestSuiteExecutor.java:164)
	at com.kms.katalon.core.main.TestSuiteExecutor.execute(TestSuiteExecutor.java:105)
	at com.kms.katalon.core.main.TestCaseMain.startTestSuite(TestCaseMain.java:185)
	at com.kms.katalon.core.main.TestCaseMain$startTestSuite$0.call(Unknown Source)
	at TempTestSuite1658787923991.run(TempTestSuite1658787923991.groovy:36)
)

2022-07-25 18:48:53 - [TEST_STEP][PASSED] - closeBrowser(): Browser is closed

2022-07-25 18:48:54 - [MESSAGE][PASSED] - Browser is closed

2022-07-25 18:48:54 - [TEST_STEP][PASSED] - ExecuteTC = findTestData(dataFile).getValue("Execute", row): null

2022-07-25 18:48:54 - [TEST_STEP][PASSED] - out.println("Value of Execute is : " + ExecuteTC): null

2022-07-25 18:48:54 - [TEST_STEP][FAILED] - if (ExecuteTC.equalsIgnoreCase("Y")): null

2022-07-25 18:48:54 - [TEST_STEP][PASSED] - out.println("Begin Record Number: " + row): null

2022-07-25 18:48:54 - [TEST_STEP][PASSED] - adminSuiteBootstrap.loginFunctionality.login_AdminSuite(): adminSuiteBootstrap.loginFunctionality.login_AdminSuite is PASSED

2022-07-25 18:48:54 - [MESSAGE][INFO] - Starting 'Chrome' driver

2022-07-25 18:48:54 - [MESSAGE][INFO] - User set preference: ['acceptInsecureCerts', 'true']

2022-07-25 18:48:54 - [MESSAGE][INFO] - Action delay is set to 0 milliseconds

2022-07-25 18:48:58 - [MESSAGE][PASSED] - Browser is opened with url: 'https://qa.velocitypayment.com/admin/imtiaz'

2022-07-25 18:48:59 - [MESSAGE][PASSED] - Current window maximized

2022-07-25 18:48:59 - [MESSAGE][PASSED] - Object 'Object Repository/Login_Page/Login_Username' is present

2022-07-25 18:49:00 - [MESSAGE][PASSED] - Text 'iahmed' is set on object 'Object Repository/Login_Page/Login_Username'

2022-07-25 18:49:00 - [MESSAGE][PASSED] - Text 'hello2222' is set on object 'Object Repository/Login_Page/Login_Password'

2022-07-25 18:49:03 - [MESSAGE][PASSED] - Object: 'Object Repository/Login_Page/Login_Submit' is clicked on

2022-07-25 18:49:03 - [MESSAGE][PASSED] - adminSuiteBootstrap.loginFunctionality.login_AdminSuite is PASSED

2022-07-25 18:49:03 - [TEST_STEP][PASSED] - click(findTestObject(path_Dashboard + "a_Access User Management")): Object: 'Object Repository/AdminSuiteBootstrap_Pages/Dashboard_Bootstrap/a_Access User Management' is clicked on

2022-07-25 18:49:04 - [MESSAGE][PASSED] - Object: 'Object Repository/AdminSuiteBootstrap_Pages/Dashboard_Bootstrap/a_Access User Management' is clicked on

2022-07-25 18:49:04 - [TEST_STEP][PASSED] - click(findTestObject(path_Users + "a_Add User")): Object: 'Object Repository/AdminSuiteBootstrap_Pages/UM_Bootstrap/Users/a_Add User' is clicked on

2022-07-25 18:49:05 - [MESSAGE][PASSED] - Object: 'Object Repository/AdminSuiteBootstrap_Pages/UM_Bootstrap/Users/a_Add User' is clicked on

2022-07-25 18:49:05 - [TEST_STEP][PASSED] - buildUsername = pages.GenerateRandom.getRandomAlpha(): pages.GenerateRandom.getRandomAlpha is PASSED

2022-07-25 18:49:05 - [MESSAGE][PASSED] - pages.GenerateRandom.getRandomAlpha is PASSED

2022-07-25 18:49:05 - [TEST_STEP][PASSED] - prefixUsername = findTestData(dataFile).getValue("Lastname", row): null

2022-07-25 18:49:05 - [TEST_STEP][PASSED] - spUsername = prefixUsername + buildUsername: null

2022-07-25 18:49:05 - [TEST_STEP][PASSED] - setText(findTestObject(path_AddUser + "input_EmailAddress"), "iahmed@govolution.com"): Text 'iahmed@govolution.com' is set on object 'Object Repository/AdminSuiteBootstrap_Pages/UM_Bootstrap/AddUser/input_EmailAddress'

2022-07-25 18:49:06 - [MESSAGE][PASSED] - Text 'iahmed@govolution.com' is set on object 'Object Repository/AdminSuiteBootstrap_Pages/UM_Bootstrap/AddUser/input_EmailAddress'

2022-07-25 18:49:06 - [TEST_STEP][PASSED] - setText(findTestObject(path_AddUser + "input_Username"), buildUsername): Text 'QezBafeON' is set on object 'Object Repository/AdminSuiteBootstrap_Pages/UM_Bootstrap/AddUser/input_Username'

2022-07-25 18:49:06 - [MESSAGE][PASSED] - Text 'QezBafeON' is set on object 'Object Repository/AdminSuiteBootstrap_Pages/UM_Bootstrap/AddUser/input_Username'

2022-07-25 18:49:06 - [TEST_STEP][PASSED] - setText(findTestObject(path_AddUser + "input_FirstName"), "Ashley"): Text 'Ashley' is set on object 'Object Repository/AdminSuiteBootstrap_Pages/UM_Bootstrap/AddUser/input_FirstName'

2022-07-25 18:49:07 - [MESSAGE][PASSED] - Text 'Ashley' is set on object 'Object Repository/AdminSuiteBootstrap_Pages/UM_Bootstrap/AddUser/input_FirstName'

2022-07-25 18:49:07 - [TEST_STEP][PASSED] - setText(findTestObject(path_AddUser + "input_LastName"), spUsername): Text '+QezBafeON' is set on object 'Object Repository/AdminSuiteBootstrap_Pages/UM_Bootstrap/AddUser/input_LastName'

2022-07-25 18:49:08 - [MESSAGE][PASSED] - Text '+QezBafeON' is set on object 'Object Repository/AdminSuiteBootstrap_Pages/UM_Bootstrap/AddUser/input_LastName'

2022-07-25 18:49:08 - [TEST_STEP][PASSED] - setText(findTestObject(path_AddUser + "input_Password"), "hello6666"): Text 'hello6666' is set on object 'Object Repository/AdminSuiteBootstrap_Pages/UM_Bootstrap/AddUser/input_Password'

2022-07-25 18:49:08 - [MESSAGE][PASSED] - Text 'hello6666' is set on object 'Object Repository/AdminSuiteBootstrap_Pages/UM_Bootstrap/AddUser/input_Password'

2022-07-25 18:49:08 - [TEST_STEP][PASSED] - setText(findTestObject(path_AddUser + "input_ConfirmPassword"), "hello6666"): Text 'hello6666' is set on object 'Object Repository/AdminSuiteBootstrap_Pages/UM_Bootstrap/AddUser/input_ConfirmPassword'

2022-07-25 18:49:09 - [MESSAGE][PASSED] - Text 'hello6666' is set on object 'Object Repository/AdminSuiteBootstrap_Pages/UM_Bootstrap/AddUser/input_ConfirmPassword'

2022-07-25 18:49:09 - [TEST_STEP][PASSED] - check(findTestObject(path_AddUser + "input_No_lock")): Object 'Object Repository/AdminSuiteBootstrap_Pages/UM_Bootstrap/AddUser/input_No_lock' is checked

2022-07-25 18:49:10 - [MESSAGE][PASSED] - Object 'Object Repository/AdminSuiteBootstrap_Pages/UM_Bootstrap/AddUser/input_No_lock' is checked

2022-07-25 18:49:10 - [TEST_STEP][PASSED] - click(findTestObject(path_AddUser + "button_Create")): Object: 'Object Repository/AdminSuiteBootstrap_Pages/UM_Bootstrap/AddUser/button_Create' is clicked on

2022-07-25 18:49:10 - [MESSAGE][PASSED] - Object: 'Object Repository/AdminSuiteBootstrap_Pages/UM_Bootstrap/AddUser/button_Create' is clicked on

2022-07-25 18:49:10 - [TEST_STEP][PASSED] - verifyTextPresent("Error! Please provide the following required information as indicated below", true): Text 'Error! Please provide the following required information as indicated below' is present on page  using regular expression

2022-07-25 18:49:11 - [MESSAGE][PASSED] - Text 'Error! Please provide the following required information as indicated below' is present on page  using regular expression

2022-07-25 18:49:11 - [TEST_STEP][FAILED] - verifyTextPresent("Username may only be comprised of alphanumeric characters, the underscore "_" character, the at "@" symbol, and the period "."Username may only be comprised of alphanumeric characters, the underscore "_" character, the at "@" symbol, and the period "."", true): Text 'Username may only be comprised of alphanumeric characters, the underscore "_" character, the at "@" symbol, and the period "."Username may only be comprised of alphanumeric characters, the underscore "_" character, the at "@" symbol, and the period "."' is not present on page  using regular expression (Root cause: com.kms.katalon.core.exception.StepFailedException: Text 'Username may only be comprised of alphanumeric characters, the underscore "_" character, the at "@" symbol, and the period "."Username may only be comprised of alphanumeric characters, the underscore "_" character, the at "@" symbol, and the period "."' is not present on page  using regular expression
	at com.kms.katalon.core.webui.keyword.internal.WebUIKeywordMain.stepFailed(WebUIKeywordMain.groovy:64)
	at com.kms.katalon.core.webui.keyword.builtin.VerifyTextPresentKeyword$_verifyTextPresent_closure1.doCall(VerifyTextPresentKeyword.groovy:79)
	at com.kms.katalon.core.webui.keyword.builtin.VerifyTextPresentKeyword$_verifyTextPresent_closure1.call(VerifyTextPresentKeyword.groovy)
	at com.kms.katalon.core.webui.keyword.internal.WebUIKeywordMain.runKeyword(WebUIKeywordMain.groovy:20)
	at com.kms.katalon.core.webui.keyword.builtin.VerifyTextPresentKeyword.verifyTextPresent(VerifyTextPresentKeyword.groovy:83)
	at com.kms.katalon.core.webui.keyword.builtin.VerifyTextPresentKeyword.execute(VerifyTextPresentKeyword.groovy:68)
	at com.kms.katalon.core.keyword.internal.KeywordExecutor.executeKeywordForPlatform(KeywordExecutor.groovy:74)
	at com.kms.katalon.core.webui.keyword.WebUiBuiltInKeywords.verifyTextPresent(WebUiBuiltInKeywords.groovy:1723)
	at com.kms.katalon.core.webui.keyword.WebUiBuiltInKeywords$verifyTextPresent$5.call(Unknown Source)
	at AddUserSpCharLastNameError.run(AddUserSpCharLastNameError:87)
	at com.kms.katalon.core.main.ScriptEngine.run(ScriptEngine.java:194)
	at com.kms.katalon.core.main.ScriptEngine.runScriptAsRawText(ScriptEngine.java:119)
	at com.kms.katalon.core.main.TestCaseExecutor.runScript(TestCaseExecutor.java:442)
	at com.kms.katalon.core.main.TestCaseExecutor.doExecute(TestCaseExecutor.java:433)
	at com.kms.katalon.core.main.TestCaseExecutor.processExecutionPhase(TestCaseExecutor.java:412)
	at com.kms.katalon.core.main.TestCaseExecutor.accessMainPhase(TestCaseExecutor.java:404)
	at com.kms.katalon.core.main.TestCaseExecutor.execute(TestCaseExecutor.java:281)
	at com.kms.katalon.core.main.TestSuiteExecutor.accessTestCaseMainPhase(TestSuiteExecutor.java:202)
	at com.kms.katalon.core.main.TestSuiteExecutor.accessTestSuiteMainPhase(TestSuiteExecutor.java:164)
	at com.kms.katalon.core.main.TestSuiteExecutor.execute(TestSuiteExecutor.java:105)
	at com.kms.katalon.core.main.TestCaseMain.startTestSuite(TestCaseMain.java:185)
	at com.kms.katalon.core.main.TestCaseMain$startTestSuite$0.call(Unknown Source)
	at TempTestSuite1658787923991.run(TempTestSuite1658787923991.groovy:36)
)

2022-07-25 18:49:11 - [MESSAGE][FAILED] - Text 'Username may only be comprised of alphanumeric characters, the underscore "_" character, the at "@" symbol, and the period "."Username may only be comprised of alphanumeric characters, the underscore "_" character, the at "@" symbol, and the period "."' is not present on page  using regular expression (Root cause: com.kms.katalon.core.exception.StepFailedException: Text 'Username may only be comprised of alphanumeric characters, the underscore "_" character, the at "@" symbol, and the period "."Username may only be comprised of alphanumeric characters, the underscore "_" character, the at "@" symbol, and the period "."' is not present on page  using regular expression
	at com.kms.katalon.core.webui.keyword.internal.WebUIKeywordMain.stepFailed(WebUIKeywordMain.groovy:64)
	at com.kms.katalon.core.webui.keyword.builtin.VerifyTextPresentKeyword$_verifyTextPresent_closure1.doCall(VerifyTextPresentKeyword.groovy:79)
	at com.kms.katalon.core.webui.keyword.builtin.VerifyTextPresentKeyword$_verifyTextPresent_closure1.call(VerifyTextPresentKeyword.groovy)
	at com.kms.katalon.core.webui.keyword.internal.WebUIKeywordMain.runKeyword(WebUIKeywordMain.groovy:20)
	at com.kms.katalon.core.webui.keyword.builtin.VerifyTextPresentKeyword.verifyTextPresent(VerifyTextPresentKeyword.groovy:83)
	at com.kms.katalon.core.webui.keyword.builtin.VerifyTextPresentKeyword.execute(VerifyTextPresentKeyword.groovy:68)
	at com.kms.katalon.core.keyword.internal.KeywordExecutor.executeKeywordForPlatform(KeywordExecutor.groovy:74)
	at com.kms.katalon.core.webui.keyword.WebUiBuiltInKeywords.verifyTextPresent(WebUiBuiltInKeywords.groovy:1723)
	at com.kms.katalon.core.webui.keyword.WebUiBuiltInKeywords$verifyTextPresent$5.call(Unknown Source)
	at AddUserSpCharLastNameError.run(AddUserSpCharLastNameError:87)
	at com.kms.katalon.core.main.ScriptEngine.run(ScriptEngine.java:194)
	at com.kms.katalon.core.main.ScriptEngine.runScriptAsRawText(ScriptEngine.java:119)
	at com.kms.katalon.core.main.TestCaseExecutor.runScript(TestCaseExecutor.java:442)
	at com.kms.katalon.core.main.TestCaseExecutor.doExecute(TestCaseExecutor.java:433)
	at com.kms.katalon.core.main.TestCaseExecutor.processExecutionPhase(TestCaseExecutor.java:412)
	at com.kms.katalon.core.main.TestCaseExecutor.accessMainPhase(TestCaseExecutor.java:404)
	at com.kms.katalon.core.main.TestCaseExecutor.execute(TestCaseExecutor.java:281)
	at com.kms.katalon.core.main.TestSuiteExecutor.accessTestCaseMainPhase(TestSuiteExecutor.java:202)
	at com.kms.katalon.core.main.TestSuiteExecutor.accessTestSuiteMainPhase(TestSuiteExecutor.java:164)
	at com.kms.katalon.core.main.TestSuiteExecutor.execute(TestSuiteExecutor.java:105)
	at com.kms.katalon.core.main.TestCaseMain.startTestSuite(TestCaseMain.java:185)
	at com.kms.katalon.core.main.TestCaseMain$startTestSuite$0.call(Unknown Source)
	at TempTestSuite1658787923991.run(TempTestSuite1658787923991.groovy:36)
)

2022-07-25 18:49:11 - [TEST_STEP][PASSED] - closeBrowser(): Browser is closed

2022-07-25 18:49:12 - [MESSAGE][PASSED] - Browser is closed

2022-07-25 18:49:12 - [TEST_STEP][PASSED] - ExecuteTC = findTestData(dataFile).getValue("Execute", row): null

2022-07-25 18:49:12 - [TEST_STEP][PASSED] - out.println("Value of Execute is : " + ExecuteTC): null

2022-07-25 18:49:12 - [TEST_STEP][FAILED] - if (ExecuteTC.equalsIgnoreCase("Y")): null

2022-07-25 18:49:12 - [TEST_STEP][PASSED] - out.println("Begin Record Number: " + row): null

2022-07-25 18:49:12 - [TEST_STEP][PASSED] - adminSuiteBootstrap.loginFunctionality.login_AdminSuite(): adminSuiteBootstrap.loginFunctionality.login_AdminSuite is PASSED

2022-07-25 18:49:12 - [MESSAGE][INFO] - Starting 'Chrome' driver

2022-07-25 18:49:12 - [MESSAGE][INFO] - User set preference: ['acceptInsecureCerts', 'true']

2022-07-25 18:49:12 - [MESSAGE][INFO] - Action delay is set to 0 milliseconds

2022-07-25 18:49:15 - [MESSAGE][PASSED] - Browser is opened with url: 'https://qa.velocitypayment.com/admin/imtiaz'

2022-07-25 18:49:15 - [MESSAGE][PASSED] - Current window maximized

2022-07-25 18:49:15 - [MESSAGE][PASSED] - Object 'Object Repository/Login_Page/Login_Username' is present

2022-07-25 18:49:16 - [MESSAGE][PASSED] - Text 'iahmed' is set on object 'Object Repository/Login_Page/Login_Username'

2022-07-25 18:49:17 - [MESSAGE][PASSED] - Text 'hello2222' is set on object 'Object Repository/Login_Page/Login_Password'

2022-07-25 18:49:21 - [MESSAGE][PASSED] - Object: 'Object Repository/Login_Page/Login_Submit' is clicked on

2022-07-25 18:49:21 - [MESSAGE][PASSED] - adminSuiteBootstrap.loginFunctionality.login_AdminSuite is PASSED

2022-07-25 18:49:21 - [TEST_STEP][PASSED] - click(findTestObject(path_Dashboard + "a_Access User Management")): Object: 'Object Repository/AdminSuiteBootstrap_Pages/Dashboard_Bootstrap/a_Access User Management' is clicked on

2022-07-25 18:49:22 - [MESSAGE][PASSED] - Object: 'Object Repository/AdminSuiteBootstrap_Pages/Dashboard_Bootstrap/a_Access User Management' is clicked on

2022-07-25 18:49:22 - [TEST_STEP][PASSED] - click(findTestObject(path_Users + "a_Add User")): Object: 'Object Repository/AdminSuiteBootstrap_Pages/UM_Bootstrap/Users/a_Add User' is clicked on

2022-07-25 18:49:23 - [MESSAGE][PASSED] - Object: 'Object Repository/AdminSuiteBootstrap_Pages/UM_Bootstrap/Users/a_Add User' is clicked on

2022-07-25 18:49:23 - [TEST_STEP][PASSED] - buildUsername = pages.GenerateRandom.getRandomAlpha(): pages.GenerateRandom.getRandomAlpha is PASSED

2022-07-25 18:49:23 - [MESSAGE][PASSED] - pages.GenerateRandom.getRandomAlpha is PASSED

2022-07-25 18:49:23 - [TEST_STEP][PASSED] - prefixUsername = findTestData(dataFile).getValue("Lastname", row): null

2022-07-25 18:49:23 - [TEST_STEP][PASSED] - spUsername = prefixUsername + buildUsername: null

2022-07-25 18:49:23 - [TEST_STEP][PASSED] - setText(findTestObject(path_AddUser + "input_EmailAddress"), "iahmed@govolution.com"): Text 'iahmed@govolution.com' is set on object 'Object Repository/AdminSuiteBootstrap_Pages/UM_Bootstrap/AddUser/input_EmailAddress'

2022-07-25 18:49:24 - [MESSAGE][PASSED] - Text 'iahmed@govolution.com' is set on object 'Object Repository/AdminSuiteBootstrap_Pages/UM_Bootstrap/AddUser/input_EmailAddress'

2022-07-25 18:49:24 - [TEST_STEP][PASSED] - setText(findTestObject(path_AddUser + "input_Username"), buildUsername): Text 'MdCqiWUtF' is set on object 'Object Repository/AdminSuiteBootstrap_Pages/UM_Bootstrap/AddUser/input_Username'

2022-07-25 18:49:25 - [MESSAGE][PASSED] - Text 'MdCqiWUtF' is set on object 'Object Repository/AdminSuiteBootstrap_Pages/UM_Bootstrap/AddUser/input_Username'

2022-07-25 18:49:25 - [TEST_STEP][PASSED] - setText(findTestObject(path_AddUser + "input_FirstName"), "Ashley"): Text 'Ashley' is set on object 'Object Repository/AdminSuiteBootstrap_Pages/UM_Bootstrap/AddUser/input_FirstName'

2022-07-25 18:49:25 - [MESSAGE][PASSED] - Text 'Ashley' is set on object 'Object Repository/AdminSuiteBootstrap_Pages/UM_Bootstrap/AddUser/input_FirstName'

2022-07-25 18:49:25 - [TEST_STEP][PASSED] - setText(findTestObject(path_AddUser + "input_LastName"), spUsername): Text '@MdCqiWUtF' is set on object 'Object Repository/AdminSuiteBootstrap_Pages/UM_Bootstrap/AddUser/input_LastName'

2022-07-25 18:49:26 - [MESSAGE][PASSED] - Text '@MdCqiWUtF' is set on object 'Object Repository/AdminSuiteBootstrap_Pages/UM_Bootstrap/AddUser/input_LastName'

2022-07-25 18:49:26 - [TEST_STEP][PASSED] - setText(findTestObject(path_AddUser + "input_Password"), "hello6666"): Text 'hello6666' is set on object 'Object Repository/AdminSuiteBootstrap_Pages/UM_Bootstrap/AddUser/input_Password'

2022-07-25 18:49:27 - [MESSAGE][PASSED] - Text 'hello6666' is set on object 'Object Repository/AdminSuiteBootstrap_Pages/UM_Bootstrap/AddUser/input_Password'

2022-07-25 18:49:27 - [TEST_STEP][PASSED] - setText(findTestObject(path_AddUser + "input_ConfirmPassword"), "hello6666"): Text 'hello6666' is set on object 'Object Repository/AdminSuiteBootstrap_Pages/UM_Bootstrap/AddUser/input_ConfirmPassword'

2022-07-25 18:49:27 - [MESSAGE][PASSED] - Text 'hello6666' is set on object 'Object Repository/AdminSuiteBootstrap_Pages/UM_Bootstrap/AddUser/input_ConfirmPassword'

2022-07-25 18:49:27 - [TEST_STEP][PASSED] - check(findTestObject(path_AddUser + "input_No_lock")): Object 'Object Repository/AdminSuiteBootstrap_Pages/UM_Bootstrap/AddUser/input_No_lock' is checked

2022-07-25 18:49:28 - [MESSAGE][PASSED] - Object 'Object Repository/AdminSuiteBootstrap_Pages/UM_Bootstrap/AddUser/input_No_lock' is checked

2022-07-25 18:49:28 - [TEST_STEP][PASSED] - click(findTestObject(path_AddUser + "button_Create")): Object: 'Object Repository/AdminSuiteBootstrap_Pages/UM_Bootstrap/AddUser/button_Create' is clicked on

2022-07-25 18:49:29 - [MESSAGE][PASSED] - Object: 'Object Repository/AdminSuiteBootstrap_Pages/UM_Bootstrap/AddUser/button_Create' is clicked on

2022-07-25 18:49:29 - [TEST_STEP][PASSED] - verifyTextPresent("Error! Please provide the following required information as indicated below", true): Text 'Error! Please provide the following required information as indicated below' is present on page  using regular expression

2022-07-25 18:49:29 - [MESSAGE][PASSED] - Text 'Error! Please provide the following required information as indicated below' is present on page  using regular expression

2022-07-25 18:49:29 - [TEST_STEP][FAILED] - verifyTextPresent("Username may only be comprised of alphanumeric characters, the underscore "_" character, the at "@" symbol, and the period "."Username may only be comprised of alphanumeric characters, the underscore "_" character, the at "@" symbol, and the period "."", true): Text 'Username may only be comprised of alphanumeric characters, the underscore "_" character, the at "@" symbol, and the period "."Username may only be comprised of alphanumeric characters, the underscore "_" character, the at "@" symbol, and the period "."' is not present on page  using regular expression (Root cause: com.kms.katalon.core.exception.StepFailedException: Text 'Username may only be comprised of alphanumeric characters, the underscore "_" character, the at "@" symbol, and the period "."Username may only be comprised of alphanumeric characters, the underscore "_" character, the at "@" symbol, and the period "."' is not present on page  using regular expression
	at com.kms.katalon.core.webui.keyword.internal.WebUIKeywordMain.stepFailed(WebUIKeywordMain.groovy:64)
	at com.kms.katalon.core.webui.keyword.builtin.VerifyTextPresentKeyword$_verifyTextPresent_closure1.doCall(VerifyTextPresentKeyword.groovy:79)
	at com.kms.katalon.core.webui.keyword.builtin.VerifyTextPresentKeyword$_verifyTextPresent_closure1.call(VerifyTextPresentKeyword.groovy)
	at com.kms.katalon.core.webui.keyword.internal.WebUIKeywordMain.runKeyword(WebUIKeywordMain.groovy:20)
	at com.kms.katalon.core.webui.keyword.builtin.VerifyTextPresentKeyword.verifyTextPresent(VerifyTextPresentKeyword.groovy:83)
	at com.kms.katalon.core.webui.keyword.builtin.VerifyTextPresentKeyword.execute(VerifyTextPresentKeyword.groovy:68)
	at com.kms.katalon.core.keyword.internal.KeywordExecutor.executeKeywordForPlatform(KeywordExecutor.groovy:74)
	at com.kms.katalon.core.webui.keyword.WebUiBuiltInKeywords.verifyTextPresent(WebUiBuiltInKeywords.groovy:1723)
	at com.kms.katalon.core.webui.keyword.WebUiBuiltInKeywords$verifyTextPresent$5.call(Unknown Source)
	at AddUserSpCharLastNameError.run(AddUserSpCharLastNameError:87)
	at com.kms.katalon.core.main.ScriptEngine.run(ScriptEngine.java:194)
	at com.kms.katalon.core.main.ScriptEngine.runScriptAsRawText(ScriptEngine.java:119)
	at com.kms.katalon.core.main.TestCaseExecutor.runScript(TestCaseExecutor.java:442)
	at com.kms.katalon.core.main.TestCaseExecutor.doExecute(TestCaseExecutor.java:433)
	at com.kms.katalon.core.main.TestCaseExecutor.processExecutionPhase(TestCaseExecutor.java:412)
	at com.kms.katalon.core.main.TestCaseExecutor.accessMainPhase(TestCaseExecutor.java:404)
	at com.kms.katalon.core.main.TestCaseExecutor.execute(TestCaseExecutor.java:281)
	at com.kms.katalon.core.main.TestSuiteExecutor.accessTestCaseMainPhase(TestSuiteExecutor.java:202)
	at com.kms.katalon.core.main.TestSuiteExecutor.accessTestSuiteMainPhase(TestSuiteExecutor.java:164)
	at com.kms.katalon.core.main.TestSuiteExecutor.execute(TestSuiteExecutor.java:105)
	at com.kms.katalon.core.main.TestCaseMain.startTestSuite(TestCaseMain.java:185)
	at com.kms.katalon.core.main.TestCaseMain$startTestSuite$0.call(Unknown Source)
	at TempTestSuite1658787923991.run(TempTestSuite1658787923991.groovy:36)
)

2022-07-25 18:49:30 - [MESSAGE][FAILED] - Text 'Username may only be comprised of alphanumeric characters, the underscore "_" character, the at "@" symbol, and the period "."Username may only be comprised of alphanumeric characters, the underscore "_" character, the at "@" symbol, and the period "."' is not present on page  using regular expression (Root cause: com.kms.katalon.core.exception.StepFailedException: Text 'Username may only be comprised of alphanumeric characters, the underscore "_" character, the at "@" symbol, and the period "."Username may only be comprised of alphanumeric characters, the underscore "_" character, the at "@" symbol, and the period "."' is not present on page  using regular expression
	at com.kms.katalon.core.webui.keyword.internal.WebUIKeywordMain.stepFailed(WebUIKeywordMain.groovy:64)
	at com.kms.katalon.core.webui.keyword.builtin.VerifyTextPresentKeyword$_verifyTextPresent_closure1.doCall(VerifyTextPresentKeyword.groovy:79)
	at com.kms.katalon.core.webui.keyword.builtin.VerifyTextPresentKeyword$_verifyTextPresent_closure1.call(VerifyTextPresentKeyword.groovy)
	at com.kms.katalon.core.webui.keyword.internal.WebUIKeywordMain.runKeyword(WebUIKeywordMain.groovy:20)
	at com.kms.katalon.core.webui.keyword.builtin.VerifyTextPresentKeyword.verifyTextPresent(VerifyTextPresentKeyword.groovy:83)
	at com.kms.katalon.core.webui.keyword.builtin.VerifyTextPresentKeyword.execute(VerifyTextPresentKeyword.groovy:68)
	at com.kms.katalon.core.keyword.internal.KeywordExecutor.executeKeywordForPlatform(KeywordExecutor.groovy:74)
	at com.kms.katalon.core.webui.keyword.WebUiBuiltInKeywords.verifyTextPresent(WebUiBuiltInKeywords.groovy:1723)
	at com.kms.katalon.core.webui.keyword.WebUiBuiltInKeywords$verifyTextPresent$5.call(Unknown Source)
	at AddUserSpCharLastNameError.run(AddUserSpCharLastNameError:87)
	at com.kms.katalon.core.main.ScriptEngine.run(ScriptEngine.java:194)
	at com.kms.katalon.core.main.ScriptEngine.runScriptAsRawText(ScriptEngine.java:119)
	at com.kms.katalon.core.main.TestCaseExecutor.runScript(TestCaseExecutor.java:442)
	at com.kms.katalon.core.main.TestCaseExecutor.doExecute(TestCaseExecutor.java:433)
	at com.kms.katalon.core.main.TestCaseExecutor.processExecutionPhase(TestCaseExecutor.java:412)
	at com.kms.katalon.core.main.TestCaseExecutor.accessMainPhase(TestCaseExecutor.java:404)
	at com.kms.katalon.core.main.TestCaseExecutor.execute(TestCaseExecutor.java:281)
	at com.kms.katalon.core.main.TestSuiteExecutor.accessTestCaseMainPhase(TestSuiteExecutor.java:202)
	at com.kms.katalon.core.main.TestSuiteExecutor.accessTestSuiteMainPhase(TestSuiteExecutor.java:164)
	at com.kms.katalon.core.main.TestSuiteExecutor.execute(TestSuiteExecutor.java:105)
	at com.kms.katalon.core.main.TestCaseMain.startTestSuite(TestCaseMain.java:185)
	at com.kms.katalon.core.main.TestCaseMain$startTestSuite$0.call(Unknown Source)
	at TempTestSuite1658787923991.run(TempTestSuite1658787923991.groovy:36)
)

2022-07-25 18:49:30 - [TEST_STEP][PASSED] - closeBrowser(): Browser is closed

2022-07-25 18:49:31 - [MESSAGE][PASSED] - Browser is closed]]></system-out>
         <system-err><![CDATA[2022-07-25 18:48:18 - [TEST_CASE][FAILED] - Test Cases/Admin Suite Bootstrap/UM_TestCases/UsersErrors/AddUserSpCharLastNameError: Test Cases/Admin Suite Bootstrap/UM_TestCases/UsersErrors/AddUserSpCharLastNameError FAILED.
Reason:
com.kms.katalon.core.exception.StepFailedException: Text 'Username may only be comprised of alphanumeric characters, the underscore "_" character, the at "@" symbol, and the period "."Username may only be comprised of alphanumeric characters, the underscore "_" character, the at "@" symbol, and the period "."' is not present on page  using regular expression (Root cause: com.kms.katalon.core.exception.StepFailedException: Text 'Username may only be comprised of alphanumeric characters, the underscore "_" character, the at "@" symbol, and the period "."Username may only be comprised of alphanumeric characters, the underscore "_" character, the at "@" symbol, and the period "."' is not present on page  using regular expression
	at com.kms.katalon.core.webui.keyword.internal.WebUIKeywordMain.stepFailed(WebUIKeywordMain.groovy:64)
	at com.kms.katalon.core.webui.keyword.builtin.VerifyTextPresentKeyword$_verifyTextPresent_closure1.doCall(VerifyTextPresentKeyword.groovy:79)
	at com.kms.katalon.core.webui.keyword.builtin.VerifyTextPresentKeyword$_verifyTextPresent_closure1.call(VerifyTextPresentKeyword.groovy)
	at com.kms.katalon.core.webui.keyword.internal.WebUIKeywordMain.runKeyword(WebUIKeywordMain.groovy:20)
	at com.kms.katalon.core.webui.keyword.builtin.VerifyTextPresentKeyword.verifyTextPresent(VerifyTextPresentKeyword.groovy:83)
	at com.kms.katalon.core.webui.keyword.builtin.VerifyTextPresentKeyword.execute(VerifyTextPresentKeyword.groovy:68)
	at com.kms.katalon.core.keyword.internal.KeywordExecutor.executeKeywordForPlatform(KeywordExecutor.groovy:74)
	at com.kms.katalon.core.webui.keyword.WebUiBuiltInKeywords.verifyTextPresent(WebUiBuiltInKeywords.groovy:1723)
	at com.kms.katalon.core.webui.keyword.WebUiBuiltInKeywords$verifyTextPresent$5.call(Unknown Source)
	at AddUserSpCharLastNameError.run(AddUserSpCharLastNameError:87)
	at com.kms.katalon.core.main.ScriptEngine.run(ScriptEngine.java:194)
	at com.kms.katalon.core.main.ScriptEngine.runScriptAsRawText(ScriptEngine.java:119)
	at com.kms.katalon.core.main.TestCaseExecutor.runScript(TestCaseExecutor.java:442)
	at com.kms.katalon.core.main.TestCaseExecutor.doExecute(TestCaseExecutor.java:433)
	at com.kms.katalon.core.main.TestCaseExecutor.processExecutionPhase(TestCaseExecutor.java:412)
	at com.kms.katalon.core.main.TestCaseExecutor.accessMainPhase(TestCaseExecutor.java:404)
	at com.kms.katalon.core.main.TestCaseExecutor.execute(TestCaseExecutor.java:281)
	at com.kms.katalon.core.main.TestSuiteExecutor.accessTestCaseMainPhase(TestSuiteExecutor.java:202)
	at com.kms.katalon.core.main.TestSuiteExecutor.accessTestSuiteMainPhase(TestSuiteExecutor.java:164)
	at com.kms.katalon.core.main.TestSuiteExecutor.execute(TestSuiteExecutor.java:105)
	at com.kms.katalon.core.main.TestCaseMain.startTestSuite(TestCaseMain.java:185)
	at com.kms.katalon.core.main.TestCaseMain$startTestSuite$0.call(Unknown Source)
	at TempTestSuite1658787923991.run(TempTestSuite1658787923991.groovy:36)
)
	at com.kms.katalon.core.keyword.internal.KeywordMain.stepFailed(KeywordMain.groovy:39)
	at com.kms.katalon.core.webui.keyword.internal.WebUIKeywordMain.stepFailed(WebUIKeywordMain.groovy:64)
	at com.kms.katalon.core.webui.keyword.builtin.VerifyTextPresentKeyword$_verifyTextPresent_closure1.doCall(VerifyTextPresentKeyword.groovy:79)
	at com.kms.katalon.core.webui.keyword.builtin.VerifyTextPresentKeyword$_verifyTextPresent_closure1.call(VerifyTextPresentKeyword.groovy)
	at com.kms.katalon.core.webui.keyword.internal.WebUIKeywordMain.runKeyword(WebUIKeywordMain.groovy:20)
	at com.kms.katalon.core.webui.keyword.builtin.VerifyTextPresentKeyword.verifyTextPresent(VerifyTextPresentKeyword.groovy:83)
	at com.kms.katalon.core.webui.keyword.builtin.VerifyTextPresentKeyword.execute(VerifyTextPresentKeyword.groovy:68)
	at com.kms.katalon.core.keyword.internal.KeywordExecutor.executeKeywordForPlatform(KeywordExecutor.groovy:74)
	at com.kms.katalon.core.webui.keyword.WebUiBuiltInKeywords.verifyTextPresent(WebUiBuiltInKeywords.groovy:1723)
	at com.kms.katalon.core.webui.keyword.WebUiBuiltInKeywords$verifyTextPresent$5.call(Unknown Source)
	at AddUserSpCharLastNameError.run(AddUserSpCharLastNameError:87)
	at com.kms.katalon.core.main.ScriptEngine.run(ScriptEngine.java:194)
	at com.kms.katalon.core.main.ScriptEngine.runScriptAsRawText(ScriptEngine.java:119)
	at com.kms.katalon.core.main.TestCaseExecutor.runScript(TestCaseExecutor.java:442)
	at com.kms.katalon.core.main.TestCaseExecutor.doExecute(TestCaseExecutor.java:433)
	at com.kms.katalon.core.main.TestCaseExecutor.processExecutionPhase(TestCaseExecutor.java:412)
	at com.kms.katalon.core.main.TestCaseExecutor.accessMainPhase(TestCaseExecutor.java:404)
	at com.kms.katalon.core.main.TestCaseExecutor.execute(TestCaseExecutor.java:281)
	at com.kms.katalon.core.main.TestSuiteExecutor.accessTestCaseMainPhase(TestSuiteExecutor.java:202)
	at com.kms.katalon.core.main.TestSuiteExecutor.accessTestSuiteMainPhase(TestSuiteExecutor.java:164)
	at com.kms.katalon.core.main.TestSuiteExecutor.execute(TestSuiteExecutor.java:105)
	at com.kms.katalon.core.main.TestCaseMain.startTestSuite(TestCaseMain.java:185)
	at com.kms.katalon.core.main.TestCaseMain$startTestSuite$0.call(Unknown Source)
	at TempTestSuite1658787923991.run(TempTestSuite1658787923991.groovy:36)
Caused by: com.kms.katalon.core.exception.StepFailedException: Text 'Username may only be comprised of alphanumeric characters, the underscore "_" character, the at "@" symbol, and the period "."Username may only be comprised of alphanumeric characters, the underscore "_" character, the at "@" symbol, and the period "."' is not present on page  using regular expression
	... 23 more]]></system-err>
      </testcase>
      <testcase name="Test Cases/Admin Suite Bootstrap/UM_TestCases/UsersErrors/CreateUserErrors" time="72.308" classname="Test Cases/Admin Suite Bootstrap/UM_TestCases/UsersErrors/CreateUserErrors" status="PASSED">
         <system-out><![CDATA[2022-07-25 18:49:31 - [TEST_CASE][PASSED] - Test Cases/Admin Suite Bootstrap/UM_TestCases/UsersErrors/CreateUserErrors: Test Cases/Admin Suite Bootstrap/UM_TestCases/UsersErrors/CreateUserErrors

2022-07-25 18:49:31 - [TEST_STEP][PASSED] - path_Dashboard = "Object Repository/AdminSuiteBootstrap_Pages/Dashboard_Bootstrap/": null

2022-07-25 18:49:31 - [TEST_STEP][PASSED] - path_Users = "Object Repository/AdminSuiteBootstrap_Pages/UM_Bootstrap/Users/": null

2022-07-25 18:49:31 - [TEST_STEP][PASSED] - path_UserView = "Object Repository/AdminSuiteBootstrap_Pages/UM_Bootstrap/UserView/": null

2022-07-25 18:49:31 - [TEST_STEP][PASSED] - path_DeleteUser = "Object Repository/AdminSuiteBootstrap_Pages/UM_Bootstrap/DeleteUser/": null

2022-07-25 18:49:31 - [TEST_STEP][PASSED] - path_AddUser = "Object Repository/AdminSuiteBootstrap_Pages/UM_Bootstrap/AddUser/": null

2022-07-25 18:49:31 - [TEST_STEP][PASSED] - executionProfile = getExecutionProfile(): null

2022-07-25 18:49:31 - [TEST_STEP][PASSED] - out.println("executionProfile : " + executionProfile): null

2022-07-25 18:49:31 - [TEST_STEP][PASSED] - appName = <not implemented yet for class: org.codehaus.groovy.ast.expr.EmptyExpression>: null

2022-07-25 18:49:31 - [TEST_STEP][PASSED] - appID = <not implemented yet for class: org.codehaus.groovy.ast.expr.EmptyExpression>: null

2022-07-25 18:49:31 - [TEST_STEP][PASSED] - cardNameV = <not implemented yet for class: org.codehaus.groovy.ast.expr.EmptyExpression>: null

2022-07-25 18:49:31 - [TEST_STEP][PASSED] - al1V = <not implemented yet for class: org.codehaus.groovy.ast.expr.EmptyExpression>: null

2022-07-25 18:49:31 - [TEST_STEP][PASSED] - al2V = <not implemented yet for class: org.codehaus.groovy.ast.expr.EmptyExpression>: null

2022-07-25 18:49:31 - [TEST_STEP][PASSED] - zipV = <not implemented yet for class: org.codehaus.groovy.ast.expr.EmptyExpression>: null

2022-07-25 18:49:31 - [TEST_STEP][PASSED] - cardTypeV = <not implemented yet for class: org.codehaus.groovy.ast.expr.EmptyExpression>: null

2022-07-25 18:49:31 - [TEST_STEP][PASSED] - nameSheet = "CreateUserErrors": null

2022-07-25 18:49:31 - [TEST_STEP][PASSED] - dataFile = "QA/Bootstrap/UM-TestData/CreateUserErrors": null

2022-07-25 18:49:31 - [TEST_STEP][PASSED] - numOfRows = findTestData("QA/Bootstrap/UM-TestData/CreateUserErrors").getRowNumbers(): null

2022-07-25 18:49:31 - [TEST_STEP][PASSED] - println("Number of Records: " + numOfRows): null

2022-07-25 18:49:31 - [TEST_STEP][PASSED] - for ([row = 1, row <= numOfRows, (row++)]): Browser is closed

2022-07-25 18:49:31 - [TEST_STEP][PASSED] - ExecuteTC = findTestData(dataFile).getValue("Execute", row): null

2022-07-25 18:49:31 - [TEST_STEP][PASSED] - out.println("Value of Execute is : " + ExecuteTC): null

2022-07-25 18:49:31 - [TEST_STEP][PASSED] - if (ExecuteTC.equalsIgnoreCase("Y")): Browser is closed

2022-07-25 18:49:31 - [TEST_STEP][PASSED] - out.println("Begin Record Number: " + row): null

2022-07-25 18:49:31 - [TEST_STEP][PASSED] - adminSuiteBootstrap.loginFunctionality.login_AdminSuite(): adminSuiteBootstrap.loginFunctionality.login_AdminSuite is PASSED

2022-07-25 18:49:31 - [MESSAGE][INFO] - Starting 'Chrome' driver

2022-07-25 18:49:31 - [MESSAGE][INFO] - User set preference: ['acceptInsecureCerts', 'true']

2022-07-25 18:49:31 - [MESSAGE][INFO] - Action delay is set to 0 milliseconds

2022-07-25 18:49:34 - [MESSAGE][PASSED] - Browser is opened with url: 'https://qa.velocitypayment.com/admin/imtiaz'

2022-07-25 18:49:34 - [MESSAGE][PASSED] - Current window maximized

2022-07-25 18:49:35 - [MESSAGE][PASSED] - Object 'Object Repository/Login_Page/Login_Username' is present

2022-07-25 18:49:35 - [MESSAGE][PASSED] - Text 'iahmed' is set on object 'Object Repository/Login_Page/Login_Username'

2022-07-25 18:49:36 - [MESSAGE][PASSED] - Text 'hello2222' is set on object 'Object Repository/Login_Page/Login_Password'

2022-07-25 18:49:40 - [MESSAGE][PASSED] - Object: 'Object Repository/Login_Page/Login_Submit' is clicked on

2022-07-25 18:49:40 - [MESSAGE][PASSED] - adminSuiteBootstrap.loginFunctionality.login_AdminSuite is PASSED

2022-07-25 18:49:40 - [TEST_STEP][PASSED] - click(findTestObject(path_Dashboard + "a_Access User Management")): Object: 'Object Repository/AdminSuiteBootstrap_Pages/Dashboard_Bootstrap/a_Access User Management' is clicked on

2022-07-25 18:49:41 - [MESSAGE][PASSED] - Object: 'Object Repository/AdminSuiteBootstrap_Pages/Dashboard_Bootstrap/a_Access User Management' is clicked on

2022-07-25 18:49:41 - [TEST_STEP][PASSED] - click(findTestObject(path_Users + "a_Add User")): Object: 'Object Repository/AdminSuiteBootstrap_Pages/UM_Bootstrap/Users/a_Add User' is clicked on

2022-07-25 18:49:42 - [MESSAGE][PASSED] - Object: 'Object Repository/AdminSuiteBootstrap_Pages/UM_Bootstrap/Users/a_Add User' is clicked on

2022-07-25 18:49:42 - [TEST_STEP][PASSED] - userName = findTestData(dataFile).getValue("Username", row): null

2022-07-25 18:49:42 - [TEST_STEP][PASSED] - firstName = findTestData(dataFile).getValue("Firstname", row): null

2022-07-25 18:49:42 - [TEST_STEP][PASSED] - lastName = findTestData(dataFile).getValue("Lastname", row): null

2022-07-25 18:49:42 - [TEST_STEP][PASSED] - email = findTestData(dataFile).getValue("Email", row): null

2022-07-25 18:49:42 - [TEST_STEP][PASSED] - pwd = findTestData(dataFile).getValue("Password", row): null

2022-07-25 18:49:42 - [TEST_STEP][PASSED] - confirPwd = findTestData(dataFile).getValue("ConfirmPassword", row): null

2022-07-25 18:49:43 - [TEST_STEP][PASSED] - lockAC = findTestData(dataFile).getValue("Lock", row): null

2022-07-25 18:49:43 - [TEST_STEP][PASSED] - errorMsg = findTestData(dataFile).getValue("ErrorMsg", row): null

2022-07-25 18:49:43 - [TEST_STEP][PASSED] - setText(findTestObject(path_AddUser + "input_Username"), userName): Text 'username' is set on object 'Object Repository/AdminSuiteBootstrap_Pages/UM_Bootstrap/AddUser/input_Username'

2022-07-25 18:49:43 - [MESSAGE][PASSED] - Text 'username' is set on object 'Object Repository/AdminSuiteBootstrap_Pages/UM_Bootstrap/AddUser/input_Username'

2022-07-25 18:49:43 - [TEST_STEP][PASSED] - setText(findTestObject(path_AddUser + "input_FirstName"), firstName): Text 'fname' is set on object 'Object Repository/AdminSuiteBootstrap_Pages/UM_Bootstrap/AddUser/input_FirstName'

2022-07-25 18:49:44 - [MESSAGE][PASSED] - Text 'fname' is set on object 'Object Repository/AdminSuiteBootstrap_Pages/UM_Bootstrap/AddUser/input_FirstName'

2022-07-25 18:49:44 - [TEST_STEP][PASSED] - setText(findTestObject(path_AddUser + "input_LastName"), lastName): Text 'lname' is set on object 'Object Repository/AdminSuiteBootstrap_Pages/UM_Bootstrap/AddUser/input_LastName'

2022-07-25 18:49:45 - [MESSAGE][PASSED] - Text 'lname' is set on object 'Object Repository/AdminSuiteBootstrap_Pages/UM_Bootstrap/AddUser/input_LastName'

2022-07-25 18:49:45 - [TEST_STEP][PASSED] - setText(findTestObject(path_AddUser + "input_EmailAddress"), email): Text 'abc@abc' is set on object 'Object Repository/AdminSuiteBootstrap_Pages/UM_Bootstrap/AddUser/input_EmailAddress'

2022-07-25 18:49:45 - [MESSAGE][PASSED] - Text 'abc@abc' is set on object 'Object Repository/AdminSuiteBootstrap_Pages/UM_Bootstrap/AddUser/input_EmailAddress'

2022-07-25 18:49:45 - [TEST_STEP][PASSED] - setText(findTestObject(path_AddUser + "input_Password"), pwd): Text 'hello5555' is set on object 'Object Repository/AdminSuiteBootstrap_Pages/UM_Bootstrap/AddUser/input_Password'

2022-07-25 18:49:46 - [MESSAGE][PASSED] - Text 'hello5555' is set on object 'Object Repository/AdminSuiteBootstrap_Pages/UM_Bootstrap/AddUser/input_Password'

2022-07-25 18:49:46 - [TEST_STEP][PASSED] - setText(findTestObject(path_AddUser + "input_ConfirmPassword"), confirPwd): Text 'hello5555' is set on object 'Object Repository/AdminSuiteBootstrap_Pages/UM_Bootstrap/AddUser/input_ConfirmPassword'

2022-07-25 18:49:47 - [MESSAGE][PASSED] - Text 'hello5555' is set on object 'Object Repository/AdminSuiteBootstrap_Pages/UM_Bootstrap/AddUser/input_ConfirmPassword'

2022-07-25 18:49:47 - [TEST_STEP][PASSED] - if (lockAC.equalsIgnoreCase("N")): Object 'Object Repository/AdminSuiteBootstrap_Pages/UM_Bootstrap/AddUser/input_No_lock' is checked

2022-07-25 18:49:47 - [TEST_STEP][PASSED] - check(findTestObject(path_AddUser + "input_No_lock")): Object 'Object Repository/AdminSuiteBootstrap_Pages/UM_Bootstrap/AddUser/input_No_lock' is checked

2022-07-25 18:49:47 - [MESSAGE][PASSED] - Object 'Object Repository/AdminSuiteBootstrap_Pages/UM_Bootstrap/AddUser/input_No_lock' is checked

2022-07-25 18:49:47 - [TEST_STEP][PASSED] - click(findTestObject(path_AddUser + "button_Create")): Object: 'Object Repository/AdminSuiteBootstrap_Pages/UM_Bootstrap/AddUser/button_Create' is clicked on

2022-07-25 18:49:48 - [MESSAGE][PASSED] - Object: 'Object Repository/AdminSuiteBootstrap_Pages/UM_Bootstrap/AddUser/button_Create' is clicked on

2022-07-25 18:49:48 - [TEST_STEP][PASSED] - if (verifyTextPresent(errorMsg, true)): null

2022-07-25 18:49:49 - [MESSAGE][PASSED] - Text 'Email address is invalid' is present on page  using regular expression

2022-07-25 18:49:49 - [TEST_STEP][PASSED] - pages.CustomLogger.log_Logger("User did not got created, received Error", "Pass"): pages.CustomLogger.log_Logger is PASSED

2022-07-25 18:49:49 - [MESSAGE][PASSED] - User did not got created, received Error

2022-07-25 18:49:49 - [MESSAGE][PASSED] - pages.CustomLogger.log_Logger is PASSED

2022-07-25 18:49:49 - [TEST_STEP][PASSED] - closeBrowser(): Browser is closed

2022-07-25 18:49:50 - [MESSAGE][PASSED] - Browser is closed

2022-07-25 18:49:50 - [TEST_STEP][PASSED] - ExecuteTC = findTestData(dataFile).getValue("Execute", row): null

2022-07-25 18:49:50 - [TEST_STEP][PASSED] - out.println("Value of Execute is : " + ExecuteTC): null

2022-07-25 18:49:50 - [TEST_STEP][PASSED] - if (ExecuteTC.equalsIgnoreCase("Y")): Browser is closed

2022-07-25 18:49:50 - [TEST_STEP][PASSED] - out.println("Begin Record Number: " + row): null

2022-07-25 18:49:50 - [TEST_STEP][PASSED] - adminSuiteBootstrap.loginFunctionality.login_AdminSuite(): adminSuiteBootstrap.loginFunctionality.login_AdminSuite is PASSED

2022-07-25 18:49:50 - [MESSAGE][INFO] - Starting 'Chrome' driver

2022-07-25 18:49:50 - [MESSAGE][INFO] - User set preference: ['acceptInsecureCerts', 'true']

2022-07-25 18:49:50 - [MESSAGE][INFO] - Action delay is set to 0 milliseconds

2022-07-25 18:49:52 - [MESSAGE][PASSED] - Browser is opened with url: 'https://qa.velocitypayment.com/admin/imtiaz'

2022-07-25 18:49:52 - [MESSAGE][PASSED] - Current window maximized

2022-07-25 18:49:53 - [MESSAGE][PASSED] - Object 'Object Repository/Login_Page/Login_Username' is present

2022-07-25 18:49:54 - [MESSAGE][PASSED] - Text 'iahmed' is set on object 'Object Repository/Login_Page/Login_Username'

2022-07-25 18:49:54 - [MESSAGE][PASSED] - Text 'hello2222' is set on object 'Object Repository/Login_Page/Login_Password'

2022-07-25 18:49:57 - [MESSAGE][PASSED] - Object: 'Object Repository/Login_Page/Login_Submit' is clicked on

2022-07-25 18:49:57 - [MESSAGE][PASSED] - adminSuiteBootstrap.loginFunctionality.login_AdminSuite is PASSED

2022-07-25 18:49:57 - [TEST_STEP][PASSED] - click(findTestObject(path_Dashboard + "a_Access User Management")): Object: 'Object Repository/AdminSuiteBootstrap_Pages/Dashboard_Bootstrap/a_Access User Management' is clicked on

2022-07-25 18:49:58 - [MESSAGE][PASSED] - Object: 'Object Repository/AdminSuiteBootstrap_Pages/Dashboard_Bootstrap/a_Access User Management' is clicked on

2022-07-25 18:49:58 - [TEST_STEP][PASSED] - click(findTestObject(path_Users + "a_Add User")): Object: 'Object Repository/AdminSuiteBootstrap_Pages/UM_Bootstrap/Users/a_Add User' is clicked on

2022-07-25 18:49:58 - [MESSAGE][PASSED] - Object: 'Object Repository/AdminSuiteBootstrap_Pages/UM_Bootstrap/Users/a_Add User' is clicked on

2022-07-25 18:49:58 - [TEST_STEP][PASSED] - userName = findTestData(dataFile).getValue("Username", row): null

2022-07-25 18:49:59 - [TEST_STEP][PASSED] - firstName = findTestData(dataFile).getValue("Firstname", row): null

2022-07-25 18:49:59 - [TEST_STEP][PASSED] - lastName = findTestData(dataFile).getValue("Lastname", row): null

2022-07-25 18:49:59 - [TEST_STEP][PASSED] - email = findTestData(dataFile).getValue("Email", row): null

2022-07-25 18:49:59 - [TEST_STEP][PASSED] - pwd = findTestData(dataFile).getValue("Password", row): null

2022-07-25 18:49:59 - [TEST_STEP][PASSED] - confirPwd = findTestData(dataFile).getValue("ConfirmPassword", row): null

2022-07-25 18:49:59 - [TEST_STEP][PASSED] - lockAC = findTestData(dataFile).getValue("Lock", row): null

2022-07-25 18:49:59 - [TEST_STEP][PASSED] - errorMsg = findTestData(dataFile).getValue("ErrorMsg", row): null

2022-07-25 18:49:59 - [TEST_STEP][PASSED] - setText(findTestObject(path_AddUser + "input_Username"), userName): Text 'username' is set on object 'Object Repository/AdminSuiteBootstrap_Pages/UM_Bootstrap/AddUser/input_Username'

2022-07-25 18:50:00 - [MESSAGE][PASSED] - Text 'username' is set on object 'Object Repository/AdminSuiteBootstrap_Pages/UM_Bootstrap/AddUser/input_Username'

2022-07-25 18:50:00 - [TEST_STEP][PASSED] - setText(findTestObject(path_AddUser + "input_FirstName"), firstName): Text 'fname' is set on object 'Object Repository/AdminSuiteBootstrap_Pages/UM_Bootstrap/AddUser/input_FirstName'

2022-07-25 18:50:00 - [MESSAGE][PASSED] - Text 'fname' is set on object 'Object Repository/AdminSuiteBootstrap_Pages/UM_Bootstrap/AddUser/input_FirstName'

2022-07-25 18:50:00 - [TEST_STEP][PASSED] - setText(findTestObject(path_AddUser + "input_LastName"), lastName): Text 'lname' is set on object 'Object Repository/AdminSuiteBootstrap_Pages/UM_Bootstrap/AddUser/input_LastName'

2022-07-25 18:50:01 - [MESSAGE][PASSED] - Text 'lname' is set on object 'Object Repository/AdminSuiteBootstrap_Pages/UM_Bootstrap/AddUser/input_LastName'

2022-07-25 18:50:01 - [TEST_STEP][PASSED] - setText(findTestObject(path_AddUser + "input_EmailAddress"), email): Text 'abc.com' is set on object 'Object Repository/AdminSuiteBootstrap_Pages/UM_Bootstrap/AddUser/input_EmailAddress'

2022-07-25 18:50:02 - [MESSAGE][PASSED] - Text 'abc.com' is set on object 'Object Repository/AdminSuiteBootstrap_Pages/UM_Bootstrap/AddUser/input_EmailAddress'

2022-07-25 18:50:02 - [TEST_STEP][PASSED] - setText(findTestObject(path_AddUser + "input_Password"), pwd): Text 'hello5555' is set on object 'Object Repository/AdminSuiteBootstrap_Pages/UM_Bootstrap/AddUser/input_Password'

2022-07-25 18:50:02 - [MESSAGE][PASSED] - Text 'hello5555' is set on object 'Object Repository/AdminSuiteBootstrap_Pages/UM_Bootstrap/AddUser/input_Password'

2022-07-25 18:50:02 - [TEST_STEP][PASSED] - setText(findTestObject(path_AddUser + "input_ConfirmPassword"), confirPwd): Text 'hello5555' is set on object 'Object Repository/AdminSuiteBootstrap_Pages/UM_Bootstrap/AddUser/input_ConfirmPassword'

2022-07-25 18:50:03 - [MESSAGE][PASSED] - Text 'hello5555' is set on object 'Object Repository/AdminSuiteBootstrap_Pages/UM_Bootstrap/AddUser/input_ConfirmPassword'

2022-07-25 18:50:03 - [TEST_STEP][PASSED] - if (lockAC.equalsIgnoreCase("N")): Object 'Object Repository/AdminSuiteBootstrap_Pages/UM_Bootstrap/AddUser/input_No_lock' is checked

2022-07-25 18:50:03 - [TEST_STEP][PASSED] - check(findTestObject(path_AddUser + "input_No_lock")): Object 'Object Repository/AdminSuiteBootstrap_Pages/UM_Bootstrap/AddUser/input_No_lock' is checked

2022-07-25 18:50:03 - [MESSAGE][PASSED] - Object 'Object Repository/AdminSuiteBootstrap_Pages/UM_Bootstrap/AddUser/input_No_lock' is checked

2022-07-25 18:50:03 - [TEST_STEP][PASSED] - click(findTestObject(path_AddUser + "button_Create")): Object: 'Object Repository/AdminSuiteBootstrap_Pages/UM_Bootstrap/AddUser/button_Create' is clicked on

2022-07-25 18:50:04 - [MESSAGE][PASSED] - Object: 'Object Repository/AdminSuiteBootstrap_Pages/UM_Bootstrap/AddUser/button_Create' is clicked on

2022-07-25 18:50:04 - [TEST_STEP][PASSED] - if (verifyTextPresent(errorMsg, true)): null

2022-07-25 18:50:05 - [MESSAGE][PASSED] - Text 'Email address is invalid' is present on page  using regular expression

2022-07-25 18:50:05 - [TEST_STEP][PASSED] - pages.CustomLogger.log_Logger("User did not got created, received Error", "Pass"): pages.CustomLogger.log_Logger is PASSED

2022-07-25 18:50:05 - [MESSAGE][PASSED] - User did not got created, received Error

2022-07-25 18:50:05 - [MESSAGE][PASSED] - pages.CustomLogger.log_Logger is PASSED

2022-07-25 18:50:05 - [TEST_STEP][PASSED] - closeBrowser(): Browser is closed

2022-07-25 18:50:06 - [MESSAGE][PASSED] - Browser is closed

2022-07-25 18:50:06 - [TEST_STEP][PASSED] - ExecuteTC = findTestData(dataFile).getValue("Execute", row): null

2022-07-25 18:50:06 - [TEST_STEP][PASSED] - out.println("Value of Execute is : " + ExecuteTC): null

2022-07-25 18:50:06 - [TEST_STEP][PASSED] - if (ExecuteTC.equalsIgnoreCase("Y")): Browser is closed

2022-07-25 18:50:06 - [TEST_STEP][PASSED] - out.println("Begin Record Number: " + row): null

2022-07-25 18:50:06 - [TEST_STEP][PASSED] - adminSuiteBootstrap.loginFunctionality.login_AdminSuite(): adminSuiteBootstrap.loginFunctionality.login_AdminSuite is PASSED

2022-07-25 18:50:06 - [MESSAGE][INFO] - Starting 'Chrome' driver

2022-07-25 18:50:06 - [MESSAGE][INFO] - User set preference: ['acceptInsecureCerts', 'true']

2022-07-25 18:50:06 - [MESSAGE][INFO] - Action delay is set to 0 milliseconds

2022-07-25 18:50:10 - [MESSAGE][PASSED] - Browser is opened with url: 'https://qa.velocitypayment.com/admin/imtiaz'

2022-07-25 18:50:10 - [MESSAGE][PASSED] - Current window maximized

2022-07-25 18:50:11 - [MESSAGE][PASSED] - Object 'Object Repository/Login_Page/Login_Username' is present

2022-07-25 18:50:11 - [MESSAGE][PASSED] - Text 'iahmed' is set on object 'Object Repository/Login_Page/Login_Username'

2022-07-25 18:50:12 - [MESSAGE][PASSED] - Text 'hello2222' is set on object 'Object Repository/Login_Page/Login_Password'

2022-07-25 18:50:15 - [MESSAGE][PASSED] - Object: 'Object Repository/Login_Page/Login_Submit' is clicked on

2022-07-25 18:50:15 - [MESSAGE][PASSED] - adminSuiteBootstrap.loginFunctionality.login_AdminSuite is PASSED

2022-07-25 18:50:15 - [TEST_STEP][PASSED] - click(findTestObject(path_Dashboard + "a_Access User Management")): Object: 'Object Repository/AdminSuiteBootstrap_Pages/Dashboard_Bootstrap/a_Access User Management' is clicked on

2022-07-25 18:50:16 - [MESSAGE][PASSED] - Object: 'Object Repository/AdminSuiteBootstrap_Pages/Dashboard_Bootstrap/a_Access User Management' is clicked on

2022-07-25 18:50:16 - [TEST_STEP][PASSED] - click(findTestObject(path_Users + "a_Add User")): Object: 'Object Repository/AdminSuiteBootstrap_Pages/UM_Bootstrap/Users/a_Add User' is clicked on

2022-07-25 18:50:17 - [MESSAGE][PASSED] - Object: 'Object Repository/AdminSuiteBootstrap_Pages/UM_Bootstrap/Users/a_Add User' is clicked on

2022-07-25 18:50:17 - [TEST_STEP][PASSED] - userName = findTestData(dataFile).getValue("Username", row): null

2022-07-25 18:50:17 - [TEST_STEP][PASSED] - firstName = findTestData(dataFile).getValue("Firstname", row): null

2022-07-25 18:50:17 - [TEST_STEP][PASSED] - lastName = findTestData(dataFile).getValue("Lastname", row): null

2022-07-25 18:50:17 - [TEST_STEP][PASSED] - email = findTestData(dataFile).getValue("Email", row): null

2022-07-25 18:50:17 - [TEST_STEP][PASSED] - pwd = findTestData(dataFile).getValue("Password", row): null

2022-07-25 18:50:17 - [TEST_STEP][PASSED] - confirPwd = findTestData(dataFile).getValue("ConfirmPassword", row): null

2022-07-25 18:50:17 - [TEST_STEP][PASSED] - lockAC = findTestData(dataFile).getValue("Lock", row): null

2022-07-25 18:50:17 - [TEST_STEP][PASSED] - errorMsg = findTestData(dataFile).getValue("ErrorMsg", row): null

2022-07-25 18:50:17 - [TEST_STEP][PASSED] - setText(findTestObject(path_AddUser + "input_Username"), userName): Text 'username' is set on object 'Object Repository/AdminSuiteBootstrap_Pages/UM_Bootstrap/AddUser/input_Username'

2022-07-25 18:50:18 - [MESSAGE][PASSED] - Text 'username' is set on object 'Object Repository/AdminSuiteBootstrap_Pages/UM_Bootstrap/AddUser/input_Username'

2022-07-25 18:50:18 - [TEST_STEP][PASSED] - setText(findTestObject(path_AddUser + "input_FirstName"), firstName): Text 'fname' is set on object 'Object Repository/AdminSuiteBootstrap_Pages/UM_Bootstrap/AddUser/input_FirstName'

2022-07-25 18:50:19 - [MESSAGE][PASSED] - Text 'fname' is set on object 'Object Repository/AdminSuiteBootstrap_Pages/UM_Bootstrap/AddUser/input_FirstName'

2022-07-25 18:50:19 - [TEST_STEP][PASSED] - setText(findTestObject(path_AddUser + "input_LastName"), lastName): Text 'lname' is set on object 'Object Repository/AdminSuiteBootstrap_Pages/UM_Bootstrap/AddUser/input_LastName'

2022-07-25 18:50:20 - [MESSAGE][PASSED] - Text 'lname' is set on object 'Object Repository/AdminSuiteBootstrap_Pages/UM_Bootstrap/AddUser/input_LastName'

2022-07-25 18:50:20 - [TEST_STEP][PASSED] - setText(findTestObject(path_AddUser + "input_EmailAddress"), email): Text 'iahmed@govolution.com' is set on object 'Object Repository/AdminSuiteBootstrap_Pages/UM_Bootstrap/AddUser/input_EmailAddress'

2022-07-25 18:50:20 - [MESSAGE][PASSED] - Text 'iahmed@govolution.com' is set on object 'Object Repository/AdminSuiteBootstrap_Pages/UM_Bootstrap/AddUser/input_EmailAddress'

2022-07-25 18:50:20 - [TEST_STEP][PASSED] - setText(findTestObject(path_AddUser + "input_Password"), pwd): Text 'hello5555' is set on object 'Object Repository/AdminSuiteBootstrap_Pages/UM_Bootstrap/AddUser/input_Password'

2022-07-25 18:50:21 - [MESSAGE][PASSED] - Text 'hello5555' is set on object 'Object Repository/AdminSuiteBootstrap_Pages/UM_Bootstrap/AddUser/input_Password'

2022-07-25 18:50:21 - [TEST_STEP][PASSED] - setText(findTestObject(path_AddUser + "input_ConfirmPassword"), confirPwd): Text 'hello6666' is set on object 'Object Repository/AdminSuiteBootstrap_Pages/UM_Bootstrap/AddUser/input_ConfirmPassword'

2022-07-25 18:50:22 - [MESSAGE][PASSED] - Text 'hello6666' is set on object 'Object Repository/AdminSuiteBootstrap_Pages/UM_Bootstrap/AddUser/input_ConfirmPassword'

2022-07-25 18:50:22 - [TEST_STEP][PASSED] - if (lockAC.equalsIgnoreCase("N")): Object 'Object Repository/AdminSuiteBootstrap_Pages/UM_Bootstrap/AddUser/input_No_lock' is checked

2022-07-25 18:50:22 - [TEST_STEP][PASSED] - check(findTestObject(path_AddUser + "input_No_lock")): Object 'Object Repository/AdminSuiteBootstrap_Pages/UM_Bootstrap/AddUser/input_No_lock' is checked

2022-07-25 18:50:22 - [MESSAGE][PASSED] - Object 'Object Repository/AdminSuiteBootstrap_Pages/UM_Bootstrap/AddUser/input_No_lock' is checked

2022-07-25 18:50:22 - [TEST_STEP][PASSED] - click(findTestObject(path_AddUser + "button_Create")): Object: 'Object Repository/AdminSuiteBootstrap_Pages/UM_Bootstrap/AddUser/button_Create' is clicked on

2022-07-25 18:50:23 - [MESSAGE][PASSED] - Object: 'Object Repository/AdminSuiteBootstrap_Pages/UM_Bootstrap/AddUser/button_Create' is clicked on

2022-07-25 18:50:23 - [TEST_STEP][PASSED] - if (verifyTextPresent(errorMsg, true)): null

2022-07-25 18:50:24 - [MESSAGE][PASSED] - Text 'please confirm the password for the new account' is present on page  using regular expression

2022-07-25 18:50:24 - [TEST_STEP][PASSED] - pages.CustomLogger.log_Logger("User did not got created, received Error", "Pass"): pages.CustomLogger.log_Logger is PASSED

2022-07-25 18:50:24 - [MESSAGE][PASSED] - User did not got created, received Error

2022-07-25 18:50:24 - [MESSAGE][PASSED] - pages.CustomLogger.log_Logger is PASSED

2022-07-25 18:50:24 - [TEST_STEP][PASSED] - closeBrowser(): Browser is closed

2022-07-25 18:50:25 - [MESSAGE][PASSED] - Browser is closed

2022-07-25 18:50:25 - [TEST_STEP][PASSED] - ExecuteTC = findTestData(dataFile).getValue("Execute", row): null

2022-07-25 18:50:25 - [TEST_STEP][PASSED] - out.println("Value of Execute is : " + ExecuteTC): null

2022-07-25 18:50:25 - [TEST_STEP][PASSED] - if (ExecuteTC.equalsIgnoreCase("Y")): Browser is closed

2022-07-25 18:50:25 - [TEST_STEP][PASSED] - out.println("Begin Record Number: " + row): null

2022-07-25 18:50:25 - [TEST_STEP][PASSED] - adminSuiteBootstrap.loginFunctionality.login_AdminSuite(): adminSuiteBootstrap.loginFunctionality.login_AdminSuite is PASSED

2022-07-25 18:50:25 - [MESSAGE][INFO] - Starting 'Chrome' driver

2022-07-25 18:50:25 - [MESSAGE][INFO] - User set preference: ['acceptInsecureCerts', 'true']

2022-07-25 18:50:25 - [MESSAGE][INFO] - Action delay is set to 0 milliseconds

2022-07-25 18:50:27 - [MESSAGE][PASSED] - Browser is opened with url: 'https://qa.velocitypayment.com/admin/imtiaz'

2022-07-25 18:50:27 - [MESSAGE][PASSED] - Current window maximized

2022-07-25 18:50:28 - [MESSAGE][PASSED] - Object 'Object Repository/Login_Page/Login_Username' is present

2022-07-25 18:50:29 - [MESSAGE][PASSED] - Text 'iahmed' is set on object 'Object Repository/Login_Page/Login_Username'

2022-07-25 18:50:29 - [MESSAGE][PASSED] - Text 'hello2222' is set on object 'Object Repository/Login_Page/Login_Password'

2022-07-25 18:50:34 - [MESSAGE][PASSED] - Object: 'Object Repository/Login_Page/Login_Submit' is clicked on

2022-07-25 18:50:34 - [MESSAGE][PASSED] - adminSuiteBootstrap.loginFunctionality.login_AdminSuite is PASSED

2022-07-25 18:50:34 - [TEST_STEP][PASSED] - click(findTestObject(path_Dashboard + "a_Access User Management")): Object: 'Object Repository/AdminSuiteBootstrap_Pages/Dashboard_Bootstrap/a_Access User Management' is clicked on

2022-07-25 18:50:35 - [MESSAGE][PASSED] - Object: 'Object Repository/AdminSuiteBootstrap_Pages/Dashboard_Bootstrap/a_Access User Management' is clicked on

2022-07-25 18:50:35 - [TEST_STEP][PASSED] - click(findTestObject(path_Users + "a_Add User")): Object: 'Object Repository/AdminSuiteBootstrap_Pages/UM_Bootstrap/Users/a_Add User' is clicked on

2022-07-25 18:50:35 - [MESSAGE][PASSED] - Object: 'Object Repository/AdminSuiteBootstrap_Pages/UM_Bootstrap/Users/a_Add User' is clicked on

2022-07-25 18:50:35 - [TEST_STEP][PASSED] - userName = findTestData(dataFile).getValue("Username", row): null

2022-07-25 18:50:35 - [TEST_STEP][PASSED] - firstName = findTestData(dataFile).getValue("Firstname", row): null

2022-07-25 18:50:35 - [TEST_STEP][PASSED] - lastName = findTestData(dataFile).getValue("Lastname", row): null

2022-07-25 18:50:35 - [TEST_STEP][PASSED] - email = findTestData(dataFile).getValue("Email", row): null

2022-07-25 18:50:36 - [TEST_STEP][PASSED] - pwd = findTestData(dataFile).getValue("Password", row): null

2022-07-25 18:50:36 - [TEST_STEP][PASSED] - confirPwd = findTestData(dataFile).getValue("ConfirmPassword", row): null

2022-07-25 18:50:36 - [TEST_STEP][PASSED] - lockAC = findTestData(dataFile).getValue("Lock", row): null

2022-07-25 18:50:36 - [TEST_STEP][PASSED] - errorMsg = findTestData(dataFile).getValue("ErrorMsg", row): null

2022-07-25 18:50:36 - [TEST_STEP][PASSED] - setText(findTestObject(path_AddUser + "input_Username"), userName): Text 'CASEuser' is set on object 'Object Repository/AdminSuiteBootstrap_Pages/UM_Bootstrap/AddUser/input_Username'

2022-07-25 18:50:36 - [MESSAGE][PASSED] - Text 'CASEuser' is set on object 'Object Repository/AdminSuiteBootstrap_Pages/UM_Bootstrap/AddUser/input_Username'

2022-07-25 18:50:36 - [TEST_STEP][PASSED] - setText(findTestObject(path_AddUser + "input_FirstName"), firstName): Text 'fname' is set on object 'Object Repository/AdminSuiteBootstrap_Pages/UM_Bootstrap/AddUser/input_FirstName'

2022-07-25 18:50:37 - [MESSAGE][PASSED] - Text 'fname' is set on object 'Object Repository/AdminSuiteBootstrap_Pages/UM_Bootstrap/AddUser/input_FirstName'

2022-07-25 18:50:37 - [TEST_STEP][PASSED] - setText(findTestObject(path_AddUser + "input_LastName"), lastName): Text 'lname' is set on object 'Object Repository/AdminSuiteBootstrap_Pages/UM_Bootstrap/AddUser/input_LastName'

2022-07-25 18:50:38 - [MESSAGE][PASSED] - Text 'lname' is set on object 'Object Repository/AdminSuiteBootstrap_Pages/UM_Bootstrap/AddUser/input_LastName'

2022-07-25 18:50:38 - [TEST_STEP][PASSED] - setText(findTestObject(path_AddUser + "input_EmailAddress"), email): Text 'iahmed@govolution.com' is set on object 'Object Repository/AdminSuiteBootstrap_Pages/UM_Bootstrap/AddUser/input_EmailAddress'

2022-07-25 18:50:39 - [MESSAGE][PASSED] - Text 'iahmed@govolution.com' is set on object 'Object Repository/AdminSuiteBootstrap_Pages/UM_Bootstrap/AddUser/input_EmailAddress'

2022-07-25 18:50:39 - [TEST_STEP][PASSED] - setText(findTestObject(path_AddUser + "input_Password"), pwd): Text 'hello5555' is set on object 'Object Repository/AdminSuiteBootstrap_Pages/UM_Bootstrap/AddUser/input_Password'

2022-07-25 18:50:39 - [MESSAGE][PASSED] - Text 'hello5555' is set on object 'Object Repository/AdminSuiteBootstrap_Pages/UM_Bootstrap/AddUser/input_Password'

2022-07-25 18:50:39 - [TEST_STEP][PASSED] - setText(findTestObject(path_AddUser + "input_ConfirmPassword"), confirPwd): Text 'hello5555' is set on object 'Object Repository/AdminSuiteBootstrap_Pages/UM_Bootstrap/AddUser/input_ConfirmPassword'

2022-07-25 18:50:40 - [MESSAGE][PASSED] - Text 'hello5555' is set on object 'Object Repository/AdminSuiteBootstrap_Pages/UM_Bootstrap/AddUser/input_ConfirmPassword'

2022-07-25 18:50:40 - [TEST_STEP][PASSED] - if (lockAC.equalsIgnoreCase("N")): Object 'Object Repository/AdminSuiteBootstrap_Pages/UM_Bootstrap/AddUser/input_No_lock' is checked

2022-07-25 18:50:40 - [TEST_STEP][PASSED] - check(findTestObject(path_AddUser + "input_No_lock")): Object 'Object Repository/AdminSuiteBootstrap_Pages/UM_Bootstrap/AddUser/input_No_lock' is checked

2022-07-25 18:50:40 - [MESSAGE][PASSED] - Object 'Object Repository/AdminSuiteBootstrap_Pages/UM_Bootstrap/AddUser/input_No_lock' is checked

2022-07-25 18:50:40 - [TEST_STEP][PASSED] - click(findTestObject(path_AddUser + "button_Create")): Object: 'Object Repository/AdminSuiteBootstrap_Pages/UM_Bootstrap/AddUser/button_Create' is clicked on

2022-07-25 18:50:41 - [MESSAGE][PASSED] - Object: 'Object Repository/AdminSuiteBootstrap_Pages/UM_Bootstrap/AddUser/button_Create' is clicked on

2022-07-25 18:50:41 - [TEST_STEP][PASSED] - if (verifyTextPresent(errorMsg, true)): null

2022-07-25 18:50:42 - [MESSAGE][PASSED] - Text 'Username is not unique' is present on page  using regular expression

2022-07-25 18:50:42 - [TEST_STEP][PASSED] - pages.CustomLogger.log_Logger("User did not got created, received Error", "Pass"): pages.CustomLogger.log_Logger is PASSED

2022-07-25 18:50:42 - [MESSAGE][PASSED] - User did not got created, received Error

2022-07-25 18:50:42 - [MESSAGE][PASSED] - pages.CustomLogger.log_Logger is PASSED

2022-07-25 18:50:42 - [TEST_STEP][PASSED] - closeBrowser(): Browser is closed

2022-07-25 18:50:43 - [MESSAGE][PASSED] - Browser is closed]]></system-out>
         <system-err><![CDATA[]]></system-err>
      </testcase>
      <testcase name="Test Cases/Admin Suite Bootstrap/UM_TestCases/UsersErrors/CreateUserMRFErrors" time="13.107" classname="Test Cases/Admin Suite Bootstrap/UM_TestCases/UsersErrors/CreateUserMRFErrors" status="PASSED">
         <system-out><![CDATA[2022-07-25 18:50:43 - [TEST_CASE][PASSED] - Test Cases/Admin Suite Bootstrap/UM_TestCases/UsersErrors/CreateUserMRFErrors: Test Cases/Admin Suite Bootstrap/UM_TestCases/UsersErrors/CreateUserMRFErrors

2022-07-25 18:50:43 - [TEST_STEP][PASSED] - path_Dashboard = "Object Repository/AdminSuiteBootstrap_Pages/Dashboard_Bootstrap/": null

2022-07-25 18:50:43 - [TEST_STEP][PASSED] - path_Users = "Object Repository/AdminSuiteBootstrap_Pages/UM_Bootstrap/Users/": null

2022-07-25 18:50:43 - [TEST_STEP][PASSED] - path_UserView = "Object Repository/AdminSuiteBootstrap_Pages/UM_Bootstrap/UserView/": null

2022-07-25 18:50:43 - [TEST_STEP][PASSED] - path_DeleteUser = "Object Repository/AdminSuiteBootstrap_Pages/UM_Bootstrap/DeleteUser/": null

2022-07-25 18:50:43 - [TEST_STEP][PASSED] - path_AddUser = "Object Repository/AdminSuiteBootstrap_Pages/UM_Bootstrap/AddUser/": null

2022-07-25 18:50:43 - [TEST_STEP][PASSED] - executionProfile = getExecutionProfile(): null

2022-07-25 18:50:43 - [TEST_STEP][PASSED] - out.println("executionProfile : " + executionProfile): null

2022-07-25 18:50:43 - [TEST_STEP][PASSED] - appName = <not implemented yet for class: org.codehaus.groovy.ast.expr.EmptyExpression>: null

2022-07-25 18:50:43 - [TEST_STEP][PASSED] - appID = <not implemented yet for class: org.codehaus.groovy.ast.expr.EmptyExpression>: null

2022-07-25 18:50:43 - [TEST_STEP][PASSED] - cardNameV = <not implemented yet for class: org.codehaus.groovy.ast.expr.EmptyExpression>: null

2022-07-25 18:50:43 - [TEST_STEP][PASSED] - al1V = <not implemented yet for class: org.codehaus.groovy.ast.expr.EmptyExpression>: null

2022-07-25 18:50:43 - [TEST_STEP][PASSED] - al2V = <not implemented yet for class: org.codehaus.groovy.ast.expr.EmptyExpression>: null

2022-07-25 18:50:43 - [TEST_STEP][PASSED] - zipV = <not implemented yet for class: org.codehaus.groovy.ast.expr.EmptyExpression>: null

2022-07-25 18:50:43 - [TEST_STEP][PASSED] - cardTypeV = <not implemented yet for class: org.codehaus.groovy.ast.expr.EmptyExpression>: null

2022-07-25 18:50:43 - [TEST_STEP][PASSED] - adminSuiteBootstrap.loginFunctionality.login_AdminSuite(): adminSuiteBootstrap.loginFunctionality.login_AdminSuite is PASSED

2022-07-25 18:50:43 - [MESSAGE][INFO] - Starting 'Chrome' driver

2022-07-25 18:50:43 - [MESSAGE][INFO] - User set preference: ['acceptInsecureCerts', 'true']

2022-07-25 18:50:43 - [MESSAGE][INFO] - Action delay is set to 0 milliseconds

2022-07-25 18:50:46 - [MESSAGE][PASSED] - Browser is opened with url: 'https://qa.velocitypayment.com/admin/imtiaz'

2022-07-25 18:50:46 - [MESSAGE][PASSED] - Current window maximized

2022-07-25 18:50:47 - [MESSAGE][PASSED] - Object 'Object Repository/Login_Page/Login_Username' is present

2022-07-25 18:50:47 - [MESSAGE][PASSED] - Text 'iahmed' is set on object 'Object Repository/Login_Page/Login_Username'

2022-07-25 18:50:48 - [MESSAGE][PASSED] - Text 'hello2222' is set on object 'Object Repository/Login_Page/Login_Password'

2022-07-25 18:50:51 - [MESSAGE][PASSED] - Object: 'Object Repository/Login_Page/Login_Submit' is clicked on

2022-07-25 18:50:51 - [MESSAGE][PASSED] - adminSuiteBootstrap.loginFunctionality.login_AdminSuite is PASSED

2022-07-25 18:50:51 - [TEST_STEP][PASSED] - click(findTestObject(path_Dashboard + "a_Access User Management")): Object: 'Object Repository/AdminSuiteBootstrap_Pages/Dashboard_Bootstrap/a_Access User Management' is clicked on

2022-07-25 18:50:52 - [MESSAGE][PASSED] - Object: 'Object Repository/AdminSuiteBootstrap_Pages/Dashboard_Bootstrap/a_Access User Management' is clicked on

2022-07-25 18:50:52 - [TEST_STEP][PASSED] - click(findTestObject(path_Users + "a_Add User")): Object: 'Object Repository/AdminSuiteBootstrap_Pages/UM_Bootstrap/Users/a_Add User' is clicked on

2022-07-25 18:50:53 - [MESSAGE][PASSED] - Object: 'Object Repository/AdminSuiteBootstrap_Pages/UM_Bootstrap/Users/a_Add User' is clicked on

2022-07-25 18:50:53 - [TEST_STEP][PASSED] - click(findTestObject(path_AddUser + "button_Create")): Object: 'Object Repository/AdminSuiteBootstrap_Pages/UM_Bootstrap/AddUser/button_Create' is clicked on

2022-07-25 18:50:53 - [MESSAGE][PASSED] - Object: 'Object Repository/AdminSuiteBootstrap_Pages/UM_Bootstrap/AddUser/button_Create' is clicked on

2022-07-25 18:50:53 - [TEST_STEP][PASSED] - verifyTextPresent("First name must be provided", true): Text 'First name must be provided' is present on page  using regular expression

2022-07-25 18:50:54 - [MESSAGE][PASSED] - Text 'First name must be provided' is present on page  using regular expression

2022-07-25 18:50:54 - [TEST_STEP][PASSED] - verifyTextPresent("Last name must be provided", true): Text 'Last name must be provided' is present on page  using regular expression

2022-07-25 18:50:54 - [MESSAGE][PASSED] - Text 'Last name must be provided' is present on page  using regular expression

2022-07-25 18:50:54 - [TEST_STEP][PASSED] - verifyTextPresent("Username must be provided", true): Text 'Username must be provided' is present on page  using regular expression

2022-07-25 18:50:55 - [MESSAGE][PASSED] - Text 'Username must be provided' is present on page  using regular expression

2022-07-25 18:50:55 - [TEST_STEP][PASSED] - verifyTextPresent("Email address must be provided", true): Text 'Email address must be provided' is present on page  using regular expression

2022-07-25 18:50:55 - [MESSAGE][PASSED] - Text 'Email address must be provided' is present on page  using regular expression

2022-07-25 18:50:55 - [TEST_STEP][PASSED] - verifyTextPresent("Password must be provided", true): Text 'Password must be provided' is present on page  using regular expression

2022-07-25 18:50:55 - [MESSAGE][PASSED] - Text 'Password must be provided' is present on page  using regular expression

2022-07-25 18:50:55 - [TEST_STEP][PASSED] - closeBrowser(): Browser is closed

2022-07-25 18:50:56 - [MESSAGE][PASSED] - Browser is closed]]></system-out>
         <system-err><![CDATA[]]></system-err>
      </testcase>
      <testcase name="Test Cases/Admin Suite Bootstrap/UM_TestCases/UsersErrors/FindUserNotFoundError" time="15.802" classname="Test Cases/Admin Suite Bootstrap/UM_TestCases/UsersErrors/FindUserNotFoundError" status="PASSED">
         <system-out><![CDATA[2022-07-25 18:50:56 - [TEST_CASE][PASSED] - Test Cases/Admin Suite Bootstrap/UM_TestCases/UsersErrors/FindUserNotFoundError: Test Cases/Admin Suite Bootstrap/UM_TestCases/UsersErrors/FindUserNotFoundError

2022-07-25 18:50:56 - [TEST_STEP][PASSED] - path_Dashboard = "Object Repository/AdminSuiteBootstrap_Pages/Dashboard_Bootstrap/": null

2022-07-25 18:50:56 - [TEST_STEP][PASSED] - path_Users = "Object Repository/AdminSuiteBootstrap_Pages/UM_Bootstrap/Users/": null

2022-07-25 18:50:56 - [TEST_STEP][PASSED] - path_UserView = "Object Repository/AdminSuiteBootstrap_Pages/UM_Bootstrap/UserView/": null

2022-07-25 18:50:56 - [TEST_STEP][PASSED] - path_FindUser = "Object Repository/AdminSuiteBootstrap_Pages/UM_Bootstrap/FindUser/": null

2022-07-25 18:50:56 - [TEST_STEP][PASSED] - executionProfile = getExecutionProfile(): null

2022-07-25 18:50:56 - [TEST_STEP][PASSED] - out.println("executionProfile : " + executionProfile): null

2022-07-25 18:50:56 - [TEST_STEP][PASSED] - appName = <not implemented yet for class: org.codehaus.groovy.ast.expr.EmptyExpression>: null

2022-07-25 18:50:56 - [TEST_STEP][PASSED] - appID = <not implemented yet for class: org.codehaus.groovy.ast.expr.EmptyExpression>: null

2022-07-25 18:50:56 - [TEST_STEP][PASSED] - cardNameV = <not implemented yet for class: org.codehaus.groovy.ast.expr.EmptyExpression>: null

2022-07-25 18:50:56 - [TEST_STEP][PASSED] - al1V = <not implemented yet for class: org.codehaus.groovy.ast.expr.EmptyExpression>: null

2022-07-25 18:50:56 - [TEST_STEP][PASSED] - al2V = <not implemented yet for class: org.codehaus.groovy.ast.expr.EmptyExpression>: null

2022-07-25 18:50:56 - [TEST_STEP][PASSED] - zipV = <not implemented yet for class: org.codehaus.groovy.ast.expr.EmptyExpression>: null

2022-07-25 18:50:56 - [TEST_STEP][PASSED] - cardTypeV = <not implemented yet for class: org.codehaus.groovy.ast.expr.EmptyExpression>: null

2022-07-25 18:50:56 - [TEST_STEP][PASSED] - adminSuiteBootstrap.loginFunctionality.login_AdminSuite(): adminSuiteBootstrap.loginFunctionality.login_AdminSuite is PASSED

2022-07-25 18:50:56 - [MESSAGE][INFO] - Starting 'Chrome' driver

2022-07-25 18:50:56 - [MESSAGE][INFO] - User set preference: ['acceptInsecureCerts', 'true']

2022-07-25 18:50:56 - [MESSAGE][INFO] - Action delay is set to 0 milliseconds

2022-07-25 18:51:00 - [MESSAGE][PASSED] - Browser is opened with url: 'https://qa.velocitypayment.com/admin/imtiaz'

2022-07-25 18:51:00 - [MESSAGE][PASSED] - Current window maximized

2022-07-25 18:51:00 - [MESSAGE][PASSED] - Object 'Object Repository/Login_Page/Login_Username' is present

2022-07-25 18:51:01 - [MESSAGE][PASSED] - Text 'iahmed' is set on object 'Object Repository/Login_Page/Login_Username'

2022-07-25 18:51:02 - [MESSAGE][PASSED] - Text 'hello2222' is set on object 'Object Repository/Login_Page/Login_Password'

2022-07-25 18:51:06 - [MESSAGE][PASSED] - Object: 'Object Repository/Login_Page/Login_Submit' is clicked on

2022-07-25 18:51:06 - [MESSAGE][PASSED] - adminSuiteBootstrap.loginFunctionality.login_AdminSuite is PASSED

2022-07-25 18:51:06 - [TEST_STEP][PASSED] - click(findTestObject(path_Dashboard + "a_Access User Management")): Object: 'Object Repository/AdminSuiteBootstrap_Pages/Dashboard_Bootstrap/a_Access User Management' is clicked on

2022-07-25 18:51:07 - [MESSAGE][PASSED] - Object: 'Object Repository/AdminSuiteBootstrap_Pages/Dashboard_Bootstrap/a_Access User Management' is clicked on

2022-07-25 18:51:07 - [TEST_STEP][PASSED] - click(findTestObject(path_Users + "a_Find User")): Object: 'Object Repository/AdminSuiteBootstrap_Pages/UM_Bootstrap/Users/a_Find User' is clicked on

2022-07-25 18:51:07 - [MESSAGE][PASSED] - Object: 'Object Repository/AdminSuiteBootstrap_Pages/UM_Bootstrap/Users/a_Find User' is clicked on

2022-07-25 18:51:07 - [TEST_STEP][PASSED] - setText(findTestObject(path_FindUser + "input_Username"), "dfer564wdf"): Text 'dfer564wdf' is set on object 'Object Repository/AdminSuiteBootstrap_Pages/UM_Bootstrap/FindUser/input_Username'

2022-07-25 18:51:08 - [MESSAGE][PASSED] - Text 'dfer564wdf' is set on object 'Object Repository/AdminSuiteBootstrap_Pages/UM_Bootstrap/FindUser/input_Username'

2022-07-25 18:51:08 - [TEST_STEP][PASSED] - setText(findTestObject(path_FindUser + "input_FirstName"), ""): Text '' is set on object 'Object Repository/AdminSuiteBootstrap_Pages/UM_Bootstrap/FindUser/input_FirstName'

2022-07-25 18:51:08 - [MESSAGE][PASSED] - Text '' is set on object 'Object Repository/AdminSuiteBootstrap_Pages/UM_Bootstrap/FindUser/input_FirstName'

2022-07-25 18:51:08 - [TEST_STEP][PASSED] - setText(findTestObject(path_FindUser + "input_LastName"), ""): Text '' is set on object 'Object Repository/AdminSuiteBootstrap_Pages/UM_Bootstrap/FindUser/input_LastName'

2022-07-25 18:51:09 - [MESSAGE][PASSED] - Text '' is set on object 'Object Repository/AdminSuiteBootstrap_Pages/UM_Bootstrap/FindUser/input_LastName'

2022-07-25 18:51:09 - [TEST_STEP][PASSED] - click(findTestObject(path_FindUser + "button_Search")): Object: 'Object Repository/AdminSuiteBootstrap_Pages/UM_Bootstrap/FindUser/button_Search' is clicked on

2022-07-25 18:51:10 - [MESSAGE][PASSED] - Object: 'Object Repository/AdminSuiteBootstrap_Pages/UM_Bootstrap/FindUser/button_Search' is clicked on

2022-07-25 18:51:10 - [TEST_STEP][PASSED] - verifyTextPresent("INFO! No user accounts were found that have a username of", true): Text 'INFO! No user accounts were found that have a username of' is present on page  using regular expression

2022-07-25 18:51:11 - [MESSAGE][PASSED] - Text 'INFO! No user accounts were found that have a username of' is present on page  using regular expression

2022-07-25 18:51:11 - [TEST_STEP][PASSED] - closeBrowser(): Browser is closed

2022-07-25 18:51:12 - [MESSAGE][PASSED] - Browser is closed]]></system-out>
         <system-err><![CDATA[]]></system-err>
      </testcase>
      <system-out><![CDATA[2022-07-25 18:25:29 - [TEST_SUITE][FAILED] - UM-TestSuite-QA: Test Cases/Admin Suite Bootstrap/UM_TestCases/UsersErrors/AddUserSpecialCharError FAILED.
Reason:
com.kms.katalon.core.exception.StepFailedException: Text 'Username may only be comprised of alphanumeric characters, the underscore "_" character, the at "@" symbol, and the period "."Username may only be comprised of alphanumeric characters, the underscore "_" character, the at "@" symbol, and the period "."' is not present on page  using regular expression (Root cause: com.kms.katalon.core.exception.StepFailedException: Text 'Username may only be comprised of alphanumeric characters, the underscore "_" character, the at "@" symbol, and the period "."Username may only be comprised of alphanumeric characters, the underscore "_" character, the at "@" symbol, and the period "."' is not present on page  using regular expression
	at com.kms.katalon.core.webui.keyword.internal.WebUIKeywordMain.stepFailed(WebUIKeywordMain.groovy:64)
	at com.kms.katalon.core.webui.keyword.builtin.VerifyTextPresentKeyword$_verifyTextPresent_closure1.doCall(VerifyTextPresentKeyword.groovy:79)
	at com.kms.katalon.core.webui.keyword.builtin.VerifyTextPresentKeyword$_verifyTextPresent_closure1.call(VerifyTextPresentKeyword.groovy)
	at com.kms.katalon.core.webui.keyword.internal.WebUIKeywordMain.runKeyword(WebUIKeywordMain.groovy:20)
	at com.kms.katalon.core.webui.keyword.builtin.VerifyTextPresentKeyword.verifyTextPresent(VerifyTextPresentKeyword.groovy:83)
	at com.kms.katalon.core.webui.keyword.builtin.VerifyTextPresentKeyword.execute(VerifyTextPresentKeyword.groovy:68)
	at com.kms.katalon.core.keyword.internal.KeywordExecutor.executeKeywordForPlatform(KeywordExecutor.groovy:74)
	at com.kms.katalon.core.webui.keyword.WebUiBuiltInKeywords.verifyTextPresent(WebUiBuiltInKeywords.groovy:1723)
	at com.kms.katalon.core.webui.keyword.WebUiBuiltInKeywords$verifyTextPresent$5.call(Unknown Source)
	at AddUserSpecialCharError.run(AddUserSpecialCharError:97)
	at com.kms.katalon.core.main.ScriptEngine.run(ScriptEngine.java:194)
	at com.kms.katalon.core.main.ScriptEngine.runScriptAsRawText(ScriptEngine.java:119)
	at com.kms.katalon.core.main.TestCaseExecutor.runScript(TestCaseExecutor.java:442)
	at com.kms.katalon.core.main.TestCaseExecutor.doExecute(TestCaseExecutor.java:433)
	at com.kms.katalon.core.main.TestCaseExecutor.processExecutionPhase(TestCaseExecutor.java:412)
	at com.kms.katalon.core.main.TestCaseExecutor.accessMainPhase(TestCaseExecutor.java:404)
	at com.kms.katalon.core.main.TestCaseExecutor.execute(TestCaseExecutor.java:281)
	at com.kms.katalon.core.main.TestSuiteExecutor.accessTestCaseMainPhase(TestSuiteExecutor.java:202)
	at com.kms.katalon.core.main.TestSuiteExecutor.accessTestSuiteMainPhase(TestSuiteExecutor.java:164)
	at com.kms.katalon.core.main.TestSuiteExecutor.execute(TestSuiteExecutor.java:105)
	at com.kms.katalon.core.main.TestCaseMain.startTestSuite(TestCaseMain.java:185)
	at com.kms.katalon.core.main.TestCaseMain$startTestSuite$0.call(Unknown Source)
	at TempTestSuite1658787923991.run(TempTestSuite1658787923991.groovy:36)
)
	at com.kms.katalon.core.keyword.internal.KeywordMain.stepFailed(KeywordMain.groovy:39)
	at com.kms.katalon.core.webui.keyword.internal.WebUIKeywordMain.stepFailed(WebUIKeywordMain.groovy:64)
	at com.kms.katalon.core.webui.keyword.builtin.VerifyTextPresentKeyword$_verifyTextPresent_closure1.doCall(VerifyTextPresentKeyword.groovy:79)
	at com.kms.katalon.core.webui.keyword.builtin.VerifyTextPresentKeyword$_verifyTextPresent_closure1.call(VerifyTextPresentKeyword.groovy)
	at com.kms.katalon.core.webui.keyword.internal.WebUIKeywordMain.runKeyword(WebUIKeywordMain.groovy:20)
	at com.kms.katalon.core.webui.keyword.builtin.VerifyTextPresentKeyword.verifyTextPresent(VerifyTextPresentKeyword.groovy:83)
	at com.kms.katalon.core.webui.keyword.builtin.VerifyTextPresentKeyword.execute(VerifyTextPresentKeyword.groovy:68)
	at com.kms.katalon.core.keyword.internal.KeywordExecutor.executeKeywordForPlatform(KeywordExecutor.groovy:74)
	at com.kms.katalon.core.webui.keyword.WebUiBuiltInKeywords.verifyTextPresent(WebUiBuiltInKeywords.groovy:1723)
	at com.kms.katalon.core.webui.keyword.WebUiBuiltInKeywords$verifyTextPresent$5.call(Unknown Source)
	at AddUserSpecialCharError.run(AddUserSpecialCharError:97)
	at com.kms.katalon.core.main.ScriptEngine.run(ScriptEngine.java:194)
	at com.kms.katalon.core.main.ScriptEngine.runScriptAsRawText(ScriptEngine.java:119)
	at com.kms.katalon.core.main.TestCaseExecutor.runScript(TestCaseExecutor.java:442)
	at com.kms.katalon.core.main.TestCaseExecutor.doExecute(TestCaseExecutor.java:433)
	at com.kms.katalon.core.main.TestCaseExecutor.processExecutionPhase(TestCaseExecutor.java:412)
	at com.kms.katalon.core.main.TestCaseExecutor.accessMainPhase(TestCaseExecutor.java:404)
	at com.kms.katalon.core.main.TestCaseExecutor.execute(TestCaseExecutor.java:281)
	at com.kms.katalon.core.main.TestSuiteExecutor.accessTestCaseMainPhase(TestSuiteExecutor.java:202)
	at com.kms.katalon.core.main.TestSuiteExecutor.accessTestSuiteMainPhase(TestSuiteExecutor.java:164)
	at com.kms.katalon.core.main.TestSuiteExecutor.execute(TestSuiteExecutor.java:105)
	at com.kms.katalon.core.main.TestCaseMain.startTestSuite(TestCaseMain.java:185)
	at com.kms.katalon.core.main.TestCaseMain$startTestSuite$0.call(Unknown Source)
	at TempTestSuite1658787923991.run(TempTestSuite1658787923991.groovy:36)
Caused by: com.kms.katalon.core.exception.StepFailedException: Text 'Username may only be comprised of alphanumeric characters, the underscore "_" character, the at "@" symbol, and the period "."Username may only be comprised of alphanumeric characters, the underscore "_" character, the at "@" symbol, and the period "."' is not present on page  using regular expression
	... 23 more]]></system-out>
      <system-err><![CDATA[2022-07-25 18:25:29 - [TEST_SUITE][FAILED] - UM-TestSuite-QA: Test Cases/Admin Suite Bootstrap/UM_TestCases/UsersErrors/AddUserSpecialCharError FAILED.
Reason:
com.kms.katalon.core.exception.StepFailedException: Text 'Username may only be comprised of alphanumeric characters, the underscore "_" character, the at "@" symbol, and the period "."Username may only be comprised of alphanumeric characters, the underscore "_" character, the at "@" symbol, and the period "."' is not present on page  using regular expression (Root cause: com.kms.katalon.core.exception.StepFailedException: Text 'Username may only be comprised of alphanumeric characters, the underscore "_" character, the at "@" symbol, and the period "."Username may only be comprised of alphanumeric characters, the underscore "_" character, the at "@" symbol, and the period "."' is not present on page  using regular expression
	at com.kms.katalon.core.webui.keyword.internal.WebUIKeywordMain.stepFailed(WebUIKeywordMain.groovy:64)
	at com.kms.katalon.core.webui.keyword.builtin.VerifyTextPresentKeyword$_verifyTextPresent_closure1.doCall(VerifyTextPresentKeyword.groovy:79)
	at com.kms.katalon.core.webui.keyword.builtin.VerifyTextPresentKeyword$_verifyTextPresent_closure1.call(VerifyTextPresentKeyword.groovy)
	at com.kms.katalon.core.webui.keyword.internal.WebUIKeywordMain.runKeyword(WebUIKeywordMain.groovy:20)
	at com.kms.katalon.core.webui.keyword.builtin.VerifyTextPresentKeyword.verifyTextPresent(VerifyTextPresentKeyword.groovy:83)
	at com.kms.katalon.core.webui.keyword.builtin.VerifyTextPresentKeyword.execute(VerifyTextPresentKeyword.groovy:68)
	at com.kms.katalon.core.keyword.internal.KeywordExecutor.executeKeywordForPlatform(KeywordExecutor.groovy:74)
	at com.kms.katalon.core.webui.keyword.WebUiBuiltInKeywords.verifyTextPresent(WebUiBuiltInKeywords.groovy:1723)
	at com.kms.katalon.core.webui.keyword.WebUiBuiltInKeywords$verifyTextPresent$5.call(Unknown Source)
	at AddUserSpecialCharError.run(AddUserSpecialCharError:97)
	at com.kms.katalon.core.main.ScriptEngine.run(ScriptEngine.java:194)
	at com.kms.katalon.core.main.ScriptEngine.runScriptAsRawText(ScriptEngine.java:119)
	at com.kms.katalon.core.main.TestCaseExecutor.runScript(TestCaseExecutor.java:442)
	at com.kms.katalon.core.main.TestCaseExecutor.doExecute(TestCaseExecutor.java:433)
	at com.kms.katalon.core.main.TestCaseExecutor.processExecutionPhase(TestCaseExecutor.java:412)
	at com.kms.katalon.core.main.TestCaseExecutor.accessMainPhase(TestCaseExecutor.java:404)
	at com.kms.katalon.core.main.TestCaseExecutor.execute(TestCaseExecutor.java:281)
	at com.kms.katalon.core.main.TestSuiteExecutor.accessTestCaseMainPhase(TestSuiteExecutor.java:202)
	at com.kms.katalon.core.main.TestSuiteExecutor.accessTestSuiteMainPhase(TestSuiteExecutor.java:164)
	at com.kms.katalon.core.main.TestSuiteExecutor.execute(TestSuiteExecutor.java:105)
	at com.kms.katalon.core.main.TestCaseMain.startTestSuite(TestCaseMain.java:185)
	at com.kms.katalon.core.main.TestCaseMain$startTestSuite$0.call(Unknown Source)
	at TempTestSuite1658787923991.run(TempTestSuite1658787923991.groovy:36)
)
	at com.kms.katalon.core.keyword.internal.KeywordMain.stepFailed(KeywordMain.groovy:39)
	at com.kms.katalon.core.webui.keyword.internal.WebUIKeywordMain.stepFailed(WebUIKeywordMain.groovy:64)
	at com.kms.katalon.core.webui.keyword.builtin.VerifyTextPresentKeyword$_verifyTextPresent_closure1.doCall(VerifyTextPresentKeyword.groovy:79)
	at com.kms.katalon.core.webui.keyword.builtin.VerifyTextPresentKeyword$_verifyTextPresent_closure1.call(VerifyTextPresentKeyword.groovy)
	at com.kms.katalon.core.webui.keyword.internal.WebUIKeywordMain.runKeyword(WebUIKeywordMain.groovy:20)
	at com.kms.katalon.core.webui.keyword.builtin.VerifyTextPresentKeyword.verifyTextPresent(VerifyTextPresentKeyword.groovy:83)
	at com.kms.katalon.core.webui.keyword.builtin.VerifyTextPresentKeyword.execute(VerifyTextPresentKeyword.groovy:68)
	at com.kms.katalon.core.keyword.internal.KeywordExecutor.executeKeywordForPlatform(KeywordExecutor.groovy:74)
	at com.kms.katalon.core.webui.keyword.WebUiBuiltInKeywords.verifyTextPresent(WebUiBuiltInKeywords.groovy:1723)
	at com.kms.katalon.core.webui.keyword.WebUiBuiltInKeywords$verifyTextPresent$5.call(Unknown Source)
	at AddUserSpecialCharError.run(AddUserSpecialCharError:97)
	at com.kms.katalon.core.main.ScriptEngine.run(ScriptEngine.java:194)
	at com.kms.katalon.core.main.ScriptEngine.runScriptAsRawText(ScriptEngine.java:119)
	at com.kms.katalon.core.main.TestCaseExecutor.runScript(TestCaseExecutor.java:442)
	at com.kms.katalon.core.main.TestCaseExecutor.doExecute(TestCaseExecutor.java:433)
	at com.kms.katalon.core.main.TestCaseExecutor.processExecutionPhase(TestCaseExecutor.java:412)
	at com.kms.katalon.core.main.TestCaseExecutor.accessMainPhase(TestCaseExecutor.java:404)
	at com.kms.katalon.core.main.TestCaseExecutor.execute(TestCaseExecutor.java:281)
	at com.kms.katalon.core.main.TestSuiteExecutor.accessTestCaseMainPhase(TestSuiteExecutor.java:202)
	at com.kms.katalon.core.main.TestSuiteExecutor.accessTestSuiteMainPhase(TestSuiteExecutor.java:164)
	at com.kms.katalon.core.main.TestSuiteExecutor.execute(TestSuiteExecutor.java:105)
	at com.kms.katalon.core.main.TestCaseMain.startTestSuite(TestCaseMain.java:185)
	at com.kms.katalon.core.main.TestCaseMain$startTestSuite$0.call(Unknown Source)
	at TempTestSuite1658787923991.run(TempTestSuite1658787923991.groovy:36)
Caused by: com.kms.katalon.core.exception.StepFailedException: Text 'Username may only be comprised of alphanumeric characters, the underscore "_" character, the at "@" symbol, and the period "."Username may only be comprised of alphanumeric characters, the underscore "_" character, the at "@" symbol, and the period "."' is not present on page  using regular expression
	... 23 more]]></system-err>
   </testsuite>
</testsuites>
