<?xml version="1.0" encoding="UTF-8"?>
<testsuites name="RAD_UI_TestSuite" time="1908.476" tests="7" failures="0" errors="0">
   <testsuite name="RAD_UI_TestSuite" tests="7" failures="0" errors="0" time="1908.476" skipped="0" timestamp="2024-11-12 18:09:05" hostname="imtiaz - DESKTOP-B2QI6NS.govolution.com" id="Test Suites/RAD_TestSuite/RAD_UI_TestSuite">
      <properties>
         <property name="deviceName" value=""/>
         <property name="devicePlatform" value=""/>
         <property name="logFolder" value="E:\\Cloned-Project-Katalon\\VPS-Katalon\\Reports\\20241112_180859\\RAD_TestSuite\\RAD_UI_TestSuite\\20241112_180859"/>
         <property name="logFiles" value="E:\\Cloned-Project-Katalon\\VPS-Katalon\\Reports\\20241112_180859\\RAD_TestSuite\\RAD_UI_TestSuite\\20241112_180859\\execution0.log"/>
         <property name="attachments" value=""/>
         <property name="hostName" value="imtiaz - DESKTOP-B2QI6NS.govolution.com"/>
         <property name="os" value="Windows 10 64bit"/>
         <property name="katalonVersion" value="8.6.9.208"/>
         <property name="browser" value="Chrome 130.0.0.0"/>
         <property name="hostAddress" value="172.31.253.185"/>
         <property name="sessionId" value="caae60c62983a8c5dbac9211f74fb0f6"/>
         <property name="seleniumVersion" value="3.141.59"/>
         <property name="proxyInformation" value="ProxyInformation { proxyOption=NO_PROXY, proxyServerType=HTTP, username=, password=********, proxyServerAddress=, proxyServerPort=0, executionList=&quot;&quot;, isApplyToDesiredCapabilities=true }"/>
         <property name="platform" value="Windows 10"/>
      </properties>
      <testcase name="Test Cases/RAD_TestCases/MRF_TestCases/Estimated_MRF_TC" time="132.077" classname="Test Cases/RAD_TestCases/MRF_TestCases/Estimated_MRF_TC" status="PASSED">
         <system-out><![CDATA[2024-11-12 18:09:06 - [TEST_CASE][PASSED] - Test Cases/RAD_TestCases/MRF_TestCases/Estimated_MRF_TC: Test Cases/RAD_TestCases/MRF_TestCases/Estimated_MRF_TC

2024-11-12 18:09:07 - [TEST_STEP][PASSED] - resText = "Fail": null

2024-11-12 18:09:07 - [TEST_STEP][PASSED] - resColumn = "Result": null

2024-11-12 18:09:07 - [TEST_STEP][PASSED] - datCloumn = "Date": null

2024-11-12 18:09:07 - [TEST_STEP][PASSED] - fileLoc = "KatalonData/RADTestData/MRF.xlsx": null

2024-11-12 18:09:07 - [TEST_STEP][PASSED] - nameSheet = "Estimated": null

2024-11-12 18:09:07 - [TEST_STEP][PASSED] - dataFile = "RADTestData/MRF_Estimated": null

2024-11-12 18:09:07 - [TEST_STEP][PASSED] - orPath_Landing = "Object Repository/RAD_Pages/Landing_Page": null

2024-11-12 18:09:07 - [TEST_STEP][PASSED] - orPath_TaxTypeFilingYear = "Object Repository/RAD_Pages/TaxTypeFilingYear_Page": null

2024-11-12 18:09:07 - [TEST_STEP][PASSED] - orPath_Amount = "Object Repository/RAD_Pages/PaymentAmount_Page": null

2024-11-12 18:09:07 - [TEST_STEP][PASSED] - orPath_AddressContact = "Object Repository/RAD_Pages/AddressAndContactInfo_Page": null

2024-11-12 18:09:07 - [TEST_STEP][PASSED] - orPath_Summary = "Object Repository/RAD_Pages/Summary_Page": null

2024-11-12 18:09:07 - [TEST_STEP][PASSED] - orPath_PaymentConfirmation = "Object Repository/RAD_Pages/PaymentConfirmation_Page": null

2024-11-12 18:09:07 - [TEST_STEP][PASSED] - orPath_ServiceFeesAccept = "Object Repository/RAD_Pages/ServiceFeeAccept_Page": null

2024-11-12 18:09:07 - [TEST_STEP][PASSED] - orPath_PaymentEntry = "Object Repository/RAD_Pages/PaymentEntry_Page": null

2024-11-12 18:09:07 - [TEST_STEP][PASSED] - orPath_TaxPayer = "Object Repository/RAD_Pages/Taxpayer_Page": null

2024-11-12 18:09:07 - [TEST_STEP][PASSED] - orPath_FilingStatus = "Object Repository/RAD_Pages/FilingStatus_Page": null

2024-11-12 18:09:07 - [TEST_STEP][PASSED] - orPath_TaxInfo = "Object Repository/RAD_Pages/TaxInfo_Page": null

2024-11-12 18:09:07 - [TEST_STEP][PASSED] - ExecuteTC = <not implemented yet for class: org.codehaus.groovy.ast.expr.EmptyExpression>: null

2024-11-12 18:09:07 - [TEST_STEP][PASSED] - TaxType = <not implemented yet for class: org.codehaus.groovy.ast.expr.EmptyExpression>: null

2024-11-12 18:09:07 - [TEST_STEP][PASSED] - PaymentType = <not implemented yet for class: org.codehaus.groovy.ast.expr.EmptyExpression>: null

2024-11-12 18:09:07 - [TEST_STEP][PASSED] - FilingYear = <not implemented yet for class: org.codehaus.groovy.ast.expr.EmptyExpression>: null

2024-11-12 18:09:07 - [TEST_STEP][PASSED] - PeriodEndingMonth = <not implemented yet for class: org.codehaus.groovy.ast.expr.EmptyExpression>: null

2024-11-12 18:09:07 - [TEST_STEP][PASSED] - feinSSN = <not implemented yet for class: org.codehaus.groovy.ast.expr.EmptyExpression>: null

2024-11-12 18:09:07 - [TEST_STEP][PASSED] - numOfRows = findTestData(dataFile).getRowNumbers(): null

2024-11-12 18:09:08 - [TEST_STEP][PASSED] - println("Number of Records: " + numOfRows): null

2024-11-12 18:09:08 - [TEST_STEP][PASSED] - for ([row = 1, row <= numOfRows, (row++)]): pages.WriteExcel.demoKey is PASSED

2024-11-12 18:09:08 - [TEST_STEP][PASSED] - ExecuteTC = findTestData(dataFile).getValue("Execute", row): null

2024-11-12 18:09:08 - [TEST_STEP][PASSED] - TaxType = findTestData(dataFile).getValue("TaxType", row): null

2024-11-12 18:09:08 - [TEST_STEP][PASSED] - PaymentType = findTestData(dataFile).getValue("PaymentType", row): null

2024-11-12 18:09:08 - [TEST_STEP][PASSED] - FilingYear = findTestData(dataFile).getValue("Year", row): null

2024-11-12 18:09:09 - [TEST_STEP][PASSED] - PeriodEndingMonth = findTestData(dataFile).getValue("Month", row): null

2024-11-12 18:09:09 - [TEST_STEP][PASSED] - feinSSN = findTestData(dataFile).getValue("FeinSsn", row): null

2024-11-12 18:09:09 - [TEST_STEP][PASSED] - if (ExecuteTC.equalsIgnoreCase("Y")): pages.WriteExcel.demoKey is PASSED

2024-11-12 18:09:09 - [TEST_STEP][PASSED] - out.println("Begin Record Number: " + row): null

2024-11-12 18:09:09 - [TEST_STEP][PASSED] - today = new java.util.Date(): null

2024-11-12 18:09:09 - [TEST_STEP][PASSED] - println(today): null

2024-11-12 18:09:09 - [TEST_STEP][PASSED] - datText = today: null

2024-11-12 18:09:09 - [TEST_STEP][PASSED] - logInfo("Payment Type: Quarterly Estimated Tax"): Payment Type: Quarterly Estimated Tax

2024-11-12 18:09:09 - [MESSAGE][INFO] - Payment Type: Quarterly Estimated Tax

2024-11-12 18:09:09 - [TEST_STEP][PASSED] - logInfo("Tax Type: " + TaxType): Tax Type: Corporate Income Tax

2024-11-12 18:09:09 - [MESSAGE][INFO] - Tax Type: Corporate Income Tax

2024-11-12 18:09:09 - [TEST_STEP][PASSED] - openBrowser(""): Browser is opened with url: ''

2024-11-12 18:09:09 - [MESSAGE][INFO] - Starting 'Chrome' driver

2024-11-12 18:09:09 - [MESSAGE][INFO] - User set preference: ['acceptInsecureCerts', 'true']

2024-11-12 18:09:09 - [MESSAGE][INFO] - Action delay is set to 0 milliseconds

2024-11-12 18:09:13 - [MESSAGE][PASSED] - Browser is opened with url: ''

2024-11-12 18:09:13 - [TEST_STEP][PASSED] - maximizeWindow(): Current window maximized

2024-11-12 18:09:13 - [MESSAGE][PASSED] - Current window maximized

2024-11-12 18:09:13 - [TEST_STEP][PASSED] - navigateToUrl(RADurl): Navigate to 'https://www.velocitypayment.com/client/rad/index.html' successfully

2024-11-12 18:09:15 - [MESSAGE][PASSED] - Navigate to 'https://www.velocitypayment.com/client/rad/index.html' successfully

2024-11-12 18:09:15 - [TEST_STEP][PASSED] - selectOptionByLabel(findTestObject(orPath_Landing + "/dd_TaxType"), "Quarterly Estimated Tax", false): All options with label 'Quarterly Estimated Tax' are selected in object 'Object Repository/RAD_Pages/Landing_Page/dd_TaxType' 

2024-11-12 18:09:16 - [MESSAGE][PASSED] - All options with label 'Quarterly Estimated Tax' are selected in object 'Object Repository/RAD_Pages/Landing_Page/dd_TaxType' 

2024-11-12 18:09:16 - [TEST_STEP][PASSED] - selectOptionByLabel(findTestObject(orPath_TaxTypeFilingYear + "/select_PaymentType"), TaxType, false): All options with label 'Corporate Income Tax' are selected in object 'Object Repository/RAD_Pages/TaxTypeFilingYear_Page/select_PaymentType' 

2024-11-12 18:09:16 - [MESSAGE][PASSED] - All options with label 'Corporate Income Tax' are selected in object 'Object Repository/RAD_Pages/TaxTypeFilingYear_Page/select_PaymentType' 

2024-11-12 18:09:16 - [TEST_STEP][PASSED] - selectOptionByLabel(findTestObject(orPath_TaxTypeFilingYear + "/select_FilingYear"), FilingYear, false): All options with label '2024' are selected in object 'Object Repository/RAD_Pages/TaxTypeFilingYear_Page/select_FilingYear' 

2024-11-12 18:09:17 - [MESSAGE][PASSED] - All options with label '2024' are selected in object 'Object Repository/RAD_Pages/TaxTypeFilingYear_Page/select_FilingYear' 

2024-11-12 18:09:17 - [TEST_STEP][PASSED] - selectOptionByLabel(findTestObject(orPath_TaxTypeFilingYear + "/select_PeriodEnding"), PeriodEndingMonth, false): All options with label 'March' are selected in object 'Object Repository/RAD_Pages/TaxTypeFilingYear_Page/select_PeriodEnding' 

2024-11-12 18:09:18 - [MESSAGE][PASSED] - All options with label 'March' are selected in object 'Object Repository/RAD_Pages/TaxTypeFilingYear_Page/select_PeriodEnding' 

2024-11-12 18:09:18 - [TEST_STEP][PASSED] - setText(findTestObject(orPath_TaxPayer + "/input_businessName"), " "): Text ' ' is set on object 'Object Repository/RAD_Pages/Taxpayer_Page/input_businessName'

2024-11-12 18:09:19 - [MESSAGE][PASSED] - Text ' ' is set on object 'Object Repository/RAD_Pages/Taxpayer_Page/input_businessName'

2024-11-12 18:09:19 - [TEST_STEP][PASSED] - setText(findTestObject(orPath_TaxPayer + "/input_BusinessRepfirstName"), " "): Text ' ' is set on object 'Object Repository/RAD_Pages/Taxpayer_Page/input_BusinessRepfirstName'

2024-11-12 18:09:19 - [MESSAGE][PASSED] - Text ' ' is set on object 'Object Repository/RAD_Pages/Taxpayer_Page/input_BusinessRepfirstName'

2024-11-12 18:09:19 - [TEST_STEP][PASSED] - setText(findTestObject(orPath_TaxPayer + "/input_BusinessReplastName"), " "): Text ' ' is set on object 'Object Repository/RAD_Pages/Taxpayer_Page/input_BusinessReplastName'

2024-11-12 18:09:20 - [MESSAGE][PASSED] - Text ' ' is set on object 'Object Repository/RAD_Pages/Taxpayer_Page/input_BusinessReplastName'

2024-11-12 18:09:20 - [TEST_STEP][PASSED] - setText(findTestObject(orPath_AddressContact + "/input_streetAddress1"), " "): Text ' ' is set on object 'Object Repository/RAD_Pages/AddressAndContactInfo_Page/input_streetAddress1'

2024-11-12 18:09:21 - [MESSAGE][PASSED] - Text ' ' is set on object 'Object Repository/RAD_Pages/AddressAndContactInfo_Page/input_streetAddress1'

2024-11-12 18:09:21 - [TEST_STEP][PASSED] - setText(findTestObject(orPath_AddressContact + "/input_city"), " "): Text ' ' is set on object 'Object Repository/RAD_Pages/AddressAndContactInfo_Page/input_city'

2024-11-12 18:09:21 - [MESSAGE][PASSED] - Text ' ' is set on object 'Object Repository/RAD_Pages/AddressAndContactInfo_Page/input_city'

2024-11-12 18:09:21 - [TEST_STEP][PASSED] - setText(findTestObject(orPath_AddressContact + "/input_zipCode"), " "): Text ' ' is set on object 'Object Repository/RAD_Pages/AddressAndContactInfo_Page/input_zipCode'

2024-11-12 18:09:22 - [MESSAGE][PASSED] - Text ' ' is set on object 'Object Repository/RAD_Pages/AddressAndContactInfo_Page/input_zipCode'

2024-11-12 18:09:22 - [TEST_STEP][PASSED] - setText(findTestObject(orPath_AddressContact + "/input_phoneNumber"), " "): Text ' ' is set on object 'Object Repository/RAD_Pages/AddressAndContactInfo_Page/input_phoneNumber'

2024-11-12 18:09:23 - [MESSAGE][PASSED] - Text ' ' is set on object 'Object Repository/RAD_Pages/AddressAndContactInfo_Page/input_phoneNumber'

2024-11-12 18:09:23 - [TEST_STEP][PASSED] - setText(findTestObject(orPath_AddressContact + "/input_eMailAddress"), " "): Text ' ' is set on object 'Object Repository/RAD_Pages/AddressAndContactInfo_Page/input_eMailAddress'

2024-11-12 18:09:25 - [MESSAGE][PASSED] - Text ' ' is set on object 'Object Repository/RAD_Pages/AddressAndContactInfo_Page/input_eMailAddress'

2024-11-12 18:09:25 - [TEST_STEP][PASSED] - setText(findTestObject(orPath_AddressContact + "/input_reEnterEMailAddress"), " "): Text ' ' is set on object 'Object Repository/RAD_Pages/AddressAndContactInfo_Page/input_reEnterEMailAddress'

2024-11-12 18:09:25 - [MESSAGE][PASSED] - Text ' ' is set on object 'Object Repository/RAD_Pages/AddressAndContactInfo_Page/input_reEnterEMailAddress'

2024-11-12 18:09:25 - [TEST_STEP][PASSED] - resText = "Fail": null

2024-11-12 18:09:25 - [TEST_STEP][PASSED] - pages.WriteExcel.demoKey(resText, datText, resColumn, datCloumn, fileLoc, nameSheet, row): pages.WriteExcel.demoKey is PASSED

2024-11-12 18:09:26 - [MESSAGE][PASSED] - pages.WriteExcel.demoKey is PASSED

2024-11-12 18:09:26 - [TEST_STEP][PASSED] - verifyTextPresent("Enter business name", true, CONTINUE_ON_FAILURE): Text 'Enter business name' is present on page  using regular expression

2024-11-12 18:09:26 - [MESSAGE][PASSED] - Text 'Enter business name' is present on page  using regular expression

2024-11-12 18:09:26 - [TEST_STEP][PASSED] - verifyTextPresent("Enter business rep first name", true, CONTINUE_ON_FAILURE): Text 'Enter business rep first name' is present on page  using regular expression

2024-11-12 18:09:27 - [MESSAGE][PASSED] - Text 'Enter business rep first name' is present on page  using regular expression

2024-11-12 18:09:27 - [TEST_STEP][PASSED] - verifyTextPresent("Enter business rep last name", true, CONTINUE_ON_FAILURE): Text 'Enter business rep last name' is present on page  using regular expression

2024-11-12 18:09:27 - [MESSAGE][PASSED] - Text 'Enter business rep last name' is present on page  using regular expression

2024-11-12 18:09:27 - [TEST_STEP][PASSED] - verifyTextPresent("Enter address", true, CONTINUE_ON_FAILURE): Text 'Enter address' is present on page  using regular expression

2024-11-12 18:09:28 - [MESSAGE][PASSED] - Text 'Enter address' is present on page  using regular expression

2024-11-12 18:09:28 - [TEST_STEP][PASSED] - verifyTextPresent("Enter city", true, CONTINUE_ON_FAILURE): Text 'Enter city' is present on page  using regular expression

2024-11-12 18:09:28 - [MESSAGE][PASSED] - Text 'Enter city' is present on page  using regular expression

2024-11-12 18:09:28 - [TEST_STEP][PASSED] - verifyTextPresent("Enter ZIP code", true, CONTINUE_ON_FAILURE): Text 'Enter ZIP code' is present on page  using regular expression

2024-11-12 18:09:28 - [MESSAGE][PASSED] - Text 'Enter ZIP code' is present on page  using regular expression

2024-11-12 18:09:28 - [TEST_STEP][PASSED] - verifyTextPresent("Enter a valid phone number", true, CONTINUE_ON_FAILURE): Text 'Enter a valid phone number' is present on page  using regular expression

2024-11-12 18:09:29 - [MESSAGE][PASSED] - Text 'Enter a valid phone number' is present on page  using regular expression

2024-11-12 18:09:29 - [TEST_STEP][PASSED] - verifyTextPresent("Enter Email", true, CONTINUE_ON_FAILURE): Text 'Enter Email' is present on page  using regular expression

2024-11-12 18:09:29 - [MESSAGE][PASSED] - Text 'Enter Email' is present on page  using regular expression

2024-11-12 18:09:29 - [TEST_STEP][PASSED] - resText = "Pass": null

2024-11-12 18:09:29 - [TEST_STEP][PASSED] - pages.WriteExcel.demoKey(resText, datText, resColumn, datCloumn, fileLoc, nameSheet, row): pages.WriteExcel.demoKey is PASSED

2024-11-12 18:09:29 - [MESSAGE][PASSED] - pages.WriteExcel.demoKey is PASSED

2024-11-12 18:09:29 - [TEST_STEP][PASSED] - ExecuteTC = findTestData(dataFile).getValue("Execute", row): null

2024-11-12 18:09:29 - [TEST_STEP][PASSED] - TaxType = findTestData(dataFile).getValue("TaxType", row): null

2024-11-12 18:09:30 - [TEST_STEP][PASSED] - PaymentType = findTestData(dataFile).getValue("PaymentType", row): null

2024-11-12 18:09:30 - [TEST_STEP][PASSED] - FilingYear = findTestData(dataFile).getValue("Year", row): null

2024-11-12 18:09:30 - [TEST_STEP][PASSED] - PeriodEndingMonth = findTestData(dataFile).getValue("Month", row): null

2024-11-12 18:09:30 - [TEST_STEP][PASSED] - feinSSN = findTestData(dataFile).getValue("FeinSsn", row): null

2024-11-12 18:09:30 - [TEST_STEP][PASSED] - if (ExecuteTC.equalsIgnoreCase("Y")): pages.WriteExcel.demoKey is PASSED

2024-11-12 18:09:30 - [TEST_STEP][PASSED] - out.println("Begin Record Number: " + row): null

2024-11-12 18:09:30 - [TEST_STEP][PASSED] - today = new java.util.Date(): null

2024-11-12 18:09:30 - [TEST_STEP][PASSED] - println(today): null

2024-11-12 18:09:30 - [TEST_STEP][PASSED] - datText = today: null

2024-11-12 18:09:30 - [TEST_STEP][PASSED] - logInfo("Payment Type: Quarterly Estimated Tax"): Payment Type: Quarterly Estimated Tax

2024-11-12 18:09:30 - [MESSAGE][INFO] - Payment Type: Quarterly Estimated Tax

2024-11-12 18:09:30 - [TEST_STEP][PASSED] - logInfo("Tax Type: " + TaxType): Tax Type: Fiduciary Tax

2024-11-12 18:09:30 - [MESSAGE][INFO] - Tax Type: Fiduciary Tax

2024-11-12 18:09:30 - [TEST_STEP][PASSED] - openBrowser(""): Browser is opened with url: ''

2024-11-12 18:09:30 - [MESSAGE][WARNING] - A browser is already opened. Closing browser and opening a new one

2024-11-12 18:09:32 - [MESSAGE][INFO] - Starting 'Chrome' driver

2024-11-12 18:09:32 - [MESSAGE][INFO] - User set preference: ['acceptInsecureCerts', 'true']

2024-11-12 18:09:32 - [MESSAGE][INFO] - Action delay is set to 0 milliseconds

2024-11-12 18:09:34 - [MESSAGE][PASSED] - Browser is opened with url: ''

2024-11-12 18:09:34 - [TEST_STEP][PASSED] - maximizeWindow(): Current window maximized

2024-11-12 18:09:34 - [MESSAGE][PASSED] - Current window maximized

2024-11-12 18:09:34 - [TEST_STEP][PASSED] - navigateToUrl(RADurl): Navigate to 'https://www.velocitypayment.com/client/rad/index.html' successfully

2024-11-12 18:09:41 - [MESSAGE][PASSED] - Navigate to 'https://www.velocitypayment.com/client/rad/index.html' successfully

2024-11-12 18:09:41 - [TEST_STEP][PASSED] - selectOptionByLabel(findTestObject(orPath_Landing + "/dd_TaxType"), "Quarterly Estimated Tax", false): All options with label 'Quarterly Estimated Tax' are selected in object 'Object Repository/RAD_Pages/Landing_Page/dd_TaxType' 

2024-11-12 18:09:42 - [MESSAGE][PASSED] - All options with label 'Quarterly Estimated Tax' are selected in object 'Object Repository/RAD_Pages/Landing_Page/dd_TaxType' 

2024-11-12 18:09:42 - [TEST_STEP][PASSED] - selectOptionByLabel(findTestObject(orPath_TaxTypeFilingYear + "/select_PaymentType"), TaxType, false): All options with label 'Fiduciary Tax' are selected in object 'Object Repository/RAD_Pages/TaxTypeFilingYear_Page/select_PaymentType' 

2024-11-12 18:09:43 - [MESSAGE][PASSED] - All options with label 'Fiduciary Tax' are selected in object 'Object Repository/RAD_Pages/TaxTypeFilingYear_Page/select_PaymentType' 

2024-11-12 18:09:43 - [TEST_STEP][PASSED] - selectOptionByLabel(findTestObject(orPath_TaxTypeFilingYear + "/select_FilingYear"), FilingYear, false): All options with label '2024' are selected in object 'Object Repository/RAD_Pages/TaxTypeFilingYear_Page/select_FilingYear' 

2024-11-12 18:09:44 - [MESSAGE][PASSED] - All options with label '2024' are selected in object 'Object Repository/RAD_Pages/TaxTypeFilingYear_Page/select_FilingYear' 

2024-11-12 18:09:44 - [TEST_STEP][PASSED] - selectOptionByLabel(findTestObject(orPath_TaxTypeFilingYear + "/select_PeriodEnding"), PeriodEndingMonth, false): All options with label 'May' are selected in object 'Object Repository/RAD_Pages/TaxTypeFilingYear_Page/select_PeriodEnding' 

2024-11-12 18:09:44 - [MESSAGE][PASSED] - All options with label 'May' are selected in object 'Object Repository/RAD_Pages/TaxTypeFilingYear_Page/select_PeriodEnding' 

2024-11-12 18:09:44 - [TEST_STEP][PASSED] - setText(findTestObject(orPath_TaxPayer + "/input_businessName"), " "): Text ' ' is set on object 'Object Repository/RAD_Pages/Taxpayer_Page/input_businessName'

2024-11-12 18:09:45 - [MESSAGE][PASSED] - Text ' ' is set on object 'Object Repository/RAD_Pages/Taxpayer_Page/input_businessName'

2024-11-12 18:09:45 - [TEST_STEP][PASSED] - setText(findTestObject(orPath_TaxPayer + "/input_BusinessRepfirstName"), " "): Text ' ' is set on object 'Object Repository/RAD_Pages/Taxpayer_Page/input_BusinessRepfirstName'

2024-11-12 18:09:46 - [MESSAGE][PASSED] - Text ' ' is set on object 'Object Repository/RAD_Pages/Taxpayer_Page/input_BusinessRepfirstName'

2024-11-12 18:09:46 - [TEST_STEP][PASSED] - setText(findTestObject(orPath_TaxPayer + "/input_BusinessReplastName"), " "): Text ' ' is set on object 'Object Repository/RAD_Pages/Taxpayer_Page/input_BusinessReplastName'

2024-11-12 18:09:46 - [MESSAGE][PASSED] - Text ' ' is set on object 'Object Repository/RAD_Pages/Taxpayer_Page/input_BusinessReplastName'

2024-11-12 18:09:46 - [TEST_STEP][PASSED] - setText(findTestObject(orPath_AddressContact + "/input_streetAddress1"), " "): Text ' ' is set on object 'Object Repository/RAD_Pages/AddressAndContactInfo_Page/input_streetAddress1'

2024-11-12 18:09:47 - [MESSAGE][PASSED] - Text ' ' is set on object 'Object Repository/RAD_Pages/AddressAndContactInfo_Page/input_streetAddress1'

2024-11-12 18:09:47 - [TEST_STEP][PASSED] - setText(findTestObject(orPath_AddressContact + "/input_city"), " "): Text ' ' is set on object 'Object Repository/RAD_Pages/AddressAndContactInfo_Page/input_city'

2024-11-12 18:09:48 - [MESSAGE][PASSED] - Text ' ' is set on object 'Object Repository/RAD_Pages/AddressAndContactInfo_Page/input_city'

2024-11-12 18:09:48 - [TEST_STEP][PASSED] - setText(findTestObject(orPath_AddressContact + "/input_zipCode"), " "): Text ' ' is set on object 'Object Repository/RAD_Pages/AddressAndContactInfo_Page/input_zipCode'

2024-11-12 18:09:49 - [MESSAGE][PASSED] - Text ' ' is set on object 'Object Repository/RAD_Pages/AddressAndContactInfo_Page/input_zipCode'

2024-11-12 18:09:49 - [TEST_STEP][PASSED] - setText(findTestObject(orPath_AddressContact + "/input_phoneNumber"), " "): Text ' ' is set on object 'Object Repository/RAD_Pages/AddressAndContactInfo_Page/input_phoneNumber'

2024-11-12 18:09:49 - [MESSAGE][PASSED] - Text ' ' is set on object 'Object Repository/RAD_Pages/AddressAndContactInfo_Page/input_phoneNumber'

2024-11-12 18:09:49 - [TEST_STEP][PASSED] - setText(findTestObject(orPath_AddressContact + "/input_eMailAddress"), " "): Text ' ' is set on object 'Object Repository/RAD_Pages/AddressAndContactInfo_Page/input_eMailAddress'

2024-11-12 18:09:51 - [MESSAGE][PASSED] - Text ' ' is set on object 'Object Repository/RAD_Pages/AddressAndContactInfo_Page/input_eMailAddress'

2024-11-12 18:09:51 - [TEST_STEP][PASSED] - setText(findTestObject(orPath_AddressContact + "/input_reEnterEMailAddress"), " "): Text ' ' is set on object 'Object Repository/RAD_Pages/AddressAndContactInfo_Page/input_reEnterEMailAddress'

2024-11-12 18:09:51 - [MESSAGE][PASSED] - Text ' ' is set on object 'Object Repository/RAD_Pages/AddressAndContactInfo_Page/input_reEnterEMailAddress'

2024-11-12 18:09:51 - [TEST_STEP][PASSED] - resText = "Fail": null

2024-11-12 18:09:51 - [TEST_STEP][PASSED] - pages.WriteExcel.demoKey(resText, datText, resColumn, datCloumn, fileLoc, nameSheet, row): pages.WriteExcel.demoKey is PASSED

2024-11-12 18:09:52 - [MESSAGE][PASSED] - pages.WriteExcel.demoKey is PASSED

2024-11-12 18:09:52 - [TEST_STEP][PASSED] - verifyTextPresent("Enter business name", true, CONTINUE_ON_FAILURE): Text 'Enter business name' is present on page  using regular expression

2024-11-12 18:09:52 - [MESSAGE][PASSED] - Text 'Enter business name' is present on page  using regular expression

2024-11-12 18:09:52 - [TEST_STEP][PASSED] - verifyTextPresent("Enter business rep first name", true, CONTINUE_ON_FAILURE): Text 'Enter business rep first name' is present on page  using regular expression

2024-11-12 18:09:53 - [MESSAGE][PASSED] - Text 'Enter business rep first name' is present on page  using regular expression

2024-11-12 18:09:53 - [TEST_STEP][PASSED] - verifyTextPresent("Enter business rep last name", true, CONTINUE_ON_FAILURE): Text 'Enter business rep last name' is present on page  using regular expression

2024-11-12 18:09:53 - [MESSAGE][PASSED] - Text 'Enter business rep last name' is present on page  using regular expression

2024-11-12 18:09:53 - [TEST_STEP][PASSED] - verifyTextPresent("Enter address", true, CONTINUE_ON_FAILURE): Text 'Enter address' is present on page  using regular expression

2024-11-12 18:09:53 - [MESSAGE][PASSED] - Text 'Enter address' is present on page  using regular expression

2024-11-12 18:09:53 - [TEST_STEP][PASSED] - verifyTextPresent("Enter city", true, CONTINUE_ON_FAILURE): Text 'Enter city' is present on page  using regular expression

2024-11-12 18:09:54 - [MESSAGE][PASSED] - Text 'Enter city' is present on page  using regular expression

2024-11-12 18:09:54 - [TEST_STEP][PASSED] - verifyTextPresent("Enter ZIP code", true, CONTINUE_ON_FAILURE): Text 'Enter ZIP code' is present on page  using regular expression

2024-11-12 18:09:54 - [MESSAGE][PASSED] - Text 'Enter ZIP code' is present on page  using regular expression

2024-11-12 18:09:54 - [TEST_STEP][PASSED] - verifyTextPresent("Enter a valid phone number", true, CONTINUE_ON_FAILURE): Text 'Enter a valid phone number' is present on page  using regular expression

2024-11-12 18:09:55 - [MESSAGE][PASSED] - Text 'Enter a valid phone number' is present on page  using regular expression

2024-11-12 18:09:55 - [TEST_STEP][PASSED] - verifyTextPresent("Enter Email", true, CONTINUE_ON_FAILURE): Text 'Enter Email' is present on page  using regular expression

2024-11-12 18:09:55 - [MESSAGE][PASSED] - Text 'Enter Email' is present on page  using regular expression

2024-11-12 18:09:55 - [TEST_STEP][PASSED] - resText = "Pass": null

2024-11-12 18:09:55 - [TEST_STEP][PASSED] - pages.WriteExcel.demoKey(resText, datText, resColumn, datCloumn, fileLoc, nameSheet, row): pages.WriteExcel.demoKey is PASSED

2024-11-12 18:09:55 - [MESSAGE][PASSED] - pages.WriteExcel.demoKey is PASSED

2024-11-12 18:09:55 - [TEST_STEP][PASSED] - ExecuteTC = findTestData(dataFile).getValue("Execute", row): null

2024-11-12 18:09:56 - [TEST_STEP][PASSED] - TaxType = findTestData(dataFile).getValue("TaxType", row): null

2024-11-12 18:09:56 - [TEST_STEP][PASSED] - PaymentType = findTestData(dataFile).getValue("PaymentType", row): null

2024-11-12 18:09:56 - [TEST_STEP][PASSED] - FilingYear = findTestData(dataFile).getValue("Year", row): null

2024-11-12 18:09:56 - [TEST_STEP][PASSED] - PeriodEndingMonth = findTestData(dataFile).getValue("Month", row): null

2024-11-12 18:09:56 - [TEST_STEP][PASSED] - feinSSN = findTestData(dataFile).getValue("FeinSsn", row): null

2024-11-12 18:09:56 - [TEST_STEP][PASSED] - if (ExecuteTC.equalsIgnoreCase("Y")): pages.WriteExcel.demoKey is PASSED

2024-11-12 18:09:56 - [TEST_STEP][PASSED] - out.println("Begin Record Number: " + row): null

2024-11-12 18:09:56 - [TEST_STEP][PASSED] - today = new java.util.Date(): null

2024-11-12 18:09:56 - [TEST_STEP][PASSED] - println(today): null

2024-11-12 18:09:56 - [TEST_STEP][PASSED] - datText = today: null

2024-11-12 18:09:56 - [TEST_STEP][PASSED] - logInfo("Payment Type: Quarterly Estimated Tax"): Payment Type: Quarterly Estimated Tax

2024-11-12 18:09:56 - [MESSAGE][INFO] - Payment Type: Quarterly Estimated Tax

2024-11-12 18:09:56 - [TEST_STEP][PASSED] - logInfo("Tax Type: " + TaxType): Tax Type: PTE Non-Electing Non-S Corp

2024-11-12 18:09:56 - [MESSAGE][INFO] - Tax Type: PTE Non-Electing Non-S Corp

2024-11-12 18:09:56 - [TEST_STEP][PASSED] - openBrowser(""): Browser is opened with url: ''

2024-11-12 18:09:56 - [MESSAGE][WARNING] - A browser is already opened. Closing browser and opening a new one

2024-11-12 18:09:58 - [MESSAGE][INFO] - Starting 'Chrome' driver

2024-11-12 18:09:58 - [MESSAGE][INFO] - User set preference: ['acceptInsecureCerts', 'true']

2024-11-12 18:09:58 - [MESSAGE][INFO] - Action delay is set to 0 milliseconds

2024-11-12 18:10:00 - [MESSAGE][PASSED] - Browser is opened with url: ''

2024-11-12 18:10:00 - [TEST_STEP][PASSED] - maximizeWindow(): Current window maximized

2024-11-12 18:10:00 - [MESSAGE][PASSED] - Current window maximized

2024-11-12 18:10:00 - [TEST_STEP][PASSED] - navigateToUrl(RADurl): Navigate to 'https://www.velocitypayment.com/client/rad/index.html' successfully

2024-11-12 18:10:00 - [MESSAGE][PASSED] - Navigate to 'https://www.velocitypayment.com/client/rad/index.html' successfully

2024-11-12 18:10:00 - [TEST_STEP][PASSED] - selectOptionByLabel(findTestObject(orPath_Landing + "/dd_TaxType"), "Quarterly Estimated Tax", false): All options with label 'Quarterly Estimated Tax' are selected in object 'Object Repository/RAD_Pages/Landing_Page/dd_TaxType' 

2024-11-12 18:10:05 - [MESSAGE][PASSED] - All options with label 'Quarterly Estimated Tax' are selected in object 'Object Repository/RAD_Pages/Landing_Page/dd_TaxType' 

2024-11-12 18:10:05 - [TEST_STEP][PASSED] - selectOptionByLabel(findTestObject(orPath_TaxTypeFilingYear + "/select_PaymentType"), TaxType, false): All options with label 'PTE Non-Electing Non-S Corp' are selected in object 'Object Repository/RAD_Pages/TaxTypeFilingYear_Page/select_PaymentType' 

2024-11-12 18:10:05 - [MESSAGE][PASSED] - All options with label 'PTE Non-Electing Non-S Corp' are selected in object 'Object Repository/RAD_Pages/TaxTypeFilingYear_Page/select_PaymentType' 

2024-11-12 18:10:05 - [TEST_STEP][PASSED] - selectOptionByLabel(findTestObject(orPath_TaxTypeFilingYear + "/select_FilingYear"), FilingYear, false): All options with label '2024' are selected in object 'Object Repository/RAD_Pages/TaxTypeFilingYear_Page/select_FilingYear' 

2024-11-12 18:10:06 - [MESSAGE][PASSED] - All options with label '2024' are selected in object 'Object Repository/RAD_Pages/TaxTypeFilingYear_Page/select_FilingYear' 

2024-11-12 18:10:06 - [TEST_STEP][PASSED] - selectOptionByLabel(findTestObject(orPath_TaxTypeFilingYear + "/select_PeriodEnding"), PeriodEndingMonth, false): All options with label 'August' are selected in object 'Object Repository/RAD_Pages/TaxTypeFilingYear_Page/select_PeriodEnding' 

2024-11-12 18:10:07 - [MESSAGE][PASSED] - All options with label 'August' are selected in object 'Object Repository/RAD_Pages/TaxTypeFilingYear_Page/select_PeriodEnding' 

2024-11-12 18:10:07 - [TEST_STEP][PASSED] - setText(findTestObject(orPath_TaxPayer + "/input_businessName"), " "): Text ' ' is set on object 'Object Repository/RAD_Pages/Taxpayer_Page/input_businessName'

2024-11-12 18:10:08 - [MESSAGE][PASSED] - Text ' ' is set on object 'Object Repository/RAD_Pages/Taxpayer_Page/input_businessName'

2024-11-12 18:10:08 - [TEST_STEP][PASSED] - setText(findTestObject(orPath_TaxPayer + "/input_BusinessRepfirstName"), " "): Text ' ' is set on object 'Object Repository/RAD_Pages/Taxpayer_Page/input_BusinessRepfirstName'

2024-11-12 18:10:08 - [MESSAGE][PASSED] - Text ' ' is set on object 'Object Repository/RAD_Pages/Taxpayer_Page/input_BusinessRepfirstName'

2024-11-12 18:10:08 - [TEST_STEP][PASSED] - setText(findTestObject(orPath_TaxPayer + "/input_BusinessReplastName"), " "): Text ' ' is set on object 'Object Repository/RAD_Pages/Taxpayer_Page/input_BusinessReplastName'

2024-11-12 18:10:09 - [MESSAGE][PASSED] - Text ' ' is set on object 'Object Repository/RAD_Pages/Taxpayer_Page/input_BusinessReplastName'

2024-11-12 18:10:09 - [TEST_STEP][PASSED] - setText(findTestObject(orPath_AddressContact + "/input_streetAddress1"), " "): Text ' ' is set on object 'Object Repository/RAD_Pages/AddressAndContactInfo_Page/input_streetAddress1'

2024-11-12 18:10:10 - [MESSAGE][PASSED] - Text ' ' is set on object 'Object Repository/RAD_Pages/AddressAndContactInfo_Page/input_streetAddress1'

2024-11-12 18:10:10 - [TEST_STEP][PASSED] - setText(findTestObject(orPath_AddressContact + "/input_city"), " "): Text ' ' is set on object 'Object Repository/RAD_Pages/AddressAndContactInfo_Page/input_city'

2024-11-12 18:10:11 - [MESSAGE][PASSED] - Text ' ' is set on object 'Object Repository/RAD_Pages/AddressAndContactInfo_Page/input_city'

2024-11-12 18:10:11 - [TEST_STEP][PASSED] - setText(findTestObject(orPath_AddressContact + "/input_zipCode"), " "): Text ' ' is set on object 'Object Repository/RAD_Pages/AddressAndContactInfo_Page/input_zipCode'

2024-11-12 18:10:12 - [MESSAGE][PASSED] - Text ' ' is set on object 'Object Repository/RAD_Pages/AddressAndContactInfo_Page/input_zipCode'

2024-11-12 18:10:12 - [TEST_STEP][PASSED] - setText(findTestObject(orPath_AddressContact + "/input_phoneNumber"), " "): Text ' ' is set on object 'Object Repository/RAD_Pages/AddressAndContactInfo_Page/input_phoneNumber'

2024-11-12 18:10:13 - [MESSAGE][PASSED] - Text ' ' is set on object 'Object Repository/RAD_Pages/AddressAndContactInfo_Page/input_phoneNumber'

2024-11-12 18:10:13 - [TEST_STEP][PASSED] - setText(findTestObject(orPath_AddressContact + "/input_eMailAddress"), " "): Text ' ' is set on object 'Object Repository/RAD_Pages/AddressAndContactInfo_Page/input_eMailAddress'

2024-11-12 18:10:14 - [MESSAGE][PASSED] - Text ' ' is set on object 'Object Repository/RAD_Pages/AddressAndContactInfo_Page/input_eMailAddress'

2024-11-12 18:10:14 - [TEST_STEP][PASSED] - setText(findTestObject(orPath_AddressContact + "/input_reEnterEMailAddress"), " "): Text ' ' is set on object 'Object Repository/RAD_Pages/AddressAndContactInfo_Page/input_reEnterEMailAddress'

2024-11-12 18:10:15 - [MESSAGE][PASSED] - Text ' ' is set on object 'Object Repository/RAD_Pages/AddressAndContactInfo_Page/input_reEnterEMailAddress'

2024-11-12 18:10:15 - [TEST_STEP][PASSED] - resText = "Fail": null

2024-11-12 18:10:15 - [TEST_STEP][PASSED] - pages.WriteExcel.demoKey(resText, datText, resColumn, datCloumn, fileLoc, nameSheet, row): pages.WriteExcel.demoKey is PASSED

2024-11-12 18:10:15 - [MESSAGE][PASSED] - pages.WriteExcel.demoKey is PASSED

2024-11-12 18:10:15 - [TEST_STEP][PASSED] - verifyTextPresent("Enter business name", true, CONTINUE_ON_FAILURE): Text 'Enter business name' is present on page  using regular expression

2024-11-12 18:10:15 - [MESSAGE][PASSED] - Text 'Enter business name' is present on page  using regular expression

2024-11-12 18:10:15 - [TEST_STEP][PASSED] - verifyTextPresent("Enter business rep first name", true, CONTINUE_ON_FAILURE): Text 'Enter business rep first name' is present on page  using regular expression

2024-11-12 18:10:16 - [MESSAGE][PASSED] - Text 'Enter business rep first name' is present on page  using regular expression

2024-11-12 18:10:16 - [TEST_STEP][PASSED] - verifyTextPresent("Enter business rep last name", true, CONTINUE_ON_FAILURE): Text 'Enter business rep last name' is present on page  using regular expression

2024-11-12 18:10:16 - [MESSAGE][PASSED] - Text 'Enter business rep last name' is present on page  using regular expression

2024-11-12 18:10:16 - [TEST_STEP][PASSED] - verifyTextPresent("Enter address", true, CONTINUE_ON_FAILURE): Text 'Enter address' is present on page  using regular expression

2024-11-12 18:10:16 - [MESSAGE][PASSED] - Text 'Enter address' is present on page  using regular expression

2024-11-12 18:10:16 - [TEST_STEP][PASSED] - verifyTextPresent("Enter city", true, CONTINUE_ON_FAILURE): Text 'Enter city' is present on page  using regular expression

2024-11-12 18:10:17 - [MESSAGE][PASSED] - Text 'Enter city' is present on page  using regular expression

2024-11-12 18:10:17 - [TEST_STEP][PASSED] - verifyTextPresent("Enter ZIP code", true, CONTINUE_ON_FAILURE): Text 'Enter ZIP code' is present on page  using regular expression

2024-11-12 18:10:17 - [MESSAGE][PASSED] - Text 'Enter ZIP code' is present on page  using regular expression

2024-11-12 18:10:17 - [TEST_STEP][PASSED] - verifyTextPresent("Enter a valid phone number", true, CONTINUE_ON_FAILURE): Text 'Enter a valid phone number' is present on page  using regular expression

2024-11-12 18:10:17 - [MESSAGE][PASSED] - Text 'Enter a valid phone number' is present on page  using regular expression

2024-11-12 18:10:17 - [TEST_STEP][PASSED] - verifyTextPresent("Enter Email", true, CONTINUE_ON_FAILURE): Text 'Enter Email' is present on page  using regular expression

2024-11-12 18:10:18 - [MESSAGE][PASSED] - Text 'Enter Email' is present on page  using regular expression

2024-11-12 18:10:18 - [TEST_STEP][PASSED] - resText = "Pass": null

2024-11-12 18:10:18 - [TEST_STEP][PASSED] - pages.WriteExcel.demoKey(resText, datText, resColumn, datCloumn, fileLoc, nameSheet, row): pages.WriteExcel.demoKey is PASSED

2024-11-12 18:10:18 - [MESSAGE][PASSED] - pages.WriteExcel.demoKey is PASSED

2024-11-12 18:10:18 - [TEST_STEP][PASSED] - ExecuteTC = findTestData(dataFile).getValue("Execute", row): null

2024-11-12 18:10:18 - [TEST_STEP][PASSED] - TaxType = findTestData(dataFile).getValue("TaxType", row): null

2024-11-12 18:10:18 - [TEST_STEP][PASSED] - PaymentType = findTestData(dataFile).getValue("PaymentType", row): null

2024-11-12 18:10:18 - [TEST_STEP][PASSED] - FilingYear = findTestData(dataFile).getValue("Year", row): null

2024-11-12 18:10:18 - [TEST_STEP][PASSED] - PeriodEndingMonth = findTestData(dataFile).getValue("Month", row): null

2024-11-12 18:10:18 - [TEST_STEP][PASSED] - feinSSN = findTestData(dataFile).getValue("FeinSsn", row): null

2024-11-12 18:10:18 - [TEST_STEP][PASSED] - if (ExecuteTC.equalsIgnoreCase("Y")): pages.WriteExcel.demoKey is PASSED

2024-11-12 18:10:18 - [TEST_STEP][PASSED] - out.println("Begin Record Number: " + row): null

2024-11-12 18:10:18 - [TEST_STEP][PASSED] - today = new java.util.Date(): null

2024-11-12 18:10:18 - [TEST_STEP][PASSED] - println(today): null

2024-11-12 18:10:18 - [TEST_STEP][PASSED] - datText = today: null

2024-11-12 18:10:18 - [TEST_STEP][PASSED] - logInfo("Payment Type: Quarterly Estimated Tax"): Payment Type: Quarterly Estimated Tax

2024-11-12 18:10:18 - [MESSAGE][INFO] - Payment Type: Quarterly Estimated Tax

2024-11-12 18:10:18 - [TEST_STEP][PASSED] - logInfo("Tax Type: " + TaxType): Tax Type: PTE Non-Electing S Corp

2024-11-12 18:10:18 - [MESSAGE][INFO] - Tax Type: PTE Non-Electing S Corp

2024-11-12 18:10:18 - [TEST_STEP][PASSED] - openBrowser(""): Browser is opened with url: ''

2024-11-12 18:10:18 - [MESSAGE][WARNING] - A browser is already opened. Closing browser and opening a new one

2024-11-12 18:10:20 - [MESSAGE][INFO] - Starting 'Chrome' driver

2024-11-12 18:10:20 - [MESSAGE][INFO] - User set preference: ['acceptInsecureCerts', 'true']

2024-11-12 18:10:20 - [MESSAGE][INFO] - Action delay is set to 0 milliseconds

2024-11-12 18:10:22 - [MESSAGE][PASSED] - Browser is opened with url: ''

2024-11-12 18:10:22 - [TEST_STEP][PASSED] - maximizeWindow(): Current window maximized

2024-11-12 18:10:22 - [MESSAGE][PASSED] - Current window maximized

2024-11-12 18:10:22 - [TEST_STEP][PASSED] - navigateToUrl(RADurl): Navigate to 'https://www.velocitypayment.com/client/rad/index.html' successfully

2024-11-12 18:10:25 - [MESSAGE][PASSED] - Navigate to 'https://www.velocitypayment.com/client/rad/index.html' successfully

2024-11-12 18:10:25 - [TEST_STEP][PASSED] - selectOptionByLabel(findTestObject(orPath_Landing + "/dd_TaxType"), "Quarterly Estimated Tax", false): All options with label 'Quarterly Estimated Tax' are selected in object 'Object Repository/RAD_Pages/Landing_Page/dd_TaxType' 

2024-11-12 18:10:25 - [MESSAGE][PASSED] - All options with label 'Quarterly Estimated Tax' are selected in object 'Object Repository/RAD_Pages/Landing_Page/dd_TaxType' 

2024-11-12 18:10:25 - [TEST_STEP][PASSED] - selectOptionByLabel(findTestObject(orPath_TaxTypeFilingYear + "/select_PaymentType"), TaxType, false): All options with label 'PTE Non-Electing S Corp' are selected in object 'Object Repository/RAD_Pages/TaxTypeFilingYear_Page/select_PaymentType' 

2024-11-12 18:10:26 - [MESSAGE][PASSED] - All options with label 'PTE Non-Electing S Corp' are selected in object 'Object Repository/RAD_Pages/TaxTypeFilingYear_Page/select_PaymentType' 

2024-11-12 18:10:26 - [TEST_STEP][PASSED] - selectOptionByLabel(findTestObject(orPath_TaxTypeFilingYear + "/select_FilingYear"), FilingYear, false): All options with label '2024' are selected in object 'Object Repository/RAD_Pages/TaxTypeFilingYear_Page/select_FilingYear' 

2024-11-12 18:10:27 - [MESSAGE][PASSED] - All options with label '2024' are selected in object 'Object Repository/RAD_Pages/TaxTypeFilingYear_Page/select_FilingYear' 

2024-11-12 18:10:27 - [TEST_STEP][PASSED] - selectOptionByLabel(findTestObject(orPath_TaxTypeFilingYear + "/select_PeriodEnding"), PeriodEndingMonth, false): All options with label 'September' are selected in object 'Object Repository/RAD_Pages/TaxTypeFilingYear_Page/select_PeriodEnding' 

2024-11-12 18:10:27 - [MESSAGE][PASSED] - All options with label 'September' are selected in object 'Object Repository/RAD_Pages/TaxTypeFilingYear_Page/select_PeriodEnding' 

2024-11-12 18:10:27 - [TEST_STEP][PASSED] - setText(findTestObject(orPath_TaxPayer + "/input_businessName"), " "): Text ' ' is set on object 'Object Repository/RAD_Pages/Taxpayer_Page/input_businessName'

2024-11-12 18:10:28 - [MESSAGE][PASSED] - Text ' ' is set on object 'Object Repository/RAD_Pages/Taxpayer_Page/input_businessName'

2024-11-12 18:10:28 - [TEST_STEP][PASSED] - setText(findTestObject(orPath_TaxPayer + "/input_BusinessRepfirstName"), " "): Text ' ' is set on object 'Object Repository/RAD_Pages/Taxpayer_Page/input_BusinessRepfirstName'

2024-11-12 18:10:29 - [MESSAGE][PASSED] - Text ' ' is set on object 'Object Repository/RAD_Pages/Taxpayer_Page/input_BusinessRepfirstName'

2024-11-12 18:10:29 - [TEST_STEP][PASSED] - setText(findTestObject(orPath_TaxPayer + "/input_BusinessReplastName"), " "): Text ' ' is set on object 'Object Repository/RAD_Pages/Taxpayer_Page/input_BusinessReplastName'

2024-11-12 18:10:30 - [MESSAGE][PASSED] - Text ' ' is set on object 'Object Repository/RAD_Pages/Taxpayer_Page/input_BusinessReplastName'

2024-11-12 18:10:30 - [TEST_STEP][PASSED] - setText(findTestObject(orPath_AddressContact + "/input_streetAddress1"), " "): Text ' ' is set on object 'Object Repository/RAD_Pages/AddressAndContactInfo_Page/input_streetAddress1'

2024-11-12 18:10:30 - [MESSAGE][PASSED] - Text ' ' is set on object 'Object Repository/RAD_Pages/AddressAndContactInfo_Page/input_streetAddress1'

2024-11-12 18:10:30 - [TEST_STEP][PASSED] - setText(findTestObject(orPath_AddressContact + "/input_city"), " "): Text ' ' is set on object 'Object Repository/RAD_Pages/AddressAndContactInfo_Page/input_city'

2024-11-12 18:10:31 - [MESSAGE][PASSED] - Text ' ' is set on object 'Object Repository/RAD_Pages/AddressAndContactInfo_Page/input_city'

2024-11-12 18:10:31 - [TEST_STEP][PASSED] - setText(findTestObject(orPath_AddressContact + "/input_zipCode"), " "): Text ' ' is set on object 'Object Repository/RAD_Pages/AddressAndContactInfo_Page/input_zipCode'

2024-11-12 18:10:32 - [MESSAGE][PASSED] - Text ' ' is set on object 'Object Repository/RAD_Pages/AddressAndContactInfo_Page/input_zipCode'

2024-11-12 18:10:32 - [TEST_STEP][PASSED] - setText(findTestObject(orPath_AddressContact + "/input_phoneNumber"), " "): Text ' ' is set on object 'Object Repository/RAD_Pages/AddressAndContactInfo_Page/input_phoneNumber'

2024-11-12 18:10:33 - [MESSAGE][PASSED] - Text ' ' is set on object 'Object Repository/RAD_Pages/AddressAndContactInfo_Page/input_phoneNumber'

2024-11-12 18:10:33 - [TEST_STEP][PASSED] - setText(findTestObject(orPath_AddressContact + "/input_eMailAddress"), " "): Text ' ' is set on object 'Object Repository/RAD_Pages/AddressAndContactInfo_Page/input_eMailAddress'

2024-11-12 18:10:34 - [MESSAGE][PASSED] - Text ' ' is set on object 'Object Repository/RAD_Pages/AddressAndContactInfo_Page/input_eMailAddress'

2024-11-12 18:10:34 - [TEST_STEP][PASSED] - setText(findTestObject(orPath_AddressContact + "/input_reEnterEMailAddress"), " "): Text ' ' is set on object 'Object Repository/RAD_Pages/AddressAndContactInfo_Page/input_reEnterEMailAddress'

2024-11-12 18:10:35 - [MESSAGE][PASSED] - Text ' ' is set on object 'Object Repository/RAD_Pages/AddressAndContactInfo_Page/input_reEnterEMailAddress'

2024-11-12 18:10:35 - [TEST_STEP][PASSED] - resText = "Fail": null

2024-11-12 18:10:35 - [TEST_STEP][PASSED] - pages.WriteExcel.demoKey(resText, datText, resColumn, datCloumn, fileLoc, nameSheet, row): pages.WriteExcel.demoKey is PASSED

2024-11-12 18:10:35 - [MESSAGE][PASSED] - pages.WriteExcel.demoKey is PASSED

2024-11-12 18:10:35 - [TEST_STEP][PASSED] - verifyTextPresent("Enter business name", true, CONTINUE_ON_FAILURE): Text 'Enter business name' is present on page  using regular expression

2024-11-12 18:10:36 - [MESSAGE][PASSED] - Text 'Enter business name' is present on page  using regular expression

2024-11-12 18:10:36 - [TEST_STEP][PASSED] - verifyTextPresent("Enter business rep first name", true, CONTINUE_ON_FAILURE): Text 'Enter business rep first name' is present on page  using regular expression

2024-11-12 18:10:37 - [MESSAGE][PASSED] - Text 'Enter business rep first name' is present on page  using regular expression

2024-11-12 18:10:37 - [TEST_STEP][PASSED] - verifyTextPresent("Enter business rep last name", true, CONTINUE_ON_FAILURE): Text 'Enter business rep last name' is present on page  using regular expression

2024-11-12 18:10:37 - [MESSAGE][PASSED] - Text 'Enter business rep last name' is present on page  using regular expression

2024-11-12 18:10:37 - [TEST_STEP][PASSED] - verifyTextPresent("Enter address", true, CONTINUE_ON_FAILURE): Text 'Enter address' is present on page  using regular expression

2024-11-12 18:10:37 - [MESSAGE][PASSED] - Text 'Enter address' is present on page  using regular expression

2024-11-12 18:10:37 - [TEST_STEP][PASSED] - verifyTextPresent("Enter city", true, CONTINUE_ON_FAILURE): Text 'Enter city' is present on page  using regular expression

2024-11-12 18:10:38 - [MESSAGE][PASSED] - Text 'Enter city' is present on page  using regular expression

2024-11-12 18:10:38 - [TEST_STEP][PASSED] - verifyTextPresent("Enter ZIP code", true, CONTINUE_ON_FAILURE): Text 'Enter ZIP code' is present on page  using regular expression

2024-11-12 18:10:38 - [MESSAGE][PASSED] - Text 'Enter ZIP code' is present on page  using regular expression

2024-11-12 18:10:38 - [TEST_STEP][PASSED] - verifyTextPresent("Enter a valid phone number", true, CONTINUE_ON_FAILURE): Text 'Enter a valid phone number' is present on page  using regular expression

2024-11-12 18:10:39 - [MESSAGE][PASSED] - Text 'Enter a valid phone number' is present on page  using regular expression

2024-11-12 18:10:39 - [TEST_STEP][PASSED] - verifyTextPresent("Enter Email", true, CONTINUE_ON_FAILURE): Text 'Enter Email' is present on page  using regular expression

2024-11-12 18:10:39 - [MESSAGE][PASSED] - Text 'Enter Email' is present on page  using regular expression

2024-11-12 18:10:39 - [TEST_STEP][PASSED] - resText = "Pass": null

2024-11-12 18:10:39 - [TEST_STEP][PASSED] - pages.WriteExcel.demoKey(resText, datText, resColumn, datCloumn, fileLoc, nameSheet, row): pages.WriteExcel.demoKey is PASSED

2024-11-12 18:10:39 - [MESSAGE][PASSED] - pages.WriteExcel.demoKey is PASSED

2024-11-12 18:10:39 - [TEST_STEP][PASSED] - ExecuteTC = findTestData(dataFile).getValue("Execute", row): null

2024-11-12 18:10:40 - [TEST_STEP][PASSED] - TaxType = findTestData(dataFile).getValue("TaxType", row): null

2024-11-12 18:10:40 - [TEST_STEP][PASSED] - PaymentType = findTestData(dataFile).getValue("PaymentType", row): null

2024-11-12 18:10:40 - [TEST_STEP][PASSED] - FilingYear = findTestData(dataFile).getValue("Year", row): null

2024-11-12 18:10:40 - [TEST_STEP][PASSED] - PeriodEndingMonth = findTestData(dataFile).getValue("Month", row): null

2024-11-12 18:10:40 - [TEST_STEP][PASSED] - feinSSN = findTestData(dataFile).getValue("FeinSsn", row): null

2024-11-12 18:10:40 - [TEST_STEP][PASSED] - if (ExecuteTC.equalsIgnoreCase("Y")): pages.WriteExcel.demoKey is PASSED

2024-11-12 18:10:40 - [TEST_STEP][PASSED] - out.println("Begin Record Number: " + row): null

2024-11-12 18:10:40 - [TEST_STEP][PASSED] - today = new java.util.Date(): null

2024-11-12 18:10:40 - [TEST_STEP][PASSED] - println(today): null

2024-11-12 18:10:40 - [TEST_STEP][PASSED] - datText = today: null

2024-11-12 18:10:40 - [TEST_STEP][PASSED] - logInfo("Payment Type: Quarterly Estimated Tax"): Payment Type: Quarterly Estimated Tax

2024-11-12 18:10:40 - [MESSAGE][INFO] - Payment Type: Quarterly Estimated Tax

2024-11-12 18:10:40 - [TEST_STEP][PASSED] - logInfo("Tax Type: " + TaxType): Tax Type: PTE Tax Electing Non-S Corp

2024-11-12 18:10:40 - [MESSAGE][INFO] - Tax Type: PTE Tax Electing Non-S Corp

2024-11-12 18:10:40 - [TEST_STEP][PASSED] - openBrowser(""): Browser is opened with url: ''

2024-11-12 18:10:40 - [MESSAGE][WARNING] - A browser is already opened. Closing browser and opening a new one

2024-11-12 18:10:42 - [MESSAGE][INFO] - Starting 'Chrome' driver

2024-11-12 18:10:42 - [MESSAGE][INFO] - User set preference: ['acceptInsecureCerts', 'true']

2024-11-12 18:10:42 - [MESSAGE][INFO] - Action delay is set to 0 milliseconds

2024-11-12 18:10:44 - [MESSAGE][PASSED] - Browser is opened with url: ''

2024-11-12 18:10:44 - [TEST_STEP][PASSED] - maximizeWindow(): Current window maximized

2024-11-12 18:10:44 - [MESSAGE][PASSED] - Current window maximized

2024-11-12 18:10:44 - [TEST_STEP][PASSED] - navigateToUrl(RADurl): Navigate to 'https://www.velocitypayment.com/client/rad/index.html' successfully

2024-11-12 18:10:44 - [MESSAGE][PASSED] - Navigate to 'https://www.velocitypayment.com/client/rad/index.html' successfully

2024-11-12 18:10:44 - [TEST_STEP][PASSED] - selectOptionByLabel(findTestObject(orPath_Landing + "/dd_TaxType"), "Quarterly Estimated Tax", false): All options with label 'Quarterly Estimated Tax' are selected in object 'Object Repository/RAD_Pages/Landing_Page/dd_TaxType' 

2024-11-12 18:10:46 - [MESSAGE][PASSED] - All options with label 'Quarterly Estimated Tax' are selected in object 'Object Repository/RAD_Pages/Landing_Page/dd_TaxType' 

2024-11-12 18:10:46 - [TEST_STEP][PASSED] - selectOptionByLabel(findTestObject(orPath_TaxTypeFilingYear + "/select_PaymentType"), TaxType, false): All options with label 'PTE Tax Electing Non-S Corp' are selected in object 'Object Repository/RAD_Pages/TaxTypeFilingYear_Page/select_PaymentType' 

2024-11-12 18:10:47 - [MESSAGE][PASSED] - All options with label 'PTE Tax Electing Non-S Corp' are selected in object 'Object Repository/RAD_Pages/TaxTypeFilingYear_Page/select_PaymentType' 

2024-11-12 18:10:47 - [TEST_STEP][PASSED] - selectOptionByLabel(findTestObject(orPath_TaxTypeFilingYear + "/select_FilingYear"), FilingYear, false): All options with label '2024' are selected in object 'Object Repository/RAD_Pages/TaxTypeFilingYear_Page/select_FilingYear' 

2024-11-12 18:10:48 - [MESSAGE][PASSED] - All options with label '2024' are selected in object 'Object Repository/RAD_Pages/TaxTypeFilingYear_Page/select_FilingYear' 

2024-11-12 18:10:48 - [TEST_STEP][PASSED] - selectOptionByLabel(findTestObject(orPath_TaxTypeFilingYear + "/select_PeriodEnding"), PeriodEndingMonth, false): All options with label 'January' are selected in object 'Object Repository/RAD_Pages/TaxTypeFilingYear_Page/select_PeriodEnding' 

2024-11-12 18:10:49 - [MESSAGE][PASSED] - All options with label 'January' are selected in object 'Object Repository/RAD_Pages/TaxTypeFilingYear_Page/select_PeriodEnding' 

2024-11-12 18:10:49 - [TEST_STEP][PASSED] - setText(findTestObject(orPath_TaxPayer + "/input_businessName"), " "): Text ' ' is set on object 'Object Repository/RAD_Pages/Taxpayer_Page/input_businessName'

2024-11-12 18:10:49 - [MESSAGE][PASSED] - Text ' ' is set on object 'Object Repository/RAD_Pages/Taxpayer_Page/input_businessName'

2024-11-12 18:10:49 - [TEST_STEP][PASSED] - setText(findTestObject(orPath_TaxPayer + "/input_BusinessRepfirstName"), " "): Text ' ' is set on object 'Object Repository/RAD_Pages/Taxpayer_Page/input_BusinessRepfirstName'

2024-11-12 18:10:50 - [MESSAGE][PASSED] - Text ' ' is set on object 'Object Repository/RAD_Pages/Taxpayer_Page/input_BusinessRepfirstName'

2024-11-12 18:10:50 - [TEST_STEP][PASSED] - setText(findTestObject(orPath_TaxPayer + "/input_BusinessReplastName"), " "): Text ' ' is set on object 'Object Repository/RAD_Pages/Taxpayer_Page/input_BusinessReplastName'

2024-11-12 18:10:51 - [MESSAGE][PASSED] - Text ' ' is set on object 'Object Repository/RAD_Pages/Taxpayer_Page/input_BusinessReplastName'

2024-11-12 18:10:51 - [TEST_STEP][PASSED] - setText(findTestObject(orPath_AddressContact + "/input_streetAddress1"), " "): Text ' ' is set on object 'Object Repository/RAD_Pages/AddressAndContactInfo_Page/input_streetAddress1'

2024-11-12 18:10:52 - [MESSAGE][PASSED] - Text ' ' is set on object 'Object Repository/RAD_Pages/AddressAndContactInfo_Page/input_streetAddress1'

2024-11-12 18:10:52 - [TEST_STEP][PASSED] - setText(findTestObject(orPath_AddressContact + "/input_city"), " "): Text ' ' is set on object 'Object Repository/RAD_Pages/AddressAndContactInfo_Page/input_city'

2024-11-12 18:10:53 - [MESSAGE][PASSED] - Text ' ' is set on object 'Object Repository/RAD_Pages/AddressAndContactInfo_Page/input_city'

2024-11-12 18:10:53 - [TEST_STEP][PASSED] - setText(findTestObject(orPath_AddressContact + "/input_zipCode"), " "): Text ' ' is set on object 'Object Repository/RAD_Pages/AddressAndContactInfo_Page/input_zipCode'

2024-11-12 18:10:54 - [MESSAGE][PASSED] - Text ' ' is set on object 'Object Repository/RAD_Pages/AddressAndContactInfo_Page/input_zipCode'

2024-11-12 18:10:54 - [TEST_STEP][PASSED] - setText(findTestObject(orPath_AddressContact + "/input_phoneNumber"), " "): Text ' ' is set on object 'Object Repository/RAD_Pages/AddressAndContactInfo_Page/input_phoneNumber'

2024-11-12 18:10:55 - [MESSAGE][PASSED] - Text ' ' is set on object 'Object Repository/RAD_Pages/AddressAndContactInfo_Page/input_phoneNumber'

2024-11-12 18:10:55 - [TEST_STEP][PASSED] - setText(findTestObject(orPath_AddressContact + "/input_eMailAddress"), " "): Text ' ' is set on object 'Object Repository/RAD_Pages/AddressAndContactInfo_Page/input_eMailAddress'

2024-11-12 18:10:56 - [MESSAGE][PASSED] - Text ' ' is set on object 'Object Repository/RAD_Pages/AddressAndContactInfo_Page/input_eMailAddress'

2024-11-12 18:10:56 - [TEST_STEP][PASSED] - setText(findTestObject(orPath_AddressContact + "/input_reEnterEMailAddress"), " "): Text ' ' is set on object 'Object Repository/RAD_Pages/AddressAndContactInfo_Page/input_reEnterEMailAddress'

2024-11-12 18:10:56 - [MESSAGE][PASSED] - Text ' ' is set on object 'Object Repository/RAD_Pages/AddressAndContactInfo_Page/input_reEnterEMailAddress'

2024-11-12 18:10:56 - [TEST_STEP][PASSED] - resText = "Fail": null

2024-11-12 18:10:56 - [TEST_STEP][PASSED] - pages.WriteExcel.demoKey(resText, datText, resColumn, datCloumn, fileLoc, nameSheet, row): pages.WriteExcel.demoKey is PASSED

2024-11-12 18:10:57 - [MESSAGE][PASSED] - pages.WriteExcel.demoKey is PASSED

2024-11-12 18:10:57 - [TEST_STEP][PASSED] - verifyTextPresent("Enter business name", true, CONTINUE_ON_FAILURE): Text 'Enter business name' is present on page  using regular expression

2024-11-12 18:10:57 - [MESSAGE][PASSED] - Text 'Enter business name' is present on page  using regular expression

2024-11-12 18:10:57 - [TEST_STEP][PASSED] - verifyTextPresent("Enter business rep first name", true, CONTINUE_ON_FAILURE): Text 'Enter business rep first name' is present on page  using regular expression

2024-11-12 18:10:57 - [MESSAGE][PASSED] - Text 'Enter business rep first name' is present on page  using regular expression

2024-11-12 18:10:57 - [TEST_STEP][PASSED] - verifyTextPresent("Enter business rep last name", true, CONTINUE_ON_FAILURE): Text 'Enter business rep last name' is present on page  using regular expression

2024-11-12 18:10:58 - [MESSAGE][PASSED] - Text 'Enter business rep last name' is present on page  using regular expression

2024-11-12 18:10:58 - [TEST_STEP][PASSED] - verifyTextPresent("Enter address", true, CONTINUE_ON_FAILURE): Text 'Enter address' is present on page  using regular expression

2024-11-12 18:10:58 - [MESSAGE][PASSED] - Text 'Enter address' is present on page  using regular expression

2024-11-12 18:10:58 - [TEST_STEP][PASSED] - verifyTextPresent("Enter city", true, CONTINUE_ON_FAILURE): Text 'Enter city' is present on page  using regular expression

2024-11-12 18:10:58 - [MESSAGE][PASSED] - Text 'Enter city' is present on page  using regular expression

2024-11-12 18:10:58 - [TEST_STEP][PASSED] - verifyTextPresent("Enter ZIP code", true, CONTINUE_ON_FAILURE): Text 'Enter ZIP code' is present on page  using regular expression

2024-11-12 18:10:59 - [MESSAGE][PASSED] - Text 'Enter ZIP code' is present on page  using regular expression

2024-11-12 18:10:59 - [TEST_STEP][PASSED] - verifyTextPresent("Enter a valid phone number", true, CONTINUE_ON_FAILURE): Text 'Enter a valid phone number' is present on page  using regular expression

2024-11-12 18:10:59 - [MESSAGE][PASSED] - Text 'Enter a valid phone number' is present on page  using regular expression

2024-11-12 18:10:59 - [TEST_STEP][PASSED] - verifyTextPresent("Enter Email", true, CONTINUE_ON_FAILURE): Text 'Enter Email' is present on page  using regular expression

2024-11-12 18:10:59 - [MESSAGE][PASSED] - Text 'Enter Email' is present on page  using regular expression

2024-11-12 18:10:59 - [TEST_STEP][PASSED] - resText = "Pass": null

2024-11-12 18:10:59 - [TEST_STEP][PASSED] - pages.WriteExcel.demoKey(resText, datText, resColumn, datCloumn, fileLoc, nameSheet, row): pages.WriteExcel.demoKey is PASSED

2024-11-12 18:10:59 - [MESSAGE][PASSED] - pages.WriteExcel.demoKey is PASSED

2024-11-12 18:10:59 - [TEST_STEP][PASSED] - ExecuteTC = findTestData(dataFile).getValue("Execute", row): null

2024-11-12 18:10:59 - [TEST_STEP][PASSED] - TaxType = findTestData(dataFile).getValue("TaxType", row): null

2024-11-12 18:11:00 - [TEST_STEP][PASSED] - PaymentType = findTestData(dataFile).getValue("PaymentType", row): null

2024-11-12 18:11:00 - [TEST_STEP][PASSED] - FilingYear = findTestData(dataFile).getValue("Year", row): null

2024-11-12 18:11:00 - [TEST_STEP][PASSED] - PeriodEndingMonth = findTestData(dataFile).getValue("Month", row): null

2024-11-12 18:11:00 - [TEST_STEP][PASSED] - feinSSN = findTestData(dataFile).getValue("FeinSsn", row): null

2024-11-12 18:11:00 - [TEST_STEP][PASSED] - if (ExecuteTC.equalsIgnoreCase("Y")): pages.WriteExcel.demoKey is PASSED

2024-11-12 18:11:00 - [TEST_STEP][PASSED] - out.println("Begin Record Number: " + row): null

2024-11-12 18:11:00 - [TEST_STEP][PASSED] - today = new java.util.Date(): null

2024-11-12 18:11:00 - [TEST_STEP][PASSED] - println(today): null

2024-11-12 18:11:00 - [TEST_STEP][PASSED] - datText = today: null

2024-11-12 18:11:00 - [TEST_STEP][PASSED] - logInfo("Payment Type: Quarterly Estimated Tax"): Payment Type: Quarterly Estimated Tax

2024-11-12 18:11:00 - [MESSAGE][INFO] - Payment Type: Quarterly Estimated Tax

2024-11-12 18:11:00 - [TEST_STEP][PASSED] - logInfo("Tax Type: " + TaxType): Tax Type: PTE Tax Electing S Corp

2024-11-12 18:11:00 - [MESSAGE][INFO] - Tax Type: PTE Tax Electing S Corp

2024-11-12 18:11:00 - [TEST_STEP][PASSED] - openBrowser(""): Browser is opened with url: ''

2024-11-12 18:11:00 - [MESSAGE][WARNING] - A browser is already opened. Closing browser and opening a new one

2024-11-12 18:11:01 - [MESSAGE][INFO] - Starting 'Chrome' driver

2024-11-12 18:11:01 - [MESSAGE][INFO] - User set preference: ['acceptInsecureCerts', 'true']

2024-11-12 18:11:01 - [MESSAGE][INFO] - Action delay is set to 0 milliseconds

2024-11-12 18:11:03 - [MESSAGE][PASSED] - Browser is opened with url: ''

2024-11-12 18:11:03 - [TEST_STEP][PASSED] - maximizeWindow(): Current window maximized

2024-11-12 18:11:03 - [MESSAGE][PASSED] - Current window maximized

2024-11-12 18:11:03 - [TEST_STEP][PASSED] - navigateToUrl(RADurl): Navigate to 'https://www.velocitypayment.com/client/rad/index.html' successfully

2024-11-12 18:11:03 - [MESSAGE][PASSED] - Navigate to 'https://www.velocitypayment.com/client/rad/index.html' successfully

2024-11-12 18:11:03 - [TEST_STEP][PASSED] - selectOptionByLabel(findTestObject(orPath_Landing + "/dd_TaxType"), "Quarterly Estimated Tax", false): All options with label 'Quarterly Estimated Tax' are selected in object 'Object Repository/RAD_Pages/Landing_Page/dd_TaxType' 

2024-11-12 18:11:06 - [MESSAGE][PASSED] - All options with label 'Quarterly Estimated Tax' are selected in object 'Object Repository/RAD_Pages/Landing_Page/dd_TaxType' 

2024-11-12 18:11:06 - [TEST_STEP][PASSED] - selectOptionByLabel(findTestObject(orPath_TaxTypeFilingYear + "/select_PaymentType"), TaxType, false): All options with label 'PTE Tax Electing S Corp' are selected in object 'Object Repository/RAD_Pages/TaxTypeFilingYear_Page/select_PaymentType' 

2024-11-12 18:11:06 - [MESSAGE][PASSED] - All options with label 'PTE Tax Electing S Corp' are selected in object 'Object Repository/RAD_Pages/TaxTypeFilingYear_Page/select_PaymentType' 

2024-11-12 18:11:06 - [TEST_STEP][PASSED] - selectOptionByLabel(findTestObject(orPath_TaxTypeFilingYear + "/select_FilingYear"), FilingYear, false): All options with label '2024' are selected in object 'Object Repository/RAD_Pages/TaxTypeFilingYear_Page/select_FilingYear' 

2024-11-12 18:11:07 - [MESSAGE][PASSED] - All options with label '2024' are selected in object 'Object Repository/RAD_Pages/TaxTypeFilingYear_Page/select_FilingYear' 

2024-11-12 18:11:07 - [TEST_STEP][PASSED] - selectOptionByLabel(findTestObject(orPath_TaxTypeFilingYear + "/select_PeriodEnding"), PeriodEndingMonth, false): All options with label 'December' are selected in object 'Object Repository/RAD_Pages/TaxTypeFilingYear_Page/select_PeriodEnding' 

2024-11-12 18:11:08 - [MESSAGE][PASSED] - All options with label 'December' are selected in object 'Object Repository/RAD_Pages/TaxTypeFilingYear_Page/select_PeriodEnding' 

2024-11-12 18:11:08 - [TEST_STEP][PASSED] - setText(findTestObject(orPath_TaxPayer + "/input_businessName"), " "): Text ' ' is set on object 'Object Repository/RAD_Pages/Taxpayer_Page/input_businessName'

2024-11-12 18:11:09 - [MESSAGE][PASSED] - Text ' ' is set on object 'Object Repository/RAD_Pages/Taxpayer_Page/input_businessName'

2024-11-12 18:11:09 - [TEST_STEP][PASSED] - setText(findTestObject(orPath_TaxPayer + "/input_BusinessRepfirstName"), " "): Text ' ' is set on object 'Object Repository/RAD_Pages/Taxpayer_Page/input_BusinessRepfirstName'

2024-11-12 18:11:09 - [MESSAGE][PASSED] - Text ' ' is set on object 'Object Repository/RAD_Pages/Taxpayer_Page/input_BusinessRepfirstName'

2024-11-12 18:11:09 - [TEST_STEP][PASSED] - setText(findTestObject(orPath_TaxPayer + "/input_BusinessReplastName"), " "): Text ' ' is set on object 'Object Repository/RAD_Pages/Taxpayer_Page/input_BusinessReplastName'

2024-11-12 18:11:10 - [MESSAGE][PASSED] - Text ' ' is set on object 'Object Repository/RAD_Pages/Taxpayer_Page/input_BusinessReplastName'

2024-11-12 18:11:10 - [TEST_STEP][PASSED] - setText(findTestObject(orPath_AddressContact + "/input_streetAddress1"), " "): Text ' ' is set on object 'Object Repository/RAD_Pages/AddressAndContactInfo_Page/input_streetAddress1'

2024-11-12 18:11:11 - [MESSAGE][PASSED] - Text ' ' is set on object 'Object Repository/RAD_Pages/AddressAndContactInfo_Page/input_streetAddress1'

2024-11-12 18:11:11 - [TEST_STEP][PASSED] - setText(findTestObject(orPath_AddressContact + "/input_city"), " "): Text ' ' is set on object 'Object Repository/RAD_Pages/AddressAndContactInfo_Page/input_city'

2024-11-12 18:11:12 - [MESSAGE][PASSED] - Text ' ' is set on object 'Object Repository/RAD_Pages/AddressAndContactInfo_Page/input_city'

2024-11-12 18:11:12 - [TEST_STEP][PASSED] - setText(findTestObject(orPath_AddressContact + "/input_zipCode"), " "): Text ' ' is set on object 'Object Repository/RAD_Pages/AddressAndContactInfo_Page/input_zipCode'

2024-11-12 18:11:12 - [MESSAGE][PASSED] - Text ' ' is set on object 'Object Repository/RAD_Pages/AddressAndContactInfo_Page/input_zipCode'

2024-11-12 18:11:12 - [TEST_STEP][PASSED] - setText(findTestObject(orPath_AddressContact + "/input_phoneNumber"), " "): Text ' ' is set on object 'Object Repository/RAD_Pages/AddressAndContactInfo_Page/input_phoneNumber'

2024-11-12 18:11:13 - [MESSAGE][PASSED] - Text ' ' is set on object 'Object Repository/RAD_Pages/AddressAndContactInfo_Page/input_phoneNumber'

2024-11-12 18:11:13 - [TEST_STEP][PASSED] - setText(findTestObject(orPath_AddressContact + "/input_eMailAddress"), " "): Text ' ' is set on object 'Object Repository/RAD_Pages/AddressAndContactInfo_Page/input_eMailAddress'

2024-11-12 18:11:14 - [MESSAGE][PASSED] - Text ' ' is set on object 'Object Repository/RAD_Pages/AddressAndContactInfo_Page/input_eMailAddress'

2024-11-12 18:11:14 - [TEST_STEP][PASSED] - setText(findTestObject(orPath_AddressContact + "/input_reEnterEMailAddress"), " "): Text ' ' is set on object 'Object Repository/RAD_Pages/AddressAndContactInfo_Page/input_reEnterEMailAddress'

2024-11-12 18:11:15 - [MESSAGE][PASSED] - Text ' ' is set on object 'Object Repository/RAD_Pages/AddressAndContactInfo_Page/input_reEnterEMailAddress'

2024-11-12 18:11:15 - [TEST_STEP][PASSED] - resText = "Fail": null

2024-11-12 18:11:15 - [TEST_STEP][PASSED] - pages.WriteExcel.demoKey(resText, datText, resColumn, datCloumn, fileLoc, nameSheet, row): pages.WriteExcel.demoKey is PASSED

2024-11-12 18:11:15 - [MESSAGE][PASSED] - pages.WriteExcel.demoKey is PASSED

2024-11-12 18:11:15 - [TEST_STEP][PASSED] - verifyTextPresent("Enter business name", true, CONTINUE_ON_FAILURE): Text 'Enter business name' is present on page  using regular expression

2024-11-12 18:11:16 - [MESSAGE][PASSED] - Text 'Enter business name' is present on page  using regular expression

2024-11-12 18:11:16 - [TEST_STEP][PASSED] - verifyTextPresent("Enter business rep first name", true, CONTINUE_ON_FAILURE): Text 'Enter business rep first name' is present on page  using regular expression

2024-11-12 18:11:16 - [MESSAGE][PASSED] - Text 'Enter business rep first name' is present on page  using regular expression

2024-11-12 18:11:16 - [TEST_STEP][PASSED] - verifyTextPresent("Enter business rep last name", true, CONTINUE_ON_FAILURE): Text 'Enter business rep last name' is present on page  using regular expression

2024-11-12 18:11:16 - [MESSAGE][PASSED] - Text 'Enter business rep last name' is present on page  using regular expression

2024-11-12 18:11:16 - [TEST_STEP][PASSED] - verifyTextPresent("Enter address", true, CONTINUE_ON_FAILURE): Text 'Enter address' is present on page  using regular expression

2024-11-12 18:11:17 - [MESSAGE][PASSED] - Text 'Enter address' is present on page  using regular expression

2024-11-12 18:11:17 - [TEST_STEP][PASSED] - verifyTextPresent("Enter city", true, CONTINUE_ON_FAILURE): Text 'Enter city' is present on page  using regular expression

2024-11-12 18:11:17 - [MESSAGE][PASSED] - Text 'Enter city' is present on page  using regular expression

2024-11-12 18:11:17 - [TEST_STEP][PASSED] - verifyTextPresent("Enter ZIP code", true, CONTINUE_ON_FAILURE): Text 'Enter ZIP code' is present on page  using regular expression

2024-11-12 18:11:17 - [MESSAGE][PASSED] - Text 'Enter ZIP code' is present on page  using regular expression

2024-11-12 18:11:17 - [TEST_STEP][PASSED] - verifyTextPresent("Enter a valid phone number", true, CONTINUE_ON_FAILURE): Text 'Enter a valid phone number' is present on page  using regular expression

2024-11-12 18:11:18 - [MESSAGE][PASSED] - Text 'Enter a valid phone number' is present on page  using regular expression

2024-11-12 18:11:18 - [TEST_STEP][PASSED] - verifyTextPresent("Enter Email", true, CONTINUE_ON_FAILURE): Text 'Enter Email' is present on page  using regular expression

2024-11-12 18:11:18 - [MESSAGE][PASSED] - Text 'Enter Email' is present on page  using regular expression

2024-11-12 18:11:18 - [TEST_STEP][PASSED] - resText = "Pass": null

2024-11-12 18:11:18 - [TEST_STEP][PASSED] - pages.WriteExcel.demoKey(resText, datText, resColumn, datCloumn, fileLoc, nameSheet, row): pages.WriteExcel.demoKey is PASSED

2024-11-12 18:11:18 - [MESSAGE][PASSED] - pages.WriteExcel.demoKey is PASSED]]></system-out>
         <system-err><![CDATA[]]></system-err>
      </testcase>
      <testcase name="Test Cases/RAD_TestCases/MRF_TestCases/Existing_MRF_TC" time="358.867" classname="Test Cases/RAD_TestCases/MRF_TestCases/Existing_MRF_TC" status="PASSED">
         <system-out><![CDATA[2024-11-12 18:11:18 - [TEST_CASE][PASSED] - Test Cases/RAD_TestCases/MRF_TestCases/Existing_MRF_TC: Test Cases/RAD_TestCases/MRF_TestCases/Existing_MRF_TC

2024-11-12 18:11:19 - [TEST_STEP][PASSED] - resText = "Fail": null

2024-11-12 18:11:19 - [TEST_STEP][PASSED] - resColumn = "Result": null

2024-11-12 18:11:19 - [TEST_STEP][PASSED] - datCloumn = "Date": null

2024-11-12 18:11:19 - [TEST_STEP][PASSED] - fileLoc = "KatalonData/RADTestData/MRF.xlsx": null

2024-11-12 18:11:19 - [TEST_STEP][PASSED] - nameSheet = "Existing": null

2024-11-12 18:11:19 - [TEST_STEP][PASSED] - dataFile = "RADTestData/MRF_Existing": null

2024-11-12 18:11:19 - [TEST_STEP][PASSED] - orPath_Landing = "Object Repository/RAD_Pages/Landing_Page": null

2024-11-12 18:11:19 - [TEST_STEP][PASSED] - orPath_TaxTypeFilingYear = "Object Repository/RAD_Pages/TaxTypeFilingYear_Page": null

2024-11-12 18:11:19 - [TEST_STEP][PASSED] - orPath_Amount = "Object Repository/RAD_Pages/PaymentAmount_Page": null

2024-11-12 18:11:19 - [TEST_STEP][PASSED] - orPath_AddressContact = "Object Repository/RAD_Pages/AddressAndContactInfo_Page": null

2024-11-12 18:11:19 - [TEST_STEP][PASSED] - orPath_Summary = "Object Repository/RAD_Pages/Summary_Page": null

2024-11-12 18:11:19 - [TEST_STEP][PASSED] - orPath_PaymentConfirmation = "Object Repository/RAD_Pages/PaymentConfirmation_Page": null

2024-11-12 18:11:19 - [TEST_STEP][PASSED] - orPath_ServiceFeesAccept = "Object Repository/RAD_Pages/ServiceFeeAccept_Page": null

2024-11-12 18:11:19 - [TEST_STEP][PASSED] - orPath_PaymentEntry = "Object Repository/RAD_Pages/PaymentEntry_Page": null

2024-11-12 18:11:19 - [TEST_STEP][PASSED] - orPath_TaxInfo = "Object Repository/RAD_Pages/TaxInfo_Page": null

2024-11-12 18:11:19 - [TEST_STEP][PASSED] - orPath_TaxPayer = "Object Repository/RAD_Pages/Taxpayer_Page": null

2024-11-12 18:11:19 - [TEST_STEP][PASSED] - orPath_FilingStatus = "Object Repository/RAD_Pages/FilingStatus_Page": null

2024-11-12 18:11:19 - [TEST_STEP][PASSED] - ExecuteTC = <not implemented yet for class: org.codehaus.groovy.ast.expr.EmptyExpression>: null

2024-11-12 18:11:19 - [TEST_STEP][PASSED] - TaxType = <not implemented yet for class: org.codehaus.groovy.ast.expr.EmptyExpression>: null

2024-11-12 18:11:19 - [TEST_STEP][PASSED] - PaymentType = <not implemented yet for class: org.codehaus.groovy.ast.expr.EmptyExpression>: null

2024-11-12 18:11:19 - [TEST_STEP][PASSED] - FilingYear = <not implemented yet for class: org.codehaus.groovy.ast.expr.EmptyExpression>: null

2024-11-12 18:11:19 - [TEST_STEP][PASSED] - PeriodEndingMonth = <not implemented yet for class: org.codehaus.groovy.ast.expr.EmptyExpression>: null

2024-11-12 18:11:19 - [TEST_STEP][PASSED] - feinSsn = <not implemented yet for class: org.codehaus.groovy.ast.expr.EmptyExpression>: null

2024-11-12 18:11:19 - [TEST_STEP][PASSED] - MFLicNum = <not implemented yet for class: org.codehaus.groovy.ast.expr.EmptyExpression>: null

2024-11-12 18:11:19 - [TEST_STEP][PASSED] - isRequiredTextPresent = true: null

2024-11-12 18:11:19 - [TEST_STEP][PASSED] - numOfRows = findTestData(dataFile).getRowNumbers(): null

2024-11-12 18:11:19 - [TEST_STEP][PASSED] - println("Number of Records: " + numOfRows): null

2024-11-12 18:11:19 - [TEST_STEP][PASSED] - for ([row = 1, row <= numOfRows, (row++)]): pages.WriteExcel.demoKey is PASSED

2024-11-12 18:11:19 - [TEST_STEP][PASSED] - ExecuteTC = findTestData(dataFile).getValue("Execute", row): null

2024-11-12 18:11:19 - [TEST_STEP][PASSED] - TaxType = findTestData(dataFile).getValue("TaxType", row): null

2024-11-12 18:11:19 - [TEST_STEP][PASSED] - PaymentType = findTestData(dataFile).getValue("PaymentType", row): null

2024-11-12 18:11:19 - [TEST_STEP][PASSED] - feinSsn = findTestData(dataFile).getValue("FEINSSN", row): null

2024-11-12 18:11:19 - [TEST_STEP][PASSED] - CRN = findTestData(dataFile).getValue("CRN", row): null

2024-11-12 18:11:19 - [TEST_STEP][PASSED] - MFLicNum = findTestData(dataFile).getValue("MFLicNum", row): null

2024-11-12 18:11:19 - [TEST_STEP][PASSED] - if (ExecuteTC.equalsIgnoreCase("Y")): pages.WriteExcel.demoKey is PASSED

2024-11-12 18:11:19 - [TEST_STEP][PASSED] - out.println("Begin Record Number: " + row): null

2024-11-12 18:11:19 - [TEST_STEP][PASSED] - today = new java.util.Date(): null

2024-11-12 18:11:19 - [TEST_STEP][PASSED] - println(today): null

2024-11-12 18:11:19 - [TEST_STEP][PASSED] - datText = today: null

2024-11-12 18:11:19 - [TEST_STEP][PASSED] - logInfo("Payment Type: Existing Liability with Notice/Invoice Number"): Payment Type: Existing Liability with Notice/Invoice Number

2024-11-12 18:11:19 - [MESSAGE][INFO] - Payment Type: Existing Liability with Notice/Invoice Number

2024-11-12 18:11:19 - [TEST_STEP][PASSED] - logInfo("Tax Type: " + TaxType): Tax Type: Bay Restoration Fee

2024-11-12 18:11:19 - [MESSAGE][INFO] - Tax Type: Bay Restoration Fee

2024-11-12 18:11:19 - [TEST_STEP][PASSED] - openBrowser(""): Browser is opened with url: ''

2024-11-12 18:11:19 - [MESSAGE][WARNING] - A browser is already opened. Closing browser and opening a new one

2024-11-12 18:11:22 - [MESSAGE][INFO] - Starting 'Chrome' driver

2024-11-12 18:11:22 - [MESSAGE][INFO] - User set preference: ['acceptInsecureCerts', 'true']

2024-11-12 18:11:22 - [MESSAGE][INFO] - Action delay is set to 0 milliseconds

2024-11-12 18:11:24 - [MESSAGE][PASSED] - Browser is opened with url: ''

2024-11-12 18:11:24 - [TEST_STEP][PASSED] - maximizeWindow(): Current window maximized

2024-11-12 18:11:24 - [MESSAGE][PASSED] - Current window maximized

2024-11-12 18:11:24 - [TEST_STEP][PASSED] - navigateToUrl(RADurl): Navigate to 'https://www.velocitypayment.com/client/rad/index.html' successfully

2024-11-12 18:11:26 - [MESSAGE][PASSED] - Navigate to 'https://www.velocitypayment.com/client/rad/index.html' successfully

2024-11-12 18:11:26 - [TEST_STEP][PASSED] - selectOptionByLabel(findTestObject(orPath_Landing + "/dd_TaxType"), "Existing Liability with Notice/Invoice Number", false): All options with label 'Existing Liability with Notice/Invoice Number' are selected in object 'Object Repository/RAD_Pages/Landing_Page/dd_TaxType' 

2024-11-12 18:11:26 - [MESSAGE][PASSED] - All options with label 'Existing Liability with Notice/Invoice Number' are selected in object 'Object Repository/RAD_Pages/Landing_Page/dd_TaxType' 

2024-11-12 18:11:26 - [TEST_STEP][PASSED] - selectOptionByLabel(findTestObject(orPath_TaxTypeFilingYear + "/select_TaxType_ExistingLiability"), TaxType, false): All options with label 'Bay Restoration Fee' are selected in object 'Object Repository/RAD_Pages/TaxTypeFilingYear_Page/select_TaxType_ExistingLiability' 

2024-11-12 18:11:27 - [MESSAGE][PASSED] - All options with label 'Bay Restoration Fee' are selected in object 'Object Repository/RAD_Pages/TaxTypeFilingYear_Page/select_TaxType_ExistingLiability' 

2024-11-12 18:11:27 - [TEST_STEP][PASSED] - setText(findTestObject(orPath_TaxPayer + "/input_businessName"), " "): Text ' ' is set on object 'Object Repository/RAD_Pages/Taxpayer_Page/input_businessName'

2024-11-12 18:11:28 - [MESSAGE][PASSED] - Text ' ' is set on object 'Object Repository/RAD_Pages/Taxpayer_Page/input_businessName'

2024-11-12 18:11:28 - [TEST_STEP][PASSED] - setText(findTestObject(orPath_TaxPayer + "/input_BusinessRepfirstName"), " "): Text ' ' is set on object 'Object Repository/RAD_Pages/Taxpayer_Page/input_BusinessRepfirstName'

2024-11-12 18:11:29 - [MESSAGE][PASSED] - Text ' ' is set on object 'Object Repository/RAD_Pages/Taxpayer_Page/input_BusinessRepfirstName'

2024-11-12 18:11:29 - [TEST_STEP][PASSED] - setText(findTestObject(orPath_TaxPayer + "/input_BusinessReplastName"), " "): Text ' ' is set on object 'Object Repository/RAD_Pages/Taxpayer_Page/input_BusinessReplastName'

2024-11-12 18:11:29 - [MESSAGE][PASSED] - Text ' ' is set on object 'Object Repository/RAD_Pages/Taxpayer_Page/input_BusinessReplastName'

2024-11-12 18:11:29 - [TEST_STEP][PASSED] - setText(findTestObject(orPath_AddressContact + "/input_streetAddress1"), " "): Text ' ' is set on object 'Object Repository/RAD_Pages/AddressAndContactInfo_Page/input_streetAddress1'

2024-11-12 18:11:30 - [MESSAGE][PASSED] - Text ' ' is set on object 'Object Repository/RAD_Pages/AddressAndContactInfo_Page/input_streetAddress1'

2024-11-12 18:11:30 - [TEST_STEP][PASSED] - setText(findTestObject(orPath_AddressContact + "/input_city"), " "): Text ' ' is set on object 'Object Repository/RAD_Pages/AddressAndContactInfo_Page/input_city'

2024-11-12 18:11:31 - [MESSAGE][PASSED] - Text ' ' is set on object 'Object Repository/RAD_Pages/AddressAndContactInfo_Page/input_city'

2024-11-12 18:11:31 - [TEST_STEP][PASSED] - setText(findTestObject(orPath_AddressContact + "/input_zipCode"), " "): Text ' ' is set on object 'Object Repository/RAD_Pages/AddressAndContactInfo_Page/input_zipCode'

2024-11-12 18:11:32 - [MESSAGE][PASSED] - Text ' ' is set on object 'Object Repository/RAD_Pages/AddressAndContactInfo_Page/input_zipCode'

2024-11-12 18:11:32 - [TEST_STEP][PASSED] - setText(findTestObject(orPath_AddressContact + "/input_phoneNumber"), " "): Text ' ' is set on object 'Object Repository/RAD_Pages/AddressAndContactInfo_Page/input_phoneNumber'

2024-11-12 18:11:32 - [MESSAGE][PASSED] - Text ' ' is set on object 'Object Repository/RAD_Pages/AddressAndContactInfo_Page/input_phoneNumber'

2024-11-12 18:11:32 - [TEST_STEP][PASSED] - setText(findTestObject(orPath_AddressContact + "/input_eMailAddress"), " "): Text ' ' is set on object 'Object Repository/RAD_Pages/AddressAndContactInfo_Page/input_eMailAddress'

2024-11-12 18:11:33 - [MESSAGE][PASSED] - Text ' ' is set on object 'Object Repository/RAD_Pages/AddressAndContactInfo_Page/input_eMailAddress'

2024-11-12 18:11:33 - [TEST_STEP][PASSED] - setText(findTestObject(orPath_AddressContact + "/input_reEnterEMailAddress"), " "): Text ' ' is set on object 'Object Repository/RAD_Pages/AddressAndContactInfo_Page/input_reEnterEMailAddress'

2024-11-12 18:11:34 - [MESSAGE][PASSED] - Text ' ' is set on object 'Object Repository/RAD_Pages/AddressAndContactInfo_Page/input_reEnterEMailAddress'

2024-11-12 18:11:34 - [TEST_STEP][PASSED] - if (TaxType.equalsIgnoreCase("Estate Tax")): null

2024-11-12 18:11:34 - [TEST_STEP][PASSED] - setText(findTestObject(orPath_Amount + "/input__paymentAmount"), ""): Text '' is set on object 'Object Repository/RAD_Pages/PaymentAmount_Page/input__paymentAmount'

2024-11-12 18:11:35 - [MESSAGE][PASSED] - Text '' is set on object 'Object Repository/RAD_Pages/PaymentAmount_Page/input__paymentAmount'

2024-11-12 18:11:35 - [TEST_STEP][PASSED] - resText = "Fail": null

2024-11-12 18:11:35 - [TEST_STEP][PASSED] - pages.WriteExcel.demoKey(resText, datText, resColumn, datCloumn, fileLoc, nameSheet, row): pages.WriteExcel.demoKey is PASSED

2024-11-12 18:11:36 - [MESSAGE][PASSED] - pages.WriteExcel.demoKey is PASSED

2024-11-12 18:11:36 - [TEST_STEP][PASSED] - verifyTextPresent("Enter business name", true, CONTINUE_ON_FAILURE): Text 'Enter business name' is present on page  using regular expression

2024-11-12 18:11:36 - [MESSAGE][PASSED] - Text 'Enter business name' is present on page  using regular expression

2024-11-12 18:11:36 - [TEST_STEP][PASSED] - verifyTextPresent("Enter business rep first name", true, CONTINUE_ON_FAILURE): Text 'Enter business rep first name' is present on page  using regular expression

2024-11-12 18:11:37 - [MESSAGE][PASSED] - Text 'Enter business rep first name' is present on page  using regular expression

2024-11-12 18:11:37 - [TEST_STEP][PASSED] - verifyTextPresent("Enter business rep last name", true, CONTINUE_ON_FAILURE): Text 'Enter business rep last name' is present on page  using regular expression

2024-11-12 18:11:37 - [MESSAGE][PASSED] - Text 'Enter business rep last name' is present on page  using regular expression

2024-11-12 18:11:37 - [TEST_STEP][PASSED] - verifyTextPresent("Enter address", true, CONTINUE_ON_FAILURE): Text 'Enter address' is present on page  using regular expression

2024-11-12 18:11:38 - [MESSAGE][PASSED] - Text 'Enter address' is present on page  using regular expression

2024-11-12 18:11:38 - [TEST_STEP][PASSED] - verifyTextPresent("Enter city", true, CONTINUE_ON_FAILURE): Text 'Enter city' is present on page  using regular expression

2024-11-12 18:11:38 - [MESSAGE][PASSED] - Text 'Enter city' is present on page  using regular expression

2024-11-12 18:11:38 - [TEST_STEP][PASSED] - verifyTextPresent("Enter ZIP code", true, CONTINUE_ON_FAILURE): Text 'Enter ZIP code' is present on page  using regular expression

2024-11-12 18:11:39 - [MESSAGE][PASSED] - Text 'Enter ZIP code' is present on page  using regular expression

2024-11-12 18:11:39 - [TEST_STEP][PASSED] - verifyTextPresent("Enter a valid phone number", true, CONTINUE_ON_FAILURE): Text 'Enter a valid phone number' is present on page  using regular expression

2024-11-12 18:11:39 - [MESSAGE][PASSED] - Text 'Enter a valid phone number' is present on page  using regular expression

2024-11-12 18:11:39 - [TEST_STEP][PASSED] - verifyTextPresent("Enter Email", true, CONTINUE_ON_FAILURE): Text 'Enter Email' is present on page  using regular expression

2024-11-12 18:11:39 - [MESSAGE][PASSED] - Text 'Enter Email' is present on page  using regular expression

2024-11-12 18:11:39 - [TEST_STEP][PASSED] - if (CRN.equalsIgnoreCase("Y")): null

2024-11-12 18:11:39 - [TEST_STEP][PASSED] - if (MFLicNum.equalsIgnoreCase("Y")): null

2024-11-12 18:11:39 - [TEST_STEP][PASSED] - if (isRequiredTextPresent == true): pages.WriteExcel.demoKey is PASSED

2024-11-12 18:11:39 - [TEST_STEP][PASSED] - println("All the relevant texts are present"): null

2024-11-12 18:11:39 - [TEST_STEP][PASSED] - markPassed("All the relevant texts are present"): All the relevant texts are present

2024-11-12 18:11:39 - [MESSAGE][PASSED] - All the relevant texts are present

2024-11-12 18:11:39 - [TEST_STEP][PASSED] - resText = "Pass": null

2024-11-12 18:11:39 - [TEST_STEP][PASSED] - pages.WriteExcel.demoKey(resText, datText, resColumn, datCloumn, fileLoc, nameSheet, row): pages.WriteExcel.demoKey is PASSED

2024-11-12 18:11:40 - [MESSAGE][PASSED] - pages.WriteExcel.demoKey is PASSED

2024-11-12 18:11:40 - [TEST_STEP][PASSED] - ExecuteTC = findTestData(dataFile).getValue("Execute", row): null

2024-11-12 18:11:40 - [TEST_STEP][PASSED] - TaxType = findTestData(dataFile).getValue("TaxType", row): null

2024-11-12 18:11:40 - [TEST_STEP][PASSED] - PaymentType = findTestData(dataFile).getValue("PaymentType", row): null

2024-11-12 18:11:40 - [TEST_STEP][PASSED] - feinSsn = findTestData(dataFile).getValue("FEINSSN", row): null

2024-11-12 18:11:40 - [TEST_STEP][PASSED] - CRN = findTestData(dataFile).getValue("CRN", row): null

2024-11-12 18:11:40 - [TEST_STEP][PASSED] - MFLicNum = findTestData(dataFile).getValue("MFLicNum", row): null

2024-11-12 18:11:40 - [TEST_STEP][PASSED] - if (ExecuteTC.equalsIgnoreCase("Y")): pages.WriteExcel.demoKey is PASSED

2024-11-12 18:11:40 - [TEST_STEP][PASSED] - out.println("Begin Record Number: " + row): null

2024-11-12 18:11:40 - [TEST_STEP][PASSED] - today = new java.util.Date(): null

2024-11-12 18:11:40 - [TEST_STEP][PASSED] - println(today): null

2024-11-12 18:11:40 - [TEST_STEP][PASSED] - datText = today: null

2024-11-12 18:11:40 - [TEST_STEP][PASSED] - logInfo("Payment Type: Existing Liability with Notice/Invoice Number"): Payment Type: Existing Liability with Notice/Invoice Number

2024-11-12 18:11:40 - [MESSAGE][INFO] - Payment Type: Existing Liability with Notice/Invoice Number

2024-11-12 18:11:40 - [TEST_STEP][PASSED] - logInfo("Tax Type: " + TaxType): Tax Type: Corporate Income Tax

2024-11-12 18:11:40 - [MESSAGE][INFO] - Tax Type: Corporate Income Tax

2024-11-12 18:11:40 - [TEST_STEP][PASSED] - openBrowser(""): Browser is opened with url: ''

2024-11-12 18:11:40 - [MESSAGE][WARNING] - A browser is already opened. Closing browser and opening a new one

2024-11-12 18:11:42 - [MESSAGE][INFO] - Starting 'Chrome' driver

2024-11-12 18:11:42 - [MESSAGE][INFO] - User set preference: ['acceptInsecureCerts', 'true']

2024-11-12 18:11:42 - [MESSAGE][INFO] - Action delay is set to 0 milliseconds

2024-11-12 18:11:44 - [MESSAGE][PASSED] - Browser is opened with url: ''

2024-11-12 18:11:44 - [TEST_STEP][PASSED] - maximizeWindow(): Current window maximized

2024-11-12 18:11:44 - [MESSAGE][PASSED] - Current window maximized

2024-11-12 18:11:44 - [TEST_STEP][PASSED] - navigateToUrl(RADurl): Navigate to 'https://www.velocitypayment.com/client/rad/index.html' successfully

2024-11-12 18:11:46 - [MESSAGE][PASSED] - Navigate to 'https://www.velocitypayment.com/client/rad/index.html' successfully

2024-11-12 18:11:46 - [TEST_STEP][PASSED] - selectOptionByLabel(findTestObject(orPath_Landing + "/dd_TaxType"), "Existing Liability with Notice/Invoice Number", false): All options with label 'Existing Liability with Notice/Invoice Number' are selected in object 'Object Repository/RAD_Pages/Landing_Page/dd_TaxType' 

2024-11-12 18:11:46 - [MESSAGE][PASSED] - All options with label 'Existing Liability with Notice/Invoice Number' are selected in object 'Object Repository/RAD_Pages/Landing_Page/dd_TaxType' 

2024-11-12 18:11:46 - [TEST_STEP][PASSED] - selectOptionByLabel(findTestObject(orPath_TaxTypeFilingYear + "/select_TaxType_ExistingLiability"), TaxType, false): All options with label 'Corporate Income Tax' are selected in object 'Object Repository/RAD_Pages/TaxTypeFilingYear_Page/select_TaxType_ExistingLiability' 

2024-11-12 18:11:47 - [MESSAGE][PASSED] - All options with label 'Corporate Income Tax' are selected in object 'Object Repository/RAD_Pages/TaxTypeFilingYear_Page/select_TaxType_ExistingLiability' 

2024-11-12 18:11:47 - [TEST_STEP][PASSED] - setText(findTestObject(orPath_TaxPayer + "/input_businessName"), " "): Text ' ' is set on object 'Object Repository/RAD_Pages/Taxpayer_Page/input_businessName'

2024-11-12 18:11:48 - [MESSAGE][PASSED] - Text ' ' is set on object 'Object Repository/RAD_Pages/Taxpayer_Page/input_businessName'

2024-11-12 18:11:48 - [TEST_STEP][PASSED] - setText(findTestObject(orPath_TaxPayer + "/input_BusinessRepfirstName"), " "): Text ' ' is set on object 'Object Repository/RAD_Pages/Taxpayer_Page/input_BusinessRepfirstName'

2024-11-12 18:11:48 - [MESSAGE][PASSED] - Text ' ' is set on object 'Object Repository/RAD_Pages/Taxpayer_Page/input_BusinessRepfirstName'

2024-11-12 18:11:48 - [TEST_STEP][PASSED] - setText(findTestObject(orPath_TaxPayer + "/input_BusinessReplastName"), " "): Text ' ' is set on object 'Object Repository/RAD_Pages/Taxpayer_Page/input_BusinessReplastName'

2024-11-12 18:11:49 - [MESSAGE][PASSED] - Text ' ' is set on object 'Object Repository/RAD_Pages/Taxpayer_Page/input_BusinessReplastName'

2024-11-12 18:11:49 - [TEST_STEP][PASSED] - setText(findTestObject(orPath_AddressContact + "/input_streetAddress1"), " "): Text ' ' is set on object 'Object Repository/RAD_Pages/AddressAndContactInfo_Page/input_streetAddress1'

2024-11-12 18:11:50 - [MESSAGE][PASSED] - Text ' ' is set on object 'Object Repository/RAD_Pages/AddressAndContactInfo_Page/input_streetAddress1'

2024-11-12 18:11:50 - [TEST_STEP][PASSED] - setText(findTestObject(orPath_AddressContact + "/input_city"), " "): Text ' ' is set on object 'Object Repository/RAD_Pages/AddressAndContactInfo_Page/input_city'

2024-11-12 18:11:51 - [MESSAGE][PASSED] - Text ' ' is set on object 'Object Repository/RAD_Pages/AddressAndContactInfo_Page/input_city'

2024-11-12 18:11:51 - [TEST_STEP][PASSED] - setText(findTestObject(orPath_AddressContact + "/input_zipCode"), " "): Text ' ' is set on object 'Object Repository/RAD_Pages/AddressAndContactInfo_Page/input_zipCode'

2024-11-12 18:11:51 - [MESSAGE][PASSED] - Text ' ' is set on object 'Object Repository/RAD_Pages/AddressAndContactInfo_Page/input_zipCode'

2024-11-12 18:11:51 - [TEST_STEP][PASSED] - setText(findTestObject(orPath_AddressContact + "/input_phoneNumber"), " "): Text ' ' is set on object 'Object Repository/RAD_Pages/AddressAndContactInfo_Page/input_phoneNumber'

2024-11-12 18:11:52 - [MESSAGE][PASSED] - Text ' ' is set on object 'Object Repository/RAD_Pages/AddressAndContactInfo_Page/input_phoneNumber'

2024-11-12 18:11:52 - [TEST_STEP][PASSED] - setText(findTestObject(orPath_AddressContact + "/input_eMailAddress"), " "): Text ' ' is set on object 'Object Repository/RAD_Pages/AddressAndContactInfo_Page/input_eMailAddress'

2024-11-12 18:11:53 - [MESSAGE][PASSED] - Text ' ' is set on object 'Object Repository/RAD_Pages/AddressAndContactInfo_Page/input_eMailAddress'

2024-11-12 18:11:53 - [TEST_STEP][PASSED] - setText(findTestObject(orPath_AddressContact + "/input_reEnterEMailAddress"), " "): Text ' ' is set on object 'Object Repository/RAD_Pages/AddressAndContactInfo_Page/input_reEnterEMailAddress'

2024-11-12 18:11:54 - [MESSAGE][PASSED] - Text ' ' is set on object 'Object Repository/RAD_Pages/AddressAndContactInfo_Page/input_reEnterEMailAddress'

2024-11-12 18:11:54 - [TEST_STEP][PASSED] - if (TaxType.equalsIgnoreCase("Estate Tax")): null

2024-11-12 18:11:54 - [TEST_STEP][PASSED] - setText(findTestObject(orPath_Amount + "/input__paymentAmount"), ""): Text '' is set on object 'Object Repository/RAD_Pages/PaymentAmount_Page/input__paymentAmount'

2024-11-12 18:11:55 - [MESSAGE][PASSED] - Text '' is set on object 'Object Repository/RAD_Pages/PaymentAmount_Page/input__paymentAmount'

2024-11-12 18:11:55 - [TEST_STEP][PASSED] - resText = "Fail": null

2024-11-12 18:11:55 - [TEST_STEP][PASSED] - pages.WriteExcel.demoKey(resText, datText, resColumn, datCloumn, fileLoc, nameSheet, row): pages.WriteExcel.demoKey is PASSED

2024-11-12 18:11:55 - [MESSAGE][PASSED] - pages.WriteExcel.demoKey is PASSED

2024-11-12 18:11:55 - [TEST_STEP][PASSED] - verifyTextPresent("Enter business name", true, CONTINUE_ON_FAILURE): Text 'Enter business name' is present on page  using regular expression

2024-11-12 18:11:55 - [MESSAGE][PASSED] - Text 'Enter business name' is present on page  using regular expression

2024-11-12 18:11:55 - [TEST_STEP][PASSED] - verifyTextPresent("Enter business rep first name", true, CONTINUE_ON_FAILURE): Text 'Enter business rep first name' is present on page  using regular expression

2024-11-12 18:11:56 - [MESSAGE][PASSED] - Text 'Enter business rep first name' is present on page  using regular expression

2024-11-12 18:11:56 - [TEST_STEP][PASSED] - verifyTextPresent("Enter business rep last name", true, CONTINUE_ON_FAILURE): Text 'Enter business rep last name' is present on page  using regular expression

2024-11-12 18:11:56 - [MESSAGE][PASSED] - Text 'Enter business rep last name' is present on page  using regular expression

2024-11-12 18:11:56 - [TEST_STEP][PASSED] - verifyTextPresent("Enter address", true, CONTINUE_ON_FAILURE): Text 'Enter address' is present on page  using regular expression

2024-11-12 18:11:56 - [MESSAGE][PASSED] - Text 'Enter address' is present on page  using regular expression

2024-11-12 18:11:56 - [TEST_STEP][PASSED] - verifyTextPresent("Enter city", true, CONTINUE_ON_FAILURE): Text 'Enter city' is present on page  using regular expression

2024-11-12 18:11:57 - [MESSAGE][PASSED] - Text 'Enter city' is present on page  using regular expression

2024-11-12 18:11:57 - [TEST_STEP][PASSED] - verifyTextPresent("Enter ZIP code", true, CONTINUE_ON_FAILURE): Text 'Enter ZIP code' is present on page  using regular expression

2024-11-12 18:11:57 - [MESSAGE][PASSED] - Text 'Enter ZIP code' is present on page  using regular expression

2024-11-12 18:11:57 - [TEST_STEP][PASSED] - verifyTextPresent("Enter a valid phone number", true, CONTINUE_ON_FAILURE): Text 'Enter a valid phone number' is present on page  using regular expression

2024-11-12 18:11:57 - [MESSAGE][PASSED] - Text 'Enter a valid phone number' is present on page  using regular expression

2024-11-12 18:11:57 - [TEST_STEP][PASSED] - verifyTextPresent("Enter Email", true, CONTINUE_ON_FAILURE): Text 'Enter Email' is present on page  using regular expression

2024-11-12 18:11:58 - [MESSAGE][PASSED] - Text 'Enter Email' is present on page  using regular expression

2024-11-12 18:11:58 - [TEST_STEP][PASSED] - if (CRN.equalsIgnoreCase("Y")): null

2024-11-12 18:11:58 - [TEST_STEP][PASSED] - if (MFLicNum.equalsIgnoreCase("Y")): null

2024-11-12 18:11:58 - [TEST_STEP][PASSED] - if (isRequiredTextPresent == true): pages.WriteExcel.demoKey is PASSED

2024-11-12 18:11:58 - [TEST_STEP][PASSED] - println("All the relevant texts are present"): null

2024-11-12 18:11:58 - [TEST_STEP][PASSED] - markPassed("All the relevant texts are present"): All the relevant texts are present

2024-11-12 18:11:58 - [MESSAGE][PASSED] - All the relevant texts are present

2024-11-12 18:11:58 - [TEST_STEP][PASSED] - resText = "Pass": null

2024-11-12 18:11:58 - [TEST_STEP][PASSED] - pages.WriteExcel.demoKey(resText, datText, resColumn, datCloumn, fileLoc, nameSheet, row): pages.WriteExcel.demoKey is PASSED

2024-11-12 18:11:58 - [MESSAGE][PASSED] - pages.WriteExcel.demoKey is PASSED

2024-11-12 18:11:58 - [TEST_STEP][PASSED] - ExecuteTC = findTestData(dataFile).getValue("Execute", row): null

2024-11-12 18:11:58 - [TEST_STEP][PASSED] - TaxType = findTestData(dataFile).getValue("TaxType", row): null

2024-11-12 18:11:58 - [TEST_STEP][PASSED] - PaymentType = findTestData(dataFile).getValue("PaymentType", row): null

2024-11-12 18:11:58 - [TEST_STEP][PASSED] - feinSsn = findTestData(dataFile).getValue("FEINSSN", row): null

2024-11-12 18:11:58 - [TEST_STEP][PASSED] - CRN = findTestData(dataFile).getValue("CRN", row): null

2024-11-12 18:11:58 - [TEST_STEP][PASSED] - MFLicNum = findTestData(dataFile).getValue("MFLicNum", row): null

2024-11-12 18:11:58 - [TEST_STEP][PASSED] - if (ExecuteTC.equalsIgnoreCase("Y")): pages.WriteExcel.demoKey is PASSED

2024-11-12 18:11:58 - [TEST_STEP][PASSED] - out.println("Begin Record Number: " + row): null

2024-11-12 18:11:58 - [TEST_STEP][PASSED] - today = new java.util.Date(): null

2024-11-12 18:11:58 - [TEST_STEP][PASSED] - println(today): null

2024-11-12 18:11:58 - [TEST_STEP][PASSED] - datText = today: null

2024-11-12 18:11:58 - [TEST_STEP][PASSED] - logInfo("Payment Type: Existing Liability with Notice/Invoice Number"): Payment Type: Existing Liability with Notice/Invoice Number

2024-11-12 18:11:58 - [MESSAGE][INFO] - Payment Type: Existing Liability with Notice/Invoice Number

2024-11-12 18:11:58 - [TEST_STEP][PASSED] - logInfo("Tax Type: " + TaxType): Tax Type: Fiduciary Tax

2024-11-12 18:11:58 - [MESSAGE][INFO] - Tax Type: Fiduciary Tax

2024-11-12 18:11:58 - [TEST_STEP][PASSED] - openBrowser(""): Browser is opened with url: ''

2024-11-12 18:11:58 - [MESSAGE][WARNING] - A browser is already opened. Closing browser and opening a new one

2024-11-12 18:12:00 - [MESSAGE][INFO] - Starting 'Chrome' driver

2024-11-12 18:12:00 - [MESSAGE][INFO] - User set preference: ['acceptInsecureCerts', 'true']

2024-11-12 18:12:00 - [MESSAGE][INFO] - Action delay is set to 0 milliseconds

2024-11-12 18:12:02 - [MESSAGE][PASSED] - Browser is opened with url: ''

2024-11-12 18:12:02 - [TEST_STEP][PASSED] - maximizeWindow(): Current window maximized

2024-11-12 18:12:02 - [MESSAGE][PASSED] - Current window maximized

2024-11-12 18:12:02 - [TEST_STEP][PASSED] - navigateToUrl(RADurl): Navigate to 'https://www.velocitypayment.com/client/rad/index.html' successfully

2024-11-12 18:12:02 - [MESSAGE][PASSED] - Navigate to 'https://www.velocitypayment.com/client/rad/index.html' successfully

2024-11-12 18:12:02 - [TEST_STEP][PASSED] - selectOptionByLabel(findTestObject(orPath_Landing + "/dd_TaxType"), "Existing Liability with Notice/Invoice Number", false): All options with label 'Existing Liability with Notice/Invoice Number' are selected in object 'Object Repository/RAD_Pages/Landing_Page/dd_TaxType' 

2024-11-12 18:12:04 - [MESSAGE][PASSED] - All options with label 'Existing Liability with Notice/Invoice Number' are selected in object 'Object Repository/RAD_Pages/Landing_Page/dd_TaxType' 

2024-11-12 18:12:04 - [TEST_STEP][PASSED] - selectOptionByLabel(findTestObject(orPath_TaxTypeFilingYear + "/select_TaxType_ExistingLiability"), TaxType, false): All options with label 'Fiduciary Tax' are selected in object 'Object Repository/RAD_Pages/TaxTypeFilingYear_Page/select_TaxType_ExistingLiability' 

2024-11-12 18:12:05 - [MESSAGE][PASSED] - All options with label 'Fiduciary Tax' are selected in object 'Object Repository/RAD_Pages/TaxTypeFilingYear_Page/select_TaxType_ExistingLiability' 

2024-11-12 18:12:05 - [TEST_STEP][PASSED] - setText(findTestObject(orPath_TaxPayer + "/input_businessName"), " "): Text ' ' is set on object 'Object Repository/RAD_Pages/Taxpayer_Page/input_businessName'

2024-11-12 18:12:06 - [MESSAGE][PASSED] - Text ' ' is set on object 'Object Repository/RAD_Pages/Taxpayer_Page/input_businessName'

2024-11-12 18:12:06 - [TEST_STEP][PASSED] - setText(findTestObject(orPath_TaxPayer + "/input_BusinessRepfirstName"), " "): Text ' ' is set on object 'Object Repository/RAD_Pages/Taxpayer_Page/input_BusinessRepfirstName'

2024-11-12 18:12:06 - [MESSAGE][PASSED] - Text ' ' is set on object 'Object Repository/RAD_Pages/Taxpayer_Page/input_BusinessRepfirstName'

2024-11-12 18:12:06 - [TEST_STEP][PASSED] - setText(findTestObject(orPath_TaxPayer + "/input_BusinessReplastName"), " "): Text ' ' is set on object 'Object Repository/RAD_Pages/Taxpayer_Page/input_BusinessReplastName'

2024-11-12 18:12:07 - [MESSAGE][PASSED] - Text ' ' is set on object 'Object Repository/RAD_Pages/Taxpayer_Page/input_BusinessReplastName'

2024-11-12 18:12:07 - [TEST_STEP][PASSED] - setText(findTestObject(orPath_AddressContact + "/input_streetAddress1"), " "): Text ' ' is set on object 'Object Repository/RAD_Pages/AddressAndContactInfo_Page/input_streetAddress1'

2024-11-12 18:12:08 - [MESSAGE][PASSED] - Text ' ' is set on object 'Object Repository/RAD_Pages/AddressAndContactInfo_Page/input_streetAddress1'

2024-11-12 18:12:08 - [TEST_STEP][PASSED] - setText(findTestObject(orPath_AddressContact + "/input_city"), " "): Text ' ' is set on object 'Object Repository/RAD_Pages/AddressAndContactInfo_Page/input_city'

2024-11-12 18:12:09 - [MESSAGE][PASSED] - Text ' ' is set on object 'Object Repository/RAD_Pages/AddressAndContactInfo_Page/input_city'

2024-11-12 18:12:09 - [TEST_STEP][PASSED] - setText(findTestObject(orPath_AddressContact + "/input_zipCode"), " "): Text ' ' is set on object 'Object Repository/RAD_Pages/AddressAndContactInfo_Page/input_zipCode'

2024-11-12 18:12:09 - [MESSAGE][PASSED] - Text ' ' is set on object 'Object Repository/RAD_Pages/AddressAndContactInfo_Page/input_zipCode'

2024-11-12 18:12:09 - [TEST_STEP][PASSED] - setText(findTestObject(orPath_AddressContact + "/input_phoneNumber"), " "): Text ' ' is set on object 'Object Repository/RAD_Pages/AddressAndContactInfo_Page/input_phoneNumber'

2024-11-12 18:12:10 - [MESSAGE][PASSED] - Text ' ' is set on object 'Object Repository/RAD_Pages/AddressAndContactInfo_Page/input_phoneNumber'

2024-11-12 18:12:10 - [TEST_STEP][PASSED] - setText(findTestObject(orPath_AddressContact + "/input_eMailAddress"), " "): Text ' ' is set on object 'Object Repository/RAD_Pages/AddressAndContactInfo_Page/input_eMailAddress'

2024-11-12 18:12:11 - [MESSAGE][PASSED] - Text ' ' is set on object 'Object Repository/RAD_Pages/AddressAndContactInfo_Page/input_eMailAddress'

2024-11-12 18:12:11 - [TEST_STEP][PASSED] - setText(findTestObject(orPath_AddressContact + "/input_reEnterEMailAddress"), " "): Text ' ' is set on object 'Object Repository/RAD_Pages/AddressAndContactInfo_Page/input_reEnterEMailAddress'

2024-11-12 18:12:12 - [MESSAGE][PASSED] - Text ' ' is set on object 'Object Repository/RAD_Pages/AddressAndContactInfo_Page/input_reEnterEMailAddress'

2024-11-12 18:12:12 - [TEST_STEP][PASSED] - if (TaxType.equalsIgnoreCase("Estate Tax")): null

2024-11-12 18:12:12 - [TEST_STEP][PASSED] - setText(findTestObject(orPath_Amount + "/input__paymentAmount"), ""): Text '' is set on object 'Object Repository/RAD_Pages/PaymentAmount_Page/input__paymentAmount'

2024-11-12 18:12:13 - [MESSAGE][PASSED] - Text '' is set on object 'Object Repository/RAD_Pages/PaymentAmount_Page/input__paymentAmount'

2024-11-12 18:12:13 - [TEST_STEP][PASSED] - resText = "Fail": null

2024-11-12 18:12:13 - [TEST_STEP][PASSED] - pages.WriteExcel.demoKey(resText, datText, resColumn, datCloumn, fileLoc, nameSheet, row): pages.WriteExcel.demoKey is PASSED

2024-11-12 18:12:13 - [MESSAGE][PASSED] - pages.WriteExcel.demoKey is PASSED

2024-11-12 18:12:13 - [TEST_STEP][PASSED] - verifyTextPresent("Enter business name", true, CONTINUE_ON_FAILURE): Text 'Enter business name' is present on page  using regular expression

2024-11-12 18:12:13 - [MESSAGE][PASSED] - Text 'Enter business name' is present on page  using regular expression

2024-11-12 18:12:13 - [TEST_STEP][PASSED] - verifyTextPresent("Enter business rep first name", true, CONTINUE_ON_FAILURE): Text 'Enter business rep first name' is present on page  using regular expression

2024-11-12 18:12:14 - [MESSAGE][PASSED] - Text 'Enter business rep first name' is present on page  using regular expression

2024-11-12 18:12:14 - [TEST_STEP][PASSED] - verifyTextPresent("Enter business rep last name", true, CONTINUE_ON_FAILURE): Text 'Enter business rep last name' is present on page  using regular expression

2024-11-12 18:12:14 - [MESSAGE][PASSED] - Text 'Enter business rep last name' is present on page  using regular expression

2024-11-12 18:12:14 - [TEST_STEP][PASSED] - verifyTextPresent("Enter address", true, CONTINUE_ON_FAILURE): Text 'Enter address' is present on page  using regular expression

2024-11-12 18:12:15 - [MESSAGE][PASSED] - Text 'Enter address' is present on page  using regular expression

2024-11-12 18:12:15 - [TEST_STEP][PASSED] - verifyTextPresent("Enter city", true, CONTINUE_ON_FAILURE): Text 'Enter city' is present on page  using regular expression

2024-11-12 18:12:15 - [MESSAGE][PASSED] - Text 'Enter city' is present on page  using regular expression

2024-11-12 18:12:15 - [TEST_STEP][PASSED] - verifyTextPresent("Enter ZIP code", true, CONTINUE_ON_FAILURE): Text 'Enter ZIP code' is present on page  using regular expression

2024-11-12 18:12:15 - [MESSAGE][PASSED] - Text 'Enter ZIP code' is present on page  using regular expression

2024-11-12 18:12:15 - [TEST_STEP][PASSED] - verifyTextPresent("Enter a valid phone number", true, CONTINUE_ON_FAILURE): Text 'Enter a valid phone number' is present on page  using regular expression

2024-11-12 18:12:16 - [MESSAGE][PASSED] - Text 'Enter a valid phone number' is present on page  using regular expression

2024-11-12 18:12:16 - [TEST_STEP][PASSED] - verifyTextPresent("Enter Email", true, CONTINUE_ON_FAILURE): Text 'Enter Email' is present on page  using regular expression

2024-11-12 18:12:16 - [MESSAGE][PASSED] - Text 'Enter Email' is present on page  using regular expression

2024-11-12 18:12:16 - [TEST_STEP][PASSED] - if (CRN.equalsIgnoreCase("Y")): null

2024-11-12 18:12:16 - [TEST_STEP][PASSED] - if (MFLicNum.equalsIgnoreCase("Y")): null

2024-11-12 18:12:16 - [TEST_STEP][PASSED] - if (isRequiredTextPresent == true): pages.WriteExcel.demoKey is PASSED

2024-11-12 18:12:16 - [TEST_STEP][PASSED] - println("All the relevant texts are present"): null

2024-11-12 18:12:16 - [TEST_STEP][PASSED] - markPassed("All the relevant texts are present"): All the relevant texts are present

2024-11-12 18:12:16 - [MESSAGE][PASSED] - All the relevant texts are present

2024-11-12 18:12:16 - [TEST_STEP][PASSED] - resText = "Pass": null

2024-11-12 18:12:16 - [TEST_STEP][PASSED] - pages.WriteExcel.demoKey(resText, datText, resColumn, datCloumn, fileLoc, nameSheet, row): pages.WriteExcel.demoKey is PASSED

2024-11-12 18:12:16 - [MESSAGE][PASSED] - pages.WriteExcel.demoKey is PASSED

2024-11-12 18:12:16 - [TEST_STEP][PASSED] - ExecuteTC = findTestData(dataFile).getValue("Execute", row): null

2024-11-12 18:12:16 - [TEST_STEP][PASSED] - TaxType = findTestData(dataFile).getValue("TaxType", row): null

2024-11-12 18:12:16 - [TEST_STEP][PASSED] - PaymentType = findTestData(dataFile).getValue("PaymentType", row): null

2024-11-12 18:12:16 - [TEST_STEP][PASSED] - feinSsn = findTestData(dataFile).getValue("FEINSSN", row): null

2024-11-12 18:12:16 - [TEST_STEP][PASSED] - CRN = findTestData(dataFile).getValue("CRN", row): null

2024-11-12 18:12:16 - [TEST_STEP][PASSED] - MFLicNum = findTestData(dataFile).getValue("MFLicNum", row): null

2024-11-12 18:12:16 - [TEST_STEP][PASSED] - if (ExecuteTC.equalsIgnoreCase("Y")): pages.WriteExcel.demoKey is PASSED

2024-11-12 18:12:16 - [TEST_STEP][PASSED] - out.println("Begin Record Number: " + row): null

2024-11-12 18:12:16 - [TEST_STEP][PASSED] - today = new java.util.Date(): null

2024-11-12 18:12:16 - [TEST_STEP][PASSED] - println(today): null

2024-11-12 18:12:16 - [TEST_STEP][PASSED] - datText = today: null

2024-11-12 18:12:16 - [TEST_STEP][PASSED] - logInfo("Payment Type: Existing Liability with Notice/Invoice Number"): Payment Type: Existing Liability with Notice/Invoice Number

2024-11-12 18:12:16 - [MESSAGE][INFO] - Payment Type: Existing Liability with Notice/Invoice Number

2024-11-12 18:12:16 - [TEST_STEP][PASSED] - logInfo("Tax Type: " + TaxType): Tax Type: PTE Non-Electing Non-S Corp

2024-11-12 18:12:16 - [MESSAGE][INFO] - Tax Type: PTE Non-Electing Non-S Corp

2024-11-12 18:12:16 - [TEST_STEP][PASSED] - openBrowser(""): Browser is opened with url: ''

2024-11-12 18:12:16 - [MESSAGE][WARNING] - A browser is already opened. Closing browser and opening a new one

2024-11-12 18:12:18 - [MESSAGE][INFO] - Starting 'Chrome' driver

2024-11-12 18:12:18 - [MESSAGE][INFO] - User set preference: ['acceptInsecureCerts', 'true']

2024-11-12 18:12:18 - [MESSAGE][INFO] - Action delay is set to 0 milliseconds

2024-11-12 18:12:21 - [MESSAGE][PASSED] - Browser is opened with url: ''

2024-11-12 18:12:21 - [TEST_STEP][PASSED] - maximizeWindow(): Current window maximized

2024-11-12 18:12:21 - [MESSAGE][PASSED] - Current window maximized

2024-11-12 18:12:21 - [TEST_STEP][PASSED] - navigateToUrl(RADurl): Navigate to 'https://www.velocitypayment.com/client/rad/index.html' successfully

2024-11-12 18:12:26 - [MESSAGE][PASSED] - Navigate to 'https://www.velocitypayment.com/client/rad/index.html' successfully

2024-11-12 18:12:26 - [TEST_STEP][PASSED] - selectOptionByLabel(findTestObject(orPath_Landing + "/dd_TaxType"), "Existing Liability with Notice/Invoice Number", false): All options with label 'Existing Liability with Notice/Invoice Number' are selected in object 'Object Repository/RAD_Pages/Landing_Page/dd_TaxType' 

2024-11-12 18:12:26 - [MESSAGE][PASSED] - All options with label 'Existing Liability with Notice/Invoice Number' are selected in object 'Object Repository/RAD_Pages/Landing_Page/dd_TaxType' 

2024-11-12 18:12:26 - [TEST_STEP][PASSED] - selectOptionByLabel(findTestObject(orPath_TaxTypeFilingYear + "/select_TaxType_ExistingLiability"), TaxType, false): All options with label 'PTE Non-Electing Non-S Corp' are selected in object 'Object Repository/RAD_Pages/TaxTypeFilingYear_Page/select_TaxType_ExistingLiability' 

2024-11-12 18:12:27 - [MESSAGE][PASSED] - All options with label 'PTE Non-Electing Non-S Corp' are selected in object 'Object Repository/RAD_Pages/TaxTypeFilingYear_Page/select_TaxType_ExistingLiability' 

2024-11-12 18:12:27 - [TEST_STEP][PASSED] - setText(findTestObject(orPath_TaxPayer + "/input_businessName"), " "): Text ' ' is set on object 'Object Repository/RAD_Pages/Taxpayer_Page/input_businessName'

2024-11-12 18:12:28 - [MESSAGE][PASSED] - Text ' ' is set on object 'Object Repository/RAD_Pages/Taxpayer_Page/input_businessName'

2024-11-12 18:12:28 - [TEST_STEP][PASSED] - setText(findTestObject(orPath_TaxPayer + "/input_BusinessRepfirstName"), " "): Text ' ' is set on object 'Object Repository/RAD_Pages/Taxpayer_Page/input_BusinessRepfirstName'

2024-11-12 18:12:28 - [MESSAGE][PASSED] - Text ' ' is set on object 'Object Repository/RAD_Pages/Taxpayer_Page/input_BusinessRepfirstName'

2024-11-12 18:12:28 - [TEST_STEP][PASSED] - setText(findTestObject(orPath_TaxPayer + "/input_BusinessReplastName"), " "): Text ' ' is set on object 'Object Repository/RAD_Pages/Taxpayer_Page/input_BusinessReplastName'

2024-11-12 18:12:29 - [MESSAGE][PASSED] - Text ' ' is set on object 'Object Repository/RAD_Pages/Taxpayer_Page/input_BusinessReplastName'

2024-11-12 18:12:29 - [TEST_STEP][PASSED] - setText(findTestObject(orPath_AddressContact + "/input_streetAddress1"), " "): Text ' ' is set on object 'Object Repository/RAD_Pages/AddressAndContactInfo_Page/input_streetAddress1'

2024-11-12 18:12:30 - [MESSAGE][PASSED] - Text ' ' is set on object 'Object Repository/RAD_Pages/AddressAndContactInfo_Page/input_streetAddress1'

2024-11-12 18:12:30 - [TEST_STEP][PASSED] - setText(findTestObject(orPath_AddressContact + "/input_city"), " "): Text ' ' is set on object 'Object Repository/RAD_Pages/AddressAndContactInfo_Page/input_city'

2024-11-12 18:12:31 - [MESSAGE][PASSED] - Text ' ' is set on object 'Object Repository/RAD_Pages/AddressAndContactInfo_Page/input_city'

2024-11-12 18:12:31 - [TEST_STEP][PASSED] - setText(findTestObject(orPath_AddressContact + "/input_zipCode"), " "): Text ' ' is set on object 'Object Repository/RAD_Pages/AddressAndContactInfo_Page/input_zipCode'

2024-11-12 18:12:31 - [MESSAGE][PASSED] - Text ' ' is set on object 'Object Repository/RAD_Pages/AddressAndContactInfo_Page/input_zipCode'

2024-11-12 18:12:31 - [TEST_STEP][PASSED] - setText(findTestObject(orPath_AddressContact + "/input_phoneNumber"), " "): Text ' ' is set on object 'Object Repository/RAD_Pages/AddressAndContactInfo_Page/input_phoneNumber'

2024-11-12 18:12:32 - [MESSAGE][PASSED] - Text ' ' is set on object 'Object Repository/RAD_Pages/AddressAndContactInfo_Page/input_phoneNumber'

2024-11-12 18:12:32 - [TEST_STEP][PASSED] - setText(findTestObject(orPath_AddressContact + "/input_eMailAddress"), " "): Text ' ' is set on object 'Object Repository/RAD_Pages/AddressAndContactInfo_Page/input_eMailAddress'

2024-11-12 18:12:33 - [MESSAGE][PASSED] - Text ' ' is set on object 'Object Repository/RAD_Pages/AddressAndContactInfo_Page/input_eMailAddress'

2024-11-12 18:12:33 - [TEST_STEP][PASSED] - setText(findTestObject(orPath_AddressContact + "/input_reEnterEMailAddress"), " "): Text ' ' is set on object 'Object Repository/RAD_Pages/AddressAndContactInfo_Page/input_reEnterEMailAddress'

2024-11-12 18:12:34 - [MESSAGE][PASSED] - Text ' ' is set on object 'Object Repository/RAD_Pages/AddressAndContactInfo_Page/input_reEnterEMailAddress'

2024-11-12 18:12:34 - [TEST_STEP][PASSED] - if (TaxType.equalsIgnoreCase("Estate Tax")): null

2024-11-12 18:12:34 - [TEST_STEP][PASSED] - setText(findTestObject(orPath_Amount + "/input__paymentAmount"), ""): Text '' is set on object 'Object Repository/RAD_Pages/PaymentAmount_Page/input__paymentAmount'

2024-11-12 18:12:35 - [MESSAGE][PASSED] - Text '' is set on object 'Object Repository/RAD_Pages/PaymentAmount_Page/input__paymentAmount'

2024-11-12 18:12:35 - [TEST_STEP][PASSED] - resText = "Fail": null

2024-11-12 18:12:35 - [TEST_STEP][PASSED] - pages.WriteExcel.demoKey(resText, datText, resColumn, datCloumn, fileLoc, nameSheet, row): pages.WriteExcel.demoKey is PASSED

2024-11-12 18:12:35 - [MESSAGE][PASSED] - pages.WriteExcel.demoKey is PASSED

2024-11-12 18:12:35 - [TEST_STEP][PASSED] - verifyTextPresent("Enter business name", true, CONTINUE_ON_FAILURE): Text 'Enter business name' is present on page  using regular expression

2024-11-12 18:12:35 - [MESSAGE][PASSED] - Text 'Enter business name' is present on page  using regular expression

2024-11-12 18:12:35 - [TEST_STEP][PASSED] - verifyTextPresent("Enter business rep first name", true, CONTINUE_ON_FAILURE): Text 'Enter business rep first name' is present on page  using regular expression

2024-11-12 18:12:36 - [MESSAGE][PASSED] - Text 'Enter business rep first name' is present on page  using regular expression

2024-11-12 18:12:36 - [TEST_STEP][PASSED] - verifyTextPresent("Enter business rep last name", true, CONTINUE_ON_FAILURE): Text 'Enter business rep last name' is present on page  using regular expression

2024-11-12 18:12:36 - [MESSAGE][PASSED] - Text 'Enter business rep last name' is present on page  using regular expression

2024-11-12 18:12:36 - [TEST_STEP][PASSED] - verifyTextPresent("Enter address", true, CONTINUE_ON_FAILURE): Text 'Enter address' is present on page  using regular expression

2024-11-12 18:12:36 - [MESSAGE][PASSED] - Text 'Enter address' is present on page  using regular expression

2024-11-12 18:12:36 - [TEST_STEP][PASSED] - verifyTextPresent("Enter city", true, CONTINUE_ON_FAILURE): Text 'Enter city' is present on page  using regular expression

2024-11-12 18:12:37 - [MESSAGE][PASSED] - Text 'Enter city' is present on page  using regular expression

2024-11-12 18:12:37 - [TEST_STEP][PASSED] - verifyTextPresent("Enter ZIP code", true, CONTINUE_ON_FAILURE): Text 'Enter ZIP code' is present on page  using regular expression

2024-11-12 18:12:37 - [MESSAGE][PASSED] - Text 'Enter ZIP code' is present on page  using regular expression

2024-11-12 18:12:37 - [TEST_STEP][PASSED] - verifyTextPresent("Enter a valid phone number", true, CONTINUE_ON_FAILURE): Text 'Enter a valid phone number' is present on page  using regular expression

2024-11-12 18:12:37 - [MESSAGE][PASSED] - Text 'Enter a valid phone number' is present on page  using regular expression

2024-11-12 18:12:37 - [TEST_STEP][PASSED] - verifyTextPresent("Enter Email", true, CONTINUE_ON_FAILURE): Text 'Enter Email' is present on page  using regular expression

2024-11-12 18:12:38 - [MESSAGE][PASSED] - Text 'Enter Email' is present on page  using regular expression

2024-11-12 18:12:38 - [TEST_STEP][PASSED] - if (CRN.equalsIgnoreCase("Y")): null

2024-11-12 18:12:38 - [TEST_STEP][PASSED] - if (MFLicNum.equalsIgnoreCase("Y")): null

2024-11-12 18:12:38 - [TEST_STEP][PASSED] - if (isRequiredTextPresent == true): pages.WriteExcel.demoKey is PASSED

2024-11-12 18:12:38 - [TEST_STEP][PASSED] - println("All the relevant texts are present"): null

2024-11-12 18:12:38 - [TEST_STEP][PASSED] - markPassed("All the relevant texts are present"): All the relevant texts are present

2024-11-12 18:12:38 - [MESSAGE][PASSED] - All the relevant texts are present

2024-11-12 18:12:38 - [TEST_STEP][PASSED] - resText = "Pass": null

2024-11-12 18:12:38 - [TEST_STEP][PASSED] - pages.WriteExcel.demoKey(resText, datText, resColumn, datCloumn, fileLoc, nameSheet, row): pages.WriteExcel.demoKey is PASSED

2024-11-12 18:12:38 - [MESSAGE][PASSED] - pages.WriteExcel.demoKey is PASSED

2024-11-12 18:12:38 - [TEST_STEP][PASSED] - ExecuteTC = findTestData(dataFile).getValue("Execute", row): null

2024-11-12 18:12:38 - [TEST_STEP][PASSED] - TaxType = findTestData(dataFile).getValue("TaxType", row): null

2024-11-12 18:12:38 - [TEST_STEP][PASSED] - PaymentType = findTestData(dataFile).getValue("PaymentType", row): null

2024-11-12 18:12:38 - [TEST_STEP][PASSED] - feinSsn = findTestData(dataFile).getValue("FEINSSN", row): null

2024-11-12 18:12:38 - [TEST_STEP][PASSED] - CRN = findTestData(dataFile).getValue("CRN", row): null

2024-11-12 18:12:38 - [TEST_STEP][PASSED] - MFLicNum = findTestData(dataFile).getValue("MFLicNum", row): null

2024-11-12 18:12:38 - [TEST_STEP][PASSED] - if (ExecuteTC.equalsIgnoreCase("Y")): pages.WriteExcel.demoKey is PASSED

2024-11-12 18:12:38 - [TEST_STEP][PASSED] - out.println("Begin Record Number: " + row): null

2024-11-12 18:12:38 - [TEST_STEP][PASSED] - today = new java.util.Date(): null

2024-11-12 18:12:38 - [TEST_STEP][PASSED] - println(today): null

2024-11-12 18:12:38 - [TEST_STEP][PASSED] - datText = today: null

2024-11-12 18:12:38 - [TEST_STEP][PASSED] - logInfo("Payment Type: Existing Liability with Notice/Invoice Number"): Payment Type: Existing Liability with Notice/Invoice Number

2024-11-12 18:12:38 - [MESSAGE][INFO] - Payment Type: Existing Liability with Notice/Invoice Number

2024-11-12 18:12:38 - [TEST_STEP][PASSED] - logInfo("Tax Type: " + TaxType): Tax Type: PTE Non-Electing S Corp

2024-11-12 18:12:38 - [MESSAGE][INFO] - Tax Type: PTE Non-Electing S Corp

2024-11-12 18:12:38 - [TEST_STEP][PASSED] - openBrowser(""): Browser is opened with url: ''

2024-11-12 18:12:38 - [MESSAGE][WARNING] - A browser is already opened. Closing browser and opening a new one

2024-11-12 18:12:40 - [MESSAGE][INFO] - Starting 'Chrome' driver

2024-11-12 18:12:40 - [MESSAGE][INFO] - User set preference: ['acceptInsecureCerts', 'true']

2024-11-12 18:12:40 - [MESSAGE][INFO] - Action delay is set to 0 milliseconds

2024-11-12 18:12:41 - [MESSAGE][PASSED] - Browser is opened with url: ''

2024-11-12 18:12:41 - [TEST_STEP][PASSED] - maximizeWindow(): Current window maximized

2024-11-12 18:12:41 - [MESSAGE][PASSED] - Current window maximized

2024-11-12 18:12:41 - [TEST_STEP][PASSED] - navigateToUrl(RADurl): Navigate to 'https://www.velocitypayment.com/client/rad/index.html' successfully

2024-11-12 18:12:42 - [MESSAGE][PASSED] - Navigate to 'https://www.velocitypayment.com/client/rad/index.html' successfully

2024-11-12 18:12:42 - [TEST_STEP][PASSED] - selectOptionByLabel(findTestObject(orPath_Landing + "/dd_TaxType"), "Existing Liability with Notice/Invoice Number", false): All options with label 'Existing Liability with Notice/Invoice Number' are selected in object 'Object Repository/RAD_Pages/Landing_Page/dd_TaxType' 

2024-11-12 18:12:44 - [MESSAGE][PASSED] - All options with label 'Existing Liability with Notice/Invoice Number' are selected in object 'Object Repository/RAD_Pages/Landing_Page/dd_TaxType' 

2024-11-12 18:12:44 - [TEST_STEP][PASSED] - selectOptionByLabel(findTestObject(orPath_TaxTypeFilingYear + "/select_TaxType_ExistingLiability"), TaxType, false): All options with label 'PTE Non-Electing S Corp' are selected in object 'Object Repository/RAD_Pages/TaxTypeFilingYear_Page/select_TaxType_ExistingLiability' 

2024-11-12 18:12:44 - [MESSAGE][PASSED] - All options with label 'PTE Non-Electing S Corp' are selected in object 'Object Repository/RAD_Pages/TaxTypeFilingYear_Page/select_TaxType_ExistingLiability' 

2024-11-12 18:12:44 - [TEST_STEP][PASSED] - setText(findTestObject(orPath_TaxPayer + "/input_businessName"), " "): Text ' ' is set on object 'Object Repository/RAD_Pages/Taxpayer_Page/input_businessName'

2024-11-12 18:12:45 - [MESSAGE][PASSED] - Text ' ' is set on object 'Object Repository/RAD_Pages/Taxpayer_Page/input_businessName'

2024-11-12 18:12:45 - [TEST_STEP][PASSED] - setText(findTestObject(orPath_TaxPayer + "/input_BusinessRepfirstName"), " "): Text ' ' is set on object 'Object Repository/RAD_Pages/Taxpayer_Page/input_BusinessRepfirstName'

2024-11-12 18:12:46 - [MESSAGE][PASSED] - Text ' ' is set on object 'Object Repository/RAD_Pages/Taxpayer_Page/input_BusinessRepfirstName'

2024-11-12 18:12:46 - [TEST_STEP][PASSED] - setText(findTestObject(orPath_TaxPayer + "/input_BusinessReplastName"), " "): Text ' ' is set on object 'Object Repository/RAD_Pages/Taxpayer_Page/input_BusinessReplastName'

2024-11-12 18:12:47 - [MESSAGE][PASSED] - Text ' ' is set on object 'Object Repository/RAD_Pages/Taxpayer_Page/input_BusinessReplastName'

2024-11-12 18:12:47 - [TEST_STEP][PASSED] - setText(findTestObject(orPath_AddressContact + "/input_streetAddress1"), " "): Text ' ' is set on object 'Object Repository/RAD_Pages/AddressAndContactInfo_Page/input_streetAddress1'

2024-11-12 18:12:48 - [MESSAGE][PASSED] - Text ' ' is set on object 'Object Repository/RAD_Pages/AddressAndContactInfo_Page/input_streetAddress1'

2024-11-12 18:12:48 - [TEST_STEP][PASSED] - setText(findTestObject(orPath_AddressContact + "/input_city"), " "): Text ' ' is set on object 'Object Repository/RAD_Pages/AddressAndContactInfo_Page/input_city'

2024-11-12 18:12:48 - [MESSAGE][PASSED] - Text ' ' is set on object 'Object Repository/RAD_Pages/AddressAndContactInfo_Page/input_city'

2024-11-12 18:12:48 - [TEST_STEP][PASSED] - setText(findTestObject(orPath_AddressContact + "/input_zipCode"), " "): Text ' ' is set on object 'Object Repository/RAD_Pages/AddressAndContactInfo_Page/input_zipCode'

2024-11-12 18:12:49 - [MESSAGE][PASSED] - Text ' ' is set on object 'Object Repository/RAD_Pages/AddressAndContactInfo_Page/input_zipCode'

2024-11-12 18:12:49 - [TEST_STEP][PASSED] - setText(findTestObject(orPath_AddressContact + "/input_phoneNumber"), " "): Text ' ' is set on object 'Object Repository/RAD_Pages/AddressAndContactInfo_Page/input_phoneNumber'

2024-11-12 18:12:50 - [MESSAGE][PASSED] - Text ' ' is set on object 'Object Repository/RAD_Pages/AddressAndContactInfo_Page/input_phoneNumber'

2024-11-12 18:12:50 - [TEST_STEP][PASSED] - setText(findTestObject(orPath_AddressContact + "/input_eMailAddress"), " "): Text ' ' is set on object 'Object Repository/RAD_Pages/AddressAndContactInfo_Page/input_eMailAddress'

2024-11-12 18:12:51 - [MESSAGE][PASSED] - Text ' ' is set on object 'Object Repository/RAD_Pages/AddressAndContactInfo_Page/input_eMailAddress'

2024-11-12 18:12:51 - [TEST_STEP][PASSED] - setText(findTestObject(orPath_AddressContact + "/input_reEnterEMailAddress"), " "): Text ' ' is set on object 'Object Repository/RAD_Pages/AddressAndContactInfo_Page/input_reEnterEMailAddress'

2024-11-12 18:12:52 - [MESSAGE][PASSED] - Text ' ' is set on object 'Object Repository/RAD_Pages/AddressAndContactInfo_Page/input_reEnterEMailAddress'

2024-11-12 18:12:52 - [TEST_STEP][PASSED] - if (TaxType.equalsIgnoreCase("Estate Tax")): null

2024-11-12 18:12:52 - [TEST_STEP][PASSED] - setText(findTestObject(orPath_Amount + "/input__paymentAmount"), ""): Text '' is set on object 'Object Repository/RAD_Pages/PaymentAmount_Page/input__paymentAmount'

2024-11-12 18:12:52 - [MESSAGE][PASSED] - Text '' is set on object 'Object Repository/RAD_Pages/PaymentAmount_Page/input__paymentAmount'

2024-11-12 18:12:52 - [TEST_STEP][PASSED] - resText = "Fail": null

2024-11-12 18:12:52 - [TEST_STEP][PASSED] - pages.WriteExcel.demoKey(resText, datText, resColumn, datCloumn, fileLoc, nameSheet, row): pages.WriteExcel.demoKey is PASSED

2024-11-12 18:12:53 - [MESSAGE][PASSED] - pages.WriteExcel.demoKey is PASSED

2024-11-12 18:12:53 - [TEST_STEP][PASSED] - verifyTextPresent("Enter business name", true, CONTINUE_ON_FAILURE): Text 'Enter business name' is present on page  using regular expression

2024-11-12 18:12:53 - [MESSAGE][PASSED] - Text 'Enter business name' is present on page  using regular expression

2024-11-12 18:12:53 - [TEST_STEP][PASSED] - verifyTextPresent("Enter business rep first name", true, CONTINUE_ON_FAILURE): Text 'Enter business rep first name' is present on page  using regular expression

2024-11-12 18:12:54 - [MESSAGE][PASSED] - Text 'Enter business rep first name' is present on page  using regular expression

2024-11-12 18:12:54 - [TEST_STEP][PASSED] - verifyTextPresent("Enter business rep last name", true, CONTINUE_ON_FAILURE): Text 'Enter business rep last name' is present on page  using regular expression

2024-11-12 18:12:54 - [MESSAGE][PASSED] - Text 'Enter business rep last name' is present on page  using regular expression

2024-11-12 18:12:54 - [TEST_STEP][PASSED] - verifyTextPresent("Enter address", true, CONTINUE_ON_FAILURE): Text 'Enter address' is present on page  using regular expression

2024-11-12 18:12:54 - [MESSAGE][PASSED] - Text 'Enter address' is present on page  using regular expression

2024-11-12 18:12:55 - [TEST_STEP][PASSED] - verifyTextPresent("Enter city", true, CONTINUE_ON_FAILURE): Text 'Enter city' is present on page  using regular expression

2024-11-12 18:12:55 - [MESSAGE][PASSED] - Text 'Enter city' is present on page  using regular expression

2024-11-12 18:12:55 - [TEST_STEP][PASSED] - verifyTextPresent("Enter ZIP code", true, CONTINUE_ON_FAILURE): Text 'Enter ZIP code' is present on page  using regular expression

2024-11-12 18:12:55 - [MESSAGE][PASSED] - Text 'Enter ZIP code' is present on page  using regular expression

2024-11-12 18:12:55 - [TEST_STEP][PASSED] - verifyTextPresent("Enter a valid phone number", true, CONTINUE_ON_FAILURE): Text 'Enter a valid phone number' is present on page  using regular expression

2024-11-12 18:12:56 - [MESSAGE][PASSED] - Text 'Enter a valid phone number' is present on page  using regular expression

2024-11-12 18:12:56 - [TEST_STEP][PASSED] - verifyTextPresent("Enter Email", true, CONTINUE_ON_FAILURE): Text 'Enter Email' is present on page  using regular expression

2024-11-12 18:12:56 - [MESSAGE][PASSED] - Text 'Enter Email' is present on page  using regular expression

2024-11-12 18:12:56 - [TEST_STEP][PASSED] - if (CRN.equalsIgnoreCase("Y")): null

2024-11-12 18:12:56 - [TEST_STEP][PASSED] - if (MFLicNum.equalsIgnoreCase("Y")): null

2024-11-12 18:12:56 - [TEST_STEP][PASSED] - if (isRequiredTextPresent == true): pages.WriteExcel.demoKey is PASSED

2024-11-12 18:12:56 - [TEST_STEP][PASSED] - println("All the relevant texts are present"): null

2024-11-12 18:12:56 - [TEST_STEP][PASSED] - markPassed("All the relevant texts are present"): All the relevant texts are present

2024-11-12 18:12:56 - [MESSAGE][PASSED] - All the relevant texts are present

2024-11-12 18:12:56 - [TEST_STEP][PASSED] - resText = "Pass": null

2024-11-12 18:12:56 - [TEST_STEP][PASSED] - pages.WriteExcel.demoKey(resText, datText, resColumn, datCloumn, fileLoc, nameSheet, row): pages.WriteExcel.demoKey is PASSED

2024-11-12 18:12:56 - [MESSAGE][PASSED] - pages.WriteExcel.demoKey is PASSED

2024-11-12 18:12:56 - [TEST_STEP][PASSED] - ExecuteTC = findTestData(dataFile).getValue("Execute", row): null

2024-11-12 18:12:56 - [TEST_STEP][PASSED] - TaxType = findTestData(dataFile).getValue("TaxType", row): null

2024-11-12 18:12:56 - [TEST_STEP][PASSED] - PaymentType = findTestData(dataFile).getValue("PaymentType", row): null

2024-11-12 18:12:56 - [TEST_STEP][PASSED] - feinSsn = findTestData(dataFile).getValue("FEINSSN", row): null

2024-11-12 18:12:56 - [TEST_STEP][PASSED] - CRN = findTestData(dataFile).getValue("CRN", row): null

2024-11-12 18:12:56 - [TEST_STEP][PASSED] - MFLicNum = findTestData(dataFile).getValue("MFLicNum", row): null

2024-11-12 18:12:56 - [TEST_STEP][PASSED] - if (ExecuteTC.equalsIgnoreCase("Y")): pages.WriteExcel.demoKey is PASSED

2024-11-12 18:12:56 - [TEST_STEP][PASSED] - out.println("Begin Record Number: " + row): null

2024-11-12 18:12:56 - [TEST_STEP][PASSED] - today = new java.util.Date(): null

2024-11-12 18:12:56 - [TEST_STEP][PASSED] - println(today): null

2024-11-12 18:12:56 - [TEST_STEP][PASSED] - datText = today: null

2024-11-12 18:12:56 - [TEST_STEP][PASSED] - logInfo("Payment Type: Existing Liability with Notice/Invoice Number"): Payment Type: Existing Liability with Notice/Invoice Number

2024-11-12 18:12:56 - [MESSAGE][INFO] - Payment Type: Existing Liability with Notice/Invoice Number

2024-11-12 18:12:56 - [TEST_STEP][PASSED] - logInfo("Tax Type: " + TaxType): Tax Type: Sales & Use Tax

2024-11-12 18:12:56 - [MESSAGE][INFO] - Tax Type: Sales & Use Tax

2024-11-12 18:12:56 - [TEST_STEP][PASSED] - openBrowser(""): Browser is opened with url: ''

2024-11-12 18:12:56 - [MESSAGE][WARNING] - A browser is already opened. Closing browser and opening a new one

2024-11-12 18:12:58 - [MESSAGE][INFO] - Starting 'Chrome' driver

2024-11-12 18:12:58 - [MESSAGE][INFO] - User set preference: ['acceptInsecureCerts', 'true']

2024-11-12 18:12:58 - [MESSAGE][INFO] - Action delay is set to 0 milliseconds

2024-11-12 18:12:59 - [MESSAGE][PASSED] - Browser is opened with url: ''

2024-11-12 18:12:59 - [TEST_STEP][PASSED] - maximizeWindow(): Current window maximized

2024-11-12 18:13:00 - [MESSAGE][PASSED] - Current window maximized

2024-11-12 18:13:00 - [TEST_STEP][PASSED] - navigateToUrl(RADurl): Navigate to 'https://www.velocitypayment.com/client/rad/index.html' successfully

2024-11-12 18:13:02 - [MESSAGE][PASSED] - Navigate to 'https://www.velocitypayment.com/client/rad/index.html' successfully

2024-11-12 18:13:02 - [TEST_STEP][PASSED] - selectOptionByLabel(findTestObject(orPath_Landing + "/dd_TaxType"), "Existing Liability with Notice/Invoice Number", false): All options with label 'Existing Liability with Notice/Invoice Number' are selected in object 'Object Repository/RAD_Pages/Landing_Page/dd_TaxType' 

2024-11-12 18:13:03 - [MESSAGE][PASSED] - All options with label 'Existing Liability with Notice/Invoice Number' are selected in object 'Object Repository/RAD_Pages/Landing_Page/dd_TaxType' 

2024-11-12 18:13:03 - [TEST_STEP][PASSED] - selectOptionByLabel(findTestObject(orPath_TaxTypeFilingYear + "/select_TaxType_ExistingLiability"), TaxType, false): All options with label 'Sales & Use Tax' are selected in object 'Object Repository/RAD_Pages/TaxTypeFilingYear_Page/select_TaxType_ExistingLiability' 

2024-11-12 18:13:03 - [MESSAGE][PASSED] - All options with label 'Sales & Use Tax' are selected in object 'Object Repository/RAD_Pages/TaxTypeFilingYear_Page/select_TaxType_ExistingLiability' 

2024-11-12 18:13:03 - [TEST_STEP][PASSED] - setText(findTestObject(orPath_TaxPayer + "/input_businessName"), " "): Text ' ' is set on object 'Object Repository/RAD_Pages/Taxpayer_Page/input_businessName'

2024-11-12 18:13:04 - [MESSAGE][PASSED] - Text ' ' is set on object 'Object Repository/RAD_Pages/Taxpayer_Page/input_businessName'

2024-11-12 18:13:04 - [TEST_STEP][PASSED] - setText(findTestObject(orPath_TaxPayer + "/input_BusinessRepfirstName"), " "): Text ' ' is set on object 'Object Repository/RAD_Pages/Taxpayer_Page/input_BusinessRepfirstName'

2024-11-12 18:13:05 - [MESSAGE][PASSED] - Text ' ' is set on object 'Object Repository/RAD_Pages/Taxpayer_Page/input_BusinessRepfirstName'

2024-11-12 18:13:05 - [TEST_STEP][PASSED] - setText(findTestObject(orPath_TaxPayer + "/input_BusinessReplastName"), " "): Text ' ' is set on object 'Object Repository/RAD_Pages/Taxpayer_Page/input_BusinessReplastName'

2024-11-12 18:13:06 - [MESSAGE][PASSED] - Text ' ' is set on object 'Object Repository/RAD_Pages/Taxpayer_Page/input_BusinessReplastName'

2024-11-12 18:13:06 - [TEST_STEP][PASSED] - setText(findTestObject(orPath_AddressContact + "/input_streetAddress1"), " "): Text ' ' is set on object 'Object Repository/RAD_Pages/AddressAndContactInfo_Page/input_streetAddress1'

2024-11-12 18:13:06 - [MESSAGE][PASSED] - Text ' ' is set on object 'Object Repository/RAD_Pages/AddressAndContactInfo_Page/input_streetAddress1'

2024-11-12 18:13:06 - [TEST_STEP][PASSED] - setText(findTestObject(orPath_AddressContact + "/input_city"), " "): Text ' ' is set on object 'Object Repository/RAD_Pages/AddressAndContactInfo_Page/input_city'

2024-11-12 18:13:07 - [MESSAGE][PASSED] - Text ' ' is set on object 'Object Repository/RAD_Pages/AddressAndContactInfo_Page/input_city'

2024-11-12 18:13:07 - [TEST_STEP][PASSED] - setText(findTestObject(orPath_AddressContact + "/input_zipCode"), " "): Text ' ' is set on object 'Object Repository/RAD_Pages/AddressAndContactInfo_Page/input_zipCode'

2024-11-12 18:13:08 - [MESSAGE][PASSED] - Text ' ' is set on object 'Object Repository/RAD_Pages/AddressAndContactInfo_Page/input_zipCode'

2024-11-12 18:13:08 - [TEST_STEP][PASSED] - setText(findTestObject(orPath_AddressContact + "/input_phoneNumber"), " "): Text ' ' is set on object 'Object Repository/RAD_Pages/AddressAndContactInfo_Page/input_phoneNumber'

2024-11-12 18:13:09 - [MESSAGE][PASSED] - Text ' ' is set on object 'Object Repository/RAD_Pages/AddressAndContactInfo_Page/input_phoneNumber'

2024-11-12 18:13:09 - [TEST_STEP][PASSED] - setText(findTestObject(orPath_AddressContact + "/input_eMailAddress"), " "): Text ' ' is set on object 'Object Repository/RAD_Pages/AddressAndContactInfo_Page/input_eMailAddress'

2024-11-12 18:13:10 - [MESSAGE][PASSED] - Text ' ' is set on object 'Object Repository/RAD_Pages/AddressAndContactInfo_Page/input_eMailAddress'

2024-11-12 18:13:10 - [TEST_STEP][PASSED] - setText(findTestObject(orPath_AddressContact + "/input_reEnterEMailAddress"), " "): Text ' ' is set on object 'Object Repository/RAD_Pages/AddressAndContactInfo_Page/input_reEnterEMailAddress'

2024-11-12 18:13:10 - [MESSAGE][PASSED] - Text ' ' is set on object 'Object Repository/RAD_Pages/AddressAndContactInfo_Page/input_reEnterEMailAddress'

2024-11-12 18:13:10 - [TEST_STEP][PASSED] - if (TaxType.equalsIgnoreCase("Estate Tax")): null

2024-11-12 18:13:10 - [TEST_STEP][PASSED] - setText(findTestObject(orPath_Amount + "/input__paymentAmount"), ""): Text '' is set on object 'Object Repository/RAD_Pages/PaymentAmount_Page/input__paymentAmount'

2024-11-12 18:13:11 - [MESSAGE][PASSED] - Text '' is set on object 'Object Repository/RAD_Pages/PaymentAmount_Page/input__paymentAmount'

2024-11-12 18:13:11 - [TEST_STEP][PASSED] - resText = "Fail": null

2024-11-12 18:13:11 - [TEST_STEP][PASSED] - pages.WriteExcel.demoKey(resText, datText, resColumn, datCloumn, fileLoc, nameSheet, row): pages.WriteExcel.demoKey is PASSED

2024-11-12 18:13:11 - [MESSAGE][PASSED] - pages.WriteExcel.demoKey is PASSED

2024-11-12 18:13:11 - [TEST_STEP][PASSED] - verifyTextPresent("Enter business name", true, CONTINUE_ON_FAILURE): Text 'Enter business name' is present on page  using regular expression

2024-11-12 18:13:12 - [MESSAGE][PASSED] - Text 'Enter business name' is present on page  using regular expression

2024-11-12 18:13:12 - [TEST_STEP][PASSED] - verifyTextPresent("Enter business rep first name", true, CONTINUE_ON_FAILURE): Text 'Enter business rep first name' is present on page  using regular expression

2024-11-12 18:13:12 - [MESSAGE][PASSED] - Text 'Enter business rep first name' is present on page  using regular expression

2024-11-12 18:13:12 - [TEST_STEP][PASSED] - verifyTextPresent("Enter business rep last name", true, CONTINUE_ON_FAILURE): Text 'Enter business rep last name' is present on page  using regular expression

2024-11-12 18:13:12 - [MESSAGE][PASSED] - Text 'Enter business rep last name' is present on page  using regular expression

2024-11-12 18:13:12 - [TEST_STEP][PASSED] - verifyTextPresent("Enter address", true, CONTINUE_ON_FAILURE): Text 'Enter address' is present on page  using regular expression

2024-11-12 18:13:13 - [MESSAGE][PASSED] - Text 'Enter address' is present on page  using regular expression

2024-11-12 18:13:13 - [TEST_STEP][PASSED] - verifyTextPresent("Enter city", true, CONTINUE_ON_FAILURE): Text 'Enter city' is present on page  using regular expression

2024-11-12 18:13:13 - [MESSAGE][PASSED] - Text 'Enter city' is present on page  using regular expression

2024-11-12 18:13:13 - [TEST_STEP][PASSED] - verifyTextPresent("Enter ZIP code", true, CONTINUE_ON_FAILURE): Text 'Enter ZIP code' is present on page  using regular expression

2024-11-12 18:13:14 - [MESSAGE][PASSED] - Text 'Enter ZIP code' is present on page  using regular expression

2024-11-12 18:13:14 - [TEST_STEP][PASSED] - verifyTextPresent("Enter a valid phone number", true, CONTINUE_ON_FAILURE): Text 'Enter a valid phone number' is present on page  using regular expression

2024-11-12 18:13:14 - [MESSAGE][PASSED] - Text 'Enter a valid phone number' is present on page  using regular expression

2024-11-12 18:13:14 - [TEST_STEP][PASSED] - verifyTextPresent("Enter Email", true, CONTINUE_ON_FAILURE): Text 'Enter Email' is present on page  using regular expression

2024-11-12 18:13:14 - [MESSAGE][PASSED] - Text 'Enter Email' is present on page  using regular expression

2024-11-12 18:13:14 - [TEST_STEP][PASSED] - if (CRN.equalsIgnoreCase("Y")): null

2024-11-12 18:13:14 - [TEST_STEP][PASSED] - setText(findTestObject(orPath_TaxInfo + "/input_MDCRegistrationEL"), " "): Text ' ' is set on object 'Object Repository/RAD_Pages/TaxInfo_Page/input_MDCRegistrationEL'

2024-11-12 18:13:15 - [MESSAGE][PASSED] - Text ' ' is set on object 'Object Repository/RAD_Pages/TaxInfo_Page/input_MDCRegistrationEL'

2024-11-12 18:13:15 - [TEST_STEP][PASSED] - setText(findTestObject(orPath_Amount + "/input__paymentAmount"), ""): Text '' is set on object 'Object Repository/RAD_Pages/PaymentAmount_Page/input__paymentAmount'

2024-11-12 18:13:16 - [MESSAGE][PASSED] - Text '' is set on object 'Object Repository/RAD_Pages/PaymentAmount_Page/input__paymentAmount'

2024-11-12 18:13:16 - [TEST_STEP][PASSED] - if (verifyTextPresent("Enter valid MD Central Registration Number", false)): null

2024-11-12 18:13:16 - [MESSAGE][PASSED] - Text 'Enter valid MD Central Registration Number' is present on page 

2024-11-12 18:13:16 - [TEST_STEP][PASSED] - isRequiredTextPresent = true: null

2024-11-12 18:13:16 - [TEST_STEP][PASSED] - if (MFLicNum.equalsIgnoreCase("Y")): null

2024-11-12 18:13:16 - [TEST_STEP][PASSED] - if (isRequiredTextPresent == true): pages.WriteExcel.demoKey is PASSED

2024-11-12 18:13:16 - [TEST_STEP][PASSED] - println("All the relevant texts are present"): null

2024-11-12 18:13:16 - [TEST_STEP][PASSED] - markPassed("All the relevant texts are present"): All the relevant texts are present

2024-11-12 18:13:16 - [MESSAGE][PASSED] - All the relevant texts are present

2024-11-12 18:13:16 - [TEST_STEP][PASSED] - resText = "Pass": null

2024-11-12 18:13:16 - [TEST_STEP][PASSED] - pages.WriteExcel.demoKey(resText, datText, resColumn, datCloumn, fileLoc, nameSheet, row): pages.WriteExcel.demoKey is PASSED

2024-11-12 18:13:16 - [MESSAGE][PASSED] - pages.WriteExcel.demoKey is PASSED

2024-11-12 18:13:16 - [TEST_STEP][PASSED] - ExecuteTC = findTestData(dataFile).getValue("Execute", row): null

2024-11-12 18:13:16 - [TEST_STEP][PASSED] - TaxType = findTestData(dataFile).getValue("TaxType", row): null

2024-11-12 18:13:16 - [TEST_STEP][PASSED] - PaymentType = findTestData(dataFile).getValue("PaymentType", row): null

2024-11-12 18:13:16 - [TEST_STEP][PASSED] - feinSsn = findTestData(dataFile).getValue("FEINSSN", row): null

2024-11-12 18:13:16 - [TEST_STEP][PASSED] - CRN = findTestData(dataFile).getValue("CRN", row): null

2024-11-12 18:13:16 - [TEST_STEP][PASSED] - MFLicNum = findTestData(dataFile).getValue("MFLicNum", row): null

2024-11-12 18:13:16 - [TEST_STEP][PASSED] - if (ExecuteTC.equalsIgnoreCase("Y")): pages.WriteExcel.demoKey is PASSED

2024-11-12 18:13:16 - [TEST_STEP][PASSED] - out.println("Begin Record Number: " + row): null

2024-11-12 18:13:16 - [TEST_STEP][PASSED] - today = new java.util.Date(): null

2024-11-12 18:13:16 - [TEST_STEP][PASSED] - println(today): null

2024-11-12 18:13:16 - [TEST_STEP][PASSED] - datText = today: null

2024-11-12 18:13:16 - [TEST_STEP][PASSED] - logInfo("Payment Type: Existing Liability with Notice/Invoice Number"): Payment Type: Existing Liability with Notice/Invoice Number

2024-11-12 18:13:16 - [MESSAGE][INFO] - Payment Type: Existing Liability with Notice/Invoice Number

2024-11-12 18:13:16 - [TEST_STEP][PASSED] - logInfo("Tax Type: " + TaxType): Tax Type: Tire Recycling Fee

2024-11-12 18:13:16 - [MESSAGE][INFO] - Tax Type: Tire Recycling Fee

2024-11-12 18:13:16 - [TEST_STEP][PASSED] - openBrowser(""): Browser is opened with url: ''

2024-11-12 18:13:16 - [MESSAGE][WARNING] - A browser is already opened. Closing browser and opening a new one

2024-11-12 18:13:18 - [MESSAGE][INFO] - Starting 'Chrome' driver

2024-11-12 18:13:18 - [MESSAGE][INFO] - User set preference: ['acceptInsecureCerts', 'true']

2024-11-12 18:13:18 - [MESSAGE][INFO] - Action delay is set to 0 milliseconds

2024-11-12 18:13:19 - [MESSAGE][PASSED] - Browser is opened with url: ''

2024-11-12 18:13:19 - [TEST_STEP][PASSED] - maximizeWindow(): Current window maximized

2024-11-12 18:13:20 - [MESSAGE][PASSED] - Current window maximized

2024-11-12 18:13:20 - [TEST_STEP][PASSED] - navigateToUrl(RADurl): Navigate to 'https://www.velocitypayment.com/client/rad/index.html' successfully

2024-11-12 18:13:22 - [MESSAGE][PASSED] - Navigate to 'https://www.velocitypayment.com/client/rad/index.html' successfully

2024-11-12 18:13:22 - [TEST_STEP][PASSED] - selectOptionByLabel(findTestObject(orPath_Landing + "/dd_TaxType"), "Existing Liability with Notice/Invoice Number", false): All options with label 'Existing Liability with Notice/Invoice Number' are selected in object 'Object Repository/RAD_Pages/Landing_Page/dd_TaxType' 

2024-11-12 18:13:22 - [MESSAGE][PASSED] - All options with label 'Existing Liability with Notice/Invoice Number' are selected in object 'Object Repository/RAD_Pages/Landing_Page/dd_TaxType' 

2024-11-12 18:13:22 - [TEST_STEP][PASSED] - selectOptionByLabel(findTestObject(orPath_TaxTypeFilingYear + "/select_TaxType_ExistingLiability"), TaxType, false): All options with label 'Tire Recycling Fee' are selected in object 'Object Repository/RAD_Pages/TaxTypeFilingYear_Page/select_TaxType_ExistingLiability' 

2024-11-12 18:13:23 - [MESSAGE][PASSED] - All options with label 'Tire Recycling Fee' are selected in object 'Object Repository/RAD_Pages/TaxTypeFilingYear_Page/select_TaxType_ExistingLiability' 

2024-11-12 18:13:23 - [TEST_STEP][PASSED] - setText(findTestObject(orPath_TaxPayer + "/input_businessName"), " "): Text ' ' is set on object 'Object Repository/RAD_Pages/Taxpayer_Page/input_businessName'

2024-11-12 18:13:24 - [MESSAGE][PASSED] - Text ' ' is set on object 'Object Repository/RAD_Pages/Taxpayer_Page/input_businessName'

2024-11-12 18:13:24 - [TEST_STEP][PASSED] - setText(findTestObject(orPath_TaxPayer + "/input_BusinessRepfirstName"), " "): Text ' ' is set on object 'Object Repository/RAD_Pages/Taxpayer_Page/input_BusinessRepfirstName'

2024-11-12 18:13:24 - [MESSAGE][PASSED] - Text ' ' is set on object 'Object Repository/RAD_Pages/Taxpayer_Page/input_BusinessRepfirstName'

2024-11-12 18:13:24 - [TEST_STEP][PASSED] - setText(findTestObject(orPath_TaxPayer + "/input_BusinessReplastName"), " "): Text ' ' is set on object 'Object Repository/RAD_Pages/Taxpayer_Page/input_BusinessReplastName'

2024-11-12 18:13:25 - [MESSAGE][PASSED] - Text ' ' is set on object 'Object Repository/RAD_Pages/Taxpayer_Page/input_BusinessReplastName'

2024-11-12 18:13:25 - [TEST_STEP][PASSED] - setText(findTestObject(orPath_AddressContact + "/input_streetAddress1"), " "): Text ' ' is set on object 'Object Repository/RAD_Pages/AddressAndContactInfo_Page/input_streetAddress1'

2024-11-12 18:13:26 - [MESSAGE][PASSED] - Text ' ' is set on object 'Object Repository/RAD_Pages/AddressAndContactInfo_Page/input_streetAddress1'

2024-11-12 18:13:26 - [TEST_STEP][PASSED] - setText(findTestObject(orPath_AddressContact + "/input_city"), " "): Text ' ' is set on object 'Object Repository/RAD_Pages/AddressAndContactInfo_Page/input_city'

2024-11-12 18:13:27 - [MESSAGE][PASSED] - Text ' ' is set on object 'Object Repository/RAD_Pages/AddressAndContactInfo_Page/input_city'

2024-11-12 18:13:27 - [TEST_STEP][PASSED] - setText(findTestObject(orPath_AddressContact + "/input_zipCode"), " "): Text ' ' is set on object 'Object Repository/RAD_Pages/AddressAndContactInfo_Page/input_zipCode'

2024-11-12 18:13:27 - [MESSAGE][PASSED] - Text ' ' is set on object 'Object Repository/RAD_Pages/AddressAndContactInfo_Page/input_zipCode'

2024-11-12 18:13:27 - [TEST_STEP][PASSED] - setText(findTestObject(orPath_AddressContact + "/input_phoneNumber"), " "): Text ' ' is set on object 'Object Repository/RAD_Pages/AddressAndContactInfo_Page/input_phoneNumber'

2024-11-12 18:13:28 - [MESSAGE][PASSED] - Text ' ' is set on object 'Object Repository/RAD_Pages/AddressAndContactInfo_Page/input_phoneNumber'

2024-11-12 18:13:28 - [TEST_STEP][PASSED] - setText(findTestObject(orPath_AddressContact + "/input_eMailAddress"), " "): Text ' ' is set on object 'Object Repository/RAD_Pages/AddressAndContactInfo_Page/input_eMailAddress'

2024-11-12 18:13:29 - [MESSAGE][PASSED] - Text ' ' is set on object 'Object Repository/RAD_Pages/AddressAndContactInfo_Page/input_eMailAddress'

2024-11-12 18:13:29 - [TEST_STEP][PASSED] - setText(findTestObject(orPath_AddressContact + "/input_reEnterEMailAddress"), " "): Text ' ' is set on object 'Object Repository/RAD_Pages/AddressAndContactInfo_Page/input_reEnterEMailAddress'

2024-11-12 18:13:30 - [MESSAGE][PASSED] - Text ' ' is set on object 'Object Repository/RAD_Pages/AddressAndContactInfo_Page/input_reEnterEMailAddress'

2024-11-12 18:13:30 - [TEST_STEP][PASSED] - if (TaxType.equalsIgnoreCase("Estate Tax")): null

2024-11-12 18:13:30 - [TEST_STEP][PASSED] - setText(findTestObject(orPath_Amount + "/input__paymentAmount"), ""): Text '' is set on object 'Object Repository/RAD_Pages/PaymentAmount_Page/input__paymentAmount'

2024-11-12 18:13:31 - [MESSAGE][PASSED] - Text '' is set on object 'Object Repository/RAD_Pages/PaymentAmount_Page/input__paymentAmount'

2024-11-12 18:13:31 - [TEST_STEP][PASSED] - resText = "Fail": null

2024-11-12 18:13:31 - [TEST_STEP][PASSED] - pages.WriteExcel.demoKey(resText, datText, resColumn, datCloumn, fileLoc, nameSheet, row): pages.WriteExcel.demoKey is PASSED

2024-11-12 18:13:31 - [MESSAGE][PASSED] - pages.WriteExcel.demoKey is PASSED

2024-11-12 18:13:31 - [TEST_STEP][PASSED] - verifyTextPresent("Enter business name", true, CONTINUE_ON_FAILURE): Text 'Enter business name' is present on page  using regular expression

2024-11-12 18:13:31 - [MESSAGE][PASSED] - Text 'Enter business name' is present on page  using regular expression

2024-11-12 18:13:31 - [TEST_STEP][PASSED] - verifyTextPresent("Enter business rep first name", true, CONTINUE_ON_FAILURE): Text 'Enter business rep first name' is present on page  using regular expression

2024-11-12 18:13:32 - [MESSAGE][PASSED] - Text 'Enter business rep first name' is present on page  using regular expression

2024-11-12 18:13:32 - [TEST_STEP][PASSED] - verifyTextPresent("Enter business rep last name", true, CONTINUE_ON_FAILURE): Text 'Enter business rep last name' is present on page  using regular expression

2024-11-12 18:13:32 - [MESSAGE][PASSED] - Text 'Enter business rep last name' is present on page  using regular expression

2024-11-12 18:13:32 - [TEST_STEP][PASSED] - verifyTextPresent("Enter address", true, CONTINUE_ON_FAILURE): Text 'Enter address' is present on page  using regular expression

2024-11-12 18:13:32 - [MESSAGE][PASSED] - Text 'Enter address' is present on page  using regular expression

2024-11-12 18:13:32 - [TEST_STEP][PASSED] - verifyTextPresent("Enter city", true, CONTINUE_ON_FAILURE): Text 'Enter city' is present on page  using regular expression

2024-11-12 18:13:33 - [MESSAGE][PASSED] - Text 'Enter city' is present on page  using regular expression

2024-11-12 18:13:33 - [TEST_STEP][PASSED] - verifyTextPresent("Enter ZIP code", true, CONTINUE_ON_FAILURE): Text 'Enter ZIP code' is present on page  using regular expression

2024-11-12 18:13:33 - [MESSAGE][PASSED] - Text 'Enter ZIP code' is present on page  using regular expression

2024-11-12 18:13:33 - [TEST_STEP][PASSED] - verifyTextPresent("Enter a valid phone number", true, CONTINUE_ON_FAILURE): Text 'Enter a valid phone number' is present on page  using regular expression

2024-11-12 18:13:34 - [MESSAGE][PASSED] - Text 'Enter a valid phone number' is present on page  using regular expression

2024-11-12 18:13:34 - [TEST_STEP][PASSED] - verifyTextPresent("Enter Email", true, CONTINUE_ON_FAILURE): Text 'Enter Email' is present on page  using regular expression

2024-11-12 18:13:34 - [MESSAGE][PASSED] - Text 'Enter Email' is present on page  using regular expression

2024-11-12 18:13:34 - [TEST_STEP][PASSED] - if (CRN.equalsIgnoreCase("Y")): null

2024-11-12 18:13:34 - [TEST_STEP][PASSED] - setText(findTestObject(orPath_TaxInfo + "/input_MDCRegistrationEL"), " "): Text ' ' is set on object 'Object Repository/RAD_Pages/TaxInfo_Page/input_MDCRegistrationEL'

2024-11-12 18:13:35 - [MESSAGE][PASSED] - Text ' ' is set on object 'Object Repository/RAD_Pages/TaxInfo_Page/input_MDCRegistrationEL'

2024-11-12 18:13:35 - [TEST_STEP][PASSED] - setText(findTestObject(orPath_Amount + "/input__paymentAmount"), ""): Text '' is set on object 'Object Repository/RAD_Pages/PaymentAmount_Page/input__paymentAmount'

2024-11-12 18:13:35 - [MESSAGE][PASSED] - Text '' is set on object 'Object Repository/RAD_Pages/PaymentAmount_Page/input__paymentAmount'

2024-11-12 18:13:35 - [TEST_STEP][PASSED] - if (verifyTextPresent("Enter valid MD Central Registration Number", false)): null

2024-11-12 18:13:36 - [MESSAGE][PASSED] - Text 'Enter valid MD Central Registration Number' is present on page 

2024-11-12 18:13:36 - [TEST_STEP][PASSED] - isRequiredTextPresent = true: null

2024-11-12 18:13:36 - [TEST_STEP][PASSED] - if (MFLicNum.equalsIgnoreCase("Y")): null

2024-11-12 18:13:36 - [TEST_STEP][PASSED] - if (isRequiredTextPresent == true): pages.WriteExcel.demoKey is PASSED

2024-11-12 18:13:36 - [TEST_STEP][PASSED] - println("All the relevant texts are present"): null

2024-11-12 18:13:36 - [TEST_STEP][PASSED] - markPassed("All the relevant texts are present"): All the relevant texts are present

2024-11-12 18:13:36 - [MESSAGE][PASSED] - All the relevant texts are present

2024-11-12 18:13:36 - [TEST_STEP][PASSED] - resText = "Pass": null

2024-11-12 18:13:36 - [TEST_STEP][PASSED] - pages.WriteExcel.demoKey(resText, datText, resColumn, datCloumn, fileLoc, nameSheet, row): pages.WriteExcel.demoKey is PASSED

2024-11-12 18:13:36 - [MESSAGE][PASSED] - pages.WriteExcel.demoKey is PASSED

2024-11-12 18:13:36 - [TEST_STEP][PASSED] - ExecuteTC = findTestData(dataFile).getValue("Execute", row): null

2024-11-12 18:13:36 - [TEST_STEP][PASSED] - TaxType = findTestData(dataFile).getValue("TaxType", row): null

2024-11-12 18:13:36 - [TEST_STEP][PASSED] - PaymentType = findTestData(dataFile).getValue("PaymentType", row): null

2024-11-12 18:13:36 - [TEST_STEP][PASSED] - feinSsn = findTestData(dataFile).getValue("FEINSSN", row): null

2024-11-12 18:13:36 - [TEST_STEP][PASSED] - CRN = findTestData(dataFile).getValue("CRN", row): null

2024-11-12 18:13:36 - [TEST_STEP][PASSED] - MFLicNum = findTestData(dataFile).getValue("MFLicNum", row): null

2024-11-12 18:13:37 - [TEST_STEP][PASSED] - if (ExecuteTC.equalsIgnoreCase("Y")): pages.WriteExcel.demoKey is PASSED

2024-11-12 18:13:37 - [TEST_STEP][PASSED] - out.println("Begin Record Number: " + row): null

2024-11-12 18:13:37 - [TEST_STEP][PASSED] - today = new java.util.Date(): null

2024-11-12 18:13:37 - [TEST_STEP][PASSED] - println(today): null

2024-11-12 18:13:37 - [TEST_STEP][PASSED] - datText = today: null

2024-11-12 18:13:37 - [TEST_STEP][PASSED] - logInfo("Payment Type: Existing Liability with Notice/Invoice Number"): Payment Type: Existing Liability with Notice/Invoice Number

2024-11-12 18:13:37 - [MESSAGE][INFO] - Payment Type: Existing Liability with Notice/Invoice Number

2024-11-12 18:13:37 - [TEST_STEP][PASSED] - logInfo("Tax Type: " + TaxType): Tax Type: Withholding Tax

2024-11-12 18:13:37 - [MESSAGE][INFO] - Tax Type: Withholding Tax

2024-11-12 18:13:37 - [TEST_STEP][PASSED] - openBrowser(""): Browser is opened with url: ''

2024-11-12 18:13:37 - [MESSAGE][WARNING] - A browser is already opened. Closing browser and opening a new one

2024-11-12 18:13:41 - [MESSAGE][INFO] - Starting 'Chrome' driver

2024-11-12 18:13:41 - [MESSAGE][INFO] - User set preference: ['acceptInsecureCerts', 'true']

2024-11-12 18:13:41 - [MESSAGE][INFO] - Action delay is set to 0 milliseconds

2024-11-12 18:13:43 - [MESSAGE][PASSED] - Browser is opened with url: ''

2024-11-12 18:13:43 - [TEST_STEP][PASSED] - maximizeWindow(): Current window maximized

2024-11-12 18:13:43 - [MESSAGE][PASSED] - Current window maximized

2024-11-12 18:13:43 - [TEST_STEP][PASSED] - navigateToUrl(RADurl): Navigate to 'https://www.velocitypayment.com/client/rad/index.html' successfully

2024-11-12 18:13:43 - [MESSAGE][PASSED] - Navigate to 'https://www.velocitypayment.com/client/rad/index.html' successfully

2024-11-12 18:13:43 - [TEST_STEP][PASSED] - selectOptionByLabel(findTestObject(orPath_Landing + "/dd_TaxType"), "Existing Liability with Notice/Invoice Number", false): All options with label 'Existing Liability with Notice/Invoice Number' are selected in object 'Object Repository/RAD_Pages/Landing_Page/dd_TaxType' 

2024-11-12 18:13:45 - [MESSAGE][PASSED] - All options with label 'Existing Liability with Notice/Invoice Number' are selected in object 'Object Repository/RAD_Pages/Landing_Page/dd_TaxType' 

2024-11-12 18:13:45 - [TEST_STEP][PASSED] - selectOptionByLabel(findTestObject(orPath_TaxTypeFilingYear + "/select_TaxType_ExistingLiability"), TaxType, false): All options with label 'Withholding Tax' are selected in object 'Object Repository/RAD_Pages/TaxTypeFilingYear_Page/select_TaxType_ExistingLiability' 

2024-11-12 18:13:46 - [MESSAGE][PASSED] - All options with label 'Withholding Tax' are selected in object 'Object Repository/RAD_Pages/TaxTypeFilingYear_Page/select_TaxType_ExistingLiability' 

2024-11-12 18:13:46 - [TEST_STEP][PASSED] - setText(findTestObject(orPath_TaxPayer + "/input_businessName"), " "): Text ' ' is set on object 'Object Repository/RAD_Pages/Taxpayer_Page/input_businessName'

2024-11-12 18:13:47 - [MESSAGE][PASSED] - Text ' ' is set on object 'Object Repository/RAD_Pages/Taxpayer_Page/input_businessName'

2024-11-12 18:13:47 - [TEST_STEP][PASSED] - setText(findTestObject(orPath_TaxPayer + "/input_BusinessRepfirstName"), " "): Text ' ' is set on object 'Object Repository/RAD_Pages/Taxpayer_Page/input_BusinessRepfirstName'

2024-11-12 18:13:47 - [MESSAGE][PASSED] - Text ' ' is set on object 'Object Repository/RAD_Pages/Taxpayer_Page/input_BusinessRepfirstName'

2024-11-12 18:13:47 - [TEST_STEP][PASSED] - setText(findTestObject(orPath_TaxPayer + "/input_BusinessReplastName"), " "): Text ' ' is set on object 'Object Repository/RAD_Pages/Taxpayer_Page/input_BusinessReplastName'

2024-11-12 18:13:48 - [MESSAGE][PASSED] - Text ' ' is set on object 'Object Repository/RAD_Pages/Taxpayer_Page/input_BusinessReplastName'

2024-11-12 18:13:48 - [TEST_STEP][PASSED] - setText(findTestObject(orPath_AddressContact + "/input_streetAddress1"), " "): Text ' ' is set on object 'Object Repository/RAD_Pages/AddressAndContactInfo_Page/input_streetAddress1'

2024-11-12 18:13:49 - [MESSAGE][PASSED] - Text ' ' is set on object 'Object Repository/RAD_Pages/AddressAndContactInfo_Page/input_streetAddress1'

2024-11-12 18:13:49 - [TEST_STEP][PASSED] - setText(findTestObject(orPath_AddressContact + "/input_city"), " "): Text ' ' is set on object 'Object Repository/RAD_Pages/AddressAndContactInfo_Page/input_city'

2024-11-12 18:13:49 - [MESSAGE][PASSED] - Text ' ' is set on object 'Object Repository/RAD_Pages/AddressAndContactInfo_Page/input_city'

2024-11-12 18:13:49 - [TEST_STEP][PASSED] - setText(findTestObject(orPath_AddressContact + "/input_zipCode"), " "): Text ' ' is set on object 'Object Repository/RAD_Pages/AddressAndContactInfo_Page/input_zipCode'

2024-11-12 18:13:50 - [MESSAGE][PASSED] - Text ' ' is set on object 'Object Repository/RAD_Pages/AddressAndContactInfo_Page/input_zipCode'

2024-11-12 18:13:50 - [TEST_STEP][PASSED] - setText(findTestObject(orPath_AddressContact + "/input_phoneNumber"), " "): Text ' ' is set on object 'Object Repository/RAD_Pages/AddressAndContactInfo_Page/input_phoneNumber'

2024-11-12 18:13:51 - [MESSAGE][PASSED] - Text ' ' is set on object 'Object Repository/RAD_Pages/AddressAndContactInfo_Page/input_phoneNumber'

2024-11-12 18:13:51 - [TEST_STEP][PASSED] - setText(findTestObject(orPath_AddressContact + "/input_eMailAddress"), " "): Text ' ' is set on object 'Object Repository/RAD_Pages/AddressAndContactInfo_Page/input_eMailAddress'

2024-11-12 18:13:52 - [MESSAGE][PASSED] - Text ' ' is set on object 'Object Repository/RAD_Pages/AddressAndContactInfo_Page/input_eMailAddress'

2024-11-12 18:13:52 - [TEST_STEP][PASSED] - setText(findTestObject(orPath_AddressContact + "/input_reEnterEMailAddress"), " "): Text ' ' is set on object 'Object Repository/RAD_Pages/AddressAndContactInfo_Page/input_reEnterEMailAddress'

2024-11-12 18:13:53 - [MESSAGE][PASSED] - Text ' ' is set on object 'Object Repository/RAD_Pages/AddressAndContactInfo_Page/input_reEnterEMailAddress'

2024-11-12 18:13:53 - [TEST_STEP][PASSED] - if (TaxType.equalsIgnoreCase("Estate Tax")): null

2024-11-12 18:13:53 - [TEST_STEP][PASSED] - setText(findTestObject(orPath_Amount + "/input__paymentAmount"), ""): Text '' is set on object 'Object Repository/RAD_Pages/PaymentAmount_Page/input__paymentAmount'

2024-11-12 18:13:53 - [MESSAGE][PASSED] - Text '' is set on object 'Object Repository/RAD_Pages/PaymentAmount_Page/input__paymentAmount'

2024-11-12 18:13:53 - [TEST_STEP][PASSED] - resText = "Fail": null

2024-11-12 18:13:53 - [TEST_STEP][PASSED] - pages.WriteExcel.demoKey(resText, datText, resColumn, datCloumn, fileLoc, nameSheet, row): pages.WriteExcel.demoKey is PASSED

2024-11-12 18:13:54 - [MESSAGE][PASSED] - pages.WriteExcel.demoKey is PASSED

2024-11-12 18:13:54 - [TEST_STEP][PASSED] - verifyTextPresent("Enter business name", true, CONTINUE_ON_FAILURE): Text 'Enter business name' is present on page  using regular expression

2024-11-12 18:13:54 - [MESSAGE][PASSED] - Text 'Enter business name' is present on page  using regular expression

2024-11-12 18:13:54 - [TEST_STEP][PASSED] - verifyTextPresent("Enter business rep first name", true, CONTINUE_ON_FAILURE): Text 'Enter business rep first name' is present on page  using regular expression

2024-11-12 18:13:55 - [MESSAGE][PASSED] - Text 'Enter business rep first name' is present on page  using regular expression

2024-11-12 18:13:55 - [TEST_STEP][PASSED] - verifyTextPresent("Enter business rep last name", true, CONTINUE_ON_FAILURE): Text 'Enter business rep last name' is present on page  using regular expression

2024-11-12 18:13:55 - [MESSAGE][PASSED] - Text 'Enter business rep last name' is present on page  using regular expression

2024-11-12 18:13:55 - [TEST_STEP][PASSED] - verifyTextPresent("Enter address", true, CONTINUE_ON_FAILURE): Text 'Enter address' is present on page  using regular expression

2024-11-12 18:13:55 - [MESSAGE][PASSED] - Text 'Enter address' is present on page  using regular expression

2024-11-12 18:13:55 - [TEST_STEP][PASSED] - verifyTextPresent("Enter city", true, CONTINUE_ON_FAILURE): Text 'Enter city' is present on page  using regular expression

2024-11-12 18:13:56 - [MESSAGE][PASSED] - Text 'Enter city' is present on page  using regular expression

2024-11-12 18:13:56 - [TEST_STEP][PASSED] - verifyTextPresent("Enter ZIP code", true, CONTINUE_ON_FAILURE): Text 'Enter ZIP code' is present on page  using regular expression

2024-11-12 18:13:56 - [MESSAGE][PASSED] - Text 'Enter ZIP code' is present on page  using regular expression

2024-11-12 18:13:56 - [TEST_STEP][PASSED] - verifyTextPresent("Enter a valid phone number", true, CONTINUE_ON_FAILURE): Text 'Enter a valid phone number' is present on page  using regular expression

2024-11-12 18:13:56 - [MESSAGE][PASSED] - Text 'Enter a valid phone number' is present on page  using regular expression

2024-11-12 18:13:56 - [TEST_STEP][PASSED] - verifyTextPresent("Enter Email", true, CONTINUE_ON_FAILURE): Text 'Enter Email' is present on page  using regular expression

2024-11-12 18:13:57 - [MESSAGE][PASSED] - Text 'Enter Email' is present on page  using regular expression

2024-11-12 18:13:57 - [TEST_STEP][PASSED] - if (CRN.equalsIgnoreCase("Y")): null

2024-11-12 18:13:57 - [TEST_STEP][PASSED] - setText(findTestObject(orPath_TaxInfo + "/input_MDCRegistrationEL"), " "): Text ' ' is set on object 'Object Repository/RAD_Pages/TaxInfo_Page/input_MDCRegistrationEL'

2024-11-12 18:13:57 - [MESSAGE][PASSED] - Text ' ' is set on object 'Object Repository/RAD_Pages/TaxInfo_Page/input_MDCRegistrationEL'

2024-11-12 18:13:57 - [TEST_STEP][PASSED] - setText(findTestObject(orPath_Amount + "/input__paymentAmount"), ""): Text '' is set on object 'Object Repository/RAD_Pages/PaymentAmount_Page/input__paymentAmount'

2024-11-12 18:13:58 - [MESSAGE][PASSED] - Text '' is set on object 'Object Repository/RAD_Pages/PaymentAmount_Page/input__paymentAmount'

2024-11-12 18:13:58 - [TEST_STEP][PASSED] - if (verifyTextPresent("Enter valid MD Central Registration Number", false)): null

2024-11-12 18:13:58 - [MESSAGE][PASSED] - Text 'Enter valid MD Central Registration Number' is present on page 

2024-11-12 18:13:58 - [TEST_STEP][PASSED] - isRequiredTextPresent = true: null

2024-11-12 18:13:58 - [TEST_STEP][PASSED] - if (MFLicNum.equalsIgnoreCase("Y")): null

2024-11-12 18:13:58 - [TEST_STEP][PASSED] - if (isRequiredTextPresent == true): pages.WriteExcel.demoKey is PASSED

2024-11-12 18:13:58 - [TEST_STEP][PASSED] - println("All the relevant texts are present"): null

2024-11-12 18:13:58 - [TEST_STEP][PASSED] - markPassed("All the relevant texts are present"): All the relevant texts are present

2024-11-12 18:13:58 - [MESSAGE][PASSED] - All the relevant texts are present

2024-11-12 18:13:58 - [TEST_STEP][PASSED] - resText = "Pass": null

2024-11-12 18:13:58 - [TEST_STEP][PASSED] - pages.WriteExcel.demoKey(resText, datText, resColumn, datCloumn, fileLoc, nameSheet, row): pages.WriteExcel.demoKey is PASSED

2024-11-12 18:13:59 - [MESSAGE][PASSED] - pages.WriteExcel.demoKey is PASSED

2024-11-12 18:13:59 - [TEST_STEP][PASSED] - ExecuteTC = findTestData(dataFile).getValue("Execute", row): null

2024-11-12 18:13:59 - [TEST_STEP][PASSED] - TaxType = findTestData(dataFile).getValue("TaxType", row): null

2024-11-12 18:13:59 - [TEST_STEP][PASSED] - PaymentType = findTestData(dataFile).getValue("PaymentType", row): null

2024-11-12 18:13:59 - [TEST_STEP][PASSED] - feinSsn = findTestData(dataFile).getValue("FEINSSN", row): null

2024-11-12 18:13:59 - [TEST_STEP][PASSED] - CRN = findTestData(dataFile).getValue("CRN", row): null

2024-11-12 18:13:59 - [TEST_STEP][PASSED] - MFLicNum = findTestData(dataFile).getValue("MFLicNum", row): null

2024-11-12 18:13:59 - [TEST_STEP][PASSED] - if (ExecuteTC.equalsIgnoreCase("Y")): pages.WriteExcel.demoKey is PASSED

2024-11-12 18:13:59 - [TEST_STEP][PASSED] - out.println("Begin Record Number: " + row): null

2024-11-12 18:13:59 - [TEST_STEP][PASSED] - today = new java.util.Date(): null

2024-11-12 18:13:59 - [TEST_STEP][PASSED] - println(today): null

2024-11-12 18:13:59 - [TEST_STEP][PASSED] - datText = today: null

2024-11-12 18:13:59 - [TEST_STEP][PASSED] - logInfo("Payment Type: Existing Liability with Notice/Invoice Number"): Payment Type: Existing Liability with Notice/Invoice Number

2024-11-12 18:13:59 - [MESSAGE][INFO] - Payment Type: Existing Liability with Notice/Invoice Number

2024-11-12 18:13:59 - [TEST_STEP][PASSED] - logInfo("Tax Type: " + TaxType): Tax Type: Alcohol Tax

2024-11-12 18:13:59 - [MESSAGE][INFO] - Tax Type: Alcohol Tax

2024-11-12 18:13:59 - [TEST_STEP][PASSED] - openBrowser(""): Browser is opened with url: ''

2024-11-12 18:13:59 - [MESSAGE][WARNING] - A browser is already opened. Closing browser and opening a new one

2024-11-12 18:14:00 - [MESSAGE][INFO] - Starting 'Chrome' driver

2024-11-12 18:14:00 - [MESSAGE][INFO] - User set preference: ['acceptInsecureCerts', 'true']

2024-11-12 18:14:00 - [MESSAGE][INFO] - Action delay is set to 0 milliseconds

2024-11-12 18:14:02 - [MESSAGE][PASSED] - Browser is opened with url: ''

2024-11-12 18:14:02 - [TEST_STEP][PASSED] - maximizeWindow(): Current window maximized

2024-11-12 18:14:02 - [MESSAGE][PASSED] - Current window maximized

2024-11-12 18:14:02 - [TEST_STEP][PASSED] - navigateToUrl(RADurl): Navigate to 'https://www.velocitypayment.com/client/rad/index.html' successfully

2024-11-12 18:14:02 - [MESSAGE][PASSED] - Navigate to 'https://www.velocitypayment.com/client/rad/index.html' successfully

2024-11-12 18:14:02 - [TEST_STEP][PASSED] - selectOptionByLabel(findTestObject(orPath_Landing + "/dd_TaxType"), "Existing Liability with Notice/Invoice Number", false): All options with label 'Existing Liability with Notice/Invoice Number' are selected in object 'Object Repository/RAD_Pages/Landing_Page/dd_TaxType' 

2024-11-12 18:14:04 - [MESSAGE][PASSED] - All options with label 'Existing Liability with Notice/Invoice Number' are selected in object 'Object Repository/RAD_Pages/Landing_Page/dd_TaxType' 

2024-11-12 18:14:04 - [TEST_STEP][PASSED] - selectOptionByLabel(findTestObject(orPath_TaxTypeFilingYear + "/select_TaxType_ExistingLiability"), TaxType, false): All options with label 'Alcohol Tax' are selected in object 'Object Repository/RAD_Pages/TaxTypeFilingYear_Page/select_TaxType_ExistingLiability' 

2024-11-12 18:14:05 - [MESSAGE][PASSED] - All options with label 'Alcohol Tax' are selected in object 'Object Repository/RAD_Pages/TaxTypeFilingYear_Page/select_TaxType_ExistingLiability' 

2024-11-12 18:14:05 - [TEST_STEP][PASSED] - setText(findTestObject(orPath_TaxPayer + "/input_businessName"), " "): Text ' ' is set on object 'Object Repository/RAD_Pages/Taxpayer_Page/input_businessName'

2024-11-12 18:14:06 - [MESSAGE][PASSED] - Text ' ' is set on object 'Object Repository/RAD_Pages/Taxpayer_Page/input_businessName'

2024-11-12 18:14:06 - [TEST_STEP][PASSED] - setText(findTestObject(orPath_TaxPayer + "/input_BusinessRepfirstName"), " "): Text ' ' is set on object 'Object Repository/RAD_Pages/Taxpayer_Page/input_BusinessRepfirstName'

2024-11-12 18:14:07 - [MESSAGE][PASSED] - Text ' ' is set on object 'Object Repository/RAD_Pages/Taxpayer_Page/input_BusinessRepfirstName'

2024-11-12 18:14:07 - [TEST_STEP][PASSED] - setText(findTestObject(orPath_TaxPayer + "/input_BusinessReplastName"), " "): Text ' ' is set on object 'Object Repository/RAD_Pages/Taxpayer_Page/input_BusinessReplastName'

2024-11-12 18:14:08 - [MESSAGE][PASSED] - Text ' ' is set on object 'Object Repository/RAD_Pages/Taxpayer_Page/input_BusinessReplastName'

2024-11-12 18:14:08 - [TEST_STEP][PASSED] - setText(findTestObject(orPath_AddressContact + "/input_streetAddress1"), " "): Text ' ' is set on object 'Object Repository/RAD_Pages/AddressAndContactInfo_Page/input_streetAddress1'

2024-11-12 18:14:08 - [MESSAGE][PASSED] - Text ' ' is set on object 'Object Repository/RAD_Pages/AddressAndContactInfo_Page/input_streetAddress1'

2024-11-12 18:14:08 - [TEST_STEP][PASSED] - setText(findTestObject(orPath_AddressContact + "/input_city"), " "): Text ' ' is set on object 'Object Repository/RAD_Pages/AddressAndContactInfo_Page/input_city'

2024-11-12 18:14:09 - [MESSAGE][PASSED] - Text ' ' is set on object 'Object Repository/RAD_Pages/AddressAndContactInfo_Page/input_city'

2024-11-12 18:14:09 - [TEST_STEP][PASSED] - setText(findTestObject(orPath_AddressContact + "/input_zipCode"), " "): Text ' ' is set on object 'Object Repository/RAD_Pages/AddressAndContactInfo_Page/input_zipCode'

2024-11-12 18:14:10 - [MESSAGE][PASSED] - Text ' ' is set on object 'Object Repository/RAD_Pages/AddressAndContactInfo_Page/input_zipCode'

2024-11-12 18:14:10 - [TEST_STEP][PASSED] - setText(findTestObject(orPath_AddressContact + "/input_phoneNumber"), " "): Text ' ' is set on object 'Object Repository/RAD_Pages/AddressAndContactInfo_Page/input_phoneNumber'

2024-11-12 18:14:11 - [MESSAGE][PASSED] - Text ' ' is set on object 'Object Repository/RAD_Pages/AddressAndContactInfo_Page/input_phoneNumber'

2024-11-12 18:14:11 - [TEST_STEP][PASSED] - setText(findTestObject(orPath_AddressContact + "/input_eMailAddress"), " "): Text ' ' is set on object 'Object Repository/RAD_Pages/AddressAndContactInfo_Page/input_eMailAddress'

2024-11-12 18:14:11 - [MESSAGE][PASSED] - Text ' ' is set on object 'Object Repository/RAD_Pages/AddressAndContactInfo_Page/input_eMailAddress'

2024-11-12 18:14:11 - [TEST_STEP][PASSED] - setText(findTestObject(orPath_AddressContact + "/input_reEnterEMailAddress"), " "): Text ' ' is set on object 'Object Repository/RAD_Pages/AddressAndContactInfo_Page/input_reEnterEMailAddress'

2024-11-12 18:14:12 - [MESSAGE][PASSED] - Text ' ' is set on object 'Object Repository/RAD_Pages/AddressAndContactInfo_Page/input_reEnterEMailAddress'

2024-11-12 18:14:12 - [TEST_STEP][PASSED] - if (TaxType.equalsIgnoreCase("Estate Tax")): null

2024-11-12 18:14:12 - [TEST_STEP][PASSED] - setText(findTestObject(orPath_Amount + "/input__paymentAmount"), ""): Text '' is set on object 'Object Repository/RAD_Pages/PaymentAmount_Page/input__paymentAmount'

2024-11-12 18:14:13 - [MESSAGE][PASSED] - Text '' is set on object 'Object Repository/RAD_Pages/PaymentAmount_Page/input__paymentAmount'

2024-11-12 18:14:13 - [TEST_STEP][PASSED] - resText = "Fail": null

2024-11-12 18:14:13 - [TEST_STEP][PASSED] - pages.WriteExcel.demoKey(resText, datText, resColumn, datCloumn, fileLoc, nameSheet, row): pages.WriteExcel.demoKey is PASSED

2024-11-12 18:14:13 - [MESSAGE][PASSED] - pages.WriteExcel.demoKey is PASSED

2024-11-12 18:14:13 - [TEST_STEP][PASSED] - verifyTextPresent("Enter business name", true, CONTINUE_ON_FAILURE): Text 'Enter business name' is present on page  using regular expression

2024-11-12 18:14:14 - [MESSAGE][PASSED] - Text 'Enter business name' is present on page  using regular expression

2024-11-12 18:14:14 - [TEST_STEP][PASSED] - verifyTextPresent("Enter business rep first name", true, CONTINUE_ON_FAILURE): Text 'Enter business rep first name' is present on page  using regular expression

2024-11-12 18:14:14 - [MESSAGE][PASSED] - Text 'Enter business rep first name' is present on page  using regular expression

2024-11-12 18:14:14 - [TEST_STEP][PASSED] - verifyTextPresent("Enter business rep last name", true, CONTINUE_ON_FAILURE): Text 'Enter business rep last name' is present on page  using regular expression

2024-11-12 18:14:15 - [MESSAGE][PASSED] - Text 'Enter business rep last name' is present on page  using regular expression

2024-11-12 18:14:15 - [TEST_STEP][PASSED] - verifyTextPresent("Enter address", true, CONTINUE_ON_FAILURE): Text 'Enter address' is present on page  using regular expression

2024-11-12 18:14:15 - [MESSAGE][PASSED] - Text 'Enter address' is present on page  using regular expression

2024-11-12 18:14:15 - [TEST_STEP][PASSED] - verifyTextPresent("Enter city", true, CONTINUE_ON_FAILURE): Text 'Enter city' is present on page  using regular expression

2024-11-12 18:14:15 - [MESSAGE][PASSED] - Text 'Enter city' is present on page  using regular expression

2024-11-12 18:14:15 - [TEST_STEP][PASSED] - verifyTextPresent("Enter ZIP code", true, CONTINUE_ON_FAILURE): Text 'Enter ZIP code' is present on page  using regular expression

2024-11-12 18:14:16 - [MESSAGE][PASSED] - Text 'Enter ZIP code' is present on page  using regular expression

2024-11-12 18:14:16 - [TEST_STEP][PASSED] - verifyTextPresent("Enter a valid phone number", true, CONTINUE_ON_FAILURE): Text 'Enter a valid phone number' is present on page  using regular expression

2024-11-12 18:14:16 - [MESSAGE][PASSED] - Text 'Enter a valid phone number' is present on page  using regular expression

2024-11-12 18:14:16 - [TEST_STEP][PASSED] - verifyTextPresent("Enter Email", true, CONTINUE_ON_FAILURE): Text 'Enter Email' is present on page  using regular expression

2024-11-12 18:14:16 - [MESSAGE][PASSED] - Text 'Enter Email' is present on page  using regular expression

2024-11-12 18:14:16 - [TEST_STEP][PASSED] - if (CRN.equalsIgnoreCase("Y")): null

2024-11-12 18:14:16 - [TEST_STEP][PASSED] - setText(findTestObject(orPath_TaxInfo + "/input_MDCRegistrationEL"), " "): Text ' ' is set on object 'Object Repository/RAD_Pages/TaxInfo_Page/input_MDCRegistrationEL'

2024-11-12 18:14:17 - [MESSAGE][PASSED] - Text ' ' is set on object 'Object Repository/RAD_Pages/TaxInfo_Page/input_MDCRegistrationEL'

2024-11-12 18:14:17 - [TEST_STEP][PASSED] - setText(findTestObject(orPath_Amount + "/input__paymentAmount"), ""): Text '' is set on object 'Object Repository/RAD_Pages/PaymentAmount_Page/input__paymentAmount'

2024-11-12 18:14:18 - [MESSAGE][PASSED] - Text '' is set on object 'Object Repository/RAD_Pages/PaymentAmount_Page/input__paymentAmount'

2024-11-12 18:14:18 - [TEST_STEP][PASSED] - if (verifyTextPresent("Enter valid MD Central Registration Number", false)): null

2024-11-12 18:14:18 - [MESSAGE][PASSED] - Text 'Enter valid MD Central Registration Number' is present on page 

2024-11-12 18:14:18 - [TEST_STEP][PASSED] - isRequiredTextPresent = true: null

2024-11-12 18:14:18 - [TEST_STEP][PASSED] - if (MFLicNum.equalsIgnoreCase("Y")): null

2024-11-12 18:14:18 - [TEST_STEP][PASSED] - if (isRequiredTextPresent == true): pages.WriteExcel.demoKey is PASSED

2024-11-12 18:14:18 - [TEST_STEP][PASSED] - println("All the relevant texts are present"): null

2024-11-12 18:14:18 - [TEST_STEP][PASSED] - markPassed("All the relevant texts are present"): All the relevant texts are present

2024-11-12 18:14:18 - [MESSAGE][PASSED] - All the relevant texts are present

2024-11-12 18:14:18 - [TEST_STEP][PASSED] - resText = "Pass": null

2024-11-12 18:14:18 - [TEST_STEP][PASSED] - pages.WriteExcel.demoKey(resText, datText, resColumn, datCloumn, fileLoc, nameSheet, row): pages.WriteExcel.demoKey is PASSED

2024-11-12 18:14:18 - [MESSAGE][PASSED] - pages.WriteExcel.demoKey is PASSED

2024-11-12 18:14:18 - [TEST_STEP][PASSED] - ExecuteTC = findTestData(dataFile).getValue("Execute", row): null

2024-11-12 18:14:18 - [TEST_STEP][PASSED] - TaxType = findTestData(dataFile).getValue("TaxType", row): null

2024-11-12 18:14:18 - [TEST_STEP][PASSED] - PaymentType = findTestData(dataFile).getValue("PaymentType", row): null

2024-11-12 18:14:18 - [TEST_STEP][PASSED] - feinSsn = findTestData(dataFile).getValue("FEINSSN", row): null

2024-11-12 18:14:18 - [TEST_STEP][PASSED] - CRN = findTestData(dataFile).getValue("CRN", row): null

2024-11-12 18:14:18 - [TEST_STEP][PASSED] - MFLicNum = findTestData(dataFile).getValue("MFLicNum", row): null

2024-11-12 18:14:18 - [TEST_STEP][PASSED] - if (ExecuteTC.equalsIgnoreCase("Y")): pages.WriteExcel.demoKey is PASSED

2024-11-12 18:14:18 - [TEST_STEP][PASSED] - out.println("Begin Record Number: " + row): null

2024-11-12 18:14:18 - [TEST_STEP][PASSED] - today = new java.util.Date(): null

2024-11-12 18:14:18 - [TEST_STEP][PASSED] - println(today): null

2024-11-12 18:14:18 - [TEST_STEP][PASSED] - datText = today: null

2024-11-12 18:14:18 - [TEST_STEP][PASSED] - logInfo("Payment Type: Existing Liability with Notice/Invoice Number"): Payment Type: Existing Liability with Notice/Invoice Number

2024-11-12 18:14:18 - [MESSAGE][INFO] - Payment Type: Existing Liability with Notice/Invoice Number

2024-11-12 18:14:18 - [TEST_STEP][PASSED] - logInfo("Tax Type: " + TaxType): Tax Type: PTE Tax Electing Non-S Corp

2024-11-12 18:14:18 - [MESSAGE][INFO] - Tax Type: PTE Tax Electing Non-S Corp

2024-11-12 18:14:18 - [TEST_STEP][PASSED] - openBrowser(""): Browser is opened with url: ''

2024-11-12 18:14:18 - [MESSAGE][WARNING] - A browser is already opened. Closing browser and opening a new one

2024-11-12 18:14:20 - [MESSAGE][INFO] - Starting 'Chrome' driver

2024-11-12 18:14:20 - [MESSAGE][INFO] - User set preference: ['acceptInsecureCerts', 'true']

2024-11-12 18:14:20 - [MESSAGE][INFO] - Action delay is set to 0 milliseconds

2024-11-12 18:14:22 - [MESSAGE][PASSED] - Browser is opened with url: ''

2024-11-12 18:14:22 - [TEST_STEP][PASSED] - maximizeWindow(): Current window maximized

2024-11-12 18:14:22 - [MESSAGE][PASSED] - Current window maximized

2024-11-12 18:14:22 - [TEST_STEP][PASSED] - navigateToUrl(RADurl): Navigate to 'https://www.velocitypayment.com/client/rad/index.html' successfully

2024-11-12 18:14:23 - [MESSAGE][PASSED] - Navigate to 'https://www.velocitypayment.com/client/rad/index.html' successfully

2024-11-12 18:14:23 - [TEST_STEP][PASSED] - selectOptionByLabel(findTestObject(orPath_Landing + "/dd_TaxType"), "Existing Liability with Notice/Invoice Number", false): All options with label 'Existing Liability with Notice/Invoice Number' are selected in object 'Object Repository/RAD_Pages/Landing_Page/dd_TaxType' 

2024-11-12 18:14:24 - [MESSAGE][PASSED] - All options with label 'Existing Liability with Notice/Invoice Number' are selected in object 'Object Repository/RAD_Pages/Landing_Page/dd_TaxType' 

2024-11-12 18:14:24 - [TEST_STEP][PASSED] - selectOptionByLabel(findTestObject(orPath_TaxTypeFilingYear + "/select_TaxType_ExistingLiability"), TaxType, false): All options with label 'PTE Tax Electing Non-S Corp' are selected in object 'Object Repository/RAD_Pages/TaxTypeFilingYear_Page/select_TaxType_ExistingLiability' 

2024-11-12 18:14:25 - [MESSAGE][PASSED] - All options with label 'PTE Tax Electing Non-S Corp' are selected in object 'Object Repository/RAD_Pages/TaxTypeFilingYear_Page/select_TaxType_ExistingLiability' 

2024-11-12 18:14:25 - [TEST_STEP][PASSED] - setText(findTestObject(orPath_TaxPayer + "/input_businessName"), " "): Text ' ' is set on object 'Object Repository/RAD_Pages/Taxpayer_Page/input_businessName'

2024-11-12 18:14:26 - [MESSAGE][PASSED] - Text ' ' is set on object 'Object Repository/RAD_Pages/Taxpayer_Page/input_businessName'

2024-11-12 18:14:26 - [TEST_STEP][PASSED] - setText(findTestObject(orPath_TaxPayer + "/input_BusinessRepfirstName"), " "): Text ' ' is set on object 'Object Repository/RAD_Pages/Taxpayer_Page/input_BusinessRepfirstName'

2024-11-12 18:14:26 - [MESSAGE][PASSED] - Text ' ' is set on object 'Object Repository/RAD_Pages/Taxpayer_Page/input_BusinessRepfirstName'

2024-11-12 18:14:26 - [TEST_STEP][PASSED] - setText(findTestObject(orPath_TaxPayer + "/input_BusinessReplastName"), " "): Text ' ' is set on object 'Object Repository/RAD_Pages/Taxpayer_Page/input_BusinessReplastName'

2024-11-12 18:14:27 - [MESSAGE][PASSED] - Text ' ' is set on object 'Object Repository/RAD_Pages/Taxpayer_Page/input_BusinessReplastName'

2024-11-12 18:14:27 - [TEST_STEP][PASSED] - setText(findTestObject(orPath_AddressContact + "/input_streetAddress1"), " "): Text ' ' is set on object 'Object Repository/RAD_Pages/AddressAndContactInfo_Page/input_streetAddress1'

2024-11-12 18:14:28 - [MESSAGE][PASSED] - Text ' ' is set on object 'Object Repository/RAD_Pages/AddressAndContactInfo_Page/input_streetAddress1'

2024-11-12 18:14:28 - [TEST_STEP][PASSED] - setText(findTestObject(orPath_AddressContact + "/input_city"), " "): Text ' ' is set on object 'Object Repository/RAD_Pages/AddressAndContactInfo_Page/input_city'

2024-11-12 18:14:28 - [MESSAGE][PASSED] - Text ' ' is set on object 'Object Repository/RAD_Pages/AddressAndContactInfo_Page/input_city'

2024-11-12 18:14:28 - [TEST_STEP][PASSED] - setText(findTestObject(orPath_AddressContact + "/input_zipCode"), " "): Text ' ' is set on object 'Object Repository/RAD_Pages/AddressAndContactInfo_Page/input_zipCode'

2024-11-12 18:14:29 - [MESSAGE][PASSED] - Text ' ' is set on object 'Object Repository/RAD_Pages/AddressAndContactInfo_Page/input_zipCode'

2024-11-12 18:14:29 - [TEST_STEP][PASSED] - setText(findTestObject(orPath_AddressContact + "/input_phoneNumber"), " "): Text ' ' is set on object 'Object Repository/RAD_Pages/AddressAndContactInfo_Page/input_phoneNumber'

2024-11-12 18:14:30 - [MESSAGE][PASSED] - Text ' ' is set on object 'Object Repository/RAD_Pages/AddressAndContactInfo_Page/input_phoneNumber'

2024-11-12 18:14:30 - [TEST_STEP][PASSED] - setText(findTestObject(orPath_AddressContact + "/input_eMailAddress"), " "): Text ' ' is set on object 'Object Repository/RAD_Pages/AddressAndContactInfo_Page/input_eMailAddress'

2024-11-12 18:14:31 - [MESSAGE][PASSED] - Text ' ' is set on object 'Object Repository/RAD_Pages/AddressAndContactInfo_Page/input_eMailAddress'

2024-11-12 18:14:31 - [TEST_STEP][PASSED] - setText(findTestObject(orPath_AddressContact + "/input_reEnterEMailAddress"), " "): Text ' ' is set on object 'Object Repository/RAD_Pages/AddressAndContactInfo_Page/input_reEnterEMailAddress'

2024-11-12 18:14:31 - [MESSAGE][PASSED] - Text ' ' is set on object 'Object Repository/RAD_Pages/AddressAndContactInfo_Page/input_reEnterEMailAddress'

2024-11-12 18:14:31 - [TEST_STEP][PASSED] - if (TaxType.equalsIgnoreCase("Estate Tax")): null

2024-11-12 18:14:31 - [TEST_STEP][PASSED] - setText(findTestObject(orPath_Amount + "/input__paymentAmount"), ""): Text '' is set on object 'Object Repository/RAD_Pages/PaymentAmount_Page/input__paymentAmount'

2024-11-12 18:14:32 - [MESSAGE][PASSED] - Text '' is set on object 'Object Repository/RAD_Pages/PaymentAmount_Page/input__paymentAmount'

2024-11-12 18:14:32 - [TEST_STEP][PASSED] - resText = "Fail": null

2024-11-12 18:14:32 - [TEST_STEP][PASSED] - pages.WriteExcel.demoKey(resText, datText, resColumn, datCloumn, fileLoc, nameSheet, row): pages.WriteExcel.demoKey is PASSED

2024-11-12 18:14:33 - [MESSAGE][PASSED] - pages.WriteExcel.demoKey is PASSED

2024-11-12 18:14:33 - [TEST_STEP][PASSED] - verifyTextPresent("Enter business name", true, CONTINUE_ON_FAILURE): Text 'Enter business name' is present on page  using regular expression

2024-11-12 18:14:33 - [MESSAGE][PASSED] - Text 'Enter business name' is present on page  using regular expression

2024-11-12 18:14:33 - [TEST_STEP][PASSED] - verifyTextPresent("Enter business rep first name", true, CONTINUE_ON_FAILURE): Text 'Enter business rep first name' is present on page  using regular expression

2024-11-12 18:14:34 - [MESSAGE][PASSED] - Text 'Enter business rep first name' is present on page  using regular expression

2024-11-12 18:14:34 - [TEST_STEP][PASSED] - verifyTextPresent("Enter business rep last name", true, CONTINUE_ON_FAILURE): Text 'Enter business rep last name' is present on page  using regular expression

2024-11-12 18:14:34 - [MESSAGE][PASSED] - Text 'Enter business rep last name' is present on page  using regular expression

2024-11-12 18:14:34 - [TEST_STEP][PASSED] - verifyTextPresent("Enter address", true, CONTINUE_ON_FAILURE): Text 'Enter address' is present on page  using regular expression

2024-11-12 18:14:34 - [MESSAGE][PASSED] - Text 'Enter address' is present on page  using regular expression

2024-11-12 18:14:34 - [TEST_STEP][PASSED] - verifyTextPresent("Enter city", true, CONTINUE_ON_FAILURE): Text 'Enter city' is present on page  using regular expression

2024-11-12 18:14:35 - [MESSAGE][PASSED] - Text 'Enter city' is present on page  using regular expression

2024-11-12 18:14:35 - [TEST_STEP][PASSED] - verifyTextPresent("Enter ZIP code", true, CONTINUE_ON_FAILURE): Text 'Enter ZIP code' is present on page  using regular expression

2024-11-12 18:14:35 - [MESSAGE][PASSED] - Text 'Enter ZIP code' is present on page  using regular expression

2024-11-12 18:14:35 - [TEST_STEP][PASSED] - verifyTextPresent("Enter a valid phone number", true, CONTINUE_ON_FAILURE): Text 'Enter a valid phone number' is present on page  using regular expression

2024-11-12 18:14:35 - [MESSAGE][PASSED] - Text 'Enter a valid phone number' is present on page  using regular expression

2024-11-12 18:14:35 - [TEST_STEP][PASSED] - verifyTextPresent("Enter Email", true, CONTINUE_ON_FAILURE): Text 'Enter Email' is present on page  using regular expression

2024-11-12 18:14:36 - [MESSAGE][PASSED] - Text 'Enter Email' is present on page  using regular expression

2024-11-12 18:14:36 - [TEST_STEP][PASSED] - if (CRN.equalsIgnoreCase("Y")): null

2024-11-12 18:14:36 - [TEST_STEP][PASSED] - if (MFLicNum.equalsIgnoreCase("Y")): null

2024-11-12 18:14:36 - [TEST_STEP][PASSED] - if (isRequiredTextPresent == true): pages.WriteExcel.demoKey is PASSED

2024-11-12 18:14:36 - [TEST_STEP][PASSED] - println("All the relevant texts are present"): null

2024-11-12 18:14:36 - [TEST_STEP][PASSED] - markPassed("All the relevant texts are present"): All the relevant texts are present

2024-11-12 18:14:36 - [MESSAGE][PASSED] - All the relevant texts are present

2024-11-12 18:14:36 - [TEST_STEP][PASSED] - resText = "Pass": null

2024-11-12 18:14:36 - [TEST_STEP][PASSED] - pages.WriteExcel.demoKey(resText, datText, resColumn, datCloumn, fileLoc, nameSheet, row): pages.WriteExcel.demoKey is PASSED

2024-11-12 18:14:36 - [MESSAGE][PASSED] - pages.WriteExcel.demoKey is PASSED

2024-11-12 18:14:36 - [TEST_STEP][PASSED] - ExecuteTC = findTestData(dataFile).getValue("Execute", row): null

2024-11-12 18:14:36 - [TEST_STEP][PASSED] - TaxType = findTestData(dataFile).getValue("TaxType", row): null

2024-11-12 18:14:36 - [TEST_STEP][PASSED] - PaymentType = findTestData(dataFile).getValue("PaymentType", row): null

2024-11-12 18:14:36 - [TEST_STEP][PASSED] - feinSsn = findTestData(dataFile).getValue("FEINSSN", row): null

2024-11-12 18:14:37 - [TEST_STEP][PASSED] - CRN = findTestData(dataFile).getValue("CRN", row): null

2024-11-12 18:14:37 - [TEST_STEP][PASSED] - MFLicNum = findTestData(dataFile).getValue("MFLicNum", row): null

2024-11-12 18:14:37 - [TEST_STEP][PASSED] - if (ExecuteTC.equalsIgnoreCase("Y")): pages.WriteExcel.demoKey is PASSED

2024-11-12 18:14:37 - [TEST_STEP][PASSED] - out.println("Begin Record Number: " + row): null

2024-11-12 18:14:37 - [TEST_STEP][PASSED] - today = new java.util.Date(): null

2024-11-12 18:14:37 - [TEST_STEP][PASSED] - println(today): null

2024-11-12 18:14:37 - [TEST_STEP][PASSED] - datText = today: null

2024-11-12 18:14:37 - [TEST_STEP][PASSED] - logInfo("Payment Type: Existing Liability with Notice/Invoice Number"): Payment Type: Existing Liability with Notice/Invoice Number

2024-11-12 18:14:37 - [MESSAGE][INFO] - Payment Type: Existing Liability with Notice/Invoice Number

2024-11-12 18:14:37 - [TEST_STEP][PASSED] - logInfo("Tax Type: " + TaxType): Tax Type: PTE Tax Electing S Corp

2024-11-12 18:14:37 - [MESSAGE][INFO] - Tax Type: PTE Tax Electing S Corp

2024-11-12 18:14:37 - [TEST_STEP][PASSED] - openBrowser(""): Browser is opened with url: ''

2024-11-12 18:14:37 - [MESSAGE][WARNING] - A browser is already opened. Closing browser and opening a new one

2024-11-12 18:14:41 - [MESSAGE][INFO] - Starting 'Chrome' driver

2024-11-12 18:14:41 - [MESSAGE][INFO] - User set preference: ['acceptInsecureCerts', 'true']

2024-11-12 18:14:41 - [MESSAGE][INFO] - Action delay is set to 0 milliseconds

2024-11-12 18:14:43 - [MESSAGE][PASSED] - Browser is opened with url: ''

2024-11-12 18:14:43 - [TEST_STEP][PASSED] - maximizeWindow(): Current window maximized

2024-11-12 18:14:43 - [MESSAGE][PASSED] - Current window maximized

2024-11-12 18:14:43 - [TEST_STEP][PASSED] - navigateToUrl(RADurl): Navigate to 'https://www.velocitypayment.com/client/rad/index.html' successfully

2024-11-12 18:14:43 - [MESSAGE][PASSED] - Navigate to 'https://www.velocitypayment.com/client/rad/index.html' successfully

2024-11-12 18:14:43 - [TEST_STEP][PASSED] - selectOptionByLabel(findTestObject(orPath_Landing + "/dd_TaxType"), "Existing Liability with Notice/Invoice Number", false): All options with label 'Existing Liability with Notice/Invoice Number' are selected in object 'Object Repository/RAD_Pages/Landing_Page/dd_TaxType' 

2024-11-12 18:14:46 - [MESSAGE][PASSED] - All options with label 'Existing Liability with Notice/Invoice Number' are selected in object 'Object Repository/RAD_Pages/Landing_Page/dd_TaxType' 

2024-11-12 18:14:46 - [TEST_STEP][PASSED] - selectOptionByLabel(findTestObject(orPath_TaxTypeFilingYear + "/select_TaxType_ExistingLiability"), TaxType, false): All options with label 'PTE Tax Electing S Corp' are selected in object 'Object Repository/RAD_Pages/TaxTypeFilingYear_Page/select_TaxType_ExistingLiability' 

2024-11-12 18:14:46 - [MESSAGE][PASSED] - All options with label 'PTE Tax Electing S Corp' are selected in object 'Object Repository/RAD_Pages/TaxTypeFilingYear_Page/select_TaxType_ExistingLiability' 

2024-11-12 18:14:46 - [TEST_STEP][PASSED] - setText(findTestObject(orPath_TaxPayer + "/input_businessName"), " "): Text ' ' is set on object 'Object Repository/RAD_Pages/Taxpayer_Page/input_businessName'

2024-11-12 18:14:47 - [MESSAGE][PASSED] - Text ' ' is set on object 'Object Repository/RAD_Pages/Taxpayer_Page/input_businessName'

2024-11-12 18:14:47 - [TEST_STEP][PASSED] - setText(findTestObject(orPath_TaxPayer + "/input_BusinessRepfirstName"), " "): Text ' ' is set on object 'Object Repository/RAD_Pages/Taxpayer_Page/input_BusinessRepfirstName'

2024-11-12 18:14:48 - [MESSAGE][PASSED] - Text ' ' is set on object 'Object Repository/RAD_Pages/Taxpayer_Page/input_BusinessRepfirstName'

2024-11-12 18:14:48 - [TEST_STEP][PASSED] - setText(findTestObject(orPath_TaxPayer + "/input_BusinessReplastName"), " "): Text ' ' is set on object 'Object Repository/RAD_Pages/Taxpayer_Page/input_BusinessReplastName'

2024-11-12 18:14:49 - [MESSAGE][PASSED] - Text ' ' is set on object 'Object Repository/RAD_Pages/Taxpayer_Page/input_BusinessReplastName'

2024-11-12 18:14:49 - [TEST_STEP][PASSED] - setText(findTestObject(orPath_AddressContact + "/input_streetAddress1"), " "): Text ' ' is set on object 'Object Repository/RAD_Pages/AddressAndContactInfo_Page/input_streetAddress1'

2024-11-12 18:14:49 - [MESSAGE][PASSED] - Text ' ' is set on object 'Object Repository/RAD_Pages/AddressAndContactInfo_Page/input_streetAddress1'

2024-11-12 18:14:49 - [TEST_STEP][PASSED] - setText(findTestObject(orPath_AddressContact + "/input_city"), " "): Text ' ' is set on object 'Object Repository/RAD_Pages/AddressAndContactInfo_Page/input_city'

2024-11-12 18:14:50 - [MESSAGE][PASSED] - Text ' ' is set on object 'Object Repository/RAD_Pages/AddressAndContactInfo_Page/input_city'

2024-11-12 18:14:50 - [TEST_STEP][PASSED] - setText(findTestObject(orPath_AddressContact + "/input_zipCode"), " "): Text ' ' is set on object 'Object Repository/RAD_Pages/AddressAndContactInfo_Page/input_zipCode'

2024-11-12 18:14:51 - [MESSAGE][PASSED] - Text ' ' is set on object 'Object Repository/RAD_Pages/AddressAndContactInfo_Page/input_zipCode'

2024-11-12 18:14:51 - [TEST_STEP][PASSED] - setText(findTestObject(orPath_AddressContact + "/input_phoneNumber"), " "): Text ' ' is set on object 'Object Repository/RAD_Pages/AddressAndContactInfo_Page/input_phoneNumber'

2024-11-12 18:14:52 - [MESSAGE][PASSED] - Text ' ' is set on object 'Object Repository/RAD_Pages/AddressAndContactInfo_Page/input_phoneNumber'

2024-11-12 18:14:52 - [TEST_STEP][PASSED] - setText(findTestObject(orPath_AddressContact + "/input_eMailAddress"), " "): Text ' ' is set on object 'Object Repository/RAD_Pages/AddressAndContactInfo_Page/input_eMailAddress'

2024-11-12 18:14:53 - [MESSAGE][PASSED] - Text ' ' is set on object 'Object Repository/RAD_Pages/AddressAndContactInfo_Page/input_eMailAddress'

2024-11-12 18:14:53 - [TEST_STEP][PASSED] - setText(findTestObject(orPath_AddressContact + "/input_reEnterEMailAddress"), " "): Text ' ' is set on object 'Object Repository/RAD_Pages/AddressAndContactInfo_Page/input_reEnterEMailAddress'

2024-11-12 18:14:53 - [MESSAGE][PASSED] - Text ' ' is set on object 'Object Repository/RAD_Pages/AddressAndContactInfo_Page/input_reEnterEMailAddress'

2024-11-12 18:14:53 - [TEST_STEP][PASSED] - if (TaxType.equalsIgnoreCase("Estate Tax")): null

2024-11-12 18:14:53 - [TEST_STEP][PASSED] - setText(findTestObject(orPath_Amount + "/input__paymentAmount"), ""): Text '' is set on object 'Object Repository/RAD_Pages/PaymentAmount_Page/input__paymentAmount'

2024-11-12 18:14:54 - [MESSAGE][PASSED] - Text '' is set on object 'Object Repository/RAD_Pages/PaymentAmount_Page/input__paymentAmount'

2024-11-12 18:14:54 - [TEST_STEP][PASSED] - resText = "Fail": null

2024-11-12 18:14:54 - [TEST_STEP][PASSED] - pages.WriteExcel.demoKey(resText, datText, resColumn, datCloumn, fileLoc, nameSheet, row): pages.WriteExcel.demoKey is PASSED

2024-11-12 18:14:54 - [MESSAGE][PASSED] - pages.WriteExcel.demoKey is PASSED

2024-11-12 18:14:55 - [TEST_STEP][PASSED] - verifyTextPresent("Enter business name", true, CONTINUE_ON_FAILURE): Text 'Enter business name' is present on page  using regular expression

2024-11-12 18:14:55 - [MESSAGE][PASSED] - Text 'Enter business name' is present on page  using regular expression

2024-11-12 18:14:55 - [TEST_STEP][PASSED] - verifyTextPresent("Enter business rep first name", true, CONTINUE_ON_FAILURE): Text 'Enter business rep first name' is present on page  using regular expression

2024-11-12 18:14:55 - [MESSAGE][PASSED] - Text 'Enter business rep first name' is present on page  using regular expression

2024-11-12 18:14:55 - [TEST_STEP][PASSED] - verifyTextPresent("Enter business rep last name", true, CONTINUE_ON_FAILURE): Text 'Enter business rep last name' is present on page  using regular expression

2024-11-12 18:14:56 - [MESSAGE][PASSED] - Text 'Enter business rep last name' is present on page  using regular expression

2024-11-12 18:14:56 - [TEST_STEP][PASSED] - verifyTextPresent("Enter address", true, CONTINUE_ON_FAILURE): Text 'Enter address' is present on page  using regular expression

2024-11-12 18:14:56 - [MESSAGE][PASSED] - Text 'Enter address' is present on page  using regular expression

2024-11-12 18:14:56 - [TEST_STEP][PASSED] - verifyTextPresent("Enter city", true, CONTINUE_ON_FAILURE): Text 'Enter city' is present on page  using regular expression

2024-11-12 18:14:57 - [MESSAGE][PASSED] - Text 'Enter city' is present on page  using regular expression

2024-11-12 18:14:57 - [TEST_STEP][PASSED] - verifyTextPresent("Enter ZIP code", true, CONTINUE_ON_FAILURE): Text 'Enter ZIP code' is present on page  using regular expression

2024-11-12 18:14:57 - [MESSAGE][PASSED] - Text 'Enter ZIP code' is present on page  using regular expression

2024-11-12 18:14:57 - [TEST_STEP][PASSED] - verifyTextPresent("Enter a valid phone number", true, CONTINUE_ON_FAILURE): Text 'Enter a valid phone number' is present on page  using regular expression

2024-11-12 18:14:57 - [MESSAGE][PASSED] - Text 'Enter a valid phone number' is present on page  using regular expression

2024-11-12 18:14:57 - [TEST_STEP][PASSED] - verifyTextPresent("Enter Email", true, CONTINUE_ON_FAILURE): Text 'Enter Email' is present on page  using regular expression

2024-11-12 18:14:58 - [MESSAGE][PASSED] - Text 'Enter Email' is present on page  using regular expression

2024-11-12 18:14:58 - [TEST_STEP][PASSED] - if (CRN.equalsIgnoreCase("Y")): null

2024-11-12 18:14:58 - [TEST_STEP][PASSED] - if (MFLicNum.equalsIgnoreCase("Y")): null

2024-11-12 18:14:58 - [TEST_STEP][PASSED] - if (isRequiredTextPresent == true): pages.WriteExcel.demoKey is PASSED

2024-11-12 18:14:58 - [TEST_STEP][PASSED] - println("All the relevant texts are present"): null

2024-11-12 18:14:58 - [TEST_STEP][PASSED] - markPassed("All the relevant texts are present"): All the relevant texts are present

2024-11-12 18:14:58 - [MESSAGE][PASSED] - All the relevant texts are present

2024-11-12 18:14:58 - [TEST_STEP][PASSED] - resText = "Pass": null

2024-11-12 18:14:58 - [TEST_STEP][PASSED] - pages.WriteExcel.demoKey(resText, datText, resColumn, datCloumn, fileLoc, nameSheet, row): pages.WriteExcel.demoKey is PASSED

2024-11-12 18:14:58 - [MESSAGE][PASSED] - pages.WriteExcel.demoKey is PASSED

2024-11-12 18:14:58 - [TEST_STEP][PASSED] - ExecuteTC = findTestData(dataFile).getValue("Execute", row): null

2024-11-12 18:14:58 - [TEST_STEP][PASSED] - TaxType = findTestData(dataFile).getValue("TaxType", row): null

2024-11-12 18:14:58 - [TEST_STEP][PASSED] - PaymentType = findTestData(dataFile).getValue("PaymentType", row): null

2024-11-12 18:14:58 - [TEST_STEP][PASSED] - feinSsn = findTestData(dataFile).getValue("FEINSSN", row): null

2024-11-12 18:14:58 - [TEST_STEP][PASSED] - CRN = findTestData(dataFile).getValue("CRN", row): null

2024-11-12 18:14:58 - [TEST_STEP][PASSED] - MFLicNum = findTestData(dataFile).getValue("MFLicNum", row): null

2024-11-12 18:14:58 - [TEST_STEP][PASSED] - if (ExecuteTC.equalsIgnoreCase("Y")): pages.WriteExcel.demoKey is PASSED

2024-11-12 18:14:58 - [TEST_STEP][PASSED] - out.println("Begin Record Number: " + row): null

2024-11-12 18:14:58 - [TEST_STEP][PASSED] - today = new java.util.Date(): null

2024-11-12 18:14:58 - [TEST_STEP][PASSED] - println(today): null

2024-11-12 18:14:58 - [TEST_STEP][PASSED] - datText = today: null

2024-11-12 18:14:58 - [TEST_STEP][PASSED] - logInfo("Payment Type: Existing Liability with Notice/Invoice Number"): Payment Type: Existing Liability with Notice/Invoice Number

2024-11-12 18:14:58 - [MESSAGE][INFO] - Payment Type: Existing Liability with Notice/Invoice Number

2024-11-12 18:14:58 - [TEST_STEP][PASSED] - logInfo("Tax Type: " + TaxType): Tax Type: Admissions and Amusement Tax

2024-11-12 18:14:58 - [MESSAGE][INFO] - Tax Type: Admissions and Amusement Tax

2024-11-12 18:14:58 - [TEST_STEP][PASSED] - openBrowser(""): Browser is opened with url: ''

2024-11-12 18:14:58 - [MESSAGE][WARNING] - A browser is already opened. Closing browser and opening a new one

2024-11-12 18:15:00 - [MESSAGE][INFO] - Starting 'Chrome' driver

2024-11-12 18:15:00 - [MESSAGE][INFO] - User set preference: ['acceptInsecureCerts', 'true']

2024-11-12 18:15:00 - [MESSAGE][INFO] - Action delay is set to 0 milliseconds

2024-11-12 18:15:01 - [MESSAGE][PASSED] - Browser is opened with url: ''

2024-11-12 18:15:01 - [TEST_STEP][PASSED] - maximizeWindow(): Current window maximized

2024-11-12 18:15:02 - [MESSAGE][PASSED] - Current window maximized

2024-11-12 18:15:02 - [TEST_STEP][PASSED] - navigateToUrl(RADurl): Navigate to 'https://www.velocitypayment.com/client/rad/index.html' successfully

2024-11-12 18:15:03 - [MESSAGE][PASSED] - Navigate to 'https://www.velocitypayment.com/client/rad/index.html' successfully

2024-11-12 18:15:03 - [TEST_STEP][PASSED] - selectOptionByLabel(findTestObject(orPath_Landing + "/dd_TaxType"), "Existing Liability with Notice/Invoice Number", false): All options with label 'Existing Liability with Notice/Invoice Number' are selected in object 'Object Repository/RAD_Pages/Landing_Page/dd_TaxType' 

2024-11-12 18:15:04 - [MESSAGE][PASSED] - All options with label 'Existing Liability with Notice/Invoice Number' are selected in object 'Object Repository/RAD_Pages/Landing_Page/dd_TaxType' 

2024-11-12 18:15:04 - [TEST_STEP][PASSED] - selectOptionByLabel(findTestObject(orPath_TaxTypeFilingYear + "/select_TaxType_ExistingLiability"), TaxType, false): All options with label 'Admissions and Amusement Tax' are selected in object 'Object Repository/RAD_Pages/TaxTypeFilingYear_Page/select_TaxType_ExistingLiability' 

2024-11-12 18:15:05 - [MESSAGE][PASSED] - All options with label 'Admissions and Amusement Tax' are selected in object 'Object Repository/RAD_Pages/TaxTypeFilingYear_Page/select_TaxType_ExistingLiability' 

2024-11-12 18:15:05 - [TEST_STEP][PASSED] - setText(findTestObject(orPath_TaxPayer + "/input_businessName"), " "): Text ' ' is set on object 'Object Repository/RAD_Pages/Taxpayer_Page/input_businessName'

2024-11-12 18:15:06 - [MESSAGE][PASSED] - Text ' ' is set on object 'Object Repository/RAD_Pages/Taxpayer_Page/input_businessName'

2024-11-12 18:15:06 - [TEST_STEP][PASSED] - setText(findTestObject(orPath_TaxPayer + "/input_BusinessRepfirstName"), " "): Text ' ' is set on object 'Object Repository/RAD_Pages/Taxpayer_Page/input_BusinessRepfirstName'

2024-11-12 18:15:06 - [MESSAGE][PASSED] - Text ' ' is set on object 'Object Repository/RAD_Pages/Taxpayer_Page/input_BusinessRepfirstName'

2024-11-12 18:15:06 - [TEST_STEP][PASSED] - setText(findTestObject(orPath_TaxPayer + "/input_BusinessReplastName"), " "): Text ' ' is set on object 'Object Repository/RAD_Pages/Taxpayer_Page/input_BusinessReplastName'

2024-11-12 18:15:07 - [MESSAGE][PASSED] - Text ' ' is set on object 'Object Repository/RAD_Pages/Taxpayer_Page/input_BusinessReplastName'

2024-11-12 18:15:07 - [TEST_STEP][PASSED] - setText(findTestObject(orPath_AddressContact + "/input_streetAddress1"), " "): Text ' ' is set on object 'Object Repository/RAD_Pages/AddressAndContactInfo_Page/input_streetAddress1'

2024-11-12 18:15:08 - [MESSAGE][PASSED] - Text ' ' is set on object 'Object Repository/RAD_Pages/AddressAndContactInfo_Page/input_streetAddress1'

2024-11-12 18:15:08 - [TEST_STEP][PASSED] - setText(findTestObject(orPath_AddressContact + "/input_city"), " "): Text ' ' is set on object 'Object Repository/RAD_Pages/AddressAndContactInfo_Page/input_city'

2024-11-12 18:15:09 - [MESSAGE][PASSED] - Text ' ' is set on object 'Object Repository/RAD_Pages/AddressAndContactInfo_Page/input_city'

2024-11-12 18:15:09 - [TEST_STEP][PASSED] - setText(findTestObject(orPath_AddressContact + "/input_zipCode"), " "): Text ' ' is set on object 'Object Repository/RAD_Pages/AddressAndContactInfo_Page/input_zipCode'

2024-11-12 18:15:09 - [MESSAGE][PASSED] - Text ' ' is set on object 'Object Repository/RAD_Pages/AddressAndContactInfo_Page/input_zipCode'

2024-11-12 18:15:09 - [TEST_STEP][PASSED] - setText(findTestObject(orPath_AddressContact + "/input_phoneNumber"), " "): Text ' ' is set on object 'Object Repository/RAD_Pages/AddressAndContactInfo_Page/input_phoneNumber'

2024-11-12 18:15:10 - [MESSAGE][PASSED] - Text ' ' is set on object 'Object Repository/RAD_Pages/AddressAndContactInfo_Page/input_phoneNumber'

2024-11-12 18:15:10 - [TEST_STEP][PASSED] - setText(findTestObject(orPath_AddressContact + "/input_eMailAddress"), " "): Text ' ' is set on object 'Object Repository/RAD_Pages/AddressAndContactInfo_Page/input_eMailAddress'

2024-11-12 18:15:11 - [MESSAGE][PASSED] - Text ' ' is set on object 'Object Repository/RAD_Pages/AddressAndContactInfo_Page/input_eMailAddress'

2024-11-12 18:15:11 - [TEST_STEP][PASSED] - setText(findTestObject(orPath_AddressContact + "/input_reEnterEMailAddress"), " "): Text ' ' is set on object 'Object Repository/RAD_Pages/AddressAndContactInfo_Page/input_reEnterEMailAddress'

2024-11-12 18:15:12 - [MESSAGE][PASSED] - Text ' ' is set on object 'Object Repository/RAD_Pages/AddressAndContactInfo_Page/input_reEnterEMailAddress'

2024-11-12 18:15:12 - [TEST_STEP][PASSED] - if (TaxType.equalsIgnoreCase("Estate Tax")): null

2024-11-12 18:15:12 - [TEST_STEP][PASSED] - setText(findTestObject(orPath_Amount + "/input__paymentAmount"), ""): Text '' is set on object 'Object Repository/RAD_Pages/PaymentAmount_Page/input__paymentAmount'

2024-11-12 18:15:13 - [MESSAGE][PASSED] - Text '' is set on object 'Object Repository/RAD_Pages/PaymentAmount_Page/input__paymentAmount'

2024-11-12 18:15:13 - [TEST_STEP][PASSED] - resText = "Fail": null

2024-11-12 18:15:13 - [TEST_STEP][PASSED] - pages.WriteExcel.demoKey(resText, datText, resColumn, datCloumn, fileLoc, nameSheet, row): pages.WriteExcel.demoKey is PASSED

2024-11-12 18:15:13 - [MESSAGE][PASSED] - pages.WriteExcel.demoKey is PASSED

2024-11-12 18:15:13 - [TEST_STEP][PASSED] - verifyTextPresent("Enter business name", true, CONTINUE_ON_FAILURE): Text 'Enter business name' is present on page  using regular expression

2024-11-12 18:15:14 - [MESSAGE][PASSED] - Text 'Enter business name' is present on page  using regular expression

2024-11-12 18:15:14 - [TEST_STEP][PASSED] - verifyTextPresent("Enter business rep first name", true, CONTINUE_ON_FAILURE): Text 'Enter business rep first name' is present on page  using regular expression

2024-11-12 18:15:14 - [MESSAGE][PASSED] - Text 'Enter business rep first name' is present on page  using regular expression

2024-11-12 18:15:14 - [TEST_STEP][PASSED] - verifyTextPresent("Enter business rep last name", true, CONTINUE_ON_FAILURE): Text 'Enter business rep last name' is present on page  using regular expression

2024-11-12 18:15:14 - [MESSAGE][PASSED] - Text 'Enter business rep last name' is present on page  using regular expression

2024-11-12 18:15:14 - [TEST_STEP][PASSED] - verifyTextPresent("Enter address", true, CONTINUE_ON_FAILURE): Text 'Enter address' is present on page  using regular expression

2024-11-12 18:15:15 - [MESSAGE][PASSED] - Text 'Enter address' is present on page  using regular expression

2024-11-12 18:15:15 - [TEST_STEP][PASSED] - verifyTextPresent("Enter city", true, CONTINUE_ON_FAILURE): Text 'Enter city' is present on page  using regular expression

2024-11-12 18:15:15 - [MESSAGE][PASSED] - Text 'Enter city' is present on page  using regular expression

2024-11-12 18:15:15 - [TEST_STEP][PASSED] - verifyTextPresent("Enter ZIP code", true, CONTINUE_ON_FAILURE): Text 'Enter ZIP code' is present on page  using regular expression

2024-11-12 18:15:15 - [MESSAGE][PASSED] - Text 'Enter ZIP code' is present on page  using regular expression

2024-11-12 18:15:15 - [TEST_STEP][PASSED] - verifyTextPresent("Enter a valid phone number", true, CONTINUE_ON_FAILURE): Text 'Enter a valid phone number' is present on page  using regular expression

2024-11-12 18:15:16 - [MESSAGE][PASSED] - Text 'Enter a valid phone number' is present on page  using regular expression

2024-11-12 18:15:16 - [TEST_STEP][PASSED] - verifyTextPresent("Enter Email", true, CONTINUE_ON_FAILURE): Text 'Enter Email' is present on page  using regular expression

2024-11-12 18:15:16 - [MESSAGE][PASSED] - Text 'Enter Email' is present on page  using regular expression

2024-11-12 18:15:16 - [TEST_STEP][PASSED] - if (CRN.equalsIgnoreCase("Y")): null

2024-11-12 18:15:16 - [TEST_STEP][PASSED] - setText(findTestObject(orPath_TaxInfo + "/input_MDCRegistrationEL"), " "): Text ' ' is set on object 'Object Repository/RAD_Pages/TaxInfo_Page/input_MDCRegistrationEL'

2024-11-12 18:15:17 - [MESSAGE][PASSED] - Text ' ' is set on object 'Object Repository/RAD_Pages/TaxInfo_Page/input_MDCRegistrationEL'

2024-11-12 18:15:17 - [TEST_STEP][PASSED] - setText(findTestObject(orPath_Amount + "/input__paymentAmount"), ""): Text '' is set on object 'Object Repository/RAD_Pages/PaymentAmount_Page/input__paymentAmount'

2024-11-12 18:15:17 - [MESSAGE][PASSED] - Text '' is set on object 'Object Repository/RAD_Pages/PaymentAmount_Page/input__paymentAmount'

2024-11-12 18:15:17 - [TEST_STEP][PASSED] - if (verifyTextPresent("Enter valid MD Central Registration Number", false)): null

2024-11-12 18:15:18 - [MESSAGE][PASSED] - Text 'Enter valid MD Central Registration Number' is present on page 

2024-11-12 18:15:18 - [TEST_STEP][PASSED] - isRequiredTextPresent = true: null

2024-11-12 18:15:18 - [TEST_STEP][PASSED] - if (MFLicNum.equalsIgnoreCase("Y")): null

2024-11-12 18:15:18 - [TEST_STEP][PASSED] - if (isRequiredTextPresent == true): pages.WriteExcel.demoKey is PASSED

2024-11-12 18:15:18 - [TEST_STEP][PASSED] - println("All the relevant texts are present"): null

2024-11-12 18:15:18 - [TEST_STEP][PASSED] - markPassed("All the relevant texts are present"): All the relevant texts are present

2024-11-12 18:15:18 - [MESSAGE][PASSED] - All the relevant texts are present

2024-11-12 18:15:18 - [TEST_STEP][PASSED] - resText = "Pass": null

2024-11-12 18:15:18 - [TEST_STEP][PASSED] - pages.WriteExcel.demoKey(resText, datText, resColumn, datCloumn, fileLoc, nameSheet, row): pages.WriteExcel.demoKey is PASSED

2024-11-12 18:15:18 - [MESSAGE][PASSED] - pages.WriteExcel.demoKey is PASSED

2024-11-12 18:15:18 - [TEST_STEP][PASSED] - ExecuteTC = findTestData(dataFile).getValue("Execute", row): null

2024-11-12 18:15:18 - [TEST_STEP][PASSED] - TaxType = findTestData(dataFile).getValue("TaxType", row): null

2024-11-12 18:15:18 - [TEST_STEP][PASSED] - PaymentType = findTestData(dataFile).getValue("PaymentType", row): null

2024-11-12 18:15:18 - [TEST_STEP][PASSED] - feinSsn = findTestData(dataFile).getValue("FEINSSN", row): null

2024-11-12 18:15:18 - [TEST_STEP][PASSED] - CRN = findTestData(dataFile).getValue("CRN", row): null

2024-11-12 18:15:18 - [TEST_STEP][PASSED] - MFLicNum = findTestData(dataFile).getValue("MFLicNum", row): null

2024-11-12 18:15:18 - [TEST_STEP][PASSED] - if (ExecuteTC.equalsIgnoreCase("Y")): pages.WriteExcel.demoKey is PASSED

2024-11-12 18:15:18 - [TEST_STEP][PASSED] - out.println("Begin Record Number: " + row): null

2024-11-12 18:15:18 - [TEST_STEP][PASSED] - today = new java.util.Date(): null

2024-11-12 18:15:18 - [TEST_STEP][PASSED] - println(today): null

2024-11-12 18:15:18 - [TEST_STEP][PASSED] - datText = today: null

2024-11-12 18:15:18 - [TEST_STEP][PASSED] - logInfo("Payment Type: Existing Liability with Notice/Invoice Number"): Payment Type: Existing Liability with Notice/Invoice Number

2024-11-12 18:15:18 - [MESSAGE][INFO] - Payment Type: Existing Liability with Notice/Invoice Number

2024-11-12 18:15:18 - [TEST_STEP][PASSED] - logInfo("Tax Type: " + TaxType): Tax Type: Motor Fuel Tax

2024-11-12 18:15:18 - [MESSAGE][INFO] - Tax Type: Motor Fuel Tax

2024-11-12 18:15:18 - [TEST_STEP][PASSED] - openBrowser(""): Browser is opened with url: ''

2024-11-12 18:15:18 - [MESSAGE][WARNING] - A browser is already opened. Closing browser and opening a new one

2024-11-12 18:15:20 - [MESSAGE][INFO] - Starting 'Chrome' driver

2024-11-12 18:15:20 - [MESSAGE][INFO] - User set preference: ['acceptInsecureCerts', 'true']

2024-11-12 18:15:20 - [MESSAGE][INFO] - Action delay is set to 0 milliseconds

2024-11-12 18:15:21 - [MESSAGE][PASSED] - Browser is opened with url: ''

2024-11-12 18:15:21 - [TEST_STEP][PASSED] - maximizeWindow(): Current window maximized

2024-11-12 18:15:21 - [MESSAGE][PASSED] - Current window maximized

2024-11-12 18:15:21 - [TEST_STEP][PASSED] - navigateToUrl(RADurl): Navigate to 'https://www.velocitypayment.com/client/rad/index.html' successfully

2024-11-12 18:15:22 - [MESSAGE][PASSED] - Navigate to 'https://www.velocitypayment.com/client/rad/index.html' successfully

2024-11-12 18:15:22 - [TEST_STEP][PASSED] - selectOptionByLabel(findTestObject(orPath_Landing + "/dd_TaxType"), "Existing Liability with Notice/Invoice Number", false): All options with label 'Existing Liability with Notice/Invoice Number' are selected in object 'Object Repository/RAD_Pages/Landing_Page/dd_TaxType' 

2024-11-12 18:15:24 - [MESSAGE][PASSED] - All options with label 'Existing Liability with Notice/Invoice Number' are selected in object 'Object Repository/RAD_Pages/Landing_Page/dd_TaxType' 

2024-11-12 18:15:24 - [TEST_STEP][PASSED] - selectOptionByLabel(findTestObject(orPath_TaxTypeFilingYear + "/select_TaxType_ExistingLiability"), TaxType, false): All options with label 'Motor Fuel Tax' are selected in object 'Object Repository/RAD_Pages/TaxTypeFilingYear_Page/select_TaxType_ExistingLiability' 

2024-11-12 18:15:24 - [MESSAGE][PASSED] - All options with label 'Motor Fuel Tax' are selected in object 'Object Repository/RAD_Pages/TaxTypeFilingYear_Page/select_TaxType_ExistingLiability' 

2024-11-12 18:15:24 - [TEST_STEP][PASSED] - setText(findTestObject(orPath_TaxPayer + "/input_businessName"), " "): Text ' ' is set on object 'Object Repository/RAD_Pages/Taxpayer_Page/input_businessName'

2024-11-12 18:15:25 - [MESSAGE][PASSED] - Text ' ' is set on object 'Object Repository/RAD_Pages/Taxpayer_Page/input_businessName'

2024-11-12 18:15:25 - [TEST_STEP][PASSED] - setText(findTestObject(orPath_TaxPayer + "/input_BusinessRepfirstName"), " "): Text ' ' is set on object 'Object Repository/RAD_Pages/Taxpayer_Page/input_BusinessRepfirstName'

2024-11-12 18:15:26 - [MESSAGE][PASSED] - Text ' ' is set on object 'Object Repository/RAD_Pages/Taxpayer_Page/input_BusinessRepfirstName'

2024-11-12 18:15:26 - [TEST_STEP][PASSED] - setText(findTestObject(orPath_TaxPayer + "/input_BusinessReplastName"), " "): Text ' ' is set on object 'Object Repository/RAD_Pages/Taxpayer_Page/input_BusinessReplastName'

2024-11-12 18:15:27 - [MESSAGE][PASSED] - Text ' ' is set on object 'Object Repository/RAD_Pages/Taxpayer_Page/input_BusinessReplastName'

2024-11-12 18:15:27 - [TEST_STEP][PASSED] - setText(findTestObject(orPath_AddressContact + "/input_streetAddress1"), " "): Text ' ' is set on object 'Object Repository/RAD_Pages/AddressAndContactInfo_Page/input_streetAddress1'

2024-11-12 18:15:27 - [MESSAGE][PASSED] - Text ' ' is set on object 'Object Repository/RAD_Pages/AddressAndContactInfo_Page/input_streetAddress1'

2024-11-12 18:15:27 - [TEST_STEP][PASSED] - setText(findTestObject(orPath_AddressContact + "/input_city"), " "): Text ' ' is set on object 'Object Repository/RAD_Pages/AddressAndContactInfo_Page/input_city'

2024-11-12 18:15:28 - [MESSAGE][PASSED] - Text ' ' is set on object 'Object Repository/RAD_Pages/AddressAndContactInfo_Page/input_city'

2024-11-12 18:15:28 - [TEST_STEP][PASSED] - setText(findTestObject(orPath_AddressContact + "/input_zipCode"), " "): Text ' ' is set on object 'Object Repository/RAD_Pages/AddressAndContactInfo_Page/input_zipCode'

2024-11-12 18:15:29 - [MESSAGE][PASSED] - Text ' ' is set on object 'Object Repository/RAD_Pages/AddressAndContactInfo_Page/input_zipCode'

2024-11-12 18:15:29 - [TEST_STEP][PASSED] - setText(findTestObject(orPath_AddressContact + "/input_phoneNumber"), " "): Text ' ' is set on object 'Object Repository/RAD_Pages/AddressAndContactInfo_Page/input_phoneNumber'

2024-11-12 18:15:30 - [MESSAGE][PASSED] - Text ' ' is set on object 'Object Repository/RAD_Pages/AddressAndContactInfo_Page/input_phoneNumber'

2024-11-12 18:15:30 - [TEST_STEP][PASSED] - setText(findTestObject(orPath_AddressContact + "/input_eMailAddress"), " "): Text ' ' is set on object 'Object Repository/RAD_Pages/AddressAndContactInfo_Page/input_eMailAddress'

2024-11-12 18:15:31 - [MESSAGE][PASSED] - Text ' ' is set on object 'Object Repository/RAD_Pages/AddressAndContactInfo_Page/input_eMailAddress'

2024-11-12 18:15:31 - [TEST_STEP][PASSED] - setText(findTestObject(orPath_AddressContact + "/input_reEnterEMailAddress"), " "): Text ' ' is set on object 'Object Repository/RAD_Pages/AddressAndContactInfo_Page/input_reEnterEMailAddress'

2024-11-12 18:15:31 - [MESSAGE][PASSED] - Text ' ' is set on object 'Object Repository/RAD_Pages/AddressAndContactInfo_Page/input_reEnterEMailAddress'

2024-11-12 18:15:31 - [TEST_STEP][PASSED] - if (TaxType.equalsIgnoreCase("Estate Tax")): null

2024-11-12 18:15:31 - [TEST_STEP][PASSED] - setText(findTestObject(orPath_Amount + "/input__paymentAmount"), ""): Text '' is set on object 'Object Repository/RAD_Pages/PaymentAmount_Page/input__paymentAmount'

2024-11-12 18:15:32 - [MESSAGE][PASSED] - Text '' is set on object 'Object Repository/RAD_Pages/PaymentAmount_Page/input__paymentAmount'

2024-11-12 18:15:32 - [TEST_STEP][PASSED] - resText = "Fail": null

2024-11-12 18:15:32 - [TEST_STEP][PASSED] - pages.WriteExcel.demoKey(resText, datText, resColumn, datCloumn, fileLoc, nameSheet, row): pages.WriteExcel.demoKey is PASSED

2024-11-12 18:15:33 - [MESSAGE][PASSED] - pages.WriteExcel.demoKey is PASSED

2024-11-12 18:15:33 - [TEST_STEP][PASSED] - verifyTextPresent("Enter business name", true, CONTINUE_ON_FAILURE): Text 'Enter business name' is present on page  using regular expression

2024-11-12 18:15:33 - [MESSAGE][PASSED] - Text 'Enter business name' is present on page  using regular expression

2024-11-12 18:15:33 - [TEST_STEP][PASSED] - verifyTextPresent("Enter business rep first name", true, CONTINUE_ON_FAILURE): Text 'Enter business rep first name' is present on page  using regular expression

2024-11-12 18:15:34 - [MESSAGE][PASSED] - Text 'Enter business rep first name' is present on page  using regular expression

2024-11-12 18:15:34 - [TEST_STEP][PASSED] - verifyTextPresent("Enter business rep last name", true, CONTINUE_ON_FAILURE): Text 'Enter business rep last name' is present on page  using regular expression

2024-11-12 18:15:34 - [MESSAGE][PASSED] - Text 'Enter business rep last name' is present on page  using regular expression

2024-11-12 18:15:34 - [TEST_STEP][PASSED] - verifyTextPresent("Enter address", true, CONTINUE_ON_FAILURE): Text 'Enter address' is present on page  using regular expression

2024-11-12 18:15:34 - [MESSAGE][PASSED] - Text 'Enter address' is present on page  using regular expression

2024-11-12 18:15:34 - [TEST_STEP][PASSED] - verifyTextPresent("Enter city", true, CONTINUE_ON_FAILURE): Text 'Enter city' is present on page  using regular expression

2024-11-12 18:15:35 - [MESSAGE][PASSED] - Text 'Enter city' is present on page  using regular expression

2024-11-12 18:15:35 - [TEST_STEP][PASSED] - verifyTextPresent("Enter ZIP code", true, CONTINUE_ON_FAILURE): Text 'Enter ZIP code' is present on page  using regular expression

2024-11-12 18:15:35 - [MESSAGE][PASSED] - Text 'Enter ZIP code' is present on page  using regular expression

2024-11-12 18:15:35 - [TEST_STEP][PASSED] - verifyTextPresent("Enter a valid phone number", true, CONTINUE_ON_FAILURE): Text 'Enter a valid phone number' is present on page  using regular expression

2024-11-12 18:15:35 - [MESSAGE][PASSED] - Text 'Enter a valid phone number' is present on page  using regular expression

2024-11-12 18:15:35 - [TEST_STEP][PASSED] - verifyTextPresent("Enter Email", true, CONTINUE_ON_FAILURE): Text 'Enter Email' is present on page  using regular expression

2024-11-12 18:15:36 - [MESSAGE][PASSED] - Text 'Enter Email' is present on page  using regular expression

2024-11-12 18:15:36 - [TEST_STEP][PASSED] - if (CRN.equalsIgnoreCase("Y")): null

2024-11-12 18:15:36 - [TEST_STEP][PASSED] - if (MFLicNum.equalsIgnoreCase("Y")): null

2024-11-12 18:15:36 - [TEST_STEP][PASSED] - setText(findTestObject(orPath_TaxInfo + "/input_MFLicenseExtLi"), " "): Text ' ' is set on object 'Object Repository/RAD_Pages/TaxInfo_Page/input_MFLicenseExtLi'

2024-11-12 18:15:37 - [MESSAGE][PASSED] - Text ' ' is set on object 'Object Repository/RAD_Pages/TaxInfo_Page/input_MFLicenseExtLi'

2024-11-12 18:15:37 - [TEST_STEP][PASSED] - setText(findTestObject(orPath_Amount + "/input__paymentAmount"), ""): Text '' is set on object 'Object Repository/RAD_Pages/PaymentAmount_Page/input__paymentAmount'

2024-11-12 18:15:38 - [MESSAGE][PASSED] - Text '' is set on object 'Object Repository/RAD_Pages/PaymentAmount_Page/input__paymentAmount'

2024-11-12 18:15:38 - [TEST_STEP][PASSED] - if (verifyTextPresent("Motor Fuel License Number must be 5 or 6 digits in length, with a value greater than zero", false)): null

2024-11-12 18:15:38 - [MESSAGE][PASSED] - Text 'Motor Fuel License Number must be 5 or 6 digits in length, with a value greater than zero' is present on page 

2024-11-12 18:15:38 - [TEST_STEP][PASSED] - isRequiredTextPresent = true: null

2024-11-12 18:15:38 - [TEST_STEP][PASSED] - if (isRequiredTextPresent == true): pages.WriteExcel.demoKey is PASSED

2024-11-12 18:15:38 - [TEST_STEP][PASSED] - println("All the relevant texts are present"): null

2024-11-12 18:15:38 - [TEST_STEP][PASSED] - markPassed("All the relevant texts are present"): All the relevant texts are present

2024-11-12 18:15:38 - [MESSAGE][PASSED] - All the relevant texts are present

2024-11-12 18:15:38 - [TEST_STEP][PASSED] - resText = "Pass": null

2024-11-12 18:15:38 - [TEST_STEP][PASSED] - pages.WriteExcel.demoKey(resText, datText, resColumn, datCloumn, fileLoc, nameSheet, row): pages.WriteExcel.demoKey is PASSED

2024-11-12 18:15:38 - [MESSAGE][PASSED] - pages.WriteExcel.demoKey is PASSED

2024-11-12 18:15:38 - [TEST_STEP][PASSED] - ExecuteTC = findTestData(dataFile).getValue("Execute", row): null

2024-11-12 18:15:38 - [TEST_STEP][PASSED] - TaxType = findTestData(dataFile).getValue("TaxType", row): null

2024-11-12 18:15:38 - [TEST_STEP][PASSED] - PaymentType = findTestData(dataFile).getValue("PaymentType", row): null

2024-11-12 18:15:38 - [TEST_STEP][PASSED] - feinSsn = findTestData(dataFile).getValue("FEINSSN", row): null

2024-11-12 18:15:39 - [TEST_STEP][PASSED] - CRN = findTestData(dataFile).getValue("CRN", row): null

2024-11-12 18:15:39 - [TEST_STEP][PASSED] - MFLicNum = findTestData(dataFile).getValue("MFLicNum", row): null

2024-11-12 18:15:39 - [TEST_STEP][PASSED] - if (ExecuteTC.equalsIgnoreCase("Y")): pages.WriteExcel.demoKey is PASSED

2024-11-12 18:15:39 - [TEST_STEP][PASSED] - out.println("Begin Record Number: " + row): null

2024-11-12 18:15:39 - [TEST_STEP][PASSED] - today = new java.util.Date(): null

2024-11-12 18:15:39 - [TEST_STEP][PASSED] - println(today): null

2024-11-12 18:15:39 - [TEST_STEP][PASSED] - datText = today: null

2024-11-12 18:15:39 - [TEST_STEP][PASSED] - logInfo("Payment Type: Existing Liability with Notice/Invoice Number"): Payment Type: Existing Liability with Notice/Invoice Number

2024-11-12 18:15:39 - [MESSAGE][INFO] - Payment Type: Existing Liability with Notice/Invoice Number

2024-11-12 18:15:39 - [TEST_STEP][PASSED] - logInfo("Tax Type: " + TaxType): Tax Type: Slots License Fee

2024-11-12 18:15:39 - [MESSAGE][INFO] - Tax Type: Slots License Fee

2024-11-12 18:15:39 - [TEST_STEP][PASSED] - openBrowser(""): Browser is opened with url: ''

2024-11-12 18:15:39 - [MESSAGE][WARNING] - A browser is already opened. Closing browser and opening a new one

2024-11-12 18:15:41 - [MESSAGE][INFO] - Starting 'Chrome' driver

2024-11-12 18:15:41 - [MESSAGE][INFO] - User set preference: ['acceptInsecureCerts', 'true']

2024-11-12 18:15:41 - [MESSAGE][INFO] - Action delay is set to 0 milliseconds

2024-11-12 18:15:43 - [MESSAGE][PASSED] - Browser is opened with url: ''

2024-11-12 18:15:43 - [TEST_STEP][PASSED] - maximizeWindow(): Current window maximized

2024-11-12 18:15:43 - [MESSAGE][PASSED] - Current window maximized

2024-11-12 18:15:43 - [TEST_STEP][PASSED] - navigateToUrl(RADurl): Navigate to 'https://www.velocitypayment.com/client/rad/index.html' successfully

2024-11-12 18:15:44 - [MESSAGE][PASSED] - Navigate to 'https://www.velocitypayment.com/client/rad/index.html' successfully

2024-11-12 18:15:44 - [TEST_STEP][PASSED] - selectOptionByLabel(findTestObject(orPath_Landing + "/dd_TaxType"), "Existing Liability with Notice/Invoice Number", false): All options with label 'Existing Liability with Notice/Invoice Number' are selected in object 'Object Repository/RAD_Pages/Landing_Page/dd_TaxType' 

2024-11-12 18:15:46 - [MESSAGE][PASSED] - All options with label 'Existing Liability with Notice/Invoice Number' are selected in object 'Object Repository/RAD_Pages/Landing_Page/dd_TaxType' 

2024-11-12 18:15:46 - [TEST_STEP][PASSED] - selectOptionByLabel(findTestObject(orPath_TaxTypeFilingYear + "/select_TaxType_ExistingLiability"), TaxType, false): All options with label 'Slots License Fee' are selected in object 'Object Repository/RAD_Pages/TaxTypeFilingYear_Page/select_TaxType_ExistingLiability' 

2024-11-12 18:15:47 - [MESSAGE][PASSED] - All options with label 'Slots License Fee' are selected in object 'Object Repository/RAD_Pages/TaxTypeFilingYear_Page/select_TaxType_ExistingLiability' 

2024-11-12 18:15:47 - [TEST_STEP][PASSED] - setText(findTestObject(orPath_TaxPayer + "/input_businessName"), " "): Text ' ' is set on object 'Object Repository/RAD_Pages/Taxpayer_Page/input_businessName'

2024-11-12 18:15:47 - [MESSAGE][PASSED] - Text ' ' is set on object 'Object Repository/RAD_Pages/Taxpayer_Page/input_businessName'

2024-11-12 18:15:47 - [TEST_STEP][PASSED] - setText(findTestObject(orPath_TaxPayer + "/input_BusinessRepfirstName"), " "): Text ' ' is set on object 'Object Repository/RAD_Pages/Taxpayer_Page/input_BusinessRepfirstName'

2024-11-12 18:15:48 - [MESSAGE][PASSED] - Text ' ' is set on object 'Object Repository/RAD_Pages/Taxpayer_Page/input_BusinessRepfirstName'

2024-11-12 18:15:48 - [TEST_STEP][PASSED] - setText(findTestObject(orPath_TaxPayer + "/input_BusinessReplastName"), " "): Text ' ' is set on object 'Object Repository/RAD_Pages/Taxpayer_Page/input_BusinessReplastName'

2024-11-12 18:15:49 - [MESSAGE][PASSED] - Text ' ' is set on object 'Object Repository/RAD_Pages/Taxpayer_Page/input_BusinessReplastName'

2024-11-12 18:15:49 - [TEST_STEP][PASSED] - setText(findTestObject(orPath_AddressContact + "/input_streetAddress1"), " "): Text ' ' is set on object 'Object Repository/RAD_Pages/AddressAndContactInfo_Page/input_streetAddress1'

2024-11-12 18:15:49 - [MESSAGE][PASSED] - Text ' ' is set on object 'Object Repository/RAD_Pages/AddressAndContactInfo_Page/input_streetAddress1'

2024-11-12 18:15:49 - [TEST_STEP][PASSED] - setText(findTestObject(orPath_AddressContact + "/input_city"), " "): Text ' ' is set on object 'Object Repository/RAD_Pages/AddressAndContactInfo_Page/input_city'

2024-11-12 18:15:50 - [MESSAGE][PASSED] - Text ' ' is set on object 'Object Repository/RAD_Pages/AddressAndContactInfo_Page/input_city'

2024-11-12 18:15:50 - [TEST_STEP][PASSED] - setText(findTestObject(orPath_AddressContact + "/input_zipCode"), " "): Text ' ' is set on object 'Object Repository/RAD_Pages/AddressAndContactInfo_Page/input_zipCode'

2024-11-12 18:15:51 - [MESSAGE][PASSED] - Text ' ' is set on object 'Object Repository/RAD_Pages/AddressAndContactInfo_Page/input_zipCode'

2024-11-12 18:15:51 - [TEST_STEP][PASSED] - setText(findTestObject(orPath_AddressContact + "/input_phoneNumber"), " "): Text ' ' is set on object 'Object Repository/RAD_Pages/AddressAndContactInfo_Page/input_phoneNumber'

2024-11-12 18:15:52 - [MESSAGE][PASSED] - Text ' ' is set on object 'Object Repository/RAD_Pages/AddressAndContactInfo_Page/input_phoneNumber'

2024-11-12 18:15:52 - [TEST_STEP][PASSED] - setText(findTestObject(orPath_AddressContact + "/input_eMailAddress"), " "): Text ' ' is set on object 'Object Repository/RAD_Pages/AddressAndContactInfo_Page/input_eMailAddress'

2024-11-12 18:15:53 - [MESSAGE][PASSED] - Text ' ' is set on object 'Object Repository/RAD_Pages/AddressAndContactInfo_Page/input_eMailAddress'

2024-11-12 18:15:53 - [TEST_STEP][PASSED] - setText(findTestObject(orPath_AddressContact + "/input_reEnterEMailAddress"), " "): Text ' ' is set on object 'Object Repository/RAD_Pages/AddressAndContactInfo_Page/input_reEnterEMailAddress'

2024-11-12 18:15:53 - [MESSAGE][PASSED] - Text ' ' is set on object 'Object Repository/RAD_Pages/AddressAndContactInfo_Page/input_reEnterEMailAddress'

2024-11-12 18:15:53 - [TEST_STEP][PASSED] - if (TaxType.equalsIgnoreCase("Estate Tax")): null

2024-11-12 18:15:53 - [TEST_STEP][PASSED] - setText(findTestObject(orPath_Amount + "/input__paymentAmount"), ""): Text '' is set on object 'Object Repository/RAD_Pages/PaymentAmount_Page/input__paymentAmount'

2024-11-12 18:15:54 - [MESSAGE][PASSED] - Text '' is set on object 'Object Repository/RAD_Pages/PaymentAmount_Page/input__paymentAmount'

2024-11-12 18:15:54 - [TEST_STEP][PASSED] - resText = "Fail": null

2024-11-12 18:15:54 - [TEST_STEP][PASSED] - pages.WriteExcel.demoKey(resText, datText, resColumn, datCloumn, fileLoc, nameSheet, row): pages.WriteExcel.demoKey is PASSED

2024-11-12 18:15:54 - [MESSAGE][PASSED] - pages.WriteExcel.demoKey is PASSED

2024-11-12 18:15:55 - [TEST_STEP][PASSED] - verifyTextPresent("Enter business name", true, CONTINUE_ON_FAILURE): Text 'Enter business name' is present on page  using regular expression

2024-11-12 18:15:55 - [MESSAGE][PASSED] - Text 'Enter business name' is present on page  using regular expression

2024-11-12 18:15:55 - [TEST_STEP][PASSED] - verifyTextPresent("Enter business rep first name", true, CONTINUE_ON_FAILURE): Text 'Enter business rep first name' is present on page  using regular expression

2024-11-12 18:15:55 - [MESSAGE][PASSED] - Text 'Enter business rep first name' is present on page  using regular expression

2024-11-12 18:15:55 - [TEST_STEP][PASSED] - verifyTextPresent("Enter business rep last name", true, CONTINUE_ON_FAILURE): Text 'Enter business rep last name' is present on page  using regular expression

2024-11-12 18:15:56 - [MESSAGE][PASSED] - Text 'Enter business rep last name' is present on page  using regular expression

2024-11-12 18:15:56 - [TEST_STEP][PASSED] - verifyTextPresent("Enter address", true, CONTINUE_ON_FAILURE): Text 'Enter address' is present on page  using regular expression

2024-11-12 18:15:56 - [MESSAGE][PASSED] - Text 'Enter address' is present on page  using regular expression

2024-11-12 18:15:56 - [TEST_STEP][PASSED] - verifyTextPresent("Enter city", true, CONTINUE_ON_FAILURE): Text 'Enter city' is present on page  using regular expression

2024-11-12 18:15:56 - [MESSAGE][PASSED] - Text 'Enter city' is present on page  using regular expression

2024-11-12 18:15:56 - [TEST_STEP][PASSED] - verifyTextPresent("Enter ZIP code", true, CONTINUE_ON_FAILURE): Text 'Enter ZIP code' is present on page  using regular expression

2024-11-12 18:15:57 - [MESSAGE][PASSED] - Text 'Enter ZIP code' is present on page  using regular expression

2024-11-12 18:15:57 - [TEST_STEP][PASSED] - verifyTextPresent("Enter a valid phone number", true, CONTINUE_ON_FAILURE): Text 'Enter a valid phone number' is present on page  using regular expression

2024-11-12 18:15:57 - [MESSAGE][PASSED] - Text 'Enter a valid phone number' is present on page  using regular expression

2024-11-12 18:15:57 - [TEST_STEP][PASSED] - verifyTextPresent("Enter Email", true, CONTINUE_ON_FAILURE): Text 'Enter Email' is present on page  using regular expression

2024-11-12 18:15:57 - [MESSAGE][PASSED] - Text 'Enter Email' is present on page  using regular expression

2024-11-12 18:15:57 - [TEST_STEP][PASSED] - if (CRN.equalsIgnoreCase("Y")): null

2024-11-12 18:15:57 - [TEST_STEP][PASSED] - if (MFLicNum.equalsIgnoreCase("Y")): null

2024-11-12 18:15:57 - [TEST_STEP][PASSED] - if (isRequiredTextPresent == true): pages.WriteExcel.demoKey is PASSED

2024-11-12 18:15:57 - [TEST_STEP][PASSED] - println("All the relevant texts are present"): null

2024-11-12 18:15:57 - [TEST_STEP][PASSED] - markPassed("All the relevant texts are present"): All the relevant texts are present

2024-11-12 18:15:57 - [MESSAGE][PASSED] - All the relevant texts are present

2024-11-12 18:15:57 - [TEST_STEP][PASSED] - resText = "Pass": null

2024-11-12 18:15:57 - [TEST_STEP][PASSED] - pages.WriteExcel.demoKey(resText, datText, resColumn, datCloumn, fileLoc, nameSheet, row): pages.WriteExcel.demoKey is PASSED

2024-11-12 18:15:58 - [MESSAGE][PASSED] - pages.WriteExcel.demoKey is PASSED

2024-11-12 18:15:58 - [TEST_STEP][PASSED] - ExecuteTC = findTestData(dataFile).getValue("Execute", row): null

2024-11-12 18:15:58 - [TEST_STEP][PASSED] - TaxType = findTestData(dataFile).getValue("TaxType", row): null

2024-11-12 18:15:58 - [TEST_STEP][PASSED] - PaymentType = findTestData(dataFile).getValue("PaymentType", row): null

2024-11-12 18:15:58 - [TEST_STEP][PASSED] - feinSsn = findTestData(dataFile).getValue("FEINSSN", row): null

2024-11-12 18:15:58 - [TEST_STEP][PASSED] - CRN = findTestData(dataFile).getValue("CRN", row): null

2024-11-12 18:15:58 - [TEST_STEP][PASSED] - MFLicNum = findTestData(dataFile).getValue("MFLicNum", row): null

2024-11-12 18:15:58 - [TEST_STEP][PASSED] - if (ExecuteTC.equalsIgnoreCase("Y")): pages.WriteExcel.demoKey is PASSED

2024-11-12 18:15:58 - [TEST_STEP][PASSED] - out.println("Begin Record Number: " + row): null

2024-11-12 18:15:58 - [TEST_STEP][PASSED] - today = new java.util.Date(): null

2024-11-12 18:15:58 - [TEST_STEP][PASSED] - println(today): null

2024-11-12 18:15:58 - [TEST_STEP][PASSED] - datText = today: null

2024-11-12 18:15:58 - [TEST_STEP][PASSED] - logInfo("Payment Type: Existing Liability with Notice/Invoice Number"): Payment Type: Existing Liability with Notice/Invoice Number

2024-11-12 18:15:58 - [MESSAGE][INFO] - Payment Type: Existing Liability with Notice/Invoice Number

2024-11-12 18:15:58 - [TEST_STEP][PASSED] - logInfo("Tax Type: " + TaxType): Tax Type: Tobacco Tax

2024-11-12 18:15:58 - [MESSAGE][INFO] - Tax Type: Tobacco Tax

2024-11-12 18:15:58 - [TEST_STEP][PASSED] - openBrowser(""): Browser is opened with url: ''

2024-11-12 18:15:58 - [MESSAGE][WARNING] - A browser is already opened. Closing browser and opening a new one

2024-11-12 18:15:59 - [MESSAGE][INFO] - Starting 'Chrome' driver

2024-11-12 18:15:59 - [MESSAGE][INFO] - User set preference: ['acceptInsecureCerts', 'true']

2024-11-12 18:15:59 - [MESSAGE][INFO] - Action delay is set to 0 milliseconds

2024-11-12 18:16:01 - [MESSAGE][PASSED] - Browser is opened with url: ''

2024-11-12 18:16:01 - [TEST_STEP][PASSED] - maximizeWindow(): Current window maximized

2024-11-12 18:16:01 - [MESSAGE][PASSED] - Current window maximized

2024-11-12 18:16:01 - [TEST_STEP][PASSED] - navigateToUrl(RADurl): Navigate to 'https://www.velocitypayment.com/client/rad/index.html' successfully

2024-11-12 18:16:04 - [MESSAGE][PASSED] - Navigate to 'https://www.velocitypayment.com/client/rad/index.html' successfully

2024-11-12 18:16:04 - [TEST_STEP][PASSED] - selectOptionByLabel(findTestObject(orPath_Landing + "/dd_TaxType"), "Existing Liability with Notice/Invoice Number", false): All options with label 'Existing Liability with Notice/Invoice Number' are selected in object 'Object Repository/RAD_Pages/Landing_Page/dd_TaxType' 

2024-11-12 18:16:05 - [MESSAGE][PASSED] - All options with label 'Existing Liability with Notice/Invoice Number' are selected in object 'Object Repository/RAD_Pages/Landing_Page/dd_TaxType' 

2024-11-12 18:16:05 - [TEST_STEP][PASSED] - selectOptionByLabel(findTestObject(orPath_TaxTypeFilingYear + "/select_TaxType_ExistingLiability"), TaxType, false): All options with label 'Tobacco Tax' are selected in object 'Object Repository/RAD_Pages/TaxTypeFilingYear_Page/select_TaxType_ExistingLiability' 

2024-11-12 18:16:05 - [MESSAGE][PASSED] - All options with label 'Tobacco Tax' are selected in object 'Object Repository/RAD_Pages/TaxTypeFilingYear_Page/select_TaxType_ExistingLiability' 

2024-11-12 18:16:05 - [TEST_STEP][PASSED] - setText(findTestObject(orPath_TaxPayer + "/input_businessName"), " "): Text ' ' is set on object 'Object Repository/RAD_Pages/Taxpayer_Page/input_businessName'

2024-11-12 18:16:06 - [MESSAGE][PASSED] - Text ' ' is set on object 'Object Repository/RAD_Pages/Taxpayer_Page/input_businessName'

2024-11-12 18:16:06 - [TEST_STEP][PASSED] - setText(findTestObject(orPath_TaxPayer + "/input_BusinessRepfirstName"), " "): Text ' ' is set on object 'Object Repository/RAD_Pages/Taxpayer_Page/input_BusinessRepfirstName'

2024-11-12 18:16:07 - [MESSAGE][PASSED] - Text ' ' is set on object 'Object Repository/RAD_Pages/Taxpayer_Page/input_BusinessRepfirstName'

2024-11-12 18:16:07 - [TEST_STEP][PASSED] - setText(findTestObject(orPath_TaxPayer + "/input_BusinessReplastName"), " "): Text ' ' is set on object 'Object Repository/RAD_Pages/Taxpayer_Page/input_BusinessReplastName'

2024-11-12 18:16:08 - [MESSAGE][PASSED] - Text ' ' is set on object 'Object Repository/RAD_Pages/Taxpayer_Page/input_BusinessReplastName'

2024-11-12 18:16:08 - [TEST_STEP][PASSED] - setText(findTestObject(orPath_AddressContact + "/input_streetAddress1"), " "): Text ' ' is set on object 'Object Repository/RAD_Pages/AddressAndContactInfo_Page/input_streetAddress1'

2024-11-12 18:16:08 - [MESSAGE][PASSED] - Text ' ' is set on object 'Object Repository/RAD_Pages/AddressAndContactInfo_Page/input_streetAddress1'

2024-11-12 18:16:08 - [TEST_STEP][PASSED] - setText(findTestObject(orPath_AddressContact + "/input_city"), " "): Text ' ' is set on object 'Object Repository/RAD_Pages/AddressAndContactInfo_Page/input_city'

2024-11-12 18:16:09 - [MESSAGE][PASSED] - Text ' ' is set on object 'Object Repository/RAD_Pages/AddressAndContactInfo_Page/input_city'

2024-11-12 18:16:09 - [TEST_STEP][PASSED] - setText(findTestObject(orPath_AddressContact + "/input_zipCode"), " "): Text ' ' is set on object 'Object Repository/RAD_Pages/AddressAndContactInfo_Page/input_zipCode'

2024-11-12 18:16:10 - [MESSAGE][PASSED] - Text ' ' is set on object 'Object Repository/RAD_Pages/AddressAndContactInfo_Page/input_zipCode'

2024-11-12 18:16:10 - [TEST_STEP][PASSED] - setText(findTestObject(orPath_AddressContact + "/input_phoneNumber"), " "): Text ' ' is set on object 'Object Repository/RAD_Pages/AddressAndContactInfo_Page/input_phoneNumber'

2024-11-12 18:16:11 - [MESSAGE][PASSED] - Text ' ' is set on object 'Object Repository/RAD_Pages/AddressAndContactInfo_Page/input_phoneNumber'

2024-11-12 18:16:11 - [TEST_STEP][PASSED] - setText(findTestObject(orPath_AddressContact + "/input_eMailAddress"), " "): Text ' ' is set on object 'Object Repository/RAD_Pages/AddressAndContactInfo_Page/input_eMailAddress'

2024-11-12 18:16:12 - [MESSAGE][PASSED] - Text ' ' is set on object 'Object Repository/RAD_Pages/AddressAndContactInfo_Page/input_eMailAddress'

2024-11-12 18:16:12 - [TEST_STEP][PASSED] - setText(findTestObject(orPath_AddressContact + "/input_reEnterEMailAddress"), " "): Text ' ' is set on object 'Object Repository/RAD_Pages/AddressAndContactInfo_Page/input_reEnterEMailAddress'

2024-11-12 18:16:13 - [MESSAGE][PASSED] - Text ' ' is set on object 'Object Repository/RAD_Pages/AddressAndContactInfo_Page/input_reEnterEMailAddress'

2024-11-12 18:16:13 - [TEST_STEP][PASSED] - if (TaxType.equalsIgnoreCase("Estate Tax")): null

2024-11-12 18:16:13 - [TEST_STEP][PASSED] - setText(findTestObject(orPath_Amount + "/input__paymentAmount"), ""): Text '' is set on object 'Object Repository/RAD_Pages/PaymentAmount_Page/input__paymentAmount'

2024-11-12 18:16:13 - [MESSAGE][PASSED] - Text '' is set on object 'Object Repository/RAD_Pages/PaymentAmount_Page/input__paymentAmount'

2024-11-12 18:16:13 - [TEST_STEP][PASSED] - resText = "Fail": null

2024-11-12 18:16:13 - [TEST_STEP][PASSED] - pages.WriteExcel.demoKey(resText, datText, resColumn, datCloumn, fileLoc, nameSheet, row): pages.WriteExcel.demoKey is PASSED

2024-11-12 18:16:14 - [MESSAGE][PASSED] - pages.WriteExcel.demoKey is PASSED

2024-11-12 18:16:14 - [TEST_STEP][PASSED] - verifyTextPresent("Enter business name", true, CONTINUE_ON_FAILURE): Text 'Enter business name' is present on page  using regular expression

2024-11-12 18:16:14 - [MESSAGE][PASSED] - Text 'Enter business name' is present on page  using regular expression

2024-11-12 18:16:14 - [TEST_STEP][PASSED] - verifyTextPresent("Enter business rep first name", true, CONTINUE_ON_FAILURE): Text 'Enter business rep first name' is present on page  using regular expression

2024-11-12 18:16:15 - [MESSAGE][PASSED] - Text 'Enter business rep first name' is present on page  using regular expression

2024-11-12 18:16:15 - [TEST_STEP][PASSED] - verifyTextPresent("Enter business rep last name", true, CONTINUE_ON_FAILURE): Text 'Enter business rep last name' is present on page  using regular expression

2024-11-12 18:16:15 - [MESSAGE][PASSED] - Text 'Enter business rep last name' is present on page  using regular expression

2024-11-12 18:16:15 - [TEST_STEP][PASSED] - verifyTextPresent("Enter address", true, CONTINUE_ON_FAILURE): Text 'Enter address' is present on page  using regular expression

2024-11-12 18:16:15 - [MESSAGE][PASSED] - Text 'Enter address' is present on page  using regular expression

2024-11-12 18:16:15 - [TEST_STEP][PASSED] - verifyTextPresent("Enter city", true, CONTINUE_ON_FAILURE): Text 'Enter city' is present on page  using regular expression

2024-11-12 18:16:16 - [MESSAGE][PASSED] - Text 'Enter city' is present on page  using regular expression

2024-11-12 18:16:16 - [TEST_STEP][PASSED] - verifyTextPresent("Enter ZIP code", true, CONTINUE_ON_FAILURE): Text 'Enter ZIP code' is present on page  using regular expression

2024-11-12 18:16:16 - [MESSAGE][PASSED] - Text 'Enter ZIP code' is present on page  using regular expression

2024-11-12 18:16:16 - [TEST_STEP][PASSED] - verifyTextPresent("Enter a valid phone number", true, CONTINUE_ON_FAILURE): Text 'Enter a valid phone number' is present on page  using regular expression

2024-11-12 18:16:16 - [MESSAGE][PASSED] - Text 'Enter a valid phone number' is present on page  using regular expression

2024-11-12 18:16:16 - [TEST_STEP][PASSED] - verifyTextPresent("Enter Email", true, CONTINUE_ON_FAILURE): Text 'Enter Email' is present on page  using regular expression

2024-11-12 18:16:17 - [MESSAGE][PASSED] - Text 'Enter Email' is present on page  using regular expression

2024-11-12 18:16:17 - [TEST_STEP][PASSED] - if (CRN.equalsIgnoreCase("Y")): null

2024-11-12 18:16:17 - [TEST_STEP][PASSED] - setText(findTestObject(orPath_TaxInfo + "/input_MDCRegistrationEL"), " "): Text ' ' is set on object 'Object Repository/RAD_Pages/TaxInfo_Page/input_MDCRegistrationEL'

2024-11-12 18:16:17 - [MESSAGE][PASSED] - Text ' ' is set on object 'Object Repository/RAD_Pages/TaxInfo_Page/input_MDCRegistrationEL'

2024-11-12 18:16:17 - [TEST_STEP][PASSED] - setText(findTestObject(orPath_Amount + "/input__paymentAmount"), ""): Text '' is set on object 'Object Repository/RAD_Pages/PaymentAmount_Page/input__paymentAmount'

2024-11-12 18:16:18 - [MESSAGE][PASSED] - Text '' is set on object 'Object Repository/RAD_Pages/PaymentAmount_Page/input__paymentAmount'

2024-11-12 18:16:18 - [TEST_STEP][PASSED] - if (verifyTextPresent("Enter valid MD Central Registration Number", false)): null

2024-11-12 18:16:18 - [MESSAGE][PASSED] - Text 'Enter valid MD Central Registration Number' is present on page 

2024-11-12 18:16:18 - [TEST_STEP][PASSED] - isRequiredTextPresent = true: null

2024-11-12 18:16:18 - [TEST_STEP][PASSED] - if (MFLicNum.equalsIgnoreCase("Y")): null

2024-11-12 18:16:18 - [TEST_STEP][PASSED] - if (isRequiredTextPresent == true): pages.WriteExcel.demoKey is PASSED

2024-11-12 18:16:18 - [TEST_STEP][PASSED] - println("All the relevant texts are present"): null

2024-11-12 18:16:18 - [TEST_STEP][PASSED] - markPassed("All the relevant texts are present"): All the relevant texts are present

2024-11-12 18:16:18 - [MESSAGE][PASSED] - All the relevant texts are present

2024-11-12 18:16:18 - [TEST_STEP][PASSED] - resText = "Pass": null

2024-11-12 18:16:18 - [TEST_STEP][PASSED] - pages.WriteExcel.demoKey(resText, datText, resColumn, datCloumn, fileLoc, nameSheet, row): pages.WriteExcel.demoKey is PASSED

2024-11-12 18:16:18 - [MESSAGE][PASSED] - pages.WriteExcel.demoKey is PASSED

2024-11-12 18:16:18 - [TEST_STEP][PASSED] - ExecuteTC = findTestData(dataFile).getValue("Execute", row): null

2024-11-12 18:16:18 - [TEST_STEP][PASSED] - TaxType = findTestData(dataFile).getValue("TaxType", row): null

2024-11-12 18:16:18 - [TEST_STEP][PASSED] - PaymentType = findTestData(dataFile).getValue("PaymentType", row): null

2024-11-12 18:16:19 - [TEST_STEP][PASSED] - feinSsn = findTestData(dataFile).getValue("FEINSSN", row): null

2024-11-12 18:16:19 - [TEST_STEP][PASSED] - CRN = findTestData(dataFile).getValue("CRN", row): null

2024-11-12 18:16:19 - [TEST_STEP][PASSED] - MFLicNum = findTestData(dataFile).getValue("MFLicNum", row): null

2024-11-12 18:16:19 - [TEST_STEP][PASSED] - if (ExecuteTC.equalsIgnoreCase("Y")): pages.WriteExcel.demoKey is PASSED

2024-11-12 18:16:19 - [TEST_STEP][PASSED] - out.println("Begin Record Number: " + row): null

2024-11-12 18:16:19 - [TEST_STEP][PASSED] - today = new java.util.Date(): null

2024-11-12 18:16:19 - [TEST_STEP][PASSED] - println(today): null

2024-11-12 18:16:19 - [TEST_STEP][PASSED] - datText = today: null

2024-11-12 18:16:19 - [TEST_STEP][PASSED] - logInfo("Payment Type: Existing Liability with Notice/Invoice Number"): Payment Type: Existing Liability with Notice/Invoice Number

2024-11-12 18:16:19 - [MESSAGE][INFO] - Payment Type: Existing Liability with Notice/Invoice Number

2024-11-12 18:16:19 - [TEST_STEP][PASSED] - logInfo("Tax Type: " + TaxType): Tax Type: Transportation Network Services

2024-11-12 18:16:19 - [MESSAGE][INFO] - Tax Type: Transportation Network Services

2024-11-12 18:16:19 - [TEST_STEP][PASSED] - openBrowser(""): Browser is opened with url: ''

2024-11-12 18:16:19 - [MESSAGE][WARNING] - A browser is already opened. Closing browser and opening a new one

2024-11-12 18:16:20 - [MESSAGE][INFO] - Starting 'Chrome' driver

2024-11-12 18:16:20 - [MESSAGE][INFO] - User set preference: ['acceptInsecureCerts', 'true']

2024-11-12 18:16:20 - [MESSAGE][INFO] - Action delay is set to 0 milliseconds

2024-11-12 18:16:22 - [MESSAGE][PASSED] - Browser is opened with url: ''

2024-11-12 18:16:22 - [TEST_STEP][PASSED] - maximizeWindow(): Current window maximized

2024-11-12 18:16:22 - [MESSAGE][PASSED] - Current window maximized

2024-11-12 18:16:22 - [TEST_STEP][PASSED] - navigateToUrl(RADurl): Navigate to 'https://www.velocitypayment.com/client/rad/index.html' successfully

2024-11-12 18:16:24 - [MESSAGE][PASSED] - Navigate to 'https://www.velocitypayment.com/client/rad/index.html' successfully

2024-11-12 18:16:24 - [TEST_STEP][PASSED] - selectOptionByLabel(findTestObject(orPath_Landing + "/dd_TaxType"), "Existing Liability with Notice/Invoice Number", false): All options with label 'Existing Liability with Notice/Invoice Number' are selected in object 'Object Repository/RAD_Pages/Landing_Page/dd_TaxType' 

2024-11-12 18:16:25 - [MESSAGE][PASSED] - All options with label 'Existing Liability with Notice/Invoice Number' are selected in object 'Object Repository/RAD_Pages/Landing_Page/dd_TaxType' 

2024-11-12 18:16:25 - [TEST_STEP][PASSED] - selectOptionByLabel(findTestObject(orPath_TaxTypeFilingYear + "/select_TaxType_ExistingLiability"), TaxType, false): All options with label 'Transportation Network Services' are selected in object 'Object Repository/RAD_Pages/TaxTypeFilingYear_Page/select_TaxType_ExistingLiability' 

2024-11-12 18:16:25 - [MESSAGE][PASSED] - All options with label 'Transportation Network Services' are selected in object 'Object Repository/RAD_Pages/TaxTypeFilingYear_Page/select_TaxType_ExistingLiability' 

2024-11-12 18:16:25 - [TEST_STEP][PASSED] - setText(findTestObject(orPath_TaxPayer + "/input_businessName"), " "): Text ' ' is set on object 'Object Repository/RAD_Pages/Taxpayer_Page/input_businessName'

2024-11-12 18:16:26 - [MESSAGE][PASSED] - Text ' ' is set on object 'Object Repository/RAD_Pages/Taxpayer_Page/input_businessName'

2024-11-12 18:16:26 - [TEST_STEP][PASSED] - setText(findTestObject(orPath_TaxPayer + "/input_BusinessRepfirstName"), " "): Text ' ' is set on object 'Object Repository/RAD_Pages/Taxpayer_Page/input_BusinessRepfirstName'

2024-11-12 18:16:27 - [MESSAGE][PASSED] - Text ' ' is set on object 'Object Repository/RAD_Pages/Taxpayer_Page/input_BusinessRepfirstName'

2024-11-12 18:16:27 - [TEST_STEP][PASSED] - setText(findTestObject(orPath_TaxPayer + "/input_BusinessReplastName"), " "): Text ' ' is set on object 'Object Repository/RAD_Pages/Taxpayer_Page/input_BusinessReplastName'

2024-11-12 18:16:28 - [MESSAGE][PASSED] - Text ' ' is set on object 'Object Repository/RAD_Pages/Taxpayer_Page/input_BusinessReplastName'

2024-11-12 18:16:28 - [TEST_STEP][PASSED] - setText(findTestObject(orPath_AddressContact + "/input_streetAddress1"), " "): Text ' ' is set on object 'Object Repository/RAD_Pages/AddressAndContactInfo_Page/input_streetAddress1'

2024-11-12 18:16:28 - [MESSAGE][PASSED] - Text ' ' is set on object 'Object Repository/RAD_Pages/AddressAndContactInfo_Page/input_streetAddress1'

2024-11-12 18:16:28 - [TEST_STEP][PASSED] - setText(findTestObject(orPath_AddressContact + "/input_city"), " "): Text ' ' is set on object 'Object Repository/RAD_Pages/AddressAndContactInfo_Page/input_city'

2024-11-12 18:16:29 - [MESSAGE][PASSED] - Text ' ' is set on object 'Object Repository/RAD_Pages/AddressAndContactInfo_Page/input_city'

2024-11-12 18:16:29 - [TEST_STEP][PASSED] - setText(findTestObject(orPath_AddressContact + "/input_zipCode"), " "): Text ' ' is set on object 'Object Repository/RAD_Pages/AddressAndContactInfo_Page/input_zipCode'

2024-11-12 18:16:30 - [MESSAGE][PASSED] - Text ' ' is set on object 'Object Repository/RAD_Pages/AddressAndContactInfo_Page/input_zipCode'

2024-11-12 18:16:30 - [TEST_STEP][PASSED] - setText(findTestObject(orPath_AddressContact + "/input_phoneNumber"), " "): Text ' ' is set on object 'Object Repository/RAD_Pages/AddressAndContactInfo_Page/input_phoneNumber'

2024-11-12 18:16:31 - [MESSAGE][PASSED] - Text ' ' is set on object 'Object Repository/RAD_Pages/AddressAndContactInfo_Page/input_phoneNumber'

2024-11-12 18:16:31 - [TEST_STEP][PASSED] - setText(findTestObject(orPath_AddressContact + "/input_eMailAddress"), " "): Text ' ' is set on object 'Object Repository/RAD_Pages/AddressAndContactInfo_Page/input_eMailAddress'

2024-11-12 18:16:31 - [MESSAGE][PASSED] - Text ' ' is set on object 'Object Repository/RAD_Pages/AddressAndContactInfo_Page/input_eMailAddress'

2024-11-12 18:16:31 - [TEST_STEP][PASSED] - setText(findTestObject(orPath_AddressContact + "/input_reEnterEMailAddress"), " "): Text ' ' is set on object 'Object Repository/RAD_Pages/AddressAndContactInfo_Page/input_reEnterEMailAddress'

2024-11-12 18:16:32 - [MESSAGE][PASSED] - Text ' ' is set on object 'Object Repository/RAD_Pages/AddressAndContactInfo_Page/input_reEnterEMailAddress'

2024-11-12 18:16:32 - [TEST_STEP][PASSED] - if (TaxType.equalsIgnoreCase("Estate Tax")): null

2024-11-12 18:16:32 - [TEST_STEP][PASSED] - setText(findTestObject(orPath_Amount + "/input__paymentAmount"), ""): Text '' is set on object 'Object Repository/RAD_Pages/PaymentAmount_Page/input__paymentAmount'

2024-11-12 18:16:33 - [MESSAGE][PASSED] - Text '' is set on object 'Object Repository/RAD_Pages/PaymentAmount_Page/input__paymentAmount'

2024-11-12 18:16:33 - [TEST_STEP][PASSED] - resText = "Fail": null

2024-11-12 18:16:33 - [TEST_STEP][PASSED] - pages.WriteExcel.demoKey(resText, datText, resColumn, datCloumn, fileLoc, nameSheet, row): pages.WriteExcel.demoKey is PASSED

2024-11-12 18:16:33 - [MESSAGE][PASSED] - pages.WriteExcel.demoKey is PASSED

2024-11-12 18:16:33 - [TEST_STEP][PASSED] - verifyTextPresent("Enter business name", true, CONTINUE_ON_FAILURE): Text 'Enter business name' is present on page  using regular expression

2024-11-12 18:16:34 - [MESSAGE][PASSED] - Text 'Enter business name' is present on page  using regular expression

2024-11-12 18:16:34 - [TEST_STEP][PASSED] - verifyTextPresent("Enter business rep first name", true, CONTINUE_ON_FAILURE): Text 'Enter business rep first name' is present on page  using regular expression

2024-11-12 18:16:34 - [MESSAGE][PASSED] - Text 'Enter business rep first name' is present on page  using regular expression

2024-11-12 18:16:34 - [TEST_STEP][PASSED] - verifyTextPresent("Enter business rep last name", true, CONTINUE_ON_FAILURE): Text 'Enter business rep last name' is present on page  using regular expression

2024-11-12 18:16:36 - [MESSAGE][PASSED] - Text 'Enter business rep last name' is present on page  using regular expression

2024-11-12 18:16:36 - [TEST_STEP][PASSED] - verifyTextPresent("Enter address", true, CONTINUE_ON_FAILURE): Text 'Enter address' is present on page  using regular expression

2024-11-12 18:16:36 - [MESSAGE][PASSED] - Text 'Enter address' is present on page  using regular expression

2024-11-12 18:16:36 - [TEST_STEP][PASSED] - verifyTextPresent("Enter city", true, CONTINUE_ON_FAILURE): Text 'Enter city' is present on page  using regular expression

2024-11-12 18:16:37 - [MESSAGE][PASSED] - Text 'Enter city' is present on page  using regular expression

2024-11-12 18:16:37 - [TEST_STEP][PASSED] - verifyTextPresent("Enter ZIP code", true, CONTINUE_ON_FAILURE): Text 'Enter ZIP code' is present on page  using regular expression

2024-11-12 18:16:38 - [MESSAGE][PASSED] - Text 'Enter ZIP code' is present on page  using regular expression

2024-11-12 18:16:38 - [TEST_STEP][PASSED] - verifyTextPresent("Enter a valid phone number", true, CONTINUE_ON_FAILURE): Text 'Enter a valid phone number' is present on page  using regular expression

2024-11-12 18:16:38 - [MESSAGE][PASSED] - Text 'Enter a valid phone number' is present on page  using regular expression

2024-11-12 18:16:38 - [TEST_STEP][PASSED] - verifyTextPresent("Enter Email", true, CONTINUE_ON_FAILURE): Text 'Enter Email' is present on page  using regular expression

2024-11-12 18:16:39 - [MESSAGE][PASSED] - Text 'Enter Email' is present on page  using regular expression

2024-11-12 18:16:39 - [TEST_STEP][PASSED] - if (CRN.equalsIgnoreCase("Y")): null

2024-11-12 18:16:39 - [TEST_STEP][PASSED] - setText(findTestObject(orPath_TaxInfo + "/input_MDCRegistrationEL"), " "): Text ' ' is set on object 'Object Repository/RAD_Pages/TaxInfo_Page/input_MDCRegistrationEL'

2024-11-12 18:16:39 - [MESSAGE][PASSED] - Text ' ' is set on object 'Object Repository/RAD_Pages/TaxInfo_Page/input_MDCRegistrationEL'

2024-11-12 18:16:39 - [TEST_STEP][PASSED] - setText(findTestObject(orPath_Amount + "/input__paymentAmount"), ""): Text '' is set on object 'Object Repository/RAD_Pages/PaymentAmount_Page/input__paymentAmount'

2024-11-12 18:16:40 - [MESSAGE][PASSED] - Text '' is set on object 'Object Repository/RAD_Pages/PaymentAmount_Page/input__paymentAmount'

2024-11-12 18:16:40 - [TEST_STEP][PASSED] - if (verifyTextPresent("Enter valid MD Central Registration Number", false)): null

2024-11-12 18:16:40 - [MESSAGE][PASSED] - Text 'Enter valid MD Central Registration Number' is present on page 

2024-11-12 18:16:40 - [TEST_STEP][PASSED] - isRequiredTextPresent = true: null

2024-11-12 18:16:40 - [TEST_STEP][PASSED] - if (MFLicNum.equalsIgnoreCase("Y")): null

2024-11-12 18:16:40 - [TEST_STEP][PASSED] - if (isRequiredTextPresent == true): pages.WriteExcel.demoKey is PASSED

2024-11-12 18:16:40 - [TEST_STEP][PASSED] - println("All the relevant texts are present"): null

2024-11-12 18:16:40 - [TEST_STEP][PASSED] - markPassed("All the relevant texts are present"): All the relevant texts are present

2024-11-12 18:16:40 - [MESSAGE][PASSED] - All the relevant texts are present

2024-11-12 18:16:40 - [TEST_STEP][PASSED] - resText = "Pass": null

2024-11-12 18:16:40 - [TEST_STEP][PASSED] - pages.WriteExcel.demoKey(resText, datText, resColumn, datCloumn, fileLoc, nameSheet, row): pages.WriteExcel.demoKey is PASSED

2024-11-12 18:16:40 - [MESSAGE][PASSED] - pages.WriteExcel.demoKey is PASSED

2024-11-12 18:16:40 - [TEST_STEP][PASSED] - ExecuteTC = findTestData(dataFile).getValue("Execute", row): null

2024-11-12 18:16:41 - [TEST_STEP][PASSED] - TaxType = findTestData(dataFile).getValue("TaxType", row): null

2024-11-12 18:16:41 - [TEST_STEP][PASSED] - PaymentType = findTestData(dataFile).getValue("PaymentType", row): null

2024-11-12 18:16:41 - [TEST_STEP][PASSED] - feinSsn = findTestData(dataFile).getValue("FEINSSN", row): null

2024-11-12 18:16:41 - [TEST_STEP][PASSED] - CRN = findTestData(dataFile).getValue("CRN", row): null

2024-11-12 18:16:41 - [TEST_STEP][PASSED] - MFLicNum = findTestData(dataFile).getValue("MFLicNum", row): null

2024-11-12 18:16:41 - [TEST_STEP][PASSED] - if (ExecuteTC.equalsIgnoreCase("Y")): pages.WriteExcel.demoKey is PASSED

2024-11-12 18:16:41 - [TEST_STEP][PASSED] - out.println("Begin Record Number: " + row): null

2024-11-12 18:16:41 - [TEST_STEP][PASSED] - today = new java.util.Date(): null

2024-11-12 18:16:41 - [TEST_STEP][PASSED] - println(today): null

2024-11-12 18:16:41 - [TEST_STEP][PASSED] - datText = today: null

2024-11-12 18:16:41 - [TEST_STEP][PASSED] - logInfo("Payment Type: Existing Liability with Notice/Invoice Number"): Payment Type: Existing Liability with Notice/Invoice Number

2024-11-12 18:16:41 - [MESSAGE][INFO] - Payment Type: Existing Liability with Notice/Invoice Number

2024-11-12 18:16:41 - [TEST_STEP][PASSED] - logInfo("Tax Type: " + TaxType): Tax Type: Unclaimed Property

2024-11-12 18:16:41 - [MESSAGE][INFO] - Tax Type: Unclaimed Property

2024-11-12 18:16:41 - [TEST_STEP][PASSED] - openBrowser(""): Browser is opened with url: ''

2024-11-12 18:16:41 - [MESSAGE][WARNING] - A browser is already opened. Closing browser and opening a new one

2024-11-12 18:16:42 - [MESSAGE][INFO] - Starting 'Chrome' driver

2024-11-12 18:16:42 - [MESSAGE][INFO] - User set preference: ['acceptInsecureCerts', 'true']

2024-11-12 18:16:42 - [MESSAGE][INFO] - Action delay is set to 0 milliseconds

2024-11-12 18:16:44 - [MESSAGE][PASSED] - Browser is opened with url: ''

2024-11-12 18:16:44 - [TEST_STEP][PASSED] - maximizeWindow(): Current window maximized

2024-11-12 18:16:44 - [MESSAGE][PASSED] - Current window maximized

2024-11-12 18:16:44 - [TEST_STEP][PASSED] - navigateToUrl(RADurl): Navigate to 'https://www.velocitypayment.com/client/rad/index.html' successfully

2024-11-12 18:16:46 - [MESSAGE][PASSED] - Navigate to 'https://www.velocitypayment.com/client/rad/index.html' successfully

2024-11-12 18:16:46 - [TEST_STEP][PASSED] - selectOptionByLabel(findTestObject(orPath_Landing + "/dd_TaxType"), "Existing Liability with Notice/Invoice Number", false): All options with label 'Existing Liability with Notice/Invoice Number' are selected in object 'Object Repository/RAD_Pages/Landing_Page/dd_TaxType' 

2024-11-12 18:16:47 - [MESSAGE][PASSED] - All options with label 'Existing Liability with Notice/Invoice Number' are selected in object 'Object Repository/RAD_Pages/Landing_Page/dd_TaxType' 

2024-11-12 18:16:47 - [TEST_STEP][PASSED] - selectOptionByLabel(findTestObject(orPath_TaxTypeFilingYear + "/select_TaxType_ExistingLiability"), TaxType, false): All options with label 'Unclaimed Property' are selected in object 'Object Repository/RAD_Pages/TaxTypeFilingYear_Page/select_TaxType_ExistingLiability' 

2024-11-12 18:16:47 - [MESSAGE][PASSED] - All options with label 'Unclaimed Property' are selected in object 'Object Repository/RAD_Pages/TaxTypeFilingYear_Page/select_TaxType_ExistingLiability' 

2024-11-12 18:16:47 - [TEST_STEP][PASSED] - setText(findTestObject(orPath_TaxPayer + "/input_businessName"), " "): Text ' ' is set on object 'Object Repository/RAD_Pages/Taxpayer_Page/input_businessName'

2024-11-12 18:16:48 - [MESSAGE][PASSED] - Text ' ' is set on object 'Object Repository/RAD_Pages/Taxpayer_Page/input_businessName'

2024-11-12 18:16:48 - [TEST_STEP][PASSED] - setText(findTestObject(orPath_TaxPayer + "/input_BusinessRepfirstName"), " "): Text ' ' is set on object 'Object Repository/RAD_Pages/Taxpayer_Page/input_BusinessRepfirstName'

2024-11-12 18:16:49 - [MESSAGE][PASSED] - Text ' ' is set on object 'Object Repository/RAD_Pages/Taxpayer_Page/input_BusinessRepfirstName'

2024-11-12 18:16:49 - [TEST_STEP][PASSED] - setText(findTestObject(orPath_TaxPayer + "/input_BusinessReplastName"), " "): Text ' ' is set on object 'Object Repository/RAD_Pages/Taxpayer_Page/input_BusinessReplastName'

2024-11-12 18:16:49 - [MESSAGE][PASSED] - Text ' ' is set on object 'Object Repository/RAD_Pages/Taxpayer_Page/input_BusinessReplastName'

2024-11-12 18:16:49 - [TEST_STEP][PASSED] - setText(findTestObject(orPath_AddressContact + "/input_streetAddress1"), " "): Text ' ' is set on object 'Object Repository/RAD_Pages/AddressAndContactInfo_Page/input_streetAddress1'

2024-11-12 18:16:50 - [MESSAGE][PASSED] - Text ' ' is set on object 'Object Repository/RAD_Pages/AddressAndContactInfo_Page/input_streetAddress1'

2024-11-12 18:16:50 - [TEST_STEP][PASSED] - setText(findTestObject(orPath_AddressContact + "/input_city"), " "): Text ' ' is set on object 'Object Repository/RAD_Pages/AddressAndContactInfo_Page/input_city'

2024-11-12 18:16:51 - [MESSAGE][PASSED] - Text ' ' is set on object 'Object Repository/RAD_Pages/AddressAndContactInfo_Page/input_city'

2024-11-12 18:16:51 - [TEST_STEP][PASSED] - setText(findTestObject(orPath_AddressContact + "/input_zipCode"), " "): Text ' ' is set on object 'Object Repository/RAD_Pages/AddressAndContactInfo_Page/input_zipCode'

2024-11-12 18:16:52 - [MESSAGE][PASSED] - Text ' ' is set on object 'Object Repository/RAD_Pages/AddressAndContactInfo_Page/input_zipCode'

2024-11-12 18:16:52 - [TEST_STEP][PASSED] - setText(findTestObject(orPath_AddressContact + "/input_phoneNumber"), " "): Text ' ' is set on object 'Object Repository/RAD_Pages/AddressAndContactInfo_Page/input_phoneNumber'

2024-11-12 18:16:53 - [MESSAGE][PASSED] - Text ' ' is set on object 'Object Repository/RAD_Pages/AddressAndContactInfo_Page/input_phoneNumber'

2024-11-12 18:16:53 - [TEST_STEP][PASSED] - setText(findTestObject(orPath_AddressContact + "/input_eMailAddress"), " "): Text ' ' is set on object 'Object Repository/RAD_Pages/AddressAndContactInfo_Page/input_eMailAddress'

2024-11-12 18:16:54 - [MESSAGE][PASSED] - Text ' ' is set on object 'Object Repository/RAD_Pages/AddressAndContactInfo_Page/input_eMailAddress'

2024-11-12 18:16:54 - [TEST_STEP][PASSED] - setText(findTestObject(orPath_AddressContact + "/input_reEnterEMailAddress"), " "): Text ' ' is set on object 'Object Repository/RAD_Pages/AddressAndContactInfo_Page/input_reEnterEMailAddress'

2024-11-12 18:16:54 - [MESSAGE][PASSED] - Text ' ' is set on object 'Object Repository/RAD_Pages/AddressAndContactInfo_Page/input_reEnterEMailAddress'

2024-11-12 18:16:54 - [TEST_STEP][PASSED] - if (TaxType.equalsIgnoreCase("Estate Tax")): null

2024-11-12 18:16:54 - [TEST_STEP][PASSED] - setText(findTestObject(orPath_Amount + "/input__paymentAmount"), ""): Text '' is set on object 'Object Repository/RAD_Pages/PaymentAmount_Page/input__paymentAmount'

2024-11-12 18:16:55 - [MESSAGE][PASSED] - Text '' is set on object 'Object Repository/RAD_Pages/PaymentAmount_Page/input__paymentAmount'

2024-11-12 18:16:55 - [TEST_STEP][PASSED] - resText = "Fail": null

2024-11-12 18:16:55 - [TEST_STEP][PASSED] - pages.WriteExcel.demoKey(resText, datText, resColumn, datCloumn, fileLoc, nameSheet, row): pages.WriteExcel.demoKey is PASSED

2024-11-12 18:16:56 - [MESSAGE][PASSED] - pages.WriteExcel.demoKey is PASSED

2024-11-12 18:16:56 - [TEST_STEP][PASSED] - verifyTextPresent("Enter business name", true, CONTINUE_ON_FAILURE): Text 'Enter business name' is present on page  using regular expression

2024-11-12 18:16:56 - [MESSAGE][PASSED] - Text 'Enter business name' is present on page  using regular expression

2024-11-12 18:16:56 - [TEST_STEP][PASSED] - verifyTextPresent("Enter business rep first name", true, CONTINUE_ON_FAILURE): Text 'Enter business rep first name' is present on page  using regular expression

2024-11-12 18:16:57 - [MESSAGE][PASSED] - Text 'Enter business rep first name' is present on page  using regular expression

2024-11-12 18:16:57 - [TEST_STEP][PASSED] - verifyTextPresent("Enter business rep last name", true, CONTINUE_ON_FAILURE): Text 'Enter business rep last name' is present on page  using regular expression

2024-11-12 18:16:57 - [MESSAGE][PASSED] - Text 'Enter business rep last name' is present on page  using regular expression

2024-11-12 18:16:57 - [TEST_STEP][PASSED] - verifyTextPresent("Enter address", true, CONTINUE_ON_FAILURE): Text 'Enter address' is present on page  using regular expression

2024-11-12 18:16:57 - [MESSAGE][PASSED] - Text 'Enter address' is present on page  using regular expression

2024-11-12 18:16:57 - [TEST_STEP][PASSED] - verifyTextPresent("Enter city", true, CONTINUE_ON_FAILURE): Text 'Enter city' is present on page  using regular expression

2024-11-12 18:16:58 - [MESSAGE][PASSED] - Text 'Enter city' is present on page  using regular expression

2024-11-12 18:16:58 - [TEST_STEP][PASSED] - verifyTextPresent("Enter ZIP code", true, CONTINUE_ON_FAILURE): Text 'Enter ZIP code' is present on page  using regular expression

2024-11-12 18:16:58 - [MESSAGE][PASSED] - Text 'Enter ZIP code' is present on page  using regular expression

2024-11-12 18:16:58 - [TEST_STEP][PASSED] - verifyTextPresent("Enter a valid phone number", true, CONTINUE_ON_FAILURE): Text 'Enter a valid phone number' is present on page  using regular expression

2024-11-12 18:16:58 - [MESSAGE][PASSED] - Text 'Enter a valid phone number' is present on page  using regular expression

2024-11-12 18:16:58 - [TEST_STEP][PASSED] - verifyTextPresent("Enter Email", true, CONTINUE_ON_FAILURE): Text 'Enter Email' is present on page  using regular expression

2024-11-12 18:16:59 - [MESSAGE][PASSED] - Text 'Enter Email' is present on page  using regular expression

2024-11-12 18:16:59 - [TEST_STEP][PASSED] - if (CRN.equalsIgnoreCase("Y")): null

2024-11-12 18:16:59 - [TEST_STEP][PASSED] - if (MFLicNum.equalsIgnoreCase("Y")): null

2024-11-12 18:16:59 - [TEST_STEP][PASSED] - if (isRequiredTextPresent == true): pages.WriteExcel.demoKey is PASSED

2024-11-12 18:16:59 - [TEST_STEP][PASSED] - println("All the relevant texts are present"): null

2024-11-12 18:16:59 - [TEST_STEP][PASSED] - markPassed("All the relevant texts are present"): All the relevant texts are present

2024-11-12 18:16:59 - [MESSAGE][PASSED] - All the relevant texts are present

2024-11-12 18:16:59 - [TEST_STEP][PASSED] - resText = "Pass": null

2024-11-12 18:16:59 - [TEST_STEP][PASSED] - pages.WriteExcel.demoKey(resText, datText, resColumn, datCloumn, fileLoc, nameSheet, row): pages.WriteExcel.demoKey is PASSED

2024-11-12 18:16:59 - [MESSAGE][PASSED] - pages.WriteExcel.demoKey is PASSED

2024-11-12 18:16:59 - [TEST_STEP][PASSED] - ExecuteTC = findTestData(dataFile).getValue("Execute", row): null

2024-11-12 18:16:59 - [TEST_STEP][PASSED] - TaxType = findTestData(dataFile).getValue("TaxType", row): null

2024-11-12 18:16:59 - [TEST_STEP][PASSED] - PaymentType = findTestData(dataFile).getValue("PaymentType", row): null

2024-11-12 18:16:59 - [TEST_STEP][PASSED] - feinSsn = findTestData(dataFile).getValue("FEINSSN", row): null

2024-11-12 18:16:59 - [TEST_STEP][PASSED] - CRN = findTestData(dataFile).getValue("CRN", row): null

2024-11-12 18:16:59 - [TEST_STEP][PASSED] - MFLicNum = findTestData(dataFile).getValue("MFLicNum", row): null

2024-11-12 18:16:59 - [TEST_STEP][PASSED] - if (ExecuteTC.equalsIgnoreCase("Y")): pages.WriteExcel.demoKey is PASSED

2024-11-12 18:16:59 - [TEST_STEP][PASSED] - out.println("Begin Record Number: " + row): null

2024-11-12 18:16:59 - [TEST_STEP][PASSED] - today = new java.util.Date(): null

2024-11-12 18:16:59 - [TEST_STEP][PASSED] - println(today): null

2024-11-12 18:16:59 - [TEST_STEP][PASSED] - datText = today: null

2024-11-12 18:16:59 - [TEST_STEP][PASSED] - logInfo("Payment Type: Existing Liability with Notice/Invoice Number"): Payment Type: Existing Liability with Notice/Invoice Number

2024-11-12 18:16:59 - [MESSAGE][INFO] - Payment Type: Existing Liability with Notice/Invoice Number

2024-11-12 18:16:59 - [TEST_STEP][PASSED] - logInfo("Tax Type: " + TaxType): Tax Type: IFTA Tax

2024-11-12 18:16:59 - [MESSAGE][INFO] - Tax Type: IFTA Tax

2024-11-12 18:16:59 - [TEST_STEP][PASSED] - openBrowser(""): Browser is opened with url: ''

2024-11-12 18:16:59 - [MESSAGE][WARNING] - A browser is already opened. Closing browser and opening a new one

2024-11-12 18:17:00 - [MESSAGE][INFO] - Starting 'Chrome' driver

2024-11-12 18:17:00 - [MESSAGE][INFO] - User set preference: ['acceptInsecureCerts', 'true']

2024-11-12 18:17:00 - [MESSAGE][INFO] - Action delay is set to 0 milliseconds

2024-11-12 18:17:02 - [MESSAGE][PASSED] - Browser is opened with url: ''

2024-11-12 18:17:02 - [TEST_STEP][PASSED] - maximizeWindow(): Current window maximized

2024-11-12 18:17:02 - [MESSAGE][PASSED] - Current window maximized

2024-11-12 18:17:02 - [TEST_STEP][PASSED] - navigateToUrl(RADurl): Navigate to 'https://www.velocitypayment.com/client/rad/index.html' successfully

2024-11-12 18:17:04 - [MESSAGE][PASSED] - Navigate to 'https://www.velocitypayment.com/client/rad/index.html' successfully

2024-11-12 18:17:04 - [TEST_STEP][PASSED] - selectOptionByLabel(findTestObject(orPath_Landing + "/dd_TaxType"), "Existing Liability with Notice/Invoice Number", false): All options with label 'Existing Liability with Notice/Invoice Number' are selected in object 'Object Repository/RAD_Pages/Landing_Page/dd_TaxType' 

2024-11-12 18:17:05 - [MESSAGE][PASSED] - All options with label 'Existing Liability with Notice/Invoice Number' are selected in object 'Object Repository/RAD_Pages/Landing_Page/dd_TaxType' 

2024-11-12 18:17:05 - [TEST_STEP][PASSED] - selectOptionByLabel(findTestObject(orPath_TaxTypeFilingYear + "/select_TaxType_ExistingLiability"), TaxType, false): All options with label 'IFTA Tax' are selected in object 'Object Repository/RAD_Pages/TaxTypeFilingYear_Page/select_TaxType_ExistingLiability' 

2024-11-12 18:17:06 - [MESSAGE][PASSED] - All options with label 'IFTA Tax' are selected in object 'Object Repository/RAD_Pages/TaxTypeFilingYear_Page/select_TaxType_ExistingLiability' 

2024-11-12 18:17:06 - [TEST_STEP][PASSED] - setText(findTestObject(orPath_TaxPayer + "/input_businessName"), " "): Text ' ' is set on object 'Object Repository/RAD_Pages/Taxpayer_Page/input_businessName'

2024-11-12 18:17:06 - [MESSAGE][PASSED] - Text ' ' is set on object 'Object Repository/RAD_Pages/Taxpayer_Page/input_businessName'

2024-11-12 18:17:06 - [TEST_STEP][PASSED] - setText(findTestObject(orPath_TaxPayer + "/input_BusinessRepfirstName"), " "): Text ' ' is set on object 'Object Repository/RAD_Pages/Taxpayer_Page/input_BusinessRepfirstName'

2024-11-12 18:17:07 - [MESSAGE][PASSED] - Text ' ' is set on object 'Object Repository/RAD_Pages/Taxpayer_Page/input_BusinessRepfirstName'

2024-11-12 18:17:07 - [TEST_STEP][PASSED] - setText(findTestObject(orPath_TaxPayer + "/input_BusinessReplastName"), " "): Text ' ' is set on object 'Object Repository/RAD_Pages/Taxpayer_Page/input_BusinessReplastName'

2024-11-12 18:17:08 - [MESSAGE][PASSED] - Text ' ' is set on object 'Object Repository/RAD_Pages/Taxpayer_Page/input_BusinessReplastName'

2024-11-12 18:17:08 - [TEST_STEP][PASSED] - setText(findTestObject(orPath_AddressContact + "/input_streetAddress1"), " "): Text ' ' is set on object 'Object Repository/RAD_Pages/AddressAndContactInfo_Page/input_streetAddress1'

2024-11-12 18:17:09 - [MESSAGE][PASSED] - Text ' ' is set on object 'Object Repository/RAD_Pages/AddressAndContactInfo_Page/input_streetAddress1'

2024-11-12 18:17:09 - [TEST_STEP][PASSED] - setText(findTestObject(orPath_AddressContact + "/input_city"), " "): Text ' ' is set on object 'Object Repository/RAD_Pages/AddressAndContactInfo_Page/input_city'

2024-11-12 18:17:09 - [MESSAGE][PASSED] - Text ' ' is set on object 'Object Repository/RAD_Pages/AddressAndContactInfo_Page/input_city'

2024-11-12 18:17:09 - [TEST_STEP][PASSED] - setText(findTestObject(orPath_AddressContact + "/input_zipCode"), " "): Text ' ' is set on object 'Object Repository/RAD_Pages/AddressAndContactInfo_Page/input_zipCode'

2024-11-12 18:17:10 - [MESSAGE][PASSED] - Text ' ' is set on object 'Object Repository/RAD_Pages/AddressAndContactInfo_Page/input_zipCode'

2024-11-12 18:17:10 - [TEST_STEP][PASSED] - setText(findTestObject(orPath_AddressContact + "/input_phoneNumber"), " "): Text ' ' is set on object 'Object Repository/RAD_Pages/AddressAndContactInfo_Page/input_phoneNumber'

2024-11-12 18:17:11 - [MESSAGE][PASSED] - Text ' ' is set on object 'Object Repository/RAD_Pages/AddressAndContactInfo_Page/input_phoneNumber'

2024-11-12 18:17:11 - [TEST_STEP][PASSED] - setText(findTestObject(orPath_AddressContact + "/input_eMailAddress"), " "): Text ' ' is set on object 'Object Repository/RAD_Pages/AddressAndContactInfo_Page/input_eMailAddress'

2024-11-12 18:17:12 - [MESSAGE][PASSED] - Text ' ' is set on object 'Object Repository/RAD_Pages/AddressAndContactInfo_Page/input_eMailAddress'

2024-11-12 18:17:12 - [TEST_STEP][PASSED] - setText(findTestObject(orPath_AddressContact + "/input_reEnterEMailAddress"), " "): Text ' ' is set on object 'Object Repository/RAD_Pages/AddressAndContactInfo_Page/input_reEnterEMailAddress'

2024-11-12 18:17:13 - [MESSAGE][PASSED] - Text ' ' is set on object 'Object Repository/RAD_Pages/AddressAndContactInfo_Page/input_reEnterEMailAddress'

2024-11-12 18:17:13 - [TEST_STEP][PASSED] - if (TaxType.equalsIgnoreCase("Estate Tax")): null

2024-11-12 18:17:13 - [TEST_STEP][PASSED] - setText(findTestObject(orPath_Amount + "/input__paymentAmount"), ""): Text '' is set on object 'Object Repository/RAD_Pages/PaymentAmount_Page/input__paymentAmount'

2024-11-12 18:17:14 - [MESSAGE][PASSED] - Text '' is set on object 'Object Repository/RAD_Pages/PaymentAmount_Page/input__paymentAmount'

2024-11-12 18:17:14 - [TEST_STEP][PASSED] - resText = "Fail": null

2024-11-12 18:17:14 - [TEST_STEP][PASSED] - pages.WriteExcel.demoKey(resText, datText, resColumn, datCloumn, fileLoc, nameSheet, row): pages.WriteExcel.demoKey is PASSED

2024-11-12 18:17:14 - [MESSAGE][PASSED] - pages.WriteExcel.demoKey is PASSED

2024-11-12 18:17:14 - [TEST_STEP][PASSED] - verifyTextPresent("Enter business name", true, CONTINUE_ON_FAILURE): Text 'Enter business name' is present on page  using regular expression

2024-11-12 18:17:14 - [MESSAGE][PASSED] - Text 'Enter business name' is present on page  using regular expression

2024-11-12 18:17:14 - [TEST_STEP][PASSED] - verifyTextPresent("Enter business rep first name", true, CONTINUE_ON_FAILURE): Text 'Enter business rep first name' is present on page  using regular expression

2024-11-12 18:17:15 - [MESSAGE][PASSED] - Text 'Enter business rep first name' is present on page  using regular expression

2024-11-12 18:17:15 - [TEST_STEP][PASSED] - verifyTextPresent("Enter business rep last name", true, CONTINUE_ON_FAILURE): Text 'Enter business rep last name' is present on page  using regular expression

2024-11-12 18:17:15 - [MESSAGE][PASSED] - Text 'Enter business rep last name' is present on page  using regular expression

2024-11-12 18:17:15 - [TEST_STEP][PASSED] - verifyTextPresent("Enter address", true, CONTINUE_ON_FAILURE): Text 'Enter address' is present on page  using regular expression

2024-11-12 18:17:16 - [MESSAGE][PASSED] - Text 'Enter address' is present on page  using regular expression

2024-11-12 18:17:16 - [TEST_STEP][PASSED] - verifyTextPresent("Enter city", true, CONTINUE_ON_FAILURE): Text 'Enter city' is present on page  using regular expression

2024-11-12 18:17:16 - [MESSAGE][PASSED] - Text 'Enter city' is present on page  using regular expression

2024-11-12 18:17:16 - [TEST_STEP][PASSED] - verifyTextPresent("Enter ZIP code", true, CONTINUE_ON_FAILURE): Text 'Enter ZIP code' is present on page  using regular expression

2024-11-12 18:17:16 - [MESSAGE][PASSED] - Text 'Enter ZIP code' is present on page  using regular expression

2024-11-12 18:17:16 - [TEST_STEP][PASSED] - verifyTextPresent("Enter a valid phone number", true, CONTINUE_ON_FAILURE): Text 'Enter a valid phone number' is present on page  using regular expression

2024-11-12 18:17:17 - [MESSAGE][PASSED] - Text 'Enter a valid phone number' is present on page  using regular expression

2024-11-12 18:17:17 - [TEST_STEP][PASSED] - verifyTextPresent("Enter Email", true, CONTINUE_ON_FAILURE): Text 'Enter Email' is present on page  using regular expression

2024-11-12 18:17:17 - [MESSAGE][PASSED] - Text 'Enter Email' is present on page  using regular expression

2024-11-12 18:17:17 - [TEST_STEP][PASSED] - if (CRN.equalsIgnoreCase("Y")): null

2024-11-12 18:17:17 - [TEST_STEP][PASSED] - if (MFLicNum.equalsIgnoreCase("Y")): null

2024-11-12 18:17:17 - [TEST_STEP][PASSED] - if (isRequiredTextPresent == true): pages.WriteExcel.demoKey is PASSED

2024-11-12 18:17:17 - [TEST_STEP][PASSED] - println("All the relevant texts are present"): null

2024-11-12 18:17:17 - [TEST_STEP][PASSED] - markPassed("All the relevant texts are present"): All the relevant texts are present

2024-11-12 18:17:17 - [MESSAGE][PASSED] - All the relevant texts are present

2024-11-12 18:17:17 - [TEST_STEP][PASSED] - resText = "Pass": null

2024-11-12 18:17:17 - [TEST_STEP][PASSED] - pages.WriteExcel.demoKey(resText, datText, resColumn, datCloumn, fileLoc, nameSheet, row): pages.WriteExcel.demoKey is PASSED

2024-11-12 18:17:17 - [MESSAGE][PASSED] - pages.WriteExcel.demoKey is PASSED]]></system-out>
         <system-err><![CDATA[]]></system-err>
      </testcase>
      <testcase name="Test Cases/RAD_TestCases/MRF_TestCases/Extension_MRF_TC" time="115.34" classname="Test Cases/RAD_TestCases/MRF_TestCases/Extension_MRF_TC" status="PASSED">
         <system-out><![CDATA[2024-11-12 18:17:17 - [TEST_CASE][PASSED] - Test Cases/RAD_TestCases/MRF_TestCases/Extension_MRF_TC: Test Cases/RAD_TestCases/MRF_TestCases/Extension_MRF_TC

2024-11-12 18:17:18 - [TEST_STEP][PASSED] - resText = "Fail": null

2024-11-12 18:17:18 - [TEST_STEP][PASSED] - resColumn = "Result": null

2024-11-12 18:17:18 - [TEST_STEP][PASSED] - datCloumn = "Date": null

2024-11-12 18:17:18 - [TEST_STEP][PASSED] - fileLoc = "KatalonData/RADTestData/MRF.xlsx": null

2024-11-12 18:17:18 - [TEST_STEP][PASSED] - nameSheet = "Extension": null

2024-11-12 18:17:18 - [TEST_STEP][PASSED] - dataFile = "RADTestData/MRF_Extension": null

2024-11-12 18:17:18 - [TEST_STEP][PASSED] - orPath_Landing = "Object Repository/RAD_Pages/Landing_Page": null

2024-11-12 18:17:18 - [TEST_STEP][PASSED] - orPath_TaxTypeFilingYear = "Object Repository/RAD_Pages/TaxTypeFilingYear_Page": null

2024-11-12 18:17:18 - [TEST_STEP][PASSED] - orPath_Amount = "Object Repository/RAD_Pages/PaymentAmount_Page": null

2024-11-12 18:17:18 - [TEST_STEP][PASSED] - orPath_AddressContact = "Object Repository/RAD_Pages/AddressAndContactInfo_Page": null

2024-11-12 18:17:18 - [TEST_STEP][PASSED] - orPath_Summary = "Object Repository/RAD_Pages/Summary_Page": null

2024-11-12 18:17:18 - [TEST_STEP][PASSED] - orPath_PaymentConfirmation = "Object Repository/RAD_Pages/PaymentConfirmation_Page": null

2024-11-12 18:17:18 - [TEST_STEP][PASSED] - orPath_ServiceFeesAccept = "Object Repository/RAD_Pages/ServiceFeeAccept_Page": null

2024-11-12 18:17:18 - [TEST_STEP][PASSED] - orPath_PaymentEntry = "Object Repository/RAD_Pages/PaymentEntry_Page": null

2024-11-12 18:17:18 - [TEST_STEP][PASSED] - orPath_TaxPayer = "Object Repository/RAD_Pages/Taxpayer_Page": null

2024-11-12 18:17:18 - [TEST_STEP][PASSED] - ExecuteTC = <not implemented yet for class: org.codehaus.groovy.ast.expr.EmptyExpression>: null

2024-11-12 18:17:18 - [TEST_STEP][PASSED] - TaxType = <not implemented yet for class: org.codehaus.groovy.ast.expr.EmptyExpression>: null

2024-11-12 18:17:18 - [TEST_STEP][PASSED] - PaymentType = <not implemented yet for class: org.codehaus.groovy.ast.expr.EmptyExpression>: null

2024-11-12 18:17:18 - [TEST_STEP][PASSED] - FilingYear = <not implemented yet for class: org.codehaus.groovy.ast.expr.EmptyExpression>: null

2024-11-12 18:17:18 - [TEST_STEP][PASSED] - PeriodEndingMonth = <not implemented yet for class: org.codehaus.groovy.ast.expr.EmptyExpression>: null

2024-11-12 18:17:18 - [TEST_STEP][PASSED] - feinSSN = <not implemented yet for class: org.codehaus.groovy.ast.expr.EmptyExpression>: null

2024-11-12 18:17:18 - [TEST_STEP][PASSED] - numOfRows = findTestData(dataFile).getRowNumbers(): null

2024-11-12 18:17:18 - [TEST_STEP][PASSED] - println("Number of Records: " + numOfRows): null

2024-11-12 18:17:18 - [TEST_STEP][PASSED] - for ([row = 1, row <= numOfRows, (row++)]): pages.WriteExcel.demoKey is PASSED

2024-11-12 18:17:18 - [TEST_STEP][PASSED] - ExecuteTC = findTestData(dataFile).getValue("Execute", row): null

2024-11-12 18:17:18 - [TEST_STEP][PASSED] - TaxType = findTestData(dataFile).getValue("TaxType", row): null

2024-11-12 18:17:18 - [TEST_STEP][PASSED] - PaymentType = findTestData(dataFile).getValue("PaymentType", row): null

2024-11-12 18:17:18 - [TEST_STEP][PASSED] - FilingYear = findTestData(dataFile).getValue("Year", row): null

2024-11-12 18:17:18 - [TEST_STEP][PASSED] - PeriodEndingMonth = findTestData(dataFile).getValue("Month", row): null

2024-11-12 18:17:18 - [TEST_STEP][PASSED] - feinSSN = findTestData(dataFile).getValue("FeinSsn", row): null

2024-11-12 18:17:18 - [TEST_STEP][PASSED] - if (ExecuteTC.equalsIgnoreCase("Y")): pages.WriteExcel.demoKey is PASSED

2024-11-12 18:17:18 - [TEST_STEP][PASSED] - out.println("Begin Record Number: " + row): null

2024-11-12 18:17:18 - [TEST_STEP][PASSED] - today = new java.util.Date(): null

2024-11-12 18:17:18 - [TEST_STEP][PASSED] - println(today): null

2024-11-12 18:17:18 - [TEST_STEP][PASSED] - datText = today: null

2024-11-12 18:17:18 - [TEST_STEP][PASSED] - logInfo("Payment Type: Extension Payments"): Payment Type: Extension Payments

2024-11-12 18:17:18 - [MESSAGE][INFO] - Payment Type: Extension Payments

2024-11-12 18:17:18 - [TEST_STEP][PASSED] - logInfo("Tax Type: " + TaxType): Tax Type: Corporate Income Tax

2024-11-12 18:17:18 - [MESSAGE][INFO] - Tax Type: Corporate Income Tax

2024-11-12 18:17:18 - [TEST_STEP][PASSED] - openBrowser(""): Browser is opened with url: ''

2024-11-12 18:17:18 - [MESSAGE][WARNING] - A browser is already opened. Closing browser and opening a new one

2024-11-12 18:17:19 - [MESSAGE][INFO] - Starting 'Chrome' driver

2024-11-12 18:17:19 - [MESSAGE][INFO] - User set preference: ['acceptInsecureCerts', 'true']

2024-11-12 18:17:19 - [MESSAGE][INFO] - Action delay is set to 0 milliseconds

2024-11-12 18:17:21 - [MESSAGE][PASSED] - Browser is opened with url: ''

2024-11-12 18:17:21 - [TEST_STEP][PASSED] - maximizeWindow(): Current window maximized

2024-11-12 18:17:21 - [MESSAGE][PASSED] - Current window maximized

2024-11-12 18:17:21 - [TEST_STEP][PASSED] - navigateToUrl(RADurl): Navigate to 'https://www.velocitypayment.com/client/rad/index.html' successfully

2024-11-12 18:17:24 - [MESSAGE][PASSED] - Navigate to 'https://www.velocitypayment.com/client/rad/index.html' successfully

2024-11-12 18:17:24 - [TEST_STEP][PASSED] - selectOptionByLabel(findTestObject(orPath_Landing + "/dd_TaxType"), "Extension Payments", false): All options with label 'Extension Payments' are selected in object 'Object Repository/RAD_Pages/Landing_Page/dd_TaxType' 

2024-11-12 18:17:24 - [MESSAGE][PASSED] - All options with label 'Extension Payments' are selected in object 'Object Repository/RAD_Pages/Landing_Page/dd_TaxType' 

2024-11-12 18:17:24 - [TEST_STEP][PASSED] - selectOptionByLabel(findTestObject(orPath_TaxTypeFilingYear + "/select_PaymentType"), TaxType, false): All options with label 'Corporate Income Tax' are selected in object 'Object Repository/RAD_Pages/TaxTypeFilingYear_Page/select_PaymentType' 

2024-11-12 18:17:25 - [MESSAGE][PASSED] - All options with label 'Corporate Income Tax' are selected in object 'Object Repository/RAD_Pages/TaxTypeFilingYear_Page/select_PaymentType' 

2024-11-12 18:17:25 - [TEST_STEP][PASSED] - selectOptionByLabel(findTestObject(orPath_TaxTypeFilingYear + "/select_FilingYear"), FilingYear, false): All options with label '2023' are selected in object 'Object Repository/RAD_Pages/TaxTypeFilingYear_Page/select_FilingYear' 

2024-11-12 18:17:26 - [MESSAGE][PASSED] - All options with label '2023' are selected in object 'Object Repository/RAD_Pages/TaxTypeFilingYear_Page/select_FilingYear' 

2024-11-12 18:17:26 - [TEST_STEP][PASSED] - switch (TaxType): null

2024-11-12 18:17:26 - [TEST_STEP][PASSED] - case "Corporate Income Tax":: null

2024-11-12 18:17:26 - [TEST_STEP][PASSED] - selectOptionByLabel(findTestObject(orPath_TaxTypeFilingYear + "/select_PeriodEnding"), PeriodEndingMonth, false): All options with label 'September' are selected in object 'Object Repository/RAD_Pages/TaxTypeFilingYear_Page/select_PeriodEnding' 

2024-11-12 18:17:26 - [MESSAGE][PASSED] - All options with label 'September' are selected in object 'Object Repository/RAD_Pages/TaxTypeFilingYear_Page/select_PeriodEnding' 

2024-11-12 18:17:26 - [TEST_STEP][PASSED] - break: null

2024-11-12 18:17:26 - [TEST_STEP][PASSED] - setText(findTestObject(orPath_TaxPayer + "/input_businessName"), " "): Text ' ' is set on object 'Object Repository/RAD_Pages/Taxpayer_Page/input_businessName'

2024-11-12 18:17:27 - [MESSAGE][PASSED] - Text ' ' is set on object 'Object Repository/RAD_Pages/Taxpayer_Page/input_businessName'

2024-11-12 18:17:27 - [TEST_STEP][PASSED] - setText(findTestObject(orPath_TaxPayer + "/input_BusinessRepfirstName"), " "): Text ' ' is set on object 'Object Repository/RAD_Pages/Taxpayer_Page/input_BusinessRepfirstName'

2024-11-12 18:17:28 - [MESSAGE][PASSED] - Text ' ' is set on object 'Object Repository/RAD_Pages/Taxpayer_Page/input_BusinessRepfirstName'

2024-11-12 18:17:28 - [TEST_STEP][PASSED] - setText(findTestObject(orPath_TaxPayer + "/input_BusinessReplastName"), " "): Text ' ' is set on object 'Object Repository/RAD_Pages/Taxpayer_Page/input_BusinessReplastName'

2024-11-12 18:17:29 - [MESSAGE][PASSED] - Text ' ' is set on object 'Object Repository/RAD_Pages/Taxpayer_Page/input_BusinessReplastName'

2024-11-12 18:17:29 - [TEST_STEP][PASSED] - setText(findTestObject(orPath_AddressContact + "/input_streetAddress1"), " "): Text ' ' is set on object 'Object Repository/RAD_Pages/AddressAndContactInfo_Page/input_streetAddress1'

2024-11-12 18:17:29 - [MESSAGE][PASSED] - Text ' ' is set on object 'Object Repository/RAD_Pages/AddressAndContactInfo_Page/input_streetAddress1'

2024-11-12 18:17:29 - [TEST_STEP][PASSED] - setText(findTestObject(orPath_AddressContact + "/input_city"), " "): Text ' ' is set on object 'Object Repository/RAD_Pages/AddressAndContactInfo_Page/input_city'

2024-11-12 18:17:30 - [MESSAGE][PASSED] - Text ' ' is set on object 'Object Repository/RAD_Pages/AddressAndContactInfo_Page/input_city'

2024-11-12 18:17:30 - [TEST_STEP][PASSED] - setText(findTestObject(orPath_AddressContact + "/input_zipCode"), " "): Text ' ' is set on object 'Object Repository/RAD_Pages/AddressAndContactInfo_Page/input_zipCode'

2024-11-12 18:17:31 - [MESSAGE][PASSED] - Text ' ' is set on object 'Object Repository/RAD_Pages/AddressAndContactInfo_Page/input_zipCode'

2024-11-12 18:17:31 - [TEST_STEP][PASSED] - setText(findTestObject(orPath_AddressContact + "/input_phoneNumber"), " "): Text ' ' is set on object 'Object Repository/RAD_Pages/AddressAndContactInfo_Page/input_phoneNumber'

2024-11-12 18:17:32 - [MESSAGE][PASSED] - Text ' ' is set on object 'Object Repository/RAD_Pages/AddressAndContactInfo_Page/input_phoneNumber'

2024-11-12 18:17:32 - [TEST_STEP][PASSED] - setText(findTestObject(orPath_AddressContact + "/input_eMailAddress"), " "): Text ' ' is set on object 'Object Repository/RAD_Pages/AddressAndContactInfo_Page/input_eMailAddress'

2024-11-12 18:17:33 - [MESSAGE][PASSED] - Text ' ' is set on object 'Object Repository/RAD_Pages/AddressAndContactInfo_Page/input_eMailAddress'

2024-11-12 18:17:33 - [TEST_STEP][PASSED] - setText(findTestObject(orPath_AddressContact + "/input_reEnterEMailAddress"), " "): Text ' ' is set on object 'Object Repository/RAD_Pages/AddressAndContactInfo_Page/input_reEnterEMailAddress'

2024-11-12 18:17:34 - [MESSAGE][PASSED] - Text ' ' is set on object 'Object Repository/RAD_Pages/AddressAndContactInfo_Page/input_reEnterEMailAddress'

2024-11-12 18:17:34 - [TEST_STEP][PASSED] - resText = "Fail": null

2024-11-12 18:17:34 - [TEST_STEP][PASSED] - pages.WriteExcel.demoKey(resText, datText, resColumn, datCloumn, fileLoc, nameSheet, row): pages.WriteExcel.demoKey is PASSED

2024-11-12 18:17:34 - [MESSAGE][PASSED] - pages.WriteExcel.demoKey is PASSED

2024-11-12 18:17:34 - [TEST_STEP][PASSED] - verifyTextPresent("Enter business name", true, CONTINUE_ON_FAILURE): Text 'Enter business name' is present on page  using regular expression

2024-11-12 18:17:34 - [MESSAGE][PASSED] - Text 'Enter business name' is present on page  using regular expression

2024-11-12 18:17:34 - [TEST_STEP][PASSED] - verifyTextPresent("Enter business rep first name", true, CONTINUE_ON_FAILURE): Text 'Enter business rep first name' is present on page  using regular expression

2024-11-12 18:17:35 - [MESSAGE][PASSED] - Text 'Enter business rep first name' is present on page  using regular expression

2024-11-12 18:17:35 - [TEST_STEP][PASSED] - verifyTextPresent("Enter business rep last name", true, CONTINUE_ON_FAILURE): Text 'Enter business rep last name' is present on page  using regular expression

2024-11-12 18:17:35 - [MESSAGE][PASSED] - Text 'Enter business rep last name' is present on page  using regular expression

2024-11-12 18:17:35 - [TEST_STEP][PASSED] - verifyTextPresent("Enter address", true, CONTINUE_ON_FAILURE): Text 'Enter address' is present on page  using regular expression

2024-11-12 18:17:35 - [MESSAGE][PASSED] - Text 'Enter address' is present on page  using regular expression

2024-11-12 18:17:35 - [TEST_STEP][PASSED] - verifyTextPresent("Enter city", true, CONTINUE_ON_FAILURE): Text 'Enter city' is present on page  using regular expression

2024-11-12 18:17:36 - [MESSAGE][PASSED] - Text 'Enter city' is present on page  using regular expression

2024-11-12 18:17:36 - [TEST_STEP][PASSED] - verifyTextPresent("Enter ZIP code", true, CONTINUE_ON_FAILURE): Text 'Enter ZIP code' is present on page  using regular expression

2024-11-12 18:17:36 - [MESSAGE][PASSED] - Text 'Enter ZIP code' is present on page  using regular expression

2024-11-12 18:17:36 - [TEST_STEP][PASSED] - verifyTextPresent("Enter a valid phone number", true, CONTINUE_ON_FAILURE): Text 'Enter a valid phone number' is present on page  using regular expression

2024-11-12 18:17:37 - [MESSAGE][PASSED] - Text 'Enter a valid phone number' is present on page  using regular expression

2024-11-12 18:17:37 - [TEST_STEP][PASSED] - verifyTextPresent("Enter Email", true, CONTINUE_ON_FAILURE): Text 'Enter Email' is present on page  using regular expression

2024-11-12 18:17:37 - [MESSAGE][PASSED] - Text 'Enter Email' is present on page  using regular expression

2024-11-12 18:17:37 - [TEST_STEP][PASSED] - resText = "Pass": null

2024-11-12 18:17:37 - [TEST_STEP][PASSED] - pages.WriteExcel.demoKey(resText, datText, resColumn, datCloumn, fileLoc, nameSheet, row): pages.WriteExcel.demoKey is PASSED

2024-11-12 18:17:37 - [MESSAGE][PASSED] - pages.WriteExcel.demoKey is PASSED

2024-11-12 18:17:37 - [TEST_STEP][PASSED] - ExecuteTC = findTestData(dataFile).getValue("Execute", row): null

2024-11-12 18:17:37 - [TEST_STEP][PASSED] - TaxType = findTestData(dataFile).getValue("TaxType", row): null

2024-11-12 18:17:38 - [TEST_STEP][PASSED] - PaymentType = findTestData(dataFile).getValue("PaymentType", row): null

2024-11-12 18:17:38 - [TEST_STEP][PASSED] - FilingYear = findTestData(dataFile).getValue("Year", row): null

2024-11-12 18:17:38 - [TEST_STEP][PASSED] - PeriodEndingMonth = findTestData(dataFile).getValue("Month", row): null

2024-11-12 18:17:38 - [TEST_STEP][PASSED] - feinSSN = findTestData(dataFile).getValue("FeinSsn", row): null

2024-11-12 18:17:38 - [TEST_STEP][PASSED] - if (ExecuteTC.equalsIgnoreCase("Y")): pages.WriteExcel.demoKey is PASSED

2024-11-12 18:17:38 - [TEST_STEP][PASSED] - out.println("Begin Record Number: " + row): null

2024-11-12 18:17:38 - [TEST_STEP][PASSED] - today = new java.util.Date(): null

2024-11-12 18:17:38 - [TEST_STEP][PASSED] - println(today): null

2024-11-12 18:17:38 - [TEST_STEP][PASSED] - datText = today: null

2024-11-12 18:17:38 - [TEST_STEP][PASSED] - logInfo("Payment Type: Extension Payments"): Payment Type: Extension Payments

2024-11-12 18:17:38 - [MESSAGE][INFO] - Payment Type: Extension Payments

2024-11-12 18:17:38 - [TEST_STEP][PASSED] - logInfo("Tax Type: " + TaxType): Tax Type: Fiduciary Tax

2024-11-12 18:17:38 - [MESSAGE][INFO] - Tax Type: Fiduciary Tax

2024-11-12 18:17:38 - [TEST_STEP][PASSED] - openBrowser(""): Browser is opened with url: ''

2024-11-12 18:17:38 - [MESSAGE][WARNING] - A browser is already opened. Closing browser and opening a new one

2024-11-12 18:17:41 - [MESSAGE][INFO] - Starting 'Chrome' driver

2024-11-12 18:17:41 - [MESSAGE][INFO] - User set preference: ['acceptInsecureCerts', 'true']

2024-11-12 18:17:41 - [MESSAGE][INFO] - Action delay is set to 0 milliseconds

2024-11-12 18:17:43 - [MESSAGE][PASSED] - Browser is opened with url: ''

2024-11-12 18:17:43 - [TEST_STEP][PASSED] - maximizeWindow(): Current window maximized

2024-11-12 18:17:43 - [MESSAGE][PASSED] - Current window maximized

2024-11-12 18:17:43 - [TEST_STEP][PASSED] - navigateToUrl(RADurl): Navigate to 'https://www.velocitypayment.com/client/rad/index.html' successfully

2024-11-12 18:17:43 - [MESSAGE][PASSED] - Navigate to 'https://www.velocitypayment.com/client/rad/index.html' successfully

2024-11-12 18:17:43 - [TEST_STEP][PASSED] - selectOptionByLabel(findTestObject(orPath_Landing + "/dd_TaxType"), "Extension Payments", false): All options with label 'Extension Payments' are selected in object 'Object Repository/RAD_Pages/Landing_Page/dd_TaxType' 

2024-11-12 18:17:45 - [MESSAGE][PASSED] - All options with label 'Extension Payments' are selected in object 'Object Repository/RAD_Pages/Landing_Page/dd_TaxType' 

2024-11-12 18:17:45 - [TEST_STEP][PASSED] - selectOptionByLabel(findTestObject(orPath_TaxTypeFilingYear + "/select_PaymentType"), TaxType, false): All options with label 'Fiduciary Tax' are selected in object 'Object Repository/RAD_Pages/TaxTypeFilingYear_Page/select_PaymentType' 

2024-11-12 18:17:46 - [MESSAGE][PASSED] - All options with label 'Fiduciary Tax' are selected in object 'Object Repository/RAD_Pages/TaxTypeFilingYear_Page/select_PaymentType' 

2024-11-12 18:17:46 - [TEST_STEP][PASSED] - selectOptionByLabel(findTestObject(orPath_TaxTypeFilingYear + "/select_FilingYear"), FilingYear, false): All options with label '2023' are selected in object 'Object Repository/RAD_Pages/TaxTypeFilingYear_Page/select_FilingYear' 

2024-11-12 18:17:47 - [MESSAGE][PASSED] - All options with label '2023' are selected in object 'Object Repository/RAD_Pages/TaxTypeFilingYear_Page/select_FilingYear' 

2024-11-12 18:17:47 - [TEST_STEP][PASSED] - switch (TaxType): null

2024-11-12 18:17:47 - [TEST_STEP][PASSED] - setText(findTestObject(orPath_TaxPayer + "/input_businessName"), " "): Text ' ' is set on object 'Object Repository/RAD_Pages/Taxpayer_Page/input_businessName'

2024-11-12 18:17:47 - [MESSAGE][PASSED] - Text ' ' is set on object 'Object Repository/RAD_Pages/Taxpayer_Page/input_businessName'

2024-11-12 18:17:47 - [TEST_STEP][PASSED] - setText(findTestObject(orPath_TaxPayer + "/input_BusinessRepfirstName"), " "): Text ' ' is set on object 'Object Repository/RAD_Pages/Taxpayer_Page/input_BusinessRepfirstName'

2024-11-12 18:17:48 - [MESSAGE][PASSED] - Text ' ' is set on object 'Object Repository/RAD_Pages/Taxpayer_Page/input_BusinessRepfirstName'

2024-11-12 18:17:48 - [TEST_STEP][PASSED] - setText(findTestObject(orPath_TaxPayer + "/input_BusinessReplastName"), " "): Text ' ' is set on object 'Object Repository/RAD_Pages/Taxpayer_Page/input_BusinessReplastName'

2024-11-12 18:17:49 - [MESSAGE][PASSED] - Text ' ' is set on object 'Object Repository/RAD_Pages/Taxpayer_Page/input_BusinessReplastName'

2024-11-12 18:17:49 - [TEST_STEP][PASSED] - setText(findTestObject(orPath_AddressContact + "/input_streetAddress1"), " "): Text ' ' is set on object 'Object Repository/RAD_Pages/AddressAndContactInfo_Page/input_streetAddress1'

2024-11-12 18:17:50 - [MESSAGE][PASSED] - Text ' ' is set on object 'Object Repository/RAD_Pages/AddressAndContactInfo_Page/input_streetAddress1'

2024-11-12 18:17:50 - [TEST_STEP][PASSED] - setText(findTestObject(orPath_AddressContact + "/input_city"), " "): Text ' ' is set on object 'Object Repository/RAD_Pages/AddressAndContactInfo_Page/input_city'

2024-11-12 18:17:50 - [MESSAGE][PASSED] - Text ' ' is set on object 'Object Repository/RAD_Pages/AddressAndContactInfo_Page/input_city'

2024-11-12 18:17:50 - [TEST_STEP][PASSED] - setText(findTestObject(orPath_AddressContact + "/input_zipCode"), " "): Text ' ' is set on object 'Object Repository/RAD_Pages/AddressAndContactInfo_Page/input_zipCode'

2024-11-12 18:17:51 - [MESSAGE][PASSED] - Text ' ' is set on object 'Object Repository/RAD_Pages/AddressAndContactInfo_Page/input_zipCode'

2024-11-12 18:17:51 - [TEST_STEP][PASSED] - setText(findTestObject(orPath_AddressContact + "/input_phoneNumber"), " "): Text ' ' is set on object 'Object Repository/RAD_Pages/AddressAndContactInfo_Page/input_phoneNumber'

2024-11-12 18:17:52 - [MESSAGE][PASSED] - Text ' ' is set on object 'Object Repository/RAD_Pages/AddressAndContactInfo_Page/input_phoneNumber'

2024-11-12 18:17:52 - [TEST_STEP][PASSED] - setText(findTestObject(orPath_AddressContact + "/input_eMailAddress"), " "): Text ' ' is set on object 'Object Repository/RAD_Pages/AddressAndContactInfo_Page/input_eMailAddress'

2024-11-12 18:17:53 - [MESSAGE][PASSED] - Text ' ' is set on object 'Object Repository/RAD_Pages/AddressAndContactInfo_Page/input_eMailAddress'

2024-11-12 18:17:53 - [TEST_STEP][PASSED] - setText(findTestObject(orPath_AddressContact + "/input_reEnterEMailAddress"), " "): Text ' ' is set on object 'Object Repository/RAD_Pages/AddressAndContactInfo_Page/input_reEnterEMailAddress'

2024-11-12 18:17:53 - [MESSAGE][PASSED] - Text ' ' is set on object 'Object Repository/RAD_Pages/AddressAndContactInfo_Page/input_reEnterEMailAddress'

2024-11-12 18:17:53 - [TEST_STEP][PASSED] - resText = "Fail": null

2024-11-12 18:17:53 - [TEST_STEP][PASSED] - pages.WriteExcel.demoKey(resText, datText, resColumn, datCloumn, fileLoc, nameSheet, row): pages.WriteExcel.demoKey is PASSED

2024-11-12 18:17:54 - [MESSAGE][PASSED] - pages.WriteExcel.demoKey is PASSED

2024-11-12 18:17:54 - [TEST_STEP][PASSED] - verifyTextPresent("Enter business name", true, CONTINUE_ON_FAILURE): Text 'Enter business name' is present on page  using regular expression

2024-11-12 18:17:54 - [MESSAGE][PASSED] - Text 'Enter business name' is present on page  using regular expression

2024-11-12 18:17:54 - [TEST_STEP][PASSED] - verifyTextPresent("Enter business rep first name", true, CONTINUE_ON_FAILURE): Text 'Enter business rep first name' is present on page  using regular expression

2024-11-12 18:17:54 - [MESSAGE][PASSED] - Text 'Enter business rep first name' is present on page  using regular expression

2024-11-12 18:17:54 - [TEST_STEP][PASSED] - verifyTextPresent("Enter business rep last name", true, CONTINUE_ON_FAILURE): Text 'Enter business rep last name' is present on page  using regular expression

2024-11-12 18:17:55 - [MESSAGE][PASSED] - Text 'Enter business rep last name' is present on page  using regular expression

2024-11-12 18:17:55 - [TEST_STEP][PASSED] - verifyTextPresent("Enter address", true, CONTINUE_ON_FAILURE): Text 'Enter address' is present on page  using regular expression

2024-11-12 18:17:55 - [MESSAGE][PASSED] - Text 'Enter address' is present on page  using regular expression

2024-11-12 18:17:55 - [TEST_STEP][PASSED] - verifyTextPresent("Enter city", true, CONTINUE_ON_FAILURE): Text 'Enter city' is present on page  using regular expression

2024-11-12 18:17:56 - [MESSAGE][PASSED] - Text 'Enter city' is present on page  using regular expression

2024-11-12 18:17:56 - [TEST_STEP][PASSED] - verifyTextPresent("Enter ZIP code", true, CONTINUE_ON_FAILURE): Text 'Enter ZIP code' is present on page  using regular expression

2024-11-12 18:17:56 - [MESSAGE][PASSED] - Text 'Enter ZIP code' is present on page  using regular expression

2024-11-12 18:17:56 - [TEST_STEP][PASSED] - verifyTextPresent("Enter a valid phone number", true, CONTINUE_ON_FAILURE): Text 'Enter a valid phone number' is present on page  using regular expression

2024-11-12 18:17:56 - [MESSAGE][PASSED] - Text 'Enter a valid phone number' is present on page  using regular expression

2024-11-12 18:17:56 - [TEST_STEP][PASSED] - verifyTextPresent("Enter Email", true, CONTINUE_ON_FAILURE): Text 'Enter Email' is present on page  using regular expression

2024-11-12 18:17:57 - [MESSAGE][PASSED] - Text 'Enter Email' is present on page  using regular expression

2024-11-12 18:17:57 - [TEST_STEP][PASSED] - resText = "Pass": null

2024-11-12 18:17:57 - [TEST_STEP][PASSED] - pages.WriteExcel.demoKey(resText, datText, resColumn, datCloumn, fileLoc, nameSheet, row): pages.WriteExcel.demoKey is PASSED

2024-11-12 18:17:57 - [MESSAGE][PASSED] - pages.WriteExcel.demoKey is PASSED

2024-11-12 18:17:57 - [TEST_STEP][PASSED] - ExecuteTC = findTestData(dataFile).getValue("Execute", row): null

2024-11-12 18:17:57 - [TEST_STEP][PASSED] - TaxType = findTestData(dataFile).getValue("TaxType", row): null

2024-11-12 18:17:57 - [TEST_STEP][PASSED] - PaymentType = findTestData(dataFile).getValue("PaymentType", row): null

2024-11-12 18:17:57 - [TEST_STEP][PASSED] - FilingYear = findTestData(dataFile).getValue("Year", row): null

2024-11-12 18:17:57 - [TEST_STEP][PASSED] - PeriodEndingMonth = findTestData(dataFile).getValue("Month", row): null

2024-11-12 18:17:57 - [TEST_STEP][PASSED] - feinSSN = findTestData(dataFile).getValue("FeinSsn", row): null

2024-11-12 18:17:57 - [TEST_STEP][PASSED] - if (ExecuteTC.equalsIgnoreCase("Y")): pages.WriteExcel.demoKey is PASSED

2024-11-12 18:17:57 - [TEST_STEP][PASSED] - out.println("Begin Record Number: " + row): null

2024-11-12 18:17:57 - [TEST_STEP][PASSED] - today = new java.util.Date(): null

2024-11-12 18:17:57 - [TEST_STEP][PASSED] - println(today): null

2024-11-12 18:17:57 - [TEST_STEP][PASSED] - datText = today: null

2024-11-12 18:17:57 - [TEST_STEP][PASSED] - logInfo("Payment Type: Extension Payments"): Payment Type: Extension Payments

2024-11-12 18:17:57 - [MESSAGE][INFO] - Payment Type: Extension Payments

2024-11-12 18:17:57 - [TEST_STEP][PASSED] - logInfo("Tax Type: " + TaxType): Tax Type: PTE Non-Electing Non-S Corp

2024-11-12 18:17:57 - [MESSAGE][INFO] - Tax Type: PTE Non-Electing Non-S Corp

2024-11-12 18:17:57 - [TEST_STEP][PASSED] - openBrowser(""): Browser is opened with url: ''

2024-11-12 18:17:57 - [MESSAGE][WARNING] - A browser is already opened. Closing browser and opening a new one

2024-11-12 18:17:59 - [MESSAGE][INFO] - Starting 'Chrome' driver

2024-11-12 18:17:59 - [MESSAGE][INFO] - User set preference: ['acceptInsecureCerts', 'true']

2024-11-12 18:17:59 - [MESSAGE][INFO] - Action delay is set to 0 milliseconds

2024-11-12 18:18:00 - [MESSAGE][PASSED] - Browser is opened with url: ''

2024-11-12 18:18:00 - [TEST_STEP][PASSED] - maximizeWindow(): Current window maximized

2024-11-12 18:18:00 - [MESSAGE][PASSED] - Current window maximized

2024-11-12 18:18:00 - [TEST_STEP][PASSED] - navigateToUrl(RADurl): Navigate to 'https://www.velocitypayment.com/client/rad/index.html' successfully

2024-11-12 18:18:02 - [MESSAGE][PASSED] - Navigate to 'https://www.velocitypayment.com/client/rad/index.html' successfully

2024-11-12 18:18:02 - [TEST_STEP][PASSED] - selectOptionByLabel(findTestObject(orPath_Landing + "/dd_TaxType"), "Extension Payments", false): All options with label 'Extension Payments' are selected in object 'Object Repository/RAD_Pages/Landing_Page/dd_TaxType' 

2024-11-12 18:18:03 - [MESSAGE][PASSED] - All options with label 'Extension Payments' are selected in object 'Object Repository/RAD_Pages/Landing_Page/dd_TaxType' 

2024-11-12 18:18:03 - [TEST_STEP][PASSED] - selectOptionByLabel(findTestObject(orPath_TaxTypeFilingYear + "/select_PaymentType"), TaxType, false): All options with label 'PTE Non-Electing Non-S Corp' are selected in object 'Object Repository/RAD_Pages/TaxTypeFilingYear_Page/select_PaymentType' 

2024-11-12 18:18:04 - [MESSAGE][PASSED] - All options with label 'PTE Non-Electing Non-S Corp' are selected in object 'Object Repository/RAD_Pages/TaxTypeFilingYear_Page/select_PaymentType' 

2024-11-12 18:18:04 - [TEST_STEP][PASSED] - selectOptionByLabel(findTestObject(orPath_TaxTypeFilingYear + "/select_FilingYear"), FilingYear, false): All options with label '2023' are selected in object 'Object Repository/RAD_Pages/TaxTypeFilingYear_Page/select_FilingYear' 

2024-11-12 18:18:04 - [MESSAGE][PASSED] - All options with label '2023' are selected in object 'Object Repository/RAD_Pages/TaxTypeFilingYear_Page/select_FilingYear' 

2024-11-12 18:18:04 - [TEST_STEP][PASSED] - switch (TaxType): null

2024-11-12 18:18:04 - [TEST_STEP][PASSED] - setText(findTestObject(orPath_TaxPayer + "/input_businessName"), " "): Text ' ' is set on object 'Object Repository/RAD_Pages/Taxpayer_Page/input_businessName'

2024-11-12 18:18:05 - [MESSAGE][PASSED] - Text ' ' is set on object 'Object Repository/RAD_Pages/Taxpayer_Page/input_businessName'

2024-11-12 18:18:05 - [TEST_STEP][PASSED] - setText(findTestObject(orPath_TaxPayer + "/input_BusinessRepfirstName"), " "): Text ' ' is set on object 'Object Repository/RAD_Pages/Taxpayer_Page/input_BusinessRepfirstName'

2024-11-12 18:18:06 - [MESSAGE][PASSED] - Text ' ' is set on object 'Object Repository/RAD_Pages/Taxpayer_Page/input_BusinessRepfirstName'

2024-11-12 18:18:06 - [TEST_STEP][PASSED] - setText(findTestObject(orPath_TaxPayer + "/input_BusinessReplastName"), " "): Text ' ' is set on object 'Object Repository/RAD_Pages/Taxpayer_Page/input_BusinessReplastName'

2024-11-12 18:18:06 - [MESSAGE][PASSED] - Text ' ' is set on object 'Object Repository/RAD_Pages/Taxpayer_Page/input_BusinessReplastName'

2024-11-12 18:18:06 - [TEST_STEP][PASSED] - setText(findTestObject(orPath_AddressContact + "/input_streetAddress1"), " "): Text ' ' is set on object 'Object Repository/RAD_Pages/AddressAndContactInfo_Page/input_streetAddress1'

2024-11-12 18:18:07 - [MESSAGE][PASSED] - Text ' ' is set on object 'Object Repository/RAD_Pages/AddressAndContactInfo_Page/input_streetAddress1'

2024-11-12 18:18:07 - [TEST_STEP][PASSED] - setText(findTestObject(orPath_AddressContact + "/input_city"), " "): Text ' ' is set on object 'Object Repository/RAD_Pages/AddressAndContactInfo_Page/input_city'

2024-11-12 18:18:08 - [MESSAGE][PASSED] - Text ' ' is set on object 'Object Repository/RAD_Pages/AddressAndContactInfo_Page/input_city'

2024-11-12 18:18:08 - [TEST_STEP][PASSED] - setText(findTestObject(orPath_AddressContact + "/input_zipCode"), " "): Text ' ' is set on object 'Object Repository/RAD_Pages/AddressAndContactInfo_Page/input_zipCode'

2024-11-12 18:18:09 - [MESSAGE][PASSED] - Text ' ' is set on object 'Object Repository/RAD_Pages/AddressAndContactInfo_Page/input_zipCode'

2024-11-12 18:18:09 - [TEST_STEP][PASSED] - setText(findTestObject(orPath_AddressContact + "/input_phoneNumber"), " "): Text ' ' is set on object 'Object Repository/RAD_Pages/AddressAndContactInfo_Page/input_phoneNumber'

2024-11-12 18:18:10 - [MESSAGE][PASSED] - Text ' ' is set on object 'Object Repository/RAD_Pages/AddressAndContactInfo_Page/input_phoneNumber'

2024-11-12 18:18:10 - [TEST_STEP][PASSED] - setText(findTestObject(orPath_AddressContact + "/input_eMailAddress"), " "): Text ' ' is set on object 'Object Repository/RAD_Pages/AddressAndContactInfo_Page/input_eMailAddress'

2024-11-12 18:18:10 - [MESSAGE][PASSED] - Text ' ' is set on object 'Object Repository/RAD_Pages/AddressAndContactInfo_Page/input_eMailAddress'

2024-11-12 18:18:10 - [TEST_STEP][PASSED] - setText(findTestObject(orPath_AddressContact + "/input_reEnterEMailAddress"), " "): Text ' ' is set on object 'Object Repository/RAD_Pages/AddressAndContactInfo_Page/input_reEnterEMailAddress'

2024-11-12 18:18:11 - [MESSAGE][PASSED] - Text ' ' is set on object 'Object Repository/RAD_Pages/AddressAndContactInfo_Page/input_reEnterEMailAddress'

2024-11-12 18:18:11 - [TEST_STEP][PASSED] - resText = "Fail": null

2024-11-12 18:18:11 - [TEST_STEP][PASSED] - pages.WriteExcel.demoKey(resText, datText, resColumn, datCloumn, fileLoc, nameSheet, row): pages.WriteExcel.demoKey is PASSED

2024-11-12 18:18:11 - [MESSAGE][PASSED] - pages.WriteExcel.demoKey is PASSED

2024-11-12 18:18:11 - [TEST_STEP][PASSED] - verifyTextPresent("Enter business name", true, CONTINUE_ON_FAILURE): Text 'Enter business name' is present on page  using regular expression

2024-11-12 18:18:12 - [MESSAGE][PASSED] - Text 'Enter business name' is present on page  using regular expression

2024-11-12 18:18:12 - [TEST_STEP][PASSED] - verifyTextPresent("Enter business rep first name", true, CONTINUE_ON_FAILURE): Text 'Enter business rep first name' is present on page  using regular expression

2024-11-12 18:18:12 - [MESSAGE][PASSED] - Text 'Enter business rep first name' is present on page  using regular expression

2024-11-12 18:18:12 - [TEST_STEP][PASSED] - verifyTextPresent("Enter business rep last name", true, CONTINUE_ON_FAILURE): Text 'Enter business rep last name' is present on page  using regular expression

2024-11-12 18:18:13 - [MESSAGE][PASSED] - Text 'Enter business rep last name' is present on page  using regular expression

2024-11-12 18:18:13 - [TEST_STEP][PASSED] - verifyTextPresent("Enter address", true, CONTINUE_ON_FAILURE): Text 'Enter address' is present on page  using regular expression

2024-11-12 18:18:13 - [MESSAGE][PASSED] - Text 'Enter address' is present on page  using regular expression

2024-11-12 18:18:13 - [TEST_STEP][PASSED] - verifyTextPresent("Enter city", true, CONTINUE_ON_FAILURE): Text 'Enter city' is present on page  using regular expression

2024-11-12 18:18:14 - [MESSAGE][PASSED] - Text 'Enter city' is present on page  using regular expression

2024-11-12 18:18:14 - [TEST_STEP][PASSED] - verifyTextPresent("Enter ZIP code", true, CONTINUE_ON_FAILURE): Text 'Enter ZIP code' is present on page  using regular expression

2024-11-12 18:18:14 - [MESSAGE][PASSED] - Text 'Enter ZIP code' is present on page  using regular expression

2024-11-12 18:18:14 - [TEST_STEP][PASSED] - verifyTextPresent("Enter a valid phone number", true, CONTINUE_ON_FAILURE): Text 'Enter a valid phone number' is present on page  using regular expression

2024-11-12 18:18:14 - [MESSAGE][PASSED] - Text 'Enter a valid phone number' is present on page  using regular expression

2024-11-12 18:18:14 - [TEST_STEP][PASSED] - verifyTextPresent("Enter Email", true, CONTINUE_ON_FAILURE): Text 'Enter Email' is present on page  using regular expression

2024-11-12 18:18:15 - [MESSAGE][PASSED] - Text 'Enter Email' is present on page  using regular expression

2024-11-12 18:18:15 - [TEST_STEP][PASSED] - resText = "Pass": null

2024-11-12 18:18:15 - [TEST_STEP][PASSED] - pages.WriteExcel.demoKey(resText, datText, resColumn, datCloumn, fileLoc, nameSheet, row): pages.WriteExcel.demoKey is PASSED

2024-11-12 18:18:15 - [MESSAGE][PASSED] - pages.WriteExcel.demoKey is PASSED

2024-11-12 18:18:15 - [TEST_STEP][PASSED] - ExecuteTC = findTestData(dataFile).getValue("Execute", row): null

2024-11-12 18:18:15 - [TEST_STEP][PASSED] - TaxType = findTestData(dataFile).getValue("TaxType", row): null

2024-11-12 18:18:15 - [TEST_STEP][PASSED] - PaymentType = findTestData(dataFile).getValue("PaymentType", row): null

2024-11-12 18:18:15 - [TEST_STEP][PASSED] - FilingYear = findTestData(dataFile).getValue("Year", row): null

2024-11-12 18:18:15 - [TEST_STEP][PASSED] - PeriodEndingMonth = findTestData(dataFile).getValue("Month", row): null

2024-11-12 18:18:15 - [TEST_STEP][PASSED] - feinSSN = findTestData(dataFile).getValue("FeinSsn", row): null

2024-11-12 18:18:15 - [TEST_STEP][PASSED] - if (ExecuteTC.equalsIgnoreCase("Y")): pages.WriteExcel.demoKey is PASSED

2024-11-12 18:18:15 - [TEST_STEP][PASSED] - out.println("Begin Record Number: " + row): null

2024-11-12 18:18:15 - [TEST_STEP][PASSED] - today = new java.util.Date(): null

2024-11-12 18:18:15 - [TEST_STEP][PASSED] - println(today): null

2024-11-12 18:18:15 - [TEST_STEP][PASSED] - datText = today: null

2024-11-12 18:18:15 - [TEST_STEP][PASSED] - logInfo("Payment Type: Extension Payments"): Payment Type: Extension Payments

2024-11-12 18:18:15 - [MESSAGE][INFO] - Payment Type: Extension Payments

2024-11-12 18:18:15 - [TEST_STEP][PASSED] - logInfo("Tax Type: " + TaxType): Tax Type: PTE Non-Electing S Corp

2024-11-12 18:18:15 - [MESSAGE][INFO] - Tax Type: PTE Non-Electing S Corp

2024-11-12 18:18:15 - [TEST_STEP][PASSED] - openBrowser(""): Browser is opened with url: ''

2024-11-12 18:18:15 - [MESSAGE][WARNING] - A browser is already opened. Closing browser and opening a new one

2024-11-12 18:18:16 - [MESSAGE][INFO] - Starting 'Chrome' driver

2024-11-12 18:18:16 - [MESSAGE][INFO] - User set preference: ['acceptInsecureCerts', 'true']

2024-11-12 18:18:16 - [MESSAGE][INFO] - Action delay is set to 0 milliseconds

2024-11-12 18:18:18 - [MESSAGE][PASSED] - Browser is opened with url: ''

2024-11-12 18:18:18 - [TEST_STEP][PASSED] - maximizeWindow(): Current window maximized

2024-11-12 18:18:18 - [MESSAGE][PASSED] - Current window maximized

2024-11-12 18:18:18 - [TEST_STEP][PASSED] - navigateToUrl(RADurl): Navigate to 'https://www.velocitypayment.com/client/rad/index.html' successfully

2024-11-12 18:18:20 - [MESSAGE][PASSED] - Navigate to 'https://www.velocitypayment.com/client/rad/index.html' successfully

2024-11-12 18:18:20 - [TEST_STEP][PASSED] - selectOptionByLabel(findTestObject(orPath_Landing + "/dd_TaxType"), "Extension Payments", false): All options with label 'Extension Payments' are selected in object 'Object Repository/RAD_Pages/Landing_Page/dd_TaxType' 

2024-11-12 18:18:21 - [MESSAGE][PASSED] - All options with label 'Extension Payments' are selected in object 'Object Repository/RAD_Pages/Landing_Page/dd_TaxType' 

2024-11-12 18:18:21 - [TEST_STEP][PASSED] - selectOptionByLabel(findTestObject(orPath_TaxTypeFilingYear + "/select_PaymentType"), TaxType, false): All options with label 'PTE Non-Electing S Corp' are selected in object 'Object Repository/RAD_Pages/TaxTypeFilingYear_Page/select_PaymentType' 

2024-11-12 18:18:21 - [MESSAGE][PASSED] - All options with label 'PTE Non-Electing S Corp' are selected in object 'Object Repository/RAD_Pages/TaxTypeFilingYear_Page/select_PaymentType' 

2024-11-12 18:18:21 - [TEST_STEP][PASSED] - selectOptionByLabel(findTestObject(orPath_TaxTypeFilingYear + "/select_FilingYear"), FilingYear, false): All options with label '2023' are selected in object 'Object Repository/RAD_Pages/TaxTypeFilingYear_Page/select_FilingYear' 

2024-11-12 18:18:22 - [MESSAGE][PASSED] - All options with label '2023' are selected in object 'Object Repository/RAD_Pages/TaxTypeFilingYear_Page/select_FilingYear' 

2024-11-12 18:18:22 - [TEST_STEP][PASSED] - switch (TaxType): null

2024-11-12 18:18:22 - [TEST_STEP][PASSED] - setText(findTestObject(orPath_TaxPayer + "/input_businessName"), " "): Text ' ' is set on object 'Object Repository/RAD_Pages/Taxpayer_Page/input_businessName'

2024-11-12 18:18:23 - [MESSAGE][PASSED] - Text ' ' is set on object 'Object Repository/RAD_Pages/Taxpayer_Page/input_businessName'

2024-11-12 18:18:23 - [TEST_STEP][PASSED] - setText(findTestObject(orPath_TaxPayer + "/input_BusinessRepfirstName"), " "): Text ' ' is set on object 'Object Repository/RAD_Pages/Taxpayer_Page/input_BusinessRepfirstName'

2024-11-12 18:18:24 - [MESSAGE][PASSED] - Text ' ' is set on object 'Object Repository/RAD_Pages/Taxpayer_Page/input_BusinessRepfirstName'

2024-11-12 18:18:24 - [TEST_STEP][PASSED] - setText(findTestObject(orPath_TaxPayer + "/input_BusinessReplastName"), " "): Text ' ' is set on object 'Object Repository/RAD_Pages/Taxpayer_Page/input_BusinessReplastName'

2024-11-12 18:18:24 - [MESSAGE][PASSED] - Text ' ' is set on object 'Object Repository/RAD_Pages/Taxpayer_Page/input_BusinessReplastName'

2024-11-12 18:18:24 - [TEST_STEP][PASSED] - setText(findTestObject(orPath_AddressContact + "/input_streetAddress1"), " "): Text ' ' is set on object 'Object Repository/RAD_Pages/AddressAndContactInfo_Page/input_streetAddress1'

2024-11-12 18:18:25 - [MESSAGE][PASSED] - Text ' ' is set on object 'Object Repository/RAD_Pages/AddressAndContactInfo_Page/input_streetAddress1'

2024-11-12 18:18:25 - [TEST_STEP][PASSED] - setText(findTestObject(orPath_AddressContact + "/input_city"), " "): Text ' ' is set on object 'Object Repository/RAD_Pages/AddressAndContactInfo_Page/input_city'

2024-11-12 18:18:26 - [MESSAGE][PASSED] - Text ' ' is set on object 'Object Repository/RAD_Pages/AddressAndContactInfo_Page/input_city'

2024-11-12 18:18:26 - [TEST_STEP][PASSED] - setText(findTestObject(orPath_AddressContact + "/input_zipCode"), " "): Text ' ' is set on object 'Object Repository/RAD_Pages/AddressAndContactInfo_Page/input_zipCode'

2024-11-12 18:18:26 - [MESSAGE][PASSED] - Text ' ' is set on object 'Object Repository/RAD_Pages/AddressAndContactInfo_Page/input_zipCode'

2024-11-12 18:18:26 - [TEST_STEP][PASSED] - setText(findTestObject(orPath_AddressContact + "/input_phoneNumber"), " "): Text ' ' is set on object 'Object Repository/RAD_Pages/AddressAndContactInfo_Page/input_phoneNumber'

2024-11-12 18:18:27 - [MESSAGE][PASSED] - Text ' ' is set on object 'Object Repository/RAD_Pages/AddressAndContactInfo_Page/input_phoneNumber'

2024-11-12 18:18:27 - [TEST_STEP][PASSED] - setText(findTestObject(orPath_AddressContact + "/input_eMailAddress"), " "): Text ' ' is set on object 'Object Repository/RAD_Pages/AddressAndContactInfo_Page/input_eMailAddress'

2024-11-12 18:18:28 - [MESSAGE][PASSED] - Text ' ' is set on object 'Object Repository/RAD_Pages/AddressAndContactInfo_Page/input_eMailAddress'

2024-11-12 18:18:28 - [TEST_STEP][PASSED] - setText(findTestObject(orPath_AddressContact + "/input_reEnterEMailAddress"), " "): Text ' ' is set on object 'Object Repository/RAD_Pages/AddressAndContactInfo_Page/input_reEnterEMailAddress'

2024-11-12 18:18:29 - [MESSAGE][PASSED] - Text ' ' is set on object 'Object Repository/RAD_Pages/AddressAndContactInfo_Page/input_reEnterEMailAddress'

2024-11-12 18:18:29 - [TEST_STEP][PASSED] - resText = "Fail": null

2024-11-12 18:18:29 - [TEST_STEP][PASSED] - pages.WriteExcel.demoKey(resText, datText, resColumn, datCloumn, fileLoc, nameSheet, row): pages.WriteExcel.demoKey is PASSED

2024-11-12 18:18:29 - [MESSAGE][PASSED] - pages.WriteExcel.demoKey is PASSED

2024-11-12 18:18:29 - [TEST_STEP][PASSED] - verifyTextPresent("Enter business name", true, CONTINUE_ON_FAILURE): Text 'Enter business name' is present on page  using regular expression

2024-11-12 18:18:30 - [MESSAGE][PASSED] - Text 'Enter business name' is present on page  using regular expression

2024-11-12 18:18:30 - [TEST_STEP][PASSED] - verifyTextPresent("Enter business rep first name", true, CONTINUE_ON_FAILURE): Text 'Enter business rep first name' is present on page  using regular expression

2024-11-12 18:18:30 - [MESSAGE][PASSED] - Text 'Enter business rep first name' is present on page  using regular expression

2024-11-12 18:18:30 - [TEST_STEP][PASSED] - verifyTextPresent("Enter business rep last name", true, CONTINUE_ON_FAILURE): Text 'Enter business rep last name' is present on page  using regular expression

2024-11-12 18:18:31 - [MESSAGE][PASSED] - Text 'Enter business rep last name' is present on page  using regular expression

2024-11-12 18:18:31 - [TEST_STEP][PASSED] - verifyTextPresent("Enter address", true, CONTINUE_ON_FAILURE): Text 'Enter address' is present on page  using regular expression

2024-11-12 18:18:31 - [MESSAGE][PASSED] - Text 'Enter address' is present on page  using regular expression

2024-11-12 18:18:31 - [TEST_STEP][PASSED] - verifyTextPresent("Enter city", true, CONTINUE_ON_FAILURE): Text 'Enter city' is present on page  using regular expression

2024-11-12 18:18:31 - [MESSAGE][PASSED] - Text 'Enter city' is present on page  using regular expression

2024-11-12 18:18:31 - [TEST_STEP][PASSED] - verifyTextPresent("Enter ZIP code", true, CONTINUE_ON_FAILURE): Text 'Enter ZIP code' is present on page  using regular expression

2024-11-12 18:18:32 - [MESSAGE][PASSED] - Text 'Enter ZIP code' is present on page  using regular expression

2024-11-12 18:18:32 - [TEST_STEP][PASSED] - verifyTextPresent("Enter a valid phone number", true, CONTINUE_ON_FAILURE): Text 'Enter a valid phone number' is present on page  using regular expression

2024-11-12 18:18:32 - [MESSAGE][PASSED] - Text 'Enter a valid phone number' is present on page  using regular expression

2024-11-12 18:18:32 - [TEST_STEP][PASSED] - verifyTextPresent("Enter Email", true, CONTINUE_ON_FAILURE): Text 'Enter Email' is present on page  using regular expression

2024-11-12 18:18:32 - [MESSAGE][PASSED] - Text 'Enter Email' is present on page  using regular expression

2024-11-12 18:18:32 - [TEST_STEP][PASSED] - resText = "Pass": null

2024-11-12 18:18:32 - [TEST_STEP][PASSED] - pages.WriteExcel.demoKey(resText, datText, resColumn, datCloumn, fileLoc, nameSheet, row): pages.WriteExcel.demoKey is PASSED

2024-11-12 18:18:32 - [MESSAGE][PASSED] - pages.WriteExcel.demoKey is PASSED

2024-11-12 18:18:32 - [TEST_STEP][PASSED] - ExecuteTC = findTestData(dataFile).getValue("Execute", row): null

2024-11-12 18:18:32 - [TEST_STEP][PASSED] - TaxType = findTestData(dataFile).getValue("TaxType", row): null

2024-11-12 18:18:33 - [TEST_STEP][PASSED] - PaymentType = findTestData(dataFile).getValue("PaymentType", row): null

2024-11-12 18:18:33 - [TEST_STEP][PASSED] - FilingYear = findTestData(dataFile).getValue("Year", row): null

2024-11-12 18:18:33 - [TEST_STEP][PASSED] - PeriodEndingMonth = findTestData(dataFile).getValue("Month", row): null

2024-11-12 18:18:33 - [TEST_STEP][PASSED] - feinSSN = findTestData(dataFile).getValue("FeinSsn", row): null

2024-11-12 18:18:33 - [TEST_STEP][PASSED] - if (ExecuteTC.equalsIgnoreCase("Y")): pages.WriteExcel.demoKey is PASSED

2024-11-12 18:18:33 - [TEST_STEP][PASSED] - out.println("Begin Record Number: " + row): null

2024-11-12 18:18:33 - [TEST_STEP][PASSED] - today = new java.util.Date(): null

2024-11-12 18:18:33 - [TEST_STEP][PASSED] - println(today): null

2024-11-12 18:18:33 - [TEST_STEP][PASSED] - datText = today: null

2024-11-12 18:18:33 - [TEST_STEP][PASSED] - logInfo("Payment Type: Extension Payments"): Payment Type: Extension Payments

2024-11-12 18:18:33 - [MESSAGE][INFO] - Payment Type: Extension Payments

2024-11-12 18:18:33 - [TEST_STEP][PASSED] - logInfo("Tax Type: " + TaxType): Tax Type: PTE Tax Electing Non-S Corp

2024-11-12 18:18:33 - [MESSAGE][INFO] - Tax Type: PTE Tax Electing Non-S Corp

2024-11-12 18:18:33 - [TEST_STEP][PASSED] - openBrowser(""): Browser is opened with url: ''

2024-11-12 18:18:33 - [MESSAGE][WARNING] - A browser is already opened. Closing browser and opening a new one

2024-11-12 18:18:34 - [MESSAGE][INFO] - Starting 'Chrome' driver

2024-11-12 18:18:34 - [MESSAGE][INFO] - User set preference: ['acceptInsecureCerts', 'true']

2024-11-12 18:18:34 - [MESSAGE][INFO] - Action delay is set to 0 milliseconds

2024-11-12 18:18:36 - [MESSAGE][PASSED] - Browser is opened with url: ''

2024-11-12 18:18:36 - [TEST_STEP][PASSED] - maximizeWindow(): Current window maximized

2024-11-12 18:18:37 - [MESSAGE][PASSED] - Current window maximized

2024-11-12 18:18:37 - [TEST_STEP][PASSED] - navigateToUrl(RADurl): Navigate to 'https://www.velocitypayment.com/client/rad/index.html' successfully

2024-11-12 18:18:42 - [MESSAGE][PASSED] - Navigate to 'https://www.velocitypayment.com/client/rad/index.html' successfully

2024-11-12 18:18:42 - [TEST_STEP][PASSED] - selectOptionByLabel(findTestObject(orPath_Landing + "/dd_TaxType"), "Extension Payments", false): All options with label 'Extension Payments' are selected in object 'Object Repository/RAD_Pages/Landing_Page/dd_TaxType' 

2024-11-12 18:18:42 - [MESSAGE][PASSED] - All options with label 'Extension Payments' are selected in object 'Object Repository/RAD_Pages/Landing_Page/dd_TaxType' 

2024-11-12 18:18:42 - [TEST_STEP][PASSED] - selectOptionByLabel(findTestObject(orPath_TaxTypeFilingYear + "/select_PaymentType"), TaxType, false): All options with label 'PTE Tax Electing Non-S Corp' are selected in object 'Object Repository/RAD_Pages/TaxTypeFilingYear_Page/select_PaymentType' 

2024-11-12 18:18:43 - [MESSAGE][PASSED] - All options with label 'PTE Tax Electing Non-S Corp' are selected in object 'Object Repository/RAD_Pages/TaxTypeFilingYear_Page/select_PaymentType' 

2024-11-12 18:18:43 - [TEST_STEP][PASSED] - selectOptionByLabel(findTestObject(orPath_TaxTypeFilingYear + "/select_FilingYear"), FilingYear, false): All options with label '2023' are selected in object 'Object Repository/RAD_Pages/TaxTypeFilingYear_Page/select_FilingYear' 

2024-11-12 18:18:44 - [MESSAGE][PASSED] - All options with label '2023' are selected in object 'Object Repository/RAD_Pages/TaxTypeFilingYear_Page/select_FilingYear' 

2024-11-12 18:18:44 - [TEST_STEP][PASSED] - switch (TaxType): null

2024-11-12 18:18:44 - [TEST_STEP][PASSED] - setText(findTestObject(orPath_TaxPayer + "/input_businessName"), " "): Text ' ' is set on object 'Object Repository/RAD_Pages/Taxpayer_Page/input_businessName'

2024-11-12 18:18:45 - [MESSAGE][PASSED] - Text ' ' is set on object 'Object Repository/RAD_Pages/Taxpayer_Page/input_businessName'

2024-11-12 18:18:45 - [TEST_STEP][PASSED] - setText(findTestObject(orPath_TaxPayer + "/input_BusinessRepfirstName"), " "): Text ' ' is set on object 'Object Repository/RAD_Pages/Taxpayer_Page/input_BusinessRepfirstName'

2024-11-12 18:18:45 - [MESSAGE][PASSED] - Text ' ' is set on object 'Object Repository/RAD_Pages/Taxpayer_Page/input_BusinessRepfirstName'

2024-11-12 18:18:45 - [TEST_STEP][PASSED] - setText(findTestObject(orPath_TaxPayer + "/input_BusinessReplastName"), " "): Text ' ' is set on object 'Object Repository/RAD_Pages/Taxpayer_Page/input_BusinessReplastName'

2024-11-12 18:18:46 - [MESSAGE][PASSED] - Text ' ' is set on object 'Object Repository/RAD_Pages/Taxpayer_Page/input_BusinessReplastName'

2024-11-12 18:18:46 - [TEST_STEP][PASSED] - setText(findTestObject(orPath_AddressContact + "/input_streetAddress1"), " "): Text ' ' is set on object 'Object Repository/RAD_Pages/AddressAndContactInfo_Page/input_streetAddress1'

2024-11-12 18:18:47 - [MESSAGE][PASSED] - Text ' ' is set on object 'Object Repository/RAD_Pages/AddressAndContactInfo_Page/input_streetAddress1'

2024-11-12 18:18:47 - [TEST_STEP][PASSED] - setText(findTestObject(orPath_AddressContact + "/input_city"), " "): Text ' ' is set on object 'Object Repository/RAD_Pages/AddressAndContactInfo_Page/input_city'

2024-11-12 18:18:48 - [MESSAGE][PASSED] - Text ' ' is set on object 'Object Repository/RAD_Pages/AddressAndContactInfo_Page/input_city'

2024-11-12 18:18:48 - [TEST_STEP][PASSED] - setText(findTestObject(orPath_AddressContact + "/input_zipCode"), " "): Text ' ' is set on object 'Object Repository/RAD_Pages/AddressAndContactInfo_Page/input_zipCode'

2024-11-12 18:18:49 - [MESSAGE][PASSED] - Text ' ' is set on object 'Object Repository/RAD_Pages/AddressAndContactInfo_Page/input_zipCode'

2024-11-12 18:18:49 - [TEST_STEP][PASSED] - setText(findTestObject(orPath_AddressContact + "/input_phoneNumber"), " "): Text ' ' is set on object 'Object Repository/RAD_Pages/AddressAndContactInfo_Page/input_phoneNumber'

2024-11-12 18:18:49 - [MESSAGE][PASSED] - Text ' ' is set on object 'Object Repository/RAD_Pages/AddressAndContactInfo_Page/input_phoneNumber'

2024-11-12 18:18:49 - [TEST_STEP][PASSED] - setText(findTestObject(orPath_AddressContact + "/input_eMailAddress"), " "): Text ' ' is set on object 'Object Repository/RAD_Pages/AddressAndContactInfo_Page/input_eMailAddress'

2024-11-12 18:18:50 - [MESSAGE][PASSED] - Text ' ' is set on object 'Object Repository/RAD_Pages/AddressAndContactInfo_Page/input_eMailAddress'

2024-11-12 18:18:50 - [TEST_STEP][PASSED] - setText(findTestObject(orPath_AddressContact + "/input_reEnterEMailAddress"), " "): Text ' ' is set on object 'Object Repository/RAD_Pages/AddressAndContactInfo_Page/input_reEnterEMailAddress'

2024-11-12 18:18:51 - [MESSAGE][PASSED] - Text ' ' is set on object 'Object Repository/RAD_Pages/AddressAndContactInfo_Page/input_reEnterEMailAddress'

2024-11-12 18:18:51 - [TEST_STEP][PASSED] - resText = "Fail": null

2024-11-12 18:18:51 - [TEST_STEP][PASSED] - pages.WriteExcel.demoKey(resText, datText, resColumn, datCloumn, fileLoc, nameSheet, row): pages.WriteExcel.demoKey is PASSED

2024-11-12 18:18:51 - [MESSAGE][PASSED] - pages.WriteExcel.demoKey is PASSED

2024-11-12 18:18:51 - [TEST_STEP][PASSED] - verifyTextPresent("Enter business name", true, CONTINUE_ON_FAILURE): Text 'Enter business name' is present on page  using regular expression

2024-11-12 18:18:51 - [MESSAGE][PASSED] - Text 'Enter business name' is present on page  using regular expression

2024-11-12 18:18:51 - [TEST_STEP][PASSED] - verifyTextPresent("Enter business rep first name", true, CONTINUE_ON_FAILURE): Text 'Enter business rep first name' is present on page  using regular expression

2024-11-12 18:18:52 - [MESSAGE][PASSED] - Text 'Enter business rep first name' is present on page  using regular expression

2024-11-12 18:18:52 - [TEST_STEP][PASSED] - verifyTextPresent("Enter business rep last name", true, CONTINUE_ON_FAILURE): Text 'Enter business rep last name' is present on page  using regular expression

2024-11-12 18:18:52 - [MESSAGE][PASSED] - Text 'Enter business rep last name' is present on page  using regular expression

2024-11-12 18:18:52 - [TEST_STEP][PASSED] - verifyTextPresent("Enter address", true, CONTINUE_ON_FAILURE): Text 'Enter address' is present on page  using regular expression

2024-11-12 18:18:52 - [MESSAGE][PASSED] - Text 'Enter address' is present on page  using regular expression

2024-11-12 18:18:52 - [TEST_STEP][PASSED] - verifyTextPresent("Enter city", true, CONTINUE_ON_FAILURE): Text 'Enter city' is present on page  using regular expression

2024-11-12 18:18:53 - [MESSAGE][PASSED] - Text 'Enter city' is present on page  using regular expression

2024-11-12 18:18:53 - [TEST_STEP][PASSED] - verifyTextPresent("Enter ZIP code", true, CONTINUE_ON_FAILURE): Text 'Enter ZIP code' is present on page  using regular expression

2024-11-12 18:18:53 - [MESSAGE][PASSED] - Text 'Enter ZIP code' is present on page  using regular expression

2024-11-12 18:18:53 - [TEST_STEP][PASSED] - verifyTextPresent("Enter a valid phone number", true, CONTINUE_ON_FAILURE): Text 'Enter a valid phone number' is present on page  using regular expression

2024-11-12 18:18:53 - [MESSAGE][PASSED] - Text 'Enter a valid phone number' is present on page  using regular expression

2024-11-12 18:18:53 - [TEST_STEP][PASSED] - verifyTextPresent("Enter Email", true, CONTINUE_ON_FAILURE): Text 'Enter Email' is present on page  using regular expression

2024-11-12 18:18:54 - [MESSAGE][PASSED] - Text 'Enter Email' is present on page  using regular expression

2024-11-12 18:18:54 - [TEST_STEP][PASSED] - resText = "Pass": null

2024-11-12 18:18:54 - [TEST_STEP][PASSED] - pages.WriteExcel.demoKey(resText, datText, resColumn, datCloumn, fileLoc, nameSheet, row): pages.WriteExcel.demoKey is PASSED

2024-11-12 18:18:54 - [MESSAGE][PASSED] - pages.WriteExcel.demoKey is PASSED

2024-11-12 18:18:54 - [TEST_STEP][PASSED] - ExecuteTC = findTestData(dataFile).getValue("Execute", row): null

2024-11-12 18:18:54 - [TEST_STEP][PASSED] - TaxType = findTestData(dataFile).getValue("TaxType", row): null

2024-11-12 18:18:54 - [TEST_STEP][PASSED] - PaymentType = findTestData(dataFile).getValue("PaymentType", row): null

2024-11-12 18:18:54 - [TEST_STEP][PASSED] - FilingYear = findTestData(dataFile).getValue("Year", row): null

2024-11-12 18:18:54 - [TEST_STEP][PASSED] - PeriodEndingMonth = findTestData(dataFile).getValue("Month", row): null

2024-11-12 18:18:54 - [TEST_STEP][PASSED] - feinSSN = findTestData(dataFile).getValue("FeinSsn", row): null

2024-11-12 18:18:54 - [TEST_STEP][PASSED] - if (ExecuteTC.equalsIgnoreCase("Y")): pages.WriteExcel.demoKey is PASSED

2024-11-12 18:18:54 - [TEST_STEP][PASSED] - out.println("Begin Record Number: " + row): null

2024-11-12 18:18:54 - [TEST_STEP][PASSED] - today = new java.util.Date(): null

2024-11-12 18:18:54 - [TEST_STEP][PASSED] - println(today): null

2024-11-12 18:18:54 - [TEST_STEP][PASSED] - datText = today: null

2024-11-12 18:18:54 - [TEST_STEP][PASSED] - logInfo("Payment Type: Extension Payments"): Payment Type: Extension Payments

2024-11-12 18:18:54 - [MESSAGE][INFO] - Payment Type: Extension Payments

2024-11-12 18:18:54 - [TEST_STEP][PASSED] - logInfo("Tax Type: " + TaxType): Tax Type: PTE Tax Electing S Corp

2024-11-12 18:18:54 - [MESSAGE][INFO] - Tax Type: PTE Tax Electing S Corp

2024-11-12 18:18:54 - [TEST_STEP][PASSED] - openBrowser(""): Browser is opened with url: ''

2024-11-12 18:18:54 - [MESSAGE][WARNING] - A browser is already opened. Closing browser and opening a new one

2024-11-12 18:18:56 - [MESSAGE][INFO] - Starting 'Chrome' driver

2024-11-12 18:18:56 - [MESSAGE][INFO] - User set preference: ['acceptInsecureCerts', 'true']

2024-11-12 18:18:56 - [MESSAGE][INFO] - Action delay is set to 0 milliseconds

2024-11-12 18:18:57 - [MESSAGE][PASSED] - Browser is opened with url: ''

2024-11-12 18:18:57 - [TEST_STEP][PASSED] - maximizeWindow(): Current window maximized

2024-11-12 18:18:57 - [MESSAGE][PASSED] - Current window maximized

2024-11-12 18:18:57 - [TEST_STEP][PASSED] - navigateToUrl(RADurl): Navigate to 'https://www.velocitypayment.com/client/rad/index.html' successfully

2024-11-12 18:18:58 - [MESSAGE][PASSED] - Navigate to 'https://www.velocitypayment.com/client/rad/index.html' successfully

2024-11-12 18:18:58 - [TEST_STEP][PASSED] - selectOptionByLabel(findTestObject(orPath_Landing + "/dd_TaxType"), "Extension Payments", false): All options with label 'Extension Payments' are selected in object 'Object Repository/RAD_Pages/Landing_Page/dd_TaxType' 

2024-11-12 18:19:00 - [MESSAGE][PASSED] - All options with label 'Extension Payments' are selected in object 'Object Repository/RAD_Pages/Landing_Page/dd_TaxType' 

2024-11-12 18:19:00 - [TEST_STEP][PASSED] - selectOptionByLabel(findTestObject(orPath_TaxTypeFilingYear + "/select_PaymentType"), TaxType, false): All options with label 'PTE Tax Electing S Corp' are selected in object 'Object Repository/RAD_Pages/TaxTypeFilingYear_Page/select_PaymentType' 

2024-11-12 18:19:00 - [MESSAGE][PASSED] - All options with label 'PTE Tax Electing S Corp' are selected in object 'Object Repository/RAD_Pages/TaxTypeFilingYear_Page/select_PaymentType' 

2024-11-12 18:19:00 - [TEST_STEP][PASSED] - selectOptionByLabel(findTestObject(orPath_TaxTypeFilingYear + "/select_FilingYear"), FilingYear, false): All options with label '2023' are selected in object 'Object Repository/RAD_Pages/TaxTypeFilingYear_Page/select_FilingYear' 

2024-11-12 18:19:01 - [MESSAGE][PASSED] - All options with label '2023' are selected in object 'Object Repository/RAD_Pages/TaxTypeFilingYear_Page/select_FilingYear' 

2024-11-12 18:19:01 - [TEST_STEP][PASSED] - switch (TaxType): null

2024-11-12 18:19:01 - [TEST_STEP][PASSED] - setText(findTestObject(orPath_TaxPayer + "/input_businessName"), " "): Text ' ' is set on object 'Object Repository/RAD_Pages/Taxpayer_Page/input_businessName'

2024-11-12 18:19:02 - [MESSAGE][PASSED] - Text ' ' is set on object 'Object Repository/RAD_Pages/Taxpayer_Page/input_businessName'

2024-11-12 18:19:02 - [TEST_STEP][PASSED] - setText(findTestObject(orPath_TaxPayer + "/input_BusinessRepfirstName"), " "): Text ' ' is set on object 'Object Repository/RAD_Pages/Taxpayer_Page/input_BusinessRepfirstName'

2024-11-12 18:19:03 - [MESSAGE][PASSED] - Text ' ' is set on object 'Object Repository/RAD_Pages/Taxpayer_Page/input_BusinessRepfirstName'

2024-11-12 18:19:03 - [TEST_STEP][PASSED] - setText(findTestObject(orPath_TaxPayer + "/input_BusinessReplastName"), " "): Text ' ' is set on object 'Object Repository/RAD_Pages/Taxpayer_Page/input_BusinessReplastName'

2024-11-12 18:19:04 - [MESSAGE][PASSED] - Text ' ' is set on object 'Object Repository/RAD_Pages/Taxpayer_Page/input_BusinessReplastName'

2024-11-12 18:19:04 - [TEST_STEP][PASSED] - setText(findTestObject(orPath_AddressContact + "/input_streetAddress1"), " "): Text ' ' is set on object 'Object Repository/RAD_Pages/AddressAndContactInfo_Page/input_streetAddress1'

2024-11-12 18:19:05 - [MESSAGE][PASSED] - Text ' ' is set on object 'Object Repository/RAD_Pages/AddressAndContactInfo_Page/input_streetAddress1'

2024-11-12 18:19:05 - [TEST_STEP][PASSED] - setText(findTestObject(orPath_AddressContact + "/input_city"), " "): Text ' ' is set on object 'Object Repository/RAD_Pages/AddressAndContactInfo_Page/input_city'

2024-11-12 18:19:05 - [MESSAGE][PASSED] - Text ' ' is set on object 'Object Repository/RAD_Pages/AddressAndContactInfo_Page/input_city'

2024-11-12 18:19:05 - [TEST_STEP][PASSED] - setText(findTestObject(orPath_AddressContact + "/input_zipCode"), " "): Text ' ' is set on object 'Object Repository/RAD_Pages/AddressAndContactInfo_Page/input_zipCode'

2024-11-12 18:19:06 - [MESSAGE][PASSED] - Text ' ' is set on object 'Object Repository/RAD_Pages/AddressAndContactInfo_Page/input_zipCode'

2024-11-12 18:19:06 - [TEST_STEP][PASSED] - setText(findTestObject(orPath_AddressContact + "/input_phoneNumber"), " "): Text ' ' is set on object 'Object Repository/RAD_Pages/AddressAndContactInfo_Page/input_phoneNumber'

2024-11-12 18:19:07 - [MESSAGE][PASSED] - Text ' ' is set on object 'Object Repository/RAD_Pages/AddressAndContactInfo_Page/input_phoneNumber'

2024-11-12 18:19:07 - [TEST_STEP][PASSED] - setText(findTestObject(orPath_AddressContact + "/input_eMailAddress"), " "): Text ' ' is set on object 'Object Repository/RAD_Pages/AddressAndContactInfo_Page/input_eMailAddress'

2024-11-12 18:19:08 - [MESSAGE][PASSED] - Text ' ' is set on object 'Object Repository/RAD_Pages/AddressAndContactInfo_Page/input_eMailAddress'

2024-11-12 18:19:08 - [TEST_STEP][PASSED] - setText(findTestObject(orPath_AddressContact + "/input_reEnterEMailAddress"), " "): Text ' ' is set on object 'Object Repository/RAD_Pages/AddressAndContactInfo_Page/input_reEnterEMailAddress'

2024-11-12 18:19:09 - [MESSAGE][PASSED] - Text ' ' is set on object 'Object Repository/RAD_Pages/AddressAndContactInfo_Page/input_reEnterEMailAddress'

2024-11-12 18:19:09 - [TEST_STEP][PASSED] - resText = "Fail": null

2024-11-12 18:19:09 - [TEST_STEP][PASSED] - pages.WriteExcel.demoKey(resText, datText, resColumn, datCloumn, fileLoc, nameSheet, row): pages.WriteExcel.demoKey is PASSED

2024-11-12 18:19:09 - [MESSAGE][PASSED] - pages.WriteExcel.demoKey is PASSED

2024-11-12 18:19:09 - [TEST_STEP][PASSED] - verifyTextPresent("Enter business name", true, CONTINUE_ON_FAILURE): Text 'Enter business name' is present on page  using regular expression

2024-11-12 18:19:10 - [MESSAGE][PASSED] - Text 'Enter business name' is present on page  using regular expression

2024-11-12 18:19:10 - [TEST_STEP][PASSED] - verifyTextPresent("Enter business rep first name", true, CONTINUE_ON_FAILURE): Text 'Enter business rep first name' is present on page  using regular expression

2024-11-12 18:19:10 - [MESSAGE][PASSED] - Text 'Enter business rep first name' is present on page  using regular expression

2024-11-12 18:19:10 - [TEST_STEP][PASSED] - verifyTextPresent("Enter business rep last name", true, CONTINUE_ON_FAILURE): Text 'Enter business rep last name' is present on page  using regular expression

2024-11-12 18:19:11 - [MESSAGE][PASSED] - Text 'Enter business rep last name' is present on page  using regular expression

2024-11-12 18:19:11 - [TEST_STEP][PASSED] - verifyTextPresent("Enter address", true, CONTINUE_ON_FAILURE): Text 'Enter address' is present on page  using regular expression

2024-11-12 18:19:11 - [MESSAGE][PASSED] - Text 'Enter address' is present on page  using regular expression

2024-11-12 18:19:11 - [TEST_STEP][PASSED] - verifyTextPresent("Enter city", true, CONTINUE_ON_FAILURE): Text 'Enter city' is present on page  using regular expression

2024-11-12 18:19:11 - [MESSAGE][PASSED] - Text 'Enter city' is present on page  using regular expression

2024-11-12 18:19:11 - [TEST_STEP][PASSED] - verifyTextPresent("Enter ZIP code", true, CONTINUE_ON_FAILURE): Text 'Enter ZIP code' is present on page  using regular expression

2024-11-12 18:19:12 - [MESSAGE][PASSED] - Text 'Enter ZIP code' is present on page  using regular expression

2024-11-12 18:19:12 - [TEST_STEP][PASSED] - verifyTextPresent("Enter a valid phone number", true, CONTINUE_ON_FAILURE): Text 'Enter a valid phone number' is present on page  using regular expression

2024-11-12 18:19:12 - [MESSAGE][PASSED] - Text 'Enter a valid phone number' is present on page  using regular expression

2024-11-12 18:19:12 - [TEST_STEP][PASSED] - verifyTextPresent("Enter Email", true, CONTINUE_ON_FAILURE): Text 'Enter Email' is present on page  using regular expression

2024-11-12 18:19:12 - [MESSAGE][PASSED] - Text 'Enter Email' is present on page  using regular expression

2024-11-12 18:19:12 - [TEST_STEP][PASSED] - resText = "Pass": null

2024-11-12 18:19:12 - [TEST_STEP][PASSED] - pages.WriteExcel.demoKey(resText, datText, resColumn, datCloumn, fileLoc, nameSheet, row): pages.WriteExcel.demoKey is PASSED

2024-11-12 18:19:12 - [MESSAGE][PASSED] - pages.WriteExcel.demoKey is PASSED]]></system-out>
         <system-err><![CDATA[]]></system-err>
      </testcase>
      <testcase name="Test Cases/RAD_TestCases/MRF_TestCases/NewTaxReturn_MRF_TC" time="1047.721" classname="Test Cases/RAD_TestCases/MRF_TestCases/NewTaxReturn_MRF_TC" status="PASSED">
         <system-out><![CDATA[2024-11-12 18:19:12 - [TEST_CASE][PASSED] - Test Cases/RAD_TestCases/MRF_TestCases/NewTaxReturn_MRF_TC: Test Cases/RAD_TestCases/MRF_TestCases/NewTaxReturn_MRF_TC

2024-11-12 18:19:13 - [TEST_STEP][PASSED] - resText = "Fail": null

2024-11-12 18:19:13 - [TEST_STEP][PASSED] - resColumn = "Result": null

2024-11-12 18:19:13 - [TEST_STEP][PASSED] - datCloumn = "Date": null

2024-11-12 18:19:13 - [TEST_STEP][PASSED] - fileLoc = "KatalonData/RADTestData/MRF.xlsx": null

2024-11-12 18:19:13 - [TEST_STEP][PASSED] - nameSheet = "NewTaxReturn": null

2024-11-12 18:19:13 - [TEST_STEP][PASSED] - dataFile = "RADTestData/MRF_NewTaxReturn": null

2024-11-12 18:19:13 - [TEST_STEP][PASSED] - orPath_Landing = "Object Repository/RAD_Pages/Landing_Page": null

2024-11-12 18:19:13 - [TEST_STEP][PASSED] - orPath_TaxTypeFilingYear = "Object Repository/RAD_Pages/TaxTypeFilingYear_Page": null

2024-11-12 18:19:13 - [TEST_STEP][PASSED] - orPath_Amount = "Object Repository/RAD_Pages/PaymentAmount_Page": null

2024-11-12 18:19:13 - [TEST_STEP][PASSED] - orPath_AddressContact = "Object Repository/RAD_Pages/AddressAndContactInfo_Page": null

2024-11-12 18:19:13 - [TEST_STEP][PASSED] - orPath_Summary = "Object Repository/RAD_Pages/Summary_Page": null

2024-11-12 18:19:13 - [TEST_STEP][PASSED] - orPath_PaymentConfirmation = "Object Repository/RAD_Pages/PaymentConfirmation_Page": null

2024-11-12 18:19:13 - [TEST_STEP][PASSED] - orPath_ServiceFeesAccept = "Object Repository/RAD_Pages/ServiceFeeAccept_Page": null

2024-11-12 18:19:13 - [TEST_STEP][PASSED] - orPath_PaymentEntry = "Object Repository/RAD_Pages/PaymentEntry_Page": null

2024-11-12 18:19:13 - [TEST_STEP][PASSED] - orPath_TaxInfo = "Object Repository/RAD_Pages/TaxInfo_Page": null

2024-11-12 18:19:13 - [TEST_STEP][PASSED] - orPath_TaxPayer = "Object Repository/RAD_Pages/Taxpayer_Page": null

2024-11-12 18:19:13 - [TEST_STEP][PASSED] - ExecuteTC = <not implemented yet for class: org.codehaus.groovy.ast.expr.EmptyExpression>: null

2024-11-12 18:19:13 - [TEST_STEP][PASSED] - TaxType = <not implemented yet for class: org.codehaus.groovy.ast.expr.EmptyExpression>: null

2024-11-12 18:19:13 - [TEST_STEP][PASSED] - PaymentType = <not implemented yet for class: org.codehaus.groovy.ast.expr.EmptyExpression>: null

2024-11-12 18:19:13 - [TEST_STEP][PASSED] - FilingYear = <not implemented yet for class: org.codehaus.groovy.ast.expr.EmptyExpression>: null

2024-11-12 18:19:13 - [TEST_STEP][PASSED] - PeriodEndingMonth = <not implemented yet for class: org.codehaus.groovy.ast.expr.EmptyExpression>: null

2024-11-12 18:19:13 - [TEST_STEP][PASSED] - feinSSN = <not implemented yet for class: org.codehaus.groovy.ast.expr.EmptyExpression>: null

2024-11-12 18:19:13 - [TEST_STEP][PASSED] - CRN = <not implemented yet for class: org.codehaus.groovy.ast.expr.EmptyExpression>: null

2024-11-12 18:19:13 - [TEST_STEP][PASSED] - numOfRows = findTestData(dataFile).getRowNumbers(): null

2024-11-12 18:19:13 - [TEST_STEP][PASSED] - println("Number of Records: " + numOfRows): null

2024-11-12 18:19:13 - [TEST_STEP][PASSED] - for ([row = 1, row <= numOfRows, (row++)]): pages.WriteExcel.demoKey is PASSED

2024-11-12 18:19:13 - [TEST_STEP][PASSED] - ExecuteTC = findTestData(dataFile).getValue("Execute", row): null

2024-11-12 18:19:13 - [TEST_STEP][PASSED] - TaxType = findTestData(dataFile).getValue("TaxType", row): null

2024-11-12 18:19:13 - [TEST_STEP][PASSED] - PaymentType = findTestData(dataFile).getValue("PaymentType", row): null

2024-11-12 18:19:13 - [TEST_STEP][PASSED] - FilingYear = findTestData(dataFile).getValue("Year", row): null

2024-11-12 18:19:13 - [TEST_STEP][PASSED] - feinSSN = findTestData(dataFile).getValue("FeinSsn", row): null

2024-11-12 18:19:13 - [TEST_STEP][PASSED] - CRN = findTestData(dataFile).getValue("CRN", row): null

2024-11-12 18:19:13 - [TEST_STEP][PASSED] - MFLicNum = findTestData(dataFile).getValue("MFLicNum", row): null

2024-11-12 18:19:13 - [TEST_STEP][PASSED] - if (ExecuteTC.equalsIgnoreCase("Y")): pages.WriteExcel.demoKey is PASSED

2024-11-12 18:19:13 - [TEST_STEP][PASSED] - out.println("Begin Record Number: " + row): null

2024-11-12 18:19:13 - [TEST_STEP][PASSED] - today = new java.util.Date(): null

2024-11-12 18:19:13 - [TEST_STEP][PASSED] - println(today): null

2024-11-12 18:19:13 - [TEST_STEP][PASSED] - datText = today: null

2024-11-12 18:19:13 - [TEST_STEP][PASSED] - logInfo("Payment Type: New Tax Return Amount Due"): Payment Type: New Tax Return Amount Due

2024-11-12 18:19:13 - [MESSAGE][INFO] - Payment Type: New Tax Return Amount Due

2024-11-12 18:19:13 - [TEST_STEP][PASSED] - logInfo("Tax Type: " + TaxType): Tax Type: Fiduciary Tax

2024-11-12 18:19:13 - [MESSAGE][INFO] - Tax Type: Fiduciary Tax

2024-11-12 18:19:13 - [TEST_STEP][PASSED] - openBrowser(""): Browser is opened with url: ''

2024-11-12 18:19:13 - [MESSAGE][WARNING] - A browser is already opened. Closing browser and opening a new one

2024-11-12 18:19:15 - [MESSAGE][INFO] - Starting 'Chrome' driver

2024-11-12 18:19:15 - [MESSAGE][INFO] - User set preference: ['acceptInsecureCerts', 'true']

2024-11-12 18:19:15 - [MESSAGE][INFO] - Action delay is set to 0 milliseconds

2024-11-12 18:19:17 - [MESSAGE][PASSED] - Browser is opened with url: ''

2024-11-12 18:19:17 - [TEST_STEP][PASSED] - maximizeWindow(): Current window maximized

2024-11-12 18:19:17 - [MESSAGE][PASSED] - Current window maximized

2024-11-12 18:19:17 - [TEST_STEP][PASSED] - navigateToUrl(RADurl): Navigate to 'https://www.velocitypayment.com/client/rad/index.html' successfully

2024-11-12 18:19:18 - [MESSAGE][PASSED] - Navigate to 'https://www.velocitypayment.com/client/rad/index.html' successfully

2024-11-12 18:19:18 - [TEST_STEP][PASSED] - selectOptionByLabel(findTestObject(orPath_Landing + "/dd_TaxType"), "New Tax Return Amount Due", false): All options with label 'New Tax Return Amount Due' are selected in object 'Object Repository/RAD_Pages/Landing_Page/dd_TaxType' 

2024-11-12 18:19:19 - [MESSAGE][PASSED] - All options with label 'New Tax Return Amount Due' are selected in object 'Object Repository/RAD_Pages/Landing_Page/dd_TaxType' 

2024-11-12 18:19:19 - [TEST_STEP][PASSED] - selectOptionByLabel(findTestObject("Object Repository/RAD_Pages/Landing_Page/select_NewTaxReturnAmountDue_TaxType"), TaxType, false): All options with label 'Fiduciary Tax' are selected in object 'Object Repository/RAD_Pages/Landing_Page/select_NewTaxReturnAmountDue_TaxType' 

2024-11-12 18:19:20 - [MESSAGE][PASSED] - All options with label 'Fiduciary Tax' are selected in object 'Object Repository/RAD_Pages/Landing_Page/select_NewTaxReturnAmountDue_TaxType' 

2024-11-12 18:19:20 - [TEST_STEP][PASSED] - selectOptionByLabel(findTestObject(orPath_TaxTypeFilingYear + "/select_FilingYear"), FilingYear, false): All options with label '2023' are selected in object 'Object Repository/RAD_Pages/TaxTypeFilingYear_Page/select_FilingYear' 

2024-11-12 18:19:20 - [MESSAGE][PASSED] - All options with label '2023' are selected in object 'Object Repository/RAD_Pages/TaxTypeFilingYear_Page/select_FilingYear' 

2024-11-12 18:19:21 - [TEST_STEP][PASSED] - setText(findTestObject(orPath_TaxPayer + "/input_businessName"), " "): Text ' ' is set on object 'Object Repository/RAD_Pages/Taxpayer_Page/input_businessName'

2024-11-12 18:19:21 - [MESSAGE][PASSED] - Text ' ' is set on object 'Object Repository/RAD_Pages/Taxpayer_Page/input_businessName'

2024-11-12 18:19:21 - [TEST_STEP][PASSED] - setText(findTestObject(orPath_TaxPayer + "/input_BusinessRepfirstName"), " "): Text ' ' is set on object 'Object Repository/RAD_Pages/Taxpayer_Page/input_BusinessRepfirstName'

2024-11-12 18:19:22 - [MESSAGE][PASSED] - Text ' ' is set on object 'Object Repository/RAD_Pages/Taxpayer_Page/input_BusinessRepfirstName'

2024-11-12 18:19:22 - [TEST_STEP][PASSED] - setText(findTestObject(orPath_TaxPayer + "/input_BusinessReplastName"), " "): Text ' ' is set on object 'Object Repository/RAD_Pages/Taxpayer_Page/input_BusinessReplastName'

2024-11-12 18:19:23 - [MESSAGE][PASSED] - Text ' ' is set on object 'Object Repository/RAD_Pages/Taxpayer_Page/input_BusinessReplastName'

2024-11-12 18:19:23 - [TEST_STEP][PASSED] - setText(findTestObject(orPath_AddressContact + "/input_streetAddress1"), " "): Text ' ' is set on object 'Object Repository/RAD_Pages/AddressAndContactInfo_Page/input_streetAddress1'

2024-11-12 18:19:23 - [MESSAGE][PASSED] - Text ' ' is set on object 'Object Repository/RAD_Pages/AddressAndContactInfo_Page/input_streetAddress1'

2024-11-12 18:19:23 - [TEST_STEP][PASSED] - setText(findTestObject(orPath_AddressContact + "/input_city"), " "): Text ' ' is set on object 'Object Repository/RAD_Pages/AddressAndContactInfo_Page/input_city'

2024-11-12 18:19:24 - [MESSAGE][PASSED] - Text ' ' is set on object 'Object Repository/RAD_Pages/AddressAndContactInfo_Page/input_city'

2024-11-12 18:19:24 - [TEST_STEP][PASSED] - setText(findTestObject(orPath_AddressContact + "/input_zipCode"), " "): Text ' ' is set on object 'Object Repository/RAD_Pages/AddressAndContactInfo_Page/input_zipCode'

2024-11-12 18:19:25 - [MESSAGE][PASSED] - Text ' ' is set on object 'Object Repository/RAD_Pages/AddressAndContactInfo_Page/input_zipCode'

2024-11-12 18:19:25 - [TEST_STEP][PASSED] - setText(findTestObject(orPath_AddressContact + "/input_phoneNumber"), " "): Text ' ' is set on object 'Object Repository/RAD_Pages/AddressAndContactInfo_Page/input_phoneNumber'

2024-11-12 18:19:26 - [MESSAGE][PASSED] - Text ' ' is set on object 'Object Repository/RAD_Pages/AddressAndContactInfo_Page/input_phoneNumber'

2024-11-12 18:19:26 - [TEST_STEP][PASSED] - setText(findTestObject(orPath_AddressContact + "/input_eMailAddress"), " "): Text ' ' is set on object 'Object Repository/RAD_Pages/AddressAndContactInfo_Page/input_eMailAddress'

2024-11-12 18:19:27 - [MESSAGE][PASSED] - Text ' ' is set on object 'Object Repository/RAD_Pages/AddressAndContactInfo_Page/input_eMailAddress'

2024-11-12 18:19:27 - [TEST_STEP][PASSED] - setText(findTestObject(orPath_AddressContact + "/input_reEnterEMailAddress"), " "): Text ' ' is set on object 'Object Repository/RAD_Pages/AddressAndContactInfo_Page/input_reEnterEMailAddress'

2024-11-12 18:19:28 - [MESSAGE][PASSED] - Text ' ' is set on object 'Object Repository/RAD_Pages/AddressAndContactInfo_Page/input_reEnterEMailAddress'

2024-11-12 18:19:28 - [TEST_STEP][PASSED] - if (TaxType.equalsIgnoreCase("Estate Tax")): null

2024-11-12 18:19:28 - [TEST_STEP][PASSED] - setText(findTestObject(orPath_Amount + "/input__paymentAmount"), ""): Text '' is set on object 'Object Repository/RAD_Pages/PaymentAmount_Page/input__paymentAmount'

2024-11-12 18:19:29 - [MESSAGE][PASSED] - Text '' is set on object 'Object Repository/RAD_Pages/PaymentAmount_Page/input__paymentAmount'

2024-11-12 18:19:29 - [TEST_STEP][PASSED] - resText = "Fail": null

2024-11-12 18:19:29 - [TEST_STEP][PASSED] - pages.WriteExcel.demoKey(resText, datText, resColumn, datCloumn, fileLoc, nameSheet, row): pages.WriteExcel.demoKey is PASSED

2024-11-12 18:19:29 - [MESSAGE][PASSED] - pages.WriteExcel.demoKey is PASSED

2024-11-12 18:19:29 - [TEST_STEP][PASSED] - verifyTextPresent("Enter business name", true, CONTINUE_ON_FAILURE): Text 'Enter business name' is present on page  using regular expression

2024-11-12 18:19:29 - [MESSAGE][PASSED] - Text 'Enter business name' is present on page  using regular expression

2024-11-12 18:19:29 - [TEST_STEP][PASSED] - verifyTextPresent("Enter business rep first name", true, CONTINUE_ON_FAILURE): Text 'Enter business rep first name' is present on page  using regular expression

2024-11-12 18:19:30 - [MESSAGE][PASSED] - Text 'Enter business rep first name' is present on page  using regular expression

2024-11-12 18:19:30 - [TEST_STEP][PASSED] - verifyTextPresent("Enter business rep last name", true, CONTINUE_ON_FAILURE): Text 'Enter business rep last name' is present on page  using regular expression

2024-11-12 18:19:30 - [MESSAGE][PASSED] - Text 'Enter business rep last name' is present on page  using regular expression

2024-11-12 18:19:30 - [TEST_STEP][PASSED] - verifyTextPresent("Enter address", true, CONTINUE_ON_FAILURE): Text 'Enter address' is present on page  using regular expression

2024-11-12 18:19:30 - [MESSAGE][PASSED] - Text 'Enter address' is present on page  using regular expression

2024-11-12 18:19:30 - [TEST_STEP][PASSED] - verifyTextPresent("Enter city", true, CONTINUE_ON_FAILURE): Text 'Enter city' is present on page  using regular expression

2024-11-12 18:19:31 - [MESSAGE][PASSED] - Text 'Enter city' is present on page  using regular expression

2024-11-12 18:19:31 - [TEST_STEP][PASSED] - verifyTextPresent("Enter ZIP code", true, CONTINUE_ON_FAILURE): Text 'Enter ZIP code' is present on page  using regular expression

2024-11-12 18:19:31 - [MESSAGE][PASSED] - Text 'Enter ZIP code' is present on page  using regular expression

2024-11-12 18:19:31 - [TEST_STEP][PASSED] - verifyTextPresent("Enter a valid phone number", true, CONTINUE_ON_FAILURE): Text 'Enter a valid phone number' is present on page  using regular expression

2024-11-12 18:19:31 - [MESSAGE][PASSED] - Text 'Enter a valid phone number' is present on page  using regular expression

2024-11-12 18:19:31 - [TEST_STEP][PASSED] - verifyTextPresent("Enter Email", true, CONTINUE_ON_FAILURE): Text 'Enter Email' is present on page  using regular expression

2024-11-12 18:19:32 - [MESSAGE][PASSED] - Text 'Enter Email' is present on page  using regular expression

2024-11-12 18:19:32 - [TEST_STEP][PASSED] - if (CRN.equalsIgnoreCase("Y")): null

2024-11-12 18:19:32 - [TEST_STEP][PASSED] - if (MFLicNum.equalsIgnoreCase("Y")): null

2024-11-12 18:19:32 - [TEST_STEP][PASSED] - resText = "Pass": null

2024-11-12 18:19:32 - [TEST_STEP][PASSED] - pages.WriteExcel.demoKey(resText, datText, resColumn, datCloumn, fileLoc, nameSheet, row): pages.WriteExcel.demoKey is PASSED

2024-11-12 18:19:32 - [MESSAGE][PASSED] - pages.WriteExcel.demoKey is PASSED

2024-11-12 18:19:32 - [TEST_STEP][PASSED] - ExecuteTC = findTestData(dataFile).getValue("Execute", row): null

2024-11-12 18:19:32 - [TEST_STEP][PASSED] - TaxType = findTestData(dataFile).getValue("TaxType", row): null

2024-11-12 18:19:32 - [TEST_STEP][PASSED] - PaymentType = findTestData(dataFile).getValue("PaymentType", row): null

2024-11-12 18:19:32 - [TEST_STEP][PASSED] - FilingYear = findTestData(dataFile).getValue("Year", row): null

2024-11-12 18:19:32 - [TEST_STEP][PASSED] - feinSSN = findTestData(dataFile).getValue("FeinSsn", row): null

2024-11-12 18:19:32 - [TEST_STEP][PASSED] - CRN = findTestData(dataFile).getValue("CRN", row): null

2024-11-12 18:19:32 - [TEST_STEP][PASSED] - MFLicNum = findTestData(dataFile).getValue("MFLicNum", row): null

2024-11-12 18:19:32 - [TEST_STEP][PASSED] - if (ExecuteTC.equalsIgnoreCase("Y")): pages.WriteExcel.demoKey is PASSED

2024-11-12 18:19:32 - [TEST_STEP][PASSED] - out.println("Begin Record Number: " + row): null

2024-11-12 18:19:32 - [TEST_STEP][PASSED] - today = new java.util.Date(): null

2024-11-12 18:19:32 - [TEST_STEP][PASSED] - println(today): null

2024-11-12 18:19:32 - [TEST_STEP][PASSED] - datText = today: null

2024-11-12 18:19:32 - [TEST_STEP][PASSED] - logInfo("Payment Type: New Tax Return Amount Due"): Payment Type: New Tax Return Amount Due

2024-11-12 18:19:32 - [MESSAGE][INFO] - Payment Type: New Tax Return Amount Due

2024-11-12 18:19:32 - [TEST_STEP][PASSED] - logInfo("Tax Type: " + TaxType): Tax Type: PTE Non-Electing Non-S Corp

2024-11-12 18:19:32 - [MESSAGE][INFO] - Tax Type: PTE Non-Electing Non-S Corp

2024-11-12 18:19:32 - [TEST_STEP][PASSED] - openBrowser(""): Browser is opened with url: ''

2024-11-12 18:19:32 - [MESSAGE][WARNING] - A browser is already opened. Closing browser and opening a new one

2024-11-12 18:19:34 - [MESSAGE][INFO] - Starting 'Chrome' driver

2024-11-12 18:19:34 - [MESSAGE][INFO] - User set preference: ['acceptInsecureCerts', 'true']

2024-11-12 18:19:34 - [MESSAGE][INFO] - Action delay is set to 0 milliseconds

2024-11-12 18:19:35 - [MESSAGE][PASSED] - Browser is opened with url: ''

2024-11-12 18:19:35 - [TEST_STEP][PASSED] - maximizeWindow(): Current window maximized

2024-11-12 18:19:36 - [MESSAGE][PASSED] - Current window maximized

2024-11-12 18:19:36 - [TEST_STEP][PASSED] - navigateToUrl(RADurl): Navigate to 'https://www.velocitypayment.com/client/rad/index.html' successfully

2024-11-12 18:19:41 - [MESSAGE][PASSED] - Navigate to 'https://www.velocitypayment.com/client/rad/index.html' successfully

2024-11-12 18:19:41 - [TEST_STEP][PASSED] - selectOptionByLabel(findTestObject(orPath_Landing + "/dd_TaxType"), "New Tax Return Amount Due", false): All options with label 'New Tax Return Amount Due' are selected in object 'Object Repository/RAD_Pages/Landing_Page/dd_TaxType' 

2024-11-12 18:19:42 - [MESSAGE][PASSED] - All options with label 'New Tax Return Amount Due' are selected in object 'Object Repository/RAD_Pages/Landing_Page/dd_TaxType' 

2024-11-12 18:19:42 - [TEST_STEP][PASSED] - selectOptionByLabel(findTestObject("Object Repository/RAD_Pages/Landing_Page/select_NewTaxReturnAmountDue_TaxType"), TaxType, false): All options with label 'PTE Non-Electing Non-S Corp' are selected in object 'Object Repository/RAD_Pages/Landing_Page/select_NewTaxReturnAmountDue_TaxType' 

2024-11-12 18:19:43 - [MESSAGE][PASSED] - All options with label 'PTE Non-Electing Non-S Corp' are selected in object 'Object Repository/RAD_Pages/Landing_Page/select_NewTaxReturnAmountDue_TaxType' 

2024-11-12 18:19:43 - [TEST_STEP][PASSED] - selectOptionByLabel(findTestObject(orPath_TaxTypeFilingYear + "/select_FilingYear"), FilingYear, false): All options with label '2023' are selected in object 'Object Repository/RAD_Pages/TaxTypeFilingYear_Page/select_FilingYear' 

2024-11-12 18:19:44 - [MESSAGE][PASSED] - All options with label '2023' are selected in object 'Object Repository/RAD_Pages/TaxTypeFilingYear_Page/select_FilingYear' 

2024-11-12 18:19:44 - [TEST_STEP][PASSED] - setText(findTestObject(orPath_TaxPayer + "/input_businessName"), " "): Text ' ' is set on object 'Object Repository/RAD_Pages/Taxpayer_Page/input_businessName'

2024-11-12 18:19:44 - [MESSAGE][PASSED] - Text ' ' is set on object 'Object Repository/RAD_Pages/Taxpayer_Page/input_businessName'

2024-11-12 18:19:44 - [TEST_STEP][PASSED] - setText(findTestObject(orPath_TaxPayer + "/input_BusinessRepfirstName"), " "): Text ' ' is set on object 'Object Repository/RAD_Pages/Taxpayer_Page/input_BusinessRepfirstName'

2024-11-12 18:19:45 - [MESSAGE][PASSED] - Text ' ' is set on object 'Object Repository/RAD_Pages/Taxpayer_Page/input_BusinessRepfirstName'

2024-11-12 18:19:45 - [TEST_STEP][PASSED] - setText(findTestObject(orPath_TaxPayer + "/input_BusinessReplastName"), " "): Text ' ' is set on object 'Object Repository/RAD_Pages/Taxpayer_Page/input_BusinessReplastName'

2024-11-12 18:19:46 - [MESSAGE][PASSED] - Text ' ' is set on object 'Object Repository/RAD_Pages/Taxpayer_Page/input_BusinessReplastName'

2024-11-12 18:19:46 - [TEST_STEP][PASSED] - setText(findTestObject(orPath_AddressContact + "/input_streetAddress1"), " "): Text ' ' is set on object 'Object Repository/RAD_Pages/AddressAndContactInfo_Page/input_streetAddress1'

2024-11-12 18:19:47 - [MESSAGE][PASSED] - Text ' ' is set on object 'Object Repository/RAD_Pages/AddressAndContactInfo_Page/input_streetAddress1'

2024-11-12 18:19:47 - [TEST_STEP][PASSED] - setText(findTestObject(orPath_AddressContact + "/input_city"), " "): Text ' ' is set on object 'Object Repository/RAD_Pages/AddressAndContactInfo_Page/input_city'

2024-11-12 18:19:48 - [MESSAGE][PASSED] - Text ' ' is set on object 'Object Repository/RAD_Pages/AddressAndContactInfo_Page/input_city'

2024-11-12 18:19:48 - [TEST_STEP][PASSED] - setText(findTestObject(orPath_AddressContact + "/input_zipCode"), " "): Text ' ' is set on object 'Object Repository/RAD_Pages/AddressAndContactInfo_Page/input_zipCode'

2024-11-12 18:19:49 - [MESSAGE][PASSED] - Text ' ' is set on object 'Object Repository/RAD_Pages/AddressAndContactInfo_Page/input_zipCode'

2024-11-12 18:19:49 - [TEST_STEP][PASSED] - setText(findTestObject(orPath_AddressContact + "/input_phoneNumber"), " "): Text ' ' is set on object 'Object Repository/RAD_Pages/AddressAndContactInfo_Page/input_phoneNumber'

2024-11-12 18:19:50 - [MESSAGE][PASSED] - Text ' ' is set on object 'Object Repository/RAD_Pages/AddressAndContactInfo_Page/input_phoneNumber'

2024-11-12 18:19:50 - [TEST_STEP][PASSED] - setText(findTestObject(orPath_AddressContact + "/input_eMailAddress"), " "): Text ' ' is set on object 'Object Repository/RAD_Pages/AddressAndContactInfo_Page/input_eMailAddress'

2024-11-12 18:19:50 - [MESSAGE][PASSED] - Text ' ' is set on object 'Object Repository/RAD_Pages/AddressAndContactInfo_Page/input_eMailAddress'

2024-11-12 18:19:50 - [TEST_STEP][PASSED] - setText(findTestObject(orPath_AddressContact + "/input_reEnterEMailAddress"), " "): Text ' ' is set on object 'Object Repository/RAD_Pages/AddressAndContactInfo_Page/input_reEnterEMailAddress'

2024-11-12 18:19:51 - [MESSAGE][PASSED] - Text ' ' is set on object 'Object Repository/RAD_Pages/AddressAndContactInfo_Page/input_reEnterEMailAddress'

2024-11-12 18:19:51 - [TEST_STEP][PASSED] - if (TaxType.equalsIgnoreCase("Estate Tax")): null

2024-11-12 18:19:51 - [TEST_STEP][PASSED] - setText(findTestObject(orPath_Amount + "/input__paymentAmount"), ""): Text '' is set on object 'Object Repository/RAD_Pages/PaymentAmount_Page/input__paymentAmount'

2024-11-12 18:19:52 - [MESSAGE][PASSED] - Text '' is set on object 'Object Repository/RAD_Pages/PaymentAmount_Page/input__paymentAmount'

2024-11-12 18:19:52 - [TEST_STEP][PASSED] - resText = "Fail": null

2024-11-12 18:19:52 - [TEST_STEP][PASSED] - pages.WriteExcel.demoKey(resText, datText, resColumn, datCloumn, fileLoc, nameSheet, row): pages.WriteExcel.demoKey is PASSED

2024-11-12 18:19:52 - [MESSAGE][PASSED] - pages.WriteExcel.demoKey is PASSED

2024-11-12 18:19:52 - [TEST_STEP][PASSED] - verifyTextPresent("Enter business name", true, CONTINUE_ON_FAILURE): Text 'Enter business name' is present on page  using regular expression

2024-11-12 18:19:52 - [MESSAGE][PASSED] - Text 'Enter business name' is present on page  using regular expression

2024-11-12 18:19:52 - [TEST_STEP][PASSED] - verifyTextPresent("Enter business rep first name", true, CONTINUE_ON_FAILURE): Text 'Enter business rep first name' is present on page  using regular expression

2024-11-12 18:19:53 - [MESSAGE][PASSED] - Text 'Enter business rep first name' is present on page  using regular expression

2024-11-12 18:19:53 - [TEST_STEP][PASSED] - verifyTextPresent("Enter business rep last name", true, CONTINUE_ON_FAILURE): Text 'Enter business rep last name' is present on page  using regular expression

2024-11-12 18:19:53 - [MESSAGE][PASSED] - Text 'Enter business rep last name' is present on page  using regular expression

2024-11-12 18:19:53 - [TEST_STEP][PASSED] - verifyTextPresent("Enter address", true, CONTINUE_ON_FAILURE): Text 'Enter address' is present on page  using regular expression

2024-11-12 18:19:53 - [MESSAGE][PASSED] - Text 'Enter address' is present on page  using regular expression

2024-11-12 18:19:53 - [TEST_STEP][PASSED] - verifyTextPresent("Enter city", true, CONTINUE_ON_FAILURE): Text 'Enter city' is present on page  using regular expression

2024-11-12 18:19:54 - [MESSAGE][PASSED] - Text 'Enter city' is present on page  using regular expression

2024-11-12 18:19:54 - [TEST_STEP][PASSED] - verifyTextPresent("Enter ZIP code", true, CONTINUE_ON_FAILURE): Text 'Enter ZIP code' is present on page  using regular expression

2024-11-12 18:19:54 - [MESSAGE][PASSED] - Text 'Enter ZIP code' is present on page  using regular expression

2024-11-12 18:19:54 - [TEST_STEP][PASSED] - verifyTextPresent("Enter a valid phone number", true, CONTINUE_ON_FAILURE): Text 'Enter a valid phone number' is present on page  using regular expression

2024-11-12 18:19:54 - [MESSAGE][PASSED] - Text 'Enter a valid phone number' is present on page  using regular expression

2024-11-12 18:19:54 - [TEST_STEP][PASSED] - verifyTextPresent("Enter Email", true, CONTINUE_ON_FAILURE): Text 'Enter Email' is present on page  using regular expression

2024-11-12 18:19:55 - [MESSAGE][PASSED] - Text 'Enter Email' is present on page  using regular expression

2024-11-12 18:19:55 - [TEST_STEP][PASSED] - if (CRN.equalsIgnoreCase("Y")): null

2024-11-12 18:19:55 - [TEST_STEP][PASSED] - if (MFLicNum.equalsIgnoreCase("Y")): null

2024-11-12 18:19:55 - [TEST_STEP][PASSED] - resText = "Pass": null

2024-11-12 18:19:55 - [TEST_STEP][PASSED] - pages.WriteExcel.demoKey(resText, datText, resColumn, datCloumn, fileLoc, nameSheet, row): pages.WriteExcel.demoKey is PASSED

2024-11-12 18:19:55 - [MESSAGE][PASSED] - pages.WriteExcel.demoKey is PASSED

2024-11-12 18:19:55 - [TEST_STEP][PASSED] - ExecuteTC = findTestData(dataFile).getValue("Execute", row): null

2024-11-12 18:19:55 - [TEST_STEP][PASSED] - TaxType = findTestData(dataFile).getValue("TaxType", row): null

2024-11-12 18:19:55 - [TEST_STEP][PASSED] - PaymentType = findTestData(dataFile).getValue("PaymentType", row): null

2024-11-12 18:19:55 - [TEST_STEP][PASSED] - FilingYear = findTestData(dataFile).getValue("Year", row): null

2024-11-12 18:19:55 - [TEST_STEP][PASSED] - feinSSN = findTestData(dataFile).getValue("FeinSsn", row): null

2024-11-12 18:19:55 - [TEST_STEP][PASSED] - CRN = findTestData(dataFile).getValue("CRN", row): null

2024-11-12 18:19:55 - [TEST_STEP][PASSED] - MFLicNum = findTestData(dataFile).getValue("MFLicNum", row): null

2024-11-12 18:19:55 - [TEST_STEP][PASSED] - if (ExecuteTC.equalsIgnoreCase("Y")): pages.WriteExcel.demoKey is PASSED

2024-11-12 18:19:55 - [TEST_STEP][PASSED] - out.println("Begin Record Number: " + row): null

2024-11-12 18:19:55 - [TEST_STEP][PASSED] - today = new java.util.Date(): null

2024-11-12 18:19:55 - [TEST_STEP][PASSED] - println(today): null

2024-11-12 18:19:55 - [TEST_STEP][PASSED] - datText = today: null

2024-11-12 18:19:55 - [TEST_STEP][PASSED] - logInfo("Payment Type: New Tax Return Amount Due"): Payment Type: New Tax Return Amount Due

2024-11-12 18:19:55 - [MESSAGE][INFO] - Payment Type: New Tax Return Amount Due

2024-11-12 18:19:55 - [TEST_STEP][PASSED] - logInfo("Tax Type: " + TaxType): Tax Type: PTE Non-Electing S Corp

2024-11-12 18:19:55 - [MESSAGE][INFO] - Tax Type: PTE Non-Electing S Corp

2024-11-12 18:19:55 - [TEST_STEP][PASSED] - openBrowser(""): Browser is opened with url: ''

2024-11-12 18:19:55 - [MESSAGE][WARNING] - A browser is already opened. Closing browser and opening a new one

2024-11-12 18:19:57 - [MESSAGE][INFO] - Starting 'Chrome' driver

2024-11-12 18:19:57 - [MESSAGE][INFO] - User set preference: ['acceptInsecureCerts', 'true']

2024-11-12 18:19:57 - [MESSAGE][INFO] - Action delay is set to 0 milliseconds

2024-11-12 18:19:58 - [MESSAGE][PASSED] - Browser is opened with url: ''

2024-11-12 18:19:58 - [TEST_STEP][PASSED] - maximizeWindow(): Current window maximized

2024-11-12 18:19:58 - [MESSAGE][PASSED] - Current window maximized

2024-11-12 18:19:58 - [TEST_STEP][PASSED] - navigateToUrl(RADurl): Navigate to 'https://www.velocitypayment.com/client/rad/index.html' successfully

2024-11-12 18:20:00 - [MESSAGE][PASSED] - Navigate to 'https://www.velocitypayment.com/client/rad/index.html' successfully

2024-11-12 18:20:00 - [TEST_STEP][PASSED] - selectOptionByLabel(findTestObject(orPath_Landing + "/dd_TaxType"), "New Tax Return Amount Due", false): All options with label 'New Tax Return Amount Due' are selected in object 'Object Repository/RAD_Pages/Landing_Page/dd_TaxType' 

2024-11-12 18:20:01 - [MESSAGE][PASSED] - All options with label 'New Tax Return Amount Due' are selected in object 'Object Repository/RAD_Pages/Landing_Page/dd_TaxType' 

2024-11-12 18:20:01 - [TEST_STEP][PASSED] - selectOptionByLabel(findTestObject("Object Repository/RAD_Pages/Landing_Page/select_NewTaxReturnAmountDue_TaxType"), TaxType, false): All options with label 'PTE Non-Electing S Corp' are selected in object 'Object Repository/RAD_Pages/Landing_Page/select_NewTaxReturnAmountDue_TaxType' 

2024-11-12 18:20:02 - [MESSAGE][PASSED] - All options with label 'PTE Non-Electing S Corp' are selected in object 'Object Repository/RAD_Pages/Landing_Page/select_NewTaxReturnAmountDue_TaxType' 

2024-11-12 18:20:02 - [TEST_STEP][PASSED] - selectOptionByLabel(findTestObject(orPath_TaxTypeFilingYear + "/select_FilingYear"), FilingYear, false): All options with label '2023' are selected in object 'Object Repository/RAD_Pages/TaxTypeFilingYear_Page/select_FilingYear' 

2024-11-12 18:20:02 - [MESSAGE][PASSED] - All options with label '2023' are selected in object 'Object Repository/RAD_Pages/TaxTypeFilingYear_Page/select_FilingYear' 

2024-11-12 18:20:02 - [TEST_STEP][PASSED] - setText(findTestObject(orPath_TaxPayer + "/input_businessName"), " "): Text ' ' is set on object 'Object Repository/RAD_Pages/Taxpayer_Page/input_businessName'

2024-11-12 18:20:03 - [MESSAGE][PASSED] - Text ' ' is set on object 'Object Repository/RAD_Pages/Taxpayer_Page/input_businessName'

2024-11-12 18:20:03 - [TEST_STEP][PASSED] - setText(findTestObject(orPath_TaxPayer + "/input_BusinessRepfirstName"), " "): Text ' ' is set on object 'Object Repository/RAD_Pages/Taxpayer_Page/input_BusinessRepfirstName'

2024-11-12 18:20:04 - [MESSAGE][PASSED] - Text ' ' is set on object 'Object Repository/RAD_Pages/Taxpayer_Page/input_BusinessRepfirstName'

2024-11-12 18:20:04 - [TEST_STEP][PASSED] - setText(findTestObject(orPath_TaxPayer + "/input_BusinessReplastName"), " "): Text ' ' is set on object 'Object Repository/RAD_Pages/Taxpayer_Page/input_BusinessReplastName'

2024-11-12 18:20:05 - [MESSAGE][PASSED] - Text ' ' is set on object 'Object Repository/RAD_Pages/Taxpayer_Page/input_BusinessReplastName'

2024-11-12 18:20:05 - [TEST_STEP][PASSED] - setText(findTestObject(orPath_AddressContact + "/input_streetAddress1"), " "): Text ' ' is set on object 'Object Repository/RAD_Pages/AddressAndContactInfo_Page/input_streetAddress1'

2024-11-12 18:20:05 - [MESSAGE][PASSED] - Text ' ' is set on object 'Object Repository/RAD_Pages/AddressAndContactInfo_Page/input_streetAddress1'

2024-11-12 18:20:05 - [TEST_STEP][PASSED] - setText(findTestObject(orPath_AddressContact + "/input_city"), " "): Text ' ' is set on object 'Object Repository/RAD_Pages/AddressAndContactInfo_Page/input_city'

2024-11-12 18:20:06 - [MESSAGE][PASSED] - Text ' ' is set on object 'Object Repository/RAD_Pages/AddressAndContactInfo_Page/input_city'

2024-11-12 18:20:06 - [TEST_STEP][PASSED] - setText(findTestObject(orPath_AddressContact + "/input_zipCode"), " "): Text ' ' is set on object 'Object Repository/RAD_Pages/AddressAndContactInfo_Page/input_zipCode'

2024-11-12 18:20:07 - [MESSAGE][PASSED] - Text ' ' is set on object 'Object Repository/RAD_Pages/AddressAndContactInfo_Page/input_zipCode'

2024-11-12 18:20:07 - [TEST_STEP][PASSED] - setText(findTestObject(orPath_AddressContact + "/input_phoneNumber"), " "): Text ' ' is set on object 'Object Repository/RAD_Pages/AddressAndContactInfo_Page/input_phoneNumber'

2024-11-12 18:20:08 - [MESSAGE][PASSED] - Text ' ' is set on object 'Object Repository/RAD_Pages/AddressAndContactInfo_Page/input_phoneNumber'

2024-11-12 18:20:08 - [TEST_STEP][PASSED] - setText(findTestObject(orPath_AddressContact + "/input_eMailAddress"), " "): Text ' ' is set on object 'Object Repository/RAD_Pages/AddressAndContactInfo_Page/input_eMailAddress'

2024-11-12 18:20:09 - [MESSAGE][PASSED] - Text ' ' is set on object 'Object Repository/RAD_Pages/AddressAndContactInfo_Page/input_eMailAddress'

2024-11-12 18:20:09 - [TEST_STEP][PASSED] - setText(findTestObject(orPath_AddressContact + "/input_reEnterEMailAddress"), " "): Text ' ' is set on object 'Object Repository/RAD_Pages/AddressAndContactInfo_Page/input_reEnterEMailAddress'

2024-11-12 18:20:10 - [MESSAGE][PASSED] - Text ' ' is set on object 'Object Repository/RAD_Pages/AddressAndContactInfo_Page/input_reEnterEMailAddress'

2024-11-12 18:20:10 - [TEST_STEP][PASSED] - if (TaxType.equalsIgnoreCase("Estate Tax")): null

2024-11-12 18:20:10 - [TEST_STEP][PASSED] - setText(findTestObject(orPath_Amount + "/input__paymentAmount"), ""): Text '' is set on object 'Object Repository/RAD_Pages/PaymentAmount_Page/input__paymentAmount'

2024-11-12 18:20:10 - [MESSAGE][PASSED] - Text '' is set on object 'Object Repository/RAD_Pages/PaymentAmount_Page/input__paymentAmount'

2024-11-12 18:20:10 - [TEST_STEP][PASSED] - resText = "Fail": null

2024-11-12 18:20:10 - [TEST_STEP][PASSED] - pages.WriteExcel.demoKey(resText, datText, resColumn, datCloumn, fileLoc, nameSheet, row): pages.WriteExcel.demoKey is PASSED

2024-11-12 18:20:11 - [MESSAGE][PASSED] - pages.WriteExcel.demoKey is PASSED

2024-11-12 18:20:11 - [TEST_STEP][PASSED] - verifyTextPresent("Enter business name", true, CONTINUE_ON_FAILURE): Text 'Enter business name' is present on page  using regular expression

2024-11-12 18:20:11 - [MESSAGE][PASSED] - Text 'Enter business name' is present on page  using regular expression

2024-11-12 18:20:11 - [TEST_STEP][PASSED] - verifyTextPresent("Enter business rep first name", true, CONTINUE_ON_FAILURE): Text 'Enter business rep first name' is present on page  using regular expression

2024-11-12 18:20:12 - [MESSAGE][PASSED] - Text 'Enter business rep first name' is present on page  using regular expression

2024-11-12 18:20:12 - [TEST_STEP][PASSED] - verifyTextPresent("Enter business rep last name", true, CONTINUE_ON_FAILURE): Text 'Enter business rep last name' is present on page  using regular expression

2024-11-12 18:20:12 - [MESSAGE][PASSED] - Text 'Enter business rep last name' is present on page  using regular expression

2024-11-12 18:20:12 - [TEST_STEP][PASSED] - verifyTextPresent("Enter address", true, CONTINUE_ON_FAILURE): Text 'Enter address' is present on page  using regular expression

2024-11-12 18:20:12 - [MESSAGE][PASSED] - Text 'Enter address' is present on page  using regular expression

2024-11-12 18:20:12 - [TEST_STEP][PASSED] - verifyTextPresent("Enter city", true, CONTINUE_ON_FAILURE): Text 'Enter city' is present on page  using regular expression

2024-11-12 18:20:13 - [MESSAGE][PASSED] - Text 'Enter city' is present on page  using regular expression

2024-11-12 18:20:13 - [TEST_STEP][PASSED] - verifyTextPresent("Enter ZIP code", true, CONTINUE_ON_FAILURE): Text 'Enter ZIP code' is present on page  using regular expression

2024-11-12 18:20:13 - [MESSAGE][PASSED] - Text 'Enter ZIP code' is present on page  using regular expression

2024-11-12 18:20:13 - [TEST_STEP][PASSED] - verifyTextPresent("Enter a valid phone number", true, CONTINUE_ON_FAILURE): Text 'Enter a valid phone number' is present on page  using regular expression

2024-11-12 18:20:13 - [MESSAGE][PASSED] - Text 'Enter a valid phone number' is present on page  using regular expression

2024-11-12 18:20:13 - [TEST_STEP][PASSED] - verifyTextPresent("Enter Email", true, CONTINUE_ON_FAILURE): Text 'Enter Email' is present on page  using regular expression

2024-11-12 18:20:14 - [MESSAGE][PASSED] - Text 'Enter Email' is present on page  using regular expression

2024-11-12 18:20:14 - [TEST_STEP][PASSED] - if (CRN.equalsIgnoreCase("Y")): null

2024-11-12 18:20:14 - [TEST_STEP][PASSED] - if (MFLicNum.equalsIgnoreCase("Y")): null

2024-11-12 18:20:14 - [TEST_STEP][PASSED] - resText = "Pass": null

2024-11-12 18:20:14 - [TEST_STEP][PASSED] - pages.WriteExcel.demoKey(resText, datText, resColumn, datCloumn, fileLoc, nameSheet, row): pages.WriteExcel.demoKey is PASSED

2024-11-12 18:20:14 - [MESSAGE][PASSED] - pages.WriteExcel.demoKey is PASSED

2024-11-12 18:20:14 - [TEST_STEP][PASSED] - ExecuteTC = findTestData(dataFile).getValue("Execute", row): null

2024-11-12 18:20:14 - [TEST_STEP][PASSED] - TaxType = findTestData(dataFile).getValue("TaxType", row): null

2024-11-12 18:20:14 - [TEST_STEP][PASSED] - PaymentType = findTestData(dataFile).getValue("PaymentType", row): null

2024-11-12 18:20:14 - [TEST_STEP][PASSED] - FilingYear = findTestData(dataFile).getValue("Year", row): null

2024-11-12 18:20:14 - [TEST_STEP][PASSED] - feinSSN = findTestData(dataFile).getValue("FeinSsn", row): null

2024-11-12 18:20:14 - [TEST_STEP][PASSED] - CRN = findTestData(dataFile).getValue("CRN", row): null

2024-11-12 18:20:14 - [TEST_STEP][PASSED] - MFLicNum = findTestData(dataFile).getValue("MFLicNum", row): null

2024-11-12 18:20:14 - [TEST_STEP][PASSED] - if (ExecuteTC.equalsIgnoreCase("Y")): pages.WriteExcel.demoKey is PASSED

2024-11-12 18:20:14 - [TEST_STEP][PASSED] - out.println("Begin Record Number: " + row): null

2024-11-12 18:20:14 - [TEST_STEP][PASSED] - today = new java.util.Date(): null

2024-11-12 18:20:14 - [TEST_STEP][PASSED] - println(today): null

2024-11-12 18:20:14 - [TEST_STEP][PASSED] - datText = today: null

2024-11-12 18:20:14 - [TEST_STEP][PASSED] - logInfo("Payment Type: New Tax Return Amount Due"): Payment Type: New Tax Return Amount Due

2024-11-12 18:20:14 - [MESSAGE][INFO] - Payment Type: New Tax Return Amount Due

2024-11-12 18:20:14 - [TEST_STEP][PASSED] - logInfo("Tax Type: " + TaxType): Tax Type: PTE Tax Electing Non-S Corp

2024-11-12 18:20:14 - [MESSAGE][INFO] - Tax Type: PTE Tax Electing Non-S Corp

2024-11-12 18:20:14 - [TEST_STEP][PASSED] - openBrowser(""): Browser is opened with url: ''

2024-11-12 18:20:14 - [MESSAGE][WARNING] - A browser is already opened. Closing browser and opening a new one

2024-11-12 18:20:16 - [MESSAGE][INFO] - Starting 'Chrome' driver

2024-11-12 18:20:16 - [MESSAGE][INFO] - User set preference: ['acceptInsecureCerts', 'true']

2024-11-12 18:20:16 - [MESSAGE][INFO] - Action delay is set to 0 milliseconds

2024-11-12 18:20:17 - [MESSAGE][PASSED] - Browser is opened with url: ''

2024-11-12 18:20:17 - [TEST_STEP][PASSED] - maximizeWindow(): Current window maximized

2024-11-12 18:20:18 - [MESSAGE][PASSED] - Current window maximized

2024-11-12 18:20:18 - [TEST_STEP][PASSED] - navigateToUrl(RADurl): Navigate to 'https://www.velocitypayment.com/client/rad/index.html' successfully

2024-11-12 18:20:20 - [MESSAGE][PASSED] - Navigate to 'https://www.velocitypayment.com/client/rad/index.html' successfully

2024-11-12 18:20:20 - [TEST_STEP][PASSED] - selectOptionByLabel(findTestObject(orPath_Landing + "/dd_TaxType"), "New Tax Return Amount Due", false): All options with label 'New Tax Return Amount Due' are selected in object 'Object Repository/RAD_Pages/Landing_Page/dd_TaxType' 

2024-11-12 18:20:20 - [MESSAGE][PASSED] - All options with label 'New Tax Return Amount Due' are selected in object 'Object Repository/RAD_Pages/Landing_Page/dd_TaxType' 

2024-11-12 18:20:20 - [TEST_STEP][PASSED] - selectOptionByLabel(findTestObject("Object Repository/RAD_Pages/Landing_Page/select_NewTaxReturnAmountDue_TaxType"), TaxType, false): All options with label 'PTE Tax Electing Non-S Corp' are selected in object 'Object Repository/RAD_Pages/Landing_Page/select_NewTaxReturnAmountDue_TaxType' 

2024-11-12 18:20:21 - [MESSAGE][PASSED] - All options with label 'PTE Tax Electing Non-S Corp' are selected in object 'Object Repository/RAD_Pages/Landing_Page/select_NewTaxReturnAmountDue_TaxType' 

2024-11-12 18:20:21 - [TEST_STEP][PASSED] - selectOptionByLabel(findTestObject(orPath_TaxTypeFilingYear + "/select_FilingYear"), FilingYear, false): All options with label '2023' are selected in object 'Object Repository/RAD_Pages/TaxTypeFilingYear_Page/select_FilingYear' 

2024-11-12 18:20:22 - [MESSAGE][PASSED] - All options with label '2023' are selected in object 'Object Repository/RAD_Pages/TaxTypeFilingYear_Page/select_FilingYear' 

2024-11-12 18:20:22 - [TEST_STEP][PASSED] - setText(findTestObject(orPath_TaxPayer + "/input_businessName"), " "): Text ' ' is set on object 'Object Repository/RAD_Pages/Taxpayer_Page/input_businessName'

2024-11-12 18:20:23 - [MESSAGE][PASSED] - Text ' ' is set on object 'Object Repository/RAD_Pages/Taxpayer_Page/input_businessName'

2024-11-12 18:20:23 - [TEST_STEP][PASSED] - setText(findTestObject(orPath_TaxPayer + "/input_BusinessRepfirstName"), " "): Text ' ' is set on object 'Object Repository/RAD_Pages/Taxpayer_Page/input_BusinessRepfirstName'

2024-11-12 18:20:23 - [MESSAGE][PASSED] - Text ' ' is set on object 'Object Repository/RAD_Pages/Taxpayer_Page/input_BusinessRepfirstName'

2024-11-12 18:20:23 - [TEST_STEP][PASSED] - setText(findTestObject(orPath_TaxPayer + "/input_BusinessReplastName"), " "): Text ' ' is set on object 'Object Repository/RAD_Pages/Taxpayer_Page/input_BusinessReplastName'

2024-11-12 18:20:24 - [MESSAGE][PASSED] - Text ' ' is set on object 'Object Repository/RAD_Pages/Taxpayer_Page/input_BusinessReplastName'

2024-11-12 18:20:24 - [TEST_STEP][PASSED] - setText(findTestObject(orPath_AddressContact + "/input_streetAddress1"), " "): Text ' ' is set on object 'Object Repository/RAD_Pages/AddressAndContactInfo_Page/input_streetAddress1'

2024-11-12 18:20:25 - [MESSAGE][PASSED] - Text ' ' is set on object 'Object Repository/RAD_Pages/AddressAndContactInfo_Page/input_streetAddress1'

2024-11-12 18:20:25 - [TEST_STEP][PASSED] - setText(findTestObject(orPath_AddressContact + "/input_city"), " "): Text ' ' is set on object 'Object Repository/RAD_Pages/AddressAndContactInfo_Page/input_city'

2024-11-12 18:20:25 - [MESSAGE][PASSED] - Text ' ' is set on object 'Object Repository/RAD_Pages/AddressAndContactInfo_Page/input_city'

2024-11-12 18:20:25 - [TEST_STEP][PASSED] - setText(findTestObject(orPath_AddressContact + "/input_zipCode"), " "): Text ' ' is set on object 'Object Repository/RAD_Pages/AddressAndContactInfo_Page/input_zipCode'

2024-11-12 18:20:26 - [MESSAGE][PASSED] - Text ' ' is set on object 'Object Repository/RAD_Pages/AddressAndContactInfo_Page/input_zipCode'

2024-11-12 18:20:26 - [TEST_STEP][PASSED] - setText(findTestObject(orPath_AddressContact + "/input_phoneNumber"), " "): Text ' ' is set on object 'Object Repository/RAD_Pages/AddressAndContactInfo_Page/input_phoneNumber'

2024-11-12 18:20:27 - [MESSAGE][PASSED] - Text ' ' is set on object 'Object Repository/RAD_Pages/AddressAndContactInfo_Page/input_phoneNumber'

2024-11-12 18:20:27 - [TEST_STEP][PASSED] - setText(findTestObject(orPath_AddressContact + "/input_eMailAddress"), " "): Text ' ' is set on object 'Object Repository/RAD_Pages/AddressAndContactInfo_Page/input_eMailAddress'

2024-11-12 18:20:28 - [MESSAGE][PASSED] - Text ' ' is set on object 'Object Repository/RAD_Pages/AddressAndContactInfo_Page/input_eMailAddress'

2024-11-12 18:20:28 - [TEST_STEP][PASSED] - setText(findTestObject(orPath_AddressContact + "/input_reEnterEMailAddress"), " "): Text ' ' is set on object 'Object Repository/RAD_Pages/AddressAndContactInfo_Page/input_reEnterEMailAddress'

2024-11-12 18:20:29 - [MESSAGE][PASSED] - Text ' ' is set on object 'Object Repository/RAD_Pages/AddressAndContactInfo_Page/input_reEnterEMailAddress'

2024-11-12 18:20:29 - [TEST_STEP][PASSED] - if (TaxType.equalsIgnoreCase("Estate Tax")): null

2024-11-12 18:20:29 - [TEST_STEP][PASSED] - setText(findTestObject(orPath_Amount + "/input__paymentAmount"), ""): Text '' is set on object 'Object Repository/RAD_Pages/PaymentAmount_Page/input__paymentAmount'

2024-11-12 18:20:30 - [MESSAGE][PASSED] - Text '' is set on object 'Object Repository/RAD_Pages/PaymentAmount_Page/input__paymentAmount'

2024-11-12 18:20:30 - [TEST_STEP][PASSED] - resText = "Fail": null

2024-11-12 18:20:30 - [TEST_STEP][PASSED] - pages.WriteExcel.demoKey(resText, datText, resColumn, datCloumn, fileLoc, nameSheet, row): pages.WriteExcel.demoKey is PASSED

2024-11-12 18:20:30 - [MESSAGE][PASSED] - pages.WriteExcel.demoKey is PASSED

2024-11-12 18:20:30 - [TEST_STEP][PASSED] - verifyTextPresent("Enter business name", true, CONTINUE_ON_FAILURE): Text 'Enter business name' is present on page  using regular expression

2024-11-12 18:20:31 - [MESSAGE][PASSED] - Text 'Enter business name' is present on page  using regular expression

2024-11-12 18:20:31 - [TEST_STEP][PASSED] - verifyTextPresent("Enter business rep first name", true, CONTINUE_ON_FAILURE): Text 'Enter business rep first name' is present on page  using regular expression

2024-11-12 18:20:31 - [MESSAGE][PASSED] - Text 'Enter business rep first name' is present on page  using regular expression

2024-11-12 18:20:31 - [TEST_STEP][PASSED] - verifyTextPresent("Enter business rep last name", true, CONTINUE_ON_FAILURE): Text 'Enter business rep last name' is present on page  using regular expression

2024-11-12 18:20:31 - [MESSAGE][PASSED] - Text 'Enter business rep last name' is present on page  using regular expression

2024-11-12 18:20:31 - [TEST_STEP][PASSED] - verifyTextPresent("Enter address", true, CONTINUE_ON_FAILURE): Text 'Enter address' is present on page  using regular expression

2024-11-12 18:20:32 - [MESSAGE][PASSED] - Text 'Enter address' is present on page  using regular expression

2024-11-12 18:20:32 - [TEST_STEP][PASSED] - verifyTextPresent("Enter city", true, CONTINUE_ON_FAILURE): Text 'Enter city' is present on page  using regular expression

2024-11-12 18:20:32 - [MESSAGE][PASSED] - Text 'Enter city' is present on page  using regular expression

2024-11-12 18:20:32 - [TEST_STEP][PASSED] - verifyTextPresent("Enter ZIP code", true, CONTINUE_ON_FAILURE): Text 'Enter ZIP code' is present on page  using regular expression

2024-11-12 18:20:32 - [MESSAGE][PASSED] - Text 'Enter ZIP code' is present on page  using regular expression

2024-11-12 18:20:32 - [TEST_STEP][PASSED] - verifyTextPresent("Enter a valid phone number", true, CONTINUE_ON_FAILURE): Text 'Enter a valid phone number' is present on page  using regular expression

2024-11-12 18:20:33 - [MESSAGE][PASSED] - Text 'Enter a valid phone number' is present on page  using regular expression

2024-11-12 18:20:33 - [TEST_STEP][PASSED] - verifyTextPresent("Enter Email", true, CONTINUE_ON_FAILURE): Text 'Enter Email' is present on page  using regular expression

2024-11-12 18:20:33 - [MESSAGE][PASSED] - Text 'Enter Email' is present on page  using regular expression

2024-11-12 18:20:33 - [TEST_STEP][PASSED] - if (CRN.equalsIgnoreCase("Y")): null

2024-11-12 18:20:33 - [TEST_STEP][PASSED] - if (MFLicNum.equalsIgnoreCase("Y")): null

2024-11-12 18:20:33 - [TEST_STEP][PASSED] - resText = "Pass": null

2024-11-12 18:20:33 - [TEST_STEP][PASSED] - pages.WriteExcel.demoKey(resText, datText, resColumn, datCloumn, fileLoc, nameSheet, row): pages.WriteExcel.demoKey is PASSED

2024-11-12 18:20:33 - [MESSAGE][PASSED] - pages.WriteExcel.demoKey is PASSED

2024-11-12 18:20:33 - [TEST_STEP][PASSED] - ExecuteTC = findTestData(dataFile).getValue("Execute", row): null

2024-11-12 18:20:33 - [TEST_STEP][PASSED] - TaxType = findTestData(dataFile).getValue("TaxType", row): null

2024-11-12 18:20:33 - [TEST_STEP][PASSED] - PaymentType = findTestData(dataFile).getValue("PaymentType", row): null

2024-11-12 18:20:33 - [TEST_STEP][PASSED] - FilingYear = findTestData(dataFile).getValue("Year", row): null

2024-11-12 18:20:33 - [TEST_STEP][PASSED] - feinSSN = findTestData(dataFile).getValue("FeinSsn", row): null

2024-11-12 18:20:34 - [TEST_STEP][PASSED] - CRN = findTestData(dataFile).getValue("CRN", row): null

2024-11-12 18:20:34 - [TEST_STEP][PASSED] - MFLicNum = findTestData(dataFile).getValue("MFLicNum", row): null

2024-11-12 18:20:34 - [TEST_STEP][PASSED] - if (ExecuteTC.equalsIgnoreCase("Y")): pages.WriteExcel.demoKey is PASSED

2024-11-12 18:20:34 - [TEST_STEP][PASSED] - out.println("Begin Record Number: " + row): null

2024-11-12 18:20:34 - [TEST_STEP][PASSED] - today = new java.util.Date(): null

2024-11-12 18:20:34 - [TEST_STEP][PASSED] - println(today): null

2024-11-12 18:20:34 - [TEST_STEP][PASSED] - datText = today: null

2024-11-12 18:20:34 - [TEST_STEP][PASSED] - logInfo("Payment Type: New Tax Return Amount Due"): Payment Type: New Tax Return Amount Due

2024-11-12 18:20:34 - [MESSAGE][INFO] - Payment Type: New Tax Return Amount Due

2024-11-12 18:20:34 - [TEST_STEP][PASSED] - logInfo("Tax Type: " + TaxType): Tax Type: PTE Tax Electing S Corp

2024-11-12 18:20:34 - [MESSAGE][INFO] - Tax Type: PTE Tax Electing S Corp

2024-11-12 18:20:34 - [TEST_STEP][PASSED] - openBrowser(""): Browser is opened with url: ''

2024-11-12 18:20:34 - [MESSAGE][WARNING] - A browser is already opened. Closing browser and opening a new one

2024-11-12 18:20:39 - [MESSAGE][INFO] - Starting 'Chrome' driver

2024-11-12 18:20:39 - [MESSAGE][INFO] - User set preference: ['acceptInsecureCerts', 'true']

2024-11-12 18:20:39 - [MESSAGE][INFO] - Action delay is set to 0 milliseconds

2024-11-12 18:20:41 - [MESSAGE][PASSED] - Browser is opened with url: ''

2024-11-12 18:20:41 - [TEST_STEP][PASSED] - maximizeWindow(): Current window maximized

2024-11-12 18:20:41 - [MESSAGE][PASSED] - Current window maximized

2024-11-12 18:20:41 - [TEST_STEP][PASSED] - navigateToUrl(RADurl): Navigate to 'https://www.velocitypayment.com/client/rad/index.html' successfully

2024-11-12 18:20:43 - [MESSAGE][PASSED] - Navigate to 'https://www.velocitypayment.com/client/rad/index.html' successfully

2024-11-12 18:20:43 - [TEST_STEP][PASSED] - selectOptionByLabel(findTestObject(orPath_Landing + "/dd_TaxType"), "New Tax Return Amount Due", false): All options with label 'New Tax Return Amount Due' are selected in object 'Object Repository/RAD_Pages/Landing_Page/dd_TaxType' 

2024-11-12 18:20:44 - [MESSAGE][PASSED] - All options with label 'New Tax Return Amount Due' are selected in object 'Object Repository/RAD_Pages/Landing_Page/dd_TaxType' 

2024-11-12 18:20:44 - [TEST_STEP][PASSED] - selectOptionByLabel(findTestObject("Object Repository/RAD_Pages/Landing_Page/select_NewTaxReturnAmountDue_TaxType"), TaxType, false): All options with label 'PTE Tax Electing S Corp' are selected in object 'Object Repository/RAD_Pages/Landing_Page/select_NewTaxReturnAmountDue_TaxType' 

2024-11-12 18:20:44 - [MESSAGE][PASSED] - All options with label 'PTE Tax Electing S Corp' are selected in object 'Object Repository/RAD_Pages/Landing_Page/select_NewTaxReturnAmountDue_TaxType' 

2024-11-12 18:20:44 - [TEST_STEP][PASSED] - selectOptionByLabel(findTestObject(orPath_TaxTypeFilingYear + "/select_FilingYear"), FilingYear, false): All options with label '2023' are selected in object 'Object Repository/RAD_Pages/TaxTypeFilingYear_Page/select_FilingYear' 

2024-11-12 18:20:45 - [MESSAGE][PASSED] - All options with label '2023' are selected in object 'Object Repository/RAD_Pages/TaxTypeFilingYear_Page/select_FilingYear' 

2024-11-12 18:20:45 - [TEST_STEP][PASSED] - setText(findTestObject(orPath_TaxPayer + "/input_businessName"), " "): Text ' ' is set on object 'Object Repository/RAD_Pages/Taxpayer_Page/input_businessName'

2024-11-12 18:20:46 - [MESSAGE][PASSED] - Text ' ' is set on object 'Object Repository/RAD_Pages/Taxpayer_Page/input_businessName'

2024-11-12 18:20:46 - [TEST_STEP][PASSED] - setText(findTestObject(orPath_TaxPayer + "/input_BusinessRepfirstName"), " "): Text ' ' is set on object 'Object Repository/RAD_Pages/Taxpayer_Page/input_BusinessRepfirstName'

2024-11-12 18:20:47 - [MESSAGE][PASSED] - Text ' ' is set on object 'Object Repository/RAD_Pages/Taxpayer_Page/input_BusinessRepfirstName'

2024-11-12 18:20:47 - [TEST_STEP][PASSED] - setText(findTestObject(orPath_TaxPayer + "/input_BusinessReplastName"), " "): Text ' ' is set on object 'Object Repository/RAD_Pages/Taxpayer_Page/input_BusinessReplastName'

2024-11-12 18:20:47 - [MESSAGE][PASSED] - Text ' ' is set on object 'Object Repository/RAD_Pages/Taxpayer_Page/input_BusinessReplastName'

2024-11-12 18:20:47 - [TEST_STEP][PASSED] - setText(findTestObject(orPath_AddressContact + "/input_streetAddress1"), " "): Text ' ' is set on object 'Object Repository/RAD_Pages/AddressAndContactInfo_Page/input_streetAddress1'

2024-11-12 18:20:48 - [MESSAGE][PASSED] - Text ' ' is set on object 'Object Repository/RAD_Pages/AddressAndContactInfo_Page/input_streetAddress1'

2024-11-12 18:20:48 - [TEST_STEP][PASSED] - setText(findTestObject(orPath_AddressContact + "/input_city"), " "): Text ' ' is set on object 'Object Repository/RAD_Pages/AddressAndContactInfo_Page/input_city'

2024-11-12 18:20:49 - [MESSAGE][PASSED] - Text ' ' is set on object 'Object Repository/RAD_Pages/AddressAndContactInfo_Page/input_city'

2024-11-12 18:20:49 - [TEST_STEP][PASSED] - setText(findTestObject(orPath_AddressContact + "/input_zipCode"), " "): Text ' ' is set on object 'Object Repository/RAD_Pages/AddressAndContactInfo_Page/input_zipCode'

2024-11-12 18:20:50 - [MESSAGE][PASSED] - Text ' ' is set on object 'Object Repository/RAD_Pages/AddressAndContactInfo_Page/input_zipCode'

2024-11-12 18:20:50 - [TEST_STEP][PASSED] - setText(findTestObject(orPath_AddressContact + "/input_phoneNumber"), " "): Text ' ' is set on object 'Object Repository/RAD_Pages/AddressAndContactInfo_Page/input_phoneNumber'

2024-11-12 18:20:51 - [MESSAGE][PASSED] - Text ' ' is set on object 'Object Repository/RAD_Pages/AddressAndContactInfo_Page/input_phoneNumber'

2024-11-12 18:20:51 - [TEST_STEP][PASSED] - setText(findTestObject(orPath_AddressContact + "/input_eMailAddress"), " "): Text ' ' is set on object 'Object Repository/RAD_Pages/AddressAndContactInfo_Page/input_eMailAddress'

2024-11-12 18:20:52 - [MESSAGE][PASSED] - Text ' ' is set on object 'Object Repository/RAD_Pages/AddressAndContactInfo_Page/input_eMailAddress'

2024-11-12 18:20:52 - [TEST_STEP][PASSED] - setText(findTestObject(orPath_AddressContact + "/input_reEnterEMailAddress"), " "): Text ' ' is set on object 'Object Repository/RAD_Pages/AddressAndContactInfo_Page/input_reEnterEMailAddress'

2024-11-12 18:20:52 - [MESSAGE][PASSED] - Text ' ' is set on object 'Object Repository/RAD_Pages/AddressAndContactInfo_Page/input_reEnterEMailAddress'

2024-11-12 18:20:52 - [TEST_STEP][PASSED] - if (TaxType.equalsIgnoreCase("Estate Tax")): null

2024-11-12 18:20:52 - [TEST_STEP][PASSED] - setText(findTestObject(orPath_Amount + "/input__paymentAmount"), ""): Text '' is set on object 'Object Repository/RAD_Pages/PaymentAmount_Page/input__paymentAmount'

2024-11-12 18:20:53 - [MESSAGE][PASSED] - Text '' is set on object 'Object Repository/RAD_Pages/PaymentAmount_Page/input__paymentAmount'

2024-11-12 18:20:53 - [TEST_STEP][PASSED] - resText = "Fail": null

2024-11-12 18:20:53 - [TEST_STEP][PASSED] - pages.WriteExcel.demoKey(resText, datText, resColumn, datCloumn, fileLoc, nameSheet, row): pages.WriteExcel.demoKey is PASSED

2024-11-12 18:20:54 - [MESSAGE][PASSED] - pages.WriteExcel.demoKey is PASSED

2024-11-12 18:20:54 - [TEST_STEP][PASSED] - verifyTextPresent("Enter business name", true, CONTINUE_ON_FAILURE): Text 'Enter business name' is present on page  using regular expression

2024-11-12 18:20:54 - [MESSAGE][PASSED] - Text 'Enter business name' is present on page  using regular expression

2024-11-12 18:20:54 - [TEST_STEP][PASSED] - verifyTextPresent("Enter business rep first name", true, CONTINUE_ON_FAILURE): Text 'Enter business rep first name' is present on page  using regular expression

2024-11-12 18:20:54 - [MESSAGE][PASSED] - Text 'Enter business rep first name' is present on page  using regular expression

2024-11-12 18:20:54 - [TEST_STEP][PASSED] - verifyTextPresent("Enter business rep last name", true, CONTINUE_ON_FAILURE): Text 'Enter business rep last name' is present on page  using regular expression

2024-11-12 18:20:55 - [MESSAGE][PASSED] - Text 'Enter business rep last name' is present on page  using regular expression

2024-11-12 18:20:55 - [TEST_STEP][PASSED] - verifyTextPresent("Enter address", true, CONTINUE_ON_FAILURE): Text 'Enter address' is present on page  using regular expression

2024-11-12 18:20:55 - [MESSAGE][PASSED] - Text 'Enter address' is present on page  using regular expression

2024-11-12 18:20:55 - [TEST_STEP][PASSED] - verifyTextPresent("Enter city", true, CONTINUE_ON_FAILURE): Text 'Enter city' is present on page  using regular expression

2024-11-12 18:20:55 - [MESSAGE][PASSED] - Text 'Enter city' is present on page  using regular expression

2024-11-12 18:20:55 - [TEST_STEP][PASSED] - verifyTextPresent("Enter ZIP code", true, CONTINUE_ON_FAILURE): Text 'Enter ZIP code' is present on page  using regular expression

2024-11-12 18:20:56 - [MESSAGE][PASSED] - Text 'Enter ZIP code' is present on page  using regular expression

2024-11-12 18:20:56 - [TEST_STEP][PASSED] - verifyTextPresent("Enter a valid phone number", true, CONTINUE_ON_FAILURE): Text 'Enter a valid phone number' is present on page  using regular expression

2024-11-12 18:20:56 - [MESSAGE][PASSED] - Text 'Enter a valid phone number' is present on page  using regular expression

2024-11-12 18:20:56 - [TEST_STEP][PASSED] - verifyTextPresent("Enter Email", true, CONTINUE_ON_FAILURE): Text 'Enter Email' is present on page  using regular expression

2024-11-12 18:20:56 - [MESSAGE][PASSED] - Text 'Enter Email' is present on page  using regular expression

2024-11-12 18:20:56 - [TEST_STEP][PASSED] - if (CRN.equalsIgnoreCase("Y")): null

2024-11-12 18:20:56 - [TEST_STEP][PASSED] - if (MFLicNum.equalsIgnoreCase("Y")): null

2024-11-12 18:20:56 - [TEST_STEP][PASSED] - resText = "Pass": null

2024-11-12 18:20:56 - [TEST_STEP][PASSED] - pages.WriteExcel.demoKey(resText, datText, resColumn, datCloumn, fileLoc, nameSheet, row): pages.WriteExcel.demoKey is PASSED

2024-11-12 18:20:56 - [MESSAGE][PASSED] - pages.WriteExcel.demoKey is PASSED

2024-11-12 18:20:56 - [TEST_STEP][PASSED] - ExecuteTC = findTestData(dataFile).getValue("Execute", row): null

2024-11-12 18:20:57 - [TEST_STEP][PASSED] - TaxType = findTestData(dataFile).getValue("TaxType", row): null

2024-11-12 18:20:57 - [TEST_STEP][PASSED] - PaymentType = findTestData(dataFile).getValue("PaymentType", row): null

2024-11-12 18:20:57 - [TEST_STEP][PASSED] - FilingYear = findTestData(dataFile).getValue("Year", row): null

2024-11-12 18:20:57 - [TEST_STEP][PASSED] - feinSSN = findTestData(dataFile).getValue("FeinSsn", row): null

2024-11-12 18:20:57 - [TEST_STEP][PASSED] - CRN = findTestData(dataFile).getValue("CRN", row): null

2024-11-12 18:20:57 - [TEST_STEP][PASSED] - MFLicNum = findTestData(dataFile).getValue("MFLicNum", row): null

2024-11-12 18:20:57 - [TEST_STEP][PASSED] - if (ExecuteTC.equalsIgnoreCase("Y")): pages.WriteExcel.demoKey is PASSED

2024-11-12 18:20:57 - [TEST_STEP][PASSED] - out.println("Begin Record Number: " + row): null

2024-11-12 18:20:57 - [TEST_STEP][PASSED] - today = new java.util.Date(): null

2024-11-12 18:20:57 - [TEST_STEP][PASSED] - println(today): null

2024-11-12 18:20:57 - [TEST_STEP][PASSED] - datText = today: null

2024-11-12 18:20:57 - [TEST_STEP][PASSED] - logInfo("Payment Type: New Tax Return Amount Due"): Payment Type: New Tax Return Amount Due

2024-11-12 18:20:57 - [MESSAGE][INFO] - Payment Type: New Tax Return Amount Due

2024-11-12 18:20:57 - [TEST_STEP][PASSED] - logInfo("Tax Type: " + TaxType): Tax Type: Fiduciary Tax

2024-11-12 18:20:57 - [MESSAGE][INFO] - Tax Type: Fiduciary Tax

2024-11-12 18:20:57 - [TEST_STEP][PASSED] - openBrowser(""): Browser is opened with url: ''

2024-11-12 18:20:57 - [MESSAGE][WARNING] - A browser is already opened. Closing browser and opening a new one

2024-11-12 18:20:58 - [MESSAGE][INFO] - Starting 'Chrome' driver

2024-11-12 18:20:58 - [MESSAGE][INFO] - User set preference: ['acceptInsecureCerts', 'true']

2024-11-12 18:20:58 - [MESSAGE][INFO] - Action delay is set to 0 milliseconds

2024-11-12 18:21:00 - [MESSAGE][PASSED] - Browser is opened with url: ''

2024-11-12 18:21:00 - [TEST_STEP][PASSED] - maximizeWindow(): Current window maximized

2024-11-12 18:21:00 - [MESSAGE][PASSED] - Current window maximized

2024-11-12 18:21:00 - [TEST_STEP][PASSED] - navigateToUrl(RADurl): Navigate to 'https://www.velocitypayment.com/client/rad/index.html' successfully

2024-11-12 18:21:02 - [MESSAGE][PASSED] - Navigate to 'https://www.velocitypayment.com/client/rad/index.html' successfully

2024-11-12 18:21:02 - [TEST_STEP][PASSED] - selectOptionByLabel(findTestObject(orPath_Landing + "/dd_TaxType"), "New Tax Return Amount Due", false): All options with label 'New Tax Return Amount Due' are selected in object 'Object Repository/RAD_Pages/Landing_Page/dd_TaxType' 

2024-11-12 18:21:03 - [MESSAGE][PASSED] - All options with label 'New Tax Return Amount Due' are selected in object 'Object Repository/RAD_Pages/Landing_Page/dd_TaxType' 

2024-11-12 18:21:03 - [TEST_STEP][PASSED] - selectOptionByLabel(findTestObject("Object Repository/RAD_Pages/Landing_Page/select_NewTaxReturnAmountDue_TaxType"), TaxType, false): All options with label 'Fiduciary Tax' are selected in object 'Object Repository/RAD_Pages/Landing_Page/select_NewTaxReturnAmountDue_TaxType' 

2024-11-12 18:21:03 - [MESSAGE][PASSED] - All options with label 'Fiduciary Tax' are selected in object 'Object Repository/RAD_Pages/Landing_Page/select_NewTaxReturnAmountDue_TaxType' 

2024-11-12 18:21:03 - [TEST_STEP][PASSED] - selectOptionByLabel(findTestObject(orPath_TaxTypeFilingYear + "/select_FilingYear"), FilingYear, false): All options with label '2022' are selected in object 'Object Repository/RAD_Pages/TaxTypeFilingYear_Page/select_FilingYear' 

2024-11-12 18:21:04 - [MESSAGE][PASSED] - All options with label '2022' are selected in object 'Object Repository/RAD_Pages/TaxTypeFilingYear_Page/select_FilingYear' 

2024-11-12 18:21:04 - [TEST_STEP][PASSED] - setText(findTestObject(orPath_TaxPayer + "/input_businessName"), " "): Text ' ' is set on object 'Object Repository/RAD_Pages/Taxpayer_Page/input_businessName'

2024-11-12 18:21:05 - [MESSAGE][PASSED] - Text ' ' is set on object 'Object Repository/RAD_Pages/Taxpayer_Page/input_businessName'

2024-11-12 18:21:05 - [TEST_STEP][PASSED] - setText(findTestObject(orPath_TaxPayer + "/input_BusinessRepfirstName"), " "): Text ' ' is set on object 'Object Repository/RAD_Pages/Taxpayer_Page/input_BusinessRepfirstName'

2024-11-12 18:21:06 - [MESSAGE][PASSED] - Text ' ' is set on object 'Object Repository/RAD_Pages/Taxpayer_Page/input_BusinessRepfirstName'

2024-11-12 18:21:06 - [TEST_STEP][PASSED] - setText(findTestObject(orPath_TaxPayer + "/input_BusinessReplastName"), " "): Text ' ' is set on object 'Object Repository/RAD_Pages/Taxpayer_Page/input_BusinessReplastName'

2024-11-12 18:21:06 - [MESSAGE][PASSED] - Text ' ' is set on object 'Object Repository/RAD_Pages/Taxpayer_Page/input_BusinessReplastName'

2024-11-12 18:21:06 - [TEST_STEP][PASSED] - setText(findTestObject(orPath_AddressContact + "/input_streetAddress1"), " "): Text ' ' is set on object 'Object Repository/RAD_Pages/AddressAndContactInfo_Page/input_streetAddress1'

2024-11-12 18:21:07 - [MESSAGE][PASSED] - Text ' ' is set on object 'Object Repository/RAD_Pages/AddressAndContactInfo_Page/input_streetAddress1'

2024-11-12 18:21:07 - [TEST_STEP][PASSED] - setText(findTestObject(orPath_AddressContact + "/input_city"), " "): Text ' ' is set on object 'Object Repository/RAD_Pages/AddressAndContactInfo_Page/input_city'

2024-11-12 18:21:08 - [MESSAGE][PASSED] - Text ' ' is set on object 'Object Repository/RAD_Pages/AddressAndContactInfo_Page/input_city'

2024-11-12 18:21:08 - [TEST_STEP][PASSED] - setText(findTestObject(orPath_AddressContact + "/input_zipCode"), " "): Text ' ' is set on object 'Object Repository/RAD_Pages/AddressAndContactInfo_Page/input_zipCode'

2024-11-12 18:21:09 - [MESSAGE][PASSED] - Text ' ' is set on object 'Object Repository/RAD_Pages/AddressAndContactInfo_Page/input_zipCode'

2024-11-12 18:21:09 - [TEST_STEP][PASSED] - setText(findTestObject(orPath_AddressContact + "/input_phoneNumber"), " "): Text ' ' is set on object 'Object Repository/RAD_Pages/AddressAndContactInfo_Page/input_phoneNumber'

2024-11-12 18:21:10 - [MESSAGE][PASSED] - Text ' ' is set on object 'Object Repository/RAD_Pages/AddressAndContactInfo_Page/input_phoneNumber'

2024-11-12 18:21:10 - [TEST_STEP][PASSED] - setText(findTestObject(orPath_AddressContact + "/input_eMailAddress"), " "): Text ' ' is set on object 'Object Repository/RAD_Pages/AddressAndContactInfo_Page/input_eMailAddress'

2024-11-12 18:21:10 - [MESSAGE][PASSED] - Text ' ' is set on object 'Object Repository/RAD_Pages/AddressAndContactInfo_Page/input_eMailAddress'

2024-11-12 18:21:10 - [TEST_STEP][PASSED] - setText(findTestObject(orPath_AddressContact + "/input_reEnterEMailAddress"), " "): Text ' ' is set on object 'Object Repository/RAD_Pages/AddressAndContactInfo_Page/input_reEnterEMailAddress'

2024-11-12 18:21:11 - [MESSAGE][PASSED] - Text ' ' is set on object 'Object Repository/RAD_Pages/AddressAndContactInfo_Page/input_reEnterEMailAddress'

2024-11-12 18:21:11 - [TEST_STEP][PASSED] - if (TaxType.equalsIgnoreCase("Estate Tax")): null

2024-11-12 18:21:11 - [TEST_STEP][PASSED] - setText(findTestObject(orPath_Amount + "/input__paymentAmount"), ""): Text '' is set on object 'Object Repository/RAD_Pages/PaymentAmount_Page/input__paymentAmount'

2024-11-12 18:21:12 - [MESSAGE][PASSED] - Text '' is set on object 'Object Repository/RAD_Pages/PaymentAmount_Page/input__paymentAmount'

2024-11-12 18:21:12 - [TEST_STEP][PASSED] - resText = "Fail": null

2024-11-12 18:21:12 - [TEST_STEP][PASSED] - pages.WriteExcel.demoKey(resText, datText, resColumn, datCloumn, fileLoc, nameSheet, row): pages.WriteExcel.demoKey is PASSED

2024-11-12 18:21:12 - [MESSAGE][PASSED] - pages.WriteExcel.demoKey is PASSED

2024-11-12 18:21:12 - [TEST_STEP][PASSED] - verifyTextPresent("Enter business name", true, CONTINUE_ON_FAILURE): Text 'Enter business name' is present on page  using regular expression

2024-11-12 18:21:13 - [MESSAGE][PASSED] - Text 'Enter business name' is present on page  using regular expression

2024-11-12 18:21:13 - [TEST_STEP][PASSED] - verifyTextPresent("Enter business rep first name", true, CONTINUE_ON_FAILURE): Text 'Enter business rep first name' is present on page  using regular expression

2024-11-12 18:21:13 - [MESSAGE][PASSED] - Text 'Enter business rep first name' is present on page  using regular expression

2024-11-12 18:21:13 - [TEST_STEP][PASSED] - verifyTextPresent("Enter business rep last name", true, CONTINUE_ON_FAILURE): Text 'Enter business rep last name' is present on page  using regular expression

2024-11-12 18:21:14 - [MESSAGE][PASSED] - Text 'Enter business rep last name' is present on page  using regular expression

2024-11-12 18:21:14 - [TEST_STEP][PASSED] - verifyTextPresent("Enter address", true, CONTINUE_ON_FAILURE): Text 'Enter address' is present on page  using regular expression

2024-11-12 18:21:14 - [MESSAGE][PASSED] - Text 'Enter address' is present on page  using regular expression

2024-11-12 18:21:14 - [TEST_STEP][PASSED] - verifyTextPresent("Enter city", true, CONTINUE_ON_FAILURE): Text 'Enter city' is present on page  using regular expression

2024-11-12 18:21:14 - [MESSAGE][PASSED] - Text 'Enter city' is present on page  using regular expression

2024-11-12 18:21:14 - [TEST_STEP][PASSED] - verifyTextPresent("Enter ZIP code", true, CONTINUE_ON_FAILURE): Text 'Enter ZIP code' is present on page  using regular expression

2024-11-12 18:21:15 - [MESSAGE][PASSED] - Text 'Enter ZIP code' is present on page  using regular expression

2024-11-12 18:21:15 - [TEST_STEP][PASSED] - verifyTextPresent("Enter a valid phone number", true, CONTINUE_ON_FAILURE): Text 'Enter a valid phone number' is present on page  using regular expression

2024-11-12 18:21:15 - [MESSAGE][PASSED] - Text 'Enter a valid phone number' is present on page  using regular expression

2024-11-12 18:21:15 - [TEST_STEP][PASSED] - verifyTextPresent("Enter Email", true, CONTINUE_ON_FAILURE): Text 'Enter Email' is present on page  using regular expression

2024-11-12 18:21:15 - [MESSAGE][PASSED] - Text 'Enter Email' is present on page  using regular expression

2024-11-12 18:21:15 - [TEST_STEP][PASSED] - if (CRN.equalsIgnoreCase("Y")): null

2024-11-12 18:21:15 - [TEST_STEP][PASSED] - if (MFLicNum.equalsIgnoreCase("Y")): null

2024-11-12 18:21:15 - [TEST_STEP][PASSED] - resText = "Pass": null

2024-11-12 18:21:15 - [TEST_STEP][PASSED] - pages.WriteExcel.demoKey(resText, datText, resColumn, datCloumn, fileLoc, nameSheet, row): pages.WriteExcel.demoKey is PASSED

2024-11-12 18:21:15 - [MESSAGE][PASSED] - pages.WriteExcel.demoKey is PASSED

2024-11-12 18:21:15 - [TEST_STEP][PASSED] - ExecuteTC = findTestData(dataFile).getValue("Execute", row): null

2024-11-12 18:21:15 - [TEST_STEP][PASSED] - TaxType = findTestData(dataFile).getValue("TaxType", row): null

2024-11-12 18:21:15 - [TEST_STEP][PASSED] - PaymentType = findTestData(dataFile).getValue("PaymentType", row): null

2024-11-12 18:21:16 - [TEST_STEP][PASSED] - FilingYear = findTestData(dataFile).getValue("Year", row): null

2024-11-12 18:21:16 - [TEST_STEP][PASSED] - feinSSN = findTestData(dataFile).getValue("FeinSsn", row): null

2024-11-12 18:21:16 - [TEST_STEP][PASSED] - CRN = findTestData(dataFile).getValue("CRN", row): null

2024-11-12 18:21:16 - [TEST_STEP][PASSED] - MFLicNum = findTestData(dataFile).getValue("MFLicNum", row): null

2024-11-12 18:21:16 - [TEST_STEP][PASSED] - if (ExecuteTC.equalsIgnoreCase("Y")): pages.WriteExcel.demoKey is PASSED

2024-11-12 18:21:16 - [TEST_STEP][PASSED] - out.println("Begin Record Number: " + row): null

2024-11-12 18:21:16 - [TEST_STEP][PASSED] - today = new java.util.Date(): null

2024-11-12 18:21:16 - [TEST_STEP][PASSED] - println(today): null

2024-11-12 18:21:16 - [TEST_STEP][PASSED] - datText = today: null

2024-11-12 18:21:16 - [TEST_STEP][PASSED] - logInfo("Payment Type: New Tax Return Amount Due"): Payment Type: New Tax Return Amount Due

2024-11-12 18:21:16 - [MESSAGE][INFO] - Payment Type: New Tax Return Amount Due

2024-11-12 18:21:16 - [TEST_STEP][PASSED] - logInfo("Tax Type: " + TaxType): Tax Type: PTE Non-Electing Non-S Corp

2024-11-12 18:21:16 - [MESSAGE][INFO] - Tax Type: PTE Non-Electing Non-S Corp

2024-11-12 18:21:16 - [TEST_STEP][PASSED] - openBrowser(""): Browser is opened with url: ''

2024-11-12 18:21:16 - [MESSAGE][WARNING] - A browser is already opened. Closing browser and opening a new one

2024-11-12 18:21:17 - [MESSAGE][INFO] - Starting 'Chrome' driver

2024-11-12 18:21:17 - [MESSAGE][INFO] - User set preference: ['acceptInsecureCerts', 'true']

2024-11-12 18:21:17 - [MESSAGE][INFO] - Action delay is set to 0 milliseconds

2024-11-12 18:21:19 - [MESSAGE][PASSED] - Browser is opened with url: ''

2024-11-12 18:21:19 - [TEST_STEP][PASSED] - maximizeWindow(): Current window maximized

2024-11-12 18:21:19 - [MESSAGE][PASSED] - Current window maximized

2024-11-12 18:21:19 - [TEST_STEP][PASSED] - navigateToUrl(RADurl): Navigate to 'https://www.velocitypayment.com/client/rad/index.html' successfully

2024-11-12 18:21:21 - [MESSAGE][PASSED] - Navigate to 'https://www.velocitypayment.com/client/rad/index.html' successfully

2024-11-12 18:21:21 - [TEST_STEP][PASSED] - selectOptionByLabel(findTestObject(orPath_Landing + "/dd_TaxType"), "New Tax Return Amount Due", false): All options with label 'New Tax Return Amount Due' are selected in object 'Object Repository/RAD_Pages/Landing_Page/dd_TaxType' 

2024-11-12 18:21:22 - [MESSAGE][PASSED] - All options with label 'New Tax Return Amount Due' are selected in object 'Object Repository/RAD_Pages/Landing_Page/dd_TaxType' 

2024-11-12 18:21:22 - [TEST_STEP][PASSED] - selectOptionByLabel(findTestObject("Object Repository/RAD_Pages/Landing_Page/select_NewTaxReturnAmountDue_TaxType"), TaxType, false): All options with label 'PTE Non-Electing Non-S Corp' are selected in object 'Object Repository/RAD_Pages/Landing_Page/select_NewTaxReturnAmountDue_TaxType' 

2024-11-12 18:21:22 - [MESSAGE][PASSED] - All options with label 'PTE Non-Electing Non-S Corp' are selected in object 'Object Repository/RAD_Pages/Landing_Page/select_NewTaxReturnAmountDue_TaxType' 

2024-11-12 18:21:22 - [TEST_STEP][PASSED] - selectOptionByLabel(findTestObject(orPath_TaxTypeFilingYear + "/select_FilingYear"), FilingYear, false): All options with label '2022' are selected in object 'Object Repository/RAD_Pages/TaxTypeFilingYear_Page/select_FilingYear' 

2024-11-12 18:21:23 - [MESSAGE][PASSED] - All options with label '2022' are selected in object 'Object Repository/RAD_Pages/TaxTypeFilingYear_Page/select_FilingYear' 

2024-11-12 18:21:23 - [TEST_STEP][PASSED] - setText(findTestObject(orPath_TaxPayer + "/input_businessName"), " "): Text ' ' is set on object 'Object Repository/RAD_Pages/Taxpayer_Page/input_businessName'

2024-11-12 18:21:24 - [MESSAGE][PASSED] - Text ' ' is set on object 'Object Repository/RAD_Pages/Taxpayer_Page/input_businessName'

2024-11-12 18:21:24 - [TEST_STEP][PASSED] - setText(findTestObject(orPath_TaxPayer + "/input_BusinessRepfirstName"), " "): Text ' ' is set on object 'Object Repository/RAD_Pages/Taxpayer_Page/input_BusinessRepfirstName'

2024-11-12 18:21:24 - [MESSAGE][PASSED] - Text ' ' is set on object 'Object Repository/RAD_Pages/Taxpayer_Page/input_BusinessRepfirstName'

2024-11-12 18:21:24 - [TEST_STEP][PASSED] - setText(findTestObject(orPath_TaxPayer + "/input_BusinessReplastName"), " "): Text ' ' is set on object 'Object Repository/RAD_Pages/Taxpayer_Page/input_BusinessReplastName'

2024-11-12 18:21:25 - [MESSAGE][PASSED] - Text ' ' is set on object 'Object Repository/RAD_Pages/Taxpayer_Page/input_BusinessReplastName'

2024-11-12 18:21:25 - [TEST_STEP][PASSED] - setText(findTestObject(orPath_AddressContact + "/input_streetAddress1"), " "): Text ' ' is set on object 'Object Repository/RAD_Pages/AddressAndContactInfo_Page/input_streetAddress1'

2024-11-12 18:21:26 - [MESSAGE][PASSED] - Text ' ' is set on object 'Object Repository/RAD_Pages/AddressAndContactInfo_Page/input_streetAddress1'

2024-11-12 18:21:26 - [TEST_STEP][PASSED] - setText(findTestObject(orPath_AddressContact + "/input_city"), " "): Text ' ' is set on object 'Object Repository/RAD_Pages/AddressAndContactInfo_Page/input_city'

2024-11-12 18:21:27 - [MESSAGE][PASSED] - Text ' ' is set on object 'Object Repository/RAD_Pages/AddressAndContactInfo_Page/input_city'

2024-11-12 18:21:27 - [TEST_STEP][PASSED] - setText(findTestObject(orPath_AddressContact + "/input_zipCode"), " "): Text ' ' is set on object 'Object Repository/RAD_Pages/AddressAndContactInfo_Page/input_zipCode'

2024-11-12 18:21:27 - [MESSAGE][PASSED] - Text ' ' is set on object 'Object Repository/RAD_Pages/AddressAndContactInfo_Page/input_zipCode'

2024-11-12 18:21:27 - [TEST_STEP][PASSED] - setText(findTestObject(orPath_AddressContact + "/input_phoneNumber"), " "): Text ' ' is set on object 'Object Repository/RAD_Pages/AddressAndContactInfo_Page/input_phoneNumber'

2024-11-12 18:21:28 - [MESSAGE][PASSED] - Text ' ' is set on object 'Object Repository/RAD_Pages/AddressAndContactInfo_Page/input_phoneNumber'

2024-11-12 18:21:28 - [TEST_STEP][PASSED] - setText(findTestObject(orPath_AddressContact + "/input_eMailAddress"), " "): Text ' ' is set on object 'Object Repository/RAD_Pages/AddressAndContactInfo_Page/input_eMailAddress'

2024-11-12 18:21:29 - [MESSAGE][PASSED] - Text ' ' is set on object 'Object Repository/RAD_Pages/AddressAndContactInfo_Page/input_eMailAddress'

2024-11-12 18:21:29 - [TEST_STEP][PASSED] - setText(findTestObject(orPath_AddressContact + "/input_reEnterEMailAddress"), " "): Text ' ' is set on object 'Object Repository/RAD_Pages/AddressAndContactInfo_Page/input_reEnterEMailAddress'

2024-11-12 18:21:30 - [MESSAGE][PASSED] - Text ' ' is set on object 'Object Repository/RAD_Pages/AddressAndContactInfo_Page/input_reEnterEMailAddress'

2024-11-12 18:21:30 - [TEST_STEP][PASSED] - if (TaxType.equalsIgnoreCase("Estate Tax")): null

2024-11-12 18:21:30 - [TEST_STEP][PASSED] - setText(findTestObject(orPath_Amount + "/input__paymentAmount"), ""): Text '' is set on object 'Object Repository/RAD_Pages/PaymentAmount_Page/input__paymentAmount'

2024-11-12 18:21:31 - [MESSAGE][PASSED] - Text '' is set on object 'Object Repository/RAD_Pages/PaymentAmount_Page/input__paymentAmount'

2024-11-12 18:21:31 - [TEST_STEP][PASSED] - resText = "Fail": null

2024-11-12 18:21:31 - [TEST_STEP][PASSED] - pages.WriteExcel.demoKey(resText, datText, resColumn, datCloumn, fileLoc, nameSheet, row): pages.WriteExcel.demoKey is PASSED

2024-11-12 18:21:31 - [MESSAGE][PASSED] - pages.WriteExcel.demoKey is PASSED

2024-11-12 18:21:31 - [TEST_STEP][PASSED] - verifyTextPresent("Enter business name", true, CONTINUE_ON_FAILURE): Text 'Enter business name' is present on page  using regular expression

2024-11-12 18:21:32 - [MESSAGE][PASSED] - Text 'Enter business name' is present on page  using regular expression

2024-11-12 18:21:32 - [TEST_STEP][PASSED] - verifyTextPresent("Enter business rep first name", true, CONTINUE_ON_FAILURE): Text 'Enter business rep first name' is present on page  using regular expression

2024-11-12 18:21:32 - [MESSAGE][PASSED] - Text 'Enter business rep first name' is present on page  using regular expression

2024-11-12 18:21:32 - [TEST_STEP][PASSED] - verifyTextPresent("Enter business rep last name", true, CONTINUE_ON_FAILURE): Text 'Enter business rep last name' is present on page  using regular expression

2024-11-12 18:21:32 - [MESSAGE][PASSED] - Text 'Enter business rep last name' is present on page  using regular expression

2024-11-12 18:21:32 - [TEST_STEP][PASSED] - verifyTextPresent("Enter address", true, CONTINUE_ON_FAILURE): Text 'Enter address' is present on page  using regular expression

2024-11-12 18:21:33 - [MESSAGE][PASSED] - Text 'Enter address' is present on page  using regular expression

2024-11-12 18:21:33 - [TEST_STEP][PASSED] - verifyTextPresent("Enter city", true, CONTINUE_ON_FAILURE): Text 'Enter city' is present on page  using regular expression

2024-11-12 18:21:33 - [MESSAGE][PASSED] - Text 'Enter city' is present on page  using regular expression

2024-11-12 18:21:33 - [TEST_STEP][PASSED] - verifyTextPresent("Enter ZIP code", true, CONTINUE_ON_FAILURE): Text 'Enter ZIP code' is present on page  using regular expression

2024-11-12 18:21:33 - [MESSAGE][PASSED] - Text 'Enter ZIP code' is present on page  using regular expression

2024-11-12 18:21:33 - [TEST_STEP][PASSED] - verifyTextPresent("Enter a valid phone number", true, CONTINUE_ON_FAILURE): Text 'Enter a valid phone number' is present on page  using regular expression

2024-11-12 18:21:34 - [MESSAGE][PASSED] - Text 'Enter a valid phone number' is present on page  using regular expression

2024-11-12 18:21:34 - [TEST_STEP][PASSED] - verifyTextPresent("Enter Email", true, CONTINUE_ON_FAILURE): Text 'Enter Email' is present on page  using regular expression

2024-11-12 18:21:34 - [MESSAGE][PASSED] - Text 'Enter Email' is present on page  using regular expression

2024-11-12 18:21:34 - [TEST_STEP][PASSED] - if (CRN.equalsIgnoreCase("Y")): null

2024-11-12 18:21:34 - [TEST_STEP][PASSED] - if (MFLicNum.equalsIgnoreCase("Y")): null

2024-11-12 18:21:34 - [TEST_STEP][PASSED] - resText = "Pass": null

2024-11-12 18:21:34 - [TEST_STEP][PASSED] - pages.WriteExcel.demoKey(resText, datText, resColumn, datCloumn, fileLoc, nameSheet, row): pages.WriteExcel.demoKey is PASSED

2024-11-12 18:21:34 - [MESSAGE][PASSED] - pages.WriteExcel.demoKey is PASSED

2024-11-12 18:21:34 - [TEST_STEP][PASSED] - ExecuteTC = findTestData(dataFile).getValue("Execute", row): null

2024-11-12 18:21:34 - [TEST_STEP][PASSED] - TaxType = findTestData(dataFile).getValue("TaxType", row): null

2024-11-12 18:21:34 - [TEST_STEP][PASSED] - PaymentType = findTestData(dataFile).getValue("PaymentType", row): null

2024-11-12 18:21:34 - [TEST_STEP][PASSED] - FilingYear = findTestData(dataFile).getValue("Year", row): null

2024-11-12 18:21:34 - [TEST_STEP][PASSED] - feinSSN = findTestData(dataFile).getValue("FeinSsn", row): null

2024-11-12 18:21:34 - [TEST_STEP][PASSED] - CRN = findTestData(dataFile).getValue("CRN", row): null

2024-11-12 18:21:34 - [TEST_STEP][PASSED] - MFLicNum = findTestData(dataFile).getValue("MFLicNum", row): null

2024-11-12 18:21:34 - [TEST_STEP][PASSED] - if (ExecuteTC.equalsIgnoreCase("Y")): pages.WriteExcel.demoKey is PASSED

2024-11-12 18:21:34 - [TEST_STEP][PASSED] - out.println("Begin Record Number: " + row): null

2024-11-12 18:21:34 - [TEST_STEP][PASSED] - today = new java.util.Date(): null

2024-11-12 18:21:34 - [TEST_STEP][PASSED] - println(today): null

2024-11-12 18:21:34 - [TEST_STEP][PASSED] - datText = today: null

2024-11-12 18:21:34 - [TEST_STEP][PASSED] - logInfo("Payment Type: New Tax Return Amount Due"): Payment Type: New Tax Return Amount Due

2024-11-12 18:21:34 - [MESSAGE][INFO] - Payment Type: New Tax Return Amount Due

2024-11-12 18:21:34 - [TEST_STEP][PASSED] - logInfo("Tax Type: " + TaxType): Tax Type: PTE Non-Electing S Corp

2024-11-12 18:21:34 - [MESSAGE][INFO] - Tax Type: PTE Non-Electing S Corp

2024-11-12 18:21:34 - [TEST_STEP][PASSED] - openBrowser(""): Browser is opened with url: ''

2024-11-12 18:21:34 - [MESSAGE][WARNING] - A browser is already opened. Closing browser and opening a new one

2024-11-12 18:21:40 - [MESSAGE][INFO] - Starting 'Chrome' driver

2024-11-12 18:21:40 - [MESSAGE][INFO] - User set preference: ['acceptInsecureCerts', 'true']

2024-11-12 18:21:40 - [MESSAGE][INFO] - Action delay is set to 0 milliseconds

2024-11-12 18:21:42 - [MESSAGE][PASSED] - Browser is opened with url: ''

2024-11-12 18:21:42 - [TEST_STEP][PASSED] - maximizeWindow(): Current window maximized

2024-11-12 18:21:42 - [MESSAGE][PASSED] - Current window maximized

2024-11-12 18:21:42 - [TEST_STEP][PASSED] - navigateToUrl(RADurl): Navigate to 'https://www.velocitypayment.com/client/rad/index.html' successfully

2024-11-12 18:21:44 - [MESSAGE][PASSED] - Navigate to 'https://www.velocitypayment.com/client/rad/index.html' successfully

2024-11-12 18:21:44 - [TEST_STEP][PASSED] - selectOptionByLabel(findTestObject(orPath_Landing + "/dd_TaxType"), "New Tax Return Amount Due", false): All options with label 'New Tax Return Amount Due' are selected in object 'Object Repository/RAD_Pages/Landing_Page/dd_TaxType' 

2024-11-12 18:21:44 - [MESSAGE][PASSED] - All options with label 'New Tax Return Amount Due' are selected in object 'Object Repository/RAD_Pages/Landing_Page/dd_TaxType' 

2024-11-12 18:21:44 - [TEST_STEP][PASSED] - selectOptionByLabel(findTestObject("Object Repository/RAD_Pages/Landing_Page/select_NewTaxReturnAmountDue_TaxType"), TaxType, false): All options with label 'PTE Non-Electing S Corp' are selected in object 'Object Repository/RAD_Pages/Landing_Page/select_NewTaxReturnAmountDue_TaxType' 

2024-11-12 18:21:45 - [MESSAGE][PASSED] - All options with label 'PTE Non-Electing S Corp' are selected in object 'Object Repository/RAD_Pages/Landing_Page/select_NewTaxReturnAmountDue_TaxType' 

2024-11-12 18:21:45 - [TEST_STEP][PASSED] - selectOptionByLabel(findTestObject(orPath_TaxTypeFilingYear + "/select_FilingYear"), FilingYear, false): All options with label '2022' are selected in object 'Object Repository/RAD_Pages/TaxTypeFilingYear_Page/select_FilingYear' 

2024-11-12 18:21:46 - [MESSAGE][PASSED] - All options with label '2022' are selected in object 'Object Repository/RAD_Pages/TaxTypeFilingYear_Page/select_FilingYear' 

2024-11-12 18:21:46 - [TEST_STEP][PASSED] - setText(findTestObject(orPath_TaxPayer + "/input_businessName"), " "): Text ' ' is set on object 'Object Repository/RAD_Pages/Taxpayer_Page/input_businessName'

2024-11-12 18:21:47 - [MESSAGE][PASSED] - Text ' ' is set on object 'Object Repository/RAD_Pages/Taxpayer_Page/input_businessName'

2024-11-12 18:21:47 - [TEST_STEP][PASSED] - setText(findTestObject(orPath_TaxPayer + "/input_BusinessRepfirstName"), " "): Text ' ' is set on object 'Object Repository/RAD_Pages/Taxpayer_Page/input_BusinessRepfirstName'

2024-11-12 18:21:47 - [MESSAGE][PASSED] - Text ' ' is set on object 'Object Repository/RAD_Pages/Taxpayer_Page/input_BusinessRepfirstName'

2024-11-12 18:21:47 - [TEST_STEP][PASSED] - setText(findTestObject(orPath_TaxPayer + "/input_BusinessReplastName"), " "): Text ' ' is set on object 'Object Repository/RAD_Pages/Taxpayer_Page/input_BusinessReplastName'

2024-11-12 18:21:48 - [MESSAGE][PASSED] - Text ' ' is set on object 'Object Repository/RAD_Pages/Taxpayer_Page/input_BusinessReplastName'

2024-11-12 18:21:48 - [TEST_STEP][PASSED] - setText(findTestObject(orPath_AddressContact + "/input_streetAddress1"), " "): Text ' ' is set on object 'Object Repository/RAD_Pages/AddressAndContactInfo_Page/input_streetAddress1'

2024-11-12 18:21:49 - [MESSAGE][PASSED] - Text ' ' is set on object 'Object Repository/RAD_Pages/AddressAndContactInfo_Page/input_streetAddress1'

2024-11-12 18:21:49 - [TEST_STEP][PASSED] - setText(findTestObject(orPath_AddressContact + "/input_city"), " "): Text ' ' is set on object 'Object Repository/RAD_Pages/AddressAndContactInfo_Page/input_city'

2024-11-12 18:21:49 - [MESSAGE][PASSED] - Text ' ' is set on object 'Object Repository/RAD_Pages/AddressAndContactInfo_Page/input_city'

2024-11-12 18:21:49 - [TEST_STEP][PASSED] - setText(findTestObject(orPath_AddressContact + "/input_zipCode"), " "): Text ' ' is set on object 'Object Repository/RAD_Pages/AddressAndContactInfo_Page/input_zipCode'

2024-11-12 18:21:50 - [MESSAGE][PASSED] - Text ' ' is set on object 'Object Repository/RAD_Pages/AddressAndContactInfo_Page/input_zipCode'

2024-11-12 18:21:50 - [TEST_STEP][PASSED] - setText(findTestObject(orPath_AddressContact + "/input_phoneNumber"), " "): Text ' ' is set on object 'Object Repository/RAD_Pages/AddressAndContactInfo_Page/input_phoneNumber'

2024-11-12 18:21:51 - [MESSAGE][PASSED] - Text ' ' is set on object 'Object Repository/RAD_Pages/AddressAndContactInfo_Page/input_phoneNumber'

2024-11-12 18:21:51 - [TEST_STEP][PASSED] - setText(findTestObject(orPath_AddressContact + "/input_eMailAddress"), " "): Text ' ' is set on object 'Object Repository/RAD_Pages/AddressAndContactInfo_Page/input_eMailAddress'

2024-11-12 18:21:52 - [MESSAGE][PASSED] - Text ' ' is set on object 'Object Repository/RAD_Pages/AddressAndContactInfo_Page/input_eMailAddress'

2024-11-12 18:21:52 - [TEST_STEP][PASSED] - setText(findTestObject(orPath_AddressContact + "/input_reEnterEMailAddress"), " "): Text ' ' is set on object 'Object Repository/RAD_Pages/AddressAndContactInfo_Page/input_reEnterEMailAddress'

2024-11-12 18:21:53 - [MESSAGE][PASSED] - Text ' ' is set on object 'Object Repository/RAD_Pages/AddressAndContactInfo_Page/input_reEnterEMailAddress'

2024-11-12 18:21:53 - [TEST_STEP][PASSED] - if (TaxType.equalsIgnoreCase("Estate Tax")): null

2024-11-12 18:21:53 - [TEST_STEP][PASSED] - setText(findTestObject(orPath_Amount + "/input__paymentAmount"), ""): Text '' is set on object 'Object Repository/RAD_Pages/PaymentAmount_Page/input__paymentAmount'

2024-11-12 18:21:54 - [MESSAGE][PASSED] - Text '' is set on object 'Object Repository/RAD_Pages/PaymentAmount_Page/input__paymentAmount'

2024-11-12 18:21:54 - [TEST_STEP][PASSED] - resText = "Fail": null

2024-11-12 18:21:54 - [TEST_STEP][PASSED] - pages.WriteExcel.demoKey(resText, datText, resColumn, datCloumn, fileLoc, nameSheet, row): pages.WriteExcel.demoKey is PASSED

2024-11-12 18:21:54 - [MESSAGE][PASSED] - pages.WriteExcel.demoKey is PASSED

2024-11-12 18:21:54 - [TEST_STEP][PASSED] - verifyTextPresent("Enter business name", true, CONTINUE_ON_FAILURE): Text 'Enter business name' is present on page  using regular expression

2024-11-12 18:21:55 - [MESSAGE][PASSED] - Text 'Enter business name' is present on page  using regular expression

2024-11-12 18:21:55 - [TEST_STEP][PASSED] - verifyTextPresent("Enter business rep first name", true, CONTINUE_ON_FAILURE): Text 'Enter business rep first name' is present on page  using regular expression

2024-11-12 18:21:55 - [MESSAGE][PASSED] - Text 'Enter business rep first name' is present on page  using regular expression

2024-11-12 18:21:55 - [TEST_STEP][PASSED] - verifyTextPresent("Enter business rep last name", true, CONTINUE_ON_FAILURE): Text 'Enter business rep last name' is present on page  using regular expression

2024-11-12 18:21:55 - [MESSAGE][PASSED] - Text 'Enter business rep last name' is present on page  using regular expression

2024-11-12 18:21:55 - [TEST_STEP][PASSED] - verifyTextPresent("Enter address", true, CONTINUE_ON_FAILURE): Text 'Enter address' is present on page  using regular expression

2024-11-12 18:21:56 - [MESSAGE][PASSED] - Text 'Enter address' is present on page  using regular expression

2024-11-12 18:21:56 - [TEST_STEP][PASSED] - verifyTextPresent("Enter city", true, CONTINUE_ON_FAILURE): Text 'Enter city' is present on page  using regular expression

2024-11-12 18:21:56 - [MESSAGE][PASSED] - Text 'Enter city' is present on page  using regular expression

2024-11-12 18:21:56 - [TEST_STEP][PASSED] - verifyTextPresent("Enter ZIP code", true, CONTINUE_ON_FAILURE): Text 'Enter ZIP code' is present on page  using regular expression

2024-11-12 18:21:56 - [MESSAGE][PASSED] - Text 'Enter ZIP code' is present on page  using regular expression

2024-11-12 18:21:56 - [TEST_STEP][PASSED] - verifyTextPresent("Enter a valid phone number", true, CONTINUE_ON_FAILURE): Text 'Enter a valid phone number' is present on page  using regular expression

2024-11-12 18:21:57 - [MESSAGE][PASSED] - Text 'Enter a valid phone number' is present on page  using regular expression

2024-11-12 18:21:57 - [TEST_STEP][PASSED] - verifyTextPresent("Enter Email", true, CONTINUE_ON_FAILURE): Text 'Enter Email' is present on page  using regular expression

2024-11-12 18:21:57 - [MESSAGE][PASSED] - Text 'Enter Email' is present on page  using regular expression

2024-11-12 18:21:57 - [TEST_STEP][PASSED] - if (CRN.equalsIgnoreCase("Y")): null

2024-11-12 18:21:57 - [TEST_STEP][PASSED] - if (MFLicNum.equalsIgnoreCase("Y")): null

2024-11-12 18:21:57 - [TEST_STEP][PASSED] - resText = "Pass": null

2024-11-12 18:21:57 - [TEST_STEP][PASSED] - pages.WriteExcel.demoKey(resText, datText, resColumn, datCloumn, fileLoc, nameSheet, row): pages.WriteExcel.demoKey is PASSED

2024-11-12 18:21:57 - [MESSAGE][PASSED] - pages.WriteExcel.demoKey is PASSED

2024-11-12 18:21:57 - [TEST_STEP][PASSED] - ExecuteTC = findTestData(dataFile).getValue("Execute", row): null

2024-11-12 18:21:57 - [TEST_STEP][PASSED] - TaxType = findTestData(dataFile).getValue("TaxType", row): null

2024-11-12 18:21:57 - [TEST_STEP][PASSED] - PaymentType = findTestData(dataFile).getValue("PaymentType", row): null

2024-11-12 18:21:57 - [TEST_STEP][PASSED] - FilingYear = findTestData(dataFile).getValue("Year", row): null

2024-11-12 18:21:57 - [TEST_STEP][PASSED] - feinSSN = findTestData(dataFile).getValue("FeinSsn", row): null

2024-11-12 18:21:57 - [TEST_STEP][PASSED] - CRN = findTestData(dataFile).getValue("CRN", row): null

2024-11-12 18:21:57 - [TEST_STEP][PASSED] - MFLicNum = findTestData(dataFile).getValue("MFLicNum", row): null

2024-11-12 18:21:57 - [TEST_STEP][PASSED] - if (ExecuteTC.equalsIgnoreCase("Y")): pages.WriteExcel.demoKey is PASSED

2024-11-12 18:21:57 - [TEST_STEP][PASSED] - out.println("Begin Record Number: " + row): null

2024-11-12 18:21:57 - [TEST_STEP][PASSED] - today = new java.util.Date(): null

2024-11-12 18:21:57 - [TEST_STEP][PASSED] - println(today): null

2024-11-12 18:21:57 - [TEST_STEP][PASSED] - datText = today: null

2024-11-12 18:21:57 - [TEST_STEP][PASSED] - logInfo("Payment Type: New Tax Return Amount Due"): Payment Type: New Tax Return Amount Due

2024-11-12 18:21:57 - [MESSAGE][INFO] - Payment Type: New Tax Return Amount Due

2024-11-12 18:21:57 - [TEST_STEP][PASSED] - logInfo("Tax Type: " + TaxType): Tax Type: PTE Tax Electing Non-S Corp

2024-11-12 18:21:57 - [MESSAGE][INFO] - Tax Type: PTE Tax Electing Non-S Corp

2024-11-12 18:21:57 - [TEST_STEP][PASSED] - openBrowser(""): Browser is opened with url: ''

2024-11-12 18:21:57 - [MESSAGE][WARNING] - A browser is already opened. Closing browser and opening a new one

2024-11-12 18:21:59 - [MESSAGE][INFO] - Starting 'Chrome' driver

2024-11-12 18:21:59 - [MESSAGE][INFO] - User set preference: ['acceptInsecureCerts', 'true']

2024-11-12 18:21:59 - [MESSAGE][INFO] - Action delay is set to 0 milliseconds

2024-11-12 18:22:01 - [MESSAGE][PASSED] - Browser is opened with url: ''

2024-11-12 18:22:01 - [TEST_STEP][PASSED] - maximizeWindow(): Current window maximized

2024-11-12 18:22:01 - [MESSAGE][PASSED] - Current window maximized

2024-11-12 18:22:01 - [TEST_STEP][PASSED] - navigateToUrl(RADurl): Navigate to 'https://www.velocitypayment.com/client/rad/index.html' successfully

2024-11-12 18:22:02 - [MESSAGE][PASSED] - Navigate to 'https://www.velocitypayment.com/client/rad/index.html' successfully

2024-11-12 18:22:02 - [TEST_STEP][PASSED] - selectOptionByLabel(findTestObject(orPath_Landing + "/dd_TaxType"), "New Tax Return Amount Due", false): All options with label 'New Tax Return Amount Due' are selected in object 'Object Repository/RAD_Pages/Landing_Page/dd_TaxType' 

2024-11-12 18:22:03 - [MESSAGE][PASSED] - All options with label 'New Tax Return Amount Due' are selected in object 'Object Repository/RAD_Pages/Landing_Page/dd_TaxType' 

2024-11-12 18:22:03 - [TEST_STEP][PASSED] - selectOptionByLabel(findTestObject("Object Repository/RAD_Pages/Landing_Page/select_NewTaxReturnAmountDue_TaxType"), TaxType, false): All options with label 'PTE Tax Electing Non-S Corp' are selected in object 'Object Repository/RAD_Pages/Landing_Page/select_NewTaxReturnAmountDue_TaxType' 

2024-11-12 18:22:04 - [MESSAGE][PASSED] - All options with label 'PTE Tax Electing Non-S Corp' are selected in object 'Object Repository/RAD_Pages/Landing_Page/select_NewTaxReturnAmountDue_TaxType' 

2024-11-12 18:22:04 - [TEST_STEP][PASSED] - selectOptionByLabel(findTestObject(orPath_TaxTypeFilingYear + "/select_FilingYear"), FilingYear, false): All options with label '2022' are selected in object 'Object Repository/RAD_Pages/TaxTypeFilingYear_Page/select_FilingYear' 

2024-11-12 18:22:04 - [MESSAGE][PASSED] - All options with label '2022' are selected in object 'Object Repository/RAD_Pages/TaxTypeFilingYear_Page/select_FilingYear' 

2024-11-12 18:22:04 - [TEST_STEP][PASSED] - setText(findTestObject(orPath_TaxPayer + "/input_businessName"), " "): Text ' ' is set on object 'Object Repository/RAD_Pages/Taxpayer_Page/input_businessName'

2024-11-12 18:22:05 - [MESSAGE][PASSED] - Text ' ' is set on object 'Object Repository/RAD_Pages/Taxpayer_Page/input_businessName'

2024-11-12 18:22:05 - [TEST_STEP][PASSED] - setText(findTestObject(orPath_TaxPayer + "/input_BusinessRepfirstName"), " "): Text ' ' is set on object 'Object Repository/RAD_Pages/Taxpayer_Page/input_BusinessRepfirstName'

2024-11-12 18:22:06 - [MESSAGE][PASSED] - Text ' ' is set on object 'Object Repository/RAD_Pages/Taxpayer_Page/input_BusinessRepfirstName'

2024-11-12 18:22:06 - [TEST_STEP][PASSED] - setText(findTestObject(orPath_TaxPayer + "/input_BusinessReplastName"), " "): Text ' ' is set on object 'Object Repository/RAD_Pages/Taxpayer_Page/input_BusinessReplastName'

2024-11-12 18:22:07 - [MESSAGE][PASSED] - Text ' ' is set on object 'Object Repository/RAD_Pages/Taxpayer_Page/input_BusinessReplastName'

2024-11-12 18:22:07 - [TEST_STEP][PASSED] - setText(findTestObject(orPath_AddressContact + "/input_streetAddress1"), " "): Text ' ' is set on object 'Object Repository/RAD_Pages/AddressAndContactInfo_Page/input_streetAddress1'

2024-11-12 18:22:07 - [MESSAGE][PASSED] - Text ' ' is set on object 'Object Repository/RAD_Pages/AddressAndContactInfo_Page/input_streetAddress1'

2024-11-12 18:22:07 - [TEST_STEP][PASSED] - setText(findTestObject(orPath_AddressContact + "/input_city"), " "): Text ' ' is set on object 'Object Repository/RAD_Pages/AddressAndContactInfo_Page/input_city'

2024-11-12 18:22:08 - [MESSAGE][PASSED] - Text ' ' is set on object 'Object Repository/RAD_Pages/AddressAndContactInfo_Page/input_city'

2024-11-12 18:22:08 - [TEST_STEP][PASSED] - setText(findTestObject(orPath_AddressContact + "/input_zipCode"), " "): Text ' ' is set on object 'Object Repository/RAD_Pages/AddressAndContactInfo_Page/input_zipCode'

2024-11-12 18:22:09 - [MESSAGE][PASSED] - Text ' ' is set on object 'Object Repository/RAD_Pages/AddressAndContactInfo_Page/input_zipCode'

2024-11-12 18:22:09 - [TEST_STEP][PASSED] - setText(findTestObject(orPath_AddressContact + "/input_phoneNumber"), " "): Text ' ' is set on object 'Object Repository/RAD_Pages/AddressAndContactInfo_Page/input_phoneNumber'

2024-11-12 18:22:10 - [MESSAGE][PASSED] - Text ' ' is set on object 'Object Repository/RAD_Pages/AddressAndContactInfo_Page/input_phoneNumber'

2024-11-12 18:22:10 - [TEST_STEP][PASSED] - setText(findTestObject(orPath_AddressContact + "/input_eMailAddress"), " "): Text ' ' is set on object 'Object Repository/RAD_Pages/AddressAndContactInfo_Page/input_eMailAddress'

2024-11-12 18:22:11 - [MESSAGE][PASSED] - Text ' ' is set on object 'Object Repository/RAD_Pages/AddressAndContactInfo_Page/input_eMailAddress'

2024-11-12 18:22:11 - [TEST_STEP][PASSED] - setText(findTestObject(orPath_AddressContact + "/input_reEnterEMailAddress"), " "): Text ' ' is set on object 'Object Repository/RAD_Pages/AddressAndContactInfo_Page/input_reEnterEMailAddress'

2024-11-12 18:22:11 - [MESSAGE][PASSED] - Text ' ' is set on object 'Object Repository/RAD_Pages/AddressAndContactInfo_Page/input_reEnterEMailAddress'

2024-11-12 18:22:11 - [TEST_STEP][PASSED] - if (TaxType.equalsIgnoreCase("Estate Tax")): null

2024-11-12 18:22:11 - [TEST_STEP][PASSED] - setText(findTestObject(orPath_Amount + "/input__paymentAmount"), ""): Text '' is set on object 'Object Repository/RAD_Pages/PaymentAmount_Page/input__paymentAmount'

2024-11-12 18:22:12 - [MESSAGE][PASSED] - Text '' is set on object 'Object Repository/RAD_Pages/PaymentAmount_Page/input__paymentAmount'

2024-11-12 18:22:12 - [TEST_STEP][PASSED] - resText = "Fail": null

2024-11-12 18:22:12 - [TEST_STEP][PASSED] - pages.WriteExcel.demoKey(resText, datText, resColumn, datCloumn, fileLoc, nameSheet, row): pages.WriteExcel.demoKey is PASSED

2024-11-12 18:22:12 - [MESSAGE][PASSED] - pages.WriteExcel.demoKey is PASSED

2024-11-12 18:22:12 - [TEST_STEP][PASSED] - verifyTextPresent("Enter business name", true, CONTINUE_ON_FAILURE): Text 'Enter business name' is present on page  using regular expression

2024-11-12 18:22:13 - [MESSAGE][PASSED] - Text 'Enter business name' is present on page  using regular expression

2024-11-12 18:22:13 - [TEST_STEP][PASSED] - verifyTextPresent("Enter business rep first name", true, CONTINUE_ON_FAILURE): Text 'Enter business rep first name' is present on page  using regular expression

2024-11-12 18:22:13 - [MESSAGE][PASSED] - Text 'Enter business rep first name' is present on page  using regular expression

2024-11-12 18:22:13 - [TEST_STEP][PASSED] - verifyTextPresent("Enter business rep last name", true, CONTINUE_ON_FAILURE): Text 'Enter business rep last name' is present on page  using regular expression

2024-11-12 18:22:13 - [MESSAGE][PASSED] - Text 'Enter business rep last name' is present on page  using regular expression

2024-11-12 18:22:13 - [TEST_STEP][PASSED] - verifyTextPresent("Enter address", true, CONTINUE_ON_FAILURE): Text 'Enter address' is present on page  using regular expression

2024-11-12 18:22:14 - [MESSAGE][PASSED] - Text 'Enter address' is present on page  using regular expression

2024-11-12 18:22:14 - [TEST_STEP][PASSED] - verifyTextPresent("Enter city", true, CONTINUE_ON_FAILURE): Text 'Enter city' is present on page  using regular expression

2024-11-12 18:22:14 - [MESSAGE][PASSED] - Text 'Enter city' is present on page  using regular expression

2024-11-12 18:22:14 - [TEST_STEP][PASSED] - verifyTextPresent("Enter ZIP code", true, CONTINUE_ON_FAILURE): Text 'Enter ZIP code' is present on page  using regular expression

2024-11-12 18:22:14 - [MESSAGE][PASSED] - Text 'Enter ZIP code' is present on page  using regular expression

2024-11-12 18:22:14 - [TEST_STEP][PASSED] - verifyTextPresent("Enter a valid phone number", true, CONTINUE_ON_FAILURE): Text 'Enter a valid phone number' is present on page  using regular expression

2024-11-12 18:22:15 - [MESSAGE][PASSED] - Text 'Enter a valid phone number' is present on page  using regular expression

2024-11-12 18:22:15 - [TEST_STEP][PASSED] - verifyTextPresent("Enter Email", true, CONTINUE_ON_FAILURE): Text 'Enter Email' is present on page  using regular expression

2024-11-12 18:22:15 - [MESSAGE][PASSED] - Text 'Enter Email' is present on page  using regular expression

2024-11-12 18:22:15 - [TEST_STEP][PASSED] - if (CRN.equalsIgnoreCase("Y")): null

2024-11-12 18:22:15 - [TEST_STEP][PASSED] - if (MFLicNum.equalsIgnoreCase("Y")): null

2024-11-12 18:22:15 - [TEST_STEP][PASSED] - resText = "Pass": null

2024-11-12 18:22:15 - [TEST_STEP][PASSED] - pages.WriteExcel.demoKey(resText, datText, resColumn, datCloumn, fileLoc, nameSheet, row): pages.WriteExcel.demoKey is PASSED

2024-11-12 18:22:15 - [MESSAGE][PASSED] - pages.WriteExcel.demoKey is PASSED

2024-11-12 18:22:15 - [TEST_STEP][PASSED] - ExecuteTC = findTestData(dataFile).getValue("Execute", row): null

2024-11-12 18:22:15 - [TEST_STEP][PASSED] - TaxType = findTestData(dataFile).getValue("TaxType", row): null

2024-11-12 18:22:15 - [TEST_STEP][PASSED] - PaymentType = findTestData(dataFile).getValue("PaymentType", row): null

2024-11-12 18:22:15 - [TEST_STEP][PASSED] - FilingYear = findTestData(dataFile).getValue("Year", row): null

2024-11-12 18:22:16 - [TEST_STEP][PASSED] - feinSSN = findTestData(dataFile).getValue("FeinSsn", row): null

2024-11-12 18:22:16 - [TEST_STEP][PASSED] - CRN = findTestData(dataFile).getValue("CRN", row): null

2024-11-12 18:22:16 - [TEST_STEP][PASSED] - MFLicNum = findTestData(dataFile).getValue("MFLicNum", row): null

2024-11-12 18:22:16 - [TEST_STEP][PASSED] - if (ExecuteTC.equalsIgnoreCase("Y")): pages.WriteExcel.demoKey is PASSED

2024-11-12 18:22:16 - [TEST_STEP][PASSED] - out.println("Begin Record Number: " + row): null

2024-11-12 18:22:16 - [TEST_STEP][PASSED] - today = new java.util.Date(): null

2024-11-12 18:22:16 - [TEST_STEP][PASSED] - println(today): null

2024-11-12 18:22:16 - [TEST_STEP][PASSED] - datText = today: null

2024-11-12 18:22:16 - [TEST_STEP][PASSED] - logInfo("Payment Type: New Tax Return Amount Due"): Payment Type: New Tax Return Amount Due

2024-11-12 18:22:16 - [MESSAGE][INFO] - Payment Type: New Tax Return Amount Due

2024-11-12 18:22:16 - [TEST_STEP][PASSED] - logInfo("Tax Type: " + TaxType): Tax Type: PTE Tax Electing S Corp

2024-11-12 18:22:16 - [MESSAGE][INFO] - Tax Type: PTE Tax Electing S Corp

2024-11-12 18:22:16 - [TEST_STEP][PASSED] - openBrowser(""): Browser is opened with url: ''

2024-11-12 18:22:16 - [MESSAGE][WARNING] - A browser is already opened. Closing browser and opening a new one

2024-11-12 18:22:17 - [MESSAGE][INFO] - Starting 'Chrome' driver

2024-11-12 18:22:17 - [MESSAGE][INFO] - User set preference: ['acceptInsecureCerts', 'true']

2024-11-12 18:22:17 - [MESSAGE][INFO] - Action delay is set to 0 milliseconds

2024-11-12 18:22:19 - [MESSAGE][PASSED] - Browser is opened with url: ''

2024-11-12 18:22:19 - [TEST_STEP][PASSED] - maximizeWindow(): Current window maximized

2024-11-12 18:22:19 - [MESSAGE][PASSED] - Current window maximized

2024-11-12 18:22:19 - [TEST_STEP][PASSED] - navigateToUrl(RADurl): Navigate to 'https://www.velocitypayment.com/client/rad/index.html' successfully

2024-11-12 18:22:25 - [MESSAGE][PASSED] - Navigate to 'https://www.velocitypayment.com/client/rad/index.html' successfully

2024-11-12 18:22:25 - [TEST_STEP][PASSED] - selectOptionByLabel(findTestObject(orPath_Landing + "/dd_TaxType"), "New Tax Return Amount Due", false): All options with label 'New Tax Return Amount Due' are selected in object 'Object Repository/RAD_Pages/Landing_Page/dd_TaxType' 

2024-11-12 18:22:26 - [MESSAGE][PASSED] - All options with label 'New Tax Return Amount Due' are selected in object 'Object Repository/RAD_Pages/Landing_Page/dd_TaxType' 

2024-11-12 18:22:26 - [TEST_STEP][PASSED] - selectOptionByLabel(findTestObject("Object Repository/RAD_Pages/Landing_Page/select_NewTaxReturnAmountDue_TaxType"), TaxType, false): All options with label 'PTE Tax Electing S Corp' are selected in object 'Object Repository/RAD_Pages/Landing_Page/select_NewTaxReturnAmountDue_TaxType' 

2024-11-12 18:22:27 - [MESSAGE][PASSED] - All options with label 'PTE Tax Electing S Corp' are selected in object 'Object Repository/RAD_Pages/Landing_Page/select_NewTaxReturnAmountDue_TaxType' 

2024-11-12 18:22:27 - [TEST_STEP][PASSED] - selectOptionByLabel(findTestObject(orPath_TaxTypeFilingYear + "/select_FilingYear"), FilingYear, false): All options with label '2022' are selected in object 'Object Repository/RAD_Pages/TaxTypeFilingYear_Page/select_FilingYear' 

2024-11-12 18:22:27 - [MESSAGE][PASSED] - All options with label '2022' are selected in object 'Object Repository/RAD_Pages/TaxTypeFilingYear_Page/select_FilingYear' 

2024-11-12 18:22:27 - [TEST_STEP][PASSED] - setText(findTestObject(orPath_TaxPayer + "/input_businessName"), " "): Text ' ' is set on object 'Object Repository/RAD_Pages/Taxpayer_Page/input_businessName'

2024-11-12 18:22:28 - [MESSAGE][PASSED] - Text ' ' is set on object 'Object Repository/RAD_Pages/Taxpayer_Page/input_businessName'

2024-11-12 18:22:28 - [TEST_STEP][PASSED] - setText(findTestObject(orPath_TaxPayer + "/input_BusinessRepfirstName"), " "): Text ' ' is set on object 'Object Repository/RAD_Pages/Taxpayer_Page/input_BusinessRepfirstName'

2024-11-12 18:22:29 - [MESSAGE][PASSED] - Text ' ' is set on object 'Object Repository/RAD_Pages/Taxpayer_Page/input_BusinessRepfirstName'

2024-11-12 18:22:29 - [TEST_STEP][PASSED] - setText(findTestObject(orPath_TaxPayer + "/input_BusinessReplastName"), " "): Text ' ' is set on object 'Object Repository/RAD_Pages/Taxpayer_Page/input_BusinessReplastName'

2024-11-12 18:22:30 - [MESSAGE][PASSED] - Text ' ' is set on object 'Object Repository/RAD_Pages/Taxpayer_Page/input_BusinessReplastName'

2024-11-12 18:22:30 - [TEST_STEP][PASSED] - setText(findTestObject(orPath_AddressContact + "/input_streetAddress1"), " "): Text ' ' is set on object 'Object Repository/RAD_Pages/AddressAndContactInfo_Page/input_streetAddress1'

2024-11-12 18:22:30 - [MESSAGE][PASSED] - Text ' ' is set on object 'Object Repository/RAD_Pages/AddressAndContactInfo_Page/input_streetAddress1'

2024-11-12 18:22:30 - [TEST_STEP][PASSED] - setText(findTestObject(orPath_AddressContact + "/input_city"), " "): Text ' ' is set on object 'Object Repository/RAD_Pages/AddressAndContactInfo_Page/input_city'

2024-11-12 18:22:31 - [MESSAGE][PASSED] - Text ' ' is set on object 'Object Repository/RAD_Pages/AddressAndContactInfo_Page/input_city'

2024-11-12 18:22:31 - [TEST_STEP][PASSED] - setText(findTestObject(orPath_AddressContact + "/input_zipCode"), " "): Text ' ' is set on object 'Object Repository/RAD_Pages/AddressAndContactInfo_Page/input_zipCode'

2024-11-12 18:22:33 - [MESSAGE][PASSED] - Text ' ' is set on object 'Object Repository/RAD_Pages/AddressAndContactInfo_Page/input_zipCode'

2024-11-12 18:22:33 - [TEST_STEP][PASSED] - setText(findTestObject(orPath_AddressContact + "/input_phoneNumber"), " "): Text ' ' is set on object 'Object Repository/RAD_Pages/AddressAndContactInfo_Page/input_phoneNumber'

2024-11-12 18:22:33 - [MESSAGE][PASSED] - Text ' ' is set on object 'Object Repository/RAD_Pages/AddressAndContactInfo_Page/input_phoneNumber'

2024-11-12 18:22:33 - [TEST_STEP][PASSED] - setText(findTestObject(orPath_AddressContact + "/input_eMailAddress"), " "): Text ' ' is set on object 'Object Repository/RAD_Pages/AddressAndContactInfo_Page/input_eMailAddress'

2024-11-12 18:22:34 - [MESSAGE][PASSED] - Text ' ' is set on object 'Object Repository/RAD_Pages/AddressAndContactInfo_Page/input_eMailAddress'

2024-11-12 18:22:34 - [TEST_STEP][PASSED] - setText(findTestObject(orPath_AddressContact + "/input_reEnterEMailAddress"), " "): Text ' ' is set on object 'Object Repository/RAD_Pages/AddressAndContactInfo_Page/input_reEnterEMailAddress'

2024-11-12 18:22:35 - [MESSAGE][PASSED] - Text ' ' is set on object 'Object Repository/RAD_Pages/AddressAndContactInfo_Page/input_reEnterEMailAddress'

2024-11-12 18:22:35 - [TEST_STEP][PASSED] - if (TaxType.equalsIgnoreCase("Estate Tax")): null

2024-11-12 18:22:35 - [TEST_STEP][PASSED] - setText(findTestObject(orPath_Amount + "/input__paymentAmount"), ""): Text '' is set on object 'Object Repository/RAD_Pages/PaymentAmount_Page/input__paymentAmount'

2024-11-12 18:22:36 - [MESSAGE][PASSED] - Text '' is set on object 'Object Repository/RAD_Pages/PaymentAmount_Page/input__paymentAmount'

2024-11-12 18:22:36 - [TEST_STEP][PASSED] - resText = "Fail": null

2024-11-12 18:22:36 - [TEST_STEP][PASSED] - pages.WriteExcel.demoKey(resText, datText, resColumn, datCloumn, fileLoc, nameSheet, row): pages.WriteExcel.demoKey is PASSED

2024-11-12 18:22:36 - [MESSAGE][PASSED] - pages.WriteExcel.demoKey is PASSED

2024-11-12 18:22:36 - [TEST_STEP][PASSED] - verifyTextPresent("Enter business name", true, CONTINUE_ON_FAILURE): Text 'Enter business name' is present on page  using regular expression

2024-11-12 18:22:36 - [MESSAGE][PASSED] - Text 'Enter business name' is present on page  using regular expression

2024-11-12 18:22:36 - [TEST_STEP][PASSED] - verifyTextPresent("Enter business rep first name", true, CONTINUE_ON_FAILURE): Text 'Enter business rep first name' is present on page  using regular expression

2024-11-12 18:22:37 - [MESSAGE][PASSED] - Text 'Enter business rep first name' is present on page  using regular expression

2024-11-12 18:22:37 - [TEST_STEP][PASSED] - verifyTextPresent("Enter business rep last name", true, CONTINUE_ON_FAILURE): Text 'Enter business rep last name' is present on page  using regular expression

2024-11-12 18:22:37 - [MESSAGE][PASSED] - Text 'Enter business rep last name' is present on page  using regular expression

2024-11-12 18:22:37 - [TEST_STEP][PASSED] - verifyTextPresent("Enter address", true, CONTINUE_ON_FAILURE): Text 'Enter address' is present on page  using regular expression

2024-11-12 18:22:37 - [MESSAGE][PASSED] - Text 'Enter address' is present on page  using regular expression

2024-11-12 18:22:37 - [TEST_STEP][PASSED] - verifyTextPresent("Enter city", true, CONTINUE_ON_FAILURE): Text 'Enter city' is present on page  using regular expression

2024-11-12 18:22:38 - [MESSAGE][PASSED] - Text 'Enter city' is present on page  using regular expression

2024-11-12 18:22:38 - [TEST_STEP][PASSED] - verifyTextPresent("Enter ZIP code", true, CONTINUE_ON_FAILURE): Text 'Enter ZIP code' is present on page  using regular expression

2024-11-12 18:22:38 - [MESSAGE][PASSED] - Text 'Enter ZIP code' is present on page  using regular expression

2024-11-12 18:22:38 - [TEST_STEP][PASSED] - verifyTextPresent("Enter a valid phone number", true, CONTINUE_ON_FAILURE): Text 'Enter a valid phone number' is present on page  using regular expression

2024-11-12 18:22:38 - [MESSAGE][PASSED] - Text 'Enter a valid phone number' is present on page  using regular expression

2024-11-12 18:22:38 - [TEST_STEP][PASSED] - verifyTextPresent("Enter Email", true, CONTINUE_ON_FAILURE): Text 'Enter Email' is present on page  using regular expression

2024-11-12 18:22:39 - [MESSAGE][PASSED] - Text 'Enter Email' is present on page  using regular expression

2024-11-12 18:22:39 - [TEST_STEP][PASSED] - if (CRN.equalsIgnoreCase("Y")): null

2024-11-12 18:22:39 - [TEST_STEP][PASSED] - if (MFLicNum.equalsIgnoreCase("Y")): null

2024-11-12 18:22:39 - [TEST_STEP][PASSED] - resText = "Pass": null

2024-11-12 18:22:39 - [TEST_STEP][PASSED] - pages.WriteExcel.demoKey(resText, datText, resColumn, datCloumn, fileLoc, nameSheet, row): pages.WriteExcel.demoKey is PASSED

2024-11-12 18:22:39 - [MESSAGE][PASSED] - pages.WriteExcel.demoKey is PASSED

2024-11-12 18:22:39 - [TEST_STEP][PASSED] - ExecuteTC = findTestData(dataFile).getValue("Execute", row): null

2024-11-12 18:22:39 - [TEST_STEP][PASSED] - TaxType = findTestData(dataFile).getValue("TaxType", row): null

2024-11-12 18:22:39 - [TEST_STEP][PASSED] - PaymentType = findTestData(dataFile).getValue("PaymentType", row): null

2024-11-12 18:22:39 - [TEST_STEP][PASSED] - FilingYear = findTestData(dataFile).getValue("Year", row): null

2024-11-12 18:22:39 - [TEST_STEP][PASSED] - feinSSN = findTestData(dataFile).getValue("FeinSsn", row): null

2024-11-12 18:22:39 - [TEST_STEP][PASSED] - CRN = findTestData(dataFile).getValue("CRN", row): null

2024-11-12 18:22:39 - [TEST_STEP][PASSED] - MFLicNum = findTestData(dataFile).getValue("MFLicNum", row): null

2024-11-12 18:22:39 - [TEST_STEP][PASSED] - if (ExecuteTC.equalsIgnoreCase("Y")): pages.WriteExcel.demoKey is PASSED

2024-11-12 18:22:39 - [TEST_STEP][PASSED] - out.println("Begin Record Number: " + row): null

2024-11-12 18:22:39 - [TEST_STEP][PASSED] - today = new java.util.Date(): null

2024-11-12 18:22:39 - [TEST_STEP][PASSED] - println(today): null

2024-11-12 18:22:39 - [TEST_STEP][PASSED] - datText = today: null

2024-11-12 18:22:39 - [TEST_STEP][PASSED] - logInfo("Payment Type: New Tax Return Amount Due"): Payment Type: New Tax Return Amount Due

2024-11-12 18:22:39 - [MESSAGE][INFO] - Payment Type: New Tax Return Amount Due

2024-11-12 18:22:39 - [TEST_STEP][PASSED] - logInfo("Tax Type: " + TaxType): Tax Type: Fiduciary Tax

2024-11-12 18:22:39 - [MESSAGE][INFO] - Tax Type: Fiduciary Tax

2024-11-12 18:22:39 - [TEST_STEP][PASSED] - openBrowser(""): Browser is opened with url: ''

2024-11-12 18:22:39 - [MESSAGE][WARNING] - A browser is already opened. Closing browser and opening a new one

2024-11-12 18:22:41 - [MESSAGE][INFO] - Starting 'Chrome' driver

2024-11-12 18:22:41 - [MESSAGE][INFO] - User set preference: ['acceptInsecureCerts', 'true']

2024-11-12 18:22:41 - [MESSAGE][INFO] - Action delay is set to 0 milliseconds

2024-11-12 18:22:42 - [MESSAGE][PASSED] - Browser is opened with url: ''

2024-11-12 18:22:42 - [TEST_STEP][PASSED] - maximizeWindow(): Current window maximized

2024-11-12 18:22:42 - [MESSAGE][PASSED] - Current window maximized

2024-11-12 18:22:42 - [TEST_STEP][PASSED] - navigateToUrl(RADurl): Navigate to 'https://www.velocitypayment.com/client/rad/index.html' successfully

2024-11-12 18:22:44 - [MESSAGE][PASSED] - Navigate to 'https://www.velocitypayment.com/client/rad/index.html' successfully

2024-11-12 18:22:44 - [TEST_STEP][PASSED] - selectOptionByLabel(findTestObject(orPath_Landing + "/dd_TaxType"), "New Tax Return Amount Due", false): All options with label 'New Tax Return Amount Due' are selected in object 'Object Repository/RAD_Pages/Landing_Page/dd_TaxType' 

2024-11-12 18:22:45 - [MESSAGE][PASSED] - All options with label 'New Tax Return Amount Due' are selected in object 'Object Repository/RAD_Pages/Landing_Page/dd_TaxType' 

2024-11-12 18:22:45 - [TEST_STEP][PASSED] - selectOptionByLabel(findTestObject("Object Repository/RAD_Pages/Landing_Page/select_NewTaxReturnAmountDue_TaxType"), TaxType, false): All options with label 'Fiduciary Tax' are selected in object 'Object Repository/RAD_Pages/Landing_Page/select_NewTaxReturnAmountDue_TaxType' 

2024-11-12 18:22:46 - [MESSAGE][PASSED] - All options with label 'Fiduciary Tax' are selected in object 'Object Repository/RAD_Pages/Landing_Page/select_NewTaxReturnAmountDue_TaxType' 

2024-11-12 18:22:46 - [TEST_STEP][PASSED] - selectOptionByLabel(findTestObject(orPath_TaxTypeFilingYear + "/select_FilingYear"), FilingYear, false): All options with label '2021' are selected in object 'Object Repository/RAD_Pages/TaxTypeFilingYear_Page/select_FilingYear' 

2024-11-12 18:22:46 - [MESSAGE][PASSED] - All options with label '2021' are selected in object 'Object Repository/RAD_Pages/TaxTypeFilingYear_Page/select_FilingYear' 

2024-11-12 18:22:46 - [TEST_STEP][PASSED] - setText(findTestObject(orPath_TaxPayer + "/input_businessName"), " "): Text ' ' is set on object 'Object Repository/RAD_Pages/Taxpayer_Page/input_businessName'

2024-11-12 18:22:47 - [MESSAGE][PASSED] - Text ' ' is set on object 'Object Repository/RAD_Pages/Taxpayer_Page/input_businessName'

2024-11-12 18:22:47 - [TEST_STEP][PASSED] - setText(findTestObject(orPath_TaxPayer + "/input_BusinessRepfirstName"), " "): Text ' ' is set on object 'Object Repository/RAD_Pages/Taxpayer_Page/input_BusinessRepfirstName'

2024-11-12 18:22:48 - [MESSAGE][PASSED] - Text ' ' is set on object 'Object Repository/RAD_Pages/Taxpayer_Page/input_BusinessRepfirstName'

2024-11-12 18:22:48 - [TEST_STEP][PASSED] - setText(findTestObject(orPath_TaxPayer + "/input_BusinessReplastName"), " "): Text ' ' is set on object 'Object Repository/RAD_Pages/Taxpayer_Page/input_BusinessReplastName'

2024-11-12 18:22:49 - [MESSAGE][PASSED] - Text ' ' is set on object 'Object Repository/RAD_Pages/Taxpayer_Page/input_BusinessReplastName'

2024-11-12 18:22:49 - [TEST_STEP][PASSED] - setText(findTestObject(orPath_AddressContact + "/input_streetAddress1"), " "): Text ' ' is set on object 'Object Repository/RAD_Pages/AddressAndContactInfo_Page/input_streetAddress1'

2024-11-12 18:22:49 - [MESSAGE][PASSED] - Text ' ' is set on object 'Object Repository/RAD_Pages/AddressAndContactInfo_Page/input_streetAddress1'

2024-11-12 18:22:49 - [TEST_STEP][PASSED] - setText(findTestObject(orPath_AddressContact + "/input_city"), " "): Text ' ' is set on object 'Object Repository/RAD_Pages/AddressAndContactInfo_Page/input_city'

2024-11-12 18:22:50 - [MESSAGE][PASSED] - Text ' ' is set on object 'Object Repository/RAD_Pages/AddressAndContactInfo_Page/input_city'

2024-11-12 18:22:50 - [TEST_STEP][PASSED] - setText(findTestObject(orPath_AddressContact + "/input_zipCode"), " "): Text ' ' is set on object 'Object Repository/RAD_Pages/AddressAndContactInfo_Page/input_zipCode'

2024-11-12 18:22:51 - [MESSAGE][PASSED] - Text ' ' is set on object 'Object Repository/RAD_Pages/AddressAndContactInfo_Page/input_zipCode'

2024-11-12 18:22:51 - [TEST_STEP][PASSED] - setText(findTestObject(orPath_AddressContact + "/input_phoneNumber"), " "): Text ' ' is set on object 'Object Repository/RAD_Pages/AddressAndContactInfo_Page/input_phoneNumber'

2024-11-12 18:22:52 - [MESSAGE][PASSED] - Text ' ' is set on object 'Object Repository/RAD_Pages/AddressAndContactInfo_Page/input_phoneNumber'

2024-11-12 18:22:52 - [TEST_STEP][PASSED] - setText(findTestObject(orPath_AddressContact + "/input_eMailAddress"), " "): Text ' ' is set on object 'Object Repository/RAD_Pages/AddressAndContactInfo_Page/input_eMailAddress'

2024-11-12 18:22:53 - [MESSAGE][PASSED] - Text ' ' is set on object 'Object Repository/RAD_Pages/AddressAndContactInfo_Page/input_eMailAddress'

2024-11-12 18:22:53 - [TEST_STEP][PASSED] - setText(findTestObject(orPath_AddressContact + "/input_reEnterEMailAddress"), " "): Text ' ' is set on object 'Object Repository/RAD_Pages/AddressAndContactInfo_Page/input_reEnterEMailAddress'

2024-11-12 18:22:54 - [MESSAGE][PASSED] - Text ' ' is set on object 'Object Repository/RAD_Pages/AddressAndContactInfo_Page/input_reEnterEMailAddress'

2024-11-12 18:22:54 - [TEST_STEP][PASSED] - if (TaxType.equalsIgnoreCase("Estate Tax")): null

2024-11-12 18:22:54 - [TEST_STEP][PASSED] - setText(findTestObject(orPath_Amount + "/input__paymentAmount"), ""): Text '' is set on object 'Object Repository/RAD_Pages/PaymentAmount_Page/input__paymentAmount'

2024-11-12 18:22:55 - [MESSAGE][PASSED] - Text '' is set on object 'Object Repository/RAD_Pages/PaymentAmount_Page/input__paymentAmount'

2024-11-12 18:22:55 - [TEST_STEP][PASSED] - resText = "Fail": null

2024-11-12 18:22:55 - [TEST_STEP][PASSED] - pages.WriteExcel.demoKey(resText, datText, resColumn, datCloumn, fileLoc, nameSheet, row): pages.WriteExcel.demoKey is PASSED

2024-11-12 18:22:55 - [MESSAGE][PASSED] - pages.WriteExcel.demoKey is PASSED

2024-11-12 18:22:55 - [TEST_STEP][PASSED] - verifyTextPresent("Enter business name", true, CONTINUE_ON_FAILURE): Text 'Enter business name' is present on page  using regular expression

2024-11-12 18:22:55 - [MESSAGE][PASSED] - Text 'Enter business name' is present on page  using regular expression

2024-11-12 18:22:55 - [TEST_STEP][PASSED] - verifyTextPresent("Enter business rep first name", true, CONTINUE_ON_FAILURE): Text 'Enter business rep first name' is present on page  using regular expression

2024-11-12 18:22:56 - [MESSAGE][PASSED] - Text 'Enter business rep first name' is present on page  using regular expression

2024-11-12 18:22:56 - [TEST_STEP][PASSED] - verifyTextPresent("Enter business rep last name", true, CONTINUE_ON_FAILURE): Text 'Enter business rep last name' is present on page  using regular expression

2024-11-12 18:22:56 - [MESSAGE][PASSED] - Text 'Enter business rep last name' is present on page  using regular expression

2024-11-12 18:22:56 - [TEST_STEP][PASSED] - verifyTextPresent("Enter address", true, CONTINUE_ON_FAILURE): Text 'Enter address' is present on page  using regular expression

2024-11-12 18:22:56 - [MESSAGE][PASSED] - Text 'Enter address' is present on page  using regular expression

2024-11-12 18:22:56 - [TEST_STEP][PASSED] - verifyTextPresent("Enter city", true, CONTINUE_ON_FAILURE): Text 'Enter city' is present on page  using regular expression

2024-11-12 18:22:57 - [MESSAGE][PASSED] - Text 'Enter city' is present on page  using regular expression

2024-11-12 18:22:57 - [TEST_STEP][PASSED] - verifyTextPresent("Enter ZIP code", true, CONTINUE_ON_FAILURE): Text 'Enter ZIP code' is present on page  using regular expression

2024-11-12 18:22:57 - [MESSAGE][PASSED] - Text 'Enter ZIP code' is present on page  using regular expression

2024-11-12 18:22:57 - [TEST_STEP][PASSED] - verifyTextPresent("Enter a valid phone number", true, CONTINUE_ON_FAILURE): Text 'Enter a valid phone number' is present on page  using regular expression

2024-11-12 18:22:57 - [MESSAGE][PASSED] - Text 'Enter a valid phone number' is present on page  using regular expression

2024-11-12 18:22:57 - [TEST_STEP][PASSED] - verifyTextPresent("Enter Email", true, CONTINUE_ON_FAILURE): Text 'Enter Email' is present on page  using regular expression

2024-11-12 18:22:58 - [MESSAGE][PASSED] - Text 'Enter Email' is present on page  using regular expression

2024-11-12 18:22:58 - [TEST_STEP][PASSED] - if (CRN.equalsIgnoreCase("Y")): null

2024-11-12 18:22:58 - [TEST_STEP][PASSED] - if (MFLicNum.equalsIgnoreCase("Y")): null

2024-11-12 18:22:58 - [TEST_STEP][PASSED] - resText = "Pass": null

2024-11-12 18:22:58 - [TEST_STEP][PASSED] - pages.WriteExcel.demoKey(resText, datText, resColumn, datCloumn, fileLoc, nameSheet, row): pages.WriteExcel.demoKey is PASSED

2024-11-12 18:22:58 - [MESSAGE][PASSED] - pages.WriteExcel.demoKey is PASSED

2024-11-12 18:22:58 - [TEST_STEP][PASSED] - ExecuteTC = findTestData(dataFile).getValue("Execute", row): null

2024-11-12 18:22:58 - [TEST_STEP][PASSED] - TaxType = findTestData(dataFile).getValue("TaxType", row): null

2024-11-12 18:22:58 - [TEST_STEP][PASSED] - PaymentType = findTestData(dataFile).getValue("PaymentType", row): null

2024-11-12 18:22:58 - [TEST_STEP][PASSED] - FilingYear = findTestData(dataFile).getValue("Year", row): null

2024-11-12 18:22:58 - [TEST_STEP][PASSED] - feinSSN = findTestData(dataFile).getValue("FeinSsn", row): null

2024-11-12 18:22:58 - [TEST_STEP][PASSED] - CRN = findTestData(dataFile).getValue("CRN", row): null

2024-11-12 18:22:58 - [TEST_STEP][PASSED] - MFLicNum = findTestData(dataFile).getValue("MFLicNum", row): null

2024-11-12 18:22:58 - [TEST_STEP][PASSED] - if (ExecuteTC.equalsIgnoreCase("Y")): pages.WriteExcel.demoKey is PASSED

2024-11-12 18:22:58 - [TEST_STEP][PASSED] - out.println("Begin Record Number: " + row): null

2024-11-12 18:22:58 - [TEST_STEP][PASSED] - today = new java.util.Date(): null

2024-11-12 18:22:58 - [TEST_STEP][PASSED] - println(today): null

2024-11-12 18:22:58 - [TEST_STEP][PASSED] - datText = today: null

2024-11-12 18:22:58 - [TEST_STEP][PASSED] - logInfo("Payment Type: New Tax Return Amount Due"): Payment Type: New Tax Return Amount Due

2024-11-12 18:22:58 - [MESSAGE][INFO] - Payment Type: New Tax Return Amount Due

2024-11-12 18:22:58 - [TEST_STEP][PASSED] - logInfo("Tax Type: " + TaxType): Tax Type: PTE Non-Electing Non-S Corp

2024-11-12 18:22:58 - [MESSAGE][INFO] - Tax Type: PTE Non-Electing Non-S Corp

2024-11-12 18:22:58 - [TEST_STEP][PASSED] - openBrowser(""): Browser is opened with url: ''

2024-11-12 18:22:58 - [MESSAGE][WARNING] - A browser is already opened. Closing browser and opening a new one

2024-11-12 18:22:59 - [MESSAGE][INFO] - Starting 'Chrome' driver

2024-11-12 18:22:59 - [MESSAGE][INFO] - User set preference: ['acceptInsecureCerts', 'true']

2024-11-12 18:22:59 - [MESSAGE][INFO] - Action delay is set to 0 milliseconds

2024-11-12 18:23:01 - [MESSAGE][PASSED] - Browser is opened with url: ''

2024-11-12 18:23:01 - [TEST_STEP][PASSED] - maximizeWindow(): Current window maximized

2024-11-12 18:23:01 - [MESSAGE][PASSED] - Current window maximized

2024-11-12 18:23:01 - [TEST_STEP][PASSED] - navigateToUrl(RADurl): Navigate to 'https://www.velocitypayment.com/client/rad/index.html' successfully

2024-11-12 18:23:02 - [MESSAGE][PASSED] - Navigate to 'https://www.velocitypayment.com/client/rad/index.html' successfully

2024-11-12 18:23:02 - [TEST_STEP][PASSED] - selectOptionByLabel(findTestObject(orPath_Landing + "/dd_TaxType"), "New Tax Return Amount Due", false): All options with label 'New Tax Return Amount Due' are selected in object 'Object Repository/RAD_Pages/Landing_Page/dd_TaxType' 

2024-11-12 18:23:04 - [MESSAGE][PASSED] - All options with label 'New Tax Return Amount Due' are selected in object 'Object Repository/RAD_Pages/Landing_Page/dd_TaxType' 

2024-11-12 18:23:04 - [TEST_STEP][PASSED] - selectOptionByLabel(findTestObject("Object Repository/RAD_Pages/Landing_Page/select_NewTaxReturnAmountDue_TaxType"), TaxType, false): All options with label 'PTE Non-Electing Non-S Corp' are selected in object 'Object Repository/RAD_Pages/Landing_Page/select_NewTaxReturnAmountDue_TaxType' 

2024-11-12 18:23:05 - [MESSAGE][PASSED] - All options with label 'PTE Non-Electing Non-S Corp' are selected in object 'Object Repository/RAD_Pages/Landing_Page/select_NewTaxReturnAmountDue_TaxType' 

2024-11-12 18:23:05 - [TEST_STEP][PASSED] - selectOptionByLabel(findTestObject(orPath_TaxTypeFilingYear + "/select_FilingYear"), FilingYear, false): All options with label '2021' are selected in object 'Object Repository/RAD_Pages/TaxTypeFilingYear_Page/select_FilingYear' 

2024-11-12 18:23:05 - [MESSAGE][PASSED] - All options with label '2021' are selected in object 'Object Repository/RAD_Pages/TaxTypeFilingYear_Page/select_FilingYear' 

2024-11-12 18:23:05 - [TEST_STEP][PASSED] - setText(findTestObject(orPath_TaxPayer + "/input_businessName"), " "): Text ' ' is set on object 'Object Repository/RAD_Pages/Taxpayer_Page/input_businessName'

2024-11-12 18:23:06 - [MESSAGE][PASSED] - Text ' ' is set on object 'Object Repository/RAD_Pages/Taxpayer_Page/input_businessName'

2024-11-12 18:23:06 - [TEST_STEP][PASSED] - setText(findTestObject(orPath_TaxPayer + "/input_BusinessRepfirstName"), " "): Text ' ' is set on object 'Object Repository/RAD_Pages/Taxpayer_Page/input_BusinessRepfirstName'

2024-11-12 18:23:07 - [MESSAGE][PASSED] - Text ' ' is set on object 'Object Repository/RAD_Pages/Taxpayer_Page/input_BusinessRepfirstName'

2024-11-12 18:23:07 - [TEST_STEP][PASSED] - setText(findTestObject(orPath_TaxPayer + "/input_BusinessReplastName"), " "): Text ' ' is set on object 'Object Repository/RAD_Pages/Taxpayer_Page/input_BusinessReplastName'

2024-11-12 18:23:07 - [MESSAGE][PASSED] - Text ' ' is set on object 'Object Repository/RAD_Pages/Taxpayer_Page/input_BusinessReplastName'

2024-11-12 18:23:07 - [TEST_STEP][PASSED] - setText(findTestObject(orPath_AddressContact + "/input_streetAddress1"), " "): Text ' ' is set on object 'Object Repository/RAD_Pages/AddressAndContactInfo_Page/input_streetAddress1'

2024-11-12 18:23:08 - [MESSAGE][PASSED] - Text ' ' is set on object 'Object Repository/RAD_Pages/AddressAndContactInfo_Page/input_streetAddress1'

2024-11-12 18:23:08 - [TEST_STEP][PASSED] - setText(findTestObject(orPath_AddressContact + "/input_city"), " "): Text ' ' is set on object 'Object Repository/RAD_Pages/AddressAndContactInfo_Page/input_city'

2024-11-12 18:23:09 - [MESSAGE][PASSED] - Text ' ' is set on object 'Object Repository/RAD_Pages/AddressAndContactInfo_Page/input_city'

2024-11-12 18:23:09 - [TEST_STEP][PASSED] - setText(findTestObject(orPath_AddressContact + "/input_zipCode"), " "): Text ' ' is set on object 'Object Repository/RAD_Pages/AddressAndContactInfo_Page/input_zipCode'

2024-11-12 18:23:10 - [MESSAGE][PASSED] - Text ' ' is set on object 'Object Repository/RAD_Pages/AddressAndContactInfo_Page/input_zipCode'

2024-11-12 18:23:10 - [TEST_STEP][PASSED] - setText(findTestObject(orPath_AddressContact + "/input_phoneNumber"), " "): Text ' ' is set on object 'Object Repository/RAD_Pages/AddressAndContactInfo_Page/input_phoneNumber'

2024-11-12 18:23:11 - [MESSAGE][PASSED] - Text ' ' is set on object 'Object Repository/RAD_Pages/AddressAndContactInfo_Page/input_phoneNumber'

2024-11-12 18:23:11 - [TEST_STEP][PASSED] - setText(findTestObject(orPath_AddressContact + "/input_eMailAddress"), " "): Text ' ' is set on object 'Object Repository/RAD_Pages/AddressAndContactInfo_Page/input_eMailAddress'

2024-11-12 18:23:12 - [MESSAGE][PASSED] - Text ' ' is set on object 'Object Repository/RAD_Pages/AddressAndContactInfo_Page/input_eMailAddress'

2024-11-12 18:23:12 - [TEST_STEP][PASSED] - setText(findTestObject(orPath_AddressContact + "/input_reEnterEMailAddress"), " "): Text ' ' is set on object 'Object Repository/RAD_Pages/AddressAndContactInfo_Page/input_reEnterEMailAddress'

2024-11-12 18:23:12 - [MESSAGE][PASSED] - Text ' ' is set on object 'Object Repository/RAD_Pages/AddressAndContactInfo_Page/input_reEnterEMailAddress'

2024-11-12 18:23:12 - [TEST_STEP][PASSED] - if (TaxType.equalsIgnoreCase("Estate Tax")): null

2024-11-12 18:23:12 - [TEST_STEP][PASSED] - setText(findTestObject(orPath_Amount + "/input__paymentAmount"), ""): Text '' is set on object 'Object Repository/RAD_Pages/PaymentAmount_Page/input__paymentAmount'

2024-11-12 18:23:13 - [MESSAGE][PASSED] - Text '' is set on object 'Object Repository/RAD_Pages/PaymentAmount_Page/input__paymentAmount'

2024-11-12 18:23:13 - [TEST_STEP][PASSED] - resText = "Fail": null

2024-11-12 18:23:13 - [TEST_STEP][PASSED] - pages.WriteExcel.demoKey(resText, datText, resColumn, datCloumn, fileLoc, nameSheet, row): pages.WriteExcel.demoKey is PASSED

2024-11-12 18:23:13 - [MESSAGE][PASSED] - pages.WriteExcel.demoKey is PASSED

2024-11-12 18:23:13 - [TEST_STEP][PASSED] - verifyTextPresent("Enter business name", true, CONTINUE_ON_FAILURE): Text 'Enter business name' is present on page  using regular expression

2024-11-12 18:23:14 - [MESSAGE][PASSED] - Text 'Enter business name' is present on page  using regular expression

2024-11-12 18:23:14 - [TEST_STEP][PASSED] - verifyTextPresent("Enter business rep first name", true, CONTINUE_ON_FAILURE): Text 'Enter business rep first name' is present on page  using regular expression

2024-11-12 18:23:14 - [MESSAGE][PASSED] - Text 'Enter business rep first name' is present on page  using regular expression

2024-11-12 18:23:14 - [TEST_STEP][PASSED] - verifyTextPresent("Enter business rep last name", true, CONTINUE_ON_FAILURE): Text 'Enter business rep last name' is present on page  using regular expression

2024-11-12 18:23:15 - [MESSAGE][PASSED] - Text 'Enter business rep last name' is present on page  using regular expression

2024-11-12 18:23:15 - [TEST_STEP][PASSED] - verifyTextPresent("Enter address", true, CONTINUE_ON_FAILURE): Text 'Enter address' is present on page  using regular expression

2024-11-12 18:23:15 - [MESSAGE][PASSED] - Text 'Enter address' is present on page  using regular expression

2024-11-12 18:23:15 - [TEST_STEP][PASSED] - verifyTextPresent("Enter city", true, CONTINUE_ON_FAILURE): Text 'Enter city' is present on page  using regular expression

2024-11-12 18:23:15 - [MESSAGE][PASSED] - Text 'Enter city' is present on page  using regular expression

2024-11-12 18:23:15 - [TEST_STEP][PASSED] - verifyTextPresent("Enter ZIP code", true, CONTINUE_ON_FAILURE): Text 'Enter ZIP code' is present on page  using regular expression

2024-11-12 18:23:16 - [MESSAGE][PASSED] - Text 'Enter ZIP code' is present on page  using regular expression

2024-11-12 18:23:16 - [TEST_STEP][PASSED] - verifyTextPresent("Enter a valid phone number", true, CONTINUE_ON_FAILURE): Text 'Enter a valid phone number' is present on page  using regular expression

2024-11-12 18:23:16 - [MESSAGE][PASSED] - Text 'Enter a valid phone number' is present on page  using regular expression

2024-11-12 18:23:16 - [TEST_STEP][PASSED] - verifyTextPresent("Enter Email", true, CONTINUE_ON_FAILURE): Text 'Enter Email' is present on page  using regular expression

2024-11-12 18:23:16 - [MESSAGE][PASSED] - Text 'Enter Email' is present on page  using regular expression

2024-11-12 18:23:16 - [TEST_STEP][PASSED] - if (CRN.equalsIgnoreCase("Y")): null

2024-11-12 18:23:16 - [TEST_STEP][PASSED] - if (MFLicNum.equalsIgnoreCase("Y")): null

2024-11-12 18:23:16 - [TEST_STEP][PASSED] - resText = "Pass": null

2024-11-12 18:23:16 - [TEST_STEP][PASSED] - pages.WriteExcel.demoKey(resText, datText, resColumn, datCloumn, fileLoc, nameSheet, row): pages.WriteExcel.demoKey is PASSED

2024-11-12 18:23:16 - [MESSAGE][PASSED] - pages.WriteExcel.demoKey is PASSED

2024-11-12 18:23:16 - [TEST_STEP][PASSED] - ExecuteTC = findTestData(dataFile).getValue("Execute", row): null

2024-11-12 18:23:16 - [TEST_STEP][PASSED] - TaxType = findTestData(dataFile).getValue("TaxType", row): null

2024-11-12 18:23:16 - [TEST_STEP][PASSED] - PaymentType = findTestData(dataFile).getValue("PaymentType", row): null

2024-11-12 18:23:17 - [TEST_STEP][PASSED] - FilingYear = findTestData(dataFile).getValue("Year", row): null

2024-11-12 18:23:17 - [TEST_STEP][PASSED] - feinSSN = findTestData(dataFile).getValue("FeinSsn", row): null

2024-11-12 18:23:17 - [TEST_STEP][PASSED] - CRN = findTestData(dataFile).getValue("CRN", row): null

2024-11-12 18:23:17 - [TEST_STEP][PASSED] - MFLicNum = findTestData(dataFile).getValue("MFLicNum", row): null

2024-11-12 18:23:17 - [TEST_STEP][PASSED] - if (ExecuteTC.equalsIgnoreCase("Y")): pages.WriteExcel.demoKey is PASSED

2024-11-12 18:23:17 - [TEST_STEP][PASSED] - out.println("Begin Record Number: " + row): null

2024-11-12 18:23:17 - [TEST_STEP][PASSED] - today = new java.util.Date(): null

2024-11-12 18:23:17 - [TEST_STEP][PASSED] - println(today): null

2024-11-12 18:23:17 - [TEST_STEP][PASSED] - datText = today: null

2024-11-12 18:23:17 - [TEST_STEP][PASSED] - logInfo("Payment Type: New Tax Return Amount Due"): Payment Type: New Tax Return Amount Due

2024-11-12 18:23:17 - [MESSAGE][INFO] - Payment Type: New Tax Return Amount Due

2024-11-12 18:23:17 - [TEST_STEP][PASSED] - logInfo("Tax Type: " + TaxType): Tax Type: PTE Non-Electing S Corp

2024-11-12 18:23:17 - [MESSAGE][INFO] - Tax Type: PTE Non-Electing S Corp

2024-11-12 18:23:17 - [TEST_STEP][PASSED] - openBrowser(""): Browser is opened with url: ''

2024-11-12 18:23:17 - [MESSAGE][WARNING] - A browser is already opened. Closing browser and opening a new one

2024-11-12 18:23:18 - [MESSAGE][INFO] - Starting 'Chrome' driver

2024-11-12 18:23:18 - [MESSAGE][INFO] - User set preference: ['acceptInsecureCerts', 'true']

2024-11-12 18:23:18 - [MESSAGE][INFO] - Action delay is set to 0 milliseconds

2024-11-12 18:23:20 - [MESSAGE][PASSED] - Browser is opened with url: ''

2024-11-12 18:23:20 - [TEST_STEP][PASSED] - maximizeWindow(): Current window maximized

2024-11-12 18:23:20 - [MESSAGE][PASSED] - Current window maximized

2024-11-12 18:23:20 - [TEST_STEP][PASSED] - navigateToUrl(RADurl): Navigate to 'https://www.velocitypayment.com/client/rad/index.html' successfully

2024-11-12 18:23:22 - [MESSAGE][PASSED] - Navigate to 'https://www.velocitypayment.com/client/rad/index.html' successfully

2024-11-12 18:23:22 - [TEST_STEP][PASSED] - selectOptionByLabel(findTestObject(orPath_Landing + "/dd_TaxType"), "New Tax Return Amount Due", false): All options with label 'New Tax Return Amount Due' are selected in object 'Object Repository/RAD_Pages/Landing_Page/dd_TaxType' 

2024-11-12 18:23:23 - [MESSAGE][PASSED] - All options with label 'New Tax Return Amount Due' are selected in object 'Object Repository/RAD_Pages/Landing_Page/dd_TaxType' 

2024-11-12 18:23:23 - [TEST_STEP][PASSED] - selectOptionByLabel(findTestObject("Object Repository/RAD_Pages/Landing_Page/select_NewTaxReturnAmountDue_TaxType"), TaxType, false): All options with label 'PTE Non-Electing S Corp' are selected in object 'Object Repository/RAD_Pages/Landing_Page/select_NewTaxReturnAmountDue_TaxType' 

2024-11-12 18:23:23 - [MESSAGE][PASSED] - All options with label 'PTE Non-Electing S Corp' are selected in object 'Object Repository/RAD_Pages/Landing_Page/select_NewTaxReturnAmountDue_TaxType' 

2024-11-12 18:23:23 - [TEST_STEP][PASSED] - selectOptionByLabel(findTestObject(orPath_TaxTypeFilingYear + "/select_FilingYear"), FilingYear, false): All options with label '2021' are selected in object 'Object Repository/RAD_Pages/TaxTypeFilingYear_Page/select_FilingYear' 

2024-11-12 18:23:24 - [MESSAGE][PASSED] - All options with label '2021' are selected in object 'Object Repository/RAD_Pages/TaxTypeFilingYear_Page/select_FilingYear' 

2024-11-12 18:23:24 - [TEST_STEP][PASSED] - setText(findTestObject(orPath_TaxPayer + "/input_businessName"), " "): Text ' ' is set on object 'Object Repository/RAD_Pages/Taxpayer_Page/input_businessName'

2024-11-12 18:23:25 - [MESSAGE][PASSED] - Text ' ' is set on object 'Object Repository/RAD_Pages/Taxpayer_Page/input_businessName'

2024-11-12 18:23:25 - [TEST_STEP][PASSED] - setText(findTestObject(orPath_TaxPayer + "/input_BusinessRepfirstName"), " "): Text ' ' is set on object 'Object Repository/RAD_Pages/Taxpayer_Page/input_BusinessRepfirstName'

2024-11-12 18:23:25 - [MESSAGE][PASSED] - Text ' ' is set on object 'Object Repository/RAD_Pages/Taxpayer_Page/input_BusinessRepfirstName'

2024-11-12 18:23:25 - [TEST_STEP][PASSED] - setText(findTestObject(orPath_TaxPayer + "/input_BusinessReplastName"), " "): Text ' ' is set on object 'Object Repository/RAD_Pages/Taxpayer_Page/input_BusinessReplastName'

2024-11-12 18:23:26 - [MESSAGE][PASSED] - Text ' ' is set on object 'Object Repository/RAD_Pages/Taxpayer_Page/input_BusinessReplastName'

2024-11-12 18:23:26 - [TEST_STEP][PASSED] - setText(findTestObject(orPath_AddressContact + "/input_streetAddress1"), " "): Text ' ' is set on object 'Object Repository/RAD_Pages/AddressAndContactInfo_Page/input_streetAddress1'

2024-11-12 18:23:27 - [MESSAGE][PASSED] - Text ' ' is set on object 'Object Repository/RAD_Pages/AddressAndContactInfo_Page/input_streetAddress1'

2024-11-12 18:23:27 - [TEST_STEP][PASSED] - setText(findTestObject(orPath_AddressContact + "/input_city"), " "): Text ' ' is set on object 'Object Repository/RAD_Pages/AddressAndContactInfo_Page/input_city'

2024-11-12 18:23:28 - [MESSAGE][PASSED] - Text ' ' is set on object 'Object Repository/RAD_Pages/AddressAndContactInfo_Page/input_city'

2024-11-12 18:23:28 - [TEST_STEP][PASSED] - setText(findTestObject(orPath_AddressContact + "/input_zipCode"), " "): Text ' ' is set on object 'Object Repository/RAD_Pages/AddressAndContactInfo_Page/input_zipCode'

2024-11-12 18:23:28 - [MESSAGE][PASSED] - Text ' ' is set on object 'Object Repository/RAD_Pages/AddressAndContactInfo_Page/input_zipCode'

2024-11-12 18:23:28 - [TEST_STEP][PASSED] - setText(findTestObject(orPath_AddressContact + "/input_phoneNumber"), " "): Text ' ' is set on object 'Object Repository/RAD_Pages/AddressAndContactInfo_Page/input_phoneNumber'

2024-11-12 18:23:29 - [MESSAGE][PASSED] - Text ' ' is set on object 'Object Repository/RAD_Pages/AddressAndContactInfo_Page/input_phoneNumber'

2024-11-12 18:23:29 - [TEST_STEP][PASSED] - setText(findTestObject(orPath_AddressContact + "/input_eMailAddress"), " "): Text ' ' is set on object 'Object Repository/RAD_Pages/AddressAndContactInfo_Page/input_eMailAddress'

2024-11-12 18:23:30 - [MESSAGE][PASSED] - Text ' ' is set on object 'Object Repository/RAD_Pages/AddressAndContactInfo_Page/input_eMailAddress'

2024-11-12 18:23:30 - [TEST_STEP][PASSED] - setText(findTestObject(orPath_AddressContact + "/input_reEnterEMailAddress"), " "): Text ' ' is set on object 'Object Repository/RAD_Pages/AddressAndContactInfo_Page/input_reEnterEMailAddress'

2024-11-12 18:23:31 - [MESSAGE][PASSED] - Text ' ' is set on object 'Object Repository/RAD_Pages/AddressAndContactInfo_Page/input_reEnterEMailAddress'

2024-11-12 18:23:31 - [TEST_STEP][PASSED] - if (TaxType.equalsIgnoreCase("Estate Tax")): null

2024-11-12 18:23:31 - [TEST_STEP][PASSED] - setText(findTestObject(orPath_Amount + "/input__paymentAmount"), ""): Text '' is set on object 'Object Repository/RAD_Pages/PaymentAmount_Page/input__paymentAmount'

2024-11-12 18:23:32 - [MESSAGE][PASSED] - Text '' is set on object 'Object Repository/RAD_Pages/PaymentAmount_Page/input__paymentAmount'

2024-11-12 18:23:32 - [TEST_STEP][PASSED] - resText = "Fail": null

2024-11-12 18:23:32 - [TEST_STEP][PASSED] - pages.WriteExcel.demoKey(resText, datText, resColumn, datCloumn, fileLoc, nameSheet, row): pages.WriteExcel.demoKey is PASSED

2024-11-12 18:23:32 - [MESSAGE][PASSED] - pages.WriteExcel.demoKey is PASSED

2024-11-12 18:23:32 - [TEST_STEP][PASSED] - verifyTextPresent("Enter business name", true, CONTINUE_ON_FAILURE): Text 'Enter business name' is present on page  using regular expression

2024-11-12 18:23:32 - [MESSAGE][PASSED] - Text 'Enter business name' is present on page  using regular expression

2024-11-12 18:23:32 - [TEST_STEP][PASSED] - verifyTextPresent("Enter business rep first name", true, CONTINUE_ON_FAILURE): Text 'Enter business rep first name' is present on page  using regular expression

2024-11-12 18:23:32 - [MESSAGE][PASSED] - Text 'Enter business rep first name' is present on page  using regular expression

2024-11-12 18:23:32 - [TEST_STEP][PASSED] - verifyTextPresent("Enter business rep last name", true, CONTINUE_ON_FAILURE): Text 'Enter business rep last name' is present on page  using regular expression

2024-11-12 18:23:33 - [MESSAGE][PASSED] - Text 'Enter business rep last name' is present on page  using regular expression

2024-11-12 18:23:33 - [TEST_STEP][PASSED] - verifyTextPresent("Enter address", true, CONTINUE_ON_FAILURE): Text 'Enter address' is present on page  using regular expression

2024-11-12 18:23:33 - [MESSAGE][PASSED] - Text 'Enter address' is present on page  using regular expression

2024-11-12 18:23:33 - [TEST_STEP][PASSED] - verifyTextPresent("Enter city", true, CONTINUE_ON_FAILURE): Text 'Enter city' is present on page  using regular expression

2024-11-12 18:23:33 - [MESSAGE][PASSED] - Text 'Enter city' is present on page  using regular expression

2024-11-12 18:23:33 - [TEST_STEP][PASSED] - verifyTextPresent("Enter ZIP code", true, CONTINUE_ON_FAILURE): Text 'Enter ZIP code' is present on page  using regular expression

2024-11-12 18:23:34 - [MESSAGE][PASSED] - Text 'Enter ZIP code' is present on page  using regular expression

2024-11-12 18:23:34 - [TEST_STEP][PASSED] - verifyTextPresent("Enter a valid phone number", true, CONTINUE_ON_FAILURE): Text 'Enter a valid phone number' is present on page  using regular expression

2024-11-12 18:23:34 - [MESSAGE][PASSED] - Text 'Enter a valid phone number' is present on page  using regular expression

2024-11-12 18:23:34 - [TEST_STEP][PASSED] - verifyTextPresent("Enter Email", true, CONTINUE_ON_FAILURE): Text 'Enter Email' is present on page  using regular expression

2024-11-12 18:23:34 - [MESSAGE][PASSED] - Text 'Enter Email' is present on page  using regular expression

2024-11-12 18:23:34 - [TEST_STEP][PASSED] - if (CRN.equalsIgnoreCase("Y")): null

2024-11-12 18:23:34 - [TEST_STEP][PASSED] - if (MFLicNum.equalsIgnoreCase("Y")): null

2024-11-12 18:23:34 - [TEST_STEP][PASSED] - resText = "Pass": null

2024-11-12 18:23:34 - [TEST_STEP][PASSED] - pages.WriteExcel.demoKey(resText, datText, resColumn, datCloumn, fileLoc, nameSheet, row): pages.WriteExcel.demoKey is PASSED

2024-11-12 18:23:34 - [MESSAGE][PASSED] - pages.WriteExcel.demoKey is PASSED

2024-11-12 18:23:34 - [TEST_STEP][PASSED] - ExecuteTC = findTestData(dataFile).getValue("Execute", row): null

2024-11-12 18:23:35 - [TEST_STEP][PASSED] - TaxType = findTestData(dataFile).getValue("TaxType", row): null

2024-11-12 18:23:35 - [TEST_STEP][PASSED] - PaymentType = findTestData(dataFile).getValue("PaymentType", row): null

2024-11-12 18:23:35 - [TEST_STEP][PASSED] - FilingYear = findTestData(dataFile).getValue("Year", row): null

2024-11-12 18:23:35 - [TEST_STEP][PASSED] - feinSSN = findTestData(dataFile).getValue("FeinSsn", row): null

2024-11-12 18:23:35 - [TEST_STEP][PASSED] - CRN = findTestData(dataFile).getValue("CRN", row): null

2024-11-12 18:23:35 - [TEST_STEP][PASSED] - MFLicNum = findTestData(dataFile).getValue("MFLicNum", row): null

2024-11-12 18:23:35 - [TEST_STEP][PASSED] - if (ExecuteTC.equalsIgnoreCase("Y")): pages.WriteExcel.demoKey is PASSED

2024-11-12 18:23:35 - [TEST_STEP][PASSED] - out.println("Begin Record Number: " + row): null

2024-11-12 18:23:35 - [TEST_STEP][PASSED] - today = new java.util.Date(): null

2024-11-12 18:23:35 - [TEST_STEP][PASSED] - println(today): null

2024-11-12 18:23:35 - [TEST_STEP][PASSED] - datText = today: null

2024-11-12 18:23:35 - [TEST_STEP][PASSED] - logInfo("Payment Type: New Tax Return Amount Due"): Payment Type: New Tax Return Amount Due

2024-11-12 18:23:35 - [MESSAGE][INFO] - Payment Type: New Tax Return Amount Due

2024-11-12 18:23:35 - [TEST_STEP][PASSED] - logInfo("Tax Type: " + TaxType): Tax Type: PTE Tax Electing Non-S Corp

2024-11-12 18:23:35 - [MESSAGE][INFO] - Tax Type: PTE Tax Electing Non-S Corp

2024-11-12 18:23:35 - [TEST_STEP][PASSED] - openBrowser(""): Browser is opened with url: ''

2024-11-12 18:23:35 - [MESSAGE][WARNING] - A browser is already opened. Closing browser and opening a new one

2024-11-12 18:23:41 - [MESSAGE][INFO] - Starting 'Chrome' driver

2024-11-12 18:23:41 - [MESSAGE][INFO] - User set preference: ['acceptInsecureCerts', 'true']

2024-11-12 18:23:41 - [MESSAGE][INFO] - Action delay is set to 0 milliseconds

2024-11-12 18:23:43 - [MESSAGE][PASSED] - Browser is opened with url: ''

2024-11-12 18:23:43 - [TEST_STEP][PASSED] - maximizeWindow(): Current window maximized

2024-11-12 18:23:43 - [MESSAGE][PASSED] - Current window maximized

2024-11-12 18:23:43 - [TEST_STEP][PASSED] - navigateToUrl(RADurl): Navigate to 'https://www.velocitypayment.com/client/rad/index.html' successfully

2024-11-12 18:23:43 - [MESSAGE][PASSED] - Navigate to 'https://www.velocitypayment.com/client/rad/index.html' successfully

2024-11-12 18:23:43 - [TEST_STEP][PASSED] - selectOptionByLabel(findTestObject(orPath_Landing + "/dd_TaxType"), "New Tax Return Amount Due", false): All options with label 'New Tax Return Amount Due' are selected in object 'Object Repository/RAD_Pages/Landing_Page/dd_TaxType' 

2024-11-12 18:23:45 - [MESSAGE][PASSED] - All options with label 'New Tax Return Amount Due' are selected in object 'Object Repository/RAD_Pages/Landing_Page/dd_TaxType' 

2024-11-12 18:23:45 - [TEST_STEP][PASSED] - selectOptionByLabel(findTestObject("Object Repository/RAD_Pages/Landing_Page/select_NewTaxReturnAmountDue_TaxType"), TaxType, false): All options with label 'PTE Tax Electing Non-S Corp' are selected in object 'Object Repository/RAD_Pages/Landing_Page/select_NewTaxReturnAmountDue_TaxType' 

2024-11-12 18:23:46 - [MESSAGE][PASSED] - All options with label 'PTE Tax Electing Non-S Corp' are selected in object 'Object Repository/RAD_Pages/Landing_Page/select_NewTaxReturnAmountDue_TaxType' 

2024-11-12 18:23:46 - [TEST_STEP][PASSED] - selectOptionByLabel(findTestObject(orPath_TaxTypeFilingYear + "/select_FilingYear"), FilingYear, false): All options with label '2021' are selected in object 'Object Repository/RAD_Pages/TaxTypeFilingYear_Page/select_FilingYear' 

2024-11-12 18:23:46 - [MESSAGE][PASSED] - All options with label '2021' are selected in object 'Object Repository/RAD_Pages/TaxTypeFilingYear_Page/select_FilingYear' 

2024-11-12 18:23:46 - [TEST_STEP][PASSED] - setText(findTestObject(orPath_TaxPayer + "/input_businessName"), " "): Text ' ' is set on object 'Object Repository/RAD_Pages/Taxpayer_Page/input_businessName'

2024-11-12 18:23:47 - [MESSAGE][PASSED] - Text ' ' is set on object 'Object Repository/RAD_Pages/Taxpayer_Page/input_businessName'

2024-11-12 18:23:47 - [TEST_STEP][PASSED] - setText(findTestObject(orPath_TaxPayer + "/input_BusinessRepfirstName"), " "): Text ' ' is set on object 'Object Repository/RAD_Pages/Taxpayer_Page/input_BusinessRepfirstName'

2024-11-12 18:23:48 - [MESSAGE][PASSED] - Text ' ' is set on object 'Object Repository/RAD_Pages/Taxpayer_Page/input_BusinessRepfirstName'

2024-11-12 18:23:48 - [TEST_STEP][PASSED] - setText(findTestObject(orPath_TaxPayer + "/input_BusinessReplastName"), " "): Text ' ' is set on object 'Object Repository/RAD_Pages/Taxpayer_Page/input_BusinessReplastName'

2024-11-12 18:23:49 - [MESSAGE][PASSED] - Text ' ' is set on object 'Object Repository/RAD_Pages/Taxpayer_Page/input_BusinessReplastName'

2024-11-12 18:23:49 - [TEST_STEP][PASSED] - setText(findTestObject(orPath_AddressContact + "/input_streetAddress1"), " "): Text ' ' is set on object 'Object Repository/RAD_Pages/AddressAndContactInfo_Page/input_streetAddress1'

2024-11-12 18:23:50 - [MESSAGE][PASSED] - Text ' ' is set on object 'Object Repository/RAD_Pages/AddressAndContactInfo_Page/input_streetAddress1'

2024-11-12 18:23:50 - [TEST_STEP][PASSED] - setText(findTestObject(orPath_AddressContact + "/input_city"), " "): Text ' ' is set on object 'Object Repository/RAD_Pages/AddressAndContactInfo_Page/input_city'

2024-11-12 18:23:50 - [MESSAGE][PASSED] - Text ' ' is set on object 'Object Repository/RAD_Pages/AddressAndContactInfo_Page/input_city'

2024-11-12 18:23:50 - [TEST_STEP][PASSED] - setText(findTestObject(orPath_AddressContact + "/input_zipCode"), " "): Text ' ' is set on object 'Object Repository/RAD_Pages/AddressAndContactInfo_Page/input_zipCode'

2024-11-12 18:23:51 - [MESSAGE][PASSED] - Text ' ' is set on object 'Object Repository/RAD_Pages/AddressAndContactInfo_Page/input_zipCode'

2024-11-12 18:23:51 - [TEST_STEP][PASSED] - setText(findTestObject(orPath_AddressContact + "/input_phoneNumber"), " "): Text ' ' is set on object 'Object Repository/RAD_Pages/AddressAndContactInfo_Page/input_phoneNumber'

2024-11-12 18:23:52 - [MESSAGE][PASSED] - Text ' ' is set on object 'Object Repository/RAD_Pages/AddressAndContactInfo_Page/input_phoneNumber'

2024-11-12 18:23:52 - [TEST_STEP][PASSED] - setText(findTestObject(orPath_AddressContact + "/input_eMailAddress"), " "): Text ' ' is set on object 'Object Repository/RAD_Pages/AddressAndContactInfo_Page/input_eMailAddress'

2024-11-12 18:23:53 - [MESSAGE][PASSED] - Text ' ' is set on object 'Object Repository/RAD_Pages/AddressAndContactInfo_Page/input_eMailAddress'

2024-11-12 18:23:53 - [TEST_STEP][PASSED] - setText(findTestObject(orPath_AddressContact + "/input_reEnterEMailAddress"), " "): Text ' ' is set on object 'Object Repository/RAD_Pages/AddressAndContactInfo_Page/input_reEnterEMailAddress'

2024-11-12 18:23:54 - [MESSAGE][PASSED] - Text ' ' is set on object 'Object Repository/RAD_Pages/AddressAndContactInfo_Page/input_reEnterEMailAddress'

2024-11-12 18:23:54 - [TEST_STEP][PASSED] - if (TaxType.equalsIgnoreCase("Estate Tax")): null

2024-11-12 18:23:54 - [TEST_STEP][PASSED] - setText(findTestObject(orPath_Amount + "/input__paymentAmount"), ""): Text '' is set on object 'Object Repository/RAD_Pages/PaymentAmount_Page/input__paymentAmount'

2024-11-12 18:23:55 - [MESSAGE][PASSED] - Text '' is set on object 'Object Repository/RAD_Pages/PaymentAmount_Page/input__paymentAmount'

2024-11-12 18:23:55 - [TEST_STEP][PASSED] - resText = "Fail": null

2024-11-12 18:23:55 - [TEST_STEP][PASSED] - pages.WriteExcel.demoKey(resText, datText, resColumn, datCloumn, fileLoc, nameSheet, row): pages.WriteExcel.demoKey is PASSED

2024-11-12 18:23:55 - [MESSAGE][PASSED] - pages.WriteExcel.demoKey is PASSED

2024-11-12 18:23:55 - [TEST_STEP][PASSED] - verifyTextPresent("Enter business name", true, CONTINUE_ON_FAILURE): Text 'Enter business name' is present on page  using regular expression

2024-11-12 18:23:55 - [MESSAGE][PASSED] - Text 'Enter business name' is present on page  using regular expression

2024-11-12 18:23:55 - [TEST_STEP][PASSED] - verifyTextPresent("Enter business rep first name", true, CONTINUE_ON_FAILURE): Text 'Enter business rep first name' is present on page  using regular expression

2024-11-12 18:23:56 - [MESSAGE][PASSED] - Text 'Enter business rep first name' is present on page  using regular expression

2024-11-12 18:23:56 - [TEST_STEP][PASSED] - verifyTextPresent("Enter business rep last name", true, CONTINUE_ON_FAILURE): Text 'Enter business rep last name' is present on page  using regular expression

2024-11-12 18:23:56 - [MESSAGE][PASSED] - Text 'Enter business rep last name' is present on page  using regular expression

2024-11-12 18:23:56 - [TEST_STEP][PASSED] - verifyTextPresent("Enter address", true, CONTINUE_ON_FAILURE): Text 'Enter address' is present on page  using regular expression

2024-11-12 18:23:56 - [MESSAGE][PASSED] - Text 'Enter address' is present on page  using regular expression

2024-11-12 18:23:56 - [TEST_STEP][PASSED] - verifyTextPresent("Enter city", true, CONTINUE_ON_FAILURE): Text 'Enter city' is present on page  using regular expression

2024-11-12 18:23:57 - [MESSAGE][PASSED] - Text 'Enter city' is present on page  using regular expression

2024-11-12 18:23:57 - [TEST_STEP][PASSED] - verifyTextPresent("Enter ZIP code", true, CONTINUE_ON_FAILURE): Text 'Enter ZIP code' is present on page  using regular expression

2024-11-12 18:23:57 - [MESSAGE][PASSED] - Text 'Enter ZIP code' is present on page  using regular expression

2024-11-12 18:23:57 - [TEST_STEP][PASSED] - verifyTextPresent("Enter a valid phone number", true, CONTINUE_ON_FAILURE): Text 'Enter a valid phone number' is present on page  using regular expression

2024-11-12 18:23:57 - [MESSAGE][PASSED] - Text 'Enter a valid phone number' is present on page  using regular expression

2024-11-12 18:23:57 - [TEST_STEP][PASSED] - verifyTextPresent("Enter Email", true, CONTINUE_ON_FAILURE): Text 'Enter Email' is present on page  using regular expression

2024-11-12 18:23:58 - [MESSAGE][PASSED] - Text 'Enter Email' is present on page  using regular expression

2024-11-12 18:23:58 - [TEST_STEP][PASSED] - if (CRN.equalsIgnoreCase("Y")): null

2024-11-12 18:23:58 - [TEST_STEP][PASSED] - if (MFLicNum.equalsIgnoreCase("Y")): null

2024-11-12 18:23:58 - [TEST_STEP][PASSED] - resText = "Pass": null

2024-11-12 18:23:58 - [TEST_STEP][PASSED] - pages.WriteExcel.demoKey(resText, datText, resColumn, datCloumn, fileLoc, nameSheet, row): pages.WriteExcel.demoKey is PASSED

2024-11-12 18:23:58 - [MESSAGE][PASSED] - pages.WriteExcel.demoKey is PASSED

2024-11-12 18:23:58 - [TEST_STEP][PASSED] - ExecuteTC = findTestData(dataFile).getValue("Execute", row): null

2024-11-12 18:23:58 - [TEST_STEP][PASSED] - TaxType = findTestData(dataFile).getValue("TaxType", row): null

2024-11-12 18:23:58 - [TEST_STEP][PASSED] - PaymentType = findTestData(dataFile).getValue("PaymentType", row): null

2024-11-12 18:23:58 - [TEST_STEP][PASSED] - FilingYear = findTestData(dataFile).getValue("Year", row): null

2024-11-12 18:23:58 - [TEST_STEP][PASSED] - feinSSN = findTestData(dataFile).getValue("FeinSsn", row): null

2024-11-12 18:23:58 - [TEST_STEP][PASSED] - CRN = findTestData(dataFile).getValue("CRN", row): null

2024-11-12 18:23:58 - [TEST_STEP][PASSED] - MFLicNum = findTestData(dataFile).getValue("MFLicNum", row): null

2024-11-12 18:23:58 - [TEST_STEP][PASSED] - if (ExecuteTC.equalsIgnoreCase("Y")): pages.WriteExcel.demoKey is PASSED

2024-11-12 18:23:58 - [TEST_STEP][PASSED] - out.println("Begin Record Number: " + row): null

2024-11-12 18:23:58 - [TEST_STEP][PASSED] - today = new java.util.Date(): null

2024-11-12 18:23:58 - [TEST_STEP][PASSED] - println(today): null

2024-11-12 18:23:58 - [TEST_STEP][PASSED] - datText = today: null

2024-11-12 18:23:58 - [TEST_STEP][PASSED] - logInfo("Payment Type: New Tax Return Amount Due"): Payment Type: New Tax Return Amount Due

2024-11-12 18:23:58 - [MESSAGE][INFO] - Payment Type: New Tax Return Amount Due

2024-11-12 18:23:58 - [TEST_STEP][PASSED] - logInfo("Tax Type: " + TaxType): Tax Type: PTE Tax Electing S Corp

2024-11-12 18:23:58 - [MESSAGE][INFO] - Tax Type: PTE Tax Electing S Corp

2024-11-12 18:23:58 - [TEST_STEP][PASSED] - openBrowser(""): Browser is opened with url: ''

2024-11-12 18:23:58 - [MESSAGE][WARNING] - A browser is already opened. Closing browser and opening a new one

2024-11-12 18:24:00 - [MESSAGE][INFO] - Starting 'Chrome' driver

2024-11-12 18:24:00 - [MESSAGE][INFO] - User set preference: ['acceptInsecureCerts', 'true']

2024-11-12 18:24:00 - [MESSAGE][INFO] - Action delay is set to 0 milliseconds

2024-11-12 18:24:01 - [MESSAGE][PASSED] - Browser is opened with url: ''

2024-11-12 18:24:01 - [TEST_STEP][PASSED] - maximizeWindow(): Current window maximized

2024-11-12 18:24:01 - [MESSAGE][PASSED] - Current window maximized

2024-11-12 18:24:01 - [TEST_STEP][PASSED] - navigateToUrl(RADurl): Navigate to 'https://www.velocitypayment.com/client/rad/index.html' successfully

2024-11-12 18:24:03 - [MESSAGE][PASSED] - Navigate to 'https://www.velocitypayment.com/client/rad/index.html' successfully

2024-11-12 18:24:03 - [TEST_STEP][PASSED] - selectOptionByLabel(findTestObject(orPath_Landing + "/dd_TaxType"), "New Tax Return Amount Due", false): All options with label 'New Tax Return Amount Due' are selected in object 'Object Repository/RAD_Pages/Landing_Page/dd_TaxType' 

2024-11-12 18:24:04 - [MESSAGE][PASSED] - All options with label 'New Tax Return Amount Due' are selected in object 'Object Repository/RAD_Pages/Landing_Page/dd_TaxType' 

2024-11-12 18:24:04 - [TEST_STEP][PASSED] - selectOptionByLabel(findTestObject("Object Repository/RAD_Pages/Landing_Page/select_NewTaxReturnAmountDue_TaxType"), TaxType, false): All options with label 'PTE Tax Electing S Corp' are selected in object 'Object Repository/RAD_Pages/Landing_Page/select_NewTaxReturnAmountDue_TaxType' 

2024-11-12 18:24:05 - [MESSAGE][PASSED] - All options with label 'PTE Tax Electing S Corp' are selected in object 'Object Repository/RAD_Pages/Landing_Page/select_NewTaxReturnAmountDue_TaxType' 

2024-11-12 18:24:05 - [TEST_STEP][PASSED] - selectOptionByLabel(findTestObject(orPath_TaxTypeFilingYear + "/select_FilingYear"), FilingYear, false): All options with label '2021' are selected in object 'Object Repository/RAD_Pages/TaxTypeFilingYear_Page/select_FilingYear' 

2024-11-12 18:24:05 - [MESSAGE][PASSED] - All options with label '2021' are selected in object 'Object Repository/RAD_Pages/TaxTypeFilingYear_Page/select_FilingYear' 

2024-11-12 18:24:05 - [TEST_STEP][PASSED] - setText(findTestObject(orPath_TaxPayer + "/input_businessName"), " "): Text ' ' is set on object 'Object Repository/RAD_Pages/Taxpayer_Page/input_businessName'

2024-11-12 18:24:06 - [MESSAGE][PASSED] - Text ' ' is set on object 'Object Repository/RAD_Pages/Taxpayer_Page/input_businessName'

2024-11-12 18:24:06 - [TEST_STEP][PASSED] - setText(findTestObject(orPath_TaxPayer + "/input_BusinessRepfirstName"), " "): Text ' ' is set on object 'Object Repository/RAD_Pages/Taxpayer_Page/input_BusinessRepfirstName'

2024-11-12 18:24:07 - [MESSAGE][PASSED] - Text ' ' is set on object 'Object Repository/RAD_Pages/Taxpayer_Page/input_BusinessRepfirstName'

2024-11-12 18:24:07 - [TEST_STEP][PASSED] - setText(findTestObject(orPath_TaxPayer + "/input_BusinessReplastName"), " "): Text ' ' is set on object 'Object Repository/RAD_Pages/Taxpayer_Page/input_BusinessReplastName'

2024-11-12 18:24:07 - [MESSAGE][PASSED] - Text ' ' is set on object 'Object Repository/RAD_Pages/Taxpayer_Page/input_BusinessReplastName'

2024-11-12 18:24:07 - [TEST_STEP][PASSED] - setText(findTestObject(orPath_AddressContact + "/input_streetAddress1"), " "): Text ' ' is set on object 'Object Repository/RAD_Pages/AddressAndContactInfo_Page/input_streetAddress1'

2024-11-12 18:24:08 - [MESSAGE][PASSED] - Text ' ' is set on object 'Object Repository/RAD_Pages/AddressAndContactInfo_Page/input_streetAddress1'

2024-11-12 18:24:08 - [TEST_STEP][PASSED] - setText(findTestObject(orPath_AddressContact + "/input_city"), " "): Text ' ' is set on object 'Object Repository/RAD_Pages/AddressAndContactInfo_Page/input_city'

2024-11-12 18:24:09 - [MESSAGE][PASSED] - Text ' ' is set on object 'Object Repository/RAD_Pages/AddressAndContactInfo_Page/input_city'

2024-11-12 18:24:09 - [TEST_STEP][PASSED] - setText(findTestObject(orPath_AddressContact + "/input_zipCode"), " "): Text ' ' is set on object 'Object Repository/RAD_Pages/AddressAndContactInfo_Page/input_zipCode'

2024-11-12 18:24:10 - [MESSAGE][PASSED] - Text ' ' is set on object 'Object Repository/RAD_Pages/AddressAndContactInfo_Page/input_zipCode'

2024-11-12 18:24:10 - [TEST_STEP][PASSED] - setText(findTestObject(orPath_AddressContact + "/input_phoneNumber"), " "): Text ' ' is set on object 'Object Repository/RAD_Pages/AddressAndContactInfo_Page/input_phoneNumber'

2024-11-12 18:24:11 - [MESSAGE][PASSED] - Text ' ' is set on object 'Object Repository/RAD_Pages/AddressAndContactInfo_Page/input_phoneNumber'

2024-11-12 18:24:11 - [TEST_STEP][PASSED] - setText(findTestObject(orPath_AddressContact + "/input_eMailAddress"), " "): Text ' ' is set on object 'Object Repository/RAD_Pages/AddressAndContactInfo_Page/input_eMailAddress'

2024-11-12 18:24:11 - [MESSAGE][PASSED] - Text ' ' is set on object 'Object Repository/RAD_Pages/AddressAndContactInfo_Page/input_eMailAddress'

2024-11-12 18:24:11 - [TEST_STEP][PASSED] - setText(findTestObject(orPath_AddressContact + "/input_reEnterEMailAddress"), " "): Text ' ' is set on object 'Object Repository/RAD_Pages/AddressAndContactInfo_Page/input_reEnterEMailAddress'

2024-11-12 18:24:12 - [MESSAGE][PASSED] - Text ' ' is set on object 'Object Repository/RAD_Pages/AddressAndContactInfo_Page/input_reEnterEMailAddress'

2024-11-12 18:24:12 - [TEST_STEP][PASSED] - if (TaxType.equalsIgnoreCase("Estate Tax")): null

2024-11-12 18:24:12 - [TEST_STEP][PASSED] - setText(findTestObject(orPath_Amount + "/input__paymentAmount"), ""): Text '' is set on object 'Object Repository/RAD_Pages/PaymentAmount_Page/input__paymentAmount'

2024-11-12 18:24:13 - [MESSAGE][PASSED] - Text '' is set on object 'Object Repository/RAD_Pages/PaymentAmount_Page/input__paymentAmount'

2024-11-12 18:24:13 - [TEST_STEP][PASSED] - resText = "Fail": null

2024-11-12 18:24:13 - [TEST_STEP][PASSED] - pages.WriteExcel.demoKey(resText, datText, resColumn, datCloumn, fileLoc, nameSheet, row): pages.WriteExcel.demoKey is PASSED

2024-11-12 18:24:13 - [MESSAGE][PASSED] - pages.WriteExcel.demoKey is PASSED

2024-11-12 18:24:13 - [TEST_STEP][PASSED] - verifyTextPresent("Enter business name", true, CONTINUE_ON_FAILURE): Text 'Enter business name' is present on page  using regular expression

2024-11-12 18:24:14 - [MESSAGE][PASSED] - Text 'Enter business name' is present on page  using regular expression

2024-11-12 18:24:14 - [TEST_STEP][PASSED] - verifyTextPresent("Enter business rep first name", true, CONTINUE_ON_FAILURE): Text 'Enter business rep first name' is present on page  using regular expression

2024-11-12 18:24:14 - [MESSAGE][PASSED] - Text 'Enter business rep first name' is present on page  using regular expression

2024-11-12 18:24:14 - [TEST_STEP][PASSED] - verifyTextPresent("Enter business rep last name", true, CONTINUE_ON_FAILURE): Text 'Enter business rep last name' is present on page  using regular expression

2024-11-12 18:24:14 - [MESSAGE][PASSED] - Text 'Enter business rep last name' is present on page  using regular expression

2024-11-12 18:24:14 - [TEST_STEP][PASSED] - verifyTextPresent("Enter address", true, CONTINUE_ON_FAILURE): Text 'Enter address' is present on page  using regular expression

2024-11-12 18:24:15 - [MESSAGE][PASSED] - Text 'Enter address' is present on page  using regular expression

2024-11-12 18:24:15 - [TEST_STEP][PASSED] - verifyTextPresent("Enter city", true, CONTINUE_ON_FAILURE): Text 'Enter city' is present on page  using regular expression

2024-11-12 18:24:15 - [MESSAGE][PASSED] - Text 'Enter city' is present on page  using regular expression

2024-11-12 18:24:15 - [TEST_STEP][PASSED] - verifyTextPresent("Enter ZIP code", true, CONTINUE_ON_FAILURE): Text 'Enter ZIP code' is present on page  using regular expression

2024-11-12 18:24:15 - [MESSAGE][PASSED] - Text 'Enter ZIP code' is present on page  using regular expression

2024-11-12 18:24:15 - [TEST_STEP][PASSED] - verifyTextPresent("Enter a valid phone number", true, CONTINUE_ON_FAILURE): Text 'Enter a valid phone number' is present on page  using regular expression

2024-11-12 18:24:16 - [MESSAGE][PASSED] - Text 'Enter a valid phone number' is present on page  using regular expression

2024-11-12 18:24:16 - [TEST_STEP][PASSED] - verifyTextPresent("Enter Email", true, CONTINUE_ON_FAILURE): Text 'Enter Email' is present on page  using regular expression

2024-11-12 18:24:16 - [MESSAGE][PASSED] - Text 'Enter Email' is present on page  using regular expression

2024-11-12 18:24:16 - [TEST_STEP][PASSED] - if (CRN.equalsIgnoreCase("Y")): null

2024-11-12 18:24:16 - [TEST_STEP][PASSED] - if (MFLicNum.equalsIgnoreCase("Y")): null

2024-11-12 18:24:16 - [TEST_STEP][PASSED] - resText = "Pass": null

2024-11-12 18:24:16 - [TEST_STEP][PASSED] - pages.WriteExcel.demoKey(resText, datText, resColumn, datCloumn, fileLoc, nameSheet, row): pages.WriteExcel.demoKey is PASSED

2024-11-12 18:24:16 - [MESSAGE][PASSED] - pages.WriteExcel.demoKey is PASSED

2024-11-12 18:24:16 - [TEST_STEP][PASSED] - ExecuteTC = findTestData(dataFile).getValue("Execute", row): null

2024-11-12 18:24:16 - [TEST_STEP][PASSED] - TaxType = findTestData(dataFile).getValue("TaxType", row): null

2024-11-12 18:24:16 - [TEST_STEP][PASSED] - PaymentType = findTestData(dataFile).getValue("PaymentType", row): null

2024-11-12 18:24:16 - [TEST_STEP][PASSED] - FilingYear = findTestData(dataFile).getValue("Year", row): null

2024-11-12 18:24:16 - [TEST_STEP][PASSED] - feinSSN = findTestData(dataFile).getValue("FeinSsn", row): null

2024-11-12 18:24:16 - [TEST_STEP][PASSED] - CRN = findTestData(dataFile).getValue("CRN", row): null

2024-11-12 18:24:16 - [TEST_STEP][PASSED] - MFLicNum = findTestData(dataFile).getValue("MFLicNum", row): null

2024-11-12 18:24:17 - [TEST_STEP][PASSED] - if (ExecuteTC.equalsIgnoreCase("Y")): pages.WriteExcel.demoKey is PASSED

2024-11-12 18:24:17 - [TEST_STEP][PASSED] - out.println("Begin Record Number: " + row): null

2024-11-12 18:24:17 - [TEST_STEP][PASSED] - today = new java.util.Date(): null

2024-11-12 18:24:17 - [TEST_STEP][PASSED] - println(today): null

2024-11-12 18:24:17 - [TEST_STEP][PASSED] - datText = today: null

2024-11-12 18:24:17 - [TEST_STEP][PASSED] - logInfo("Payment Type: New Tax Return Amount Due"): Payment Type: New Tax Return Amount Due

2024-11-12 18:24:17 - [MESSAGE][INFO] - Payment Type: New Tax Return Amount Due

2024-11-12 18:24:17 - [TEST_STEP][PASSED] - logInfo("Tax Type: " + TaxType): Tax Type: Admissions and Amusement Tax

2024-11-12 18:24:17 - [MESSAGE][INFO] - Tax Type: Admissions and Amusement Tax

2024-11-12 18:24:17 - [TEST_STEP][PASSED] - openBrowser(""): Browser is opened with url: ''

2024-11-12 18:24:17 - [MESSAGE][WARNING] - A browser is already opened. Closing browser and opening a new one

2024-11-12 18:24:18 - [MESSAGE][INFO] - Starting 'Chrome' driver

2024-11-12 18:24:18 - [MESSAGE][INFO] - User set preference: ['acceptInsecureCerts', 'true']

2024-11-12 18:24:18 - [MESSAGE][INFO] - Action delay is set to 0 milliseconds

2024-11-12 18:24:20 - [MESSAGE][PASSED] - Browser is opened with url: ''

2024-11-12 18:24:20 - [TEST_STEP][PASSED] - maximizeWindow(): Current window maximized

2024-11-12 18:24:20 - [MESSAGE][PASSED] - Current window maximized

2024-11-12 18:24:20 - [TEST_STEP][PASSED] - navigateToUrl(RADurl): Navigate to 'https://www.velocitypayment.com/client/rad/index.html' successfully

2024-11-12 18:24:20 - [MESSAGE][PASSED] - Navigate to 'https://www.velocitypayment.com/client/rad/index.html' successfully

2024-11-12 18:24:20 - [TEST_STEP][PASSED] - selectOptionByLabel(findTestObject(orPath_Landing + "/dd_TaxType"), "New Tax Return Amount Due", false): All options with label 'New Tax Return Amount Due' are selected in object 'Object Repository/RAD_Pages/Landing_Page/dd_TaxType' 

2024-11-12 18:24:22 - [MESSAGE][PASSED] - All options with label 'New Tax Return Amount Due' are selected in object 'Object Repository/RAD_Pages/Landing_Page/dd_TaxType' 

2024-11-12 18:24:22 - [TEST_STEP][PASSED] - selectOptionByLabel(findTestObject("Object Repository/RAD_Pages/Landing_Page/select_NewTaxReturnAmountDue_TaxType"), TaxType, false): All options with label 'Admissions and Amusement Tax' are selected in object 'Object Repository/RAD_Pages/Landing_Page/select_NewTaxReturnAmountDue_TaxType' 

2024-11-12 18:24:23 - [MESSAGE][PASSED] - All options with label 'Admissions and Amusement Tax' are selected in object 'Object Repository/RAD_Pages/Landing_Page/select_NewTaxReturnAmountDue_TaxType' 

2024-11-12 18:24:23 - [TEST_STEP][PASSED] - selectOptionByLabel(findTestObject(orPath_TaxTypeFilingYear + "/select_FilingYear"), FilingYear, false): All options with label '2024' are selected in object 'Object Repository/RAD_Pages/TaxTypeFilingYear_Page/select_FilingYear' 

2024-11-12 18:24:24 - [MESSAGE][PASSED] - All options with label '2024' are selected in object 'Object Repository/RAD_Pages/TaxTypeFilingYear_Page/select_FilingYear' 

2024-11-12 18:24:24 - [TEST_STEP][PASSED] - setText(findTestObject(orPath_TaxPayer + "/input_businessName"), " "): Text ' ' is set on object 'Object Repository/RAD_Pages/Taxpayer_Page/input_businessName'

2024-11-12 18:24:25 - [MESSAGE][PASSED] - Text ' ' is set on object 'Object Repository/RAD_Pages/Taxpayer_Page/input_businessName'

2024-11-12 18:24:25 - [TEST_STEP][PASSED] - setText(findTestObject(orPath_TaxPayer + "/input_BusinessRepfirstName"), " "): Text ' ' is set on object 'Object Repository/RAD_Pages/Taxpayer_Page/input_BusinessRepfirstName'

2024-11-12 18:24:25 - [MESSAGE][PASSED] - Text ' ' is set on object 'Object Repository/RAD_Pages/Taxpayer_Page/input_BusinessRepfirstName'

2024-11-12 18:24:25 - [TEST_STEP][PASSED] - setText(findTestObject(orPath_TaxPayer + "/input_BusinessReplastName"), " "): Text ' ' is set on object 'Object Repository/RAD_Pages/Taxpayer_Page/input_BusinessReplastName'

2024-11-12 18:24:26 - [MESSAGE][PASSED] - Text ' ' is set on object 'Object Repository/RAD_Pages/Taxpayer_Page/input_BusinessReplastName'

2024-11-12 18:24:26 - [TEST_STEP][PASSED] - setText(findTestObject(orPath_AddressContact + "/input_streetAddress1"), " "): Text ' ' is set on object 'Object Repository/RAD_Pages/AddressAndContactInfo_Page/input_streetAddress1'

2024-11-12 18:24:27 - [MESSAGE][PASSED] - Text ' ' is set on object 'Object Repository/RAD_Pages/AddressAndContactInfo_Page/input_streetAddress1'

2024-11-12 18:24:27 - [TEST_STEP][PASSED] - setText(findTestObject(orPath_AddressContact + "/input_city"), " "): Text ' ' is set on object 'Object Repository/RAD_Pages/AddressAndContactInfo_Page/input_city'

2024-11-12 18:24:27 - [MESSAGE][PASSED] - Text ' ' is set on object 'Object Repository/RAD_Pages/AddressAndContactInfo_Page/input_city'

2024-11-12 18:24:27 - [TEST_STEP][PASSED] - setText(findTestObject(orPath_AddressContact + "/input_zipCode"), " "): Text ' ' is set on object 'Object Repository/RAD_Pages/AddressAndContactInfo_Page/input_zipCode'

2024-11-12 18:24:28 - [MESSAGE][PASSED] - Text ' ' is set on object 'Object Repository/RAD_Pages/AddressAndContactInfo_Page/input_zipCode'

2024-11-12 18:24:28 - [TEST_STEP][PASSED] - setText(findTestObject(orPath_AddressContact + "/input_phoneNumber"), " "): Text ' ' is set on object 'Object Repository/RAD_Pages/AddressAndContactInfo_Page/input_phoneNumber'

2024-11-12 18:24:29 - [MESSAGE][PASSED] - Text ' ' is set on object 'Object Repository/RAD_Pages/AddressAndContactInfo_Page/input_phoneNumber'

2024-11-12 18:24:29 - [TEST_STEP][PASSED] - setText(findTestObject(orPath_AddressContact + "/input_eMailAddress"), " "): Text ' ' is set on object 'Object Repository/RAD_Pages/AddressAndContactInfo_Page/input_eMailAddress'

2024-11-12 18:24:30 - [MESSAGE][PASSED] - Text ' ' is set on object 'Object Repository/RAD_Pages/AddressAndContactInfo_Page/input_eMailAddress'

2024-11-12 18:24:30 - [TEST_STEP][PASSED] - setText(findTestObject(orPath_AddressContact + "/input_reEnterEMailAddress"), " "): Text ' ' is set on object 'Object Repository/RAD_Pages/AddressAndContactInfo_Page/input_reEnterEMailAddress'

2024-11-12 18:24:31 - [MESSAGE][PASSED] - Text ' ' is set on object 'Object Repository/RAD_Pages/AddressAndContactInfo_Page/input_reEnterEMailAddress'

2024-11-12 18:24:31 - [TEST_STEP][PASSED] - if (TaxType.equalsIgnoreCase("Estate Tax")): null

2024-11-12 18:24:31 - [TEST_STEP][PASSED] - setText(findTestObject(orPath_Amount + "/input__paymentAmount"), ""): Text '' is set on object 'Object Repository/RAD_Pages/PaymentAmount_Page/input__paymentAmount'

2024-11-12 18:24:32 - [MESSAGE][PASSED] - Text '' is set on object 'Object Repository/RAD_Pages/PaymentAmount_Page/input__paymentAmount'

2024-11-12 18:24:32 - [TEST_STEP][PASSED] - resText = "Fail": null

2024-11-12 18:24:32 - [TEST_STEP][PASSED] - pages.WriteExcel.demoKey(resText, datText, resColumn, datCloumn, fileLoc, nameSheet, row): pages.WriteExcel.demoKey is PASSED

2024-11-12 18:24:32 - [MESSAGE][PASSED] - pages.WriteExcel.demoKey is PASSED

2024-11-12 18:24:32 - [TEST_STEP][PASSED] - verifyTextPresent("Enter business name", true, CONTINUE_ON_FAILURE): Text 'Enter business name' is present on page  using regular expression

2024-11-12 18:24:32 - [MESSAGE][PASSED] - Text 'Enter business name' is present on page  using regular expression

2024-11-12 18:24:32 - [TEST_STEP][PASSED] - verifyTextPresent("Enter business rep first name", true, CONTINUE_ON_FAILURE): Text 'Enter business rep first name' is present on page  using regular expression

2024-11-12 18:24:33 - [MESSAGE][PASSED] - Text 'Enter business rep first name' is present on page  using regular expression

2024-11-12 18:24:33 - [TEST_STEP][PASSED] - verifyTextPresent("Enter business rep last name", true, CONTINUE_ON_FAILURE): Text 'Enter business rep last name' is present on page  using regular expression

2024-11-12 18:24:33 - [MESSAGE][PASSED] - Text 'Enter business rep last name' is present on page  using regular expression

2024-11-12 18:24:33 - [TEST_STEP][PASSED] - verifyTextPresent("Enter address", true, CONTINUE_ON_FAILURE): Text 'Enter address' is present on page  using regular expression

2024-11-12 18:24:33 - [MESSAGE][PASSED] - Text 'Enter address' is present on page  using regular expression

2024-11-12 18:24:33 - [TEST_STEP][PASSED] - verifyTextPresent("Enter city", true, CONTINUE_ON_FAILURE): Text 'Enter city' is present on page  using regular expression

2024-11-12 18:24:34 - [MESSAGE][PASSED] - Text 'Enter city' is present on page  using regular expression

2024-11-12 18:24:34 - [TEST_STEP][PASSED] - verifyTextPresent("Enter ZIP code", true, CONTINUE_ON_FAILURE): Text 'Enter ZIP code' is present on page  using regular expression

2024-11-12 18:24:34 - [MESSAGE][PASSED] - Text 'Enter ZIP code' is present on page  using regular expression

2024-11-12 18:24:34 - [TEST_STEP][PASSED] - verifyTextPresent("Enter a valid phone number", true, CONTINUE_ON_FAILURE): Text 'Enter a valid phone number' is present on page  using regular expression

2024-11-12 18:24:34 - [MESSAGE][PASSED] - Text 'Enter a valid phone number' is present on page  using regular expression

2024-11-12 18:24:34 - [TEST_STEP][PASSED] - verifyTextPresent("Enter Email", true, CONTINUE_ON_FAILURE): Text 'Enter Email' is present on page  using regular expression

2024-11-12 18:24:35 - [MESSAGE][PASSED] - Text 'Enter Email' is present on page  using regular expression

2024-11-12 18:24:35 - [TEST_STEP][PASSED] - if (CRN.equalsIgnoreCase("Y")): Text 'Enter valid MD Central Registration Number' is present on page  using regular expression

2024-11-12 18:24:35 - [TEST_STEP][PASSED] - setText(findTestObject(orPath_TaxInfo + "/input_MDCRegistration"), " "): Text ' ' is set on object 'Object Repository/RAD_Pages/TaxInfo_Page/input_MDCRegistration'

2024-11-12 18:24:35 - [MESSAGE][PASSED] - Text ' ' is set on object 'Object Repository/RAD_Pages/TaxInfo_Page/input_MDCRegistration'

2024-11-12 18:24:35 - [TEST_STEP][PASSED] - setText(findTestObject(orPath_Amount + "/input__paymentAmount"), ""): Text '' is set on object 'Object Repository/RAD_Pages/PaymentAmount_Page/input__paymentAmount'

2024-11-12 18:24:36 - [MESSAGE][PASSED] - Text '' is set on object 'Object Repository/RAD_Pages/PaymentAmount_Page/input__paymentAmount'

2024-11-12 18:24:36 - [TEST_STEP][PASSED] - verifyTextPresent("Enter valid MD Central Registration Number", true, CONTINUE_ON_FAILURE): Text 'Enter valid MD Central Registration Number' is present on page  using regular expression

2024-11-12 18:24:37 - [MESSAGE][PASSED] - Text 'Enter valid MD Central Registration Number' is present on page  using regular expression

2024-11-12 18:24:37 - [TEST_STEP][PASSED] - if (MFLicNum.equalsIgnoreCase("Y")): null

2024-11-12 18:24:37 - [TEST_STEP][PASSED] - resText = "Pass": null

2024-11-12 18:24:37 - [TEST_STEP][PASSED] - pages.WriteExcel.demoKey(resText, datText, resColumn, datCloumn, fileLoc, nameSheet, row): pages.WriteExcel.demoKey is PASSED

2024-11-12 18:24:37 - [MESSAGE][PASSED] - pages.WriteExcel.demoKey is PASSED

2024-11-12 18:24:37 - [TEST_STEP][PASSED] - ExecuteTC = findTestData(dataFile).getValue("Execute", row): null

2024-11-12 18:24:37 - [TEST_STEP][PASSED] - TaxType = findTestData(dataFile).getValue("TaxType", row): null

2024-11-12 18:24:37 - [TEST_STEP][PASSED] - PaymentType = findTestData(dataFile).getValue("PaymentType", row): null

2024-11-12 18:24:37 - [TEST_STEP][PASSED] - FilingYear = findTestData(dataFile).getValue("Year", row): null

2024-11-12 18:24:37 - [TEST_STEP][PASSED] - feinSSN = findTestData(dataFile).getValue("FeinSsn", row): null

2024-11-12 18:24:37 - [TEST_STEP][PASSED] - CRN = findTestData(dataFile).getValue("CRN", row): null

2024-11-12 18:24:37 - [TEST_STEP][PASSED] - MFLicNum = findTestData(dataFile).getValue("MFLicNum", row): null

2024-11-12 18:24:38 - [TEST_STEP][PASSED] - if (ExecuteTC.equalsIgnoreCase("Y")): pages.WriteExcel.demoKey is PASSED

2024-11-12 18:24:38 - [TEST_STEP][PASSED] - out.println("Begin Record Number: " + row): null

2024-11-12 18:24:38 - [TEST_STEP][PASSED] - today = new java.util.Date(): null

2024-11-12 18:24:38 - [TEST_STEP][PASSED] - println(today): null

2024-11-12 18:24:38 - [TEST_STEP][PASSED] - datText = today: null

2024-11-12 18:24:38 - [TEST_STEP][PASSED] - logInfo("Payment Type: New Tax Return Amount Due"): Payment Type: New Tax Return Amount Due

2024-11-12 18:24:38 - [MESSAGE][INFO] - Payment Type: New Tax Return Amount Due

2024-11-12 18:24:38 - [TEST_STEP][PASSED] - logInfo("Tax Type: " + TaxType): Tax Type: Alcohol Tax

2024-11-12 18:24:38 - [MESSAGE][INFO] - Tax Type: Alcohol Tax

2024-11-12 18:24:38 - [TEST_STEP][PASSED] - openBrowser(""): Browser is opened with url: ''

2024-11-12 18:24:38 - [MESSAGE][WARNING] - A browser is already opened. Closing browser and opening a new one

2024-11-12 18:24:41 - [MESSAGE][INFO] - Starting 'Chrome' driver

2024-11-12 18:24:41 - [MESSAGE][INFO] - User set preference: ['acceptInsecureCerts', 'true']

2024-11-12 18:24:41 - [MESSAGE][INFO] - Action delay is set to 0 milliseconds

2024-11-12 18:24:42 - [MESSAGE][PASSED] - Browser is opened with url: ''

2024-11-12 18:24:42 - [TEST_STEP][PASSED] - maximizeWindow(): Current window maximized

2024-11-12 18:24:43 - [MESSAGE][PASSED] - Current window maximized

2024-11-12 18:24:43 - [TEST_STEP][PASSED] - navigateToUrl(RADurl): Navigate to 'https://www.velocitypayment.com/client/rad/index.html' successfully

2024-11-12 18:24:43 - [MESSAGE][PASSED] - Navigate to 'https://www.velocitypayment.com/client/rad/index.html' successfully

2024-11-12 18:24:43 - [TEST_STEP][PASSED] - selectOptionByLabel(findTestObject(orPath_Landing + "/dd_TaxType"), "New Tax Return Amount Due", false): All options with label 'New Tax Return Amount Due' are selected in object 'Object Repository/RAD_Pages/Landing_Page/dd_TaxType' 

2024-11-12 18:24:45 - [MESSAGE][PASSED] - All options with label 'New Tax Return Amount Due' are selected in object 'Object Repository/RAD_Pages/Landing_Page/dd_TaxType' 

2024-11-12 18:24:45 - [TEST_STEP][PASSED] - selectOptionByLabel(findTestObject("Object Repository/RAD_Pages/Landing_Page/select_NewTaxReturnAmountDue_TaxType"), TaxType, false): All options with label 'Alcohol Tax' are selected in object 'Object Repository/RAD_Pages/Landing_Page/select_NewTaxReturnAmountDue_TaxType' 

2024-11-12 18:24:46 - [MESSAGE][PASSED] - All options with label 'Alcohol Tax' are selected in object 'Object Repository/RAD_Pages/Landing_Page/select_NewTaxReturnAmountDue_TaxType' 

2024-11-12 18:24:46 - [TEST_STEP][PASSED] - selectOptionByLabel(findTestObject(orPath_TaxTypeFilingYear + "/select_FilingYear"), FilingYear, false): All options with label '2024' are selected in object 'Object Repository/RAD_Pages/TaxTypeFilingYear_Page/select_FilingYear' 

2024-11-12 18:24:46 - [MESSAGE][PASSED] - All options with label '2024' are selected in object 'Object Repository/RAD_Pages/TaxTypeFilingYear_Page/select_FilingYear' 

2024-11-12 18:24:46 - [TEST_STEP][PASSED] - setText(findTestObject(orPath_TaxPayer + "/input_businessName"), " "): Text ' ' is set on object 'Object Repository/RAD_Pages/Taxpayer_Page/input_businessName'

2024-11-12 18:24:47 - [MESSAGE][PASSED] - Text ' ' is set on object 'Object Repository/RAD_Pages/Taxpayer_Page/input_businessName'

2024-11-12 18:24:47 - [TEST_STEP][PASSED] - setText(findTestObject(orPath_TaxPayer + "/input_BusinessRepfirstName"), " "): Text ' ' is set on object 'Object Repository/RAD_Pages/Taxpayer_Page/input_BusinessRepfirstName'

2024-11-12 18:24:48 - [MESSAGE][PASSED] - Text ' ' is set on object 'Object Repository/RAD_Pages/Taxpayer_Page/input_BusinessRepfirstName'

2024-11-12 18:24:48 - [TEST_STEP][PASSED] - setText(findTestObject(orPath_TaxPayer + "/input_BusinessReplastName"), " "): Text ' ' is set on object 'Object Repository/RAD_Pages/Taxpayer_Page/input_BusinessReplastName'

2024-11-12 18:24:48 - [MESSAGE][PASSED] - Text ' ' is set on object 'Object Repository/RAD_Pages/Taxpayer_Page/input_BusinessReplastName'

2024-11-12 18:24:48 - [TEST_STEP][PASSED] - setText(findTestObject(orPath_AddressContact + "/input_streetAddress1"), " "): Text ' ' is set on object 'Object Repository/RAD_Pages/AddressAndContactInfo_Page/input_streetAddress1'

2024-11-12 18:24:49 - [MESSAGE][PASSED] - Text ' ' is set on object 'Object Repository/RAD_Pages/AddressAndContactInfo_Page/input_streetAddress1'

2024-11-12 18:24:49 - [TEST_STEP][PASSED] - setText(findTestObject(orPath_AddressContact + "/input_city"), " "): Text ' ' is set on object 'Object Repository/RAD_Pages/AddressAndContactInfo_Page/input_city'

2024-11-12 18:24:50 - [MESSAGE][PASSED] - Text ' ' is set on object 'Object Repository/RAD_Pages/AddressAndContactInfo_Page/input_city'

2024-11-12 18:24:50 - [TEST_STEP][PASSED] - setText(findTestObject(orPath_AddressContact + "/input_zipCode"), " "): Text ' ' is set on object 'Object Repository/RAD_Pages/AddressAndContactInfo_Page/input_zipCode'

2024-11-12 18:24:51 - [MESSAGE][PASSED] - Text ' ' is set on object 'Object Repository/RAD_Pages/AddressAndContactInfo_Page/input_zipCode'

2024-11-12 18:24:51 - [TEST_STEP][PASSED] - setText(findTestObject(orPath_AddressContact + "/input_phoneNumber"), " "): Text ' ' is set on object 'Object Repository/RAD_Pages/AddressAndContactInfo_Page/input_phoneNumber'

2024-11-12 18:24:52 - [MESSAGE][PASSED] - Text ' ' is set on object 'Object Repository/RAD_Pages/AddressAndContactInfo_Page/input_phoneNumber'

2024-11-12 18:24:52 - [TEST_STEP][PASSED] - setText(findTestObject(orPath_AddressContact + "/input_eMailAddress"), " "): Text ' ' is set on object 'Object Repository/RAD_Pages/AddressAndContactInfo_Page/input_eMailAddress'

2024-11-12 18:24:52 - [MESSAGE][PASSED] - Text ' ' is set on object 'Object Repository/RAD_Pages/AddressAndContactInfo_Page/input_eMailAddress'

2024-11-12 18:24:52 - [TEST_STEP][PASSED] - setText(findTestObject(orPath_AddressContact + "/input_reEnterEMailAddress"), " "): Text ' ' is set on object 'Object Repository/RAD_Pages/AddressAndContactInfo_Page/input_reEnterEMailAddress'

2024-11-12 18:24:53 - [MESSAGE][PASSED] - Text ' ' is set on object 'Object Repository/RAD_Pages/AddressAndContactInfo_Page/input_reEnterEMailAddress'

2024-11-12 18:24:53 - [TEST_STEP][PASSED] - if (TaxType.equalsIgnoreCase("Estate Tax")): null

2024-11-12 18:24:53 - [TEST_STEP][PASSED] - setText(findTestObject(orPath_Amount + "/input__paymentAmount"), ""): Text '' is set on object 'Object Repository/RAD_Pages/PaymentAmount_Page/input__paymentAmount'

2024-11-12 18:24:54 - [MESSAGE][PASSED] - Text '' is set on object 'Object Repository/RAD_Pages/PaymentAmount_Page/input__paymentAmount'

2024-11-12 18:24:54 - [TEST_STEP][PASSED] - resText = "Fail": null

2024-11-12 18:24:54 - [TEST_STEP][PASSED] - pages.WriteExcel.demoKey(resText, datText, resColumn, datCloumn, fileLoc, nameSheet, row): pages.WriteExcel.demoKey is PASSED

2024-11-12 18:24:55 - [MESSAGE][PASSED] - pages.WriteExcel.demoKey is PASSED

2024-11-12 18:24:55 - [TEST_STEP][PASSED] - verifyTextPresent("Enter business name", true, CONTINUE_ON_FAILURE): Text 'Enter business name' is present on page  using regular expression

2024-11-12 18:24:55 - [MESSAGE][PASSED] - Text 'Enter business name' is present on page  using regular expression

2024-11-12 18:24:55 - [TEST_STEP][PASSED] - verifyTextPresent("Enter business rep first name", true, CONTINUE_ON_FAILURE): Text 'Enter business rep first name' is present on page  using regular expression

2024-11-12 18:24:55 - [MESSAGE][PASSED] - Text 'Enter business rep first name' is present on page  using regular expression

2024-11-12 18:24:55 - [TEST_STEP][PASSED] - verifyTextPresent("Enter business rep last name", true, CONTINUE_ON_FAILURE): Text 'Enter business rep last name' is present on page  using regular expression

2024-11-12 18:24:56 - [MESSAGE][PASSED] - Text 'Enter business rep last name' is present on page  using regular expression

2024-11-12 18:24:56 - [TEST_STEP][PASSED] - verifyTextPresent("Enter address", true, CONTINUE_ON_FAILURE): Text 'Enter address' is present on page  using regular expression

2024-11-12 18:24:56 - [MESSAGE][PASSED] - Text 'Enter address' is present on page  using regular expression

2024-11-12 18:24:56 - [TEST_STEP][PASSED] - verifyTextPresent("Enter city", true, CONTINUE_ON_FAILURE): Text 'Enter city' is present on page  using regular expression

2024-11-12 18:24:56 - [MESSAGE][PASSED] - Text 'Enter city' is present on page  using regular expression

2024-11-12 18:24:56 - [TEST_STEP][PASSED] - verifyTextPresent("Enter ZIP code", true, CONTINUE_ON_FAILURE): Text 'Enter ZIP code' is present on page  using regular expression

2024-11-12 18:24:57 - [MESSAGE][PASSED] - Text 'Enter ZIP code' is present on page  using regular expression

2024-11-12 18:24:57 - [TEST_STEP][PASSED] - verifyTextPresent("Enter a valid phone number", true, CONTINUE_ON_FAILURE): Text 'Enter a valid phone number' is present on page  using regular expression

2024-11-12 18:24:57 - [MESSAGE][PASSED] - Text 'Enter a valid phone number' is present on page  using regular expression

2024-11-12 18:24:57 - [TEST_STEP][PASSED] - verifyTextPresent("Enter Email", true, CONTINUE_ON_FAILURE): Text 'Enter Email' is present on page  using regular expression

2024-11-12 18:24:57 - [MESSAGE][PASSED] - Text 'Enter Email' is present on page  using regular expression

2024-11-12 18:24:57 - [TEST_STEP][PASSED] - if (CRN.equalsIgnoreCase("Y")): Text 'Enter valid MD Central Registration Number' is present on page  using regular expression

2024-11-12 18:24:57 - [TEST_STEP][PASSED] - setText(findTestObject(orPath_TaxInfo + "/input_MDCRegistration"), " "): Text ' ' is set on object 'Object Repository/RAD_Pages/TaxInfo_Page/input_MDCRegistration'

2024-11-12 18:24:58 - [MESSAGE][PASSED] - Text ' ' is set on object 'Object Repository/RAD_Pages/TaxInfo_Page/input_MDCRegistration'

2024-11-12 18:24:58 - [TEST_STEP][PASSED] - setText(findTestObject(orPath_Amount + "/input__paymentAmount"), ""): Text '' is set on object 'Object Repository/RAD_Pages/PaymentAmount_Page/input__paymentAmount'

2024-11-12 18:24:59 - [MESSAGE][PASSED] - Text '' is set on object 'Object Repository/RAD_Pages/PaymentAmount_Page/input__paymentAmount'

2024-11-12 18:24:59 - [TEST_STEP][PASSED] - verifyTextPresent("Enter valid MD Central Registration Number", true, CONTINUE_ON_FAILURE): Text 'Enter valid MD Central Registration Number' is present on page  using regular expression

2024-11-12 18:24:59 - [MESSAGE][PASSED] - Text 'Enter valid MD Central Registration Number' is present on page  using regular expression

2024-11-12 18:24:59 - [TEST_STEP][PASSED] - if (MFLicNum.equalsIgnoreCase("Y")): null

2024-11-12 18:24:59 - [TEST_STEP][PASSED] - resText = "Pass": null

2024-11-12 18:24:59 - [TEST_STEP][PASSED] - pages.WriteExcel.demoKey(resText, datText, resColumn, datCloumn, fileLoc, nameSheet, row): pages.WriteExcel.demoKey is PASSED

2024-11-12 18:24:59 - [MESSAGE][PASSED] - pages.WriteExcel.demoKey is PASSED

2024-11-12 18:24:59 - [TEST_STEP][PASSED] - ExecuteTC = findTestData(dataFile).getValue("Execute", row): null

2024-11-12 18:24:59 - [TEST_STEP][PASSED] - TaxType = findTestData(dataFile).getValue("TaxType", row): null

2024-11-12 18:24:59 - [TEST_STEP][PASSED] - PaymentType = findTestData(dataFile).getValue("PaymentType", row): null

2024-11-12 18:24:59 - [TEST_STEP][PASSED] - FilingYear = findTestData(dataFile).getValue("Year", row): null

2024-11-12 18:24:59 - [TEST_STEP][PASSED] - feinSSN = findTestData(dataFile).getValue("FeinSsn", row): null

2024-11-12 18:24:59 - [TEST_STEP][PASSED] - CRN = findTestData(dataFile).getValue("CRN", row): null

2024-11-12 18:24:59 - [TEST_STEP][PASSED] - MFLicNum = findTestData(dataFile).getValue("MFLicNum", row): null

2024-11-12 18:24:59 - [TEST_STEP][PASSED] - if (ExecuteTC.equalsIgnoreCase("Y")): pages.WriteExcel.demoKey is PASSED

2024-11-12 18:24:59 - [TEST_STEP][PASSED] - out.println("Begin Record Number: " + row): null

2024-11-12 18:24:59 - [TEST_STEP][PASSED] - today = new java.util.Date(): null

2024-11-12 18:24:59 - [TEST_STEP][PASSED] - println(today): null

2024-11-12 18:24:59 - [TEST_STEP][PASSED] - datText = today: null

2024-11-12 18:24:59 - [TEST_STEP][PASSED] - logInfo("Payment Type: New Tax Return Amount Due"): Payment Type: New Tax Return Amount Due

2024-11-12 18:24:59 - [MESSAGE][INFO] - Payment Type: New Tax Return Amount Due

2024-11-12 18:24:59 - [TEST_STEP][PASSED] - logInfo("Tax Type: " + TaxType): Tax Type: Bay Restoration Fee

2024-11-12 18:24:59 - [MESSAGE][INFO] - Tax Type: Bay Restoration Fee

2024-11-12 18:24:59 - [TEST_STEP][PASSED] - openBrowser(""): Browser is opened with url: ''

2024-11-12 18:24:59 - [MESSAGE][WARNING] - A browser is already opened. Closing browser and opening a new one

2024-11-12 18:25:01 - [MESSAGE][INFO] - Starting 'Chrome' driver

2024-11-12 18:25:01 - [MESSAGE][INFO] - User set preference: ['acceptInsecureCerts', 'true']

2024-11-12 18:25:01 - [MESSAGE][INFO] - Action delay is set to 0 milliseconds

2024-11-12 18:25:03 - [MESSAGE][PASSED] - Browser is opened with url: ''

2024-11-12 18:25:03 - [TEST_STEP][PASSED] - maximizeWindow(): Current window maximized

2024-11-12 18:25:03 - [MESSAGE][PASSED] - Current window maximized

2024-11-12 18:25:03 - [TEST_STEP][PASSED] - navigateToUrl(RADurl): Navigate to 'https://www.velocitypayment.com/client/rad/index.html' successfully

2024-11-12 18:25:05 - [MESSAGE][PASSED] - Navigate to 'https://www.velocitypayment.com/client/rad/index.html' successfully

2024-11-12 18:25:05 - [TEST_STEP][PASSED] - selectOptionByLabel(findTestObject(orPath_Landing + "/dd_TaxType"), "New Tax Return Amount Due", false): All options with label 'New Tax Return Amount Due' are selected in object 'Object Repository/RAD_Pages/Landing_Page/dd_TaxType' 

2024-11-12 18:25:05 - [MESSAGE][PASSED] - All options with label 'New Tax Return Amount Due' are selected in object 'Object Repository/RAD_Pages/Landing_Page/dd_TaxType' 

2024-11-12 18:25:05 - [TEST_STEP][PASSED] - selectOptionByLabel(findTestObject("Object Repository/RAD_Pages/Landing_Page/select_NewTaxReturnAmountDue_TaxType"), TaxType, false): All options with label 'Bay Restoration Fee' are selected in object 'Object Repository/RAD_Pages/Landing_Page/select_NewTaxReturnAmountDue_TaxType' 

2024-11-12 18:25:06 - [MESSAGE][PASSED] - All options with label 'Bay Restoration Fee' are selected in object 'Object Repository/RAD_Pages/Landing_Page/select_NewTaxReturnAmountDue_TaxType' 

2024-11-12 18:25:06 - [TEST_STEP][PASSED] - selectOptionByLabel(findTestObject(orPath_TaxTypeFilingYear + "/select_FilingYear"), FilingYear, false): All options with label '2024' are selected in object 'Object Repository/RAD_Pages/TaxTypeFilingYear_Page/select_FilingYear' 

2024-11-12 18:25:07 - [MESSAGE][PASSED] - All options with label '2024' are selected in object 'Object Repository/RAD_Pages/TaxTypeFilingYear_Page/select_FilingYear' 

2024-11-12 18:25:07 - [TEST_STEP][PASSED] - setText(findTestObject(orPath_TaxPayer + "/input_businessName"), " "): Text ' ' is set on object 'Object Repository/RAD_Pages/Taxpayer_Page/input_businessName'

2024-11-12 18:25:07 - [MESSAGE][PASSED] - Text ' ' is set on object 'Object Repository/RAD_Pages/Taxpayer_Page/input_businessName'

2024-11-12 18:25:07 - [TEST_STEP][PASSED] - setText(findTestObject(orPath_TaxPayer + "/input_BusinessRepfirstName"), " "): Text ' ' is set on object 'Object Repository/RAD_Pages/Taxpayer_Page/input_BusinessRepfirstName'

2024-11-12 18:25:08 - [MESSAGE][PASSED] - Text ' ' is set on object 'Object Repository/RAD_Pages/Taxpayer_Page/input_BusinessRepfirstName'

2024-11-12 18:25:08 - [TEST_STEP][PASSED] - setText(findTestObject(orPath_TaxPayer + "/input_BusinessReplastName"), " "): Text ' ' is set on object 'Object Repository/RAD_Pages/Taxpayer_Page/input_BusinessReplastName'

2024-11-12 18:25:09 - [MESSAGE][PASSED] - Text ' ' is set on object 'Object Repository/RAD_Pages/Taxpayer_Page/input_BusinessReplastName'

2024-11-12 18:25:09 - [TEST_STEP][PASSED] - setText(findTestObject(orPath_AddressContact + "/input_streetAddress1"), " "): Text ' ' is set on object 'Object Repository/RAD_Pages/AddressAndContactInfo_Page/input_streetAddress1'

2024-11-12 18:25:09 - [MESSAGE][PASSED] - Text ' ' is set on object 'Object Repository/RAD_Pages/AddressAndContactInfo_Page/input_streetAddress1'

2024-11-12 18:25:09 - [TEST_STEP][PASSED] - setText(findTestObject(orPath_AddressContact + "/input_city"), " "): Text ' ' is set on object 'Object Repository/RAD_Pages/AddressAndContactInfo_Page/input_city'

2024-11-12 18:25:10 - [MESSAGE][PASSED] - Text ' ' is set on object 'Object Repository/RAD_Pages/AddressAndContactInfo_Page/input_city'

2024-11-12 18:25:10 - [TEST_STEP][PASSED] - setText(findTestObject(orPath_AddressContact + "/input_zipCode"), " "): Text ' ' is set on object 'Object Repository/RAD_Pages/AddressAndContactInfo_Page/input_zipCode'

2024-11-12 18:25:11 - [MESSAGE][PASSED] - Text ' ' is set on object 'Object Repository/RAD_Pages/AddressAndContactInfo_Page/input_zipCode'

2024-11-12 18:25:11 - [TEST_STEP][PASSED] - setText(findTestObject(orPath_AddressContact + "/input_phoneNumber"), " "): Text ' ' is set on object 'Object Repository/RAD_Pages/AddressAndContactInfo_Page/input_phoneNumber'

2024-11-12 18:25:12 - [MESSAGE][PASSED] - Text ' ' is set on object 'Object Repository/RAD_Pages/AddressAndContactInfo_Page/input_phoneNumber'

2024-11-12 18:25:12 - [TEST_STEP][PASSED] - setText(findTestObject(orPath_AddressContact + "/input_eMailAddress"), " "): Text ' ' is set on object 'Object Repository/RAD_Pages/AddressAndContactInfo_Page/input_eMailAddress'

2024-11-12 18:25:13 - [MESSAGE][PASSED] - Text ' ' is set on object 'Object Repository/RAD_Pages/AddressAndContactInfo_Page/input_eMailAddress'

2024-11-12 18:25:13 - [TEST_STEP][PASSED] - setText(findTestObject(orPath_AddressContact + "/input_reEnterEMailAddress"), " "): Text ' ' is set on object 'Object Repository/RAD_Pages/AddressAndContactInfo_Page/input_reEnterEMailAddress'

2024-11-12 18:25:13 - [MESSAGE][PASSED] - Text ' ' is set on object 'Object Repository/RAD_Pages/AddressAndContactInfo_Page/input_reEnterEMailAddress'

2024-11-12 18:25:13 - [TEST_STEP][PASSED] - if (TaxType.equalsIgnoreCase("Estate Tax")): null

2024-11-12 18:25:13 - [TEST_STEP][PASSED] - setText(findTestObject(orPath_Amount + "/input__paymentAmount"), ""): Text '' is set on object 'Object Repository/RAD_Pages/PaymentAmount_Page/input__paymentAmount'

2024-11-12 18:25:14 - [MESSAGE][PASSED] - Text '' is set on object 'Object Repository/RAD_Pages/PaymentAmount_Page/input__paymentAmount'

2024-11-12 18:25:14 - [TEST_STEP][PASSED] - resText = "Fail": null

2024-11-12 18:25:14 - [TEST_STEP][PASSED] - pages.WriteExcel.demoKey(resText, datText, resColumn, datCloumn, fileLoc, nameSheet, row): pages.WriteExcel.demoKey is PASSED

2024-11-12 18:25:15 - [MESSAGE][PASSED] - pages.WriteExcel.demoKey is PASSED

2024-11-12 18:25:15 - [TEST_STEP][PASSED] - verifyTextPresent("Enter business name", true, CONTINUE_ON_FAILURE): Text 'Enter business name' is present on page  using regular expression

2024-11-12 18:25:15 - [MESSAGE][PASSED] - Text 'Enter business name' is present on page  using regular expression

2024-11-12 18:25:15 - [TEST_STEP][PASSED] - verifyTextPresent("Enter business rep first name", true, CONTINUE_ON_FAILURE): Text 'Enter business rep first name' is present on page  using regular expression

2024-11-12 18:25:16 - [MESSAGE][PASSED] - Text 'Enter business rep first name' is present on page  using regular expression

2024-11-12 18:25:16 - [TEST_STEP][PASSED] - verifyTextPresent("Enter business rep last name", true, CONTINUE_ON_FAILURE): Text 'Enter business rep last name' is present on page  using regular expression

2024-11-12 18:25:16 - [MESSAGE][PASSED] - Text 'Enter business rep last name' is present on page  using regular expression

2024-11-12 18:25:16 - [TEST_STEP][PASSED] - verifyTextPresent("Enter address", true, CONTINUE_ON_FAILURE): Text 'Enter address' is present on page  using regular expression

2024-11-12 18:25:16 - [MESSAGE][PASSED] - Text 'Enter address' is present on page  using regular expression

2024-11-12 18:25:16 - [TEST_STEP][PASSED] - verifyTextPresent("Enter city", true, CONTINUE_ON_FAILURE): Text 'Enter city' is present on page  using regular expression

2024-11-12 18:25:17 - [MESSAGE][PASSED] - Text 'Enter city' is present on page  using regular expression

2024-11-12 18:25:17 - [TEST_STEP][PASSED] - verifyTextPresent("Enter ZIP code", true, CONTINUE_ON_FAILURE): Text 'Enter ZIP code' is present on page  using regular expression

2024-11-12 18:25:17 - [MESSAGE][PASSED] - Text 'Enter ZIP code' is present on page  using regular expression

2024-11-12 18:25:17 - [TEST_STEP][PASSED] - verifyTextPresent("Enter a valid phone number", true, CONTINUE_ON_FAILURE): Text 'Enter a valid phone number' is present on page  using regular expression

2024-11-12 18:25:17 - [MESSAGE][PASSED] - Text 'Enter a valid phone number' is present on page  using regular expression

2024-11-12 18:25:17 - [TEST_STEP][PASSED] - verifyTextPresent("Enter Email", true, CONTINUE_ON_FAILURE): Text 'Enter Email' is present on page  using regular expression

2024-11-12 18:25:18 - [MESSAGE][PASSED] - Text 'Enter Email' is present on page  using regular expression

2024-11-12 18:25:18 - [TEST_STEP][PASSED] - if (CRN.equalsIgnoreCase("Y")): null

2024-11-12 18:25:18 - [TEST_STEP][PASSED] - if (MFLicNum.equalsIgnoreCase("Y")): null

2024-11-12 18:25:18 - [TEST_STEP][PASSED] - resText = "Pass": null

2024-11-12 18:25:18 - [TEST_STEP][PASSED] - pages.WriteExcel.demoKey(resText, datText, resColumn, datCloumn, fileLoc, nameSheet, row): pages.WriteExcel.demoKey is PASSED

2024-11-12 18:25:18 - [MESSAGE][PASSED] - pages.WriteExcel.demoKey is PASSED

2024-11-12 18:25:18 - [TEST_STEP][PASSED] - ExecuteTC = findTestData(dataFile).getValue("Execute", row): null

2024-11-12 18:25:18 - [TEST_STEP][PASSED] - TaxType = findTestData(dataFile).getValue("TaxType", row): null

2024-11-12 18:25:18 - [TEST_STEP][PASSED] - PaymentType = findTestData(dataFile).getValue("PaymentType", row): null

2024-11-12 18:25:18 - [TEST_STEP][PASSED] - FilingYear = findTestData(dataFile).getValue("Year", row): null

2024-11-12 18:25:18 - [TEST_STEP][PASSED] - feinSSN = findTestData(dataFile).getValue("FeinSsn", row): null

2024-11-12 18:25:18 - [TEST_STEP][PASSED] - CRN = findTestData(dataFile).getValue("CRN", row): null

2024-11-12 18:25:18 - [TEST_STEP][PASSED] - MFLicNum = findTestData(dataFile).getValue("MFLicNum", row): null

2024-11-12 18:25:18 - [TEST_STEP][PASSED] - if (ExecuteTC.equalsIgnoreCase("Y")): pages.WriteExcel.demoKey is PASSED

2024-11-12 18:25:18 - [TEST_STEP][PASSED] - out.println("Begin Record Number: " + row): null

2024-11-12 18:25:18 - [TEST_STEP][PASSED] - today = new java.util.Date(): null

2024-11-12 18:25:18 - [TEST_STEP][PASSED] - println(today): null

2024-11-12 18:25:18 - [TEST_STEP][PASSED] - datText = today: null

2024-11-12 18:25:18 - [TEST_STEP][PASSED] - logInfo("Payment Type: New Tax Return Amount Due"): Payment Type: New Tax Return Amount Due

2024-11-12 18:25:18 - [MESSAGE][INFO] - Payment Type: New Tax Return Amount Due

2024-11-12 18:25:18 - [TEST_STEP][PASSED] - logInfo("Tax Type: " + TaxType): Tax Type: Corporate Income Tax

2024-11-12 18:25:18 - [MESSAGE][INFO] - Tax Type: Corporate Income Tax

2024-11-12 18:25:18 - [TEST_STEP][PASSED] - openBrowser(""): Browser is opened with url: ''

2024-11-12 18:25:18 - [MESSAGE][WARNING] - A browser is already opened. Closing browser and opening a new one

2024-11-12 18:25:20 - [MESSAGE][INFO] - Starting 'Chrome' driver

2024-11-12 18:25:20 - [MESSAGE][INFO] - User set preference: ['acceptInsecureCerts', 'true']

2024-11-12 18:25:20 - [MESSAGE][INFO] - Action delay is set to 0 milliseconds

2024-11-12 18:25:21 - [MESSAGE][PASSED] - Browser is opened with url: ''

2024-11-12 18:25:21 - [TEST_STEP][PASSED] - maximizeWindow(): Current window maximized

2024-11-12 18:25:21 - [MESSAGE][PASSED] - Current window maximized

2024-11-12 18:25:21 - [TEST_STEP][PASSED] - navigateToUrl(RADurl): Navigate to 'https://www.velocitypayment.com/client/rad/index.html' successfully

2024-11-12 18:25:23 - [MESSAGE][PASSED] - Navigate to 'https://www.velocitypayment.com/client/rad/index.html' successfully

2024-11-12 18:25:23 - [TEST_STEP][PASSED] - selectOptionByLabel(findTestObject(orPath_Landing + "/dd_TaxType"), "New Tax Return Amount Due", false): All options with label 'New Tax Return Amount Due' are selected in object 'Object Repository/RAD_Pages/Landing_Page/dd_TaxType' 

2024-11-12 18:25:24 - [MESSAGE][PASSED] - All options with label 'New Tax Return Amount Due' are selected in object 'Object Repository/RAD_Pages/Landing_Page/dd_TaxType' 

2024-11-12 18:25:24 - [TEST_STEP][PASSED] - selectOptionByLabel(findTestObject("Object Repository/RAD_Pages/Landing_Page/select_NewTaxReturnAmountDue_TaxType"), TaxType, false): All options with label 'Corporate Income Tax' are selected in object 'Object Repository/RAD_Pages/Landing_Page/select_NewTaxReturnAmountDue_TaxType' 

2024-11-12 18:25:25 - [MESSAGE][PASSED] - All options with label 'Corporate Income Tax' are selected in object 'Object Repository/RAD_Pages/Landing_Page/select_NewTaxReturnAmountDue_TaxType' 

2024-11-12 18:25:25 - [TEST_STEP][PASSED] - selectOptionByLabel(findTestObject(orPath_TaxTypeFilingYear + "/select_FilingYear"), FilingYear, false): All options with label '2023' are selected in object 'Object Repository/RAD_Pages/TaxTypeFilingYear_Page/select_FilingYear' 

2024-11-12 18:25:25 - [MESSAGE][PASSED] - All options with label '2023' are selected in object 'Object Repository/RAD_Pages/TaxTypeFilingYear_Page/select_FilingYear' 

2024-11-12 18:25:25 - [TEST_STEP][PASSED] - setText(findTestObject(orPath_TaxPayer + "/input_businessName"), " "): Text ' ' is set on object 'Object Repository/RAD_Pages/Taxpayer_Page/input_businessName'

2024-11-12 18:25:26 - [MESSAGE][PASSED] - Text ' ' is set on object 'Object Repository/RAD_Pages/Taxpayer_Page/input_businessName'

2024-11-12 18:25:26 - [TEST_STEP][PASSED] - setText(findTestObject(orPath_TaxPayer + "/input_BusinessRepfirstName"), " "): Text ' ' is set on object 'Object Repository/RAD_Pages/Taxpayer_Page/input_BusinessRepfirstName'

2024-11-12 18:25:27 - [MESSAGE][PASSED] - Text ' ' is set on object 'Object Repository/RAD_Pages/Taxpayer_Page/input_BusinessRepfirstName'

2024-11-12 18:25:27 - [TEST_STEP][PASSED] - setText(findTestObject(orPath_TaxPayer + "/input_BusinessReplastName"), " "): Text ' ' is set on object 'Object Repository/RAD_Pages/Taxpayer_Page/input_BusinessReplastName'

2024-11-12 18:25:28 - [MESSAGE][PASSED] - Text ' ' is set on object 'Object Repository/RAD_Pages/Taxpayer_Page/input_BusinessReplastName'

2024-11-12 18:25:28 - [TEST_STEP][PASSED] - setText(findTestObject(orPath_AddressContact + "/input_streetAddress1"), " "): Text ' ' is set on object 'Object Repository/RAD_Pages/AddressAndContactInfo_Page/input_streetAddress1'

2024-11-12 18:25:29 - [MESSAGE][PASSED] - Text ' ' is set on object 'Object Repository/RAD_Pages/AddressAndContactInfo_Page/input_streetAddress1'

2024-11-12 18:25:29 - [TEST_STEP][PASSED] - setText(findTestObject(orPath_AddressContact + "/input_city"), " "): Text ' ' is set on object 'Object Repository/RAD_Pages/AddressAndContactInfo_Page/input_city'

2024-11-12 18:25:29 - [MESSAGE][PASSED] - Text ' ' is set on object 'Object Repository/RAD_Pages/AddressAndContactInfo_Page/input_city'

2024-11-12 18:25:29 - [TEST_STEP][PASSED] - setText(findTestObject(orPath_AddressContact + "/input_zipCode"), " "): Text ' ' is set on object 'Object Repository/RAD_Pages/AddressAndContactInfo_Page/input_zipCode'

2024-11-12 18:25:30 - [MESSAGE][PASSED] - Text ' ' is set on object 'Object Repository/RAD_Pages/AddressAndContactInfo_Page/input_zipCode'

2024-11-12 18:25:30 - [TEST_STEP][PASSED] - setText(findTestObject(orPath_AddressContact + "/input_phoneNumber"), " "): Text ' ' is set on object 'Object Repository/RAD_Pages/AddressAndContactInfo_Page/input_phoneNumber'

2024-11-12 18:25:31 - [MESSAGE][PASSED] - Text ' ' is set on object 'Object Repository/RAD_Pages/AddressAndContactInfo_Page/input_phoneNumber'

2024-11-12 18:25:31 - [TEST_STEP][PASSED] - setText(findTestObject(orPath_AddressContact + "/input_eMailAddress"), " "): Text ' ' is set on object 'Object Repository/RAD_Pages/AddressAndContactInfo_Page/input_eMailAddress'

2024-11-12 18:25:32 - [MESSAGE][PASSED] - Text ' ' is set on object 'Object Repository/RAD_Pages/AddressAndContactInfo_Page/input_eMailAddress'

2024-11-12 18:25:32 - [TEST_STEP][PASSED] - setText(findTestObject(orPath_AddressContact + "/input_reEnterEMailAddress"), " "): Text ' ' is set on object 'Object Repository/RAD_Pages/AddressAndContactInfo_Page/input_reEnterEMailAddress'

2024-11-12 18:25:33 - [MESSAGE][PASSED] - Text ' ' is set on object 'Object Repository/RAD_Pages/AddressAndContactInfo_Page/input_reEnterEMailAddress'

2024-11-12 18:25:33 - [TEST_STEP][PASSED] - if (TaxType.equalsIgnoreCase("Estate Tax")): null

2024-11-12 18:25:33 - [TEST_STEP][PASSED] - setText(findTestObject(orPath_Amount + "/input__paymentAmount"), ""): Text '' is set on object 'Object Repository/RAD_Pages/PaymentAmount_Page/input__paymentAmount'

2024-11-12 18:25:33 - [MESSAGE][PASSED] - Text '' is set on object 'Object Repository/RAD_Pages/PaymentAmount_Page/input__paymentAmount'

2024-11-12 18:25:33 - [TEST_STEP][PASSED] - resText = "Fail": null

2024-11-12 18:25:33 - [TEST_STEP][PASSED] - pages.WriteExcel.demoKey(resText, datText, resColumn, datCloumn, fileLoc, nameSheet, row): pages.WriteExcel.demoKey is PASSED

2024-11-12 18:25:34 - [MESSAGE][PASSED] - pages.WriteExcel.demoKey is PASSED

2024-11-12 18:25:34 - [TEST_STEP][PASSED] - verifyTextPresent("Enter business name", true, CONTINUE_ON_FAILURE): Text 'Enter business name' is present on page  using regular expression

2024-11-12 18:25:35 - [MESSAGE][PASSED] - Text 'Enter business name' is present on page  using regular expression

2024-11-12 18:25:35 - [TEST_STEP][PASSED] - verifyTextPresent("Enter business rep first name", true, CONTINUE_ON_FAILURE): Text 'Enter business rep first name' is present on page  using regular expression

2024-11-12 18:25:35 - [MESSAGE][PASSED] - Text 'Enter business rep first name' is present on page  using regular expression

2024-11-12 18:25:35 - [TEST_STEP][PASSED] - verifyTextPresent("Enter business rep last name", true, CONTINUE_ON_FAILURE): Text 'Enter business rep last name' is present on page  using regular expression

2024-11-12 18:25:36 - [MESSAGE][PASSED] - Text 'Enter business rep last name' is present on page  using regular expression

2024-11-12 18:25:36 - [TEST_STEP][PASSED] - verifyTextPresent("Enter address", true, CONTINUE_ON_FAILURE): Text 'Enter address' is present on page  using regular expression

2024-11-12 18:25:36 - [MESSAGE][PASSED] - Text 'Enter address' is present on page  using regular expression

2024-11-12 18:25:36 - [TEST_STEP][PASSED] - verifyTextPresent("Enter city", true, CONTINUE_ON_FAILURE): Text 'Enter city' is present on page  using regular expression

2024-11-12 18:25:37 - [MESSAGE][PASSED] - Text 'Enter city' is present on page  using regular expression

2024-11-12 18:25:37 - [TEST_STEP][PASSED] - verifyTextPresent("Enter ZIP code", true, CONTINUE_ON_FAILURE): Text 'Enter ZIP code' is present on page  using regular expression

2024-11-12 18:25:37 - [MESSAGE][PASSED] - Text 'Enter ZIP code' is present on page  using regular expression

2024-11-12 18:25:37 - [TEST_STEP][PASSED] - verifyTextPresent("Enter a valid phone number", true, CONTINUE_ON_FAILURE): Text 'Enter a valid phone number' is present on page  using regular expression

2024-11-12 18:25:37 - [MESSAGE][PASSED] - Text 'Enter a valid phone number' is present on page  using regular expression

2024-11-12 18:25:37 - [TEST_STEP][PASSED] - verifyTextPresent("Enter Email", true, CONTINUE_ON_FAILURE): Text 'Enter Email' is present on page  using regular expression

2024-11-12 18:25:38 - [MESSAGE][PASSED] - Text 'Enter Email' is present on page  using regular expression

2024-11-12 18:25:38 - [TEST_STEP][PASSED] - if (CRN.equalsIgnoreCase("Y")): null

2024-11-12 18:25:38 - [TEST_STEP][PASSED] - if (MFLicNum.equalsIgnoreCase("Y")): null

2024-11-12 18:25:38 - [TEST_STEP][PASSED] - resText = "Pass": null

2024-11-12 18:25:38 - [TEST_STEP][PASSED] - pages.WriteExcel.demoKey(resText, datText, resColumn, datCloumn, fileLoc, nameSheet, row): pages.WriteExcel.demoKey is PASSED

2024-11-12 18:25:38 - [MESSAGE][PASSED] - pages.WriteExcel.demoKey is PASSED

2024-11-12 18:25:38 - [TEST_STEP][PASSED] - ExecuteTC = findTestData(dataFile).getValue("Execute", row): null

2024-11-12 18:25:38 - [TEST_STEP][PASSED] - TaxType = findTestData(dataFile).getValue("TaxType", row): null

2024-11-12 18:25:38 - [TEST_STEP][PASSED] - PaymentType = findTestData(dataFile).getValue("PaymentType", row): null

2024-11-12 18:25:38 - [TEST_STEP][PASSED] - FilingYear = findTestData(dataFile).getValue("Year", row): null

2024-11-12 18:25:38 - [TEST_STEP][PASSED] - feinSSN = findTestData(dataFile).getValue("FeinSsn", row): null

2024-11-12 18:25:39 - [TEST_STEP][PASSED] - CRN = findTestData(dataFile).getValue("CRN", row): null

2024-11-12 18:25:39 - [TEST_STEP][PASSED] - MFLicNum = findTestData(dataFile).getValue("MFLicNum", row): null

2024-11-12 18:25:39 - [TEST_STEP][PASSED] - if (ExecuteTC.equalsIgnoreCase("Y")): pages.WriteExcel.demoKey is PASSED

2024-11-12 18:25:39 - [TEST_STEP][PASSED] - out.println("Begin Record Number: " + row): null

2024-11-12 18:25:39 - [TEST_STEP][PASSED] - today = new java.util.Date(): null

2024-11-12 18:25:39 - [TEST_STEP][PASSED] - println(today): null

2024-11-12 18:25:39 - [TEST_STEP][PASSED] - datText = today: null

2024-11-12 18:25:39 - [TEST_STEP][PASSED] - logInfo("Payment Type: New Tax Return Amount Due"): Payment Type: New Tax Return Amount Due

2024-11-12 18:25:39 - [MESSAGE][INFO] - Payment Type: New Tax Return Amount Due

2024-11-12 18:25:39 - [TEST_STEP][PASSED] - logInfo("Tax Type: " + TaxType): Tax Type: Motor Fuel Tax

2024-11-12 18:25:39 - [MESSAGE][INFO] - Tax Type: Motor Fuel Tax

2024-11-12 18:25:39 - [TEST_STEP][PASSED] - openBrowser(""): Browser is opened with url: ''

2024-11-12 18:25:39 - [MESSAGE][WARNING] - A browser is already opened. Closing browser and opening a new one

2024-11-12 18:25:41 - [MESSAGE][INFO] - Starting 'Chrome' driver

2024-11-12 18:25:41 - [MESSAGE][INFO] - User set preference: ['acceptInsecureCerts', 'true']

2024-11-12 18:25:41 - [MESSAGE][INFO] - Action delay is set to 0 milliseconds

2024-11-12 18:25:43 - [MESSAGE][PASSED] - Browser is opened with url: ''

2024-11-12 18:25:43 - [TEST_STEP][PASSED] - maximizeWindow(): Current window maximized

2024-11-12 18:25:43 - [MESSAGE][PASSED] - Current window maximized

2024-11-12 18:25:43 - [TEST_STEP][PASSED] - navigateToUrl(RADurl): Navigate to 'https://www.velocitypayment.com/client/rad/index.html' successfully

2024-11-12 18:25:45 - [MESSAGE][PASSED] - Navigate to 'https://www.velocitypayment.com/client/rad/index.html' successfully

2024-11-12 18:25:45 - [TEST_STEP][PASSED] - selectOptionByLabel(findTestObject(orPath_Landing + "/dd_TaxType"), "New Tax Return Amount Due", false): All options with label 'New Tax Return Amount Due' are selected in object 'Object Repository/RAD_Pages/Landing_Page/dd_TaxType' 

2024-11-12 18:25:46 - [MESSAGE][PASSED] - All options with label 'New Tax Return Amount Due' are selected in object 'Object Repository/RAD_Pages/Landing_Page/dd_TaxType' 

2024-11-12 18:25:46 - [TEST_STEP][PASSED] - selectOptionByLabel(findTestObject("Object Repository/RAD_Pages/Landing_Page/select_NewTaxReturnAmountDue_TaxType"), TaxType, false): All options with label 'Motor Fuel Tax' are selected in object 'Object Repository/RAD_Pages/Landing_Page/select_NewTaxReturnAmountDue_TaxType' 

2024-11-12 18:25:46 - [MESSAGE][PASSED] - All options with label 'Motor Fuel Tax' are selected in object 'Object Repository/RAD_Pages/Landing_Page/select_NewTaxReturnAmountDue_TaxType' 

2024-11-12 18:25:46 - [TEST_STEP][PASSED] - selectOptionByLabel(findTestObject(orPath_TaxTypeFilingYear + "/select_FilingYear"), FilingYear, false): All options with label '2024' are selected in object 'Object Repository/RAD_Pages/TaxTypeFilingYear_Page/select_FilingYear' 

2024-11-12 18:25:47 - [MESSAGE][PASSED] - All options with label '2024' are selected in object 'Object Repository/RAD_Pages/TaxTypeFilingYear_Page/select_FilingYear' 

2024-11-12 18:25:47 - [TEST_STEP][PASSED] - setText(findTestObject(orPath_TaxPayer + "/input_businessName"), " "): Text ' ' is set on object 'Object Repository/RAD_Pages/Taxpayer_Page/input_businessName'

2024-11-12 18:25:48 - [MESSAGE][PASSED] - Text ' ' is set on object 'Object Repository/RAD_Pages/Taxpayer_Page/input_businessName'

2024-11-12 18:25:48 - [TEST_STEP][PASSED] - setText(findTestObject(orPath_TaxPayer + "/input_BusinessRepfirstName"), " "): Text ' ' is set on object 'Object Repository/RAD_Pages/Taxpayer_Page/input_BusinessRepfirstName'

2024-11-12 18:25:48 - [MESSAGE][PASSED] - Text ' ' is set on object 'Object Repository/RAD_Pages/Taxpayer_Page/input_BusinessRepfirstName'

2024-11-12 18:25:48 - [TEST_STEP][PASSED] - setText(findTestObject(orPath_TaxPayer + "/input_BusinessReplastName"), " "): Text ' ' is set on object 'Object Repository/RAD_Pages/Taxpayer_Page/input_BusinessReplastName'

2024-11-12 18:25:49 - [MESSAGE][PASSED] - Text ' ' is set on object 'Object Repository/RAD_Pages/Taxpayer_Page/input_BusinessReplastName'

2024-11-12 18:25:49 - [TEST_STEP][PASSED] - setText(findTestObject(orPath_AddressContact + "/input_streetAddress1"), " "): Text ' ' is set on object 'Object Repository/RAD_Pages/AddressAndContactInfo_Page/input_streetAddress1'

2024-11-12 18:25:50 - [MESSAGE][PASSED] - Text ' ' is set on object 'Object Repository/RAD_Pages/AddressAndContactInfo_Page/input_streetAddress1'

2024-11-12 18:25:50 - [TEST_STEP][PASSED] - setText(findTestObject(orPath_AddressContact + "/input_city"), " "): Text ' ' is set on object 'Object Repository/RAD_Pages/AddressAndContactInfo_Page/input_city'

2024-11-12 18:25:51 - [MESSAGE][PASSED] - Text ' ' is set on object 'Object Repository/RAD_Pages/AddressAndContactInfo_Page/input_city'

2024-11-12 18:25:51 - [TEST_STEP][PASSED] - setText(findTestObject(orPath_AddressContact + "/input_zipCode"), " "): Text ' ' is set on object 'Object Repository/RAD_Pages/AddressAndContactInfo_Page/input_zipCode'

2024-11-12 18:25:52 - [MESSAGE][PASSED] - Text ' ' is set on object 'Object Repository/RAD_Pages/AddressAndContactInfo_Page/input_zipCode'

2024-11-12 18:25:52 - [TEST_STEP][PASSED] - setText(findTestObject(orPath_AddressContact + "/input_phoneNumber"), " "): Text ' ' is set on object 'Object Repository/RAD_Pages/AddressAndContactInfo_Page/input_phoneNumber'

2024-11-12 18:25:52 - [MESSAGE][PASSED] - Text ' ' is set on object 'Object Repository/RAD_Pages/AddressAndContactInfo_Page/input_phoneNumber'

2024-11-12 18:25:52 - [TEST_STEP][PASSED] - setText(findTestObject(orPath_AddressContact + "/input_eMailAddress"), " "): Text ' ' is set on object 'Object Repository/RAD_Pages/AddressAndContactInfo_Page/input_eMailAddress'

2024-11-12 18:25:53 - [MESSAGE][PASSED] - Text ' ' is set on object 'Object Repository/RAD_Pages/AddressAndContactInfo_Page/input_eMailAddress'

2024-11-12 18:25:53 - [TEST_STEP][PASSED] - setText(findTestObject(orPath_AddressContact + "/input_reEnterEMailAddress"), " "): Text ' ' is set on object 'Object Repository/RAD_Pages/AddressAndContactInfo_Page/input_reEnterEMailAddress'

2024-11-12 18:25:54 - [MESSAGE][PASSED] - Text ' ' is set on object 'Object Repository/RAD_Pages/AddressAndContactInfo_Page/input_reEnterEMailAddress'

2024-11-12 18:25:54 - [TEST_STEP][PASSED] - if (TaxType.equalsIgnoreCase("Estate Tax")): null

2024-11-12 18:25:54 - [TEST_STEP][PASSED] - setText(findTestObject(orPath_Amount + "/input__paymentAmount"), ""): Text '' is set on object 'Object Repository/RAD_Pages/PaymentAmount_Page/input__paymentAmount'

2024-11-12 18:25:55 - [MESSAGE][PASSED] - Text '' is set on object 'Object Repository/RAD_Pages/PaymentAmount_Page/input__paymentAmount'

2024-11-12 18:25:55 - [TEST_STEP][PASSED] - resText = "Fail": null

2024-11-12 18:25:55 - [TEST_STEP][PASSED] - pages.WriteExcel.demoKey(resText, datText, resColumn, datCloumn, fileLoc, nameSheet, row): pages.WriteExcel.demoKey is PASSED

2024-11-12 18:25:55 - [MESSAGE][PASSED] - pages.WriteExcel.demoKey is PASSED

2024-11-12 18:25:55 - [TEST_STEP][PASSED] - verifyTextPresent("Enter business name", true, CONTINUE_ON_FAILURE): Text 'Enter business name' is present on page  using regular expression

2024-11-12 18:25:56 - [MESSAGE][PASSED] - Text 'Enter business name' is present on page  using regular expression

2024-11-12 18:25:56 - [TEST_STEP][PASSED] - verifyTextPresent("Enter business rep first name", true, CONTINUE_ON_FAILURE): Text 'Enter business rep first name' is present on page  using regular expression

2024-11-12 18:25:56 - [MESSAGE][PASSED] - Text 'Enter business rep first name' is present on page  using regular expression

2024-11-12 18:25:56 - [TEST_STEP][PASSED] - verifyTextPresent("Enter business rep last name", true, CONTINUE_ON_FAILURE): Text 'Enter business rep last name' is present on page  using regular expression

2024-11-12 18:25:57 - [MESSAGE][PASSED] - Text 'Enter business rep last name' is present on page  using regular expression

2024-11-12 18:25:57 - [TEST_STEP][PASSED] - verifyTextPresent("Enter address", true, CONTINUE_ON_FAILURE): Text 'Enter address' is present on page  using regular expression

2024-11-12 18:25:57 - [MESSAGE][PASSED] - Text 'Enter address' is present on page  using regular expression

2024-11-12 18:25:57 - [TEST_STEP][PASSED] - verifyTextPresent("Enter city", true, CONTINUE_ON_FAILURE): Text 'Enter city' is present on page  using regular expression

2024-11-12 18:25:57 - [MESSAGE][PASSED] - Text 'Enter city' is present on page  using regular expression

2024-11-12 18:25:57 - [TEST_STEP][PASSED] - verifyTextPresent("Enter ZIP code", true, CONTINUE_ON_FAILURE): Text 'Enter ZIP code' is present on page  using regular expression

2024-11-12 18:25:58 - [MESSAGE][PASSED] - Text 'Enter ZIP code' is present on page  using regular expression

2024-11-12 18:25:58 - [TEST_STEP][PASSED] - verifyTextPresent("Enter a valid phone number", true, CONTINUE_ON_FAILURE): Text 'Enter a valid phone number' is present on page  using regular expression

2024-11-12 18:25:58 - [MESSAGE][PASSED] - Text 'Enter a valid phone number' is present on page  using regular expression

2024-11-12 18:25:58 - [TEST_STEP][PASSED] - verifyTextPresent("Enter Email", true, CONTINUE_ON_FAILURE): Text 'Enter Email' is present on page  using regular expression

2024-11-12 18:25:58 - [MESSAGE][PASSED] - Text 'Enter Email' is present on page  using regular expression

2024-11-12 18:25:58 - [TEST_STEP][PASSED] - if (CRN.equalsIgnoreCase("Y")): null

2024-11-12 18:25:58 - [TEST_STEP][PASSED] - if (MFLicNum.equalsIgnoreCase("Y")): Text 'Motor Fuel License Number must be 5 or 6 digits in length, with a value greater than zero' is present on page  using regular expression

2024-11-12 18:25:58 - [TEST_STEP][PASSED] - setText(findTestObject(orPath_TaxInfo + "/input_MotorFuelLicNum"), " "): Text ' ' is set on object 'Object Repository/RAD_Pages/TaxInfo_Page/input_MotorFuelLicNum'

2024-11-12 18:25:59 - [MESSAGE][PASSED] - Text ' ' is set on object 'Object Repository/RAD_Pages/TaxInfo_Page/input_MotorFuelLicNum'

2024-11-12 18:25:59 - [TEST_STEP][PASSED] - setText(findTestObject(orPath_Amount + "/input__paymentAmount"), ""): Text '' is set on object 'Object Repository/RAD_Pages/PaymentAmount_Page/input__paymentAmount'

2024-11-12 18:25:59 - [MESSAGE][PASSED] - Text '' is set on object 'Object Repository/RAD_Pages/PaymentAmount_Page/input__paymentAmount'

2024-11-12 18:25:59 - [TEST_STEP][PASSED] - verifyTextPresent("Motor Fuel License Number must be 5 or 6 digits in length, with a value greater than zero", true, CONTINUE_ON_FAILURE): Text 'Motor Fuel License Number must be 5 or 6 digits in length, with a value greater than zero' is present on page  using regular expression

2024-11-12 18:26:00 - [MESSAGE][PASSED] - Text 'Motor Fuel License Number must be 5 or 6 digits in length, with a value greater than zero' is present on page  using regular expression

2024-11-12 18:26:00 - [TEST_STEP][PASSED] - resText = "Pass": null

2024-11-12 18:26:00 - [TEST_STEP][PASSED] - pages.WriteExcel.demoKey(resText, datText, resColumn, datCloumn, fileLoc, nameSheet, row): pages.WriteExcel.demoKey is PASSED

2024-11-12 18:26:00 - [MESSAGE][PASSED] - pages.WriteExcel.demoKey is PASSED

2024-11-12 18:26:00 - [TEST_STEP][PASSED] - ExecuteTC = findTestData(dataFile).getValue("Execute", row): null

2024-11-12 18:26:00 - [TEST_STEP][PASSED] - TaxType = findTestData(dataFile).getValue("TaxType", row): null

2024-11-12 18:26:00 - [TEST_STEP][PASSED] - PaymentType = findTestData(dataFile).getValue("PaymentType", row): null

2024-11-12 18:26:00 - [TEST_STEP][PASSED] - FilingYear = findTestData(dataFile).getValue("Year", row): null

2024-11-12 18:26:00 - [TEST_STEP][PASSED] - feinSSN = findTestData(dataFile).getValue("FeinSsn", row): null

2024-11-12 18:26:00 - [TEST_STEP][PASSED] - CRN = findTestData(dataFile).getValue("CRN", row): null

2024-11-12 18:26:00 - [TEST_STEP][PASSED] - MFLicNum = findTestData(dataFile).getValue("MFLicNum", row): null

2024-11-12 18:26:00 - [TEST_STEP][PASSED] - if (ExecuteTC.equalsIgnoreCase("Y")): pages.WriteExcel.demoKey is PASSED

2024-11-12 18:26:00 - [TEST_STEP][PASSED] - out.println("Begin Record Number: " + row): null

2024-11-12 18:26:00 - [TEST_STEP][PASSED] - today = new java.util.Date(): null

2024-11-12 18:26:00 - [TEST_STEP][PASSED] - println(today): null

2024-11-12 18:26:00 - [TEST_STEP][PASSED] - datText = today: null

2024-11-12 18:26:00 - [TEST_STEP][PASSED] - logInfo("Payment Type: New Tax Return Amount Due"): Payment Type: New Tax Return Amount Due

2024-11-12 18:26:00 - [MESSAGE][INFO] - Payment Type: New Tax Return Amount Due

2024-11-12 18:26:00 - [TEST_STEP][PASSED] - logInfo("Tax Type: " + TaxType): Tax Type: Sales and Use Tax

2024-11-12 18:26:00 - [MESSAGE][INFO] - Tax Type: Sales and Use Tax

2024-11-12 18:26:00 - [TEST_STEP][PASSED] - openBrowser(""): Browser is opened with url: ''

2024-11-12 18:26:00 - [MESSAGE][WARNING] - A browser is already opened. Closing browser and opening a new one

2024-11-12 18:26:02 - [MESSAGE][INFO] - Starting 'Chrome' driver

2024-11-12 18:26:02 - [MESSAGE][INFO] - User set preference: ['acceptInsecureCerts', 'true']

2024-11-12 18:26:02 - [MESSAGE][INFO] - Action delay is set to 0 milliseconds

2024-11-12 18:26:04 - [MESSAGE][PASSED] - Browser is opened with url: ''

2024-11-12 18:26:04 - [TEST_STEP][PASSED] - maximizeWindow(): Current window maximized

2024-11-12 18:26:04 - [MESSAGE][PASSED] - Current window maximized

2024-11-12 18:26:04 - [TEST_STEP][PASSED] - navigateToUrl(RADurl): Navigate to 'https://www.velocitypayment.com/client/rad/index.html' successfully

2024-11-12 18:26:06 - [MESSAGE][PASSED] - Navigate to 'https://www.velocitypayment.com/client/rad/index.html' successfully

2024-11-12 18:26:06 - [TEST_STEP][PASSED] - selectOptionByLabel(findTestObject(orPath_Landing + "/dd_TaxType"), "New Tax Return Amount Due", false): All options with label 'New Tax Return Amount Due' are selected in object 'Object Repository/RAD_Pages/Landing_Page/dd_TaxType' 

2024-11-12 18:26:06 - [MESSAGE][PASSED] - All options with label 'New Tax Return Amount Due' are selected in object 'Object Repository/RAD_Pages/Landing_Page/dd_TaxType' 

2024-11-12 18:26:06 - [TEST_STEP][PASSED] - selectOptionByLabel(findTestObject("Object Repository/RAD_Pages/Landing_Page/select_NewTaxReturnAmountDue_TaxType"), TaxType, false): All options with label 'Sales and Use Tax' are selected in object 'Object Repository/RAD_Pages/Landing_Page/select_NewTaxReturnAmountDue_TaxType' 

2024-11-12 18:26:07 - [MESSAGE][PASSED] - All options with label 'Sales and Use Tax' are selected in object 'Object Repository/RAD_Pages/Landing_Page/select_NewTaxReturnAmountDue_TaxType' 

2024-11-12 18:26:07 - [TEST_STEP][PASSED] - selectOptionByLabel(findTestObject(orPath_TaxTypeFilingYear + "/select_FilingYear"), FilingYear, false): All options with label '2024' are selected in object 'Object Repository/RAD_Pages/TaxTypeFilingYear_Page/select_FilingYear' 

2024-11-12 18:26:08 - [MESSAGE][PASSED] - All options with label '2024' are selected in object 'Object Repository/RAD_Pages/TaxTypeFilingYear_Page/select_FilingYear' 

2024-11-12 18:26:08 - [TEST_STEP][PASSED] - setText(findTestObject(orPath_TaxPayer + "/input_businessName"), " "): Text ' ' is set on object 'Object Repository/RAD_Pages/Taxpayer_Page/input_businessName'

2024-11-12 18:26:09 - [MESSAGE][PASSED] - Text ' ' is set on object 'Object Repository/RAD_Pages/Taxpayer_Page/input_businessName'

2024-11-12 18:26:09 - [TEST_STEP][PASSED] - setText(findTestObject(orPath_TaxPayer + "/input_BusinessRepfirstName"), " "): Text ' ' is set on object 'Object Repository/RAD_Pages/Taxpayer_Page/input_BusinessRepfirstName'

2024-11-12 18:26:10 - [MESSAGE][PASSED] - Text ' ' is set on object 'Object Repository/RAD_Pages/Taxpayer_Page/input_BusinessRepfirstName'

2024-11-12 18:26:10 - [TEST_STEP][PASSED] - setText(findTestObject(orPath_TaxPayer + "/input_BusinessReplastName"), " "): Text ' ' is set on object 'Object Repository/RAD_Pages/Taxpayer_Page/input_BusinessReplastName'

2024-11-12 18:26:10 - [MESSAGE][PASSED] - Text ' ' is set on object 'Object Repository/RAD_Pages/Taxpayer_Page/input_BusinessReplastName'

2024-11-12 18:26:10 - [TEST_STEP][PASSED] - setText(findTestObject(orPath_AddressContact + "/input_streetAddress1"), " "): Text ' ' is set on object 'Object Repository/RAD_Pages/AddressAndContactInfo_Page/input_streetAddress1'

2024-11-12 18:26:11 - [MESSAGE][PASSED] - Text ' ' is set on object 'Object Repository/RAD_Pages/AddressAndContactInfo_Page/input_streetAddress1'

2024-11-12 18:26:11 - [TEST_STEP][PASSED] - setText(findTestObject(orPath_AddressContact + "/input_city"), " "): Text ' ' is set on object 'Object Repository/RAD_Pages/AddressAndContactInfo_Page/input_city'

2024-11-12 18:26:12 - [MESSAGE][PASSED] - Text ' ' is set on object 'Object Repository/RAD_Pages/AddressAndContactInfo_Page/input_city'

2024-11-12 18:26:12 - [TEST_STEP][PASSED] - setText(findTestObject(orPath_AddressContact + "/input_zipCode"), " "): Text ' ' is set on object 'Object Repository/RAD_Pages/AddressAndContactInfo_Page/input_zipCode'

2024-11-12 18:26:12 - [MESSAGE][PASSED] - Text ' ' is set on object 'Object Repository/RAD_Pages/AddressAndContactInfo_Page/input_zipCode'

2024-11-12 18:26:12 - [TEST_STEP][PASSED] - setText(findTestObject(orPath_AddressContact + "/input_phoneNumber"), " "): Text ' ' is set on object 'Object Repository/RAD_Pages/AddressAndContactInfo_Page/input_phoneNumber'

2024-11-12 18:26:13 - [MESSAGE][PASSED] - Text ' ' is set on object 'Object Repository/RAD_Pages/AddressAndContactInfo_Page/input_phoneNumber'

2024-11-12 18:26:13 - [TEST_STEP][PASSED] - setText(findTestObject(orPath_AddressContact + "/input_eMailAddress"), " "): Text ' ' is set on object 'Object Repository/RAD_Pages/AddressAndContactInfo_Page/input_eMailAddress'

2024-11-12 18:26:14 - [MESSAGE][PASSED] - Text ' ' is set on object 'Object Repository/RAD_Pages/AddressAndContactInfo_Page/input_eMailAddress'

2024-11-12 18:26:14 - [TEST_STEP][PASSED] - setText(findTestObject(orPath_AddressContact + "/input_reEnterEMailAddress"), " "): Text ' ' is set on object 'Object Repository/RAD_Pages/AddressAndContactInfo_Page/input_reEnterEMailAddress'

2024-11-12 18:26:15 - [MESSAGE][PASSED] - Text ' ' is set on object 'Object Repository/RAD_Pages/AddressAndContactInfo_Page/input_reEnterEMailAddress'

2024-11-12 18:26:15 - [TEST_STEP][PASSED] - if (TaxType.equalsIgnoreCase("Estate Tax")): null

2024-11-12 18:26:15 - [TEST_STEP][PASSED] - setText(findTestObject(orPath_Amount + "/input__paymentAmount"), ""): Text '' is set on object 'Object Repository/RAD_Pages/PaymentAmount_Page/input__paymentAmount'

2024-11-12 18:26:16 - [MESSAGE][PASSED] - Text '' is set on object 'Object Repository/RAD_Pages/PaymentAmount_Page/input__paymentAmount'

2024-11-12 18:26:16 - [TEST_STEP][PASSED] - resText = "Fail": null

2024-11-12 18:26:16 - [TEST_STEP][PASSED] - pages.WriteExcel.demoKey(resText, datText, resColumn, datCloumn, fileLoc, nameSheet, row): pages.WriteExcel.demoKey is PASSED

2024-11-12 18:26:16 - [MESSAGE][PASSED] - pages.WriteExcel.demoKey is PASSED

2024-11-12 18:26:16 - [TEST_STEP][PASSED] - verifyTextPresent("Enter business name", true, CONTINUE_ON_FAILURE): Text 'Enter business name' is present on page  using regular expression

2024-11-12 18:26:16 - [MESSAGE][PASSED] - Text 'Enter business name' is present on page  using regular expression

2024-11-12 18:26:16 - [TEST_STEP][PASSED] - verifyTextPresent("Enter business rep first name", true, CONTINUE_ON_FAILURE): Text 'Enter business rep first name' is present on page  using regular expression

2024-11-12 18:26:17 - [MESSAGE][PASSED] - Text 'Enter business rep first name' is present on page  using regular expression

2024-11-12 18:26:17 - [TEST_STEP][PASSED] - verifyTextPresent("Enter business rep last name", true, CONTINUE_ON_FAILURE): Text 'Enter business rep last name' is present on page  using regular expression

2024-11-12 18:26:17 - [MESSAGE][PASSED] - Text 'Enter business rep last name' is present on page  using regular expression

2024-11-12 18:26:17 - [TEST_STEP][PASSED] - verifyTextPresent("Enter address", true, CONTINUE_ON_FAILURE): Text 'Enter address' is present on page  using regular expression

2024-11-12 18:26:18 - [MESSAGE][PASSED] - Text 'Enter address' is present on page  using regular expression

2024-11-12 18:26:18 - [TEST_STEP][PASSED] - verifyTextPresent("Enter city", true, CONTINUE_ON_FAILURE): Text 'Enter city' is present on page  using regular expression

2024-11-12 18:26:18 - [MESSAGE][PASSED] - Text 'Enter city' is present on page  using regular expression

2024-11-12 18:26:18 - [TEST_STEP][PASSED] - verifyTextPresent("Enter ZIP code", true, CONTINUE_ON_FAILURE): Text 'Enter ZIP code' is present on page  using regular expression

2024-11-12 18:26:19 - [MESSAGE][PASSED] - Text 'Enter ZIP code' is present on page  using regular expression

2024-11-12 18:26:19 - [TEST_STEP][PASSED] - verifyTextPresent("Enter a valid phone number", true, CONTINUE_ON_FAILURE): Text 'Enter a valid phone number' is present on page  using regular expression

2024-11-12 18:26:19 - [MESSAGE][PASSED] - Text 'Enter a valid phone number' is present on page  using regular expression

2024-11-12 18:26:19 - [TEST_STEP][PASSED] - verifyTextPresent("Enter Email", true, CONTINUE_ON_FAILURE): Text 'Enter Email' is present on page  using regular expression

2024-11-12 18:26:19 - [MESSAGE][PASSED] - Text 'Enter Email' is present on page  using regular expression

2024-11-12 18:26:19 - [TEST_STEP][PASSED] - if (CRN.equalsIgnoreCase("Y")): Text 'Enter valid MD Central Registration Number' is present on page  using regular expression

2024-11-12 18:26:19 - [TEST_STEP][PASSED] - setText(findTestObject(orPath_TaxInfo + "/input_MDCRegistration"), " "): Text ' ' is set on object 'Object Repository/RAD_Pages/TaxInfo_Page/input_MDCRegistration'

2024-11-12 18:26:20 - [MESSAGE][PASSED] - Text ' ' is set on object 'Object Repository/RAD_Pages/TaxInfo_Page/input_MDCRegistration'

2024-11-12 18:26:20 - [TEST_STEP][PASSED] - setText(findTestObject(orPath_Amount + "/input__paymentAmount"), ""): Text '' is set on object 'Object Repository/RAD_Pages/PaymentAmount_Page/input__paymentAmount'

2024-11-12 18:26:20 - [MESSAGE][PASSED] - Text '' is set on object 'Object Repository/RAD_Pages/PaymentAmount_Page/input__paymentAmount'

2024-11-12 18:26:20 - [TEST_STEP][PASSED] - verifyTextPresent("Enter valid MD Central Registration Number", true, CONTINUE_ON_FAILURE): Text 'Enter valid MD Central Registration Number' is present on page  using regular expression

2024-11-12 18:26:21 - [MESSAGE][PASSED] - Text 'Enter valid MD Central Registration Number' is present on page  using regular expression

2024-11-12 18:26:21 - [TEST_STEP][PASSED] - if (MFLicNum.equalsIgnoreCase("Y")): null

2024-11-12 18:26:21 - [TEST_STEP][PASSED] - resText = "Pass": null

2024-11-12 18:26:21 - [TEST_STEP][PASSED] - pages.WriteExcel.demoKey(resText, datText, resColumn, datCloumn, fileLoc, nameSheet, row): pages.WriteExcel.demoKey is PASSED

2024-11-12 18:26:21 - [MESSAGE][PASSED] - pages.WriteExcel.demoKey is PASSED

2024-11-12 18:26:21 - [TEST_STEP][PASSED] - ExecuteTC = findTestData(dataFile).getValue("Execute", row): null

2024-11-12 18:26:21 - [TEST_STEP][PASSED] - TaxType = findTestData(dataFile).getValue("TaxType", row): null

2024-11-12 18:26:21 - [TEST_STEP][PASSED] - PaymentType = findTestData(dataFile).getValue("PaymentType", row): null

2024-11-12 18:26:21 - [TEST_STEP][PASSED] - FilingYear = findTestData(dataFile).getValue("Year", row): null

2024-11-12 18:26:21 - [TEST_STEP][PASSED] - feinSSN = findTestData(dataFile).getValue("FeinSsn", row): null

2024-11-12 18:26:21 - [TEST_STEP][PASSED] - CRN = findTestData(dataFile).getValue("CRN", row): null

2024-11-12 18:26:21 - [TEST_STEP][PASSED] - MFLicNum = findTestData(dataFile).getValue("MFLicNum", row): null

2024-11-12 18:26:21 - [TEST_STEP][PASSED] - if (ExecuteTC.equalsIgnoreCase("Y")): pages.WriteExcel.demoKey is PASSED

2024-11-12 18:26:21 - [TEST_STEP][PASSED] - out.println("Begin Record Number: " + row): null

2024-11-12 18:26:21 - [TEST_STEP][PASSED] - today = new java.util.Date(): null

2024-11-12 18:26:21 - [TEST_STEP][PASSED] - println(today): null

2024-11-12 18:26:21 - [TEST_STEP][PASSED] - datText = today: null

2024-11-12 18:26:21 - [TEST_STEP][PASSED] - logInfo("Payment Type: New Tax Return Amount Due"): Payment Type: New Tax Return Amount Due

2024-11-12 18:26:21 - [MESSAGE][INFO] - Payment Type: New Tax Return Amount Due

2024-11-12 18:26:21 - [TEST_STEP][PASSED] - logInfo("Tax Type: " + TaxType): Tax Type: Slots License Fee

2024-11-12 18:26:21 - [MESSAGE][INFO] - Tax Type: Slots License Fee

2024-11-12 18:26:21 - [TEST_STEP][PASSED] - openBrowser(""): Browser is opened with url: ''

2024-11-12 18:26:21 - [MESSAGE][WARNING] - A browser is already opened. Closing browser and opening a new one

2024-11-12 18:26:23 - [MESSAGE][INFO] - Starting 'Chrome' driver

2024-11-12 18:26:23 - [MESSAGE][INFO] - User set preference: ['acceptInsecureCerts', 'true']

2024-11-12 18:26:23 - [MESSAGE][INFO] - Action delay is set to 0 milliseconds

2024-11-12 18:26:24 - [MESSAGE][PASSED] - Browser is opened with url: ''

2024-11-12 18:26:24 - [TEST_STEP][PASSED] - maximizeWindow(): Current window maximized

2024-11-12 18:26:25 - [MESSAGE][PASSED] - Current window maximized

2024-11-12 18:26:25 - [TEST_STEP][PASSED] - navigateToUrl(RADurl): Navigate to 'https://www.velocitypayment.com/client/rad/index.html' successfully

2024-11-12 18:26:25 - [MESSAGE][PASSED] - Navigate to 'https://www.velocitypayment.com/client/rad/index.html' successfully

2024-11-12 18:26:25 - [TEST_STEP][PASSED] - selectOptionByLabel(findTestObject(orPath_Landing + "/dd_TaxType"), "New Tax Return Amount Due", false): All options with label 'New Tax Return Amount Due' are selected in object 'Object Repository/RAD_Pages/Landing_Page/dd_TaxType' 

2024-11-12 18:26:27 - [MESSAGE][PASSED] - All options with label 'New Tax Return Amount Due' are selected in object 'Object Repository/RAD_Pages/Landing_Page/dd_TaxType' 

2024-11-12 18:26:27 - [TEST_STEP][PASSED] - selectOptionByLabel(findTestObject("Object Repository/RAD_Pages/Landing_Page/select_NewTaxReturnAmountDue_TaxType"), TaxType, false): All options with label 'Slots License Fee' are selected in object 'Object Repository/RAD_Pages/Landing_Page/select_NewTaxReturnAmountDue_TaxType' 

2024-11-12 18:26:28 - [MESSAGE][PASSED] - All options with label 'Slots License Fee' are selected in object 'Object Repository/RAD_Pages/Landing_Page/select_NewTaxReturnAmountDue_TaxType' 

2024-11-12 18:26:28 - [TEST_STEP][PASSED] - selectOptionByLabel(findTestObject(orPath_TaxTypeFilingYear + "/select_FilingYear"), FilingYear, false): All options with label '2024' are selected in object 'Object Repository/RAD_Pages/TaxTypeFilingYear_Page/select_FilingYear' 

2024-11-12 18:26:28 - [MESSAGE][PASSED] - All options with label '2024' are selected in object 'Object Repository/RAD_Pages/TaxTypeFilingYear_Page/select_FilingYear' 

2024-11-12 18:26:28 - [TEST_STEP][PASSED] - setText(findTestObject(orPath_TaxPayer + "/input_businessName"), " "): Text ' ' is set on object 'Object Repository/RAD_Pages/Taxpayer_Page/input_businessName'

2024-11-12 18:26:29 - [MESSAGE][PASSED] - Text ' ' is set on object 'Object Repository/RAD_Pages/Taxpayer_Page/input_businessName'

2024-11-12 18:26:29 - [TEST_STEP][PASSED] - setText(findTestObject(orPath_TaxPayer + "/input_BusinessRepfirstName"), " "): Text ' ' is set on object 'Object Repository/RAD_Pages/Taxpayer_Page/input_BusinessRepfirstName'

2024-11-12 18:26:30 - [MESSAGE][PASSED] - Text ' ' is set on object 'Object Repository/RAD_Pages/Taxpayer_Page/input_BusinessRepfirstName'

2024-11-12 18:26:30 - [TEST_STEP][PASSED] - setText(findTestObject(orPath_TaxPayer + "/input_BusinessReplastName"), " "): Text ' ' is set on object 'Object Repository/RAD_Pages/Taxpayer_Page/input_BusinessReplastName'

2024-11-12 18:26:31 - [MESSAGE][PASSED] - Text ' ' is set on object 'Object Repository/RAD_Pages/Taxpayer_Page/input_BusinessReplastName'

2024-11-12 18:26:31 - [TEST_STEP][PASSED] - setText(findTestObject(orPath_AddressContact + "/input_streetAddress1"), " "): Text ' ' is set on object 'Object Repository/RAD_Pages/AddressAndContactInfo_Page/input_streetAddress1'

2024-11-12 18:26:31 - [MESSAGE][PASSED] - Text ' ' is set on object 'Object Repository/RAD_Pages/AddressAndContactInfo_Page/input_streetAddress1'

2024-11-12 18:26:31 - [TEST_STEP][PASSED] - setText(findTestObject(orPath_AddressContact + "/input_city"), " "): Text ' ' is set on object 'Object Repository/RAD_Pages/AddressAndContactInfo_Page/input_city'

2024-11-12 18:26:32 - [MESSAGE][PASSED] - Text ' ' is set on object 'Object Repository/RAD_Pages/AddressAndContactInfo_Page/input_city'

2024-11-12 18:26:32 - [TEST_STEP][PASSED] - setText(findTestObject(orPath_AddressContact + "/input_zipCode"), " "): Text ' ' is set on object 'Object Repository/RAD_Pages/AddressAndContactInfo_Page/input_zipCode'

2024-11-12 18:26:33 - [MESSAGE][PASSED] - Text ' ' is set on object 'Object Repository/RAD_Pages/AddressAndContactInfo_Page/input_zipCode'

2024-11-12 18:26:33 - [TEST_STEP][PASSED] - setText(findTestObject(orPath_AddressContact + "/input_phoneNumber"), " "): Text ' ' is set on object 'Object Repository/RAD_Pages/AddressAndContactInfo_Page/input_phoneNumber'

2024-11-12 18:26:34 - [MESSAGE][PASSED] - Text ' ' is set on object 'Object Repository/RAD_Pages/AddressAndContactInfo_Page/input_phoneNumber'

2024-11-12 18:26:34 - [TEST_STEP][PASSED] - setText(findTestObject(orPath_AddressContact + "/input_eMailAddress"), " "): Text ' ' is set on object 'Object Repository/RAD_Pages/AddressAndContactInfo_Page/input_eMailAddress'

2024-11-12 18:26:35 - [MESSAGE][PASSED] - Text ' ' is set on object 'Object Repository/RAD_Pages/AddressAndContactInfo_Page/input_eMailAddress'

2024-11-12 18:26:35 - [TEST_STEP][PASSED] - setText(findTestObject(orPath_AddressContact + "/input_reEnterEMailAddress"), " "): Text ' ' is set on object 'Object Repository/RAD_Pages/AddressAndContactInfo_Page/input_reEnterEMailAddress'

2024-11-12 18:26:36 - [MESSAGE][PASSED] - Text ' ' is set on object 'Object Repository/RAD_Pages/AddressAndContactInfo_Page/input_reEnterEMailAddress'

2024-11-12 18:26:36 - [TEST_STEP][PASSED] - if (TaxType.equalsIgnoreCase("Estate Tax")): null

2024-11-12 18:26:36 - [TEST_STEP][PASSED] - setText(findTestObject(orPath_Amount + "/input__paymentAmount"), ""): Text '' is set on object 'Object Repository/RAD_Pages/PaymentAmount_Page/input__paymentAmount'

2024-11-12 18:26:37 - [MESSAGE][PASSED] - Text '' is set on object 'Object Repository/RAD_Pages/PaymentAmount_Page/input__paymentAmount'

2024-11-12 18:26:37 - [TEST_STEP][PASSED] - resText = "Fail": null

2024-11-12 18:26:37 - [TEST_STEP][PASSED] - pages.WriteExcel.demoKey(resText, datText, resColumn, datCloumn, fileLoc, nameSheet, row): pages.WriteExcel.demoKey is PASSED

2024-11-12 18:26:37 - [MESSAGE][PASSED] - pages.WriteExcel.demoKey is PASSED

2024-11-12 18:26:37 - [TEST_STEP][PASSED] - verifyTextPresent("Enter business name", true, CONTINUE_ON_FAILURE): Text 'Enter business name' is present on page  using regular expression

2024-11-12 18:26:38 - [MESSAGE][PASSED] - Text 'Enter business name' is present on page  using regular expression

2024-11-12 18:26:38 - [TEST_STEP][PASSED] - verifyTextPresent("Enter business rep first name", true, CONTINUE_ON_FAILURE): Text 'Enter business rep first name' is present on page  using regular expression

2024-11-12 18:26:39 - [MESSAGE][PASSED] - Text 'Enter business rep first name' is present on page  using regular expression

2024-11-12 18:26:39 - [TEST_STEP][PASSED] - verifyTextPresent("Enter business rep last name", true, CONTINUE_ON_FAILURE): Text 'Enter business rep last name' is present on page  using regular expression

2024-11-12 18:26:39 - [MESSAGE][PASSED] - Text 'Enter business rep last name' is present on page  using regular expression

2024-11-12 18:26:39 - [TEST_STEP][PASSED] - verifyTextPresent("Enter address", true, CONTINUE_ON_FAILURE): Text 'Enter address' is present on page  using regular expression

2024-11-12 18:26:40 - [MESSAGE][PASSED] - Text 'Enter address' is present on page  using regular expression

2024-11-12 18:26:40 - [TEST_STEP][PASSED] - verifyTextPresent("Enter city", true, CONTINUE_ON_FAILURE): Text 'Enter city' is present on page  using regular expression

2024-11-12 18:26:40 - [MESSAGE][PASSED] - Text 'Enter city' is present on page  using regular expression

2024-11-12 18:26:40 - [TEST_STEP][PASSED] - verifyTextPresent("Enter ZIP code", true, CONTINUE_ON_FAILURE): Text 'Enter ZIP code' is present on page  using regular expression

2024-11-12 18:26:41 - [MESSAGE][PASSED] - Text 'Enter ZIP code' is present on page  using regular expression

2024-11-12 18:26:41 - [TEST_STEP][PASSED] - verifyTextPresent("Enter a valid phone number", true, CONTINUE_ON_FAILURE): Text 'Enter a valid phone number' is present on page  using regular expression

2024-11-12 18:26:41 - [MESSAGE][PASSED] - Text 'Enter a valid phone number' is present on page  using regular expression

2024-11-12 18:26:41 - [TEST_STEP][PASSED] - verifyTextPresent("Enter Email", true, CONTINUE_ON_FAILURE): Text 'Enter Email' is present on page  using regular expression

2024-11-12 18:26:42 - [MESSAGE][PASSED] - Text 'Enter Email' is present on page  using regular expression

2024-11-12 18:26:42 - [TEST_STEP][PASSED] - if (CRN.equalsIgnoreCase("Y")): null

2024-11-12 18:26:42 - [TEST_STEP][PASSED] - if (MFLicNum.equalsIgnoreCase("Y")): null

2024-11-12 18:26:42 - [TEST_STEP][PASSED] - resText = "Pass": null

2024-11-12 18:26:42 - [TEST_STEP][PASSED] - pages.WriteExcel.demoKey(resText, datText, resColumn, datCloumn, fileLoc, nameSheet, row): pages.WriteExcel.demoKey is PASSED

2024-11-12 18:26:42 - [MESSAGE][PASSED] - pages.WriteExcel.demoKey is PASSED

2024-11-12 18:26:42 - [TEST_STEP][PASSED] - ExecuteTC = findTestData(dataFile).getValue("Execute", row): null

2024-11-12 18:26:42 - [TEST_STEP][PASSED] - TaxType = findTestData(dataFile).getValue("TaxType", row): null

2024-11-12 18:26:42 - [TEST_STEP][PASSED] - PaymentType = findTestData(dataFile).getValue("PaymentType", row): null

2024-11-12 18:26:42 - [TEST_STEP][PASSED] - FilingYear = findTestData(dataFile).getValue("Year", row): null

2024-11-12 18:26:42 - [TEST_STEP][PASSED] - feinSSN = findTestData(dataFile).getValue("FeinSsn", row): null

2024-11-12 18:26:42 - [TEST_STEP][PASSED] - CRN = findTestData(dataFile).getValue("CRN", row): null

2024-11-12 18:26:42 - [TEST_STEP][PASSED] - MFLicNum = findTestData(dataFile).getValue("MFLicNum", row): null

2024-11-12 18:26:42 - [TEST_STEP][PASSED] - if (ExecuteTC.equalsIgnoreCase("Y")): pages.WriteExcel.demoKey is PASSED

2024-11-12 18:26:42 - [TEST_STEP][PASSED] - out.println("Begin Record Number: " + row): null

2024-11-12 18:26:42 - [TEST_STEP][PASSED] - today = new java.util.Date(): null

2024-11-12 18:26:42 - [TEST_STEP][PASSED] - println(today): null

2024-11-12 18:26:42 - [TEST_STEP][PASSED] - datText = today: null

2024-11-12 18:26:42 - [TEST_STEP][PASSED] - logInfo("Payment Type: New Tax Return Amount Due"): Payment Type: New Tax Return Amount Due

2024-11-12 18:26:42 - [MESSAGE][INFO] - Payment Type: New Tax Return Amount Due

2024-11-12 18:26:42 - [TEST_STEP][PASSED] - logInfo("Tax Type: " + TaxType): Tax Type: Tire Recycling Fee

2024-11-12 18:26:42 - [MESSAGE][INFO] - Tax Type: Tire Recycling Fee

2024-11-12 18:26:42 - [TEST_STEP][PASSED] - openBrowser(""): Browser is opened with url: ''

2024-11-12 18:26:42 - [MESSAGE][WARNING] - A browser is already opened. Closing browser and opening a new one

2024-11-12 18:26:44 - [MESSAGE][INFO] - Starting 'Chrome' driver

2024-11-12 18:26:44 - [MESSAGE][INFO] - User set preference: ['acceptInsecureCerts', 'true']

2024-11-12 18:26:44 - [MESSAGE][INFO] - Action delay is set to 0 milliseconds

2024-11-12 18:26:45 - [MESSAGE][PASSED] - Browser is opened with url: ''

2024-11-12 18:26:45 - [TEST_STEP][PASSED] - maximizeWindow(): Current window maximized

2024-11-12 18:26:45 - [MESSAGE][PASSED] - Current window maximized

2024-11-12 18:26:45 - [TEST_STEP][PASSED] - navigateToUrl(RADurl): Navigate to 'https://www.velocitypayment.com/client/rad/index.html' successfully

2024-11-12 18:26:47 - [MESSAGE][PASSED] - Navigate to 'https://www.velocitypayment.com/client/rad/index.html' successfully

2024-11-12 18:26:47 - [TEST_STEP][PASSED] - selectOptionByLabel(findTestObject(orPath_Landing + "/dd_TaxType"), "New Tax Return Amount Due", false): All options with label 'New Tax Return Amount Due' are selected in object 'Object Repository/RAD_Pages/Landing_Page/dd_TaxType' 

2024-11-12 18:26:48 - [MESSAGE][PASSED] - All options with label 'New Tax Return Amount Due' are selected in object 'Object Repository/RAD_Pages/Landing_Page/dd_TaxType' 

2024-11-12 18:26:48 - [TEST_STEP][PASSED] - selectOptionByLabel(findTestObject("Object Repository/RAD_Pages/Landing_Page/select_NewTaxReturnAmountDue_TaxType"), TaxType, false): All options with label 'Tire Recycling Fee' are selected in object 'Object Repository/RAD_Pages/Landing_Page/select_NewTaxReturnAmountDue_TaxType' 

2024-11-12 18:26:49 - [MESSAGE][PASSED] - All options with label 'Tire Recycling Fee' are selected in object 'Object Repository/RAD_Pages/Landing_Page/select_NewTaxReturnAmountDue_TaxType' 

2024-11-12 18:26:49 - [TEST_STEP][PASSED] - selectOptionByLabel(findTestObject(orPath_TaxTypeFilingYear + "/select_FilingYear"), FilingYear, false): All options with label '2024' are selected in object 'Object Repository/RAD_Pages/TaxTypeFilingYear_Page/select_FilingYear' 

2024-11-12 18:26:49 - [MESSAGE][PASSED] - All options with label '2024' are selected in object 'Object Repository/RAD_Pages/TaxTypeFilingYear_Page/select_FilingYear' 

2024-11-12 18:26:49 - [TEST_STEP][PASSED] - setText(findTestObject(orPath_TaxPayer + "/input_businessName"), " "): Text ' ' is set on object 'Object Repository/RAD_Pages/Taxpayer_Page/input_businessName'

2024-11-12 18:26:50 - [MESSAGE][PASSED] - Text ' ' is set on object 'Object Repository/RAD_Pages/Taxpayer_Page/input_businessName'

2024-11-12 18:26:50 - [TEST_STEP][PASSED] - setText(findTestObject(orPath_TaxPayer + "/input_BusinessRepfirstName"), " "): Text ' ' is set on object 'Object Repository/RAD_Pages/Taxpayer_Page/input_BusinessRepfirstName'

2024-11-12 18:26:51 - [MESSAGE][PASSED] - Text ' ' is set on object 'Object Repository/RAD_Pages/Taxpayer_Page/input_BusinessRepfirstName'

2024-11-12 18:26:51 - [TEST_STEP][PASSED] - setText(findTestObject(orPath_TaxPayer + "/input_BusinessReplastName"), " "): Text ' ' is set on object 'Object Repository/RAD_Pages/Taxpayer_Page/input_BusinessReplastName'

2024-11-12 18:26:52 - [MESSAGE][PASSED] - Text ' ' is set on object 'Object Repository/RAD_Pages/Taxpayer_Page/input_BusinessReplastName'

2024-11-12 18:26:52 - [TEST_STEP][PASSED] - setText(findTestObject(orPath_AddressContact + "/input_streetAddress1"), " "): Text ' ' is set on object 'Object Repository/RAD_Pages/AddressAndContactInfo_Page/input_streetAddress1'

2024-11-12 18:26:52 - [MESSAGE][PASSED] - Text ' ' is set on object 'Object Repository/RAD_Pages/AddressAndContactInfo_Page/input_streetAddress1'

2024-11-12 18:26:52 - [TEST_STEP][PASSED] - setText(findTestObject(orPath_AddressContact + "/input_city"), " "): Text ' ' is set on object 'Object Repository/RAD_Pages/AddressAndContactInfo_Page/input_city'

2024-11-12 18:26:53 - [MESSAGE][PASSED] - Text ' ' is set on object 'Object Repository/RAD_Pages/AddressAndContactInfo_Page/input_city'

2024-11-12 18:26:53 - [TEST_STEP][PASSED] - setText(findTestObject(orPath_AddressContact + "/input_zipCode"), " "): Text ' ' is set on object 'Object Repository/RAD_Pages/AddressAndContactInfo_Page/input_zipCode'

2024-11-12 18:26:54 - [MESSAGE][PASSED] - Text ' ' is set on object 'Object Repository/RAD_Pages/AddressAndContactInfo_Page/input_zipCode'

2024-11-12 18:26:54 - [TEST_STEP][PASSED] - setText(findTestObject(orPath_AddressContact + "/input_phoneNumber"), " "): Text ' ' is set on object 'Object Repository/RAD_Pages/AddressAndContactInfo_Page/input_phoneNumber'

2024-11-12 18:26:55 - [MESSAGE][PASSED] - Text ' ' is set on object 'Object Repository/RAD_Pages/AddressAndContactInfo_Page/input_phoneNumber'

2024-11-12 18:26:55 - [TEST_STEP][PASSED] - setText(findTestObject(orPath_AddressContact + "/input_eMailAddress"), " "): Text ' ' is set on object 'Object Repository/RAD_Pages/AddressAndContactInfo_Page/input_eMailAddress'

2024-11-12 18:26:56 - [MESSAGE][PASSED] - Text ' ' is set on object 'Object Repository/RAD_Pages/AddressAndContactInfo_Page/input_eMailAddress'

2024-11-12 18:26:56 - [TEST_STEP][PASSED] - setText(findTestObject(orPath_AddressContact + "/input_reEnterEMailAddress"), " "): Text ' ' is set on object 'Object Repository/RAD_Pages/AddressAndContactInfo_Page/input_reEnterEMailAddress'

2024-11-12 18:26:56 - [MESSAGE][PASSED] - Text ' ' is set on object 'Object Repository/RAD_Pages/AddressAndContactInfo_Page/input_reEnterEMailAddress'

2024-11-12 18:26:56 - [TEST_STEP][PASSED] - if (TaxType.equalsIgnoreCase("Estate Tax")): null

2024-11-12 18:26:56 - [TEST_STEP][PASSED] - setText(findTestObject(orPath_Amount + "/input__paymentAmount"), ""): Text '' is set on object 'Object Repository/RAD_Pages/PaymentAmount_Page/input__paymentAmount'

2024-11-12 18:26:57 - [MESSAGE][PASSED] - Text '' is set on object 'Object Repository/RAD_Pages/PaymentAmount_Page/input__paymentAmount'

2024-11-12 18:26:57 - [TEST_STEP][PASSED] - resText = "Fail": null

2024-11-12 18:26:57 - [TEST_STEP][PASSED] - pages.WriteExcel.demoKey(resText, datText, resColumn, datCloumn, fileLoc, nameSheet, row): pages.WriteExcel.demoKey is PASSED

2024-11-12 18:26:58 - [MESSAGE][PASSED] - pages.WriteExcel.demoKey is PASSED

2024-11-12 18:26:58 - [TEST_STEP][PASSED] - verifyTextPresent("Enter business name", true, CONTINUE_ON_FAILURE): Text 'Enter business name' is present on page  using regular expression

2024-11-12 18:26:58 - [MESSAGE][PASSED] - Text 'Enter business name' is present on page  using regular expression

2024-11-12 18:26:58 - [TEST_STEP][PASSED] - verifyTextPresent("Enter business rep first name", true, CONTINUE_ON_FAILURE): Text 'Enter business rep first name' is present on page  using regular expression

2024-11-12 18:26:58 - [MESSAGE][PASSED] - Text 'Enter business rep first name' is present on page  using regular expression

2024-11-12 18:26:58 - [TEST_STEP][PASSED] - verifyTextPresent("Enter business rep last name", true, CONTINUE_ON_FAILURE): Text 'Enter business rep last name' is present on page  using regular expression

2024-11-12 18:26:59 - [MESSAGE][PASSED] - Text 'Enter business rep last name' is present on page  using regular expression

2024-11-12 18:26:59 - [TEST_STEP][PASSED] - verifyTextPresent("Enter address", true, CONTINUE_ON_FAILURE): Text 'Enter address' is present on page  using regular expression

2024-11-12 18:26:59 - [MESSAGE][PASSED] - Text 'Enter address' is present on page  using regular expression

2024-11-12 18:26:59 - [TEST_STEP][PASSED] - verifyTextPresent("Enter city", true, CONTINUE_ON_FAILURE): Text 'Enter city' is present on page  using regular expression

2024-11-12 18:26:59 - [MESSAGE][PASSED] - Text 'Enter city' is present on page  using regular expression

2024-11-12 18:26:59 - [TEST_STEP][PASSED] - verifyTextPresent("Enter ZIP code", true, CONTINUE_ON_FAILURE): Text 'Enter ZIP code' is present on page  using regular expression

2024-11-12 18:27:00 - [MESSAGE][PASSED] - Text 'Enter ZIP code' is present on page  using regular expression

2024-11-12 18:27:00 - [TEST_STEP][PASSED] - verifyTextPresent("Enter a valid phone number", true, CONTINUE_ON_FAILURE): Text 'Enter a valid phone number' is present on page  using regular expression

2024-11-12 18:27:00 - [MESSAGE][PASSED] - Text 'Enter a valid phone number' is present on page  using regular expression

2024-11-12 18:27:00 - [TEST_STEP][PASSED] - verifyTextPresent("Enter Email", true, CONTINUE_ON_FAILURE): Text 'Enter Email' is present on page  using regular expression

2024-11-12 18:27:00 - [MESSAGE][PASSED] - Text 'Enter Email' is present on page  using regular expression

2024-11-12 18:27:00 - [TEST_STEP][PASSED] - if (CRN.equalsIgnoreCase("Y")): Text 'Enter valid MD Central Registration Number' is present on page  using regular expression

2024-11-12 18:27:00 - [TEST_STEP][PASSED] - setText(findTestObject(orPath_TaxInfo + "/input_MDCRegistration"), " "): Text ' ' is set on object 'Object Repository/RAD_Pages/TaxInfo_Page/input_MDCRegistration'

2024-11-12 18:27:01 - [MESSAGE][PASSED] - Text ' ' is set on object 'Object Repository/RAD_Pages/TaxInfo_Page/input_MDCRegistration'

2024-11-12 18:27:01 - [TEST_STEP][PASSED] - setText(findTestObject(orPath_Amount + "/input__paymentAmount"), ""): Text '' is set on object 'Object Repository/RAD_Pages/PaymentAmount_Page/input__paymentAmount'

2024-11-12 18:27:02 - [MESSAGE][PASSED] - Text '' is set on object 'Object Repository/RAD_Pages/PaymentAmount_Page/input__paymentAmount'

2024-11-12 18:27:02 - [TEST_STEP][PASSED] - verifyTextPresent("Enter valid MD Central Registration Number", true, CONTINUE_ON_FAILURE): Text 'Enter valid MD Central Registration Number' is present on page  using regular expression

2024-11-12 18:27:02 - [MESSAGE][PASSED] - Text 'Enter valid MD Central Registration Number' is present on page  using regular expression

2024-11-12 18:27:02 - [TEST_STEP][PASSED] - if (MFLicNum.equalsIgnoreCase("Y")): null

2024-11-12 18:27:02 - [TEST_STEP][PASSED] - resText = "Pass": null

2024-11-12 18:27:02 - [TEST_STEP][PASSED] - pages.WriteExcel.demoKey(resText, datText, resColumn, datCloumn, fileLoc, nameSheet, row): pages.WriteExcel.demoKey is PASSED

2024-11-12 18:27:02 - [MESSAGE][PASSED] - pages.WriteExcel.demoKey is PASSED

2024-11-12 18:27:02 - [TEST_STEP][PASSED] - ExecuteTC = findTestData(dataFile).getValue("Execute", row): null

2024-11-12 18:27:02 - [TEST_STEP][PASSED] - TaxType = findTestData(dataFile).getValue("TaxType", row): null

2024-11-12 18:27:02 - [TEST_STEP][PASSED] - PaymentType = findTestData(dataFile).getValue("PaymentType", row): null

2024-11-12 18:27:02 - [TEST_STEP][PASSED] - FilingYear = findTestData(dataFile).getValue("Year", row): null

2024-11-12 18:27:02 - [TEST_STEP][PASSED] - feinSSN = findTestData(dataFile).getValue("FeinSsn", row): null

2024-11-12 18:27:02 - [TEST_STEP][PASSED] - CRN = findTestData(dataFile).getValue("CRN", row): null

2024-11-12 18:27:02 - [TEST_STEP][PASSED] - MFLicNum = findTestData(dataFile).getValue("MFLicNum", row): null

2024-11-12 18:27:02 - [TEST_STEP][PASSED] - if (ExecuteTC.equalsIgnoreCase("Y")): pages.WriteExcel.demoKey is PASSED

2024-11-12 18:27:02 - [TEST_STEP][PASSED] - out.println("Begin Record Number: " + row): null

2024-11-12 18:27:02 - [TEST_STEP][PASSED] - today = new java.util.Date(): null

2024-11-12 18:27:02 - [TEST_STEP][PASSED] - println(today): null

2024-11-12 18:27:02 - [TEST_STEP][PASSED] - datText = today: null

2024-11-12 18:27:02 - [TEST_STEP][PASSED] - logInfo("Payment Type: New Tax Return Amount Due"): Payment Type: New Tax Return Amount Due

2024-11-12 18:27:02 - [MESSAGE][INFO] - Payment Type: New Tax Return Amount Due

2024-11-12 18:27:02 - [TEST_STEP][PASSED] - logInfo("Tax Type: " + TaxType): Tax Type: Tobacco Tax

2024-11-12 18:27:02 - [MESSAGE][INFO] - Tax Type: Tobacco Tax

2024-11-12 18:27:02 - [TEST_STEP][PASSED] - openBrowser(""): Browser is opened with url: ''

2024-11-12 18:27:02 - [MESSAGE][WARNING] - A browser is already opened. Closing browser and opening a new one

2024-11-12 18:27:04 - [MESSAGE][INFO] - Starting 'Chrome' driver

2024-11-12 18:27:04 - [MESSAGE][INFO] - User set preference: ['acceptInsecureCerts', 'true']

2024-11-12 18:27:04 - [MESSAGE][INFO] - Action delay is set to 0 milliseconds

2024-11-12 18:27:06 - [MESSAGE][PASSED] - Browser is opened with url: ''

2024-11-12 18:27:06 - [TEST_STEP][PASSED] - maximizeWindow(): Current window maximized

2024-11-12 18:27:06 - [MESSAGE][PASSED] - Current window maximized

2024-11-12 18:27:06 - [TEST_STEP][PASSED] - navigateToUrl(RADurl): Navigate to 'https://www.velocitypayment.com/client/rad/index.html' successfully

2024-11-12 18:27:06 - [MESSAGE][PASSED] - Navigate to 'https://www.velocitypayment.com/client/rad/index.html' successfully

2024-11-12 18:27:06 - [TEST_STEP][PASSED] - selectOptionByLabel(findTestObject(orPath_Landing + "/dd_TaxType"), "New Tax Return Amount Due", false): All options with label 'New Tax Return Amount Due' are selected in object 'Object Repository/RAD_Pages/Landing_Page/dd_TaxType' 

2024-11-12 18:27:08 - [MESSAGE][PASSED] - All options with label 'New Tax Return Amount Due' are selected in object 'Object Repository/RAD_Pages/Landing_Page/dd_TaxType' 

2024-11-12 18:27:08 - [TEST_STEP][PASSED] - selectOptionByLabel(findTestObject("Object Repository/RAD_Pages/Landing_Page/select_NewTaxReturnAmountDue_TaxType"), TaxType, false): All options with label 'Tobacco Tax' are selected in object 'Object Repository/RAD_Pages/Landing_Page/select_NewTaxReturnAmountDue_TaxType' 

2024-11-12 18:27:09 - [MESSAGE][PASSED] - All options with label 'Tobacco Tax' are selected in object 'Object Repository/RAD_Pages/Landing_Page/select_NewTaxReturnAmountDue_TaxType' 

2024-11-12 18:27:09 - [TEST_STEP][PASSED] - selectOptionByLabel(findTestObject(orPath_TaxTypeFilingYear + "/select_FilingYear"), FilingYear, false): All options with label '2024' are selected in object 'Object Repository/RAD_Pages/TaxTypeFilingYear_Page/select_FilingYear' 

2024-11-12 18:27:09 - [MESSAGE][PASSED] - All options with label '2024' are selected in object 'Object Repository/RAD_Pages/TaxTypeFilingYear_Page/select_FilingYear' 

2024-11-12 18:27:09 - [TEST_STEP][PASSED] - setText(findTestObject(orPath_TaxPayer + "/input_businessName"), " "): Text ' ' is set on object 'Object Repository/RAD_Pages/Taxpayer_Page/input_businessName'

2024-11-12 18:27:10 - [MESSAGE][PASSED] - Text ' ' is set on object 'Object Repository/RAD_Pages/Taxpayer_Page/input_businessName'

2024-11-12 18:27:10 - [TEST_STEP][PASSED] - setText(findTestObject(orPath_TaxPayer + "/input_BusinessRepfirstName"), " "): Text ' ' is set on object 'Object Repository/RAD_Pages/Taxpayer_Page/input_BusinessRepfirstName'

2024-11-12 18:27:11 - [MESSAGE][PASSED] - Text ' ' is set on object 'Object Repository/RAD_Pages/Taxpayer_Page/input_BusinessRepfirstName'

2024-11-12 18:27:11 - [TEST_STEP][PASSED] - setText(findTestObject(orPath_TaxPayer + "/input_BusinessReplastName"), " "): Text ' ' is set on object 'Object Repository/RAD_Pages/Taxpayer_Page/input_BusinessReplastName'

2024-11-12 18:27:12 - [MESSAGE][PASSED] - Text ' ' is set on object 'Object Repository/RAD_Pages/Taxpayer_Page/input_BusinessReplastName'

2024-11-12 18:27:12 - [TEST_STEP][PASSED] - setText(findTestObject(orPath_AddressContact + "/input_streetAddress1"), " "): Text ' ' is set on object 'Object Repository/RAD_Pages/AddressAndContactInfo_Page/input_streetAddress1'

2024-11-12 18:27:12 - [MESSAGE][PASSED] - Text ' ' is set on object 'Object Repository/RAD_Pages/AddressAndContactInfo_Page/input_streetAddress1'

2024-11-12 18:27:12 - [TEST_STEP][PASSED] - setText(findTestObject(orPath_AddressContact + "/input_city"), " "): Text ' ' is set on object 'Object Repository/RAD_Pages/AddressAndContactInfo_Page/input_city'

2024-11-12 18:27:13 - [MESSAGE][PASSED] - Text ' ' is set on object 'Object Repository/RAD_Pages/AddressAndContactInfo_Page/input_city'

2024-11-12 18:27:13 - [TEST_STEP][PASSED] - setText(findTestObject(orPath_AddressContact + "/input_zipCode"), " "): Text ' ' is set on object 'Object Repository/RAD_Pages/AddressAndContactInfo_Page/input_zipCode'

2024-11-12 18:27:14 - [MESSAGE][PASSED] - Text ' ' is set on object 'Object Repository/RAD_Pages/AddressAndContactInfo_Page/input_zipCode'

2024-11-12 18:27:14 - [TEST_STEP][PASSED] - setText(findTestObject(orPath_AddressContact + "/input_phoneNumber"), " "): Text ' ' is set on object 'Object Repository/RAD_Pages/AddressAndContactInfo_Page/input_phoneNumber'

2024-11-12 18:27:15 - [MESSAGE][PASSED] - Text ' ' is set on object 'Object Repository/RAD_Pages/AddressAndContactInfo_Page/input_phoneNumber'

2024-11-12 18:27:15 - [TEST_STEP][PASSED] - setText(findTestObject(orPath_AddressContact + "/input_eMailAddress"), " "): Text ' ' is set on object 'Object Repository/RAD_Pages/AddressAndContactInfo_Page/input_eMailAddress'

2024-11-12 18:27:16 - [MESSAGE][PASSED] - Text ' ' is set on object 'Object Repository/RAD_Pages/AddressAndContactInfo_Page/input_eMailAddress'

2024-11-12 18:27:16 - [TEST_STEP][PASSED] - setText(findTestObject(orPath_AddressContact + "/input_reEnterEMailAddress"), " "): Text ' ' is set on object 'Object Repository/RAD_Pages/AddressAndContactInfo_Page/input_reEnterEMailAddress'

2024-11-12 18:27:16 - [MESSAGE][PASSED] - Text ' ' is set on object 'Object Repository/RAD_Pages/AddressAndContactInfo_Page/input_reEnterEMailAddress'

2024-11-12 18:27:16 - [TEST_STEP][PASSED] - if (TaxType.equalsIgnoreCase("Estate Tax")): null

2024-11-12 18:27:16 - [TEST_STEP][PASSED] - setText(findTestObject(orPath_Amount + "/input__paymentAmount"), ""): Text '' is set on object 'Object Repository/RAD_Pages/PaymentAmount_Page/input__paymentAmount'

2024-11-12 18:27:17 - [MESSAGE][PASSED] - Text '' is set on object 'Object Repository/RAD_Pages/PaymentAmount_Page/input__paymentAmount'

2024-11-12 18:27:17 - [TEST_STEP][PASSED] - resText = "Fail": null

2024-11-12 18:27:17 - [TEST_STEP][PASSED] - pages.WriteExcel.demoKey(resText, datText, resColumn, datCloumn, fileLoc, nameSheet, row): pages.WriteExcel.demoKey is PASSED

2024-11-12 18:27:18 - [MESSAGE][PASSED] - pages.WriteExcel.demoKey is PASSED

2024-11-12 18:27:18 - [TEST_STEP][PASSED] - verifyTextPresent("Enter business name", true, CONTINUE_ON_FAILURE): Text 'Enter business name' is present on page  using regular expression

2024-11-12 18:27:18 - [MESSAGE][PASSED] - Text 'Enter business name' is present on page  using regular expression

2024-11-12 18:27:18 - [TEST_STEP][PASSED] - verifyTextPresent("Enter business rep first name", true, CONTINUE_ON_FAILURE): Text 'Enter business rep first name' is present on page  using regular expression

2024-11-12 18:27:18 - [MESSAGE][PASSED] - Text 'Enter business rep first name' is present on page  using regular expression

2024-11-12 18:27:18 - [TEST_STEP][PASSED] - verifyTextPresent("Enter business rep last name", true, CONTINUE_ON_FAILURE): Text 'Enter business rep last name' is present on page  using regular expression

2024-11-12 18:27:19 - [MESSAGE][PASSED] - Text 'Enter business rep last name' is present on page  using regular expression

2024-11-12 18:27:19 - [TEST_STEP][PASSED] - verifyTextPresent("Enter address", true, CONTINUE_ON_FAILURE): Text 'Enter address' is present on page  using regular expression

2024-11-12 18:27:19 - [MESSAGE][PASSED] - Text 'Enter address' is present on page  using regular expression

2024-11-12 18:27:19 - [TEST_STEP][PASSED] - verifyTextPresent("Enter city", true, CONTINUE_ON_FAILURE): Text 'Enter city' is present on page  using regular expression

2024-11-12 18:27:19 - [MESSAGE][PASSED] - Text 'Enter city' is present on page  using regular expression

2024-11-12 18:27:19 - [TEST_STEP][PASSED] - verifyTextPresent("Enter ZIP code", true, CONTINUE_ON_FAILURE): Text 'Enter ZIP code' is present on page  using regular expression

2024-11-12 18:27:20 - [MESSAGE][PASSED] - Text 'Enter ZIP code' is present on page  using regular expression

2024-11-12 18:27:20 - [TEST_STEP][PASSED] - verifyTextPresent("Enter a valid phone number", true, CONTINUE_ON_FAILURE): Text 'Enter a valid phone number' is present on page  using regular expression

2024-11-12 18:27:20 - [MESSAGE][PASSED] - Text 'Enter a valid phone number' is present on page  using regular expression

2024-11-12 18:27:20 - [TEST_STEP][PASSED] - verifyTextPresent("Enter Email", true, CONTINUE_ON_FAILURE): Text 'Enter Email' is present on page  using regular expression

2024-11-12 18:27:20 - [MESSAGE][PASSED] - Text 'Enter Email' is present on page  using regular expression

2024-11-12 18:27:20 - [TEST_STEP][PASSED] - if (CRN.equalsIgnoreCase("Y")): Text 'Enter valid MD Central Registration Number' is present on page  using regular expression

2024-11-12 18:27:20 - [TEST_STEP][PASSED] - setText(findTestObject(orPath_TaxInfo + "/input_MDCRegistration"), " "): Text ' ' is set on object 'Object Repository/RAD_Pages/TaxInfo_Page/input_MDCRegistration'

2024-11-12 18:27:21 - [MESSAGE][PASSED] - Text ' ' is set on object 'Object Repository/RAD_Pages/TaxInfo_Page/input_MDCRegistration'

2024-11-12 18:27:21 - [TEST_STEP][PASSED] - setText(findTestObject(orPath_Amount + "/input__paymentAmount"), ""): Text '' is set on object 'Object Repository/RAD_Pages/PaymentAmount_Page/input__paymentAmount'

2024-11-12 18:27:22 - [MESSAGE][PASSED] - Text '' is set on object 'Object Repository/RAD_Pages/PaymentAmount_Page/input__paymentAmount'

2024-11-12 18:27:22 - [TEST_STEP][PASSED] - verifyTextPresent("Enter valid MD Central Registration Number", true, CONTINUE_ON_FAILURE): Text 'Enter valid MD Central Registration Number' is present on page  using regular expression

2024-11-12 18:27:22 - [MESSAGE][PASSED] - Text 'Enter valid MD Central Registration Number' is present on page  using regular expression

2024-11-12 18:27:22 - [TEST_STEP][PASSED] - if (MFLicNum.equalsIgnoreCase("Y")): null

2024-11-12 18:27:22 - [TEST_STEP][PASSED] - resText = "Pass": null

2024-11-12 18:27:22 - [TEST_STEP][PASSED] - pages.WriteExcel.demoKey(resText, datText, resColumn, datCloumn, fileLoc, nameSheet, row): pages.WriteExcel.demoKey is PASSED

2024-11-12 18:27:22 - [MESSAGE][PASSED] - pages.WriteExcel.demoKey is PASSED

2024-11-12 18:27:22 - [TEST_STEP][PASSED] - ExecuteTC = findTestData(dataFile).getValue("Execute", row): null

2024-11-12 18:27:22 - [TEST_STEP][PASSED] - TaxType = findTestData(dataFile).getValue("TaxType", row): null

2024-11-12 18:27:22 - [TEST_STEP][PASSED] - PaymentType = findTestData(dataFile).getValue("PaymentType", row): null

2024-11-12 18:27:22 - [TEST_STEP][PASSED] - FilingYear = findTestData(dataFile).getValue("Year", row): null

2024-11-12 18:27:22 - [TEST_STEP][PASSED] - feinSSN = findTestData(dataFile).getValue("FeinSsn", row): null

2024-11-12 18:27:22 - [TEST_STEP][PASSED] - CRN = findTestData(dataFile).getValue("CRN", row): null

2024-11-12 18:27:22 - [TEST_STEP][PASSED] - MFLicNum = findTestData(dataFile).getValue("MFLicNum", row): null

2024-11-12 18:27:22 - [TEST_STEP][PASSED] - if (ExecuteTC.equalsIgnoreCase("Y")): pages.WriteExcel.demoKey is PASSED

2024-11-12 18:27:22 - [TEST_STEP][PASSED] - out.println("Begin Record Number: " + row): null

2024-11-12 18:27:23 - [TEST_STEP][PASSED] - today = new java.util.Date(): null

2024-11-12 18:27:23 - [TEST_STEP][PASSED] - println(today): null

2024-11-12 18:27:23 - [TEST_STEP][PASSED] - datText = today: null

2024-11-12 18:27:23 - [TEST_STEP][PASSED] - logInfo("Payment Type: New Tax Return Amount Due"): Payment Type: New Tax Return Amount Due

2024-11-12 18:27:23 - [MESSAGE][INFO] - Payment Type: New Tax Return Amount Due

2024-11-12 18:27:23 - [TEST_STEP][PASSED] - logInfo("Tax Type: " + TaxType): Tax Type: Transportation Network Services

2024-11-12 18:27:23 - [MESSAGE][INFO] - Tax Type: Transportation Network Services

2024-11-12 18:27:23 - [TEST_STEP][PASSED] - openBrowser(""): Browser is opened with url: ''

2024-11-12 18:27:23 - [MESSAGE][WARNING] - A browser is already opened. Closing browser and opening a new one

2024-11-12 18:27:24 - [MESSAGE][INFO] - Starting 'Chrome' driver

2024-11-12 18:27:24 - [MESSAGE][INFO] - User set preference: ['acceptInsecureCerts', 'true']

2024-11-12 18:27:24 - [MESSAGE][INFO] - Action delay is set to 0 milliseconds

2024-11-12 18:27:26 - [MESSAGE][PASSED] - Browser is opened with url: ''

2024-11-12 18:27:26 - [TEST_STEP][PASSED] - maximizeWindow(): Current window maximized

2024-11-12 18:27:26 - [MESSAGE][PASSED] - Current window maximized

2024-11-12 18:27:26 - [TEST_STEP][PASSED] - navigateToUrl(RADurl): Navigate to 'https://www.velocitypayment.com/client/rad/index.html' successfully

2024-11-12 18:27:27 - [MESSAGE][PASSED] - Navigate to 'https://www.velocitypayment.com/client/rad/index.html' successfully

2024-11-12 18:27:27 - [TEST_STEP][PASSED] - selectOptionByLabel(findTestObject(orPath_Landing + "/dd_TaxType"), "New Tax Return Amount Due", false): All options with label 'New Tax Return Amount Due' are selected in object 'Object Repository/RAD_Pages/Landing_Page/dd_TaxType' 

2024-11-12 18:27:28 - [MESSAGE][PASSED] - All options with label 'New Tax Return Amount Due' are selected in object 'Object Repository/RAD_Pages/Landing_Page/dd_TaxType' 

2024-11-12 18:27:28 - [TEST_STEP][PASSED] - selectOptionByLabel(findTestObject("Object Repository/RAD_Pages/Landing_Page/select_NewTaxReturnAmountDue_TaxType"), TaxType, false): All options with label 'Transportation Network Services' are selected in object 'Object Repository/RAD_Pages/Landing_Page/select_NewTaxReturnAmountDue_TaxType' 

2024-11-12 18:27:29 - [MESSAGE][PASSED] - All options with label 'Transportation Network Services' are selected in object 'Object Repository/RAD_Pages/Landing_Page/select_NewTaxReturnAmountDue_TaxType' 

2024-11-12 18:27:29 - [TEST_STEP][PASSED] - selectOptionByLabel(findTestObject(orPath_TaxTypeFilingYear + "/select_FilingYear"), FilingYear, false): All options with label '2024' are selected in object 'Object Repository/RAD_Pages/TaxTypeFilingYear_Page/select_FilingYear' 

2024-11-12 18:27:29 - [MESSAGE][PASSED] - All options with label '2024' are selected in object 'Object Repository/RAD_Pages/TaxTypeFilingYear_Page/select_FilingYear' 

2024-11-12 18:27:29 - [TEST_STEP][PASSED] - setText(findTestObject(orPath_TaxPayer + "/input_businessName"), " "): Text ' ' is set on object 'Object Repository/RAD_Pages/Taxpayer_Page/input_businessName'

2024-11-12 18:27:30 - [MESSAGE][PASSED] - Text ' ' is set on object 'Object Repository/RAD_Pages/Taxpayer_Page/input_businessName'

2024-11-12 18:27:30 - [TEST_STEP][PASSED] - setText(findTestObject(orPath_TaxPayer + "/input_BusinessRepfirstName"), " "): Text ' ' is set on object 'Object Repository/RAD_Pages/Taxpayer_Page/input_BusinessRepfirstName'

2024-11-12 18:27:31 - [MESSAGE][PASSED] - Text ' ' is set on object 'Object Repository/RAD_Pages/Taxpayer_Page/input_BusinessRepfirstName'

2024-11-12 18:27:31 - [TEST_STEP][PASSED] - setText(findTestObject(orPath_TaxPayer + "/input_BusinessReplastName"), " "): Text ' ' is set on object 'Object Repository/RAD_Pages/Taxpayer_Page/input_BusinessReplastName'

2024-11-12 18:27:32 - [MESSAGE][PASSED] - Text ' ' is set on object 'Object Repository/RAD_Pages/Taxpayer_Page/input_BusinessReplastName'

2024-11-12 18:27:32 - [TEST_STEP][PASSED] - setText(findTestObject(orPath_AddressContact + "/input_streetAddress1"), " "): Text ' ' is set on object 'Object Repository/RAD_Pages/AddressAndContactInfo_Page/input_streetAddress1'

2024-11-12 18:27:32 - [MESSAGE][PASSED] - Text ' ' is set on object 'Object Repository/RAD_Pages/AddressAndContactInfo_Page/input_streetAddress1'

2024-11-12 18:27:32 - [TEST_STEP][PASSED] - setText(findTestObject(orPath_AddressContact + "/input_city"), " "): Text ' ' is set on object 'Object Repository/RAD_Pages/AddressAndContactInfo_Page/input_city'

2024-11-12 18:27:33 - [MESSAGE][PASSED] - Text ' ' is set on object 'Object Repository/RAD_Pages/AddressAndContactInfo_Page/input_city'

2024-11-12 18:27:33 - [TEST_STEP][PASSED] - setText(findTestObject(orPath_AddressContact + "/input_zipCode"), " "): Text ' ' is set on object 'Object Repository/RAD_Pages/AddressAndContactInfo_Page/input_zipCode'

2024-11-12 18:27:34 - [MESSAGE][PASSED] - Text ' ' is set on object 'Object Repository/RAD_Pages/AddressAndContactInfo_Page/input_zipCode'

2024-11-12 18:27:34 - [TEST_STEP][PASSED] - setText(findTestObject(orPath_AddressContact + "/input_phoneNumber"), " "): Text ' ' is set on object 'Object Repository/RAD_Pages/AddressAndContactInfo_Page/input_phoneNumber'

2024-11-12 18:27:35 - [MESSAGE][PASSED] - Text ' ' is set on object 'Object Repository/RAD_Pages/AddressAndContactInfo_Page/input_phoneNumber'

2024-11-12 18:27:35 - [TEST_STEP][PASSED] - setText(findTestObject(orPath_AddressContact + "/input_eMailAddress"), " "): Text ' ' is set on object 'Object Repository/RAD_Pages/AddressAndContactInfo_Page/input_eMailAddress'

2024-11-12 18:27:36 - [MESSAGE][PASSED] - Text ' ' is set on object 'Object Repository/RAD_Pages/AddressAndContactInfo_Page/input_eMailAddress'

2024-11-12 18:27:36 - [TEST_STEP][PASSED] - setText(findTestObject(orPath_AddressContact + "/input_reEnterEMailAddress"), " "): Text ' ' is set on object 'Object Repository/RAD_Pages/AddressAndContactInfo_Page/input_reEnterEMailAddress'

2024-11-12 18:27:37 - [MESSAGE][PASSED] - Text ' ' is set on object 'Object Repository/RAD_Pages/AddressAndContactInfo_Page/input_reEnterEMailAddress'

2024-11-12 18:27:37 - [TEST_STEP][PASSED] - if (TaxType.equalsIgnoreCase("Estate Tax")): null

2024-11-12 18:27:37 - [TEST_STEP][PASSED] - setText(findTestObject(orPath_Amount + "/input__paymentAmount"), ""): Text '' is set on object 'Object Repository/RAD_Pages/PaymentAmount_Page/input__paymentAmount'

2024-11-12 18:27:38 - [MESSAGE][PASSED] - Text '' is set on object 'Object Repository/RAD_Pages/PaymentAmount_Page/input__paymentAmount'

2024-11-12 18:27:38 - [TEST_STEP][PASSED] - resText = "Fail": null

2024-11-12 18:27:38 - [TEST_STEP][PASSED] - pages.WriteExcel.demoKey(resText, datText, resColumn, datCloumn, fileLoc, nameSheet, row): pages.WriteExcel.demoKey is PASSED

2024-11-12 18:27:38 - [MESSAGE][PASSED] - pages.WriteExcel.demoKey is PASSED

2024-11-12 18:27:38 - [TEST_STEP][PASSED] - verifyTextPresent("Enter business name", true, CONTINUE_ON_FAILURE): Text 'Enter business name' is present on page  using regular expression

2024-11-12 18:27:38 - [MESSAGE][PASSED] - Text 'Enter business name' is present on page  using regular expression

2024-11-12 18:27:38 - [TEST_STEP][PASSED] - verifyTextPresent("Enter business rep first name", true, CONTINUE_ON_FAILURE): Text 'Enter business rep first name' is present on page  using regular expression

2024-11-12 18:27:39 - [MESSAGE][PASSED] - Text 'Enter business rep first name' is present on page  using regular expression

2024-11-12 18:27:39 - [TEST_STEP][PASSED] - verifyTextPresent("Enter business rep last name", true, CONTINUE_ON_FAILURE): Text 'Enter business rep last name' is present on page  using regular expression

2024-11-12 18:27:40 - [MESSAGE][PASSED] - Text 'Enter business rep last name' is present on page  using regular expression

2024-11-12 18:27:40 - [TEST_STEP][PASSED] - verifyTextPresent("Enter address", true, CONTINUE_ON_FAILURE): Text 'Enter address' is present on page  using regular expression

2024-11-12 18:27:40 - [MESSAGE][PASSED] - Text 'Enter address' is present on page  using regular expression

2024-11-12 18:27:40 - [TEST_STEP][PASSED] - verifyTextPresent("Enter city", true, CONTINUE_ON_FAILURE): Text 'Enter city' is present on page  using regular expression

2024-11-12 18:27:41 - [MESSAGE][PASSED] - Text 'Enter city' is present on page  using regular expression

2024-11-12 18:27:41 - [TEST_STEP][PASSED] - verifyTextPresent("Enter ZIP code", true, CONTINUE_ON_FAILURE): Text 'Enter ZIP code' is present on page  using regular expression

2024-11-12 18:27:41 - [MESSAGE][PASSED] - Text 'Enter ZIP code' is present on page  using regular expression

2024-11-12 18:27:41 - [TEST_STEP][PASSED] - verifyTextPresent("Enter a valid phone number", true, CONTINUE_ON_FAILURE): Text 'Enter a valid phone number' is present on page  using regular expression

2024-11-12 18:27:42 - [MESSAGE][PASSED] - Text 'Enter a valid phone number' is present on page  using regular expression

2024-11-12 18:27:42 - [TEST_STEP][PASSED] - verifyTextPresent("Enter Email", true, CONTINUE_ON_FAILURE): Text 'Enter Email' is present on page  using regular expression

2024-11-12 18:27:42 - [MESSAGE][PASSED] - Text 'Enter Email' is present on page  using regular expression

2024-11-12 18:27:42 - [TEST_STEP][PASSED] - if (CRN.equalsIgnoreCase("Y")): Text 'Enter valid MD Central Registration Number' is present on page  using regular expression

2024-11-12 18:27:42 - [TEST_STEP][PASSED] - setText(findTestObject(orPath_TaxInfo + "/input_MDCRegistration"), " "): Text ' ' is set on object 'Object Repository/RAD_Pages/TaxInfo_Page/input_MDCRegistration'

2024-11-12 18:27:43 - [MESSAGE][PASSED] - Text ' ' is set on object 'Object Repository/RAD_Pages/TaxInfo_Page/input_MDCRegistration'

2024-11-12 18:27:43 - [TEST_STEP][PASSED] - setText(findTestObject(orPath_Amount + "/input__paymentAmount"), ""): Text '' is set on object 'Object Repository/RAD_Pages/PaymentAmount_Page/input__paymentAmount'

2024-11-12 18:27:43 - [MESSAGE][PASSED] - Text '' is set on object 'Object Repository/RAD_Pages/PaymentAmount_Page/input__paymentAmount'

2024-11-12 18:27:43 - [TEST_STEP][PASSED] - verifyTextPresent("Enter valid MD Central Registration Number", true, CONTINUE_ON_FAILURE): Text 'Enter valid MD Central Registration Number' is present on page  using regular expression

2024-11-12 18:27:44 - [MESSAGE][PASSED] - Text 'Enter valid MD Central Registration Number' is present on page  using regular expression

2024-11-12 18:27:44 - [TEST_STEP][PASSED] - if (MFLicNum.equalsIgnoreCase("Y")): null

2024-11-12 18:27:44 - [TEST_STEP][PASSED] - resText = "Pass": null

2024-11-12 18:27:44 - [TEST_STEP][PASSED] - pages.WriteExcel.demoKey(resText, datText, resColumn, datCloumn, fileLoc, nameSheet, row): pages.WriteExcel.demoKey is PASSED

2024-11-12 18:27:44 - [MESSAGE][PASSED] - pages.WriteExcel.demoKey is PASSED

2024-11-12 18:27:44 - [TEST_STEP][PASSED] - ExecuteTC = findTestData(dataFile).getValue("Execute", row): null

2024-11-12 18:27:44 - [TEST_STEP][PASSED] - TaxType = findTestData(dataFile).getValue("TaxType", row): null

2024-11-12 18:27:44 - [TEST_STEP][PASSED] - PaymentType = findTestData(dataFile).getValue("PaymentType", row): null

2024-11-12 18:27:44 - [TEST_STEP][PASSED] - FilingYear = findTestData(dataFile).getValue("Year", row): null

2024-11-12 18:27:44 - [TEST_STEP][PASSED] - feinSSN = findTestData(dataFile).getValue("FeinSsn", row): null

2024-11-12 18:27:44 - [TEST_STEP][PASSED] - CRN = findTestData(dataFile).getValue("CRN", row): null

2024-11-12 18:27:44 - [TEST_STEP][PASSED] - MFLicNum = findTestData(dataFile).getValue("MFLicNum", row): null

2024-11-12 18:27:44 - [TEST_STEP][PASSED] - if (ExecuteTC.equalsIgnoreCase("Y")): pages.WriteExcel.demoKey is PASSED

2024-11-12 18:27:44 - [TEST_STEP][PASSED] - out.println("Begin Record Number: " + row): null

2024-11-12 18:27:44 - [TEST_STEP][PASSED] - today = new java.util.Date(): null

2024-11-12 18:27:44 - [TEST_STEP][PASSED] - println(today): null

2024-11-12 18:27:44 - [TEST_STEP][PASSED] - datText = today: null

2024-11-12 18:27:44 - [TEST_STEP][PASSED] - logInfo("Payment Type: New Tax Return Amount Due"): Payment Type: New Tax Return Amount Due

2024-11-12 18:27:44 - [MESSAGE][INFO] - Payment Type: New Tax Return Amount Due

2024-11-12 18:27:44 - [TEST_STEP][PASSED] - logInfo("Tax Type: " + TaxType): Tax Type: Unclaimed Property

2024-11-12 18:27:44 - [MESSAGE][INFO] - Tax Type: Unclaimed Property

2024-11-12 18:27:44 - [TEST_STEP][PASSED] - openBrowser(""): Browser is opened with url: ''

2024-11-12 18:27:44 - [MESSAGE][WARNING] - A browser is already opened. Closing browser and opening a new one

2024-11-12 18:27:46 - [MESSAGE][INFO] - Starting 'Chrome' driver

2024-11-12 18:27:46 - [MESSAGE][INFO] - User set preference: ['acceptInsecureCerts', 'true']

2024-11-12 18:27:46 - [MESSAGE][INFO] - Action delay is set to 0 milliseconds

2024-11-12 18:27:47 - [MESSAGE][PASSED] - Browser is opened with url: ''

2024-11-12 18:27:47 - [TEST_STEP][PASSED] - maximizeWindow(): Current window maximized

2024-11-12 18:27:47 - [MESSAGE][PASSED] - Current window maximized

2024-11-12 18:27:47 - [TEST_STEP][PASSED] - navigateToUrl(RADurl): Navigate to 'https://www.velocitypayment.com/client/rad/index.html' successfully

2024-11-12 18:27:49 - [MESSAGE][PASSED] - Navigate to 'https://www.velocitypayment.com/client/rad/index.html' successfully

2024-11-12 18:27:49 - [TEST_STEP][PASSED] - selectOptionByLabel(findTestObject(orPath_Landing + "/dd_TaxType"), "New Tax Return Amount Due", false): All options with label 'New Tax Return Amount Due' are selected in object 'Object Repository/RAD_Pages/Landing_Page/dd_TaxType' 

2024-11-12 18:27:50 - [MESSAGE][PASSED] - All options with label 'New Tax Return Amount Due' are selected in object 'Object Repository/RAD_Pages/Landing_Page/dd_TaxType' 

2024-11-12 18:27:50 - [TEST_STEP][PASSED] - selectOptionByLabel(findTestObject("Object Repository/RAD_Pages/Landing_Page/select_NewTaxReturnAmountDue_TaxType"), TaxType, false): All options with label 'Unclaimed Property' are selected in object 'Object Repository/RAD_Pages/Landing_Page/select_NewTaxReturnAmountDue_TaxType' 

2024-11-12 18:27:50 - [MESSAGE][PASSED] - All options with label 'Unclaimed Property' are selected in object 'Object Repository/RAD_Pages/Landing_Page/select_NewTaxReturnAmountDue_TaxType' 

2024-11-12 18:27:50 - [TEST_STEP][PASSED] - selectOptionByLabel(findTestObject(orPath_TaxTypeFilingYear + "/select_FilingYear"), FilingYear, false): All options with label '2024' are selected in object 'Object Repository/RAD_Pages/TaxTypeFilingYear_Page/select_FilingYear' 

2024-11-12 18:27:51 - [MESSAGE][PASSED] - All options with label '2024' are selected in object 'Object Repository/RAD_Pages/TaxTypeFilingYear_Page/select_FilingYear' 

2024-11-12 18:27:51 - [TEST_STEP][PASSED] - setText(findTestObject(orPath_TaxPayer + "/input_businessName"), " "): Text ' ' is set on object 'Object Repository/RAD_Pages/Taxpayer_Page/input_businessName'

2024-11-12 18:27:52 - [MESSAGE][PASSED] - Text ' ' is set on object 'Object Repository/RAD_Pages/Taxpayer_Page/input_businessName'

2024-11-12 18:27:52 - [TEST_STEP][PASSED] - setText(findTestObject(orPath_TaxPayer + "/input_BusinessRepfirstName"), " "): Text ' ' is set on object 'Object Repository/RAD_Pages/Taxpayer_Page/input_BusinessRepfirstName'

2024-11-12 18:27:53 - [MESSAGE][PASSED] - Text ' ' is set on object 'Object Repository/RAD_Pages/Taxpayer_Page/input_BusinessRepfirstName'

2024-11-12 18:27:53 - [TEST_STEP][PASSED] - setText(findTestObject(orPath_TaxPayer + "/input_BusinessReplastName"), " "): Text ' ' is set on object 'Object Repository/RAD_Pages/Taxpayer_Page/input_BusinessReplastName'

2024-11-12 18:27:53 - [MESSAGE][PASSED] - Text ' ' is set on object 'Object Repository/RAD_Pages/Taxpayer_Page/input_BusinessReplastName'

2024-11-12 18:27:53 - [TEST_STEP][PASSED] - setText(findTestObject(orPath_AddressContact + "/input_streetAddress1"), " "): Text ' ' is set on object 'Object Repository/RAD_Pages/AddressAndContactInfo_Page/input_streetAddress1'

2024-11-12 18:27:54 - [MESSAGE][PASSED] - Text ' ' is set on object 'Object Repository/RAD_Pages/AddressAndContactInfo_Page/input_streetAddress1'

2024-11-12 18:27:54 - [TEST_STEP][PASSED] - setText(findTestObject(orPath_AddressContact + "/input_city"), " "): Text ' ' is set on object 'Object Repository/RAD_Pages/AddressAndContactInfo_Page/input_city'

2024-11-12 18:27:55 - [MESSAGE][PASSED] - Text ' ' is set on object 'Object Repository/RAD_Pages/AddressAndContactInfo_Page/input_city'

2024-11-12 18:27:55 - [TEST_STEP][PASSED] - setText(findTestObject(orPath_AddressContact + "/input_zipCode"), " "): Text ' ' is set on object 'Object Repository/RAD_Pages/AddressAndContactInfo_Page/input_zipCode'

2024-11-12 18:27:55 - [MESSAGE][PASSED] - Text ' ' is set on object 'Object Repository/RAD_Pages/AddressAndContactInfo_Page/input_zipCode'

2024-11-12 18:27:55 - [TEST_STEP][PASSED] - setText(findTestObject(orPath_AddressContact + "/input_phoneNumber"), " "): Text ' ' is set on object 'Object Repository/RAD_Pages/AddressAndContactInfo_Page/input_phoneNumber'

2024-11-12 18:27:56 - [MESSAGE][PASSED] - Text ' ' is set on object 'Object Repository/RAD_Pages/AddressAndContactInfo_Page/input_phoneNumber'

2024-11-12 18:27:56 - [TEST_STEP][PASSED] - setText(findTestObject(orPath_AddressContact + "/input_eMailAddress"), " "): Text ' ' is set on object 'Object Repository/RAD_Pages/AddressAndContactInfo_Page/input_eMailAddress'

2024-11-12 18:27:57 - [MESSAGE][PASSED] - Text ' ' is set on object 'Object Repository/RAD_Pages/AddressAndContactInfo_Page/input_eMailAddress'

2024-11-12 18:27:57 - [TEST_STEP][PASSED] - setText(findTestObject(orPath_AddressContact + "/input_reEnterEMailAddress"), " "): Text ' ' is set on object 'Object Repository/RAD_Pages/AddressAndContactInfo_Page/input_reEnterEMailAddress'

2024-11-12 18:27:58 - [MESSAGE][PASSED] - Text ' ' is set on object 'Object Repository/RAD_Pages/AddressAndContactInfo_Page/input_reEnterEMailAddress'

2024-11-12 18:27:58 - [TEST_STEP][PASSED] - if (TaxType.equalsIgnoreCase("Estate Tax")): null

2024-11-12 18:27:58 - [TEST_STEP][PASSED] - setText(findTestObject(orPath_Amount + "/input__paymentAmount"), ""): Text '' is set on object 'Object Repository/RAD_Pages/PaymentAmount_Page/input__paymentAmount'

2024-11-12 18:27:59 - [MESSAGE][PASSED] - Text '' is set on object 'Object Repository/RAD_Pages/PaymentAmount_Page/input__paymentAmount'

2024-11-12 18:27:59 - [TEST_STEP][PASSED] - resText = "Fail": null

2024-11-12 18:27:59 - [TEST_STEP][PASSED] - pages.WriteExcel.demoKey(resText, datText, resColumn, datCloumn, fileLoc, nameSheet, row): pages.WriteExcel.demoKey is PASSED

2024-11-12 18:27:59 - [MESSAGE][PASSED] - pages.WriteExcel.demoKey is PASSED

2024-11-12 18:27:59 - [TEST_STEP][PASSED] - verifyTextPresent("Enter business name", true, CONTINUE_ON_FAILURE): Text 'Enter business name' is present on page  using regular expression

2024-11-12 18:27:59 - [MESSAGE][PASSED] - Text 'Enter business name' is present on page  using regular expression

2024-11-12 18:27:59 - [TEST_STEP][PASSED] - verifyTextPresent("Enter business rep first name", true, CONTINUE_ON_FAILURE): Text 'Enter business rep first name' is present on page  using regular expression

2024-11-12 18:28:00 - [MESSAGE][PASSED] - Text 'Enter business rep first name' is present on page  using regular expression

2024-11-12 18:28:00 - [TEST_STEP][PASSED] - verifyTextPresent("Enter business rep last name", true, CONTINUE_ON_FAILURE): Text 'Enter business rep last name' is present on page  using regular expression

2024-11-12 18:28:00 - [MESSAGE][PASSED] - Text 'Enter business rep last name' is present on page  using regular expression

2024-11-12 18:28:00 - [TEST_STEP][PASSED] - verifyTextPresent("Enter address", true, CONTINUE_ON_FAILURE): Text 'Enter address' is present on page  using regular expression

2024-11-12 18:28:00 - [MESSAGE][PASSED] - Text 'Enter address' is present on page  using regular expression

2024-11-12 18:28:00 - [TEST_STEP][PASSED] - verifyTextPresent("Enter city", true, CONTINUE_ON_FAILURE): Text 'Enter city' is present on page  using regular expression

2024-11-12 18:28:01 - [MESSAGE][PASSED] - Text 'Enter city' is present on page  using regular expression

2024-11-12 18:28:01 - [TEST_STEP][PASSED] - verifyTextPresent("Enter ZIP code", true, CONTINUE_ON_FAILURE): Text 'Enter ZIP code' is present on page  using regular expression

2024-11-12 18:28:01 - [MESSAGE][PASSED] - Text 'Enter ZIP code' is present on page  using regular expression

2024-11-12 18:28:01 - [TEST_STEP][PASSED] - verifyTextPresent("Enter a valid phone number", true, CONTINUE_ON_FAILURE): Text 'Enter a valid phone number' is present on page  using regular expression

2024-11-12 18:28:02 - [MESSAGE][PASSED] - Text 'Enter a valid phone number' is present on page  using regular expression

2024-11-12 18:28:02 - [TEST_STEP][PASSED] - verifyTextPresent("Enter Email", true, CONTINUE_ON_FAILURE): Text 'Enter Email' is present on page  using regular expression

2024-11-12 18:28:02 - [MESSAGE][PASSED] - Text 'Enter Email' is present on page  using regular expression

2024-11-12 18:28:02 - [TEST_STEP][PASSED] - if (CRN.equalsIgnoreCase("Y")): null

2024-11-12 18:28:02 - [TEST_STEP][PASSED] - if (MFLicNum.equalsIgnoreCase("Y")): null

2024-11-12 18:28:02 - [TEST_STEP][PASSED] - resText = "Pass": null

2024-11-12 18:28:02 - [TEST_STEP][PASSED] - pages.WriteExcel.demoKey(resText, datText, resColumn, datCloumn, fileLoc, nameSheet, row): pages.WriteExcel.demoKey is PASSED

2024-11-12 18:28:02 - [MESSAGE][PASSED] - pages.WriteExcel.demoKey is PASSED

2024-11-12 18:28:02 - [TEST_STEP][PASSED] - ExecuteTC = findTestData(dataFile).getValue("Execute", row): null

2024-11-12 18:28:02 - [TEST_STEP][PASSED] - TaxType = findTestData(dataFile).getValue("TaxType", row): null

2024-11-12 18:28:02 - [TEST_STEP][PASSED] - PaymentType = findTestData(dataFile).getValue("PaymentType", row): null

2024-11-12 18:28:02 - [TEST_STEP][PASSED] - FilingYear = findTestData(dataFile).getValue("Year", row): null

2024-11-12 18:28:02 - [TEST_STEP][PASSED] - feinSSN = findTestData(dataFile).getValue("FeinSsn", row): null

2024-11-12 18:28:02 - [TEST_STEP][PASSED] - CRN = findTestData(dataFile).getValue("CRN", row): null

2024-11-12 18:28:02 - [TEST_STEP][PASSED] - MFLicNum = findTestData(dataFile).getValue("MFLicNum", row): null

2024-11-12 18:28:02 - [TEST_STEP][PASSED] - if (ExecuteTC.equalsIgnoreCase("Y")): pages.WriteExcel.demoKey is PASSED

2024-11-12 18:28:02 - [TEST_STEP][PASSED] - out.println("Begin Record Number: " + row): null

2024-11-12 18:28:02 - [TEST_STEP][PASSED] - today = new java.util.Date(): null

2024-11-12 18:28:02 - [TEST_STEP][PASSED] - println(today): null

2024-11-12 18:28:02 - [TEST_STEP][PASSED] - datText = today: null

2024-11-12 18:28:02 - [TEST_STEP][PASSED] - logInfo("Payment Type: New Tax Return Amount Due"): Payment Type: New Tax Return Amount Due

2024-11-12 18:28:02 - [MESSAGE][INFO] - Payment Type: New Tax Return Amount Due

2024-11-12 18:28:03 - [TEST_STEP][PASSED] - logInfo("Tax Type: " + TaxType): Tax Type: Withholding Tax

2024-11-12 18:28:03 - [MESSAGE][INFO] - Tax Type: Withholding Tax

2024-11-12 18:28:03 - [TEST_STEP][PASSED] - openBrowser(""): Browser is opened with url: ''

2024-11-12 18:28:03 - [MESSAGE][WARNING] - A browser is already opened. Closing browser and opening a new one

2024-11-12 18:28:04 - [MESSAGE][INFO] - Starting 'Chrome' driver

2024-11-12 18:28:04 - [MESSAGE][INFO] - User set preference: ['acceptInsecureCerts', 'true']

2024-11-12 18:28:04 - [MESSAGE][INFO] - Action delay is set to 0 milliseconds

2024-11-12 18:28:06 - [MESSAGE][PASSED] - Browser is opened with url: ''

2024-11-12 18:28:06 - [TEST_STEP][PASSED] - maximizeWindow(): Current window maximized

2024-11-12 18:28:06 - [MESSAGE][PASSED] - Current window maximized

2024-11-12 18:28:06 - [TEST_STEP][PASSED] - navigateToUrl(RADurl): Navigate to 'https://www.velocitypayment.com/client/rad/index.html' successfully

2024-11-12 18:28:07 - [MESSAGE][PASSED] - Navigate to 'https://www.velocitypayment.com/client/rad/index.html' successfully

2024-11-12 18:28:07 - [TEST_STEP][PASSED] - selectOptionByLabel(findTestObject(orPath_Landing + "/dd_TaxType"), "New Tax Return Amount Due", false): All options with label 'New Tax Return Amount Due' are selected in object 'Object Repository/RAD_Pages/Landing_Page/dd_TaxType' 

2024-11-12 18:28:08 - [MESSAGE][PASSED] - All options with label 'New Tax Return Amount Due' are selected in object 'Object Repository/RAD_Pages/Landing_Page/dd_TaxType' 

2024-11-12 18:28:08 - [TEST_STEP][PASSED] - selectOptionByLabel(findTestObject("Object Repository/RAD_Pages/Landing_Page/select_NewTaxReturnAmountDue_TaxType"), TaxType, false): All options with label 'Withholding Tax' are selected in object 'Object Repository/RAD_Pages/Landing_Page/select_NewTaxReturnAmountDue_TaxType' 

2024-11-12 18:28:09 - [MESSAGE][PASSED] - All options with label 'Withholding Tax' are selected in object 'Object Repository/RAD_Pages/Landing_Page/select_NewTaxReturnAmountDue_TaxType' 

2024-11-12 18:28:09 - [TEST_STEP][PASSED] - selectOptionByLabel(findTestObject(orPath_TaxTypeFilingYear + "/select_FilingYear"), FilingYear, false): All options with label '2024' are selected in object 'Object Repository/RAD_Pages/TaxTypeFilingYear_Page/select_FilingYear' 

2024-11-12 18:28:09 - [MESSAGE][PASSED] - All options with label '2024' are selected in object 'Object Repository/RAD_Pages/TaxTypeFilingYear_Page/select_FilingYear' 

2024-11-12 18:28:09 - [TEST_STEP][PASSED] - setText(findTestObject(orPath_TaxPayer + "/input_businessName"), " "): Text ' ' is set on object 'Object Repository/RAD_Pages/Taxpayer_Page/input_businessName'

2024-11-12 18:28:10 - [MESSAGE][PASSED] - Text ' ' is set on object 'Object Repository/RAD_Pages/Taxpayer_Page/input_businessName'

2024-11-12 18:28:10 - [TEST_STEP][PASSED] - setText(findTestObject(orPath_TaxPayer + "/input_BusinessRepfirstName"), " "): Text ' ' is set on object 'Object Repository/RAD_Pages/Taxpayer_Page/input_BusinessRepfirstName'

2024-11-12 18:28:11 - [MESSAGE][PASSED] - Text ' ' is set on object 'Object Repository/RAD_Pages/Taxpayer_Page/input_BusinessRepfirstName'

2024-11-12 18:28:11 - [TEST_STEP][PASSED] - setText(findTestObject(orPath_TaxPayer + "/input_BusinessReplastName"), " "): Text ' ' is set on object 'Object Repository/RAD_Pages/Taxpayer_Page/input_BusinessReplastName'

2024-11-12 18:28:12 - [MESSAGE][PASSED] - Text ' ' is set on object 'Object Repository/RAD_Pages/Taxpayer_Page/input_BusinessReplastName'

2024-11-12 18:28:12 - [TEST_STEP][PASSED] - setText(findTestObject(orPath_AddressContact + "/input_streetAddress1"), " "): Text ' ' is set on object 'Object Repository/RAD_Pages/AddressAndContactInfo_Page/input_streetAddress1'

2024-11-12 18:28:12 - [MESSAGE][PASSED] - Text ' ' is set on object 'Object Repository/RAD_Pages/AddressAndContactInfo_Page/input_streetAddress1'

2024-11-12 18:28:12 - [TEST_STEP][PASSED] - setText(findTestObject(orPath_AddressContact + "/input_city"), " "): Text ' ' is set on object 'Object Repository/RAD_Pages/AddressAndContactInfo_Page/input_city'

2024-11-12 18:28:13 - [MESSAGE][PASSED] - Text ' ' is set on object 'Object Repository/RAD_Pages/AddressAndContactInfo_Page/input_city'

2024-11-12 18:28:13 - [TEST_STEP][PASSED] - setText(findTestObject(orPath_AddressContact + "/input_zipCode"), " "): Text ' ' is set on object 'Object Repository/RAD_Pages/AddressAndContactInfo_Page/input_zipCode'

2024-11-12 18:28:14 - [MESSAGE][PASSED] - Text ' ' is set on object 'Object Repository/RAD_Pages/AddressAndContactInfo_Page/input_zipCode'

2024-11-12 18:28:14 - [TEST_STEP][PASSED] - setText(findTestObject(orPath_AddressContact + "/input_phoneNumber"), " "): Text ' ' is set on object 'Object Repository/RAD_Pages/AddressAndContactInfo_Page/input_phoneNumber'

2024-11-12 18:28:15 - [MESSAGE][PASSED] - Text ' ' is set on object 'Object Repository/RAD_Pages/AddressAndContactInfo_Page/input_phoneNumber'

2024-11-12 18:28:15 - [TEST_STEP][PASSED] - setText(findTestObject(orPath_AddressContact + "/input_eMailAddress"), " "): Text ' ' is set on object 'Object Repository/RAD_Pages/AddressAndContactInfo_Page/input_eMailAddress'

2024-11-12 18:28:16 - [MESSAGE][PASSED] - Text ' ' is set on object 'Object Repository/RAD_Pages/AddressAndContactInfo_Page/input_eMailAddress'

2024-11-12 18:28:16 - [TEST_STEP][PASSED] - setText(findTestObject(orPath_AddressContact + "/input_reEnterEMailAddress"), " "): Text ' ' is set on object 'Object Repository/RAD_Pages/AddressAndContactInfo_Page/input_reEnterEMailAddress'

2024-11-12 18:28:16 - [MESSAGE][PASSED] - Text ' ' is set on object 'Object Repository/RAD_Pages/AddressAndContactInfo_Page/input_reEnterEMailAddress'

2024-11-12 18:28:16 - [TEST_STEP][PASSED] - if (TaxType.equalsIgnoreCase("Estate Tax")): null

2024-11-12 18:28:16 - [TEST_STEP][PASSED] - setText(findTestObject(orPath_Amount + "/input__paymentAmount"), ""): Text '' is set on object 'Object Repository/RAD_Pages/PaymentAmount_Page/input__paymentAmount'

2024-11-12 18:28:17 - [MESSAGE][PASSED] - Text '' is set on object 'Object Repository/RAD_Pages/PaymentAmount_Page/input__paymentAmount'

2024-11-12 18:28:17 - [TEST_STEP][PASSED] - resText = "Fail": null

2024-11-12 18:28:17 - [TEST_STEP][PASSED] - pages.WriteExcel.demoKey(resText, datText, resColumn, datCloumn, fileLoc, nameSheet, row): pages.WriteExcel.demoKey is PASSED

2024-11-12 18:28:18 - [MESSAGE][PASSED] - pages.WriteExcel.demoKey is PASSED

2024-11-12 18:28:18 - [TEST_STEP][PASSED] - verifyTextPresent("Enter business name", true, CONTINUE_ON_FAILURE): Text 'Enter business name' is present on page  using regular expression

2024-11-12 18:28:18 - [MESSAGE][PASSED] - Text 'Enter business name' is present on page  using regular expression

2024-11-12 18:28:18 - [TEST_STEP][PASSED] - verifyTextPresent("Enter business rep first name", true, CONTINUE_ON_FAILURE): Text 'Enter business rep first name' is present on page  using regular expression

2024-11-12 18:28:18 - [MESSAGE][PASSED] - Text 'Enter business rep first name' is present on page  using regular expression

2024-11-12 18:28:18 - [TEST_STEP][PASSED] - verifyTextPresent("Enter business rep last name", true, CONTINUE_ON_FAILURE): Text 'Enter business rep last name' is present on page  using regular expression

2024-11-12 18:28:19 - [MESSAGE][PASSED] - Text 'Enter business rep last name' is present on page  using regular expression

2024-11-12 18:28:19 - [TEST_STEP][PASSED] - verifyTextPresent("Enter address", true, CONTINUE_ON_FAILURE): Text 'Enter address' is present on page  using regular expression

2024-11-12 18:28:19 - [MESSAGE][PASSED] - Text 'Enter address' is present on page  using regular expression

2024-11-12 18:28:19 - [TEST_STEP][PASSED] - verifyTextPresent("Enter city", true, CONTINUE_ON_FAILURE): Text 'Enter city' is present on page  using regular expression

2024-11-12 18:28:19 - [MESSAGE][PASSED] - Text 'Enter city' is present on page  using regular expression

2024-11-12 18:28:19 - [TEST_STEP][PASSED] - verifyTextPresent("Enter ZIP code", true, CONTINUE_ON_FAILURE): Text 'Enter ZIP code' is present on page  using regular expression

2024-11-12 18:28:20 - [MESSAGE][PASSED] - Text 'Enter ZIP code' is present on page  using regular expression

2024-11-12 18:28:20 - [TEST_STEP][PASSED] - verifyTextPresent("Enter a valid phone number", true, CONTINUE_ON_FAILURE): Text 'Enter a valid phone number' is present on page  using regular expression

2024-11-12 18:28:20 - [MESSAGE][PASSED] - Text 'Enter a valid phone number' is present on page  using regular expression

2024-11-12 18:28:20 - [TEST_STEP][PASSED] - verifyTextPresent("Enter Email", true, CONTINUE_ON_FAILURE): Text 'Enter Email' is present on page  using regular expression

2024-11-12 18:28:20 - [MESSAGE][PASSED] - Text 'Enter Email' is present on page  using regular expression

2024-11-12 18:28:20 - [TEST_STEP][PASSED] - if (CRN.equalsIgnoreCase("Y")): Text 'Enter valid MD Central Registration Number' is present on page  using regular expression

2024-11-12 18:28:20 - [TEST_STEP][PASSED] - setText(findTestObject(orPath_TaxInfo + "/input_MDCRegistration"), " "): Text ' ' is set on object 'Object Repository/RAD_Pages/TaxInfo_Page/input_MDCRegistration'

2024-11-12 18:28:21 - [MESSAGE][PASSED] - Text ' ' is set on object 'Object Repository/RAD_Pages/TaxInfo_Page/input_MDCRegistration'

2024-11-12 18:28:21 - [TEST_STEP][PASSED] - setText(findTestObject(orPath_Amount + "/input__paymentAmount"), ""): Text '' is set on object 'Object Repository/RAD_Pages/PaymentAmount_Page/input__paymentAmount'

2024-11-12 18:28:22 - [MESSAGE][PASSED] - Text '' is set on object 'Object Repository/RAD_Pages/PaymentAmount_Page/input__paymentAmount'

2024-11-12 18:28:22 - [TEST_STEP][PASSED] - verifyTextPresent("Enter valid MD Central Registration Number", true, CONTINUE_ON_FAILURE): Text 'Enter valid MD Central Registration Number' is present on page  using regular expression

2024-11-12 18:28:22 - [MESSAGE][PASSED] - Text 'Enter valid MD Central Registration Number' is present on page  using regular expression

2024-11-12 18:28:22 - [TEST_STEP][PASSED] - if (MFLicNum.equalsIgnoreCase("Y")): null

2024-11-12 18:28:22 - [TEST_STEP][PASSED] - resText = "Pass": null

2024-11-12 18:28:22 - [TEST_STEP][PASSED] - pages.WriteExcel.demoKey(resText, datText, resColumn, datCloumn, fileLoc, nameSheet, row): pages.WriteExcel.demoKey is PASSED

2024-11-12 18:28:22 - [MESSAGE][PASSED] - pages.WriteExcel.demoKey is PASSED

2024-11-12 18:28:22 - [TEST_STEP][PASSED] - ExecuteTC = findTestData(dataFile).getValue("Execute", row): null

2024-11-12 18:28:22 - [TEST_STEP][PASSED] - TaxType = findTestData(dataFile).getValue("TaxType", row): null

2024-11-12 18:28:22 - [TEST_STEP][PASSED] - PaymentType = findTestData(dataFile).getValue("PaymentType", row): null

2024-11-12 18:28:22 - [TEST_STEP][PASSED] - FilingYear = findTestData(dataFile).getValue("Year", row): null

2024-11-12 18:28:22 - [TEST_STEP][PASSED] - feinSSN = findTestData(dataFile).getValue("FeinSsn", row): null

2024-11-12 18:28:23 - [TEST_STEP][PASSED] - CRN = findTestData(dataFile).getValue("CRN", row): null

2024-11-12 18:28:23 - [TEST_STEP][PASSED] - MFLicNum = findTestData(dataFile).getValue("MFLicNum", row): null

2024-11-12 18:28:23 - [TEST_STEP][PASSED] - if (ExecuteTC.equalsIgnoreCase("Y")): pages.WriteExcel.demoKey is PASSED

2024-11-12 18:28:23 - [TEST_STEP][PASSED] - out.println("Begin Record Number: " + row): null

2024-11-12 18:28:23 - [TEST_STEP][PASSED] - today = new java.util.Date(): null

2024-11-12 18:28:23 - [TEST_STEP][PASSED] - println(today): null

2024-11-12 18:28:23 - [TEST_STEP][PASSED] - datText = today: null

2024-11-12 18:28:23 - [TEST_STEP][PASSED] - logInfo("Payment Type: New Tax Return Amount Due"): Payment Type: New Tax Return Amount Due

2024-11-12 18:28:23 - [MESSAGE][INFO] - Payment Type: New Tax Return Amount Due

2024-11-12 18:28:23 - [TEST_STEP][PASSED] - logInfo("Tax Type: " + TaxType): Tax Type: Admissions and Amusement Tax

2024-11-12 18:28:23 - [MESSAGE][INFO] - Tax Type: Admissions and Amusement Tax

2024-11-12 18:28:23 - [TEST_STEP][PASSED] - openBrowser(""): Browser is opened with url: ''

2024-11-12 18:28:23 - [MESSAGE][WARNING] - A browser is already opened. Closing browser and opening a new one

2024-11-12 18:28:24 - [MESSAGE][INFO] - Starting 'Chrome' driver

2024-11-12 18:28:24 - [MESSAGE][INFO] - User set preference: ['acceptInsecureCerts', 'true']

2024-11-12 18:28:24 - [MESSAGE][INFO] - Action delay is set to 0 milliseconds

2024-11-12 18:28:26 - [MESSAGE][PASSED] - Browser is opened with url: ''

2024-11-12 18:28:26 - [TEST_STEP][PASSED] - maximizeWindow(): Current window maximized

2024-11-12 18:28:26 - [MESSAGE][PASSED] - Current window maximized

2024-11-12 18:28:26 - [TEST_STEP][PASSED] - navigateToUrl(RADurl): Navigate to 'https://www.velocitypayment.com/client/rad/index.html' successfully

2024-11-12 18:28:28 - [MESSAGE][PASSED] - Navigate to 'https://www.velocitypayment.com/client/rad/index.html' successfully

2024-11-12 18:28:28 - [TEST_STEP][PASSED] - selectOptionByLabel(findTestObject(orPath_Landing + "/dd_TaxType"), "New Tax Return Amount Due", false): All options with label 'New Tax Return Amount Due' are selected in object 'Object Repository/RAD_Pages/Landing_Page/dd_TaxType' 

2024-11-12 18:28:28 - [MESSAGE][PASSED] - All options with label 'New Tax Return Amount Due' are selected in object 'Object Repository/RAD_Pages/Landing_Page/dd_TaxType' 

2024-11-12 18:28:28 - [TEST_STEP][PASSED] - selectOptionByLabel(findTestObject("Object Repository/RAD_Pages/Landing_Page/select_NewTaxReturnAmountDue_TaxType"), TaxType, false): All options with label 'Admissions and Amusement Tax' are selected in object 'Object Repository/RAD_Pages/Landing_Page/select_NewTaxReturnAmountDue_TaxType' 

2024-11-12 18:28:29 - [MESSAGE][PASSED] - All options with label 'Admissions and Amusement Tax' are selected in object 'Object Repository/RAD_Pages/Landing_Page/select_NewTaxReturnAmountDue_TaxType' 

2024-11-12 18:28:29 - [TEST_STEP][PASSED] - selectOptionByLabel(findTestObject(orPath_TaxTypeFilingYear + "/select_FilingYear"), FilingYear, false): All options with label '2023' are selected in object 'Object Repository/RAD_Pages/TaxTypeFilingYear_Page/select_FilingYear' 

2024-11-12 18:28:30 - [MESSAGE][PASSED] - All options with label '2023' are selected in object 'Object Repository/RAD_Pages/TaxTypeFilingYear_Page/select_FilingYear' 

2024-11-12 18:28:30 - [TEST_STEP][PASSED] - setText(findTestObject(orPath_TaxPayer + "/input_businessName"), " "): Text ' ' is set on object 'Object Repository/RAD_Pages/Taxpayer_Page/input_businessName'

2024-11-12 18:28:31 - [MESSAGE][PASSED] - Text ' ' is set on object 'Object Repository/RAD_Pages/Taxpayer_Page/input_businessName'

2024-11-12 18:28:31 - [TEST_STEP][PASSED] - setText(findTestObject(orPath_TaxPayer + "/input_BusinessRepfirstName"), " "): Text ' ' is set on object 'Object Repository/RAD_Pages/Taxpayer_Page/input_BusinessRepfirstName'

2024-11-12 18:28:31 - [MESSAGE][PASSED] - Text ' ' is set on object 'Object Repository/RAD_Pages/Taxpayer_Page/input_BusinessRepfirstName'

2024-11-12 18:28:31 - [TEST_STEP][PASSED] - setText(findTestObject(orPath_TaxPayer + "/input_BusinessReplastName"), " "): Text ' ' is set on object 'Object Repository/RAD_Pages/Taxpayer_Page/input_BusinessReplastName'

2024-11-12 18:28:32 - [MESSAGE][PASSED] - Text ' ' is set on object 'Object Repository/RAD_Pages/Taxpayer_Page/input_BusinessReplastName'

2024-11-12 18:28:32 - [TEST_STEP][PASSED] - setText(findTestObject(orPath_AddressContact + "/input_streetAddress1"), " "): Text ' ' is set on object 'Object Repository/RAD_Pages/AddressAndContactInfo_Page/input_streetAddress1'

2024-11-12 18:28:33 - [MESSAGE][PASSED] - Text ' ' is set on object 'Object Repository/RAD_Pages/AddressAndContactInfo_Page/input_streetAddress1'

2024-11-12 18:28:33 - [TEST_STEP][PASSED] - setText(findTestObject(orPath_AddressContact + "/input_city"), " "): Text ' ' is set on object 'Object Repository/RAD_Pages/AddressAndContactInfo_Page/input_city'

2024-11-12 18:28:33 - [MESSAGE][PASSED] - Text ' ' is set on object 'Object Repository/RAD_Pages/AddressAndContactInfo_Page/input_city'

2024-11-12 18:28:33 - [TEST_STEP][PASSED] - setText(findTestObject(orPath_AddressContact + "/input_zipCode"), " "): Text ' ' is set on object 'Object Repository/RAD_Pages/AddressAndContactInfo_Page/input_zipCode'

2024-11-12 18:28:34 - [MESSAGE][PASSED] - Text ' ' is set on object 'Object Repository/RAD_Pages/AddressAndContactInfo_Page/input_zipCode'

2024-11-12 18:28:34 - [TEST_STEP][PASSED] - setText(findTestObject(orPath_AddressContact + "/input_phoneNumber"), " "): Text ' ' is set on object 'Object Repository/RAD_Pages/AddressAndContactInfo_Page/input_phoneNumber'

2024-11-12 18:28:35 - [MESSAGE][PASSED] - Text ' ' is set on object 'Object Repository/RAD_Pages/AddressAndContactInfo_Page/input_phoneNumber'

2024-11-12 18:28:35 - [TEST_STEP][PASSED] - setText(findTestObject(orPath_AddressContact + "/input_eMailAddress"), " "): Text ' ' is set on object 'Object Repository/RAD_Pages/AddressAndContactInfo_Page/input_eMailAddress'

2024-11-12 18:28:36 - [MESSAGE][PASSED] - Text ' ' is set on object 'Object Repository/RAD_Pages/AddressAndContactInfo_Page/input_eMailAddress'

2024-11-12 18:28:36 - [TEST_STEP][PASSED] - setText(findTestObject(orPath_AddressContact + "/input_reEnterEMailAddress"), " "): Text ' ' is set on object 'Object Repository/RAD_Pages/AddressAndContactInfo_Page/input_reEnterEMailAddress'

2024-11-12 18:28:37 - [MESSAGE][PASSED] - Text ' ' is set on object 'Object Repository/RAD_Pages/AddressAndContactInfo_Page/input_reEnterEMailAddress'

2024-11-12 18:28:37 - [TEST_STEP][PASSED] - if (TaxType.equalsIgnoreCase("Estate Tax")): null

2024-11-12 18:28:37 - [TEST_STEP][PASSED] - setText(findTestObject(orPath_Amount + "/input__paymentAmount"), ""): Text '' is set on object 'Object Repository/RAD_Pages/PaymentAmount_Page/input__paymentAmount'

2024-11-12 18:28:39 - [MESSAGE][PASSED] - Text '' is set on object 'Object Repository/RAD_Pages/PaymentAmount_Page/input__paymentAmount'

2024-11-12 18:28:39 - [TEST_STEP][PASSED] - resText = "Fail": null

2024-11-12 18:28:39 - [TEST_STEP][PASSED] - pages.WriteExcel.demoKey(resText, datText, resColumn, datCloumn, fileLoc, nameSheet, row): pages.WriteExcel.demoKey is PASSED

2024-11-12 18:28:39 - [MESSAGE][PASSED] - pages.WriteExcel.demoKey is PASSED

2024-11-12 18:28:39 - [TEST_STEP][PASSED] - verifyTextPresent("Enter business name", true, CONTINUE_ON_FAILURE): Text 'Enter business name' is present on page  using regular expression

2024-11-12 18:28:40 - [MESSAGE][PASSED] - Text 'Enter business name' is present on page  using regular expression

2024-11-12 18:28:40 - [TEST_STEP][PASSED] - verifyTextPresent("Enter business rep first name", true, CONTINUE_ON_FAILURE): Text 'Enter business rep first name' is present on page  using regular expression

2024-11-12 18:28:40 - [MESSAGE][PASSED] - Text 'Enter business rep first name' is present on page  using regular expression

2024-11-12 18:28:40 - [TEST_STEP][PASSED] - verifyTextPresent("Enter business rep last name", true, CONTINUE_ON_FAILURE): Text 'Enter business rep last name' is present on page  using regular expression

2024-11-12 18:28:41 - [MESSAGE][PASSED] - Text 'Enter business rep last name' is present on page  using regular expression

2024-11-12 18:28:41 - [TEST_STEP][PASSED] - verifyTextPresent("Enter address", true, CONTINUE_ON_FAILURE): Text 'Enter address' is present on page  using regular expression

2024-11-12 18:28:41 - [MESSAGE][PASSED] - Text 'Enter address' is present on page  using regular expression

2024-11-12 18:28:41 - [TEST_STEP][PASSED] - verifyTextPresent("Enter city", true, CONTINUE_ON_FAILURE): Text 'Enter city' is present on page  using regular expression

2024-11-12 18:28:42 - [MESSAGE][PASSED] - Text 'Enter city' is present on page  using regular expression

2024-11-12 18:28:42 - [TEST_STEP][PASSED] - verifyTextPresent("Enter ZIP code", true, CONTINUE_ON_FAILURE): Text 'Enter ZIP code' is present on page  using regular expression

2024-11-12 18:28:42 - [MESSAGE][PASSED] - Text 'Enter ZIP code' is present on page  using regular expression

2024-11-12 18:28:42 - [TEST_STEP][PASSED] - verifyTextPresent("Enter a valid phone number", true, CONTINUE_ON_FAILURE): Text 'Enter a valid phone number' is present on page  using regular expression

2024-11-12 18:28:42 - [MESSAGE][PASSED] - Text 'Enter a valid phone number' is present on page  using regular expression

2024-11-12 18:28:42 - [TEST_STEP][PASSED] - verifyTextPresent("Enter Email", true, CONTINUE_ON_FAILURE): Text 'Enter Email' is present on page  using regular expression

2024-11-12 18:28:43 - [MESSAGE][PASSED] - Text 'Enter Email' is present on page  using regular expression

2024-11-12 18:28:43 - [TEST_STEP][PASSED] - if (CRN.equalsIgnoreCase("Y")): Text 'Enter valid MD Central Registration Number' is present on page  using regular expression

2024-11-12 18:28:43 - [TEST_STEP][PASSED] - setText(findTestObject(orPath_TaxInfo + "/input_MDCRegistration"), " "): Text ' ' is set on object 'Object Repository/RAD_Pages/TaxInfo_Page/input_MDCRegistration'

2024-11-12 18:28:43 - [MESSAGE][PASSED] - Text ' ' is set on object 'Object Repository/RAD_Pages/TaxInfo_Page/input_MDCRegistration'

2024-11-12 18:28:43 - [TEST_STEP][PASSED] - setText(findTestObject(orPath_Amount + "/input__paymentAmount"), ""): Text '' is set on object 'Object Repository/RAD_Pages/PaymentAmount_Page/input__paymentAmount'

2024-11-12 18:28:44 - [MESSAGE][PASSED] - Text '' is set on object 'Object Repository/RAD_Pages/PaymentAmount_Page/input__paymentAmount'

2024-11-12 18:28:44 - [TEST_STEP][PASSED] - verifyTextPresent("Enter valid MD Central Registration Number", true, CONTINUE_ON_FAILURE): Text 'Enter valid MD Central Registration Number' is present on page  using regular expression

2024-11-12 18:28:44 - [MESSAGE][PASSED] - Text 'Enter valid MD Central Registration Number' is present on page  using regular expression

2024-11-12 18:28:44 - [TEST_STEP][PASSED] - if (MFLicNum.equalsIgnoreCase("Y")): null

2024-11-12 18:28:44 - [TEST_STEP][PASSED] - resText = "Pass": null

2024-11-12 18:28:44 - [TEST_STEP][PASSED] - pages.WriteExcel.demoKey(resText, datText, resColumn, datCloumn, fileLoc, nameSheet, row): pages.WriteExcel.demoKey is PASSED

2024-11-12 18:28:44 - [MESSAGE][PASSED] - pages.WriteExcel.demoKey is PASSED

2024-11-12 18:28:44 - [TEST_STEP][PASSED] - ExecuteTC = findTestData(dataFile).getValue("Execute", row): null

2024-11-12 18:28:44 - [TEST_STEP][PASSED] - TaxType = findTestData(dataFile).getValue("TaxType", row): null

2024-11-12 18:28:44 - [TEST_STEP][PASSED] - PaymentType = findTestData(dataFile).getValue("PaymentType", row): null

2024-11-12 18:28:45 - [TEST_STEP][PASSED] - FilingYear = findTestData(dataFile).getValue("Year", row): null

2024-11-12 18:28:45 - [TEST_STEP][PASSED] - feinSSN = findTestData(dataFile).getValue("FeinSsn", row): null

2024-11-12 18:28:45 - [TEST_STEP][PASSED] - CRN = findTestData(dataFile).getValue("CRN", row): null

2024-11-12 18:28:45 - [TEST_STEP][PASSED] - MFLicNum = findTestData(dataFile).getValue("MFLicNum", row): null

2024-11-12 18:28:45 - [TEST_STEP][PASSED] - if (ExecuteTC.equalsIgnoreCase("Y")): pages.WriteExcel.demoKey is PASSED

2024-11-12 18:28:45 - [TEST_STEP][PASSED] - out.println("Begin Record Number: " + row): null

2024-11-12 18:28:45 - [TEST_STEP][PASSED] - today = new java.util.Date(): null

2024-11-12 18:28:45 - [TEST_STEP][PASSED] - println(today): null

2024-11-12 18:28:45 - [TEST_STEP][PASSED] - datText = today: null

2024-11-12 18:28:45 - [TEST_STEP][PASSED] - logInfo("Payment Type: New Tax Return Amount Due"): Payment Type: New Tax Return Amount Due

2024-11-12 18:28:45 - [MESSAGE][INFO] - Payment Type: New Tax Return Amount Due

2024-11-12 18:28:45 - [TEST_STEP][PASSED] - logInfo("Tax Type: " + TaxType): Tax Type: Alcohol Tax

2024-11-12 18:28:45 - [MESSAGE][INFO] - Tax Type: Alcohol Tax

2024-11-12 18:28:45 - [TEST_STEP][PASSED] - openBrowser(""): Browser is opened with url: ''

2024-11-12 18:28:45 - [MESSAGE][WARNING] - A browser is already opened. Closing browser and opening a new one

2024-11-12 18:28:46 - [MESSAGE][INFO] - Starting 'Chrome' driver

2024-11-12 18:28:46 - [MESSAGE][INFO] - User set preference: ['acceptInsecureCerts', 'true']

2024-11-12 18:28:46 - [MESSAGE][INFO] - Action delay is set to 0 milliseconds

2024-11-12 18:28:48 - [MESSAGE][PASSED] - Browser is opened with url: ''

2024-11-12 18:28:48 - [TEST_STEP][PASSED] - maximizeWindow(): Current window maximized

2024-11-12 18:28:48 - [MESSAGE][PASSED] - Current window maximized

2024-11-12 18:28:48 - [TEST_STEP][PASSED] - navigateToUrl(RADurl): Navigate to 'https://www.velocitypayment.com/client/rad/index.html' successfully

2024-11-12 18:28:50 - [MESSAGE][PASSED] - Navigate to 'https://www.velocitypayment.com/client/rad/index.html' successfully

2024-11-12 18:28:50 - [TEST_STEP][PASSED] - selectOptionByLabel(findTestObject(orPath_Landing + "/dd_TaxType"), "New Tax Return Amount Due", false): All options with label 'New Tax Return Amount Due' are selected in object 'Object Repository/RAD_Pages/Landing_Page/dd_TaxType' 

2024-11-12 18:28:51 - [MESSAGE][PASSED] - All options with label 'New Tax Return Amount Due' are selected in object 'Object Repository/RAD_Pages/Landing_Page/dd_TaxType' 

2024-11-12 18:28:51 - [TEST_STEP][PASSED] - selectOptionByLabel(findTestObject("Object Repository/RAD_Pages/Landing_Page/select_NewTaxReturnAmountDue_TaxType"), TaxType, false): All options with label 'Alcohol Tax' are selected in object 'Object Repository/RAD_Pages/Landing_Page/select_NewTaxReturnAmountDue_TaxType' 

2024-11-12 18:28:51 - [MESSAGE][PASSED] - All options with label 'Alcohol Tax' are selected in object 'Object Repository/RAD_Pages/Landing_Page/select_NewTaxReturnAmountDue_TaxType' 

2024-11-12 18:28:51 - [TEST_STEP][PASSED] - selectOptionByLabel(findTestObject(orPath_TaxTypeFilingYear + "/select_FilingYear"), FilingYear, false): All options with label '2023' are selected in object 'Object Repository/RAD_Pages/TaxTypeFilingYear_Page/select_FilingYear' 

2024-11-12 18:28:52 - [MESSAGE][PASSED] - All options with label '2023' are selected in object 'Object Repository/RAD_Pages/TaxTypeFilingYear_Page/select_FilingYear' 

2024-11-12 18:28:52 - [TEST_STEP][PASSED] - setText(findTestObject(orPath_TaxPayer + "/input_businessName"), " "): Text ' ' is set on object 'Object Repository/RAD_Pages/Taxpayer_Page/input_businessName'

2024-11-12 18:28:53 - [MESSAGE][PASSED] - Text ' ' is set on object 'Object Repository/RAD_Pages/Taxpayer_Page/input_businessName'

2024-11-12 18:28:53 - [TEST_STEP][PASSED] - setText(findTestObject(orPath_TaxPayer + "/input_BusinessRepfirstName"), " "): Text ' ' is set on object 'Object Repository/RAD_Pages/Taxpayer_Page/input_BusinessRepfirstName'

2024-11-12 18:28:53 - [MESSAGE][PASSED] - Text ' ' is set on object 'Object Repository/RAD_Pages/Taxpayer_Page/input_BusinessRepfirstName'

2024-11-12 18:28:53 - [TEST_STEP][PASSED] - setText(findTestObject(orPath_TaxPayer + "/input_BusinessReplastName"), " "): Text ' ' is set on object 'Object Repository/RAD_Pages/Taxpayer_Page/input_BusinessReplastName'

2024-11-12 18:28:54 - [MESSAGE][PASSED] - Text ' ' is set on object 'Object Repository/RAD_Pages/Taxpayer_Page/input_BusinessReplastName'

2024-11-12 18:28:54 - [TEST_STEP][PASSED] - setText(findTestObject(orPath_AddressContact + "/input_streetAddress1"), " "): Text ' ' is set on object 'Object Repository/RAD_Pages/AddressAndContactInfo_Page/input_streetAddress1'

2024-11-12 18:28:55 - [MESSAGE][PASSED] - Text ' ' is set on object 'Object Repository/RAD_Pages/AddressAndContactInfo_Page/input_streetAddress1'

2024-11-12 18:28:55 - [TEST_STEP][PASSED] - setText(findTestObject(orPath_AddressContact + "/input_city"), " "): Text ' ' is set on object 'Object Repository/RAD_Pages/AddressAndContactInfo_Page/input_city'

2024-11-12 18:28:56 - [MESSAGE][PASSED] - Text ' ' is set on object 'Object Repository/RAD_Pages/AddressAndContactInfo_Page/input_city'

2024-11-12 18:28:56 - [TEST_STEP][PASSED] - setText(findTestObject(orPath_AddressContact + "/input_zipCode"), " "): Text ' ' is set on object 'Object Repository/RAD_Pages/AddressAndContactInfo_Page/input_zipCode'

2024-11-12 18:28:56 - [MESSAGE][PASSED] - Text ' ' is set on object 'Object Repository/RAD_Pages/AddressAndContactInfo_Page/input_zipCode'

2024-11-12 18:28:56 - [TEST_STEP][PASSED] - setText(findTestObject(orPath_AddressContact + "/input_phoneNumber"), " "): Text ' ' is set on object 'Object Repository/RAD_Pages/AddressAndContactInfo_Page/input_phoneNumber'

2024-11-12 18:28:57 - [MESSAGE][PASSED] - Text ' ' is set on object 'Object Repository/RAD_Pages/AddressAndContactInfo_Page/input_phoneNumber'

2024-11-12 18:28:57 - [TEST_STEP][PASSED] - setText(findTestObject(orPath_AddressContact + "/input_eMailAddress"), " "): Text ' ' is set on object 'Object Repository/RAD_Pages/AddressAndContactInfo_Page/input_eMailAddress'

2024-11-12 18:28:58 - [MESSAGE][PASSED] - Text ' ' is set on object 'Object Repository/RAD_Pages/AddressAndContactInfo_Page/input_eMailAddress'

2024-11-12 18:28:58 - [TEST_STEP][PASSED] - setText(findTestObject(orPath_AddressContact + "/input_reEnterEMailAddress"), " "): Text ' ' is set on object 'Object Repository/RAD_Pages/AddressAndContactInfo_Page/input_reEnterEMailAddress'

2024-11-12 18:28:59 - [MESSAGE][PASSED] - Text ' ' is set on object 'Object Repository/RAD_Pages/AddressAndContactInfo_Page/input_reEnterEMailAddress'

2024-11-12 18:28:59 - [TEST_STEP][PASSED] - if (TaxType.equalsIgnoreCase("Estate Tax")): null

2024-11-12 18:28:59 - [TEST_STEP][PASSED] - setText(findTestObject(orPath_Amount + "/input__paymentAmount"), ""): Text '' is set on object 'Object Repository/RAD_Pages/PaymentAmount_Page/input__paymentAmount'

2024-11-12 18:29:00 - [MESSAGE][PASSED] - Text '' is set on object 'Object Repository/RAD_Pages/PaymentAmount_Page/input__paymentAmount'

2024-11-12 18:29:00 - [TEST_STEP][PASSED] - resText = "Fail": null

2024-11-12 18:29:00 - [TEST_STEP][PASSED] - pages.WriteExcel.demoKey(resText, datText, resColumn, datCloumn, fileLoc, nameSheet, row): pages.WriteExcel.demoKey is PASSED

2024-11-12 18:29:00 - [MESSAGE][PASSED] - pages.WriteExcel.demoKey is PASSED

2024-11-12 18:29:00 - [TEST_STEP][PASSED] - verifyTextPresent("Enter business name", true, CONTINUE_ON_FAILURE): Text 'Enter business name' is present on page  using regular expression

2024-11-12 18:29:00 - [MESSAGE][PASSED] - Text 'Enter business name' is present on page  using regular expression

2024-11-12 18:29:00 - [TEST_STEP][PASSED] - verifyTextPresent("Enter business rep first name", true, CONTINUE_ON_FAILURE): Text 'Enter business rep first name' is present on page  using regular expression

2024-11-12 18:29:01 - [MESSAGE][PASSED] - Text 'Enter business rep first name' is present on page  using regular expression

2024-11-12 18:29:01 - [TEST_STEP][PASSED] - verifyTextPresent("Enter business rep last name", true, CONTINUE_ON_FAILURE): Text 'Enter business rep last name' is present on page  using regular expression

2024-11-12 18:29:01 - [MESSAGE][PASSED] - Text 'Enter business rep last name' is present on page  using regular expression

2024-11-12 18:29:01 - [TEST_STEP][PASSED] - verifyTextPresent("Enter address", true, CONTINUE_ON_FAILURE): Text 'Enter address' is present on page  using regular expression

2024-11-12 18:29:01 - [MESSAGE][PASSED] - Text 'Enter address' is present on page  using regular expression

2024-11-12 18:29:01 - [TEST_STEP][PASSED] - verifyTextPresent("Enter city", true, CONTINUE_ON_FAILURE): Text 'Enter city' is present on page  using regular expression

2024-11-12 18:29:02 - [MESSAGE][PASSED] - Text 'Enter city' is present on page  using regular expression

2024-11-12 18:29:02 - [TEST_STEP][PASSED] - verifyTextPresent("Enter ZIP code", true, CONTINUE_ON_FAILURE): Text 'Enter ZIP code' is present on page  using regular expression

2024-11-12 18:29:02 - [MESSAGE][PASSED] - Text 'Enter ZIP code' is present on page  using regular expression

2024-11-12 18:29:02 - [TEST_STEP][PASSED] - verifyTextPresent("Enter a valid phone number", true, CONTINUE_ON_FAILURE): Text 'Enter a valid phone number' is present on page  using regular expression

2024-11-12 18:29:02 - [MESSAGE][PASSED] - Text 'Enter a valid phone number' is present on page  using regular expression

2024-11-12 18:29:02 - [TEST_STEP][PASSED] - verifyTextPresent("Enter Email", true, CONTINUE_ON_FAILURE): Text 'Enter Email' is present on page  using regular expression

2024-11-12 18:29:03 - [MESSAGE][PASSED] - Text 'Enter Email' is present on page  using regular expression

2024-11-12 18:29:03 - [TEST_STEP][PASSED] - if (CRN.equalsIgnoreCase("Y")): Text 'Enter valid MD Central Registration Number' is present on page  using regular expression

2024-11-12 18:29:03 - [TEST_STEP][PASSED] - setText(findTestObject(orPath_TaxInfo + "/input_MDCRegistration"), " "): Text ' ' is set on object 'Object Repository/RAD_Pages/TaxInfo_Page/input_MDCRegistration'

2024-11-12 18:29:03 - [MESSAGE][PASSED] - Text ' ' is set on object 'Object Repository/RAD_Pages/TaxInfo_Page/input_MDCRegistration'

2024-11-12 18:29:03 - [TEST_STEP][PASSED] - setText(findTestObject(orPath_Amount + "/input__paymentAmount"), ""): Text '' is set on object 'Object Repository/RAD_Pages/PaymentAmount_Page/input__paymentAmount'

2024-11-12 18:29:04 - [MESSAGE][PASSED] - Text '' is set on object 'Object Repository/RAD_Pages/PaymentAmount_Page/input__paymentAmount'

2024-11-12 18:29:04 - [TEST_STEP][PASSED] - verifyTextPresent("Enter valid MD Central Registration Number", true, CONTINUE_ON_FAILURE): Text 'Enter valid MD Central Registration Number' is present on page  using regular expression

2024-11-12 18:29:04 - [MESSAGE][PASSED] - Text 'Enter valid MD Central Registration Number' is present on page  using regular expression

2024-11-12 18:29:04 - [TEST_STEP][PASSED] - if (MFLicNum.equalsIgnoreCase("Y")): null

2024-11-12 18:29:04 - [TEST_STEP][PASSED] - resText = "Pass": null

2024-11-12 18:29:04 - [TEST_STEP][PASSED] - pages.WriteExcel.demoKey(resText, datText, resColumn, datCloumn, fileLoc, nameSheet, row): pages.WriteExcel.demoKey is PASSED

2024-11-12 18:29:04 - [MESSAGE][PASSED] - pages.WriteExcel.demoKey is PASSED

2024-11-12 18:29:04 - [TEST_STEP][PASSED] - ExecuteTC = findTestData(dataFile).getValue("Execute", row): null

2024-11-12 18:29:04 - [TEST_STEP][PASSED] - TaxType = findTestData(dataFile).getValue("TaxType", row): null

2024-11-12 18:29:05 - [TEST_STEP][PASSED] - PaymentType = findTestData(dataFile).getValue("PaymentType", row): null

2024-11-12 18:29:05 - [TEST_STEP][PASSED] - FilingYear = findTestData(dataFile).getValue("Year", row): null

2024-11-12 18:29:05 - [TEST_STEP][PASSED] - feinSSN = findTestData(dataFile).getValue("FeinSsn", row): null

2024-11-12 18:29:05 - [TEST_STEP][PASSED] - CRN = findTestData(dataFile).getValue("CRN", row): null

2024-11-12 18:29:05 - [TEST_STEP][PASSED] - MFLicNum = findTestData(dataFile).getValue("MFLicNum", row): null

2024-11-12 18:29:05 - [TEST_STEP][PASSED] - if (ExecuteTC.equalsIgnoreCase("Y")): pages.WriteExcel.demoKey is PASSED

2024-11-12 18:29:05 - [TEST_STEP][PASSED] - out.println("Begin Record Number: " + row): null

2024-11-12 18:29:05 - [TEST_STEP][PASSED] - today = new java.util.Date(): null

2024-11-12 18:29:05 - [TEST_STEP][PASSED] - println(today): null

2024-11-12 18:29:05 - [TEST_STEP][PASSED] - datText = today: null

2024-11-12 18:29:05 - [TEST_STEP][PASSED] - logInfo("Payment Type: New Tax Return Amount Due"): Payment Type: New Tax Return Amount Due

2024-11-12 18:29:05 - [MESSAGE][INFO] - Payment Type: New Tax Return Amount Due

2024-11-12 18:29:05 - [TEST_STEP][PASSED] - logInfo("Tax Type: " + TaxType): Tax Type: Bay Restoration Fee

2024-11-12 18:29:05 - [MESSAGE][INFO] - Tax Type: Bay Restoration Fee

2024-11-12 18:29:05 - [TEST_STEP][PASSED] - openBrowser(""): Browser is opened with url: ''

2024-11-12 18:29:05 - [MESSAGE][WARNING] - A browser is already opened. Closing browser and opening a new one

2024-11-12 18:29:06 - [MESSAGE][INFO] - Starting 'Chrome' driver

2024-11-12 18:29:06 - [MESSAGE][INFO] - User set preference: ['acceptInsecureCerts', 'true']

2024-11-12 18:29:06 - [MESSAGE][INFO] - Action delay is set to 0 milliseconds

2024-11-12 18:29:08 - [MESSAGE][PASSED] - Browser is opened with url: ''

2024-11-12 18:29:08 - [TEST_STEP][PASSED] - maximizeWindow(): Current window maximized

2024-11-12 18:29:08 - [MESSAGE][PASSED] - Current window maximized

2024-11-12 18:29:08 - [TEST_STEP][PASSED] - navigateToUrl(RADurl): Navigate to 'https://www.velocitypayment.com/client/rad/index.html' successfully

2024-11-12 18:29:10 - [MESSAGE][PASSED] - Navigate to 'https://www.velocitypayment.com/client/rad/index.html' successfully

2024-11-12 18:29:10 - [TEST_STEP][PASSED] - selectOptionByLabel(findTestObject(orPath_Landing + "/dd_TaxType"), "New Tax Return Amount Due", false): All options with label 'New Tax Return Amount Due' are selected in object 'Object Repository/RAD_Pages/Landing_Page/dd_TaxType' 

2024-11-12 18:29:11 - [MESSAGE][PASSED] - All options with label 'New Tax Return Amount Due' are selected in object 'Object Repository/RAD_Pages/Landing_Page/dd_TaxType' 

2024-11-12 18:29:11 - [TEST_STEP][PASSED] - selectOptionByLabel(findTestObject("Object Repository/RAD_Pages/Landing_Page/select_NewTaxReturnAmountDue_TaxType"), TaxType, false): All options with label 'Bay Restoration Fee' are selected in object 'Object Repository/RAD_Pages/Landing_Page/select_NewTaxReturnAmountDue_TaxType' 

2024-11-12 18:29:11 - [MESSAGE][PASSED] - All options with label 'Bay Restoration Fee' are selected in object 'Object Repository/RAD_Pages/Landing_Page/select_NewTaxReturnAmountDue_TaxType' 

2024-11-12 18:29:11 - [TEST_STEP][PASSED] - selectOptionByLabel(findTestObject(orPath_TaxTypeFilingYear + "/select_FilingYear"), FilingYear, false): All options with label '2023' are selected in object 'Object Repository/RAD_Pages/TaxTypeFilingYear_Page/select_FilingYear' 

2024-11-12 18:29:12 - [MESSAGE][PASSED] - All options with label '2023' are selected in object 'Object Repository/RAD_Pages/TaxTypeFilingYear_Page/select_FilingYear' 

2024-11-12 18:29:12 - [TEST_STEP][PASSED] - setText(findTestObject(orPath_TaxPayer + "/input_businessName"), " "): Text ' ' is set on object 'Object Repository/RAD_Pages/Taxpayer_Page/input_businessName'

2024-11-12 18:29:13 - [MESSAGE][PASSED] - Text ' ' is set on object 'Object Repository/RAD_Pages/Taxpayer_Page/input_businessName'

2024-11-12 18:29:13 - [TEST_STEP][PASSED] - setText(findTestObject(orPath_TaxPayer + "/input_BusinessRepfirstName"), " "): Text ' ' is set on object 'Object Repository/RAD_Pages/Taxpayer_Page/input_BusinessRepfirstName'

2024-11-12 18:29:13 - [MESSAGE][PASSED] - Text ' ' is set on object 'Object Repository/RAD_Pages/Taxpayer_Page/input_BusinessRepfirstName'

2024-11-12 18:29:13 - [TEST_STEP][PASSED] - setText(findTestObject(orPath_TaxPayer + "/input_BusinessReplastName"), " "): Text ' ' is set on object 'Object Repository/RAD_Pages/Taxpayer_Page/input_BusinessReplastName'

2024-11-12 18:29:14 - [MESSAGE][PASSED] - Text ' ' is set on object 'Object Repository/RAD_Pages/Taxpayer_Page/input_BusinessReplastName'

2024-11-12 18:29:14 - [TEST_STEP][PASSED] - setText(findTestObject(orPath_AddressContact + "/input_streetAddress1"), " "): Text ' ' is set on object 'Object Repository/RAD_Pages/AddressAndContactInfo_Page/input_streetAddress1'

2024-11-12 18:29:15 - [MESSAGE][PASSED] - Text ' ' is set on object 'Object Repository/RAD_Pages/AddressAndContactInfo_Page/input_streetAddress1'

2024-11-12 18:29:15 - [TEST_STEP][PASSED] - setText(findTestObject(orPath_AddressContact + "/input_city"), " "): Text ' ' is set on object 'Object Repository/RAD_Pages/AddressAndContactInfo_Page/input_city'

2024-11-12 18:29:15 - [MESSAGE][PASSED] - Text ' ' is set on object 'Object Repository/RAD_Pages/AddressAndContactInfo_Page/input_city'

2024-11-12 18:29:15 - [TEST_STEP][PASSED] - setText(findTestObject(orPath_AddressContact + "/input_zipCode"), " "): Text ' ' is set on object 'Object Repository/RAD_Pages/AddressAndContactInfo_Page/input_zipCode'

2024-11-12 18:29:16 - [MESSAGE][PASSED] - Text ' ' is set on object 'Object Repository/RAD_Pages/AddressAndContactInfo_Page/input_zipCode'

2024-11-12 18:29:16 - [TEST_STEP][PASSED] - setText(findTestObject(orPath_AddressContact + "/input_phoneNumber"), " "): Text ' ' is set on object 'Object Repository/RAD_Pages/AddressAndContactInfo_Page/input_phoneNumber'

2024-11-12 18:29:17 - [MESSAGE][PASSED] - Text ' ' is set on object 'Object Repository/RAD_Pages/AddressAndContactInfo_Page/input_phoneNumber'

2024-11-12 18:29:17 - [TEST_STEP][PASSED] - setText(findTestObject(orPath_AddressContact + "/input_eMailAddress"), " "): Text ' ' is set on object 'Object Repository/RAD_Pages/AddressAndContactInfo_Page/input_eMailAddress'

2024-11-12 18:29:18 - [MESSAGE][PASSED] - Text ' ' is set on object 'Object Repository/RAD_Pages/AddressAndContactInfo_Page/input_eMailAddress'

2024-11-12 18:29:18 - [TEST_STEP][PASSED] - setText(findTestObject(orPath_AddressContact + "/input_reEnterEMailAddress"), " "): Text ' ' is set on object 'Object Repository/RAD_Pages/AddressAndContactInfo_Page/input_reEnterEMailAddress'

2024-11-12 18:29:19 - [MESSAGE][PASSED] - Text ' ' is set on object 'Object Repository/RAD_Pages/AddressAndContactInfo_Page/input_reEnterEMailAddress'

2024-11-12 18:29:19 - [TEST_STEP][PASSED] - if (TaxType.equalsIgnoreCase("Estate Tax")): null

2024-11-12 18:29:19 - [TEST_STEP][PASSED] - setText(findTestObject(orPath_Amount + "/input__paymentAmount"), ""): Text '' is set on object 'Object Repository/RAD_Pages/PaymentAmount_Page/input__paymentAmount'

2024-11-12 18:29:20 - [MESSAGE][PASSED] - Text '' is set on object 'Object Repository/RAD_Pages/PaymentAmount_Page/input__paymentAmount'

2024-11-12 18:29:20 - [TEST_STEP][PASSED] - resText = "Fail": null

2024-11-12 18:29:20 - [TEST_STEP][PASSED] - pages.WriteExcel.demoKey(resText, datText, resColumn, datCloumn, fileLoc, nameSheet, row): pages.WriteExcel.demoKey is PASSED

2024-11-12 18:29:20 - [MESSAGE][PASSED] - pages.WriteExcel.demoKey is PASSED

2024-11-12 18:29:20 - [TEST_STEP][PASSED] - verifyTextPresent("Enter business name", true, CONTINUE_ON_FAILURE): Text 'Enter business name' is present on page  using regular expression

2024-11-12 18:29:20 - [MESSAGE][PASSED] - Text 'Enter business name' is present on page  using regular expression

2024-11-12 18:29:20 - [TEST_STEP][PASSED] - verifyTextPresent("Enter business rep first name", true, CONTINUE_ON_FAILURE): Text 'Enter business rep first name' is present on page  using regular expression

2024-11-12 18:29:21 - [MESSAGE][PASSED] - Text 'Enter business rep first name' is present on page  using regular expression

2024-11-12 18:29:21 - [TEST_STEP][PASSED] - verifyTextPresent("Enter business rep last name", true, CONTINUE_ON_FAILURE): Text 'Enter business rep last name' is present on page  using regular expression

2024-11-12 18:29:21 - [MESSAGE][PASSED] - Text 'Enter business rep last name' is present on page  using regular expression

2024-11-12 18:29:21 - [TEST_STEP][PASSED] - verifyTextPresent("Enter address", true, CONTINUE_ON_FAILURE): Text 'Enter address' is present on page  using regular expression

2024-11-12 18:29:22 - [MESSAGE][PASSED] - Text 'Enter address' is present on page  using regular expression

2024-11-12 18:29:22 - [TEST_STEP][PASSED] - verifyTextPresent("Enter city", true, CONTINUE_ON_FAILURE): Text 'Enter city' is present on page  using regular expression

2024-11-12 18:29:22 - [MESSAGE][PASSED] - Text 'Enter city' is present on page  using regular expression

2024-11-12 18:29:22 - [TEST_STEP][PASSED] - verifyTextPresent("Enter ZIP code", true, CONTINUE_ON_FAILURE): Text 'Enter ZIP code' is present on page  using regular expression

2024-11-12 18:29:22 - [MESSAGE][PASSED] - Text 'Enter ZIP code' is present on page  using regular expression

2024-11-12 18:29:22 - [TEST_STEP][PASSED] - verifyTextPresent("Enter a valid phone number", true, CONTINUE_ON_FAILURE): Text 'Enter a valid phone number' is present on page  using regular expression

2024-11-12 18:29:23 - [MESSAGE][PASSED] - Text 'Enter a valid phone number' is present on page  using regular expression

2024-11-12 18:29:23 - [TEST_STEP][PASSED] - verifyTextPresent("Enter Email", true, CONTINUE_ON_FAILURE): Text 'Enter Email' is present on page  using regular expression

2024-11-12 18:29:23 - [MESSAGE][PASSED] - Text 'Enter Email' is present on page  using regular expression

2024-11-12 18:29:23 - [TEST_STEP][PASSED] - if (CRN.equalsIgnoreCase("Y")): null

2024-11-12 18:29:23 - [TEST_STEP][PASSED] - if (MFLicNum.equalsIgnoreCase("Y")): null

2024-11-12 18:29:23 - [TEST_STEP][PASSED] - resText = "Pass": null

2024-11-12 18:29:23 - [TEST_STEP][PASSED] - pages.WriteExcel.demoKey(resText, datText, resColumn, datCloumn, fileLoc, nameSheet, row): pages.WriteExcel.demoKey is PASSED

2024-11-12 18:29:23 - [MESSAGE][PASSED] - pages.WriteExcel.demoKey is PASSED

2024-11-12 18:29:23 - [TEST_STEP][PASSED] - ExecuteTC = findTestData(dataFile).getValue("Execute", row): null

2024-11-12 18:29:23 - [TEST_STEP][PASSED] - TaxType = findTestData(dataFile).getValue("TaxType", row): null

2024-11-12 18:29:23 - [TEST_STEP][PASSED] - PaymentType = findTestData(dataFile).getValue("PaymentType", row): null

2024-11-12 18:29:23 - [TEST_STEP][PASSED] - FilingYear = findTestData(dataFile).getValue("Year", row): null

2024-11-12 18:29:23 - [TEST_STEP][PASSED] - feinSSN = findTestData(dataFile).getValue("FeinSsn", row): null

2024-11-12 18:29:23 - [TEST_STEP][PASSED] - CRN = findTestData(dataFile).getValue("CRN", row): null

2024-11-12 18:29:23 - [TEST_STEP][PASSED] - MFLicNum = findTestData(dataFile).getValue("MFLicNum", row): null

2024-11-12 18:29:24 - [TEST_STEP][PASSED] - if (ExecuteTC.equalsIgnoreCase("Y")): pages.WriteExcel.demoKey is PASSED

2024-11-12 18:29:24 - [TEST_STEP][PASSED] - out.println("Begin Record Number: " + row): null

2024-11-12 18:29:24 - [TEST_STEP][PASSED] - today = new java.util.Date(): null

2024-11-12 18:29:24 - [TEST_STEP][PASSED] - println(today): null

2024-11-12 18:29:24 - [TEST_STEP][PASSED] - datText = today: null

2024-11-12 18:29:24 - [TEST_STEP][PASSED] - logInfo("Payment Type: New Tax Return Amount Due"): Payment Type: New Tax Return Amount Due

2024-11-12 18:29:24 - [MESSAGE][INFO] - Payment Type: New Tax Return Amount Due

2024-11-12 18:29:24 - [TEST_STEP][PASSED] - logInfo("Tax Type: " + TaxType): Tax Type: Corporate Income Tax

2024-11-12 18:29:24 - [MESSAGE][INFO] - Tax Type: Corporate Income Tax

2024-11-12 18:29:24 - [TEST_STEP][PASSED] - openBrowser(""): Browser is opened with url: ''

2024-11-12 18:29:24 - [MESSAGE][WARNING] - A browser is already opened. Closing browser and opening a new one

2024-11-12 18:29:25 - [MESSAGE][INFO] - Starting 'Chrome' driver

2024-11-12 18:29:25 - [MESSAGE][INFO] - User set preference: ['acceptInsecureCerts', 'true']

2024-11-12 18:29:25 - [MESSAGE][INFO] - Action delay is set to 0 milliseconds

2024-11-12 18:29:27 - [MESSAGE][PASSED] - Browser is opened with url: ''

2024-11-12 18:29:27 - [TEST_STEP][PASSED] - maximizeWindow(): Current window maximized

2024-11-12 18:29:27 - [MESSAGE][PASSED] - Current window maximized

2024-11-12 18:29:27 - [TEST_STEP][PASSED] - navigateToUrl(RADurl): Navigate to 'https://www.velocitypayment.com/client/rad/index.html' successfully

2024-11-12 18:29:27 - [MESSAGE][PASSED] - Navigate to 'https://www.velocitypayment.com/client/rad/index.html' successfully

2024-11-12 18:29:27 - [TEST_STEP][PASSED] - selectOptionByLabel(findTestObject(orPath_Landing + "/dd_TaxType"), "New Tax Return Amount Due", false): All options with label 'New Tax Return Amount Due' are selected in object 'Object Repository/RAD_Pages/Landing_Page/dd_TaxType' 

2024-11-12 18:29:30 - [MESSAGE][PASSED] - All options with label 'New Tax Return Amount Due' are selected in object 'Object Repository/RAD_Pages/Landing_Page/dd_TaxType' 

2024-11-12 18:29:30 - [TEST_STEP][PASSED] - selectOptionByLabel(findTestObject("Object Repository/RAD_Pages/Landing_Page/select_NewTaxReturnAmountDue_TaxType"), TaxType, false): All options with label 'Corporate Income Tax' are selected in object 'Object Repository/RAD_Pages/Landing_Page/select_NewTaxReturnAmountDue_TaxType' 

2024-11-12 18:29:30 - [MESSAGE][PASSED] - All options with label 'Corporate Income Tax' are selected in object 'Object Repository/RAD_Pages/Landing_Page/select_NewTaxReturnAmountDue_TaxType' 

2024-11-12 18:29:30 - [TEST_STEP][PASSED] - selectOptionByLabel(findTestObject(orPath_TaxTypeFilingYear + "/select_FilingYear"), FilingYear, false): All options with label '2022' are selected in object 'Object Repository/RAD_Pages/TaxTypeFilingYear_Page/select_FilingYear' 

2024-11-12 18:29:31 - [MESSAGE][PASSED] - All options with label '2022' are selected in object 'Object Repository/RAD_Pages/TaxTypeFilingYear_Page/select_FilingYear' 

2024-11-12 18:29:31 - [TEST_STEP][PASSED] - setText(findTestObject(orPath_TaxPayer + "/input_businessName"), " "): Text ' ' is set on object 'Object Repository/RAD_Pages/Taxpayer_Page/input_businessName'

2024-11-12 18:29:32 - [MESSAGE][PASSED] - Text ' ' is set on object 'Object Repository/RAD_Pages/Taxpayer_Page/input_businessName'

2024-11-12 18:29:32 - [TEST_STEP][PASSED] - setText(findTestObject(orPath_TaxPayer + "/input_BusinessRepfirstName"), " "): Text ' ' is set on object 'Object Repository/RAD_Pages/Taxpayer_Page/input_BusinessRepfirstName'

2024-11-12 18:29:33 - [MESSAGE][PASSED] - Text ' ' is set on object 'Object Repository/RAD_Pages/Taxpayer_Page/input_BusinessRepfirstName'

2024-11-12 18:29:33 - [TEST_STEP][PASSED] - setText(findTestObject(orPath_TaxPayer + "/input_BusinessReplastName"), " "): Text ' ' is set on object 'Object Repository/RAD_Pages/Taxpayer_Page/input_BusinessReplastName'

2024-11-12 18:29:33 - [MESSAGE][PASSED] - Text ' ' is set on object 'Object Repository/RAD_Pages/Taxpayer_Page/input_BusinessReplastName'

2024-11-12 18:29:33 - [TEST_STEP][PASSED] - setText(findTestObject(orPath_AddressContact + "/input_streetAddress1"), " "): Text ' ' is set on object 'Object Repository/RAD_Pages/AddressAndContactInfo_Page/input_streetAddress1'

2024-11-12 18:29:34 - [MESSAGE][PASSED] - Text ' ' is set on object 'Object Repository/RAD_Pages/AddressAndContactInfo_Page/input_streetAddress1'

2024-11-12 18:29:34 - [TEST_STEP][PASSED] - setText(findTestObject(orPath_AddressContact + "/input_city"), " "): Text ' ' is set on object 'Object Repository/RAD_Pages/AddressAndContactInfo_Page/input_city'

2024-11-12 18:29:35 - [MESSAGE][PASSED] - Text ' ' is set on object 'Object Repository/RAD_Pages/AddressAndContactInfo_Page/input_city'

2024-11-12 18:29:35 - [TEST_STEP][PASSED] - setText(findTestObject(orPath_AddressContact + "/input_zipCode"), " "): Text ' ' is set on object 'Object Repository/RAD_Pages/AddressAndContactInfo_Page/input_zipCode'

2024-11-12 18:29:36 - [MESSAGE][PASSED] - Text ' ' is set on object 'Object Repository/RAD_Pages/AddressAndContactInfo_Page/input_zipCode'

2024-11-12 18:29:36 - [TEST_STEP][PASSED] - setText(findTestObject(orPath_AddressContact + "/input_phoneNumber"), " "): Text ' ' is set on object 'Object Repository/RAD_Pages/AddressAndContactInfo_Page/input_phoneNumber'

2024-11-12 18:29:37 - [MESSAGE][PASSED] - Text ' ' is set on object 'Object Repository/RAD_Pages/AddressAndContactInfo_Page/input_phoneNumber'

2024-11-12 18:29:37 - [TEST_STEP][PASSED] - setText(findTestObject(orPath_AddressContact + "/input_eMailAddress"), " "): Text ' ' is set on object 'Object Repository/RAD_Pages/AddressAndContactInfo_Page/input_eMailAddress'

2024-11-12 18:29:38 - [MESSAGE][PASSED] - Text ' ' is set on object 'Object Repository/RAD_Pages/AddressAndContactInfo_Page/input_eMailAddress'

2024-11-12 18:29:38 - [TEST_STEP][PASSED] - setText(findTestObject(orPath_AddressContact + "/input_reEnterEMailAddress"), " "): Text ' ' is set on object 'Object Repository/RAD_Pages/AddressAndContactInfo_Page/input_reEnterEMailAddress'

2024-11-12 18:29:39 - [MESSAGE][PASSED] - Text ' ' is set on object 'Object Repository/RAD_Pages/AddressAndContactInfo_Page/input_reEnterEMailAddress'

2024-11-12 18:29:39 - [TEST_STEP][PASSED] - if (TaxType.equalsIgnoreCase("Estate Tax")): null

2024-11-12 18:29:39 - [TEST_STEP][PASSED] - setText(findTestObject(orPath_Amount + "/input__paymentAmount"), ""): Text '' is set on object 'Object Repository/RAD_Pages/PaymentAmount_Page/input__paymentAmount'

2024-11-12 18:29:40 - [MESSAGE][PASSED] - Text '' is set on object 'Object Repository/RAD_Pages/PaymentAmount_Page/input__paymentAmount'

2024-11-12 18:29:40 - [TEST_STEP][PASSED] - resText = "Fail": null

2024-11-12 18:29:40 - [TEST_STEP][PASSED] - pages.WriteExcel.demoKey(resText, datText, resColumn, datCloumn, fileLoc, nameSheet, row): pages.WriteExcel.demoKey is PASSED

2024-11-12 18:29:41 - [MESSAGE][PASSED] - pages.WriteExcel.demoKey is PASSED

2024-11-12 18:29:41 - [TEST_STEP][PASSED] - verifyTextPresent("Enter business name", true, CONTINUE_ON_FAILURE): Text 'Enter business name' is present on page  using regular expression

2024-11-12 18:29:41 - [MESSAGE][PASSED] - Text 'Enter business name' is present on page  using regular expression

2024-11-12 18:29:41 - [TEST_STEP][PASSED] - verifyTextPresent("Enter business rep first name", true, CONTINUE_ON_FAILURE): Text 'Enter business rep first name' is present on page  using regular expression

2024-11-12 18:29:42 - [MESSAGE][PASSED] - Text 'Enter business rep first name' is present on page  using regular expression

2024-11-12 18:29:42 - [TEST_STEP][PASSED] - verifyTextPresent("Enter business rep last name", true, CONTINUE_ON_FAILURE): Text 'Enter business rep last name' is present on page  using regular expression

2024-11-12 18:29:42 - [MESSAGE][PASSED] - Text 'Enter business rep last name' is present on page  using regular expression

2024-11-12 18:29:42 - [TEST_STEP][PASSED] - verifyTextPresent("Enter address", true, CONTINUE_ON_FAILURE): Text 'Enter address' is present on page  using regular expression

2024-11-12 18:29:43 - [MESSAGE][PASSED] - Text 'Enter address' is present on page  using regular expression

2024-11-12 18:29:43 - [TEST_STEP][PASSED] - verifyTextPresent("Enter city", true, CONTINUE_ON_FAILURE): Text 'Enter city' is present on page  using regular expression

2024-11-12 18:29:43 - [MESSAGE][PASSED] - Text 'Enter city' is present on page  using regular expression

2024-11-12 18:29:43 - [TEST_STEP][PASSED] - verifyTextPresent("Enter ZIP code", true, CONTINUE_ON_FAILURE): Text 'Enter ZIP code' is present on page  using regular expression

2024-11-12 18:29:43 - [MESSAGE][PASSED] - Text 'Enter ZIP code' is present on page  using regular expression

2024-11-12 18:29:43 - [TEST_STEP][PASSED] - verifyTextPresent("Enter a valid phone number", true, CONTINUE_ON_FAILURE): Text 'Enter a valid phone number' is present on page  using regular expression

2024-11-12 18:29:44 - [MESSAGE][PASSED] - Text 'Enter a valid phone number' is present on page  using regular expression

2024-11-12 18:29:44 - [TEST_STEP][PASSED] - verifyTextPresent("Enter Email", true, CONTINUE_ON_FAILURE): Text 'Enter Email' is present on page  using regular expression

2024-11-12 18:29:44 - [MESSAGE][PASSED] - Text 'Enter Email' is present on page  using regular expression

2024-11-12 18:29:44 - [TEST_STEP][PASSED] - if (CRN.equalsIgnoreCase("Y")): null

2024-11-12 18:29:44 - [TEST_STEP][PASSED] - if (MFLicNum.equalsIgnoreCase("Y")): null

2024-11-12 18:29:44 - [TEST_STEP][PASSED] - resText = "Pass": null

2024-11-12 18:29:44 - [TEST_STEP][PASSED] - pages.WriteExcel.demoKey(resText, datText, resColumn, datCloumn, fileLoc, nameSheet, row): pages.WriteExcel.demoKey is PASSED

2024-11-12 18:29:44 - [MESSAGE][PASSED] - pages.WriteExcel.demoKey is PASSED

2024-11-12 18:29:44 - [TEST_STEP][PASSED] - ExecuteTC = findTestData(dataFile).getValue("Execute", row): null

2024-11-12 18:29:44 - [TEST_STEP][PASSED] - TaxType = findTestData(dataFile).getValue("TaxType", row): null

2024-11-12 18:29:44 - [TEST_STEP][PASSED] - PaymentType = findTestData(dataFile).getValue("PaymentType", row): null

2024-11-12 18:29:44 - [TEST_STEP][PASSED] - FilingYear = findTestData(dataFile).getValue("Year", row): null

2024-11-12 18:29:44 - [TEST_STEP][PASSED] - feinSSN = findTestData(dataFile).getValue("FeinSsn", row): null

2024-11-12 18:29:44 - [TEST_STEP][PASSED] - CRN = findTestData(dataFile).getValue("CRN", row): null

2024-11-12 18:29:44 - [TEST_STEP][PASSED] - MFLicNum = findTestData(dataFile).getValue("MFLicNum", row): null

2024-11-12 18:29:44 - [TEST_STEP][PASSED] - if (ExecuteTC.equalsIgnoreCase("Y")): pages.WriteExcel.demoKey is PASSED

2024-11-12 18:29:44 - [TEST_STEP][PASSED] - out.println("Begin Record Number: " + row): null

2024-11-12 18:29:44 - [TEST_STEP][PASSED] - today = new java.util.Date(): null

2024-11-12 18:29:44 - [TEST_STEP][PASSED] - println(today): null

2024-11-12 18:29:44 - [TEST_STEP][PASSED] - datText = today: null

2024-11-12 18:29:44 - [TEST_STEP][PASSED] - logInfo("Payment Type: New Tax Return Amount Due"): Payment Type: New Tax Return Amount Due

2024-11-12 18:29:44 - [MESSAGE][INFO] - Payment Type: New Tax Return Amount Due

2024-11-12 18:29:44 - [TEST_STEP][PASSED] - logInfo("Tax Type: " + TaxType): Tax Type: Motor Fuel Tax

2024-11-12 18:29:44 - [MESSAGE][INFO] - Tax Type: Motor Fuel Tax

2024-11-12 18:29:44 - [TEST_STEP][PASSED] - openBrowser(""): Browser is opened with url: ''

2024-11-12 18:29:44 - [MESSAGE][WARNING] - A browser is already opened. Closing browser and opening a new one

2024-11-12 18:29:46 - [MESSAGE][INFO] - Starting 'Chrome' driver

2024-11-12 18:29:46 - [MESSAGE][INFO] - User set preference: ['acceptInsecureCerts', 'true']

2024-11-12 18:29:46 - [MESSAGE][INFO] - Action delay is set to 0 milliseconds

2024-11-12 18:29:47 - [MESSAGE][PASSED] - Browser is opened with url: ''

2024-11-12 18:29:47 - [TEST_STEP][PASSED] - maximizeWindow(): Current window maximized

2024-11-12 18:29:48 - [MESSAGE][PASSED] - Current window maximized

2024-11-12 18:29:48 - [TEST_STEP][PASSED] - navigateToUrl(RADurl): Navigate to 'https://www.velocitypayment.com/client/rad/index.html' successfully

2024-11-12 18:29:49 - [MESSAGE][PASSED] - Navigate to 'https://www.velocitypayment.com/client/rad/index.html' successfully

2024-11-12 18:29:49 - [TEST_STEP][PASSED] - selectOptionByLabel(findTestObject(orPath_Landing + "/dd_TaxType"), "New Tax Return Amount Due", false): All options with label 'New Tax Return Amount Due' are selected in object 'Object Repository/RAD_Pages/Landing_Page/dd_TaxType' 

2024-11-12 18:29:50 - [MESSAGE][PASSED] - All options with label 'New Tax Return Amount Due' are selected in object 'Object Repository/RAD_Pages/Landing_Page/dd_TaxType' 

2024-11-12 18:29:50 - [TEST_STEP][PASSED] - selectOptionByLabel(findTestObject("Object Repository/RAD_Pages/Landing_Page/select_NewTaxReturnAmountDue_TaxType"), TaxType, false): All options with label 'Motor Fuel Tax' are selected in object 'Object Repository/RAD_Pages/Landing_Page/select_NewTaxReturnAmountDue_TaxType' 

2024-11-12 18:29:51 - [MESSAGE][PASSED] - All options with label 'Motor Fuel Tax' are selected in object 'Object Repository/RAD_Pages/Landing_Page/select_NewTaxReturnAmountDue_TaxType' 

2024-11-12 18:29:51 - [TEST_STEP][PASSED] - selectOptionByLabel(findTestObject(orPath_TaxTypeFilingYear + "/select_FilingYear"), FilingYear, false): All options with label '2023' are selected in object 'Object Repository/RAD_Pages/TaxTypeFilingYear_Page/select_FilingYear' 

2024-11-12 18:29:51 - [MESSAGE][PASSED] - All options with label '2023' are selected in object 'Object Repository/RAD_Pages/TaxTypeFilingYear_Page/select_FilingYear' 

2024-11-12 18:29:51 - [TEST_STEP][PASSED] - setText(findTestObject(orPath_TaxPayer + "/input_businessName"), " "): Text ' ' is set on object 'Object Repository/RAD_Pages/Taxpayer_Page/input_businessName'

2024-11-12 18:29:52 - [MESSAGE][PASSED] - Text ' ' is set on object 'Object Repository/RAD_Pages/Taxpayer_Page/input_businessName'

2024-11-12 18:29:52 - [TEST_STEP][PASSED] - setText(findTestObject(orPath_TaxPayer + "/input_BusinessRepfirstName"), " "): Text ' ' is set on object 'Object Repository/RAD_Pages/Taxpayer_Page/input_BusinessRepfirstName'

2024-11-12 18:29:53 - [MESSAGE][PASSED] - Text ' ' is set on object 'Object Repository/RAD_Pages/Taxpayer_Page/input_BusinessRepfirstName'

2024-11-12 18:29:53 - [TEST_STEP][PASSED] - setText(findTestObject(orPath_TaxPayer + "/input_BusinessReplastName"), " "): Text ' ' is set on object 'Object Repository/RAD_Pages/Taxpayer_Page/input_BusinessReplastName'

2024-11-12 18:29:53 - [MESSAGE][PASSED] - Text ' ' is set on object 'Object Repository/RAD_Pages/Taxpayer_Page/input_BusinessReplastName'

2024-11-12 18:29:53 - [TEST_STEP][PASSED] - setText(findTestObject(orPath_AddressContact + "/input_streetAddress1"), " "): Text ' ' is set on object 'Object Repository/RAD_Pages/AddressAndContactInfo_Page/input_streetAddress1'

2024-11-12 18:29:54 - [MESSAGE][PASSED] - Text ' ' is set on object 'Object Repository/RAD_Pages/AddressAndContactInfo_Page/input_streetAddress1'

2024-11-12 18:29:54 - [TEST_STEP][PASSED] - setText(findTestObject(orPath_AddressContact + "/input_city"), " "): Text ' ' is set on object 'Object Repository/RAD_Pages/AddressAndContactInfo_Page/input_city'

2024-11-12 18:29:55 - [MESSAGE][PASSED] - Text ' ' is set on object 'Object Repository/RAD_Pages/AddressAndContactInfo_Page/input_city'

2024-11-12 18:29:55 - [TEST_STEP][PASSED] - setText(findTestObject(orPath_AddressContact + "/input_zipCode"), " "): Text ' ' is set on object 'Object Repository/RAD_Pages/AddressAndContactInfo_Page/input_zipCode'

2024-11-12 18:29:56 - [MESSAGE][PASSED] - Text ' ' is set on object 'Object Repository/RAD_Pages/AddressAndContactInfo_Page/input_zipCode'

2024-11-12 18:29:56 - [TEST_STEP][PASSED] - setText(findTestObject(orPath_AddressContact + "/input_phoneNumber"), " "): Text ' ' is set on object 'Object Repository/RAD_Pages/AddressAndContactInfo_Page/input_phoneNumber'

2024-11-12 18:29:57 - [MESSAGE][PASSED] - Text ' ' is set on object 'Object Repository/RAD_Pages/AddressAndContactInfo_Page/input_phoneNumber'

2024-11-12 18:29:57 - [TEST_STEP][PASSED] - setText(findTestObject(orPath_AddressContact + "/input_eMailAddress"), " "): Text ' ' is set on object 'Object Repository/RAD_Pages/AddressAndContactInfo_Page/input_eMailAddress'

2024-11-12 18:29:57 - [MESSAGE][PASSED] - Text ' ' is set on object 'Object Repository/RAD_Pages/AddressAndContactInfo_Page/input_eMailAddress'

2024-11-12 18:29:57 - [TEST_STEP][PASSED] - setText(findTestObject(orPath_AddressContact + "/input_reEnterEMailAddress"), " "): Text ' ' is set on object 'Object Repository/RAD_Pages/AddressAndContactInfo_Page/input_reEnterEMailAddress'

2024-11-12 18:29:58 - [MESSAGE][PASSED] - Text ' ' is set on object 'Object Repository/RAD_Pages/AddressAndContactInfo_Page/input_reEnterEMailAddress'

2024-11-12 18:29:58 - [TEST_STEP][PASSED] - if (TaxType.equalsIgnoreCase("Estate Tax")): null

2024-11-12 18:29:58 - [TEST_STEP][PASSED] - setText(findTestObject(orPath_Amount + "/input__paymentAmount"), ""): Text '' is set on object 'Object Repository/RAD_Pages/PaymentAmount_Page/input__paymentAmount'

2024-11-12 18:29:59 - [MESSAGE][PASSED] - Text '' is set on object 'Object Repository/RAD_Pages/PaymentAmount_Page/input__paymentAmount'

2024-11-12 18:29:59 - [TEST_STEP][PASSED] - resText = "Fail": null

2024-11-12 18:29:59 - [TEST_STEP][PASSED] - pages.WriteExcel.demoKey(resText, datText, resColumn, datCloumn, fileLoc, nameSheet, row): pages.WriteExcel.demoKey is PASSED

2024-11-12 18:29:59 - [MESSAGE][PASSED] - pages.WriteExcel.demoKey is PASSED

2024-11-12 18:29:59 - [TEST_STEP][PASSED] - verifyTextPresent("Enter business name", true, CONTINUE_ON_FAILURE): Text 'Enter business name' is present on page  using regular expression

2024-11-12 18:30:00 - [MESSAGE][PASSED] - Text 'Enter business name' is present on page  using regular expression

2024-11-12 18:30:00 - [TEST_STEP][PASSED] - verifyTextPresent("Enter business rep first name", true, CONTINUE_ON_FAILURE): Text 'Enter business rep first name' is present on page  using regular expression

2024-11-12 18:30:00 - [MESSAGE][PASSED] - Text 'Enter business rep first name' is present on page  using regular expression

2024-11-12 18:30:00 - [TEST_STEP][PASSED] - verifyTextPresent("Enter business rep last name", true, CONTINUE_ON_FAILURE): Text 'Enter business rep last name' is present on page  using regular expression

2024-11-12 18:30:00 - [MESSAGE][PASSED] - Text 'Enter business rep last name' is present on page  using regular expression

2024-11-12 18:30:00 - [TEST_STEP][PASSED] - verifyTextPresent("Enter address", true, CONTINUE_ON_FAILURE): Text 'Enter address' is present on page  using regular expression

2024-11-12 18:30:01 - [MESSAGE][PASSED] - Text 'Enter address' is present on page  using regular expression

2024-11-12 18:30:01 - [TEST_STEP][PASSED] - verifyTextPresent("Enter city", true, CONTINUE_ON_FAILURE): Text 'Enter city' is present on page  using regular expression

2024-11-12 18:30:01 - [MESSAGE][PASSED] - Text 'Enter city' is present on page  using regular expression

2024-11-12 18:30:01 - [TEST_STEP][PASSED] - verifyTextPresent("Enter ZIP code", true, CONTINUE_ON_FAILURE): Text 'Enter ZIP code' is present on page  using regular expression

2024-11-12 18:30:01 - [MESSAGE][PASSED] - Text 'Enter ZIP code' is present on page  using regular expression

2024-11-12 18:30:01 - [TEST_STEP][PASSED] - verifyTextPresent("Enter a valid phone number", true, CONTINUE_ON_FAILURE): Text 'Enter a valid phone number' is present on page  using regular expression

2024-11-12 18:30:02 - [MESSAGE][PASSED] - Text 'Enter a valid phone number' is present on page  using regular expression

2024-11-12 18:30:02 - [TEST_STEP][PASSED] - verifyTextPresent("Enter Email", true, CONTINUE_ON_FAILURE): Text 'Enter Email' is present on page  using regular expression

2024-11-12 18:30:02 - [MESSAGE][PASSED] - Text 'Enter Email' is present on page  using regular expression

2024-11-12 18:30:02 - [TEST_STEP][PASSED] - if (CRN.equalsIgnoreCase("Y")): null

2024-11-12 18:30:02 - [TEST_STEP][PASSED] - if (MFLicNum.equalsIgnoreCase("Y")): Text 'Motor Fuel License Number must be 5 or 6 digits in length, with a value greater than zero' is present on page  using regular expression

2024-11-12 18:30:02 - [TEST_STEP][PASSED] - setText(findTestObject(orPath_TaxInfo + "/input_MotorFuelLicNum"), " "): Text ' ' is set on object 'Object Repository/RAD_Pages/TaxInfo_Page/input_MotorFuelLicNum'

2024-11-12 18:30:03 - [MESSAGE][PASSED] - Text ' ' is set on object 'Object Repository/RAD_Pages/TaxInfo_Page/input_MotorFuelLicNum'

2024-11-12 18:30:03 - [TEST_STEP][PASSED] - setText(findTestObject(orPath_Amount + "/input__paymentAmount"), ""): Text '' is set on object 'Object Repository/RAD_Pages/PaymentAmount_Page/input__paymentAmount'

2024-11-12 18:30:04 - [MESSAGE][PASSED] - Text '' is set on object 'Object Repository/RAD_Pages/PaymentAmount_Page/input__paymentAmount'

2024-11-12 18:30:04 - [TEST_STEP][PASSED] - verifyTextPresent("Motor Fuel License Number must be 5 or 6 digits in length, with a value greater than zero", true, CONTINUE_ON_FAILURE): Text 'Motor Fuel License Number must be 5 or 6 digits in length, with a value greater than zero' is present on page  using regular expression

2024-11-12 18:30:04 - [MESSAGE][PASSED] - Text 'Motor Fuel License Number must be 5 or 6 digits in length, with a value greater than zero' is present on page  using regular expression

2024-11-12 18:30:04 - [TEST_STEP][PASSED] - resText = "Pass": null

2024-11-12 18:30:04 - [TEST_STEP][PASSED] - pages.WriteExcel.demoKey(resText, datText, resColumn, datCloumn, fileLoc, nameSheet, row): pages.WriteExcel.demoKey is PASSED

2024-11-12 18:30:04 - [MESSAGE][PASSED] - pages.WriteExcel.demoKey is PASSED

2024-11-12 18:30:04 - [TEST_STEP][PASSED] - ExecuteTC = findTestData(dataFile).getValue("Execute", row): null

2024-11-12 18:30:04 - [TEST_STEP][PASSED] - TaxType = findTestData(dataFile).getValue("TaxType", row): null

2024-11-12 18:30:04 - [TEST_STEP][PASSED] - PaymentType = findTestData(dataFile).getValue("PaymentType", row): null

2024-11-12 18:30:04 - [TEST_STEP][PASSED] - FilingYear = findTestData(dataFile).getValue("Year", row): null

2024-11-12 18:30:04 - [TEST_STEP][PASSED] - feinSSN = findTestData(dataFile).getValue("FeinSsn", row): null

2024-11-12 18:30:04 - [TEST_STEP][PASSED] - CRN = findTestData(dataFile).getValue("CRN", row): null

2024-11-12 18:30:04 - [TEST_STEP][PASSED] - MFLicNum = findTestData(dataFile).getValue("MFLicNum", row): null

2024-11-12 18:30:04 - [TEST_STEP][PASSED] - if (ExecuteTC.equalsIgnoreCase("Y")): pages.WriteExcel.demoKey is PASSED

2024-11-12 18:30:04 - [TEST_STEP][PASSED] - out.println("Begin Record Number: " + row): null

2024-11-12 18:30:04 - [TEST_STEP][PASSED] - today = new java.util.Date(): null

2024-11-12 18:30:04 - [TEST_STEP][PASSED] - println(today): null

2024-11-12 18:30:04 - [TEST_STEP][PASSED] - datText = today: null

2024-11-12 18:30:04 - [TEST_STEP][PASSED] - logInfo("Payment Type: New Tax Return Amount Due"): Payment Type: New Tax Return Amount Due

2024-11-12 18:30:04 - [MESSAGE][INFO] - Payment Type: New Tax Return Amount Due

2024-11-12 18:30:04 - [TEST_STEP][PASSED] - logInfo("Tax Type: " + TaxType): Tax Type: Sales and Use Tax

2024-11-12 18:30:04 - [MESSAGE][INFO] - Tax Type: Sales and Use Tax

2024-11-12 18:30:04 - [TEST_STEP][PASSED] - openBrowser(""): Browser is opened with url: ''

2024-11-12 18:30:05 - [MESSAGE][WARNING] - A browser is already opened. Closing browser and opening a new one

2024-11-12 18:30:06 - [MESSAGE][INFO] - Starting 'Chrome' driver

2024-11-12 18:30:06 - [MESSAGE][INFO] - User set preference: ['acceptInsecureCerts', 'true']

2024-11-12 18:30:06 - [MESSAGE][INFO] - Action delay is set to 0 milliseconds

2024-11-12 18:30:08 - [MESSAGE][PASSED] - Browser is opened with url: ''

2024-11-12 18:30:08 - [TEST_STEP][PASSED] - maximizeWindow(): Current window maximized

2024-11-12 18:30:08 - [MESSAGE][PASSED] - Current window maximized

2024-11-12 18:30:08 - [TEST_STEP][PASSED] - navigateToUrl(RADurl): Navigate to 'https://www.velocitypayment.com/client/rad/index.html' successfully

2024-11-12 18:30:08 - [MESSAGE][PASSED] - Navigate to 'https://www.velocitypayment.com/client/rad/index.html' successfully

2024-11-12 18:30:08 - [TEST_STEP][PASSED] - selectOptionByLabel(findTestObject(orPath_Landing + "/dd_TaxType"), "New Tax Return Amount Due", false): All options with label 'New Tax Return Amount Due' are selected in object 'Object Repository/RAD_Pages/Landing_Page/dd_TaxType' 

2024-11-12 18:30:10 - [MESSAGE][PASSED] - All options with label 'New Tax Return Amount Due' are selected in object 'Object Repository/RAD_Pages/Landing_Page/dd_TaxType' 

2024-11-12 18:30:10 - [TEST_STEP][PASSED] - selectOptionByLabel(findTestObject("Object Repository/RAD_Pages/Landing_Page/select_NewTaxReturnAmountDue_TaxType"), TaxType, false): All options with label 'Sales and Use Tax' are selected in object 'Object Repository/RAD_Pages/Landing_Page/select_NewTaxReturnAmountDue_TaxType' 

2024-11-12 18:30:11 - [MESSAGE][PASSED] - All options with label 'Sales and Use Tax' are selected in object 'Object Repository/RAD_Pages/Landing_Page/select_NewTaxReturnAmountDue_TaxType' 

2024-11-12 18:30:11 - [TEST_STEP][PASSED] - selectOptionByLabel(findTestObject(orPath_TaxTypeFilingYear + "/select_FilingYear"), FilingYear, false): All options with label '2023' are selected in object 'Object Repository/RAD_Pages/TaxTypeFilingYear_Page/select_FilingYear' 

2024-11-12 18:30:11 - [MESSAGE][PASSED] - All options with label '2023' are selected in object 'Object Repository/RAD_Pages/TaxTypeFilingYear_Page/select_FilingYear' 

2024-11-12 18:30:11 - [TEST_STEP][PASSED] - setText(findTestObject(orPath_TaxPayer + "/input_businessName"), " "): Text ' ' is set on object 'Object Repository/RAD_Pages/Taxpayer_Page/input_businessName'

2024-11-12 18:30:12 - [MESSAGE][PASSED] - Text ' ' is set on object 'Object Repository/RAD_Pages/Taxpayer_Page/input_businessName'

2024-11-12 18:30:12 - [TEST_STEP][PASSED] - setText(findTestObject(orPath_TaxPayer + "/input_BusinessRepfirstName"), " "): Text ' ' is set on object 'Object Repository/RAD_Pages/Taxpayer_Page/input_BusinessRepfirstName'

2024-11-12 18:30:13 - [MESSAGE][PASSED] - Text ' ' is set on object 'Object Repository/RAD_Pages/Taxpayer_Page/input_BusinessRepfirstName'

2024-11-12 18:30:13 - [TEST_STEP][PASSED] - setText(findTestObject(orPath_TaxPayer + "/input_BusinessReplastName"), " "): Text ' ' is set on object 'Object Repository/RAD_Pages/Taxpayer_Page/input_BusinessReplastName'

2024-11-12 18:30:14 - [MESSAGE][PASSED] - Text ' ' is set on object 'Object Repository/RAD_Pages/Taxpayer_Page/input_BusinessReplastName'

2024-11-12 18:30:14 - [TEST_STEP][PASSED] - setText(findTestObject(orPath_AddressContact + "/input_streetAddress1"), " "): Text ' ' is set on object 'Object Repository/RAD_Pages/AddressAndContactInfo_Page/input_streetAddress1'

2024-11-12 18:30:14 - [MESSAGE][PASSED] - Text ' ' is set on object 'Object Repository/RAD_Pages/AddressAndContactInfo_Page/input_streetAddress1'

2024-11-12 18:30:14 - [TEST_STEP][PASSED] - setText(findTestObject(orPath_AddressContact + "/input_city"), " "): Text ' ' is set on object 'Object Repository/RAD_Pages/AddressAndContactInfo_Page/input_city'

2024-11-12 18:30:15 - [MESSAGE][PASSED] - Text ' ' is set on object 'Object Repository/RAD_Pages/AddressAndContactInfo_Page/input_city'

2024-11-12 18:30:15 - [TEST_STEP][PASSED] - setText(findTestObject(orPath_AddressContact + "/input_zipCode"), " "): Text ' ' is set on object 'Object Repository/RAD_Pages/AddressAndContactInfo_Page/input_zipCode'

2024-11-12 18:30:16 - [MESSAGE][PASSED] - Text ' ' is set on object 'Object Repository/RAD_Pages/AddressAndContactInfo_Page/input_zipCode'

2024-11-12 18:30:16 - [TEST_STEP][PASSED] - setText(findTestObject(orPath_AddressContact + "/input_phoneNumber"), " "): Text ' ' is set on object 'Object Repository/RAD_Pages/AddressAndContactInfo_Page/input_phoneNumber'

2024-11-12 18:30:17 - [MESSAGE][PASSED] - Text ' ' is set on object 'Object Repository/RAD_Pages/AddressAndContactInfo_Page/input_phoneNumber'

2024-11-12 18:30:17 - [TEST_STEP][PASSED] - setText(findTestObject(orPath_AddressContact + "/input_eMailAddress"), " "): Text ' ' is set on object 'Object Repository/RAD_Pages/AddressAndContactInfo_Page/input_eMailAddress'

2024-11-12 18:30:18 - [MESSAGE][PASSED] - Text ' ' is set on object 'Object Repository/RAD_Pages/AddressAndContactInfo_Page/input_eMailAddress'

2024-11-12 18:30:18 - [TEST_STEP][PASSED] - setText(findTestObject(orPath_AddressContact + "/input_reEnterEMailAddress"), " "): Text ' ' is set on object 'Object Repository/RAD_Pages/AddressAndContactInfo_Page/input_reEnterEMailAddress'

2024-11-12 18:30:18 - [MESSAGE][PASSED] - Text ' ' is set on object 'Object Repository/RAD_Pages/AddressAndContactInfo_Page/input_reEnterEMailAddress'

2024-11-12 18:30:18 - [TEST_STEP][PASSED] - if (TaxType.equalsIgnoreCase("Estate Tax")): null

2024-11-12 18:30:18 - [TEST_STEP][PASSED] - setText(findTestObject(orPath_Amount + "/input__paymentAmount"), ""): Text '' is set on object 'Object Repository/RAD_Pages/PaymentAmount_Page/input__paymentAmount'

2024-11-12 18:30:19 - [MESSAGE][PASSED] - Text '' is set on object 'Object Repository/RAD_Pages/PaymentAmount_Page/input__paymentAmount'

2024-11-12 18:30:19 - [TEST_STEP][PASSED] - resText = "Fail": null

2024-11-12 18:30:19 - [TEST_STEP][PASSED] - pages.WriteExcel.demoKey(resText, datText, resColumn, datCloumn, fileLoc, nameSheet, row): pages.WriteExcel.demoKey is PASSED

2024-11-12 18:30:19 - [MESSAGE][PASSED] - pages.WriteExcel.demoKey is PASSED

2024-11-12 18:30:19 - [TEST_STEP][PASSED] - verifyTextPresent("Enter business name", true, CONTINUE_ON_FAILURE): Text 'Enter business name' is present on page  using regular expression

2024-11-12 18:30:20 - [MESSAGE][PASSED] - Text 'Enter business name' is present on page  using regular expression

2024-11-12 18:30:20 - [TEST_STEP][PASSED] - verifyTextPresent("Enter business rep first name", true, CONTINUE_ON_FAILURE): Text 'Enter business rep first name' is present on page  using regular expression

2024-11-12 18:30:20 - [MESSAGE][PASSED] - Text 'Enter business rep first name' is present on page  using regular expression

2024-11-12 18:30:20 - [TEST_STEP][PASSED] - verifyTextPresent("Enter business rep last name", true, CONTINUE_ON_FAILURE): Text 'Enter business rep last name' is present on page  using regular expression

2024-11-12 18:30:21 - [MESSAGE][PASSED] - Text 'Enter business rep last name' is present on page  using regular expression

2024-11-12 18:30:21 - [TEST_STEP][PASSED] - verifyTextPresent("Enter address", true, CONTINUE_ON_FAILURE): Text 'Enter address' is present on page  using regular expression

2024-11-12 18:30:21 - [MESSAGE][PASSED] - Text 'Enter address' is present on page  using regular expression

2024-11-12 18:30:21 - [TEST_STEP][PASSED] - verifyTextPresent("Enter city", true, CONTINUE_ON_FAILURE): Text 'Enter city' is present on page  using regular expression

2024-11-12 18:30:21 - [MESSAGE][PASSED] - Text 'Enter city' is present on page  using regular expression

2024-11-12 18:30:21 - [TEST_STEP][PASSED] - verifyTextPresent("Enter ZIP code", true, CONTINUE_ON_FAILURE): Text 'Enter ZIP code' is present on page  using regular expression

2024-11-12 18:30:22 - [MESSAGE][PASSED] - Text 'Enter ZIP code' is present on page  using regular expression

2024-11-12 18:30:22 - [TEST_STEP][PASSED] - verifyTextPresent("Enter a valid phone number", true, CONTINUE_ON_FAILURE): Text 'Enter a valid phone number' is present on page  using regular expression

2024-11-12 18:30:22 - [MESSAGE][PASSED] - Text 'Enter a valid phone number' is present on page  using regular expression

2024-11-12 18:30:22 - [TEST_STEP][PASSED] - verifyTextPresent("Enter Email", true, CONTINUE_ON_FAILURE): Text 'Enter Email' is present on page  using regular expression

2024-11-12 18:30:22 - [MESSAGE][PASSED] - Text 'Enter Email' is present on page  using regular expression

2024-11-12 18:30:22 - [TEST_STEP][PASSED] - if (CRN.equalsIgnoreCase("Y")): Text 'Enter valid MD Central Registration Number' is present on page  using regular expression

2024-11-12 18:30:22 - [TEST_STEP][PASSED] - setText(findTestObject(orPath_TaxInfo + "/input_MDCRegistration"), " "): Text ' ' is set on object 'Object Repository/RAD_Pages/TaxInfo_Page/input_MDCRegistration'

2024-11-12 18:30:23 - [MESSAGE][PASSED] - Text ' ' is set on object 'Object Repository/RAD_Pages/TaxInfo_Page/input_MDCRegistration'

2024-11-12 18:30:23 - [TEST_STEP][PASSED] - setText(findTestObject(orPath_Amount + "/input__paymentAmount"), ""): Text '' is set on object 'Object Repository/RAD_Pages/PaymentAmount_Page/input__paymentAmount'

2024-11-12 18:30:24 - [MESSAGE][PASSED] - Text '' is set on object 'Object Repository/RAD_Pages/PaymentAmount_Page/input__paymentAmount'

2024-11-12 18:30:24 - [TEST_STEP][PASSED] - verifyTextPresent("Enter valid MD Central Registration Number", true, CONTINUE_ON_FAILURE): Text 'Enter valid MD Central Registration Number' is present on page  using regular expression

2024-11-12 18:30:24 - [MESSAGE][PASSED] - Text 'Enter valid MD Central Registration Number' is present on page  using regular expression

2024-11-12 18:30:24 - [TEST_STEP][PASSED] - if (MFLicNum.equalsIgnoreCase("Y")): null

2024-11-12 18:30:24 - [TEST_STEP][PASSED] - resText = "Pass": null

2024-11-12 18:30:24 - [TEST_STEP][PASSED] - pages.WriteExcel.demoKey(resText, datText, resColumn, datCloumn, fileLoc, nameSheet, row): pages.WriteExcel.demoKey is PASSED

2024-11-12 18:30:24 - [MESSAGE][PASSED] - pages.WriteExcel.demoKey is PASSED

2024-11-12 18:30:24 - [TEST_STEP][PASSED] - ExecuteTC = findTestData(dataFile).getValue("Execute", row): null

2024-11-12 18:30:24 - [TEST_STEP][PASSED] - TaxType = findTestData(dataFile).getValue("TaxType", row): null

2024-11-12 18:30:24 - [TEST_STEP][PASSED] - PaymentType = findTestData(dataFile).getValue("PaymentType", row): null

2024-11-12 18:30:24 - [TEST_STEP][PASSED] - FilingYear = findTestData(dataFile).getValue("Year", row): null

2024-11-12 18:30:24 - [TEST_STEP][PASSED] - feinSSN = findTestData(dataFile).getValue("FeinSsn", row): null

2024-11-12 18:30:24 - [TEST_STEP][PASSED] - CRN = findTestData(dataFile).getValue("CRN", row): null

2024-11-12 18:30:24 - [TEST_STEP][PASSED] - MFLicNum = findTestData(dataFile).getValue("MFLicNum", row): null

2024-11-12 18:30:25 - [TEST_STEP][PASSED] - if (ExecuteTC.equalsIgnoreCase("Y")): pages.WriteExcel.demoKey is PASSED

2024-11-12 18:30:25 - [TEST_STEP][PASSED] - out.println("Begin Record Number: " + row): null

2024-11-12 18:30:25 - [TEST_STEP][PASSED] - today = new java.util.Date(): null

2024-11-12 18:30:25 - [TEST_STEP][PASSED] - println(today): null

2024-11-12 18:30:25 - [TEST_STEP][PASSED] - datText = today: null

2024-11-12 18:30:25 - [TEST_STEP][PASSED] - logInfo("Payment Type: New Tax Return Amount Due"): Payment Type: New Tax Return Amount Due

2024-11-12 18:30:25 - [MESSAGE][INFO] - Payment Type: New Tax Return Amount Due

2024-11-12 18:30:25 - [TEST_STEP][PASSED] - logInfo("Tax Type: " + TaxType): Tax Type: Slots License Fee

2024-11-12 18:30:25 - [MESSAGE][INFO] - Tax Type: Slots License Fee

2024-11-12 18:30:25 - [TEST_STEP][PASSED] - openBrowser(""): Browser is opened with url: ''

2024-11-12 18:30:25 - [MESSAGE][WARNING] - A browser is already opened. Closing browser and opening a new one

2024-11-12 18:30:26 - [MESSAGE][INFO] - Starting 'Chrome' driver

2024-11-12 18:30:26 - [MESSAGE][INFO] - User set preference: ['acceptInsecureCerts', 'true']

2024-11-12 18:30:26 - [MESSAGE][INFO] - Action delay is set to 0 milliseconds

2024-11-12 18:30:28 - [MESSAGE][PASSED] - Browser is opened with url: ''

2024-11-12 18:30:28 - [TEST_STEP][PASSED] - maximizeWindow(): Current window maximized

2024-11-12 18:30:28 - [MESSAGE][PASSED] - Current window maximized

2024-11-12 18:30:28 - [TEST_STEP][PASSED] - navigateToUrl(RADurl): Navigate to 'https://www.velocitypayment.com/client/rad/index.html' successfully

2024-11-12 18:30:30 - [MESSAGE][PASSED] - Navigate to 'https://www.velocitypayment.com/client/rad/index.html' successfully

2024-11-12 18:30:30 - [TEST_STEP][PASSED] - selectOptionByLabel(findTestObject(orPath_Landing + "/dd_TaxType"), "New Tax Return Amount Due", false): All options with label 'New Tax Return Amount Due' are selected in object 'Object Repository/RAD_Pages/Landing_Page/dd_TaxType' 

2024-11-12 18:30:30 - [MESSAGE][PASSED] - All options with label 'New Tax Return Amount Due' are selected in object 'Object Repository/RAD_Pages/Landing_Page/dd_TaxType' 

2024-11-12 18:30:30 - [TEST_STEP][PASSED] - selectOptionByLabel(findTestObject("Object Repository/RAD_Pages/Landing_Page/select_NewTaxReturnAmountDue_TaxType"), TaxType, false): All options with label 'Slots License Fee' are selected in object 'Object Repository/RAD_Pages/Landing_Page/select_NewTaxReturnAmountDue_TaxType' 

2024-11-12 18:30:31 - [MESSAGE][PASSED] - All options with label 'Slots License Fee' are selected in object 'Object Repository/RAD_Pages/Landing_Page/select_NewTaxReturnAmountDue_TaxType' 

2024-11-12 18:30:31 - [TEST_STEP][PASSED] - selectOptionByLabel(findTestObject(orPath_TaxTypeFilingYear + "/select_FilingYear"), FilingYear, false): All options with label '2023' are selected in object 'Object Repository/RAD_Pages/TaxTypeFilingYear_Page/select_FilingYear' 

2024-11-12 18:30:32 - [MESSAGE][PASSED] - All options with label '2023' are selected in object 'Object Repository/RAD_Pages/TaxTypeFilingYear_Page/select_FilingYear' 

2024-11-12 18:30:32 - [TEST_STEP][PASSED] - setText(findTestObject(orPath_TaxPayer + "/input_businessName"), " "): Text ' ' is set on object 'Object Repository/RAD_Pages/Taxpayer_Page/input_businessName'

2024-11-12 18:30:33 - [MESSAGE][PASSED] - Text ' ' is set on object 'Object Repository/RAD_Pages/Taxpayer_Page/input_businessName'

2024-11-12 18:30:33 - [TEST_STEP][PASSED] - setText(findTestObject(orPath_TaxPayer + "/input_BusinessRepfirstName"), " "): Text ' ' is set on object 'Object Repository/RAD_Pages/Taxpayer_Page/input_BusinessRepfirstName'

2024-11-12 18:30:33 - [MESSAGE][PASSED] - Text ' ' is set on object 'Object Repository/RAD_Pages/Taxpayer_Page/input_BusinessRepfirstName'

2024-11-12 18:30:33 - [TEST_STEP][PASSED] - setText(findTestObject(orPath_TaxPayer + "/input_BusinessReplastName"), " "): Text ' ' is set on object 'Object Repository/RAD_Pages/Taxpayer_Page/input_BusinessReplastName'

2024-11-12 18:30:34 - [MESSAGE][PASSED] - Text ' ' is set on object 'Object Repository/RAD_Pages/Taxpayer_Page/input_BusinessReplastName'

2024-11-12 18:30:34 - [TEST_STEP][PASSED] - setText(findTestObject(orPath_AddressContact + "/input_streetAddress1"), " "): Text ' ' is set on object 'Object Repository/RAD_Pages/AddressAndContactInfo_Page/input_streetAddress1'

2024-11-12 18:30:35 - [MESSAGE][PASSED] - Text ' ' is set on object 'Object Repository/RAD_Pages/AddressAndContactInfo_Page/input_streetAddress1'

2024-11-12 18:30:35 - [TEST_STEP][PASSED] - setText(findTestObject(orPath_AddressContact + "/input_city"), " "): Text ' ' is set on object 'Object Repository/RAD_Pages/AddressAndContactInfo_Page/input_city'

2024-11-12 18:30:35 - [MESSAGE][PASSED] - Text ' ' is set on object 'Object Repository/RAD_Pages/AddressAndContactInfo_Page/input_city'

2024-11-12 18:30:35 - [TEST_STEP][PASSED] - setText(findTestObject(orPath_AddressContact + "/input_zipCode"), " "): Text ' ' is set on object 'Object Repository/RAD_Pages/AddressAndContactInfo_Page/input_zipCode'

2024-11-12 18:30:36 - [MESSAGE][PASSED] - Text ' ' is set on object 'Object Repository/RAD_Pages/AddressAndContactInfo_Page/input_zipCode'

2024-11-12 18:30:36 - [TEST_STEP][PASSED] - setText(findTestObject(orPath_AddressContact + "/input_phoneNumber"), " "): Text ' ' is set on object 'Object Repository/RAD_Pages/AddressAndContactInfo_Page/input_phoneNumber'

2024-11-12 18:30:37 - [MESSAGE][PASSED] - Text ' ' is set on object 'Object Repository/RAD_Pages/AddressAndContactInfo_Page/input_phoneNumber'

2024-11-12 18:30:37 - [TEST_STEP][PASSED] - setText(findTestObject(orPath_AddressContact + "/input_eMailAddress"), " "): Text ' ' is set on object 'Object Repository/RAD_Pages/AddressAndContactInfo_Page/input_eMailAddress'

2024-11-12 18:30:39 - [MESSAGE][PASSED] - Text ' ' is set on object 'Object Repository/RAD_Pages/AddressAndContactInfo_Page/input_eMailAddress'

2024-11-12 18:30:39 - [TEST_STEP][PASSED] - setText(findTestObject(orPath_AddressContact + "/input_reEnterEMailAddress"), " "): Text ' ' is set on object 'Object Repository/RAD_Pages/AddressAndContactInfo_Page/input_reEnterEMailAddress'

2024-11-12 18:30:40 - [MESSAGE][PASSED] - Text ' ' is set on object 'Object Repository/RAD_Pages/AddressAndContactInfo_Page/input_reEnterEMailAddress'

2024-11-12 18:30:40 - [TEST_STEP][PASSED] - if (TaxType.equalsIgnoreCase("Estate Tax")): null

2024-11-12 18:30:40 - [TEST_STEP][PASSED] - setText(findTestObject(orPath_Amount + "/input__paymentAmount"), ""): Text '' is set on object 'Object Repository/RAD_Pages/PaymentAmount_Page/input__paymentAmount'

2024-11-12 18:30:42 - [MESSAGE][PASSED] - Text '' is set on object 'Object Repository/RAD_Pages/PaymentAmount_Page/input__paymentAmount'

2024-11-12 18:30:42 - [TEST_STEP][PASSED] - resText = "Fail": null

2024-11-12 18:30:42 - [TEST_STEP][PASSED] - pages.WriteExcel.demoKey(resText, datText, resColumn, datCloumn, fileLoc, nameSheet, row): pages.WriteExcel.demoKey is PASSED

2024-11-12 18:30:42 - [MESSAGE][PASSED] - pages.WriteExcel.demoKey is PASSED

2024-11-12 18:30:42 - [TEST_STEP][PASSED] - verifyTextPresent("Enter business name", true, CONTINUE_ON_FAILURE): Text 'Enter business name' is present on page  using regular expression

2024-11-12 18:30:42 - [MESSAGE][PASSED] - Text 'Enter business name' is present on page  using regular expression

2024-11-12 18:30:42 - [TEST_STEP][PASSED] - verifyTextPresent("Enter business rep first name", true, CONTINUE_ON_FAILURE): Text 'Enter business rep first name' is present on page  using regular expression

2024-11-12 18:30:43 - [MESSAGE][PASSED] - Text 'Enter business rep first name' is present on page  using regular expression

2024-11-12 18:30:43 - [TEST_STEP][PASSED] - verifyTextPresent("Enter business rep last name", true, CONTINUE_ON_FAILURE): Text 'Enter business rep last name' is present on page  using regular expression

2024-11-12 18:30:43 - [MESSAGE][PASSED] - Text 'Enter business rep last name' is present on page  using regular expression

2024-11-12 18:30:43 - [TEST_STEP][PASSED] - verifyTextPresent("Enter address", true, CONTINUE_ON_FAILURE): Text 'Enter address' is present on page  using regular expression

2024-11-12 18:30:43 - [MESSAGE][PASSED] - Text 'Enter address' is present on page  using regular expression

2024-11-12 18:30:43 - [TEST_STEP][PASSED] - verifyTextPresent("Enter city", true, CONTINUE_ON_FAILURE): Text 'Enter city' is present on page  using regular expression

2024-11-12 18:30:44 - [MESSAGE][PASSED] - Text 'Enter city' is present on page  using regular expression

2024-11-12 18:30:44 - [TEST_STEP][PASSED] - verifyTextPresent("Enter ZIP code", true, CONTINUE_ON_FAILURE): Text 'Enter ZIP code' is present on page  using regular expression

2024-11-12 18:30:44 - [MESSAGE][PASSED] - Text 'Enter ZIP code' is present on page  using regular expression

2024-11-12 18:30:44 - [TEST_STEP][PASSED] - verifyTextPresent("Enter a valid phone number", true, CONTINUE_ON_FAILURE): Text 'Enter a valid phone number' is present on page  using regular expression

2024-11-12 18:30:44 - [MESSAGE][PASSED] - Text 'Enter a valid phone number' is present on page  using regular expression

2024-11-12 18:30:44 - [TEST_STEP][PASSED] - verifyTextPresent("Enter Email", true, CONTINUE_ON_FAILURE): Text 'Enter Email' is present on page  using regular expression

2024-11-12 18:30:45 - [MESSAGE][PASSED] - Text 'Enter Email' is present on page  using regular expression

2024-11-12 18:30:45 - [TEST_STEP][PASSED] - if (CRN.equalsIgnoreCase("Y")): null

2024-11-12 18:30:45 - [TEST_STEP][PASSED] - if (MFLicNum.equalsIgnoreCase("Y")): null

2024-11-12 18:30:45 - [TEST_STEP][PASSED] - resText = "Pass": null

2024-11-12 18:30:45 - [TEST_STEP][PASSED] - pages.WriteExcel.demoKey(resText, datText, resColumn, datCloumn, fileLoc, nameSheet, row): pages.WriteExcel.demoKey is PASSED

2024-11-12 18:30:45 - [MESSAGE][PASSED] - pages.WriteExcel.demoKey is PASSED

2024-11-12 18:30:45 - [TEST_STEP][PASSED] - ExecuteTC = findTestData(dataFile).getValue("Execute", row): null

2024-11-12 18:30:45 - [TEST_STEP][PASSED] - TaxType = findTestData(dataFile).getValue("TaxType", row): null

2024-11-12 18:30:45 - [TEST_STEP][PASSED] - PaymentType = findTestData(dataFile).getValue("PaymentType", row): null

2024-11-12 18:30:45 - [TEST_STEP][PASSED] - FilingYear = findTestData(dataFile).getValue("Year", row): null

2024-11-12 18:30:45 - [TEST_STEP][PASSED] - feinSSN = findTestData(dataFile).getValue("FeinSsn", row): null

2024-11-12 18:30:45 - [TEST_STEP][PASSED] - CRN = findTestData(dataFile).getValue("CRN", row): null

2024-11-12 18:30:45 - [TEST_STEP][PASSED] - MFLicNum = findTestData(dataFile).getValue("MFLicNum", row): null

2024-11-12 18:30:45 - [TEST_STEP][PASSED] - if (ExecuteTC.equalsIgnoreCase("Y")): pages.WriteExcel.demoKey is PASSED

2024-11-12 18:30:45 - [TEST_STEP][PASSED] - out.println("Begin Record Number: " + row): null

2024-11-12 18:30:45 - [TEST_STEP][PASSED] - today = new java.util.Date(): null

2024-11-12 18:30:45 - [TEST_STEP][PASSED] - println(today): null

2024-11-12 18:30:45 - [TEST_STEP][PASSED] - datText = today: null

2024-11-12 18:30:45 - [TEST_STEP][PASSED] - logInfo("Payment Type: New Tax Return Amount Due"): Payment Type: New Tax Return Amount Due

2024-11-12 18:30:45 - [MESSAGE][INFO] - Payment Type: New Tax Return Amount Due

2024-11-12 18:30:45 - [TEST_STEP][PASSED] - logInfo("Tax Type: " + TaxType): Tax Type: Tire Recycling Fee

2024-11-12 18:30:45 - [MESSAGE][INFO] - Tax Type: Tire Recycling Fee

2024-11-12 18:30:45 - [TEST_STEP][PASSED] - openBrowser(""): Browser is opened with url: ''

2024-11-12 18:30:45 - [MESSAGE][WARNING] - A browser is already opened. Closing browser and opening a new one

2024-11-12 18:30:46 - [MESSAGE][INFO] - Starting 'Chrome' driver

2024-11-12 18:30:46 - [MESSAGE][INFO] - User set preference: ['acceptInsecureCerts', 'true']

2024-11-12 18:30:46 - [MESSAGE][INFO] - Action delay is set to 0 milliseconds

2024-11-12 18:30:48 - [MESSAGE][PASSED] - Browser is opened with url: ''

2024-11-12 18:30:48 - [TEST_STEP][PASSED] - maximizeWindow(): Current window maximized

2024-11-12 18:30:48 - [MESSAGE][PASSED] - Current window maximized

2024-11-12 18:30:48 - [TEST_STEP][PASSED] - navigateToUrl(RADurl): Navigate to 'https://www.velocitypayment.com/client/rad/index.html' successfully

2024-11-12 18:30:49 - [MESSAGE][PASSED] - Navigate to 'https://www.velocitypayment.com/client/rad/index.html' successfully

2024-11-12 18:30:49 - [TEST_STEP][PASSED] - selectOptionByLabel(findTestObject(orPath_Landing + "/dd_TaxType"), "New Tax Return Amount Due", false): All options with label 'New Tax Return Amount Due' are selected in object 'Object Repository/RAD_Pages/Landing_Page/dd_TaxType' 

2024-11-12 18:30:51 - [MESSAGE][PASSED] - All options with label 'New Tax Return Amount Due' are selected in object 'Object Repository/RAD_Pages/Landing_Page/dd_TaxType' 

2024-11-12 18:30:51 - [TEST_STEP][PASSED] - selectOptionByLabel(findTestObject("Object Repository/RAD_Pages/Landing_Page/select_NewTaxReturnAmountDue_TaxType"), TaxType, false): All options with label 'Tire Recycling Fee' are selected in object 'Object Repository/RAD_Pages/Landing_Page/select_NewTaxReturnAmountDue_TaxType' 

2024-11-12 18:30:51 - [MESSAGE][PASSED] - All options with label 'Tire Recycling Fee' are selected in object 'Object Repository/RAD_Pages/Landing_Page/select_NewTaxReturnAmountDue_TaxType' 

2024-11-12 18:30:51 - [TEST_STEP][PASSED] - selectOptionByLabel(findTestObject(orPath_TaxTypeFilingYear + "/select_FilingYear"), FilingYear, false): All options with label '2023' are selected in object 'Object Repository/RAD_Pages/TaxTypeFilingYear_Page/select_FilingYear' 

2024-11-12 18:30:52 - [MESSAGE][PASSED] - All options with label '2023' are selected in object 'Object Repository/RAD_Pages/TaxTypeFilingYear_Page/select_FilingYear' 

2024-11-12 18:30:52 - [TEST_STEP][PASSED] - setText(findTestObject(orPath_TaxPayer + "/input_businessName"), " "): Text ' ' is set on object 'Object Repository/RAD_Pages/Taxpayer_Page/input_businessName'

2024-11-12 18:30:53 - [MESSAGE][PASSED] - Text ' ' is set on object 'Object Repository/RAD_Pages/Taxpayer_Page/input_businessName'

2024-11-12 18:30:53 - [TEST_STEP][PASSED] - setText(findTestObject(orPath_TaxPayer + "/input_BusinessRepfirstName"), " "): Text ' ' is set on object 'Object Repository/RAD_Pages/Taxpayer_Page/input_BusinessRepfirstName'

2024-11-12 18:30:54 - [MESSAGE][PASSED] - Text ' ' is set on object 'Object Repository/RAD_Pages/Taxpayer_Page/input_BusinessRepfirstName'

2024-11-12 18:30:54 - [TEST_STEP][PASSED] - setText(findTestObject(orPath_TaxPayer + "/input_BusinessReplastName"), " "): Text ' ' is set on object 'Object Repository/RAD_Pages/Taxpayer_Page/input_BusinessReplastName'

2024-11-12 18:30:54 - [MESSAGE][PASSED] - Text ' ' is set on object 'Object Repository/RAD_Pages/Taxpayer_Page/input_BusinessReplastName'

2024-11-12 18:30:54 - [TEST_STEP][PASSED] - setText(findTestObject(orPath_AddressContact + "/input_streetAddress1"), " "): Text ' ' is set on object 'Object Repository/RAD_Pages/AddressAndContactInfo_Page/input_streetAddress1'

2024-11-12 18:30:55 - [MESSAGE][PASSED] - Text ' ' is set on object 'Object Repository/RAD_Pages/AddressAndContactInfo_Page/input_streetAddress1'

2024-11-12 18:30:55 - [TEST_STEP][PASSED] - setText(findTestObject(orPath_AddressContact + "/input_city"), " "): Text ' ' is set on object 'Object Repository/RAD_Pages/AddressAndContactInfo_Page/input_city'

2024-11-12 18:30:56 - [MESSAGE][PASSED] - Text ' ' is set on object 'Object Repository/RAD_Pages/AddressAndContactInfo_Page/input_city'

2024-11-12 18:30:56 - [TEST_STEP][PASSED] - setText(findTestObject(orPath_AddressContact + "/input_zipCode"), " "): Text ' ' is set on object 'Object Repository/RAD_Pages/AddressAndContactInfo_Page/input_zipCode'

2024-11-12 18:30:57 - [MESSAGE][PASSED] - Text ' ' is set on object 'Object Repository/RAD_Pages/AddressAndContactInfo_Page/input_zipCode'

2024-11-12 18:30:57 - [TEST_STEP][PASSED] - setText(findTestObject(orPath_AddressContact + "/input_phoneNumber"), " "): Text ' ' is set on object 'Object Repository/RAD_Pages/AddressAndContactInfo_Page/input_phoneNumber'

2024-11-12 18:30:57 - [MESSAGE][PASSED] - Text ' ' is set on object 'Object Repository/RAD_Pages/AddressAndContactInfo_Page/input_phoneNumber'

2024-11-12 18:30:57 - [TEST_STEP][PASSED] - setText(findTestObject(orPath_AddressContact + "/input_eMailAddress"), " "): Text ' ' is set on object 'Object Repository/RAD_Pages/AddressAndContactInfo_Page/input_eMailAddress'

2024-11-12 18:30:58 - [MESSAGE][PASSED] - Text ' ' is set on object 'Object Repository/RAD_Pages/AddressAndContactInfo_Page/input_eMailAddress'

2024-11-12 18:30:58 - [TEST_STEP][PASSED] - setText(findTestObject(orPath_AddressContact + "/input_reEnterEMailAddress"), " "): Text ' ' is set on object 'Object Repository/RAD_Pages/AddressAndContactInfo_Page/input_reEnterEMailAddress'

2024-11-12 18:30:59 - [MESSAGE][PASSED] - Text ' ' is set on object 'Object Repository/RAD_Pages/AddressAndContactInfo_Page/input_reEnterEMailAddress'

2024-11-12 18:30:59 - [TEST_STEP][PASSED] - if (TaxType.equalsIgnoreCase("Estate Tax")): null

2024-11-12 18:30:59 - [TEST_STEP][PASSED] - setText(findTestObject(orPath_Amount + "/input__paymentAmount"), ""): Text '' is set on object 'Object Repository/RAD_Pages/PaymentAmount_Page/input__paymentAmount'

2024-11-12 18:31:00 - [MESSAGE][PASSED] - Text '' is set on object 'Object Repository/RAD_Pages/PaymentAmount_Page/input__paymentAmount'

2024-11-12 18:31:00 - [TEST_STEP][PASSED] - resText = "Fail": null

2024-11-12 18:31:00 - [TEST_STEP][PASSED] - pages.WriteExcel.demoKey(resText, datText, resColumn, datCloumn, fileLoc, nameSheet, row): pages.WriteExcel.demoKey is PASSED

2024-11-12 18:31:00 - [MESSAGE][PASSED] - pages.WriteExcel.demoKey is PASSED

2024-11-12 18:31:00 - [TEST_STEP][PASSED] - verifyTextPresent("Enter business name", true, CONTINUE_ON_FAILURE): Text 'Enter business name' is present on page  using regular expression

2024-11-12 18:31:00 - [MESSAGE][PASSED] - Text 'Enter business name' is present on page  using regular expression

2024-11-12 18:31:00 - [TEST_STEP][PASSED] - verifyTextPresent("Enter business rep first name", true, CONTINUE_ON_FAILURE): Text 'Enter business rep first name' is present on page  using regular expression

2024-11-12 18:31:01 - [MESSAGE][PASSED] - Text 'Enter business rep first name' is present on page  using regular expression

2024-11-12 18:31:01 - [TEST_STEP][PASSED] - verifyTextPresent("Enter business rep last name", true, CONTINUE_ON_FAILURE): Text 'Enter business rep last name' is present on page  using regular expression

2024-11-12 18:31:01 - [MESSAGE][PASSED] - Text 'Enter business rep last name' is present on page  using regular expression

2024-11-12 18:31:01 - [TEST_STEP][PASSED] - verifyTextPresent("Enter address", true, CONTINUE_ON_FAILURE): Text 'Enter address' is present on page  using regular expression

2024-11-12 18:31:02 - [MESSAGE][PASSED] - Text 'Enter address' is present on page  using regular expression

2024-11-12 18:31:02 - [TEST_STEP][PASSED] - verifyTextPresent("Enter city", true, CONTINUE_ON_FAILURE): Text 'Enter city' is present on page  using regular expression

2024-11-12 18:31:02 - [MESSAGE][PASSED] - Text 'Enter city' is present on page  using regular expression

2024-11-12 18:31:02 - [TEST_STEP][PASSED] - verifyTextPresent("Enter ZIP code", true, CONTINUE_ON_FAILURE): Text 'Enter ZIP code' is present on page  using regular expression

2024-11-12 18:31:02 - [MESSAGE][PASSED] - Text 'Enter ZIP code' is present on page  using regular expression

2024-11-12 18:31:02 - [TEST_STEP][PASSED] - verifyTextPresent("Enter a valid phone number", true, CONTINUE_ON_FAILURE): Text 'Enter a valid phone number' is present on page  using regular expression

2024-11-12 18:31:03 - [MESSAGE][PASSED] - Text 'Enter a valid phone number' is present on page  using regular expression

2024-11-12 18:31:03 - [TEST_STEP][PASSED] - verifyTextPresent("Enter Email", true, CONTINUE_ON_FAILURE): Text 'Enter Email' is present on page  using regular expression

2024-11-12 18:31:03 - [MESSAGE][PASSED] - Text 'Enter Email' is present on page  using regular expression

2024-11-12 18:31:03 - [TEST_STEP][PASSED] - if (CRN.equalsIgnoreCase("Y")): Text 'Enter valid MD Central Registration Number' is present on page  using regular expression

2024-11-12 18:31:03 - [TEST_STEP][PASSED] - setText(findTestObject(orPath_TaxInfo + "/input_MDCRegistration"), " "): Text ' ' is set on object 'Object Repository/RAD_Pages/TaxInfo_Page/input_MDCRegistration'

2024-11-12 18:31:04 - [MESSAGE][PASSED] - Text ' ' is set on object 'Object Repository/RAD_Pages/TaxInfo_Page/input_MDCRegistration'

2024-11-12 18:31:04 - [TEST_STEP][PASSED] - setText(findTestObject(orPath_Amount + "/input__paymentAmount"), ""): Text '' is set on object 'Object Repository/RAD_Pages/PaymentAmount_Page/input__paymentAmount'

2024-11-12 18:31:04 - [MESSAGE][PASSED] - Text '' is set on object 'Object Repository/RAD_Pages/PaymentAmount_Page/input__paymentAmount'

2024-11-12 18:31:04 - [TEST_STEP][PASSED] - verifyTextPresent("Enter valid MD Central Registration Number", true, CONTINUE_ON_FAILURE): Text 'Enter valid MD Central Registration Number' is present on page  using regular expression

2024-11-12 18:31:05 - [MESSAGE][PASSED] - Text 'Enter valid MD Central Registration Number' is present on page  using regular expression

2024-11-12 18:31:05 - [TEST_STEP][PASSED] - if (MFLicNum.equalsIgnoreCase("Y")): null

2024-11-12 18:31:05 - [TEST_STEP][PASSED] - resText = "Pass": null

2024-11-12 18:31:05 - [TEST_STEP][PASSED] - pages.WriteExcel.demoKey(resText, datText, resColumn, datCloumn, fileLoc, nameSheet, row): pages.WriteExcel.demoKey is PASSED

2024-11-12 18:31:05 - [MESSAGE][PASSED] - pages.WriteExcel.demoKey is PASSED

2024-11-12 18:31:05 - [TEST_STEP][PASSED] - ExecuteTC = findTestData(dataFile).getValue("Execute", row): null

2024-11-12 18:31:05 - [TEST_STEP][PASSED] - TaxType = findTestData(dataFile).getValue("TaxType", row): null

2024-11-12 18:31:05 - [TEST_STEP][PASSED] - PaymentType = findTestData(dataFile).getValue("PaymentType", row): null

2024-11-12 18:31:05 - [TEST_STEP][PASSED] - FilingYear = findTestData(dataFile).getValue("Year", row): null

2024-11-12 18:31:05 - [TEST_STEP][PASSED] - feinSSN = findTestData(dataFile).getValue("FeinSsn", row): null

2024-11-12 18:31:05 - [TEST_STEP][PASSED] - CRN = findTestData(dataFile).getValue("CRN", row): null

2024-11-12 18:31:05 - [TEST_STEP][PASSED] - MFLicNum = findTestData(dataFile).getValue("MFLicNum", row): null

2024-11-12 18:31:05 - [TEST_STEP][PASSED] - if (ExecuteTC.equalsIgnoreCase("Y")): pages.WriteExcel.demoKey is PASSED

2024-11-12 18:31:05 - [TEST_STEP][PASSED] - out.println("Begin Record Number: " + row): null

2024-11-12 18:31:05 - [TEST_STEP][PASSED] - today = new java.util.Date(): null

2024-11-12 18:31:05 - [TEST_STEP][PASSED] - println(today): null

2024-11-12 18:31:05 - [TEST_STEP][PASSED] - datText = today: null

2024-11-12 18:31:05 - [TEST_STEP][PASSED] - logInfo("Payment Type: New Tax Return Amount Due"): Payment Type: New Tax Return Amount Due

2024-11-12 18:31:05 - [MESSAGE][INFO] - Payment Type: New Tax Return Amount Due

2024-11-12 18:31:05 - [TEST_STEP][PASSED] - logInfo("Tax Type: " + TaxType): Tax Type: Tobacco Tax

2024-11-12 18:31:05 - [MESSAGE][INFO] - Tax Type: Tobacco Tax

2024-11-12 18:31:05 - [TEST_STEP][PASSED] - openBrowser(""): Browser is opened with url: ''

2024-11-12 18:31:05 - [MESSAGE][WARNING] - A browser is already opened. Closing browser and opening a new one

2024-11-12 18:31:07 - [MESSAGE][INFO] - Starting 'Chrome' driver

2024-11-12 18:31:07 - [MESSAGE][INFO] - User set preference: ['acceptInsecureCerts', 'true']

2024-11-12 18:31:07 - [MESSAGE][INFO] - Action delay is set to 0 milliseconds

2024-11-12 18:31:09 - [MESSAGE][PASSED] - Browser is opened with url: ''

2024-11-12 18:31:09 - [TEST_STEP][PASSED] - maximizeWindow(): Current window maximized

2024-11-12 18:31:09 - [MESSAGE][PASSED] - Current window maximized

2024-11-12 18:31:09 - [TEST_STEP][PASSED] - navigateToUrl(RADurl): Navigate to 'https://www.velocitypayment.com/client/rad/index.html' successfully

2024-11-12 18:31:09 - [MESSAGE][PASSED] - Navigate to 'https://www.velocitypayment.com/client/rad/index.html' successfully

2024-11-12 18:31:09 - [TEST_STEP][PASSED] - selectOptionByLabel(findTestObject(orPath_Landing + "/dd_TaxType"), "New Tax Return Amount Due", false): All options with label 'New Tax Return Amount Due' are selected in object 'Object Repository/RAD_Pages/Landing_Page/dd_TaxType' 

2024-11-12 18:31:11 - [MESSAGE][PASSED] - All options with label 'New Tax Return Amount Due' are selected in object 'Object Repository/RAD_Pages/Landing_Page/dd_TaxType' 

2024-11-12 18:31:11 - [TEST_STEP][PASSED] - selectOptionByLabel(findTestObject("Object Repository/RAD_Pages/Landing_Page/select_NewTaxReturnAmountDue_TaxType"), TaxType, false): All options with label 'Tobacco Tax' are selected in object 'Object Repository/RAD_Pages/Landing_Page/select_NewTaxReturnAmountDue_TaxType' 

2024-11-12 18:31:12 - [MESSAGE][PASSED] - All options with label 'Tobacco Tax' are selected in object 'Object Repository/RAD_Pages/Landing_Page/select_NewTaxReturnAmountDue_TaxType' 

2024-11-12 18:31:12 - [TEST_STEP][PASSED] - selectOptionByLabel(findTestObject(orPath_TaxTypeFilingYear + "/select_FilingYear"), FilingYear, false): All options with label '2023' are selected in object 'Object Repository/RAD_Pages/TaxTypeFilingYear_Page/select_FilingYear' 

2024-11-12 18:31:13 - [MESSAGE][PASSED] - All options with label '2023' are selected in object 'Object Repository/RAD_Pages/TaxTypeFilingYear_Page/select_FilingYear' 

2024-11-12 18:31:13 - [TEST_STEP][PASSED] - setText(findTestObject(orPath_TaxPayer + "/input_businessName"), " "): Text ' ' is set on object 'Object Repository/RAD_Pages/Taxpayer_Page/input_businessName'

2024-11-12 18:31:13 - [MESSAGE][PASSED] - Text ' ' is set on object 'Object Repository/RAD_Pages/Taxpayer_Page/input_businessName'

2024-11-12 18:31:13 - [TEST_STEP][PASSED] - setText(findTestObject(orPath_TaxPayer + "/input_BusinessRepfirstName"), " "): Text ' ' is set on object 'Object Repository/RAD_Pages/Taxpayer_Page/input_BusinessRepfirstName'

2024-11-12 18:31:14 - [MESSAGE][PASSED] - Text ' ' is set on object 'Object Repository/RAD_Pages/Taxpayer_Page/input_BusinessRepfirstName'

2024-11-12 18:31:14 - [TEST_STEP][PASSED] - setText(findTestObject(orPath_TaxPayer + "/input_BusinessReplastName"), " "): Text ' ' is set on object 'Object Repository/RAD_Pages/Taxpayer_Page/input_BusinessReplastName'

2024-11-12 18:31:15 - [MESSAGE][PASSED] - Text ' ' is set on object 'Object Repository/RAD_Pages/Taxpayer_Page/input_BusinessReplastName'

2024-11-12 18:31:15 - [TEST_STEP][PASSED] - setText(findTestObject(orPath_AddressContact + "/input_streetAddress1"), " "): Text ' ' is set on object 'Object Repository/RAD_Pages/AddressAndContactInfo_Page/input_streetAddress1'

2024-11-12 18:31:16 - [MESSAGE][PASSED] - Text ' ' is set on object 'Object Repository/RAD_Pages/AddressAndContactInfo_Page/input_streetAddress1'

2024-11-12 18:31:16 - [TEST_STEP][PASSED] - setText(findTestObject(orPath_AddressContact + "/input_city"), " "): Text ' ' is set on object 'Object Repository/RAD_Pages/AddressAndContactInfo_Page/input_city'

2024-11-12 18:31:16 - [MESSAGE][PASSED] - Text ' ' is set on object 'Object Repository/RAD_Pages/AddressAndContactInfo_Page/input_city'

2024-11-12 18:31:16 - [TEST_STEP][PASSED] - setText(findTestObject(orPath_AddressContact + "/input_zipCode"), " "): Text ' ' is set on object 'Object Repository/RAD_Pages/AddressAndContactInfo_Page/input_zipCode'

2024-11-12 18:31:17 - [MESSAGE][PASSED] - Text ' ' is set on object 'Object Repository/RAD_Pages/AddressAndContactInfo_Page/input_zipCode'

2024-11-12 18:31:17 - [TEST_STEP][PASSED] - setText(findTestObject(orPath_AddressContact + "/input_phoneNumber"), " "): Text ' ' is set on object 'Object Repository/RAD_Pages/AddressAndContactInfo_Page/input_phoneNumber'

2024-11-12 18:31:18 - [MESSAGE][PASSED] - Text ' ' is set on object 'Object Repository/RAD_Pages/AddressAndContactInfo_Page/input_phoneNumber'

2024-11-12 18:31:18 - [TEST_STEP][PASSED] - setText(findTestObject(orPath_AddressContact + "/input_eMailAddress"), " "): Text ' ' is set on object 'Object Repository/RAD_Pages/AddressAndContactInfo_Page/input_eMailAddress'

2024-11-12 18:31:19 - [MESSAGE][PASSED] - Text ' ' is set on object 'Object Repository/RAD_Pages/AddressAndContactInfo_Page/input_eMailAddress'

2024-11-12 18:31:19 - [TEST_STEP][PASSED] - setText(findTestObject(orPath_AddressContact + "/input_reEnterEMailAddress"), " "): Text ' ' is set on object 'Object Repository/RAD_Pages/AddressAndContactInfo_Page/input_reEnterEMailAddress'

2024-11-12 18:31:20 - [MESSAGE][PASSED] - Text ' ' is set on object 'Object Repository/RAD_Pages/AddressAndContactInfo_Page/input_reEnterEMailAddress'

2024-11-12 18:31:20 - [TEST_STEP][PASSED] - if (TaxType.equalsIgnoreCase("Estate Tax")): null

2024-11-12 18:31:20 - [TEST_STEP][PASSED] - setText(findTestObject(orPath_Amount + "/input__paymentAmount"), ""): Text '' is set on object 'Object Repository/RAD_Pages/PaymentAmount_Page/input__paymentAmount'

2024-11-12 18:31:21 - [MESSAGE][PASSED] - Text '' is set on object 'Object Repository/RAD_Pages/PaymentAmount_Page/input__paymentAmount'

2024-11-12 18:31:21 - [TEST_STEP][PASSED] - resText = "Fail": null

2024-11-12 18:31:21 - [TEST_STEP][PASSED] - pages.WriteExcel.demoKey(resText, datText, resColumn, datCloumn, fileLoc, nameSheet, row): pages.WriteExcel.demoKey is PASSED

2024-11-12 18:31:21 - [MESSAGE][PASSED] - pages.WriteExcel.demoKey is PASSED

2024-11-12 18:31:21 - [TEST_STEP][PASSED] - verifyTextPresent("Enter business name", true, CONTINUE_ON_FAILURE): Text 'Enter business name' is present on page  using regular expression

2024-11-12 18:31:21 - [MESSAGE][PASSED] - Text 'Enter business name' is present on page  using regular expression

2024-11-12 18:31:21 - [TEST_STEP][PASSED] - verifyTextPresent("Enter business rep first name", true, CONTINUE_ON_FAILURE): Text 'Enter business rep first name' is present on page  using regular expression

2024-11-12 18:31:22 - [MESSAGE][PASSED] - Text 'Enter business rep first name' is present on page  using regular expression

2024-11-12 18:31:22 - [TEST_STEP][PASSED] - verifyTextPresent("Enter business rep last name", true, CONTINUE_ON_FAILURE): Text 'Enter business rep last name' is present on page  using regular expression

2024-11-12 18:31:22 - [MESSAGE][PASSED] - Text 'Enter business rep last name' is present on page  using regular expression

2024-11-12 18:31:22 - [TEST_STEP][PASSED] - verifyTextPresent("Enter address", true, CONTINUE_ON_FAILURE): Text 'Enter address' is present on page  using regular expression

2024-11-12 18:31:22 - [MESSAGE][PASSED] - Text 'Enter address' is present on page  using regular expression

2024-11-12 18:31:22 - [TEST_STEP][PASSED] - verifyTextPresent("Enter city", true, CONTINUE_ON_FAILURE): Text 'Enter city' is present on page  using regular expression

2024-11-12 18:31:23 - [MESSAGE][PASSED] - Text 'Enter city' is present on page  using regular expression

2024-11-12 18:31:23 - [TEST_STEP][PASSED] - verifyTextPresent("Enter ZIP code", true, CONTINUE_ON_FAILURE): Text 'Enter ZIP code' is present on page  using regular expression

2024-11-12 18:31:23 - [MESSAGE][PASSED] - Text 'Enter ZIP code' is present on page  using regular expression

2024-11-12 18:31:23 - [TEST_STEP][PASSED] - verifyTextPresent("Enter a valid phone number", true, CONTINUE_ON_FAILURE): Text 'Enter a valid phone number' is present on page  using regular expression

2024-11-12 18:31:23 - [MESSAGE][PASSED] - Text 'Enter a valid phone number' is present on page  using regular expression

2024-11-12 18:31:23 - [TEST_STEP][PASSED] - verifyTextPresent("Enter Email", true, CONTINUE_ON_FAILURE): Text 'Enter Email' is present on page  using regular expression

2024-11-12 18:31:24 - [MESSAGE][PASSED] - Text 'Enter Email' is present on page  using regular expression

2024-11-12 18:31:24 - [TEST_STEP][PASSED] - if (CRN.equalsIgnoreCase("Y")): Text 'Enter valid MD Central Registration Number' is present on page  using regular expression

2024-11-12 18:31:24 - [TEST_STEP][PASSED] - setText(findTestObject(orPath_TaxInfo + "/input_MDCRegistration"), " "): Text ' ' is set on object 'Object Repository/RAD_Pages/TaxInfo_Page/input_MDCRegistration'

2024-11-12 18:31:24 - [MESSAGE][PASSED] - Text ' ' is set on object 'Object Repository/RAD_Pages/TaxInfo_Page/input_MDCRegistration'

2024-11-12 18:31:24 - [TEST_STEP][PASSED] - setText(findTestObject(orPath_Amount + "/input__paymentAmount"), ""): Text '' is set on object 'Object Repository/RAD_Pages/PaymentAmount_Page/input__paymentAmount'

2024-11-12 18:31:25 - [MESSAGE][PASSED] - Text '' is set on object 'Object Repository/RAD_Pages/PaymentAmount_Page/input__paymentAmount'

2024-11-12 18:31:25 - [TEST_STEP][PASSED] - verifyTextPresent("Enter valid MD Central Registration Number", true, CONTINUE_ON_FAILURE): Text 'Enter valid MD Central Registration Number' is present on page  using regular expression

2024-11-12 18:31:25 - [MESSAGE][PASSED] - Text 'Enter valid MD Central Registration Number' is present on page  using regular expression

2024-11-12 18:31:25 - [TEST_STEP][PASSED] - if (MFLicNum.equalsIgnoreCase("Y")): null

2024-11-12 18:31:25 - [TEST_STEP][PASSED] - resText = "Pass": null

2024-11-12 18:31:25 - [TEST_STEP][PASSED] - pages.WriteExcel.demoKey(resText, datText, resColumn, datCloumn, fileLoc, nameSheet, row): pages.WriteExcel.demoKey is PASSED

2024-11-12 18:31:25 - [MESSAGE][PASSED] - pages.WriteExcel.demoKey is PASSED

2024-11-12 18:31:25 - [TEST_STEP][PASSED] - ExecuteTC = findTestData(dataFile).getValue("Execute", row): null

2024-11-12 18:31:26 - [TEST_STEP][PASSED] - TaxType = findTestData(dataFile).getValue("TaxType", row): null

2024-11-12 18:31:26 - [TEST_STEP][PASSED] - PaymentType = findTestData(dataFile).getValue("PaymentType", row): null

2024-11-12 18:31:26 - [TEST_STEP][PASSED] - FilingYear = findTestData(dataFile).getValue("Year", row): null

2024-11-12 18:31:26 - [TEST_STEP][PASSED] - feinSSN = findTestData(dataFile).getValue("FeinSsn", row): null

2024-11-12 18:31:26 - [TEST_STEP][PASSED] - CRN = findTestData(dataFile).getValue("CRN", row): null

2024-11-12 18:31:26 - [TEST_STEP][PASSED] - MFLicNum = findTestData(dataFile).getValue("MFLicNum", row): null

2024-11-12 18:31:26 - [TEST_STEP][PASSED] - if (ExecuteTC.equalsIgnoreCase("Y")): pages.WriteExcel.demoKey is PASSED

2024-11-12 18:31:26 - [TEST_STEP][PASSED] - out.println("Begin Record Number: " + row): null

2024-11-12 18:31:26 - [TEST_STEP][PASSED] - today = new java.util.Date(): null

2024-11-12 18:31:26 - [TEST_STEP][PASSED] - println(today): null

2024-11-12 18:31:26 - [TEST_STEP][PASSED] - datText = today: null

2024-11-12 18:31:26 - [TEST_STEP][PASSED] - logInfo("Payment Type: New Tax Return Amount Due"): Payment Type: New Tax Return Amount Due

2024-11-12 18:31:26 - [MESSAGE][INFO] - Payment Type: New Tax Return Amount Due

2024-11-12 18:31:26 - [TEST_STEP][PASSED] - logInfo("Tax Type: " + TaxType): Tax Type: Transportation Network Services

2024-11-12 18:31:26 - [MESSAGE][INFO] - Tax Type: Transportation Network Services

2024-11-12 18:31:26 - [TEST_STEP][PASSED] - openBrowser(""): Browser is opened with url: ''

2024-11-12 18:31:26 - [MESSAGE][WARNING] - A browser is already opened. Closing browser and opening a new one

2024-11-12 18:31:27 - [MESSAGE][INFO] - Starting 'Chrome' driver

2024-11-12 18:31:27 - [MESSAGE][INFO] - User set preference: ['acceptInsecureCerts', 'true']

2024-11-12 18:31:27 - [MESSAGE][INFO] - Action delay is set to 0 milliseconds

2024-11-12 18:31:29 - [MESSAGE][PASSED] - Browser is opened with url: ''

2024-11-12 18:31:29 - [TEST_STEP][PASSED] - maximizeWindow(): Current window maximized

2024-11-12 18:31:29 - [MESSAGE][PASSED] - Current window maximized

2024-11-12 18:31:29 - [TEST_STEP][PASSED] - navigateToUrl(RADurl): Navigate to 'https://www.velocitypayment.com/client/rad/index.html' successfully

2024-11-12 18:31:29 - [MESSAGE][PASSED] - Navigate to 'https://www.velocitypayment.com/client/rad/index.html' successfully

2024-11-12 18:31:29 - [TEST_STEP][PASSED] - selectOptionByLabel(findTestObject(orPath_Landing + "/dd_TaxType"), "New Tax Return Amount Due", false): All options with label 'New Tax Return Amount Due' are selected in object 'Object Repository/RAD_Pages/Landing_Page/dd_TaxType' 

2024-11-12 18:31:31 - [MESSAGE][PASSED] - All options with label 'New Tax Return Amount Due' are selected in object 'Object Repository/RAD_Pages/Landing_Page/dd_TaxType' 

2024-11-12 18:31:31 - [TEST_STEP][PASSED] - selectOptionByLabel(findTestObject("Object Repository/RAD_Pages/Landing_Page/select_NewTaxReturnAmountDue_TaxType"), TaxType, false): All options with label 'Transportation Network Services' are selected in object 'Object Repository/RAD_Pages/Landing_Page/select_NewTaxReturnAmountDue_TaxType' 

2024-11-12 18:31:32 - [MESSAGE][PASSED] - All options with label 'Transportation Network Services' are selected in object 'Object Repository/RAD_Pages/Landing_Page/select_NewTaxReturnAmountDue_TaxType' 

2024-11-12 18:31:32 - [TEST_STEP][PASSED] - selectOptionByLabel(findTestObject(orPath_TaxTypeFilingYear + "/select_FilingYear"), FilingYear, false): All options with label '2024' are selected in object 'Object Repository/RAD_Pages/TaxTypeFilingYear_Page/select_FilingYear' 

2024-11-12 18:31:33 - [MESSAGE][PASSED] - All options with label '2024' are selected in object 'Object Repository/RAD_Pages/TaxTypeFilingYear_Page/select_FilingYear' 

2024-11-12 18:31:33 - [TEST_STEP][PASSED] - setText(findTestObject(orPath_TaxPayer + "/input_businessName"), " "): Text ' ' is set on object 'Object Repository/RAD_Pages/Taxpayer_Page/input_businessName'

2024-11-12 18:31:34 - [MESSAGE][PASSED] - Text ' ' is set on object 'Object Repository/RAD_Pages/Taxpayer_Page/input_businessName'

2024-11-12 18:31:34 - [TEST_STEP][PASSED] - setText(findTestObject(orPath_TaxPayer + "/input_BusinessRepfirstName"), " "): Text ' ' is set on object 'Object Repository/RAD_Pages/Taxpayer_Page/input_BusinessRepfirstName'

2024-11-12 18:31:34 - [MESSAGE][PASSED] - Text ' ' is set on object 'Object Repository/RAD_Pages/Taxpayer_Page/input_BusinessRepfirstName'

2024-11-12 18:31:34 - [TEST_STEP][PASSED] - setText(findTestObject(orPath_TaxPayer + "/input_BusinessReplastName"), " "): Text ' ' is set on object 'Object Repository/RAD_Pages/Taxpayer_Page/input_BusinessReplastName'

2024-11-12 18:31:35 - [MESSAGE][PASSED] - Text ' ' is set on object 'Object Repository/RAD_Pages/Taxpayer_Page/input_BusinessReplastName'

2024-11-12 18:31:35 - [TEST_STEP][PASSED] - setText(findTestObject(orPath_AddressContact + "/input_streetAddress1"), " "): Text ' ' is set on object 'Object Repository/RAD_Pages/AddressAndContactInfo_Page/input_streetAddress1'

2024-11-12 18:31:36 - [MESSAGE][PASSED] - Text ' ' is set on object 'Object Repository/RAD_Pages/AddressAndContactInfo_Page/input_streetAddress1'

2024-11-12 18:31:36 - [TEST_STEP][PASSED] - setText(findTestObject(orPath_AddressContact + "/input_city"), " "): Text ' ' is set on object 'Object Repository/RAD_Pages/AddressAndContactInfo_Page/input_city'

2024-11-12 18:31:37 - [MESSAGE][PASSED] - Text ' ' is set on object 'Object Repository/RAD_Pages/AddressAndContactInfo_Page/input_city'

2024-11-12 18:31:37 - [TEST_STEP][PASSED] - setText(findTestObject(orPath_AddressContact + "/input_zipCode"), " "): Text ' ' is set on object 'Object Repository/RAD_Pages/AddressAndContactInfo_Page/input_zipCode'

2024-11-12 18:31:38 - [MESSAGE][PASSED] - Text ' ' is set on object 'Object Repository/RAD_Pages/AddressAndContactInfo_Page/input_zipCode'

2024-11-12 18:31:38 - [TEST_STEP][PASSED] - setText(findTestObject(orPath_AddressContact + "/input_phoneNumber"), " "): Text ' ' is set on object 'Object Repository/RAD_Pages/AddressAndContactInfo_Page/input_phoneNumber'

2024-11-12 18:31:39 - [MESSAGE][PASSED] - Text ' ' is set on object 'Object Repository/RAD_Pages/AddressAndContactInfo_Page/input_phoneNumber'

2024-11-12 18:31:39 - [TEST_STEP][PASSED] - setText(findTestObject(orPath_AddressContact + "/input_eMailAddress"), " "): Text ' ' is set on object 'Object Repository/RAD_Pages/AddressAndContactInfo_Page/input_eMailAddress'

2024-11-12 18:31:40 - [MESSAGE][PASSED] - Text ' ' is set on object 'Object Repository/RAD_Pages/AddressAndContactInfo_Page/input_eMailAddress'

2024-11-12 18:31:40 - [TEST_STEP][PASSED] - setText(findTestObject(orPath_AddressContact + "/input_reEnterEMailAddress"), " "): Text ' ' is set on object 'Object Repository/RAD_Pages/AddressAndContactInfo_Page/input_reEnterEMailAddress'

2024-11-12 18:31:41 - [MESSAGE][PASSED] - Text ' ' is set on object 'Object Repository/RAD_Pages/AddressAndContactInfo_Page/input_reEnterEMailAddress'

2024-11-12 18:31:41 - [TEST_STEP][PASSED] - if (TaxType.equalsIgnoreCase("Estate Tax")): null

2024-11-12 18:31:41 - [TEST_STEP][PASSED] - setText(findTestObject(orPath_Amount + "/input__paymentAmount"), ""): Text '' is set on object 'Object Repository/RAD_Pages/PaymentAmount_Page/input__paymentAmount'

2024-11-12 18:31:42 - [MESSAGE][PASSED] - Text '' is set on object 'Object Repository/RAD_Pages/PaymentAmount_Page/input__paymentAmount'

2024-11-12 18:31:42 - [TEST_STEP][PASSED] - resText = "Fail": null

2024-11-12 18:31:42 - [TEST_STEP][PASSED] - pages.WriteExcel.demoKey(resText, datText, resColumn, datCloumn, fileLoc, nameSheet, row): pages.WriteExcel.demoKey is PASSED

2024-11-12 18:31:42 - [MESSAGE][PASSED] - pages.WriteExcel.demoKey is PASSED

2024-11-12 18:31:42 - [TEST_STEP][PASSED] - verifyTextPresent("Enter business name", true, CONTINUE_ON_FAILURE): Text 'Enter business name' is present on page  using regular expression

2024-11-12 18:31:43 - [MESSAGE][PASSED] - Text 'Enter business name' is present on page  using regular expression

2024-11-12 18:31:43 - [TEST_STEP][PASSED] - verifyTextPresent("Enter business rep first name", true, CONTINUE_ON_FAILURE): Text 'Enter business rep first name' is present on page  using regular expression

2024-11-12 18:31:43 - [MESSAGE][PASSED] - Text 'Enter business rep first name' is present on page  using regular expression

2024-11-12 18:31:43 - [TEST_STEP][PASSED] - verifyTextPresent("Enter business rep last name", true, CONTINUE_ON_FAILURE): Text 'Enter business rep last name' is present on page  using regular expression

2024-11-12 18:31:43 - [MESSAGE][PASSED] - Text 'Enter business rep last name' is present on page  using regular expression

2024-11-12 18:31:43 - [TEST_STEP][PASSED] - verifyTextPresent("Enter address", true, CONTINUE_ON_FAILURE): Text 'Enter address' is present on page  using regular expression

2024-11-12 18:31:44 - [MESSAGE][PASSED] - Text 'Enter address' is present on page  using regular expression

2024-11-12 18:31:44 - [TEST_STEP][PASSED] - verifyTextPresent("Enter city", true, CONTINUE_ON_FAILURE): Text 'Enter city' is present on page  using regular expression

2024-11-12 18:31:44 - [MESSAGE][PASSED] - Text 'Enter city' is present on page  using regular expression

2024-11-12 18:31:44 - [TEST_STEP][PASSED] - verifyTextPresent("Enter ZIP code", true, CONTINUE_ON_FAILURE): Text 'Enter ZIP code' is present on page  using regular expression

2024-11-12 18:31:45 - [MESSAGE][PASSED] - Text 'Enter ZIP code' is present on page  using regular expression

2024-11-12 18:31:45 - [TEST_STEP][PASSED] - verifyTextPresent("Enter a valid phone number", true, CONTINUE_ON_FAILURE): Text 'Enter a valid phone number' is present on page  using regular expression

2024-11-12 18:31:45 - [MESSAGE][PASSED] - Text 'Enter a valid phone number' is present on page  using regular expression

2024-11-12 18:31:45 - [TEST_STEP][PASSED] - verifyTextPresent("Enter Email", true, CONTINUE_ON_FAILURE): Text 'Enter Email' is present on page  using regular expression

2024-11-12 18:31:45 - [MESSAGE][PASSED] - Text 'Enter Email' is present on page  using regular expression

2024-11-12 18:31:45 - [TEST_STEP][PASSED] - if (CRN.equalsIgnoreCase("Y")): Text 'Enter valid MD Central Registration Number' is present on page  using regular expression

2024-11-12 18:31:45 - [TEST_STEP][PASSED] - setText(findTestObject(orPath_TaxInfo + "/input_MDCRegistration"), " "): Text ' ' is set on object 'Object Repository/RAD_Pages/TaxInfo_Page/input_MDCRegistration'

2024-11-12 18:31:46 - [MESSAGE][PASSED] - Text ' ' is set on object 'Object Repository/RAD_Pages/TaxInfo_Page/input_MDCRegistration'

2024-11-12 18:31:46 - [TEST_STEP][PASSED] - setText(findTestObject(orPath_Amount + "/input__paymentAmount"), ""): Text '' is set on object 'Object Repository/RAD_Pages/PaymentAmount_Page/input__paymentAmount'

2024-11-12 18:31:47 - [MESSAGE][PASSED] - Text '' is set on object 'Object Repository/RAD_Pages/PaymentAmount_Page/input__paymentAmount'

2024-11-12 18:31:47 - [TEST_STEP][PASSED] - verifyTextPresent("Enter valid MD Central Registration Number", true, CONTINUE_ON_FAILURE): Text 'Enter valid MD Central Registration Number' is present on page  using regular expression

2024-11-12 18:31:47 - [MESSAGE][PASSED] - Text 'Enter valid MD Central Registration Number' is present on page  using regular expression

2024-11-12 18:31:47 - [TEST_STEP][PASSED] - if (MFLicNum.equalsIgnoreCase("Y")): null

2024-11-12 18:31:47 - [TEST_STEP][PASSED] - resText = "Pass": null

2024-11-12 18:31:47 - [TEST_STEP][PASSED] - pages.WriteExcel.demoKey(resText, datText, resColumn, datCloumn, fileLoc, nameSheet, row): pages.WriteExcel.demoKey is PASSED

2024-11-12 18:31:47 - [MESSAGE][PASSED] - pages.WriteExcel.demoKey is PASSED

2024-11-12 18:31:47 - [TEST_STEP][PASSED] - ExecuteTC = findTestData(dataFile).getValue("Execute", row): null

2024-11-12 18:31:47 - [TEST_STEP][PASSED] - TaxType = findTestData(dataFile).getValue("TaxType", row): null

2024-11-12 18:31:47 - [TEST_STEP][PASSED] - PaymentType = findTestData(dataFile).getValue("PaymentType", row): null

2024-11-12 18:31:47 - [TEST_STEP][PASSED] - FilingYear = findTestData(dataFile).getValue("Year", row): null

2024-11-12 18:31:47 - [TEST_STEP][PASSED] - feinSSN = findTestData(dataFile).getValue("FeinSsn", row): null

2024-11-12 18:31:47 - [TEST_STEP][PASSED] - CRN = findTestData(dataFile).getValue("CRN", row): null

2024-11-12 18:31:47 - [TEST_STEP][PASSED] - MFLicNum = findTestData(dataFile).getValue("MFLicNum", row): null

2024-11-12 18:31:47 - [TEST_STEP][PASSED] - if (ExecuteTC.equalsIgnoreCase("Y")): pages.WriteExcel.demoKey is PASSED

2024-11-12 18:31:47 - [TEST_STEP][PASSED] - out.println("Begin Record Number: " + row): null

2024-11-12 18:31:47 - [TEST_STEP][PASSED] - today = new java.util.Date(): null

2024-11-12 18:31:47 - [TEST_STEP][PASSED] - println(today): null

2024-11-12 18:31:47 - [TEST_STEP][PASSED] - datText = today: null

2024-11-12 18:31:47 - [TEST_STEP][PASSED] - logInfo("Payment Type: New Tax Return Amount Due"): Payment Type: New Tax Return Amount Due

2024-11-12 18:31:47 - [MESSAGE][INFO] - Payment Type: New Tax Return Amount Due

2024-11-12 18:31:47 - [TEST_STEP][PASSED] - logInfo("Tax Type: " + TaxType): Tax Type: Unclaimed Property

2024-11-12 18:31:47 - [MESSAGE][INFO] - Tax Type: Unclaimed Property

2024-11-12 18:31:47 - [TEST_STEP][PASSED] - openBrowser(""): Browser is opened with url: ''

2024-11-12 18:31:47 - [MESSAGE][WARNING] - A browser is already opened. Closing browser and opening a new one

2024-11-12 18:31:49 - [MESSAGE][INFO] - Starting 'Chrome' driver

2024-11-12 18:31:49 - [MESSAGE][INFO] - User set preference: ['acceptInsecureCerts', 'true']

2024-11-12 18:31:49 - [MESSAGE][INFO] - Action delay is set to 0 milliseconds

2024-11-12 18:31:50 - [MESSAGE][PASSED] - Browser is opened with url: ''

2024-11-12 18:31:50 - [TEST_STEP][PASSED] - maximizeWindow(): Current window maximized

2024-11-12 18:31:51 - [MESSAGE][PASSED] - Current window maximized

2024-11-12 18:31:51 - [TEST_STEP][PASSED] - navigateToUrl(RADurl): Navigate to 'https://www.velocitypayment.com/client/rad/index.html' successfully

2024-11-12 18:31:53 - [MESSAGE][PASSED] - Navigate to 'https://www.velocitypayment.com/client/rad/index.html' successfully

2024-11-12 18:31:53 - [TEST_STEP][PASSED] - selectOptionByLabel(findTestObject(orPath_Landing + "/dd_TaxType"), "New Tax Return Amount Due", false): All options with label 'New Tax Return Amount Due' are selected in object 'Object Repository/RAD_Pages/Landing_Page/dd_TaxType' 

2024-11-12 18:31:53 - [MESSAGE][PASSED] - All options with label 'New Tax Return Amount Due' are selected in object 'Object Repository/RAD_Pages/Landing_Page/dd_TaxType' 

2024-11-12 18:31:53 - [TEST_STEP][PASSED] - selectOptionByLabel(findTestObject("Object Repository/RAD_Pages/Landing_Page/select_NewTaxReturnAmountDue_TaxType"), TaxType, false): All options with label 'Unclaimed Property' are selected in object 'Object Repository/RAD_Pages/Landing_Page/select_NewTaxReturnAmountDue_TaxType' 

2024-11-12 18:31:54 - [MESSAGE][PASSED] - All options with label 'Unclaimed Property' are selected in object 'Object Repository/RAD_Pages/Landing_Page/select_NewTaxReturnAmountDue_TaxType' 

2024-11-12 18:31:54 - [TEST_STEP][PASSED] - selectOptionByLabel(findTestObject(orPath_TaxTypeFilingYear + "/select_FilingYear"), FilingYear, false): All options with label '2023' are selected in object 'Object Repository/RAD_Pages/TaxTypeFilingYear_Page/select_FilingYear' 

2024-11-12 18:31:55 - [MESSAGE][PASSED] - All options with label '2023' are selected in object 'Object Repository/RAD_Pages/TaxTypeFilingYear_Page/select_FilingYear' 

2024-11-12 18:31:55 - [TEST_STEP][PASSED] - setText(findTestObject(orPath_TaxPayer + "/input_businessName"), " "): Text ' ' is set on object 'Object Repository/RAD_Pages/Taxpayer_Page/input_businessName'

2024-11-12 18:31:55 - [MESSAGE][PASSED] - Text ' ' is set on object 'Object Repository/RAD_Pages/Taxpayer_Page/input_businessName'

2024-11-12 18:31:55 - [TEST_STEP][PASSED] - setText(findTestObject(orPath_TaxPayer + "/input_BusinessRepfirstName"), " "): Text ' ' is set on object 'Object Repository/RAD_Pages/Taxpayer_Page/input_BusinessRepfirstName'

2024-11-12 18:31:56 - [MESSAGE][PASSED] - Text ' ' is set on object 'Object Repository/RAD_Pages/Taxpayer_Page/input_BusinessRepfirstName'

2024-11-12 18:31:56 - [TEST_STEP][PASSED] - setText(findTestObject(orPath_TaxPayer + "/input_BusinessReplastName"), " "): Text ' ' is set on object 'Object Repository/RAD_Pages/Taxpayer_Page/input_BusinessReplastName'

2024-11-12 18:31:57 - [MESSAGE][PASSED] - Text ' ' is set on object 'Object Repository/RAD_Pages/Taxpayer_Page/input_BusinessReplastName'

2024-11-12 18:31:57 - [TEST_STEP][PASSED] - setText(findTestObject(orPath_AddressContact + "/input_streetAddress1"), " "): Text ' ' is set on object 'Object Repository/RAD_Pages/AddressAndContactInfo_Page/input_streetAddress1'

2024-11-12 18:31:58 - [MESSAGE][PASSED] - Text ' ' is set on object 'Object Repository/RAD_Pages/AddressAndContactInfo_Page/input_streetAddress1'

2024-11-12 18:31:58 - [TEST_STEP][PASSED] - setText(findTestObject(orPath_AddressContact + "/input_city"), " "): Text ' ' is set on object 'Object Repository/RAD_Pages/AddressAndContactInfo_Page/input_city'

2024-11-12 18:31:58 - [MESSAGE][PASSED] - Text ' ' is set on object 'Object Repository/RAD_Pages/AddressAndContactInfo_Page/input_city'

2024-11-12 18:31:58 - [TEST_STEP][PASSED] - setText(findTestObject(orPath_AddressContact + "/input_zipCode"), " "): Text ' ' is set on object 'Object Repository/RAD_Pages/AddressAndContactInfo_Page/input_zipCode'

2024-11-12 18:31:59 - [MESSAGE][PASSED] - Text ' ' is set on object 'Object Repository/RAD_Pages/AddressAndContactInfo_Page/input_zipCode'

2024-11-12 18:31:59 - [TEST_STEP][PASSED] - setText(findTestObject(orPath_AddressContact + "/input_phoneNumber"), " "): Text ' ' is set on object 'Object Repository/RAD_Pages/AddressAndContactInfo_Page/input_phoneNumber'

2024-11-12 18:32:00 - [MESSAGE][PASSED] - Text ' ' is set on object 'Object Repository/RAD_Pages/AddressAndContactInfo_Page/input_phoneNumber'

2024-11-12 18:32:00 - [TEST_STEP][PASSED] - setText(findTestObject(orPath_AddressContact + "/input_eMailAddress"), " "): Text ' ' is set on object 'Object Repository/RAD_Pages/AddressAndContactInfo_Page/input_eMailAddress'

2024-11-12 18:32:01 - [MESSAGE][PASSED] - Text ' ' is set on object 'Object Repository/RAD_Pages/AddressAndContactInfo_Page/input_eMailAddress'

2024-11-12 18:32:01 - [TEST_STEP][PASSED] - setText(findTestObject(orPath_AddressContact + "/input_reEnterEMailAddress"), " "): Text ' ' is set on object 'Object Repository/RAD_Pages/AddressAndContactInfo_Page/input_reEnterEMailAddress'

2024-11-12 18:32:02 - [MESSAGE][PASSED] - Text ' ' is set on object 'Object Repository/RAD_Pages/AddressAndContactInfo_Page/input_reEnterEMailAddress'

2024-11-12 18:32:02 - [TEST_STEP][PASSED] - if (TaxType.equalsIgnoreCase("Estate Tax")): null

2024-11-12 18:32:02 - [TEST_STEP][PASSED] - setText(findTestObject(orPath_Amount + "/input__paymentAmount"), ""): Text '' is set on object 'Object Repository/RAD_Pages/PaymentAmount_Page/input__paymentAmount'

2024-11-12 18:32:03 - [MESSAGE][PASSED] - Text '' is set on object 'Object Repository/RAD_Pages/PaymentAmount_Page/input__paymentAmount'

2024-11-12 18:32:03 - [TEST_STEP][PASSED] - resText = "Fail": null

2024-11-12 18:32:03 - [TEST_STEP][PASSED] - pages.WriteExcel.demoKey(resText, datText, resColumn, datCloumn, fileLoc, nameSheet, row): pages.WriteExcel.demoKey is PASSED

2024-11-12 18:32:03 - [MESSAGE][PASSED] - pages.WriteExcel.demoKey is PASSED

2024-11-12 18:32:03 - [TEST_STEP][PASSED] - verifyTextPresent("Enter business name", true, CONTINUE_ON_FAILURE): Text 'Enter business name' is present on page  using regular expression

2024-11-12 18:32:04 - [MESSAGE][PASSED] - Text 'Enter business name' is present on page  using regular expression

2024-11-12 18:32:04 - [TEST_STEP][PASSED] - verifyTextPresent("Enter business rep first name", true, CONTINUE_ON_FAILURE): Text 'Enter business rep first name' is present on page  using regular expression

2024-11-12 18:32:04 - [MESSAGE][PASSED] - Text 'Enter business rep first name' is present on page  using regular expression

2024-11-12 18:32:04 - [TEST_STEP][PASSED] - verifyTextPresent("Enter business rep last name", true, CONTINUE_ON_FAILURE): Text 'Enter business rep last name' is present on page  using regular expression

2024-11-12 18:32:04 - [MESSAGE][PASSED] - Text 'Enter business rep last name' is present on page  using regular expression

2024-11-12 18:32:04 - [TEST_STEP][PASSED] - verifyTextPresent("Enter address", true, CONTINUE_ON_FAILURE): Text 'Enter address' is present on page  using regular expression

2024-11-12 18:32:05 - [MESSAGE][PASSED] - Text 'Enter address' is present on page  using regular expression

2024-11-12 18:32:05 - [TEST_STEP][PASSED] - verifyTextPresent("Enter city", true, CONTINUE_ON_FAILURE): Text 'Enter city' is present on page  using regular expression

2024-11-12 18:32:05 - [MESSAGE][PASSED] - Text 'Enter city' is present on page  using regular expression

2024-11-12 18:32:05 - [TEST_STEP][PASSED] - verifyTextPresent("Enter ZIP code", true, CONTINUE_ON_FAILURE): Text 'Enter ZIP code' is present on page  using regular expression

2024-11-12 18:32:05 - [MESSAGE][PASSED] - Text 'Enter ZIP code' is present on page  using regular expression

2024-11-12 18:32:05 - [TEST_STEP][PASSED] - verifyTextPresent("Enter a valid phone number", true, CONTINUE_ON_FAILURE): Text 'Enter a valid phone number' is present on page  using regular expression

2024-11-12 18:32:06 - [MESSAGE][PASSED] - Text 'Enter a valid phone number' is present on page  using regular expression

2024-11-12 18:32:06 - [TEST_STEP][PASSED] - verifyTextPresent("Enter Email", true, CONTINUE_ON_FAILURE): Text 'Enter Email' is present on page  using regular expression

2024-11-12 18:32:06 - [MESSAGE][PASSED] - Text 'Enter Email' is present on page  using regular expression

2024-11-12 18:32:06 - [TEST_STEP][PASSED] - if (CRN.equalsIgnoreCase("Y")): null

2024-11-12 18:32:06 - [TEST_STEP][PASSED] - if (MFLicNum.equalsIgnoreCase("Y")): null

2024-11-12 18:32:06 - [TEST_STEP][PASSED] - resText = "Pass": null

2024-11-12 18:32:06 - [TEST_STEP][PASSED] - pages.WriteExcel.demoKey(resText, datText, resColumn, datCloumn, fileLoc, nameSheet, row): pages.WriteExcel.demoKey is PASSED

2024-11-12 18:32:06 - [MESSAGE][PASSED] - pages.WriteExcel.demoKey is PASSED

2024-11-12 18:32:06 - [TEST_STEP][PASSED] - ExecuteTC = findTestData(dataFile).getValue("Execute", row): null

2024-11-12 18:32:06 - [TEST_STEP][PASSED] - TaxType = findTestData(dataFile).getValue("TaxType", row): null

2024-11-12 18:32:06 - [TEST_STEP][PASSED] - PaymentType = findTestData(dataFile).getValue("PaymentType", row): null

2024-11-12 18:32:07 - [TEST_STEP][PASSED] - FilingYear = findTestData(dataFile).getValue("Year", row): null

2024-11-12 18:32:07 - [TEST_STEP][PASSED] - feinSSN = findTestData(dataFile).getValue("FeinSsn", row): null

2024-11-12 18:32:07 - [TEST_STEP][PASSED] - CRN = findTestData(dataFile).getValue("CRN", row): null

2024-11-12 18:32:07 - [TEST_STEP][PASSED] - MFLicNum = findTestData(dataFile).getValue("MFLicNum", row): null

2024-11-12 18:32:07 - [TEST_STEP][PASSED] - if (ExecuteTC.equalsIgnoreCase("Y")): pages.WriteExcel.demoKey is PASSED

2024-11-12 18:32:07 - [TEST_STEP][PASSED] - out.println("Begin Record Number: " + row): null

2024-11-12 18:32:07 - [TEST_STEP][PASSED] - today = new java.util.Date(): null

2024-11-12 18:32:07 - [TEST_STEP][PASSED] - println(today): null

2024-11-12 18:32:07 - [TEST_STEP][PASSED] - datText = today: null

2024-11-12 18:32:07 - [TEST_STEP][PASSED] - logInfo("Payment Type: New Tax Return Amount Due"): Payment Type: New Tax Return Amount Due

2024-11-12 18:32:07 - [MESSAGE][INFO] - Payment Type: New Tax Return Amount Due

2024-11-12 18:32:07 - [TEST_STEP][PASSED] - logInfo("Tax Type: " + TaxType): Tax Type: Withholding Tax

2024-11-12 18:32:07 - [MESSAGE][INFO] - Tax Type: Withholding Tax

2024-11-12 18:32:07 - [TEST_STEP][PASSED] - openBrowser(""): Browser is opened with url: ''

2024-11-12 18:32:07 - [MESSAGE][WARNING] - A browser is already opened. Closing browser and opening a new one

2024-11-12 18:32:08 - [MESSAGE][INFO] - Starting 'Chrome' driver

2024-11-12 18:32:08 - [MESSAGE][INFO] - User set preference: ['acceptInsecureCerts', 'true']

2024-11-12 18:32:08 - [MESSAGE][INFO] - Action delay is set to 0 milliseconds

2024-11-12 18:32:10 - [MESSAGE][PASSED] - Browser is opened with url: ''

2024-11-12 18:32:10 - [TEST_STEP][PASSED] - maximizeWindow(): Current window maximized

2024-11-12 18:32:10 - [MESSAGE][PASSED] - Current window maximized

2024-11-12 18:32:10 - [TEST_STEP][PASSED] - navigateToUrl(RADurl): Navigate to 'https://www.velocitypayment.com/client/rad/index.html' successfully

2024-11-12 18:32:10 - [MESSAGE][PASSED] - Navigate to 'https://www.velocitypayment.com/client/rad/index.html' successfully

2024-11-12 18:32:10 - [TEST_STEP][PASSED] - selectOptionByLabel(findTestObject(orPath_Landing + "/dd_TaxType"), "New Tax Return Amount Due", false): All options with label 'New Tax Return Amount Due' are selected in object 'Object Repository/RAD_Pages/Landing_Page/dd_TaxType' 

2024-11-12 18:32:12 - [MESSAGE][PASSED] - All options with label 'New Tax Return Amount Due' are selected in object 'Object Repository/RAD_Pages/Landing_Page/dd_TaxType' 

2024-11-12 18:32:12 - [TEST_STEP][PASSED] - selectOptionByLabel(findTestObject("Object Repository/RAD_Pages/Landing_Page/select_NewTaxReturnAmountDue_TaxType"), TaxType, false): All options with label 'Withholding Tax' are selected in object 'Object Repository/RAD_Pages/Landing_Page/select_NewTaxReturnAmountDue_TaxType' 

2024-11-12 18:32:13 - [MESSAGE][PASSED] - All options with label 'Withholding Tax' are selected in object 'Object Repository/RAD_Pages/Landing_Page/select_NewTaxReturnAmountDue_TaxType' 

2024-11-12 18:32:13 - [TEST_STEP][PASSED] - selectOptionByLabel(findTestObject(orPath_TaxTypeFilingYear + "/select_FilingYear"), FilingYear, false): All options with label '2023' are selected in object 'Object Repository/RAD_Pages/TaxTypeFilingYear_Page/select_FilingYear' 

2024-11-12 18:32:14 - [MESSAGE][PASSED] - All options with label '2023' are selected in object 'Object Repository/RAD_Pages/TaxTypeFilingYear_Page/select_FilingYear' 

2024-11-12 18:32:14 - [TEST_STEP][PASSED] - setText(findTestObject(orPath_TaxPayer + "/input_businessName"), " "): Text ' ' is set on object 'Object Repository/RAD_Pages/Taxpayer_Page/input_businessName'

2024-11-12 18:32:15 - [MESSAGE][PASSED] - Text ' ' is set on object 'Object Repository/RAD_Pages/Taxpayer_Page/input_businessName'

2024-11-12 18:32:15 - [TEST_STEP][PASSED] - setText(findTestObject(orPath_TaxPayer + "/input_BusinessRepfirstName"), " "): Text ' ' is set on object 'Object Repository/RAD_Pages/Taxpayer_Page/input_BusinessRepfirstName'

2024-11-12 18:32:15 - [MESSAGE][PASSED] - Text ' ' is set on object 'Object Repository/RAD_Pages/Taxpayer_Page/input_BusinessRepfirstName'

2024-11-12 18:32:15 - [TEST_STEP][PASSED] - setText(findTestObject(orPath_TaxPayer + "/input_BusinessReplastName"), " "): Text ' ' is set on object 'Object Repository/RAD_Pages/Taxpayer_Page/input_BusinessReplastName'

2024-11-12 18:32:16 - [MESSAGE][PASSED] - Text ' ' is set on object 'Object Repository/RAD_Pages/Taxpayer_Page/input_BusinessReplastName'

2024-11-12 18:32:16 - [TEST_STEP][PASSED] - setText(findTestObject(orPath_AddressContact + "/input_streetAddress1"), " "): Text ' ' is set on object 'Object Repository/RAD_Pages/AddressAndContactInfo_Page/input_streetAddress1'

2024-11-12 18:32:17 - [MESSAGE][PASSED] - Text ' ' is set on object 'Object Repository/RAD_Pages/AddressAndContactInfo_Page/input_streetAddress1'

2024-11-12 18:32:17 - [TEST_STEP][PASSED] - setText(findTestObject(orPath_AddressContact + "/input_city"), " "): Text ' ' is set on object 'Object Repository/RAD_Pages/AddressAndContactInfo_Page/input_city'

2024-11-12 18:32:17 - [MESSAGE][PASSED] - Text ' ' is set on object 'Object Repository/RAD_Pages/AddressAndContactInfo_Page/input_city'

2024-11-12 18:32:17 - [TEST_STEP][PASSED] - setText(findTestObject(orPath_AddressContact + "/input_zipCode"), " "): Text ' ' is set on object 'Object Repository/RAD_Pages/AddressAndContactInfo_Page/input_zipCode'

2024-11-12 18:32:18 - [MESSAGE][PASSED] - Text ' ' is set on object 'Object Repository/RAD_Pages/AddressAndContactInfo_Page/input_zipCode'

2024-11-12 18:32:18 - [TEST_STEP][PASSED] - setText(findTestObject(orPath_AddressContact + "/input_phoneNumber"), " "): Text ' ' is set on object 'Object Repository/RAD_Pages/AddressAndContactInfo_Page/input_phoneNumber'

2024-11-12 18:32:19 - [MESSAGE][PASSED] - Text ' ' is set on object 'Object Repository/RAD_Pages/AddressAndContactInfo_Page/input_phoneNumber'

2024-11-12 18:32:19 - [TEST_STEP][PASSED] - setText(findTestObject(orPath_AddressContact + "/input_eMailAddress"), " "): Text ' ' is set on object 'Object Repository/RAD_Pages/AddressAndContactInfo_Page/input_eMailAddress'

2024-11-12 18:32:20 - [MESSAGE][PASSED] - Text ' ' is set on object 'Object Repository/RAD_Pages/AddressAndContactInfo_Page/input_eMailAddress'

2024-11-12 18:32:20 - [TEST_STEP][PASSED] - setText(findTestObject(orPath_AddressContact + "/input_reEnterEMailAddress"), " "): Text ' ' is set on object 'Object Repository/RAD_Pages/AddressAndContactInfo_Page/input_reEnterEMailAddress'

2024-11-12 18:32:22 - [MESSAGE][PASSED] - Text ' ' is set on object 'Object Repository/RAD_Pages/AddressAndContactInfo_Page/input_reEnterEMailAddress'

2024-11-12 18:32:22 - [TEST_STEP][PASSED] - if (TaxType.equalsIgnoreCase("Estate Tax")): null

2024-11-12 18:32:22 - [TEST_STEP][PASSED] - setText(findTestObject(orPath_Amount + "/input__paymentAmount"), ""): Text '' is set on object 'Object Repository/RAD_Pages/PaymentAmount_Page/input__paymentAmount'

2024-11-12 18:32:24 - [MESSAGE][PASSED] - Text '' is set on object 'Object Repository/RAD_Pages/PaymentAmount_Page/input__paymentAmount'

2024-11-12 18:32:24 - [TEST_STEP][PASSED] - resText = "Fail": null

2024-11-12 18:32:24 - [TEST_STEP][PASSED] - pages.WriteExcel.demoKey(resText, datText, resColumn, datCloumn, fileLoc, nameSheet, row): pages.WriteExcel.demoKey is PASSED

2024-11-12 18:32:24 - [MESSAGE][PASSED] - pages.WriteExcel.demoKey is PASSED

2024-11-12 18:32:24 - [TEST_STEP][PASSED] - verifyTextPresent("Enter business name", true, CONTINUE_ON_FAILURE): Text 'Enter business name' is present on page  using regular expression

2024-11-12 18:32:25 - [MESSAGE][PASSED] - Text 'Enter business name' is present on page  using regular expression

2024-11-12 18:32:25 - [TEST_STEP][PASSED] - verifyTextPresent("Enter business rep first name", true, CONTINUE_ON_FAILURE): Text 'Enter business rep first name' is present on page  using regular expression

2024-11-12 18:32:26 - [MESSAGE][PASSED] - Text 'Enter business rep first name' is present on page  using regular expression

2024-11-12 18:32:26 - [TEST_STEP][PASSED] - verifyTextPresent("Enter business rep last name", true, CONTINUE_ON_FAILURE): Text 'Enter business rep last name' is present on page  using regular expression

2024-11-12 18:32:26 - [MESSAGE][PASSED] - Text 'Enter business rep last name' is present on page  using regular expression

2024-11-12 18:32:26 - [TEST_STEP][PASSED] - verifyTextPresent("Enter address", true, CONTINUE_ON_FAILURE): Text 'Enter address' is present on page  using regular expression

2024-11-12 18:32:26 - [MESSAGE][PASSED] - Text 'Enter address' is present on page  using regular expression

2024-11-12 18:32:26 - [TEST_STEP][PASSED] - verifyTextPresent("Enter city", true, CONTINUE_ON_FAILURE): Text 'Enter city' is present on page  using regular expression

2024-11-12 18:32:27 - [MESSAGE][PASSED] - Text 'Enter city' is present on page  using regular expression

2024-11-12 18:32:27 - [TEST_STEP][PASSED] - verifyTextPresent("Enter ZIP code", true, CONTINUE_ON_FAILURE): Text 'Enter ZIP code' is present on page  using regular expression

2024-11-12 18:32:27 - [MESSAGE][PASSED] - Text 'Enter ZIP code' is present on page  using regular expression

2024-11-12 18:32:27 - [TEST_STEP][PASSED] - verifyTextPresent("Enter a valid phone number", true, CONTINUE_ON_FAILURE): Text 'Enter a valid phone number' is present on page  using regular expression

2024-11-12 18:32:27 - [MESSAGE][PASSED] - Text 'Enter a valid phone number' is present on page  using regular expression

2024-11-12 18:32:27 - [TEST_STEP][PASSED] - verifyTextPresent("Enter Email", true, CONTINUE_ON_FAILURE): Text 'Enter Email' is present on page  using regular expression

2024-11-12 18:32:28 - [MESSAGE][PASSED] - Text 'Enter Email' is present on page  using regular expression

2024-11-12 18:32:28 - [TEST_STEP][PASSED] - if (CRN.equalsIgnoreCase("Y")): Text 'Enter valid MD Central Registration Number' is present on page  using regular expression

2024-11-12 18:32:28 - [TEST_STEP][PASSED] - setText(findTestObject(orPath_TaxInfo + "/input_MDCRegistration"), " "): Text ' ' is set on object 'Object Repository/RAD_Pages/TaxInfo_Page/input_MDCRegistration'

2024-11-12 18:32:28 - [MESSAGE][PASSED] - Text ' ' is set on object 'Object Repository/RAD_Pages/TaxInfo_Page/input_MDCRegistration'

2024-11-12 18:32:28 - [TEST_STEP][PASSED] - setText(findTestObject(orPath_Amount + "/input__paymentAmount"), ""): Text '' is set on object 'Object Repository/RAD_Pages/PaymentAmount_Page/input__paymentAmount'

2024-11-12 18:32:29 - [MESSAGE][PASSED] - Text '' is set on object 'Object Repository/RAD_Pages/PaymentAmount_Page/input__paymentAmount'

2024-11-12 18:32:29 - [TEST_STEP][PASSED] - verifyTextPresent("Enter valid MD Central Registration Number", true, CONTINUE_ON_FAILURE): Text 'Enter valid MD Central Registration Number' is present on page  using regular expression

2024-11-12 18:32:29 - [MESSAGE][PASSED] - Text 'Enter valid MD Central Registration Number' is present on page  using regular expression

2024-11-12 18:32:29 - [TEST_STEP][PASSED] - if (MFLicNum.equalsIgnoreCase("Y")): null

2024-11-12 18:32:29 - [TEST_STEP][PASSED] - resText = "Pass": null

2024-11-12 18:32:29 - [TEST_STEP][PASSED] - pages.WriteExcel.demoKey(resText, datText, resColumn, datCloumn, fileLoc, nameSheet, row): pages.WriteExcel.demoKey is PASSED

2024-11-12 18:32:30 - [MESSAGE][PASSED] - pages.WriteExcel.demoKey is PASSED

2024-11-12 18:32:30 - [TEST_STEP][PASSED] - ExecuteTC = findTestData(dataFile).getValue("Execute", row): null

2024-11-12 18:32:30 - [TEST_STEP][PASSED] - TaxType = findTestData(dataFile).getValue("TaxType", row): null

2024-11-12 18:32:30 - [TEST_STEP][PASSED] - PaymentType = findTestData(dataFile).getValue("PaymentType", row): null

2024-11-12 18:32:30 - [TEST_STEP][PASSED] - FilingYear = findTestData(dataFile).getValue("Year", row): null

2024-11-12 18:32:30 - [TEST_STEP][PASSED] - feinSSN = findTestData(dataFile).getValue("FeinSsn", row): null

2024-11-12 18:32:30 - [TEST_STEP][PASSED] - CRN = findTestData(dataFile).getValue("CRN", row): null

2024-11-12 18:32:30 - [TEST_STEP][PASSED] - MFLicNum = findTestData(dataFile).getValue("MFLicNum", row): null

2024-11-12 18:32:30 - [TEST_STEP][PASSED] - if (ExecuteTC.equalsIgnoreCase("Y")): pages.WriteExcel.demoKey is PASSED

2024-11-12 18:32:30 - [TEST_STEP][PASSED] - out.println("Begin Record Number: " + row): null

2024-11-12 18:32:30 - [TEST_STEP][PASSED] - today = new java.util.Date(): null

2024-11-12 18:32:30 - [TEST_STEP][PASSED] - println(today): null

2024-11-12 18:32:30 - [TEST_STEP][PASSED] - datText = today: null

2024-11-12 18:32:30 - [TEST_STEP][PASSED] - logInfo("Payment Type: New Tax Return Amount Due"): Payment Type: New Tax Return Amount Due

2024-11-12 18:32:30 - [MESSAGE][INFO] - Payment Type: New Tax Return Amount Due

2024-11-12 18:32:30 - [TEST_STEP][PASSED] - logInfo("Tax Type: " + TaxType): Tax Type: Admissions and Amusement Tax

2024-11-12 18:32:30 - [MESSAGE][INFO] - Tax Type: Admissions and Amusement Tax

2024-11-12 18:32:30 - [TEST_STEP][PASSED] - openBrowser(""): Browser is opened with url: ''

2024-11-12 18:32:30 - [MESSAGE][WARNING] - A browser is already opened. Closing browser and opening a new one

2024-11-12 18:32:31 - [MESSAGE][INFO] - Starting 'Chrome' driver

2024-11-12 18:32:31 - [MESSAGE][INFO] - User set preference: ['acceptInsecureCerts', 'true']

2024-11-12 18:32:31 - [MESSAGE][INFO] - Action delay is set to 0 milliseconds

2024-11-12 18:32:33 - [MESSAGE][PASSED] - Browser is opened with url: ''

2024-11-12 18:32:33 - [TEST_STEP][PASSED] - maximizeWindow(): Current window maximized

2024-11-12 18:32:33 - [MESSAGE][PASSED] - Current window maximized

2024-11-12 18:32:33 - [TEST_STEP][PASSED] - navigateToUrl(RADurl): Navigate to 'https://www.velocitypayment.com/client/rad/index.html' successfully

2024-11-12 18:32:34 - [MESSAGE][PASSED] - Navigate to 'https://www.velocitypayment.com/client/rad/index.html' successfully

2024-11-12 18:32:34 - [TEST_STEP][PASSED] - selectOptionByLabel(findTestObject(orPath_Landing + "/dd_TaxType"), "New Tax Return Amount Due", false): All options with label 'New Tax Return Amount Due' are selected in object 'Object Repository/RAD_Pages/Landing_Page/dd_TaxType' 

2024-11-12 18:32:36 - [MESSAGE][PASSED] - All options with label 'New Tax Return Amount Due' are selected in object 'Object Repository/RAD_Pages/Landing_Page/dd_TaxType' 

2024-11-12 18:32:36 - [TEST_STEP][PASSED] - selectOptionByLabel(findTestObject("Object Repository/RAD_Pages/Landing_Page/select_NewTaxReturnAmountDue_TaxType"), TaxType, false): All options with label 'Admissions and Amusement Tax' are selected in object 'Object Repository/RAD_Pages/Landing_Page/select_NewTaxReturnAmountDue_TaxType' 

2024-11-12 18:32:37 - [MESSAGE][PASSED] - All options with label 'Admissions and Amusement Tax' are selected in object 'Object Repository/RAD_Pages/Landing_Page/select_NewTaxReturnAmountDue_TaxType' 

2024-11-12 18:32:37 - [TEST_STEP][PASSED] - selectOptionByLabel(findTestObject(orPath_TaxTypeFilingYear + "/select_FilingYear"), FilingYear, false): All options with label '2022' are selected in object 'Object Repository/RAD_Pages/TaxTypeFilingYear_Page/select_FilingYear' 

2024-11-12 18:32:38 - [MESSAGE][PASSED] - All options with label '2022' are selected in object 'Object Repository/RAD_Pages/TaxTypeFilingYear_Page/select_FilingYear' 

2024-11-12 18:32:38 - [TEST_STEP][PASSED] - setText(findTestObject(orPath_TaxPayer + "/input_businessName"), " "): Text ' ' is set on object 'Object Repository/RAD_Pages/Taxpayer_Page/input_businessName'

2024-11-12 18:32:38 - [MESSAGE][PASSED] - Text ' ' is set on object 'Object Repository/RAD_Pages/Taxpayer_Page/input_businessName'

2024-11-12 18:32:38 - [TEST_STEP][PASSED] - setText(findTestObject(orPath_TaxPayer + "/input_BusinessRepfirstName"), " "): Text ' ' is set on object 'Object Repository/RAD_Pages/Taxpayer_Page/input_BusinessRepfirstName'

2024-11-12 18:32:39 - [MESSAGE][PASSED] - Text ' ' is set on object 'Object Repository/RAD_Pages/Taxpayer_Page/input_BusinessRepfirstName'

2024-11-12 18:32:39 - [TEST_STEP][PASSED] - setText(findTestObject(orPath_TaxPayer + "/input_BusinessReplastName"), " "): Text ' ' is set on object 'Object Repository/RAD_Pages/Taxpayer_Page/input_BusinessReplastName'

2024-11-12 18:32:40 - [MESSAGE][PASSED] - Text ' ' is set on object 'Object Repository/RAD_Pages/Taxpayer_Page/input_BusinessReplastName'

2024-11-12 18:32:40 - [TEST_STEP][PASSED] - setText(findTestObject(orPath_AddressContact + "/input_streetAddress1"), " "): Text ' ' is set on object 'Object Repository/RAD_Pages/AddressAndContactInfo_Page/input_streetAddress1'

2024-11-12 18:32:41 - [MESSAGE][PASSED] - Text ' ' is set on object 'Object Repository/RAD_Pages/AddressAndContactInfo_Page/input_streetAddress1'

2024-11-12 18:32:41 - [TEST_STEP][PASSED] - setText(findTestObject(orPath_AddressContact + "/input_city"), " "): Text ' ' is set on object 'Object Repository/RAD_Pages/AddressAndContactInfo_Page/input_city'

2024-11-12 18:32:41 - [MESSAGE][PASSED] - Text ' ' is set on object 'Object Repository/RAD_Pages/AddressAndContactInfo_Page/input_city'

2024-11-12 18:32:41 - [TEST_STEP][PASSED] - setText(findTestObject(orPath_AddressContact + "/input_zipCode"), " "): Text ' ' is set on object 'Object Repository/RAD_Pages/AddressAndContactInfo_Page/input_zipCode'

2024-11-12 18:32:42 - [MESSAGE][PASSED] - Text ' ' is set on object 'Object Repository/RAD_Pages/AddressAndContactInfo_Page/input_zipCode'

2024-11-12 18:32:42 - [TEST_STEP][PASSED] - setText(findTestObject(orPath_AddressContact + "/input_phoneNumber"), " "): Text ' ' is set on object 'Object Repository/RAD_Pages/AddressAndContactInfo_Page/input_phoneNumber'

2024-11-12 18:32:43 - [MESSAGE][PASSED] - Text ' ' is set on object 'Object Repository/RAD_Pages/AddressAndContactInfo_Page/input_phoneNumber'

2024-11-12 18:32:43 - [TEST_STEP][PASSED] - setText(findTestObject(orPath_AddressContact + "/input_eMailAddress"), " "): Text ' ' is set on object 'Object Repository/RAD_Pages/AddressAndContactInfo_Page/input_eMailAddress'

2024-11-12 18:32:44 - [MESSAGE][PASSED] - Text ' ' is set on object 'Object Repository/RAD_Pages/AddressAndContactInfo_Page/input_eMailAddress'

2024-11-12 18:32:44 - [TEST_STEP][PASSED] - setText(findTestObject(orPath_AddressContact + "/input_reEnterEMailAddress"), " "): Text ' ' is set on object 'Object Repository/RAD_Pages/AddressAndContactInfo_Page/input_reEnterEMailAddress'

2024-11-12 18:32:45 - [MESSAGE][PASSED] - Text ' ' is set on object 'Object Repository/RAD_Pages/AddressAndContactInfo_Page/input_reEnterEMailAddress'

2024-11-12 18:32:45 - [TEST_STEP][PASSED] - if (TaxType.equalsIgnoreCase("Estate Tax")): null

2024-11-12 18:32:45 - [TEST_STEP][PASSED] - setText(findTestObject(orPath_Amount + "/input__paymentAmount"), ""): Text '' is set on object 'Object Repository/RAD_Pages/PaymentAmount_Page/input__paymentAmount'

2024-11-12 18:32:45 - [MESSAGE][PASSED] - Text '' is set on object 'Object Repository/RAD_Pages/PaymentAmount_Page/input__paymentAmount'

2024-11-12 18:32:45 - [TEST_STEP][PASSED] - resText = "Fail": null

2024-11-12 18:32:45 - [TEST_STEP][PASSED] - pages.WriteExcel.demoKey(resText, datText, resColumn, datCloumn, fileLoc, nameSheet, row): pages.WriteExcel.demoKey is PASSED

2024-11-12 18:32:46 - [MESSAGE][PASSED] - pages.WriteExcel.demoKey is PASSED

2024-11-12 18:32:46 - [TEST_STEP][PASSED] - verifyTextPresent("Enter business name", true, CONTINUE_ON_FAILURE): Text 'Enter business name' is present on page  using regular expression

2024-11-12 18:32:46 - [MESSAGE][PASSED] - Text 'Enter business name' is present on page  using regular expression

2024-11-12 18:32:46 - [TEST_STEP][PASSED] - verifyTextPresent("Enter business rep first name", true, CONTINUE_ON_FAILURE): Text 'Enter business rep first name' is present on page  using regular expression

2024-11-12 18:32:46 - [MESSAGE][PASSED] - Text 'Enter business rep first name' is present on page  using regular expression

2024-11-12 18:32:46 - [TEST_STEP][PASSED] - verifyTextPresent("Enter business rep last name", true, CONTINUE_ON_FAILURE): Text 'Enter business rep last name' is present on page  using regular expression

2024-11-12 18:32:47 - [MESSAGE][PASSED] - Text 'Enter business rep last name' is present on page  using regular expression

2024-11-12 18:32:47 - [TEST_STEP][PASSED] - verifyTextPresent("Enter address", true, CONTINUE_ON_FAILURE): Text 'Enter address' is present on page  using regular expression

2024-11-12 18:32:47 - [MESSAGE][PASSED] - Text 'Enter address' is present on page  using regular expression

2024-11-12 18:32:47 - [TEST_STEP][PASSED] - verifyTextPresent("Enter city", true, CONTINUE_ON_FAILURE): Text 'Enter city' is present on page  using regular expression

2024-11-12 18:32:48 - [MESSAGE][PASSED] - Text 'Enter city' is present on page  using regular expression

2024-11-12 18:32:48 - [TEST_STEP][PASSED] - verifyTextPresent("Enter ZIP code", true, CONTINUE_ON_FAILURE): Text 'Enter ZIP code' is present on page  using regular expression

2024-11-12 18:32:48 - [MESSAGE][PASSED] - Text 'Enter ZIP code' is present on page  using regular expression

2024-11-12 18:32:48 - [TEST_STEP][PASSED] - verifyTextPresent("Enter a valid phone number", true, CONTINUE_ON_FAILURE): Text 'Enter a valid phone number' is present on page  using regular expression

2024-11-12 18:32:48 - [MESSAGE][PASSED] - Text 'Enter a valid phone number' is present on page  using regular expression

2024-11-12 18:32:48 - [TEST_STEP][PASSED] - verifyTextPresent("Enter Email", true, CONTINUE_ON_FAILURE): Text 'Enter Email' is present on page  using regular expression

2024-11-12 18:32:49 - [MESSAGE][PASSED] - Text 'Enter Email' is present on page  using regular expression

2024-11-12 18:32:49 - [TEST_STEP][PASSED] - if (CRN.equalsIgnoreCase("Y")): Text 'Enter valid MD Central Registration Number' is present on page  using regular expression

2024-11-12 18:32:49 - [TEST_STEP][PASSED] - setText(findTestObject(orPath_TaxInfo + "/input_MDCRegistration"), " "): Text ' ' is set on object 'Object Repository/RAD_Pages/TaxInfo_Page/input_MDCRegistration'

2024-11-12 18:32:49 - [MESSAGE][PASSED] - Text ' ' is set on object 'Object Repository/RAD_Pages/TaxInfo_Page/input_MDCRegistration'

2024-11-12 18:32:49 - [TEST_STEP][PASSED] - setText(findTestObject(orPath_Amount + "/input__paymentAmount"), ""): Text '' is set on object 'Object Repository/RAD_Pages/PaymentAmount_Page/input__paymentAmount'

2024-11-12 18:32:50 - [MESSAGE][PASSED] - Text '' is set on object 'Object Repository/RAD_Pages/PaymentAmount_Page/input__paymentAmount'

2024-11-12 18:32:50 - [TEST_STEP][PASSED] - verifyTextPresent("Enter valid MD Central Registration Number", true, CONTINUE_ON_FAILURE): Text 'Enter valid MD Central Registration Number' is present on page  using regular expression

2024-11-12 18:32:50 - [MESSAGE][PASSED] - Text 'Enter valid MD Central Registration Number' is present on page  using regular expression

2024-11-12 18:32:50 - [TEST_STEP][PASSED] - if (MFLicNum.equalsIgnoreCase("Y")): null

2024-11-12 18:32:50 - [TEST_STEP][PASSED] - resText = "Pass": null

2024-11-12 18:32:50 - [TEST_STEP][PASSED] - pages.WriteExcel.demoKey(resText, datText, resColumn, datCloumn, fileLoc, nameSheet, row): pages.WriteExcel.demoKey is PASSED

2024-11-12 18:32:50 - [MESSAGE][PASSED] - pages.WriteExcel.demoKey is PASSED

2024-11-12 18:32:50 - [TEST_STEP][PASSED] - ExecuteTC = findTestData(dataFile).getValue("Execute", row): null

2024-11-12 18:32:50 - [TEST_STEP][PASSED] - TaxType = findTestData(dataFile).getValue("TaxType", row): null

2024-11-12 18:32:50 - [TEST_STEP][PASSED] - PaymentType = findTestData(dataFile).getValue("PaymentType", row): null

2024-11-12 18:32:51 - [TEST_STEP][PASSED] - FilingYear = findTestData(dataFile).getValue("Year", row): null

2024-11-12 18:32:51 - [TEST_STEP][PASSED] - feinSSN = findTestData(dataFile).getValue("FeinSsn", row): null

2024-11-12 18:32:51 - [TEST_STEP][PASSED] - CRN = findTestData(dataFile).getValue("CRN", row): null

2024-11-12 18:32:51 - [TEST_STEP][PASSED] - MFLicNum = findTestData(dataFile).getValue("MFLicNum", row): null

2024-11-12 18:32:51 - [TEST_STEP][PASSED] - if (ExecuteTC.equalsIgnoreCase("Y")): pages.WriteExcel.demoKey is PASSED

2024-11-12 18:32:51 - [TEST_STEP][PASSED] - out.println("Begin Record Number: " + row): null

2024-11-12 18:32:51 - [TEST_STEP][PASSED] - today = new java.util.Date(): null

2024-11-12 18:32:51 - [TEST_STEP][PASSED] - println(today): null

2024-11-12 18:32:51 - [TEST_STEP][PASSED] - datText = today: null

2024-11-12 18:32:51 - [TEST_STEP][PASSED] - logInfo("Payment Type: New Tax Return Amount Due"): Payment Type: New Tax Return Amount Due

2024-11-12 18:32:51 - [MESSAGE][INFO] - Payment Type: New Tax Return Amount Due

2024-11-12 18:32:51 - [TEST_STEP][PASSED] - logInfo("Tax Type: " + TaxType): Tax Type: Alcohol Tax

2024-11-12 18:32:51 - [MESSAGE][INFO] - Tax Type: Alcohol Tax

2024-11-12 18:32:51 - [TEST_STEP][PASSED] - openBrowser(""): Browser is opened with url: ''

2024-11-12 18:32:51 - [MESSAGE][WARNING] - A browser is already opened. Closing browser and opening a new one

2024-11-12 18:32:52 - [MESSAGE][INFO] - Starting 'Chrome' driver

2024-11-12 18:32:52 - [MESSAGE][INFO] - User set preference: ['acceptInsecureCerts', 'true']

2024-11-12 18:32:52 - [MESSAGE][INFO] - Action delay is set to 0 milliseconds

2024-11-12 18:32:54 - [MESSAGE][PASSED] - Browser is opened with url: ''

2024-11-12 18:32:54 - [TEST_STEP][PASSED] - maximizeWindow(): Current window maximized

2024-11-12 18:32:54 - [MESSAGE][PASSED] - Current window maximized

2024-11-12 18:32:54 - [TEST_STEP][PASSED] - navigateToUrl(RADurl): Navigate to 'https://www.velocitypayment.com/client/rad/index.html' successfully

2024-11-12 18:32:56 - [MESSAGE][PASSED] - Navigate to 'https://www.velocitypayment.com/client/rad/index.html' successfully

2024-11-12 18:32:56 - [TEST_STEP][PASSED] - selectOptionByLabel(findTestObject(orPath_Landing + "/dd_TaxType"), "New Tax Return Amount Due", false): All options with label 'New Tax Return Amount Due' are selected in object 'Object Repository/RAD_Pages/Landing_Page/dd_TaxType' 

2024-11-12 18:32:57 - [MESSAGE][PASSED] - All options with label 'New Tax Return Amount Due' are selected in object 'Object Repository/RAD_Pages/Landing_Page/dd_TaxType' 

2024-11-12 18:32:57 - [TEST_STEP][PASSED] - selectOptionByLabel(findTestObject("Object Repository/RAD_Pages/Landing_Page/select_NewTaxReturnAmountDue_TaxType"), TaxType, false): All options with label 'Alcohol Tax' are selected in object 'Object Repository/RAD_Pages/Landing_Page/select_NewTaxReturnAmountDue_TaxType' 

2024-11-12 18:32:57 - [MESSAGE][PASSED] - All options with label 'Alcohol Tax' are selected in object 'Object Repository/RAD_Pages/Landing_Page/select_NewTaxReturnAmountDue_TaxType' 

2024-11-12 18:32:57 - [TEST_STEP][PASSED] - selectOptionByLabel(findTestObject(orPath_TaxTypeFilingYear + "/select_FilingYear"), FilingYear, false): All options with label '2022' are selected in object 'Object Repository/RAD_Pages/TaxTypeFilingYear_Page/select_FilingYear' 

2024-11-12 18:32:58 - [MESSAGE][PASSED] - All options with label '2022' are selected in object 'Object Repository/RAD_Pages/TaxTypeFilingYear_Page/select_FilingYear' 

2024-11-12 18:32:58 - [TEST_STEP][PASSED] - setText(findTestObject(orPath_TaxPayer + "/input_businessName"), " "): Text ' ' is set on object 'Object Repository/RAD_Pages/Taxpayer_Page/input_businessName'

2024-11-12 18:32:59 - [MESSAGE][PASSED] - Text ' ' is set on object 'Object Repository/RAD_Pages/Taxpayer_Page/input_businessName'

2024-11-12 18:32:59 - [TEST_STEP][PASSED] - setText(findTestObject(orPath_TaxPayer + "/input_BusinessRepfirstName"), " "): Text ' ' is set on object 'Object Repository/RAD_Pages/Taxpayer_Page/input_BusinessRepfirstName'

2024-11-12 18:33:00 - [MESSAGE][PASSED] - Text ' ' is set on object 'Object Repository/RAD_Pages/Taxpayer_Page/input_BusinessRepfirstName'

2024-11-12 18:33:00 - [TEST_STEP][PASSED] - setText(findTestObject(orPath_TaxPayer + "/input_BusinessReplastName"), " "): Text ' ' is set on object 'Object Repository/RAD_Pages/Taxpayer_Page/input_BusinessReplastName'

2024-11-12 18:33:00 - [MESSAGE][PASSED] - Text ' ' is set on object 'Object Repository/RAD_Pages/Taxpayer_Page/input_BusinessReplastName'

2024-11-12 18:33:00 - [TEST_STEP][PASSED] - setText(findTestObject(orPath_AddressContact + "/input_streetAddress1"), " "): Text ' ' is set on object 'Object Repository/RAD_Pages/AddressAndContactInfo_Page/input_streetAddress1'

2024-11-12 18:33:01 - [MESSAGE][PASSED] - Text ' ' is set on object 'Object Repository/RAD_Pages/AddressAndContactInfo_Page/input_streetAddress1'

2024-11-12 18:33:01 - [TEST_STEP][PASSED] - setText(findTestObject(orPath_AddressContact + "/input_city"), " "): Text ' ' is set on object 'Object Repository/RAD_Pages/AddressAndContactInfo_Page/input_city'

2024-11-12 18:33:02 - [MESSAGE][PASSED] - Text ' ' is set on object 'Object Repository/RAD_Pages/AddressAndContactInfo_Page/input_city'

2024-11-12 18:33:02 - [TEST_STEP][PASSED] - setText(findTestObject(orPath_AddressContact + "/input_zipCode"), " "): Text ' ' is set on object 'Object Repository/RAD_Pages/AddressAndContactInfo_Page/input_zipCode'

2024-11-12 18:33:03 - [MESSAGE][PASSED] - Text ' ' is set on object 'Object Repository/RAD_Pages/AddressAndContactInfo_Page/input_zipCode'

2024-11-12 18:33:03 - [TEST_STEP][PASSED] - setText(findTestObject(orPath_AddressContact + "/input_phoneNumber"), " "): Text ' ' is set on object 'Object Repository/RAD_Pages/AddressAndContactInfo_Page/input_phoneNumber'

2024-11-12 18:33:03 - [MESSAGE][PASSED] - Text ' ' is set on object 'Object Repository/RAD_Pages/AddressAndContactInfo_Page/input_phoneNumber'

2024-11-12 18:33:03 - [TEST_STEP][PASSED] - setText(findTestObject(orPath_AddressContact + "/input_eMailAddress"), " "): Text ' ' is set on object 'Object Repository/RAD_Pages/AddressAndContactInfo_Page/input_eMailAddress'

2024-11-12 18:33:04 - [MESSAGE][PASSED] - Text ' ' is set on object 'Object Repository/RAD_Pages/AddressAndContactInfo_Page/input_eMailAddress'

2024-11-12 18:33:04 - [TEST_STEP][PASSED] - setText(findTestObject(orPath_AddressContact + "/input_reEnterEMailAddress"), " "): Text ' ' is set on object 'Object Repository/RAD_Pages/AddressAndContactInfo_Page/input_reEnterEMailAddress'

2024-11-12 18:33:05 - [MESSAGE][PASSED] - Text ' ' is set on object 'Object Repository/RAD_Pages/AddressAndContactInfo_Page/input_reEnterEMailAddress'

2024-11-12 18:33:05 - [TEST_STEP][PASSED] - if (TaxType.equalsIgnoreCase("Estate Tax")): null

2024-11-12 18:33:05 - [TEST_STEP][PASSED] - setText(findTestObject(orPath_Amount + "/input__paymentAmount"), ""): Text '' is set on object 'Object Repository/RAD_Pages/PaymentAmount_Page/input__paymentAmount'

2024-11-12 18:33:06 - [MESSAGE][PASSED] - Text '' is set on object 'Object Repository/RAD_Pages/PaymentAmount_Page/input__paymentAmount'

2024-11-12 18:33:06 - [TEST_STEP][PASSED] - resText = "Fail": null

2024-11-12 18:33:06 - [TEST_STEP][PASSED] - pages.WriteExcel.demoKey(resText, datText, resColumn, datCloumn, fileLoc, nameSheet, row): pages.WriteExcel.demoKey is PASSED

2024-11-12 18:33:06 - [MESSAGE][PASSED] - pages.WriteExcel.demoKey is PASSED

2024-11-12 18:33:06 - [TEST_STEP][PASSED] - verifyTextPresent("Enter business name", true, CONTINUE_ON_FAILURE): Text 'Enter business name' is present on page  using regular expression

2024-11-12 18:33:07 - [MESSAGE][PASSED] - Text 'Enter business name' is present on page  using regular expression

2024-11-12 18:33:07 - [TEST_STEP][PASSED] - verifyTextPresent("Enter business rep first name", true, CONTINUE_ON_FAILURE): Text 'Enter business rep first name' is present on page  using regular expression

2024-11-12 18:33:07 - [MESSAGE][PASSED] - Text 'Enter business rep first name' is present on page  using regular expression

2024-11-12 18:33:07 - [TEST_STEP][PASSED] - verifyTextPresent("Enter business rep last name", true, CONTINUE_ON_FAILURE): Text 'Enter business rep last name' is present on page  using regular expression

2024-11-12 18:33:07 - [MESSAGE][PASSED] - Text 'Enter business rep last name' is present on page  using regular expression

2024-11-12 18:33:07 - [TEST_STEP][PASSED] - verifyTextPresent("Enter address", true, CONTINUE_ON_FAILURE): Text 'Enter address' is present on page  using regular expression

2024-11-12 18:33:08 - [MESSAGE][PASSED] - Text 'Enter address' is present on page  using regular expression

2024-11-12 18:33:08 - [TEST_STEP][PASSED] - verifyTextPresent("Enter city", true, CONTINUE_ON_FAILURE): Text 'Enter city' is present on page  using regular expression

2024-11-12 18:33:08 - [MESSAGE][PASSED] - Text 'Enter city' is present on page  using regular expression

2024-11-12 18:33:08 - [TEST_STEP][PASSED] - verifyTextPresent("Enter ZIP code", true, CONTINUE_ON_FAILURE): Text 'Enter ZIP code' is present on page  using regular expression

2024-11-12 18:33:08 - [MESSAGE][PASSED] - Text 'Enter ZIP code' is present on page  using regular expression

2024-11-12 18:33:08 - [TEST_STEP][PASSED] - verifyTextPresent("Enter a valid phone number", true, CONTINUE_ON_FAILURE): Text 'Enter a valid phone number' is present on page  using regular expression

2024-11-12 18:33:09 - [MESSAGE][PASSED] - Text 'Enter a valid phone number' is present on page  using regular expression

2024-11-12 18:33:09 - [TEST_STEP][PASSED] - verifyTextPresent("Enter Email", true, CONTINUE_ON_FAILURE): Text 'Enter Email' is present on page  using regular expression

2024-11-12 18:33:09 - [MESSAGE][PASSED] - Text 'Enter Email' is present on page  using regular expression

2024-11-12 18:33:09 - [TEST_STEP][PASSED] - if (CRN.equalsIgnoreCase("Y")): Text 'Enter valid MD Central Registration Number' is present on page  using regular expression

2024-11-12 18:33:09 - [TEST_STEP][PASSED] - setText(findTestObject(orPath_TaxInfo + "/input_MDCRegistration"), " "): Text ' ' is set on object 'Object Repository/RAD_Pages/TaxInfo_Page/input_MDCRegistration'

2024-11-12 18:33:10 - [MESSAGE][PASSED] - Text ' ' is set on object 'Object Repository/RAD_Pages/TaxInfo_Page/input_MDCRegistration'

2024-11-12 18:33:10 - [TEST_STEP][PASSED] - setText(findTestObject(orPath_Amount + "/input__paymentAmount"), ""): Text '' is set on object 'Object Repository/RAD_Pages/PaymentAmount_Page/input__paymentAmount'

2024-11-12 18:33:10 - [MESSAGE][PASSED] - Text '' is set on object 'Object Repository/RAD_Pages/PaymentAmount_Page/input__paymentAmount'

2024-11-12 18:33:10 - [TEST_STEP][PASSED] - verifyTextPresent("Enter valid MD Central Registration Number", true, CONTINUE_ON_FAILURE): Text 'Enter valid MD Central Registration Number' is present on page  using regular expression

2024-11-12 18:33:11 - [MESSAGE][PASSED] - Text 'Enter valid MD Central Registration Number' is present on page  using regular expression

2024-11-12 18:33:11 - [TEST_STEP][PASSED] - if (MFLicNum.equalsIgnoreCase("Y")): null

2024-11-12 18:33:11 - [TEST_STEP][PASSED] - resText = "Pass": null

2024-11-12 18:33:11 - [TEST_STEP][PASSED] - pages.WriteExcel.demoKey(resText, datText, resColumn, datCloumn, fileLoc, nameSheet, row): pages.WriteExcel.demoKey is PASSED

2024-11-12 18:33:11 - [MESSAGE][PASSED] - pages.WriteExcel.demoKey is PASSED

2024-11-12 18:33:11 - [TEST_STEP][PASSED] - ExecuteTC = findTestData(dataFile).getValue("Execute", row): null

2024-11-12 18:33:11 - [TEST_STEP][PASSED] - TaxType = findTestData(dataFile).getValue("TaxType", row): null

2024-11-12 18:33:11 - [TEST_STEP][PASSED] - PaymentType = findTestData(dataFile).getValue("PaymentType", row): null

2024-11-12 18:33:11 - [TEST_STEP][PASSED] - FilingYear = findTestData(dataFile).getValue("Year", row): null

2024-11-12 18:33:11 - [TEST_STEP][PASSED] - feinSSN = findTestData(dataFile).getValue("FeinSsn", row): null

2024-11-12 18:33:11 - [TEST_STEP][PASSED] - CRN = findTestData(dataFile).getValue("CRN", row): null

2024-11-12 18:33:11 - [TEST_STEP][PASSED] - MFLicNum = findTestData(dataFile).getValue("MFLicNum", row): null

2024-11-12 18:33:11 - [TEST_STEP][PASSED] - if (ExecuteTC.equalsIgnoreCase("Y")): pages.WriteExcel.demoKey is PASSED

2024-11-12 18:33:11 - [TEST_STEP][PASSED] - out.println("Begin Record Number: " + row): null

2024-11-12 18:33:11 - [TEST_STEP][PASSED] - today = new java.util.Date(): null

2024-11-12 18:33:11 - [TEST_STEP][PASSED] - println(today): null

2024-11-12 18:33:11 - [TEST_STEP][PASSED] - datText = today: null

2024-11-12 18:33:11 - [TEST_STEP][PASSED] - logInfo("Payment Type: New Tax Return Amount Due"): Payment Type: New Tax Return Amount Due

2024-11-12 18:33:11 - [MESSAGE][INFO] - Payment Type: New Tax Return Amount Due

2024-11-12 18:33:11 - [TEST_STEP][PASSED] - logInfo("Tax Type: " + TaxType): Tax Type: Bay Restoration Fee

2024-11-12 18:33:11 - [MESSAGE][INFO] - Tax Type: Bay Restoration Fee

2024-11-12 18:33:11 - [TEST_STEP][PASSED] - openBrowser(""): Browser is opened with url: ''

2024-11-12 18:33:11 - [MESSAGE][WARNING] - A browser is already opened. Closing browser and opening a new one

2024-11-12 18:33:13 - [MESSAGE][INFO] - Starting 'Chrome' driver

2024-11-12 18:33:13 - [MESSAGE][INFO] - User set preference: ['acceptInsecureCerts', 'true']

2024-11-12 18:33:13 - [MESSAGE][INFO] - Action delay is set to 0 milliseconds

2024-11-12 18:33:14 - [MESSAGE][PASSED] - Browser is opened with url: ''

2024-11-12 18:33:14 - [TEST_STEP][PASSED] - maximizeWindow(): Current window maximized

2024-11-12 18:33:14 - [MESSAGE][PASSED] - Current window maximized

2024-11-12 18:33:14 - [TEST_STEP][PASSED] - navigateToUrl(RADurl): Navigate to 'https://www.velocitypayment.com/client/rad/index.html' successfully

2024-11-12 18:33:15 - [MESSAGE][PASSED] - Navigate to 'https://www.velocitypayment.com/client/rad/index.html' successfully

2024-11-12 18:33:15 - [TEST_STEP][PASSED] - selectOptionByLabel(findTestObject(orPath_Landing + "/dd_TaxType"), "New Tax Return Amount Due", false): All options with label 'New Tax Return Amount Due' are selected in object 'Object Repository/RAD_Pages/Landing_Page/dd_TaxType' 

2024-11-12 18:33:17 - [MESSAGE][PASSED] - All options with label 'New Tax Return Amount Due' are selected in object 'Object Repository/RAD_Pages/Landing_Page/dd_TaxType' 

2024-11-12 18:33:17 - [TEST_STEP][PASSED] - selectOptionByLabel(findTestObject("Object Repository/RAD_Pages/Landing_Page/select_NewTaxReturnAmountDue_TaxType"), TaxType, false): All options with label 'Bay Restoration Fee' are selected in object 'Object Repository/RAD_Pages/Landing_Page/select_NewTaxReturnAmountDue_TaxType' 

2024-11-12 18:33:17 - [MESSAGE][PASSED] - All options with label 'Bay Restoration Fee' are selected in object 'Object Repository/RAD_Pages/Landing_Page/select_NewTaxReturnAmountDue_TaxType' 

2024-11-12 18:33:17 - [TEST_STEP][PASSED] - selectOptionByLabel(findTestObject(orPath_TaxTypeFilingYear + "/select_FilingYear"), FilingYear, false): All options with label '2022' are selected in object 'Object Repository/RAD_Pages/TaxTypeFilingYear_Page/select_FilingYear' 

2024-11-12 18:33:18 - [MESSAGE][PASSED] - All options with label '2022' are selected in object 'Object Repository/RAD_Pages/TaxTypeFilingYear_Page/select_FilingYear' 

2024-11-12 18:33:18 - [TEST_STEP][PASSED] - setText(findTestObject(orPath_TaxPayer + "/input_businessName"), " "): Text ' ' is set on object 'Object Repository/RAD_Pages/Taxpayer_Page/input_businessName'

2024-11-12 18:33:19 - [MESSAGE][PASSED] - Text ' ' is set on object 'Object Repository/RAD_Pages/Taxpayer_Page/input_businessName'

2024-11-12 18:33:19 - [TEST_STEP][PASSED] - setText(findTestObject(orPath_TaxPayer + "/input_BusinessRepfirstName"), " "): Text ' ' is set on object 'Object Repository/RAD_Pages/Taxpayer_Page/input_BusinessRepfirstName'

2024-11-12 18:33:20 - [MESSAGE][PASSED] - Text ' ' is set on object 'Object Repository/RAD_Pages/Taxpayer_Page/input_BusinessRepfirstName'

2024-11-12 18:33:20 - [TEST_STEP][PASSED] - setText(findTestObject(orPath_TaxPayer + "/input_BusinessReplastName"), " "): Text ' ' is set on object 'Object Repository/RAD_Pages/Taxpayer_Page/input_BusinessReplastName'

2024-11-12 18:33:20 - [MESSAGE][PASSED] - Text ' ' is set on object 'Object Repository/RAD_Pages/Taxpayer_Page/input_BusinessReplastName'

2024-11-12 18:33:20 - [TEST_STEP][PASSED] - setText(findTestObject(orPath_AddressContact + "/input_streetAddress1"), " "): Text ' ' is set on object 'Object Repository/RAD_Pages/AddressAndContactInfo_Page/input_streetAddress1'

2024-11-12 18:33:21 - [MESSAGE][PASSED] - Text ' ' is set on object 'Object Repository/RAD_Pages/AddressAndContactInfo_Page/input_streetAddress1'

2024-11-12 18:33:21 - [TEST_STEP][PASSED] - setText(findTestObject(orPath_AddressContact + "/input_city"), " "): Text ' ' is set on object 'Object Repository/RAD_Pages/AddressAndContactInfo_Page/input_city'

2024-11-12 18:33:22 - [MESSAGE][PASSED] - Text ' ' is set on object 'Object Repository/RAD_Pages/AddressAndContactInfo_Page/input_city'

2024-11-12 18:33:22 - [TEST_STEP][PASSED] - setText(findTestObject(orPath_AddressContact + "/input_zipCode"), " "): Text ' ' is set on object 'Object Repository/RAD_Pages/AddressAndContactInfo_Page/input_zipCode'

2024-11-12 18:33:23 - [MESSAGE][PASSED] - Text ' ' is set on object 'Object Repository/RAD_Pages/AddressAndContactInfo_Page/input_zipCode'

2024-11-12 18:33:23 - [TEST_STEP][PASSED] - setText(findTestObject(orPath_AddressContact + "/input_phoneNumber"), " "): Text ' ' is set on object 'Object Repository/RAD_Pages/AddressAndContactInfo_Page/input_phoneNumber'

2024-11-12 18:33:23 - [MESSAGE][PASSED] - Text ' ' is set on object 'Object Repository/RAD_Pages/AddressAndContactInfo_Page/input_phoneNumber'

2024-11-12 18:33:23 - [TEST_STEP][PASSED] - setText(findTestObject(orPath_AddressContact + "/input_eMailAddress"), " "): Text ' ' is set on object 'Object Repository/RAD_Pages/AddressAndContactInfo_Page/input_eMailAddress'

2024-11-12 18:33:24 - [MESSAGE][PASSED] - Text ' ' is set on object 'Object Repository/RAD_Pages/AddressAndContactInfo_Page/input_eMailAddress'

2024-11-12 18:33:24 - [TEST_STEP][PASSED] - setText(findTestObject(orPath_AddressContact + "/input_reEnterEMailAddress"), " "): Text ' ' is set on object 'Object Repository/RAD_Pages/AddressAndContactInfo_Page/input_reEnterEMailAddress'

2024-11-12 18:33:25 - [MESSAGE][PASSED] - Text ' ' is set on object 'Object Repository/RAD_Pages/AddressAndContactInfo_Page/input_reEnterEMailAddress'

2024-11-12 18:33:25 - [TEST_STEP][PASSED] - if (TaxType.equalsIgnoreCase("Estate Tax")): null

2024-11-12 18:33:25 - [TEST_STEP][PASSED] - setText(findTestObject(orPath_Amount + "/input__paymentAmount"), ""): Text '' is set on object 'Object Repository/RAD_Pages/PaymentAmount_Page/input__paymentAmount'

2024-11-12 18:33:26 - [MESSAGE][PASSED] - Text '' is set on object 'Object Repository/RAD_Pages/PaymentAmount_Page/input__paymentAmount'

2024-11-12 18:33:26 - [TEST_STEP][PASSED] - resText = "Fail": null

2024-11-12 18:33:26 - [TEST_STEP][PASSED] - pages.WriteExcel.demoKey(resText, datText, resColumn, datCloumn, fileLoc, nameSheet, row): pages.WriteExcel.demoKey is PASSED

2024-11-12 18:33:26 - [MESSAGE][PASSED] - pages.WriteExcel.demoKey is PASSED

2024-11-12 18:33:26 - [TEST_STEP][PASSED] - verifyTextPresent("Enter business name", true, CONTINUE_ON_FAILURE): Text 'Enter business name' is present on page  using regular expression

2024-11-12 18:33:27 - [MESSAGE][PASSED] - Text 'Enter business name' is present on page  using regular expression

2024-11-12 18:33:27 - [TEST_STEP][PASSED] - verifyTextPresent("Enter business rep first name", true, CONTINUE_ON_FAILURE): Text 'Enter business rep first name' is present on page  using regular expression

2024-11-12 18:33:27 - [MESSAGE][PASSED] - Text 'Enter business rep first name' is present on page  using regular expression

2024-11-12 18:33:27 - [TEST_STEP][PASSED] - verifyTextPresent("Enter business rep last name", true, CONTINUE_ON_FAILURE): Text 'Enter business rep last name' is present on page  using regular expression

2024-11-12 18:33:27 - [MESSAGE][PASSED] - Text 'Enter business rep last name' is present on page  using regular expression

2024-11-12 18:33:27 - [TEST_STEP][PASSED] - verifyTextPresent("Enter address", true, CONTINUE_ON_FAILURE): Text 'Enter address' is present on page  using regular expression

2024-11-12 18:33:28 - [MESSAGE][PASSED] - Text 'Enter address' is present on page  using regular expression

2024-11-12 18:33:28 - [TEST_STEP][PASSED] - verifyTextPresent("Enter city", true, CONTINUE_ON_FAILURE): Text 'Enter city' is present on page  using regular expression

2024-11-12 18:33:28 - [MESSAGE][PASSED] - Text 'Enter city' is present on page  using regular expression

2024-11-12 18:33:28 - [TEST_STEP][PASSED] - verifyTextPresent("Enter ZIP code", true, CONTINUE_ON_FAILURE): Text 'Enter ZIP code' is present on page  using regular expression

2024-11-12 18:33:28 - [MESSAGE][PASSED] - Text 'Enter ZIP code' is present on page  using regular expression

2024-11-12 18:33:28 - [TEST_STEP][PASSED] - verifyTextPresent("Enter a valid phone number", true, CONTINUE_ON_FAILURE): Text 'Enter a valid phone number' is present on page  using regular expression

2024-11-12 18:33:29 - [MESSAGE][PASSED] - Text 'Enter a valid phone number' is present on page  using regular expression

2024-11-12 18:33:29 - [TEST_STEP][PASSED] - verifyTextPresent("Enter Email", true, CONTINUE_ON_FAILURE): Text 'Enter Email' is present on page  using regular expression

2024-11-12 18:33:29 - [MESSAGE][PASSED] - Text 'Enter Email' is present on page  using regular expression

2024-11-12 18:33:29 - [TEST_STEP][PASSED] - if (CRN.equalsIgnoreCase("Y")): null

2024-11-12 18:33:29 - [TEST_STEP][PASSED] - if (MFLicNum.equalsIgnoreCase("Y")): null

2024-11-12 18:33:29 - [TEST_STEP][PASSED] - resText = "Pass": null

2024-11-12 18:33:29 - [TEST_STEP][PASSED] - pages.WriteExcel.demoKey(resText, datText, resColumn, datCloumn, fileLoc, nameSheet, row): pages.WriteExcel.demoKey is PASSED

2024-11-12 18:33:29 - [MESSAGE][PASSED] - pages.WriteExcel.demoKey is PASSED

2024-11-12 18:33:29 - [TEST_STEP][PASSED] - ExecuteTC = findTestData(dataFile).getValue("Execute", row): null

2024-11-12 18:33:29 - [TEST_STEP][PASSED] - TaxType = findTestData(dataFile).getValue("TaxType", row): null

2024-11-12 18:33:29 - [TEST_STEP][PASSED] - PaymentType = findTestData(dataFile).getValue("PaymentType", row): null

2024-11-12 18:33:29 - [TEST_STEP][PASSED] - FilingYear = findTestData(dataFile).getValue("Year", row): null

2024-11-12 18:33:29 - [TEST_STEP][PASSED] - feinSSN = findTestData(dataFile).getValue("FeinSsn", row): null

2024-11-12 18:33:29 - [TEST_STEP][PASSED] - CRN = findTestData(dataFile).getValue("CRN", row): null

2024-11-12 18:33:29 - [TEST_STEP][PASSED] - MFLicNum = findTestData(dataFile).getValue("MFLicNum", row): null

2024-11-12 18:33:30 - [TEST_STEP][PASSED] - if (ExecuteTC.equalsIgnoreCase("Y")): pages.WriteExcel.demoKey is PASSED

2024-11-12 18:33:30 - [TEST_STEP][PASSED] - out.println("Begin Record Number: " + row): null

2024-11-12 18:33:30 - [TEST_STEP][PASSED] - today = new java.util.Date(): null

2024-11-12 18:33:30 - [TEST_STEP][PASSED] - println(today): null

2024-11-12 18:33:30 - [TEST_STEP][PASSED] - datText = today: null

2024-11-12 18:33:30 - [TEST_STEP][PASSED] - logInfo("Payment Type: New Tax Return Amount Due"): Payment Type: New Tax Return Amount Due

2024-11-12 18:33:30 - [MESSAGE][INFO] - Payment Type: New Tax Return Amount Due

2024-11-12 18:33:30 - [TEST_STEP][PASSED] - logInfo("Tax Type: " + TaxType): Tax Type: Corporate Income Tax

2024-11-12 18:33:30 - [MESSAGE][INFO] - Tax Type: Corporate Income Tax

2024-11-12 18:33:30 - [TEST_STEP][PASSED] - openBrowser(""): Browser is opened with url: ''

2024-11-12 18:33:30 - [MESSAGE][WARNING] - A browser is already opened. Closing browser and opening a new one

2024-11-12 18:33:31 - [MESSAGE][INFO] - Starting 'Chrome' driver

2024-11-12 18:33:31 - [MESSAGE][INFO] - User set preference: ['acceptInsecureCerts', 'true']

2024-11-12 18:33:31 - [MESSAGE][INFO] - Action delay is set to 0 milliseconds

2024-11-12 18:33:33 - [MESSAGE][PASSED] - Browser is opened with url: ''

2024-11-12 18:33:33 - [TEST_STEP][PASSED] - maximizeWindow(): Current window maximized

2024-11-12 18:33:33 - [MESSAGE][PASSED] - Current window maximized

2024-11-12 18:33:33 - [TEST_STEP][PASSED] - navigateToUrl(RADurl): Navigate to 'https://www.velocitypayment.com/client/rad/index.html' successfully

2024-11-12 18:33:33 - [MESSAGE][PASSED] - Navigate to 'https://www.velocitypayment.com/client/rad/index.html' successfully

2024-11-12 18:33:33 - [TEST_STEP][PASSED] - selectOptionByLabel(findTestObject(orPath_Landing + "/dd_TaxType"), "New Tax Return Amount Due", false): All options with label 'New Tax Return Amount Due' are selected in object 'Object Repository/RAD_Pages/Landing_Page/dd_TaxType' 

2024-11-12 18:33:37 - [MESSAGE][PASSED] - All options with label 'New Tax Return Amount Due' are selected in object 'Object Repository/RAD_Pages/Landing_Page/dd_TaxType' 

2024-11-12 18:33:37 - [TEST_STEP][PASSED] - selectOptionByLabel(findTestObject("Object Repository/RAD_Pages/Landing_Page/select_NewTaxReturnAmountDue_TaxType"), TaxType, false): All options with label 'Corporate Income Tax' are selected in object 'Object Repository/RAD_Pages/Landing_Page/select_NewTaxReturnAmountDue_TaxType' 

2024-11-12 18:33:38 - [MESSAGE][PASSED] - All options with label 'Corporate Income Tax' are selected in object 'Object Repository/RAD_Pages/Landing_Page/select_NewTaxReturnAmountDue_TaxType' 

2024-11-12 18:33:38 - [TEST_STEP][PASSED] - selectOptionByLabel(findTestObject(orPath_TaxTypeFilingYear + "/select_FilingYear"), FilingYear, false): All options with label '2021' are selected in object 'Object Repository/RAD_Pages/TaxTypeFilingYear_Page/select_FilingYear' 

2024-11-12 18:33:39 - [MESSAGE][PASSED] - All options with label '2021' are selected in object 'Object Repository/RAD_Pages/TaxTypeFilingYear_Page/select_FilingYear' 

2024-11-12 18:33:39 - [TEST_STEP][PASSED] - setText(findTestObject(orPath_TaxPayer + "/input_businessName"), " "): Text ' ' is set on object 'Object Repository/RAD_Pages/Taxpayer_Page/input_businessName'

2024-11-12 18:33:40 - [MESSAGE][PASSED] - Text ' ' is set on object 'Object Repository/RAD_Pages/Taxpayer_Page/input_businessName'

2024-11-12 18:33:40 - [TEST_STEP][PASSED] - setText(findTestObject(orPath_TaxPayer + "/input_BusinessRepfirstName"), " "): Text ' ' is set on object 'Object Repository/RAD_Pages/Taxpayer_Page/input_BusinessRepfirstName'

2024-11-12 18:33:40 - [MESSAGE][PASSED] - Text ' ' is set on object 'Object Repository/RAD_Pages/Taxpayer_Page/input_BusinessRepfirstName'

2024-11-12 18:33:40 - [TEST_STEP][PASSED] - setText(findTestObject(orPath_TaxPayer + "/input_BusinessReplastName"), " "): Text ' ' is set on object 'Object Repository/RAD_Pages/Taxpayer_Page/input_BusinessReplastName'

2024-11-12 18:33:41 - [MESSAGE][PASSED] - Text ' ' is set on object 'Object Repository/RAD_Pages/Taxpayer_Page/input_BusinessReplastName'

2024-11-12 18:33:41 - [TEST_STEP][PASSED] - setText(findTestObject(orPath_AddressContact + "/input_streetAddress1"), " "): Text ' ' is set on object 'Object Repository/RAD_Pages/AddressAndContactInfo_Page/input_streetAddress1'

2024-11-12 18:33:42 - [MESSAGE][PASSED] - Text ' ' is set on object 'Object Repository/RAD_Pages/AddressAndContactInfo_Page/input_streetAddress1'

2024-11-12 18:33:42 - [TEST_STEP][PASSED] - setText(findTestObject(orPath_AddressContact + "/input_city"), " "): Text ' ' is set on object 'Object Repository/RAD_Pages/AddressAndContactInfo_Page/input_city'

2024-11-12 18:33:43 - [MESSAGE][PASSED] - Text ' ' is set on object 'Object Repository/RAD_Pages/AddressAndContactInfo_Page/input_city'

2024-11-12 18:33:43 - [TEST_STEP][PASSED] - setText(findTestObject(orPath_AddressContact + "/input_zipCode"), " "): Text ' ' is set on object 'Object Repository/RAD_Pages/AddressAndContactInfo_Page/input_zipCode'

2024-11-12 18:33:43 - [MESSAGE][PASSED] - Text ' ' is set on object 'Object Repository/RAD_Pages/AddressAndContactInfo_Page/input_zipCode'

2024-11-12 18:33:43 - [TEST_STEP][PASSED] - setText(findTestObject(orPath_AddressContact + "/input_phoneNumber"), " "): Text ' ' is set on object 'Object Repository/RAD_Pages/AddressAndContactInfo_Page/input_phoneNumber'

2024-11-12 18:33:44 - [MESSAGE][PASSED] - Text ' ' is set on object 'Object Repository/RAD_Pages/AddressAndContactInfo_Page/input_phoneNumber'

2024-11-12 18:33:44 - [TEST_STEP][PASSED] - setText(findTestObject(orPath_AddressContact + "/input_eMailAddress"), " "): Text ' ' is set on object 'Object Repository/RAD_Pages/AddressAndContactInfo_Page/input_eMailAddress'

2024-11-12 18:33:45 - [MESSAGE][PASSED] - Text ' ' is set on object 'Object Repository/RAD_Pages/AddressAndContactInfo_Page/input_eMailAddress'

2024-11-12 18:33:45 - [TEST_STEP][PASSED] - setText(findTestObject(orPath_AddressContact + "/input_reEnterEMailAddress"), " "): Text ' ' is set on object 'Object Repository/RAD_Pages/AddressAndContactInfo_Page/input_reEnterEMailAddress'

2024-11-12 18:33:46 - [MESSAGE][PASSED] - Text ' ' is set on object 'Object Repository/RAD_Pages/AddressAndContactInfo_Page/input_reEnterEMailAddress'

2024-11-12 18:33:46 - [TEST_STEP][PASSED] - if (TaxType.equalsIgnoreCase("Estate Tax")): null

2024-11-12 18:33:46 - [TEST_STEP][PASSED] - setText(findTestObject(orPath_Amount + "/input__paymentAmount"), ""): Text '' is set on object 'Object Repository/RAD_Pages/PaymentAmount_Page/input__paymentAmount'

2024-11-12 18:33:47 - [MESSAGE][PASSED] - Text '' is set on object 'Object Repository/RAD_Pages/PaymentAmount_Page/input__paymentAmount'

2024-11-12 18:33:47 - [TEST_STEP][PASSED] - resText = "Fail": null

2024-11-12 18:33:47 - [TEST_STEP][PASSED] - pages.WriteExcel.demoKey(resText, datText, resColumn, datCloumn, fileLoc, nameSheet, row): pages.WriteExcel.demoKey is PASSED

2024-11-12 18:33:47 - [MESSAGE][PASSED] - pages.WriteExcel.demoKey is PASSED

2024-11-12 18:33:47 - [TEST_STEP][PASSED] - verifyTextPresent("Enter business name", true, CONTINUE_ON_FAILURE): Text 'Enter business name' is present on page  using regular expression

2024-11-12 18:33:48 - [MESSAGE][PASSED] - Text 'Enter business name' is present on page  using regular expression

2024-11-12 18:33:48 - [TEST_STEP][PASSED] - verifyTextPresent("Enter business rep first name", true, CONTINUE_ON_FAILURE): Text 'Enter business rep first name' is present on page  using regular expression

2024-11-12 18:33:48 - [MESSAGE][PASSED] - Text 'Enter business rep first name' is present on page  using regular expression

2024-11-12 18:33:48 - [TEST_STEP][PASSED] - verifyTextPresent("Enter business rep last name", true, CONTINUE_ON_FAILURE): Text 'Enter business rep last name' is present on page  using regular expression

2024-11-12 18:33:48 - [MESSAGE][PASSED] - Text 'Enter business rep last name' is present on page  using regular expression

2024-11-12 18:33:48 - [TEST_STEP][PASSED] - verifyTextPresent("Enter address", true, CONTINUE_ON_FAILURE): Text 'Enter address' is present on page  using regular expression

2024-11-12 18:33:49 - [MESSAGE][PASSED] - Text 'Enter address' is present on page  using regular expression

2024-11-12 18:33:49 - [TEST_STEP][PASSED] - verifyTextPresent("Enter city", true, CONTINUE_ON_FAILURE): Text 'Enter city' is present on page  using regular expression

2024-11-12 18:33:49 - [MESSAGE][PASSED] - Text 'Enter city' is present on page  using regular expression

2024-11-12 18:33:49 - [TEST_STEP][PASSED] - verifyTextPresent("Enter ZIP code", true, CONTINUE_ON_FAILURE): Text 'Enter ZIP code' is present on page  using regular expression

2024-11-12 18:33:49 - [MESSAGE][PASSED] - Text 'Enter ZIP code' is present on page  using regular expression

2024-11-12 18:33:49 - [TEST_STEP][PASSED] - verifyTextPresent("Enter a valid phone number", true, CONTINUE_ON_FAILURE): Text 'Enter a valid phone number' is present on page  using regular expression

2024-11-12 18:33:50 - [MESSAGE][PASSED] - Text 'Enter a valid phone number' is present on page  using regular expression

2024-11-12 18:33:50 - [TEST_STEP][PASSED] - verifyTextPresent("Enter Email", true, CONTINUE_ON_FAILURE): Text 'Enter Email' is present on page  using regular expression

2024-11-12 18:33:50 - [MESSAGE][PASSED] - Text 'Enter Email' is present on page  using regular expression

2024-11-12 18:33:50 - [TEST_STEP][PASSED] - if (CRN.equalsIgnoreCase("Y")): null

2024-11-12 18:33:50 - [TEST_STEP][PASSED] - if (MFLicNum.equalsIgnoreCase("Y")): null

2024-11-12 18:33:50 - [TEST_STEP][PASSED] - resText = "Pass": null

2024-11-12 18:33:50 - [TEST_STEP][PASSED] - pages.WriteExcel.demoKey(resText, datText, resColumn, datCloumn, fileLoc, nameSheet, row): pages.WriteExcel.demoKey is PASSED

2024-11-12 18:33:50 - [MESSAGE][PASSED] - pages.WriteExcel.demoKey is PASSED

2024-11-12 18:33:50 - [TEST_STEP][PASSED] - ExecuteTC = findTestData(dataFile).getValue("Execute", row): null

2024-11-12 18:33:50 - [TEST_STEP][PASSED] - TaxType = findTestData(dataFile).getValue("TaxType", row): null

2024-11-12 18:33:50 - [TEST_STEP][PASSED] - PaymentType = findTestData(dataFile).getValue("PaymentType", row): null

2024-11-12 18:33:50 - [TEST_STEP][PASSED] - FilingYear = findTestData(dataFile).getValue("Year", row): null

2024-11-12 18:33:50 - [TEST_STEP][PASSED] - feinSSN = findTestData(dataFile).getValue("FeinSsn", row): null

2024-11-12 18:33:50 - [TEST_STEP][PASSED] - CRN = findTestData(dataFile).getValue("CRN", row): null

2024-11-12 18:33:50 - [TEST_STEP][PASSED] - MFLicNum = findTestData(dataFile).getValue("MFLicNum", row): null

2024-11-12 18:33:51 - [TEST_STEP][PASSED] - if (ExecuteTC.equalsIgnoreCase("Y")): pages.WriteExcel.demoKey is PASSED

2024-11-12 18:33:51 - [TEST_STEP][PASSED] - out.println("Begin Record Number: " + row): null

2024-11-12 18:33:51 - [TEST_STEP][PASSED] - today = new java.util.Date(): null

2024-11-12 18:33:51 - [TEST_STEP][PASSED] - println(today): null

2024-11-12 18:33:51 - [TEST_STEP][PASSED] - datText = today: null

2024-11-12 18:33:51 - [TEST_STEP][PASSED] - logInfo("Payment Type: New Tax Return Amount Due"): Payment Type: New Tax Return Amount Due

2024-11-12 18:33:51 - [MESSAGE][INFO] - Payment Type: New Tax Return Amount Due

2024-11-12 18:33:51 - [TEST_STEP][PASSED] - logInfo("Tax Type: " + TaxType): Tax Type: Motor Fuel Tax

2024-11-12 18:33:51 - [MESSAGE][INFO] - Tax Type: Motor Fuel Tax

2024-11-12 18:33:51 - [TEST_STEP][PASSED] - openBrowser(""): Browser is opened with url: ''

2024-11-12 18:33:51 - [MESSAGE][WARNING] - A browser is already opened. Closing browser and opening a new one

2024-11-12 18:33:52 - [MESSAGE][INFO] - Starting 'Chrome' driver

2024-11-12 18:33:52 - [MESSAGE][INFO] - User set preference: ['acceptInsecureCerts', 'true']

2024-11-12 18:33:52 - [MESSAGE][INFO] - Action delay is set to 0 milliseconds

2024-11-12 18:33:54 - [MESSAGE][PASSED] - Browser is opened with url: ''

2024-11-12 18:33:54 - [TEST_STEP][PASSED] - maximizeWindow(): Current window maximized

2024-11-12 18:33:54 - [MESSAGE][PASSED] - Current window maximized

2024-11-12 18:33:54 - [TEST_STEP][PASSED] - navigateToUrl(RADurl): Navigate to 'https://www.velocitypayment.com/client/rad/index.html' successfully

2024-11-12 18:33:54 - [MESSAGE][PASSED] - Navigate to 'https://www.velocitypayment.com/client/rad/index.html' successfully

2024-11-12 18:33:54 - [TEST_STEP][PASSED] - selectOptionByLabel(findTestObject(orPath_Landing + "/dd_TaxType"), "New Tax Return Amount Due", false): All options with label 'New Tax Return Amount Due' are selected in object 'Object Repository/RAD_Pages/Landing_Page/dd_TaxType' 

2024-11-12 18:33:56 - [MESSAGE][PASSED] - All options with label 'New Tax Return Amount Due' are selected in object 'Object Repository/RAD_Pages/Landing_Page/dd_TaxType' 

2024-11-12 18:33:56 - [TEST_STEP][PASSED] - selectOptionByLabel(findTestObject("Object Repository/RAD_Pages/Landing_Page/select_NewTaxReturnAmountDue_TaxType"), TaxType, false): All options with label 'Motor Fuel Tax' are selected in object 'Object Repository/RAD_Pages/Landing_Page/select_NewTaxReturnAmountDue_TaxType' 

2024-11-12 18:33:57 - [MESSAGE][PASSED] - All options with label 'Motor Fuel Tax' are selected in object 'Object Repository/RAD_Pages/Landing_Page/select_NewTaxReturnAmountDue_TaxType' 

2024-11-12 18:33:57 - [TEST_STEP][PASSED] - selectOptionByLabel(findTestObject(orPath_TaxTypeFilingYear + "/select_FilingYear"), FilingYear, false): All options with label '2022' are selected in object 'Object Repository/RAD_Pages/TaxTypeFilingYear_Page/select_FilingYear' 

2024-11-12 18:33:58 - [MESSAGE][PASSED] - All options with label '2022' are selected in object 'Object Repository/RAD_Pages/TaxTypeFilingYear_Page/select_FilingYear' 

2024-11-12 18:33:58 - [TEST_STEP][PASSED] - setText(findTestObject(orPath_TaxPayer + "/input_businessName"), " "): Text ' ' is set on object 'Object Repository/RAD_Pages/Taxpayer_Page/input_businessName'

2024-11-12 18:33:59 - [MESSAGE][PASSED] - Text ' ' is set on object 'Object Repository/RAD_Pages/Taxpayer_Page/input_businessName'

2024-11-12 18:33:59 - [TEST_STEP][PASSED] - setText(findTestObject(orPath_TaxPayer + "/input_BusinessRepfirstName"), " "): Text ' ' is set on object 'Object Repository/RAD_Pages/Taxpayer_Page/input_BusinessRepfirstName'

2024-11-12 18:33:59 - [MESSAGE][PASSED] - Text ' ' is set on object 'Object Repository/RAD_Pages/Taxpayer_Page/input_BusinessRepfirstName'

2024-11-12 18:33:59 - [TEST_STEP][PASSED] - setText(findTestObject(orPath_TaxPayer + "/input_BusinessReplastName"), " "): Text ' ' is set on object 'Object Repository/RAD_Pages/Taxpayer_Page/input_BusinessReplastName'

2024-11-12 18:34:00 - [MESSAGE][PASSED] - Text ' ' is set on object 'Object Repository/RAD_Pages/Taxpayer_Page/input_BusinessReplastName'

2024-11-12 18:34:00 - [TEST_STEP][PASSED] - setText(findTestObject(orPath_AddressContact + "/input_streetAddress1"), " "): Text ' ' is set on object 'Object Repository/RAD_Pages/AddressAndContactInfo_Page/input_streetAddress1'

2024-11-12 18:34:01 - [MESSAGE][PASSED] - Text ' ' is set on object 'Object Repository/RAD_Pages/AddressAndContactInfo_Page/input_streetAddress1'

2024-11-12 18:34:01 - [TEST_STEP][PASSED] - setText(findTestObject(orPath_AddressContact + "/input_city"), " "): Text ' ' is set on object 'Object Repository/RAD_Pages/AddressAndContactInfo_Page/input_city'

2024-11-12 18:34:02 - [MESSAGE][PASSED] - Text ' ' is set on object 'Object Repository/RAD_Pages/AddressAndContactInfo_Page/input_city'

2024-11-12 18:34:02 - [TEST_STEP][PASSED] - setText(findTestObject(orPath_AddressContact + "/input_zipCode"), " "): Text ' ' is set on object 'Object Repository/RAD_Pages/AddressAndContactInfo_Page/input_zipCode'

2024-11-12 18:34:02 - [MESSAGE][PASSED] - Text ' ' is set on object 'Object Repository/RAD_Pages/AddressAndContactInfo_Page/input_zipCode'

2024-11-12 18:34:02 - [TEST_STEP][PASSED] - setText(findTestObject(orPath_AddressContact + "/input_phoneNumber"), " "): Text ' ' is set on object 'Object Repository/RAD_Pages/AddressAndContactInfo_Page/input_phoneNumber'

2024-11-12 18:34:03 - [MESSAGE][PASSED] - Text ' ' is set on object 'Object Repository/RAD_Pages/AddressAndContactInfo_Page/input_phoneNumber'

2024-11-12 18:34:03 - [TEST_STEP][PASSED] - setText(findTestObject(orPath_AddressContact + "/input_eMailAddress"), " "): Text ' ' is set on object 'Object Repository/RAD_Pages/AddressAndContactInfo_Page/input_eMailAddress'

2024-11-12 18:34:04 - [MESSAGE][PASSED] - Text ' ' is set on object 'Object Repository/RAD_Pages/AddressAndContactInfo_Page/input_eMailAddress'

2024-11-12 18:34:04 - [TEST_STEP][PASSED] - setText(findTestObject(orPath_AddressContact + "/input_reEnterEMailAddress"), " "): Text ' ' is set on object 'Object Repository/RAD_Pages/AddressAndContactInfo_Page/input_reEnterEMailAddress'

2024-11-12 18:34:05 - [MESSAGE][PASSED] - Text ' ' is set on object 'Object Repository/RAD_Pages/AddressAndContactInfo_Page/input_reEnterEMailAddress'

2024-11-12 18:34:05 - [TEST_STEP][PASSED] - if (TaxType.equalsIgnoreCase("Estate Tax")): null

2024-11-12 18:34:05 - [TEST_STEP][PASSED] - setText(findTestObject(orPath_Amount + "/input__paymentAmount"), ""): Text '' is set on object 'Object Repository/RAD_Pages/PaymentAmount_Page/input__paymentAmount'

2024-11-12 18:34:05 - [MESSAGE][PASSED] - Text '' is set on object 'Object Repository/RAD_Pages/PaymentAmount_Page/input__paymentAmount'

2024-11-12 18:34:05 - [TEST_STEP][PASSED] - resText = "Fail": null

2024-11-12 18:34:05 - [TEST_STEP][PASSED] - pages.WriteExcel.demoKey(resText, datText, resColumn, datCloumn, fileLoc, nameSheet, row): pages.WriteExcel.demoKey is PASSED

2024-11-12 18:34:06 - [MESSAGE][PASSED] - pages.WriteExcel.demoKey is PASSED

2024-11-12 18:34:06 - [TEST_STEP][PASSED] - verifyTextPresent("Enter business name", true, CONTINUE_ON_FAILURE): Text 'Enter business name' is present on page  using regular expression

2024-11-12 18:34:06 - [MESSAGE][PASSED] - Text 'Enter business name' is present on page  using regular expression

2024-11-12 18:34:06 - [TEST_STEP][PASSED] - verifyTextPresent("Enter business rep first name", true, CONTINUE_ON_FAILURE): Text 'Enter business rep first name' is present on page  using regular expression

2024-11-12 18:34:06 - [MESSAGE][PASSED] - Text 'Enter business rep first name' is present on page  using regular expression

2024-11-12 18:34:06 - [TEST_STEP][PASSED] - verifyTextPresent("Enter business rep last name", true, CONTINUE_ON_FAILURE): Text 'Enter business rep last name' is present on page  using regular expression

2024-11-12 18:34:07 - [MESSAGE][PASSED] - Text 'Enter business rep last name' is present on page  using regular expression

2024-11-12 18:34:07 - [TEST_STEP][PASSED] - verifyTextPresent("Enter address", true, CONTINUE_ON_FAILURE): Text 'Enter address' is present on page  using regular expression

2024-11-12 18:34:07 - [MESSAGE][PASSED] - Text 'Enter address' is present on page  using regular expression

2024-11-12 18:34:07 - [TEST_STEP][PASSED] - verifyTextPresent("Enter city", true, CONTINUE_ON_FAILURE): Text 'Enter city' is present on page  using regular expression

2024-11-12 18:34:07 - [MESSAGE][PASSED] - Text 'Enter city' is present on page  using regular expression

2024-11-12 18:34:07 - [TEST_STEP][PASSED] - verifyTextPresent("Enter ZIP code", true, CONTINUE_ON_FAILURE): Text 'Enter ZIP code' is present on page  using regular expression

2024-11-12 18:34:08 - [MESSAGE][PASSED] - Text 'Enter ZIP code' is present on page  using regular expression

2024-11-12 18:34:08 - [TEST_STEP][PASSED] - verifyTextPresent("Enter a valid phone number", true, CONTINUE_ON_FAILURE): Text 'Enter a valid phone number' is present on page  using regular expression

2024-11-12 18:34:08 - [MESSAGE][PASSED] - Text 'Enter a valid phone number' is present on page  using regular expression

2024-11-12 18:34:08 - [TEST_STEP][PASSED] - verifyTextPresent("Enter Email", true, CONTINUE_ON_FAILURE): Text 'Enter Email' is present on page  using regular expression

2024-11-12 18:34:09 - [MESSAGE][PASSED] - Text 'Enter Email' is present on page  using regular expression

2024-11-12 18:34:09 - [TEST_STEP][PASSED] - if (CRN.equalsIgnoreCase("Y")): null

2024-11-12 18:34:09 - [TEST_STEP][PASSED] - if (MFLicNum.equalsIgnoreCase("Y")): Text 'Motor Fuel License Number must be 5 or 6 digits in length, with a value greater than zero' is present on page  using regular expression

2024-11-12 18:34:09 - [TEST_STEP][PASSED] - setText(findTestObject(orPath_TaxInfo + "/input_MotorFuelLicNum"), " "): Text ' ' is set on object 'Object Repository/RAD_Pages/TaxInfo_Page/input_MotorFuelLicNum'

2024-11-12 18:34:09 - [MESSAGE][PASSED] - Text ' ' is set on object 'Object Repository/RAD_Pages/TaxInfo_Page/input_MotorFuelLicNum'

2024-11-12 18:34:09 - [TEST_STEP][PASSED] - setText(findTestObject(orPath_Amount + "/input__paymentAmount"), ""): Text '' is set on object 'Object Repository/RAD_Pages/PaymentAmount_Page/input__paymentAmount'

2024-11-12 18:34:10 - [MESSAGE][PASSED] - Text '' is set on object 'Object Repository/RAD_Pages/PaymentAmount_Page/input__paymentAmount'

2024-11-12 18:34:10 - [TEST_STEP][PASSED] - verifyTextPresent("Motor Fuel License Number must be 5 or 6 digits in length, with a value greater than zero", true, CONTINUE_ON_FAILURE): Text 'Motor Fuel License Number must be 5 or 6 digits in length, with a value greater than zero' is present on page  using regular expression

2024-11-12 18:34:10 - [MESSAGE][PASSED] - Text 'Motor Fuel License Number must be 5 or 6 digits in length, with a value greater than zero' is present on page  using regular expression

2024-11-12 18:34:10 - [TEST_STEP][PASSED] - resText = "Pass": null

2024-11-12 18:34:10 - [TEST_STEP][PASSED] - pages.WriteExcel.demoKey(resText, datText, resColumn, datCloumn, fileLoc, nameSheet, row): pages.WriteExcel.demoKey is PASSED

2024-11-12 18:34:10 - [MESSAGE][PASSED] - pages.WriteExcel.demoKey is PASSED

2024-11-12 18:34:10 - [TEST_STEP][PASSED] - ExecuteTC = findTestData(dataFile).getValue("Execute", row): null

2024-11-12 18:34:11 - [TEST_STEP][PASSED] - TaxType = findTestData(dataFile).getValue("TaxType", row): null

2024-11-12 18:34:11 - [TEST_STEP][PASSED] - PaymentType = findTestData(dataFile).getValue("PaymentType", row): null

2024-11-12 18:34:11 - [TEST_STEP][PASSED] - FilingYear = findTestData(dataFile).getValue("Year", row): null

2024-11-12 18:34:11 - [TEST_STEP][PASSED] - feinSSN = findTestData(dataFile).getValue("FeinSsn", row): null

2024-11-12 18:34:11 - [TEST_STEP][PASSED] - CRN = findTestData(dataFile).getValue("CRN", row): null

2024-11-12 18:34:11 - [TEST_STEP][PASSED] - MFLicNum = findTestData(dataFile).getValue("MFLicNum", row): null

2024-11-12 18:34:11 - [TEST_STEP][PASSED] - if (ExecuteTC.equalsIgnoreCase("Y")): pages.WriteExcel.demoKey is PASSED

2024-11-12 18:34:11 - [TEST_STEP][PASSED] - out.println("Begin Record Number: " + row): null

2024-11-12 18:34:11 - [TEST_STEP][PASSED] - today = new java.util.Date(): null

2024-11-12 18:34:11 - [TEST_STEP][PASSED] - println(today): null

2024-11-12 18:34:11 - [TEST_STEP][PASSED] - datText = today: null

2024-11-12 18:34:11 - [TEST_STEP][PASSED] - logInfo("Payment Type: New Tax Return Amount Due"): Payment Type: New Tax Return Amount Due

2024-11-12 18:34:11 - [MESSAGE][INFO] - Payment Type: New Tax Return Amount Due

2024-11-12 18:34:11 - [TEST_STEP][PASSED] - logInfo("Tax Type: " + TaxType): Tax Type: Sales and Use Tax

2024-11-12 18:34:11 - [MESSAGE][INFO] - Tax Type: Sales and Use Tax

2024-11-12 18:34:11 - [TEST_STEP][PASSED] - openBrowser(""): Browser is opened with url: ''

2024-11-12 18:34:11 - [MESSAGE][WARNING] - A browser is already opened. Closing browser and opening a new one

2024-11-12 18:34:13 - [MESSAGE][INFO] - Starting 'Chrome' driver

2024-11-12 18:34:13 - [MESSAGE][INFO] - User set preference: ['acceptInsecureCerts', 'true']

2024-11-12 18:34:13 - [MESSAGE][INFO] - Action delay is set to 0 milliseconds

2024-11-12 18:34:14 - [MESSAGE][PASSED] - Browser is opened with url: ''

2024-11-12 18:34:14 - [TEST_STEP][PASSED] - maximizeWindow(): Current window maximized

2024-11-12 18:34:14 - [MESSAGE][PASSED] - Current window maximized

2024-11-12 18:34:14 - [TEST_STEP][PASSED] - navigateToUrl(RADurl): Navigate to 'https://www.velocitypayment.com/client/rad/index.html' successfully

2024-11-12 18:34:17 - [MESSAGE][PASSED] - Navigate to 'https://www.velocitypayment.com/client/rad/index.html' successfully

2024-11-12 18:34:17 - [TEST_STEP][PASSED] - selectOptionByLabel(findTestObject(orPath_Landing + "/dd_TaxType"), "New Tax Return Amount Due", false): All options with label 'New Tax Return Amount Due' are selected in object 'Object Repository/RAD_Pages/Landing_Page/dd_TaxType' 

2024-11-12 18:34:17 - [MESSAGE][PASSED] - All options with label 'New Tax Return Amount Due' are selected in object 'Object Repository/RAD_Pages/Landing_Page/dd_TaxType' 

2024-11-12 18:34:17 - [TEST_STEP][PASSED] - selectOptionByLabel(findTestObject("Object Repository/RAD_Pages/Landing_Page/select_NewTaxReturnAmountDue_TaxType"), TaxType, false): All options with label 'Sales and Use Tax' are selected in object 'Object Repository/RAD_Pages/Landing_Page/select_NewTaxReturnAmountDue_TaxType' 

2024-11-12 18:34:18 - [MESSAGE][PASSED] - All options with label 'Sales and Use Tax' are selected in object 'Object Repository/RAD_Pages/Landing_Page/select_NewTaxReturnAmountDue_TaxType' 

2024-11-12 18:34:18 - [TEST_STEP][PASSED] - selectOptionByLabel(findTestObject(orPath_TaxTypeFilingYear + "/select_FilingYear"), FilingYear, false): All options with label '2022' are selected in object 'Object Repository/RAD_Pages/TaxTypeFilingYear_Page/select_FilingYear' 

2024-11-12 18:34:19 - [MESSAGE][PASSED] - All options with label '2022' are selected in object 'Object Repository/RAD_Pages/TaxTypeFilingYear_Page/select_FilingYear' 

2024-11-12 18:34:19 - [TEST_STEP][PASSED] - setText(findTestObject(orPath_TaxPayer + "/input_businessName"), " "): Text ' ' is set on object 'Object Repository/RAD_Pages/Taxpayer_Page/input_businessName'

2024-11-12 18:34:20 - [MESSAGE][PASSED] - Text ' ' is set on object 'Object Repository/RAD_Pages/Taxpayer_Page/input_businessName'

2024-11-12 18:34:20 - [TEST_STEP][PASSED] - setText(findTestObject(orPath_TaxPayer + "/input_BusinessRepfirstName"), " "): Text ' ' is set on object 'Object Repository/RAD_Pages/Taxpayer_Page/input_BusinessRepfirstName'

2024-11-12 18:34:20 - [MESSAGE][PASSED] - Text ' ' is set on object 'Object Repository/RAD_Pages/Taxpayer_Page/input_BusinessRepfirstName'

2024-11-12 18:34:20 - [TEST_STEP][PASSED] - setText(findTestObject(orPath_TaxPayer + "/input_BusinessReplastName"), " "): Text ' ' is set on object 'Object Repository/RAD_Pages/Taxpayer_Page/input_BusinessReplastName'

2024-11-12 18:34:21 - [MESSAGE][PASSED] - Text ' ' is set on object 'Object Repository/RAD_Pages/Taxpayer_Page/input_BusinessReplastName'

2024-11-12 18:34:21 - [TEST_STEP][PASSED] - setText(findTestObject(orPath_AddressContact + "/input_streetAddress1"), " "): Text ' ' is set on object 'Object Repository/RAD_Pages/AddressAndContactInfo_Page/input_streetAddress1'

2024-11-12 18:34:22 - [MESSAGE][PASSED] - Text ' ' is set on object 'Object Repository/RAD_Pages/AddressAndContactInfo_Page/input_streetAddress1'

2024-11-12 18:34:22 - [TEST_STEP][PASSED] - setText(findTestObject(orPath_AddressContact + "/input_city"), " "): Text ' ' is set on object 'Object Repository/RAD_Pages/AddressAndContactInfo_Page/input_city'

2024-11-12 18:34:22 - [MESSAGE][PASSED] - Text ' ' is set on object 'Object Repository/RAD_Pages/AddressAndContactInfo_Page/input_city'

2024-11-12 18:34:22 - [TEST_STEP][PASSED] - setText(findTestObject(orPath_AddressContact + "/input_zipCode"), " "): Text ' ' is set on object 'Object Repository/RAD_Pages/AddressAndContactInfo_Page/input_zipCode'

2024-11-12 18:34:23 - [MESSAGE][PASSED] - Text ' ' is set on object 'Object Repository/RAD_Pages/AddressAndContactInfo_Page/input_zipCode'

2024-11-12 18:34:23 - [TEST_STEP][PASSED] - setText(findTestObject(orPath_AddressContact + "/input_phoneNumber"), " "): Text ' ' is set on object 'Object Repository/RAD_Pages/AddressAndContactInfo_Page/input_phoneNumber'

2024-11-12 18:34:24 - [MESSAGE][PASSED] - Text ' ' is set on object 'Object Repository/RAD_Pages/AddressAndContactInfo_Page/input_phoneNumber'

2024-11-12 18:34:24 - [TEST_STEP][PASSED] - setText(findTestObject(orPath_AddressContact + "/input_eMailAddress"), " "): Text ' ' is set on object 'Object Repository/RAD_Pages/AddressAndContactInfo_Page/input_eMailAddress'

2024-11-12 18:34:25 - [MESSAGE][PASSED] - Text ' ' is set on object 'Object Repository/RAD_Pages/AddressAndContactInfo_Page/input_eMailAddress'

2024-11-12 18:34:25 - [TEST_STEP][PASSED] - setText(findTestObject(orPath_AddressContact + "/input_reEnterEMailAddress"), " "): Text ' ' is set on object 'Object Repository/RAD_Pages/AddressAndContactInfo_Page/input_reEnterEMailAddress'

2024-11-12 18:34:26 - [MESSAGE][PASSED] - Text ' ' is set on object 'Object Repository/RAD_Pages/AddressAndContactInfo_Page/input_reEnterEMailAddress'

2024-11-12 18:34:26 - [TEST_STEP][PASSED] - if (TaxType.equalsIgnoreCase("Estate Tax")): null

2024-11-12 18:34:26 - [TEST_STEP][PASSED] - setText(findTestObject(orPath_Amount + "/input__paymentAmount"), ""): Text '' is set on object 'Object Repository/RAD_Pages/PaymentAmount_Page/input__paymentAmount'

2024-11-12 18:34:27 - [MESSAGE][PASSED] - Text '' is set on object 'Object Repository/RAD_Pages/PaymentAmount_Page/input__paymentAmount'

2024-11-12 18:34:27 - [TEST_STEP][PASSED] - resText = "Fail": null

2024-11-12 18:34:27 - [TEST_STEP][PASSED] - pages.WriteExcel.demoKey(resText, datText, resColumn, datCloumn, fileLoc, nameSheet, row): pages.WriteExcel.demoKey is PASSED

2024-11-12 18:34:27 - [MESSAGE][PASSED] - pages.WriteExcel.demoKey is PASSED

2024-11-12 18:34:27 - [TEST_STEP][PASSED] - verifyTextPresent("Enter business name", true, CONTINUE_ON_FAILURE): Text 'Enter business name' is present on page  using regular expression

2024-11-12 18:34:27 - [MESSAGE][PASSED] - Text 'Enter business name' is present on page  using regular expression

2024-11-12 18:34:27 - [TEST_STEP][PASSED] - verifyTextPresent("Enter business rep first name", true, CONTINUE_ON_FAILURE): Text 'Enter business rep first name' is present on page  using regular expression

2024-11-12 18:34:28 - [MESSAGE][PASSED] - Text 'Enter business rep first name' is present on page  using regular expression

2024-11-12 18:34:28 - [TEST_STEP][PASSED] - verifyTextPresent("Enter business rep last name", true, CONTINUE_ON_FAILURE): Text 'Enter business rep last name' is present on page  using regular expression

2024-11-12 18:34:28 - [MESSAGE][PASSED] - Text 'Enter business rep last name' is present on page  using regular expression

2024-11-12 18:34:28 - [TEST_STEP][PASSED] - verifyTextPresent("Enter address", true, CONTINUE_ON_FAILURE): Text 'Enter address' is present on page  using regular expression

2024-11-12 18:34:28 - [MESSAGE][PASSED] - Text 'Enter address' is present on page  using regular expression

2024-11-12 18:34:28 - [TEST_STEP][PASSED] - verifyTextPresent("Enter city", true, CONTINUE_ON_FAILURE): Text 'Enter city' is present on page  using regular expression

2024-11-12 18:34:29 - [MESSAGE][PASSED] - Text 'Enter city' is present on page  using regular expression

2024-11-12 18:34:29 - [TEST_STEP][PASSED] - verifyTextPresent("Enter ZIP code", true, CONTINUE_ON_FAILURE): Text 'Enter ZIP code' is present on page  using regular expression

2024-11-12 18:34:29 - [MESSAGE][PASSED] - Text 'Enter ZIP code' is present on page  using regular expression

2024-11-12 18:34:29 - [TEST_STEP][PASSED] - verifyTextPresent("Enter a valid phone number", true, CONTINUE_ON_FAILURE): Text 'Enter a valid phone number' is present on page  using regular expression

2024-11-12 18:34:29 - [MESSAGE][PASSED] - Text 'Enter a valid phone number' is present on page  using regular expression

2024-11-12 18:34:29 - [TEST_STEP][PASSED] - verifyTextPresent("Enter Email", true, CONTINUE_ON_FAILURE): Text 'Enter Email' is present on page  using regular expression

2024-11-12 18:34:30 - [MESSAGE][PASSED] - Text 'Enter Email' is present on page  using regular expression

2024-11-12 18:34:30 - [TEST_STEP][PASSED] - if (CRN.equalsIgnoreCase("Y")): Text 'Enter valid MD Central Registration Number' is present on page  using regular expression

2024-11-12 18:34:30 - [TEST_STEP][PASSED] - setText(findTestObject(orPath_TaxInfo + "/input_MDCRegistration"), " "): Text ' ' is set on object 'Object Repository/RAD_Pages/TaxInfo_Page/input_MDCRegistration'

2024-11-12 18:34:30 - [MESSAGE][PASSED] - Text ' ' is set on object 'Object Repository/RAD_Pages/TaxInfo_Page/input_MDCRegistration'

2024-11-12 18:34:30 - [TEST_STEP][PASSED] - setText(findTestObject(orPath_Amount + "/input__paymentAmount"), ""): Text '' is set on object 'Object Repository/RAD_Pages/PaymentAmount_Page/input__paymentAmount'

2024-11-12 18:34:31 - [MESSAGE][PASSED] - Text '' is set on object 'Object Repository/RAD_Pages/PaymentAmount_Page/input__paymentAmount'

2024-11-12 18:34:31 - [TEST_STEP][PASSED] - verifyTextPresent("Enter valid MD Central Registration Number", true, CONTINUE_ON_FAILURE): Text 'Enter valid MD Central Registration Number' is present on page  using regular expression

2024-11-12 18:34:31 - [MESSAGE][PASSED] - Text 'Enter valid MD Central Registration Number' is present on page  using regular expression

2024-11-12 18:34:31 - [TEST_STEP][PASSED] - if (MFLicNum.equalsIgnoreCase("Y")): null

2024-11-12 18:34:31 - [TEST_STEP][PASSED] - resText = "Pass": null

2024-11-12 18:34:31 - [TEST_STEP][PASSED] - pages.WriteExcel.demoKey(resText, datText, resColumn, datCloumn, fileLoc, nameSheet, row): pages.WriteExcel.demoKey is PASSED

2024-11-12 18:34:31 - [MESSAGE][PASSED] - pages.WriteExcel.demoKey is PASSED

2024-11-12 18:34:31 - [TEST_STEP][PASSED] - ExecuteTC = findTestData(dataFile).getValue("Execute", row): null

2024-11-12 18:34:32 - [TEST_STEP][PASSED] - TaxType = findTestData(dataFile).getValue("TaxType", row): null

2024-11-12 18:34:32 - [TEST_STEP][PASSED] - PaymentType = findTestData(dataFile).getValue("PaymentType", row): null

2024-11-12 18:34:32 - [TEST_STEP][PASSED] - FilingYear = findTestData(dataFile).getValue("Year", row): null

2024-11-12 18:34:32 - [TEST_STEP][PASSED] - feinSSN = findTestData(dataFile).getValue("FeinSsn", row): null

2024-11-12 18:34:32 - [TEST_STEP][PASSED] - CRN = findTestData(dataFile).getValue("CRN", row): null

2024-11-12 18:34:32 - [TEST_STEP][PASSED] - MFLicNum = findTestData(dataFile).getValue("MFLicNum", row): null

2024-11-12 18:34:32 - [TEST_STEP][PASSED] - if (ExecuteTC.equalsIgnoreCase("Y")): pages.WriteExcel.demoKey is PASSED

2024-11-12 18:34:32 - [TEST_STEP][PASSED] - out.println("Begin Record Number: " + row): null

2024-11-12 18:34:32 - [TEST_STEP][PASSED] - today = new java.util.Date(): null

2024-11-12 18:34:32 - [TEST_STEP][PASSED] - println(today): null

2024-11-12 18:34:32 - [TEST_STEP][PASSED] - datText = today: null

2024-11-12 18:34:32 - [TEST_STEP][PASSED] - logInfo("Payment Type: New Tax Return Amount Due"): Payment Type: New Tax Return Amount Due

2024-11-12 18:34:32 - [MESSAGE][INFO] - Payment Type: New Tax Return Amount Due

2024-11-12 18:34:32 - [TEST_STEP][PASSED] - logInfo("Tax Type: " + TaxType): Tax Type: Slots License Fee

2024-11-12 18:34:32 - [MESSAGE][INFO] - Tax Type: Slots License Fee

2024-11-12 18:34:32 - [TEST_STEP][PASSED] - openBrowser(""): Browser is opened with url: ''

2024-11-12 18:34:32 - [MESSAGE][WARNING] - A browser is already opened. Closing browser and opening a new one

2024-11-12 18:34:33 - [MESSAGE][INFO] - Starting 'Chrome' driver

2024-11-12 18:34:33 - [MESSAGE][INFO] - User set preference: ['acceptInsecureCerts', 'true']

2024-11-12 18:34:33 - [MESSAGE][INFO] - Action delay is set to 0 milliseconds

2024-11-12 18:34:35 - [MESSAGE][PASSED] - Browser is opened with url: ''

2024-11-12 18:34:35 - [TEST_STEP][PASSED] - maximizeWindow(): Current window maximized

2024-11-12 18:34:35 - [MESSAGE][PASSED] - Current window maximized

2024-11-12 18:34:35 - [TEST_STEP][PASSED] - navigateToUrl(RADurl): Navigate to 'https://www.velocitypayment.com/client/rad/index.html' successfully

2024-11-12 18:34:41 - [MESSAGE][PASSED] - Navigate to 'https://www.velocitypayment.com/client/rad/index.html' successfully

2024-11-12 18:34:41 - [TEST_STEP][PASSED] - selectOptionByLabel(findTestObject(orPath_Landing + "/dd_TaxType"), "New Tax Return Amount Due", false): All options with label 'New Tax Return Amount Due' are selected in object 'Object Repository/RAD_Pages/Landing_Page/dd_TaxType' 

2024-11-12 18:34:41 - [MESSAGE][PASSED] - All options with label 'New Tax Return Amount Due' are selected in object 'Object Repository/RAD_Pages/Landing_Page/dd_TaxType' 

2024-11-12 18:34:41 - [TEST_STEP][PASSED] - selectOptionByLabel(findTestObject("Object Repository/RAD_Pages/Landing_Page/select_NewTaxReturnAmountDue_TaxType"), TaxType, false): All options with label 'Slots License Fee' are selected in object 'Object Repository/RAD_Pages/Landing_Page/select_NewTaxReturnAmountDue_TaxType' 

2024-11-12 18:34:42 - [MESSAGE][PASSED] - All options with label 'Slots License Fee' are selected in object 'Object Repository/RAD_Pages/Landing_Page/select_NewTaxReturnAmountDue_TaxType' 

2024-11-12 18:34:42 - [TEST_STEP][PASSED] - selectOptionByLabel(findTestObject(orPath_TaxTypeFilingYear + "/select_FilingYear"), FilingYear, false): All options with label '2022' are selected in object 'Object Repository/RAD_Pages/TaxTypeFilingYear_Page/select_FilingYear' 

2024-11-12 18:34:43 - [MESSAGE][PASSED] - All options with label '2022' are selected in object 'Object Repository/RAD_Pages/TaxTypeFilingYear_Page/select_FilingYear' 

2024-11-12 18:34:43 - [TEST_STEP][PASSED] - setText(findTestObject(orPath_TaxPayer + "/input_businessName"), " "): Text ' ' is set on object 'Object Repository/RAD_Pages/Taxpayer_Page/input_businessName'

2024-11-12 18:34:44 - [MESSAGE][PASSED] - Text ' ' is set on object 'Object Repository/RAD_Pages/Taxpayer_Page/input_businessName'

2024-11-12 18:34:44 - [TEST_STEP][PASSED] - setText(findTestObject(orPath_TaxPayer + "/input_BusinessRepfirstName"), " "): Text ' ' is set on object 'Object Repository/RAD_Pages/Taxpayer_Page/input_BusinessRepfirstName'

2024-11-12 18:34:44 - [MESSAGE][PASSED] - Text ' ' is set on object 'Object Repository/RAD_Pages/Taxpayer_Page/input_BusinessRepfirstName'

2024-11-12 18:34:44 - [TEST_STEP][PASSED] - setText(findTestObject(orPath_TaxPayer + "/input_BusinessReplastName"), " "): Text ' ' is set on object 'Object Repository/RAD_Pages/Taxpayer_Page/input_BusinessReplastName'

2024-11-12 18:34:45 - [MESSAGE][PASSED] - Text ' ' is set on object 'Object Repository/RAD_Pages/Taxpayer_Page/input_BusinessReplastName'

2024-11-12 18:34:45 - [TEST_STEP][PASSED] - setText(findTestObject(orPath_AddressContact + "/input_streetAddress1"), " "): Text ' ' is set on object 'Object Repository/RAD_Pages/AddressAndContactInfo_Page/input_streetAddress1'

2024-11-12 18:34:46 - [MESSAGE][PASSED] - Text ' ' is set on object 'Object Repository/RAD_Pages/AddressAndContactInfo_Page/input_streetAddress1'

2024-11-12 18:34:46 - [TEST_STEP][PASSED] - setText(findTestObject(orPath_AddressContact + "/input_city"), " "): Text ' ' is set on object 'Object Repository/RAD_Pages/AddressAndContactInfo_Page/input_city'

2024-11-12 18:34:47 - [MESSAGE][PASSED] - Text ' ' is set on object 'Object Repository/RAD_Pages/AddressAndContactInfo_Page/input_city'

2024-11-12 18:34:47 - [TEST_STEP][PASSED] - setText(findTestObject(orPath_AddressContact + "/input_zipCode"), " "): Text ' ' is set on object 'Object Repository/RAD_Pages/AddressAndContactInfo_Page/input_zipCode'

2024-11-12 18:34:48 - [MESSAGE][PASSED] - Text ' ' is set on object 'Object Repository/RAD_Pages/AddressAndContactInfo_Page/input_zipCode'

2024-11-12 18:34:48 - [TEST_STEP][PASSED] - setText(findTestObject(orPath_AddressContact + "/input_phoneNumber"), " "): Text ' ' is set on object 'Object Repository/RAD_Pages/AddressAndContactInfo_Page/input_phoneNumber'

2024-11-12 18:34:49 - [MESSAGE][PASSED] - Text ' ' is set on object 'Object Repository/RAD_Pages/AddressAndContactInfo_Page/input_phoneNumber'

2024-11-12 18:34:49 - [TEST_STEP][PASSED] - setText(findTestObject(orPath_AddressContact + "/input_eMailAddress"), " "): Text ' ' is set on object 'Object Repository/RAD_Pages/AddressAndContactInfo_Page/input_eMailAddress'

2024-11-12 18:34:49 - [MESSAGE][PASSED] - Text ' ' is set on object 'Object Repository/RAD_Pages/AddressAndContactInfo_Page/input_eMailAddress'

2024-11-12 18:34:49 - [TEST_STEP][PASSED] - setText(findTestObject(orPath_AddressContact + "/input_reEnterEMailAddress"), " "): Text ' ' is set on object 'Object Repository/RAD_Pages/AddressAndContactInfo_Page/input_reEnterEMailAddress'

2024-11-12 18:34:50 - [MESSAGE][PASSED] - Text ' ' is set on object 'Object Repository/RAD_Pages/AddressAndContactInfo_Page/input_reEnterEMailAddress'

2024-11-12 18:34:50 - [TEST_STEP][PASSED] - if (TaxType.equalsIgnoreCase("Estate Tax")): null

2024-11-12 18:34:50 - [TEST_STEP][PASSED] - setText(findTestObject(orPath_Amount + "/input__paymentAmount"), ""): Text '' is set on object 'Object Repository/RAD_Pages/PaymentAmount_Page/input__paymentAmount'

2024-11-12 18:34:51 - [MESSAGE][PASSED] - Text '' is set on object 'Object Repository/RAD_Pages/PaymentAmount_Page/input__paymentAmount'

2024-11-12 18:34:51 - [TEST_STEP][PASSED] - resText = "Fail": null

2024-11-12 18:34:51 - [TEST_STEP][PASSED] - pages.WriteExcel.demoKey(resText, datText, resColumn, datCloumn, fileLoc, nameSheet, row): pages.WriteExcel.demoKey is PASSED

2024-11-12 18:34:51 - [MESSAGE][PASSED] - pages.WriteExcel.demoKey is PASSED

2024-11-12 18:34:51 - [TEST_STEP][PASSED] - verifyTextPresent("Enter business name", true, CONTINUE_ON_FAILURE): Text 'Enter business name' is present on page  using regular expression

2024-11-12 18:34:51 - [MESSAGE][PASSED] - Text 'Enter business name' is present on page  using regular expression

2024-11-12 18:34:51 - [TEST_STEP][PASSED] - verifyTextPresent("Enter business rep first name", true, CONTINUE_ON_FAILURE): Text 'Enter business rep first name' is present on page  using regular expression

2024-11-12 18:34:52 - [MESSAGE][PASSED] - Text 'Enter business rep first name' is present on page  using regular expression

2024-11-12 18:34:52 - [TEST_STEP][PASSED] - verifyTextPresent("Enter business rep last name", true, CONTINUE_ON_FAILURE): Text 'Enter business rep last name' is present on page  using regular expression

2024-11-12 18:34:52 - [MESSAGE][PASSED] - Text 'Enter business rep last name' is present on page  using regular expression

2024-11-12 18:34:52 - [TEST_STEP][PASSED] - verifyTextPresent("Enter address", true, CONTINUE_ON_FAILURE): Text 'Enter address' is present on page  using regular expression

2024-11-12 18:34:52 - [MESSAGE][PASSED] - Text 'Enter address' is present on page  using regular expression

2024-11-12 18:34:52 - [TEST_STEP][PASSED] - verifyTextPresent("Enter city", true, CONTINUE_ON_FAILURE): Text 'Enter city' is present on page  using regular expression

2024-11-12 18:34:53 - [MESSAGE][PASSED] - Text 'Enter city' is present on page  using regular expression

2024-11-12 18:34:53 - [TEST_STEP][PASSED] - verifyTextPresent("Enter ZIP code", true, CONTINUE_ON_FAILURE): Text 'Enter ZIP code' is present on page  using regular expression

2024-11-12 18:34:53 - [MESSAGE][PASSED] - Text 'Enter ZIP code' is present on page  using regular expression

2024-11-12 18:34:53 - [TEST_STEP][PASSED] - verifyTextPresent("Enter a valid phone number", true, CONTINUE_ON_FAILURE): Text 'Enter a valid phone number' is present on page  using regular expression

2024-11-12 18:34:53 - [MESSAGE][PASSED] - Text 'Enter a valid phone number' is present on page  using regular expression

2024-11-12 18:34:53 - [TEST_STEP][PASSED] - verifyTextPresent("Enter Email", true, CONTINUE_ON_FAILURE): Text 'Enter Email' is present on page  using regular expression

2024-11-12 18:34:54 - [MESSAGE][PASSED] - Text 'Enter Email' is present on page  using regular expression

2024-11-12 18:34:54 - [TEST_STEP][PASSED] - if (CRN.equalsIgnoreCase("Y")): null

2024-11-12 18:34:54 - [TEST_STEP][PASSED] - if (MFLicNum.equalsIgnoreCase("Y")): null

2024-11-12 18:34:54 - [TEST_STEP][PASSED] - resText = "Pass": null

2024-11-12 18:34:54 - [TEST_STEP][PASSED] - pages.WriteExcel.demoKey(resText, datText, resColumn, datCloumn, fileLoc, nameSheet, row): pages.WriteExcel.demoKey is PASSED

2024-11-12 18:34:54 - [MESSAGE][PASSED] - pages.WriteExcel.demoKey is PASSED

2024-11-12 18:34:54 - [TEST_STEP][PASSED] - ExecuteTC = findTestData(dataFile).getValue("Execute", row): null

2024-11-12 18:34:54 - [TEST_STEP][PASSED] - TaxType = findTestData(dataFile).getValue("TaxType", row): null

2024-11-12 18:34:54 - [TEST_STEP][PASSED] - PaymentType = findTestData(dataFile).getValue("PaymentType", row): null

2024-11-12 18:34:54 - [TEST_STEP][PASSED] - FilingYear = findTestData(dataFile).getValue("Year", row): null

2024-11-12 18:34:54 - [TEST_STEP][PASSED] - feinSSN = findTestData(dataFile).getValue("FeinSsn", row): null

2024-11-12 18:34:54 - [TEST_STEP][PASSED] - CRN = findTestData(dataFile).getValue("CRN", row): null

2024-11-12 18:34:54 - [TEST_STEP][PASSED] - MFLicNum = findTestData(dataFile).getValue("MFLicNum", row): null

2024-11-12 18:34:54 - [TEST_STEP][PASSED] - if (ExecuteTC.equalsIgnoreCase("Y")): pages.WriteExcel.demoKey is PASSED

2024-11-12 18:34:54 - [TEST_STEP][PASSED] - out.println("Begin Record Number: " + row): null

2024-11-12 18:34:54 - [TEST_STEP][PASSED] - today = new java.util.Date(): null

2024-11-12 18:34:54 - [TEST_STEP][PASSED] - println(today): null

2024-11-12 18:34:54 - [TEST_STEP][PASSED] - datText = today: null

2024-11-12 18:34:54 - [TEST_STEP][PASSED] - logInfo("Payment Type: New Tax Return Amount Due"): Payment Type: New Tax Return Amount Due

2024-11-12 18:34:54 - [MESSAGE][INFO] - Payment Type: New Tax Return Amount Due

2024-11-12 18:34:54 - [TEST_STEP][PASSED] - logInfo("Tax Type: " + TaxType): Tax Type: Tire Recycling Fee

2024-11-12 18:34:54 - [MESSAGE][INFO] - Tax Type: Tire Recycling Fee

2024-11-12 18:34:54 - [TEST_STEP][PASSED] - openBrowser(""): Browser is opened with url: ''

2024-11-12 18:34:54 - [MESSAGE][WARNING] - A browser is already opened. Closing browser and opening a new one

2024-11-12 18:34:56 - [MESSAGE][INFO] - Starting 'Chrome' driver

2024-11-12 18:34:56 - [MESSAGE][INFO] - User set preference: ['acceptInsecureCerts', 'true']

2024-11-12 18:34:56 - [MESSAGE][INFO] - Action delay is set to 0 milliseconds

2024-11-12 18:34:57 - [MESSAGE][PASSED] - Browser is opened with url: ''

2024-11-12 18:34:57 - [TEST_STEP][PASSED] - maximizeWindow(): Current window maximized

2024-11-12 18:34:57 - [MESSAGE][PASSED] - Current window maximized

2024-11-12 18:34:57 - [TEST_STEP][PASSED] - navigateToUrl(RADurl): Navigate to 'https://www.velocitypayment.com/client/rad/index.html' successfully

2024-11-12 18:34:59 - [MESSAGE][PASSED] - Navigate to 'https://www.velocitypayment.com/client/rad/index.html' successfully

2024-11-12 18:34:59 - [TEST_STEP][PASSED] - selectOptionByLabel(findTestObject(orPath_Landing + "/dd_TaxType"), "New Tax Return Amount Due", false): All options with label 'New Tax Return Amount Due' are selected in object 'Object Repository/RAD_Pages/Landing_Page/dd_TaxType' 

2024-11-12 18:35:00 - [MESSAGE][PASSED] - All options with label 'New Tax Return Amount Due' are selected in object 'Object Repository/RAD_Pages/Landing_Page/dd_TaxType' 

2024-11-12 18:35:00 - [TEST_STEP][PASSED] - selectOptionByLabel(findTestObject("Object Repository/RAD_Pages/Landing_Page/select_NewTaxReturnAmountDue_TaxType"), TaxType, false): All options with label 'Tire Recycling Fee' are selected in object 'Object Repository/RAD_Pages/Landing_Page/select_NewTaxReturnAmountDue_TaxType' 

2024-11-12 18:35:00 - [MESSAGE][PASSED] - All options with label 'Tire Recycling Fee' are selected in object 'Object Repository/RAD_Pages/Landing_Page/select_NewTaxReturnAmountDue_TaxType' 

2024-11-12 18:35:00 - [TEST_STEP][PASSED] - selectOptionByLabel(findTestObject(orPath_TaxTypeFilingYear + "/select_FilingYear"), FilingYear, false): All options with label '2022' are selected in object 'Object Repository/RAD_Pages/TaxTypeFilingYear_Page/select_FilingYear' 

2024-11-12 18:35:01 - [MESSAGE][PASSED] - All options with label '2022' are selected in object 'Object Repository/RAD_Pages/TaxTypeFilingYear_Page/select_FilingYear' 

2024-11-12 18:35:01 - [TEST_STEP][PASSED] - setText(findTestObject(orPath_TaxPayer + "/input_businessName"), " "): Text ' ' is set on object 'Object Repository/RAD_Pages/Taxpayer_Page/input_businessName'

2024-11-12 18:35:02 - [MESSAGE][PASSED] - Text ' ' is set on object 'Object Repository/RAD_Pages/Taxpayer_Page/input_businessName'

2024-11-12 18:35:02 - [TEST_STEP][PASSED] - setText(findTestObject(orPath_TaxPayer + "/input_BusinessRepfirstName"), " "): Text ' ' is set on object 'Object Repository/RAD_Pages/Taxpayer_Page/input_BusinessRepfirstName'

2024-11-12 18:35:03 - [MESSAGE][PASSED] - Text ' ' is set on object 'Object Repository/RAD_Pages/Taxpayer_Page/input_BusinessRepfirstName'

2024-11-12 18:35:03 - [TEST_STEP][PASSED] - setText(findTestObject(orPath_TaxPayer + "/input_BusinessReplastName"), " "): Text ' ' is set on object 'Object Repository/RAD_Pages/Taxpayer_Page/input_BusinessReplastName'

2024-11-12 18:35:03 - [MESSAGE][PASSED] - Text ' ' is set on object 'Object Repository/RAD_Pages/Taxpayer_Page/input_BusinessReplastName'

2024-11-12 18:35:03 - [TEST_STEP][PASSED] - setText(findTestObject(orPath_AddressContact + "/input_streetAddress1"), " "): Text ' ' is set on object 'Object Repository/RAD_Pages/AddressAndContactInfo_Page/input_streetAddress1'

2024-11-12 18:35:04 - [MESSAGE][PASSED] - Text ' ' is set on object 'Object Repository/RAD_Pages/AddressAndContactInfo_Page/input_streetAddress1'

2024-11-12 18:35:04 - [TEST_STEP][PASSED] - setText(findTestObject(orPath_AddressContact + "/input_city"), " "): Text ' ' is set on object 'Object Repository/RAD_Pages/AddressAndContactInfo_Page/input_city'

2024-11-12 18:35:05 - [MESSAGE][PASSED] - Text ' ' is set on object 'Object Repository/RAD_Pages/AddressAndContactInfo_Page/input_city'

2024-11-12 18:35:05 - [TEST_STEP][PASSED] - setText(findTestObject(orPath_AddressContact + "/input_zipCode"), " "): Text ' ' is set on object 'Object Repository/RAD_Pages/AddressAndContactInfo_Page/input_zipCode'

2024-11-12 18:35:06 - [MESSAGE][PASSED] - Text ' ' is set on object 'Object Repository/RAD_Pages/AddressAndContactInfo_Page/input_zipCode'

2024-11-12 18:35:06 - [TEST_STEP][PASSED] - setText(findTestObject(orPath_AddressContact + "/input_phoneNumber"), " "): Text ' ' is set on object 'Object Repository/RAD_Pages/AddressAndContactInfo_Page/input_phoneNumber'

2024-11-12 18:35:06 - [MESSAGE][PASSED] - Text ' ' is set on object 'Object Repository/RAD_Pages/AddressAndContactInfo_Page/input_phoneNumber'

2024-11-12 18:35:06 - [TEST_STEP][PASSED] - setText(findTestObject(orPath_AddressContact + "/input_eMailAddress"), " "): Text ' ' is set on object 'Object Repository/RAD_Pages/AddressAndContactInfo_Page/input_eMailAddress'

2024-11-12 18:35:07 - [MESSAGE][PASSED] - Text ' ' is set on object 'Object Repository/RAD_Pages/AddressAndContactInfo_Page/input_eMailAddress'

2024-11-12 18:35:07 - [TEST_STEP][PASSED] - setText(findTestObject(orPath_AddressContact + "/input_reEnterEMailAddress"), " "): Text ' ' is set on object 'Object Repository/RAD_Pages/AddressAndContactInfo_Page/input_reEnterEMailAddress'

2024-11-12 18:35:08 - [MESSAGE][PASSED] - Text ' ' is set on object 'Object Repository/RAD_Pages/AddressAndContactInfo_Page/input_reEnterEMailAddress'

2024-11-12 18:35:08 - [TEST_STEP][PASSED] - if (TaxType.equalsIgnoreCase("Estate Tax")): null

2024-11-12 18:35:08 - [TEST_STEP][PASSED] - setText(findTestObject(orPath_Amount + "/input__paymentAmount"), ""): Text '' is set on object 'Object Repository/RAD_Pages/PaymentAmount_Page/input__paymentAmount'

2024-11-12 18:35:09 - [MESSAGE][PASSED] - Text '' is set on object 'Object Repository/RAD_Pages/PaymentAmount_Page/input__paymentAmount'

2024-11-12 18:35:09 - [TEST_STEP][PASSED] - resText = "Fail": null

2024-11-12 18:35:09 - [TEST_STEP][PASSED] - pages.WriteExcel.demoKey(resText, datText, resColumn, datCloumn, fileLoc, nameSheet, row): pages.WriteExcel.demoKey is PASSED

2024-11-12 18:35:09 - [MESSAGE][PASSED] - pages.WriteExcel.demoKey is PASSED

2024-11-12 18:35:09 - [TEST_STEP][PASSED] - verifyTextPresent("Enter business name", true, CONTINUE_ON_FAILURE): Text 'Enter business name' is present on page  using regular expression

2024-11-12 18:35:10 - [MESSAGE][PASSED] - Text 'Enter business name' is present on page  using regular expression

2024-11-12 18:35:10 - [TEST_STEP][PASSED] - verifyTextPresent("Enter business rep first name", true, CONTINUE_ON_FAILURE): Text 'Enter business rep first name' is present on page  using regular expression

2024-11-12 18:35:10 - [MESSAGE][PASSED] - Text 'Enter business rep first name' is present on page  using regular expression

2024-11-12 18:35:10 - [TEST_STEP][PASSED] - verifyTextPresent("Enter business rep last name", true, CONTINUE_ON_FAILURE): Text 'Enter business rep last name' is present on page  using regular expression

2024-11-12 18:35:10 - [MESSAGE][PASSED] - Text 'Enter business rep last name' is present on page  using regular expression

2024-11-12 18:35:10 - [TEST_STEP][PASSED] - verifyTextPresent("Enter address", true, CONTINUE_ON_FAILURE): Text 'Enter address' is present on page  using regular expression

2024-11-12 18:35:11 - [MESSAGE][PASSED] - Text 'Enter address' is present on page  using regular expression

2024-11-12 18:35:11 - [TEST_STEP][PASSED] - verifyTextPresent("Enter city", true, CONTINUE_ON_FAILURE): Text 'Enter city' is present on page  using regular expression

2024-11-12 18:35:11 - [MESSAGE][PASSED] - Text 'Enter city' is present on page  using regular expression

2024-11-12 18:35:11 - [TEST_STEP][PASSED] - verifyTextPresent("Enter ZIP code", true, CONTINUE_ON_FAILURE): Text 'Enter ZIP code' is present on page  using regular expression

2024-11-12 18:35:11 - [MESSAGE][PASSED] - Text 'Enter ZIP code' is present on page  using regular expression

2024-11-12 18:35:11 - [TEST_STEP][PASSED] - verifyTextPresent("Enter a valid phone number", true, CONTINUE_ON_FAILURE): Text 'Enter a valid phone number' is present on page  using regular expression

2024-11-12 18:35:12 - [MESSAGE][PASSED] - Text 'Enter a valid phone number' is present on page  using regular expression

2024-11-12 18:35:12 - [TEST_STEP][PASSED] - verifyTextPresent("Enter Email", true, CONTINUE_ON_FAILURE): Text 'Enter Email' is present on page  using regular expression

2024-11-12 18:35:12 - [MESSAGE][PASSED] - Text 'Enter Email' is present on page  using regular expression

2024-11-12 18:35:12 - [TEST_STEP][PASSED] - if (CRN.equalsIgnoreCase("Y")): Text 'Enter valid MD Central Registration Number' is present on page  using regular expression

2024-11-12 18:35:12 - [TEST_STEP][PASSED] - setText(findTestObject(orPath_TaxInfo + "/input_MDCRegistration"), " "): Text ' ' is set on object 'Object Repository/RAD_Pages/TaxInfo_Page/input_MDCRegistration'

2024-11-12 18:35:13 - [MESSAGE][PASSED] - Text ' ' is set on object 'Object Repository/RAD_Pages/TaxInfo_Page/input_MDCRegistration'

2024-11-12 18:35:13 - [TEST_STEP][PASSED] - setText(findTestObject(orPath_Amount + "/input__paymentAmount"), ""): Text '' is set on object 'Object Repository/RAD_Pages/PaymentAmount_Page/input__paymentAmount'

2024-11-12 18:35:13 - [MESSAGE][PASSED] - Text '' is set on object 'Object Repository/RAD_Pages/PaymentAmount_Page/input__paymentAmount'

2024-11-12 18:35:13 - [TEST_STEP][PASSED] - verifyTextPresent("Enter valid MD Central Registration Number", true, CONTINUE_ON_FAILURE): Text 'Enter valid MD Central Registration Number' is present on page  using regular expression

2024-11-12 18:35:14 - [MESSAGE][PASSED] - Text 'Enter valid MD Central Registration Number' is present on page  using regular expression

2024-11-12 18:35:14 - [TEST_STEP][PASSED] - if (MFLicNum.equalsIgnoreCase("Y")): null

2024-11-12 18:35:14 - [TEST_STEP][PASSED] - resText = "Pass": null

2024-11-12 18:35:14 - [TEST_STEP][PASSED] - pages.WriteExcel.demoKey(resText, datText, resColumn, datCloumn, fileLoc, nameSheet, row): pages.WriteExcel.demoKey is PASSED

2024-11-12 18:35:14 - [MESSAGE][PASSED] - pages.WriteExcel.demoKey is PASSED

2024-11-12 18:35:14 - [TEST_STEP][PASSED] - ExecuteTC = findTestData(dataFile).getValue("Execute", row): null

2024-11-12 18:35:14 - [TEST_STEP][PASSED] - TaxType = findTestData(dataFile).getValue("TaxType", row): null

2024-11-12 18:35:14 - [TEST_STEP][PASSED] - PaymentType = findTestData(dataFile).getValue("PaymentType", row): null

2024-11-12 18:35:14 - [TEST_STEP][PASSED] - FilingYear = findTestData(dataFile).getValue("Year", row): null

2024-11-12 18:35:14 - [TEST_STEP][PASSED] - feinSSN = findTestData(dataFile).getValue("FeinSsn", row): null

2024-11-12 18:35:14 - [TEST_STEP][PASSED] - CRN = findTestData(dataFile).getValue("CRN", row): null

2024-11-12 18:35:14 - [TEST_STEP][PASSED] - MFLicNum = findTestData(dataFile).getValue("MFLicNum", row): null

2024-11-12 18:35:14 - [TEST_STEP][PASSED] - if (ExecuteTC.equalsIgnoreCase("Y")): pages.WriteExcel.demoKey is PASSED

2024-11-12 18:35:14 - [TEST_STEP][PASSED] - out.println("Begin Record Number: " + row): null

2024-11-12 18:35:14 - [TEST_STEP][PASSED] - today = new java.util.Date(): null

2024-11-12 18:35:14 - [TEST_STEP][PASSED] - println(today): null

2024-11-12 18:35:14 - [TEST_STEP][PASSED] - datText = today: null

2024-11-12 18:35:14 - [TEST_STEP][PASSED] - logInfo("Payment Type: New Tax Return Amount Due"): Payment Type: New Tax Return Amount Due

2024-11-12 18:35:14 - [MESSAGE][INFO] - Payment Type: New Tax Return Amount Due

2024-11-12 18:35:14 - [TEST_STEP][PASSED] - logInfo("Tax Type: " + TaxType): Tax Type: Tobacco Tax

2024-11-12 18:35:14 - [MESSAGE][INFO] - Tax Type: Tobacco Tax

2024-11-12 18:35:14 - [TEST_STEP][PASSED] - openBrowser(""): Browser is opened with url: ''

2024-11-12 18:35:14 - [MESSAGE][WARNING] - A browser is already opened. Closing browser and opening a new one

2024-11-12 18:35:16 - [MESSAGE][INFO] - Starting 'Chrome' driver

2024-11-12 18:35:16 - [MESSAGE][INFO] - User set preference: ['acceptInsecureCerts', 'true']

2024-11-12 18:35:16 - [MESSAGE][INFO] - Action delay is set to 0 milliseconds

2024-11-12 18:35:17 - [MESSAGE][PASSED] - Browser is opened with url: ''

2024-11-12 18:35:17 - [TEST_STEP][PASSED] - maximizeWindow(): Current window maximized

2024-11-12 18:35:17 - [MESSAGE][PASSED] - Current window maximized

2024-11-12 18:35:17 - [TEST_STEP][PASSED] - navigateToUrl(RADurl): Navigate to 'https://www.velocitypayment.com/client/rad/index.html' successfully

2024-11-12 18:35:19 - [MESSAGE][PASSED] - Navigate to 'https://www.velocitypayment.com/client/rad/index.html' successfully

2024-11-12 18:35:19 - [TEST_STEP][PASSED] - selectOptionByLabel(findTestObject(orPath_Landing + "/dd_TaxType"), "New Tax Return Amount Due", false): All options with label 'New Tax Return Amount Due' are selected in object 'Object Repository/RAD_Pages/Landing_Page/dd_TaxType' 

2024-11-12 18:35:20 - [MESSAGE][PASSED] - All options with label 'New Tax Return Amount Due' are selected in object 'Object Repository/RAD_Pages/Landing_Page/dd_TaxType' 

2024-11-12 18:35:20 - [TEST_STEP][PASSED] - selectOptionByLabel(findTestObject("Object Repository/RAD_Pages/Landing_Page/select_NewTaxReturnAmountDue_TaxType"), TaxType, false): All options with label 'Tobacco Tax' are selected in object 'Object Repository/RAD_Pages/Landing_Page/select_NewTaxReturnAmountDue_TaxType' 

2024-11-12 18:35:20 - [MESSAGE][PASSED] - All options with label 'Tobacco Tax' are selected in object 'Object Repository/RAD_Pages/Landing_Page/select_NewTaxReturnAmountDue_TaxType' 

2024-11-12 18:35:20 - [TEST_STEP][PASSED] - selectOptionByLabel(findTestObject(orPath_TaxTypeFilingYear + "/select_FilingYear"), FilingYear, false): All options with label '2022' are selected in object 'Object Repository/RAD_Pages/TaxTypeFilingYear_Page/select_FilingYear' 

2024-11-12 18:35:21 - [MESSAGE][PASSED] - All options with label '2022' are selected in object 'Object Repository/RAD_Pages/TaxTypeFilingYear_Page/select_FilingYear' 

2024-11-12 18:35:21 - [TEST_STEP][PASSED] - setText(findTestObject(orPath_TaxPayer + "/input_businessName"), " "): Text ' ' is set on object 'Object Repository/RAD_Pages/Taxpayer_Page/input_businessName'

2024-11-12 18:35:22 - [MESSAGE][PASSED] - Text ' ' is set on object 'Object Repository/RAD_Pages/Taxpayer_Page/input_businessName'

2024-11-12 18:35:22 - [TEST_STEP][PASSED] - setText(findTestObject(orPath_TaxPayer + "/input_BusinessRepfirstName"), " "): Text ' ' is set on object 'Object Repository/RAD_Pages/Taxpayer_Page/input_BusinessRepfirstName'

2024-11-12 18:35:23 - [MESSAGE][PASSED] - Text ' ' is set on object 'Object Repository/RAD_Pages/Taxpayer_Page/input_BusinessRepfirstName'

2024-11-12 18:35:23 - [TEST_STEP][PASSED] - setText(findTestObject(orPath_TaxPayer + "/input_BusinessReplastName"), " "): Text ' ' is set on object 'Object Repository/RAD_Pages/Taxpayer_Page/input_BusinessReplastName'

2024-11-12 18:35:23 - [MESSAGE][PASSED] - Text ' ' is set on object 'Object Repository/RAD_Pages/Taxpayer_Page/input_BusinessReplastName'

2024-11-12 18:35:23 - [TEST_STEP][PASSED] - setText(findTestObject(orPath_AddressContact + "/input_streetAddress1"), " "): Text ' ' is set on object 'Object Repository/RAD_Pages/AddressAndContactInfo_Page/input_streetAddress1'

2024-11-12 18:35:24 - [MESSAGE][PASSED] - Text ' ' is set on object 'Object Repository/RAD_Pages/AddressAndContactInfo_Page/input_streetAddress1'

2024-11-12 18:35:24 - [TEST_STEP][PASSED] - setText(findTestObject(orPath_AddressContact + "/input_city"), " "): Text ' ' is set on object 'Object Repository/RAD_Pages/AddressAndContactInfo_Page/input_city'

2024-11-12 18:35:25 - [MESSAGE][PASSED] - Text ' ' is set on object 'Object Repository/RAD_Pages/AddressAndContactInfo_Page/input_city'

2024-11-12 18:35:25 - [TEST_STEP][PASSED] - setText(findTestObject(orPath_AddressContact + "/input_zipCode"), " "): Text ' ' is set on object 'Object Repository/RAD_Pages/AddressAndContactInfo_Page/input_zipCode'

2024-11-12 18:35:26 - [MESSAGE][PASSED] - Text ' ' is set on object 'Object Repository/RAD_Pages/AddressAndContactInfo_Page/input_zipCode'

2024-11-12 18:35:26 - [TEST_STEP][PASSED] - setText(findTestObject(orPath_AddressContact + "/input_phoneNumber"), " "): Text ' ' is set on object 'Object Repository/RAD_Pages/AddressAndContactInfo_Page/input_phoneNumber'

2024-11-12 18:35:26 - [MESSAGE][PASSED] - Text ' ' is set on object 'Object Repository/RAD_Pages/AddressAndContactInfo_Page/input_phoneNumber'

2024-11-12 18:35:26 - [TEST_STEP][PASSED] - setText(findTestObject(orPath_AddressContact + "/input_eMailAddress"), " "): Text ' ' is set on object 'Object Repository/RAD_Pages/AddressAndContactInfo_Page/input_eMailAddress'

2024-11-12 18:35:27 - [MESSAGE][PASSED] - Text ' ' is set on object 'Object Repository/RAD_Pages/AddressAndContactInfo_Page/input_eMailAddress'

2024-11-12 18:35:27 - [TEST_STEP][PASSED] - setText(findTestObject(orPath_AddressContact + "/input_reEnterEMailAddress"), " "): Text ' ' is set on object 'Object Repository/RAD_Pages/AddressAndContactInfo_Page/input_reEnterEMailAddress'

2024-11-12 18:35:28 - [MESSAGE][PASSED] - Text ' ' is set on object 'Object Repository/RAD_Pages/AddressAndContactInfo_Page/input_reEnterEMailAddress'

2024-11-12 18:35:28 - [TEST_STEP][PASSED] - if (TaxType.equalsIgnoreCase("Estate Tax")): null

2024-11-12 18:35:28 - [TEST_STEP][PASSED] - setText(findTestObject(orPath_Amount + "/input__paymentAmount"), ""): Text '' is set on object 'Object Repository/RAD_Pages/PaymentAmount_Page/input__paymentAmount'

2024-11-12 18:35:29 - [MESSAGE][PASSED] - Text '' is set on object 'Object Repository/RAD_Pages/PaymentAmount_Page/input__paymentAmount'

2024-11-12 18:35:29 - [TEST_STEP][PASSED] - resText = "Fail": null

2024-11-12 18:35:29 - [TEST_STEP][PASSED] - pages.WriteExcel.demoKey(resText, datText, resColumn, datCloumn, fileLoc, nameSheet, row): pages.WriteExcel.demoKey is PASSED

2024-11-12 18:35:29 - [MESSAGE][PASSED] - pages.WriteExcel.demoKey is PASSED

2024-11-12 18:35:29 - [TEST_STEP][PASSED] - verifyTextPresent("Enter business name", true, CONTINUE_ON_FAILURE): Text 'Enter business name' is present on page  using regular expression

2024-11-12 18:35:30 - [MESSAGE][PASSED] - Text 'Enter business name' is present on page  using regular expression

2024-11-12 18:35:30 - [TEST_STEP][PASSED] - verifyTextPresent("Enter business rep first name", true, CONTINUE_ON_FAILURE): Text 'Enter business rep first name' is present on page  using regular expression

2024-11-12 18:35:30 - [MESSAGE][PASSED] - Text 'Enter business rep first name' is present on page  using regular expression

2024-11-12 18:35:30 - [TEST_STEP][PASSED] - verifyTextPresent("Enter business rep last name", true, CONTINUE_ON_FAILURE): Text 'Enter business rep last name' is present on page  using regular expression

2024-11-12 18:35:30 - [MESSAGE][PASSED] - Text 'Enter business rep last name' is present on page  using regular expression

2024-11-12 18:35:30 - [TEST_STEP][PASSED] - verifyTextPresent("Enter address", true, CONTINUE_ON_FAILURE): Text 'Enter address' is present on page  using regular expression

2024-11-12 18:35:31 - [MESSAGE][PASSED] - Text 'Enter address' is present on page  using regular expression

2024-11-12 18:35:31 - [TEST_STEP][PASSED] - verifyTextPresent("Enter city", true, CONTINUE_ON_FAILURE): Text 'Enter city' is present on page  using regular expression

2024-11-12 18:35:31 - [MESSAGE][PASSED] - Text 'Enter city' is present on page  using regular expression

2024-11-12 18:35:31 - [TEST_STEP][PASSED] - verifyTextPresent("Enter ZIP code", true, CONTINUE_ON_FAILURE): Text 'Enter ZIP code' is present on page  using regular expression

2024-11-12 18:35:31 - [MESSAGE][PASSED] - Text 'Enter ZIP code' is present on page  using regular expression

2024-11-12 18:35:31 - [TEST_STEP][PASSED] - verifyTextPresent("Enter a valid phone number", true, CONTINUE_ON_FAILURE): Text 'Enter a valid phone number' is present on page  using regular expression

2024-11-12 18:35:32 - [MESSAGE][PASSED] - Text 'Enter a valid phone number' is present on page  using regular expression

2024-11-12 18:35:32 - [TEST_STEP][PASSED] - verifyTextPresent("Enter Email", true, CONTINUE_ON_FAILURE): Text 'Enter Email' is present on page  using regular expression

2024-11-12 18:35:32 - [MESSAGE][PASSED] - Text 'Enter Email' is present on page  using regular expression

2024-11-12 18:35:32 - [TEST_STEP][PASSED] - if (CRN.equalsIgnoreCase("Y")): Text 'Enter valid MD Central Registration Number' is present on page  using regular expression

2024-11-12 18:35:32 - [TEST_STEP][PASSED] - setText(findTestObject(orPath_TaxInfo + "/input_MDCRegistration"), " "): Text ' ' is set on object 'Object Repository/RAD_Pages/TaxInfo_Page/input_MDCRegistration'

2024-11-12 18:35:33 - [MESSAGE][PASSED] - Text ' ' is set on object 'Object Repository/RAD_Pages/TaxInfo_Page/input_MDCRegistration'

2024-11-12 18:35:33 - [TEST_STEP][PASSED] - setText(findTestObject(orPath_Amount + "/input__paymentAmount"), ""): Text '' is set on object 'Object Repository/RAD_Pages/PaymentAmount_Page/input__paymentAmount'

2024-11-12 18:35:33 - [MESSAGE][PASSED] - Text '' is set on object 'Object Repository/RAD_Pages/PaymentAmount_Page/input__paymentAmount'

2024-11-12 18:35:33 - [TEST_STEP][PASSED] - verifyTextPresent("Enter valid MD Central Registration Number", true, CONTINUE_ON_FAILURE): Text 'Enter valid MD Central Registration Number' is present on page  using regular expression

2024-11-12 18:35:34 - [MESSAGE][PASSED] - Text 'Enter valid MD Central Registration Number' is present on page  using regular expression

2024-11-12 18:35:34 - [TEST_STEP][PASSED] - if (MFLicNum.equalsIgnoreCase("Y")): null

2024-11-12 18:35:34 - [TEST_STEP][PASSED] - resText = "Pass": null

2024-11-12 18:35:34 - [TEST_STEP][PASSED] - pages.WriteExcel.demoKey(resText, datText, resColumn, datCloumn, fileLoc, nameSheet, row): pages.WriteExcel.demoKey is PASSED

2024-11-12 18:35:34 - [MESSAGE][PASSED] - pages.WriteExcel.demoKey is PASSED

2024-11-12 18:35:34 - [TEST_STEP][PASSED] - ExecuteTC = findTestData(dataFile).getValue("Execute", row): null

2024-11-12 18:35:34 - [TEST_STEP][PASSED] - TaxType = findTestData(dataFile).getValue("TaxType", row): null

2024-11-12 18:35:34 - [TEST_STEP][PASSED] - PaymentType = findTestData(dataFile).getValue("PaymentType", row): null

2024-11-12 18:35:34 - [TEST_STEP][PASSED] - FilingYear = findTestData(dataFile).getValue("Year", row): null

2024-11-12 18:35:34 - [TEST_STEP][PASSED] - feinSSN = findTestData(dataFile).getValue("FeinSsn", row): null

2024-11-12 18:35:34 - [TEST_STEP][PASSED] - CRN = findTestData(dataFile).getValue("CRN", row): null

2024-11-12 18:35:34 - [TEST_STEP][PASSED] - MFLicNum = findTestData(dataFile).getValue("MFLicNum", row): null

2024-11-12 18:35:34 - [TEST_STEP][PASSED] - if (ExecuteTC.equalsIgnoreCase("Y")): pages.WriteExcel.demoKey is PASSED

2024-11-12 18:35:34 - [TEST_STEP][PASSED] - out.println("Begin Record Number: " + row): null

2024-11-12 18:35:34 - [TEST_STEP][PASSED] - today = new java.util.Date(): null

2024-11-12 18:35:34 - [TEST_STEP][PASSED] - println(today): null

2024-11-12 18:35:34 - [TEST_STEP][PASSED] - datText = today: null

2024-11-12 18:35:34 - [TEST_STEP][PASSED] - logInfo("Payment Type: New Tax Return Amount Due"): Payment Type: New Tax Return Amount Due

2024-11-12 18:35:34 - [MESSAGE][INFO] - Payment Type: New Tax Return Amount Due

2024-11-12 18:35:34 - [TEST_STEP][PASSED] - logInfo("Tax Type: " + TaxType): Tax Type: Transportation Network Services

2024-11-12 18:35:34 - [MESSAGE][INFO] - Tax Type: Transportation Network Services

2024-11-12 18:35:34 - [TEST_STEP][PASSED] - openBrowser(""): Browser is opened with url: ''

2024-11-12 18:35:34 - [MESSAGE][WARNING] - A browser is already opened. Closing browser and opening a new one

2024-11-12 18:35:40 - [MESSAGE][INFO] - Starting 'Chrome' driver

2024-11-12 18:35:40 - [MESSAGE][INFO] - User set preference: ['acceptInsecureCerts', 'true']

2024-11-12 18:35:40 - [MESSAGE][INFO] - Action delay is set to 0 milliseconds

2024-11-12 18:35:41 - [MESSAGE][PASSED] - Browser is opened with url: ''

2024-11-12 18:35:41 - [TEST_STEP][PASSED] - maximizeWindow(): Current window maximized

2024-11-12 18:35:41 - [MESSAGE][PASSED] - Current window maximized

2024-11-12 18:35:41 - [TEST_STEP][PASSED] - navigateToUrl(RADurl): Navigate to 'https://www.velocitypayment.com/client/rad/index.html' successfully

2024-11-12 18:35:42 - [MESSAGE][PASSED] - Navigate to 'https://www.velocitypayment.com/client/rad/index.html' successfully

2024-11-12 18:35:42 - [TEST_STEP][PASSED] - selectOptionByLabel(findTestObject(orPath_Landing + "/dd_TaxType"), "New Tax Return Amount Due", false): All options with label 'New Tax Return Amount Due' are selected in object 'Object Repository/RAD_Pages/Landing_Page/dd_TaxType' 

2024-11-12 18:35:44 - [MESSAGE][PASSED] - All options with label 'New Tax Return Amount Due' are selected in object 'Object Repository/RAD_Pages/Landing_Page/dd_TaxType' 

2024-11-12 18:35:44 - [TEST_STEP][PASSED] - selectOptionByLabel(findTestObject("Object Repository/RAD_Pages/Landing_Page/select_NewTaxReturnAmountDue_TaxType"), TaxType, false): All options with label 'Transportation Network Services' are selected in object 'Object Repository/RAD_Pages/Landing_Page/select_NewTaxReturnAmountDue_TaxType' 

2024-11-12 18:35:44 - [MESSAGE][PASSED] - All options with label 'Transportation Network Services' are selected in object 'Object Repository/RAD_Pages/Landing_Page/select_NewTaxReturnAmountDue_TaxType' 

2024-11-12 18:35:44 - [TEST_STEP][PASSED] - selectOptionByLabel(findTestObject(orPath_TaxTypeFilingYear + "/select_FilingYear"), FilingYear, false): All options with label '2022' are selected in object 'Object Repository/RAD_Pages/TaxTypeFilingYear_Page/select_FilingYear' 

2024-11-12 18:35:45 - [MESSAGE][PASSED] - All options with label '2022' are selected in object 'Object Repository/RAD_Pages/TaxTypeFilingYear_Page/select_FilingYear' 

2024-11-12 18:35:45 - [TEST_STEP][PASSED] - setText(findTestObject(orPath_TaxPayer + "/input_businessName"), " "): Text ' ' is set on object 'Object Repository/RAD_Pages/Taxpayer_Page/input_businessName'

2024-11-12 18:35:46 - [MESSAGE][PASSED] - Text ' ' is set on object 'Object Repository/RAD_Pages/Taxpayer_Page/input_businessName'

2024-11-12 18:35:46 - [TEST_STEP][PASSED] - setText(findTestObject(orPath_TaxPayer + "/input_BusinessRepfirstName"), " "): Text ' ' is set on object 'Object Repository/RAD_Pages/Taxpayer_Page/input_BusinessRepfirstName'

2024-11-12 18:35:47 - [MESSAGE][PASSED] - Text ' ' is set on object 'Object Repository/RAD_Pages/Taxpayer_Page/input_BusinessRepfirstName'

2024-11-12 18:35:47 - [TEST_STEP][PASSED] - setText(findTestObject(orPath_TaxPayer + "/input_BusinessReplastName"), " "): Text ' ' is set on object 'Object Repository/RAD_Pages/Taxpayer_Page/input_BusinessReplastName'

2024-11-12 18:35:47 - [MESSAGE][PASSED] - Text ' ' is set on object 'Object Repository/RAD_Pages/Taxpayer_Page/input_BusinessReplastName'

2024-11-12 18:35:47 - [TEST_STEP][PASSED] - setText(findTestObject(orPath_AddressContact + "/input_streetAddress1"), " "): Text ' ' is set on object 'Object Repository/RAD_Pages/AddressAndContactInfo_Page/input_streetAddress1'

2024-11-12 18:35:48 - [MESSAGE][PASSED] - Text ' ' is set on object 'Object Repository/RAD_Pages/AddressAndContactInfo_Page/input_streetAddress1'

2024-11-12 18:35:48 - [TEST_STEP][PASSED] - setText(findTestObject(orPath_AddressContact + "/input_city"), " "): Text ' ' is set on object 'Object Repository/RAD_Pages/AddressAndContactInfo_Page/input_city'

2024-11-12 18:35:49 - [MESSAGE][PASSED] - Text ' ' is set on object 'Object Repository/RAD_Pages/AddressAndContactInfo_Page/input_city'

2024-11-12 18:35:49 - [TEST_STEP][PASSED] - setText(findTestObject(orPath_AddressContact + "/input_zipCode"), " "): Text ' ' is set on object 'Object Repository/RAD_Pages/AddressAndContactInfo_Page/input_zipCode'

2024-11-12 18:35:50 - [MESSAGE][PASSED] - Text ' ' is set on object 'Object Repository/RAD_Pages/AddressAndContactInfo_Page/input_zipCode'

2024-11-12 18:35:50 - [TEST_STEP][PASSED] - setText(findTestObject(orPath_AddressContact + "/input_phoneNumber"), " "): Text ' ' is set on object 'Object Repository/RAD_Pages/AddressAndContactInfo_Page/input_phoneNumber'

2024-11-12 18:35:51 - [MESSAGE][PASSED] - Text ' ' is set on object 'Object Repository/RAD_Pages/AddressAndContactInfo_Page/input_phoneNumber'

2024-11-12 18:35:51 - [TEST_STEP][PASSED] - setText(findTestObject(orPath_AddressContact + "/input_eMailAddress"), " "): Text ' ' is set on object 'Object Repository/RAD_Pages/AddressAndContactInfo_Page/input_eMailAddress'

2024-11-12 18:35:52 - [MESSAGE][PASSED] - Text ' ' is set on object 'Object Repository/RAD_Pages/AddressAndContactInfo_Page/input_eMailAddress'

2024-11-12 18:35:52 - [TEST_STEP][PASSED] - setText(findTestObject(orPath_AddressContact + "/input_reEnterEMailAddress"), " "): Text ' ' is set on object 'Object Repository/RAD_Pages/AddressAndContactInfo_Page/input_reEnterEMailAddress'

2024-11-12 18:35:52 - [MESSAGE][PASSED] - Text ' ' is set on object 'Object Repository/RAD_Pages/AddressAndContactInfo_Page/input_reEnterEMailAddress'

2024-11-12 18:35:52 - [TEST_STEP][PASSED] - if (TaxType.equalsIgnoreCase("Estate Tax")): null

2024-11-12 18:35:52 - [TEST_STEP][PASSED] - setText(findTestObject(orPath_Amount + "/input__paymentAmount"), ""): Text '' is set on object 'Object Repository/RAD_Pages/PaymentAmount_Page/input__paymentAmount'

2024-11-12 18:35:53 - [MESSAGE][PASSED] - Text '' is set on object 'Object Repository/RAD_Pages/PaymentAmount_Page/input__paymentAmount'

2024-11-12 18:35:53 - [TEST_STEP][PASSED] - resText = "Fail": null

2024-11-12 18:35:53 - [TEST_STEP][PASSED] - pages.WriteExcel.demoKey(resText, datText, resColumn, datCloumn, fileLoc, nameSheet, row): pages.WriteExcel.demoKey is PASSED

2024-11-12 18:35:53 - [MESSAGE][PASSED] - pages.WriteExcel.demoKey is PASSED

2024-11-12 18:35:53 - [TEST_STEP][PASSED] - verifyTextPresent("Enter business name", true, CONTINUE_ON_FAILURE): Text 'Enter business name' is present on page  using regular expression

2024-11-12 18:35:54 - [MESSAGE][PASSED] - Text 'Enter business name' is present on page  using regular expression

2024-11-12 18:35:54 - [TEST_STEP][PASSED] - verifyTextPresent("Enter business rep first name", true, CONTINUE_ON_FAILURE): Text 'Enter business rep first name' is present on page  using regular expression

2024-11-12 18:35:54 - [MESSAGE][PASSED] - Text 'Enter business rep first name' is present on page  using regular expression

2024-11-12 18:35:54 - [TEST_STEP][PASSED] - verifyTextPresent("Enter business rep last name", true, CONTINUE_ON_FAILURE): Text 'Enter business rep last name' is present on page  using regular expression

2024-11-12 18:35:55 - [MESSAGE][PASSED] - Text 'Enter business rep last name' is present on page  using regular expression

2024-11-12 18:35:55 - [TEST_STEP][PASSED] - verifyTextPresent("Enter address", true, CONTINUE_ON_FAILURE): Text 'Enter address' is present on page  using regular expression

2024-11-12 18:35:55 - [MESSAGE][PASSED] - Text 'Enter address' is present on page  using regular expression

2024-11-12 18:35:55 - [TEST_STEP][PASSED] - verifyTextPresent("Enter city", true, CONTINUE_ON_FAILURE): Text 'Enter city' is present on page  using regular expression

2024-11-12 18:35:55 - [MESSAGE][PASSED] - Text 'Enter city' is present on page  using regular expression

2024-11-12 18:35:55 - [TEST_STEP][PASSED] - verifyTextPresent("Enter ZIP code", true, CONTINUE_ON_FAILURE): Text 'Enter ZIP code' is present on page  using regular expression

2024-11-12 18:35:56 - [MESSAGE][PASSED] - Text 'Enter ZIP code' is present on page  using regular expression

2024-11-12 18:35:56 - [TEST_STEP][PASSED] - verifyTextPresent("Enter a valid phone number", true, CONTINUE_ON_FAILURE): Text 'Enter a valid phone number' is present on page  using regular expression

2024-11-12 18:35:56 - [MESSAGE][PASSED] - Text 'Enter a valid phone number' is present on page  using regular expression

2024-11-12 18:35:56 - [TEST_STEP][PASSED] - verifyTextPresent("Enter Email", true, CONTINUE_ON_FAILURE): Text 'Enter Email' is present on page  using regular expression

2024-11-12 18:35:56 - [MESSAGE][PASSED] - Text 'Enter Email' is present on page  using regular expression

2024-11-12 18:35:56 - [TEST_STEP][PASSED] - if (CRN.equalsIgnoreCase("Y")): Text 'Enter valid MD Central Registration Number' is present on page  using regular expression

2024-11-12 18:35:56 - [TEST_STEP][PASSED] - setText(findTestObject(orPath_TaxInfo + "/input_MDCRegistration"), " "): Text ' ' is set on object 'Object Repository/RAD_Pages/TaxInfo_Page/input_MDCRegistration'

2024-11-12 18:35:57 - [MESSAGE][PASSED] - Text ' ' is set on object 'Object Repository/RAD_Pages/TaxInfo_Page/input_MDCRegistration'

2024-11-12 18:35:57 - [TEST_STEP][PASSED] - setText(findTestObject(orPath_Amount + "/input__paymentAmount"), ""): Text '' is set on object 'Object Repository/RAD_Pages/PaymentAmount_Page/input__paymentAmount'

2024-11-12 18:35:58 - [MESSAGE][PASSED] - Text '' is set on object 'Object Repository/RAD_Pages/PaymentAmount_Page/input__paymentAmount'

2024-11-12 18:35:58 - [TEST_STEP][PASSED] - verifyTextPresent("Enter valid MD Central Registration Number", true, CONTINUE_ON_FAILURE): Text 'Enter valid MD Central Registration Number' is present on page  using regular expression

2024-11-12 18:35:58 - [MESSAGE][PASSED] - Text 'Enter valid MD Central Registration Number' is present on page  using regular expression

2024-11-12 18:35:58 - [TEST_STEP][PASSED] - if (MFLicNum.equalsIgnoreCase("Y")): null

2024-11-12 18:35:58 - [TEST_STEP][PASSED] - resText = "Pass": null

2024-11-12 18:35:58 - [TEST_STEP][PASSED] - pages.WriteExcel.demoKey(resText, datText, resColumn, datCloumn, fileLoc, nameSheet, row): pages.WriteExcel.demoKey is PASSED

2024-11-12 18:35:58 - [MESSAGE][PASSED] - pages.WriteExcel.demoKey is PASSED

2024-11-12 18:35:58 - [TEST_STEP][PASSED] - ExecuteTC = findTestData(dataFile).getValue("Execute", row): null

2024-11-12 18:35:58 - [TEST_STEP][PASSED] - TaxType = findTestData(dataFile).getValue("TaxType", row): null

2024-11-12 18:35:58 - [TEST_STEP][PASSED] - PaymentType = findTestData(dataFile).getValue("PaymentType", row): null

2024-11-12 18:35:58 - [TEST_STEP][PASSED] - FilingYear = findTestData(dataFile).getValue("Year", row): null

2024-11-12 18:35:58 - [TEST_STEP][PASSED] - feinSSN = findTestData(dataFile).getValue("FeinSsn", row): null

2024-11-12 18:35:58 - [TEST_STEP][PASSED] - CRN = findTestData(dataFile).getValue("CRN", row): null

2024-11-12 18:35:58 - [TEST_STEP][PASSED] - MFLicNum = findTestData(dataFile).getValue("MFLicNum", row): null

2024-11-12 18:35:58 - [TEST_STEP][PASSED] - if (ExecuteTC.equalsIgnoreCase("Y")): pages.WriteExcel.demoKey is PASSED

2024-11-12 18:35:58 - [TEST_STEP][PASSED] - out.println("Begin Record Number: " + row): null

2024-11-12 18:35:58 - [TEST_STEP][PASSED] - today = new java.util.Date(): null

2024-11-12 18:35:58 - [TEST_STEP][PASSED] - println(today): null

2024-11-12 18:35:58 - [TEST_STEP][PASSED] - datText = today: null

2024-11-12 18:35:58 - [TEST_STEP][PASSED] - logInfo("Payment Type: New Tax Return Amount Due"): Payment Type: New Tax Return Amount Due

2024-11-12 18:35:58 - [MESSAGE][INFO] - Payment Type: New Tax Return Amount Due

2024-11-12 18:35:58 - [TEST_STEP][PASSED] - logInfo("Tax Type: " + TaxType): Tax Type: Unclaimed Property

2024-11-12 18:35:58 - [MESSAGE][INFO] - Tax Type: Unclaimed Property

2024-11-12 18:35:58 - [TEST_STEP][PASSED] - openBrowser(""): Browser is opened with url: ''

2024-11-12 18:35:58 - [MESSAGE][WARNING] - A browser is already opened. Closing browser and opening a new one

2024-11-12 18:36:00 - [MESSAGE][INFO] - Starting 'Chrome' driver

2024-11-12 18:36:00 - [MESSAGE][INFO] - User set preference: ['acceptInsecureCerts', 'true']

2024-11-12 18:36:00 - [MESSAGE][INFO] - Action delay is set to 0 milliseconds

2024-11-12 18:36:01 - [MESSAGE][PASSED] - Browser is opened with url: ''

2024-11-12 18:36:01 - [TEST_STEP][PASSED] - maximizeWindow(): Current window maximized

2024-11-12 18:36:01 - [MESSAGE][PASSED] - Current window maximized

2024-11-12 18:36:01 - [TEST_STEP][PASSED] - navigateToUrl(RADurl): Navigate to 'https://www.velocitypayment.com/client/rad/index.html' successfully

2024-11-12 18:36:04 - [MESSAGE][PASSED] - Navigate to 'https://www.velocitypayment.com/client/rad/index.html' successfully

2024-11-12 18:36:04 - [TEST_STEP][PASSED] - selectOptionByLabel(findTestObject(orPath_Landing + "/dd_TaxType"), "New Tax Return Amount Due", false): All options with label 'New Tax Return Amount Due' are selected in object 'Object Repository/RAD_Pages/Landing_Page/dd_TaxType' 

2024-11-12 18:36:05 - [MESSAGE][PASSED] - All options with label 'New Tax Return Amount Due' are selected in object 'Object Repository/RAD_Pages/Landing_Page/dd_TaxType' 

2024-11-12 18:36:05 - [TEST_STEP][PASSED] - selectOptionByLabel(findTestObject("Object Repository/RAD_Pages/Landing_Page/select_NewTaxReturnAmountDue_TaxType"), TaxType, false): All options with label 'Unclaimed Property' are selected in object 'Object Repository/RAD_Pages/Landing_Page/select_NewTaxReturnAmountDue_TaxType' 

2024-11-12 18:36:05 - [MESSAGE][PASSED] - All options with label 'Unclaimed Property' are selected in object 'Object Repository/RAD_Pages/Landing_Page/select_NewTaxReturnAmountDue_TaxType' 

2024-11-12 18:36:05 - [TEST_STEP][PASSED] - selectOptionByLabel(findTestObject(orPath_TaxTypeFilingYear + "/select_FilingYear"), FilingYear, false): All options with label '2022' are selected in object 'Object Repository/RAD_Pages/TaxTypeFilingYear_Page/select_FilingYear' 

2024-11-12 18:36:06 - [MESSAGE][PASSED] - All options with label '2022' are selected in object 'Object Repository/RAD_Pages/TaxTypeFilingYear_Page/select_FilingYear' 

2024-11-12 18:36:06 - [TEST_STEP][PASSED] - setText(findTestObject(orPath_TaxPayer + "/input_businessName"), " "): Text ' ' is set on object 'Object Repository/RAD_Pages/Taxpayer_Page/input_businessName'

2024-11-12 18:36:07 - [MESSAGE][PASSED] - Text ' ' is set on object 'Object Repository/RAD_Pages/Taxpayer_Page/input_businessName'

2024-11-12 18:36:07 - [TEST_STEP][PASSED] - setText(findTestObject(orPath_TaxPayer + "/input_BusinessRepfirstName"), " "): Text ' ' is set on object 'Object Repository/RAD_Pages/Taxpayer_Page/input_BusinessRepfirstName'

2024-11-12 18:36:07 - [MESSAGE][PASSED] - Text ' ' is set on object 'Object Repository/RAD_Pages/Taxpayer_Page/input_BusinessRepfirstName'

2024-11-12 18:36:07 - [TEST_STEP][PASSED] - setText(findTestObject(orPath_TaxPayer + "/input_BusinessReplastName"), " "): Text ' ' is set on object 'Object Repository/RAD_Pages/Taxpayer_Page/input_BusinessReplastName'

2024-11-12 18:36:08 - [MESSAGE][PASSED] - Text ' ' is set on object 'Object Repository/RAD_Pages/Taxpayer_Page/input_BusinessReplastName'

2024-11-12 18:36:08 - [TEST_STEP][PASSED] - setText(findTestObject(orPath_AddressContact + "/input_streetAddress1"), " "): Text ' ' is set on object 'Object Repository/RAD_Pages/AddressAndContactInfo_Page/input_streetAddress1'

2024-11-12 18:36:09 - [MESSAGE][PASSED] - Text ' ' is set on object 'Object Repository/RAD_Pages/AddressAndContactInfo_Page/input_streetAddress1'

2024-11-12 18:36:09 - [TEST_STEP][PASSED] - setText(findTestObject(orPath_AddressContact + "/input_city"), " "): Text ' ' is set on object 'Object Repository/RAD_Pages/AddressAndContactInfo_Page/input_city'

2024-11-12 18:36:10 - [MESSAGE][PASSED] - Text ' ' is set on object 'Object Repository/RAD_Pages/AddressAndContactInfo_Page/input_city'

2024-11-12 18:36:10 - [TEST_STEP][PASSED] - setText(findTestObject(orPath_AddressContact + "/input_zipCode"), " "): Text ' ' is set on object 'Object Repository/RAD_Pages/AddressAndContactInfo_Page/input_zipCode'

2024-11-12 18:36:10 - [MESSAGE][PASSED] - Text ' ' is set on object 'Object Repository/RAD_Pages/AddressAndContactInfo_Page/input_zipCode'

2024-11-12 18:36:10 - [TEST_STEP][PASSED] - setText(findTestObject(orPath_AddressContact + "/input_phoneNumber"), " "): Text ' ' is set on object 'Object Repository/RAD_Pages/AddressAndContactInfo_Page/input_phoneNumber'

2024-11-12 18:36:11 - [MESSAGE][PASSED] - Text ' ' is set on object 'Object Repository/RAD_Pages/AddressAndContactInfo_Page/input_phoneNumber'

2024-11-12 18:36:11 - [TEST_STEP][PASSED] - setText(findTestObject(orPath_AddressContact + "/input_eMailAddress"), " "): Text ' ' is set on object 'Object Repository/RAD_Pages/AddressAndContactInfo_Page/input_eMailAddress'

2024-11-12 18:36:12 - [MESSAGE][PASSED] - Text ' ' is set on object 'Object Repository/RAD_Pages/AddressAndContactInfo_Page/input_eMailAddress'

2024-11-12 18:36:12 - [TEST_STEP][PASSED] - setText(findTestObject(orPath_AddressContact + "/input_reEnterEMailAddress"), " "): Text ' ' is set on object 'Object Repository/RAD_Pages/AddressAndContactInfo_Page/input_reEnterEMailAddress'

2024-11-12 18:36:13 - [MESSAGE][PASSED] - Text ' ' is set on object 'Object Repository/RAD_Pages/AddressAndContactInfo_Page/input_reEnterEMailAddress'

2024-11-12 18:36:13 - [TEST_STEP][PASSED] - if (TaxType.equalsIgnoreCase("Estate Tax")): null

2024-11-12 18:36:13 - [TEST_STEP][PASSED] - setText(findTestObject(orPath_Amount + "/input__paymentAmount"), ""): Text '' is set on object 'Object Repository/RAD_Pages/PaymentAmount_Page/input__paymentAmount'

2024-11-12 18:36:14 - [MESSAGE][PASSED] - Text '' is set on object 'Object Repository/RAD_Pages/PaymentAmount_Page/input__paymentAmount'

2024-11-12 18:36:14 - [TEST_STEP][PASSED] - resText = "Fail": null

2024-11-12 18:36:14 - [TEST_STEP][PASSED] - pages.WriteExcel.demoKey(resText, datText, resColumn, datCloumn, fileLoc, nameSheet, row): pages.WriteExcel.demoKey is PASSED

2024-11-12 18:36:14 - [MESSAGE][PASSED] - pages.WriteExcel.demoKey is PASSED

2024-11-12 18:36:14 - [TEST_STEP][PASSED] - verifyTextPresent("Enter business name", true, CONTINUE_ON_FAILURE): Text 'Enter business name' is present on page  using regular expression

2024-11-12 18:36:15 - [MESSAGE][PASSED] - Text 'Enter business name' is present on page  using regular expression

2024-11-12 18:36:15 - [TEST_STEP][PASSED] - verifyTextPresent("Enter business rep first name", true, CONTINUE_ON_FAILURE): Text 'Enter business rep first name' is present on page  using regular expression

2024-11-12 18:36:15 - [MESSAGE][PASSED] - Text 'Enter business rep first name' is present on page  using regular expression

2024-11-12 18:36:15 - [TEST_STEP][PASSED] - verifyTextPresent("Enter business rep last name", true, CONTINUE_ON_FAILURE): Text 'Enter business rep last name' is present on page  using regular expression

2024-11-12 18:36:15 - [MESSAGE][PASSED] - Text 'Enter business rep last name' is present on page  using regular expression

2024-11-12 18:36:15 - [TEST_STEP][PASSED] - verifyTextPresent("Enter address", true, CONTINUE_ON_FAILURE): Text 'Enter address' is present on page  using regular expression

2024-11-12 18:36:16 - [MESSAGE][PASSED] - Text 'Enter address' is present on page  using regular expression

2024-11-12 18:36:16 - [TEST_STEP][PASSED] - verifyTextPresent("Enter city", true, CONTINUE_ON_FAILURE): Text 'Enter city' is present on page  using regular expression

2024-11-12 18:36:16 - [MESSAGE][PASSED] - Text 'Enter city' is present on page  using regular expression

2024-11-12 18:36:16 - [TEST_STEP][PASSED] - verifyTextPresent("Enter ZIP code", true, CONTINUE_ON_FAILURE): Text 'Enter ZIP code' is present on page  using regular expression

2024-11-12 18:36:16 - [MESSAGE][PASSED] - Text 'Enter ZIP code' is present on page  using regular expression

2024-11-12 18:36:16 - [TEST_STEP][PASSED] - verifyTextPresent("Enter a valid phone number", true, CONTINUE_ON_FAILURE): Text 'Enter a valid phone number' is present on page  using regular expression

2024-11-12 18:36:17 - [MESSAGE][PASSED] - Text 'Enter a valid phone number' is present on page  using regular expression

2024-11-12 18:36:17 - [TEST_STEP][PASSED] - verifyTextPresent("Enter Email", true, CONTINUE_ON_FAILURE): Text 'Enter Email' is present on page  using regular expression

2024-11-12 18:36:17 - [MESSAGE][PASSED] - Text 'Enter Email' is present on page  using regular expression

2024-11-12 18:36:17 - [TEST_STEP][PASSED] - if (CRN.equalsIgnoreCase("Y")): null

2024-11-12 18:36:17 - [TEST_STEP][PASSED] - if (MFLicNum.equalsIgnoreCase("Y")): null

2024-11-12 18:36:17 - [TEST_STEP][PASSED] - resText = "Pass": null

2024-11-12 18:36:17 - [TEST_STEP][PASSED] - pages.WriteExcel.demoKey(resText, datText, resColumn, datCloumn, fileLoc, nameSheet, row): pages.WriteExcel.demoKey is PASSED

2024-11-12 18:36:17 - [MESSAGE][PASSED] - pages.WriteExcel.demoKey is PASSED

2024-11-12 18:36:17 - [TEST_STEP][PASSED] - ExecuteTC = findTestData(dataFile).getValue("Execute", row): null

2024-11-12 18:36:17 - [TEST_STEP][PASSED] - TaxType = findTestData(dataFile).getValue("TaxType", row): null

2024-11-12 18:36:17 - [TEST_STEP][PASSED] - PaymentType = findTestData(dataFile).getValue("PaymentType", row): null

2024-11-12 18:36:17 - [TEST_STEP][PASSED] - FilingYear = findTestData(dataFile).getValue("Year", row): null

2024-11-12 18:36:17 - [TEST_STEP][PASSED] - feinSSN = findTestData(dataFile).getValue("FeinSsn", row): null

2024-11-12 18:36:17 - [TEST_STEP][PASSED] - CRN = findTestData(dataFile).getValue("CRN", row): null

2024-11-12 18:36:18 - [TEST_STEP][PASSED] - MFLicNum = findTestData(dataFile).getValue("MFLicNum", row): null

2024-11-12 18:36:18 - [TEST_STEP][PASSED] - if (ExecuteTC.equalsIgnoreCase("Y")): pages.WriteExcel.demoKey is PASSED

2024-11-12 18:36:18 - [TEST_STEP][PASSED] - out.println("Begin Record Number: " + row): null

2024-11-12 18:36:18 - [TEST_STEP][PASSED] - today = new java.util.Date(): null

2024-11-12 18:36:18 - [TEST_STEP][PASSED] - println(today): null

2024-11-12 18:36:18 - [TEST_STEP][PASSED] - datText = today: null

2024-11-12 18:36:18 - [TEST_STEP][PASSED] - logInfo("Payment Type: New Tax Return Amount Due"): Payment Type: New Tax Return Amount Due

2024-11-12 18:36:18 - [MESSAGE][INFO] - Payment Type: New Tax Return Amount Due

2024-11-12 18:36:18 - [TEST_STEP][PASSED] - logInfo("Tax Type: " + TaxType): Tax Type: Withholding Tax

2024-11-12 18:36:18 - [MESSAGE][INFO] - Tax Type: Withholding Tax

2024-11-12 18:36:18 - [TEST_STEP][PASSED] - openBrowser(""): Browser is opened with url: ''

2024-11-12 18:36:18 - [MESSAGE][WARNING] - A browser is already opened. Closing browser and opening a new one

2024-11-12 18:36:19 - [MESSAGE][INFO] - Starting 'Chrome' driver

2024-11-12 18:36:19 - [MESSAGE][INFO] - User set preference: ['acceptInsecureCerts', 'true']

2024-11-12 18:36:19 - [MESSAGE][INFO] - Action delay is set to 0 milliseconds

2024-11-12 18:36:21 - [MESSAGE][PASSED] - Browser is opened with url: ''

2024-11-12 18:36:21 - [TEST_STEP][PASSED] - maximizeWindow(): Current window maximized

2024-11-12 18:36:21 - [MESSAGE][PASSED] - Current window maximized

2024-11-12 18:36:21 - [TEST_STEP][PASSED] - navigateToUrl(RADurl): Navigate to 'https://www.velocitypayment.com/client/rad/index.html' successfully

2024-11-12 18:36:24 - [MESSAGE][PASSED] - Navigate to 'https://www.velocitypayment.com/client/rad/index.html' successfully

2024-11-12 18:36:24 - [TEST_STEP][PASSED] - selectOptionByLabel(findTestObject(orPath_Landing + "/dd_TaxType"), "New Tax Return Amount Due", false): All options with label 'New Tax Return Amount Due' are selected in object 'Object Repository/RAD_Pages/Landing_Page/dd_TaxType' 

2024-11-12 18:36:25 - [MESSAGE][PASSED] - All options with label 'New Tax Return Amount Due' are selected in object 'Object Repository/RAD_Pages/Landing_Page/dd_TaxType' 

2024-11-12 18:36:25 - [TEST_STEP][PASSED] - selectOptionByLabel(findTestObject("Object Repository/RAD_Pages/Landing_Page/select_NewTaxReturnAmountDue_TaxType"), TaxType, false): All options with label 'Withholding Tax' are selected in object 'Object Repository/RAD_Pages/Landing_Page/select_NewTaxReturnAmountDue_TaxType' 

2024-11-12 18:36:26 - [MESSAGE][PASSED] - All options with label 'Withholding Tax' are selected in object 'Object Repository/RAD_Pages/Landing_Page/select_NewTaxReturnAmountDue_TaxType' 

2024-11-12 18:36:26 - [TEST_STEP][PASSED] - selectOptionByLabel(findTestObject(orPath_TaxTypeFilingYear + "/select_FilingYear"), FilingYear, false): All options with label '2022' are selected in object 'Object Repository/RAD_Pages/TaxTypeFilingYear_Page/select_FilingYear' 

2024-11-12 18:36:26 - [MESSAGE][PASSED] - All options with label '2022' are selected in object 'Object Repository/RAD_Pages/TaxTypeFilingYear_Page/select_FilingYear' 

2024-11-12 18:36:26 - [TEST_STEP][PASSED] - setText(findTestObject(orPath_TaxPayer + "/input_businessName"), " "): Text ' ' is set on object 'Object Repository/RAD_Pages/Taxpayer_Page/input_businessName'

2024-11-12 18:36:27 - [MESSAGE][PASSED] - Text ' ' is set on object 'Object Repository/RAD_Pages/Taxpayer_Page/input_businessName'

2024-11-12 18:36:27 - [TEST_STEP][PASSED] - setText(findTestObject(orPath_TaxPayer + "/input_BusinessRepfirstName"), " "): Text ' ' is set on object 'Object Repository/RAD_Pages/Taxpayer_Page/input_BusinessRepfirstName'

2024-11-12 18:36:28 - [MESSAGE][PASSED] - Text ' ' is set on object 'Object Repository/RAD_Pages/Taxpayer_Page/input_BusinessRepfirstName'

2024-11-12 18:36:28 - [TEST_STEP][PASSED] - setText(findTestObject(orPath_TaxPayer + "/input_BusinessReplastName"), " "): Text ' ' is set on object 'Object Repository/RAD_Pages/Taxpayer_Page/input_BusinessReplastName'

2024-11-12 18:36:28 - [MESSAGE][PASSED] - Text ' ' is set on object 'Object Repository/RAD_Pages/Taxpayer_Page/input_BusinessReplastName'

2024-11-12 18:36:28 - [TEST_STEP][PASSED] - setText(findTestObject(orPath_AddressContact + "/input_streetAddress1"), " "): Text ' ' is set on object 'Object Repository/RAD_Pages/AddressAndContactInfo_Page/input_streetAddress1'

2024-11-12 18:36:29 - [MESSAGE][PASSED] - Text ' ' is set on object 'Object Repository/RAD_Pages/AddressAndContactInfo_Page/input_streetAddress1'

2024-11-12 18:36:29 - [TEST_STEP][PASSED] - setText(findTestObject(orPath_AddressContact + "/input_city"), " "): Text ' ' is set on object 'Object Repository/RAD_Pages/AddressAndContactInfo_Page/input_city'

2024-11-12 18:36:30 - [MESSAGE][PASSED] - Text ' ' is set on object 'Object Repository/RAD_Pages/AddressAndContactInfo_Page/input_city'

2024-11-12 18:36:30 - [TEST_STEP][PASSED] - setText(findTestObject(orPath_AddressContact + "/input_zipCode"), " "): Text ' ' is set on object 'Object Repository/RAD_Pages/AddressAndContactInfo_Page/input_zipCode'

2024-11-12 18:36:31 - [MESSAGE][PASSED] - Text ' ' is set on object 'Object Repository/RAD_Pages/AddressAndContactInfo_Page/input_zipCode'

2024-11-12 18:36:31 - [TEST_STEP][PASSED] - setText(findTestObject(orPath_AddressContact + "/input_phoneNumber"), " "): Text ' ' is set on object 'Object Repository/RAD_Pages/AddressAndContactInfo_Page/input_phoneNumber'

2024-11-12 18:36:32 - [MESSAGE][PASSED] - Text ' ' is set on object 'Object Repository/RAD_Pages/AddressAndContactInfo_Page/input_phoneNumber'

2024-11-12 18:36:32 - [TEST_STEP][PASSED] - setText(findTestObject(orPath_AddressContact + "/input_eMailAddress"), " "): Text ' ' is set on object 'Object Repository/RAD_Pages/AddressAndContactInfo_Page/input_eMailAddress'

2024-11-12 18:36:33 - [MESSAGE][PASSED] - Text ' ' is set on object 'Object Repository/RAD_Pages/AddressAndContactInfo_Page/input_eMailAddress'

2024-11-12 18:36:33 - [TEST_STEP][PASSED] - setText(findTestObject(orPath_AddressContact + "/input_reEnterEMailAddress"), " "): Text ' ' is set on object 'Object Repository/RAD_Pages/AddressAndContactInfo_Page/input_reEnterEMailAddress'

2024-11-12 18:36:33 - [MESSAGE][PASSED] - Text ' ' is set on object 'Object Repository/RAD_Pages/AddressAndContactInfo_Page/input_reEnterEMailAddress'

2024-11-12 18:36:33 - [TEST_STEP][PASSED] - if (TaxType.equalsIgnoreCase("Estate Tax")): null

2024-11-12 18:36:33 - [TEST_STEP][PASSED] - setText(findTestObject(orPath_Amount + "/input__paymentAmount"), ""): Text '' is set on object 'Object Repository/RAD_Pages/PaymentAmount_Page/input__paymentAmount'

2024-11-12 18:36:34 - [MESSAGE][PASSED] - Text '' is set on object 'Object Repository/RAD_Pages/PaymentAmount_Page/input__paymentAmount'

2024-11-12 18:36:34 - [TEST_STEP][PASSED] - resText = "Fail": null

2024-11-12 18:36:34 - [TEST_STEP][PASSED] - pages.WriteExcel.demoKey(resText, datText, resColumn, datCloumn, fileLoc, nameSheet, row): pages.WriteExcel.demoKey is PASSED

2024-11-12 18:36:35 - [MESSAGE][PASSED] - pages.WriteExcel.demoKey is PASSED

2024-11-12 18:36:35 - [TEST_STEP][PASSED] - verifyTextPresent("Enter business name", true, CONTINUE_ON_FAILURE): Text 'Enter business name' is present on page  using regular expression

2024-11-12 18:36:35 - [MESSAGE][PASSED] - Text 'Enter business name' is present on page  using regular expression

2024-11-12 18:36:35 - [TEST_STEP][PASSED] - verifyTextPresent("Enter business rep first name", true, CONTINUE_ON_FAILURE): Text 'Enter business rep first name' is present on page  using regular expression

2024-11-12 18:36:35 - [MESSAGE][PASSED] - Text 'Enter business rep first name' is present on page  using regular expression

2024-11-12 18:36:35 - [TEST_STEP][PASSED] - verifyTextPresent("Enter business rep last name", true, CONTINUE_ON_FAILURE): Text 'Enter business rep last name' is present on page  using regular expression

2024-11-12 18:36:36 - [MESSAGE][PASSED] - Text 'Enter business rep last name' is present on page  using regular expression

2024-11-12 18:36:36 - [TEST_STEP][PASSED] - verifyTextPresent("Enter address", true, CONTINUE_ON_FAILURE): Text 'Enter address' is present on page  using regular expression

2024-11-12 18:36:36 - [MESSAGE][PASSED] - Text 'Enter address' is present on page  using regular expression

2024-11-12 18:36:36 - [TEST_STEP][PASSED] - verifyTextPresent("Enter city", true, CONTINUE_ON_FAILURE): Text 'Enter city' is present on page  using regular expression

2024-11-12 18:36:37 - [MESSAGE][PASSED] - Text 'Enter city' is present on page  using regular expression

2024-11-12 18:36:37 - [TEST_STEP][PASSED] - verifyTextPresent("Enter ZIP code", true, CONTINUE_ON_FAILURE): Text 'Enter ZIP code' is present on page  using regular expression

2024-11-12 18:36:37 - [MESSAGE][PASSED] - Text 'Enter ZIP code' is present on page  using regular expression

2024-11-12 18:36:37 - [TEST_STEP][PASSED] - verifyTextPresent("Enter a valid phone number", true, CONTINUE_ON_FAILURE): Text 'Enter a valid phone number' is present on page  using regular expression

2024-11-12 18:36:37 - [MESSAGE][PASSED] - Text 'Enter a valid phone number' is present on page  using regular expression

2024-11-12 18:36:37 - [TEST_STEP][PASSED] - verifyTextPresent("Enter Email", true, CONTINUE_ON_FAILURE): Text 'Enter Email' is present on page  using regular expression

2024-11-12 18:36:38 - [MESSAGE][PASSED] - Text 'Enter Email' is present on page  using regular expression

2024-11-12 18:36:38 - [TEST_STEP][PASSED] - if (CRN.equalsIgnoreCase("Y")): Text 'Enter valid MD Central Registration Number' is present on page  using regular expression

2024-11-12 18:36:38 - [TEST_STEP][PASSED] - setText(findTestObject(orPath_TaxInfo + "/input_MDCRegistration"), " "): Text ' ' is set on object 'Object Repository/RAD_Pages/TaxInfo_Page/input_MDCRegistration'

2024-11-12 18:36:39 - [MESSAGE][PASSED] - Text ' ' is set on object 'Object Repository/RAD_Pages/TaxInfo_Page/input_MDCRegistration'

2024-11-12 18:36:39 - [TEST_STEP][PASSED] - setText(findTestObject(orPath_Amount + "/input__paymentAmount"), ""): Text '' is set on object 'Object Repository/RAD_Pages/PaymentAmount_Page/input__paymentAmount'

2024-11-12 18:36:40 - [MESSAGE][PASSED] - Text '' is set on object 'Object Repository/RAD_Pages/PaymentAmount_Page/input__paymentAmount'

2024-11-12 18:36:40 - [TEST_STEP][PASSED] - verifyTextPresent("Enter valid MD Central Registration Number", true, CONTINUE_ON_FAILURE): Text 'Enter valid MD Central Registration Number' is present on page  using regular expression

2024-11-12 18:36:40 - [MESSAGE][PASSED] - Text 'Enter valid MD Central Registration Number' is present on page  using regular expression

2024-11-12 18:36:40 - [TEST_STEP][PASSED] - if (MFLicNum.equalsIgnoreCase("Y")): null

2024-11-12 18:36:40 - [TEST_STEP][PASSED] - resText = "Pass": null

2024-11-12 18:36:40 - [TEST_STEP][PASSED] - pages.WriteExcel.demoKey(resText, datText, resColumn, datCloumn, fileLoc, nameSheet, row): pages.WriteExcel.demoKey is PASSED

2024-11-12 18:36:40 - [MESSAGE][PASSED] - pages.WriteExcel.demoKey is PASSED]]></system-out>
         <system-err><![CDATA[]]></system-err>
      </testcase>
      <testcase name="Test Cases/RAD_TestCases/MRF_TestCases/Personal_EL_MRF_TC" time="20.357" classname="Test Cases/RAD_TestCases/MRF_TestCases/Personal_EL_MRF_TC" status="PASSED">
         <system-out><![CDATA[2024-11-12 18:36:40 - [TEST_CASE][PASSED] - Test Cases/RAD_TestCases/MRF_TestCases/Personal_EL_MRF_TC: Test Cases/RAD_TestCases/MRF_TestCases/Personal_EL_MRF_TC

2024-11-12 18:36:41 - [TEST_STEP][PASSED] - resText = "Fail": null

2024-11-12 18:36:41 - [TEST_STEP][PASSED] - resColumn = "Result": null

2024-11-12 18:36:41 - [TEST_STEP][PASSED] - datCloumn = "Date": null

2024-11-12 18:36:41 - [TEST_STEP][PASSED] - fileLoc = "KatalonData/RADTestData/MRF.xlsx": null

2024-11-12 18:36:41 - [TEST_STEP][PASSED] - nameSheet = "Personal_EL": null

2024-11-12 18:36:41 - [TEST_STEP][PASSED] - dataFile = "RADTestData/MRF_Personal_EL": null

2024-11-12 18:36:41 - [TEST_STEP][PASSED] - orPath_Landing = "Object Repository/RAD_Pages/Landing_Page": null

2024-11-12 18:36:41 - [TEST_STEP][PASSED] - orPath_TaxTypeFilingYear = "Object Repository/RAD_Pages/TaxTypeFilingYear_Page": null

2024-11-12 18:36:41 - [TEST_STEP][PASSED] - orPath_Amount = "Object Repository/RAD_Pages/PaymentAmount_Page": null

2024-11-12 18:36:41 - [TEST_STEP][PASSED] - orPath_AddressContact = "Object Repository/RAD_Pages/AddressAndContactInfo_Page": null

2024-11-12 18:36:41 - [TEST_STEP][PASSED] - orPath_Summary = "Object Repository/RAD_Pages/Summary_Page": null

2024-11-12 18:36:41 - [TEST_STEP][PASSED] - orPath_PaymentConfirmation = "Object Repository/RAD_Pages/PaymentConfirmation_Page": null

2024-11-12 18:36:41 - [TEST_STEP][PASSED] - orPath_ServiceFeesAccept = "Object Repository/RAD_Pages/ServiceFeeAccept_Page": null

2024-11-12 18:36:41 - [TEST_STEP][PASSED] - orPath_PaymentEntry = "Object Repository/RAD_Pages/PaymentEntry_Page": null

2024-11-12 18:36:41 - [TEST_STEP][PASSED] - orPath_TaxPayer = "Object Repository/RAD_Pages/Taxpayer_Page": null

2024-11-12 18:36:41 - [TEST_STEP][PASSED] - orPath_TaxInfo = "Object Repository/RAD_Pages/TaxInfo_Page": null

2024-11-12 18:36:41 - [TEST_STEP][PASSED] - ExecuteTC = <not implemented yet for class: org.codehaus.groovy.ast.expr.EmptyExpression>: null

2024-11-12 18:36:41 - [TEST_STEP][PASSED] - TaxType = <not implemented yet for class: org.codehaus.groovy.ast.expr.EmptyExpression>: null

2024-11-12 18:36:41 - [TEST_STEP][PASSED] - PaymentType = <not implemented yet for class: org.codehaus.groovy.ast.expr.EmptyExpression>: null

2024-11-12 18:36:41 - [TEST_STEP][PASSED] - FilingYear = <not implemented yet for class: org.codehaus.groovy.ast.expr.EmptyExpression>: null

2024-11-12 18:36:41 - [TEST_STEP][PASSED] - PeriodEndingMonth = <not implemented yet for class: org.codehaus.groovy.ast.expr.EmptyExpression>: null

2024-11-12 18:36:41 - [TEST_STEP][PASSED] - executionProfile = getExecutionProfile(): null

2024-11-12 18:36:41 - [TEST_STEP][PASSED] - numOfRows = findTestData(dataFile).getRowNumbers(): null

2024-11-12 18:36:41 - [TEST_STEP][PASSED] - println("Number of Records: " + numOfRows): null

2024-11-12 18:36:41 - [TEST_STEP][PASSED] - for ([row = 1, row <= numOfRows, (row++)]): null

2024-11-12 18:36:41 - [TEST_STEP][PASSED] - ExecuteTC = findTestData(dataFile).getValue("Execute", row): null

2024-11-12 18:36:41 - [TEST_STEP][PASSED] - TaxType = findTestData(dataFile).getValue("TaxType", row): null

2024-11-12 18:36:41 - [TEST_STEP][PASSED] - PaymentType = findTestData(dataFile).getValue("PaymentType", row): null

2024-11-12 18:36:41 - [TEST_STEP][PASSED] - if (ExecuteTC.equalsIgnoreCase("Y")): pages.WriteExcel.demoKey is PASSED

2024-11-12 18:36:41 - [TEST_STEP][PASSED] - out.println("Begin Record Number: " + row): null

2024-11-12 18:36:41 - [TEST_STEP][PASSED] - today = new java.util.Date(): null

2024-11-12 18:36:41 - [TEST_STEP][PASSED] - println(today): null

2024-11-12 18:36:41 - [TEST_STEP][PASSED] - datText = today: null

2024-11-12 18:36:41 - [TEST_STEP][PASSED] - logInfo("Payment Type: " + PaymentType): Payment Type: Existing Liability with Notice/Invoice Number

2024-11-12 18:36:41 - [MESSAGE][INFO] - Payment Type: Existing Liability with Notice/Invoice Number

2024-11-12 18:36:41 - [TEST_STEP][PASSED] - logInfo("Tax Type: " + TaxType): Tax Type: Personal Income Tax

2024-11-12 18:36:41 - [MESSAGE][INFO] - Tax Type: Personal Income Tax

2024-11-12 18:36:41 - [TEST_STEP][PASSED] - openBrowser(""): Browser is opened with url: ''

2024-11-12 18:36:41 - [MESSAGE][WARNING] - A browser is already opened. Closing browser and opening a new one

2024-11-12 18:36:42 - [MESSAGE][INFO] - Starting 'Chrome' driver

2024-11-12 18:36:42 - [MESSAGE][INFO] - User set preference: ['acceptInsecureCerts', 'true']

2024-11-12 18:36:42 - [MESSAGE][INFO] - Action delay is set to 0 milliseconds

2024-11-12 18:36:44 - [MESSAGE][PASSED] - Browser is opened with url: ''

2024-11-12 18:36:44 - [TEST_STEP][PASSED] - maximizeWindow(): Current window maximized

2024-11-12 18:36:44 - [MESSAGE][PASSED] - Current window maximized

2024-11-12 18:36:44 - [TEST_STEP][PASSED] - navigateToUrl(RADurl): Navigate to 'https://www.velocitypayment.com/client/rad/index.html' successfully

2024-11-12 18:36:46 - [MESSAGE][PASSED] - Navigate to 'https://www.velocitypayment.com/client/rad/index.html' successfully

2024-11-12 18:36:46 - [TEST_STEP][PASSED] - selectOptionByLabel(findTestObject(orPath_Landing + "/dd_TaxType"), PaymentType, false): All options with label 'Existing Liability with Notice/Invoice Number' are selected in object 'Object Repository/RAD_Pages/Landing_Page/dd_TaxType' 

2024-11-12 18:36:46 - [MESSAGE][PASSED] - All options with label 'Existing Liability with Notice/Invoice Number' are selected in object 'Object Repository/RAD_Pages/Landing_Page/dd_TaxType' 

2024-11-12 18:36:46 - [TEST_STEP][PASSED] - selectOptionByLabel(findTestObject(orPath_TaxTypeFilingYear + "/select_TaxType_ExistingLiability"), TaxType, false): All options with label 'Personal Income Tax' are selected in object 'Object Repository/RAD_Pages/TaxTypeFilingYear_Page/select_TaxType_ExistingLiability' 

2024-11-12 18:36:47 - [MESSAGE][PASSED] - All options with label 'Personal Income Tax' are selected in object 'Object Repository/RAD_Pages/TaxTypeFilingYear_Page/select_TaxType_ExistingLiability' 

2024-11-12 18:36:47 - [TEST_STEP][PASSED] - setText(findTestObject(orPath_TaxPayer + "/input_firstName"), " "): Text ' ' is set on object 'Object Repository/RAD_Pages/Taxpayer_Page/input_firstName'

2024-11-12 18:36:48 - [MESSAGE][PASSED] - Text ' ' is set on object 'Object Repository/RAD_Pages/Taxpayer_Page/input_firstName'

2024-11-12 18:36:48 - [TEST_STEP][PASSED] - setText(findTestObject(orPath_TaxPayer + "/input_lastName"), " "): Text ' ' is set on object 'Object Repository/RAD_Pages/Taxpayer_Page/input_lastName'

2024-11-12 18:36:49 - [MESSAGE][PASSED] - Text ' ' is set on object 'Object Repository/RAD_Pages/Taxpayer_Page/input_lastName'

2024-11-12 18:36:49 - [TEST_STEP][PASSED] - setText(findTestObject(orPath_AddressContact + "/input_streetAddress1"), " "): Text ' ' is set on object 'Object Repository/RAD_Pages/AddressAndContactInfo_Page/input_streetAddress1'

2024-11-12 18:36:49 - [MESSAGE][PASSED] - Text ' ' is set on object 'Object Repository/RAD_Pages/AddressAndContactInfo_Page/input_streetAddress1'

2024-11-12 18:36:49 - [TEST_STEP][PASSED] - setText(findTestObject(orPath_AddressContact + "/input_city"), " "): Text ' ' is set on object 'Object Repository/RAD_Pages/AddressAndContactInfo_Page/input_city'

2024-11-12 18:36:50 - [MESSAGE][PASSED] - Text ' ' is set on object 'Object Repository/RAD_Pages/AddressAndContactInfo_Page/input_city'

2024-11-12 18:36:50 - [TEST_STEP][PASSED] - setText(findTestObject(orPath_AddressContact + "/input_zipCode"), " "): Text ' ' is set on object 'Object Repository/RAD_Pages/AddressAndContactInfo_Page/input_zipCode'

2024-11-12 18:36:51 - [MESSAGE][PASSED] - Text ' ' is set on object 'Object Repository/RAD_Pages/AddressAndContactInfo_Page/input_zipCode'

2024-11-12 18:36:51 - [TEST_STEP][PASSED] - setText(findTestObject(orPath_AddressContact + "/input_phoneNumber"), " "): Text ' ' is set on object 'Object Repository/RAD_Pages/AddressAndContactInfo_Page/input_phoneNumber'

2024-11-12 18:36:52 - [MESSAGE][PASSED] - Text ' ' is set on object 'Object Repository/RAD_Pages/AddressAndContactInfo_Page/input_phoneNumber'

2024-11-12 18:36:52 - [TEST_STEP][PASSED] - setText(findTestObject(orPath_AddressContact + "/input_eMailAddress"), " "): Text ' ' is set on object 'Object Repository/RAD_Pages/AddressAndContactInfo_Page/input_eMailAddress'

2024-11-12 18:36:52 - [MESSAGE][PASSED] - Text ' ' is set on object 'Object Repository/RAD_Pages/AddressAndContactInfo_Page/input_eMailAddress'

2024-11-12 18:36:52 - [TEST_STEP][PASSED] - setText(findTestObject(orPath_AddressContact + "/input_reEnterEMailAddress"), " "): Text ' ' is set on object 'Object Repository/RAD_Pages/AddressAndContactInfo_Page/input_reEnterEMailAddress'

2024-11-12 18:36:53 - [MESSAGE][PASSED] - Text ' ' is set on object 'Object Repository/RAD_Pages/AddressAndContactInfo_Page/input_reEnterEMailAddress'

2024-11-12 18:36:53 - [TEST_STEP][PASSED] - if (TaxType.equalsIgnoreCase("Estate Tax")): null

2024-11-12 18:36:53 - [TEST_STEP][PASSED] - else: Text ' ' is set on object 'Object Repository/RAD_Pages/TaxInfo_Page/input_TaxInfo_reTaxTypeExisitingSSN'

2024-11-12 18:36:53 - [TEST_STEP][PASSED] - setText(findTestObject(orPath_TaxInfo + "/input_TaxInfo_ExisitingSSN"), " "): Text ' ' is set on object 'Object Repository/RAD_Pages/TaxInfo_Page/input_TaxInfo_ExisitingSSN'

2024-11-12 18:36:54 - [MESSAGE][PASSED] - Text ' ' is set on object 'Object Repository/RAD_Pages/TaxInfo_Page/input_TaxInfo_ExisitingSSN'

2024-11-12 18:36:54 - [TEST_STEP][PASSED] - setText(findTestObject(orPath_TaxInfo + "/input_TaxInfo_reTaxTypeExisitingSSN"), " "): Text ' ' is set on object 'Object Repository/RAD_Pages/TaxInfo_Page/input_TaxInfo_reTaxTypeExisitingSSN'

2024-11-12 18:36:55 - [MESSAGE][PASSED] - Text ' ' is set on object 'Object Repository/RAD_Pages/TaxInfo_Page/input_TaxInfo_reTaxTypeExisitingSSN'

2024-11-12 18:36:55 - [TEST_STEP][PASSED] - setText(findTestObject(orPath_TaxInfo + "/input_NoticeInvoiceNumber"), " "): Text ' ' is set on object 'Object Repository/RAD_Pages/TaxInfo_Page/input_NoticeInvoiceNumber'

2024-11-12 18:36:56 - [MESSAGE][PASSED] - Text ' ' is set on object 'Object Repository/RAD_Pages/TaxInfo_Page/input_NoticeInvoiceNumber'

2024-11-12 18:36:56 - [TEST_STEP][PASSED] - setText(findTestObject(orPath_TaxInfo + "/input_reTypeNoticeInvoiceNumber"), " "): Text ' ' is set on object 'Object Repository/RAD_Pages/TaxInfo_Page/input_reTypeNoticeInvoiceNumber'

2024-11-12 18:36:57 - [MESSAGE][PASSED] - Text ' ' is set on object 'Object Repository/RAD_Pages/TaxInfo_Page/input_reTypeNoticeInvoiceNumber'

2024-11-12 18:36:57 - [TEST_STEP][PASSED] - resText = "Fail": null

2024-11-12 18:36:57 - [TEST_STEP][PASSED] - pages.WriteExcel.demoKey(resText, datText, resColumn, datCloumn, fileLoc, nameSheet, row): pages.WriteExcel.demoKey is PASSED

2024-11-12 18:36:57 - [MESSAGE][PASSED] - pages.WriteExcel.demoKey is PASSED

2024-11-12 18:36:57 - [TEST_STEP][PASSED] - verifyTextPresent("Enter first name", true, CONTINUE_ON_FAILURE): Text 'Enter first name' is present on page  using regular expression

2024-11-12 18:36:57 - [MESSAGE][PASSED] - Text 'Enter first name' is present on page  using regular expression

2024-11-12 18:36:57 - [TEST_STEP][PASSED] - verifyTextPresent("Enter last name", true, CONTINUE_ON_FAILURE): Text 'Enter last name' is present on page  using regular expression

2024-11-12 18:36:57 - [MESSAGE][PASSED] - Text 'Enter last name' is present on page  using regular expression

2024-11-12 18:36:57 - [TEST_STEP][PASSED] - verifyTextPresent("Enter address", true, CONTINUE_ON_FAILURE): Text 'Enter address' is present on page  using regular expression

2024-11-12 18:36:58 - [MESSAGE][PASSED] - Text 'Enter address' is present on page  using regular expression

2024-11-12 18:36:58 - [TEST_STEP][PASSED] - verifyTextPresent("Enter city", true, CONTINUE_ON_FAILURE): Text 'Enter city' is present on page  using regular expression

2024-11-12 18:36:58 - [MESSAGE][PASSED] - Text 'Enter city' is present on page  using regular expression

2024-11-12 18:36:58 - [TEST_STEP][PASSED] - verifyTextPresent("Enter ZIP code", true, CONTINUE_ON_FAILURE): Text 'Enter ZIP code' is present on page  using regular expression

2024-11-12 18:36:59 - [MESSAGE][PASSED] - Text 'Enter ZIP code' is present on page  using regular expression

2024-11-12 18:36:59 - [TEST_STEP][PASSED] - verifyTextPresent("Enter a valid phone number", true, CONTINUE_ON_FAILURE): Text 'Enter a valid phone number' is present on page  using regular expression

2024-11-12 18:36:59 - [MESSAGE][PASSED] - Text 'Enter a valid phone number' is present on page  using regular expression

2024-11-12 18:36:59 - [TEST_STEP][PASSED] - verifyTextPresent("Enter Email", true, CONTINUE_ON_FAILURE): Text 'Enter Email' is present on page  using regular expression

2024-11-12 18:36:59 - [MESSAGE][PASSED] - Text 'Enter Email' is present on page  using regular expression

2024-11-12 18:36:59 - [TEST_STEP][PASSED] - verifyTextPresent("Notice Number or Invoice Number must be 10, 11, or 13 digits in length, with a value greater than zero", true, CONTINUE_ON_FAILURE): Text 'Notice Number or Invoice Number must be 10, 11, or 13 digits in length, with a value greater than zero' is present on page  using regular expression

2024-11-12 18:37:00 - [MESSAGE][PASSED] - Text 'Notice Number or Invoice Number must be 10, 11, or 13 digits in length, with a value greater than zero' is present on page  using regular expression

2024-11-12 18:37:00 - [TEST_STEP][PASSED] - if (TaxType.equalsIgnoreCase("Estate Tax")): null

2024-11-12 18:37:00 - [TEST_STEP][PASSED] - else: Text 'Re-type SSN Validation Error' is present on page  using regular expression

2024-11-12 18:37:00 - [TEST_STEP][PASSED] - verifyTextPresent("Please enter a valid SSN with 9 digits", true, CONTINUE_ON_FAILURE): Text 'Please enter a valid SSN with 9 digits' is present on page  using regular expression

2024-11-12 18:37:00 - [MESSAGE][PASSED] - Text 'Please enter a valid SSN with 9 digits' is present on page  using regular expression

2024-11-12 18:37:00 - [TEST_STEP][PASSED] - verifyTextPresent("Re-type SSN Validation Error", true, CONTINUE_ON_FAILURE): Text 'Re-type SSN Validation Error' is present on page  using regular expression

2024-11-12 18:37:00 - [MESSAGE][PASSED] - Text 'Re-type SSN Validation Error' is present on page  using regular expression

2024-11-12 18:37:00 - [TEST_STEP][PASSED] - resText = "Pass": null

2024-11-12 18:37:00 - [TEST_STEP][PASSED] - pages.WriteExcel.demoKey(resText, datText, resColumn, datCloumn, fileLoc, nameSheet, row): pages.WriteExcel.demoKey is PASSED

2024-11-12 18:37:00 - [MESSAGE][PASSED] - pages.WriteExcel.demoKey is PASSED

2024-11-12 18:37:00 - [TEST_STEP][PASSED] - ExecuteTC = findTestData(dataFile).getValue("Execute", row): null

2024-11-12 18:37:00 - [TEST_STEP][PASSED] - TaxType = findTestData(dataFile).getValue("TaxType", row): null

2024-11-12 18:37:00 - [TEST_STEP][PASSED] - PaymentType = findTestData(dataFile).getValue("PaymentType", row): null

2024-11-12 18:37:00 - [TEST_STEP][PASSED] - if (ExecuteTC.equalsIgnoreCase("Y")): null]]></system-out>
         <system-err><![CDATA[]]></system-err>
      </testcase>
      <testcase name="Test Cases/RAD_TestCases/MRF_TestCases/Personal_Individual_MRF_TC" time="99.312" classname="Test Cases/RAD_TestCases/MRF_TestCases/Personal_Individual_MRF_TC" status="PASSED">
         <system-out><![CDATA[2024-11-12 18:37:00 - [TEST_CASE][PASSED] - Test Cases/RAD_TestCases/MRF_TestCases/Personal_Individual_MRF_TC: Test Cases/RAD_TestCases/MRF_TestCases/Personal_Individual_MRF_TC

2024-11-12 18:37:01 - [TEST_STEP][PASSED] - resText = "Fail": null

2024-11-12 18:37:01 - [TEST_STEP][PASSED] - resColumn = "Result": null

2024-11-12 18:37:01 - [TEST_STEP][PASSED] - datCloumn = "Date": null

2024-11-12 18:37:01 - [TEST_STEP][PASSED] - fileLoc = "KatalonData/RADTestData/MRF.xlsx": null

2024-11-12 18:37:01 - [TEST_STEP][PASSED] - nameSheet = "Personal_IND": null

2024-11-12 18:37:01 - [TEST_STEP][PASSED] - dataFile = "RADTestData/MRF_Personal_IND": null

2024-11-12 18:37:01 - [TEST_STEP][PASSED] - orPath_Landing = "Object Repository/RAD_Pages/Landing_Page": null

2024-11-12 18:37:01 - [TEST_STEP][PASSED] - orPath_TaxTypeFilingYear = "Object Repository/RAD_Pages/TaxTypeFilingYear_Page": null

2024-11-12 18:37:01 - [TEST_STEP][PASSED] - orPath_Amount = "Object Repository/RAD_Pages/PaymentAmount_Page": null

2024-11-12 18:37:01 - [TEST_STEP][PASSED] - orPath_AddressContact = "Object Repository/RAD_Pages/AddressAndContactInfo_Page": null

2024-11-12 18:37:01 - [TEST_STEP][PASSED] - orPath_Summary = "Object Repository/RAD_Pages/Summary_Page": null

2024-11-12 18:37:01 - [TEST_STEP][PASSED] - orPath_PaymentConfirmation = "Object Repository/RAD_Pages/PaymentConfirmation_Page": null

2024-11-12 18:37:01 - [TEST_STEP][PASSED] - orPath_ServiceFeesAccept = "Object Repository/RAD_Pages/ServiceFeeAccept_Page": null

2024-11-12 18:37:01 - [TEST_STEP][PASSED] - orPath_PaymentEntry = "Object Repository/RAD_Pages/PaymentEntry_Page": null

2024-11-12 18:37:01 - [TEST_STEP][PASSED] - orPath_TaxPayer = "Object Repository/RAD_Pages/Taxpayer_Page": null

2024-11-12 18:37:01 - [TEST_STEP][PASSED] - ExecuteTC = <not implemented yet for class: org.codehaus.groovy.ast.expr.EmptyExpression>: null

2024-11-12 18:37:01 - [TEST_STEP][PASSED] - TaxType = <not implemented yet for class: org.codehaus.groovy.ast.expr.EmptyExpression>: null

2024-11-12 18:37:01 - [TEST_STEP][PASSED] - PaymentType = <not implemented yet for class: org.codehaus.groovy.ast.expr.EmptyExpression>: null

2024-11-12 18:37:01 - [TEST_STEP][PASSED] - FilingYear = <not implemented yet for class: org.codehaus.groovy.ast.expr.EmptyExpression>: null

2024-11-12 18:37:01 - [TEST_STEP][PASSED] - PeriodEndingMonth = <not implemented yet for class: org.codehaus.groovy.ast.expr.EmptyExpression>: null

2024-11-12 18:37:01 - [TEST_STEP][PASSED] - executionProfile = getExecutionProfile(): null

2024-11-12 18:37:01 - [TEST_STEP][PASSED] - numOfRows = findTestData(dataFile).getRowNumbers(): null

2024-11-12 18:37:01 - [TEST_STEP][PASSED] - println("Number of Records: " + numOfRows): null

2024-11-12 18:37:01 - [TEST_STEP][PASSED] - for ([row = 1, row <= numOfRows, (row++)]): null

2024-11-12 18:37:01 - [TEST_STEP][PASSED] - ExecuteTC = findTestData(dataFile).getValue("Execute", row): null

2024-11-12 18:37:01 - [TEST_STEP][PASSED] - TaxType = findTestData(dataFile).getValue("TaxType", row): null

2024-11-12 18:37:01 - [TEST_STEP][PASSED] - PaymentType = findTestData(dataFile).getValue("PaymentType", row): null

2024-11-12 18:37:01 - [TEST_STEP][PASSED] - FilingYear = findTestData(dataFile).getValue("Year", row): null

2024-11-12 18:37:01 - [TEST_STEP][PASSED] - if (ExecuteTC.equalsIgnoreCase("Y")): pages.WriteExcel.demoKey is PASSED

2024-11-12 18:37:01 - [TEST_STEP][PASSED] - out.println("Begin Record Number: " + row): null

2024-11-12 18:37:01 - [TEST_STEP][PASSED] - today = new java.util.Date(): null

2024-11-12 18:37:01 - [TEST_STEP][PASSED] - println(today): null

2024-11-12 18:37:01 - [TEST_STEP][PASSED] - datText = today: null

2024-11-12 18:37:01 - [TEST_STEP][PASSED] - logInfo("Payment Type: " + PaymentType): Payment Type: Quarterly Estimated Tax

2024-11-12 18:37:01 - [MESSAGE][INFO] - Payment Type: Quarterly Estimated Tax

2024-11-12 18:37:01 - [TEST_STEP][PASSED] - logInfo("Tax Type: " + TaxType): Tax Type: Personal Income Tax

2024-11-12 18:37:01 - [MESSAGE][INFO] - Tax Type: Personal Income Tax

2024-11-12 18:37:01 - [TEST_STEP][PASSED] - openBrowser(""): Browser is opened with url: ''

2024-11-12 18:37:01 - [MESSAGE][WARNING] - A browser is already opened. Closing browser and opening a new one

2024-11-12 18:37:03 - [MESSAGE][INFO] - Starting 'Chrome' driver

2024-11-12 18:37:03 - [MESSAGE][INFO] - User set preference: ['acceptInsecureCerts', 'true']

2024-11-12 18:37:03 - [MESSAGE][INFO] - Action delay is set to 0 milliseconds

2024-11-12 18:37:04 - [MESSAGE][PASSED] - Browser is opened with url: ''

2024-11-12 18:37:04 - [TEST_STEP][PASSED] - maximizeWindow(): Current window maximized

2024-11-12 18:37:04 - [MESSAGE][PASSED] - Current window maximized

2024-11-12 18:37:04 - [TEST_STEP][PASSED] - navigateToUrl(RADurl): Navigate to 'https://www.velocitypayment.com/client/rad/index.html' successfully

2024-11-12 18:37:06 - [MESSAGE][PASSED] - Navigate to 'https://www.velocitypayment.com/client/rad/index.html' successfully

2024-11-12 18:37:06 - [TEST_STEP][PASSED] - selectOptionByLabel(findTestObject(orPath_Landing + "/dd_TaxType"), PaymentType, false): All options with label 'Quarterly Estimated Tax' are selected in object 'Object Repository/RAD_Pages/Landing_Page/dd_TaxType' 

2024-11-12 18:37:07 - [MESSAGE][PASSED] - All options with label 'Quarterly Estimated Tax' are selected in object 'Object Repository/RAD_Pages/Landing_Page/dd_TaxType' 

2024-11-12 18:37:07 - [TEST_STEP][PASSED] - switch (PaymentType): null

2024-11-12 18:37:07 - [TEST_STEP][PASSED] - case "Quarterly Estimated Tax":: null

2024-11-12 18:37:07 - [TEST_STEP][PASSED] - selectOptionByLabel(findTestObject(orPath_TaxTypeFilingYear + "/select_PaymentType"), TaxType, false): All options with label 'Personal Income Tax' are selected in object 'Object Repository/RAD_Pages/TaxTypeFilingYear_Page/select_PaymentType' 

2024-11-12 18:37:08 - [MESSAGE][PASSED] - All options with label 'Personal Income Tax' are selected in object 'Object Repository/RAD_Pages/TaxTypeFilingYear_Page/select_PaymentType' 

2024-11-12 18:37:08 - [TEST_STEP][PASSED] - break: null

2024-11-12 18:37:08 - [TEST_STEP][PASSED] - if (!(FilingYear.isEmpty())): All options with label '2024' are selected in object 'Object Repository/RAD_Pages/TaxTypeFilingYear_Page/select_FilingYear' 

2024-11-12 18:37:08 - [TEST_STEP][PASSED] - selectOptionByLabel(findTestObject(orPath_TaxTypeFilingYear + "/select_FilingYear"), FilingYear, false): All options with label '2024' are selected in object 'Object Repository/RAD_Pages/TaxTypeFilingYear_Page/select_FilingYear' 

2024-11-12 18:37:09 - [MESSAGE][PASSED] - All options with label '2024' are selected in object 'Object Repository/RAD_Pages/TaxTypeFilingYear_Page/select_FilingYear' 

2024-11-12 18:37:09 - [TEST_STEP][PASSED] - setText(findTestObject(orPath_TaxPayer + "/input_firstName"), " "): Text ' ' is set on object 'Object Repository/RAD_Pages/Taxpayer_Page/input_firstName'

2024-11-12 18:37:09 - [MESSAGE][PASSED] - Text ' ' is set on object 'Object Repository/RAD_Pages/Taxpayer_Page/input_firstName'

2024-11-12 18:37:09 - [TEST_STEP][PASSED] - setText(findTestObject(orPath_TaxPayer + "/input_lastName"), " "): Text ' ' is set on object 'Object Repository/RAD_Pages/Taxpayer_Page/input_lastName'

2024-11-12 18:37:10 - [MESSAGE][PASSED] - Text ' ' is set on object 'Object Repository/RAD_Pages/Taxpayer_Page/input_lastName'

2024-11-12 18:37:10 - [TEST_STEP][PASSED] - if (TaxType.equalsIgnoreCase("Estate Tax")): null

2024-11-12 18:37:10 - [TEST_STEP][PASSED] - else: Text ' ' is set on object 'Object Repository/RAD_RecordAndPlay/input_concatReSSN'

2024-11-12 18:37:10 - [TEST_STEP][PASSED] - setText(findTestObject("RAD_RecordAndPlay/input_concatSSN"), " "): Text ' ' is set on object 'Object Repository/RAD_RecordAndPlay/input_concatSSN'

2024-11-12 18:37:11 - [MESSAGE][PASSED] - Text ' ' is set on object 'Object Repository/RAD_RecordAndPlay/input_concatSSN'

2024-11-12 18:37:11 - [TEST_STEP][PASSED] - setText(findTestObject("RAD_RecordAndPlay/input_concatReSSN"), " "): Text ' ' is set on object 'Object Repository/RAD_RecordAndPlay/input_concatReSSN'

2024-11-12 18:37:11 - [MESSAGE][PASSED] - Text ' ' is set on object 'Object Repository/RAD_RecordAndPlay/input_concatReSSN'

2024-11-12 18:37:11 - [TEST_STEP][PASSED] - setText(findTestObject(orPath_AddressContact + "/input_streetAddress1"), " "): Text ' ' is set on object 'Object Repository/RAD_Pages/AddressAndContactInfo_Page/input_streetAddress1'

2024-11-12 18:37:12 - [MESSAGE][PASSED] - Text ' ' is set on object 'Object Repository/RAD_Pages/AddressAndContactInfo_Page/input_streetAddress1'

2024-11-12 18:37:12 - [TEST_STEP][PASSED] - setText(findTestObject(orPath_AddressContact + "/input_city"), " "): Text ' ' is set on object 'Object Repository/RAD_Pages/AddressAndContactInfo_Page/input_city'

2024-11-12 18:37:13 - [MESSAGE][PASSED] - Text ' ' is set on object 'Object Repository/RAD_Pages/AddressAndContactInfo_Page/input_city'

2024-11-12 18:37:13 - [TEST_STEP][PASSED] - setText(findTestObject(orPath_AddressContact + "/input_zipCode"), " "): Text ' ' is set on object 'Object Repository/RAD_Pages/AddressAndContactInfo_Page/input_zipCode'

2024-11-12 18:37:14 - [MESSAGE][PASSED] - Text ' ' is set on object 'Object Repository/RAD_Pages/AddressAndContactInfo_Page/input_zipCode'

2024-11-12 18:37:14 - [TEST_STEP][PASSED] - setText(findTestObject(orPath_AddressContact + "/input_phoneNumber"), " "): Text ' ' is set on object 'Object Repository/RAD_Pages/AddressAndContactInfo_Page/input_phoneNumber'

2024-11-12 18:37:14 - [MESSAGE][PASSED] - Text ' ' is set on object 'Object Repository/RAD_Pages/AddressAndContactInfo_Page/input_phoneNumber'

2024-11-12 18:37:14 - [TEST_STEP][PASSED] - setText(findTestObject(orPath_AddressContact + "/input_eMailAddress"), " "): Text ' ' is set on object 'Object Repository/RAD_Pages/AddressAndContactInfo_Page/input_eMailAddress'

2024-11-12 18:37:15 - [MESSAGE][PASSED] - Text ' ' is set on object 'Object Repository/RAD_Pages/AddressAndContactInfo_Page/input_eMailAddress'

2024-11-12 18:37:15 - [TEST_STEP][PASSED] - setText(findTestObject(orPath_AddressContact + "/input_reEnterEMailAddress"), " "): Text ' ' is set on object 'Object Repository/RAD_Pages/AddressAndContactInfo_Page/input_reEnterEMailAddress'

2024-11-12 18:37:16 - [MESSAGE][PASSED] - Text ' ' is set on object 'Object Repository/RAD_Pages/AddressAndContactInfo_Page/input_reEnterEMailAddress'

2024-11-12 18:37:16 - [TEST_STEP][PASSED] - resText = "Fail": null

2024-11-12 18:37:16 - [TEST_STEP][PASSED] - pages.WriteExcel.demoKey(resText, datText, resColumn, datCloumn, fileLoc, nameSheet, row): pages.WriteExcel.demoKey is PASSED

2024-11-12 18:37:16 - [MESSAGE][PASSED] - pages.WriteExcel.demoKey is PASSED

2024-11-12 18:37:16 - [TEST_STEP][PASSED] - verifyTextPresent("Enter first name", true, CONTINUE_ON_FAILURE): Text 'Enter first name' is present on page  using regular expression

2024-11-12 18:37:17 - [MESSAGE][PASSED] - Text 'Enter first name' is present on page  using regular expression

2024-11-12 18:37:17 - [TEST_STEP][PASSED] - verifyTextPresent("Enter last name", true, CONTINUE_ON_FAILURE): Text 'Enter last name' is present on page  using regular expression

2024-11-12 18:37:17 - [MESSAGE][PASSED] - Text 'Enter last name' is present on page  using regular expression

2024-11-12 18:37:17 - [TEST_STEP][PASSED] - verifyTextPresent("Enter address", true, CONTINUE_ON_FAILURE): Text 'Enter address' is present on page  using regular expression

2024-11-12 18:37:18 - [MESSAGE][PASSED] - Text 'Enter address' is present on page  using regular expression

2024-11-12 18:37:18 - [TEST_STEP][PASSED] - verifyTextPresent("Enter city", true, CONTINUE_ON_FAILURE): Text 'Enter city' is present on page  using regular expression

2024-11-12 18:37:18 - [MESSAGE][PASSED] - Text 'Enter city' is present on page  using regular expression

2024-11-12 18:37:18 - [TEST_STEP][PASSED] - verifyTextPresent("Enter ZIP code", true, CONTINUE_ON_FAILURE): Text 'Enter ZIP code' is present on page  using regular expression

2024-11-12 18:37:18 - [MESSAGE][PASSED] - Text 'Enter ZIP code' is present on page  using regular expression

2024-11-12 18:37:18 - [TEST_STEP][PASSED] - verifyTextPresent("Enter a valid phone number", true, CONTINUE_ON_FAILURE): Text 'Enter a valid phone number' is present on page  using regular expression

2024-11-12 18:37:19 - [MESSAGE][PASSED] - Text 'Enter a valid phone number' is present on page  using regular expression

2024-11-12 18:37:19 - [TEST_STEP][PASSED] - verifyTextPresent("Enter Email", true, CONTINUE_ON_FAILURE): Text 'Enter Email' is present on page  using regular expression

2024-11-12 18:37:19 - [MESSAGE][PASSED] - Text 'Enter Email' is present on page  using regular expression

2024-11-12 18:37:19 - [TEST_STEP][PASSED] - if (TaxType.equalsIgnoreCase("Estate Tax")): null

2024-11-12 18:37:19 - [TEST_STEP][PASSED] - else: Text 'Re-type SSN Validation Error' is present on page  using regular expression

2024-11-12 18:37:19 - [TEST_STEP][PASSED] - verifyTextPresent("Please enter a valid SSN with 9 digits", true, CONTINUE_ON_FAILURE): Text 'Please enter a valid SSN with 9 digits' is present on page  using regular expression

2024-11-12 18:37:19 - [MESSAGE][PASSED] - Text 'Please enter a valid SSN with 9 digits' is present on page  using regular expression

2024-11-12 18:37:19 - [TEST_STEP][PASSED] - verifyTextPresent("Re-type SSN Validation Error", true, CONTINUE_ON_FAILURE): Text 'Re-type SSN Validation Error' is present on page  using regular expression

2024-11-12 18:37:20 - [MESSAGE][PASSED] - Text 'Re-type SSN Validation Error' is present on page  using regular expression

2024-11-12 18:37:20 - [TEST_STEP][PASSED] - resText = "Pass": null

2024-11-12 18:37:20 - [TEST_STEP][PASSED] - pages.WriteExcel.demoKey(resText, datText, resColumn, datCloumn, fileLoc, nameSheet, row): pages.WriteExcel.demoKey is PASSED

2024-11-12 18:37:20 - [MESSAGE][PASSED] - pages.WriteExcel.demoKey is PASSED

2024-11-12 18:37:20 - [TEST_STEP][PASSED] - ExecuteTC = findTestData(dataFile).getValue("Execute", row): null

2024-11-12 18:37:20 - [TEST_STEP][PASSED] - TaxType = findTestData(dataFile).getValue("TaxType", row): null

2024-11-12 18:37:20 - [TEST_STEP][PASSED] - PaymentType = findTestData(dataFile).getValue("PaymentType", row): null

2024-11-12 18:37:20 - [TEST_STEP][PASSED] - FilingYear = findTestData(dataFile).getValue("Year", row): null

2024-11-12 18:37:20 - [TEST_STEP][PASSED] - if (ExecuteTC.equalsIgnoreCase("Y")): pages.WriteExcel.demoKey is PASSED

2024-11-12 18:37:20 - [TEST_STEP][PASSED] - out.println("Begin Record Number: " + row): null

2024-11-12 18:37:20 - [TEST_STEP][PASSED] - today = new java.util.Date(): null

2024-11-12 18:37:20 - [TEST_STEP][PASSED] - println(today): null

2024-11-12 18:37:20 - [TEST_STEP][PASSED] - datText = today: null

2024-11-12 18:37:20 - [TEST_STEP][PASSED] - logInfo("Payment Type: " + PaymentType): Payment Type: Extension Payments

2024-11-12 18:37:20 - [MESSAGE][INFO] - Payment Type: Extension Payments

2024-11-12 18:37:20 - [TEST_STEP][PASSED] - logInfo("Tax Type: " + TaxType): Tax Type: Personal Income Tax

2024-11-12 18:37:20 - [MESSAGE][INFO] - Tax Type: Personal Income Tax

2024-11-12 18:37:20 - [TEST_STEP][PASSED] - openBrowser(""): Browser is opened with url: ''

2024-11-12 18:37:20 - [MESSAGE][WARNING] - A browser is already opened. Closing browser and opening a new one

2024-11-12 18:37:22 - [MESSAGE][INFO] - Starting 'Chrome' driver

2024-11-12 18:37:22 - [MESSAGE][INFO] - User set preference: ['acceptInsecureCerts', 'true']

2024-11-12 18:37:22 - [MESSAGE][INFO] - Action delay is set to 0 milliseconds

2024-11-12 18:37:23 - [MESSAGE][PASSED] - Browser is opened with url: ''

2024-11-12 18:37:23 - [TEST_STEP][PASSED] - maximizeWindow(): Current window maximized

2024-11-12 18:37:23 - [MESSAGE][PASSED] - Current window maximized

2024-11-12 18:37:23 - [TEST_STEP][PASSED] - navigateToUrl(RADurl): Navigate to 'https://www.velocitypayment.com/client/rad/index.html' successfully

2024-11-12 18:37:26 - [MESSAGE][PASSED] - Navigate to 'https://www.velocitypayment.com/client/rad/index.html' successfully

2024-11-12 18:37:26 - [TEST_STEP][PASSED] - selectOptionByLabel(findTestObject(orPath_Landing + "/dd_TaxType"), PaymentType, false): All options with label 'Extension Payments' are selected in object 'Object Repository/RAD_Pages/Landing_Page/dd_TaxType' 

2024-11-12 18:37:26 - [MESSAGE][PASSED] - All options with label 'Extension Payments' are selected in object 'Object Repository/RAD_Pages/Landing_Page/dd_TaxType' 

2024-11-12 18:37:26 - [TEST_STEP][PASSED] - switch (PaymentType): null

2024-11-12 18:37:26 - [TEST_STEP][PASSED] - case "Extension Payments":: null

2024-11-12 18:37:26 - [TEST_STEP][PASSED] - selectOptionByLabel(findTestObject(orPath_TaxTypeFilingYear + "/select_PaymentType"), TaxType, false): All options with label 'Personal Income Tax' are selected in object 'Object Repository/RAD_Pages/TaxTypeFilingYear_Page/select_PaymentType' 

2024-11-12 18:37:27 - [MESSAGE][PASSED] - All options with label 'Personal Income Tax' are selected in object 'Object Repository/RAD_Pages/TaxTypeFilingYear_Page/select_PaymentType' 

2024-11-12 18:37:27 - [TEST_STEP][PASSED] - break: null

2024-11-12 18:37:27 - [TEST_STEP][PASSED] - if (!(FilingYear.isEmpty())): All options with label '2023' are selected in object 'Object Repository/RAD_Pages/TaxTypeFilingYear_Page/select_FilingYear' 

2024-11-12 18:37:27 - [TEST_STEP][PASSED] - selectOptionByLabel(findTestObject(orPath_TaxTypeFilingYear + "/select_FilingYear"), FilingYear, false): All options with label '2023' are selected in object 'Object Repository/RAD_Pages/TaxTypeFilingYear_Page/select_FilingYear' 

2024-11-12 18:37:28 - [MESSAGE][PASSED] - All options with label '2023' are selected in object 'Object Repository/RAD_Pages/TaxTypeFilingYear_Page/select_FilingYear' 

2024-11-12 18:37:28 - [TEST_STEP][PASSED] - setText(findTestObject(orPath_TaxPayer + "/input_firstName"), " "): Text ' ' is set on object 'Object Repository/RAD_Pages/Taxpayer_Page/input_firstName'

2024-11-12 18:37:28 - [MESSAGE][PASSED] - Text ' ' is set on object 'Object Repository/RAD_Pages/Taxpayer_Page/input_firstName'

2024-11-12 18:37:28 - [TEST_STEP][PASSED] - setText(findTestObject(orPath_TaxPayer + "/input_lastName"), " "): Text ' ' is set on object 'Object Repository/RAD_Pages/Taxpayer_Page/input_lastName'

2024-11-12 18:37:29 - [MESSAGE][PASSED] - Text ' ' is set on object 'Object Repository/RAD_Pages/Taxpayer_Page/input_lastName'

2024-11-12 18:37:29 - [TEST_STEP][PASSED] - if (TaxType.equalsIgnoreCase("Estate Tax")): null

2024-11-12 18:37:29 - [TEST_STEP][PASSED] - else: Text ' ' is set on object 'Object Repository/RAD_RecordAndPlay/input_concatReSSN'

2024-11-12 18:37:29 - [TEST_STEP][PASSED] - setText(findTestObject("RAD_RecordAndPlay/input_concatSSN"), " "): Text ' ' is set on object 'Object Repository/RAD_RecordAndPlay/input_concatSSN'

2024-11-12 18:37:30 - [MESSAGE][PASSED] - Text ' ' is set on object 'Object Repository/RAD_RecordAndPlay/input_concatSSN'

2024-11-12 18:37:30 - [TEST_STEP][PASSED] - setText(findTestObject("RAD_RecordAndPlay/input_concatReSSN"), " "): Text ' ' is set on object 'Object Repository/RAD_RecordAndPlay/input_concatReSSN'

2024-11-12 18:37:30 - [MESSAGE][PASSED] - Text ' ' is set on object 'Object Repository/RAD_RecordAndPlay/input_concatReSSN'

2024-11-12 18:37:30 - [TEST_STEP][PASSED] - setText(findTestObject(orPath_AddressContact + "/input_streetAddress1"), " "): Text ' ' is set on object 'Object Repository/RAD_Pages/AddressAndContactInfo_Page/input_streetAddress1'

2024-11-12 18:37:31 - [MESSAGE][PASSED] - Text ' ' is set on object 'Object Repository/RAD_Pages/AddressAndContactInfo_Page/input_streetAddress1'

2024-11-12 18:37:31 - [TEST_STEP][PASSED] - setText(findTestObject(orPath_AddressContact + "/input_city"), " "): Text ' ' is set on object 'Object Repository/RAD_Pages/AddressAndContactInfo_Page/input_city'

2024-11-12 18:37:32 - [MESSAGE][PASSED] - Text ' ' is set on object 'Object Repository/RAD_Pages/AddressAndContactInfo_Page/input_city'

2024-11-12 18:37:32 - [TEST_STEP][PASSED] - setText(findTestObject(orPath_AddressContact + "/input_zipCode"), " "): Text ' ' is set on object 'Object Repository/RAD_Pages/AddressAndContactInfo_Page/input_zipCode'

2024-11-12 18:37:33 - [MESSAGE][PASSED] - Text ' ' is set on object 'Object Repository/RAD_Pages/AddressAndContactInfo_Page/input_zipCode'

2024-11-12 18:37:33 - [TEST_STEP][PASSED] - setText(findTestObject(orPath_AddressContact + "/input_phoneNumber"), " "): Text ' ' is set on object 'Object Repository/RAD_Pages/AddressAndContactInfo_Page/input_phoneNumber'

2024-11-12 18:37:33 - [MESSAGE][PASSED] - Text ' ' is set on object 'Object Repository/RAD_Pages/AddressAndContactInfo_Page/input_phoneNumber'

2024-11-12 18:37:33 - [TEST_STEP][PASSED] - setText(findTestObject(orPath_AddressContact + "/input_eMailAddress"), " "): Text ' ' is set on object 'Object Repository/RAD_Pages/AddressAndContactInfo_Page/input_eMailAddress'

2024-11-12 18:37:34 - [MESSAGE][PASSED] - Text ' ' is set on object 'Object Repository/RAD_Pages/AddressAndContactInfo_Page/input_eMailAddress'

2024-11-12 18:37:34 - [TEST_STEP][PASSED] - setText(findTestObject(orPath_AddressContact + "/input_reEnterEMailAddress"), " "): Text ' ' is set on object 'Object Repository/RAD_Pages/AddressAndContactInfo_Page/input_reEnterEMailAddress'

2024-11-12 18:37:36 - [MESSAGE][PASSED] - Text ' ' is set on object 'Object Repository/RAD_Pages/AddressAndContactInfo_Page/input_reEnterEMailAddress'

2024-11-12 18:37:36 - [TEST_STEP][PASSED] - resText = "Fail": null

2024-11-12 18:37:36 - [TEST_STEP][PASSED] - pages.WriteExcel.demoKey(resText, datText, resColumn, datCloumn, fileLoc, nameSheet, row): pages.WriteExcel.demoKey is PASSED

2024-11-12 18:37:36 - [MESSAGE][PASSED] - pages.WriteExcel.demoKey is PASSED

2024-11-12 18:37:36 - [TEST_STEP][PASSED] - verifyTextPresent("Enter first name", true, CONTINUE_ON_FAILURE): Text 'Enter first name' is present on page  using regular expression

2024-11-12 18:37:36 - [MESSAGE][PASSED] - Text 'Enter first name' is present on page  using regular expression

2024-11-12 18:37:36 - [TEST_STEP][PASSED] - verifyTextPresent("Enter last name", true, CONTINUE_ON_FAILURE): Text 'Enter last name' is present on page  using regular expression

2024-11-12 18:37:37 - [MESSAGE][PASSED] - Text 'Enter last name' is present on page  using regular expression

2024-11-12 18:37:37 - [TEST_STEP][PASSED] - verifyTextPresent("Enter address", true, CONTINUE_ON_FAILURE): Text 'Enter address' is present on page  using regular expression

2024-11-12 18:37:37 - [MESSAGE][PASSED] - Text 'Enter address' is present on page  using regular expression

2024-11-12 18:37:37 - [TEST_STEP][PASSED] - verifyTextPresent("Enter city", true, CONTINUE_ON_FAILURE): Text 'Enter city' is present on page  using regular expression

2024-11-12 18:37:38 - [MESSAGE][PASSED] - Text 'Enter city' is present on page  using regular expression

2024-11-12 18:37:38 - [TEST_STEP][PASSED] - verifyTextPresent("Enter ZIP code", true, CONTINUE_ON_FAILURE): Text 'Enter ZIP code' is present on page  using regular expression

2024-11-12 18:37:38 - [MESSAGE][PASSED] - Text 'Enter ZIP code' is present on page  using regular expression

2024-11-12 18:37:38 - [TEST_STEP][PASSED] - verifyTextPresent("Enter a valid phone number", true, CONTINUE_ON_FAILURE): Text 'Enter a valid phone number' is present on page  using regular expression

2024-11-12 18:37:38 - [MESSAGE][PASSED] - Text 'Enter a valid phone number' is present on page  using regular expression

2024-11-12 18:37:38 - [TEST_STEP][PASSED] - verifyTextPresent("Enter Email", true, CONTINUE_ON_FAILURE): Text 'Enter Email' is present on page  using regular expression

2024-11-12 18:37:39 - [MESSAGE][PASSED] - Text 'Enter Email' is present on page  using regular expression

2024-11-12 18:37:39 - [TEST_STEP][PASSED] - if (TaxType.equalsIgnoreCase("Estate Tax")): null

2024-11-12 18:37:39 - [TEST_STEP][PASSED] - else: Text 'Re-type SSN Validation Error' is present on page  using regular expression

2024-11-12 18:37:39 - [TEST_STEP][PASSED] - verifyTextPresent("Please enter a valid SSN with 9 digits", true, CONTINUE_ON_FAILURE): Text 'Please enter a valid SSN with 9 digits' is present on page  using regular expression

2024-11-12 18:37:39 - [MESSAGE][PASSED] - Text 'Please enter a valid SSN with 9 digits' is present on page  using regular expression

2024-11-12 18:37:39 - [TEST_STEP][PASSED] - verifyTextPresent("Re-type SSN Validation Error", true, CONTINUE_ON_FAILURE): Text 'Re-type SSN Validation Error' is present on page  using regular expression

2024-11-12 18:37:40 - [MESSAGE][PASSED] - Text 'Re-type SSN Validation Error' is present on page  using regular expression

2024-11-12 18:37:40 - [TEST_STEP][PASSED] - resText = "Pass": null

2024-11-12 18:37:40 - [TEST_STEP][PASSED] - pages.WriteExcel.demoKey(resText, datText, resColumn, datCloumn, fileLoc, nameSheet, row): pages.WriteExcel.demoKey is PASSED

2024-11-12 18:37:40 - [MESSAGE][PASSED] - pages.WriteExcel.demoKey is PASSED

2024-11-12 18:37:40 - [TEST_STEP][PASSED] - ExecuteTC = findTestData(dataFile).getValue("Execute", row): null

2024-11-12 18:37:40 - [TEST_STEP][PASSED] - TaxType = findTestData(dataFile).getValue("TaxType", row): null

2024-11-12 18:37:40 - [TEST_STEP][PASSED] - PaymentType = findTestData(dataFile).getValue("PaymentType", row): null

2024-11-12 18:37:40 - [TEST_STEP][PASSED] - FilingYear = findTestData(dataFile).getValue("Year", row): null

2024-11-12 18:37:40 - [TEST_STEP][PASSED] - if (ExecuteTC.equalsIgnoreCase("Y")): pages.WriteExcel.demoKey is PASSED

2024-11-12 18:37:40 - [TEST_STEP][PASSED] - out.println("Begin Record Number: " + row): null

2024-11-12 18:37:40 - [TEST_STEP][PASSED] - today = new java.util.Date(): null

2024-11-12 18:37:40 - [TEST_STEP][PASSED] - println(today): null

2024-11-12 18:37:40 - [TEST_STEP][PASSED] - datText = today: null

2024-11-12 18:37:40 - [TEST_STEP][PASSED] - logInfo("Payment Type: " + PaymentType): Payment Type: New Tax Return Amount Due

2024-11-12 18:37:40 - [MESSAGE][INFO] - Payment Type: New Tax Return Amount Due

2024-11-12 18:37:40 - [TEST_STEP][PASSED] - logInfo("Tax Type: " + TaxType): Tax Type: Personal Income Tax

2024-11-12 18:37:40 - [MESSAGE][INFO] - Tax Type: Personal Income Tax

2024-11-12 18:37:40 - [TEST_STEP][PASSED] - openBrowser(""): Browser is opened with url: ''

2024-11-12 18:37:40 - [MESSAGE][WARNING] - A browser is already opened. Closing browser and opening a new one

2024-11-12 18:37:42 - [MESSAGE][INFO] - Starting 'Chrome' driver

2024-11-12 18:37:42 - [MESSAGE][INFO] - User set preference: ['acceptInsecureCerts', 'true']

2024-11-12 18:37:42 - [MESSAGE][INFO] - Action delay is set to 0 milliseconds

2024-11-12 18:37:43 - [MESSAGE][PASSED] - Browser is opened with url: ''

2024-11-12 18:37:43 - [TEST_STEP][PASSED] - maximizeWindow(): Current window maximized

2024-11-12 18:37:43 - [MESSAGE][PASSED] - Current window maximized

2024-11-12 18:37:43 - [TEST_STEP][PASSED] - navigateToUrl(RADurl): Navigate to 'https://www.velocitypayment.com/client/rad/index.html' successfully

2024-11-12 18:37:44 - [MESSAGE][PASSED] - Navigate to 'https://www.velocitypayment.com/client/rad/index.html' successfully

2024-11-12 18:37:44 - [TEST_STEP][PASSED] - selectOptionByLabel(findTestObject(orPath_Landing + "/dd_TaxType"), PaymentType, false): All options with label 'New Tax Return Amount Due' are selected in object 'Object Repository/RAD_Pages/Landing_Page/dd_TaxType' 

2024-11-12 18:37:46 - [MESSAGE][PASSED] - All options with label 'New Tax Return Amount Due' are selected in object 'Object Repository/RAD_Pages/Landing_Page/dd_TaxType' 

2024-11-12 18:37:46 - [TEST_STEP][PASSED] - switch (PaymentType): null

2024-11-12 18:37:46 - [TEST_STEP][PASSED] - case "New Tax Return Amount Due":: null

2024-11-12 18:37:46 - [TEST_STEP][PASSED] - selectOptionByLabel(findTestObject("Object Repository/RAD_Pages/Landing_Page/select_NewTaxReturnAmountDue_TaxType"), TaxType, false): All options with label 'Personal Income Tax' are selected in object 'Object Repository/RAD_Pages/Landing_Page/select_NewTaxReturnAmountDue_TaxType' 

2024-11-12 18:37:47 - [MESSAGE][PASSED] - All options with label 'Personal Income Tax' are selected in object 'Object Repository/RAD_Pages/Landing_Page/select_NewTaxReturnAmountDue_TaxType' 

2024-11-12 18:37:47 - [TEST_STEP][PASSED] - break: null

2024-11-12 18:37:47 - [TEST_STEP][PASSED] - if (!(FilingYear.isEmpty())): All options with label '2023' are selected in object 'Object Repository/RAD_Pages/TaxTypeFilingYear_Page/select_FilingYear' 

2024-11-12 18:37:47 - [TEST_STEP][PASSED] - selectOptionByLabel(findTestObject(orPath_TaxTypeFilingYear + "/select_FilingYear"), FilingYear, false): All options with label '2023' are selected in object 'Object Repository/RAD_Pages/TaxTypeFilingYear_Page/select_FilingYear' 

2024-11-12 18:37:48 - [MESSAGE][PASSED] - All options with label '2023' are selected in object 'Object Repository/RAD_Pages/TaxTypeFilingYear_Page/select_FilingYear' 

2024-11-12 18:37:48 - [TEST_STEP][PASSED] - setText(findTestObject(orPath_TaxPayer + "/input_firstName"), " "): Text ' ' is set on object 'Object Repository/RAD_Pages/Taxpayer_Page/input_firstName'

2024-11-12 18:37:48 - [MESSAGE][PASSED] - Text ' ' is set on object 'Object Repository/RAD_Pages/Taxpayer_Page/input_firstName'

2024-11-12 18:37:48 - [TEST_STEP][PASSED] - setText(findTestObject(orPath_TaxPayer + "/input_lastName"), " "): Text ' ' is set on object 'Object Repository/RAD_Pages/Taxpayer_Page/input_lastName'

2024-11-12 18:37:49 - [MESSAGE][PASSED] - Text ' ' is set on object 'Object Repository/RAD_Pages/Taxpayer_Page/input_lastName'

2024-11-12 18:37:49 - [TEST_STEP][PASSED] - if (TaxType.equalsIgnoreCase("Estate Tax")): null

2024-11-12 18:37:49 - [TEST_STEP][PASSED] - else: Text ' ' is set on object 'Object Repository/RAD_RecordAndPlay/input_concatReSSN'

2024-11-12 18:37:49 - [TEST_STEP][PASSED] - setText(findTestObject("RAD_RecordAndPlay/input_concatSSN"), " "): Text ' ' is set on object 'Object Repository/RAD_RecordAndPlay/input_concatSSN'

2024-11-12 18:37:50 - [MESSAGE][PASSED] - Text ' ' is set on object 'Object Repository/RAD_RecordAndPlay/input_concatSSN'

2024-11-12 18:37:50 - [TEST_STEP][PASSED] - setText(findTestObject("RAD_RecordAndPlay/input_concatReSSN"), " "): Text ' ' is set on object 'Object Repository/RAD_RecordAndPlay/input_concatReSSN'

2024-11-12 18:37:50 - [MESSAGE][PASSED] - Text ' ' is set on object 'Object Repository/RAD_RecordAndPlay/input_concatReSSN'

2024-11-12 18:37:50 - [TEST_STEP][PASSED] - setText(findTestObject(orPath_AddressContact + "/input_streetAddress1"), " "): Text ' ' is set on object 'Object Repository/RAD_Pages/AddressAndContactInfo_Page/input_streetAddress1'

2024-11-12 18:37:51 - [MESSAGE][PASSED] - Text ' ' is set on object 'Object Repository/RAD_Pages/AddressAndContactInfo_Page/input_streetAddress1'

2024-11-12 18:37:51 - [TEST_STEP][PASSED] - setText(findTestObject(orPath_AddressContact + "/input_city"), " "): Text ' ' is set on object 'Object Repository/RAD_Pages/AddressAndContactInfo_Page/input_city'

2024-11-12 18:37:52 - [MESSAGE][PASSED] - Text ' ' is set on object 'Object Repository/RAD_Pages/AddressAndContactInfo_Page/input_city'

2024-11-12 18:37:52 - [TEST_STEP][PASSED] - setText(findTestObject(orPath_AddressContact + "/input_zipCode"), " "): Text ' ' is set on object 'Object Repository/RAD_Pages/AddressAndContactInfo_Page/input_zipCode'

2024-11-12 18:37:53 - [MESSAGE][PASSED] - Text ' ' is set on object 'Object Repository/RAD_Pages/AddressAndContactInfo_Page/input_zipCode'

2024-11-12 18:37:53 - [TEST_STEP][PASSED] - setText(findTestObject(orPath_AddressContact + "/input_phoneNumber"), " "): Text ' ' is set on object 'Object Repository/RAD_Pages/AddressAndContactInfo_Page/input_phoneNumber'

2024-11-12 18:37:53 - [MESSAGE][PASSED] - Text ' ' is set on object 'Object Repository/RAD_Pages/AddressAndContactInfo_Page/input_phoneNumber'

2024-11-12 18:37:53 - [TEST_STEP][PASSED] - setText(findTestObject(orPath_AddressContact + "/input_eMailAddress"), " "): Text ' ' is set on object 'Object Repository/RAD_Pages/AddressAndContactInfo_Page/input_eMailAddress'

2024-11-12 18:37:54 - [MESSAGE][PASSED] - Text ' ' is set on object 'Object Repository/RAD_Pages/AddressAndContactInfo_Page/input_eMailAddress'

2024-11-12 18:37:54 - [TEST_STEP][PASSED] - setText(findTestObject(orPath_AddressContact + "/input_reEnterEMailAddress"), " "): Text ' ' is set on object 'Object Repository/RAD_Pages/AddressAndContactInfo_Page/input_reEnterEMailAddress'

2024-11-12 18:37:55 - [MESSAGE][PASSED] - Text ' ' is set on object 'Object Repository/RAD_Pages/AddressAndContactInfo_Page/input_reEnterEMailAddress'

2024-11-12 18:37:55 - [TEST_STEP][PASSED] - resText = "Fail": null

2024-11-12 18:37:55 - [TEST_STEP][PASSED] - pages.WriteExcel.demoKey(resText, datText, resColumn, datCloumn, fileLoc, nameSheet, row): pages.WriteExcel.demoKey is PASSED

2024-11-12 18:37:56 - [MESSAGE][PASSED] - pages.WriteExcel.demoKey is PASSED

2024-11-12 18:37:56 - [TEST_STEP][PASSED] - verifyTextPresent("Enter first name", true, CONTINUE_ON_FAILURE): Text 'Enter first name' is present on page  using regular expression

2024-11-12 18:37:56 - [MESSAGE][PASSED] - Text 'Enter first name' is present on page  using regular expression

2024-11-12 18:37:56 - [TEST_STEP][PASSED] - verifyTextPresent("Enter last name", true, CONTINUE_ON_FAILURE): Text 'Enter last name' is present on page  using regular expression

2024-11-12 18:37:56 - [MESSAGE][PASSED] - Text 'Enter last name' is present on page  using regular expression

2024-11-12 18:37:56 - [TEST_STEP][PASSED] - verifyTextPresent("Enter address", true, CONTINUE_ON_FAILURE): Text 'Enter address' is present on page  using regular expression

2024-11-12 18:37:57 - [MESSAGE][PASSED] - Text 'Enter address' is present on page  using regular expression

2024-11-12 18:37:57 - [TEST_STEP][PASSED] - verifyTextPresent("Enter city", true, CONTINUE_ON_FAILURE): Text 'Enter city' is present on page  using regular expression

2024-11-12 18:37:57 - [MESSAGE][PASSED] - Text 'Enter city' is present on page  using regular expression

2024-11-12 18:37:57 - [TEST_STEP][PASSED] - verifyTextPresent("Enter ZIP code", true, CONTINUE_ON_FAILURE): Text 'Enter ZIP code' is present on page  using regular expression

2024-11-12 18:37:57 - [MESSAGE][PASSED] - Text 'Enter ZIP code' is present on page  using regular expression

2024-11-12 18:37:57 - [TEST_STEP][PASSED] - verifyTextPresent("Enter a valid phone number", true, CONTINUE_ON_FAILURE): Text 'Enter a valid phone number' is present on page  using regular expression

2024-11-12 18:37:58 - [MESSAGE][PASSED] - Text 'Enter a valid phone number' is present on page  using regular expression

2024-11-12 18:37:58 - [TEST_STEP][PASSED] - verifyTextPresent("Enter Email", true, CONTINUE_ON_FAILURE): Text 'Enter Email' is present on page  using regular expression

2024-11-12 18:37:58 - [MESSAGE][PASSED] - Text 'Enter Email' is present on page  using regular expression

2024-11-12 18:37:58 - [TEST_STEP][PASSED] - if (TaxType.equalsIgnoreCase("Estate Tax")): null

2024-11-12 18:37:58 - [TEST_STEP][PASSED] - else: Text 'Re-type SSN Validation Error' is present on page  using regular expression

2024-11-12 18:37:58 - [TEST_STEP][PASSED] - verifyTextPresent("Please enter a valid SSN with 9 digits", true, CONTINUE_ON_FAILURE): Text 'Please enter a valid SSN with 9 digits' is present on page  using regular expression

2024-11-12 18:37:58 - [MESSAGE][PASSED] - Text 'Please enter a valid SSN with 9 digits' is present on page  using regular expression

2024-11-12 18:37:58 - [TEST_STEP][PASSED] - verifyTextPresent("Re-type SSN Validation Error", true, CONTINUE_ON_FAILURE): Text 'Re-type SSN Validation Error' is present on page  using regular expression

2024-11-12 18:37:59 - [MESSAGE][PASSED] - Text 'Re-type SSN Validation Error' is present on page  using regular expression

2024-11-12 18:37:59 - [TEST_STEP][PASSED] - resText = "Pass": null

2024-11-12 18:37:59 - [TEST_STEP][PASSED] - pages.WriteExcel.demoKey(resText, datText, resColumn, datCloumn, fileLoc, nameSheet, row): pages.WriteExcel.demoKey is PASSED

2024-11-12 18:37:59 - [MESSAGE][PASSED] - pages.WriteExcel.demoKey is PASSED

2024-11-12 18:37:59 - [TEST_STEP][PASSED] - ExecuteTC = findTestData(dataFile).getValue("Execute", row): null

2024-11-12 18:37:59 - [TEST_STEP][PASSED] - TaxType = findTestData(dataFile).getValue("TaxType", row): null

2024-11-12 18:37:59 - [TEST_STEP][PASSED] - PaymentType = findTestData(dataFile).getValue("PaymentType", row): null

2024-11-12 18:37:59 - [TEST_STEP][PASSED] - FilingYear = findTestData(dataFile).getValue("Year", row): null

2024-11-12 18:37:59 - [TEST_STEP][PASSED] - if (ExecuteTC.equalsIgnoreCase("Y")): pages.WriteExcel.demoKey is PASSED

2024-11-12 18:37:59 - [TEST_STEP][PASSED] - out.println("Begin Record Number: " + row): null

2024-11-12 18:37:59 - [TEST_STEP][PASSED] - today = new java.util.Date(): null

2024-11-12 18:37:59 - [TEST_STEP][PASSED] - println(today): null

2024-11-12 18:37:59 - [TEST_STEP][PASSED] - datText = today: null

2024-11-12 18:37:59 - [TEST_STEP][PASSED] - logInfo("Payment Type: " + PaymentType): Payment Type: New Tax Return Amount Due

2024-11-12 18:37:59 - [MESSAGE][INFO] - Payment Type: New Tax Return Amount Due

2024-11-12 18:37:59 - [TEST_STEP][PASSED] - logInfo("Tax Type: " + TaxType): Tax Type: Personal Income Tax

2024-11-12 18:37:59 - [MESSAGE][INFO] - Tax Type: Personal Income Tax

2024-11-12 18:37:59 - [TEST_STEP][PASSED] - openBrowser(""): Browser is opened with url: ''

2024-11-12 18:37:59 - [MESSAGE][WARNING] - A browser is already opened. Closing browser and opening a new one

2024-11-12 18:38:00 - [MESSAGE][INFO] - Starting 'Chrome' driver

2024-11-12 18:38:00 - [MESSAGE][INFO] - User set preference: ['acceptInsecureCerts', 'true']

2024-11-12 18:38:00 - [MESSAGE][INFO] - Action delay is set to 0 milliseconds

2024-11-12 18:38:02 - [MESSAGE][PASSED] - Browser is opened with url: ''

2024-11-12 18:38:02 - [TEST_STEP][PASSED] - maximizeWindow(): Current window maximized

2024-11-12 18:38:02 - [MESSAGE][PASSED] - Current window maximized

2024-11-12 18:38:02 - [TEST_STEP][PASSED] - navigateToUrl(RADurl): Navigate to 'https://www.velocitypayment.com/client/rad/index.html' successfully

2024-11-12 18:38:02 - [MESSAGE][PASSED] - Navigate to 'https://www.velocitypayment.com/client/rad/index.html' successfully

2024-11-12 18:38:02 - [TEST_STEP][PASSED] - selectOptionByLabel(findTestObject(orPath_Landing + "/dd_TaxType"), PaymentType, false): All options with label 'New Tax Return Amount Due' are selected in object 'Object Repository/RAD_Pages/Landing_Page/dd_TaxType' 

2024-11-12 18:38:05 - [MESSAGE][PASSED] - All options with label 'New Tax Return Amount Due' are selected in object 'Object Repository/RAD_Pages/Landing_Page/dd_TaxType' 

2024-11-12 18:38:05 - [TEST_STEP][PASSED] - switch (PaymentType): null

2024-11-12 18:38:05 - [TEST_STEP][PASSED] - case "New Tax Return Amount Due":: null

2024-11-12 18:38:05 - [TEST_STEP][PASSED] - selectOptionByLabel(findTestObject("Object Repository/RAD_Pages/Landing_Page/select_NewTaxReturnAmountDue_TaxType"), TaxType, false): All options with label 'Personal Income Tax' are selected in object 'Object Repository/RAD_Pages/Landing_Page/select_NewTaxReturnAmountDue_TaxType' 

2024-11-12 18:38:05 - [MESSAGE][PASSED] - All options with label 'Personal Income Tax' are selected in object 'Object Repository/RAD_Pages/Landing_Page/select_NewTaxReturnAmountDue_TaxType' 

2024-11-12 18:38:05 - [TEST_STEP][PASSED] - break: null

2024-11-12 18:38:05 - [TEST_STEP][PASSED] - if (!(FilingYear.isEmpty())): All options with label '2022' are selected in object 'Object Repository/RAD_Pages/TaxTypeFilingYear_Page/select_FilingYear' 

2024-11-12 18:38:05 - [TEST_STEP][PASSED] - selectOptionByLabel(findTestObject(orPath_TaxTypeFilingYear + "/select_FilingYear"), FilingYear, false): All options with label '2022' are selected in object 'Object Repository/RAD_Pages/TaxTypeFilingYear_Page/select_FilingYear' 

2024-11-12 18:38:06 - [MESSAGE][PASSED] - All options with label '2022' are selected in object 'Object Repository/RAD_Pages/TaxTypeFilingYear_Page/select_FilingYear' 

2024-11-12 18:38:06 - [TEST_STEP][PASSED] - setText(findTestObject(orPath_TaxPayer + "/input_firstName"), " "): Text ' ' is set on object 'Object Repository/RAD_Pages/Taxpayer_Page/input_firstName'

2024-11-12 18:38:07 - [MESSAGE][PASSED] - Text ' ' is set on object 'Object Repository/RAD_Pages/Taxpayer_Page/input_firstName'

2024-11-12 18:38:07 - [TEST_STEP][PASSED] - setText(findTestObject(orPath_TaxPayer + "/input_lastName"), " "): Text ' ' is set on object 'Object Repository/RAD_Pages/Taxpayer_Page/input_lastName'

2024-11-12 18:38:08 - [MESSAGE][PASSED] - Text ' ' is set on object 'Object Repository/RAD_Pages/Taxpayer_Page/input_lastName'

2024-11-12 18:38:08 - [TEST_STEP][PASSED] - if (TaxType.equalsIgnoreCase("Estate Tax")): null

2024-11-12 18:38:08 - [TEST_STEP][PASSED] - else: Text ' ' is set on object 'Object Repository/RAD_RecordAndPlay/input_concatReSSN'

2024-11-12 18:38:08 - [TEST_STEP][PASSED] - setText(findTestObject("RAD_RecordAndPlay/input_concatSSN"), " "): Text ' ' is set on object 'Object Repository/RAD_RecordAndPlay/input_concatSSN'

2024-11-12 18:38:08 - [MESSAGE][PASSED] - Text ' ' is set on object 'Object Repository/RAD_RecordAndPlay/input_concatSSN'

2024-11-12 18:38:08 - [TEST_STEP][PASSED] - setText(findTestObject("RAD_RecordAndPlay/input_concatReSSN"), " "): Text ' ' is set on object 'Object Repository/RAD_RecordAndPlay/input_concatReSSN'

2024-11-12 18:38:09 - [MESSAGE][PASSED] - Text ' ' is set on object 'Object Repository/RAD_RecordAndPlay/input_concatReSSN'

2024-11-12 18:38:09 - [TEST_STEP][PASSED] - setText(findTestObject(orPath_AddressContact + "/input_streetAddress1"), " "): Text ' ' is set on object 'Object Repository/RAD_Pages/AddressAndContactInfo_Page/input_streetAddress1'

2024-11-12 18:38:09 - [MESSAGE][PASSED] - Text ' ' is set on object 'Object Repository/RAD_Pages/AddressAndContactInfo_Page/input_streetAddress1'

2024-11-12 18:38:09 - [TEST_STEP][PASSED] - setText(findTestObject(orPath_AddressContact + "/input_city"), " "): Text ' ' is set on object 'Object Repository/RAD_Pages/AddressAndContactInfo_Page/input_city'

2024-11-12 18:38:10 - [MESSAGE][PASSED] - Text ' ' is set on object 'Object Repository/RAD_Pages/AddressAndContactInfo_Page/input_city'

2024-11-12 18:38:10 - [TEST_STEP][PASSED] - setText(findTestObject(orPath_AddressContact + "/input_zipCode"), " "): Text ' ' is set on object 'Object Repository/RAD_Pages/AddressAndContactInfo_Page/input_zipCode'

2024-11-12 18:38:11 - [MESSAGE][PASSED] - Text ' ' is set on object 'Object Repository/RAD_Pages/AddressAndContactInfo_Page/input_zipCode'

2024-11-12 18:38:11 - [TEST_STEP][PASSED] - setText(findTestObject(orPath_AddressContact + "/input_phoneNumber"), " "): Text ' ' is set on object 'Object Repository/RAD_Pages/AddressAndContactInfo_Page/input_phoneNumber'

2024-11-12 18:38:12 - [MESSAGE][PASSED] - Text ' ' is set on object 'Object Repository/RAD_Pages/AddressAndContactInfo_Page/input_phoneNumber'

2024-11-12 18:38:12 - [TEST_STEP][PASSED] - setText(findTestObject(orPath_AddressContact + "/input_eMailAddress"), " "): Text ' ' is set on object 'Object Repository/RAD_Pages/AddressAndContactInfo_Page/input_eMailAddress'

2024-11-12 18:38:13 - [MESSAGE][PASSED] - Text ' ' is set on object 'Object Repository/RAD_Pages/AddressAndContactInfo_Page/input_eMailAddress'

2024-11-12 18:38:13 - [TEST_STEP][PASSED] - setText(findTestObject(orPath_AddressContact + "/input_reEnterEMailAddress"), " "): Text ' ' is set on object 'Object Repository/RAD_Pages/AddressAndContactInfo_Page/input_reEnterEMailAddress'

2024-11-12 18:38:14 - [MESSAGE][PASSED] - Text ' ' is set on object 'Object Repository/RAD_Pages/AddressAndContactInfo_Page/input_reEnterEMailAddress'

2024-11-12 18:38:14 - [TEST_STEP][PASSED] - resText = "Fail": null

2024-11-12 18:38:14 - [TEST_STEP][PASSED] - pages.WriteExcel.demoKey(resText, datText, resColumn, datCloumn, fileLoc, nameSheet, row): pages.WriteExcel.demoKey is PASSED

2024-11-12 18:38:14 - [MESSAGE][PASSED] - pages.WriteExcel.demoKey is PASSED

2024-11-12 18:38:14 - [TEST_STEP][PASSED] - verifyTextPresent("Enter first name", true, CONTINUE_ON_FAILURE): Text 'Enter first name' is present on page  using regular expression

2024-11-12 18:38:14 - [MESSAGE][PASSED] - Text 'Enter first name' is present on page  using regular expression

2024-11-12 18:38:14 - [TEST_STEP][PASSED] - verifyTextPresent("Enter last name", true, CONTINUE_ON_FAILURE): Text 'Enter last name' is present on page  using regular expression

2024-11-12 18:38:15 - [MESSAGE][PASSED] - Text 'Enter last name' is present on page  using regular expression

2024-11-12 18:38:15 - [TEST_STEP][PASSED] - verifyTextPresent("Enter address", true, CONTINUE_ON_FAILURE): Text 'Enter address' is present on page  using regular expression

2024-11-12 18:38:15 - [MESSAGE][PASSED] - Text 'Enter address' is present on page  using regular expression

2024-11-12 18:38:15 - [TEST_STEP][PASSED] - verifyTextPresent("Enter city", true, CONTINUE_ON_FAILURE): Text 'Enter city' is present on page  using regular expression

2024-11-12 18:38:15 - [MESSAGE][PASSED] - Text 'Enter city' is present on page  using regular expression

2024-11-12 18:38:15 - [TEST_STEP][PASSED] - verifyTextPresent("Enter ZIP code", true, CONTINUE_ON_FAILURE): Text 'Enter ZIP code' is present on page  using regular expression

2024-11-12 18:38:16 - [MESSAGE][PASSED] - Text 'Enter ZIP code' is present on page  using regular expression

2024-11-12 18:38:16 - [TEST_STEP][PASSED] - verifyTextPresent("Enter a valid phone number", true, CONTINUE_ON_FAILURE): Text 'Enter a valid phone number' is present on page  using regular expression

2024-11-12 18:38:16 - [MESSAGE][PASSED] - Text 'Enter a valid phone number' is present on page  using regular expression

2024-11-12 18:38:16 - [TEST_STEP][PASSED] - verifyTextPresent("Enter Email", true, CONTINUE_ON_FAILURE): Text 'Enter Email' is present on page  using regular expression

2024-11-12 18:38:16 - [MESSAGE][PASSED] - Text 'Enter Email' is present on page  using regular expression

2024-11-12 18:38:16 - [TEST_STEP][PASSED] - if (TaxType.equalsIgnoreCase("Estate Tax")): null

2024-11-12 18:38:16 - [TEST_STEP][PASSED] - else: Text 'Re-type SSN Validation Error' is present on page  using regular expression

2024-11-12 18:38:16 - [TEST_STEP][PASSED] - verifyTextPresent("Please enter a valid SSN with 9 digits", true, CONTINUE_ON_FAILURE): Text 'Please enter a valid SSN with 9 digits' is present on page  using regular expression

2024-11-12 18:38:17 - [MESSAGE][PASSED] - Text 'Please enter a valid SSN with 9 digits' is present on page  using regular expression

2024-11-12 18:38:17 - [TEST_STEP][PASSED] - verifyTextPresent("Re-type SSN Validation Error", true, CONTINUE_ON_FAILURE): Text 'Re-type SSN Validation Error' is present on page  using regular expression

2024-11-12 18:38:17 - [MESSAGE][PASSED] - Text 'Re-type SSN Validation Error' is present on page  using regular expression

2024-11-12 18:38:17 - [TEST_STEP][PASSED] - resText = "Pass": null

2024-11-12 18:38:17 - [TEST_STEP][PASSED] - pages.WriteExcel.demoKey(resText, datText, resColumn, datCloumn, fileLoc, nameSheet, row): pages.WriteExcel.demoKey is PASSED

2024-11-12 18:38:17 - [MESSAGE][PASSED] - pages.WriteExcel.demoKey is PASSED

2024-11-12 18:38:17 - [TEST_STEP][PASSED] - ExecuteTC = findTestData(dataFile).getValue("Execute", row): null

2024-11-12 18:38:17 - [TEST_STEP][PASSED] - TaxType = findTestData(dataFile).getValue("TaxType", row): null

2024-11-12 18:38:17 - [TEST_STEP][PASSED] - PaymentType = findTestData(dataFile).getValue("PaymentType", row): null

2024-11-12 18:38:17 - [TEST_STEP][PASSED] - FilingYear = findTestData(dataFile).getValue("Year", row): null

2024-11-12 18:38:17 - [TEST_STEP][PASSED] - if (ExecuteTC.equalsIgnoreCase("Y")): pages.WriteExcel.demoKey is PASSED

2024-11-12 18:38:17 - [TEST_STEP][PASSED] - out.println("Begin Record Number: " + row): null

2024-11-12 18:38:17 - [TEST_STEP][PASSED] - today = new java.util.Date(): null

2024-11-12 18:38:17 - [TEST_STEP][PASSED] - println(today): null

2024-11-12 18:38:17 - [TEST_STEP][PASSED] - datText = today: null

2024-11-12 18:38:17 - [TEST_STEP][PASSED] - logInfo("Payment Type: " + PaymentType): Payment Type: New Tax Return Amount Due

2024-11-12 18:38:17 - [MESSAGE][INFO] - Payment Type: New Tax Return Amount Due

2024-11-12 18:38:17 - [TEST_STEP][PASSED] - logInfo("Tax Type: " + TaxType): Tax Type: Personal Income Tax

2024-11-12 18:38:17 - [MESSAGE][INFO] - Tax Type: Personal Income Tax

2024-11-12 18:38:17 - [TEST_STEP][PASSED] - openBrowser(""): Browser is opened with url: ''

2024-11-12 18:38:17 - [MESSAGE][WARNING] - A browser is already opened. Closing browser and opening a new one

2024-11-12 18:38:19 - [MESSAGE][INFO] - Starting 'Chrome' driver

2024-11-12 18:38:19 - [MESSAGE][INFO] - User set preference: ['acceptInsecureCerts', 'true']

2024-11-12 18:38:19 - [MESSAGE][INFO] - Action delay is set to 0 milliseconds

2024-11-12 18:38:21 - [MESSAGE][PASSED] - Browser is opened with url: ''

2024-11-12 18:38:21 - [TEST_STEP][PASSED] - maximizeWindow(): Current window maximized

2024-11-12 18:38:21 - [MESSAGE][PASSED] - Current window maximized

2024-11-12 18:38:21 - [TEST_STEP][PASSED] - navigateToUrl(RADurl): Navigate to 'https://www.velocitypayment.com/client/rad/index.html' successfully

2024-11-12 18:38:26 - [MESSAGE][PASSED] - Navigate to 'https://www.velocitypayment.com/client/rad/index.html' successfully

2024-11-12 18:38:26 - [TEST_STEP][PASSED] - selectOptionByLabel(findTestObject(orPath_Landing + "/dd_TaxType"), PaymentType, false): All options with label 'New Tax Return Amount Due' are selected in object 'Object Repository/RAD_Pages/Landing_Page/dd_TaxType' 

2024-11-12 18:38:26 - [MESSAGE][PASSED] - All options with label 'New Tax Return Amount Due' are selected in object 'Object Repository/RAD_Pages/Landing_Page/dd_TaxType' 

2024-11-12 18:38:26 - [TEST_STEP][PASSED] - switch (PaymentType): null

2024-11-12 18:38:26 - [TEST_STEP][PASSED] - case "New Tax Return Amount Due":: null

2024-11-12 18:38:26 - [TEST_STEP][PASSED] - selectOptionByLabel(findTestObject("Object Repository/RAD_Pages/Landing_Page/select_NewTaxReturnAmountDue_TaxType"), TaxType, false): All options with label 'Personal Income Tax' are selected in object 'Object Repository/RAD_Pages/Landing_Page/select_NewTaxReturnAmountDue_TaxType' 

2024-11-12 18:38:27 - [MESSAGE][PASSED] - All options with label 'Personal Income Tax' are selected in object 'Object Repository/RAD_Pages/Landing_Page/select_NewTaxReturnAmountDue_TaxType' 

2024-11-12 18:38:27 - [TEST_STEP][PASSED] - break: null

2024-11-12 18:38:27 - [TEST_STEP][PASSED] - if (!(FilingYear.isEmpty())): All options with label '2021' are selected in object 'Object Repository/RAD_Pages/TaxTypeFilingYear_Page/select_FilingYear' 

2024-11-12 18:38:27 - [TEST_STEP][PASSED] - selectOptionByLabel(findTestObject(orPath_TaxTypeFilingYear + "/select_FilingYear"), FilingYear, false): All options with label '2021' are selected in object 'Object Repository/RAD_Pages/TaxTypeFilingYear_Page/select_FilingYear' 

2024-11-12 18:38:28 - [MESSAGE][PASSED] - All options with label '2021' are selected in object 'Object Repository/RAD_Pages/TaxTypeFilingYear_Page/select_FilingYear' 

2024-11-12 18:38:28 - [TEST_STEP][PASSED] - setText(findTestObject(orPath_TaxPayer + "/input_firstName"), " "): Text ' ' is set on object 'Object Repository/RAD_Pages/Taxpayer_Page/input_firstName'

2024-11-12 18:38:29 - [MESSAGE][PASSED] - Text ' ' is set on object 'Object Repository/RAD_Pages/Taxpayer_Page/input_firstName'

2024-11-12 18:38:29 - [TEST_STEP][PASSED] - setText(findTestObject(orPath_TaxPayer + "/input_lastName"), " "): Text ' ' is set on object 'Object Repository/RAD_Pages/Taxpayer_Page/input_lastName'

2024-11-12 18:38:29 - [MESSAGE][PASSED] - Text ' ' is set on object 'Object Repository/RAD_Pages/Taxpayer_Page/input_lastName'

2024-11-12 18:38:29 - [TEST_STEP][PASSED] - if (TaxType.equalsIgnoreCase("Estate Tax")): null

2024-11-12 18:38:29 - [TEST_STEP][PASSED] - else: Text ' ' is set on object 'Object Repository/RAD_RecordAndPlay/input_concatReSSN'

2024-11-12 18:38:29 - [TEST_STEP][PASSED] - setText(findTestObject("RAD_RecordAndPlay/input_concatSSN"), " "): Text ' ' is set on object 'Object Repository/RAD_RecordAndPlay/input_concatSSN'

2024-11-12 18:38:30 - [MESSAGE][PASSED] - Text ' ' is set on object 'Object Repository/RAD_RecordAndPlay/input_concatSSN'

2024-11-12 18:38:30 - [TEST_STEP][PASSED] - setText(findTestObject("RAD_RecordAndPlay/input_concatReSSN"), " "): Text ' ' is set on object 'Object Repository/RAD_RecordAndPlay/input_concatReSSN'

2024-11-12 18:38:31 - [MESSAGE][PASSED] - Text ' ' is set on object 'Object Repository/RAD_RecordAndPlay/input_concatReSSN'

2024-11-12 18:38:31 - [TEST_STEP][PASSED] - setText(findTestObject(orPath_AddressContact + "/input_streetAddress1"), " "): Text ' ' is set on object 'Object Repository/RAD_Pages/AddressAndContactInfo_Page/input_streetAddress1'

2024-11-12 18:38:31 - [MESSAGE][PASSED] - Text ' ' is set on object 'Object Repository/RAD_Pages/AddressAndContactInfo_Page/input_streetAddress1'

2024-11-12 18:38:31 - [TEST_STEP][PASSED] - setText(findTestObject(orPath_AddressContact + "/input_city"), " "): Text ' ' is set on object 'Object Repository/RAD_Pages/AddressAndContactInfo_Page/input_city'

2024-11-12 18:38:32 - [MESSAGE][PASSED] - Text ' ' is set on object 'Object Repository/RAD_Pages/AddressAndContactInfo_Page/input_city'

2024-11-12 18:38:32 - [TEST_STEP][PASSED] - setText(findTestObject(orPath_AddressContact + "/input_zipCode"), " "): Text ' ' is set on object 'Object Repository/RAD_Pages/AddressAndContactInfo_Page/input_zipCode'

2024-11-12 18:38:33 - [MESSAGE][PASSED] - Text ' ' is set on object 'Object Repository/RAD_Pages/AddressAndContactInfo_Page/input_zipCode'

2024-11-12 18:38:33 - [TEST_STEP][PASSED] - setText(findTestObject(orPath_AddressContact + "/input_phoneNumber"), " "): Text ' ' is set on object 'Object Repository/RAD_Pages/AddressAndContactInfo_Page/input_phoneNumber'

2024-11-12 18:38:34 - [MESSAGE][PASSED] - Text ' ' is set on object 'Object Repository/RAD_Pages/AddressAndContactInfo_Page/input_phoneNumber'

2024-11-12 18:38:34 - [TEST_STEP][PASSED] - setText(findTestObject(orPath_AddressContact + "/input_eMailAddress"), " "): Text ' ' is set on object 'Object Repository/RAD_Pages/AddressAndContactInfo_Page/input_eMailAddress'

2024-11-12 18:38:35 - [MESSAGE][PASSED] - Text ' ' is set on object 'Object Repository/RAD_Pages/AddressAndContactInfo_Page/input_eMailAddress'

2024-11-12 18:38:35 - [TEST_STEP][PASSED] - setText(findTestObject(orPath_AddressContact + "/input_reEnterEMailAddress"), " "): Text ' ' is set on object 'Object Repository/RAD_Pages/AddressAndContactInfo_Page/input_reEnterEMailAddress'

2024-11-12 18:38:36 - [MESSAGE][PASSED] - Text ' ' is set on object 'Object Repository/RAD_Pages/AddressAndContactInfo_Page/input_reEnterEMailAddress'

2024-11-12 18:38:36 - [TEST_STEP][PASSED] - resText = "Fail": null

2024-11-12 18:38:36 - [TEST_STEP][PASSED] - pages.WriteExcel.demoKey(resText, datText, resColumn, datCloumn, fileLoc, nameSheet, row): pages.WriteExcel.demoKey is PASSED

2024-11-12 18:38:36 - [MESSAGE][PASSED] - pages.WriteExcel.demoKey is PASSED

2024-11-12 18:38:36 - [TEST_STEP][PASSED] - verifyTextPresent("Enter first name", true, CONTINUE_ON_FAILURE): Text 'Enter first name' is present on page  using regular expression

2024-11-12 18:38:36 - [MESSAGE][PASSED] - Text 'Enter first name' is present on page  using regular expression

2024-11-12 18:38:36 - [TEST_STEP][PASSED] - verifyTextPresent("Enter last name", true, CONTINUE_ON_FAILURE): Text 'Enter last name' is present on page  using regular expression

2024-11-12 18:38:37 - [MESSAGE][PASSED] - Text 'Enter last name' is present on page  using regular expression

2024-11-12 18:38:37 - [TEST_STEP][PASSED] - verifyTextPresent("Enter address", true, CONTINUE_ON_FAILURE): Text 'Enter address' is present on page  using regular expression

2024-11-12 18:38:37 - [MESSAGE][PASSED] - Text 'Enter address' is present on page  using regular expression

2024-11-12 18:38:37 - [TEST_STEP][PASSED] - verifyTextPresent("Enter city", true, CONTINUE_ON_FAILURE): Text 'Enter city' is present on page  using regular expression

2024-11-12 18:38:37 - [MESSAGE][PASSED] - Text 'Enter city' is present on page  using regular expression

2024-11-12 18:38:37 - [TEST_STEP][PASSED] - verifyTextPresent("Enter ZIP code", true, CONTINUE_ON_FAILURE): Text 'Enter ZIP code' is present on page  using regular expression

2024-11-12 18:38:38 - [MESSAGE][PASSED] - Text 'Enter ZIP code' is present on page  using regular expression

2024-11-12 18:38:38 - [TEST_STEP][PASSED] - verifyTextPresent("Enter a valid phone number", true, CONTINUE_ON_FAILURE): Text 'Enter a valid phone number' is present on page  using regular expression

2024-11-12 18:38:38 - [MESSAGE][PASSED] - Text 'Enter a valid phone number' is present on page  using regular expression

2024-11-12 18:38:38 - [TEST_STEP][PASSED] - verifyTextPresent("Enter Email", true, CONTINUE_ON_FAILURE): Text 'Enter Email' is present on page  using regular expression

2024-11-12 18:38:38 - [MESSAGE][PASSED] - Text 'Enter Email' is present on page  using regular expression

2024-11-12 18:38:38 - [TEST_STEP][PASSED] - if (TaxType.equalsIgnoreCase("Estate Tax")): null

2024-11-12 18:38:38 - [TEST_STEP][PASSED] - else: Text 'Re-type SSN Validation Error' is present on page  using regular expression

2024-11-12 18:38:38 - [TEST_STEP][PASSED] - verifyTextPresent("Please enter a valid SSN with 9 digits", true, CONTINUE_ON_FAILURE): Text 'Please enter a valid SSN with 9 digits' is present on page  using regular expression

2024-11-12 18:38:39 - [MESSAGE][PASSED] - Text 'Please enter a valid SSN with 9 digits' is present on page  using regular expression

2024-11-12 18:38:39 - [TEST_STEP][PASSED] - verifyTextPresent("Re-type SSN Validation Error", true, CONTINUE_ON_FAILURE): Text 'Re-type SSN Validation Error' is present on page  using regular expression

2024-11-12 18:38:39 - [MESSAGE][PASSED] - Text 'Re-type SSN Validation Error' is present on page  using regular expression

2024-11-12 18:38:39 - [TEST_STEP][PASSED] - resText = "Pass": null

2024-11-12 18:38:39 - [TEST_STEP][PASSED] - pages.WriteExcel.demoKey(resText, datText, resColumn, datCloumn, fileLoc, nameSheet, row): pages.WriteExcel.demoKey is PASSED

2024-11-12 18:38:39 - [MESSAGE][PASSED] - pages.WriteExcel.demoKey is PASSED

2024-11-12 18:38:39 - [TEST_STEP][PASSED] - ExecuteTC = findTestData(dataFile).getValue("Execute", row): null

2024-11-12 18:38:39 - [TEST_STEP][PASSED] - TaxType = findTestData(dataFile).getValue("TaxType", row): null

2024-11-12 18:38:39 - [TEST_STEP][PASSED] - PaymentType = findTestData(dataFile).getValue("PaymentType", row): null

2024-11-12 18:38:39 - [TEST_STEP][PASSED] - FilingYear = findTestData(dataFile).getValue("Year", row): null

2024-11-12 18:38:39 - [TEST_STEP][PASSED] - if (ExecuteTC.equalsIgnoreCase("Y")): null

2024-11-12 18:38:39 - [TEST_STEP][PASSED] - ExecuteTC = findTestData(dataFile).getValue("Execute", row): null

2024-11-12 18:38:39 - [TEST_STEP][PASSED] - TaxType = findTestData(dataFile).getValue("TaxType", row): null

2024-11-12 18:38:39 - [TEST_STEP][PASSED] - PaymentType = findTestData(dataFile).getValue("PaymentType", row): null

2024-11-12 18:38:39 - [TEST_STEP][PASSED] - FilingYear = findTestData(dataFile).getValue("Year", row): null

2024-11-12 18:38:40 - [TEST_STEP][PASSED] - if (ExecuteTC.equalsIgnoreCase("Y")): null

2024-11-12 18:38:40 - [TEST_STEP][PASSED] - ExecuteTC = findTestData(dataFile).getValue("Execute", row): null

2024-11-12 18:38:40 - [TEST_STEP][PASSED] - TaxType = findTestData(dataFile).getValue("TaxType", row): null

2024-11-12 18:38:40 - [TEST_STEP][PASSED] - PaymentType = findTestData(dataFile).getValue("PaymentType", row): null

2024-11-12 18:38:40 - [TEST_STEP][PASSED] - FilingYear = findTestData(dataFile).getValue("Year", row): null

2024-11-12 18:38:40 - [TEST_STEP][PASSED] - if (ExecuteTC.equalsIgnoreCase("Y")): null]]></system-out>
         <system-err><![CDATA[]]></system-err>
      </testcase>
      <testcase name="Test Cases/RAD_TestCases/MRF_TestCases/Personal_Joint_MRF_TC" time="134.153" classname="Test Cases/RAD_TestCases/MRF_TestCases/Personal_Joint_MRF_TC" status="PASSED">
         <system-out><![CDATA[2024-11-12 18:38:40 - [TEST_CASE][PASSED] - Test Cases/RAD_TestCases/MRF_TestCases/Personal_Joint_MRF_TC: Test Cases/RAD_TestCases/MRF_TestCases/Personal_Joint_MRF_TC

2024-11-12 18:38:40 - [TEST_STEP][PASSED] - resText = "Fail": null

2024-11-12 18:38:40 - [TEST_STEP][PASSED] - resColumn = "Result": null

2024-11-12 18:38:40 - [TEST_STEP][PASSED] - datCloumn = "Date": null

2024-11-12 18:38:40 - [TEST_STEP][PASSED] - fileLoc = "KatalonData/RADTestData/MRF.xlsx": null

2024-11-12 18:38:40 - [TEST_STEP][PASSED] - nameSheet = "Personal_JNT": null

2024-11-12 18:38:40 - [TEST_STEP][PASSED] - dataFile = "RADTestData/MRF_Personal_JNT": null

2024-11-12 18:38:40 - [TEST_STEP][PASSED] - orPath_Landing = "Object Repository/RAD_Pages/Landing_Page": null

2024-11-12 18:38:40 - [TEST_STEP][PASSED] - orPath_TaxTypeFilingYear = "Object Repository/RAD_Pages/TaxTypeFilingYear_Page": null

2024-11-12 18:38:40 - [TEST_STEP][PASSED] - orPath_Amount = "Object Repository/RAD_Pages/PaymentAmount_Page": null

2024-11-12 18:38:40 - [TEST_STEP][PASSED] - orPath_AddressContact = "Object Repository/RAD_Pages/AddressAndContactInfo_Page": null

2024-11-12 18:38:40 - [TEST_STEP][PASSED] - orPath_Summary = "Object Repository/RAD_Pages/Summary_Page": null

2024-11-12 18:38:40 - [TEST_STEP][PASSED] - orPath_PaymentConfirmation = "Object Repository/RAD_Pages/PaymentConfirmation_Page": null

2024-11-12 18:38:40 - [TEST_STEP][PASSED] - orPath_ServiceFeesAccept = "Object Repository/RAD_Pages/ServiceFeeAccept_Page": null

2024-11-12 18:38:40 - [TEST_STEP][PASSED] - orPath_PaymentEntry = "Object Repository/RAD_Pages/PaymentEntry_Page": null

2024-11-12 18:38:40 - [TEST_STEP][PASSED] - orPath_FilingStatus = "Object Repository/RAD_Pages/FilingStatus_Page": null

2024-11-12 18:38:40 - [TEST_STEP][PASSED] - orPath_TaxPayer = "Object Repository/RAD_Pages/Taxpayer_Page": null

2024-11-12 18:38:40 - [TEST_STEP][PASSED] - ExecuteTC = <not implemented yet for class: org.codehaus.groovy.ast.expr.EmptyExpression>: null

2024-11-12 18:38:40 - [TEST_STEP][PASSED] - TaxType = <not implemented yet for class: org.codehaus.groovy.ast.expr.EmptyExpression>: null

2024-11-12 18:38:40 - [TEST_STEP][PASSED] - PaymentType = <not implemented yet for class: org.codehaus.groovy.ast.expr.EmptyExpression>: null

2024-11-12 18:38:40 - [TEST_STEP][PASSED] - FilingYear = <not implemented yet for class: org.codehaus.groovy.ast.expr.EmptyExpression>: null

2024-11-12 18:38:40 - [TEST_STEP][PASSED] - PeriodEndingMonth = <not implemented yet for class: org.codehaus.groovy.ast.expr.EmptyExpression>: null

2024-11-12 18:38:40 - [TEST_STEP][PASSED] - executionProfile = getExecutionProfile(): null

2024-11-12 18:38:40 - [TEST_STEP][PASSED] - numOfRows = findTestData(dataFile).getRowNumbers(): null

2024-11-12 18:38:40 - [TEST_STEP][PASSED] - println("Number of Records: " + numOfRows): null

2024-11-12 18:38:40 - [TEST_STEP][PASSED] - for ([row = 1, row <= numOfRows, (row++)]): pages.WriteExcel.demoKey is PASSED

2024-11-12 18:38:40 - [TEST_STEP][PASSED] - ExecuteTC = findTestData(dataFile).getValue("Execute", row): null

2024-11-12 18:38:41 - [TEST_STEP][PASSED] - TaxType = findTestData(dataFile).getValue("TaxType", row): null

2024-11-12 18:38:41 - [TEST_STEP][PASSED] - PaymentType = findTestData(dataFile).getValue("PaymentType", row): null

2024-11-12 18:38:41 - [TEST_STEP][PASSED] - FilingYear = findTestData(dataFile).getValue("Year", row): null

2024-11-12 18:38:41 - [TEST_STEP][PASSED] - if (ExecuteTC.equalsIgnoreCase("Y")): pages.WriteExcel.demoKey is PASSED

2024-11-12 18:38:41 - [TEST_STEP][PASSED] - out.println("Begin Record Number: " + row): null

2024-11-12 18:38:41 - [TEST_STEP][PASSED] - today = new java.util.Date(): null

2024-11-12 18:38:41 - [TEST_STEP][PASSED] - println(today): null

2024-11-12 18:38:41 - [TEST_STEP][PASSED] - datText = today: null

2024-11-12 18:38:41 - [TEST_STEP][PASSED] - logInfo("Payment Type: " + PaymentType): Payment Type: Quarterly Estimated Tax

2024-11-12 18:38:41 - [MESSAGE][INFO] - Payment Type: Quarterly Estimated Tax

2024-11-12 18:38:41 - [TEST_STEP][PASSED] - logInfo("Tax Type: " + TaxType): Tax Type: Personal Income Tax

2024-11-12 18:38:41 - [MESSAGE][INFO] - Tax Type: Personal Income Tax

2024-11-12 18:38:41 - [TEST_STEP][PASSED] - openBrowser(""): Browser is opened with url: ''

2024-11-12 18:38:41 - [MESSAGE][WARNING] - A browser is already opened. Closing browser and opening a new one

2024-11-12 18:38:42 - [MESSAGE][INFO] - Starting 'Chrome' driver

2024-11-12 18:38:42 - [MESSAGE][INFO] - User set preference: ['acceptInsecureCerts', 'true']

2024-11-12 18:38:42 - [MESSAGE][INFO] - Action delay is set to 0 milliseconds

2024-11-12 18:38:44 - [MESSAGE][PASSED] - Browser is opened with url: ''

2024-11-12 18:38:44 - [TEST_STEP][PASSED] - maximizeWindow(): Current window maximized

2024-11-12 18:38:44 - [MESSAGE][PASSED] - Current window maximized

2024-11-12 18:38:44 - [TEST_STEP][PASSED] - navigateToUrl(RADurl): Navigate to 'https://www.velocitypayment.com/client/rad/index.html' successfully

2024-11-12 18:38:46 - [MESSAGE][PASSED] - Navigate to 'https://www.velocitypayment.com/client/rad/index.html' successfully

2024-11-12 18:38:46 - [TEST_STEP][PASSED] - selectOptionByLabel(findTestObject(orPath_Landing + "/dd_TaxType"), PaymentType, false): All options with label 'Quarterly Estimated Tax' are selected in object 'Object Repository/RAD_Pages/Landing_Page/dd_TaxType' 

2024-11-12 18:38:46 - [MESSAGE][PASSED] - All options with label 'Quarterly Estimated Tax' are selected in object 'Object Repository/RAD_Pages/Landing_Page/dd_TaxType' 

2024-11-12 18:38:46 - [TEST_STEP][PASSED] - switch (PaymentType): null

2024-11-12 18:38:46 - [TEST_STEP][PASSED] - case "Quarterly Estimated Tax":: null

2024-11-12 18:38:46 - [TEST_STEP][PASSED] - selectOptionByLabel(findTestObject(orPath_TaxTypeFilingYear + "/select_PaymentType"), TaxType, false): All options with label 'Personal Income Tax' are selected in object 'Object Repository/RAD_Pages/TaxTypeFilingYear_Page/select_PaymentType' 

2024-11-12 18:38:47 - [MESSAGE][PASSED] - All options with label 'Personal Income Tax' are selected in object 'Object Repository/RAD_Pages/TaxTypeFilingYear_Page/select_PaymentType' 

2024-11-12 18:38:47 - [TEST_STEP][PASSED] - break: null

2024-11-12 18:38:47 - [TEST_STEP][PASSED] - if (!(FilingYear.isEmpty())): All options with label '2024' are selected in object 'Object Repository/RAD_Pages/TaxTypeFilingYear_Page/select_FilingYear' 

2024-11-12 18:38:47 - [TEST_STEP][PASSED] - selectOptionByLabel(findTestObject(orPath_TaxTypeFilingYear + "/select_FilingYear"), FilingYear, false): All options with label '2024' are selected in object 'Object Repository/RAD_Pages/TaxTypeFilingYear_Page/select_FilingYear' 

2024-11-12 18:38:48 - [MESSAGE][PASSED] - All options with label '2024' are selected in object 'Object Repository/RAD_Pages/TaxTypeFilingYear_Page/select_FilingYear' 

2024-11-12 18:38:48 - [TEST_STEP][PASSED] - setText(findTestObject(orPath_TaxPayer + "/input_firstName"), " "): Text ' ' is set on object 'Object Repository/RAD_Pages/Taxpayer_Page/input_firstName'

2024-11-12 18:38:49 - [MESSAGE][PASSED] - Text ' ' is set on object 'Object Repository/RAD_Pages/Taxpayer_Page/input_firstName'

2024-11-12 18:38:49 - [TEST_STEP][PASSED] - setText(findTestObject(orPath_TaxPayer + "/input_lastName"), " "): Text ' ' is set on object 'Object Repository/RAD_Pages/Taxpayer_Page/input_lastName'

2024-11-12 18:38:49 - [MESSAGE][PASSED] - Text ' ' is set on object 'Object Repository/RAD_Pages/Taxpayer_Page/input_lastName'

2024-11-12 18:38:49 - [TEST_STEP][PASSED] - setText(findTestObject("RAD_RecordAndPlay/input_concatSSN"), " "): Text ' ' is set on object 'Object Repository/RAD_RecordAndPlay/input_concatSSN'

2024-11-12 18:38:50 - [MESSAGE][PASSED] - Text ' ' is set on object 'Object Repository/RAD_RecordAndPlay/input_concatSSN'

2024-11-12 18:38:50 - [TEST_STEP][PASSED] - setText(findTestObject("RAD_RecordAndPlay/input_concatReSSN"), " "): Text ' ' is set on object 'Object Repository/RAD_RecordAndPlay/input_concatReSSN'

2024-11-12 18:38:51 - [MESSAGE][PASSED] - Text ' ' is set on object 'Object Repository/RAD_RecordAndPlay/input_concatReSSN'

2024-11-12 18:38:51 - [TEST_STEP][PASSED] - setText(findTestObject(orPath_AddressContact + "/input_streetAddress1"), " "): Text ' ' is set on object 'Object Repository/RAD_Pages/AddressAndContactInfo_Page/input_streetAddress1'

2024-11-12 18:38:51 - [MESSAGE][PASSED] - Text ' ' is set on object 'Object Repository/RAD_Pages/AddressAndContactInfo_Page/input_streetAddress1'

2024-11-12 18:38:52 - [TEST_STEP][PASSED] - setText(findTestObject(orPath_AddressContact + "/input_city"), " "): Text ' ' is set on object 'Object Repository/RAD_Pages/AddressAndContactInfo_Page/input_city'

2024-11-12 18:38:52 - [MESSAGE][PASSED] - Text ' ' is set on object 'Object Repository/RAD_Pages/AddressAndContactInfo_Page/input_city'

2024-11-12 18:38:52 - [TEST_STEP][PASSED] - setText(findTestObject(orPath_AddressContact + "/input_zipCode"), " "): Text ' ' is set on object 'Object Repository/RAD_Pages/AddressAndContactInfo_Page/input_zipCode'

2024-11-12 18:38:53 - [MESSAGE][PASSED] - Text ' ' is set on object 'Object Repository/RAD_Pages/AddressAndContactInfo_Page/input_zipCode'

2024-11-12 18:38:53 - [TEST_STEP][PASSED] - setText(findTestObject(orPath_AddressContact + "/input_phoneNumber"), " "): Text ' ' is set on object 'Object Repository/RAD_Pages/AddressAndContactInfo_Page/input_phoneNumber'

2024-11-12 18:38:54 - [MESSAGE][PASSED] - Text ' ' is set on object 'Object Repository/RAD_Pages/AddressAndContactInfo_Page/input_phoneNumber'

2024-11-12 18:38:54 - [TEST_STEP][PASSED] - setText(findTestObject(orPath_AddressContact + "/input_eMailAddress"), " "): Text ' ' is set on object 'Object Repository/RAD_Pages/AddressAndContactInfo_Page/input_eMailAddress'

2024-11-12 18:38:55 - [MESSAGE][PASSED] - Text ' ' is set on object 'Object Repository/RAD_Pages/AddressAndContactInfo_Page/input_eMailAddress'

2024-11-12 18:38:55 - [TEST_STEP][PASSED] - setText(findTestObject(orPath_AddressContact + "/input_reEnterEMailAddress"), " "): Text ' ' is set on object 'Object Repository/RAD_Pages/AddressAndContactInfo_Page/input_reEnterEMailAddress'

2024-11-12 18:38:56 - [MESSAGE][PASSED] - Text ' ' is set on object 'Object Repository/RAD_Pages/AddressAndContactInfo_Page/input_reEnterEMailAddress'

2024-11-12 18:38:56 - [TEST_STEP][PASSED] - scrollToElement(findTestObject(orPath_Landing + "/button_Continue"), 3): Scroll to object 'Object Repository/RAD_Pages/Landing_Page/button_Continue' successfully

2024-11-12 18:38:56 - [MESSAGE][PASSED] - Scroll to object 'Object Repository/RAD_Pages/Landing_Page/button_Continue' successfully

2024-11-12 18:38:56 - [TEST_STEP][PASSED] - waitForElementClickable(findTestObject(orPath_FilingStatus + "/input_JointFiling_userType_New"), 5): Object 'Object Repository/RAD_Pages/FilingStatus_Page/input_JointFiling_userType_New' is clickable

2024-11-12 18:38:57 - [MESSAGE][PASSED] - Object 'Object Repository/RAD_Pages/FilingStatus_Page/input_JointFiling_userType_New' is clickable

2024-11-12 18:38:57 - [TEST_STEP][PASSED] - check(findTestObject(orPath_FilingStatus + "/input_JointFiling_userType_New")): Object 'Object Repository/RAD_Pages/FilingStatus_Page/input_JointFiling_userType_New' is checked

2024-11-12 18:38:57 - [MESSAGE][PASSED] - Object 'Object Repository/RAD_Pages/FilingStatus_Page/input_JointFiling_userType_New' is checked

2024-11-12 18:38:57 - [TEST_STEP][PASSED] - delay(2): Delayed 2 second(s)

2024-11-12 18:38:59 - [MESSAGE][PASSED] - Delayed 2 second(s)

2024-11-12 18:38:59 - [TEST_STEP][PASSED] - setText(findTestObject(orPath_FilingStatus + "/input_jointFirstName"), " "): Text ' ' is set on object 'Object Repository/RAD_Pages/FilingStatus_Page/input_jointFirstName'

2024-11-12 18:39:00 - [MESSAGE][PASSED] - Text ' ' is set on object 'Object Repository/RAD_Pages/FilingStatus_Page/input_jointFirstName'

2024-11-12 18:39:00 - [TEST_STEP][PASSED] - setText(findTestObject(orPath_FilingStatus + "/input_jointLastName"), " "): Text ' ' is set on object 'Object Repository/RAD_Pages/FilingStatus_Page/input_jointLastName'

2024-11-12 18:39:01 - [MESSAGE][PASSED] - Text ' ' is set on object 'Object Repository/RAD_Pages/FilingStatus_Page/input_jointLastName'

2024-11-12 18:39:01 - [TEST_STEP][PASSED] - setText(findTestObject("Object Repository/RAD_RecordAndPlay/input_JointFilerSSN"), " "): Text ' ' is set on object 'Object Repository/RAD_RecordAndPlay/input_JointFilerSSN'

2024-11-12 18:39:01 - [MESSAGE][PASSED] - Text ' ' is set on object 'Object Repository/RAD_RecordAndPlay/input_JointFilerSSN'

2024-11-12 18:39:01 - [TEST_STEP][PASSED] - setText(findTestObject("Object Repository/RAD_RecordAndPlay/input_reTypeJointFilerSSN"), " "): Text ' ' is set on object 'Object Repository/RAD_RecordAndPlay/input_reTypeJointFilerSSN'

2024-11-12 18:39:02 - [MESSAGE][PASSED] - Text ' ' is set on object 'Object Repository/RAD_RecordAndPlay/input_reTypeJointFilerSSN'

2024-11-12 18:39:02 - [TEST_STEP][PASSED] - resText = "Fail": null

2024-11-12 18:39:02 - [TEST_STEP][PASSED] - pages.WriteExcel.demoKey(resText, datText, resColumn, datCloumn, fileLoc, nameSheet, row): pages.WriteExcel.demoKey is PASSED

2024-11-12 18:39:02 - [MESSAGE][PASSED] - pages.WriteExcel.demoKey is PASSED

2024-11-12 18:39:02 - [TEST_STEP][PASSED] - verifyTextPresent("Enter first name", true, CONTINUE_ON_FAILURE): Text 'Enter first name' is present on page  using regular expression

2024-11-12 18:39:03 - [MESSAGE][PASSED] - Text 'Enter first name' is present on page  using regular expression

2024-11-12 18:39:03 - [TEST_STEP][PASSED] - verifyTextPresent("Enter last name", true, CONTINUE_ON_FAILURE): Text 'Enter last name' is present on page  using regular expression

2024-11-12 18:39:03 - [MESSAGE][PASSED] - Text 'Enter last name' is present on page  using regular expression

2024-11-12 18:39:03 - [TEST_STEP][PASSED] - verifyTextPresent("Please enter a valid SSN with 9 digits", true, CONTINUE_ON_FAILURE): Text 'Please enter a valid SSN with 9 digits' is present on page  using regular expression

2024-11-12 18:39:03 - [MESSAGE][PASSED] - Text 'Please enter a valid SSN with 9 digits' is present on page  using regular expression

2024-11-12 18:39:03 - [TEST_STEP][PASSED] - verifyTextPresent("Re-type SSN Validation Error", true, CONTINUE_ON_FAILURE): Text 'Re-type SSN Validation Error' is present on page  using regular expression

2024-11-12 18:39:04 - [MESSAGE][PASSED] - Text 'Re-type SSN Validation Error' is present on page  using regular expression

2024-11-12 18:39:04 - [TEST_STEP][PASSED] - verifyTextPresent("Enter address", true, CONTINUE_ON_FAILURE): Text 'Enter address' is present on page  using regular expression

2024-11-12 18:39:04 - [MESSAGE][PASSED] - Text 'Enter address' is present on page  using regular expression

2024-11-12 18:39:04 - [TEST_STEP][PASSED] - verifyTextPresent("Enter city", true, CONTINUE_ON_FAILURE): Text 'Enter city' is present on page  using regular expression

2024-11-12 18:39:04 - [MESSAGE][PASSED] - Text 'Enter city' is present on page  using regular expression

2024-11-12 18:39:04 - [TEST_STEP][PASSED] - verifyTextPresent("Enter ZIP code", true, CONTINUE_ON_FAILURE): Text 'Enter ZIP code' is present on page  using regular expression

2024-11-12 18:39:05 - [MESSAGE][PASSED] - Text 'Enter ZIP code' is present on page  using regular expression

2024-11-12 18:39:05 - [TEST_STEP][PASSED] - verifyTextPresent("Enter a valid phone number", true, CONTINUE_ON_FAILURE): Text 'Enter a valid phone number' is present on page  using regular expression

2024-11-12 18:39:05 - [MESSAGE][PASSED] - Text 'Enter a valid phone number' is present on page  using regular expression

2024-11-12 18:39:05 - [TEST_STEP][PASSED] - verifyTextPresent("Enter Email", true, CONTINUE_ON_FAILURE): Text 'Enter Email' is present on page  using regular expression

2024-11-12 18:39:05 - [MESSAGE][PASSED] - Text 'Enter Email' is present on page  using regular expression

2024-11-12 18:39:05 - [TEST_STEP][PASSED] - verifyTextPresent("Enter joint payer first name", true, CONTINUE_ON_FAILURE): Text 'Enter joint payer first name' is present on page  using regular expression

2024-11-12 18:39:06 - [MESSAGE][PASSED] - Text 'Enter joint payer first name' is present on page  using regular expression

2024-11-12 18:39:06 - [TEST_STEP][PASSED] - verifyTextPresent("Enter joint payer last name", true, CONTINUE_ON_FAILURE): Text 'Enter joint payer last name' is present on page  using regular expression

2024-11-12 18:39:06 - [MESSAGE][PASSED] - Text 'Enter joint payer last name' is present on page  using regular expression

2024-11-12 18:39:06 - [TEST_STEP][PASSED] - verifyTextPresent("Please enter a valid SSN with 9 digits", true, CONTINUE_ON_FAILURE): Text 'Please enter a valid SSN with 9 digits' is present on page  using regular expression

2024-11-12 18:39:06 - [MESSAGE][PASSED] - Text 'Please enter a valid SSN with 9 digits' is present on page  using regular expression

2024-11-12 18:39:06 - [TEST_STEP][PASSED] - verifyTextPresent("Re-type SSN Validation Error", true, CONTINUE_ON_FAILURE): Text 'Re-type SSN Validation Error' is present on page  using regular expression

2024-11-12 18:39:07 - [MESSAGE][PASSED] - Text 'Re-type SSN Validation Error' is present on page  using regular expression

2024-11-12 18:39:07 - [TEST_STEP][PASSED] - resText = "Pass": null

2024-11-12 18:39:07 - [TEST_STEP][PASSED] - pages.WriteExcel.demoKey(resText, datText, resColumn, datCloumn, fileLoc, nameSheet, row): pages.WriteExcel.demoKey is PASSED

2024-11-12 18:39:07 - [MESSAGE][PASSED] - pages.WriteExcel.demoKey is PASSED

2024-11-12 18:39:07 - [TEST_STEP][PASSED] - ExecuteTC = findTestData(dataFile).getValue("Execute", row): null

2024-11-12 18:39:07 - [TEST_STEP][PASSED] - TaxType = findTestData(dataFile).getValue("TaxType", row): null

2024-11-12 18:39:07 - [TEST_STEP][PASSED] - PaymentType = findTestData(dataFile).getValue("PaymentType", row): null

2024-11-12 18:39:07 - [TEST_STEP][PASSED] - FilingYear = findTestData(dataFile).getValue("Year", row): null

2024-11-12 18:39:07 - [TEST_STEP][PASSED] - if (ExecuteTC.equalsIgnoreCase("Y")): pages.WriteExcel.demoKey is PASSED

2024-11-12 18:39:07 - [TEST_STEP][PASSED] - out.println("Begin Record Number: " + row): null

2024-11-12 18:39:07 - [TEST_STEP][PASSED] - today = new java.util.Date(): null

2024-11-12 18:39:07 - [TEST_STEP][PASSED] - println(today): null

2024-11-12 18:39:07 - [TEST_STEP][PASSED] - datText = today: null

2024-11-12 18:39:07 - [TEST_STEP][PASSED] - logInfo("Payment Type: " + PaymentType): Payment Type: Extension Payments

2024-11-12 18:39:07 - [MESSAGE][INFO] - Payment Type: Extension Payments

2024-11-12 18:39:07 - [TEST_STEP][PASSED] - logInfo("Tax Type: " + TaxType): Tax Type: Personal Income Tax

2024-11-12 18:39:07 - [MESSAGE][INFO] - Tax Type: Personal Income Tax

2024-11-12 18:39:07 - [TEST_STEP][PASSED] - openBrowser(""): Browser is opened with url: ''

2024-11-12 18:39:07 - [MESSAGE][WARNING] - A browser is already opened. Closing browser and opening a new one

2024-11-12 18:39:08 - [MESSAGE][INFO] - Starting 'Chrome' driver

2024-11-12 18:39:08 - [MESSAGE][INFO] - User set preference: ['acceptInsecureCerts', 'true']

2024-11-12 18:39:08 - [MESSAGE][INFO] - Action delay is set to 0 milliseconds

2024-11-12 18:39:10 - [MESSAGE][PASSED] - Browser is opened with url: ''

2024-11-12 18:39:10 - [TEST_STEP][PASSED] - maximizeWindow(): Current window maximized

2024-11-12 18:39:10 - [MESSAGE][PASSED] - Current window maximized

2024-11-12 18:39:10 - [TEST_STEP][PASSED] - navigateToUrl(RADurl): Navigate to 'https://www.velocitypayment.com/client/rad/index.html' successfully

2024-11-12 18:39:10 - [MESSAGE][PASSED] - Navigate to 'https://www.velocitypayment.com/client/rad/index.html' successfully

2024-11-12 18:39:10 - [TEST_STEP][PASSED] - selectOptionByLabel(findTestObject(orPath_Landing + "/dd_TaxType"), PaymentType, false): All options with label 'Extension Payments' are selected in object 'Object Repository/RAD_Pages/Landing_Page/dd_TaxType' 

2024-11-12 18:39:13 - [MESSAGE][PASSED] - All options with label 'Extension Payments' are selected in object 'Object Repository/RAD_Pages/Landing_Page/dd_TaxType' 

2024-11-12 18:39:13 - [TEST_STEP][PASSED] - switch (PaymentType): null

2024-11-12 18:39:13 - [TEST_STEP][PASSED] - case "Extension Payments":: null

2024-11-12 18:39:13 - [TEST_STEP][PASSED] - selectOptionByLabel(findTestObject(orPath_TaxTypeFilingYear + "/select_PaymentType"), TaxType, false): All options with label 'Personal Income Tax' are selected in object 'Object Repository/RAD_Pages/TaxTypeFilingYear_Page/select_PaymentType' 

2024-11-12 18:39:13 - [MESSAGE][PASSED] - All options with label 'Personal Income Tax' are selected in object 'Object Repository/RAD_Pages/TaxTypeFilingYear_Page/select_PaymentType' 

2024-11-12 18:39:13 - [TEST_STEP][PASSED] - break: null

2024-11-12 18:39:13 - [TEST_STEP][PASSED] - if (!(FilingYear.isEmpty())): All options with label '2023' are selected in object 'Object Repository/RAD_Pages/TaxTypeFilingYear_Page/select_FilingYear' 

2024-11-12 18:39:13 - [TEST_STEP][PASSED] - selectOptionByLabel(findTestObject(orPath_TaxTypeFilingYear + "/select_FilingYear"), FilingYear, false): All options with label '2023' are selected in object 'Object Repository/RAD_Pages/TaxTypeFilingYear_Page/select_FilingYear' 

2024-11-12 18:39:14 - [MESSAGE][PASSED] - All options with label '2023' are selected in object 'Object Repository/RAD_Pages/TaxTypeFilingYear_Page/select_FilingYear' 

2024-11-12 18:39:14 - [TEST_STEP][PASSED] - setText(findTestObject(orPath_TaxPayer + "/input_firstName"), " "): Text ' ' is set on object 'Object Repository/RAD_Pages/Taxpayer_Page/input_firstName'

2024-11-12 18:39:15 - [MESSAGE][PASSED] - Text ' ' is set on object 'Object Repository/RAD_Pages/Taxpayer_Page/input_firstName'

2024-11-12 18:39:15 - [TEST_STEP][PASSED] - setText(findTestObject(orPath_TaxPayer + "/input_lastName"), " "): Text ' ' is set on object 'Object Repository/RAD_Pages/Taxpayer_Page/input_lastName'

2024-11-12 18:39:16 - [MESSAGE][PASSED] - Text ' ' is set on object 'Object Repository/RAD_Pages/Taxpayer_Page/input_lastName'

2024-11-12 18:39:16 - [TEST_STEP][PASSED] - setText(findTestObject("RAD_RecordAndPlay/input_concatSSN"), " "): Text ' ' is set on object 'Object Repository/RAD_RecordAndPlay/input_concatSSN'

2024-11-12 18:39:16 - [MESSAGE][PASSED] - Text ' ' is set on object 'Object Repository/RAD_RecordAndPlay/input_concatSSN'

2024-11-12 18:39:16 - [TEST_STEP][PASSED] - setText(findTestObject("RAD_RecordAndPlay/input_concatReSSN"), " "): Text ' ' is set on object 'Object Repository/RAD_RecordAndPlay/input_concatReSSN'

2024-11-12 18:39:17 - [MESSAGE][PASSED] - Text ' ' is set on object 'Object Repository/RAD_RecordAndPlay/input_concatReSSN'

2024-11-12 18:39:17 - [TEST_STEP][PASSED] - setText(findTestObject(orPath_AddressContact + "/input_streetAddress1"), " "): Text ' ' is set on object 'Object Repository/RAD_Pages/AddressAndContactInfo_Page/input_streetAddress1'

2024-11-12 18:39:18 - [MESSAGE][PASSED] - Text ' ' is set on object 'Object Repository/RAD_Pages/AddressAndContactInfo_Page/input_streetAddress1'

2024-11-12 18:39:18 - [TEST_STEP][PASSED] - setText(findTestObject(orPath_AddressContact + "/input_city"), " "): Text ' ' is set on object 'Object Repository/RAD_Pages/AddressAndContactInfo_Page/input_city'

2024-11-12 18:39:18 - [MESSAGE][PASSED] - Text ' ' is set on object 'Object Repository/RAD_Pages/AddressAndContactInfo_Page/input_city'

2024-11-12 18:39:18 - [TEST_STEP][PASSED] - setText(findTestObject(orPath_AddressContact + "/input_zipCode"), " "): Text ' ' is set on object 'Object Repository/RAD_Pages/AddressAndContactInfo_Page/input_zipCode'

2024-11-12 18:39:19 - [MESSAGE][PASSED] - Text ' ' is set on object 'Object Repository/RAD_Pages/AddressAndContactInfo_Page/input_zipCode'

2024-11-12 18:39:19 - [TEST_STEP][PASSED] - setText(findTestObject(orPath_AddressContact + "/input_phoneNumber"), " "): Text ' ' is set on object 'Object Repository/RAD_Pages/AddressAndContactInfo_Page/input_phoneNumber'

2024-11-12 18:39:20 - [MESSAGE][PASSED] - Text ' ' is set on object 'Object Repository/RAD_Pages/AddressAndContactInfo_Page/input_phoneNumber'

2024-11-12 18:39:20 - [TEST_STEP][PASSED] - setText(findTestObject(orPath_AddressContact + "/input_eMailAddress"), " "): Text ' ' is set on object 'Object Repository/RAD_Pages/AddressAndContactInfo_Page/input_eMailAddress'

2024-11-12 18:39:21 - [MESSAGE][PASSED] - Text ' ' is set on object 'Object Repository/RAD_Pages/AddressAndContactInfo_Page/input_eMailAddress'

2024-11-12 18:39:21 - [TEST_STEP][PASSED] - setText(findTestObject(orPath_AddressContact + "/input_reEnterEMailAddress"), " "): Text ' ' is set on object 'Object Repository/RAD_Pages/AddressAndContactInfo_Page/input_reEnterEMailAddress'

2024-11-12 18:39:22 - [MESSAGE][PASSED] - Text ' ' is set on object 'Object Repository/RAD_Pages/AddressAndContactInfo_Page/input_reEnterEMailAddress'

2024-11-12 18:39:22 - [TEST_STEP][PASSED] - scrollToElement(findTestObject(orPath_Landing + "/button_Continue"), 3): Scroll to object 'Object Repository/RAD_Pages/Landing_Page/button_Continue' successfully

2024-11-12 18:39:22 - [MESSAGE][PASSED] - Scroll to object 'Object Repository/RAD_Pages/Landing_Page/button_Continue' successfully

2024-11-12 18:39:22 - [TEST_STEP][PASSED] - waitForElementClickable(findTestObject(orPath_FilingStatus + "/input_JointFiling_userType_New"), 5): Object 'Object Repository/RAD_Pages/FilingStatus_Page/input_JointFiling_userType_New' is clickable

2024-11-12 18:39:23 - [MESSAGE][PASSED] - Object 'Object Repository/RAD_Pages/FilingStatus_Page/input_JointFiling_userType_New' is clickable

2024-11-12 18:39:23 - [TEST_STEP][PASSED] - check(findTestObject(orPath_FilingStatus + "/input_JointFiling_userType_New")): Object 'Object Repository/RAD_Pages/FilingStatus_Page/input_JointFiling_userType_New' is checked

2024-11-12 18:39:23 - [MESSAGE][PASSED] - Object 'Object Repository/RAD_Pages/FilingStatus_Page/input_JointFiling_userType_New' is checked

2024-11-12 18:39:23 - [TEST_STEP][PASSED] - delay(2): Delayed 2 second(s)

2024-11-12 18:39:25 - [MESSAGE][PASSED] - Delayed 2 second(s)

2024-11-12 18:39:25 - [TEST_STEP][PASSED] - setText(findTestObject(orPath_FilingStatus + "/input_jointFirstName"), " "): Text ' ' is set on object 'Object Repository/RAD_Pages/FilingStatus_Page/input_jointFirstName'

2024-11-12 18:39:26 - [MESSAGE][PASSED] - Text ' ' is set on object 'Object Repository/RAD_Pages/FilingStatus_Page/input_jointFirstName'

2024-11-12 18:39:26 - [TEST_STEP][PASSED] - setText(findTestObject(orPath_FilingStatus + "/input_jointLastName"), " "): Text ' ' is set on object 'Object Repository/RAD_Pages/FilingStatus_Page/input_jointLastName'

2024-11-12 18:39:26 - [MESSAGE][PASSED] - Text ' ' is set on object 'Object Repository/RAD_Pages/FilingStatus_Page/input_jointLastName'

2024-11-12 18:39:26 - [TEST_STEP][PASSED] - setText(findTestObject("Object Repository/RAD_RecordAndPlay/input_JointFilerSSN"), " "): Text ' ' is set on object 'Object Repository/RAD_RecordAndPlay/input_JointFilerSSN'

2024-11-12 18:39:27 - [MESSAGE][PASSED] - Text ' ' is set on object 'Object Repository/RAD_RecordAndPlay/input_JointFilerSSN'

2024-11-12 18:39:27 - [TEST_STEP][PASSED] - setText(findTestObject("Object Repository/RAD_RecordAndPlay/input_reTypeJointFilerSSN"), " "): Text ' ' is set on object 'Object Repository/RAD_RecordAndPlay/input_reTypeJointFilerSSN'

2024-11-12 18:39:28 - [MESSAGE][PASSED] - Text ' ' is set on object 'Object Repository/RAD_RecordAndPlay/input_reTypeJointFilerSSN'

2024-11-12 18:39:28 - [TEST_STEP][PASSED] - resText = "Fail": null

2024-11-12 18:39:28 - [TEST_STEP][PASSED] - pages.WriteExcel.demoKey(resText, datText, resColumn, datCloumn, fileLoc, nameSheet, row): pages.WriteExcel.demoKey is PASSED

2024-11-12 18:39:28 - [MESSAGE][PASSED] - pages.WriteExcel.demoKey is PASSED

2024-11-12 18:39:28 - [TEST_STEP][PASSED] - verifyTextPresent("Enter first name", true, CONTINUE_ON_FAILURE): Text 'Enter first name' is present on page  using regular expression

2024-11-12 18:39:28 - [MESSAGE][PASSED] - Text 'Enter first name' is present on page  using regular expression

2024-11-12 18:39:28 - [TEST_STEP][PASSED] - verifyTextPresent("Enter last name", true, CONTINUE_ON_FAILURE): Text 'Enter last name' is present on page  using regular expression

2024-11-12 18:39:28 - [MESSAGE][PASSED] - Text 'Enter last name' is present on page  using regular expression

2024-11-12 18:39:28 - [TEST_STEP][PASSED] - verifyTextPresent("Please enter a valid SSN with 9 digits", true, CONTINUE_ON_FAILURE): Text 'Please enter a valid SSN with 9 digits' is present on page  using regular expression

2024-11-12 18:39:29 - [MESSAGE][PASSED] - Text 'Please enter a valid SSN with 9 digits' is present on page  using regular expression

2024-11-12 18:39:29 - [TEST_STEP][PASSED] - verifyTextPresent("Re-type SSN Validation Error", true, CONTINUE_ON_FAILURE): Text 'Re-type SSN Validation Error' is present on page  using regular expression

2024-11-12 18:39:29 - [MESSAGE][PASSED] - Text 'Re-type SSN Validation Error' is present on page  using regular expression

2024-11-12 18:39:29 - [TEST_STEP][PASSED] - verifyTextPresent("Enter address", true, CONTINUE_ON_FAILURE): Text 'Enter address' is present on page  using regular expression

2024-11-12 18:39:29 - [MESSAGE][PASSED] - Text 'Enter address' is present on page  using regular expression

2024-11-12 18:39:29 - [TEST_STEP][PASSED] - verifyTextPresent("Enter city", true, CONTINUE_ON_FAILURE): Text 'Enter city' is present on page  using regular expression

2024-11-12 18:39:30 - [MESSAGE][PASSED] - Text 'Enter city' is present on page  using regular expression

2024-11-12 18:39:30 - [TEST_STEP][PASSED] - verifyTextPresent("Enter ZIP code", true, CONTINUE_ON_FAILURE): Text 'Enter ZIP code' is present on page  using regular expression

2024-11-12 18:39:30 - [MESSAGE][PASSED] - Text 'Enter ZIP code' is present on page  using regular expression

2024-11-12 18:39:30 - [TEST_STEP][PASSED] - verifyTextPresent("Enter a valid phone number", true, CONTINUE_ON_FAILURE): Text 'Enter a valid phone number' is present on page  using regular expression

2024-11-12 18:39:30 - [MESSAGE][PASSED] - Text 'Enter a valid phone number' is present on page  using regular expression

2024-11-12 18:39:30 - [TEST_STEP][PASSED] - verifyTextPresent("Enter Email", true, CONTINUE_ON_FAILURE): Text 'Enter Email' is present on page  using regular expression

2024-11-12 18:39:31 - [MESSAGE][PASSED] - Text 'Enter Email' is present on page  using regular expression

2024-11-12 18:39:31 - [TEST_STEP][PASSED] - verifyTextPresent("Enter joint payer first name", true, CONTINUE_ON_FAILURE): Text 'Enter joint payer first name' is present on page  using regular expression

2024-11-12 18:39:31 - [MESSAGE][PASSED] - Text 'Enter joint payer first name' is present on page  using regular expression

2024-11-12 18:39:31 - [TEST_STEP][PASSED] - verifyTextPresent("Enter joint payer last name", true, CONTINUE_ON_FAILURE): Text 'Enter joint payer last name' is present on page  using regular expression

2024-11-12 18:39:31 - [MESSAGE][PASSED] - Text 'Enter joint payer last name' is present on page  using regular expression

2024-11-12 18:39:31 - [TEST_STEP][PASSED] - verifyTextPresent("Please enter a valid SSN with 9 digits", true, CONTINUE_ON_FAILURE): Text 'Please enter a valid SSN with 9 digits' is present on page  using regular expression

2024-11-12 18:39:32 - [MESSAGE][PASSED] - Text 'Please enter a valid SSN with 9 digits' is present on page  using regular expression

2024-11-12 18:39:32 - [TEST_STEP][PASSED] - verifyTextPresent("Re-type SSN Validation Error", true, CONTINUE_ON_FAILURE): Text 'Re-type SSN Validation Error' is present on page  using regular expression

2024-11-12 18:39:32 - [MESSAGE][PASSED] - Text 'Re-type SSN Validation Error' is present on page  using regular expression

2024-11-12 18:39:32 - [TEST_STEP][PASSED] - resText = "Pass": null

2024-11-12 18:39:32 - [TEST_STEP][PASSED] - pages.WriteExcel.demoKey(resText, datText, resColumn, datCloumn, fileLoc, nameSheet, row): pages.WriteExcel.demoKey is PASSED

2024-11-12 18:39:32 - [MESSAGE][PASSED] - pages.WriteExcel.demoKey is PASSED

2024-11-12 18:39:32 - [TEST_STEP][PASSED] - ExecuteTC = findTestData(dataFile).getValue("Execute", row): null

2024-11-12 18:39:32 - [TEST_STEP][PASSED] - TaxType = findTestData(dataFile).getValue("TaxType", row): null

2024-11-12 18:39:32 - [TEST_STEP][PASSED] - PaymentType = findTestData(dataFile).getValue("PaymentType", row): null

2024-11-12 18:39:32 - [TEST_STEP][PASSED] - FilingYear = findTestData(dataFile).getValue("Year", row): null

2024-11-12 18:39:32 - [TEST_STEP][PASSED] - if (ExecuteTC.equalsIgnoreCase("Y")): pages.WriteExcel.demoKey is PASSED

2024-11-12 18:39:32 - [TEST_STEP][PASSED] - out.println("Begin Record Number: " + row): null

2024-11-12 18:39:32 - [TEST_STEP][PASSED] - today = new java.util.Date(): null

2024-11-12 18:39:32 - [TEST_STEP][PASSED] - println(today): null

2024-11-12 18:39:32 - [TEST_STEP][PASSED] - datText = today: null

2024-11-12 18:39:32 - [TEST_STEP][PASSED] - logInfo("Payment Type: " + PaymentType): Payment Type: New Tax Return Amount Due

2024-11-12 18:39:32 - [MESSAGE][INFO] - Payment Type: New Tax Return Amount Due

2024-11-12 18:39:32 - [TEST_STEP][PASSED] - logInfo("Tax Type: " + TaxType): Tax Type: Personal Income Tax

2024-11-12 18:39:32 - [MESSAGE][INFO] - Tax Type: Personal Income Tax

2024-11-12 18:39:32 - [TEST_STEP][PASSED] - openBrowser(""): Browser is opened with url: ''

2024-11-12 18:39:32 - [MESSAGE][WARNING] - A browser is already opened. Closing browser and opening a new one

2024-11-12 18:39:34 - [MESSAGE][INFO] - Starting 'Chrome' driver

2024-11-12 18:39:34 - [MESSAGE][INFO] - User set preference: ['acceptInsecureCerts', 'true']

2024-11-12 18:39:34 - [MESSAGE][INFO] - Action delay is set to 0 milliseconds

2024-11-12 18:39:36 - [MESSAGE][PASSED] - Browser is opened with url: ''

2024-11-12 18:39:36 - [TEST_STEP][PASSED] - maximizeWindow(): Current window maximized

2024-11-12 18:39:36 - [MESSAGE][PASSED] - Current window maximized

2024-11-12 18:39:36 - [TEST_STEP][PASSED] - navigateToUrl(RADurl): Navigate to 'https://www.velocitypayment.com/client/rad/index.html' successfully

2024-11-12 18:39:41 - [MESSAGE][PASSED] - Navigate to 'https://www.velocitypayment.com/client/rad/index.html' successfully

2024-11-12 18:39:41 - [TEST_STEP][PASSED] - selectOptionByLabel(findTestObject(orPath_Landing + "/dd_TaxType"), PaymentType, false): All options with label 'New Tax Return Amount Due' are selected in object 'Object Repository/RAD_Pages/Landing_Page/dd_TaxType' 

2024-11-12 18:39:42 - [MESSAGE][PASSED] - All options with label 'New Tax Return Amount Due' are selected in object 'Object Repository/RAD_Pages/Landing_Page/dd_TaxType' 

2024-11-12 18:39:42 - [TEST_STEP][PASSED] - switch (PaymentType): null

2024-11-12 18:39:42 - [TEST_STEP][PASSED] - case "New Tax Return Amount Due":: null

2024-11-12 18:39:42 - [TEST_STEP][PASSED] - selectOptionByLabel(findTestObject("Object Repository/RAD_Pages/Landing_Page/select_NewTaxReturnAmountDue_TaxType"), TaxType, false): All options with label 'Personal Income Tax' are selected in object 'Object Repository/RAD_Pages/Landing_Page/select_NewTaxReturnAmountDue_TaxType' 

2024-11-12 18:39:43 - [MESSAGE][PASSED] - All options with label 'Personal Income Tax' are selected in object 'Object Repository/RAD_Pages/Landing_Page/select_NewTaxReturnAmountDue_TaxType' 

2024-11-12 18:39:43 - [TEST_STEP][PASSED] - break: null

2024-11-12 18:39:43 - [TEST_STEP][PASSED] - if (!(FilingYear.isEmpty())): All options with label '2023' are selected in object 'Object Repository/RAD_Pages/TaxTypeFilingYear_Page/select_FilingYear' 

2024-11-12 18:39:43 - [TEST_STEP][PASSED] - selectOptionByLabel(findTestObject(orPath_TaxTypeFilingYear + "/select_FilingYear"), FilingYear, false): All options with label '2023' are selected in object 'Object Repository/RAD_Pages/TaxTypeFilingYear_Page/select_FilingYear' 

2024-11-12 18:39:43 - [MESSAGE][PASSED] - All options with label '2023' are selected in object 'Object Repository/RAD_Pages/TaxTypeFilingYear_Page/select_FilingYear' 

2024-11-12 18:39:43 - [TEST_STEP][PASSED] - setText(findTestObject(orPath_TaxPayer + "/input_firstName"), " "): Text ' ' is set on object 'Object Repository/RAD_Pages/Taxpayer_Page/input_firstName'

2024-11-12 18:39:44 - [MESSAGE][PASSED] - Text ' ' is set on object 'Object Repository/RAD_Pages/Taxpayer_Page/input_firstName'

2024-11-12 18:39:44 - [TEST_STEP][PASSED] - setText(findTestObject(orPath_TaxPayer + "/input_lastName"), " "): Text ' ' is set on object 'Object Repository/RAD_Pages/Taxpayer_Page/input_lastName'

2024-11-12 18:39:45 - [MESSAGE][PASSED] - Text ' ' is set on object 'Object Repository/RAD_Pages/Taxpayer_Page/input_lastName'

2024-11-12 18:39:45 - [TEST_STEP][PASSED] - setText(findTestObject("RAD_RecordAndPlay/input_concatSSN"), " "): Text ' ' is set on object 'Object Repository/RAD_RecordAndPlay/input_concatSSN'

2024-11-12 18:39:46 - [MESSAGE][PASSED] - Text ' ' is set on object 'Object Repository/RAD_RecordAndPlay/input_concatSSN'

2024-11-12 18:39:46 - [TEST_STEP][PASSED] - setText(findTestObject("RAD_RecordAndPlay/input_concatReSSN"), " "): Text ' ' is set on object 'Object Repository/RAD_RecordAndPlay/input_concatReSSN'

2024-11-12 18:39:46 - [MESSAGE][PASSED] - Text ' ' is set on object 'Object Repository/RAD_RecordAndPlay/input_concatReSSN'

2024-11-12 18:39:46 - [TEST_STEP][PASSED] - setText(findTestObject(orPath_AddressContact + "/input_streetAddress1"), " "): Text ' ' is set on object 'Object Repository/RAD_Pages/AddressAndContactInfo_Page/input_streetAddress1'

2024-11-12 18:39:47 - [MESSAGE][PASSED] - Text ' ' is set on object 'Object Repository/RAD_Pages/AddressAndContactInfo_Page/input_streetAddress1'

2024-11-12 18:39:47 - [TEST_STEP][PASSED] - setText(findTestObject(orPath_AddressContact + "/input_city"), " "): Text ' ' is set on object 'Object Repository/RAD_Pages/AddressAndContactInfo_Page/input_city'

2024-11-12 18:39:48 - [MESSAGE][PASSED] - Text ' ' is set on object 'Object Repository/RAD_Pages/AddressAndContactInfo_Page/input_city'

2024-11-12 18:39:48 - [TEST_STEP][PASSED] - setText(findTestObject(orPath_AddressContact + "/input_zipCode"), " "): Text ' ' is set on object 'Object Repository/RAD_Pages/AddressAndContactInfo_Page/input_zipCode'

2024-11-12 18:39:49 - [MESSAGE][PASSED] - Text ' ' is set on object 'Object Repository/RAD_Pages/AddressAndContactInfo_Page/input_zipCode'

2024-11-12 18:39:49 - [TEST_STEP][PASSED] - setText(findTestObject(orPath_AddressContact + "/input_phoneNumber"), " "): Text ' ' is set on object 'Object Repository/RAD_Pages/AddressAndContactInfo_Page/input_phoneNumber'

2024-11-12 18:39:50 - [MESSAGE][PASSED] - Text ' ' is set on object 'Object Repository/RAD_Pages/AddressAndContactInfo_Page/input_phoneNumber'

2024-11-12 18:39:50 - [TEST_STEP][PASSED] - setText(findTestObject(orPath_AddressContact + "/input_eMailAddress"), " "): Text ' ' is set on object 'Object Repository/RAD_Pages/AddressAndContactInfo_Page/input_eMailAddress'

2024-11-12 18:39:50 - [MESSAGE][PASSED] - Text ' ' is set on object 'Object Repository/RAD_Pages/AddressAndContactInfo_Page/input_eMailAddress'

2024-11-12 18:39:50 - [TEST_STEP][PASSED] - setText(findTestObject(orPath_AddressContact + "/input_reEnterEMailAddress"), " "): Text ' ' is set on object 'Object Repository/RAD_Pages/AddressAndContactInfo_Page/input_reEnterEMailAddress'

2024-11-12 18:39:51 - [MESSAGE][PASSED] - Text ' ' is set on object 'Object Repository/RAD_Pages/AddressAndContactInfo_Page/input_reEnterEMailAddress'

2024-11-12 18:39:51 - [TEST_STEP][PASSED] - scrollToElement(findTestObject(orPath_Landing + "/button_Continue"), 3): Scroll to object 'Object Repository/RAD_Pages/Landing_Page/button_Continue' successfully

2024-11-12 18:39:51 - [MESSAGE][PASSED] - Scroll to object 'Object Repository/RAD_Pages/Landing_Page/button_Continue' successfully

2024-11-12 18:39:51 - [TEST_STEP][PASSED] - waitForElementClickable(findTestObject(orPath_FilingStatus + "/input_JointFiling_userType_New"), 5): Object 'Object Repository/RAD_Pages/FilingStatus_Page/input_JointFiling_userType_New' is clickable

2024-11-12 18:39:52 - [MESSAGE][PASSED] - Object 'Object Repository/RAD_Pages/FilingStatus_Page/input_JointFiling_userType_New' is clickable

2024-11-12 18:39:52 - [TEST_STEP][PASSED] - check(findTestObject(orPath_FilingStatus + "/input_JointFiling_userType_New")): Object 'Object Repository/RAD_Pages/FilingStatus_Page/input_JointFiling_userType_New' is checked

2024-11-12 18:39:52 - [MESSAGE][PASSED] - Object 'Object Repository/RAD_Pages/FilingStatus_Page/input_JointFiling_userType_New' is checked

2024-11-12 18:39:52 - [TEST_STEP][PASSED] - delay(2): Delayed 2 second(s)

2024-11-12 18:39:54 - [MESSAGE][PASSED] - Delayed 2 second(s)

2024-11-12 18:39:54 - [TEST_STEP][PASSED] - setText(findTestObject(orPath_FilingStatus + "/input_jointFirstName"), " "): Text ' ' is set on object 'Object Repository/RAD_Pages/FilingStatus_Page/input_jointFirstName'

2024-11-12 18:39:55 - [MESSAGE][PASSED] - Text ' ' is set on object 'Object Repository/RAD_Pages/FilingStatus_Page/input_jointFirstName'

2024-11-12 18:39:55 - [TEST_STEP][PASSED] - setText(findTestObject(orPath_FilingStatus + "/input_jointLastName"), " "): Text ' ' is set on object 'Object Repository/RAD_Pages/FilingStatus_Page/input_jointLastName'

2024-11-12 18:39:56 - [MESSAGE][PASSED] - Text ' ' is set on object 'Object Repository/RAD_Pages/FilingStatus_Page/input_jointLastName'

2024-11-12 18:39:56 - [TEST_STEP][PASSED] - setText(findTestObject("Object Repository/RAD_RecordAndPlay/input_JointFilerSSN"), " "): Text ' ' is set on object 'Object Repository/RAD_RecordAndPlay/input_JointFilerSSN'

2024-11-12 18:39:56 - [MESSAGE][PASSED] - Text ' ' is set on object 'Object Repository/RAD_RecordAndPlay/input_JointFilerSSN'

2024-11-12 18:39:56 - [TEST_STEP][PASSED] - setText(findTestObject("Object Repository/RAD_RecordAndPlay/input_reTypeJointFilerSSN"), " "): Text ' ' is set on object 'Object Repository/RAD_RecordAndPlay/input_reTypeJointFilerSSN'

2024-11-12 18:39:57 - [MESSAGE][PASSED] - Text ' ' is set on object 'Object Repository/RAD_RecordAndPlay/input_reTypeJointFilerSSN'

2024-11-12 18:39:57 - [TEST_STEP][PASSED] - resText = "Fail": null

2024-11-12 18:39:57 - [TEST_STEP][PASSED] - pages.WriteExcel.demoKey(resText, datText, resColumn, datCloumn, fileLoc, nameSheet, row): pages.WriteExcel.demoKey is PASSED

2024-11-12 18:39:57 - [MESSAGE][PASSED] - pages.WriteExcel.demoKey is PASSED

2024-11-12 18:39:57 - [TEST_STEP][PASSED] - verifyTextPresent("Enter first name", true, CONTINUE_ON_FAILURE): Text 'Enter first name' is present on page  using regular expression

2024-11-12 18:39:57 - [MESSAGE][PASSED] - Text 'Enter first name' is present on page  using regular expression

2024-11-12 18:39:57 - [TEST_STEP][PASSED] - verifyTextPresent("Enter last name", true, CONTINUE_ON_FAILURE): Text 'Enter last name' is present on page  using regular expression

2024-11-12 18:39:58 - [MESSAGE][PASSED] - Text 'Enter last name' is present on page  using regular expression

2024-11-12 18:39:58 - [TEST_STEP][PASSED] - verifyTextPresent("Please enter a valid SSN with 9 digits", true, CONTINUE_ON_FAILURE): Text 'Please enter a valid SSN with 9 digits' is present on page  using regular expression

2024-11-12 18:39:58 - [MESSAGE][PASSED] - Text 'Please enter a valid SSN with 9 digits' is present on page  using regular expression

2024-11-12 18:39:58 - [TEST_STEP][PASSED] - verifyTextPresent("Re-type SSN Validation Error", true, CONTINUE_ON_FAILURE): Text 'Re-type SSN Validation Error' is present on page  using regular expression

2024-11-12 18:39:58 - [MESSAGE][PASSED] - Text 'Re-type SSN Validation Error' is present on page  using regular expression

2024-11-12 18:39:58 - [TEST_STEP][PASSED] - verifyTextPresent("Enter address", true, CONTINUE_ON_FAILURE): Text 'Enter address' is present on page  using regular expression

2024-11-12 18:39:59 - [MESSAGE][PASSED] - Text 'Enter address' is present on page  using regular expression

2024-11-12 18:39:59 - [TEST_STEP][PASSED] - verifyTextPresent("Enter city", true, CONTINUE_ON_FAILURE): Text 'Enter city' is present on page  using regular expression

2024-11-12 18:39:59 - [MESSAGE][PASSED] - Text 'Enter city' is present on page  using regular expression

2024-11-12 18:39:59 - [TEST_STEP][PASSED] - verifyTextPresent("Enter ZIP code", true, CONTINUE_ON_FAILURE): Text 'Enter ZIP code' is present on page  using regular expression

2024-11-12 18:39:59 - [MESSAGE][PASSED] - Text 'Enter ZIP code' is present on page  using regular expression

2024-11-12 18:39:59 - [TEST_STEP][PASSED] - verifyTextPresent("Enter a valid phone number", true, CONTINUE_ON_FAILURE): Text 'Enter a valid phone number' is present on page  using regular expression

2024-11-12 18:40:00 - [MESSAGE][PASSED] - Text 'Enter a valid phone number' is present on page  using regular expression

2024-11-12 18:40:00 - [TEST_STEP][PASSED] - verifyTextPresent("Enter Email", true, CONTINUE_ON_FAILURE): Text 'Enter Email' is present on page  using regular expression

2024-11-12 18:40:00 - [MESSAGE][PASSED] - Text 'Enter Email' is present on page  using regular expression

2024-11-12 18:40:00 - [TEST_STEP][PASSED] - verifyTextPresent("Enter joint payer first name", true, CONTINUE_ON_FAILURE): Text 'Enter joint payer first name' is present on page  using regular expression

2024-11-12 18:40:00 - [MESSAGE][PASSED] - Text 'Enter joint payer first name' is present on page  using regular expression

2024-11-12 18:40:00 - [TEST_STEP][PASSED] - verifyTextPresent("Enter joint payer last name", true, CONTINUE_ON_FAILURE): Text 'Enter joint payer last name' is present on page  using regular expression

2024-11-12 18:40:01 - [MESSAGE][PASSED] - Text 'Enter joint payer last name' is present on page  using regular expression

2024-11-12 18:40:01 - [TEST_STEP][PASSED] - verifyTextPresent("Please enter a valid SSN with 9 digits", true, CONTINUE_ON_FAILURE): Text 'Please enter a valid SSN with 9 digits' is present on page  using regular expression

2024-11-12 18:40:01 - [MESSAGE][PASSED] - Text 'Please enter a valid SSN with 9 digits' is present on page  using regular expression

2024-11-12 18:40:01 - [TEST_STEP][PASSED] - verifyTextPresent("Re-type SSN Validation Error", true, CONTINUE_ON_FAILURE): Text 'Re-type SSN Validation Error' is present on page  using regular expression

2024-11-12 18:40:01 - [MESSAGE][PASSED] - Text 'Re-type SSN Validation Error' is present on page  using regular expression

2024-11-12 18:40:01 - [TEST_STEP][PASSED] - resText = "Pass": null

2024-11-12 18:40:01 - [TEST_STEP][PASSED] - pages.WriteExcel.demoKey(resText, datText, resColumn, datCloumn, fileLoc, nameSheet, row): pages.WriteExcel.demoKey is PASSED

2024-11-12 18:40:01 - [MESSAGE][PASSED] - pages.WriteExcel.demoKey is PASSED

2024-11-12 18:40:01 - [TEST_STEP][PASSED] - ExecuteTC = findTestData(dataFile).getValue("Execute", row): null

2024-11-12 18:40:02 - [TEST_STEP][PASSED] - TaxType = findTestData(dataFile).getValue("TaxType", row): null

2024-11-12 18:40:02 - [TEST_STEP][PASSED] - PaymentType = findTestData(dataFile).getValue("PaymentType", row): null

2024-11-12 18:40:02 - [TEST_STEP][PASSED] - FilingYear = findTestData(dataFile).getValue("Year", row): null

2024-11-12 18:40:02 - [TEST_STEP][PASSED] - if (ExecuteTC.equalsIgnoreCase("Y")): pages.WriteExcel.demoKey is PASSED

2024-11-12 18:40:02 - [TEST_STEP][PASSED] - out.println("Begin Record Number: " + row): null

2024-11-12 18:40:02 - [TEST_STEP][PASSED] - today = new java.util.Date(): null

2024-11-12 18:40:02 - [TEST_STEP][PASSED] - println(today): null

2024-11-12 18:40:02 - [TEST_STEP][PASSED] - datText = today: null

2024-11-12 18:40:02 - [TEST_STEP][PASSED] - logInfo("Payment Type: " + PaymentType): Payment Type: New Tax Return Amount Due

2024-11-12 18:40:02 - [MESSAGE][INFO] - Payment Type: New Tax Return Amount Due

2024-11-12 18:40:02 - [TEST_STEP][PASSED] - logInfo("Tax Type: " + TaxType): Tax Type: Personal Income Tax

2024-11-12 18:40:02 - [MESSAGE][INFO] - Tax Type: Personal Income Tax

2024-11-12 18:40:02 - [TEST_STEP][PASSED] - openBrowser(""): Browser is opened with url: ''

2024-11-12 18:40:02 - [MESSAGE][WARNING] - A browser is already opened. Closing browser and opening a new one

2024-11-12 18:40:03 - [MESSAGE][INFO] - Starting 'Chrome' driver

2024-11-12 18:40:03 - [MESSAGE][INFO] - User set preference: ['acceptInsecureCerts', 'true']

2024-11-12 18:40:03 - [MESSAGE][INFO] - Action delay is set to 0 milliseconds

2024-11-12 18:40:05 - [MESSAGE][PASSED] - Browser is opened with url: ''

2024-11-12 18:40:05 - [TEST_STEP][PASSED] - maximizeWindow(): Current window maximized

2024-11-12 18:40:05 - [MESSAGE][PASSED] - Current window maximized

2024-11-12 18:40:05 - [TEST_STEP][PASSED] - navigateToUrl(RADurl): Navigate to 'https://www.velocitypayment.com/client/rad/index.html' successfully

2024-11-12 18:40:07 - [MESSAGE][PASSED] - Navigate to 'https://www.velocitypayment.com/client/rad/index.html' successfully

2024-11-12 18:40:07 - [TEST_STEP][PASSED] - selectOptionByLabel(findTestObject(orPath_Landing + "/dd_TaxType"), PaymentType, false): All options with label 'New Tax Return Amount Due' are selected in object 'Object Repository/RAD_Pages/Landing_Page/dd_TaxType' 

2024-11-12 18:40:08 - [MESSAGE][PASSED] - All options with label 'New Tax Return Amount Due' are selected in object 'Object Repository/RAD_Pages/Landing_Page/dd_TaxType' 

2024-11-12 18:40:08 - [TEST_STEP][PASSED] - switch (PaymentType): null

2024-11-12 18:40:08 - [TEST_STEP][PASSED] - case "New Tax Return Amount Due":: null

2024-11-12 18:40:08 - [TEST_STEP][PASSED] - selectOptionByLabel(findTestObject("Object Repository/RAD_Pages/Landing_Page/select_NewTaxReturnAmountDue_TaxType"), TaxType, false): All options with label 'Personal Income Tax' are selected in object 'Object Repository/RAD_Pages/Landing_Page/select_NewTaxReturnAmountDue_TaxType' 

2024-11-12 18:40:08 - [MESSAGE][PASSED] - All options with label 'Personal Income Tax' are selected in object 'Object Repository/RAD_Pages/Landing_Page/select_NewTaxReturnAmountDue_TaxType' 

2024-11-12 18:40:08 - [TEST_STEP][PASSED] - break: null

2024-11-12 18:40:08 - [TEST_STEP][PASSED] - if (!(FilingYear.isEmpty())): All options with label '2022' are selected in object 'Object Repository/RAD_Pages/TaxTypeFilingYear_Page/select_FilingYear' 

2024-11-12 18:40:08 - [TEST_STEP][PASSED] - selectOptionByLabel(findTestObject(orPath_TaxTypeFilingYear + "/select_FilingYear"), FilingYear, false): All options with label '2022' are selected in object 'Object Repository/RAD_Pages/TaxTypeFilingYear_Page/select_FilingYear' 

2024-11-12 18:40:09 - [MESSAGE][PASSED] - All options with label '2022' are selected in object 'Object Repository/RAD_Pages/TaxTypeFilingYear_Page/select_FilingYear' 

2024-11-12 18:40:09 - [TEST_STEP][PASSED] - setText(findTestObject(orPath_TaxPayer + "/input_firstName"), " "): Text ' ' is set on object 'Object Repository/RAD_Pages/Taxpayer_Page/input_firstName'

2024-11-12 18:40:10 - [MESSAGE][PASSED] - Text ' ' is set on object 'Object Repository/RAD_Pages/Taxpayer_Page/input_firstName'

2024-11-12 18:40:10 - [TEST_STEP][PASSED] - setText(findTestObject(orPath_TaxPayer + "/input_lastName"), " "): Text ' ' is set on object 'Object Repository/RAD_Pages/Taxpayer_Page/input_lastName'

2024-11-12 18:40:10 - [MESSAGE][PASSED] - Text ' ' is set on object 'Object Repository/RAD_Pages/Taxpayer_Page/input_lastName'

2024-11-12 18:40:10 - [TEST_STEP][PASSED] - setText(findTestObject("RAD_RecordAndPlay/input_concatSSN"), " "): Text ' ' is set on object 'Object Repository/RAD_RecordAndPlay/input_concatSSN'

2024-11-12 18:40:11 - [MESSAGE][PASSED] - Text ' ' is set on object 'Object Repository/RAD_RecordAndPlay/input_concatSSN'

2024-11-12 18:40:11 - [TEST_STEP][PASSED] - setText(findTestObject("RAD_RecordAndPlay/input_concatReSSN"), " "): Text ' ' is set on object 'Object Repository/RAD_RecordAndPlay/input_concatReSSN'

2024-11-12 18:40:12 - [MESSAGE][PASSED] - Text ' ' is set on object 'Object Repository/RAD_RecordAndPlay/input_concatReSSN'

2024-11-12 18:40:12 - [TEST_STEP][PASSED] - setText(findTestObject(orPath_AddressContact + "/input_streetAddress1"), " "): Text ' ' is set on object 'Object Repository/RAD_Pages/AddressAndContactInfo_Page/input_streetAddress1'

2024-11-12 18:40:12 - [MESSAGE][PASSED] - Text ' ' is set on object 'Object Repository/RAD_Pages/AddressAndContactInfo_Page/input_streetAddress1'

2024-11-12 18:40:12 - [TEST_STEP][PASSED] - setText(findTestObject(orPath_AddressContact + "/input_city"), " "): Text ' ' is set on object 'Object Repository/RAD_Pages/AddressAndContactInfo_Page/input_city'

2024-11-12 18:40:13 - [MESSAGE][PASSED] - Text ' ' is set on object 'Object Repository/RAD_Pages/AddressAndContactInfo_Page/input_city'

2024-11-12 18:40:13 - [TEST_STEP][PASSED] - setText(findTestObject(orPath_AddressContact + "/input_zipCode"), " "): Text ' ' is set on object 'Object Repository/RAD_Pages/AddressAndContactInfo_Page/input_zipCode'

2024-11-12 18:40:14 - [MESSAGE][PASSED] - Text ' ' is set on object 'Object Repository/RAD_Pages/AddressAndContactInfo_Page/input_zipCode'

2024-11-12 18:40:14 - [TEST_STEP][PASSED] - setText(findTestObject(orPath_AddressContact + "/input_phoneNumber"), " "): Text ' ' is set on object 'Object Repository/RAD_Pages/AddressAndContactInfo_Page/input_phoneNumber'

2024-11-12 18:40:15 - [MESSAGE][PASSED] - Text ' ' is set on object 'Object Repository/RAD_Pages/AddressAndContactInfo_Page/input_phoneNumber'

2024-11-12 18:40:15 - [TEST_STEP][PASSED] - setText(findTestObject(orPath_AddressContact + "/input_eMailAddress"), " "): Text ' ' is set on object 'Object Repository/RAD_Pages/AddressAndContactInfo_Page/input_eMailAddress'

2024-11-12 18:40:16 - [MESSAGE][PASSED] - Text ' ' is set on object 'Object Repository/RAD_Pages/AddressAndContactInfo_Page/input_eMailAddress'

2024-11-12 18:40:16 - [TEST_STEP][PASSED] - setText(findTestObject(orPath_AddressContact + "/input_reEnterEMailAddress"), " "): Text ' ' is set on object 'Object Repository/RAD_Pages/AddressAndContactInfo_Page/input_reEnterEMailAddress'

2024-11-12 18:40:17 - [MESSAGE][PASSED] - Text ' ' is set on object 'Object Repository/RAD_Pages/AddressAndContactInfo_Page/input_reEnterEMailAddress'

2024-11-12 18:40:17 - [TEST_STEP][PASSED] - scrollToElement(findTestObject(orPath_Landing + "/button_Continue"), 3): Scroll to object 'Object Repository/RAD_Pages/Landing_Page/button_Continue' successfully

2024-11-12 18:40:17 - [MESSAGE][PASSED] - Scroll to object 'Object Repository/RAD_Pages/Landing_Page/button_Continue' successfully

2024-11-12 18:40:17 - [TEST_STEP][PASSED] - waitForElementClickable(findTestObject(orPath_FilingStatus + "/input_JointFiling_userType_New"), 5): Object 'Object Repository/RAD_Pages/FilingStatus_Page/input_JointFiling_userType_New' is clickable

2024-11-12 18:40:18 - [MESSAGE][PASSED] - Object 'Object Repository/RAD_Pages/FilingStatus_Page/input_JointFiling_userType_New' is clickable

2024-11-12 18:40:18 - [TEST_STEP][PASSED] - check(findTestObject(orPath_FilingStatus + "/input_JointFiling_userType_New")): Object 'Object Repository/RAD_Pages/FilingStatus_Page/input_JointFiling_userType_New' is checked

2024-11-12 18:40:18 - [MESSAGE][PASSED] - Object 'Object Repository/RAD_Pages/FilingStatus_Page/input_JointFiling_userType_New' is checked

2024-11-12 18:40:18 - [TEST_STEP][PASSED] - delay(2): Delayed 2 second(s)

2024-11-12 18:40:20 - [MESSAGE][PASSED] - Delayed 2 second(s)

2024-11-12 18:40:20 - [TEST_STEP][PASSED] - setText(findTestObject(orPath_FilingStatus + "/input_jointFirstName"), " "): Text ' ' is set on object 'Object Repository/RAD_Pages/FilingStatus_Page/input_jointFirstName'

2024-11-12 18:40:21 - [MESSAGE][PASSED] - Text ' ' is set on object 'Object Repository/RAD_Pages/FilingStatus_Page/input_jointFirstName'

2024-11-12 18:40:21 - [TEST_STEP][PASSED] - setText(findTestObject(orPath_FilingStatus + "/input_jointLastName"), " "): Text ' ' is set on object 'Object Repository/RAD_Pages/FilingStatus_Page/input_jointLastName'

2024-11-12 18:40:22 - [MESSAGE][PASSED] - Text ' ' is set on object 'Object Repository/RAD_Pages/FilingStatus_Page/input_jointLastName'

2024-11-12 18:40:22 - [TEST_STEP][PASSED] - setText(findTestObject("Object Repository/RAD_RecordAndPlay/input_JointFilerSSN"), " "): Text ' ' is set on object 'Object Repository/RAD_RecordAndPlay/input_JointFilerSSN'

2024-11-12 18:40:22 - [MESSAGE][PASSED] - Text ' ' is set on object 'Object Repository/RAD_RecordAndPlay/input_JointFilerSSN'

2024-11-12 18:40:22 - [TEST_STEP][PASSED] - setText(findTestObject("Object Repository/RAD_RecordAndPlay/input_reTypeJointFilerSSN"), " "): Text ' ' is set on object 'Object Repository/RAD_RecordAndPlay/input_reTypeJointFilerSSN'

2024-11-12 18:40:23 - [MESSAGE][PASSED] - Text ' ' is set on object 'Object Repository/RAD_RecordAndPlay/input_reTypeJointFilerSSN'

2024-11-12 18:40:23 - [TEST_STEP][PASSED] - resText = "Fail": null

2024-11-12 18:40:23 - [TEST_STEP][PASSED] - pages.WriteExcel.demoKey(resText, datText, resColumn, datCloumn, fileLoc, nameSheet, row): pages.WriteExcel.demoKey is PASSED

2024-11-12 18:40:23 - [MESSAGE][PASSED] - pages.WriteExcel.demoKey is PASSED

2024-11-12 18:40:23 - [TEST_STEP][PASSED] - verifyTextPresent("Enter first name", true, CONTINUE_ON_FAILURE): Text 'Enter first name' is present on page  using regular expression

2024-11-12 18:40:23 - [MESSAGE][PASSED] - Text 'Enter first name' is present on page  using regular expression

2024-11-12 18:40:23 - [TEST_STEP][PASSED] - verifyTextPresent("Enter last name", true, CONTINUE_ON_FAILURE): Text 'Enter last name' is present on page  using regular expression

2024-11-12 18:40:23 - [MESSAGE][PASSED] - Text 'Enter last name' is present on page  using regular expression

2024-11-12 18:40:23 - [TEST_STEP][PASSED] - verifyTextPresent("Please enter a valid SSN with 9 digits", true, CONTINUE_ON_FAILURE): Text 'Please enter a valid SSN with 9 digits' is present on page  using regular expression

2024-11-12 18:40:24 - [MESSAGE][PASSED] - Text 'Please enter a valid SSN with 9 digits' is present on page  using regular expression

2024-11-12 18:40:24 - [TEST_STEP][PASSED] - verifyTextPresent("Re-type SSN Validation Error", true, CONTINUE_ON_FAILURE): Text 'Re-type SSN Validation Error' is present on page  using regular expression

2024-11-12 18:40:24 - [MESSAGE][PASSED] - Text 'Re-type SSN Validation Error' is present on page  using regular expression

2024-11-12 18:40:24 - [TEST_STEP][PASSED] - verifyTextPresent("Enter address", true, CONTINUE_ON_FAILURE): Text 'Enter address' is present on page  using regular expression

2024-11-12 18:40:25 - [MESSAGE][PASSED] - Text 'Enter address' is present on page  using regular expression

2024-11-12 18:40:25 - [TEST_STEP][PASSED] - verifyTextPresent("Enter city", true, CONTINUE_ON_FAILURE): Text 'Enter city' is present on page  using regular expression

2024-11-12 18:40:25 - [MESSAGE][PASSED] - Text 'Enter city' is present on page  using regular expression

2024-11-12 18:40:25 - [TEST_STEP][PASSED] - verifyTextPresent("Enter ZIP code", true, CONTINUE_ON_FAILURE): Text 'Enter ZIP code' is present on page  using regular expression

2024-11-12 18:40:25 - [MESSAGE][PASSED] - Text 'Enter ZIP code' is present on page  using regular expression

2024-11-12 18:40:25 - [TEST_STEP][PASSED] - verifyTextPresent("Enter a valid phone number", true, CONTINUE_ON_FAILURE): Text 'Enter a valid phone number' is present on page  using regular expression

2024-11-12 18:40:26 - [MESSAGE][PASSED] - Text 'Enter a valid phone number' is present on page  using regular expression

2024-11-12 18:40:26 - [TEST_STEP][PASSED] - verifyTextPresent("Enter Email", true, CONTINUE_ON_FAILURE): Text 'Enter Email' is present on page  using regular expression

2024-11-12 18:40:26 - [MESSAGE][PASSED] - Text 'Enter Email' is present on page  using regular expression

2024-11-12 18:40:26 - [TEST_STEP][PASSED] - verifyTextPresent("Enter joint payer first name", true, CONTINUE_ON_FAILURE): Text 'Enter joint payer first name' is present on page  using regular expression

2024-11-12 18:40:26 - [MESSAGE][PASSED] - Text 'Enter joint payer first name' is present on page  using regular expression

2024-11-12 18:40:26 - [TEST_STEP][PASSED] - verifyTextPresent("Enter joint payer last name", true, CONTINUE_ON_FAILURE): Text 'Enter joint payer last name' is present on page  using regular expression

2024-11-12 18:40:27 - [MESSAGE][PASSED] - Text 'Enter joint payer last name' is present on page  using regular expression

2024-11-12 18:40:27 - [TEST_STEP][PASSED] - verifyTextPresent("Please enter a valid SSN with 9 digits", true, CONTINUE_ON_FAILURE): Text 'Please enter a valid SSN with 9 digits' is present on page  using regular expression

2024-11-12 18:40:27 - [MESSAGE][PASSED] - Text 'Please enter a valid SSN with 9 digits' is present on page  using regular expression

2024-11-12 18:40:27 - [TEST_STEP][PASSED] - verifyTextPresent("Re-type SSN Validation Error", true, CONTINUE_ON_FAILURE): Text 'Re-type SSN Validation Error' is present on page  using regular expression

2024-11-12 18:40:27 - [MESSAGE][PASSED] - Text 'Re-type SSN Validation Error' is present on page  using regular expression

2024-11-12 18:40:27 - [TEST_STEP][PASSED] - resText = "Pass": null

2024-11-12 18:40:27 - [TEST_STEP][PASSED] - pages.WriteExcel.demoKey(resText, datText, resColumn, datCloumn, fileLoc, nameSheet, row): pages.WriteExcel.demoKey is PASSED

2024-11-12 18:40:27 - [MESSAGE][PASSED] - pages.WriteExcel.demoKey is PASSED

2024-11-12 18:40:27 - [TEST_STEP][PASSED] - ExecuteTC = findTestData(dataFile).getValue("Execute", row): null

2024-11-12 18:40:27 - [TEST_STEP][PASSED] - TaxType = findTestData(dataFile).getValue("TaxType", row): null

2024-11-12 18:40:27 - [TEST_STEP][PASSED] - PaymentType = findTestData(dataFile).getValue("PaymentType", row): null

2024-11-12 18:40:28 - [TEST_STEP][PASSED] - FilingYear = findTestData(dataFile).getValue("Year", row): null

2024-11-12 18:40:28 - [TEST_STEP][PASSED] - if (ExecuteTC.equalsIgnoreCase("Y")): pages.WriteExcel.demoKey is PASSED

2024-11-12 18:40:28 - [TEST_STEP][PASSED] - out.println("Begin Record Number: " + row): null

2024-11-12 18:40:28 - [TEST_STEP][PASSED] - today = new java.util.Date(): null

2024-11-12 18:40:28 - [TEST_STEP][PASSED] - println(today): null

2024-11-12 18:40:28 - [TEST_STEP][PASSED] - datText = today: null

2024-11-12 18:40:28 - [TEST_STEP][PASSED] - logInfo("Payment Type: " + PaymentType): Payment Type: New Tax Return Amount Due

2024-11-12 18:40:28 - [MESSAGE][INFO] - Payment Type: New Tax Return Amount Due

2024-11-12 18:40:28 - [TEST_STEP][PASSED] - logInfo("Tax Type: " + TaxType): Tax Type: Personal Income Tax

2024-11-12 18:40:28 - [MESSAGE][INFO] - Tax Type: Personal Income Tax

2024-11-12 18:40:28 - [TEST_STEP][PASSED] - openBrowser(""): Browser is opened with url: ''

2024-11-12 18:40:28 - [MESSAGE][WARNING] - A browser is already opened. Closing browser and opening a new one

2024-11-12 18:40:29 - [MESSAGE][INFO] - Starting 'Chrome' driver

2024-11-12 18:40:29 - [MESSAGE][INFO] - User set preference: ['acceptInsecureCerts', 'true']

2024-11-12 18:40:29 - [MESSAGE][INFO] - Action delay is set to 0 milliseconds

2024-11-12 18:40:31 - [MESSAGE][PASSED] - Browser is opened with url: ''

2024-11-12 18:40:31 - [TEST_STEP][PASSED] - maximizeWindow(): Current window maximized

2024-11-12 18:40:31 - [MESSAGE][PASSED] - Current window maximized

2024-11-12 18:40:31 - [TEST_STEP][PASSED] - navigateToUrl(RADurl): Navigate to 'https://www.velocitypayment.com/client/rad/index.html' successfully

2024-11-12 18:40:33 - [MESSAGE][PASSED] - Navigate to 'https://www.velocitypayment.com/client/rad/index.html' successfully

2024-11-12 18:40:33 - [TEST_STEP][PASSED] - selectOptionByLabel(findTestObject(orPath_Landing + "/dd_TaxType"), PaymentType, false): All options with label 'New Tax Return Amount Due' are selected in object 'Object Repository/RAD_Pages/Landing_Page/dd_TaxType' 

2024-11-12 18:40:33 - [MESSAGE][PASSED] - All options with label 'New Tax Return Amount Due' are selected in object 'Object Repository/RAD_Pages/Landing_Page/dd_TaxType' 

2024-11-12 18:40:33 - [TEST_STEP][PASSED] - switch (PaymentType): null

2024-11-12 18:40:33 - [TEST_STEP][PASSED] - case "New Tax Return Amount Due":: null

2024-11-12 18:40:33 - [TEST_STEP][PASSED] - selectOptionByLabel(findTestObject("Object Repository/RAD_Pages/Landing_Page/select_NewTaxReturnAmountDue_TaxType"), TaxType, false): All options with label 'Personal Income Tax' are selected in object 'Object Repository/RAD_Pages/Landing_Page/select_NewTaxReturnAmountDue_TaxType' 

2024-11-12 18:40:34 - [MESSAGE][PASSED] - All options with label 'Personal Income Tax' are selected in object 'Object Repository/RAD_Pages/Landing_Page/select_NewTaxReturnAmountDue_TaxType' 

2024-11-12 18:40:34 - [TEST_STEP][PASSED] - break: null

2024-11-12 18:40:34 - [TEST_STEP][PASSED] - if (!(FilingYear.isEmpty())): All options with label '2021' are selected in object 'Object Repository/RAD_Pages/TaxTypeFilingYear_Page/select_FilingYear' 

2024-11-12 18:40:34 - [TEST_STEP][PASSED] - selectOptionByLabel(findTestObject(orPath_TaxTypeFilingYear + "/select_FilingYear"), FilingYear, false): All options with label '2021' are selected in object 'Object Repository/RAD_Pages/TaxTypeFilingYear_Page/select_FilingYear' 

2024-11-12 18:40:35 - [MESSAGE][PASSED] - All options with label '2021' are selected in object 'Object Repository/RAD_Pages/TaxTypeFilingYear_Page/select_FilingYear' 

2024-11-12 18:40:35 - [TEST_STEP][PASSED] - setText(findTestObject(orPath_TaxPayer + "/input_firstName"), " "): Text ' ' is set on object 'Object Repository/RAD_Pages/Taxpayer_Page/input_firstName'

2024-11-12 18:40:36 - [MESSAGE][PASSED] - Text ' ' is set on object 'Object Repository/RAD_Pages/Taxpayer_Page/input_firstName'

2024-11-12 18:40:36 - [TEST_STEP][PASSED] - setText(findTestObject(orPath_TaxPayer + "/input_lastName"), " "): Text ' ' is set on object 'Object Repository/RAD_Pages/Taxpayer_Page/input_lastName'

2024-11-12 18:40:37 - [MESSAGE][PASSED] - Text ' ' is set on object 'Object Repository/RAD_Pages/Taxpayer_Page/input_lastName'

2024-11-12 18:40:37 - [TEST_STEP][PASSED] - setText(findTestObject("RAD_RecordAndPlay/input_concatSSN"), " "): Text ' ' is set on object 'Object Repository/RAD_RecordAndPlay/input_concatSSN'

2024-11-12 18:40:37 - [MESSAGE][PASSED] - Text ' ' is set on object 'Object Repository/RAD_RecordAndPlay/input_concatSSN'

2024-11-12 18:40:37 - [TEST_STEP][PASSED] - setText(findTestObject("RAD_RecordAndPlay/input_concatReSSN"), " "): Text ' ' is set on object 'Object Repository/RAD_RecordAndPlay/input_concatReSSN'

2024-11-12 18:40:38 - [MESSAGE][PASSED] - Text ' ' is set on object 'Object Repository/RAD_RecordAndPlay/input_concatReSSN'

2024-11-12 18:40:38 - [TEST_STEP][PASSED] - setText(findTestObject(orPath_AddressContact + "/input_streetAddress1"), " "): Text ' ' is set on object 'Object Repository/RAD_Pages/AddressAndContactInfo_Page/input_streetAddress1'

2024-11-12 18:40:39 - [MESSAGE][PASSED] - Text ' ' is set on object 'Object Repository/RAD_Pages/AddressAndContactInfo_Page/input_streetAddress1'

2024-11-12 18:40:39 - [TEST_STEP][PASSED] - setText(findTestObject(orPath_AddressContact + "/input_city"), " "): Text ' ' is set on object 'Object Repository/RAD_Pages/AddressAndContactInfo_Page/input_city'

2024-11-12 18:40:40 - [MESSAGE][PASSED] - Text ' ' is set on object 'Object Repository/RAD_Pages/AddressAndContactInfo_Page/input_city'

2024-11-12 18:40:40 - [TEST_STEP][PASSED] - setText(findTestObject(orPath_AddressContact + "/input_zipCode"), " "): Text ' ' is set on object 'Object Repository/RAD_Pages/AddressAndContactInfo_Page/input_zipCode'

2024-11-12 18:40:41 - [MESSAGE][PASSED] - Text ' ' is set on object 'Object Repository/RAD_Pages/AddressAndContactInfo_Page/input_zipCode'

2024-11-12 18:40:41 - [TEST_STEP][PASSED] - setText(findTestObject(orPath_AddressContact + "/input_phoneNumber"), " "): Text ' ' is set on object 'Object Repository/RAD_Pages/AddressAndContactInfo_Page/input_phoneNumber'

2024-11-12 18:40:42 - [MESSAGE][PASSED] - Text ' ' is set on object 'Object Repository/RAD_Pages/AddressAndContactInfo_Page/input_phoneNumber'

2024-11-12 18:40:42 - [TEST_STEP][PASSED] - setText(findTestObject(orPath_AddressContact + "/input_eMailAddress"), " "): Text ' ' is set on object 'Object Repository/RAD_Pages/AddressAndContactInfo_Page/input_eMailAddress'

2024-11-12 18:40:43 - [MESSAGE][PASSED] - Text ' ' is set on object 'Object Repository/RAD_Pages/AddressAndContactInfo_Page/input_eMailAddress'

2024-11-12 18:40:43 - [TEST_STEP][PASSED] - setText(findTestObject(orPath_AddressContact + "/input_reEnterEMailAddress"), " "): Text ' ' is set on object 'Object Repository/RAD_Pages/AddressAndContactInfo_Page/input_reEnterEMailAddress'

2024-11-12 18:40:44 - [MESSAGE][PASSED] - Text ' ' is set on object 'Object Repository/RAD_Pages/AddressAndContactInfo_Page/input_reEnterEMailAddress'

2024-11-12 18:40:44 - [TEST_STEP][PASSED] - scrollToElement(findTestObject(orPath_Landing + "/button_Continue"), 3): Scroll to object 'Object Repository/RAD_Pages/Landing_Page/button_Continue' successfully

2024-11-12 18:40:44 - [MESSAGE][PASSED] - Scroll to object 'Object Repository/RAD_Pages/Landing_Page/button_Continue' successfully

2024-11-12 18:40:44 - [TEST_STEP][PASSED] - waitForElementClickable(findTestObject(orPath_FilingStatus + "/input_JointFiling_userType_New"), 5): Object 'Object Repository/RAD_Pages/FilingStatus_Page/input_JointFiling_userType_New' is clickable

2024-11-12 18:40:44 - [MESSAGE][PASSED] - Object 'Object Repository/RAD_Pages/FilingStatus_Page/input_JointFiling_userType_New' is clickable

2024-11-12 18:40:44 - [TEST_STEP][PASSED] - check(findTestObject(orPath_FilingStatus + "/input_JointFiling_userType_New")): Object 'Object Repository/RAD_Pages/FilingStatus_Page/input_JointFiling_userType_New' is checked

2024-11-12 18:40:45 - [MESSAGE][PASSED] - Object 'Object Repository/RAD_Pages/FilingStatus_Page/input_JointFiling_userType_New' is checked

2024-11-12 18:40:45 - [TEST_STEP][PASSED] - delay(2): Delayed 2 second(s)

2024-11-12 18:40:47 - [MESSAGE][PASSED] - Delayed 2 second(s)

2024-11-12 18:40:47 - [TEST_STEP][PASSED] - setText(findTestObject(orPath_FilingStatus + "/input_jointFirstName"), " "): Text ' ' is set on object 'Object Repository/RAD_Pages/FilingStatus_Page/input_jointFirstName'

2024-11-12 18:40:47 - [MESSAGE][PASSED] - Text ' ' is set on object 'Object Repository/RAD_Pages/FilingStatus_Page/input_jointFirstName'

2024-11-12 18:40:47 - [TEST_STEP][PASSED] - setText(findTestObject(orPath_FilingStatus + "/input_jointLastName"), " "): Text ' ' is set on object 'Object Repository/RAD_Pages/FilingStatus_Page/input_jointLastName'

2024-11-12 18:40:48 - [MESSAGE][PASSED] - Text ' ' is set on object 'Object Repository/RAD_Pages/FilingStatus_Page/input_jointLastName'

2024-11-12 18:40:48 - [TEST_STEP][PASSED] - setText(findTestObject("Object Repository/RAD_RecordAndPlay/input_JointFilerSSN"), " "): Text ' ' is set on object 'Object Repository/RAD_RecordAndPlay/input_JointFilerSSN'

2024-11-12 18:40:49 - [MESSAGE][PASSED] - Text ' ' is set on object 'Object Repository/RAD_RecordAndPlay/input_JointFilerSSN'

2024-11-12 18:40:49 - [TEST_STEP][PASSED] - setText(findTestObject("Object Repository/RAD_RecordAndPlay/input_reTypeJointFilerSSN"), " "): Text ' ' is set on object 'Object Repository/RAD_RecordAndPlay/input_reTypeJointFilerSSN'

2024-11-12 18:40:49 - [MESSAGE][PASSED] - Text ' ' is set on object 'Object Repository/RAD_RecordAndPlay/input_reTypeJointFilerSSN'

2024-11-12 18:40:49 - [TEST_STEP][PASSED] - resText = "Fail": null

2024-11-12 18:40:49 - [TEST_STEP][PASSED] - pages.WriteExcel.demoKey(resText, datText, resColumn, datCloumn, fileLoc, nameSheet, row): pages.WriteExcel.demoKey is PASSED

2024-11-12 18:40:49 - [MESSAGE][PASSED] - pages.WriteExcel.demoKey is PASSED

2024-11-12 18:40:49 - [TEST_STEP][PASSED] - verifyTextPresent("Enter first name", true, CONTINUE_ON_FAILURE): Text 'Enter first name' is present on page  using regular expression

2024-11-12 18:40:50 - [MESSAGE][PASSED] - Text 'Enter first name' is present on page  using regular expression

2024-11-12 18:40:50 - [TEST_STEP][PASSED] - verifyTextPresent("Enter last name", true, CONTINUE_ON_FAILURE): Text 'Enter last name' is present on page  using regular expression

2024-11-12 18:40:50 - [MESSAGE][PASSED] - Text 'Enter last name' is present on page  using regular expression

2024-11-12 18:40:50 - [TEST_STEP][PASSED] - verifyTextPresent("Please enter a valid SSN with 9 digits", true, CONTINUE_ON_FAILURE): Text 'Please enter a valid SSN with 9 digits' is present on page  using regular expression

2024-11-12 18:40:50 - [MESSAGE][PASSED] - Text 'Please enter a valid SSN with 9 digits' is present on page  using regular expression

2024-11-12 18:40:50 - [TEST_STEP][PASSED] - verifyTextPresent("Re-type SSN Validation Error", true, CONTINUE_ON_FAILURE): Text 'Re-type SSN Validation Error' is present on page  using regular expression

2024-11-12 18:40:51 - [MESSAGE][PASSED] - Text 'Re-type SSN Validation Error' is present on page  using regular expression

2024-11-12 18:40:51 - [TEST_STEP][PASSED] - verifyTextPresent("Enter address", true, CONTINUE_ON_FAILURE): Text 'Enter address' is present on page  using regular expression

2024-11-12 18:40:51 - [MESSAGE][PASSED] - Text 'Enter address' is present on page  using regular expression

2024-11-12 18:40:51 - [TEST_STEP][PASSED] - verifyTextPresent("Enter city", true, CONTINUE_ON_FAILURE): Text 'Enter city' is present on page  using regular expression

2024-11-12 18:40:51 - [MESSAGE][PASSED] - Text 'Enter city' is present on page  using regular expression

2024-11-12 18:40:51 - [TEST_STEP][PASSED] - verifyTextPresent("Enter ZIP code", true, CONTINUE_ON_FAILURE): Text 'Enter ZIP code' is present on page  using regular expression

2024-11-12 18:40:52 - [MESSAGE][PASSED] - Text 'Enter ZIP code' is present on page  using regular expression

2024-11-12 18:40:52 - [TEST_STEP][PASSED] - verifyTextPresent("Enter a valid phone number", true, CONTINUE_ON_FAILURE): Text 'Enter a valid phone number' is present on page  using regular expression

2024-11-12 18:40:52 - [MESSAGE][PASSED] - Text 'Enter a valid phone number' is present on page  using regular expression

2024-11-12 18:40:52 - [TEST_STEP][PASSED] - verifyTextPresent("Enter Email", true, CONTINUE_ON_FAILURE): Text 'Enter Email' is present on page  using regular expression

2024-11-12 18:40:52 - [MESSAGE][PASSED] - Text 'Enter Email' is present on page  using regular expression

2024-11-12 18:40:52 - [TEST_STEP][PASSED] - verifyTextPresent("Enter joint payer first name", true, CONTINUE_ON_FAILURE): Text 'Enter joint payer first name' is present on page  using regular expression

2024-11-12 18:40:53 - [MESSAGE][PASSED] - Text 'Enter joint payer first name' is present on page  using regular expression

2024-11-12 18:40:53 - [TEST_STEP][PASSED] - verifyTextPresent("Enter joint payer last name", true, CONTINUE_ON_FAILURE): Text 'Enter joint payer last name' is present on page  using regular expression

2024-11-12 18:40:53 - [MESSAGE][PASSED] - Text 'Enter joint payer last name' is present on page  using regular expression

2024-11-12 18:40:53 - [TEST_STEP][PASSED] - verifyTextPresent("Please enter a valid SSN with 9 digits", true, CONTINUE_ON_FAILURE): Text 'Please enter a valid SSN with 9 digits' is present on page  using regular expression

2024-11-12 18:40:54 - [MESSAGE][PASSED] - Text 'Please enter a valid SSN with 9 digits' is present on page  using regular expression

2024-11-12 18:40:54 - [TEST_STEP][PASSED] - verifyTextPresent("Re-type SSN Validation Error", true, CONTINUE_ON_FAILURE): Text 'Re-type SSN Validation Error' is present on page  using regular expression

2024-11-12 18:40:54 - [MESSAGE][PASSED] - Text 'Re-type SSN Validation Error' is present on page  using regular expression

2024-11-12 18:40:54 - [TEST_STEP][PASSED] - resText = "Pass": null

2024-11-12 18:40:54 - [TEST_STEP][PASSED] - pages.WriteExcel.demoKey(resText, datText, resColumn, datCloumn, fileLoc, nameSheet, row): pages.WriteExcel.demoKey is PASSED

2024-11-12 18:40:54 - [MESSAGE][PASSED] - pages.WriteExcel.demoKey is PASSED]]></system-out>
         <system-err><![CDATA[]]></system-err>
      </testcase>
      <system-out><![CDATA[2024-11-12 18:09:05 - [TEST_SUITE][PASSED] - RAD_UI_TestSuite: Test Cases/RAD_TestCases/MRF_TestCases/Personal_Joint_MRF_TC]]></system-out>
      <system-err><![CDATA[]]></system-err>
   </testsuite>
</testsuites>
