<?xml version="1.0" encoding="UTF-8"?>
<testsuites name="QA_Regression_Test" time="5957.281" tests="1" failures="1" errors="0">
   <testsuite name="QA_Regression_Test" tests="1" failures="1" errors="0" time="5957.281" skipped="0" timestamp="2023-02-17 20:35:21" hostname="imtiaz - DESKTOP-B2QI6NS.govolution.com" id="Test Suites/QA/VLink/QA_Regression_Test">
      <properties>
         <property name="deviceName" value=""/>
         <property name="devicePlatform" value=""/>
         <property name="logFolder" value="E:\\Cloned-Project-Katalon\\VPS-Katalon\\Reports\\20230217_203516\\QA\\VLink\\QA_Regression_Test\\20230217_203516"/>
         <property name="logFiles" value="E:\\Cloned-Project-Katalon\\VPS-Katalon\\Reports\\20230217_203516\\QA\\VLink\\QA_Regression_Test\\20230217_203516\\execution0.log"/>
         <property name="attachments" value=""/>
         <property name="hostName" value="imtiaz - DESKTOP-B2QI6NS.govolution.com"/>
         <property name="os" value="Windows 10 64bit"/>
         <property name="katalonVersion" value="8.2.5.208"/>
         <property name="browser" value="Chrome 110.0.0.0"/>
         <property name="hostAddress" value="172.31.253.135"/>
         <property name="sessionId" value="577798e9706aed39e6ce0a1920eedf79"/>
         <property name="seleniumVersion" value="3.141.59"/>
         <property name="proxyInformation" value="ProxyInformation { proxyOption=NO_PROXY, proxyServerType=HTTP, username=, password=********, proxyServerAddress=, proxyServerPort=0, executionList=&quot;&quot;, isApplyToDesiredCapabilities=true }"/>
         <property name="platform" value="Windows 10"/>
      </properties>
      <testcase name="Test Cases/VLink/QA/VLinkSale-Successful" time="5956.866" classname="Test Cases/VLink/QA/VLinkSale-Successful" status="FAILED">
         <failure type="FAILED" message="Test Cases/VLink/QA/VLinkSale-Successful FAILED.
Reason:
com.kms.katalon.core.exception.StepFailedException: Text 'Transaction approved, no errors' is not present on page  using regular expression (Root cause: com.kms.katalon.core.exception.StepFailedException: Text 'Transaction approved, no errors' is not present on page  using regular expression
	at com.kms.katalon.core.webui.keyword.internal.WebUIKeywordMain.stepFailed(WebUIKeywordMain.groovy:64)
	at com.kms.katalon.core.webui.keyword.builtin.VerifyTextPresentKeyword$_verifyTextPresent_closure1.doCall(VerifyTextPresentKeyword.groovy:79)
	at com.kms.katalon.core.webui.keyword.builtin.VerifyTextPresentKeyword$_verifyTextPresent_closure1.call(VerifyTextPresentKeyword.groovy)
	at com.kms.katalon.core.webui.keyword.internal.WebUIKeywordMain.runKeyword(WebUIKeywordMain.groovy:20)
	at com.kms.katalon.core.webui.keyword.builtin.VerifyTextPresentKeyword.verifyTextPresent(VerifyTextPresentKeyword.groovy:83)
	at com.kms.katalon.core.webui.keyword.builtin.VerifyTextPresentKeyword.execute(VerifyTextPresentKeyword.groovy:68)
	at com.kms.katalon.core.keyword.internal.KeywordExecutor.executeKeywordForPlatform(KeywordExecutor.groovy:74)
	at com.kms.katalon.core.webui.keyword.WebUiBuiltInKeywords.verifyTextPresent(WebUiBuiltInKeywords.groovy:1723)
	at com.kms.katalon.core.webui.keyword.WebUiBuiltInKeywords$verifyTextPresent$4.call(Unknown Source)
	at VLinkSale-Successful.run(VLinkSale-Successful:89)
	at com.kms.katalon.core.main.ScriptEngine.run(ScriptEngine.java:194)
	at com.kms.katalon.core.main.ScriptEngine.runScriptAsRawText(ScriptEngine.java:119)
	at com.kms.katalon.core.main.TestCaseExecutor.runScript(TestCaseExecutor.java:442)
	at com.kms.katalon.core.main.TestCaseExecutor.doExecute(TestCaseExecutor.java:433)
	at com.kms.katalon.core.main.TestCaseExecutor.processExecutionPhase(TestCaseExecutor.java:412)
	at com.kms.katalon.core.main.TestCaseExecutor.accessMainPhase(TestCaseExecutor.java:404)
	at com.kms.katalon.core.main.TestCaseExecutor.execute(TestCaseExecutor.java:281)
	at com.kms.katalon.core.main.TestSuiteExecutor.accessTestCaseMainPhase(TestSuiteExecutor.java:202)
	at com.kms.katalon.core.main.TestSuiteExecutor.accessTestSuiteMainPhase(TestSuiteExecutor.java:164)
	at com.kms.katalon.core.main.TestSuiteExecutor.execute(TestSuiteExecutor.java:105)
	at com.kms.katalon.core.main.TestCaseMain.startTestSuite(TestCaseMain.java:185)
	at com.kms.katalon.core.main.TestCaseMain$startTestSuite$0.call(Unknown Source)
	at TempTestSuite1676684116661.run(TempTestSuite1676684116661.groovy:36)
)
	at com.kms.katalon.core.keyword.internal.KeywordMain.stepFailed(KeywordMain.groovy:39)
	at com.kms.katalon.core.webui.keyword.internal.WebUIKeywordMain.stepFailed(WebUIKeywordMain.groovy:64)
	at com.kms.katalon.core.webui.keyword.builtin.VerifyTextPresentKeyword$_verifyTextPresent_closure1.doCall(VerifyTextPresentKeyword.groovy:79)
	at com.kms.katalon.core.webui.keyword.builtin.VerifyTextPresentKeyword$_verifyTextPresent_closure1.call(VerifyTextPresentKeyword.groovy)
	at com.kms.katalon.core.webui.keyword.internal.WebUIKeywordMain.runKeyword(WebUIKeywordMain.groovy:20)
	at com.kms.katalon.core.webui.keyword.builtin.VerifyTextPresentKeyword.verifyTextPresent(VerifyTextPresentKeyword.groovy:83)
	at com.kms.katalon.core.webui.keyword.builtin.VerifyTextPresentKeyword.execute(VerifyTextPresentKeyword.groovy:68)
	at com.kms.katalon.core.keyword.internal.KeywordExecutor.executeKeywordForPlatform(KeywordExecutor.groovy:74)
	at com.kms.katalon.core.webui.keyword.WebUiBuiltInKeywords.verifyTextPresent(WebUiBuiltInKeywords.groovy:1723)
	at com.kms.katalon.core.webui.keyword.WebUiBuiltInKeywords$verifyTextPresent$4.call(Unknown Source)
	at VLinkSale-Successful.run(VLinkSale-Successful:89)
	at com.kms.katalon.core.main.ScriptEngine.run(ScriptEngine.java:194)
	at com.kms.katalon.core.main.ScriptEngine.runScriptAsRawText(ScriptEngine.java:119)
	at com.kms.katalon.core.main.TestCaseExecutor.runScript(TestCaseExecutor.java:442)
	at com.kms.katalon.core.main.TestCaseExecutor.doExecute(TestCaseExecutor.java:433)
	at com.kms.katalon.core.main.TestCaseExecutor.processExecutionPhase(TestCaseExecutor.java:412)
	at com.kms.katalon.core.main.TestCaseExecutor.accessMainPhase(TestCaseExecutor.java:404)
	at com.kms.katalon.core.main.TestCaseExecutor.execute(TestCaseExecutor.java:281)
	at com.kms.katalon.core.main.TestSuiteExecutor.accessTestCaseMainPhase(TestSuiteExecutor.java:202)
	at com.kms.katalon.core.main.TestSuiteExecutor.accessTestSuiteMainPhase(TestSuiteExecutor.java:164)
	at com.kms.katalon.core.main.TestSuiteExecutor.execute(TestSuiteExecutor.java:105)
	at com.kms.katalon.core.main.TestCaseMain.startTestSuite(TestCaseMain.java:185)
	at com.kms.katalon.core.main.TestCaseMain$startTestSuite$0.call(Unknown Source)
	at TempTestSuite1676684116661.run(TempTestSuite1676684116661.groovy:36)
Caused by: com.kms.katalon.core.exception.StepFailedException: Text 'Transaction approved, no errors' is not present on page  using regular expression
	... 23 more
"/>
         <system-out><![CDATA[2023-02-17 20:35:22 - [TEST_CASE][FAILED] - Test Cases/VLink/QA/VLinkSale-Successful: Test Cases/VLink/QA/VLinkSale-Successful FAILED.
Reason:
com.kms.katalon.core.exception.StepFailedException: Text 'Transaction approved, no errors' is not present on page  using regular expression (Root cause: com.kms.katalon.core.exception.StepFailedException: Text 'Transaction approved, no errors' is not present on page  using regular expression
	at com.kms.katalon.core.webui.keyword.internal.WebUIKeywordMain.stepFailed(WebUIKeywordMain.groovy:64)
	at com.kms.katalon.core.webui.keyword.builtin.VerifyTextPresentKeyword$_verifyTextPresent_closure1.doCall(VerifyTextPresentKeyword.groovy:79)
	at com.kms.katalon.core.webui.keyword.builtin.VerifyTextPresentKeyword$_verifyTextPresent_closure1.call(VerifyTextPresentKeyword.groovy)
	at com.kms.katalon.core.webui.keyword.internal.WebUIKeywordMain.runKeyword(WebUIKeywordMain.groovy:20)
	at com.kms.katalon.core.webui.keyword.builtin.VerifyTextPresentKeyword.verifyTextPresent(VerifyTextPresentKeyword.groovy:83)
	at com.kms.katalon.core.webui.keyword.builtin.VerifyTextPresentKeyword.execute(VerifyTextPresentKeyword.groovy:68)
	at com.kms.katalon.core.keyword.internal.KeywordExecutor.executeKeywordForPlatform(KeywordExecutor.groovy:74)
	at com.kms.katalon.core.webui.keyword.WebUiBuiltInKeywords.verifyTextPresent(WebUiBuiltInKeywords.groovy:1723)
	at com.kms.katalon.core.webui.keyword.WebUiBuiltInKeywords$verifyTextPresent$4.call(Unknown Source)
	at VLinkSale-Successful.run(VLinkSale-Successful:89)
	at com.kms.katalon.core.main.ScriptEngine.run(ScriptEngine.java:194)
	at com.kms.katalon.core.main.ScriptEngine.runScriptAsRawText(ScriptEngine.java:119)
	at com.kms.katalon.core.main.TestCaseExecutor.runScript(TestCaseExecutor.java:442)
	at com.kms.katalon.core.main.TestCaseExecutor.doExecute(TestCaseExecutor.java:433)
	at com.kms.katalon.core.main.TestCaseExecutor.processExecutionPhase(TestCaseExecutor.java:412)
	at com.kms.katalon.core.main.TestCaseExecutor.accessMainPhase(TestCaseExecutor.java:404)
	at com.kms.katalon.core.main.TestCaseExecutor.execute(TestCaseExecutor.java:281)
	at com.kms.katalon.core.main.TestSuiteExecutor.accessTestCaseMainPhase(TestSuiteExecutor.java:202)
	at com.kms.katalon.core.main.TestSuiteExecutor.accessTestSuiteMainPhase(TestSuiteExecutor.java:164)
	at com.kms.katalon.core.main.TestSuiteExecutor.execute(TestSuiteExecutor.java:105)
	at com.kms.katalon.core.main.TestCaseMain.startTestSuite(TestCaseMain.java:185)
	at com.kms.katalon.core.main.TestCaseMain$startTestSuite$0.call(Unknown Source)
	at TempTestSuite1676684116661.run(TempTestSuite1676684116661.groovy:36)
)
	at com.kms.katalon.core.keyword.internal.KeywordMain.stepFailed(KeywordMain.groovy:39)
	at com.kms.katalon.core.webui.keyword.internal.WebUIKeywordMain.stepFailed(WebUIKeywordMain.groovy:64)
	at com.kms.katalon.core.webui.keyword.builtin.VerifyTextPresentKeyword$_verifyTextPresent_closure1.doCall(VerifyTextPresentKeyword.groovy:79)
	at com.kms.katalon.core.webui.keyword.builtin.VerifyTextPresentKeyword$_verifyTextPresent_closure1.call(VerifyTextPresentKeyword.groovy)
	at com.kms.katalon.core.webui.keyword.internal.WebUIKeywordMain.runKeyword(WebUIKeywordMain.groovy:20)
	at com.kms.katalon.core.webui.keyword.builtin.VerifyTextPresentKeyword.verifyTextPresent(VerifyTextPresentKeyword.groovy:83)
	at com.kms.katalon.core.webui.keyword.builtin.VerifyTextPresentKeyword.execute(VerifyTextPresentKeyword.groovy:68)
	at com.kms.katalon.core.keyword.internal.KeywordExecutor.executeKeywordForPlatform(KeywordExecutor.groovy:74)
	at com.kms.katalon.core.webui.keyword.WebUiBuiltInKeywords.verifyTextPresent(WebUiBuiltInKeywords.groovy:1723)
	at com.kms.katalon.core.webui.keyword.WebUiBuiltInKeywords$verifyTextPresent$4.call(Unknown Source)
	at VLinkSale-Successful.run(VLinkSale-Successful:89)
	at com.kms.katalon.core.main.ScriptEngine.run(ScriptEngine.java:194)
	at com.kms.katalon.core.main.ScriptEngine.runScriptAsRawText(ScriptEngine.java:119)
	at com.kms.katalon.core.main.TestCaseExecutor.runScript(TestCaseExecutor.java:442)
	at com.kms.katalon.core.main.TestCaseExecutor.doExecute(TestCaseExecutor.java:433)
	at com.kms.katalon.core.main.TestCaseExecutor.processExecutionPhase(TestCaseExecutor.java:412)
	at com.kms.katalon.core.main.TestCaseExecutor.accessMainPhase(TestCaseExecutor.java:404)
	at com.kms.katalon.core.main.TestCaseExecutor.execute(TestCaseExecutor.java:281)
	at com.kms.katalon.core.main.TestSuiteExecutor.accessTestCaseMainPhase(TestSuiteExecutor.java:202)
	at com.kms.katalon.core.main.TestSuiteExecutor.accessTestSuiteMainPhase(TestSuiteExecutor.java:164)
	at com.kms.katalon.core.main.TestSuiteExecutor.execute(TestSuiteExecutor.java:105)
	at com.kms.katalon.core.main.TestCaseMain.startTestSuite(TestCaseMain.java:185)
	at com.kms.katalon.core.main.TestCaseMain$startTestSuite$0.call(Unknown Source)
	at TempTestSuite1676684116661.run(TempTestSuite1676684116661.groovy:36)
Caused by: com.kms.katalon.core.exception.StepFailedException: Text 'Transaction approved, no errors' is not present on page  using regular expression
	... 23 more


2023-02-17 20:35:22 - [TEST_STEP][PASSED] - resText = "Fail": null

2023-02-17 20:35:22 - [TEST_STEP][PASSED] - resColumn = "Result": null

2023-02-17 20:35:22 - [TEST_STEP][PASSED] - datCloumn = "Date": null

2023-02-17 20:35:22 - [TEST_STEP][PASSED] - fileLoc = "KatalonData/VLinkCCTestData.xlsx": null

2023-02-17 20:35:22 - [TEST_STEP][PASSED] - nameSheet = "CCSaleData": null

2023-02-17 20:35:22 - [TEST_STEP][PASSED] - numOfRows = findTestData("QA/VLinkTestData/VLinkCCTestData").getRowNumbers(): null

2023-02-17 20:35:23 - [TEST_STEP][PASSED] - println("Number of Records: " + numOfRows): null

2023-02-17 20:35:23 - [TEST_STEP][PASSED] - dataFile = "QA/VLinkTestData/VLinkCCTestData": null

2023-02-17 20:35:23 - [TEST_STEP][FAILED] - for ([row = 1, row <= numOfRows, (row++)]): null

2023-02-17 20:35:23 - [TEST_STEP][PASSED] - ExecuteTC = findTestData(dataFile).getValue("Execute", row): null

2023-02-17 20:35:23 - [TEST_STEP][PASSED] - out.println("Value of Execute is : " + ExecuteTC): null

2023-02-17 20:35:23 - [TEST_STEP][PASSED] - if (ExecuteTC.equalsIgnoreCase("Y")): Browser is closed

2023-02-17 20:35:23 - [TEST_STEP][PASSED] - out.println("Begin Record Number: " + row): null

2023-02-17 20:35:23 - [TEST_STEP][PASSED] - today = new java.util.Date(): null

2023-02-17 20:35:23 - [TEST_STEP][PASSED] - println(today): null

2023-02-17 20:35:23 - [TEST_STEP][PASSED] - datText = today: null

2023-02-17 20:35:23 - [TEST_STEP][PASSED] - openBrowser(VLinkURL + "authcap.html"): Browser is opened with url: 'https://dev-algorithm.govolution.com/vlinktest/QA/version_2_0/authcap.html'

2023-02-17 20:35:24 - [MESSAGE][INFO] - Starting 'Chrome' driver

2023-02-17 20:35:24 - [MESSAGE][INFO] - User set preference: ['acceptInsecureCerts', 'true']

2023-02-17 20:35:24 - [MESSAGE][INFO] - Action delay is set to 0 milliseconds

2023-02-17 20:35:27 - [MESSAGE][PASSED] - Browser is opened with url: 'https://dev-algorithm.govolution.com/vlinktest/QA/version_2_0/authcap.html'

2023-02-17 20:35:27 - [TEST_STEP][PASSED] - maximizeWindow(): Current window maximized

2023-02-17 20:35:27 - [MESSAGE][PASSED] - Current window maximized

2023-02-17 20:35:27 - [TEST_STEP][PASSED] - vlinkPages.saleCCPage.setDataSCC(row, dataFile): vlinkPages.saleCCPage.setDataSCC is PASSED

2023-02-17 20:35:31 - [MESSAGE][PASSED] - Object 'Object Repository/VLink/Page_CCSale/txt_CardNumber' is present

2023-02-17 20:35:32 - [MESSAGE][PASSED] - Text '104' is set on object 'Object Repository/VLink/Page_CCSale/txt_TransactionType'

2023-02-17 20:35:32 - [MESSAGE][PASSED] - Text '2.0C' is set on object 'Object Repository/VLink/Page_CCSale/txt_MessageVersion'

2023-02-17 20:35:33 - [MESSAGE][PASSED] - Text 'FXAmXLqxZLou' is set on object 'Object Repository/VLink/Page_CCSale/txt_RemID'

2023-02-17 20:35:34 - [MESSAGE][PASSED] - Text '665' is set on object 'Object Repository/VLink/Page_CCSale/txt_ApplicationId'

2023-02-17 20:35:34 - [MESSAGE][PASSED] - Text 'username' is set on object 'Object Repository/VLink/Page_CCSale/txt_Username'

2023-02-17 20:35:35 - [MESSAGE][PASSED] - Text 'password' is set on object 'Object Repository/VLink/Page_CCSale/txt_Password'

2023-02-17 20:35:36 - [MESSAGE][PASSED] - Text 'fixed_width' is set on object 'Object Repository/VLink/Page_CCSale/txt_ResponseFormat'

2023-02-17 20:35:36 - [MESSAGE][PASSED] - Text 'ECOM' is set on object 'Object Repository/VLink/Page_CCSale/txt_Category'

2023-02-17 20:35:37 - [MESSAGE][PASSED] - Text '' is set on object 'Object Repository/VLink/Page_CCSale/txt_TransactionID'

2023-02-17 20:35:38 - [MESSAGE][PASSED] - Text '' is set on object 'Object Repository/VLink/Page_CCSale/txt_ApprovalCode'

2023-02-17 20:35:38 - [MESSAGE][PASSED] - Text 'Kris Roshan' is set on object 'Object Repository/VLink/Page_CCSale/txt_CardName'

2023-02-17 20:35:39 - [MESSAGE][PASSED] - Text '258 Elm Road' is set on object 'Object Repository/VLink/Page_CCSale/txt_AL1'

2023-02-17 20:35:40 - [MESSAGE][PASSED] - Text 'Suite 56' is set on object 'Object Repository/VLink/Page_CCSale/txt_AL2'

2023-02-17 20:35:40 - [MESSAGE][PASSED] - Text 'Arlington' is set on object 'Object Repository/VLink/Page_CCSale/txt_CardCity'

2023-02-17 20:35:41 - [MESSAGE][PASSED] - Text 'VA' is set on object 'Object Repository/VLink/Page_CCSale/txt_CardState'

2023-02-17 20:35:42 - [MESSAGE][PASSED] - Text '22201' is set on object 'Object Repository/VLink/Page_CCSale/txt_CardZIP'

2023-02-17 20:35:42 - [MESSAGE][PASSED] - Text '840' is set on object 'Object Repository/VLink/Page_CCSale/txt_CountryID'

2023-02-17 20:35:43 - [MESSAGE][PASSED] - Text '1.50' is set on object 'Object Repository/VLink/Page_CCSale/txt_Amount'

2023-02-17 20:35:44 - [MESSAGE][PASSED] - Text '4111111111111111' is set on object 'Object Repository/VLink/Page_CCSale/txt_CardNumber'

2023-02-17 20:35:45 - [MESSAGE][PASSED] - Text '12' is set on object 'Object Repository/VLink/Page_CCSale/txt_ExpMonth'

2023-02-17 20:35:45 - [MESSAGE][PASSED] - Text '2025' is set on object 'Object Repository/VLink/Page_CCSale/txt_ExpYear'

2023-02-17 20:35:46 - [MESSAGE][PASSED] - Text '' is set on object 'Object Repository/VLink/Page_CCSale/txt_CVV'

2023-02-17 20:35:47 - [MESSAGE][PASSED] - Text '' is set on object 'Object Repository/VLink/Page_CCSale/txt_CVVstate'

2023-02-17 20:35:47 - [MESSAGE][PASSED] - Text '' is set on object 'Object Repository/VLink/Page_CCSale/txt_TrackData'

2023-02-17 20:35:48 - [MESSAGE][PASSED] - Text '' is set on object 'Object Repository/VLink/Page_CCSale/txt_Track1Data'

2023-02-17 20:35:49 - [MESSAGE][PASSED] - Text '' is set on object 'Object Repository/VLink/Page_CCSale/txt_Track2Data'

2023-02-17 20:35:49 - [MESSAGE][PASSED] - Text 'manual' is set on object 'Object Repository/VLink/Page_CCSale/txt_POSEntryMode'

2023-02-17 20:35:50 - [MESSAGE][PASSED] - Text 'iahmed@govolution.com' is set on object 'Object Repository/VLink/Page_CCSale/txt_Email'

2023-02-17 20:35:51 - [MESSAGE][PASSED] - Text '2569362' is set on object 'Object Repository/VLink/Page_CCSale/txt_OrderNumber'

2023-02-17 20:35:51 - [MESSAGE][PASSED] - Text '1.15' is set on object 'Object Repository/VLink/Page_CCSale/txt_TaxAmount'

2023-02-17 20:35:52 - [MESSAGE][PASSED] - Text 'Charge Description' is set on object 'Object Repository/VLink/Page_CCSale/txt_ChargeDescription'

2023-02-17 20:35:53 - [MESSAGE][PASSED] - Text '147357' is set on object 'Object Repository/VLink/Page_CCSale/txt_CAN'

2023-02-17 20:35:53 - [MESSAGE][PASSED] - Text '1' is set on object 'Object Repository/VLink/Page_CCSale/txt_BillPaymentIndicator'

2023-02-17 20:35:54 - [MESSAGE][PASSED] - Text 'UDF Data 1' is set on object 'Object Repository/VLink/Page_CCSale/txt_UDF1'

2023-02-17 20:35:55 - [MESSAGE][PASSED] - Text 'UDF Data 2' is set on object 'Object Repository/VLink/Page_CCSale/txt_UDF2'

2023-02-17 20:35:56 - [MESSAGE][PASSED] - Text 'UDF Data 3' is set on object 'Object Repository/VLink/Page_CCSale/txt_UDF3'

2023-02-17 20:35:56 - [MESSAGE][PASSED] - Text 'UDF Data 4' is set on object 'Object Repository/VLink/Page_CCSale/txt_UDF4'

2023-02-17 20:35:57 - [MESSAGE][PASSED] - Text 'UDF Data 5' is set on object 'Object Repository/VLink/Page_CCSale/txt_UDF5'

2023-02-17 20:35:58 - [MESSAGE][PASSED] - Text 'UDF Data 6' is set on object 'Object Repository/VLink/Page_CCSale/txt_UDF6'

2023-02-17 20:35:58 - [MESSAGE][PASSED] - Text 'UDF Data 7' is set on object 'Object Repository/VLink/Page_CCSale/txt_UDF7'

2023-02-17 20:35:59 - [MESSAGE][PASSED] - Text 'UDF Data 8' is set on object 'Object Repository/VLink/Page_CCSale/txt_UDF8'

2023-02-17 20:36:00 - [MESSAGE][PASSED] - Text 'UDF Data 9' is set on object 'Object Repository/VLink/Page_CCSale/txt_UDF9'

2023-02-17 20:36:00 - [MESSAGE][PASSED] - Text 'UDF Data 10' is set on object 'Object Repository/VLink/Page_CCSale/txt_UDF10'

2023-02-17 20:36:03 - [MESSAGE][PASSED] - Object: 'Object Repository/VLink/Page_CCSale/btn_ProcessVLinkTransaction' is clicked on

2023-02-17 20:36:08 - [MESSAGE][PASSED] - vlinkPages.saleCCPage.setDataSCC is PASSED

2023-02-17 20:36:08 - [TEST_STEP][PASSED] - if (verifyTextPresent("Transaction approved, no errors", true)): null

2023-02-17 20:36:08 - [MESSAGE][PASSED] - Text 'Transaction approved, no errors' is present on page  using regular expression

2023-02-17 20:36:08 - [TEST_STEP][PASSED] - println("Transaction Approved, no errors text is present on the Confirmation page"): null

2023-02-17 20:36:08 - [TEST_STEP][PASSED] - out.println("Pass Record Number: " + row): null

2023-02-17 20:36:08 - [TEST_STEP][PASSED] - resText = "Pass": null

2023-02-17 20:36:08 - [TEST_STEP][PASSED] - pages.WriteExcel.demoKey(resText, datText, resColumn, datCloumn, fileLoc, nameSheet, row): pages.WriteExcel.demoKey is PASSED

2023-02-17 20:36:09 - [MESSAGE][PASSED] - pages.WriteExcel.demoKey is PASSED

2023-02-17 20:36:09 - [TEST_STEP][PASSED] - sdfo = getText(findTestObject("Object Repository/Page_VLinkReceipt/pre_STX")): Text of object 'Object Repository/Page_VLinkReceipt/pre_STX' is: '<STX>FXAmXLqxZLou                  12127235            0  Transaction approved, no errors                   0                                                                                  XXOK9353   <ETX>'

2023-02-17 20:36:09 - [MESSAGE][PASSED] - Text of object 'Object Repository/Page_VLinkReceipt/pre_STX' is: '<STX>FXAmXLqxZLou                  12127235            0  Transaction approved, no errors                   0                                                                                  XXOK9353   <ETX>'

2023-02-17 20:36:09 - [TEST_STEP][PASSED] - out.println("sdfo: " + sdfo): null

2023-02-17 20:36:09 - [TEST_STEP][PASSED] - remID = substring(5, 35).trim(): null

2023-02-17 20:36:09 - [TEST_STEP][PASSED] - out.println("Remittance ID: " + remID): null

2023-02-17 20:36:09 - [TEST_STEP][PASSED] - traxID = substring(35, 55).trim(): null

2023-02-17 20:36:09 - [TEST_STEP][PASSED] - out.println("Transaction ID: " + traxID): null

2023-02-17 20:36:09 - [TEST_STEP][PASSED] - out.println("End Record Number: " + row): null

2023-02-17 20:36:09 - [TEST_STEP][PASSED] - closeBrowser(): Browser is closed

2023-02-17 20:36:10 - [MESSAGE][PASSED] - Browser is closed

2023-02-17 20:36:10 - [TEST_STEP][PASSED] - ExecuteTC = findTestData(dataFile).getValue("Execute", row): null

2023-02-17 20:36:10 - [TEST_STEP][PASSED] - out.println("Value of Execute is : " + ExecuteTC): null

2023-02-17 20:36:10 - [TEST_STEP][PASSED] - if (ExecuteTC.equalsIgnoreCase("Y")): Browser is closed

2023-02-17 20:36:10 - [TEST_STEP][PASSED] - out.println("Begin Record Number: " + row): null

2023-02-17 20:36:10 - [TEST_STEP][PASSED] - today = new java.util.Date(): null

2023-02-17 20:36:10 - [TEST_STEP][PASSED] - println(today): null

2023-02-17 20:36:10 - [TEST_STEP][PASSED] - datText = today: null

2023-02-17 20:36:10 - [TEST_STEP][PASSED] - openBrowser(VLinkURL + "authcap.html"): Browser is opened with url: 'https://dev-algorithm.govolution.com/vlinktest/QA/version_2_0/authcap.html'

2023-02-17 20:36:10 - [MESSAGE][INFO] - Starting 'Chrome' driver

2023-02-17 20:36:10 - [MESSAGE][INFO] - User set preference: ['acceptInsecureCerts', 'true']

2023-02-17 20:36:10 - [MESSAGE][INFO] - Action delay is set to 0 milliseconds

2023-02-17 20:36:12 - [MESSAGE][PASSED] - Browser is opened with url: 'https://dev-algorithm.govolution.com/vlinktest/QA/version_2_0/authcap.html'

2023-02-17 20:36:12 - [TEST_STEP][PASSED] - maximizeWindow(): Current window maximized

2023-02-17 20:36:12 - [MESSAGE][PASSED] - Current window maximized

2023-02-17 20:36:12 - [TEST_STEP][PASSED] - vlinkPages.saleCCPage.setDataSCC(row, dataFile): vlinkPages.saleCCPage.setDataSCC is PASSED

2023-02-17 20:36:15 - [MESSAGE][PASSED] - Object 'Object Repository/VLink/Page_CCSale/txt_CardNumber' is present

2023-02-17 20:36:16 - [MESSAGE][PASSED] - Text '104' is set on object 'Object Repository/VLink/Page_CCSale/txt_TransactionType'

2023-02-17 20:36:17 - [MESSAGE][PASSED] - Text '2.0C' is set on object 'Object Repository/VLink/Page_CCSale/txt_MessageVersion'

2023-02-17 20:36:17 - [MESSAGE][PASSED] - Text 'ou6dXvxTC4pn' is set on object 'Object Repository/VLink/Page_CCSale/txt_RemID'

2023-02-17 20:36:18 - [MESSAGE][PASSED] - Text '672' is set on object 'Object Repository/VLink/Page_CCSale/txt_ApplicationId'

2023-02-17 20:36:18 - [MESSAGE][PASSED] - Text 'username' is set on object 'Object Repository/VLink/Page_CCSale/txt_Username'

2023-02-17 20:36:19 - [MESSAGE][PASSED] - Text 'password' is set on object 'Object Repository/VLink/Page_CCSale/txt_Password'

2023-02-17 20:36:20 - [MESSAGE][PASSED] - Text 'fixed_width' is set on object 'Object Repository/VLink/Page_CCSale/txt_ResponseFormat'

2023-02-17 20:36:20 - [MESSAGE][PASSED] - Text 'ECOM' is set on object 'Object Repository/VLink/Page_CCSale/txt_Category'

2023-02-17 20:36:21 - [MESSAGE][PASSED] - Text '' is set on object 'Object Repository/VLink/Page_CCSale/txt_TransactionID'

2023-02-17 20:36:22 - [MESSAGE][PASSED] - Text '' is set on object 'Object Repository/VLink/Page_CCSale/txt_ApprovalCode'

2023-02-17 20:36:22 - [MESSAGE][PASSED] - Text 'Arvind Silva' is set on object 'Object Repository/VLink/Page_CCSale/txt_CardName'

2023-02-17 20:36:23 - [MESSAGE][PASSED] - Text '111 Main Ave' is set on object 'Object Repository/VLink/Page_CCSale/txt_AL1'

2023-02-17 20:36:24 - [MESSAGE][PASSED] - Text '' is set on object 'Object Repository/VLink/Page_CCSale/txt_AL2'

2023-02-17 20:36:24 - [MESSAGE][PASSED] - Text 'Arlington' is set on object 'Object Repository/VLink/Page_CCSale/txt_CardCity'

2023-02-17 20:36:25 - [MESSAGE][PASSED] - Text 'VA' is set on object 'Object Repository/VLink/Page_CCSale/txt_CardState'

2023-02-17 20:36:26 - [MESSAGE][PASSED] - Text '22201' is set on object 'Object Repository/VLink/Page_CCSale/txt_CardZIP'

2023-02-17 20:36:26 - [MESSAGE][PASSED] - Text '' is set on object 'Object Repository/VLink/Page_CCSale/txt_CountryID'

2023-02-17 20:36:27 - [MESSAGE][PASSED] - Text '2.50' is set on object 'Object Repository/VLink/Page_CCSale/txt_Amount'

2023-02-17 20:36:28 - [MESSAGE][PASSED] - Text '4111111111111111' is set on object 'Object Repository/VLink/Page_CCSale/txt_CardNumber'

2023-02-17 20:36:29 - [MESSAGE][PASSED] - Text '01' is set on object 'Object Repository/VLink/Page_CCSale/txt_ExpMonth'

2023-02-17 20:36:29 - [MESSAGE][PASSED] - Text '2026' is set on object 'Object Repository/VLink/Page_CCSale/txt_ExpYear'

2023-02-17 20:36:30 - [MESSAGE][PASSED] - Text '' is set on object 'Object Repository/VLink/Page_CCSale/txt_CVV'

2023-02-17 20:36:31 - [MESSAGE][PASSED] - Text '' is set on object 'Object Repository/VLink/Page_CCSale/txt_CVVstate'

2023-02-17 20:36:31 - [MESSAGE][PASSED] - Text '' is set on object 'Object Repository/VLink/Page_CCSale/txt_TrackData'

2023-02-17 20:36:32 - [MESSAGE][PASSED] - Text '' is set on object 'Object Repository/VLink/Page_CCSale/txt_Track1Data'

2023-02-17 20:36:33 - [MESSAGE][PASSED] - Text '' is set on object 'Object Repository/VLink/Page_CCSale/txt_Track2Data'

2023-02-17 20:36:33 - [MESSAGE][PASSED] - Text 'manual' is set on object 'Object Repository/VLink/Page_CCSale/txt_POSEntryMode'

2023-02-17 20:36:34 - [MESSAGE][PASSED] - Text '' is set on object 'Object Repository/VLink/Page_CCSale/txt_Email'

2023-02-17 20:36:35 - [MESSAGE][PASSED] - Text '' is set on object 'Object Repository/VLink/Page_CCSale/txt_OrderNumber'

2023-02-17 20:36:35 - [MESSAGE][PASSED] - Text '' is set on object 'Object Repository/VLink/Page_CCSale/txt_TaxAmount'

2023-02-17 20:36:36 - [MESSAGE][PASSED] - Text '' is set on object 'Object Repository/VLink/Page_CCSale/txt_ChargeDescription'

2023-02-17 20:36:37 - [MESSAGE][PASSED] - Text '' is set on object 'Object Repository/VLink/Page_CCSale/txt_CAN'

2023-02-17 20:36:37 - [MESSAGE][PASSED] - Text '' is set on object 'Object Repository/VLink/Page_CCSale/txt_BillPaymentIndicator'

2023-02-17 20:36:38 - [MESSAGE][PASSED] - Text '' is set on object 'Object Repository/VLink/Page_CCSale/txt_UDF1'

2023-02-17 20:36:39 - [MESSAGE][PASSED] - Text '' is set on object 'Object Repository/VLink/Page_CCSale/txt_UDF2'

2023-02-17 20:36:39 - [MESSAGE][PASSED] - Text '' is set on object 'Object Repository/VLink/Page_CCSale/txt_UDF3'

2023-02-17 20:36:40 - [MESSAGE][PASSED] - Text '' is set on object 'Object Repository/VLink/Page_CCSale/txt_UDF4'

2023-02-17 20:36:41 - [MESSAGE][PASSED] - Text '' is set on object 'Object Repository/VLink/Page_CCSale/txt_UDF5'

2023-02-17 20:36:41 - [MESSAGE][PASSED] - Text '' is set on object 'Object Repository/VLink/Page_CCSale/txt_UDF6'

2023-02-17 20:36:42 - [MESSAGE][PASSED] - Text '' is set on object 'Object Repository/VLink/Page_CCSale/txt_UDF7'

2023-02-17 20:36:43 - [MESSAGE][PASSED] - Text '' is set on object 'Object Repository/VLink/Page_CCSale/txt_UDF8'

2023-02-17 20:36:43 - [MESSAGE][PASSED] - Text '' is set on object 'Object Repository/VLink/Page_CCSale/txt_UDF9'

2023-02-17 20:36:44 - [MESSAGE][PASSED] - Text '' is set on object 'Object Repository/VLink/Page_CCSale/txt_UDF10'

2023-02-17 20:36:47 - [MESSAGE][PASSED] - Object: 'Object Repository/VLink/Page_CCSale/btn_ProcessVLinkTransaction' is clicked on

2023-02-17 20:36:52 - [MESSAGE][PASSED] - vlinkPages.saleCCPage.setDataSCC is PASSED

2023-02-17 20:36:52 - [TEST_STEP][PASSED] - if (verifyTextPresent("Transaction approved, no errors", true)): null

2023-02-17 20:36:52 - [MESSAGE][PASSED] - Text 'Transaction approved, no errors' is present on page  using regular expression

2023-02-17 20:36:52 - [TEST_STEP][PASSED] - println("Transaction Approved, no errors text is present on the Confirmation page"): null

2023-02-17 20:36:52 - [TEST_STEP][PASSED] - out.println("Pass Record Number: " + row): null

2023-02-17 20:36:52 - [TEST_STEP][PASSED] - resText = "Pass": null

2023-02-17 20:36:52 - [TEST_STEP][PASSED] - pages.WriteExcel.demoKey(resText, datText, resColumn, datCloumn, fileLoc, nameSheet, row): pages.WriteExcel.demoKey is PASSED

2023-02-17 20:36:52 - [MESSAGE][PASSED] - pages.WriteExcel.demoKey is PASSED

2023-02-17 20:36:52 - [TEST_STEP][PASSED] - sdfo = getText(findTestObject("Object Repository/Page_VLinkReceipt/pre_STX")): Text of object 'Object Repository/Page_VLinkReceipt/pre_STX' is: '<STX>ou6dXvxTC4pn                  12127236            0  Transaction approved, no errors                   0                                                                                  XXOK9373   <ETX>'

2023-02-17 20:36:52 - [MESSAGE][PASSED] - Text of object 'Object Repository/Page_VLinkReceipt/pre_STX' is: '<STX>ou6dXvxTC4pn                  12127236            0  Transaction approved, no errors                   0                                                                                  XXOK9373   <ETX>'

2023-02-17 20:36:52 - [TEST_STEP][PASSED] - out.println("sdfo: " + sdfo): null

2023-02-17 20:36:52 - [TEST_STEP][PASSED] - remID = substring(5, 35).trim(): null

2023-02-17 20:36:52 - [TEST_STEP][PASSED] - out.println("Remittance ID: " + remID): null

2023-02-17 20:36:52 - [TEST_STEP][PASSED] - traxID = substring(35, 55).trim(): null

2023-02-17 20:36:52 - [TEST_STEP][PASSED] - out.println("Transaction ID: " + traxID): null

2023-02-17 20:36:52 - [TEST_STEP][PASSED] - out.println("End Record Number: " + row): null

2023-02-17 20:36:52 - [TEST_STEP][PASSED] - closeBrowser(): Browser is closed

2023-02-17 20:36:53 - [MESSAGE][PASSED] - Browser is closed

2023-02-17 20:36:53 - [TEST_STEP][PASSED] - ExecuteTC = findTestData(dataFile).getValue("Execute", row): null

2023-02-17 20:36:53 - [TEST_STEP][PASSED] - out.println("Value of Execute is : " + ExecuteTC): null

2023-02-17 20:36:53 - [TEST_STEP][PASSED] - if (ExecuteTC.equalsIgnoreCase("Y")): Browser is closed

2023-02-17 20:36:53 - [TEST_STEP][PASSED] - out.println("Begin Record Number: " + row): null

2023-02-17 20:36:53 - [TEST_STEP][PASSED] - today = new java.util.Date(): null

2023-02-17 20:36:53 - [TEST_STEP][PASSED] - println(today): null

2023-02-17 20:36:53 - [TEST_STEP][PASSED] - datText = today: null

2023-02-17 20:36:53 - [TEST_STEP][PASSED] - openBrowser(VLinkURL + "authcap.html"): Browser is opened with url: 'https://dev-algorithm.govolution.com/vlinktest/QA/version_2_0/authcap.html'

2023-02-17 20:36:53 - [MESSAGE][INFO] - Starting 'Chrome' driver

2023-02-17 20:36:53 - [MESSAGE][INFO] - User set preference: ['acceptInsecureCerts', 'true']

2023-02-17 20:36:53 - [MESSAGE][INFO] - Action delay is set to 0 milliseconds

2023-02-17 20:36:55 - [MESSAGE][PASSED] - Browser is opened with url: 'https://dev-algorithm.govolution.com/vlinktest/QA/version_2_0/authcap.html'

2023-02-17 20:36:55 - [TEST_STEP][PASSED] - maximizeWindow(): Current window maximized

2023-02-17 20:36:55 - [MESSAGE][PASSED] - Current window maximized

2023-02-17 20:36:55 - [TEST_STEP][PASSED] - vlinkPages.saleCCPage.setDataSCC(row, dataFile): vlinkPages.saleCCPage.setDataSCC is PASSED

2023-02-17 20:36:58 - [MESSAGE][PASSED] - Object 'Object Repository/VLink/Page_CCSale/txt_CardNumber' is present

2023-02-17 20:36:59 - [MESSAGE][PASSED] - Text '104' is set on object 'Object Repository/VLink/Page_CCSale/txt_TransactionType'

2023-02-17 20:36:59 - [MESSAGE][PASSED] - Text '2.0C' is set on object 'Object Repository/VLink/Page_CCSale/txt_MessageVersion'

2023-02-17 20:37:00 - [MESSAGE][PASSED] - Text 'MQEiRroLWooE' is set on object 'Object Repository/VLink/Page_CCSale/txt_RemID'

2023-02-17 20:37:01 - [MESSAGE][PASSED] - Text '677' is set on object 'Object Repository/VLink/Page_CCSale/txt_ApplicationId'

2023-02-17 20:37:01 - [MESSAGE][PASSED] - Text 'username' is set on object 'Object Repository/VLink/Page_CCSale/txt_Username'

2023-02-17 20:37:02 - [MESSAGE][PASSED] - Text 'password' is set on object 'Object Repository/VLink/Page_CCSale/txt_Password'

2023-02-17 20:37:03 - [MESSAGE][PASSED] - Text 'fixed_width' is set on object 'Object Repository/VLink/Page_CCSale/txt_ResponseFormat'

2023-02-17 20:37:03 - [MESSAGE][PASSED] - Text 'ECOM' is set on object 'Object Repository/VLink/Page_CCSale/txt_Category'

2023-02-17 20:37:04 - [MESSAGE][PASSED] - Text '' is set on object 'Object Repository/VLink/Page_CCSale/txt_TransactionID'

2023-02-17 20:37:05 - [MESSAGE][PASSED] - Text '' is set on object 'Object Repository/VLink/Page_CCSale/txt_ApprovalCode'

2023-02-17 20:37:05 - [MESSAGE][PASSED] - Text 'Roshan Maha' is set on object 'Object Repository/VLink/Page_CCSale/txt_CardName'

2023-02-17 20:37:06 - [MESSAGE][PASSED] - Text '12563 Bazaar road' is set on object 'Object Repository/VLink/Page_CCSale/txt_AL1'

2023-02-17 20:37:07 - [MESSAGE][PASSED] - Text '' is set on object 'Object Repository/VLink/Page_CCSale/txt_AL2'

2023-02-17 20:37:07 - [MESSAGE][PASSED] - Text 'Crofton' is set on object 'Object Repository/VLink/Page_CCSale/txt_CardCity'

2023-02-17 20:37:08 - [MESSAGE][PASSED] - Text 'MD' is set on object 'Object Repository/VLink/Page_CCSale/txt_CardState'

2023-02-17 20:37:09 - [MESSAGE][PASSED] - Text '21114' is set on object 'Object Repository/VLink/Page_CCSale/txt_CardZIP'

2023-02-17 20:37:09 - [MESSAGE][PASSED] - Text '' is set on object 'Object Repository/VLink/Page_CCSale/txt_CountryID'

2023-02-17 20:37:10 - [MESSAGE][PASSED] - Text '3.50' is set on object 'Object Repository/VLink/Page_CCSale/txt_Amount'

2023-02-17 20:37:11 - [MESSAGE][PASSED] - Text '4111111111111111' is set on object 'Object Repository/VLink/Page_CCSale/txt_CardNumber'

2023-02-17 20:37:11 - [MESSAGE][PASSED] - Text '01' is set on object 'Object Repository/VLink/Page_CCSale/txt_ExpMonth'

2023-02-17 20:37:12 - [MESSAGE][PASSED] - Text '2026' is set on object 'Object Repository/VLink/Page_CCSale/txt_ExpYear'

2023-02-17 20:37:13 - [MESSAGE][PASSED] - Text '' is set on object 'Object Repository/VLink/Page_CCSale/txt_CVV'

2023-02-17 20:37:13 - [MESSAGE][PASSED] - Text '' is set on object 'Object Repository/VLink/Page_CCSale/txt_CVVstate'

2023-02-17 20:37:14 - [MESSAGE][PASSED] - Text '' is set on object 'Object Repository/VLink/Page_CCSale/txt_TrackData'

2023-02-17 20:37:15 - [MESSAGE][PASSED] - Text '' is set on object 'Object Repository/VLink/Page_CCSale/txt_Track1Data'

2023-02-17 20:37:15 - [MESSAGE][PASSED] - Text '' is set on object 'Object Repository/VLink/Page_CCSale/txt_Track2Data'

2023-02-17 20:37:16 - [MESSAGE][PASSED] - Text 'manual' is set on object 'Object Repository/VLink/Page_CCSale/txt_POSEntryMode'

2023-02-17 20:37:17 - [MESSAGE][PASSED] - Text '' is set on object 'Object Repository/VLink/Page_CCSale/txt_Email'

2023-02-17 20:37:17 - [MESSAGE][PASSED] - Text '' is set on object 'Object Repository/VLink/Page_CCSale/txt_OrderNumber'

2023-02-17 20:37:18 - [MESSAGE][PASSED] - Text '' is set on object 'Object Repository/VLink/Page_CCSale/txt_TaxAmount'

2023-02-17 20:37:19 - [MESSAGE][PASSED] - Text '' is set on object 'Object Repository/VLink/Page_CCSale/txt_ChargeDescription'

2023-02-17 20:37:19 - [MESSAGE][PASSED] - Text '' is set on object 'Object Repository/VLink/Page_CCSale/txt_CAN'

2023-02-17 20:37:20 - [MESSAGE][PASSED] - Text '' is set on object 'Object Repository/VLink/Page_CCSale/txt_BillPaymentIndicator'

2023-02-17 20:37:21 - [MESSAGE][PASSED] - Text '' is set on object 'Object Repository/VLink/Page_CCSale/txt_UDF1'

2023-02-17 20:37:21 - [MESSAGE][PASSED] - Text '' is set on object 'Object Repository/VLink/Page_CCSale/txt_UDF2'

2023-02-17 20:37:22 - [MESSAGE][PASSED] - Text '' is set on object 'Object Repository/VLink/Page_CCSale/txt_UDF3'

2023-02-17 20:37:23 - [MESSAGE][PASSED] - Text '' is set on object 'Object Repository/VLink/Page_CCSale/txt_UDF4'

2023-02-17 20:37:23 - [MESSAGE][PASSED] - Text '' is set on object 'Object Repository/VLink/Page_CCSale/txt_UDF5'

2023-02-17 20:37:24 - [MESSAGE][PASSED] - Text '' is set on object 'Object Repository/VLink/Page_CCSale/txt_UDF6'

2023-02-17 20:37:25 - [MESSAGE][PASSED] - Text '' is set on object 'Object Repository/VLink/Page_CCSale/txt_UDF7'

2023-02-17 20:37:25 - [MESSAGE][PASSED] - Text '' is set on object 'Object Repository/VLink/Page_CCSale/txt_UDF8'

2023-02-17 20:37:26 - [MESSAGE][PASSED] - Text '' is set on object 'Object Repository/VLink/Page_CCSale/txt_UDF9'

2023-02-17 20:37:27 - [MESSAGE][PASSED] - Text '' is set on object 'Object Repository/VLink/Page_CCSale/txt_UDF10'

2023-02-17 20:37:30 - [MESSAGE][PASSED] - Object: 'Object Repository/VLink/Page_CCSale/btn_ProcessVLinkTransaction' is clicked on

2023-02-17 20:37:35 - [MESSAGE][PASSED] - vlinkPages.saleCCPage.setDataSCC is PASSED

2023-02-17 20:37:35 - [TEST_STEP][PASSED] - if (verifyTextPresent("Transaction approved, no errors", true)): null

2023-02-17 20:37:35 - [MESSAGE][PASSED] - Text 'Transaction approved, no errors' is present on page  using regular expression

2023-02-17 20:37:35 - [TEST_STEP][PASSED] - println("Transaction Approved, no errors text is present on the Confirmation page"): null

2023-02-17 20:37:35 - [TEST_STEP][PASSED] - out.println("Pass Record Number: " + row): null

2023-02-17 20:37:35 - [TEST_STEP][PASSED] - resText = "Pass": null

2023-02-17 20:37:35 - [TEST_STEP][PASSED] - pages.WriteExcel.demoKey(resText, datText, resColumn, datCloumn, fileLoc, nameSheet, row): pages.WriteExcel.demoKey is PASSED

2023-02-17 20:37:35 - [MESSAGE][PASSED] - pages.WriteExcel.demoKey is PASSED

2023-02-17 20:37:35 - [TEST_STEP][PASSED] - sdfo = getText(findTestObject("Object Repository/Page_VLinkReceipt/pre_STX")): Text of object 'Object Repository/Page_VLinkReceipt/pre_STX' is: '<STX>MQEiRroLWooE                  12127237            0  Transaction approved, no errors                   0                                                                                  XXOK9473   <ETX>'

2023-02-17 20:37:36 - [MESSAGE][PASSED] - Text of object 'Object Repository/Page_VLinkReceipt/pre_STX' is: '<STX>MQEiRroLWooE                  12127237            0  Transaction approved, no errors                   0                                                                                  XXOK9473   <ETX>'

2023-02-17 20:37:36 - [TEST_STEP][PASSED] - out.println("sdfo: " + sdfo): null

2023-02-17 20:37:36 - [TEST_STEP][PASSED] - remID = substring(5, 35).trim(): null

2023-02-17 20:37:36 - [TEST_STEP][PASSED] - out.println("Remittance ID: " + remID): null

2023-02-17 20:37:36 - [TEST_STEP][PASSED] - traxID = substring(35, 55).trim(): null

2023-02-17 20:37:36 - [TEST_STEP][PASSED] - out.println("Transaction ID: " + traxID): null

2023-02-17 20:37:36 - [TEST_STEP][PASSED] - out.println("End Record Number: " + row): null

2023-02-17 20:37:36 - [TEST_STEP][PASSED] - closeBrowser(): Browser is closed

2023-02-17 20:37:37 - [MESSAGE][PASSED] - Browser is closed

2023-02-17 20:37:37 - [TEST_STEP][PASSED] - ExecuteTC = findTestData(dataFile).getValue("Execute", row): null

2023-02-17 20:37:37 - [TEST_STEP][PASSED] - out.println("Value of Execute is : " + ExecuteTC): null

2023-02-17 20:37:37 - [TEST_STEP][PASSED] - if (ExecuteTC.equalsIgnoreCase("Y")): Browser is closed

2023-02-17 20:37:37 - [TEST_STEP][PASSED] - out.println("Begin Record Number: " + row): null

2023-02-17 20:37:37 - [TEST_STEP][PASSED] - today = new java.util.Date(): null

2023-02-17 20:37:37 - [TEST_STEP][PASSED] - println(today): null

2023-02-17 20:37:37 - [TEST_STEP][PASSED] - datText = today: null

2023-02-17 20:37:37 - [TEST_STEP][PASSED] - openBrowser(VLinkURL + "authcap.html"): Browser is opened with url: 'https://dev-algorithm.govolution.com/vlinktest/QA/version_2_0/authcap.html'

2023-02-17 20:37:37 - [MESSAGE][INFO] - Starting 'Chrome' driver

2023-02-17 20:37:37 - [MESSAGE][INFO] - User set preference: ['acceptInsecureCerts', 'true']

2023-02-17 20:37:37 - [MESSAGE][INFO] - Action delay is set to 0 milliseconds

2023-02-17 20:37:38 - [MESSAGE][PASSED] - Browser is opened with url: 'https://dev-algorithm.govolution.com/vlinktest/QA/version_2_0/authcap.html'

2023-02-17 20:37:38 - [TEST_STEP][PASSED] - maximizeWindow(): Current window maximized

2023-02-17 20:37:39 - [MESSAGE][PASSED] - Current window maximized

2023-02-17 20:37:39 - [TEST_STEP][PASSED] - vlinkPages.saleCCPage.setDataSCC(row, dataFile): vlinkPages.saleCCPage.setDataSCC is PASSED

2023-02-17 20:37:41 - [MESSAGE][PASSED] - Object 'Object Repository/VLink/Page_CCSale/txt_CardNumber' is present

2023-02-17 20:37:42 - [MESSAGE][PASSED] - Text '104' is set on object 'Object Repository/VLink/Page_CCSale/txt_TransactionType'

2023-02-17 20:37:43 - [MESSAGE][PASSED] - Text '2.0C' is set on object 'Object Repository/VLink/Page_CCSale/txt_MessageVersion'

2023-02-17 20:37:43 - [MESSAGE][PASSED] - Text 'IydW1N3MsWFq' is set on object 'Object Repository/VLink/Page_CCSale/txt_RemID'

2023-02-17 20:37:44 - [MESSAGE][PASSED] - Text '665' is set on object 'Object Repository/VLink/Page_CCSale/txt_ApplicationId'

2023-02-17 20:37:45 - [MESSAGE][PASSED] - Text 'username' is set on object 'Object Repository/VLink/Page_CCSale/txt_Username'

2023-02-17 20:37:45 - [MESSAGE][PASSED] - Text 'password' is set on object 'Object Repository/VLink/Page_CCSale/txt_Password'

2023-02-17 20:37:46 - [MESSAGE][PASSED] - Text 'fixed_width' is set on object 'Object Repository/VLink/Page_CCSale/txt_ResponseFormat'

2023-02-17 20:37:46 - [MESSAGE][PASSED] - Text 'ECOM' is set on object 'Object Repository/VLink/Page_CCSale/txt_Category'

2023-02-17 20:37:47 - [MESSAGE][PASSED] - Text '' is set on object 'Object Repository/VLink/Page_CCSale/txt_TransactionID'

2023-02-17 20:37:48 - [MESSAGE][PASSED] - Text '' is set on object 'Object Repository/VLink/Page_CCSale/txt_ApprovalCode'

2023-02-17 20:37:48 - [MESSAGE][PASSED] - Text 'Kris Roshan' is set on object 'Object Repository/VLink/Page_CCSale/txt_CardName'

2023-02-17 20:37:49 - [MESSAGE][PASSED] - Text '258 Elm Road' is set on object 'Object Repository/VLink/Page_CCSale/txt_AL1'

2023-02-17 20:37:50 - [MESSAGE][PASSED] - Text 'Suite 56' is set on object 'Object Repository/VLink/Page_CCSale/txt_AL2'

2023-02-17 20:37:50 - [MESSAGE][PASSED] - Text 'Arlington' is set on object 'Object Repository/VLink/Page_CCSale/txt_CardCity'

2023-02-17 20:37:51 - [MESSAGE][PASSED] - Text 'VA' is set on object 'Object Repository/VLink/Page_CCSale/txt_CardState'

2023-02-17 20:37:52 - [MESSAGE][PASSED] - Text '22201' is set on object 'Object Repository/VLink/Page_CCSale/txt_CardZIP'

2023-02-17 20:37:53 - [MESSAGE][PASSED] - Text '840' is set on object 'Object Repository/VLink/Page_CCSale/txt_CountryID'

2023-02-17 20:37:53 - [MESSAGE][PASSED] - Text '1.50' is set on object 'Object Repository/VLink/Page_CCSale/txt_Amount'

2023-02-17 20:37:54 - [MESSAGE][PASSED] - Text '5424000000000015' is set on object 'Object Repository/VLink/Page_CCSale/txt_CardNumber'

2023-02-17 20:37:54 - [MESSAGE][PASSED] - Text '12' is set on object 'Object Repository/VLink/Page_CCSale/txt_ExpMonth'

2023-02-17 20:37:55 - [MESSAGE][PASSED] - Text '2025' is set on object 'Object Repository/VLink/Page_CCSale/txt_ExpYear'

2023-02-17 20:37:56 - [MESSAGE][PASSED] - Text '' is set on object 'Object Repository/VLink/Page_CCSale/txt_CVV'

2023-02-17 20:37:57 - [MESSAGE][PASSED] - Text '' is set on object 'Object Repository/VLink/Page_CCSale/txt_CVVstate'

2023-02-17 20:37:57 - [MESSAGE][PASSED] - Text '' is set on object 'Object Repository/VLink/Page_CCSale/txt_TrackData'

2023-02-17 20:37:58 - [MESSAGE][PASSED] - Text '' is set on object 'Object Repository/VLink/Page_CCSale/txt_Track1Data'

2023-02-17 20:37:59 - [MESSAGE][PASSED] - Text '' is set on object 'Object Repository/VLink/Page_CCSale/txt_Track2Data'

2023-02-17 20:37:59 - [MESSAGE][PASSED] - Text 'manual' is set on object 'Object Repository/VLink/Page_CCSale/txt_POSEntryMode'

2023-02-17 20:38:00 - [MESSAGE][PASSED] - Text 'iahmed@govolution.com' is set on object 'Object Repository/VLink/Page_CCSale/txt_Email'

2023-02-17 20:38:01 - [MESSAGE][PASSED] - Text '2569362' is set on object 'Object Repository/VLink/Page_CCSale/txt_OrderNumber'

2023-02-17 20:38:01 - [MESSAGE][PASSED] - Text '1.15' is set on object 'Object Repository/VLink/Page_CCSale/txt_TaxAmount'

2023-02-17 20:38:02 - [MESSAGE][PASSED] - Text 'Charge Description' is set on object 'Object Repository/VLink/Page_CCSale/txt_ChargeDescription'

2023-02-17 20:38:03 - [MESSAGE][PASSED] - Text '147357' is set on object 'Object Repository/VLink/Page_CCSale/txt_CAN'

2023-02-17 20:38:03 - [MESSAGE][PASSED] - Text '1' is set on object 'Object Repository/VLink/Page_CCSale/txt_BillPaymentIndicator'

2023-02-17 20:38:04 - [MESSAGE][PASSED] - Text 'UDF Data 1' is set on object 'Object Repository/VLink/Page_CCSale/txt_UDF1'

2023-02-17 20:38:05 - [MESSAGE][PASSED] - Text 'UDF Data 2' is set on object 'Object Repository/VLink/Page_CCSale/txt_UDF2'

2023-02-17 20:38:05 - [MESSAGE][PASSED] - Text 'UDF Data 3' is set on object 'Object Repository/VLink/Page_CCSale/txt_UDF3'

2023-02-17 20:38:06 - [MESSAGE][PASSED] - Text 'UDF Data 4' is set on object 'Object Repository/VLink/Page_CCSale/txt_UDF4'

2023-02-17 20:38:07 - [MESSAGE][PASSED] - Text 'UDF Data 5' is set on object 'Object Repository/VLink/Page_CCSale/txt_UDF5'

2023-02-17 20:38:07 - [MESSAGE][PASSED] - Text 'UDF Data 6' is set on object 'Object Repository/VLink/Page_CCSale/txt_UDF6'

2023-02-17 20:38:08 - [MESSAGE][PASSED] - Text 'UDF Data 7' is set on object 'Object Repository/VLink/Page_CCSale/txt_UDF7'

2023-02-17 20:38:09 - [MESSAGE][PASSED] - Text 'UDF Data 8' is set on object 'Object Repository/VLink/Page_CCSale/txt_UDF8'

2023-02-17 20:38:09 - [MESSAGE][PASSED] - Text 'UDF Data 9' is set on object 'Object Repository/VLink/Page_CCSale/txt_UDF9'

2023-02-17 20:38:10 - [MESSAGE][PASSED] - Text 'UDF Data 10' is set on object 'Object Repository/VLink/Page_CCSale/txt_UDF10'

2023-02-17 20:38:13 - [MESSAGE][PASSED] - Object: 'Object Repository/VLink/Page_CCSale/btn_ProcessVLinkTransaction' is clicked on

2023-02-17 20:38:18 - [MESSAGE][PASSED] - vlinkPages.saleCCPage.setDataSCC is PASSED

2023-02-17 20:38:18 - [TEST_STEP][PASSED] - if (verifyTextPresent("Transaction approved, no errors", true)): null

2023-02-17 20:38:18 - [MESSAGE][PASSED] - Text 'Transaction approved, no errors' is present on page  using regular expression

2023-02-17 20:38:18 - [TEST_STEP][PASSED] - println("Transaction Approved, no errors text is present on the Confirmation page"): null

2023-02-17 20:38:18 - [TEST_STEP][PASSED] - out.println("Pass Record Number: " + row): null

2023-02-17 20:38:18 - [TEST_STEP][PASSED] - resText = "Pass": null

2023-02-17 20:38:18 - [TEST_STEP][PASSED] - pages.WriteExcel.demoKey(resText, datText, resColumn, datCloumn, fileLoc, nameSheet, row): pages.WriteExcel.demoKey is PASSED

2023-02-17 20:38:18 - [MESSAGE][PASSED] - pages.WriteExcel.demoKey is PASSED

2023-02-17 20:38:18 - [TEST_STEP][PASSED] - sdfo = getText(findTestObject("Object Repository/Page_VLinkReceipt/pre_STX")): Text of object 'Object Repository/Page_VLinkReceipt/pre_STX' is: '<STX>IydW1N3MsWFq                  12127239            0  Transaction approved, no errors                   0                                                                                  XXOK9523   <ETX>'

2023-02-17 20:38:19 - [MESSAGE][PASSED] - Text of object 'Object Repository/Page_VLinkReceipt/pre_STX' is: '<STX>IydW1N3MsWFq                  12127239            0  Transaction approved, no errors                   0                                                                                  XXOK9523   <ETX>'

2023-02-17 20:38:19 - [TEST_STEP][PASSED] - out.println("sdfo: " + sdfo): null

2023-02-17 20:38:19 - [TEST_STEP][PASSED] - remID = substring(5, 35).trim(): null

2023-02-17 20:38:19 - [TEST_STEP][PASSED] - out.println("Remittance ID: " + remID): null

2023-02-17 20:38:19 - [TEST_STEP][PASSED] - traxID = substring(35, 55).trim(): null

2023-02-17 20:38:19 - [TEST_STEP][PASSED] - out.println("Transaction ID: " + traxID): null

2023-02-17 20:38:19 - [TEST_STEP][PASSED] - out.println("End Record Number: " + row): null

2023-02-17 20:38:19 - [TEST_STEP][PASSED] - closeBrowser(): Browser is closed

2023-02-17 20:38:19 - [MESSAGE][PASSED] - Browser is closed

2023-02-17 20:38:19 - [TEST_STEP][PASSED] - ExecuteTC = findTestData(dataFile).getValue("Execute", row): null

2023-02-17 20:38:19 - [TEST_STEP][PASSED] - out.println("Value of Execute is : " + ExecuteTC): null

2023-02-17 20:38:19 - [TEST_STEP][PASSED] - if (ExecuteTC.equalsIgnoreCase("Y")): Browser is closed

2023-02-17 20:38:19 - [TEST_STEP][PASSED] - out.println("Begin Record Number: " + row): null

2023-02-17 20:38:19 - [TEST_STEP][PASSED] - today = new java.util.Date(): null

2023-02-17 20:38:19 - [TEST_STEP][PASSED] - println(today): null

2023-02-17 20:38:19 - [TEST_STEP][PASSED] - datText = today: null

2023-02-17 20:38:19 - [TEST_STEP][PASSED] - openBrowser(VLinkURL + "authcap.html"): Browser is opened with url: 'https://dev-algorithm.govolution.com/vlinktest/QA/version_2_0/authcap.html'

2023-02-17 20:38:19 - [MESSAGE][INFO] - Starting 'Chrome' driver

2023-02-17 20:38:19 - [MESSAGE][INFO] - User set preference: ['acceptInsecureCerts', 'true']

2023-02-17 20:38:19 - [MESSAGE][INFO] - Action delay is set to 0 milliseconds

2023-02-17 20:38:21 - [MESSAGE][PASSED] - Browser is opened with url: 'https://dev-algorithm.govolution.com/vlinktest/QA/version_2_0/authcap.html'

2023-02-17 20:38:21 - [TEST_STEP][PASSED] - maximizeWindow(): Current window maximized

2023-02-17 20:38:21 - [MESSAGE][PASSED] - Current window maximized

2023-02-17 20:38:21 - [TEST_STEP][PASSED] - vlinkPages.saleCCPage.setDataSCC(row, dataFile): vlinkPages.saleCCPage.setDataSCC is PASSED

2023-02-17 20:38:24 - [MESSAGE][PASSED] - Object 'Object Repository/VLink/Page_CCSale/txt_CardNumber' is present

2023-02-17 20:38:25 - [MESSAGE][PASSED] - Text '104' is set on object 'Object Repository/VLink/Page_CCSale/txt_TransactionType'

2023-02-17 20:38:26 - [MESSAGE][PASSED] - Text '2.0C' is set on object 'Object Repository/VLink/Page_CCSale/txt_MessageVersion'

2023-02-17 20:38:26 - [MESSAGE][PASSED] - Text 'ZaBhviYgALdk' is set on object 'Object Repository/VLink/Page_CCSale/txt_RemID'

2023-02-17 20:38:27 - [MESSAGE][PASSED] - Text '672' is set on object 'Object Repository/VLink/Page_CCSale/txt_ApplicationId'

2023-02-17 20:38:28 - [MESSAGE][PASSED] - Text 'username' is set on object 'Object Repository/VLink/Page_CCSale/txt_Username'

2023-02-17 20:38:28 - [MESSAGE][PASSED] - Text 'password' is set on object 'Object Repository/VLink/Page_CCSale/txt_Password'

2023-02-17 20:38:29 - [MESSAGE][PASSED] - Text 'fixed_width' is set on object 'Object Repository/VLink/Page_CCSale/txt_ResponseFormat'

2023-02-17 20:38:29 - [MESSAGE][PASSED] - Text 'ECOM' is set on object 'Object Repository/VLink/Page_CCSale/txt_Category'

2023-02-17 20:38:30 - [MESSAGE][PASSED] - Text '' is set on object 'Object Repository/VLink/Page_CCSale/txt_TransactionID'

2023-02-17 20:38:31 - [MESSAGE][PASSED] - Text '' is set on object 'Object Repository/VLink/Page_CCSale/txt_ApprovalCode'

2023-02-17 20:38:31 - [MESSAGE][PASSED] - Text 'Arvind Silva' is set on object 'Object Repository/VLink/Page_CCSale/txt_CardName'

2023-02-17 20:38:32 - [MESSAGE][PASSED] - Text '111 Main Ave' is set on object 'Object Repository/VLink/Page_CCSale/txt_AL1'

2023-02-17 20:38:33 - [MESSAGE][PASSED] - Text '' is set on object 'Object Repository/VLink/Page_CCSale/txt_AL2'

2023-02-17 20:38:33 - [MESSAGE][PASSED] - Text 'Arlington' is set on object 'Object Repository/VLink/Page_CCSale/txt_CardCity'

2023-02-17 20:38:34 - [MESSAGE][PASSED] - Text 'VA' is set on object 'Object Repository/VLink/Page_CCSale/txt_CardState'

2023-02-17 20:38:35 - [MESSAGE][PASSED] - Text '22201' is set on object 'Object Repository/VLink/Page_CCSale/txt_CardZIP'

2023-02-17 20:38:35 - [MESSAGE][PASSED] - Text '' is set on object 'Object Repository/VLink/Page_CCSale/txt_CountryID'

2023-02-17 20:38:36 - [MESSAGE][PASSED] - Text '2.50' is set on object 'Object Repository/VLink/Page_CCSale/txt_Amount'

2023-02-17 20:38:37 - [MESSAGE][PASSED] - Text '5424000000000015' is set on object 'Object Repository/VLink/Page_CCSale/txt_CardNumber'

2023-02-17 20:38:37 - [MESSAGE][PASSED] - Text '01' is set on object 'Object Repository/VLink/Page_CCSale/txt_ExpMonth'

2023-02-17 20:38:38 - [MESSAGE][PASSED] - Text '2026' is set on object 'Object Repository/VLink/Page_CCSale/txt_ExpYear'

2023-02-17 20:38:39 - [MESSAGE][PASSED] - Text '' is set on object 'Object Repository/VLink/Page_CCSale/txt_CVV'

2023-02-17 20:38:39 - [MESSAGE][PASSED] - Text '' is set on object 'Object Repository/VLink/Page_CCSale/txt_CVVstate'

2023-02-17 20:38:40 - [MESSAGE][PASSED] - Text '' is set on object 'Object Repository/VLink/Page_CCSale/txt_TrackData'

2023-02-17 20:38:41 - [MESSAGE][PASSED] - Text '' is set on object 'Object Repository/VLink/Page_CCSale/txt_Track1Data'

2023-02-17 20:38:42 - [MESSAGE][PASSED] - Text '' is set on object 'Object Repository/VLink/Page_CCSale/txt_Track2Data'

2023-02-17 20:38:42 - [MESSAGE][PASSED] - Text 'manual' is set on object 'Object Repository/VLink/Page_CCSale/txt_POSEntryMode'

2023-02-17 20:38:43 - [MESSAGE][PASSED] - Text '' is set on object 'Object Repository/VLink/Page_CCSale/txt_Email'

2023-02-17 20:38:44 - [MESSAGE][PASSED] - Text '' is set on object 'Object Repository/VLink/Page_CCSale/txt_OrderNumber'

2023-02-17 20:38:44 - [MESSAGE][PASSED] - Text '' is set on object 'Object Repository/VLink/Page_CCSale/txt_TaxAmount'

2023-02-17 20:38:45 - [MESSAGE][PASSED] - Text '' is set on object 'Object Repository/VLink/Page_CCSale/txt_ChargeDescription'

2023-02-17 20:38:46 - [MESSAGE][PASSED] - Text '' is set on object 'Object Repository/VLink/Page_CCSale/txt_CAN'

2023-02-17 20:38:46 - [MESSAGE][PASSED] - Text '' is set on object 'Object Repository/VLink/Page_CCSale/txt_BillPaymentIndicator'

2023-02-17 20:38:47 - [MESSAGE][PASSED] - Text '' is set on object 'Object Repository/VLink/Page_CCSale/txt_UDF1'

2023-02-17 20:38:48 - [MESSAGE][PASSED] - Text '' is set on object 'Object Repository/VLink/Page_CCSale/txt_UDF2'

2023-02-17 20:38:48 - [MESSAGE][PASSED] - Text '' is set on object 'Object Repository/VLink/Page_CCSale/txt_UDF3'

2023-02-17 20:38:49 - [MESSAGE][PASSED] - Text '' is set on object 'Object Repository/VLink/Page_CCSale/txt_UDF4'

2023-02-17 20:38:50 - [MESSAGE][PASSED] - Text '' is set on object 'Object Repository/VLink/Page_CCSale/txt_UDF5'

2023-02-17 20:38:50 - [MESSAGE][PASSED] - Text '' is set on object 'Object Repository/VLink/Page_CCSale/txt_UDF6'

2023-02-17 20:38:51 - [MESSAGE][PASSED] - Text '' is set on object 'Object Repository/VLink/Page_CCSale/txt_UDF7'

2023-02-17 20:38:52 - [MESSAGE][PASSED] - Text '' is set on object 'Object Repository/VLink/Page_CCSale/txt_UDF8'

2023-02-17 20:38:52 - [MESSAGE][PASSED] - Text '' is set on object 'Object Repository/VLink/Page_CCSale/txt_UDF9'

2023-02-17 20:38:53 - [MESSAGE][PASSED] - Text '' is set on object 'Object Repository/VLink/Page_CCSale/txt_UDF10'

2023-02-17 20:38:56 - [MESSAGE][PASSED] - Object: 'Object Repository/VLink/Page_CCSale/btn_ProcessVLinkTransaction' is clicked on

2023-02-17 20:39:01 - [MESSAGE][PASSED] - vlinkPages.saleCCPage.setDataSCC is PASSED

2023-02-17 20:39:01 - [TEST_STEP][PASSED] - if (verifyTextPresent("Transaction approved, no errors", true)): null

2023-02-17 20:39:01 - [MESSAGE][PASSED] - Text 'Transaction approved, no errors' is present on page  using regular expression

2023-02-17 20:39:01 - [TEST_STEP][PASSED] - println("Transaction Approved, no errors text is present on the Confirmation page"): null

2023-02-17 20:39:01 - [TEST_STEP][PASSED] - out.println("Pass Record Number: " + row): null

2023-02-17 20:39:01 - [TEST_STEP][PASSED] - resText = "Pass": null

2023-02-17 20:39:01 - [TEST_STEP][PASSED] - pages.WriteExcel.demoKey(resText, datText, resColumn, datCloumn, fileLoc, nameSheet, row): pages.WriteExcel.demoKey is PASSED

2023-02-17 20:39:01 - [MESSAGE][PASSED] - pages.WriteExcel.demoKey is PASSED

2023-02-17 20:39:01 - [TEST_STEP][PASSED] - sdfo = getText(findTestObject("Object Repository/Page_VLinkReceipt/pre_STX")): Text of object 'Object Repository/Page_VLinkReceipt/pre_STX' is: '<STX>ZaBhviYgALdk                  12127240            0  Transaction approved, no errors                   0                                                                                  XXOK9583   <ETX>'

2023-02-17 20:39:01 - [MESSAGE][PASSED] - Text of object 'Object Repository/Page_VLinkReceipt/pre_STX' is: '<STX>ZaBhviYgALdk                  12127240            0  Transaction approved, no errors                   0                                                                                  XXOK9583   <ETX>'

2023-02-17 20:39:01 - [TEST_STEP][PASSED] - out.println("sdfo: " + sdfo): null

2023-02-17 20:39:01 - [TEST_STEP][PASSED] - remID = substring(5, 35).trim(): null

2023-02-17 20:39:01 - [TEST_STEP][PASSED] - out.println("Remittance ID: " + remID): null

2023-02-17 20:39:01 - [TEST_STEP][PASSED] - traxID = substring(35, 55).trim(): null

2023-02-17 20:39:01 - [TEST_STEP][PASSED] - out.println("Transaction ID: " + traxID): null

2023-02-17 20:39:01 - [TEST_STEP][PASSED] - out.println("End Record Number: " + row): null

2023-02-17 20:39:01 - [TEST_STEP][PASSED] - closeBrowser(): Browser is closed

2023-02-17 20:39:02 - [MESSAGE][PASSED] - Browser is closed

2023-02-17 20:39:02 - [TEST_STEP][PASSED] - ExecuteTC = findTestData(dataFile).getValue("Execute", row): null

2023-02-17 20:39:02 - [TEST_STEP][PASSED] - out.println("Value of Execute is : " + ExecuteTC): null

2023-02-17 20:39:02 - [TEST_STEP][PASSED] - if (ExecuteTC.equalsIgnoreCase("Y")): Browser is closed

2023-02-17 20:39:02 - [TEST_STEP][PASSED] - out.println("Begin Record Number: " + row): null

2023-02-17 20:39:02 - [TEST_STEP][PASSED] - today = new java.util.Date(): null

2023-02-17 20:39:02 - [TEST_STEP][PASSED] - println(today): null

2023-02-17 20:39:02 - [TEST_STEP][PASSED] - datText = today: null

2023-02-17 20:39:02 - [TEST_STEP][PASSED] - openBrowser(VLinkURL + "authcap.html"): Browser is opened with url: 'https://dev-algorithm.govolution.com/vlinktest/QA/version_2_0/authcap.html'

2023-02-17 20:39:02 - [MESSAGE][INFO] - Starting 'Chrome' driver

2023-02-17 20:39:02 - [MESSAGE][INFO] - User set preference: ['acceptInsecureCerts', 'true']

2023-02-17 20:39:02 - [MESSAGE][INFO] - Action delay is set to 0 milliseconds

2023-02-17 20:39:04 - [MESSAGE][PASSED] - Browser is opened with url: 'https://dev-algorithm.govolution.com/vlinktest/QA/version_2_0/authcap.html'

2023-02-17 20:39:04 - [TEST_STEP][PASSED] - maximizeWindow(): Current window maximized

2023-02-17 20:39:04 - [MESSAGE][PASSED] - Current window maximized

2023-02-17 20:39:04 - [TEST_STEP][PASSED] - vlinkPages.saleCCPage.setDataSCC(row, dataFile): vlinkPages.saleCCPage.setDataSCC is PASSED

2023-02-17 20:39:07 - [MESSAGE][PASSED] - Object 'Object Repository/VLink/Page_CCSale/txt_CardNumber' is present

2023-02-17 20:39:08 - [MESSAGE][PASSED] - Text '104' is set on object 'Object Repository/VLink/Page_CCSale/txt_TransactionType'

2023-02-17 20:39:08 - [MESSAGE][PASSED] - Text '2.0C' is set on object 'Object Repository/VLink/Page_CCSale/txt_MessageVersion'

2023-02-17 20:39:09 - [MESSAGE][PASSED] - Text 'hz2avDJYf4H7' is set on object 'Object Repository/VLink/Page_CCSale/txt_RemID'

2023-02-17 20:39:10 - [MESSAGE][PASSED] - Text '677' is set on object 'Object Repository/VLink/Page_CCSale/txt_ApplicationId'

2023-02-17 20:39:10 - [MESSAGE][PASSED] - Text 'username' is set on object 'Object Repository/VLink/Page_CCSale/txt_Username'

2023-02-17 20:39:11 - [MESSAGE][PASSED] - Text 'password' is set on object 'Object Repository/VLink/Page_CCSale/txt_Password'

2023-02-17 20:39:12 - [MESSAGE][PASSED] - Text 'fixed_width' is set on object 'Object Repository/VLink/Page_CCSale/txt_ResponseFormat'

2023-02-17 20:39:12 - [MESSAGE][PASSED] - Text 'ECOM' is set on object 'Object Repository/VLink/Page_CCSale/txt_Category'

2023-02-17 20:39:13 - [MESSAGE][PASSED] - Text '' is set on object 'Object Repository/VLink/Page_CCSale/txt_TransactionID'

2023-02-17 20:39:13 - [MESSAGE][PASSED] - Text '' is set on object 'Object Repository/VLink/Page_CCSale/txt_ApprovalCode'

2023-02-17 20:39:14 - [MESSAGE][PASSED] - Text 'Roshan Maha' is set on object 'Object Repository/VLink/Page_CCSale/txt_CardName'

2023-02-17 20:39:15 - [MESSAGE][PASSED] - Text '12563 Bazaar road' is set on object 'Object Repository/VLink/Page_CCSale/txt_AL1'

2023-02-17 20:39:15 - [MESSAGE][PASSED] - Text '' is set on object 'Object Repository/VLink/Page_CCSale/txt_AL2'

2023-02-17 20:39:16 - [MESSAGE][PASSED] - Text 'Crofton' is set on object 'Object Repository/VLink/Page_CCSale/txt_CardCity'

2023-02-17 20:39:17 - [MESSAGE][PASSED] - Text 'MD' is set on object 'Object Repository/VLink/Page_CCSale/txt_CardState'

2023-02-17 20:39:18 - [MESSAGE][PASSED] - Text '21114' is set on object 'Object Repository/VLink/Page_CCSale/txt_CardZIP'

2023-02-17 20:39:18 - [MESSAGE][PASSED] - Text '' is set on object 'Object Repository/VLink/Page_CCSale/txt_CountryID'

2023-02-17 20:39:19 - [MESSAGE][PASSED] - Text '3.50' is set on object 'Object Repository/VLink/Page_CCSale/txt_Amount'

2023-02-17 20:39:20 - [MESSAGE][PASSED] - Text '5424000000000015' is set on object 'Object Repository/VLink/Page_CCSale/txt_CardNumber'

2023-02-17 20:39:20 - [MESSAGE][PASSED] - Text '01' is set on object 'Object Repository/VLink/Page_CCSale/txt_ExpMonth'

2023-02-17 20:39:21 - [MESSAGE][PASSED] - Text '2026' is set on object 'Object Repository/VLink/Page_CCSale/txt_ExpYear'

2023-02-17 20:39:22 - [MESSAGE][PASSED] - Text '' is set on object 'Object Repository/VLink/Page_CCSale/txt_CVV'

2023-02-17 20:39:22 - [MESSAGE][PASSED] - Text '' is set on object 'Object Repository/VLink/Page_CCSale/txt_CVVstate'

2023-02-17 20:39:23 - [MESSAGE][PASSED] - Text '' is set on object 'Object Repository/VLink/Page_CCSale/txt_TrackData'

2023-02-17 20:39:24 - [MESSAGE][PASSED] - Text '' is set on object 'Object Repository/VLink/Page_CCSale/txt_Track1Data'

2023-02-17 20:39:24 - [MESSAGE][PASSED] - Text '' is set on object 'Object Repository/VLink/Page_CCSale/txt_Track2Data'

2023-02-17 20:39:25 - [MESSAGE][PASSED] - Text 'manual' is set on object 'Object Repository/VLink/Page_CCSale/txt_POSEntryMode'

2023-02-17 20:39:26 - [MESSAGE][PASSED] - Text '' is set on object 'Object Repository/VLink/Page_CCSale/txt_Email'

2023-02-17 20:39:26 - [MESSAGE][PASSED] - Text '' is set on object 'Object Repository/VLink/Page_CCSale/txt_OrderNumber'

2023-02-17 20:39:27 - [MESSAGE][PASSED] - Text '' is set on object 'Object Repository/VLink/Page_CCSale/txt_TaxAmount'

2023-02-17 20:39:28 - [MESSAGE][PASSED] - Text '' is set on object 'Object Repository/VLink/Page_CCSale/txt_ChargeDescription'

2023-02-17 20:39:28 - [MESSAGE][PASSED] - Text '' is set on object 'Object Repository/VLink/Page_CCSale/txt_CAN'

2023-02-17 20:39:29 - [MESSAGE][PASSED] - Text '' is set on object 'Object Repository/VLink/Page_CCSale/txt_BillPaymentIndicator'

2023-02-17 20:39:30 - [MESSAGE][PASSED] - Text '' is set on object 'Object Repository/VLink/Page_CCSale/txt_UDF1'

2023-02-17 20:39:30 - [MESSAGE][PASSED] - Text '' is set on object 'Object Repository/VLink/Page_CCSale/txt_UDF2'

2023-02-17 20:39:31 - [MESSAGE][PASSED] - Text '' is set on object 'Object Repository/VLink/Page_CCSale/txt_UDF3'

2023-02-17 20:39:31 - [MESSAGE][PASSED] - Text '' is set on object 'Object Repository/VLink/Page_CCSale/txt_UDF4'

2023-02-17 20:39:32 - [MESSAGE][PASSED] - Text '' is set on object 'Object Repository/VLink/Page_CCSale/txt_UDF5'

2023-02-17 20:39:33 - [MESSAGE][PASSED] - Text '' is set on object 'Object Repository/VLink/Page_CCSale/txt_UDF6'

2023-02-17 20:39:33 - [MESSAGE][PASSED] - Text '' is set on object 'Object Repository/VLink/Page_CCSale/txt_UDF7'

2023-02-17 20:39:34 - [MESSAGE][PASSED] - Text '' is set on object 'Object Repository/VLink/Page_CCSale/txt_UDF8'

2023-02-17 20:39:34 - [MESSAGE][PASSED] - Text '' is set on object 'Object Repository/VLink/Page_CCSale/txt_UDF9'

2023-02-17 20:39:35 - [MESSAGE][PASSED] - Text '' is set on object 'Object Repository/VLink/Page_CCSale/txt_UDF10'

2023-02-17 20:39:38 - [MESSAGE][PASSED] - Object: 'Object Repository/VLink/Page_CCSale/btn_ProcessVLinkTransaction' is clicked on

2023-02-17 20:39:43 - [MESSAGE][PASSED] - vlinkPages.saleCCPage.setDataSCC is PASSED

2023-02-17 20:39:43 - [TEST_STEP][PASSED] - if (verifyTextPresent("Transaction approved, no errors", true)): null

2023-02-17 20:39:43 - [MESSAGE][PASSED] - Text 'Transaction approved, no errors' is present on page  using regular expression

2023-02-17 20:39:43 - [TEST_STEP][PASSED] - println("Transaction Approved, no errors text is present on the Confirmation page"): null

2023-02-17 20:39:43 - [TEST_STEP][PASSED] - out.println("Pass Record Number: " + row): null

2023-02-17 20:39:43 - [TEST_STEP][PASSED] - resText = "Pass": null

2023-02-17 20:39:43 - [TEST_STEP][PASSED] - pages.WriteExcel.demoKey(resText, datText, resColumn, datCloumn, fileLoc, nameSheet, row): pages.WriteExcel.demoKey is PASSED

2023-02-17 20:39:43 - [MESSAGE][PASSED] - pages.WriteExcel.demoKey is PASSED

2023-02-17 20:39:43 - [TEST_STEP][PASSED] - sdfo = getText(findTestObject("Object Repository/Page_VLinkReceipt/pre_STX")): Text of object 'Object Repository/Page_VLinkReceipt/pre_STX' is: '<STX>hz2avDJYf4H7                  12127241            0  Transaction approved, no errors                   0                                                                                  XXOK9653   <ETX>'

2023-02-17 20:39:44 - [MESSAGE][PASSED] - Text of object 'Object Repository/Page_VLinkReceipt/pre_STX' is: '<STX>hz2avDJYf4H7                  12127241            0  Transaction approved, no errors                   0                                                                                  XXOK9653   <ETX>'

2023-02-17 20:39:44 - [TEST_STEP][PASSED] - out.println("sdfo: " + sdfo): null

2023-02-17 20:39:44 - [TEST_STEP][PASSED] - remID = substring(5, 35).trim(): null

2023-02-17 20:39:44 - [TEST_STEP][PASSED] - out.println("Remittance ID: " + remID): null

2023-02-17 20:39:44 - [TEST_STEP][PASSED] - traxID = substring(35, 55).trim(): null

2023-02-17 20:39:44 - [TEST_STEP][PASSED] - out.println("Transaction ID: " + traxID): null

2023-02-17 20:39:44 - [TEST_STEP][PASSED] - out.println("End Record Number: " + row): null

2023-02-17 20:39:44 - [TEST_STEP][PASSED] - closeBrowser(): Browser is closed

2023-02-17 20:39:45 - [MESSAGE][PASSED] - Browser is closed

2023-02-17 20:39:45 - [TEST_STEP][PASSED] - ExecuteTC = findTestData(dataFile).getValue("Execute", row): null

2023-02-17 20:39:45 - [TEST_STEP][PASSED] - out.println("Value of Execute is : " + ExecuteTC): null

2023-02-17 20:39:45 - [TEST_STEP][PASSED] - if (ExecuteTC.equalsIgnoreCase("Y")): Browser is closed

2023-02-17 20:39:45 - [TEST_STEP][PASSED] - out.println("Begin Record Number: " + row): null

2023-02-17 20:39:45 - [TEST_STEP][PASSED] - today = new java.util.Date(): null

2023-02-17 20:39:45 - [TEST_STEP][PASSED] - println(today): null

2023-02-17 20:39:45 - [TEST_STEP][PASSED] - datText = today: null

2023-02-17 20:39:45 - [TEST_STEP][PASSED] - openBrowser(VLinkURL + "authcap.html"): Browser is opened with url: 'https://dev-algorithm.govolution.com/vlinktest/QA/version_2_0/authcap.html'

2023-02-17 20:39:45 - [MESSAGE][INFO] - Starting 'Chrome' driver

2023-02-17 20:39:45 - [MESSAGE][INFO] - User set preference: ['acceptInsecureCerts', 'true']

2023-02-17 20:39:45 - [MESSAGE][INFO] - Action delay is set to 0 milliseconds

2023-02-17 20:39:46 - [MESSAGE][PASSED] - Browser is opened with url: 'https://dev-algorithm.govolution.com/vlinktest/QA/version_2_0/authcap.html'

2023-02-17 20:39:46 - [TEST_STEP][PASSED] - maximizeWindow(): Current window maximized

2023-02-17 20:39:47 - [MESSAGE][PASSED] - Current window maximized

2023-02-17 20:39:47 - [TEST_STEP][PASSED] - vlinkPages.saleCCPage.setDataSCC(row, dataFile): vlinkPages.saleCCPage.setDataSCC is PASSED

2023-02-17 20:39:49 - [MESSAGE][PASSED] - Object 'Object Repository/VLink/Page_CCSale/txt_CardNumber' is present

2023-02-17 20:39:50 - [MESSAGE][PASSED] - Text '104' is set on object 'Object Repository/VLink/Page_CCSale/txt_TransactionType'

2023-02-17 20:39:51 - [MESSAGE][PASSED] - Text '2.0C' is set on object 'Object Repository/VLink/Page_CCSale/txt_MessageVersion'

2023-02-17 20:39:51 - [MESSAGE][PASSED] - Text 'Q30MaSbcA8Fv' is set on object 'Object Repository/VLink/Page_CCSale/txt_RemID'

2023-02-17 20:39:52 - [MESSAGE][PASSED] - Text '665' is set on object 'Object Repository/VLink/Page_CCSale/txt_ApplicationId'

2023-02-17 20:39:53 - [MESSAGE][PASSED] - Text 'username' is set on object 'Object Repository/VLink/Page_CCSale/txt_Username'

2023-02-17 20:39:53 - [MESSAGE][PASSED] - Text 'password' is set on object 'Object Repository/VLink/Page_CCSale/txt_Password'

2023-02-17 20:39:54 - [MESSAGE][PASSED] - Text 'fixed_width' is set on object 'Object Repository/VLink/Page_CCSale/txt_ResponseFormat'

2023-02-17 20:39:54 - [MESSAGE][PASSED] - Text 'ECOM' is set on object 'Object Repository/VLink/Page_CCSale/txt_Category'

2023-02-17 20:39:55 - [MESSAGE][PASSED] - Text '' is set on object 'Object Repository/VLink/Page_CCSale/txt_TransactionID'

2023-02-17 20:39:56 - [MESSAGE][PASSED] - Text '' is set on object 'Object Repository/VLink/Page_CCSale/txt_ApprovalCode'

2023-02-17 20:39:57 - [MESSAGE][PASSED] - Text 'Kris Roshan' is set on object 'Object Repository/VLink/Page_CCSale/txt_CardName'

2023-02-17 20:39:57 - [MESSAGE][PASSED] - Text '258 Elm Road' is set on object 'Object Repository/VLink/Page_CCSale/txt_AL1'

2023-02-17 20:39:58 - [MESSAGE][PASSED] - Text 'Suite 56' is set on object 'Object Repository/VLink/Page_CCSale/txt_AL2'

2023-02-17 20:39:59 - [MESSAGE][PASSED] - Text 'Arlington' is set on object 'Object Repository/VLink/Page_CCSale/txt_CardCity'

2023-02-17 20:39:59 - [MESSAGE][PASSED] - Text 'VA' is set on object 'Object Repository/VLink/Page_CCSale/txt_CardState'

2023-02-17 20:40:00 - [MESSAGE][PASSED] - Text '22201' is set on object 'Object Repository/VLink/Page_CCSale/txt_CardZIP'

2023-02-17 20:40:01 - [MESSAGE][PASSED] - Text '840' is set on object 'Object Repository/VLink/Page_CCSale/txt_CountryID'

2023-02-17 20:40:01 - [MESSAGE][PASSED] - Text '1.50' is set on object 'Object Repository/VLink/Page_CCSale/txt_Amount'

2023-02-17 20:40:02 - [MESSAGE][PASSED] - Text '370000000000002' is set on object 'Object Repository/VLink/Page_CCSale/txt_CardNumber'

2023-02-17 20:40:03 - [MESSAGE][PASSED] - Text '12' is set on object 'Object Repository/VLink/Page_CCSale/txt_ExpMonth'

2023-02-17 20:40:03 - [MESSAGE][PASSED] - Text '2025' is set on object 'Object Repository/VLink/Page_CCSale/txt_ExpYear'

2023-02-17 20:40:04 - [MESSAGE][PASSED] - Text '' is set on object 'Object Repository/VLink/Page_CCSale/txt_CVV'

2023-02-17 20:40:05 - [MESSAGE][PASSED] - Text '' is set on object 'Object Repository/VLink/Page_CCSale/txt_CVVstate'

2023-02-17 20:40:05 - [MESSAGE][PASSED] - Text '' is set on object 'Object Repository/VLink/Page_CCSale/txt_TrackData'

2023-02-17 20:40:06 - [MESSAGE][PASSED] - Text '' is set on object 'Object Repository/VLink/Page_CCSale/txt_Track1Data'

2023-02-17 20:40:07 - [MESSAGE][PASSED] - Text '' is set on object 'Object Repository/VLink/Page_CCSale/txt_Track2Data'

2023-02-17 20:40:07 - [MESSAGE][PASSED] - Text 'manual' is set on object 'Object Repository/VLink/Page_CCSale/txt_POSEntryMode'

2023-02-17 20:40:08 - [MESSAGE][PASSED] - Text 'iahmed@govolution.com' is set on object 'Object Repository/VLink/Page_CCSale/txt_Email'

2023-02-17 20:40:09 - [MESSAGE][PASSED] - Text '2569362' is set on object 'Object Repository/VLink/Page_CCSale/txt_OrderNumber'

2023-02-17 20:40:09 - [MESSAGE][PASSED] - Text '1.15' is set on object 'Object Repository/VLink/Page_CCSale/txt_TaxAmount'

2023-02-17 20:40:10 - [MESSAGE][PASSED] - Text 'Charge Description' is set on object 'Object Repository/VLink/Page_CCSale/txt_ChargeDescription'

2023-02-17 20:40:11 - [MESSAGE][PASSED] - Text '147357' is set on object 'Object Repository/VLink/Page_CCSale/txt_CAN'

2023-02-17 20:40:11 - [MESSAGE][PASSED] - Text '1' is set on object 'Object Repository/VLink/Page_CCSale/txt_BillPaymentIndicator'

2023-02-17 20:40:12 - [MESSAGE][PASSED] - Text 'UDF Data 1' is set on object 'Object Repository/VLink/Page_CCSale/txt_UDF1'

2023-02-17 20:40:13 - [MESSAGE][PASSED] - Text 'UDF Data 2' is set on object 'Object Repository/VLink/Page_CCSale/txt_UDF2'

2023-02-17 20:40:13 - [MESSAGE][PASSED] - Text 'UDF Data 3' is set on object 'Object Repository/VLink/Page_CCSale/txt_UDF3'

2023-02-17 20:40:14 - [MESSAGE][PASSED] - Text 'UDF Data 4' is set on object 'Object Repository/VLink/Page_CCSale/txt_UDF4'

2023-02-17 20:40:15 - [MESSAGE][PASSED] - Text 'UDF Data 5' is set on object 'Object Repository/VLink/Page_CCSale/txt_UDF5'

2023-02-17 20:40:15 - [MESSAGE][PASSED] - Text 'UDF Data 6' is set on object 'Object Repository/VLink/Page_CCSale/txt_UDF6'

2023-02-17 20:40:16 - [MESSAGE][PASSED] - Text 'UDF Data 7' is set on object 'Object Repository/VLink/Page_CCSale/txt_UDF7'

2023-02-17 20:40:17 - [MESSAGE][PASSED] - Text 'UDF Data 8' is set on object 'Object Repository/VLink/Page_CCSale/txt_UDF8'

2023-02-17 20:40:17 - [MESSAGE][PASSED] - Text 'UDF Data 9' is set on object 'Object Repository/VLink/Page_CCSale/txt_UDF9'

2023-02-17 20:40:18 - [MESSAGE][PASSED] - Text 'UDF Data 10' is set on object 'Object Repository/VLink/Page_CCSale/txt_UDF10'

2023-02-17 20:40:21 - [MESSAGE][PASSED] - Object: 'Object Repository/VLink/Page_CCSale/btn_ProcessVLinkTransaction' is clicked on

2023-02-17 20:40:26 - [MESSAGE][PASSED] - vlinkPages.saleCCPage.setDataSCC is PASSED

2023-02-17 20:40:26 - [TEST_STEP][PASSED] - if (verifyTextPresent("Transaction approved, no errors", true)): null

2023-02-17 20:40:26 - [MESSAGE][PASSED] - Text 'Transaction approved, no errors' is present on page  using regular expression

2023-02-17 20:40:26 - [TEST_STEP][PASSED] - println("Transaction Approved, no errors text is present on the Confirmation page"): null

2023-02-17 20:40:26 - [TEST_STEP][PASSED] - out.println("Pass Record Number: " + row): null

2023-02-17 20:40:26 - [TEST_STEP][PASSED] - resText = "Pass": null

2023-02-17 20:40:26 - [TEST_STEP][PASSED] - pages.WriteExcel.demoKey(resText, datText, resColumn, datCloumn, fileLoc, nameSheet, row): pages.WriteExcel.demoKey is PASSED

2023-02-17 20:40:26 - [MESSAGE][PASSED] - pages.WriteExcel.demoKey is PASSED

2023-02-17 20:40:26 - [TEST_STEP][PASSED] - sdfo = getText(findTestObject("Object Repository/Page_VLinkReceipt/pre_STX")): Text of object 'Object Repository/Page_VLinkReceipt/pre_STX' is: '<STX>Q30MaSbcA8Fv                  12127243            0  Transaction approved, no errors                   0                                                                                  X OK9783   <ETX>'

2023-02-17 20:40:26 - [MESSAGE][PASSED] - Text of object 'Object Repository/Page_VLinkReceipt/pre_STX' is: '<STX>Q30MaSbcA8Fv                  12127243            0  Transaction approved, no errors                   0                                                                                  X OK9783   <ETX>'

2023-02-17 20:40:26 - [TEST_STEP][PASSED] - out.println("sdfo: " + sdfo): null

2023-02-17 20:40:26 - [TEST_STEP][PASSED] - remID = substring(5, 35).trim(): null

2023-02-17 20:40:26 - [TEST_STEP][PASSED] - out.println("Remittance ID: " + remID): null

2023-02-17 20:40:26 - [TEST_STEP][PASSED] - traxID = substring(35, 55).trim(): null

2023-02-17 20:40:26 - [TEST_STEP][PASSED] - out.println("Transaction ID: " + traxID): null

2023-02-17 20:40:26 - [TEST_STEP][PASSED] - out.println("End Record Number: " + row): null

2023-02-17 20:40:26 - [TEST_STEP][PASSED] - closeBrowser(): Browser is closed

2023-02-17 20:40:27 - [MESSAGE][PASSED] - Browser is closed

2023-02-17 20:40:27 - [TEST_STEP][PASSED] - ExecuteTC = findTestData(dataFile).getValue("Execute", row): null

2023-02-17 20:40:27 - [TEST_STEP][PASSED] - out.println("Value of Execute is : " + ExecuteTC): null

2023-02-17 20:40:27 - [TEST_STEP][PASSED] - if (ExecuteTC.equalsIgnoreCase("Y")): Browser is closed

2023-02-17 20:40:27 - [TEST_STEP][PASSED] - out.println("Begin Record Number: " + row): null

2023-02-17 20:40:27 - [TEST_STEP][PASSED] - today = new java.util.Date(): null

2023-02-17 20:40:27 - [TEST_STEP][PASSED] - println(today): null

2023-02-17 20:40:27 - [TEST_STEP][PASSED] - datText = today: null

2023-02-17 20:40:27 - [TEST_STEP][PASSED] - openBrowser(VLinkURL + "authcap.html"): Browser is opened with url: 'https://dev-algorithm.govolution.com/vlinktest/QA/version_2_0/authcap.html'

2023-02-17 20:40:27 - [MESSAGE][INFO] - Starting 'Chrome' driver

2023-02-17 20:40:27 - [MESSAGE][INFO] - User set preference: ['acceptInsecureCerts', 'true']

2023-02-17 20:40:27 - [MESSAGE][INFO] - Action delay is set to 0 milliseconds

2023-02-17 20:40:29 - [MESSAGE][PASSED] - Browser is opened with url: 'https://dev-algorithm.govolution.com/vlinktest/QA/version_2_0/authcap.html'

2023-02-17 20:40:29 - [TEST_STEP][PASSED] - maximizeWindow(): Current window maximized

2023-02-17 20:40:29 - [MESSAGE][PASSED] - Current window maximized

2023-02-17 20:40:29 - [TEST_STEP][PASSED] - vlinkPages.saleCCPage.setDataSCC(row, dataFile): vlinkPages.saleCCPage.setDataSCC is PASSED

2023-02-17 20:40:32 - [MESSAGE][PASSED] - Object 'Object Repository/VLink/Page_CCSale/txt_CardNumber' is present

2023-02-17 20:40:33 - [MESSAGE][PASSED] - Text '104' is set on object 'Object Repository/VLink/Page_CCSale/txt_TransactionType'

2023-02-17 20:40:33 - [MESSAGE][PASSED] - Text '2.0C' is set on object 'Object Repository/VLink/Page_CCSale/txt_MessageVersion'

2023-02-17 20:40:34 - [MESSAGE][PASSED] - Text 'zbZC765le8xt' is set on object 'Object Repository/VLink/Page_CCSale/txt_RemID'

2023-02-17 20:40:35 - [MESSAGE][PASSED] - Text '672' is set on object 'Object Repository/VLink/Page_CCSale/txt_ApplicationId'

2023-02-17 20:40:35 - [MESSAGE][PASSED] - Text 'username' is set on object 'Object Repository/VLink/Page_CCSale/txt_Username'

2023-02-17 20:40:36 - [MESSAGE][PASSED] - Text 'password' is set on object 'Object Repository/VLink/Page_CCSale/txt_Password'

2023-02-17 20:40:36 - [MESSAGE][PASSED] - Text 'fixed_width' is set on object 'Object Repository/VLink/Page_CCSale/txt_ResponseFormat'

2023-02-17 20:40:37 - [MESSAGE][PASSED] - Text 'ECOM' is set on object 'Object Repository/VLink/Page_CCSale/txt_Category'

2023-02-17 20:40:38 - [MESSAGE][PASSED] - Text '' is set on object 'Object Repository/VLink/Page_CCSale/txt_TransactionID'

2023-02-17 20:40:38 - [MESSAGE][PASSED] - Text '' is set on object 'Object Repository/VLink/Page_CCSale/txt_ApprovalCode'

2023-02-17 20:40:39 - [MESSAGE][PASSED] - Text 'Arvind Silva' is set on object 'Object Repository/VLink/Page_CCSale/txt_CardName'

2023-02-17 20:40:40 - [MESSAGE][PASSED] - Text '111 Main Ave' is set on object 'Object Repository/VLink/Page_CCSale/txt_AL1'

2023-02-17 20:40:40 - [MESSAGE][PASSED] - Text '' is set on object 'Object Repository/VLink/Page_CCSale/txt_AL2'

2023-02-17 20:40:41 - [MESSAGE][PASSED] - Text 'Arlington' is set on object 'Object Repository/VLink/Page_CCSale/txt_CardCity'

2023-02-17 20:40:42 - [MESSAGE][PASSED] - Text 'VA' is set on object 'Object Repository/VLink/Page_CCSale/txt_CardState'

2023-02-17 20:40:42 - [MESSAGE][PASSED] - Text '22201' is set on object 'Object Repository/VLink/Page_CCSale/txt_CardZIP'

2023-02-17 20:40:43 - [MESSAGE][PASSED] - Text '' is set on object 'Object Repository/VLink/Page_CCSale/txt_CountryID'

2023-02-17 20:40:44 - [MESSAGE][PASSED] - Text '2.50' is set on object 'Object Repository/VLink/Page_CCSale/txt_Amount'

2023-02-17 20:40:44 - [MESSAGE][PASSED] - Text '370000000000002' is set on object 'Object Repository/VLink/Page_CCSale/txt_CardNumber'

2023-02-17 20:40:45 - [MESSAGE][PASSED] - Text '01' is set on object 'Object Repository/VLink/Page_CCSale/txt_ExpMonth'

2023-02-17 20:40:46 - [MESSAGE][PASSED] - Text '2026' is set on object 'Object Repository/VLink/Page_CCSale/txt_ExpYear'

2023-02-17 20:40:47 - [MESSAGE][PASSED] - Text '' is set on object 'Object Repository/VLink/Page_CCSale/txt_CVV'

2023-02-17 20:40:47 - [MESSAGE][PASSED] - Text '' is set on object 'Object Repository/VLink/Page_CCSale/txt_CVVstate'

2023-02-17 20:40:48 - [MESSAGE][PASSED] - Text '' is set on object 'Object Repository/VLink/Page_CCSale/txt_TrackData'

2023-02-17 20:40:48 - [MESSAGE][PASSED] - Text '' is set on object 'Object Repository/VLink/Page_CCSale/txt_Track1Data'

2023-02-17 20:40:49 - [MESSAGE][PASSED] - Text '' is set on object 'Object Repository/VLink/Page_CCSale/txt_Track2Data'

2023-02-17 20:40:50 - [MESSAGE][PASSED] - Text 'manual' is set on object 'Object Repository/VLink/Page_CCSale/txt_POSEntryMode'

2023-02-17 20:40:51 - [MESSAGE][PASSED] - Text '' is set on object 'Object Repository/VLink/Page_CCSale/txt_Email'

2023-02-17 20:40:51 - [MESSAGE][PASSED] - Text '' is set on object 'Object Repository/VLink/Page_CCSale/txt_OrderNumber'

2023-02-17 20:40:52 - [MESSAGE][PASSED] - Text '' is set on object 'Object Repository/VLink/Page_CCSale/txt_TaxAmount'

2023-02-17 20:40:53 - [MESSAGE][PASSED] - Text '' is set on object 'Object Repository/VLink/Page_CCSale/txt_ChargeDescription'

2023-02-17 20:40:53 - [MESSAGE][PASSED] - Text '' is set on object 'Object Repository/VLink/Page_CCSale/txt_CAN'

2023-02-17 20:40:54 - [MESSAGE][PASSED] - Text '' is set on object 'Object Repository/VLink/Page_CCSale/txt_BillPaymentIndicator'

2023-02-17 20:40:55 - [MESSAGE][PASSED] - Text '' is set on object 'Object Repository/VLink/Page_CCSale/txt_UDF1'

2023-02-17 20:40:55 - [MESSAGE][PASSED] - Text '' is set on object 'Object Repository/VLink/Page_CCSale/txt_UDF2'

2023-02-17 20:40:56 - [MESSAGE][PASSED] - Text '' is set on object 'Object Repository/VLink/Page_CCSale/txt_UDF3'

2023-02-17 20:40:57 - [MESSAGE][PASSED] - Text '' is set on object 'Object Repository/VLink/Page_CCSale/txt_UDF4'

2023-02-17 20:40:57 - [MESSAGE][PASSED] - Text '' is set on object 'Object Repository/VLink/Page_CCSale/txt_UDF5'

2023-02-17 20:40:58 - [MESSAGE][PASSED] - Text '' is set on object 'Object Repository/VLink/Page_CCSale/txt_UDF6'

2023-02-17 20:40:59 - [MESSAGE][PASSED] - Text '' is set on object 'Object Repository/VLink/Page_CCSale/txt_UDF7'

2023-02-17 20:40:59 - [MESSAGE][PASSED] - Text '' is set on object 'Object Repository/VLink/Page_CCSale/txt_UDF8'

2023-02-17 20:41:00 - [MESSAGE][PASSED] - Text '' is set on object 'Object Repository/VLink/Page_CCSale/txt_UDF9'

2023-02-17 20:41:01 - [MESSAGE][PASSED] - Text '' is set on object 'Object Repository/VLink/Page_CCSale/txt_UDF10'

2023-02-17 20:41:03 - [MESSAGE][PASSED] - Object: 'Object Repository/VLink/Page_CCSale/btn_ProcessVLinkTransaction' is clicked on

2023-02-17 20:41:08 - [MESSAGE][PASSED] - vlinkPages.saleCCPage.setDataSCC is PASSED

2023-02-17 20:41:08 - [TEST_STEP][PASSED] - if (verifyTextPresent("Transaction approved, no errors", true)): null

2023-02-17 20:41:08 - [MESSAGE][PASSED] - Text 'Transaction approved, no errors' is present on page  using regular expression

2023-02-17 20:41:08 - [TEST_STEP][PASSED] - println("Transaction Approved, no errors text is present on the Confirmation page"): null

2023-02-17 20:41:08 - [TEST_STEP][PASSED] - out.println("Pass Record Number: " + row): null

2023-02-17 20:41:08 - [TEST_STEP][PASSED] - resText = "Pass": null

2023-02-17 20:41:08 - [TEST_STEP][PASSED] - pages.WriteExcel.demoKey(resText, datText, resColumn, datCloumn, fileLoc, nameSheet, row): pages.WriteExcel.demoKey is PASSED

2023-02-17 20:41:08 - [MESSAGE][PASSED] - pages.WriteExcel.demoKey is PASSED

2023-02-17 20:41:08 - [TEST_STEP][PASSED] - sdfo = getText(findTestObject("Object Repository/Page_VLinkReceipt/pre_STX")): Text of object 'Object Repository/Page_VLinkReceipt/pre_STX' is: '<STX>zbZC765le8xt                  12127244            0  Transaction approved, no errors                   0                                                                                  X OK9813   <ETX>'

2023-02-17 20:41:09 - [MESSAGE][PASSED] - Text of object 'Object Repository/Page_VLinkReceipt/pre_STX' is: '<STX>zbZC765le8xt                  12127244            0  Transaction approved, no errors                   0                                                                                  X OK9813   <ETX>'

2023-02-17 20:41:09 - [TEST_STEP][PASSED] - out.println("sdfo: " + sdfo): null

2023-02-17 20:41:09 - [TEST_STEP][PASSED] - remID = substring(5, 35).trim(): null

2023-02-17 20:41:09 - [TEST_STEP][PASSED] - out.println("Remittance ID: " + remID): null

2023-02-17 20:41:09 - [TEST_STEP][PASSED] - traxID = substring(35, 55).trim(): null

2023-02-17 20:41:09 - [TEST_STEP][PASSED] - out.println("Transaction ID: " + traxID): null

2023-02-17 20:41:09 - [TEST_STEP][PASSED] - out.println("End Record Number: " + row): null

2023-02-17 20:41:09 - [TEST_STEP][PASSED] - closeBrowser(): Browser is closed

2023-02-17 20:41:10 - [MESSAGE][PASSED] - Browser is closed

2023-02-17 20:41:10 - [TEST_STEP][PASSED] - ExecuteTC = findTestData(dataFile).getValue("Execute", row): null

2023-02-17 20:41:10 - [TEST_STEP][PASSED] - out.println("Value of Execute is : " + ExecuteTC): null

2023-02-17 20:41:10 - [TEST_STEP][PASSED] - if (ExecuteTC.equalsIgnoreCase("Y")): Browser is closed

2023-02-17 20:41:10 - [TEST_STEP][PASSED] - out.println("Begin Record Number: " + row): null

2023-02-17 20:41:10 - [TEST_STEP][PASSED] - today = new java.util.Date(): null

2023-02-17 20:41:10 - [TEST_STEP][PASSED] - println(today): null

2023-02-17 20:41:10 - [TEST_STEP][PASSED] - datText = today: null

2023-02-17 20:41:10 - [TEST_STEP][PASSED] - openBrowser(VLinkURL + "authcap.html"): Browser is opened with url: 'https://dev-algorithm.govolution.com/vlinktest/QA/version_2_0/authcap.html'

2023-02-17 20:41:10 - [MESSAGE][INFO] - Starting 'Chrome' driver

2023-02-17 20:41:10 - [MESSAGE][INFO] - User set preference: ['acceptInsecureCerts', 'true']

2023-02-17 20:41:10 - [MESSAGE][INFO] - Action delay is set to 0 milliseconds

2023-02-17 20:41:12 - [MESSAGE][PASSED] - Browser is opened with url: 'https://dev-algorithm.govolution.com/vlinktest/QA/version_2_0/authcap.html'

2023-02-17 20:41:12 - [TEST_STEP][PASSED] - maximizeWindow(): Current window maximized

2023-02-17 20:41:12 - [MESSAGE][PASSED] - Current window maximized

2023-02-17 20:41:12 - [TEST_STEP][PASSED] - vlinkPages.saleCCPage.setDataSCC(row, dataFile): vlinkPages.saleCCPage.setDataSCC is PASSED

2023-02-17 20:41:15 - [MESSAGE][PASSED] - Object 'Object Repository/VLink/Page_CCSale/txt_CardNumber' is present

2023-02-17 20:41:15 - [MESSAGE][PASSED] - Text '104' is set on object 'Object Repository/VLink/Page_CCSale/txt_TransactionType'

2023-02-17 20:41:16 - [MESSAGE][PASSED] - Text '2.0C' is set on object 'Object Repository/VLink/Page_CCSale/txt_MessageVersion'

2023-02-17 20:41:16 - [MESSAGE][PASSED] - Text 'kfRvWzXIjV0g' is set on object 'Object Repository/VLink/Page_CCSale/txt_RemID'

2023-02-17 20:41:17 - [MESSAGE][PASSED] - Text '677' is set on object 'Object Repository/VLink/Page_CCSale/txt_ApplicationId'

2023-02-17 20:41:18 - [MESSAGE][PASSED] - Text 'username' is set on object 'Object Repository/VLink/Page_CCSale/txt_Username'

2023-02-17 20:41:18 - [MESSAGE][PASSED] - Text 'password' is set on object 'Object Repository/VLink/Page_CCSale/txt_Password'

2023-02-17 20:41:19 - [MESSAGE][PASSED] - Text 'fixed_width' is set on object 'Object Repository/VLink/Page_CCSale/txt_ResponseFormat'

2023-02-17 20:41:19 - [MESSAGE][PASSED] - Text 'ECOM' is set on object 'Object Repository/VLink/Page_CCSale/txt_Category'

2023-02-17 20:41:20 - [MESSAGE][PASSED] - Text '' is set on object 'Object Repository/VLink/Page_CCSale/txt_TransactionID'

2023-02-17 20:41:21 - [MESSAGE][PASSED] - Text '' is set on object 'Object Repository/VLink/Page_CCSale/txt_ApprovalCode'

2023-02-17 20:41:21 - [MESSAGE][PASSED] - Text 'Roshan Maha' is set on object 'Object Repository/VLink/Page_CCSale/txt_CardName'

2023-02-17 20:41:22 - [MESSAGE][PASSED] - Text '12563 Bazaar road' is set on object 'Object Repository/VLink/Page_CCSale/txt_AL1'

2023-02-17 20:41:23 - [MESSAGE][PASSED] - Text '' is set on object 'Object Repository/VLink/Page_CCSale/txt_AL2'

2023-02-17 20:41:23 - [MESSAGE][PASSED] - Text 'Crofton' is set on object 'Object Repository/VLink/Page_CCSale/txt_CardCity'

2023-02-17 20:41:24 - [MESSAGE][PASSED] - Text 'MD' is set on object 'Object Repository/VLink/Page_CCSale/txt_CardState'

2023-02-17 20:41:25 - [MESSAGE][PASSED] - Text '21114' is set on object 'Object Repository/VLink/Page_CCSale/txt_CardZIP'

2023-02-17 20:41:25 - [MESSAGE][PASSED] - Text '' is set on object 'Object Repository/VLink/Page_CCSale/txt_CountryID'

2023-02-17 20:41:26 - [MESSAGE][PASSED] - Text '3.50' is set on object 'Object Repository/VLink/Page_CCSale/txt_Amount'

2023-02-17 20:41:27 - [MESSAGE][PASSED] - Text '370000000000002' is set on object 'Object Repository/VLink/Page_CCSale/txt_CardNumber'

2023-02-17 20:41:27 - [MESSAGE][PASSED] - Text '01' is set on object 'Object Repository/VLink/Page_CCSale/txt_ExpMonth'

2023-02-17 20:41:28 - [MESSAGE][PASSED] - Text '2026' is set on object 'Object Repository/VLink/Page_CCSale/txt_ExpYear'

2023-02-17 20:41:29 - [MESSAGE][PASSED] - Text '' is set on object 'Object Repository/VLink/Page_CCSale/txt_CVV'

2023-02-17 20:41:29 - [MESSAGE][PASSED] - Text '' is set on object 'Object Repository/VLink/Page_CCSale/txt_CVVstate'

2023-02-17 20:41:30 - [MESSAGE][PASSED] - Text '' is set on object 'Object Repository/VLink/Page_CCSale/txt_TrackData'

2023-02-17 20:41:31 - [MESSAGE][PASSED] - Text '' is set on object 'Object Repository/VLink/Page_CCSale/txt_Track1Data'

2023-02-17 20:41:31 - [MESSAGE][PASSED] - Text '' is set on object 'Object Repository/VLink/Page_CCSale/txt_Track2Data'

2023-02-17 20:41:32 - [MESSAGE][PASSED] - Text 'manual' is set on object 'Object Repository/VLink/Page_CCSale/txt_POSEntryMode'

2023-02-17 20:41:33 - [MESSAGE][PASSED] - Text '' is set on object 'Object Repository/VLink/Page_CCSale/txt_Email'

2023-02-17 20:41:34 - [MESSAGE][PASSED] - Text '' is set on object 'Object Repository/VLink/Page_CCSale/txt_OrderNumber'

2023-02-17 20:41:34 - [MESSAGE][PASSED] - Text '' is set on object 'Object Repository/VLink/Page_CCSale/txt_TaxAmount'

2023-02-17 20:41:35 - [MESSAGE][PASSED] - Text '' is set on object 'Object Repository/VLink/Page_CCSale/txt_ChargeDescription'

2023-02-17 20:41:36 - [MESSAGE][PASSED] - Text '' is set on object 'Object Repository/VLink/Page_CCSale/txt_CAN'

2023-02-17 20:41:36 - [MESSAGE][PASSED] - Text '' is set on object 'Object Repository/VLink/Page_CCSale/txt_BillPaymentIndicator'

2023-02-17 20:41:37 - [MESSAGE][PASSED] - Text '' is set on object 'Object Repository/VLink/Page_CCSale/txt_UDF1'

2023-02-17 20:41:38 - [MESSAGE][PASSED] - Text '' is set on object 'Object Repository/VLink/Page_CCSale/txt_UDF2'

2023-02-17 20:41:38 - [MESSAGE][PASSED] - Text '' is set on object 'Object Repository/VLink/Page_CCSale/txt_UDF3'

2023-02-17 20:41:39 - [MESSAGE][PASSED] - Text '' is set on object 'Object Repository/VLink/Page_CCSale/txt_UDF4'

2023-02-17 20:41:40 - [MESSAGE][PASSED] - Text '' is set on object 'Object Repository/VLink/Page_CCSale/txt_UDF5'

2023-02-17 20:41:40 - [MESSAGE][PASSED] - Text '' is set on object 'Object Repository/VLink/Page_CCSale/txt_UDF6'

2023-02-17 20:41:41 - [MESSAGE][PASSED] - Text '' is set on object 'Object Repository/VLink/Page_CCSale/txt_UDF7'

2023-02-17 20:41:42 - [MESSAGE][PASSED] - Text '' is set on object 'Object Repository/VLink/Page_CCSale/txt_UDF8'

2023-02-17 20:41:42 - [MESSAGE][PASSED] - Text '' is set on object 'Object Repository/VLink/Page_CCSale/txt_UDF9'

2023-02-17 20:41:43 - [MESSAGE][PASSED] - Text '' is set on object 'Object Repository/VLink/Page_CCSale/txt_UDF10'

2023-02-17 20:41:46 - [MESSAGE][PASSED] - Object: 'Object Repository/VLink/Page_CCSale/btn_ProcessVLinkTransaction' is clicked on

2023-02-17 20:41:51 - [MESSAGE][PASSED] - vlinkPages.saleCCPage.setDataSCC is PASSED

2023-02-17 20:41:51 - [TEST_STEP][PASSED] - if (verifyTextPresent("Transaction approved, no errors", true)): null

2023-02-17 20:41:51 - [MESSAGE][PASSED] - Text 'Transaction approved, no errors' is present on page  using regular expression

2023-02-17 20:41:51 - [TEST_STEP][PASSED] - println("Transaction Approved, no errors text is present on the Confirmation page"): null

2023-02-17 20:41:51 - [TEST_STEP][PASSED] - out.println("Pass Record Number: " + row): null

2023-02-17 20:41:51 - [TEST_STEP][PASSED] - resText = "Pass": null

2023-02-17 20:41:51 - [TEST_STEP][PASSED] - pages.WriteExcel.demoKey(resText, datText, resColumn, datCloumn, fileLoc, nameSheet, row): pages.WriteExcel.demoKey is PASSED

2023-02-17 20:41:52 - [MESSAGE][PASSED] - pages.WriteExcel.demoKey is PASSED

2023-02-17 20:41:52 - [TEST_STEP][PASSED] - sdfo = getText(findTestObject("Object Repository/Page_VLinkReceipt/pre_STX")): Text of object 'Object Repository/Page_VLinkReceipt/pre_STX' is: '<STX>kfRvWzXIjV0g                  12127245            0  Transaction approved, no errors                   0                                                                                  X OK9843   <ETX>'

2023-02-17 20:41:52 - [MESSAGE][PASSED] - Text of object 'Object Repository/Page_VLinkReceipt/pre_STX' is: '<STX>kfRvWzXIjV0g                  12127245            0  Transaction approved, no errors                   0                                                                                  X OK9843   <ETX>'

2023-02-17 20:41:52 - [TEST_STEP][PASSED] - out.println("sdfo: " + sdfo): null

2023-02-17 20:41:52 - [TEST_STEP][PASSED] - remID = substring(5, 35).trim(): null

2023-02-17 20:41:52 - [TEST_STEP][PASSED] - out.println("Remittance ID: " + remID): null

2023-02-17 20:41:52 - [TEST_STEP][PASSED] - traxID = substring(35, 55).trim(): null

2023-02-17 20:41:52 - [TEST_STEP][PASSED] - out.println("Transaction ID: " + traxID): null

2023-02-17 20:41:52 - [TEST_STEP][PASSED] - out.println("End Record Number: " + row): null

2023-02-17 20:41:52 - [TEST_STEP][PASSED] - closeBrowser(): Browser is closed

2023-02-17 20:41:53 - [MESSAGE][PASSED] - Browser is closed

2023-02-17 20:41:53 - [TEST_STEP][PASSED] - ExecuteTC = findTestData(dataFile).getValue("Execute", row): null

2023-02-17 20:41:53 - [TEST_STEP][PASSED] - out.println("Value of Execute is : " + ExecuteTC): null

2023-02-17 20:41:53 - [TEST_STEP][PASSED] - if (ExecuteTC.equalsIgnoreCase("Y")): Browser is closed

2023-02-17 20:41:53 - [TEST_STEP][PASSED] - out.println("Begin Record Number: " + row): null

2023-02-17 20:41:53 - [TEST_STEP][PASSED] - today = new java.util.Date(): null

2023-02-17 20:41:53 - [TEST_STEP][PASSED] - println(today): null

2023-02-17 20:41:53 - [TEST_STEP][PASSED] - datText = today: null

2023-02-17 20:41:53 - [TEST_STEP][PASSED] - openBrowser(VLinkURL + "authcap.html"): Browser is opened with url: 'https://dev-algorithm.govolution.com/vlinktest/QA/version_2_0/authcap.html'

2023-02-17 20:41:53 - [MESSAGE][INFO] - Starting 'Chrome' driver

2023-02-17 20:41:53 - [MESSAGE][INFO] - User set preference: ['acceptInsecureCerts', 'true']

2023-02-17 20:41:53 - [MESSAGE][INFO] - Action delay is set to 0 milliseconds

2023-02-17 20:41:55 - [MESSAGE][PASSED] - Browser is opened with url: 'https://dev-algorithm.govolution.com/vlinktest/QA/version_2_0/authcap.html'

2023-02-17 20:41:55 - [TEST_STEP][PASSED] - maximizeWindow(): Current window maximized

2023-02-17 20:41:55 - [MESSAGE][PASSED] - Current window maximized

2023-02-17 20:41:55 - [TEST_STEP][PASSED] - vlinkPages.saleCCPage.setDataSCC(row, dataFile): vlinkPages.saleCCPage.setDataSCC is PASSED

2023-02-17 20:41:58 - [MESSAGE][PASSED] - Object 'Object Repository/VLink/Page_CCSale/txt_CardNumber' is present

2023-02-17 20:41:58 - [MESSAGE][PASSED] - Text '104' is set on object 'Object Repository/VLink/Page_CCSale/txt_TransactionType'

2023-02-17 20:41:59 - [MESSAGE][PASSED] - Text '2.0C' is set on object 'Object Repository/VLink/Page_CCSale/txt_MessageVersion'

2023-02-17 20:41:59 - [MESSAGE][PASSED] - Text '6nSoaBTmxxO5' is set on object 'Object Repository/VLink/Page_CCSale/txt_RemID'

2023-02-17 20:42:00 - [MESSAGE][PASSED] - Text '665' is set on object 'Object Repository/VLink/Page_CCSale/txt_ApplicationId'

2023-02-17 20:42:01 - [MESSAGE][PASSED] - Text 'username' is set on object 'Object Repository/VLink/Page_CCSale/txt_Username'

2023-02-17 20:42:01 - [MESSAGE][PASSED] - Text 'password' is set on object 'Object Repository/VLink/Page_CCSale/txt_Password'

2023-02-17 20:42:02 - [MESSAGE][PASSED] - Text 'fixed_width' is set on object 'Object Repository/VLink/Page_CCSale/txt_ResponseFormat'

2023-02-17 20:42:03 - [MESSAGE][PASSED] - Text 'ECOM' is set on object 'Object Repository/VLink/Page_CCSale/txt_Category'

2023-02-17 20:42:03 - [MESSAGE][PASSED] - Text '' is set on object 'Object Repository/VLink/Page_CCSale/txt_TransactionID'

2023-02-17 20:42:04 - [MESSAGE][PASSED] - Text '' is set on object 'Object Repository/VLink/Page_CCSale/txt_ApprovalCode'

2023-02-17 20:42:05 - [MESSAGE][PASSED] - Text 'Kris Roshan' is set on object 'Object Repository/VLink/Page_CCSale/txt_CardName'

2023-02-17 20:42:05 - [MESSAGE][PASSED] - Text '258 Elm Road' is set on object 'Object Repository/VLink/Page_CCSale/txt_AL1'

2023-02-17 20:42:06 - [MESSAGE][PASSED] - Text 'Suite 56' is set on object 'Object Repository/VLink/Page_CCSale/txt_AL2'

2023-02-17 20:42:07 - [MESSAGE][PASSED] - Text 'Arlington' is set on object 'Object Repository/VLink/Page_CCSale/txt_CardCity'

2023-02-17 20:42:07 - [MESSAGE][PASSED] - Text 'VA' is set on object 'Object Repository/VLink/Page_CCSale/txt_CardState'

2023-02-17 20:42:08 - [MESSAGE][PASSED] - Text '22201' is set on object 'Object Repository/VLink/Page_CCSale/txt_CardZIP'

2023-02-17 20:42:09 - [MESSAGE][PASSED] - Text '840' is set on object 'Object Repository/VLink/Page_CCSale/txt_CountryID'

2023-02-17 20:42:10 - [MESSAGE][PASSED] - Text '1.50' is set on object 'Object Repository/VLink/Page_CCSale/txt_Amount'

2023-02-17 20:42:10 - [MESSAGE][PASSED] - Text '6011000000000004' is set on object 'Object Repository/VLink/Page_CCSale/txt_CardNumber'

2023-02-17 20:42:11 - [MESSAGE][PASSED] - Text '12' is set on object 'Object Repository/VLink/Page_CCSale/txt_ExpMonth'

2023-02-17 20:42:12 - [MESSAGE][PASSED] - Text '2025' is set on object 'Object Repository/VLink/Page_CCSale/txt_ExpYear'

2023-02-17 20:42:12 - [MESSAGE][PASSED] - Text '' is set on object 'Object Repository/VLink/Page_CCSale/txt_CVV'

2023-02-17 20:42:13 - [MESSAGE][PASSED] - Text '' is set on object 'Object Repository/VLink/Page_CCSale/txt_CVVstate'

2023-02-17 20:42:14 - [MESSAGE][PASSED] - Text '' is set on object 'Object Repository/VLink/Page_CCSale/txt_TrackData'

2023-02-17 20:42:14 - [MESSAGE][PASSED] - Text '' is set on object 'Object Repository/VLink/Page_CCSale/txt_Track1Data'

2023-02-17 20:42:15 - [MESSAGE][PASSED] - Text '' is set on object 'Object Repository/VLink/Page_CCSale/txt_Track2Data'

2023-02-17 20:42:16 - [MESSAGE][PASSED] - Text 'manual' is set on object 'Object Repository/VLink/Page_CCSale/txt_POSEntryMode'

2023-02-17 20:42:16 - [MESSAGE][PASSED] - Text 'iahmed@govolution.com' is set on object 'Object Repository/VLink/Page_CCSale/txt_Email'

2023-02-17 20:42:17 - [MESSAGE][PASSED] - Text '2569362' is set on object 'Object Repository/VLink/Page_CCSale/txt_OrderNumber'

2023-02-17 20:42:18 - [MESSAGE][PASSED] - Text '1.15' is set on object 'Object Repository/VLink/Page_CCSale/txt_TaxAmount'

2023-02-17 20:42:18 - [MESSAGE][PASSED] - Text 'Charge Description' is set on object 'Object Repository/VLink/Page_CCSale/txt_ChargeDescription'

2023-02-17 20:42:19 - [MESSAGE][PASSED] - Text '147357' is set on object 'Object Repository/VLink/Page_CCSale/txt_CAN'

2023-02-17 20:42:20 - [MESSAGE][PASSED] - Text '1' is set on object 'Object Repository/VLink/Page_CCSale/txt_BillPaymentIndicator'

2023-02-17 20:42:20 - [MESSAGE][PASSED] - Text 'UDF Data 1' is set on object 'Object Repository/VLink/Page_CCSale/txt_UDF1'

2023-02-17 20:42:21 - [MESSAGE][PASSED] - Text 'UDF Data 2' is set on object 'Object Repository/VLink/Page_CCSale/txt_UDF2'

2023-02-17 20:42:22 - [MESSAGE][PASSED] - Text 'UDF Data 3' is set on object 'Object Repository/VLink/Page_CCSale/txt_UDF3'

2023-02-17 20:42:22 - [MESSAGE][PASSED] - Text 'UDF Data 4' is set on object 'Object Repository/VLink/Page_CCSale/txt_UDF4'

2023-02-17 20:42:23 - [MESSAGE][PASSED] - Text 'UDF Data 5' is set on object 'Object Repository/VLink/Page_CCSale/txt_UDF5'

2023-02-17 20:42:24 - [MESSAGE][PASSED] - Text 'UDF Data 6' is set on object 'Object Repository/VLink/Page_CCSale/txt_UDF6'

2023-02-17 20:42:25 - [MESSAGE][PASSED] - Text 'UDF Data 7' is set on object 'Object Repository/VLink/Page_CCSale/txt_UDF7'

2023-02-17 20:42:25 - [MESSAGE][PASSED] - Text 'UDF Data 8' is set on object 'Object Repository/VLink/Page_CCSale/txt_UDF8'

2023-02-17 20:42:26 - [MESSAGE][PASSED] - Text 'UDF Data 9' is set on object 'Object Repository/VLink/Page_CCSale/txt_UDF9'

2023-02-17 20:42:27 - [MESSAGE][PASSED] - Text 'UDF Data 10' is set on object 'Object Repository/VLink/Page_CCSale/txt_UDF10'

2023-02-17 20:42:29 - [MESSAGE][PASSED] - Object: 'Object Repository/VLink/Page_CCSale/btn_ProcessVLinkTransaction' is clicked on

2023-02-17 20:42:34 - [MESSAGE][PASSED] - vlinkPages.saleCCPage.setDataSCC is PASSED

2023-02-17 20:42:34 - [TEST_STEP][PASSED] - if (verifyTextPresent("Transaction approved, no errors", true)): null

2023-02-17 20:42:35 - [MESSAGE][PASSED] - Text 'Transaction approved, no errors' is present on page  using regular expression

2023-02-17 20:42:35 - [TEST_STEP][PASSED] - println("Transaction Approved, no errors text is present on the Confirmation page"): null

2023-02-17 20:42:35 - [TEST_STEP][PASSED] - out.println("Pass Record Number: " + row): null

2023-02-17 20:42:35 - [TEST_STEP][PASSED] - resText = "Pass": null

2023-02-17 20:42:35 - [TEST_STEP][PASSED] - pages.WriteExcel.demoKey(resText, datText, resColumn, datCloumn, fileLoc, nameSheet, row): pages.WriteExcel.demoKey is PASSED

2023-02-17 20:42:35 - [MESSAGE][PASSED] - pages.WriteExcel.demoKey is PASSED

2023-02-17 20:42:35 - [TEST_STEP][PASSED] - sdfo = getText(findTestObject("Object Repository/Page_VLinkReceipt/pre_STX")): Text of object 'Object Repository/Page_VLinkReceipt/pre_STX' is: '<STX>6nSoaBTmxxO5                  12127247            0  Transaction approved, no errors                   0                                                                                  XXOK9923   <ETX>'

2023-02-17 20:42:35 - [MESSAGE][PASSED] - Text of object 'Object Repository/Page_VLinkReceipt/pre_STX' is: '<STX>6nSoaBTmxxO5                  12127247            0  Transaction approved, no errors                   0                                                                                  XXOK9923   <ETX>'

2023-02-17 20:42:35 - [TEST_STEP][PASSED] - out.println("sdfo: " + sdfo): null

2023-02-17 20:42:35 - [TEST_STEP][PASSED] - remID = substring(5, 35).trim(): null

2023-02-17 20:42:35 - [TEST_STEP][PASSED] - out.println("Remittance ID: " + remID): null

2023-02-17 20:42:35 - [TEST_STEP][PASSED] - traxID = substring(35, 55).trim(): null

2023-02-17 20:42:35 - [TEST_STEP][PASSED] - out.println("Transaction ID: " + traxID): null

2023-02-17 20:42:35 - [TEST_STEP][PASSED] - out.println("End Record Number: " + row): null

2023-02-17 20:42:35 - [TEST_STEP][PASSED] - closeBrowser(): Browser is closed

2023-02-17 20:42:36 - [MESSAGE][PASSED] - Browser is closed

2023-02-17 20:42:36 - [TEST_STEP][PASSED] - ExecuteTC = findTestData(dataFile).getValue("Execute", row): null

2023-02-17 20:42:36 - [TEST_STEP][PASSED] - out.println("Value of Execute is : " + ExecuteTC): null

2023-02-17 20:42:36 - [TEST_STEP][PASSED] - if (ExecuteTC.equalsIgnoreCase("Y")): Browser is closed

2023-02-17 20:42:36 - [TEST_STEP][PASSED] - out.println("Begin Record Number: " + row): null

2023-02-17 20:42:36 - [TEST_STEP][PASSED] - today = new java.util.Date(): null

2023-02-17 20:42:36 - [TEST_STEP][PASSED] - println(today): null

2023-02-17 20:42:36 - [TEST_STEP][PASSED] - datText = today: null

2023-02-17 20:42:36 - [TEST_STEP][PASSED] - openBrowser(VLinkURL + "authcap.html"): Browser is opened with url: 'https://dev-algorithm.govolution.com/vlinktest/QA/version_2_0/authcap.html'

2023-02-17 20:42:36 - [MESSAGE][INFO] - Starting 'Chrome' driver

2023-02-17 20:42:36 - [MESSAGE][INFO] - User set preference: ['acceptInsecureCerts', 'true']

2023-02-17 20:42:36 - [MESSAGE][INFO] - Action delay is set to 0 milliseconds

2023-02-17 20:42:38 - [MESSAGE][PASSED] - Browser is opened with url: 'https://dev-algorithm.govolution.com/vlinktest/QA/version_2_0/authcap.html'

2023-02-17 20:42:38 - [TEST_STEP][PASSED] - maximizeWindow(): Current window maximized

2023-02-17 20:42:38 - [MESSAGE][PASSED] - Current window maximized

2023-02-17 20:42:38 - [TEST_STEP][PASSED] - vlinkPages.saleCCPage.setDataSCC(row, dataFile): vlinkPages.saleCCPage.setDataSCC is PASSED

2023-02-17 20:42:41 - [MESSAGE][PASSED] - Object 'Object Repository/VLink/Page_CCSale/txt_CardNumber' is present

2023-02-17 20:42:42 - [MESSAGE][PASSED] - Text '104' is set on object 'Object Repository/VLink/Page_CCSale/txt_TransactionType'

2023-02-17 20:42:42 - [MESSAGE][PASSED] - Text '2.0C' is set on object 'Object Repository/VLink/Page_CCSale/txt_MessageVersion'

2023-02-17 20:42:43 - [MESSAGE][PASSED] - Text 'Gqb4lB9ebWwQ' is set on object 'Object Repository/VLink/Page_CCSale/txt_RemID'

2023-02-17 20:42:44 - [MESSAGE][PASSED] - Text '672' is set on object 'Object Repository/VLink/Page_CCSale/txt_ApplicationId'

2023-02-17 20:42:44 - [MESSAGE][PASSED] - Text 'username' is set on object 'Object Repository/VLink/Page_CCSale/txt_Username'

2023-02-17 20:42:45 - [MESSAGE][PASSED] - Text 'password' is set on object 'Object Repository/VLink/Page_CCSale/txt_Password'

2023-02-17 20:42:45 - [MESSAGE][PASSED] - Text 'fixed_width' is set on object 'Object Repository/VLink/Page_CCSale/txt_ResponseFormat'

2023-02-17 20:42:46 - [MESSAGE][PASSED] - Text 'ECOM' is set on object 'Object Repository/VLink/Page_CCSale/txt_Category'

2023-02-17 20:42:47 - [MESSAGE][PASSED] - Text '' is set on object 'Object Repository/VLink/Page_CCSale/txt_TransactionID'

2023-02-17 20:42:47 - [MESSAGE][PASSED] - Text '' is set on object 'Object Repository/VLink/Page_CCSale/txt_ApprovalCode'

2023-02-17 20:42:48 - [MESSAGE][PASSED] - Text 'Arvind Silva' is set on object 'Object Repository/VLink/Page_CCSale/txt_CardName'

2023-02-17 20:42:49 - [MESSAGE][PASSED] - Text '111 Main Ave' is set on object 'Object Repository/VLink/Page_CCSale/txt_AL1'

2023-02-17 20:42:49 - [MESSAGE][PASSED] - Text '' is set on object 'Object Repository/VLink/Page_CCSale/txt_AL2'

2023-02-17 20:42:50 - [MESSAGE][PASSED] - Text 'Arlington' is set on object 'Object Repository/VLink/Page_CCSale/txt_CardCity'

2023-02-17 20:42:51 - [MESSAGE][PASSED] - Text 'VA' is set on object 'Object Repository/VLink/Page_CCSale/txt_CardState'

2023-02-17 20:42:51 - [MESSAGE][PASSED] - Text '22201' is set on object 'Object Repository/VLink/Page_CCSale/txt_CardZIP'

2023-02-17 20:42:52 - [MESSAGE][PASSED] - Text '' is set on object 'Object Repository/VLink/Page_CCSale/txt_CountryID'

2023-02-17 20:42:53 - [MESSAGE][PASSED] - Text '2.50' is set on object 'Object Repository/VLink/Page_CCSale/txt_Amount'

2023-02-17 20:42:53 - [MESSAGE][PASSED] - Text '6011000000000004' is set on object 'Object Repository/VLink/Page_CCSale/txt_CardNumber'

2023-02-17 20:42:54 - [MESSAGE][PASSED] - Text '01' is set on object 'Object Repository/VLink/Page_CCSale/txt_ExpMonth'

2023-02-17 20:42:55 - [MESSAGE][PASSED] - Text '2026' is set on object 'Object Repository/VLink/Page_CCSale/txt_ExpYear'

2023-02-17 20:42:55 - [MESSAGE][PASSED] - Text '' is set on object 'Object Repository/VLink/Page_CCSale/txt_CVV'

2023-02-17 20:42:56 - [MESSAGE][PASSED] - Text '' is set on object 'Object Repository/VLink/Page_CCSale/txt_CVVstate'

2023-02-17 20:42:57 - [MESSAGE][PASSED] - Text '' is set on object 'Object Repository/VLink/Page_CCSale/txt_TrackData'

2023-02-17 20:42:57 - [MESSAGE][PASSED] - Text '' is set on object 'Object Repository/VLink/Page_CCSale/txt_Track1Data'

2023-02-17 20:42:58 - [MESSAGE][PASSED] - Text '' is set on object 'Object Repository/VLink/Page_CCSale/txt_Track2Data'

2023-02-17 20:42:59 - [MESSAGE][PASSED] - Text 'manual' is set on object 'Object Repository/VLink/Page_CCSale/txt_POSEntryMode'

2023-02-17 20:42:59 - [MESSAGE][PASSED] - Text '' is set on object 'Object Repository/VLink/Page_CCSale/txt_Email'

2023-02-17 20:43:00 - [MESSAGE][PASSED] - Text '' is set on object 'Object Repository/VLink/Page_CCSale/txt_OrderNumber'

2023-02-17 20:43:01 - [MESSAGE][PASSED] - Text '' is set on object 'Object Repository/VLink/Page_CCSale/txt_TaxAmount'

2023-02-17 20:43:01 - [MESSAGE][PASSED] - Text '' is set on object 'Object Repository/VLink/Page_CCSale/txt_ChargeDescription'

2023-02-17 20:43:02 - [MESSAGE][PASSED] - Text '' is set on object 'Object Repository/VLink/Page_CCSale/txt_CAN'

2023-02-17 20:43:03 - [MESSAGE][PASSED] - Text '' is set on object 'Object Repository/VLink/Page_CCSale/txt_BillPaymentIndicator'

2023-02-17 20:43:03 - [MESSAGE][PASSED] - Text '' is set on object 'Object Repository/VLink/Page_CCSale/txt_UDF1'

2023-02-17 20:43:04 - [MESSAGE][PASSED] - Text '' is set on object 'Object Repository/VLink/Page_CCSale/txt_UDF2'

2023-02-17 20:43:05 - [MESSAGE][PASSED] - Text '' is set on object 'Object Repository/VLink/Page_CCSale/txt_UDF3'

2023-02-17 20:43:05 - [MESSAGE][PASSED] - Text '' is set on object 'Object Repository/VLink/Page_CCSale/txt_UDF4'

2023-02-17 20:43:06 - [MESSAGE][PASSED] - Text '' is set on object 'Object Repository/VLink/Page_CCSale/txt_UDF5'

2023-02-17 20:43:07 - [MESSAGE][PASSED] - Text '' is set on object 'Object Repository/VLink/Page_CCSale/txt_UDF6'

2023-02-17 20:43:07 - [MESSAGE][PASSED] - Text '' is set on object 'Object Repository/VLink/Page_CCSale/txt_UDF7'

2023-02-17 20:43:08 - [MESSAGE][PASSED] - Text '' is set on object 'Object Repository/VLink/Page_CCSale/txt_UDF8'

2023-02-17 20:43:09 - [MESSAGE][PASSED] - Text '' is set on object 'Object Repository/VLink/Page_CCSale/txt_UDF9'

2023-02-17 20:43:09 - [MESSAGE][PASSED] - Text '' is set on object 'Object Repository/VLink/Page_CCSale/txt_UDF10'

2023-02-17 20:43:12 - [MESSAGE][PASSED] - Object: 'Object Repository/VLink/Page_CCSale/btn_ProcessVLinkTransaction' is clicked on

2023-02-17 20:43:17 - [MESSAGE][PASSED] - vlinkPages.saleCCPage.setDataSCC is PASSED

2023-02-17 20:43:17 - [TEST_STEP][PASSED] - if (verifyTextPresent("Transaction approved, no errors", true)): null

2023-02-17 20:43:17 - [MESSAGE][PASSED] - Text 'Transaction approved, no errors' is present on page  using regular expression

2023-02-17 20:43:17 - [TEST_STEP][PASSED] - println("Transaction Approved, no errors text is present on the Confirmation page"): null

2023-02-17 20:43:17 - [TEST_STEP][PASSED] - out.println("Pass Record Number: " + row): null

2023-02-17 20:43:17 - [TEST_STEP][PASSED] - resText = "Pass": null

2023-02-17 20:43:17 - [TEST_STEP][PASSED] - pages.WriteExcel.demoKey(resText, datText, resColumn, datCloumn, fileLoc, nameSheet, row): pages.WriteExcel.demoKey is PASSED

2023-02-17 20:43:17 - [MESSAGE][PASSED] - pages.WriteExcel.demoKey is PASSED

2023-02-17 20:43:17 - [TEST_STEP][PASSED] - sdfo = getText(findTestObject("Object Repository/Page_VLinkReceipt/pre_STX")): Text of object 'Object Repository/Page_VLinkReceipt/pre_STX' is: '<STX>Gqb4lB9ebWwQ                  12127248            0  Transaction approved, no errors                   0                                                                                  XXOK9963   <ETX>'

2023-02-17 20:43:18 - [MESSAGE][PASSED] - Text of object 'Object Repository/Page_VLinkReceipt/pre_STX' is: '<STX>Gqb4lB9ebWwQ                  12127248            0  Transaction approved, no errors                   0                                                                                  XXOK9963   <ETX>'

2023-02-17 20:43:18 - [TEST_STEP][PASSED] - out.println("sdfo: " + sdfo): null

2023-02-17 20:43:18 - [TEST_STEP][PASSED] - remID = substring(5, 35).trim(): null

2023-02-17 20:43:18 - [TEST_STEP][PASSED] - out.println("Remittance ID: " + remID): null

2023-02-17 20:43:18 - [TEST_STEP][PASSED] - traxID = substring(35, 55).trim(): null

2023-02-17 20:43:18 - [TEST_STEP][PASSED] - out.println("Transaction ID: " + traxID): null

2023-02-17 20:43:18 - [TEST_STEP][PASSED] - out.println("End Record Number: " + row): null

2023-02-17 20:43:18 - [TEST_STEP][PASSED] - closeBrowser(): Browser is closed

2023-02-17 20:43:18 - [MESSAGE][PASSED] - Browser is closed

2023-02-17 20:43:18 - [TEST_STEP][PASSED] - ExecuteTC = findTestData(dataFile).getValue("Execute", row): null

2023-02-17 20:43:18 - [TEST_STEP][PASSED] - out.println("Value of Execute is : " + ExecuteTC): null

2023-02-17 20:43:18 - [TEST_STEP][PASSED] - if (ExecuteTC.equalsIgnoreCase("Y")): Browser is closed

2023-02-17 20:43:18 - [TEST_STEP][PASSED] - out.println("Begin Record Number: " + row): null

2023-02-17 20:43:18 - [TEST_STEP][PASSED] - today = new java.util.Date(): null

2023-02-17 20:43:18 - [TEST_STEP][PASSED] - println(today): null

2023-02-17 20:43:18 - [TEST_STEP][PASSED] - datText = today: null

2023-02-17 20:43:18 - [TEST_STEP][PASSED] - openBrowser(VLinkURL + "authcap.html"): Browser is opened with url: 'https://dev-algorithm.govolution.com/vlinktest/QA/version_2_0/authcap.html'

2023-02-17 20:43:18 - [MESSAGE][INFO] - Starting 'Chrome' driver

2023-02-17 20:43:19 - [MESSAGE][INFO] - User set preference: ['acceptInsecureCerts', 'true']

2023-02-17 20:43:19 - [MESSAGE][INFO] - Action delay is set to 0 milliseconds

2023-02-17 20:43:20 - [MESSAGE][PASSED] - Browser is opened with url: 'https://dev-algorithm.govolution.com/vlinktest/QA/version_2_0/authcap.html'

2023-02-17 20:43:20 - [TEST_STEP][PASSED] - maximizeWindow(): Current window maximized

2023-02-17 20:43:20 - [MESSAGE][PASSED] - Current window maximized

2023-02-17 20:43:20 - [TEST_STEP][PASSED] - vlinkPages.saleCCPage.setDataSCC(row, dataFile): vlinkPages.saleCCPage.setDataSCC is PASSED

2023-02-17 20:43:23 - [MESSAGE][PASSED] - Object 'Object Repository/VLink/Page_CCSale/txt_CardNumber' is present

2023-02-17 20:43:24 - [MESSAGE][PASSED] - Text '104' is set on object 'Object Repository/VLink/Page_CCSale/txt_TransactionType'

2023-02-17 20:43:25 - [MESSAGE][PASSED] - Text '2.0C' is set on object 'Object Repository/VLink/Page_CCSale/txt_MessageVersion'

2023-02-17 20:43:25 - [MESSAGE][PASSED] - Text '6mF7BzIPBQCk' is set on object 'Object Repository/VLink/Page_CCSale/txt_RemID'

2023-02-17 20:43:26 - [MESSAGE][PASSED] - Text '677' is set on object 'Object Repository/VLink/Page_CCSale/txt_ApplicationId'

2023-02-17 20:43:26 - [MESSAGE][PASSED] - Text 'username' is set on object 'Object Repository/VLink/Page_CCSale/txt_Username'

2023-02-17 20:43:27 - [MESSAGE][PASSED] - Text 'password' is set on object 'Object Repository/VLink/Page_CCSale/txt_Password'

2023-02-17 20:43:28 - [MESSAGE][PASSED] - Text 'fixed_width' is set on object 'Object Repository/VLink/Page_CCSale/txt_ResponseFormat'

2023-02-17 20:43:28 - [MESSAGE][PASSED] - Text 'ECOM' is set on object 'Object Repository/VLink/Page_CCSale/txt_Category'

2023-02-17 20:43:29 - [MESSAGE][PASSED] - Text '' is set on object 'Object Repository/VLink/Page_CCSale/txt_TransactionID'

2023-02-17 20:43:30 - [MESSAGE][PASSED] - Text '' is set on object 'Object Repository/VLink/Page_CCSale/txt_ApprovalCode'

2023-02-17 20:43:30 - [MESSAGE][PASSED] - Text 'Roshan Maha' is set on object 'Object Repository/VLink/Page_CCSale/txt_CardName'

2023-02-17 20:43:31 - [MESSAGE][PASSED] - Text '12563 Bazaar road' is set on object 'Object Repository/VLink/Page_CCSale/txt_AL1'

2023-02-17 20:43:32 - [MESSAGE][PASSED] - Text '' is set on object 'Object Repository/VLink/Page_CCSale/txt_AL2'

2023-02-17 20:43:32 - [MESSAGE][PASSED] - Text 'Crofton' is set on object 'Object Repository/VLink/Page_CCSale/txt_CardCity'

2023-02-17 20:43:33 - [MESSAGE][PASSED] - Text 'MD' is set on object 'Object Repository/VLink/Page_CCSale/txt_CardState'

2023-02-17 20:43:34 - [MESSAGE][PASSED] - Text '21114' is set on object 'Object Repository/VLink/Page_CCSale/txt_CardZIP'

2023-02-17 20:43:34 - [MESSAGE][PASSED] - Text '' is set on object 'Object Repository/VLink/Page_CCSale/txt_CountryID'

2023-02-17 20:43:35 - [MESSAGE][PASSED] - Text '3.50' is set on object 'Object Repository/VLink/Page_CCSale/txt_Amount'

2023-02-17 20:43:36 - [MESSAGE][PASSED] - Text '6011000000000004' is set on object 'Object Repository/VLink/Page_CCSale/txt_CardNumber'

2023-02-17 20:43:36 - [MESSAGE][PASSED] - Text '01' is set on object 'Object Repository/VLink/Page_CCSale/txt_ExpMonth'

2023-02-17 20:43:37 - [MESSAGE][PASSED] - Text '2026' is set on object 'Object Repository/VLink/Page_CCSale/txt_ExpYear'

2023-02-17 20:43:38 - [MESSAGE][PASSED] - Text '' is set on object 'Object Repository/VLink/Page_CCSale/txt_CVV'

2023-02-17 20:43:38 - [MESSAGE][PASSED] - Text '' is set on object 'Object Repository/VLink/Page_CCSale/txt_CVVstate'

2023-02-17 20:43:39 - [MESSAGE][PASSED] - Text '' is set on object 'Object Repository/VLink/Page_CCSale/txt_TrackData'

2023-02-17 20:43:40 - [MESSAGE][PASSED] - Text '' is set on object 'Object Repository/VLink/Page_CCSale/txt_Track1Data'

2023-02-17 20:43:40 - [MESSAGE][PASSED] - Text '' is set on object 'Object Repository/VLink/Page_CCSale/txt_Track2Data'

2023-02-17 20:43:41 - [MESSAGE][PASSED] - Text 'manual' is set on object 'Object Repository/VLink/Page_CCSale/txt_POSEntryMode'

2023-02-17 20:43:42 - [MESSAGE][PASSED] - Text '' is set on object 'Object Repository/VLink/Page_CCSale/txt_Email'

2023-02-17 20:43:42 - [MESSAGE][PASSED] - Text '' is set on object 'Object Repository/VLink/Page_CCSale/txt_OrderNumber'

2023-02-17 20:43:43 - [MESSAGE][PASSED] - Text '' is set on object 'Object Repository/VLink/Page_CCSale/txt_TaxAmount'

2023-02-17 20:43:44 - [MESSAGE][PASSED] - Text '' is set on object 'Object Repository/VLink/Page_CCSale/txt_ChargeDescription'

2023-02-17 20:43:44 - [MESSAGE][PASSED] - Text '' is set on object 'Object Repository/VLink/Page_CCSale/txt_CAN'

2023-02-17 20:43:45 - [MESSAGE][PASSED] - Text '' is set on object 'Object Repository/VLink/Page_CCSale/txt_BillPaymentIndicator'

2023-02-17 20:43:46 - [MESSAGE][PASSED] - Text '' is set on object 'Object Repository/VLink/Page_CCSale/txt_UDF1'

2023-02-17 20:43:46 - [MESSAGE][PASSED] - Text '' is set on object 'Object Repository/VLink/Page_CCSale/txt_UDF2'

2023-02-17 20:43:47 - [MESSAGE][PASSED] - Text '' is set on object 'Object Repository/VLink/Page_CCSale/txt_UDF3'

2023-02-17 20:43:48 - [MESSAGE][PASSED] - Text '' is set on object 'Object Repository/VLink/Page_CCSale/txt_UDF4'

2023-02-17 20:43:48 - [MESSAGE][PASSED] - Text '' is set on object 'Object Repository/VLink/Page_CCSale/txt_UDF5'

2023-02-17 20:43:49 - [MESSAGE][PASSED] - Text '' is set on object 'Object Repository/VLink/Page_CCSale/txt_UDF6'

2023-02-17 20:43:50 - [MESSAGE][PASSED] - Text '' is set on object 'Object Repository/VLink/Page_CCSale/txt_UDF7'

2023-02-17 20:43:50 - [MESSAGE][PASSED] - Text '' is set on object 'Object Repository/VLink/Page_CCSale/txt_UDF8'

2023-02-17 20:43:51 - [MESSAGE][PASSED] - Text '' is set on object 'Object Repository/VLink/Page_CCSale/txt_UDF9'

2023-02-17 20:43:52 - [MESSAGE][PASSED] - Text '' is set on object 'Object Repository/VLink/Page_CCSale/txt_UDF10'

2023-02-17 20:43:55 - [MESSAGE][PASSED] - Object: 'Object Repository/VLink/Page_CCSale/btn_ProcessVLinkTransaction' is clicked on

2023-02-17 20:44:00 - [MESSAGE][PASSED] - vlinkPages.saleCCPage.setDataSCC is PASSED

2023-02-17 20:44:00 - [TEST_STEP][PASSED] - if (verifyTextPresent("Transaction approved, no errors", true)): null

2023-02-17 20:44:00 - [MESSAGE][PASSED] - Text 'Transaction approved, no errors' is present on page  using regular expression

2023-02-17 20:44:00 - [TEST_STEP][PASSED] - println("Transaction Approved, no errors text is present on the Confirmation page"): null

2023-02-17 20:44:00 - [TEST_STEP][PASSED] - out.println("Pass Record Number: " + row): null

2023-02-17 20:44:00 - [TEST_STEP][PASSED] - resText = "Pass": null

2023-02-17 20:44:00 - [TEST_STEP][PASSED] - pages.WriteExcel.demoKey(resText, datText, resColumn, datCloumn, fileLoc, nameSheet, row): pages.WriteExcel.demoKey is PASSED

2023-02-17 20:44:00 - [MESSAGE][PASSED] - pages.WriteExcel.demoKey is PASSED

2023-02-17 20:44:00 - [TEST_STEP][PASSED] - sdfo = getText(findTestObject("Object Repository/Page_VLinkReceipt/pre_STX")): Text of object 'Object Repository/Page_VLinkReceipt/pre_STX' is: '<STX>6mF7BzIPBQCk                  12127249            0  Transaction approved, no errors                   0                                                                                  XXOK0093   <ETX>'

2023-02-17 20:44:01 - [MESSAGE][PASSED] - Text of object 'Object Repository/Page_VLinkReceipt/pre_STX' is: '<STX>6mF7BzIPBQCk                  12127249            0  Transaction approved, no errors                   0                                                                                  XXOK0093   <ETX>'

2023-02-17 20:44:01 - [TEST_STEP][PASSED] - out.println("sdfo: " + sdfo): null

2023-02-17 20:44:01 - [TEST_STEP][PASSED] - remID = substring(5, 35).trim(): null

2023-02-17 20:44:01 - [TEST_STEP][PASSED] - out.println("Remittance ID: " + remID): null

2023-02-17 20:44:01 - [TEST_STEP][PASSED] - traxID = substring(35, 55).trim(): null

2023-02-17 20:44:01 - [TEST_STEP][PASSED] - out.println("Transaction ID: " + traxID): null

2023-02-17 20:44:01 - [TEST_STEP][PASSED] - out.println("End Record Number: " + row): null

2023-02-17 20:44:01 - [TEST_STEP][PASSED] - closeBrowser(): Browser is closed

2023-02-17 20:44:02 - [MESSAGE][PASSED] - Browser is closed

2023-02-17 20:44:02 - [TEST_STEP][PASSED] - ExecuteTC = findTestData(dataFile).getValue("Execute", row): null

2023-02-17 20:44:02 - [TEST_STEP][PASSED] - out.println("Value of Execute is : " + ExecuteTC): null

2023-02-17 20:44:02 - [TEST_STEP][PASSED] - if (ExecuteTC.equalsIgnoreCase("Y")): Browser is closed

2023-02-17 20:44:02 - [TEST_STEP][PASSED] - out.println("Begin Record Number: " + row): null

2023-02-17 20:44:02 - [TEST_STEP][PASSED] - today = new java.util.Date(): null

2023-02-17 20:44:02 - [TEST_STEP][PASSED] - println(today): null

2023-02-17 20:44:02 - [TEST_STEP][PASSED] - datText = today: null

2023-02-17 20:44:02 - [TEST_STEP][PASSED] - openBrowser(VLinkURL + "authcap.html"): Browser is opened with url: 'https://dev-algorithm.govolution.com/vlinktest/QA/version_2_0/authcap.html'

2023-02-17 20:44:02 - [MESSAGE][INFO] - Starting 'Chrome' driver

2023-02-17 20:44:02 - [MESSAGE][INFO] - User set preference: ['acceptInsecureCerts', 'true']

2023-02-17 20:44:02 - [MESSAGE][INFO] - Action delay is set to 0 milliseconds

2023-02-17 20:44:03 - [MESSAGE][PASSED] - Browser is opened with url: 'https://dev-algorithm.govolution.com/vlinktest/QA/version_2_0/authcap.html'

2023-02-17 20:44:03 - [TEST_STEP][PASSED] - maximizeWindow(): Current window maximized

2023-02-17 20:44:04 - [MESSAGE][PASSED] - Current window maximized

2023-02-17 20:44:04 - [TEST_STEP][PASSED] - vlinkPages.saleCCPage.setDataSCC(row, dataFile): vlinkPages.saleCCPage.setDataSCC is PASSED

2023-02-17 20:44:06 - [MESSAGE][PASSED] - Object 'Object Repository/VLink/Page_CCSale/txt_CardNumber' is present

2023-02-17 20:44:07 - [MESSAGE][PASSED] - Text '104' is set on object 'Object Repository/VLink/Page_CCSale/txt_TransactionType'

2023-02-17 20:44:08 - [MESSAGE][PASSED] - Text '2.0C' is set on object 'Object Repository/VLink/Page_CCSale/txt_MessageVersion'

2023-02-17 20:44:08 - [MESSAGE][PASSED] - Text 'YPI3zk5hVePJ' is set on object 'Object Repository/VLink/Page_CCSale/txt_RemID'

2023-02-17 20:44:09 - [MESSAGE][PASSED] - Text '665' is set on object 'Object Repository/VLink/Page_CCSale/txt_ApplicationId'

2023-02-17 20:44:10 - [MESSAGE][PASSED] - Text 'username' is set on object 'Object Repository/VLink/Page_CCSale/txt_Username'

2023-02-17 20:44:10 - [MESSAGE][PASSED] - Text 'password' is set on object 'Object Repository/VLink/Page_CCSale/txt_Password'

2023-02-17 20:44:11 - [MESSAGE][PASSED] - Text 'fixed_width' is set on object 'Object Repository/VLink/Page_CCSale/txt_ResponseFormat'

2023-02-17 20:44:11 - [MESSAGE][PASSED] - Text 'MOTO' is set on object 'Object Repository/VLink/Page_CCSale/txt_Category'

2023-02-17 20:44:12 - [MESSAGE][PASSED] - Text '' is set on object 'Object Repository/VLink/Page_CCSale/txt_TransactionID'

2023-02-17 20:44:13 - [MESSAGE][PASSED] - Text '' is set on object 'Object Repository/VLink/Page_CCSale/txt_ApprovalCode'

2023-02-17 20:44:13 - [MESSAGE][PASSED] - Text 'Kris Roshan' is set on object 'Object Repository/VLink/Page_CCSale/txt_CardName'

2023-02-17 20:44:14 - [MESSAGE][PASSED] - Text '258 Elm Road' is set on object 'Object Repository/VLink/Page_CCSale/txt_AL1'

2023-02-17 20:44:15 - [MESSAGE][PASSED] - Text 'Suite 56' is set on object 'Object Repository/VLink/Page_CCSale/txt_AL2'

2023-02-17 20:44:15 - [MESSAGE][PASSED] - Text 'Arlington' is set on object 'Object Repository/VLink/Page_CCSale/txt_CardCity'

2023-02-17 20:44:16 - [MESSAGE][PASSED] - Text 'VA' is set on object 'Object Repository/VLink/Page_CCSale/txt_CardState'

2023-02-17 20:44:17 - [MESSAGE][PASSED] - Text '22201' is set on object 'Object Repository/VLink/Page_CCSale/txt_CardZIP'

2023-02-17 20:44:17 - [MESSAGE][PASSED] - Text '840' is set on object 'Object Repository/VLink/Page_CCSale/txt_CountryID'

2023-02-17 20:44:18 - [MESSAGE][PASSED] - Text '1.50' is set on object 'Object Repository/VLink/Page_CCSale/txt_Amount'

2023-02-17 20:44:19 - [MESSAGE][PASSED] - Text '4111111111111111' is set on object 'Object Repository/VLink/Page_CCSale/txt_CardNumber'

2023-02-17 20:44:19 - [MESSAGE][PASSED] - Text '12' is set on object 'Object Repository/VLink/Page_CCSale/txt_ExpMonth'

2023-02-17 20:44:20 - [MESSAGE][PASSED] - Text '2025' is set on object 'Object Repository/VLink/Page_CCSale/txt_ExpYear'

2023-02-17 20:44:21 - [MESSAGE][PASSED] - Text '' is set on object 'Object Repository/VLink/Page_CCSale/txt_CVV'

2023-02-17 20:44:21 - [MESSAGE][PASSED] - Text '' is set on object 'Object Repository/VLink/Page_CCSale/txt_CVVstate'

2023-02-17 20:44:22 - [MESSAGE][PASSED] - Text '' is set on object 'Object Repository/VLink/Page_CCSale/txt_TrackData'

2023-02-17 20:44:23 - [MESSAGE][PASSED] - Text '' is set on object 'Object Repository/VLink/Page_CCSale/txt_Track1Data'

2023-02-17 20:44:23 - [MESSAGE][PASSED] - Text '' is set on object 'Object Repository/VLink/Page_CCSale/txt_Track2Data'

2023-02-17 20:44:24 - [MESSAGE][PASSED] - Text 'manual' is set on object 'Object Repository/VLink/Page_CCSale/txt_POSEntryMode'

2023-02-17 20:44:25 - [MESSAGE][PASSED] - Text 'iahmed@govolution.com' is set on object 'Object Repository/VLink/Page_CCSale/txt_Email'

2023-02-17 20:44:25 - [MESSAGE][PASSED] - Text '2569362' is set on object 'Object Repository/VLink/Page_CCSale/txt_OrderNumber'

2023-02-17 20:44:26 - [MESSAGE][PASSED] - Text '1.15' is set on object 'Object Repository/VLink/Page_CCSale/txt_TaxAmount'

2023-02-17 20:44:27 - [MESSAGE][PASSED] - Text 'Charge Description' is set on object 'Object Repository/VLink/Page_CCSale/txt_ChargeDescription'

2023-02-17 20:44:28 - [MESSAGE][PASSED] - Text '147357' is set on object 'Object Repository/VLink/Page_CCSale/txt_CAN'

2023-02-17 20:44:28 - [MESSAGE][PASSED] - Text '1' is set on object 'Object Repository/VLink/Page_CCSale/txt_BillPaymentIndicator'

2023-02-17 20:44:29 - [MESSAGE][PASSED] - Text 'UDF Data 1' is set on object 'Object Repository/VLink/Page_CCSale/txt_UDF1'

2023-02-17 20:44:30 - [MESSAGE][PASSED] - Text 'UDF Data 2' is set on object 'Object Repository/VLink/Page_CCSale/txt_UDF2'

2023-02-17 20:44:30 - [MESSAGE][PASSED] - Text 'UDF Data 3' is set on object 'Object Repository/VLink/Page_CCSale/txt_UDF3'

2023-02-17 20:44:31 - [MESSAGE][PASSED] - Text 'UDF Data 4' is set on object 'Object Repository/VLink/Page_CCSale/txt_UDF4'

2023-02-17 20:44:32 - [MESSAGE][PASSED] - Text 'UDF Data 5' is set on object 'Object Repository/VLink/Page_CCSale/txt_UDF5'

2023-02-17 20:44:32 - [MESSAGE][PASSED] - Text 'UDF Data 6' is set on object 'Object Repository/VLink/Page_CCSale/txt_UDF6'

2023-02-17 20:44:33 - [MESSAGE][PASSED] - Text 'UDF Data 7' is set on object 'Object Repository/VLink/Page_CCSale/txt_UDF7'

2023-02-17 20:44:34 - [MESSAGE][PASSED] - Text 'UDF Data 8' is set on object 'Object Repository/VLink/Page_CCSale/txt_UDF8'

2023-02-17 20:44:34 - [MESSAGE][PASSED] - Text 'UDF Data 9' is set on object 'Object Repository/VLink/Page_CCSale/txt_UDF9'

2023-02-17 20:44:35 - [MESSAGE][PASSED] - Text 'UDF Data 10' is set on object 'Object Repository/VLink/Page_CCSale/txt_UDF10'

2023-02-17 20:44:38 - [MESSAGE][PASSED] - Object: 'Object Repository/VLink/Page_CCSale/btn_ProcessVLinkTransaction' is clicked on

2023-02-17 20:44:43 - [MESSAGE][PASSED] - vlinkPages.saleCCPage.setDataSCC is PASSED

2023-02-17 20:44:43 - [TEST_STEP][PASSED] - if (verifyTextPresent("Transaction approved, no errors", true)): null

2023-02-17 20:44:43 - [MESSAGE][PASSED] - Text 'Transaction approved, no errors' is present on page  using regular expression

2023-02-17 20:44:43 - [TEST_STEP][PASSED] - println("Transaction Approved, no errors text is present on the Confirmation page"): null

2023-02-17 20:44:43 - [TEST_STEP][PASSED] - out.println("Pass Record Number: " + row): null

2023-02-17 20:44:43 - [TEST_STEP][PASSED] - resText = "Pass": null

2023-02-17 20:44:43 - [TEST_STEP][PASSED] - pages.WriteExcel.demoKey(resText, datText, resColumn, datCloumn, fileLoc, nameSheet, row): pages.WriteExcel.demoKey is PASSED

2023-02-17 20:44:43 - [MESSAGE][PASSED] - pages.WriteExcel.demoKey is PASSED

2023-02-17 20:44:43 - [TEST_STEP][PASSED] - sdfo = getText(findTestObject("Object Repository/Page_VLinkReceipt/pre_STX")): Text of object 'Object Repository/Page_VLinkReceipt/pre_STX' is: '<STX>YPI3zk5hVePJ                  12127251            0  Transaction approved, no errors                   0                                                                                  XXOK0143   <ETX>'

2023-02-17 20:44:43 - [MESSAGE][PASSED] - Text of object 'Object Repository/Page_VLinkReceipt/pre_STX' is: '<STX>YPI3zk5hVePJ                  12127251            0  Transaction approved, no errors                   0                                                                                  XXOK0143   <ETX>'

2023-02-17 20:44:43 - [TEST_STEP][PASSED] - out.println("sdfo: " + sdfo): null

2023-02-17 20:44:43 - [TEST_STEP][PASSED] - remID = substring(5, 35).trim(): null

2023-02-17 20:44:43 - [TEST_STEP][PASSED] - out.println("Remittance ID: " + remID): null

2023-02-17 20:44:43 - [TEST_STEP][PASSED] - traxID = substring(35, 55).trim(): null

2023-02-17 20:44:43 - [TEST_STEP][PASSED] - out.println("Transaction ID: " + traxID): null

2023-02-17 20:44:43 - [TEST_STEP][PASSED] - out.println("End Record Number: " + row): null

2023-02-17 20:44:43 - [TEST_STEP][PASSED] - closeBrowser(): Browser is closed

2023-02-17 20:44:44 - [MESSAGE][PASSED] - Browser is closed

2023-02-17 20:44:44 - [TEST_STEP][PASSED] - ExecuteTC = findTestData(dataFile).getValue("Execute", row): null

2023-02-17 20:44:44 - [TEST_STEP][PASSED] - out.println("Value of Execute is : " + ExecuteTC): null

2023-02-17 20:44:44 - [TEST_STEP][PASSED] - if (ExecuteTC.equalsIgnoreCase("Y")): Browser is closed

2023-02-17 20:44:44 - [TEST_STEP][PASSED] - out.println("Begin Record Number: " + row): null

2023-02-17 20:44:44 - [TEST_STEP][PASSED] - today = new java.util.Date(): null

2023-02-17 20:44:44 - [TEST_STEP][PASSED] - println(today): null

2023-02-17 20:44:44 - [TEST_STEP][PASSED] - datText = today: null

2023-02-17 20:44:44 - [TEST_STEP][PASSED] - openBrowser(VLinkURL + "authcap.html"): Browser is opened with url: 'https://dev-algorithm.govolution.com/vlinktest/QA/version_2_0/authcap.html'

2023-02-17 20:44:44 - [MESSAGE][INFO] - Starting 'Chrome' driver

2023-02-17 20:44:44 - [MESSAGE][INFO] - User set preference: ['acceptInsecureCerts', 'true']

2023-02-17 20:44:44 - [MESSAGE][INFO] - Action delay is set to 0 milliseconds

2023-02-17 20:44:46 - [MESSAGE][PASSED] - Browser is opened with url: 'https://dev-algorithm.govolution.com/vlinktest/QA/version_2_0/authcap.html'

2023-02-17 20:44:46 - [TEST_STEP][PASSED] - maximizeWindow(): Current window maximized

2023-02-17 20:44:46 - [MESSAGE][PASSED] - Current window maximized

2023-02-17 20:44:46 - [TEST_STEP][PASSED] - vlinkPages.saleCCPage.setDataSCC(row, dataFile): vlinkPages.saleCCPage.setDataSCC is PASSED

2023-02-17 20:44:49 - [MESSAGE][PASSED] - Object 'Object Repository/VLink/Page_CCSale/txt_CardNumber' is present

2023-02-17 20:44:50 - [MESSAGE][PASSED] - Text '104' is set on object 'Object Repository/VLink/Page_CCSale/txt_TransactionType'

2023-02-17 20:44:50 - [MESSAGE][PASSED] - Text '2.0C' is set on object 'Object Repository/VLink/Page_CCSale/txt_MessageVersion'

2023-02-17 20:44:51 - [MESSAGE][PASSED] - Text 'Dz7TX3wl7AKj' is set on object 'Object Repository/VLink/Page_CCSale/txt_RemID'

2023-02-17 20:44:52 - [MESSAGE][PASSED] - Text '672' is set on object 'Object Repository/VLink/Page_CCSale/txt_ApplicationId'

2023-02-17 20:44:52 - [MESSAGE][PASSED] - Text 'username' is set on object 'Object Repository/VLink/Page_CCSale/txt_Username'

2023-02-17 20:44:53 - [MESSAGE][PASSED] - Text 'password' is set on object 'Object Repository/VLink/Page_CCSale/txt_Password'

2023-02-17 20:44:53 - [MESSAGE][PASSED] - Text 'fixed_width' is set on object 'Object Repository/VLink/Page_CCSale/txt_ResponseFormat'

2023-02-17 20:44:54 - [MESSAGE][PASSED] - Text 'MOTO' is set on object 'Object Repository/VLink/Page_CCSale/txt_Category'

2023-02-17 20:44:55 - [MESSAGE][PASSED] - Text '' is set on object 'Object Repository/VLink/Page_CCSale/txt_TransactionID'

2023-02-17 20:44:55 - [MESSAGE][PASSED] - Text '' is set on object 'Object Repository/VLink/Page_CCSale/txt_ApprovalCode'

2023-02-17 20:44:56 - [MESSAGE][PASSED] - Text 'Arvind Silva' is set on object 'Object Repository/VLink/Page_CCSale/txt_CardName'

2023-02-17 20:44:57 - [MESSAGE][PASSED] - Text '111 Main Ave' is set on object 'Object Repository/VLink/Page_CCSale/txt_AL1'

2023-02-17 20:44:57 - [MESSAGE][PASSED] - Text '' is set on object 'Object Repository/VLink/Page_CCSale/txt_AL2'

2023-02-17 20:44:58 - [MESSAGE][PASSED] - Text 'Arlington' is set on object 'Object Repository/VLink/Page_CCSale/txt_CardCity'

2023-02-17 20:44:59 - [MESSAGE][PASSED] - Text 'VA' is set on object 'Object Repository/VLink/Page_CCSale/txt_CardState'

2023-02-17 20:44:59 - [MESSAGE][PASSED] - Text '22201' is set on object 'Object Repository/VLink/Page_CCSale/txt_CardZIP'

2023-02-17 20:45:00 - [MESSAGE][PASSED] - Text '' is set on object 'Object Repository/VLink/Page_CCSale/txt_CountryID'

2023-02-17 20:45:01 - [MESSAGE][PASSED] - Text '2.50' is set on object 'Object Repository/VLink/Page_CCSale/txt_Amount'

2023-02-17 20:45:01 - [MESSAGE][PASSED] - Text '4111111111111111' is set on object 'Object Repository/VLink/Page_CCSale/txt_CardNumber'

2023-02-17 20:45:02 - [MESSAGE][PASSED] - Text '01' is set on object 'Object Repository/VLink/Page_CCSale/txt_ExpMonth'

2023-02-17 20:45:03 - [MESSAGE][PASSED] - Text '2026' is set on object 'Object Repository/VLink/Page_CCSale/txt_ExpYear'

2023-02-17 20:45:03 - [MESSAGE][PASSED] - Text '' is set on object 'Object Repository/VLink/Page_CCSale/txt_CVV'

2023-02-17 20:45:04 - [MESSAGE][PASSED] - Text '' is set on object 'Object Repository/VLink/Page_CCSale/txt_CVVstate'

2023-02-17 20:45:05 - [MESSAGE][PASSED] - Text '' is set on object 'Object Repository/VLink/Page_CCSale/txt_TrackData'

2023-02-17 20:45:05 - [MESSAGE][PASSED] - Text '' is set on object 'Object Repository/VLink/Page_CCSale/txt_Track1Data'

2023-02-17 20:45:06 - [MESSAGE][PASSED] - Text '' is set on object 'Object Repository/VLink/Page_CCSale/txt_Track2Data'

2023-02-17 20:45:07 - [MESSAGE][PASSED] - Text 'manual' is set on object 'Object Repository/VLink/Page_CCSale/txt_POSEntryMode'

2023-02-17 20:45:07 - [MESSAGE][PASSED] - Text '' is set on object 'Object Repository/VLink/Page_CCSale/txt_Email'

2023-02-17 20:45:08 - [MESSAGE][PASSED] - Text '' is set on object 'Object Repository/VLink/Page_CCSale/txt_OrderNumber'

2023-02-17 20:45:09 - [MESSAGE][PASSED] - Text '' is set on object 'Object Repository/VLink/Page_CCSale/txt_TaxAmount'

2023-02-17 20:45:09 - [MESSAGE][PASSED] - Text '' is set on object 'Object Repository/VLink/Page_CCSale/txt_ChargeDescription'

2023-02-17 20:45:10 - [MESSAGE][PASSED] - Text '' is set on object 'Object Repository/VLink/Page_CCSale/txt_CAN'

2023-02-17 20:45:11 - [MESSAGE][PASSED] - Text '' is set on object 'Object Repository/VLink/Page_CCSale/txt_BillPaymentIndicator'

2023-02-17 20:45:11 - [MESSAGE][PASSED] - Text '' is set on object 'Object Repository/VLink/Page_CCSale/txt_UDF1'

2023-02-17 20:45:12 - [MESSAGE][PASSED] - Text '' is set on object 'Object Repository/VLink/Page_CCSale/txt_UDF2'

2023-02-17 20:45:13 - [MESSAGE][PASSED] - Text '' is set on object 'Object Repository/VLink/Page_CCSale/txt_UDF3'

2023-02-17 20:45:13 - [MESSAGE][PASSED] - Text '' is set on object 'Object Repository/VLink/Page_CCSale/txt_UDF4'

2023-02-17 20:45:14 - [MESSAGE][PASSED] - Text '' is set on object 'Object Repository/VLink/Page_CCSale/txt_UDF5'

2023-02-17 20:45:15 - [MESSAGE][PASSED] - Text '' is set on object 'Object Repository/VLink/Page_CCSale/txt_UDF6'

2023-02-17 20:45:15 - [MESSAGE][PASSED] - Text '' is set on object 'Object Repository/VLink/Page_CCSale/txt_UDF7'

2023-02-17 20:45:16 - [MESSAGE][PASSED] - Text '' is set on object 'Object Repository/VLink/Page_CCSale/txt_UDF8'

2023-02-17 20:45:17 - [MESSAGE][PASSED] - Text '' is set on object 'Object Repository/VLink/Page_CCSale/txt_UDF9'

2023-02-17 20:45:17 - [MESSAGE][PASSED] - Text '' is set on object 'Object Repository/VLink/Page_CCSale/txt_UDF10'

2023-02-17 20:45:20 - [MESSAGE][PASSED] - Object: 'Object Repository/VLink/Page_CCSale/btn_ProcessVLinkTransaction' is clicked on

2023-02-17 20:45:25 - [MESSAGE][PASSED] - vlinkPages.saleCCPage.setDataSCC is PASSED

2023-02-17 20:45:25 - [TEST_STEP][PASSED] - if (verifyTextPresent("Transaction approved, no errors", true)): null

2023-02-17 20:45:25 - [MESSAGE][PASSED] - Text 'Transaction approved, no errors' is present on page  using regular expression

2023-02-17 20:45:25 - [TEST_STEP][PASSED] - println("Transaction Approved, no errors text is present on the Confirmation page"): null

2023-02-17 20:45:25 - [TEST_STEP][PASSED] - out.println("Pass Record Number: " + row): null

2023-02-17 20:45:25 - [TEST_STEP][PASSED] - resText = "Pass": null

2023-02-17 20:45:25 - [TEST_STEP][PASSED] - pages.WriteExcel.demoKey(resText, datText, resColumn, datCloumn, fileLoc, nameSheet, row): pages.WriteExcel.demoKey is PASSED

2023-02-17 20:45:25 - [MESSAGE][PASSED] - pages.WriteExcel.demoKey is PASSED

2023-02-17 20:45:25 - [TEST_STEP][PASSED] - sdfo = getText(findTestObject("Object Repository/Page_VLinkReceipt/pre_STX")): Text of object 'Object Repository/Page_VLinkReceipt/pre_STX' is: '<STX>Dz7TX3wl7AKj                  12127252            0  Transaction approved, no errors                   0                                                                                  XXOK0183   <ETX>'

2023-02-17 20:45:26 - [MESSAGE][PASSED] - Text of object 'Object Repository/Page_VLinkReceipt/pre_STX' is: '<STX>Dz7TX3wl7AKj                  12127252            0  Transaction approved, no errors                   0                                                                                  XXOK0183   <ETX>'

2023-02-17 20:45:26 - [TEST_STEP][PASSED] - out.println("sdfo: " + sdfo): null

2023-02-17 20:45:26 - [TEST_STEP][PASSED] - remID = substring(5, 35).trim(): null

2023-02-17 20:45:26 - [TEST_STEP][PASSED] - out.println("Remittance ID: " + remID): null

2023-02-17 20:45:26 - [TEST_STEP][PASSED] - traxID = substring(35, 55).trim(): null

2023-02-17 20:45:26 - [TEST_STEP][PASSED] - out.println("Transaction ID: " + traxID): null

2023-02-17 20:45:26 - [TEST_STEP][PASSED] - out.println("End Record Number: " + row): null

2023-02-17 20:45:26 - [TEST_STEP][PASSED] - closeBrowser(): Browser is closed

2023-02-17 20:45:27 - [MESSAGE][PASSED] - Browser is closed

2023-02-17 20:45:27 - [TEST_STEP][PASSED] - ExecuteTC = findTestData(dataFile).getValue("Execute", row): null

2023-02-17 20:45:27 - [TEST_STEP][PASSED] - out.println("Value of Execute is : " + ExecuteTC): null

2023-02-17 20:45:27 - [TEST_STEP][PASSED] - if (ExecuteTC.equalsIgnoreCase("Y")): Browser is closed

2023-02-17 20:45:27 - [TEST_STEP][PASSED] - out.println("Begin Record Number: " + row): null

2023-02-17 20:45:27 - [TEST_STEP][PASSED] - today = new java.util.Date(): null

2023-02-17 20:45:27 - [TEST_STEP][PASSED] - println(today): null

2023-02-17 20:45:27 - [TEST_STEP][PASSED] - datText = today: null

2023-02-17 20:45:27 - [TEST_STEP][PASSED] - openBrowser(VLinkURL + "authcap.html"): Browser is opened with url: 'https://dev-algorithm.govolution.com/vlinktest/QA/version_2_0/authcap.html'

2023-02-17 20:45:27 - [MESSAGE][INFO] - Starting 'Chrome' driver

2023-02-17 20:45:27 - [MESSAGE][INFO] - User set preference: ['acceptInsecureCerts', 'true']

2023-02-17 20:45:27 - [MESSAGE][INFO] - Action delay is set to 0 milliseconds

2023-02-17 20:45:28 - [MESSAGE][PASSED] - Browser is opened with url: 'https://dev-algorithm.govolution.com/vlinktest/QA/version_2_0/authcap.html'

2023-02-17 20:45:28 - [TEST_STEP][PASSED] - maximizeWindow(): Current window maximized

2023-02-17 20:45:29 - [MESSAGE][PASSED] - Current window maximized

2023-02-17 20:45:29 - [TEST_STEP][PASSED] - vlinkPages.saleCCPage.setDataSCC(row, dataFile): vlinkPages.saleCCPage.setDataSCC is PASSED

2023-02-17 20:45:31 - [MESSAGE][PASSED] - Object 'Object Repository/VLink/Page_CCSale/txt_CardNumber' is present

2023-02-17 20:45:32 - [MESSAGE][PASSED] - Text '104' is set on object 'Object Repository/VLink/Page_CCSale/txt_TransactionType'

2023-02-17 20:45:33 - [MESSAGE][PASSED] - Text '2.0C' is set on object 'Object Repository/VLink/Page_CCSale/txt_MessageVersion'

2023-02-17 20:45:33 - [MESSAGE][PASSED] - Text 'Htte4tSnhcLa' is set on object 'Object Repository/VLink/Page_CCSale/txt_RemID'

2023-02-17 20:45:34 - [MESSAGE][PASSED] - Text '677' is set on object 'Object Repository/VLink/Page_CCSale/txt_ApplicationId'

2023-02-17 20:45:34 - [MESSAGE][PASSED] - Text 'username' is set on object 'Object Repository/VLink/Page_CCSale/txt_Username'

2023-02-17 20:45:35 - [MESSAGE][PASSED] - Text 'password' is set on object 'Object Repository/VLink/Page_CCSale/txt_Password'

2023-02-17 20:45:36 - [MESSAGE][PASSED] - Text 'fixed_width' is set on object 'Object Repository/VLink/Page_CCSale/txt_ResponseFormat'

2023-02-17 20:45:36 - [MESSAGE][PASSED] - Text 'MOTO' is set on object 'Object Repository/VLink/Page_CCSale/txt_Category'

2023-02-17 20:45:37 - [MESSAGE][PASSED] - Text '' is set on object 'Object Repository/VLink/Page_CCSale/txt_TransactionID'

2023-02-17 20:45:38 - [MESSAGE][PASSED] - Text '' is set on object 'Object Repository/VLink/Page_CCSale/txt_ApprovalCode'

2023-02-17 20:45:38 - [MESSAGE][PASSED] - Text 'Roshan Maha' is set on object 'Object Repository/VLink/Page_CCSale/txt_CardName'

2023-02-17 20:45:39 - [MESSAGE][PASSED] - Text '12563 Bazaar road' is set on object 'Object Repository/VLink/Page_CCSale/txt_AL1'

2023-02-17 20:45:40 - [MESSAGE][PASSED] - Text '' is set on object 'Object Repository/VLink/Page_CCSale/txt_AL2'

2023-02-17 20:45:40 - [MESSAGE][PASSED] - Text 'Crofton' is set on object 'Object Repository/VLink/Page_CCSale/txt_CardCity'

2023-02-17 20:45:41 - [MESSAGE][PASSED] - Text 'MD' is set on object 'Object Repository/VLink/Page_CCSale/txt_CardState'

2023-02-17 20:45:42 - [MESSAGE][PASSED] - Text '21114' is set on object 'Object Repository/VLink/Page_CCSale/txt_CardZIP'

2023-02-17 20:45:42 - [MESSAGE][PASSED] - Text '' is set on object 'Object Repository/VLink/Page_CCSale/txt_CountryID'

2023-02-17 20:45:43 - [MESSAGE][PASSED] - Text '3.50' is set on object 'Object Repository/VLink/Page_CCSale/txt_Amount'

2023-02-17 20:45:44 - [MESSAGE][PASSED] - Text '4111111111111111' is set on object 'Object Repository/VLink/Page_CCSale/txt_CardNumber'

2023-02-17 20:45:44 - [MESSAGE][PASSED] - Text '01' is set on object 'Object Repository/VLink/Page_CCSale/txt_ExpMonth'

2023-02-17 20:45:45 - [MESSAGE][PASSED] - Text '2026' is set on object 'Object Repository/VLink/Page_CCSale/txt_ExpYear'

2023-02-17 20:45:46 - [MESSAGE][PASSED] - Text '' is set on object 'Object Repository/VLink/Page_CCSale/txt_CVV'

2023-02-17 20:45:46 - [MESSAGE][PASSED] - Text '' is set on object 'Object Repository/VLink/Page_CCSale/txt_CVVstate'

2023-02-17 20:45:47 - [MESSAGE][PASSED] - Text '' is set on object 'Object Repository/VLink/Page_CCSale/txt_TrackData'

2023-02-17 20:45:48 - [MESSAGE][PASSED] - Text '' is set on object 'Object Repository/VLink/Page_CCSale/txt_Track1Data'

2023-02-17 20:45:48 - [MESSAGE][PASSED] - Text '' is set on object 'Object Repository/VLink/Page_CCSale/txt_Track2Data'

2023-02-17 20:45:49 - [MESSAGE][PASSED] - Text 'manual' is set on object 'Object Repository/VLink/Page_CCSale/txt_POSEntryMode'

2023-02-17 20:45:50 - [MESSAGE][PASSED] - Text '' is set on object 'Object Repository/VLink/Page_CCSale/txt_Email'

2023-02-17 20:45:50 - [MESSAGE][PASSED] - Text '' is set on object 'Object Repository/VLink/Page_CCSale/txt_OrderNumber'

2023-02-17 20:45:51 - [MESSAGE][PASSED] - Text '' is set on object 'Object Repository/VLink/Page_CCSale/txt_TaxAmount'

2023-02-17 20:45:52 - [MESSAGE][PASSED] - Text '' is set on object 'Object Repository/VLink/Page_CCSale/txt_ChargeDescription'

2023-02-17 20:45:52 - [MESSAGE][PASSED] - Text '' is set on object 'Object Repository/VLink/Page_CCSale/txt_CAN'

2023-02-17 20:45:53 - [MESSAGE][PASSED] - Text '' is set on object 'Object Repository/VLink/Page_CCSale/txt_BillPaymentIndicator'

2023-02-17 20:45:54 - [MESSAGE][PASSED] - Text '' is set on object 'Object Repository/VLink/Page_CCSale/txt_UDF1'

2023-02-17 20:45:54 - [MESSAGE][PASSED] - Text '' is set on object 'Object Repository/VLink/Page_CCSale/txt_UDF2'

2023-02-17 20:45:55 - [MESSAGE][PASSED] - Text '' is set on object 'Object Repository/VLink/Page_CCSale/txt_UDF3'

2023-02-17 20:45:56 - [MESSAGE][PASSED] - Text '' is set on object 'Object Repository/VLink/Page_CCSale/txt_UDF4'

2023-02-17 20:45:56 - [MESSAGE][PASSED] - Text '' is set on object 'Object Repository/VLink/Page_CCSale/txt_UDF5'

2023-02-17 20:45:57 - [MESSAGE][PASSED] - Text '' is set on object 'Object Repository/VLink/Page_CCSale/txt_UDF6'

2023-02-17 20:45:58 - [MESSAGE][PASSED] - Text '' is set on object 'Object Repository/VLink/Page_CCSale/txt_UDF7'

2023-02-17 20:45:58 - [MESSAGE][PASSED] - Text '' is set on object 'Object Repository/VLink/Page_CCSale/txt_UDF8'

2023-02-17 20:45:59 - [MESSAGE][PASSED] - Text '' is set on object 'Object Repository/VLink/Page_CCSale/txt_UDF9'

2023-02-17 20:46:00 - [MESSAGE][PASSED] - Text '' is set on object 'Object Repository/VLink/Page_CCSale/txt_UDF10'

2023-02-17 20:46:03 - [MESSAGE][PASSED] - Object: 'Object Repository/VLink/Page_CCSale/btn_ProcessVLinkTransaction' is clicked on

2023-02-17 20:46:08 - [MESSAGE][PASSED] - vlinkPages.saleCCPage.setDataSCC is PASSED

2023-02-17 20:46:08 - [TEST_STEP][PASSED] - if (verifyTextPresent("Transaction approved, no errors", true)): null

2023-02-17 20:46:08 - [MESSAGE][PASSED] - Text 'Transaction approved, no errors' is present on page  using regular expression

2023-02-17 20:46:08 - [TEST_STEP][PASSED] - println("Transaction Approved, no errors text is present on the Confirmation page"): null

2023-02-17 20:46:08 - [TEST_STEP][PASSED] - out.println("Pass Record Number: " + row): null

2023-02-17 20:46:08 - [TEST_STEP][PASSED] - resText = "Pass": null

2023-02-17 20:46:08 - [TEST_STEP][PASSED] - pages.WriteExcel.demoKey(resText, datText, resColumn, datCloumn, fileLoc, nameSheet, row): pages.WriteExcel.demoKey is PASSED

2023-02-17 20:46:08 - [MESSAGE][PASSED] - pages.WriteExcel.demoKey is PASSED

2023-02-17 20:46:08 - [TEST_STEP][PASSED] - sdfo = getText(findTestObject("Object Repository/Page_VLinkReceipt/pre_STX")): Text of object 'Object Repository/Page_VLinkReceipt/pre_STX' is: '<STX>Htte4tSnhcLa                  12127253            0  Transaction approved, no errors                   0                                                                                  XXOK0243   <ETX>'

2023-02-17 20:46:08 - [MESSAGE][PASSED] - Text of object 'Object Repository/Page_VLinkReceipt/pre_STX' is: '<STX>Htte4tSnhcLa                  12127253            0  Transaction approved, no errors                   0                                                                                  XXOK0243   <ETX>'

2023-02-17 20:46:08 - [TEST_STEP][PASSED] - out.println("sdfo: " + sdfo): null

2023-02-17 20:46:08 - [TEST_STEP][PASSED] - remID = substring(5, 35).trim(): null

2023-02-17 20:46:08 - [TEST_STEP][PASSED] - out.println("Remittance ID: " + remID): null

2023-02-17 20:46:08 - [TEST_STEP][PASSED] - traxID = substring(35, 55).trim(): null

2023-02-17 20:46:08 - [TEST_STEP][PASSED] - out.println("Transaction ID: " + traxID): null

2023-02-17 20:46:08 - [TEST_STEP][PASSED] - out.println("End Record Number: " + row): null

2023-02-17 20:46:08 - [TEST_STEP][PASSED] - closeBrowser(): Browser is closed

2023-02-17 20:46:09 - [MESSAGE][PASSED] - Browser is closed

2023-02-17 20:46:09 - [TEST_STEP][PASSED] - ExecuteTC = findTestData(dataFile).getValue("Execute", row): null

2023-02-17 20:46:09 - [TEST_STEP][PASSED] - out.println("Value of Execute is : " + ExecuteTC): null

2023-02-17 20:46:09 - [TEST_STEP][PASSED] - if (ExecuteTC.equalsIgnoreCase("Y")): Browser is closed

2023-02-17 20:46:09 - [TEST_STEP][PASSED] - out.println("Begin Record Number: " + row): null

2023-02-17 20:46:09 - [TEST_STEP][PASSED] - today = new java.util.Date(): null

2023-02-17 20:46:09 - [TEST_STEP][PASSED] - println(today): null

2023-02-17 20:46:09 - [TEST_STEP][PASSED] - datText = today: null

2023-02-17 20:46:09 - [TEST_STEP][PASSED] - openBrowser(VLinkURL + "authcap.html"): Browser is opened with url: 'https://dev-algorithm.govolution.com/vlinktest/QA/version_2_0/authcap.html'

2023-02-17 20:46:09 - [MESSAGE][INFO] - Starting 'Chrome' driver

2023-02-17 20:46:09 - [MESSAGE][INFO] - User set preference: ['acceptInsecureCerts', 'true']

2023-02-17 20:46:09 - [MESSAGE][INFO] - Action delay is set to 0 milliseconds

2023-02-17 20:46:11 - [MESSAGE][PASSED] - Browser is opened with url: 'https://dev-algorithm.govolution.com/vlinktest/QA/version_2_0/authcap.html'

2023-02-17 20:46:11 - [TEST_STEP][PASSED] - maximizeWindow(): Current window maximized

2023-02-17 20:46:11 - [MESSAGE][PASSED] - Current window maximized

2023-02-17 20:46:11 - [TEST_STEP][PASSED] - vlinkPages.saleCCPage.setDataSCC(row, dataFile): vlinkPages.saleCCPage.setDataSCC is PASSED

2023-02-17 20:46:14 - [MESSAGE][PASSED] - Object 'Object Repository/VLink/Page_CCSale/txt_CardNumber' is present

2023-02-17 20:46:15 - [MESSAGE][PASSED] - Text '104' is set on object 'Object Repository/VLink/Page_CCSale/txt_TransactionType'

2023-02-17 20:46:16 - [MESSAGE][PASSED] - Text '2.0C' is set on object 'Object Repository/VLink/Page_CCSale/txt_MessageVersion'

2023-02-17 20:46:16 - [MESSAGE][PASSED] - Text 'pOdWuJ5SbqLy' is set on object 'Object Repository/VLink/Page_CCSale/txt_RemID'

2023-02-17 20:46:17 - [MESSAGE][PASSED] - Text '665' is set on object 'Object Repository/VLink/Page_CCSale/txt_ApplicationId'

2023-02-17 20:46:17 - [MESSAGE][PASSED] - Text 'username' is set on object 'Object Repository/VLink/Page_CCSale/txt_Username'

2023-02-17 20:46:18 - [MESSAGE][PASSED] - Text 'password' is set on object 'Object Repository/VLink/Page_CCSale/txt_Password'

2023-02-17 20:46:19 - [MESSAGE][PASSED] - Text 'fixed_width' is set on object 'Object Repository/VLink/Page_CCSale/txt_ResponseFormat'

2023-02-17 20:46:19 - [MESSAGE][PASSED] - Text 'MOTO' is set on object 'Object Repository/VLink/Page_CCSale/txt_Category'

2023-02-17 20:46:20 - [MESSAGE][PASSED] - Text '' is set on object 'Object Repository/VLink/Page_CCSale/txt_TransactionID'

2023-02-17 20:46:21 - [MESSAGE][PASSED] - Text '' is set on object 'Object Repository/VLink/Page_CCSale/txt_ApprovalCode'

2023-02-17 20:46:21 - [MESSAGE][PASSED] - Text 'Kris Roshan' is set on object 'Object Repository/VLink/Page_CCSale/txt_CardName'

2023-02-17 20:46:22 - [MESSAGE][PASSED] - Text '258 Elm Road' is set on object 'Object Repository/VLink/Page_CCSale/txt_AL1'

2023-02-17 20:46:23 - [MESSAGE][PASSED] - Text 'Suite 56' is set on object 'Object Repository/VLink/Page_CCSale/txt_AL2'

2023-02-17 20:46:23 - [MESSAGE][PASSED] - Text 'Arlington' is set on object 'Object Repository/VLink/Page_CCSale/txt_CardCity'

2023-02-17 20:46:24 - [MESSAGE][PASSED] - Text 'VA' is set on object 'Object Repository/VLink/Page_CCSale/txt_CardState'

2023-02-17 20:46:25 - [MESSAGE][PASSED] - Text '22201' is set on object 'Object Repository/VLink/Page_CCSale/txt_CardZIP'

2023-02-17 20:46:25 - [MESSAGE][PASSED] - Text '840' is set on object 'Object Repository/VLink/Page_CCSale/txt_CountryID'

2023-02-17 20:46:26 - [MESSAGE][PASSED] - Text '1.50' is set on object 'Object Repository/VLink/Page_CCSale/txt_Amount'

2023-02-17 20:46:27 - [MESSAGE][PASSED] - Text '5424000000000015' is set on object 'Object Repository/VLink/Page_CCSale/txt_CardNumber'

2023-02-17 20:46:27 - [MESSAGE][PASSED] - Text '12' is set on object 'Object Repository/VLink/Page_CCSale/txt_ExpMonth'

2023-02-17 20:46:28 - [MESSAGE][PASSED] - Text '2025' is set on object 'Object Repository/VLink/Page_CCSale/txt_ExpYear'

2023-02-17 20:46:29 - [MESSAGE][PASSED] - Text '' is set on object 'Object Repository/VLink/Page_CCSale/txt_CVV'

2023-02-17 20:46:29 - [MESSAGE][PASSED] - Text '' is set on object 'Object Repository/VLink/Page_CCSale/txt_CVVstate'

2023-02-17 20:46:30 - [MESSAGE][PASSED] - Text '' is set on object 'Object Repository/VLink/Page_CCSale/txt_TrackData'

2023-02-17 20:46:31 - [MESSAGE][PASSED] - Text '' is set on object 'Object Repository/VLink/Page_CCSale/txt_Track1Data'

2023-02-17 20:46:31 - [MESSAGE][PASSED] - Text '' is set on object 'Object Repository/VLink/Page_CCSale/txt_Track2Data'

2023-02-17 20:46:32 - [MESSAGE][PASSED] - Text 'manual' is set on object 'Object Repository/VLink/Page_CCSale/txt_POSEntryMode'

2023-02-17 20:46:33 - [MESSAGE][PASSED] - Text 'iahmed@govolution.com' is set on object 'Object Repository/VLink/Page_CCSale/txt_Email'

2023-02-17 20:46:33 - [MESSAGE][PASSED] - Text '2569362' is set on object 'Object Repository/VLink/Page_CCSale/txt_OrderNumber'

2023-02-17 20:46:34 - [MESSAGE][PASSED] - Text '1.15' is set on object 'Object Repository/VLink/Page_CCSale/txt_TaxAmount'

2023-02-17 20:46:35 - [MESSAGE][PASSED] - Text 'Charge Description' is set on object 'Object Repository/VLink/Page_CCSale/txt_ChargeDescription'

2023-02-17 20:46:35 - [MESSAGE][PASSED] - Text '147357' is set on object 'Object Repository/VLink/Page_CCSale/txt_CAN'

2023-02-17 20:46:36 - [MESSAGE][PASSED] - Text '1' is set on object 'Object Repository/VLink/Page_CCSale/txt_BillPaymentIndicator'

2023-02-17 20:46:37 - [MESSAGE][PASSED] - Text 'UDF Data 1' is set on object 'Object Repository/VLink/Page_CCSale/txt_UDF1'

2023-02-17 20:46:37 - [MESSAGE][PASSED] - Text 'UDF Data 2' is set on object 'Object Repository/VLink/Page_CCSale/txt_UDF2'

2023-02-17 20:46:38 - [MESSAGE][PASSED] - Text 'UDF Data 3' is set on object 'Object Repository/VLink/Page_CCSale/txt_UDF3'

2023-02-17 20:46:39 - [MESSAGE][PASSED] - Text 'UDF Data 4' is set on object 'Object Repository/VLink/Page_CCSale/txt_UDF4'

2023-02-17 20:46:40 - [MESSAGE][PASSED] - Text 'UDF Data 5' is set on object 'Object Repository/VLink/Page_CCSale/txt_UDF5'

2023-02-17 20:46:40 - [MESSAGE][PASSED] - Text 'UDF Data 6' is set on object 'Object Repository/VLink/Page_CCSale/txt_UDF6'

2023-02-17 20:46:41 - [MESSAGE][PASSED] - Text 'UDF Data 7' is set on object 'Object Repository/VLink/Page_CCSale/txt_UDF7'

2023-02-17 20:46:42 - [MESSAGE][PASSED] - Text 'UDF Data 8' is set on object 'Object Repository/VLink/Page_CCSale/txt_UDF8'

2023-02-17 20:46:42 - [MESSAGE][PASSED] - Text 'UDF Data 9' is set on object 'Object Repository/VLink/Page_CCSale/txt_UDF9'

2023-02-17 20:46:43 - [MESSAGE][PASSED] - Text 'UDF Data 10' is set on object 'Object Repository/VLink/Page_CCSale/txt_UDF10'

2023-02-17 20:46:46 - [MESSAGE][PASSED] - Object: 'Object Repository/VLink/Page_CCSale/btn_ProcessVLinkTransaction' is clicked on

2023-02-17 20:46:51 - [MESSAGE][PASSED] - vlinkPages.saleCCPage.setDataSCC is PASSED

2023-02-17 20:46:51 - [TEST_STEP][PASSED] - if (verifyTextPresent("Transaction approved, no errors", true)): null

2023-02-17 20:46:51 - [MESSAGE][PASSED] - Text 'Transaction approved, no errors' is present on page  using regular expression

2023-02-17 20:46:51 - [TEST_STEP][PASSED] - println("Transaction Approved, no errors text is present on the Confirmation page"): null

2023-02-17 20:46:51 - [TEST_STEP][PASSED] - out.println("Pass Record Number: " + row): null

2023-02-17 20:46:51 - [TEST_STEP][PASSED] - resText = "Pass": null

2023-02-17 20:46:51 - [TEST_STEP][PASSED] - pages.WriteExcel.demoKey(resText, datText, resColumn, datCloumn, fileLoc, nameSheet, row): pages.WriteExcel.demoKey is PASSED

2023-02-17 20:46:51 - [MESSAGE][PASSED] - pages.WriteExcel.demoKey is PASSED

2023-02-17 20:46:51 - [TEST_STEP][PASSED] - sdfo = getText(findTestObject("Object Repository/Page_VLinkReceipt/pre_STX")): Text of object 'Object Repository/Page_VLinkReceipt/pre_STX' is: '<STX>pOdWuJ5SbqLy                  12127255            0  Transaction approved, no errors                   0                                                                                  XXOK0273   <ETX>'

2023-02-17 20:46:51 - [MESSAGE][PASSED] - Text of object 'Object Repository/Page_VLinkReceipt/pre_STX' is: '<STX>pOdWuJ5SbqLy                  12127255            0  Transaction approved, no errors                   0                                                                                  XXOK0273   <ETX>'

2023-02-17 20:46:51 - [TEST_STEP][PASSED] - out.println("sdfo: " + sdfo): null

2023-02-17 20:46:51 - [TEST_STEP][PASSED] - remID = substring(5, 35).trim(): null

2023-02-17 20:46:51 - [TEST_STEP][PASSED] - out.println("Remittance ID: " + remID): null

2023-02-17 20:46:51 - [TEST_STEP][PASSED] - traxID = substring(35, 55).trim(): null

2023-02-17 20:46:51 - [TEST_STEP][PASSED] - out.println("Transaction ID: " + traxID): null

2023-02-17 20:46:51 - [TEST_STEP][PASSED] - out.println("End Record Number: " + row): null

2023-02-17 20:46:51 - [TEST_STEP][PASSED] - closeBrowser(): Browser is closed

2023-02-17 20:46:52 - [MESSAGE][PASSED] - Browser is closed

2023-02-17 20:46:52 - [TEST_STEP][PASSED] - ExecuteTC = findTestData(dataFile).getValue("Execute", row): null

2023-02-17 20:46:52 - [TEST_STEP][PASSED] - out.println("Value of Execute is : " + ExecuteTC): null

2023-02-17 20:46:52 - [TEST_STEP][PASSED] - if (ExecuteTC.equalsIgnoreCase("Y")): Browser is closed

2023-02-17 20:46:52 - [TEST_STEP][PASSED] - out.println("Begin Record Number: " + row): null

2023-02-17 20:46:52 - [TEST_STEP][PASSED] - today = new java.util.Date(): null

2023-02-17 20:46:52 - [TEST_STEP][PASSED] - println(today): null

2023-02-17 20:46:52 - [TEST_STEP][PASSED] - datText = today: null

2023-02-17 20:46:52 - [TEST_STEP][PASSED] - openBrowser(VLinkURL + "authcap.html"): Browser is opened with url: 'https://dev-algorithm.govolution.com/vlinktest/QA/version_2_0/authcap.html'

2023-02-17 20:46:52 - [MESSAGE][INFO] - Starting 'Chrome' driver

2023-02-17 20:46:52 - [MESSAGE][INFO] - User set preference: ['acceptInsecureCerts', 'true']

2023-02-17 20:46:52 - [MESSAGE][INFO] - Action delay is set to 0 milliseconds

2023-02-17 20:46:54 - [MESSAGE][PASSED] - Browser is opened with url: 'https://dev-algorithm.govolution.com/vlinktest/QA/version_2_0/authcap.html'

2023-02-17 20:46:54 - [TEST_STEP][PASSED] - maximizeWindow(): Current window maximized

2023-02-17 20:46:54 - [MESSAGE][PASSED] - Current window maximized

2023-02-17 20:46:54 - [TEST_STEP][PASSED] - vlinkPages.saleCCPage.setDataSCC(row, dataFile): vlinkPages.saleCCPage.setDataSCC is PASSED

2023-02-17 20:46:57 - [MESSAGE][PASSED] - Object 'Object Repository/VLink/Page_CCSale/txt_CardNumber' is present

2023-02-17 20:46:58 - [MESSAGE][PASSED] - Text '104' is set on object 'Object Repository/VLink/Page_CCSale/txt_TransactionType'

2023-02-17 20:46:58 - [MESSAGE][PASSED] - Text '2.0C' is set on object 'Object Repository/VLink/Page_CCSale/txt_MessageVersion'

2023-02-17 20:46:59 - [MESSAGE][PASSED] - Text '8l9hpIruiIzv' is set on object 'Object Repository/VLink/Page_CCSale/txt_RemID'

2023-02-17 20:47:00 - [MESSAGE][PASSED] - Text '672' is set on object 'Object Repository/VLink/Page_CCSale/txt_ApplicationId'

2023-02-17 20:47:00 - [MESSAGE][PASSED] - Text 'username' is set on object 'Object Repository/VLink/Page_CCSale/txt_Username'

2023-02-17 20:47:01 - [MESSAGE][PASSED] - Text 'password' is set on object 'Object Repository/VLink/Page_CCSale/txt_Password'

2023-02-17 20:47:01 - [MESSAGE][PASSED] - Text 'fixed_width' is set on object 'Object Repository/VLink/Page_CCSale/txt_ResponseFormat'

2023-02-17 20:47:02 - [MESSAGE][PASSED] - Text 'MOTO' is set on object 'Object Repository/VLink/Page_CCSale/txt_Category'

2023-02-17 20:47:03 - [MESSAGE][PASSED] - Text '' is set on object 'Object Repository/VLink/Page_CCSale/txt_TransactionID'

2023-02-17 20:47:03 - [MESSAGE][PASSED] - Text '' is set on object 'Object Repository/VLink/Page_CCSale/txt_ApprovalCode'

2023-02-17 20:47:04 - [MESSAGE][PASSED] - Text 'Arvind Silva' is set on object 'Object Repository/VLink/Page_CCSale/txt_CardName'

2023-02-17 20:47:05 - [MESSAGE][PASSED] - Text '111 Main Ave' is set on object 'Object Repository/VLink/Page_CCSale/txt_AL1'

2023-02-17 20:47:05 - [MESSAGE][PASSED] - Text '' is set on object 'Object Repository/VLink/Page_CCSale/txt_AL2'

2023-02-17 20:47:06 - [MESSAGE][PASSED] - Text 'Arlington' is set on object 'Object Repository/VLink/Page_CCSale/txt_CardCity'

2023-02-17 20:47:07 - [MESSAGE][PASSED] - Text 'VA' is set on object 'Object Repository/VLink/Page_CCSale/txt_CardState'

2023-02-17 20:47:07 - [MESSAGE][PASSED] - Text '22201' is set on object 'Object Repository/VLink/Page_CCSale/txt_CardZIP'

2023-02-17 20:47:08 - [MESSAGE][PASSED] - Text '' is set on object 'Object Repository/VLink/Page_CCSale/txt_CountryID'

2023-02-17 20:47:09 - [MESSAGE][PASSED] - Text '2.50' is set on object 'Object Repository/VLink/Page_CCSale/txt_Amount'

2023-02-17 20:47:09 - [MESSAGE][PASSED] - Text '5424000000000015' is set on object 'Object Repository/VLink/Page_CCSale/txt_CardNumber'

2023-02-17 20:47:10 - [MESSAGE][PASSED] - Text '01' is set on object 'Object Repository/VLink/Page_CCSale/txt_ExpMonth'

2023-02-17 20:47:11 - [MESSAGE][PASSED] - Text '2026' is set on object 'Object Repository/VLink/Page_CCSale/txt_ExpYear'

2023-02-17 20:47:11 - [MESSAGE][PASSED] - Text '' is set on object 'Object Repository/VLink/Page_CCSale/txt_CVV'

2023-02-17 20:47:12 - [MESSAGE][PASSED] - Text '' is set on object 'Object Repository/VLink/Page_CCSale/txt_CVVstate'

2023-02-17 20:47:13 - [MESSAGE][PASSED] - Text '' is set on object 'Object Repository/VLink/Page_CCSale/txt_TrackData'

2023-02-17 20:47:13 - [MESSAGE][PASSED] - Text '' is set on object 'Object Repository/VLink/Page_CCSale/txt_Track1Data'

2023-02-17 20:47:14 - [MESSAGE][PASSED] - Text '' is set on object 'Object Repository/VLink/Page_CCSale/txt_Track2Data'

2023-02-17 20:47:15 - [MESSAGE][PASSED] - Text 'manual' is set on object 'Object Repository/VLink/Page_CCSale/txt_POSEntryMode'

2023-02-17 20:47:15 - [MESSAGE][PASSED] - Text '' is set on object 'Object Repository/VLink/Page_CCSale/txt_Email'

2023-02-17 20:47:16 - [MESSAGE][PASSED] - Text '' is set on object 'Object Repository/VLink/Page_CCSale/txt_OrderNumber'

2023-02-17 20:47:17 - [MESSAGE][PASSED] - Text '' is set on object 'Object Repository/VLink/Page_CCSale/txt_TaxAmount'

2023-02-17 20:47:17 - [MESSAGE][PASSED] - Text '' is set on object 'Object Repository/VLink/Page_CCSale/txt_ChargeDescription'

2023-02-17 20:47:18 - [MESSAGE][PASSED] - Text '' is set on object 'Object Repository/VLink/Page_CCSale/txt_CAN'

2023-02-17 20:47:19 - [MESSAGE][PASSED] - Text '' is set on object 'Object Repository/VLink/Page_CCSale/txt_BillPaymentIndicator'

2023-02-17 20:47:19 - [MESSAGE][PASSED] - Text '' is set on object 'Object Repository/VLink/Page_CCSale/txt_UDF1'

2023-02-17 20:47:20 - [MESSAGE][PASSED] - Text '' is set on object 'Object Repository/VLink/Page_CCSale/txt_UDF2'

2023-02-17 20:47:21 - [MESSAGE][PASSED] - Text '' is set on object 'Object Repository/VLink/Page_CCSale/txt_UDF3'

2023-02-17 20:47:21 - [MESSAGE][PASSED] - Text '' is set on object 'Object Repository/VLink/Page_CCSale/txt_UDF4'

2023-02-17 20:47:22 - [MESSAGE][PASSED] - Text '' is set on object 'Object Repository/VLink/Page_CCSale/txt_UDF5'

2023-02-17 20:47:23 - [MESSAGE][PASSED] - Text '' is set on object 'Object Repository/VLink/Page_CCSale/txt_UDF6'

2023-02-17 20:47:23 - [MESSAGE][PASSED] - Text '' is set on object 'Object Repository/VLink/Page_CCSale/txt_UDF7'

2023-02-17 20:47:24 - [MESSAGE][PASSED] - Text '' is set on object 'Object Repository/VLink/Page_CCSale/txt_UDF8'

2023-02-17 20:47:25 - [MESSAGE][PASSED] - Text '' is set on object 'Object Repository/VLink/Page_CCSale/txt_UDF9'

2023-02-17 20:47:25 - [MESSAGE][PASSED] - Text '' is set on object 'Object Repository/VLink/Page_CCSale/txt_UDF10'

2023-02-17 20:47:28 - [MESSAGE][PASSED] - Object: 'Object Repository/VLink/Page_CCSale/btn_ProcessVLinkTransaction' is clicked on

2023-02-17 20:47:33 - [MESSAGE][PASSED] - vlinkPages.saleCCPage.setDataSCC is PASSED

2023-02-17 20:47:33 - [TEST_STEP][PASSED] - if (verifyTextPresent("Transaction approved, no errors", true)): null

2023-02-17 20:47:33 - [MESSAGE][PASSED] - Text 'Transaction approved, no errors' is present on page  using regular expression

2023-02-17 20:47:33 - [TEST_STEP][PASSED] - println("Transaction Approved, no errors text is present on the Confirmation page"): null

2023-02-17 20:47:33 - [TEST_STEP][PASSED] - out.println("Pass Record Number: " + row): null

2023-02-17 20:47:33 - [TEST_STEP][PASSED] - resText = "Pass": null

2023-02-17 20:47:33 - [TEST_STEP][PASSED] - pages.WriteExcel.demoKey(resText, datText, resColumn, datCloumn, fileLoc, nameSheet, row): pages.WriteExcel.demoKey is PASSED

2023-02-17 20:47:33 - [MESSAGE][PASSED] - pages.WriteExcel.demoKey is PASSED

2023-02-17 20:47:33 - [TEST_STEP][PASSED] - sdfo = getText(findTestObject("Object Repository/Page_VLinkReceipt/pre_STX")): Text of object 'Object Repository/Page_VLinkReceipt/pre_STX' is: '<STX>8l9hpIruiIzv                  12127256            0  Transaction approved, no errors                   0                                                                                  XXOK0353   <ETX>'

2023-02-17 20:47:34 - [MESSAGE][PASSED] - Text of object 'Object Repository/Page_VLinkReceipt/pre_STX' is: '<STX>8l9hpIruiIzv                  12127256            0  Transaction approved, no errors                   0                                                                                  XXOK0353   <ETX>'

2023-02-17 20:47:34 - [TEST_STEP][PASSED] - out.println("sdfo: " + sdfo): null

2023-02-17 20:47:34 - [TEST_STEP][PASSED] - remID = substring(5, 35).trim(): null

2023-02-17 20:47:34 - [TEST_STEP][PASSED] - out.println("Remittance ID: " + remID): null

2023-02-17 20:47:34 - [TEST_STEP][PASSED] - traxID = substring(35, 55).trim(): null

2023-02-17 20:47:34 - [TEST_STEP][PASSED] - out.println("Transaction ID: " + traxID): null

2023-02-17 20:47:34 - [TEST_STEP][PASSED] - out.println("End Record Number: " + row): null

2023-02-17 20:47:34 - [TEST_STEP][PASSED] - closeBrowser(): Browser is closed

2023-02-17 20:47:35 - [MESSAGE][PASSED] - Browser is closed

2023-02-17 20:47:35 - [TEST_STEP][PASSED] - ExecuteTC = findTestData(dataFile).getValue("Execute", row): null

2023-02-17 20:47:35 - [TEST_STEP][PASSED] - out.println("Value of Execute is : " + ExecuteTC): null

2023-02-17 20:47:35 - [TEST_STEP][PASSED] - if (ExecuteTC.equalsIgnoreCase("Y")): Browser is closed

2023-02-17 20:47:35 - [TEST_STEP][PASSED] - out.println("Begin Record Number: " + row): null

2023-02-17 20:47:35 - [TEST_STEP][PASSED] - today = new java.util.Date(): null

2023-02-17 20:47:35 - [TEST_STEP][PASSED] - println(today): null

2023-02-17 20:47:35 - [TEST_STEP][PASSED] - datText = today: null

2023-02-17 20:47:35 - [TEST_STEP][PASSED] - openBrowser(VLinkURL + "authcap.html"): Browser is opened with url: 'https://dev-algorithm.govolution.com/vlinktest/QA/version_2_0/authcap.html'

2023-02-17 20:47:35 - [MESSAGE][INFO] - Starting 'Chrome' driver

2023-02-17 20:47:35 - [MESSAGE][INFO] - User set preference: ['acceptInsecureCerts', 'true']

2023-02-17 20:47:35 - [MESSAGE][INFO] - Action delay is set to 0 milliseconds

2023-02-17 20:47:36 - [MESSAGE][PASSED] - Browser is opened with url: 'https://dev-algorithm.govolution.com/vlinktest/QA/version_2_0/authcap.html'

2023-02-17 20:47:36 - [TEST_STEP][PASSED] - maximizeWindow(): Current window maximized

2023-02-17 20:47:37 - [MESSAGE][PASSED] - Current window maximized

2023-02-17 20:47:37 - [TEST_STEP][PASSED] - vlinkPages.saleCCPage.setDataSCC(row, dataFile): vlinkPages.saleCCPage.setDataSCC is PASSED

2023-02-17 20:47:39 - [MESSAGE][PASSED] - Object 'Object Repository/VLink/Page_CCSale/txt_CardNumber' is present

2023-02-17 20:47:40 - [MESSAGE][PASSED] - Text '104' is set on object 'Object Repository/VLink/Page_CCSale/txt_TransactionType'

2023-02-17 20:47:41 - [MESSAGE][PASSED] - Text '2.0C' is set on object 'Object Repository/VLink/Page_CCSale/txt_MessageVersion'

2023-02-17 20:47:41 - [MESSAGE][PASSED] - Text 'ZFz7yP6OnpOb' is set on object 'Object Repository/VLink/Page_CCSale/txt_RemID'

2023-02-17 20:47:42 - [MESSAGE][PASSED] - Text '677' is set on object 'Object Repository/VLink/Page_CCSale/txt_ApplicationId'

2023-02-17 20:47:42 - [MESSAGE][PASSED] - Text 'username' is set on object 'Object Repository/VLink/Page_CCSale/txt_Username'

2023-02-17 20:47:43 - [MESSAGE][PASSED] - Text 'password' is set on object 'Object Repository/VLink/Page_CCSale/txt_Password'

2023-02-17 20:47:44 - [MESSAGE][PASSED] - Text 'fixed_width' is set on object 'Object Repository/VLink/Page_CCSale/txt_ResponseFormat'

2023-02-17 20:47:44 - [MESSAGE][PASSED] - Text 'MOTO' is set on object 'Object Repository/VLink/Page_CCSale/txt_Category'

2023-02-17 20:47:45 - [MESSAGE][PASSED] - Text '' is set on object 'Object Repository/VLink/Page_CCSale/txt_TransactionID'

2023-02-17 20:47:46 - [MESSAGE][PASSED] - Text '' is set on object 'Object Repository/VLink/Page_CCSale/txt_ApprovalCode'

2023-02-17 20:47:46 - [MESSAGE][PASSED] - Text 'Roshan Maha' is set on object 'Object Repository/VLink/Page_CCSale/txt_CardName'

2023-02-17 20:47:47 - [MESSAGE][PASSED] - Text '12563 Bazaar road' is set on object 'Object Repository/VLink/Page_CCSale/txt_AL1'

2023-02-17 20:47:48 - [MESSAGE][PASSED] - Text '' is set on object 'Object Repository/VLink/Page_CCSale/txt_AL2'

2023-02-17 20:47:48 - [MESSAGE][PASSED] - Text 'Crofton' is set on object 'Object Repository/VLink/Page_CCSale/txt_CardCity'

2023-02-17 20:47:49 - [MESSAGE][PASSED] - Text 'MD' is set on object 'Object Repository/VLink/Page_CCSale/txt_CardState'

2023-02-17 20:47:50 - [MESSAGE][PASSED] - Text '21114' is set on object 'Object Repository/VLink/Page_CCSale/txt_CardZIP'

2023-02-17 20:47:50 - [MESSAGE][PASSED] - Text '' is set on object 'Object Repository/VLink/Page_CCSale/txt_CountryID'

2023-02-17 20:47:51 - [MESSAGE][PASSED] - Text '3.50' is set on object 'Object Repository/VLink/Page_CCSale/txt_Amount'

2023-02-17 20:47:52 - [MESSAGE][PASSED] - Text '5424000000000015' is set on object 'Object Repository/VLink/Page_CCSale/txt_CardNumber'

2023-02-17 20:47:52 - [MESSAGE][PASSED] - Text '01' is set on object 'Object Repository/VLink/Page_CCSale/txt_ExpMonth'

2023-02-17 20:47:53 - [MESSAGE][PASSED] - Text '2026' is set on object 'Object Repository/VLink/Page_CCSale/txt_ExpYear'

2023-02-17 20:47:54 - [MESSAGE][PASSED] - Text '' is set on object 'Object Repository/VLink/Page_CCSale/txt_CVV'

2023-02-17 20:47:54 - [MESSAGE][PASSED] - Text '' is set on object 'Object Repository/VLink/Page_CCSale/txt_CVVstate'

2023-02-17 20:47:55 - [MESSAGE][PASSED] - Text '' is set on object 'Object Repository/VLink/Page_CCSale/txt_TrackData'

2023-02-17 20:47:56 - [MESSAGE][PASSED] - Text '' is set on object 'Object Repository/VLink/Page_CCSale/txt_Track1Data'

2023-02-17 20:47:56 - [MESSAGE][PASSED] - Text '' is set on object 'Object Repository/VLink/Page_CCSale/txt_Track2Data'

2023-02-17 20:47:57 - [MESSAGE][PASSED] - Text 'manual' is set on object 'Object Repository/VLink/Page_CCSale/txt_POSEntryMode'

2023-02-17 20:47:58 - [MESSAGE][PASSED] - Text '' is set on object 'Object Repository/VLink/Page_CCSale/txt_Email'

2023-02-17 20:47:58 - [MESSAGE][PASSED] - Text '' is set on object 'Object Repository/VLink/Page_CCSale/txt_OrderNumber'

2023-02-17 20:47:59 - [MESSAGE][PASSED] - Text '' is set on object 'Object Repository/VLink/Page_CCSale/txt_TaxAmount'

2023-02-17 20:48:00 - [MESSAGE][PASSED] - Text '' is set on object 'Object Repository/VLink/Page_CCSale/txt_ChargeDescription'

2023-02-17 20:48:00 - [MESSAGE][PASSED] - Text '' is set on object 'Object Repository/VLink/Page_CCSale/txt_CAN'

2023-02-17 20:48:01 - [MESSAGE][PASSED] - Text '' is set on object 'Object Repository/VLink/Page_CCSale/txt_BillPaymentIndicator'

2023-02-17 20:48:02 - [MESSAGE][PASSED] - Text '' is set on object 'Object Repository/VLink/Page_CCSale/txt_UDF1'

2023-02-17 20:48:02 - [MESSAGE][PASSED] - Text '' is set on object 'Object Repository/VLink/Page_CCSale/txt_UDF2'

2023-02-17 20:48:03 - [MESSAGE][PASSED] - Text '' is set on object 'Object Repository/VLink/Page_CCSale/txt_UDF3'

2023-02-17 20:48:04 - [MESSAGE][PASSED] - Text '' is set on object 'Object Repository/VLink/Page_CCSale/txt_UDF4'

2023-02-17 20:48:04 - [MESSAGE][PASSED] - Text '' is set on object 'Object Repository/VLink/Page_CCSale/txt_UDF5'

2023-02-17 20:48:05 - [MESSAGE][PASSED] - Text '' is set on object 'Object Repository/VLink/Page_CCSale/txt_UDF6'

2023-02-17 20:48:06 - [MESSAGE][PASSED] - Text '' is set on object 'Object Repository/VLink/Page_CCSale/txt_UDF7'

2023-02-17 20:48:06 - [MESSAGE][PASSED] - Text '' is set on object 'Object Repository/VLink/Page_CCSale/txt_UDF8'

2023-02-17 20:48:07 - [MESSAGE][PASSED] - Text '' is set on object 'Object Repository/VLink/Page_CCSale/txt_UDF9'

2023-02-17 20:48:08 - [MESSAGE][PASSED] - Text '' is set on object 'Object Repository/VLink/Page_CCSale/txt_UDF10'

2023-02-17 20:48:11 - [MESSAGE][PASSED] - Object: 'Object Repository/VLink/Page_CCSale/btn_ProcessVLinkTransaction' is clicked on

2023-02-17 20:48:16 - [MESSAGE][PASSED] - vlinkPages.saleCCPage.setDataSCC is PASSED

2023-02-17 20:48:16 - [TEST_STEP][PASSED] - if (verifyTextPresent("Transaction approved, no errors", true)): null

2023-02-17 20:48:16 - [MESSAGE][PASSED] - Text 'Transaction approved, no errors' is present on page  using regular expression

2023-02-17 20:48:16 - [TEST_STEP][PASSED] - println("Transaction Approved, no errors text is present on the Confirmation page"): null

2023-02-17 20:48:16 - [TEST_STEP][PASSED] - out.println("Pass Record Number: " + row): null

2023-02-17 20:48:16 - [TEST_STEP][PASSED] - resText = "Pass": null

2023-02-17 20:48:16 - [TEST_STEP][PASSED] - pages.WriteExcel.demoKey(resText, datText, resColumn, datCloumn, fileLoc, nameSheet, row): pages.WriteExcel.demoKey is PASSED

2023-02-17 20:48:16 - [MESSAGE][PASSED] - pages.WriteExcel.demoKey is PASSED

2023-02-17 20:48:16 - [TEST_STEP][PASSED] - sdfo = getText(findTestObject("Object Repository/Page_VLinkReceipt/pre_STX")): Text of object 'Object Repository/Page_VLinkReceipt/pre_STX' is: '<STX>ZFz7yP6OnpOb                  12127257            0  Transaction approved, no errors                   0                                                                                  XXOK0413   <ETX>'

2023-02-17 20:48:16 - [MESSAGE][PASSED] - Text of object 'Object Repository/Page_VLinkReceipt/pre_STX' is: '<STX>ZFz7yP6OnpOb                  12127257            0  Transaction approved, no errors                   0                                                                                  XXOK0413   <ETX>'

2023-02-17 20:48:16 - [TEST_STEP][PASSED] - out.println("sdfo: " + sdfo): null

2023-02-17 20:48:16 - [TEST_STEP][PASSED] - remID = substring(5, 35).trim(): null

2023-02-17 20:48:16 - [TEST_STEP][PASSED] - out.println("Remittance ID: " + remID): null

2023-02-17 20:48:16 - [TEST_STEP][PASSED] - traxID = substring(35, 55).trim(): null

2023-02-17 20:48:16 - [TEST_STEP][PASSED] - out.println("Transaction ID: " + traxID): null

2023-02-17 20:48:16 - [TEST_STEP][PASSED] - out.println("End Record Number: " + row): null

2023-02-17 20:48:16 - [TEST_STEP][PASSED] - closeBrowser(): Browser is closed

2023-02-17 20:48:17 - [MESSAGE][PASSED] - Browser is closed

2023-02-17 20:48:17 - [TEST_STEP][PASSED] - ExecuteTC = findTestData(dataFile).getValue("Execute", row): null

2023-02-17 20:48:17 - [TEST_STEP][PASSED] - out.println("Value of Execute is : " + ExecuteTC): null

2023-02-17 20:48:17 - [TEST_STEP][PASSED] - if (ExecuteTC.equalsIgnoreCase("Y")): Browser is closed

2023-02-17 20:48:17 - [TEST_STEP][PASSED] - out.println("Begin Record Number: " + row): null

2023-02-17 20:48:17 - [TEST_STEP][PASSED] - today = new java.util.Date(): null

2023-02-17 20:48:17 - [TEST_STEP][PASSED] - println(today): null

2023-02-17 20:48:17 - [TEST_STEP][PASSED] - datText = today: null

2023-02-17 20:48:17 - [TEST_STEP][PASSED] - openBrowser(VLinkURL + "authcap.html"): Browser is opened with url: 'https://dev-algorithm.govolution.com/vlinktest/QA/version_2_0/authcap.html'

2023-02-17 20:48:17 - [MESSAGE][INFO] - Starting 'Chrome' driver

2023-02-17 20:48:17 - [MESSAGE][INFO] - User set preference: ['acceptInsecureCerts', 'true']

2023-02-17 20:48:17 - [MESSAGE][INFO] - Action delay is set to 0 milliseconds

2023-02-17 20:48:19 - [MESSAGE][PASSED] - Browser is opened with url: 'https://dev-algorithm.govolution.com/vlinktest/QA/version_2_0/authcap.html'

2023-02-17 20:48:19 - [TEST_STEP][PASSED] - maximizeWindow(): Current window maximized

2023-02-17 20:48:19 - [MESSAGE][PASSED] - Current window maximized

2023-02-17 20:48:19 - [TEST_STEP][PASSED] - vlinkPages.saleCCPage.setDataSCC(row, dataFile): vlinkPages.saleCCPage.setDataSCC is PASSED

2023-02-17 20:48:22 - [MESSAGE][PASSED] - Object 'Object Repository/VLink/Page_CCSale/txt_CardNumber' is present

2023-02-17 20:48:23 - [MESSAGE][PASSED] - Text '104' is set on object 'Object Repository/VLink/Page_CCSale/txt_TransactionType'

2023-02-17 20:48:23 - [MESSAGE][PASSED] - Text '2.0C' is set on object 'Object Repository/VLink/Page_CCSale/txt_MessageVersion'

2023-02-17 20:48:24 - [MESSAGE][PASSED] - Text 'XHBWshYCEymW' is set on object 'Object Repository/VLink/Page_CCSale/txt_RemID'

2023-02-17 20:48:25 - [MESSAGE][PASSED] - Text '665' is set on object 'Object Repository/VLink/Page_CCSale/txt_ApplicationId'

2023-02-17 20:48:25 - [MESSAGE][PASSED] - Text 'username' is set on object 'Object Repository/VLink/Page_CCSale/txt_Username'

2023-02-17 20:48:26 - [MESSAGE][PASSED] - Text 'password' is set on object 'Object Repository/VLink/Page_CCSale/txt_Password'

2023-02-17 20:48:26 - [MESSAGE][PASSED] - Text 'fixed_width' is set on object 'Object Repository/VLink/Page_CCSale/txt_ResponseFormat'

2023-02-17 20:48:27 - [MESSAGE][PASSED] - Text 'MOTO' is set on object 'Object Repository/VLink/Page_CCSale/txt_Category'

2023-02-17 20:48:28 - [MESSAGE][PASSED] - Text '' is set on object 'Object Repository/VLink/Page_CCSale/txt_TransactionID'

2023-02-17 20:48:28 - [MESSAGE][PASSED] - Text '' is set on object 'Object Repository/VLink/Page_CCSale/txt_ApprovalCode'

2023-02-17 20:48:29 - [MESSAGE][PASSED] - Text 'Kris Roshan' is set on object 'Object Repository/VLink/Page_CCSale/txt_CardName'

2023-02-17 20:48:30 - [MESSAGE][PASSED] - Text '258 Elm Road' is set on object 'Object Repository/VLink/Page_CCSale/txt_AL1'

2023-02-17 20:48:30 - [MESSAGE][PASSED] - Text 'Suite 56' is set on object 'Object Repository/VLink/Page_CCSale/txt_AL2'

2023-02-17 20:48:31 - [MESSAGE][PASSED] - Text 'Arlington' is set on object 'Object Repository/VLink/Page_CCSale/txt_CardCity'

2023-02-17 20:48:32 - [MESSAGE][PASSED] - Text 'VA' is set on object 'Object Repository/VLink/Page_CCSale/txt_CardState'

2023-02-17 20:48:32 - [MESSAGE][PASSED] - Text '22201' is set on object 'Object Repository/VLink/Page_CCSale/txt_CardZIP'

2023-02-17 20:48:33 - [MESSAGE][PASSED] - Text '840' is set on object 'Object Repository/VLink/Page_CCSale/txt_CountryID'

2023-02-17 20:48:34 - [MESSAGE][PASSED] - Text '1.50' is set on object 'Object Repository/VLink/Page_CCSale/txt_Amount'

2023-02-17 20:48:34 - [MESSAGE][PASSED] - Text '370000000000002' is set on object 'Object Repository/VLink/Page_CCSale/txt_CardNumber'

2023-02-17 20:48:35 - [MESSAGE][PASSED] - Text '12' is set on object 'Object Repository/VLink/Page_CCSale/txt_ExpMonth'

2023-02-17 20:48:36 - [MESSAGE][PASSED] - Text '2025' is set on object 'Object Repository/VLink/Page_CCSale/txt_ExpYear'

2023-02-17 20:48:36 - [MESSAGE][PASSED] - Text '' is set on object 'Object Repository/VLink/Page_CCSale/txt_CVV'

2023-02-17 20:48:37 - [MESSAGE][PASSED] - Text '' is set on object 'Object Repository/VLink/Page_CCSale/txt_CVVstate'

2023-02-17 20:48:38 - [MESSAGE][PASSED] - Text '' is set on object 'Object Repository/VLink/Page_CCSale/txt_TrackData'

2023-02-17 20:48:38 - [MESSAGE][PASSED] - Text '' is set on object 'Object Repository/VLink/Page_CCSale/txt_Track1Data'

2023-02-17 20:48:39 - [MESSAGE][PASSED] - Text '' is set on object 'Object Repository/VLink/Page_CCSale/txt_Track2Data'

2023-02-17 20:48:40 - [MESSAGE][PASSED] - Text 'manual' is set on object 'Object Repository/VLink/Page_CCSale/txt_POSEntryMode'

2023-02-17 20:48:40 - [MESSAGE][PASSED] - Text 'iahmed@govolution.com' is set on object 'Object Repository/VLink/Page_CCSale/txt_Email'

2023-02-17 20:48:41 - [MESSAGE][PASSED] - Text '2569362' is set on object 'Object Repository/VLink/Page_CCSale/txt_OrderNumber'

2023-02-17 20:48:42 - [MESSAGE][PASSED] - Text '1.15' is set on object 'Object Repository/VLink/Page_CCSale/txt_TaxAmount'

2023-02-17 20:48:43 - [MESSAGE][PASSED] - Text 'Charge Description' is set on object 'Object Repository/VLink/Page_CCSale/txt_ChargeDescription'

2023-02-17 20:48:43 - [MESSAGE][PASSED] - Text '147357' is set on object 'Object Repository/VLink/Page_CCSale/txt_CAN'

2023-02-17 20:48:44 - [MESSAGE][PASSED] - Text '1' is set on object 'Object Repository/VLink/Page_CCSale/txt_BillPaymentIndicator'

2023-02-17 20:48:45 - [MESSAGE][PASSED] - Text 'UDF Data 1' is set on object 'Object Repository/VLink/Page_CCSale/txt_UDF1'

2023-02-17 20:48:45 - [MESSAGE][PASSED] - Text 'UDF Data 2' is set on object 'Object Repository/VLink/Page_CCSale/txt_UDF2'

2023-02-17 20:48:46 - [MESSAGE][PASSED] - Text 'UDF Data 3' is set on object 'Object Repository/VLink/Page_CCSale/txt_UDF3'

2023-02-17 20:48:47 - [MESSAGE][PASSED] - Text 'UDF Data 4' is set on object 'Object Repository/VLink/Page_CCSale/txt_UDF4'

2023-02-17 20:48:47 - [MESSAGE][PASSED] - Text 'UDF Data 5' is set on object 'Object Repository/VLink/Page_CCSale/txt_UDF5'

2023-02-17 20:48:48 - [MESSAGE][PASSED] - Text 'UDF Data 6' is set on object 'Object Repository/VLink/Page_CCSale/txt_UDF6'

2023-02-17 20:48:49 - [MESSAGE][PASSED] - Text 'UDF Data 7' is set on object 'Object Repository/VLink/Page_CCSale/txt_UDF7'

2023-02-17 20:48:49 - [MESSAGE][PASSED] - Text 'UDF Data 8' is set on object 'Object Repository/VLink/Page_CCSale/txt_UDF8'

2023-02-17 20:48:50 - [MESSAGE][PASSED] - Text 'UDF Data 9' is set on object 'Object Repository/VLink/Page_CCSale/txt_UDF9'

2023-02-17 20:48:51 - [MESSAGE][PASSED] - Text 'UDF Data 10' is set on object 'Object Repository/VLink/Page_CCSale/txt_UDF10'

2023-02-17 20:48:53 - [MESSAGE][PASSED] - Object: 'Object Repository/VLink/Page_CCSale/btn_ProcessVLinkTransaction' is clicked on

2023-02-17 20:48:58 - [MESSAGE][PASSED] - vlinkPages.saleCCPage.setDataSCC is PASSED

2023-02-17 20:48:58 - [TEST_STEP][PASSED] - if (verifyTextPresent("Transaction approved, no errors", true)): null

2023-02-17 20:48:59 - [MESSAGE][PASSED] - Text 'Transaction approved, no errors' is present on page  using regular expression

2023-02-17 20:48:59 - [TEST_STEP][PASSED] - println("Transaction Approved, no errors text is present on the Confirmation page"): null

2023-02-17 20:48:59 - [TEST_STEP][PASSED] - out.println("Pass Record Number: " + row): null

2023-02-17 20:48:59 - [TEST_STEP][PASSED] - resText = "Pass": null

2023-02-17 20:48:59 - [TEST_STEP][PASSED] - pages.WriteExcel.demoKey(resText, datText, resColumn, datCloumn, fileLoc, nameSheet, row): pages.WriteExcel.demoKey is PASSED

2023-02-17 20:48:59 - [MESSAGE][PASSED] - pages.WriteExcel.demoKey is PASSED

2023-02-17 20:48:59 - [TEST_STEP][PASSED] - sdfo = getText(findTestObject("Object Repository/Page_VLinkReceipt/pre_STX")): Text of object 'Object Repository/Page_VLinkReceipt/pre_STX' is: '<STX>XHBWshYCEymW                  12127259            0  Transaction approved, no errors                   0                                                                                  X OK0433   <ETX>'

2023-02-17 20:48:59 - [MESSAGE][PASSED] - Text of object 'Object Repository/Page_VLinkReceipt/pre_STX' is: '<STX>XHBWshYCEymW                  12127259            0  Transaction approved, no errors                   0                                                                                  X OK0433   <ETX>'

2023-02-17 20:48:59 - [TEST_STEP][PASSED] - out.println("sdfo: " + sdfo): null

2023-02-17 20:48:59 - [TEST_STEP][PASSED] - remID = substring(5, 35).trim(): null

2023-02-17 20:48:59 - [TEST_STEP][PASSED] - out.println("Remittance ID: " + remID): null

2023-02-17 20:48:59 - [TEST_STEP][PASSED] - traxID = substring(35, 55).trim(): null

2023-02-17 20:48:59 - [TEST_STEP][PASSED] - out.println("Transaction ID: " + traxID): null

2023-02-17 20:48:59 - [TEST_STEP][PASSED] - out.println("End Record Number: " + row): null

2023-02-17 20:48:59 - [TEST_STEP][PASSED] - closeBrowser(): Browser is closed

2023-02-17 20:49:00 - [MESSAGE][PASSED] - Browser is closed

2023-02-17 20:49:00 - [TEST_STEP][PASSED] - ExecuteTC = findTestData(dataFile).getValue("Execute", row): null

2023-02-17 20:49:00 - [TEST_STEP][PASSED] - out.println("Value of Execute is : " + ExecuteTC): null

2023-02-17 20:49:00 - [TEST_STEP][PASSED] - if (ExecuteTC.equalsIgnoreCase("Y")): Browser is closed

2023-02-17 20:49:00 - [TEST_STEP][PASSED] - out.println("Begin Record Number: " + row): null

2023-02-17 20:49:00 - [TEST_STEP][PASSED] - today = new java.util.Date(): null

2023-02-17 20:49:00 - [TEST_STEP][PASSED] - println(today): null

2023-02-17 20:49:00 - [TEST_STEP][PASSED] - datText = today: null

2023-02-17 20:49:00 - [TEST_STEP][PASSED] - openBrowser(VLinkURL + "authcap.html"): Browser is opened with url: 'https://dev-algorithm.govolution.com/vlinktest/QA/version_2_0/authcap.html'

2023-02-17 20:49:00 - [MESSAGE][INFO] - Starting 'Chrome' driver

2023-02-17 20:49:00 - [MESSAGE][INFO] - User set preference: ['acceptInsecureCerts', 'true']

2023-02-17 20:49:00 - [MESSAGE][INFO] - Action delay is set to 0 milliseconds

2023-02-17 20:49:02 - [MESSAGE][PASSED] - Browser is opened with url: 'https://dev-algorithm.govolution.com/vlinktest/QA/version_2_0/authcap.html'

2023-02-17 20:49:02 - [TEST_STEP][PASSED] - maximizeWindow(): Current window maximized

2023-02-17 20:49:02 - [MESSAGE][PASSED] - Current window maximized

2023-02-17 20:49:02 - [TEST_STEP][PASSED] - vlinkPages.saleCCPage.setDataSCC(row, dataFile): vlinkPages.saleCCPage.setDataSCC is PASSED

2023-02-17 20:49:05 - [MESSAGE][PASSED] - Object 'Object Repository/VLink/Page_CCSale/txt_CardNumber' is present

2023-02-17 20:49:06 - [MESSAGE][PASSED] - Text '104' is set on object 'Object Repository/VLink/Page_CCSale/txt_TransactionType'

2023-02-17 20:49:06 - [MESSAGE][PASSED] - Text '2.0C' is set on object 'Object Repository/VLink/Page_CCSale/txt_MessageVersion'

2023-02-17 20:49:07 - [MESSAGE][PASSED] - Text 'YSw6kYAICJOZ' is set on object 'Object Repository/VLink/Page_CCSale/txt_RemID'

2023-02-17 20:49:07 - [MESSAGE][PASSED] - Text '672' is set on object 'Object Repository/VLink/Page_CCSale/txt_ApplicationId'

2023-02-17 20:49:08 - [MESSAGE][PASSED] - Text 'username' is set on object 'Object Repository/VLink/Page_CCSale/txt_Username'

2023-02-17 20:49:09 - [MESSAGE][PASSED] - Text 'password' is set on object 'Object Repository/VLink/Page_CCSale/txt_Password'

2023-02-17 20:49:09 - [MESSAGE][PASSED] - Text 'fixed_width' is set on object 'Object Repository/VLink/Page_CCSale/txt_ResponseFormat'

2023-02-17 20:49:10 - [MESSAGE][PASSED] - Text 'MOTO' is set on object 'Object Repository/VLink/Page_CCSale/txt_Category'

2023-02-17 20:49:10 - [MESSAGE][PASSED] - Text '' is set on object 'Object Repository/VLink/Page_CCSale/txt_TransactionID'

2023-02-17 20:49:11 - [MESSAGE][PASSED] - Text '' is set on object 'Object Repository/VLink/Page_CCSale/txt_ApprovalCode'

2023-02-17 20:49:12 - [MESSAGE][PASSED] - Text 'Arvind Silva' is set on object 'Object Repository/VLink/Page_CCSale/txt_CardName'

2023-02-17 20:49:13 - [MESSAGE][PASSED] - Text '111 Main Ave' is set on object 'Object Repository/VLink/Page_CCSale/txt_AL1'

2023-02-17 20:49:13 - [MESSAGE][PASSED] - Text '' is set on object 'Object Repository/VLink/Page_CCSale/txt_AL2'

2023-02-17 20:49:14 - [MESSAGE][PASSED] - Text 'Arlington' is set on object 'Object Repository/VLink/Page_CCSale/txt_CardCity'

2023-02-17 20:49:15 - [MESSAGE][PASSED] - Text 'VA' is set on object 'Object Repository/VLink/Page_CCSale/txt_CardState'

2023-02-17 20:49:15 - [MESSAGE][PASSED] - Text '22201' is set on object 'Object Repository/VLink/Page_CCSale/txt_CardZIP'

2023-02-17 20:49:16 - [MESSAGE][PASSED] - Text '' is set on object 'Object Repository/VLink/Page_CCSale/txt_CountryID'

2023-02-17 20:49:17 - [MESSAGE][PASSED] - Text '2.50' is set on object 'Object Repository/VLink/Page_CCSale/txt_Amount'

2023-02-17 20:49:17 - [MESSAGE][PASSED] - Text '370000000000002' is set on object 'Object Repository/VLink/Page_CCSale/txt_CardNumber'

2023-02-17 20:49:18 - [MESSAGE][PASSED] - Text '01' is set on object 'Object Repository/VLink/Page_CCSale/txt_ExpMonth'

2023-02-17 20:49:19 - [MESSAGE][PASSED] - Text '2026' is set on object 'Object Repository/VLink/Page_CCSale/txt_ExpYear'

2023-02-17 20:49:19 - [MESSAGE][PASSED] - Text '' is set on object 'Object Repository/VLink/Page_CCSale/txt_CVV'

2023-02-17 20:49:20 - [MESSAGE][PASSED] - Text '' is set on object 'Object Repository/VLink/Page_CCSale/txt_CVVstate'

2023-02-17 20:49:21 - [MESSAGE][PASSED] - Text '' is set on object 'Object Repository/VLink/Page_CCSale/txt_TrackData'

2023-02-17 20:49:21 - [MESSAGE][PASSED] - Text '' is set on object 'Object Repository/VLink/Page_CCSale/txt_Track1Data'

2023-02-17 20:49:22 - [MESSAGE][PASSED] - Text '' is set on object 'Object Repository/VLink/Page_CCSale/txt_Track2Data'

2023-02-17 20:49:23 - [MESSAGE][PASSED] - Text 'manual' is set on object 'Object Repository/VLink/Page_CCSale/txt_POSEntryMode'

2023-02-17 20:49:23 - [MESSAGE][PASSED] - Text '' is set on object 'Object Repository/VLink/Page_CCSale/txt_Email'

2023-02-17 20:49:24 - [MESSAGE][PASSED] - Text '' is set on object 'Object Repository/VLink/Page_CCSale/txt_OrderNumber'

2023-02-17 20:49:25 - [MESSAGE][PASSED] - Text '' is set on object 'Object Repository/VLink/Page_CCSale/txt_TaxAmount'

2023-02-17 20:49:25 - [MESSAGE][PASSED] - Text '' is set on object 'Object Repository/VLink/Page_CCSale/txt_ChargeDescription'

2023-02-17 20:49:26 - [MESSAGE][PASSED] - Text '' is set on object 'Object Repository/VLink/Page_CCSale/txt_CAN'

2023-02-17 20:49:27 - [MESSAGE][PASSED] - Text '' is set on object 'Object Repository/VLink/Page_CCSale/txt_BillPaymentIndicator'

2023-02-17 20:49:27 - [MESSAGE][PASSED] - Text '' is set on object 'Object Repository/VLink/Page_CCSale/txt_UDF1'

2023-02-17 20:49:28 - [MESSAGE][PASSED] - Text '' is set on object 'Object Repository/VLink/Page_CCSale/txt_UDF2'

2023-02-17 20:49:29 - [MESSAGE][PASSED] - Text '' is set on object 'Object Repository/VLink/Page_CCSale/txt_UDF3'

2023-02-17 20:49:30 - [MESSAGE][PASSED] - Text '' is set on object 'Object Repository/VLink/Page_CCSale/txt_UDF4'

2023-02-17 20:49:30 - [MESSAGE][PASSED] - Text '' is set on object 'Object Repository/VLink/Page_CCSale/txt_UDF5'

2023-02-17 20:49:31 - [MESSAGE][PASSED] - Text '' is set on object 'Object Repository/VLink/Page_CCSale/txt_UDF6'

2023-02-17 20:49:32 - [MESSAGE][PASSED] - Text '' is set on object 'Object Repository/VLink/Page_CCSale/txt_UDF7'

2023-02-17 20:49:32 - [MESSAGE][PASSED] - Text '' is set on object 'Object Repository/VLink/Page_CCSale/txt_UDF8'

2023-02-17 20:49:33 - [MESSAGE][PASSED] - Text '' is set on object 'Object Repository/VLink/Page_CCSale/txt_UDF9'

2023-02-17 20:49:34 - [MESSAGE][PASSED] - Text '' is set on object 'Object Repository/VLink/Page_CCSale/txt_UDF10'

2023-02-17 20:49:36 - [MESSAGE][PASSED] - Object: 'Object Repository/VLink/Page_CCSale/btn_ProcessVLinkTransaction' is clicked on

2023-02-17 20:49:41 - [MESSAGE][PASSED] - vlinkPages.saleCCPage.setDataSCC is PASSED

2023-02-17 20:49:41 - [TEST_STEP][PASSED] - if (verifyTextPresent("Transaction approved, no errors", true)): null

2023-02-17 20:49:41 - [MESSAGE][PASSED] - Text 'Transaction approved, no errors' is present on page  using regular expression

2023-02-17 20:49:41 - [TEST_STEP][PASSED] - println("Transaction Approved, no errors text is present on the Confirmation page"): null

2023-02-17 20:49:41 - [TEST_STEP][PASSED] - out.println("Pass Record Number: " + row): null

2023-02-17 20:49:41 - [TEST_STEP][PASSED] - resText = "Pass": null

2023-02-17 20:49:41 - [TEST_STEP][PASSED] - pages.WriteExcel.demoKey(resText, datText, resColumn, datCloumn, fileLoc, nameSheet, row): pages.WriteExcel.demoKey is PASSED

2023-02-17 20:49:41 - [MESSAGE][PASSED] - pages.WriteExcel.demoKey is PASSED

2023-02-17 20:49:41 - [TEST_STEP][PASSED] - sdfo = getText(findTestObject("Object Repository/Page_VLinkReceipt/pre_STX")): Text of object 'Object Repository/Page_VLinkReceipt/pre_STX' is: '<STX>YSw6kYAICJOZ                  12127260            0  Transaction approved, no errors                   0                                                                                  X OK0453   <ETX>'

2023-02-17 20:49:42 - [MESSAGE][PASSED] - Text of object 'Object Repository/Page_VLinkReceipt/pre_STX' is: '<STX>YSw6kYAICJOZ                  12127260            0  Transaction approved, no errors                   0                                                                                  X OK0453   <ETX>'

2023-02-17 20:49:42 - [TEST_STEP][PASSED] - out.println("sdfo: " + sdfo): null

2023-02-17 20:49:42 - [TEST_STEP][PASSED] - remID = substring(5, 35).trim(): null

2023-02-17 20:49:42 - [TEST_STEP][PASSED] - out.println("Remittance ID: " + remID): null

2023-02-17 20:49:42 - [TEST_STEP][PASSED] - traxID = substring(35, 55).trim(): null

2023-02-17 20:49:42 - [TEST_STEP][PASSED] - out.println("Transaction ID: " + traxID): null

2023-02-17 20:49:42 - [TEST_STEP][PASSED] - out.println("End Record Number: " + row): null

2023-02-17 20:49:42 - [TEST_STEP][PASSED] - closeBrowser(): Browser is closed

2023-02-17 20:49:43 - [MESSAGE][PASSED] - Browser is closed

2023-02-17 20:49:43 - [TEST_STEP][PASSED] - ExecuteTC = findTestData(dataFile).getValue("Execute", row): null

2023-02-17 20:49:43 - [TEST_STEP][PASSED] - out.println("Value of Execute is : " + ExecuteTC): null

2023-02-17 20:49:43 - [TEST_STEP][PASSED] - if (ExecuteTC.equalsIgnoreCase("Y")): Browser is closed

2023-02-17 20:49:43 - [TEST_STEP][PASSED] - out.println("Begin Record Number: " + row): null

2023-02-17 20:49:43 - [TEST_STEP][PASSED] - today = new java.util.Date(): null

2023-02-17 20:49:43 - [TEST_STEP][PASSED] - println(today): null

2023-02-17 20:49:43 - [TEST_STEP][PASSED] - datText = today: null

2023-02-17 20:49:43 - [TEST_STEP][PASSED] - openBrowser(VLinkURL + "authcap.html"): Browser is opened with url: 'https://dev-algorithm.govolution.com/vlinktest/QA/version_2_0/authcap.html'

2023-02-17 20:49:43 - [MESSAGE][INFO] - Starting 'Chrome' driver

2023-02-17 20:49:43 - [MESSAGE][INFO] - User set preference: ['acceptInsecureCerts', 'true']

2023-02-17 20:49:43 - [MESSAGE][INFO] - Action delay is set to 0 milliseconds

2023-02-17 20:49:44 - [MESSAGE][PASSED] - Browser is opened with url: 'https://dev-algorithm.govolution.com/vlinktest/QA/version_2_0/authcap.html'

2023-02-17 20:49:44 - [TEST_STEP][PASSED] - maximizeWindow(): Current window maximized

2023-02-17 20:49:45 - [MESSAGE][PASSED] - Current window maximized

2023-02-17 20:49:45 - [TEST_STEP][PASSED] - vlinkPages.saleCCPage.setDataSCC(row, dataFile): vlinkPages.saleCCPage.setDataSCC is PASSED

2023-02-17 20:49:47 - [MESSAGE][PASSED] - Object 'Object Repository/VLink/Page_CCSale/txt_CardNumber' is present

2023-02-17 20:49:48 - [MESSAGE][PASSED] - Text '104' is set on object 'Object Repository/VLink/Page_CCSale/txt_TransactionType'

2023-02-17 20:49:49 - [MESSAGE][PASSED] - Text '2.0C' is set on object 'Object Repository/VLink/Page_CCSale/txt_MessageVersion'

2023-02-17 20:49:49 - [MESSAGE][PASSED] - Text 'rmyO8Geld9vs' is set on object 'Object Repository/VLink/Page_CCSale/txt_RemID'

2023-02-17 20:49:50 - [MESSAGE][PASSED] - Text '677' is set on object 'Object Repository/VLink/Page_CCSale/txt_ApplicationId'

2023-02-17 20:49:50 - [MESSAGE][PASSED] - Text 'username' is set on object 'Object Repository/VLink/Page_CCSale/txt_Username'

2023-02-17 20:49:51 - [MESSAGE][PASSED] - Text 'password' is set on object 'Object Repository/VLink/Page_CCSale/txt_Password'

2023-02-17 20:49:52 - [MESSAGE][PASSED] - Text 'fixed_width' is set on object 'Object Repository/VLink/Page_CCSale/txt_ResponseFormat'

2023-02-17 20:49:52 - [MESSAGE][PASSED] - Text 'MOTO' is set on object 'Object Repository/VLink/Page_CCSale/txt_Category'

2023-02-17 20:49:53 - [MESSAGE][PASSED] - Text '' is set on object 'Object Repository/VLink/Page_CCSale/txt_TransactionID'

2023-02-17 20:49:54 - [MESSAGE][PASSED] - Text '' is set on object 'Object Repository/VLink/Page_CCSale/txt_ApprovalCode'

2023-02-17 20:49:54 - [MESSAGE][PASSED] - Text 'Roshan Maha' is set on object 'Object Repository/VLink/Page_CCSale/txt_CardName'

2023-02-17 20:49:55 - [MESSAGE][PASSED] - Text '12563 Bazaar road' is set on object 'Object Repository/VLink/Page_CCSale/txt_AL1'

2023-02-17 20:49:56 - [MESSAGE][PASSED] - Text '' is set on object 'Object Repository/VLink/Page_CCSale/txt_AL2'

2023-02-17 20:49:56 - [MESSAGE][PASSED] - Text 'Crofton' is set on object 'Object Repository/VLink/Page_CCSale/txt_CardCity'

2023-02-17 20:49:57 - [MESSAGE][PASSED] - Text 'MD' is set on object 'Object Repository/VLink/Page_CCSale/txt_CardState'

2023-02-17 20:49:58 - [MESSAGE][PASSED] - Text '21114' is set on object 'Object Repository/VLink/Page_CCSale/txt_CardZIP'

2023-02-17 20:49:58 - [MESSAGE][PASSED] - Text '' is set on object 'Object Repository/VLink/Page_CCSale/txt_CountryID'

2023-02-17 20:49:59 - [MESSAGE][PASSED] - Text '3.50' is set on object 'Object Repository/VLink/Page_CCSale/txt_Amount'

2023-02-17 20:50:00 - [MESSAGE][PASSED] - Text '370000000000002' is set on object 'Object Repository/VLink/Page_CCSale/txt_CardNumber'

2023-02-17 20:50:00 - [MESSAGE][PASSED] - Text '01' is set on object 'Object Repository/VLink/Page_CCSale/txt_ExpMonth'

2023-02-17 20:50:01 - [MESSAGE][PASSED] - Text '2026' is set on object 'Object Repository/VLink/Page_CCSale/txt_ExpYear'

2023-02-17 20:50:02 - [MESSAGE][PASSED] - Text '' is set on object 'Object Repository/VLink/Page_CCSale/txt_CVV'

2023-02-17 20:50:02 - [MESSAGE][PASSED] - Text '' is set on object 'Object Repository/VLink/Page_CCSale/txt_CVVstate'

2023-02-17 20:50:03 - [MESSAGE][PASSED] - Text '' is set on object 'Object Repository/VLink/Page_CCSale/txt_TrackData'

2023-02-17 20:50:04 - [MESSAGE][PASSED] - Text '' is set on object 'Object Repository/VLink/Page_CCSale/txt_Track1Data'

2023-02-17 20:50:04 - [MESSAGE][PASSED] - Text '' is set on object 'Object Repository/VLink/Page_CCSale/txt_Track2Data'

2023-02-17 20:50:05 - [MESSAGE][PASSED] - Text 'manual' is set on object 'Object Repository/VLink/Page_CCSale/txt_POSEntryMode'

2023-02-17 20:50:06 - [MESSAGE][PASSED] - Text '' is set on object 'Object Repository/VLink/Page_CCSale/txt_Email'

2023-02-17 20:50:06 - [MESSAGE][PASSED] - Text '' is set on object 'Object Repository/VLink/Page_CCSale/txt_OrderNumber'

2023-02-17 20:50:07 - [MESSAGE][PASSED] - Text '' is set on object 'Object Repository/VLink/Page_CCSale/txt_TaxAmount'

2023-02-17 20:50:08 - [MESSAGE][PASSED] - Text '' is set on object 'Object Repository/VLink/Page_CCSale/txt_ChargeDescription'

2023-02-17 20:50:08 - [MESSAGE][PASSED] - Text '' is set on object 'Object Repository/VLink/Page_CCSale/txt_CAN'

2023-02-17 20:50:09 - [MESSAGE][PASSED] - Text '' is set on object 'Object Repository/VLink/Page_CCSale/txt_BillPaymentIndicator'

2023-02-17 20:50:10 - [MESSAGE][PASSED] - Text '' is set on object 'Object Repository/VLink/Page_CCSale/txt_UDF1'

2023-02-17 20:50:10 - [MESSAGE][PASSED] - Text '' is set on object 'Object Repository/VLink/Page_CCSale/txt_UDF2'

2023-02-17 20:50:11 - [MESSAGE][PASSED] - Text '' is set on object 'Object Repository/VLink/Page_CCSale/txt_UDF3'

2023-02-17 20:50:12 - [MESSAGE][PASSED] - Text '' is set on object 'Object Repository/VLink/Page_CCSale/txt_UDF4'

2023-02-17 20:50:12 - [MESSAGE][PASSED] - Text '' is set on object 'Object Repository/VLink/Page_CCSale/txt_UDF5'

2023-02-17 20:50:13 - [MESSAGE][PASSED] - Text '' is set on object 'Object Repository/VLink/Page_CCSale/txt_UDF6'

2023-02-17 20:50:14 - [MESSAGE][PASSED] - Text '' is set on object 'Object Repository/VLink/Page_CCSale/txt_UDF7'

2023-02-17 20:50:14 - [MESSAGE][PASSED] - Text '' is set on object 'Object Repository/VLink/Page_CCSale/txt_UDF8'

2023-02-17 20:50:15 - [MESSAGE][PASSED] - Text '' is set on object 'Object Repository/VLink/Page_CCSale/txt_UDF9'

2023-02-17 20:50:16 - [MESSAGE][PASSED] - Text '' is set on object 'Object Repository/VLink/Page_CCSale/txt_UDF10'

2023-02-17 20:50:19 - [MESSAGE][PASSED] - Object: 'Object Repository/VLink/Page_CCSale/btn_ProcessVLinkTransaction' is clicked on

2023-02-17 20:50:24 - [MESSAGE][PASSED] - vlinkPages.saleCCPage.setDataSCC is PASSED

2023-02-17 20:50:24 - [TEST_STEP][PASSED] - if (verifyTextPresent("Transaction approved, no errors", true)): null

2023-02-17 20:50:24 - [MESSAGE][PASSED] - Text 'Transaction approved, no errors' is present on page  using regular expression

2023-02-17 20:50:24 - [TEST_STEP][PASSED] - println("Transaction Approved, no errors text is present on the Confirmation page"): null

2023-02-17 20:50:24 - [TEST_STEP][PASSED] - out.println("Pass Record Number: " + row): null

2023-02-17 20:50:24 - [TEST_STEP][PASSED] - resText = "Pass": null

2023-02-17 20:50:24 - [TEST_STEP][PASSED] - pages.WriteExcel.demoKey(resText, datText, resColumn, datCloumn, fileLoc, nameSheet, row): pages.WriteExcel.demoKey is PASSED

2023-02-17 20:50:24 - [MESSAGE][PASSED] - pages.WriteExcel.demoKey is PASSED

2023-02-17 20:50:24 - [TEST_STEP][PASSED] - sdfo = getText(findTestObject("Object Repository/Page_VLinkReceipt/pre_STX")): Text of object 'Object Repository/Page_VLinkReceipt/pre_STX' is: '<STX>rmyO8Geld9vs                  12127261            0  Transaction approved, no errors                   0                                                                                  X OK0463   <ETX>'

2023-02-17 20:50:24 - [MESSAGE][PASSED] - Text of object 'Object Repository/Page_VLinkReceipt/pre_STX' is: '<STX>rmyO8Geld9vs                  12127261            0  Transaction approved, no errors                   0                                                                                  X OK0463   <ETX>'

2023-02-17 20:50:25 - [TEST_STEP][PASSED] - out.println("sdfo: " + sdfo): null

2023-02-17 20:50:25 - [TEST_STEP][PASSED] - remID = substring(5, 35).trim(): null

2023-02-17 20:50:25 - [TEST_STEP][PASSED] - out.println("Remittance ID: " + remID): null

2023-02-17 20:50:25 - [TEST_STEP][PASSED] - traxID = substring(35, 55).trim(): null

2023-02-17 20:50:25 - [TEST_STEP][PASSED] - out.println("Transaction ID: " + traxID): null

2023-02-17 20:50:25 - [TEST_STEP][PASSED] - out.println("End Record Number: " + row): null

2023-02-17 20:50:25 - [TEST_STEP][PASSED] - closeBrowser(): Browser is closed

2023-02-17 20:50:25 - [MESSAGE][PASSED] - Browser is closed

2023-02-17 20:50:25 - [TEST_STEP][PASSED] - ExecuteTC = findTestData(dataFile).getValue("Execute", row): null

2023-02-17 20:50:26 - [TEST_STEP][PASSED] - out.println("Value of Execute is : " + ExecuteTC): null

2023-02-17 20:50:26 - [TEST_STEP][PASSED] - if (ExecuteTC.equalsIgnoreCase("Y")): Browser is closed

2023-02-17 20:50:26 - [TEST_STEP][PASSED] - out.println("Begin Record Number: " + row): null

2023-02-17 20:50:26 - [TEST_STEP][PASSED] - today = new java.util.Date(): null

2023-02-17 20:50:26 - [TEST_STEP][PASSED] - println(today): null

2023-02-17 20:50:26 - [TEST_STEP][PASSED] - datText = today: null

2023-02-17 20:50:26 - [TEST_STEP][PASSED] - openBrowser(VLinkURL + "authcap.html"): Browser is opened with url: 'https://dev-algorithm.govolution.com/vlinktest/QA/version_2_0/authcap.html'

2023-02-17 20:50:26 - [MESSAGE][INFO] - Starting 'Chrome' driver

2023-02-17 20:50:26 - [MESSAGE][INFO] - User set preference: ['acceptInsecureCerts', 'true']

2023-02-17 20:50:26 - [MESSAGE][INFO] - Action delay is set to 0 milliseconds

2023-02-17 20:50:27 - [MESSAGE][PASSED] - Browser is opened with url: 'https://dev-algorithm.govolution.com/vlinktest/QA/version_2_0/authcap.html'

2023-02-17 20:50:27 - [TEST_STEP][PASSED] - maximizeWindow(): Current window maximized

2023-02-17 20:50:27 - [MESSAGE][PASSED] - Current window maximized

2023-02-17 20:50:27 - [TEST_STEP][PASSED] - vlinkPages.saleCCPage.setDataSCC(row, dataFile): vlinkPages.saleCCPage.setDataSCC is PASSED

2023-02-17 20:50:30 - [MESSAGE][PASSED] - Object 'Object Repository/VLink/Page_CCSale/txt_CardNumber' is present

2023-02-17 20:50:31 - [MESSAGE][PASSED] - Text '104' is set on object 'Object Repository/VLink/Page_CCSale/txt_TransactionType'

2023-02-17 20:50:32 - [MESSAGE][PASSED] - Text '2.0C' is set on object 'Object Repository/VLink/Page_CCSale/txt_MessageVersion'

2023-02-17 20:50:32 - [MESSAGE][PASSED] - Text '1m4TxwzsYuet' is set on object 'Object Repository/VLink/Page_CCSale/txt_RemID'

2023-02-17 20:50:33 - [MESSAGE][PASSED] - Text '665' is set on object 'Object Repository/VLink/Page_CCSale/txt_ApplicationId'

2023-02-17 20:50:33 - [MESSAGE][PASSED] - Text 'username' is set on object 'Object Repository/VLink/Page_CCSale/txt_Username'

2023-02-17 20:50:34 - [MESSAGE][PASSED] - Text 'password' is set on object 'Object Repository/VLink/Page_CCSale/txt_Password'

2023-02-17 20:50:35 - [MESSAGE][PASSED] - Text 'fixed_width' is set on object 'Object Repository/VLink/Page_CCSale/txt_ResponseFormat'

2023-02-17 20:50:35 - [MESSAGE][PASSED] - Text 'MOTO' is set on object 'Object Repository/VLink/Page_CCSale/txt_Category'

2023-02-17 20:50:36 - [MESSAGE][PASSED] - Text '' is set on object 'Object Repository/VLink/Page_CCSale/txt_TransactionID'

2023-02-17 20:50:37 - [MESSAGE][PASSED] - Text '' is set on object 'Object Repository/VLink/Page_CCSale/txt_ApprovalCode'

2023-02-17 20:50:37 - [MESSAGE][PASSED] - Text 'Kris Roshan' is set on object 'Object Repository/VLink/Page_CCSale/txt_CardName'

2023-02-17 20:50:38 - [MESSAGE][PASSED] - Text '258 Elm Road' is set on object 'Object Repository/VLink/Page_CCSale/txt_AL1'

2023-02-17 20:50:39 - [MESSAGE][PASSED] - Text 'Suite 56' is set on object 'Object Repository/VLink/Page_CCSale/txt_AL2'

2023-02-17 20:50:39 - [MESSAGE][PASSED] - Text 'Arlington' is set on object 'Object Repository/VLink/Page_CCSale/txt_CardCity'

2023-02-17 20:50:40 - [MESSAGE][PASSED] - Text 'VA' is set on object 'Object Repository/VLink/Page_CCSale/txt_CardState'

2023-02-17 20:50:41 - [MESSAGE][PASSED] - Text '22201' is set on object 'Object Repository/VLink/Page_CCSale/txt_CardZIP'

2023-02-17 20:50:41 - [MESSAGE][PASSED] - Text '840' is set on object 'Object Repository/VLink/Page_CCSale/txt_CountryID'

2023-02-17 20:50:42 - [MESSAGE][PASSED] - Text '1.50' is set on object 'Object Repository/VLink/Page_CCSale/txt_Amount'

2023-02-17 20:50:43 - [MESSAGE][PASSED] - Text '6011000000000004' is set on object 'Object Repository/VLink/Page_CCSale/txt_CardNumber'

2023-02-17 20:50:43 - [MESSAGE][PASSED] - Text '12' is set on object 'Object Repository/VLink/Page_CCSale/txt_ExpMonth'

2023-02-17 20:50:44 - [MESSAGE][PASSED] - Text '2025' is set on object 'Object Repository/VLink/Page_CCSale/txt_ExpYear'

2023-02-17 20:50:45 - [MESSAGE][PASSED] - Text '' is set on object 'Object Repository/VLink/Page_CCSale/txt_CVV'

2023-02-17 20:50:45 - [MESSAGE][PASSED] - Text '' is set on object 'Object Repository/VLink/Page_CCSale/txt_CVVstate'

2023-02-17 20:50:46 - [MESSAGE][PASSED] - Text '' is set on object 'Object Repository/VLink/Page_CCSale/txt_TrackData'

2023-02-17 20:50:47 - [MESSAGE][PASSED] - Text '' is set on object 'Object Repository/VLink/Page_CCSale/txt_Track1Data'

2023-02-17 20:50:47 - [MESSAGE][PASSED] - Text '' is set on object 'Object Repository/VLink/Page_CCSale/txt_Track2Data'

2023-02-17 20:50:48 - [MESSAGE][PASSED] - Text 'manual' is set on object 'Object Repository/VLink/Page_CCSale/txt_POSEntryMode'

2023-02-17 20:50:49 - [MESSAGE][PASSED] - Text 'iahmed@govolution.com' is set on object 'Object Repository/VLink/Page_CCSale/txt_Email'

2023-02-17 20:50:49 - [MESSAGE][PASSED] - Text '2569362' is set on object 'Object Repository/VLink/Page_CCSale/txt_OrderNumber'

2023-02-17 20:50:50 - [MESSAGE][PASSED] - Text '1.15' is set on object 'Object Repository/VLink/Page_CCSale/txt_TaxAmount'

2023-02-17 20:50:51 - [MESSAGE][PASSED] - Text 'Charge Description' is set on object 'Object Repository/VLink/Page_CCSale/txt_ChargeDescription'

2023-02-17 20:50:51 - [MESSAGE][PASSED] - Text '147357' is set on object 'Object Repository/VLink/Page_CCSale/txt_CAN'

2023-02-17 20:50:52 - [MESSAGE][PASSED] - Text '1' is set on object 'Object Repository/VLink/Page_CCSale/txt_BillPaymentIndicator'

2023-02-17 20:50:53 - [MESSAGE][PASSED] - Text 'UDF Data 1' is set on object 'Object Repository/VLink/Page_CCSale/txt_UDF1'

2023-02-17 20:50:53 - [MESSAGE][PASSED] - Text 'UDF Data 2' is set on object 'Object Repository/VLink/Page_CCSale/txt_UDF2'

2023-02-17 20:50:54 - [MESSAGE][PASSED] - Text 'UDF Data 3' is set on object 'Object Repository/VLink/Page_CCSale/txt_UDF3'

2023-02-17 20:50:55 - [MESSAGE][PASSED] - Text 'UDF Data 4' is set on object 'Object Repository/VLink/Page_CCSale/txt_UDF4'

2023-02-17 20:50:55 - [MESSAGE][PASSED] - Text 'UDF Data 5' is set on object 'Object Repository/VLink/Page_CCSale/txt_UDF5'

2023-02-17 20:50:56 - [MESSAGE][PASSED] - Text 'UDF Data 6' is set on object 'Object Repository/VLink/Page_CCSale/txt_UDF6'

2023-02-17 20:50:57 - [MESSAGE][PASSED] - Text 'UDF Data 7' is set on object 'Object Repository/VLink/Page_CCSale/txt_UDF7'

2023-02-17 20:50:58 - [MESSAGE][PASSED] - Text 'UDF Data 8' is set on object 'Object Repository/VLink/Page_CCSale/txt_UDF8'

2023-02-17 20:50:58 - [MESSAGE][PASSED] - Text 'UDF Data 9' is set on object 'Object Repository/VLink/Page_CCSale/txt_UDF9'

2023-02-17 20:50:59 - [MESSAGE][PASSED] - Text 'UDF Data 10' is set on object 'Object Repository/VLink/Page_CCSale/txt_UDF10'

2023-02-17 20:51:02 - [MESSAGE][PASSED] - Object: 'Object Repository/VLink/Page_CCSale/btn_ProcessVLinkTransaction' is clicked on

2023-02-17 20:51:07 - [MESSAGE][PASSED] - vlinkPages.saleCCPage.setDataSCC is PASSED

2023-02-17 20:51:07 - [TEST_STEP][PASSED] - if (verifyTextPresent("Transaction approved, no errors", true)): null

2023-02-17 20:51:07 - [MESSAGE][PASSED] - Text 'Transaction approved, no errors' is present on page  using regular expression

2023-02-17 20:51:07 - [TEST_STEP][PASSED] - println("Transaction Approved, no errors text is present on the Confirmation page"): null

2023-02-17 20:51:07 - [TEST_STEP][PASSED] - out.println("Pass Record Number: " + row): null

2023-02-17 20:51:07 - [TEST_STEP][PASSED] - resText = "Pass": null

2023-02-17 20:51:07 - [TEST_STEP][PASSED] - pages.WriteExcel.demoKey(resText, datText, resColumn, datCloumn, fileLoc, nameSheet, row): pages.WriteExcel.demoKey is PASSED

2023-02-17 20:51:07 - [MESSAGE][PASSED] - pages.WriteExcel.demoKey is PASSED

2023-02-17 20:51:07 - [TEST_STEP][PASSED] - sdfo = getText(findTestObject("Object Repository/Page_VLinkReceipt/pre_STX")): Text of object 'Object Repository/Page_VLinkReceipt/pre_STX' is: '<STX>1m4TxwzsYuet                  12127263            0  Transaction approved, no errors                   0                                                                                  XXOK0493   <ETX>'

2023-02-17 20:51:07 - [MESSAGE][PASSED] - Text of object 'Object Repository/Page_VLinkReceipt/pre_STX' is: '<STX>1m4TxwzsYuet                  12127263            0  Transaction approved, no errors                   0                                                                                  XXOK0493   <ETX>'

2023-02-17 20:51:07 - [TEST_STEP][PASSED] - out.println("sdfo: " + sdfo): null

2023-02-17 20:51:07 - [TEST_STEP][PASSED] - remID = substring(5, 35).trim(): null

2023-02-17 20:51:07 - [TEST_STEP][PASSED] - out.println("Remittance ID: " + remID): null

2023-02-17 20:51:07 - [TEST_STEP][PASSED] - traxID = substring(35, 55).trim(): null

2023-02-17 20:51:07 - [TEST_STEP][PASSED] - out.println("Transaction ID: " + traxID): null

2023-02-17 20:51:07 - [TEST_STEP][PASSED] - out.println("End Record Number: " + row): null

2023-02-17 20:51:07 - [TEST_STEP][PASSED] - closeBrowser(): Browser is closed

2023-02-17 20:51:08 - [MESSAGE][PASSED] - Browser is closed

2023-02-17 20:51:08 - [TEST_STEP][PASSED] - ExecuteTC = findTestData(dataFile).getValue("Execute", row): null

2023-02-17 20:51:08 - [TEST_STEP][PASSED] - out.println("Value of Execute is : " + ExecuteTC): null

2023-02-17 20:51:08 - [TEST_STEP][PASSED] - if (ExecuteTC.equalsIgnoreCase("Y")): Browser is closed

2023-02-17 20:51:08 - [TEST_STEP][PASSED] - out.println("Begin Record Number: " + row): null

2023-02-17 20:51:08 - [TEST_STEP][PASSED] - today = new java.util.Date(): null

2023-02-17 20:51:08 - [TEST_STEP][PASSED] - println(today): null

2023-02-17 20:51:08 - [TEST_STEP][PASSED] - datText = today: null

2023-02-17 20:51:08 - [TEST_STEP][PASSED] - openBrowser(VLinkURL + "authcap.html"): Browser is opened with url: 'https://dev-algorithm.govolution.com/vlinktest/QA/version_2_0/authcap.html'

2023-02-17 20:51:08 - [MESSAGE][INFO] - Starting 'Chrome' driver

2023-02-17 20:51:08 - [MESSAGE][INFO] - User set preference: ['acceptInsecureCerts', 'true']

2023-02-17 20:51:08 - [MESSAGE][INFO] - Action delay is set to 0 milliseconds

2023-02-17 20:51:10 - [MESSAGE][PASSED] - Browser is opened with url: 'https://dev-algorithm.govolution.com/vlinktest/QA/version_2_0/authcap.html'

2023-02-17 20:51:10 - [TEST_STEP][PASSED] - maximizeWindow(): Current window maximized

2023-02-17 20:51:10 - [MESSAGE][PASSED] - Current window maximized

2023-02-17 20:51:10 - [TEST_STEP][PASSED] - vlinkPages.saleCCPage.setDataSCC(row, dataFile): vlinkPages.saleCCPage.setDataSCC is PASSED

2023-02-17 20:51:13 - [MESSAGE][PASSED] - Object 'Object Repository/VLink/Page_CCSale/txt_CardNumber' is present

2023-02-17 20:51:14 - [MESSAGE][PASSED] - Text '104' is set on object 'Object Repository/VLink/Page_CCSale/txt_TransactionType'

2023-02-17 20:51:14 - [MESSAGE][PASSED] - Text '2.0C' is set on object 'Object Repository/VLink/Page_CCSale/txt_MessageVersion'

2023-02-17 20:51:15 - [MESSAGE][PASSED] - Text 'neML44kDH4Ht' is set on object 'Object Repository/VLink/Page_CCSale/txt_RemID'

2023-02-17 20:51:15 - [MESSAGE][PASSED] - Text '672' is set on object 'Object Repository/VLink/Page_CCSale/txt_ApplicationId'

2023-02-17 20:51:16 - [MESSAGE][PASSED] - Text 'username' is set on object 'Object Repository/VLink/Page_CCSale/txt_Username'

2023-02-17 20:51:17 - [MESSAGE][PASSED] - Text 'password' is set on object 'Object Repository/VLink/Page_CCSale/txt_Password'

2023-02-17 20:51:17 - [MESSAGE][PASSED] - Text 'fixed_width' is set on object 'Object Repository/VLink/Page_CCSale/txt_ResponseFormat'

2023-02-17 20:51:18 - [MESSAGE][PASSED] - Text 'MOTO' is set on object 'Object Repository/VLink/Page_CCSale/txt_Category'

2023-02-17 20:51:19 - [MESSAGE][PASSED] - Text '' is set on object 'Object Repository/VLink/Page_CCSale/txt_TransactionID'

2023-02-17 20:51:19 - [MESSAGE][PASSED] - Text '' is set on object 'Object Repository/VLink/Page_CCSale/txt_ApprovalCode'

2023-02-17 20:51:20 - [MESSAGE][PASSED] - Text 'Arvind Silva' is set on object 'Object Repository/VLink/Page_CCSale/txt_CardName'

2023-02-17 20:51:21 - [MESSAGE][PASSED] - Text '111 Main Ave' is set on object 'Object Repository/VLink/Page_CCSale/txt_AL1'

2023-02-17 20:51:21 - [MESSAGE][PASSED] - Text '' is set on object 'Object Repository/VLink/Page_CCSale/txt_AL2'

2023-02-17 20:51:22 - [MESSAGE][PASSED] - Text 'Arlington' is set on object 'Object Repository/VLink/Page_CCSale/txt_CardCity'

2023-02-17 20:51:23 - [MESSAGE][PASSED] - Text 'VA' is set on object 'Object Repository/VLink/Page_CCSale/txt_CardState'

2023-02-17 20:51:23 - [MESSAGE][PASSED] - Text '22201' is set on object 'Object Repository/VLink/Page_CCSale/txt_CardZIP'

2023-02-17 20:51:24 - [MESSAGE][PASSED] - Text '' is set on object 'Object Repository/VLink/Page_CCSale/txt_CountryID'

2023-02-17 20:51:25 - [MESSAGE][PASSED] - Text '2.50' is set on object 'Object Repository/VLink/Page_CCSale/txt_Amount'

2023-02-17 20:51:25 - [MESSAGE][PASSED] - Text '6011000000000004' is set on object 'Object Repository/VLink/Page_CCSale/txt_CardNumber'

2023-02-17 20:51:26 - [MESSAGE][PASSED] - Text '01' is set on object 'Object Repository/VLink/Page_CCSale/txt_ExpMonth'

2023-02-17 20:51:27 - [MESSAGE][PASSED] - Text '2026' is set on object 'Object Repository/VLink/Page_CCSale/txt_ExpYear'

2023-02-17 20:51:27 - [MESSAGE][PASSED] - Text '' is set on object 'Object Repository/VLink/Page_CCSale/txt_CVV'

2023-02-17 20:51:28 - [MESSAGE][PASSED] - Text '' is set on object 'Object Repository/VLink/Page_CCSale/txt_CVVstate'

2023-02-17 20:51:29 - [MESSAGE][PASSED] - Text '' is set on object 'Object Repository/VLink/Page_CCSale/txt_TrackData'

2023-02-17 20:51:29 - [MESSAGE][PASSED] - Text '' is set on object 'Object Repository/VLink/Page_CCSale/txt_Track1Data'

2023-02-17 20:51:30 - [MESSAGE][PASSED] - Text '' is set on object 'Object Repository/VLink/Page_CCSale/txt_Track2Data'

2023-02-17 20:51:31 - [MESSAGE][PASSED] - Text 'manual' is set on object 'Object Repository/VLink/Page_CCSale/txt_POSEntryMode'

2023-02-17 20:51:31 - [MESSAGE][PASSED] - Text '' is set on object 'Object Repository/VLink/Page_CCSale/txt_Email'

2023-02-17 20:51:32 - [MESSAGE][PASSED] - Text '' is set on object 'Object Repository/VLink/Page_CCSale/txt_OrderNumber'

2023-02-17 20:51:33 - [MESSAGE][PASSED] - Text '' is set on object 'Object Repository/VLink/Page_CCSale/txt_TaxAmount'

2023-02-17 20:51:33 - [MESSAGE][PASSED] - Text '' is set on object 'Object Repository/VLink/Page_CCSale/txt_ChargeDescription'

2023-02-17 20:51:34 - [MESSAGE][PASSED] - Text '' is set on object 'Object Repository/VLink/Page_CCSale/txt_CAN'

2023-02-17 20:51:35 - [MESSAGE][PASSED] - Text '' is set on object 'Object Repository/VLink/Page_CCSale/txt_BillPaymentIndicator'

2023-02-17 20:51:36 - [MESSAGE][PASSED] - Text '' is set on object 'Object Repository/VLink/Page_CCSale/txt_UDF1'

2023-02-17 20:51:36 - [MESSAGE][PASSED] - Text '' is set on object 'Object Repository/VLink/Page_CCSale/txt_UDF2'

2023-02-17 20:51:37 - [MESSAGE][PASSED] - Text '' is set on object 'Object Repository/VLink/Page_CCSale/txt_UDF3'

2023-02-17 20:51:38 - [MESSAGE][PASSED] - Text '' is set on object 'Object Repository/VLink/Page_CCSale/txt_UDF4'

2023-02-17 20:51:38 - [MESSAGE][PASSED] - Text '' is set on object 'Object Repository/VLink/Page_CCSale/txt_UDF5'

2023-02-17 20:51:39 - [MESSAGE][PASSED] - Text '' is set on object 'Object Repository/VLink/Page_CCSale/txt_UDF6'

2023-02-17 20:51:40 - [MESSAGE][PASSED] - Text '' is set on object 'Object Repository/VLink/Page_CCSale/txt_UDF7'

2023-02-17 20:51:40 - [MESSAGE][PASSED] - Text '' is set on object 'Object Repository/VLink/Page_CCSale/txt_UDF8'

2023-02-17 20:51:41 - [MESSAGE][PASSED] - Text '' is set on object 'Object Repository/VLink/Page_CCSale/txt_UDF9'

2023-02-17 20:51:42 - [MESSAGE][PASSED] - Text '' is set on object 'Object Repository/VLink/Page_CCSale/txt_UDF10'

2023-02-17 20:51:44 - [MESSAGE][PASSED] - Object: 'Object Repository/VLink/Page_CCSale/btn_ProcessVLinkTransaction' is clicked on

2023-02-17 20:51:49 - [MESSAGE][PASSED] - vlinkPages.saleCCPage.setDataSCC is PASSED

2023-02-17 20:51:49 - [TEST_STEP][PASSED] - if (verifyTextPresent("Transaction approved, no errors", true)): null

2023-02-17 20:51:49 - [MESSAGE][PASSED] - Text 'Transaction approved, no errors' is present on page  using regular expression

2023-02-17 20:51:49 - [TEST_STEP][PASSED] - println("Transaction Approved, no errors text is present on the Confirmation page"): null

2023-02-17 20:51:49 - [TEST_STEP][PASSED] - out.println("Pass Record Number: " + row): null

2023-02-17 20:51:49 - [TEST_STEP][PASSED] - resText = "Pass": null

2023-02-17 20:51:49 - [TEST_STEP][PASSED] - pages.WriteExcel.demoKey(resText, datText, resColumn, datCloumn, fileLoc, nameSheet, row): pages.WriteExcel.demoKey is PASSED

2023-02-17 20:51:49 - [MESSAGE][PASSED] - pages.WriteExcel.demoKey is PASSED

2023-02-17 20:51:49 - [TEST_STEP][PASSED] - sdfo = getText(findTestObject("Object Repository/Page_VLinkReceipt/pre_STX")): Text of object 'Object Repository/Page_VLinkReceipt/pre_STX' is: '<STX>neML44kDH4Ht                  12127264            0  Transaction approved, no errors                   0                                                                                  XXOK0523   <ETX>'

2023-02-17 20:51:50 - [MESSAGE][PASSED] - Text of object 'Object Repository/Page_VLinkReceipt/pre_STX' is: '<STX>neML44kDH4Ht                  12127264            0  Transaction approved, no errors                   0                                                                                  XXOK0523   <ETX>'

2023-02-17 20:51:50 - [TEST_STEP][PASSED] - out.println("sdfo: " + sdfo): null

2023-02-17 20:51:50 - [TEST_STEP][PASSED] - remID = substring(5, 35).trim(): null

2023-02-17 20:51:50 - [TEST_STEP][PASSED] - out.println("Remittance ID: " + remID): null

2023-02-17 20:51:50 - [TEST_STEP][PASSED] - traxID = substring(35, 55).trim(): null

2023-02-17 20:51:50 - [TEST_STEP][PASSED] - out.println("Transaction ID: " + traxID): null

2023-02-17 20:51:50 - [TEST_STEP][PASSED] - out.println("End Record Number: " + row): null

2023-02-17 20:51:50 - [TEST_STEP][PASSED] - closeBrowser(): Browser is closed

2023-02-17 20:51:51 - [MESSAGE][PASSED] - Browser is closed

2023-02-17 20:51:51 - [TEST_STEP][PASSED] - ExecuteTC = findTestData(dataFile).getValue("Execute", row): null

2023-02-17 20:51:51 - [TEST_STEP][PASSED] - out.println("Value of Execute is : " + ExecuteTC): null

2023-02-17 20:51:51 - [TEST_STEP][PASSED] - if (ExecuteTC.equalsIgnoreCase("Y")): Browser is closed

2023-02-17 20:51:51 - [TEST_STEP][PASSED] - out.println("Begin Record Number: " + row): null

2023-02-17 20:51:51 - [TEST_STEP][PASSED] - today = new java.util.Date(): null

2023-02-17 20:51:51 - [TEST_STEP][PASSED] - println(today): null

2023-02-17 20:51:51 - [TEST_STEP][PASSED] - datText = today: null

2023-02-17 20:51:51 - [TEST_STEP][PASSED] - openBrowser(VLinkURL + "authcap.html"): Browser is opened with url: 'https://dev-algorithm.govolution.com/vlinktest/QA/version_2_0/authcap.html'

2023-02-17 20:51:51 - [MESSAGE][INFO] - Starting 'Chrome' driver

2023-02-17 20:51:51 - [MESSAGE][INFO] - User set preference: ['acceptInsecureCerts', 'true']

2023-02-17 20:51:51 - [MESSAGE][INFO] - Action delay is set to 0 milliseconds

2023-02-17 20:51:52 - [MESSAGE][PASSED] - Browser is opened with url: 'https://dev-algorithm.govolution.com/vlinktest/QA/version_2_0/authcap.html'

2023-02-17 20:51:53 - [TEST_STEP][PASSED] - maximizeWindow(): Current window maximized

2023-02-17 20:51:53 - [MESSAGE][PASSED] - Current window maximized

2023-02-17 20:51:53 - [TEST_STEP][PASSED] - vlinkPages.saleCCPage.setDataSCC(row, dataFile): vlinkPages.saleCCPage.setDataSCC is PASSED

2023-02-17 20:51:55 - [MESSAGE][PASSED] - Object 'Object Repository/VLink/Page_CCSale/txt_CardNumber' is present

2023-02-17 20:51:56 - [MESSAGE][PASSED] - Text '104' is set on object 'Object Repository/VLink/Page_CCSale/txt_TransactionType'

2023-02-17 20:51:57 - [MESSAGE][PASSED] - Text '2.0C' is set on object 'Object Repository/VLink/Page_CCSale/txt_MessageVersion'

2023-02-17 20:51:57 - [MESSAGE][PASSED] - Text 'tLVoDdBUVQ3o' is set on object 'Object Repository/VLink/Page_CCSale/txt_RemID'

2023-02-17 20:51:58 - [MESSAGE][PASSED] - Text '677' is set on object 'Object Repository/VLink/Page_CCSale/txt_ApplicationId'

2023-02-17 20:51:58 - [MESSAGE][PASSED] - Text 'username' is set on object 'Object Repository/VLink/Page_CCSale/txt_Username'

2023-02-17 20:51:59 - [MESSAGE][PASSED] - Text 'password' is set on object 'Object Repository/VLink/Page_CCSale/txt_Password'

2023-02-17 20:52:00 - [MESSAGE][PASSED] - Text 'fixed_width' is set on object 'Object Repository/VLink/Page_CCSale/txt_ResponseFormat'

2023-02-17 20:52:00 - [MESSAGE][PASSED] - Text 'MOTO' is set on object 'Object Repository/VLink/Page_CCSale/txt_Category'

2023-02-17 20:52:01 - [MESSAGE][PASSED] - Text '' is set on object 'Object Repository/VLink/Page_CCSale/txt_TransactionID'

2023-02-17 20:52:02 - [MESSAGE][PASSED] - Text '' is set on object 'Object Repository/VLink/Page_CCSale/txt_ApprovalCode'

2023-02-17 20:52:02 - [MESSAGE][PASSED] - Text 'Roshan Maha' is set on object 'Object Repository/VLink/Page_CCSale/txt_CardName'

2023-02-17 20:52:03 - [MESSAGE][PASSED] - Text '12563 Bazaar road' is set on object 'Object Repository/VLink/Page_CCSale/txt_AL1'

2023-02-17 20:52:04 - [MESSAGE][PASSED] - Text '' is set on object 'Object Repository/VLink/Page_CCSale/txt_AL2'

2023-02-17 20:52:04 - [MESSAGE][PASSED] - Text 'Crofton' is set on object 'Object Repository/VLink/Page_CCSale/txt_CardCity'

2023-02-17 20:52:05 - [MESSAGE][PASSED] - Text 'MD' is set on object 'Object Repository/VLink/Page_CCSale/txt_CardState'

2023-02-17 20:52:06 - [MESSAGE][PASSED] - Text '21114' is set on object 'Object Repository/VLink/Page_CCSale/txt_CardZIP'

2023-02-17 20:52:06 - [MESSAGE][PASSED] - Text '' is set on object 'Object Repository/VLink/Page_CCSale/txt_CountryID'

2023-02-17 20:52:07 - [MESSAGE][PASSED] - Text '3.50' is set on object 'Object Repository/VLink/Page_CCSale/txt_Amount'

2023-02-17 20:52:08 - [MESSAGE][PASSED] - Text '6011000000000004' is set on object 'Object Repository/VLink/Page_CCSale/txt_CardNumber'

2023-02-17 20:52:08 - [MESSAGE][PASSED] - Text '01' is set on object 'Object Repository/VLink/Page_CCSale/txt_ExpMonth'

2023-02-17 20:52:09 - [MESSAGE][PASSED] - Text '2026' is set on object 'Object Repository/VLink/Page_CCSale/txt_ExpYear'

2023-02-17 20:52:10 - [MESSAGE][PASSED] - Text '' is set on object 'Object Repository/VLink/Page_CCSale/txt_CVV'

2023-02-17 20:52:11 - [MESSAGE][PASSED] - Text '' is set on object 'Object Repository/VLink/Page_CCSale/txt_CVVstate'

2023-02-17 20:52:11 - [MESSAGE][PASSED] - Text '' is set on object 'Object Repository/VLink/Page_CCSale/txt_TrackData'

2023-02-17 20:52:12 - [MESSAGE][PASSED] - Text '' is set on object 'Object Repository/VLink/Page_CCSale/txt_Track1Data'

2023-02-17 20:52:13 - [MESSAGE][PASSED] - Text '' is set on object 'Object Repository/VLink/Page_CCSale/txt_Track2Data'

2023-02-17 20:52:13 - [MESSAGE][PASSED] - Text 'manual' is set on object 'Object Repository/VLink/Page_CCSale/txt_POSEntryMode'

2023-02-17 20:52:14 - [MESSAGE][PASSED] - Text '' is set on object 'Object Repository/VLink/Page_CCSale/txt_Email'

2023-02-17 20:52:14 - [MESSAGE][PASSED] - Text '' is set on object 'Object Repository/VLink/Page_CCSale/txt_OrderNumber'

2023-02-17 20:52:15 - [MESSAGE][PASSED] - Text '' is set on object 'Object Repository/VLink/Page_CCSale/txt_TaxAmount'

2023-02-17 20:52:16 - [MESSAGE][PASSED] - Text '' is set on object 'Object Repository/VLink/Page_CCSale/txt_ChargeDescription'

2023-02-17 20:52:16 - [MESSAGE][PASSED] - Text '' is set on object 'Object Repository/VLink/Page_CCSale/txt_CAN'

2023-02-17 20:52:17 - [MESSAGE][PASSED] - Text '' is set on object 'Object Repository/VLink/Page_CCSale/txt_BillPaymentIndicator'

2023-02-17 20:52:18 - [MESSAGE][PASSED] - Text '' is set on object 'Object Repository/VLink/Page_CCSale/txt_UDF1'

2023-02-17 20:52:18 - [MESSAGE][PASSED] - Text '' is set on object 'Object Repository/VLink/Page_CCSale/txt_UDF2'

2023-02-17 20:52:19 - [MESSAGE][PASSED] - Text '' is set on object 'Object Repository/VLink/Page_CCSale/txt_UDF3'

2023-02-17 20:52:20 - [MESSAGE][PASSED] - Text '' is set on object 'Object Repository/VLink/Page_CCSale/txt_UDF4'

2023-02-17 20:52:20 - [MESSAGE][PASSED] - Text '' is set on object 'Object Repository/VLink/Page_CCSale/txt_UDF5'

2023-02-17 20:52:21 - [MESSAGE][PASSED] - Text '' is set on object 'Object Repository/VLink/Page_CCSale/txt_UDF6'

2023-02-17 20:52:22 - [MESSAGE][PASSED] - Text '' is set on object 'Object Repository/VLink/Page_CCSale/txt_UDF7'

2023-02-17 20:52:22 - [MESSAGE][PASSED] - Text '' is set on object 'Object Repository/VLink/Page_CCSale/txt_UDF8'

2023-02-17 20:52:23 - [MESSAGE][PASSED] - Text '' is set on object 'Object Repository/VLink/Page_CCSale/txt_UDF9'

2023-02-17 20:52:24 - [MESSAGE][PASSED] - Text '' is set on object 'Object Repository/VLink/Page_CCSale/txt_UDF10'

2023-02-17 20:52:27 - [MESSAGE][PASSED] - Object: 'Object Repository/VLink/Page_CCSale/btn_ProcessVLinkTransaction' is clicked on

2023-02-17 20:52:32 - [MESSAGE][PASSED] - vlinkPages.saleCCPage.setDataSCC is PASSED

2023-02-17 20:52:32 - [TEST_STEP][PASSED] - if (verifyTextPresent("Transaction approved, no errors", true)): null

2023-02-17 20:52:32 - [MESSAGE][PASSED] - Text 'Transaction approved, no errors' is present on page  using regular expression

2023-02-17 20:52:32 - [TEST_STEP][PASSED] - println("Transaction Approved, no errors text is present on the Confirmation page"): null

2023-02-17 20:52:32 - [TEST_STEP][PASSED] - out.println("Pass Record Number: " + row): null

2023-02-17 20:52:32 - [TEST_STEP][PASSED] - resText = "Pass": null

2023-02-17 20:52:32 - [TEST_STEP][PASSED] - pages.WriteExcel.demoKey(resText, datText, resColumn, datCloumn, fileLoc, nameSheet, row): pages.WriteExcel.demoKey is PASSED

2023-02-17 20:52:32 - [MESSAGE][PASSED] - pages.WriteExcel.demoKey is PASSED

2023-02-17 20:52:32 - [TEST_STEP][PASSED] - sdfo = getText(findTestObject("Object Repository/Page_VLinkReceipt/pre_STX")): Text of object 'Object Repository/Page_VLinkReceipt/pre_STX' is: '<STX>tLVoDdBUVQ3o                  12127265            0  Transaction approved, no errors                   0                                                                                  XXOK0533   <ETX>'

2023-02-17 20:52:33 - [MESSAGE][PASSED] - Text of object 'Object Repository/Page_VLinkReceipt/pre_STX' is: '<STX>tLVoDdBUVQ3o                  12127265            0  Transaction approved, no errors                   0                                                                                  XXOK0533   <ETX>'

2023-02-17 20:52:33 - [TEST_STEP][PASSED] - out.println("sdfo: " + sdfo): null

2023-02-17 20:52:33 - [TEST_STEP][PASSED] - remID = substring(5, 35).trim(): null

2023-02-17 20:52:33 - [TEST_STEP][PASSED] - out.println("Remittance ID: " + remID): null

2023-02-17 20:52:33 - [TEST_STEP][PASSED] - traxID = substring(35, 55).trim(): null

2023-02-17 20:52:33 - [TEST_STEP][PASSED] - out.println("Transaction ID: " + traxID): null

2023-02-17 20:52:33 - [TEST_STEP][PASSED] - out.println("End Record Number: " + row): null

2023-02-17 20:52:33 - [TEST_STEP][PASSED] - closeBrowser(): Browser is closed

2023-02-17 20:52:34 - [MESSAGE][PASSED] - Browser is closed

2023-02-17 20:52:34 - [TEST_STEP][PASSED] - ExecuteTC = findTestData(dataFile).getValue("Execute", row): null

2023-02-17 20:52:34 - [TEST_STEP][PASSED] - out.println("Value of Execute is : " + ExecuteTC): null

2023-02-17 20:52:34 - [TEST_STEP][PASSED] - if (ExecuteTC.equalsIgnoreCase("Y")): Browser is closed

2023-02-17 20:52:34 - [TEST_STEP][PASSED] - out.println("Begin Record Number: " + row): null

2023-02-17 20:52:34 - [TEST_STEP][PASSED] - today = new java.util.Date(): null

2023-02-17 20:52:34 - [TEST_STEP][PASSED] - println(today): null

2023-02-17 20:52:34 - [TEST_STEP][PASSED] - datText = today: null

2023-02-17 20:52:34 - [TEST_STEP][PASSED] - openBrowser(VLinkURL + "authcap.html"): Browser is opened with url: 'https://dev-algorithm.govolution.com/vlinktest/QA/version_2_0/authcap.html'

2023-02-17 20:52:34 - [MESSAGE][INFO] - Starting 'Chrome' driver

2023-02-17 20:52:34 - [MESSAGE][INFO] - User set preference: ['acceptInsecureCerts', 'true']

2023-02-17 20:52:34 - [MESSAGE][INFO] - Action delay is set to 0 milliseconds

2023-02-17 20:52:35 - [MESSAGE][PASSED] - Browser is opened with url: 'https://dev-algorithm.govolution.com/vlinktest/QA/version_2_0/authcap.html'

2023-02-17 20:52:35 - [TEST_STEP][PASSED] - maximizeWindow(): Current window maximized

2023-02-17 20:52:36 - [MESSAGE][PASSED] - Current window maximized

2023-02-17 20:52:36 - [TEST_STEP][PASSED] - vlinkPages.saleCCPage.setDataSCC(row, dataFile): vlinkPages.saleCCPage.setDataSCC is PASSED

2023-02-17 20:52:39 - [MESSAGE][PASSED] - Object 'Object Repository/VLink/Page_CCSale/txt_CardNumber' is present

2023-02-17 20:52:39 - [MESSAGE][PASSED] - Text '104' is set on object 'Object Repository/VLink/Page_CCSale/txt_TransactionType'

2023-02-17 20:52:40 - [MESSAGE][PASSED] - Text '2.0C' is set on object 'Object Repository/VLink/Page_CCSale/txt_MessageVersion'

2023-02-17 20:52:40 - [MESSAGE][PASSED] - Text 'OP7voa7Ke4go' is set on object 'Object Repository/VLink/Page_CCSale/txt_RemID'

2023-02-17 20:52:41 - [MESSAGE][PASSED] - Text '665' is set on object 'Object Repository/VLink/Page_CCSale/txt_ApplicationId'

2023-02-17 20:52:42 - [MESSAGE][PASSED] - Text 'username' is set on object 'Object Repository/VLink/Page_CCSale/txt_Username'

2023-02-17 20:52:42 - [MESSAGE][PASSED] - Text 'password' is set on object 'Object Repository/VLink/Page_CCSale/txt_Password'

2023-02-17 20:52:43 - [MESSAGE][PASSED] - Text 'fixed_width' is set on object 'Object Repository/VLink/Page_CCSale/txt_ResponseFormat'

2023-02-17 20:52:44 - [MESSAGE][PASSED] - Text 'RETL' is set on object 'Object Repository/VLink/Page_CCSale/txt_Category'

2023-02-17 20:52:44 - [MESSAGE][PASSED] - Text '' is set on object 'Object Repository/VLink/Page_CCSale/txt_TransactionID'

2023-02-17 20:52:45 - [MESSAGE][PASSED] - Text '' is set on object 'Object Repository/VLink/Page_CCSale/txt_ApprovalCode'

2023-02-17 20:52:46 - [MESSAGE][PASSED] - Text 'Kris Roshan' is set on object 'Object Repository/VLink/Page_CCSale/txt_CardName'

2023-02-17 20:52:46 - [MESSAGE][PASSED] - Text '258 Elm Road' is set on object 'Object Repository/VLink/Page_CCSale/txt_AL1'

2023-02-17 20:52:47 - [MESSAGE][PASSED] - Text 'Suite 56' is set on object 'Object Repository/VLink/Page_CCSale/txt_AL2'

2023-02-17 20:52:48 - [MESSAGE][PASSED] - Text 'Arlington' is set on object 'Object Repository/VLink/Page_CCSale/txt_CardCity'

2023-02-17 20:52:48 - [MESSAGE][PASSED] - Text 'VA' is set on object 'Object Repository/VLink/Page_CCSale/txt_CardState'

2023-02-17 20:52:49 - [MESSAGE][PASSED] - Text '22201' is set on object 'Object Repository/VLink/Page_CCSale/txt_CardZIP'

2023-02-17 20:52:50 - [MESSAGE][PASSED] - Text '840' is set on object 'Object Repository/VLink/Page_CCSale/txt_CountryID'

2023-02-17 20:52:50 - [MESSAGE][PASSED] - Text '1.50' is set on object 'Object Repository/VLink/Page_CCSale/txt_Amount'

2023-02-17 20:52:51 - [MESSAGE][PASSED] - Text '4111111111111111' is set on object 'Object Repository/VLink/Page_CCSale/txt_CardNumber'

2023-02-17 20:52:52 - [MESSAGE][PASSED] - Text '12' is set on object 'Object Repository/VLink/Page_CCSale/txt_ExpMonth'

2023-02-17 20:52:52 - [MESSAGE][PASSED] - Text '2025' is set on object 'Object Repository/VLink/Page_CCSale/txt_ExpYear'

2023-02-17 20:52:53 - [MESSAGE][PASSED] - Text '' is set on object 'Object Repository/VLink/Page_CCSale/txt_CVV'

2023-02-17 20:52:54 - [MESSAGE][PASSED] - Text '' is set on object 'Object Repository/VLink/Page_CCSale/txt_CVVstate'

2023-02-17 20:52:54 - [MESSAGE][PASSED] - Text '' is set on object 'Object Repository/VLink/Page_CCSale/txt_TrackData'

2023-02-17 20:52:55 - [MESSAGE][PASSED] - Text '' is set on object 'Object Repository/VLink/Page_CCSale/txt_Track1Data'

2023-02-17 20:52:56 - [MESSAGE][PASSED] - Text '' is set on object 'Object Repository/VLink/Page_CCSale/txt_Track2Data'

2023-02-17 20:52:56 - [MESSAGE][PASSED] - Text 'manual' is set on object 'Object Repository/VLink/Page_CCSale/txt_POSEntryMode'

2023-02-17 20:52:57 - [MESSAGE][PASSED] - Text 'iahmed@govolution.com' is set on object 'Object Repository/VLink/Page_CCSale/txt_Email'

2023-02-17 20:52:58 - [MESSAGE][PASSED] - Text '2569362' is set on object 'Object Repository/VLink/Page_CCSale/txt_OrderNumber'

2023-02-17 20:52:58 - [MESSAGE][PASSED] - Text '1.15' is set on object 'Object Repository/VLink/Page_CCSale/txt_TaxAmount'

2023-02-17 20:52:59 - [MESSAGE][PASSED] - Text 'Charge Description' is set on object 'Object Repository/VLink/Page_CCSale/txt_ChargeDescription'

2023-02-17 20:53:00 - [MESSAGE][PASSED] - Text '147357' is set on object 'Object Repository/VLink/Page_CCSale/txt_CAN'

2023-02-17 20:53:00 - [MESSAGE][PASSED] - Text '1' is set on object 'Object Repository/VLink/Page_CCSale/txt_BillPaymentIndicator'

2023-02-17 20:53:01 - [MESSAGE][PASSED] - Text 'UDF Data 1' is set on object 'Object Repository/VLink/Page_CCSale/txt_UDF1'

2023-02-17 20:53:02 - [MESSAGE][PASSED] - Text 'UDF Data 2' is set on object 'Object Repository/VLink/Page_CCSale/txt_UDF2'

2023-02-17 20:53:03 - [MESSAGE][PASSED] - Text 'UDF Data 3' is set on object 'Object Repository/VLink/Page_CCSale/txt_UDF3'

2023-02-17 20:53:03 - [MESSAGE][PASSED] - Text 'UDF Data 4' is set on object 'Object Repository/VLink/Page_CCSale/txt_UDF4'

2023-02-17 20:53:04 - [MESSAGE][PASSED] - Text 'UDF Data 5' is set on object 'Object Repository/VLink/Page_CCSale/txt_UDF5'

2023-02-17 20:53:05 - [MESSAGE][PASSED] - Text 'UDF Data 6' is set on object 'Object Repository/VLink/Page_CCSale/txt_UDF6'

2023-02-17 20:53:05 - [MESSAGE][PASSED] - Text 'UDF Data 7' is set on object 'Object Repository/VLink/Page_CCSale/txt_UDF7'

2023-02-17 20:53:06 - [MESSAGE][PASSED] - Text 'UDF Data 8' is set on object 'Object Repository/VLink/Page_CCSale/txt_UDF8'

2023-02-17 20:53:07 - [MESSAGE][PASSED] - Text 'UDF Data 9' is set on object 'Object Repository/VLink/Page_CCSale/txt_UDF9'

2023-02-17 20:53:07 - [MESSAGE][PASSED] - Text 'UDF Data 10' is set on object 'Object Repository/VLink/Page_CCSale/txt_UDF10'

2023-02-17 20:53:10 - [MESSAGE][PASSED] - Object: 'Object Repository/VLink/Page_CCSale/btn_ProcessVLinkTransaction' is clicked on

2023-02-17 20:53:15 - [MESSAGE][PASSED] - vlinkPages.saleCCPage.setDataSCC is PASSED

2023-02-17 20:53:15 - [TEST_STEP][PASSED] - if (verifyTextPresent("Transaction approved, no errors", true)): null

2023-02-17 20:53:15 - [MESSAGE][PASSED] - Text 'Transaction approved, no errors' is present on page  using regular expression

2023-02-17 20:53:15 - [TEST_STEP][PASSED] - println("Transaction Approved, no errors text is present on the Confirmation page"): null

2023-02-17 20:53:15 - [TEST_STEP][PASSED] - out.println("Pass Record Number: " + row): null

2023-02-17 20:53:15 - [TEST_STEP][PASSED] - resText = "Pass": null

2023-02-17 20:53:15 - [TEST_STEP][PASSED] - pages.WriteExcel.demoKey(resText, datText, resColumn, datCloumn, fileLoc, nameSheet, row): pages.WriteExcel.demoKey is PASSED

2023-02-17 20:53:15 - [MESSAGE][PASSED] - pages.WriteExcel.demoKey is PASSED

2023-02-17 20:53:15 - [TEST_STEP][PASSED] - sdfo = getText(findTestObject("Object Repository/Page_VLinkReceipt/pre_STX")): Text of object 'Object Repository/Page_VLinkReceipt/pre_STX' is: '<STX>OP7voa7Ke4go                  12127267            0  Transaction approved, no errors                   0                                                                                  X OK0553   <ETX>'

2023-02-17 20:53:16 - [MESSAGE][PASSED] - Text of object 'Object Repository/Page_VLinkReceipt/pre_STX' is: '<STX>OP7voa7Ke4go                  12127267            0  Transaction approved, no errors                   0                                                                                  X OK0553   <ETX>'

2023-02-17 20:53:16 - [TEST_STEP][PASSED] - out.println("sdfo: " + sdfo): null

2023-02-17 20:53:16 - [TEST_STEP][PASSED] - remID = substring(5, 35).trim(): null

2023-02-17 20:53:16 - [TEST_STEP][PASSED] - out.println("Remittance ID: " + remID): null

2023-02-17 20:53:16 - [TEST_STEP][PASSED] - traxID = substring(35, 55).trim(): null

2023-02-17 20:53:16 - [TEST_STEP][PASSED] - out.println("Transaction ID: " + traxID): null

2023-02-17 20:53:16 - [TEST_STEP][PASSED] - out.println("End Record Number: " + row): null

2023-02-17 20:53:16 - [TEST_STEP][PASSED] - closeBrowser(): Browser is closed

2023-02-17 20:53:17 - [MESSAGE][PASSED] - Browser is closed

2023-02-17 20:53:17 - [TEST_STEP][PASSED] - ExecuteTC = findTestData(dataFile).getValue("Execute", row): null

2023-02-17 20:53:17 - [TEST_STEP][PASSED] - out.println("Value of Execute is : " + ExecuteTC): null

2023-02-17 20:53:17 - [TEST_STEP][PASSED] - if (ExecuteTC.equalsIgnoreCase("Y")): Browser is closed

2023-02-17 20:53:17 - [TEST_STEP][PASSED] - out.println("Begin Record Number: " + row): null

2023-02-17 20:53:17 - [TEST_STEP][PASSED] - today = new java.util.Date(): null

2023-02-17 20:53:17 - [TEST_STEP][PASSED] - println(today): null

2023-02-17 20:53:17 - [TEST_STEP][PASSED] - datText = today: null

2023-02-17 20:53:17 - [TEST_STEP][PASSED] - openBrowser(VLinkURL + "authcap.html"): Browser is opened with url: 'https://dev-algorithm.govolution.com/vlinktest/QA/version_2_0/authcap.html'

2023-02-17 20:53:17 - [MESSAGE][INFO] - Starting 'Chrome' driver

2023-02-17 20:53:17 - [MESSAGE][INFO] - User set preference: ['acceptInsecureCerts', 'true']

2023-02-17 20:53:17 - [MESSAGE][INFO] - Action delay is set to 0 milliseconds

2023-02-17 20:53:19 - [MESSAGE][PASSED] - Browser is opened with url: 'https://dev-algorithm.govolution.com/vlinktest/QA/version_2_0/authcap.html'

2023-02-17 20:53:19 - [TEST_STEP][PASSED] - maximizeWindow(): Current window maximized

2023-02-17 20:53:19 - [MESSAGE][PASSED] - Current window maximized

2023-02-17 20:53:19 - [TEST_STEP][PASSED] - vlinkPages.saleCCPage.setDataSCC(row, dataFile): vlinkPages.saleCCPage.setDataSCC is PASSED

2023-02-17 20:53:21 - [MESSAGE][PASSED] - Object 'Object Repository/VLink/Page_CCSale/txt_CardNumber' is present

2023-02-17 20:53:22 - [MESSAGE][PASSED] - Text '104' is set on object 'Object Repository/VLink/Page_CCSale/txt_TransactionType'

2023-02-17 20:53:23 - [MESSAGE][PASSED] - Text '2.0C' is set on object 'Object Repository/VLink/Page_CCSale/txt_MessageVersion'

2023-02-17 20:53:23 - [MESSAGE][PASSED] - Text '4sQwZsrzwvdz' is set on object 'Object Repository/VLink/Page_CCSale/txt_RemID'

2023-02-17 20:53:24 - [MESSAGE][PASSED] - Text '672' is set on object 'Object Repository/VLink/Page_CCSale/txt_ApplicationId'

2023-02-17 20:53:25 - [MESSAGE][PASSED] - Text 'username' is set on object 'Object Repository/VLink/Page_CCSale/txt_Username'

2023-02-17 20:53:25 - [MESSAGE][PASSED] - Text 'password' is set on object 'Object Repository/VLink/Page_CCSale/txt_Password'

2023-02-17 20:53:26 - [MESSAGE][PASSED] - Text 'fixed_width' is set on object 'Object Repository/VLink/Page_CCSale/txt_ResponseFormat'

2023-02-17 20:53:26 - [MESSAGE][PASSED] - Text 'RETL' is set on object 'Object Repository/VLink/Page_CCSale/txt_Category'

2023-02-17 20:53:27 - [MESSAGE][PASSED] - Text '' is set on object 'Object Repository/VLink/Page_CCSale/txt_TransactionID'

2023-02-17 20:53:28 - [MESSAGE][PASSED] - Text '' is set on object 'Object Repository/VLink/Page_CCSale/txt_ApprovalCode'

2023-02-17 20:53:28 - [MESSAGE][PASSED] - Text 'Arvind Silva' is set on object 'Object Repository/VLink/Page_CCSale/txt_CardName'

2023-02-17 20:53:29 - [MESSAGE][PASSED] - Text '111 Main Ave' is set on object 'Object Repository/VLink/Page_CCSale/txt_AL1'

2023-02-17 20:53:30 - [MESSAGE][PASSED] - Text '' is set on object 'Object Repository/VLink/Page_CCSale/txt_AL2'

2023-02-17 20:53:30 - [MESSAGE][PASSED] - Text 'Arlington' is set on object 'Object Repository/VLink/Page_CCSale/txt_CardCity'

2023-02-17 20:53:31 - [MESSAGE][PASSED] - Text 'VA' is set on object 'Object Repository/VLink/Page_CCSale/txt_CardState'

2023-02-17 20:53:32 - [MESSAGE][PASSED] - Text '22201' is set on object 'Object Repository/VLink/Page_CCSale/txt_CardZIP'

2023-02-17 20:53:32 - [MESSAGE][PASSED] - Text '' is set on object 'Object Repository/VLink/Page_CCSale/txt_CountryID'

2023-02-17 20:53:33 - [MESSAGE][PASSED] - Text '2.50' is set on object 'Object Repository/VLink/Page_CCSale/txt_Amount'

2023-02-17 20:53:34 - [MESSAGE][PASSED] - Text '4111111111111111' is set on object 'Object Repository/VLink/Page_CCSale/txt_CardNumber'

2023-02-17 20:53:34 - [MESSAGE][PASSED] - Text '01' is set on object 'Object Repository/VLink/Page_CCSale/txt_ExpMonth'

2023-02-17 20:53:35 - [MESSAGE][PASSED] - Text '2026' is set on object 'Object Repository/VLink/Page_CCSale/txt_ExpYear'

2023-02-17 20:53:36 - [MESSAGE][PASSED] - Text '' is set on object 'Object Repository/VLink/Page_CCSale/txt_CVV'

2023-02-17 20:53:36 - [MESSAGE][PASSED] - Text '' is set on object 'Object Repository/VLink/Page_CCSale/txt_CVVstate'

2023-02-17 20:53:37 - [MESSAGE][PASSED] - Text '' is set on object 'Object Repository/VLink/Page_CCSale/txt_TrackData'

2023-02-17 20:53:38 - [MESSAGE][PASSED] - Text '' is set on object 'Object Repository/VLink/Page_CCSale/txt_Track1Data'

2023-02-17 20:53:38 - [MESSAGE][PASSED] - Text '' is set on object 'Object Repository/VLink/Page_CCSale/txt_Track2Data'

2023-02-17 20:53:39 - [MESSAGE][PASSED] - Text 'manual' is set on object 'Object Repository/VLink/Page_CCSale/txt_POSEntryMode'

2023-02-17 20:53:40 - [MESSAGE][PASSED] - Text '' is set on object 'Object Repository/VLink/Page_CCSale/txt_Email'

2023-02-17 20:53:40 - [MESSAGE][PASSED] - Text '' is set on object 'Object Repository/VLink/Page_CCSale/txt_OrderNumber'

2023-02-17 20:53:41 - [MESSAGE][PASSED] - Text '' is set on object 'Object Repository/VLink/Page_CCSale/txt_TaxAmount'

2023-02-17 20:53:42 - [MESSAGE][PASSED] - Text '' is set on object 'Object Repository/VLink/Page_CCSale/txt_ChargeDescription'

2023-02-17 20:53:42 - [MESSAGE][PASSED] - Text '' is set on object 'Object Repository/VLink/Page_CCSale/txt_CAN'

2023-02-17 20:53:43 - [MESSAGE][PASSED] - Text '' is set on object 'Object Repository/VLink/Page_CCSale/txt_BillPaymentIndicator'

2023-02-17 20:53:44 - [MESSAGE][PASSED] - Text '' is set on object 'Object Repository/VLink/Page_CCSale/txt_UDF1'

2023-02-17 20:53:44 - [MESSAGE][PASSED] - Text '' is set on object 'Object Repository/VLink/Page_CCSale/txt_UDF2'

2023-02-17 20:53:45 - [MESSAGE][PASSED] - Text '' is set on object 'Object Repository/VLink/Page_CCSale/txt_UDF3'

2023-02-17 20:53:46 - [MESSAGE][PASSED] - Text '' is set on object 'Object Repository/VLink/Page_CCSale/txt_UDF4'

2023-02-17 20:53:46 - [MESSAGE][PASSED] - Text '' is set on object 'Object Repository/VLink/Page_CCSale/txt_UDF5'

2023-02-17 20:53:47 - [MESSAGE][PASSED] - Text '' is set on object 'Object Repository/VLink/Page_CCSale/txt_UDF6'

2023-02-17 20:53:48 - [MESSAGE][PASSED] - Text '' is set on object 'Object Repository/VLink/Page_CCSale/txt_UDF7'

2023-02-17 20:53:48 - [MESSAGE][PASSED] - Text '' is set on object 'Object Repository/VLink/Page_CCSale/txt_UDF8'

2023-02-17 20:53:49 - [MESSAGE][PASSED] - Text '' is set on object 'Object Repository/VLink/Page_CCSale/txt_UDF9'

2023-02-17 20:53:50 - [MESSAGE][PASSED] - Text '' is set on object 'Object Repository/VLink/Page_CCSale/txt_UDF10'

2023-02-17 20:53:52 - [MESSAGE][PASSED] - Object: 'Object Repository/VLink/Page_CCSale/btn_ProcessVLinkTransaction' is clicked on

2023-02-17 20:53:57 - [MESSAGE][PASSED] - vlinkPages.saleCCPage.setDataSCC is PASSED

2023-02-17 20:53:57 - [TEST_STEP][PASSED] - if (verifyTextPresent("Transaction approved, no errors", true)): null

2023-02-17 20:53:58 - [MESSAGE][PASSED] - Text 'Transaction approved, no errors' is present on page  using regular expression

2023-02-17 20:53:58 - [TEST_STEP][PASSED] - println("Transaction Approved, no errors text is present on the Confirmation page"): null

2023-02-17 20:53:58 - [TEST_STEP][PASSED] - out.println("Pass Record Number: " + row): null

2023-02-17 20:53:58 - [TEST_STEP][PASSED] - resText = "Pass": null

2023-02-17 20:53:58 - [TEST_STEP][PASSED] - pages.WriteExcel.demoKey(resText, datText, resColumn, datCloumn, fileLoc, nameSheet, row): pages.WriteExcel.demoKey is PASSED

2023-02-17 20:53:58 - [MESSAGE][PASSED] - pages.WriteExcel.demoKey is PASSED

2023-02-17 20:53:58 - [TEST_STEP][PASSED] - sdfo = getText(findTestObject("Object Repository/Page_VLinkReceipt/pre_STX")): Text of object 'Object Repository/Page_VLinkReceipt/pre_STX' is: '<STX>4sQwZsrzwvdz                  12127268            0  Transaction approved, no errors                   0                                                                                  X OK0603   <ETX>'

2023-02-17 20:53:58 - [MESSAGE][PASSED] - Text of object 'Object Repository/Page_VLinkReceipt/pre_STX' is: '<STX>4sQwZsrzwvdz                  12127268            0  Transaction approved, no errors                   0                                                                                  X OK0603   <ETX>'

2023-02-17 20:53:58 - [TEST_STEP][PASSED] - out.println("sdfo: " + sdfo): null

2023-02-17 20:53:58 - [TEST_STEP][PASSED] - remID = substring(5, 35).trim(): null

2023-02-17 20:53:58 - [TEST_STEP][PASSED] - out.println("Remittance ID: " + remID): null

2023-02-17 20:53:58 - [TEST_STEP][PASSED] - traxID = substring(35, 55).trim(): null

2023-02-17 20:53:58 - [TEST_STEP][PASSED] - out.println("Transaction ID: " + traxID): null

2023-02-17 20:53:58 - [TEST_STEP][PASSED] - out.println("End Record Number: " + row): null

2023-02-17 20:53:58 - [TEST_STEP][PASSED] - closeBrowser(): Browser is closed

2023-02-17 20:53:59 - [MESSAGE][PASSED] - Browser is closed

2023-02-17 20:53:59 - [TEST_STEP][PASSED] - ExecuteTC = findTestData(dataFile).getValue("Execute", row): null

2023-02-17 20:53:59 - [TEST_STEP][PASSED] - out.println("Value of Execute is : " + ExecuteTC): null

2023-02-17 20:53:59 - [TEST_STEP][PASSED] - if (ExecuteTC.equalsIgnoreCase("Y")): Browser is closed

2023-02-17 20:53:59 - [TEST_STEP][PASSED] - out.println("Begin Record Number: " + row): null

2023-02-17 20:53:59 - [TEST_STEP][PASSED] - today = new java.util.Date(): null

2023-02-17 20:53:59 - [TEST_STEP][PASSED] - println(today): null

2023-02-17 20:53:59 - [TEST_STEP][PASSED] - datText = today: null

2023-02-17 20:53:59 - [TEST_STEP][PASSED] - openBrowser(VLinkURL + "authcap.html"): Browser is opened with url: 'https://dev-algorithm.govolution.com/vlinktest/QA/version_2_0/authcap.html'

2023-02-17 20:53:59 - [MESSAGE][INFO] - Starting 'Chrome' driver

2023-02-17 20:53:59 - [MESSAGE][INFO] - User set preference: ['acceptInsecureCerts', 'true']

2023-02-17 20:53:59 - [MESSAGE][INFO] - Action delay is set to 0 milliseconds

2023-02-17 20:54:01 - [MESSAGE][PASSED] - Browser is opened with url: 'https://dev-algorithm.govolution.com/vlinktest/QA/version_2_0/authcap.html'

2023-02-17 20:54:01 - [TEST_STEP][PASSED] - maximizeWindow(): Current window maximized

2023-02-17 20:54:01 - [MESSAGE][PASSED] - Current window maximized

2023-02-17 20:54:01 - [TEST_STEP][PASSED] - vlinkPages.saleCCPage.setDataSCC(row, dataFile): vlinkPages.saleCCPage.setDataSCC is PASSED

2023-02-17 20:54:04 - [MESSAGE][PASSED] - Object 'Object Repository/VLink/Page_CCSale/txt_CardNumber' is present

2023-02-17 20:54:04 - [MESSAGE][PASSED] - Text '104' is set on object 'Object Repository/VLink/Page_CCSale/txt_TransactionType'

2023-02-17 20:54:05 - [MESSAGE][PASSED] - Text '2.0C' is set on object 'Object Repository/VLink/Page_CCSale/txt_MessageVersion'

2023-02-17 20:54:06 - [MESSAGE][PASSED] - Text 'JEX7CxysZgdX' is set on object 'Object Repository/VLink/Page_CCSale/txt_RemID'

2023-02-17 20:54:06 - [MESSAGE][PASSED] - Text '677' is set on object 'Object Repository/VLink/Page_CCSale/txt_ApplicationId'

2023-02-17 20:54:07 - [MESSAGE][PASSED] - Text 'username' is set on object 'Object Repository/VLink/Page_CCSale/txt_Username'

2023-02-17 20:54:07 - [MESSAGE][PASSED] - Text 'password' is set on object 'Object Repository/VLink/Page_CCSale/txt_Password'

2023-02-17 20:54:08 - [MESSAGE][PASSED] - Text 'fixed_width' is set on object 'Object Repository/VLink/Page_CCSale/txt_ResponseFormat'

2023-02-17 20:54:09 - [MESSAGE][PASSED] - Text 'RETL' is set on object 'Object Repository/VLink/Page_CCSale/txt_Category'

2023-02-17 20:54:09 - [MESSAGE][PASSED] - Text '' is set on object 'Object Repository/VLink/Page_CCSale/txt_TransactionID'

2023-02-17 20:54:10 - [MESSAGE][PASSED] - Text '' is set on object 'Object Repository/VLink/Page_CCSale/txt_ApprovalCode'

2023-02-17 20:54:11 - [MESSAGE][PASSED] - Text 'Roshan Maha' is set on object 'Object Repository/VLink/Page_CCSale/txt_CardName'

2023-02-17 20:54:11 - [MESSAGE][PASSED] - Text '12563 Bazaar road' is set on object 'Object Repository/VLink/Page_CCSale/txt_AL1'

2023-02-17 20:54:12 - [MESSAGE][PASSED] - Text '' is set on object 'Object Repository/VLink/Page_CCSale/txt_AL2'

2023-02-17 20:54:13 - [MESSAGE][PASSED] - Text 'Crofton' is set on object 'Object Repository/VLink/Page_CCSale/txt_CardCity'

2023-02-17 20:54:13 - [MESSAGE][PASSED] - Text 'MD' is set on object 'Object Repository/VLink/Page_CCSale/txt_CardState'

2023-02-17 20:54:14 - [MESSAGE][PASSED] - Text '21114' is set on object 'Object Repository/VLink/Page_CCSale/txt_CardZIP'

2023-02-17 20:54:15 - [MESSAGE][PASSED] - Text '' is set on object 'Object Repository/VLink/Page_CCSale/txt_CountryID'

2023-02-17 20:54:15 - [MESSAGE][PASSED] - Text '3.50' is set on object 'Object Repository/VLink/Page_CCSale/txt_Amount'

2023-02-17 20:54:16 - [MESSAGE][PASSED] - Text '4111111111111111' is set on object 'Object Repository/VLink/Page_CCSale/txt_CardNumber'

2023-02-17 20:54:17 - [MESSAGE][PASSED] - Text '01' is set on object 'Object Repository/VLink/Page_CCSale/txt_ExpMonth'

2023-02-17 20:54:17 - [MESSAGE][PASSED] - Text '2026' is set on object 'Object Repository/VLink/Page_CCSale/txt_ExpYear'

2023-02-17 20:54:18 - [MESSAGE][PASSED] - Text '' is set on object 'Object Repository/VLink/Page_CCSale/txt_CVV'

2023-02-17 20:54:19 - [MESSAGE][PASSED] - Text '' is set on object 'Object Repository/VLink/Page_CCSale/txt_CVVstate'

2023-02-17 20:54:19 - [MESSAGE][PASSED] - Text '' is set on object 'Object Repository/VLink/Page_CCSale/txt_TrackData'

2023-02-17 20:54:20 - [MESSAGE][PASSED] - Text '' is set on object 'Object Repository/VLink/Page_CCSale/txt_Track1Data'

2023-02-17 20:54:21 - [MESSAGE][PASSED] - Text '' is set on object 'Object Repository/VLink/Page_CCSale/txt_Track2Data'

2023-02-17 20:54:21 - [MESSAGE][PASSED] - Text 'manual' is set on object 'Object Repository/VLink/Page_CCSale/txt_POSEntryMode'

2023-02-17 20:54:22 - [MESSAGE][PASSED] - Text '' is set on object 'Object Repository/VLink/Page_CCSale/txt_Email'

2023-02-17 20:54:23 - [MESSAGE][PASSED] - Text '' is set on object 'Object Repository/VLink/Page_CCSale/txt_OrderNumber'

2023-02-17 20:54:23 - [MESSAGE][PASSED] - Text '' is set on object 'Object Repository/VLink/Page_CCSale/txt_TaxAmount'

2023-02-17 20:54:24 - [MESSAGE][PASSED] - Text '' is set on object 'Object Repository/VLink/Page_CCSale/txt_ChargeDescription'

2023-02-17 20:54:25 - [MESSAGE][PASSED] - Text '' is set on object 'Object Repository/VLink/Page_CCSale/txt_CAN'

2023-02-17 20:54:25 - [MESSAGE][PASSED] - Text '' is set on object 'Object Repository/VLink/Page_CCSale/txt_BillPaymentIndicator'

2023-02-17 20:54:26 - [MESSAGE][PASSED] - Text '' is set on object 'Object Repository/VLink/Page_CCSale/txt_UDF1'

2023-02-17 20:54:27 - [MESSAGE][PASSED] - Text '' is set on object 'Object Repository/VLink/Page_CCSale/txt_UDF2'

2023-02-17 20:54:27 - [MESSAGE][PASSED] - Text '' is set on object 'Object Repository/VLink/Page_CCSale/txt_UDF3'

2023-02-17 20:54:28 - [MESSAGE][PASSED] - Text '' is set on object 'Object Repository/VLink/Page_CCSale/txt_UDF4'

2023-02-17 20:54:29 - [MESSAGE][PASSED] - Text '' is set on object 'Object Repository/VLink/Page_CCSale/txt_UDF5'

2023-02-17 20:54:29 - [MESSAGE][PASSED] - Text '' is set on object 'Object Repository/VLink/Page_CCSale/txt_UDF6'

2023-02-17 20:54:30 - [MESSAGE][PASSED] - Text '' is set on object 'Object Repository/VLink/Page_CCSale/txt_UDF7'

2023-02-17 20:54:31 - [MESSAGE][PASSED] - Text '' is set on object 'Object Repository/VLink/Page_CCSale/txt_UDF8'

2023-02-17 20:54:31 - [MESSAGE][PASSED] - Text '' is set on object 'Object Repository/VLink/Page_CCSale/txt_UDF9'

2023-02-17 20:54:32 - [MESSAGE][PASSED] - Text '' is set on object 'Object Repository/VLink/Page_CCSale/txt_UDF10'

2023-02-17 20:54:35 - [MESSAGE][PASSED] - Object: 'Object Repository/VLink/Page_CCSale/btn_ProcessVLinkTransaction' is clicked on

2023-02-17 20:54:40 - [MESSAGE][PASSED] - vlinkPages.saleCCPage.setDataSCC is PASSED

2023-02-17 20:54:40 - [TEST_STEP][PASSED] - if (verifyTextPresent("Transaction approved, no errors", true)): null

2023-02-17 20:54:41 - [MESSAGE][PASSED] - Text 'Transaction approved, no errors' is present on page  using regular expression

2023-02-17 20:54:41 - [TEST_STEP][PASSED] - println("Transaction Approved, no errors text is present on the Confirmation page"): null

2023-02-17 20:54:41 - [TEST_STEP][PASSED] - out.println("Pass Record Number: " + row): null

2023-02-17 20:54:41 - [TEST_STEP][PASSED] - resText = "Pass": null

2023-02-17 20:54:41 - [TEST_STEP][PASSED] - pages.WriteExcel.demoKey(resText, datText, resColumn, datCloumn, fileLoc, nameSheet, row): pages.WriteExcel.demoKey is PASSED

2023-02-17 20:54:41 - [MESSAGE][PASSED] - pages.WriteExcel.demoKey is PASSED

2023-02-17 20:54:41 - [TEST_STEP][PASSED] - sdfo = getText(findTestObject("Object Repository/Page_VLinkReceipt/pre_STX")): Text of object 'Object Repository/Page_VLinkReceipt/pre_STX' is: '<STX>JEX7CxysZgdX                  12127269            0  Transaction approved, no errors                   0                                                                                  X OK0643   <ETX>'

2023-02-17 20:54:41 - [MESSAGE][PASSED] - Text of object 'Object Repository/Page_VLinkReceipt/pre_STX' is: '<STX>JEX7CxysZgdX                  12127269            0  Transaction approved, no errors                   0                                                                                  X OK0643   <ETX>'

2023-02-17 20:54:41 - [TEST_STEP][PASSED] - out.println("sdfo: " + sdfo): null

2023-02-17 20:54:41 - [TEST_STEP][PASSED] - remID = substring(5, 35).trim(): null

2023-02-17 20:54:41 - [TEST_STEP][PASSED] - out.println("Remittance ID: " + remID): null

2023-02-17 20:54:41 - [TEST_STEP][PASSED] - traxID = substring(35, 55).trim(): null

2023-02-17 20:54:41 - [TEST_STEP][PASSED] - out.println("Transaction ID: " + traxID): null

2023-02-17 20:54:41 - [TEST_STEP][PASSED] - out.println("End Record Number: " + row): null

2023-02-17 20:54:41 - [TEST_STEP][PASSED] - closeBrowser(): Browser is closed

2023-02-17 20:54:42 - [MESSAGE][PASSED] - Browser is closed

2023-02-17 20:54:42 - [TEST_STEP][PASSED] - ExecuteTC = findTestData(dataFile).getValue("Execute", row): null

2023-02-17 20:54:42 - [TEST_STEP][PASSED] - out.println("Value of Execute is : " + ExecuteTC): null

2023-02-17 20:54:42 - [TEST_STEP][PASSED] - if (ExecuteTC.equalsIgnoreCase("Y")): Browser is closed

2023-02-17 20:54:42 - [TEST_STEP][PASSED] - out.println("Begin Record Number: " + row): null

2023-02-17 20:54:42 - [TEST_STEP][PASSED] - today = new java.util.Date(): null

2023-02-17 20:54:42 - [TEST_STEP][PASSED] - println(today): null

2023-02-17 20:54:42 - [TEST_STEP][PASSED] - datText = today: null

2023-02-17 20:54:42 - [TEST_STEP][PASSED] - openBrowser(VLinkURL + "authcap.html"): Browser is opened with url: 'https://dev-algorithm.govolution.com/vlinktest/QA/version_2_0/authcap.html'

2023-02-17 20:54:42 - [MESSAGE][INFO] - Starting 'Chrome' driver

2023-02-17 20:54:42 - [MESSAGE][INFO] - User set preference: ['acceptInsecureCerts', 'true']

2023-02-17 20:54:42 - [MESSAGE][INFO] - Action delay is set to 0 milliseconds

2023-02-17 20:54:44 - [MESSAGE][PASSED] - Browser is opened with url: 'https://dev-algorithm.govolution.com/vlinktest/QA/version_2_0/authcap.html'

2023-02-17 20:54:44 - [TEST_STEP][PASSED] - maximizeWindow(): Current window maximized

2023-02-17 20:54:44 - [MESSAGE][PASSED] - Current window maximized

2023-02-17 20:54:44 - [TEST_STEP][PASSED] - vlinkPages.saleCCPage.setDataSCC(row, dataFile): vlinkPages.saleCCPage.setDataSCC is PASSED

2023-02-17 20:54:47 - [MESSAGE][PASSED] - Object 'Object Repository/VLink/Page_CCSale/txt_CardNumber' is present

2023-02-17 20:54:47 - [MESSAGE][PASSED] - Text '104' is set on object 'Object Repository/VLink/Page_CCSale/txt_TransactionType'

2023-02-17 20:54:48 - [MESSAGE][PASSED] - Text '2.0C' is set on object 'Object Repository/VLink/Page_CCSale/txt_MessageVersion'

2023-02-17 20:54:49 - [MESSAGE][PASSED] - Text 'RVK2n1BQwYjh' is set on object 'Object Repository/VLink/Page_CCSale/txt_RemID'

2023-02-17 20:54:49 - [MESSAGE][PASSED] - Text '665' is set on object 'Object Repository/VLink/Page_CCSale/txt_ApplicationId'

2023-02-17 20:54:50 - [MESSAGE][PASSED] - Text 'username' is set on object 'Object Repository/VLink/Page_CCSale/txt_Username'

2023-02-17 20:54:50 - [MESSAGE][PASSED] - Text 'password' is set on object 'Object Repository/VLink/Page_CCSale/txt_Password'

2023-02-17 20:54:51 - [MESSAGE][PASSED] - Text 'fixed_width' is set on object 'Object Repository/VLink/Page_CCSale/txt_ResponseFormat'

2023-02-17 20:54:52 - [MESSAGE][PASSED] - Text 'RETL' is set on object 'Object Repository/VLink/Page_CCSale/txt_Category'

2023-02-17 20:54:52 - [MESSAGE][PASSED] - Text '' is set on object 'Object Repository/VLink/Page_CCSale/txt_TransactionID'

2023-02-17 20:54:53 - [MESSAGE][PASSED] - Text '' is set on object 'Object Repository/VLink/Page_CCSale/txt_ApprovalCode'

2023-02-17 20:54:54 - [MESSAGE][PASSED] - Text 'Kris Roshan' is set on object 'Object Repository/VLink/Page_CCSale/txt_CardName'

2023-02-17 20:54:54 - [MESSAGE][PASSED] - Text '258 Elm Road' is set on object 'Object Repository/VLink/Page_CCSale/txt_AL1'

2023-02-17 20:54:55 - [MESSAGE][PASSED] - Text 'Suite 56' is set on object 'Object Repository/VLink/Page_CCSale/txt_AL2'

2023-02-17 20:54:56 - [MESSAGE][PASSED] - Text 'Arlington' is set on object 'Object Repository/VLink/Page_CCSale/txt_CardCity'

2023-02-17 20:54:56 - [MESSAGE][PASSED] - Text 'VA' is set on object 'Object Repository/VLink/Page_CCSale/txt_CardState'

2023-02-17 20:54:57 - [MESSAGE][PASSED] - Text '22201' is set on object 'Object Repository/VLink/Page_CCSale/txt_CardZIP'

2023-02-17 20:54:58 - [MESSAGE][PASSED] - Text '840' is set on object 'Object Repository/VLink/Page_CCSale/txt_CountryID'

2023-02-17 20:54:58 - [MESSAGE][PASSED] - Text '1.50' is set on object 'Object Repository/VLink/Page_CCSale/txt_Amount'

2023-02-17 20:54:59 - [MESSAGE][PASSED] - Text '5424000000000015' is set on object 'Object Repository/VLink/Page_CCSale/txt_CardNumber'

2023-02-17 20:55:00 - [MESSAGE][PASSED] - Text '12' is set on object 'Object Repository/VLink/Page_CCSale/txt_ExpMonth'

2023-02-17 20:55:01 - [MESSAGE][PASSED] - Text '2025' is set on object 'Object Repository/VLink/Page_CCSale/txt_ExpYear'

2023-02-17 20:55:01 - [MESSAGE][PASSED] - Text '' is set on object 'Object Repository/VLink/Page_CCSale/txt_CVV'

2023-02-17 20:55:02 - [MESSAGE][PASSED] - Text '' is set on object 'Object Repository/VLink/Page_CCSale/txt_CVVstate'

2023-02-17 20:55:03 - [MESSAGE][PASSED] - Text '' is set on object 'Object Repository/VLink/Page_CCSale/txt_TrackData'

2023-02-17 20:55:03 - [MESSAGE][PASSED] - Text '' is set on object 'Object Repository/VLink/Page_CCSale/txt_Track1Data'

2023-02-17 20:55:04 - [MESSAGE][PASSED] - Text '' is set on object 'Object Repository/VLink/Page_CCSale/txt_Track2Data'

2023-02-17 20:55:05 - [MESSAGE][PASSED] - Text 'manual' is set on object 'Object Repository/VLink/Page_CCSale/txt_POSEntryMode'

2023-02-17 20:55:05 - [MESSAGE][PASSED] - Text 'iahmed@govolution.com' is set on object 'Object Repository/VLink/Page_CCSale/txt_Email'

2023-02-17 20:55:06 - [MESSAGE][PASSED] - Text '2569362' is set on object 'Object Repository/VLink/Page_CCSale/txt_OrderNumber'

2023-02-17 20:55:07 - [MESSAGE][PASSED] - Text '1.15' is set on object 'Object Repository/VLink/Page_CCSale/txt_TaxAmount'

2023-02-17 20:55:07 - [MESSAGE][PASSED] - Text 'Charge Description' is set on object 'Object Repository/VLink/Page_CCSale/txt_ChargeDescription'

2023-02-17 20:55:08 - [MESSAGE][PASSED] - Text '147357' is set on object 'Object Repository/VLink/Page_CCSale/txt_CAN'

2023-02-17 20:55:09 - [MESSAGE][PASSED] - Text '1' is set on object 'Object Repository/VLink/Page_CCSale/txt_BillPaymentIndicator'

2023-02-17 20:55:09 - [MESSAGE][PASSED] - Text 'UDF Data 1' is set on object 'Object Repository/VLink/Page_CCSale/txt_UDF1'

2023-02-17 20:55:10 - [MESSAGE][PASSED] - Text 'UDF Data 2' is set on object 'Object Repository/VLink/Page_CCSale/txt_UDF2'

2023-02-17 20:55:11 - [MESSAGE][PASSED] - Text 'UDF Data 3' is set on object 'Object Repository/VLink/Page_CCSale/txt_UDF3'

2023-02-17 20:55:12 - [MESSAGE][PASSED] - Text 'UDF Data 4' is set on object 'Object Repository/VLink/Page_CCSale/txt_UDF4'

2023-02-17 20:55:12 - [MESSAGE][PASSED] - Text 'UDF Data 5' is set on object 'Object Repository/VLink/Page_CCSale/txt_UDF5'

2023-02-17 20:55:13 - [MESSAGE][PASSED] - Text 'UDF Data 6' is set on object 'Object Repository/VLink/Page_CCSale/txt_UDF6'

2023-02-17 20:55:14 - [MESSAGE][PASSED] - Text 'UDF Data 7' is set on object 'Object Repository/VLink/Page_CCSale/txt_UDF7'

2023-02-17 20:55:14 - [MESSAGE][PASSED] - Text 'UDF Data 8' is set on object 'Object Repository/VLink/Page_CCSale/txt_UDF8'

2023-02-17 20:55:15 - [MESSAGE][PASSED] - Text 'UDF Data 9' is set on object 'Object Repository/VLink/Page_CCSale/txt_UDF9'

2023-02-17 20:55:16 - [MESSAGE][PASSED] - Text 'UDF Data 10' is set on object 'Object Repository/VLink/Page_CCSale/txt_UDF10'

2023-02-17 20:55:18 - [MESSAGE][PASSED] - Object: 'Object Repository/VLink/Page_CCSale/btn_ProcessVLinkTransaction' is clicked on

2023-02-17 20:55:23 - [MESSAGE][PASSED] - vlinkPages.saleCCPage.setDataSCC is PASSED

2023-02-17 20:55:23 - [TEST_STEP][PASSED] - if (verifyTextPresent("Transaction approved, no errors", true)): null

2023-02-17 20:55:24 - [MESSAGE][PASSED] - Text 'Transaction approved, no errors' is present on page  using regular expression

2023-02-17 20:55:24 - [TEST_STEP][PASSED] - println("Transaction Approved, no errors text is present on the Confirmation page"): null

2023-02-17 20:55:24 - [TEST_STEP][PASSED] - out.println("Pass Record Number: " + row): null

2023-02-17 20:55:24 - [TEST_STEP][PASSED] - resText = "Pass": null

2023-02-17 20:55:24 - [TEST_STEP][PASSED] - pages.WriteExcel.demoKey(resText, datText, resColumn, datCloumn, fileLoc, nameSheet, row): pages.WriteExcel.demoKey is PASSED

2023-02-17 20:55:24 - [MESSAGE][PASSED] - pages.WriteExcel.demoKey is PASSED

2023-02-17 20:55:24 - [TEST_STEP][PASSED] - sdfo = getText(findTestObject("Object Repository/Page_VLinkReceipt/pre_STX")): Text of object 'Object Repository/Page_VLinkReceipt/pre_STX' is: '<STX>RVK2n1BQwYjh                  12127271            0  Transaction approved, no errors                   0                                                                                  X OK0723   <ETX>'

2023-02-17 20:55:24 - [MESSAGE][PASSED] - Text of object 'Object Repository/Page_VLinkReceipt/pre_STX' is: '<STX>RVK2n1BQwYjh                  12127271            0  Transaction approved, no errors                   0                                                                                  X OK0723   <ETX>'

2023-02-17 20:55:24 - [TEST_STEP][PASSED] - out.println("sdfo: " + sdfo): null

2023-02-17 20:55:24 - [TEST_STEP][PASSED] - remID = substring(5, 35).trim(): null

2023-02-17 20:55:24 - [TEST_STEP][PASSED] - out.println("Remittance ID: " + remID): null

2023-02-17 20:55:24 - [TEST_STEP][PASSED] - traxID = substring(35, 55).trim(): null

2023-02-17 20:55:24 - [TEST_STEP][PASSED] - out.println("Transaction ID: " + traxID): null

2023-02-17 20:55:24 - [TEST_STEP][PASSED] - out.println("End Record Number: " + row): null

2023-02-17 20:55:24 - [TEST_STEP][PASSED] - closeBrowser(): Browser is closed

2023-02-17 20:55:25 - [MESSAGE][PASSED] - Browser is closed

2023-02-17 20:55:25 - [TEST_STEP][PASSED] - ExecuteTC = findTestData(dataFile).getValue("Execute", row): null

2023-02-17 20:55:25 - [TEST_STEP][PASSED] - out.println("Value of Execute is : " + ExecuteTC): null

2023-02-17 20:55:25 - [TEST_STEP][PASSED] - if (ExecuteTC.equalsIgnoreCase("Y")): Browser is closed

2023-02-17 20:55:25 - [TEST_STEP][PASSED] - out.println("Begin Record Number: " + row): null

2023-02-17 20:55:25 - [TEST_STEP][PASSED] - today = new java.util.Date(): null

2023-02-17 20:55:25 - [TEST_STEP][PASSED] - println(today): null

2023-02-17 20:55:25 - [TEST_STEP][PASSED] - datText = today: null

2023-02-17 20:55:25 - [TEST_STEP][PASSED] - openBrowser(VLinkURL + "authcap.html"): Browser is opened with url: 'https://dev-algorithm.govolution.com/vlinktest/QA/version_2_0/authcap.html'

2023-02-17 20:55:25 - [MESSAGE][INFO] - Starting 'Chrome' driver

2023-02-17 20:55:25 - [MESSAGE][INFO] - User set preference: ['acceptInsecureCerts', 'true']

2023-02-17 20:55:25 - [MESSAGE][INFO] - Action delay is set to 0 milliseconds

2023-02-17 20:55:27 - [MESSAGE][PASSED] - Browser is opened with url: 'https://dev-algorithm.govolution.com/vlinktest/QA/version_2_0/authcap.html'

2023-02-17 20:55:27 - [TEST_STEP][PASSED] - maximizeWindow(): Current window maximized

2023-02-17 20:55:27 - [MESSAGE][PASSED] - Current window maximized

2023-02-17 20:55:27 - [TEST_STEP][PASSED] - vlinkPages.saleCCPage.setDataSCC(row, dataFile): vlinkPages.saleCCPage.setDataSCC is PASSED

2023-02-17 20:55:30 - [MESSAGE][PASSED] - Object 'Object Repository/VLink/Page_CCSale/txt_CardNumber' is present

2023-02-17 20:55:30 - [MESSAGE][PASSED] - Text '104' is set on object 'Object Repository/VLink/Page_CCSale/txt_TransactionType'

2023-02-17 20:55:31 - [MESSAGE][PASSED] - Text '2.0C' is set on object 'Object Repository/VLink/Page_CCSale/txt_MessageVersion'

2023-02-17 20:55:32 - [MESSAGE][PASSED] - Text '6jsUobipYjde' is set on object 'Object Repository/VLink/Page_CCSale/txt_RemID'

2023-02-17 20:55:32 - [MESSAGE][PASSED] - Text '672' is set on object 'Object Repository/VLink/Page_CCSale/txt_ApplicationId'

2023-02-17 20:55:33 - [MESSAGE][PASSED] - Text 'username' is set on object 'Object Repository/VLink/Page_CCSale/txt_Username'

2023-02-17 20:55:33 - [MESSAGE][PASSED] - Text 'password' is set on object 'Object Repository/VLink/Page_CCSale/txt_Password'

2023-02-17 20:55:34 - [MESSAGE][PASSED] - Text 'fixed_width' is set on object 'Object Repository/VLink/Page_CCSale/txt_ResponseFormat'

2023-02-17 20:55:35 - [MESSAGE][PASSED] - Text 'RETL' is set on object 'Object Repository/VLink/Page_CCSale/txt_Category'

2023-02-17 20:55:35 - [MESSAGE][PASSED] - Text '' is set on object 'Object Repository/VLink/Page_CCSale/txt_TransactionID'

2023-02-17 20:55:36 - [MESSAGE][PASSED] - Text '' is set on object 'Object Repository/VLink/Page_CCSale/txt_ApprovalCode'

2023-02-17 20:55:37 - [MESSAGE][PASSED] - Text 'Arvind Silva' is set on object 'Object Repository/VLink/Page_CCSale/txt_CardName'

2023-02-17 20:55:37 - [MESSAGE][PASSED] - Text '111 Main Ave' is set on object 'Object Repository/VLink/Page_CCSale/txt_AL1'

2023-02-17 20:55:38 - [MESSAGE][PASSED] - Text '' is set on object 'Object Repository/VLink/Page_CCSale/txt_AL2'

2023-02-17 20:55:39 - [MESSAGE][PASSED] - Text 'Arlington' is set on object 'Object Repository/VLink/Page_CCSale/txt_CardCity'

2023-02-17 20:55:39 - [MESSAGE][PASSED] - Text 'VA' is set on object 'Object Repository/VLink/Page_CCSale/txt_CardState'

2023-02-17 20:55:40 - [MESSAGE][PASSED] - Text '22201' is set on object 'Object Repository/VLink/Page_CCSale/txt_CardZIP'

2023-02-17 20:55:41 - [MESSAGE][PASSED] - Text '' is set on object 'Object Repository/VLink/Page_CCSale/txt_CountryID'

2023-02-17 20:55:41 - [MESSAGE][PASSED] - Text '2.50' is set on object 'Object Repository/VLink/Page_CCSale/txt_Amount'

2023-02-17 20:55:42 - [MESSAGE][PASSED] - Text '5424000000000015' is set on object 'Object Repository/VLink/Page_CCSale/txt_CardNumber'

2023-02-17 20:55:43 - [MESSAGE][PASSED] - Text '01' is set on object 'Object Repository/VLink/Page_CCSale/txt_ExpMonth'

2023-02-17 20:55:43 - [MESSAGE][PASSED] - Text '2026' is set on object 'Object Repository/VLink/Page_CCSale/txt_ExpYear'

2023-02-17 20:55:44 - [MESSAGE][PASSED] - Text '' is set on object 'Object Repository/VLink/Page_CCSale/txt_CVV'

2023-02-17 20:55:45 - [MESSAGE][PASSED] - Text '' is set on object 'Object Repository/VLink/Page_CCSale/txt_CVVstate'

2023-02-17 20:55:45 - [MESSAGE][PASSED] - Text '' is set on object 'Object Repository/VLink/Page_CCSale/txt_TrackData'

2023-02-17 20:55:46 - [MESSAGE][PASSED] - Text '' is set on object 'Object Repository/VLink/Page_CCSale/txt_Track1Data'

2023-02-17 20:55:47 - [MESSAGE][PASSED] - Text '' is set on object 'Object Repository/VLink/Page_CCSale/txt_Track2Data'

2023-02-17 20:55:48 - [MESSAGE][PASSED] - Text 'manual' is set on object 'Object Repository/VLink/Page_CCSale/txt_POSEntryMode'

2023-02-17 20:55:48 - [MESSAGE][PASSED] - Text '' is set on object 'Object Repository/VLink/Page_CCSale/txt_Email'

2023-02-17 20:55:49 - [MESSAGE][PASSED] - Text '' is set on object 'Object Repository/VLink/Page_CCSale/txt_OrderNumber'

2023-02-17 20:55:50 - [MESSAGE][PASSED] - Text '' is set on object 'Object Repository/VLink/Page_CCSale/txt_TaxAmount'

2023-02-17 20:55:50 - [MESSAGE][PASSED] - Text '' is set on object 'Object Repository/VLink/Page_CCSale/txt_ChargeDescription'

2023-02-17 20:55:51 - [MESSAGE][PASSED] - Text '' is set on object 'Object Repository/VLink/Page_CCSale/txt_CAN'

2023-02-17 20:55:52 - [MESSAGE][PASSED] - Text '' is set on object 'Object Repository/VLink/Page_CCSale/txt_BillPaymentIndicator'

2023-02-17 20:55:52 - [MESSAGE][PASSED] - Text '' is set on object 'Object Repository/VLink/Page_CCSale/txt_UDF1'

2023-02-17 20:55:53 - [MESSAGE][PASSED] - Text '' is set on object 'Object Repository/VLink/Page_CCSale/txt_UDF2'

2023-02-17 20:55:53 - [MESSAGE][PASSED] - Text '' is set on object 'Object Repository/VLink/Page_CCSale/txt_UDF3'

2023-02-17 20:55:54 - [MESSAGE][PASSED] - Text '' is set on object 'Object Repository/VLink/Page_CCSale/txt_UDF4'

2023-02-17 20:55:55 - [MESSAGE][PASSED] - Text '' is set on object 'Object Repository/VLink/Page_CCSale/txt_UDF5'

2023-02-17 20:55:56 - [MESSAGE][PASSED] - Text '' is set on object 'Object Repository/VLink/Page_CCSale/txt_UDF6'

2023-02-17 20:55:56 - [MESSAGE][PASSED] - Text '' is set on object 'Object Repository/VLink/Page_CCSale/txt_UDF7'

2023-02-17 20:55:57 - [MESSAGE][PASSED] - Text '' is set on object 'Object Repository/VLink/Page_CCSale/txt_UDF8'

2023-02-17 20:55:58 - [MESSAGE][PASSED] - Text '' is set on object 'Object Repository/VLink/Page_CCSale/txt_UDF9'

2023-02-17 20:55:58 - [MESSAGE][PASSED] - Text '' is set on object 'Object Repository/VLink/Page_CCSale/txt_UDF10'

2023-02-17 20:56:01 - [MESSAGE][PASSED] - Object: 'Object Repository/VLink/Page_CCSale/btn_ProcessVLinkTransaction' is clicked on

2023-02-17 20:56:06 - [MESSAGE][PASSED] - vlinkPages.saleCCPage.setDataSCC is PASSED

2023-02-17 20:56:06 - [TEST_STEP][PASSED] - if (verifyTextPresent("Transaction approved, no errors", true)): null

2023-02-17 20:56:06 - [MESSAGE][PASSED] - Text 'Transaction approved, no errors' is present on page  using regular expression

2023-02-17 20:56:06 - [TEST_STEP][PASSED] - println("Transaction Approved, no errors text is present on the Confirmation page"): null

2023-02-17 20:56:06 - [TEST_STEP][PASSED] - out.println("Pass Record Number: " + row): null

2023-02-17 20:56:06 - [TEST_STEP][PASSED] - resText = "Pass": null

2023-02-17 20:56:06 - [TEST_STEP][PASSED] - pages.WriteExcel.demoKey(resText, datText, resColumn, datCloumn, fileLoc, nameSheet, row): pages.WriteExcel.demoKey is PASSED

2023-02-17 20:56:06 - [MESSAGE][PASSED] - pages.WriteExcel.demoKey is PASSED

2023-02-17 20:56:06 - [TEST_STEP][PASSED] - sdfo = getText(findTestObject("Object Repository/Page_VLinkReceipt/pre_STX")): Text of object 'Object Repository/Page_VLinkReceipt/pre_STX' is: '<STX>6jsUobipYjde                  12127272            0  Transaction approved, no errors                   0                                                                                  X OK0733   <ETX>'

2023-02-17 20:56:07 - [MESSAGE][PASSED] - Text of object 'Object Repository/Page_VLinkReceipt/pre_STX' is: '<STX>6jsUobipYjde                  12127272            0  Transaction approved, no errors                   0                                                                                  X OK0733   <ETX>'

2023-02-17 20:56:07 - [TEST_STEP][PASSED] - out.println("sdfo: " + sdfo): null

2023-02-17 20:56:07 - [TEST_STEP][PASSED] - remID = substring(5, 35).trim(): null

2023-02-17 20:56:07 - [TEST_STEP][PASSED] - out.println("Remittance ID: " + remID): null

2023-02-17 20:56:07 - [TEST_STEP][PASSED] - traxID = substring(35, 55).trim(): null

2023-02-17 20:56:07 - [TEST_STEP][PASSED] - out.println("Transaction ID: " + traxID): null

2023-02-17 20:56:07 - [TEST_STEP][PASSED] - out.println("End Record Number: " + row): null

2023-02-17 20:56:07 - [TEST_STEP][PASSED] - closeBrowser(): Browser is closed

2023-02-17 20:56:08 - [MESSAGE][PASSED] - Browser is closed

2023-02-17 20:56:08 - [TEST_STEP][PASSED] - ExecuteTC = findTestData(dataFile).getValue("Execute", row): null

2023-02-17 20:56:08 - [TEST_STEP][PASSED] - out.println("Value of Execute is : " + ExecuteTC): null

2023-02-17 20:56:08 - [TEST_STEP][PASSED] - if (ExecuteTC.equalsIgnoreCase("Y")): Browser is closed

2023-02-17 20:56:08 - [TEST_STEP][PASSED] - out.println("Begin Record Number: " + row): null

2023-02-17 20:56:08 - [TEST_STEP][PASSED] - today = new java.util.Date(): null

2023-02-17 20:56:08 - [TEST_STEP][PASSED] - println(today): null

2023-02-17 20:56:08 - [TEST_STEP][PASSED] - datText = today: null

2023-02-17 20:56:08 - [TEST_STEP][PASSED] - openBrowser(VLinkURL + "authcap.html"): Browser is opened with url: 'https://dev-algorithm.govolution.com/vlinktest/QA/version_2_0/authcap.html'

2023-02-17 20:56:08 - [MESSAGE][INFO] - Starting 'Chrome' driver

2023-02-17 20:56:08 - [MESSAGE][INFO] - User set preference: ['acceptInsecureCerts', 'true']

2023-02-17 20:56:08 - [MESSAGE][INFO] - Action delay is set to 0 milliseconds

2023-02-17 20:56:10 - [MESSAGE][PASSED] - Browser is opened with url: 'https://dev-algorithm.govolution.com/vlinktest/QA/version_2_0/authcap.html'

2023-02-17 20:56:10 - [TEST_STEP][PASSED] - maximizeWindow(): Current window maximized

2023-02-17 20:56:10 - [MESSAGE][PASSED] - Current window maximized

2023-02-17 20:56:10 - [TEST_STEP][PASSED] - vlinkPages.saleCCPage.setDataSCC(row, dataFile): vlinkPages.saleCCPage.setDataSCC is PASSED

2023-02-17 20:56:12 - [MESSAGE][PASSED] - Object 'Object Repository/VLink/Page_CCSale/txt_CardNumber' is present

2023-02-17 20:56:13 - [MESSAGE][PASSED] - Text '104' is set on object 'Object Repository/VLink/Page_CCSale/txt_TransactionType'

2023-02-17 20:56:14 - [MESSAGE][PASSED] - Text '2.0C' is set on object 'Object Repository/VLink/Page_CCSale/txt_MessageVersion'

2023-02-17 20:56:14 - [MESSAGE][PASSED] - Text 'K6WYiDr8nF6I' is set on object 'Object Repository/VLink/Page_CCSale/txt_RemID'

2023-02-17 20:56:15 - [MESSAGE][PASSED] - Text '677' is set on object 'Object Repository/VLink/Page_CCSale/txt_ApplicationId'

2023-02-17 20:56:16 - [MESSAGE][PASSED] - Text 'username' is set on object 'Object Repository/VLink/Page_CCSale/txt_Username'

2023-02-17 20:56:16 - [MESSAGE][PASSED] - Text 'password' is set on object 'Object Repository/VLink/Page_CCSale/txt_Password'

2023-02-17 20:56:17 - [MESSAGE][PASSED] - Text 'fixed_width' is set on object 'Object Repository/VLink/Page_CCSale/txt_ResponseFormat'

2023-02-17 20:56:17 - [MESSAGE][PASSED] - Text 'RETL' is set on object 'Object Repository/VLink/Page_CCSale/txt_Category'

2023-02-17 20:56:18 - [MESSAGE][PASSED] - Text '' is set on object 'Object Repository/VLink/Page_CCSale/txt_TransactionID'

2023-02-17 20:56:19 - [MESSAGE][PASSED] - Text '' is set on object 'Object Repository/VLink/Page_CCSale/txt_ApprovalCode'

2023-02-17 20:56:19 - [MESSAGE][PASSED] - Text 'Roshan Maha' is set on object 'Object Repository/VLink/Page_CCSale/txt_CardName'

2023-02-17 20:56:20 - [MESSAGE][PASSED] - Text '12563 Bazaar road' is set on object 'Object Repository/VLink/Page_CCSale/txt_AL1'

2023-02-17 20:56:21 - [MESSAGE][PASSED] - Text '' is set on object 'Object Repository/VLink/Page_CCSale/txt_AL2'

2023-02-17 20:56:21 - [MESSAGE][PASSED] - Text 'Crofton' is set on object 'Object Repository/VLink/Page_CCSale/txt_CardCity'

2023-02-17 20:56:22 - [MESSAGE][PASSED] - Text 'MD' is set on object 'Object Repository/VLink/Page_CCSale/txt_CardState'

2023-02-17 20:56:23 - [MESSAGE][PASSED] - Text '21114' is set on object 'Object Repository/VLink/Page_CCSale/txt_CardZIP'

2023-02-17 20:56:23 - [MESSAGE][PASSED] - Text '' is set on object 'Object Repository/VLink/Page_CCSale/txt_CountryID'

2023-02-17 20:56:24 - [MESSAGE][PASSED] - Text '3.50' is set on object 'Object Repository/VLink/Page_CCSale/txt_Amount'

2023-02-17 20:56:25 - [MESSAGE][PASSED] - Text '5424000000000015' is set on object 'Object Repository/VLink/Page_CCSale/txt_CardNumber'

2023-02-17 20:56:25 - [MESSAGE][PASSED] - Text '01' is set on object 'Object Repository/VLink/Page_CCSale/txt_ExpMonth'

2023-02-17 20:56:26 - [MESSAGE][PASSED] - Text '2026' is set on object 'Object Repository/VLink/Page_CCSale/txt_ExpYear'

2023-02-17 20:56:27 - [MESSAGE][PASSED] - Text '' is set on object 'Object Repository/VLink/Page_CCSale/txt_CVV'

2023-02-17 20:56:27 - [MESSAGE][PASSED] - Text '' is set on object 'Object Repository/VLink/Page_CCSale/txt_CVVstate'

2023-02-17 20:56:28 - [MESSAGE][PASSED] - Text '' is set on object 'Object Repository/VLink/Page_CCSale/txt_TrackData'

2023-02-17 20:56:29 - [MESSAGE][PASSED] - Text '' is set on object 'Object Repository/VLink/Page_CCSale/txt_Track1Data'

2023-02-17 20:56:29 - [MESSAGE][PASSED] - Text '' is set on object 'Object Repository/VLink/Page_CCSale/txt_Track2Data'

2023-02-17 20:56:30 - [MESSAGE][PASSED] - Text 'manual' is set on object 'Object Repository/VLink/Page_CCSale/txt_POSEntryMode'

2023-02-17 20:56:31 - [MESSAGE][PASSED] - Text '' is set on object 'Object Repository/VLink/Page_CCSale/txt_Email'

2023-02-17 20:56:31 - [MESSAGE][PASSED] - Text '' is set on object 'Object Repository/VLink/Page_CCSale/txt_OrderNumber'

2023-02-17 20:56:32 - [MESSAGE][PASSED] - Text '' is set on object 'Object Repository/VLink/Page_CCSale/txt_TaxAmount'

2023-02-17 20:56:33 - [MESSAGE][PASSED] - Text '' is set on object 'Object Repository/VLink/Page_CCSale/txt_ChargeDescription'

2023-02-17 20:56:33 - [MESSAGE][PASSED] - Text '' is set on object 'Object Repository/VLink/Page_CCSale/txt_CAN'

2023-02-17 20:56:34 - [MESSAGE][PASSED] - Text '' is set on object 'Object Repository/VLink/Page_CCSale/txt_BillPaymentIndicator'

2023-02-17 20:56:35 - [MESSAGE][PASSED] - Text '' is set on object 'Object Repository/VLink/Page_CCSale/txt_UDF1'

2023-02-17 20:56:35 - [MESSAGE][PASSED] - Text '' is set on object 'Object Repository/VLink/Page_CCSale/txt_UDF2'

2023-02-17 20:56:36 - [MESSAGE][PASSED] - Text '' is set on object 'Object Repository/VLink/Page_CCSale/txt_UDF3'

2023-02-17 20:56:37 - [MESSAGE][PASSED] - Text '' is set on object 'Object Repository/VLink/Page_CCSale/txt_UDF4'

2023-02-17 20:56:37 - [MESSAGE][PASSED] - Text '' is set on object 'Object Repository/VLink/Page_CCSale/txt_UDF5'

2023-02-17 20:56:38 - [MESSAGE][PASSED] - Text '' is set on object 'Object Repository/VLink/Page_CCSale/txt_UDF6'

2023-02-17 20:56:39 - [MESSAGE][PASSED] - Text '' is set on object 'Object Repository/VLink/Page_CCSale/txt_UDF7'

2023-02-17 20:56:39 - [MESSAGE][PASSED] - Text '' is set on object 'Object Repository/VLink/Page_CCSale/txt_UDF8'

2023-02-17 20:56:40 - [MESSAGE][PASSED] - Text '' is set on object 'Object Repository/VLink/Page_CCSale/txt_UDF9'

2023-02-17 20:56:41 - [MESSAGE][PASSED] - Text '' is set on object 'Object Repository/VLink/Page_CCSale/txt_UDF10'

2023-02-17 20:56:44 - [MESSAGE][PASSED] - Object: 'Object Repository/VLink/Page_CCSale/btn_ProcessVLinkTransaction' is clicked on

2023-02-17 20:56:49 - [MESSAGE][PASSED] - vlinkPages.saleCCPage.setDataSCC is PASSED

2023-02-17 20:56:49 - [TEST_STEP][PASSED] - if (verifyTextPresent("Transaction approved, no errors", true)): null

2023-02-17 20:56:49 - [MESSAGE][PASSED] - Text 'Transaction approved, no errors' is present on page  using regular expression

2023-02-17 20:56:49 - [TEST_STEP][PASSED] - println("Transaction Approved, no errors text is present on the Confirmation page"): null

2023-02-17 20:56:49 - [TEST_STEP][PASSED] - out.println("Pass Record Number: " + row): null

2023-02-17 20:56:49 - [TEST_STEP][PASSED] - resText = "Pass": null

2023-02-17 20:56:49 - [TEST_STEP][PASSED] - pages.WriteExcel.demoKey(resText, datText, resColumn, datCloumn, fileLoc, nameSheet, row): pages.WriteExcel.demoKey is PASSED

2023-02-17 20:56:49 - [MESSAGE][PASSED] - pages.WriteExcel.demoKey is PASSED

2023-02-17 20:56:49 - [TEST_STEP][PASSED] - sdfo = getText(findTestObject("Object Repository/Page_VLinkReceipt/pre_STX")): Text of object 'Object Repository/Page_VLinkReceipt/pre_STX' is: '<STX>K6WYiDr8nF6I                  12127273            0  Transaction approved, no errors                   0                                                                                  X OK0743   <ETX>'

2023-02-17 20:56:50 - [MESSAGE][PASSED] - Text of object 'Object Repository/Page_VLinkReceipt/pre_STX' is: '<STX>K6WYiDr8nF6I                  12127273            0  Transaction approved, no errors                   0                                                                                  X OK0743   <ETX>'

2023-02-17 20:56:50 - [TEST_STEP][PASSED] - out.println("sdfo: " + sdfo): null

2023-02-17 20:56:50 - [TEST_STEP][PASSED] - remID = substring(5, 35).trim(): null

2023-02-17 20:56:50 - [TEST_STEP][PASSED] - out.println("Remittance ID: " + remID): null

2023-02-17 20:56:50 - [TEST_STEP][PASSED] - traxID = substring(35, 55).trim(): null

2023-02-17 20:56:50 - [TEST_STEP][PASSED] - out.println("Transaction ID: " + traxID): null

2023-02-17 20:56:50 - [TEST_STEP][PASSED] - out.println("End Record Number: " + row): null

2023-02-17 20:56:50 - [TEST_STEP][PASSED] - closeBrowser(): Browser is closed

2023-02-17 20:56:51 - [MESSAGE][PASSED] - Browser is closed

2023-02-17 20:56:51 - [TEST_STEP][PASSED] - ExecuteTC = findTestData(dataFile).getValue("Execute", row): null

2023-02-17 20:56:51 - [TEST_STEP][PASSED] - out.println("Value of Execute is : " + ExecuteTC): null

2023-02-17 20:56:51 - [TEST_STEP][PASSED] - if (ExecuteTC.equalsIgnoreCase("Y")): Browser is closed

2023-02-17 20:56:51 - [TEST_STEP][PASSED] - out.println("Begin Record Number: " + row): null

2023-02-17 20:56:51 - [TEST_STEP][PASSED] - today = new java.util.Date(): null

2023-02-17 20:56:51 - [TEST_STEP][PASSED] - println(today): null

2023-02-17 20:56:51 - [TEST_STEP][PASSED] - datText = today: null

2023-02-17 20:56:51 - [TEST_STEP][PASSED] - openBrowser(VLinkURL + "authcap.html"): Browser is opened with url: 'https://dev-algorithm.govolution.com/vlinktest/QA/version_2_0/authcap.html'

2023-02-17 20:56:51 - [MESSAGE][INFO] - Starting 'Chrome' driver

2023-02-17 20:56:51 - [MESSAGE][INFO] - User set preference: ['acceptInsecureCerts', 'true']

2023-02-17 20:56:51 - [MESSAGE][INFO] - Action delay is set to 0 milliseconds

2023-02-17 20:56:52 - [MESSAGE][PASSED] - Browser is opened with url: 'https://dev-algorithm.govolution.com/vlinktest/QA/version_2_0/authcap.html'

2023-02-17 20:56:52 - [TEST_STEP][PASSED] - maximizeWindow(): Current window maximized

2023-02-17 20:56:53 - [MESSAGE][PASSED] - Current window maximized

2023-02-17 20:56:53 - [TEST_STEP][PASSED] - vlinkPages.saleCCPage.setDataSCC(row, dataFile): vlinkPages.saleCCPage.setDataSCC is PASSED

2023-02-17 20:56:55 - [MESSAGE][PASSED] - Object 'Object Repository/VLink/Page_CCSale/txt_CardNumber' is present

2023-02-17 20:56:56 - [MESSAGE][PASSED] - Text '104' is set on object 'Object Repository/VLink/Page_CCSale/txt_TransactionType'

2023-02-17 20:56:57 - [MESSAGE][PASSED] - Text '2.0C' is set on object 'Object Repository/VLink/Page_CCSale/txt_MessageVersion'

2023-02-17 20:56:57 - [MESSAGE][PASSED] - Text 'XSccPtE5w6hA' is set on object 'Object Repository/VLink/Page_CCSale/txt_RemID'

2023-02-17 20:56:58 - [MESSAGE][PASSED] - Text '665' is set on object 'Object Repository/VLink/Page_CCSale/txt_ApplicationId'

2023-02-17 20:56:59 - [MESSAGE][PASSED] - Text 'username' is set on object 'Object Repository/VLink/Page_CCSale/txt_Username'

2023-02-17 20:56:59 - [MESSAGE][PASSED] - Text 'password' is set on object 'Object Repository/VLink/Page_CCSale/txt_Password'

2023-02-17 20:57:00 - [MESSAGE][PASSED] - Text 'fixed_width' is set on object 'Object Repository/VLink/Page_CCSale/txt_ResponseFormat'

2023-02-17 20:57:00 - [MESSAGE][PASSED] - Text 'RETL' is set on object 'Object Repository/VLink/Page_CCSale/txt_Category'

2023-02-17 20:57:01 - [MESSAGE][PASSED] - Text '' is set on object 'Object Repository/VLink/Page_CCSale/txt_TransactionID'

2023-02-17 20:57:02 - [MESSAGE][PASSED] - Text '' is set on object 'Object Repository/VLink/Page_CCSale/txt_ApprovalCode'

2023-02-17 20:57:02 - [MESSAGE][PASSED] - Text 'Kris Roshan' is set on object 'Object Repository/VLink/Page_CCSale/txt_CardName'

2023-02-17 20:57:03 - [MESSAGE][PASSED] - Text '258 Elm Road' is set on object 'Object Repository/VLink/Page_CCSale/txt_AL1'

2023-02-17 20:57:04 - [MESSAGE][PASSED] - Text 'Suite 56' is set on object 'Object Repository/VLink/Page_CCSale/txt_AL2'

2023-02-17 20:57:04 - [MESSAGE][PASSED] - Text 'Arlington' is set on object 'Object Repository/VLink/Page_CCSale/txt_CardCity'

2023-02-17 20:57:05 - [MESSAGE][PASSED] - Text 'VA' is set on object 'Object Repository/VLink/Page_CCSale/txt_CardState'

2023-02-17 20:57:06 - [MESSAGE][PASSED] - Text '22201' is set on object 'Object Repository/VLink/Page_CCSale/txt_CardZIP'

2023-02-17 20:57:06 - [MESSAGE][PASSED] - Text '840' is set on object 'Object Repository/VLink/Page_CCSale/txt_CountryID'

2023-02-17 20:57:07 - [MESSAGE][PASSED] - Text '1.50' is set on object 'Object Repository/VLink/Page_CCSale/txt_Amount'

2023-02-17 20:57:08 - [MESSAGE][PASSED] - Text '370000000000002' is set on object 'Object Repository/VLink/Page_CCSale/txt_CardNumber'

2023-02-17 20:57:08 - [MESSAGE][PASSED] - Text '12' is set on object 'Object Repository/VLink/Page_CCSale/txt_ExpMonth'

2023-02-17 20:57:09 - [MESSAGE][PASSED] - Text '2025' is set on object 'Object Repository/VLink/Page_CCSale/txt_ExpYear'

2023-02-17 20:57:10 - [MESSAGE][PASSED] - Text '' is set on object 'Object Repository/VLink/Page_CCSale/txt_CVV'

2023-02-17 20:57:10 - [MESSAGE][PASSED] - Text '' is set on object 'Object Repository/VLink/Page_CCSale/txt_CVVstate'

2023-02-17 20:57:11 - [MESSAGE][PASSED] - Text '' is set on object 'Object Repository/VLink/Page_CCSale/txt_TrackData'

2023-02-17 20:57:12 - [MESSAGE][PASSED] - Text '' is set on object 'Object Repository/VLink/Page_CCSale/txt_Track1Data'

2023-02-17 20:57:12 - [MESSAGE][PASSED] - Text '' is set on object 'Object Repository/VLink/Page_CCSale/txt_Track2Data'

2023-02-17 20:57:13 - [MESSAGE][PASSED] - Text 'manual' is set on object 'Object Repository/VLink/Page_CCSale/txt_POSEntryMode'

2023-02-17 20:57:14 - [MESSAGE][PASSED] - Text 'iahmed@govolution.com' is set on object 'Object Repository/VLink/Page_CCSale/txt_Email'

2023-02-17 20:57:14 - [MESSAGE][PASSED] - Text '2569362' is set on object 'Object Repository/VLink/Page_CCSale/txt_OrderNumber'

2023-02-17 20:57:15 - [MESSAGE][PASSED] - Text '1.15' is set on object 'Object Repository/VLink/Page_CCSale/txt_TaxAmount'

2023-02-17 20:57:16 - [MESSAGE][PASSED] - Text 'Charge Description' is set on object 'Object Repository/VLink/Page_CCSale/txt_ChargeDescription'

2023-02-17 20:57:16 - [MESSAGE][PASSED] - Text '147357' is set on object 'Object Repository/VLink/Page_CCSale/txt_CAN'

2023-02-17 20:57:17 - [MESSAGE][PASSED] - Text '1' is set on object 'Object Repository/VLink/Page_CCSale/txt_BillPaymentIndicator'

2023-02-17 20:57:18 - [MESSAGE][PASSED] - Text 'UDF Data 1' is set on object 'Object Repository/VLink/Page_CCSale/txt_UDF1'

2023-02-17 20:57:18 - [MESSAGE][PASSED] - Text 'UDF Data 2' is set on object 'Object Repository/VLink/Page_CCSale/txt_UDF2'

2023-02-17 20:57:19 - [MESSAGE][PASSED] - Text 'UDF Data 3' is set on object 'Object Repository/VLink/Page_CCSale/txt_UDF3'

2023-02-17 20:57:20 - [MESSAGE][PASSED] - Text 'UDF Data 4' is set on object 'Object Repository/VLink/Page_CCSale/txt_UDF4'

2023-02-17 20:57:20 - [MESSAGE][PASSED] - Text 'UDF Data 5' is set on object 'Object Repository/VLink/Page_CCSale/txt_UDF5'

2023-02-17 20:57:21 - [MESSAGE][PASSED] - Text 'UDF Data 6' is set on object 'Object Repository/VLink/Page_CCSale/txt_UDF6'

2023-02-17 20:57:22 - [MESSAGE][PASSED] - Text 'UDF Data 7' is set on object 'Object Repository/VLink/Page_CCSale/txt_UDF7'

2023-02-17 20:57:23 - [MESSAGE][PASSED] - Text 'UDF Data 8' is set on object 'Object Repository/VLink/Page_CCSale/txt_UDF8'

2023-02-17 20:57:23 - [MESSAGE][PASSED] - Text 'UDF Data 9' is set on object 'Object Repository/VLink/Page_CCSale/txt_UDF9'

2023-02-17 20:57:24 - [MESSAGE][PASSED] - Text 'UDF Data 10' is set on object 'Object Repository/VLink/Page_CCSale/txt_UDF10'

2023-02-17 20:57:26 - [MESSAGE][PASSED] - Object: 'Object Repository/VLink/Page_CCSale/btn_ProcessVLinkTransaction' is clicked on

2023-02-17 20:57:31 - [MESSAGE][PASSED] - vlinkPages.saleCCPage.setDataSCC is PASSED

2023-02-17 20:57:31 - [TEST_STEP][PASSED] - if (verifyTextPresent("Transaction approved, no errors", true)): null

2023-02-17 20:57:32 - [MESSAGE][PASSED] - Text 'Transaction approved, no errors' is present on page  using regular expression

2023-02-17 20:57:32 - [TEST_STEP][PASSED] - println("Transaction Approved, no errors text is present on the Confirmation page"): null

2023-02-17 20:57:32 - [TEST_STEP][PASSED] - out.println("Pass Record Number: " + row): null

2023-02-17 20:57:32 - [TEST_STEP][PASSED] - resText = "Pass": null

2023-02-17 20:57:32 - [TEST_STEP][PASSED] - pages.WriteExcel.demoKey(resText, datText, resColumn, datCloumn, fileLoc, nameSheet, row): pages.WriteExcel.demoKey is PASSED

2023-02-17 20:57:32 - [MESSAGE][PASSED] - pages.WriteExcel.demoKey is PASSED

2023-02-17 20:57:32 - [TEST_STEP][PASSED] - sdfo = getText(findTestObject("Object Repository/Page_VLinkReceipt/pre_STX")): Text of object 'Object Repository/Page_VLinkReceipt/pre_STX' is: '<STX>XSccPtE5w6hA                  12127275            0  Transaction approved, no errors                   0                                                                                  X OK0773   <ETX>'

2023-02-17 20:57:32 - [MESSAGE][PASSED] - Text of object 'Object Repository/Page_VLinkReceipt/pre_STX' is: '<STX>XSccPtE5w6hA                  12127275            0  Transaction approved, no errors                   0                                                                                  X OK0773   <ETX>'

2023-02-17 20:57:32 - [TEST_STEP][PASSED] - out.println("sdfo: " + sdfo): null

2023-02-17 20:57:32 - [TEST_STEP][PASSED] - remID = substring(5, 35).trim(): null

2023-02-17 20:57:32 - [TEST_STEP][PASSED] - out.println("Remittance ID: " + remID): null

2023-02-17 20:57:32 - [TEST_STEP][PASSED] - traxID = substring(35, 55).trim(): null

2023-02-17 20:57:32 - [TEST_STEP][PASSED] - out.println("Transaction ID: " + traxID): null

2023-02-17 20:57:32 - [TEST_STEP][PASSED] - out.println("End Record Number: " + row): null

2023-02-17 20:57:32 - [TEST_STEP][PASSED] - closeBrowser(): Browser is closed

2023-02-17 20:57:33 - [MESSAGE][PASSED] - Browser is closed

2023-02-17 20:57:33 - [TEST_STEP][PASSED] - ExecuteTC = findTestData(dataFile).getValue("Execute", row): null

2023-02-17 20:57:33 - [TEST_STEP][PASSED] - out.println("Value of Execute is : " + ExecuteTC): null

2023-02-17 20:57:33 - [TEST_STEP][PASSED] - if (ExecuteTC.equalsIgnoreCase("Y")): Browser is closed

2023-02-17 20:57:33 - [TEST_STEP][PASSED] - out.println("Begin Record Number: " + row): null

2023-02-17 20:57:33 - [TEST_STEP][PASSED] - today = new java.util.Date(): null

2023-02-17 20:57:33 - [TEST_STEP][PASSED] - println(today): null

2023-02-17 20:57:33 - [TEST_STEP][PASSED] - datText = today: null

2023-02-17 20:57:33 - [TEST_STEP][PASSED] - openBrowser(VLinkURL + "authcap.html"): Browser is opened with url: 'https://dev-algorithm.govolution.com/vlinktest/QA/version_2_0/authcap.html'

2023-02-17 20:57:33 - [MESSAGE][INFO] - Starting 'Chrome' driver

2023-02-17 20:57:33 - [MESSAGE][INFO] - User set preference: ['acceptInsecureCerts', 'true']

2023-02-17 20:57:33 - [MESSAGE][INFO] - Action delay is set to 0 milliseconds

2023-02-17 20:57:35 - [MESSAGE][PASSED] - Browser is opened with url: 'https://dev-algorithm.govolution.com/vlinktest/QA/version_2_0/authcap.html'

2023-02-17 20:57:35 - [TEST_STEP][PASSED] - maximizeWindow(): Current window maximized

2023-02-17 20:57:35 - [MESSAGE][PASSED] - Current window maximized

2023-02-17 20:57:35 - [TEST_STEP][PASSED] - vlinkPages.saleCCPage.setDataSCC(row, dataFile): vlinkPages.saleCCPage.setDataSCC is PASSED

2023-02-17 20:57:38 - [MESSAGE][PASSED] - Object 'Object Repository/VLink/Page_CCSale/txt_CardNumber' is present

2023-02-17 20:57:39 - [MESSAGE][PASSED] - Text '104' is set on object 'Object Repository/VLink/Page_CCSale/txt_TransactionType'

2023-02-17 20:57:39 - [MESSAGE][PASSED] - Text '2.0C' is set on object 'Object Repository/VLink/Page_CCSale/txt_MessageVersion'

2023-02-17 20:57:40 - [MESSAGE][PASSED] - Text 'qSGZzHame8Zz' is set on object 'Object Repository/VLink/Page_CCSale/txt_RemID'

2023-02-17 20:57:40 - [MESSAGE][PASSED] - Text '672' is set on object 'Object Repository/VLink/Page_CCSale/txt_ApplicationId'

2023-02-17 20:57:41 - [MESSAGE][PASSED] - Text 'username' is set on object 'Object Repository/VLink/Page_CCSale/txt_Username'

2023-02-17 20:57:42 - [MESSAGE][PASSED] - Text 'password' is set on object 'Object Repository/VLink/Page_CCSale/txt_Password'

2023-02-17 20:57:42 - [MESSAGE][PASSED] - Text 'fixed_width' is set on object 'Object Repository/VLink/Page_CCSale/txt_ResponseFormat'

2023-02-17 20:57:43 - [MESSAGE][PASSED] - Text 'RETL' is set on object 'Object Repository/VLink/Page_CCSale/txt_Category'

2023-02-17 20:57:43 - [MESSAGE][PASSED] - Text '' is set on object 'Object Repository/VLink/Page_CCSale/txt_TransactionID'

2023-02-17 20:57:44 - [MESSAGE][PASSED] - Text '' is set on object 'Object Repository/VLink/Page_CCSale/txt_ApprovalCode'

2023-02-17 20:57:45 - [MESSAGE][PASSED] - Text 'Arvind Silva' is set on object 'Object Repository/VLink/Page_CCSale/txt_CardName'

2023-02-17 20:57:46 - [MESSAGE][PASSED] - Text '111 Main Ave' is set on object 'Object Repository/VLink/Page_CCSale/txt_AL1'

2023-02-17 20:57:46 - [MESSAGE][PASSED] - Text '' is set on object 'Object Repository/VLink/Page_CCSale/txt_AL2'

2023-02-17 20:57:47 - [MESSAGE][PASSED] - Text 'Arlington' is set on object 'Object Repository/VLink/Page_CCSale/txt_CardCity'

2023-02-17 20:57:48 - [MESSAGE][PASSED] - Text 'VA' is set on object 'Object Repository/VLink/Page_CCSale/txt_CardState'

2023-02-17 20:57:48 - [MESSAGE][PASSED] - Text '22201' is set on object 'Object Repository/VLink/Page_CCSale/txt_CardZIP'

2023-02-17 20:57:49 - [MESSAGE][PASSED] - Text '' is set on object 'Object Repository/VLink/Page_CCSale/txt_CountryID'

2023-02-17 20:57:50 - [MESSAGE][PASSED] - Text '2.50' is set on object 'Object Repository/VLink/Page_CCSale/txt_Amount'

2023-02-17 20:57:50 - [MESSAGE][PASSED] - Text '370000000000002' is set on object 'Object Repository/VLink/Page_CCSale/txt_CardNumber'

2023-02-17 20:57:51 - [MESSAGE][PASSED] - Text '01' is set on object 'Object Repository/VLink/Page_CCSale/txt_ExpMonth'

2023-02-17 20:57:52 - [MESSAGE][PASSED] - Text '2026' is set on object 'Object Repository/VLink/Page_CCSale/txt_ExpYear'

2023-02-17 20:57:52 - [MESSAGE][PASSED] - Text '' is set on object 'Object Repository/VLink/Page_CCSale/txt_CVV'

2023-02-17 20:57:53 - [MESSAGE][PASSED] - Text '' is set on object 'Object Repository/VLink/Page_CCSale/txt_CVVstate'

2023-02-17 20:57:54 - [MESSAGE][PASSED] - Text '' is set on object 'Object Repository/VLink/Page_CCSale/txt_TrackData'

2023-02-17 20:57:54 - [MESSAGE][PASSED] - Text '' is set on object 'Object Repository/VLink/Page_CCSale/txt_Track1Data'

2023-02-17 20:57:55 - [MESSAGE][PASSED] - Text '' is set on object 'Object Repository/VLink/Page_CCSale/txt_Track2Data'

2023-02-17 20:57:56 - [MESSAGE][PASSED] - Text 'manual' is set on object 'Object Repository/VLink/Page_CCSale/txt_POSEntryMode'

2023-02-17 20:57:56 - [MESSAGE][PASSED] - Text '' is set on object 'Object Repository/VLink/Page_CCSale/txt_Email'

2023-02-17 20:57:57 - [MESSAGE][PASSED] - Text '' is set on object 'Object Repository/VLink/Page_CCSale/txt_OrderNumber'

2023-02-17 20:57:58 - [MESSAGE][PASSED] - Text '' is set on object 'Object Repository/VLink/Page_CCSale/txt_TaxAmount'

2023-02-17 20:57:58 - [MESSAGE][PASSED] - Text '' is set on object 'Object Repository/VLink/Page_CCSale/txt_ChargeDescription'

2023-02-17 20:57:59 - [MESSAGE][PASSED] - Text '' is set on object 'Object Repository/VLink/Page_CCSale/txt_CAN'

2023-02-17 20:58:00 - [MESSAGE][PASSED] - Text '' is set on object 'Object Repository/VLink/Page_CCSale/txt_BillPaymentIndicator'

2023-02-17 20:58:00 - [MESSAGE][PASSED] - Text '' is set on object 'Object Repository/VLink/Page_CCSale/txt_UDF1'

2023-02-17 20:58:01 - [MESSAGE][PASSED] - Text '' is set on object 'Object Repository/VLink/Page_CCSale/txt_UDF2'

2023-02-17 20:58:02 - [MESSAGE][PASSED] - Text '' is set on object 'Object Repository/VLink/Page_CCSale/txt_UDF3'

2023-02-17 20:58:03 - [MESSAGE][PASSED] - Text '' is set on object 'Object Repository/VLink/Page_CCSale/txt_UDF4'

2023-02-17 20:58:03 - [MESSAGE][PASSED] - Text '' is set on object 'Object Repository/VLink/Page_CCSale/txt_UDF5'

2023-02-17 20:58:04 - [MESSAGE][PASSED] - Text '' is set on object 'Object Repository/VLink/Page_CCSale/txt_UDF6'

2023-02-17 20:58:05 - [MESSAGE][PASSED] - Text '' is set on object 'Object Repository/VLink/Page_CCSale/txt_UDF7'

2023-02-17 20:58:05 - [MESSAGE][PASSED] - Text '' is set on object 'Object Repository/VLink/Page_CCSale/txt_UDF8'

2023-02-17 20:58:06 - [MESSAGE][PASSED] - Text '' is set on object 'Object Repository/VLink/Page_CCSale/txt_UDF9'

2023-02-17 20:58:07 - [MESSAGE][PASSED] - Text '' is set on object 'Object Repository/VLink/Page_CCSale/txt_UDF10'

2023-02-17 20:58:09 - [MESSAGE][PASSED] - Object: 'Object Repository/VLink/Page_CCSale/btn_ProcessVLinkTransaction' is clicked on

2023-02-17 20:58:14 - [MESSAGE][PASSED] - vlinkPages.saleCCPage.setDataSCC is PASSED

2023-02-17 20:58:14 - [TEST_STEP][PASSED] - if (verifyTextPresent("Transaction approved, no errors", true)): null

2023-02-17 20:58:14 - [MESSAGE][PASSED] - Text 'Transaction approved, no errors' is present on page  using regular expression

2023-02-17 20:58:14 - [TEST_STEP][PASSED] - println("Transaction Approved, no errors text is present on the Confirmation page"): null

2023-02-17 20:58:14 - [TEST_STEP][PASSED] - out.println("Pass Record Number: " + row): null

2023-02-17 20:58:14 - [TEST_STEP][PASSED] - resText = "Pass": null

2023-02-17 20:58:14 - [TEST_STEP][PASSED] - pages.WriteExcel.demoKey(resText, datText, resColumn, datCloumn, fileLoc, nameSheet, row): pages.WriteExcel.demoKey is PASSED

2023-02-17 20:58:14 - [MESSAGE][PASSED] - pages.WriteExcel.demoKey is PASSED

2023-02-17 20:58:14 - [TEST_STEP][PASSED] - sdfo = getText(findTestObject("Object Repository/Page_VLinkReceipt/pre_STX")): Text of object 'Object Repository/Page_VLinkReceipt/pre_STX' is: '<STX>qSGZzHame8Zz                  12127276            0  Transaction approved, no errors                   0                                                                                  X OK0783   <ETX>'

2023-02-17 20:58:15 - [MESSAGE][PASSED] - Text of object 'Object Repository/Page_VLinkReceipt/pre_STX' is: '<STX>qSGZzHame8Zz                  12127276            0  Transaction approved, no errors                   0                                                                                  X OK0783   <ETX>'

2023-02-17 20:58:15 - [TEST_STEP][PASSED] - out.println("sdfo: " + sdfo): null

2023-02-17 20:58:15 - [TEST_STEP][PASSED] - remID = substring(5, 35).trim(): null

2023-02-17 20:58:15 - [TEST_STEP][PASSED] - out.println("Remittance ID: " + remID): null

2023-02-17 20:58:15 - [TEST_STEP][PASSED] - traxID = substring(35, 55).trim(): null

2023-02-17 20:58:15 - [TEST_STEP][PASSED] - out.println("Transaction ID: " + traxID): null

2023-02-17 20:58:15 - [TEST_STEP][PASSED] - out.println("End Record Number: " + row): null

2023-02-17 20:58:15 - [TEST_STEP][PASSED] - closeBrowser(): Browser is closed

2023-02-17 20:58:16 - [MESSAGE][PASSED] - Browser is closed

2023-02-17 20:58:16 - [TEST_STEP][PASSED] - ExecuteTC = findTestData(dataFile).getValue("Execute", row): null

2023-02-17 20:58:16 - [TEST_STEP][PASSED] - out.println("Value of Execute is : " + ExecuteTC): null

2023-02-17 20:58:16 - [TEST_STEP][PASSED] - if (ExecuteTC.equalsIgnoreCase("Y")): Browser is closed

2023-02-17 20:58:16 - [TEST_STEP][PASSED] - out.println("Begin Record Number: " + row): null

2023-02-17 20:58:16 - [TEST_STEP][PASSED] - today = new java.util.Date(): null

2023-02-17 20:58:16 - [TEST_STEP][PASSED] - println(today): null

2023-02-17 20:58:16 - [TEST_STEP][PASSED] - datText = today: null

2023-02-17 20:58:16 - [TEST_STEP][PASSED] - openBrowser(VLinkURL + "authcap.html"): Browser is opened with url: 'https://dev-algorithm.govolution.com/vlinktest/QA/version_2_0/authcap.html'

2023-02-17 20:58:16 - [MESSAGE][INFO] - Starting 'Chrome' driver

2023-02-17 20:58:16 - [MESSAGE][INFO] - User set preference: ['acceptInsecureCerts', 'true']

2023-02-17 20:58:16 - [MESSAGE][INFO] - Action delay is set to 0 milliseconds

2023-02-17 20:58:18 - [MESSAGE][PASSED] - Browser is opened with url: 'https://dev-algorithm.govolution.com/vlinktest/QA/version_2_0/authcap.html'

2023-02-17 20:58:18 - [TEST_STEP][PASSED] - maximizeWindow(): Current window maximized

2023-02-17 20:58:18 - [MESSAGE][PASSED] - Current window maximized

2023-02-17 20:58:18 - [TEST_STEP][PASSED] - vlinkPages.saleCCPage.setDataSCC(row, dataFile): vlinkPages.saleCCPage.setDataSCC is PASSED

2023-02-17 20:58:20 - [MESSAGE][PASSED] - Object 'Object Repository/VLink/Page_CCSale/txt_CardNumber' is present

2023-02-17 20:58:21 - [MESSAGE][PASSED] - Text '104' is set on object 'Object Repository/VLink/Page_CCSale/txt_TransactionType'

2023-02-17 20:58:22 - [MESSAGE][PASSED] - Text '2.0C' is set on object 'Object Repository/VLink/Page_CCSale/txt_MessageVersion'

2023-02-17 20:58:22 - [MESSAGE][PASSED] - Text 'R1k4kg8Iv3gJ' is set on object 'Object Repository/VLink/Page_CCSale/txt_RemID'

2023-02-17 20:58:23 - [MESSAGE][PASSED] - Text '677' is set on object 'Object Repository/VLink/Page_CCSale/txt_ApplicationId'

2023-02-17 20:58:23 - [MESSAGE][PASSED] - Text 'username' is set on object 'Object Repository/VLink/Page_CCSale/txt_Username'

2023-02-17 20:58:24 - [MESSAGE][PASSED] - Text 'password' is set on object 'Object Repository/VLink/Page_CCSale/txt_Password'

2023-02-17 20:58:25 - [MESSAGE][PASSED] - Text 'fixed_width' is set on object 'Object Repository/VLink/Page_CCSale/txt_ResponseFormat'

2023-02-17 20:58:25 - [MESSAGE][PASSED] - Text 'RETL' is set on object 'Object Repository/VLink/Page_CCSale/txt_Category'

2023-02-17 20:58:26 - [MESSAGE][PASSED] - Text '' is set on object 'Object Repository/VLink/Page_CCSale/txt_TransactionID'

2023-02-17 20:58:27 - [MESSAGE][PASSED] - Text '' is set on object 'Object Repository/VLink/Page_CCSale/txt_ApprovalCode'

2023-02-17 20:58:27 - [MESSAGE][PASSED] - Text 'Roshan Maha' is set on object 'Object Repository/VLink/Page_CCSale/txt_CardName'

2023-02-17 20:58:28 - [MESSAGE][PASSED] - Text '12563 Bazaar road' is set on object 'Object Repository/VLink/Page_CCSale/txt_AL1'

2023-02-17 20:58:29 - [MESSAGE][PASSED] - Text '' is set on object 'Object Repository/VLink/Page_CCSale/txt_AL2'

2023-02-17 20:58:29 - [MESSAGE][PASSED] - Text 'Crofton' is set on object 'Object Repository/VLink/Page_CCSale/txt_CardCity'

2023-02-17 20:58:30 - [MESSAGE][PASSED] - Text 'MD' is set on object 'Object Repository/VLink/Page_CCSale/txt_CardState'

2023-02-17 20:58:31 - [MESSAGE][PASSED] - Text '21114' is set on object 'Object Repository/VLink/Page_CCSale/txt_CardZIP'

2023-02-17 20:58:31 - [MESSAGE][PASSED] - Text '' is set on object 'Object Repository/VLink/Page_CCSale/txt_CountryID'

2023-02-17 20:58:32 - [MESSAGE][PASSED] - Text '3.50' is set on object 'Object Repository/VLink/Page_CCSale/txt_Amount'

2023-02-17 20:58:33 - [MESSAGE][PASSED] - Text '370000000000002' is set on object 'Object Repository/VLink/Page_CCSale/txt_CardNumber'

2023-02-17 20:58:33 - [MESSAGE][PASSED] - Text '01' is set on object 'Object Repository/VLink/Page_CCSale/txt_ExpMonth'

2023-02-17 20:58:34 - [MESSAGE][PASSED] - Text '2026' is set on object 'Object Repository/VLink/Page_CCSale/txt_ExpYear'

2023-02-17 20:58:35 - [MESSAGE][PASSED] - Text '' is set on object 'Object Repository/VLink/Page_CCSale/txt_CVV'

2023-02-17 20:58:36 - [MESSAGE][PASSED] - Text '' is set on object 'Object Repository/VLink/Page_CCSale/txt_CVVstate'

2023-02-17 20:58:36 - [MESSAGE][PASSED] - Text '' is set on object 'Object Repository/VLink/Page_CCSale/txt_TrackData'

2023-02-17 20:58:37 - [MESSAGE][PASSED] - Text '' is set on object 'Object Repository/VLink/Page_CCSale/txt_Track1Data'

2023-02-17 20:58:38 - [MESSAGE][PASSED] - Text '' is set on object 'Object Repository/VLink/Page_CCSale/txt_Track2Data'

2023-02-17 20:58:38 - [MESSAGE][PASSED] - Text 'manual' is set on object 'Object Repository/VLink/Page_CCSale/txt_POSEntryMode'

2023-02-17 20:58:39 - [MESSAGE][PASSED] - Text '' is set on object 'Object Repository/VLink/Page_CCSale/txt_Email'

2023-02-17 20:58:40 - [MESSAGE][PASSED] - Text '' is set on object 'Object Repository/VLink/Page_CCSale/txt_OrderNumber'

2023-02-17 20:58:40 - [MESSAGE][PASSED] - Text '' is set on object 'Object Repository/VLink/Page_CCSale/txt_TaxAmount'

2023-02-17 20:58:41 - [MESSAGE][PASSED] - Text '' is set on object 'Object Repository/VLink/Page_CCSale/txt_ChargeDescription'

2023-02-17 20:58:42 - [MESSAGE][PASSED] - Text '' is set on object 'Object Repository/VLink/Page_CCSale/txt_CAN'

2023-02-17 20:58:42 - [MESSAGE][PASSED] - Text '' is set on object 'Object Repository/VLink/Page_CCSale/txt_BillPaymentIndicator'

2023-02-17 20:58:43 - [MESSAGE][PASSED] - Text '' is set on object 'Object Repository/VLink/Page_CCSale/txt_UDF1'

2023-02-17 20:58:44 - [MESSAGE][PASSED] - Text '' is set on object 'Object Repository/VLink/Page_CCSale/txt_UDF2'

2023-02-17 20:58:44 - [MESSAGE][PASSED] - Text '' is set on object 'Object Repository/VLink/Page_CCSale/txt_UDF3'

2023-02-17 20:58:45 - [MESSAGE][PASSED] - Text '' is set on object 'Object Repository/VLink/Page_CCSale/txt_UDF4'

2023-02-17 20:58:46 - [MESSAGE][PASSED] - Text '' is set on object 'Object Repository/VLink/Page_CCSale/txt_UDF5'

2023-02-17 20:58:46 - [MESSAGE][PASSED] - Text '' is set on object 'Object Repository/VLink/Page_CCSale/txt_UDF6'

2023-02-17 20:58:47 - [MESSAGE][PASSED] - Text '' is set on object 'Object Repository/VLink/Page_CCSale/txt_UDF7'

2023-02-17 20:58:48 - [MESSAGE][PASSED] - Text '' is set on object 'Object Repository/VLink/Page_CCSale/txt_UDF8'

2023-02-17 20:58:48 - [MESSAGE][PASSED] - Text '' is set on object 'Object Repository/VLink/Page_CCSale/txt_UDF9'

2023-02-17 20:58:49 - [MESSAGE][PASSED] - Text '' is set on object 'Object Repository/VLink/Page_CCSale/txt_UDF10'

2023-02-17 20:58:52 - [MESSAGE][PASSED] - Object: 'Object Repository/VLink/Page_CCSale/btn_ProcessVLinkTransaction' is clicked on

2023-02-17 20:58:57 - [MESSAGE][PASSED] - vlinkPages.saleCCPage.setDataSCC is PASSED

2023-02-17 20:58:57 - [TEST_STEP][PASSED] - if (verifyTextPresent("Transaction approved, no errors", true)): null

2023-02-17 20:58:58 - [MESSAGE][PASSED] - Text 'Transaction approved, no errors' is present on page  using regular expression

2023-02-17 20:58:58 - [TEST_STEP][PASSED] - println("Transaction Approved, no errors text is present on the Confirmation page"): null

2023-02-17 20:58:58 - [TEST_STEP][PASSED] - out.println("Pass Record Number: " + row): null

2023-02-17 20:58:58 - [TEST_STEP][PASSED] - resText = "Pass": null

2023-02-17 20:58:58 - [TEST_STEP][PASSED] - pages.WriteExcel.demoKey(resText, datText, resColumn, datCloumn, fileLoc, nameSheet, row): pages.WriteExcel.demoKey is PASSED

2023-02-17 20:58:58 - [MESSAGE][PASSED] - pages.WriteExcel.demoKey is PASSED

2023-02-17 20:58:58 - [TEST_STEP][PASSED] - sdfo = getText(findTestObject("Object Repository/Page_VLinkReceipt/pre_STX")): Text of object 'Object Repository/Page_VLinkReceipt/pre_STX' is: '<STX>R1k4kg8Iv3gJ                  12127277            0  Transaction approved, no errors                   0                                                                                  X OK0793   <ETX>'

2023-02-17 20:58:58 - [MESSAGE][PASSED] - Text of object 'Object Repository/Page_VLinkReceipt/pre_STX' is: '<STX>R1k4kg8Iv3gJ                  12127277            0  Transaction approved, no errors                   0                                                                                  X OK0793   <ETX>'

2023-02-17 20:58:58 - [TEST_STEP][PASSED] - out.println("sdfo: " + sdfo): null

2023-02-17 20:58:58 - [TEST_STEP][PASSED] - remID = substring(5, 35).trim(): null

2023-02-17 20:58:58 - [TEST_STEP][PASSED] - out.println("Remittance ID: " + remID): null

2023-02-17 20:58:58 - [TEST_STEP][PASSED] - traxID = substring(35, 55).trim(): null

2023-02-17 20:58:58 - [TEST_STEP][PASSED] - out.println("Transaction ID: " + traxID): null

2023-02-17 20:58:58 - [TEST_STEP][PASSED] - out.println("End Record Number: " + row): null

2023-02-17 20:58:58 - [TEST_STEP][PASSED] - closeBrowser(): Browser is closed

2023-02-17 20:58:59 - [MESSAGE][PASSED] - Browser is closed

2023-02-17 20:58:59 - [TEST_STEP][PASSED] - ExecuteTC = findTestData(dataFile).getValue("Execute", row): null

2023-02-17 20:58:59 - [TEST_STEP][PASSED] - out.println("Value of Execute is : " + ExecuteTC): null

2023-02-17 20:58:59 - [TEST_STEP][PASSED] - if (ExecuteTC.equalsIgnoreCase("Y")): Browser is closed

2023-02-17 20:58:59 - [TEST_STEP][PASSED] - out.println("Begin Record Number: " + row): null

2023-02-17 20:58:59 - [TEST_STEP][PASSED] - today = new java.util.Date(): null

2023-02-17 20:58:59 - [TEST_STEP][PASSED] - println(today): null

2023-02-17 20:58:59 - [TEST_STEP][PASSED] - datText = today: null

2023-02-17 20:58:59 - [TEST_STEP][PASSED] - openBrowser(VLinkURL + "authcap.html"): Browser is opened with url: 'https://dev-algorithm.govolution.com/vlinktest/QA/version_2_0/authcap.html'

2023-02-17 20:58:59 - [MESSAGE][INFO] - Starting 'Chrome' driver

2023-02-17 20:58:59 - [MESSAGE][INFO] - User set preference: ['acceptInsecureCerts', 'true']

2023-02-17 20:58:59 - [MESSAGE][INFO] - Action delay is set to 0 milliseconds

2023-02-17 20:59:01 - [MESSAGE][PASSED] - Browser is opened with url: 'https://dev-algorithm.govolution.com/vlinktest/QA/version_2_0/authcap.html'

2023-02-17 20:59:01 - [TEST_STEP][PASSED] - maximizeWindow(): Current window maximized

2023-02-17 20:59:01 - [MESSAGE][PASSED] - Current window maximized

2023-02-17 20:59:01 - [TEST_STEP][PASSED] - vlinkPages.saleCCPage.setDataSCC(row, dataFile): vlinkPages.saleCCPage.setDataSCC is PASSED

2023-02-17 20:59:04 - [MESSAGE][PASSED] - Object 'Object Repository/VLink/Page_CCSale/txt_CardNumber' is present

2023-02-17 20:59:04 - [MESSAGE][PASSED] - Text '104' is set on object 'Object Repository/VLink/Page_CCSale/txt_TransactionType'

2023-02-17 20:59:05 - [MESSAGE][PASSED] - Text '2.0C' is set on object 'Object Repository/VLink/Page_CCSale/txt_MessageVersion'

2023-02-17 20:59:06 - [MESSAGE][PASSED] - Text '3B01fltA4vTY' is set on object 'Object Repository/VLink/Page_CCSale/txt_RemID'

2023-02-17 20:59:06 - [MESSAGE][PASSED] - Text '665' is set on object 'Object Repository/VLink/Page_CCSale/txt_ApplicationId'

2023-02-17 20:59:07 - [MESSAGE][PASSED] - Text 'username' is set on object 'Object Repository/VLink/Page_CCSale/txt_Username'

2023-02-17 20:59:07 - [MESSAGE][PASSED] - Text 'password' is set on object 'Object Repository/VLink/Page_CCSale/txt_Password'

2023-02-17 20:59:08 - [MESSAGE][PASSED] - Text 'fixed_width' is set on object 'Object Repository/VLink/Page_CCSale/txt_ResponseFormat'

2023-02-17 20:59:09 - [MESSAGE][PASSED] - Text 'RETL' is set on object 'Object Repository/VLink/Page_CCSale/txt_Category'

2023-02-17 20:59:09 - [MESSAGE][PASSED] - Text '' is set on object 'Object Repository/VLink/Page_CCSale/txt_TransactionID'

2023-02-17 20:59:10 - [MESSAGE][PASSED] - Text '' is set on object 'Object Repository/VLink/Page_CCSale/txt_ApprovalCode'

2023-02-17 20:59:11 - [MESSAGE][PASSED] - Text 'Kris Roshan' is set on object 'Object Repository/VLink/Page_CCSale/txt_CardName'

2023-02-17 20:59:11 - [MESSAGE][PASSED] - Text '258 Elm Road' is set on object 'Object Repository/VLink/Page_CCSale/txt_AL1'

2023-02-17 20:59:12 - [MESSAGE][PASSED] - Text 'Suite 56' is set on object 'Object Repository/VLink/Page_CCSale/txt_AL2'

2023-02-17 20:59:13 - [MESSAGE][PASSED] - Text 'Arlington' is set on object 'Object Repository/VLink/Page_CCSale/txt_CardCity'

2023-02-17 20:59:13 - [MESSAGE][PASSED] - Text 'VA' is set on object 'Object Repository/VLink/Page_CCSale/txt_CardState'

2023-02-17 20:59:14 - [MESSAGE][PASSED] - Text '22201' is set on object 'Object Repository/VLink/Page_CCSale/txt_CardZIP'

2023-02-17 20:59:15 - [MESSAGE][PASSED] - Text '840' is set on object 'Object Repository/VLink/Page_CCSale/txt_CountryID'

2023-02-17 20:59:15 - [MESSAGE][PASSED] - Text '1.50' is set on object 'Object Repository/VLink/Page_CCSale/txt_Amount'

2023-02-17 20:59:16 - [MESSAGE][PASSED] - Text '6011000000000004' is set on object 'Object Repository/VLink/Page_CCSale/txt_CardNumber'

2023-02-17 20:59:17 - [MESSAGE][PASSED] - Text '12' is set on object 'Object Repository/VLink/Page_CCSale/txt_ExpMonth'

2023-02-17 20:59:17 - [MESSAGE][PASSED] - Text '2025' is set on object 'Object Repository/VLink/Page_CCSale/txt_ExpYear'

2023-02-17 20:59:18 - [MESSAGE][PASSED] - Text '' is set on object 'Object Repository/VLink/Page_CCSale/txt_CVV'

2023-02-17 20:59:19 - [MESSAGE][PASSED] - Text '' is set on object 'Object Repository/VLink/Page_CCSale/txt_CVVstate'

2023-02-17 20:59:19 - [MESSAGE][PASSED] - Text '' is set on object 'Object Repository/VLink/Page_CCSale/txt_TrackData'

2023-02-17 20:59:20 - [MESSAGE][PASSED] - Text '' is set on object 'Object Repository/VLink/Page_CCSale/txt_Track1Data'

2023-02-17 20:59:21 - [MESSAGE][PASSED] - Text '' is set on object 'Object Repository/VLink/Page_CCSale/txt_Track2Data'

2023-02-17 20:59:22 - [MESSAGE][PASSED] - Text 'manual' is set on object 'Object Repository/VLink/Page_CCSale/txt_POSEntryMode'

2023-02-17 20:59:22 - [MESSAGE][PASSED] - Text 'iahmed@govolution.com' is set on object 'Object Repository/VLink/Page_CCSale/txt_Email'

2023-02-17 20:59:23 - [MESSAGE][PASSED] - Text '2569362' is set on object 'Object Repository/VLink/Page_CCSale/txt_OrderNumber'

2023-02-17 20:59:24 - [MESSAGE][PASSED] - Text '1.15' is set on object 'Object Repository/VLink/Page_CCSale/txt_TaxAmount'

2023-02-17 20:59:24 - [MESSAGE][PASSED] - Text 'Charge Description' is set on object 'Object Repository/VLink/Page_CCSale/txt_ChargeDescription'

2023-02-17 20:59:25 - [MESSAGE][PASSED] - Text '147357' is set on object 'Object Repository/VLink/Page_CCSale/txt_CAN'

2023-02-17 20:59:26 - [MESSAGE][PASSED] - Text '1' is set on object 'Object Repository/VLink/Page_CCSale/txt_BillPaymentIndicator'

2023-02-17 20:59:26 - [MESSAGE][PASSED] - Text 'UDF Data 1' is set on object 'Object Repository/VLink/Page_CCSale/txt_UDF1'

2023-02-17 20:59:27 - [MESSAGE][PASSED] - Text 'UDF Data 2' is set on object 'Object Repository/VLink/Page_CCSale/txt_UDF2'

2023-02-17 20:59:28 - [MESSAGE][PASSED] - Text 'UDF Data 3' is set on object 'Object Repository/VLink/Page_CCSale/txt_UDF3'

2023-02-17 20:59:29 - [MESSAGE][PASSED] - Text 'UDF Data 4' is set on object 'Object Repository/VLink/Page_CCSale/txt_UDF4'

2023-02-17 20:59:29 - [MESSAGE][PASSED] - Text 'UDF Data 5' is set on object 'Object Repository/VLink/Page_CCSale/txt_UDF5'

2023-02-17 20:59:30 - [MESSAGE][PASSED] - Text 'UDF Data 6' is set on object 'Object Repository/VLink/Page_CCSale/txt_UDF6'

2023-02-17 20:59:31 - [MESSAGE][PASSED] - Text 'UDF Data 7' is set on object 'Object Repository/VLink/Page_CCSale/txt_UDF7'

2023-02-17 20:59:31 - [MESSAGE][PASSED] - Text 'UDF Data 8' is set on object 'Object Repository/VLink/Page_CCSale/txt_UDF8'

2023-02-17 20:59:32 - [MESSAGE][PASSED] - Text 'UDF Data 9' is set on object 'Object Repository/VLink/Page_CCSale/txt_UDF9'

2023-02-17 20:59:33 - [MESSAGE][PASSED] - Text 'UDF Data 10' is set on object 'Object Repository/VLink/Page_CCSale/txt_UDF10'

2023-02-17 20:59:35 - [MESSAGE][PASSED] - Object: 'Object Repository/VLink/Page_CCSale/btn_ProcessVLinkTransaction' is clicked on

2023-02-17 20:59:40 - [MESSAGE][PASSED] - vlinkPages.saleCCPage.setDataSCC is PASSED

2023-02-17 20:59:40 - [TEST_STEP][PASSED] - if (verifyTextPresent("Transaction approved, no errors", true)): null

2023-02-17 20:59:40 - [MESSAGE][PASSED] - Text 'Transaction approved, no errors' is present on page  using regular expression

2023-02-17 20:59:40 - [TEST_STEP][PASSED] - println("Transaction Approved, no errors text is present on the Confirmation page"): null

2023-02-17 20:59:40 - [TEST_STEP][PASSED] - out.println("Pass Record Number: " + row): null

2023-02-17 20:59:40 - [TEST_STEP][PASSED] - resText = "Pass": null

2023-02-17 20:59:40 - [TEST_STEP][PASSED] - pages.WriteExcel.demoKey(resText, datText, resColumn, datCloumn, fileLoc, nameSheet, row): pages.WriteExcel.demoKey is PASSED

2023-02-17 20:59:41 - [MESSAGE][PASSED] - pages.WriteExcel.demoKey is PASSED

2023-02-17 20:59:41 - [TEST_STEP][PASSED] - sdfo = getText(findTestObject("Object Repository/Page_VLinkReceipt/pre_STX")): Text of object 'Object Repository/Page_VLinkReceipt/pre_STX' is: '<STX>3B01fltA4vTY                  12127279            0  Transaction approved, no errors                   0                                                                                  X OK0803   <ETX>'

2023-02-17 20:59:41 - [MESSAGE][PASSED] - Text of object 'Object Repository/Page_VLinkReceipt/pre_STX' is: '<STX>3B01fltA4vTY                  12127279            0  Transaction approved, no errors                   0                                                                                  X OK0803   <ETX>'

2023-02-17 20:59:41 - [TEST_STEP][PASSED] - out.println("sdfo: " + sdfo): null

2023-02-17 20:59:41 - [TEST_STEP][PASSED] - remID = substring(5, 35).trim(): null

2023-02-17 20:59:41 - [TEST_STEP][PASSED] - out.println("Remittance ID: " + remID): null

2023-02-17 20:59:41 - [TEST_STEP][PASSED] - traxID = substring(35, 55).trim(): null

2023-02-17 20:59:41 - [TEST_STEP][PASSED] - out.println("Transaction ID: " + traxID): null

2023-02-17 20:59:41 - [TEST_STEP][PASSED] - out.println("End Record Number: " + row): null

2023-02-17 20:59:41 - [TEST_STEP][PASSED] - closeBrowser(): Browser is closed

2023-02-17 20:59:42 - [MESSAGE][PASSED] - Browser is closed

2023-02-17 20:59:42 - [TEST_STEP][PASSED] - ExecuteTC = findTestData(dataFile).getValue("Execute", row): null

2023-02-17 20:59:42 - [TEST_STEP][PASSED] - out.println("Value of Execute is : " + ExecuteTC): null

2023-02-17 20:59:42 - [TEST_STEP][PASSED] - if (ExecuteTC.equalsIgnoreCase("Y")): Browser is closed

2023-02-17 20:59:42 - [TEST_STEP][PASSED] - out.println("Begin Record Number: " + row): null

2023-02-17 20:59:42 - [TEST_STEP][PASSED] - today = new java.util.Date(): null

2023-02-17 20:59:42 - [TEST_STEP][PASSED] - println(today): null

2023-02-17 20:59:42 - [TEST_STEP][PASSED] - datText = today: null

2023-02-17 20:59:42 - [TEST_STEP][PASSED] - openBrowser(VLinkURL + "authcap.html"): Browser is opened with url: 'https://dev-algorithm.govolution.com/vlinktest/QA/version_2_0/authcap.html'

2023-02-17 20:59:42 - [MESSAGE][INFO] - Starting 'Chrome' driver

2023-02-17 20:59:42 - [MESSAGE][INFO] - User set preference: ['acceptInsecureCerts', 'true']

2023-02-17 20:59:42 - [MESSAGE][INFO] - Action delay is set to 0 milliseconds

2023-02-17 20:59:44 - [MESSAGE][PASSED] - Browser is opened with url: 'https://dev-algorithm.govolution.com/vlinktest/QA/version_2_0/authcap.html'

2023-02-17 20:59:44 - [TEST_STEP][PASSED] - maximizeWindow(): Current window maximized

2023-02-17 20:59:44 - [MESSAGE][PASSED] - Current window maximized

2023-02-17 20:59:44 - [TEST_STEP][PASSED] - vlinkPages.saleCCPage.setDataSCC(row, dataFile): vlinkPages.saleCCPage.setDataSCC is PASSED

2023-02-17 20:59:46 - [MESSAGE][PASSED] - Object 'Object Repository/VLink/Page_CCSale/txt_CardNumber' is present

2023-02-17 20:59:47 - [MESSAGE][PASSED] - Text '104' is set on object 'Object Repository/VLink/Page_CCSale/txt_TransactionType'

2023-02-17 20:59:48 - [MESSAGE][PASSED] - Text '2.0C' is set on object 'Object Repository/VLink/Page_CCSale/txt_MessageVersion'

2023-02-17 20:59:48 - [MESSAGE][PASSED] - Text 'tCmIvvo2QZfJ' is set on object 'Object Repository/VLink/Page_CCSale/txt_RemID'

2023-02-17 20:59:49 - [MESSAGE][PASSED] - Text '672' is set on object 'Object Repository/VLink/Page_CCSale/txt_ApplicationId'

2023-02-17 20:59:50 - [MESSAGE][PASSED] - Text 'username' is set on object 'Object Repository/VLink/Page_CCSale/txt_Username'

2023-02-17 20:59:50 - [MESSAGE][PASSED] - Text 'password' is set on object 'Object Repository/VLink/Page_CCSale/txt_Password'

2023-02-17 20:59:51 - [MESSAGE][PASSED] - Text 'fixed_width' is set on object 'Object Repository/VLink/Page_CCSale/txt_ResponseFormat'

2023-02-17 20:59:51 - [MESSAGE][PASSED] - Text 'RETL' is set on object 'Object Repository/VLink/Page_CCSale/txt_Category'

2023-02-17 20:59:52 - [MESSAGE][PASSED] - Text '' is set on object 'Object Repository/VLink/Page_CCSale/txt_TransactionID'

2023-02-17 20:59:53 - [MESSAGE][PASSED] - Text '' is set on object 'Object Repository/VLink/Page_CCSale/txt_ApprovalCode'

2023-02-17 20:59:53 - [MESSAGE][PASSED] - Text 'Arvind Silva' is set on object 'Object Repository/VLink/Page_CCSale/txt_CardName'

2023-02-17 20:59:54 - [MESSAGE][PASSED] - Text '111 Main Ave' is set on object 'Object Repository/VLink/Page_CCSale/txt_AL1'

2023-02-17 20:59:55 - [MESSAGE][PASSED] - Text '' is set on object 'Object Repository/VLink/Page_CCSale/txt_AL2'

2023-02-17 20:59:55 - [MESSAGE][PASSED] - Text 'Arlington' is set on object 'Object Repository/VLink/Page_CCSale/txt_CardCity'

2023-02-17 20:59:56 - [MESSAGE][PASSED] - Text 'VA' is set on object 'Object Repository/VLink/Page_CCSale/txt_CardState'

2023-02-17 20:59:57 - [MESSAGE][PASSED] - Text '22201' is set on object 'Object Repository/VLink/Page_CCSale/txt_CardZIP'

2023-02-17 20:59:57 - [MESSAGE][PASSED] - Text '' is set on object 'Object Repository/VLink/Page_CCSale/txt_CountryID'

2023-02-17 20:59:58 - [MESSAGE][PASSED] - Text '2.50' is set on object 'Object Repository/VLink/Page_CCSale/txt_Amount'

2023-02-17 20:59:59 - [MESSAGE][PASSED] - Text '6011000000000004' is set on object 'Object Repository/VLink/Page_CCSale/txt_CardNumber'

2023-02-17 20:59:59 - [MESSAGE][PASSED] - Text '01' is set on object 'Object Repository/VLink/Page_CCSale/txt_ExpMonth'

2023-02-17 21:00:00 - [MESSAGE][PASSED] - Text '2026' is set on object 'Object Repository/VLink/Page_CCSale/txt_ExpYear'

2023-02-17 21:00:01 - [MESSAGE][PASSED] - Text '' is set on object 'Object Repository/VLink/Page_CCSale/txt_CVV'

2023-02-17 21:00:01 - [MESSAGE][PASSED] - Text '' is set on object 'Object Repository/VLink/Page_CCSale/txt_CVVstate'

2023-02-17 21:00:02 - [MESSAGE][PASSED] - Text '' is set on object 'Object Repository/VLink/Page_CCSale/txt_TrackData'

2023-02-17 21:00:03 - [MESSAGE][PASSED] - Text '' is set on object 'Object Repository/VLink/Page_CCSale/txt_Track1Data'

2023-02-17 21:00:03 - [MESSAGE][PASSED] - Text '' is set on object 'Object Repository/VLink/Page_CCSale/txt_Track2Data'

2023-02-17 21:00:04 - [MESSAGE][PASSED] - Text 'manual' is set on object 'Object Repository/VLink/Page_CCSale/txt_POSEntryMode'

2023-02-17 21:00:05 - [MESSAGE][PASSED] - Text '' is set on object 'Object Repository/VLink/Page_CCSale/txt_Email'

2023-02-17 21:00:05 - [MESSAGE][PASSED] - Text '' is set on object 'Object Repository/VLink/Page_CCSale/txt_OrderNumber'

2023-02-17 21:00:06 - [MESSAGE][PASSED] - Text '' is set on object 'Object Repository/VLink/Page_CCSale/txt_TaxAmount'

2023-02-17 21:00:07 - [MESSAGE][PASSED] - Text '' is set on object 'Object Repository/VLink/Page_CCSale/txt_ChargeDescription'

2023-02-17 21:00:07 - [MESSAGE][PASSED] - Text '' is set on object 'Object Repository/VLink/Page_CCSale/txt_CAN'

2023-02-17 21:00:08 - [MESSAGE][PASSED] - Text '' is set on object 'Object Repository/VLink/Page_CCSale/txt_BillPaymentIndicator'

2023-02-17 21:00:09 - [MESSAGE][PASSED] - Text '' is set on object 'Object Repository/VLink/Page_CCSale/txt_UDF1'

2023-02-17 21:00:09 - [MESSAGE][PASSED] - Text '' is set on object 'Object Repository/VLink/Page_CCSale/txt_UDF2'

2023-02-17 21:00:10 - [MESSAGE][PASSED] - Text '' is set on object 'Object Repository/VLink/Page_CCSale/txt_UDF3'

2023-02-17 21:00:11 - [MESSAGE][PASSED] - Text '' is set on object 'Object Repository/VLink/Page_CCSale/txt_UDF4'

2023-02-17 21:00:12 - [MESSAGE][PASSED] - Text '' is set on object 'Object Repository/VLink/Page_CCSale/txt_UDF5'

2023-02-17 21:00:12 - [MESSAGE][PASSED] - Text '' is set on object 'Object Repository/VLink/Page_CCSale/txt_UDF6'

2023-02-17 21:00:13 - [MESSAGE][PASSED] - Text '' is set on object 'Object Repository/VLink/Page_CCSale/txt_UDF7'

2023-02-17 21:00:14 - [MESSAGE][PASSED] - Text '' is set on object 'Object Repository/VLink/Page_CCSale/txt_UDF8'

2023-02-17 21:00:14 - [MESSAGE][PASSED] - Text '' is set on object 'Object Repository/VLink/Page_CCSale/txt_UDF9'

2023-02-17 21:00:15 - [MESSAGE][PASSED] - Text '' is set on object 'Object Repository/VLink/Page_CCSale/txt_UDF10'

2023-02-17 21:00:17 - [MESSAGE][PASSED] - Object: 'Object Repository/VLink/Page_CCSale/btn_ProcessVLinkTransaction' is clicked on

2023-02-17 21:00:22 - [MESSAGE][PASSED] - vlinkPages.saleCCPage.setDataSCC is PASSED

2023-02-17 21:00:22 - [TEST_STEP][PASSED] - if (verifyTextPresent("Transaction approved, no errors", true)): null

2023-02-17 21:00:23 - [MESSAGE][PASSED] - Text 'Transaction approved, no errors' is present on page  using regular expression

2023-02-17 21:00:23 - [TEST_STEP][PASSED] - println("Transaction Approved, no errors text is present on the Confirmation page"): null

2023-02-17 21:00:23 - [TEST_STEP][PASSED] - out.println("Pass Record Number: " + row): null

2023-02-17 21:00:23 - [TEST_STEP][PASSED] - resText = "Pass": null

2023-02-17 21:00:23 - [TEST_STEP][PASSED] - pages.WriteExcel.demoKey(resText, datText, resColumn, datCloumn, fileLoc, nameSheet, row): pages.WriteExcel.demoKey is PASSED

2023-02-17 21:00:23 - [MESSAGE][PASSED] - pages.WriteExcel.demoKey is PASSED

2023-02-17 21:00:23 - [TEST_STEP][PASSED] - sdfo = getText(findTestObject("Object Repository/Page_VLinkReceipt/pre_STX")): Text of object 'Object Repository/Page_VLinkReceipt/pre_STX' is: '<STX>tCmIvvo2QZfJ                  12127280            0  Transaction approved, no errors                   0                                                                                  X OK0813   <ETX>'

2023-02-17 21:00:23 - [MESSAGE][PASSED] - Text of object 'Object Repository/Page_VLinkReceipt/pre_STX' is: '<STX>tCmIvvo2QZfJ                  12127280            0  Transaction approved, no errors                   0                                                                                  X OK0813   <ETX>'

2023-02-17 21:00:23 - [TEST_STEP][PASSED] - out.println("sdfo: " + sdfo): null

2023-02-17 21:00:23 - [TEST_STEP][PASSED] - remID = substring(5, 35).trim(): null

2023-02-17 21:00:23 - [TEST_STEP][PASSED] - out.println("Remittance ID: " + remID): null

2023-02-17 21:00:23 - [TEST_STEP][PASSED] - traxID = substring(35, 55).trim(): null

2023-02-17 21:00:23 - [TEST_STEP][PASSED] - out.println("Transaction ID: " + traxID): null

2023-02-17 21:00:23 - [TEST_STEP][PASSED] - out.println("End Record Number: " + row): null

2023-02-17 21:00:23 - [TEST_STEP][PASSED] - closeBrowser(): Browser is closed

2023-02-17 21:00:24 - [MESSAGE][PASSED] - Browser is closed

2023-02-17 21:00:24 - [TEST_STEP][PASSED] - ExecuteTC = findTestData(dataFile).getValue("Execute", row): null

2023-02-17 21:00:24 - [TEST_STEP][PASSED] - out.println("Value of Execute is : " + ExecuteTC): null

2023-02-17 21:00:24 - [TEST_STEP][PASSED] - if (ExecuteTC.equalsIgnoreCase("Y")): Browser is closed

2023-02-17 21:00:24 - [TEST_STEP][PASSED] - out.println("Begin Record Number: " + row): null

2023-02-17 21:00:24 - [TEST_STEP][PASSED] - today = new java.util.Date(): null

2023-02-17 21:00:24 - [TEST_STEP][PASSED] - println(today): null

2023-02-17 21:00:24 - [TEST_STEP][PASSED] - datText = today: null

2023-02-17 21:00:24 - [TEST_STEP][PASSED] - openBrowser(VLinkURL + "authcap.html"): Browser is opened with url: 'https://dev-algorithm.govolution.com/vlinktest/QA/version_2_0/authcap.html'

2023-02-17 21:00:24 - [MESSAGE][INFO] - Starting 'Chrome' driver

2023-02-17 21:00:24 - [MESSAGE][INFO] - User set preference: ['acceptInsecureCerts', 'true']

2023-02-17 21:00:24 - [MESSAGE][INFO] - Action delay is set to 0 milliseconds

2023-02-17 21:00:26 - [MESSAGE][PASSED] - Browser is opened with url: 'https://dev-algorithm.govolution.com/vlinktest/QA/version_2_0/authcap.html'

2023-02-17 21:00:26 - [TEST_STEP][PASSED] - maximizeWindow(): Current window maximized

2023-02-17 21:00:26 - [MESSAGE][PASSED] - Current window maximized

2023-02-17 21:00:26 - [TEST_STEP][PASSED] - vlinkPages.saleCCPage.setDataSCC(row, dataFile): vlinkPages.saleCCPage.setDataSCC is PASSED

2023-02-17 21:00:29 - [MESSAGE][PASSED] - Object 'Object Repository/VLink/Page_CCSale/txt_CardNumber' is present

2023-02-17 21:00:29 - [MESSAGE][PASSED] - Text '104' is set on object 'Object Repository/VLink/Page_CCSale/txt_TransactionType'

2023-02-17 21:00:30 - [MESSAGE][PASSED] - Text '2.0C' is set on object 'Object Repository/VLink/Page_CCSale/txt_MessageVersion'

2023-02-17 21:00:31 - [MESSAGE][PASSED] - Text 'UnbeTItoIk6Q' is set on object 'Object Repository/VLink/Page_CCSale/txt_RemID'

2023-02-17 21:00:31 - [MESSAGE][PASSED] - Text '677' is set on object 'Object Repository/VLink/Page_CCSale/txt_ApplicationId'

2023-02-17 21:00:32 - [MESSAGE][PASSED] - Text 'username' is set on object 'Object Repository/VLink/Page_CCSale/txt_Username'

2023-02-17 21:00:33 - [MESSAGE][PASSED] - Text 'password' is set on object 'Object Repository/VLink/Page_CCSale/txt_Password'

2023-02-17 21:00:33 - [MESSAGE][PASSED] - Text 'fixed_width' is set on object 'Object Repository/VLink/Page_CCSale/txt_ResponseFormat'

2023-02-17 21:00:34 - [MESSAGE][PASSED] - Text 'RETL' is set on object 'Object Repository/VLink/Page_CCSale/txt_Category'

2023-02-17 21:00:34 - [MESSAGE][PASSED] - Text '' is set on object 'Object Repository/VLink/Page_CCSale/txt_TransactionID'

2023-02-17 21:00:35 - [MESSAGE][PASSED] - Text '' is set on object 'Object Repository/VLink/Page_CCSale/txt_ApprovalCode'

2023-02-17 21:00:36 - [MESSAGE][PASSED] - Text 'Roshan Maha' is set on object 'Object Repository/VLink/Page_CCSale/txt_CardName'

2023-02-17 21:00:36 - [MESSAGE][PASSED] - Text '12563 Bazaar road' is set on object 'Object Repository/VLink/Page_CCSale/txt_AL1'

2023-02-17 21:00:37 - [MESSAGE][PASSED] - Text '' is set on object 'Object Repository/VLink/Page_CCSale/txt_AL2'

2023-02-17 21:00:38 - [MESSAGE][PASSED] - Text 'Crofton' is set on object 'Object Repository/VLink/Page_CCSale/txt_CardCity'

2023-02-17 21:00:38 - [MESSAGE][PASSED] - Text 'MD' is set on object 'Object Repository/VLink/Page_CCSale/txt_CardState'

2023-02-17 21:00:39 - [MESSAGE][PASSED] - Text '21114' is set on object 'Object Repository/VLink/Page_CCSale/txt_CardZIP'

2023-02-17 21:00:40 - [MESSAGE][PASSED] - Text '' is set on object 'Object Repository/VLink/Page_CCSale/txt_CountryID'

2023-02-17 21:00:40 - [MESSAGE][PASSED] - Text '3.50' is set on object 'Object Repository/VLink/Page_CCSale/txt_Amount'

2023-02-17 21:00:41 - [MESSAGE][PASSED] - Text '6011000000000004' is set on object 'Object Repository/VLink/Page_CCSale/txt_CardNumber'

2023-02-17 21:00:42 - [MESSAGE][PASSED] - Text '01' is set on object 'Object Repository/VLink/Page_CCSale/txt_ExpMonth'

2023-02-17 21:00:42 - [MESSAGE][PASSED] - Text '2026' is set on object 'Object Repository/VLink/Page_CCSale/txt_ExpYear'

2023-02-17 21:00:43 - [MESSAGE][PASSED] - Text '' is set on object 'Object Repository/VLink/Page_CCSale/txt_CVV'

2023-02-17 21:00:44 - [MESSAGE][PASSED] - Text '' is set on object 'Object Repository/VLink/Page_CCSale/txt_CVVstate'

2023-02-17 21:00:44 - [MESSAGE][PASSED] - Text '' is set on object 'Object Repository/VLink/Page_CCSale/txt_TrackData'

2023-02-17 21:00:45 - [MESSAGE][PASSED] - Text '' is set on object 'Object Repository/VLink/Page_CCSale/txt_Track1Data'

2023-02-17 21:00:46 - [MESSAGE][PASSED] - Text '' is set on object 'Object Repository/VLink/Page_CCSale/txt_Track2Data'

2023-02-17 21:00:46 - [MESSAGE][PASSED] - Text 'manual' is set on object 'Object Repository/VLink/Page_CCSale/txt_POSEntryMode'

2023-02-17 21:00:47 - [MESSAGE][PASSED] - Text '' is set on object 'Object Repository/VLink/Page_CCSale/txt_Email'

2023-02-17 21:00:48 - [MESSAGE][PASSED] - Text '' is set on object 'Object Repository/VLink/Page_CCSale/txt_OrderNumber'

2023-02-17 21:00:48 - [MESSAGE][PASSED] - Text '' is set on object 'Object Repository/VLink/Page_CCSale/txt_TaxAmount'

2023-02-17 21:00:49 - [MESSAGE][PASSED] - Text '' is set on object 'Object Repository/VLink/Page_CCSale/txt_ChargeDescription'

2023-02-17 21:00:50 - [MESSAGE][PASSED] - Text '' is set on object 'Object Repository/VLink/Page_CCSale/txt_CAN'

2023-02-17 21:00:50 - [MESSAGE][PASSED] - Text '' is set on object 'Object Repository/VLink/Page_CCSale/txt_BillPaymentIndicator'

2023-02-17 21:00:51 - [MESSAGE][PASSED] - Text '' is set on object 'Object Repository/VLink/Page_CCSale/txt_UDF1'

2023-02-17 21:00:52 - [MESSAGE][PASSED] - Text '' is set on object 'Object Repository/VLink/Page_CCSale/txt_UDF2'

2023-02-17 21:00:52 - [MESSAGE][PASSED] - Text '' is set on object 'Object Repository/VLink/Page_CCSale/txt_UDF3'

2023-02-17 21:00:53 - [MESSAGE][PASSED] - Text '' is set on object 'Object Repository/VLink/Page_CCSale/txt_UDF4'

2023-02-17 21:00:54 - [MESSAGE][PASSED] - Text '' is set on object 'Object Repository/VLink/Page_CCSale/txt_UDF5'

2023-02-17 21:00:54 - [MESSAGE][PASSED] - Text '' is set on object 'Object Repository/VLink/Page_CCSale/txt_UDF6'

2023-02-17 21:00:55 - [MESSAGE][PASSED] - Text '' is set on object 'Object Repository/VLink/Page_CCSale/txt_UDF7'

2023-02-17 21:00:56 - [MESSAGE][PASSED] - Text '' is set on object 'Object Repository/VLink/Page_CCSale/txt_UDF8'

2023-02-17 21:00:56 - [MESSAGE][PASSED] - Text '' is set on object 'Object Repository/VLink/Page_CCSale/txt_UDF9'

2023-02-17 21:00:57 - [MESSAGE][PASSED] - Text '' is set on object 'Object Repository/VLink/Page_CCSale/txt_UDF10'

2023-02-17 21:01:00 - [MESSAGE][PASSED] - Object: 'Object Repository/VLink/Page_CCSale/btn_ProcessVLinkTransaction' is clicked on

2023-02-17 21:01:05 - [MESSAGE][PASSED] - vlinkPages.saleCCPage.setDataSCC is PASSED

2023-02-17 21:01:05 - [TEST_STEP][PASSED] - if (verifyTextPresent("Transaction approved, no errors", true)): null

2023-02-17 21:01:05 - [MESSAGE][PASSED] - Text 'Transaction approved, no errors' is present on page  using regular expression

2023-02-17 21:01:05 - [TEST_STEP][PASSED] - println("Transaction Approved, no errors text is present on the Confirmation page"): null

2023-02-17 21:01:05 - [TEST_STEP][PASSED] - out.println("Pass Record Number: " + row): null

2023-02-17 21:01:05 - [TEST_STEP][PASSED] - resText = "Pass": null

2023-02-17 21:01:05 - [TEST_STEP][PASSED] - pages.WriteExcel.demoKey(resText, datText, resColumn, datCloumn, fileLoc, nameSheet, row): pages.WriteExcel.demoKey is PASSED

2023-02-17 21:01:05 - [MESSAGE][PASSED] - pages.WriteExcel.demoKey is PASSED

2023-02-17 21:01:05 - [TEST_STEP][PASSED] - sdfo = getText(findTestObject("Object Repository/Page_VLinkReceipt/pre_STX")): Text of object 'Object Repository/Page_VLinkReceipt/pre_STX' is: '<STX>UnbeTItoIk6Q                  12127281            0  Transaction approved, no errors                   0                                                                                  X OK0823   <ETX>'

2023-02-17 21:01:06 - [MESSAGE][PASSED] - Text of object 'Object Repository/Page_VLinkReceipt/pre_STX' is: '<STX>UnbeTItoIk6Q                  12127281            0  Transaction approved, no errors                   0                                                                                  X OK0823   <ETX>'

2023-02-17 21:01:06 - [TEST_STEP][PASSED] - out.println("sdfo: " + sdfo): null

2023-02-17 21:01:06 - [TEST_STEP][PASSED] - remID = substring(5, 35).trim(): null

2023-02-17 21:01:06 - [TEST_STEP][PASSED] - out.println("Remittance ID: " + remID): null

2023-02-17 21:01:06 - [TEST_STEP][PASSED] - traxID = substring(35, 55).trim(): null

2023-02-17 21:01:06 - [TEST_STEP][PASSED] - out.println("Transaction ID: " + traxID): null

2023-02-17 21:01:06 - [TEST_STEP][PASSED] - out.println("End Record Number: " + row): null

2023-02-17 21:01:06 - [TEST_STEP][PASSED] - closeBrowser(): Browser is closed

2023-02-17 21:01:07 - [MESSAGE][PASSED] - Browser is closed

2023-02-17 21:01:07 - [TEST_STEP][PASSED] - ExecuteTC = findTestData(dataFile).getValue("Execute", row): null

2023-02-17 21:01:07 - [TEST_STEP][PASSED] - out.println("Value of Execute is : " + ExecuteTC): null

2023-02-17 21:01:07 - [TEST_STEP][FAILED] - if (ExecuteTC.equalsIgnoreCase("Y")): null

2023-02-17 21:01:07 - [TEST_STEP][PASSED] - out.println("Begin Record Number: " + row): null

2023-02-17 21:01:07 - [TEST_STEP][PASSED] - today = new java.util.Date(): null

2023-02-17 21:01:07 - [TEST_STEP][PASSED] - println(today): null

2023-02-17 21:01:07 - [TEST_STEP][PASSED] - datText = today: null

2023-02-17 21:01:07 - [TEST_STEP][PASSED] - openBrowser(VLinkURL + "authcap.html"): Browser is opened with url: 'https://dev-algorithm.govolution.com/vlinktest/QA/version_2_0/authcap.html'

2023-02-17 21:01:07 - [MESSAGE][INFO] - Starting 'Chrome' driver

2023-02-17 21:01:07 - [MESSAGE][INFO] - User set preference: ['acceptInsecureCerts', 'true']

2023-02-17 21:01:07 - [MESSAGE][INFO] - Action delay is set to 0 milliseconds

2023-02-17 21:01:09 - [MESSAGE][PASSED] - Browser is opened with url: 'https://dev-algorithm.govolution.com/vlinktest/QA/version_2_0/authcap.html'

2023-02-17 21:01:09 - [TEST_STEP][PASSED] - maximizeWindow(): Current window maximized

2023-02-17 21:01:09 - [MESSAGE][PASSED] - Current window maximized

2023-02-17 21:01:09 - [TEST_STEP][PASSED] - vlinkPages.saleCCPage.setDataSCC(row, dataFile): vlinkPages.saleCCPage.setDataSCC is PASSED

2023-02-17 21:01:12 - [MESSAGE][PASSED] - Object 'Object Repository/VLink/Page_CCSale/txt_CardNumber' is present

2023-02-17 21:01:12 - [MESSAGE][PASSED] - Text '104' is set on object 'Object Repository/VLink/Page_CCSale/txt_TransactionType'

2023-02-17 21:01:13 - [MESSAGE][PASSED] - Text '2.0C' is set on object 'Object Repository/VLink/Page_CCSale/txt_MessageVersion'

2023-02-17 21:01:13 - [MESSAGE][PASSED] - Text '24a0eGwN9Gjc' is set on object 'Object Repository/VLink/Page_CCSale/txt_RemID'

2023-02-17 21:01:14 - [MESSAGE][PASSED] - Text '667' is set on object 'Object Repository/VLink/Page_CCSale/txt_ApplicationId'

2023-02-17 21:01:15 - [MESSAGE][PASSED] - Text 'username' is set on object 'Object Repository/VLink/Page_CCSale/txt_Username'

2023-02-17 21:01:15 - [MESSAGE][PASSED] - Text 'password' is set on object 'Object Repository/VLink/Page_CCSale/txt_Password'

2023-02-17 21:01:16 - [MESSAGE][PASSED] - Text 'fixed_width' is set on object 'Object Repository/VLink/Page_CCSale/txt_ResponseFormat'

2023-02-17 21:01:16 - [MESSAGE][PASSED] - Text 'ECOM' is set on object 'Object Repository/VLink/Page_CCSale/txt_Category'

2023-02-17 21:01:17 - [MESSAGE][PASSED] - Text '' is set on object 'Object Repository/VLink/Page_CCSale/txt_TransactionID'

2023-02-17 21:01:18 - [MESSAGE][PASSED] - Text '' is set on object 'Object Repository/VLink/Page_CCSale/txt_ApprovalCode'

2023-02-17 21:01:18 - [MESSAGE][PASSED] - Text 'Kris Roshan' is set on object 'Object Repository/VLink/Page_CCSale/txt_CardName'

2023-02-17 21:01:19 - [MESSAGE][PASSED] - Text '258 Elm Road' is set on object 'Object Repository/VLink/Page_CCSale/txt_AL1'

2023-02-17 21:01:20 - [MESSAGE][PASSED] - Text 'Suite 56' is set on object 'Object Repository/VLink/Page_CCSale/txt_AL2'

2023-02-17 21:01:20 - [MESSAGE][PASSED] - Text 'Arlington' is set on object 'Object Repository/VLink/Page_CCSale/txt_CardCity'

2023-02-17 21:01:21 - [MESSAGE][PASSED] - Text 'VA' is set on object 'Object Repository/VLink/Page_CCSale/txt_CardState'

2023-02-17 21:01:22 - [MESSAGE][PASSED] - Text '22201' is set on object 'Object Repository/VLink/Page_CCSale/txt_CardZIP'

2023-02-17 21:01:22 - [MESSAGE][PASSED] - Text '840' is set on object 'Object Repository/VLink/Page_CCSale/txt_CountryID'

2023-02-17 21:01:23 - [MESSAGE][PASSED] - Text '1.50' is set on object 'Object Repository/VLink/Page_CCSale/txt_Amount'

2023-02-17 21:01:24 - [MESSAGE][PASSED] - Text '4111111111111111' is set on object 'Object Repository/VLink/Page_CCSale/txt_CardNumber'

2023-02-17 21:01:24 - [MESSAGE][PASSED] - Text '12' is set on object 'Object Repository/VLink/Page_CCSale/txt_ExpMonth'

2023-02-17 21:01:25 - [MESSAGE][PASSED] - Text '2025' is set on object 'Object Repository/VLink/Page_CCSale/txt_ExpYear'

2023-02-17 21:01:26 - [MESSAGE][PASSED] - Text '' is set on object 'Object Repository/VLink/Page_CCSale/txt_CVV'

2023-02-17 21:01:26 - [MESSAGE][PASSED] - Text '' is set on object 'Object Repository/VLink/Page_CCSale/txt_CVVstate'

2023-02-17 21:01:27 - [MESSAGE][PASSED] - Text '' is set on object 'Object Repository/VLink/Page_CCSale/txt_TrackData'

2023-02-17 21:01:28 - [MESSAGE][PASSED] - Text '' is set on object 'Object Repository/VLink/Page_CCSale/txt_Track1Data'

2023-02-17 21:01:28 - [MESSAGE][PASSED] - Text '' is set on object 'Object Repository/VLink/Page_CCSale/txt_Track2Data'

2023-02-17 21:01:29 - [MESSAGE][PASSED] - Text 'manual' is set on object 'Object Repository/VLink/Page_CCSale/txt_POSEntryMode'

2023-02-17 21:01:30 - [MESSAGE][PASSED] - Text 'iahmed@govolution.com' is set on object 'Object Repository/VLink/Page_CCSale/txt_Email'

2023-02-17 21:01:31 - [MESSAGE][PASSED] - Text '2569362' is set on object 'Object Repository/VLink/Page_CCSale/txt_OrderNumber'

2023-02-17 21:01:31 - [MESSAGE][PASSED] - Text '1.15' is set on object 'Object Repository/VLink/Page_CCSale/txt_TaxAmount'

2023-02-17 21:01:32 - [MESSAGE][PASSED] - Text 'Charge Description' is set on object 'Object Repository/VLink/Page_CCSale/txt_ChargeDescription'

2023-02-17 21:01:33 - [MESSAGE][PASSED] - Text '147357' is set on object 'Object Repository/VLink/Page_CCSale/txt_CAN'

2023-02-17 21:01:33 - [MESSAGE][PASSED] - Text '1' is set on object 'Object Repository/VLink/Page_CCSale/txt_BillPaymentIndicator'

2023-02-17 21:01:34 - [MESSAGE][PASSED] - Text 'UDF Data 1' is set on object 'Object Repository/VLink/Page_CCSale/txt_UDF1'

2023-02-17 21:01:35 - [MESSAGE][PASSED] - Text 'UDF Data 2' is set on object 'Object Repository/VLink/Page_CCSale/txt_UDF2'

2023-02-17 21:01:35 - [MESSAGE][PASSED] - Text 'UDF Data 3' is set on object 'Object Repository/VLink/Page_CCSale/txt_UDF3'

2023-02-17 21:01:36 - [MESSAGE][PASSED] - Text 'UDF Data 4' is set on object 'Object Repository/VLink/Page_CCSale/txt_UDF4'

2023-02-17 21:01:37 - [MESSAGE][PASSED] - Text 'UDF Data 5' is set on object 'Object Repository/VLink/Page_CCSale/txt_UDF5'

2023-02-17 21:01:37 - [MESSAGE][PASSED] - Text 'UDF Data 6' is set on object 'Object Repository/VLink/Page_CCSale/txt_UDF6'

2023-02-17 21:01:38 - [MESSAGE][PASSED] - Text 'UDF Data 7' is set on object 'Object Repository/VLink/Page_CCSale/txt_UDF7'

2023-02-17 21:01:39 - [MESSAGE][PASSED] - Text 'UDF Data 8' is set on object 'Object Repository/VLink/Page_CCSale/txt_UDF8'

2023-02-17 21:01:40 - [MESSAGE][PASSED] - Text 'UDF Data 9' is set on object 'Object Repository/VLink/Page_CCSale/txt_UDF9'

2023-02-17 21:01:40 - [MESSAGE][PASSED] - Text 'UDF Data 10' is set on object 'Object Repository/VLink/Page_CCSale/txt_UDF10'

2023-02-17 21:01:43 - [MESSAGE][PASSED] - Object: 'Object Repository/VLink/Page_CCSale/btn_ProcessVLinkTransaction' is clicked on

2023-02-17 21:01:48 - [MESSAGE][PASSED] - vlinkPages.saleCCPage.setDataSCC is PASSED

2023-02-17 21:01:48 - [TEST_STEP][FAILED] - if (verifyTextPresent("Transaction approved, no errors", true)): Text 'Transaction approved, no errors' is not present on page  using regular expression (Root cause: com.kms.katalon.core.exception.StepFailedException: Text 'Transaction approved, no errors' is not present on page  using regular expression
	at com.kms.katalon.core.webui.keyword.internal.WebUIKeywordMain.stepFailed(WebUIKeywordMain.groovy:64)
	at com.kms.katalon.core.webui.keyword.builtin.VerifyTextPresentKeyword$_verifyTextPresent_closure1.doCall(VerifyTextPresentKeyword.groovy:79)
	at com.kms.katalon.core.webui.keyword.builtin.VerifyTextPresentKeyword$_verifyTextPresent_closure1.call(VerifyTextPresentKeyword.groovy)
	at com.kms.katalon.core.webui.keyword.internal.WebUIKeywordMain.runKeyword(WebUIKeywordMain.groovy:20)
	at com.kms.katalon.core.webui.keyword.builtin.VerifyTextPresentKeyword.verifyTextPresent(VerifyTextPresentKeyword.groovy:83)
	at com.kms.katalon.core.webui.keyword.builtin.VerifyTextPresentKeyword.execute(VerifyTextPresentKeyword.groovy:68)
	at com.kms.katalon.core.keyword.internal.KeywordExecutor.executeKeywordForPlatform(KeywordExecutor.groovy:74)
	at com.kms.katalon.core.webui.keyword.WebUiBuiltInKeywords.verifyTextPresent(WebUiBuiltInKeywords.groovy:1723)
	at com.kms.katalon.core.webui.keyword.WebUiBuiltInKeywords$verifyTextPresent$4.call(Unknown Source)
	at VLinkSale-Successful.run(VLinkSale-Successful:89)
	at com.kms.katalon.core.main.ScriptEngine.run(ScriptEngine.java:194)
	at com.kms.katalon.core.main.ScriptEngine.runScriptAsRawText(ScriptEngine.java:119)
	at com.kms.katalon.core.main.TestCaseExecutor.runScript(TestCaseExecutor.java:442)
	at com.kms.katalon.core.main.TestCaseExecutor.doExecute(TestCaseExecutor.java:433)
	at com.kms.katalon.core.main.TestCaseExecutor.processExecutionPhase(TestCaseExecutor.java:412)
	at com.kms.katalon.core.main.TestCaseExecutor.accessMainPhase(TestCaseExecutor.java:404)
	at com.kms.katalon.core.main.TestCaseExecutor.execute(TestCaseExecutor.java:281)
	at com.kms.katalon.core.main.TestSuiteExecutor.accessTestCaseMainPhase(TestSuiteExecutor.java:202)
	at com.kms.katalon.core.main.TestSuiteExecutor.accessTestSuiteMainPhase(TestSuiteExecutor.java:164)
	at com.kms.katalon.core.main.TestSuiteExecutor.execute(TestSuiteExecutor.java:105)
	at com.kms.katalon.core.main.TestCaseMain.startTestSuite(TestCaseMain.java:185)
	at com.kms.katalon.core.main.TestCaseMain$startTestSuite$0.call(Unknown Source)
	at TempTestSuite1676684116661.run(TempTestSuite1676684116661.groovy:36)
)

2023-02-17 21:01:49 - [MESSAGE][FAILED] - Text 'Transaction approved, no errors' is not present on page  using regular expression (Root cause: com.kms.katalon.core.exception.StepFailedException: Text 'Transaction approved, no errors' is not present on page  using regular expression
	at com.kms.katalon.core.webui.keyword.internal.WebUIKeywordMain.stepFailed(WebUIKeywordMain.groovy:64)
	at com.kms.katalon.core.webui.keyword.builtin.VerifyTextPresentKeyword$_verifyTextPresent_closure1.doCall(VerifyTextPresentKeyword.groovy:79)
	at com.kms.katalon.core.webui.keyword.builtin.VerifyTextPresentKeyword$_verifyTextPresent_closure1.call(VerifyTextPresentKeyword.groovy)
	at com.kms.katalon.core.webui.keyword.internal.WebUIKeywordMain.runKeyword(WebUIKeywordMain.groovy:20)
	at com.kms.katalon.core.webui.keyword.builtin.VerifyTextPresentKeyword.verifyTextPresent(VerifyTextPresentKeyword.groovy:83)
	at com.kms.katalon.core.webui.keyword.builtin.VerifyTextPresentKeyword.execute(VerifyTextPresentKeyword.groovy:68)
	at com.kms.katalon.core.keyword.internal.KeywordExecutor.executeKeywordForPlatform(KeywordExecutor.groovy:74)
	at com.kms.katalon.core.webui.keyword.WebUiBuiltInKeywords.verifyTextPresent(WebUiBuiltInKeywords.groovy:1723)
	at com.kms.katalon.core.webui.keyword.WebUiBuiltInKeywords$verifyTextPresent$4.call(Unknown Source)
	at VLinkSale-Successful.run(VLinkSale-Successful:89)
	at com.kms.katalon.core.main.ScriptEngine.run(ScriptEngine.java:194)
	at com.kms.katalon.core.main.ScriptEngine.runScriptAsRawText(ScriptEngine.java:119)
	at com.kms.katalon.core.main.TestCaseExecutor.runScript(TestCaseExecutor.java:442)
	at com.kms.katalon.core.main.TestCaseExecutor.doExecute(TestCaseExecutor.java:433)
	at com.kms.katalon.core.main.TestCaseExecutor.processExecutionPhase(TestCaseExecutor.java:412)
	at com.kms.katalon.core.main.TestCaseExecutor.accessMainPhase(TestCaseExecutor.java:404)
	at com.kms.katalon.core.main.TestCaseExecutor.execute(TestCaseExecutor.java:281)
	at com.kms.katalon.core.main.TestSuiteExecutor.accessTestCaseMainPhase(TestSuiteExecutor.java:202)
	at com.kms.katalon.core.main.TestSuiteExecutor.accessTestSuiteMainPhase(TestSuiteExecutor.java:164)
	at com.kms.katalon.core.main.TestSuiteExecutor.execute(TestSuiteExecutor.java:105)
	at com.kms.katalon.core.main.TestCaseMain.startTestSuite(TestCaseMain.java:185)
	at com.kms.katalon.core.main.TestCaseMain$startTestSuite$0.call(Unknown Source)
	at TempTestSuite1676684116661.run(TempTestSuite1676684116661.groovy:36)
)

2023-02-17 21:01:49 - [TEST_STEP][PASSED] - else: pages.WriteExcel.demoKey is PASSED

2023-02-17 21:01:49 - [TEST_STEP][PASSED] - println("Transaction Approved, no errors text is not present on the Confirmation page"): null

2023-02-17 21:01:49 - [TEST_STEP][PASSED] - out.println("Fail Record Number: " + row): null

2023-02-17 21:01:49 - [TEST_STEP][PASSED] - resText = "Fail": null

2023-02-17 21:01:49 - [TEST_STEP][PASSED] - pages.WriteExcel.demoKey(resText, datText, resColumn, datCloumn, fileLoc, nameSheet, row): pages.WriteExcel.demoKey is PASSED

2023-02-17 21:01:49 - [MESSAGE][PASSED] - pages.WriteExcel.demoKey is PASSED

2023-02-17 21:01:49 - [TEST_STEP][PASSED] - sdfo = getText(findTestObject("Object Repository/Page_VLinkReceipt/pre_STX")): Text of object 'Object Repository/Page_VLinkReceipt/pre_STX' is: '<STX>24a0eGwN9Gjc                  12127283            2  Transaction failed                                105Processor reported error                                                                   <ETX>'

2023-02-17 21:01:49 - [MESSAGE][PASSED] - Text of object 'Object Repository/Page_VLinkReceipt/pre_STX' is: '<STX>24a0eGwN9Gjc                  12127283            2  Transaction failed                                105Processor reported error                                                                   <ETX>'

2023-02-17 21:01:49 - [TEST_STEP][PASSED] - out.println("sdfo: " + sdfo): null

2023-02-17 21:01:49 - [TEST_STEP][PASSED] - remID = substring(5, 35).trim(): null

2023-02-17 21:01:49 - [TEST_STEP][PASSED] - out.println("Remittance ID: " + remID): null

2023-02-17 21:01:49 - [TEST_STEP][PASSED] - traxID = substring(35, 55).trim(): null

2023-02-17 21:01:49 - [TEST_STEP][PASSED] - out.println("Transaction ID: " + traxID): null

2023-02-17 21:01:49 - [TEST_STEP][PASSED] - out.println("End Record Number: " + row): null

2023-02-17 21:01:49 - [TEST_STEP][PASSED] - closeBrowser(): Browser is closed

2023-02-17 21:01:50 - [MESSAGE][PASSED] - Browser is closed

2023-02-17 21:01:50 - [TEST_STEP][PASSED] - ExecuteTC = findTestData(dataFile).getValue("Execute", row): null

2023-02-17 21:01:50 - [TEST_STEP][PASSED] - out.println("Value of Execute is : " + ExecuteTC): null

2023-02-17 21:01:50 - [TEST_STEP][PASSED] - if (ExecuteTC.equalsIgnoreCase("Y")): Browser is closed

2023-02-17 21:01:50 - [TEST_STEP][PASSED] - out.println("Begin Record Number: " + row): null

2023-02-17 21:01:50 - [TEST_STEP][PASSED] - today = new java.util.Date(): null

2023-02-17 21:01:50 - [TEST_STEP][PASSED] - println(today): null

2023-02-17 21:01:50 - [TEST_STEP][PASSED] - datText = today: null

2023-02-17 21:01:50 - [TEST_STEP][PASSED] - openBrowser(VLinkURL + "authcap.html"): Browser is opened with url: 'https://dev-algorithm.govolution.com/vlinktest/QA/version_2_0/authcap.html'

2023-02-17 21:01:50 - [MESSAGE][INFO] - Starting 'Chrome' driver

2023-02-17 21:01:50 - [MESSAGE][INFO] - User set preference: ['acceptInsecureCerts', 'true']

2023-02-17 21:01:50 - [MESSAGE][INFO] - Action delay is set to 0 milliseconds

2023-02-17 21:01:52 - [MESSAGE][PASSED] - Browser is opened with url: 'https://dev-algorithm.govolution.com/vlinktest/QA/version_2_0/authcap.html'

2023-02-17 21:01:52 - [TEST_STEP][PASSED] - maximizeWindow(): Current window maximized

2023-02-17 21:01:52 - [MESSAGE][PASSED] - Current window maximized

2023-02-17 21:01:52 - [TEST_STEP][PASSED] - vlinkPages.saleCCPage.setDataSCC(row, dataFile): vlinkPages.saleCCPage.setDataSCC is PASSED

2023-02-17 21:01:55 - [MESSAGE][PASSED] - Object 'Object Repository/VLink/Page_CCSale/txt_CardNumber' is present

2023-02-17 21:01:55 - [MESSAGE][PASSED] - Text '104' is set on object 'Object Repository/VLink/Page_CCSale/txt_TransactionType'

2023-02-17 21:01:56 - [MESSAGE][PASSED] - Text '2.0C' is set on object 'Object Repository/VLink/Page_CCSale/txt_MessageVersion'

2023-02-17 21:01:56 - [MESSAGE][PASSED] - Text '2MVyilWsfjZY' is set on object 'Object Repository/VLink/Page_CCSale/txt_RemID'

2023-02-17 21:01:57 - [MESSAGE][PASSED] - Text '667' is set on object 'Object Repository/VLink/Page_CCSale/txt_ApplicationId'

2023-02-17 21:01:58 - [MESSAGE][PASSED] - Text 'username' is set on object 'Object Repository/VLink/Page_CCSale/txt_Username'

2023-02-17 21:01:58 - [MESSAGE][PASSED] - Text 'password' is set on object 'Object Repository/VLink/Page_CCSale/txt_Password'

2023-02-17 21:01:59 - [MESSAGE][PASSED] - Text 'fixed_width' is set on object 'Object Repository/VLink/Page_CCSale/txt_ResponseFormat'

2023-02-17 21:02:00 - [MESSAGE][PASSED] - Text 'ECOM' is set on object 'Object Repository/VLink/Page_CCSale/txt_Category'

2023-02-17 21:02:00 - [MESSAGE][PASSED] - Text '' is set on object 'Object Repository/VLink/Page_CCSale/txt_TransactionID'

2023-02-17 21:02:01 - [MESSAGE][PASSED] - Text '' is set on object 'Object Repository/VLink/Page_CCSale/txt_ApprovalCode'

2023-02-17 21:02:02 - [MESSAGE][PASSED] - Text 'Arvind Silva' is set on object 'Object Repository/VLink/Page_CCSale/txt_CardName'

2023-02-17 21:02:02 - [MESSAGE][PASSED] - Text '111 Main Ave' is set on object 'Object Repository/VLink/Page_CCSale/txt_AL1'

2023-02-17 21:02:03 - [MESSAGE][PASSED] - Text '' is set on object 'Object Repository/VLink/Page_CCSale/txt_AL2'

2023-02-17 21:02:04 - [MESSAGE][PASSED] - Text 'Arlington' is set on object 'Object Repository/VLink/Page_CCSale/txt_CardCity'

2023-02-17 21:02:04 - [MESSAGE][PASSED] - Text 'VA' is set on object 'Object Repository/VLink/Page_CCSale/txt_CardState'

2023-02-17 21:02:05 - [MESSAGE][PASSED] - Text '22201' is set on object 'Object Repository/VLink/Page_CCSale/txt_CardZIP'

2023-02-17 21:02:06 - [MESSAGE][PASSED] - Text '' is set on object 'Object Repository/VLink/Page_CCSale/txt_CountryID'

2023-02-17 21:02:06 - [MESSAGE][PASSED] - Text '2.50' is set on object 'Object Repository/VLink/Page_CCSale/txt_Amount'

2023-02-17 21:02:07 - [MESSAGE][PASSED] - Text '5424000000000015' is set on object 'Object Repository/VLink/Page_CCSale/txt_CardNumber'

2023-02-17 21:02:07 - [MESSAGE][PASSED] - Text '01' is set on object 'Object Repository/VLink/Page_CCSale/txt_ExpMonth'

2023-02-17 21:02:08 - [MESSAGE][PASSED] - Text '2026' is set on object 'Object Repository/VLink/Page_CCSale/txt_ExpYear'

2023-02-17 21:02:09 - [MESSAGE][PASSED] - Text '' is set on object 'Object Repository/VLink/Page_CCSale/txt_CVV'

2023-02-17 21:02:09 - [MESSAGE][PASSED] - Text '' is set on object 'Object Repository/VLink/Page_CCSale/txt_CVVstate'

2023-02-17 21:02:10 - [MESSAGE][PASSED] - Text '' is set on object 'Object Repository/VLink/Page_CCSale/txt_TrackData'

2023-02-17 21:02:11 - [MESSAGE][PASSED] - Text '' is set on object 'Object Repository/VLink/Page_CCSale/txt_Track1Data'

2023-02-17 21:02:11 - [MESSAGE][PASSED] - Text '' is set on object 'Object Repository/VLink/Page_CCSale/txt_Track2Data'

2023-02-17 21:02:12 - [MESSAGE][PASSED] - Text 'manual' is set on object 'Object Repository/VLink/Page_CCSale/txt_POSEntryMode'

2023-02-17 21:02:13 - [MESSAGE][PASSED] - Text '' is set on object 'Object Repository/VLink/Page_CCSale/txt_Email'

2023-02-17 21:02:13 - [MESSAGE][PASSED] - Text '' is set on object 'Object Repository/VLink/Page_CCSale/txt_OrderNumber'

2023-02-17 21:02:14 - [MESSAGE][PASSED] - Text '' is set on object 'Object Repository/VLink/Page_CCSale/txt_TaxAmount'

2023-02-17 21:02:15 - [MESSAGE][PASSED] - Text '' is set on object 'Object Repository/VLink/Page_CCSale/txt_ChargeDescription'

2023-02-17 21:02:16 - [MESSAGE][PASSED] - Text '' is set on object 'Object Repository/VLink/Page_CCSale/txt_CAN'

2023-02-17 21:02:16 - [MESSAGE][PASSED] - Text '' is set on object 'Object Repository/VLink/Page_CCSale/txt_BillPaymentIndicator'

2023-02-17 21:02:17 - [MESSAGE][PASSED] - Text '' is set on object 'Object Repository/VLink/Page_CCSale/txt_UDF1'

2023-02-17 21:02:18 - [MESSAGE][PASSED] - Text '' is set on object 'Object Repository/VLink/Page_CCSale/txt_UDF2'

2023-02-17 21:02:18 - [MESSAGE][PASSED] - Text '' is set on object 'Object Repository/VLink/Page_CCSale/txt_UDF3'

2023-02-17 21:02:19 - [MESSAGE][PASSED] - Text '' is set on object 'Object Repository/VLink/Page_CCSale/txt_UDF4'

2023-02-17 21:02:20 - [MESSAGE][PASSED] - Text '' is set on object 'Object Repository/VLink/Page_CCSale/txt_UDF5'

2023-02-17 21:02:20 - [MESSAGE][PASSED] - Text '' is set on object 'Object Repository/VLink/Page_CCSale/txt_UDF6'

2023-02-17 21:02:21 - [MESSAGE][PASSED] - Text '' is set on object 'Object Repository/VLink/Page_CCSale/txt_UDF7'

2023-02-17 21:02:22 - [MESSAGE][PASSED] - Text '' is set on object 'Object Repository/VLink/Page_CCSale/txt_UDF8'

2023-02-17 21:02:22 - [MESSAGE][PASSED] - Text '' is set on object 'Object Repository/VLink/Page_CCSale/txt_UDF9'

2023-02-17 21:02:23 - [MESSAGE][PASSED] - Text '' is set on object 'Object Repository/VLink/Page_CCSale/txt_UDF10'

2023-02-17 21:02:27 - [MESSAGE][PASSED] - Object: 'Object Repository/VLink/Page_CCSale/btn_ProcessVLinkTransaction' is clicked on

2023-02-17 21:02:32 - [MESSAGE][PASSED] - vlinkPages.saleCCPage.setDataSCC is PASSED

2023-02-17 21:02:32 - [TEST_STEP][PASSED] - if (verifyTextPresent("Transaction approved, no errors", true)): null

2023-02-17 21:02:32 - [MESSAGE][PASSED] - Text 'Transaction approved, no errors' is present on page  using regular expression

2023-02-17 21:02:32 - [TEST_STEP][PASSED] - println("Transaction Approved, no errors text is present on the Confirmation page"): null

2023-02-17 21:02:32 - [TEST_STEP][PASSED] - out.println("Pass Record Number: " + row): null

2023-02-17 21:02:32 - [TEST_STEP][PASSED] - resText = "Pass": null

2023-02-17 21:02:32 - [TEST_STEP][PASSED] - pages.WriteExcel.demoKey(resText, datText, resColumn, datCloumn, fileLoc, nameSheet, row): pages.WriteExcel.demoKey is PASSED

2023-02-17 21:02:32 - [MESSAGE][PASSED] - pages.WriteExcel.demoKey is PASSED

2023-02-17 21:02:32 - [TEST_STEP][PASSED] - sdfo = getText(findTestObject("Object Repository/Page_VLinkReceipt/pre_STX")): Text of object 'Object Repository/Page_VLinkReceipt/pre_STX' is: '<STX>2MVyilWsfjZY                  12127284            0  Transaction approved, no errors                   0                                                                                  Y OK3200   <ETX>'

2023-02-17 21:02:32 - [MESSAGE][PASSED] - Text of object 'Object Repository/Page_VLinkReceipt/pre_STX' is: '<STX>2MVyilWsfjZY                  12127284            0  Transaction approved, no errors                   0                                                                                  Y OK3200   <ETX>'

2023-02-17 21:02:32 - [TEST_STEP][PASSED] - out.println("sdfo: " + sdfo): null

2023-02-17 21:02:32 - [TEST_STEP][PASSED] - remID = substring(5, 35).trim(): null

2023-02-17 21:02:32 - [TEST_STEP][PASSED] - out.println("Remittance ID: " + remID): null

2023-02-17 21:02:32 - [TEST_STEP][PASSED] - traxID = substring(35, 55).trim(): null

2023-02-17 21:02:32 - [TEST_STEP][PASSED] - out.println("Transaction ID: " + traxID): null

2023-02-17 21:02:32 - [TEST_STEP][PASSED] - out.println("End Record Number: " + row): null

2023-02-17 21:02:32 - [TEST_STEP][PASSED] - closeBrowser(): Browser is closed

2023-02-17 21:02:33 - [MESSAGE][PASSED] - Browser is closed

2023-02-17 21:02:33 - [TEST_STEP][PASSED] - ExecuteTC = findTestData(dataFile).getValue("Execute", row): null

2023-02-17 21:02:33 - [TEST_STEP][PASSED] - out.println("Value of Execute is : " + ExecuteTC): null

2023-02-17 21:02:33 - [TEST_STEP][PASSED] - if (ExecuteTC.equalsIgnoreCase("Y")): Browser is closed

2023-02-17 21:02:33 - [TEST_STEP][PASSED] - out.println("Begin Record Number: " + row): null

2023-02-17 21:02:33 - [TEST_STEP][PASSED] - today = new java.util.Date(): null

2023-02-17 21:02:33 - [TEST_STEP][PASSED] - println(today): null

2023-02-17 21:02:33 - [TEST_STEP][PASSED] - datText = today: null

2023-02-17 21:02:33 - [TEST_STEP][PASSED] - openBrowser(VLinkURL + "authcap.html"): Browser is opened with url: 'https://dev-algorithm.govolution.com/vlinktest/QA/version_2_0/authcap.html'

2023-02-17 21:02:33 - [MESSAGE][INFO] - Starting 'Chrome' driver

2023-02-17 21:02:33 - [MESSAGE][INFO] - User set preference: ['acceptInsecureCerts', 'true']

2023-02-17 21:02:33 - [MESSAGE][INFO] - Action delay is set to 0 milliseconds

2023-02-17 21:02:35 - [MESSAGE][PASSED] - Browser is opened with url: 'https://dev-algorithm.govolution.com/vlinktest/QA/version_2_0/authcap.html'

2023-02-17 21:02:35 - [TEST_STEP][PASSED] - maximizeWindow(): Current window maximized

2023-02-17 21:02:35 - [MESSAGE][PASSED] - Current window maximized

2023-02-17 21:02:35 - [TEST_STEP][PASSED] - vlinkPages.saleCCPage.setDataSCC(row, dataFile): vlinkPages.saleCCPage.setDataSCC is PASSED

2023-02-17 21:02:38 - [MESSAGE][PASSED] - Object 'Object Repository/VLink/Page_CCSale/txt_CardNumber' is present

2023-02-17 21:02:39 - [MESSAGE][PASSED] - Text '104' is set on object 'Object Repository/VLink/Page_CCSale/txt_TransactionType'

2023-02-17 21:02:40 - [MESSAGE][PASSED] - Text '2.0C' is set on object 'Object Repository/VLink/Page_CCSale/txt_MessageVersion'

2023-02-17 21:02:40 - [MESSAGE][PASSED] - Text '4SPFFWLU3Fvd' is set on object 'Object Repository/VLink/Page_CCSale/txt_RemID'

2023-02-17 21:02:41 - [MESSAGE][PASSED] - Text '667' is set on object 'Object Repository/VLink/Page_CCSale/txt_ApplicationId'

2023-02-17 21:02:42 - [MESSAGE][PASSED] - Text 'username' is set on object 'Object Repository/VLink/Page_CCSale/txt_Username'

2023-02-17 21:02:42 - [MESSAGE][PASSED] - Text 'password' is set on object 'Object Repository/VLink/Page_CCSale/txt_Password'

2023-02-17 21:02:43 - [MESSAGE][PASSED] - Text 'fixed_width' is set on object 'Object Repository/VLink/Page_CCSale/txt_ResponseFormat'

2023-02-17 21:02:44 - [MESSAGE][PASSED] - Text 'ECOM' is set on object 'Object Repository/VLink/Page_CCSale/txt_Category'

2023-02-17 21:02:44 - [MESSAGE][PASSED] - Text '' is set on object 'Object Repository/VLink/Page_CCSale/txt_TransactionID'

2023-02-17 21:02:45 - [MESSAGE][PASSED] - Text '' is set on object 'Object Repository/VLink/Page_CCSale/txt_ApprovalCode'

2023-02-17 21:02:46 - [MESSAGE][PASSED] - Text 'Roshan Maha' is set on object 'Object Repository/VLink/Page_CCSale/txt_CardName'

2023-02-17 21:02:47 - [MESSAGE][PASSED] - Text '12563 Bazaar road' is set on object 'Object Repository/VLink/Page_CCSale/txt_AL1'

2023-02-17 21:02:47 - [MESSAGE][PASSED] - Text '' is set on object 'Object Repository/VLink/Page_CCSale/txt_AL2'

2023-02-17 21:02:48 - [MESSAGE][PASSED] - Text 'Crofton' is set on object 'Object Repository/VLink/Page_CCSale/txt_CardCity'

2023-02-17 21:02:49 - [MESSAGE][PASSED] - Text 'MD' is set on object 'Object Repository/VLink/Page_CCSale/txt_CardState'

2023-02-17 21:02:49 - [MESSAGE][PASSED] - Text '21114' is set on object 'Object Repository/VLink/Page_CCSale/txt_CardZIP'

2023-02-17 21:02:50 - [MESSAGE][PASSED] - Text '' is set on object 'Object Repository/VLink/Page_CCSale/txt_CountryID'

2023-02-17 21:02:51 - [MESSAGE][PASSED] - Text '3.50' is set on object 'Object Repository/VLink/Page_CCSale/txt_Amount'

2023-02-17 21:02:51 - [MESSAGE][PASSED] - Text '370000000000002' is set on object 'Object Repository/VLink/Page_CCSale/txt_CardNumber'

2023-02-17 21:02:52 - [MESSAGE][PASSED] - Text '01' is set on object 'Object Repository/VLink/Page_CCSale/txt_ExpMonth'

2023-02-17 21:02:53 - [MESSAGE][PASSED] - Text '2026' is set on object 'Object Repository/VLink/Page_CCSale/txt_ExpYear'

2023-02-17 21:02:53 - [MESSAGE][PASSED] - Text '' is set on object 'Object Repository/VLink/Page_CCSale/txt_CVV'

2023-02-17 21:02:54 - [MESSAGE][PASSED] - Text '' is set on object 'Object Repository/VLink/Page_CCSale/txt_CVVstate'

2023-02-17 21:02:55 - [MESSAGE][PASSED] - Text '' is set on object 'Object Repository/VLink/Page_CCSale/txt_TrackData'

2023-02-17 21:02:55 - [MESSAGE][PASSED] - Text '' is set on object 'Object Repository/VLink/Page_CCSale/txt_Track1Data'

2023-02-17 21:02:56 - [MESSAGE][PASSED] - Text '' is set on object 'Object Repository/VLink/Page_CCSale/txt_Track2Data'

2023-02-17 21:02:57 - [MESSAGE][PASSED] - Text 'manual' is set on object 'Object Repository/VLink/Page_CCSale/txt_POSEntryMode'

2023-02-17 21:02:57 - [MESSAGE][PASSED] - Text '' is set on object 'Object Repository/VLink/Page_CCSale/txt_Email'

2023-02-17 21:02:58 - [MESSAGE][PASSED] - Text '' is set on object 'Object Repository/VLink/Page_CCSale/txt_OrderNumber'

2023-02-17 21:02:59 - [MESSAGE][PASSED] - Text '' is set on object 'Object Repository/VLink/Page_CCSale/txt_TaxAmount'

2023-02-17 21:03:00 - [MESSAGE][PASSED] - Text '' is set on object 'Object Repository/VLink/Page_CCSale/txt_ChargeDescription'

2023-02-17 21:03:00 - [MESSAGE][PASSED] - Text '' is set on object 'Object Repository/VLink/Page_CCSale/txt_CAN'

2023-02-17 21:03:01 - [MESSAGE][PASSED] - Text '' is set on object 'Object Repository/VLink/Page_CCSale/txt_BillPaymentIndicator'

2023-02-17 21:03:02 - [MESSAGE][PASSED] - Text '' is set on object 'Object Repository/VLink/Page_CCSale/txt_UDF1'

2023-02-17 21:03:02 - [MESSAGE][PASSED] - Text '' is set on object 'Object Repository/VLink/Page_CCSale/txt_UDF2'

2023-02-17 21:03:03 - [MESSAGE][PASSED] - Text '' is set on object 'Object Repository/VLink/Page_CCSale/txt_UDF3'

2023-02-17 21:03:04 - [MESSAGE][PASSED] - Text '' is set on object 'Object Repository/VLink/Page_CCSale/txt_UDF4'

2023-02-17 21:03:04 - [MESSAGE][PASSED] - Text '' is set on object 'Object Repository/VLink/Page_CCSale/txt_UDF5'

2023-02-17 21:03:05 - [MESSAGE][PASSED] - Text '' is set on object 'Object Repository/VLink/Page_CCSale/txt_UDF6'

2023-02-17 21:03:06 - [MESSAGE][PASSED] - Text '' is set on object 'Object Repository/VLink/Page_CCSale/txt_UDF7'

2023-02-17 21:03:06 - [MESSAGE][PASSED] - Text '' is set on object 'Object Repository/VLink/Page_CCSale/txt_UDF8'

2023-02-17 21:03:07 - [MESSAGE][PASSED] - Text '' is set on object 'Object Repository/VLink/Page_CCSale/txt_UDF9'

2023-02-17 21:03:08 - [MESSAGE][PASSED] - Text '' is set on object 'Object Repository/VLink/Page_CCSale/txt_UDF10'

2023-02-17 21:03:12 - [MESSAGE][PASSED] - Object: 'Object Repository/VLink/Page_CCSale/btn_ProcessVLinkTransaction' is clicked on

2023-02-17 21:03:17 - [MESSAGE][PASSED] - vlinkPages.saleCCPage.setDataSCC is PASSED

2023-02-17 21:03:17 - [TEST_STEP][PASSED] - if (verifyTextPresent("Transaction approved, no errors", true)): null

2023-02-17 21:03:17 - [MESSAGE][PASSED] - Text 'Transaction approved, no errors' is present on page  using regular expression

2023-02-17 21:03:17 - [TEST_STEP][PASSED] - println("Transaction Approved, no errors text is present on the Confirmation page"): null

2023-02-17 21:03:17 - [TEST_STEP][PASSED] - out.println("Pass Record Number: " + row): null

2023-02-17 21:03:17 - [TEST_STEP][PASSED] - resText = "Pass": null

2023-02-17 21:03:17 - [TEST_STEP][PASSED] - pages.WriteExcel.demoKey(resText, datText, resColumn, datCloumn, fileLoc, nameSheet, row): pages.WriteExcel.demoKey is PASSED

2023-02-17 21:03:17 - [MESSAGE][PASSED] - pages.WriteExcel.demoKey is PASSED

2023-02-17 21:03:17 - [TEST_STEP][PASSED] - sdfo = getText(findTestObject("Object Repository/Page_VLinkReceipt/pre_STX")): Text of object 'Object Repository/Page_VLinkReceipt/pre_STX' is: '<STX>4SPFFWLU3Fvd                  12127285            0  Transaction approved, no errors                   0                                                                                  Y OK3360   <ETX>'

2023-02-17 21:03:17 - [MESSAGE][PASSED] - Text of object 'Object Repository/Page_VLinkReceipt/pre_STX' is: '<STX>4SPFFWLU3Fvd                  12127285            0  Transaction approved, no errors                   0                                                                                  Y OK3360   <ETX>'

2023-02-17 21:03:17 - [TEST_STEP][PASSED] - out.println("sdfo: " + sdfo): null

2023-02-17 21:03:17 - [TEST_STEP][PASSED] - remID = substring(5, 35).trim(): null

2023-02-17 21:03:17 - [TEST_STEP][PASSED] - out.println("Remittance ID: " + remID): null

2023-02-17 21:03:17 - [TEST_STEP][PASSED] - traxID = substring(35, 55).trim(): null

2023-02-17 21:03:17 - [TEST_STEP][PASSED] - out.println("Transaction ID: " + traxID): null

2023-02-17 21:03:17 - [TEST_STEP][PASSED] - out.println("End Record Number: " + row): null

2023-02-17 21:03:17 - [TEST_STEP][PASSED] - closeBrowser(): Browser is closed

2023-02-17 21:03:18 - [MESSAGE][PASSED] - Browser is closed

2023-02-17 21:03:18 - [TEST_STEP][PASSED] - ExecuteTC = findTestData(dataFile).getValue("Execute", row): null

2023-02-17 21:03:18 - [TEST_STEP][PASSED] - out.println("Value of Execute is : " + ExecuteTC): null

2023-02-17 21:03:18 - [TEST_STEP][PASSED] - if (ExecuteTC.equalsIgnoreCase("Y")): Browser is closed

2023-02-17 21:03:18 - [TEST_STEP][PASSED] - out.println("Begin Record Number: " + row): null

2023-02-17 21:03:18 - [TEST_STEP][PASSED] - today = new java.util.Date(): null

2023-02-17 21:03:18 - [TEST_STEP][PASSED] - println(today): null

2023-02-17 21:03:18 - [TEST_STEP][PASSED] - datText = today: null

2023-02-17 21:03:18 - [TEST_STEP][PASSED] - openBrowser(VLinkURL + "authcap.html"): Browser is opened with url: 'https://dev-algorithm.govolution.com/vlinktest/QA/version_2_0/authcap.html'

2023-02-17 21:03:18 - [MESSAGE][INFO] - Starting 'Chrome' driver

2023-02-17 21:03:18 - [MESSAGE][INFO] - User set preference: ['acceptInsecureCerts', 'true']

2023-02-17 21:03:18 - [MESSAGE][INFO] - Action delay is set to 0 milliseconds

2023-02-17 21:03:20 - [MESSAGE][PASSED] - Browser is opened with url: 'https://dev-algorithm.govolution.com/vlinktest/QA/version_2_0/authcap.html'

2023-02-17 21:03:20 - [TEST_STEP][PASSED] - maximizeWindow(): Current window maximized

2023-02-17 21:03:20 - [MESSAGE][PASSED] - Current window maximized

2023-02-17 21:03:20 - [TEST_STEP][PASSED] - vlinkPages.saleCCPage.setDataSCC(row, dataFile): vlinkPages.saleCCPage.setDataSCC is PASSED

2023-02-17 21:03:23 - [MESSAGE][PASSED] - Object 'Object Repository/VLink/Page_CCSale/txt_CardNumber' is present

2023-02-17 21:03:24 - [MESSAGE][PASSED] - Text '104' is set on object 'Object Repository/VLink/Page_CCSale/txt_TransactionType'

2023-02-17 21:03:25 - [MESSAGE][PASSED] - Text '2.0C' is set on object 'Object Repository/VLink/Page_CCSale/txt_MessageVersion'

2023-02-17 21:03:25 - [MESSAGE][PASSED] - Text '7HzBYS46l50t' is set on object 'Object Repository/VLink/Page_CCSale/txt_RemID'

2023-02-17 21:03:26 - [MESSAGE][PASSED] - Text '667' is set on object 'Object Repository/VLink/Page_CCSale/txt_ApplicationId'

2023-02-17 21:03:26 - [MESSAGE][PASSED] - Text 'username' is set on object 'Object Repository/VLink/Page_CCSale/txt_Username'

2023-02-17 21:03:27 - [MESSAGE][PASSED] - Text 'password' is set on object 'Object Repository/VLink/Page_CCSale/txt_Password'

2023-02-17 21:03:28 - [MESSAGE][PASSED] - Text 'fixed_width' is set on object 'Object Repository/VLink/Page_CCSale/txt_ResponseFormat'

2023-02-17 21:03:28 - [MESSAGE][PASSED] - Text 'ECOM' is set on object 'Object Repository/VLink/Page_CCSale/txt_Category'

2023-02-17 21:03:29 - [MESSAGE][PASSED] - Text '' is set on object 'Object Repository/VLink/Page_CCSale/txt_TransactionID'

2023-02-17 21:03:29 - [MESSAGE][PASSED] - Text '' is set on object 'Object Repository/VLink/Page_CCSale/txt_ApprovalCode'

2023-02-17 21:03:30 - [MESSAGE][PASSED] - Text 'Kris Roshan' is set on object 'Object Repository/VLink/Page_CCSale/txt_CardName'

2023-02-17 21:03:31 - [MESSAGE][PASSED] - Text '258 Elm Road' is set on object 'Object Repository/VLink/Page_CCSale/txt_AL1'

2023-02-17 21:03:32 - [MESSAGE][PASSED] - Text 'Suite 56' is set on object 'Object Repository/VLink/Page_CCSale/txt_AL2'

2023-02-17 21:03:32 - [MESSAGE][PASSED] - Text 'Arlington' is set on object 'Object Repository/VLink/Page_CCSale/txt_CardCity'

2023-02-17 21:03:33 - [MESSAGE][PASSED] - Text 'VA' is set on object 'Object Repository/VLink/Page_CCSale/txt_CardState'

2023-02-17 21:03:34 - [MESSAGE][PASSED] - Text '22201' is set on object 'Object Repository/VLink/Page_CCSale/txt_CardZIP'

2023-02-17 21:03:34 - [MESSAGE][PASSED] - Text '840' is set on object 'Object Repository/VLink/Page_CCSale/txt_CountryID'

2023-02-17 21:03:35 - [MESSAGE][PASSED] - Text '1.50' is set on object 'Object Repository/VLink/Page_CCSale/txt_Amount'

2023-02-17 21:03:36 - [MESSAGE][PASSED] - Text '6011000000000004' is set on object 'Object Repository/VLink/Page_CCSale/txt_CardNumber'

2023-02-17 21:03:36 - [MESSAGE][PASSED] - Text '12' is set on object 'Object Repository/VLink/Page_CCSale/txt_ExpMonth'

2023-02-17 21:03:37 - [MESSAGE][PASSED] - Text '2025' is set on object 'Object Repository/VLink/Page_CCSale/txt_ExpYear'

2023-02-17 21:03:38 - [MESSAGE][PASSED] - Text '' is set on object 'Object Repository/VLink/Page_CCSale/txt_CVV'

2023-02-17 21:03:38 - [MESSAGE][PASSED] - Text '' is set on object 'Object Repository/VLink/Page_CCSale/txt_CVVstate'

2023-02-17 21:03:39 - [MESSAGE][PASSED] - Text '' is set on object 'Object Repository/VLink/Page_CCSale/txt_TrackData'

2023-02-17 21:03:40 - [MESSAGE][PASSED] - Text '' is set on object 'Object Repository/VLink/Page_CCSale/txt_Track1Data'

2023-02-17 21:03:40 - [MESSAGE][PASSED] - Text '' is set on object 'Object Repository/VLink/Page_CCSale/txt_Track2Data'

2023-02-17 21:03:41 - [MESSAGE][PASSED] - Text 'manual' is set on object 'Object Repository/VLink/Page_CCSale/txt_POSEntryMode'

2023-02-17 21:03:42 - [MESSAGE][PASSED] - Text 'iahmed@govolution.com' is set on object 'Object Repository/VLink/Page_CCSale/txt_Email'

2023-02-17 21:03:42 - [MESSAGE][PASSED] - Text '2569362' is set on object 'Object Repository/VLink/Page_CCSale/txt_OrderNumber'

2023-02-17 21:03:43 - [MESSAGE][PASSED] - Text '1.15' is set on object 'Object Repository/VLink/Page_CCSale/txt_TaxAmount'

2023-02-17 21:03:44 - [MESSAGE][PASSED] - Text 'Charge Description' is set on object 'Object Repository/VLink/Page_CCSale/txt_ChargeDescription'

2023-02-17 21:03:45 - [MESSAGE][PASSED] - Text '147357' is set on object 'Object Repository/VLink/Page_CCSale/txt_CAN'

2023-02-17 21:03:45 - [MESSAGE][PASSED] - Text '1' is set on object 'Object Repository/VLink/Page_CCSale/txt_BillPaymentIndicator'

2023-02-17 21:03:46 - [MESSAGE][PASSED] - Text 'UDF Data 1' is set on object 'Object Repository/VLink/Page_CCSale/txt_UDF1'

2023-02-17 21:03:47 - [MESSAGE][PASSED] - Text 'UDF Data 2' is set on object 'Object Repository/VLink/Page_CCSale/txt_UDF2'

2023-02-17 21:03:47 - [MESSAGE][PASSED] - Text 'UDF Data 3' is set on object 'Object Repository/VLink/Page_CCSale/txt_UDF3'

2023-02-17 21:03:48 - [MESSAGE][PASSED] - Text 'UDF Data 4' is set on object 'Object Repository/VLink/Page_CCSale/txt_UDF4'

2023-02-17 21:03:49 - [MESSAGE][PASSED] - Text 'UDF Data 5' is set on object 'Object Repository/VLink/Page_CCSale/txt_UDF5'

2023-02-17 21:03:49 - [MESSAGE][PASSED] - Text 'UDF Data 6' is set on object 'Object Repository/VLink/Page_CCSale/txt_UDF6'

2023-02-17 21:03:50 - [MESSAGE][PASSED] - Text 'UDF Data 7' is set on object 'Object Repository/VLink/Page_CCSale/txt_UDF7'

2023-02-17 21:03:51 - [MESSAGE][PASSED] - Text 'UDF Data 8' is set on object 'Object Repository/VLink/Page_CCSale/txt_UDF8'

2023-02-17 21:03:51 - [MESSAGE][PASSED] - Text 'UDF Data 9' is set on object 'Object Repository/VLink/Page_CCSale/txt_UDF9'

2023-02-17 21:03:52 - [MESSAGE][PASSED] - Text 'UDF Data 10' is set on object 'Object Repository/VLink/Page_CCSale/txt_UDF10'

2023-02-17 21:03:56 - [MESSAGE][PASSED] - Object: 'Object Repository/VLink/Page_CCSale/btn_ProcessVLinkTransaction' is clicked on

2023-02-17 21:04:01 - [MESSAGE][PASSED] - vlinkPages.saleCCPage.setDataSCC is PASSED

2023-02-17 21:04:01 - [TEST_STEP][PASSED] - if (verifyTextPresent("Transaction approved, no errors", true)): null

2023-02-17 21:04:02 - [MESSAGE][PASSED] - Text 'Transaction approved, no errors' is present on page  using regular expression

2023-02-17 21:04:02 - [TEST_STEP][PASSED] - println("Transaction Approved, no errors text is present on the Confirmation page"): null

2023-02-17 21:04:02 - [TEST_STEP][PASSED] - out.println("Pass Record Number: " + row): null

2023-02-17 21:04:02 - [TEST_STEP][PASSED] - resText = "Pass": null

2023-02-17 21:04:02 - [TEST_STEP][PASSED] - pages.WriteExcel.demoKey(resText, datText, resColumn, datCloumn, fileLoc, nameSheet, row): pages.WriteExcel.demoKey is PASSED

2023-02-17 21:04:02 - [MESSAGE][PASSED] - pages.WriteExcel.demoKey is PASSED

2023-02-17 21:04:02 - [TEST_STEP][PASSED] - sdfo = getText(findTestObject("Object Repository/Page_VLinkReceipt/pre_STX")): Text of object 'Object Repository/Page_VLinkReceipt/pre_STX' is: '<STX>7HzBYS46l50t                  12127286            0  Transaction approved, no errors                   0                                                                                  Y OK3440   <ETX>'

2023-02-17 21:04:02 - [MESSAGE][PASSED] - Text of object 'Object Repository/Page_VLinkReceipt/pre_STX' is: '<STX>7HzBYS46l50t                  12127286            0  Transaction approved, no errors                   0                                                                                  Y OK3440   <ETX>'

2023-02-17 21:04:02 - [TEST_STEP][PASSED] - out.println("sdfo: " + sdfo): null

2023-02-17 21:04:02 - [TEST_STEP][PASSED] - remID = substring(5, 35).trim(): null

2023-02-17 21:04:02 - [TEST_STEP][PASSED] - out.println("Remittance ID: " + remID): null

2023-02-17 21:04:02 - [TEST_STEP][PASSED] - traxID = substring(35, 55).trim(): null

2023-02-17 21:04:02 - [TEST_STEP][PASSED] - out.println("Transaction ID: " + traxID): null

2023-02-17 21:04:02 - [TEST_STEP][PASSED] - out.println("End Record Number: " + row): null

2023-02-17 21:04:02 - [TEST_STEP][PASSED] - closeBrowser(): Browser is closed

2023-02-17 21:04:03 - [MESSAGE][PASSED] - Browser is closed

2023-02-17 21:04:03 - [TEST_STEP][PASSED] - ExecuteTC = findTestData(dataFile).getValue("Execute", row): null

2023-02-17 21:04:03 - [TEST_STEP][PASSED] - out.println("Value of Execute is : " + ExecuteTC): null

2023-02-17 21:04:03 - [TEST_STEP][PASSED] - if (ExecuteTC.equalsIgnoreCase("Y")): Browser is closed

2023-02-17 21:04:03 - [TEST_STEP][PASSED] - out.println("Begin Record Number: " + row): null

2023-02-17 21:04:03 - [TEST_STEP][PASSED] - today = new java.util.Date(): null

2023-02-17 21:04:03 - [TEST_STEP][PASSED] - println(today): null

2023-02-17 21:04:03 - [TEST_STEP][PASSED] - datText = today: null

2023-02-17 21:04:03 - [TEST_STEP][PASSED] - openBrowser(VLinkURL + "authcap.html"): Browser is opened with url: 'https://dev-algorithm.govolution.com/vlinktest/QA/version_2_0/authcap.html'

2023-02-17 21:04:03 - [MESSAGE][INFO] - Starting 'Chrome' driver

2023-02-17 21:04:03 - [MESSAGE][INFO] - User set preference: ['acceptInsecureCerts', 'true']

2023-02-17 21:04:03 - [MESSAGE][INFO] - Action delay is set to 0 milliseconds

2023-02-17 21:04:05 - [MESSAGE][PASSED] - Browser is opened with url: 'https://dev-algorithm.govolution.com/vlinktest/QA/version_2_0/authcap.html'

2023-02-17 21:04:05 - [TEST_STEP][PASSED] - maximizeWindow(): Current window maximized

2023-02-17 21:04:05 - [MESSAGE][PASSED] - Current window maximized

2023-02-17 21:04:05 - [TEST_STEP][PASSED] - vlinkPages.saleCCPage.setDataSCC(row, dataFile): vlinkPages.saleCCPage.setDataSCC is PASSED

2023-02-17 21:04:08 - [MESSAGE][PASSED] - Object 'Object Repository/VLink/Page_CCSale/txt_CardNumber' is present

2023-02-17 21:04:08 - [MESSAGE][PASSED] - Text '104' is set on object 'Object Repository/VLink/Page_CCSale/txt_TransactionType'

2023-02-17 21:04:09 - [MESSAGE][PASSED] - Text '2.0C' is set on object 'Object Repository/VLink/Page_CCSale/txt_MessageVersion'

2023-02-17 21:04:10 - [MESSAGE][PASSED] - Text 'GQlgINZ1xrDA' is set on object 'Object Repository/VLink/Page_CCSale/txt_RemID'

2023-02-17 21:04:10 - [MESSAGE][PASSED] - Text '670' is set on object 'Object Repository/VLink/Page_CCSale/txt_ApplicationId'

2023-02-17 21:04:11 - [MESSAGE][PASSED] - Text 'username' is set on object 'Object Repository/VLink/Page_CCSale/txt_Username'

2023-02-17 21:04:11 - [MESSAGE][PASSED] - Text 'password' is set on object 'Object Repository/VLink/Page_CCSale/txt_Password'

2023-02-17 21:04:12 - [MESSAGE][PASSED] - Text 'fixed_width' is set on object 'Object Repository/VLink/Page_CCSale/txt_ResponseFormat'

2023-02-17 21:04:13 - [MESSAGE][PASSED] - Text 'MOTO' is set on object 'Object Repository/VLink/Page_CCSale/txt_Category'

2023-02-17 21:04:13 - [MESSAGE][PASSED] - Text '' is set on object 'Object Repository/VLink/Page_CCSale/txt_TransactionID'

2023-02-17 21:04:14 - [MESSAGE][PASSED] - Text '' is set on object 'Object Repository/VLink/Page_CCSale/txt_ApprovalCode'

2023-02-17 21:04:15 - [MESSAGE][PASSED] - Text 'Arvind Silva' is set on object 'Object Repository/VLink/Page_CCSale/txt_CardName'

2023-02-17 21:04:15 - [MESSAGE][PASSED] - Text '111 Main Ave' is set on object 'Object Repository/VLink/Page_CCSale/txt_AL1'

2023-02-17 21:04:16 - [MESSAGE][PASSED] - Text '' is set on object 'Object Repository/VLink/Page_CCSale/txt_AL2'

2023-02-17 21:04:17 - [MESSAGE][PASSED] - Text 'Arlington' is set on object 'Object Repository/VLink/Page_CCSale/txt_CardCity'

2023-02-17 21:04:17 - [MESSAGE][PASSED] - Text 'VA' is set on object 'Object Repository/VLink/Page_CCSale/txt_CardState'

2023-02-17 21:04:18 - [MESSAGE][PASSED] - Text '22201' is set on object 'Object Repository/VLink/Page_CCSale/txt_CardZIP'

2023-02-17 21:04:19 - [MESSAGE][PASSED] - Text '' is set on object 'Object Repository/VLink/Page_CCSale/txt_CountryID'

2023-02-17 21:04:19 - [MESSAGE][PASSED] - Text '2.50' is set on object 'Object Repository/VLink/Page_CCSale/txt_Amount'

2023-02-17 21:04:20 - [MESSAGE][PASSED] - Text '4111111111111111' is set on object 'Object Repository/VLink/Page_CCSale/txt_CardNumber'

2023-02-17 21:04:21 - [MESSAGE][PASSED] - Text '01' is set on object 'Object Repository/VLink/Page_CCSale/txt_ExpMonth'

2023-02-17 21:04:21 - [MESSAGE][PASSED] - Text '2026' is set on object 'Object Repository/VLink/Page_CCSale/txt_ExpYear'

2023-02-17 21:04:22 - [MESSAGE][PASSED] - Text '' is set on object 'Object Repository/VLink/Page_CCSale/txt_CVV'

2023-02-17 21:04:23 - [MESSAGE][PASSED] - Text '' is set on object 'Object Repository/VLink/Page_CCSale/txt_CVVstate'

2023-02-17 21:04:23 - [MESSAGE][PASSED] - Text '' is set on object 'Object Repository/VLink/Page_CCSale/txt_TrackData'

2023-02-17 21:04:24 - [MESSAGE][PASSED] - Text '' is set on object 'Object Repository/VLink/Page_CCSale/txt_Track1Data'

2023-02-17 21:04:25 - [MESSAGE][PASSED] - Text '' is set on object 'Object Repository/VLink/Page_CCSale/txt_Track2Data'

2023-02-17 21:04:25 - [MESSAGE][PASSED] - Text 'manual' is set on object 'Object Repository/VLink/Page_CCSale/txt_POSEntryMode'

2023-02-17 21:04:26 - [MESSAGE][PASSED] - Text '' is set on object 'Object Repository/VLink/Page_CCSale/txt_Email'

2023-02-17 21:04:27 - [MESSAGE][PASSED] - Text '' is set on object 'Object Repository/VLink/Page_CCSale/txt_OrderNumber'

2023-02-17 21:04:27 - [MESSAGE][PASSED] - Text '' is set on object 'Object Repository/VLink/Page_CCSale/txt_TaxAmount'

2023-02-17 21:04:28 - [MESSAGE][PASSED] - Text '' is set on object 'Object Repository/VLink/Page_CCSale/txt_ChargeDescription'

2023-02-17 21:04:29 - [MESSAGE][PASSED] - Text '' is set on object 'Object Repository/VLink/Page_CCSale/txt_CAN'

2023-02-17 21:04:30 - [MESSAGE][PASSED] - Text '' is set on object 'Object Repository/VLink/Page_CCSale/txt_BillPaymentIndicator'

2023-02-17 21:04:30 - [MESSAGE][PASSED] - Text '' is set on object 'Object Repository/VLink/Page_CCSale/txt_UDF1'

2023-02-17 21:04:31 - [MESSAGE][PASSED] - Text '' is set on object 'Object Repository/VLink/Page_CCSale/txt_UDF2'

2023-02-17 21:04:32 - [MESSAGE][PASSED] - Text '' is set on object 'Object Repository/VLink/Page_CCSale/txt_UDF3'

2023-02-17 21:04:32 - [MESSAGE][PASSED] - Text '' is set on object 'Object Repository/VLink/Page_CCSale/txt_UDF4'

2023-02-17 21:04:33 - [MESSAGE][PASSED] - Text '' is set on object 'Object Repository/VLink/Page_CCSale/txt_UDF5'

2023-02-17 21:04:34 - [MESSAGE][PASSED] - Text '' is set on object 'Object Repository/VLink/Page_CCSale/txt_UDF6'

2023-02-17 21:04:34 - [MESSAGE][PASSED] - Text '' is set on object 'Object Repository/VLink/Page_CCSale/txt_UDF7'

2023-02-17 21:04:35 - [MESSAGE][PASSED] - Text '' is set on object 'Object Repository/VLink/Page_CCSale/txt_UDF8'

2023-02-17 21:04:35 - [MESSAGE][PASSED] - Text '' is set on object 'Object Repository/VLink/Page_CCSale/txt_UDF9'

2023-02-17 21:04:36 - [MESSAGE][PASSED] - Text '' is set on object 'Object Repository/VLink/Page_CCSale/txt_UDF10'

2023-02-17 21:04:40 - [MESSAGE][PASSED] - Object: 'Object Repository/VLink/Page_CCSale/btn_ProcessVLinkTransaction' is clicked on

2023-02-17 21:04:45 - [MESSAGE][PASSED] - vlinkPages.saleCCPage.setDataSCC is PASSED

2023-02-17 21:04:45 - [TEST_STEP][PASSED] - if (verifyTextPresent("Transaction approved, no errors", true)): null

2023-02-17 21:04:45 - [MESSAGE][PASSED] - Text 'Transaction approved, no errors' is present on page  using regular expression

2023-02-17 21:04:45 - [TEST_STEP][PASSED] - println("Transaction Approved, no errors text is present on the Confirmation page"): null

2023-02-17 21:04:45 - [TEST_STEP][PASSED] - out.println("Pass Record Number: " + row): null

2023-02-17 21:04:45 - [TEST_STEP][PASSED] - resText = "Pass": null

2023-02-17 21:04:45 - [TEST_STEP][PASSED] - pages.WriteExcel.demoKey(resText, datText, resColumn, datCloumn, fileLoc, nameSheet, row): pages.WriteExcel.demoKey is PASSED

2023-02-17 21:04:45 - [MESSAGE][PASSED] - pages.WriteExcel.demoKey is PASSED

2023-02-17 21:04:45 - [TEST_STEP][PASSED] - sdfo = getText(findTestObject("Object Repository/Page_VLinkReceipt/pre_STX")): Text of object 'Object Repository/Page_VLinkReceipt/pre_STX' is: '<STX>GQlgINZ1xrDA                  12127287            0  Transaction approved, no errors                   0                                                                                  Y OK3560   <ETX>'

2023-02-17 21:04:46 - [MESSAGE][PASSED] - Text of object 'Object Repository/Page_VLinkReceipt/pre_STX' is: '<STX>GQlgINZ1xrDA                  12127287            0  Transaction approved, no errors                   0                                                                                  Y OK3560   <ETX>'

2023-02-17 21:04:46 - [TEST_STEP][PASSED] - out.println("sdfo: " + sdfo): null

2023-02-17 21:04:46 - [TEST_STEP][PASSED] - remID = substring(5, 35).trim(): null

2023-02-17 21:04:46 - [TEST_STEP][PASSED] - out.println("Remittance ID: " + remID): null

2023-02-17 21:04:46 - [TEST_STEP][PASSED] - traxID = substring(35, 55).trim(): null

2023-02-17 21:04:46 - [TEST_STEP][PASSED] - out.println("Transaction ID: " + traxID): null

2023-02-17 21:04:46 - [TEST_STEP][PASSED] - out.println("End Record Number: " + row): null

2023-02-17 21:04:46 - [TEST_STEP][PASSED] - closeBrowser(): Browser is closed

2023-02-17 21:04:47 - [MESSAGE][PASSED] - Browser is closed

2023-02-17 21:04:47 - [TEST_STEP][PASSED] - ExecuteTC = findTestData(dataFile).getValue("Execute", row): null

2023-02-17 21:04:47 - [TEST_STEP][PASSED] - out.println("Value of Execute is : " + ExecuteTC): null

2023-02-17 21:04:47 - [TEST_STEP][PASSED] - if (ExecuteTC.equalsIgnoreCase("Y")): Browser is closed

2023-02-17 21:04:47 - [TEST_STEP][PASSED] - out.println("Begin Record Number: " + row): null

2023-02-17 21:04:47 - [TEST_STEP][PASSED] - today = new java.util.Date(): null

2023-02-17 21:04:47 - [TEST_STEP][PASSED] - println(today): null

2023-02-17 21:04:47 - [TEST_STEP][PASSED] - datText = today: null

2023-02-17 21:04:47 - [TEST_STEP][PASSED] - openBrowser(VLinkURL + "authcap.html"): Browser is opened with url: 'https://dev-algorithm.govolution.com/vlinktest/QA/version_2_0/authcap.html'

2023-02-17 21:04:47 - [MESSAGE][INFO] - Starting 'Chrome' driver

2023-02-17 21:04:47 - [MESSAGE][INFO] - User set preference: ['acceptInsecureCerts', 'true']

2023-02-17 21:04:47 - [MESSAGE][INFO] - Action delay is set to 0 milliseconds

2023-02-17 21:04:49 - [MESSAGE][PASSED] - Browser is opened with url: 'https://dev-algorithm.govolution.com/vlinktest/QA/version_2_0/authcap.html'

2023-02-17 21:04:49 - [TEST_STEP][PASSED] - maximizeWindow(): Current window maximized

2023-02-17 21:04:49 - [MESSAGE][PASSED] - Current window maximized

2023-02-17 21:04:49 - [TEST_STEP][PASSED] - vlinkPages.saleCCPage.setDataSCC(row, dataFile): vlinkPages.saleCCPage.setDataSCC is PASSED

2023-02-17 21:04:52 - [MESSAGE][PASSED] - Object 'Object Repository/VLink/Page_CCSale/txt_CardNumber' is present

2023-02-17 21:04:52 - [MESSAGE][PASSED] - Text '104' is set on object 'Object Repository/VLink/Page_CCSale/txt_TransactionType'

2023-02-17 21:04:53 - [MESSAGE][PASSED] - Text '2.0C' is set on object 'Object Repository/VLink/Page_CCSale/txt_MessageVersion'

2023-02-17 21:04:54 - [MESSAGE][PASSED] - Text 'uan2K0UYghNy' is set on object 'Object Repository/VLink/Page_CCSale/txt_RemID'

2023-02-17 21:04:54 - [MESSAGE][PASSED] - Text '670' is set on object 'Object Repository/VLink/Page_CCSale/txt_ApplicationId'

2023-02-17 21:04:55 - [MESSAGE][PASSED] - Text 'username' is set on object 'Object Repository/VLink/Page_CCSale/txt_Username'

2023-02-17 21:04:55 - [MESSAGE][PASSED] - Text 'password' is set on object 'Object Repository/VLink/Page_CCSale/txt_Password'

2023-02-17 21:04:56 - [MESSAGE][PASSED] - Text 'fixed_width' is set on object 'Object Repository/VLink/Page_CCSale/txt_ResponseFormat'

2023-02-17 21:04:57 - [MESSAGE][PASSED] - Text 'MOTO' is set on object 'Object Repository/VLink/Page_CCSale/txt_Category'

2023-02-17 21:04:57 - [MESSAGE][PASSED] - Text '' is set on object 'Object Repository/VLink/Page_CCSale/txt_TransactionID'

2023-02-17 21:04:58 - [MESSAGE][PASSED] - Text '' is set on object 'Object Repository/VLink/Page_CCSale/txt_ApprovalCode'

2023-02-17 21:04:59 - [MESSAGE][PASSED] - Text 'Roshan Maha' is set on object 'Object Repository/VLink/Page_CCSale/txt_CardName'

2023-02-17 21:04:59 - [MESSAGE][PASSED] - Text '12563 Bazaar road' is set on object 'Object Repository/VLink/Page_CCSale/txt_AL1'

2023-02-17 21:05:00 - [MESSAGE][PASSED] - Text '' is set on object 'Object Repository/VLink/Page_CCSale/txt_AL2'

2023-02-17 21:05:01 - [MESSAGE][PASSED] - Text 'Crofton' is set on object 'Object Repository/VLink/Page_CCSale/txt_CardCity'

2023-02-17 21:05:01 - [MESSAGE][PASSED] - Text 'MD' is set on object 'Object Repository/VLink/Page_CCSale/txt_CardState'

2023-02-17 21:05:02 - [MESSAGE][PASSED] - Text '21114' is set on object 'Object Repository/VLink/Page_CCSale/txt_CardZIP'

2023-02-17 21:05:03 - [MESSAGE][PASSED] - Text '' is set on object 'Object Repository/VLink/Page_CCSale/txt_CountryID'

2023-02-17 21:05:03 - [MESSAGE][PASSED] - Text '3.50' is set on object 'Object Repository/VLink/Page_CCSale/txt_Amount'

2023-02-17 21:05:04 - [MESSAGE][PASSED] - Text '5424000000000015' is set on object 'Object Repository/VLink/Page_CCSale/txt_CardNumber'

2023-02-17 21:05:05 - [MESSAGE][PASSED] - Text '01' is set on object 'Object Repository/VLink/Page_CCSale/txt_ExpMonth'

2023-02-17 21:05:06 - [MESSAGE][PASSED] - Text '2026' is set on object 'Object Repository/VLink/Page_CCSale/txt_ExpYear'

2023-02-17 21:05:06 - [MESSAGE][PASSED] - Text '' is set on object 'Object Repository/VLink/Page_CCSale/txt_CVV'

2023-02-17 21:05:07 - [MESSAGE][PASSED] - Text '' is set on object 'Object Repository/VLink/Page_CCSale/txt_CVVstate'

2023-02-17 21:05:08 - [MESSAGE][PASSED] - Text '' is set on object 'Object Repository/VLink/Page_CCSale/txt_TrackData'

2023-02-17 21:05:08 - [MESSAGE][PASSED] - Text '' is set on object 'Object Repository/VLink/Page_CCSale/txt_Track1Data'

2023-02-17 21:05:09 - [MESSAGE][PASSED] - Text '' is set on object 'Object Repository/VLink/Page_CCSale/txt_Track2Data'

2023-02-17 21:05:10 - [MESSAGE][PASSED] - Text 'manual' is set on object 'Object Repository/VLink/Page_CCSale/txt_POSEntryMode'

2023-02-17 21:05:10 - [MESSAGE][PASSED] - Text '' is set on object 'Object Repository/VLink/Page_CCSale/txt_Email'

2023-02-17 21:05:11 - [MESSAGE][PASSED] - Text '' is set on object 'Object Repository/VLink/Page_CCSale/txt_OrderNumber'

2023-02-17 21:05:12 - [MESSAGE][PASSED] - Text '' is set on object 'Object Repository/VLink/Page_CCSale/txt_TaxAmount'

2023-02-17 21:05:12 - [MESSAGE][PASSED] - Text '' is set on object 'Object Repository/VLink/Page_CCSale/txt_ChargeDescription'

2023-02-17 21:05:13 - [MESSAGE][PASSED] - Text '' is set on object 'Object Repository/VLink/Page_CCSale/txt_CAN'

2023-02-17 21:05:14 - [MESSAGE][PASSED] - Text '' is set on object 'Object Repository/VLink/Page_CCSale/txt_BillPaymentIndicator'

2023-02-17 21:05:14 - [MESSAGE][PASSED] - Text '' is set on object 'Object Repository/VLink/Page_CCSale/txt_UDF1'

2023-02-17 21:05:15 - [MESSAGE][PASSED] - Text '' is set on object 'Object Repository/VLink/Page_CCSale/txt_UDF2'

2023-02-17 21:05:16 - [MESSAGE][PASSED] - Text '' is set on object 'Object Repository/VLink/Page_CCSale/txt_UDF3'

2023-02-17 21:05:16 - [MESSAGE][PASSED] - Text '' is set on object 'Object Repository/VLink/Page_CCSale/txt_UDF4'

2023-02-17 21:05:17 - [MESSAGE][PASSED] - Text '' is set on object 'Object Repository/VLink/Page_CCSale/txt_UDF5'

2023-02-17 21:05:18 - [MESSAGE][PASSED] - Text '' is set on object 'Object Repository/VLink/Page_CCSale/txt_UDF6'

2023-02-17 21:05:18 - [MESSAGE][PASSED] - Text '' is set on object 'Object Repository/VLink/Page_CCSale/txt_UDF7'

2023-02-17 21:05:19 - [MESSAGE][PASSED] - Text '' is set on object 'Object Repository/VLink/Page_CCSale/txt_UDF8'

2023-02-17 21:05:20 - [MESSAGE][PASSED] - Text '' is set on object 'Object Repository/VLink/Page_CCSale/txt_UDF9'

2023-02-17 21:05:21 - [MESSAGE][PASSED] - Text '' is set on object 'Object Repository/VLink/Page_CCSale/txt_UDF10'

2023-02-17 21:05:25 - [MESSAGE][PASSED] - Object: 'Object Repository/VLink/Page_CCSale/btn_ProcessVLinkTransaction' is clicked on

2023-02-17 21:05:30 - [MESSAGE][PASSED] - vlinkPages.saleCCPage.setDataSCC is PASSED

2023-02-17 21:05:30 - [TEST_STEP][PASSED] - if (verifyTextPresent("Transaction approved, no errors", true)): null

2023-02-17 21:05:30 - [MESSAGE][PASSED] - Text 'Transaction approved, no errors' is present on page  using regular expression

2023-02-17 21:05:30 - [TEST_STEP][PASSED] - println("Transaction Approved, no errors text is present on the Confirmation page"): null

2023-02-17 21:05:30 - [TEST_STEP][PASSED] - out.println("Pass Record Number: " + row): null

2023-02-17 21:05:30 - [TEST_STEP][PASSED] - resText = "Pass": null

2023-02-17 21:05:30 - [TEST_STEP][PASSED] - pages.WriteExcel.demoKey(resText, datText, resColumn, datCloumn, fileLoc, nameSheet, row): pages.WriteExcel.demoKey is PASSED

2023-02-17 21:05:30 - [MESSAGE][PASSED] - pages.WriteExcel.demoKey is PASSED

2023-02-17 21:05:30 - [TEST_STEP][PASSED] - sdfo = getText(findTestObject("Object Repository/Page_VLinkReceipt/pre_STX")): Text of object 'Object Repository/Page_VLinkReceipt/pre_STX' is: '<STX>uan2K0UYghNy                  12127288            0  Transaction approved, no errors                   0                                                                                  Y OK3750   <ETX>'

2023-02-17 21:05:31 - [MESSAGE][PASSED] - Text of object 'Object Repository/Page_VLinkReceipt/pre_STX' is: '<STX>uan2K0UYghNy                  12127288            0  Transaction approved, no errors                   0                                                                                  Y OK3750   <ETX>'

2023-02-17 21:05:31 - [TEST_STEP][PASSED] - out.println("sdfo: " + sdfo): null

2023-02-17 21:05:31 - [TEST_STEP][PASSED] - remID = substring(5, 35).trim(): null

2023-02-17 21:05:31 - [TEST_STEP][PASSED] - out.println("Remittance ID: " + remID): null

2023-02-17 21:05:31 - [TEST_STEP][PASSED] - traxID = substring(35, 55).trim(): null

2023-02-17 21:05:31 - [TEST_STEP][PASSED] - out.println("Transaction ID: " + traxID): null

2023-02-17 21:05:31 - [TEST_STEP][PASSED] - out.println("End Record Number: " + row): null

2023-02-17 21:05:31 - [TEST_STEP][PASSED] - closeBrowser(): Browser is closed

2023-02-17 21:05:32 - [MESSAGE][PASSED] - Browser is closed

2023-02-17 21:05:32 - [TEST_STEP][PASSED] - ExecuteTC = findTestData(dataFile).getValue("Execute", row): null

2023-02-17 21:05:32 - [TEST_STEP][PASSED] - out.println("Value of Execute is : " + ExecuteTC): null

2023-02-17 21:05:32 - [TEST_STEP][PASSED] - if (ExecuteTC.equalsIgnoreCase("Y")): Browser is closed

2023-02-17 21:05:32 - [TEST_STEP][PASSED] - out.println("Begin Record Number: " + row): null

2023-02-17 21:05:32 - [TEST_STEP][PASSED] - today = new java.util.Date(): null

2023-02-17 21:05:32 - [TEST_STEP][PASSED] - println(today): null

2023-02-17 21:05:32 - [TEST_STEP][PASSED] - datText = today: null

2023-02-17 21:05:32 - [TEST_STEP][PASSED] - openBrowser(VLinkURL + "authcap.html"): Browser is opened with url: 'https://dev-algorithm.govolution.com/vlinktest/QA/version_2_0/authcap.html'

2023-02-17 21:05:32 - [MESSAGE][INFO] - Starting 'Chrome' driver

2023-02-17 21:05:32 - [MESSAGE][INFO] - User set preference: ['acceptInsecureCerts', 'true']

2023-02-17 21:05:32 - [MESSAGE][INFO] - Action delay is set to 0 milliseconds

2023-02-17 21:05:34 - [MESSAGE][PASSED] - Browser is opened with url: 'https://dev-algorithm.govolution.com/vlinktest/QA/version_2_0/authcap.html'

2023-02-17 21:05:34 - [TEST_STEP][PASSED] - maximizeWindow(): Current window maximized

2023-02-17 21:05:34 - [MESSAGE][PASSED] - Current window maximized

2023-02-17 21:05:34 - [TEST_STEP][PASSED] - vlinkPages.saleCCPage.setDataSCC(row, dataFile): vlinkPages.saleCCPage.setDataSCC is PASSED

2023-02-17 21:05:37 - [MESSAGE][PASSED] - Object 'Object Repository/VLink/Page_CCSale/txt_CardNumber' is present

2023-02-17 21:05:37 - [MESSAGE][PASSED] - Text '104' is set on object 'Object Repository/VLink/Page_CCSale/txt_TransactionType'

2023-02-17 21:05:38 - [MESSAGE][PASSED] - Text '2.0C' is set on object 'Object Repository/VLink/Page_CCSale/txt_MessageVersion'

2023-02-17 21:05:39 - [MESSAGE][PASSED] - Text 'FBs58yWnrDTZ' is set on object 'Object Repository/VLink/Page_CCSale/txt_RemID'

2023-02-17 21:05:39 - [MESSAGE][PASSED] - Text '670' is set on object 'Object Repository/VLink/Page_CCSale/txt_ApplicationId'

2023-02-17 21:05:40 - [MESSAGE][PASSED] - Text 'username' is set on object 'Object Repository/VLink/Page_CCSale/txt_Username'

2023-02-17 21:05:41 - [MESSAGE][PASSED] - Text 'password' is set on object 'Object Repository/VLink/Page_CCSale/txt_Password'

2023-02-17 21:05:41 - [MESSAGE][PASSED] - Text 'fixed_width' is set on object 'Object Repository/VLink/Page_CCSale/txt_ResponseFormat'

2023-02-17 21:05:42 - [MESSAGE][PASSED] - Text 'MOTO' is set on object 'Object Repository/VLink/Page_CCSale/txt_Category'

2023-02-17 21:05:42 - [MESSAGE][PASSED] - Text '' is set on object 'Object Repository/VLink/Page_CCSale/txt_TransactionID'

2023-02-17 21:05:43 - [MESSAGE][PASSED] - Text '' is set on object 'Object Repository/VLink/Page_CCSale/txt_ApprovalCode'

2023-02-17 21:05:44 - [MESSAGE][PASSED] - Text 'Kris Roshan' is set on object 'Object Repository/VLink/Page_CCSale/txt_CardName'

2023-02-17 21:05:45 - [MESSAGE][PASSED] - Text '258 Elm Road' is set on object 'Object Repository/VLink/Page_CCSale/txt_AL1'

2023-02-17 21:05:45 - [MESSAGE][PASSED] - Text 'Suite 56' is set on object 'Object Repository/VLink/Page_CCSale/txt_AL2'

2023-02-17 21:05:46 - [MESSAGE][PASSED] - Text 'Arlington' is set on object 'Object Repository/VLink/Page_CCSale/txt_CardCity'

2023-02-17 21:05:47 - [MESSAGE][PASSED] - Text 'VA' is set on object 'Object Repository/VLink/Page_CCSale/txt_CardState'

2023-02-17 21:05:47 - [MESSAGE][PASSED] - Text '22201' is set on object 'Object Repository/VLink/Page_CCSale/txt_CardZIP'

2023-02-17 21:05:48 - [MESSAGE][PASSED] - Text '840' is set on object 'Object Repository/VLink/Page_CCSale/txt_CountryID'

2023-02-17 21:05:49 - [MESSAGE][PASSED] - Text '1.50' is set on object 'Object Repository/VLink/Page_CCSale/txt_Amount'

2023-02-17 21:05:49 - [MESSAGE][PASSED] - Text '370000000000002' is set on object 'Object Repository/VLink/Page_CCSale/txt_CardNumber'

2023-02-17 21:05:50 - [MESSAGE][PASSED] - Text '12' is set on object 'Object Repository/VLink/Page_CCSale/txt_ExpMonth'

2023-02-17 21:05:51 - [MESSAGE][PASSED] - Text '2025' is set on object 'Object Repository/VLink/Page_CCSale/txt_ExpYear'

2023-02-17 21:05:51 - [MESSAGE][PASSED] - Text '' is set on object 'Object Repository/VLink/Page_CCSale/txt_CVV'

2023-02-17 21:05:52 - [MESSAGE][PASSED] - Text '' is set on object 'Object Repository/VLink/Page_CCSale/txt_CVVstate'

2023-02-17 21:05:53 - [MESSAGE][PASSED] - Text '' is set on object 'Object Repository/VLink/Page_CCSale/txt_TrackData'

2023-02-17 21:05:53 - [MESSAGE][PASSED] - Text '' is set on object 'Object Repository/VLink/Page_CCSale/txt_Track1Data'

2023-02-17 21:05:54 - [MESSAGE][PASSED] - Text '' is set on object 'Object Repository/VLink/Page_CCSale/txt_Track2Data'

2023-02-17 21:05:55 - [MESSAGE][PASSED] - Text 'manual' is set on object 'Object Repository/VLink/Page_CCSale/txt_POSEntryMode'

2023-02-17 21:05:55 - [MESSAGE][PASSED] - Text 'iahmed@govolution.com' is set on object 'Object Repository/VLink/Page_CCSale/txt_Email'

2023-02-17 21:05:56 - [MESSAGE][PASSED] - Text '2569362' is set on object 'Object Repository/VLink/Page_CCSale/txt_OrderNumber'

2023-02-17 21:05:57 - [MESSAGE][PASSED] - Text '1.15' is set on object 'Object Repository/VLink/Page_CCSale/txt_TaxAmount'

2023-02-17 21:05:57 - [MESSAGE][PASSED] - Text 'Charge Description' is set on object 'Object Repository/VLink/Page_CCSale/txt_ChargeDescription'

2023-02-17 21:05:58 - [MESSAGE][PASSED] - Text '147357' is set on object 'Object Repository/VLink/Page_CCSale/txt_CAN'

2023-02-17 21:05:59 - [MESSAGE][PASSED] - Text '1' is set on object 'Object Repository/VLink/Page_CCSale/txt_BillPaymentIndicator'

2023-02-17 21:05:59 - [MESSAGE][PASSED] - Text 'UDF Data 1' is set on object 'Object Repository/VLink/Page_CCSale/txt_UDF1'

2023-02-17 21:06:00 - [MESSAGE][PASSED] - Text 'UDF Data 2' is set on object 'Object Repository/VLink/Page_CCSale/txt_UDF2'

2023-02-17 21:06:01 - [MESSAGE][PASSED] - Text 'UDF Data 3' is set on object 'Object Repository/VLink/Page_CCSale/txt_UDF3'

2023-02-17 21:06:01 - [MESSAGE][PASSED] - Text 'UDF Data 4' is set on object 'Object Repository/VLink/Page_CCSale/txt_UDF4'

2023-02-17 21:06:02 - [MESSAGE][PASSED] - Text 'UDF Data 5' is set on object 'Object Repository/VLink/Page_CCSale/txt_UDF5'

2023-02-17 21:06:03 - [MESSAGE][PASSED] - Text 'UDF Data 6' is set on object 'Object Repository/VLink/Page_CCSale/txt_UDF6'

2023-02-17 21:06:03 - [MESSAGE][PASSED] - Text 'UDF Data 7' is set on object 'Object Repository/VLink/Page_CCSale/txt_UDF7'

2023-02-17 21:06:04 - [MESSAGE][PASSED] - Text 'UDF Data 8' is set on object 'Object Repository/VLink/Page_CCSale/txt_UDF8'

2023-02-17 21:06:05 - [MESSAGE][PASSED] - Text 'UDF Data 9' is set on object 'Object Repository/VLink/Page_CCSale/txt_UDF9'

2023-02-17 21:06:05 - [MESSAGE][PASSED] - Text 'UDF Data 10' is set on object 'Object Repository/VLink/Page_CCSale/txt_UDF10'

2023-02-17 21:06:09 - [MESSAGE][PASSED] - Object: 'Object Repository/VLink/Page_CCSale/btn_ProcessVLinkTransaction' is clicked on

2023-02-17 21:06:14 - [MESSAGE][PASSED] - vlinkPages.saleCCPage.setDataSCC is PASSED

2023-02-17 21:06:14 - [TEST_STEP][PASSED] - if (verifyTextPresent("Transaction approved, no errors", true)): null

2023-02-17 21:06:14 - [MESSAGE][PASSED] - Text 'Transaction approved, no errors' is present on page  using regular expression

2023-02-17 21:06:14 - [TEST_STEP][PASSED] - println("Transaction Approved, no errors text is present on the Confirmation page"): null

2023-02-17 21:06:14 - [TEST_STEP][PASSED] - out.println("Pass Record Number: " + row): null

2023-02-17 21:06:14 - [TEST_STEP][PASSED] - resText = "Pass": null

2023-02-17 21:06:14 - [TEST_STEP][PASSED] - pages.WriteExcel.demoKey(resText, datText, resColumn, datCloumn, fileLoc, nameSheet, row): pages.WriteExcel.demoKey is PASSED

2023-02-17 21:06:15 - [MESSAGE][PASSED] - pages.WriteExcel.demoKey is PASSED

2023-02-17 21:06:15 - [TEST_STEP][PASSED] - sdfo = getText(findTestObject("Object Repository/Page_VLinkReceipt/pre_STX")): Text of object 'Object Repository/Page_VLinkReceipt/pre_STX' is: '<STX>FBs58yWnrDTZ                  12127289            0  Transaction approved, no errors                   0                                                                                  Y OK4020   <ETX>'

2023-02-17 21:06:15 - [MESSAGE][PASSED] - Text of object 'Object Repository/Page_VLinkReceipt/pre_STX' is: '<STX>FBs58yWnrDTZ                  12127289            0  Transaction approved, no errors                   0                                                                                  Y OK4020   <ETX>'

2023-02-17 21:06:15 - [TEST_STEP][PASSED] - out.println("sdfo: " + sdfo): null

2023-02-17 21:06:15 - [TEST_STEP][PASSED] - remID = substring(5, 35).trim(): null

2023-02-17 21:06:15 - [TEST_STEP][PASSED] - out.println("Remittance ID: " + remID): null

2023-02-17 21:06:15 - [TEST_STEP][PASSED] - traxID = substring(35, 55).trim(): null

2023-02-17 21:06:15 - [TEST_STEP][PASSED] - out.println("Transaction ID: " + traxID): null

2023-02-17 21:06:15 - [TEST_STEP][PASSED] - out.println("End Record Number: " + row): null

2023-02-17 21:06:15 - [TEST_STEP][PASSED] - closeBrowser(): Browser is closed

2023-02-17 21:06:16 - [MESSAGE][PASSED] - Browser is closed

2023-02-17 21:06:16 - [TEST_STEP][PASSED] - ExecuteTC = findTestData(dataFile).getValue("Execute", row): null

2023-02-17 21:06:16 - [TEST_STEP][PASSED] - out.println("Value of Execute is : " + ExecuteTC): null

2023-02-17 21:06:16 - [TEST_STEP][PASSED] - if (ExecuteTC.equalsIgnoreCase("Y")): Browser is closed

2023-02-17 21:06:16 - [TEST_STEP][PASSED] - out.println("Begin Record Number: " + row): null

2023-02-17 21:06:16 - [TEST_STEP][PASSED] - today = new java.util.Date(): null

2023-02-17 21:06:16 - [TEST_STEP][PASSED] - println(today): null

2023-02-17 21:06:16 - [TEST_STEP][PASSED] - datText = today: null

2023-02-17 21:06:16 - [TEST_STEP][PASSED] - openBrowser(VLinkURL + "authcap.html"): Browser is opened with url: 'https://dev-algorithm.govolution.com/vlinktest/QA/version_2_0/authcap.html'

2023-02-17 21:06:16 - [MESSAGE][INFO] - Starting 'Chrome' driver

2023-02-17 21:06:16 - [MESSAGE][INFO] - User set preference: ['acceptInsecureCerts', 'true']

2023-02-17 21:06:16 - [MESSAGE][INFO] - Action delay is set to 0 milliseconds

2023-02-17 21:06:18 - [MESSAGE][PASSED] - Browser is opened with url: 'https://dev-algorithm.govolution.com/vlinktest/QA/version_2_0/authcap.html'

2023-02-17 21:06:18 - [TEST_STEP][PASSED] - maximizeWindow(): Current window maximized

2023-02-17 21:06:18 - [MESSAGE][PASSED] - Current window maximized

2023-02-17 21:06:18 - [TEST_STEP][PASSED] - vlinkPages.saleCCPage.setDataSCC(row, dataFile): vlinkPages.saleCCPage.setDataSCC is PASSED

2023-02-17 21:06:21 - [MESSAGE][PASSED] - Object 'Object Repository/VLink/Page_CCSale/txt_CardNumber' is present

2023-02-17 21:06:21 - [MESSAGE][PASSED] - Text '104' is set on object 'Object Repository/VLink/Page_CCSale/txt_TransactionType'

2023-02-17 21:06:22 - [MESSAGE][PASSED] - Text '2.0C' is set on object 'Object Repository/VLink/Page_CCSale/txt_MessageVersion'

2023-02-17 21:06:22 - [MESSAGE][PASSED] - Text '06p8EoBDZpTx' is set on object 'Object Repository/VLink/Page_CCSale/txt_RemID'

2023-02-17 21:06:23 - [MESSAGE][PASSED] - Text '670' is set on object 'Object Repository/VLink/Page_CCSale/txt_ApplicationId'

2023-02-17 21:06:24 - [MESSAGE][PASSED] - Text 'username' is set on object 'Object Repository/VLink/Page_CCSale/txt_Username'

2023-02-17 21:06:24 - [MESSAGE][PASSED] - Text 'password' is set on object 'Object Repository/VLink/Page_CCSale/txt_Password'

2023-02-17 21:06:25 - [MESSAGE][PASSED] - Text 'fixed_width' is set on object 'Object Repository/VLink/Page_CCSale/txt_ResponseFormat'

2023-02-17 21:06:26 - [MESSAGE][PASSED] - Text 'MOTO' is set on object 'Object Repository/VLink/Page_CCSale/txt_Category'

2023-02-17 21:06:26 - [MESSAGE][PASSED] - Text '' is set on object 'Object Repository/VLink/Page_CCSale/txt_TransactionID'

2023-02-17 21:06:27 - [MESSAGE][PASSED] - Text '' is set on object 'Object Repository/VLink/Page_CCSale/txt_ApprovalCode'

2023-02-17 21:06:28 - [MESSAGE][PASSED] - Text 'Arvind Silva' is set on object 'Object Repository/VLink/Page_CCSale/txt_CardName'

2023-02-17 21:06:28 - [MESSAGE][PASSED] - Text '111 Main Ave' is set on object 'Object Repository/VLink/Page_CCSale/txt_AL1'

2023-02-17 21:06:29 - [MESSAGE][PASSED] - Text '' is set on object 'Object Repository/VLink/Page_CCSale/txt_AL2'

2023-02-17 21:06:30 - [MESSAGE][PASSED] - Text 'Arlington' is set on object 'Object Repository/VLink/Page_CCSale/txt_CardCity'

2023-02-17 21:06:30 - [MESSAGE][PASSED] - Text 'VA' is set on object 'Object Repository/VLink/Page_CCSale/txt_CardState'

2023-02-17 21:06:31 - [MESSAGE][PASSED] - Text '22201' is set on object 'Object Repository/VLink/Page_CCSale/txt_CardZIP'

2023-02-17 21:06:32 - [MESSAGE][PASSED] - Text '' is set on object 'Object Repository/VLink/Page_CCSale/txt_CountryID'

2023-02-17 21:06:32 - [MESSAGE][PASSED] - Text '2.50' is set on object 'Object Repository/VLink/Page_CCSale/txt_Amount'

2023-02-17 21:06:33 - [MESSAGE][PASSED] - Text '6011000000000004' is set on object 'Object Repository/VLink/Page_CCSale/txt_CardNumber'

2023-02-17 21:06:34 - [MESSAGE][PASSED] - Text '01' is set on object 'Object Repository/VLink/Page_CCSale/txt_ExpMonth'

2023-02-17 21:06:34 - [MESSAGE][PASSED] - Text '2026' is set on object 'Object Repository/VLink/Page_CCSale/txt_ExpYear'

2023-02-17 21:06:35 - [MESSAGE][PASSED] - Text '' is set on object 'Object Repository/VLink/Page_CCSale/txt_CVV'

2023-02-17 21:06:36 - [MESSAGE][PASSED] - Text '' is set on object 'Object Repository/VLink/Page_CCSale/txt_CVVstate'

2023-02-17 21:06:36 - [MESSAGE][PASSED] - Text '' is set on object 'Object Repository/VLink/Page_CCSale/txt_TrackData'

2023-02-17 21:06:37 - [MESSAGE][PASSED] - Text '' is set on object 'Object Repository/VLink/Page_CCSale/txt_Track1Data'

2023-02-17 21:06:38 - [MESSAGE][PASSED] - Text '' is set on object 'Object Repository/VLink/Page_CCSale/txt_Track2Data'

2023-02-17 21:06:38 - [MESSAGE][PASSED] - Text 'manual' is set on object 'Object Repository/VLink/Page_CCSale/txt_POSEntryMode'

2023-02-17 21:06:39 - [MESSAGE][PASSED] - Text '' is set on object 'Object Repository/VLink/Page_CCSale/txt_Email'

2023-02-17 21:06:40 - [MESSAGE][PASSED] - Text '' is set on object 'Object Repository/VLink/Page_CCSale/txt_OrderNumber'

2023-02-17 21:06:41 - [MESSAGE][PASSED] - Text '' is set on object 'Object Repository/VLink/Page_CCSale/txt_TaxAmount'

2023-02-17 21:06:41 - [MESSAGE][PASSED] - Text '' is set on object 'Object Repository/VLink/Page_CCSale/txt_ChargeDescription'

2023-02-17 21:06:42 - [MESSAGE][PASSED] - Text '' is set on object 'Object Repository/VLink/Page_CCSale/txt_CAN'

2023-02-17 21:06:43 - [MESSAGE][PASSED] - Text '' is set on object 'Object Repository/VLink/Page_CCSale/txt_BillPaymentIndicator'

2023-02-17 21:06:43 - [MESSAGE][PASSED] - Text '' is set on object 'Object Repository/VLink/Page_CCSale/txt_UDF1'

2023-02-17 21:06:44 - [MESSAGE][PASSED] - Text '' is set on object 'Object Repository/VLink/Page_CCSale/txt_UDF2'

2023-02-17 21:06:45 - [MESSAGE][PASSED] - Text '' is set on object 'Object Repository/VLink/Page_CCSale/txt_UDF3'

2023-02-17 21:06:45 - [MESSAGE][PASSED] - Text '' is set on object 'Object Repository/VLink/Page_CCSale/txt_UDF4'

2023-02-17 21:06:46 - [MESSAGE][PASSED] - Text '' is set on object 'Object Repository/VLink/Page_CCSale/txt_UDF5'

2023-02-17 21:06:47 - [MESSAGE][PASSED] - Text '' is set on object 'Object Repository/VLink/Page_CCSale/txt_UDF6'

2023-02-17 21:06:47 - [MESSAGE][PASSED] - Text '' is set on object 'Object Repository/VLink/Page_CCSale/txt_UDF7'

2023-02-17 21:06:48 - [MESSAGE][PASSED] - Text '' is set on object 'Object Repository/VLink/Page_CCSale/txt_UDF8'

2023-02-17 21:06:49 - [MESSAGE][PASSED] - Text '' is set on object 'Object Repository/VLink/Page_CCSale/txt_UDF9'

2023-02-17 21:06:49 - [MESSAGE][PASSED] - Text '' is set on object 'Object Repository/VLink/Page_CCSale/txt_UDF10'

2023-02-17 21:06:53 - [MESSAGE][PASSED] - Object: 'Object Repository/VLink/Page_CCSale/btn_ProcessVLinkTransaction' is clicked on

2023-02-17 21:06:58 - [MESSAGE][PASSED] - vlinkPages.saleCCPage.setDataSCC is PASSED

2023-02-17 21:06:58 - [TEST_STEP][PASSED] - if (verifyTextPresent("Transaction approved, no errors", true)): null

2023-02-17 21:06:59 - [MESSAGE][PASSED] - Text 'Transaction approved, no errors' is present on page  using regular expression

2023-02-17 21:06:59 - [TEST_STEP][PASSED] - println("Transaction Approved, no errors text is present on the Confirmation page"): null

2023-02-17 21:06:59 - [TEST_STEP][PASSED] - out.println("Pass Record Number: " + row): null

2023-02-17 21:06:59 - [TEST_STEP][PASSED] - resText = "Pass": null

2023-02-17 21:06:59 - [TEST_STEP][PASSED] - pages.WriteExcel.demoKey(resText, datText, resColumn, datCloumn, fileLoc, nameSheet, row): pages.WriteExcel.demoKey is PASSED

2023-02-17 21:06:59 - [MESSAGE][PASSED] - pages.WriteExcel.demoKey is PASSED

2023-02-17 21:06:59 - [TEST_STEP][PASSED] - sdfo = getText(findTestObject("Object Repository/Page_VLinkReceipt/pre_STX")): Text of object 'Object Repository/Page_VLinkReceipt/pre_STX' is: '<STX>06p8EoBDZpTx                  12127290            0  Transaction approved, no errors                   0                                                                                  Y OK4270   <ETX>'

2023-02-17 21:06:59 - [MESSAGE][PASSED] - Text of object 'Object Repository/Page_VLinkReceipt/pre_STX' is: '<STX>06p8EoBDZpTx                  12127290            0  Transaction approved, no errors                   0                                                                                  Y OK4270   <ETX>'

2023-02-17 21:06:59 - [TEST_STEP][PASSED] - out.println("sdfo: " + sdfo): null

2023-02-17 21:06:59 - [TEST_STEP][PASSED] - remID = substring(5, 35).trim(): null

2023-02-17 21:06:59 - [TEST_STEP][PASSED] - out.println("Remittance ID: " + remID): null

2023-02-17 21:06:59 - [TEST_STEP][PASSED] - traxID = substring(35, 55).trim(): null

2023-02-17 21:06:59 - [TEST_STEP][PASSED] - out.println("Transaction ID: " + traxID): null

2023-02-17 21:06:59 - [TEST_STEP][PASSED] - out.println("End Record Number: " + row): null

2023-02-17 21:06:59 - [TEST_STEP][PASSED] - closeBrowser(): Browser is closed

2023-02-17 21:07:00 - [MESSAGE][PASSED] - Browser is closed

2023-02-17 21:07:00 - [TEST_STEP][PASSED] - ExecuteTC = findTestData(dataFile).getValue("Execute", row): null

2023-02-17 21:07:00 - [TEST_STEP][PASSED] - out.println("Value of Execute is : " + ExecuteTC): null

2023-02-17 21:07:00 - [TEST_STEP][PASSED] - if (ExecuteTC.equalsIgnoreCase("Y")): Browser is closed

2023-02-17 21:07:00 - [TEST_STEP][PASSED] - out.println("Begin Record Number: " + row): null

2023-02-17 21:07:00 - [TEST_STEP][PASSED] - today = new java.util.Date(): null

2023-02-17 21:07:00 - [TEST_STEP][PASSED] - println(today): null

2023-02-17 21:07:00 - [TEST_STEP][PASSED] - datText = today: null

2023-02-17 21:07:00 - [TEST_STEP][PASSED] - openBrowser(VLinkURL + "authcap.html"): Browser is opened with url: 'https://dev-algorithm.govolution.com/vlinktest/QA/version_2_0/authcap.html'

2023-02-17 21:07:00 - [MESSAGE][INFO] - Starting 'Chrome' driver

2023-02-17 21:07:00 - [MESSAGE][INFO] - User set preference: ['acceptInsecureCerts', 'true']

2023-02-17 21:07:00 - [MESSAGE][INFO] - Action delay is set to 0 milliseconds

2023-02-17 21:07:02 - [MESSAGE][PASSED] - Browser is opened with url: 'https://dev-algorithm.govolution.com/vlinktest/QA/version_2_0/authcap.html'

2023-02-17 21:07:02 - [TEST_STEP][PASSED] - maximizeWindow(): Current window maximized

2023-02-17 21:07:02 - [MESSAGE][PASSED] - Current window maximized

2023-02-17 21:07:02 - [TEST_STEP][PASSED] - vlinkPages.saleCCPage.setDataSCC(row, dataFile): vlinkPages.saleCCPage.setDataSCC is PASSED

2023-02-17 21:07:05 - [MESSAGE][PASSED] - Object 'Object Repository/VLink/Page_CCSale/txt_CardNumber' is present

2023-02-17 21:07:06 - [MESSAGE][PASSED] - Text '104' is set on object 'Object Repository/VLink/Page_CCSale/txt_TransactionType'

2023-02-17 21:07:06 - [MESSAGE][PASSED] - Text '2.0C' is set on object 'Object Repository/VLink/Page_CCSale/txt_MessageVersion'

2023-02-17 21:07:07 - [MESSAGE][PASSED] - Text 'AtnVqwGbUZDf' is set on object 'Object Repository/VLink/Page_CCSale/txt_RemID'

2023-02-17 21:07:07 - [MESSAGE][PASSED] - Text '671' is set on object 'Object Repository/VLink/Page_CCSale/txt_ApplicationId'

2023-02-17 21:07:08 - [MESSAGE][PASSED] - Text 'username' is set on object 'Object Repository/VLink/Page_CCSale/txt_Username'

2023-02-17 21:07:09 - [MESSAGE][PASSED] - Text 'password' is set on object 'Object Repository/VLink/Page_CCSale/txt_Password'

2023-02-17 21:07:09 - [MESSAGE][PASSED] - Text 'fixed_width' is set on object 'Object Repository/VLink/Page_CCSale/txt_ResponseFormat'

2023-02-17 21:07:10 - [MESSAGE][PASSED] - Text 'RETL' is set on object 'Object Repository/VLink/Page_CCSale/txt_Category'

2023-02-17 21:07:11 - [MESSAGE][PASSED] - Text '' is set on object 'Object Repository/VLink/Page_CCSale/txt_TransactionID'

2023-02-17 21:07:11 - [MESSAGE][PASSED] - Text '' is set on object 'Object Repository/VLink/Page_CCSale/txt_ApprovalCode'

2023-02-17 21:07:12 - [MESSAGE][PASSED] - Text 'Roshan Maha' is set on object 'Object Repository/VLink/Page_CCSale/txt_CardName'

2023-02-17 21:07:13 - [MESSAGE][PASSED] - Text '12563 Bazaar road' is set on object 'Object Repository/VLink/Page_CCSale/txt_AL1'

2023-02-17 21:07:13 - [MESSAGE][PASSED] - Text '' is set on object 'Object Repository/VLink/Page_CCSale/txt_AL2'

2023-02-17 21:07:14 - [MESSAGE][PASSED] - Text 'Crofton' is set on object 'Object Repository/VLink/Page_CCSale/txt_CardCity'

2023-02-17 21:07:15 - [MESSAGE][PASSED] - Text 'MD' is set on object 'Object Repository/VLink/Page_CCSale/txt_CardState'

2023-02-17 21:07:15 - [MESSAGE][PASSED] - Text '21114' is set on object 'Object Repository/VLink/Page_CCSale/txt_CardZIP'

2023-02-17 21:07:16 - [MESSAGE][PASSED] - Text '' is set on object 'Object Repository/VLink/Page_CCSale/txt_CountryID'

2023-02-17 21:07:17 - [MESSAGE][PASSED] - Text '3.50' is set on object 'Object Repository/VLink/Page_CCSale/txt_Amount'

2023-02-17 21:07:17 - [MESSAGE][PASSED] - Text '4111111111111111' is set on object 'Object Repository/VLink/Page_CCSale/txt_CardNumber'

2023-02-17 21:07:18 - [MESSAGE][PASSED] - Text '01' is set on object 'Object Repository/VLink/Page_CCSale/txt_ExpMonth'

2023-02-17 21:07:19 - [MESSAGE][PASSED] - Text '2026' is set on object 'Object Repository/VLink/Page_CCSale/txt_ExpYear'

2023-02-17 21:07:19 - [MESSAGE][PASSED] - Text '' is set on object 'Object Repository/VLink/Page_CCSale/txt_CVV'

2023-02-17 21:07:20 - [MESSAGE][PASSED] - Text '' is set on object 'Object Repository/VLink/Page_CCSale/txt_CVVstate'

2023-02-17 21:07:21 - [MESSAGE][PASSED] - Text '' is set on object 'Object Repository/VLink/Page_CCSale/txt_TrackData'

2023-02-17 21:07:21 - [MESSAGE][PASSED] - Text '' is set on object 'Object Repository/VLink/Page_CCSale/txt_Track1Data'

2023-02-17 21:07:22 - [MESSAGE][PASSED] - Text '' is set on object 'Object Repository/VLink/Page_CCSale/txt_Track2Data'

2023-02-17 21:07:23 - [MESSAGE][PASSED] - Text 'manual' is set on object 'Object Repository/VLink/Page_CCSale/txt_POSEntryMode'

2023-02-17 21:07:23 - [MESSAGE][PASSED] - Text '' is set on object 'Object Repository/VLink/Page_CCSale/txt_Email'

2023-02-17 21:07:24 - [MESSAGE][PASSED] - Text '' is set on object 'Object Repository/VLink/Page_CCSale/txt_OrderNumber'

2023-02-17 21:07:25 - [MESSAGE][PASSED] - Text '' is set on object 'Object Repository/VLink/Page_CCSale/txt_TaxAmount'

2023-02-17 21:07:25 - [MESSAGE][PASSED] - Text '' is set on object 'Object Repository/VLink/Page_CCSale/txt_ChargeDescription'

2023-02-17 21:07:26 - [MESSAGE][PASSED] - Text '' is set on object 'Object Repository/VLink/Page_CCSale/txt_CAN'

2023-02-17 21:07:27 - [MESSAGE][PASSED] - Text '' is set on object 'Object Repository/VLink/Page_CCSale/txt_BillPaymentIndicator'

2023-02-17 21:07:27 - [MESSAGE][PASSED] - Text '' is set on object 'Object Repository/VLink/Page_CCSale/txt_UDF1'

2023-02-17 21:07:28 - [MESSAGE][PASSED] - Text '' is set on object 'Object Repository/VLink/Page_CCSale/txt_UDF2'

2023-02-17 21:07:29 - [MESSAGE][PASSED] - Text '' is set on object 'Object Repository/VLink/Page_CCSale/txt_UDF3'

2023-02-17 21:07:29 - [MESSAGE][PASSED] - Text '' is set on object 'Object Repository/VLink/Page_CCSale/txt_UDF4'

2023-02-17 21:07:30 - [MESSAGE][PASSED] - Text '' is set on object 'Object Repository/VLink/Page_CCSale/txt_UDF5'

2023-02-17 21:07:31 - [MESSAGE][PASSED] - Text '' is set on object 'Object Repository/VLink/Page_CCSale/txt_UDF6'

2023-02-17 21:07:31 - [MESSAGE][PASSED] - Text '' is set on object 'Object Repository/VLink/Page_CCSale/txt_UDF7'

2023-02-17 21:07:32 - [MESSAGE][PASSED] - Text '' is set on object 'Object Repository/VLink/Page_CCSale/txt_UDF8'

2023-02-17 21:07:33 - [MESSAGE][PASSED] - Text '' is set on object 'Object Repository/VLink/Page_CCSale/txt_UDF9'

2023-02-17 21:07:33 - [MESSAGE][PASSED] - Text '' is set on object 'Object Repository/VLink/Page_CCSale/txt_UDF10'

2023-02-17 21:07:37 - [MESSAGE][PASSED] - Object: 'Object Repository/VLink/Page_CCSale/btn_ProcessVLinkTransaction' is clicked on

2023-02-17 21:07:42 - [MESSAGE][PASSED] - vlinkPages.saleCCPage.setDataSCC is PASSED

2023-02-17 21:07:42 - [TEST_STEP][PASSED] - if (verifyTextPresent("Transaction approved, no errors", true)): null

2023-02-17 21:07:43 - [MESSAGE][PASSED] - Text 'Transaction approved, no errors' is present on page  using regular expression

2023-02-17 21:07:43 - [TEST_STEP][PASSED] - println("Transaction Approved, no errors text is present on the Confirmation page"): null

2023-02-17 21:07:43 - [TEST_STEP][PASSED] - out.println("Pass Record Number: " + row): null

2023-02-17 21:07:43 - [TEST_STEP][PASSED] - resText = "Pass": null

2023-02-17 21:07:43 - [TEST_STEP][PASSED] - pages.WriteExcel.demoKey(resText, datText, resColumn, datCloumn, fileLoc, nameSheet, row): pages.WriteExcel.demoKey is PASSED

2023-02-17 21:07:43 - [MESSAGE][PASSED] - pages.WriteExcel.demoKey is PASSED

2023-02-17 21:07:43 - [TEST_STEP][PASSED] - sdfo = getText(findTestObject("Object Repository/Page_VLinkReceipt/pre_STX")): Text of object 'Object Repository/Page_VLinkReceipt/pre_STX' is: '<STX>AtnVqwGbUZDf                  12127291            0  Transaction approved, no errors                   0                                                                                  Y OK4480   <ETX>'

2023-02-17 21:07:43 - [MESSAGE][PASSED] - Text of object 'Object Repository/Page_VLinkReceipt/pre_STX' is: '<STX>AtnVqwGbUZDf                  12127291            0  Transaction approved, no errors                   0                                                                                  Y OK4480   <ETX>'

2023-02-17 21:07:43 - [TEST_STEP][PASSED] - out.println("sdfo: " + sdfo): null

2023-02-17 21:07:43 - [TEST_STEP][PASSED] - remID = substring(5, 35).trim(): null

2023-02-17 21:07:43 - [TEST_STEP][PASSED] - out.println("Remittance ID: " + remID): null

2023-02-17 21:07:43 - [TEST_STEP][PASSED] - traxID = substring(35, 55).trim(): null

2023-02-17 21:07:43 - [TEST_STEP][PASSED] - out.println("Transaction ID: " + traxID): null

2023-02-17 21:07:43 - [TEST_STEP][PASSED] - out.println("End Record Number: " + row): null

2023-02-17 21:07:43 - [TEST_STEP][PASSED] - closeBrowser(): Browser is closed

2023-02-17 21:07:44 - [MESSAGE][PASSED] - Browser is closed

2023-02-17 21:07:44 - [TEST_STEP][PASSED] - ExecuteTC = findTestData(dataFile).getValue("Execute", row): null

2023-02-17 21:07:44 - [TEST_STEP][PASSED] - out.println("Value of Execute is : " + ExecuteTC): null

2023-02-17 21:07:44 - [TEST_STEP][PASSED] - if (ExecuteTC.equalsIgnoreCase("Y")): Browser is closed

2023-02-17 21:07:44 - [TEST_STEP][PASSED] - out.println("Begin Record Number: " + row): null

2023-02-17 21:07:44 - [TEST_STEP][PASSED] - today = new java.util.Date(): null

2023-02-17 21:07:44 - [TEST_STEP][PASSED] - println(today): null

2023-02-17 21:07:44 - [TEST_STEP][PASSED] - datText = today: null

2023-02-17 21:07:44 - [TEST_STEP][PASSED] - openBrowser(VLinkURL + "authcap.html"): Browser is opened with url: 'https://dev-algorithm.govolution.com/vlinktest/QA/version_2_0/authcap.html'

2023-02-17 21:07:44 - [MESSAGE][INFO] - Starting 'Chrome' driver

2023-02-17 21:07:44 - [MESSAGE][INFO] - User set preference: ['acceptInsecureCerts', 'true']

2023-02-17 21:07:44 - [MESSAGE][INFO] - Action delay is set to 0 milliseconds

2023-02-17 21:07:46 - [MESSAGE][PASSED] - Browser is opened with url: 'https://dev-algorithm.govolution.com/vlinktest/QA/version_2_0/authcap.html'

2023-02-17 21:07:46 - [TEST_STEP][PASSED] - maximizeWindow(): Current window maximized

2023-02-17 21:07:46 - [MESSAGE][PASSED] - Current window maximized

2023-02-17 21:07:46 - [TEST_STEP][PASSED] - vlinkPages.saleCCPage.setDataSCC(row, dataFile): vlinkPages.saleCCPage.setDataSCC is PASSED

2023-02-17 21:07:49 - [MESSAGE][PASSED] - Object 'Object Repository/VLink/Page_CCSale/txt_CardNumber' is present

2023-02-17 21:07:49 - [MESSAGE][PASSED] - Text '104' is set on object 'Object Repository/VLink/Page_CCSale/txt_TransactionType'

2023-02-17 21:07:50 - [MESSAGE][PASSED] - Text '2.0C' is set on object 'Object Repository/VLink/Page_CCSale/txt_MessageVersion'

2023-02-17 21:07:51 - [MESSAGE][PASSED] - Text 'thHRzrMJWFUO' is set on object 'Object Repository/VLink/Page_CCSale/txt_RemID'

2023-02-17 21:07:51 - [MESSAGE][PASSED] - Text '671' is set on object 'Object Repository/VLink/Page_CCSale/txt_ApplicationId'

2023-02-17 21:07:52 - [MESSAGE][PASSED] - Text 'username' is set on object 'Object Repository/VLink/Page_CCSale/txt_Username'

2023-02-17 21:07:52 - [MESSAGE][PASSED] - Text 'password' is set on object 'Object Repository/VLink/Page_CCSale/txt_Password'

2023-02-17 21:07:53 - [MESSAGE][PASSED] - Text 'fixed_width' is set on object 'Object Repository/VLink/Page_CCSale/txt_ResponseFormat'

2023-02-17 21:07:54 - [MESSAGE][PASSED] - Text 'RETL' is set on object 'Object Repository/VLink/Page_CCSale/txt_Category'

2023-02-17 21:07:54 - [MESSAGE][PASSED] - Text '' is set on object 'Object Repository/VLink/Page_CCSale/txt_TransactionID'

2023-02-17 21:07:55 - [MESSAGE][PASSED] - Text '' is set on object 'Object Repository/VLink/Page_CCSale/txt_ApprovalCode'

2023-02-17 21:07:56 - [MESSAGE][PASSED] - Text 'Kris Roshan' is set on object 'Object Repository/VLink/Page_CCSale/txt_CardName'

2023-02-17 21:07:56 - [MESSAGE][PASSED] - Text '258 Elm Road' is set on object 'Object Repository/VLink/Page_CCSale/txt_AL1'

2023-02-17 21:07:57 - [MESSAGE][PASSED] - Text 'Suite 56' is set on object 'Object Repository/VLink/Page_CCSale/txt_AL2'

2023-02-17 21:07:58 - [MESSAGE][PASSED] - Text 'Arlington' is set on object 'Object Repository/VLink/Page_CCSale/txt_CardCity'

2023-02-17 21:07:58 - [MESSAGE][PASSED] - Text 'VA' is set on object 'Object Repository/VLink/Page_CCSale/txt_CardState'

2023-02-17 21:07:59 - [MESSAGE][PASSED] - Text '22201' is set on object 'Object Repository/VLink/Page_CCSale/txt_CardZIP'

2023-02-17 21:08:00 - [MESSAGE][PASSED] - Text '840' is set on object 'Object Repository/VLink/Page_CCSale/txt_CountryID'

2023-02-17 21:08:00 - [MESSAGE][PASSED] - Text '1.50' is set on object 'Object Repository/VLink/Page_CCSale/txt_Amount'

2023-02-17 21:08:01 - [MESSAGE][PASSED] - Text '5424000000000015' is set on object 'Object Repository/VLink/Page_CCSale/txt_CardNumber'

2023-02-17 21:08:02 - [MESSAGE][PASSED] - Text '12' is set on object 'Object Repository/VLink/Page_CCSale/txt_ExpMonth'

2023-02-17 21:08:02 - [MESSAGE][PASSED] - Text '2025' is set on object 'Object Repository/VLink/Page_CCSale/txt_ExpYear'

2023-02-17 21:08:03 - [MESSAGE][PASSED] - Text '' is set on object 'Object Repository/VLink/Page_CCSale/txt_CVV'

2023-02-17 21:08:04 - [MESSAGE][PASSED] - Text '' is set on object 'Object Repository/VLink/Page_CCSale/txt_CVVstate'

2023-02-17 21:08:04 - [MESSAGE][PASSED] - Text '' is set on object 'Object Repository/VLink/Page_CCSale/txt_TrackData'

2023-02-17 21:08:05 - [MESSAGE][PASSED] - Text '' is set on object 'Object Repository/VLink/Page_CCSale/txt_Track1Data'

2023-02-17 21:08:06 - [MESSAGE][PASSED] - Text '' is set on object 'Object Repository/VLink/Page_CCSale/txt_Track2Data'

2023-02-17 21:08:06 - [MESSAGE][PASSED] - Text 'manual' is set on object 'Object Repository/VLink/Page_CCSale/txt_POSEntryMode'

2023-02-17 21:08:07 - [MESSAGE][PASSED] - Text 'iahmed@govolution.com' is set on object 'Object Repository/VLink/Page_CCSale/txt_Email'

2023-02-17 21:08:08 - [MESSAGE][PASSED] - Text '2569362' is set on object 'Object Repository/VLink/Page_CCSale/txt_OrderNumber'

2023-02-17 21:08:08 - [MESSAGE][PASSED] - Text '1.15' is set on object 'Object Repository/VLink/Page_CCSale/txt_TaxAmount'

2023-02-17 21:08:09 - [MESSAGE][PASSED] - Text 'Charge Description' is set on object 'Object Repository/VLink/Page_CCSale/txt_ChargeDescription'

2023-02-17 21:08:10 - [MESSAGE][PASSED] - Text '147357' is set on object 'Object Repository/VLink/Page_CCSale/txt_CAN'

2023-02-17 21:08:11 - [MESSAGE][PASSED] - Text '1' is set on object 'Object Repository/VLink/Page_CCSale/txt_BillPaymentIndicator'

2023-02-17 21:08:11 - [MESSAGE][PASSED] - Text 'UDF Data 1' is set on object 'Object Repository/VLink/Page_CCSale/txt_UDF1'

2023-02-17 21:08:12 - [MESSAGE][PASSED] - Text 'UDF Data 2' is set on object 'Object Repository/VLink/Page_CCSale/txt_UDF2'

2023-02-17 21:08:13 - [MESSAGE][PASSED] - Text 'UDF Data 3' is set on object 'Object Repository/VLink/Page_CCSale/txt_UDF3'

2023-02-17 21:08:13 - [MESSAGE][PASSED] - Text 'UDF Data 4' is set on object 'Object Repository/VLink/Page_CCSale/txt_UDF4'

2023-02-17 21:08:14 - [MESSAGE][PASSED] - Text 'UDF Data 5' is set on object 'Object Repository/VLink/Page_CCSale/txt_UDF5'

2023-02-17 21:08:15 - [MESSAGE][PASSED] - Text 'UDF Data 6' is set on object 'Object Repository/VLink/Page_CCSale/txt_UDF6'

2023-02-17 21:08:15 - [MESSAGE][PASSED] - Text 'UDF Data 7' is set on object 'Object Repository/VLink/Page_CCSale/txt_UDF7'

2023-02-17 21:08:16 - [MESSAGE][PASSED] - Text 'UDF Data 8' is set on object 'Object Repository/VLink/Page_CCSale/txt_UDF8'

2023-02-17 21:08:17 - [MESSAGE][PASSED] - Text 'UDF Data 9' is set on object 'Object Repository/VLink/Page_CCSale/txt_UDF9'

2023-02-17 21:08:18 - [MESSAGE][PASSED] - Text 'UDF Data 10' is set on object 'Object Repository/VLink/Page_CCSale/txt_UDF10'

2023-02-17 21:08:22 - [MESSAGE][PASSED] - Object: 'Object Repository/VLink/Page_CCSale/btn_ProcessVLinkTransaction' is clicked on

2023-02-17 21:08:27 - [MESSAGE][PASSED] - vlinkPages.saleCCPage.setDataSCC is PASSED

2023-02-17 21:08:27 - [TEST_STEP][PASSED] - if (verifyTextPresent("Transaction approved, no errors", true)): null

2023-02-17 21:08:27 - [MESSAGE][PASSED] - Text 'Transaction approved, no errors' is present on page  using regular expression

2023-02-17 21:08:27 - [TEST_STEP][PASSED] - println("Transaction Approved, no errors text is present on the Confirmation page"): null

2023-02-17 21:08:27 - [TEST_STEP][PASSED] - out.println("Pass Record Number: " + row): null

2023-02-17 21:08:27 - [TEST_STEP][PASSED] - resText = "Pass": null

2023-02-17 21:08:27 - [TEST_STEP][PASSED] - pages.WriteExcel.demoKey(resText, datText, resColumn, datCloumn, fileLoc, nameSheet, row): pages.WriteExcel.demoKey is PASSED

2023-02-17 21:08:27 - [MESSAGE][PASSED] - pages.WriteExcel.demoKey is PASSED

2023-02-17 21:08:27 - [TEST_STEP][PASSED] - sdfo = getText(findTestObject("Object Repository/Page_VLinkReceipt/pre_STX")): Text of object 'Object Repository/Page_VLinkReceipt/pre_STX' is: '<STX>thHRzrMJWFUO                  12127292            0  Transaction approved, no errors                   0                                                                                  Y OK4620   <ETX>'

2023-02-17 21:08:27 - [MESSAGE][PASSED] - Text of object 'Object Repository/Page_VLinkReceipt/pre_STX' is: '<STX>thHRzrMJWFUO                  12127292            0  Transaction approved, no errors                   0                                                                                  Y OK4620   <ETX>'

2023-02-17 21:08:27 - [TEST_STEP][PASSED] - out.println("sdfo: " + sdfo): null

2023-02-17 21:08:27 - [TEST_STEP][PASSED] - remID = substring(5, 35).trim(): null

2023-02-17 21:08:27 - [TEST_STEP][PASSED] - out.println("Remittance ID: " + remID): null

2023-02-17 21:08:27 - [TEST_STEP][PASSED] - traxID = substring(35, 55).trim(): null

2023-02-17 21:08:27 - [TEST_STEP][PASSED] - out.println("Transaction ID: " + traxID): null

2023-02-17 21:08:27 - [TEST_STEP][PASSED] - out.println("End Record Number: " + row): null

2023-02-17 21:08:27 - [TEST_STEP][PASSED] - closeBrowser(): Browser is closed

2023-02-17 21:08:28 - [MESSAGE][PASSED] - Browser is closed

2023-02-17 21:08:28 - [TEST_STEP][PASSED] - ExecuteTC = findTestData(dataFile).getValue("Execute", row): null

2023-02-17 21:08:28 - [TEST_STEP][PASSED] - out.println("Value of Execute is : " + ExecuteTC): null

2023-02-17 21:08:28 - [TEST_STEP][PASSED] - if (ExecuteTC.equalsIgnoreCase("Y")): Browser is closed

2023-02-17 21:08:28 - [TEST_STEP][PASSED] - out.println("Begin Record Number: " + row): null

2023-02-17 21:08:28 - [TEST_STEP][PASSED] - today = new java.util.Date(): null

2023-02-17 21:08:28 - [TEST_STEP][PASSED] - println(today): null

2023-02-17 21:08:28 - [TEST_STEP][PASSED] - datText = today: null

2023-02-17 21:08:28 - [TEST_STEP][PASSED] - openBrowser(VLinkURL + "authcap.html"): Browser is opened with url: 'https://dev-algorithm.govolution.com/vlinktest/QA/version_2_0/authcap.html'

2023-02-17 21:08:28 - [MESSAGE][INFO] - Starting 'Chrome' driver

2023-02-17 21:08:28 - [MESSAGE][INFO] - User set preference: ['acceptInsecureCerts', 'true']

2023-02-17 21:08:28 - [MESSAGE][INFO] - Action delay is set to 0 milliseconds

2023-02-17 21:08:30 - [MESSAGE][PASSED] - Browser is opened with url: 'https://dev-algorithm.govolution.com/vlinktest/QA/version_2_0/authcap.html'

2023-02-17 21:08:30 - [TEST_STEP][PASSED] - maximizeWindow(): Current window maximized

2023-02-17 21:08:30 - [MESSAGE][PASSED] - Current window maximized

2023-02-17 21:08:30 - [TEST_STEP][PASSED] - vlinkPages.saleCCPage.setDataSCC(row, dataFile): vlinkPages.saleCCPage.setDataSCC is PASSED

2023-02-17 21:08:33 - [MESSAGE][PASSED] - Object 'Object Repository/VLink/Page_CCSale/txt_CardNumber' is present

2023-02-17 21:08:34 - [MESSAGE][PASSED] - Text '104' is set on object 'Object Repository/VLink/Page_CCSale/txt_TransactionType'

2023-02-17 21:08:34 - [MESSAGE][PASSED] - Text '2.0C' is set on object 'Object Repository/VLink/Page_CCSale/txt_MessageVersion'

2023-02-17 21:08:35 - [MESSAGE][PASSED] - Text 'MELufeVuj20G' is set on object 'Object Repository/VLink/Page_CCSale/txt_RemID'

2023-02-17 21:08:36 - [MESSAGE][PASSED] - Text '671' is set on object 'Object Repository/VLink/Page_CCSale/txt_ApplicationId'

2023-02-17 21:08:36 - [MESSAGE][PASSED] - Text 'username' is set on object 'Object Repository/VLink/Page_CCSale/txt_Username'

2023-02-17 21:08:37 - [MESSAGE][PASSED] - Text 'password' is set on object 'Object Repository/VLink/Page_CCSale/txt_Password'

2023-02-17 21:08:38 - [MESSAGE][PASSED] - Text 'fixed_width' is set on object 'Object Repository/VLink/Page_CCSale/txt_ResponseFormat'

2023-02-17 21:08:38 - [MESSAGE][PASSED] - Text 'RETL' is set on object 'Object Repository/VLink/Page_CCSale/txt_Category'

2023-02-17 21:08:39 - [MESSAGE][PASSED] - Text '' is set on object 'Object Repository/VLink/Page_CCSale/txt_TransactionID'

2023-02-17 21:08:40 - [MESSAGE][PASSED] - Text '' is set on object 'Object Repository/VLink/Page_CCSale/txt_ApprovalCode'

2023-02-17 21:08:40 - [MESSAGE][PASSED] - Text 'Arvind Silva' is set on object 'Object Repository/VLink/Page_CCSale/txt_CardName'

2023-02-17 21:08:41 - [MESSAGE][PASSED] - Text '111 Main Ave' is set on object 'Object Repository/VLink/Page_CCSale/txt_AL1'

2023-02-17 21:08:42 - [MESSAGE][PASSED] - Text '' is set on object 'Object Repository/VLink/Page_CCSale/txt_AL2'

2023-02-17 21:08:42 - [MESSAGE][PASSED] - Text 'Arlington' is set on object 'Object Repository/VLink/Page_CCSale/txt_CardCity'

2023-02-17 21:08:43 - [MESSAGE][PASSED] - Text 'VA' is set on object 'Object Repository/VLink/Page_CCSale/txt_CardState'

2023-02-17 21:08:44 - [MESSAGE][PASSED] - Text '22201' is set on object 'Object Repository/VLink/Page_CCSale/txt_CardZIP'

2023-02-17 21:08:44 - [MESSAGE][PASSED] - Text '' is set on object 'Object Repository/VLink/Page_CCSale/txt_CountryID'

2023-02-17 21:08:45 - [MESSAGE][PASSED] - Text '2.50' is set on object 'Object Repository/VLink/Page_CCSale/txt_Amount'

2023-02-17 21:08:46 - [MESSAGE][PASSED] - Text '370000000000002' is set on object 'Object Repository/VLink/Page_CCSale/txt_CardNumber'

2023-02-17 21:08:46 - [MESSAGE][PASSED] - Text '01' is set on object 'Object Repository/VLink/Page_CCSale/txt_ExpMonth'

2023-02-17 21:08:47 - [MESSAGE][PASSED] - Text '2026' is set on object 'Object Repository/VLink/Page_CCSale/txt_ExpYear'

2023-02-17 21:08:48 - [MESSAGE][PASSED] - Text '' is set on object 'Object Repository/VLink/Page_CCSale/txt_CVV'

2023-02-17 21:08:48 - [MESSAGE][PASSED] - Text '' is set on object 'Object Repository/VLink/Page_CCSale/txt_CVVstate'

2023-02-17 21:08:49 - [MESSAGE][PASSED] - Text '' is set on object 'Object Repository/VLink/Page_CCSale/txt_TrackData'

2023-02-17 21:08:50 - [MESSAGE][PASSED] - Text '' is set on object 'Object Repository/VLink/Page_CCSale/txt_Track1Data'

2023-02-17 21:08:51 - [MESSAGE][PASSED] - Text '' is set on object 'Object Repository/VLink/Page_CCSale/txt_Track2Data'

2023-02-17 21:08:51 - [MESSAGE][PASSED] - Text 'manual' is set on object 'Object Repository/VLink/Page_CCSale/txt_POSEntryMode'

2023-02-17 21:08:52 - [MESSAGE][PASSED] - Text '' is set on object 'Object Repository/VLink/Page_CCSale/txt_Email'

2023-02-17 21:08:53 - [MESSAGE][PASSED] - Text '' is set on object 'Object Repository/VLink/Page_CCSale/txt_OrderNumber'

2023-02-17 21:08:53 - [MESSAGE][PASSED] - Text '' is set on object 'Object Repository/VLink/Page_CCSale/txt_TaxAmount'

2023-02-17 21:08:54 - [MESSAGE][PASSED] - Text '' is set on object 'Object Repository/VLink/Page_CCSale/txt_ChargeDescription'

2023-02-17 21:08:55 - [MESSAGE][PASSED] - Text '' is set on object 'Object Repository/VLink/Page_CCSale/txt_CAN'

2023-02-17 21:08:55 - [MESSAGE][PASSED] - Text '' is set on object 'Object Repository/VLink/Page_CCSale/txt_BillPaymentIndicator'

2023-02-17 21:08:56 - [MESSAGE][PASSED] - Text '' is set on object 'Object Repository/VLink/Page_CCSale/txt_UDF1'

2023-02-17 21:08:57 - [MESSAGE][PASSED] - Text '' is set on object 'Object Repository/VLink/Page_CCSale/txt_UDF2'

2023-02-17 21:08:57 - [MESSAGE][PASSED] - Text '' is set on object 'Object Repository/VLink/Page_CCSale/txt_UDF3'

2023-02-17 21:08:58 - [MESSAGE][PASSED] - Text '' is set on object 'Object Repository/VLink/Page_CCSale/txt_UDF4'

2023-02-17 21:08:59 - [MESSAGE][PASSED] - Text '' is set on object 'Object Repository/VLink/Page_CCSale/txt_UDF5'

2023-02-17 21:08:59 - [MESSAGE][PASSED] - Text '' is set on object 'Object Repository/VLink/Page_CCSale/txt_UDF6'

2023-02-17 21:09:00 - [MESSAGE][PASSED] - Text '' is set on object 'Object Repository/VLink/Page_CCSale/txt_UDF7'

2023-02-17 21:09:01 - [MESSAGE][PASSED] - Text '' is set on object 'Object Repository/VLink/Page_CCSale/txt_UDF8'

2023-02-17 21:09:01 - [MESSAGE][PASSED] - Text '' is set on object 'Object Repository/VLink/Page_CCSale/txt_UDF9'

2023-02-17 21:09:02 - [MESSAGE][PASSED] - Text '' is set on object 'Object Repository/VLink/Page_CCSale/txt_UDF10'

2023-02-17 21:09:06 - [MESSAGE][PASSED] - Object: 'Object Repository/VLink/Page_CCSale/btn_ProcessVLinkTransaction' is clicked on

2023-02-17 21:09:11 - [MESSAGE][PASSED] - vlinkPages.saleCCPage.setDataSCC is PASSED

2023-02-17 21:09:11 - [TEST_STEP][PASSED] - if (verifyTextPresent("Transaction approved, no errors", true)): null

2023-02-17 21:09:11 - [MESSAGE][PASSED] - Text 'Transaction approved, no errors' is present on page  using regular expression

2023-02-17 21:09:11 - [TEST_STEP][PASSED] - println("Transaction Approved, no errors text is present on the Confirmation page"): null

2023-02-17 21:09:11 - [TEST_STEP][PASSED] - out.println("Pass Record Number: " + row): null

2023-02-17 21:09:11 - [TEST_STEP][PASSED] - resText = "Pass": null

2023-02-17 21:09:11 - [TEST_STEP][PASSED] - pages.WriteExcel.demoKey(resText, datText, resColumn, datCloumn, fileLoc, nameSheet, row): pages.WriteExcel.demoKey is PASSED

2023-02-17 21:09:11 - [MESSAGE][PASSED] - pages.WriteExcel.demoKey is PASSED

2023-02-17 21:09:11 - [TEST_STEP][PASSED] - sdfo = getText(findTestObject("Object Repository/Page_VLinkReceipt/pre_STX")): Text of object 'Object Repository/Page_VLinkReceipt/pre_STX' is: '<STX>MELufeVuj20G                  12127293            0  Transaction approved, no errors                   0                                                                                  Y OK4830   <ETX>'

2023-02-17 21:09:12 - [MESSAGE][PASSED] - Text of object 'Object Repository/Page_VLinkReceipt/pre_STX' is: '<STX>MELufeVuj20G                  12127293            0  Transaction approved, no errors                   0                                                                                  Y OK4830   <ETX>'

2023-02-17 21:09:12 - [TEST_STEP][PASSED] - out.println("sdfo: " + sdfo): null

2023-02-17 21:09:12 - [TEST_STEP][PASSED] - remID = substring(5, 35).trim(): null

2023-02-17 21:09:12 - [TEST_STEP][PASSED] - out.println("Remittance ID: " + remID): null

2023-02-17 21:09:12 - [TEST_STEP][PASSED] - traxID = substring(35, 55).trim(): null

2023-02-17 21:09:12 - [TEST_STEP][PASSED] - out.println("Transaction ID: " + traxID): null

2023-02-17 21:09:12 - [TEST_STEP][PASSED] - out.println("End Record Number: " + row): null

2023-02-17 21:09:12 - [TEST_STEP][PASSED] - closeBrowser(): Browser is closed

2023-02-17 21:09:12 - [MESSAGE][PASSED] - Browser is closed

2023-02-17 21:09:12 - [TEST_STEP][PASSED] - ExecuteTC = findTestData(dataFile).getValue("Execute", row): null

2023-02-17 21:09:12 - [TEST_STEP][PASSED] - out.println("Value of Execute is : " + ExecuteTC): null

2023-02-17 21:09:12 - [TEST_STEP][PASSED] - if (ExecuteTC.equalsIgnoreCase("Y")): Browser is closed

2023-02-17 21:09:12 - [TEST_STEP][PASSED] - out.println("Begin Record Number: " + row): null

2023-02-17 21:09:12 - [TEST_STEP][PASSED] - today = new java.util.Date(): null

2023-02-17 21:09:12 - [TEST_STEP][PASSED] - println(today): null

2023-02-17 21:09:12 - [TEST_STEP][PASSED] - datText = today: null

2023-02-17 21:09:12 - [TEST_STEP][PASSED] - openBrowser(VLinkURL + "authcap.html"): Browser is opened with url: 'https://dev-algorithm.govolution.com/vlinktest/QA/version_2_0/authcap.html'

2023-02-17 21:09:13 - [MESSAGE][INFO] - Starting 'Chrome' driver

2023-02-17 21:09:13 - [MESSAGE][INFO] - User set preference: ['acceptInsecureCerts', 'true']

2023-02-17 21:09:13 - [MESSAGE][INFO] - Action delay is set to 0 milliseconds

2023-02-17 21:09:14 - [MESSAGE][PASSED] - Browser is opened with url: 'https://dev-algorithm.govolution.com/vlinktest/QA/version_2_0/authcap.html'

2023-02-17 21:09:14 - [TEST_STEP][PASSED] - maximizeWindow(): Current window maximized

2023-02-17 21:09:15 - [MESSAGE][PASSED] - Current window maximized

2023-02-17 21:09:15 - [TEST_STEP][PASSED] - vlinkPages.saleCCPage.setDataSCC(row, dataFile): vlinkPages.saleCCPage.setDataSCC is PASSED

2023-02-17 21:09:17 - [MESSAGE][PASSED] - Object 'Object Repository/VLink/Page_CCSale/txt_CardNumber' is present

2023-02-17 21:09:18 - [MESSAGE][PASSED] - Text '104' is set on object 'Object Repository/VLink/Page_CCSale/txt_TransactionType'

2023-02-17 21:09:19 - [MESSAGE][PASSED] - Text '2.0C' is set on object 'Object Repository/VLink/Page_CCSale/txt_MessageVersion'

2023-02-17 21:09:19 - [MESSAGE][PASSED] - Text 'vpFDKJSJbevd' is set on object 'Object Repository/VLink/Page_CCSale/txt_RemID'

2023-02-17 21:09:20 - [MESSAGE][PASSED] - Text '671' is set on object 'Object Repository/VLink/Page_CCSale/txt_ApplicationId'

2023-02-17 21:09:21 - [MESSAGE][PASSED] - Text 'username' is set on object 'Object Repository/VLink/Page_CCSale/txt_Username'

2023-02-17 21:09:21 - [MESSAGE][PASSED] - Text 'password' is set on object 'Object Repository/VLink/Page_CCSale/txt_Password'

2023-02-17 21:09:22 - [MESSAGE][PASSED] - Text 'fixed_width' is set on object 'Object Repository/VLink/Page_CCSale/txt_ResponseFormat'

2023-02-17 21:09:22 - [MESSAGE][PASSED] - Text 'RETL' is set on object 'Object Repository/VLink/Page_CCSale/txt_Category'

2023-02-17 21:09:23 - [MESSAGE][PASSED] - Text '' is set on object 'Object Repository/VLink/Page_CCSale/txt_TransactionID'

2023-02-17 21:09:24 - [MESSAGE][PASSED] - Text '' is set on object 'Object Repository/VLink/Page_CCSale/txt_ApprovalCode'

2023-02-17 21:09:24 - [MESSAGE][PASSED] - Text 'Roshan Maha' is set on object 'Object Repository/VLink/Page_CCSale/txt_CardName'

2023-02-17 21:09:25 - [MESSAGE][PASSED] - Text '12563 Bazaar road' is set on object 'Object Repository/VLink/Page_CCSale/txt_AL1'

2023-02-17 21:09:26 - [MESSAGE][PASSED] - Text '' is set on object 'Object Repository/VLink/Page_CCSale/txt_AL2'

2023-02-17 21:09:26 - [MESSAGE][PASSED] - Text 'Crofton' is set on object 'Object Repository/VLink/Page_CCSale/txt_CardCity'

2023-02-17 21:09:27 - [MESSAGE][PASSED] - Text 'MD' is set on object 'Object Repository/VLink/Page_CCSale/txt_CardState'

2023-02-17 21:09:28 - [MESSAGE][PASSED] - Text '21114' is set on object 'Object Repository/VLink/Page_CCSale/txt_CardZIP'

2023-02-17 21:09:29 - [MESSAGE][PASSED] - Text '' is set on object 'Object Repository/VLink/Page_CCSale/txt_CountryID'

2023-02-17 21:09:29 - [MESSAGE][PASSED] - Text '3.50' is set on object 'Object Repository/VLink/Page_CCSale/txt_Amount'

2023-02-17 21:09:30 - [MESSAGE][PASSED] - Text '6011000000000004' is set on object 'Object Repository/VLink/Page_CCSale/txt_CardNumber'

2023-02-17 21:09:31 - [MESSAGE][PASSED] - Text '01' is set on object 'Object Repository/VLink/Page_CCSale/txt_ExpMonth'

2023-02-17 21:09:31 - [MESSAGE][PASSED] - Text '2026' is set on object 'Object Repository/VLink/Page_CCSale/txt_ExpYear'

2023-02-17 21:09:32 - [MESSAGE][PASSED] - Text '' is set on object 'Object Repository/VLink/Page_CCSale/txt_CVV'

2023-02-17 21:09:33 - [MESSAGE][PASSED] - Text '' is set on object 'Object Repository/VLink/Page_CCSale/txt_CVVstate'

2023-02-17 21:09:33 - [MESSAGE][PASSED] - Text '' is set on object 'Object Repository/VLink/Page_CCSale/txt_TrackData'

2023-02-17 21:09:34 - [MESSAGE][PASSED] - Text '' is set on object 'Object Repository/VLink/Page_CCSale/txt_Track1Data'

2023-02-17 21:09:35 - [MESSAGE][PASSED] - Text '' is set on object 'Object Repository/VLink/Page_CCSale/txt_Track2Data'

2023-02-17 21:09:35 - [MESSAGE][PASSED] - Text 'manual' is set on object 'Object Repository/VLink/Page_CCSale/txt_POSEntryMode'

2023-02-17 21:09:36 - [MESSAGE][PASSED] - Text '' is set on object 'Object Repository/VLink/Page_CCSale/txt_Email'

2023-02-17 21:09:37 - [MESSAGE][PASSED] - Text '' is set on object 'Object Repository/VLink/Page_CCSale/txt_OrderNumber'

2023-02-17 21:09:37 - [MESSAGE][PASSED] - Text '' is set on object 'Object Repository/VLink/Page_CCSale/txt_TaxAmount'

2023-02-17 21:09:38 - [MESSAGE][PASSED] - Text '' is set on object 'Object Repository/VLink/Page_CCSale/txt_ChargeDescription'

2023-02-17 21:09:39 - [MESSAGE][PASSED] - Text '' is set on object 'Object Repository/VLink/Page_CCSale/txt_CAN'

2023-02-17 21:09:39 - [MESSAGE][PASSED] - Text '' is set on object 'Object Repository/VLink/Page_CCSale/txt_BillPaymentIndicator'

2023-02-17 21:09:40 - [MESSAGE][PASSED] - Text '' is set on object 'Object Repository/VLink/Page_CCSale/txt_UDF1'

2023-02-17 21:09:41 - [MESSAGE][PASSED] - Text '' is set on object 'Object Repository/VLink/Page_CCSale/txt_UDF2'

2023-02-17 21:09:41 - [MESSAGE][PASSED] - Text '' is set on object 'Object Repository/VLink/Page_CCSale/txt_UDF3'

2023-02-17 21:09:42 - [MESSAGE][PASSED] - Text '' is set on object 'Object Repository/VLink/Page_CCSale/txt_UDF4'

2023-02-17 21:09:43 - [MESSAGE][PASSED] - Text '' is set on object 'Object Repository/VLink/Page_CCSale/txt_UDF5'

2023-02-17 21:09:43 - [MESSAGE][PASSED] - Text '' is set on object 'Object Repository/VLink/Page_CCSale/txt_UDF6'

2023-02-17 21:09:44 - [MESSAGE][PASSED] - Text '' is set on object 'Object Repository/VLink/Page_CCSale/txt_UDF7'

2023-02-17 21:09:45 - [MESSAGE][PASSED] - Text '' is set on object 'Object Repository/VLink/Page_CCSale/txt_UDF8'

2023-02-17 21:09:45 - [MESSAGE][PASSED] - Text '' is set on object 'Object Repository/VLink/Page_CCSale/txt_UDF9'

2023-02-17 21:09:46 - [MESSAGE][PASSED] - Text '' is set on object 'Object Repository/VLink/Page_CCSale/txt_UDF10'

2023-02-17 21:09:50 - [MESSAGE][PASSED] - Object: 'Object Repository/VLink/Page_CCSale/btn_ProcessVLinkTransaction' is clicked on

2023-02-17 21:09:55 - [MESSAGE][PASSED] - vlinkPages.saleCCPage.setDataSCC is PASSED

2023-02-17 21:09:55 - [TEST_STEP][PASSED] - if (verifyTextPresent("Transaction approved, no errors", true)): null

2023-02-17 21:09:56 - [MESSAGE][PASSED] - Text 'Transaction approved, no errors' is present on page  using regular expression

2023-02-17 21:09:56 - [TEST_STEP][PASSED] - println("Transaction Approved, no errors text is present on the Confirmation page"): null

2023-02-17 21:09:56 - [TEST_STEP][PASSED] - out.println("Pass Record Number: " + row): null

2023-02-17 21:09:56 - [TEST_STEP][PASSED] - resText = "Pass": null

2023-02-17 21:09:56 - [TEST_STEP][PASSED] - pages.WriteExcel.demoKey(resText, datText, resColumn, datCloumn, fileLoc, nameSheet, row): pages.WriteExcel.demoKey is PASSED

2023-02-17 21:09:56 - [MESSAGE][PASSED] - pages.WriteExcel.demoKey is PASSED

2023-02-17 21:09:56 - [TEST_STEP][PASSED] - sdfo = getText(findTestObject("Object Repository/Page_VLinkReceipt/pre_STX")): Text of object 'Object Repository/Page_VLinkReceipt/pre_STX' is: '<STX>vpFDKJSJbevd                  12127294            0  Transaction approved, no errors                   0                                                                                  Y OK5050   <ETX>'

2023-02-17 21:09:56 - [MESSAGE][PASSED] - Text of object 'Object Repository/Page_VLinkReceipt/pre_STX' is: '<STX>vpFDKJSJbevd                  12127294            0  Transaction approved, no errors                   0                                                                                  Y OK5050   <ETX>'

2023-02-17 21:09:56 - [TEST_STEP][PASSED] - out.println("sdfo: " + sdfo): null

2023-02-17 21:09:56 - [TEST_STEP][PASSED] - remID = substring(5, 35).trim(): null

2023-02-17 21:09:56 - [TEST_STEP][PASSED] - out.println("Remittance ID: " + remID): null

2023-02-17 21:09:56 - [TEST_STEP][PASSED] - traxID = substring(35, 55).trim(): null

2023-02-17 21:09:56 - [TEST_STEP][PASSED] - out.println("Transaction ID: " + traxID): null

2023-02-17 21:09:56 - [TEST_STEP][PASSED] - out.println("End Record Number: " + row): null

2023-02-17 21:09:56 - [TEST_STEP][PASSED] - closeBrowser(): Browser is closed

2023-02-17 21:09:57 - [MESSAGE][PASSED] - Browser is closed

2023-02-17 21:09:57 - [TEST_STEP][PASSED] - ExecuteTC = findTestData(dataFile).getValue("Execute", row): null

2023-02-17 21:09:57 - [TEST_STEP][PASSED] - out.println("Value of Execute is : " + ExecuteTC): null

2023-02-17 21:09:57 - [TEST_STEP][PASSED] - if (ExecuteTC.equalsIgnoreCase("Y")): Browser is closed

2023-02-17 21:09:57 - [TEST_STEP][PASSED] - out.println("Begin Record Number: " + row): null

2023-02-17 21:09:57 - [TEST_STEP][PASSED] - today = new java.util.Date(): null

2023-02-17 21:09:57 - [TEST_STEP][PASSED] - println(today): null

2023-02-17 21:09:57 - [TEST_STEP][PASSED] - datText = today: null

2023-02-17 21:09:57 - [TEST_STEP][PASSED] - openBrowser(VLinkURL + "authcap.html"): Browser is opened with url: 'https://dev-algorithm.govolution.com/vlinktest/QA/version_2_0/authcap.html'

2023-02-17 21:09:57 - [MESSAGE][INFO] - Starting 'Chrome' driver

2023-02-17 21:09:57 - [MESSAGE][INFO] - User set preference: ['acceptInsecureCerts', 'true']

2023-02-17 21:09:57 - [MESSAGE][INFO] - Action delay is set to 0 milliseconds

2023-02-17 21:09:59 - [MESSAGE][PASSED] - Browser is opened with url: 'https://dev-algorithm.govolution.com/vlinktest/QA/version_2_0/authcap.html'

2023-02-17 21:09:59 - [TEST_STEP][PASSED] - maximizeWindow(): Current window maximized

2023-02-17 21:09:59 - [MESSAGE][PASSED] - Current window maximized

2023-02-17 21:09:59 - [TEST_STEP][PASSED] - vlinkPages.saleCCPage.setDataSCC(row, dataFile): vlinkPages.saleCCPage.setDataSCC is PASSED

2023-02-17 21:10:02 - [MESSAGE][PASSED] - Object 'Object Repository/VLink/Page_CCSale/txt_CardNumber' is present

2023-02-17 21:10:02 - [MESSAGE][PASSED] - Text '104' is set on object 'Object Repository/VLink/Page_CCSale/txt_TransactionType'

2023-02-17 21:10:03 - [MESSAGE][PASSED] - Text '2.0C' is set on object 'Object Repository/VLink/Page_CCSale/txt_MessageVersion'

2023-02-17 21:10:04 - [MESSAGE][PASSED] - Text '76k880JZJSNQ' is set on object 'Object Repository/VLink/Page_CCSale/txt_RemID'

2023-02-17 21:10:04 - [MESSAGE][PASSED] - Text '665' is set on object 'Object Repository/VLink/Page_CCSale/txt_ApplicationId'

2023-02-17 21:10:05 - [MESSAGE][PASSED] - Text 'username' is set on object 'Object Repository/VLink/Page_CCSale/txt_Username'

2023-02-17 21:10:06 - [MESSAGE][PASSED] - Text 'password' is set on object 'Object Repository/VLink/Page_CCSale/txt_Password'

2023-02-17 21:10:06 - [MESSAGE][PASSED] - Text 'fixed_width' is set on object 'Object Repository/VLink/Page_CCSale/txt_ResponseFormat'

2023-02-17 21:10:07 - [MESSAGE][PASSED] - Text 'ECOM' is set on object 'Object Repository/VLink/Page_CCSale/txt_Category'

2023-02-17 21:10:07 - [MESSAGE][PASSED] - Text '' is set on object 'Object Repository/VLink/Page_CCSale/txt_TransactionID'

2023-02-17 21:10:08 - [MESSAGE][PASSED] - Text '' is set on object 'Object Repository/VLink/Page_CCSale/txt_ApprovalCode'

2023-02-17 21:10:09 - [MESSAGE][PASSED] - Text 'Roshan Maha' is set on object 'Object Repository/VLink/Page_CCSale/txt_CardName'

2023-02-17 21:10:09 - [MESSAGE][PASSED] - Text '12563 Bazaar road' is set on object 'Object Repository/VLink/Page_CCSale/txt_AL1'

2023-02-17 21:10:10 - [MESSAGE][PASSED] - Text '' is set on object 'Object Repository/VLink/Page_CCSale/txt_AL2'

2023-02-17 21:10:11 - [MESSAGE][PASSED] - Text 'Crofton' is set on object 'Object Repository/VLink/Page_CCSale/txt_CardCity'

2023-02-17 21:10:11 - [MESSAGE][PASSED] - Text 'MD' is set on object 'Object Repository/VLink/Page_CCSale/txt_CardState'

2023-02-17 21:10:12 - [MESSAGE][PASSED] - Text '21114' is set on object 'Object Repository/VLink/Page_CCSale/txt_CardZIP'

2023-02-17 21:10:13 - [MESSAGE][PASSED] - Text '' is set on object 'Object Repository/VLink/Page_CCSale/txt_CountryID'

2023-02-17 21:10:14 - [MESSAGE][PASSED] - Text '3.50' is set on object 'Object Repository/VLink/Page_CCSale/txt_Amount'

2023-02-17 21:10:14 - [MESSAGE][PASSED] - Text '4111111111111111' is set on object 'Object Repository/VLink/Page_CCSale/txt_CardNumber'

2023-02-17 21:10:15 - [MESSAGE][PASSED] - Text '01' is set on object 'Object Repository/VLink/Page_CCSale/txt_ExpMonth'

2023-02-17 21:10:16 - [MESSAGE][PASSED] - Text '2026' is set on object 'Object Repository/VLink/Page_CCSale/txt_ExpYear'

2023-02-17 21:10:16 - [MESSAGE][PASSED] - Text '' is set on object 'Object Repository/VLink/Page_CCSale/txt_CVV'

2023-02-17 21:10:17 - [MESSAGE][PASSED] - Text '' is set on object 'Object Repository/VLink/Page_CCSale/txt_CVVstate'

2023-02-17 21:10:18 - [MESSAGE][PASSED] - Text '' is set on object 'Object Repository/VLink/Page_CCSale/txt_TrackData'

2023-02-17 21:10:18 - [MESSAGE][PASSED] - Text '' is set on object 'Object Repository/VLink/Page_CCSale/txt_Track1Data'

2023-02-17 21:10:19 - [MESSAGE][PASSED] - Text '' is set on object 'Object Repository/VLink/Page_CCSale/txt_Track2Data'

2023-02-17 21:10:20 - [MESSAGE][PASSED] - Text 'manual' is set on object 'Object Repository/VLink/Page_CCSale/txt_POSEntryMode'

2023-02-17 21:10:20 - [MESSAGE][PASSED] - Text '' is set on object 'Object Repository/VLink/Page_CCSale/txt_Email'

2023-02-17 21:10:21 - [MESSAGE][PASSED] - Text '' is set on object 'Object Repository/VLink/Page_CCSale/txt_OrderNumber'

2023-02-17 21:10:22 - [MESSAGE][PASSED] - Text '' is set on object 'Object Repository/VLink/Page_CCSale/txt_TaxAmount'

2023-02-17 21:10:22 - [MESSAGE][PASSED] - Text '' is set on object 'Object Repository/VLink/Page_CCSale/txt_ChargeDescription'

2023-02-17 21:10:23 - [MESSAGE][PASSED] - Text '' is set on object 'Object Repository/VLink/Page_CCSale/txt_CAN'

2023-02-17 21:10:24 - [MESSAGE][PASSED] - Text '' is set on object 'Object Repository/VLink/Page_CCSale/txt_BillPaymentIndicator'

2023-02-17 21:10:24 - [MESSAGE][PASSED] - Text '' is set on object 'Object Repository/VLink/Page_CCSale/txt_UDF1'

2023-02-17 21:10:25 - [MESSAGE][PASSED] - Text '' is set on object 'Object Repository/VLink/Page_CCSale/txt_UDF2'

2023-02-17 21:10:26 - [MESSAGE][PASSED] - Text '' is set on object 'Object Repository/VLink/Page_CCSale/txt_UDF3'

2023-02-17 21:10:26 - [MESSAGE][PASSED] - Text '' is set on object 'Object Repository/VLink/Page_CCSale/txt_UDF4'

2023-02-17 21:10:27 - [MESSAGE][PASSED] - Text '' is set on object 'Object Repository/VLink/Page_CCSale/txt_UDF5'

2023-02-17 21:10:28 - [MESSAGE][PASSED] - Text '' is set on object 'Object Repository/VLink/Page_CCSale/txt_UDF6'

2023-02-17 21:10:29 - [MESSAGE][PASSED] - Text '' is set on object 'Object Repository/VLink/Page_CCSale/txt_UDF7'

2023-02-17 21:10:29 - [MESSAGE][PASSED] - Text '' is set on object 'Object Repository/VLink/Page_CCSale/txt_UDF8'

2023-02-17 21:10:30 - [MESSAGE][PASSED] - Text '' is set on object 'Object Repository/VLink/Page_CCSale/txt_UDF9'

2023-02-17 21:10:31 - [MESSAGE][PASSED] - Text '' is set on object 'Object Repository/VLink/Page_CCSale/txt_UDF10'

2023-02-17 21:10:33 - [MESSAGE][PASSED] - Object: 'Object Repository/VLink/Page_CCSale/btn_ProcessVLinkTransaction' is clicked on

2023-02-17 21:10:38 - [MESSAGE][PASSED] - vlinkPages.saleCCPage.setDataSCC is PASSED

2023-02-17 21:10:38 - [TEST_STEP][PASSED] - if (verifyTextPresent("Transaction approved, no errors", true)): null

2023-02-17 21:10:38 - [MESSAGE][PASSED] - Text 'Transaction approved, no errors' is present on page  using regular expression

2023-02-17 21:10:38 - [TEST_STEP][PASSED] - println("Transaction Approved, no errors text is present on the Confirmation page"): null

2023-02-17 21:10:38 - [TEST_STEP][PASSED] - out.println("Pass Record Number: " + row): null

2023-02-17 21:10:38 - [TEST_STEP][PASSED] - resText = "Pass": null

2023-02-17 21:10:38 - [TEST_STEP][PASSED] - pages.WriteExcel.demoKey(resText, datText, resColumn, datCloumn, fileLoc, nameSheet, row): pages.WriteExcel.demoKey is PASSED

2023-02-17 21:10:38 - [MESSAGE][PASSED] - pages.WriteExcel.demoKey is PASSED

2023-02-17 21:10:38 - [TEST_STEP][PASSED] - sdfo = getText(findTestObject("Object Repository/Page_VLinkReceipt/pre_STX")): Text of object 'Object Repository/Page_VLinkReceipt/pre_STX' is: '<STX>76k880JZJSNQ                  12127295            0  Transaction approved, no errors                   0                                                                                  XXOK1723   <ETX>'

2023-02-17 21:10:39 - [MESSAGE][PASSED] - Text of object 'Object Repository/Page_VLinkReceipt/pre_STX' is: '<STX>76k880JZJSNQ                  12127295            0  Transaction approved, no errors                   0                                                                                  XXOK1723   <ETX>'

2023-02-17 21:10:39 - [TEST_STEP][PASSED] - out.println("sdfo: " + sdfo): null

2023-02-17 21:10:39 - [TEST_STEP][PASSED] - remID = substring(5, 35).trim(): null

2023-02-17 21:10:39 - [TEST_STEP][PASSED] - out.println("Remittance ID: " + remID): null

2023-02-17 21:10:39 - [TEST_STEP][PASSED] - traxID = substring(35, 55).trim(): null

2023-02-17 21:10:39 - [TEST_STEP][PASSED] - out.println("Transaction ID: " + traxID): null

2023-02-17 21:10:39 - [TEST_STEP][PASSED] - out.println("End Record Number: " + row): null

2023-02-17 21:10:39 - [TEST_STEP][PASSED] - closeBrowser(): Browser is closed

2023-02-17 21:10:40 - [MESSAGE][PASSED] - Browser is closed

2023-02-17 21:10:40 - [TEST_STEP][PASSED] - ExecuteTC = findTestData(dataFile).getValue("Execute", row): null

2023-02-17 21:10:40 - [TEST_STEP][PASSED] - out.println("Value of Execute is : " + ExecuteTC): null

2023-02-17 21:10:40 - [TEST_STEP][PASSED] - if (ExecuteTC.equalsIgnoreCase("Y")): Browser is closed

2023-02-17 21:10:40 - [TEST_STEP][PASSED] - out.println("Begin Record Number: " + row): null

2023-02-17 21:10:40 - [TEST_STEP][PASSED] - today = new java.util.Date(): null

2023-02-17 21:10:40 - [TEST_STEP][PASSED] - println(today): null

2023-02-17 21:10:40 - [TEST_STEP][PASSED] - datText = today: null

2023-02-17 21:10:40 - [TEST_STEP][PASSED] - openBrowser(VLinkURL + "authcap.html"): Browser is opened with url: 'https://dev-algorithm.govolution.com/vlinktest/QA/version_2_0/authcap.html'

2023-02-17 21:10:40 - [MESSAGE][INFO] - Starting 'Chrome' driver

2023-02-17 21:10:40 - [MESSAGE][INFO] - User set preference: ['acceptInsecureCerts', 'true']

2023-02-17 21:10:40 - [MESSAGE][INFO] - Action delay is set to 0 milliseconds

2023-02-17 21:10:42 - [MESSAGE][PASSED] - Browser is opened with url: 'https://dev-algorithm.govolution.com/vlinktest/QA/version_2_0/authcap.html'

2023-02-17 21:10:42 - [TEST_STEP][PASSED] - maximizeWindow(): Current window maximized

2023-02-17 21:10:42 - [MESSAGE][PASSED] - Current window maximized

2023-02-17 21:10:42 - [TEST_STEP][PASSED] - vlinkPages.saleCCPage.setDataSCC(row, dataFile): vlinkPages.saleCCPage.setDataSCC is PASSED

2023-02-17 21:10:45 - [MESSAGE][PASSED] - Object 'Object Repository/VLink/Page_CCSale/txt_CardNumber' is present

2023-02-17 21:10:45 - [MESSAGE][PASSED] - Text '104' is set on object 'Object Repository/VLink/Page_CCSale/txt_TransactionType'

2023-02-17 21:10:46 - [MESSAGE][PASSED] - Text '2.0C' is set on object 'Object Repository/VLink/Page_CCSale/txt_MessageVersion'

2023-02-17 21:10:47 - [MESSAGE][PASSED] - Text 'MaQAzdjVNjQV' is set on object 'Object Repository/VLink/Page_CCSale/txt_RemID'

2023-02-17 21:10:47 - [MESSAGE][PASSED] - Text '665' is set on object 'Object Repository/VLink/Page_CCSale/txt_ApplicationId'

2023-02-17 21:10:48 - [MESSAGE][PASSED] - Text 'username' is set on object 'Object Repository/VLink/Page_CCSale/txt_Username'

2023-02-17 21:10:48 - [MESSAGE][PASSED] - Text 'password' is set on object 'Object Repository/VLink/Page_CCSale/txt_Password'

2023-02-17 21:10:49 - [MESSAGE][PASSED] - Text 'fixed_width' is set on object 'Object Repository/VLink/Page_CCSale/txt_ResponseFormat'

2023-02-17 21:10:50 - [MESSAGE][PASSED] - Text 'ECOM' is set on object 'Object Repository/VLink/Page_CCSale/txt_Category'

2023-02-17 21:10:50 - [MESSAGE][PASSED] - Text '' is set on object 'Object Repository/VLink/Page_CCSale/txt_TransactionID'

2023-02-17 21:10:51 - [MESSAGE][PASSED] - Text '' is set on object 'Object Repository/VLink/Page_CCSale/txt_ApprovalCode'

2023-02-17 21:10:52 - [MESSAGE][PASSED] - Text 'Kris Roshan' is set on object 'Object Repository/VLink/Page_CCSale/txt_CardName'

2023-02-17 21:10:52 - [MESSAGE][PASSED] - Text '258 Elm Road' is set on object 'Object Repository/VLink/Page_CCSale/txt_AL1'

2023-02-17 21:10:53 - [MESSAGE][PASSED] - Text 'Suite 56' is set on object 'Object Repository/VLink/Page_CCSale/txt_AL2'

2023-02-17 21:10:54 - [MESSAGE][PASSED] - Text 'Arlington' is set on object 'Object Repository/VLink/Page_CCSale/txt_CardCity'

2023-02-17 21:10:55 - [MESSAGE][PASSED] - Text 'VA' is set on object 'Object Repository/VLink/Page_CCSale/txt_CardState'

2023-02-17 21:10:55 - [MESSAGE][PASSED] - Text '22201' is set on object 'Object Repository/VLink/Page_CCSale/txt_CardZIP'

2023-02-17 21:10:56 - [MESSAGE][PASSED] - Text '840' is set on object 'Object Repository/VLink/Page_CCSale/txt_CountryID'

2023-02-17 21:10:57 - [MESSAGE][PASSED] - Text '1.50' is set on object 'Object Repository/VLink/Page_CCSale/txt_Amount'

2023-02-17 21:10:57 - [MESSAGE][PASSED] - Text '5424000000000015' is set on object 'Object Repository/VLink/Page_CCSale/txt_CardNumber'

2023-02-17 21:10:58 - [MESSAGE][PASSED] - Text '12' is set on object 'Object Repository/VLink/Page_CCSale/txt_ExpMonth'

2023-02-17 21:10:59 - [MESSAGE][PASSED] - Text '2025' is set on object 'Object Repository/VLink/Page_CCSale/txt_ExpYear'

2023-02-17 21:10:59 - [MESSAGE][PASSED] - Text '' is set on object 'Object Repository/VLink/Page_CCSale/txt_CVV'

2023-02-17 21:11:00 - [MESSAGE][PASSED] - Text '' is set on object 'Object Repository/VLink/Page_CCSale/txt_CVVstate'

2023-02-17 21:11:01 - [MESSAGE][PASSED] - Text '' is set on object 'Object Repository/VLink/Page_CCSale/txt_TrackData'

2023-02-17 21:11:01 - [MESSAGE][PASSED] - Text '' is set on object 'Object Repository/VLink/Page_CCSale/txt_Track1Data'

2023-02-17 21:11:02 - [MESSAGE][PASSED] - Text '' is set on object 'Object Repository/VLink/Page_CCSale/txt_Track2Data'

2023-02-17 21:11:03 - [MESSAGE][PASSED] - Text 'manual' is set on object 'Object Repository/VLink/Page_CCSale/txt_POSEntryMode'

2023-02-17 21:11:03 - [MESSAGE][PASSED] - Text 'iahmed@govolution.com' is set on object 'Object Repository/VLink/Page_CCSale/txt_Email'

2023-02-17 21:11:04 - [MESSAGE][PASSED] - Text '2569362' is set on object 'Object Repository/VLink/Page_CCSale/txt_OrderNumber'

2023-02-17 21:11:05 - [MESSAGE][PASSED] - Text '1.15' is set on object 'Object Repository/VLink/Page_CCSale/txt_TaxAmount'

2023-02-17 21:11:05 - [MESSAGE][PASSED] - Text 'Charge Description' is set on object 'Object Repository/VLink/Page_CCSale/txt_ChargeDescription'

2023-02-17 21:11:06 - [MESSAGE][PASSED] - Text '147357' is set on object 'Object Repository/VLink/Page_CCSale/txt_CAN'

2023-02-17 21:11:07 - [MESSAGE][PASSED] - Text '1' is set on object 'Object Repository/VLink/Page_CCSale/txt_BillPaymentIndicator'

2023-02-17 21:11:08 - [MESSAGE][PASSED] - Text 'UDF Data 1' is set on object 'Object Repository/VLink/Page_CCSale/txt_UDF1'

2023-02-17 21:11:08 - [MESSAGE][PASSED] - Text 'UDF Data 2' is set on object 'Object Repository/VLink/Page_CCSale/txt_UDF2'

2023-02-17 21:11:09 - [MESSAGE][PASSED] - Text 'UDF Data 3' is set on object 'Object Repository/VLink/Page_CCSale/txt_UDF3'

2023-02-17 21:11:10 - [MESSAGE][PASSED] - Text 'UDF Data 4' is set on object 'Object Repository/VLink/Page_CCSale/txt_UDF4'

2023-02-17 21:11:10 - [MESSAGE][PASSED] - Text 'UDF Data 5' is set on object 'Object Repository/VLink/Page_CCSale/txt_UDF5'

2023-02-17 21:11:11 - [MESSAGE][PASSED] - Text 'UDF Data 6' is set on object 'Object Repository/VLink/Page_CCSale/txt_UDF6'

2023-02-17 21:11:12 - [MESSAGE][PASSED] - Text 'UDF Data 7' is set on object 'Object Repository/VLink/Page_CCSale/txt_UDF7'

2023-02-17 21:11:12 - [MESSAGE][PASSED] - Text 'UDF Data 8' is set on object 'Object Repository/VLink/Page_CCSale/txt_UDF8'

2023-02-17 21:11:13 - [MESSAGE][PASSED] - Text 'UDF Data 9' is set on object 'Object Repository/VLink/Page_CCSale/txt_UDF9'

2023-02-17 21:11:14 - [MESSAGE][PASSED] - Text 'UDF Data 10' is set on object 'Object Repository/VLink/Page_CCSale/txt_UDF10'

2023-02-17 21:11:16 - [MESSAGE][PASSED] - Object: 'Object Repository/VLink/Page_CCSale/btn_ProcessVLinkTransaction' is clicked on

2023-02-17 21:11:21 - [MESSAGE][PASSED] - vlinkPages.saleCCPage.setDataSCC is PASSED

2023-02-17 21:11:21 - [TEST_STEP][PASSED] - if (verifyTextPresent("Transaction approved, no errors", true)): null

2023-02-17 21:11:22 - [MESSAGE][PASSED] - Text 'Transaction approved, no errors' is present on page  using regular expression

2023-02-17 21:11:22 - [TEST_STEP][PASSED] - println("Transaction Approved, no errors text is present on the Confirmation page"): null

2023-02-17 21:11:22 - [TEST_STEP][PASSED] - out.println("Pass Record Number: " + row): null

2023-02-17 21:11:22 - [TEST_STEP][PASSED] - resText = "Pass": null

2023-02-17 21:11:22 - [TEST_STEP][PASSED] - pages.WriteExcel.demoKey(resText, datText, resColumn, datCloumn, fileLoc, nameSheet, row): pages.WriteExcel.demoKey is PASSED

2023-02-17 21:11:22 - [MESSAGE][PASSED] - pages.WriteExcel.demoKey is PASSED

2023-02-17 21:11:22 - [TEST_STEP][PASSED] - sdfo = getText(findTestObject("Object Repository/Page_VLinkReceipt/pre_STX")): Text of object 'Object Repository/Page_VLinkReceipt/pre_STX' is: '<STX>MaQAzdjVNjQV                  12127296            0  Transaction approved, no errors                   0                                                                                  XXOK1733   <ETX>'

2023-02-17 21:11:22 - [MESSAGE][PASSED] - Text of object 'Object Repository/Page_VLinkReceipt/pre_STX' is: '<STX>MaQAzdjVNjQV                  12127296            0  Transaction approved, no errors                   0                                                                                  XXOK1733   <ETX>'

2023-02-17 21:11:22 - [TEST_STEP][PASSED] - out.println("sdfo: " + sdfo): null

2023-02-17 21:11:22 - [TEST_STEP][PASSED] - remID = substring(5, 35).trim(): null

2023-02-17 21:11:22 - [TEST_STEP][PASSED] - out.println("Remittance ID: " + remID): null

2023-02-17 21:11:22 - [TEST_STEP][PASSED] - traxID = substring(35, 55).trim(): null

2023-02-17 21:11:22 - [TEST_STEP][PASSED] - out.println("Transaction ID: " + traxID): null

2023-02-17 21:11:22 - [TEST_STEP][PASSED] - out.println("End Record Number: " + row): null

2023-02-17 21:11:22 - [TEST_STEP][PASSED] - closeBrowser(): Browser is closed

2023-02-17 21:11:23 - [MESSAGE][PASSED] - Browser is closed

2023-02-17 21:11:23 - [TEST_STEP][PASSED] - ExecuteTC = findTestData(dataFile).getValue("Execute", row): null

2023-02-17 21:11:23 - [TEST_STEP][PASSED] - out.println("Value of Execute is : " + ExecuteTC): null

2023-02-17 21:11:23 - [TEST_STEP][PASSED] - if (ExecuteTC.equalsIgnoreCase("Y")): Browser is closed

2023-02-17 21:11:23 - [TEST_STEP][PASSED] - out.println("Begin Record Number: " + row): null

2023-02-17 21:11:23 - [TEST_STEP][PASSED] - today = new java.util.Date(): null

2023-02-17 21:11:23 - [TEST_STEP][PASSED] - println(today): null

2023-02-17 21:11:23 - [TEST_STEP][PASSED] - datText = today: null

2023-02-17 21:11:23 - [TEST_STEP][PASSED] - openBrowser(VLinkURL + "authcap.html"): Browser is opened with url: 'https://dev-algorithm.govolution.com/vlinktest/QA/version_2_0/authcap.html'

2023-02-17 21:11:23 - [MESSAGE][INFO] - Starting 'Chrome' driver

2023-02-17 21:11:23 - [MESSAGE][INFO] - User set preference: ['acceptInsecureCerts', 'true']

2023-02-17 21:11:23 - [MESSAGE][INFO] - Action delay is set to 0 milliseconds

2023-02-17 21:11:25 - [MESSAGE][PASSED] - Browser is opened with url: 'https://dev-algorithm.govolution.com/vlinktest/QA/version_2_0/authcap.html'

2023-02-17 21:11:25 - [TEST_STEP][PASSED] - maximizeWindow(): Current window maximized

2023-02-17 21:11:25 - [MESSAGE][PASSED] - Current window maximized

2023-02-17 21:11:25 - [TEST_STEP][PASSED] - vlinkPages.saleCCPage.setDataSCC(row, dataFile): vlinkPages.saleCCPage.setDataSCC is PASSED

2023-02-17 21:11:28 - [MESSAGE][PASSED] - Object 'Object Repository/VLink/Page_CCSale/txt_CardNumber' is present

2023-02-17 21:11:29 - [MESSAGE][PASSED] - Text '104' is set on object 'Object Repository/VLink/Page_CCSale/txt_TransactionType'

2023-02-17 21:11:29 - [MESSAGE][PASSED] - Text '2.0C' is set on object 'Object Repository/VLink/Page_CCSale/txt_MessageVersion'

2023-02-17 21:11:30 - [MESSAGE][PASSED] - Text 'KvbwNgZBNDO3' is set on object 'Object Repository/VLink/Page_CCSale/txt_RemID'

2023-02-17 21:11:31 - [MESSAGE][PASSED] - Text '665' is set on object 'Object Repository/VLink/Page_CCSale/txt_ApplicationId'

2023-02-17 21:11:31 - [MESSAGE][PASSED] - Text 'username' is set on object 'Object Repository/VLink/Page_CCSale/txt_Username'

2023-02-17 21:11:32 - [MESSAGE][PASSED] - Text 'password' is set on object 'Object Repository/VLink/Page_CCSale/txt_Password'

2023-02-17 21:11:32 - [MESSAGE][PASSED] - Text 'fixed_width' is set on object 'Object Repository/VLink/Page_CCSale/txt_ResponseFormat'

2023-02-17 21:11:33 - [MESSAGE][PASSED] - Text 'ECOM' is set on object 'Object Repository/VLink/Page_CCSale/txt_Category'

2023-02-17 21:11:34 - [MESSAGE][PASSED] - Text '' is set on object 'Object Repository/VLink/Page_CCSale/txt_TransactionID'

2023-02-17 21:11:34 - [MESSAGE][PASSED] - Text '' is set on object 'Object Repository/VLink/Page_CCSale/txt_ApprovalCode'

2023-02-17 21:11:35 - [MESSAGE][PASSED] - Text 'Roshan Maha' is set on object 'Object Repository/VLink/Page_CCSale/txt_CardName'

2023-02-17 21:11:36 - [MESSAGE][PASSED] - Text '12563 Bazaar road' is set on object 'Object Repository/VLink/Page_CCSale/txt_AL1'

2023-02-17 21:11:36 - [MESSAGE][PASSED] - Text '' is set on object 'Object Repository/VLink/Page_CCSale/txt_AL2'

2023-02-17 21:11:37 - [MESSAGE][PASSED] - Text 'Crofton' is set on object 'Object Repository/VLink/Page_CCSale/txt_CardCity'

2023-02-17 21:11:38 - [MESSAGE][PASSED] - Text 'MD' is set on object 'Object Repository/VLink/Page_CCSale/txt_CardState'

2023-02-17 21:11:39 - [MESSAGE][PASSED] - Text '21114' is set on object 'Object Repository/VLink/Page_CCSale/txt_CardZIP'

2023-02-17 21:11:39 - [MESSAGE][PASSED] - Text '' is set on object 'Object Repository/VLink/Page_CCSale/txt_CountryID'

2023-02-17 21:11:40 - [MESSAGE][PASSED] - Text '3.50' is set on object 'Object Repository/VLink/Page_CCSale/txt_Amount'

2023-02-17 21:11:41 - [MESSAGE][PASSED] - Text '370000000000002' is set on object 'Object Repository/VLink/Page_CCSale/txt_CardNumber'

2023-02-17 21:11:41 - [MESSAGE][PASSED] - Text '01' is set on object 'Object Repository/VLink/Page_CCSale/txt_ExpMonth'

2023-02-17 21:11:42 - [MESSAGE][PASSED] - Text '2026' is set on object 'Object Repository/VLink/Page_CCSale/txt_ExpYear'

2023-02-17 21:11:43 - [MESSAGE][PASSED] - Text '' is set on object 'Object Repository/VLink/Page_CCSale/txt_CVV'

2023-02-17 21:11:43 - [MESSAGE][PASSED] - Text '' is set on object 'Object Repository/VLink/Page_CCSale/txt_CVVstate'

2023-02-17 21:11:44 - [MESSAGE][PASSED] - Text '' is set on object 'Object Repository/VLink/Page_CCSale/txt_TrackData'

2023-02-17 21:11:45 - [MESSAGE][PASSED] - Text '' is set on object 'Object Repository/VLink/Page_CCSale/txt_Track1Data'

2023-02-17 21:11:45 - [MESSAGE][PASSED] - Text '' is set on object 'Object Repository/VLink/Page_CCSale/txt_Track2Data'

2023-02-17 21:11:46 - [MESSAGE][PASSED] - Text 'manual' is set on object 'Object Repository/VLink/Page_CCSale/txt_POSEntryMode'

2023-02-17 21:11:47 - [MESSAGE][PASSED] - Text '' is set on object 'Object Repository/VLink/Page_CCSale/txt_Email'

2023-02-17 21:11:47 - [MESSAGE][PASSED] - Text '' is set on object 'Object Repository/VLink/Page_CCSale/txt_OrderNumber'

2023-02-17 21:11:48 - [MESSAGE][PASSED] - Text '' is set on object 'Object Repository/VLink/Page_CCSale/txt_TaxAmount'

2023-02-17 21:11:49 - [MESSAGE][PASSED] - Text '' is set on object 'Object Repository/VLink/Page_CCSale/txt_ChargeDescription'

2023-02-17 21:11:50 - [MESSAGE][PASSED] - Text '' is set on object 'Object Repository/VLink/Page_CCSale/txt_CAN'

2023-02-17 21:11:50 - [MESSAGE][PASSED] - Text '' is set on object 'Object Repository/VLink/Page_CCSale/txt_BillPaymentIndicator'

2023-02-17 21:11:51 - [MESSAGE][PASSED] - Text '' is set on object 'Object Repository/VLink/Page_CCSale/txt_UDF1'

2023-02-17 21:11:52 - [MESSAGE][PASSED] - Text '' is set on object 'Object Repository/VLink/Page_CCSale/txt_UDF2'

2023-02-17 21:11:52 - [MESSAGE][PASSED] - Text '' is set on object 'Object Repository/VLink/Page_CCSale/txt_UDF3'

2023-02-17 21:11:53 - [MESSAGE][PASSED] - Text '' is set on object 'Object Repository/VLink/Page_CCSale/txt_UDF4'

2023-02-17 21:11:54 - [MESSAGE][PASSED] - Text '' is set on object 'Object Repository/VLink/Page_CCSale/txt_UDF5'

2023-02-17 21:11:54 - [MESSAGE][PASSED] - Text '' is set on object 'Object Repository/VLink/Page_CCSale/txt_UDF6'

2023-02-17 21:11:55 - [MESSAGE][PASSED] - Text '' is set on object 'Object Repository/VLink/Page_CCSale/txt_UDF7'

2023-02-17 21:11:56 - [MESSAGE][PASSED] - Text '' is set on object 'Object Repository/VLink/Page_CCSale/txt_UDF8'

2023-02-17 21:11:56 - [MESSAGE][PASSED] - Text '' is set on object 'Object Repository/VLink/Page_CCSale/txt_UDF9'

2023-02-17 21:11:57 - [MESSAGE][PASSED] - Text '' is set on object 'Object Repository/VLink/Page_CCSale/txt_UDF10'

2023-02-17 21:11:59 - [MESSAGE][PASSED] - Object: 'Object Repository/VLink/Page_CCSale/btn_ProcessVLinkTransaction' is clicked on

2023-02-17 21:12:04 - [MESSAGE][PASSED] - vlinkPages.saleCCPage.setDataSCC is PASSED

2023-02-17 21:12:04 - [TEST_STEP][PASSED] - if (verifyTextPresent("Transaction approved, no errors", true)): null

2023-02-17 21:12:05 - [MESSAGE][PASSED] - Text 'Transaction approved, no errors' is present on page  using regular expression

2023-02-17 21:12:05 - [TEST_STEP][PASSED] - println("Transaction Approved, no errors text is present on the Confirmation page"): null

2023-02-17 21:12:05 - [TEST_STEP][PASSED] - out.println("Pass Record Number: " + row): null

2023-02-17 21:12:05 - [TEST_STEP][PASSED] - resText = "Pass": null

2023-02-17 21:12:05 - [TEST_STEP][PASSED] - pages.WriteExcel.demoKey(resText, datText, resColumn, datCloumn, fileLoc, nameSheet, row): pages.WriteExcel.demoKey is PASSED

2023-02-17 21:12:05 - [MESSAGE][PASSED] - pages.WriteExcel.demoKey is PASSED

2023-02-17 21:12:05 - [TEST_STEP][PASSED] - sdfo = getText(findTestObject("Object Repository/Page_VLinkReceipt/pre_STX")): Text of object 'Object Repository/Page_VLinkReceipt/pre_STX' is: '<STX>KvbwNgZBNDO3                  12127297            0  Transaction approved, no errors                   0                                                                                  X OK1743   <ETX>'

2023-02-17 21:12:05 - [MESSAGE][PASSED] - Text of object 'Object Repository/Page_VLinkReceipt/pre_STX' is: '<STX>KvbwNgZBNDO3                  12127297            0  Transaction approved, no errors                   0                                                                                  X OK1743   <ETX>'

2023-02-17 21:12:05 - [TEST_STEP][PASSED] - out.println("sdfo: " + sdfo): null

2023-02-17 21:12:05 - [TEST_STEP][PASSED] - remID = substring(5, 35).trim(): null

2023-02-17 21:12:05 - [TEST_STEP][PASSED] - out.println("Remittance ID: " + remID): null

2023-02-17 21:12:05 - [TEST_STEP][PASSED] - traxID = substring(35, 55).trim(): null

2023-02-17 21:12:05 - [TEST_STEP][PASSED] - out.println("Transaction ID: " + traxID): null

2023-02-17 21:12:05 - [TEST_STEP][PASSED] - out.println("End Record Number: " + row): null

2023-02-17 21:12:05 - [TEST_STEP][PASSED] - closeBrowser(): Browser is closed

2023-02-17 21:12:06 - [MESSAGE][PASSED] - Browser is closed

2023-02-17 21:12:06 - [TEST_STEP][PASSED] - ExecuteTC = findTestData(dataFile).getValue("Execute", row): null

2023-02-17 21:12:06 - [TEST_STEP][PASSED] - out.println("Value of Execute is : " + ExecuteTC): null

2023-02-17 21:12:06 - [TEST_STEP][PASSED] - if (ExecuteTC.equalsIgnoreCase("Y")): Browser is closed

2023-02-17 21:12:06 - [TEST_STEP][PASSED] - out.println("Begin Record Number: " + row): null

2023-02-17 21:12:06 - [TEST_STEP][PASSED] - today = new java.util.Date(): null

2023-02-17 21:12:06 - [TEST_STEP][PASSED] - println(today): null

2023-02-17 21:12:06 - [TEST_STEP][PASSED] - datText = today: null

2023-02-17 21:12:06 - [TEST_STEP][PASSED] - openBrowser(VLinkURL + "authcap.html"): Browser is opened with url: 'https://dev-algorithm.govolution.com/vlinktest/QA/version_2_0/authcap.html'

2023-02-17 21:12:06 - [MESSAGE][INFO] - Starting 'Chrome' driver

2023-02-17 21:12:06 - [MESSAGE][INFO] - User set preference: ['acceptInsecureCerts', 'true']

2023-02-17 21:12:06 - [MESSAGE][INFO] - Action delay is set to 0 milliseconds

2023-02-17 21:12:08 - [MESSAGE][PASSED] - Browser is opened with url: 'https://dev-algorithm.govolution.com/vlinktest/QA/version_2_0/authcap.html'

2023-02-17 21:12:08 - [TEST_STEP][PASSED] - maximizeWindow(): Current window maximized

2023-02-17 21:12:08 - [MESSAGE][PASSED] - Current window maximized

2023-02-17 21:12:08 - [TEST_STEP][PASSED] - vlinkPages.saleCCPage.setDataSCC(row, dataFile): vlinkPages.saleCCPage.setDataSCC is PASSED

2023-02-17 21:12:11 - [MESSAGE][PASSED] - Object 'Object Repository/VLink/Page_CCSale/txt_CardNumber' is present

2023-02-17 21:12:12 - [MESSAGE][PASSED] - Text '104' is set on object 'Object Repository/VLink/Page_CCSale/txt_TransactionType'

2023-02-17 21:12:12 - [MESSAGE][PASSED] - Text '2.0C' is set on object 'Object Repository/VLink/Page_CCSale/txt_MessageVersion'

2023-02-17 21:12:13 - [MESSAGE][PASSED] - Text 'gunjGgBUQNb1' is set on object 'Object Repository/VLink/Page_CCSale/txt_RemID'

2023-02-17 21:12:14 - [MESSAGE][PASSED] - Text '665' is set on object 'Object Repository/VLink/Page_CCSale/txt_ApplicationId'

2023-02-17 21:12:14 - [MESSAGE][PASSED] - Text 'username' is set on object 'Object Repository/VLink/Page_CCSale/txt_Username'

2023-02-17 21:12:15 - [MESSAGE][PASSED] - Text 'password' is set on object 'Object Repository/VLink/Page_CCSale/txt_Password'

2023-02-17 21:12:16 - [MESSAGE][PASSED] - Text 'fixed_width' is set on object 'Object Repository/VLink/Page_CCSale/txt_ResponseFormat'

2023-02-17 21:12:16 - [MESSAGE][PASSED] - Text 'ECOM' is set on object 'Object Repository/VLink/Page_CCSale/txt_Category'

2023-02-17 21:12:17 - [MESSAGE][PASSED] - Text '' is set on object 'Object Repository/VLink/Page_CCSale/txt_TransactionID'

2023-02-17 21:12:17 - [MESSAGE][PASSED] - Text '' is set on object 'Object Repository/VLink/Page_CCSale/txt_ApprovalCode'

2023-02-17 21:12:18 - [MESSAGE][PASSED] - Text 'Kris Roshan' is set on object 'Object Repository/VLink/Page_CCSale/txt_CardName'

2023-02-17 21:12:19 - [MESSAGE][PASSED] - Text '258 Elm Road' is set on object 'Object Repository/VLink/Page_CCSale/txt_AL1'

2023-02-17 21:12:20 - [MESSAGE][PASSED] - Text 'Suite 56' is set on object 'Object Repository/VLink/Page_CCSale/txt_AL2'

2023-02-17 21:12:20 - [MESSAGE][PASSED] - Text 'Arlington' is set on object 'Object Repository/VLink/Page_CCSale/txt_CardCity'

2023-02-17 21:12:21 - [MESSAGE][PASSED] - Text 'VA' is set on object 'Object Repository/VLink/Page_CCSale/txt_CardState'

2023-02-17 21:12:22 - [MESSAGE][PASSED] - Text '22201' is set on object 'Object Repository/VLink/Page_CCSale/txt_CardZIP'

2023-02-17 21:12:22 - [MESSAGE][PASSED] - Text '840' is set on object 'Object Repository/VLink/Page_CCSale/txt_CountryID'

2023-02-17 21:12:23 - [MESSAGE][PASSED] - Text '1.50' is set on object 'Object Repository/VLink/Page_CCSale/txt_Amount'

2023-02-17 21:12:24 - [MESSAGE][PASSED] - Text '6011000000000004' is set on object 'Object Repository/VLink/Page_CCSale/txt_CardNumber'

2023-02-17 21:12:24 - [MESSAGE][PASSED] - Text '12' is set on object 'Object Repository/VLink/Page_CCSale/txt_ExpMonth'

2023-02-17 21:12:25 - [MESSAGE][PASSED] - Text '2025' is set on object 'Object Repository/VLink/Page_CCSale/txt_ExpYear'

2023-02-17 21:12:26 - [MESSAGE][PASSED] - Text '' is set on object 'Object Repository/VLink/Page_CCSale/txt_CVV'

2023-02-17 21:12:26 - [MESSAGE][PASSED] - Text '' is set on object 'Object Repository/VLink/Page_CCSale/txt_CVVstate'

2023-02-17 21:12:27 - [MESSAGE][PASSED] - Text '' is set on object 'Object Repository/VLink/Page_CCSale/txt_TrackData'

2023-02-17 21:12:28 - [MESSAGE][PASSED] - Text '' is set on object 'Object Repository/VLink/Page_CCSale/txt_Track1Data'

2023-02-17 21:12:28 - [MESSAGE][PASSED] - Text '' is set on object 'Object Repository/VLink/Page_CCSale/txt_Track2Data'

2023-02-17 21:12:29 - [MESSAGE][PASSED] - Text 'manual' is set on object 'Object Repository/VLink/Page_CCSale/txt_POSEntryMode'

2023-02-17 21:12:30 - [MESSAGE][PASSED] - Text 'iahmed@govolution.com' is set on object 'Object Repository/VLink/Page_CCSale/txt_Email'

2023-02-17 21:12:30 - [MESSAGE][PASSED] - Text '2569362' is set on object 'Object Repository/VLink/Page_CCSale/txt_OrderNumber'

2023-02-17 21:12:31 - [MESSAGE][PASSED] - Text '1.15' is set on object 'Object Repository/VLink/Page_CCSale/txt_TaxAmount'

2023-02-17 21:12:32 - [MESSAGE][PASSED] - Text 'Charge Description' is set on object 'Object Repository/VLink/Page_CCSale/txt_ChargeDescription'

2023-02-17 21:12:33 - [MESSAGE][PASSED] - Text '147357' is set on object 'Object Repository/VLink/Page_CCSale/txt_CAN'

2023-02-17 21:12:33 - [MESSAGE][PASSED] - Text '1' is set on object 'Object Repository/VLink/Page_CCSale/txt_BillPaymentIndicator'

2023-02-17 21:12:34 - [MESSAGE][PASSED] - Text 'UDF Data 1' is set on object 'Object Repository/VLink/Page_CCSale/txt_UDF1'

2023-02-17 21:12:35 - [MESSAGE][PASSED] - Text 'UDF Data 2' is set on object 'Object Repository/VLink/Page_CCSale/txt_UDF2'

2023-02-17 21:12:35 - [MESSAGE][PASSED] - Text 'UDF Data 3' is set on object 'Object Repository/VLink/Page_CCSale/txt_UDF3'

2023-02-17 21:12:36 - [MESSAGE][PASSED] - Text 'UDF Data 4' is set on object 'Object Repository/VLink/Page_CCSale/txt_UDF4'

2023-02-17 21:12:37 - [MESSAGE][PASSED] - Text 'UDF Data 5' is set on object 'Object Repository/VLink/Page_CCSale/txt_UDF5'

2023-02-17 21:12:37 - [MESSAGE][PASSED] - Text 'UDF Data 6' is set on object 'Object Repository/VLink/Page_CCSale/txt_UDF6'

2023-02-17 21:12:38 - [MESSAGE][PASSED] - Text 'UDF Data 7' is set on object 'Object Repository/VLink/Page_CCSale/txt_UDF7'

2023-02-17 21:12:39 - [MESSAGE][PASSED] - Text 'UDF Data 8' is set on object 'Object Repository/VLink/Page_CCSale/txt_UDF8'

2023-02-17 21:12:39 - [MESSAGE][PASSED] - Text 'UDF Data 9' is set on object 'Object Repository/VLink/Page_CCSale/txt_UDF9'

2023-02-17 21:12:40 - [MESSAGE][PASSED] - Text 'UDF Data 10' is set on object 'Object Repository/VLink/Page_CCSale/txt_UDF10'

2023-02-17 21:12:43 - [MESSAGE][PASSED] - Object: 'Object Repository/VLink/Page_CCSale/btn_ProcessVLinkTransaction' is clicked on

2023-02-17 21:12:48 - [MESSAGE][PASSED] - vlinkPages.saleCCPage.setDataSCC is PASSED

2023-02-17 21:12:48 - [TEST_STEP][PASSED] - if (verifyTextPresent("Transaction approved, no errors", true)): null

2023-02-17 21:12:48 - [MESSAGE][PASSED] - Text 'Transaction approved, no errors' is present on page  using regular expression

2023-02-17 21:12:48 - [TEST_STEP][PASSED] - println("Transaction Approved, no errors text is present on the Confirmation page"): null

2023-02-17 21:12:48 - [TEST_STEP][PASSED] - out.println("Pass Record Number: " + row): null

2023-02-17 21:12:48 - [TEST_STEP][PASSED] - resText = "Pass": null

2023-02-17 21:12:48 - [TEST_STEP][PASSED] - pages.WriteExcel.demoKey(resText, datText, resColumn, datCloumn, fileLoc, nameSheet, row): pages.WriteExcel.demoKey is PASSED

2023-02-17 21:12:48 - [MESSAGE][PASSED] - pages.WriteExcel.demoKey is PASSED

2023-02-17 21:12:48 - [TEST_STEP][PASSED] - sdfo = getText(findTestObject("Object Repository/Page_VLinkReceipt/pre_STX")): Text of object 'Object Repository/Page_VLinkReceipt/pre_STX' is: '<STX>gunjGgBUQNb1                  12127298            0  Transaction approved, no errors                   0                                                                                  XXOK1763   <ETX>'

2023-02-17 21:12:48 - [MESSAGE][PASSED] - Text of object 'Object Repository/Page_VLinkReceipt/pre_STX' is: '<STX>gunjGgBUQNb1                  12127298            0  Transaction approved, no errors                   0                                                                                  XXOK1763   <ETX>'

2023-02-17 21:12:48 - [TEST_STEP][PASSED] - out.println("sdfo: " + sdfo): null

2023-02-17 21:12:48 - [TEST_STEP][PASSED] - remID = substring(5, 35).trim(): null

2023-02-17 21:12:48 - [TEST_STEP][PASSED] - out.println("Remittance ID: " + remID): null

2023-02-17 21:12:48 - [TEST_STEP][PASSED] - traxID = substring(35, 55).trim(): null

2023-02-17 21:12:48 - [TEST_STEP][PASSED] - out.println("Transaction ID: " + traxID): null

2023-02-17 21:12:48 - [TEST_STEP][PASSED] - out.println("End Record Number: " + row): null

2023-02-17 21:12:48 - [TEST_STEP][PASSED] - closeBrowser(): Browser is closed

2023-02-17 21:12:49 - [MESSAGE][PASSED] - Browser is closed

2023-02-17 21:12:49 - [TEST_STEP][PASSED] - ExecuteTC = findTestData(dataFile).getValue("Execute", row): null

2023-02-17 21:12:49 - [TEST_STEP][PASSED] - out.println("Value of Execute is : " + ExecuteTC): null

2023-02-17 21:12:49 - [TEST_STEP][PASSED] - if (ExecuteTC.equalsIgnoreCase("Y")): Browser is closed

2023-02-17 21:12:49 - [TEST_STEP][PASSED] - out.println("Begin Record Number: " + row): null

2023-02-17 21:12:49 - [TEST_STEP][PASSED] - today = new java.util.Date(): null

2023-02-17 21:12:49 - [TEST_STEP][PASSED] - println(today): null

2023-02-17 21:12:49 - [TEST_STEP][PASSED] - datText = today: null

2023-02-17 21:12:49 - [TEST_STEP][PASSED] - openBrowser(VLinkURL + "authcap.html"): Browser is opened with url: 'https://dev-algorithm.govolution.com/vlinktest/QA/version_2_0/authcap.html'

2023-02-17 21:12:49 - [MESSAGE][INFO] - Starting 'Chrome' driver

2023-02-17 21:12:49 - [MESSAGE][INFO] - User set preference: ['acceptInsecureCerts', 'true']

2023-02-17 21:12:49 - [MESSAGE][INFO] - Action delay is set to 0 milliseconds

2023-02-17 21:12:51 - [MESSAGE][PASSED] - Browser is opened with url: 'https://dev-algorithm.govolution.com/vlinktest/QA/version_2_0/authcap.html'

2023-02-17 21:12:51 - [TEST_STEP][PASSED] - maximizeWindow(): Current window maximized

2023-02-17 21:12:51 - [MESSAGE][PASSED] - Current window maximized

2023-02-17 21:12:51 - [TEST_STEP][PASSED] - vlinkPages.saleCCPage.setDataSCC(row, dataFile): vlinkPages.saleCCPage.setDataSCC is PASSED

2023-02-17 21:12:54 - [MESSAGE][PASSED] - Object 'Object Repository/VLink/Page_CCSale/txt_CardNumber' is present

2023-02-17 21:12:55 - [MESSAGE][PASSED] - Text '104' is set on object 'Object Repository/VLink/Page_CCSale/txt_TransactionType'

2023-02-17 21:12:55 - [MESSAGE][PASSED] - Text '2.0C' is set on object 'Object Repository/VLink/Page_CCSale/txt_MessageVersion'

2023-02-17 21:12:56 - [MESSAGE][PASSED] - Text 'WinnLW5SvyuU' is set on object 'Object Repository/VLink/Page_CCSale/txt_RemID'

2023-02-17 21:12:57 - [MESSAGE][PASSED] - Text '665' is set on object 'Object Repository/VLink/Page_CCSale/txt_ApplicationId'

2023-02-17 21:12:57 - [MESSAGE][PASSED] - Text 'username' is set on object 'Object Repository/VLink/Page_CCSale/txt_Username'

2023-02-17 21:12:58 - [MESSAGE][PASSED] - Text 'password' is set on object 'Object Repository/VLink/Page_CCSale/txt_Password'

2023-02-17 21:12:58 - [MESSAGE][PASSED] - Text 'fixed_width' is set on object 'Object Repository/VLink/Page_CCSale/txt_ResponseFormat'

2023-02-17 21:12:59 - [MESSAGE][PASSED] - Text 'MOTO' is set on object 'Object Repository/VLink/Page_CCSale/txt_Category'

2023-02-17 21:13:00 - [MESSAGE][PASSED] - Text '' is set on object 'Object Repository/VLink/Page_CCSale/txt_TransactionID'

2023-02-17 21:13:00 - [MESSAGE][PASSED] - Text '' is set on object 'Object Repository/VLink/Page_CCSale/txt_ApprovalCode'

2023-02-17 21:13:01 - [MESSAGE][PASSED] - Text 'Roshan Maha' is set on object 'Object Repository/VLink/Page_CCSale/txt_CardName'

2023-02-17 21:13:02 - [MESSAGE][PASSED] - Text '12563 Bazaar road' is set on object 'Object Repository/VLink/Page_CCSale/txt_AL1'

2023-02-17 21:13:03 - [MESSAGE][PASSED] - Text '' is set on object 'Object Repository/VLink/Page_CCSale/txt_AL2'

2023-02-17 21:13:03 - [MESSAGE][PASSED] - Text 'Crofton' is set on object 'Object Repository/VLink/Page_CCSale/txt_CardCity'

2023-02-17 21:13:04 - [MESSAGE][PASSED] - Text 'MD' is set on object 'Object Repository/VLink/Page_CCSale/txt_CardState'

2023-02-17 21:13:05 - [MESSAGE][PASSED] - Text '21114' is set on object 'Object Repository/VLink/Page_CCSale/txt_CardZIP'

2023-02-17 21:13:05 - [MESSAGE][PASSED] - Text '' is set on object 'Object Repository/VLink/Page_CCSale/txt_CountryID'

2023-02-17 21:13:06 - [MESSAGE][PASSED] - Text '3.50' is set on object 'Object Repository/VLink/Page_CCSale/txt_Amount'

2023-02-17 21:13:07 - [MESSAGE][PASSED] - Text '4111111111111111' is set on object 'Object Repository/VLink/Page_CCSale/txt_CardNumber'

2023-02-17 21:13:07 - [MESSAGE][PASSED] - Text '01' is set on object 'Object Repository/VLink/Page_CCSale/txt_ExpMonth'

2023-02-17 21:13:08 - [MESSAGE][PASSED] - Text '2026' is set on object 'Object Repository/VLink/Page_CCSale/txt_ExpYear'

2023-02-17 21:13:09 - [MESSAGE][PASSED] - Text '' is set on object 'Object Repository/VLink/Page_CCSale/txt_CVV'

2023-02-17 21:13:09 - [MESSAGE][PASSED] - Text '' is set on object 'Object Repository/VLink/Page_CCSale/txt_CVVstate'

2023-02-17 21:13:10 - [MESSAGE][PASSED] - Text '' is set on object 'Object Repository/VLink/Page_CCSale/txt_TrackData'

2023-02-17 21:13:11 - [MESSAGE][PASSED] - Text '' is set on object 'Object Repository/VLink/Page_CCSale/txt_Track1Data'

2023-02-17 21:13:11 - [MESSAGE][PASSED] - Text '' is set on object 'Object Repository/VLink/Page_CCSale/txt_Track2Data'

2023-02-17 21:13:12 - [MESSAGE][PASSED] - Text 'manual' is set on object 'Object Repository/VLink/Page_CCSale/txt_POSEntryMode'

2023-02-17 21:13:13 - [MESSAGE][PASSED] - Text '' is set on object 'Object Repository/VLink/Page_CCSale/txt_Email'

2023-02-17 21:13:13 - [MESSAGE][PASSED] - Text '' is set on object 'Object Repository/VLink/Page_CCSale/txt_OrderNumber'

2023-02-17 21:13:14 - [MESSAGE][PASSED] - Text '' is set on object 'Object Repository/VLink/Page_CCSale/txt_TaxAmount'

2023-02-17 21:13:15 - [MESSAGE][PASSED] - Text '' is set on object 'Object Repository/VLink/Page_CCSale/txt_ChargeDescription'

2023-02-17 21:13:15 - [MESSAGE][PASSED] - Text '' is set on object 'Object Repository/VLink/Page_CCSale/txt_CAN'

2023-02-17 21:13:16 - [MESSAGE][PASSED] - Text '' is set on object 'Object Repository/VLink/Page_CCSale/txt_BillPaymentIndicator'

2023-02-17 21:13:17 - [MESSAGE][PASSED] - Text '' is set on object 'Object Repository/VLink/Page_CCSale/txt_UDF1'

2023-02-17 21:13:17 - [MESSAGE][PASSED] - Text '' is set on object 'Object Repository/VLink/Page_CCSale/txt_UDF2'

2023-02-17 21:13:18 - [MESSAGE][PASSED] - Text '' is set on object 'Object Repository/VLink/Page_CCSale/txt_UDF3'

2023-02-17 21:13:19 - [MESSAGE][PASSED] - Text '' is set on object 'Object Repository/VLink/Page_CCSale/txt_UDF4'

2023-02-17 21:13:19 - [MESSAGE][PASSED] - Text '' is set on object 'Object Repository/VLink/Page_CCSale/txt_UDF5'

2023-02-17 21:13:20 - [MESSAGE][PASSED] - Text '' is set on object 'Object Repository/VLink/Page_CCSale/txt_UDF6'

2023-02-17 21:13:21 - [MESSAGE][PASSED] - Text '' is set on object 'Object Repository/VLink/Page_CCSale/txt_UDF7'

2023-02-17 21:13:22 - [MESSAGE][PASSED] - Text '' is set on object 'Object Repository/VLink/Page_CCSale/txt_UDF8'

2023-02-17 21:13:22 - [MESSAGE][PASSED] - Text '' is set on object 'Object Repository/VLink/Page_CCSale/txt_UDF9'

2023-02-17 21:13:23 - [MESSAGE][PASSED] - Text '' is set on object 'Object Repository/VLink/Page_CCSale/txt_UDF10'

2023-02-17 21:13:25 - [MESSAGE][PASSED] - Object: 'Object Repository/VLink/Page_CCSale/btn_ProcessVLinkTransaction' is clicked on

2023-02-17 21:13:30 - [MESSAGE][PASSED] - vlinkPages.saleCCPage.setDataSCC is PASSED

2023-02-17 21:13:30 - [TEST_STEP][PASSED] - if (verifyTextPresent("Transaction approved, no errors", true)): null

2023-02-17 21:13:31 - [MESSAGE][PASSED] - Text 'Transaction approved, no errors' is present on page  using regular expression

2023-02-17 21:13:31 - [TEST_STEP][PASSED] - println("Transaction Approved, no errors text is present on the Confirmation page"): null

2023-02-17 21:13:31 - [TEST_STEP][PASSED] - out.println("Pass Record Number: " + row): null

2023-02-17 21:13:31 - [TEST_STEP][PASSED] - resText = "Pass": null

2023-02-17 21:13:31 - [TEST_STEP][PASSED] - pages.WriteExcel.demoKey(resText, datText, resColumn, datCloumn, fileLoc, nameSheet, row): pages.WriteExcel.demoKey is PASSED

2023-02-17 21:13:31 - [MESSAGE][PASSED] - pages.WriteExcel.demoKey is PASSED

2023-02-17 21:13:31 - [TEST_STEP][PASSED] - sdfo = getText(findTestObject("Object Repository/Page_VLinkReceipt/pre_STX")): Text of object 'Object Repository/Page_VLinkReceipt/pre_STX' is: '<STX>WinnLW5SvyuU                  12127299            0  Transaction approved, no errors                   0                                                                                  XXOK1773   <ETX>'

2023-02-17 21:13:31 - [MESSAGE][PASSED] - Text of object 'Object Repository/Page_VLinkReceipt/pre_STX' is: '<STX>WinnLW5SvyuU                  12127299            0  Transaction approved, no errors                   0                                                                                  XXOK1773   <ETX>'

2023-02-17 21:13:31 - [TEST_STEP][PASSED] - out.println("sdfo: " + sdfo): null

2023-02-17 21:13:31 - [TEST_STEP][PASSED] - remID = substring(5, 35).trim(): null

2023-02-17 21:13:31 - [TEST_STEP][PASSED] - out.println("Remittance ID: " + remID): null

2023-02-17 21:13:31 - [TEST_STEP][PASSED] - traxID = substring(35, 55).trim(): null

2023-02-17 21:13:31 - [TEST_STEP][PASSED] - out.println("Transaction ID: " + traxID): null

2023-02-17 21:13:31 - [TEST_STEP][PASSED] - out.println("End Record Number: " + row): null

2023-02-17 21:13:31 - [TEST_STEP][PASSED] - closeBrowser(): Browser is closed

2023-02-17 21:13:32 - [MESSAGE][PASSED] - Browser is closed

2023-02-17 21:13:32 - [TEST_STEP][PASSED] - ExecuteTC = findTestData(dataFile).getValue("Execute", row): null

2023-02-17 21:13:32 - [TEST_STEP][PASSED] - out.println("Value of Execute is : " + ExecuteTC): null

2023-02-17 21:13:32 - [TEST_STEP][PASSED] - if (ExecuteTC.equalsIgnoreCase("Y")): Browser is closed

2023-02-17 21:13:32 - [TEST_STEP][PASSED] - out.println("Begin Record Number: " + row): null

2023-02-17 21:13:32 - [TEST_STEP][PASSED] - today = new java.util.Date(): null

2023-02-17 21:13:32 - [TEST_STEP][PASSED] - println(today): null

2023-02-17 21:13:32 - [TEST_STEP][PASSED] - datText = today: null

2023-02-17 21:13:32 - [TEST_STEP][PASSED] - openBrowser(VLinkURL + "authcap.html"): Browser is opened with url: 'https://dev-algorithm.govolution.com/vlinktest/QA/version_2_0/authcap.html'

2023-02-17 21:13:32 - [MESSAGE][INFO] - Starting 'Chrome' driver

2023-02-17 21:13:32 - [MESSAGE][INFO] - User set preference: ['acceptInsecureCerts', 'true']

2023-02-17 21:13:32 - [MESSAGE][INFO] - Action delay is set to 0 milliseconds

2023-02-17 21:13:34 - [MESSAGE][PASSED] - Browser is opened with url: 'https://dev-algorithm.govolution.com/vlinktest/QA/version_2_0/authcap.html'

2023-02-17 21:13:34 - [TEST_STEP][PASSED] - maximizeWindow(): Current window maximized

2023-02-17 21:13:34 - [MESSAGE][PASSED] - Current window maximized

2023-02-17 21:13:34 - [TEST_STEP][PASSED] - vlinkPages.saleCCPage.setDataSCC(row, dataFile): vlinkPages.saleCCPage.setDataSCC is PASSED

2023-02-17 21:13:37 - [MESSAGE][PASSED] - Object 'Object Repository/VLink/Page_CCSale/txt_CardNumber' is present

2023-02-17 21:13:38 - [MESSAGE][PASSED] - Text '104' is set on object 'Object Repository/VLink/Page_CCSale/txt_TransactionType'

2023-02-17 21:13:38 - [MESSAGE][PASSED] - Text '2.0C' is set on object 'Object Repository/VLink/Page_CCSale/txt_MessageVersion'

2023-02-17 21:13:39 - [MESSAGE][PASSED] - Text 'HLCZt4CQt3uO' is set on object 'Object Repository/VLink/Page_CCSale/txt_RemID'

2023-02-17 21:13:39 - [MESSAGE][PASSED] - Text '665' is set on object 'Object Repository/VLink/Page_CCSale/txt_ApplicationId'

2023-02-17 21:13:40 - [MESSAGE][PASSED] - Text 'username' is set on object 'Object Repository/VLink/Page_CCSale/txt_Username'

2023-02-17 21:13:41 - [MESSAGE][PASSED] - Text 'password' is set on object 'Object Repository/VLink/Page_CCSale/txt_Password'

2023-02-17 21:13:41 - [MESSAGE][PASSED] - Text 'fixed_width' is set on object 'Object Repository/VLink/Page_CCSale/txt_ResponseFormat'

2023-02-17 21:13:42 - [MESSAGE][PASSED] - Text 'MOTO' is set on object 'Object Repository/VLink/Page_CCSale/txt_Category'

2023-02-17 21:13:43 - [MESSAGE][PASSED] - Text '' is set on object 'Object Repository/VLink/Page_CCSale/txt_TransactionID'

2023-02-17 21:13:43 - [MESSAGE][PASSED] - Text '' is set on object 'Object Repository/VLink/Page_CCSale/txt_ApprovalCode'

2023-02-17 21:13:44 - [MESSAGE][PASSED] - Text 'Kris Roshan' is set on object 'Object Repository/VLink/Page_CCSale/txt_CardName'

2023-02-17 21:13:45 - [MESSAGE][PASSED] - Text '258 Elm Road' is set on object 'Object Repository/VLink/Page_CCSale/txt_AL1'

2023-02-17 21:13:45 - [MESSAGE][PASSED] - Text 'Suite 56' is set on object 'Object Repository/VLink/Page_CCSale/txt_AL2'

2023-02-17 21:13:46 - [MESSAGE][PASSED] - Text 'Arlington' is set on object 'Object Repository/VLink/Page_CCSale/txt_CardCity'

2023-02-17 21:13:47 - [MESSAGE][PASSED] - Text 'VA' is set on object 'Object Repository/VLink/Page_CCSale/txt_CardState'

2023-02-17 21:13:47 - [MESSAGE][PASSED] - Text '22201' is set on object 'Object Repository/VLink/Page_CCSale/txt_CardZIP'

2023-02-17 21:13:48 - [MESSAGE][PASSED] - Text '840' is set on object 'Object Repository/VLink/Page_CCSale/txt_CountryID'

2023-02-17 21:13:49 - [MESSAGE][PASSED] - Text '1.50' is set on object 'Object Repository/VLink/Page_CCSale/txt_Amount'

2023-02-17 21:13:50 - [MESSAGE][PASSED] - Text '5424000000000015' is set on object 'Object Repository/VLink/Page_CCSale/txt_CardNumber'

2023-02-17 21:13:50 - [MESSAGE][PASSED] - Text '12' is set on object 'Object Repository/VLink/Page_CCSale/txt_ExpMonth'

2023-02-17 21:13:51 - [MESSAGE][PASSED] - Text '2025' is set on object 'Object Repository/VLink/Page_CCSale/txt_ExpYear'

2023-02-17 21:13:52 - [MESSAGE][PASSED] - Text '' is set on object 'Object Repository/VLink/Page_CCSale/txt_CVV'

2023-02-17 21:13:52 - [MESSAGE][PASSED] - Text '' is set on object 'Object Repository/VLink/Page_CCSale/txt_CVVstate'

2023-02-17 21:13:53 - [MESSAGE][PASSED] - Text '' is set on object 'Object Repository/VLink/Page_CCSale/txt_TrackData'

2023-02-17 21:13:54 - [MESSAGE][PASSED] - Text '' is set on object 'Object Repository/VLink/Page_CCSale/txt_Track1Data'

2023-02-17 21:13:54 - [MESSAGE][PASSED] - Text '' is set on object 'Object Repository/VLink/Page_CCSale/txt_Track2Data'

2023-02-17 21:13:55 - [MESSAGE][PASSED] - Text 'manual' is set on object 'Object Repository/VLink/Page_CCSale/txt_POSEntryMode'

2023-02-17 21:13:56 - [MESSAGE][PASSED] - Text 'iahmed@govolution.com' is set on object 'Object Repository/VLink/Page_CCSale/txt_Email'

2023-02-17 21:13:56 - [MESSAGE][PASSED] - Text '2569362' is set on object 'Object Repository/VLink/Page_CCSale/txt_OrderNumber'

2023-02-17 21:13:57 - [MESSAGE][PASSED] - Text '1.15' is set on object 'Object Repository/VLink/Page_CCSale/txt_TaxAmount'

2023-02-17 21:13:58 - [MESSAGE][PASSED] - Text 'Charge Description' is set on object 'Object Repository/VLink/Page_CCSale/txt_ChargeDescription'

2023-02-17 21:13:58 - [MESSAGE][PASSED] - Text '147357' is set on object 'Object Repository/VLink/Page_CCSale/txt_CAN'

2023-02-17 21:13:59 - [MESSAGE][PASSED] - Text '1' is set on object 'Object Repository/VLink/Page_CCSale/txt_BillPaymentIndicator'

2023-02-17 21:14:00 - [MESSAGE][PASSED] - Text 'UDF Data 1' is set on object 'Object Repository/VLink/Page_CCSale/txt_UDF1'

2023-02-17 21:14:01 - [MESSAGE][PASSED] - Text 'UDF Data 2' is set on object 'Object Repository/VLink/Page_CCSale/txt_UDF2'

2023-02-17 21:14:01 - [MESSAGE][PASSED] - Text 'UDF Data 3' is set on object 'Object Repository/VLink/Page_CCSale/txt_UDF3'

2023-02-17 21:14:02 - [MESSAGE][PASSED] - Text 'UDF Data 4' is set on object 'Object Repository/VLink/Page_CCSale/txt_UDF4'

2023-02-17 21:14:03 - [MESSAGE][PASSED] - Text 'UDF Data 5' is set on object 'Object Repository/VLink/Page_CCSale/txt_UDF5'

2023-02-17 21:14:03 - [MESSAGE][PASSED] - Text 'UDF Data 6' is set on object 'Object Repository/VLink/Page_CCSale/txt_UDF6'

2023-02-17 21:14:04 - [MESSAGE][PASSED] - Text 'UDF Data 7' is set on object 'Object Repository/VLink/Page_CCSale/txt_UDF7'

2023-02-17 21:14:05 - [MESSAGE][PASSED] - Text 'UDF Data 8' is set on object 'Object Repository/VLink/Page_CCSale/txt_UDF8'

2023-02-17 21:14:05 - [MESSAGE][PASSED] - Text 'UDF Data 9' is set on object 'Object Repository/VLink/Page_CCSale/txt_UDF9'

2023-02-17 21:14:06 - [MESSAGE][PASSED] - Text 'UDF Data 10' is set on object 'Object Repository/VLink/Page_CCSale/txt_UDF10'

2023-02-17 21:14:09 - [MESSAGE][PASSED] - Object: 'Object Repository/VLink/Page_CCSale/btn_ProcessVLinkTransaction' is clicked on

2023-02-17 21:14:14 - [MESSAGE][PASSED] - vlinkPages.saleCCPage.setDataSCC is PASSED

2023-02-17 21:14:14 - [TEST_STEP][PASSED] - if (verifyTextPresent("Transaction approved, no errors", true)): null

2023-02-17 21:14:14 - [MESSAGE][PASSED] - Text 'Transaction approved, no errors' is present on page  using regular expression

2023-02-17 21:14:14 - [TEST_STEP][PASSED] - println("Transaction Approved, no errors text is present on the Confirmation page"): null

2023-02-17 21:14:14 - [TEST_STEP][PASSED] - out.println("Pass Record Number: " + row): null

2023-02-17 21:14:14 - [TEST_STEP][PASSED] - resText = "Pass": null

2023-02-17 21:14:14 - [TEST_STEP][PASSED] - pages.WriteExcel.demoKey(resText, datText, resColumn, datCloumn, fileLoc, nameSheet, row): pages.WriteExcel.demoKey is PASSED

2023-02-17 21:14:14 - [MESSAGE][PASSED] - pages.WriteExcel.demoKey is PASSED

2023-02-17 21:14:14 - [TEST_STEP][PASSED] - sdfo = getText(findTestObject("Object Repository/Page_VLinkReceipt/pre_STX")): Text of object 'Object Repository/Page_VLinkReceipt/pre_STX' is: '<STX>HLCZt4CQt3uO                  12127300            0  Transaction approved, no errors                   0                                                                                  XXOK1783   <ETX>'

2023-02-17 21:14:14 - [MESSAGE][PASSED] - Text of object 'Object Repository/Page_VLinkReceipt/pre_STX' is: '<STX>HLCZt4CQt3uO                  12127300            0  Transaction approved, no errors                   0                                                                                  XXOK1783   <ETX>'

2023-02-17 21:14:14 - [TEST_STEP][PASSED] - out.println("sdfo: " + sdfo): null

2023-02-17 21:14:14 - [TEST_STEP][PASSED] - remID = substring(5, 35).trim(): null

2023-02-17 21:14:14 - [TEST_STEP][PASSED] - out.println("Remittance ID: " + remID): null

2023-02-17 21:14:14 - [TEST_STEP][PASSED] - traxID = substring(35, 55).trim(): null

2023-02-17 21:14:14 - [TEST_STEP][PASSED] - out.println("Transaction ID: " + traxID): null

2023-02-17 21:14:14 - [TEST_STEP][PASSED] - out.println("End Record Number: " + row): null

2023-02-17 21:14:14 - [TEST_STEP][PASSED] - closeBrowser(): Browser is closed

2023-02-17 21:14:15 - [MESSAGE][PASSED] - Browser is closed

2023-02-17 21:14:15 - [TEST_STEP][PASSED] - ExecuteTC = findTestData(dataFile).getValue("Execute", row): null

2023-02-17 21:14:15 - [TEST_STEP][PASSED] - out.println("Value of Execute is : " + ExecuteTC): null

2023-02-17 21:14:15 - [TEST_STEP][PASSED] - if (ExecuteTC.equalsIgnoreCase("Y")): Browser is closed

2023-02-17 21:14:15 - [TEST_STEP][PASSED] - out.println("Begin Record Number: " + row): null

2023-02-17 21:14:15 - [TEST_STEP][PASSED] - today = new java.util.Date(): null

2023-02-17 21:14:15 - [TEST_STEP][PASSED] - println(today): null

2023-02-17 21:14:15 - [TEST_STEP][PASSED] - datText = today: null

2023-02-17 21:14:15 - [TEST_STEP][PASSED] - openBrowser(VLinkURL + "authcap.html"): Browser is opened with url: 'https://dev-algorithm.govolution.com/vlinktest/QA/version_2_0/authcap.html'

2023-02-17 21:14:15 - [MESSAGE][INFO] - Starting 'Chrome' driver

2023-02-17 21:14:15 - [MESSAGE][INFO] - User set preference: ['acceptInsecureCerts', 'true']

2023-02-17 21:14:15 - [MESSAGE][INFO] - Action delay is set to 0 milliseconds

2023-02-17 21:14:17 - [MESSAGE][PASSED] - Browser is opened with url: 'https://dev-algorithm.govolution.com/vlinktest/QA/version_2_0/authcap.html'

2023-02-17 21:14:17 - [TEST_STEP][PASSED] - maximizeWindow(): Current window maximized

2023-02-17 21:14:17 - [MESSAGE][PASSED] - Current window maximized

2023-02-17 21:14:17 - [TEST_STEP][PASSED] - vlinkPages.saleCCPage.setDataSCC(row, dataFile): vlinkPages.saleCCPage.setDataSCC is PASSED

2023-02-17 21:14:20 - [MESSAGE][PASSED] - Object 'Object Repository/VLink/Page_CCSale/txt_CardNumber' is present

2023-02-17 21:14:21 - [MESSAGE][PASSED] - Text '104' is set on object 'Object Repository/VLink/Page_CCSale/txt_TransactionType'

2023-02-17 21:14:22 - [MESSAGE][PASSED] - Text '2.0C' is set on object 'Object Repository/VLink/Page_CCSale/txt_MessageVersion'

2023-02-17 21:14:22 - [MESSAGE][PASSED] - Text 'H4CSadUD6FXE' is set on object 'Object Repository/VLink/Page_CCSale/txt_RemID'

2023-02-17 21:14:23 - [MESSAGE][PASSED] - Text '665' is set on object 'Object Repository/VLink/Page_CCSale/txt_ApplicationId'

2023-02-17 21:14:23 - [MESSAGE][PASSED] - Text 'username' is set on object 'Object Repository/VLink/Page_CCSale/txt_Username'

2023-02-17 21:14:24 - [MESSAGE][PASSED] - Text 'password' is set on object 'Object Repository/VLink/Page_CCSale/txt_Password'

2023-02-17 21:14:25 - [MESSAGE][PASSED] - Text 'fixed_width' is set on object 'Object Repository/VLink/Page_CCSale/txt_ResponseFormat'

2023-02-17 21:14:25 - [MESSAGE][PASSED] - Text 'MOTO' is set on object 'Object Repository/VLink/Page_CCSale/txt_Category'

2023-02-17 21:14:26 - [MESSAGE][PASSED] - Text '' is set on object 'Object Repository/VLink/Page_CCSale/txt_TransactionID'

2023-02-17 21:14:27 - [MESSAGE][PASSED] - Text '' is set on object 'Object Repository/VLink/Page_CCSale/txt_ApprovalCode'

2023-02-17 21:14:27 - [MESSAGE][PASSED] - Text 'Roshan Maha' is set on object 'Object Repository/VLink/Page_CCSale/txt_CardName'

2023-02-17 21:14:28 - [MESSAGE][PASSED] - Text '12563 Bazaar road' is set on object 'Object Repository/VLink/Page_CCSale/txt_AL1'

2023-02-17 21:14:29 - [MESSAGE][PASSED] - Text '' is set on object 'Object Repository/VLink/Page_CCSale/txt_AL2'

2023-02-17 21:14:29 - [MESSAGE][PASSED] - Text 'Crofton' is set on object 'Object Repository/VLink/Page_CCSale/txt_CardCity'

2023-02-17 21:14:30 - [MESSAGE][PASSED] - Text 'MD' is set on object 'Object Repository/VLink/Page_CCSale/txt_CardState'

2023-02-17 21:14:31 - [MESSAGE][PASSED] - Text '21114' is set on object 'Object Repository/VLink/Page_CCSale/txt_CardZIP'

2023-02-17 21:14:31 - [MESSAGE][PASSED] - Text '' is set on object 'Object Repository/VLink/Page_CCSale/txt_CountryID'

2023-02-17 21:14:32 - [MESSAGE][PASSED] - Text '3.50' is set on object 'Object Repository/VLink/Page_CCSale/txt_Amount'

2023-02-17 21:14:33 - [MESSAGE][PASSED] - Text '370000000000002' is set on object 'Object Repository/VLink/Page_CCSale/txt_CardNumber'

2023-02-17 21:14:33 - [MESSAGE][PASSED] - Text '01' is set on object 'Object Repository/VLink/Page_CCSale/txt_ExpMonth'

2023-02-17 21:14:34 - [MESSAGE][PASSED] - Text '2026' is set on object 'Object Repository/VLink/Page_CCSale/txt_ExpYear'

2023-02-17 21:14:35 - [MESSAGE][PASSED] - Text '' is set on object 'Object Repository/VLink/Page_CCSale/txt_CVV'

2023-02-17 21:14:35 - [MESSAGE][PASSED] - Text '' is set on object 'Object Repository/VLink/Page_CCSale/txt_CVVstate'

2023-02-17 21:14:36 - [MESSAGE][PASSED] - Text '' is set on object 'Object Repository/VLink/Page_CCSale/txt_TrackData'

2023-02-17 21:14:37 - [MESSAGE][PASSED] - Text '' is set on object 'Object Repository/VLink/Page_CCSale/txt_Track1Data'

2023-02-17 21:14:37 - [MESSAGE][PASSED] - Text '' is set on object 'Object Repository/VLink/Page_CCSale/txt_Track2Data'

2023-02-17 21:14:38 - [MESSAGE][PASSED] - Text 'manual' is set on object 'Object Repository/VLink/Page_CCSale/txt_POSEntryMode'

2023-02-17 21:14:39 - [MESSAGE][PASSED] - Text '' is set on object 'Object Repository/VLink/Page_CCSale/txt_Email'

2023-02-17 21:14:39 - [MESSAGE][PASSED] - Text '' is set on object 'Object Repository/VLink/Page_CCSale/txt_OrderNumber'

2023-02-17 21:14:40 - [MESSAGE][PASSED] - Text '' is set on object 'Object Repository/VLink/Page_CCSale/txt_TaxAmount'

2023-02-17 21:14:41 - [MESSAGE][PASSED] - Text '' is set on object 'Object Repository/VLink/Page_CCSale/txt_ChargeDescription'

2023-02-17 21:14:41 - [MESSAGE][PASSED] - Text '' is set on object 'Object Repository/VLink/Page_CCSale/txt_CAN'

2023-02-17 21:14:42 - [MESSAGE][PASSED] - Text '' is set on object 'Object Repository/VLink/Page_CCSale/txt_BillPaymentIndicator'

2023-02-17 21:14:43 - [MESSAGE][PASSED] - Text '' is set on object 'Object Repository/VLink/Page_CCSale/txt_UDF1'

2023-02-17 21:14:43 - [MESSAGE][PASSED] - Text '' is set on object 'Object Repository/VLink/Page_CCSale/txt_UDF2'

2023-02-17 21:14:44 - [MESSAGE][PASSED] - Text '' is set on object 'Object Repository/VLink/Page_CCSale/txt_UDF3'

2023-02-17 21:14:45 - [MESSAGE][PASSED] - Text '' is set on object 'Object Repository/VLink/Page_CCSale/txt_UDF4'

2023-02-17 21:14:45 - [MESSAGE][PASSED] - Text '' is set on object 'Object Repository/VLink/Page_CCSale/txt_UDF5'

2023-02-17 21:14:46 - [MESSAGE][PASSED] - Text '' is set on object 'Object Repository/VLink/Page_CCSale/txt_UDF6'

2023-02-17 21:14:47 - [MESSAGE][PASSED] - Text '' is set on object 'Object Repository/VLink/Page_CCSale/txt_UDF7'

2023-02-17 21:14:47 - [MESSAGE][PASSED] - Text '' is set on object 'Object Repository/VLink/Page_CCSale/txt_UDF8'

2023-02-17 21:14:48 - [MESSAGE][PASSED] - Text '' is set on object 'Object Repository/VLink/Page_CCSale/txt_UDF9'

2023-02-17 21:14:49 - [MESSAGE][PASSED] - Text '' is set on object 'Object Repository/VLink/Page_CCSale/txt_UDF10'

2023-02-17 21:14:51 - [MESSAGE][PASSED] - Object: 'Object Repository/VLink/Page_CCSale/btn_ProcessVLinkTransaction' is clicked on

2023-02-17 21:14:56 - [MESSAGE][PASSED] - vlinkPages.saleCCPage.setDataSCC is PASSED

2023-02-17 21:14:56 - [TEST_STEP][PASSED] - if (verifyTextPresent("Transaction approved, no errors", true)): null

2023-02-17 21:14:57 - [MESSAGE][PASSED] - Text 'Transaction approved, no errors' is present on page  using regular expression

2023-02-17 21:14:57 - [TEST_STEP][PASSED] - println("Transaction Approved, no errors text is present on the Confirmation page"): null

2023-02-17 21:14:57 - [TEST_STEP][PASSED] - out.println("Pass Record Number: " + row): null

2023-02-17 21:14:57 - [TEST_STEP][PASSED] - resText = "Pass": null

2023-02-17 21:14:57 - [TEST_STEP][PASSED] - pages.WriteExcel.demoKey(resText, datText, resColumn, datCloumn, fileLoc, nameSheet, row): pages.WriteExcel.demoKey is PASSED

2023-02-17 21:14:57 - [MESSAGE][PASSED] - pages.WriteExcel.demoKey is PASSED

2023-02-17 21:14:57 - [TEST_STEP][PASSED] - sdfo = getText(findTestObject("Object Repository/Page_VLinkReceipt/pre_STX")): Text of object 'Object Repository/Page_VLinkReceipt/pre_STX' is: '<STX>H4CSadUD6FXE                  12127301            0  Transaction approved, no errors                   0                                                                                  X OK1863   <ETX>'

2023-02-17 21:14:57 - [MESSAGE][PASSED] - Text of object 'Object Repository/Page_VLinkReceipt/pre_STX' is: '<STX>H4CSadUD6FXE                  12127301            0  Transaction approved, no errors                   0                                                                                  X OK1863   <ETX>'

2023-02-17 21:14:57 - [TEST_STEP][PASSED] - out.println("sdfo: " + sdfo): null

2023-02-17 21:14:57 - [TEST_STEP][PASSED] - remID = substring(5, 35).trim(): null

2023-02-17 21:14:57 - [TEST_STEP][PASSED] - out.println("Remittance ID: " + remID): null

2023-02-17 21:14:57 - [TEST_STEP][PASSED] - traxID = substring(35, 55).trim(): null

2023-02-17 21:14:57 - [TEST_STEP][PASSED] - out.println("Transaction ID: " + traxID): null

2023-02-17 21:14:57 - [TEST_STEP][PASSED] - out.println("End Record Number: " + row): null

2023-02-17 21:14:57 - [TEST_STEP][PASSED] - closeBrowser(): Browser is closed

2023-02-17 21:14:58 - [MESSAGE][PASSED] - Browser is closed

2023-02-17 21:14:58 - [TEST_STEP][PASSED] - ExecuteTC = findTestData(dataFile).getValue("Execute", row): null

2023-02-17 21:14:58 - [TEST_STEP][PASSED] - out.println("Value of Execute is : " + ExecuteTC): null

2023-02-17 21:14:58 - [TEST_STEP][PASSED] - if (ExecuteTC.equalsIgnoreCase("Y")): Browser is closed

2023-02-17 21:14:58 - [TEST_STEP][PASSED] - out.println("Begin Record Number: " + row): null

2023-02-17 21:14:58 - [TEST_STEP][PASSED] - today = new java.util.Date(): null

2023-02-17 21:14:58 - [TEST_STEP][PASSED] - println(today): null

2023-02-17 21:14:58 - [TEST_STEP][PASSED] - datText = today: null

2023-02-17 21:14:58 - [TEST_STEP][PASSED] - openBrowser(VLinkURL + "authcap.html"): Browser is opened with url: 'https://dev-algorithm.govolution.com/vlinktest/QA/version_2_0/authcap.html'

2023-02-17 21:14:58 - [MESSAGE][INFO] - Starting 'Chrome' driver

2023-02-17 21:14:58 - [MESSAGE][INFO] - User set preference: ['acceptInsecureCerts', 'true']

2023-02-17 21:14:58 - [MESSAGE][INFO] - Action delay is set to 0 milliseconds

2023-02-17 21:15:00 - [MESSAGE][PASSED] - Browser is opened with url: 'https://dev-algorithm.govolution.com/vlinktest/QA/version_2_0/authcap.html'

2023-02-17 21:15:00 - [TEST_STEP][PASSED] - maximizeWindow(): Current window maximized

2023-02-17 21:15:00 - [MESSAGE][PASSED] - Current window maximized

2023-02-17 21:15:00 - [TEST_STEP][PASSED] - vlinkPages.saleCCPage.setDataSCC(row, dataFile): vlinkPages.saleCCPage.setDataSCC is PASSED

2023-02-17 21:15:03 - [MESSAGE][PASSED] - Object 'Object Repository/VLink/Page_CCSale/txt_CardNumber' is present

2023-02-17 21:15:03 - [MESSAGE][PASSED] - Text '104' is set on object 'Object Repository/VLink/Page_CCSale/txt_TransactionType'

2023-02-17 21:15:04 - [MESSAGE][PASSED] - Text '2.0C' is set on object 'Object Repository/VLink/Page_CCSale/txt_MessageVersion'

2023-02-17 21:15:05 - [MESSAGE][PASSED] - Text 'NRAI7ddyelcj' is set on object 'Object Repository/VLink/Page_CCSale/txt_RemID'

2023-02-17 21:15:05 - [MESSAGE][PASSED] - Text '665' is set on object 'Object Repository/VLink/Page_CCSale/txt_ApplicationId'

2023-02-17 21:15:06 - [MESSAGE][PASSED] - Text 'username' is set on object 'Object Repository/VLink/Page_CCSale/txt_Username'

2023-02-17 21:15:07 - [MESSAGE][PASSED] - Text 'password' is set on object 'Object Repository/VLink/Page_CCSale/txt_Password'

2023-02-17 21:15:07 - [MESSAGE][PASSED] - Text 'fixed_width' is set on object 'Object Repository/VLink/Page_CCSale/txt_ResponseFormat'

2023-02-17 21:15:08 - [MESSAGE][PASSED] - Text 'MOTO' is set on object 'Object Repository/VLink/Page_CCSale/txt_Category'

2023-02-17 21:15:08 - [MESSAGE][PASSED] - Text '' is set on object 'Object Repository/VLink/Page_CCSale/txt_TransactionID'

2023-02-17 21:15:09 - [MESSAGE][PASSED] - Text '' is set on object 'Object Repository/VLink/Page_CCSale/txt_ApprovalCode'

2023-02-17 21:15:10 - [MESSAGE][PASSED] - Text 'Kris Roshan' is set on object 'Object Repository/VLink/Page_CCSale/txt_CardName'

2023-02-17 21:15:10 - [MESSAGE][PASSED] - Text '258 Elm Road' is set on object 'Object Repository/VLink/Page_CCSale/txt_AL1'

2023-02-17 21:15:11 - [MESSAGE][PASSED] - Text 'Suite 56' is set on object 'Object Repository/VLink/Page_CCSale/txt_AL2'

2023-02-17 21:15:12 - [MESSAGE][PASSED] - Text 'Arlington' is set on object 'Object Repository/VLink/Page_CCSale/txt_CardCity'

2023-02-17 21:15:12 - [MESSAGE][PASSED] - Text 'VA' is set on object 'Object Repository/VLink/Page_CCSale/txt_CardState'

2023-02-17 21:15:13 - [MESSAGE][PASSED] - Text '22201' is set on object 'Object Repository/VLink/Page_CCSale/txt_CardZIP'

2023-02-17 21:15:14 - [MESSAGE][PASSED] - Text '840' is set on object 'Object Repository/VLink/Page_CCSale/txt_CountryID'

2023-02-17 21:15:15 - [MESSAGE][PASSED] - Text '1.50' is set on object 'Object Repository/VLink/Page_CCSale/txt_Amount'

2023-02-17 21:15:15 - [MESSAGE][PASSED] - Text '6011000000000004' is set on object 'Object Repository/VLink/Page_CCSale/txt_CardNumber'

2023-02-17 21:15:16 - [MESSAGE][PASSED] - Text '12' is set on object 'Object Repository/VLink/Page_CCSale/txt_ExpMonth'

2023-02-17 21:15:17 - [MESSAGE][PASSED] - Text '2025' is set on object 'Object Repository/VLink/Page_CCSale/txt_ExpYear'

2023-02-17 21:15:17 - [MESSAGE][PASSED] - Text '' is set on object 'Object Repository/VLink/Page_CCSale/txt_CVV'

2023-02-17 21:15:18 - [MESSAGE][PASSED] - Text '' is set on object 'Object Repository/VLink/Page_CCSale/txt_CVVstate'

2023-02-17 21:15:19 - [MESSAGE][PASSED] - Text '' is set on object 'Object Repository/VLink/Page_CCSale/txt_TrackData'

2023-02-17 21:15:19 - [MESSAGE][PASSED] - Text '' is set on object 'Object Repository/VLink/Page_CCSale/txt_Track1Data'

2023-02-17 21:15:20 - [MESSAGE][PASSED] - Text '' is set on object 'Object Repository/VLink/Page_CCSale/txt_Track2Data'

2023-02-17 21:15:21 - [MESSAGE][PASSED] - Text 'manual' is set on object 'Object Repository/VLink/Page_CCSale/txt_POSEntryMode'

2023-02-17 21:15:21 - [MESSAGE][PASSED] - Text 'iahmed@govolution.com' is set on object 'Object Repository/VLink/Page_CCSale/txt_Email'

2023-02-17 21:15:22 - [MESSAGE][PASSED] - Text '2569362' is set on object 'Object Repository/VLink/Page_CCSale/txt_OrderNumber'

2023-02-17 21:15:23 - [MESSAGE][PASSED] - Text '1.15' is set on object 'Object Repository/VLink/Page_CCSale/txt_TaxAmount'

2023-02-17 21:15:24 - [MESSAGE][PASSED] - Text 'Charge Description' is set on object 'Object Repository/VLink/Page_CCSale/txt_ChargeDescription'

2023-02-17 21:15:24 - [MESSAGE][PASSED] - Text '147357' is set on object 'Object Repository/VLink/Page_CCSale/txt_CAN'

2023-02-17 21:15:25 - [MESSAGE][PASSED] - Text '1' is set on object 'Object Repository/VLink/Page_CCSale/txt_BillPaymentIndicator'

2023-02-17 21:15:26 - [MESSAGE][PASSED] - Text 'UDF Data 1' is set on object 'Object Repository/VLink/Page_CCSale/txt_UDF1'

2023-02-17 21:15:26 - [MESSAGE][PASSED] - Text 'UDF Data 2' is set on object 'Object Repository/VLink/Page_CCSale/txt_UDF2'

2023-02-17 21:15:27 - [MESSAGE][PASSED] - Text 'UDF Data 3' is set on object 'Object Repository/VLink/Page_CCSale/txt_UDF3'

2023-02-17 21:15:28 - [MESSAGE][PASSED] - Text 'UDF Data 4' is set on object 'Object Repository/VLink/Page_CCSale/txt_UDF4'

2023-02-17 21:15:28 - [MESSAGE][PASSED] - Text 'UDF Data 5' is set on object 'Object Repository/VLink/Page_CCSale/txt_UDF5'

2023-02-17 21:15:29 - [MESSAGE][PASSED] - Text 'UDF Data 6' is set on object 'Object Repository/VLink/Page_CCSale/txt_UDF6'

2023-02-17 21:15:30 - [MESSAGE][PASSED] - Text 'UDF Data 7' is set on object 'Object Repository/VLink/Page_CCSale/txt_UDF7'

2023-02-17 21:15:30 - [MESSAGE][PASSED] - Text 'UDF Data 8' is set on object 'Object Repository/VLink/Page_CCSale/txt_UDF8'

2023-02-17 21:15:31 - [MESSAGE][PASSED] - Text 'UDF Data 9' is set on object 'Object Repository/VLink/Page_CCSale/txt_UDF9'

2023-02-17 21:15:32 - [MESSAGE][PASSED] - Text 'UDF Data 10' is set on object 'Object Repository/VLink/Page_CCSale/txt_UDF10'

2023-02-17 21:15:34 - [MESSAGE][PASSED] - Object: 'Object Repository/VLink/Page_CCSale/btn_ProcessVLinkTransaction' is clicked on

2023-02-17 21:15:39 - [MESSAGE][PASSED] - vlinkPages.saleCCPage.setDataSCC is PASSED

2023-02-17 21:15:39 - [TEST_STEP][PASSED] - if (verifyTextPresent("Transaction approved, no errors", true)): null

2023-02-17 21:15:40 - [MESSAGE][PASSED] - Text 'Transaction approved, no errors' is present on page  using regular expression

2023-02-17 21:15:40 - [TEST_STEP][PASSED] - println("Transaction Approved, no errors text is present on the Confirmation page"): null

2023-02-17 21:15:40 - [TEST_STEP][PASSED] - out.println("Pass Record Number: " + row): null

2023-02-17 21:15:40 - [TEST_STEP][PASSED] - resText = "Pass": null

2023-02-17 21:15:40 - [TEST_STEP][PASSED] - pages.WriteExcel.demoKey(resText, datText, resColumn, datCloumn, fileLoc, nameSheet, row): pages.WriteExcel.demoKey is PASSED

2023-02-17 21:15:40 - [MESSAGE][PASSED] - pages.WriteExcel.demoKey is PASSED

2023-02-17 21:15:40 - [TEST_STEP][PASSED] - sdfo = getText(findTestObject("Object Repository/Page_VLinkReceipt/pre_STX")): Text of object 'Object Repository/Page_VLinkReceipt/pre_STX' is: '<STX>NRAI7ddyelcj                  12127302            0  Transaction approved, no errors                   0                                                                                  XXOK2003   <ETX>'

2023-02-17 21:15:40 - [MESSAGE][PASSED] - Text of object 'Object Repository/Page_VLinkReceipt/pre_STX' is: '<STX>NRAI7ddyelcj                  12127302            0  Transaction approved, no errors                   0                                                                                  XXOK2003   <ETX>'

2023-02-17 21:15:40 - [TEST_STEP][PASSED] - out.println("sdfo: " + sdfo): null

2023-02-17 21:15:40 - [TEST_STEP][PASSED] - remID = substring(5, 35).trim(): null

2023-02-17 21:15:40 - [TEST_STEP][PASSED] - out.println("Remittance ID: " + remID): null

2023-02-17 21:15:40 - [TEST_STEP][PASSED] - traxID = substring(35, 55).trim(): null

2023-02-17 21:15:40 - [TEST_STEP][PASSED] - out.println("Transaction ID: " + traxID): null

2023-02-17 21:15:40 - [TEST_STEP][PASSED] - out.println("End Record Number: " + row): null

2023-02-17 21:15:40 - [TEST_STEP][PASSED] - closeBrowser(): Browser is closed

2023-02-17 21:15:41 - [MESSAGE][PASSED] - Browser is closed

2023-02-17 21:15:41 - [TEST_STEP][PASSED] - ExecuteTC = findTestData(dataFile).getValue("Execute", row): null

2023-02-17 21:15:41 - [TEST_STEP][PASSED] - out.println("Value of Execute is : " + ExecuteTC): null

2023-02-17 21:15:41 - [TEST_STEP][PASSED] - if (ExecuteTC.equalsIgnoreCase("Y")): Browser is closed

2023-02-17 21:15:41 - [TEST_STEP][PASSED] - out.println("Begin Record Number: " + row): null

2023-02-17 21:15:41 - [TEST_STEP][PASSED] - today = new java.util.Date(): null

2023-02-17 21:15:41 - [TEST_STEP][PASSED] - println(today): null

2023-02-17 21:15:41 - [TEST_STEP][PASSED] - datText = today: null

2023-02-17 21:15:41 - [TEST_STEP][PASSED] - openBrowser(VLinkURL + "authcap.html"): Browser is opened with url: 'https://dev-algorithm.govolution.com/vlinktest/QA/version_2_0/authcap.html'

2023-02-17 21:15:41 - [MESSAGE][INFO] - Starting 'Chrome' driver

2023-02-17 21:15:41 - [MESSAGE][INFO] - User set preference: ['acceptInsecureCerts', 'true']

2023-02-17 21:15:41 - [MESSAGE][INFO] - Action delay is set to 0 milliseconds

2023-02-17 21:15:43 - [MESSAGE][PASSED] - Browser is opened with url: 'https://dev-algorithm.govolution.com/vlinktest/QA/version_2_0/authcap.html'

2023-02-17 21:15:43 - [TEST_STEP][PASSED] - maximizeWindow(): Current window maximized

2023-02-17 21:15:43 - [MESSAGE][PASSED] - Current window maximized

2023-02-17 21:15:43 - [TEST_STEP][PASSED] - vlinkPages.saleCCPage.setDataSCC(row, dataFile): vlinkPages.saleCCPage.setDataSCC is PASSED

2023-02-17 21:15:46 - [MESSAGE][PASSED] - Object 'Object Repository/VLink/Page_CCSale/txt_CardNumber' is present

2023-02-17 21:15:46 - [MESSAGE][PASSED] - Text '104' is set on object 'Object Repository/VLink/Page_CCSale/txt_TransactionType'

2023-02-17 21:15:47 - [MESSAGE][PASSED] - Text '2.0C' is set on object 'Object Repository/VLink/Page_CCSale/txt_MessageVersion'

2023-02-17 21:15:48 - [MESSAGE][PASSED] - Text 'PTJSRGdKmL1e' is set on object 'Object Repository/VLink/Page_CCSale/txt_RemID'

2023-02-17 21:15:48 - [MESSAGE][PASSED] - Text '665' is set on object 'Object Repository/VLink/Page_CCSale/txt_ApplicationId'

2023-02-17 21:15:49 - [MESSAGE][PASSED] - Text 'username' is set on object 'Object Repository/VLink/Page_CCSale/txt_Username'

2023-02-17 21:15:49 - [MESSAGE][PASSED] - Text 'password' is set on object 'Object Repository/VLink/Page_CCSale/txt_Password'

2023-02-17 21:15:50 - [MESSAGE][PASSED] - Text 'fixed_width' is set on object 'Object Repository/VLink/Page_CCSale/txt_ResponseFormat'

2023-02-17 21:15:51 - [MESSAGE][PASSED] - Text 'RETL' is set on object 'Object Repository/VLink/Page_CCSale/txt_Category'

2023-02-17 21:15:51 - [MESSAGE][PASSED] - Text '' is set on object 'Object Repository/VLink/Page_CCSale/txt_TransactionID'

2023-02-17 21:15:52 - [MESSAGE][PASSED] - Text '' is set on object 'Object Repository/VLink/Page_CCSale/txt_ApprovalCode'

2023-02-17 21:15:53 - [MESSAGE][PASSED] - Text 'Roshan Maha' is set on object 'Object Repository/VLink/Page_CCSale/txt_CardName'

2023-02-17 21:15:53 - [MESSAGE][PASSED] - Text '12563 Bazaar road' is set on object 'Object Repository/VLink/Page_CCSale/txt_AL1'

2023-02-17 21:15:54 - [MESSAGE][PASSED] - Text '' is set on object 'Object Repository/VLink/Page_CCSale/txt_AL2'

2023-02-17 21:15:55 - [MESSAGE][PASSED] - Text 'Crofton' is set on object 'Object Repository/VLink/Page_CCSale/txt_CardCity'

2023-02-17 21:15:55 - [MESSAGE][PASSED] - Text 'MD' is set on object 'Object Repository/VLink/Page_CCSale/txt_CardState'

2023-02-17 21:15:56 - [MESSAGE][PASSED] - Text '21114' is set on object 'Object Repository/VLink/Page_CCSale/txt_CardZIP'

2023-02-17 21:15:57 - [MESSAGE][PASSED] - Text '' is set on object 'Object Repository/VLink/Page_CCSale/txt_CountryID'

2023-02-17 21:15:57 - [MESSAGE][PASSED] - Text '3.50' is set on object 'Object Repository/VLink/Page_CCSale/txt_Amount'

2023-02-17 21:15:58 - [MESSAGE][PASSED] - Text '4111111111111111' is set on object 'Object Repository/VLink/Page_CCSale/txt_CardNumber'

2023-02-17 21:15:59 - [MESSAGE][PASSED] - Text '01' is set on object 'Object Repository/VLink/Page_CCSale/txt_ExpMonth'

2023-02-17 21:16:00 - [MESSAGE][PASSED] - Text '2026' is set on object 'Object Repository/VLink/Page_CCSale/txt_ExpYear'

2023-02-17 21:16:00 - [MESSAGE][PASSED] - Text '' is set on object 'Object Repository/VLink/Page_CCSale/txt_CVV'

2023-02-17 21:16:01 - [MESSAGE][PASSED] - Text '' is set on object 'Object Repository/VLink/Page_CCSale/txt_CVVstate'

2023-02-17 21:16:02 - [MESSAGE][PASSED] - Text '' is set on object 'Object Repository/VLink/Page_CCSale/txt_TrackData'

2023-02-17 21:16:02 - [MESSAGE][PASSED] - Text '' is set on object 'Object Repository/VLink/Page_CCSale/txt_Track1Data'

2023-02-17 21:16:03 - [MESSAGE][PASSED] - Text '' is set on object 'Object Repository/VLink/Page_CCSale/txt_Track2Data'

2023-02-17 21:16:04 - [MESSAGE][PASSED] - Text 'manual' is set on object 'Object Repository/VLink/Page_CCSale/txt_POSEntryMode'

2023-02-17 21:16:04 - [MESSAGE][PASSED] - Text '' is set on object 'Object Repository/VLink/Page_CCSale/txt_Email'

2023-02-17 21:16:05 - [MESSAGE][PASSED] - Text '' is set on object 'Object Repository/VLink/Page_CCSale/txt_OrderNumber'

2023-02-17 21:16:06 - [MESSAGE][PASSED] - Text '' is set on object 'Object Repository/VLink/Page_CCSale/txt_TaxAmount'

2023-02-17 21:16:06 - [MESSAGE][PASSED] - Text '' is set on object 'Object Repository/VLink/Page_CCSale/txt_ChargeDescription'

2023-02-17 21:16:07 - [MESSAGE][PASSED] - Text '' is set on object 'Object Repository/VLink/Page_CCSale/txt_CAN'

2023-02-17 21:16:08 - [MESSAGE][PASSED] - Text '' is set on object 'Object Repository/VLink/Page_CCSale/txt_BillPaymentIndicator'

2023-02-17 21:16:08 - [MESSAGE][PASSED] - Text '' is set on object 'Object Repository/VLink/Page_CCSale/txt_UDF1'

2023-02-17 21:16:09 - [MESSAGE][PASSED] - Text '' is set on object 'Object Repository/VLink/Page_CCSale/txt_UDF2'

2023-02-17 21:16:10 - [MESSAGE][PASSED] - Text '' is set on object 'Object Repository/VLink/Page_CCSale/txt_UDF3'

2023-02-17 21:16:10 - [MESSAGE][PASSED] - Text '' is set on object 'Object Repository/VLink/Page_CCSale/txt_UDF4'

2023-02-17 21:16:11 - [MESSAGE][PASSED] - Text '' is set on object 'Object Repository/VLink/Page_CCSale/txt_UDF5'

2023-02-17 21:16:12 - [MESSAGE][PASSED] - Text '' is set on object 'Object Repository/VLink/Page_CCSale/txt_UDF6'

2023-02-17 21:16:12 - [MESSAGE][PASSED] - Text '' is set on object 'Object Repository/VLink/Page_CCSale/txt_UDF7'

2023-02-17 21:16:13 - [MESSAGE][PASSED] - Text '' is set on object 'Object Repository/VLink/Page_CCSale/txt_UDF8'

2023-02-17 21:16:14 - [MESSAGE][PASSED] - Text '' is set on object 'Object Repository/VLink/Page_CCSale/txt_UDF9'

2023-02-17 21:16:14 - [MESSAGE][PASSED] - Text '' is set on object 'Object Repository/VLink/Page_CCSale/txt_UDF10'

2023-02-17 21:16:17 - [MESSAGE][PASSED] - Object: 'Object Repository/VLink/Page_CCSale/btn_ProcessVLinkTransaction' is clicked on

2023-02-17 21:16:22 - [MESSAGE][PASSED] - vlinkPages.saleCCPage.setDataSCC is PASSED

2023-02-17 21:16:22 - [TEST_STEP][PASSED] - if (verifyTextPresent("Transaction approved, no errors", true)): null

2023-02-17 21:16:22 - [MESSAGE][PASSED] - Text 'Transaction approved, no errors' is present on page  using regular expression

2023-02-17 21:16:22 - [TEST_STEP][PASSED] - println("Transaction Approved, no errors text is present on the Confirmation page"): null

2023-02-17 21:16:22 - [TEST_STEP][PASSED] - out.println("Pass Record Number: " + row): null

2023-02-17 21:16:22 - [TEST_STEP][PASSED] - resText = "Pass": null

2023-02-17 21:16:22 - [TEST_STEP][PASSED] - pages.WriteExcel.demoKey(resText, datText, resColumn, datCloumn, fileLoc, nameSheet, row): pages.WriteExcel.demoKey is PASSED

2023-02-17 21:16:22 - [MESSAGE][PASSED] - pages.WriteExcel.demoKey is PASSED

2023-02-17 21:16:22 - [TEST_STEP][PASSED] - sdfo = getText(findTestObject("Object Repository/Page_VLinkReceipt/pre_STX")): Text of object 'Object Repository/Page_VLinkReceipt/pre_STX' is: '<STX>PTJSRGdKmL1e                  12127303            0  Transaction approved, no errors                   0                                                                                  X OK2063   <ETX>'

2023-02-17 21:16:23 - [MESSAGE][PASSED] - Text of object 'Object Repository/Page_VLinkReceipt/pre_STX' is: '<STX>PTJSRGdKmL1e                  12127303            0  Transaction approved, no errors                   0                                                                                  X OK2063   <ETX>'

2023-02-17 21:16:23 - [TEST_STEP][PASSED] - out.println("sdfo: " + sdfo): null

2023-02-17 21:16:23 - [TEST_STEP][PASSED] - remID = substring(5, 35).trim(): null

2023-02-17 21:16:23 - [TEST_STEP][PASSED] - out.println("Remittance ID: " + remID): null

2023-02-17 21:16:23 - [TEST_STEP][PASSED] - traxID = substring(35, 55).trim(): null

2023-02-17 21:16:23 - [TEST_STEP][PASSED] - out.println("Transaction ID: " + traxID): null

2023-02-17 21:16:23 - [TEST_STEP][PASSED] - out.println("End Record Number: " + row): null

2023-02-17 21:16:23 - [TEST_STEP][PASSED] - closeBrowser(): Browser is closed

2023-02-17 21:16:24 - [MESSAGE][PASSED] - Browser is closed

2023-02-17 21:16:24 - [TEST_STEP][PASSED] - ExecuteTC = findTestData(dataFile).getValue("Execute", row): null

2023-02-17 21:16:24 - [TEST_STEP][PASSED] - out.println("Value of Execute is : " + ExecuteTC): null

2023-02-17 21:16:24 - [TEST_STEP][PASSED] - if (ExecuteTC.equalsIgnoreCase("Y")): Browser is closed

2023-02-17 21:16:24 - [TEST_STEP][PASSED] - out.println("Begin Record Number: " + row): null

2023-02-17 21:16:24 - [TEST_STEP][PASSED] - today = new java.util.Date(): null

2023-02-17 21:16:24 - [TEST_STEP][PASSED] - println(today): null

2023-02-17 21:16:24 - [TEST_STEP][PASSED] - datText = today: null

2023-02-17 21:16:24 - [TEST_STEP][PASSED] - openBrowser(VLinkURL + "authcap.html"): Browser is opened with url: 'https://dev-algorithm.govolution.com/vlinktest/QA/version_2_0/authcap.html'

2023-02-17 21:16:24 - [MESSAGE][INFO] - Starting 'Chrome' driver

2023-02-17 21:16:24 - [MESSAGE][INFO] - User set preference: ['acceptInsecureCerts', 'true']

2023-02-17 21:16:24 - [MESSAGE][INFO] - Action delay is set to 0 milliseconds

2023-02-17 21:16:26 - [MESSAGE][PASSED] - Browser is opened with url: 'https://dev-algorithm.govolution.com/vlinktest/QA/version_2_0/authcap.html'

2023-02-17 21:16:26 - [TEST_STEP][PASSED] - maximizeWindow(): Current window maximized

2023-02-17 21:16:26 - [MESSAGE][PASSED] - Current window maximized

2023-02-17 21:16:26 - [TEST_STEP][PASSED] - vlinkPages.saleCCPage.setDataSCC(row, dataFile): vlinkPages.saleCCPage.setDataSCC is PASSED

2023-02-17 21:16:28 - [MESSAGE][PASSED] - Object 'Object Repository/VLink/Page_CCSale/txt_CardNumber' is present

2023-02-17 21:16:29 - [MESSAGE][PASSED] - Text '104' is set on object 'Object Repository/VLink/Page_CCSale/txt_TransactionType'

2023-02-17 21:16:30 - [MESSAGE][PASSED] - Text '2.0C' is set on object 'Object Repository/VLink/Page_CCSale/txt_MessageVersion'

2023-02-17 21:16:30 - [MESSAGE][PASSED] - Text 'Y0sXRbCBLcMX' is set on object 'Object Repository/VLink/Page_CCSale/txt_RemID'

2023-02-17 21:16:31 - [MESSAGE][PASSED] - Text '665' is set on object 'Object Repository/VLink/Page_CCSale/txt_ApplicationId'

2023-02-17 21:16:32 - [MESSAGE][PASSED] - Text 'username' is set on object 'Object Repository/VLink/Page_CCSale/txt_Username'

2023-02-17 21:16:32 - [MESSAGE][PASSED] - Text 'password' is set on object 'Object Repository/VLink/Page_CCSale/txt_Password'

2023-02-17 21:16:33 - [MESSAGE][PASSED] - Text 'fixed_width' is set on object 'Object Repository/VLink/Page_CCSale/txt_ResponseFormat'

2023-02-17 21:16:33 - [MESSAGE][PASSED] - Text 'RETL' is set on object 'Object Repository/VLink/Page_CCSale/txt_Category'

2023-02-17 21:16:34 - [MESSAGE][PASSED] - Text '' is set on object 'Object Repository/VLink/Page_CCSale/txt_TransactionID'

2023-02-17 21:16:35 - [MESSAGE][PASSED] - Text '' is set on object 'Object Repository/VLink/Page_CCSale/txt_ApprovalCode'

2023-02-17 21:16:35 - [MESSAGE][PASSED] - Text 'Kris Roshan' is set on object 'Object Repository/VLink/Page_CCSale/txt_CardName'

2023-02-17 21:16:36 - [MESSAGE][PASSED] - Text '258 Elm Road' is set on object 'Object Repository/VLink/Page_CCSale/txt_AL1'

2023-02-17 21:16:37 - [MESSAGE][PASSED] - Text 'Suite 56' is set on object 'Object Repository/VLink/Page_CCSale/txt_AL2'

2023-02-17 21:16:38 - [MESSAGE][PASSED] - Text 'Arlington' is set on object 'Object Repository/VLink/Page_CCSale/txt_CardCity'

2023-02-17 21:16:38 - [MESSAGE][PASSED] - Text 'VA' is set on object 'Object Repository/VLink/Page_CCSale/txt_CardState'

2023-02-17 21:16:39 - [MESSAGE][PASSED] - Text '22201' is set on object 'Object Repository/VLink/Page_CCSale/txt_CardZIP'

2023-02-17 21:16:40 - [MESSAGE][PASSED] - Text '840' is set on object 'Object Repository/VLink/Page_CCSale/txt_CountryID'

2023-02-17 21:16:40 - [MESSAGE][PASSED] - Text '1.50' is set on object 'Object Repository/VLink/Page_CCSale/txt_Amount'

2023-02-17 21:16:41 - [MESSAGE][PASSED] - Text '5424000000000015' is set on object 'Object Repository/VLink/Page_CCSale/txt_CardNumber'

2023-02-17 21:16:42 - [MESSAGE][PASSED] - Text '12' is set on object 'Object Repository/VLink/Page_CCSale/txt_ExpMonth'

2023-02-17 21:16:42 - [MESSAGE][PASSED] - Text '2025' is set on object 'Object Repository/VLink/Page_CCSale/txt_ExpYear'

2023-02-17 21:16:43 - [MESSAGE][PASSED] - Text '' is set on object 'Object Repository/VLink/Page_CCSale/txt_CVV'

2023-02-17 21:16:44 - [MESSAGE][PASSED] - Text '' is set on object 'Object Repository/VLink/Page_CCSale/txt_CVVstate'

2023-02-17 21:16:44 - [MESSAGE][PASSED] - Text '' is set on object 'Object Repository/VLink/Page_CCSale/txt_TrackData'

2023-02-17 21:16:45 - [MESSAGE][PASSED] - Text '' is set on object 'Object Repository/VLink/Page_CCSale/txt_Track1Data'

2023-02-17 21:16:46 - [MESSAGE][PASSED] - Text '' is set on object 'Object Repository/VLink/Page_CCSale/txt_Track2Data'

2023-02-17 21:16:46 - [MESSAGE][PASSED] - Text 'manual' is set on object 'Object Repository/VLink/Page_CCSale/txt_POSEntryMode'

2023-02-17 21:16:47 - [MESSAGE][PASSED] - Text 'iahmed@govolution.com' is set on object 'Object Repository/VLink/Page_CCSale/txt_Email'

2023-02-17 21:16:48 - [MESSAGE][PASSED] - Text '2569362' is set on object 'Object Repository/VLink/Page_CCSale/txt_OrderNumber'

2023-02-17 21:16:49 - [MESSAGE][PASSED] - Text '1.15' is set on object 'Object Repository/VLink/Page_CCSale/txt_TaxAmount'

2023-02-17 21:16:49 - [MESSAGE][PASSED] - Text 'Charge Description' is set on object 'Object Repository/VLink/Page_CCSale/txt_ChargeDescription'

2023-02-17 21:16:50 - [MESSAGE][PASSED] - Text '147357' is set on object 'Object Repository/VLink/Page_CCSale/txt_CAN'

2023-02-17 21:16:51 - [MESSAGE][PASSED] - Text '1' is set on object 'Object Repository/VLink/Page_CCSale/txt_BillPaymentIndicator'

2023-02-17 21:16:51 - [MESSAGE][PASSED] - Text 'UDF Data 1' is set on object 'Object Repository/VLink/Page_CCSale/txt_UDF1'

2023-02-17 21:16:52 - [MESSAGE][PASSED] - Text 'UDF Data 2' is set on object 'Object Repository/VLink/Page_CCSale/txt_UDF2'

2023-02-17 21:16:53 - [MESSAGE][PASSED] - Text 'UDF Data 3' is set on object 'Object Repository/VLink/Page_CCSale/txt_UDF3'

2023-02-17 21:16:53 - [MESSAGE][PASSED] - Text 'UDF Data 4' is set on object 'Object Repository/VLink/Page_CCSale/txt_UDF4'

2023-02-17 21:16:54 - [MESSAGE][PASSED] - Text 'UDF Data 5' is set on object 'Object Repository/VLink/Page_CCSale/txt_UDF5'

2023-02-17 21:16:55 - [MESSAGE][PASSED] - Text 'UDF Data 6' is set on object 'Object Repository/VLink/Page_CCSale/txt_UDF6'

2023-02-17 21:16:56 - [MESSAGE][PASSED] - Text 'UDF Data 7' is set on object 'Object Repository/VLink/Page_CCSale/txt_UDF7'

2023-02-17 21:16:56 - [MESSAGE][PASSED] - Text 'UDF Data 8' is set on object 'Object Repository/VLink/Page_CCSale/txt_UDF8'

2023-02-17 21:16:57 - [MESSAGE][PASSED] - Text 'UDF Data 9' is set on object 'Object Repository/VLink/Page_CCSale/txt_UDF9'

2023-02-17 21:16:58 - [MESSAGE][PASSED] - Text 'UDF Data 10' is set on object 'Object Repository/VLink/Page_CCSale/txt_UDF10'

2023-02-17 21:17:00 - [MESSAGE][PASSED] - Object: 'Object Repository/VLink/Page_CCSale/btn_ProcessVLinkTransaction' is clicked on

2023-02-17 21:17:05 - [MESSAGE][PASSED] - vlinkPages.saleCCPage.setDataSCC is PASSED

2023-02-17 21:17:05 - [TEST_STEP][PASSED] - if (verifyTextPresent("Transaction approved, no errors", true)): null

2023-02-17 21:17:06 - [MESSAGE][PASSED] - Text 'Transaction approved, no errors' is present on page  using regular expression

2023-02-17 21:17:06 - [TEST_STEP][PASSED] - println("Transaction Approved, no errors text is present on the Confirmation page"): null

2023-02-17 21:17:06 - [TEST_STEP][PASSED] - out.println("Pass Record Number: " + row): null

2023-02-17 21:17:06 - [TEST_STEP][PASSED] - resText = "Pass": null

2023-02-17 21:17:06 - [TEST_STEP][PASSED] - pages.WriteExcel.demoKey(resText, datText, resColumn, datCloumn, fileLoc, nameSheet, row): pages.WriteExcel.demoKey is PASSED

2023-02-17 21:17:06 - [MESSAGE][PASSED] - pages.WriteExcel.demoKey is PASSED

2023-02-17 21:17:06 - [TEST_STEP][PASSED] - sdfo = getText(findTestObject("Object Repository/Page_VLinkReceipt/pre_STX")): Text of object 'Object Repository/Page_VLinkReceipt/pre_STX' is: '<STX>Y0sXRbCBLcMX                  12127304            0  Transaction approved, no errors                   0                                                                                  X OK2073   <ETX>'

2023-02-17 21:17:06 - [MESSAGE][PASSED] - Text of object 'Object Repository/Page_VLinkReceipt/pre_STX' is: '<STX>Y0sXRbCBLcMX                  12127304            0  Transaction approved, no errors                   0                                                                                  X OK2073   <ETX>'

2023-02-17 21:17:06 - [TEST_STEP][PASSED] - out.println("sdfo: " + sdfo): null

2023-02-17 21:17:06 - [TEST_STEP][PASSED] - remID = substring(5, 35).trim(): null

2023-02-17 21:17:06 - [TEST_STEP][PASSED] - out.println("Remittance ID: " + remID): null

2023-02-17 21:17:06 - [TEST_STEP][PASSED] - traxID = substring(35, 55).trim(): null

2023-02-17 21:17:06 - [TEST_STEP][PASSED] - out.println("Transaction ID: " + traxID): null

2023-02-17 21:17:06 - [TEST_STEP][PASSED] - out.println("End Record Number: " + row): null

2023-02-17 21:17:06 - [TEST_STEP][PASSED] - closeBrowser(): Browser is closed

2023-02-17 21:17:07 - [MESSAGE][PASSED] - Browser is closed

2023-02-17 21:17:07 - [TEST_STEP][PASSED] - ExecuteTC = findTestData(dataFile).getValue("Execute", row): null

2023-02-17 21:17:07 - [TEST_STEP][PASSED] - out.println("Value of Execute is : " + ExecuteTC): null

2023-02-17 21:17:07 - [TEST_STEP][PASSED] - if (ExecuteTC.equalsIgnoreCase("Y")): Browser is closed

2023-02-17 21:17:07 - [TEST_STEP][PASSED] - out.println("Begin Record Number: " + row): null

2023-02-17 21:17:07 - [TEST_STEP][PASSED] - today = new java.util.Date(): null

2023-02-17 21:17:07 - [TEST_STEP][PASSED] - println(today): null

2023-02-17 21:17:07 - [TEST_STEP][PASSED] - datText = today: null

2023-02-17 21:17:07 - [TEST_STEP][PASSED] - openBrowser(VLinkURL + "authcap.html"): Browser is opened with url: 'https://dev-algorithm.govolution.com/vlinktest/QA/version_2_0/authcap.html'

2023-02-17 21:17:07 - [MESSAGE][INFO] - Starting 'Chrome' driver

2023-02-17 21:17:07 - [MESSAGE][INFO] - User set preference: ['acceptInsecureCerts', 'true']

2023-02-17 21:17:07 - [MESSAGE][INFO] - Action delay is set to 0 milliseconds

2023-02-17 21:17:09 - [MESSAGE][PASSED] - Browser is opened with url: 'https://dev-algorithm.govolution.com/vlinktest/QA/version_2_0/authcap.html'

2023-02-17 21:17:09 - [TEST_STEP][PASSED] - maximizeWindow(): Current window maximized

2023-02-17 21:17:09 - [MESSAGE][PASSED] - Current window maximized

2023-02-17 21:17:09 - [TEST_STEP][PASSED] - vlinkPages.saleCCPage.setDataSCC(row, dataFile): vlinkPages.saleCCPage.setDataSCC is PASSED

2023-02-17 21:17:12 - [MESSAGE][PASSED] - Object 'Object Repository/VLink/Page_CCSale/txt_CardNumber' is present

2023-02-17 21:17:13 - [MESSAGE][PASSED] - Text '104' is set on object 'Object Repository/VLink/Page_CCSale/txt_TransactionType'

2023-02-17 21:17:13 - [MESSAGE][PASSED] - Text '2.0C' is set on object 'Object Repository/VLink/Page_CCSale/txt_MessageVersion'

2023-02-17 21:17:14 - [MESSAGE][PASSED] - Text '92Ily1K8kWxA' is set on object 'Object Repository/VLink/Page_CCSale/txt_RemID'

2023-02-17 21:17:14 - [MESSAGE][PASSED] - Text '665' is set on object 'Object Repository/VLink/Page_CCSale/txt_ApplicationId'

2023-02-17 21:17:15 - [MESSAGE][PASSED] - Text 'username' is set on object 'Object Repository/VLink/Page_CCSale/txt_Username'

2023-02-17 21:17:16 - [MESSAGE][PASSED] - Text 'password' is set on object 'Object Repository/VLink/Page_CCSale/txt_Password'

2023-02-17 21:17:16 - [MESSAGE][PASSED] - Text 'fixed_width' is set on object 'Object Repository/VLink/Page_CCSale/txt_ResponseFormat'

2023-02-17 21:17:17 - [MESSAGE][PASSED] - Text 'RETL' is set on object 'Object Repository/VLink/Page_CCSale/txt_Category'

2023-02-17 21:17:18 - [MESSAGE][PASSED] - Text '' is set on object 'Object Repository/VLink/Page_CCSale/txt_TransactionID'

2023-02-17 21:17:18 - [MESSAGE][PASSED] - Text '' is set on object 'Object Repository/VLink/Page_CCSale/txt_ApprovalCode'

2023-02-17 21:17:19 - [MESSAGE][PASSED] - Text 'Roshan Maha' is set on object 'Object Repository/VLink/Page_CCSale/txt_CardName'

2023-02-17 21:17:20 - [MESSAGE][PASSED] - Text '12563 Bazaar road' is set on object 'Object Repository/VLink/Page_CCSale/txt_AL1'

2023-02-17 21:17:20 - [MESSAGE][PASSED] - Text '' is set on object 'Object Repository/VLink/Page_CCSale/txt_AL2'

2023-02-17 21:17:21 - [MESSAGE][PASSED] - Text 'Crofton' is set on object 'Object Repository/VLink/Page_CCSale/txt_CardCity'

2023-02-17 21:17:22 - [MESSAGE][PASSED] - Text 'MD' is set on object 'Object Repository/VLink/Page_CCSale/txt_CardState'

2023-02-17 21:17:23 - [MESSAGE][PASSED] - Text '21114' is set on object 'Object Repository/VLink/Page_CCSale/txt_CardZIP'

2023-02-17 21:17:23 - [MESSAGE][PASSED] - Text '' is set on object 'Object Repository/VLink/Page_CCSale/txt_CountryID'

2023-02-17 21:17:24 - [MESSAGE][PASSED] - Text '3.50' is set on object 'Object Repository/VLink/Page_CCSale/txt_Amount'

2023-02-17 21:17:24 - [MESSAGE][PASSED] - Text '370000000000002' is set on object 'Object Repository/VLink/Page_CCSale/txt_CardNumber'

2023-02-17 21:17:25 - [MESSAGE][PASSED] - Text '01' is set on object 'Object Repository/VLink/Page_CCSale/txt_ExpMonth'

2023-02-17 21:17:26 - [MESSAGE][PASSED] - Text '2026' is set on object 'Object Repository/VLink/Page_CCSale/txt_ExpYear'

2023-02-17 21:17:26 - [MESSAGE][PASSED] - Text '' is set on object 'Object Repository/VLink/Page_CCSale/txt_CVV'

2023-02-17 21:17:27 - [MESSAGE][PASSED] - Text '' is set on object 'Object Repository/VLink/Page_CCSale/txt_CVVstate'

2023-02-17 21:17:28 - [MESSAGE][PASSED] - Text '' is set on object 'Object Repository/VLink/Page_CCSale/txt_TrackData'

2023-02-17 21:17:28 - [MESSAGE][PASSED] - Text '' is set on object 'Object Repository/VLink/Page_CCSale/txt_Track1Data'

2023-02-17 21:17:29 - [MESSAGE][PASSED] - Text '' is set on object 'Object Repository/VLink/Page_CCSale/txt_Track2Data'

2023-02-17 21:17:30 - [MESSAGE][PASSED] - Text 'manual' is set on object 'Object Repository/VLink/Page_CCSale/txt_POSEntryMode'

2023-02-17 21:17:31 - [MESSAGE][PASSED] - Text '' is set on object 'Object Repository/VLink/Page_CCSale/txt_Email'

2023-02-17 21:17:31 - [MESSAGE][PASSED] - Text '' is set on object 'Object Repository/VLink/Page_CCSale/txt_OrderNumber'

2023-02-17 21:17:32 - [MESSAGE][PASSED] - Text '' is set on object 'Object Repository/VLink/Page_CCSale/txt_TaxAmount'

2023-02-17 21:17:33 - [MESSAGE][PASSED] - Text '' is set on object 'Object Repository/VLink/Page_CCSale/txt_ChargeDescription'

2023-02-17 21:17:33 - [MESSAGE][PASSED] - Text '' is set on object 'Object Repository/VLink/Page_CCSale/txt_CAN'

2023-02-17 21:17:34 - [MESSAGE][PASSED] - Text '' is set on object 'Object Repository/VLink/Page_CCSale/txt_BillPaymentIndicator'

2023-02-17 21:17:35 - [MESSAGE][PASSED] - Text '' is set on object 'Object Repository/VLink/Page_CCSale/txt_UDF1'

2023-02-17 21:17:35 - [MESSAGE][PASSED] - Text '' is set on object 'Object Repository/VLink/Page_CCSale/txt_UDF2'

2023-02-17 21:17:36 - [MESSAGE][PASSED] - Text '' is set on object 'Object Repository/VLink/Page_CCSale/txt_UDF3'

2023-02-17 21:17:37 - [MESSAGE][PASSED] - Text '' is set on object 'Object Repository/VLink/Page_CCSale/txt_UDF4'

2023-02-17 21:17:37 - [MESSAGE][PASSED] - Text '' is set on object 'Object Repository/VLink/Page_CCSale/txt_UDF5'

2023-02-17 21:17:38 - [MESSAGE][PASSED] - Text '' is set on object 'Object Repository/VLink/Page_CCSale/txt_UDF6'

2023-02-17 21:17:39 - [MESSAGE][PASSED] - Text '' is set on object 'Object Repository/VLink/Page_CCSale/txt_UDF7'

2023-02-17 21:17:39 - [MESSAGE][PASSED] - Text '' is set on object 'Object Repository/VLink/Page_CCSale/txt_UDF8'

2023-02-17 21:17:40 - [MESSAGE][PASSED] - Text '' is set on object 'Object Repository/VLink/Page_CCSale/txt_UDF9'

2023-02-17 21:17:41 - [MESSAGE][PASSED] - Text '' is set on object 'Object Repository/VLink/Page_CCSale/txt_UDF10'

2023-02-17 21:17:43 - [MESSAGE][PASSED] - Object: 'Object Repository/VLink/Page_CCSale/btn_ProcessVLinkTransaction' is clicked on

2023-02-17 21:17:48 - [MESSAGE][PASSED] - vlinkPages.saleCCPage.setDataSCC is PASSED

2023-02-17 21:17:48 - [TEST_STEP][PASSED] - if (verifyTextPresent("Transaction approved, no errors", true)): null

2023-02-17 21:17:48 - [MESSAGE][PASSED] - Text 'Transaction approved, no errors' is present on page  using regular expression

2023-02-17 21:17:48 - [TEST_STEP][PASSED] - println("Transaction Approved, no errors text is present on the Confirmation page"): null

2023-02-17 21:17:48 - [TEST_STEP][PASSED] - out.println("Pass Record Number: " + row): null

2023-02-17 21:17:48 - [TEST_STEP][PASSED] - resText = "Pass": null

2023-02-17 21:17:48 - [TEST_STEP][PASSED] - pages.WriteExcel.demoKey(resText, datText, resColumn, datCloumn, fileLoc, nameSheet, row): pages.WriteExcel.demoKey is PASSED

2023-02-17 21:17:48 - [MESSAGE][PASSED] - pages.WriteExcel.demoKey is PASSED

2023-02-17 21:17:48 - [TEST_STEP][PASSED] - sdfo = getText(findTestObject("Object Repository/Page_VLinkReceipt/pre_STX")): Text of object 'Object Repository/Page_VLinkReceipt/pre_STX' is: '<STX>92Ily1K8kWxA                  12127305            0  Transaction approved, no errors                   0                                                                                  X OK2133   <ETX>'

2023-02-17 21:17:49 - [MESSAGE][PASSED] - Text of object 'Object Repository/Page_VLinkReceipt/pre_STX' is: '<STX>92Ily1K8kWxA                  12127305            0  Transaction approved, no errors                   0                                                                                  X OK2133   <ETX>'

2023-02-17 21:17:49 - [TEST_STEP][PASSED] - out.println("sdfo: " + sdfo): null

2023-02-17 21:17:49 - [TEST_STEP][PASSED] - remID = substring(5, 35).trim(): null

2023-02-17 21:17:49 - [TEST_STEP][PASSED] - out.println("Remittance ID: " + remID): null

2023-02-17 21:17:49 - [TEST_STEP][PASSED] - traxID = substring(35, 55).trim(): null

2023-02-17 21:17:49 - [TEST_STEP][PASSED] - out.println("Transaction ID: " + traxID): null

2023-02-17 21:17:49 - [TEST_STEP][PASSED] - out.println("End Record Number: " + row): null

2023-02-17 21:17:49 - [TEST_STEP][PASSED] - closeBrowser(): Browser is closed

2023-02-17 21:17:50 - [MESSAGE][PASSED] - Browser is closed

2023-02-17 21:17:50 - [TEST_STEP][PASSED] - ExecuteTC = findTestData(dataFile).getValue("Execute", row): null

2023-02-17 21:17:50 - [TEST_STEP][PASSED] - out.println("Value of Execute is : " + ExecuteTC): null

2023-02-17 21:17:50 - [TEST_STEP][PASSED] - if (ExecuteTC.equalsIgnoreCase("Y")): Browser is closed

2023-02-17 21:17:50 - [TEST_STEP][PASSED] - out.println("Begin Record Number: " + row): null

2023-02-17 21:17:50 - [TEST_STEP][PASSED] - today = new java.util.Date(): null

2023-02-17 21:17:50 - [TEST_STEP][PASSED] - println(today): null

2023-02-17 21:17:50 - [TEST_STEP][PASSED] - datText = today: null

2023-02-17 21:17:50 - [TEST_STEP][PASSED] - openBrowser(VLinkURL + "authcap.html"): Browser is opened with url: 'https://dev-algorithm.govolution.com/vlinktest/QA/version_2_0/authcap.html'

2023-02-17 21:17:50 - [MESSAGE][INFO] - Starting 'Chrome' driver

2023-02-17 21:17:50 - [MESSAGE][INFO] - User set preference: ['acceptInsecureCerts', 'true']

2023-02-17 21:17:50 - [MESSAGE][INFO] - Action delay is set to 0 milliseconds

2023-02-17 21:17:52 - [MESSAGE][PASSED] - Browser is opened with url: 'https://dev-algorithm.govolution.com/vlinktest/QA/version_2_0/authcap.html'

2023-02-17 21:17:52 - [TEST_STEP][PASSED] - maximizeWindow(): Current window maximized

2023-02-17 21:17:52 - [MESSAGE][PASSED] - Current window maximized

2023-02-17 21:17:52 - [TEST_STEP][PASSED] - vlinkPages.saleCCPage.setDataSCC(row, dataFile): vlinkPages.saleCCPage.setDataSCC is PASSED

2023-02-17 21:17:55 - [MESSAGE][PASSED] - Object 'Object Repository/VLink/Page_CCSale/txt_CardNumber' is present

2023-02-17 21:17:55 - [MESSAGE][PASSED] - Text '104' is set on object 'Object Repository/VLink/Page_CCSale/txt_TransactionType'

2023-02-17 21:17:56 - [MESSAGE][PASSED] - Text '2.0C' is set on object 'Object Repository/VLink/Page_CCSale/txt_MessageVersion'

2023-02-17 21:17:56 - [MESSAGE][PASSED] - Text 'qFEkjWKxH1Pi' is set on object 'Object Repository/VLink/Page_CCSale/txt_RemID'

2023-02-17 21:17:57 - [MESSAGE][PASSED] - Text '665' is set on object 'Object Repository/VLink/Page_CCSale/txt_ApplicationId'

2023-02-17 21:17:58 - [MESSAGE][PASSED] - Text 'username' is set on object 'Object Repository/VLink/Page_CCSale/txt_Username'

2023-02-17 21:17:58 - [MESSAGE][PASSED] - Text 'password' is set on object 'Object Repository/VLink/Page_CCSale/txt_Password'

2023-02-17 21:17:59 - [MESSAGE][PASSED] - Text 'fixed_width' is set on object 'Object Repository/VLink/Page_CCSale/txt_ResponseFormat'

2023-02-17 21:18:00 - [MESSAGE][PASSED] - Text 'RETL' is set on object 'Object Repository/VLink/Page_CCSale/txt_Category'

2023-02-17 21:18:00 - [MESSAGE][PASSED] - Text '' is set on object 'Object Repository/VLink/Page_CCSale/txt_TransactionID'

2023-02-17 21:18:01 - [MESSAGE][PASSED] - Text '' is set on object 'Object Repository/VLink/Page_CCSale/txt_ApprovalCode'

2023-02-17 21:18:02 - [MESSAGE][PASSED] - Text 'Kris Roshan' is set on object 'Object Repository/VLink/Page_CCSale/txt_CardName'

2023-02-17 21:18:02 - [MESSAGE][PASSED] - Text '258 Elm Road' is set on object 'Object Repository/VLink/Page_CCSale/txt_AL1'

2023-02-17 21:18:03 - [MESSAGE][PASSED] - Text 'Suite 56' is set on object 'Object Repository/VLink/Page_CCSale/txt_AL2'

2023-02-17 21:18:04 - [MESSAGE][PASSED] - Text 'Arlington' is set on object 'Object Repository/VLink/Page_CCSale/txt_CardCity'

2023-02-17 21:18:04 - [MESSAGE][PASSED] - Text 'VA' is set on object 'Object Repository/VLink/Page_CCSale/txt_CardState'

2023-02-17 21:18:05 - [MESSAGE][PASSED] - Text '22201' is set on object 'Object Repository/VLink/Page_CCSale/txt_CardZIP'

2023-02-17 21:18:06 - [MESSAGE][PASSED] - Text '840' is set on object 'Object Repository/VLink/Page_CCSale/txt_CountryID'

2023-02-17 21:18:06 - [MESSAGE][PASSED] - Text '1.50' is set on object 'Object Repository/VLink/Page_CCSale/txt_Amount'

2023-02-17 21:18:07 - [MESSAGE][PASSED] - Text '6011000000000004' is set on object 'Object Repository/VLink/Page_CCSale/txt_CardNumber'

2023-02-17 21:18:08 - [MESSAGE][PASSED] - Text '12' is set on object 'Object Repository/VLink/Page_CCSale/txt_ExpMonth'

2023-02-17 21:18:08 - [MESSAGE][PASSED] - Text '2025' is set on object 'Object Repository/VLink/Page_CCSale/txt_ExpYear'

2023-02-17 21:18:09 - [MESSAGE][PASSED] - Text '' is set on object 'Object Repository/VLink/Page_CCSale/txt_CVV'

2023-02-17 21:18:10 - [MESSAGE][PASSED] - Text '' is set on object 'Object Repository/VLink/Page_CCSale/txt_CVVstate'

2023-02-17 21:18:11 - [MESSAGE][PASSED] - Text '' is set on object 'Object Repository/VLink/Page_CCSale/txt_TrackData'

2023-02-17 21:18:11 - [MESSAGE][PASSED] - Text '' is set on object 'Object Repository/VLink/Page_CCSale/txt_Track1Data'

2023-02-17 21:18:12 - [MESSAGE][PASSED] - Text '' is set on object 'Object Repository/VLink/Page_CCSale/txt_Track2Data'

2023-02-17 21:18:13 - [MESSAGE][PASSED] - Text 'manual' is set on object 'Object Repository/VLink/Page_CCSale/txt_POSEntryMode'

2023-02-17 21:18:13 - [MESSAGE][PASSED] - Text 'iahmed@govolution.com' is set on object 'Object Repository/VLink/Page_CCSale/txt_Email'

2023-02-17 21:18:14 - [MESSAGE][PASSED] - Text '2569362' is set on object 'Object Repository/VLink/Page_CCSale/txt_OrderNumber'

2023-02-17 21:18:15 - [MESSAGE][PASSED] - Text '1.15' is set on object 'Object Repository/VLink/Page_CCSale/txt_TaxAmount'

2023-02-17 21:18:15 - [MESSAGE][PASSED] - Text 'Charge Description' is set on object 'Object Repository/VLink/Page_CCSale/txt_ChargeDescription'

2023-02-17 21:18:16 - [MESSAGE][PASSED] - Text '147357' is set on object 'Object Repository/VLink/Page_CCSale/txt_CAN'

2023-02-17 21:18:17 - [MESSAGE][PASSED] - Text '1' is set on object 'Object Repository/VLink/Page_CCSale/txt_BillPaymentIndicator'

2023-02-17 21:18:17 - [MESSAGE][PASSED] - Text 'UDF Data 1' is set on object 'Object Repository/VLink/Page_CCSale/txt_UDF1'

2023-02-17 21:18:18 - [MESSAGE][PASSED] - Text 'UDF Data 2' is set on object 'Object Repository/VLink/Page_CCSale/txt_UDF2'

2023-02-17 21:18:19 - [MESSAGE][PASSED] - Text 'UDF Data 3' is set on object 'Object Repository/VLink/Page_CCSale/txt_UDF3'

2023-02-17 21:18:19 - [MESSAGE][PASSED] - Text 'UDF Data 4' is set on object 'Object Repository/VLink/Page_CCSale/txt_UDF4'

2023-02-17 21:18:20 - [MESSAGE][PASSED] - Text 'UDF Data 5' is set on object 'Object Repository/VLink/Page_CCSale/txt_UDF5'

2023-02-17 21:18:21 - [MESSAGE][PASSED] - Text 'UDF Data 6' is set on object 'Object Repository/VLink/Page_CCSale/txt_UDF6'

2023-02-17 21:18:22 - [MESSAGE][PASSED] - Text 'UDF Data 7' is set on object 'Object Repository/VLink/Page_CCSale/txt_UDF7'

2023-02-17 21:18:22 - [MESSAGE][PASSED] - Text 'UDF Data 8' is set on object 'Object Repository/VLink/Page_CCSale/txt_UDF8'

2023-02-17 21:18:23 - [MESSAGE][PASSED] - Text 'UDF Data 9' is set on object 'Object Repository/VLink/Page_CCSale/txt_UDF9'

2023-02-17 21:18:24 - [MESSAGE][PASSED] - Text 'UDF Data 10' is set on object 'Object Repository/VLink/Page_CCSale/txt_UDF10'

2023-02-17 21:18:26 - [MESSAGE][PASSED] - Object: 'Object Repository/VLink/Page_CCSale/btn_ProcessVLinkTransaction' is clicked on

2023-02-17 21:18:31 - [MESSAGE][PASSED] - vlinkPages.saleCCPage.setDataSCC is PASSED

2023-02-17 21:18:31 - [TEST_STEP][PASSED] - if (verifyTextPresent("Transaction approved, no errors", true)): null

2023-02-17 21:18:32 - [MESSAGE][PASSED] - Text 'Transaction approved, no errors' is present on page  using regular expression

2023-02-17 21:18:32 - [TEST_STEP][PASSED] - println("Transaction Approved, no errors text is present on the Confirmation page"): null

2023-02-17 21:18:32 - [TEST_STEP][PASSED] - out.println("Pass Record Number: " + row): null

2023-02-17 21:18:32 - [TEST_STEP][PASSED] - resText = "Pass": null

2023-02-17 21:18:32 - [TEST_STEP][PASSED] - pages.WriteExcel.demoKey(resText, datText, resColumn, datCloumn, fileLoc, nameSheet, row): pages.WriteExcel.demoKey is PASSED

2023-02-17 21:18:32 - [MESSAGE][PASSED] - pages.WriteExcel.demoKey is PASSED

2023-02-17 21:18:32 - [TEST_STEP][PASSED] - sdfo = getText(findTestObject("Object Repository/Page_VLinkReceipt/pre_STX")): Text of object 'Object Repository/Page_VLinkReceipt/pre_STX' is: '<STX>qFEkjWKxH1Pi                  12127306            0  Transaction approved, no errors                   0                                                                                  X OK2223   <ETX>'

2023-02-17 21:18:32 - [MESSAGE][PASSED] - Text of object 'Object Repository/Page_VLinkReceipt/pre_STX' is: '<STX>qFEkjWKxH1Pi                  12127306            0  Transaction approved, no errors                   0                                                                                  X OK2223   <ETX>'

2023-02-17 21:18:32 - [TEST_STEP][PASSED] - out.println("sdfo: " + sdfo): null

2023-02-17 21:18:32 - [TEST_STEP][PASSED] - remID = substring(5, 35).trim(): null

2023-02-17 21:18:32 - [TEST_STEP][PASSED] - out.println("Remittance ID: " + remID): null

2023-02-17 21:18:32 - [TEST_STEP][PASSED] - traxID = substring(35, 55).trim(): null

2023-02-17 21:18:32 - [TEST_STEP][PASSED] - out.println("Transaction ID: " + traxID): null

2023-02-17 21:18:32 - [TEST_STEP][PASSED] - out.println("End Record Number: " + row): null

2023-02-17 21:18:32 - [TEST_STEP][PASSED] - closeBrowser(): Browser is closed

2023-02-17 21:18:33 - [MESSAGE][PASSED] - Browser is closed

2023-02-17 21:18:33 - [TEST_STEP][PASSED] - ExecuteTC = findTestData(dataFile).getValue("Execute", row): null

2023-02-17 21:18:33 - [TEST_STEP][PASSED] - out.println("Value of Execute is : " + ExecuteTC): null

2023-02-17 21:18:33 - [TEST_STEP][FAILED] - if (ExecuteTC.equalsIgnoreCase("Y")): null

2023-02-17 21:18:33 - [TEST_STEP][PASSED] - out.println("Begin Record Number: " + row): null

2023-02-17 21:18:33 - [TEST_STEP][PASSED] - today = new java.util.Date(): null

2023-02-17 21:18:33 - [TEST_STEP][PASSED] - println(today): null

2023-02-17 21:18:33 - [TEST_STEP][PASSED] - datText = today: null

2023-02-17 21:18:33 - [TEST_STEP][PASSED] - openBrowser(VLinkURL + "authcap.html"): Browser is opened with url: 'https://dev-algorithm.govolution.com/vlinktest/QA/version_2_0/authcap.html'

2023-02-17 21:18:33 - [MESSAGE][INFO] - Starting 'Chrome' driver

2023-02-17 21:18:33 - [MESSAGE][INFO] - User set preference: ['acceptInsecureCerts', 'true']

2023-02-17 21:18:33 - [MESSAGE][INFO] - Action delay is set to 0 milliseconds

2023-02-17 21:18:35 - [MESSAGE][PASSED] - Browser is opened with url: 'https://dev-algorithm.govolution.com/vlinktest/QA/version_2_0/authcap.html'

2023-02-17 21:18:35 - [TEST_STEP][PASSED] - maximizeWindow(): Current window maximized

2023-02-17 21:18:35 - [MESSAGE][PASSED] - Current window maximized

2023-02-17 21:18:35 - [TEST_STEP][PASSED] - vlinkPages.saleCCPage.setDataSCC(row, dataFile): vlinkPages.saleCCPage.setDataSCC is PASSED

2023-02-17 21:18:38 - [MESSAGE][PASSED] - Object 'Object Repository/VLink/Page_CCSale/txt_CardNumber' is present

2023-02-17 21:18:38 - [MESSAGE][PASSED] - Text '104' is set on object 'Object Repository/VLink/Page_CCSale/txt_TransactionType'

2023-02-17 21:18:39 - [MESSAGE][PASSED] - Text '2.0C' is set on object 'Object Repository/VLink/Page_CCSale/txt_MessageVersion'

2023-02-17 21:18:40 - [MESSAGE][PASSED] - Text 'kuc9pfqocVHY' is set on object 'Object Repository/VLink/Page_CCSale/txt_RemID'

2023-02-17 21:18:40 - [MESSAGE][PASSED] - Text '667' is set on object 'Object Repository/VLink/Page_CCSale/txt_ApplicationId'

2023-02-17 21:18:41 - [MESSAGE][PASSED] - Text 'username' is set on object 'Object Repository/VLink/Page_CCSale/txt_Username'

2023-02-17 21:18:41 - [MESSAGE][PASSED] - Text 'password' is set on object 'Object Repository/VLink/Page_CCSale/txt_Password'

2023-02-17 21:18:42 - [MESSAGE][PASSED] - Text 'fixed_width' is set on object 'Object Repository/VLink/Page_CCSale/txt_ResponseFormat'

2023-02-17 21:18:43 - [MESSAGE][PASSED] - Text 'ECOM' is set on object 'Object Repository/VLink/Page_CCSale/txt_Category'

2023-02-17 21:18:43 - [MESSAGE][PASSED] - Text '' is set on object 'Object Repository/VLink/Page_CCSale/txt_TransactionID'

2023-02-17 21:18:44 - [MESSAGE][PASSED] - Text '' is set on object 'Object Repository/VLink/Page_CCSale/txt_ApprovalCode'

2023-02-17 21:18:45 - [MESSAGE][PASSED] - Text 'Kris Roshan' is set on object 'Object Repository/VLink/Page_CCSale/txt_CardName'

2023-02-17 21:18:45 - [MESSAGE][PASSED] - Text '258 Elm Road' is set on object 'Object Repository/VLink/Page_CCSale/txt_AL1'

2023-02-17 21:18:46 - [MESSAGE][PASSED] - Text 'Suite 56' is set on object 'Object Repository/VLink/Page_CCSale/txt_AL2'

2023-02-17 21:18:47 - [MESSAGE][PASSED] - Text 'Arlington' is set on object 'Object Repository/VLink/Page_CCSale/txt_CardCity'

2023-02-17 21:18:47 - [MESSAGE][PASSED] - Text 'VA' is set on object 'Object Repository/VLink/Page_CCSale/txt_CardState'

2023-02-17 21:18:48 - [MESSAGE][PASSED] - Text '22201' is set on object 'Object Repository/VLink/Page_CCSale/txt_CardZIP'

2023-02-17 21:18:49 - [MESSAGE][PASSED] - Text '840' is set on object 'Object Repository/VLink/Page_CCSale/txt_CountryID'

2023-02-17 21:18:49 - [MESSAGE][PASSED] - Text '1.50' is set on object 'Object Repository/VLink/Page_CCSale/txt_Amount'

2023-02-17 21:18:50 - [MESSAGE][PASSED] - Text '4111111111111111' is set on object 'Object Repository/VLink/Page_CCSale/txt_CardNumber'

2023-02-17 21:18:51 - [MESSAGE][PASSED] - Text '12' is set on object 'Object Repository/VLink/Page_CCSale/txt_ExpMonth'

2023-02-17 21:18:51 - [MESSAGE][PASSED] - Text '2025' is set on object 'Object Repository/VLink/Page_CCSale/txt_ExpYear'

2023-02-17 21:18:52 - [MESSAGE][PASSED] - Text '' is set on object 'Object Repository/VLink/Page_CCSale/txt_CVV'

2023-02-17 21:18:53 - [MESSAGE][PASSED] - Text '' is set on object 'Object Repository/VLink/Page_CCSale/txt_CVVstate'

2023-02-17 21:18:53 - [MESSAGE][PASSED] - Text '' is set on object 'Object Repository/VLink/Page_CCSale/txt_TrackData'

2023-02-17 21:18:54 - [MESSAGE][PASSED] - Text '' is set on object 'Object Repository/VLink/Page_CCSale/txt_Track1Data'

2023-02-17 21:18:55 - [MESSAGE][PASSED] - Text '' is set on object 'Object Repository/VLink/Page_CCSale/txt_Track2Data'

2023-02-17 21:18:55 - [MESSAGE][PASSED] - Text 'manual' is set on object 'Object Repository/VLink/Page_CCSale/txt_POSEntryMode'

2023-02-17 21:18:56 - [MESSAGE][PASSED] - Text 'iahmed@govolution.com' is set on object 'Object Repository/VLink/Page_CCSale/txt_Email'

2023-02-17 21:18:57 - [MESSAGE][PASSED] - Text '2569362' is set on object 'Object Repository/VLink/Page_CCSale/txt_OrderNumber'

2023-02-17 21:18:58 - [MESSAGE][PASSED] - Text '1.15' is set on object 'Object Repository/VLink/Page_CCSale/txt_TaxAmount'

2023-02-17 21:18:58 - [MESSAGE][PASSED] - Text 'Charge Description' is set on object 'Object Repository/VLink/Page_CCSale/txt_ChargeDescription'

2023-02-17 21:18:59 - [MESSAGE][PASSED] - Text '147357' is set on object 'Object Repository/VLink/Page_CCSale/txt_CAN'

2023-02-17 21:19:00 - [MESSAGE][PASSED] - Text '1' is set on object 'Object Repository/VLink/Page_CCSale/txt_BillPaymentIndicator'

2023-02-17 21:19:00 - [MESSAGE][PASSED] - Text 'UDF Data 1' is set on object 'Object Repository/VLink/Page_CCSale/txt_UDF1'

2023-02-17 21:19:01 - [MESSAGE][PASSED] - Text 'UDF Data 2' is set on object 'Object Repository/VLink/Page_CCSale/txt_UDF2'

2023-02-17 21:19:02 - [MESSAGE][PASSED] - Text 'UDF Data 3' is set on object 'Object Repository/VLink/Page_CCSale/txt_UDF3'

2023-02-17 21:19:02 - [MESSAGE][PASSED] - Text 'UDF Data 4' is set on object 'Object Repository/VLink/Page_CCSale/txt_UDF4'

2023-02-17 21:19:03 - [MESSAGE][PASSED] - Text 'UDF Data 5' is set on object 'Object Repository/VLink/Page_CCSale/txt_UDF5'

2023-02-17 21:19:04 - [MESSAGE][PASSED] - Text 'UDF Data 6' is set on object 'Object Repository/VLink/Page_CCSale/txt_UDF6'

2023-02-17 21:19:04 - [MESSAGE][PASSED] - Text 'UDF Data 7' is set on object 'Object Repository/VLink/Page_CCSale/txt_UDF7'

2023-02-17 21:19:05 - [MESSAGE][PASSED] - Text 'UDF Data 8' is set on object 'Object Repository/VLink/Page_CCSale/txt_UDF8'

2023-02-17 21:19:06 - [MESSAGE][PASSED] - Text 'UDF Data 9' is set on object 'Object Repository/VLink/Page_CCSale/txt_UDF9'

2023-02-17 21:19:06 - [MESSAGE][PASSED] - Text 'UDF Data 10' is set on object 'Object Repository/VLink/Page_CCSale/txt_UDF10'

2023-02-17 21:19:09 - [MESSAGE][PASSED] - Object: 'Object Repository/VLink/Page_CCSale/btn_ProcessVLinkTransaction' is clicked on

2023-02-17 21:19:14 - [MESSAGE][PASSED] - vlinkPages.saleCCPage.setDataSCC is PASSED

2023-02-17 21:19:14 - [TEST_STEP][FAILED] - if (verifyTextPresent("Transaction approved, no errors", true)): Text 'Transaction approved, no errors' is not present on page  using regular expression (Root cause: com.kms.katalon.core.exception.StepFailedException: Text 'Transaction approved, no errors' is not present on page  using regular expression
	at com.kms.katalon.core.webui.keyword.internal.WebUIKeywordMain.stepFailed(WebUIKeywordMain.groovy:64)
	at com.kms.katalon.core.webui.keyword.builtin.VerifyTextPresentKeyword$_verifyTextPresent_closure1.doCall(VerifyTextPresentKeyword.groovy:79)
	at com.kms.katalon.core.webui.keyword.builtin.VerifyTextPresentKeyword$_verifyTextPresent_closure1.call(VerifyTextPresentKeyword.groovy)
	at com.kms.katalon.core.webui.keyword.internal.WebUIKeywordMain.runKeyword(WebUIKeywordMain.groovy:20)
	at com.kms.katalon.core.webui.keyword.builtin.VerifyTextPresentKeyword.verifyTextPresent(VerifyTextPresentKeyword.groovy:83)
	at com.kms.katalon.core.webui.keyword.builtin.VerifyTextPresentKeyword.execute(VerifyTextPresentKeyword.groovy:68)
	at com.kms.katalon.core.keyword.internal.KeywordExecutor.executeKeywordForPlatform(KeywordExecutor.groovy:74)
	at com.kms.katalon.core.webui.keyword.WebUiBuiltInKeywords.verifyTextPresent(WebUiBuiltInKeywords.groovy:1723)
	at com.kms.katalon.core.webui.keyword.WebUiBuiltInKeywords$verifyTextPresent$4.call(Unknown Source)
	at VLinkSale-Successful.run(VLinkSale-Successful:89)
	at com.kms.katalon.core.main.ScriptEngine.run(ScriptEngine.java:194)
	at com.kms.katalon.core.main.ScriptEngine.runScriptAsRawText(ScriptEngine.java:119)
	at com.kms.katalon.core.main.TestCaseExecutor.runScript(TestCaseExecutor.java:442)
	at com.kms.katalon.core.main.TestCaseExecutor.doExecute(TestCaseExecutor.java:433)
	at com.kms.katalon.core.main.TestCaseExecutor.processExecutionPhase(TestCaseExecutor.java:412)
	at com.kms.katalon.core.main.TestCaseExecutor.accessMainPhase(TestCaseExecutor.java:404)
	at com.kms.katalon.core.main.TestCaseExecutor.execute(TestCaseExecutor.java:281)
	at com.kms.katalon.core.main.TestSuiteExecutor.accessTestCaseMainPhase(TestSuiteExecutor.java:202)
	at com.kms.katalon.core.main.TestSuiteExecutor.accessTestSuiteMainPhase(TestSuiteExecutor.java:164)
	at com.kms.katalon.core.main.TestSuiteExecutor.execute(TestSuiteExecutor.java:105)
	at com.kms.katalon.core.main.TestCaseMain.startTestSuite(TestCaseMain.java:185)
	at com.kms.katalon.core.main.TestCaseMain$startTestSuite$0.call(Unknown Source)
	at TempTestSuite1676684116661.run(TempTestSuite1676684116661.groovy:36)
)

2023-02-17 21:19:14 - [MESSAGE][FAILED] - Text 'Transaction approved, no errors' is not present on page  using regular expression (Root cause: com.kms.katalon.core.exception.StepFailedException: Text 'Transaction approved, no errors' is not present on page  using regular expression
	at com.kms.katalon.core.webui.keyword.internal.WebUIKeywordMain.stepFailed(WebUIKeywordMain.groovy:64)
	at com.kms.katalon.core.webui.keyword.builtin.VerifyTextPresentKeyword$_verifyTextPresent_closure1.doCall(VerifyTextPresentKeyword.groovy:79)
	at com.kms.katalon.core.webui.keyword.builtin.VerifyTextPresentKeyword$_verifyTextPresent_closure1.call(VerifyTextPresentKeyword.groovy)
	at com.kms.katalon.core.webui.keyword.internal.WebUIKeywordMain.runKeyword(WebUIKeywordMain.groovy:20)
	at com.kms.katalon.core.webui.keyword.builtin.VerifyTextPresentKeyword.verifyTextPresent(VerifyTextPresentKeyword.groovy:83)
	at com.kms.katalon.core.webui.keyword.builtin.VerifyTextPresentKeyword.execute(VerifyTextPresentKeyword.groovy:68)
	at com.kms.katalon.core.keyword.internal.KeywordExecutor.executeKeywordForPlatform(KeywordExecutor.groovy:74)
	at com.kms.katalon.core.webui.keyword.WebUiBuiltInKeywords.verifyTextPresent(WebUiBuiltInKeywords.groovy:1723)
	at com.kms.katalon.core.webui.keyword.WebUiBuiltInKeywords$verifyTextPresent$4.call(Unknown Source)
	at VLinkSale-Successful.run(VLinkSale-Successful:89)
	at com.kms.katalon.core.main.ScriptEngine.run(ScriptEngine.java:194)
	at com.kms.katalon.core.main.ScriptEngine.runScriptAsRawText(ScriptEngine.java:119)
	at com.kms.katalon.core.main.TestCaseExecutor.runScript(TestCaseExecutor.java:442)
	at com.kms.katalon.core.main.TestCaseExecutor.doExecute(TestCaseExecutor.java:433)
	at com.kms.katalon.core.main.TestCaseExecutor.processExecutionPhase(TestCaseExecutor.java:412)
	at com.kms.katalon.core.main.TestCaseExecutor.accessMainPhase(TestCaseExecutor.java:404)
	at com.kms.katalon.core.main.TestCaseExecutor.execute(TestCaseExecutor.java:281)
	at com.kms.katalon.core.main.TestSuiteExecutor.accessTestCaseMainPhase(TestSuiteExecutor.java:202)
	at com.kms.katalon.core.main.TestSuiteExecutor.accessTestSuiteMainPhase(TestSuiteExecutor.java:164)
	at com.kms.katalon.core.main.TestSuiteExecutor.execute(TestSuiteExecutor.java:105)
	at com.kms.katalon.core.main.TestCaseMain.startTestSuite(TestCaseMain.java:185)
	at com.kms.katalon.core.main.TestCaseMain$startTestSuite$0.call(Unknown Source)
	at TempTestSuite1676684116661.run(TempTestSuite1676684116661.groovy:36)
)

2023-02-17 21:19:14 - [TEST_STEP][PASSED] - else: pages.WriteExcel.demoKey is PASSED

2023-02-17 21:19:14 - [TEST_STEP][PASSED] - println("Transaction Approved, no errors text is not present on the Confirmation page"): null

2023-02-17 21:19:14 - [TEST_STEP][PASSED] - out.println("Fail Record Number: " + row): null

2023-02-17 21:19:14 - [TEST_STEP][PASSED] - resText = "Fail": null

2023-02-17 21:19:14 - [TEST_STEP][PASSED] - pages.WriteExcel.demoKey(resText, datText, resColumn, datCloumn, fileLoc, nameSheet, row): pages.WriteExcel.demoKey is PASSED

2023-02-17 21:19:14 - [MESSAGE][PASSED] - pages.WriteExcel.demoKey is PASSED

2023-02-17 21:19:14 - [TEST_STEP][PASSED] - sdfo = getText(findTestObject("Object Repository/Page_VLinkReceipt/pre_STX")): Text of object 'Object Repository/Page_VLinkReceipt/pre_STX' is: '<STX>kuc9pfqocVHY                  12127307            2  Transaction failed                                105Processor reported error                                                                   <ETX>'

2023-02-17 21:19:15 - [MESSAGE][PASSED] - Text of object 'Object Repository/Page_VLinkReceipt/pre_STX' is: '<STX>kuc9pfqocVHY                  12127307            2  Transaction failed                                105Processor reported error                                                                   <ETX>'

2023-02-17 21:19:15 - [TEST_STEP][PASSED] - out.println("sdfo: " + sdfo): null

2023-02-17 21:19:15 - [TEST_STEP][PASSED] - remID = substring(5, 35).trim(): null

2023-02-17 21:19:15 - [TEST_STEP][PASSED] - out.println("Remittance ID: " + remID): null

2023-02-17 21:19:15 - [TEST_STEP][PASSED] - traxID = substring(35, 55).trim(): null

2023-02-17 21:19:15 - [TEST_STEP][PASSED] - out.println("Transaction ID: " + traxID): null

2023-02-17 21:19:15 - [TEST_STEP][PASSED] - out.println("End Record Number: " + row): null

2023-02-17 21:19:15 - [TEST_STEP][PASSED] - closeBrowser(): Browser is closed

2023-02-17 21:19:16 - [MESSAGE][PASSED] - Browser is closed

2023-02-17 21:19:16 - [TEST_STEP][PASSED] - ExecuteTC = findTestData(dataFile).getValue("Execute", row): null

2023-02-17 21:19:16 - [TEST_STEP][PASSED] - out.println("Value of Execute is : " + ExecuteTC): null

2023-02-17 21:19:16 - [TEST_STEP][PASSED] - if (ExecuteTC.equalsIgnoreCase("Y")): Browser is closed

2023-02-17 21:19:16 - [TEST_STEP][PASSED] - out.println("Begin Record Number: " + row): null

2023-02-17 21:19:16 - [TEST_STEP][PASSED] - today = new java.util.Date(): null

2023-02-17 21:19:16 - [TEST_STEP][PASSED] - println(today): null

2023-02-17 21:19:16 - [TEST_STEP][PASSED] - datText = today: null

2023-02-17 21:19:16 - [TEST_STEP][PASSED] - openBrowser(VLinkURL + "authcap.html"): Browser is opened with url: 'https://dev-algorithm.govolution.com/vlinktest/QA/version_2_0/authcap.html'

2023-02-17 21:19:16 - [MESSAGE][INFO] - Starting 'Chrome' driver

2023-02-17 21:19:16 - [MESSAGE][INFO] - User set preference: ['acceptInsecureCerts', 'true']

2023-02-17 21:19:16 - [MESSAGE][INFO] - Action delay is set to 0 milliseconds

2023-02-17 21:19:17 - [MESSAGE][PASSED] - Browser is opened with url: 'https://dev-algorithm.govolution.com/vlinktest/QA/version_2_0/authcap.html'

2023-02-17 21:19:17 - [TEST_STEP][PASSED] - maximizeWindow(): Current window maximized

2023-02-17 21:19:18 - [MESSAGE][PASSED] - Current window maximized

2023-02-17 21:19:18 - [TEST_STEP][PASSED] - vlinkPages.saleCCPage.setDataSCC(row, dataFile): vlinkPages.saleCCPage.setDataSCC is PASSED

2023-02-17 21:19:20 - [MESSAGE][PASSED] - Object 'Object Repository/VLink/Page_CCSale/txt_CardNumber' is present

2023-02-17 21:19:21 - [MESSAGE][PASSED] - Text '104' is set on object 'Object Repository/VLink/Page_CCSale/txt_TransactionType'

2023-02-17 21:19:22 - [MESSAGE][PASSED] - Text '2.0C' is set on object 'Object Repository/VLink/Page_CCSale/txt_MessageVersion'

2023-02-17 21:19:22 - [MESSAGE][PASSED] - Text 'G2Pt5Z5TYA9m' is set on object 'Object Repository/VLink/Page_CCSale/txt_RemID'

2023-02-17 21:19:23 - [MESSAGE][PASSED] - Text '667' is set on object 'Object Repository/VLink/Page_CCSale/txt_ApplicationId'

2023-02-17 21:19:23 - [MESSAGE][PASSED] - Text 'username' is set on object 'Object Repository/VLink/Page_CCSale/txt_Username'

2023-02-17 21:19:24 - [MESSAGE][PASSED] - Text 'password' is set on object 'Object Repository/VLink/Page_CCSale/txt_Password'

2023-02-17 21:19:25 - [MESSAGE][PASSED] - Text 'fixed_width' is set on object 'Object Repository/VLink/Page_CCSale/txt_ResponseFormat'

2023-02-17 21:19:25 - [MESSAGE][PASSED] - Text 'ECOM' is set on object 'Object Repository/VLink/Page_CCSale/txt_Category'

2023-02-17 21:19:26 - [MESSAGE][PASSED] - Text '' is set on object 'Object Repository/VLink/Page_CCSale/txt_TransactionID'

2023-02-17 21:19:27 - [MESSAGE][PASSED] - Text '' is set on object 'Object Repository/VLink/Page_CCSale/txt_ApprovalCode'

2023-02-17 21:19:27 - [MESSAGE][PASSED] - Text 'Arvind Silva' is set on object 'Object Repository/VLink/Page_CCSale/txt_CardName'

2023-02-17 21:19:28 - [MESSAGE][PASSED] - Text '111 Main Ave' is set on object 'Object Repository/VLink/Page_CCSale/txt_AL1'

2023-02-17 21:19:29 - [MESSAGE][PASSED] - Text '' is set on object 'Object Repository/VLink/Page_CCSale/txt_AL2'

2023-02-17 21:19:29 - [MESSAGE][PASSED] - Text 'Arlington' is set on object 'Object Repository/VLink/Page_CCSale/txt_CardCity'

2023-02-17 21:19:30 - [MESSAGE][PASSED] - Text 'VA' is set on object 'Object Repository/VLink/Page_CCSale/txt_CardState'

2023-02-17 21:19:31 - [MESSAGE][PASSED] - Text '22201' is set on object 'Object Repository/VLink/Page_CCSale/txt_CardZIP'

2023-02-17 21:19:31 - [MESSAGE][PASSED] - Text '' is set on object 'Object Repository/VLink/Page_CCSale/txt_CountryID'

2023-02-17 21:19:32 - [MESSAGE][PASSED] - Text '2.50' is set on object 'Object Repository/VLink/Page_CCSale/txt_Amount'

2023-02-17 21:19:33 - [MESSAGE][PASSED] - Text '5424000000000015' is set on object 'Object Repository/VLink/Page_CCSale/txt_CardNumber'

2023-02-17 21:19:33 - [MESSAGE][PASSED] - Text '01' is set on object 'Object Repository/VLink/Page_CCSale/txt_ExpMonth'

2023-02-17 21:19:34 - [MESSAGE][PASSED] - Text '2026' is set on object 'Object Repository/VLink/Page_CCSale/txt_ExpYear'

2023-02-17 21:19:35 - [MESSAGE][PASSED] - Text '' is set on object 'Object Repository/VLink/Page_CCSale/txt_CVV'

2023-02-17 21:19:35 - [MESSAGE][PASSED] - Text '' is set on object 'Object Repository/VLink/Page_CCSale/txt_CVVstate'

2023-02-17 21:19:36 - [MESSAGE][PASSED] - Text '' is set on object 'Object Repository/VLink/Page_CCSale/txt_TrackData'

2023-02-17 21:19:37 - [MESSAGE][PASSED] - Text '' is set on object 'Object Repository/VLink/Page_CCSale/txt_Track1Data'

2023-02-17 21:19:37 - [MESSAGE][PASSED] - Text '' is set on object 'Object Repository/VLink/Page_CCSale/txt_Track2Data'

2023-02-17 21:19:38 - [MESSAGE][PASSED] - Text 'manual' is set on object 'Object Repository/VLink/Page_CCSale/txt_POSEntryMode'

2023-02-17 21:19:39 - [MESSAGE][PASSED] - Text '' is set on object 'Object Repository/VLink/Page_CCSale/txt_Email'

2023-02-17 21:19:39 - [MESSAGE][PASSED] - Text '' is set on object 'Object Repository/VLink/Page_CCSale/txt_OrderNumber'

2023-02-17 21:19:40 - [MESSAGE][PASSED] - Text '' is set on object 'Object Repository/VLink/Page_CCSale/txt_TaxAmount'

2023-02-17 21:19:41 - [MESSAGE][PASSED] - Text '' is set on object 'Object Repository/VLink/Page_CCSale/txt_ChargeDescription'

2023-02-17 21:19:42 - [MESSAGE][PASSED] - Text '' is set on object 'Object Repository/VLink/Page_CCSale/txt_CAN'

2023-02-17 21:19:42 - [MESSAGE][PASSED] - Text '' is set on object 'Object Repository/VLink/Page_CCSale/txt_BillPaymentIndicator'

2023-02-17 21:19:43 - [MESSAGE][PASSED] - Text '' is set on object 'Object Repository/VLink/Page_CCSale/txt_UDF1'

2023-02-17 21:19:44 - [MESSAGE][PASSED] - Text '' is set on object 'Object Repository/VLink/Page_CCSale/txt_UDF2'

2023-02-17 21:19:44 - [MESSAGE][PASSED] - Text '' is set on object 'Object Repository/VLink/Page_CCSale/txt_UDF3'

2023-02-17 21:19:45 - [MESSAGE][PASSED] - Text '' is set on object 'Object Repository/VLink/Page_CCSale/txt_UDF4'

2023-02-17 21:19:46 - [MESSAGE][PASSED] - Text '' is set on object 'Object Repository/VLink/Page_CCSale/txt_UDF5'

2023-02-17 21:19:46 - [MESSAGE][PASSED] - Text '' is set on object 'Object Repository/VLink/Page_CCSale/txt_UDF6'

2023-02-17 21:19:47 - [MESSAGE][PASSED] - Text '' is set on object 'Object Repository/VLink/Page_CCSale/txt_UDF7'

2023-02-17 21:19:48 - [MESSAGE][PASSED] - Text '' is set on object 'Object Repository/VLink/Page_CCSale/txt_UDF8'

2023-02-17 21:19:48 - [MESSAGE][PASSED] - Text '' is set on object 'Object Repository/VLink/Page_CCSale/txt_UDF9'

2023-02-17 21:19:49 - [MESSAGE][PASSED] - Text '' is set on object 'Object Repository/VLink/Page_CCSale/txt_UDF10'

2023-02-17 21:19:54 - [MESSAGE][PASSED] - Object: 'Object Repository/VLink/Page_CCSale/btn_ProcessVLinkTransaction' is clicked on

2023-02-17 21:19:59 - [MESSAGE][PASSED] - vlinkPages.saleCCPage.setDataSCC is PASSED

2023-02-17 21:19:59 - [TEST_STEP][PASSED] - if (verifyTextPresent("Transaction approved, no errors", true)): null

2023-02-17 21:20:00 - [MESSAGE][PASSED] - Text 'Transaction approved, no errors' is present on page  using regular expression

2023-02-17 21:20:00 - [TEST_STEP][PASSED] - println("Transaction Approved, no errors text is present on the Confirmation page"): null

2023-02-17 21:20:00 - [TEST_STEP][PASSED] - out.println("Pass Record Number: " + row): null

2023-02-17 21:20:00 - [TEST_STEP][PASSED] - resText = "Pass": null

2023-02-17 21:20:00 - [TEST_STEP][PASSED] - pages.WriteExcel.demoKey(resText, datText, resColumn, datCloumn, fileLoc, nameSheet, row): pages.WriteExcel.demoKey is PASSED

2023-02-17 21:20:00 - [MESSAGE][PASSED] - pages.WriteExcel.demoKey is PASSED

2023-02-17 21:20:00 - [TEST_STEP][PASSED] - sdfo = getText(findTestObject("Object Repository/Page_VLinkReceipt/pre_STX")): Text of object 'Object Repository/Page_VLinkReceipt/pre_STX' is: '<STX>G2Pt5Z5TYA9m                  12127308            0  Transaction approved, no errors                   0                                                                                  Y OK0730   <ETX>'

2023-02-17 21:20:00 - [MESSAGE][PASSED] - Text of object 'Object Repository/Page_VLinkReceipt/pre_STX' is: '<STX>G2Pt5Z5TYA9m                  12127308            0  Transaction approved, no errors                   0                                                                                  Y OK0730   <ETX>'

2023-02-17 21:20:00 - [TEST_STEP][PASSED] - out.println("sdfo: " + sdfo): null

2023-02-17 21:20:00 - [TEST_STEP][PASSED] - remID = substring(5, 35).trim(): null

2023-02-17 21:20:00 - [TEST_STEP][PASSED] - out.println("Remittance ID: " + remID): null

2023-02-17 21:20:00 - [TEST_STEP][PASSED] - traxID = substring(35, 55).trim(): null

2023-02-17 21:20:00 - [TEST_STEP][PASSED] - out.println("Transaction ID: " + traxID): null

2023-02-17 21:20:00 - [TEST_STEP][PASSED] - out.println("End Record Number: " + row): null

2023-02-17 21:20:00 - [TEST_STEP][PASSED] - closeBrowser(): Browser is closed

2023-02-17 21:20:01 - [MESSAGE][PASSED] - Browser is closed

2023-02-17 21:20:01 - [TEST_STEP][PASSED] - ExecuteTC = findTestData(dataFile).getValue("Execute", row): null

2023-02-17 21:20:01 - [TEST_STEP][PASSED] - out.println("Value of Execute is : " + ExecuteTC): null

2023-02-17 21:20:01 - [TEST_STEP][PASSED] - if (ExecuteTC.equalsIgnoreCase("Y")): Browser is closed

2023-02-17 21:20:01 - [TEST_STEP][PASSED] - out.println("Begin Record Number: " + row): null

2023-02-17 21:20:01 - [TEST_STEP][PASSED] - today = new java.util.Date(): null

2023-02-17 21:20:01 - [TEST_STEP][PASSED] - println(today): null

2023-02-17 21:20:01 - [TEST_STEP][PASSED] - datText = today: null

2023-02-17 21:20:01 - [TEST_STEP][PASSED] - openBrowser(VLinkURL + "authcap.html"): Browser is opened with url: 'https://dev-algorithm.govolution.com/vlinktest/QA/version_2_0/authcap.html'

2023-02-17 21:20:01 - [MESSAGE][INFO] - Starting 'Chrome' driver

2023-02-17 21:20:01 - [MESSAGE][INFO] - User set preference: ['acceptInsecureCerts', 'true']

2023-02-17 21:20:01 - [MESSAGE][INFO] - Action delay is set to 0 milliseconds

2023-02-17 21:20:03 - [MESSAGE][PASSED] - Browser is opened with url: 'https://dev-algorithm.govolution.com/vlinktest/QA/version_2_0/authcap.html'

2023-02-17 21:20:03 - [TEST_STEP][PASSED] - maximizeWindow(): Current window maximized

2023-02-17 21:20:03 - [MESSAGE][PASSED] - Current window maximized

2023-02-17 21:20:03 - [TEST_STEP][PASSED] - vlinkPages.saleCCPage.setDataSCC(row, dataFile): vlinkPages.saleCCPage.setDataSCC is PASSED

2023-02-17 21:20:06 - [MESSAGE][PASSED] - Object 'Object Repository/VLink/Page_CCSale/txt_CardNumber' is present

2023-02-17 21:20:07 - [MESSAGE][PASSED] - Text '104' is set on object 'Object Repository/VLink/Page_CCSale/txt_TransactionType'

2023-02-17 21:20:07 - [MESSAGE][PASSED] - Text '2.0C' is set on object 'Object Repository/VLink/Page_CCSale/txt_MessageVersion'

2023-02-17 21:20:08 - [MESSAGE][PASSED] - Text 'vwZc1TIxBbj8' is set on object 'Object Repository/VLink/Page_CCSale/txt_RemID'

2023-02-17 21:20:09 - [MESSAGE][PASSED] - Text '667' is set on object 'Object Repository/VLink/Page_CCSale/txt_ApplicationId'

2023-02-17 21:20:09 - [MESSAGE][PASSED] - Text 'username' is set on object 'Object Repository/VLink/Page_CCSale/txt_Username'

2023-02-17 21:20:10 - [MESSAGE][PASSED] - Text 'password' is set on object 'Object Repository/VLink/Page_CCSale/txt_Password'

2023-02-17 21:20:10 - [MESSAGE][PASSED] - Text 'fixed_width' is set on object 'Object Repository/VLink/Page_CCSale/txt_ResponseFormat'

2023-02-17 21:20:11 - [MESSAGE][PASSED] - Text 'ECOM' is set on object 'Object Repository/VLink/Page_CCSale/txt_Category'

2023-02-17 21:20:12 - [MESSAGE][PASSED] - Text '' is set on object 'Object Repository/VLink/Page_CCSale/txt_TransactionID'

2023-02-17 21:20:12 - [MESSAGE][PASSED] - Text '' is set on object 'Object Repository/VLink/Page_CCSale/txt_ApprovalCode'

2023-02-17 21:20:13 - [MESSAGE][PASSED] - Text 'Roshan Maha' is set on object 'Object Repository/VLink/Page_CCSale/txt_CardName'

2023-02-17 21:20:14 - [MESSAGE][PASSED] - Text '12563 Bazaar road' is set on object 'Object Repository/VLink/Page_CCSale/txt_AL1'

2023-02-17 21:20:14 - [MESSAGE][PASSED] - Text '' is set on object 'Object Repository/VLink/Page_CCSale/txt_AL2'

2023-02-17 21:20:15 - [MESSAGE][PASSED] - Text 'Crofton' is set on object 'Object Repository/VLink/Page_CCSale/txt_CardCity'

2023-02-17 21:20:16 - [MESSAGE][PASSED] - Text 'MD' is set on object 'Object Repository/VLink/Page_CCSale/txt_CardState'

2023-02-17 21:20:17 - [MESSAGE][PASSED] - Text '21114' is set on object 'Object Repository/VLink/Page_CCSale/txt_CardZIP'

2023-02-17 21:20:17 - [MESSAGE][PASSED] - Text '' is set on object 'Object Repository/VLink/Page_CCSale/txt_CountryID'

2023-02-17 21:20:18 - [MESSAGE][PASSED] - Text '3.50' is set on object 'Object Repository/VLink/Page_CCSale/txt_Amount'

2023-02-17 21:20:19 - [MESSAGE][PASSED] - Text '370000000000002' is set on object 'Object Repository/VLink/Page_CCSale/txt_CardNumber'

2023-02-17 21:20:19 - [MESSAGE][PASSED] - Text '01' is set on object 'Object Repository/VLink/Page_CCSale/txt_ExpMonth'

2023-02-17 21:20:20 - [MESSAGE][PASSED] - Text '2026' is set on object 'Object Repository/VLink/Page_CCSale/txt_ExpYear'

2023-02-17 21:20:21 - [MESSAGE][PASSED] - Text '' is set on object 'Object Repository/VLink/Page_CCSale/txt_CVV'

2023-02-17 21:20:21 - [MESSAGE][PASSED] - Text '' is set on object 'Object Repository/VLink/Page_CCSale/txt_CVVstate'

2023-02-17 21:20:22 - [MESSAGE][PASSED] - Text '' is set on object 'Object Repository/VLink/Page_CCSale/txt_TrackData'

2023-02-17 21:20:23 - [MESSAGE][PASSED] - Text '' is set on object 'Object Repository/VLink/Page_CCSale/txt_Track1Data'

2023-02-17 21:20:23 - [MESSAGE][PASSED] - Text '' is set on object 'Object Repository/VLink/Page_CCSale/txt_Track2Data'

2023-02-17 21:20:24 - [MESSAGE][PASSED] - Text 'manual' is set on object 'Object Repository/VLink/Page_CCSale/txt_POSEntryMode'

2023-02-17 21:20:25 - [MESSAGE][PASSED] - Text '' is set on object 'Object Repository/VLink/Page_CCSale/txt_Email'

2023-02-17 21:20:25 - [MESSAGE][PASSED] - Text '' is set on object 'Object Repository/VLink/Page_CCSale/txt_OrderNumber'

2023-02-17 21:20:26 - [MESSAGE][PASSED] - Text '' is set on object 'Object Repository/VLink/Page_CCSale/txt_TaxAmount'

2023-02-17 21:20:27 - [MESSAGE][PASSED] - Text '' is set on object 'Object Repository/VLink/Page_CCSale/txt_ChargeDescription'

2023-02-17 21:20:27 - [MESSAGE][PASSED] - Text '' is set on object 'Object Repository/VLink/Page_CCSale/txt_CAN'

2023-02-17 21:20:28 - [MESSAGE][PASSED] - Text '' is set on object 'Object Repository/VLink/Page_CCSale/txt_BillPaymentIndicator'

2023-02-17 21:20:29 - [MESSAGE][PASSED] - Text '' is set on object 'Object Repository/VLink/Page_CCSale/txt_UDF1'

2023-02-17 21:20:29 - [MESSAGE][PASSED] - Text '' is set on object 'Object Repository/VLink/Page_CCSale/txt_UDF2'

2023-02-17 21:20:30 - [MESSAGE][PASSED] - Text '' is set on object 'Object Repository/VLink/Page_CCSale/txt_UDF3'

2023-02-17 21:20:31 - [MESSAGE][PASSED] - Text '' is set on object 'Object Repository/VLink/Page_CCSale/txt_UDF4'

2023-02-17 21:20:31 - [MESSAGE][PASSED] - Text '' is set on object 'Object Repository/VLink/Page_CCSale/txt_UDF5'

2023-02-17 21:20:32 - [MESSAGE][PASSED] - Text '' is set on object 'Object Repository/VLink/Page_CCSale/txt_UDF6'

2023-02-17 21:20:33 - [MESSAGE][PASSED] - Text '' is set on object 'Object Repository/VLink/Page_CCSale/txt_UDF7'

2023-02-17 21:20:33 - [MESSAGE][PASSED] - Text '' is set on object 'Object Repository/VLink/Page_CCSale/txt_UDF8'

2023-02-17 21:20:34 - [MESSAGE][PASSED] - Text '' is set on object 'Object Repository/VLink/Page_CCSale/txt_UDF9'

2023-02-17 21:20:35 - [MESSAGE][PASSED] - Text '' is set on object 'Object Repository/VLink/Page_CCSale/txt_UDF10'

2023-02-17 21:20:39 - [MESSAGE][PASSED] - Object: 'Object Repository/VLink/Page_CCSale/btn_ProcessVLinkTransaction' is clicked on

2023-02-17 21:20:44 - [MESSAGE][PASSED] - vlinkPages.saleCCPage.setDataSCC is PASSED

2023-02-17 21:20:44 - [TEST_STEP][PASSED] - if (verifyTextPresent("Transaction approved, no errors", true)): null

2023-02-17 21:20:45 - [MESSAGE][PASSED] - Text 'Transaction approved, no errors' is present on page  using regular expression

2023-02-17 21:20:45 - [TEST_STEP][PASSED] - println("Transaction Approved, no errors text is present on the Confirmation page"): null

2023-02-17 21:20:45 - [TEST_STEP][PASSED] - out.println("Pass Record Number: " + row): null

2023-02-17 21:20:45 - [TEST_STEP][PASSED] - resText = "Pass": null

2023-02-17 21:20:45 - [TEST_STEP][PASSED] - pages.WriteExcel.demoKey(resText, datText, resColumn, datCloumn, fileLoc, nameSheet, row): pages.WriteExcel.demoKey is PASSED

2023-02-17 21:20:45 - [MESSAGE][PASSED] - pages.WriteExcel.demoKey is PASSED

2023-02-17 21:20:45 - [TEST_STEP][PASSED] - sdfo = getText(findTestObject("Object Repository/Page_VLinkReceipt/pre_STX")): Text of object 'Object Repository/Page_VLinkReceipt/pre_STX' is: '<STX>vwZc1TIxBbj8                  12127309            0  Transaction approved, no errors                   0                                                                                  Y OK1080   <ETX>'

2023-02-17 21:20:45 - [MESSAGE][PASSED] - Text of object 'Object Repository/Page_VLinkReceipt/pre_STX' is: '<STX>vwZc1TIxBbj8                  12127309            0  Transaction approved, no errors                   0                                                                                  Y OK1080   <ETX>'

2023-02-17 21:20:45 - [TEST_STEP][PASSED] - out.println("sdfo: " + sdfo): null

2023-02-17 21:20:45 - [TEST_STEP][PASSED] - remID = substring(5, 35).trim(): null

2023-02-17 21:20:45 - [TEST_STEP][PASSED] - out.println("Remittance ID: " + remID): null

2023-02-17 21:20:45 - [TEST_STEP][PASSED] - traxID = substring(35, 55).trim(): null

2023-02-17 21:20:45 - [TEST_STEP][PASSED] - out.println("Transaction ID: " + traxID): null

2023-02-17 21:20:45 - [TEST_STEP][PASSED] - out.println("End Record Number: " + row): null

2023-02-17 21:20:45 - [TEST_STEP][PASSED] - closeBrowser(): Browser is closed

2023-02-17 21:20:46 - [MESSAGE][PASSED] - Browser is closed

2023-02-17 21:20:46 - [TEST_STEP][PASSED] - ExecuteTC = findTestData(dataFile).getValue("Execute", row): null

2023-02-17 21:20:46 - [TEST_STEP][PASSED] - out.println("Value of Execute is : " + ExecuteTC): null

2023-02-17 21:20:46 - [TEST_STEP][PASSED] - if (ExecuteTC.equalsIgnoreCase("Y")): Browser is closed

2023-02-17 21:20:46 - [TEST_STEP][PASSED] - out.println("Begin Record Number: " + row): null

2023-02-17 21:20:46 - [TEST_STEP][PASSED] - today = new java.util.Date(): null

2023-02-17 21:20:46 - [TEST_STEP][PASSED] - println(today): null

2023-02-17 21:20:46 - [TEST_STEP][PASSED] - datText = today: null

2023-02-17 21:20:46 - [TEST_STEP][PASSED] - openBrowser(VLinkURL + "authcap.html"): Browser is opened with url: 'https://dev-algorithm.govolution.com/vlinktest/QA/version_2_0/authcap.html'

2023-02-17 21:20:46 - [MESSAGE][INFO] - Starting 'Chrome' driver

2023-02-17 21:20:46 - [MESSAGE][INFO] - User set preference: ['acceptInsecureCerts', 'true']

2023-02-17 21:20:46 - [MESSAGE][INFO] - Action delay is set to 0 milliseconds

2023-02-17 21:20:48 - [MESSAGE][PASSED] - Browser is opened with url: 'https://dev-algorithm.govolution.com/vlinktest/QA/version_2_0/authcap.html'

2023-02-17 21:20:48 - [TEST_STEP][PASSED] - maximizeWindow(): Current window maximized

2023-02-17 21:20:48 - [MESSAGE][PASSED] - Current window maximized

2023-02-17 21:20:48 - [TEST_STEP][PASSED] - vlinkPages.saleCCPage.setDataSCC(row, dataFile): vlinkPages.saleCCPage.setDataSCC is PASSED

2023-02-17 21:20:51 - [MESSAGE][PASSED] - Object 'Object Repository/VLink/Page_CCSale/txt_CardNumber' is present

2023-02-17 21:20:51 - [MESSAGE][PASSED] - Text '104' is set on object 'Object Repository/VLink/Page_CCSale/txt_TransactionType'

2023-02-17 21:20:52 - [MESSAGE][PASSED] - Text '2.0C' is set on object 'Object Repository/VLink/Page_CCSale/txt_MessageVersion'

2023-02-17 21:20:53 - [MESSAGE][PASSED] - Text '648kegwcDeh1' is set on object 'Object Repository/VLink/Page_CCSale/txt_RemID'

2023-02-17 21:20:53 - [MESSAGE][PASSED] - Text '667' is set on object 'Object Repository/VLink/Page_CCSale/txt_ApplicationId'

2023-02-17 21:20:54 - [MESSAGE][PASSED] - Text 'username' is set on object 'Object Repository/VLink/Page_CCSale/txt_Username'

2023-02-17 21:20:55 - [MESSAGE][PASSED] - Text 'password' is set on object 'Object Repository/VLink/Page_CCSale/txt_Password'

2023-02-17 21:20:55 - [MESSAGE][PASSED] - Text 'fixed_width' is set on object 'Object Repository/VLink/Page_CCSale/txt_ResponseFormat'

2023-02-17 21:20:56 - [MESSAGE][PASSED] - Text 'ECOM' is set on object 'Object Repository/VLink/Page_CCSale/txt_Category'

2023-02-17 21:20:56 - [MESSAGE][PASSED] - Text '' is set on object 'Object Repository/VLink/Page_CCSale/txt_TransactionID'

2023-02-17 21:20:57 - [MESSAGE][PASSED] - Text '' is set on object 'Object Repository/VLink/Page_CCSale/txt_ApprovalCode'

2023-02-17 21:20:58 - [MESSAGE][PASSED] - Text 'Kris Roshan' is set on object 'Object Repository/VLink/Page_CCSale/txt_CardName'

2023-02-17 21:20:59 - [MESSAGE][PASSED] - Text '258 Elm Road' is set on object 'Object Repository/VLink/Page_CCSale/txt_AL1'

2023-02-17 21:20:59 - [MESSAGE][PASSED] - Text 'Suite 56' is set on object 'Object Repository/VLink/Page_CCSale/txt_AL2'

2023-02-17 21:21:00 - [MESSAGE][PASSED] - Text 'Arlington' is set on object 'Object Repository/VLink/Page_CCSale/txt_CardCity'

2023-02-17 21:21:01 - [MESSAGE][PASSED] - Text 'VA' is set on object 'Object Repository/VLink/Page_CCSale/txt_CardState'

2023-02-17 21:21:01 - [MESSAGE][PASSED] - Text '22201' is set on object 'Object Repository/VLink/Page_CCSale/txt_CardZIP'

2023-02-17 21:21:02 - [MESSAGE][PASSED] - Text '840' is set on object 'Object Repository/VLink/Page_CCSale/txt_CountryID'

2023-02-17 21:21:03 - [MESSAGE][PASSED] - Text '1.50' is set on object 'Object Repository/VLink/Page_CCSale/txt_Amount'

2023-02-17 21:21:03 - [MESSAGE][PASSED] - Text '6011000000000004' is set on object 'Object Repository/VLink/Page_CCSale/txt_CardNumber'

2023-02-17 21:21:04 - [MESSAGE][PASSED] - Text '12' is set on object 'Object Repository/VLink/Page_CCSale/txt_ExpMonth'

2023-02-17 21:21:05 - [MESSAGE][PASSED] - Text '2025' is set on object 'Object Repository/VLink/Page_CCSale/txt_ExpYear'

2023-02-17 21:21:05 - [MESSAGE][PASSED] - Text '' is set on object 'Object Repository/VLink/Page_CCSale/txt_CVV'

2023-02-17 21:21:06 - [MESSAGE][PASSED] - Text '' is set on object 'Object Repository/VLink/Page_CCSale/txt_CVVstate'

2023-02-17 21:21:07 - [MESSAGE][PASSED] - Text '' is set on object 'Object Repository/VLink/Page_CCSale/txt_TrackData'

2023-02-17 21:21:07 - [MESSAGE][PASSED] - Text '' is set on object 'Object Repository/VLink/Page_CCSale/txt_Track1Data'

2023-02-17 21:21:08 - [MESSAGE][PASSED] - Text '' is set on object 'Object Repository/VLink/Page_CCSale/txt_Track2Data'

2023-02-17 21:21:09 - [MESSAGE][PASSED] - Text 'manual' is set on object 'Object Repository/VLink/Page_CCSale/txt_POSEntryMode'

2023-02-17 21:21:09 - [MESSAGE][PASSED] - Text 'iahmed@govolution.com' is set on object 'Object Repository/VLink/Page_CCSale/txt_Email'

2023-02-17 21:21:10 - [MESSAGE][PASSED] - Text '2569362' is set on object 'Object Repository/VLink/Page_CCSale/txt_OrderNumber'

2023-02-17 21:21:11 - [MESSAGE][PASSED] - Text '1.15' is set on object 'Object Repository/VLink/Page_CCSale/txt_TaxAmount'

2023-02-17 21:21:12 - [MESSAGE][PASSED] - Text 'Charge Description' is set on object 'Object Repository/VLink/Page_CCSale/txt_ChargeDescription'

2023-02-17 21:21:12 - [MESSAGE][PASSED] - Text '147357' is set on object 'Object Repository/VLink/Page_CCSale/txt_CAN'

2023-02-17 21:21:13 - [MESSAGE][PASSED] - Text '1' is set on object 'Object Repository/VLink/Page_CCSale/txt_BillPaymentIndicator'

2023-02-17 21:21:14 - [MESSAGE][PASSED] - Text 'UDF Data 1' is set on object 'Object Repository/VLink/Page_CCSale/txt_UDF1'

2023-02-17 21:21:14 - [MESSAGE][PASSED] - Text 'UDF Data 2' is set on object 'Object Repository/VLink/Page_CCSale/txt_UDF2'

2023-02-17 21:21:15 - [MESSAGE][PASSED] - Text 'UDF Data 3' is set on object 'Object Repository/VLink/Page_CCSale/txt_UDF3'

2023-02-17 21:21:16 - [MESSAGE][PASSED] - Text 'UDF Data 4' is set on object 'Object Repository/VLink/Page_CCSale/txt_UDF4'

2023-02-17 21:21:16 - [MESSAGE][PASSED] - Text 'UDF Data 5' is set on object 'Object Repository/VLink/Page_CCSale/txt_UDF5'

2023-02-17 21:21:17 - [MESSAGE][PASSED] - Text 'UDF Data 6' is set on object 'Object Repository/VLink/Page_CCSale/txt_UDF6'

2023-02-17 21:21:18 - [MESSAGE][PASSED] - Text 'UDF Data 7' is set on object 'Object Repository/VLink/Page_CCSale/txt_UDF7'

2023-02-17 21:21:19 - [MESSAGE][PASSED] - Text 'UDF Data 8' is set on object 'Object Repository/VLink/Page_CCSale/txt_UDF8'

2023-02-17 21:21:19 - [MESSAGE][PASSED] - Text 'UDF Data 9' is set on object 'Object Repository/VLink/Page_CCSale/txt_UDF9'

2023-02-17 21:21:20 - [MESSAGE][PASSED] - Text 'UDF Data 10' is set on object 'Object Repository/VLink/Page_CCSale/txt_UDF10'

2023-02-17 21:21:24 - [MESSAGE][PASSED] - Object: 'Object Repository/VLink/Page_CCSale/btn_ProcessVLinkTransaction' is clicked on

2023-02-17 21:21:29 - [MESSAGE][PASSED] - vlinkPages.saleCCPage.setDataSCC is PASSED

2023-02-17 21:21:29 - [TEST_STEP][PASSED] - if (verifyTextPresent("Transaction approved, no errors", true)): null

2023-02-17 21:21:29 - [MESSAGE][PASSED] - Text 'Transaction approved, no errors' is present on page  using regular expression

2023-02-17 21:21:29 - [TEST_STEP][PASSED] - println("Transaction Approved, no errors text is present on the Confirmation page"): null

2023-02-17 21:21:29 - [TEST_STEP][PASSED] - out.println("Pass Record Number: " + row): null

2023-02-17 21:21:29 - [TEST_STEP][PASSED] - resText = "Pass": null

2023-02-17 21:21:29 - [TEST_STEP][PASSED] - pages.WriteExcel.demoKey(resText, datText, resColumn, datCloumn, fileLoc, nameSheet, row): pages.WriteExcel.demoKey is PASSED

2023-02-17 21:21:29 - [MESSAGE][PASSED] - pages.WriteExcel.demoKey is PASSED

2023-02-17 21:21:29 - [TEST_STEP][PASSED] - sdfo = getText(findTestObject("Object Repository/Page_VLinkReceipt/pre_STX")): Text of object 'Object Repository/Page_VLinkReceipt/pre_STX' is: '<STX>648kegwcDeh1                  12127310            0  Transaction approved, no errors                   0                                                                                  Y OK1430   <ETX>'

2023-02-17 21:21:30 - [MESSAGE][PASSED] - Text of object 'Object Repository/Page_VLinkReceipt/pre_STX' is: '<STX>648kegwcDeh1                  12127310            0  Transaction approved, no errors                   0                                                                                  Y OK1430   <ETX>'

2023-02-17 21:21:30 - [TEST_STEP][PASSED] - out.println("sdfo: " + sdfo): null

2023-02-17 21:21:30 - [TEST_STEP][PASSED] - remID = substring(5, 35).trim(): null

2023-02-17 21:21:30 - [TEST_STEP][PASSED] - out.println("Remittance ID: " + remID): null

2023-02-17 21:21:30 - [TEST_STEP][PASSED] - traxID = substring(35, 55).trim(): null

2023-02-17 21:21:30 - [TEST_STEP][PASSED] - out.println("Transaction ID: " + traxID): null

2023-02-17 21:21:30 - [TEST_STEP][PASSED] - out.println("End Record Number: " + row): null

2023-02-17 21:21:30 - [TEST_STEP][PASSED] - closeBrowser(): Browser is closed

2023-02-17 21:21:31 - [MESSAGE][PASSED] - Browser is closed

2023-02-17 21:21:31 - [TEST_STEP][PASSED] - ExecuteTC = findTestData(dataFile).getValue("Execute", row): null

2023-02-17 21:21:31 - [TEST_STEP][PASSED] - out.println("Value of Execute is : " + ExecuteTC): null

2023-02-17 21:21:31 - [TEST_STEP][PASSED] - if (ExecuteTC.equalsIgnoreCase("Y")): Browser is closed

2023-02-17 21:21:31 - [TEST_STEP][PASSED] - out.println("Begin Record Number: " + row): null

2023-02-17 21:21:31 - [TEST_STEP][PASSED] - today = new java.util.Date(): null

2023-02-17 21:21:31 - [TEST_STEP][PASSED] - println(today): null

2023-02-17 21:21:31 - [TEST_STEP][PASSED] - datText = today: null

2023-02-17 21:21:31 - [TEST_STEP][PASSED] - openBrowser(VLinkURL + "authcap.html"): Browser is opened with url: 'https://dev-algorithm.govolution.com/vlinktest/QA/version_2_0/authcap.html'

2023-02-17 21:21:31 - [MESSAGE][INFO] - Starting 'Chrome' driver

2023-02-17 21:21:31 - [MESSAGE][INFO] - User set preference: ['acceptInsecureCerts', 'true']

2023-02-17 21:21:31 - [MESSAGE][INFO] - Action delay is set to 0 milliseconds

2023-02-17 21:21:33 - [MESSAGE][PASSED] - Browser is opened with url: 'https://dev-algorithm.govolution.com/vlinktest/QA/version_2_0/authcap.html'

2023-02-17 21:21:33 - [TEST_STEP][PASSED] - maximizeWindow(): Current window maximized

2023-02-17 21:21:33 - [MESSAGE][PASSED] - Current window maximized

2023-02-17 21:21:33 - [TEST_STEP][PASSED] - vlinkPages.saleCCPage.setDataSCC(row, dataFile): vlinkPages.saleCCPage.setDataSCC is PASSED

2023-02-17 21:21:36 - [MESSAGE][PASSED] - Object 'Object Repository/VLink/Page_CCSale/txt_CardNumber' is present

2023-02-17 21:21:36 - [MESSAGE][PASSED] - Text '104' is set on object 'Object Repository/VLink/Page_CCSale/txt_TransactionType'

2023-02-17 21:21:37 - [MESSAGE][PASSED] - Text '2.0C' is set on object 'Object Repository/VLink/Page_CCSale/txt_MessageVersion'

2023-02-17 21:21:37 - [MESSAGE][PASSED] - Text 'DjOQCNFwKHs9' is set on object 'Object Repository/VLink/Page_CCSale/txt_RemID'

2023-02-17 21:21:38 - [MESSAGE][PASSED] - Text '670' is set on object 'Object Repository/VLink/Page_CCSale/txt_ApplicationId'

2023-02-17 21:21:39 - [MESSAGE][PASSED] - Text 'username' is set on object 'Object Repository/VLink/Page_CCSale/txt_Username'

2023-02-17 21:21:39 - [MESSAGE][PASSED] - Text 'password' is set on object 'Object Repository/VLink/Page_CCSale/txt_Password'

2023-02-17 21:21:40 - [MESSAGE][PASSED] - Text 'fixed_width' is set on object 'Object Repository/VLink/Page_CCSale/txt_ResponseFormat'

2023-02-17 21:21:41 - [MESSAGE][PASSED] - Text 'MOTO' is set on object 'Object Repository/VLink/Page_CCSale/txt_Category'

2023-02-17 21:21:41 - [MESSAGE][PASSED] - Text '' is set on object 'Object Repository/VLink/Page_CCSale/txt_TransactionID'

2023-02-17 21:21:42 - [MESSAGE][PASSED] - Text '' is set on object 'Object Repository/VLink/Page_CCSale/txt_ApprovalCode'

2023-02-17 21:21:43 - [MESSAGE][PASSED] - Text 'Arvind Silva' is set on object 'Object Repository/VLink/Page_CCSale/txt_CardName'

2023-02-17 21:21:43 - [MESSAGE][PASSED] - Text '111 Main Ave' is set on object 'Object Repository/VLink/Page_CCSale/txt_AL1'

2023-02-17 21:21:44 - [MESSAGE][PASSED] - Text '' is set on object 'Object Repository/VLink/Page_CCSale/txt_AL2'

2023-02-17 21:21:45 - [MESSAGE][PASSED] - Text 'Arlington' is set on object 'Object Repository/VLink/Page_CCSale/txt_CardCity'

2023-02-17 21:21:45 - [MESSAGE][PASSED] - Text 'VA' is set on object 'Object Repository/VLink/Page_CCSale/txt_CardState'

2023-02-17 21:21:46 - [MESSAGE][PASSED] - Text '22201' is set on object 'Object Repository/VLink/Page_CCSale/txt_CardZIP'

2023-02-17 21:21:47 - [MESSAGE][PASSED] - Text '' is set on object 'Object Repository/VLink/Page_CCSale/txt_CountryID'

2023-02-17 21:21:47 - [MESSAGE][PASSED] - Text '2.50' is set on object 'Object Repository/VLink/Page_CCSale/txt_Amount'

2023-02-17 21:21:48 - [MESSAGE][PASSED] - Text '4111111111111111' is set on object 'Object Repository/VLink/Page_CCSale/txt_CardNumber'

2023-02-17 21:21:49 - [MESSAGE][PASSED] - Text '01' is set on object 'Object Repository/VLink/Page_CCSale/txt_ExpMonth'

2023-02-17 21:21:49 - [MESSAGE][PASSED] - Text '2026' is set on object 'Object Repository/VLink/Page_CCSale/txt_ExpYear'

2023-02-17 21:21:50 - [MESSAGE][PASSED] - Text '' is set on object 'Object Repository/VLink/Page_CCSale/txt_CVV'

2023-02-17 21:21:51 - [MESSAGE][PASSED] - Text '' is set on object 'Object Repository/VLink/Page_CCSale/txt_CVVstate'

2023-02-17 21:21:51 - [MESSAGE][PASSED] - Text '' is set on object 'Object Repository/VLink/Page_CCSale/txt_TrackData'

2023-02-17 21:21:52 - [MESSAGE][PASSED] - Text '' is set on object 'Object Repository/VLink/Page_CCSale/txt_Track1Data'

2023-02-17 21:21:53 - [MESSAGE][PASSED] - Text '' is set on object 'Object Repository/VLink/Page_CCSale/txt_Track2Data'

2023-02-17 21:21:53 - [MESSAGE][PASSED] - Text 'manual' is set on object 'Object Repository/VLink/Page_CCSale/txt_POSEntryMode'

2023-02-17 21:21:54 - [MESSAGE][PASSED] - Text '' is set on object 'Object Repository/VLink/Page_CCSale/txt_Email'

2023-02-17 21:21:55 - [MESSAGE][PASSED] - Text '' is set on object 'Object Repository/VLink/Page_CCSale/txt_OrderNumber'

2023-02-17 21:21:55 - [MESSAGE][PASSED] - Text '' is set on object 'Object Repository/VLink/Page_CCSale/txt_TaxAmount'

2023-02-17 21:21:56 - [MESSAGE][PASSED] - Text '' is set on object 'Object Repository/VLink/Page_CCSale/txt_ChargeDescription'

2023-02-17 21:21:57 - [MESSAGE][PASSED] - Text '' is set on object 'Object Repository/VLink/Page_CCSale/txt_CAN'

2023-02-17 21:21:57 - [MESSAGE][PASSED] - Text '' is set on object 'Object Repository/VLink/Page_CCSale/txt_BillPaymentIndicator'

2023-02-17 21:21:58 - [MESSAGE][PASSED] - Text '' is set on object 'Object Repository/VLink/Page_CCSale/txt_UDF1'

2023-02-17 21:21:59 - [MESSAGE][PASSED] - Text '' is set on object 'Object Repository/VLink/Page_CCSale/txt_UDF2'

2023-02-17 21:22:00 - [MESSAGE][PASSED] - Text '' is set on object 'Object Repository/VLink/Page_CCSale/txt_UDF3'

2023-02-17 21:22:00 - [MESSAGE][PASSED] - Text '' is set on object 'Object Repository/VLink/Page_CCSale/txt_UDF4'

2023-02-17 21:22:01 - [MESSAGE][PASSED] - Text '' is set on object 'Object Repository/VLink/Page_CCSale/txt_UDF5'

2023-02-17 21:22:02 - [MESSAGE][PASSED] - Text '' is set on object 'Object Repository/VLink/Page_CCSale/txt_UDF6'

2023-02-17 21:22:02 - [MESSAGE][PASSED] - Text '' is set on object 'Object Repository/VLink/Page_CCSale/txt_UDF7'

2023-02-17 21:22:03 - [MESSAGE][PASSED] - Text '' is set on object 'Object Repository/VLink/Page_CCSale/txt_UDF8'

2023-02-17 21:22:04 - [MESSAGE][PASSED] - Text '' is set on object 'Object Repository/VLink/Page_CCSale/txt_UDF9'

2023-02-17 21:22:04 - [MESSAGE][PASSED] - Text '' is set on object 'Object Repository/VLink/Page_CCSale/txt_UDF10'

2023-02-17 21:22:08 - [MESSAGE][PASSED] - Object: 'Object Repository/VLink/Page_CCSale/btn_ProcessVLinkTransaction' is clicked on

2023-02-17 21:22:13 - [MESSAGE][PASSED] - vlinkPages.saleCCPage.setDataSCC is PASSED

2023-02-17 21:22:13 - [TEST_STEP][PASSED] - if (verifyTextPresent("Transaction approved, no errors", true)): null

2023-02-17 21:22:13 - [MESSAGE][PASSED] - Text 'Transaction approved, no errors' is present on page  using regular expression

2023-02-17 21:22:13 - [TEST_STEP][PASSED] - println("Transaction Approved, no errors text is present on the Confirmation page"): null

2023-02-17 21:22:13 - [TEST_STEP][PASSED] - out.println("Pass Record Number: " + row): null

2023-02-17 21:22:13 - [TEST_STEP][PASSED] - resText = "Pass": null

2023-02-17 21:22:13 - [TEST_STEP][PASSED] - pages.WriteExcel.demoKey(resText, datText, resColumn, datCloumn, fileLoc, nameSheet, row): pages.WriteExcel.demoKey is PASSED

2023-02-17 21:22:13 - [MESSAGE][PASSED] - pages.WriteExcel.demoKey is PASSED

2023-02-17 21:22:13 - [TEST_STEP][PASSED] - sdfo = getText(findTestObject("Object Repository/Page_VLinkReceipt/pre_STX")): Text of object 'Object Repository/Page_VLinkReceipt/pre_STX' is: '<STX>DjOQCNFwKHs9                  12127311            0  Transaction approved, no errors                   0                                                                                  Y OK1830   <ETX>'

2023-02-17 21:22:14 - [MESSAGE][PASSED] - Text of object 'Object Repository/Page_VLinkReceipt/pre_STX' is: '<STX>DjOQCNFwKHs9                  12127311            0  Transaction approved, no errors                   0                                                                                  Y OK1830   <ETX>'

2023-02-17 21:22:14 - [TEST_STEP][PASSED] - out.println("sdfo: " + sdfo): null

2023-02-17 21:22:14 - [TEST_STEP][PASSED] - remID = substring(5, 35).trim(): null

2023-02-17 21:22:14 - [TEST_STEP][PASSED] - out.println("Remittance ID: " + remID): null

2023-02-17 21:22:14 - [TEST_STEP][PASSED] - traxID = substring(35, 55).trim(): null

2023-02-17 21:22:14 - [TEST_STEP][PASSED] - out.println("Transaction ID: " + traxID): null

2023-02-17 21:22:14 - [TEST_STEP][PASSED] - out.println("End Record Number: " + row): null

2023-02-17 21:22:14 - [TEST_STEP][PASSED] - closeBrowser(): Browser is closed

2023-02-17 21:22:15 - [MESSAGE][PASSED] - Browser is closed

2023-02-17 21:22:15 - [TEST_STEP][PASSED] - ExecuteTC = findTestData(dataFile).getValue("Execute", row): null

2023-02-17 21:22:15 - [TEST_STEP][PASSED] - out.println("Value of Execute is : " + ExecuteTC): null

2023-02-17 21:22:15 - [TEST_STEP][PASSED] - if (ExecuteTC.equalsIgnoreCase("Y")): Browser is closed

2023-02-17 21:22:15 - [TEST_STEP][PASSED] - out.println("Begin Record Number: " + row): null

2023-02-17 21:22:15 - [TEST_STEP][PASSED] - today = new java.util.Date(): null

2023-02-17 21:22:15 - [TEST_STEP][PASSED] - println(today): null

2023-02-17 21:22:15 - [TEST_STEP][PASSED] - datText = today: null

2023-02-17 21:22:15 - [TEST_STEP][PASSED] - openBrowser(VLinkURL + "authcap.html"): Browser is opened with url: 'https://dev-algorithm.govolution.com/vlinktest/QA/version_2_0/authcap.html'

2023-02-17 21:22:15 - [MESSAGE][INFO] - Starting 'Chrome' driver

2023-02-17 21:22:15 - [MESSAGE][INFO] - User set preference: ['acceptInsecureCerts', 'true']

2023-02-17 21:22:15 - [MESSAGE][INFO] - Action delay is set to 0 milliseconds

2023-02-17 21:22:16 - [MESSAGE][PASSED] - Browser is opened with url: 'https://dev-algorithm.govolution.com/vlinktest/QA/version_2_0/authcap.html'

2023-02-17 21:22:16 - [TEST_STEP][PASSED] - maximizeWindow(): Current window maximized

2023-02-17 21:22:17 - [MESSAGE][PASSED] - Current window maximized

2023-02-17 21:22:17 - [TEST_STEP][PASSED] - vlinkPages.saleCCPage.setDataSCC(row, dataFile): vlinkPages.saleCCPage.setDataSCC is PASSED

2023-02-17 21:22:19 - [MESSAGE][PASSED] - Object 'Object Repository/VLink/Page_CCSale/txt_CardNumber' is present

2023-02-17 21:22:20 - [MESSAGE][PASSED] - Text '104' is set on object 'Object Repository/VLink/Page_CCSale/txt_TransactionType'

2023-02-17 21:22:21 - [MESSAGE][PASSED] - Text '2.0C' is set on object 'Object Repository/VLink/Page_CCSale/txt_MessageVersion'

2023-02-17 21:22:21 - [MESSAGE][PASSED] - Text 'IKJuNBHkhfNM' is set on object 'Object Repository/VLink/Page_CCSale/txt_RemID'

2023-02-17 21:22:22 - [MESSAGE][PASSED] - Text '670' is set on object 'Object Repository/VLink/Page_CCSale/txt_ApplicationId'

2023-02-17 21:22:22 - [MESSAGE][PASSED] - Text 'username' is set on object 'Object Repository/VLink/Page_CCSale/txt_Username'

2023-02-17 21:22:23 - [MESSAGE][PASSED] - Text 'password' is set on object 'Object Repository/VLink/Page_CCSale/txt_Password'

2023-02-17 21:22:24 - [MESSAGE][PASSED] - Text 'fixed_width' is set on object 'Object Repository/VLink/Page_CCSale/txt_ResponseFormat'

2023-02-17 21:22:24 - [MESSAGE][PASSED] - Text 'MOTO' is set on object 'Object Repository/VLink/Page_CCSale/txt_Category'

2023-02-17 21:22:25 - [MESSAGE][PASSED] - Text '' is set on object 'Object Repository/VLink/Page_CCSale/txt_TransactionID'

2023-02-17 21:22:26 - [MESSAGE][PASSED] - Text '' is set on object 'Object Repository/VLink/Page_CCSale/txt_ApprovalCode'

2023-02-17 21:22:26 - [MESSAGE][PASSED] - Text 'Roshan Maha' is set on object 'Object Repository/VLink/Page_CCSale/txt_CardName'

2023-02-17 21:22:27 - [MESSAGE][PASSED] - Text '12563 Bazaar road' is set on object 'Object Repository/VLink/Page_CCSale/txt_AL1'

2023-02-17 21:22:28 - [MESSAGE][PASSED] - Text '' is set on object 'Object Repository/VLink/Page_CCSale/txt_AL2'

2023-02-17 21:22:28 - [MESSAGE][PASSED] - Text 'Crofton' is set on object 'Object Repository/VLink/Page_CCSale/txt_CardCity'

2023-02-17 21:22:29 - [MESSAGE][PASSED] - Text 'MD' is set on object 'Object Repository/VLink/Page_CCSale/txt_CardState'

2023-02-17 21:22:30 - [MESSAGE][PASSED] - Text '21114' is set on object 'Object Repository/VLink/Page_CCSale/txt_CardZIP'

2023-02-17 21:22:30 - [MESSAGE][PASSED] - Text '' is set on object 'Object Repository/VLink/Page_CCSale/txt_CountryID'

2023-02-17 21:22:31 - [MESSAGE][PASSED] - Text '3.50' is set on object 'Object Repository/VLink/Page_CCSale/txt_Amount'

2023-02-17 21:22:32 - [MESSAGE][PASSED] - Text '5424000000000015' is set on object 'Object Repository/VLink/Page_CCSale/txt_CardNumber'

2023-02-17 21:22:32 - [MESSAGE][PASSED] - Text '01' is set on object 'Object Repository/VLink/Page_CCSale/txt_ExpMonth'

2023-02-17 21:22:33 - [MESSAGE][PASSED] - Text '2026' is set on object 'Object Repository/VLink/Page_CCSale/txt_ExpYear'

2023-02-17 21:22:34 - [MESSAGE][PASSED] - Text '' is set on object 'Object Repository/VLink/Page_CCSale/txt_CVV'

2023-02-17 21:22:34 - [MESSAGE][PASSED] - Text '' is set on object 'Object Repository/VLink/Page_CCSale/txt_CVVstate'

2023-02-17 21:22:35 - [MESSAGE][PASSED] - Text '' is set on object 'Object Repository/VLink/Page_CCSale/txt_TrackData'

2023-02-17 21:22:36 - [MESSAGE][PASSED] - Text '' is set on object 'Object Repository/VLink/Page_CCSale/txt_Track1Data'

2023-02-17 21:22:36 - [MESSAGE][PASSED] - Text '' is set on object 'Object Repository/VLink/Page_CCSale/txt_Track2Data'

2023-02-17 21:22:37 - [MESSAGE][PASSED] - Text 'manual' is set on object 'Object Repository/VLink/Page_CCSale/txt_POSEntryMode'

2023-02-17 21:22:38 - [MESSAGE][PASSED] - Text '' is set on object 'Object Repository/VLink/Page_CCSale/txt_Email'

2023-02-17 21:22:39 - [MESSAGE][PASSED] - Text '' is set on object 'Object Repository/VLink/Page_CCSale/txt_OrderNumber'

2023-02-17 21:22:39 - [MESSAGE][PASSED] - Text '' is set on object 'Object Repository/VLink/Page_CCSale/txt_TaxAmount'

2023-02-17 21:22:40 - [MESSAGE][PASSED] - Text '' is set on object 'Object Repository/VLink/Page_CCSale/txt_ChargeDescription'

2023-02-17 21:22:41 - [MESSAGE][PASSED] - Text '' is set on object 'Object Repository/VLink/Page_CCSale/txt_CAN'

2023-02-17 21:22:41 - [MESSAGE][PASSED] - Text '' is set on object 'Object Repository/VLink/Page_CCSale/txt_BillPaymentIndicator'

2023-02-17 21:22:42 - [MESSAGE][PASSED] - Text '' is set on object 'Object Repository/VLink/Page_CCSale/txt_UDF1'

2023-02-17 21:22:43 - [MESSAGE][PASSED] - Text '' is set on object 'Object Repository/VLink/Page_CCSale/txt_UDF2'

2023-02-17 21:22:43 - [MESSAGE][PASSED] - Text '' is set on object 'Object Repository/VLink/Page_CCSale/txt_UDF3'

2023-02-17 21:22:44 - [MESSAGE][PASSED] - Text '' is set on object 'Object Repository/VLink/Page_CCSale/txt_UDF4'

2023-02-17 21:22:45 - [MESSAGE][PASSED] - Text '' is set on object 'Object Repository/VLink/Page_CCSale/txt_UDF5'

2023-02-17 21:22:45 - [MESSAGE][PASSED] - Text '' is set on object 'Object Repository/VLink/Page_CCSale/txt_UDF6'

2023-02-17 21:22:46 - [MESSAGE][PASSED] - Text '' is set on object 'Object Repository/VLink/Page_CCSale/txt_UDF7'

2023-02-17 21:22:47 - [MESSAGE][PASSED] - Text '' is set on object 'Object Repository/VLink/Page_CCSale/txt_UDF8'

2023-02-17 21:22:47 - [MESSAGE][PASSED] - Text '' is set on object 'Object Repository/VLink/Page_CCSale/txt_UDF9'

2023-02-17 21:22:48 - [MESSAGE][PASSED] - Text '' is set on object 'Object Repository/VLink/Page_CCSale/txt_UDF10'

2023-02-17 21:22:53 - [MESSAGE][PASSED] - Object: 'Object Repository/VLink/Page_CCSale/btn_ProcessVLinkTransaction' is clicked on

2023-02-17 21:22:58 - [MESSAGE][PASSED] - vlinkPages.saleCCPage.setDataSCC is PASSED

2023-02-17 21:22:58 - [TEST_STEP][PASSED] - if (verifyTextPresent("Transaction approved, no errors", true)): null

2023-02-17 21:22:58 - [MESSAGE][PASSED] - Text 'Transaction approved, no errors' is present on page  using regular expression

2023-02-17 21:22:58 - [TEST_STEP][PASSED] - println("Transaction Approved, no errors text is present on the Confirmation page"): null

2023-02-17 21:22:58 - [TEST_STEP][PASSED] - out.println("Pass Record Number: " + row): null

2023-02-17 21:22:58 - [TEST_STEP][PASSED] - resText = "Pass": null

2023-02-17 21:22:58 - [TEST_STEP][PASSED] - pages.WriteExcel.demoKey(resText, datText, resColumn, datCloumn, fileLoc, nameSheet, row): pages.WriteExcel.demoKey is PASSED

2023-02-17 21:22:58 - [MESSAGE][PASSED] - pages.WriteExcel.demoKey is PASSED

2023-02-17 21:22:58 - [TEST_STEP][PASSED] - sdfo = getText(findTestObject("Object Repository/Page_VLinkReceipt/pre_STX")): Text of object 'Object Repository/Page_VLinkReceipt/pre_STX' is: '<STX>IKJuNBHkhfNM                  12127312            0  Transaction approved, no errors                   0                                                                                  Y OK2110   <ETX>'

2023-02-17 21:22:59 - [MESSAGE][PASSED] - Text of object 'Object Repository/Page_VLinkReceipt/pre_STX' is: '<STX>IKJuNBHkhfNM                  12127312            0  Transaction approved, no errors                   0                                                                                  Y OK2110   <ETX>'

2023-02-17 21:22:59 - [TEST_STEP][PASSED] - out.println("sdfo: " + sdfo): null

2023-02-17 21:22:59 - [TEST_STEP][PASSED] - remID = substring(5, 35).trim(): null

2023-02-17 21:22:59 - [TEST_STEP][PASSED] - out.println("Remittance ID: " + remID): null

2023-02-17 21:22:59 - [TEST_STEP][PASSED] - traxID = substring(35, 55).trim(): null

2023-02-17 21:22:59 - [TEST_STEP][PASSED] - out.println("Transaction ID: " + traxID): null

2023-02-17 21:22:59 - [TEST_STEP][PASSED] - out.println("End Record Number: " + row): null

2023-02-17 21:22:59 - [TEST_STEP][PASSED] - closeBrowser(): Browser is closed

2023-02-17 21:23:00 - [MESSAGE][PASSED] - Browser is closed

2023-02-17 21:23:00 - [TEST_STEP][PASSED] - ExecuteTC = findTestData(dataFile).getValue("Execute", row): null

2023-02-17 21:23:00 - [TEST_STEP][PASSED] - out.println("Value of Execute is : " + ExecuteTC): null

2023-02-17 21:23:00 - [TEST_STEP][PASSED] - if (ExecuteTC.equalsIgnoreCase("Y")): Browser is closed

2023-02-17 21:23:00 - [TEST_STEP][PASSED] - out.println("Begin Record Number: " + row): null

2023-02-17 21:23:00 - [TEST_STEP][PASSED] - today = new java.util.Date(): null

2023-02-17 21:23:00 - [TEST_STEP][PASSED] - println(today): null

2023-02-17 21:23:00 - [TEST_STEP][PASSED] - datText = today: null

2023-02-17 21:23:00 - [TEST_STEP][PASSED] - openBrowser(VLinkURL + "authcap.html"): Browser is opened with url: 'https://dev-algorithm.govolution.com/vlinktest/QA/version_2_0/authcap.html'

2023-02-17 21:23:00 - [MESSAGE][INFO] - Starting 'Chrome' driver

2023-02-17 21:23:00 - [MESSAGE][INFO] - User set preference: ['acceptInsecureCerts', 'true']

2023-02-17 21:23:00 - [MESSAGE][INFO] - Action delay is set to 0 milliseconds

2023-02-17 21:23:01 - [MESSAGE][PASSED] - Browser is opened with url: 'https://dev-algorithm.govolution.com/vlinktest/QA/version_2_0/authcap.html'

2023-02-17 21:23:01 - [TEST_STEP][PASSED] - maximizeWindow(): Current window maximized

2023-02-17 21:23:02 - [MESSAGE][PASSED] - Current window maximized

2023-02-17 21:23:02 - [TEST_STEP][PASSED] - vlinkPages.saleCCPage.setDataSCC(row, dataFile): vlinkPages.saleCCPage.setDataSCC is PASSED

2023-02-17 21:23:04 - [MESSAGE][PASSED] - Object 'Object Repository/VLink/Page_CCSale/txt_CardNumber' is present

2023-02-17 21:23:05 - [MESSAGE][PASSED] - Text '104' is set on object 'Object Repository/VLink/Page_CCSale/txt_TransactionType'

2023-02-17 21:23:06 - [MESSAGE][PASSED] - Text '2.0C' is set on object 'Object Repository/VLink/Page_CCSale/txt_MessageVersion'

2023-02-17 21:23:06 - [MESSAGE][PASSED] - Text 'rn0PiG6UYe1w' is set on object 'Object Repository/VLink/Page_CCSale/txt_RemID'

2023-02-17 21:23:07 - [MESSAGE][PASSED] - Text '670' is set on object 'Object Repository/VLink/Page_CCSale/txt_ApplicationId'

2023-02-17 21:23:08 - [MESSAGE][PASSED] - Text 'username' is set on object 'Object Repository/VLink/Page_CCSale/txt_Username'

2023-02-17 21:23:08 - [MESSAGE][PASSED] - Text 'password' is set on object 'Object Repository/VLink/Page_CCSale/txt_Password'

2023-02-17 21:23:09 - [MESSAGE][PASSED] - Text 'fixed_width' is set on object 'Object Repository/VLink/Page_CCSale/txt_ResponseFormat'

2023-02-17 21:23:09 - [MESSAGE][PASSED] - Text 'MOTO' is set on object 'Object Repository/VLink/Page_CCSale/txt_Category'

2023-02-17 21:23:10 - [MESSAGE][PASSED] - Text '' is set on object 'Object Repository/VLink/Page_CCSale/txt_TransactionID'

2023-02-17 21:23:11 - [MESSAGE][PASSED] - Text '' is set on object 'Object Repository/VLink/Page_CCSale/txt_ApprovalCode'

2023-02-17 21:23:11 - [MESSAGE][PASSED] - Text 'Kris Roshan' is set on object 'Object Repository/VLink/Page_CCSale/txt_CardName'

2023-02-17 21:23:12 - [MESSAGE][PASSED] - Text '258 Elm Road' is set on object 'Object Repository/VLink/Page_CCSale/txt_AL1'

2023-02-17 21:23:13 - [MESSAGE][PASSED] - Text 'Suite 56' is set on object 'Object Repository/VLink/Page_CCSale/txt_AL2'

2023-02-17 21:23:13 - [MESSAGE][PASSED] - Text 'Arlington' is set on object 'Object Repository/VLink/Page_CCSale/txt_CardCity'

2023-02-17 21:23:14 - [MESSAGE][PASSED] - Text 'VA' is set on object 'Object Repository/VLink/Page_CCSale/txt_CardState'

2023-02-17 21:23:15 - [MESSAGE][PASSED] - Text '22201' is set on object 'Object Repository/VLink/Page_CCSale/txt_CardZIP'

2023-02-17 21:23:16 - [MESSAGE][PASSED] - Text '840' is set on object 'Object Repository/VLink/Page_CCSale/txt_CountryID'

2023-02-17 21:23:16 - [MESSAGE][PASSED] - Text '1.50' is set on object 'Object Repository/VLink/Page_CCSale/txt_Amount'

2023-02-17 21:23:17 - [MESSAGE][PASSED] - Text '370000000000002' is set on object 'Object Repository/VLink/Page_CCSale/txt_CardNumber'

2023-02-17 21:23:18 - [MESSAGE][PASSED] - Text '12' is set on object 'Object Repository/VLink/Page_CCSale/txt_ExpMonth'

2023-02-17 21:23:18 - [MESSAGE][PASSED] - Text '2025' is set on object 'Object Repository/VLink/Page_CCSale/txt_ExpYear'

2023-02-17 21:23:19 - [MESSAGE][PASSED] - Text '' is set on object 'Object Repository/VLink/Page_CCSale/txt_CVV'

2023-02-17 21:23:20 - [MESSAGE][PASSED] - Text '' is set on object 'Object Repository/VLink/Page_CCSale/txt_CVVstate'

2023-02-17 21:23:20 - [MESSAGE][PASSED] - Text '' is set on object 'Object Repository/VLink/Page_CCSale/txt_TrackData'

2023-02-17 21:23:21 - [MESSAGE][PASSED] - Text '' is set on object 'Object Repository/VLink/Page_CCSale/txt_Track1Data'

2023-02-17 21:23:22 - [MESSAGE][PASSED] - Text '' is set on object 'Object Repository/VLink/Page_CCSale/txt_Track2Data'

2023-02-17 21:23:22 - [MESSAGE][PASSED] - Text 'manual' is set on object 'Object Repository/VLink/Page_CCSale/txt_POSEntryMode'

2023-02-17 21:23:23 - [MESSAGE][PASSED] - Text 'iahmed@govolution.com' is set on object 'Object Repository/VLink/Page_CCSale/txt_Email'

2023-02-17 21:23:24 - [MESSAGE][PASSED] - Text '2569362' is set on object 'Object Repository/VLink/Page_CCSale/txt_OrderNumber'

2023-02-17 21:23:24 - [MESSAGE][PASSED] - Text '1.15' is set on object 'Object Repository/VLink/Page_CCSale/txt_TaxAmount'

2023-02-17 21:23:25 - [MESSAGE][PASSED] - Text 'Charge Description' is set on object 'Object Repository/VLink/Page_CCSale/txt_ChargeDescription'

2023-02-17 21:23:26 - [MESSAGE][PASSED] - Text '147357' is set on object 'Object Repository/VLink/Page_CCSale/txt_CAN'

2023-02-17 21:23:26 - [MESSAGE][PASSED] - Text '1' is set on object 'Object Repository/VLink/Page_CCSale/txt_BillPaymentIndicator'

2023-02-17 21:23:27 - [MESSAGE][PASSED] - Text 'UDF Data 1' is set on object 'Object Repository/VLink/Page_CCSale/txt_UDF1'

2023-02-17 21:23:28 - [MESSAGE][PASSED] - Text 'UDF Data 2' is set on object 'Object Repository/VLink/Page_CCSale/txt_UDF2'

2023-02-17 21:23:28 - [MESSAGE][PASSED] - Text 'UDF Data 3' is set on object 'Object Repository/VLink/Page_CCSale/txt_UDF3'

2023-02-17 21:23:29 - [MESSAGE][PASSED] - Text 'UDF Data 4' is set on object 'Object Repository/VLink/Page_CCSale/txt_UDF4'

2023-02-17 21:23:30 - [MESSAGE][PASSED] - Text 'UDF Data 5' is set on object 'Object Repository/VLink/Page_CCSale/txt_UDF5'

2023-02-17 21:23:30 - [MESSAGE][PASSED] - Text 'UDF Data 6' is set on object 'Object Repository/VLink/Page_CCSale/txt_UDF6'

2023-02-17 21:23:31 - [MESSAGE][PASSED] - Text 'UDF Data 7' is set on object 'Object Repository/VLink/Page_CCSale/txt_UDF7'

2023-02-17 21:23:32 - [MESSAGE][PASSED] - Text 'UDF Data 8' is set on object 'Object Repository/VLink/Page_CCSale/txt_UDF8'

2023-02-17 21:23:33 - [MESSAGE][PASSED] - Text 'UDF Data 9' is set on object 'Object Repository/VLink/Page_CCSale/txt_UDF9'

2023-02-17 21:23:33 - [MESSAGE][PASSED] - Text 'UDF Data 10' is set on object 'Object Repository/VLink/Page_CCSale/txt_UDF10'

2023-02-17 21:23:38 - [MESSAGE][PASSED] - Object: 'Object Repository/VLink/Page_CCSale/btn_ProcessVLinkTransaction' is clicked on

2023-02-17 21:23:43 - [MESSAGE][PASSED] - vlinkPages.saleCCPage.setDataSCC is PASSED

2023-02-17 21:23:43 - [TEST_STEP][PASSED] - if (verifyTextPresent("Transaction approved, no errors", true)): null

2023-02-17 21:23:43 - [MESSAGE][PASSED] - Text 'Transaction approved, no errors' is present on page  using regular expression

2023-02-17 21:23:43 - [TEST_STEP][PASSED] - println("Transaction Approved, no errors text is present on the Confirmation page"): null

2023-02-17 21:23:43 - [TEST_STEP][PASSED] - out.println("Pass Record Number: " + row): null

2023-02-17 21:23:43 - [TEST_STEP][PASSED] - resText = "Pass": null

2023-02-17 21:23:43 - [TEST_STEP][PASSED] - pages.WriteExcel.demoKey(resText, datText, resColumn, datCloumn, fileLoc, nameSheet, row): pages.WriteExcel.demoKey is PASSED

2023-02-17 21:23:43 - [MESSAGE][PASSED] - pages.WriteExcel.demoKey is PASSED

2023-02-17 21:23:43 - [TEST_STEP][PASSED] - sdfo = getText(findTestObject("Object Repository/Page_VLinkReceipt/pre_STX")): Text of object 'Object Repository/Page_VLinkReceipt/pre_STX' is: '<STX>rn0PiG6UYe1w                  12127313            0  Transaction approved, no errors                   0                                                                                  Y OK2410   <ETX>'

2023-02-17 21:23:43 - [MESSAGE][PASSED] - Text of object 'Object Repository/Page_VLinkReceipt/pre_STX' is: '<STX>rn0PiG6UYe1w                  12127313            0  Transaction approved, no errors                   0                                                                                  Y OK2410   <ETX>'

2023-02-17 21:23:43 - [TEST_STEP][PASSED] - out.println("sdfo: " + sdfo): null

2023-02-17 21:23:43 - [TEST_STEP][PASSED] - remID = substring(5, 35).trim(): null

2023-02-17 21:23:43 - [TEST_STEP][PASSED] - out.println("Remittance ID: " + remID): null

2023-02-17 21:23:43 - [TEST_STEP][PASSED] - traxID = substring(35, 55).trim(): null

2023-02-17 21:23:43 - [TEST_STEP][PASSED] - out.println("Transaction ID: " + traxID): null

2023-02-17 21:23:43 - [TEST_STEP][PASSED] - out.println("End Record Number: " + row): null

2023-02-17 21:23:43 - [TEST_STEP][PASSED] - closeBrowser(): Browser is closed

2023-02-17 21:23:44 - [MESSAGE][PASSED] - Browser is closed

2023-02-17 21:23:44 - [TEST_STEP][PASSED] - ExecuteTC = findTestData(dataFile).getValue("Execute", row): null

2023-02-17 21:23:44 - [TEST_STEP][PASSED] - out.println("Value of Execute is : " + ExecuteTC): null

2023-02-17 21:23:44 - [TEST_STEP][PASSED] - if (ExecuteTC.equalsIgnoreCase("Y")): Browser is closed

2023-02-17 21:23:44 - [TEST_STEP][PASSED] - out.println("Begin Record Number: " + row): null

2023-02-17 21:23:44 - [TEST_STEP][PASSED] - today = new java.util.Date(): null

2023-02-17 21:23:44 - [TEST_STEP][PASSED] - println(today): null

2023-02-17 21:23:44 - [TEST_STEP][PASSED] - datText = today: null

2023-02-17 21:23:44 - [TEST_STEP][PASSED] - openBrowser(VLinkURL + "authcap.html"): Browser is opened with url: 'https://dev-algorithm.govolution.com/vlinktest/QA/version_2_0/authcap.html'

2023-02-17 21:23:44 - [MESSAGE][INFO] - Starting 'Chrome' driver

2023-02-17 21:23:44 - [MESSAGE][INFO] - User set preference: ['acceptInsecureCerts', 'true']

2023-02-17 21:23:44 - [MESSAGE][INFO] - Action delay is set to 0 milliseconds

2023-02-17 21:23:46 - [MESSAGE][PASSED] - Browser is opened with url: 'https://dev-algorithm.govolution.com/vlinktest/QA/version_2_0/authcap.html'

2023-02-17 21:23:46 - [TEST_STEP][PASSED] - maximizeWindow(): Current window maximized

2023-02-17 21:23:46 - [MESSAGE][PASSED] - Current window maximized

2023-02-17 21:23:46 - [TEST_STEP][PASSED] - vlinkPages.saleCCPage.setDataSCC(row, dataFile): vlinkPages.saleCCPage.setDataSCC is PASSED

2023-02-17 21:23:49 - [MESSAGE][PASSED] - Object 'Object Repository/VLink/Page_CCSale/txt_CardNumber' is present

2023-02-17 21:23:50 - [MESSAGE][PASSED] - Text '104' is set on object 'Object Repository/VLink/Page_CCSale/txt_TransactionType'

2023-02-17 21:23:50 - [MESSAGE][PASSED] - Text '2.0C' is set on object 'Object Repository/VLink/Page_CCSale/txt_MessageVersion'

2023-02-17 21:23:51 - [MESSAGE][PASSED] - Text '6bLQuCR6Znwj' is set on object 'Object Repository/VLink/Page_CCSale/txt_RemID'

2023-02-17 21:23:52 - [MESSAGE][PASSED] - Text '670' is set on object 'Object Repository/VLink/Page_CCSale/txt_ApplicationId'

2023-02-17 21:23:52 - [MESSAGE][PASSED] - Text 'username' is set on object 'Object Repository/VLink/Page_CCSale/txt_Username'

2023-02-17 21:23:53 - [MESSAGE][PASSED] - Text 'password' is set on object 'Object Repository/VLink/Page_CCSale/txt_Password'

2023-02-17 21:23:53 - [MESSAGE][PASSED] - Text 'fixed_width' is set on object 'Object Repository/VLink/Page_CCSale/txt_ResponseFormat'

2023-02-17 21:23:54 - [MESSAGE][PASSED] - Text 'MOTO' is set on object 'Object Repository/VLink/Page_CCSale/txt_Category'

2023-02-17 21:23:55 - [MESSAGE][PASSED] - Text '' is set on object 'Object Repository/VLink/Page_CCSale/txt_TransactionID'

2023-02-17 21:23:55 - [MESSAGE][PASSED] - Text '' is set on object 'Object Repository/VLink/Page_CCSale/txt_ApprovalCode'

2023-02-17 21:23:56 - [MESSAGE][PASSED] - Text 'Arvind Silva' is set on object 'Object Repository/VLink/Page_CCSale/txt_CardName'

2023-02-17 21:23:57 - [MESSAGE][PASSED] - Text '111 Main Ave' is set on object 'Object Repository/VLink/Page_CCSale/txt_AL1'

2023-02-17 21:23:57 - [MESSAGE][PASSED] - Text '' is set on object 'Object Repository/VLink/Page_CCSale/txt_AL2'

2023-02-17 21:23:58 - [MESSAGE][PASSED] - Text 'Arlington' is set on object 'Object Repository/VLink/Page_CCSale/txt_CardCity'

2023-02-17 21:23:59 - [MESSAGE][PASSED] - Text 'VA' is set on object 'Object Repository/VLink/Page_CCSale/txt_CardState'

2023-02-17 21:24:00 - [MESSAGE][PASSED] - Text '22201' is set on object 'Object Repository/VLink/Page_CCSale/txt_CardZIP'

2023-02-17 21:24:00 - [MESSAGE][PASSED] - Text '' is set on object 'Object Repository/VLink/Page_CCSale/txt_CountryID'

2023-02-17 21:24:01 - [MESSAGE][PASSED] - Text '2.50' is set on object 'Object Repository/VLink/Page_CCSale/txt_Amount'

2023-02-17 21:24:01 - [MESSAGE][PASSED] - Text '6011000000000004' is set on object 'Object Repository/VLink/Page_CCSale/txt_CardNumber'

2023-02-17 21:24:02 - [MESSAGE][PASSED] - Text '01' is set on object 'Object Repository/VLink/Page_CCSale/txt_ExpMonth'

2023-02-17 21:24:03 - [MESSAGE][PASSED] - Text '2026' is set on object 'Object Repository/VLink/Page_CCSale/txt_ExpYear'

2023-02-17 21:24:04 - [MESSAGE][PASSED] - Text '' is set on object 'Object Repository/VLink/Page_CCSale/txt_CVV'

2023-02-17 21:24:04 - [MESSAGE][PASSED] - Text '' is set on object 'Object Repository/VLink/Page_CCSale/txt_CVVstate'

2023-02-17 21:24:05 - [MESSAGE][PASSED] - Text '' is set on object 'Object Repository/VLink/Page_CCSale/txt_TrackData'

2023-02-17 21:24:06 - [MESSAGE][PASSED] - Text '' is set on object 'Object Repository/VLink/Page_CCSale/txt_Track1Data'

2023-02-17 21:24:06 - [MESSAGE][PASSED] - Text '' is set on object 'Object Repository/VLink/Page_CCSale/txt_Track2Data'

2023-02-17 21:24:07 - [MESSAGE][PASSED] - Text 'manual' is set on object 'Object Repository/VLink/Page_CCSale/txt_POSEntryMode'

2023-02-17 21:24:08 - [MESSAGE][PASSED] - Text '' is set on object 'Object Repository/VLink/Page_CCSale/txt_Email'

2023-02-17 21:24:08 - [MESSAGE][PASSED] - Text '' is set on object 'Object Repository/VLink/Page_CCSale/txt_OrderNumber'

2023-02-17 21:24:09 - [MESSAGE][PASSED] - Text '' is set on object 'Object Repository/VLink/Page_CCSale/txt_TaxAmount'

2023-02-17 21:24:10 - [MESSAGE][PASSED] - Text '' is set on object 'Object Repository/VLink/Page_CCSale/txt_ChargeDescription'

2023-02-17 21:24:10 - [MESSAGE][PASSED] - Text '' is set on object 'Object Repository/VLink/Page_CCSale/txt_CAN'

2023-02-17 21:24:11 - [MESSAGE][PASSED] - Text '' is set on object 'Object Repository/VLink/Page_CCSale/txt_BillPaymentIndicator'

2023-02-17 21:24:12 - [MESSAGE][PASSED] - Text '' is set on object 'Object Repository/VLink/Page_CCSale/txt_UDF1'

2023-02-17 21:24:12 - [MESSAGE][PASSED] - Text '' is set on object 'Object Repository/VLink/Page_CCSale/txt_UDF2'

2023-02-17 21:24:13 - [MESSAGE][PASSED] - Text '' is set on object 'Object Repository/VLink/Page_CCSale/txt_UDF3'

2023-02-17 21:24:14 - [MESSAGE][PASSED] - Text '' is set on object 'Object Repository/VLink/Page_CCSale/txt_UDF4'

2023-02-17 21:24:14 - [MESSAGE][PASSED] - Text '' is set on object 'Object Repository/VLink/Page_CCSale/txt_UDF5'

2023-02-17 21:24:15 - [MESSAGE][PASSED] - Text '' is set on object 'Object Repository/VLink/Page_CCSale/txt_UDF6'

2023-02-17 21:24:16 - [MESSAGE][PASSED] - Text '' is set on object 'Object Repository/VLink/Page_CCSale/txt_UDF7'

2023-02-17 21:24:16 - [MESSAGE][PASSED] - Text '' is set on object 'Object Repository/VLink/Page_CCSale/txt_UDF8'

2023-02-17 21:24:17 - [MESSAGE][PASSED] - Text '' is set on object 'Object Repository/VLink/Page_CCSale/txt_UDF9'

2023-02-17 21:24:18 - [MESSAGE][PASSED] - Text '' is set on object 'Object Repository/VLink/Page_CCSale/txt_UDF10'

2023-02-17 21:24:23 - [MESSAGE][PASSED] - Object: 'Object Repository/VLink/Page_CCSale/btn_ProcessVLinkTransaction' is clicked on

2023-02-17 21:24:28 - [MESSAGE][PASSED] - vlinkPages.saleCCPage.setDataSCC is PASSED

2023-02-17 21:24:28 - [TEST_STEP][PASSED] - if (verifyTextPresent("Transaction approved, no errors", true)): null

2023-02-17 21:24:28 - [MESSAGE][PASSED] - Text 'Transaction approved, no errors' is present on page  using regular expression

2023-02-17 21:24:28 - [TEST_STEP][PASSED] - println("Transaction Approved, no errors text is present on the Confirmation page"): null

2023-02-17 21:24:28 - [TEST_STEP][PASSED] - out.println("Pass Record Number: " + row): null

2023-02-17 21:24:28 - [TEST_STEP][PASSED] - resText = "Pass": null

2023-02-17 21:24:28 - [TEST_STEP][PASSED] - pages.WriteExcel.demoKey(resText, datText, resColumn, datCloumn, fileLoc, nameSheet, row): pages.WriteExcel.demoKey is PASSED

2023-02-17 21:24:29 - [MESSAGE][PASSED] - pages.WriteExcel.demoKey is PASSED

2023-02-17 21:24:29 - [TEST_STEP][PASSED] - sdfo = getText(findTestObject("Object Repository/Page_VLinkReceipt/pre_STX")): Text of object 'Object Repository/Page_VLinkReceipt/pre_STX' is: '<STX>6bLQuCR6Znwj                  12127314            0  Transaction approved, no errors                   0                                                                                  Y OK2740   <ETX>'

2023-02-17 21:24:29 - [MESSAGE][PASSED] - Text of object 'Object Repository/Page_VLinkReceipt/pre_STX' is: '<STX>6bLQuCR6Znwj                  12127314            0  Transaction approved, no errors                   0                                                                                  Y OK2740   <ETX>'

2023-02-17 21:24:29 - [TEST_STEP][PASSED] - out.println("sdfo: " + sdfo): null

2023-02-17 21:24:29 - [TEST_STEP][PASSED] - remID = substring(5, 35).trim(): null

2023-02-17 21:24:29 - [TEST_STEP][PASSED] - out.println("Remittance ID: " + remID): null

2023-02-17 21:24:29 - [TEST_STEP][PASSED] - traxID = substring(35, 55).trim(): null

2023-02-17 21:24:29 - [TEST_STEP][PASSED] - out.println("Transaction ID: " + traxID): null

2023-02-17 21:24:29 - [TEST_STEP][PASSED] - out.println("End Record Number: " + row): null

2023-02-17 21:24:29 - [TEST_STEP][PASSED] - closeBrowser(): Browser is closed

2023-02-17 21:24:30 - [MESSAGE][PASSED] - Browser is closed

2023-02-17 21:24:30 - [TEST_STEP][PASSED] - ExecuteTC = findTestData(dataFile).getValue("Execute", row): null

2023-02-17 21:24:30 - [TEST_STEP][PASSED] - out.println("Value of Execute is : " + ExecuteTC): null

2023-02-17 21:24:30 - [TEST_STEP][PASSED] - if (ExecuteTC.equalsIgnoreCase("Y")): Browser is closed

2023-02-17 21:24:30 - [TEST_STEP][PASSED] - out.println("Begin Record Number: " + row): null

2023-02-17 21:24:30 - [TEST_STEP][PASSED] - today = new java.util.Date(): null

2023-02-17 21:24:30 - [TEST_STEP][PASSED] - println(today): null

2023-02-17 21:24:30 - [TEST_STEP][PASSED] - datText = today: null

2023-02-17 21:24:30 - [TEST_STEP][PASSED] - openBrowser(VLinkURL + "authcap.html"): Browser is opened with url: 'https://dev-algorithm.govolution.com/vlinktest/QA/version_2_0/authcap.html'

2023-02-17 21:24:30 - [MESSAGE][INFO] - Starting 'Chrome' driver

2023-02-17 21:24:30 - [MESSAGE][INFO] - User set preference: ['acceptInsecureCerts', 'true']

2023-02-17 21:24:30 - [MESSAGE][INFO] - Action delay is set to 0 milliseconds

2023-02-17 21:24:32 - [MESSAGE][PASSED] - Browser is opened with url: 'https://dev-algorithm.govolution.com/vlinktest/QA/version_2_0/authcap.html'

2023-02-17 21:24:32 - [TEST_STEP][PASSED] - maximizeWindow(): Current window maximized

2023-02-17 21:24:32 - [MESSAGE][PASSED] - Current window maximized

2023-02-17 21:24:32 - [TEST_STEP][PASSED] - vlinkPages.saleCCPage.setDataSCC(row, dataFile): vlinkPages.saleCCPage.setDataSCC is PASSED

2023-02-17 21:24:35 - [MESSAGE][PASSED] - Object 'Object Repository/VLink/Page_CCSale/txt_CardNumber' is present

2023-02-17 21:24:35 - [MESSAGE][PASSED] - Text '104' is set on object 'Object Repository/VLink/Page_CCSale/txt_TransactionType'

2023-02-17 21:24:36 - [MESSAGE][PASSED] - Text '2.0C' is set on object 'Object Repository/VLink/Page_CCSale/txt_MessageVersion'

2023-02-17 21:24:36 - [MESSAGE][PASSED] - Text 'zK1e1K3QtFgE' is set on object 'Object Repository/VLink/Page_CCSale/txt_RemID'

2023-02-17 21:24:37 - [MESSAGE][PASSED] - Text '671' is set on object 'Object Repository/VLink/Page_CCSale/txt_ApplicationId'

2023-02-17 21:24:38 - [MESSAGE][PASSED] - Text 'username' is set on object 'Object Repository/VLink/Page_CCSale/txt_Username'

2023-02-17 21:24:38 - [MESSAGE][PASSED] - Text 'password' is set on object 'Object Repository/VLink/Page_CCSale/txt_Password'

2023-02-17 21:24:39 - [MESSAGE][PASSED] - Text 'fixed_width' is set on object 'Object Repository/VLink/Page_CCSale/txt_ResponseFormat'

2023-02-17 21:24:40 - [MESSAGE][PASSED] - Text 'RETL' is set on object 'Object Repository/VLink/Page_CCSale/txt_Category'

2023-02-17 21:24:40 - [MESSAGE][PASSED] - Text '' is set on object 'Object Repository/VLink/Page_CCSale/txt_TransactionID'

2023-02-17 21:24:41 - [MESSAGE][PASSED] - Text '' is set on object 'Object Repository/VLink/Page_CCSale/txt_ApprovalCode'

2023-02-17 21:24:42 - [MESSAGE][PASSED] - Text 'Roshan Maha' is set on object 'Object Repository/VLink/Page_CCSale/txt_CardName'

2023-02-17 21:24:42 - [MESSAGE][PASSED] - Text '12563 Bazaar road' is set on object 'Object Repository/VLink/Page_CCSale/txt_AL1'

2023-02-17 21:24:43 - [MESSAGE][PASSED] - Text '' is set on object 'Object Repository/VLink/Page_CCSale/txt_AL2'

2023-02-17 21:24:44 - [MESSAGE][PASSED] - Text 'Crofton' is set on object 'Object Repository/VLink/Page_CCSale/txt_CardCity'

2023-02-17 21:24:44 - [MESSAGE][PASSED] - Text 'MD' is set on object 'Object Repository/VLink/Page_CCSale/txt_CardState'

2023-02-17 21:24:45 - [MESSAGE][PASSED] - Text '21114' is set on object 'Object Repository/VLink/Page_CCSale/txt_CardZIP'

2023-02-17 21:24:46 - [MESSAGE][PASSED] - Text '' is set on object 'Object Repository/VLink/Page_CCSale/txt_CountryID'

2023-02-17 21:24:46 - [MESSAGE][PASSED] - Text '3.50' is set on object 'Object Repository/VLink/Page_CCSale/txt_Amount'

2023-02-17 21:24:47 - [MESSAGE][PASSED] - Text '4111111111111111' is set on object 'Object Repository/VLink/Page_CCSale/txt_CardNumber'

2023-02-17 21:24:48 - [MESSAGE][PASSED] - Text '01' is set on object 'Object Repository/VLink/Page_CCSale/txt_ExpMonth'

2023-02-17 21:24:48 - [MESSAGE][PASSED] - Text '2026' is set on object 'Object Repository/VLink/Page_CCSale/txt_ExpYear'

2023-02-17 21:24:49 - [MESSAGE][PASSED] - Text '' is set on object 'Object Repository/VLink/Page_CCSale/txt_CVV'

2023-02-17 21:24:50 - [MESSAGE][PASSED] - Text '' is set on object 'Object Repository/VLink/Page_CCSale/txt_CVVstate'

2023-02-17 21:24:50 - [MESSAGE][PASSED] - Text '' is set on object 'Object Repository/VLink/Page_CCSale/txt_TrackData'

2023-02-17 21:24:51 - [MESSAGE][PASSED] - Text '' is set on object 'Object Repository/VLink/Page_CCSale/txt_Track1Data'

2023-02-17 21:24:52 - [MESSAGE][PASSED] - Text '' is set on object 'Object Repository/VLink/Page_CCSale/txt_Track2Data'

2023-02-17 21:24:53 - [MESSAGE][PASSED] - Text 'manual' is set on object 'Object Repository/VLink/Page_CCSale/txt_POSEntryMode'

2023-02-17 21:24:53 - [MESSAGE][PASSED] - Text '' is set on object 'Object Repository/VLink/Page_CCSale/txt_Email'

2023-02-17 21:24:54 - [MESSAGE][PASSED] - Text '' is set on object 'Object Repository/VLink/Page_CCSale/txt_OrderNumber'

2023-02-17 21:24:55 - [MESSAGE][PASSED] - Text '' is set on object 'Object Repository/VLink/Page_CCSale/txt_TaxAmount'

2023-02-17 21:24:55 - [MESSAGE][PASSED] - Text '' is set on object 'Object Repository/VLink/Page_CCSale/txt_ChargeDescription'

2023-02-17 21:24:56 - [MESSAGE][PASSED] - Text '' is set on object 'Object Repository/VLink/Page_CCSale/txt_CAN'

2023-02-17 21:24:57 - [MESSAGE][PASSED] - Text '' is set on object 'Object Repository/VLink/Page_CCSale/txt_BillPaymentIndicator'

2023-02-17 21:24:57 - [MESSAGE][PASSED] - Text '' is set on object 'Object Repository/VLink/Page_CCSale/txt_UDF1'

2023-02-17 21:24:58 - [MESSAGE][PASSED] - Text '' is set on object 'Object Repository/VLink/Page_CCSale/txt_UDF2'

2023-02-17 21:24:59 - [MESSAGE][PASSED] - Text '' is set on object 'Object Repository/VLink/Page_CCSale/txt_UDF3'

2023-02-17 21:24:59 - [MESSAGE][PASSED] - Text '' is set on object 'Object Repository/VLink/Page_CCSale/txt_UDF4'

2023-02-17 21:25:00 - [MESSAGE][PASSED] - Text '' is set on object 'Object Repository/VLink/Page_CCSale/txt_UDF5'

2023-02-17 21:25:01 - [MESSAGE][PASSED] - Text '' is set on object 'Object Repository/VLink/Page_CCSale/txt_UDF6'

2023-02-17 21:25:01 - [MESSAGE][PASSED] - Text '' is set on object 'Object Repository/VLink/Page_CCSale/txt_UDF7'

2023-02-17 21:25:02 - [MESSAGE][PASSED] - Text '' is set on object 'Object Repository/VLink/Page_CCSale/txt_UDF8'

2023-02-17 21:25:03 - [MESSAGE][PASSED] - Text '' is set on object 'Object Repository/VLink/Page_CCSale/txt_UDF9'

2023-02-17 21:25:03 - [MESSAGE][PASSED] - Text '' is set on object 'Object Repository/VLink/Page_CCSale/txt_UDF10'

2023-02-17 21:25:07 - [MESSAGE][PASSED] - Object: 'Object Repository/VLink/Page_CCSale/btn_ProcessVLinkTransaction' is clicked on

2023-02-17 21:25:12 - [MESSAGE][PASSED] - vlinkPages.saleCCPage.setDataSCC is PASSED

2023-02-17 21:25:12 - [TEST_STEP][PASSED] - if (verifyTextPresent("Transaction approved, no errors", true)): null

2023-02-17 21:25:12 - [MESSAGE][PASSED] - Text 'Transaction approved, no errors' is present on page  using regular expression

2023-02-17 21:25:12 - [TEST_STEP][PASSED] - println("Transaction Approved, no errors text is present on the Confirmation page"): null

2023-02-17 21:25:12 - [TEST_STEP][PASSED] - out.println("Pass Record Number: " + row): null

2023-02-17 21:25:12 - [TEST_STEP][PASSED] - resText = "Pass": null

2023-02-17 21:25:12 - [TEST_STEP][PASSED] - pages.WriteExcel.demoKey(resText, datText, resColumn, datCloumn, fileLoc, nameSheet, row): pages.WriteExcel.demoKey is PASSED

2023-02-17 21:25:13 - [MESSAGE][PASSED] - pages.WriteExcel.demoKey is PASSED

2023-02-17 21:25:13 - [TEST_STEP][PASSED] - sdfo = getText(findTestObject("Object Repository/Page_VLinkReceipt/pre_STX")): Text of object 'Object Repository/Page_VLinkReceipt/pre_STX' is: '<STX>zK1e1K3QtFgE                  12127315            0  Transaction approved, no errors                   0                                                                                  Y OK3010   <ETX>'

2023-02-17 21:25:13 - [MESSAGE][PASSED] - Text of object 'Object Repository/Page_VLinkReceipt/pre_STX' is: '<STX>zK1e1K3QtFgE                  12127315            0  Transaction approved, no errors                   0                                                                                  Y OK3010   <ETX>'

2023-02-17 21:25:13 - [TEST_STEP][PASSED] - out.println("sdfo: " + sdfo): null

2023-02-17 21:25:13 - [TEST_STEP][PASSED] - remID = substring(5, 35).trim(): null

2023-02-17 21:25:13 - [TEST_STEP][PASSED] - out.println("Remittance ID: " + remID): null

2023-02-17 21:25:13 - [TEST_STEP][PASSED] - traxID = substring(35, 55).trim(): null

2023-02-17 21:25:13 - [TEST_STEP][PASSED] - out.println("Transaction ID: " + traxID): null

2023-02-17 21:25:13 - [TEST_STEP][PASSED] - out.println("End Record Number: " + row): null

2023-02-17 21:25:13 - [TEST_STEP][PASSED] - closeBrowser(): Browser is closed

2023-02-17 21:25:14 - [MESSAGE][PASSED] - Browser is closed

2023-02-17 21:25:14 - [TEST_STEP][PASSED] - ExecuteTC = findTestData(dataFile).getValue("Execute", row): null

2023-02-17 21:25:14 - [TEST_STEP][PASSED] - out.println("Value of Execute is : " + ExecuteTC): null

2023-02-17 21:25:14 - [TEST_STEP][PASSED] - if (ExecuteTC.equalsIgnoreCase("Y")): Browser is closed

2023-02-17 21:25:14 - [TEST_STEP][PASSED] - out.println("Begin Record Number: " + row): null

2023-02-17 21:25:14 - [TEST_STEP][PASSED] - today = new java.util.Date(): null

2023-02-17 21:25:14 - [TEST_STEP][PASSED] - println(today): null

2023-02-17 21:25:14 - [TEST_STEP][PASSED] - datText = today: null

2023-02-17 21:25:14 - [TEST_STEP][PASSED] - openBrowser(VLinkURL + "authcap.html"): Browser is opened with url: 'https://dev-algorithm.govolution.com/vlinktest/QA/version_2_0/authcap.html'

2023-02-17 21:25:14 - [MESSAGE][INFO] - Starting 'Chrome' driver

2023-02-17 21:25:14 - [MESSAGE][INFO] - User set preference: ['acceptInsecureCerts', 'true']

2023-02-17 21:25:14 - [MESSAGE][INFO] - Action delay is set to 0 milliseconds

2023-02-17 21:25:16 - [MESSAGE][PASSED] - Browser is opened with url: 'https://dev-algorithm.govolution.com/vlinktest/QA/version_2_0/authcap.html'

2023-02-17 21:25:16 - [TEST_STEP][PASSED] - maximizeWindow(): Current window maximized

2023-02-17 21:25:16 - [MESSAGE][PASSED] - Current window maximized

2023-02-17 21:25:16 - [TEST_STEP][PASSED] - vlinkPages.saleCCPage.setDataSCC(row, dataFile): vlinkPages.saleCCPage.setDataSCC is PASSED

2023-02-17 21:25:19 - [MESSAGE][PASSED] - Object 'Object Repository/VLink/Page_CCSale/txt_CardNumber' is present

2023-02-17 21:25:19 - [MESSAGE][PASSED] - Text '104' is set on object 'Object Repository/VLink/Page_CCSale/txt_TransactionType'

2023-02-17 21:25:20 - [MESSAGE][PASSED] - Text '2.0C' is set on object 'Object Repository/VLink/Page_CCSale/txt_MessageVersion'

2023-02-17 21:25:21 - [MESSAGE][PASSED] - Text '4DUn2WQlofh2' is set on object 'Object Repository/VLink/Page_CCSale/txt_RemID'

2023-02-17 21:25:21 - [MESSAGE][PASSED] - Text '671' is set on object 'Object Repository/VLink/Page_CCSale/txt_ApplicationId'

2023-02-17 21:25:22 - [MESSAGE][PASSED] - Text 'username' is set on object 'Object Repository/VLink/Page_CCSale/txt_Username'

2023-02-17 21:25:22 - [MESSAGE][PASSED] - Text 'password' is set on object 'Object Repository/VLink/Page_CCSale/txt_Password'

2023-02-17 21:25:23 - [MESSAGE][PASSED] - Text 'fixed_width' is set on object 'Object Repository/VLink/Page_CCSale/txt_ResponseFormat'

2023-02-17 21:25:24 - [MESSAGE][PASSED] - Text 'RETL' is set on object 'Object Repository/VLink/Page_CCSale/txt_Category'

2023-02-17 21:25:24 - [MESSAGE][PASSED] - Text '' is set on object 'Object Repository/VLink/Page_CCSale/txt_TransactionID'

2023-02-17 21:25:25 - [MESSAGE][PASSED] - Text '' is set on object 'Object Repository/VLink/Page_CCSale/txt_ApprovalCode'

2023-02-17 21:25:26 - [MESSAGE][PASSED] - Text 'Kris Roshan' is set on object 'Object Repository/VLink/Page_CCSale/txt_CardName'

2023-02-17 21:25:26 - [MESSAGE][PASSED] - Text '258 Elm Road' is set on object 'Object Repository/VLink/Page_CCSale/txt_AL1'

2023-02-17 21:25:27 - [MESSAGE][PASSED] - Text 'Suite 56' is set on object 'Object Repository/VLink/Page_CCSale/txt_AL2'

2023-02-17 21:25:28 - [MESSAGE][PASSED] - Text 'Arlington' is set on object 'Object Repository/VLink/Page_CCSale/txt_CardCity'

2023-02-17 21:25:29 - [MESSAGE][PASSED] - Text 'VA' is set on object 'Object Repository/VLink/Page_CCSale/txt_CardState'

2023-02-17 21:25:29 - [MESSAGE][PASSED] - Text '22201' is set on object 'Object Repository/VLink/Page_CCSale/txt_CardZIP'

2023-02-17 21:25:30 - [MESSAGE][PASSED] - Text '840' is set on object 'Object Repository/VLink/Page_CCSale/txt_CountryID'

2023-02-17 21:25:31 - [MESSAGE][PASSED] - Text '1.50' is set on object 'Object Repository/VLink/Page_CCSale/txt_Amount'

2023-02-17 21:25:31 - [MESSAGE][PASSED] - Text '5424000000000015' is set on object 'Object Repository/VLink/Page_CCSale/txt_CardNumber'

2023-02-17 21:25:32 - [MESSAGE][PASSED] - Text '12' is set on object 'Object Repository/VLink/Page_CCSale/txt_ExpMonth'

2023-02-17 21:25:33 - [MESSAGE][PASSED] - Text '2025' is set on object 'Object Repository/VLink/Page_CCSale/txt_ExpYear'

2023-02-17 21:25:33 - [MESSAGE][PASSED] - Text '' is set on object 'Object Repository/VLink/Page_CCSale/txt_CVV'

2023-02-17 21:25:34 - [MESSAGE][PASSED] - Text '' is set on object 'Object Repository/VLink/Page_CCSale/txt_CVVstate'

2023-02-17 21:25:35 - [MESSAGE][PASSED] - Text '' is set on object 'Object Repository/VLink/Page_CCSale/txt_TrackData'

2023-02-17 21:25:35 - [MESSAGE][PASSED] - Text '' is set on object 'Object Repository/VLink/Page_CCSale/txt_Track1Data'

2023-02-17 21:25:36 - [MESSAGE][PASSED] - Text '' is set on object 'Object Repository/VLink/Page_CCSale/txt_Track2Data'

2023-02-17 21:25:37 - [MESSAGE][PASSED] - Text 'manual' is set on object 'Object Repository/VLink/Page_CCSale/txt_POSEntryMode'

2023-02-17 21:25:37 - [MESSAGE][PASSED] - Text 'iahmed@govolution.com' is set on object 'Object Repository/VLink/Page_CCSale/txt_Email'

2023-02-17 21:25:38 - [MESSAGE][PASSED] - Text '2569362' is set on object 'Object Repository/VLink/Page_CCSale/txt_OrderNumber'

2023-02-17 21:25:39 - [MESSAGE][PASSED] - Text '1.15' is set on object 'Object Repository/VLink/Page_CCSale/txt_TaxAmount'

2023-02-17 21:25:39 - [MESSAGE][PASSED] - Text 'Charge Description' is set on object 'Object Repository/VLink/Page_CCSale/txt_ChargeDescription'

2023-02-17 21:25:40 - [MESSAGE][PASSED] - Text '147357' is set on object 'Object Repository/VLink/Page_CCSale/txt_CAN'

2023-02-17 21:25:41 - [MESSAGE][PASSED] - Text '1' is set on object 'Object Repository/VLink/Page_CCSale/txt_BillPaymentIndicator'

2023-02-17 21:25:42 - [MESSAGE][PASSED] - Text 'UDF Data 1' is set on object 'Object Repository/VLink/Page_CCSale/txt_UDF1'

2023-02-17 21:25:42 - [MESSAGE][PASSED] - Text 'UDF Data 2' is set on object 'Object Repository/VLink/Page_CCSale/txt_UDF2'

2023-02-17 21:25:43 - [MESSAGE][PASSED] - Text 'UDF Data 3' is set on object 'Object Repository/VLink/Page_CCSale/txt_UDF3'

2023-02-17 21:25:44 - [MESSAGE][PASSED] - Text 'UDF Data 4' is set on object 'Object Repository/VLink/Page_CCSale/txt_UDF4'

2023-02-17 21:25:44 - [MESSAGE][PASSED] - Text 'UDF Data 5' is set on object 'Object Repository/VLink/Page_CCSale/txt_UDF5'

2023-02-17 21:25:45 - [MESSAGE][PASSED] - Text 'UDF Data 6' is set on object 'Object Repository/VLink/Page_CCSale/txt_UDF6'

2023-02-17 21:25:46 - [MESSAGE][PASSED] - Text 'UDF Data 7' is set on object 'Object Repository/VLink/Page_CCSale/txt_UDF7'

2023-02-17 21:25:46 - [MESSAGE][PASSED] - Text 'UDF Data 8' is set on object 'Object Repository/VLink/Page_CCSale/txt_UDF8'

2023-02-17 21:25:47 - [MESSAGE][PASSED] - Text 'UDF Data 9' is set on object 'Object Repository/VLink/Page_CCSale/txt_UDF9'

2023-02-17 21:25:48 - [MESSAGE][PASSED] - Text 'UDF Data 10' is set on object 'Object Repository/VLink/Page_CCSale/txt_UDF10'

2023-02-17 21:25:52 - [MESSAGE][PASSED] - Object: 'Object Repository/VLink/Page_CCSale/btn_ProcessVLinkTransaction' is clicked on

2023-02-17 21:25:57 - [MESSAGE][PASSED] - vlinkPages.saleCCPage.setDataSCC is PASSED

2023-02-17 21:25:57 - [TEST_STEP][PASSED] - if (verifyTextPresent("Transaction approved, no errors", true)): null

2023-02-17 21:25:57 - [MESSAGE][PASSED] - Text 'Transaction approved, no errors' is present on page  using regular expression

2023-02-17 21:25:57 - [TEST_STEP][PASSED] - println("Transaction Approved, no errors text is present on the Confirmation page"): null

2023-02-17 21:25:57 - [TEST_STEP][PASSED] - out.println("Pass Record Number: " + row): null

2023-02-17 21:25:57 - [TEST_STEP][PASSED] - resText = "Pass": null

2023-02-17 21:25:57 - [TEST_STEP][PASSED] - pages.WriteExcel.demoKey(resText, datText, resColumn, datCloumn, fileLoc, nameSheet, row): pages.WriteExcel.demoKey is PASSED

2023-02-17 21:25:57 - [MESSAGE][PASSED] - pages.WriteExcel.demoKey is PASSED

2023-02-17 21:25:57 - [TEST_STEP][PASSED] - sdfo = getText(findTestObject("Object Repository/Page_VLinkReceipt/pre_STX")): Text of object 'Object Repository/Page_VLinkReceipt/pre_STX' is: '<STX>4DUn2WQlofh2                  12127316            0  Transaction approved, no errors                   0                                                                                  Y OK3310   <ETX>'

2023-02-17 21:25:58 - [MESSAGE][PASSED] - Text of object 'Object Repository/Page_VLinkReceipt/pre_STX' is: '<STX>4DUn2WQlofh2                  12127316            0  Transaction approved, no errors                   0                                                                                  Y OK3310   <ETX>'

2023-02-17 21:25:58 - [TEST_STEP][PASSED] - out.println("sdfo: " + sdfo): null

2023-02-17 21:25:58 - [TEST_STEP][PASSED] - remID = substring(5, 35).trim(): null

2023-02-17 21:25:58 - [TEST_STEP][PASSED] - out.println("Remittance ID: " + remID): null

2023-02-17 21:25:58 - [TEST_STEP][PASSED] - traxID = substring(35, 55).trim(): null

2023-02-17 21:25:58 - [TEST_STEP][PASSED] - out.println("Transaction ID: " + traxID): null

2023-02-17 21:25:58 - [TEST_STEP][PASSED] - out.println("End Record Number: " + row): null

2023-02-17 21:25:58 - [TEST_STEP][PASSED] - closeBrowser(): Browser is closed

2023-02-17 21:25:59 - [MESSAGE][PASSED] - Browser is closed

2023-02-17 21:25:59 - [TEST_STEP][PASSED] - ExecuteTC = findTestData(dataFile).getValue("Execute", row): null

2023-02-17 21:25:59 - [TEST_STEP][PASSED] - out.println("Value of Execute is : " + ExecuteTC): null

2023-02-17 21:25:59 - [TEST_STEP][PASSED] - if (ExecuteTC.equalsIgnoreCase("Y")): Browser is closed

2023-02-17 21:25:59 - [TEST_STEP][PASSED] - out.println("Begin Record Number: " + row): null

2023-02-17 21:25:59 - [TEST_STEP][PASSED] - today = new java.util.Date(): null

2023-02-17 21:25:59 - [TEST_STEP][PASSED] - println(today): null

2023-02-17 21:25:59 - [TEST_STEP][PASSED] - datText = today: null

2023-02-17 21:25:59 - [TEST_STEP][PASSED] - openBrowser(VLinkURL + "authcap.html"): Browser is opened with url: 'https://dev-algorithm.govolution.com/vlinktest/QA/version_2_0/authcap.html'

2023-02-17 21:25:59 - [MESSAGE][INFO] - Starting 'Chrome' driver

2023-02-17 21:25:59 - [MESSAGE][INFO] - User set preference: ['acceptInsecureCerts', 'true']

2023-02-17 21:25:59 - [MESSAGE][INFO] - Action delay is set to 0 milliseconds

2023-02-17 21:26:01 - [MESSAGE][PASSED] - Browser is opened with url: 'https://dev-algorithm.govolution.com/vlinktest/QA/version_2_0/authcap.html'

2023-02-17 21:26:01 - [TEST_STEP][PASSED] - maximizeWindow(): Current window maximized

2023-02-17 21:26:01 - [MESSAGE][PASSED] - Current window maximized

2023-02-17 21:26:01 - [TEST_STEP][PASSED] - vlinkPages.saleCCPage.setDataSCC(row, dataFile): vlinkPages.saleCCPage.setDataSCC is PASSED

2023-02-17 21:26:04 - [MESSAGE][PASSED] - Object 'Object Repository/VLink/Page_CCSale/txt_CardNumber' is present

2023-02-17 21:26:04 - [MESSAGE][PASSED] - Text '104' is set on object 'Object Repository/VLink/Page_CCSale/txt_TransactionType'

2023-02-17 21:26:05 - [MESSAGE][PASSED] - Text '2.0C' is set on object 'Object Repository/VLink/Page_CCSale/txt_MessageVersion'

2023-02-17 21:26:06 - [MESSAGE][PASSED] - Text 'WTlaaAqcBRMN' is set on object 'Object Repository/VLink/Page_CCSale/txt_RemID'

2023-02-17 21:26:06 - [MESSAGE][PASSED] - Text '671' is set on object 'Object Repository/VLink/Page_CCSale/txt_ApplicationId'

2023-02-17 21:26:07 - [MESSAGE][PASSED] - Text 'username' is set on object 'Object Repository/VLink/Page_CCSale/txt_Username'

2023-02-17 21:26:07 - [MESSAGE][PASSED] - Text 'password' is set on object 'Object Repository/VLink/Page_CCSale/txt_Password'

2023-02-17 21:26:08 - [MESSAGE][PASSED] - Text 'fixed_width' is set on object 'Object Repository/VLink/Page_CCSale/txt_ResponseFormat'

2023-02-17 21:26:09 - [MESSAGE][PASSED] - Text 'RETL' is set on object 'Object Repository/VLink/Page_CCSale/txt_Category'

2023-02-17 21:26:09 - [MESSAGE][PASSED] - Text '' is set on object 'Object Repository/VLink/Page_CCSale/txt_TransactionID'

2023-02-17 21:26:10 - [MESSAGE][PASSED] - Text '' is set on object 'Object Repository/VLink/Page_CCSale/txt_ApprovalCode'

2023-02-17 21:26:11 - [MESSAGE][PASSED] - Text 'Arvind Silva' is set on object 'Object Repository/VLink/Page_CCSale/txt_CardName'

2023-02-17 21:26:11 - [MESSAGE][PASSED] - Text '111 Main Ave' is set on object 'Object Repository/VLink/Page_CCSale/txt_AL1'

2023-02-17 21:26:12 - [MESSAGE][PASSED] - Text '' is set on object 'Object Repository/VLink/Page_CCSale/txt_AL2'

2023-02-17 21:26:13 - [MESSAGE][PASSED] - Text 'Arlington' is set on object 'Object Repository/VLink/Page_CCSale/txt_CardCity'

2023-02-17 21:26:13 - [MESSAGE][PASSED] - Text 'VA' is set on object 'Object Repository/VLink/Page_CCSale/txt_CardState'

2023-02-17 21:26:14 - [MESSAGE][PASSED] - Text '22201' is set on object 'Object Repository/VLink/Page_CCSale/txt_CardZIP'

2023-02-17 21:26:15 - [MESSAGE][PASSED] - Text '' is set on object 'Object Repository/VLink/Page_CCSale/txt_CountryID'

2023-02-17 21:26:15 - [MESSAGE][PASSED] - Text '2.50' is set on object 'Object Repository/VLink/Page_CCSale/txt_Amount'

2023-02-17 21:26:16 - [MESSAGE][PASSED] - Text '370000000000002' is set on object 'Object Repository/VLink/Page_CCSale/txt_CardNumber'

2023-02-17 21:26:17 - [MESSAGE][PASSED] - Text '01' is set on object 'Object Repository/VLink/Page_CCSale/txt_ExpMonth'

2023-02-17 21:26:17 - [MESSAGE][PASSED] - Text '2026' is set on object 'Object Repository/VLink/Page_CCSale/txt_ExpYear'

2023-02-17 21:26:18 - [MESSAGE][PASSED] - Text '' is set on object 'Object Repository/VLink/Page_CCSale/txt_CVV'

2023-02-17 21:26:19 - [MESSAGE][PASSED] - Text '' is set on object 'Object Repository/VLink/Page_CCSale/txt_CVVstate'

2023-02-17 21:26:19 - [MESSAGE][PASSED] - Text '' is set on object 'Object Repository/VLink/Page_CCSale/txt_TrackData'

2023-02-17 21:26:20 - [MESSAGE][PASSED] - Text '' is set on object 'Object Repository/VLink/Page_CCSale/txt_Track1Data'

2023-02-17 21:26:21 - [MESSAGE][PASSED] - Text '' is set on object 'Object Repository/VLink/Page_CCSale/txt_Track2Data'

2023-02-17 21:26:22 - [MESSAGE][PASSED] - Text 'manual' is set on object 'Object Repository/VLink/Page_CCSale/txt_POSEntryMode'

2023-02-17 21:26:22 - [MESSAGE][PASSED] - Text '' is set on object 'Object Repository/VLink/Page_CCSale/txt_Email'

2023-02-17 21:26:23 - [MESSAGE][PASSED] - Text '' is set on object 'Object Repository/VLink/Page_CCSale/txt_OrderNumber'

2023-02-17 21:26:24 - [MESSAGE][PASSED] - Text '' is set on object 'Object Repository/VLink/Page_CCSale/txt_TaxAmount'

2023-02-17 21:26:24 - [MESSAGE][PASSED] - Text '' is set on object 'Object Repository/VLink/Page_CCSale/txt_ChargeDescription'

2023-02-17 21:26:25 - [MESSAGE][PASSED] - Text '' is set on object 'Object Repository/VLink/Page_CCSale/txt_CAN'

2023-02-17 21:26:26 - [MESSAGE][PASSED] - Text '' is set on object 'Object Repository/VLink/Page_CCSale/txt_BillPaymentIndicator'

2023-02-17 21:26:26 - [MESSAGE][PASSED] - Text '' is set on object 'Object Repository/VLink/Page_CCSale/txt_UDF1'

2023-02-17 21:26:27 - [MESSAGE][PASSED] - Text '' is set on object 'Object Repository/VLink/Page_CCSale/txt_UDF2'

2023-02-17 21:26:28 - [MESSAGE][PASSED] - Text '' is set on object 'Object Repository/VLink/Page_CCSale/txt_UDF3'

2023-02-17 21:26:28 - [MESSAGE][PASSED] - Text '' is set on object 'Object Repository/VLink/Page_CCSale/txt_UDF4'

2023-02-17 21:26:29 - [MESSAGE][PASSED] - Text '' is set on object 'Object Repository/VLink/Page_CCSale/txt_UDF5'

2023-02-17 21:26:30 - [MESSAGE][PASSED] - Text '' is set on object 'Object Repository/VLink/Page_CCSale/txt_UDF6'

2023-02-17 21:26:30 - [MESSAGE][PASSED] - Text '' is set on object 'Object Repository/VLink/Page_CCSale/txt_UDF7'

2023-02-17 21:26:31 - [MESSAGE][PASSED] - Text '' is set on object 'Object Repository/VLink/Page_CCSale/txt_UDF8'

2023-02-17 21:26:32 - [MESSAGE][PASSED] - Text '' is set on object 'Object Repository/VLink/Page_CCSale/txt_UDF9'

2023-02-17 21:26:32 - [MESSAGE][PASSED] - Text '' is set on object 'Object Repository/VLink/Page_CCSale/txt_UDF10'

2023-02-17 21:26:36 - [MESSAGE][PASSED] - Object: 'Object Repository/VLink/Page_CCSale/btn_ProcessVLinkTransaction' is clicked on

2023-02-17 21:26:41 - [MESSAGE][PASSED] - vlinkPages.saleCCPage.setDataSCC is PASSED

2023-02-17 21:26:41 - [TEST_STEP][PASSED] - if (verifyTextPresent("Transaction approved, no errors", true)): null

2023-02-17 21:26:42 - [MESSAGE][PASSED] - Text 'Transaction approved, no errors' is present on page  using regular expression

2023-02-17 21:26:42 - [TEST_STEP][PASSED] - println("Transaction Approved, no errors text is present on the Confirmation page"): null

2023-02-17 21:26:42 - [TEST_STEP][PASSED] - out.println("Pass Record Number: " + row): null

2023-02-17 21:26:42 - [TEST_STEP][PASSED] - resText = "Pass": null

2023-02-17 21:26:42 - [TEST_STEP][PASSED] - pages.WriteExcel.demoKey(resText, datText, resColumn, datCloumn, fileLoc, nameSheet, row): pages.WriteExcel.demoKey is PASSED

2023-02-17 21:26:42 - [MESSAGE][PASSED] - pages.WriteExcel.demoKey is PASSED

2023-02-17 21:26:42 - [TEST_STEP][PASSED] - sdfo = getText(findTestObject("Object Repository/Page_VLinkReceipt/pre_STX")): Text of object 'Object Repository/Page_VLinkReceipt/pre_STX' is: '<STX>WTlaaAqcBRMN                  12127317            0  Transaction approved, no errors                   0                                                                                  Y OK3520   <ETX>'

2023-02-17 21:26:42 - [MESSAGE][PASSED] - Text of object 'Object Repository/Page_VLinkReceipt/pre_STX' is: '<STX>WTlaaAqcBRMN                  12127317            0  Transaction approved, no errors                   0                                                                                  Y OK3520   <ETX>'

2023-02-17 21:26:42 - [TEST_STEP][PASSED] - out.println("sdfo: " + sdfo): null

2023-02-17 21:26:42 - [TEST_STEP][PASSED] - remID = substring(5, 35).trim(): null

2023-02-17 21:26:42 - [TEST_STEP][PASSED] - out.println("Remittance ID: " + remID): null

2023-02-17 21:26:42 - [TEST_STEP][PASSED] - traxID = substring(35, 55).trim(): null

2023-02-17 21:26:42 - [TEST_STEP][PASSED] - out.println("Transaction ID: " + traxID): null

2023-02-17 21:26:42 - [TEST_STEP][PASSED] - out.println("End Record Number: " + row): null

2023-02-17 21:26:42 - [TEST_STEP][PASSED] - closeBrowser(): Browser is closed

2023-02-17 21:26:43 - [MESSAGE][PASSED] - Browser is closed

2023-02-17 21:26:43 - [TEST_STEP][PASSED] - ExecuteTC = findTestData(dataFile).getValue("Execute", row): null

2023-02-17 21:26:43 - [TEST_STEP][PASSED] - out.println("Value of Execute is : " + ExecuteTC): null

2023-02-17 21:26:43 - [TEST_STEP][PASSED] - if (ExecuteTC.equalsIgnoreCase("Y")): Browser is closed

2023-02-17 21:26:43 - [TEST_STEP][PASSED] - out.println("Begin Record Number: " + row): null

2023-02-17 21:26:43 - [TEST_STEP][PASSED] - today = new java.util.Date(): null

2023-02-17 21:26:43 - [TEST_STEP][PASSED] - println(today): null

2023-02-17 21:26:43 - [TEST_STEP][PASSED] - datText = today: null

2023-02-17 21:26:43 - [TEST_STEP][PASSED] - openBrowser(VLinkURL + "authcap.html"): Browser is opened with url: 'https://dev-algorithm.govolution.com/vlinktest/QA/version_2_0/authcap.html'

2023-02-17 21:26:43 - [MESSAGE][INFO] - Starting 'Chrome' driver

2023-02-17 21:26:43 - [MESSAGE][INFO] - User set preference: ['acceptInsecureCerts', 'true']

2023-02-17 21:26:43 - [MESSAGE][INFO] - Action delay is set to 0 milliseconds

2023-02-17 21:26:45 - [MESSAGE][PASSED] - Browser is opened with url: 'https://dev-algorithm.govolution.com/vlinktest/QA/version_2_0/authcap.html'

2023-02-17 21:26:45 - [TEST_STEP][PASSED] - maximizeWindow(): Current window maximized

2023-02-17 21:26:45 - [MESSAGE][PASSED] - Current window maximized

2023-02-17 21:26:45 - [TEST_STEP][PASSED] - vlinkPages.saleCCPage.setDataSCC(row, dataFile): vlinkPages.saleCCPage.setDataSCC is PASSED

2023-02-17 21:26:48 - [MESSAGE][PASSED] - Object 'Object Repository/VLink/Page_CCSale/txt_CardNumber' is present

2023-02-17 21:26:49 - [MESSAGE][PASSED] - Text '104' is set on object 'Object Repository/VLink/Page_CCSale/txt_TransactionType'

2023-02-17 21:26:49 - [MESSAGE][PASSED] - Text '2.0C' is set on object 'Object Repository/VLink/Page_CCSale/txt_MessageVersion'

2023-02-17 21:26:50 - [MESSAGE][PASSED] - Text 'VWsMapKnT2mu' is set on object 'Object Repository/VLink/Page_CCSale/txt_RemID'

2023-02-17 21:26:50 - [MESSAGE][PASSED] - Text '671' is set on object 'Object Repository/VLink/Page_CCSale/txt_ApplicationId'

2023-02-17 21:26:51 - [MESSAGE][PASSED] - Text 'username' is set on object 'Object Repository/VLink/Page_CCSale/txt_Username'

2023-02-17 21:26:52 - [MESSAGE][PASSED] - Text 'password' is set on object 'Object Repository/VLink/Page_CCSale/txt_Password'

2023-02-17 21:26:52 - [MESSAGE][PASSED] - Text 'fixed_width' is set on object 'Object Repository/VLink/Page_CCSale/txt_ResponseFormat'

2023-02-17 21:26:53 - [MESSAGE][PASSED] - Text 'RETL' is set on object 'Object Repository/VLink/Page_CCSale/txt_Category'

2023-02-17 21:26:53 - [MESSAGE][PASSED] - Text '' is set on object 'Object Repository/VLink/Page_CCSale/txt_TransactionID'

2023-02-17 21:26:54 - [MESSAGE][PASSED] - Text '' is set on object 'Object Repository/VLink/Page_CCSale/txt_ApprovalCode'

2023-02-17 21:26:55 - [MESSAGE][PASSED] - Text 'Roshan Maha' is set on object 'Object Repository/VLink/Page_CCSale/txt_CardName'

2023-02-17 21:26:56 - [MESSAGE][PASSED] - Text '12563 Bazaar road' is set on object 'Object Repository/VLink/Page_CCSale/txt_AL1'

2023-02-17 21:26:56 - [MESSAGE][PASSED] - Text '' is set on object 'Object Repository/VLink/Page_CCSale/txt_AL2'

2023-02-17 21:26:57 - [MESSAGE][PASSED] - Text 'Crofton' is set on object 'Object Repository/VLink/Page_CCSale/txt_CardCity'

2023-02-17 21:26:58 - [MESSAGE][PASSED] - Text 'MD' is set on object 'Object Repository/VLink/Page_CCSale/txt_CardState'

2023-02-17 21:26:58 - [MESSAGE][PASSED] - Text '21114' is set on object 'Object Repository/VLink/Page_CCSale/txt_CardZIP'

2023-02-17 21:26:59 - [MESSAGE][PASSED] - Text '' is set on object 'Object Repository/VLink/Page_CCSale/txt_CountryID'

2023-02-17 21:27:00 - [MESSAGE][PASSED] - Text '3.50' is set on object 'Object Repository/VLink/Page_CCSale/txt_Amount'

2023-02-17 21:27:00 - [MESSAGE][PASSED] - Text '6011000000000004' is set on object 'Object Repository/VLink/Page_CCSale/txt_CardNumber'

2023-02-17 21:27:01 - [MESSAGE][PASSED] - Text '01' is set on object 'Object Repository/VLink/Page_CCSale/txt_ExpMonth'

2023-02-17 21:27:02 - [MESSAGE][PASSED] - Text '2026' is set on object 'Object Repository/VLink/Page_CCSale/txt_ExpYear'

2023-02-17 21:27:02 - [MESSAGE][PASSED] - Text '' is set on object 'Object Repository/VLink/Page_CCSale/txt_CVV'

2023-02-17 21:27:03 - [MESSAGE][PASSED] - Text '' is set on object 'Object Repository/VLink/Page_CCSale/txt_CVVstate'

2023-02-17 21:27:04 - [MESSAGE][PASSED] - Text '' is set on object 'Object Repository/VLink/Page_CCSale/txt_TrackData'

2023-02-17 21:27:04 - [MESSAGE][PASSED] - Text '' is set on object 'Object Repository/VLink/Page_CCSale/txt_Track1Data'

2023-02-17 21:27:05 - [MESSAGE][PASSED] - Text '' is set on object 'Object Repository/VLink/Page_CCSale/txt_Track2Data'

2023-02-17 21:27:06 - [MESSAGE][PASSED] - Text 'manual' is set on object 'Object Repository/VLink/Page_CCSale/txt_POSEntryMode'

2023-02-17 21:27:07 - [MESSAGE][PASSED] - Text '' is set on object 'Object Repository/VLink/Page_CCSale/txt_Email'

2023-02-17 21:27:07 - [MESSAGE][PASSED] - Text '' is set on object 'Object Repository/VLink/Page_CCSale/txt_OrderNumber'

2023-02-17 21:27:08 - [MESSAGE][PASSED] - Text '' is set on object 'Object Repository/VLink/Page_CCSale/txt_TaxAmount'

2023-02-17 21:27:08 - [MESSAGE][PASSED] - Text '' is set on object 'Object Repository/VLink/Page_CCSale/txt_ChargeDescription'

2023-02-17 21:27:09 - [MESSAGE][PASSED] - Text '' is set on object 'Object Repository/VLink/Page_CCSale/txt_CAN'

2023-02-17 21:27:10 - [MESSAGE][PASSED] - Text '' is set on object 'Object Repository/VLink/Page_CCSale/txt_BillPaymentIndicator'

2023-02-17 21:27:10 - [MESSAGE][PASSED] - Text '' is set on object 'Object Repository/VLink/Page_CCSale/txt_UDF1'

2023-02-17 21:27:11 - [MESSAGE][PASSED] - Text '' is set on object 'Object Repository/VLink/Page_CCSale/txt_UDF2'

2023-02-17 21:27:12 - [MESSAGE][PASSED] - Text '' is set on object 'Object Repository/VLink/Page_CCSale/txt_UDF3'

2023-02-17 21:27:12 - [MESSAGE][PASSED] - Text '' is set on object 'Object Repository/VLink/Page_CCSale/txt_UDF4'

2023-02-17 21:27:13 - [MESSAGE][PASSED] - Text '' is set on object 'Object Repository/VLink/Page_CCSale/txt_UDF5'

2023-02-17 21:27:14 - [MESSAGE][PASSED] - Text '' is set on object 'Object Repository/VLink/Page_CCSale/txt_UDF6'

2023-02-17 21:27:14 - [MESSAGE][PASSED] - Text '' is set on object 'Object Repository/VLink/Page_CCSale/txt_UDF7'

2023-02-17 21:27:15 - [MESSAGE][PASSED] - Text '' is set on object 'Object Repository/VLink/Page_CCSale/txt_UDF8'

2023-02-17 21:27:16 - [MESSAGE][PASSED] - Text '' is set on object 'Object Repository/VLink/Page_CCSale/txt_UDF9'

2023-02-17 21:27:16 - [MESSAGE][PASSED] - Text '' is set on object 'Object Repository/VLink/Page_CCSale/txt_UDF10'

2023-02-17 21:27:21 - [MESSAGE][PASSED] - Object: 'Object Repository/VLink/Page_CCSale/btn_ProcessVLinkTransaction' is clicked on

2023-02-17 21:27:26 - [MESSAGE][PASSED] - vlinkPages.saleCCPage.setDataSCC is PASSED

2023-02-17 21:27:26 - [TEST_STEP][PASSED] - if (verifyTextPresent("Transaction approved, no errors", true)): null

2023-02-17 21:27:26 - [MESSAGE][PASSED] - Text 'Transaction approved, no errors' is present on page  using regular expression

2023-02-17 21:27:26 - [TEST_STEP][PASSED] - println("Transaction Approved, no errors text is present on the Confirmation page"): null

2023-02-17 21:27:26 - [TEST_STEP][PASSED] - out.println("Pass Record Number: " + row): null

2023-02-17 21:27:26 - [TEST_STEP][PASSED] - resText = "Pass": null

2023-02-17 21:27:26 - [TEST_STEP][PASSED] - pages.WriteExcel.demoKey(resText, datText, resColumn, datCloumn, fileLoc, nameSheet, row): pages.WriteExcel.demoKey is PASSED

2023-02-17 21:27:27 - [MESSAGE][PASSED] - pages.WriteExcel.demoKey is PASSED

2023-02-17 21:27:27 - [TEST_STEP][PASSED] - sdfo = getText(findTestObject("Object Repository/Page_VLinkReceipt/pre_STX")): Text of object 'Object Repository/Page_VLinkReceipt/pre_STX' is: '<STX>VWsMapKnT2mu                  12127318            0  Transaction approved, no errors                   0                                                                                  Y OK3690   <ETX>'

2023-02-17 21:27:27 - [MESSAGE][PASSED] - Text of object 'Object Repository/Page_VLinkReceipt/pre_STX' is: '<STX>VWsMapKnT2mu                  12127318            0  Transaction approved, no errors                   0                                                                                  Y OK3690   <ETX>'

2023-02-17 21:27:27 - [TEST_STEP][PASSED] - out.println("sdfo: " + sdfo): null

2023-02-17 21:27:27 - [TEST_STEP][PASSED] - remID = substring(5, 35).trim(): null

2023-02-17 21:27:27 - [TEST_STEP][PASSED] - out.println("Remittance ID: " + remID): null

2023-02-17 21:27:27 - [TEST_STEP][PASSED] - traxID = substring(35, 55).trim(): null

2023-02-17 21:27:27 - [TEST_STEP][PASSED] - out.println("Transaction ID: " + traxID): null

2023-02-17 21:27:27 - [TEST_STEP][PASSED] - out.println("End Record Number: " + row): null

2023-02-17 21:27:27 - [TEST_STEP][PASSED] - closeBrowser(): Browser is closed

2023-02-17 21:27:28 - [MESSAGE][PASSED] - Browser is closed

2023-02-17 21:27:28 - [TEST_STEP][PASSED] - ExecuteTC = findTestData(dataFile).getValue("Execute", row): null

2023-02-17 21:27:28 - [TEST_STEP][PASSED] - out.println("Value of Execute is : " + ExecuteTC): null

2023-02-17 21:27:28 - [TEST_STEP][PASSED] - if (ExecuteTC.equalsIgnoreCase("Y")): Browser is closed

2023-02-17 21:27:28 - [TEST_STEP][PASSED] - out.println("Begin Record Number: " + row): null

2023-02-17 21:27:28 - [TEST_STEP][PASSED] - today = new java.util.Date(): null

2023-02-17 21:27:28 - [TEST_STEP][PASSED] - println(today): null

2023-02-17 21:27:28 - [TEST_STEP][PASSED] - datText = today: null

2023-02-17 21:27:28 - [TEST_STEP][PASSED] - openBrowser(VLinkURL + "authcap.html"): Browser is opened with url: 'https://dev-algorithm.govolution.com/vlinktest/QA/version_2_0/authcap.html'

2023-02-17 21:27:28 - [MESSAGE][INFO] - Starting 'Chrome' driver

2023-02-17 21:27:28 - [MESSAGE][INFO] - User set preference: ['acceptInsecureCerts', 'true']

2023-02-17 21:27:28 - [MESSAGE][INFO] - Action delay is set to 0 milliseconds

2023-02-17 21:27:30 - [MESSAGE][PASSED] - Browser is opened with url: 'https://dev-algorithm.govolution.com/vlinktest/QA/version_2_0/authcap.html'

2023-02-17 21:27:30 - [TEST_STEP][PASSED] - maximizeWindow(): Current window maximized

2023-02-17 21:27:30 - [MESSAGE][PASSED] - Current window maximized

2023-02-17 21:27:30 - [TEST_STEP][PASSED] - vlinkPages.saleCCPage.setDataSCC(row, dataFile): vlinkPages.saleCCPage.setDataSCC is PASSED

2023-02-17 21:27:33 - [MESSAGE][PASSED] - Object 'Object Repository/VLink/Page_CCSale/txt_CardNumber' is present

2023-02-17 21:27:33 - [MESSAGE][PASSED] - Text '104' is set on object 'Object Repository/VLink/Page_CCSale/txt_TransactionType'

2023-02-17 21:27:34 - [MESSAGE][PASSED] - Text '2.0C' is set on object 'Object Repository/VLink/Page_CCSale/txt_MessageVersion'

2023-02-17 21:27:34 - [MESSAGE][PASSED] - Text 'rHbFkDpEgrOM' is set on object 'Object Repository/VLink/Page_CCSale/txt_RemID'

2023-02-17 21:27:35 - [MESSAGE][PASSED] - Text '665' is set on object 'Object Repository/VLink/Page_CCSale/txt_ApplicationId'

2023-02-17 21:27:36 - [MESSAGE][PASSED] - Text 'username' is set on object 'Object Repository/VLink/Page_CCSale/txt_Username'

2023-02-17 21:27:36 - [MESSAGE][PASSED] - Text 'password' is set on object 'Object Repository/VLink/Page_CCSale/txt_Password'

2023-02-17 21:27:37 - [MESSAGE][PASSED] - Text 'fixed_width' is set on object 'Object Repository/VLink/Page_CCSale/txt_ResponseFormat'

2023-02-17 21:27:38 - [MESSAGE][PASSED] - Text 'ECOM' is set on object 'Object Repository/VLink/Page_CCSale/txt_Category'

2023-02-17 21:27:38 - [MESSAGE][PASSED] - Text '' is set on object 'Object Repository/VLink/Page_CCSale/txt_TransactionID'

2023-02-17 21:27:39 - [MESSAGE][PASSED] - Text '' is set on object 'Object Repository/VLink/Page_CCSale/txt_ApprovalCode'

2023-02-17 21:27:40 - [MESSAGE][PASSED] - Text 'Roshan Maha' is set on object 'Object Repository/VLink/Page_CCSale/txt_CardName'

2023-02-17 21:27:40 - [MESSAGE][PASSED] - Text '12563 Bazaar road' is set on object 'Object Repository/VLink/Page_CCSale/txt_AL1'

2023-02-17 21:27:41 - [MESSAGE][PASSED] - Text '' is set on object 'Object Repository/VLink/Page_CCSale/txt_AL2'

2023-02-17 21:27:42 - [MESSAGE][PASSED] - Text 'Crofton' is set on object 'Object Repository/VLink/Page_CCSale/txt_CardCity'

2023-02-17 21:27:42 - [MESSAGE][PASSED] - Text 'MD' is set on object 'Object Repository/VLink/Page_CCSale/txt_CardState'

2023-02-17 21:27:43 - [MESSAGE][PASSED] - Text '21114' is set on object 'Object Repository/VLink/Page_CCSale/txt_CardZIP'

2023-02-17 21:27:44 - [MESSAGE][PASSED] - Text '' is set on object 'Object Repository/VLink/Page_CCSale/txt_CountryID'

2023-02-17 21:27:44 - [MESSAGE][PASSED] - Text '3.50' is set on object 'Object Repository/VLink/Page_CCSale/txt_Amount'

2023-02-17 21:27:45 - [MESSAGE][PASSED] - Text '4111111111111111' is set on object 'Object Repository/VLink/Page_CCSale/txt_CardNumber'

2023-02-17 21:27:46 - [MESSAGE][PASSED] - Text '01' is set on object 'Object Repository/VLink/Page_CCSale/txt_ExpMonth'

2023-02-17 21:27:46 - [MESSAGE][PASSED] - Text '2026' is set on object 'Object Repository/VLink/Page_CCSale/txt_ExpYear'

2023-02-17 21:27:47 - [MESSAGE][PASSED] - Text '' is set on object 'Object Repository/VLink/Page_CCSale/txt_CVV'

2023-02-17 21:27:48 - [MESSAGE][PASSED] - Text '' is set on object 'Object Repository/VLink/Page_CCSale/txt_CVVstate'

2023-02-17 21:27:48 - [MESSAGE][PASSED] - Text '' is set on object 'Object Repository/VLink/Page_CCSale/txt_TrackData'

2023-02-17 21:27:49 - [MESSAGE][PASSED] - Text '' is set on object 'Object Repository/VLink/Page_CCSale/txt_Track1Data'

2023-02-17 21:27:50 - [MESSAGE][PASSED] - Text '' is set on object 'Object Repository/VLink/Page_CCSale/txt_Track2Data'

2023-02-17 21:27:50 - [MESSAGE][PASSED] - Text 'manual' is set on object 'Object Repository/VLink/Page_CCSale/txt_POSEntryMode'

2023-02-17 21:27:51 - [MESSAGE][PASSED] - Text '' is set on object 'Object Repository/VLink/Page_CCSale/txt_Email'

2023-02-17 21:27:52 - [MESSAGE][PASSED] - Text '' is set on object 'Object Repository/VLink/Page_CCSale/txt_OrderNumber'

2023-02-17 21:27:52 - [MESSAGE][PASSED] - Text '' is set on object 'Object Repository/VLink/Page_CCSale/txt_TaxAmount'

2023-02-17 21:27:53 - [MESSAGE][PASSED] - Text '' is set on object 'Object Repository/VLink/Page_CCSale/txt_ChargeDescription'

2023-02-17 21:27:54 - [MESSAGE][PASSED] - Text '' is set on object 'Object Repository/VLink/Page_CCSale/txt_CAN'

2023-02-17 21:27:54 - [MESSAGE][PASSED] - Text '' is set on object 'Object Repository/VLink/Page_CCSale/txt_BillPaymentIndicator'

2023-02-17 21:27:55 - [MESSAGE][PASSED] - Text '' is set on object 'Object Repository/VLink/Page_CCSale/txt_UDF1'

2023-02-17 21:27:55 - [MESSAGE][PASSED] - Text '' is set on object 'Object Repository/VLink/Page_CCSale/txt_UDF2'

2023-02-17 21:27:56 - [MESSAGE][PASSED] - Text '' is set on object 'Object Repository/VLink/Page_CCSale/txt_UDF3'

2023-02-17 21:27:57 - [MESSAGE][PASSED] - Text '' is set on object 'Object Repository/VLink/Page_CCSale/txt_UDF4'

2023-02-17 21:27:57 - [MESSAGE][PASSED] - Text '' is set on object 'Object Repository/VLink/Page_CCSale/txt_UDF5'

2023-02-17 21:27:58 - [MESSAGE][PASSED] - Text '' is set on object 'Object Repository/VLink/Page_CCSale/txt_UDF6'

2023-02-17 21:27:59 - [MESSAGE][PASSED] - Text '' is set on object 'Object Repository/VLink/Page_CCSale/txt_UDF7'

2023-02-17 21:27:59 - [MESSAGE][PASSED] - Text '' is set on object 'Object Repository/VLink/Page_CCSale/txt_UDF8'

2023-02-17 21:28:00 - [MESSAGE][PASSED] - Text '' is set on object 'Object Repository/VLink/Page_CCSale/txt_UDF9'

2023-02-17 21:28:01 - [MESSAGE][PASSED] - Text '' is set on object 'Object Repository/VLink/Page_CCSale/txt_UDF10'

2023-02-17 21:28:03 - [MESSAGE][PASSED] - Object: 'Object Repository/VLink/Page_CCSale/btn_ProcessVLinkTransaction' is clicked on

2023-02-17 21:28:08 - [MESSAGE][PASSED] - vlinkPages.saleCCPage.setDataSCC is PASSED

2023-02-17 21:28:08 - [TEST_STEP][PASSED] - if (verifyTextPresent("Transaction approved, no errors", true)): null

2023-02-17 21:28:09 - [MESSAGE][PASSED] - Text 'Transaction approved, no errors' is present on page  using regular expression

2023-02-17 21:28:09 - [TEST_STEP][PASSED] - println("Transaction Approved, no errors text is present on the Confirmation page"): null

2023-02-17 21:28:09 - [TEST_STEP][PASSED] - out.println("Pass Record Number: " + row): null

2023-02-17 21:28:09 - [TEST_STEP][PASSED] - resText = "Pass": null

2023-02-17 21:28:09 - [TEST_STEP][PASSED] - pages.WriteExcel.demoKey(resText, datText, resColumn, datCloumn, fileLoc, nameSheet, row): pages.WriteExcel.demoKey is PASSED

2023-02-17 21:28:09 - [MESSAGE][PASSED] - pages.WriteExcel.demoKey is PASSED

2023-02-17 21:28:09 - [TEST_STEP][PASSED] - sdfo = getText(findTestObject("Object Repository/Page_VLinkReceipt/pre_STX")): Text of object 'Object Repository/Page_VLinkReceipt/pre_STX' is: '<STX>rHbFkDpEgrOM                  12127319            0  Transaction approved, no errors                   0                                                                                  XXOK2553   <ETX>'

2023-02-17 21:28:09 - [MESSAGE][PASSED] - Text of object 'Object Repository/Page_VLinkReceipt/pre_STX' is: '<STX>rHbFkDpEgrOM                  12127319            0  Transaction approved, no errors                   0                                                                                  XXOK2553   <ETX>'

2023-02-17 21:28:09 - [TEST_STEP][PASSED] - out.println("sdfo: " + sdfo): null

2023-02-17 21:28:09 - [TEST_STEP][PASSED] - remID = substring(5, 35).trim(): null

2023-02-17 21:28:09 - [TEST_STEP][PASSED] - out.println("Remittance ID: " + remID): null

2023-02-17 21:28:09 - [TEST_STEP][PASSED] - traxID = substring(35, 55).trim(): null

2023-02-17 21:28:09 - [TEST_STEP][PASSED] - out.println("Transaction ID: " + traxID): null

2023-02-17 21:28:09 - [TEST_STEP][PASSED] - out.println("End Record Number: " + row): null

2023-02-17 21:28:09 - [TEST_STEP][PASSED] - closeBrowser(): Browser is closed

2023-02-17 21:28:10 - [MESSAGE][PASSED] - Browser is closed

2023-02-17 21:28:10 - [TEST_STEP][PASSED] - ExecuteTC = findTestData(dataFile).getValue("Execute", row): null

2023-02-17 21:28:10 - [TEST_STEP][PASSED] - out.println("Value of Execute is : " + ExecuteTC): null

2023-02-17 21:28:10 - [TEST_STEP][PASSED] - if (ExecuteTC.equalsIgnoreCase("Y")): Browser is closed

2023-02-17 21:28:10 - [TEST_STEP][PASSED] - out.println("Begin Record Number: " + row): null

2023-02-17 21:28:10 - [TEST_STEP][PASSED] - today = new java.util.Date(): null

2023-02-17 21:28:10 - [TEST_STEP][PASSED] - println(today): null

2023-02-17 21:28:10 - [TEST_STEP][PASSED] - datText = today: null

2023-02-17 21:28:10 - [TEST_STEP][PASSED] - openBrowser(VLinkURL + "authcap.html"): Browser is opened with url: 'https://dev-algorithm.govolution.com/vlinktest/QA/version_2_0/authcap.html'

2023-02-17 21:28:10 - [MESSAGE][INFO] - Starting 'Chrome' driver

2023-02-17 21:28:10 - [MESSAGE][INFO] - User set preference: ['acceptInsecureCerts', 'true']

2023-02-17 21:28:10 - [MESSAGE][INFO] - Action delay is set to 0 milliseconds

2023-02-17 21:28:12 - [MESSAGE][PASSED] - Browser is opened with url: 'https://dev-algorithm.govolution.com/vlinktest/QA/version_2_0/authcap.html'

2023-02-17 21:28:12 - [TEST_STEP][PASSED] - maximizeWindow(): Current window maximized

2023-02-17 21:28:12 - [MESSAGE][PASSED] - Current window maximized

2023-02-17 21:28:12 - [TEST_STEP][PASSED] - vlinkPages.saleCCPage.setDataSCC(row, dataFile): vlinkPages.saleCCPage.setDataSCC is PASSED

2023-02-17 21:28:15 - [MESSAGE][PASSED] - Object 'Object Repository/VLink/Page_CCSale/txt_CardNumber' is present

2023-02-17 21:28:16 - [MESSAGE][PASSED] - Text '104' is set on object 'Object Repository/VLink/Page_CCSale/txt_TransactionType'

2023-02-17 21:28:16 - [MESSAGE][PASSED] - Text '2.0C' is set on object 'Object Repository/VLink/Page_CCSale/txt_MessageVersion'

2023-02-17 21:28:17 - [MESSAGE][PASSED] - Text 'cvodh9ThdfhP' is set on object 'Object Repository/VLink/Page_CCSale/txt_RemID'

2023-02-17 21:28:18 - [MESSAGE][PASSED] - Text '665' is set on object 'Object Repository/VLink/Page_CCSale/txt_ApplicationId'

2023-02-17 21:28:18 - [MESSAGE][PASSED] - Text 'username' is set on object 'Object Repository/VLink/Page_CCSale/txt_Username'

2023-02-17 21:28:19 - [MESSAGE][PASSED] - Text 'password' is set on object 'Object Repository/VLink/Page_CCSale/txt_Password'

2023-02-17 21:28:19 - [MESSAGE][PASSED] - Text 'fixed_width' is set on object 'Object Repository/VLink/Page_CCSale/txt_ResponseFormat'

2023-02-17 21:28:20 - [MESSAGE][PASSED] - Text 'ECOM' is set on object 'Object Repository/VLink/Page_CCSale/txt_Category'

2023-02-17 21:28:21 - [MESSAGE][PASSED] - Text '' is set on object 'Object Repository/VLink/Page_CCSale/txt_TransactionID'

2023-02-17 21:28:21 - [MESSAGE][PASSED] - Text '' is set on object 'Object Repository/VLink/Page_CCSale/txt_ApprovalCode'

2023-02-17 21:28:22 - [MESSAGE][PASSED] - Text 'Kris Roshan' is set on object 'Object Repository/VLink/Page_CCSale/txt_CardName'

2023-02-17 21:28:23 - [MESSAGE][PASSED] - Text '258 Elm Road' is set on object 'Object Repository/VLink/Page_CCSale/txt_AL1'

2023-02-17 21:28:23 - [MESSAGE][PASSED] - Text 'Suite 56' is set on object 'Object Repository/VLink/Page_CCSale/txt_AL2'

2023-02-17 21:28:24 - [MESSAGE][PASSED] - Text 'Arlington' is set on object 'Object Repository/VLink/Page_CCSale/txt_CardCity'

2023-02-17 21:28:25 - [MESSAGE][PASSED] - Text 'VA' is set on object 'Object Repository/VLink/Page_CCSale/txt_CardState'

2023-02-17 21:28:25 - [MESSAGE][PASSED] - Text '22201' is set on object 'Object Repository/VLink/Page_CCSale/txt_CardZIP'

2023-02-17 21:28:26 - [MESSAGE][PASSED] - Text '840' is set on object 'Object Repository/VLink/Page_CCSale/txt_CountryID'

2023-02-17 21:28:27 - [MESSAGE][PASSED] - Text '1.50' is set on object 'Object Repository/VLink/Page_CCSale/txt_Amount'

2023-02-17 21:28:27 - [MESSAGE][PASSED] - Text '5424000000000015' is set on object 'Object Repository/VLink/Page_CCSale/txt_CardNumber'

2023-02-17 21:28:28 - [MESSAGE][PASSED] - Text '12' is set on object 'Object Repository/VLink/Page_CCSale/txt_ExpMonth'

2023-02-17 21:28:29 - [MESSAGE][PASSED] - Text '2025' is set on object 'Object Repository/VLink/Page_CCSale/txt_ExpYear'

2023-02-17 21:28:29 - [MESSAGE][PASSED] - Text '' is set on object 'Object Repository/VLink/Page_CCSale/txt_CVV'

2023-02-17 21:28:30 - [MESSAGE][PASSED] - Text '' is set on object 'Object Repository/VLink/Page_CCSale/txt_CVVstate'

2023-02-17 21:28:31 - [MESSAGE][PASSED] - Text '' is set on object 'Object Repository/VLink/Page_CCSale/txt_TrackData'

2023-02-17 21:28:31 - [MESSAGE][PASSED] - Text '' is set on object 'Object Repository/VLink/Page_CCSale/txt_Track1Data'

2023-02-17 21:28:32 - [MESSAGE][PASSED] - Text '' is set on object 'Object Repository/VLink/Page_CCSale/txt_Track2Data'

2023-02-17 21:28:33 - [MESSAGE][PASSED] - Text 'manual' is set on object 'Object Repository/VLink/Page_CCSale/txt_POSEntryMode'

2023-02-17 21:28:34 - [MESSAGE][PASSED] - Text 'iahmed@govolution.com' is set on object 'Object Repository/VLink/Page_CCSale/txt_Email'

2023-02-17 21:28:34 - [MESSAGE][PASSED] - Text '2569362' is set on object 'Object Repository/VLink/Page_CCSale/txt_OrderNumber'

2023-02-17 21:28:35 - [MESSAGE][PASSED] - Text '1.15' is set on object 'Object Repository/VLink/Page_CCSale/txt_TaxAmount'

2023-02-17 21:28:36 - [MESSAGE][PASSED] - Text 'Charge Description' is set on object 'Object Repository/VLink/Page_CCSale/txt_ChargeDescription'

2023-02-17 21:28:36 - [MESSAGE][PASSED] - Text '147357' is set on object 'Object Repository/VLink/Page_CCSale/txt_CAN'

2023-02-17 21:28:37 - [MESSAGE][PASSED] - Text '1' is set on object 'Object Repository/VLink/Page_CCSale/txt_BillPaymentIndicator'

2023-02-17 21:28:38 - [MESSAGE][PASSED] - Text 'UDF Data 1' is set on object 'Object Repository/VLink/Page_CCSale/txt_UDF1'

2023-02-17 21:28:38 - [MESSAGE][PASSED] - Text 'UDF Data 2' is set on object 'Object Repository/VLink/Page_CCSale/txt_UDF2'

2023-02-17 21:28:39 - [MESSAGE][PASSED] - Text 'UDF Data 3' is set on object 'Object Repository/VLink/Page_CCSale/txt_UDF3'

2023-02-17 21:28:40 - [MESSAGE][PASSED] - Text 'UDF Data 4' is set on object 'Object Repository/VLink/Page_CCSale/txt_UDF4'

2023-02-17 21:28:40 - [MESSAGE][PASSED] - Text 'UDF Data 5' is set on object 'Object Repository/VLink/Page_CCSale/txt_UDF5'

2023-02-17 21:28:41 - [MESSAGE][PASSED] - Text 'UDF Data 6' is set on object 'Object Repository/VLink/Page_CCSale/txt_UDF6'

2023-02-17 21:28:42 - [MESSAGE][PASSED] - Text 'UDF Data 7' is set on object 'Object Repository/VLink/Page_CCSale/txt_UDF7'

2023-02-17 21:28:42 - [MESSAGE][PASSED] - Text 'UDF Data 8' is set on object 'Object Repository/VLink/Page_CCSale/txt_UDF8'

2023-02-17 21:28:43 - [MESSAGE][PASSED] - Text 'UDF Data 9' is set on object 'Object Repository/VLink/Page_CCSale/txt_UDF9'

2023-02-17 21:28:44 - [MESSAGE][PASSED] - Text 'UDF Data 10' is set on object 'Object Repository/VLink/Page_CCSale/txt_UDF10'

2023-02-17 21:28:47 - [MESSAGE][PASSED] - Object: 'Object Repository/VLink/Page_CCSale/btn_ProcessVLinkTransaction' is clicked on

2023-02-17 21:28:52 - [MESSAGE][PASSED] - vlinkPages.saleCCPage.setDataSCC is PASSED

2023-02-17 21:28:52 - [TEST_STEP][PASSED] - if (verifyTextPresent("Transaction approved, no errors", true)): null

2023-02-17 21:28:52 - [MESSAGE][PASSED] - Text 'Transaction approved, no errors' is present on page  using regular expression

2023-02-17 21:28:52 - [TEST_STEP][PASSED] - println("Transaction Approved, no errors text is present on the Confirmation page"): null

2023-02-17 21:28:52 - [TEST_STEP][PASSED] - out.println("Pass Record Number: " + row): null

2023-02-17 21:28:52 - [TEST_STEP][PASSED] - resText = "Pass": null

2023-02-17 21:28:52 - [TEST_STEP][PASSED] - pages.WriteExcel.demoKey(resText, datText, resColumn, datCloumn, fileLoc, nameSheet, row): pages.WriteExcel.demoKey is PASSED

2023-02-17 21:28:52 - [MESSAGE][PASSED] - pages.WriteExcel.demoKey is PASSED

2023-02-17 21:28:52 - [TEST_STEP][PASSED] - sdfo = getText(findTestObject("Object Repository/Page_VLinkReceipt/pre_STX")): Text of object 'Object Repository/Page_VLinkReceipt/pre_STX' is: '<STX>cvodh9ThdfhP                  12127320            0  Transaction approved, no errors                   0                                                                                  XXOK2623   <ETX>'

2023-02-17 21:28:52 - [MESSAGE][PASSED] - Text of object 'Object Repository/Page_VLinkReceipt/pre_STX' is: '<STX>cvodh9ThdfhP                  12127320            0  Transaction approved, no errors                   0                                                                                  XXOK2623   <ETX>'

2023-02-17 21:28:52 - [TEST_STEP][PASSED] - out.println("sdfo: " + sdfo): null

2023-02-17 21:28:52 - [TEST_STEP][PASSED] - remID = substring(5, 35).trim(): null

2023-02-17 21:28:52 - [TEST_STEP][PASSED] - out.println("Remittance ID: " + remID): null

2023-02-17 21:28:52 - [TEST_STEP][PASSED] - traxID = substring(35, 55).trim(): null

2023-02-17 21:28:52 - [TEST_STEP][PASSED] - out.println("Transaction ID: " + traxID): null

2023-02-17 21:28:52 - [TEST_STEP][PASSED] - out.println("End Record Number: " + row): null

2023-02-17 21:28:52 - [TEST_STEP][PASSED] - closeBrowser(): Browser is closed

2023-02-17 21:28:53 - [MESSAGE][PASSED] - Browser is closed

2023-02-17 21:28:53 - [TEST_STEP][PASSED] - ExecuteTC = findTestData(dataFile).getValue("Execute", row): null

2023-02-17 21:28:53 - [TEST_STEP][PASSED] - out.println("Value of Execute is : " + ExecuteTC): null

2023-02-17 21:28:53 - [TEST_STEP][PASSED] - if (ExecuteTC.equalsIgnoreCase("Y")): Browser is closed

2023-02-17 21:28:53 - [TEST_STEP][PASSED] - out.println("Begin Record Number: " + row): null

2023-02-17 21:28:53 - [TEST_STEP][PASSED] - today = new java.util.Date(): null

2023-02-17 21:28:53 - [TEST_STEP][PASSED] - println(today): null

2023-02-17 21:28:53 - [TEST_STEP][PASSED] - datText = today: null

2023-02-17 21:28:53 - [TEST_STEP][PASSED] - openBrowser(VLinkURL + "authcap.html"): Browser is opened with url: 'https://dev-algorithm.govolution.com/vlinktest/QA/version_2_0/authcap.html'

2023-02-17 21:28:53 - [MESSAGE][INFO] - Starting 'Chrome' driver

2023-02-17 21:28:53 - [MESSAGE][INFO] - User set preference: ['acceptInsecureCerts', 'true']

2023-02-17 21:28:53 - [MESSAGE][INFO] - Action delay is set to 0 milliseconds

2023-02-17 21:28:55 - [MESSAGE][PASSED] - Browser is opened with url: 'https://dev-algorithm.govolution.com/vlinktest/QA/version_2_0/authcap.html'

2023-02-17 21:28:55 - [TEST_STEP][PASSED] - maximizeWindow(): Current window maximized

2023-02-17 21:28:55 - [MESSAGE][PASSED] - Current window maximized

2023-02-17 21:28:55 - [TEST_STEP][PASSED] - vlinkPages.saleCCPage.setDataSCC(row, dataFile): vlinkPages.saleCCPage.setDataSCC is PASSED

2023-02-17 21:28:58 - [MESSAGE][PASSED] - Object 'Object Repository/VLink/Page_CCSale/txt_CardNumber' is present

2023-02-17 21:28:59 - [MESSAGE][PASSED] - Text '104' is set on object 'Object Repository/VLink/Page_CCSale/txt_TransactionType'

2023-02-17 21:28:59 - [MESSAGE][PASSED] - Text '2.0C' is set on object 'Object Repository/VLink/Page_CCSale/txt_MessageVersion'

2023-02-17 21:29:00 - [MESSAGE][PASSED] - Text 'aDETpcEK9TYe' is set on object 'Object Repository/VLink/Page_CCSale/txt_RemID'

2023-02-17 21:29:01 - [MESSAGE][PASSED] - Text '665' is set on object 'Object Repository/VLink/Page_CCSale/txt_ApplicationId'

2023-02-17 21:29:01 - [MESSAGE][PASSED] - Text 'username' is set on object 'Object Repository/VLink/Page_CCSale/txt_Username'

2023-02-17 21:29:02 - [MESSAGE][PASSED] - Text 'password' is set on object 'Object Repository/VLink/Page_CCSale/txt_Password'

2023-02-17 21:29:02 - [MESSAGE][PASSED] - Text 'fixed_width' is set on object 'Object Repository/VLink/Page_CCSale/txt_ResponseFormat'

2023-02-17 21:29:03 - [MESSAGE][PASSED] - Text 'ECOM' is set on object 'Object Repository/VLink/Page_CCSale/txt_Category'

2023-02-17 21:29:04 - [MESSAGE][PASSED] - Text '' is set on object 'Object Repository/VLink/Page_CCSale/txt_TransactionID'

2023-02-17 21:29:04 - [MESSAGE][PASSED] - Text '' is set on object 'Object Repository/VLink/Page_CCSale/txt_ApprovalCode'

2023-02-17 21:29:05 - [MESSAGE][PASSED] - Text 'Roshan Maha' is set on object 'Object Repository/VLink/Page_CCSale/txt_CardName'

2023-02-17 21:29:06 - [MESSAGE][PASSED] - Text '12563 Bazaar road' is set on object 'Object Repository/VLink/Page_CCSale/txt_AL1'

2023-02-17 21:29:06 - [MESSAGE][PASSED] - Text '' is set on object 'Object Repository/VLink/Page_CCSale/txt_AL2'

2023-02-17 21:29:07 - [MESSAGE][PASSED] - Text 'Crofton' is set on object 'Object Repository/VLink/Page_CCSale/txt_CardCity'

2023-02-17 21:29:08 - [MESSAGE][PASSED] - Text 'MD' is set on object 'Object Repository/VLink/Page_CCSale/txt_CardState'

2023-02-17 21:29:08 - [MESSAGE][PASSED] - Text '21114' is set on object 'Object Repository/VLink/Page_CCSale/txt_CardZIP'

2023-02-17 21:29:09 - [MESSAGE][PASSED] - Text '' is set on object 'Object Repository/VLink/Page_CCSale/txt_CountryID'

2023-02-17 21:29:10 - [MESSAGE][PASSED] - Text '3.50' is set on object 'Object Repository/VLink/Page_CCSale/txt_Amount'

2023-02-17 21:29:10 - [MESSAGE][PASSED] - Text '370000000000002' is set on object 'Object Repository/VLink/Page_CCSale/txt_CardNumber'

2023-02-17 21:29:11 - [MESSAGE][PASSED] - Text '01' is set on object 'Object Repository/VLink/Page_CCSale/txt_ExpMonth'

2023-02-17 21:29:12 - [MESSAGE][PASSED] - Text '2026' is set on object 'Object Repository/VLink/Page_CCSale/txt_ExpYear'

2023-02-17 21:29:12 - [MESSAGE][PASSED] - Text '' is set on object 'Object Repository/VLink/Page_CCSale/txt_CVV'

2023-02-17 21:29:13 - [MESSAGE][PASSED] - Text '' is set on object 'Object Repository/VLink/Page_CCSale/txt_CVVstate'

2023-02-17 21:29:14 - [MESSAGE][PASSED] - Text '' is set on object 'Object Repository/VLink/Page_CCSale/txt_TrackData'

2023-02-17 21:29:15 - [MESSAGE][PASSED] - Text '' is set on object 'Object Repository/VLink/Page_CCSale/txt_Track1Data'

2023-02-17 21:29:15 - [MESSAGE][PASSED] - Text '' is set on object 'Object Repository/VLink/Page_CCSale/txt_Track2Data'

2023-02-17 21:29:16 - [MESSAGE][PASSED] - Text 'manual' is set on object 'Object Repository/VLink/Page_CCSale/txt_POSEntryMode'

2023-02-17 21:29:17 - [MESSAGE][PASSED] - Text '' is set on object 'Object Repository/VLink/Page_CCSale/txt_Email'

2023-02-17 21:29:17 - [MESSAGE][PASSED] - Text '' is set on object 'Object Repository/VLink/Page_CCSale/txt_OrderNumber'

2023-02-17 21:29:18 - [MESSAGE][PASSED] - Text '' is set on object 'Object Repository/VLink/Page_CCSale/txt_TaxAmount'

2023-02-17 21:29:19 - [MESSAGE][PASSED] - Text '' is set on object 'Object Repository/VLink/Page_CCSale/txt_ChargeDescription'

2023-02-17 21:29:19 - [MESSAGE][PASSED] - Text '' is set on object 'Object Repository/VLink/Page_CCSale/txt_CAN'

2023-02-17 21:29:20 - [MESSAGE][PASSED] - Text '' is set on object 'Object Repository/VLink/Page_CCSale/txt_BillPaymentIndicator'

2023-02-17 21:29:21 - [MESSAGE][PASSED] - Text '' is set on object 'Object Repository/VLink/Page_CCSale/txt_UDF1'

2023-02-17 21:29:21 - [MESSAGE][PASSED] - Text '' is set on object 'Object Repository/VLink/Page_CCSale/txt_UDF2'

2023-02-17 21:29:22 - [MESSAGE][PASSED] - Text '' is set on object 'Object Repository/VLink/Page_CCSale/txt_UDF3'

2023-02-17 21:29:23 - [MESSAGE][PASSED] - Text '' is set on object 'Object Repository/VLink/Page_CCSale/txt_UDF4'

2023-02-17 21:29:23 - [MESSAGE][PASSED] - Text '' is set on object 'Object Repository/VLink/Page_CCSale/txt_UDF5'

2023-02-17 21:29:24 - [MESSAGE][PASSED] - Text '' is set on object 'Object Repository/VLink/Page_CCSale/txt_UDF6'

2023-02-17 21:29:25 - [MESSAGE][PASSED] - Text '' is set on object 'Object Repository/VLink/Page_CCSale/txt_UDF7'

2023-02-17 21:29:25 - [MESSAGE][PASSED] - Text '' is set on object 'Object Repository/VLink/Page_CCSale/txt_UDF8'

2023-02-17 21:29:26 - [MESSAGE][PASSED] - Text '' is set on object 'Object Repository/VLink/Page_CCSale/txt_UDF9'

2023-02-17 21:29:27 - [MESSAGE][PASSED] - Text '' is set on object 'Object Repository/VLink/Page_CCSale/txt_UDF10'

2023-02-17 21:29:29 - [MESSAGE][PASSED] - Object: 'Object Repository/VLink/Page_CCSale/btn_ProcessVLinkTransaction' is clicked on

2023-02-17 21:29:34 - [MESSAGE][PASSED] - vlinkPages.saleCCPage.setDataSCC is PASSED

2023-02-17 21:29:34 - [TEST_STEP][PASSED] - if (verifyTextPresent("Transaction approved, no errors", true)): null

2023-02-17 21:29:35 - [MESSAGE][PASSED] - Text 'Transaction approved, no errors' is present on page  using regular expression

2023-02-17 21:29:35 - [TEST_STEP][PASSED] - println("Transaction Approved, no errors text is present on the Confirmation page"): null

2023-02-17 21:29:35 - [TEST_STEP][PASSED] - out.println("Pass Record Number: " + row): null

2023-02-17 21:29:35 - [TEST_STEP][PASSED] - resText = "Pass": null

2023-02-17 21:29:35 - [TEST_STEP][PASSED] - pages.WriteExcel.demoKey(resText, datText, resColumn, datCloumn, fileLoc, nameSheet, row): pages.WriteExcel.demoKey is PASSED

2023-02-17 21:29:35 - [MESSAGE][PASSED] - pages.WriteExcel.demoKey is PASSED

2023-02-17 21:29:35 - [TEST_STEP][PASSED] - sdfo = getText(findTestObject("Object Repository/Page_VLinkReceipt/pre_STX")): Text of object 'Object Repository/Page_VLinkReceipt/pre_STX' is: '<STX>aDETpcEK9TYe                  12127321            0  Transaction approved, no errors                   0                                                                                  X OK2703   <ETX>'

2023-02-17 21:29:35 - [MESSAGE][PASSED] - Text of object 'Object Repository/Page_VLinkReceipt/pre_STX' is: '<STX>aDETpcEK9TYe                  12127321            0  Transaction approved, no errors                   0                                                                                  X OK2703   <ETX>'

2023-02-17 21:29:35 - [TEST_STEP][PASSED] - out.println("sdfo: " + sdfo): null

2023-02-17 21:29:35 - [TEST_STEP][PASSED] - remID = substring(5, 35).trim(): null

2023-02-17 21:29:35 - [TEST_STEP][PASSED] - out.println("Remittance ID: " + remID): null

2023-02-17 21:29:35 - [TEST_STEP][PASSED] - traxID = substring(35, 55).trim(): null

2023-02-17 21:29:35 - [TEST_STEP][PASSED] - out.println("Transaction ID: " + traxID): null

2023-02-17 21:29:35 - [TEST_STEP][PASSED] - out.println("End Record Number: " + row): null

2023-02-17 21:29:35 - [TEST_STEP][PASSED] - closeBrowser(): Browser is closed

2023-02-17 21:29:36 - [MESSAGE][PASSED] - Browser is closed

2023-02-17 21:29:36 - [TEST_STEP][PASSED] - ExecuteTC = findTestData(dataFile).getValue("Execute", row): null

2023-02-17 21:29:36 - [TEST_STEP][PASSED] - out.println("Value of Execute is : " + ExecuteTC): null

2023-02-17 21:29:36 - [TEST_STEP][PASSED] - if (ExecuteTC.equalsIgnoreCase("Y")): Browser is closed

2023-02-17 21:29:36 - [TEST_STEP][PASSED] - out.println("Begin Record Number: " + row): null

2023-02-17 21:29:36 - [TEST_STEP][PASSED] - today = new java.util.Date(): null

2023-02-17 21:29:36 - [TEST_STEP][PASSED] - println(today): null

2023-02-17 21:29:36 - [TEST_STEP][PASSED] - datText = today: null

2023-02-17 21:29:36 - [TEST_STEP][PASSED] - openBrowser(VLinkURL + "authcap.html"): Browser is opened with url: 'https://dev-algorithm.govolution.com/vlinktest/QA/version_2_0/authcap.html'

2023-02-17 21:29:36 - [MESSAGE][INFO] - Starting 'Chrome' driver

2023-02-17 21:29:36 - [MESSAGE][INFO] - User set preference: ['acceptInsecureCerts', 'true']

2023-02-17 21:29:36 - [MESSAGE][INFO] - Action delay is set to 0 milliseconds

2023-02-17 21:29:38 - [MESSAGE][PASSED] - Browser is opened with url: 'https://dev-algorithm.govolution.com/vlinktest/QA/version_2_0/authcap.html'

2023-02-17 21:29:38 - [TEST_STEP][PASSED] - maximizeWindow(): Current window maximized

2023-02-17 21:29:38 - [MESSAGE][PASSED] - Current window maximized

2023-02-17 21:29:38 - [TEST_STEP][PASSED] - vlinkPages.saleCCPage.setDataSCC(row, dataFile): vlinkPages.saleCCPage.setDataSCC is PASSED

2023-02-17 21:29:41 - [MESSAGE][PASSED] - Object 'Object Repository/VLink/Page_CCSale/txt_CardNumber' is present

2023-02-17 21:29:41 - [MESSAGE][PASSED] - Text '104' is set on object 'Object Repository/VLink/Page_CCSale/txt_TransactionType'

2023-02-17 21:29:42 - [MESSAGE][PASSED] - Text '2.0C' is set on object 'Object Repository/VLink/Page_CCSale/txt_MessageVersion'

2023-02-17 21:29:43 - [MESSAGE][PASSED] - Text '63HvSywkiWy1' is set on object 'Object Repository/VLink/Page_CCSale/txt_RemID'

2023-02-17 21:29:43 - [MESSAGE][PASSED] - Text '665' is set on object 'Object Repository/VLink/Page_CCSale/txt_ApplicationId'

2023-02-17 21:29:44 - [MESSAGE][PASSED] - Text 'username' is set on object 'Object Repository/VLink/Page_CCSale/txt_Username'

2023-02-17 21:29:44 - [MESSAGE][PASSED] - Text 'password' is set on object 'Object Repository/VLink/Page_CCSale/txt_Password'

2023-02-17 21:29:45 - [MESSAGE][PASSED] - Text 'fixed_width' is set on object 'Object Repository/VLink/Page_CCSale/txt_ResponseFormat'

2023-02-17 21:29:46 - [MESSAGE][PASSED] - Text 'ECOM' is set on object 'Object Repository/VLink/Page_CCSale/txt_Category'

2023-02-17 21:29:46 - [MESSAGE][PASSED] - Text '' is set on object 'Object Repository/VLink/Page_CCSale/txt_TransactionID'

2023-02-17 21:29:47 - [MESSAGE][PASSED] - Text '' is set on object 'Object Repository/VLink/Page_CCSale/txt_ApprovalCode'

2023-02-17 21:29:48 - [MESSAGE][PASSED] - Text 'Kris Roshan' is set on object 'Object Repository/VLink/Page_CCSale/txt_CardName'

2023-02-17 21:29:49 - [MESSAGE][PASSED] - Text '258 Elm Road' is set on object 'Object Repository/VLink/Page_CCSale/txt_AL1'

2023-02-17 21:29:49 - [MESSAGE][PASSED] - Text 'Suite 56' is set on object 'Object Repository/VLink/Page_CCSale/txt_AL2'

2023-02-17 21:29:50 - [MESSAGE][PASSED] - Text 'Arlington' is set on object 'Object Repository/VLink/Page_CCSale/txt_CardCity'

2023-02-17 21:29:50 - [MESSAGE][PASSED] - Text 'VA' is set on object 'Object Repository/VLink/Page_CCSale/txt_CardState'

2023-02-17 21:29:51 - [MESSAGE][PASSED] - Text '22201' is set on object 'Object Repository/VLink/Page_CCSale/txt_CardZIP'

2023-02-17 21:29:52 - [MESSAGE][PASSED] - Text '840' is set on object 'Object Repository/VLink/Page_CCSale/txt_CountryID'

2023-02-17 21:29:52 - [MESSAGE][PASSED] - Text '1.50' is set on object 'Object Repository/VLink/Page_CCSale/txt_Amount'

2023-02-17 21:29:53 - [MESSAGE][PASSED] - Text '6011000000000004' is set on object 'Object Repository/VLink/Page_CCSale/txt_CardNumber'

2023-02-17 21:29:54 - [MESSAGE][PASSED] - Text '12' is set on object 'Object Repository/VLink/Page_CCSale/txt_ExpMonth'

2023-02-17 21:29:55 - [MESSAGE][PASSED] - Text '2025' is set on object 'Object Repository/VLink/Page_CCSale/txt_ExpYear'

2023-02-17 21:29:55 - [MESSAGE][PASSED] - Text '' is set on object 'Object Repository/VLink/Page_CCSale/txt_CVV'

2023-02-17 21:29:56 - [MESSAGE][PASSED] - Text '' is set on object 'Object Repository/VLink/Page_CCSale/txt_CVVstate'

2023-02-17 21:29:57 - [MESSAGE][PASSED] - Text '' is set on object 'Object Repository/VLink/Page_CCSale/txt_TrackData'

2023-02-17 21:29:57 - [MESSAGE][PASSED] - Text '' is set on object 'Object Repository/VLink/Page_CCSale/txt_Track1Data'

2023-02-17 21:29:58 - [MESSAGE][PASSED] - Text '' is set on object 'Object Repository/VLink/Page_CCSale/txt_Track2Data'

2023-02-17 21:29:59 - [MESSAGE][PASSED] - Text 'manual' is set on object 'Object Repository/VLink/Page_CCSale/txt_POSEntryMode'

2023-02-17 21:29:59 - [MESSAGE][PASSED] - Text 'iahmed@govolution.com' is set on object 'Object Repository/VLink/Page_CCSale/txt_Email'

2023-02-17 21:30:00 - [MESSAGE][PASSED] - Text '2569362' is set on object 'Object Repository/VLink/Page_CCSale/txt_OrderNumber'

2023-02-17 21:30:01 - [MESSAGE][PASSED] - Text '1.15' is set on object 'Object Repository/VLink/Page_CCSale/txt_TaxAmount'

2023-02-17 21:30:01 - [MESSAGE][PASSED] - Text 'Charge Description' is set on object 'Object Repository/VLink/Page_CCSale/txt_ChargeDescription'

2023-02-17 21:30:02 - [MESSAGE][PASSED] - Text '147357' is set on object 'Object Repository/VLink/Page_CCSale/txt_CAN'

2023-02-17 21:30:03 - [MESSAGE][PASSED] - Text '1' is set on object 'Object Repository/VLink/Page_CCSale/txt_BillPaymentIndicator'

2023-02-17 21:30:03 - [MESSAGE][PASSED] - Text 'UDF Data 1' is set on object 'Object Repository/VLink/Page_CCSale/txt_UDF1'

2023-02-17 21:30:04 - [MESSAGE][PASSED] - Text 'UDF Data 2' is set on object 'Object Repository/VLink/Page_CCSale/txt_UDF2'

2023-02-17 21:30:05 - [MESSAGE][PASSED] - Text 'UDF Data 3' is set on object 'Object Repository/VLink/Page_CCSale/txt_UDF3'

2023-02-17 21:30:05 - [MESSAGE][PASSED] - Text 'UDF Data 4' is set on object 'Object Repository/VLink/Page_CCSale/txt_UDF4'

2023-02-17 21:30:06 - [MESSAGE][PASSED] - Text 'UDF Data 5' is set on object 'Object Repository/VLink/Page_CCSale/txt_UDF5'

2023-02-17 21:30:07 - [MESSAGE][PASSED] - Text 'UDF Data 6' is set on object 'Object Repository/VLink/Page_CCSale/txt_UDF6'

2023-02-17 21:30:07 - [MESSAGE][PASSED] - Text 'UDF Data 7' is set on object 'Object Repository/VLink/Page_CCSale/txt_UDF7'

2023-02-17 21:30:08 - [MESSAGE][PASSED] - Text 'UDF Data 8' is set on object 'Object Repository/VLink/Page_CCSale/txt_UDF8'

2023-02-17 21:30:09 - [MESSAGE][PASSED] - Text 'UDF Data 9' is set on object 'Object Repository/VLink/Page_CCSale/txt_UDF9'

2023-02-17 21:30:09 - [MESSAGE][PASSED] - Text 'UDF Data 10' is set on object 'Object Repository/VLink/Page_CCSale/txt_UDF10'

2023-02-17 21:30:12 - [MESSAGE][PASSED] - Object: 'Object Repository/VLink/Page_CCSale/btn_ProcessVLinkTransaction' is clicked on

2023-02-17 21:30:17 - [MESSAGE][PASSED] - vlinkPages.saleCCPage.setDataSCC is PASSED

2023-02-17 21:30:17 - [TEST_STEP][PASSED] - if (verifyTextPresent("Transaction approved, no errors", true)): null

2023-02-17 21:30:17 - [MESSAGE][PASSED] - Text 'Transaction approved, no errors' is present on page  using regular expression

2023-02-17 21:30:17 - [TEST_STEP][PASSED] - println("Transaction Approved, no errors text is present on the Confirmation page"): null

2023-02-17 21:30:17 - [TEST_STEP][PASSED] - out.println("Pass Record Number: " + row): null

2023-02-17 21:30:17 - [TEST_STEP][PASSED] - resText = "Pass": null

2023-02-17 21:30:17 - [TEST_STEP][PASSED] - pages.WriteExcel.demoKey(resText, datText, resColumn, datCloumn, fileLoc, nameSheet, row): pages.WriteExcel.demoKey is PASSED

2023-02-17 21:30:17 - [MESSAGE][PASSED] - pages.WriteExcel.demoKey is PASSED

2023-02-17 21:30:17 - [TEST_STEP][PASSED] - sdfo = getText(findTestObject("Object Repository/Page_VLinkReceipt/pre_STX")): Text of object 'Object Repository/Page_VLinkReceipt/pre_STX' is: '<STX>63HvSywkiWy1                  12127322            0  Transaction approved, no errors                   0                                                                                  XXOK2733   <ETX>'

2023-02-17 21:30:18 - [MESSAGE][PASSED] - Text of object 'Object Repository/Page_VLinkReceipt/pre_STX' is: '<STX>63HvSywkiWy1                  12127322            0  Transaction approved, no errors                   0                                                                                  XXOK2733   <ETX>'

2023-02-17 21:30:18 - [TEST_STEP][PASSED] - out.println("sdfo: " + sdfo): null

2023-02-17 21:30:18 - [TEST_STEP][PASSED] - remID = substring(5, 35).trim(): null

2023-02-17 21:30:18 - [TEST_STEP][PASSED] - out.println("Remittance ID: " + remID): null

2023-02-17 21:30:18 - [TEST_STEP][PASSED] - traxID = substring(35, 55).trim(): null

2023-02-17 21:30:18 - [TEST_STEP][PASSED] - out.println("Transaction ID: " + traxID): null

2023-02-17 21:30:18 - [TEST_STEP][PASSED] - out.println("End Record Number: " + row): null

2023-02-17 21:30:18 - [TEST_STEP][PASSED] - closeBrowser(): Browser is closed

2023-02-17 21:30:19 - [MESSAGE][PASSED] - Browser is closed

2023-02-17 21:30:19 - [TEST_STEP][PASSED] - ExecuteTC = findTestData(dataFile).getValue("Execute", row): null

2023-02-17 21:30:19 - [TEST_STEP][PASSED] - out.println("Value of Execute is : " + ExecuteTC): null

2023-02-17 21:30:19 - [TEST_STEP][PASSED] - if (ExecuteTC.equalsIgnoreCase("Y")): Browser is closed

2023-02-17 21:30:19 - [TEST_STEP][PASSED] - out.println("Begin Record Number: " + row): null

2023-02-17 21:30:19 - [TEST_STEP][PASSED] - today = new java.util.Date(): null

2023-02-17 21:30:19 - [TEST_STEP][PASSED] - println(today): null

2023-02-17 21:30:19 - [TEST_STEP][PASSED] - datText = today: null

2023-02-17 21:30:19 - [TEST_STEP][PASSED] - openBrowser(VLinkURL + "authcap.html"): Browser is opened with url: 'https://dev-algorithm.govolution.com/vlinktest/QA/version_2_0/authcap.html'

2023-02-17 21:30:19 - [MESSAGE][INFO] - Starting 'Chrome' driver

2023-02-17 21:30:19 - [MESSAGE][INFO] - User set preference: ['acceptInsecureCerts', 'true']

2023-02-17 21:30:19 - [MESSAGE][INFO] - Action delay is set to 0 milliseconds

2023-02-17 21:30:21 - [MESSAGE][PASSED] - Browser is opened with url: 'https://dev-algorithm.govolution.com/vlinktest/QA/version_2_0/authcap.html'

2023-02-17 21:30:21 - [TEST_STEP][PASSED] - maximizeWindow(): Current window maximized

2023-02-17 21:30:21 - [MESSAGE][PASSED] - Current window maximized

2023-02-17 21:30:21 - [TEST_STEP][PASSED] - vlinkPages.saleCCPage.setDataSCC(row, dataFile): vlinkPages.saleCCPage.setDataSCC is PASSED

2023-02-17 21:30:24 - [MESSAGE][PASSED] - Object 'Object Repository/VLink/Page_CCSale/txt_CardNumber' is present

2023-02-17 21:30:24 - [MESSAGE][PASSED] - Text '104' is set on object 'Object Repository/VLink/Page_CCSale/txt_TransactionType'

2023-02-17 21:30:25 - [MESSAGE][PASSED] - Text '2.0C' is set on object 'Object Repository/VLink/Page_CCSale/txt_MessageVersion'

2023-02-17 21:30:25 - [MESSAGE][PASSED] - Text 'T6LvXlNjxWIo' is set on object 'Object Repository/VLink/Page_CCSale/txt_RemID'

2023-02-17 21:30:26 - [MESSAGE][PASSED] - Text '665' is set on object 'Object Repository/VLink/Page_CCSale/txt_ApplicationId'

2023-02-17 21:30:27 - [MESSAGE][PASSED] - Text 'username' is set on object 'Object Repository/VLink/Page_CCSale/txt_Username'

2023-02-17 21:30:27 - [MESSAGE][PASSED] - Text 'password' is set on object 'Object Repository/VLink/Page_CCSale/txt_Password'

2023-02-17 21:30:28 - [MESSAGE][PASSED] - Text 'fixed_width' is set on object 'Object Repository/VLink/Page_CCSale/txt_ResponseFormat'

2023-02-17 21:30:28 - [MESSAGE][PASSED] - Text 'MOTO' is set on object 'Object Repository/VLink/Page_CCSale/txt_Category'

2023-02-17 21:30:29 - [MESSAGE][PASSED] - Text '' is set on object 'Object Repository/VLink/Page_CCSale/txt_TransactionID'

2023-02-17 21:30:30 - [MESSAGE][PASSED] - Text '' is set on object 'Object Repository/VLink/Page_CCSale/txt_ApprovalCode'

2023-02-17 21:30:31 - [MESSAGE][PASSED] - Text 'Roshan Maha' is set on object 'Object Repository/VLink/Page_CCSale/txt_CardName'

2023-02-17 21:30:31 - [MESSAGE][PASSED] - Text '12563 Bazaar road' is set on object 'Object Repository/VLink/Page_CCSale/txt_AL1'

2023-02-17 21:30:32 - [MESSAGE][PASSED] - Text '' is set on object 'Object Repository/VLink/Page_CCSale/txt_AL2'

2023-02-17 21:30:33 - [MESSAGE][PASSED] - Text 'Crofton' is set on object 'Object Repository/VLink/Page_CCSale/txt_CardCity'

2023-02-17 21:30:33 - [MESSAGE][PASSED] - Text 'MD' is set on object 'Object Repository/VLink/Page_CCSale/txt_CardState'

2023-02-17 21:30:34 - [MESSAGE][PASSED] - Text '21114' is set on object 'Object Repository/VLink/Page_CCSale/txt_CardZIP'

2023-02-17 21:30:35 - [MESSAGE][PASSED] - Text '' is set on object 'Object Repository/VLink/Page_CCSale/txt_CountryID'

2023-02-17 21:30:35 - [MESSAGE][PASSED] - Text '3.50' is set on object 'Object Repository/VLink/Page_CCSale/txt_Amount'

2023-02-17 21:30:36 - [MESSAGE][PASSED] - Text '4111111111111111' is set on object 'Object Repository/VLink/Page_CCSale/txt_CardNumber'

2023-02-17 21:30:37 - [MESSAGE][PASSED] - Text '01' is set on object 'Object Repository/VLink/Page_CCSale/txt_ExpMonth'

2023-02-17 21:30:37 - [MESSAGE][PASSED] - Text '2026' is set on object 'Object Repository/VLink/Page_CCSale/txt_ExpYear'

2023-02-17 21:30:38 - [MESSAGE][PASSED] - Text '' is set on object 'Object Repository/VLink/Page_CCSale/txt_CVV'

2023-02-17 21:30:39 - [MESSAGE][PASSED] - Text '' is set on object 'Object Repository/VLink/Page_CCSale/txt_CVVstate'

2023-02-17 21:30:39 - [MESSAGE][PASSED] - Text '' is set on object 'Object Repository/VLink/Page_CCSale/txt_TrackData'

2023-02-17 21:30:40 - [MESSAGE][PASSED] - Text '' is set on object 'Object Repository/VLink/Page_CCSale/txt_Track1Data'

2023-02-17 21:30:41 - [MESSAGE][PASSED] - Text '' is set on object 'Object Repository/VLink/Page_CCSale/txt_Track2Data'

2023-02-17 21:30:41 - [MESSAGE][PASSED] - Text 'manual' is set on object 'Object Repository/VLink/Page_CCSale/txt_POSEntryMode'

2023-02-17 21:30:42 - [MESSAGE][PASSED] - Text '' is set on object 'Object Repository/VLink/Page_CCSale/txt_Email'

2023-02-17 21:30:43 - [MESSAGE][PASSED] - Text '' is set on object 'Object Repository/VLink/Page_CCSale/txt_OrderNumber'

2023-02-17 21:30:43 - [MESSAGE][PASSED] - Text '' is set on object 'Object Repository/VLink/Page_CCSale/txt_TaxAmount'

2023-02-17 21:30:44 - [MESSAGE][PASSED] - Text '' is set on object 'Object Repository/VLink/Page_CCSale/txt_ChargeDescription'

2023-02-17 21:30:45 - [MESSAGE][PASSED] - Text '' is set on object 'Object Repository/VLink/Page_CCSale/txt_CAN'

2023-02-17 21:30:45 - [MESSAGE][PASSED] - Text '' is set on object 'Object Repository/VLink/Page_CCSale/txt_BillPaymentIndicator'

2023-02-17 21:30:46 - [MESSAGE][PASSED] - Text '' is set on object 'Object Repository/VLink/Page_CCSale/txt_UDF1'

2023-02-17 21:30:47 - [MESSAGE][PASSED] - Text '' is set on object 'Object Repository/VLink/Page_CCSale/txt_UDF2'

2023-02-17 21:30:47 - [MESSAGE][PASSED] - Text '' is set on object 'Object Repository/VLink/Page_CCSale/txt_UDF3'

2023-02-17 21:30:48 - [MESSAGE][PASSED] - Text '' is set on object 'Object Repository/VLink/Page_CCSale/txt_UDF4'

2023-02-17 21:30:49 - [MESSAGE][PASSED] - Text '' is set on object 'Object Repository/VLink/Page_CCSale/txt_UDF5'

2023-02-17 21:30:50 - [MESSAGE][PASSED] - Text '' is set on object 'Object Repository/VLink/Page_CCSale/txt_UDF6'

2023-02-17 21:30:50 - [MESSAGE][PASSED] - Text '' is set on object 'Object Repository/VLink/Page_CCSale/txt_UDF7'

2023-02-17 21:30:51 - [MESSAGE][PASSED] - Text '' is set on object 'Object Repository/VLink/Page_CCSale/txt_UDF8'

2023-02-17 21:30:52 - [MESSAGE][PASSED] - Text '' is set on object 'Object Repository/VLink/Page_CCSale/txt_UDF9'

2023-02-17 21:30:52 - [MESSAGE][PASSED] - Text '' is set on object 'Object Repository/VLink/Page_CCSale/txt_UDF10'

2023-02-17 21:30:55 - [MESSAGE][PASSED] - Object: 'Object Repository/VLink/Page_CCSale/btn_ProcessVLinkTransaction' is clicked on

2023-02-17 21:31:00 - [MESSAGE][PASSED] - vlinkPages.saleCCPage.setDataSCC is PASSED

2023-02-17 21:31:00 - [TEST_STEP][PASSED] - if (verifyTextPresent("Transaction approved, no errors", true)): null

2023-02-17 21:31:00 - [MESSAGE][PASSED] - Text 'Transaction approved, no errors' is present on page  using regular expression

2023-02-17 21:31:00 - [TEST_STEP][PASSED] - println("Transaction Approved, no errors text is present on the Confirmation page"): null

2023-02-17 21:31:00 - [TEST_STEP][PASSED] - out.println("Pass Record Number: " + row): null

2023-02-17 21:31:00 - [TEST_STEP][PASSED] - resText = "Pass": null

2023-02-17 21:31:00 - [TEST_STEP][PASSED] - pages.WriteExcel.demoKey(resText, datText, resColumn, datCloumn, fileLoc, nameSheet, row): pages.WriteExcel.demoKey is PASSED

2023-02-17 21:31:00 - [MESSAGE][PASSED] - pages.WriteExcel.demoKey is PASSED

2023-02-17 21:31:00 - [TEST_STEP][PASSED] - sdfo = getText(findTestObject("Object Repository/Page_VLinkReceipt/pre_STX")): Text of object 'Object Repository/Page_VLinkReceipt/pre_STX' is: '<STX>T6LvXlNjxWIo                  12127323            0  Transaction approved, no errors                   0                                                                                  XXOK2773   <ETX>'

2023-02-17 21:31:01 - [MESSAGE][PASSED] - Text of object 'Object Repository/Page_VLinkReceipt/pre_STX' is: '<STX>T6LvXlNjxWIo                  12127323            0  Transaction approved, no errors                   0                                                                                  XXOK2773   <ETX>'

2023-02-17 21:31:01 - [TEST_STEP][PASSED] - out.println("sdfo: " + sdfo): null

2023-02-17 21:31:01 - [TEST_STEP][PASSED] - remID = substring(5, 35).trim(): null

2023-02-17 21:31:01 - [TEST_STEP][PASSED] - out.println("Remittance ID: " + remID): null

2023-02-17 21:31:01 - [TEST_STEP][PASSED] - traxID = substring(35, 55).trim(): null

2023-02-17 21:31:01 - [TEST_STEP][PASSED] - out.println("Transaction ID: " + traxID): null

2023-02-17 21:31:01 - [TEST_STEP][PASSED] - out.println("End Record Number: " + row): null

2023-02-17 21:31:01 - [TEST_STEP][PASSED] - closeBrowser(): Browser is closed

2023-02-17 21:31:02 - [MESSAGE][PASSED] - Browser is closed

2023-02-17 21:31:02 - [TEST_STEP][PASSED] - ExecuteTC = findTestData(dataFile).getValue("Execute", row): null

2023-02-17 21:31:02 - [TEST_STEP][PASSED] - out.println("Value of Execute is : " + ExecuteTC): null

2023-02-17 21:31:02 - [TEST_STEP][PASSED] - if (ExecuteTC.equalsIgnoreCase("Y")): Browser is closed

2023-02-17 21:31:02 - [TEST_STEP][PASSED] - out.println("Begin Record Number: " + row): null

2023-02-17 21:31:02 - [TEST_STEP][PASSED] - today = new java.util.Date(): null

2023-02-17 21:31:02 - [TEST_STEP][PASSED] - println(today): null

2023-02-17 21:31:02 - [TEST_STEP][PASSED] - datText = today: null

2023-02-17 21:31:02 - [TEST_STEP][PASSED] - openBrowser(VLinkURL + "authcap.html"): Browser is opened with url: 'https://dev-algorithm.govolution.com/vlinktest/QA/version_2_0/authcap.html'

2023-02-17 21:31:02 - [MESSAGE][INFO] - Starting 'Chrome' driver

2023-02-17 21:31:02 - [MESSAGE][INFO] - User set preference: ['acceptInsecureCerts', 'true']

2023-02-17 21:31:02 - [MESSAGE][INFO] - Action delay is set to 0 milliseconds

2023-02-17 21:31:04 - [MESSAGE][PASSED] - Browser is opened with url: 'https://dev-algorithm.govolution.com/vlinktest/QA/version_2_0/authcap.html'

2023-02-17 21:31:04 - [TEST_STEP][PASSED] - maximizeWindow(): Current window maximized

2023-02-17 21:31:04 - [MESSAGE][PASSED] - Current window maximized

2023-02-17 21:31:04 - [TEST_STEP][PASSED] - vlinkPages.saleCCPage.setDataSCC(row, dataFile): vlinkPages.saleCCPage.setDataSCC is PASSED

2023-02-17 21:31:07 - [MESSAGE][PASSED] - Object 'Object Repository/VLink/Page_CCSale/txt_CardNumber' is present

2023-02-17 21:31:07 - [MESSAGE][PASSED] - Text '104' is set on object 'Object Repository/VLink/Page_CCSale/txt_TransactionType'

2023-02-17 21:31:08 - [MESSAGE][PASSED] - Text '2.0C' is set on object 'Object Repository/VLink/Page_CCSale/txt_MessageVersion'

2023-02-17 21:31:09 - [MESSAGE][PASSED] - Text '34vM0WkPLZoF' is set on object 'Object Repository/VLink/Page_CCSale/txt_RemID'

2023-02-17 21:31:09 - [MESSAGE][PASSED] - Text '665' is set on object 'Object Repository/VLink/Page_CCSale/txt_ApplicationId'

2023-02-17 21:31:10 - [MESSAGE][PASSED] - Text 'username' is set on object 'Object Repository/VLink/Page_CCSale/txt_Username'

2023-02-17 21:31:10 - [MESSAGE][PASSED] - Text 'password' is set on object 'Object Repository/VLink/Page_CCSale/txt_Password'

2023-02-17 21:31:11 - [MESSAGE][PASSED] - Text 'fixed_width' is set on object 'Object Repository/VLink/Page_CCSale/txt_ResponseFormat'

2023-02-17 21:31:12 - [MESSAGE][PASSED] - Text 'MOTO' is set on object 'Object Repository/VLink/Page_CCSale/txt_Category'

2023-02-17 21:31:12 - [MESSAGE][PASSED] - Text '' is set on object 'Object Repository/VLink/Page_CCSale/txt_TransactionID'

2023-02-17 21:31:13 - [MESSAGE][PASSED] - Text '' is set on object 'Object Repository/VLink/Page_CCSale/txt_ApprovalCode'

2023-02-17 21:31:14 - [MESSAGE][PASSED] - Text 'Kris Roshan' is set on object 'Object Repository/VLink/Page_CCSale/txt_CardName'

2023-02-17 21:31:14 - [MESSAGE][PASSED] - Text '258 Elm Road' is set on object 'Object Repository/VLink/Page_CCSale/txt_AL1'

2023-02-17 21:31:15 - [MESSAGE][PASSED] - Text 'Suite 56' is set on object 'Object Repository/VLink/Page_CCSale/txt_AL2'

2023-02-17 21:31:16 - [MESSAGE][PASSED] - Text 'Arlington' is set on object 'Object Repository/VLink/Page_CCSale/txt_CardCity'

2023-02-17 21:31:16 - [MESSAGE][PASSED] - Text 'VA' is set on object 'Object Repository/VLink/Page_CCSale/txt_CardState'

2023-02-17 21:31:17 - [MESSAGE][PASSED] - Text '22201' is set on object 'Object Repository/VLink/Page_CCSale/txt_CardZIP'

2023-02-17 21:31:18 - [MESSAGE][PASSED] - Text '840' is set on object 'Object Repository/VLink/Page_CCSale/txt_CountryID'

2023-02-17 21:31:19 - [MESSAGE][PASSED] - Text '1.50' is set on object 'Object Repository/VLink/Page_CCSale/txt_Amount'

2023-02-17 21:31:19 - [MESSAGE][PASSED] - Text '5424000000000015' is set on object 'Object Repository/VLink/Page_CCSale/txt_CardNumber'

2023-02-17 21:31:20 - [MESSAGE][PASSED] - Text '12' is set on object 'Object Repository/VLink/Page_CCSale/txt_ExpMonth'

2023-02-17 21:31:21 - [MESSAGE][PASSED] - Text '2025' is set on object 'Object Repository/VLink/Page_CCSale/txt_ExpYear'

2023-02-17 21:31:21 - [MESSAGE][PASSED] - Text '' is set on object 'Object Repository/VLink/Page_CCSale/txt_CVV'

2023-02-17 21:31:22 - [MESSAGE][PASSED] - Text '' is set on object 'Object Repository/VLink/Page_CCSale/txt_CVVstate'

2023-02-17 21:31:23 - [MESSAGE][PASSED] - Text '' is set on object 'Object Repository/VLink/Page_CCSale/txt_TrackData'

2023-02-17 21:31:23 - [MESSAGE][PASSED] - Text '' is set on object 'Object Repository/VLink/Page_CCSale/txt_Track1Data'

2023-02-17 21:31:24 - [MESSAGE][PASSED] - Text '' is set on object 'Object Repository/VLink/Page_CCSale/txt_Track2Data'

2023-02-17 21:31:25 - [MESSAGE][PASSED] - Text 'manual' is set on object 'Object Repository/VLink/Page_CCSale/txt_POSEntryMode'

2023-02-17 21:31:25 - [MESSAGE][PASSED] - Text 'iahmed@govolution.com' is set on object 'Object Repository/VLink/Page_CCSale/txt_Email'

2023-02-17 21:31:26 - [MESSAGE][PASSED] - Text '2569362' is set on object 'Object Repository/VLink/Page_CCSale/txt_OrderNumber'

2023-02-17 21:31:27 - [MESSAGE][PASSED] - Text '1.15' is set on object 'Object Repository/VLink/Page_CCSale/txt_TaxAmount'

2023-02-17 21:31:27 - [MESSAGE][PASSED] - Text 'Charge Description' is set on object 'Object Repository/VLink/Page_CCSale/txt_ChargeDescription'

2023-02-17 21:31:28 - [MESSAGE][PASSED] - Text '147357' is set on object 'Object Repository/VLink/Page_CCSale/txt_CAN'

2023-02-17 21:31:29 - [MESSAGE][PASSED] - Text '1' is set on object 'Object Repository/VLink/Page_CCSale/txt_BillPaymentIndicator'

2023-02-17 21:31:29 - [MESSAGE][PASSED] - Text 'UDF Data 1' is set on object 'Object Repository/VLink/Page_CCSale/txt_UDF1'

2023-02-17 21:31:30 - [MESSAGE][PASSED] - Text 'UDF Data 2' is set on object 'Object Repository/VLink/Page_CCSale/txt_UDF2'

2023-02-17 21:31:31 - [MESSAGE][PASSED] - Text 'UDF Data 3' is set on object 'Object Repository/VLink/Page_CCSale/txt_UDF3'

2023-02-17 21:31:32 - [MESSAGE][PASSED] - Text 'UDF Data 4' is set on object 'Object Repository/VLink/Page_CCSale/txt_UDF4'

2023-02-17 21:31:32 - [MESSAGE][PASSED] - Text 'UDF Data 5' is set on object 'Object Repository/VLink/Page_CCSale/txt_UDF5'

2023-02-17 21:31:33 - [MESSAGE][PASSED] - Text 'UDF Data 6' is set on object 'Object Repository/VLink/Page_CCSale/txt_UDF6'

2023-02-17 21:31:34 - [MESSAGE][PASSED] - Text 'UDF Data 7' is set on object 'Object Repository/VLink/Page_CCSale/txt_UDF7'

2023-02-17 21:31:34 - [MESSAGE][PASSED] - Text 'UDF Data 8' is set on object 'Object Repository/VLink/Page_CCSale/txt_UDF8'

2023-02-17 21:31:35 - [MESSAGE][PASSED] - Text 'UDF Data 9' is set on object 'Object Repository/VLink/Page_CCSale/txt_UDF9'

2023-02-17 21:31:36 - [MESSAGE][PASSED] - Text 'UDF Data 10' is set on object 'Object Repository/VLink/Page_CCSale/txt_UDF10'

2023-02-17 21:31:38 - [MESSAGE][PASSED] - Object: 'Object Repository/VLink/Page_CCSale/btn_ProcessVLinkTransaction' is clicked on

2023-02-17 21:31:43 - [MESSAGE][PASSED] - vlinkPages.saleCCPage.setDataSCC is PASSED

2023-02-17 21:31:43 - [TEST_STEP][PASSED] - if (verifyTextPresent("Transaction approved, no errors", true)): null

2023-02-17 21:31:44 - [MESSAGE][PASSED] - Text 'Transaction approved, no errors' is present on page  using regular expression

2023-02-17 21:31:44 - [TEST_STEP][PASSED] - println("Transaction Approved, no errors text is present on the Confirmation page"): null

2023-02-17 21:31:44 - [TEST_STEP][PASSED] - out.println("Pass Record Number: " + row): null

2023-02-17 21:31:44 - [TEST_STEP][PASSED] - resText = "Pass": null

2023-02-17 21:31:44 - [TEST_STEP][PASSED] - pages.WriteExcel.demoKey(resText, datText, resColumn, datCloumn, fileLoc, nameSheet, row): pages.WriteExcel.demoKey is PASSED

2023-02-17 21:31:44 - [MESSAGE][PASSED] - pages.WriteExcel.demoKey is PASSED

2023-02-17 21:31:44 - [TEST_STEP][PASSED] - sdfo = getText(findTestObject("Object Repository/Page_VLinkReceipt/pre_STX")): Text of object 'Object Repository/Page_VLinkReceipt/pre_STX' is: '<STX>34vM0WkPLZoF                  12127324            0  Transaction approved, no errors                   0                                                                                  XXOK2823   <ETX>'

2023-02-17 21:31:44 - [MESSAGE][PASSED] - Text of object 'Object Repository/Page_VLinkReceipt/pre_STX' is: '<STX>34vM0WkPLZoF                  12127324            0  Transaction approved, no errors                   0                                                                                  XXOK2823   <ETX>'

2023-02-17 21:31:44 - [TEST_STEP][PASSED] - out.println("sdfo: " + sdfo): null

2023-02-17 21:31:44 - [TEST_STEP][PASSED] - remID = substring(5, 35).trim(): null

2023-02-17 21:31:44 - [TEST_STEP][PASSED] - out.println("Remittance ID: " + remID): null

2023-02-17 21:31:44 - [TEST_STEP][PASSED] - traxID = substring(35, 55).trim(): null

2023-02-17 21:31:44 - [TEST_STEP][PASSED] - out.println("Transaction ID: " + traxID): null

2023-02-17 21:31:44 - [TEST_STEP][PASSED] - out.println("End Record Number: " + row): null

2023-02-17 21:31:44 - [TEST_STEP][PASSED] - closeBrowser(): Browser is closed

2023-02-17 21:31:45 - [MESSAGE][PASSED] - Browser is closed

2023-02-17 21:31:45 - [TEST_STEP][PASSED] - ExecuteTC = findTestData(dataFile).getValue("Execute", row): null

2023-02-17 21:31:45 - [TEST_STEP][PASSED] - out.println("Value of Execute is : " + ExecuteTC): null

2023-02-17 21:31:45 - [TEST_STEP][PASSED] - if (ExecuteTC.equalsIgnoreCase("Y")): Browser is closed

2023-02-17 21:31:45 - [TEST_STEP][PASSED] - out.println("Begin Record Number: " + row): null

2023-02-17 21:31:45 - [TEST_STEP][PASSED] - today = new java.util.Date(): null

2023-02-17 21:31:45 - [TEST_STEP][PASSED] - println(today): null

2023-02-17 21:31:45 - [TEST_STEP][PASSED] - datText = today: null

2023-02-17 21:31:45 - [TEST_STEP][PASSED] - openBrowser(VLinkURL + "authcap.html"): Browser is opened with url: 'https://dev-algorithm.govolution.com/vlinktest/QA/version_2_0/authcap.html'

2023-02-17 21:31:45 - [MESSAGE][INFO] - Starting 'Chrome' driver

2023-02-17 21:31:45 - [MESSAGE][INFO] - User set preference: ['acceptInsecureCerts', 'true']

2023-02-17 21:31:45 - [MESSAGE][INFO] - Action delay is set to 0 milliseconds

2023-02-17 21:31:47 - [MESSAGE][PASSED] - Browser is opened with url: 'https://dev-algorithm.govolution.com/vlinktest/QA/version_2_0/authcap.html'

2023-02-17 21:31:47 - [TEST_STEP][PASSED] - maximizeWindow(): Current window maximized

2023-02-17 21:31:47 - [MESSAGE][PASSED] - Current window maximized

2023-02-17 21:31:47 - [TEST_STEP][PASSED] - vlinkPages.saleCCPage.setDataSCC(row, dataFile): vlinkPages.saleCCPage.setDataSCC is PASSED

2023-02-17 21:31:50 - [MESSAGE][PASSED] - Object 'Object Repository/VLink/Page_CCSale/txt_CardNumber' is present

2023-02-17 21:31:51 - [MESSAGE][PASSED] - Text '104' is set on object 'Object Repository/VLink/Page_CCSale/txt_TransactionType'

2023-02-17 21:31:51 - [MESSAGE][PASSED] - Text '2.0C' is set on object 'Object Repository/VLink/Page_CCSale/txt_MessageVersion'

2023-02-17 21:31:52 - [MESSAGE][PASSED] - Text 'cLBIN9w4vZje' is set on object 'Object Repository/VLink/Page_CCSale/txt_RemID'

2023-02-17 21:31:53 - [MESSAGE][PASSED] - Text '665' is set on object 'Object Repository/VLink/Page_CCSale/txt_ApplicationId'

2023-02-17 21:31:53 - [MESSAGE][PASSED] - Text 'username' is set on object 'Object Repository/VLink/Page_CCSale/txt_Username'

2023-02-17 21:31:54 - [MESSAGE][PASSED] - Text 'password' is set on object 'Object Repository/VLink/Page_CCSale/txt_Password'

2023-02-17 21:31:55 - [MESSAGE][PASSED] - Text 'fixed_width' is set on object 'Object Repository/VLink/Page_CCSale/txt_ResponseFormat'

2023-02-17 21:31:56 - [MESSAGE][PASSED] - Text 'MOTO' is set on object 'Object Repository/VLink/Page_CCSale/txt_Category'

2023-02-17 21:31:56 - [MESSAGE][PASSED] - Text '' is set on object 'Object Repository/VLink/Page_CCSale/txt_TransactionID'

2023-02-17 21:31:57 - [MESSAGE][PASSED] - Text '' is set on object 'Object Repository/VLink/Page_CCSale/txt_ApprovalCode'

2023-02-17 21:31:58 - [MESSAGE][PASSED] - Text 'Roshan Maha' is set on object 'Object Repository/VLink/Page_CCSale/txt_CardName'

2023-02-17 21:31:59 - [MESSAGE][PASSED] - Text '12563 Bazaar road' is set on object 'Object Repository/VLink/Page_CCSale/txt_AL1'

2023-02-17 21:31:59 - [MESSAGE][PASSED] - Text '' is set on object 'Object Repository/VLink/Page_CCSale/txt_AL2'

2023-02-17 21:32:00 - [MESSAGE][PASSED] - Text 'Crofton' is set on object 'Object Repository/VLink/Page_CCSale/txt_CardCity'

2023-02-17 21:32:01 - [MESSAGE][PASSED] - Text 'MD' is set on object 'Object Repository/VLink/Page_CCSale/txt_CardState'

2023-02-17 21:32:01 - [MESSAGE][PASSED] - Text '21114' is set on object 'Object Repository/VLink/Page_CCSale/txt_CardZIP'

2023-02-17 21:32:02 - [MESSAGE][PASSED] - Text '' is set on object 'Object Repository/VLink/Page_CCSale/txt_CountryID'

2023-02-17 21:32:03 - [MESSAGE][PASSED] - Text '3.50' is set on object 'Object Repository/VLink/Page_CCSale/txt_Amount'

2023-02-17 21:32:04 - [MESSAGE][PASSED] - Text '370000000000002' is set on object 'Object Repository/VLink/Page_CCSale/txt_CardNumber'

2023-02-17 21:32:04 - [MESSAGE][PASSED] - Text '01' is set on object 'Object Repository/VLink/Page_CCSale/txt_ExpMonth'

2023-02-17 21:32:05 - [MESSAGE][PASSED] - Text '2026' is set on object 'Object Repository/VLink/Page_CCSale/txt_ExpYear'

2023-02-17 21:32:06 - [MESSAGE][PASSED] - Text '' is set on object 'Object Repository/VLink/Page_CCSale/txt_CVV'

2023-02-17 21:32:06 - [MESSAGE][PASSED] - Text '' is set on object 'Object Repository/VLink/Page_CCSale/txt_CVVstate'

2023-02-17 21:32:07 - [MESSAGE][PASSED] - Text '' is set on object 'Object Repository/VLink/Page_CCSale/txt_TrackData'

2023-02-17 21:32:08 - [MESSAGE][PASSED] - Text '' is set on object 'Object Repository/VLink/Page_CCSale/txt_Track1Data'

2023-02-17 21:32:08 - [MESSAGE][PASSED] - Text '' is set on object 'Object Repository/VLink/Page_CCSale/txt_Track2Data'

2023-02-17 21:32:09 - [MESSAGE][PASSED] - Text 'manual' is set on object 'Object Repository/VLink/Page_CCSale/txt_POSEntryMode'

2023-02-17 21:32:10 - [MESSAGE][PASSED] - Text '' is set on object 'Object Repository/VLink/Page_CCSale/txt_Email'

2023-02-17 21:32:10 - [MESSAGE][PASSED] - Text '' is set on object 'Object Repository/VLink/Page_CCSale/txt_OrderNumber'

2023-02-17 21:32:11 - [MESSAGE][PASSED] - Text '' is set on object 'Object Repository/VLink/Page_CCSale/txt_TaxAmount'

2023-02-17 21:32:12 - [MESSAGE][PASSED] - Text '' is set on object 'Object Repository/VLink/Page_CCSale/txt_ChargeDescription'

2023-02-17 21:32:12 - [MESSAGE][PASSED] - Text '' is set on object 'Object Repository/VLink/Page_CCSale/txt_CAN'

2023-02-17 21:32:13 - [MESSAGE][PASSED] - Text '' is set on object 'Object Repository/VLink/Page_CCSale/txt_BillPaymentIndicator'

2023-02-17 21:32:14 - [MESSAGE][PASSED] - Text '' is set on object 'Object Repository/VLink/Page_CCSale/txt_UDF1'

2023-02-17 21:32:14 - [MESSAGE][PASSED] - Text '' is set on object 'Object Repository/VLink/Page_CCSale/txt_UDF2'

2023-02-17 21:32:15 - [MESSAGE][PASSED] - Text '' is set on object 'Object Repository/VLink/Page_CCSale/txt_UDF3'

2023-02-17 21:32:16 - [MESSAGE][PASSED] - Text '' is set on object 'Object Repository/VLink/Page_CCSale/txt_UDF4'

2023-02-17 21:32:16 - [MESSAGE][PASSED] - Text '' is set on object 'Object Repository/VLink/Page_CCSale/txt_UDF5'

2023-02-17 21:32:17 - [MESSAGE][PASSED] - Text '' is set on object 'Object Repository/VLink/Page_CCSale/txt_UDF6'

2023-02-17 21:32:18 - [MESSAGE][PASSED] - Text '' is set on object 'Object Repository/VLink/Page_CCSale/txt_UDF7'

2023-02-17 21:32:18 - [MESSAGE][PASSED] - Text '' is set on object 'Object Repository/VLink/Page_CCSale/txt_UDF8'

2023-02-17 21:32:19 - [MESSAGE][PASSED] - Text '' is set on object 'Object Repository/VLink/Page_CCSale/txt_UDF9'

2023-02-17 21:32:20 - [MESSAGE][PASSED] - Text '' is set on object 'Object Repository/VLink/Page_CCSale/txt_UDF10'

2023-02-17 21:32:22 - [MESSAGE][PASSED] - Object: 'Object Repository/VLink/Page_CCSale/btn_ProcessVLinkTransaction' is clicked on

2023-02-17 21:32:27 - [MESSAGE][PASSED] - vlinkPages.saleCCPage.setDataSCC is PASSED

2023-02-17 21:32:27 - [TEST_STEP][PASSED] - if (verifyTextPresent("Transaction approved, no errors", true)): null

2023-02-17 21:32:28 - [MESSAGE][PASSED] - Text 'Transaction approved, no errors' is present on page  using regular expression

2023-02-17 21:32:28 - [TEST_STEP][PASSED] - println("Transaction Approved, no errors text is present on the Confirmation page"): null

2023-02-17 21:32:28 - [TEST_STEP][PASSED] - out.println("Pass Record Number: " + row): null

2023-02-17 21:32:28 - [TEST_STEP][PASSED] - resText = "Pass": null

2023-02-17 21:32:28 - [TEST_STEP][PASSED] - pages.WriteExcel.demoKey(resText, datText, resColumn, datCloumn, fileLoc, nameSheet, row): pages.WriteExcel.demoKey is PASSED

2023-02-17 21:32:28 - [MESSAGE][PASSED] - pages.WriteExcel.demoKey is PASSED

2023-02-17 21:32:28 - [TEST_STEP][PASSED] - sdfo = getText(findTestObject("Object Repository/Page_VLinkReceipt/pre_STX")): Text of object 'Object Repository/Page_VLinkReceipt/pre_STX' is: '<STX>cLBIN9w4vZje                  12127325            0  Transaction approved, no errors                   0                                                                                  X OK2833   <ETX>'

2023-02-17 21:32:28 - [MESSAGE][PASSED] - Text of object 'Object Repository/Page_VLinkReceipt/pre_STX' is: '<STX>cLBIN9w4vZje                  12127325            0  Transaction approved, no errors                   0                                                                                  X OK2833   <ETX>'

2023-02-17 21:32:28 - [TEST_STEP][PASSED] - out.println("sdfo: " + sdfo): null

2023-02-17 21:32:28 - [TEST_STEP][PASSED] - remID = substring(5, 35).trim(): null

2023-02-17 21:32:28 - [TEST_STEP][PASSED] - out.println("Remittance ID: " + remID): null

2023-02-17 21:32:28 - [TEST_STEP][PASSED] - traxID = substring(35, 55).trim(): null

2023-02-17 21:32:28 - [TEST_STEP][PASSED] - out.println("Transaction ID: " + traxID): null

2023-02-17 21:32:28 - [TEST_STEP][PASSED] - out.println("End Record Number: " + row): null

2023-02-17 21:32:28 - [TEST_STEP][PASSED] - closeBrowser(): Browser is closed

2023-02-17 21:32:29 - [MESSAGE][PASSED] - Browser is closed

2023-02-17 21:32:29 - [TEST_STEP][PASSED] - ExecuteTC = findTestData(dataFile).getValue("Execute", row): null

2023-02-17 21:32:29 - [TEST_STEP][PASSED] - out.println("Value of Execute is : " + ExecuteTC): null

2023-02-17 21:32:29 - [TEST_STEP][PASSED] - if (ExecuteTC.equalsIgnoreCase("Y")): Browser is closed

2023-02-17 21:32:29 - [TEST_STEP][PASSED] - out.println("Begin Record Number: " + row): null

2023-02-17 21:32:29 - [TEST_STEP][PASSED] - today = new java.util.Date(): null

2023-02-17 21:32:29 - [TEST_STEP][PASSED] - println(today): null

2023-02-17 21:32:29 - [TEST_STEP][PASSED] - datText = today: null

2023-02-17 21:32:29 - [TEST_STEP][PASSED] - openBrowser(VLinkURL + "authcap.html"): Browser is opened with url: 'https://dev-algorithm.govolution.com/vlinktest/QA/version_2_0/authcap.html'

2023-02-17 21:32:29 - [MESSAGE][INFO] - Starting 'Chrome' driver

2023-02-17 21:32:29 - [MESSAGE][INFO] - User set preference: ['acceptInsecureCerts', 'true']

2023-02-17 21:32:29 - [MESSAGE][INFO] - Action delay is set to 0 milliseconds

2023-02-17 21:32:31 - [MESSAGE][PASSED] - Browser is opened with url: 'https://dev-algorithm.govolution.com/vlinktest/QA/version_2_0/authcap.html'

2023-02-17 21:32:31 - [TEST_STEP][PASSED] - maximizeWindow(): Current window maximized

2023-02-17 21:32:31 - [MESSAGE][PASSED] - Current window maximized

2023-02-17 21:32:31 - [TEST_STEP][PASSED] - vlinkPages.saleCCPage.setDataSCC(row, dataFile): vlinkPages.saleCCPage.setDataSCC is PASSED

2023-02-17 21:32:34 - [MESSAGE][PASSED] - Object 'Object Repository/VLink/Page_CCSale/txt_CardNumber' is present

2023-02-17 21:32:35 - [MESSAGE][PASSED] - Text '104' is set on object 'Object Repository/VLink/Page_CCSale/txt_TransactionType'

2023-02-17 21:32:35 - [MESSAGE][PASSED] - Text '2.0C' is set on object 'Object Repository/VLink/Page_CCSale/txt_MessageVersion'

2023-02-17 21:32:36 - [MESSAGE][PASSED] - Text '4iS88nU94FCd' is set on object 'Object Repository/VLink/Page_CCSale/txt_RemID'

2023-02-17 21:32:37 - [MESSAGE][PASSED] - Text '665' is set on object 'Object Repository/VLink/Page_CCSale/txt_ApplicationId'

2023-02-17 21:32:37 - [MESSAGE][PASSED] - Text 'username' is set on object 'Object Repository/VLink/Page_CCSale/txt_Username'

2023-02-17 21:32:38 - [MESSAGE][PASSED] - Text 'password' is set on object 'Object Repository/VLink/Page_CCSale/txt_Password'

2023-02-17 21:32:38 - [MESSAGE][PASSED] - Text 'fixed_width' is set on object 'Object Repository/VLink/Page_CCSale/txt_ResponseFormat'

2023-02-17 21:32:39 - [MESSAGE][PASSED] - Text 'MOTO' is set on object 'Object Repository/VLink/Page_CCSale/txt_Category'

2023-02-17 21:32:40 - [MESSAGE][PASSED] - Text '' is set on object 'Object Repository/VLink/Page_CCSale/txt_TransactionID'

2023-02-17 21:32:40 - [MESSAGE][PASSED] - Text '' is set on object 'Object Repository/VLink/Page_CCSale/txt_ApprovalCode'

2023-02-17 21:32:41 - [MESSAGE][PASSED] - Text 'Kris Roshan' is set on object 'Object Repository/VLink/Page_CCSale/txt_CardName'

2023-02-17 21:32:42 - [MESSAGE][PASSED] - Text '258 Elm Road' is set on object 'Object Repository/VLink/Page_CCSale/txt_AL1'

2023-02-17 21:32:42 - [MESSAGE][PASSED] - Text 'Suite 56' is set on object 'Object Repository/VLink/Page_CCSale/txt_AL2'

2023-02-17 21:32:43 - [MESSAGE][PASSED] - Text 'Arlington' is set on object 'Object Repository/VLink/Page_CCSale/txt_CardCity'

2023-02-17 21:32:44 - [MESSAGE][PASSED] - Text 'VA' is set on object 'Object Repository/VLink/Page_CCSale/txt_CardState'

2023-02-17 21:32:45 - [MESSAGE][PASSED] - Text '22201' is set on object 'Object Repository/VLink/Page_CCSale/txt_CardZIP'

2023-02-17 21:32:45 - [MESSAGE][PASSED] - Text '840' is set on object 'Object Repository/VLink/Page_CCSale/txt_CountryID'

2023-02-17 21:32:46 - [MESSAGE][PASSED] - Text '1.50' is set on object 'Object Repository/VLink/Page_CCSale/txt_Amount'

2023-02-17 21:32:47 - [MESSAGE][PASSED] - Text '6011000000000004' is set on object 'Object Repository/VLink/Page_CCSale/txt_CardNumber'

2023-02-17 21:32:47 - [MESSAGE][PASSED] - Text '12' is set on object 'Object Repository/VLink/Page_CCSale/txt_ExpMonth'

2023-02-17 21:32:48 - [MESSAGE][PASSED] - Text '2025' is set on object 'Object Repository/VLink/Page_CCSale/txt_ExpYear'

2023-02-17 21:32:49 - [MESSAGE][PASSED] - Text '' is set on object 'Object Repository/VLink/Page_CCSale/txt_CVV'

2023-02-17 21:32:49 - [MESSAGE][PASSED] - Text '' is set on object 'Object Repository/VLink/Page_CCSale/txt_CVVstate'

2023-02-17 21:32:50 - [MESSAGE][PASSED] - Text '' is set on object 'Object Repository/VLink/Page_CCSale/txt_TrackData'

2023-02-17 21:32:51 - [MESSAGE][PASSED] - Text '' is set on object 'Object Repository/VLink/Page_CCSale/txt_Track1Data'

2023-02-17 21:32:51 - [MESSAGE][PASSED] - Text '' is set on object 'Object Repository/VLink/Page_CCSale/txt_Track2Data'

2023-02-17 21:32:52 - [MESSAGE][PASSED] - Text 'manual' is set on object 'Object Repository/VLink/Page_CCSale/txt_POSEntryMode'

2023-02-17 21:32:53 - [MESSAGE][PASSED] - Text 'iahmed@govolution.com' is set on object 'Object Repository/VLink/Page_CCSale/txt_Email'

2023-02-17 21:32:53 - [MESSAGE][PASSED] - Text '2569362' is set on object 'Object Repository/VLink/Page_CCSale/txt_OrderNumber'

2023-02-17 21:32:54 - [MESSAGE][PASSED] - Text '1.15' is set on object 'Object Repository/VLink/Page_CCSale/txt_TaxAmount'

2023-02-17 21:32:55 - [MESSAGE][PASSED] - Text 'Charge Description' is set on object 'Object Repository/VLink/Page_CCSale/txt_ChargeDescription'

2023-02-17 21:32:56 - [MESSAGE][PASSED] - Text '147357' is set on object 'Object Repository/VLink/Page_CCSale/txt_CAN'

2023-02-17 21:32:56 - [MESSAGE][PASSED] - Text '1' is set on object 'Object Repository/VLink/Page_CCSale/txt_BillPaymentIndicator'

2023-02-17 21:32:57 - [MESSAGE][PASSED] - Text 'UDF Data 1' is set on object 'Object Repository/VLink/Page_CCSale/txt_UDF1'

2023-02-17 21:32:58 - [MESSAGE][PASSED] - Text 'UDF Data 2' is set on object 'Object Repository/VLink/Page_CCSale/txt_UDF2'

2023-02-17 21:32:58 - [MESSAGE][PASSED] - Text 'UDF Data 3' is set on object 'Object Repository/VLink/Page_CCSale/txt_UDF3'

2023-02-17 21:32:59 - [MESSAGE][PASSED] - Text 'UDF Data 4' is set on object 'Object Repository/VLink/Page_CCSale/txt_UDF4'

2023-02-17 21:33:00 - [MESSAGE][PASSED] - Text 'UDF Data 5' is set on object 'Object Repository/VLink/Page_CCSale/txt_UDF5'

2023-02-17 21:33:00 - [MESSAGE][PASSED] - Text 'UDF Data 6' is set on object 'Object Repository/VLink/Page_CCSale/txt_UDF6'

2023-02-17 21:33:01 - [MESSAGE][PASSED] - Text 'UDF Data 7' is set on object 'Object Repository/VLink/Page_CCSale/txt_UDF7'

2023-02-17 21:33:02 - [MESSAGE][PASSED] - Text 'UDF Data 8' is set on object 'Object Repository/VLink/Page_CCSale/txt_UDF8'

2023-02-17 21:33:03 - [MESSAGE][PASSED] - Text 'UDF Data 9' is set on object 'Object Repository/VLink/Page_CCSale/txt_UDF9'

2023-02-17 21:33:03 - [MESSAGE][PASSED] - Text 'UDF Data 10' is set on object 'Object Repository/VLink/Page_CCSale/txt_UDF10'

2023-02-17 21:33:06 - [MESSAGE][PASSED] - Object: 'Object Repository/VLink/Page_CCSale/btn_ProcessVLinkTransaction' is clicked on

2023-02-17 21:33:11 - [MESSAGE][PASSED] - vlinkPages.saleCCPage.setDataSCC is PASSED

2023-02-17 21:33:11 - [TEST_STEP][PASSED] - if (verifyTextPresent("Transaction approved, no errors", true)): null

2023-02-17 21:33:11 - [MESSAGE][PASSED] - Text 'Transaction approved, no errors' is present on page  using regular expression

2023-02-17 21:33:11 - [TEST_STEP][PASSED] - println("Transaction Approved, no errors text is present on the Confirmation page"): null

2023-02-17 21:33:11 - [TEST_STEP][PASSED] - out.println("Pass Record Number: " + row): null

2023-02-17 21:33:11 - [TEST_STEP][PASSED] - resText = "Pass": null

2023-02-17 21:33:11 - [TEST_STEP][PASSED] - pages.WriteExcel.demoKey(resText, datText, resColumn, datCloumn, fileLoc, nameSheet, row): pages.WriteExcel.demoKey is PASSED

2023-02-17 21:33:11 - [MESSAGE][PASSED] - pages.WriteExcel.demoKey is PASSED

2023-02-17 21:33:11 - [TEST_STEP][PASSED] - sdfo = getText(findTestObject("Object Repository/Page_VLinkReceipt/pre_STX")): Text of object 'Object Repository/Page_VLinkReceipt/pre_STX' is: '<STX>4iS88nU94FCd                  12127326            0  Transaction approved, no errors                   0                                                                                  XXOK2843   <ETX>'

2023-02-17 21:33:12 - [MESSAGE][PASSED] - Text of object 'Object Repository/Page_VLinkReceipt/pre_STX' is: '<STX>4iS88nU94FCd                  12127326            0  Transaction approved, no errors                   0                                                                                  XXOK2843   <ETX>'

2023-02-17 21:33:12 - [TEST_STEP][PASSED] - out.println("sdfo: " + sdfo): null

2023-02-17 21:33:12 - [TEST_STEP][PASSED] - remID = substring(5, 35).trim(): null

2023-02-17 21:33:12 - [TEST_STEP][PASSED] - out.println("Remittance ID: " + remID): null

2023-02-17 21:33:12 - [TEST_STEP][PASSED] - traxID = substring(35, 55).trim(): null

2023-02-17 21:33:12 - [TEST_STEP][PASSED] - out.println("Transaction ID: " + traxID): null

2023-02-17 21:33:12 - [TEST_STEP][PASSED] - out.println("End Record Number: " + row): null

2023-02-17 21:33:12 - [TEST_STEP][PASSED] - closeBrowser(): Browser is closed

2023-02-17 21:33:13 - [MESSAGE][PASSED] - Browser is closed

2023-02-17 21:33:13 - [TEST_STEP][PASSED] - ExecuteTC = findTestData(dataFile).getValue("Execute", row): null

2023-02-17 21:33:13 - [TEST_STEP][PASSED] - out.println("Value of Execute is : " + ExecuteTC): null

2023-02-17 21:33:13 - [TEST_STEP][PASSED] - if (ExecuteTC.equalsIgnoreCase("Y")): Browser is closed

2023-02-17 21:33:13 - [TEST_STEP][PASSED] - out.println("Begin Record Number: " + row): null

2023-02-17 21:33:13 - [TEST_STEP][PASSED] - today = new java.util.Date(): null

2023-02-17 21:33:13 - [TEST_STEP][PASSED] - println(today): null

2023-02-17 21:33:13 - [TEST_STEP][PASSED] - datText = today: null

2023-02-17 21:33:13 - [TEST_STEP][PASSED] - openBrowser(VLinkURL + "authcap.html"): Browser is opened with url: 'https://dev-algorithm.govolution.com/vlinktest/QA/version_2_0/authcap.html'

2023-02-17 21:33:13 - [MESSAGE][INFO] - Starting 'Chrome' driver

2023-02-17 21:33:13 - [MESSAGE][INFO] - User set preference: ['acceptInsecureCerts', 'true']

2023-02-17 21:33:13 - [MESSAGE][INFO] - Action delay is set to 0 milliseconds

2023-02-17 21:33:15 - [MESSAGE][PASSED] - Browser is opened with url: 'https://dev-algorithm.govolution.com/vlinktest/QA/version_2_0/authcap.html'

2023-02-17 21:33:15 - [TEST_STEP][PASSED] - maximizeWindow(): Current window maximized

2023-02-17 21:33:15 - [MESSAGE][PASSED] - Current window maximized

2023-02-17 21:33:15 - [TEST_STEP][PASSED] - vlinkPages.saleCCPage.setDataSCC(row, dataFile): vlinkPages.saleCCPage.setDataSCC is PASSED

2023-02-17 21:33:18 - [MESSAGE][PASSED] - Object 'Object Repository/VLink/Page_CCSale/txt_CardNumber' is present

2023-02-17 21:33:19 - [MESSAGE][PASSED] - Text '104' is set on object 'Object Repository/VLink/Page_CCSale/txt_TransactionType'

2023-02-17 21:33:19 - [MESSAGE][PASSED] - Text '2.0C' is set on object 'Object Repository/VLink/Page_CCSale/txt_MessageVersion'

2023-02-17 21:33:20 - [MESSAGE][PASSED] - Text '0vuZQgdbpYHY' is set on object 'Object Repository/VLink/Page_CCSale/txt_RemID'

2023-02-17 21:33:20 - [MESSAGE][PASSED] - Text '665' is set on object 'Object Repository/VLink/Page_CCSale/txt_ApplicationId'

2023-02-17 21:33:21 - [MESSAGE][PASSED] - Text 'username' is set on object 'Object Repository/VLink/Page_CCSale/txt_Username'

2023-02-17 21:33:22 - [MESSAGE][PASSED] - Text 'password' is set on object 'Object Repository/VLink/Page_CCSale/txt_Password'

2023-02-17 21:33:22 - [MESSAGE][PASSED] - Text 'fixed_width' is set on object 'Object Repository/VLink/Page_CCSale/txt_ResponseFormat'

2023-02-17 21:33:23 - [MESSAGE][PASSED] - Text 'RETL' is set on object 'Object Repository/VLink/Page_CCSale/txt_Category'

2023-02-17 21:33:24 - [MESSAGE][PASSED] - Text '' is set on object 'Object Repository/VLink/Page_CCSale/txt_TransactionID'

2023-02-17 21:33:24 - [MESSAGE][PASSED] - Text '' is set on object 'Object Repository/VLink/Page_CCSale/txt_ApprovalCode'

2023-02-17 21:33:25 - [MESSAGE][PASSED] - Text 'Roshan Maha' is set on object 'Object Repository/VLink/Page_CCSale/txt_CardName'

2023-02-17 21:33:26 - [MESSAGE][PASSED] - Text '12563 Bazaar road' is set on object 'Object Repository/VLink/Page_CCSale/txt_AL1'

2023-02-17 21:33:26 - [MESSAGE][PASSED] - Text '' is set on object 'Object Repository/VLink/Page_CCSale/txt_AL2'

2023-02-17 21:33:27 - [MESSAGE][PASSED] - Text 'Crofton' is set on object 'Object Repository/VLink/Page_CCSale/txt_CardCity'

2023-02-17 21:33:28 - [MESSAGE][PASSED] - Text 'MD' is set on object 'Object Repository/VLink/Page_CCSale/txt_CardState'

2023-02-17 21:33:28 - [MESSAGE][PASSED] - Text '21114' is set on object 'Object Repository/VLink/Page_CCSale/txt_CardZIP'

2023-02-17 21:33:29 - [MESSAGE][PASSED] - Text '' is set on object 'Object Repository/VLink/Page_CCSale/txt_CountryID'

2023-02-17 21:33:30 - [MESSAGE][PASSED] - Text '3.50' is set on object 'Object Repository/VLink/Page_CCSale/txt_Amount'

2023-02-17 21:33:30 - [MESSAGE][PASSED] - Text '4111111111111111' is set on object 'Object Repository/VLink/Page_CCSale/txt_CardNumber'

2023-02-17 21:33:31 - [MESSAGE][PASSED] - Text '01' is set on object 'Object Repository/VLink/Page_CCSale/txt_ExpMonth'

2023-02-17 21:33:32 - [MESSAGE][PASSED] - Text '2026' is set on object 'Object Repository/VLink/Page_CCSale/txt_ExpYear'

2023-02-17 21:33:32 - [MESSAGE][PASSED] - Text '' is set on object 'Object Repository/VLink/Page_CCSale/txt_CVV'

2023-02-17 21:33:33 - [MESSAGE][PASSED] - Text '' is set on object 'Object Repository/VLink/Page_CCSale/txt_CVVstate'

2023-02-17 21:33:34 - [MESSAGE][PASSED] - Text '' is set on object 'Object Repository/VLink/Page_CCSale/txt_TrackData'

2023-02-17 21:33:35 - [MESSAGE][PASSED] - Text '' is set on object 'Object Repository/VLink/Page_CCSale/txt_Track1Data'

2023-02-17 21:33:35 - [MESSAGE][PASSED] - Text '' is set on object 'Object Repository/VLink/Page_CCSale/txt_Track2Data'

2023-02-17 21:33:36 - [MESSAGE][PASSED] - Text 'manual' is set on object 'Object Repository/VLink/Page_CCSale/txt_POSEntryMode'

2023-02-17 21:33:37 - [MESSAGE][PASSED] - Text '' is set on object 'Object Repository/VLink/Page_CCSale/txt_Email'

2023-02-17 21:33:37 - [MESSAGE][PASSED] - Text '' is set on object 'Object Repository/VLink/Page_CCSale/txt_OrderNumber'

2023-02-17 21:33:38 - [MESSAGE][PASSED] - Text '' is set on object 'Object Repository/VLink/Page_CCSale/txt_TaxAmount'

2023-02-17 21:33:39 - [MESSAGE][PASSED] - Text '' is set on object 'Object Repository/VLink/Page_CCSale/txt_ChargeDescription'

2023-02-17 21:33:39 - [MESSAGE][PASSED] - Text '' is set on object 'Object Repository/VLink/Page_CCSale/txt_CAN'

2023-02-17 21:33:40 - [MESSAGE][PASSED] - Text '' is set on object 'Object Repository/VLink/Page_CCSale/txt_BillPaymentIndicator'

2023-02-17 21:33:41 - [MESSAGE][PASSED] - Text '' is set on object 'Object Repository/VLink/Page_CCSale/txt_UDF1'

2023-02-17 21:33:41 - [MESSAGE][PASSED] - Text '' is set on object 'Object Repository/VLink/Page_CCSale/txt_UDF2'

2023-02-17 21:33:42 - [MESSAGE][PASSED] - Text '' is set on object 'Object Repository/VLink/Page_CCSale/txt_UDF3'

2023-02-17 21:33:43 - [MESSAGE][PASSED] - Text '' is set on object 'Object Repository/VLink/Page_CCSale/txt_UDF4'

2023-02-17 21:33:43 - [MESSAGE][PASSED] - Text '' is set on object 'Object Repository/VLink/Page_CCSale/txt_UDF5'

2023-02-17 21:33:44 - [MESSAGE][PASSED] - Text '' is set on object 'Object Repository/VLink/Page_CCSale/txt_UDF6'

2023-02-17 21:33:45 - [MESSAGE][PASSED] - Text '' is set on object 'Object Repository/VLink/Page_CCSale/txt_UDF7'

2023-02-17 21:33:45 - [MESSAGE][PASSED] - Text '' is set on object 'Object Repository/VLink/Page_CCSale/txt_UDF8'

2023-02-17 21:33:46 - [MESSAGE][PASSED] - Text '' is set on object 'Object Repository/VLink/Page_CCSale/txt_UDF9'

2023-02-17 21:33:47 - [MESSAGE][PASSED] - Text '' is set on object 'Object Repository/VLink/Page_CCSale/txt_UDF10'

2023-02-17 21:33:49 - [MESSAGE][PASSED] - Object: 'Object Repository/VLink/Page_CCSale/btn_ProcessVLinkTransaction' is clicked on

2023-02-17 21:33:54 - [MESSAGE][PASSED] - vlinkPages.saleCCPage.setDataSCC is PASSED

2023-02-17 21:33:54 - [TEST_STEP][PASSED] - if (verifyTextPresent("Transaction approved, no errors", true)): null

2023-02-17 21:33:55 - [MESSAGE][PASSED] - Text 'Transaction approved, no errors' is present on page  using regular expression

2023-02-17 21:33:55 - [TEST_STEP][PASSED] - println("Transaction Approved, no errors text is present on the Confirmation page"): null

2023-02-17 21:33:55 - [TEST_STEP][PASSED] - out.println("Pass Record Number: " + row): null

2023-02-17 21:33:55 - [TEST_STEP][PASSED] - resText = "Pass": null

2023-02-17 21:33:55 - [TEST_STEP][PASSED] - pages.WriteExcel.demoKey(resText, datText, resColumn, datCloumn, fileLoc, nameSheet, row): pages.WriteExcel.demoKey is PASSED

2023-02-17 21:33:55 - [MESSAGE][PASSED] - pages.WriteExcel.demoKey is PASSED

2023-02-17 21:33:55 - [TEST_STEP][PASSED] - sdfo = getText(findTestObject("Object Repository/Page_VLinkReceipt/pre_STX")): Text of object 'Object Repository/Page_VLinkReceipt/pre_STX' is: '<STX>0vuZQgdbpYHY                  12127327            0  Transaction approved, no errors                   0                                                                                  X OK2883   <ETX>'

2023-02-17 21:33:55 - [MESSAGE][PASSED] - Text of object 'Object Repository/Page_VLinkReceipt/pre_STX' is: '<STX>0vuZQgdbpYHY                  12127327            0  Transaction approved, no errors                   0                                                                                  X OK2883   <ETX>'

2023-02-17 21:33:55 - [TEST_STEP][PASSED] - out.println("sdfo: " + sdfo): null

2023-02-17 21:33:55 - [TEST_STEP][PASSED] - remID = substring(5, 35).trim(): null

2023-02-17 21:33:55 - [TEST_STEP][PASSED] - out.println("Remittance ID: " + remID): null

2023-02-17 21:33:55 - [TEST_STEP][PASSED] - traxID = substring(35, 55).trim(): null

2023-02-17 21:33:55 - [TEST_STEP][PASSED] - out.println("Transaction ID: " + traxID): null

2023-02-17 21:33:55 - [TEST_STEP][PASSED] - out.println("End Record Number: " + row): null

2023-02-17 21:33:55 - [TEST_STEP][PASSED] - closeBrowser(): Browser is closed

2023-02-17 21:33:56 - [MESSAGE][PASSED] - Browser is closed

2023-02-17 21:33:56 - [TEST_STEP][PASSED] - ExecuteTC = findTestData(dataFile).getValue("Execute", row): null

2023-02-17 21:33:56 - [TEST_STEP][PASSED] - out.println("Value of Execute is : " + ExecuteTC): null

2023-02-17 21:33:56 - [TEST_STEP][PASSED] - if (ExecuteTC.equalsIgnoreCase("Y")): Browser is closed

2023-02-17 21:33:56 - [TEST_STEP][PASSED] - out.println("Begin Record Number: " + row): null

2023-02-17 21:33:56 - [TEST_STEP][PASSED] - today = new java.util.Date(): null

2023-02-17 21:33:56 - [TEST_STEP][PASSED] - println(today): null

2023-02-17 21:33:56 - [TEST_STEP][PASSED] - datText = today: null

2023-02-17 21:33:56 - [TEST_STEP][PASSED] - openBrowser(VLinkURL + "authcap.html"): Browser is opened with url: 'https://dev-algorithm.govolution.com/vlinktest/QA/version_2_0/authcap.html'

2023-02-17 21:33:56 - [MESSAGE][INFO] - Starting 'Chrome' driver

2023-02-17 21:33:56 - [MESSAGE][INFO] - User set preference: ['acceptInsecureCerts', 'true']

2023-02-17 21:33:56 - [MESSAGE][INFO] - Action delay is set to 0 milliseconds

2023-02-17 21:33:58 - [MESSAGE][PASSED] - Browser is opened with url: 'https://dev-algorithm.govolution.com/vlinktest/QA/version_2_0/authcap.html'

2023-02-17 21:33:58 - [TEST_STEP][PASSED] - maximizeWindow(): Current window maximized

2023-02-17 21:33:58 - [MESSAGE][PASSED] - Current window maximized

2023-02-17 21:33:58 - [TEST_STEP][PASSED] - vlinkPages.saleCCPage.setDataSCC(row, dataFile): vlinkPages.saleCCPage.setDataSCC is PASSED

2023-02-17 21:34:01 - [MESSAGE][PASSED] - Object 'Object Repository/VLink/Page_CCSale/txt_CardNumber' is present

2023-02-17 21:34:01 - [MESSAGE][PASSED] - Text '104' is set on object 'Object Repository/VLink/Page_CCSale/txt_TransactionType'

2023-02-17 21:34:02 - [MESSAGE][PASSED] - Text '2.0C' is set on object 'Object Repository/VLink/Page_CCSale/txt_MessageVersion'

2023-02-17 21:34:03 - [MESSAGE][PASSED] - Text 'U9V9XpHJpo8M' is set on object 'Object Repository/VLink/Page_CCSale/txt_RemID'

2023-02-17 21:34:03 - [MESSAGE][PASSED] - Text '665' is set on object 'Object Repository/VLink/Page_CCSale/txt_ApplicationId'

2023-02-17 21:34:04 - [MESSAGE][PASSED] - Text 'username' is set on object 'Object Repository/VLink/Page_CCSale/txt_Username'

2023-02-17 21:34:05 - [MESSAGE][PASSED] - Text 'password' is set on object 'Object Repository/VLink/Page_CCSale/txt_Password'

2023-02-17 21:34:05 - [MESSAGE][PASSED] - Text 'fixed_width' is set on object 'Object Repository/VLink/Page_CCSale/txt_ResponseFormat'

2023-02-17 21:34:06 - [MESSAGE][PASSED] - Text 'RETL' is set on object 'Object Repository/VLink/Page_CCSale/txt_Category'

2023-02-17 21:34:06 - [MESSAGE][PASSED] - Text '' is set on object 'Object Repository/VLink/Page_CCSale/txt_TransactionID'

2023-02-17 21:34:07 - [MESSAGE][PASSED] - Text '' is set on object 'Object Repository/VLink/Page_CCSale/txt_ApprovalCode'

2023-02-17 21:34:08 - [MESSAGE][PASSED] - Text 'Kris Roshan' is set on object 'Object Repository/VLink/Page_CCSale/txt_CardName'

2023-02-17 21:34:09 - [MESSAGE][PASSED] - Text '258 Elm Road' is set on object 'Object Repository/VLink/Page_CCSale/txt_AL1'

2023-02-17 21:34:09 - [MESSAGE][PASSED] - Text 'Suite 56' is set on object 'Object Repository/VLink/Page_CCSale/txt_AL2'

2023-02-17 21:34:10 - [MESSAGE][PASSED] - Text 'Arlington' is set on object 'Object Repository/VLink/Page_CCSale/txt_CardCity'

2023-02-17 21:34:11 - [MESSAGE][PASSED] - Text 'VA' is set on object 'Object Repository/VLink/Page_CCSale/txt_CardState'

2023-02-17 21:34:11 - [MESSAGE][PASSED] - Text '22201' is set on object 'Object Repository/VLink/Page_CCSale/txt_CardZIP'

2023-02-17 21:34:12 - [MESSAGE][PASSED] - Text '840' is set on object 'Object Repository/VLink/Page_CCSale/txt_CountryID'

2023-02-17 21:34:13 - [MESSAGE][PASSED] - Text '1.50' is set on object 'Object Repository/VLink/Page_CCSale/txt_Amount'

2023-02-17 21:34:13 - [MESSAGE][PASSED] - Text '5424000000000015' is set on object 'Object Repository/VLink/Page_CCSale/txt_CardNumber'

2023-02-17 21:34:14 - [MESSAGE][PASSED] - Text '12' is set on object 'Object Repository/VLink/Page_CCSale/txt_ExpMonth'

2023-02-17 21:34:15 - [MESSAGE][PASSED] - Text '2025' is set on object 'Object Repository/VLink/Page_CCSale/txt_ExpYear'

2023-02-17 21:34:15 - [MESSAGE][PASSED] - Text '' is set on object 'Object Repository/VLink/Page_CCSale/txt_CVV'

2023-02-17 21:34:16 - [MESSAGE][PASSED] - Text '' is set on object 'Object Repository/VLink/Page_CCSale/txt_CVVstate'

2023-02-17 21:34:17 - [MESSAGE][PASSED] - Text '' is set on object 'Object Repository/VLink/Page_CCSale/txt_TrackData'

2023-02-17 21:34:17 - [MESSAGE][PASSED] - Text '' is set on object 'Object Repository/VLink/Page_CCSale/txt_Track1Data'

2023-02-17 21:34:18 - [MESSAGE][PASSED] - Text '' is set on object 'Object Repository/VLink/Page_CCSale/txt_Track2Data'

2023-02-17 21:34:19 - [MESSAGE][PASSED] - Text 'manual' is set on object 'Object Repository/VLink/Page_CCSale/txt_POSEntryMode'

2023-02-17 21:34:19 - [MESSAGE][PASSED] - Text 'iahmed@govolution.com' is set on object 'Object Repository/VLink/Page_CCSale/txt_Email'

2023-02-17 21:34:20 - [MESSAGE][PASSED] - Text '2569362' is set on object 'Object Repository/VLink/Page_CCSale/txt_OrderNumber'

2023-02-17 21:34:21 - [MESSAGE][PASSED] - Text '1.15' is set on object 'Object Repository/VLink/Page_CCSale/txt_TaxAmount'

2023-02-17 21:34:22 - [MESSAGE][PASSED] - Text 'Charge Description' is set on object 'Object Repository/VLink/Page_CCSale/txt_ChargeDescription'

2023-02-17 21:34:22 - [MESSAGE][PASSED] - Text '147357' is set on object 'Object Repository/VLink/Page_CCSale/txt_CAN'

2023-02-17 21:34:23 - [MESSAGE][PASSED] - Text '1' is set on object 'Object Repository/VLink/Page_CCSale/txt_BillPaymentIndicator'

2023-02-17 21:34:24 - [MESSAGE][PASSED] - Text 'UDF Data 1' is set on object 'Object Repository/VLink/Page_CCSale/txt_UDF1'

2023-02-17 21:34:24 - [MESSAGE][PASSED] - Text 'UDF Data 2' is set on object 'Object Repository/VLink/Page_CCSale/txt_UDF2'

2023-02-17 21:34:25 - [MESSAGE][PASSED] - Text 'UDF Data 3' is set on object 'Object Repository/VLink/Page_CCSale/txt_UDF3'

2023-02-17 21:34:26 - [MESSAGE][PASSED] - Text 'UDF Data 4' is set on object 'Object Repository/VLink/Page_CCSale/txt_UDF4'

2023-02-17 21:34:26 - [MESSAGE][PASSED] - Text 'UDF Data 5' is set on object 'Object Repository/VLink/Page_CCSale/txt_UDF5'

2023-02-17 21:34:27 - [MESSAGE][PASSED] - Text 'UDF Data 6' is set on object 'Object Repository/VLink/Page_CCSale/txt_UDF6'

2023-02-17 21:34:28 - [MESSAGE][PASSED] - Text 'UDF Data 7' is set on object 'Object Repository/VLink/Page_CCSale/txt_UDF7'

2023-02-17 21:34:29 - [MESSAGE][PASSED] - Text 'UDF Data 8' is set on object 'Object Repository/VLink/Page_CCSale/txt_UDF8'

2023-02-17 21:34:29 - [MESSAGE][PASSED] - Text 'UDF Data 9' is set on object 'Object Repository/VLink/Page_CCSale/txt_UDF9'

2023-02-17 21:34:30 - [MESSAGE][PASSED] - Text 'UDF Data 10' is set on object 'Object Repository/VLink/Page_CCSale/txt_UDF10'

2023-02-17 21:34:33 - [MESSAGE][PASSED] - Object: 'Object Repository/VLink/Page_CCSale/btn_ProcessVLinkTransaction' is clicked on

2023-02-17 21:34:38 - [MESSAGE][PASSED] - vlinkPages.saleCCPage.setDataSCC is PASSED

2023-02-17 21:34:38 - [TEST_STEP][PASSED] - if (verifyTextPresent("Transaction approved, no errors", true)): null

2023-02-17 21:34:38 - [MESSAGE][PASSED] - Text 'Transaction approved, no errors' is present on page  using regular expression

2023-02-17 21:34:38 - [TEST_STEP][PASSED] - println("Transaction Approved, no errors text is present on the Confirmation page"): null

2023-02-17 21:34:38 - [TEST_STEP][PASSED] - out.println("Pass Record Number: " + row): null

2023-02-17 21:34:38 - [TEST_STEP][PASSED] - resText = "Pass": null

2023-02-17 21:34:38 - [TEST_STEP][PASSED] - pages.WriteExcel.demoKey(resText, datText, resColumn, datCloumn, fileLoc, nameSheet, row): pages.WriteExcel.demoKey is PASSED

2023-02-17 21:34:38 - [MESSAGE][PASSED] - pages.WriteExcel.demoKey is PASSED

2023-02-17 21:34:38 - [TEST_STEP][PASSED] - sdfo = getText(findTestObject("Object Repository/Page_VLinkReceipt/pre_STX")): Text of object 'Object Repository/Page_VLinkReceipt/pre_STX' is: '<STX>U9V9XpHJpo8M                  12127328            0  Transaction approved, no errors                   0                                                                                  X OK2973   <ETX>'

2023-02-17 21:34:38 - [MESSAGE][PASSED] - Text of object 'Object Repository/Page_VLinkReceipt/pre_STX' is: '<STX>U9V9XpHJpo8M                  12127328            0  Transaction approved, no errors                   0                                                                                  X OK2973   <ETX>'

2023-02-17 21:34:38 - [TEST_STEP][PASSED] - out.println("sdfo: " + sdfo): null

2023-02-17 21:34:38 - [TEST_STEP][PASSED] - remID = substring(5, 35).trim(): null

2023-02-17 21:34:38 - [TEST_STEP][PASSED] - out.println("Remittance ID: " + remID): null

2023-02-17 21:34:38 - [TEST_STEP][PASSED] - traxID = substring(35, 55).trim(): null

2023-02-17 21:34:38 - [TEST_STEP][PASSED] - out.println("Transaction ID: " + traxID): null

2023-02-17 21:34:38 - [TEST_STEP][PASSED] - out.println("End Record Number: " + row): null

2023-02-17 21:34:38 - [TEST_STEP][PASSED] - closeBrowser(): Browser is closed

2023-02-17 21:34:39 - [MESSAGE][PASSED] - Browser is closed

2023-02-17 21:34:39 - [TEST_STEP][PASSED] - ExecuteTC = findTestData(dataFile).getValue("Execute", row): null

2023-02-17 21:34:39 - [TEST_STEP][PASSED] - out.println("Value of Execute is : " + ExecuteTC): null

2023-02-17 21:34:39 - [TEST_STEP][PASSED] - if (ExecuteTC.equalsIgnoreCase("Y")): Browser is closed

2023-02-17 21:34:39 - [TEST_STEP][PASSED] - out.println("Begin Record Number: " + row): null

2023-02-17 21:34:39 - [TEST_STEP][PASSED] - today = new java.util.Date(): null

2023-02-17 21:34:39 - [TEST_STEP][PASSED] - println(today): null

2023-02-17 21:34:39 - [TEST_STEP][PASSED] - datText = today: null

2023-02-17 21:34:39 - [TEST_STEP][PASSED] - openBrowser(VLinkURL + "authcap.html"): Browser is opened with url: 'https://dev-algorithm.govolution.com/vlinktest/QA/version_2_0/authcap.html'

2023-02-17 21:34:39 - [MESSAGE][INFO] - Starting 'Chrome' driver

2023-02-17 21:34:39 - [MESSAGE][INFO] - User set preference: ['acceptInsecureCerts', 'true']

2023-02-17 21:34:39 - [MESSAGE][INFO] - Action delay is set to 0 milliseconds

2023-02-17 21:34:41 - [MESSAGE][PASSED] - Browser is opened with url: 'https://dev-algorithm.govolution.com/vlinktest/QA/version_2_0/authcap.html'

2023-02-17 21:34:41 - [TEST_STEP][PASSED] - maximizeWindow(): Current window maximized

2023-02-17 21:34:41 - [MESSAGE][PASSED] - Current window maximized

2023-02-17 21:34:41 - [TEST_STEP][PASSED] - vlinkPages.saleCCPage.setDataSCC(row, dataFile): vlinkPages.saleCCPage.setDataSCC is PASSED

2023-02-17 21:34:44 - [MESSAGE][PASSED] - Object 'Object Repository/VLink/Page_CCSale/txt_CardNumber' is present

2023-02-17 21:34:45 - [MESSAGE][PASSED] - Text '104' is set on object 'Object Repository/VLink/Page_CCSale/txt_TransactionType'

2023-02-17 21:34:45 - [MESSAGE][PASSED] - Text '2.0C' is set on object 'Object Repository/VLink/Page_CCSale/txt_MessageVersion'

2023-02-17 21:34:46 - [MESSAGE][PASSED] - Text '97jVlDjQHyS4' is set on object 'Object Repository/VLink/Page_CCSale/txt_RemID'

2023-02-17 21:34:46 - [MESSAGE][PASSED] - Text '665' is set on object 'Object Repository/VLink/Page_CCSale/txt_ApplicationId'

2023-02-17 21:34:47 - [MESSAGE][PASSED] - Text 'username' is set on object 'Object Repository/VLink/Page_CCSale/txt_Username'

2023-02-17 21:34:48 - [MESSAGE][PASSED] - Text 'password' is set on object 'Object Repository/VLink/Page_CCSale/txt_Password'

2023-02-17 21:34:48 - [MESSAGE][PASSED] - Text 'fixed_width' is set on object 'Object Repository/VLink/Page_CCSale/txt_ResponseFormat'

2023-02-17 21:34:49 - [MESSAGE][PASSED] - Text 'RETL' is set on object 'Object Repository/VLink/Page_CCSale/txt_Category'

2023-02-17 21:34:50 - [MESSAGE][PASSED] - Text '' is set on object 'Object Repository/VLink/Page_CCSale/txt_TransactionID'

2023-02-17 21:34:50 - [MESSAGE][PASSED] - Text '' is set on object 'Object Repository/VLink/Page_CCSale/txt_ApprovalCode'

2023-02-17 21:34:51 - [MESSAGE][PASSED] - Text 'Roshan Maha' is set on object 'Object Repository/VLink/Page_CCSale/txt_CardName'

2023-02-17 21:34:52 - [MESSAGE][PASSED] - Text '12563 Bazaar road' is set on object 'Object Repository/VLink/Page_CCSale/txt_AL1'

2023-02-17 21:34:52 - [MESSAGE][PASSED] - Text '' is set on object 'Object Repository/VLink/Page_CCSale/txt_AL2'

2023-02-17 21:34:53 - [MESSAGE][PASSED] - Text 'Crofton' is set on object 'Object Repository/VLink/Page_CCSale/txt_CardCity'

2023-02-17 21:34:54 - [MESSAGE][PASSED] - Text 'MD' is set on object 'Object Repository/VLink/Page_CCSale/txt_CardState'

2023-02-17 21:34:55 - [MESSAGE][PASSED] - Text '21114' is set on object 'Object Repository/VLink/Page_CCSale/txt_CardZIP'

2023-02-17 21:34:55 - [MESSAGE][PASSED] - Text '' is set on object 'Object Repository/VLink/Page_CCSale/txt_CountryID'

2023-02-17 21:34:56 - [MESSAGE][PASSED] - Text '3.50' is set on object 'Object Repository/VLink/Page_CCSale/txt_Amount'

2023-02-17 21:34:56 - [MESSAGE][PASSED] - Text '370000000000002' is set on object 'Object Repository/VLink/Page_CCSale/txt_CardNumber'

2023-02-17 21:34:57 - [MESSAGE][PASSED] - Text '01' is set on object 'Object Repository/VLink/Page_CCSale/txt_ExpMonth'

2023-02-17 21:34:58 - [MESSAGE][PASSED] - Text '2026' is set on object 'Object Repository/VLink/Page_CCSale/txt_ExpYear'

2023-02-17 21:34:59 - [MESSAGE][PASSED] - Text '' is set on object 'Object Repository/VLink/Page_CCSale/txt_CVV'

2023-02-17 21:34:59 - [MESSAGE][PASSED] - Text '' is set on object 'Object Repository/VLink/Page_CCSale/txt_CVVstate'

2023-02-17 21:35:00 - [MESSAGE][PASSED] - Text '' is set on object 'Object Repository/VLink/Page_CCSale/txt_TrackData'

2023-02-17 21:35:01 - [MESSAGE][PASSED] - Text '' is set on object 'Object Repository/VLink/Page_CCSale/txt_Track1Data'

2023-02-17 21:35:01 - [MESSAGE][PASSED] - Text '' is set on object 'Object Repository/VLink/Page_CCSale/txt_Track2Data'

2023-02-17 21:35:02 - [MESSAGE][PASSED] - Text 'manual' is set on object 'Object Repository/VLink/Page_CCSale/txt_POSEntryMode'

2023-02-17 21:35:03 - [MESSAGE][PASSED] - Text '' is set on object 'Object Repository/VLink/Page_CCSale/txt_Email'

2023-02-17 21:35:03 - [MESSAGE][PASSED] - Text '' is set on object 'Object Repository/VLink/Page_CCSale/txt_OrderNumber'

2023-02-17 21:35:04 - [MESSAGE][PASSED] - Text '' is set on object 'Object Repository/VLink/Page_CCSale/txt_TaxAmount'

2023-02-17 21:35:05 - [MESSAGE][PASSED] - Text '' is set on object 'Object Repository/VLink/Page_CCSale/txt_ChargeDescription'

2023-02-17 21:35:05 - [MESSAGE][PASSED] - Text '' is set on object 'Object Repository/VLink/Page_CCSale/txt_CAN'

2023-02-17 21:35:06 - [MESSAGE][PASSED] - Text '' is set on object 'Object Repository/VLink/Page_CCSale/txt_BillPaymentIndicator'

2023-02-17 21:35:07 - [MESSAGE][PASSED] - Text '' is set on object 'Object Repository/VLink/Page_CCSale/txt_UDF1'

2023-02-17 21:35:07 - [MESSAGE][PASSED] - Text '' is set on object 'Object Repository/VLink/Page_CCSale/txt_UDF2'

2023-02-17 21:35:08 - [MESSAGE][PASSED] - Text '' is set on object 'Object Repository/VLink/Page_CCSale/txt_UDF3'

2023-02-17 21:35:09 - [MESSAGE][PASSED] - Text '' is set on object 'Object Repository/VLink/Page_CCSale/txt_UDF4'

2023-02-17 21:35:09 - [MESSAGE][PASSED] - Text '' is set on object 'Object Repository/VLink/Page_CCSale/txt_UDF5'

2023-02-17 21:35:10 - [MESSAGE][PASSED] - Text '' is set on object 'Object Repository/VLink/Page_CCSale/txt_UDF6'

2023-02-17 21:35:11 - [MESSAGE][PASSED] - Text '' is set on object 'Object Repository/VLink/Page_CCSale/txt_UDF7'

2023-02-17 21:35:12 - [MESSAGE][PASSED] - Text '' is set on object 'Object Repository/VLink/Page_CCSale/txt_UDF8'

2023-02-17 21:35:12 - [MESSAGE][PASSED] - Text '' is set on object 'Object Repository/VLink/Page_CCSale/txt_UDF9'

2023-02-17 21:35:13 - [MESSAGE][PASSED] - Text '' is set on object 'Object Repository/VLink/Page_CCSale/txt_UDF10'

2023-02-17 21:35:15 - [MESSAGE][PASSED] - Object: 'Object Repository/VLink/Page_CCSale/btn_ProcessVLinkTransaction' is clicked on

2023-02-17 21:35:20 - [MESSAGE][PASSED] - vlinkPages.saleCCPage.setDataSCC is PASSED

2023-02-17 21:35:20 - [TEST_STEP][PASSED] - if (verifyTextPresent("Transaction approved, no errors", true)): null

2023-02-17 21:35:21 - [MESSAGE][PASSED] - Text 'Transaction approved, no errors' is present on page  using regular expression

2023-02-17 21:35:21 - [TEST_STEP][PASSED] - println("Transaction Approved, no errors text is present on the Confirmation page"): null

2023-02-17 21:35:21 - [TEST_STEP][PASSED] - out.println("Pass Record Number: " + row): null

2023-02-17 21:35:21 - [TEST_STEP][PASSED] - resText = "Pass": null

2023-02-17 21:35:21 - [TEST_STEP][PASSED] - pages.WriteExcel.demoKey(resText, datText, resColumn, datCloumn, fileLoc, nameSheet, row): pages.WriteExcel.demoKey is PASSED

2023-02-17 21:35:21 - [MESSAGE][PASSED] - pages.WriteExcel.demoKey is PASSED

2023-02-17 21:35:21 - [TEST_STEP][PASSED] - sdfo = getText(findTestObject("Object Repository/Page_VLinkReceipt/pre_STX")): Text of object 'Object Repository/Page_VLinkReceipt/pre_STX' is: '<STX>97jVlDjQHyS4                  12127329            0  Transaction approved, no errors                   0                                                                                  X OK3013   <ETX>'

2023-02-17 21:35:21 - [MESSAGE][PASSED] - Text of object 'Object Repository/Page_VLinkReceipt/pre_STX' is: '<STX>97jVlDjQHyS4                  12127329            0  Transaction approved, no errors                   0                                                                                  X OK3013   <ETX>'

2023-02-17 21:35:21 - [TEST_STEP][PASSED] - out.println("sdfo: " + sdfo): null

2023-02-17 21:35:21 - [TEST_STEP][PASSED] - remID = substring(5, 35).trim(): null

2023-02-17 21:35:21 - [TEST_STEP][PASSED] - out.println("Remittance ID: " + remID): null

2023-02-17 21:35:21 - [TEST_STEP][PASSED] - traxID = substring(35, 55).trim(): null

2023-02-17 21:35:21 - [TEST_STEP][PASSED] - out.println("Transaction ID: " + traxID): null

2023-02-17 21:35:21 - [TEST_STEP][PASSED] - out.println("End Record Number: " + row): null

2023-02-17 21:35:21 - [TEST_STEP][PASSED] - closeBrowser(): Browser is closed

2023-02-17 21:35:22 - [MESSAGE][PASSED] - Browser is closed

2023-02-17 21:35:22 - [TEST_STEP][PASSED] - ExecuteTC = findTestData(dataFile).getValue("Execute", row): null

2023-02-17 21:35:22 - [TEST_STEP][PASSED] - out.println("Value of Execute is : " + ExecuteTC): null

2023-02-17 21:35:22 - [TEST_STEP][PASSED] - if (ExecuteTC.equalsIgnoreCase("Y")): Browser is closed

2023-02-17 21:35:22 - [TEST_STEP][PASSED] - out.println("Begin Record Number: " + row): null

2023-02-17 21:35:22 - [TEST_STEP][PASSED] - today = new java.util.Date(): null

2023-02-17 21:35:22 - [TEST_STEP][PASSED] - println(today): null

2023-02-17 21:35:22 - [TEST_STEP][PASSED] - datText = today: null

2023-02-17 21:35:22 - [TEST_STEP][PASSED] - openBrowser(VLinkURL + "authcap.html"): Browser is opened with url: 'https://dev-algorithm.govolution.com/vlinktest/QA/version_2_0/authcap.html'

2023-02-17 21:35:22 - [MESSAGE][INFO] - Starting 'Chrome' driver

2023-02-17 21:35:22 - [MESSAGE][INFO] - User set preference: ['acceptInsecureCerts', 'true']

2023-02-17 21:35:22 - [MESSAGE][INFO] - Action delay is set to 0 milliseconds

2023-02-17 21:35:24 - [MESSAGE][PASSED] - Browser is opened with url: 'https://dev-algorithm.govolution.com/vlinktest/QA/version_2_0/authcap.html'

2023-02-17 21:35:24 - [TEST_STEP][PASSED] - maximizeWindow(): Current window maximized

2023-02-17 21:35:24 - [MESSAGE][PASSED] - Current window maximized

2023-02-17 21:35:24 - [TEST_STEP][PASSED] - vlinkPages.saleCCPage.setDataSCC(row, dataFile): vlinkPages.saleCCPage.setDataSCC is PASSED

2023-02-17 21:35:27 - [MESSAGE][PASSED] - Object 'Object Repository/VLink/Page_CCSale/txt_CardNumber' is present

2023-02-17 21:35:28 - [MESSAGE][PASSED] - Text '104' is set on object 'Object Repository/VLink/Page_CCSale/txt_TransactionType'

2023-02-17 21:35:28 - [MESSAGE][PASSED] - Text '2.0C' is set on object 'Object Repository/VLink/Page_CCSale/txt_MessageVersion'

2023-02-17 21:35:29 - [MESSAGE][PASSED] - Text 'BbyNicMWKsYt' is set on object 'Object Repository/VLink/Page_CCSale/txt_RemID'

2023-02-17 21:35:30 - [MESSAGE][PASSED] - Text '665' is set on object 'Object Repository/VLink/Page_CCSale/txt_ApplicationId'

2023-02-17 21:35:30 - [MESSAGE][PASSED] - Text 'username' is set on object 'Object Repository/VLink/Page_CCSale/txt_Username'

2023-02-17 21:35:31 - [MESSAGE][PASSED] - Text 'password' is set on object 'Object Repository/VLink/Page_CCSale/txt_Password'

2023-02-17 21:35:32 - [MESSAGE][PASSED] - Text 'fixed_width' is set on object 'Object Repository/VLink/Page_CCSale/txt_ResponseFormat'

2023-02-17 21:35:32 - [MESSAGE][PASSED] - Text 'RETL' is set on object 'Object Repository/VLink/Page_CCSale/txt_Category'

2023-02-17 21:35:33 - [MESSAGE][PASSED] - Text '' is set on object 'Object Repository/VLink/Page_CCSale/txt_TransactionID'

2023-02-17 21:35:34 - [MESSAGE][PASSED] - Text '' is set on object 'Object Repository/VLink/Page_CCSale/txt_ApprovalCode'

2023-02-17 21:35:34 - [MESSAGE][PASSED] - Text 'Kris Roshan' is set on object 'Object Repository/VLink/Page_CCSale/txt_CardName'

2023-02-17 21:35:35 - [MESSAGE][PASSED] - Text '258 Elm Road' is set on object 'Object Repository/VLink/Page_CCSale/txt_AL1'

2023-02-17 21:35:36 - [MESSAGE][PASSED] - Text 'Suite 56' is set on object 'Object Repository/VLink/Page_CCSale/txt_AL2'

2023-02-17 21:35:36 - [MESSAGE][PASSED] - Text 'Arlington' is set on object 'Object Repository/VLink/Page_CCSale/txt_CardCity'

2023-02-17 21:35:37 - [MESSAGE][PASSED] - Text 'VA' is set on object 'Object Repository/VLink/Page_CCSale/txt_CardState'

2023-02-17 21:35:38 - [MESSAGE][PASSED] - Text '22201' is set on object 'Object Repository/VLink/Page_CCSale/txt_CardZIP'

2023-02-17 21:35:38 - [MESSAGE][PASSED] - Text '840' is set on object 'Object Repository/VLink/Page_CCSale/txt_CountryID'

2023-02-17 21:35:39 - [MESSAGE][PASSED] - Text '1.50' is set on object 'Object Repository/VLink/Page_CCSale/txt_Amount'

2023-02-17 21:35:40 - [MESSAGE][PASSED] - Text '6011000000000004' is set on object 'Object Repository/VLink/Page_CCSale/txt_CardNumber'

2023-02-17 21:35:40 - [MESSAGE][PASSED] - Text '12' is set on object 'Object Repository/VLink/Page_CCSale/txt_ExpMonth'

2023-02-17 21:35:41 - [MESSAGE][PASSED] - Text '2025' is set on object 'Object Repository/VLink/Page_CCSale/txt_ExpYear'

2023-02-17 21:35:42 - [MESSAGE][PASSED] - Text '' is set on object 'Object Repository/VLink/Page_CCSale/txt_CVV'

2023-02-17 21:35:42 - [MESSAGE][PASSED] - Text '' is set on object 'Object Repository/VLink/Page_CCSale/txt_CVVstate'

2023-02-17 21:35:43 - [MESSAGE][PASSED] - Text '' is set on object 'Object Repository/VLink/Page_CCSale/txt_TrackData'

2023-02-17 21:35:44 - [MESSAGE][PASSED] - Text '' is set on object 'Object Repository/VLink/Page_CCSale/txt_Track1Data'

2023-02-17 21:35:44 - [MESSAGE][PASSED] - Text '' is set on object 'Object Repository/VLink/Page_CCSale/txt_Track2Data'

2023-02-17 21:35:45 - [MESSAGE][PASSED] - Text 'manual' is set on object 'Object Repository/VLink/Page_CCSale/txt_POSEntryMode'

2023-02-17 21:35:46 - [MESSAGE][PASSED] - Text 'iahmed@govolution.com' is set on object 'Object Repository/VLink/Page_CCSale/txt_Email'

2023-02-17 21:35:47 - [MESSAGE][PASSED] - Text '2569362' is set on object 'Object Repository/VLink/Page_CCSale/txt_OrderNumber'

2023-02-17 21:35:47 - [MESSAGE][PASSED] - Text '1.15' is set on object 'Object Repository/VLink/Page_CCSale/txt_TaxAmount'

2023-02-17 21:35:48 - [MESSAGE][PASSED] - Text 'Charge Description' is set on object 'Object Repository/VLink/Page_CCSale/txt_ChargeDescription'

2023-02-17 21:35:49 - [MESSAGE][PASSED] - Text '147357' is set on object 'Object Repository/VLink/Page_CCSale/txt_CAN'

2023-02-17 21:35:49 - [MESSAGE][PASSED] - Text '1' is set on object 'Object Repository/VLink/Page_CCSale/txt_BillPaymentIndicator'

2023-02-17 21:35:50 - [MESSAGE][PASSED] - Text 'UDF Data 1' is set on object 'Object Repository/VLink/Page_CCSale/txt_UDF1'

2023-02-17 21:35:51 - [MESSAGE][PASSED] - Text 'UDF Data 2' is set on object 'Object Repository/VLink/Page_CCSale/txt_UDF2'

2023-02-17 21:35:51 - [MESSAGE][PASSED] - Text 'UDF Data 3' is set on object 'Object Repository/VLink/Page_CCSale/txt_UDF3'

2023-02-17 21:35:52 - [MESSAGE][PASSED] - Text 'UDF Data 4' is set on object 'Object Repository/VLink/Page_CCSale/txt_UDF4'

2023-02-17 21:35:53 - [MESSAGE][PASSED] - Text 'UDF Data 5' is set on object 'Object Repository/VLink/Page_CCSale/txt_UDF5'

2023-02-17 21:35:54 - [MESSAGE][PASSED] - Text 'UDF Data 6' is set on object 'Object Repository/VLink/Page_CCSale/txt_UDF6'

2023-02-17 21:35:54 - [MESSAGE][PASSED] - Text 'UDF Data 7' is set on object 'Object Repository/VLink/Page_CCSale/txt_UDF7'

2023-02-17 21:35:55 - [MESSAGE][PASSED] - Text 'UDF Data 8' is set on object 'Object Repository/VLink/Page_CCSale/txt_UDF8'

2023-02-17 21:35:56 - [MESSAGE][PASSED] - Text 'UDF Data 9' is set on object 'Object Repository/VLink/Page_CCSale/txt_UDF9'

2023-02-17 21:35:56 - [MESSAGE][PASSED] - Text 'UDF Data 10' is set on object 'Object Repository/VLink/Page_CCSale/txt_UDF10'

2023-02-17 21:35:59 - [MESSAGE][PASSED] - Object: 'Object Repository/VLink/Page_CCSale/btn_ProcessVLinkTransaction' is clicked on

2023-02-17 21:36:04 - [MESSAGE][PASSED] - vlinkPages.saleCCPage.setDataSCC is PASSED

2023-02-17 21:36:04 - [TEST_STEP][PASSED] - if (verifyTextPresent("Transaction approved, no errors", true)): null

2023-02-17 21:36:04 - [MESSAGE][PASSED] - Text 'Transaction approved, no errors' is present on page  using regular expression

2023-02-17 21:36:04 - [TEST_STEP][PASSED] - println("Transaction Approved, no errors text is present on the Confirmation page"): null

2023-02-17 21:36:04 - [TEST_STEP][PASSED] - out.println("Pass Record Number: " + row): null

2023-02-17 21:36:04 - [TEST_STEP][PASSED] - resText = "Pass": null

2023-02-17 21:36:04 - [TEST_STEP][PASSED] - pages.WriteExcel.demoKey(resText, datText, resColumn, datCloumn, fileLoc, nameSheet, row): pages.WriteExcel.demoKey is PASSED

2023-02-17 21:36:04 - [MESSAGE][PASSED] - pages.WriteExcel.demoKey is PASSED

2023-02-17 21:36:04 - [TEST_STEP][PASSED] - sdfo = getText(findTestObject("Object Repository/Page_VLinkReceipt/pre_STX")): Text of object 'Object Repository/Page_VLinkReceipt/pre_STX' is: '<STX>BbyNicMWKsYt                  12127330            0  Transaction approved, no errors                   0                                                                                  X OK3053   <ETX>'

2023-02-17 21:36:05 - [MESSAGE][PASSED] - Text of object 'Object Repository/Page_VLinkReceipt/pre_STX' is: '<STX>BbyNicMWKsYt                  12127330            0  Transaction approved, no errors                   0                                                                                  X OK3053   <ETX>'

2023-02-17 21:36:05 - [TEST_STEP][PASSED] - out.println("sdfo: " + sdfo): null

2023-02-17 21:36:05 - [TEST_STEP][PASSED] - remID = substring(5, 35).trim(): null

2023-02-17 21:36:05 - [TEST_STEP][PASSED] - out.println("Remittance ID: " + remID): null

2023-02-17 21:36:05 - [TEST_STEP][PASSED] - traxID = substring(35, 55).trim(): null

2023-02-17 21:36:05 - [TEST_STEP][PASSED] - out.println("Transaction ID: " + traxID): null

2023-02-17 21:36:05 - [TEST_STEP][PASSED] - out.println("End Record Number: " + row): null

2023-02-17 21:36:05 - [TEST_STEP][PASSED] - closeBrowser(): Browser is closed

2023-02-17 21:36:05 - [MESSAGE][PASSED] - Browser is closed

2023-02-17 21:36:05 - [TEST_STEP][PASSED] - ExecuteTC = findTestData(dataFile).getValue("Execute", row): null

2023-02-17 21:36:06 - [TEST_STEP][PASSED] - out.println("Value of Execute is : " + ExecuteTC): null

2023-02-17 21:36:06 - [TEST_STEP][FAILED] - if (ExecuteTC.equalsIgnoreCase("Y")): null

2023-02-17 21:36:06 - [TEST_STEP][PASSED] - out.println("Begin Record Number: " + row): null

2023-02-17 21:36:06 - [TEST_STEP][PASSED] - today = new java.util.Date(): null

2023-02-17 21:36:06 - [TEST_STEP][PASSED] - println(today): null

2023-02-17 21:36:06 - [TEST_STEP][PASSED] - datText = today: null

2023-02-17 21:36:06 - [TEST_STEP][PASSED] - openBrowser(VLinkURL + "authcap.html"): Browser is opened with url: 'https://dev-algorithm.govolution.com/vlinktest/QA/version_2_0/authcap.html'

2023-02-17 21:36:06 - [MESSAGE][INFO] - Starting 'Chrome' driver

2023-02-17 21:36:06 - [MESSAGE][INFO] - User set preference: ['acceptInsecureCerts', 'true']

2023-02-17 21:36:06 - [MESSAGE][INFO] - Action delay is set to 0 milliseconds

2023-02-17 21:36:07 - [MESSAGE][PASSED] - Browser is opened with url: 'https://dev-algorithm.govolution.com/vlinktest/QA/version_2_0/authcap.html'

2023-02-17 21:36:07 - [TEST_STEP][PASSED] - maximizeWindow(): Current window maximized

2023-02-17 21:36:07 - [MESSAGE][PASSED] - Current window maximized

2023-02-17 21:36:07 - [TEST_STEP][PASSED] - vlinkPages.saleCCPage.setDataSCC(row, dataFile): vlinkPages.saleCCPage.setDataSCC is PASSED

2023-02-17 21:36:10 - [MESSAGE][PASSED] - Object 'Object Repository/VLink/Page_CCSale/txt_CardNumber' is present

2023-02-17 21:36:11 - [MESSAGE][PASSED] - Text '104' is set on object 'Object Repository/VLink/Page_CCSale/txt_TransactionType'

2023-02-17 21:36:11 - [MESSAGE][PASSED] - Text '2.0C' is set on object 'Object Repository/VLink/Page_CCSale/txt_MessageVersion'

2023-02-17 21:36:12 - [MESSAGE][PASSED] - Text 'SctdlnvVcRYz' is set on object 'Object Repository/VLink/Page_CCSale/txt_RemID'

2023-02-17 21:36:13 - [MESSAGE][PASSED] - Text '667' is set on object 'Object Repository/VLink/Page_CCSale/txt_ApplicationId'

2023-02-17 21:36:13 - [MESSAGE][PASSED] - Text 'username' is set on object 'Object Repository/VLink/Page_CCSale/txt_Username'

2023-02-17 21:36:14 - [MESSAGE][PASSED] - Text 'password' is set on object 'Object Repository/VLink/Page_CCSale/txt_Password'

2023-02-17 21:36:15 - [MESSAGE][PASSED] - Text 'fixed_width' is set on object 'Object Repository/VLink/Page_CCSale/txt_ResponseFormat'

2023-02-17 21:36:15 - [MESSAGE][PASSED] - Text 'ECOM' is set on object 'Object Repository/VLink/Page_CCSale/txt_Category'

2023-02-17 21:36:16 - [MESSAGE][PASSED] - Text '' is set on object 'Object Repository/VLink/Page_CCSale/txt_TransactionID'

2023-02-17 21:36:17 - [MESSAGE][PASSED] - Text '' is set on object 'Object Repository/VLink/Page_CCSale/txt_ApprovalCode'

2023-02-17 21:36:17 - [MESSAGE][PASSED] - Text 'Kris Roshan' is set on object 'Object Repository/VLink/Page_CCSale/txt_CardName'

2023-02-17 21:36:18 - [MESSAGE][PASSED] - Text '258 Elm Road' is set on object 'Object Repository/VLink/Page_CCSale/txt_AL1'

2023-02-17 21:36:19 - [MESSAGE][PASSED] - Text 'Suite 56' is set on object 'Object Repository/VLink/Page_CCSale/txt_AL2'

2023-02-17 21:36:19 - [MESSAGE][PASSED] - Text 'Arlington' is set on object 'Object Repository/VLink/Page_CCSale/txt_CardCity'

2023-02-17 21:36:20 - [MESSAGE][PASSED] - Text 'VA' is set on object 'Object Repository/VLink/Page_CCSale/txt_CardState'

2023-02-17 21:36:21 - [MESSAGE][PASSED] - Text '22201' is set on object 'Object Repository/VLink/Page_CCSale/txt_CardZIP'

2023-02-17 21:36:21 - [MESSAGE][PASSED] - Text '840' is set on object 'Object Repository/VLink/Page_CCSale/txt_CountryID'

2023-02-17 21:36:22 - [MESSAGE][PASSED] - Text '1.50' is set on object 'Object Repository/VLink/Page_CCSale/txt_Amount'

2023-02-17 21:36:23 - [MESSAGE][PASSED] - Text '4111111111111111' is set on object 'Object Repository/VLink/Page_CCSale/txt_CardNumber'

2023-02-17 21:36:23 - [MESSAGE][PASSED] - Text '12' is set on object 'Object Repository/VLink/Page_CCSale/txt_ExpMonth'

2023-02-17 21:36:24 - [MESSAGE][PASSED] - Text '2025' is set on object 'Object Repository/VLink/Page_CCSale/txt_ExpYear'

2023-02-17 21:36:25 - [MESSAGE][PASSED] - Text '' is set on object 'Object Repository/VLink/Page_CCSale/txt_CVV'

2023-02-17 21:36:25 - [MESSAGE][PASSED] - Text '' is set on object 'Object Repository/VLink/Page_CCSale/txt_CVVstate'

2023-02-17 21:36:26 - [MESSAGE][PASSED] - Text '' is set on object 'Object Repository/VLink/Page_CCSale/txt_TrackData'

2023-02-17 21:36:27 - [MESSAGE][PASSED] - Text '' is set on object 'Object Repository/VLink/Page_CCSale/txt_Track1Data'

2023-02-17 21:36:27 - [MESSAGE][PASSED] - Text '' is set on object 'Object Repository/VLink/Page_CCSale/txt_Track2Data'

2023-02-17 21:36:28 - [MESSAGE][PASSED] - Text 'manual' is set on object 'Object Repository/VLink/Page_CCSale/txt_POSEntryMode'

2023-02-17 21:36:29 - [MESSAGE][PASSED] - Text 'iahmed@govolution.com' is set on object 'Object Repository/VLink/Page_CCSale/txt_Email'

2023-02-17 21:36:30 - [MESSAGE][PASSED] - Text '2569362' is set on object 'Object Repository/VLink/Page_CCSale/txt_OrderNumber'

2023-02-17 21:36:30 - [MESSAGE][PASSED] - Text '1.15' is set on object 'Object Repository/VLink/Page_CCSale/txt_TaxAmount'

2023-02-17 21:36:31 - [MESSAGE][PASSED] - Text 'Charge Description' is set on object 'Object Repository/VLink/Page_CCSale/txt_ChargeDescription'

2023-02-17 21:36:32 - [MESSAGE][PASSED] - Text '147357' is set on object 'Object Repository/VLink/Page_CCSale/txt_CAN'

2023-02-17 21:36:32 - [MESSAGE][PASSED] - Text '1' is set on object 'Object Repository/VLink/Page_CCSale/txt_BillPaymentIndicator'

2023-02-17 21:36:33 - [MESSAGE][PASSED] - Text 'UDF Data 1' is set on object 'Object Repository/VLink/Page_CCSale/txt_UDF1'

2023-02-17 21:36:34 - [MESSAGE][PASSED] - Text 'UDF Data 2' is set on object 'Object Repository/VLink/Page_CCSale/txt_UDF2'

2023-02-17 21:36:34 - [MESSAGE][PASSED] - Text 'UDF Data 3' is set on object 'Object Repository/VLink/Page_CCSale/txt_UDF3'

2023-02-17 21:36:35 - [MESSAGE][PASSED] - Text 'UDF Data 4' is set on object 'Object Repository/VLink/Page_CCSale/txt_UDF4'

2023-02-17 21:36:36 - [MESSAGE][PASSED] - Text 'UDF Data 5' is set on object 'Object Repository/VLink/Page_CCSale/txt_UDF5'

2023-02-17 21:36:36 - [MESSAGE][PASSED] - Text 'UDF Data 6' is set on object 'Object Repository/VLink/Page_CCSale/txt_UDF6'

2023-02-17 21:36:37 - [MESSAGE][PASSED] - Text 'UDF Data 7' is set on object 'Object Repository/VLink/Page_CCSale/txt_UDF7'

2023-02-17 21:36:38 - [MESSAGE][PASSED] - Text 'UDF Data 8' is set on object 'Object Repository/VLink/Page_CCSale/txt_UDF8'

2023-02-17 21:36:39 - [MESSAGE][PASSED] - Text 'UDF Data 9' is set on object 'Object Repository/VLink/Page_CCSale/txt_UDF9'

2023-02-17 21:36:39 - [MESSAGE][PASSED] - Text 'UDF Data 10' is set on object 'Object Repository/VLink/Page_CCSale/txt_UDF10'

2023-02-17 21:36:43 - [MESSAGE][PASSED] - Object: 'Object Repository/VLink/Page_CCSale/btn_ProcessVLinkTransaction' is clicked on

2023-02-17 21:36:48 - [MESSAGE][PASSED] - vlinkPages.saleCCPage.setDataSCC is PASSED

2023-02-17 21:36:48 - [TEST_STEP][FAILED] - if (verifyTextPresent("Transaction approved, no errors", true)): Text 'Transaction approved, no errors' is not present on page  using regular expression (Root cause: com.kms.katalon.core.exception.StepFailedException: Text 'Transaction approved, no errors' is not present on page  using regular expression
	at com.kms.katalon.core.webui.keyword.internal.WebUIKeywordMain.stepFailed(WebUIKeywordMain.groovy:64)
	at com.kms.katalon.core.webui.keyword.builtin.VerifyTextPresentKeyword$_verifyTextPresent_closure1.doCall(VerifyTextPresentKeyword.groovy:79)
	at com.kms.katalon.core.webui.keyword.builtin.VerifyTextPresentKeyword$_verifyTextPresent_closure1.call(VerifyTextPresentKeyword.groovy)
	at com.kms.katalon.core.webui.keyword.internal.WebUIKeywordMain.runKeyword(WebUIKeywordMain.groovy:20)
	at com.kms.katalon.core.webui.keyword.builtin.VerifyTextPresentKeyword.verifyTextPresent(VerifyTextPresentKeyword.groovy:83)
	at com.kms.katalon.core.webui.keyword.builtin.VerifyTextPresentKeyword.execute(VerifyTextPresentKeyword.groovy:68)
	at com.kms.katalon.core.keyword.internal.KeywordExecutor.executeKeywordForPlatform(KeywordExecutor.groovy:74)
	at com.kms.katalon.core.webui.keyword.WebUiBuiltInKeywords.verifyTextPresent(WebUiBuiltInKeywords.groovy:1723)
	at com.kms.katalon.core.webui.keyword.WebUiBuiltInKeywords$verifyTextPresent$4.call(Unknown Source)
	at VLinkSale-Successful.run(VLinkSale-Successful:89)
	at com.kms.katalon.core.main.ScriptEngine.run(ScriptEngine.java:194)
	at com.kms.katalon.core.main.ScriptEngine.runScriptAsRawText(ScriptEngine.java:119)
	at com.kms.katalon.core.main.TestCaseExecutor.runScript(TestCaseExecutor.java:442)
	at com.kms.katalon.core.main.TestCaseExecutor.doExecute(TestCaseExecutor.java:433)
	at com.kms.katalon.core.main.TestCaseExecutor.processExecutionPhase(TestCaseExecutor.java:412)
	at com.kms.katalon.core.main.TestCaseExecutor.accessMainPhase(TestCaseExecutor.java:404)
	at com.kms.katalon.core.main.TestCaseExecutor.execute(TestCaseExecutor.java:281)
	at com.kms.katalon.core.main.TestSuiteExecutor.accessTestCaseMainPhase(TestSuiteExecutor.java:202)
	at com.kms.katalon.core.main.TestSuiteExecutor.accessTestSuiteMainPhase(TestSuiteExecutor.java:164)
	at com.kms.katalon.core.main.TestSuiteExecutor.execute(TestSuiteExecutor.java:105)
	at com.kms.katalon.core.main.TestCaseMain.startTestSuite(TestCaseMain.java:185)
	at com.kms.katalon.core.main.TestCaseMain$startTestSuite$0.call(Unknown Source)
	at TempTestSuite1676684116661.run(TempTestSuite1676684116661.groovy:36)
)

2023-02-17 21:36:48 - [MESSAGE][FAILED] - Text 'Transaction approved, no errors' is not present on page  using regular expression (Root cause: com.kms.katalon.core.exception.StepFailedException: Text 'Transaction approved, no errors' is not present on page  using regular expression
	at com.kms.katalon.core.webui.keyword.internal.WebUIKeywordMain.stepFailed(WebUIKeywordMain.groovy:64)
	at com.kms.katalon.core.webui.keyword.builtin.VerifyTextPresentKeyword$_verifyTextPresent_closure1.doCall(VerifyTextPresentKeyword.groovy:79)
	at com.kms.katalon.core.webui.keyword.builtin.VerifyTextPresentKeyword$_verifyTextPresent_closure1.call(VerifyTextPresentKeyword.groovy)
	at com.kms.katalon.core.webui.keyword.internal.WebUIKeywordMain.runKeyword(WebUIKeywordMain.groovy:20)
	at com.kms.katalon.core.webui.keyword.builtin.VerifyTextPresentKeyword.verifyTextPresent(VerifyTextPresentKeyword.groovy:83)
	at com.kms.katalon.core.webui.keyword.builtin.VerifyTextPresentKeyword.execute(VerifyTextPresentKeyword.groovy:68)
	at com.kms.katalon.core.keyword.internal.KeywordExecutor.executeKeywordForPlatform(KeywordExecutor.groovy:74)
	at com.kms.katalon.core.webui.keyword.WebUiBuiltInKeywords.verifyTextPresent(WebUiBuiltInKeywords.groovy:1723)
	at com.kms.katalon.core.webui.keyword.WebUiBuiltInKeywords$verifyTextPresent$4.call(Unknown Source)
	at VLinkSale-Successful.run(VLinkSale-Successful:89)
	at com.kms.katalon.core.main.ScriptEngine.run(ScriptEngine.java:194)
	at com.kms.katalon.core.main.ScriptEngine.runScriptAsRawText(ScriptEngine.java:119)
	at com.kms.katalon.core.main.TestCaseExecutor.runScript(TestCaseExecutor.java:442)
	at com.kms.katalon.core.main.TestCaseExecutor.doExecute(TestCaseExecutor.java:433)
	at com.kms.katalon.core.main.TestCaseExecutor.processExecutionPhase(TestCaseExecutor.java:412)
	at com.kms.katalon.core.main.TestCaseExecutor.accessMainPhase(TestCaseExecutor.java:404)
	at com.kms.katalon.core.main.TestCaseExecutor.execute(TestCaseExecutor.java:281)
	at com.kms.katalon.core.main.TestSuiteExecutor.accessTestCaseMainPhase(TestSuiteExecutor.java:202)
	at com.kms.katalon.core.main.TestSuiteExecutor.accessTestSuiteMainPhase(TestSuiteExecutor.java:164)
	at com.kms.katalon.core.main.TestSuiteExecutor.execute(TestSuiteExecutor.java:105)
	at com.kms.katalon.core.main.TestCaseMain.startTestSuite(TestCaseMain.java:185)
	at com.kms.katalon.core.main.TestCaseMain$startTestSuite$0.call(Unknown Source)
	at TempTestSuite1676684116661.run(TempTestSuite1676684116661.groovy:36)
)

2023-02-17 21:36:48 - [TEST_STEP][PASSED] - else: pages.WriteExcel.demoKey is PASSED

2023-02-17 21:36:48 - [TEST_STEP][PASSED] - println("Transaction Approved, no errors text is not present on the Confirmation page"): null

2023-02-17 21:36:48 - [TEST_STEP][PASSED] - out.println("Fail Record Number: " + row): null

2023-02-17 21:36:48 - [TEST_STEP][PASSED] - resText = "Fail": null

2023-02-17 21:36:48 - [TEST_STEP][PASSED] - pages.WriteExcel.demoKey(resText, datText, resColumn, datCloumn, fileLoc, nameSheet, row): pages.WriteExcel.demoKey is PASSED

2023-02-17 21:36:48 - [MESSAGE][PASSED] - pages.WriteExcel.demoKey is PASSED

2023-02-17 21:36:48 - [TEST_STEP][PASSED] - sdfo = getText(findTestObject("Object Repository/Page_VLinkReceipt/pre_STX")): Text of object 'Object Repository/Page_VLinkReceipt/pre_STX' is: '<STX>SctdlnvVcRYz                  12127331            2  Transaction failed                                105Processor reported error                                                                   <ETX>'

2023-02-17 21:36:49 - [MESSAGE][PASSED] - Text of object 'Object Repository/Page_VLinkReceipt/pre_STX' is: '<STX>SctdlnvVcRYz                  12127331            2  Transaction failed                                105Processor reported error                                                                   <ETX>'

2023-02-17 21:36:49 - [TEST_STEP][PASSED] - out.println("sdfo: " + sdfo): null

2023-02-17 21:36:49 - [TEST_STEP][PASSED] - remID = substring(5, 35).trim(): null

2023-02-17 21:36:49 - [TEST_STEP][PASSED] - out.println("Remittance ID: " + remID): null

2023-02-17 21:36:49 - [TEST_STEP][PASSED] - traxID = substring(35, 55).trim(): null

2023-02-17 21:36:49 - [TEST_STEP][PASSED] - out.println("Transaction ID: " + traxID): null

2023-02-17 21:36:49 - [TEST_STEP][PASSED] - out.println("End Record Number: " + row): null

2023-02-17 21:36:49 - [TEST_STEP][PASSED] - closeBrowser(): Browser is closed

2023-02-17 21:36:50 - [MESSAGE][PASSED] - Browser is closed

2023-02-17 21:36:50 - [TEST_STEP][PASSED] - ExecuteTC = findTestData(dataFile).getValue("Execute", row): null

2023-02-17 21:36:50 - [TEST_STEP][PASSED] - out.println("Value of Execute is : " + ExecuteTC): null

2023-02-17 21:36:50 - [TEST_STEP][PASSED] - if (ExecuteTC.equalsIgnoreCase("Y")): Browser is closed

2023-02-17 21:36:50 - [TEST_STEP][PASSED] - out.println("Begin Record Number: " + row): null

2023-02-17 21:36:50 - [TEST_STEP][PASSED] - today = new java.util.Date(): null

2023-02-17 21:36:50 - [TEST_STEP][PASSED] - println(today): null

2023-02-17 21:36:50 - [TEST_STEP][PASSED] - datText = today: null

2023-02-17 21:36:50 - [TEST_STEP][PASSED] - openBrowser(VLinkURL + "authcap.html"): Browser is opened with url: 'https://dev-algorithm.govolution.com/vlinktest/QA/version_2_0/authcap.html'

2023-02-17 21:36:50 - [MESSAGE][INFO] - Starting 'Chrome' driver

2023-02-17 21:36:50 - [MESSAGE][INFO] - User set preference: ['acceptInsecureCerts', 'true']

2023-02-17 21:36:50 - [MESSAGE][INFO] - Action delay is set to 0 milliseconds

2023-02-17 21:36:51 - [MESSAGE][PASSED] - Browser is opened with url: 'https://dev-algorithm.govolution.com/vlinktest/QA/version_2_0/authcap.html'

2023-02-17 21:36:51 - [TEST_STEP][PASSED] - maximizeWindow(): Current window maximized

2023-02-17 21:36:52 - [MESSAGE][PASSED] - Current window maximized

2023-02-17 21:36:52 - [TEST_STEP][PASSED] - vlinkPages.saleCCPage.setDataSCC(row, dataFile): vlinkPages.saleCCPage.setDataSCC is PASSED

2023-02-17 21:36:54 - [MESSAGE][PASSED] - Object 'Object Repository/VLink/Page_CCSale/txt_CardNumber' is present

2023-02-17 21:36:55 - [MESSAGE][PASSED] - Text '104' is set on object 'Object Repository/VLink/Page_CCSale/txt_TransactionType'

2023-02-17 21:36:56 - [MESSAGE][PASSED] - Text '2.0C' is set on object 'Object Repository/VLink/Page_CCSale/txt_MessageVersion'

2023-02-17 21:36:56 - [MESSAGE][PASSED] - Text '64OVdXLsMkwr' is set on object 'Object Repository/VLink/Page_CCSale/txt_RemID'

2023-02-17 21:36:57 - [MESSAGE][PASSED] - Text '667' is set on object 'Object Repository/VLink/Page_CCSale/txt_ApplicationId'

2023-02-17 21:36:58 - [MESSAGE][PASSED] - Text 'username' is set on object 'Object Repository/VLink/Page_CCSale/txt_Username'

2023-02-17 21:36:58 - [MESSAGE][PASSED] - Text 'password' is set on object 'Object Repository/VLink/Page_CCSale/txt_Password'

2023-02-17 21:36:59 - [MESSAGE][PASSED] - Text 'fixed_width' is set on object 'Object Repository/VLink/Page_CCSale/txt_ResponseFormat'

2023-02-17 21:36:59 - [MESSAGE][PASSED] - Text 'ECOM' is set on object 'Object Repository/VLink/Page_CCSale/txt_Category'

2023-02-17 21:37:00 - [MESSAGE][PASSED] - Text '' is set on object 'Object Repository/VLink/Page_CCSale/txt_TransactionID'

2023-02-17 21:37:01 - [MESSAGE][PASSED] - Text '' is set on object 'Object Repository/VLink/Page_CCSale/txt_ApprovalCode'

2023-02-17 21:37:01 - [MESSAGE][PASSED] - Text 'Arvind Silva' is set on object 'Object Repository/VLink/Page_CCSale/txt_CardName'

2023-02-17 21:37:02 - [MESSAGE][PASSED] - Text '111 Main Ave' is set on object 'Object Repository/VLink/Page_CCSale/txt_AL1'

2023-02-17 21:37:03 - [MESSAGE][PASSED] - Text '' is set on object 'Object Repository/VLink/Page_CCSale/txt_AL2'

2023-02-17 21:37:04 - [MESSAGE][PASSED] - Text 'Arlington' is set on object 'Object Repository/VLink/Page_CCSale/txt_CardCity'

2023-02-17 21:37:04 - [MESSAGE][PASSED] - Text 'VA' is set on object 'Object Repository/VLink/Page_CCSale/txt_CardState'

2023-02-17 21:37:05 - [MESSAGE][PASSED] - Text '22201' is set on object 'Object Repository/VLink/Page_CCSale/txt_CardZIP'

2023-02-17 21:37:05 - [MESSAGE][PASSED] - Text '' is set on object 'Object Repository/VLink/Page_CCSale/txt_CountryID'

2023-02-17 21:37:06 - [MESSAGE][PASSED] - Text '2.50' is set on object 'Object Repository/VLink/Page_CCSale/txt_Amount'

2023-02-17 21:37:07 - [MESSAGE][PASSED] - Text '5424000000000015' is set on object 'Object Repository/VLink/Page_CCSale/txt_CardNumber'

2023-02-17 21:37:07 - [MESSAGE][PASSED] - Text '01' is set on object 'Object Repository/VLink/Page_CCSale/txt_ExpMonth'

2023-02-17 21:37:08 - [MESSAGE][PASSED] - Text '2026' is set on object 'Object Repository/VLink/Page_CCSale/txt_ExpYear'

2023-02-17 21:37:09 - [MESSAGE][PASSED] - Text '' is set on object 'Object Repository/VLink/Page_CCSale/txt_CVV'

2023-02-17 21:37:09 - [MESSAGE][PASSED] - Text '' is set on object 'Object Repository/VLink/Page_CCSale/txt_CVVstate'

2023-02-17 21:37:10 - [MESSAGE][PASSED] - Text '' is set on object 'Object Repository/VLink/Page_CCSale/txt_TrackData'

2023-02-17 21:37:11 - [MESSAGE][PASSED] - Text '' is set on object 'Object Repository/VLink/Page_CCSale/txt_Track1Data'

2023-02-17 21:37:12 - [MESSAGE][PASSED] - Text '' is set on object 'Object Repository/VLink/Page_CCSale/txt_Track2Data'

2023-02-17 21:37:12 - [MESSAGE][PASSED] - Text 'manual' is set on object 'Object Repository/VLink/Page_CCSale/txt_POSEntryMode'

2023-02-17 21:37:13 - [MESSAGE][PASSED] - Text '' is set on object 'Object Repository/VLink/Page_CCSale/txt_Email'

2023-02-17 21:37:14 - [MESSAGE][PASSED] - Text '' is set on object 'Object Repository/VLink/Page_CCSale/txt_OrderNumber'

2023-02-17 21:37:14 - [MESSAGE][PASSED] - Text '' is set on object 'Object Repository/VLink/Page_CCSale/txt_TaxAmount'

2023-02-17 21:37:15 - [MESSAGE][PASSED] - Text '' is set on object 'Object Repository/VLink/Page_CCSale/txt_ChargeDescription'

2023-02-17 21:37:16 - [MESSAGE][PASSED] - Text '' is set on object 'Object Repository/VLink/Page_CCSale/txt_CAN'

2023-02-17 21:37:16 - [MESSAGE][PASSED] - Text '' is set on object 'Object Repository/VLink/Page_CCSale/txt_BillPaymentIndicator'

2023-02-17 21:37:17 - [MESSAGE][PASSED] - Text '' is set on object 'Object Repository/VLink/Page_CCSale/txt_UDF1'

2023-02-17 21:37:18 - [MESSAGE][PASSED] - Text '' is set on object 'Object Repository/VLink/Page_CCSale/txt_UDF2'

2023-02-17 21:37:18 - [MESSAGE][PASSED] - Text '' is set on object 'Object Repository/VLink/Page_CCSale/txt_UDF3'

2023-02-17 21:37:19 - [MESSAGE][PASSED] - Text '' is set on object 'Object Repository/VLink/Page_CCSale/txt_UDF4'

2023-02-17 21:37:20 - [MESSAGE][PASSED] - Text '' is set on object 'Object Repository/VLink/Page_CCSale/txt_UDF5'

2023-02-17 21:37:20 - [MESSAGE][PASSED] - Text '' is set on object 'Object Repository/VLink/Page_CCSale/txt_UDF6'

2023-02-17 21:37:21 - [MESSAGE][PASSED] - Text '' is set on object 'Object Repository/VLink/Page_CCSale/txt_UDF7'

2023-02-17 21:37:22 - [MESSAGE][PASSED] - Text '' is set on object 'Object Repository/VLink/Page_CCSale/txt_UDF8'

2023-02-17 21:37:23 - [MESSAGE][PASSED] - Text '' is set on object 'Object Repository/VLink/Page_CCSale/txt_UDF9'

2023-02-17 21:37:23 - [MESSAGE][PASSED] - Text '' is set on object 'Object Repository/VLink/Page_CCSale/txt_UDF10'

2023-02-17 21:37:28 - [MESSAGE][PASSED] - Object: 'Object Repository/VLink/Page_CCSale/btn_ProcessVLinkTransaction' is clicked on

2023-02-17 21:37:33 - [MESSAGE][PASSED] - vlinkPages.saleCCPage.setDataSCC is PASSED

2023-02-17 21:37:33 - [TEST_STEP][PASSED] - if (verifyTextPresent("Transaction approved, no errors", true)): null

2023-02-17 21:37:33 - [MESSAGE][PASSED] - Text 'Transaction approved, no errors' is present on page  using regular expression

2023-02-17 21:37:33 - [TEST_STEP][PASSED] - println("Transaction Approved, no errors text is present on the Confirmation page"): null

2023-02-17 21:37:33 - [TEST_STEP][PASSED] - out.println("Pass Record Number: " + row): null

2023-02-17 21:37:33 - [TEST_STEP][PASSED] - resText = "Pass": null

2023-02-17 21:37:33 - [TEST_STEP][PASSED] - pages.WriteExcel.demoKey(resText, datText, resColumn, datCloumn, fileLoc, nameSheet, row): pages.WriteExcel.demoKey is PASSED

2023-02-17 21:37:33 - [MESSAGE][PASSED] - pages.WriteExcel.demoKey is PASSED

2023-02-17 21:37:33 - [TEST_STEP][PASSED] - sdfo = getText(findTestObject("Object Repository/Page_VLinkReceipt/pre_STX")): Text of object 'Object Repository/Page_VLinkReceipt/pre_STX' is: '<STX>64OVdXLsMkwr                  12127332            0  Transaction approved, no errors                   0                                                                                  Y OK6010   <ETX>'

2023-02-17 21:37:34 - [MESSAGE][PASSED] - Text of object 'Object Repository/Page_VLinkReceipt/pre_STX' is: '<STX>64OVdXLsMkwr                  12127332            0  Transaction approved, no errors                   0                                                                                  Y OK6010   <ETX>'

2023-02-17 21:37:34 - [TEST_STEP][PASSED] - out.println("sdfo: " + sdfo): null

2023-02-17 21:37:34 - [TEST_STEP][PASSED] - remID = substring(5, 35).trim(): null

2023-02-17 21:37:34 - [TEST_STEP][PASSED] - out.println("Remittance ID: " + remID): null

2023-02-17 21:37:34 - [TEST_STEP][PASSED] - traxID = substring(35, 55).trim(): null

2023-02-17 21:37:34 - [TEST_STEP][PASSED] - out.println("Transaction ID: " + traxID): null

2023-02-17 21:37:34 - [TEST_STEP][PASSED] - out.println("End Record Number: " + row): null

2023-02-17 21:37:34 - [TEST_STEP][PASSED] - closeBrowser(): Browser is closed

2023-02-17 21:37:35 - [MESSAGE][PASSED] - Browser is closed

2023-02-17 21:37:35 - [TEST_STEP][PASSED] - ExecuteTC = findTestData(dataFile).getValue("Execute", row): null

2023-02-17 21:37:35 - [TEST_STEP][PASSED] - out.println("Value of Execute is : " + ExecuteTC): null

2023-02-17 21:37:35 - [TEST_STEP][PASSED] - if (ExecuteTC.equalsIgnoreCase("Y")): Browser is closed

2023-02-17 21:37:35 - [TEST_STEP][PASSED] - out.println("Begin Record Number: " + row): null

2023-02-17 21:37:35 - [TEST_STEP][PASSED] - today = new java.util.Date(): null

2023-02-17 21:37:35 - [TEST_STEP][PASSED] - println(today): null

2023-02-17 21:37:35 - [TEST_STEP][PASSED] - datText = today: null

2023-02-17 21:37:35 - [TEST_STEP][PASSED] - openBrowser(VLinkURL + "authcap.html"): Browser is opened with url: 'https://dev-algorithm.govolution.com/vlinktest/QA/version_2_0/authcap.html'

2023-02-17 21:37:35 - [MESSAGE][INFO] - Starting 'Chrome' driver

2023-02-17 21:37:35 - [MESSAGE][INFO] - User set preference: ['acceptInsecureCerts', 'true']

2023-02-17 21:37:35 - [MESSAGE][INFO] - Action delay is set to 0 milliseconds

2023-02-17 21:37:37 - [MESSAGE][PASSED] - Browser is opened with url: 'https://dev-algorithm.govolution.com/vlinktest/QA/version_2_0/authcap.html'

2023-02-17 21:37:37 - [TEST_STEP][PASSED] - maximizeWindow(): Current window maximized

2023-02-17 21:37:37 - [MESSAGE][PASSED] - Current window maximized

2023-02-17 21:37:37 - [TEST_STEP][PASSED] - vlinkPages.saleCCPage.setDataSCC(row, dataFile): vlinkPages.saleCCPage.setDataSCC is PASSED

2023-02-17 21:37:39 - [MESSAGE][PASSED] - Object 'Object Repository/VLink/Page_CCSale/txt_CardNumber' is present

2023-02-17 21:37:40 - [MESSAGE][PASSED] - Text '104' is set on object 'Object Repository/VLink/Page_CCSale/txt_TransactionType'

2023-02-17 21:37:41 - [MESSAGE][PASSED] - Text '2.0C' is set on object 'Object Repository/VLink/Page_CCSale/txt_MessageVersion'

2023-02-17 21:37:41 - [MESSAGE][PASSED] - Text 'oaheMUAfY4JW' is set on object 'Object Repository/VLink/Page_CCSale/txt_RemID'

2023-02-17 21:37:42 - [MESSAGE][PASSED] - Text '667' is set on object 'Object Repository/VLink/Page_CCSale/txt_ApplicationId'

2023-02-17 21:37:43 - [MESSAGE][PASSED] - Text 'username' is set on object 'Object Repository/VLink/Page_CCSale/txt_Username'

2023-02-17 21:37:43 - [MESSAGE][PASSED] - Text 'password' is set on object 'Object Repository/VLink/Page_CCSale/txt_Password'

2023-02-17 21:37:44 - [MESSAGE][PASSED] - Text 'fixed_width' is set on object 'Object Repository/VLink/Page_CCSale/txt_ResponseFormat'

2023-02-17 21:37:44 - [MESSAGE][PASSED] - Text 'ECOM' is set on object 'Object Repository/VLink/Page_CCSale/txt_Category'

2023-02-17 21:37:45 - [MESSAGE][PASSED] - Text '' is set on object 'Object Repository/VLink/Page_CCSale/txt_TransactionID'

2023-02-17 21:37:46 - [MESSAGE][PASSED] - Text '' is set on object 'Object Repository/VLink/Page_CCSale/txt_ApprovalCode'

2023-02-17 21:37:46 - [MESSAGE][PASSED] - Text 'Roshan Maha' is set on object 'Object Repository/VLink/Page_CCSale/txt_CardName'

2023-02-17 21:37:47 - [MESSAGE][PASSED] - Text '12563 Bazaar road' is set on object 'Object Repository/VLink/Page_CCSale/txt_AL1'

2023-02-17 21:37:48 - [MESSAGE][PASSED] - Text '' is set on object 'Object Repository/VLink/Page_CCSale/txt_AL2'

2023-02-17 21:37:48 - [MESSAGE][PASSED] - Text 'Crofton' is set on object 'Object Repository/VLink/Page_CCSale/txt_CardCity'

2023-02-17 21:37:49 - [MESSAGE][PASSED] - Text 'MD' is set on object 'Object Repository/VLink/Page_CCSale/txt_CardState'

2023-02-17 21:37:50 - [MESSAGE][PASSED] - Text '21114' is set on object 'Object Repository/VLink/Page_CCSale/txt_CardZIP'

2023-02-17 21:37:50 - [MESSAGE][PASSED] - Text '' is set on object 'Object Repository/VLink/Page_CCSale/txt_CountryID'

2023-02-17 21:37:51 - [MESSAGE][PASSED] - Text '3.50' is set on object 'Object Repository/VLink/Page_CCSale/txt_Amount'

2023-02-17 21:37:52 - [MESSAGE][PASSED] - Text '370000000000002' is set on object 'Object Repository/VLink/Page_CCSale/txt_CardNumber'

2023-02-17 21:37:52 - [MESSAGE][PASSED] - Text '01' is set on object 'Object Repository/VLink/Page_CCSale/txt_ExpMonth'

2023-02-17 21:37:53 - [MESSAGE][PASSED] - Text '2026' is set on object 'Object Repository/VLink/Page_CCSale/txt_ExpYear'

2023-02-17 21:37:54 - [MESSAGE][PASSED] - Text '' is set on object 'Object Repository/VLink/Page_CCSale/txt_CVV'

2023-02-17 21:37:55 - [MESSAGE][PASSED] - Text '' is set on object 'Object Repository/VLink/Page_CCSale/txt_CVVstate'

2023-02-17 21:37:55 - [MESSAGE][PASSED] - Text '' is set on object 'Object Repository/VLink/Page_CCSale/txt_TrackData'

2023-02-17 21:37:56 - [MESSAGE][PASSED] - Text '' is set on object 'Object Repository/VLink/Page_CCSale/txt_Track1Data'

2023-02-17 21:37:57 - [MESSAGE][PASSED] - Text '' is set on object 'Object Repository/VLink/Page_CCSale/txt_Track2Data'

2023-02-17 21:37:57 - [MESSAGE][PASSED] - Text 'manual' is set on object 'Object Repository/VLink/Page_CCSale/txt_POSEntryMode'

2023-02-17 21:37:58 - [MESSAGE][PASSED] - Text '' is set on object 'Object Repository/VLink/Page_CCSale/txt_Email'

2023-02-17 21:37:59 - [MESSAGE][PASSED] - Text '' is set on object 'Object Repository/VLink/Page_CCSale/txt_OrderNumber'

2023-02-17 21:37:59 - [MESSAGE][PASSED] - Text '' is set on object 'Object Repository/VLink/Page_CCSale/txt_TaxAmount'

2023-02-17 21:38:00 - [MESSAGE][PASSED] - Text '' is set on object 'Object Repository/VLink/Page_CCSale/txt_ChargeDescription'

2023-02-17 21:38:01 - [MESSAGE][PASSED] - Text '' is set on object 'Object Repository/VLink/Page_CCSale/txt_CAN'

2023-02-17 21:38:01 - [MESSAGE][PASSED] - Text '' is set on object 'Object Repository/VLink/Page_CCSale/txt_BillPaymentIndicator'

2023-02-17 21:38:02 - [MESSAGE][PASSED] - Text '' is set on object 'Object Repository/VLink/Page_CCSale/txt_UDF1'

2023-02-17 21:38:03 - [MESSAGE][PASSED] - Text '' is set on object 'Object Repository/VLink/Page_CCSale/txt_UDF2'

2023-02-17 21:38:03 - [MESSAGE][PASSED] - Text '' is set on object 'Object Repository/VLink/Page_CCSale/txt_UDF3'

2023-02-17 21:38:04 - [MESSAGE][PASSED] - Text '' is set on object 'Object Repository/VLink/Page_CCSale/txt_UDF4'

2023-02-17 21:38:05 - [MESSAGE][PASSED] - Text '' is set on object 'Object Repository/VLink/Page_CCSale/txt_UDF5'

2023-02-17 21:38:05 - [MESSAGE][PASSED] - Text '' is set on object 'Object Repository/VLink/Page_CCSale/txt_UDF6'

2023-02-17 21:38:06 - [MESSAGE][PASSED] - Text '' is set on object 'Object Repository/VLink/Page_CCSale/txt_UDF7'

2023-02-17 21:38:07 - [MESSAGE][PASSED] - Text '' is set on object 'Object Repository/VLink/Page_CCSale/txt_UDF8'

2023-02-17 21:38:07 - [MESSAGE][PASSED] - Text '' is set on object 'Object Repository/VLink/Page_CCSale/txt_UDF9'

2023-02-17 21:38:08 - [MESSAGE][PASSED] - Text '' is set on object 'Object Repository/VLink/Page_CCSale/txt_UDF10'

2023-02-17 21:38:12 - [MESSAGE][PASSED] - Object: 'Object Repository/VLink/Page_CCSale/btn_ProcessVLinkTransaction' is clicked on

2023-02-17 21:38:17 - [MESSAGE][PASSED] - vlinkPages.saleCCPage.setDataSCC is PASSED

2023-02-17 21:38:17 - [TEST_STEP][PASSED] - if (verifyTextPresent("Transaction approved, no errors", true)): null

2023-02-17 21:38:17 - [MESSAGE][PASSED] - Text 'Transaction approved, no errors' is present on page  using regular expression

2023-02-17 21:38:17 - [TEST_STEP][PASSED] - println("Transaction Approved, no errors text is present on the Confirmation page"): null

2023-02-17 21:38:17 - [TEST_STEP][PASSED] - out.println("Pass Record Number: " + row): null

2023-02-17 21:38:17 - [TEST_STEP][PASSED] - resText = "Pass": null

2023-02-17 21:38:17 - [TEST_STEP][PASSED] - pages.WriteExcel.demoKey(resText, datText, resColumn, datCloumn, fileLoc, nameSheet, row): pages.WriteExcel.demoKey is PASSED

2023-02-17 21:38:17 - [MESSAGE][PASSED] - pages.WriteExcel.demoKey is PASSED

2023-02-17 21:38:17 - [TEST_STEP][PASSED] - sdfo = getText(findTestObject("Object Repository/Page_VLinkReceipt/pre_STX")): Text of object 'Object Repository/Page_VLinkReceipt/pre_STX' is: '<STX>oaheMUAfY4JW                  12127333            0  Transaction approved, no errors                   0                                                                                  Y OK6180   <ETX>'

2023-02-17 21:38:18 - [MESSAGE][PASSED] - Text of object 'Object Repository/Page_VLinkReceipt/pre_STX' is: '<STX>oaheMUAfY4JW                  12127333            0  Transaction approved, no errors                   0                                                                                  Y OK6180   <ETX>'

2023-02-17 21:38:18 - [TEST_STEP][PASSED] - out.println("sdfo: " + sdfo): null

2023-02-17 21:38:18 - [TEST_STEP][PASSED] - remID = substring(5, 35).trim(): null

2023-02-17 21:38:18 - [TEST_STEP][PASSED] - out.println("Remittance ID: " + remID): null

2023-02-17 21:38:18 - [TEST_STEP][PASSED] - traxID = substring(35, 55).trim(): null

2023-02-17 21:38:18 - [TEST_STEP][PASSED] - out.println("Transaction ID: " + traxID): null

2023-02-17 21:38:18 - [TEST_STEP][PASSED] - out.println("End Record Number: " + row): null

2023-02-17 21:38:18 - [TEST_STEP][PASSED] - closeBrowser(): Browser is closed

2023-02-17 21:38:19 - [MESSAGE][PASSED] - Browser is closed

2023-02-17 21:38:19 - [TEST_STEP][PASSED] - ExecuteTC = findTestData(dataFile).getValue("Execute", row): null

2023-02-17 21:38:19 - [TEST_STEP][PASSED] - out.println("Value of Execute is : " + ExecuteTC): null

2023-02-17 21:38:19 - [TEST_STEP][PASSED] - if (ExecuteTC.equalsIgnoreCase("Y")): Browser is closed

2023-02-17 21:38:19 - [TEST_STEP][PASSED] - out.println("Begin Record Number: " + row): null

2023-02-17 21:38:19 - [TEST_STEP][PASSED] - today = new java.util.Date(): null

2023-02-17 21:38:19 - [TEST_STEP][PASSED] - println(today): null

2023-02-17 21:38:19 - [TEST_STEP][PASSED] - datText = today: null

2023-02-17 21:38:19 - [TEST_STEP][PASSED] - openBrowser(VLinkURL + "authcap.html"): Browser is opened with url: 'https://dev-algorithm.govolution.com/vlinktest/QA/version_2_0/authcap.html'

2023-02-17 21:38:19 - [MESSAGE][INFO] - Starting 'Chrome' driver

2023-02-17 21:38:19 - [MESSAGE][INFO] - User set preference: ['acceptInsecureCerts', 'true']

2023-02-17 21:38:19 - [MESSAGE][INFO] - Action delay is set to 0 milliseconds

2023-02-17 21:38:21 - [MESSAGE][PASSED] - Browser is opened with url: 'https://dev-algorithm.govolution.com/vlinktest/QA/version_2_0/authcap.html'

2023-02-17 21:38:21 - [TEST_STEP][PASSED] - maximizeWindow(): Current window maximized

2023-02-17 21:38:21 - [MESSAGE][PASSED] - Current window maximized

2023-02-17 21:38:21 - [TEST_STEP][PASSED] - vlinkPages.saleCCPage.setDataSCC(row, dataFile): vlinkPages.saleCCPage.setDataSCC is PASSED

2023-02-17 21:38:24 - [MESSAGE][PASSED] - Object 'Object Repository/VLink/Page_CCSale/txt_CardNumber' is present

2023-02-17 21:38:24 - [MESSAGE][PASSED] - Text '104' is set on object 'Object Repository/VLink/Page_CCSale/txt_TransactionType'

2023-02-17 21:38:25 - [MESSAGE][PASSED] - Text '2.0C' is set on object 'Object Repository/VLink/Page_CCSale/txt_MessageVersion'

2023-02-17 21:38:25 - [MESSAGE][PASSED] - Text 'ZNeaZ4J3k6A0' is set on object 'Object Repository/VLink/Page_CCSale/txt_RemID'

2023-02-17 21:38:26 - [MESSAGE][PASSED] - Text '667' is set on object 'Object Repository/VLink/Page_CCSale/txt_ApplicationId'

2023-02-17 21:38:27 - [MESSAGE][PASSED] - Text 'username' is set on object 'Object Repository/VLink/Page_CCSale/txt_Username'

2023-02-17 21:38:27 - [MESSAGE][PASSED] - Text 'password' is set on object 'Object Repository/VLink/Page_CCSale/txt_Password'

2023-02-17 21:38:28 - [MESSAGE][PASSED] - Text 'fixed_width' is set on object 'Object Repository/VLink/Page_CCSale/txt_ResponseFormat'

2023-02-17 21:38:28 - [MESSAGE][PASSED] - Text 'ECOM' is set on object 'Object Repository/VLink/Page_CCSale/txt_Category'

2023-02-17 21:38:29 - [MESSAGE][PASSED] - Text '' is set on object 'Object Repository/VLink/Page_CCSale/txt_TransactionID'

2023-02-17 21:38:30 - [MESSAGE][PASSED] - Text '' is set on object 'Object Repository/VLink/Page_CCSale/txt_ApprovalCode'

2023-02-17 21:38:30 - [MESSAGE][PASSED] - Text 'Kris Roshan' is set on object 'Object Repository/VLink/Page_CCSale/txt_CardName'

2023-02-17 21:38:31 - [MESSAGE][PASSED] - Text '258 Elm Road' is set on object 'Object Repository/VLink/Page_CCSale/txt_AL1'

2023-02-17 21:38:32 - [MESSAGE][PASSED] - Text 'Suite 56' is set on object 'Object Repository/VLink/Page_CCSale/txt_AL2'

2023-02-17 21:38:33 - [MESSAGE][PASSED] - Text 'Arlington' is set on object 'Object Repository/VLink/Page_CCSale/txt_CardCity'

2023-02-17 21:38:33 - [MESSAGE][PASSED] - Text 'VA' is set on object 'Object Repository/VLink/Page_CCSale/txt_CardState'

2023-02-17 21:38:34 - [MESSAGE][PASSED] - Text '22201' is set on object 'Object Repository/VLink/Page_CCSale/txt_CardZIP'

2023-02-17 21:38:34 - [MESSAGE][PASSED] - Text '840' is set on object 'Object Repository/VLink/Page_CCSale/txt_CountryID'

2023-02-17 21:38:35 - [MESSAGE][PASSED] - Text '1.50' is set on object 'Object Repository/VLink/Page_CCSale/txt_Amount'

2023-02-17 21:38:36 - [MESSAGE][PASSED] - Text '6011000000000004' is set on object 'Object Repository/VLink/Page_CCSale/txt_CardNumber'

2023-02-17 21:38:36 - [MESSAGE][PASSED] - Text '12' is set on object 'Object Repository/VLink/Page_CCSale/txt_ExpMonth'

2023-02-17 21:38:37 - [MESSAGE][PASSED] - Text '2025' is set on object 'Object Repository/VLink/Page_CCSale/txt_ExpYear'

2023-02-17 21:38:38 - [MESSAGE][PASSED] - Text '' is set on object 'Object Repository/VLink/Page_CCSale/txt_CVV'

2023-02-17 21:38:38 - [MESSAGE][PASSED] - Text '' is set on object 'Object Repository/VLink/Page_CCSale/txt_CVVstate'

2023-02-17 21:38:39 - [MESSAGE][PASSED] - Text '' is set on object 'Object Repository/VLink/Page_CCSale/txt_TrackData'

2023-02-17 21:38:40 - [MESSAGE][PASSED] - Text '' is set on object 'Object Repository/VLink/Page_CCSale/txt_Track1Data'

2023-02-17 21:38:40 - [MESSAGE][PASSED] - Text '' is set on object 'Object Repository/VLink/Page_CCSale/txt_Track2Data'

2023-02-17 21:38:41 - [MESSAGE][PASSED] - Text 'manual' is set on object 'Object Repository/VLink/Page_CCSale/txt_POSEntryMode'

2023-02-17 21:38:42 - [MESSAGE][PASSED] - Text 'iahmed@govolution.com' is set on object 'Object Repository/VLink/Page_CCSale/txt_Email'

2023-02-17 21:38:43 - [MESSAGE][PASSED] - Text '2569362' is set on object 'Object Repository/VLink/Page_CCSale/txt_OrderNumber'

2023-02-17 21:38:43 - [MESSAGE][PASSED] - Text '1.15' is set on object 'Object Repository/VLink/Page_CCSale/txt_TaxAmount'

2023-02-17 21:38:44 - [MESSAGE][PASSED] - Text 'Charge Description' is set on object 'Object Repository/VLink/Page_CCSale/txt_ChargeDescription'

2023-02-17 21:38:45 - [MESSAGE][PASSED] - Text '147357' is set on object 'Object Repository/VLink/Page_CCSale/txt_CAN'

2023-02-17 21:38:45 - [MESSAGE][PASSED] - Text '1' is set on object 'Object Repository/VLink/Page_CCSale/txt_BillPaymentIndicator'

2023-02-17 21:38:46 - [MESSAGE][PASSED] - Text 'UDF Data 1' is set on object 'Object Repository/VLink/Page_CCSale/txt_UDF1'

2023-02-17 21:38:47 - [MESSAGE][PASSED] - Text 'UDF Data 2' is set on object 'Object Repository/VLink/Page_CCSale/txt_UDF2'

2023-02-17 21:38:47 - [MESSAGE][PASSED] - Text 'UDF Data 3' is set on object 'Object Repository/VLink/Page_CCSale/txt_UDF3'

2023-02-17 21:38:48 - [MESSAGE][PASSED] - Text 'UDF Data 4' is set on object 'Object Repository/VLink/Page_CCSale/txt_UDF4'

2023-02-17 21:38:49 - [MESSAGE][PASSED] - Text 'UDF Data 5' is set on object 'Object Repository/VLink/Page_CCSale/txt_UDF5'

2023-02-17 21:38:50 - [MESSAGE][PASSED] - Text 'UDF Data 6' is set on object 'Object Repository/VLink/Page_CCSale/txt_UDF6'

2023-02-17 21:38:50 - [MESSAGE][PASSED] - Text 'UDF Data 7' is set on object 'Object Repository/VLink/Page_CCSale/txt_UDF7'

2023-02-17 21:38:51 - [MESSAGE][PASSED] - Text 'UDF Data 8' is set on object 'Object Repository/VLink/Page_CCSale/txt_UDF8'

2023-02-17 21:38:52 - [MESSAGE][PASSED] - Text 'UDF Data 9' is set on object 'Object Repository/VLink/Page_CCSale/txt_UDF9'

2023-02-17 21:38:52 - [MESSAGE][PASSED] - Text 'UDF Data 10' is set on object 'Object Repository/VLink/Page_CCSale/txt_UDF10'

2023-02-17 21:38:56 - [MESSAGE][PASSED] - Object: 'Object Repository/VLink/Page_CCSale/btn_ProcessVLinkTransaction' is clicked on

2023-02-17 21:39:01 - [MESSAGE][PASSED] - vlinkPages.saleCCPage.setDataSCC is PASSED

2023-02-17 21:39:01 - [TEST_STEP][PASSED] - if (verifyTextPresent("Transaction approved, no errors", true)): null

2023-02-17 21:39:02 - [MESSAGE][PASSED] - Text 'Transaction approved, no errors' is present on page  using regular expression

2023-02-17 21:39:02 - [TEST_STEP][PASSED] - println("Transaction Approved, no errors text is present on the Confirmation page"): null

2023-02-17 21:39:02 - [TEST_STEP][PASSED] - out.println("Pass Record Number: " + row): null

2023-02-17 21:39:02 - [TEST_STEP][PASSED] - resText = "Pass": null

2023-02-17 21:39:02 - [TEST_STEP][PASSED] - pages.WriteExcel.demoKey(resText, datText, resColumn, datCloumn, fileLoc, nameSheet, row): pages.WriteExcel.demoKey is PASSED

2023-02-17 21:39:02 - [MESSAGE][PASSED] - pages.WriteExcel.demoKey is PASSED

2023-02-17 21:39:02 - [TEST_STEP][PASSED] - sdfo = getText(findTestObject("Object Repository/Page_VLinkReceipt/pre_STX")): Text of object 'Object Repository/Page_VLinkReceipt/pre_STX' is: '<STX>ZNeaZ4J3k6A0                  12127334            0  Transaction approved, no errors                   0                                                                                  Y OK6360   <ETX>'

2023-02-17 21:39:02 - [MESSAGE][PASSED] - Text of object 'Object Repository/Page_VLinkReceipt/pre_STX' is: '<STX>ZNeaZ4J3k6A0                  12127334            0  Transaction approved, no errors                   0                                                                                  Y OK6360   <ETX>'

2023-02-17 21:39:02 - [TEST_STEP][PASSED] - out.println("sdfo: " + sdfo): null

2023-02-17 21:39:02 - [TEST_STEP][PASSED] - remID = substring(5, 35).trim(): null

2023-02-17 21:39:02 - [TEST_STEP][PASSED] - out.println("Remittance ID: " + remID): null

2023-02-17 21:39:02 - [TEST_STEP][PASSED] - traxID = substring(35, 55).trim(): null

2023-02-17 21:39:02 - [TEST_STEP][PASSED] - out.println("Transaction ID: " + traxID): null

2023-02-17 21:39:02 - [TEST_STEP][PASSED] - out.println("End Record Number: " + row): null

2023-02-17 21:39:02 - [TEST_STEP][PASSED] - closeBrowser(): Browser is closed

2023-02-17 21:39:03 - [MESSAGE][PASSED] - Browser is closed

2023-02-17 21:39:03 - [TEST_STEP][PASSED] - ExecuteTC = findTestData(dataFile).getValue("Execute", row): null

2023-02-17 21:39:03 - [TEST_STEP][PASSED] - out.println("Value of Execute is : " + ExecuteTC): null

2023-02-17 21:39:03 - [TEST_STEP][PASSED] - if (ExecuteTC.equalsIgnoreCase("Y")): Browser is closed

2023-02-17 21:39:03 - [TEST_STEP][PASSED] - out.println("Begin Record Number: " + row): null

2023-02-17 21:39:03 - [TEST_STEP][PASSED] - today = new java.util.Date(): null

2023-02-17 21:39:03 - [TEST_STEP][PASSED] - println(today): null

2023-02-17 21:39:03 - [TEST_STEP][PASSED] - datText = today: null

2023-02-17 21:39:03 - [TEST_STEP][PASSED] - openBrowser(VLinkURL + "authcap.html"): Browser is opened with url: 'https://dev-algorithm.govolution.com/vlinktest/QA/version_2_0/authcap.html'

2023-02-17 21:39:03 - [MESSAGE][INFO] - Starting 'Chrome' driver

2023-02-17 21:39:03 - [MESSAGE][INFO] - User set preference: ['acceptInsecureCerts', 'true']

2023-02-17 21:39:03 - [MESSAGE][INFO] - Action delay is set to 0 milliseconds

2023-02-17 21:39:05 - [MESSAGE][PASSED] - Browser is opened with url: 'https://dev-algorithm.govolution.com/vlinktest/QA/version_2_0/authcap.html'

2023-02-17 21:39:05 - [TEST_STEP][PASSED] - maximizeWindow(): Current window maximized

2023-02-17 21:39:05 - [MESSAGE][PASSED] - Current window maximized

2023-02-17 21:39:05 - [TEST_STEP][PASSED] - vlinkPages.saleCCPage.setDataSCC(row, dataFile): vlinkPages.saleCCPage.setDataSCC is PASSED

2023-02-17 21:39:08 - [MESSAGE][PASSED] - Object 'Object Repository/VLink/Page_CCSale/txt_CardNumber' is present

2023-02-17 21:39:09 - [MESSAGE][PASSED] - Text '104' is set on object 'Object Repository/VLink/Page_CCSale/txt_TransactionType'

2023-02-17 21:39:09 - [MESSAGE][PASSED] - Text '2.0C' is set on object 'Object Repository/VLink/Page_CCSale/txt_MessageVersion'

2023-02-17 21:39:10 - [MESSAGE][PASSED] - Text '43bXu8PZnacs' is set on object 'Object Repository/VLink/Page_CCSale/txt_RemID'

2023-02-17 21:39:10 - [MESSAGE][PASSED] - Text '670' is set on object 'Object Repository/VLink/Page_CCSale/txt_ApplicationId'

2023-02-17 21:39:11 - [MESSAGE][PASSED] - Text 'username' is set on object 'Object Repository/VLink/Page_CCSale/txt_Username'

2023-02-17 21:39:12 - [MESSAGE][PASSED] - Text 'password' is set on object 'Object Repository/VLink/Page_CCSale/txt_Password'

2023-02-17 21:39:12 - [MESSAGE][PASSED] - Text 'fixed_width' is set on object 'Object Repository/VLink/Page_CCSale/txt_ResponseFormat'

2023-02-17 21:39:13 - [MESSAGE][PASSED] - Text 'MOTO' is set on object 'Object Repository/VLink/Page_CCSale/txt_Category'

2023-02-17 21:39:13 - [MESSAGE][PASSED] - Text '' is set on object 'Object Repository/VLink/Page_CCSale/txt_TransactionID'

2023-02-17 21:39:14 - [MESSAGE][PASSED] - Text '' is set on object 'Object Repository/VLink/Page_CCSale/txt_ApprovalCode'

2023-02-17 21:39:15 - [MESSAGE][PASSED] - Text 'Arvind Silva' is set on object 'Object Repository/VLink/Page_CCSale/txt_CardName'

2023-02-17 21:39:16 - [MESSAGE][PASSED] - Text '111 Main Ave' is set on object 'Object Repository/VLink/Page_CCSale/txt_AL1'

2023-02-17 21:39:16 - [MESSAGE][PASSED] - Text '' is set on object 'Object Repository/VLink/Page_CCSale/txt_AL2'

2023-02-17 21:39:17 - [MESSAGE][PASSED] - Text 'Arlington' is set on object 'Object Repository/VLink/Page_CCSale/txt_CardCity'

2023-02-17 21:39:18 - [MESSAGE][PASSED] - Text 'VA' is set on object 'Object Repository/VLink/Page_CCSale/txt_CardState'

2023-02-17 21:39:18 - [MESSAGE][PASSED] - Text '22201' is set on object 'Object Repository/VLink/Page_CCSale/txt_CardZIP'

2023-02-17 21:39:19 - [MESSAGE][PASSED] - Text '' is set on object 'Object Repository/VLink/Page_CCSale/txt_CountryID'

2023-02-17 21:39:20 - [MESSAGE][PASSED] - Text '2.50' is set on object 'Object Repository/VLink/Page_CCSale/txt_Amount'

2023-02-17 21:39:20 - [MESSAGE][PASSED] - Text '4111111111111111' is set on object 'Object Repository/VLink/Page_CCSale/txt_CardNumber'

2023-02-17 21:39:21 - [MESSAGE][PASSED] - Text '01' is set on object 'Object Repository/VLink/Page_CCSale/txt_ExpMonth'

2023-02-17 21:39:22 - [MESSAGE][PASSED] - Text '2026' is set on object 'Object Repository/VLink/Page_CCSale/txt_ExpYear'

2023-02-17 21:39:22 - [MESSAGE][PASSED] - Text '' is set on object 'Object Repository/VLink/Page_CCSale/txt_CVV'

2023-02-17 21:39:23 - [MESSAGE][PASSED] - Text '' is set on object 'Object Repository/VLink/Page_CCSale/txt_CVVstate'

2023-02-17 21:39:24 - [MESSAGE][PASSED] - Text '' is set on object 'Object Repository/VLink/Page_CCSale/txt_TrackData'

2023-02-17 21:39:24 - [MESSAGE][PASSED] - Text '' is set on object 'Object Repository/VLink/Page_CCSale/txt_Track1Data'

2023-02-17 21:39:25 - [MESSAGE][PASSED] - Text '' is set on object 'Object Repository/VLink/Page_CCSale/txt_Track2Data'

2023-02-17 21:39:26 - [MESSAGE][PASSED] - Text 'manual' is set on object 'Object Repository/VLink/Page_CCSale/txt_POSEntryMode'

2023-02-17 21:39:26 - [MESSAGE][PASSED] - Text '' is set on object 'Object Repository/VLink/Page_CCSale/txt_Email'

2023-02-17 21:39:27 - [MESSAGE][PASSED] - Text '' is set on object 'Object Repository/VLink/Page_CCSale/txt_OrderNumber'

2023-02-17 21:39:28 - [MESSAGE][PASSED] - Text '' is set on object 'Object Repository/VLink/Page_CCSale/txt_TaxAmount'

2023-02-17 21:39:29 - [MESSAGE][PASSED] - Text '' is set on object 'Object Repository/VLink/Page_CCSale/txt_ChargeDescription'

2023-02-17 21:39:29 - [MESSAGE][PASSED] - Text '' is set on object 'Object Repository/VLink/Page_CCSale/txt_CAN'

2023-02-17 21:39:30 - [MESSAGE][PASSED] - Text '' is set on object 'Object Repository/VLink/Page_CCSale/txt_BillPaymentIndicator'

2023-02-17 21:39:31 - [MESSAGE][PASSED] - Text '' is set on object 'Object Repository/VLink/Page_CCSale/txt_UDF1'

2023-02-17 21:39:31 - [MESSAGE][PASSED] - Text '' is set on object 'Object Repository/VLink/Page_CCSale/txt_UDF2'

2023-02-17 21:39:32 - [MESSAGE][PASSED] - Text '' is set on object 'Object Repository/VLink/Page_CCSale/txt_UDF3'

2023-02-17 21:39:33 - [MESSAGE][PASSED] - Text '' is set on object 'Object Repository/VLink/Page_CCSale/txt_UDF4'

2023-02-17 21:39:33 - [MESSAGE][PASSED] - Text '' is set on object 'Object Repository/VLink/Page_CCSale/txt_UDF5'

2023-02-17 21:39:34 - [MESSAGE][PASSED] - Text '' is set on object 'Object Repository/VLink/Page_CCSale/txt_UDF6'

2023-02-17 21:39:35 - [MESSAGE][PASSED] - Text '' is set on object 'Object Repository/VLink/Page_CCSale/txt_UDF7'

2023-02-17 21:39:35 - [MESSAGE][PASSED] - Text '' is set on object 'Object Repository/VLink/Page_CCSale/txt_UDF8'

2023-02-17 21:39:36 - [MESSAGE][PASSED] - Text '' is set on object 'Object Repository/VLink/Page_CCSale/txt_UDF9'

2023-02-17 21:39:37 - [MESSAGE][PASSED] - Text '' is set on object 'Object Repository/VLink/Page_CCSale/txt_UDF10'

2023-02-17 21:39:40 - [MESSAGE][PASSED] - Object: 'Object Repository/VLink/Page_CCSale/btn_ProcessVLinkTransaction' is clicked on

2023-02-17 21:39:45 - [MESSAGE][PASSED] - vlinkPages.saleCCPage.setDataSCC is PASSED

2023-02-17 21:39:45 - [TEST_STEP][PASSED] - if (verifyTextPresent("Transaction approved, no errors", true)): null

2023-02-17 21:39:45 - [MESSAGE][PASSED] - Text 'Transaction approved, no errors' is present on page  using regular expression

2023-02-17 21:39:45 - [TEST_STEP][PASSED] - println("Transaction Approved, no errors text is present on the Confirmation page"): null

2023-02-17 21:39:45 - [TEST_STEP][PASSED] - out.println("Pass Record Number: " + row): null

2023-02-17 21:39:45 - [TEST_STEP][PASSED] - resText = "Pass": null

2023-02-17 21:39:45 - [TEST_STEP][PASSED] - pages.WriteExcel.demoKey(resText, datText, resColumn, datCloumn, fileLoc, nameSheet, row): pages.WriteExcel.demoKey is PASSED

2023-02-17 21:39:46 - [MESSAGE][PASSED] - pages.WriteExcel.demoKey is PASSED

2023-02-17 21:39:46 - [TEST_STEP][PASSED] - sdfo = getText(findTestObject("Object Repository/Page_VLinkReceipt/pre_STX")): Text of object 'Object Repository/Page_VLinkReceipt/pre_STX' is: '<STX>43bXu8PZnacs                  12127335            0  Transaction approved, no errors                   0                                                                                  Y OK6520   <ETX>'

2023-02-17 21:39:46 - [MESSAGE][PASSED] - Text of object 'Object Repository/Page_VLinkReceipt/pre_STX' is: '<STX>43bXu8PZnacs                  12127335            0  Transaction approved, no errors                   0                                                                                  Y OK6520   <ETX>'

2023-02-17 21:39:46 - [TEST_STEP][PASSED] - out.println("sdfo: " + sdfo): null

2023-02-17 21:39:46 - [TEST_STEP][PASSED] - remID = substring(5, 35).trim(): null

2023-02-17 21:39:46 - [TEST_STEP][PASSED] - out.println("Remittance ID: " + remID): null

2023-02-17 21:39:46 - [TEST_STEP][PASSED] - traxID = substring(35, 55).trim(): null

2023-02-17 21:39:46 - [TEST_STEP][PASSED] - out.println("Transaction ID: " + traxID): null

2023-02-17 21:39:46 - [TEST_STEP][PASSED] - out.println("End Record Number: " + row): null

2023-02-17 21:39:46 - [TEST_STEP][PASSED] - closeBrowser(): Browser is closed

2023-02-17 21:39:47 - [MESSAGE][PASSED] - Browser is closed

2023-02-17 21:39:47 - [TEST_STEP][PASSED] - ExecuteTC = findTestData(dataFile).getValue("Execute", row): null

2023-02-17 21:39:47 - [TEST_STEP][PASSED] - out.println("Value of Execute is : " + ExecuteTC): null

2023-02-17 21:39:47 - [TEST_STEP][PASSED] - if (ExecuteTC.equalsIgnoreCase("Y")): Browser is closed

2023-02-17 21:39:47 - [TEST_STEP][PASSED] - out.println("Begin Record Number: " + row): null

2023-02-17 21:39:47 - [TEST_STEP][PASSED] - today = new java.util.Date(): null

2023-02-17 21:39:47 - [TEST_STEP][PASSED] - println(today): null

2023-02-17 21:39:47 - [TEST_STEP][PASSED] - datText = today: null

2023-02-17 21:39:47 - [TEST_STEP][PASSED] - openBrowser(VLinkURL + "authcap.html"): Browser is opened with url: 'https://dev-algorithm.govolution.com/vlinktest/QA/version_2_0/authcap.html'

2023-02-17 21:39:47 - [MESSAGE][INFO] - Starting 'Chrome' driver

2023-02-17 21:39:47 - [MESSAGE][INFO] - User set preference: ['acceptInsecureCerts', 'true']

2023-02-17 21:39:47 - [MESSAGE][INFO] - Action delay is set to 0 milliseconds

2023-02-17 21:39:49 - [MESSAGE][PASSED] - Browser is opened with url: 'https://dev-algorithm.govolution.com/vlinktest/QA/version_2_0/authcap.html'

2023-02-17 21:39:49 - [TEST_STEP][PASSED] - maximizeWindow(): Current window maximized

2023-02-17 21:39:49 - [MESSAGE][PASSED] - Current window maximized

2023-02-17 21:39:49 - [TEST_STEP][PASSED] - vlinkPages.saleCCPage.setDataSCC(row, dataFile): vlinkPages.saleCCPage.setDataSCC is PASSED

2023-02-17 21:39:52 - [MESSAGE][PASSED] - Object 'Object Repository/VLink/Page_CCSale/txt_CardNumber' is present

2023-02-17 21:39:52 - [MESSAGE][PASSED] - Text '104' is set on object 'Object Repository/VLink/Page_CCSale/txt_TransactionType'

2023-02-17 21:39:53 - [MESSAGE][PASSED] - Text '2.0C' is set on object 'Object Repository/VLink/Page_CCSale/txt_MessageVersion'

2023-02-17 21:39:53 - [MESSAGE][PASSED] - Text 'EFAsKxwaaddi' is set on object 'Object Repository/VLink/Page_CCSale/txt_RemID'

2023-02-17 21:39:54 - [MESSAGE][PASSED] - Text '670' is set on object 'Object Repository/VLink/Page_CCSale/txt_ApplicationId'

2023-02-17 21:39:55 - [MESSAGE][PASSED] - Text 'username' is set on object 'Object Repository/VLink/Page_CCSale/txt_Username'

2023-02-17 21:39:55 - [MESSAGE][PASSED] - Text 'password' is set on object 'Object Repository/VLink/Page_CCSale/txt_Password'

2023-02-17 21:39:56 - [MESSAGE][PASSED] - Text 'fixed_width' is set on object 'Object Repository/VLink/Page_CCSale/txt_ResponseFormat'

2023-02-17 21:39:57 - [MESSAGE][PASSED] - Text 'MOTO' is set on object 'Object Repository/VLink/Page_CCSale/txt_Category'

2023-02-17 21:39:57 - [MESSAGE][PASSED] - Text '' is set on object 'Object Repository/VLink/Page_CCSale/txt_TransactionID'

2023-02-17 21:39:58 - [MESSAGE][PASSED] - Text '' is set on object 'Object Repository/VLink/Page_CCSale/txt_ApprovalCode'

2023-02-17 21:39:59 - [MESSAGE][PASSED] - Text 'Roshan Maha' is set on object 'Object Repository/VLink/Page_CCSale/txt_CardName'

2023-02-17 21:39:59 - [MESSAGE][PASSED] - Text '12563 Bazaar road' is set on object 'Object Repository/VLink/Page_CCSale/txt_AL1'

2023-02-17 21:40:00 - [MESSAGE][PASSED] - Text '' is set on object 'Object Repository/VLink/Page_CCSale/txt_AL2'

2023-02-17 21:40:01 - [MESSAGE][PASSED] - Text 'Crofton' is set on object 'Object Repository/VLink/Page_CCSale/txt_CardCity'

2023-02-17 21:40:01 - [MESSAGE][PASSED] - Text 'MD' is set on object 'Object Repository/VLink/Page_CCSale/txt_CardState'

2023-02-17 21:40:02 - [MESSAGE][PASSED] - Text '21114' is set on object 'Object Repository/VLink/Page_CCSale/txt_CardZIP'

2023-02-17 21:40:03 - [MESSAGE][PASSED] - Text '' is set on object 'Object Repository/VLink/Page_CCSale/txt_CountryID'

2023-02-17 21:40:03 - [MESSAGE][PASSED] - Text '3.50' is set on object 'Object Repository/VLink/Page_CCSale/txt_Amount'

2023-02-17 21:40:04 - [MESSAGE][PASSED] - Text '5424000000000015' is set on object 'Object Repository/VLink/Page_CCSale/txt_CardNumber'

2023-02-17 21:40:05 - [MESSAGE][PASSED] - Text '01' is set on object 'Object Repository/VLink/Page_CCSale/txt_ExpMonth'

2023-02-17 21:40:05 - [MESSAGE][PASSED] - Text '2026' is set on object 'Object Repository/VLink/Page_CCSale/txt_ExpYear'

2023-02-17 21:40:06 - [MESSAGE][PASSED] - Text '' is set on object 'Object Repository/VLink/Page_CCSale/txt_CVV'

2023-02-17 21:40:06 - [MESSAGE][PASSED] - Text '' is set on object 'Object Repository/VLink/Page_CCSale/txt_CVVstate'

2023-02-17 21:40:07 - [MESSAGE][PASSED] - Text '' is set on object 'Object Repository/VLink/Page_CCSale/txt_TrackData'

2023-02-17 21:40:08 - [MESSAGE][PASSED] - Text '' is set on object 'Object Repository/VLink/Page_CCSale/txt_Track1Data'

2023-02-17 21:40:08 - [MESSAGE][PASSED] - Text '' is set on object 'Object Repository/VLink/Page_CCSale/txt_Track2Data'

2023-02-17 21:40:09 - [MESSAGE][PASSED] - Text 'manual' is set on object 'Object Repository/VLink/Page_CCSale/txt_POSEntryMode'

2023-02-17 21:40:10 - [MESSAGE][PASSED] - Text '' is set on object 'Object Repository/VLink/Page_CCSale/txt_Email'

2023-02-17 21:40:10 - [MESSAGE][PASSED] - Text '' is set on object 'Object Repository/VLink/Page_CCSale/txt_OrderNumber'

2023-02-17 21:40:11 - [MESSAGE][PASSED] - Text '' is set on object 'Object Repository/VLink/Page_CCSale/txt_TaxAmount'

2023-02-17 21:40:11 - [MESSAGE][PASSED] - Text '' is set on object 'Object Repository/VLink/Page_CCSale/txt_ChargeDescription'

2023-02-17 21:40:12 - [MESSAGE][PASSED] - Text '' is set on object 'Object Repository/VLink/Page_CCSale/txt_CAN'

2023-02-17 21:40:13 - [MESSAGE][PASSED] - Text '' is set on object 'Object Repository/VLink/Page_CCSale/txt_BillPaymentIndicator'

2023-02-17 21:40:14 - [MESSAGE][PASSED] - Text '' is set on object 'Object Repository/VLink/Page_CCSale/txt_UDF1'

2023-02-17 21:40:14 - [MESSAGE][PASSED] - Text '' is set on object 'Object Repository/VLink/Page_CCSale/txt_UDF2'

2023-02-17 21:40:15 - [MESSAGE][PASSED] - Text '' is set on object 'Object Repository/VLink/Page_CCSale/txt_UDF3'

2023-02-17 21:40:16 - [MESSAGE][PASSED] - Text '' is set on object 'Object Repository/VLink/Page_CCSale/txt_UDF4'

2023-02-17 21:40:16 - [MESSAGE][PASSED] - Text '' is set on object 'Object Repository/VLink/Page_CCSale/txt_UDF5'

2023-02-17 21:40:17 - [MESSAGE][PASSED] - Text '' is set on object 'Object Repository/VLink/Page_CCSale/txt_UDF6'

2023-02-17 21:40:18 - [MESSAGE][PASSED] - Text '' is set on object 'Object Repository/VLink/Page_CCSale/txt_UDF7'

2023-02-17 21:40:18 - [MESSAGE][PASSED] - Text '' is set on object 'Object Repository/VLink/Page_CCSale/txt_UDF8'

2023-02-17 21:40:19 - [MESSAGE][PASSED] - Text '' is set on object 'Object Repository/VLink/Page_CCSale/txt_UDF9'

2023-02-17 21:40:20 - [MESSAGE][PASSED] - Text '' is set on object 'Object Repository/VLink/Page_CCSale/txt_UDF10'

2023-02-17 21:40:24 - [MESSAGE][PASSED] - Object: 'Object Repository/VLink/Page_CCSale/btn_ProcessVLinkTransaction' is clicked on

2023-02-17 21:40:29 - [MESSAGE][PASSED] - vlinkPages.saleCCPage.setDataSCC is PASSED

2023-02-17 21:40:29 - [TEST_STEP][PASSED] - if (verifyTextPresent("Transaction approved, no errors", true)): null

2023-02-17 21:40:29 - [MESSAGE][PASSED] - Text 'Transaction approved, no errors' is present on page  using regular expression

2023-02-17 21:40:29 - [TEST_STEP][PASSED] - println("Transaction Approved, no errors text is present on the Confirmation page"): null

2023-02-17 21:40:29 - [TEST_STEP][PASSED] - out.println("Pass Record Number: " + row): null

2023-02-17 21:40:29 - [TEST_STEP][PASSED] - resText = "Pass": null

2023-02-17 21:40:29 - [TEST_STEP][PASSED] - pages.WriteExcel.demoKey(resText, datText, resColumn, datCloumn, fileLoc, nameSheet, row): pages.WriteExcel.demoKey is PASSED

2023-02-17 21:40:29 - [MESSAGE][PASSED] - pages.WriteExcel.demoKey is PASSED

2023-02-17 21:40:29 - [TEST_STEP][PASSED] - sdfo = getText(findTestObject("Object Repository/Page_VLinkReceipt/pre_STX")): Text of object 'Object Repository/Page_VLinkReceipt/pre_STX' is: '<STX>EFAsKxwaaddi                  12127336            0  Transaction approved, no errors                   0                                                                                  Y OK6710   <ETX>'

2023-02-17 21:40:30 - [MESSAGE][PASSED] - Text of object 'Object Repository/Page_VLinkReceipt/pre_STX' is: '<STX>EFAsKxwaaddi                  12127336            0  Transaction approved, no errors                   0                                                                                  Y OK6710   <ETX>'

2023-02-17 21:40:30 - [TEST_STEP][PASSED] - out.println("sdfo: " + sdfo): null

2023-02-17 21:40:30 - [TEST_STEP][PASSED] - remID = substring(5, 35).trim(): null

2023-02-17 21:40:30 - [TEST_STEP][PASSED] - out.println("Remittance ID: " + remID): null

2023-02-17 21:40:30 - [TEST_STEP][PASSED] - traxID = substring(35, 55).trim(): null

2023-02-17 21:40:30 - [TEST_STEP][PASSED] - out.println("Transaction ID: " + traxID): null

2023-02-17 21:40:30 - [TEST_STEP][PASSED] - out.println("End Record Number: " + row): null

2023-02-17 21:40:30 - [TEST_STEP][PASSED] - closeBrowser(): Browser is closed

2023-02-17 21:40:31 - [MESSAGE][PASSED] - Browser is closed

2023-02-17 21:40:31 - [TEST_STEP][PASSED] - ExecuteTC = findTestData(dataFile).getValue("Execute", row): null

2023-02-17 21:40:31 - [TEST_STEP][PASSED] - out.println("Value of Execute is : " + ExecuteTC): null

2023-02-17 21:40:31 - [TEST_STEP][PASSED] - if (ExecuteTC.equalsIgnoreCase("Y")): Browser is closed

2023-02-17 21:40:31 - [TEST_STEP][PASSED] - out.println("Begin Record Number: " + row): null

2023-02-17 21:40:31 - [TEST_STEP][PASSED] - today = new java.util.Date(): null

2023-02-17 21:40:31 - [TEST_STEP][PASSED] - println(today): null

2023-02-17 21:40:31 - [TEST_STEP][PASSED] - datText = today: null

2023-02-17 21:40:31 - [TEST_STEP][PASSED] - openBrowser(VLinkURL + "authcap.html"): Browser is opened with url: 'https://dev-algorithm.govolution.com/vlinktest/QA/version_2_0/authcap.html'

2023-02-17 21:40:31 - [MESSAGE][INFO] - Starting 'Chrome' driver

2023-02-17 21:40:31 - [MESSAGE][INFO] - User set preference: ['acceptInsecureCerts', 'true']

2023-02-17 21:40:31 - [MESSAGE][INFO] - Action delay is set to 0 milliseconds

2023-02-17 21:40:33 - [MESSAGE][PASSED] - Browser is opened with url: 'https://dev-algorithm.govolution.com/vlinktest/QA/version_2_0/authcap.html'

2023-02-17 21:40:33 - [TEST_STEP][PASSED] - maximizeWindow(): Current window maximized

2023-02-17 21:40:33 - [MESSAGE][PASSED] - Current window maximized

2023-02-17 21:40:33 - [TEST_STEP][PASSED] - vlinkPages.saleCCPage.setDataSCC(row, dataFile): vlinkPages.saleCCPage.setDataSCC is PASSED

2023-02-17 21:40:36 - [MESSAGE][PASSED] - Object 'Object Repository/VLink/Page_CCSale/txt_CardNumber' is present

2023-02-17 21:40:36 - [MESSAGE][PASSED] - Text '104' is set on object 'Object Repository/VLink/Page_CCSale/txt_TransactionType'

2023-02-17 21:40:37 - [MESSAGE][PASSED] - Text '2.0C' is set on object 'Object Repository/VLink/Page_CCSale/txt_MessageVersion'

2023-02-17 21:40:38 - [MESSAGE][PASSED] - Text 'GWnZYIUTZGcE' is set on object 'Object Repository/VLink/Page_CCSale/txt_RemID'

2023-02-17 21:40:38 - [MESSAGE][PASSED] - Text '670' is set on object 'Object Repository/VLink/Page_CCSale/txt_ApplicationId'

2023-02-17 21:40:39 - [MESSAGE][PASSED] - Text 'username' is set on object 'Object Repository/VLink/Page_CCSale/txt_Username'

2023-02-17 21:40:39 - [MESSAGE][PASSED] - Text 'password' is set on object 'Object Repository/VLink/Page_CCSale/txt_Password'

2023-02-17 21:40:40 - [MESSAGE][PASSED] - Text 'fixed_width' is set on object 'Object Repository/VLink/Page_CCSale/txt_ResponseFormat'

2023-02-17 21:40:41 - [MESSAGE][PASSED] - Text 'MOTO' is set on object 'Object Repository/VLink/Page_CCSale/txt_Category'

2023-02-17 21:40:41 - [MESSAGE][PASSED] - Text '' is set on object 'Object Repository/VLink/Page_CCSale/txt_TransactionID'

2023-02-17 21:40:42 - [MESSAGE][PASSED] - Text '' is set on object 'Object Repository/VLink/Page_CCSale/txt_ApprovalCode'

2023-02-17 21:40:43 - [MESSAGE][PASSED] - Text 'Kris Roshan' is set on object 'Object Repository/VLink/Page_CCSale/txt_CardName'

2023-02-17 21:40:43 - [MESSAGE][PASSED] - Text '258 Elm Road' is set on object 'Object Repository/VLink/Page_CCSale/txt_AL1'

2023-02-17 21:40:44 - [MESSAGE][PASSED] - Text 'Suite 56' is set on object 'Object Repository/VLink/Page_CCSale/txt_AL2'

2023-02-17 21:40:45 - [MESSAGE][PASSED] - Text 'Arlington' is set on object 'Object Repository/VLink/Page_CCSale/txt_CardCity'

2023-02-17 21:40:46 - [MESSAGE][PASSED] - Text 'VA' is set on object 'Object Repository/VLink/Page_CCSale/txt_CardState'

2023-02-17 21:40:46 - [MESSAGE][PASSED] - Text '22201' is set on object 'Object Repository/VLink/Page_CCSale/txt_CardZIP'

2023-02-17 21:40:47 - [MESSAGE][PASSED] - Text '840' is set on object 'Object Repository/VLink/Page_CCSale/txt_CountryID'

2023-02-17 21:40:48 - [MESSAGE][PASSED] - Text '1.50' is set on object 'Object Repository/VLink/Page_CCSale/txt_Amount'

2023-02-17 21:40:48 - [MESSAGE][PASSED] - Text '370000000000002' is set on object 'Object Repository/VLink/Page_CCSale/txt_CardNumber'

2023-02-17 21:40:49 - [MESSAGE][PASSED] - Text '12' is set on object 'Object Repository/VLink/Page_CCSale/txt_ExpMonth'

2023-02-17 21:40:50 - [MESSAGE][PASSED] - Text '2025' is set on object 'Object Repository/VLink/Page_CCSale/txt_ExpYear'

2023-02-17 21:40:50 - [MESSAGE][PASSED] - Text '' is set on object 'Object Repository/VLink/Page_CCSale/txt_CVV'

2023-02-17 21:40:51 - [MESSAGE][PASSED] - Text '' is set on object 'Object Repository/VLink/Page_CCSale/txt_CVVstate'

2023-02-17 21:40:52 - [MESSAGE][PASSED] - Text '' is set on object 'Object Repository/VLink/Page_CCSale/txt_TrackData'

2023-02-17 21:40:52 - [MESSAGE][PASSED] - Text '' is set on object 'Object Repository/VLink/Page_CCSale/txt_Track1Data'

2023-02-17 21:40:53 - [MESSAGE][PASSED] - Text '' is set on object 'Object Repository/VLink/Page_CCSale/txt_Track2Data'

2023-02-17 21:40:54 - [MESSAGE][PASSED] - Text 'manual' is set on object 'Object Repository/VLink/Page_CCSale/txt_POSEntryMode'

2023-02-17 21:40:54 - [MESSAGE][PASSED] - Text 'iahmed@govolution.com' is set on object 'Object Repository/VLink/Page_CCSale/txt_Email'

2023-02-17 21:40:55 - [MESSAGE][PASSED] - Text '2569362' is set on object 'Object Repository/VLink/Page_CCSale/txt_OrderNumber'

2023-02-17 21:40:56 - [MESSAGE][PASSED] - Text '1.15' is set on object 'Object Repository/VLink/Page_CCSale/txt_TaxAmount'

2023-02-17 21:40:57 - [MESSAGE][PASSED] - Text 'Charge Description' is set on object 'Object Repository/VLink/Page_CCSale/txt_ChargeDescription'

2023-02-17 21:40:57 - [MESSAGE][PASSED] - Text '147357' is set on object 'Object Repository/VLink/Page_CCSale/txt_CAN'

2023-02-17 21:40:58 - [MESSAGE][PASSED] - Text '1' is set on object 'Object Repository/VLink/Page_CCSale/txt_BillPaymentIndicator'

2023-02-17 21:40:59 - [MESSAGE][PASSED] - Text 'UDF Data 1' is set on object 'Object Repository/VLink/Page_CCSale/txt_UDF1'

2023-02-17 21:40:59 - [MESSAGE][PASSED] - Text 'UDF Data 2' is set on object 'Object Repository/VLink/Page_CCSale/txt_UDF2'

2023-02-17 21:41:00 - [MESSAGE][PASSED] - Text 'UDF Data 3' is set on object 'Object Repository/VLink/Page_CCSale/txt_UDF3'

2023-02-17 21:41:01 - [MESSAGE][PASSED] - Text 'UDF Data 4' is set on object 'Object Repository/VLink/Page_CCSale/txt_UDF4'

2023-02-17 21:41:01 - [MESSAGE][PASSED] - Text 'UDF Data 5' is set on object 'Object Repository/VLink/Page_CCSale/txt_UDF5'

2023-02-17 21:41:02 - [MESSAGE][PASSED] - Text 'UDF Data 6' is set on object 'Object Repository/VLink/Page_CCSale/txt_UDF6'

2023-02-17 21:41:02 - [MESSAGE][PASSED] - Text 'UDF Data 7' is set on object 'Object Repository/VLink/Page_CCSale/txt_UDF7'

2023-02-17 21:41:03 - [MESSAGE][PASSED] - Text 'UDF Data 8' is set on object 'Object Repository/VLink/Page_CCSale/txt_UDF8'

2023-02-17 21:41:04 - [MESSAGE][PASSED] - Text 'UDF Data 9' is set on object 'Object Repository/VLink/Page_CCSale/txt_UDF9'

2023-02-17 21:41:04 - [MESSAGE][PASSED] - Text 'UDF Data 10' is set on object 'Object Repository/VLink/Page_CCSale/txt_UDF10'

2023-02-17 21:41:09 - [MESSAGE][PASSED] - Object: 'Object Repository/VLink/Page_CCSale/btn_ProcessVLinkTransaction' is clicked on

2023-02-17 21:41:14 - [MESSAGE][PASSED] - vlinkPages.saleCCPage.setDataSCC is PASSED

2023-02-17 21:41:14 - [TEST_STEP][PASSED] - if (verifyTextPresent("Transaction approved, no errors", true)): null

2023-02-17 21:41:14 - [MESSAGE][PASSED] - Text 'Transaction approved, no errors' is present on page  using regular expression

2023-02-17 21:41:14 - [TEST_STEP][PASSED] - println("Transaction Approved, no errors text is present on the Confirmation page"): null

2023-02-17 21:41:14 - [TEST_STEP][PASSED] - out.println("Pass Record Number: " + row): null

2023-02-17 21:41:14 - [TEST_STEP][PASSED] - resText = "Pass": null

2023-02-17 21:41:14 - [TEST_STEP][PASSED] - pages.WriteExcel.demoKey(resText, datText, resColumn, datCloumn, fileLoc, nameSheet, row): pages.WriteExcel.demoKey is PASSED

2023-02-17 21:41:14 - [MESSAGE][PASSED] - pages.WriteExcel.demoKey is PASSED

2023-02-17 21:41:14 - [TEST_STEP][PASSED] - sdfo = getText(findTestObject("Object Repository/Page_VLinkReceipt/pre_STX")): Text of object 'Object Repository/Page_VLinkReceipt/pre_STX' is: '<STX>GWnZYIUTZGcE                  12127337            0  Transaction approved, no errors                   0                                                                                  Y OK6840   <ETX>'

2023-02-17 21:41:14 - [MESSAGE][PASSED] - Text of object 'Object Repository/Page_VLinkReceipt/pre_STX' is: '<STX>GWnZYIUTZGcE                  12127337            0  Transaction approved, no errors                   0                                                                                  Y OK6840   <ETX>'

2023-02-17 21:41:14 - [TEST_STEP][PASSED] - out.println("sdfo: " + sdfo): null

2023-02-17 21:41:14 - [TEST_STEP][PASSED] - remID = substring(5, 35).trim(): null

2023-02-17 21:41:14 - [TEST_STEP][PASSED] - out.println("Remittance ID: " + remID): null

2023-02-17 21:41:14 - [TEST_STEP][PASSED] - traxID = substring(35, 55).trim(): null

2023-02-17 21:41:14 - [TEST_STEP][PASSED] - out.println("Transaction ID: " + traxID): null

2023-02-17 21:41:14 - [TEST_STEP][PASSED] - out.println("End Record Number: " + row): null

2023-02-17 21:41:14 - [TEST_STEP][PASSED] - closeBrowser(): Browser is closed

2023-02-17 21:41:15 - [MESSAGE][PASSED] - Browser is closed

2023-02-17 21:41:15 - [TEST_STEP][PASSED] - ExecuteTC = findTestData(dataFile).getValue("Execute", row): null

2023-02-17 21:41:15 - [TEST_STEP][PASSED] - out.println("Value of Execute is : " + ExecuteTC): null

2023-02-17 21:41:15 - [TEST_STEP][PASSED] - if (ExecuteTC.equalsIgnoreCase("Y")): Browser is closed

2023-02-17 21:41:15 - [TEST_STEP][PASSED] - out.println("Begin Record Number: " + row): null

2023-02-17 21:41:15 - [TEST_STEP][PASSED] - today = new java.util.Date(): null

2023-02-17 21:41:15 - [TEST_STEP][PASSED] - println(today): null

2023-02-17 21:41:15 - [TEST_STEP][PASSED] - datText = today: null

2023-02-17 21:41:15 - [TEST_STEP][PASSED] - openBrowser(VLinkURL + "authcap.html"): Browser is opened with url: 'https://dev-algorithm.govolution.com/vlinktest/QA/version_2_0/authcap.html'

2023-02-17 21:41:15 - [MESSAGE][INFO] - Starting 'Chrome' driver

2023-02-17 21:41:15 - [MESSAGE][INFO] - User set preference: ['acceptInsecureCerts', 'true']

2023-02-17 21:41:15 - [MESSAGE][INFO] - Action delay is set to 0 milliseconds

2023-02-17 21:41:17 - [MESSAGE][PASSED] - Browser is opened with url: 'https://dev-algorithm.govolution.com/vlinktest/QA/version_2_0/authcap.html'

2023-02-17 21:41:17 - [TEST_STEP][PASSED] - maximizeWindow(): Current window maximized

2023-02-17 21:41:17 - [MESSAGE][PASSED] - Current window maximized

2023-02-17 21:41:17 - [TEST_STEP][PASSED] - vlinkPages.saleCCPage.setDataSCC(row, dataFile): vlinkPages.saleCCPage.setDataSCC is PASSED

2023-02-17 21:41:20 - [MESSAGE][PASSED] - Object 'Object Repository/VLink/Page_CCSale/txt_CardNumber' is present

2023-02-17 21:41:21 - [MESSAGE][PASSED] - Text '104' is set on object 'Object Repository/VLink/Page_CCSale/txt_TransactionType'

2023-02-17 21:41:22 - [MESSAGE][PASSED] - Text '2.0C' is set on object 'Object Repository/VLink/Page_CCSale/txt_MessageVersion'

2023-02-17 21:41:22 - [MESSAGE][PASSED] - Text 'JQMFtVFPGwbr' is set on object 'Object Repository/VLink/Page_CCSale/txt_RemID'

2023-02-17 21:41:23 - [MESSAGE][PASSED] - Text '670' is set on object 'Object Repository/VLink/Page_CCSale/txt_ApplicationId'

2023-02-17 21:41:23 - [MESSAGE][PASSED] - Text 'username' is set on object 'Object Repository/VLink/Page_CCSale/txt_Username'

2023-02-17 21:41:24 - [MESSAGE][PASSED] - Text 'password' is set on object 'Object Repository/VLink/Page_CCSale/txt_Password'

2023-02-17 21:41:25 - [MESSAGE][PASSED] - Text 'fixed_width' is set on object 'Object Repository/VLink/Page_CCSale/txt_ResponseFormat'

2023-02-17 21:41:25 - [MESSAGE][PASSED] - Text 'MOTO' is set on object 'Object Repository/VLink/Page_CCSale/txt_Category'

2023-02-17 21:41:26 - [MESSAGE][PASSED] - Text '' is set on object 'Object Repository/VLink/Page_CCSale/txt_TransactionID'

2023-02-17 21:41:27 - [MESSAGE][PASSED] - Text '' is set on object 'Object Repository/VLink/Page_CCSale/txt_ApprovalCode'

2023-02-17 21:41:27 - [MESSAGE][PASSED] - Text 'Arvind Silva' is set on object 'Object Repository/VLink/Page_CCSale/txt_CardName'

2023-02-17 21:41:28 - [MESSAGE][PASSED] - Text '111 Main Ave' is set on object 'Object Repository/VLink/Page_CCSale/txt_AL1'

2023-02-17 21:41:29 - [MESSAGE][PASSED] - Text '' is set on object 'Object Repository/VLink/Page_CCSale/txt_AL2'

2023-02-17 21:41:29 - [MESSAGE][PASSED] - Text 'Arlington' is set on object 'Object Repository/VLink/Page_CCSale/txt_CardCity'

2023-02-17 21:41:30 - [MESSAGE][PASSED] - Text 'VA' is set on object 'Object Repository/VLink/Page_CCSale/txt_CardState'

2023-02-17 21:41:31 - [MESSAGE][PASSED] - Text '22201' is set on object 'Object Repository/VLink/Page_CCSale/txt_CardZIP'

2023-02-17 21:41:31 - [MESSAGE][PASSED] - Text '' is set on object 'Object Repository/VLink/Page_CCSale/txt_CountryID'

2023-02-17 21:41:32 - [MESSAGE][PASSED] - Text '2.50' is set on object 'Object Repository/VLink/Page_CCSale/txt_Amount'

2023-02-17 21:41:33 - [MESSAGE][PASSED] - Text '6011000000000004' is set on object 'Object Repository/VLink/Page_CCSale/txt_CardNumber'

2023-02-17 21:41:33 - [MESSAGE][PASSED] - Text '01' is set on object 'Object Repository/VLink/Page_CCSale/txt_ExpMonth'

2023-02-17 21:41:34 - [MESSAGE][PASSED] - Text '2026' is set on object 'Object Repository/VLink/Page_CCSale/txt_ExpYear'

2023-02-17 21:41:35 - [MESSAGE][PASSED] - Text '' is set on object 'Object Repository/VLink/Page_CCSale/txt_CVV'

2023-02-17 21:41:35 - [MESSAGE][PASSED] - Text '' is set on object 'Object Repository/VLink/Page_CCSale/txt_CVVstate'

2023-02-17 21:41:36 - [MESSAGE][PASSED] - Text '' is set on object 'Object Repository/VLink/Page_CCSale/txt_TrackData'

2023-02-17 21:41:37 - [MESSAGE][PASSED] - Text '' is set on object 'Object Repository/VLink/Page_CCSale/txt_Track1Data'

2023-02-17 21:41:37 - [MESSAGE][PASSED] - Text '' is set on object 'Object Repository/VLink/Page_CCSale/txt_Track2Data'

2023-02-17 21:41:38 - [MESSAGE][PASSED] - Text 'manual' is set on object 'Object Repository/VLink/Page_CCSale/txt_POSEntryMode'

2023-02-17 21:41:39 - [MESSAGE][PASSED] - Text '' is set on object 'Object Repository/VLink/Page_CCSale/txt_Email'

2023-02-17 21:41:39 - [MESSAGE][PASSED] - Text '' is set on object 'Object Repository/VLink/Page_CCSale/txt_OrderNumber'

2023-02-17 21:41:40 - [MESSAGE][PASSED] - Text '' is set on object 'Object Repository/VLink/Page_CCSale/txt_TaxAmount'

2023-02-17 21:41:41 - [MESSAGE][PASSED] - Text '' is set on object 'Object Repository/VLink/Page_CCSale/txt_ChargeDescription'

2023-02-17 21:41:41 - [MESSAGE][PASSED] - Text '' is set on object 'Object Repository/VLink/Page_CCSale/txt_CAN'

2023-02-17 21:41:42 - [MESSAGE][PASSED] - Text '' is set on object 'Object Repository/VLink/Page_CCSale/txt_BillPaymentIndicator'

2023-02-17 21:41:43 - [MESSAGE][PASSED] - Text '' is set on object 'Object Repository/VLink/Page_CCSale/txt_UDF1'

2023-02-17 21:41:44 - [MESSAGE][PASSED] - Text '' is set on object 'Object Repository/VLink/Page_CCSale/txt_UDF2'

2023-02-17 21:41:44 - [MESSAGE][PASSED] - Text '' is set on object 'Object Repository/VLink/Page_CCSale/txt_UDF3'

2023-02-17 21:41:45 - [MESSAGE][PASSED] - Text '' is set on object 'Object Repository/VLink/Page_CCSale/txt_UDF4'

2023-02-17 21:41:46 - [MESSAGE][PASSED] - Text '' is set on object 'Object Repository/VLink/Page_CCSale/txt_UDF5'

2023-02-17 21:41:46 - [MESSAGE][PASSED] - Text '' is set on object 'Object Repository/VLink/Page_CCSale/txt_UDF6'

2023-02-17 21:41:47 - [MESSAGE][PASSED] - Text '' is set on object 'Object Repository/VLink/Page_CCSale/txt_UDF7'

2023-02-17 21:41:48 - [MESSAGE][PASSED] - Text '' is set on object 'Object Repository/VLink/Page_CCSale/txt_UDF8'

2023-02-17 21:41:48 - [MESSAGE][PASSED] - Text '' is set on object 'Object Repository/VLink/Page_CCSale/txt_UDF9'

2023-02-17 21:41:49 - [MESSAGE][PASSED] - Text '' is set on object 'Object Repository/VLink/Page_CCSale/txt_UDF10'

2023-02-17 21:41:53 - [MESSAGE][PASSED] - Object: 'Object Repository/VLink/Page_CCSale/btn_ProcessVLinkTransaction' is clicked on

2023-02-17 21:41:58 - [MESSAGE][PASSED] - vlinkPages.saleCCPage.setDataSCC is PASSED

2023-02-17 21:41:58 - [TEST_STEP][PASSED] - if (verifyTextPresent("Transaction approved, no errors", true)): null

2023-02-17 21:41:58 - [MESSAGE][PASSED] - Text 'Transaction approved, no errors' is present on page  using regular expression

2023-02-17 21:41:58 - [TEST_STEP][PASSED] - println("Transaction Approved, no errors text is present on the Confirmation page"): null

2023-02-17 21:41:58 - [TEST_STEP][PASSED] - out.println("Pass Record Number: " + row): null

2023-02-17 21:41:58 - [TEST_STEP][PASSED] - resText = "Pass": null

2023-02-17 21:41:58 - [TEST_STEP][PASSED] - pages.WriteExcel.demoKey(resText, datText, resColumn, datCloumn, fileLoc, nameSheet, row): pages.WriteExcel.demoKey is PASSED

2023-02-17 21:41:59 - [MESSAGE][PASSED] - pages.WriteExcel.demoKey is PASSED

2023-02-17 21:41:59 - [TEST_STEP][PASSED] - sdfo = getText(findTestObject("Object Repository/Page_VLinkReceipt/pre_STX")): Text of object 'Object Repository/Page_VLinkReceipt/pre_STX' is: '<STX>JQMFtVFPGwbr                  12127338            0  Transaction approved, no errors                   0                                                                                  Y OK7040   <ETX>'

2023-02-17 21:41:59 - [MESSAGE][PASSED] - Text of object 'Object Repository/Page_VLinkReceipt/pre_STX' is: '<STX>JQMFtVFPGwbr                  12127338            0  Transaction approved, no errors                   0                                                                                  Y OK7040   <ETX>'

2023-02-17 21:41:59 - [TEST_STEP][PASSED] - out.println("sdfo: " + sdfo): null

2023-02-17 21:41:59 - [TEST_STEP][PASSED] - remID = substring(5, 35).trim(): null

2023-02-17 21:41:59 - [TEST_STEP][PASSED] - out.println("Remittance ID: " + remID): null

2023-02-17 21:41:59 - [TEST_STEP][PASSED] - traxID = substring(35, 55).trim(): null

2023-02-17 21:41:59 - [TEST_STEP][PASSED] - out.println("Transaction ID: " + traxID): null

2023-02-17 21:41:59 - [TEST_STEP][PASSED] - out.println("End Record Number: " + row): null

2023-02-17 21:41:59 - [TEST_STEP][PASSED] - closeBrowser(): Browser is closed

2023-02-17 21:42:00 - [MESSAGE][PASSED] - Browser is closed

2023-02-17 21:42:00 - [TEST_STEP][PASSED] - ExecuteTC = findTestData(dataFile).getValue("Execute", row): null

2023-02-17 21:42:00 - [TEST_STEP][PASSED] - out.println("Value of Execute is : " + ExecuteTC): null

2023-02-17 21:42:00 - [TEST_STEP][PASSED] - if (ExecuteTC.equalsIgnoreCase("Y")): Browser is closed

2023-02-17 21:42:00 - [TEST_STEP][PASSED] - out.println("Begin Record Number: " + row): null

2023-02-17 21:42:00 - [TEST_STEP][PASSED] - today = new java.util.Date(): null

2023-02-17 21:42:00 - [TEST_STEP][PASSED] - println(today): null

2023-02-17 21:42:00 - [TEST_STEP][PASSED] - datText = today: null

2023-02-17 21:42:00 - [TEST_STEP][PASSED] - openBrowser(VLinkURL + "authcap.html"): Browser is opened with url: 'https://dev-algorithm.govolution.com/vlinktest/QA/version_2_0/authcap.html'

2023-02-17 21:42:00 - [MESSAGE][INFO] - Starting 'Chrome' driver

2023-02-17 21:42:00 - [MESSAGE][INFO] - User set preference: ['acceptInsecureCerts', 'true']

2023-02-17 21:42:00 - [MESSAGE][INFO] - Action delay is set to 0 milliseconds

2023-02-17 21:42:02 - [MESSAGE][PASSED] - Browser is opened with url: 'https://dev-algorithm.govolution.com/vlinktest/QA/version_2_0/authcap.html'

2023-02-17 21:42:02 - [TEST_STEP][PASSED] - maximizeWindow(): Current window maximized

2023-02-17 21:42:02 - [MESSAGE][PASSED] - Current window maximized

2023-02-17 21:42:02 - [TEST_STEP][PASSED] - vlinkPages.saleCCPage.setDataSCC(row, dataFile): vlinkPages.saleCCPage.setDataSCC is PASSED

2023-02-17 21:42:05 - [MESSAGE][PASSED] - Object 'Object Repository/VLink/Page_CCSale/txt_CardNumber' is present

2023-02-17 21:42:05 - [MESSAGE][PASSED] - Text '104' is set on object 'Object Repository/VLink/Page_CCSale/txt_TransactionType'

2023-02-17 21:42:06 - [MESSAGE][PASSED] - Text '2.0C' is set on object 'Object Repository/VLink/Page_CCSale/txt_MessageVersion'

2023-02-17 21:42:07 - [MESSAGE][PASSED] - Text '0HW2Uutz5f3W' is set on object 'Object Repository/VLink/Page_CCSale/txt_RemID'

2023-02-17 21:42:07 - [MESSAGE][PASSED] - Text '671' is set on object 'Object Repository/VLink/Page_CCSale/txt_ApplicationId'

2023-02-17 21:42:08 - [MESSAGE][PASSED] - Text 'username' is set on object 'Object Repository/VLink/Page_CCSale/txt_Username'

2023-02-17 21:42:09 - [MESSAGE][PASSED] - Text 'password' is set on object 'Object Repository/VLink/Page_CCSale/txt_Password'

2023-02-17 21:42:09 - [MESSAGE][PASSED] - Text 'fixed_width' is set on object 'Object Repository/VLink/Page_CCSale/txt_ResponseFormat'

2023-02-17 21:42:10 - [MESSAGE][PASSED] - Text 'RETL' is set on object 'Object Repository/VLink/Page_CCSale/txt_Category'

2023-02-17 21:42:10 - [MESSAGE][PASSED] - Text '' is set on object 'Object Repository/VLink/Page_CCSale/txt_TransactionID'

2023-02-17 21:42:11 - [MESSAGE][PASSED] - Text '' is set on object 'Object Repository/VLink/Page_CCSale/txt_ApprovalCode'

2023-02-17 21:42:12 - [MESSAGE][PASSED] - Text 'Roshan Maha' is set on object 'Object Repository/VLink/Page_CCSale/txt_CardName'

2023-02-17 21:42:12 - [MESSAGE][PASSED] - Text '12563 Bazaar road' is set on object 'Object Repository/VLink/Page_CCSale/txt_AL1'

2023-02-17 21:42:13 - [MESSAGE][PASSED] - Text '' is set on object 'Object Repository/VLink/Page_CCSale/txt_AL2'

2023-02-17 21:42:14 - [MESSAGE][PASSED] - Text 'Crofton' is set on object 'Object Repository/VLink/Page_CCSale/txt_CardCity'

2023-02-17 21:42:15 - [MESSAGE][PASSED] - Text 'MD' is set on object 'Object Repository/VLink/Page_CCSale/txt_CardState'

2023-02-17 21:42:15 - [MESSAGE][PASSED] - Text '21114' is set on object 'Object Repository/VLink/Page_CCSale/txt_CardZIP'

2023-02-17 21:42:16 - [MESSAGE][PASSED] - Text '' is set on object 'Object Repository/VLink/Page_CCSale/txt_CountryID'

2023-02-17 21:42:17 - [MESSAGE][PASSED] - Text '3.50' is set on object 'Object Repository/VLink/Page_CCSale/txt_Amount'

2023-02-17 21:42:17 - [MESSAGE][PASSED] - Text '4111111111111111' is set on object 'Object Repository/VLink/Page_CCSale/txt_CardNumber'

2023-02-17 21:42:18 - [MESSAGE][PASSED] - Text '01' is set on object 'Object Repository/VLink/Page_CCSale/txt_ExpMonth'

2023-02-17 21:42:19 - [MESSAGE][PASSED] - Text '2026' is set on object 'Object Repository/VLink/Page_CCSale/txt_ExpYear'

2023-02-17 21:42:19 - [MESSAGE][PASSED] - Text '' is set on object 'Object Repository/VLink/Page_CCSale/txt_CVV'

2023-02-17 21:42:20 - [MESSAGE][PASSED] - Text '' is set on object 'Object Repository/VLink/Page_CCSale/txt_CVVstate'

2023-02-17 21:42:21 - [MESSAGE][PASSED] - Text '' is set on object 'Object Repository/VLink/Page_CCSale/txt_TrackData'

2023-02-17 21:42:21 - [MESSAGE][PASSED] - Text '' is set on object 'Object Repository/VLink/Page_CCSale/txt_Track1Data'

2023-02-17 21:42:22 - [MESSAGE][PASSED] - Text '' is set on object 'Object Repository/VLink/Page_CCSale/txt_Track2Data'

2023-02-17 21:42:23 - [MESSAGE][PASSED] - Text 'manual' is set on object 'Object Repository/VLink/Page_CCSale/txt_POSEntryMode'

2023-02-17 21:42:23 - [MESSAGE][PASSED] - Text '' is set on object 'Object Repository/VLink/Page_CCSale/txt_Email'

2023-02-17 21:42:24 - [MESSAGE][PASSED] - Text '' is set on object 'Object Repository/VLink/Page_CCSale/txt_OrderNumber'

2023-02-17 21:42:25 - [MESSAGE][PASSED] - Text '' is set on object 'Object Repository/VLink/Page_CCSale/txt_TaxAmount'

2023-02-17 21:42:25 - [MESSAGE][PASSED] - Text '' is set on object 'Object Repository/VLink/Page_CCSale/txt_ChargeDescription'

2023-02-17 21:42:26 - [MESSAGE][PASSED] - Text '' is set on object 'Object Repository/VLink/Page_CCSale/txt_CAN'

2023-02-17 21:42:27 - [MESSAGE][PASSED] - Text '' is set on object 'Object Repository/VLink/Page_CCSale/txt_BillPaymentIndicator'

2023-02-17 21:42:28 - [MESSAGE][PASSED] - Text '' is set on object 'Object Repository/VLink/Page_CCSale/txt_UDF1'

2023-02-17 21:42:28 - [MESSAGE][PASSED] - Text '' is set on object 'Object Repository/VLink/Page_CCSale/txt_UDF2'

2023-02-17 21:42:29 - [MESSAGE][PASSED] - Text '' is set on object 'Object Repository/VLink/Page_CCSale/txt_UDF3'

2023-02-17 21:42:30 - [MESSAGE][PASSED] - Text '' is set on object 'Object Repository/VLink/Page_CCSale/txt_UDF4'

2023-02-17 21:42:30 - [MESSAGE][PASSED] - Text '' is set on object 'Object Repository/VLink/Page_CCSale/txt_UDF5'

2023-02-17 21:42:31 - [MESSAGE][PASSED] - Text '' is set on object 'Object Repository/VLink/Page_CCSale/txt_UDF6'

2023-02-17 21:42:32 - [MESSAGE][PASSED] - Text '' is set on object 'Object Repository/VLink/Page_CCSale/txt_UDF7'

2023-02-17 21:42:32 - [MESSAGE][PASSED] - Text '' is set on object 'Object Repository/VLink/Page_CCSale/txt_UDF8'

2023-02-17 21:42:33 - [MESSAGE][PASSED] - Text '' is set on object 'Object Repository/VLink/Page_CCSale/txt_UDF9'

2023-02-17 21:42:34 - [MESSAGE][PASSED] - Text '' is set on object 'Object Repository/VLink/Page_CCSale/txt_UDF10'

2023-02-17 21:42:38 - [MESSAGE][PASSED] - Object: 'Object Repository/VLink/Page_CCSale/btn_ProcessVLinkTransaction' is clicked on

2023-02-17 21:42:43 - [MESSAGE][PASSED] - vlinkPages.saleCCPage.setDataSCC is PASSED

2023-02-17 21:42:43 - [TEST_STEP][PASSED] - if (verifyTextPresent("Transaction approved, no errors", true)): null

2023-02-17 21:42:43 - [MESSAGE][PASSED] - Text 'Transaction approved, no errors' is present on page  using regular expression

2023-02-17 21:42:43 - [TEST_STEP][PASSED] - println("Transaction Approved, no errors text is present on the Confirmation page"): null

2023-02-17 21:42:43 - [TEST_STEP][PASSED] - out.println("Pass Record Number: " + row): null

2023-02-17 21:42:43 - [TEST_STEP][PASSED] - resText = "Pass": null

2023-02-17 21:42:43 - [TEST_STEP][PASSED] - pages.WriteExcel.demoKey(resText, datText, resColumn, datCloumn, fileLoc, nameSheet, row): pages.WriteExcel.demoKey is PASSED

2023-02-17 21:42:43 - [MESSAGE][PASSED] - pages.WriteExcel.demoKey is PASSED

2023-02-17 21:42:43 - [TEST_STEP][PASSED] - sdfo = getText(findTestObject("Object Repository/Page_VLinkReceipt/pre_STX")): Text of object 'Object Repository/Page_VLinkReceipt/pre_STX' is: '<STX>0HW2Uutz5f3W                  12127339            0  Transaction approved, no errors                   0                                                                                  Y OK7190   <ETX>'

2023-02-17 21:42:43 - [MESSAGE][PASSED] - Text of object 'Object Repository/Page_VLinkReceipt/pre_STX' is: '<STX>0HW2Uutz5f3W                  12127339            0  Transaction approved, no errors                   0                                                                                  Y OK7190   <ETX>'

2023-02-17 21:42:43 - [TEST_STEP][PASSED] - out.println("sdfo: " + sdfo): null

2023-02-17 21:42:43 - [TEST_STEP][PASSED] - remID = substring(5, 35).trim(): null

2023-02-17 21:42:43 - [TEST_STEP][PASSED] - out.println("Remittance ID: " + remID): null

2023-02-17 21:42:43 - [TEST_STEP][PASSED] - traxID = substring(35, 55).trim(): null

2023-02-17 21:42:43 - [TEST_STEP][PASSED] - out.println("Transaction ID: " + traxID): null

2023-02-17 21:42:43 - [TEST_STEP][PASSED] - out.println("End Record Number: " + row): null

2023-02-17 21:42:43 - [TEST_STEP][PASSED] - closeBrowser(): Browser is closed

2023-02-17 21:42:44 - [MESSAGE][PASSED] - Browser is closed

2023-02-17 21:42:44 - [TEST_STEP][PASSED] - ExecuteTC = findTestData(dataFile).getValue("Execute", row): null

2023-02-17 21:42:44 - [TEST_STEP][PASSED] - out.println("Value of Execute is : " + ExecuteTC): null

2023-02-17 21:42:44 - [TEST_STEP][PASSED] - if (ExecuteTC.equalsIgnoreCase("Y")): Browser is closed

2023-02-17 21:42:44 - [TEST_STEP][PASSED] - out.println("Begin Record Number: " + row): null

2023-02-17 21:42:44 - [TEST_STEP][PASSED] - today = new java.util.Date(): null

2023-02-17 21:42:44 - [TEST_STEP][PASSED] - println(today): null

2023-02-17 21:42:44 - [TEST_STEP][PASSED] - datText = today: null

2023-02-17 21:42:44 - [TEST_STEP][PASSED] - openBrowser(VLinkURL + "authcap.html"): Browser is opened with url: 'https://dev-algorithm.govolution.com/vlinktest/QA/version_2_0/authcap.html'

2023-02-17 21:42:44 - [MESSAGE][INFO] - Starting 'Chrome' driver

2023-02-17 21:42:44 - [MESSAGE][INFO] - User set preference: ['acceptInsecureCerts', 'true']

2023-02-17 21:42:44 - [MESSAGE][INFO] - Action delay is set to 0 milliseconds

2023-02-17 21:42:46 - [MESSAGE][PASSED] - Browser is opened with url: 'https://dev-algorithm.govolution.com/vlinktest/QA/version_2_0/authcap.html'

2023-02-17 21:42:46 - [TEST_STEP][PASSED] - maximizeWindow(): Current window maximized

2023-02-17 21:42:46 - [MESSAGE][PASSED] - Current window maximized

2023-02-17 21:42:46 - [TEST_STEP][PASSED] - vlinkPages.saleCCPage.setDataSCC(row, dataFile): vlinkPages.saleCCPage.setDataSCC is PASSED

2023-02-17 21:42:49 - [MESSAGE][PASSED] - Object 'Object Repository/VLink/Page_CCSale/txt_CardNumber' is present

2023-02-17 21:42:50 - [MESSAGE][PASSED] - Text '104' is set on object 'Object Repository/VLink/Page_CCSale/txt_TransactionType'

2023-02-17 21:42:50 - [MESSAGE][PASSED] - Text '2.0C' is set on object 'Object Repository/VLink/Page_CCSale/txt_MessageVersion'

2023-02-17 21:42:51 - [MESSAGE][PASSED] - Text 'Q3H1DESNV2nY' is set on object 'Object Repository/VLink/Page_CCSale/txt_RemID'

2023-02-17 21:42:51 - [MESSAGE][PASSED] - Text '671' is set on object 'Object Repository/VLink/Page_CCSale/txt_ApplicationId'

2023-02-17 21:42:52 - [MESSAGE][PASSED] - Text 'username' is set on object 'Object Repository/VLink/Page_CCSale/txt_Username'

2023-02-17 21:42:53 - [MESSAGE][PASSED] - Text 'password' is set on object 'Object Repository/VLink/Page_CCSale/txt_Password'

2023-02-17 21:42:53 - [MESSAGE][PASSED] - Text 'fixed_width' is set on object 'Object Repository/VLink/Page_CCSale/txt_ResponseFormat'

2023-02-17 21:42:54 - [MESSAGE][PASSED] - Text 'RETL' is set on object 'Object Repository/VLink/Page_CCSale/txt_Category'

2023-02-17 21:42:55 - [MESSAGE][PASSED] - Text '' is set on object 'Object Repository/VLink/Page_CCSale/txt_TransactionID'

2023-02-17 21:42:55 - [MESSAGE][PASSED] - Text '' is set on object 'Object Repository/VLink/Page_CCSale/txt_ApprovalCode'

2023-02-17 21:42:56 - [MESSAGE][PASSED] - Text 'Kris Roshan' is set on object 'Object Repository/VLink/Page_CCSale/txt_CardName'

2023-02-17 21:42:57 - [MESSAGE][PASSED] - Text '258 Elm Road' is set on object 'Object Repository/VLink/Page_CCSale/txt_AL1'

2023-02-17 21:42:57 - [MESSAGE][PASSED] - Text 'Suite 56' is set on object 'Object Repository/VLink/Page_CCSale/txt_AL2'

2023-02-17 21:42:58 - [MESSAGE][PASSED] - Text 'Arlington' is set on object 'Object Repository/VLink/Page_CCSale/txt_CardCity'

2023-02-17 21:42:59 - [MESSAGE][PASSED] - Text 'VA' is set on object 'Object Repository/VLink/Page_CCSale/txt_CardState'

2023-02-17 21:42:59 - [MESSAGE][PASSED] - Text '22201' is set on object 'Object Repository/VLink/Page_CCSale/txt_CardZIP'

2023-02-17 21:43:00 - [MESSAGE][PASSED] - Text '840' is set on object 'Object Repository/VLink/Page_CCSale/txt_CountryID'

2023-02-17 21:43:01 - [MESSAGE][PASSED] - Text '1.50' is set on object 'Object Repository/VLink/Page_CCSale/txt_Amount'

2023-02-17 21:43:01 - [MESSAGE][PASSED] - Text '5424000000000015' is set on object 'Object Repository/VLink/Page_CCSale/txt_CardNumber'

2023-02-17 21:43:02 - [MESSAGE][PASSED] - Text '12' is set on object 'Object Repository/VLink/Page_CCSale/txt_ExpMonth'

2023-02-17 21:43:03 - [MESSAGE][PASSED] - Text '2025' is set on object 'Object Repository/VLink/Page_CCSale/txt_ExpYear'

2023-02-17 21:43:03 - [MESSAGE][PASSED] - Text '' is set on object 'Object Repository/VLink/Page_CCSale/txt_CVV'

2023-02-17 21:43:04 - [MESSAGE][PASSED] - Text '' is set on object 'Object Repository/VLink/Page_CCSale/txt_CVVstate'

2023-02-17 21:43:05 - [MESSAGE][PASSED] - Text '' is set on object 'Object Repository/VLink/Page_CCSale/txt_TrackData'

2023-02-17 21:43:05 - [MESSAGE][PASSED] - Text '' is set on object 'Object Repository/VLink/Page_CCSale/txt_Track1Data'

2023-02-17 21:43:06 - [MESSAGE][PASSED] - Text '' is set on object 'Object Repository/VLink/Page_CCSale/txt_Track2Data'

2023-02-17 21:43:07 - [MESSAGE][PASSED] - Text 'manual' is set on object 'Object Repository/VLink/Page_CCSale/txt_POSEntryMode'

2023-02-17 21:43:08 - [MESSAGE][PASSED] - Text 'iahmed@govolution.com' is set on object 'Object Repository/VLink/Page_CCSale/txt_Email'

2023-02-17 21:43:08 - [MESSAGE][PASSED] - Text '2569362' is set on object 'Object Repository/VLink/Page_CCSale/txt_OrderNumber'

2023-02-17 21:43:09 - [MESSAGE][PASSED] - Text '1.15' is set on object 'Object Repository/VLink/Page_CCSale/txt_TaxAmount'

2023-02-17 21:43:10 - [MESSAGE][PASSED] - Text 'Charge Description' is set on object 'Object Repository/VLink/Page_CCSale/txt_ChargeDescription'

2023-02-17 21:43:10 - [MESSAGE][PASSED] - Text '147357' is set on object 'Object Repository/VLink/Page_CCSale/txt_CAN'

2023-02-17 21:43:11 - [MESSAGE][PASSED] - Text '1' is set on object 'Object Repository/VLink/Page_CCSale/txt_BillPaymentIndicator'

2023-02-17 21:43:12 - [MESSAGE][PASSED] - Text 'UDF Data 1' is set on object 'Object Repository/VLink/Page_CCSale/txt_UDF1'

2023-02-17 21:43:12 - [MESSAGE][PASSED] - Text 'UDF Data 2' is set on object 'Object Repository/VLink/Page_CCSale/txt_UDF2'

2023-02-17 21:43:13 - [MESSAGE][PASSED] - Text 'UDF Data 3' is set on object 'Object Repository/VLink/Page_CCSale/txt_UDF3'

2023-02-17 21:43:14 - [MESSAGE][PASSED] - Text 'UDF Data 4' is set on object 'Object Repository/VLink/Page_CCSale/txt_UDF4'

2023-02-17 21:43:14 - [MESSAGE][PASSED] - Text 'UDF Data 5' is set on object 'Object Repository/VLink/Page_CCSale/txt_UDF5'

2023-02-17 21:43:15 - [MESSAGE][PASSED] - Text 'UDF Data 6' is set on object 'Object Repository/VLink/Page_CCSale/txt_UDF6'

2023-02-17 21:43:16 - [MESSAGE][PASSED] - Text 'UDF Data 7' is set on object 'Object Repository/VLink/Page_CCSale/txt_UDF7'

2023-02-17 21:43:16 - [MESSAGE][PASSED] - Text 'UDF Data 8' is set on object 'Object Repository/VLink/Page_CCSale/txt_UDF8'

2023-02-17 21:43:17 - [MESSAGE][PASSED] - Text 'UDF Data 9' is set on object 'Object Repository/VLink/Page_CCSale/txt_UDF9'

2023-02-17 21:43:18 - [MESSAGE][PASSED] - Text 'UDF Data 10' is set on object 'Object Repository/VLink/Page_CCSale/txt_UDF10'

2023-02-17 21:43:22 - [MESSAGE][PASSED] - Object: 'Object Repository/VLink/Page_CCSale/btn_ProcessVLinkTransaction' is clicked on

2023-02-17 21:43:27 - [MESSAGE][PASSED] - vlinkPages.saleCCPage.setDataSCC is PASSED

2023-02-17 21:43:27 - [TEST_STEP][PASSED] - if (verifyTextPresent("Transaction approved, no errors", true)): null

2023-02-17 21:43:27 - [MESSAGE][PASSED] - Text 'Transaction approved, no errors' is present on page  using regular expression

2023-02-17 21:43:27 - [TEST_STEP][PASSED] - println("Transaction Approved, no errors text is present on the Confirmation page"): null

2023-02-17 21:43:27 - [TEST_STEP][PASSED] - out.println("Pass Record Number: " + row): null

2023-02-17 21:43:27 - [TEST_STEP][PASSED] - resText = "Pass": null

2023-02-17 21:43:27 - [TEST_STEP][PASSED] - pages.WriteExcel.demoKey(resText, datText, resColumn, datCloumn, fileLoc, nameSheet, row): pages.WriteExcel.demoKey is PASSED

2023-02-17 21:43:27 - [MESSAGE][PASSED] - pages.WriteExcel.demoKey is PASSED

2023-02-17 21:43:27 - [TEST_STEP][PASSED] - sdfo = getText(findTestObject("Object Repository/Page_VLinkReceipt/pre_STX")): Text of object 'Object Repository/Page_VLinkReceipt/pre_STX' is: '<STX>Q3H1DESNV2nY                  12127340            0  Transaction approved, no errors                   0                                                                                  Y OK7350   <ETX>'

2023-02-17 21:43:28 - [MESSAGE][PASSED] - Text of object 'Object Repository/Page_VLinkReceipt/pre_STX' is: '<STX>Q3H1DESNV2nY                  12127340            0  Transaction approved, no errors                   0                                                                                  Y OK7350   <ETX>'

2023-02-17 21:43:28 - [TEST_STEP][PASSED] - out.println("sdfo: " + sdfo): null

2023-02-17 21:43:28 - [TEST_STEP][PASSED] - remID = substring(5, 35).trim(): null

2023-02-17 21:43:28 - [TEST_STEP][PASSED] - out.println("Remittance ID: " + remID): null

2023-02-17 21:43:28 - [TEST_STEP][PASSED] - traxID = substring(35, 55).trim(): null

2023-02-17 21:43:28 - [TEST_STEP][PASSED] - out.println("Transaction ID: " + traxID): null

2023-02-17 21:43:28 - [TEST_STEP][PASSED] - out.println("End Record Number: " + row): null

2023-02-17 21:43:28 - [TEST_STEP][PASSED] - closeBrowser(): Browser is closed

2023-02-17 21:43:29 - [MESSAGE][PASSED] - Browser is closed

2023-02-17 21:43:29 - [TEST_STEP][PASSED] - ExecuteTC = findTestData(dataFile).getValue("Execute", row): null

2023-02-17 21:43:29 - [TEST_STEP][PASSED] - out.println("Value of Execute is : " + ExecuteTC): null

2023-02-17 21:43:29 - [TEST_STEP][PASSED] - if (ExecuteTC.equalsIgnoreCase("Y")): Browser is closed

2023-02-17 21:43:29 - [TEST_STEP][PASSED] - out.println("Begin Record Number: " + row): null

2023-02-17 21:43:29 - [TEST_STEP][PASSED] - today = new java.util.Date(): null

2023-02-17 21:43:29 - [TEST_STEP][PASSED] - println(today): null

2023-02-17 21:43:29 - [TEST_STEP][PASSED] - datText = today: null

2023-02-17 21:43:29 - [TEST_STEP][PASSED] - openBrowser(VLinkURL + "authcap.html"): Browser is opened with url: 'https://dev-algorithm.govolution.com/vlinktest/QA/version_2_0/authcap.html'

2023-02-17 21:43:29 - [MESSAGE][INFO] - Starting 'Chrome' driver

2023-02-17 21:43:29 - [MESSAGE][INFO] - User set preference: ['acceptInsecureCerts', 'true']

2023-02-17 21:43:29 - [MESSAGE][INFO] - Action delay is set to 0 milliseconds

2023-02-17 21:43:31 - [MESSAGE][PASSED] - Browser is opened with url: 'https://dev-algorithm.govolution.com/vlinktest/QA/version_2_0/authcap.html'

2023-02-17 21:43:31 - [TEST_STEP][PASSED] - maximizeWindow(): Current window maximized

2023-02-17 21:43:31 - [MESSAGE][PASSED] - Current window maximized

2023-02-17 21:43:31 - [TEST_STEP][PASSED] - vlinkPages.saleCCPage.setDataSCC(row, dataFile): vlinkPages.saleCCPage.setDataSCC is PASSED

2023-02-17 21:43:34 - [MESSAGE][PASSED] - Object 'Object Repository/VLink/Page_CCSale/txt_CardNumber' is present

2023-02-17 21:43:34 - [MESSAGE][PASSED] - Text '104' is set on object 'Object Repository/VLink/Page_CCSale/txt_TransactionType'

2023-02-17 21:43:35 - [MESSAGE][PASSED] - Text '2.0C' is set on object 'Object Repository/VLink/Page_CCSale/txt_MessageVersion'

2023-02-17 21:43:35 - [MESSAGE][PASSED] - Text 'yI9mOZuE7kvb' is set on object 'Object Repository/VLink/Page_CCSale/txt_RemID'

2023-02-17 21:43:36 - [MESSAGE][PASSED] - Text '671' is set on object 'Object Repository/VLink/Page_CCSale/txt_ApplicationId'

2023-02-17 21:43:37 - [MESSAGE][PASSED] - Text 'username' is set on object 'Object Repository/VLink/Page_CCSale/txt_Username'

2023-02-17 21:43:37 - [MESSAGE][PASSED] - Text 'password' is set on object 'Object Repository/VLink/Page_CCSale/txt_Password'

2023-02-17 21:43:38 - [MESSAGE][PASSED] - Text 'fixed_width' is set on object 'Object Repository/VLink/Page_CCSale/txt_ResponseFormat'

2023-02-17 21:43:39 - [MESSAGE][PASSED] - Text 'RETL' is set on object 'Object Repository/VLink/Page_CCSale/txt_Category'

2023-02-17 21:43:39 - [MESSAGE][PASSED] - Text '' is set on object 'Object Repository/VLink/Page_CCSale/txt_TransactionID'

2023-02-17 21:43:40 - [MESSAGE][PASSED] - Text '' is set on object 'Object Repository/VLink/Page_CCSale/txt_ApprovalCode'

2023-02-17 21:43:41 - [MESSAGE][PASSED] - Text 'Arvind Silva' is set on object 'Object Repository/VLink/Page_CCSale/txt_CardName'

2023-02-17 21:43:41 - [MESSAGE][PASSED] - Text '111 Main Ave' is set on object 'Object Repository/VLink/Page_CCSale/txt_AL1'

2023-02-17 21:43:42 - [MESSAGE][PASSED] - Text '' is set on object 'Object Repository/VLink/Page_CCSale/txt_AL2'

2023-02-17 21:43:43 - [MESSAGE][PASSED] - Text 'Arlington' is set on object 'Object Repository/VLink/Page_CCSale/txt_CardCity'

2023-02-17 21:43:43 - [MESSAGE][PASSED] - Text 'VA' is set on object 'Object Repository/VLink/Page_CCSale/txt_CardState'

2023-02-17 21:43:44 - [MESSAGE][PASSED] - Text '22201' is set on object 'Object Repository/VLink/Page_CCSale/txt_CardZIP'

2023-02-17 21:43:45 - [MESSAGE][PASSED] - Text '' is set on object 'Object Repository/VLink/Page_CCSale/txt_CountryID'

2023-02-17 21:43:45 - [MESSAGE][PASSED] - Text '2.50' is set on object 'Object Repository/VLink/Page_CCSale/txt_Amount'

2023-02-17 21:43:46 - [MESSAGE][PASSED] - Text '370000000000002' is set on object 'Object Repository/VLink/Page_CCSale/txt_CardNumber'

2023-02-17 21:43:47 - [MESSAGE][PASSED] - Text '01' is set on object 'Object Repository/VLink/Page_CCSale/txt_ExpMonth'

2023-02-17 21:43:47 - [MESSAGE][PASSED] - Text '2026' is set on object 'Object Repository/VLink/Page_CCSale/txt_ExpYear'

2023-02-17 21:43:48 - [MESSAGE][PASSED] - Text '' is set on object 'Object Repository/VLink/Page_CCSale/txt_CVV'

2023-02-17 21:43:49 - [MESSAGE][PASSED] - Text '' is set on object 'Object Repository/VLink/Page_CCSale/txt_CVVstate'

2023-02-17 21:43:50 - [MESSAGE][PASSED] - Text '' is set on object 'Object Repository/VLink/Page_CCSale/txt_TrackData'

2023-02-17 21:43:50 - [MESSAGE][PASSED] - Text '' is set on object 'Object Repository/VLink/Page_CCSale/txt_Track1Data'

2023-02-17 21:43:51 - [MESSAGE][PASSED] - Text '' is set on object 'Object Repository/VLink/Page_CCSale/txt_Track2Data'

2023-02-17 21:43:52 - [MESSAGE][PASSED] - Text 'manual' is set on object 'Object Repository/VLink/Page_CCSale/txt_POSEntryMode'

2023-02-17 21:43:52 - [MESSAGE][PASSED] - Text '' is set on object 'Object Repository/VLink/Page_CCSale/txt_Email'

2023-02-17 21:43:53 - [MESSAGE][PASSED] - Text '' is set on object 'Object Repository/VLink/Page_CCSale/txt_OrderNumber'

2023-02-17 21:43:53 - [MESSAGE][PASSED] - Text '' is set on object 'Object Repository/VLink/Page_CCSale/txt_TaxAmount'

2023-02-17 21:43:54 - [MESSAGE][PASSED] - Text '' is set on object 'Object Repository/VLink/Page_CCSale/txt_ChargeDescription'

2023-02-17 21:43:55 - [MESSAGE][PASSED] - Text '' is set on object 'Object Repository/VLink/Page_CCSale/txt_CAN'

2023-02-17 21:43:55 - [MESSAGE][PASSED] - Text '' is set on object 'Object Repository/VLink/Page_CCSale/txt_BillPaymentIndicator'

2023-02-17 21:43:56 - [MESSAGE][PASSED] - Text '' is set on object 'Object Repository/VLink/Page_CCSale/txt_UDF1'

2023-02-17 21:43:57 - [MESSAGE][PASSED] - Text '' is set on object 'Object Repository/VLink/Page_CCSale/txt_UDF2'

2023-02-17 21:43:57 - [MESSAGE][PASSED] - Text '' is set on object 'Object Repository/VLink/Page_CCSale/txt_UDF3'

2023-02-17 21:43:58 - [MESSAGE][PASSED] - Text '' is set on object 'Object Repository/VLink/Page_CCSale/txt_UDF4'

2023-02-17 21:43:59 - [MESSAGE][PASSED] - Text '' is set on object 'Object Repository/VLink/Page_CCSale/txt_UDF5'

2023-02-17 21:43:59 - [MESSAGE][PASSED] - Text '' is set on object 'Object Repository/VLink/Page_CCSale/txt_UDF6'

2023-02-17 21:44:00 - [MESSAGE][PASSED] - Text '' is set on object 'Object Repository/VLink/Page_CCSale/txt_UDF7'

2023-02-17 21:44:01 - [MESSAGE][PASSED] - Text '' is set on object 'Object Repository/VLink/Page_CCSale/txt_UDF8'

2023-02-17 21:44:01 - [MESSAGE][PASSED] - Text '' is set on object 'Object Repository/VLink/Page_CCSale/txt_UDF9'

2023-02-17 21:44:02 - [MESSAGE][PASSED] - Text '' is set on object 'Object Repository/VLink/Page_CCSale/txt_UDF10'

2023-02-17 21:44:06 - [MESSAGE][PASSED] - Object: 'Object Repository/VLink/Page_CCSale/btn_ProcessVLinkTransaction' is clicked on

2023-02-17 21:44:11 - [MESSAGE][PASSED] - vlinkPages.saleCCPage.setDataSCC is PASSED

2023-02-17 21:44:11 - [TEST_STEP][PASSED] - if (verifyTextPresent("Transaction approved, no errors", true)): null

2023-02-17 21:44:11 - [MESSAGE][PASSED] - Text 'Transaction approved, no errors' is present on page  using regular expression

2023-02-17 21:44:11 - [TEST_STEP][PASSED] - println("Transaction Approved, no errors text is present on the Confirmation page"): null

2023-02-17 21:44:11 - [TEST_STEP][PASSED] - out.println("Pass Record Number: " + row): null

2023-02-17 21:44:11 - [TEST_STEP][PASSED] - resText = "Pass": null

2023-02-17 21:44:11 - [TEST_STEP][PASSED] - pages.WriteExcel.demoKey(resText, datText, resColumn, datCloumn, fileLoc, nameSheet, row): pages.WriteExcel.demoKey is PASSED

2023-02-17 21:44:11 - [MESSAGE][PASSED] - pages.WriteExcel.demoKey is PASSED

2023-02-17 21:44:11 - [TEST_STEP][PASSED] - sdfo = getText(findTestObject("Object Repository/Page_VLinkReceipt/pre_STX")): Text of object 'Object Repository/Page_VLinkReceipt/pre_STX' is: '<STX>yI9mOZuE7kvb                  12127341            0  Transaction approved, no errors                   0                                                                                  Y OK7520   <ETX>'

2023-02-17 21:44:11 - [MESSAGE][PASSED] - Text of object 'Object Repository/Page_VLinkReceipt/pre_STX' is: '<STX>yI9mOZuE7kvb                  12127341            0  Transaction approved, no errors                   0                                                                                  Y OK7520   <ETX>'

2023-02-17 21:44:11 - [TEST_STEP][PASSED] - out.println("sdfo: " + sdfo): null

2023-02-17 21:44:11 - [TEST_STEP][PASSED] - remID = substring(5, 35).trim(): null

2023-02-17 21:44:11 - [TEST_STEP][PASSED] - out.println("Remittance ID: " + remID): null

2023-02-17 21:44:11 - [TEST_STEP][PASSED] - traxID = substring(35, 55).trim(): null

2023-02-17 21:44:11 - [TEST_STEP][PASSED] - out.println("Transaction ID: " + traxID): null

2023-02-17 21:44:11 - [TEST_STEP][PASSED] - out.println("End Record Number: " + row): null

2023-02-17 21:44:11 - [TEST_STEP][PASSED] - closeBrowser(): Browser is closed

2023-02-17 21:44:12 - [MESSAGE][PASSED] - Browser is closed

2023-02-17 21:44:12 - [TEST_STEP][PASSED] - ExecuteTC = findTestData(dataFile).getValue("Execute", row): null

2023-02-17 21:44:12 - [TEST_STEP][PASSED] - out.println("Value of Execute is : " + ExecuteTC): null

2023-02-17 21:44:12 - [TEST_STEP][PASSED] - if (ExecuteTC.equalsIgnoreCase("Y")): Browser is closed

2023-02-17 21:44:12 - [TEST_STEP][PASSED] - out.println("Begin Record Number: " + row): null

2023-02-17 21:44:12 - [TEST_STEP][PASSED] - today = new java.util.Date(): null

2023-02-17 21:44:12 - [TEST_STEP][PASSED] - println(today): null

2023-02-17 21:44:12 - [TEST_STEP][PASSED] - datText = today: null

2023-02-17 21:44:12 - [TEST_STEP][PASSED] - openBrowser(VLinkURL + "authcap.html"): Browser is opened with url: 'https://dev-algorithm.govolution.com/vlinktest/QA/version_2_0/authcap.html'

2023-02-17 21:44:13 - [MESSAGE][INFO] - Starting 'Chrome' driver

2023-02-17 21:44:13 - [MESSAGE][INFO] - User set preference: ['acceptInsecureCerts', 'true']

2023-02-17 21:44:13 - [MESSAGE][INFO] - Action delay is set to 0 milliseconds

2023-02-17 21:44:14 - [MESSAGE][PASSED] - Browser is opened with url: 'https://dev-algorithm.govolution.com/vlinktest/QA/version_2_0/authcap.html'

2023-02-17 21:44:14 - [TEST_STEP][PASSED] - maximizeWindow(): Current window maximized

2023-02-17 21:44:14 - [MESSAGE][PASSED] - Current window maximized

2023-02-17 21:44:15 - [TEST_STEP][PASSED] - vlinkPages.saleCCPage.setDataSCC(row, dataFile): vlinkPages.saleCCPage.setDataSCC is PASSED

2023-02-17 21:44:17 - [MESSAGE][PASSED] - Object 'Object Repository/VLink/Page_CCSale/txt_CardNumber' is present

2023-02-17 21:44:18 - [MESSAGE][PASSED] - Text '104' is set on object 'Object Repository/VLink/Page_CCSale/txt_TransactionType'

2023-02-17 21:44:19 - [MESSAGE][PASSED] - Text '2.0C' is set on object 'Object Repository/VLink/Page_CCSale/txt_MessageVersion'

2023-02-17 21:44:19 - [MESSAGE][PASSED] - Text 'vYX60bnXG2kX' is set on object 'Object Repository/VLink/Page_CCSale/txt_RemID'

2023-02-17 21:44:20 - [MESSAGE][PASSED] - Text '671' is set on object 'Object Repository/VLink/Page_CCSale/txt_ApplicationId'

2023-02-17 21:44:21 - [MESSAGE][PASSED] - Text 'username' is set on object 'Object Repository/VLink/Page_CCSale/txt_Username'

2023-02-17 21:44:21 - [MESSAGE][PASSED] - Text 'password' is set on object 'Object Repository/VLink/Page_CCSale/txt_Password'

2023-02-17 21:44:22 - [MESSAGE][PASSED] - Text 'fixed_width' is set on object 'Object Repository/VLink/Page_CCSale/txt_ResponseFormat'

2023-02-17 21:44:22 - [MESSAGE][PASSED] - Text 'RETL' is set on object 'Object Repository/VLink/Page_CCSale/txt_Category'

2023-02-17 21:44:23 - [MESSAGE][PASSED] - Text '' is set on object 'Object Repository/VLink/Page_CCSale/txt_TransactionID'

2023-02-17 21:44:24 - [MESSAGE][PASSED] - Text '' is set on object 'Object Repository/VLink/Page_CCSale/txt_ApprovalCode'

2023-02-17 21:44:24 - [MESSAGE][PASSED] - Text 'Roshan Maha' is set on object 'Object Repository/VLink/Page_CCSale/txt_CardName'

2023-02-17 21:44:25 - [MESSAGE][PASSED] - Text '12563 Bazaar road' is set on object 'Object Repository/VLink/Page_CCSale/txt_AL1'

2023-02-17 21:44:26 - [MESSAGE][PASSED] - Text '' is set on object 'Object Repository/VLink/Page_CCSale/txt_AL2'

2023-02-17 21:44:26 - [MESSAGE][PASSED] - Text 'Crofton' is set on object 'Object Repository/VLink/Page_CCSale/txt_CardCity'

2023-02-17 21:44:27 - [MESSAGE][PASSED] - Text 'MD' is set on object 'Object Repository/VLink/Page_CCSale/txt_CardState'

2023-02-17 21:44:28 - [MESSAGE][PASSED] - Text '21114' is set on object 'Object Repository/VLink/Page_CCSale/txt_CardZIP'

2023-02-17 21:44:29 - [MESSAGE][PASSED] - Text '' is set on object 'Object Repository/VLink/Page_CCSale/txt_CountryID'

2023-02-17 21:44:29 - [MESSAGE][PASSED] - Text '3.50' is set on object 'Object Repository/VLink/Page_CCSale/txt_Amount'

2023-02-17 21:44:30 - [MESSAGE][PASSED] - Text '6011000000000004' is set on object 'Object Repository/VLink/Page_CCSale/txt_CardNumber'

2023-02-17 21:44:31 - [MESSAGE][PASSED] - Text '01' is set on object 'Object Repository/VLink/Page_CCSale/txt_ExpMonth'

2023-02-17 21:44:31 - [MESSAGE][PASSED] - Text '2026' is set on object 'Object Repository/VLink/Page_CCSale/txt_ExpYear'

2023-02-17 21:44:32 - [MESSAGE][PASSED] - Text '' is set on object 'Object Repository/VLink/Page_CCSale/txt_CVV'

2023-02-17 21:44:33 - [MESSAGE][PASSED] - Text '' is set on object 'Object Repository/VLink/Page_CCSale/txt_CVVstate'

2023-02-17 21:44:33 - [MESSAGE][PASSED] - Text '' is set on object 'Object Repository/VLink/Page_CCSale/txt_TrackData'

2023-02-17 21:44:34 - [MESSAGE][PASSED] - Text '' is set on object 'Object Repository/VLink/Page_CCSale/txt_Track1Data'

2023-02-17 21:44:35 - [MESSAGE][PASSED] - Text '' is set on object 'Object Repository/VLink/Page_CCSale/txt_Track2Data'

2023-02-17 21:44:35 - [MESSAGE][PASSED] - Text 'manual' is set on object 'Object Repository/VLink/Page_CCSale/txt_POSEntryMode'

2023-02-17 21:44:36 - [MESSAGE][PASSED] - Text '' is set on object 'Object Repository/VLink/Page_CCSale/txt_Email'

2023-02-17 21:44:37 - [MESSAGE][PASSED] - Text '' is set on object 'Object Repository/VLink/Page_CCSale/txt_OrderNumber'

2023-02-17 21:44:37 - [MESSAGE][PASSED] - Text '' is set on object 'Object Repository/VLink/Page_CCSale/txt_TaxAmount'

2023-02-17 21:44:38 - [MESSAGE][PASSED] - Text '' is set on object 'Object Repository/VLink/Page_CCSale/txt_ChargeDescription'

2023-02-17 21:44:39 - [MESSAGE][PASSED] - Text '' is set on object 'Object Repository/VLink/Page_CCSale/txt_CAN'

2023-02-17 21:44:39 - [MESSAGE][PASSED] - Text '' is set on object 'Object Repository/VLink/Page_CCSale/txt_BillPaymentIndicator'

2023-02-17 21:44:40 - [MESSAGE][PASSED] - Text '' is set on object 'Object Repository/VLink/Page_CCSale/txt_UDF1'

2023-02-17 21:44:41 - [MESSAGE][PASSED] - Text '' is set on object 'Object Repository/VLink/Page_CCSale/txt_UDF2'

2023-02-17 21:44:41 - [MESSAGE][PASSED] - Text '' is set on object 'Object Repository/VLink/Page_CCSale/txt_UDF3'

2023-02-17 21:44:42 - [MESSAGE][PASSED] - Text '' is set on object 'Object Repository/VLink/Page_CCSale/txt_UDF4'

2023-02-17 21:44:43 - [MESSAGE][PASSED] - Text '' is set on object 'Object Repository/VLink/Page_CCSale/txt_UDF5'

2023-02-17 21:44:43 - [MESSAGE][PASSED] - Text '' is set on object 'Object Repository/VLink/Page_CCSale/txt_UDF6'

2023-02-17 21:44:44 - [MESSAGE][PASSED] - Text '' is set on object 'Object Repository/VLink/Page_CCSale/txt_UDF7'

2023-02-17 21:44:45 - [MESSAGE][PASSED] - Text '' is set on object 'Object Repository/VLink/Page_CCSale/txt_UDF8'

2023-02-17 21:44:45 - [MESSAGE][PASSED] - Text '' is set on object 'Object Repository/VLink/Page_CCSale/txt_UDF9'

2023-02-17 21:44:46 - [MESSAGE][PASSED] - Text '' is set on object 'Object Repository/VLink/Page_CCSale/txt_UDF10'

2023-02-17 21:44:50 - [MESSAGE][PASSED] - Object: 'Object Repository/VLink/Page_CCSale/btn_ProcessVLinkTransaction' is clicked on

2023-02-17 21:44:55 - [MESSAGE][PASSED] - vlinkPages.saleCCPage.setDataSCC is PASSED

2023-02-17 21:44:55 - [TEST_STEP][PASSED] - if (verifyTextPresent("Transaction approved, no errors", true)): null

2023-02-17 21:44:55 - [MESSAGE][PASSED] - Text 'Transaction approved, no errors' is present on page  using regular expression

2023-02-17 21:44:55 - [TEST_STEP][PASSED] - println("Transaction Approved, no errors text is present on the Confirmation page"): null

2023-02-17 21:44:55 - [TEST_STEP][PASSED] - out.println("Pass Record Number: " + row): null

2023-02-17 21:44:55 - [TEST_STEP][PASSED] - resText = "Pass": null

2023-02-17 21:44:55 - [TEST_STEP][PASSED] - pages.WriteExcel.demoKey(resText, datText, resColumn, datCloumn, fileLoc, nameSheet, row): pages.WriteExcel.demoKey is PASSED

2023-02-17 21:44:55 - [MESSAGE][PASSED] - pages.WriteExcel.demoKey is PASSED

2023-02-17 21:44:55 - [TEST_STEP][PASSED] - sdfo = getText(findTestObject("Object Repository/Page_VLinkReceipt/pre_STX")): Text of object 'Object Repository/Page_VLinkReceipt/pre_STX' is: '<STX>vYX60bnXG2kX                  12127342            0  Transaction approved, no errors                   0                                                                                  Y OK7710   <ETX>'

2023-02-17 21:44:56 - [MESSAGE][PASSED] - Text of object 'Object Repository/Page_VLinkReceipt/pre_STX' is: '<STX>vYX60bnXG2kX                  12127342            0  Transaction approved, no errors                   0                                                                                  Y OK7710   <ETX>'

2023-02-17 21:44:56 - [TEST_STEP][PASSED] - out.println("sdfo: " + sdfo): null

2023-02-17 21:44:56 - [TEST_STEP][PASSED] - remID = substring(5, 35).trim(): null

2023-02-17 21:44:56 - [TEST_STEP][PASSED] - out.println("Remittance ID: " + remID): null

2023-02-17 21:44:56 - [TEST_STEP][PASSED] - traxID = substring(35, 55).trim(): null

2023-02-17 21:44:56 - [TEST_STEP][PASSED] - out.println("Transaction ID: " + traxID): null

2023-02-17 21:44:56 - [TEST_STEP][PASSED] - out.println("End Record Number: " + row): null

2023-02-17 21:44:56 - [TEST_STEP][PASSED] - closeBrowser(): Browser is closed

2023-02-17 21:44:57 - [MESSAGE][PASSED] - Browser is closed

2023-02-17 21:44:57 - [TEST_STEP][PASSED] - ExecuteTC = findTestData(dataFile).getValue("Execute", row): null

2023-02-17 21:44:57 - [TEST_STEP][PASSED] - out.println("Value of Execute is : " + ExecuteTC): null

2023-02-17 21:44:57 - [TEST_STEP][PASSED] - if (ExecuteTC.equalsIgnoreCase("Y")): Browser is closed

2023-02-17 21:44:57 - [TEST_STEP][PASSED] - out.println("Begin Record Number: " + row): null

2023-02-17 21:44:57 - [TEST_STEP][PASSED] - today = new java.util.Date(): null

2023-02-17 21:44:57 - [TEST_STEP][PASSED] - println(today): null

2023-02-17 21:44:57 - [TEST_STEP][PASSED] - datText = today: null

2023-02-17 21:44:57 - [TEST_STEP][PASSED] - openBrowser(VLinkURL + "authcap.html"): Browser is opened with url: 'https://dev-algorithm.govolution.com/vlinktest/QA/version_2_0/authcap.html'

2023-02-17 21:44:57 - [MESSAGE][INFO] - Starting 'Chrome' driver

2023-02-17 21:44:57 - [MESSAGE][INFO] - User set preference: ['acceptInsecureCerts', 'true']

2023-02-17 21:44:57 - [MESSAGE][INFO] - Action delay is set to 0 milliseconds

2023-02-17 21:44:58 - [MESSAGE][PASSED] - Browser is opened with url: 'https://dev-algorithm.govolution.com/vlinktest/QA/version_2_0/authcap.html'

2023-02-17 21:44:58 - [TEST_STEP][PASSED] - maximizeWindow(): Current window maximized

2023-02-17 21:44:59 - [MESSAGE][PASSED] - Current window maximized

2023-02-17 21:44:59 - [TEST_STEP][PASSED] - vlinkPages.saleCCPage.setDataSCC(row, dataFile): vlinkPages.saleCCPage.setDataSCC is PASSED

2023-02-17 21:45:01 - [MESSAGE][PASSED] - Object 'Object Repository/VLink/Page_CCSale/txt_CardNumber' is present

2023-02-17 21:45:02 - [MESSAGE][PASSED] - Text '104' is set on object 'Object Repository/VLink/Page_CCSale/txt_TransactionType'

2023-02-17 21:45:03 - [MESSAGE][PASSED] - Text '2.0C' is set on object 'Object Repository/VLink/Page_CCSale/txt_MessageVersion'

2023-02-17 21:45:03 - [MESSAGE][PASSED] - Text 'SKww4mZP3fK0' is set on object 'Object Repository/VLink/Page_CCSale/txt_RemID'

2023-02-17 21:45:04 - [MESSAGE][PASSED] - Text '665' is set on object 'Object Repository/VLink/Page_CCSale/txt_ApplicationId'

2023-02-17 21:45:05 - [MESSAGE][PASSED] - Text 'username' is set on object 'Object Repository/VLink/Page_CCSale/txt_Username'

2023-02-17 21:45:05 - [MESSAGE][PASSED] - Text 'password' is set on object 'Object Repository/VLink/Page_CCSale/txt_Password'

2023-02-17 21:45:06 - [MESSAGE][PASSED] - Text 'fixed_width' is set on object 'Object Repository/VLink/Page_CCSale/txt_ResponseFormat'

2023-02-17 21:45:06 - [MESSAGE][PASSED] - Text 'ECOM' is set on object 'Object Repository/VLink/Page_CCSale/txt_Category'

2023-02-17 21:45:07 - [MESSAGE][PASSED] - Text '' is set on object 'Object Repository/VLink/Page_CCSale/txt_TransactionID'

2023-02-17 21:45:08 - [MESSAGE][PASSED] - Text '' is set on object 'Object Repository/VLink/Page_CCSale/txt_ApprovalCode'

2023-02-17 21:45:08 - [MESSAGE][PASSED] - Text 'Kris Roshan' is set on object 'Object Repository/VLink/Page_CCSale/txt_CardName'

2023-02-17 21:45:09 - [MESSAGE][PASSED] - Text '258 Elm Road' is set on object 'Object Repository/VLink/Page_CCSale/txt_AL1'

2023-02-17 21:45:10 - [MESSAGE][PASSED] - Text '' is set on object 'Object Repository/VLink/Page_CCSale/txt_AL2'

2023-02-17 21:45:10 - [MESSAGE][PASSED] - Text '' is set on object 'Object Repository/VLink/Page_CCSale/txt_CardCity'

2023-02-17 21:45:11 - [MESSAGE][PASSED] - Text '' is set on object 'Object Repository/VLink/Page_CCSale/txt_CardState'

2023-02-17 21:45:12 - [MESSAGE][PASSED] - Text '22201' is set on object 'Object Repository/VLink/Page_CCSale/txt_CardZIP'

2023-02-17 21:45:12 - [MESSAGE][PASSED] - Text '' is set on object 'Object Repository/VLink/Page_CCSale/txt_CountryID'

2023-02-17 21:45:13 - [MESSAGE][PASSED] - Text '1.50' is set on object 'Object Repository/VLink/Page_CCSale/txt_Amount'

2023-02-17 21:45:14 - [MESSAGE][PASSED] - Text '4111111111111111' is set on object 'Object Repository/VLink/Page_CCSale/txt_CardNumber'

2023-02-17 21:45:14 - [MESSAGE][PASSED] - Text '12' is set on object 'Object Repository/VLink/Page_CCSale/txt_ExpMonth'

2023-02-17 21:45:15 - [MESSAGE][PASSED] - Text '2025' is set on object 'Object Repository/VLink/Page_CCSale/txt_ExpYear'

2023-02-17 21:45:16 - [MESSAGE][PASSED] - Text '' is set on object 'Object Repository/VLink/Page_CCSale/txt_CVV'

2023-02-17 21:45:16 - [MESSAGE][PASSED] - Text '' is set on object 'Object Repository/VLink/Page_CCSale/txt_CVVstate'

2023-02-17 21:45:17 - [MESSAGE][PASSED] - Text '' is set on object 'Object Repository/VLink/Page_CCSale/txt_TrackData'

2023-02-17 21:45:18 - [MESSAGE][PASSED] - Text '' is set on object 'Object Repository/VLink/Page_CCSale/txt_Track1Data'

2023-02-17 21:45:18 - [MESSAGE][PASSED] - Text '' is set on object 'Object Repository/VLink/Page_CCSale/txt_Track2Data'

2023-02-17 21:45:19 - [MESSAGE][PASSED] - Text '' is set on object 'Object Repository/VLink/Page_CCSale/txt_POSEntryMode'

2023-02-17 21:45:20 - [MESSAGE][PASSED] - Text '' is set on object 'Object Repository/VLink/Page_CCSale/txt_Email'

2023-02-17 21:45:21 - [MESSAGE][PASSED] - Text '' is set on object 'Object Repository/VLink/Page_CCSale/txt_OrderNumber'

2023-02-17 21:45:21 - [MESSAGE][PASSED] - Text '' is set on object 'Object Repository/VLink/Page_CCSale/txt_TaxAmount'

2023-02-17 21:45:22 - [MESSAGE][PASSED] - Text '' is set on object 'Object Repository/VLink/Page_CCSale/txt_ChargeDescription'

2023-02-17 21:45:23 - [MESSAGE][PASSED] - Text '' is set on object 'Object Repository/VLink/Page_CCSale/txt_CAN'

2023-02-17 21:45:23 - [MESSAGE][PASSED] - Text '' is set on object 'Object Repository/VLink/Page_CCSale/txt_BillPaymentIndicator'

2023-02-17 21:45:24 - [MESSAGE][PASSED] - Text '' is set on object 'Object Repository/VLink/Page_CCSale/txt_UDF1'

2023-02-17 21:45:25 - [MESSAGE][PASSED] - Text '' is set on object 'Object Repository/VLink/Page_CCSale/txt_UDF2'

2023-02-17 21:45:25 - [MESSAGE][PASSED] - Text '' is set on object 'Object Repository/VLink/Page_CCSale/txt_UDF3'

2023-02-17 21:45:26 - [MESSAGE][PASSED] - Text '' is set on object 'Object Repository/VLink/Page_CCSale/txt_UDF4'

2023-02-17 21:45:27 - [MESSAGE][PASSED] - Text '' is set on object 'Object Repository/VLink/Page_CCSale/txt_UDF5'

2023-02-17 21:45:27 - [MESSAGE][PASSED] - Text '' is set on object 'Object Repository/VLink/Page_CCSale/txt_UDF6'

2023-02-17 21:45:28 - [MESSAGE][PASSED] - Text '' is set on object 'Object Repository/VLink/Page_CCSale/txt_UDF7'

2023-02-17 21:45:29 - [MESSAGE][PASSED] - Text '' is set on object 'Object Repository/VLink/Page_CCSale/txt_UDF8'

2023-02-17 21:45:29 - [MESSAGE][PASSED] - Text '' is set on object 'Object Repository/VLink/Page_CCSale/txt_UDF9'

2023-02-17 21:45:30 - [MESSAGE][PASSED] - Text '' is set on object 'Object Repository/VLink/Page_CCSale/txt_UDF10'

2023-02-17 21:45:33 - [MESSAGE][PASSED] - Object: 'Object Repository/VLink/Page_CCSale/btn_ProcessVLinkTransaction' is clicked on

2023-02-17 21:45:38 - [MESSAGE][PASSED] - vlinkPages.saleCCPage.setDataSCC is PASSED

2023-02-17 21:45:38 - [TEST_STEP][PASSED] - if (verifyTextPresent("Transaction approved, no errors", true)): null

2023-02-17 21:45:38 - [MESSAGE][PASSED] - Text 'Transaction approved, no errors' is present on page  using regular expression

2023-02-17 21:45:38 - [TEST_STEP][PASSED] - println("Transaction Approved, no errors text is present on the Confirmation page"): null

2023-02-17 21:45:38 - [TEST_STEP][PASSED] - out.println("Pass Record Number: " + row): null

2023-02-17 21:45:38 - [TEST_STEP][PASSED] - resText = "Pass": null

2023-02-17 21:45:38 - [TEST_STEP][PASSED] - pages.WriteExcel.demoKey(resText, datText, resColumn, datCloumn, fileLoc, nameSheet, row): pages.WriteExcel.demoKey is PASSED

2023-02-17 21:45:38 - [MESSAGE][PASSED] - pages.WriteExcel.demoKey is PASSED

2023-02-17 21:45:38 - [TEST_STEP][PASSED] - sdfo = getText(findTestObject("Object Repository/Page_VLinkReceipt/pre_STX")): Text of object 'Object Repository/Page_VLinkReceipt/pre_STX' is: '<STX>SKww4mZP3fK0                  12127343            0  Transaction approved, no errors                   0                                                                                  XXOK3373   <ETX>'

2023-02-17 21:45:38 - [MESSAGE][PASSED] - Text of object 'Object Repository/Page_VLinkReceipt/pre_STX' is: '<STX>SKww4mZP3fK0                  12127343            0  Transaction approved, no errors                   0                                                                                  XXOK3373   <ETX>'

2023-02-17 21:45:38 - [TEST_STEP][PASSED] - out.println("sdfo: " + sdfo): null

2023-02-17 21:45:38 - [TEST_STEP][PASSED] - remID = substring(5, 35).trim(): null

2023-02-17 21:45:38 - [TEST_STEP][PASSED] - out.println("Remittance ID: " + remID): null

2023-02-17 21:45:38 - [TEST_STEP][PASSED] - traxID = substring(35, 55).trim(): null

2023-02-17 21:45:38 - [TEST_STEP][PASSED] - out.println("Transaction ID: " + traxID): null

2023-02-17 21:45:38 - [TEST_STEP][PASSED] - out.println("End Record Number: " + row): null

2023-02-17 21:45:38 - [TEST_STEP][PASSED] - closeBrowser(): Browser is closed

2023-02-17 21:45:39 - [MESSAGE][PASSED] - Browser is closed

2023-02-17 21:45:39 - [TEST_STEP][PASSED] - ExecuteTC = findTestData(dataFile).getValue("Execute", row): null

2023-02-17 21:45:39 - [TEST_STEP][PASSED] - out.println("Value of Execute is : " + ExecuteTC): null

2023-02-17 21:45:39 - [TEST_STEP][PASSED] - if (ExecuteTC.equalsIgnoreCase("Y")): Browser is closed

2023-02-17 21:45:39 - [TEST_STEP][PASSED] - out.println("Begin Record Number: " + row): null

2023-02-17 21:45:39 - [TEST_STEP][PASSED] - today = new java.util.Date(): null

2023-02-17 21:45:39 - [TEST_STEP][PASSED] - println(today): null

2023-02-17 21:45:39 - [TEST_STEP][PASSED] - datText = today: null

2023-02-17 21:45:39 - [TEST_STEP][PASSED] - openBrowser(VLinkURL + "authcap.html"): Browser is opened with url: 'https://dev-algorithm.govolution.com/vlinktest/QA/version_2_0/authcap.html'

2023-02-17 21:45:39 - [MESSAGE][INFO] - Starting 'Chrome' driver

2023-02-17 21:45:39 - [MESSAGE][INFO] - User set preference: ['acceptInsecureCerts', 'true']

2023-02-17 21:45:39 - [MESSAGE][INFO] - Action delay is set to 0 milliseconds

2023-02-17 21:45:41 - [MESSAGE][PASSED] - Browser is opened with url: 'https://dev-algorithm.govolution.com/vlinktest/QA/version_2_0/authcap.html'

2023-02-17 21:45:41 - [TEST_STEP][PASSED] - maximizeWindow(): Current window maximized

2023-02-17 21:45:41 - [MESSAGE][PASSED] - Current window maximized

2023-02-17 21:45:41 - [TEST_STEP][PASSED] - vlinkPages.saleCCPage.setDataSCC(row, dataFile): vlinkPages.saleCCPage.setDataSCC is PASSED

2023-02-17 21:45:44 - [MESSAGE][PASSED] - Object 'Object Repository/VLink/Page_CCSale/txt_CardNumber' is present

2023-02-17 21:45:45 - [MESSAGE][PASSED] - Text '104' is set on object 'Object Repository/VLink/Page_CCSale/txt_TransactionType'

2023-02-17 21:45:45 - [MESSAGE][PASSED] - Text '2.0C' is set on object 'Object Repository/VLink/Page_CCSale/txt_MessageVersion'

2023-02-17 21:45:46 - [MESSAGE][PASSED] - Text '9cM43igX8Le3' is set on object 'Object Repository/VLink/Page_CCSale/txt_RemID'

2023-02-17 21:45:47 - [MESSAGE][PASSED] - Text '665' is set on object 'Object Repository/VLink/Page_CCSale/txt_ApplicationId'

2023-02-17 21:45:47 - [MESSAGE][PASSED] - Text 'username' is set on object 'Object Repository/VLink/Page_CCSale/txt_Username'

2023-02-17 21:45:48 - [MESSAGE][PASSED] - Text 'password' is set on object 'Object Repository/VLink/Page_CCSale/txt_Password'

2023-02-17 21:45:48 - [MESSAGE][PASSED] - Text 'fixed_width' is set on object 'Object Repository/VLink/Page_CCSale/txt_ResponseFormat'

2023-02-17 21:45:49 - [MESSAGE][PASSED] - Text 'MOTO' is set on object 'Object Repository/VLink/Page_CCSale/txt_Category'

2023-02-17 21:45:50 - [MESSAGE][PASSED] - Text '' is set on object 'Object Repository/VLink/Page_CCSale/txt_TransactionID'

2023-02-17 21:45:50 - [MESSAGE][PASSED] - Text '' is set on object 'Object Repository/VLink/Page_CCSale/txt_ApprovalCode'

2023-02-17 21:45:51 - [MESSAGE][PASSED] - Text 'Kris Roshan' is set on object 'Object Repository/VLink/Page_CCSale/txt_CardName'

2023-02-17 21:45:52 - [MESSAGE][PASSED] - Text '258 Elm Road' is set on object 'Object Repository/VLink/Page_CCSale/txt_AL1'

2023-02-17 21:45:52 - [MESSAGE][PASSED] - Text '' is set on object 'Object Repository/VLink/Page_CCSale/txt_AL2'

2023-02-17 21:45:53 - [MESSAGE][PASSED] - Text '' is set on object 'Object Repository/VLink/Page_CCSale/txt_CardCity'

2023-02-17 21:45:54 - [MESSAGE][PASSED] - Text '' is set on object 'Object Repository/VLink/Page_CCSale/txt_CardState'

2023-02-17 21:45:54 - [MESSAGE][PASSED] - Text '22201' is set on object 'Object Repository/VLink/Page_CCSale/txt_CardZIP'

2023-02-17 21:45:55 - [MESSAGE][PASSED] - Text '' is set on object 'Object Repository/VLink/Page_CCSale/txt_CountryID'

2023-02-17 21:45:56 - [MESSAGE][PASSED] - Text '1.50' is set on object 'Object Repository/VLink/Page_CCSale/txt_Amount'

2023-02-17 21:45:57 - [MESSAGE][PASSED] - Text '4111111111111111' is set on object 'Object Repository/VLink/Page_CCSale/txt_CardNumber'

2023-02-17 21:45:57 - [MESSAGE][PASSED] - Text '12' is set on object 'Object Repository/VLink/Page_CCSale/txt_ExpMonth'

2023-02-17 21:45:58 - [MESSAGE][PASSED] - Text '2025' is set on object 'Object Repository/VLink/Page_CCSale/txt_ExpYear'

2023-02-17 21:45:58 - [MESSAGE][PASSED] - Text '' is set on object 'Object Repository/VLink/Page_CCSale/txt_CVV'

2023-02-17 21:45:59 - [MESSAGE][PASSED] - Text '' is set on object 'Object Repository/VLink/Page_CCSale/txt_CVVstate'

2023-02-17 21:46:00 - [MESSAGE][PASSED] - Text '' is set on object 'Object Repository/VLink/Page_CCSale/txt_TrackData'

2023-02-17 21:46:00 - [MESSAGE][PASSED] - Text '' is set on object 'Object Repository/VLink/Page_CCSale/txt_Track1Data'

2023-02-17 21:46:01 - [MESSAGE][PASSED] - Text '' is set on object 'Object Repository/VLink/Page_CCSale/txt_Track2Data'

2023-02-17 21:46:02 - [MESSAGE][PASSED] - Text '' is set on object 'Object Repository/VLink/Page_CCSale/txt_POSEntryMode'

2023-02-17 21:46:02 - [MESSAGE][PASSED] - Text '' is set on object 'Object Repository/VLink/Page_CCSale/txt_Email'

2023-02-17 21:46:03 - [MESSAGE][PASSED] - Text '' is set on object 'Object Repository/VLink/Page_CCSale/txt_OrderNumber'

2023-02-17 21:46:04 - [MESSAGE][PASSED] - Text '' is set on object 'Object Repository/VLink/Page_CCSale/txt_TaxAmount'

2023-02-17 21:46:04 - [MESSAGE][PASSED] - Text '' is set on object 'Object Repository/VLink/Page_CCSale/txt_ChargeDescription'

2023-02-17 21:46:05 - [MESSAGE][PASSED] - Text '' is set on object 'Object Repository/VLink/Page_CCSale/txt_CAN'

2023-02-17 21:46:06 - [MESSAGE][PASSED] - Text '' is set on object 'Object Repository/VLink/Page_CCSale/txt_BillPaymentIndicator'

2023-02-17 21:46:06 - [MESSAGE][PASSED] - Text '' is set on object 'Object Repository/VLink/Page_CCSale/txt_UDF1'

2023-02-17 21:46:07 - [MESSAGE][PASSED] - Text '' is set on object 'Object Repository/VLink/Page_CCSale/txt_UDF2'

2023-02-17 21:46:08 - [MESSAGE][PASSED] - Text '' is set on object 'Object Repository/VLink/Page_CCSale/txt_UDF3'

2023-02-17 21:46:08 - [MESSAGE][PASSED] - Text '' is set on object 'Object Repository/VLink/Page_CCSale/txt_UDF4'

2023-02-17 21:46:09 - [MESSAGE][PASSED] - Text '' is set on object 'Object Repository/VLink/Page_CCSale/txt_UDF5'

2023-02-17 21:46:10 - [MESSAGE][PASSED] - Text '' is set on object 'Object Repository/VLink/Page_CCSale/txt_UDF6'

2023-02-17 21:46:11 - [MESSAGE][PASSED] - Text '' is set on object 'Object Repository/VLink/Page_CCSale/txt_UDF7'

2023-02-17 21:46:11 - [MESSAGE][PASSED] - Text '' is set on object 'Object Repository/VLink/Page_CCSale/txt_UDF8'

2023-02-17 21:46:12 - [MESSAGE][PASSED] - Text '' is set on object 'Object Repository/VLink/Page_CCSale/txt_UDF9'

2023-02-17 21:46:13 - [MESSAGE][PASSED] - Text '' is set on object 'Object Repository/VLink/Page_CCSale/txt_UDF10'

2023-02-17 21:46:15 - [MESSAGE][PASSED] - Object: 'Object Repository/VLink/Page_CCSale/btn_ProcessVLinkTransaction' is clicked on

2023-02-17 21:46:20 - [MESSAGE][PASSED] - vlinkPages.saleCCPage.setDataSCC is PASSED

2023-02-17 21:46:20 - [TEST_STEP][PASSED] - if (verifyTextPresent("Transaction approved, no errors", true)): null

2023-02-17 21:46:20 - [MESSAGE][PASSED] - Text 'Transaction approved, no errors' is present on page  using regular expression

2023-02-17 21:46:20 - [TEST_STEP][PASSED] - println("Transaction Approved, no errors text is present on the Confirmation page"): null

2023-02-17 21:46:20 - [TEST_STEP][PASSED] - out.println("Pass Record Number: " + row): null

2023-02-17 21:46:20 - [TEST_STEP][PASSED] - resText = "Pass": null

2023-02-17 21:46:20 - [TEST_STEP][PASSED] - pages.WriteExcel.demoKey(resText, datText, resColumn, datCloumn, fileLoc, nameSheet, row): pages.WriteExcel.demoKey is PASSED

2023-02-17 21:46:20 - [MESSAGE][PASSED] - pages.WriteExcel.demoKey is PASSED

2023-02-17 21:46:20 - [TEST_STEP][PASSED] - sdfo = getText(findTestObject("Object Repository/Page_VLinkReceipt/pre_STX")): Text of object 'Object Repository/Page_VLinkReceipt/pre_STX' is: '<STX>9cM43igX8Le3                  12127344            0  Transaction approved, no errors                   0                                                                                  XXOK3423   <ETX>'

2023-02-17 21:46:21 - [MESSAGE][PASSED] - Text of object 'Object Repository/Page_VLinkReceipt/pre_STX' is: '<STX>9cM43igX8Le3                  12127344            0  Transaction approved, no errors                   0                                                                                  XXOK3423   <ETX>'

2023-02-17 21:46:21 - [TEST_STEP][PASSED] - out.println("sdfo: " + sdfo): null

2023-02-17 21:46:21 - [TEST_STEP][PASSED] - remID = substring(5, 35).trim(): null

2023-02-17 21:46:21 - [TEST_STEP][PASSED] - out.println("Remittance ID: " + remID): null

2023-02-17 21:46:21 - [TEST_STEP][PASSED] - traxID = substring(35, 55).trim(): null

2023-02-17 21:46:21 - [TEST_STEP][PASSED] - out.println("Transaction ID: " + traxID): null

2023-02-17 21:46:21 - [TEST_STEP][PASSED] - out.println("End Record Number: " + row): null

2023-02-17 21:46:21 - [TEST_STEP][PASSED] - closeBrowser(): Browser is closed

2023-02-17 21:46:22 - [MESSAGE][PASSED] - Browser is closed

2023-02-17 21:46:22 - [TEST_STEP][PASSED] - ExecuteTC = findTestData(dataFile).getValue("Execute", row): null

2023-02-17 21:46:22 - [TEST_STEP][PASSED] - out.println("Value of Execute is : " + ExecuteTC): null

2023-02-17 21:46:22 - [TEST_STEP][PASSED] - if (ExecuteTC.equalsIgnoreCase("Y")): Browser is closed

2023-02-17 21:46:22 - [TEST_STEP][PASSED] - out.println("Begin Record Number: " + row): null

2023-02-17 21:46:22 - [TEST_STEP][PASSED] - today = new java.util.Date(): null

2023-02-17 21:46:22 - [TEST_STEP][PASSED] - println(today): null

2023-02-17 21:46:22 - [TEST_STEP][PASSED] - datText = today: null

2023-02-17 21:46:22 - [TEST_STEP][PASSED] - openBrowser(VLinkURL + "authcap.html"): Browser is opened with url: 'https://dev-algorithm.govolution.com/vlinktest/QA/version_2_0/authcap.html'

2023-02-17 21:46:22 - [MESSAGE][INFO] - Starting 'Chrome' driver

2023-02-17 21:46:22 - [MESSAGE][INFO] - User set preference: ['acceptInsecureCerts', 'true']

2023-02-17 21:46:22 - [MESSAGE][INFO] - Action delay is set to 0 milliseconds

2023-02-17 21:46:23 - [MESSAGE][PASSED] - Browser is opened with url: 'https://dev-algorithm.govolution.com/vlinktest/QA/version_2_0/authcap.html'

2023-02-17 21:46:23 - [TEST_STEP][PASSED] - maximizeWindow(): Current window maximized

2023-02-17 21:46:24 - [MESSAGE][PASSED] - Current window maximized

2023-02-17 21:46:24 - [TEST_STEP][PASSED] - vlinkPages.saleCCPage.setDataSCC(row, dataFile): vlinkPages.saleCCPage.setDataSCC is PASSED

2023-02-17 21:46:26 - [MESSAGE][PASSED] - Object 'Object Repository/VLink/Page_CCSale/txt_CardNumber' is present

2023-02-17 21:46:27 - [MESSAGE][PASSED] - Text '104' is set on object 'Object Repository/VLink/Page_CCSale/txt_TransactionType'

2023-02-17 21:46:28 - [MESSAGE][PASSED] - Text '2.0C' is set on object 'Object Repository/VLink/Page_CCSale/txt_MessageVersion'

2023-02-17 21:46:28 - [MESSAGE][PASSED] - Text 'naqjZkJqEgrd' is set on object 'Object Repository/VLink/Page_CCSale/txt_RemID'

2023-02-17 21:46:29 - [MESSAGE][PASSED] - Text '665' is set on object 'Object Repository/VLink/Page_CCSale/txt_ApplicationId'

2023-02-17 21:46:30 - [MESSAGE][PASSED] - Text 'username' is set on object 'Object Repository/VLink/Page_CCSale/txt_Username'

2023-02-17 21:46:30 - [MESSAGE][PASSED] - Text 'password' is set on object 'Object Repository/VLink/Page_CCSale/txt_Password'

2023-02-17 21:46:31 - [MESSAGE][PASSED] - Text 'fixed_width' is set on object 'Object Repository/VLink/Page_CCSale/txt_ResponseFormat'

2023-02-17 21:46:31 - [MESSAGE][PASSED] - Text 'RETL' is set on object 'Object Repository/VLink/Page_CCSale/txt_Category'

2023-02-17 21:46:32 - [MESSAGE][PASSED] - Text '' is set on object 'Object Repository/VLink/Page_CCSale/txt_TransactionID'

2023-02-17 21:46:33 - [MESSAGE][PASSED] - Text '' is set on object 'Object Repository/VLink/Page_CCSale/txt_ApprovalCode'

2023-02-17 21:46:33 - [MESSAGE][PASSED] - Text 'Kris Roshan' is set on object 'Object Repository/VLink/Page_CCSale/txt_CardName'

2023-02-17 21:46:34 - [MESSAGE][PASSED] - Text '258 Elm Road' is set on object 'Object Repository/VLink/Page_CCSale/txt_AL1'

2023-02-17 21:46:35 - [MESSAGE][PASSED] - Text '' is set on object 'Object Repository/VLink/Page_CCSale/txt_AL2'

2023-02-17 21:46:35 - [MESSAGE][PASSED] - Text '' is set on object 'Object Repository/VLink/Page_CCSale/txt_CardCity'

2023-02-17 21:46:36 - [MESSAGE][PASSED] - Text '' is set on object 'Object Repository/VLink/Page_CCSale/txt_CardState'

2023-02-17 21:46:37 - [MESSAGE][PASSED] - Text '22201' is set on object 'Object Repository/VLink/Page_CCSale/txt_CardZIP'

2023-02-17 21:46:37 - [MESSAGE][PASSED] - Text '' is set on object 'Object Repository/VLink/Page_CCSale/txt_CountryID'

2023-02-17 21:46:38 - [MESSAGE][PASSED] - Text '1.50' is set on object 'Object Repository/VLink/Page_CCSale/txt_Amount'

2023-02-17 21:46:39 - [MESSAGE][PASSED] - Text '4111111111111111' is set on object 'Object Repository/VLink/Page_CCSale/txt_CardNumber'

2023-02-17 21:46:39 - [MESSAGE][PASSED] - Text '12' is set on object 'Object Repository/VLink/Page_CCSale/txt_ExpMonth'

2023-02-17 21:46:40 - [MESSAGE][PASSED] - Text '2025' is set on object 'Object Repository/VLink/Page_CCSale/txt_ExpYear'

2023-02-17 21:46:41 - [MESSAGE][PASSED] - Text '' is set on object 'Object Repository/VLink/Page_CCSale/txt_CVV'

2023-02-17 21:46:41 - [MESSAGE][PASSED] - Text '' is set on object 'Object Repository/VLink/Page_CCSale/txt_CVVstate'

2023-02-17 21:46:42 - [MESSAGE][PASSED] - Text '' is set on object 'Object Repository/VLink/Page_CCSale/txt_TrackData'

2023-02-17 21:46:43 - [MESSAGE][PASSED] - Text '' is set on object 'Object Repository/VLink/Page_CCSale/txt_Track1Data'

2023-02-17 21:46:43 - [MESSAGE][PASSED] - Text '' is set on object 'Object Repository/VLink/Page_CCSale/txt_Track2Data'

2023-02-17 21:46:44 - [MESSAGE][PASSED] - Text '' is set on object 'Object Repository/VLink/Page_CCSale/txt_POSEntryMode'

2023-02-17 21:46:45 - [MESSAGE][PASSED] - Text '' is set on object 'Object Repository/VLink/Page_CCSale/txt_Email'

2023-02-17 21:46:45 - [MESSAGE][PASSED] - Text '' is set on object 'Object Repository/VLink/Page_CCSale/txt_OrderNumber'

2023-02-17 21:46:46 - [MESSAGE][PASSED] - Text '' is set on object 'Object Repository/VLink/Page_CCSale/txt_TaxAmount'

2023-02-17 21:46:47 - [MESSAGE][PASSED] - Text '' is set on object 'Object Repository/VLink/Page_CCSale/txt_ChargeDescription'

2023-02-17 21:46:47 - [MESSAGE][PASSED] - Text '' is set on object 'Object Repository/VLink/Page_CCSale/txt_CAN'

2023-02-17 21:46:48 - [MESSAGE][PASSED] - Text '' is set on object 'Object Repository/VLink/Page_CCSale/txt_BillPaymentIndicator'

2023-02-17 21:46:49 - [MESSAGE][PASSED] - Text '' is set on object 'Object Repository/VLink/Page_CCSale/txt_UDF1'

2023-02-17 21:46:50 - [MESSAGE][PASSED] - Text '' is set on object 'Object Repository/VLink/Page_CCSale/txt_UDF2'

2023-02-17 21:46:50 - [MESSAGE][PASSED] - Text '' is set on object 'Object Repository/VLink/Page_CCSale/txt_UDF3'

2023-02-17 21:46:51 - [MESSAGE][PASSED] - Text '' is set on object 'Object Repository/VLink/Page_CCSale/txt_UDF4'

2023-02-17 21:46:52 - [MESSAGE][PASSED] - Text '' is set on object 'Object Repository/VLink/Page_CCSale/txt_UDF5'

2023-02-17 21:46:52 - [MESSAGE][PASSED] - Text '' is set on object 'Object Repository/VLink/Page_CCSale/txt_UDF6'

2023-02-17 21:46:53 - [MESSAGE][PASSED] - Text '' is set on object 'Object Repository/VLink/Page_CCSale/txt_UDF7'

2023-02-17 21:46:54 - [MESSAGE][PASSED] - Text '' is set on object 'Object Repository/VLink/Page_CCSale/txt_UDF8'

2023-02-17 21:46:54 - [MESSAGE][PASSED] - Text '' is set on object 'Object Repository/VLink/Page_CCSale/txt_UDF9'

2023-02-17 21:46:55 - [MESSAGE][PASSED] - Text '' is set on object 'Object Repository/VLink/Page_CCSale/txt_UDF10'

2023-02-17 21:46:57 - [MESSAGE][PASSED] - Object: 'Object Repository/VLink/Page_CCSale/btn_ProcessVLinkTransaction' is clicked on

2023-02-17 21:47:02 - [MESSAGE][PASSED] - vlinkPages.saleCCPage.setDataSCC is PASSED

2023-02-17 21:47:02 - [TEST_STEP][PASSED] - if (verifyTextPresent("Transaction approved, no errors", true)): null

2023-02-17 21:47:03 - [MESSAGE][PASSED] - Text 'Transaction approved, no errors' is present on page  using regular expression

2023-02-17 21:47:03 - [TEST_STEP][PASSED] - println("Transaction Approved, no errors text is present on the Confirmation page"): null

2023-02-17 21:47:03 - [TEST_STEP][PASSED] - out.println("Pass Record Number: " + row): null

2023-02-17 21:47:03 - [TEST_STEP][PASSED] - resText = "Pass": null

2023-02-17 21:47:03 - [TEST_STEP][PASSED] - pages.WriteExcel.demoKey(resText, datText, resColumn, datCloumn, fileLoc, nameSheet, row): pages.WriteExcel.demoKey is PASSED

2023-02-17 21:47:03 - [MESSAGE][PASSED] - pages.WriteExcel.demoKey is PASSED

2023-02-17 21:47:03 - [TEST_STEP][PASSED] - sdfo = getText(findTestObject("Object Repository/Page_VLinkReceipt/pre_STX")): Text of object 'Object Repository/Page_VLinkReceipt/pre_STX' is: '<STX>naqjZkJqEgrd                  12127345            0  Transaction approved, no errors                   0                                                                                  X OK3453   <ETX>'

2023-02-17 21:47:03 - [MESSAGE][PASSED] - Text of object 'Object Repository/Page_VLinkReceipt/pre_STX' is: '<STX>naqjZkJqEgrd                  12127345            0  Transaction approved, no errors                   0                                                                                  X OK3453   <ETX>'

2023-02-17 21:47:03 - [TEST_STEP][PASSED] - out.println("sdfo: " + sdfo): null

2023-02-17 21:47:03 - [TEST_STEP][PASSED] - remID = substring(5, 35).trim(): null

2023-02-17 21:47:03 - [TEST_STEP][PASSED] - out.println("Remittance ID: " + remID): null

2023-02-17 21:47:03 - [TEST_STEP][PASSED] - traxID = substring(35, 55).trim(): null

2023-02-17 21:47:03 - [TEST_STEP][PASSED] - out.println("Transaction ID: " + traxID): null

2023-02-17 21:47:03 - [TEST_STEP][PASSED] - out.println("End Record Number: " + row): null

2023-02-17 21:47:03 - [TEST_STEP][PASSED] - closeBrowser(): Browser is closed

2023-02-17 21:47:04 - [MESSAGE][PASSED] - Browser is closed

2023-02-17 21:47:04 - [TEST_STEP][PASSED] - ExecuteTC = findTestData(dataFile).getValue("Execute", row): null

2023-02-17 21:47:04 - [TEST_STEP][PASSED] - out.println("Value of Execute is : " + ExecuteTC): null

2023-02-17 21:47:04 - [TEST_STEP][PASSED] - if (ExecuteTC.equalsIgnoreCase("Y")): Browser is closed

2023-02-17 21:47:04 - [TEST_STEP][PASSED] - out.println("Begin Record Number: " + row): null

2023-02-17 21:47:04 - [TEST_STEP][PASSED] - today = new java.util.Date(): null

2023-02-17 21:47:04 - [TEST_STEP][PASSED] - println(today): null

2023-02-17 21:47:04 - [TEST_STEP][PASSED] - datText = today: null

2023-02-17 21:47:04 - [TEST_STEP][PASSED] - openBrowser(VLinkURL + "authcap.html"): Browser is opened with url: 'https://dev-algorithm.govolution.com/vlinktest/QA/version_2_0/authcap.html'

2023-02-17 21:47:04 - [MESSAGE][INFO] - Starting 'Chrome' driver

2023-02-17 21:47:04 - [MESSAGE][INFO] - User set preference: ['acceptInsecureCerts', 'true']

2023-02-17 21:47:04 - [MESSAGE][INFO] - Action delay is set to 0 milliseconds

2023-02-17 21:47:06 - [MESSAGE][PASSED] - Browser is opened with url: 'https://dev-algorithm.govolution.com/vlinktest/QA/version_2_0/authcap.html'

2023-02-17 21:47:06 - [TEST_STEP][PASSED] - maximizeWindow(): Current window maximized

2023-02-17 21:47:06 - [MESSAGE][PASSED] - Current window maximized

2023-02-17 21:47:06 - [TEST_STEP][PASSED] - vlinkPages.saleCCPage.setDataSCC(row, dataFile): vlinkPages.saleCCPage.setDataSCC is PASSED

2023-02-17 21:47:09 - [MESSAGE][PASSED] - Object 'Object Repository/VLink/Page_CCSale/txt_CardNumber' is present

2023-02-17 21:47:10 - [MESSAGE][PASSED] - Text '104' is set on object 'Object Repository/VLink/Page_CCSale/txt_TransactionType'

2023-02-17 21:47:10 - [MESSAGE][PASSED] - Text '2.0C' is set on object 'Object Repository/VLink/Page_CCSale/txt_MessageVersion'

2023-02-17 21:47:11 - [MESSAGE][PASSED] - Text 'aCQGx2Y56SBh' is set on object 'Object Repository/VLink/Page_CCSale/txt_RemID'

2023-02-17 21:47:12 - [MESSAGE][PASSED] - Text '667' is set on object 'Object Repository/VLink/Page_CCSale/txt_ApplicationId'

2023-02-17 21:47:12 - [MESSAGE][PASSED] - Text 'username' is set on object 'Object Repository/VLink/Page_CCSale/txt_Username'

2023-02-17 21:47:13 - [MESSAGE][PASSED] - Text 'password' is set on object 'Object Repository/VLink/Page_CCSale/txt_Password'

2023-02-17 21:47:13 - [MESSAGE][PASSED] - Text 'fixed_width' is set on object 'Object Repository/VLink/Page_CCSale/txt_ResponseFormat'

2023-02-17 21:47:14 - [MESSAGE][PASSED] - Text 'ECOM' is set on object 'Object Repository/VLink/Page_CCSale/txt_Category'

2023-02-17 21:47:15 - [MESSAGE][PASSED] - Text '' is set on object 'Object Repository/VLink/Page_CCSale/txt_TransactionID'

2023-02-17 21:47:15 - [MESSAGE][PASSED] - Text '' is set on object 'Object Repository/VLink/Page_CCSale/txt_ApprovalCode'

2023-02-17 21:47:16 - [MESSAGE][PASSED] - Text 'Kris Roshan' is set on object 'Object Repository/VLink/Page_CCSale/txt_CardName'

2023-02-17 21:47:17 - [MESSAGE][PASSED] - Text '258 Elm Road' is set on object 'Object Repository/VLink/Page_CCSale/txt_AL1'

2023-02-17 21:47:17 - [MESSAGE][PASSED] - Text '' is set on object 'Object Repository/VLink/Page_CCSale/txt_AL2'

2023-02-17 21:47:18 - [MESSAGE][PASSED] - Text '' is set on object 'Object Repository/VLink/Page_CCSale/txt_CardCity'

2023-02-17 21:47:19 - [MESSAGE][PASSED] - Text '' is set on object 'Object Repository/VLink/Page_CCSale/txt_CardState'

2023-02-17 21:47:20 - [MESSAGE][PASSED] - Text '22201' is set on object 'Object Repository/VLink/Page_CCSale/txt_CardZIP'

2023-02-17 21:47:20 - [MESSAGE][PASSED] - Text '' is set on object 'Object Repository/VLink/Page_CCSale/txt_CountryID'

2023-02-17 21:47:21 - [MESSAGE][PASSED] - Text '1.50' is set on object 'Object Repository/VLink/Page_CCSale/txt_Amount'

2023-02-17 21:47:22 - [MESSAGE][PASSED] - Text '4111111111111111' is set on object 'Object Repository/VLink/Page_CCSale/txt_CardNumber'

2023-02-17 21:47:22 - [MESSAGE][PASSED] - Text '12' is set on object 'Object Repository/VLink/Page_CCSale/txt_ExpMonth'

2023-02-17 21:47:23 - [MESSAGE][PASSED] - Text '2025' is set on object 'Object Repository/VLink/Page_CCSale/txt_ExpYear'

2023-02-17 21:47:24 - [MESSAGE][PASSED] - Text '' is set on object 'Object Repository/VLink/Page_CCSale/txt_CVV'

2023-02-17 21:47:24 - [MESSAGE][PASSED] - Text '' is set on object 'Object Repository/VLink/Page_CCSale/txt_CVVstate'

2023-02-17 21:47:25 - [MESSAGE][PASSED] - Text '' is set on object 'Object Repository/VLink/Page_CCSale/txt_TrackData'

2023-02-17 21:47:26 - [MESSAGE][PASSED] - Text '' is set on object 'Object Repository/VLink/Page_CCSale/txt_Track1Data'

2023-02-17 21:47:26 - [MESSAGE][PASSED] - Text '' is set on object 'Object Repository/VLink/Page_CCSale/txt_Track2Data'

2023-02-17 21:47:27 - [MESSAGE][PASSED] - Text '' is set on object 'Object Repository/VLink/Page_CCSale/txt_POSEntryMode'

2023-02-17 21:47:28 - [MESSAGE][PASSED] - Text '' is set on object 'Object Repository/VLink/Page_CCSale/txt_Email'

2023-02-17 21:47:28 - [MESSAGE][PASSED] - Text '' is set on object 'Object Repository/VLink/Page_CCSale/txt_OrderNumber'

2023-02-17 21:47:29 - [MESSAGE][PASSED] - Text '' is set on object 'Object Repository/VLink/Page_CCSale/txt_TaxAmount'

2023-02-17 21:47:30 - [MESSAGE][PASSED] - Text '' is set on object 'Object Repository/VLink/Page_CCSale/txt_ChargeDescription'

2023-02-17 21:47:30 - [MESSAGE][PASSED] - Text '' is set on object 'Object Repository/VLink/Page_CCSale/txt_CAN'

2023-02-17 21:47:31 - [MESSAGE][PASSED] - Text '' is set on object 'Object Repository/VLink/Page_CCSale/txt_BillPaymentIndicator'

2023-02-17 21:47:32 - [MESSAGE][PASSED] - Text '' is set on object 'Object Repository/VLink/Page_CCSale/txt_UDF1'

2023-02-17 21:47:32 - [MESSAGE][PASSED] - Text '' is set on object 'Object Repository/VLink/Page_CCSale/txt_UDF2'

2023-02-17 21:47:33 - [MESSAGE][PASSED] - Text '' is set on object 'Object Repository/VLink/Page_CCSale/txt_UDF3'

2023-02-17 21:47:34 - [MESSAGE][PASSED] - Text '' is set on object 'Object Repository/VLink/Page_CCSale/txt_UDF4'

2023-02-17 21:47:34 - [MESSAGE][PASSED] - Text '' is set on object 'Object Repository/VLink/Page_CCSale/txt_UDF5'

2023-02-17 21:47:35 - [MESSAGE][PASSED] - Text '' is set on object 'Object Repository/VLink/Page_CCSale/txt_UDF6'

2023-02-17 21:47:36 - [MESSAGE][PASSED] - Text '' is set on object 'Object Repository/VLink/Page_CCSale/txt_UDF7'

2023-02-17 21:47:37 - [MESSAGE][PASSED] - Text '' is set on object 'Object Repository/VLink/Page_CCSale/txt_UDF8'

2023-02-17 21:47:37 - [MESSAGE][PASSED] - Text '' is set on object 'Object Repository/VLink/Page_CCSale/txt_UDF9'

2023-02-17 21:47:38 - [MESSAGE][PASSED] - Text '' is set on object 'Object Repository/VLink/Page_CCSale/txt_UDF10'

2023-02-17 21:47:43 - [MESSAGE][PASSED] - Object: 'Object Repository/VLink/Page_CCSale/btn_ProcessVLinkTransaction' is clicked on

2023-02-17 21:47:48 - [MESSAGE][PASSED] - vlinkPages.saleCCPage.setDataSCC is PASSED

2023-02-17 21:47:48 - [TEST_STEP][PASSED] - if (verifyTextPresent("Transaction approved, no errors", true)): null

2023-02-17 21:47:48 - [MESSAGE][PASSED] - Text 'Transaction approved, no errors' is present on page  using regular expression

2023-02-17 21:47:48 - [TEST_STEP][PASSED] - println("Transaction Approved, no errors text is present on the Confirmation page"): null

2023-02-17 21:47:48 - [TEST_STEP][PASSED] - out.println("Pass Record Number: " + row): null

2023-02-17 21:47:48 - [TEST_STEP][PASSED] - resText = "Pass": null

2023-02-17 21:47:48 - [TEST_STEP][PASSED] - pages.WriteExcel.demoKey(resText, datText, resColumn, datCloumn, fileLoc, nameSheet, row): pages.WriteExcel.demoKey is PASSED

2023-02-17 21:47:48 - [MESSAGE][PASSED] - pages.WriteExcel.demoKey is PASSED

2023-02-17 21:47:48 - [TEST_STEP][PASSED] - sdfo = getText(findTestObject("Object Repository/Page_VLinkReceipt/pre_STX")): Text of object 'Object Repository/Page_VLinkReceipt/pre_STX' is: '<STX>aCQGx2Y56SBh                  12127346            0  Transaction approved, no errors                   0                                                                                  Y OK8450   <ETX>'

2023-02-17 21:47:48 - [MESSAGE][PASSED] - Text of object 'Object Repository/Page_VLinkReceipt/pre_STX' is: '<STX>aCQGx2Y56SBh                  12127346            0  Transaction approved, no errors                   0                                                                                  Y OK8450   <ETX>'

2023-02-17 21:47:48 - [TEST_STEP][PASSED] - out.println("sdfo: " + sdfo): null

2023-02-17 21:47:48 - [TEST_STEP][PASSED] - remID = substring(5, 35).trim(): null

2023-02-17 21:47:48 - [TEST_STEP][PASSED] - out.println("Remittance ID: " + remID): null

2023-02-17 21:47:48 - [TEST_STEP][PASSED] - traxID = substring(35, 55).trim(): null

2023-02-17 21:47:48 - [TEST_STEP][PASSED] - out.println("Transaction ID: " + traxID): null

2023-02-17 21:47:48 - [TEST_STEP][PASSED] - out.println("End Record Number: " + row): null

2023-02-17 21:47:48 - [TEST_STEP][PASSED] - closeBrowser(): Browser is closed

2023-02-17 21:47:49 - [MESSAGE][PASSED] - Browser is closed

2023-02-17 21:47:49 - [TEST_STEP][PASSED] - ExecuteTC = findTestData(dataFile).getValue("Execute", row): null

2023-02-17 21:47:49 - [TEST_STEP][PASSED] - out.println("Value of Execute is : " + ExecuteTC): null

2023-02-17 21:47:49 - [TEST_STEP][PASSED] - if (ExecuteTC.equalsIgnoreCase("Y")): Browser is closed

2023-02-17 21:47:49 - [TEST_STEP][PASSED] - out.println("Begin Record Number: " + row): null

2023-02-17 21:47:49 - [TEST_STEP][PASSED] - today = new java.util.Date(): null

2023-02-17 21:47:49 - [TEST_STEP][PASSED] - println(today): null

2023-02-17 21:47:49 - [TEST_STEP][PASSED] - datText = today: null

2023-02-17 21:47:49 - [TEST_STEP][PASSED] - openBrowser(VLinkURL + "authcap.html"): Browser is opened with url: 'https://dev-algorithm.govolution.com/vlinktest/QA/version_2_0/authcap.html'

2023-02-17 21:47:49 - [MESSAGE][INFO] - Starting 'Chrome' driver

2023-02-17 21:47:49 - [MESSAGE][INFO] - User set preference: ['acceptInsecureCerts', 'true']

2023-02-17 21:47:49 - [MESSAGE][INFO] - Action delay is set to 0 milliseconds

2023-02-17 21:47:51 - [MESSAGE][PASSED] - Browser is opened with url: 'https://dev-algorithm.govolution.com/vlinktest/QA/version_2_0/authcap.html'

2023-02-17 21:47:51 - [TEST_STEP][PASSED] - maximizeWindow(): Current window maximized

2023-02-17 21:47:51 - [MESSAGE][PASSED] - Current window maximized

2023-02-17 21:47:51 - [TEST_STEP][PASSED] - vlinkPages.saleCCPage.setDataSCC(row, dataFile): vlinkPages.saleCCPage.setDataSCC is PASSED

2023-02-17 21:47:54 - [MESSAGE][PASSED] - Object 'Object Repository/VLink/Page_CCSale/txt_CardNumber' is present

2023-02-17 21:47:55 - [MESSAGE][PASSED] - Text '104' is set on object 'Object Repository/VLink/Page_CCSale/txt_TransactionType'

2023-02-17 21:47:56 - [MESSAGE][PASSED] - Text '2.0C' is set on object 'Object Repository/VLink/Page_CCSale/txt_MessageVersion'

2023-02-17 21:47:56 - [MESSAGE][PASSED] - Text 'Nyi8KFVTnLp4' is set on object 'Object Repository/VLink/Page_CCSale/txt_RemID'

2023-02-17 21:47:57 - [MESSAGE][PASSED] - Text '670' is set on object 'Object Repository/VLink/Page_CCSale/txt_ApplicationId'

2023-02-17 21:47:57 - [MESSAGE][PASSED] - Text 'username' is set on object 'Object Repository/VLink/Page_CCSale/txt_Username'

2023-02-17 21:47:58 - [MESSAGE][PASSED] - Text 'password' is set on object 'Object Repository/VLink/Page_CCSale/txt_Password'

2023-02-17 21:47:59 - [MESSAGE][PASSED] - Text 'fixed_width' is set on object 'Object Repository/VLink/Page_CCSale/txt_ResponseFormat'

2023-02-17 21:47:59 - [MESSAGE][PASSED] - Text 'MOTO' is set on object 'Object Repository/VLink/Page_CCSale/txt_Category'

2023-02-17 21:48:00 - [MESSAGE][PASSED] - Text '' is set on object 'Object Repository/VLink/Page_CCSale/txt_TransactionID'

2023-02-17 21:48:01 - [MESSAGE][PASSED] - Text '' is set on object 'Object Repository/VLink/Page_CCSale/txt_ApprovalCode'

2023-02-17 21:48:01 - [MESSAGE][PASSED] - Text 'Arvind Silva' is set on object 'Object Repository/VLink/Page_CCSale/txt_CardName'

2023-02-17 21:48:02 - [MESSAGE][PASSED] - Text '111 Main Ave' is set on object 'Object Repository/VLink/Page_CCSale/txt_AL1'

2023-02-17 21:48:03 - [MESSAGE][PASSED] - Text '' is set on object 'Object Repository/VLink/Page_CCSale/txt_AL2'

2023-02-17 21:48:03 - [MESSAGE][PASSED] - Text '' is set on object 'Object Repository/VLink/Page_CCSale/txt_CardCity'

2023-02-17 21:48:04 - [MESSAGE][PASSED] - Text '' is set on object 'Object Repository/VLink/Page_CCSale/txt_CardState'

2023-02-17 21:48:05 - [MESSAGE][PASSED] - Text '22201' is set on object 'Object Repository/VLink/Page_CCSale/txt_CardZIP'

2023-02-17 21:48:05 - [MESSAGE][PASSED] - Text '' is set on object 'Object Repository/VLink/Page_CCSale/txt_CountryID'

2023-02-17 21:48:06 - [MESSAGE][PASSED] - Text '2.50' is set on object 'Object Repository/VLink/Page_CCSale/txt_Amount'

2023-02-17 21:48:06 - [MESSAGE][PASSED] - Text '4111111111111111' is set on object 'Object Repository/VLink/Page_CCSale/txt_CardNumber'

2023-02-17 21:48:07 - [MESSAGE][PASSED] - Text '01' is set on object 'Object Repository/VLink/Page_CCSale/txt_ExpMonth'

2023-02-17 21:48:08 - [MESSAGE][PASSED] - Text '2026' is set on object 'Object Repository/VLink/Page_CCSale/txt_ExpYear'

2023-02-17 21:48:09 - [MESSAGE][PASSED] - Text '' is set on object 'Object Repository/VLink/Page_CCSale/txt_CVV'

2023-02-17 21:48:09 - [MESSAGE][PASSED] - Text '' is set on object 'Object Repository/VLink/Page_CCSale/txt_CVVstate'

2023-02-17 21:48:10 - [MESSAGE][PASSED] - Text '' is set on object 'Object Repository/VLink/Page_CCSale/txt_TrackData'

2023-02-17 21:48:11 - [MESSAGE][PASSED] - Text '' is set on object 'Object Repository/VLink/Page_CCSale/txt_Track1Data'

2023-02-17 21:48:11 - [MESSAGE][PASSED] - Text '' is set on object 'Object Repository/VLink/Page_CCSale/txt_Track2Data'

2023-02-17 21:48:12 - [MESSAGE][PASSED] - Text '' is set on object 'Object Repository/VLink/Page_CCSale/txt_POSEntryMode'

2023-02-17 21:48:13 - [MESSAGE][PASSED] - Text '' is set on object 'Object Repository/VLink/Page_CCSale/txt_Email'

2023-02-17 21:48:13 - [MESSAGE][PASSED] - Text '' is set on object 'Object Repository/VLink/Page_CCSale/txt_OrderNumber'

2023-02-17 21:48:14 - [MESSAGE][PASSED] - Text '' is set on object 'Object Repository/VLink/Page_CCSale/txt_TaxAmount'

2023-02-17 21:48:15 - [MESSAGE][PASSED] - Text '' is set on object 'Object Repository/VLink/Page_CCSale/txt_ChargeDescription'

2023-02-17 21:48:15 - [MESSAGE][PASSED] - Text '' is set on object 'Object Repository/VLink/Page_CCSale/txt_CAN'

2023-02-17 21:48:16 - [MESSAGE][PASSED] - Text '' is set on object 'Object Repository/VLink/Page_CCSale/txt_BillPaymentIndicator'

2023-02-17 21:48:17 - [MESSAGE][PASSED] - Text '' is set on object 'Object Repository/VLink/Page_CCSale/txt_UDF1'

2023-02-17 21:48:17 - [MESSAGE][PASSED] - Text '' is set on object 'Object Repository/VLink/Page_CCSale/txt_UDF2'

2023-02-17 21:48:18 - [MESSAGE][PASSED] - Text '' is set on object 'Object Repository/VLink/Page_CCSale/txt_UDF3'

2023-02-17 21:48:19 - [MESSAGE][PASSED] - Text '' is set on object 'Object Repository/VLink/Page_CCSale/txt_UDF4'

2023-02-17 21:48:19 - [MESSAGE][PASSED] - Text '' is set on object 'Object Repository/VLink/Page_CCSale/txt_UDF5'

2023-02-17 21:48:20 - [MESSAGE][PASSED] - Text '' is set on object 'Object Repository/VLink/Page_CCSale/txt_UDF6'

2023-02-17 21:48:21 - [MESSAGE][PASSED] - Text '' is set on object 'Object Repository/VLink/Page_CCSale/txt_UDF7'

2023-02-17 21:48:21 - [MESSAGE][PASSED] - Text '' is set on object 'Object Repository/VLink/Page_CCSale/txt_UDF8'

2023-02-17 21:48:22 - [MESSAGE][PASSED] - Text '' is set on object 'Object Repository/VLink/Page_CCSale/txt_UDF9'

2023-02-17 21:48:23 - [MESSAGE][PASSED] - Text '' is set on object 'Object Repository/VLink/Page_CCSale/txt_UDF10'

2023-02-17 21:48:27 - [MESSAGE][PASSED] - Object: 'Object Repository/VLink/Page_CCSale/btn_ProcessVLinkTransaction' is clicked on

2023-02-17 21:48:32 - [MESSAGE][PASSED] - vlinkPages.saleCCPage.setDataSCC is PASSED

2023-02-17 21:48:32 - [TEST_STEP][PASSED] - if (verifyTextPresent("Transaction approved, no errors", true)): null

2023-02-17 21:48:32 - [MESSAGE][PASSED] - Text 'Transaction approved, no errors' is present on page  using regular expression

2023-02-17 21:48:32 - [TEST_STEP][PASSED] - println("Transaction Approved, no errors text is present on the Confirmation page"): null

2023-02-17 21:48:32 - [TEST_STEP][PASSED] - out.println("Pass Record Number: " + row): null

2023-02-17 21:48:32 - [TEST_STEP][PASSED] - resText = "Pass": null

2023-02-17 21:48:32 - [TEST_STEP][PASSED] - pages.WriteExcel.demoKey(resText, datText, resColumn, datCloumn, fileLoc, nameSheet, row): pages.WriteExcel.demoKey is PASSED

2023-02-17 21:48:32 - [MESSAGE][PASSED] - pages.WriteExcel.demoKey is PASSED

2023-02-17 21:48:32 - [TEST_STEP][PASSED] - sdfo = getText(findTestObject("Object Repository/Page_VLinkReceipt/pre_STX")): Text of object 'Object Repository/Page_VLinkReceipt/pre_STX' is: '<STX>Nyi8KFVTnLp4                  12127347            0  Transaction approved, no errors                   0                                                                                  Y OK8640   <ETX>'

2023-02-17 21:48:33 - [MESSAGE][PASSED] - Text of object 'Object Repository/Page_VLinkReceipt/pre_STX' is: '<STX>Nyi8KFVTnLp4                  12127347            0  Transaction approved, no errors                   0                                                                                  Y OK8640   <ETX>'

2023-02-17 21:48:33 - [TEST_STEP][PASSED] - out.println("sdfo: " + sdfo): null

2023-02-17 21:48:33 - [TEST_STEP][PASSED] - remID = substring(5, 35).trim(): null

2023-02-17 21:48:33 - [TEST_STEP][PASSED] - out.println("Remittance ID: " + remID): null

2023-02-17 21:48:33 - [TEST_STEP][PASSED] - traxID = substring(35, 55).trim(): null

2023-02-17 21:48:33 - [TEST_STEP][PASSED] - out.println("Transaction ID: " + traxID): null

2023-02-17 21:48:33 - [TEST_STEP][PASSED] - out.println("End Record Number: " + row): null

2023-02-17 21:48:33 - [TEST_STEP][PASSED] - closeBrowser(): Browser is closed

2023-02-17 21:48:33 - [MESSAGE][PASSED] - Browser is closed

2023-02-17 21:48:33 - [TEST_STEP][PASSED] - ExecuteTC = findTestData(dataFile).getValue("Execute", row): null

2023-02-17 21:48:33 - [TEST_STEP][PASSED] - out.println("Value of Execute is : " + ExecuteTC): null

2023-02-17 21:48:33 - [TEST_STEP][PASSED] - if (ExecuteTC.equalsIgnoreCase("Y")): Browser is closed

2023-02-17 21:48:33 - [TEST_STEP][PASSED] - out.println("Begin Record Number: " + row): null

2023-02-17 21:48:33 - [TEST_STEP][PASSED] - today = new java.util.Date(): null

2023-02-17 21:48:33 - [TEST_STEP][PASSED] - println(today): null

2023-02-17 21:48:33 - [TEST_STEP][PASSED] - datText = today: null

2023-02-17 21:48:33 - [TEST_STEP][PASSED] - openBrowser(VLinkURL + "authcap.html"): Browser is opened with url: 'https://dev-algorithm.govolution.com/vlinktest/QA/version_2_0/authcap.html'

2023-02-17 21:48:34 - [MESSAGE][INFO] - Starting 'Chrome' driver

2023-02-17 21:48:34 - [MESSAGE][INFO] - User set preference: ['acceptInsecureCerts', 'true']

2023-02-17 21:48:34 - [MESSAGE][INFO] - Action delay is set to 0 milliseconds

2023-02-17 21:48:35 - [MESSAGE][PASSED] - Browser is opened with url: 'https://dev-algorithm.govolution.com/vlinktest/QA/version_2_0/authcap.html'

2023-02-17 21:48:35 - [TEST_STEP][PASSED] - maximizeWindow(): Current window maximized

2023-02-17 21:48:36 - [MESSAGE][PASSED] - Current window maximized

2023-02-17 21:48:36 - [TEST_STEP][PASSED] - vlinkPages.saleCCPage.setDataSCC(row, dataFile): vlinkPages.saleCCPage.setDataSCC is PASSED

2023-02-17 21:48:38 - [MESSAGE][PASSED] - Object 'Object Repository/VLink/Page_CCSale/txt_CardNumber' is present

2023-02-17 21:48:39 - [MESSAGE][PASSED] - Text '104' is set on object 'Object Repository/VLink/Page_CCSale/txt_TransactionType'

2023-02-17 21:48:40 - [MESSAGE][PASSED] - Text '2.0C' is set on object 'Object Repository/VLink/Page_CCSale/txt_MessageVersion'

2023-02-17 21:48:40 - [MESSAGE][PASSED] - Text 'pMMYDIMA7q0x' is set on object 'Object Repository/VLink/Page_CCSale/txt_RemID'

2023-02-17 21:48:41 - [MESSAGE][PASSED] - Text '671' is set on object 'Object Repository/VLink/Page_CCSale/txt_ApplicationId'

2023-02-17 21:48:41 - [MESSAGE][PASSED] - Text 'username' is set on object 'Object Repository/VLink/Page_CCSale/txt_Username'

2023-02-17 21:48:42 - [MESSAGE][PASSED] - Text 'password' is set on object 'Object Repository/VLink/Page_CCSale/txt_Password'

2023-02-17 21:48:43 - [MESSAGE][PASSED] - Text 'fixed_width' is set on object 'Object Repository/VLink/Page_CCSale/txt_ResponseFormat'

2023-02-17 21:48:43 - [MESSAGE][PASSED] - Text 'RETL' is set on object 'Object Repository/VLink/Page_CCSale/txt_Category'

2023-02-17 21:48:44 - [MESSAGE][PASSED] - Text '' is set on object 'Object Repository/VLink/Page_CCSale/txt_TransactionID'

2023-02-17 21:48:45 - [MESSAGE][PASSED] - Text '' is set on object 'Object Repository/VLink/Page_CCSale/txt_ApprovalCode'

2023-02-17 21:48:45 - [MESSAGE][PASSED] - Text 'Roshan Maha' is set on object 'Object Repository/VLink/Page_CCSale/txt_CardName'

2023-02-17 21:48:46 - [MESSAGE][PASSED] - Text '12563 Bazaar road' is set on object 'Object Repository/VLink/Page_CCSale/txt_AL1'

2023-02-17 21:48:47 - [MESSAGE][PASSED] - Text '' is set on object 'Object Repository/VLink/Page_CCSale/txt_AL2'

2023-02-17 21:48:47 - [MESSAGE][PASSED] - Text '' is set on object 'Object Repository/VLink/Page_CCSale/txt_CardCity'

2023-02-17 21:48:48 - [MESSAGE][PASSED] - Text '' is set on object 'Object Repository/VLink/Page_CCSale/txt_CardState'

2023-02-17 21:48:49 - [MESSAGE][PASSED] - Text '21114' is set on object 'Object Repository/VLink/Page_CCSale/txt_CardZIP'

2023-02-17 21:48:49 - [MESSAGE][PASSED] - Text '' is set on object 'Object Repository/VLink/Page_CCSale/txt_CountryID'

2023-02-17 21:48:50 - [MESSAGE][PASSED] - Text '3.50' is set on object 'Object Repository/VLink/Page_CCSale/txt_Amount'

2023-02-17 21:48:51 - [MESSAGE][PASSED] - Text '4111111111111111' is set on object 'Object Repository/VLink/Page_CCSale/txt_CardNumber'

2023-02-17 21:48:52 - [MESSAGE][PASSED] - Text '01' is set on object 'Object Repository/VLink/Page_CCSale/txt_ExpMonth'

2023-02-17 21:48:52 - [MESSAGE][PASSED] - Text '2026' is set on object 'Object Repository/VLink/Page_CCSale/txt_ExpYear'

2023-02-17 21:48:53 - [MESSAGE][PASSED] - Text '' is set on object 'Object Repository/VLink/Page_CCSale/txt_CVV'

2023-02-17 21:48:54 - [MESSAGE][PASSED] - Text '' is set on object 'Object Repository/VLink/Page_CCSale/txt_CVVstate'

2023-02-17 21:48:54 - [MESSAGE][PASSED] - Text '' is set on object 'Object Repository/VLink/Page_CCSale/txt_TrackData'

2023-02-17 21:48:55 - [MESSAGE][PASSED] - Text '' is set on object 'Object Repository/VLink/Page_CCSale/txt_Track1Data'

2023-02-17 21:48:56 - [MESSAGE][PASSED] - Text '' is set on object 'Object Repository/VLink/Page_CCSale/txt_Track2Data'

2023-02-17 21:48:56 - [MESSAGE][PASSED] - Text '' is set on object 'Object Repository/VLink/Page_CCSale/txt_POSEntryMode'

2023-02-17 21:48:57 - [MESSAGE][PASSED] - Text '' is set on object 'Object Repository/VLink/Page_CCSale/txt_Email'

2023-02-17 21:48:58 - [MESSAGE][PASSED] - Text '' is set on object 'Object Repository/VLink/Page_CCSale/txt_OrderNumber'

2023-02-17 21:48:58 - [MESSAGE][PASSED] - Text '' is set on object 'Object Repository/VLink/Page_CCSale/txt_TaxAmount'

2023-02-17 21:48:59 - [MESSAGE][PASSED] - Text '' is set on object 'Object Repository/VLink/Page_CCSale/txt_ChargeDescription'

2023-02-17 21:49:00 - [MESSAGE][PASSED] - Text '' is set on object 'Object Repository/VLink/Page_CCSale/txt_CAN'

2023-02-17 21:49:00 - [MESSAGE][PASSED] - Text '' is set on object 'Object Repository/VLink/Page_CCSale/txt_BillPaymentIndicator'

2023-02-17 21:49:01 - [MESSAGE][PASSED] - Text '' is set on object 'Object Repository/VLink/Page_CCSale/txt_UDF1'

2023-02-17 21:49:02 - [MESSAGE][PASSED] - Text '' is set on object 'Object Repository/VLink/Page_CCSale/txt_UDF2'

2023-02-17 21:49:02 - [MESSAGE][PASSED] - Text '' is set on object 'Object Repository/VLink/Page_CCSale/txt_UDF3'

2023-02-17 21:49:03 - [MESSAGE][PASSED] - Text '' is set on object 'Object Repository/VLink/Page_CCSale/txt_UDF4'

2023-02-17 21:49:04 - [MESSAGE][PASSED] - Text '' is set on object 'Object Repository/VLink/Page_CCSale/txt_UDF5'

2023-02-17 21:49:04 - [MESSAGE][PASSED] - Text '' is set on object 'Object Repository/VLink/Page_CCSale/txt_UDF6'

2023-02-17 21:49:05 - [MESSAGE][PASSED] - Text '' is set on object 'Object Repository/VLink/Page_CCSale/txt_UDF7'

2023-02-17 21:49:06 - [MESSAGE][PASSED] - Text '' is set on object 'Object Repository/VLink/Page_CCSale/txt_UDF8'

2023-02-17 21:49:06 - [MESSAGE][PASSED] - Text '' is set on object 'Object Repository/VLink/Page_CCSale/txt_UDF9'

2023-02-17 21:49:07 - [MESSAGE][PASSED] - Text '' is set on object 'Object Repository/VLink/Page_CCSale/txt_UDF10'

2023-02-17 21:49:12 - [MESSAGE][PASSED] - Object: 'Object Repository/VLink/Page_CCSale/btn_ProcessVLinkTransaction' is clicked on

2023-02-17 21:49:17 - [MESSAGE][PASSED] - vlinkPages.saleCCPage.setDataSCC is PASSED

2023-02-17 21:49:17 - [TEST_STEP][PASSED] - if (verifyTextPresent("Transaction approved, no errors", true)): null

2023-02-17 21:49:17 - [MESSAGE][PASSED] - Text 'Transaction approved, no errors' is present on page  using regular expression

2023-02-17 21:49:17 - [TEST_STEP][PASSED] - println("Transaction Approved, no errors text is present on the Confirmation page"): null

2023-02-17 21:49:17 - [TEST_STEP][PASSED] - out.println("Pass Record Number: " + row): null

2023-02-17 21:49:17 - [TEST_STEP][PASSED] - resText = "Pass": null

2023-02-17 21:49:17 - [TEST_STEP][PASSED] - pages.WriteExcel.demoKey(resText, datText, resColumn, datCloumn, fileLoc, nameSheet, row): pages.WriteExcel.demoKey is PASSED

2023-02-17 21:49:17 - [MESSAGE][PASSED] - pages.WriteExcel.demoKey is PASSED

2023-02-17 21:49:17 - [TEST_STEP][PASSED] - sdfo = getText(findTestObject("Object Repository/Page_VLinkReceipt/pre_STX")): Text of object 'Object Repository/Page_VLinkReceipt/pre_STX' is: '<STX>pMMYDIMA7q0x                  12127348            0  Transaction approved, no errors                   0                                                                                  Y OK8870   <ETX>'

2023-02-17 21:49:18 - [MESSAGE][PASSED] - Text of object 'Object Repository/Page_VLinkReceipt/pre_STX' is: '<STX>pMMYDIMA7q0x                  12127348            0  Transaction approved, no errors                   0                                                                                  Y OK8870   <ETX>'

2023-02-17 21:49:18 - [TEST_STEP][PASSED] - out.println("sdfo: " + sdfo): null

2023-02-17 21:49:18 - [TEST_STEP][PASSED] - remID = substring(5, 35).trim(): null

2023-02-17 21:49:18 - [TEST_STEP][PASSED] - out.println("Remittance ID: " + remID): null

2023-02-17 21:49:18 - [TEST_STEP][PASSED] - traxID = substring(35, 55).trim(): null

2023-02-17 21:49:18 - [TEST_STEP][PASSED] - out.println("Transaction ID: " + traxID): null

2023-02-17 21:49:18 - [TEST_STEP][PASSED] - out.println("End Record Number: " + row): null

2023-02-17 21:49:18 - [TEST_STEP][PASSED] - closeBrowser(): Browser is closed

2023-02-17 21:49:19 - [MESSAGE][PASSED] - Browser is closed

2023-02-17 21:49:19 - [TEST_STEP][PASSED] - ExecuteTC = findTestData(dataFile).getValue("Execute", row): null

2023-02-17 21:49:19 - [TEST_STEP][PASSED] - out.println("Value of Execute is : " + ExecuteTC): null

2023-02-17 21:49:19 - [TEST_STEP][PASSED] - if (ExecuteTC.equalsIgnoreCase("Y")): Browser is closed

2023-02-17 21:49:19 - [TEST_STEP][PASSED] - out.println("Begin Record Number: " + row): null

2023-02-17 21:49:19 - [TEST_STEP][PASSED] - today = new java.util.Date(): null

2023-02-17 21:49:19 - [TEST_STEP][PASSED] - println(today): null

2023-02-17 21:49:19 - [TEST_STEP][PASSED] - datText = today: null

2023-02-17 21:49:19 - [TEST_STEP][PASSED] - openBrowser(VLinkURL + "authcap.html"): Browser is opened with url: 'https://dev-algorithm.govolution.com/vlinktest/QA/version_2_0/authcap.html'

2023-02-17 21:49:19 - [MESSAGE][INFO] - Starting 'Chrome' driver

2023-02-17 21:49:19 - [MESSAGE][INFO] - User set preference: ['acceptInsecureCerts', 'true']

2023-02-17 21:49:19 - [MESSAGE][INFO] - Action delay is set to 0 milliseconds

2023-02-17 21:49:20 - [MESSAGE][PASSED] - Browser is opened with url: 'https://dev-algorithm.govolution.com/vlinktest/QA/version_2_0/authcap.html'

2023-02-17 21:49:20 - [TEST_STEP][PASSED] - maximizeWindow(): Current window maximized

2023-02-17 21:49:21 - [MESSAGE][PASSED] - Current window maximized

2023-02-17 21:49:21 - [TEST_STEP][PASSED] - vlinkPages.saleCCPage.setDataSCC(row, dataFile): vlinkPages.saleCCPage.setDataSCC is PASSED

2023-02-17 21:49:23 - [MESSAGE][PASSED] - Object 'Object Repository/VLink/Page_CCSale/txt_CardNumber' is present

2023-02-17 21:49:24 - [MESSAGE][PASSED] - Text '104' is set on object 'Object Repository/VLink/Page_CCSale/txt_TransactionType'

2023-02-17 21:49:25 - [MESSAGE][PASSED] - Text '2.0C' is set on object 'Object Repository/VLink/Page_CCSale/txt_MessageVersion'

2023-02-17 21:49:25 - [MESSAGE][PASSED] - Text '9HpMCKWNV0aj' is set on object 'Object Repository/VLink/Page_CCSale/txt_RemID'

2023-02-17 21:49:26 - [MESSAGE][PASSED] - Text '665' is set on object 'Object Repository/VLink/Page_CCSale/txt_ApplicationId'

2023-02-17 21:49:27 - [MESSAGE][PASSED] - Text 'username' is set on object 'Object Repository/VLink/Page_CCSale/txt_Username'

2023-02-17 21:49:27 - [MESSAGE][PASSED] - Text 'password' is set on object 'Object Repository/VLink/Page_CCSale/txt_Password'

2023-02-17 21:49:28 - [MESSAGE][PASSED] - Text 'fixed_width' is set on object 'Object Repository/VLink/Page_CCSale/txt_ResponseFormat'

2023-02-17 21:49:28 - [MESSAGE][PASSED] - Text 'RETL' is set on object 'Object Repository/VLink/Page_CCSale/txt_Category'

2023-02-17 21:49:29 - [MESSAGE][PASSED] - Text '' is set on object 'Object Repository/VLink/Page_CCSale/txt_TransactionID'

2023-02-17 21:49:30 - [MESSAGE][PASSED] - Text '' is set on object 'Object Repository/VLink/Page_CCSale/txt_ApprovalCode'

2023-02-17 21:49:30 - [MESSAGE][PASSED] - Text '' is set on object 'Object Repository/VLink/Page_CCSale/txt_CardName'

2023-02-17 21:49:31 - [MESSAGE][PASSED] - Text '' is set on object 'Object Repository/VLink/Page_CCSale/txt_AL1'

2023-02-17 21:49:32 - [MESSAGE][PASSED] - Text '' is set on object 'Object Repository/VLink/Page_CCSale/txt_AL2'

2023-02-17 21:49:32 - [MESSAGE][PASSED] - Text '' is set on object 'Object Repository/VLink/Page_CCSale/txt_CardCity'

2023-02-17 21:49:33 - [MESSAGE][PASSED] - Text '' is set on object 'Object Repository/VLink/Page_CCSale/txt_CardState'

2023-02-17 21:49:34 - [MESSAGE][PASSED] - Text '' is set on object 'Object Repository/VLink/Page_CCSale/txt_CardZIP'

2023-02-17 21:49:34 - [MESSAGE][PASSED] - Text '' is set on object 'Object Repository/VLink/Page_CCSale/txt_CountryID'

2023-02-17 21:49:35 - [MESSAGE][PASSED] - Text '1.50' is set on object 'Object Repository/VLink/Page_CCSale/txt_Amount'

2023-02-17 21:49:36 - [MESSAGE][PASSED] - Text '' is set on object 'Object Repository/VLink/Page_CCSale/txt_CardNumber'

2023-02-17 21:49:36 - [MESSAGE][PASSED] - Text '' is set on object 'Object Repository/VLink/Page_CCSale/txt_ExpMonth'

2023-02-17 21:49:37 - [MESSAGE][PASSED] - Text '' is set on object 'Object Repository/VLink/Page_CCSale/txt_ExpYear'

2023-02-17 21:49:38 - [MESSAGE][PASSED] - Text '' is set on object 'Object Repository/VLink/Page_CCSale/txt_CVV'

2023-02-17 21:49:38 - [MESSAGE][PASSED] - Text '' is set on object 'Object Repository/VLink/Page_CCSale/txt_CVVstate'

2023-02-17 21:49:39 - [MESSAGE][PASSED] - Text '%B5567080011582646^AHMED/IMTIAZ              ^2303201090200000000000354000015?;5567080011582646=23032010902035400015?' is set on object 'Object Repository/VLink/Page_CCSale/txt_TrackData'

2023-02-17 21:49:40 - [MESSAGE][PASSED] - Text '' is set on object 'Object Repository/VLink/Page_CCSale/txt_Track1Data'

2023-02-17 21:49:41 - [MESSAGE][PASSED] - Text '' is set on object 'Object Repository/VLink/Page_CCSale/txt_Track2Data'

2023-02-17 21:49:41 - [MESSAGE][PASSED] - Text '' is set on object 'Object Repository/VLink/Page_CCSale/txt_POSEntryMode'

2023-02-17 21:49:42 - [MESSAGE][PASSED] - Text '' is set on object 'Object Repository/VLink/Page_CCSale/txt_Email'

2023-02-17 21:49:43 - [MESSAGE][PASSED] - Text '' is set on object 'Object Repository/VLink/Page_CCSale/txt_OrderNumber'

2023-02-17 21:49:43 - [MESSAGE][PASSED] - Text '' is set on object 'Object Repository/VLink/Page_CCSale/txt_TaxAmount'

2023-02-17 21:49:44 - [MESSAGE][PASSED] - Text '' is set on object 'Object Repository/VLink/Page_CCSale/txt_ChargeDescription'

2023-02-17 21:49:45 - [MESSAGE][PASSED] - Text '' is set on object 'Object Repository/VLink/Page_CCSale/txt_CAN'

2023-02-17 21:49:45 - [MESSAGE][PASSED] - Text '' is set on object 'Object Repository/VLink/Page_CCSale/txt_BillPaymentIndicator'

2023-02-17 21:49:46 - [MESSAGE][PASSED] - Text '' is set on object 'Object Repository/VLink/Page_CCSale/txt_UDF1'

2023-02-17 21:49:47 - [MESSAGE][PASSED] - Text '' is set on object 'Object Repository/VLink/Page_CCSale/txt_UDF2'

2023-02-17 21:49:47 - [MESSAGE][PASSED] - Text '' is set on object 'Object Repository/VLink/Page_CCSale/txt_UDF3'

2023-02-17 21:49:48 - [MESSAGE][PASSED] - Text '' is set on object 'Object Repository/VLink/Page_CCSale/txt_UDF4'

2023-02-17 21:49:49 - [MESSAGE][PASSED] - Text '' is set on object 'Object Repository/VLink/Page_CCSale/txt_UDF5'

2023-02-17 21:49:49 - [MESSAGE][PASSED] - Text '' is set on object 'Object Repository/VLink/Page_CCSale/txt_UDF6'

2023-02-17 21:49:50 - [MESSAGE][PASSED] - Text '' is set on object 'Object Repository/VLink/Page_CCSale/txt_UDF7'

2023-02-17 21:49:51 - [MESSAGE][PASSED] - Text '' is set on object 'Object Repository/VLink/Page_CCSale/txt_UDF8'

2023-02-17 21:49:51 - [MESSAGE][PASSED] - Text '' is set on object 'Object Repository/VLink/Page_CCSale/txt_UDF9'

2023-02-17 21:49:52 - [MESSAGE][PASSED] - Text '' is set on object 'Object Repository/VLink/Page_CCSale/txt_UDF10'

2023-02-17 21:49:55 - [MESSAGE][PASSED] - Object: 'Object Repository/VLink/Page_CCSale/btn_ProcessVLinkTransaction' is clicked on

2023-02-17 21:50:00 - [MESSAGE][PASSED] - vlinkPages.saleCCPage.setDataSCC is PASSED

2023-02-17 21:50:00 - [TEST_STEP][PASSED] - if (verifyTextPresent("Transaction approved, no errors", true)): null

2023-02-17 21:50:00 - [MESSAGE][PASSED] - Text 'Transaction approved, no errors' is present on page  using regular expression

2023-02-17 21:50:00 - [TEST_STEP][PASSED] - println("Transaction Approved, no errors text is present on the Confirmation page"): null

2023-02-17 21:50:00 - [TEST_STEP][PASSED] - out.println("Pass Record Number: " + row): null

2023-02-17 21:50:00 - [TEST_STEP][PASSED] - resText = "Pass": null

2023-02-17 21:50:00 - [TEST_STEP][PASSED] - pages.WriteExcel.demoKey(resText, datText, resColumn, datCloumn, fileLoc, nameSheet, row): pages.WriteExcel.demoKey is PASSED

2023-02-17 21:50:00 - [MESSAGE][PASSED] - pages.WriteExcel.demoKey is PASSED

2023-02-17 21:50:00 - [TEST_STEP][PASSED] - sdfo = getText(findTestObject("Object Repository/Page_VLinkReceipt/pre_STX")): Text of object 'Object Repository/Page_VLinkReceipt/pre_STX' is: '<STX>9HpMCKWNV0aj                  12127349            0  Transaction approved, no errors                   0                                                                                  R OK3573   <ETX>'

2023-02-17 21:50:00 - [MESSAGE][PASSED] - Text of object 'Object Repository/Page_VLinkReceipt/pre_STX' is: '<STX>9HpMCKWNV0aj                  12127349            0  Transaction approved, no errors                   0                                                                                  R OK3573   <ETX>'

2023-02-17 21:50:00 - [TEST_STEP][PASSED] - out.println("sdfo: " + sdfo): null

2023-02-17 21:50:00 - [TEST_STEP][PASSED] - remID = substring(5, 35).trim(): null

2023-02-17 21:50:00 - [TEST_STEP][PASSED] - out.println("Remittance ID: " + remID): null

2023-02-17 21:50:00 - [TEST_STEP][PASSED] - traxID = substring(35, 55).trim(): null

2023-02-17 21:50:00 - [TEST_STEP][PASSED] - out.println("Transaction ID: " + traxID): null

2023-02-17 21:50:00 - [TEST_STEP][PASSED] - out.println("End Record Number: " + row): null

2023-02-17 21:50:00 - [TEST_STEP][PASSED] - closeBrowser(): Browser is closed

2023-02-17 21:50:01 - [MESSAGE][PASSED] - Browser is closed

2023-02-17 21:50:01 - [TEST_STEP][PASSED] - ExecuteTC = findTestData(dataFile).getValue("Execute", row): null

2023-02-17 21:50:01 - [TEST_STEP][PASSED] - out.println("Value of Execute is : " + ExecuteTC): null

2023-02-17 21:50:01 - [TEST_STEP][FAILED] - if (ExecuteTC.equalsIgnoreCase("Y")): null

2023-02-17 21:50:01 - [TEST_STEP][PASSED] - out.println("Begin Record Number: " + row): null

2023-02-17 21:50:01 - [TEST_STEP][PASSED] - today = new java.util.Date(): null

2023-02-17 21:50:01 - [TEST_STEP][PASSED] - println(today): null

2023-02-17 21:50:01 - [TEST_STEP][PASSED] - datText = today: null

2023-02-17 21:50:01 - [TEST_STEP][PASSED] - openBrowser(VLinkURL + "authcap.html"): Browser is opened with url: 'https://dev-algorithm.govolution.com/vlinktest/QA/version_2_0/authcap.html'

2023-02-17 21:50:01 - [MESSAGE][INFO] - Starting 'Chrome' driver

2023-02-17 21:50:01 - [MESSAGE][INFO] - User set preference: ['acceptInsecureCerts', 'true']

2023-02-17 21:50:01 - [MESSAGE][INFO] - Action delay is set to 0 milliseconds

2023-02-17 21:50:03 - [MESSAGE][PASSED] - Browser is opened with url: 'https://dev-algorithm.govolution.com/vlinktest/QA/version_2_0/authcap.html'

2023-02-17 21:50:03 - [TEST_STEP][PASSED] - maximizeWindow(): Current window maximized

2023-02-17 21:50:03 - [MESSAGE][PASSED] - Current window maximized

2023-02-17 21:50:03 - [TEST_STEP][PASSED] - vlinkPages.saleCCPage.setDataSCC(row, dataFile): vlinkPages.saleCCPage.setDataSCC is PASSED

2023-02-17 21:50:06 - [MESSAGE][PASSED] - Object 'Object Repository/VLink/Page_CCSale/txt_CardNumber' is present

2023-02-17 21:50:07 - [MESSAGE][PASSED] - Text '104' is set on object 'Object Repository/VLink/Page_CCSale/txt_TransactionType'

2023-02-17 21:50:07 - [MESSAGE][PASSED] - Text '2.0C' is set on object 'Object Repository/VLink/Page_CCSale/txt_MessageVersion'

2023-02-17 21:50:08 - [MESSAGE][PASSED] - Text 'UvdjlF1PH7GM' is set on object 'Object Repository/VLink/Page_CCSale/txt_RemID'

2023-02-17 21:50:09 - [MESSAGE][PASSED] - Text '665' is set on object 'Object Repository/VLink/Page_CCSale/txt_ApplicationId'

2023-02-17 21:50:09 - [MESSAGE][PASSED] - Text 'username' is set on object 'Object Repository/VLink/Page_CCSale/txt_Username'

2023-02-17 21:50:10 - [MESSAGE][PASSED] - Text 'password' is set on object 'Object Repository/VLink/Page_CCSale/txt_Password'

2023-02-17 21:50:11 - [MESSAGE][PASSED] - Text 'fixed_width' is set on object 'Object Repository/VLink/Page_CCSale/txt_ResponseFormat'

2023-02-17 21:50:11 - [MESSAGE][PASSED] - Text 'RETL' is set on object 'Object Repository/VLink/Page_CCSale/txt_Category'

2023-02-17 21:50:12 - [MESSAGE][PASSED] - Text '' is set on object 'Object Repository/VLink/Page_CCSale/txt_TransactionID'

2023-02-17 21:50:12 - [MESSAGE][PASSED] - Text '' is set on object 'Object Repository/VLink/Page_CCSale/txt_ApprovalCode'

2023-02-17 21:50:13 - [MESSAGE][PASSED] - Text '' is set on object 'Object Repository/VLink/Page_CCSale/txt_CardName'

2023-02-17 21:50:14 - [MESSAGE][PASSED] - Text '' is set on object 'Object Repository/VLink/Page_CCSale/txt_AL1'

2023-02-17 21:50:14 - [MESSAGE][PASSED] - Text '' is set on object 'Object Repository/VLink/Page_CCSale/txt_AL2'

2023-02-17 21:50:15 - [MESSAGE][PASSED] - Text '' is set on object 'Object Repository/VLink/Page_CCSale/txt_CardCity'

2023-02-17 21:50:16 - [MESSAGE][PASSED] - Text '' is set on object 'Object Repository/VLink/Page_CCSale/txt_CardState'

2023-02-17 21:50:16 - [MESSAGE][PASSED] - Text '' is set on object 'Object Repository/VLink/Page_CCSale/txt_CardZIP'

2023-02-17 21:50:17 - [MESSAGE][PASSED] - Text '' is set on object 'Object Repository/VLink/Page_CCSale/txt_CountryID'

2023-02-17 21:50:18 - [MESSAGE][PASSED] - Text '1.50' is set on object 'Object Repository/VLink/Page_CCSale/txt_Amount'

2023-02-17 21:50:18 - [MESSAGE][PASSED] - Text '' is set on object 'Object Repository/VLink/Page_CCSale/txt_CardNumber'

2023-02-17 21:50:19 - [MESSAGE][PASSED] - Text '' is set on object 'Object Repository/VLink/Page_CCSale/txt_ExpMonth'

2023-02-17 21:50:20 - [MESSAGE][PASSED] - Text '' is set on object 'Object Repository/VLink/Page_CCSale/txt_ExpYear'

2023-02-17 21:50:20 - [MESSAGE][PASSED] - Text '' is set on object 'Object Repository/VLink/Page_CCSale/txt_CVV'

2023-02-17 21:50:21 - [MESSAGE][PASSED] - Text '' is set on object 'Object Repository/VLink/Page_CCSale/txt_CVVstate'

2023-02-17 21:50:22 - [MESSAGE][PASSED] - Text '' is set on object 'Object Repository/VLink/Page_CCSale/txt_TrackData'

2023-02-17 21:50:23 - [MESSAGE][PASSED] - Text '%B5567080011582646^AHMED/IMTIAZ              ^2303201090200000000000354000015?' is set on object 'Object Repository/VLink/Page_CCSale/txt_Track1Data'

2023-02-17 21:50:23 - [MESSAGE][PASSED] - Text '' is set on object 'Object Repository/VLink/Page_CCSale/txt_Track2Data'

2023-02-17 21:50:24 - [MESSAGE][PASSED] - Text '' is set on object 'Object Repository/VLink/Page_CCSale/txt_POSEntryMode'

2023-02-17 21:50:25 - [MESSAGE][PASSED] - Text '' is set on object 'Object Repository/VLink/Page_CCSale/txt_Email'

2023-02-17 21:50:25 - [MESSAGE][PASSED] - Text '' is set on object 'Object Repository/VLink/Page_CCSale/txt_OrderNumber'

2023-02-17 21:50:26 - [MESSAGE][PASSED] - Text '' is set on object 'Object Repository/VLink/Page_CCSale/txt_TaxAmount'

2023-02-17 21:50:27 - [MESSAGE][PASSED] - Text '' is set on object 'Object Repository/VLink/Page_CCSale/txt_ChargeDescription'

2023-02-17 21:50:27 - [MESSAGE][PASSED] - Text '' is set on object 'Object Repository/VLink/Page_CCSale/txt_CAN'

2023-02-17 21:50:28 - [MESSAGE][PASSED] - Text '' is set on object 'Object Repository/VLink/Page_CCSale/txt_BillPaymentIndicator'

2023-02-17 21:50:29 - [MESSAGE][PASSED] - Text '' is set on object 'Object Repository/VLink/Page_CCSale/txt_UDF1'

2023-02-17 21:50:29 - [MESSAGE][PASSED] - Text '' is set on object 'Object Repository/VLink/Page_CCSale/txt_UDF2'

2023-02-17 21:50:30 - [MESSAGE][PASSED] - Text '' is set on object 'Object Repository/VLink/Page_CCSale/txt_UDF3'

2023-02-17 21:50:31 - [MESSAGE][PASSED] - Text '' is set on object 'Object Repository/VLink/Page_CCSale/txt_UDF4'

2023-02-17 21:50:32 - [MESSAGE][PASSED] - Text '' is set on object 'Object Repository/VLink/Page_CCSale/txt_UDF5'

2023-02-17 21:50:32 - [MESSAGE][PASSED] - Text '' is set on object 'Object Repository/VLink/Page_CCSale/txt_UDF6'

2023-02-17 21:50:33 - [MESSAGE][PASSED] - Text '' is set on object 'Object Repository/VLink/Page_CCSale/txt_UDF7'

2023-02-17 21:50:34 - [MESSAGE][PASSED] - Text '' is set on object 'Object Repository/VLink/Page_CCSale/txt_UDF8'

2023-02-17 21:50:34 - [MESSAGE][PASSED] - Text '' is set on object 'Object Repository/VLink/Page_CCSale/txt_UDF9'

2023-02-17 21:50:35 - [MESSAGE][PASSED] - Text '' is set on object 'Object Repository/VLink/Page_CCSale/txt_UDF10'

2023-02-17 21:50:36 - [MESSAGE][PASSED] - Object: 'Object Repository/VLink/Page_CCSale/btn_ProcessVLinkTransaction' is clicked on

2023-02-17 21:50:41 - [MESSAGE][PASSED] - vlinkPages.saleCCPage.setDataSCC is PASSED

2023-02-17 21:50:41 - [TEST_STEP][FAILED] - if (verifyTextPresent("Transaction approved, no errors", true)): Text 'Transaction approved, no errors' is not present on page  using regular expression (Root cause: com.kms.katalon.core.exception.StepFailedException: Text 'Transaction approved, no errors' is not present on page  using regular expression
	at com.kms.katalon.core.webui.keyword.internal.WebUIKeywordMain.stepFailed(WebUIKeywordMain.groovy:64)
	at com.kms.katalon.core.webui.keyword.builtin.VerifyTextPresentKeyword$_verifyTextPresent_closure1.doCall(VerifyTextPresentKeyword.groovy:79)
	at com.kms.katalon.core.webui.keyword.builtin.VerifyTextPresentKeyword$_verifyTextPresent_closure1.call(VerifyTextPresentKeyword.groovy)
	at com.kms.katalon.core.webui.keyword.internal.WebUIKeywordMain.runKeyword(WebUIKeywordMain.groovy:20)
	at com.kms.katalon.core.webui.keyword.builtin.VerifyTextPresentKeyword.verifyTextPresent(VerifyTextPresentKeyword.groovy:83)
	at com.kms.katalon.core.webui.keyword.builtin.VerifyTextPresentKeyword.execute(VerifyTextPresentKeyword.groovy:68)
	at com.kms.katalon.core.keyword.internal.KeywordExecutor.executeKeywordForPlatform(KeywordExecutor.groovy:74)
	at com.kms.katalon.core.webui.keyword.WebUiBuiltInKeywords.verifyTextPresent(WebUiBuiltInKeywords.groovy:1723)
	at com.kms.katalon.core.webui.keyword.WebUiBuiltInKeywords$verifyTextPresent$4.call(Unknown Source)
	at VLinkSale-Successful.run(VLinkSale-Successful:89)
	at com.kms.katalon.core.main.ScriptEngine.run(ScriptEngine.java:194)
	at com.kms.katalon.core.main.ScriptEngine.runScriptAsRawText(ScriptEngine.java:119)
	at com.kms.katalon.core.main.TestCaseExecutor.runScript(TestCaseExecutor.java:442)
	at com.kms.katalon.core.main.TestCaseExecutor.doExecute(TestCaseExecutor.java:433)
	at com.kms.katalon.core.main.TestCaseExecutor.processExecutionPhase(TestCaseExecutor.java:412)
	at com.kms.katalon.core.main.TestCaseExecutor.accessMainPhase(TestCaseExecutor.java:404)
	at com.kms.katalon.core.main.TestCaseExecutor.execute(TestCaseExecutor.java:281)
	at com.kms.katalon.core.main.TestSuiteExecutor.accessTestCaseMainPhase(TestSuiteExecutor.java:202)
	at com.kms.katalon.core.main.TestSuiteExecutor.accessTestSuiteMainPhase(TestSuiteExecutor.java:164)
	at com.kms.katalon.core.main.TestSuiteExecutor.execute(TestSuiteExecutor.java:105)
	at com.kms.katalon.core.main.TestCaseMain.startTestSuite(TestCaseMain.java:185)
	at com.kms.katalon.core.main.TestCaseMain$startTestSuite$0.call(Unknown Source)
	at TempTestSuite1676684116661.run(TempTestSuite1676684116661.groovy:36)
)

2023-02-17 21:50:41 - [MESSAGE][FAILED] - Text 'Transaction approved, no errors' is not present on page  using regular expression (Root cause: com.kms.katalon.core.exception.StepFailedException: Text 'Transaction approved, no errors' is not present on page  using regular expression
	at com.kms.katalon.core.webui.keyword.internal.WebUIKeywordMain.stepFailed(WebUIKeywordMain.groovy:64)
	at com.kms.katalon.core.webui.keyword.builtin.VerifyTextPresentKeyword$_verifyTextPresent_closure1.doCall(VerifyTextPresentKeyword.groovy:79)
	at com.kms.katalon.core.webui.keyword.builtin.VerifyTextPresentKeyword$_verifyTextPresent_closure1.call(VerifyTextPresentKeyword.groovy)
	at com.kms.katalon.core.webui.keyword.internal.WebUIKeywordMain.runKeyword(WebUIKeywordMain.groovy:20)
	at com.kms.katalon.core.webui.keyword.builtin.VerifyTextPresentKeyword.verifyTextPresent(VerifyTextPresentKeyword.groovy:83)
	at com.kms.katalon.core.webui.keyword.builtin.VerifyTextPresentKeyword.execute(VerifyTextPresentKeyword.groovy:68)
	at com.kms.katalon.core.keyword.internal.KeywordExecutor.executeKeywordForPlatform(KeywordExecutor.groovy:74)
	at com.kms.katalon.core.webui.keyword.WebUiBuiltInKeywords.verifyTextPresent(WebUiBuiltInKeywords.groovy:1723)
	at com.kms.katalon.core.webui.keyword.WebUiBuiltInKeywords$verifyTextPresent$4.call(Unknown Source)
	at VLinkSale-Successful.run(VLinkSale-Successful:89)
	at com.kms.katalon.core.main.ScriptEngine.run(ScriptEngine.java:194)
	at com.kms.katalon.core.main.ScriptEngine.runScriptAsRawText(ScriptEngine.java:119)
	at com.kms.katalon.core.main.TestCaseExecutor.runScript(TestCaseExecutor.java:442)
	at com.kms.katalon.core.main.TestCaseExecutor.doExecute(TestCaseExecutor.java:433)
	at com.kms.katalon.core.main.TestCaseExecutor.processExecutionPhase(TestCaseExecutor.java:412)
	at com.kms.katalon.core.main.TestCaseExecutor.accessMainPhase(TestCaseExecutor.java:404)
	at com.kms.katalon.core.main.TestCaseExecutor.execute(TestCaseExecutor.java:281)
	at com.kms.katalon.core.main.TestSuiteExecutor.accessTestCaseMainPhase(TestSuiteExecutor.java:202)
	at com.kms.katalon.core.main.TestSuiteExecutor.accessTestSuiteMainPhase(TestSuiteExecutor.java:164)
	at com.kms.katalon.core.main.TestSuiteExecutor.execute(TestSuiteExecutor.java:105)
	at com.kms.katalon.core.main.TestCaseMain.startTestSuite(TestCaseMain.java:185)
	at com.kms.katalon.core.main.TestCaseMain$startTestSuite$0.call(Unknown Source)
	at TempTestSuite1676684116661.run(TempTestSuite1676684116661.groovy:36)
)

2023-02-17 21:50:41 - [TEST_STEP][PASSED] - else: pages.WriteExcel.demoKey is PASSED

2023-02-17 21:50:41 - [TEST_STEP][PASSED] - println("Transaction Approved, no errors text is not present on the Confirmation page"): null

2023-02-17 21:50:41 - [TEST_STEP][PASSED] - out.println("Fail Record Number: " + row): null

2023-02-17 21:50:41 - [TEST_STEP][PASSED] - resText = "Fail": null

2023-02-17 21:50:41 - [TEST_STEP][PASSED] - pages.WriteExcel.demoKey(resText, datText, resColumn, datCloumn, fileLoc, nameSheet, row): pages.WriteExcel.demoKey is PASSED

2023-02-17 21:50:41 - [MESSAGE][PASSED] - pages.WriteExcel.demoKey is PASSED

2023-02-17 21:50:41 - [TEST_STEP][PASSED] - sdfo = getText(findTestObject("Object Repository/Page_VLinkReceipt/pre_STX")): Text of object 'Object Repository/Page_VLinkReceipt/pre_STX' is: '<STX>UvdjlF1PH7GM                  12127350            2  Transaction failed                                1  General platform system error                                                              <ETX>'

2023-02-17 21:50:42 - [MESSAGE][PASSED] - Text of object 'Object Repository/Page_VLinkReceipt/pre_STX' is: '<STX>UvdjlF1PH7GM                  12127350            2  Transaction failed                                1  General platform system error                                                              <ETX>'

2023-02-17 21:50:42 - [TEST_STEP][PASSED] - out.println("sdfo: " + sdfo): null

2023-02-17 21:50:42 - [TEST_STEP][PASSED] - remID = substring(5, 35).trim(): null

2023-02-17 21:50:42 - [TEST_STEP][PASSED] - out.println("Remittance ID: " + remID): null

2023-02-17 21:50:42 - [TEST_STEP][PASSED] - traxID = substring(35, 55).trim(): null

2023-02-17 21:50:42 - [TEST_STEP][PASSED] - out.println("Transaction ID: " + traxID): null

2023-02-17 21:50:42 - [TEST_STEP][PASSED] - out.println("End Record Number: " + row): null

2023-02-17 21:50:42 - [TEST_STEP][PASSED] - closeBrowser(): Browser is closed

2023-02-17 21:50:43 - [MESSAGE][PASSED] - Browser is closed

2023-02-17 21:50:43 - [TEST_STEP][PASSED] - ExecuteTC = findTestData(dataFile).getValue("Execute", row): null

2023-02-17 21:50:43 - [TEST_STEP][PASSED] - out.println("Value of Execute is : " + ExecuteTC): null

2023-02-17 21:50:43 - [TEST_STEP][PASSED] - if (ExecuteTC.equalsIgnoreCase("Y")): Browser is closed

2023-02-17 21:50:43 - [TEST_STEP][PASSED] - out.println("Begin Record Number: " + row): null

2023-02-17 21:50:43 - [TEST_STEP][PASSED] - today = new java.util.Date(): null

2023-02-17 21:50:43 - [TEST_STEP][PASSED] - println(today): null

2023-02-17 21:50:43 - [TEST_STEP][PASSED] - datText = today: null

2023-02-17 21:50:43 - [TEST_STEP][PASSED] - openBrowser(VLinkURL + "authcap.html"): Browser is opened with url: 'https://dev-algorithm.govolution.com/vlinktest/QA/version_2_0/authcap.html'

2023-02-17 21:50:43 - [MESSAGE][INFO] - Starting 'Chrome' driver

2023-02-17 21:50:43 - [MESSAGE][INFO] - User set preference: ['acceptInsecureCerts', 'true']

2023-02-17 21:50:43 - [MESSAGE][INFO] - Action delay is set to 0 milliseconds

2023-02-17 21:50:45 - [MESSAGE][PASSED] - Browser is opened with url: 'https://dev-algorithm.govolution.com/vlinktest/QA/version_2_0/authcap.html'

2023-02-17 21:50:45 - [TEST_STEP][PASSED] - maximizeWindow(): Current window maximized

2023-02-17 21:50:45 - [MESSAGE][PASSED] - Current window maximized

2023-02-17 21:50:45 - [TEST_STEP][PASSED] - vlinkPages.saleCCPage.setDataSCC(row, dataFile): vlinkPages.saleCCPage.setDataSCC is PASSED

2023-02-17 21:50:48 - [MESSAGE][PASSED] - Object 'Object Repository/VLink/Page_CCSale/txt_CardNumber' is present

2023-02-17 21:50:48 - [MESSAGE][PASSED] - Text '104' is set on object 'Object Repository/VLink/Page_CCSale/txt_TransactionType'

2023-02-17 21:50:49 - [MESSAGE][PASSED] - Text '2.0C' is set on object 'Object Repository/VLink/Page_CCSale/txt_MessageVersion'

2023-02-17 21:50:49 - [MESSAGE][PASSED] - Text '79faDm0sBBP6' is set on object 'Object Repository/VLink/Page_CCSale/txt_RemID'

2023-02-17 21:50:50 - [MESSAGE][PASSED] - Text '665' is set on object 'Object Repository/VLink/Page_CCSale/txt_ApplicationId'

2023-02-17 21:50:51 - [MESSAGE][PASSED] - Text 'username' is set on object 'Object Repository/VLink/Page_CCSale/txt_Username'

2023-02-17 21:50:51 - [MESSAGE][PASSED] - Text 'password' is set on object 'Object Repository/VLink/Page_CCSale/txt_Password'

2023-02-17 21:50:52 - [MESSAGE][PASSED] - Text 'fixed_width' is set on object 'Object Repository/VLink/Page_CCSale/txt_ResponseFormat'

2023-02-17 21:50:52 - [MESSAGE][PASSED] - Text 'RETL' is set on object 'Object Repository/VLink/Page_CCSale/txt_Category'

2023-02-17 21:50:53 - [MESSAGE][PASSED] - Text '' is set on object 'Object Repository/VLink/Page_CCSale/txt_TransactionID'

2023-02-17 21:50:54 - [MESSAGE][PASSED] - Text '' is set on object 'Object Repository/VLink/Page_CCSale/txt_ApprovalCode'

2023-02-17 21:50:54 - [MESSAGE][PASSED] - Text 'Angelo Matt' is set on object 'Object Repository/VLink/Page_CCSale/txt_CardName'

2023-02-17 21:50:55 - [MESSAGE][PASSED] - Text '' is set on object 'Object Repository/VLink/Page_CCSale/txt_AL1'

2023-02-17 21:50:56 - [MESSAGE][PASSED] - Text '' is set on object 'Object Repository/VLink/Page_CCSale/txt_AL2'

2023-02-17 21:50:57 - [MESSAGE][PASSED] - Text '' is set on object 'Object Repository/VLink/Page_CCSale/txt_CardCity'

2023-02-17 21:50:57 - [MESSAGE][PASSED] - Text '' is set on object 'Object Repository/VLink/Page_CCSale/txt_CardState'

2023-02-17 21:50:58 - [MESSAGE][PASSED] - Text '' is set on object 'Object Repository/VLink/Page_CCSale/txt_CardZIP'

2023-02-17 21:50:59 - [MESSAGE][PASSED] - Text '' is set on object 'Object Repository/VLink/Page_CCSale/txt_CountryID'

2023-02-17 21:50:59 - [MESSAGE][PASSED] - Text '1.50' is set on object 'Object Repository/VLink/Page_CCSale/txt_Amount'

2023-02-17 21:51:00 - [MESSAGE][PASSED] - Text '' is set on object 'Object Repository/VLink/Page_CCSale/txt_CardNumber'

2023-02-17 21:51:01 - [MESSAGE][PASSED] - Text '' is set on object 'Object Repository/VLink/Page_CCSale/txt_ExpMonth'

2023-02-17 21:51:01 - [MESSAGE][PASSED] - Text '' is set on object 'Object Repository/VLink/Page_CCSale/txt_ExpYear'

2023-02-17 21:51:02 - [MESSAGE][PASSED] - Text '' is set on object 'Object Repository/VLink/Page_CCSale/txt_CVV'

2023-02-17 21:51:03 - [MESSAGE][PASSED] - Text '' is set on object 'Object Repository/VLink/Page_CCSale/txt_CVVstate'

2023-02-17 21:51:03 - [MESSAGE][PASSED] - Text '' is set on object 'Object Repository/VLink/Page_CCSale/txt_TrackData'

2023-02-17 21:51:04 - [MESSAGE][PASSED] - Text '' is set on object 'Object Repository/VLink/Page_CCSale/txt_Track1Data'

2023-02-17 21:51:05 - [MESSAGE][PASSED] - Text ';5567080011582646=23032010902035400015?' is set on object 'Object Repository/VLink/Page_CCSale/txt_Track2Data'

2023-02-17 21:51:05 - [MESSAGE][PASSED] - Text '' is set on object 'Object Repository/VLink/Page_CCSale/txt_POSEntryMode'

2023-02-17 21:51:06 - [MESSAGE][PASSED] - Text '' is set on object 'Object Repository/VLink/Page_CCSale/txt_Email'

2023-02-17 21:51:07 - [MESSAGE][PASSED] - Text '' is set on object 'Object Repository/VLink/Page_CCSale/txt_OrderNumber'

2023-02-17 21:51:07 - [MESSAGE][PASSED] - Text '' is set on object 'Object Repository/VLink/Page_CCSale/txt_TaxAmount'

2023-02-17 21:51:08 - [MESSAGE][PASSED] - Text '' is set on object 'Object Repository/VLink/Page_CCSale/txt_ChargeDescription'

2023-02-17 21:51:09 - [MESSAGE][PASSED] - Text '' is set on object 'Object Repository/VLink/Page_CCSale/txt_CAN'

2023-02-17 21:51:09 - [MESSAGE][PASSED] - Text '' is set on object 'Object Repository/VLink/Page_CCSale/txt_BillPaymentIndicator'

2023-02-17 21:51:10 - [MESSAGE][PASSED] - Text '' is set on object 'Object Repository/VLink/Page_CCSale/txt_UDF1'

2023-02-17 21:51:11 - [MESSAGE][PASSED] - Text '' is set on object 'Object Repository/VLink/Page_CCSale/txt_UDF2'

2023-02-17 21:51:11 - [MESSAGE][PASSED] - Text '' is set on object 'Object Repository/VLink/Page_CCSale/txt_UDF3'

2023-02-17 21:51:12 - [MESSAGE][PASSED] - Text '' is set on object 'Object Repository/VLink/Page_CCSale/txt_UDF4'

2023-02-17 21:51:13 - [MESSAGE][PASSED] - Text '' is set on object 'Object Repository/VLink/Page_CCSale/txt_UDF5'

2023-02-17 21:51:13 - [MESSAGE][PASSED] - Text '' is set on object 'Object Repository/VLink/Page_CCSale/txt_UDF6'

2023-02-17 21:51:14 - [MESSAGE][PASSED] - Text '' is set on object 'Object Repository/VLink/Page_CCSale/txt_UDF7'

2023-02-17 21:51:15 - [MESSAGE][PASSED] - Text '' is set on object 'Object Repository/VLink/Page_CCSale/txt_UDF8'

2023-02-17 21:51:16 - [MESSAGE][PASSED] - Text '' is set on object 'Object Repository/VLink/Page_CCSale/txt_UDF9'

2023-02-17 21:51:16 - [MESSAGE][PASSED] - Text '' is set on object 'Object Repository/VLink/Page_CCSale/txt_UDF10'

2023-02-17 21:51:19 - [MESSAGE][PASSED] - Object: 'Object Repository/VLink/Page_CCSale/btn_ProcessVLinkTransaction' is clicked on

2023-02-17 21:51:24 - [MESSAGE][PASSED] - vlinkPages.saleCCPage.setDataSCC is PASSED

2023-02-17 21:51:24 - [TEST_STEP][PASSED] - if (verifyTextPresent("Transaction approved, no errors", true)): null

2023-02-17 21:51:24 - [MESSAGE][PASSED] - Text 'Transaction approved, no errors' is present on page  using regular expression

2023-02-17 21:51:24 - [TEST_STEP][PASSED] - println("Transaction Approved, no errors text is present on the Confirmation page"): null

2023-02-17 21:51:24 - [TEST_STEP][PASSED] - out.println("Pass Record Number: " + row): null

2023-02-17 21:51:24 - [TEST_STEP][PASSED] - resText = "Pass": null

2023-02-17 21:51:24 - [TEST_STEP][PASSED] - pages.WriteExcel.demoKey(resText, datText, resColumn, datCloumn, fileLoc, nameSheet, row): pages.WriteExcel.demoKey is PASSED

2023-02-17 21:51:24 - [MESSAGE][PASSED] - pages.WriteExcel.demoKey is PASSED

2023-02-17 21:51:24 - [TEST_STEP][PASSED] - sdfo = getText(findTestObject("Object Repository/Page_VLinkReceipt/pre_STX")): Text of object 'Object Repository/Page_VLinkReceipt/pre_STX' is: '<STX>79faDm0sBBP6                  12127351            0  Transaction approved, no errors                   0                                                                                  R OK3613   <ETX>'

2023-02-17 21:51:25 - [MESSAGE][PASSED] - Text of object 'Object Repository/Page_VLinkReceipt/pre_STX' is: '<STX>79faDm0sBBP6                  12127351            0  Transaction approved, no errors                   0                                                                                  R OK3613   <ETX>'

2023-02-17 21:51:25 - [TEST_STEP][PASSED] - out.println("sdfo: " + sdfo): null

2023-02-17 21:51:25 - [TEST_STEP][PASSED] - remID = substring(5, 35).trim(): null

2023-02-17 21:51:25 - [TEST_STEP][PASSED] - out.println("Remittance ID: " + remID): null

2023-02-17 21:51:25 - [TEST_STEP][PASSED] - traxID = substring(35, 55).trim(): null

2023-02-17 21:51:25 - [TEST_STEP][PASSED] - out.println("Transaction ID: " + traxID): null

2023-02-17 21:51:25 - [TEST_STEP][PASSED] - out.println("End Record Number: " + row): null

2023-02-17 21:51:25 - [TEST_STEP][PASSED] - closeBrowser(): Browser is closed

2023-02-17 21:51:26 - [MESSAGE][PASSED] - Browser is closed

2023-02-17 21:51:26 - [TEST_STEP][PASSED] - ExecuteTC = findTestData(dataFile).getValue("Execute", row): null

2023-02-17 21:51:26 - [TEST_STEP][PASSED] - out.println("Value of Execute is : " + ExecuteTC): null

2023-02-17 21:51:26 - [TEST_STEP][PASSED] - if (ExecuteTC.equalsIgnoreCase("Y")): Browser is closed

2023-02-17 21:51:26 - [TEST_STEP][PASSED] - out.println("Begin Record Number: " + row): null

2023-02-17 21:51:26 - [TEST_STEP][PASSED] - today = new java.util.Date(): null

2023-02-17 21:51:26 - [TEST_STEP][PASSED] - println(today): null

2023-02-17 21:51:26 - [TEST_STEP][PASSED] - datText = today: null

2023-02-17 21:51:26 - [TEST_STEP][PASSED] - openBrowser(VLinkURL + "authcap.html"): Browser is opened with url: 'https://dev-algorithm.govolution.com/vlinktest/QA/version_2_0/authcap.html'

2023-02-17 21:51:26 - [MESSAGE][INFO] - Starting 'Chrome' driver

2023-02-17 21:51:26 - [MESSAGE][INFO] - User set preference: ['acceptInsecureCerts', 'true']

2023-02-17 21:51:26 - [MESSAGE][INFO] - Action delay is set to 0 milliseconds

2023-02-17 21:51:27 - [MESSAGE][PASSED] - Browser is opened with url: 'https://dev-algorithm.govolution.com/vlinktest/QA/version_2_0/authcap.html'

2023-02-17 21:51:27 - [TEST_STEP][PASSED] - maximizeWindow(): Current window maximized

2023-02-17 21:51:28 - [MESSAGE][PASSED] - Current window maximized

2023-02-17 21:51:28 - [TEST_STEP][PASSED] - vlinkPages.saleCCPage.setDataSCC(row, dataFile): vlinkPages.saleCCPage.setDataSCC is PASSED

2023-02-17 21:51:30 - [MESSAGE][PASSED] - Object 'Object Repository/VLink/Page_CCSale/txt_CardNumber' is present

2023-02-17 21:51:31 - [MESSAGE][PASSED] - Text '104' is set on object 'Object Repository/VLink/Page_CCSale/txt_TransactionType'

2023-02-17 21:51:32 - [MESSAGE][PASSED] - Text '2.0C' is set on object 'Object Repository/VLink/Page_CCSale/txt_MessageVersion'

2023-02-17 21:51:32 - [MESSAGE][PASSED] - Text 'adq85HSrPzhh' is set on object 'Object Repository/VLink/Page_CCSale/txt_RemID'

2023-02-17 21:51:33 - [MESSAGE][PASSED] - Text '665' is set on object 'Object Repository/VLink/Page_CCSale/txt_ApplicationId'

2023-02-17 21:51:34 - [MESSAGE][PASSED] - Text 'username' is set on object 'Object Repository/VLink/Page_CCSale/txt_Username'

2023-02-17 21:51:34 - [MESSAGE][PASSED] - Text 'password' is set on object 'Object Repository/VLink/Page_CCSale/txt_Password'

2023-02-17 21:51:35 - [MESSAGE][PASSED] - Text 'fixed_width' is set on object 'Object Repository/VLink/Page_CCSale/txt_ResponseFormat'

2023-02-17 21:51:35 - [MESSAGE][PASSED] - Text 'RETL' is set on object 'Object Repository/VLink/Page_CCSale/txt_Category'

2023-02-17 21:51:36 - [MESSAGE][PASSED] - Text '' is set on object 'Object Repository/VLink/Page_CCSale/txt_TransactionID'

2023-02-17 21:51:37 - [MESSAGE][PASSED] - Text '' is set on object 'Object Repository/VLink/Page_CCSale/txt_ApprovalCode'

2023-02-17 21:51:37 - [MESSAGE][PASSED] - Text '' is set on object 'Object Repository/VLink/Page_CCSale/txt_CardName'

2023-02-17 21:51:38 - [MESSAGE][PASSED] - Text '' is set on object 'Object Repository/VLink/Page_CCSale/txt_AL1'

2023-02-17 21:51:39 - [MESSAGE][PASSED] - Text '' is set on object 'Object Repository/VLink/Page_CCSale/txt_AL2'

2023-02-17 21:51:39 - [MESSAGE][PASSED] - Text '' is set on object 'Object Repository/VLink/Page_CCSale/txt_CardCity'

2023-02-17 21:51:40 - [MESSAGE][PASSED] - Text '' is set on object 'Object Repository/VLink/Page_CCSale/txt_CardState'

2023-02-17 21:51:41 - [MESSAGE][PASSED] - Text '' is set on object 'Object Repository/VLink/Page_CCSale/txt_CardZIP'

2023-02-17 21:51:41 - [MESSAGE][PASSED] - Text '' is set on object 'Object Repository/VLink/Page_CCSale/txt_CountryID'

2023-02-17 21:51:42 - [MESSAGE][PASSED] - Text '1.50' is set on object 'Object Repository/VLink/Page_CCSale/txt_Amount'

2023-02-17 21:51:43 - [MESSAGE][PASSED] - Text '' is set on object 'Object Repository/VLink/Page_CCSale/txt_CardNumber'

2023-02-17 21:51:43 - [MESSAGE][PASSED] - Text '' is set on object 'Object Repository/VLink/Page_CCSale/txt_ExpMonth'

2023-02-17 21:51:44 - [MESSAGE][PASSED] - Text '' is set on object 'Object Repository/VLink/Page_CCSale/txt_ExpYear'

2023-02-17 21:51:45 - [MESSAGE][PASSED] - Text '' is set on object 'Object Repository/VLink/Page_CCSale/txt_CVV'

2023-02-17 21:51:45 - [MESSAGE][PASSED] - Text '' is set on object 'Object Repository/VLink/Page_CCSale/txt_CVVstate'

2023-02-17 21:51:46 - [MESSAGE][PASSED] - Text '' is set on object 'Object Repository/VLink/Page_CCSale/txt_TrackData'

2023-02-17 21:51:47 - [MESSAGE][PASSED] - Text '%B5567080011582646^AHMED/IMTIAZ              ^2303201090200000000000354000015?' is set on object 'Object Repository/VLink/Page_CCSale/txt_Track1Data'

2023-02-17 21:51:48 - [MESSAGE][PASSED] - Text ';5567080011582646=23032010902035400015?' is set on object 'Object Repository/VLink/Page_CCSale/txt_Track2Data'

2023-02-17 21:51:48 - [MESSAGE][PASSED] - Text '' is set on object 'Object Repository/VLink/Page_CCSale/txt_POSEntryMode'

2023-02-17 21:51:49 - [MESSAGE][PASSED] - Text '' is set on object 'Object Repository/VLink/Page_CCSale/txt_Email'

2023-02-17 21:51:50 - [MESSAGE][PASSED] - Text '' is set on object 'Object Repository/VLink/Page_CCSale/txt_OrderNumber'

2023-02-17 21:51:50 - [MESSAGE][PASSED] - Text '' is set on object 'Object Repository/VLink/Page_CCSale/txt_TaxAmount'

2023-02-17 21:51:51 - [MESSAGE][PASSED] - Text '' is set on object 'Object Repository/VLink/Page_CCSale/txt_ChargeDescription'

2023-02-17 21:51:52 - [MESSAGE][PASSED] - Text '' is set on object 'Object Repository/VLink/Page_CCSale/txt_CAN'

2023-02-17 21:51:52 - [MESSAGE][PASSED] - Text '' is set on object 'Object Repository/VLink/Page_CCSale/txt_BillPaymentIndicator'

2023-02-17 21:51:53 - [MESSAGE][PASSED] - Text '' is set on object 'Object Repository/VLink/Page_CCSale/txt_UDF1'

2023-02-17 21:51:54 - [MESSAGE][PASSED] - Text '' is set on object 'Object Repository/VLink/Page_CCSale/txt_UDF2'

2023-02-17 21:51:54 - [MESSAGE][PASSED] - Text '' is set on object 'Object Repository/VLink/Page_CCSale/txt_UDF3'

2023-02-17 21:51:55 - [MESSAGE][PASSED] - Text '' is set on object 'Object Repository/VLink/Page_CCSale/txt_UDF4'

2023-02-17 21:51:56 - [MESSAGE][PASSED] - Text '' is set on object 'Object Repository/VLink/Page_CCSale/txt_UDF5'

2023-02-17 21:51:56 - [MESSAGE][PASSED] - Text '' is set on object 'Object Repository/VLink/Page_CCSale/txt_UDF6'

2023-02-17 21:51:57 - [MESSAGE][PASSED] - Text '' is set on object 'Object Repository/VLink/Page_CCSale/txt_UDF7'

2023-02-17 21:51:58 - [MESSAGE][PASSED] - Text '' is set on object 'Object Repository/VLink/Page_CCSale/txt_UDF8'

2023-02-17 21:51:58 - [MESSAGE][PASSED] - Text '' is set on object 'Object Repository/VLink/Page_CCSale/txt_UDF9'

2023-02-17 21:51:59 - [MESSAGE][PASSED] - Text '' is set on object 'Object Repository/VLink/Page_CCSale/txt_UDF10'

2023-02-17 21:52:02 - [MESSAGE][PASSED] - Object: 'Object Repository/VLink/Page_CCSale/btn_ProcessVLinkTransaction' is clicked on

2023-02-17 21:52:07 - [MESSAGE][PASSED] - vlinkPages.saleCCPage.setDataSCC is PASSED

2023-02-17 21:52:07 - [TEST_STEP][PASSED] - if (verifyTextPresent("Transaction approved, no errors", true)): null

2023-02-17 21:52:07 - [MESSAGE][PASSED] - Text 'Transaction approved, no errors' is present on page  using regular expression

2023-02-17 21:52:07 - [TEST_STEP][PASSED] - println("Transaction Approved, no errors text is present on the Confirmation page"): null

2023-02-17 21:52:07 - [TEST_STEP][PASSED] - out.println("Pass Record Number: " + row): null

2023-02-17 21:52:07 - [TEST_STEP][PASSED] - resText = "Pass": null

2023-02-17 21:52:07 - [TEST_STEP][PASSED] - pages.WriteExcel.demoKey(resText, datText, resColumn, datCloumn, fileLoc, nameSheet, row): pages.WriteExcel.demoKey is PASSED

2023-02-17 21:52:07 - [MESSAGE][PASSED] - pages.WriteExcel.demoKey is PASSED

2023-02-17 21:52:07 - [TEST_STEP][PASSED] - sdfo = getText(findTestObject("Object Repository/Page_VLinkReceipt/pre_STX")): Text of object 'Object Repository/Page_VLinkReceipt/pre_STX' is: '<STX>adq85HSrPzhh                  12127352            0  Transaction approved, no errors                   0                                                                                  R OK3653   <ETX>'

2023-02-17 21:52:07 - [MESSAGE][PASSED] - Text of object 'Object Repository/Page_VLinkReceipt/pre_STX' is: '<STX>adq85HSrPzhh                  12127352            0  Transaction approved, no errors                   0                                                                                  R OK3653   <ETX>'

2023-02-17 21:52:07 - [TEST_STEP][PASSED] - out.println("sdfo: " + sdfo): null

2023-02-17 21:52:07 - [TEST_STEP][PASSED] - remID = substring(5, 35).trim(): null

2023-02-17 21:52:07 - [TEST_STEP][PASSED] - out.println("Remittance ID: " + remID): null

2023-02-17 21:52:07 - [TEST_STEP][PASSED] - traxID = substring(35, 55).trim(): null

2023-02-17 21:52:07 - [TEST_STEP][PASSED] - out.println("Transaction ID: " + traxID): null

2023-02-17 21:52:07 - [TEST_STEP][PASSED] - out.println("End Record Number: " + row): null

2023-02-17 21:52:07 - [TEST_STEP][PASSED] - closeBrowser(): Browser is closed

2023-02-17 21:52:08 - [MESSAGE][PASSED] - Browser is closed

2023-02-17 21:52:08 - [TEST_STEP][PASSED] - ExecuteTC = findTestData(dataFile).getValue("Execute", row): null

2023-02-17 21:52:08 - [TEST_STEP][PASSED] - out.println("Value of Execute is : " + ExecuteTC): null

2023-02-17 21:52:08 - [TEST_STEP][PASSED] - if (ExecuteTC.equalsIgnoreCase("Y")): Browser is closed

2023-02-17 21:52:08 - [TEST_STEP][PASSED] - out.println("Begin Record Number: " + row): null

2023-02-17 21:52:08 - [TEST_STEP][PASSED] - today = new java.util.Date(): null

2023-02-17 21:52:08 - [TEST_STEP][PASSED] - println(today): null

2023-02-17 21:52:08 - [TEST_STEP][PASSED] - datText = today: null

2023-02-17 21:52:08 - [TEST_STEP][PASSED] - openBrowser(VLinkURL + "authcap.html"): Browser is opened with url: 'https://dev-algorithm.govolution.com/vlinktest/QA/version_2_0/authcap.html'

2023-02-17 21:52:08 - [MESSAGE][INFO] - Starting 'Chrome' driver

2023-02-17 21:52:08 - [MESSAGE][INFO] - User set preference: ['acceptInsecureCerts', 'true']

2023-02-17 21:52:08 - [MESSAGE][INFO] - Action delay is set to 0 milliseconds

2023-02-17 21:52:10 - [MESSAGE][PASSED] - Browser is opened with url: 'https://dev-algorithm.govolution.com/vlinktest/QA/version_2_0/authcap.html'

2023-02-17 21:52:10 - [TEST_STEP][PASSED] - maximizeWindow(): Current window maximized

2023-02-17 21:52:10 - [MESSAGE][PASSED] - Current window maximized

2023-02-17 21:52:10 - [TEST_STEP][PASSED] - vlinkPages.saleCCPage.setDataSCC(row, dataFile): vlinkPages.saleCCPage.setDataSCC is PASSED

2023-02-17 21:52:13 - [MESSAGE][PASSED] - Object 'Object Repository/VLink/Page_CCSale/txt_CardNumber' is present

2023-02-17 21:52:14 - [MESSAGE][PASSED] - Text '104' is set on object 'Object Repository/VLink/Page_CCSale/txt_TransactionType'

2023-02-17 21:52:14 - [MESSAGE][PASSED] - Text '2.0C' is set on object 'Object Repository/VLink/Page_CCSale/txt_MessageVersion'

2023-02-17 21:52:15 - [MESSAGE][PASSED] - Text 'JsHw4TN8NRo8' is set on object 'Object Repository/VLink/Page_CCSale/txt_RemID'

2023-02-17 21:52:16 - [MESSAGE][PASSED] - Text '672' is set on object 'Object Repository/VLink/Page_CCSale/txt_ApplicationId'

2023-02-17 21:52:16 - [MESSAGE][PASSED] - Text 'username' is set on object 'Object Repository/VLink/Page_CCSale/txt_Username'

2023-02-17 21:52:17 - [MESSAGE][PASSED] - Text 'password' is set on object 'Object Repository/VLink/Page_CCSale/txt_Password'

2023-02-17 21:52:18 - [MESSAGE][PASSED] - Text 'fixed_width' is set on object 'Object Repository/VLink/Page_CCSale/txt_ResponseFormat'

2023-02-17 21:52:18 - [MESSAGE][PASSED] - Text 'RETL' is set on object 'Object Repository/VLink/Page_CCSale/txt_Category'

2023-02-17 21:52:19 - [MESSAGE][PASSED] - Text '' is set on object 'Object Repository/VLink/Page_CCSale/txt_TransactionID'

2023-02-17 21:52:19 - [MESSAGE][PASSED] - Text '' is set on object 'Object Repository/VLink/Page_CCSale/txt_ApprovalCode'

2023-02-17 21:52:20 - [MESSAGE][PASSED] - Text '' is set on object 'Object Repository/VLink/Page_CCSale/txt_CardName'

2023-02-17 21:52:21 - [MESSAGE][PASSED] - Text '' is set on object 'Object Repository/VLink/Page_CCSale/txt_AL1'

2023-02-17 21:52:22 - [MESSAGE][PASSED] - Text '' is set on object 'Object Repository/VLink/Page_CCSale/txt_AL2'

2023-02-17 21:52:22 - [MESSAGE][PASSED] - Text '' is set on object 'Object Repository/VLink/Page_CCSale/txt_CardCity'

2023-02-17 21:52:23 - [MESSAGE][PASSED] - Text '' is set on object 'Object Repository/VLink/Page_CCSale/txt_CardState'

2023-02-17 21:52:24 - [MESSAGE][PASSED] - Text '' is set on object 'Object Repository/VLink/Page_CCSale/txt_CardZIP'

2023-02-17 21:52:24 - [MESSAGE][PASSED] - Text '' is set on object 'Object Repository/VLink/Page_CCSale/txt_CountryID'

2023-02-17 21:52:25 - [MESSAGE][PASSED] - Text '2.50' is set on object 'Object Repository/VLink/Page_CCSale/txt_Amount'

2023-02-17 21:52:25 - [MESSAGE][PASSED] - Text '' is set on object 'Object Repository/VLink/Page_CCSale/txt_CardNumber'

2023-02-17 21:52:26 - [MESSAGE][PASSED] - Text '' is set on object 'Object Repository/VLink/Page_CCSale/txt_ExpMonth'

2023-02-17 21:52:27 - [MESSAGE][PASSED] - Text '' is set on object 'Object Repository/VLink/Page_CCSale/txt_ExpYear'

2023-02-17 21:52:27 - [MESSAGE][PASSED] - Text '' is set on object 'Object Repository/VLink/Page_CCSale/txt_CVV'

2023-02-17 21:52:28 - [MESSAGE][PASSED] - Text '' is set on object 'Object Repository/VLink/Page_CCSale/txt_CVVstate'

2023-02-17 21:52:29 - [MESSAGE][PASSED] - Text '%B5567080011582646^AHMED/IMTIAZ              ^2303201090200000000000354000015?;5567080011582646=23032010902035400015?' is set on object 'Object Repository/VLink/Page_CCSale/txt_TrackData'

2023-02-17 21:52:30 - [MESSAGE][PASSED] - Text '' is set on object 'Object Repository/VLink/Page_CCSale/txt_Track1Data'

2023-02-17 21:52:30 - [MESSAGE][PASSED] - Text '' is set on object 'Object Repository/VLink/Page_CCSale/txt_Track2Data'

2023-02-17 21:52:31 - [MESSAGE][PASSED] - Text '' is set on object 'Object Repository/VLink/Page_CCSale/txt_POSEntryMode'

2023-02-17 21:52:32 - [MESSAGE][PASSED] - Text '' is set on object 'Object Repository/VLink/Page_CCSale/txt_Email'

2023-02-17 21:52:32 - [MESSAGE][PASSED] - Text '' is set on object 'Object Repository/VLink/Page_CCSale/txt_OrderNumber'

2023-02-17 21:52:33 - [MESSAGE][PASSED] - Text '' is set on object 'Object Repository/VLink/Page_CCSale/txt_TaxAmount'

2023-02-17 21:52:34 - [MESSAGE][PASSED] - Text '' is set on object 'Object Repository/VLink/Page_CCSale/txt_ChargeDescription'

2023-02-17 21:52:34 - [MESSAGE][PASSED] - Text '' is set on object 'Object Repository/VLink/Page_CCSale/txt_CAN'

2023-02-17 21:52:35 - [MESSAGE][PASSED] - Text '' is set on object 'Object Repository/VLink/Page_CCSale/txt_BillPaymentIndicator'

2023-02-17 21:52:36 - [MESSAGE][PASSED] - Text '' is set on object 'Object Repository/VLink/Page_CCSale/txt_UDF1'

2023-02-17 21:52:36 - [MESSAGE][PASSED] - Text '' is set on object 'Object Repository/VLink/Page_CCSale/txt_UDF2'

2023-02-17 21:52:37 - [MESSAGE][PASSED] - Text '' is set on object 'Object Repository/VLink/Page_CCSale/txt_UDF3'

2023-02-17 21:52:38 - [MESSAGE][PASSED] - Text '' is set on object 'Object Repository/VLink/Page_CCSale/txt_UDF4'

2023-02-17 21:52:38 - [MESSAGE][PASSED] - Text '' is set on object 'Object Repository/VLink/Page_CCSale/txt_UDF5'

2023-02-17 21:52:39 - [MESSAGE][PASSED] - Text '' is set on object 'Object Repository/VLink/Page_CCSale/txt_UDF6'

2023-02-17 21:52:40 - [MESSAGE][PASSED] - Text '' is set on object 'Object Repository/VLink/Page_CCSale/txt_UDF7'

2023-02-17 21:52:41 - [MESSAGE][PASSED] - Text '' is set on object 'Object Repository/VLink/Page_CCSale/txt_UDF8'

2023-02-17 21:52:41 - [MESSAGE][PASSED] - Text '' is set on object 'Object Repository/VLink/Page_CCSale/txt_UDF9'

2023-02-17 21:52:42 - [MESSAGE][PASSED] - Text '' is set on object 'Object Repository/VLink/Page_CCSale/txt_UDF10'

2023-02-17 21:52:44 - [MESSAGE][PASSED] - Object: 'Object Repository/VLink/Page_CCSale/btn_ProcessVLinkTransaction' is clicked on

2023-02-17 21:52:49 - [MESSAGE][PASSED] - vlinkPages.saleCCPage.setDataSCC is PASSED

2023-02-17 21:52:49 - [TEST_STEP][PASSED] - if (verifyTextPresent("Transaction approved, no errors", true)): null

2023-02-17 21:52:50 - [MESSAGE][PASSED] - Text 'Transaction approved, no errors' is present on page  using regular expression

2023-02-17 21:52:50 - [TEST_STEP][PASSED] - println("Transaction Approved, no errors text is present on the Confirmation page"): null

2023-02-17 21:52:50 - [TEST_STEP][PASSED] - out.println("Pass Record Number: " + row): null

2023-02-17 21:52:50 - [TEST_STEP][PASSED] - resText = "Pass": null

2023-02-17 21:52:50 - [TEST_STEP][PASSED] - pages.WriteExcel.demoKey(resText, datText, resColumn, datCloumn, fileLoc, nameSheet, row): pages.WriteExcel.demoKey is PASSED

2023-02-17 21:52:50 - [MESSAGE][PASSED] - pages.WriteExcel.demoKey is PASSED

2023-02-17 21:52:50 - [TEST_STEP][PASSED] - sdfo = getText(findTestObject("Object Repository/Page_VLinkReceipt/pre_STX")): Text of object 'Object Repository/Page_VLinkReceipt/pre_STX' is: '<STX>JsHw4TN8NRo8                  12127353            0  Transaction approved, no errors                   0                                                                                  R OK3713   <ETX>'

2023-02-17 21:52:50 - [MESSAGE][PASSED] - Text of object 'Object Repository/Page_VLinkReceipt/pre_STX' is: '<STX>JsHw4TN8NRo8                  12127353            0  Transaction approved, no errors                   0                                                                                  R OK3713   <ETX>'

2023-02-17 21:52:50 - [TEST_STEP][PASSED] - out.println("sdfo: " + sdfo): null

2023-02-17 21:52:50 - [TEST_STEP][PASSED] - remID = substring(5, 35).trim(): null

2023-02-17 21:52:50 - [TEST_STEP][PASSED] - out.println("Remittance ID: " + remID): null

2023-02-17 21:52:50 - [TEST_STEP][PASSED] - traxID = substring(35, 55).trim(): null

2023-02-17 21:52:50 - [TEST_STEP][PASSED] - out.println("Transaction ID: " + traxID): null

2023-02-17 21:52:50 - [TEST_STEP][PASSED] - out.println("End Record Number: " + row): null

2023-02-17 21:52:50 - [TEST_STEP][PASSED] - closeBrowser(): Browser is closed

2023-02-17 21:52:51 - [MESSAGE][PASSED] - Browser is closed

2023-02-17 21:52:51 - [TEST_STEP][PASSED] - ExecuteTC = findTestData(dataFile).getValue("Execute", row): null

2023-02-17 21:52:51 - [TEST_STEP][PASSED] - out.println("Value of Execute is : " + ExecuteTC): null

2023-02-17 21:52:51 - [TEST_STEP][FAILED] - if (ExecuteTC.equalsIgnoreCase("Y")): null

2023-02-17 21:52:51 - [TEST_STEP][PASSED] - out.println("Begin Record Number: " + row): null

2023-02-17 21:52:51 - [TEST_STEP][PASSED] - today = new java.util.Date(): null

2023-02-17 21:52:51 - [TEST_STEP][PASSED] - println(today): null

2023-02-17 21:52:51 - [TEST_STEP][PASSED] - datText = today: null

2023-02-17 21:52:51 - [TEST_STEP][PASSED] - openBrowser(VLinkURL + "authcap.html"): Browser is opened with url: 'https://dev-algorithm.govolution.com/vlinktest/QA/version_2_0/authcap.html'

2023-02-17 21:52:51 - [MESSAGE][INFO] - Starting 'Chrome' driver

2023-02-17 21:52:51 - [MESSAGE][INFO] - User set preference: ['acceptInsecureCerts', 'true']

2023-02-17 21:52:51 - [MESSAGE][INFO] - Action delay is set to 0 milliseconds

2023-02-17 21:52:53 - [MESSAGE][PASSED] - Browser is opened with url: 'https://dev-algorithm.govolution.com/vlinktest/QA/version_2_0/authcap.html'

2023-02-17 21:52:53 - [TEST_STEP][PASSED] - maximizeWindow(): Current window maximized

2023-02-17 21:52:53 - [MESSAGE][PASSED] - Current window maximized

2023-02-17 21:52:53 - [TEST_STEP][PASSED] - vlinkPages.saleCCPage.setDataSCC(row, dataFile): vlinkPages.saleCCPage.setDataSCC is PASSED

2023-02-17 21:52:56 - [MESSAGE][PASSED] - Object 'Object Repository/VLink/Page_CCSale/txt_CardNumber' is present

2023-02-17 21:52:57 - [MESSAGE][PASSED] - Text '104' is set on object 'Object Repository/VLink/Page_CCSale/txt_TransactionType'

2023-02-17 21:52:57 - [MESSAGE][PASSED] - Text '2.0C' is set on object 'Object Repository/VLink/Page_CCSale/txt_MessageVersion'

2023-02-17 21:52:58 - [MESSAGE][PASSED] - Text 'ClMNzlRHLeXA' is set on object 'Object Repository/VLink/Page_CCSale/txt_RemID'

2023-02-17 21:52:58 - [MESSAGE][PASSED] - Text '672' is set on object 'Object Repository/VLink/Page_CCSale/txt_ApplicationId'

2023-02-17 21:52:59 - [MESSAGE][PASSED] - Text 'username' is set on object 'Object Repository/VLink/Page_CCSale/txt_Username'

2023-02-17 21:53:00 - [MESSAGE][PASSED] - Text 'password' is set on object 'Object Repository/VLink/Page_CCSale/txt_Password'

2023-02-17 21:53:00 - [MESSAGE][PASSED] - Text 'fixed_width' is set on object 'Object Repository/VLink/Page_CCSale/txt_ResponseFormat'

2023-02-17 21:53:01 - [MESSAGE][PASSED] - Text 'RETL' is set on object 'Object Repository/VLink/Page_CCSale/txt_Category'

2023-02-17 21:53:02 - [MESSAGE][PASSED] - Text '' is set on object 'Object Repository/VLink/Page_CCSale/txt_TransactionID'

2023-02-17 21:53:02 - [MESSAGE][PASSED] - Text '' is set on object 'Object Repository/VLink/Page_CCSale/txt_ApprovalCode'

2023-02-17 21:53:03 - [MESSAGE][PASSED] - Text '' is set on object 'Object Repository/VLink/Page_CCSale/txt_CardName'

2023-02-17 21:53:04 - [MESSAGE][PASSED] - Text '' is set on object 'Object Repository/VLink/Page_CCSale/txt_AL1'

2023-02-17 21:53:04 - [MESSAGE][PASSED] - Text '' is set on object 'Object Repository/VLink/Page_CCSale/txt_AL2'

2023-02-17 21:53:05 - [MESSAGE][PASSED] - Text '' is set on object 'Object Repository/VLink/Page_CCSale/txt_CardCity'

2023-02-17 21:53:06 - [MESSAGE][PASSED] - Text '' is set on object 'Object Repository/VLink/Page_CCSale/txt_CardState'

2023-02-17 21:53:06 - [MESSAGE][PASSED] - Text '' is set on object 'Object Repository/VLink/Page_CCSale/txt_CardZIP'

2023-02-17 21:53:07 - [MESSAGE][PASSED] - Text '' is set on object 'Object Repository/VLink/Page_CCSale/txt_CountryID'

2023-02-17 21:53:08 - [MESSAGE][PASSED] - Text '2.50' is set on object 'Object Repository/VLink/Page_CCSale/txt_Amount'

2023-02-17 21:53:08 - [MESSAGE][PASSED] - Text '' is set on object 'Object Repository/VLink/Page_CCSale/txt_CardNumber'

2023-02-17 21:53:09 - [MESSAGE][PASSED] - Text '' is set on object 'Object Repository/VLink/Page_CCSale/txt_ExpMonth'

2023-02-17 21:53:10 - [MESSAGE][PASSED] - Text '' is set on object 'Object Repository/VLink/Page_CCSale/txt_ExpYear'

2023-02-17 21:53:10 - [MESSAGE][PASSED] - Text '' is set on object 'Object Repository/VLink/Page_CCSale/txt_CVV'

2023-02-17 21:53:11 - [MESSAGE][PASSED] - Text '' is set on object 'Object Repository/VLink/Page_CCSale/txt_CVVstate'

2023-02-17 21:53:12 - [MESSAGE][PASSED] - Text '' is set on object 'Object Repository/VLink/Page_CCSale/txt_TrackData'

2023-02-17 21:53:12 - [MESSAGE][PASSED] - Text '%B5567080011582646^AHMED/IMTIAZ              ^2303201090200000000000354000015?' is set on object 'Object Repository/VLink/Page_CCSale/txt_Track1Data'

2023-02-17 21:53:13 - [MESSAGE][PASSED] - Text '' is set on object 'Object Repository/VLink/Page_CCSale/txt_Track2Data'

2023-02-17 21:53:14 - [MESSAGE][PASSED] - Text '' is set on object 'Object Repository/VLink/Page_CCSale/txt_POSEntryMode'

2023-02-17 21:53:14 - [MESSAGE][PASSED] - Text '' is set on object 'Object Repository/VLink/Page_CCSale/txt_Email'

2023-02-17 21:53:15 - [MESSAGE][PASSED] - Text '' is set on object 'Object Repository/VLink/Page_CCSale/txt_OrderNumber'

2023-02-17 21:53:16 - [MESSAGE][PASSED] - Text '' is set on object 'Object Repository/VLink/Page_CCSale/txt_TaxAmount'

2023-02-17 21:53:16 - [MESSAGE][PASSED] - Text '' is set on object 'Object Repository/VLink/Page_CCSale/txt_ChargeDescription'

2023-02-17 21:53:17 - [MESSAGE][PASSED] - Text '' is set on object 'Object Repository/VLink/Page_CCSale/txt_CAN'

2023-02-17 21:53:18 - [MESSAGE][PASSED] - Text '' is set on object 'Object Repository/VLink/Page_CCSale/txt_BillPaymentIndicator'

2023-02-17 21:53:18 - [MESSAGE][PASSED] - Text '' is set on object 'Object Repository/VLink/Page_CCSale/txt_UDF1'

2023-02-17 21:53:19 - [MESSAGE][PASSED] - Text '' is set on object 'Object Repository/VLink/Page_CCSale/txt_UDF2'

2023-02-17 21:53:20 - [MESSAGE][PASSED] - Text '' is set on object 'Object Repository/VLink/Page_CCSale/txt_UDF3'

2023-02-17 21:53:21 - [MESSAGE][PASSED] - Text '' is set on object 'Object Repository/VLink/Page_CCSale/txt_UDF4'

2023-02-17 21:53:21 - [MESSAGE][PASSED] - Text '' is set on object 'Object Repository/VLink/Page_CCSale/txt_UDF5'

2023-02-17 21:53:22 - [MESSAGE][PASSED] - Text '' is set on object 'Object Repository/VLink/Page_CCSale/txt_UDF6'

2023-02-17 21:53:23 - [MESSAGE][PASSED] - Text '' is set on object 'Object Repository/VLink/Page_CCSale/txt_UDF7'

2023-02-17 21:53:23 - [MESSAGE][PASSED] - Text '' is set on object 'Object Repository/VLink/Page_CCSale/txt_UDF8'

2023-02-17 21:53:24 - [MESSAGE][PASSED] - Text '' is set on object 'Object Repository/VLink/Page_CCSale/txt_UDF9'

2023-02-17 21:53:25 - [MESSAGE][PASSED] - Text '' is set on object 'Object Repository/VLink/Page_CCSale/txt_UDF10'

2023-02-17 21:53:26 - [MESSAGE][PASSED] - Object: 'Object Repository/VLink/Page_CCSale/btn_ProcessVLinkTransaction' is clicked on

2023-02-17 21:53:31 - [MESSAGE][PASSED] - vlinkPages.saleCCPage.setDataSCC is PASSED

2023-02-17 21:53:31 - [TEST_STEP][FAILED] - if (verifyTextPresent("Transaction approved, no errors", true)): Text 'Transaction approved, no errors' is not present on page  using regular expression (Root cause: com.kms.katalon.core.exception.StepFailedException: Text 'Transaction approved, no errors' is not present on page  using regular expression
	at com.kms.katalon.core.webui.keyword.internal.WebUIKeywordMain.stepFailed(WebUIKeywordMain.groovy:64)
	at com.kms.katalon.core.webui.keyword.builtin.VerifyTextPresentKeyword$_verifyTextPresent_closure1.doCall(VerifyTextPresentKeyword.groovy:79)
	at com.kms.katalon.core.webui.keyword.builtin.VerifyTextPresentKeyword$_verifyTextPresent_closure1.call(VerifyTextPresentKeyword.groovy)
	at com.kms.katalon.core.webui.keyword.internal.WebUIKeywordMain.runKeyword(WebUIKeywordMain.groovy:20)
	at com.kms.katalon.core.webui.keyword.builtin.VerifyTextPresentKeyword.verifyTextPresent(VerifyTextPresentKeyword.groovy:83)
	at com.kms.katalon.core.webui.keyword.builtin.VerifyTextPresentKeyword.execute(VerifyTextPresentKeyword.groovy:68)
	at com.kms.katalon.core.keyword.internal.KeywordExecutor.executeKeywordForPlatform(KeywordExecutor.groovy:74)
	at com.kms.katalon.core.webui.keyword.WebUiBuiltInKeywords.verifyTextPresent(WebUiBuiltInKeywords.groovy:1723)
	at com.kms.katalon.core.webui.keyword.WebUiBuiltInKeywords$verifyTextPresent$4.call(Unknown Source)
	at VLinkSale-Successful.run(VLinkSale-Successful:89)
	at com.kms.katalon.core.main.ScriptEngine.run(ScriptEngine.java:194)
	at com.kms.katalon.core.main.ScriptEngine.runScriptAsRawText(ScriptEngine.java:119)
	at com.kms.katalon.core.main.TestCaseExecutor.runScript(TestCaseExecutor.java:442)
	at com.kms.katalon.core.main.TestCaseExecutor.doExecute(TestCaseExecutor.java:433)
	at com.kms.katalon.core.main.TestCaseExecutor.processExecutionPhase(TestCaseExecutor.java:412)
	at com.kms.katalon.core.main.TestCaseExecutor.accessMainPhase(TestCaseExecutor.java:404)
	at com.kms.katalon.core.main.TestCaseExecutor.execute(TestCaseExecutor.java:281)
	at com.kms.katalon.core.main.TestSuiteExecutor.accessTestCaseMainPhase(TestSuiteExecutor.java:202)
	at com.kms.katalon.core.main.TestSuiteExecutor.accessTestSuiteMainPhase(TestSuiteExecutor.java:164)
	at com.kms.katalon.core.main.TestSuiteExecutor.execute(TestSuiteExecutor.java:105)
	at com.kms.katalon.core.main.TestCaseMain.startTestSuite(TestCaseMain.java:185)
	at com.kms.katalon.core.main.TestCaseMain$startTestSuite$0.call(Unknown Source)
	at TempTestSuite1676684116661.run(TempTestSuite1676684116661.groovy:36)
)

2023-02-17 21:53:31 - [MESSAGE][FAILED] - Text 'Transaction approved, no errors' is not present on page  using regular expression (Root cause: com.kms.katalon.core.exception.StepFailedException: Text 'Transaction approved, no errors' is not present on page  using regular expression
	at com.kms.katalon.core.webui.keyword.internal.WebUIKeywordMain.stepFailed(WebUIKeywordMain.groovy:64)
	at com.kms.katalon.core.webui.keyword.builtin.VerifyTextPresentKeyword$_verifyTextPresent_closure1.doCall(VerifyTextPresentKeyword.groovy:79)
	at com.kms.katalon.core.webui.keyword.builtin.VerifyTextPresentKeyword$_verifyTextPresent_closure1.call(VerifyTextPresentKeyword.groovy)
	at com.kms.katalon.core.webui.keyword.internal.WebUIKeywordMain.runKeyword(WebUIKeywordMain.groovy:20)
	at com.kms.katalon.core.webui.keyword.builtin.VerifyTextPresentKeyword.verifyTextPresent(VerifyTextPresentKeyword.groovy:83)
	at com.kms.katalon.core.webui.keyword.builtin.VerifyTextPresentKeyword.execute(VerifyTextPresentKeyword.groovy:68)
	at com.kms.katalon.core.keyword.internal.KeywordExecutor.executeKeywordForPlatform(KeywordExecutor.groovy:74)
	at com.kms.katalon.core.webui.keyword.WebUiBuiltInKeywords.verifyTextPresent(WebUiBuiltInKeywords.groovy:1723)
	at com.kms.katalon.core.webui.keyword.WebUiBuiltInKeywords$verifyTextPresent$4.call(Unknown Source)
	at VLinkSale-Successful.run(VLinkSale-Successful:89)
	at com.kms.katalon.core.main.ScriptEngine.run(ScriptEngine.java:194)
	at com.kms.katalon.core.main.ScriptEngine.runScriptAsRawText(ScriptEngine.java:119)
	at com.kms.katalon.core.main.TestCaseExecutor.runScript(TestCaseExecutor.java:442)
	at com.kms.katalon.core.main.TestCaseExecutor.doExecute(TestCaseExecutor.java:433)
	at com.kms.katalon.core.main.TestCaseExecutor.processExecutionPhase(TestCaseExecutor.java:412)
	at com.kms.katalon.core.main.TestCaseExecutor.accessMainPhase(TestCaseExecutor.java:404)
	at com.kms.katalon.core.main.TestCaseExecutor.execute(TestCaseExecutor.java:281)
	at com.kms.katalon.core.main.TestSuiteExecutor.accessTestCaseMainPhase(TestSuiteExecutor.java:202)
	at com.kms.katalon.core.main.TestSuiteExecutor.accessTestSuiteMainPhase(TestSuiteExecutor.java:164)
	at com.kms.katalon.core.main.TestSuiteExecutor.execute(TestSuiteExecutor.java:105)
	at com.kms.katalon.core.main.TestCaseMain.startTestSuite(TestCaseMain.java:185)
	at com.kms.katalon.core.main.TestCaseMain$startTestSuite$0.call(Unknown Source)
	at TempTestSuite1676684116661.run(TempTestSuite1676684116661.groovy:36)
)

2023-02-17 21:53:31 - [TEST_STEP][PASSED] - else: pages.WriteExcel.demoKey is PASSED

2023-02-17 21:53:31 - [TEST_STEP][PASSED] - println("Transaction Approved, no errors text is not present on the Confirmation page"): null

2023-02-17 21:53:31 - [TEST_STEP][PASSED] - out.println("Fail Record Number: " + row): null

2023-02-17 21:53:31 - [TEST_STEP][PASSED] - resText = "Fail": null

2023-02-17 21:53:31 - [TEST_STEP][PASSED] - pages.WriteExcel.demoKey(resText, datText, resColumn, datCloumn, fileLoc, nameSheet, row): pages.WriteExcel.demoKey is PASSED

2023-02-17 21:53:31 - [MESSAGE][PASSED] - pages.WriteExcel.demoKey is PASSED

2023-02-17 21:53:31 - [TEST_STEP][PASSED] - sdfo = getText(findTestObject("Object Repository/Page_VLinkReceipt/pre_STX")): Text of object 'Object Repository/Page_VLinkReceipt/pre_STX' is: '<STX>ClMNzlRHLeXA                  12127354            2  Transaction failed                                1  General platform system error                                                              <ETX>'

2023-02-17 21:53:31 - [MESSAGE][PASSED] - Text of object 'Object Repository/Page_VLinkReceipt/pre_STX' is: '<STX>ClMNzlRHLeXA                  12127354            2  Transaction failed                                1  General platform system error                                                              <ETX>'

2023-02-17 21:53:31 - [TEST_STEP][PASSED] - out.println("sdfo: " + sdfo): null

2023-02-17 21:53:31 - [TEST_STEP][PASSED] - remID = substring(5, 35).trim(): null

2023-02-17 21:53:31 - [TEST_STEP][PASSED] - out.println("Remittance ID: " + remID): null

2023-02-17 21:53:31 - [TEST_STEP][PASSED] - traxID = substring(35, 55).trim(): null

2023-02-17 21:53:31 - [TEST_STEP][PASSED] - out.println("Transaction ID: " + traxID): null

2023-02-17 21:53:31 - [TEST_STEP][PASSED] - out.println("End Record Number: " + row): null

2023-02-17 21:53:31 - [TEST_STEP][PASSED] - closeBrowser(): Browser is closed

2023-02-17 21:53:32 - [MESSAGE][PASSED] - Browser is closed

2023-02-17 21:53:32 - [TEST_STEP][PASSED] - ExecuteTC = findTestData(dataFile).getValue("Execute", row): null

2023-02-17 21:53:32 - [TEST_STEP][PASSED] - out.println("Value of Execute is : " + ExecuteTC): null

2023-02-17 21:53:32 - [TEST_STEP][PASSED] - if (ExecuteTC.equalsIgnoreCase("Y")): Browser is closed

2023-02-17 21:53:32 - [TEST_STEP][PASSED] - out.println("Begin Record Number: " + row): null

2023-02-17 21:53:32 - [TEST_STEP][PASSED] - today = new java.util.Date(): null

2023-02-17 21:53:32 - [TEST_STEP][PASSED] - println(today): null

2023-02-17 21:53:32 - [TEST_STEP][PASSED] - datText = today: null

2023-02-17 21:53:32 - [TEST_STEP][PASSED] - openBrowser(VLinkURL + "authcap.html"): Browser is opened with url: 'https://dev-algorithm.govolution.com/vlinktest/QA/version_2_0/authcap.html'

2023-02-17 21:53:32 - [MESSAGE][INFO] - Starting 'Chrome' driver

2023-02-17 21:53:32 - [MESSAGE][INFO] - User set preference: ['acceptInsecureCerts', 'true']

2023-02-17 21:53:32 - [MESSAGE][INFO] - Action delay is set to 0 milliseconds

2023-02-17 21:53:34 - [MESSAGE][PASSED] - Browser is opened with url: 'https://dev-algorithm.govolution.com/vlinktest/QA/version_2_0/authcap.html'

2023-02-17 21:53:34 - [TEST_STEP][PASSED] - maximizeWindow(): Current window maximized

2023-02-17 21:53:34 - [MESSAGE][PASSED] - Current window maximized

2023-02-17 21:53:34 - [TEST_STEP][PASSED] - vlinkPages.saleCCPage.setDataSCC(row, dataFile): vlinkPages.saleCCPage.setDataSCC is PASSED

2023-02-17 21:53:37 - [MESSAGE][PASSED] - Object 'Object Repository/VLink/Page_CCSale/txt_CardNumber' is present

2023-02-17 21:53:38 - [MESSAGE][PASSED] - Text '104' is set on object 'Object Repository/VLink/Page_CCSale/txt_TransactionType'

2023-02-17 21:53:38 - [MESSAGE][PASSED] - Text '2.0C' is set on object 'Object Repository/VLink/Page_CCSale/txt_MessageVersion'

2023-02-17 21:53:39 - [MESSAGE][PASSED] - Text '4GPbM3Mpa9t0' is set on object 'Object Repository/VLink/Page_CCSale/txt_RemID'

2023-02-17 21:53:40 - [MESSAGE][PASSED] - Text '672' is set on object 'Object Repository/VLink/Page_CCSale/txt_ApplicationId'

2023-02-17 21:53:40 - [MESSAGE][PASSED] - Text 'username' is set on object 'Object Repository/VLink/Page_CCSale/txt_Username'

2023-02-17 21:53:41 - [MESSAGE][PASSED] - Text 'password' is set on object 'Object Repository/VLink/Page_CCSale/txt_Password'

2023-02-17 21:53:41 - [MESSAGE][PASSED] - Text 'fixed_width' is set on object 'Object Repository/VLink/Page_CCSale/txt_ResponseFormat'

2023-02-17 21:53:42 - [MESSAGE][PASSED] - Text 'RETL' is set on object 'Object Repository/VLink/Page_CCSale/txt_Category'

2023-02-17 21:53:43 - [MESSAGE][PASSED] - Text '' is set on object 'Object Repository/VLink/Page_CCSale/txt_TransactionID'

2023-02-17 21:53:43 - [MESSAGE][PASSED] - Text '' is set on object 'Object Repository/VLink/Page_CCSale/txt_ApprovalCode'

2023-02-17 21:53:44 - [MESSAGE][PASSED] - Text 'Angelo Matt' is set on object 'Object Repository/VLink/Page_CCSale/txt_CardName'

2023-02-17 21:53:45 - [MESSAGE][PASSED] - Text '' is set on object 'Object Repository/VLink/Page_CCSale/txt_AL1'

2023-02-17 21:53:46 - [MESSAGE][PASSED] - Text '' is set on object 'Object Repository/VLink/Page_CCSale/txt_AL2'

2023-02-17 21:53:46 - [MESSAGE][PASSED] - Text '' is set on object 'Object Repository/VLink/Page_CCSale/txt_CardCity'

2023-02-17 21:53:47 - [MESSAGE][PASSED] - Text '' is set on object 'Object Repository/VLink/Page_CCSale/txt_CardState'

2023-02-17 21:53:48 - [MESSAGE][PASSED] - Text '' is set on object 'Object Repository/VLink/Page_CCSale/txt_CardZIP'

2023-02-17 21:53:48 - [MESSAGE][PASSED] - Text '' is set on object 'Object Repository/VLink/Page_CCSale/txt_CountryID'

2023-02-17 21:53:49 - [MESSAGE][PASSED] - Text '2.50' is set on object 'Object Repository/VLink/Page_CCSale/txt_Amount'

2023-02-17 21:53:50 - [MESSAGE][PASSED] - Text '' is set on object 'Object Repository/VLink/Page_CCSale/txt_CardNumber'

2023-02-17 21:53:50 - [MESSAGE][PASSED] - Text '' is set on object 'Object Repository/VLink/Page_CCSale/txt_ExpMonth'

2023-02-17 21:53:51 - [MESSAGE][PASSED] - Text '' is set on object 'Object Repository/VLink/Page_CCSale/txt_ExpYear'

2023-02-17 21:53:52 - [MESSAGE][PASSED] - Text '' is set on object 'Object Repository/VLink/Page_CCSale/txt_CVV'

2023-02-17 21:53:52 - [MESSAGE][PASSED] - Text '' is set on object 'Object Repository/VLink/Page_CCSale/txt_CVVstate'

2023-02-17 21:53:53 - [MESSAGE][PASSED] - Text '' is set on object 'Object Repository/VLink/Page_CCSale/txt_TrackData'

2023-02-17 21:53:54 - [MESSAGE][PASSED] - Text '' is set on object 'Object Repository/VLink/Page_CCSale/txt_Track1Data'

2023-02-17 21:53:54 - [MESSAGE][PASSED] - Text ';5567080011582646=23032010902035400015?' is set on object 'Object Repository/VLink/Page_CCSale/txt_Track2Data'

2023-02-17 21:53:55 - [MESSAGE][PASSED] - Text '' is set on object 'Object Repository/VLink/Page_CCSale/txt_POSEntryMode'

2023-02-17 21:53:56 - [MESSAGE][PASSED] - Text '' is set on object 'Object Repository/VLink/Page_CCSale/txt_Email'

2023-02-17 21:53:56 - [MESSAGE][PASSED] - Text '' is set on object 'Object Repository/VLink/Page_CCSale/txt_OrderNumber'

2023-02-17 21:53:57 - [MESSAGE][PASSED] - Text '' is set on object 'Object Repository/VLink/Page_CCSale/txt_TaxAmount'

2023-02-17 21:53:58 - [MESSAGE][PASSED] - Text '' is set on object 'Object Repository/VLink/Page_CCSale/txt_ChargeDescription'

2023-02-17 21:53:59 - [MESSAGE][PASSED] - Text '' is set on object 'Object Repository/VLink/Page_CCSale/txt_CAN'

2023-02-17 21:53:59 - [MESSAGE][PASSED] - Text '' is set on object 'Object Repository/VLink/Page_CCSale/txt_BillPaymentIndicator'

2023-02-17 21:54:00 - [MESSAGE][PASSED] - Text '' is set on object 'Object Repository/VLink/Page_CCSale/txt_UDF1'

2023-02-17 21:54:01 - [MESSAGE][PASSED] - Text '' is set on object 'Object Repository/VLink/Page_CCSale/txt_UDF2'

2023-02-17 21:54:01 - [MESSAGE][PASSED] - Text '' is set on object 'Object Repository/VLink/Page_CCSale/txt_UDF3'

2023-02-17 21:54:02 - [MESSAGE][PASSED] - Text '' is set on object 'Object Repository/VLink/Page_CCSale/txt_UDF4'

2023-02-17 21:54:03 - [MESSAGE][PASSED] - Text '' is set on object 'Object Repository/VLink/Page_CCSale/txt_UDF5'

2023-02-17 21:54:03 - [MESSAGE][PASSED] - Text '' is set on object 'Object Repository/VLink/Page_CCSale/txt_UDF6'

2023-02-17 21:54:04 - [MESSAGE][PASSED] - Text '' is set on object 'Object Repository/VLink/Page_CCSale/txt_UDF7'

2023-02-17 21:54:05 - [MESSAGE][PASSED] - Text '' is set on object 'Object Repository/VLink/Page_CCSale/txt_UDF8'

2023-02-17 21:54:05 - [MESSAGE][PASSED] - Text '' is set on object 'Object Repository/VLink/Page_CCSale/txt_UDF9'

2023-02-17 21:54:06 - [MESSAGE][PASSED] - Text '' is set on object 'Object Repository/VLink/Page_CCSale/txt_UDF10'

2023-02-17 21:54:09 - [MESSAGE][PASSED] - Object: 'Object Repository/VLink/Page_CCSale/btn_ProcessVLinkTransaction' is clicked on

2023-02-17 21:54:14 - [MESSAGE][PASSED] - vlinkPages.saleCCPage.setDataSCC is PASSED

2023-02-17 21:54:14 - [TEST_STEP][PASSED] - if (verifyTextPresent("Transaction approved, no errors", true)): null

2023-02-17 21:54:14 - [MESSAGE][PASSED] - Text 'Transaction approved, no errors' is present on page  using regular expression

2023-02-17 21:54:14 - [TEST_STEP][PASSED] - println("Transaction Approved, no errors text is present on the Confirmation page"): null

2023-02-17 21:54:14 - [TEST_STEP][PASSED] - out.println("Pass Record Number: " + row): null

2023-02-17 21:54:14 - [TEST_STEP][PASSED] - resText = "Pass": null

2023-02-17 21:54:14 - [TEST_STEP][PASSED] - pages.WriteExcel.demoKey(resText, datText, resColumn, datCloumn, fileLoc, nameSheet, row): pages.WriteExcel.demoKey is PASSED

2023-02-17 21:54:14 - [MESSAGE][PASSED] - pages.WriteExcel.demoKey is PASSED

2023-02-17 21:54:14 - [TEST_STEP][PASSED] - sdfo = getText(findTestObject("Object Repository/Page_VLinkReceipt/pre_STX")): Text of object 'Object Repository/Page_VLinkReceipt/pre_STX' is: '<STX>4GPbM3Mpa9t0                  12127355            0  Transaction approved, no errors                   0                                                                                  R OK3743   <ETX>'

2023-02-17 21:54:14 - [MESSAGE][PASSED] - Text of object 'Object Repository/Page_VLinkReceipt/pre_STX' is: '<STX>4GPbM3Mpa9t0                  12127355            0  Transaction approved, no errors                   0                                                                                  R OK3743   <ETX>'

2023-02-17 21:54:14 - [TEST_STEP][PASSED] - out.println("sdfo: " + sdfo): null

2023-02-17 21:54:14 - [TEST_STEP][PASSED] - remID = substring(5, 35).trim(): null

2023-02-17 21:54:14 - [TEST_STEP][PASSED] - out.println("Remittance ID: " + remID): null

2023-02-17 21:54:14 - [TEST_STEP][PASSED] - traxID = substring(35, 55).trim(): null

2023-02-17 21:54:14 - [TEST_STEP][PASSED] - out.println("Transaction ID: " + traxID): null

2023-02-17 21:54:14 - [TEST_STEP][PASSED] - out.println("End Record Number: " + row): null

2023-02-17 21:54:14 - [TEST_STEP][PASSED] - closeBrowser(): Browser is closed

2023-02-17 21:54:15 - [MESSAGE][PASSED] - Browser is closed

2023-02-17 21:54:15 - [TEST_STEP][PASSED] - ExecuteTC = findTestData(dataFile).getValue("Execute", row): null

2023-02-17 21:54:15 - [TEST_STEP][PASSED] - out.println("Value of Execute is : " + ExecuteTC): null

2023-02-17 21:54:15 - [TEST_STEP][PASSED] - if (ExecuteTC.equalsIgnoreCase("Y")): Browser is closed

2023-02-17 21:54:15 - [TEST_STEP][PASSED] - out.println("Begin Record Number: " + row): null

2023-02-17 21:54:15 - [TEST_STEP][PASSED] - today = new java.util.Date(): null

2023-02-17 21:54:15 - [TEST_STEP][PASSED] - println(today): null

2023-02-17 21:54:15 - [TEST_STEP][PASSED] - datText = today: null

2023-02-17 21:54:15 - [TEST_STEP][PASSED] - openBrowser(VLinkURL + "authcap.html"): Browser is opened with url: 'https://dev-algorithm.govolution.com/vlinktest/QA/version_2_0/authcap.html'

2023-02-17 21:54:15 - [MESSAGE][INFO] - Starting 'Chrome' driver

2023-02-17 21:54:15 - [MESSAGE][INFO] - User set preference: ['acceptInsecureCerts', 'true']

2023-02-17 21:54:15 - [MESSAGE][INFO] - Action delay is set to 0 milliseconds

2023-02-17 21:54:17 - [MESSAGE][PASSED] - Browser is opened with url: 'https://dev-algorithm.govolution.com/vlinktest/QA/version_2_0/authcap.html'

2023-02-17 21:54:17 - [TEST_STEP][PASSED] - maximizeWindow(): Current window maximized

2023-02-17 21:54:17 - [MESSAGE][PASSED] - Current window maximized

2023-02-17 21:54:17 - [TEST_STEP][PASSED] - vlinkPages.saleCCPage.setDataSCC(row, dataFile): vlinkPages.saleCCPage.setDataSCC is PASSED

2023-02-17 21:54:20 - [MESSAGE][PASSED] - Object 'Object Repository/VLink/Page_CCSale/txt_CardNumber' is present

2023-02-17 21:54:21 - [MESSAGE][PASSED] - Text '104' is set on object 'Object Repository/VLink/Page_CCSale/txt_TransactionType'

2023-02-17 21:54:22 - [MESSAGE][PASSED] - Text '2.0C' is set on object 'Object Repository/VLink/Page_CCSale/txt_MessageVersion'

2023-02-17 21:54:22 - [MESSAGE][PASSED] - Text 'f4sJFkurBuyg' is set on object 'Object Repository/VLink/Page_CCSale/txt_RemID'

2023-02-17 21:54:23 - [MESSAGE][PASSED] - Text '672' is set on object 'Object Repository/VLink/Page_CCSale/txt_ApplicationId'

2023-02-17 21:54:23 - [MESSAGE][PASSED] - Text 'username' is set on object 'Object Repository/VLink/Page_CCSale/txt_Username'

2023-02-17 21:54:24 - [MESSAGE][PASSED] - Text 'password' is set on object 'Object Repository/VLink/Page_CCSale/txt_Password'

2023-02-17 21:54:25 - [MESSAGE][PASSED] - Text 'fixed_width' is set on object 'Object Repository/VLink/Page_CCSale/txt_ResponseFormat'

2023-02-17 21:54:25 - [MESSAGE][PASSED] - Text 'RETL' is set on object 'Object Repository/VLink/Page_CCSale/txt_Category'

2023-02-17 21:54:26 - [MESSAGE][PASSED] - Text '' is set on object 'Object Repository/VLink/Page_CCSale/txt_TransactionID'

2023-02-17 21:54:27 - [MESSAGE][PASSED] - Text '' is set on object 'Object Repository/VLink/Page_CCSale/txt_ApprovalCode'

2023-02-17 21:54:27 - [MESSAGE][PASSED] - Text '' is set on object 'Object Repository/VLink/Page_CCSale/txt_CardName'

2023-02-17 21:54:28 - [MESSAGE][PASSED] - Text '' is set on object 'Object Repository/VLink/Page_CCSale/txt_AL1'

2023-02-17 21:54:29 - [MESSAGE][PASSED] - Text '' is set on object 'Object Repository/VLink/Page_CCSale/txt_AL2'

2023-02-17 21:54:29 - [MESSAGE][PASSED] - Text '' is set on object 'Object Repository/VLink/Page_CCSale/txt_CardCity'

2023-02-17 21:54:30 - [MESSAGE][PASSED] - Text '' is set on object 'Object Repository/VLink/Page_CCSale/txt_CardState'

2023-02-17 21:54:31 - [MESSAGE][PASSED] - Text '' is set on object 'Object Repository/VLink/Page_CCSale/txt_CardZIP'

2023-02-17 21:54:31 - [MESSAGE][PASSED] - Text '' is set on object 'Object Repository/VLink/Page_CCSale/txt_CountryID'

2023-02-17 21:54:32 - [MESSAGE][PASSED] - Text '2.50' is set on object 'Object Repository/VLink/Page_CCSale/txt_Amount'

2023-02-17 21:54:33 - [MESSAGE][PASSED] - Text '' is set on object 'Object Repository/VLink/Page_CCSale/txt_CardNumber'

2023-02-17 21:54:33 - [MESSAGE][PASSED] - Text '' is set on object 'Object Repository/VLink/Page_CCSale/txt_ExpMonth'

2023-02-17 21:54:34 - [MESSAGE][PASSED] - Text '' is set on object 'Object Repository/VLink/Page_CCSale/txt_ExpYear'

2023-02-17 21:54:35 - [MESSAGE][PASSED] - Text '' is set on object 'Object Repository/VLink/Page_CCSale/txt_CVV'

2023-02-17 21:54:35 - [MESSAGE][PASSED] - Text '' is set on object 'Object Repository/VLink/Page_CCSale/txt_CVVstate'

2023-02-17 21:54:36 - [MESSAGE][PASSED] - Text '' is set on object 'Object Repository/VLink/Page_CCSale/txt_TrackData'

2023-02-17 21:54:37 - [MESSAGE][PASSED] - Text '%B5567080011582646^AHMED/IMTIAZ              ^2303201090200000000000354000015?' is set on object 'Object Repository/VLink/Page_CCSale/txt_Track1Data'

2023-02-17 21:54:37 - [MESSAGE][PASSED] - Text ';5567080011582646=23032010902035400015?' is set on object 'Object Repository/VLink/Page_CCSale/txt_Track2Data'

2023-02-17 21:54:38 - [MESSAGE][PASSED] - Text '' is set on object 'Object Repository/VLink/Page_CCSale/txt_POSEntryMode'

2023-02-17 21:54:39 - [MESSAGE][PASSED] - Text '' is set on object 'Object Repository/VLink/Page_CCSale/txt_Email'

2023-02-17 21:54:39 - [MESSAGE][PASSED] - Text '' is set on object 'Object Repository/VLink/Page_CCSale/txt_OrderNumber'

2023-02-17 21:54:40 - [MESSAGE][PASSED] - Text '' is set on object 'Object Repository/VLink/Page_CCSale/txt_TaxAmount'

2023-02-17 21:54:41 - [MESSAGE][PASSED] - Text '' is set on object 'Object Repository/VLink/Page_CCSale/txt_ChargeDescription'

2023-02-17 21:54:41 - [MESSAGE][PASSED] - Text '' is set on object 'Object Repository/VLink/Page_CCSale/txt_CAN'

2023-02-17 21:54:42 - [MESSAGE][PASSED] - Text '' is set on object 'Object Repository/VLink/Page_CCSale/txt_BillPaymentIndicator'

2023-02-17 21:54:43 - [MESSAGE][PASSED] - Text '' is set on object 'Object Repository/VLink/Page_CCSale/txt_UDF1'

2023-02-17 21:54:43 - [MESSAGE][PASSED] - Text '' is set on object 'Object Repository/VLink/Page_CCSale/txt_UDF2'

2023-02-17 21:54:44 - [MESSAGE][PASSED] - Text '' is set on object 'Object Repository/VLink/Page_CCSale/txt_UDF3'

2023-02-17 21:54:45 - [MESSAGE][PASSED] - Text '' is set on object 'Object Repository/VLink/Page_CCSale/txt_UDF4'

2023-02-17 21:54:45 - [MESSAGE][PASSED] - Text '' is set on object 'Object Repository/VLink/Page_CCSale/txt_UDF5'

2023-02-17 21:54:46 - [MESSAGE][PASSED] - Text '' is set on object 'Object Repository/VLink/Page_CCSale/txt_UDF6'

2023-02-17 21:54:47 - [MESSAGE][PASSED] - Text '' is set on object 'Object Repository/VLink/Page_CCSale/txt_UDF7'

2023-02-17 21:54:47 - [MESSAGE][PASSED] - Text '' is set on object 'Object Repository/VLink/Page_CCSale/txt_UDF8'

2023-02-17 21:54:48 - [MESSAGE][PASSED] - Text '' is set on object 'Object Repository/VLink/Page_CCSale/txt_UDF9'

2023-02-17 21:54:49 - [MESSAGE][PASSED] - Text '' is set on object 'Object Repository/VLink/Page_CCSale/txt_UDF10'

2023-02-17 21:54:51 - [MESSAGE][PASSED] - Object: 'Object Repository/VLink/Page_CCSale/btn_ProcessVLinkTransaction' is clicked on

2023-02-17 21:54:56 - [MESSAGE][PASSED] - vlinkPages.saleCCPage.setDataSCC is PASSED

2023-02-17 21:54:56 - [TEST_STEP][PASSED] - if (verifyTextPresent("Transaction approved, no errors", true)): null

2023-02-17 21:54:56 - [MESSAGE][PASSED] - Text 'Transaction approved, no errors' is present on page  using regular expression

2023-02-17 21:54:56 - [TEST_STEP][PASSED] - println("Transaction Approved, no errors text is present on the Confirmation page"): null

2023-02-17 21:54:56 - [TEST_STEP][PASSED] - out.println("Pass Record Number: " + row): null

2023-02-17 21:54:56 - [TEST_STEP][PASSED] - resText = "Pass": null

2023-02-17 21:54:56 - [TEST_STEP][PASSED] - pages.WriteExcel.demoKey(resText, datText, resColumn, datCloumn, fileLoc, nameSheet, row): pages.WriteExcel.demoKey is PASSED

2023-02-17 21:54:56 - [MESSAGE][PASSED] - pages.WriteExcel.demoKey is PASSED

2023-02-17 21:54:56 - [TEST_STEP][PASSED] - sdfo = getText(findTestObject("Object Repository/Page_VLinkReceipt/pre_STX")): Text of object 'Object Repository/Page_VLinkReceipt/pre_STX' is: '<STX>f4sJFkurBuyg                  12127356            0  Transaction approved, no errors                   0                                                                                  R OK3773   <ETX>'

2023-02-17 21:54:57 - [MESSAGE][PASSED] - Text of object 'Object Repository/Page_VLinkReceipt/pre_STX' is: '<STX>f4sJFkurBuyg                  12127356            0  Transaction approved, no errors                   0                                                                                  R OK3773   <ETX>'

2023-02-17 21:54:57 - [TEST_STEP][PASSED] - out.println("sdfo: " + sdfo): null

2023-02-17 21:54:57 - [TEST_STEP][PASSED] - remID = substring(5, 35).trim(): null

2023-02-17 21:54:57 - [TEST_STEP][PASSED] - out.println("Remittance ID: " + remID): null

2023-02-17 21:54:57 - [TEST_STEP][PASSED] - traxID = substring(35, 55).trim(): null

2023-02-17 21:54:57 - [TEST_STEP][PASSED] - out.println("Transaction ID: " + traxID): null

2023-02-17 21:54:57 - [TEST_STEP][PASSED] - out.println("End Record Number: " + row): null

2023-02-17 21:54:57 - [TEST_STEP][PASSED] - closeBrowser(): Browser is closed

2023-02-17 21:54:58 - [MESSAGE][PASSED] - Browser is closed

2023-02-17 21:54:58 - [TEST_STEP][PASSED] - ExecuteTC = findTestData(dataFile).getValue("Execute", row): null

2023-02-17 21:54:58 - [TEST_STEP][PASSED] - out.println("Value of Execute is : " + ExecuteTC): null

2023-02-17 21:54:58 - [TEST_STEP][PASSED] - if (ExecuteTC.equalsIgnoreCase("Y")): Browser is closed

2023-02-17 21:54:58 - [TEST_STEP][PASSED] - out.println("Begin Record Number: " + row): null

2023-02-17 21:54:58 - [TEST_STEP][PASSED] - today = new java.util.Date(): null

2023-02-17 21:54:58 - [TEST_STEP][PASSED] - println(today): null

2023-02-17 21:54:58 - [TEST_STEP][PASSED] - datText = today: null

2023-02-17 21:54:58 - [TEST_STEP][PASSED] - openBrowser(VLinkURL + "authcap.html"): Browser is opened with url: 'https://dev-algorithm.govolution.com/vlinktest/QA/version_2_0/authcap.html'

2023-02-17 21:54:58 - [MESSAGE][INFO] - Starting 'Chrome' driver

2023-02-17 21:54:58 - [MESSAGE][INFO] - User set preference: ['acceptInsecureCerts', 'true']

2023-02-17 21:54:58 - [MESSAGE][INFO] - Action delay is set to 0 milliseconds

2023-02-17 21:55:00 - [MESSAGE][PASSED] - Browser is opened with url: 'https://dev-algorithm.govolution.com/vlinktest/QA/version_2_0/authcap.html'

2023-02-17 21:55:00 - [TEST_STEP][PASSED] - maximizeWindow(): Current window maximized

2023-02-17 21:55:00 - [MESSAGE][PASSED] - Current window maximized

2023-02-17 21:55:00 - [TEST_STEP][PASSED] - vlinkPages.saleCCPage.setDataSCC(row, dataFile): vlinkPages.saleCCPage.setDataSCC is PASSED

2023-02-17 21:55:03 - [MESSAGE][PASSED] - Object 'Object Repository/VLink/Page_CCSale/txt_CardNumber' is present

2023-02-17 21:55:03 - [MESSAGE][PASSED] - Text '104' is set on object 'Object Repository/VLink/Page_CCSale/txt_TransactionType'

2023-02-17 21:55:04 - [MESSAGE][PASSED] - Text '2.0C' is set on object 'Object Repository/VLink/Page_CCSale/txt_MessageVersion'

2023-02-17 21:55:05 - [MESSAGE][PASSED] - Text 's9aWkDKgCoMY' is set on object 'Object Repository/VLink/Page_CCSale/txt_RemID'

2023-02-17 21:55:05 - [MESSAGE][PASSED] - Text '677' is set on object 'Object Repository/VLink/Page_CCSale/txt_ApplicationId'

2023-02-17 21:55:06 - [MESSAGE][PASSED] - Text 'username' is set on object 'Object Repository/VLink/Page_CCSale/txt_Username'

2023-02-17 21:55:06 - [MESSAGE][PASSED] - Text 'password' is set on object 'Object Repository/VLink/Page_CCSale/txt_Password'

2023-02-17 21:55:07 - [MESSAGE][PASSED] - Text 'fixed_width' is set on object 'Object Repository/VLink/Page_CCSale/txt_ResponseFormat'

2023-02-17 21:55:08 - [MESSAGE][PASSED] - Text 'RETL' is set on object 'Object Repository/VLink/Page_CCSale/txt_Category'

2023-02-17 21:55:08 - [MESSAGE][PASSED] - Text '' is set on object 'Object Repository/VLink/Page_CCSale/txt_TransactionID'

2023-02-17 21:55:09 - [MESSAGE][PASSED] - Text '' is set on object 'Object Repository/VLink/Page_CCSale/txt_ApprovalCode'

2023-02-17 21:55:10 - [MESSAGE][PASSED] - Text '' is set on object 'Object Repository/VLink/Page_CCSale/txt_CardName'

2023-02-17 21:55:10 - [MESSAGE][PASSED] - Text '' is set on object 'Object Repository/VLink/Page_CCSale/txt_AL1'

2023-02-17 21:55:11 - [MESSAGE][PASSED] - Text '' is set on object 'Object Repository/VLink/Page_CCSale/txt_AL2'

2023-02-17 21:55:12 - [MESSAGE][PASSED] - Text '' is set on object 'Object Repository/VLink/Page_CCSale/txt_CardCity'

2023-02-17 21:55:12 - [MESSAGE][PASSED] - Text '' is set on object 'Object Repository/VLink/Page_CCSale/txt_CardState'

2023-02-17 21:55:13 - [MESSAGE][PASSED] - Text '' is set on object 'Object Repository/VLink/Page_CCSale/txt_CardZIP'

2023-02-17 21:55:14 - [MESSAGE][PASSED] - Text '' is set on object 'Object Repository/VLink/Page_CCSale/txt_CountryID'

2023-02-17 21:55:14 - [MESSAGE][PASSED] - Text '3.50' is set on object 'Object Repository/VLink/Page_CCSale/txt_Amount'

2023-02-17 21:55:15 - [MESSAGE][PASSED] - Text '' is set on object 'Object Repository/VLink/Page_CCSale/txt_CardNumber'

2023-02-17 21:55:16 - [MESSAGE][PASSED] - Text '' is set on object 'Object Repository/VLink/Page_CCSale/txt_ExpMonth'

2023-02-17 21:55:16 - [MESSAGE][PASSED] - Text '' is set on object 'Object Repository/VLink/Page_CCSale/txt_ExpYear'

2023-02-17 21:55:17 - [MESSAGE][PASSED] - Text '' is set on object 'Object Repository/VLink/Page_CCSale/txt_CVV'

2023-02-17 21:55:18 - [MESSAGE][PASSED] - Text '' is set on object 'Object Repository/VLink/Page_CCSale/txt_CVVstate'

2023-02-17 21:55:19 - [MESSAGE][PASSED] - Text '%B5567080011582646^AHMED/IMTIAZ              ^2303201090200000000000354000015?;5567080011582646=23032010902035400015?' is set on object 'Object Repository/VLink/Page_CCSale/txt_TrackData'

2023-02-17 21:55:19 - [MESSAGE][PASSED] - Text '' is set on object 'Object Repository/VLink/Page_CCSale/txt_Track1Data'

2023-02-17 21:55:20 - [MESSAGE][PASSED] - Text '' is set on object 'Object Repository/VLink/Page_CCSale/txt_Track2Data'

2023-02-17 21:55:21 - [MESSAGE][PASSED] - Text '' is set on object 'Object Repository/VLink/Page_CCSale/txt_POSEntryMode'

2023-02-17 21:55:21 - [MESSAGE][PASSED] - Text '' is set on object 'Object Repository/VLink/Page_CCSale/txt_Email'

2023-02-17 21:55:22 - [MESSAGE][PASSED] - Text '' is set on object 'Object Repository/VLink/Page_CCSale/txt_OrderNumber'

2023-02-17 21:55:23 - [MESSAGE][PASSED] - Text '' is set on object 'Object Repository/VLink/Page_CCSale/txt_TaxAmount'

2023-02-17 21:55:23 - [MESSAGE][PASSED] - Text '' is set on object 'Object Repository/VLink/Page_CCSale/txt_ChargeDescription'

2023-02-17 21:55:24 - [MESSAGE][PASSED] - Text '' is set on object 'Object Repository/VLink/Page_CCSale/txt_CAN'

2023-02-17 21:55:25 - [MESSAGE][PASSED] - Text '' is set on object 'Object Repository/VLink/Page_CCSale/txt_BillPaymentIndicator'

2023-02-17 21:55:25 - [MESSAGE][PASSED] - Text '' is set on object 'Object Repository/VLink/Page_CCSale/txt_UDF1'

2023-02-17 21:55:26 - [MESSAGE][PASSED] - Text '' is set on object 'Object Repository/VLink/Page_CCSale/txt_UDF2'

2023-02-17 21:55:27 - [MESSAGE][PASSED] - Text '' is set on object 'Object Repository/VLink/Page_CCSale/txt_UDF3'

2023-02-17 21:55:27 - [MESSAGE][PASSED] - Text '' is set on object 'Object Repository/VLink/Page_CCSale/txt_UDF4'

2023-02-17 21:55:28 - [MESSAGE][PASSED] - Text '' is set on object 'Object Repository/VLink/Page_CCSale/txt_UDF5'

2023-02-17 21:55:29 - [MESSAGE][PASSED] - Text '' is set on object 'Object Repository/VLink/Page_CCSale/txt_UDF6'

2023-02-17 21:55:29 - [MESSAGE][PASSED] - Text '' is set on object 'Object Repository/VLink/Page_CCSale/txt_UDF7'

2023-02-17 21:55:30 - [MESSAGE][PASSED] - Text '' is set on object 'Object Repository/VLink/Page_CCSale/txt_UDF8'

2023-02-17 21:55:31 - [MESSAGE][PASSED] - Text '' is set on object 'Object Repository/VLink/Page_CCSale/txt_UDF9'

2023-02-17 21:55:31 - [MESSAGE][PASSED] - Text '' is set on object 'Object Repository/VLink/Page_CCSale/txt_UDF10'

2023-02-17 21:55:34 - [MESSAGE][PASSED] - Object: 'Object Repository/VLink/Page_CCSale/btn_ProcessVLinkTransaction' is clicked on

2023-02-17 21:55:39 - [MESSAGE][PASSED] - vlinkPages.saleCCPage.setDataSCC is PASSED

2023-02-17 21:55:39 - [TEST_STEP][PASSED] - if (verifyTextPresent("Transaction approved, no errors", true)): null

2023-02-17 21:55:40 - [MESSAGE][PASSED] - Text 'Transaction approved, no errors' is present on page  using regular expression

2023-02-17 21:55:40 - [TEST_STEP][PASSED] - println("Transaction Approved, no errors text is present on the Confirmation page"): null

2023-02-17 21:55:40 - [TEST_STEP][PASSED] - out.println("Pass Record Number: " + row): null

2023-02-17 21:55:40 - [TEST_STEP][PASSED] - resText = "Pass": null

2023-02-17 21:55:40 - [TEST_STEP][PASSED] - pages.WriteExcel.demoKey(resText, datText, resColumn, datCloumn, fileLoc, nameSheet, row): pages.WriteExcel.demoKey is PASSED

2023-02-17 21:55:40 - [MESSAGE][PASSED] - pages.WriteExcel.demoKey is PASSED

2023-02-17 21:55:40 - [TEST_STEP][PASSED] - sdfo = getText(findTestObject("Object Repository/Page_VLinkReceipt/pre_STX")): Text of object 'Object Repository/Page_VLinkReceipt/pre_STX' is: '<STX>s9aWkDKgCoMY                  12127357            0  Transaction approved, no errors                   0                                                                                  R OK3793   <ETX>'

2023-02-17 21:55:40 - [MESSAGE][PASSED] - Text of object 'Object Repository/Page_VLinkReceipt/pre_STX' is: '<STX>s9aWkDKgCoMY                  12127357            0  Transaction approved, no errors                   0                                                                                  R OK3793   <ETX>'

2023-02-17 21:55:40 - [TEST_STEP][PASSED] - out.println("sdfo: " + sdfo): null

2023-02-17 21:55:40 - [TEST_STEP][PASSED] - remID = substring(5, 35).trim(): null

2023-02-17 21:55:40 - [TEST_STEP][PASSED] - out.println("Remittance ID: " + remID): null

2023-02-17 21:55:40 - [TEST_STEP][PASSED] - traxID = substring(35, 55).trim(): null

2023-02-17 21:55:40 - [TEST_STEP][PASSED] - out.println("Transaction ID: " + traxID): null

2023-02-17 21:55:40 - [TEST_STEP][PASSED] - out.println("End Record Number: " + row): null

2023-02-17 21:55:40 - [TEST_STEP][PASSED] - closeBrowser(): Browser is closed

2023-02-17 21:55:41 - [MESSAGE][PASSED] - Browser is closed

2023-02-17 21:55:41 - [TEST_STEP][PASSED] - ExecuteTC = findTestData(dataFile).getValue("Execute", row): null

2023-02-17 21:55:41 - [TEST_STEP][PASSED] - out.println("Value of Execute is : " + ExecuteTC): null

2023-02-17 21:55:41 - [TEST_STEP][FAILED] - if (ExecuteTC.equalsIgnoreCase("Y")): null

2023-02-17 21:55:41 - [TEST_STEP][PASSED] - out.println("Begin Record Number: " + row): null

2023-02-17 21:55:41 - [TEST_STEP][PASSED] - today = new java.util.Date(): null

2023-02-17 21:55:41 - [TEST_STEP][PASSED] - println(today): null

2023-02-17 21:55:41 - [TEST_STEP][PASSED] - datText = today: null

2023-02-17 21:55:41 - [TEST_STEP][PASSED] - openBrowser(VLinkURL + "authcap.html"): Browser is opened with url: 'https://dev-algorithm.govolution.com/vlinktest/QA/version_2_0/authcap.html'

2023-02-17 21:55:41 - [MESSAGE][INFO] - Starting 'Chrome' driver

2023-02-17 21:55:41 - [MESSAGE][INFO] - User set preference: ['acceptInsecureCerts', 'true']

2023-02-17 21:55:41 - [MESSAGE][INFO] - Action delay is set to 0 milliseconds

2023-02-17 21:55:43 - [MESSAGE][PASSED] - Browser is opened with url: 'https://dev-algorithm.govolution.com/vlinktest/QA/version_2_0/authcap.html'

2023-02-17 21:55:43 - [TEST_STEP][PASSED] - maximizeWindow(): Current window maximized

2023-02-17 21:55:43 - [MESSAGE][PASSED] - Current window maximized

2023-02-17 21:55:43 - [TEST_STEP][PASSED] - vlinkPages.saleCCPage.setDataSCC(row, dataFile): vlinkPages.saleCCPage.setDataSCC is PASSED

2023-02-17 21:55:46 - [MESSAGE][PASSED] - Object 'Object Repository/VLink/Page_CCSale/txt_CardNumber' is present

2023-02-17 21:55:47 - [MESSAGE][PASSED] - Text '104' is set on object 'Object Repository/VLink/Page_CCSale/txt_TransactionType'

2023-02-17 21:55:47 - [MESSAGE][PASSED] - Text '2.0C' is set on object 'Object Repository/VLink/Page_CCSale/txt_MessageVersion'

2023-02-17 21:55:48 - [MESSAGE][PASSED] - Text 'eA7Bo2DD1a8o' is set on object 'Object Repository/VLink/Page_CCSale/txt_RemID'

2023-02-17 21:55:48 - [MESSAGE][PASSED] - Text '677' is set on object 'Object Repository/VLink/Page_CCSale/txt_ApplicationId'

2023-02-17 21:55:49 - [MESSAGE][PASSED] - Text 'username' is set on object 'Object Repository/VLink/Page_CCSale/txt_Username'

2023-02-17 21:55:50 - [MESSAGE][PASSED] - Text 'password' is set on object 'Object Repository/VLink/Page_CCSale/txt_Password'

2023-02-17 21:55:50 - [MESSAGE][PASSED] - Text 'fixed_width' is set on object 'Object Repository/VLink/Page_CCSale/txt_ResponseFormat'

2023-02-17 21:55:51 - [MESSAGE][PASSED] - Text 'RETL' is set on object 'Object Repository/VLink/Page_CCSale/txt_Category'

2023-02-17 21:55:52 - [MESSAGE][PASSED] - Text '' is set on object 'Object Repository/VLink/Page_CCSale/txt_TransactionID'

2023-02-17 21:55:52 - [MESSAGE][PASSED] - Text '' is set on object 'Object Repository/VLink/Page_CCSale/txt_ApprovalCode'

2023-02-17 21:55:53 - [MESSAGE][PASSED] - Text '' is set on object 'Object Repository/VLink/Page_CCSale/txt_CardName'

2023-02-17 21:55:54 - [MESSAGE][PASSED] - Text '' is set on object 'Object Repository/VLink/Page_CCSale/txt_AL1'

2023-02-17 21:55:54 - [MESSAGE][PASSED] - Text '' is set on object 'Object Repository/VLink/Page_CCSale/txt_AL2'

2023-02-17 21:55:55 - [MESSAGE][PASSED] - Text '' is set on object 'Object Repository/VLink/Page_CCSale/txt_CardCity'

2023-02-17 21:55:56 - [MESSAGE][PASSED] - Text '' is set on object 'Object Repository/VLink/Page_CCSale/txt_CardState'

2023-02-17 21:55:56 - [MESSAGE][PASSED] - Text '' is set on object 'Object Repository/VLink/Page_CCSale/txt_CardZIP'

2023-02-17 21:55:57 - [MESSAGE][PASSED] - Text '' is set on object 'Object Repository/VLink/Page_CCSale/txt_CountryID'

2023-02-17 21:55:57 - [MESSAGE][PASSED] - Text '3.50' is set on object 'Object Repository/VLink/Page_CCSale/txt_Amount'

2023-02-17 21:55:58 - [MESSAGE][PASSED] - Text '' is set on object 'Object Repository/VLink/Page_CCSale/txt_CardNumber'

2023-02-17 21:55:59 - [MESSAGE][PASSED] - Text '' is set on object 'Object Repository/VLink/Page_CCSale/txt_ExpMonth'

2023-02-17 21:55:59 - [MESSAGE][PASSED] - Text '' is set on object 'Object Repository/VLink/Page_CCSale/txt_ExpYear'

2023-02-17 21:56:00 - [MESSAGE][PASSED] - Text '' is set on object 'Object Repository/VLink/Page_CCSale/txt_CVV'

2023-02-17 21:56:01 - [MESSAGE][PASSED] - Text '' is set on object 'Object Repository/VLink/Page_CCSale/txt_CVVstate'

2023-02-17 21:56:01 - [MESSAGE][PASSED] - Text '' is set on object 'Object Repository/VLink/Page_CCSale/txt_TrackData'

2023-02-17 21:56:02 - [MESSAGE][PASSED] - Text '%B5567080011582646^AHMED/IMTIAZ              ^2303201090200000000000354000015?' is set on object 'Object Repository/VLink/Page_CCSale/txt_Track1Data'

2023-02-17 21:56:03 - [MESSAGE][PASSED] - Text '' is set on object 'Object Repository/VLink/Page_CCSale/txt_Track2Data'

2023-02-17 21:56:04 - [MESSAGE][PASSED] - Text '' is set on object 'Object Repository/VLink/Page_CCSale/txt_POSEntryMode'

2023-02-17 21:56:04 - [MESSAGE][PASSED] - Text '' is set on object 'Object Repository/VLink/Page_CCSale/txt_Email'

2023-02-17 21:56:05 - [MESSAGE][PASSED] - Text '' is set on object 'Object Repository/VLink/Page_CCSale/txt_OrderNumber'

2023-02-17 21:56:06 - [MESSAGE][PASSED] - Text '' is set on object 'Object Repository/VLink/Page_CCSale/txt_TaxAmount'

2023-02-17 21:56:06 - [MESSAGE][PASSED] - Text '' is set on object 'Object Repository/VLink/Page_CCSale/txt_ChargeDescription'

2023-02-17 21:56:07 - [MESSAGE][PASSED] - Text '' is set on object 'Object Repository/VLink/Page_CCSale/txt_CAN'

2023-02-17 21:56:08 - [MESSAGE][PASSED] - Text '' is set on object 'Object Repository/VLink/Page_CCSale/txt_BillPaymentIndicator'

2023-02-17 21:56:08 - [MESSAGE][PASSED] - Text '' is set on object 'Object Repository/VLink/Page_CCSale/txt_UDF1'

2023-02-17 21:56:09 - [MESSAGE][PASSED] - Text '' is set on object 'Object Repository/VLink/Page_CCSale/txt_UDF2'

2023-02-17 21:56:10 - [MESSAGE][PASSED] - Text '' is set on object 'Object Repository/VLink/Page_CCSale/txt_UDF3'

2023-02-17 21:56:10 - [MESSAGE][PASSED] - Text '' is set on object 'Object Repository/VLink/Page_CCSale/txt_UDF4'

2023-02-17 21:56:11 - [MESSAGE][PASSED] - Text '' is set on object 'Object Repository/VLink/Page_CCSale/txt_UDF5'

2023-02-17 21:56:12 - [MESSAGE][PASSED] - Text '' is set on object 'Object Repository/VLink/Page_CCSale/txt_UDF6'

2023-02-17 21:56:12 - [MESSAGE][PASSED] - Text '' is set on object 'Object Repository/VLink/Page_CCSale/txt_UDF7'

2023-02-17 21:56:13 - [MESSAGE][PASSED] - Text '' is set on object 'Object Repository/VLink/Page_CCSale/txt_UDF8'

2023-02-17 21:56:14 - [MESSAGE][PASSED] - Text '' is set on object 'Object Repository/VLink/Page_CCSale/txt_UDF9'

2023-02-17 21:56:14 - [MESSAGE][PASSED] - Text '' is set on object 'Object Repository/VLink/Page_CCSale/txt_UDF10'

2023-02-17 21:56:15 - [MESSAGE][PASSED] - Object: 'Object Repository/VLink/Page_CCSale/btn_ProcessVLinkTransaction' is clicked on

2023-02-17 21:56:20 - [MESSAGE][PASSED] - vlinkPages.saleCCPage.setDataSCC is PASSED

2023-02-17 21:56:20 - [TEST_STEP][FAILED] - if (verifyTextPresent("Transaction approved, no errors", true)): Text 'Transaction approved, no errors' is not present on page  using regular expression (Root cause: com.kms.katalon.core.exception.StepFailedException: Text 'Transaction approved, no errors' is not present on page  using regular expression
	at com.kms.katalon.core.webui.keyword.internal.WebUIKeywordMain.stepFailed(WebUIKeywordMain.groovy:64)
	at com.kms.katalon.core.webui.keyword.builtin.VerifyTextPresentKeyword$_verifyTextPresent_closure1.doCall(VerifyTextPresentKeyword.groovy:79)
	at com.kms.katalon.core.webui.keyword.builtin.VerifyTextPresentKeyword$_verifyTextPresent_closure1.call(VerifyTextPresentKeyword.groovy)
	at com.kms.katalon.core.webui.keyword.internal.WebUIKeywordMain.runKeyword(WebUIKeywordMain.groovy:20)
	at com.kms.katalon.core.webui.keyword.builtin.VerifyTextPresentKeyword.verifyTextPresent(VerifyTextPresentKeyword.groovy:83)
	at com.kms.katalon.core.webui.keyword.builtin.VerifyTextPresentKeyword.execute(VerifyTextPresentKeyword.groovy:68)
	at com.kms.katalon.core.keyword.internal.KeywordExecutor.executeKeywordForPlatform(KeywordExecutor.groovy:74)
	at com.kms.katalon.core.webui.keyword.WebUiBuiltInKeywords.verifyTextPresent(WebUiBuiltInKeywords.groovy:1723)
	at com.kms.katalon.core.webui.keyword.WebUiBuiltInKeywords$verifyTextPresent$4.call(Unknown Source)
	at VLinkSale-Successful.run(VLinkSale-Successful:89)
	at com.kms.katalon.core.main.ScriptEngine.run(ScriptEngine.java:194)
	at com.kms.katalon.core.main.ScriptEngine.runScriptAsRawText(ScriptEngine.java:119)
	at com.kms.katalon.core.main.TestCaseExecutor.runScript(TestCaseExecutor.java:442)
	at com.kms.katalon.core.main.TestCaseExecutor.doExecute(TestCaseExecutor.java:433)
	at com.kms.katalon.core.main.TestCaseExecutor.processExecutionPhase(TestCaseExecutor.java:412)
	at com.kms.katalon.core.main.TestCaseExecutor.accessMainPhase(TestCaseExecutor.java:404)
	at com.kms.katalon.core.main.TestCaseExecutor.execute(TestCaseExecutor.java:281)
	at com.kms.katalon.core.main.TestSuiteExecutor.accessTestCaseMainPhase(TestSuiteExecutor.java:202)
	at com.kms.katalon.core.main.TestSuiteExecutor.accessTestSuiteMainPhase(TestSuiteExecutor.java:164)
	at com.kms.katalon.core.main.TestSuiteExecutor.execute(TestSuiteExecutor.java:105)
	at com.kms.katalon.core.main.TestCaseMain.startTestSuite(TestCaseMain.java:185)
	at com.kms.katalon.core.main.TestCaseMain$startTestSuite$0.call(Unknown Source)
	at TempTestSuite1676684116661.run(TempTestSuite1676684116661.groovy:36)
)

2023-02-17 21:56:21 - [MESSAGE][FAILED] - Text 'Transaction approved, no errors' is not present on page  using regular expression (Root cause: com.kms.katalon.core.exception.StepFailedException: Text 'Transaction approved, no errors' is not present on page  using regular expression
	at com.kms.katalon.core.webui.keyword.internal.WebUIKeywordMain.stepFailed(WebUIKeywordMain.groovy:64)
	at com.kms.katalon.core.webui.keyword.builtin.VerifyTextPresentKeyword$_verifyTextPresent_closure1.doCall(VerifyTextPresentKeyword.groovy:79)
	at com.kms.katalon.core.webui.keyword.builtin.VerifyTextPresentKeyword$_verifyTextPresent_closure1.call(VerifyTextPresentKeyword.groovy)
	at com.kms.katalon.core.webui.keyword.internal.WebUIKeywordMain.runKeyword(WebUIKeywordMain.groovy:20)
	at com.kms.katalon.core.webui.keyword.builtin.VerifyTextPresentKeyword.verifyTextPresent(VerifyTextPresentKeyword.groovy:83)
	at com.kms.katalon.core.webui.keyword.builtin.VerifyTextPresentKeyword.execute(VerifyTextPresentKeyword.groovy:68)
	at com.kms.katalon.core.keyword.internal.KeywordExecutor.executeKeywordForPlatform(KeywordExecutor.groovy:74)
	at com.kms.katalon.core.webui.keyword.WebUiBuiltInKeywords.verifyTextPresent(WebUiBuiltInKeywords.groovy:1723)
	at com.kms.katalon.core.webui.keyword.WebUiBuiltInKeywords$verifyTextPresent$4.call(Unknown Source)
	at VLinkSale-Successful.run(VLinkSale-Successful:89)
	at com.kms.katalon.core.main.ScriptEngine.run(ScriptEngine.java:194)
	at com.kms.katalon.core.main.ScriptEngine.runScriptAsRawText(ScriptEngine.java:119)
	at com.kms.katalon.core.main.TestCaseExecutor.runScript(TestCaseExecutor.java:442)
	at com.kms.katalon.core.main.TestCaseExecutor.doExecute(TestCaseExecutor.java:433)
	at com.kms.katalon.core.main.TestCaseExecutor.processExecutionPhase(TestCaseExecutor.java:412)
	at com.kms.katalon.core.main.TestCaseExecutor.accessMainPhase(TestCaseExecutor.java:404)
	at com.kms.katalon.core.main.TestCaseExecutor.execute(TestCaseExecutor.java:281)
	at com.kms.katalon.core.main.TestSuiteExecutor.accessTestCaseMainPhase(TestSuiteExecutor.java:202)
	at com.kms.katalon.core.main.TestSuiteExecutor.accessTestSuiteMainPhase(TestSuiteExecutor.java:164)
	at com.kms.katalon.core.main.TestSuiteExecutor.execute(TestSuiteExecutor.java:105)
	at com.kms.katalon.core.main.TestCaseMain.startTestSuite(TestCaseMain.java:185)
	at com.kms.katalon.core.main.TestCaseMain$startTestSuite$0.call(Unknown Source)
	at TempTestSuite1676684116661.run(TempTestSuite1676684116661.groovy:36)
)

2023-02-17 21:56:21 - [TEST_STEP][PASSED] - else: pages.WriteExcel.demoKey is PASSED

2023-02-17 21:56:21 - [TEST_STEP][PASSED] - println("Transaction Approved, no errors text is not present on the Confirmation page"): null

2023-02-17 21:56:21 - [TEST_STEP][PASSED] - out.println("Fail Record Number: " + row): null

2023-02-17 21:56:21 - [TEST_STEP][PASSED] - resText = "Fail": null

2023-02-17 21:56:21 - [TEST_STEP][PASSED] - pages.WriteExcel.demoKey(resText, datText, resColumn, datCloumn, fileLoc, nameSheet, row): pages.WriteExcel.demoKey is PASSED

2023-02-17 21:56:21 - [MESSAGE][PASSED] - pages.WriteExcel.demoKey is PASSED

2023-02-17 21:56:21 - [TEST_STEP][PASSED] - sdfo = getText(findTestObject("Object Repository/Page_VLinkReceipt/pre_STX")): Text of object 'Object Repository/Page_VLinkReceipt/pre_STX' is: '<STX>eA7Bo2DD1a8o                  12127359            2  Transaction failed                                1  General platform system error                                                              <ETX>'

2023-02-17 21:56:21 - [MESSAGE][PASSED] - Text of object 'Object Repository/Page_VLinkReceipt/pre_STX' is: '<STX>eA7Bo2DD1a8o                  12127359            2  Transaction failed                                1  General platform system error                                                              <ETX>'

2023-02-17 21:56:21 - [TEST_STEP][PASSED] - out.println("sdfo: " + sdfo): null

2023-02-17 21:56:21 - [TEST_STEP][PASSED] - remID = substring(5, 35).trim(): null

2023-02-17 21:56:21 - [TEST_STEP][PASSED] - out.println("Remittance ID: " + remID): null

2023-02-17 21:56:21 - [TEST_STEP][PASSED] - traxID = substring(35, 55).trim(): null

2023-02-17 21:56:21 - [TEST_STEP][PASSED] - out.println("Transaction ID: " + traxID): null

2023-02-17 21:56:21 - [TEST_STEP][PASSED] - out.println("End Record Number: " + row): null

2023-02-17 21:56:21 - [TEST_STEP][PASSED] - closeBrowser(): Browser is closed

2023-02-17 21:56:22 - [MESSAGE][PASSED] - Browser is closed

2023-02-17 21:56:22 - [TEST_STEP][PASSED] - ExecuteTC = findTestData(dataFile).getValue("Execute", row): null

2023-02-17 21:56:22 - [TEST_STEP][PASSED] - out.println("Value of Execute is : " + ExecuteTC): null

2023-02-17 21:56:22 - [TEST_STEP][PASSED] - if (ExecuteTC.equalsIgnoreCase("Y")): Browser is closed

2023-02-17 21:56:22 - [TEST_STEP][PASSED] - out.println("Begin Record Number: " + row): null

2023-02-17 21:56:22 - [TEST_STEP][PASSED] - today = new java.util.Date(): null

2023-02-17 21:56:22 - [TEST_STEP][PASSED] - println(today): null

2023-02-17 21:56:22 - [TEST_STEP][PASSED] - datText = today: null

2023-02-17 21:56:22 - [TEST_STEP][PASSED] - openBrowser(VLinkURL + "authcap.html"): Browser is opened with url: 'https://dev-algorithm.govolution.com/vlinktest/QA/version_2_0/authcap.html'

2023-02-17 21:56:22 - [MESSAGE][INFO] - Starting 'Chrome' driver

2023-02-17 21:56:22 - [MESSAGE][INFO] - User set preference: ['acceptInsecureCerts', 'true']

2023-02-17 21:56:22 - [MESSAGE][INFO] - Action delay is set to 0 milliseconds

2023-02-17 21:56:24 - [MESSAGE][PASSED] - Browser is opened with url: 'https://dev-algorithm.govolution.com/vlinktest/QA/version_2_0/authcap.html'

2023-02-17 21:56:24 - [TEST_STEP][PASSED] - maximizeWindow(): Current window maximized

2023-02-17 21:56:24 - [MESSAGE][PASSED] - Current window maximized

2023-02-17 21:56:24 - [TEST_STEP][PASSED] - vlinkPages.saleCCPage.setDataSCC(row, dataFile): vlinkPages.saleCCPage.setDataSCC is PASSED

2023-02-17 21:56:27 - [MESSAGE][PASSED] - Object 'Object Repository/VLink/Page_CCSale/txt_CardNumber' is present

2023-02-17 21:56:27 - [MESSAGE][PASSED] - Text '104' is set on object 'Object Repository/VLink/Page_CCSale/txt_TransactionType'

2023-02-17 21:56:28 - [MESSAGE][PASSED] - Text '2.0C' is set on object 'Object Repository/VLink/Page_CCSale/txt_MessageVersion'

2023-02-17 21:56:29 - [MESSAGE][PASSED] - Text 'uof4MLUGXxmH' is set on object 'Object Repository/VLink/Page_CCSale/txt_RemID'

2023-02-17 21:56:29 - [MESSAGE][PASSED] - Text '677' is set on object 'Object Repository/VLink/Page_CCSale/txt_ApplicationId'

2023-02-17 21:56:30 - [MESSAGE][PASSED] - Text 'username' is set on object 'Object Repository/VLink/Page_CCSale/txt_Username'

2023-02-17 21:56:31 - [MESSAGE][PASSED] - Text 'password' is set on object 'Object Repository/VLink/Page_CCSale/txt_Password'

2023-02-17 21:56:31 - [MESSAGE][PASSED] - Text 'fixed_width' is set on object 'Object Repository/VLink/Page_CCSale/txt_ResponseFormat'

2023-02-17 21:56:32 - [MESSAGE][PASSED] - Text 'RETL' is set on object 'Object Repository/VLink/Page_CCSale/txt_Category'

2023-02-17 21:56:32 - [MESSAGE][PASSED] - Text '' is set on object 'Object Repository/VLink/Page_CCSale/txt_TransactionID'

2023-02-17 21:56:33 - [MESSAGE][PASSED] - Text '' is set on object 'Object Repository/VLink/Page_CCSale/txt_ApprovalCode'

2023-02-17 21:56:34 - [MESSAGE][PASSED] - Text 'Angelo Matt' is set on object 'Object Repository/VLink/Page_CCSale/txt_CardName'

2023-02-17 21:56:34 - [MESSAGE][PASSED] - Text '' is set on object 'Object Repository/VLink/Page_CCSale/txt_AL1'

2023-02-17 21:56:35 - [MESSAGE][PASSED] - Text '' is set on object 'Object Repository/VLink/Page_CCSale/txt_AL2'

2023-02-17 21:56:36 - [MESSAGE][PASSED] - Text '' is set on object 'Object Repository/VLink/Page_CCSale/txt_CardCity'

2023-02-17 21:56:36 - [MESSAGE][PASSED] - Text '' is set on object 'Object Repository/VLink/Page_CCSale/txt_CardState'

2023-02-17 21:56:37 - [MESSAGE][PASSED] - Text '' is set on object 'Object Repository/VLink/Page_CCSale/txt_CardZIP'

2023-02-17 21:56:38 - [MESSAGE][PASSED] - Text '' is set on object 'Object Repository/VLink/Page_CCSale/txt_CountryID'

2023-02-17 21:56:38 - [MESSAGE][PASSED] - Text '3.50' is set on object 'Object Repository/VLink/Page_CCSale/txt_Amount'

2023-02-17 21:56:39 - [MESSAGE][PASSED] - Text '' is set on object 'Object Repository/VLink/Page_CCSale/txt_CardNumber'

2023-02-17 21:56:40 - [MESSAGE][PASSED] - Text '' is set on object 'Object Repository/VLink/Page_CCSale/txt_ExpMonth'

2023-02-17 21:56:40 - [MESSAGE][PASSED] - Text '' is set on object 'Object Repository/VLink/Page_CCSale/txt_ExpYear'

2023-02-17 21:56:41 - [MESSAGE][PASSED] - Text '' is set on object 'Object Repository/VLink/Page_CCSale/txt_CVV'

2023-02-17 21:56:42 - [MESSAGE][PASSED] - Text '' is set on object 'Object Repository/VLink/Page_CCSale/txt_CVVstate'

2023-02-17 21:56:43 - [MESSAGE][PASSED] - Text '' is set on object 'Object Repository/VLink/Page_CCSale/txt_TrackData'

2023-02-17 21:56:43 - [MESSAGE][PASSED] - Text '' is set on object 'Object Repository/VLink/Page_CCSale/txt_Track1Data'

2023-02-17 21:56:44 - [MESSAGE][PASSED] - Text ';5567080011582646=23032010902035400015?' is set on object 'Object Repository/VLink/Page_CCSale/txt_Track2Data'

2023-02-17 21:56:45 - [MESSAGE][PASSED] - Text '' is set on object 'Object Repository/VLink/Page_CCSale/txt_POSEntryMode'

2023-02-17 21:56:45 - [MESSAGE][PASSED] - Text '' is set on object 'Object Repository/VLink/Page_CCSale/txt_Email'

2023-02-17 21:56:46 - [MESSAGE][PASSED] - Text '' is set on object 'Object Repository/VLink/Page_CCSale/txt_OrderNumber'

2023-02-17 21:56:47 - [MESSAGE][PASSED] - Text '' is set on object 'Object Repository/VLink/Page_CCSale/txt_TaxAmount'

2023-02-17 21:56:47 - [MESSAGE][PASSED] - Text '' is set on object 'Object Repository/VLink/Page_CCSale/txt_ChargeDescription'

2023-02-17 21:56:48 - [MESSAGE][PASSED] - Text '' is set on object 'Object Repository/VLink/Page_CCSale/txt_CAN'

2023-02-17 21:56:49 - [MESSAGE][PASSED] - Text '' is set on object 'Object Repository/VLink/Page_CCSale/txt_BillPaymentIndicator'

2023-02-17 21:56:49 - [MESSAGE][PASSED] - Text '' is set on object 'Object Repository/VLink/Page_CCSale/txt_UDF1'

2023-02-17 21:56:50 - [MESSAGE][PASSED] - Text '' is set on object 'Object Repository/VLink/Page_CCSale/txt_UDF2'

2023-02-17 21:56:51 - [MESSAGE][PASSED] - Text '' is set on object 'Object Repository/VLink/Page_CCSale/txt_UDF3'

2023-02-17 21:56:51 - [MESSAGE][PASSED] - Text '' is set on object 'Object Repository/VLink/Page_CCSale/txt_UDF4'

2023-02-17 21:56:52 - [MESSAGE][PASSED] - Text '' is set on object 'Object Repository/VLink/Page_CCSale/txt_UDF5'

2023-02-17 21:56:53 - [MESSAGE][PASSED] - Text '' is set on object 'Object Repository/VLink/Page_CCSale/txt_UDF6'

2023-02-17 21:56:53 - [MESSAGE][PASSED] - Text '' is set on object 'Object Repository/VLink/Page_CCSale/txt_UDF7'

2023-02-17 21:56:54 - [MESSAGE][PASSED] - Text '' is set on object 'Object Repository/VLink/Page_CCSale/txt_UDF8'

2023-02-17 21:56:55 - [MESSAGE][PASSED] - Text '' is set on object 'Object Repository/VLink/Page_CCSale/txt_UDF9'

2023-02-17 21:56:55 - [MESSAGE][PASSED] - Text '' is set on object 'Object Repository/VLink/Page_CCSale/txt_UDF10'

2023-02-17 21:56:58 - [MESSAGE][PASSED] - Object: 'Object Repository/VLink/Page_CCSale/btn_ProcessVLinkTransaction' is clicked on

2023-02-17 21:57:03 - [MESSAGE][PASSED] - vlinkPages.saleCCPage.setDataSCC is PASSED

2023-02-17 21:57:03 - [TEST_STEP][PASSED] - if (verifyTextPresent("Transaction approved, no errors", true)): null

2023-02-17 21:57:04 - [MESSAGE][PASSED] - Text 'Transaction approved, no errors' is present on page  using regular expression

2023-02-17 21:57:04 - [TEST_STEP][PASSED] - println("Transaction Approved, no errors text is present on the Confirmation page"): null

2023-02-17 21:57:04 - [TEST_STEP][PASSED] - out.println("Pass Record Number: " + row): null

2023-02-17 21:57:04 - [TEST_STEP][PASSED] - resText = "Pass": null

2023-02-17 21:57:04 - [TEST_STEP][PASSED] - pages.WriteExcel.demoKey(resText, datText, resColumn, datCloumn, fileLoc, nameSheet, row): pages.WriteExcel.demoKey is PASSED

2023-02-17 21:57:04 - [MESSAGE][PASSED] - pages.WriteExcel.demoKey is PASSED

2023-02-17 21:57:04 - [TEST_STEP][PASSED] - sdfo = getText(findTestObject("Object Repository/Page_VLinkReceipt/pre_STX")): Text of object 'Object Repository/Page_VLinkReceipt/pre_STX' is: '<STX>uof4MLUGXxmH                  12127360            0  Transaction approved, no errors                   0                                                                                  R OK3833   <ETX>'

2023-02-17 21:57:04 - [MESSAGE][PASSED] - Text of object 'Object Repository/Page_VLinkReceipt/pre_STX' is: '<STX>uof4MLUGXxmH                  12127360            0  Transaction approved, no errors                   0                                                                                  R OK3833   <ETX>'

2023-02-17 21:57:04 - [TEST_STEP][PASSED] - out.println("sdfo: " + sdfo): null

2023-02-17 21:57:04 - [TEST_STEP][PASSED] - remID = substring(5, 35).trim(): null

2023-02-17 21:57:04 - [TEST_STEP][PASSED] - out.println("Remittance ID: " + remID): null

2023-02-17 21:57:04 - [TEST_STEP][PASSED] - traxID = substring(35, 55).trim(): null

2023-02-17 21:57:04 - [TEST_STEP][PASSED] - out.println("Transaction ID: " + traxID): null

2023-02-17 21:57:04 - [TEST_STEP][PASSED] - out.println("End Record Number: " + row): null

2023-02-17 21:57:04 - [TEST_STEP][PASSED] - closeBrowser(): Browser is closed

2023-02-17 21:57:05 - [MESSAGE][PASSED] - Browser is closed

2023-02-17 21:57:05 - [TEST_STEP][PASSED] - ExecuteTC = findTestData(dataFile).getValue("Execute", row): null

2023-02-17 21:57:05 - [TEST_STEP][PASSED] - out.println("Value of Execute is : " + ExecuteTC): null

2023-02-17 21:57:05 - [TEST_STEP][PASSED] - if (ExecuteTC.equalsIgnoreCase("Y")): Browser is closed

2023-02-17 21:57:05 - [TEST_STEP][PASSED] - out.println("Begin Record Number: " + row): null

2023-02-17 21:57:05 - [TEST_STEP][PASSED] - today = new java.util.Date(): null

2023-02-17 21:57:05 - [TEST_STEP][PASSED] - println(today): null

2023-02-17 21:57:05 - [TEST_STEP][PASSED] - datText = today: null

2023-02-17 21:57:05 - [TEST_STEP][PASSED] - openBrowser(VLinkURL + "authcap.html"): Browser is opened with url: 'https://dev-algorithm.govolution.com/vlinktest/QA/version_2_0/authcap.html'

2023-02-17 21:57:05 - [MESSAGE][INFO] - Starting 'Chrome' driver

2023-02-17 21:57:05 - [MESSAGE][INFO] - User set preference: ['acceptInsecureCerts', 'true']

2023-02-17 21:57:05 - [MESSAGE][INFO] - Action delay is set to 0 milliseconds

2023-02-17 21:57:07 - [MESSAGE][PASSED] - Browser is opened with url: 'https://dev-algorithm.govolution.com/vlinktest/QA/version_2_0/authcap.html'

2023-02-17 21:57:07 - [TEST_STEP][PASSED] - maximizeWindow(): Current window maximized

2023-02-17 21:57:07 - [MESSAGE][PASSED] - Current window maximized

2023-02-17 21:57:07 - [TEST_STEP][PASSED] - vlinkPages.saleCCPage.setDataSCC(row, dataFile): vlinkPages.saleCCPage.setDataSCC is PASSED

2023-02-17 21:57:10 - [MESSAGE][PASSED] - Object 'Object Repository/VLink/Page_CCSale/txt_CardNumber' is present

2023-02-17 21:57:11 - [MESSAGE][PASSED] - Text '104' is set on object 'Object Repository/VLink/Page_CCSale/txt_TransactionType'

2023-02-17 21:57:11 - [MESSAGE][PASSED] - Text '2.0C' is set on object 'Object Repository/VLink/Page_CCSale/txt_MessageVersion'

2023-02-17 21:57:12 - [MESSAGE][PASSED] - Text 'C51UoLOqHqEY' is set on object 'Object Repository/VLink/Page_CCSale/txt_RemID'

2023-02-17 21:57:12 - [MESSAGE][PASSED] - Text '677' is set on object 'Object Repository/VLink/Page_CCSale/txt_ApplicationId'

2023-02-17 21:57:13 - [MESSAGE][PASSED] - Text 'username' is set on object 'Object Repository/VLink/Page_CCSale/txt_Username'

2023-02-17 21:57:14 - [MESSAGE][PASSED] - Text 'password' is set on object 'Object Repository/VLink/Page_CCSale/txt_Password'

2023-02-17 21:57:14 - [MESSAGE][PASSED] - Text 'fixed_width' is set on object 'Object Repository/VLink/Page_CCSale/txt_ResponseFormat'

2023-02-17 21:57:15 - [MESSAGE][PASSED] - Text 'RETL' is set on object 'Object Repository/VLink/Page_CCSale/txt_Category'

2023-02-17 21:57:16 - [MESSAGE][PASSED] - Text '' is set on object 'Object Repository/VLink/Page_CCSale/txt_TransactionID'

2023-02-17 21:57:16 - [MESSAGE][PASSED] - Text '' is set on object 'Object Repository/VLink/Page_CCSale/txt_ApprovalCode'

2023-02-17 21:57:17 - [MESSAGE][PASSED] - Text '' is set on object 'Object Repository/VLink/Page_CCSale/txt_CardName'

2023-02-17 21:57:18 - [MESSAGE][PASSED] - Text '' is set on object 'Object Repository/VLink/Page_CCSale/txt_AL1'

2023-02-17 21:57:18 - [MESSAGE][PASSED] - Text '' is set on object 'Object Repository/VLink/Page_CCSale/txt_AL2'

2023-02-17 21:57:19 - [MESSAGE][PASSED] - Text '' is set on object 'Object Repository/VLink/Page_CCSale/txt_CardCity'

2023-02-17 21:57:20 - [MESSAGE][PASSED] - Text '' is set on object 'Object Repository/VLink/Page_CCSale/txt_CardState'

2023-02-17 21:57:20 - [MESSAGE][PASSED] - Text '' is set on object 'Object Repository/VLink/Page_CCSale/txt_CardZIP'

2023-02-17 21:57:21 - [MESSAGE][PASSED] - Text '' is set on object 'Object Repository/VLink/Page_CCSale/txt_CountryID'

2023-02-17 21:57:22 - [MESSAGE][PASSED] - Text '3.50' is set on object 'Object Repository/VLink/Page_CCSale/txt_Amount'

2023-02-17 21:57:22 - [MESSAGE][PASSED] - Text '' is set on object 'Object Repository/VLink/Page_CCSale/txt_CardNumber'

2023-02-17 21:57:23 - [MESSAGE][PASSED] - Text '' is set on object 'Object Repository/VLink/Page_CCSale/txt_ExpMonth'

2023-02-17 21:57:24 - [MESSAGE][PASSED] - Text '' is set on object 'Object Repository/VLink/Page_CCSale/txt_ExpYear'

2023-02-17 21:57:24 - [MESSAGE][PASSED] - Text '' is set on object 'Object Repository/VLink/Page_CCSale/txt_CVV'

2023-02-17 21:57:25 - [MESSAGE][PASSED] - Text '' is set on object 'Object Repository/VLink/Page_CCSale/txt_CVVstate'

2023-02-17 21:57:26 - [MESSAGE][PASSED] - Text '' is set on object 'Object Repository/VLink/Page_CCSale/txt_TrackData'

2023-02-17 21:57:26 - [MESSAGE][PASSED] - Text '%B5567080011582646^AHMED/IMTIAZ              ^2303201090200000000000354000015?' is set on object 'Object Repository/VLink/Page_CCSale/txt_Track1Data'

2023-02-17 21:57:27 - [MESSAGE][PASSED] - Text ';5567080011582646=23032010902035400015?' is set on object 'Object Repository/VLink/Page_CCSale/txt_Track2Data'

2023-02-17 21:57:28 - [MESSAGE][PASSED] - Text '' is set on object 'Object Repository/VLink/Page_CCSale/txt_POSEntryMode'

2023-02-17 21:57:28 - [MESSAGE][PASSED] - Text '' is set on object 'Object Repository/VLink/Page_CCSale/txt_Email'

2023-02-17 21:57:29 - [MESSAGE][PASSED] - Text '' is set on object 'Object Repository/VLink/Page_CCSale/txt_OrderNumber'

2023-02-17 21:57:30 - [MESSAGE][PASSED] - Text '' is set on object 'Object Repository/VLink/Page_CCSale/txt_TaxAmount'

2023-02-17 21:57:31 - [MESSAGE][PASSED] - Text '' is set on object 'Object Repository/VLink/Page_CCSale/txt_ChargeDescription'

2023-02-17 21:57:31 - [MESSAGE][PASSED] - Text '' is set on object 'Object Repository/VLink/Page_CCSale/txt_CAN'

2023-02-17 21:57:32 - [MESSAGE][PASSED] - Text '' is set on object 'Object Repository/VLink/Page_CCSale/txt_BillPaymentIndicator'

2023-02-17 21:57:33 - [MESSAGE][PASSED] - Text '' is set on object 'Object Repository/VLink/Page_CCSale/txt_UDF1'

2023-02-17 21:57:33 - [MESSAGE][PASSED] - Text '' is set on object 'Object Repository/VLink/Page_CCSale/txt_UDF2'

2023-02-17 21:57:34 - [MESSAGE][PASSED] - Text '' is set on object 'Object Repository/VLink/Page_CCSale/txt_UDF3'

2023-02-17 21:57:35 - [MESSAGE][PASSED] - Text '' is set on object 'Object Repository/VLink/Page_CCSale/txt_UDF4'

2023-02-17 21:57:35 - [MESSAGE][PASSED] - Text '' is set on object 'Object Repository/VLink/Page_CCSale/txt_UDF5'

2023-02-17 21:57:36 - [MESSAGE][PASSED] - Text '' is set on object 'Object Repository/VLink/Page_CCSale/txt_UDF6'

2023-02-17 21:57:37 - [MESSAGE][PASSED] - Text '' is set on object 'Object Repository/VLink/Page_CCSale/txt_UDF7'

2023-02-17 21:57:37 - [MESSAGE][PASSED] - Text '' is set on object 'Object Repository/VLink/Page_CCSale/txt_UDF8'

2023-02-17 21:57:38 - [MESSAGE][PASSED] - Text '' is set on object 'Object Repository/VLink/Page_CCSale/txt_UDF9'

2023-02-17 21:57:39 - [MESSAGE][PASSED] - Text '' is set on object 'Object Repository/VLink/Page_CCSale/txt_UDF10'

2023-02-17 21:57:42 - [MESSAGE][PASSED] - Object: 'Object Repository/VLink/Page_CCSale/btn_ProcessVLinkTransaction' is clicked on

2023-02-17 21:57:47 - [MESSAGE][PASSED] - vlinkPages.saleCCPage.setDataSCC is PASSED

2023-02-17 21:57:47 - [TEST_STEP][PASSED] - if (verifyTextPresent("Transaction approved, no errors", true)): null

2023-02-17 21:57:47 - [MESSAGE][PASSED] - Text 'Transaction approved, no errors' is present on page  using regular expression

2023-02-17 21:57:47 - [TEST_STEP][PASSED] - println("Transaction Approved, no errors text is present on the Confirmation page"): null

2023-02-17 21:57:47 - [TEST_STEP][PASSED] - out.println("Pass Record Number: " + row): null

2023-02-17 21:57:47 - [TEST_STEP][PASSED] - resText = "Pass": null

2023-02-17 21:57:47 - [TEST_STEP][PASSED] - pages.WriteExcel.demoKey(resText, datText, resColumn, datCloumn, fileLoc, nameSheet, row): pages.WriteExcel.demoKey is PASSED

2023-02-17 21:57:47 - [MESSAGE][PASSED] - pages.WriteExcel.demoKey is PASSED

2023-02-17 21:57:47 - [TEST_STEP][PASSED] - sdfo = getText(findTestObject("Object Repository/Page_VLinkReceipt/pre_STX")): Text of object 'Object Repository/Page_VLinkReceipt/pre_STX' is: '<STX>C51UoLOqHqEY                  12127362            0  Transaction approved, no errors                   0                                                                                  R OK3873   <ETX>'

2023-02-17 21:57:48 - [MESSAGE][PASSED] - Text of object 'Object Repository/Page_VLinkReceipt/pre_STX' is: '<STX>C51UoLOqHqEY                  12127362            0  Transaction approved, no errors                   0                                                                                  R OK3873   <ETX>'

2023-02-17 21:57:48 - [TEST_STEP][PASSED] - out.println("sdfo: " + sdfo): null

2023-02-17 21:57:48 - [TEST_STEP][PASSED] - remID = substring(5, 35).trim(): null

2023-02-17 21:57:48 - [TEST_STEP][PASSED] - out.println("Remittance ID: " + remID): null

2023-02-17 21:57:48 - [TEST_STEP][PASSED] - traxID = substring(35, 55).trim(): null

2023-02-17 21:57:48 - [TEST_STEP][PASSED] - out.println("Transaction ID: " + traxID): null

2023-02-17 21:57:48 - [TEST_STEP][PASSED] - out.println("End Record Number: " + row): null

2023-02-17 21:57:48 - [TEST_STEP][PASSED] - closeBrowser(): Browser is closed

2023-02-17 21:57:49 - [MESSAGE][PASSED] - Browser is closed

2023-02-17 21:57:49 - [TEST_STEP][PASSED] - ExecuteTC = findTestData(dataFile).getValue("Execute", row): null

2023-02-17 21:57:49 - [TEST_STEP][PASSED] - out.println("Value of Execute is : " + ExecuteTC): null

2023-02-17 21:57:49 - [TEST_STEP][PASSED] - if (ExecuteTC.equalsIgnoreCase("Y")): Browser is closed

2023-02-17 21:57:49 - [TEST_STEP][PASSED] - out.println("Begin Record Number: " + row): null

2023-02-17 21:57:49 - [TEST_STEP][PASSED] - today = new java.util.Date(): null

2023-02-17 21:57:49 - [TEST_STEP][PASSED] - println(today): null

2023-02-17 21:57:49 - [TEST_STEP][PASSED] - datText = today: null

2023-02-17 21:57:49 - [TEST_STEP][PASSED] - openBrowser(VLinkURL + "authcap.html"): Browser is opened with url: 'https://dev-algorithm.govolution.com/vlinktest/QA/version_2_0/authcap.html'

2023-02-17 21:57:49 - [MESSAGE][INFO] - Starting 'Chrome' driver

2023-02-17 21:57:49 - [MESSAGE][INFO] - User set preference: ['acceptInsecureCerts', 'true']

2023-02-17 21:57:49 - [MESSAGE][INFO] - Action delay is set to 0 milliseconds

2023-02-17 21:57:51 - [MESSAGE][PASSED] - Browser is opened with url: 'https://dev-algorithm.govolution.com/vlinktest/QA/version_2_0/authcap.html'

2023-02-17 21:57:51 - [TEST_STEP][PASSED] - maximizeWindow(): Current window maximized

2023-02-17 21:57:51 - [MESSAGE][PASSED] - Current window maximized

2023-02-17 21:57:51 - [TEST_STEP][PASSED] - vlinkPages.saleCCPage.setDataSCC(row, dataFile): vlinkPages.saleCCPage.setDataSCC is PASSED

2023-02-17 21:57:54 - [MESSAGE][PASSED] - Object 'Object Repository/VLink/Page_CCSale/txt_CardNumber' is present

2023-02-17 21:57:54 - [MESSAGE][PASSED] - Text '104' is set on object 'Object Repository/VLink/Page_CCSale/txt_TransactionType'

2023-02-17 21:57:55 - [MESSAGE][PASSED] - Text '2.0C' is set on object 'Object Repository/VLink/Page_CCSale/txt_MessageVersion'

2023-02-17 21:57:56 - [MESSAGE][PASSED] - Text 'iFeE7oE1VmQL' is set on object 'Object Repository/VLink/Page_CCSale/txt_RemID'

2023-02-17 21:57:56 - [MESSAGE][PASSED] - Text '87' is set on object 'Object Repository/VLink/Page_CCSale/txt_ApplicationId'

2023-02-17 21:57:57 - [MESSAGE][PASSED] - Text 'username' is set on object 'Object Repository/VLink/Page_CCSale/txt_Username'

2023-02-17 21:57:57 - [MESSAGE][PASSED] - Text 'password' is set on object 'Object Repository/VLink/Page_CCSale/txt_Password'

2023-02-17 21:57:58 - [MESSAGE][PASSED] - Text 'fixed_width' is set on object 'Object Repository/VLink/Page_CCSale/txt_ResponseFormat'

2023-02-17 21:57:59 - [MESSAGE][PASSED] - Text 'ECOM' is set on object 'Object Repository/VLink/Page_CCSale/txt_Category'

2023-02-17 21:57:59 - [MESSAGE][PASSED] - Text '' is set on object 'Object Repository/VLink/Page_CCSale/txt_TransactionID'

2023-02-17 21:58:00 - [MESSAGE][PASSED] - Text '' is set on object 'Object Repository/VLink/Page_CCSale/txt_ApprovalCode'

2023-02-17 21:58:01 - [MESSAGE][PASSED] - Text 'Kris Roshan' is set on object 'Object Repository/VLink/Page_CCSale/txt_CardName'

2023-02-17 21:58:01 - [MESSAGE][PASSED] - Text '258 Elm Road' is set on object 'Object Repository/VLink/Page_CCSale/txt_AL1'

2023-02-17 21:58:02 - [MESSAGE][PASSED] - Text 'Suite 56' is set on object 'Object Repository/VLink/Page_CCSale/txt_AL2'

2023-02-17 21:58:03 - [MESSAGE][PASSED] - Text 'Arlington' is set on object 'Object Repository/VLink/Page_CCSale/txt_CardCity'

2023-02-17 21:58:03 - [MESSAGE][PASSED] - Text 'VA' is set on object 'Object Repository/VLink/Page_CCSale/txt_CardState'

2023-02-17 21:58:04 - [MESSAGE][PASSED] - Text '22201' is set on object 'Object Repository/VLink/Page_CCSale/txt_CardZIP'

2023-02-17 21:58:05 - [MESSAGE][PASSED] - Text '840' is set on object 'Object Repository/VLink/Page_CCSale/txt_CountryID'

2023-02-17 21:58:06 - [MESSAGE][PASSED] - Text '1.50' is set on object 'Object Repository/VLink/Page_CCSale/txt_Amount'

2023-02-17 21:58:06 - [MESSAGE][PASSED] - Text '4012000098765439' is set on object 'Object Repository/VLink/Page_CCSale/txt_CardNumber'

2023-02-17 21:58:07 - [MESSAGE][PASSED] - Text '12' is set on object 'Object Repository/VLink/Page_CCSale/txt_ExpMonth'

2023-02-17 21:58:08 - [MESSAGE][PASSED] - Text '2025' is set on object 'Object Repository/VLink/Page_CCSale/txt_ExpYear'

2023-02-17 21:58:08 - [MESSAGE][PASSED] - Text '' is set on object 'Object Repository/VLink/Page_CCSale/txt_CVV'

2023-02-17 21:58:09 - [MESSAGE][PASSED] - Text '' is set on object 'Object Repository/VLink/Page_CCSale/txt_CVVstate'

2023-02-17 21:58:10 - [MESSAGE][PASSED] - Text '' is set on object 'Object Repository/VLink/Page_CCSale/txt_TrackData'

2023-02-17 21:58:10 - [MESSAGE][PASSED] - Text '' is set on object 'Object Repository/VLink/Page_CCSale/txt_Track1Data'

2023-02-17 21:58:11 - [MESSAGE][PASSED] - Text '' is set on object 'Object Repository/VLink/Page_CCSale/txt_Track2Data'

2023-02-17 21:58:12 - [MESSAGE][PASSED] - Text 'manual' is set on object 'Object Repository/VLink/Page_CCSale/txt_POSEntryMode'

2023-02-17 21:58:12 - [MESSAGE][PASSED] - Text 'iahmed@govolution.com' is set on object 'Object Repository/VLink/Page_CCSale/txt_Email'

2023-02-17 21:58:13 - [MESSAGE][PASSED] - Text '2569362' is set on object 'Object Repository/VLink/Page_CCSale/txt_OrderNumber'

2023-02-17 21:58:14 - [MESSAGE][PASSED] - Text '1.15' is set on object 'Object Repository/VLink/Page_CCSale/txt_TaxAmount'

2023-02-17 21:58:14 - [MESSAGE][PASSED] - Text 'Charge Description' is set on object 'Object Repository/VLink/Page_CCSale/txt_ChargeDescription'

2023-02-17 21:58:15 - [MESSAGE][PASSED] - Text '147357' is set on object 'Object Repository/VLink/Page_CCSale/txt_CAN'

2023-02-17 21:58:16 - [MESSAGE][PASSED] - Text '1' is set on object 'Object Repository/VLink/Page_CCSale/txt_BillPaymentIndicator'

2023-02-17 21:58:16 - [MESSAGE][PASSED] - Text 'UDF Data 1' is set on object 'Object Repository/VLink/Page_CCSale/txt_UDF1'

2023-02-17 21:58:17 - [MESSAGE][PASSED] - Text 'UDF Data 2' is set on object 'Object Repository/VLink/Page_CCSale/txt_UDF2'

2023-02-17 21:58:18 - [MESSAGE][PASSED] - Text 'UDF Data 3' is set on object 'Object Repository/VLink/Page_CCSale/txt_UDF3'

2023-02-17 21:58:19 - [MESSAGE][PASSED] - Text 'UDF Data 4' is set on object 'Object Repository/VLink/Page_CCSale/txt_UDF4'

2023-02-17 21:58:19 - [MESSAGE][PASSED] - Text 'UDF Data 5' is set on object 'Object Repository/VLink/Page_CCSale/txt_UDF5'

2023-02-17 21:58:20 - [MESSAGE][PASSED] - Text 'UDF Data 6' is set on object 'Object Repository/VLink/Page_CCSale/txt_UDF6'

2023-02-17 21:58:21 - [MESSAGE][PASSED] - Text 'UDF Data 7' is set on object 'Object Repository/VLink/Page_CCSale/txt_UDF7'

2023-02-17 21:58:21 - [MESSAGE][PASSED] - Text 'UDF Data 8' is set on object 'Object Repository/VLink/Page_CCSale/txt_UDF8'

2023-02-17 21:58:22 - [MESSAGE][PASSED] - Text 'UDF Data 9' is set on object 'Object Repository/VLink/Page_CCSale/txt_UDF9'

2023-02-17 21:58:23 - [MESSAGE][PASSED] - Text 'UDF Data 10' is set on object 'Object Repository/VLink/Page_CCSale/txt_UDF10'

2023-02-17 21:58:24 - [MESSAGE][PASSED] - Object: 'Object Repository/VLink/Page_CCSale/btn_ProcessVLinkTransaction' is clicked on

2023-02-17 21:58:29 - [MESSAGE][PASSED] - vlinkPages.saleCCPage.setDataSCC is PASSED

2023-02-17 21:58:29 - [TEST_STEP][PASSED] - if (verifyTextPresent("Transaction approved, no errors", true)): null

2023-02-17 21:58:30 - [MESSAGE][PASSED] - Text 'Transaction approved, no errors' is present on page  using regular expression

2023-02-17 21:58:30 - [TEST_STEP][PASSED] - println("Transaction Approved, no errors text is present on the Confirmation page"): null

2023-02-17 21:58:30 - [TEST_STEP][PASSED] - out.println("Pass Record Number: " + row): null

2023-02-17 21:58:30 - [TEST_STEP][PASSED] - resText = "Pass": null

2023-02-17 21:58:30 - [TEST_STEP][PASSED] - pages.WriteExcel.demoKey(resText, datText, resColumn, datCloumn, fileLoc, nameSheet, row): pages.WriteExcel.demoKey is PASSED

2023-02-17 21:58:30 - [MESSAGE][PASSED] - pages.WriteExcel.demoKey is PASSED

2023-02-17 21:58:30 - [TEST_STEP][PASSED] - sdfo = getText(findTestObject("Object Repository/Page_VLinkReceipt/pre_STX")): Text of object 'Object Repository/Page_VLinkReceipt/pre_STX' is: '<STX>iFeE7oE1VmQL                  12127364            0  Transaction approved, no errors                   0                                                                                  N TAS995   <ETX>'

2023-02-17 21:58:30 - [MESSAGE][PASSED] - Text of object 'Object Repository/Page_VLinkReceipt/pre_STX' is: '<STX>iFeE7oE1VmQL                  12127364            0  Transaction approved, no errors                   0                                                                                  N TAS995   <ETX>'

2023-02-17 21:58:30 - [TEST_STEP][PASSED] - out.println("sdfo: " + sdfo): null

2023-02-17 21:58:30 - [TEST_STEP][PASSED] - remID = substring(5, 35).trim(): null

2023-02-17 21:58:30 - [TEST_STEP][PASSED] - out.println("Remittance ID: " + remID): null

2023-02-17 21:58:30 - [TEST_STEP][PASSED] - traxID = substring(35, 55).trim(): null

2023-02-17 21:58:30 - [TEST_STEP][PASSED] - out.println("Transaction ID: " + traxID): null

2023-02-17 21:58:30 - [TEST_STEP][PASSED] - out.println("End Record Number: " + row): null

2023-02-17 21:58:30 - [TEST_STEP][PASSED] - closeBrowser(): Browser is closed

2023-02-17 21:58:31 - [MESSAGE][PASSED] - Browser is closed

2023-02-17 21:58:31 - [TEST_STEP][PASSED] - ExecuteTC = findTestData(dataFile).getValue("Execute", row): null

2023-02-17 21:58:31 - [TEST_STEP][PASSED] - out.println("Value of Execute is : " + ExecuteTC): null

2023-02-17 21:58:31 - [TEST_STEP][PASSED] - if (ExecuteTC.equalsIgnoreCase("Y")): Browser is closed

2023-02-17 21:58:31 - [TEST_STEP][PASSED] - out.println("Begin Record Number: " + row): null

2023-02-17 21:58:31 - [TEST_STEP][PASSED] - today = new java.util.Date(): null

2023-02-17 21:58:31 - [TEST_STEP][PASSED] - println(today): null

2023-02-17 21:58:31 - [TEST_STEP][PASSED] - datText = today: null

2023-02-17 21:58:31 - [TEST_STEP][PASSED] - openBrowser(VLinkURL + "authcap.html"): Browser is opened with url: 'https://dev-algorithm.govolution.com/vlinktest/QA/version_2_0/authcap.html'

2023-02-17 21:58:31 - [MESSAGE][INFO] - Starting 'Chrome' driver

2023-02-17 21:58:31 - [MESSAGE][INFO] - User set preference: ['acceptInsecureCerts', 'true']

2023-02-17 21:58:31 - [MESSAGE][INFO] - Action delay is set to 0 milliseconds

2023-02-17 21:58:33 - [MESSAGE][PASSED] - Browser is opened with url: 'https://dev-algorithm.govolution.com/vlinktest/QA/version_2_0/authcap.html'

2023-02-17 21:58:33 - [TEST_STEP][PASSED] - maximizeWindow(): Current window maximized

2023-02-17 21:58:33 - [MESSAGE][PASSED] - Current window maximized

2023-02-17 21:58:33 - [TEST_STEP][PASSED] - vlinkPages.saleCCPage.setDataSCC(row, dataFile): vlinkPages.saleCCPage.setDataSCC is PASSED

2023-02-17 21:58:36 - [MESSAGE][PASSED] - Object 'Object Repository/VLink/Page_CCSale/txt_CardNumber' is present

2023-02-17 21:58:37 - [MESSAGE][PASSED] - Text '104' is set on object 'Object Repository/VLink/Page_CCSale/txt_TransactionType'

2023-02-17 21:58:37 - [MESSAGE][PASSED] - Text '2.0C' is set on object 'Object Repository/VLink/Page_CCSale/txt_MessageVersion'

2023-02-17 21:58:38 - [MESSAGE][PASSED] - Text 'Hza9fMFQudqk' is set on object 'Object Repository/VLink/Page_CCSale/txt_RemID'

2023-02-17 21:58:38 - [MESSAGE][PASSED] - Text '87' is set on object 'Object Repository/VLink/Page_CCSale/txt_ApplicationId'

2023-02-17 21:58:39 - [MESSAGE][PASSED] - Text 'username' is set on object 'Object Repository/VLink/Page_CCSale/txt_Username'

2023-02-17 21:58:40 - [MESSAGE][PASSED] - Text 'password' is set on object 'Object Repository/VLink/Page_CCSale/txt_Password'

2023-02-17 21:58:40 - [MESSAGE][PASSED] - Text 'fixed_width' is set on object 'Object Repository/VLink/Page_CCSale/txt_ResponseFormat'

2023-02-17 21:58:41 - [MESSAGE][PASSED] - Text 'MOTO' is set on object 'Object Repository/VLink/Page_CCSale/txt_Category'

2023-02-17 21:58:41 - [MESSAGE][PASSED] - Text '' is set on object 'Object Repository/VLink/Page_CCSale/txt_TransactionID'

2023-02-17 21:58:42 - [MESSAGE][PASSED] - Text '' is set on object 'Object Repository/VLink/Page_CCSale/txt_ApprovalCode'

2023-02-17 21:58:43 - [MESSAGE][PASSED] - Text 'Kris Roshan' is set on object 'Object Repository/VLink/Page_CCSale/txt_CardName'

2023-02-17 21:58:44 - [MESSAGE][PASSED] - Text '258 Elm Road' is set on object 'Object Repository/VLink/Page_CCSale/txt_AL1'

2023-02-17 21:58:44 - [MESSAGE][PASSED] - Text 'Suite 56' is set on object 'Object Repository/VLink/Page_CCSale/txt_AL2'

2023-02-17 21:58:45 - [MESSAGE][PASSED] - Text 'Arlington' is set on object 'Object Repository/VLink/Page_CCSale/txt_CardCity'

2023-02-17 21:58:46 - [MESSAGE][PASSED] - Text 'VA' is set on object 'Object Repository/VLink/Page_CCSale/txt_CardState'

2023-02-17 21:58:46 - [MESSAGE][PASSED] - Text '22201' is set on object 'Object Repository/VLink/Page_CCSale/txt_CardZIP'

2023-02-17 21:58:47 - [MESSAGE][PASSED] - Text '840' is set on object 'Object Repository/VLink/Page_CCSale/txt_CountryID'

2023-02-17 21:58:48 - [MESSAGE][PASSED] - Text '1.50' is set on object 'Object Repository/VLink/Page_CCSale/txt_Amount'

2023-02-17 21:58:48 - [MESSAGE][PASSED] - Text '4012000098765439' is set on object 'Object Repository/VLink/Page_CCSale/txt_CardNumber'

2023-02-17 21:58:49 - [MESSAGE][PASSED] - Text '12' is set on object 'Object Repository/VLink/Page_CCSale/txt_ExpMonth'

2023-02-17 21:58:50 - [MESSAGE][PASSED] - Text '2025' is set on object 'Object Repository/VLink/Page_CCSale/txt_ExpYear'

2023-02-17 21:58:50 - [MESSAGE][PASSED] - Text '' is set on object 'Object Repository/VLink/Page_CCSale/txt_CVV'

2023-02-17 21:58:51 - [MESSAGE][PASSED] - Text '' is set on object 'Object Repository/VLink/Page_CCSale/txt_CVVstate'

2023-02-17 21:58:52 - [MESSAGE][PASSED] - Text '' is set on object 'Object Repository/VLink/Page_CCSale/txt_TrackData'

2023-02-17 21:58:52 - [MESSAGE][PASSED] - Text '' is set on object 'Object Repository/VLink/Page_CCSale/txt_Track1Data'

2023-02-17 21:58:53 - [MESSAGE][PASSED] - Text '' is set on object 'Object Repository/VLink/Page_CCSale/txt_Track2Data'

2023-02-17 21:58:54 - [MESSAGE][PASSED] - Text 'manual' is set on object 'Object Repository/VLink/Page_CCSale/txt_POSEntryMode'

2023-02-17 21:58:55 - [MESSAGE][PASSED] - Text 'iahmed@govolution.com' is set on object 'Object Repository/VLink/Page_CCSale/txt_Email'

2023-02-17 21:58:55 - [MESSAGE][PASSED] - Text '2569362' is set on object 'Object Repository/VLink/Page_CCSale/txt_OrderNumber'

2023-02-17 21:58:56 - [MESSAGE][PASSED] - Text '1.15' is set on object 'Object Repository/VLink/Page_CCSale/txt_TaxAmount'

2023-02-17 21:58:57 - [MESSAGE][PASSED] - Text 'Charge Description' is set on object 'Object Repository/VLink/Page_CCSale/txt_ChargeDescription'

2023-02-17 21:58:57 - [MESSAGE][PASSED] - Text '147357' is set on object 'Object Repository/VLink/Page_CCSale/txt_CAN'

2023-02-17 21:58:58 - [MESSAGE][PASSED] - Text '1' is set on object 'Object Repository/VLink/Page_CCSale/txt_BillPaymentIndicator'

2023-02-17 21:58:59 - [MESSAGE][PASSED] - Text 'UDF Data 1' is set on object 'Object Repository/VLink/Page_CCSale/txt_UDF1'

2023-02-17 21:58:59 - [MESSAGE][PASSED] - Text 'UDF Data 2' is set on object 'Object Repository/VLink/Page_CCSale/txt_UDF2'

2023-02-17 21:59:00 - [MESSAGE][PASSED] - Text 'UDF Data 3' is set on object 'Object Repository/VLink/Page_CCSale/txt_UDF3'

2023-02-17 21:59:01 - [MESSAGE][PASSED] - Text 'UDF Data 4' is set on object 'Object Repository/VLink/Page_CCSale/txt_UDF4'

2023-02-17 21:59:02 - [MESSAGE][PASSED] - Text 'UDF Data 5' is set on object 'Object Repository/VLink/Page_CCSale/txt_UDF5'

2023-02-17 21:59:02 - [MESSAGE][PASSED] - Text 'UDF Data 6' is set on object 'Object Repository/VLink/Page_CCSale/txt_UDF6'

2023-02-17 21:59:03 - [MESSAGE][PASSED] - Text 'UDF Data 7' is set on object 'Object Repository/VLink/Page_CCSale/txt_UDF7'

2023-02-17 21:59:04 - [MESSAGE][PASSED] - Text 'UDF Data 8' is set on object 'Object Repository/VLink/Page_CCSale/txt_UDF8'

2023-02-17 21:59:04 - [MESSAGE][PASSED] - Text 'UDF Data 9' is set on object 'Object Repository/VLink/Page_CCSale/txt_UDF9'

2023-02-17 21:59:05 - [MESSAGE][PASSED] - Text 'UDF Data 10' is set on object 'Object Repository/VLink/Page_CCSale/txt_UDF10'

2023-02-17 21:59:07 - [MESSAGE][PASSED] - Object: 'Object Repository/VLink/Page_CCSale/btn_ProcessVLinkTransaction' is clicked on

2023-02-17 21:59:12 - [MESSAGE][PASSED] - vlinkPages.saleCCPage.setDataSCC is PASSED

2023-02-17 21:59:12 - [TEST_STEP][PASSED] - if (verifyTextPresent("Transaction approved, no errors", true)): null

2023-02-17 21:59:12 - [MESSAGE][PASSED] - Text 'Transaction approved, no errors' is present on page  using regular expression

2023-02-17 21:59:12 - [TEST_STEP][PASSED] - println("Transaction Approved, no errors text is present on the Confirmation page"): null

2023-02-17 21:59:12 - [TEST_STEP][PASSED] - out.println("Pass Record Number: " + row): null

2023-02-17 21:59:12 - [TEST_STEP][PASSED] - resText = "Pass": null

2023-02-17 21:59:12 - [TEST_STEP][PASSED] - pages.WriteExcel.demoKey(resText, datText, resColumn, datCloumn, fileLoc, nameSheet, row): pages.WriteExcel.demoKey is PASSED

2023-02-17 21:59:12 - [MESSAGE][PASSED] - pages.WriteExcel.demoKey is PASSED

2023-02-17 21:59:12 - [TEST_STEP][PASSED] - sdfo = getText(findTestObject("Object Repository/Page_VLinkReceipt/pre_STX")): Text of object 'Object Repository/Page_VLinkReceipt/pre_STX' is: '<STX>Hza9fMFQudqk                  12127365            0  Transaction approved, no errors                   0                                                                                  N TAS999   <ETX>'

2023-02-17 21:59:12 - [MESSAGE][PASSED] - Text of object 'Object Repository/Page_VLinkReceipt/pre_STX' is: '<STX>Hza9fMFQudqk                  12127365            0  Transaction approved, no errors                   0                                                                                  N TAS999   <ETX>'

2023-02-17 21:59:12 - [TEST_STEP][PASSED] - out.println("sdfo: " + sdfo): null

2023-02-17 21:59:12 - [TEST_STEP][PASSED] - remID = substring(5, 35).trim(): null

2023-02-17 21:59:12 - [TEST_STEP][PASSED] - out.println("Remittance ID: " + remID): null

2023-02-17 21:59:12 - [TEST_STEP][PASSED] - traxID = substring(35, 55).trim(): null

2023-02-17 21:59:12 - [TEST_STEP][PASSED] - out.println("Transaction ID: " + traxID): null

2023-02-17 21:59:12 - [TEST_STEP][PASSED] - out.println("End Record Number: " + row): null

2023-02-17 21:59:12 - [TEST_STEP][PASSED] - closeBrowser(): Browser is closed

2023-02-17 21:59:13 - [MESSAGE][PASSED] - Browser is closed

2023-02-17 21:59:13 - [TEST_STEP][PASSED] - ExecuteTC = findTestData(dataFile).getValue("Execute", row): null

2023-02-17 21:59:13 - [TEST_STEP][PASSED] - out.println("Value of Execute is : " + ExecuteTC): null

2023-02-17 21:59:13 - [TEST_STEP][PASSED] - if (ExecuteTC.equalsIgnoreCase("Y")): Browser is closed

2023-02-17 21:59:13 - [TEST_STEP][PASSED] - out.println("Begin Record Number: " + row): null

2023-02-17 21:59:13 - [TEST_STEP][PASSED] - today = new java.util.Date(): null

2023-02-17 21:59:13 - [TEST_STEP][PASSED] - println(today): null

2023-02-17 21:59:13 - [TEST_STEP][PASSED] - datText = today: null

2023-02-17 21:59:13 - [TEST_STEP][PASSED] - openBrowser(VLinkURL + "authcap.html"): Browser is opened with url: 'https://dev-algorithm.govolution.com/vlinktest/QA/version_2_0/authcap.html'

2023-02-17 21:59:13 - [MESSAGE][INFO] - Starting 'Chrome' driver

2023-02-17 21:59:13 - [MESSAGE][INFO] - User set preference: ['acceptInsecureCerts', 'true']

2023-02-17 21:59:13 - [MESSAGE][INFO] - Action delay is set to 0 milliseconds

2023-02-17 21:59:15 - [MESSAGE][PASSED] - Browser is opened with url: 'https://dev-algorithm.govolution.com/vlinktest/QA/version_2_0/authcap.html'

2023-02-17 21:59:15 - [TEST_STEP][PASSED] - maximizeWindow(): Current window maximized

2023-02-17 21:59:15 - [MESSAGE][PASSED] - Current window maximized

2023-02-17 21:59:15 - [TEST_STEP][PASSED] - vlinkPages.saleCCPage.setDataSCC(row, dataFile): vlinkPages.saleCCPage.setDataSCC is PASSED

2023-02-17 21:59:18 - [MESSAGE][PASSED] - Object 'Object Repository/VLink/Page_CCSale/txt_CardNumber' is present

2023-02-17 21:59:19 - [MESSAGE][PASSED] - Text '104' is set on object 'Object Repository/VLink/Page_CCSale/txt_TransactionType'

2023-02-17 21:59:19 - [MESSAGE][PASSED] - Text '2.0C' is set on object 'Object Repository/VLink/Page_CCSale/txt_MessageVersion'

2023-02-17 21:59:20 - [MESSAGE][PASSED] - Text 'Y2aDUhUphxZX' is set on object 'Object Repository/VLink/Page_CCSale/txt_RemID'

2023-02-17 21:59:21 - [MESSAGE][PASSED] - Text '87' is set on object 'Object Repository/VLink/Page_CCSale/txt_ApplicationId'

2023-02-17 21:59:21 - [MESSAGE][PASSED] - Text 'username' is set on object 'Object Repository/VLink/Page_CCSale/txt_Username'

2023-02-17 21:59:22 - [MESSAGE][PASSED] - Text 'password' is set on object 'Object Repository/VLink/Page_CCSale/txt_Password'

2023-02-17 21:59:22 - [MESSAGE][PASSED] - Text 'fixed_width' is set on object 'Object Repository/VLink/Page_CCSale/txt_ResponseFormat'

2023-02-17 21:59:23 - [MESSAGE][PASSED] - Text 'RETL' is set on object 'Object Repository/VLink/Page_CCSale/txt_Category'

2023-02-17 21:59:24 - [MESSAGE][PASSED] - Text '' is set on object 'Object Repository/VLink/Page_CCSale/txt_TransactionID'

2023-02-17 21:59:24 - [MESSAGE][PASSED] - Text '' is set on object 'Object Repository/VLink/Page_CCSale/txt_ApprovalCode'

2023-02-17 21:59:25 - [MESSAGE][PASSED] - Text 'Kris Roshan' is set on object 'Object Repository/VLink/Page_CCSale/txt_CardName'

2023-02-17 21:59:26 - [MESSAGE][PASSED] - Text '258 Elm Road' is set on object 'Object Repository/VLink/Page_CCSale/txt_AL1'

2023-02-17 21:59:27 - [MESSAGE][PASSED] - Text 'Suite 56' is set on object 'Object Repository/VLink/Page_CCSale/txt_AL2'

2023-02-17 21:59:27 - [MESSAGE][PASSED] - Text 'Arlington' is set on object 'Object Repository/VLink/Page_CCSale/txt_CardCity'

2023-02-17 21:59:28 - [MESSAGE][PASSED] - Text 'VA' is set on object 'Object Repository/VLink/Page_CCSale/txt_CardState'

2023-02-17 21:59:29 - [MESSAGE][PASSED] - Text '22201' is set on object 'Object Repository/VLink/Page_CCSale/txt_CardZIP'

2023-02-17 21:59:29 - [MESSAGE][PASSED] - Text '840' is set on object 'Object Repository/VLink/Page_CCSale/txt_CountryID'

2023-02-17 21:59:30 - [MESSAGE][PASSED] - Text '1.50' is set on object 'Object Repository/VLink/Page_CCSale/txt_Amount'

2023-02-17 21:59:31 - [MESSAGE][PASSED] - Text '4012000098765439' is set on object 'Object Repository/VLink/Page_CCSale/txt_CardNumber'

2023-02-17 21:59:31 - [MESSAGE][PASSED] - Text '12' is set on object 'Object Repository/VLink/Page_CCSale/txt_ExpMonth'

2023-02-17 21:59:32 - [MESSAGE][PASSED] - Text '2025' is set on object 'Object Repository/VLink/Page_CCSale/txt_ExpYear'

2023-02-17 21:59:33 - [MESSAGE][PASSED] - Text '' is set on object 'Object Repository/VLink/Page_CCSale/txt_CVV'

2023-02-17 21:59:33 - [MESSAGE][PASSED] - Text '' is set on object 'Object Repository/VLink/Page_CCSale/txt_CVVstate'

2023-02-17 21:59:34 - [MESSAGE][PASSED] - Text '' is set on object 'Object Repository/VLink/Page_CCSale/txt_TrackData'

2023-02-17 21:59:35 - [MESSAGE][PASSED] - Text '' is set on object 'Object Repository/VLink/Page_CCSale/txt_Track1Data'

2023-02-17 21:59:35 - [MESSAGE][PASSED] - Text '' is set on object 'Object Repository/VLink/Page_CCSale/txt_Track2Data'

2023-02-17 21:59:36 - [MESSAGE][PASSED] - Text 'manual' is set on object 'Object Repository/VLink/Page_CCSale/txt_POSEntryMode'

2023-02-17 21:59:37 - [MESSAGE][PASSED] - Text 'iahmed@govolution.com' is set on object 'Object Repository/VLink/Page_CCSale/txt_Email'

2023-02-17 21:59:38 - [MESSAGE][PASSED] - Text '2569362' is set on object 'Object Repository/VLink/Page_CCSale/txt_OrderNumber'

2023-02-17 21:59:38 - [MESSAGE][PASSED] - Text '1.15' is set on object 'Object Repository/VLink/Page_CCSale/txt_TaxAmount'

2023-02-17 21:59:39 - [MESSAGE][PASSED] - Text 'Charge Description' is set on object 'Object Repository/VLink/Page_CCSale/txt_ChargeDescription'

2023-02-17 21:59:40 - [MESSAGE][PASSED] - Text '147357' is set on object 'Object Repository/VLink/Page_CCSale/txt_CAN'

2023-02-17 21:59:40 - [MESSAGE][PASSED] - Text '1' is set on object 'Object Repository/VLink/Page_CCSale/txt_BillPaymentIndicator'

2023-02-17 21:59:41 - [MESSAGE][PASSED] - Text 'UDF Data 1' is set on object 'Object Repository/VLink/Page_CCSale/txt_UDF1'

2023-02-17 21:59:42 - [MESSAGE][PASSED] - Text 'UDF Data 2' is set on object 'Object Repository/VLink/Page_CCSale/txt_UDF2'

2023-02-17 21:59:42 - [MESSAGE][PASSED] - Text 'UDF Data 3' is set on object 'Object Repository/VLink/Page_CCSale/txt_UDF3'

2023-02-17 21:59:43 - [MESSAGE][PASSED] - Text 'UDF Data 4' is set on object 'Object Repository/VLink/Page_CCSale/txt_UDF4'

2023-02-17 21:59:44 - [MESSAGE][PASSED] - Text 'UDF Data 5' is set on object 'Object Repository/VLink/Page_CCSale/txt_UDF5'

2023-02-17 21:59:45 - [MESSAGE][PASSED] - Text 'UDF Data 6' is set on object 'Object Repository/VLink/Page_CCSale/txt_UDF6'

2023-02-17 21:59:45 - [MESSAGE][PASSED] - Text 'UDF Data 7' is set on object 'Object Repository/VLink/Page_CCSale/txt_UDF7'

2023-02-17 21:59:46 - [MESSAGE][PASSED] - Text 'UDF Data 8' is set on object 'Object Repository/VLink/Page_CCSale/txt_UDF8'

2023-02-17 21:59:47 - [MESSAGE][PASSED] - Text 'UDF Data 9' is set on object 'Object Repository/VLink/Page_CCSale/txt_UDF9'

2023-02-17 21:59:47 - [MESSAGE][PASSED] - Text 'UDF Data 10' is set on object 'Object Repository/VLink/Page_CCSale/txt_UDF10'

2023-02-17 21:59:49 - [MESSAGE][PASSED] - Object: 'Object Repository/VLink/Page_CCSale/btn_ProcessVLinkTransaction' is clicked on

2023-02-17 21:59:54 - [MESSAGE][PASSED] - vlinkPages.saleCCPage.setDataSCC is PASSED

2023-02-17 21:59:54 - [TEST_STEP][PASSED] - if (verifyTextPresent("Transaction approved, no errors", true)): null

2023-02-17 21:59:54 - [MESSAGE][PASSED] - Text 'Transaction approved, no errors' is present on page  using regular expression

2023-02-17 21:59:54 - [TEST_STEP][PASSED] - println("Transaction Approved, no errors text is present on the Confirmation page"): null

2023-02-17 21:59:54 - [TEST_STEP][PASSED] - out.println("Pass Record Number: " + row): null

2023-02-17 21:59:54 - [TEST_STEP][PASSED] - resText = "Pass": null

2023-02-17 21:59:54 - [TEST_STEP][PASSED] - pages.WriteExcel.demoKey(resText, datText, resColumn, datCloumn, fileLoc, nameSheet, row): pages.WriteExcel.demoKey is PASSED

2023-02-17 21:59:55 - [MESSAGE][PASSED] - pages.WriteExcel.demoKey is PASSED

2023-02-17 21:59:55 - [TEST_STEP][PASSED] - sdfo = getText(findTestObject("Object Repository/Page_VLinkReceipt/pre_STX")): Text of object 'Object Repository/Page_VLinkReceipt/pre_STX' is: '<STX>Y2aDUhUphxZX                  12127366            0  Transaction approved, no errors                   0                                                                                  N TAS002   <ETX>'

2023-02-17 21:59:55 - [MESSAGE][PASSED] - Text of object 'Object Repository/Page_VLinkReceipt/pre_STX' is: '<STX>Y2aDUhUphxZX                  12127366            0  Transaction approved, no errors                   0                                                                                  N TAS002   <ETX>'

2023-02-17 21:59:55 - [TEST_STEP][PASSED] - out.println("sdfo: " + sdfo): null

2023-02-17 21:59:55 - [TEST_STEP][PASSED] - remID = substring(5, 35).trim(): null

2023-02-17 21:59:55 - [TEST_STEP][PASSED] - out.println("Remittance ID: " + remID): null

2023-02-17 21:59:55 - [TEST_STEP][PASSED] - traxID = substring(35, 55).trim(): null

2023-02-17 21:59:55 - [TEST_STEP][PASSED] - out.println("Transaction ID: " + traxID): null

2023-02-17 21:59:55 - [TEST_STEP][PASSED] - out.println("End Record Number: " + row): null

2023-02-17 21:59:55 - [TEST_STEP][PASSED] - closeBrowser(): Browser is closed

2023-02-17 21:59:56 - [MESSAGE][PASSED] - Browser is closed

2023-02-17 21:59:56 - [TEST_STEP][PASSED] - ExecuteTC = findTestData(dataFile).getValue("Execute", row): null

2023-02-17 21:59:56 - [TEST_STEP][PASSED] - out.println("Value of Execute is : " + ExecuteTC): null

2023-02-17 21:59:56 - [TEST_STEP][PASSED] - if (ExecuteTC.equalsIgnoreCase("Y")): Browser is closed

2023-02-17 21:59:56 - [TEST_STEP][PASSED] - out.println("Begin Record Number: " + row): null

2023-02-17 21:59:56 - [TEST_STEP][PASSED] - today = new java.util.Date(): null

2023-02-17 21:59:56 - [TEST_STEP][PASSED] - println(today): null

2023-02-17 21:59:56 - [TEST_STEP][PASSED] - datText = today: null

2023-02-17 21:59:56 - [TEST_STEP][PASSED] - openBrowser(VLinkURL + "authcap.html"): Browser is opened with url: 'https://dev-algorithm.govolution.com/vlinktest/QA/version_2_0/authcap.html'

2023-02-17 21:59:56 - [MESSAGE][INFO] - Starting 'Chrome' driver

2023-02-17 21:59:56 - [MESSAGE][INFO] - User set preference: ['acceptInsecureCerts', 'true']

2023-02-17 21:59:56 - [MESSAGE][INFO] - Action delay is set to 0 milliseconds

2023-02-17 21:59:58 - [MESSAGE][PASSED] - Browser is opened with url: 'https://dev-algorithm.govolution.com/vlinktest/QA/version_2_0/authcap.html'

2023-02-17 21:59:58 - [TEST_STEP][PASSED] - maximizeWindow(): Current window maximized

2023-02-17 21:59:58 - [MESSAGE][PASSED] - Current window maximized

2023-02-17 21:59:58 - [TEST_STEP][PASSED] - vlinkPages.saleCCPage.setDataSCC(row, dataFile): vlinkPages.saleCCPage.setDataSCC is PASSED

2023-02-17 22:00:01 - [MESSAGE][PASSED] - Object 'Object Repository/VLink/Page_CCSale/txt_CardNumber' is present

2023-02-17 22:00:01 - [MESSAGE][PASSED] - Text '104' is set on object 'Object Repository/VLink/Page_CCSale/txt_TransactionType'

2023-02-17 22:00:02 - [MESSAGE][PASSED] - Text '2.0C' is set on object 'Object Repository/VLink/Page_CCSale/txt_MessageVersion'

2023-02-17 22:00:03 - [MESSAGE][PASSED] - Text 'wVmzfmy6K83u' is set on object 'Object Repository/VLink/Page_CCSale/txt_RemID'

2023-02-17 22:00:03 - [MESSAGE][PASSED] - Text '87' is set on object 'Object Repository/VLink/Page_CCSale/txt_ApplicationId'

2023-02-17 22:00:04 - [MESSAGE][PASSED] - Text 'username' is set on object 'Object Repository/VLink/Page_CCSale/txt_Username'

2023-02-17 22:00:04 - [MESSAGE][PASSED] - Text 'password' is set on object 'Object Repository/VLink/Page_CCSale/txt_Password'

2023-02-17 22:00:05 - [MESSAGE][PASSED] - Text 'fixed_width' is set on object 'Object Repository/VLink/Page_CCSale/txt_ResponseFormat'

2023-02-17 22:00:06 - [MESSAGE][PASSED] - Text 'ECOM' is set on object 'Object Repository/VLink/Page_CCSale/txt_Category'

2023-02-17 22:00:06 - [MESSAGE][PASSED] - Text '' is set on object 'Object Repository/VLink/Page_CCSale/txt_TransactionID'

2023-02-17 22:00:07 - [MESSAGE][PASSED] - Text '' is set on object 'Object Repository/VLink/Page_CCSale/txt_ApprovalCode'

2023-02-17 22:00:08 - [MESSAGE][PASSED] - Text 'Kris Roshan' is set on object 'Object Repository/VLink/Page_CCSale/txt_CardName'

2023-02-17 22:00:08 - [MESSAGE][PASSED] - Text '258 Elm Road' is set on object 'Object Repository/VLink/Page_CCSale/txt_AL1'

2023-02-17 22:00:09 - [MESSAGE][PASSED] - Text 'Suite 56' is set on object 'Object Repository/VLink/Page_CCSale/txt_AL2'

2023-02-17 22:00:10 - [MESSAGE][PASSED] - Text 'Arlington' is set on object 'Object Repository/VLink/Page_CCSale/txt_CardCity'

2023-02-17 22:00:11 - [MESSAGE][PASSED] - Text 'VA' is set on object 'Object Repository/VLink/Page_CCSale/txt_CardState'

2023-02-17 22:00:11 - [MESSAGE][PASSED] - Text '22201' is set on object 'Object Repository/VLink/Page_CCSale/txt_CardZIP'

2023-02-17 22:00:12 - [MESSAGE][PASSED] - Text '840' is set on object 'Object Repository/VLink/Page_CCSale/txt_CountryID'

2023-02-17 22:00:12 - [MESSAGE][PASSED] - Text '1.50' is set on object 'Object Repository/VLink/Page_CCSale/txt_Amount'

2023-02-17 22:00:13 - [MESSAGE][PASSED] - Text '5146312200000035' is set on object 'Object Repository/VLink/Page_CCSale/txt_CardNumber'

2023-02-17 22:00:14 - [MESSAGE][PASSED] - Text '12' is set on object 'Object Repository/VLink/Page_CCSale/txt_ExpMonth'

2023-02-17 22:00:15 - [MESSAGE][PASSED] - Text '2025' is set on object 'Object Repository/VLink/Page_CCSale/txt_ExpYear'

2023-02-17 22:00:15 - [MESSAGE][PASSED] - Text '' is set on object 'Object Repository/VLink/Page_CCSale/txt_CVV'

2023-02-17 22:00:16 - [MESSAGE][PASSED] - Text '' is set on object 'Object Repository/VLink/Page_CCSale/txt_CVVstate'

2023-02-17 22:00:17 - [MESSAGE][PASSED] - Text '' is set on object 'Object Repository/VLink/Page_CCSale/txt_TrackData'

2023-02-17 22:00:17 - [MESSAGE][PASSED] - Text '' is set on object 'Object Repository/VLink/Page_CCSale/txt_Track1Data'

2023-02-17 22:00:18 - [MESSAGE][PASSED] - Text '' is set on object 'Object Repository/VLink/Page_CCSale/txt_Track2Data'

2023-02-17 22:00:19 - [MESSAGE][PASSED] - Text 'manual' is set on object 'Object Repository/VLink/Page_CCSale/txt_POSEntryMode'

2023-02-17 22:00:19 - [MESSAGE][PASSED] - Text 'iahmed@govolution.com' is set on object 'Object Repository/VLink/Page_CCSale/txt_Email'

2023-02-17 22:00:20 - [MESSAGE][PASSED] - Text '2569362' is set on object 'Object Repository/VLink/Page_CCSale/txt_OrderNumber'

2023-02-17 22:00:21 - [MESSAGE][PASSED] - Text '1.15' is set on object 'Object Repository/VLink/Page_CCSale/txt_TaxAmount'

2023-02-17 22:00:21 - [MESSAGE][PASSED] - Text 'Charge Description' is set on object 'Object Repository/VLink/Page_CCSale/txt_ChargeDescription'

2023-02-17 22:00:22 - [MESSAGE][PASSED] - Text '147357' is set on object 'Object Repository/VLink/Page_CCSale/txt_CAN'

2023-02-17 22:00:23 - [MESSAGE][PASSED] - Text '1' is set on object 'Object Repository/VLink/Page_CCSale/txt_BillPaymentIndicator'

2023-02-17 22:00:23 - [MESSAGE][PASSED] - Text 'UDF Data 1' is set on object 'Object Repository/VLink/Page_CCSale/txt_UDF1'

2023-02-17 22:00:24 - [MESSAGE][PASSED] - Text 'UDF Data 2' is set on object 'Object Repository/VLink/Page_CCSale/txt_UDF2'

2023-02-17 22:00:25 - [MESSAGE][PASSED] - Text 'UDF Data 3' is set on object 'Object Repository/VLink/Page_CCSale/txt_UDF3'

2023-02-17 22:00:25 - [MESSAGE][PASSED] - Text 'UDF Data 4' is set on object 'Object Repository/VLink/Page_CCSale/txt_UDF4'

2023-02-17 22:00:26 - [MESSAGE][PASSED] - Text 'UDF Data 5' is set on object 'Object Repository/VLink/Page_CCSale/txt_UDF5'

2023-02-17 22:00:27 - [MESSAGE][PASSED] - Text 'UDF Data 6' is set on object 'Object Repository/VLink/Page_CCSale/txt_UDF6'

2023-02-17 22:00:28 - [MESSAGE][PASSED] - Text 'UDF Data 7' is set on object 'Object Repository/VLink/Page_CCSale/txt_UDF7'

2023-02-17 22:00:28 - [MESSAGE][PASSED] - Text 'UDF Data 8' is set on object 'Object Repository/VLink/Page_CCSale/txt_UDF8'

2023-02-17 22:00:29 - [MESSAGE][PASSED] - Text 'UDF Data 9' is set on object 'Object Repository/VLink/Page_CCSale/txt_UDF9'

2023-02-17 22:00:30 - [MESSAGE][PASSED] - Text 'UDF Data 10' is set on object 'Object Repository/VLink/Page_CCSale/txt_UDF10'

2023-02-17 22:00:31 - [MESSAGE][PASSED] - Object: 'Object Repository/VLink/Page_CCSale/btn_ProcessVLinkTransaction' is clicked on

2023-02-17 22:00:36 - [MESSAGE][PASSED] - vlinkPages.saleCCPage.setDataSCC is PASSED

2023-02-17 22:00:36 - [TEST_STEP][PASSED] - if (verifyTextPresent("Transaction approved, no errors", true)): null

2023-02-17 22:00:37 - [MESSAGE][PASSED] - Text 'Transaction approved, no errors' is present on page  using regular expression

2023-02-17 22:00:37 - [TEST_STEP][PASSED] - println("Transaction Approved, no errors text is present on the Confirmation page"): null

2023-02-17 22:00:37 - [TEST_STEP][PASSED] - out.println("Pass Record Number: " + row): null

2023-02-17 22:00:37 - [TEST_STEP][PASSED] - resText = "Pass": null

2023-02-17 22:00:37 - [TEST_STEP][PASSED] - pages.WriteExcel.demoKey(resText, datText, resColumn, datCloumn, fileLoc, nameSheet, row): pages.WriteExcel.demoKey is PASSED

2023-02-17 22:00:37 - [MESSAGE][PASSED] - pages.WriteExcel.demoKey is PASSED

2023-02-17 22:00:37 - [TEST_STEP][PASSED] - sdfo = getText(findTestObject("Object Repository/Page_VLinkReceipt/pre_STX")): Text of object 'Object Repository/Page_VLinkReceipt/pre_STX' is: '<STX>wVmzfmy6K83u                  12127367            0  Transaction approved, no errors                   0                                                                                  YPVTLMC1   <ETX>'

2023-02-17 22:00:37 - [MESSAGE][PASSED] - Text of object 'Object Repository/Page_VLinkReceipt/pre_STX' is: '<STX>wVmzfmy6K83u                  12127367            0  Transaction approved, no errors                   0                                                                                  YPVTLMC1   <ETX>'

2023-02-17 22:00:37 - [TEST_STEP][PASSED] - out.println("sdfo: " + sdfo): null

2023-02-17 22:00:37 - [TEST_STEP][PASSED] - remID = substring(5, 35).trim(): null

2023-02-17 22:00:37 - [TEST_STEP][PASSED] - out.println("Remittance ID: " + remID): null

2023-02-17 22:00:37 - [TEST_STEP][PASSED] - traxID = substring(35, 55).trim(): null

2023-02-17 22:00:37 - [TEST_STEP][PASSED] - out.println("Transaction ID: " + traxID): null

2023-02-17 22:00:37 - [TEST_STEP][PASSED] - out.println("End Record Number: " + row): null

2023-02-17 22:00:37 - [TEST_STEP][PASSED] - closeBrowser(): Browser is closed

2023-02-17 22:00:38 - [MESSAGE][PASSED] - Browser is closed

2023-02-17 22:00:38 - [TEST_STEP][PASSED] - ExecuteTC = findTestData(dataFile).getValue("Execute", row): null

2023-02-17 22:00:38 - [TEST_STEP][PASSED] - out.println("Value of Execute is : " + ExecuteTC): null

2023-02-17 22:00:38 - [TEST_STEP][PASSED] - if (ExecuteTC.equalsIgnoreCase("Y")): Browser is closed

2023-02-17 22:00:38 - [TEST_STEP][PASSED] - out.println("Begin Record Number: " + row): null

2023-02-17 22:00:38 - [TEST_STEP][PASSED] - today = new java.util.Date(): null

2023-02-17 22:00:38 - [TEST_STEP][PASSED] - println(today): null

2023-02-17 22:00:38 - [TEST_STEP][PASSED] - datText = today: null

2023-02-17 22:00:38 - [TEST_STEP][PASSED] - openBrowser(VLinkURL + "authcap.html"): Browser is opened with url: 'https://dev-algorithm.govolution.com/vlinktest/QA/version_2_0/authcap.html'

2023-02-17 22:00:38 - [MESSAGE][INFO] - Starting 'Chrome' driver

2023-02-17 22:00:38 - [MESSAGE][INFO] - User set preference: ['acceptInsecureCerts', 'true']

2023-02-17 22:00:38 - [MESSAGE][INFO] - Action delay is set to 0 milliseconds

2023-02-17 22:00:40 - [MESSAGE][PASSED] - Browser is opened with url: 'https://dev-algorithm.govolution.com/vlinktest/QA/version_2_0/authcap.html'

2023-02-17 22:00:40 - [TEST_STEP][PASSED] - maximizeWindow(): Current window maximized

2023-02-17 22:00:40 - [MESSAGE][PASSED] - Current window maximized

2023-02-17 22:00:40 - [TEST_STEP][PASSED] - vlinkPages.saleCCPage.setDataSCC(row, dataFile): vlinkPages.saleCCPage.setDataSCC is PASSED

2023-02-17 22:00:43 - [MESSAGE][PASSED] - Object 'Object Repository/VLink/Page_CCSale/txt_CardNumber' is present

2023-02-17 22:00:44 - [MESSAGE][PASSED] - Text '104' is set on object 'Object Repository/VLink/Page_CCSale/txt_TransactionType'

2023-02-17 22:00:44 - [MESSAGE][PASSED] - Text '2.0C' is set on object 'Object Repository/VLink/Page_CCSale/txt_MessageVersion'

2023-02-17 22:00:45 - [MESSAGE][PASSED] - Text 'pC6VOG9v3jIB' is set on object 'Object Repository/VLink/Page_CCSale/txt_RemID'

2023-02-17 22:00:46 - [MESSAGE][PASSED] - Text '87' is set on object 'Object Repository/VLink/Page_CCSale/txt_ApplicationId'

2023-02-17 22:00:46 - [MESSAGE][PASSED] - Text 'username' is set on object 'Object Repository/VLink/Page_CCSale/txt_Username'

2023-02-17 22:00:47 - [MESSAGE][PASSED] - Text 'password' is set on object 'Object Repository/VLink/Page_CCSale/txt_Password'

2023-02-17 22:00:48 - [MESSAGE][PASSED] - Text 'fixed_width' is set on object 'Object Repository/VLink/Page_CCSale/txt_ResponseFormat'

2023-02-17 22:00:48 - [MESSAGE][PASSED] - Text 'MOTO' is set on object 'Object Repository/VLink/Page_CCSale/txt_Category'

2023-02-17 22:00:49 - [MESSAGE][PASSED] - Text '' is set on object 'Object Repository/VLink/Page_CCSale/txt_TransactionID'

2023-02-17 22:00:50 - [MESSAGE][PASSED] - Text '' is set on object 'Object Repository/VLink/Page_CCSale/txt_ApprovalCode'

2023-02-17 22:00:50 - [MESSAGE][PASSED] - Text 'Kris Roshan' is set on object 'Object Repository/VLink/Page_CCSale/txt_CardName'

2023-02-17 22:00:51 - [MESSAGE][PASSED] - Text '258 Elm Road' is set on object 'Object Repository/VLink/Page_CCSale/txt_AL1'

2023-02-17 22:00:52 - [MESSAGE][PASSED] - Text 'Suite 56' is set on object 'Object Repository/VLink/Page_CCSale/txt_AL2'

2023-02-17 22:00:52 - [MESSAGE][PASSED] - Text 'Arlington' is set on object 'Object Repository/VLink/Page_CCSale/txt_CardCity'

2023-02-17 22:00:53 - [MESSAGE][PASSED] - Text 'VA' is set on object 'Object Repository/VLink/Page_CCSale/txt_CardState'

2023-02-17 22:00:54 - [MESSAGE][PASSED] - Text '22201' is set on object 'Object Repository/VLink/Page_CCSale/txt_CardZIP'

2023-02-17 22:00:54 - [MESSAGE][PASSED] - Text '840' is set on object 'Object Repository/VLink/Page_CCSale/txt_CountryID'

2023-02-17 22:00:55 - [MESSAGE][PASSED] - Text '1.50' is set on object 'Object Repository/VLink/Page_CCSale/txt_Amount'

2023-02-17 22:00:56 - [MESSAGE][PASSED] - Text '5146312200000035' is set on object 'Object Repository/VLink/Page_CCSale/txt_CardNumber'

2023-02-17 22:00:56 - [MESSAGE][PASSED] - Text '12' is set on object 'Object Repository/VLink/Page_CCSale/txt_ExpMonth'

2023-02-17 22:00:57 - [MESSAGE][PASSED] - Text '2025' is set on object 'Object Repository/VLink/Page_CCSale/txt_ExpYear'

2023-02-17 22:00:58 - [MESSAGE][PASSED] - Text '' is set on object 'Object Repository/VLink/Page_CCSale/txt_CVV'

2023-02-17 22:00:58 - [MESSAGE][PASSED] - Text '' is set on object 'Object Repository/VLink/Page_CCSale/txt_CVVstate'

2023-02-17 22:00:59 - [MESSAGE][PASSED] - Text '' is set on object 'Object Repository/VLink/Page_CCSale/txt_TrackData'

2023-02-17 22:01:00 - [MESSAGE][PASSED] - Text '' is set on object 'Object Repository/VLink/Page_CCSale/txt_Track1Data'

2023-02-17 22:01:01 - [MESSAGE][PASSED] - Text '' is set on object 'Object Repository/VLink/Page_CCSale/txt_Track2Data'

2023-02-17 22:01:01 - [MESSAGE][PASSED] - Text 'manual' is set on object 'Object Repository/VLink/Page_CCSale/txt_POSEntryMode'

2023-02-17 22:01:02 - [MESSAGE][PASSED] - Text 'iahmed@govolution.com' is set on object 'Object Repository/VLink/Page_CCSale/txt_Email'

2023-02-17 22:01:03 - [MESSAGE][PASSED] - Text '2569362' is set on object 'Object Repository/VLink/Page_CCSale/txt_OrderNumber'

2023-02-17 22:01:03 - [MESSAGE][PASSED] - Text '1.15' is set on object 'Object Repository/VLink/Page_CCSale/txt_TaxAmount'

2023-02-17 22:01:04 - [MESSAGE][PASSED] - Text 'Charge Description' is set on object 'Object Repository/VLink/Page_CCSale/txt_ChargeDescription'

2023-02-17 22:01:05 - [MESSAGE][PASSED] - Text '147357' is set on object 'Object Repository/VLink/Page_CCSale/txt_CAN'

2023-02-17 22:01:05 - [MESSAGE][PASSED] - Text '1' is set on object 'Object Repository/VLink/Page_CCSale/txt_BillPaymentIndicator'

2023-02-17 22:01:06 - [MESSAGE][PASSED] - Text 'UDF Data 1' is set on object 'Object Repository/VLink/Page_CCSale/txt_UDF1'

2023-02-17 22:01:07 - [MESSAGE][PASSED] - Text 'UDF Data 2' is set on object 'Object Repository/VLink/Page_CCSale/txt_UDF2'

2023-02-17 22:01:07 - [MESSAGE][PASSED] - Text 'UDF Data 3' is set on object 'Object Repository/VLink/Page_CCSale/txt_UDF3'

2023-02-17 22:01:08 - [MESSAGE][PASSED] - Text 'UDF Data 4' is set on object 'Object Repository/VLink/Page_CCSale/txt_UDF4'

2023-02-17 22:01:09 - [MESSAGE][PASSED] - Text 'UDF Data 5' is set on object 'Object Repository/VLink/Page_CCSale/txt_UDF5'

2023-02-17 22:01:10 - [MESSAGE][PASSED] - Text 'UDF Data 6' is set on object 'Object Repository/VLink/Page_CCSale/txt_UDF6'

2023-02-17 22:01:10 - [MESSAGE][PASSED] - Text 'UDF Data 7' is set on object 'Object Repository/VLink/Page_CCSale/txt_UDF7'

2023-02-17 22:01:11 - [MESSAGE][PASSED] - Text 'UDF Data 8' is set on object 'Object Repository/VLink/Page_CCSale/txt_UDF8'

2023-02-17 22:01:12 - [MESSAGE][PASSED] - Text 'UDF Data 9' is set on object 'Object Repository/VLink/Page_CCSale/txt_UDF9'

2023-02-17 22:01:12 - [MESSAGE][PASSED] - Text 'UDF Data 10' is set on object 'Object Repository/VLink/Page_CCSale/txt_UDF10'

2023-02-17 22:01:14 - [MESSAGE][PASSED] - Object: 'Object Repository/VLink/Page_CCSale/btn_ProcessVLinkTransaction' is clicked on

2023-02-17 22:01:19 - [MESSAGE][PASSED] - vlinkPages.saleCCPage.setDataSCC is PASSED

2023-02-17 22:01:19 - [TEST_STEP][PASSED] - if (verifyTextPresent("Transaction approved, no errors", true)): null

2023-02-17 22:01:19 - [MESSAGE][PASSED] - Text 'Transaction approved, no errors' is present on page  using regular expression

2023-02-17 22:01:19 - [TEST_STEP][PASSED] - println("Transaction Approved, no errors text is present on the Confirmation page"): null

2023-02-17 22:01:19 - [TEST_STEP][PASSED] - out.println("Pass Record Number: " + row): null

2023-02-17 22:01:19 - [TEST_STEP][PASSED] - resText = "Pass": null

2023-02-17 22:01:19 - [TEST_STEP][PASSED] - pages.WriteExcel.demoKey(resText, datText, resColumn, datCloumn, fileLoc, nameSheet, row): pages.WriteExcel.demoKey is PASSED

2023-02-17 22:01:19 - [MESSAGE][PASSED] - pages.WriteExcel.demoKey is PASSED

2023-02-17 22:01:19 - [TEST_STEP][PASSED] - sdfo = getText(findTestObject("Object Repository/Page_VLinkReceipt/pre_STX")): Text of object 'Object Repository/Page_VLinkReceipt/pre_STX' is: '<STX>pC6VOG9v3jIB                  12127368            0  Transaction approved, no errors                   0                                                                                  YPVTLMC1   <ETX>'

2023-02-17 22:01:20 - [MESSAGE][PASSED] - Text of object 'Object Repository/Page_VLinkReceipt/pre_STX' is: '<STX>pC6VOG9v3jIB                  12127368            0  Transaction approved, no errors                   0                                                                                  YPVTLMC1   <ETX>'

2023-02-17 22:01:20 - [TEST_STEP][PASSED] - out.println("sdfo: " + sdfo): null

2023-02-17 22:01:20 - [TEST_STEP][PASSED] - remID = substring(5, 35).trim(): null

2023-02-17 22:01:20 - [TEST_STEP][PASSED] - out.println("Remittance ID: " + remID): null

2023-02-17 22:01:20 - [TEST_STEP][PASSED] - traxID = substring(35, 55).trim(): null

2023-02-17 22:01:20 - [TEST_STEP][PASSED] - out.println("Transaction ID: " + traxID): null

2023-02-17 22:01:20 - [TEST_STEP][PASSED] - out.println("End Record Number: " + row): null

2023-02-17 22:01:20 - [TEST_STEP][PASSED] - closeBrowser(): Browser is closed

2023-02-17 22:01:21 - [MESSAGE][PASSED] - Browser is closed

2023-02-17 22:01:21 - [TEST_STEP][PASSED] - ExecuteTC = findTestData(dataFile).getValue("Execute", row): null

2023-02-17 22:01:21 - [TEST_STEP][PASSED] - out.println("Value of Execute is : " + ExecuteTC): null

2023-02-17 22:01:21 - [TEST_STEP][PASSED] - if (ExecuteTC.equalsIgnoreCase("Y")): Browser is closed

2023-02-17 22:01:21 - [TEST_STEP][PASSED] - out.println("Begin Record Number: " + row): null

2023-02-17 22:01:21 - [TEST_STEP][PASSED] - today = new java.util.Date(): null

2023-02-17 22:01:21 - [TEST_STEP][PASSED] - println(today): null

2023-02-17 22:01:21 - [TEST_STEP][PASSED] - datText = today: null

2023-02-17 22:01:21 - [TEST_STEP][PASSED] - openBrowser(VLinkURL + "authcap.html"): Browser is opened with url: 'https://dev-algorithm.govolution.com/vlinktest/QA/version_2_0/authcap.html'

2023-02-17 22:01:21 - [MESSAGE][INFO] - Starting 'Chrome' driver

2023-02-17 22:01:21 - [MESSAGE][INFO] - User set preference: ['acceptInsecureCerts', 'true']

2023-02-17 22:01:21 - [MESSAGE][INFO] - Action delay is set to 0 milliseconds

2023-02-17 22:01:23 - [MESSAGE][PASSED] - Browser is opened with url: 'https://dev-algorithm.govolution.com/vlinktest/QA/version_2_0/authcap.html'

2023-02-17 22:01:23 - [TEST_STEP][PASSED] - maximizeWindow(): Current window maximized

2023-02-17 22:01:23 - [MESSAGE][PASSED] - Current window maximized

2023-02-17 22:01:23 - [TEST_STEP][PASSED] - vlinkPages.saleCCPage.setDataSCC(row, dataFile): vlinkPages.saleCCPage.setDataSCC is PASSED

2023-02-17 22:01:26 - [MESSAGE][PASSED] - Object 'Object Repository/VLink/Page_CCSale/txt_CardNumber' is present

2023-02-17 22:01:26 - [MESSAGE][PASSED] - Text '104' is set on object 'Object Repository/VLink/Page_CCSale/txt_TransactionType'

2023-02-17 22:01:27 - [MESSAGE][PASSED] - Text '2.0C' is set on object 'Object Repository/VLink/Page_CCSale/txt_MessageVersion'

2023-02-17 22:01:28 - [MESSAGE][PASSED] - Text 'LUQo04agwyKd' is set on object 'Object Repository/VLink/Page_CCSale/txt_RemID'

2023-02-17 22:01:28 - [MESSAGE][PASSED] - Text '87' is set on object 'Object Repository/VLink/Page_CCSale/txt_ApplicationId'

2023-02-17 22:01:29 - [MESSAGE][PASSED] - Text 'username' is set on object 'Object Repository/VLink/Page_CCSale/txt_Username'

2023-02-17 22:01:29 - [MESSAGE][PASSED] - Text 'password' is set on object 'Object Repository/VLink/Page_CCSale/txt_Password'

2023-02-17 22:01:30 - [MESSAGE][PASSED] - Text 'fixed_width' is set on object 'Object Repository/VLink/Page_CCSale/txt_ResponseFormat'

2023-02-17 22:01:31 - [MESSAGE][PASSED] - Text 'RETL' is set on object 'Object Repository/VLink/Page_CCSale/txt_Category'

2023-02-17 22:01:31 - [MESSAGE][PASSED] - Text '' is set on object 'Object Repository/VLink/Page_CCSale/txt_TransactionID'

2023-02-17 22:01:32 - [MESSAGE][PASSED] - Text '' is set on object 'Object Repository/VLink/Page_CCSale/txt_ApprovalCode'

2023-02-17 22:01:33 - [MESSAGE][PASSED] - Text 'Kris Roshan' is set on object 'Object Repository/VLink/Page_CCSale/txt_CardName'

2023-02-17 22:01:33 - [MESSAGE][PASSED] - Text '258 Elm Road' is set on object 'Object Repository/VLink/Page_CCSale/txt_AL1'

2023-02-17 22:01:34 - [MESSAGE][PASSED] - Text 'Suite 56' is set on object 'Object Repository/VLink/Page_CCSale/txt_AL2'

2023-02-17 22:01:35 - [MESSAGE][PASSED] - Text 'Arlington' is set on object 'Object Repository/VLink/Page_CCSale/txt_CardCity'

2023-02-17 22:01:35 - [MESSAGE][PASSED] - Text 'VA' is set on object 'Object Repository/VLink/Page_CCSale/txt_CardState'

2023-02-17 22:01:36 - [MESSAGE][PASSED] - Text '22201' is set on object 'Object Repository/VLink/Page_CCSale/txt_CardZIP'

2023-02-17 22:01:37 - [MESSAGE][PASSED] - Text '840' is set on object 'Object Repository/VLink/Page_CCSale/txt_CountryID'

2023-02-17 22:01:37 - [MESSAGE][PASSED] - Text '1.50' is set on object 'Object Repository/VLink/Page_CCSale/txt_Amount'

2023-02-17 22:01:38 - [MESSAGE][PASSED] - Text '5146312200000035' is set on object 'Object Repository/VLink/Page_CCSale/txt_CardNumber'

2023-02-17 22:01:39 - [MESSAGE][PASSED] - Text '12' is set on object 'Object Repository/VLink/Page_CCSale/txt_ExpMonth'

2023-02-17 22:01:39 - [MESSAGE][PASSED] - Text '2025' is set on object 'Object Repository/VLink/Page_CCSale/txt_ExpYear'

2023-02-17 22:01:40 - [MESSAGE][PASSED] - Text '' is set on object 'Object Repository/VLink/Page_CCSale/txt_CVV'

2023-02-17 22:01:41 - [MESSAGE][PASSED] - Text '' is set on object 'Object Repository/VLink/Page_CCSale/txt_CVVstate'

2023-02-17 22:01:41 - [MESSAGE][PASSED] - Text '' is set on object 'Object Repository/VLink/Page_CCSale/txt_TrackData'

2023-02-17 22:01:42 - [MESSAGE][PASSED] - Text '' is set on object 'Object Repository/VLink/Page_CCSale/txt_Track1Data'

2023-02-17 22:01:43 - [MESSAGE][PASSED] - Text '' is set on object 'Object Repository/VLink/Page_CCSale/txt_Track2Data'

2023-02-17 22:01:43 - [MESSAGE][PASSED] - Text 'manual' is set on object 'Object Repository/VLink/Page_CCSale/txt_POSEntryMode'

2023-02-17 22:01:44 - [MESSAGE][PASSED] - Text 'iahmed@govolution.com' is set on object 'Object Repository/VLink/Page_CCSale/txt_Email'

2023-02-17 22:01:45 - [MESSAGE][PASSED] - Text '2569362' is set on object 'Object Repository/VLink/Page_CCSale/txt_OrderNumber'

2023-02-17 22:01:45 - [MESSAGE][PASSED] - Text '1.15' is set on object 'Object Repository/VLink/Page_CCSale/txt_TaxAmount'

2023-02-17 22:01:46 - [MESSAGE][PASSED] - Text 'Charge Description' is set on object 'Object Repository/VLink/Page_CCSale/txt_ChargeDescription'

2023-02-17 22:01:47 - [MESSAGE][PASSED] - Text '147357' is set on object 'Object Repository/VLink/Page_CCSale/txt_CAN'

2023-02-17 22:01:47 - [MESSAGE][PASSED] - Text '1' is set on object 'Object Repository/VLink/Page_CCSale/txt_BillPaymentIndicator'

2023-02-17 22:01:48 - [MESSAGE][PASSED] - Text 'UDF Data 1' is set on object 'Object Repository/VLink/Page_CCSale/txt_UDF1'

2023-02-17 22:01:49 - [MESSAGE][PASSED] - Text 'UDF Data 2' is set on object 'Object Repository/VLink/Page_CCSale/txt_UDF2'

2023-02-17 22:01:50 - [MESSAGE][PASSED] - Text 'UDF Data 3' is set on object 'Object Repository/VLink/Page_CCSale/txt_UDF3'

2023-02-17 22:01:50 - [MESSAGE][PASSED] - Text 'UDF Data 4' is set on object 'Object Repository/VLink/Page_CCSale/txt_UDF4'

2023-02-17 22:01:51 - [MESSAGE][PASSED] - Text 'UDF Data 5' is set on object 'Object Repository/VLink/Page_CCSale/txt_UDF5'

2023-02-17 22:01:52 - [MESSAGE][PASSED] - Text 'UDF Data 6' is set on object 'Object Repository/VLink/Page_CCSale/txt_UDF6'

2023-02-17 22:01:52 - [MESSAGE][PASSED] - Text 'UDF Data 7' is set on object 'Object Repository/VLink/Page_CCSale/txt_UDF7'

2023-02-17 22:01:53 - [MESSAGE][PASSED] - Text 'UDF Data 8' is set on object 'Object Repository/VLink/Page_CCSale/txt_UDF8'

2023-02-17 22:01:54 - [MESSAGE][PASSED] - Text 'UDF Data 9' is set on object 'Object Repository/VLink/Page_CCSale/txt_UDF9'

2023-02-17 22:01:54 - [MESSAGE][PASSED] - Text 'UDF Data 10' is set on object 'Object Repository/VLink/Page_CCSale/txt_UDF10'

2023-02-17 22:01:56 - [MESSAGE][PASSED] - Object: 'Object Repository/VLink/Page_CCSale/btn_ProcessVLinkTransaction' is clicked on

2023-02-17 22:02:01 - [MESSAGE][PASSED] - vlinkPages.saleCCPage.setDataSCC is PASSED

2023-02-17 22:02:01 - [TEST_STEP][PASSED] - if (verifyTextPresent("Transaction approved, no errors", true)): null

2023-02-17 22:02:01 - [MESSAGE][PASSED] - Text 'Transaction approved, no errors' is present on page  using regular expression

2023-02-17 22:02:01 - [TEST_STEP][PASSED] - println("Transaction Approved, no errors text is present on the Confirmation page"): null

2023-02-17 22:02:01 - [TEST_STEP][PASSED] - out.println("Pass Record Number: " + row): null

2023-02-17 22:02:01 - [TEST_STEP][PASSED] - resText = "Pass": null

2023-02-17 22:02:01 - [TEST_STEP][PASSED] - pages.WriteExcel.demoKey(resText, datText, resColumn, datCloumn, fileLoc, nameSheet, row): pages.WriteExcel.demoKey is PASSED

2023-02-17 22:02:01 - [MESSAGE][PASSED] - pages.WriteExcel.demoKey is PASSED

2023-02-17 22:02:01 - [TEST_STEP][PASSED] - sdfo = getText(findTestObject("Object Repository/Page_VLinkReceipt/pre_STX")): Text of object 'Object Repository/Page_VLinkReceipt/pre_STX' is: '<STX>LUQo04agwyKd                  12127369            0  Transaction approved, no errors                   0                                                                                  YPVTLMC1   <ETX>'

2023-02-17 22:02:02 - [MESSAGE][PASSED] - Text of object 'Object Repository/Page_VLinkReceipt/pre_STX' is: '<STX>LUQo04agwyKd                  12127369            0  Transaction approved, no errors                   0                                                                                  YPVTLMC1   <ETX>'

2023-02-17 22:02:02 - [TEST_STEP][PASSED] - out.println("sdfo: " + sdfo): null

2023-02-17 22:02:02 - [TEST_STEP][PASSED] - remID = substring(5, 35).trim(): null

2023-02-17 22:02:02 - [TEST_STEP][PASSED] - out.println("Remittance ID: " + remID): null

2023-02-17 22:02:02 - [TEST_STEP][PASSED] - traxID = substring(35, 55).trim(): null

2023-02-17 22:02:02 - [TEST_STEP][PASSED] - out.println("Transaction ID: " + traxID): null

2023-02-17 22:02:02 - [TEST_STEP][PASSED] - out.println("End Record Number: " + row): null

2023-02-17 22:02:02 - [TEST_STEP][PASSED] - closeBrowser(): Browser is closed

2023-02-17 22:02:03 - [MESSAGE][PASSED] - Browser is closed

2023-02-17 22:02:03 - [TEST_STEP][PASSED] - ExecuteTC = findTestData(dataFile).getValue("Execute", row): null

2023-02-17 22:02:03 - [TEST_STEP][PASSED] - out.println("Value of Execute is : " + ExecuteTC): null

2023-02-17 22:02:03 - [TEST_STEP][PASSED] - if (ExecuteTC.equalsIgnoreCase("Y")): Browser is closed

2023-02-17 22:02:03 - [TEST_STEP][PASSED] - out.println("Begin Record Number: " + row): null

2023-02-17 22:02:03 - [TEST_STEP][PASSED] - today = new java.util.Date(): null

2023-02-17 22:02:03 - [TEST_STEP][PASSED] - println(today): null

2023-02-17 22:02:03 - [TEST_STEP][PASSED] - datText = today: null

2023-02-17 22:02:03 - [TEST_STEP][PASSED] - openBrowser(VLinkURL + "authcap.html"): Browser is opened with url: 'https://dev-algorithm.govolution.com/vlinktest/QA/version_2_0/authcap.html'

2023-02-17 22:02:03 - [MESSAGE][INFO] - Starting 'Chrome' driver

2023-02-17 22:02:03 - [MESSAGE][INFO] - User set preference: ['acceptInsecureCerts', 'true']

2023-02-17 22:02:03 - [MESSAGE][INFO] - Action delay is set to 0 milliseconds

2023-02-17 22:02:05 - [MESSAGE][PASSED] - Browser is opened with url: 'https://dev-algorithm.govolution.com/vlinktest/QA/version_2_0/authcap.html'

2023-02-17 22:02:05 - [TEST_STEP][PASSED] - maximizeWindow(): Current window maximized

2023-02-17 22:02:05 - [MESSAGE][PASSED] - Current window maximized

2023-02-17 22:02:05 - [TEST_STEP][PASSED] - vlinkPages.saleCCPage.setDataSCC(row, dataFile): vlinkPages.saleCCPage.setDataSCC is PASSED

2023-02-17 22:02:08 - [MESSAGE][PASSED] - Object 'Object Repository/VLink/Page_CCSale/txt_CardNumber' is present

2023-02-17 22:02:08 - [MESSAGE][PASSED] - Text '104' is set on object 'Object Repository/VLink/Page_CCSale/txt_TransactionType'

2023-02-17 22:02:09 - [MESSAGE][PASSED] - Text '2.0C' is set on object 'Object Repository/VLink/Page_CCSale/txt_MessageVersion'

2023-02-17 22:02:10 - [MESSAGE][PASSED] - Text 'hVgg73eDNN6s' is set on object 'Object Repository/VLink/Page_CCSale/txt_RemID'

2023-02-17 22:02:10 - [MESSAGE][PASSED] - Text '87' is set on object 'Object Repository/VLink/Page_CCSale/txt_ApplicationId'

2023-02-17 22:02:11 - [MESSAGE][PASSED] - Text 'username' is set on object 'Object Repository/VLink/Page_CCSale/txt_Username'

2023-02-17 22:02:11 - [MESSAGE][PASSED] - Text 'password' is set on object 'Object Repository/VLink/Page_CCSale/txt_Password'

2023-02-17 22:02:12 - [MESSAGE][PASSED] - Text 'fixed_width' is set on object 'Object Repository/VLink/Page_CCSale/txt_ResponseFormat'

2023-02-17 22:02:13 - [MESSAGE][PASSED] - Text 'ECOM' is set on object 'Object Repository/VLink/Page_CCSale/txt_Category'

2023-02-17 22:02:13 - [MESSAGE][PASSED] - Text '' is set on object 'Object Repository/VLink/Page_CCSale/txt_TransactionID'

2023-02-17 22:02:14 - [MESSAGE][PASSED] - Text '' is set on object 'Object Repository/VLink/Page_CCSale/txt_ApprovalCode'

2023-02-17 22:02:15 - [MESSAGE][PASSED] - Text 'Kris Roshan' is set on object 'Object Repository/VLink/Page_CCSale/txt_CardName'

2023-02-17 22:02:15 - [MESSAGE][PASSED] - Text '258 Elm Road' is set on object 'Object Repository/VLink/Page_CCSale/txt_AL1'

2023-02-17 22:02:16 - [MESSAGE][PASSED] - Text 'Suite 56' is set on object 'Object Repository/VLink/Page_CCSale/txt_AL2'

2023-02-17 22:02:17 - [MESSAGE][PASSED] - Text 'Arlington' is set on object 'Object Repository/VLink/Page_CCSale/txt_CardCity'

2023-02-17 22:02:17 - [MESSAGE][PASSED] - Text 'VA' is set on object 'Object Repository/VLink/Page_CCSale/txt_CardState'

2023-02-17 22:02:18 - [MESSAGE][PASSED] - Text '22201' is set on object 'Object Repository/VLink/Page_CCSale/txt_CardZIP'

2023-02-17 22:02:19 - [MESSAGE][PASSED] - Text '840' is set on object 'Object Repository/VLink/Page_CCSale/txt_CountryID'

2023-02-17 22:02:19 - [MESSAGE][PASSED] - Text '1.50' is set on object 'Object Repository/VLink/Page_CCSale/txt_Amount'

2023-02-17 22:02:20 - [MESSAGE][PASSED] - Text '371449635392376' is set on object 'Object Repository/VLink/Page_CCSale/txt_CardNumber'

2023-02-17 22:02:21 - [MESSAGE][PASSED] - Text '12' is set on object 'Object Repository/VLink/Page_CCSale/txt_ExpMonth'

2023-02-17 22:02:22 - [MESSAGE][PASSED] - Text '2025' is set on object 'Object Repository/VLink/Page_CCSale/txt_ExpYear'

2023-02-17 22:02:22 - [MESSAGE][PASSED] - Text '' is set on object 'Object Repository/VLink/Page_CCSale/txt_CVV'

2023-02-17 22:02:23 - [MESSAGE][PASSED] - Text '' is set on object 'Object Repository/VLink/Page_CCSale/txt_CVVstate'

2023-02-17 22:02:24 - [MESSAGE][PASSED] - Text '' is set on object 'Object Repository/VLink/Page_CCSale/txt_TrackData'

2023-02-17 22:02:24 - [MESSAGE][PASSED] - Text '' is set on object 'Object Repository/VLink/Page_CCSale/txt_Track1Data'

2023-02-17 22:02:25 - [MESSAGE][PASSED] - Text '' is set on object 'Object Repository/VLink/Page_CCSale/txt_Track2Data'

2023-02-17 22:02:26 - [MESSAGE][PASSED] - Text 'manual' is set on object 'Object Repository/VLink/Page_CCSale/txt_POSEntryMode'

2023-02-17 22:02:26 - [MESSAGE][PASSED] - Text 'iahmed@govolution.com' is set on object 'Object Repository/VLink/Page_CCSale/txt_Email'

2023-02-17 22:02:27 - [MESSAGE][PASSED] - Text '2569362' is set on object 'Object Repository/VLink/Page_CCSale/txt_OrderNumber'

2023-02-17 22:02:28 - [MESSAGE][PASSED] - Text '1.15' is set on object 'Object Repository/VLink/Page_CCSale/txt_TaxAmount'

2023-02-17 22:02:28 - [MESSAGE][PASSED] - Text 'Charge Description' is set on object 'Object Repository/VLink/Page_CCSale/txt_ChargeDescription'

2023-02-17 22:02:29 - [MESSAGE][PASSED] - Text '147357' is set on object 'Object Repository/VLink/Page_CCSale/txt_CAN'

2023-02-17 22:02:30 - [MESSAGE][PASSED] - Text '1' is set on object 'Object Repository/VLink/Page_CCSale/txt_BillPaymentIndicator'

2023-02-17 22:02:30 - [MESSAGE][PASSED] - Text 'UDF Data 1' is set on object 'Object Repository/VLink/Page_CCSale/txt_UDF1'

2023-02-17 22:02:31 - [MESSAGE][PASSED] - Text 'UDF Data 2' is set on object 'Object Repository/VLink/Page_CCSale/txt_UDF2'

2023-02-17 22:02:32 - [MESSAGE][PASSED] - Text 'UDF Data 3' is set on object 'Object Repository/VLink/Page_CCSale/txt_UDF3'

2023-02-17 22:02:32 - [MESSAGE][PASSED] - Text 'UDF Data 4' is set on object 'Object Repository/VLink/Page_CCSale/txt_UDF4'

2023-02-17 22:02:33 - [MESSAGE][PASSED] - Text 'UDF Data 5' is set on object 'Object Repository/VLink/Page_CCSale/txt_UDF5'

2023-02-17 22:02:34 - [MESSAGE][PASSED] - Text 'UDF Data 6' is set on object 'Object Repository/VLink/Page_CCSale/txt_UDF6'

2023-02-17 22:02:35 - [MESSAGE][PASSED] - Text 'UDF Data 7' is set on object 'Object Repository/VLink/Page_CCSale/txt_UDF7'

2023-02-17 22:02:35 - [MESSAGE][PASSED] - Text 'UDF Data 8' is set on object 'Object Repository/VLink/Page_CCSale/txt_UDF8'

2023-02-17 22:02:36 - [MESSAGE][PASSED] - Text 'UDF Data 9' is set on object 'Object Repository/VLink/Page_CCSale/txt_UDF9'

2023-02-17 22:02:37 - [MESSAGE][PASSED] - Text 'UDF Data 10' is set on object 'Object Repository/VLink/Page_CCSale/txt_UDF10'

2023-02-17 22:02:38 - [MESSAGE][PASSED] - Object: 'Object Repository/VLink/Page_CCSale/btn_ProcessVLinkTransaction' is clicked on

2023-02-17 22:02:43 - [MESSAGE][PASSED] - vlinkPages.saleCCPage.setDataSCC is PASSED

2023-02-17 22:02:43 - [TEST_STEP][PASSED] - if (verifyTextPresent("Transaction approved, no errors", true)): null

2023-02-17 22:02:44 - [MESSAGE][PASSED] - Text 'Transaction approved, no errors' is present on page  using regular expression

2023-02-17 22:02:44 - [TEST_STEP][PASSED] - println("Transaction Approved, no errors text is present on the Confirmation page"): null

2023-02-17 22:02:44 - [TEST_STEP][PASSED] - out.println("Pass Record Number: " + row): null

2023-02-17 22:02:44 - [TEST_STEP][PASSED] - resText = "Pass": null

2023-02-17 22:02:44 - [TEST_STEP][PASSED] - pages.WriteExcel.demoKey(resText, datText, resColumn, datCloumn, fileLoc, nameSheet, row): pages.WriteExcel.demoKey is PASSED

2023-02-17 22:02:44 - [MESSAGE][PASSED] - pages.WriteExcel.demoKey is PASSED

2023-02-17 22:02:44 - [TEST_STEP][PASSED] - sdfo = getText(findTestObject("Object Repository/Page_VLinkReceipt/pre_STX")): Text of object 'Object Repository/Page_VLinkReceipt/pre_STX' is: '<STX>hVgg73eDNN6s                  12127370            0  Transaction approved, no errors                   0                                                                                  N AXS912   <ETX>'

2023-02-17 22:02:44 - [MESSAGE][PASSED] - Text of object 'Object Repository/Page_VLinkReceipt/pre_STX' is: '<STX>hVgg73eDNN6s                  12127370            0  Transaction approved, no errors                   0                                                                                  N AXS912   <ETX>'

2023-02-17 22:02:44 - [TEST_STEP][PASSED] - out.println("sdfo: " + sdfo): null

2023-02-17 22:02:44 - [TEST_STEP][PASSED] - remID = substring(5, 35).trim(): null

2023-02-17 22:02:44 - [TEST_STEP][PASSED] - out.println("Remittance ID: " + remID): null

2023-02-17 22:02:44 - [TEST_STEP][PASSED] - traxID = substring(35, 55).trim(): null

2023-02-17 22:02:44 - [TEST_STEP][PASSED] - out.println("Transaction ID: " + traxID): null

2023-02-17 22:02:44 - [TEST_STEP][PASSED] - out.println("End Record Number: " + row): null

2023-02-17 22:02:44 - [TEST_STEP][PASSED] - closeBrowser(): Browser is closed

2023-02-17 22:02:45 - [MESSAGE][PASSED] - Browser is closed

2023-02-17 22:02:45 - [TEST_STEP][PASSED] - ExecuteTC = findTestData(dataFile).getValue("Execute", row): null

2023-02-17 22:02:45 - [TEST_STEP][PASSED] - out.println("Value of Execute is : " + ExecuteTC): null

2023-02-17 22:02:45 - [TEST_STEP][PASSED] - if (ExecuteTC.equalsIgnoreCase("Y")): Browser is closed

2023-02-17 22:02:45 - [TEST_STEP][PASSED] - out.println("Begin Record Number: " + row): null

2023-02-17 22:02:45 - [TEST_STEP][PASSED] - today = new java.util.Date(): null

2023-02-17 22:02:45 - [TEST_STEP][PASSED] - println(today): null

2023-02-17 22:02:45 - [TEST_STEP][PASSED] - datText = today: null

2023-02-17 22:02:45 - [TEST_STEP][PASSED] - openBrowser(VLinkURL + "authcap.html"): Browser is opened with url: 'https://dev-algorithm.govolution.com/vlinktest/QA/version_2_0/authcap.html'

2023-02-17 22:02:45 - [MESSAGE][INFO] - Starting 'Chrome' driver

2023-02-17 22:02:45 - [MESSAGE][INFO] - User set preference: ['acceptInsecureCerts', 'true']

2023-02-17 22:02:45 - [MESSAGE][INFO] - Action delay is set to 0 milliseconds

2023-02-17 22:02:47 - [MESSAGE][PASSED] - Browser is opened with url: 'https://dev-algorithm.govolution.com/vlinktest/QA/version_2_0/authcap.html'

2023-02-17 22:02:47 - [TEST_STEP][PASSED] - maximizeWindow(): Current window maximized

2023-02-17 22:02:47 - [MESSAGE][PASSED] - Current window maximized

2023-02-17 22:02:47 - [TEST_STEP][PASSED] - vlinkPages.saleCCPage.setDataSCC(row, dataFile): vlinkPages.saleCCPage.setDataSCC is PASSED

2023-02-17 22:02:50 - [MESSAGE][PASSED] - Object 'Object Repository/VLink/Page_CCSale/txt_CardNumber' is present

2023-02-17 22:02:50 - [MESSAGE][PASSED] - Text '104' is set on object 'Object Repository/VLink/Page_CCSale/txt_TransactionType'

2023-02-17 22:02:51 - [MESSAGE][PASSED] - Text '2.0C' is set on object 'Object Repository/VLink/Page_CCSale/txt_MessageVersion'

2023-02-17 22:02:52 - [MESSAGE][PASSED] - Text '2iHIAT5t6HrO' is set on object 'Object Repository/VLink/Page_CCSale/txt_RemID'

2023-02-17 22:02:52 - [MESSAGE][PASSED] - Text '87' is set on object 'Object Repository/VLink/Page_CCSale/txt_ApplicationId'

2023-02-17 22:02:53 - [MESSAGE][PASSED] - Text 'username' is set on object 'Object Repository/VLink/Page_CCSale/txt_Username'

2023-02-17 22:02:54 - [MESSAGE][PASSED] - Text 'password' is set on object 'Object Repository/VLink/Page_CCSale/txt_Password'

2023-02-17 22:02:54 - [MESSAGE][PASSED] - Text 'fixed_width' is set on object 'Object Repository/VLink/Page_CCSale/txt_ResponseFormat'

2023-02-17 22:02:55 - [MESSAGE][PASSED] - Text 'MOTO' is set on object 'Object Repository/VLink/Page_CCSale/txt_Category'

2023-02-17 22:02:55 - [MESSAGE][PASSED] - Text '' is set on object 'Object Repository/VLink/Page_CCSale/txt_TransactionID'

2023-02-17 22:02:56 - [MESSAGE][PASSED] - Text '' is set on object 'Object Repository/VLink/Page_CCSale/txt_ApprovalCode'

2023-02-17 22:02:57 - [MESSAGE][PASSED] - Text 'Kris Roshan' is set on object 'Object Repository/VLink/Page_CCSale/txt_CardName'

2023-02-17 22:02:58 - [MESSAGE][PASSED] - Text '258 Elm Road' is set on object 'Object Repository/VLink/Page_CCSale/txt_AL1'

2023-02-17 22:02:58 - [MESSAGE][PASSED] - Text 'Suite 56' is set on object 'Object Repository/VLink/Page_CCSale/txt_AL2'

2023-02-17 22:02:59 - [MESSAGE][PASSED] - Text 'Arlington' is set on object 'Object Repository/VLink/Page_CCSale/txt_CardCity'

2023-02-17 22:03:00 - [MESSAGE][PASSED] - Text 'VA' is set on object 'Object Repository/VLink/Page_CCSale/txt_CardState'

2023-02-17 22:03:00 - [MESSAGE][PASSED] - Text '22201' is set on object 'Object Repository/VLink/Page_CCSale/txt_CardZIP'

2023-02-17 22:03:01 - [MESSAGE][PASSED] - Text '840' is set on object 'Object Repository/VLink/Page_CCSale/txt_CountryID'

2023-02-17 22:03:02 - [MESSAGE][PASSED] - Text '1.50' is set on object 'Object Repository/VLink/Page_CCSale/txt_Amount'

2023-02-17 22:03:02 - [MESSAGE][PASSED] - Text '371449635392376' is set on object 'Object Repository/VLink/Page_CCSale/txt_CardNumber'

2023-02-17 22:03:03 - [MESSAGE][PASSED] - Text '12' is set on object 'Object Repository/VLink/Page_CCSale/txt_ExpMonth'

2023-02-17 22:03:04 - [MESSAGE][PASSED] - Text '2025' is set on object 'Object Repository/VLink/Page_CCSale/txt_ExpYear'

2023-02-17 22:03:04 - [MESSAGE][PASSED] - Text '' is set on object 'Object Repository/VLink/Page_CCSale/txt_CVV'

2023-02-17 22:03:05 - [MESSAGE][PASSED] - Text '' is set on object 'Object Repository/VLink/Page_CCSale/txt_CVVstate'

2023-02-17 22:03:06 - [MESSAGE][PASSED] - Text '' is set on object 'Object Repository/VLink/Page_CCSale/txt_TrackData'

2023-02-17 22:03:06 - [MESSAGE][PASSED] - Text '' is set on object 'Object Repository/VLink/Page_CCSale/txt_Track1Data'

2023-02-17 22:03:07 - [MESSAGE][PASSED] - Text '' is set on object 'Object Repository/VLink/Page_CCSale/txt_Track2Data'

2023-02-17 22:03:08 - [MESSAGE][PASSED] - Text 'manual' is set on object 'Object Repository/VLink/Page_CCSale/txt_POSEntryMode'

2023-02-17 22:03:08 - [MESSAGE][PASSED] - Text 'iahmed@govolution.com' is set on object 'Object Repository/VLink/Page_CCSale/txt_Email'

2023-02-17 22:03:09 - [MESSAGE][PASSED] - Text '2569362' is set on object 'Object Repository/VLink/Page_CCSale/txt_OrderNumber'

2023-02-17 22:03:10 - [MESSAGE][PASSED] - Text '1.15' is set on object 'Object Repository/VLink/Page_CCSale/txt_TaxAmount'

2023-02-17 22:03:10 - [MESSAGE][PASSED] - Text 'Charge Description' is set on object 'Object Repository/VLink/Page_CCSale/txt_ChargeDescription'

2023-02-17 22:03:11 - [MESSAGE][PASSED] - Text '147357' is set on object 'Object Repository/VLink/Page_CCSale/txt_CAN'

2023-02-17 22:03:12 - [MESSAGE][PASSED] - Text '1' is set on object 'Object Repository/VLink/Page_CCSale/txt_BillPaymentIndicator'

2023-02-17 22:03:13 - [MESSAGE][PASSED] - Text 'UDF Data 1' is set on object 'Object Repository/VLink/Page_CCSale/txt_UDF1'

2023-02-17 22:03:13 - [MESSAGE][PASSED] - Text 'UDF Data 2' is set on object 'Object Repository/VLink/Page_CCSale/txt_UDF2'

2023-02-17 22:03:14 - [MESSAGE][PASSED] - Text 'UDF Data 3' is set on object 'Object Repository/VLink/Page_CCSale/txt_UDF3'

2023-02-17 22:03:15 - [MESSAGE][PASSED] - Text 'UDF Data 4' is set on object 'Object Repository/VLink/Page_CCSale/txt_UDF4'

2023-02-17 22:03:15 - [MESSAGE][PASSED] - Text 'UDF Data 5' is set on object 'Object Repository/VLink/Page_CCSale/txt_UDF5'

2023-02-17 22:03:16 - [MESSAGE][PASSED] - Text 'UDF Data 6' is set on object 'Object Repository/VLink/Page_CCSale/txt_UDF6'

2023-02-17 22:03:17 - [MESSAGE][PASSED] - Text 'UDF Data 7' is set on object 'Object Repository/VLink/Page_CCSale/txt_UDF7'

2023-02-17 22:03:17 - [MESSAGE][PASSED] - Text 'UDF Data 8' is set on object 'Object Repository/VLink/Page_CCSale/txt_UDF8'

2023-02-17 22:03:18 - [MESSAGE][PASSED] - Text 'UDF Data 9' is set on object 'Object Repository/VLink/Page_CCSale/txt_UDF9'

2023-02-17 22:03:19 - [MESSAGE][PASSED] - Text 'UDF Data 10' is set on object 'Object Repository/VLink/Page_CCSale/txt_UDF10'

2023-02-17 22:03:21 - [MESSAGE][PASSED] - Object: 'Object Repository/VLink/Page_CCSale/btn_ProcessVLinkTransaction' is clicked on

2023-02-17 22:03:26 - [MESSAGE][PASSED] - vlinkPages.saleCCPage.setDataSCC is PASSED

2023-02-17 22:03:26 - [TEST_STEP][PASSED] - if (verifyTextPresent("Transaction approved, no errors", true)): null

2023-02-17 22:03:26 - [MESSAGE][PASSED] - Text 'Transaction approved, no errors' is present on page  using regular expression

2023-02-17 22:03:26 - [TEST_STEP][PASSED] - println("Transaction Approved, no errors text is present on the Confirmation page"): null

2023-02-17 22:03:26 - [TEST_STEP][PASSED] - out.println("Pass Record Number: " + row): null

2023-02-17 22:03:26 - [TEST_STEP][PASSED] - resText = "Pass": null

2023-02-17 22:03:26 - [TEST_STEP][PASSED] - pages.WriteExcel.demoKey(resText, datText, resColumn, datCloumn, fileLoc, nameSheet, row): pages.WriteExcel.demoKey is PASSED

2023-02-17 22:03:26 - [MESSAGE][PASSED] - pages.WriteExcel.demoKey is PASSED

2023-02-17 22:03:26 - [TEST_STEP][PASSED] - sdfo = getText(findTestObject("Object Repository/Page_VLinkReceipt/pre_STX")): Text of object 'Object Repository/Page_VLinkReceipt/pre_STX' is: '<STX>2iHIAT5t6HrO                  12127371            0  Transaction approved, no errors                   0                                                                                  N AXS913   <ETX>'

2023-02-17 22:03:26 - [MESSAGE][PASSED] - Text of object 'Object Repository/Page_VLinkReceipt/pre_STX' is: '<STX>2iHIAT5t6HrO                  12127371            0  Transaction approved, no errors                   0                                                                                  N AXS913   <ETX>'

2023-02-17 22:03:26 - [TEST_STEP][PASSED] - out.println("sdfo: " + sdfo): null

2023-02-17 22:03:26 - [TEST_STEP][PASSED] - remID = substring(5, 35).trim(): null

2023-02-17 22:03:26 - [TEST_STEP][PASSED] - out.println("Remittance ID: " + remID): null

2023-02-17 22:03:26 - [TEST_STEP][PASSED] - traxID = substring(35, 55).trim(): null

2023-02-17 22:03:26 - [TEST_STEP][PASSED] - out.println("Transaction ID: " + traxID): null

2023-02-17 22:03:26 - [TEST_STEP][PASSED] - out.println("End Record Number: " + row): null

2023-02-17 22:03:26 - [TEST_STEP][PASSED] - closeBrowser(): Browser is closed

2023-02-17 22:03:27 - [MESSAGE][PASSED] - Browser is closed

2023-02-17 22:03:27 - [TEST_STEP][PASSED] - ExecuteTC = findTestData(dataFile).getValue("Execute", row): null

2023-02-17 22:03:27 - [TEST_STEP][PASSED] - out.println("Value of Execute is : " + ExecuteTC): null

2023-02-17 22:03:27 - [TEST_STEP][PASSED] - if (ExecuteTC.equalsIgnoreCase("Y")): Browser is closed

2023-02-17 22:03:27 - [TEST_STEP][PASSED] - out.println("Begin Record Number: " + row): null

2023-02-17 22:03:27 - [TEST_STEP][PASSED] - today = new java.util.Date(): null

2023-02-17 22:03:27 - [TEST_STEP][PASSED] - println(today): null

2023-02-17 22:03:27 - [TEST_STEP][PASSED] - datText = today: null

2023-02-17 22:03:27 - [TEST_STEP][PASSED] - openBrowser(VLinkURL + "authcap.html"): Browser is opened with url: 'https://dev-algorithm.govolution.com/vlinktest/QA/version_2_0/authcap.html'

2023-02-17 22:03:27 - [MESSAGE][INFO] - Starting 'Chrome' driver

2023-02-17 22:03:27 - [MESSAGE][INFO] - User set preference: ['acceptInsecureCerts', 'true']

2023-02-17 22:03:27 - [MESSAGE][INFO] - Action delay is set to 0 milliseconds

2023-02-17 22:03:29 - [MESSAGE][PASSED] - Browser is opened with url: 'https://dev-algorithm.govolution.com/vlinktest/QA/version_2_0/authcap.html'

2023-02-17 22:03:29 - [TEST_STEP][PASSED] - maximizeWindow(): Current window maximized

2023-02-17 22:03:29 - [MESSAGE][PASSED] - Current window maximized

2023-02-17 22:03:29 - [TEST_STEP][PASSED] - vlinkPages.saleCCPage.setDataSCC(row, dataFile): vlinkPages.saleCCPage.setDataSCC is PASSED

2023-02-17 22:03:32 - [MESSAGE][PASSED] - Object 'Object Repository/VLink/Page_CCSale/txt_CardNumber' is present

2023-02-17 22:03:33 - [MESSAGE][PASSED] - Text '104' is set on object 'Object Repository/VLink/Page_CCSale/txt_TransactionType'

2023-02-17 22:03:33 - [MESSAGE][PASSED] - Text '2.0C' is set on object 'Object Repository/VLink/Page_CCSale/txt_MessageVersion'

2023-02-17 22:03:34 - [MESSAGE][PASSED] - Text 'LAfc7CUALlyQ' is set on object 'Object Repository/VLink/Page_CCSale/txt_RemID'

2023-02-17 22:03:35 - [MESSAGE][PASSED] - Text '87' is set on object 'Object Repository/VLink/Page_CCSale/txt_ApplicationId'

2023-02-17 22:03:35 - [MESSAGE][PASSED] - Text 'username' is set on object 'Object Repository/VLink/Page_CCSale/txt_Username'

2023-02-17 22:03:36 - [MESSAGE][PASSED] - Text 'password' is set on object 'Object Repository/VLink/Page_CCSale/txt_Password'

2023-02-17 22:03:36 - [MESSAGE][PASSED] - Text 'fixed_width' is set on object 'Object Repository/VLink/Page_CCSale/txt_ResponseFormat'

2023-02-17 22:03:37 - [MESSAGE][PASSED] - Text 'RETL' is set on object 'Object Repository/VLink/Page_CCSale/txt_Category'

2023-02-17 22:03:38 - [MESSAGE][PASSED] - Text '' is set on object 'Object Repository/VLink/Page_CCSale/txt_TransactionID'

2023-02-17 22:03:38 - [MESSAGE][PASSED] - Text '' is set on object 'Object Repository/VLink/Page_CCSale/txt_ApprovalCode'

2023-02-17 22:03:39 - [MESSAGE][PASSED] - Text 'Kris Roshan' is set on object 'Object Repository/VLink/Page_CCSale/txt_CardName'

2023-02-17 22:03:40 - [MESSAGE][PASSED] - Text '258 Elm Road' is set on object 'Object Repository/VLink/Page_CCSale/txt_AL1'

2023-02-17 22:03:41 - [MESSAGE][PASSED] - Text 'Suite 56' is set on object 'Object Repository/VLink/Page_CCSale/txt_AL2'

2023-02-17 22:03:41 - [MESSAGE][PASSED] - Text 'Arlington' is set on object 'Object Repository/VLink/Page_CCSale/txt_CardCity'

2023-02-17 22:03:42 - [MESSAGE][PASSED] - Text 'VA' is set on object 'Object Repository/VLink/Page_CCSale/txt_CardState'

2023-02-17 22:03:43 - [MESSAGE][PASSED] - Text '22201' is set on object 'Object Repository/VLink/Page_CCSale/txt_CardZIP'

2023-02-17 22:03:43 - [MESSAGE][PASSED] - Text '840' is set on object 'Object Repository/VLink/Page_CCSale/txt_CountryID'

2023-02-17 22:03:44 - [MESSAGE][PASSED] - Text '1.50' is set on object 'Object Repository/VLink/Page_CCSale/txt_Amount'

2023-02-17 22:03:45 - [MESSAGE][PASSED] - Text '371449635392376' is set on object 'Object Repository/VLink/Page_CCSale/txt_CardNumber'

2023-02-17 22:03:45 - [MESSAGE][PASSED] - Text '12' is set on object 'Object Repository/VLink/Page_CCSale/txt_ExpMonth'

2023-02-17 22:03:46 - [MESSAGE][PASSED] - Text '2025' is set on object 'Object Repository/VLink/Page_CCSale/txt_ExpYear'

2023-02-17 22:03:47 - [MESSAGE][PASSED] - Text '' is set on object 'Object Repository/VLink/Page_CCSale/txt_CVV'

2023-02-17 22:03:47 - [MESSAGE][PASSED] - Text '' is set on object 'Object Repository/VLink/Page_CCSale/txt_CVVstate'

2023-02-17 22:03:48 - [MESSAGE][PASSED] - Text '' is set on object 'Object Repository/VLink/Page_CCSale/txt_TrackData'

2023-02-17 22:03:49 - [MESSAGE][PASSED] - Text '' is set on object 'Object Repository/VLink/Page_CCSale/txt_Track1Data'

2023-02-17 22:03:49 - [MESSAGE][PASSED] - Text '' is set on object 'Object Repository/VLink/Page_CCSale/txt_Track2Data'

2023-02-17 22:03:50 - [MESSAGE][PASSED] - Text 'manual' is set on object 'Object Repository/VLink/Page_CCSale/txt_POSEntryMode'

2023-02-17 22:03:51 - [MESSAGE][PASSED] - Text 'iahmed@govolution.com' is set on object 'Object Repository/VLink/Page_CCSale/txt_Email'

2023-02-17 22:03:51 - [MESSAGE][PASSED] - Text '2569362' is set on object 'Object Repository/VLink/Page_CCSale/txt_OrderNumber'

2023-02-17 22:03:52 - [MESSAGE][PASSED] - Text '1.15' is set on object 'Object Repository/VLink/Page_CCSale/txt_TaxAmount'

2023-02-17 22:03:53 - [MESSAGE][PASSED] - Text 'Charge Description' is set on object 'Object Repository/VLink/Page_CCSale/txt_ChargeDescription'

2023-02-17 22:03:53 - [MESSAGE][PASSED] - Text '147357' is set on object 'Object Repository/VLink/Page_CCSale/txt_CAN'

2023-02-17 22:03:54 - [MESSAGE][PASSED] - Text '1' is set on object 'Object Repository/VLink/Page_CCSale/txt_BillPaymentIndicator'

2023-02-17 22:03:55 - [MESSAGE][PASSED] - Text 'UDF Data 1' is set on object 'Object Repository/VLink/Page_CCSale/txt_UDF1'

2023-02-17 22:03:56 - [MESSAGE][PASSED] - Text 'UDF Data 2' is set on object 'Object Repository/VLink/Page_CCSale/txt_UDF2'

2023-02-17 22:03:56 - [MESSAGE][PASSED] - Text 'UDF Data 3' is set on object 'Object Repository/VLink/Page_CCSale/txt_UDF3'

2023-02-17 22:03:57 - [MESSAGE][PASSED] - Text 'UDF Data 4' is set on object 'Object Repository/VLink/Page_CCSale/txt_UDF4'

2023-02-17 22:03:58 - [MESSAGE][PASSED] - Text 'UDF Data 5' is set on object 'Object Repository/VLink/Page_CCSale/txt_UDF5'

2023-02-17 22:03:58 - [MESSAGE][PASSED] - Text 'UDF Data 6' is set on object 'Object Repository/VLink/Page_CCSale/txt_UDF6'

2023-02-17 22:03:59 - [MESSAGE][PASSED] - Text 'UDF Data 7' is set on object 'Object Repository/VLink/Page_CCSale/txt_UDF7'

2023-02-17 22:04:00 - [MESSAGE][PASSED] - Text 'UDF Data 8' is set on object 'Object Repository/VLink/Page_CCSale/txt_UDF8'

2023-02-17 22:04:01 - [MESSAGE][PASSED] - Text 'UDF Data 9' is set on object 'Object Repository/VLink/Page_CCSale/txt_UDF9'

2023-02-17 22:04:01 - [MESSAGE][PASSED] - Text 'UDF Data 10' is set on object 'Object Repository/VLink/Page_CCSale/txt_UDF10'

2023-02-17 22:04:03 - [MESSAGE][PASSED] - Object: 'Object Repository/VLink/Page_CCSale/btn_ProcessVLinkTransaction' is clicked on

2023-02-17 22:04:08 - [MESSAGE][PASSED] - vlinkPages.saleCCPage.setDataSCC is PASSED

2023-02-17 22:04:08 - [TEST_STEP][PASSED] - if (verifyTextPresent("Transaction approved, no errors", true)): null

2023-02-17 22:04:08 - [MESSAGE][PASSED] - Text 'Transaction approved, no errors' is present on page  using regular expression

2023-02-17 22:04:08 - [TEST_STEP][PASSED] - println("Transaction Approved, no errors text is present on the Confirmation page"): null

2023-02-17 22:04:08 - [TEST_STEP][PASSED] - out.println("Pass Record Number: " + row): null

2023-02-17 22:04:08 - [TEST_STEP][PASSED] - resText = "Pass": null

2023-02-17 22:04:08 - [TEST_STEP][PASSED] - pages.WriteExcel.demoKey(resText, datText, resColumn, datCloumn, fileLoc, nameSheet, row): pages.WriteExcel.demoKey is PASSED

2023-02-17 22:04:08 - [MESSAGE][PASSED] - pages.WriteExcel.demoKey is PASSED

2023-02-17 22:04:08 - [TEST_STEP][PASSED] - sdfo = getText(findTestObject("Object Repository/Page_VLinkReceipt/pre_STX")): Text of object 'Object Repository/Page_VLinkReceipt/pre_STX' is: '<STX>LAfc7CUALlyQ                  12127372            0  Transaction approved, no errors                   0                                                                                  N AXS914   <ETX>'

2023-02-17 22:04:09 - [MESSAGE][PASSED] - Text of object 'Object Repository/Page_VLinkReceipt/pre_STX' is: '<STX>LAfc7CUALlyQ                  12127372            0  Transaction approved, no errors                   0                                                                                  N AXS914   <ETX>'

2023-02-17 22:04:09 - [TEST_STEP][PASSED] - out.println("sdfo: " + sdfo): null

2023-02-17 22:04:09 - [TEST_STEP][PASSED] - remID = substring(5, 35).trim(): null

2023-02-17 22:04:09 - [TEST_STEP][PASSED] - out.println("Remittance ID: " + remID): null

2023-02-17 22:04:09 - [TEST_STEP][PASSED] - traxID = substring(35, 55).trim(): null

2023-02-17 22:04:09 - [TEST_STEP][PASSED] - out.println("Transaction ID: " + traxID): null

2023-02-17 22:04:09 - [TEST_STEP][PASSED] - out.println("End Record Number: " + row): null

2023-02-17 22:04:09 - [TEST_STEP][PASSED] - closeBrowser(): Browser is closed

2023-02-17 22:04:10 - [MESSAGE][PASSED] - Browser is closed

2023-02-17 22:04:10 - [TEST_STEP][PASSED] - ExecuteTC = findTestData(dataFile).getValue("Execute", row): null

2023-02-17 22:04:10 - [TEST_STEP][PASSED] - out.println("Value of Execute is : " + ExecuteTC): null

2023-02-17 22:04:10 - [TEST_STEP][PASSED] - if (ExecuteTC.equalsIgnoreCase("Y")): Browser is closed

2023-02-17 22:04:10 - [TEST_STEP][PASSED] - out.println("Begin Record Number: " + row): null

2023-02-17 22:04:10 - [TEST_STEP][PASSED] - today = new java.util.Date(): null

2023-02-17 22:04:10 - [TEST_STEP][PASSED] - println(today): null

2023-02-17 22:04:10 - [TEST_STEP][PASSED] - datText = today: null

2023-02-17 22:04:10 - [TEST_STEP][PASSED] - openBrowser(VLinkURL + "authcap.html"): Browser is opened with url: 'https://dev-algorithm.govolution.com/vlinktest/QA/version_2_0/authcap.html'

2023-02-17 22:04:10 - [MESSAGE][INFO] - Starting 'Chrome' driver

2023-02-17 22:04:10 - [MESSAGE][INFO] - User set preference: ['acceptInsecureCerts', 'true']

2023-02-17 22:04:10 - [MESSAGE][INFO] - Action delay is set to 0 milliseconds

2023-02-17 22:04:11 - [MESSAGE][PASSED] - Browser is opened with url: 'https://dev-algorithm.govolution.com/vlinktest/QA/version_2_0/authcap.html'

2023-02-17 22:04:11 - [TEST_STEP][PASSED] - maximizeWindow(): Current window maximized

2023-02-17 22:04:12 - [MESSAGE][PASSED] - Current window maximized

2023-02-17 22:04:12 - [TEST_STEP][PASSED] - vlinkPages.saleCCPage.setDataSCC(row, dataFile): vlinkPages.saleCCPage.setDataSCC is PASSED

2023-02-17 22:04:14 - [MESSAGE][PASSED] - Object 'Object Repository/VLink/Page_CCSale/txt_CardNumber' is present

2023-02-17 22:04:15 - [MESSAGE][PASSED] - Text '104' is set on object 'Object Repository/VLink/Page_CCSale/txt_TransactionType'

2023-02-17 22:04:16 - [MESSAGE][PASSED] - Text '2.0C' is set on object 'Object Repository/VLink/Page_CCSale/txt_MessageVersion'

2023-02-17 22:04:16 - [MESSAGE][PASSED] - Text 'M8czlTlIxSD2' is set on object 'Object Repository/VLink/Page_CCSale/txt_RemID'

2023-02-17 22:04:17 - [MESSAGE][PASSED] - Text '87' is set on object 'Object Repository/VLink/Page_CCSale/txt_ApplicationId'

2023-02-17 22:04:18 - [MESSAGE][PASSED] - Text 'username' is set on object 'Object Repository/VLink/Page_CCSale/txt_Username'

2023-02-17 22:04:18 - [MESSAGE][PASSED] - Text 'password' is set on object 'Object Repository/VLink/Page_CCSale/txt_Password'

2023-02-17 22:04:19 - [MESSAGE][PASSED] - Text 'fixed_width' is set on object 'Object Repository/VLink/Page_CCSale/txt_ResponseFormat'

2023-02-17 22:04:19 - [MESSAGE][PASSED] - Text 'ECOM' is set on object 'Object Repository/VLink/Page_CCSale/txt_Category'

2023-02-17 22:04:20 - [MESSAGE][PASSED] - Text '' is set on object 'Object Repository/VLink/Page_CCSale/txt_TransactionID'

2023-02-17 22:04:21 - [MESSAGE][PASSED] - Text '' is set on object 'Object Repository/VLink/Page_CCSale/txt_ApprovalCode'

2023-02-17 22:04:21 - [MESSAGE][PASSED] - Text 'Kris Roshan' is set on object 'Object Repository/VLink/Page_CCSale/txt_CardName'

2023-02-17 22:04:22 - [MESSAGE][PASSED] - Text '258 Elm Road' is set on object 'Object Repository/VLink/Page_CCSale/txt_AL1'

2023-02-17 22:04:23 - [MESSAGE][PASSED] - Text 'Suite 56' is set on object 'Object Repository/VLink/Page_CCSale/txt_AL2'

2023-02-17 22:04:23 - [MESSAGE][PASSED] - Text 'Arlington' is set on object 'Object Repository/VLink/Page_CCSale/txt_CardCity'

2023-02-17 22:04:24 - [MESSAGE][PASSED] - Text 'VA' is set on object 'Object Repository/VLink/Page_CCSale/txt_CardState'

2023-02-17 22:04:25 - [MESSAGE][PASSED] - Text '22201' is set on object 'Object Repository/VLink/Page_CCSale/txt_CardZIP'

2023-02-17 22:04:26 - [MESSAGE][PASSED] - Text '840' is set on object 'Object Repository/VLink/Page_CCSale/txt_CountryID'

2023-02-17 22:04:26 - [MESSAGE][PASSED] - Text '1.50' is set on object 'Object Repository/VLink/Page_CCSale/txt_Amount'

2023-02-17 22:04:27 - [MESSAGE][PASSED] - Text '6011000993026909' is set on object 'Object Repository/VLink/Page_CCSale/txt_CardNumber'

2023-02-17 22:04:27 - [MESSAGE][PASSED] - Text '12' is set on object 'Object Repository/VLink/Page_CCSale/txt_ExpMonth'

2023-02-17 22:04:28 - [MESSAGE][PASSED] - Text '2025' is set on object 'Object Repository/VLink/Page_CCSale/txt_ExpYear'

2023-02-17 22:04:29 - [MESSAGE][PASSED] - Text '' is set on object 'Object Repository/VLink/Page_CCSale/txt_CVV'

2023-02-17 22:04:30 - [MESSAGE][PASSED] - Text '' is set on object 'Object Repository/VLink/Page_CCSale/txt_CVVstate'

2023-02-17 22:04:30 - [MESSAGE][PASSED] - Text '' is set on object 'Object Repository/VLink/Page_CCSale/txt_TrackData'

2023-02-17 22:04:31 - [MESSAGE][PASSED] - Text '' is set on object 'Object Repository/VLink/Page_CCSale/txt_Track1Data'

2023-02-17 22:04:32 - [MESSAGE][PASSED] - Text '' is set on object 'Object Repository/VLink/Page_CCSale/txt_Track2Data'

2023-02-17 22:04:32 - [MESSAGE][PASSED] - Text 'manual' is set on object 'Object Repository/VLink/Page_CCSale/txt_POSEntryMode'

2023-02-17 22:04:33 - [MESSAGE][PASSED] - Text 'iahmed@govolution.com' is set on object 'Object Repository/VLink/Page_CCSale/txt_Email'

2023-02-17 22:04:34 - [MESSAGE][PASSED] - Text '2569362' is set on object 'Object Repository/VLink/Page_CCSale/txt_OrderNumber'

2023-02-17 22:04:34 - [MESSAGE][PASSED] - Text '1.15' is set on object 'Object Repository/VLink/Page_CCSale/txt_TaxAmount'

2023-02-17 22:04:35 - [MESSAGE][PASSED] - Text 'Charge Description' is set on object 'Object Repository/VLink/Page_CCSale/txt_ChargeDescription'

2023-02-17 22:04:36 - [MESSAGE][PASSED] - Text '147357' is set on object 'Object Repository/VLink/Page_CCSale/txt_CAN'

2023-02-17 22:04:36 - [MESSAGE][PASSED] - Text '1' is set on object 'Object Repository/VLink/Page_CCSale/txt_BillPaymentIndicator'

2023-02-17 22:04:37 - [MESSAGE][PASSED] - Text 'UDF Data 1' is set on object 'Object Repository/VLink/Page_CCSale/txt_UDF1'

2023-02-17 22:04:37 - [MESSAGE][PASSED] - Text 'UDF Data 2' is set on object 'Object Repository/VLink/Page_CCSale/txt_UDF2'

2023-02-17 22:04:38 - [MESSAGE][PASSED] - Text 'UDF Data 3' is set on object 'Object Repository/VLink/Page_CCSale/txt_UDF3'

2023-02-17 22:04:39 - [MESSAGE][PASSED] - Text 'UDF Data 4' is set on object 'Object Repository/VLink/Page_CCSale/txt_UDF4'

2023-02-17 22:04:39 - [MESSAGE][PASSED] - Text 'UDF Data 5' is set on object 'Object Repository/VLink/Page_CCSale/txt_UDF5'

2023-02-17 22:04:40 - [MESSAGE][PASSED] - Text 'UDF Data 6' is set on object 'Object Repository/VLink/Page_CCSale/txt_UDF6'

2023-02-17 22:04:41 - [MESSAGE][PASSED] - Text 'UDF Data 7' is set on object 'Object Repository/VLink/Page_CCSale/txt_UDF7'

2023-02-17 22:04:42 - [MESSAGE][PASSED] - Text 'UDF Data 8' is set on object 'Object Repository/VLink/Page_CCSale/txt_UDF8'

2023-02-17 22:04:42 - [MESSAGE][PASSED] - Text 'UDF Data 9' is set on object 'Object Repository/VLink/Page_CCSale/txt_UDF9'

2023-02-17 22:04:43 - [MESSAGE][PASSED] - Text 'UDF Data 10' is set on object 'Object Repository/VLink/Page_CCSale/txt_UDF10'

2023-02-17 22:04:45 - [MESSAGE][PASSED] - Object: 'Object Repository/VLink/Page_CCSale/btn_ProcessVLinkTransaction' is clicked on

2023-02-17 22:04:50 - [MESSAGE][PASSED] - vlinkPages.saleCCPage.setDataSCC is PASSED

2023-02-17 22:04:50 - [TEST_STEP][PASSED] - if (verifyTextPresent("Transaction approved, no errors", true)): null

2023-02-17 22:04:50 - [MESSAGE][PASSED] - Text 'Transaction approved, no errors' is present on page  using regular expression

2023-02-17 22:04:50 - [TEST_STEP][PASSED] - println("Transaction Approved, no errors text is present on the Confirmation page"): null

2023-02-17 22:04:50 - [TEST_STEP][PASSED] - out.println("Pass Record Number: " + row): null

2023-02-17 22:04:50 - [TEST_STEP][PASSED] - resText = "Pass": null

2023-02-17 22:04:50 - [TEST_STEP][PASSED] - pages.WriteExcel.demoKey(resText, datText, resColumn, datCloumn, fileLoc, nameSheet, row): pages.WriteExcel.demoKey is PASSED

2023-02-17 22:04:50 - [MESSAGE][PASSED] - pages.WriteExcel.demoKey is PASSED

2023-02-17 22:04:50 - [TEST_STEP][PASSED] - sdfo = getText(findTestObject("Object Repository/Page_VLinkReceipt/pre_STX")): Text of object 'Object Repository/Page_VLinkReceipt/pre_STX' is: '<STX>M8czlTlIxSD2                  12127373            0  Transaction approved, no errors                   0                                                                                  N DSC255   <ETX>'

2023-02-17 22:04:50 - [MESSAGE][PASSED] - Text of object 'Object Repository/Page_VLinkReceipt/pre_STX' is: '<STX>M8czlTlIxSD2                  12127373            0  Transaction approved, no errors                   0                                                                                  N DSC255   <ETX>'

2023-02-17 22:04:50 - [TEST_STEP][PASSED] - out.println("sdfo: " + sdfo): null

2023-02-17 22:04:50 - [TEST_STEP][PASSED] - remID = substring(5, 35).trim(): null

2023-02-17 22:04:50 - [TEST_STEP][PASSED] - out.println("Remittance ID: " + remID): null

2023-02-17 22:04:50 - [TEST_STEP][PASSED] - traxID = substring(35, 55).trim(): null

2023-02-17 22:04:50 - [TEST_STEP][PASSED] - out.println("Transaction ID: " + traxID): null

2023-02-17 22:04:50 - [TEST_STEP][PASSED] - out.println("End Record Number: " + row): null

2023-02-17 22:04:50 - [TEST_STEP][PASSED] - closeBrowser(): Browser is closed

2023-02-17 22:04:51 - [MESSAGE][PASSED] - Browser is closed

2023-02-17 22:04:51 - [TEST_STEP][PASSED] - ExecuteTC = findTestData(dataFile).getValue("Execute", row): null

2023-02-17 22:04:51 - [TEST_STEP][PASSED] - out.println("Value of Execute is : " + ExecuteTC): null

2023-02-17 22:04:51 - [TEST_STEP][PASSED] - if (ExecuteTC.equalsIgnoreCase("Y")): Browser is closed

2023-02-17 22:04:51 - [TEST_STEP][PASSED] - out.println("Begin Record Number: " + row): null

2023-02-17 22:04:51 - [TEST_STEP][PASSED] - today = new java.util.Date(): null

2023-02-17 22:04:51 - [TEST_STEP][PASSED] - println(today): null

2023-02-17 22:04:51 - [TEST_STEP][PASSED] - datText = today: null

2023-02-17 22:04:51 - [TEST_STEP][PASSED] - openBrowser(VLinkURL + "authcap.html"): Browser is opened with url: 'https://dev-algorithm.govolution.com/vlinktest/QA/version_2_0/authcap.html'

2023-02-17 22:04:51 - [MESSAGE][INFO] - Starting 'Chrome' driver

2023-02-17 22:04:51 - [MESSAGE][INFO] - User set preference: ['acceptInsecureCerts', 'true']

2023-02-17 22:04:51 - [MESSAGE][INFO] - Action delay is set to 0 milliseconds

2023-02-17 22:04:53 - [MESSAGE][PASSED] - Browser is opened with url: 'https://dev-algorithm.govolution.com/vlinktest/QA/version_2_0/authcap.html'

2023-02-17 22:04:53 - [TEST_STEP][PASSED] - maximizeWindow(): Current window maximized

2023-02-17 22:04:53 - [MESSAGE][PASSED] - Current window maximized

2023-02-17 22:04:53 - [TEST_STEP][PASSED] - vlinkPages.saleCCPage.setDataSCC(row, dataFile): vlinkPages.saleCCPage.setDataSCC is PASSED

2023-02-17 22:04:56 - [MESSAGE][PASSED] - Object 'Object Repository/VLink/Page_CCSale/txt_CardNumber' is present

2023-02-17 22:04:57 - [MESSAGE][PASSED] - Text '104' is set on object 'Object Repository/VLink/Page_CCSale/txt_TransactionType'

2023-02-17 22:04:57 - [MESSAGE][PASSED] - Text '2.0C' is set on object 'Object Repository/VLink/Page_CCSale/txt_MessageVersion'

2023-02-17 22:04:58 - [MESSAGE][PASSED] - Text 'lKqUlU5VPQJZ' is set on object 'Object Repository/VLink/Page_CCSale/txt_RemID'

2023-02-17 22:04:59 - [MESSAGE][PASSED] - Text '87' is set on object 'Object Repository/VLink/Page_CCSale/txt_ApplicationId'

2023-02-17 22:04:59 - [MESSAGE][PASSED] - Text 'username' is set on object 'Object Repository/VLink/Page_CCSale/txt_Username'

2023-02-17 22:05:00 - [MESSAGE][PASSED] - Text 'password' is set on object 'Object Repository/VLink/Page_CCSale/txt_Password'

2023-02-17 22:05:00 - [MESSAGE][PASSED] - Text 'fixed_width' is set on object 'Object Repository/VLink/Page_CCSale/txt_ResponseFormat'

2023-02-17 22:05:01 - [MESSAGE][PASSED] - Text 'MOTO' is set on object 'Object Repository/VLink/Page_CCSale/txt_Category'

2023-02-17 22:05:02 - [MESSAGE][PASSED] - Text '' is set on object 'Object Repository/VLink/Page_CCSale/txt_TransactionID'

2023-02-17 22:05:02 - [MESSAGE][PASSED] - Text '' is set on object 'Object Repository/VLink/Page_CCSale/txt_ApprovalCode'

2023-02-17 22:05:03 - [MESSAGE][PASSED] - Text 'Kris Roshan' is set on object 'Object Repository/VLink/Page_CCSale/txt_CardName'

2023-02-17 22:05:04 - [MESSAGE][PASSED] - Text '258 Elm Road' is set on object 'Object Repository/VLink/Page_CCSale/txt_AL1'

2023-02-17 22:05:04 - [MESSAGE][PASSED] - Text 'Suite 56' is set on object 'Object Repository/VLink/Page_CCSale/txt_AL2'

2023-02-17 22:05:05 - [MESSAGE][PASSED] - Text 'Arlington' is set on object 'Object Repository/VLink/Page_CCSale/txt_CardCity'

2023-02-17 22:05:06 - [MESSAGE][PASSED] - Text 'VA' is set on object 'Object Repository/VLink/Page_CCSale/txt_CardState'

2023-02-17 22:05:07 - [MESSAGE][PASSED] - Text '22201' is set on object 'Object Repository/VLink/Page_CCSale/txt_CardZIP'

2023-02-17 22:05:07 - [MESSAGE][PASSED] - Text '840' is set on object 'Object Repository/VLink/Page_CCSale/txt_CountryID'

2023-02-17 22:05:08 - [MESSAGE][PASSED] - Text '1.50' is set on object 'Object Repository/VLink/Page_CCSale/txt_Amount'

2023-02-17 22:05:09 - [MESSAGE][PASSED] - Text '6011000993026909' is set on object 'Object Repository/VLink/Page_CCSale/txt_CardNumber'

2023-02-17 22:05:09 - [MESSAGE][PASSED] - Text '12' is set on object 'Object Repository/VLink/Page_CCSale/txt_ExpMonth'

2023-02-17 22:05:10 - [MESSAGE][PASSED] - Text '2025' is set on object 'Object Repository/VLink/Page_CCSale/txt_ExpYear'

2023-02-17 22:05:11 - [MESSAGE][PASSED] - Text '' is set on object 'Object Repository/VLink/Page_CCSale/txt_CVV'

2023-02-17 22:05:11 - [MESSAGE][PASSED] - Text '' is set on object 'Object Repository/VLink/Page_CCSale/txt_CVVstate'

2023-02-17 22:05:12 - [MESSAGE][PASSED] - Text '' is set on object 'Object Repository/VLink/Page_CCSale/txt_TrackData'

2023-02-17 22:05:13 - [MESSAGE][PASSED] - Text '' is set on object 'Object Repository/VLink/Page_CCSale/txt_Track1Data'

2023-02-17 22:05:13 - [MESSAGE][PASSED] - Text '' is set on object 'Object Repository/VLink/Page_CCSale/txt_Track2Data'

2023-02-17 22:05:14 - [MESSAGE][PASSED] - Text 'manual' is set on object 'Object Repository/VLink/Page_CCSale/txt_POSEntryMode'

2023-02-17 22:05:15 - [MESSAGE][PASSED] - Text 'iahmed@govolution.com' is set on object 'Object Repository/VLink/Page_CCSale/txt_Email'

2023-02-17 22:05:15 - [MESSAGE][PASSED] - Text '2569362' is set on object 'Object Repository/VLink/Page_CCSale/txt_OrderNumber'

2023-02-17 22:05:16 - [MESSAGE][PASSED] - Text '1.15' is set on object 'Object Repository/VLink/Page_CCSale/txt_TaxAmount'

2023-02-17 22:05:17 - [MESSAGE][PASSED] - Text 'Charge Description' is set on object 'Object Repository/VLink/Page_CCSale/txt_ChargeDescription'

2023-02-17 22:05:17 - [MESSAGE][PASSED] - Text '147357' is set on object 'Object Repository/VLink/Page_CCSale/txt_CAN'

2023-02-17 22:05:18 - [MESSAGE][PASSED] - Text '1' is set on object 'Object Repository/VLink/Page_CCSale/txt_BillPaymentIndicator'

2023-02-17 22:05:19 - [MESSAGE][PASSED] - Text 'UDF Data 1' is set on object 'Object Repository/VLink/Page_CCSale/txt_UDF1'

2023-02-17 22:05:20 - [MESSAGE][PASSED] - Text 'UDF Data 2' is set on object 'Object Repository/VLink/Page_CCSale/txt_UDF2'

2023-02-17 22:05:20 - [MESSAGE][PASSED] - Text 'UDF Data 3' is set on object 'Object Repository/VLink/Page_CCSale/txt_UDF3'

2023-02-17 22:05:21 - [MESSAGE][PASSED] - Text 'UDF Data 4' is set on object 'Object Repository/VLink/Page_CCSale/txt_UDF4'

2023-02-17 22:05:22 - [MESSAGE][PASSED] - Text 'UDF Data 5' is set on object 'Object Repository/VLink/Page_CCSale/txt_UDF5'

2023-02-17 22:05:22 - [MESSAGE][PASSED] - Text 'UDF Data 6' is set on object 'Object Repository/VLink/Page_CCSale/txt_UDF6'

2023-02-17 22:05:23 - [MESSAGE][PASSED] - Text 'UDF Data 7' is set on object 'Object Repository/VLink/Page_CCSale/txt_UDF7'

2023-02-17 22:05:24 - [MESSAGE][PASSED] - Text 'UDF Data 8' is set on object 'Object Repository/VLink/Page_CCSale/txt_UDF8'

2023-02-17 22:05:24 - [MESSAGE][PASSED] - Text 'UDF Data 9' is set on object 'Object Repository/VLink/Page_CCSale/txt_UDF9'

2023-02-17 22:05:25 - [MESSAGE][PASSED] - Text 'UDF Data 10' is set on object 'Object Repository/VLink/Page_CCSale/txt_UDF10'

2023-02-17 22:05:27 - [MESSAGE][PASSED] - Object: 'Object Repository/VLink/Page_CCSale/btn_ProcessVLinkTransaction' is clicked on

2023-02-17 22:05:32 - [MESSAGE][PASSED] - vlinkPages.saleCCPage.setDataSCC is PASSED

2023-02-17 22:05:32 - [TEST_STEP][PASSED] - if (verifyTextPresent("Transaction approved, no errors", true)): null

2023-02-17 22:05:32 - [MESSAGE][PASSED] - Text 'Transaction approved, no errors' is present on page  using regular expression

2023-02-17 22:05:32 - [TEST_STEP][PASSED] - println("Transaction Approved, no errors text is present on the Confirmation page"): null

2023-02-17 22:05:32 - [TEST_STEP][PASSED] - out.println("Pass Record Number: " + row): null

2023-02-17 22:05:32 - [TEST_STEP][PASSED] - resText = "Pass": null

2023-02-17 22:05:32 - [TEST_STEP][PASSED] - pages.WriteExcel.demoKey(resText, datText, resColumn, datCloumn, fileLoc, nameSheet, row): pages.WriteExcel.demoKey is PASSED

2023-02-17 22:05:32 - [MESSAGE][PASSED] - pages.WriteExcel.demoKey is PASSED

2023-02-17 22:05:32 - [TEST_STEP][PASSED] - sdfo = getText(findTestObject("Object Repository/Page_VLinkReceipt/pre_STX")): Text of object 'Object Repository/Page_VLinkReceipt/pre_STX' is: '<STX>lKqUlU5VPQJZ                  12127374            0  Transaction approved, no errors                   0                                                                                  N DSC256   <ETX>'

2023-02-17 22:05:32 - [MESSAGE][PASSED] - Text of object 'Object Repository/Page_VLinkReceipt/pre_STX' is: '<STX>lKqUlU5VPQJZ                  12127374            0  Transaction approved, no errors                   0                                                                                  N DSC256   <ETX>'

2023-02-17 22:05:32 - [TEST_STEP][PASSED] - out.println("sdfo: " + sdfo): null

2023-02-17 22:05:32 - [TEST_STEP][PASSED] - remID = substring(5, 35).trim(): null

2023-02-17 22:05:32 - [TEST_STEP][PASSED] - out.println("Remittance ID: " + remID): null

2023-02-17 22:05:32 - [TEST_STEP][PASSED] - traxID = substring(35, 55).trim(): null

2023-02-17 22:05:32 - [TEST_STEP][PASSED] - out.println("Transaction ID: " + traxID): null

2023-02-17 22:05:32 - [TEST_STEP][PASSED] - out.println("End Record Number: " + row): null

2023-02-17 22:05:32 - [TEST_STEP][PASSED] - closeBrowser(): Browser is closed

2023-02-17 22:05:33 - [MESSAGE][PASSED] - Browser is closed

2023-02-17 22:05:33 - [TEST_STEP][PASSED] - ExecuteTC = findTestData(dataFile).getValue("Execute", row): null

2023-02-17 22:05:33 - [TEST_STEP][PASSED] - out.println("Value of Execute is : " + ExecuteTC): null

2023-02-17 22:05:33 - [TEST_STEP][PASSED] - if (ExecuteTC.equalsIgnoreCase("Y")): Browser is closed

2023-02-17 22:05:33 - [TEST_STEP][PASSED] - out.println("Begin Record Number: " + row): null

2023-02-17 22:05:33 - [TEST_STEP][PASSED] - today = new java.util.Date(): null

2023-02-17 22:05:33 - [TEST_STEP][PASSED] - println(today): null

2023-02-17 22:05:33 - [TEST_STEP][PASSED] - datText = today: null

2023-02-17 22:05:33 - [TEST_STEP][PASSED] - openBrowser(VLinkURL + "authcap.html"): Browser is opened with url: 'https://dev-algorithm.govolution.com/vlinktest/QA/version_2_0/authcap.html'

2023-02-17 22:05:33 - [MESSAGE][INFO] - Starting 'Chrome' driver

2023-02-17 22:05:33 - [MESSAGE][INFO] - User set preference: ['acceptInsecureCerts', 'true']

2023-02-17 22:05:33 - [MESSAGE][INFO] - Action delay is set to 0 milliseconds

2023-02-17 22:05:35 - [MESSAGE][PASSED] - Browser is opened with url: 'https://dev-algorithm.govolution.com/vlinktest/QA/version_2_0/authcap.html'

2023-02-17 22:05:35 - [TEST_STEP][PASSED] - maximizeWindow(): Current window maximized

2023-02-17 22:05:35 - [MESSAGE][PASSED] - Current window maximized

2023-02-17 22:05:35 - [TEST_STEP][PASSED] - vlinkPages.saleCCPage.setDataSCC(row, dataFile): vlinkPages.saleCCPage.setDataSCC is PASSED

2023-02-17 22:05:38 - [MESSAGE][PASSED] - Object 'Object Repository/VLink/Page_CCSale/txt_CardNumber' is present

2023-02-17 22:05:39 - [MESSAGE][PASSED] - Text '104' is set on object 'Object Repository/VLink/Page_CCSale/txt_TransactionType'

2023-02-17 22:05:40 - [MESSAGE][PASSED] - Text '2.0C' is set on object 'Object Repository/VLink/Page_CCSale/txt_MessageVersion'

2023-02-17 22:05:40 - [MESSAGE][PASSED] - Text 'rydi9OUQWBO3' is set on object 'Object Repository/VLink/Page_CCSale/txt_RemID'

2023-02-17 22:05:41 - [MESSAGE][PASSED] - Text '87' is set on object 'Object Repository/VLink/Page_CCSale/txt_ApplicationId'

2023-02-17 22:05:41 - [MESSAGE][PASSED] - Text 'username' is set on object 'Object Repository/VLink/Page_CCSale/txt_Username'

2023-02-17 22:05:42 - [MESSAGE][PASSED] - Text 'password' is set on object 'Object Repository/VLink/Page_CCSale/txt_Password'

2023-02-17 22:05:43 - [MESSAGE][PASSED] - Text 'fixed_width' is set on object 'Object Repository/VLink/Page_CCSale/txt_ResponseFormat'

2023-02-17 22:05:43 - [MESSAGE][PASSED] - Text 'RETL' is set on object 'Object Repository/VLink/Page_CCSale/txt_Category'

2023-02-17 22:05:44 - [MESSAGE][PASSED] - Text '' is set on object 'Object Repository/VLink/Page_CCSale/txt_TransactionID'

2023-02-17 22:05:45 - [MESSAGE][PASSED] - Text '' is set on object 'Object Repository/VLink/Page_CCSale/txt_ApprovalCode'

2023-02-17 22:05:45 - [MESSAGE][PASSED] - Text 'Kris Roshan' is set on object 'Object Repository/VLink/Page_CCSale/txt_CardName'

2023-02-17 22:05:46 - [MESSAGE][PASSED] - Text '258 Elm Road' is set on object 'Object Repository/VLink/Page_CCSale/txt_AL1'

2023-02-17 22:05:47 - [MESSAGE][PASSED] - Text 'Suite 56' is set on object 'Object Repository/VLink/Page_CCSale/txt_AL2'

2023-02-17 22:05:47 - [MESSAGE][PASSED] - Text 'Arlington' is set on object 'Object Repository/VLink/Page_CCSale/txt_CardCity'

2023-02-17 22:05:48 - [MESSAGE][PASSED] - Text 'VA' is set on object 'Object Repository/VLink/Page_CCSale/txt_CardState'

2023-02-17 22:05:49 - [MESSAGE][PASSED] - Text '22201' is set on object 'Object Repository/VLink/Page_CCSale/txt_CardZIP'

2023-02-17 22:05:49 - [MESSAGE][PASSED] - Text '840' is set on object 'Object Repository/VLink/Page_CCSale/txt_CountryID'

2023-02-17 22:05:50 - [MESSAGE][PASSED] - Text '1.50' is set on object 'Object Repository/VLink/Page_CCSale/txt_Amount'

2023-02-17 22:05:51 - [MESSAGE][PASSED] - Text '6011000993026909' is set on object 'Object Repository/VLink/Page_CCSale/txt_CardNumber'

2023-02-17 22:05:52 - [MESSAGE][PASSED] - Text '12' is set on object 'Object Repository/VLink/Page_CCSale/txt_ExpMonth'

2023-02-17 22:05:52 - [MESSAGE][PASSED] - Text '2025' is set on object 'Object Repository/VLink/Page_CCSale/txt_ExpYear'

2023-02-17 22:05:53 - [MESSAGE][PASSED] - Text '' is set on object 'Object Repository/VLink/Page_CCSale/txt_CVV'

2023-02-17 22:05:54 - [MESSAGE][PASSED] - Text '' is set on object 'Object Repository/VLink/Page_CCSale/txt_CVVstate'

2023-02-17 22:05:54 - [MESSAGE][PASSED] - Text '' is set on object 'Object Repository/VLink/Page_CCSale/txt_TrackData'

2023-02-17 22:05:55 - [MESSAGE][PASSED] - Text '' is set on object 'Object Repository/VLink/Page_CCSale/txt_Track1Data'

2023-02-17 22:05:56 - [MESSAGE][PASSED] - Text '' is set on object 'Object Repository/VLink/Page_CCSale/txt_Track2Data'

2023-02-17 22:05:56 - [MESSAGE][PASSED] - Text 'manual' is set on object 'Object Repository/VLink/Page_CCSale/txt_POSEntryMode'

2023-02-17 22:05:57 - [MESSAGE][PASSED] - Text 'iahmed@govolution.com' is set on object 'Object Repository/VLink/Page_CCSale/txt_Email'

2023-02-17 22:05:58 - [MESSAGE][PASSED] - Text '2569362' is set on object 'Object Repository/VLink/Page_CCSale/txt_OrderNumber'

2023-02-17 22:05:58 - [MESSAGE][PASSED] - Text '1.15' is set on object 'Object Repository/VLink/Page_CCSale/txt_TaxAmount'

2023-02-17 22:05:59 - [MESSAGE][PASSED] - Text 'Charge Description' is set on object 'Object Repository/VLink/Page_CCSale/txt_ChargeDescription'

2023-02-17 22:06:00 - [MESSAGE][PASSED] - Text '147357' is set on object 'Object Repository/VLink/Page_CCSale/txt_CAN'

2023-02-17 22:06:00 - [MESSAGE][PASSED] - Text '1' is set on object 'Object Repository/VLink/Page_CCSale/txt_BillPaymentIndicator'

2023-02-17 22:06:01 - [MESSAGE][PASSED] - Text 'UDF Data 1' is set on object 'Object Repository/VLink/Page_CCSale/txt_UDF1'

2023-02-17 22:06:02 - [MESSAGE][PASSED] - Text 'UDF Data 2' is set on object 'Object Repository/VLink/Page_CCSale/txt_UDF2'

2023-02-17 22:06:03 - [MESSAGE][PASSED] - Text 'UDF Data 3' is set on object 'Object Repository/VLink/Page_CCSale/txt_UDF3'

2023-02-17 22:06:03 - [MESSAGE][PASSED] - Text 'UDF Data 4' is set on object 'Object Repository/VLink/Page_CCSale/txt_UDF4'

2023-02-17 22:06:04 - [MESSAGE][PASSED] - Text 'UDF Data 5' is set on object 'Object Repository/VLink/Page_CCSale/txt_UDF5'

2023-02-17 22:06:05 - [MESSAGE][PASSED] - Text 'UDF Data 6' is set on object 'Object Repository/VLink/Page_CCSale/txt_UDF6'

2023-02-17 22:06:05 - [MESSAGE][PASSED] - Text 'UDF Data 7' is set on object 'Object Repository/VLink/Page_CCSale/txt_UDF7'

2023-02-17 22:06:06 - [MESSAGE][PASSED] - Text 'UDF Data 8' is set on object 'Object Repository/VLink/Page_CCSale/txt_UDF8'

2023-02-17 22:06:07 - [MESSAGE][PASSED] - Text 'UDF Data 9' is set on object 'Object Repository/VLink/Page_CCSale/txt_UDF9'

2023-02-17 22:06:08 - [MESSAGE][PASSED] - Text 'UDF Data 10' is set on object 'Object Repository/VLink/Page_CCSale/txt_UDF10'

2023-02-17 22:06:09 - [MESSAGE][PASSED] - Object: 'Object Repository/VLink/Page_CCSale/btn_ProcessVLinkTransaction' is clicked on

2023-02-17 22:06:14 - [MESSAGE][PASSED] - vlinkPages.saleCCPage.setDataSCC is PASSED

2023-02-17 22:06:14 - [TEST_STEP][PASSED] - if (verifyTextPresent("Transaction approved, no errors", true)): null

2023-02-17 22:06:15 - [MESSAGE][PASSED] - Text 'Transaction approved, no errors' is present on page  using regular expression

2023-02-17 22:06:15 - [TEST_STEP][PASSED] - println("Transaction Approved, no errors text is present on the Confirmation page"): null

2023-02-17 22:06:15 - [TEST_STEP][PASSED] - out.println("Pass Record Number: " + row): null

2023-02-17 22:06:15 - [TEST_STEP][PASSED] - resText = "Pass": null

2023-02-17 22:06:15 - [TEST_STEP][PASSED] - pages.WriteExcel.demoKey(resText, datText, resColumn, datCloumn, fileLoc, nameSheet, row): pages.WriteExcel.demoKey is PASSED

2023-02-17 22:06:15 - [MESSAGE][PASSED] - pages.WriteExcel.demoKey is PASSED

2023-02-17 22:06:15 - [TEST_STEP][PASSED] - sdfo = getText(findTestObject("Object Repository/Page_VLinkReceipt/pre_STX")): Text of object 'Object Repository/Page_VLinkReceipt/pre_STX' is: '<STX>rydi9OUQWBO3                  12127375            0  Transaction approved, no errors                   0                                                                                  N DSC257   <ETX>'

2023-02-17 22:06:15 - [MESSAGE][PASSED] - Text of object 'Object Repository/Page_VLinkReceipt/pre_STX' is: '<STX>rydi9OUQWBO3                  12127375            0  Transaction approved, no errors                   0                                                                                  N DSC257   <ETX>'

2023-02-17 22:06:15 - [TEST_STEP][PASSED] - out.println("sdfo: " + sdfo): null

2023-02-17 22:06:15 - [TEST_STEP][PASSED] - remID = substring(5, 35).trim(): null

2023-02-17 22:06:15 - [TEST_STEP][PASSED] - out.println("Remittance ID: " + remID): null

2023-02-17 22:06:15 - [TEST_STEP][PASSED] - traxID = substring(35, 55).trim(): null

2023-02-17 22:06:15 - [TEST_STEP][PASSED] - out.println("Transaction ID: " + traxID): null

2023-02-17 22:06:15 - [TEST_STEP][PASSED] - out.println("End Record Number: " + row): null

2023-02-17 22:06:15 - [TEST_STEP][PASSED] - closeBrowser(): Browser is closed

2023-02-17 22:06:16 - [MESSAGE][PASSED] - Browser is closed

2023-02-17 22:06:16 - [TEST_STEP][PASSED] - ExecuteTC = findTestData(dataFile).getValue("Execute", row): null

2023-02-17 22:06:16 - [TEST_STEP][PASSED] - out.println("Value of Execute is : " + ExecuteTC): null

2023-02-17 22:06:16 - [TEST_STEP][PASSED] - if (ExecuteTC.equalsIgnoreCase("Y")): Browser is closed

2023-02-17 22:06:16 - [TEST_STEP][PASSED] - out.println("Begin Record Number: " + row): null

2023-02-17 22:06:16 - [TEST_STEP][PASSED] - today = new java.util.Date(): null

2023-02-17 22:06:16 - [TEST_STEP][PASSED] - println(today): null

2023-02-17 22:06:16 - [TEST_STEP][PASSED] - datText = today: null

2023-02-17 22:06:16 - [TEST_STEP][PASSED] - openBrowser(VLinkURL + "authcap.html"): Browser is opened with url: 'https://dev-algorithm.govolution.com/vlinktest/QA/version_2_0/authcap.html'

2023-02-17 22:06:16 - [MESSAGE][INFO] - Starting 'Chrome' driver

2023-02-17 22:06:16 - [MESSAGE][INFO] - User set preference: ['acceptInsecureCerts', 'true']

2023-02-17 22:06:16 - [MESSAGE][INFO] - Action delay is set to 0 milliseconds

2023-02-17 22:06:18 - [MESSAGE][PASSED] - Browser is opened with url: 'https://dev-algorithm.govolution.com/vlinktest/QA/version_2_0/authcap.html'

2023-02-17 22:06:18 - [TEST_STEP][PASSED] - maximizeWindow(): Current window maximized

2023-02-17 22:06:18 - [MESSAGE][PASSED] - Current window maximized

2023-02-17 22:06:18 - [TEST_STEP][PASSED] - vlinkPages.saleCCPage.setDataSCC(row, dataFile): vlinkPages.saleCCPage.setDataSCC is PASSED

2023-02-17 22:06:21 - [MESSAGE][PASSED] - Object 'Object Repository/VLink/Page_CCSale/txt_CardNumber' is present

2023-02-17 22:06:21 - [MESSAGE][PASSED] - Text '104' is set on object 'Object Repository/VLink/Page_CCSale/txt_TransactionType'

2023-02-17 22:06:22 - [MESSAGE][PASSED] - Text '2.0C' is set on object 'Object Repository/VLink/Page_CCSale/txt_MessageVersion'

2023-02-17 22:06:23 - [MESSAGE][PASSED] - Text '2f9NvBoCZJSI' is set on object 'Object Repository/VLink/Page_CCSale/txt_RemID'

2023-02-17 22:06:23 - [MESSAGE][PASSED] - Text '581' is set on object 'Object Repository/VLink/Page_CCSale/txt_ApplicationId'

2023-02-17 22:06:24 - [MESSAGE][PASSED] - Text 'usr581' is set on object 'Object Repository/VLink/Page_CCSale/txt_Username'

2023-02-17 22:06:24 - [MESSAGE][PASSED] - Text 'pwd581' is set on object 'Object Repository/VLink/Page_CCSale/txt_Password'

2023-02-17 22:06:25 - [MESSAGE][PASSED] - Text 'fixed_width' is set on object 'Object Repository/VLink/Page_CCSale/txt_ResponseFormat'

2023-02-17 22:06:26 - [MESSAGE][PASSED] - Text 'ECOM' is set on object 'Object Repository/VLink/Page_CCSale/txt_Category'

2023-02-17 22:06:26 - [MESSAGE][PASSED] - Text '' is set on object 'Object Repository/VLink/Page_CCSale/txt_TransactionID'

2023-02-17 22:06:27 - [MESSAGE][PASSED] - Text '' is set on object 'Object Repository/VLink/Page_CCSale/txt_ApprovalCode'

2023-02-17 22:06:28 - [MESSAGE][PASSED] - Text 'Kris Roshan' is set on object 'Object Repository/VLink/Page_CCSale/txt_CardName'

2023-02-17 22:06:28 - [MESSAGE][PASSED] - Text '258 Elm Road' is set on object 'Object Repository/VLink/Page_CCSale/txt_AL1'

2023-02-17 22:06:29 - [MESSAGE][PASSED] - Text 'Suite 56' is set on object 'Object Repository/VLink/Page_CCSale/txt_AL2'

2023-02-17 22:06:30 - [MESSAGE][PASSED] - Text 'Arlington' is set on object 'Object Repository/VLink/Page_CCSale/txt_CardCity'

2023-02-17 22:06:31 - [MESSAGE][PASSED] - Text 'VA' is set on object 'Object Repository/VLink/Page_CCSale/txt_CardState'

2023-02-17 22:06:31 - [MESSAGE][PASSED] - Text '22201' is set on object 'Object Repository/VLink/Page_CCSale/txt_CardZIP'

2023-02-17 22:06:32 - [MESSAGE][PASSED] - Text '840' is set on object 'Object Repository/VLink/Page_CCSale/txt_CountryID'

2023-02-17 22:06:32 - [MESSAGE][PASSED] - Text '1.50' is set on object 'Object Repository/VLink/Page_CCSale/txt_Amount'

2023-02-17 22:06:33 - [MESSAGE][PASSED] - Text '4012000098765439' is set on object 'Object Repository/VLink/Page_CCSale/txt_CardNumber'

2023-02-17 22:06:34 - [MESSAGE][PASSED] - Text '12' is set on object 'Object Repository/VLink/Page_CCSale/txt_ExpMonth'

2023-02-17 22:06:35 - [MESSAGE][PASSED] - Text '2025' is set on object 'Object Repository/VLink/Page_CCSale/txt_ExpYear'

2023-02-17 22:06:35 - [MESSAGE][PASSED] - Text '' is set on object 'Object Repository/VLink/Page_CCSale/txt_CVV'

2023-02-17 22:06:36 - [MESSAGE][PASSED] - Text '' is set on object 'Object Repository/VLink/Page_CCSale/txt_CVVstate'

2023-02-17 22:06:37 - [MESSAGE][PASSED] - Text '' is set on object 'Object Repository/VLink/Page_CCSale/txt_TrackData'

2023-02-17 22:06:37 - [MESSAGE][PASSED] - Text '' is set on object 'Object Repository/VLink/Page_CCSale/txt_Track1Data'

2023-02-17 22:06:38 - [MESSAGE][PASSED] - Text '' is set on object 'Object Repository/VLink/Page_CCSale/txt_Track2Data'

2023-02-17 22:06:39 - [MESSAGE][PASSED] - Text 'manual' is set on object 'Object Repository/VLink/Page_CCSale/txt_POSEntryMode'

2023-02-17 22:06:39 - [MESSAGE][PASSED] - Text 'iahmed@govolution.com' is set on object 'Object Repository/VLink/Page_CCSale/txt_Email'

2023-02-17 22:06:40 - [MESSAGE][PASSED] - Text '2569362' is set on object 'Object Repository/VLink/Page_CCSale/txt_OrderNumber'

2023-02-17 22:06:41 - [MESSAGE][PASSED] - Text '1.15' is set on object 'Object Repository/VLink/Page_CCSale/txt_TaxAmount'

2023-02-17 22:06:41 - [MESSAGE][PASSED] - Text 'Charge Description' is set on object 'Object Repository/VLink/Page_CCSale/txt_ChargeDescription'

2023-02-17 22:06:42 - [MESSAGE][PASSED] - Text '147357' is set on object 'Object Repository/VLink/Page_CCSale/txt_CAN'

2023-02-17 22:06:43 - [MESSAGE][PASSED] - Text '1' is set on object 'Object Repository/VLink/Page_CCSale/txt_BillPaymentIndicator'

2023-02-17 22:06:43 - [MESSAGE][PASSED] - Text 'UDF Data 1' is set on object 'Object Repository/VLink/Page_CCSale/txt_UDF1'

2023-02-17 22:06:44 - [MESSAGE][PASSED] - Text 'UDF Data 2' is set on object 'Object Repository/VLink/Page_CCSale/txt_UDF2'

2023-02-17 22:06:45 - [MESSAGE][PASSED] - Text 'UDF Data 3' is set on object 'Object Repository/VLink/Page_CCSale/txt_UDF3'

2023-02-17 22:06:46 - [MESSAGE][PASSED] - Text 'UDF Data 4' is set on object 'Object Repository/VLink/Page_CCSale/txt_UDF4'

2023-02-17 22:06:46 - [MESSAGE][PASSED] - Text 'UDF Data 5' is set on object 'Object Repository/VLink/Page_CCSale/txt_UDF5'

2023-02-17 22:06:47 - [MESSAGE][PASSED] - Text 'UDF Data 6' is set on object 'Object Repository/VLink/Page_CCSale/txt_UDF6'

2023-02-17 22:06:48 - [MESSAGE][PASSED] - Text 'UDF Data 7' is set on object 'Object Repository/VLink/Page_CCSale/txt_UDF7'

2023-02-17 22:06:48 - [MESSAGE][PASSED] - Text 'UDF Data 8' is set on object 'Object Repository/VLink/Page_CCSale/txt_UDF8'

2023-02-17 22:06:49 - [MESSAGE][PASSED] - Text 'UDF Data 9' is set on object 'Object Repository/VLink/Page_CCSale/txt_UDF9'

2023-02-17 22:06:50 - [MESSAGE][PASSED] - Text 'UDF Data 10' is set on object 'Object Repository/VLink/Page_CCSale/txt_UDF10'

2023-02-17 22:06:51 - [MESSAGE][PASSED] - Object: 'Object Repository/VLink/Page_CCSale/btn_ProcessVLinkTransaction' is clicked on

2023-02-17 22:06:56 - [MESSAGE][PASSED] - vlinkPages.saleCCPage.setDataSCC is PASSED

2023-02-17 22:06:56 - [TEST_STEP][PASSED] - if (verifyTextPresent("Transaction approved, no errors", true)): null

2023-02-17 22:06:56 - [MESSAGE][PASSED] - Text 'Transaction approved, no errors' is present on page  using regular expression

2023-02-17 22:06:56 - [TEST_STEP][PASSED] - println("Transaction Approved, no errors text is present on the Confirmation page"): null

2023-02-17 22:06:56 - [TEST_STEP][PASSED] - out.println("Pass Record Number: " + row): null

2023-02-17 22:06:56 - [TEST_STEP][PASSED] - resText = "Pass": null

2023-02-17 22:06:56 - [TEST_STEP][PASSED] - pages.WriteExcel.demoKey(resText, datText, resColumn, datCloumn, fileLoc, nameSheet, row): pages.WriteExcel.demoKey is PASSED

2023-02-17 22:06:56 - [MESSAGE][PASSED] - pages.WriteExcel.demoKey is PASSED

2023-02-17 22:06:56 - [TEST_STEP][PASSED] - sdfo = getText(findTestObject("Object Repository/Page_VLinkReceipt/pre_STX")): Text of object 'Object Repository/Page_VLinkReceipt/pre_STX' is: '<STX>2f9NvBoCZJSI                  12127376            0  Transaction approved, no errors                   0                                                                                  Y 000035   <ETX>'

2023-02-17 22:06:57 - [MESSAGE][PASSED] - Text of object 'Object Repository/Page_VLinkReceipt/pre_STX' is: '<STX>2f9NvBoCZJSI                  12127376            0  Transaction approved, no errors                   0                                                                                  Y 000035   <ETX>'

2023-02-17 22:06:57 - [TEST_STEP][PASSED] - out.println("sdfo: " + sdfo): null

2023-02-17 22:06:57 - [TEST_STEP][PASSED] - remID = substring(5, 35).trim(): null

2023-02-17 22:06:57 - [TEST_STEP][PASSED] - out.println("Remittance ID: " + remID): null

2023-02-17 22:06:57 - [TEST_STEP][PASSED] - traxID = substring(35, 55).trim(): null

2023-02-17 22:06:57 - [TEST_STEP][PASSED] - out.println("Transaction ID: " + traxID): null

2023-02-17 22:06:57 - [TEST_STEP][PASSED] - out.println("End Record Number: " + row): null

2023-02-17 22:06:57 - [TEST_STEP][PASSED] - closeBrowser(): Browser is closed

2023-02-17 22:06:57 - [MESSAGE][PASSED] - Browser is closed

2023-02-17 22:06:57 - [TEST_STEP][PASSED] - ExecuteTC = findTestData(dataFile).getValue("Execute", row): null

2023-02-17 22:06:58 - [TEST_STEP][PASSED] - out.println("Value of Execute is : " + ExecuteTC): null

2023-02-17 22:06:58 - [TEST_STEP][PASSED] - if (ExecuteTC.equalsIgnoreCase("Y")): Browser is closed

2023-02-17 22:06:58 - [TEST_STEP][PASSED] - out.println("Begin Record Number: " + row): null

2023-02-17 22:06:58 - [TEST_STEP][PASSED] - today = new java.util.Date(): null

2023-02-17 22:06:58 - [TEST_STEP][PASSED] - println(today): null

2023-02-17 22:06:58 - [TEST_STEP][PASSED] - datText = today: null

2023-02-17 22:06:58 - [TEST_STEP][PASSED] - openBrowser(VLinkURL + "authcap.html"): Browser is opened with url: 'https://dev-algorithm.govolution.com/vlinktest/QA/version_2_0/authcap.html'

2023-02-17 22:06:58 - [MESSAGE][INFO] - Starting 'Chrome' driver

2023-02-17 22:06:58 - [MESSAGE][INFO] - User set preference: ['acceptInsecureCerts', 'true']

2023-02-17 22:06:58 - [MESSAGE][INFO] - Action delay is set to 0 milliseconds

2023-02-17 22:06:59 - [MESSAGE][PASSED] - Browser is opened with url: 'https://dev-algorithm.govolution.com/vlinktest/QA/version_2_0/authcap.html'

2023-02-17 22:06:59 - [TEST_STEP][PASSED] - maximizeWindow(): Current window maximized

2023-02-17 22:06:59 - [MESSAGE][PASSED] - Current window maximized

2023-02-17 22:06:59 - [TEST_STEP][PASSED] - vlinkPages.saleCCPage.setDataSCC(row, dataFile): vlinkPages.saleCCPage.setDataSCC is PASSED

2023-02-17 22:07:02 - [MESSAGE][PASSED] - Object 'Object Repository/VLink/Page_CCSale/txt_CardNumber' is present

2023-02-17 22:07:03 - [MESSAGE][PASSED] - Text '104' is set on object 'Object Repository/VLink/Page_CCSale/txt_TransactionType'

2023-02-17 22:07:03 - [MESSAGE][PASSED] - Text '2.0C' is set on object 'Object Repository/VLink/Page_CCSale/txt_MessageVersion'

2023-02-17 22:07:04 - [MESSAGE][PASSED] - Text 'fxUQwolERxmJ' is set on object 'Object Repository/VLink/Page_CCSale/txt_RemID'

2023-02-17 22:07:05 - [MESSAGE][PASSED] - Text '581' is set on object 'Object Repository/VLink/Page_CCSale/txt_ApplicationId'

2023-02-17 22:07:05 - [MESSAGE][PASSED] - Text 'usr581' is set on object 'Object Repository/VLink/Page_CCSale/txt_Username'

2023-02-17 22:07:06 - [MESSAGE][PASSED] - Text 'pwd581' is set on object 'Object Repository/VLink/Page_CCSale/txt_Password'

2023-02-17 22:07:07 - [MESSAGE][PASSED] - Text 'fixed_width' is set on object 'Object Repository/VLink/Page_CCSale/txt_ResponseFormat'

2023-02-17 22:07:07 - [MESSAGE][PASSED] - Text 'MOTO' is set on object 'Object Repository/VLink/Page_CCSale/txt_Category'

2023-02-17 22:07:08 - [MESSAGE][PASSED] - Text '' is set on object 'Object Repository/VLink/Page_CCSale/txt_TransactionID'

2023-02-17 22:07:09 - [MESSAGE][PASSED] - Text '' is set on object 'Object Repository/VLink/Page_CCSale/txt_ApprovalCode'

2023-02-17 22:07:09 - [MESSAGE][PASSED] - Text 'Kris Roshan' is set on object 'Object Repository/VLink/Page_CCSale/txt_CardName'

2023-02-17 22:07:10 - [MESSAGE][PASSED] - Text '258 Elm Road' is set on object 'Object Repository/VLink/Page_CCSale/txt_AL1'

2023-02-17 22:07:11 - [MESSAGE][PASSED] - Text 'Suite 56' is set on object 'Object Repository/VLink/Page_CCSale/txt_AL2'

2023-02-17 22:07:11 - [MESSAGE][PASSED] - Text 'Arlington' is set on object 'Object Repository/VLink/Page_CCSale/txt_CardCity'

2023-02-17 22:07:12 - [MESSAGE][PASSED] - Text 'VA' is set on object 'Object Repository/VLink/Page_CCSale/txt_CardState'

2023-02-17 22:07:13 - [MESSAGE][PASSED] - Text '22201' is set on object 'Object Repository/VLink/Page_CCSale/txt_CardZIP'

2023-02-17 22:07:13 - [MESSAGE][PASSED] - Text '840' is set on object 'Object Repository/VLink/Page_CCSale/txt_CountryID'

2023-02-17 22:07:14 - [MESSAGE][PASSED] - Text '1.50' is set on object 'Object Repository/VLink/Page_CCSale/txt_Amount'

2023-02-17 22:07:15 - [MESSAGE][PASSED] - Text '4012000098765439' is set on object 'Object Repository/VLink/Page_CCSale/txt_CardNumber'

2023-02-17 22:07:15 - [MESSAGE][PASSED] - Text '12' is set on object 'Object Repository/VLink/Page_CCSale/txt_ExpMonth'

2023-02-17 22:07:16 - [MESSAGE][PASSED] - Text '2025' is set on object 'Object Repository/VLink/Page_CCSale/txt_ExpYear'

2023-02-17 22:07:17 - [MESSAGE][PASSED] - Text '' is set on object 'Object Repository/VLink/Page_CCSale/txt_CVV'

2023-02-17 22:07:17 - [MESSAGE][PASSED] - Text '' is set on object 'Object Repository/VLink/Page_CCSale/txt_CVVstate'

2023-02-17 22:07:18 - [MESSAGE][PASSED] - Text '' is set on object 'Object Repository/VLink/Page_CCSale/txt_TrackData'

2023-02-17 22:07:19 - [MESSAGE][PASSED] - Text '' is set on object 'Object Repository/VLink/Page_CCSale/txt_Track1Data'

2023-02-17 22:07:19 - [MESSAGE][PASSED] - Text '' is set on object 'Object Repository/VLink/Page_CCSale/txt_Track2Data'

2023-02-17 22:07:20 - [MESSAGE][PASSED] - Text 'manual' is set on object 'Object Repository/VLink/Page_CCSale/txt_POSEntryMode'

2023-02-17 22:07:21 - [MESSAGE][PASSED] - Text 'iahmed@govolution.com' is set on object 'Object Repository/VLink/Page_CCSale/txt_Email'

2023-02-17 22:07:22 - [MESSAGE][PASSED] - Text '2569362' is set on object 'Object Repository/VLink/Page_CCSale/txt_OrderNumber'

2023-02-17 22:07:22 - [MESSAGE][PASSED] - Text '1.15' is set on object 'Object Repository/VLink/Page_CCSale/txt_TaxAmount'

2023-02-17 22:07:23 - [MESSAGE][PASSED] - Text 'Charge Description' is set on object 'Object Repository/VLink/Page_CCSale/txt_ChargeDescription'

2023-02-17 22:07:24 - [MESSAGE][PASSED] - Text '147357' is set on object 'Object Repository/VLink/Page_CCSale/txt_CAN'

2023-02-17 22:07:24 - [MESSAGE][PASSED] - Text '1' is set on object 'Object Repository/VLink/Page_CCSale/txt_BillPaymentIndicator'

2023-02-17 22:07:25 - [MESSAGE][PASSED] - Text 'UDF Data 1' is set on object 'Object Repository/VLink/Page_CCSale/txt_UDF1'

2023-02-17 22:07:26 - [MESSAGE][PASSED] - Text 'UDF Data 2' is set on object 'Object Repository/VLink/Page_CCSale/txt_UDF2'

2023-02-17 22:07:26 - [MESSAGE][PASSED] - Text 'UDF Data 3' is set on object 'Object Repository/VLink/Page_CCSale/txt_UDF3'

2023-02-17 22:07:27 - [MESSAGE][PASSED] - Text 'UDF Data 4' is set on object 'Object Repository/VLink/Page_CCSale/txt_UDF4'

2023-02-17 22:07:28 - [MESSAGE][PASSED] - Text 'UDF Data 5' is set on object 'Object Repository/VLink/Page_CCSale/txt_UDF5'

2023-02-17 22:07:29 - [MESSAGE][PASSED] - Text 'UDF Data 6' is set on object 'Object Repository/VLink/Page_CCSale/txt_UDF6'

2023-02-17 22:07:29 - [MESSAGE][PASSED] - Text 'UDF Data 7' is set on object 'Object Repository/VLink/Page_CCSale/txt_UDF7'

2023-02-17 22:07:30 - [MESSAGE][PASSED] - Text 'UDF Data 8' is set on object 'Object Repository/VLink/Page_CCSale/txt_UDF8'

2023-02-17 22:07:31 - [MESSAGE][PASSED] - Text 'UDF Data 9' is set on object 'Object Repository/VLink/Page_CCSale/txt_UDF9'

2023-02-17 22:07:31 - [MESSAGE][PASSED] - Text 'UDF Data 10' is set on object 'Object Repository/VLink/Page_CCSale/txt_UDF10'

2023-02-17 22:07:32 - [MESSAGE][PASSED] - Object: 'Object Repository/VLink/Page_CCSale/btn_ProcessVLinkTransaction' is clicked on

2023-02-17 22:07:37 - [MESSAGE][PASSED] - vlinkPages.saleCCPage.setDataSCC is PASSED

2023-02-17 22:07:37 - [TEST_STEP][PASSED] - if (verifyTextPresent("Transaction approved, no errors", true)): null

2023-02-17 22:07:38 - [MESSAGE][PASSED] - Text 'Transaction approved, no errors' is present on page  using regular expression

2023-02-17 22:07:38 - [TEST_STEP][PASSED] - println("Transaction Approved, no errors text is present on the Confirmation page"): null

2023-02-17 22:07:38 - [TEST_STEP][PASSED] - out.println("Pass Record Number: " + row): null

2023-02-17 22:07:38 - [TEST_STEP][PASSED] - resText = "Pass": null

2023-02-17 22:07:38 - [TEST_STEP][PASSED] - pages.WriteExcel.demoKey(resText, datText, resColumn, datCloumn, fileLoc, nameSheet, row): pages.WriteExcel.demoKey is PASSED

2023-02-17 22:07:38 - [MESSAGE][PASSED] - pages.WriteExcel.demoKey is PASSED

2023-02-17 22:07:38 - [TEST_STEP][PASSED] - sdfo = getText(findTestObject("Object Repository/Page_VLinkReceipt/pre_STX")): Text of object 'Object Repository/Page_VLinkReceipt/pre_STX' is: '<STX>fxUQwolERxmJ                  12127377            0  Transaction approved, no errors                   0                                                                                  Y 000036   <ETX>'

2023-02-17 22:07:38 - [MESSAGE][PASSED] - Text of object 'Object Repository/Page_VLinkReceipt/pre_STX' is: '<STX>fxUQwolERxmJ                  12127377            0  Transaction approved, no errors                   0                                                                                  Y 000036   <ETX>'

2023-02-17 22:07:38 - [TEST_STEP][PASSED] - out.println("sdfo: " + sdfo): null

2023-02-17 22:07:38 - [TEST_STEP][PASSED] - remID = substring(5, 35).trim(): null

2023-02-17 22:07:38 - [TEST_STEP][PASSED] - out.println("Remittance ID: " + remID): null

2023-02-17 22:07:38 - [TEST_STEP][PASSED] - traxID = substring(35, 55).trim(): null

2023-02-17 22:07:38 - [TEST_STEP][PASSED] - out.println("Transaction ID: " + traxID): null

2023-02-17 22:07:38 - [TEST_STEP][PASSED] - out.println("End Record Number: " + row): null

2023-02-17 22:07:38 - [TEST_STEP][PASSED] - closeBrowser(): Browser is closed

2023-02-17 22:07:39 - [MESSAGE][PASSED] - Browser is closed

2023-02-17 22:07:39 - [TEST_STEP][PASSED] - ExecuteTC = findTestData(dataFile).getValue("Execute", row): null

2023-02-17 22:07:39 - [TEST_STEP][PASSED] - out.println("Value of Execute is : " + ExecuteTC): null

2023-02-17 22:07:39 - [TEST_STEP][PASSED] - if (ExecuteTC.equalsIgnoreCase("Y")): Browser is closed

2023-02-17 22:07:39 - [TEST_STEP][PASSED] - out.println("Begin Record Number: " + row): null

2023-02-17 22:07:39 - [TEST_STEP][PASSED] - today = new java.util.Date(): null

2023-02-17 22:07:39 - [TEST_STEP][PASSED] - println(today): null

2023-02-17 22:07:39 - [TEST_STEP][PASSED] - datText = today: null

2023-02-17 22:07:39 - [TEST_STEP][PASSED] - openBrowser(VLinkURL + "authcap.html"): Browser is opened with url: 'https://dev-algorithm.govolution.com/vlinktest/QA/version_2_0/authcap.html'

2023-02-17 22:07:39 - [MESSAGE][INFO] - Starting 'Chrome' driver

2023-02-17 22:07:39 - [MESSAGE][INFO] - User set preference: ['acceptInsecureCerts', 'true']

2023-02-17 22:07:39 - [MESSAGE][INFO] - Action delay is set to 0 milliseconds

2023-02-17 22:07:41 - [MESSAGE][PASSED] - Browser is opened with url: 'https://dev-algorithm.govolution.com/vlinktest/QA/version_2_0/authcap.html'

2023-02-17 22:07:41 - [TEST_STEP][PASSED] - maximizeWindow(): Current window maximized

2023-02-17 22:07:41 - [MESSAGE][PASSED] - Current window maximized

2023-02-17 22:07:41 - [TEST_STEP][PASSED] - vlinkPages.saleCCPage.setDataSCC(row, dataFile): vlinkPages.saleCCPage.setDataSCC is PASSED

2023-02-17 22:07:44 - [MESSAGE][PASSED] - Object 'Object Repository/VLink/Page_CCSale/txt_CardNumber' is present

2023-02-17 22:07:45 - [MESSAGE][PASSED] - Text '104' is set on object 'Object Repository/VLink/Page_CCSale/txt_TransactionType'

2023-02-17 22:07:45 - [MESSAGE][PASSED] - Text '2.0C' is set on object 'Object Repository/VLink/Page_CCSale/txt_MessageVersion'

2023-02-17 22:07:46 - [MESSAGE][PASSED] - Text 'pBpxNLE0N9dX' is set on object 'Object Repository/VLink/Page_CCSale/txt_RemID'

2023-02-17 22:07:46 - [MESSAGE][PASSED] - Text '581' is set on object 'Object Repository/VLink/Page_CCSale/txt_ApplicationId'

2023-02-17 22:07:47 - [MESSAGE][PASSED] - Text 'usr581' is set on object 'Object Repository/VLink/Page_CCSale/txt_Username'

2023-02-17 22:07:48 - [MESSAGE][PASSED] - Text 'pwd581' is set on object 'Object Repository/VLink/Page_CCSale/txt_Password'

2023-02-17 22:07:48 - [MESSAGE][PASSED] - Text 'fixed_width' is set on object 'Object Repository/VLink/Page_CCSale/txt_ResponseFormat'

2023-02-17 22:07:49 - [MESSAGE][PASSED] - Text 'RETL' is set on object 'Object Repository/VLink/Page_CCSale/txt_Category'

2023-02-17 22:07:50 - [MESSAGE][PASSED] - Text '' is set on object 'Object Repository/VLink/Page_CCSale/txt_TransactionID'

2023-02-17 22:07:50 - [MESSAGE][PASSED] - Text '' is set on object 'Object Repository/VLink/Page_CCSale/txt_ApprovalCode'

2023-02-17 22:07:51 - [MESSAGE][PASSED] - Text 'Kris Roshan' is set on object 'Object Repository/VLink/Page_CCSale/txt_CardName'

2023-02-17 22:07:52 - [MESSAGE][PASSED] - Text '258 Elm Road' is set on object 'Object Repository/VLink/Page_CCSale/txt_AL1'

2023-02-17 22:07:52 - [MESSAGE][PASSED] - Text 'Suite 56' is set on object 'Object Repository/VLink/Page_CCSale/txt_AL2'

2023-02-17 22:07:53 - [MESSAGE][PASSED] - Text 'Arlington' is set on object 'Object Repository/VLink/Page_CCSale/txt_CardCity'

2023-02-17 22:07:54 - [MESSAGE][PASSED] - Text 'VA' is set on object 'Object Repository/VLink/Page_CCSale/txt_CardState'

2023-02-17 22:07:55 - [MESSAGE][PASSED] - Text '22201' is set on object 'Object Repository/VLink/Page_CCSale/txt_CardZIP'

2023-02-17 22:07:55 - [MESSAGE][PASSED] - Text '840' is set on object 'Object Repository/VLink/Page_CCSale/txt_CountryID'

2023-02-17 22:07:56 - [MESSAGE][PASSED] - Text '1.50' is set on object 'Object Repository/VLink/Page_CCSale/txt_Amount'

2023-02-17 22:07:57 - [MESSAGE][PASSED] - Text '4012000098765439' is set on object 'Object Repository/VLink/Page_CCSale/txt_CardNumber'

2023-02-17 22:07:57 - [MESSAGE][PASSED] - Text '12' is set on object 'Object Repository/VLink/Page_CCSale/txt_ExpMonth'

2023-02-17 22:07:58 - [MESSAGE][PASSED] - Text '2025' is set on object 'Object Repository/VLink/Page_CCSale/txt_ExpYear'

2023-02-17 22:07:59 - [MESSAGE][PASSED] - Text '' is set on object 'Object Repository/VLink/Page_CCSale/txt_CVV'

2023-02-17 22:07:59 - [MESSAGE][PASSED] - Text '' is set on object 'Object Repository/VLink/Page_CCSale/txt_CVVstate'

2023-02-17 22:08:00 - [MESSAGE][PASSED] - Text '' is set on object 'Object Repository/VLink/Page_CCSale/txt_TrackData'

2023-02-17 22:08:01 - [MESSAGE][PASSED] - Text '' is set on object 'Object Repository/VLink/Page_CCSale/txt_Track1Data'

2023-02-17 22:08:01 - [MESSAGE][PASSED] - Text '' is set on object 'Object Repository/VLink/Page_CCSale/txt_Track2Data'

2023-02-17 22:08:02 - [MESSAGE][PASSED] - Text 'manual' is set on object 'Object Repository/VLink/Page_CCSale/txt_POSEntryMode'

2023-02-17 22:08:03 - [MESSAGE][PASSED] - Text 'iahmed@govolution.com' is set on object 'Object Repository/VLink/Page_CCSale/txt_Email'

2023-02-17 22:08:03 - [MESSAGE][PASSED] - Text '2569362' is set on object 'Object Repository/VLink/Page_CCSale/txt_OrderNumber'

2023-02-17 22:08:04 - [MESSAGE][PASSED] - Text '1.15' is set on object 'Object Repository/VLink/Page_CCSale/txt_TaxAmount'

2023-02-17 22:08:05 - [MESSAGE][PASSED] - Text 'Charge Description' is set on object 'Object Repository/VLink/Page_CCSale/txt_ChargeDescription'

2023-02-17 22:08:05 - [MESSAGE][PASSED] - Text '147357' is set on object 'Object Repository/VLink/Page_CCSale/txt_CAN'

2023-02-17 22:08:06 - [MESSAGE][PASSED] - Text '1' is set on object 'Object Repository/VLink/Page_CCSale/txt_BillPaymentIndicator'

2023-02-17 22:08:07 - [MESSAGE][PASSED] - Text 'UDF Data 1' is set on object 'Object Repository/VLink/Page_CCSale/txt_UDF1'

2023-02-17 22:08:08 - [MESSAGE][PASSED] - Text 'UDF Data 2' is set on object 'Object Repository/VLink/Page_CCSale/txt_UDF2'

2023-02-17 22:08:08 - [MESSAGE][PASSED] - Text 'UDF Data 3' is set on object 'Object Repository/VLink/Page_CCSale/txt_UDF3'

2023-02-17 22:08:09 - [MESSAGE][PASSED] - Text 'UDF Data 4' is set on object 'Object Repository/VLink/Page_CCSale/txt_UDF4'

2023-02-17 22:08:10 - [MESSAGE][PASSED] - Text 'UDF Data 5' is set on object 'Object Repository/VLink/Page_CCSale/txt_UDF5'

2023-02-17 22:08:10 - [MESSAGE][PASSED] - Text 'UDF Data 6' is set on object 'Object Repository/VLink/Page_CCSale/txt_UDF6'

2023-02-17 22:08:11 - [MESSAGE][PASSED] - Text 'UDF Data 7' is set on object 'Object Repository/VLink/Page_CCSale/txt_UDF7'

2023-02-17 22:08:12 - [MESSAGE][PASSED] - Text 'UDF Data 8' is set on object 'Object Repository/VLink/Page_CCSale/txt_UDF8'

2023-02-17 22:08:13 - [MESSAGE][PASSED] - Text 'UDF Data 9' is set on object 'Object Repository/VLink/Page_CCSale/txt_UDF9'

2023-02-17 22:08:13 - [MESSAGE][PASSED] - Text 'UDF Data 10' is set on object 'Object Repository/VLink/Page_CCSale/txt_UDF10'

2023-02-17 22:08:14 - [MESSAGE][PASSED] - Object: 'Object Repository/VLink/Page_CCSale/btn_ProcessVLinkTransaction' is clicked on

2023-02-17 22:08:19 - [MESSAGE][PASSED] - vlinkPages.saleCCPage.setDataSCC is PASSED

2023-02-17 22:08:19 - [TEST_STEP][PASSED] - if (verifyTextPresent("Transaction approved, no errors", true)): null

2023-02-17 22:08:20 - [MESSAGE][PASSED] - Text 'Transaction approved, no errors' is present on page  using regular expression

2023-02-17 22:08:20 - [TEST_STEP][PASSED] - println("Transaction Approved, no errors text is present on the Confirmation page"): null

2023-02-17 22:08:20 - [TEST_STEP][PASSED] - out.println("Pass Record Number: " + row): null

2023-02-17 22:08:20 - [TEST_STEP][PASSED] - resText = "Pass": null

2023-02-17 22:08:20 - [TEST_STEP][PASSED] - pages.WriteExcel.demoKey(resText, datText, resColumn, datCloumn, fileLoc, nameSheet, row): pages.WriteExcel.demoKey is PASSED

2023-02-17 22:08:20 - [MESSAGE][PASSED] - pages.WriteExcel.demoKey is PASSED

2023-02-17 22:08:20 - [TEST_STEP][PASSED] - sdfo = getText(findTestObject("Object Repository/Page_VLinkReceipt/pre_STX")): Text of object 'Object Repository/Page_VLinkReceipt/pre_STX' is: '<STX>pBpxNLE0N9dX                  12127378            0  Transaction approved, no errors                   0                                                                                  Y 000037   <ETX>'

2023-02-17 22:08:20 - [MESSAGE][PASSED] - Text of object 'Object Repository/Page_VLinkReceipt/pre_STX' is: '<STX>pBpxNLE0N9dX                  12127378            0  Transaction approved, no errors                   0                                                                                  Y 000037   <ETX>'

2023-02-17 22:08:20 - [TEST_STEP][PASSED] - out.println("sdfo: " + sdfo): null

2023-02-17 22:08:20 - [TEST_STEP][PASSED] - remID = substring(5, 35).trim(): null

2023-02-17 22:08:20 - [TEST_STEP][PASSED] - out.println("Remittance ID: " + remID): null

2023-02-17 22:08:20 - [TEST_STEP][PASSED] - traxID = substring(35, 55).trim(): null

2023-02-17 22:08:20 - [TEST_STEP][PASSED] - out.println("Transaction ID: " + traxID): null

2023-02-17 22:08:20 - [TEST_STEP][PASSED] - out.println("End Record Number: " + row): null

2023-02-17 22:08:20 - [TEST_STEP][PASSED] - closeBrowser(): Browser is closed

2023-02-17 22:08:21 - [MESSAGE][PASSED] - Browser is closed

2023-02-17 22:08:21 - [TEST_STEP][PASSED] - ExecuteTC = findTestData(dataFile).getValue("Execute", row): null

2023-02-17 22:08:21 - [TEST_STEP][PASSED] - out.println("Value of Execute is : " + ExecuteTC): null

2023-02-17 22:08:21 - [TEST_STEP][PASSED] - if (ExecuteTC.equalsIgnoreCase("Y")): Browser is closed

2023-02-17 22:08:21 - [TEST_STEP][PASSED] - out.println("Begin Record Number: " + row): null

2023-02-17 22:08:21 - [TEST_STEP][PASSED] - today = new java.util.Date(): null

2023-02-17 22:08:21 - [TEST_STEP][PASSED] - println(today): null

2023-02-17 22:08:21 - [TEST_STEP][PASSED] - datText = today: null

2023-02-17 22:08:21 - [TEST_STEP][PASSED] - openBrowser(VLinkURL + "authcap.html"): Browser is opened with url: 'https://dev-algorithm.govolution.com/vlinktest/QA/version_2_0/authcap.html'

2023-02-17 22:08:21 - [MESSAGE][INFO] - Starting 'Chrome' driver

2023-02-17 22:08:21 - [MESSAGE][INFO] - User set preference: ['acceptInsecureCerts', 'true']

2023-02-17 22:08:21 - [MESSAGE][INFO] - Action delay is set to 0 milliseconds

2023-02-17 22:08:23 - [MESSAGE][PASSED] - Browser is opened with url: 'https://dev-algorithm.govolution.com/vlinktest/QA/version_2_0/authcap.html'

2023-02-17 22:08:23 - [TEST_STEP][PASSED] - maximizeWindow(): Current window maximized

2023-02-17 22:08:23 - [MESSAGE][PASSED] - Current window maximized

2023-02-17 22:08:23 - [TEST_STEP][PASSED] - vlinkPages.saleCCPage.setDataSCC(row, dataFile): vlinkPages.saleCCPage.setDataSCC is PASSED

2023-02-17 22:08:26 - [MESSAGE][PASSED] - Object 'Object Repository/VLink/Page_CCSale/txt_CardNumber' is present

2023-02-17 22:08:26 - [MESSAGE][PASSED] - Text '104' is set on object 'Object Repository/VLink/Page_CCSale/txt_TransactionType'

2023-02-17 22:08:27 - [MESSAGE][PASSED] - Text '2.0C' is set on object 'Object Repository/VLink/Page_CCSale/txt_MessageVersion'

2023-02-17 22:08:28 - [MESSAGE][PASSED] - Text 'LKvtUsezGrQk' is set on object 'Object Repository/VLink/Page_CCSale/txt_RemID'

2023-02-17 22:08:28 - [MESSAGE][PASSED] - Text '581' is set on object 'Object Repository/VLink/Page_CCSale/txt_ApplicationId'

2023-02-17 22:08:29 - [MESSAGE][PASSED] - Text 'usr581' is set on object 'Object Repository/VLink/Page_CCSale/txt_Username'

2023-02-17 22:08:30 - [MESSAGE][PASSED] - Text 'pwd581' is set on object 'Object Repository/VLink/Page_CCSale/txt_Password'

2023-02-17 22:08:30 - [MESSAGE][PASSED] - Text 'fixed_width' is set on object 'Object Repository/VLink/Page_CCSale/txt_ResponseFormat'

2023-02-17 22:08:31 - [MESSAGE][PASSED] - Text 'ECOM' is set on object 'Object Repository/VLink/Page_CCSale/txt_Category'

2023-02-17 22:08:31 - [MESSAGE][PASSED] - Text '' is set on object 'Object Repository/VLink/Page_CCSale/txt_TransactionID'

2023-02-17 22:08:32 - [MESSAGE][PASSED] - Text '' is set on object 'Object Repository/VLink/Page_CCSale/txt_ApprovalCode'

2023-02-17 22:08:33 - [MESSAGE][PASSED] - Text 'Kris Roshan' is set on object 'Object Repository/VLink/Page_CCSale/txt_CardName'

2023-02-17 22:08:34 - [MESSAGE][PASSED] - Text '258 Elm Road' is set on object 'Object Repository/VLink/Page_CCSale/txt_AL1'

2023-02-17 22:08:34 - [MESSAGE][PASSED] - Text 'Suite 56' is set on object 'Object Repository/VLink/Page_CCSale/txt_AL2'

2023-02-17 22:08:35 - [MESSAGE][PASSED] - Text 'Arlington' is set on object 'Object Repository/VLink/Page_CCSale/txt_CardCity'

2023-02-17 22:08:36 - [MESSAGE][PASSED] - Text 'VA' is set on object 'Object Repository/VLink/Page_CCSale/txt_CardState'

2023-02-17 22:08:36 - [MESSAGE][PASSED] - Text '22201' is set on object 'Object Repository/VLink/Page_CCSale/txt_CardZIP'

2023-02-17 22:08:37 - [MESSAGE][PASSED] - Text '840' is set on object 'Object Repository/VLink/Page_CCSale/txt_CountryID'

2023-02-17 22:08:38 - [MESSAGE][PASSED] - Text '1.50' is set on object 'Object Repository/VLink/Page_CCSale/txt_Amount'

2023-02-17 22:08:38 - [MESSAGE][PASSED] - Text '5146312200000035' is set on object 'Object Repository/VLink/Page_CCSale/txt_CardNumber'

2023-02-17 22:08:39 - [MESSAGE][PASSED] - Text '12' is set on object 'Object Repository/VLink/Page_CCSale/txt_ExpMonth'

2023-02-17 22:08:40 - [MESSAGE][PASSED] - Text '2025' is set on object 'Object Repository/VLink/Page_CCSale/txt_ExpYear'

2023-02-17 22:08:40 - [MESSAGE][PASSED] - Text '' is set on object 'Object Repository/VLink/Page_CCSale/txt_CVV'

2023-02-17 22:08:41 - [MESSAGE][PASSED] - Text '' is set on object 'Object Repository/VLink/Page_CCSale/txt_CVVstate'

2023-02-17 22:08:42 - [MESSAGE][PASSED] - Text '' is set on object 'Object Repository/VLink/Page_CCSale/txt_TrackData'

2023-02-17 22:08:42 - [MESSAGE][PASSED] - Text '' is set on object 'Object Repository/VLink/Page_CCSale/txt_Track1Data'

2023-02-17 22:08:43 - [MESSAGE][PASSED] - Text '' is set on object 'Object Repository/VLink/Page_CCSale/txt_Track2Data'

2023-02-17 22:08:44 - [MESSAGE][PASSED] - Text 'manual' is set on object 'Object Repository/VLink/Page_CCSale/txt_POSEntryMode'

2023-02-17 22:08:45 - [MESSAGE][PASSED] - Text 'iahmed@govolution.com' is set on object 'Object Repository/VLink/Page_CCSale/txt_Email'

2023-02-17 22:08:45 - [MESSAGE][PASSED] - Text '2569362' is set on object 'Object Repository/VLink/Page_CCSale/txt_OrderNumber'

2023-02-17 22:08:46 - [MESSAGE][PASSED] - Text '1.15' is set on object 'Object Repository/VLink/Page_CCSale/txt_TaxAmount'

2023-02-17 22:08:47 - [MESSAGE][PASSED] - Text 'Charge Description' is set on object 'Object Repository/VLink/Page_CCSale/txt_ChargeDescription'

2023-02-17 22:08:47 - [MESSAGE][PASSED] - Text '147357' is set on object 'Object Repository/VLink/Page_CCSale/txt_CAN'

2023-02-17 22:08:48 - [MESSAGE][PASSED] - Text '1' is set on object 'Object Repository/VLink/Page_CCSale/txt_BillPaymentIndicator'

2023-02-17 22:08:49 - [MESSAGE][PASSED] - Text 'UDF Data 1' is set on object 'Object Repository/VLink/Page_CCSale/txt_UDF1'

2023-02-17 22:08:49 - [MESSAGE][PASSED] - Text 'UDF Data 2' is set on object 'Object Repository/VLink/Page_CCSale/txt_UDF2'

2023-02-17 22:08:50 - [MESSAGE][PASSED] - Text 'UDF Data 3' is set on object 'Object Repository/VLink/Page_CCSale/txt_UDF3'

2023-02-17 22:08:51 - [MESSAGE][PASSED] - Text 'UDF Data 4' is set on object 'Object Repository/VLink/Page_CCSale/txt_UDF4'

2023-02-17 22:08:51 - [MESSAGE][PASSED] - Text 'UDF Data 5' is set on object 'Object Repository/VLink/Page_CCSale/txt_UDF5'

2023-02-17 22:08:52 - [MESSAGE][PASSED] - Text 'UDF Data 6' is set on object 'Object Repository/VLink/Page_CCSale/txt_UDF6'

2023-02-17 22:08:53 - [MESSAGE][PASSED] - Text 'UDF Data 7' is set on object 'Object Repository/VLink/Page_CCSale/txt_UDF7'

2023-02-17 22:08:54 - [MESSAGE][PASSED] - Text 'UDF Data 8' is set on object 'Object Repository/VLink/Page_CCSale/txt_UDF8'

2023-02-17 22:08:54 - [MESSAGE][PASSED] - Text 'UDF Data 9' is set on object 'Object Repository/VLink/Page_CCSale/txt_UDF9'

2023-02-17 22:08:55 - [MESSAGE][PASSED] - Text 'UDF Data 10' is set on object 'Object Repository/VLink/Page_CCSale/txt_UDF10'

2023-02-17 22:08:56 - [MESSAGE][PASSED] - Object: 'Object Repository/VLink/Page_CCSale/btn_ProcessVLinkTransaction' is clicked on

2023-02-17 22:09:01 - [MESSAGE][PASSED] - vlinkPages.saleCCPage.setDataSCC is PASSED

2023-02-17 22:09:01 - [TEST_STEP][PASSED] - if (verifyTextPresent("Transaction approved, no errors", true)): null

2023-02-17 22:09:01 - [MESSAGE][PASSED] - Text 'Transaction approved, no errors' is present on page  using regular expression

2023-02-17 22:09:01 - [TEST_STEP][PASSED] - println("Transaction Approved, no errors text is present on the Confirmation page"): null

2023-02-17 22:09:01 - [TEST_STEP][PASSED] - out.println("Pass Record Number: " + row): null

2023-02-17 22:09:01 - [TEST_STEP][PASSED] - resText = "Pass": null

2023-02-17 22:09:01 - [TEST_STEP][PASSED] - pages.WriteExcel.demoKey(resText, datText, resColumn, datCloumn, fileLoc, nameSheet, row): pages.WriteExcel.demoKey is PASSED

2023-02-17 22:09:01 - [MESSAGE][PASSED] - pages.WriteExcel.demoKey is PASSED

2023-02-17 22:09:01 - [TEST_STEP][PASSED] - sdfo = getText(findTestObject("Object Repository/Page_VLinkReceipt/pre_STX")): Text of object 'Object Repository/Page_VLinkReceipt/pre_STX' is: '<STX>LKvtUsezGrQk                  12127379            0  Transaction approved, no errors                   0                                                                                  Y 000038   <ETX>'

2023-02-17 22:09:02 - [MESSAGE][PASSED] - Text of object 'Object Repository/Page_VLinkReceipt/pre_STX' is: '<STX>LKvtUsezGrQk                  12127379            0  Transaction approved, no errors                   0                                                                                  Y 000038   <ETX>'

2023-02-17 22:09:02 - [TEST_STEP][PASSED] - out.println("sdfo: " + sdfo): null

2023-02-17 22:09:02 - [TEST_STEP][PASSED] - remID = substring(5, 35).trim(): null

2023-02-17 22:09:02 - [TEST_STEP][PASSED] - out.println("Remittance ID: " + remID): null

2023-02-17 22:09:02 - [TEST_STEP][PASSED] - traxID = substring(35, 55).trim(): null

2023-02-17 22:09:02 - [TEST_STEP][PASSED] - out.println("Transaction ID: " + traxID): null

2023-02-17 22:09:02 - [TEST_STEP][PASSED] - out.println("End Record Number: " + row): null

2023-02-17 22:09:02 - [TEST_STEP][PASSED] - closeBrowser(): Browser is closed

2023-02-17 22:09:03 - [MESSAGE][PASSED] - Browser is closed

2023-02-17 22:09:03 - [TEST_STEP][PASSED] - ExecuteTC = findTestData(dataFile).getValue("Execute", row): null

2023-02-17 22:09:03 - [TEST_STEP][PASSED] - out.println("Value of Execute is : " + ExecuteTC): null

2023-02-17 22:09:03 - [TEST_STEP][PASSED] - if (ExecuteTC.equalsIgnoreCase("Y")): Browser is closed

2023-02-17 22:09:03 - [TEST_STEP][PASSED] - out.println("Begin Record Number: " + row): null

2023-02-17 22:09:03 - [TEST_STEP][PASSED] - today = new java.util.Date(): null

2023-02-17 22:09:03 - [TEST_STEP][PASSED] - println(today): null

2023-02-17 22:09:03 - [TEST_STEP][PASSED] - datText = today: null

2023-02-17 22:09:03 - [TEST_STEP][PASSED] - openBrowser(VLinkURL + "authcap.html"): Browser is opened with url: 'https://dev-algorithm.govolution.com/vlinktest/QA/version_2_0/authcap.html'

2023-02-17 22:09:03 - [MESSAGE][INFO] - Starting 'Chrome' driver

2023-02-17 22:09:03 - [MESSAGE][INFO] - User set preference: ['acceptInsecureCerts', 'true']

2023-02-17 22:09:03 - [MESSAGE][INFO] - Action delay is set to 0 milliseconds

2023-02-17 22:09:05 - [MESSAGE][PASSED] - Browser is opened with url: 'https://dev-algorithm.govolution.com/vlinktest/QA/version_2_0/authcap.html'

2023-02-17 22:09:05 - [TEST_STEP][PASSED] - maximizeWindow(): Current window maximized

2023-02-17 22:09:05 - [MESSAGE][PASSED] - Current window maximized

2023-02-17 22:09:05 - [TEST_STEP][PASSED] - vlinkPages.saleCCPage.setDataSCC(row, dataFile): vlinkPages.saleCCPage.setDataSCC is PASSED

2023-02-17 22:09:08 - [MESSAGE][PASSED] - Object 'Object Repository/VLink/Page_CCSale/txt_CardNumber' is present

2023-02-17 22:09:08 - [MESSAGE][PASSED] - Text '104' is set on object 'Object Repository/VLink/Page_CCSale/txt_TransactionType'

2023-02-17 22:09:09 - [MESSAGE][PASSED] - Text '2.0C' is set on object 'Object Repository/VLink/Page_CCSale/txt_MessageVersion'

2023-02-17 22:09:09 - [MESSAGE][PASSED] - Text '4bmv2nLvmxL1' is set on object 'Object Repository/VLink/Page_CCSale/txt_RemID'

2023-02-17 22:09:10 - [MESSAGE][PASSED] - Text '581' is set on object 'Object Repository/VLink/Page_CCSale/txt_ApplicationId'

2023-02-17 22:09:11 - [MESSAGE][PASSED] - Text 'usr581' is set on object 'Object Repository/VLink/Page_CCSale/txt_Username'

2023-02-17 22:09:11 - [MESSAGE][PASSED] - Text 'pwd581' is set on object 'Object Repository/VLink/Page_CCSale/txt_Password'

2023-02-17 22:09:12 - [MESSAGE][PASSED] - Text 'fixed_width' is set on object 'Object Repository/VLink/Page_CCSale/txt_ResponseFormat'

2023-02-17 22:09:13 - [MESSAGE][PASSED] - Text 'MOTO' is set on object 'Object Repository/VLink/Page_CCSale/txt_Category'

2023-02-17 22:09:13 - [MESSAGE][PASSED] - Text '' is set on object 'Object Repository/VLink/Page_CCSale/txt_TransactionID'

2023-02-17 22:09:14 - [MESSAGE][PASSED] - Text '' is set on object 'Object Repository/VLink/Page_CCSale/txt_ApprovalCode'

2023-02-17 22:09:15 - [MESSAGE][PASSED] - Text 'Kris Roshan' is set on object 'Object Repository/VLink/Page_CCSale/txt_CardName'

2023-02-17 22:09:15 - [MESSAGE][PASSED] - Text '258 Elm Road' is set on object 'Object Repository/VLink/Page_CCSale/txt_AL1'

2023-02-17 22:09:16 - [MESSAGE][PASSED] - Text 'Suite 56' is set on object 'Object Repository/VLink/Page_CCSale/txt_AL2'

2023-02-17 22:09:17 - [MESSAGE][PASSED] - Text 'Arlington' is set on object 'Object Repository/VLink/Page_CCSale/txt_CardCity'

2023-02-17 22:09:17 - [MESSAGE][PASSED] - Text 'VA' is set on object 'Object Repository/VLink/Page_CCSale/txt_CardState'

2023-02-17 22:09:18 - [MESSAGE][PASSED] - Text '22201' is set on object 'Object Repository/VLink/Page_CCSale/txt_CardZIP'

2023-02-17 22:09:19 - [MESSAGE][PASSED] - Text '840' is set on object 'Object Repository/VLink/Page_CCSale/txt_CountryID'

2023-02-17 22:09:19 - [MESSAGE][PASSED] - Text '1.50' is set on object 'Object Repository/VLink/Page_CCSale/txt_Amount'

2023-02-17 22:09:20 - [MESSAGE][PASSED] - Text '5146312200000035' is set on object 'Object Repository/VLink/Page_CCSale/txt_CardNumber'

2023-02-17 22:09:21 - [MESSAGE][PASSED] - Text '12' is set on object 'Object Repository/VLink/Page_CCSale/txt_ExpMonth'

2023-02-17 22:09:21 - [MESSAGE][PASSED] - Text '2025' is set on object 'Object Repository/VLink/Page_CCSale/txt_ExpYear'

2023-02-17 22:09:22 - [MESSAGE][PASSED] - Text '' is set on object 'Object Repository/VLink/Page_CCSale/txt_CVV'

2023-02-17 22:09:23 - [MESSAGE][PASSED] - Text '' is set on object 'Object Repository/VLink/Page_CCSale/txt_CVVstate'

2023-02-17 22:09:23 - [MESSAGE][PASSED] - Text '' is set on object 'Object Repository/VLink/Page_CCSale/txt_TrackData'

2023-02-17 22:09:24 - [MESSAGE][PASSED] - Text '' is set on object 'Object Repository/VLink/Page_CCSale/txt_Track1Data'

2023-02-17 22:09:25 - [MESSAGE][PASSED] - Text '' is set on object 'Object Repository/VLink/Page_CCSale/txt_Track2Data'

2023-02-17 22:09:25 - [MESSAGE][PASSED] - Text 'manual' is set on object 'Object Repository/VLink/Page_CCSale/txt_POSEntryMode'

2023-02-17 22:09:26 - [MESSAGE][PASSED] - Text 'iahmed@govolution.com' is set on object 'Object Repository/VLink/Page_CCSale/txt_Email'

2023-02-17 22:09:27 - [MESSAGE][PASSED] - Text '2569362' is set on object 'Object Repository/VLink/Page_CCSale/txt_OrderNumber'

2023-02-17 22:09:28 - [MESSAGE][PASSED] - Text '1.15' is set on object 'Object Repository/VLink/Page_CCSale/txt_TaxAmount'

2023-02-17 22:09:28 - [MESSAGE][PASSED] - Text 'Charge Description' is set on object 'Object Repository/VLink/Page_CCSale/txt_ChargeDescription'

2023-02-17 22:09:29 - [MESSAGE][PASSED] - Text '147357' is set on object 'Object Repository/VLink/Page_CCSale/txt_CAN'

2023-02-17 22:09:30 - [MESSAGE][PASSED] - Text '1' is set on object 'Object Repository/VLink/Page_CCSale/txt_BillPaymentIndicator'

2023-02-17 22:09:30 - [MESSAGE][PASSED] - Text 'UDF Data 1' is set on object 'Object Repository/VLink/Page_CCSale/txt_UDF1'

2023-02-17 22:09:31 - [MESSAGE][PASSED] - Text 'UDF Data 2' is set on object 'Object Repository/VLink/Page_CCSale/txt_UDF2'

2023-02-17 22:09:32 - [MESSAGE][PASSED] - Text 'UDF Data 3' is set on object 'Object Repository/VLink/Page_CCSale/txt_UDF3'

2023-02-17 22:09:32 - [MESSAGE][PASSED] - Text 'UDF Data 4' is set on object 'Object Repository/VLink/Page_CCSale/txt_UDF4'

2023-02-17 22:09:33 - [MESSAGE][PASSED] - Text 'UDF Data 5' is set on object 'Object Repository/VLink/Page_CCSale/txt_UDF5'

2023-02-17 22:09:34 - [MESSAGE][PASSED] - Text 'UDF Data 6' is set on object 'Object Repository/VLink/Page_CCSale/txt_UDF6'

2023-02-17 22:09:34 - [MESSAGE][PASSED] - Text 'UDF Data 7' is set on object 'Object Repository/VLink/Page_CCSale/txt_UDF7'

2023-02-17 22:09:35 - [MESSAGE][PASSED] - Text 'UDF Data 8' is set on object 'Object Repository/VLink/Page_CCSale/txt_UDF8'

2023-02-17 22:09:36 - [MESSAGE][PASSED] - Text 'UDF Data 9' is set on object 'Object Repository/VLink/Page_CCSale/txt_UDF9'

2023-02-17 22:09:37 - [MESSAGE][PASSED] - Text 'UDF Data 10' is set on object 'Object Repository/VLink/Page_CCSale/txt_UDF10'

2023-02-17 22:09:38 - [MESSAGE][PASSED] - Object: 'Object Repository/VLink/Page_CCSale/btn_ProcessVLinkTransaction' is clicked on

2023-02-17 22:09:43 - [MESSAGE][PASSED] - vlinkPages.saleCCPage.setDataSCC is PASSED

2023-02-17 22:09:43 - [TEST_STEP][PASSED] - if (verifyTextPresent("Transaction approved, no errors", true)): null

2023-02-17 22:09:43 - [MESSAGE][PASSED] - Text 'Transaction approved, no errors' is present on page  using regular expression

2023-02-17 22:09:43 - [TEST_STEP][PASSED] - println("Transaction Approved, no errors text is present on the Confirmation page"): null

2023-02-17 22:09:43 - [TEST_STEP][PASSED] - out.println("Pass Record Number: " + row): null

2023-02-17 22:09:43 - [TEST_STEP][PASSED] - resText = "Pass": null

2023-02-17 22:09:43 - [TEST_STEP][PASSED] - pages.WriteExcel.demoKey(resText, datText, resColumn, datCloumn, fileLoc, nameSheet, row): pages.WriteExcel.demoKey is PASSED

2023-02-17 22:09:43 - [MESSAGE][PASSED] - pages.WriteExcel.demoKey is PASSED

2023-02-17 22:09:43 - [TEST_STEP][PASSED] - sdfo = getText(findTestObject("Object Repository/Page_VLinkReceipt/pre_STX")): Text of object 'Object Repository/Page_VLinkReceipt/pre_STX' is: '<STX>4bmv2nLvmxL1                  12127380            0  Transaction approved, no errors                   0                                                                                  Y 000039   <ETX>'

2023-02-17 22:09:43 - [MESSAGE][PASSED] - Text of object 'Object Repository/Page_VLinkReceipt/pre_STX' is: '<STX>4bmv2nLvmxL1                  12127380            0  Transaction approved, no errors                   0                                                                                  Y 000039   <ETX>'

2023-02-17 22:09:43 - [TEST_STEP][PASSED] - out.println("sdfo: " + sdfo): null

2023-02-17 22:09:43 - [TEST_STEP][PASSED] - remID = substring(5, 35).trim(): null

2023-02-17 22:09:43 - [TEST_STEP][PASSED] - out.println("Remittance ID: " + remID): null

2023-02-17 22:09:43 - [TEST_STEP][PASSED] - traxID = substring(35, 55).trim(): null

2023-02-17 22:09:43 - [TEST_STEP][PASSED] - out.println("Transaction ID: " + traxID): null

2023-02-17 22:09:43 - [TEST_STEP][PASSED] - out.println("End Record Number: " + row): null

2023-02-17 22:09:43 - [TEST_STEP][PASSED] - closeBrowser(): Browser is closed

2023-02-17 22:09:44 - [MESSAGE][PASSED] - Browser is closed

2023-02-17 22:09:44 - [TEST_STEP][PASSED] - ExecuteTC = findTestData(dataFile).getValue("Execute", row): null

2023-02-17 22:09:44 - [TEST_STEP][PASSED] - out.println("Value of Execute is : " + ExecuteTC): null

2023-02-17 22:09:44 - [TEST_STEP][PASSED] - if (ExecuteTC.equalsIgnoreCase("Y")): Browser is closed

2023-02-17 22:09:44 - [TEST_STEP][PASSED] - out.println("Begin Record Number: " + row): null

2023-02-17 22:09:44 - [TEST_STEP][PASSED] - today = new java.util.Date(): null

2023-02-17 22:09:44 - [TEST_STEP][PASSED] - println(today): null

2023-02-17 22:09:44 - [TEST_STEP][PASSED] - datText = today: null

2023-02-17 22:09:44 - [TEST_STEP][PASSED] - openBrowser(VLinkURL + "authcap.html"): Browser is opened with url: 'https://dev-algorithm.govolution.com/vlinktest/QA/version_2_0/authcap.html'

2023-02-17 22:09:44 - [MESSAGE][INFO] - Starting 'Chrome' driver

2023-02-17 22:09:44 - [MESSAGE][INFO] - User set preference: ['acceptInsecureCerts', 'true']

2023-02-17 22:09:44 - [MESSAGE][INFO] - Action delay is set to 0 milliseconds

2023-02-17 22:09:46 - [MESSAGE][PASSED] - Browser is opened with url: 'https://dev-algorithm.govolution.com/vlinktest/QA/version_2_0/authcap.html'

2023-02-17 22:09:46 - [TEST_STEP][PASSED] - maximizeWindow(): Current window maximized

2023-02-17 22:09:46 - [MESSAGE][PASSED] - Current window maximized

2023-02-17 22:09:46 - [TEST_STEP][PASSED] - vlinkPages.saleCCPage.setDataSCC(row, dataFile): vlinkPages.saleCCPage.setDataSCC is PASSED

2023-02-17 22:09:49 - [MESSAGE][PASSED] - Object 'Object Repository/VLink/Page_CCSale/txt_CardNumber' is present

2023-02-17 22:09:50 - [MESSAGE][PASSED] - Text '104' is set on object 'Object Repository/VLink/Page_CCSale/txt_TransactionType'

2023-02-17 22:09:50 - [MESSAGE][PASSED] - Text '2.0C' is set on object 'Object Repository/VLink/Page_CCSale/txt_MessageVersion'

2023-02-17 22:09:51 - [MESSAGE][PASSED] - Text 'jP9U5ap0ZABv' is set on object 'Object Repository/VLink/Page_CCSale/txt_RemID'

2023-02-17 22:09:52 - [MESSAGE][PASSED] - Text '581' is set on object 'Object Repository/VLink/Page_CCSale/txt_ApplicationId'

2023-02-17 22:09:52 - [MESSAGE][PASSED] - Text 'usr581' is set on object 'Object Repository/VLink/Page_CCSale/txt_Username'

2023-02-17 22:09:53 - [MESSAGE][PASSED] - Text 'pwd581' is set on object 'Object Repository/VLink/Page_CCSale/txt_Password'

2023-02-17 22:09:53 - [MESSAGE][PASSED] - Text 'fixed_width' is set on object 'Object Repository/VLink/Page_CCSale/txt_ResponseFormat'

2023-02-17 22:09:54 - [MESSAGE][PASSED] - Text 'RETL' is set on object 'Object Repository/VLink/Page_CCSale/txt_Category'

2023-02-17 22:09:55 - [MESSAGE][PASSED] - Text '' is set on object 'Object Repository/VLink/Page_CCSale/txt_TransactionID'

2023-02-17 22:09:55 - [MESSAGE][PASSED] - Text '' is set on object 'Object Repository/VLink/Page_CCSale/txt_ApprovalCode'

2023-02-17 22:09:56 - [MESSAGE][PASSED] - Text 'Kris Roshan' is set on object 'Object Repository/VLink/Page_CCSale/txt_CardName'

2023-02-17 22:09:57 - [MESSAGE][PASSED] - Text '258 Elm Road' is set on object 'Object Repository/VLink/Page_CCSale/txt_AL1'

2023-02-17 22:09:58 - [MESSAGE][PASSED] - Text 'Suite 56' is set on object 'Object Repository/VLink/Page_CCSale/txt_AL2'

2023-02-17 22:09:58 - [MESSAGE][PASSED] - Text 'Arlington' is set on object 'Object Repository/VLink/Page_CCSale/txt_CardCity'

2023-02-17 22:09:59 - [MESSAGE][PASSED] - Text 'VA' is set on object 'Object Repository/VLink/Page_CCSale/txt_CardState'

2023-02-17 22:10:00 - [MESSAGE][PASSED] - Text '22201' is set on object 'Object Repository/VLink/Page_CCSale/txt_CardZIP'

2023-02-17 22:10:00 - [MESSAGE][PASSED] - Text '840' is set on object 'Object Repository/VLink/Page_CCSale/txt_CountryID'

2023-02-17 22:10:01 - [MESSAGE][PASSED] - Text '1.50' is set on object 'Object Repository/VLink/Page_CCSale/txt_Amount'

2023-02-17 22:10:02 - [MESSAGE][PASSED] - Text '5146312200000035' is set on object 'Object Repository/VLink/Page_CCSale/txt_CardNumber'

2023-02-17 22:10:02 - [MESSAGE][PASSED] - Text '12' is set on object 'Object Repository/VLink/Page_CCSale/txt_ExpMonth'

2023-02-17 22:10:03 - [MESSAGE][PASSED] - Text '2025' is set on object 'Object Repository/VLink/Page_CCSale/txt_ExpYear'

2023-02-17 22:10:04 - [MESSAGE][PASSED] - Text '' is set on object 'Object Repository/VLink/Page_CCSale/txt_CVV'

2023-02-17 22:10:05 - [MESSAGE][PASSED] - Text '' is set on object 'Object Repository/VLink/Page_CCSale/txt_CVVstate'

2023-02-17 22:10:05 - [MESSAGE][PASSED] - Text '' is set on object 'Object Repository/VLink/Page_CCSale/txt_TrackData'

2023-02-17 22:10:06 - [MESSAGE][PASSED] - Text '' is set on object 'Object Repository/VLink/Page_CCSale/txt_Track1Data'

2023-02-17 22:10:07 - [MESSAGE][PASSED] - Text '' is set on object 'Object Repository/VLink/Page_CCSale/txt_Track2Data'

2023-02-17 22:10:07 - [MESSAGE][PASSED] - Text 'manual' is set on object 'Object Repository/VLink/Page_CCSale/txt_POSEntryMode'

2023-02-17 22:10:08 - [MESSAGE][PASSED] - Text 'iahmed@govolution.com' is set on object 'Object Repository/VLink/Page_CCSale/txt_Email'

2023-02-17 22:10:09 - [MESSAGE][PASSED] - Text '2569362' is set on object 'Object Repository/VLink/Page_CCSale/txt_OrderNumber'

2023-02-17 22:10:09 - [MESSAGE][PASSED] - Text '1.15' is set on object 'Object Repository/VLink/Page_CCSale/txt_TaxAmount'

2023-02-17 22:10:10 - [MESSAGE][PASSED] - Text 'Charge Description' is set on object 'Object Repository/VLink/Page_CCSale/txt_ChargeDescription'

2023-02-17 22:10:11 - [MESSAGE][PASSED] - Text '147357' is set on object 'Object Repository/VLink/Page_CCSale/txt_CAN'

2023-02-17 22:10:11 - [MESSAGE][PASSED] - Text '1' is set on object 'Object Repository/VLink/Page_CCSale/txt_BillPaymentIndicator'

2023-02-17 22:10:12 - [MESSAGE][PASSED] - Text 'UDF Data 1' is set on object 'Object Repository/VLink/Page_CCSale/txt_UDF1'

2023-02-17 22:10:13 - [MESSAGE][PASSED] - Text 'UDF Data 2' is set on object 'Object Repository/VLink/Page_CCSale/txt_UDF2'

2023-02-17 22:10:13 - [MESSAGE][PASSED] - Text 'UDF Data 3' is set on object 'Object Repository/VLink/Page_CCSale/txt_UDF3'

2023-02-17 22:10:14 - [MESSAGE][PASSED] - Text 'UDF Data 4' is set on object 'Object Repository/VLink/Page_CCSale/txt_UDF4'

2023-02-17 22:10:15 - [MESSAGE][PASSED] - Text 'UDF Data 5' is set on object 'Object Repository/VLink/Page_CCSale/txt_UDF5'

2023-02-17 22:10:16 - [MESSAGE][PASSED] - Text 'UDF Data 6' is set on object 'Object Repository/VLink/Page_CCSale/txt_UDF6'

2023-02-17 22:10:16 - [MESSAGE][PASSED] - Text 'UDF Data 7' is set on object 'Object Repository/VLink/Page_CCSale/txt_UDF7'

2023-02-17 22:10:17 - [MESSAGE][PASSED] - Text 'UDF Data 8' is set on object 'Object Repository/VLink/Page_CCSale/txt_UDF8'

2023-02-17 22:10:18 - [MESSAGE][PASSED] - Text 'UDF Data 9' is set on object 'Object Repository/VLink/Page_CCSale/txt_UDF9'

2023-02-17 22:10:18 - [MESSAGE][PASSED] - Text 'UDF Data 10' is set on object 'Object Repository/VLink/Page_CCSale/txt_UDF10'

2023-02-17 22:10:20 - [MESSAGE][PASSED] - Object: 'Object Repository/VLink/Page_CCSale/btn_ProcessVLinkTransaction' is clicked on

2023-02-17 22:10:25 - [MESSAGE][PASSED] - vlinkPages.saleCCPage.setDataSCC is PASSED

2023-02-17 22:10:25 - [TEST_STEP][PASSED] - if (verifyTextPresent("Transaction approved, no errors", true)): null

2023-02-17 22:10:25 - [MESSAGE][PASSED] - Text 'Transaction approved, no errors' is present on page  using regular expression

2023-02-17 22:10:25 - [TEST_STEP][PASSED] - println("Transaction Approved, no errors text is present on the Confirmation page"): null

2023-02-17 22:10:25 - [TEST_STEP][PASSED] - out.println("Pass Record Number: " + row): null

2023-02-17 22:10:25 - [TEST_STEP][PASSED] - resText = "Pass": null

2023-02-17 22:10:25 - [TEST_STEP][PASSED] - pages.WriteExcel.demoKey(resText, datText, resColumn, datCloumn, fileLoc, nameSheet, row): pages.WriteExcel.demoKey is PASSED

2023-02-17 22:10:25 - [MESSAGE][PASSED] - pages.WriteExcel.demoKey is PASSED

2023-02-17 22:10:25 - [TEST_STEP][PASSED] - sdfo = getText(findTestObject("Object Repository/Page_VLinkReceipt/pre_STX")): Text of object 'Object Repository/Page_VLinkReceipt/pre_STX' is: '<STX>jP9U5ap0ZABv                  12127381            0  Transaction approved, no errors                   0                                                                                  Y 000040   <ETX>'

2023-02-17 22:10:25 - [MESSAGE][PASSED] - Text of object 'Object Repository/Page_VLinkReceipt/pre_STX' is: '<STX>jP9U5ap0ZABv                  12127381            0  Transaction approved, no errors                   0                                                                                  Y 000040   <ETX>'

2023-02-17 22:10:25 - [TEST_STEP][PASSED] - out.println("sdfo: " + sdfo): null

2023-02-17 22:10:25 - [TEST_STEP][PASSED] - remID = substring(5, 35).trim(): null

2023-02-17 22:10:25 - [TEST_STEP][PASSED] - out.println("Remittance ID: " + remID): null

2023-02-17 22:10:25 - [TEST_STEP][PASSED] - traxID = substring(35, 55).trim(): null

2023-02-17 22:10:25 - [TEST_STEP][PASSED] - out.println("Transaction ID: " + traxID): null

2023-02-17 22:10:25 - [TEST_STEP][PASSED] - out.println("End Record Number: " + row): null

2023-02-17 22:10:25 - [TEST_STEP][PASSED] - closeBrowser(): Browser is closed

2023-02-17 22:10:26 - [MESSAGE][PASSED] - Browser is closed

2023-02-17 22:10:26 - [TEST_STEP][PASSED] - ExecuteTC = findTestData(dataFile).getValue("Execute", row): null

2023-02-17 22:10:26 - [TEST_STEP][PASSED] - out.println("Value of Execute is : " + ExecuteTC): null

2023-02-17 22:10:26 - [TEST_STEP][PASSED] - if (ExecuteTC.equalsIgnoreCase("Y")): Browser is closed

2023-02-17 22:10:26 - [TEST_STEP][PASSED] - out.println("Begin Record Number: " + row): null

2023-02-17 22:10:26 - [TEST_STEP][PASSED] - today = new java.util.Date(): null

2023-02-17 22:10:26 - [TEST_STEP][PASSED] - println(today): null

2023-02-17 22:10:26 - [TEST_STEP][PASSED] - datText = today: null

2023-02-17 22:10:26 - [TEST_STEP][PASSED] - openBrowser(VLinkURL + "authcap.html"): Browser is opened with url: 'https://dev-algorithm.govolution.com/vlinktest/QA/version_2_0/authcap.html'

2023-02-17 22:10:26 - [MESSAGE][INFO] - Starting 'Chrome' driver

2023-02-17 22:10:26 - [MESSAGE][INFO] - User set preference: ['acceptInsecureCerts', 'true']

2023-02-17 22:10:26 - [MESSAGE][INFO] - Action delay is set to 0 milliseconds

2023-02-17 22:10:28 - [MESSAGE][PASSED] - Browser is opened with url: 'https://dev-algorithm.govolution.com/vlinktest/QA/version_2_0/authcap.html'

2023-02-17 22:10:28 - [TEST_STEP][PASSED] - maximizeWindow(): Current window maximized

2023-02-17 22:10:28 - [MESSAGE][PASSED] - Current window maximized

2023-02-17 22:10:28 - [TEST_STEP][PASSED] - vlinkPages.saleCCPage.setDataSCC(row, dataFile): vlinkPages.saleCCPage.setDataSCC is PASSED

2023-02-17 22:10:31 - [MESSAGE][PASSED] - Object 'Object Repository/VLink/Page_CCSale/txt_CardNumber' is present

2023-02-17 22:10:32 - [MESSAGE][PASSED] - Text '104' is set on object 'Object Repository/VLink/Page_CCSale/txt_TransactionType'

2023-02-17 22:10:32 - [MESSAGE][PASSED] - Text '2.0C' is set on object 'Object Repository/VLink/Page_CCSale/txt_MessageVersion'

2023-02-17 22:10:33 - [MESSAGE][PASSED] - Text 'uxYZrv9VnLoX' is set on object 'Object Repository/VLink/Page_CCSale/txt_RemID'

2023-02-17 22:10:33 - [MESSAGE][PASSED] - Text '581' is set on object 'Object Repository/VLink/Page_CCSale/txt_ApplicationId'

2023-02-17 22:10:34 - [MESSAGE][PASSED] - Text 'usr581' is set on object 'Object Repository/VLink/Page_CCSale/txt_Username'

2023-02-17 22:10:35 - [MESSAGE][PASSED] - Text 'pwd581' is set on object 'Object Repository/VLink/Page_CCSale/txt_Password'

2023-02-17 22:10:35 - [MESSAGE][PASSED] - Text 'fixed_width' is set on object 'Object Repository/VLink/Page_CCSale/txt_ResponseFormat'

2023-02-17 22:10:36 - [MESSAGE][PASSED] - Text 'ECOM' is set on object 'Object Repository/VLink/Page_CCSale/txt_Category'

2023-02-17 22:10:37 - [MESSAGE][PASSED] - Text '' is set on object 'Object Repository/VLink/Page_CCSale/txt_TransactionID'

2023-02-17 22:10:37 - [MESSAGE][PASSED] - Text '' is set on object 'Object Repository/VLink/Page_CCSale/txt_ApprovalCode'

2023-02-17 22:10:38 - [MESSAGE][PASSED] - Text 'Kris Roshan' is set on object 'Object Repository/VLink/Page_CCSale/txt_CardName'

2023-02-17 22:10:39 - [MESSAGE][PASSED] - Text '258 Elm Road' is set on object 'Object Repository/VLink/Page_CCSale/txt_AL1'

2023-02-17 22:10:39 - [MESSAGE][PASSED] - Text 'Suite 56' is set on object 'Object Repository/VLink/Page_CCSale/txt_AL2'

2023-02-17 22:10:40 - [MESSAGE][PASSED] - Text 'Arlington' is set on object 'Object Repository/VLink/Page_CCSale/txt_CardCity'

2023-02-17 22:10:41 - [MESSAGE][PASSED] - Text 'VA' is set on object 'Object Repository/VLink/Page_CCSale/txt_CardState'

2023-02-17 22:10:41 - [MESSAGE][PASSED] - Text '22201' is set on object 'Object Repository/VLink/Page_CCSale/txt_CardZIP'

2023-02-17 22:10:42 - [MESSAGE][PASSED] - Text '840' is set on object 'Object Repository/VLink/Page_CCSale/txt_CountryID'

2023-02-17 22:10:43 - [MESSAGE][PASSED] - Text '1.50' is set on object 'Object Repository/VLink/Page_CCSale/txt_Amount'

2023-02-17 22:10:44 - [MESSAGE][PASSED] - Text '371449635392376' is set on object 'Object Repository/VLink/Page_CCSale/txt_CardNumber'

2023-02-17 22:10:44 - [MESSAGE][PASSED] - Text '12' is set on object 'Object Repository/VLink/Page_CCSale/txt_ExpMonth'

2023-02-17 22:10:45 - [MESSAGE][PASSED] - Text '2025' is set on object 'Object Repository/VLink/Page_CCSale/txt_ExpYear'

2023-02-17 22:10:46 - [MESSAGE][PASSED] - Text '' is set on object 'Object Repository/VLink/Page_CCSale/txt_CVV'

2023-02-17 22:10:46 - [MESSAGE][PASSED] - Text '' is set on object 'Object Repository/VLink/Page_CCSale/txt_CVVstate'

2023-02-17 22:10:47 - [MESSAGE][PASSED] - Text '' is set on object 'Object Repository/VLink/Page_CCSale/txt_TrackData'

2023-02-17 22:10:48 - [MESSAGE][PASSED] - Text '' is set on object 'Object Repository/VLink/Page_CCSale/txt_Track1Data'

2023-02-17 22:10:48 - [MESSAGE][PASSED] - Text '' is set on object 'Object Repository/VLink/Page_CCSale/txt_Track2Data'

2023-02-17 22:10:49 - [MESSAGE][PASSED] - Text 'manual' is set on object 'Object Repository/VLink/Page_CCSale/txt_POSEntryMode'

2023-02-17 22:10:50 - [MESSAGE][PASSED] - Text 'iahmed@govolution.com' is set on object 'Object Repository/VLink/Page_CCSale/txt_Email'

2023-02-17 22:10:50 - [MESSAGE][PASSED] - Text '2569362' is set on object 'Object Repository/VLink/Page_CCSale/txt_OrderNumber'

2023-02-17 22:10:51 - [MESSAGE][PASSED] - Text '1.15' is set on object 'Object Repository/VLink/Page_CCSale/txt_TaxAmount'

2023-02-17 22:10:52 - [MESSAGE][PASSED] - Text 'Charge Description' is set on object 'Object Repository/VLink/Page_CCSale/txt_ChargeDescription'

2023-02-17 22:10:53 - [MESSAGE][PASSED] - Text '147357' is set on object 'Object Repository/VLink/Page_CCSale/txt_CAN'

2023-02-17 22:10:53 - [MESSAGE][PASSED] - Text '1' is set on object 'Object Repository/VLink/Page_CCSale/txt_BillPaymentIndicator'

2023-02-17 22:10:54 - [MESSAGE][PASSED] - Text 'UDF Data 1' is set on object 'Object Repository/VLink/Page_CCSale/txt_UDF1'

2023-02-17 22:10:55 - [MESSAGE][PASSED] - Text 'UDF Data 2' is set on object 'Object Repository/VLink/Page_CCSale/txt_UDF2'

2023-02-17 22:10:55 - [MESSAGE][PASSED] - Text 'UDF Data 3' is set on object 'Object Repository/VLink/Page_CCSale/txt_UDF3'

2023-02-17 22:10:56 - [MESSAGE][PASSED] - Text 'UDF Data 4' is set on object 'Object Repository/VLink/Page_CCSale/txt_UDF4'

2023-02-17 22:10:57 - [MESSAGE][PASSED] - Text 'UDF Data 5' is set on object 'Object Repository/VLink/Page_CCSale/txt_UDF5'

2023-02-17 22:10:57 - [MESSAGE][PASSED] - Text 'UDF Data 6' is set on object 'Object Repository/VLink/Page_CCSale/txt_UDF6'

2023-02-17 22:10:58 - [MESSAGE][PASSED] - Text 'UDF Data 7' is set on object 'Object Repository/VLink/Page_CCSale/txt_UDF7'

2023-02-17 22:10:59 - [MESSAGE][PASSED] - Text 'UDF Data 8' is set on object 'Object Repository/VLink/Page_CCSale/txt_UDF8'

2023-02-17 22:11:00 - [MESSAGE][PASSED] - Text 'UDF Data 9' is set on object 'Object Repository/VLink/Page_CCSale/txt_UDF9'

2023-02-17 22:11:00 - [MESSAGE][PASSED] - Text 'UDF Data 10' is set on object 'Object Repository/VLink/Page_CCSale/txt_UDF10'

2023-02-17 22:11:01 - [MESSAGE][PASSED] - Object: 'Object Repository/VLink/Page_CCSale/btn_ProcessVLinkTransaction' is clicked on

2023-02-17 22:11:06 - [MESSAGE][PASSED] - vlinkPages.saleCCPage.setDataSCC is PASSED

2023-02-17 22:11:06 - [TEST_STEP][PASSED] - if (verifyTextPresent("Transaction approved, no errors", true)): null

2023-02-17 22:11:07 - [MESSAGE][PASSED] - Text 'Transaction approved, no errors' is present on page  using regular expression

2023-02-17 22:11:07 - [TEST_STEP][PASSED] - println("Transaction Approved, no errors text is present on the Confirmation page"): null

2023-02-17 22:11:07 - [TEST_STEP][PASSED] - out.println("Pass Record Number: " + row): null

2023-02-17 22:11:07 - [TEST_STEP][PASSED] - resText = "Pass": null

2023-02-17 22:11:07 - [TEST_STEP][PASSED] - pages.WriteExcel.demoKey(resText, datText, resColumn, datCloumn, fileLoc, nameSheet, row): pages.WriteExcel.demoKey is PASSED

2023-02-17 22:11:07 - [MESSAGE][PASSED] - pages.WriteExcel.demoKey is PASSED

2023-02-17 22:11:07 - [TEST_STEP][PASSED] - sdfo = getText(findTestObject("Object Repository/Page_VLinkReceipt/pre_STX")): Text of object 'Object Repository/Page_VLinkReceipt/pre_STX' is: '<STX>uxYZrv9VnLoX                  12127382            0  Transaction approved, no errors                   0                                                                                  Y 000041   <ETX>'

2023-02-17 22:11:07 - [MESSAGE][PASSED] - Text of object 'Object Repository/Page_VLinkReceipt/pre_STX' is: '<STX>uxYZrv9VnLoX                  12127382            0  Transaction approved, no errors                   0                                                                                  Y 000041   <ETX>'

2023-02-17 22:11:07 - [TEST_STEP][PASSED] - out.println("sdfo: " + sdfo): null

2023-02-17 22:11:07 - [TEST_STEP][PASSED] - remID = substring(5, 35).trim(): null

2023-02-17 22:11:07 - [TEST_STEP][PASSED] - out.println("Remittance ID: " + remID): null

2023-02-17 22:11:07 - [TEST_STEP][PASSED] - traxID = substring(35, 55).trim(): null

2023-02-17 22:11:07 - [TEST_STEP][PASSED] - out.println("Transaction ID: " + traxID): null

2023-02-17 22:11:07 - [TEST_STEP][PASSED] - out.println("End Record Number: " + row): null

2023-02-17 22:11:07 - [TEST_STEP][PASSED] - closeBrowser(): Browser is closed

2023-02-17 22:11:08 - [MESSAGE][PASSED] - Browser is closed

2023-02-17 22:11:08 - [TEST_STEP][PASSED] - ExecuteTC = findTestData(dataFile).getValue("Execute", row): null

2023-02-17 22:11:08 - [TEST_STEP][PASSED] - out.println("Value of Execute is : " + ExecuteTC): null

2023-02-17 22:11:08 - [TEST_STEP][PASSED] - if (ExecuteTC.equalsIgnoreCase("Y")): Browser is closed

2023-02-17 22:11:08 - [TEST_STEP][PASSED] - out.println("Begin Record Number: " + row): null

2023-02-17 22:11:08 - [TEST_STEP][PASSED] - today = new java.util.Date(): null

2023-02-17 22:11:08 - [TEST_STEP][PASSED] - println(today): null

2023-02-17 22:11:08 - [TEST_STEP][PASSED] - datText = today: null

2023-02-17 22:11:08 - [TEST_STEP][PASSED] - openBrowser(VLinkURL + "authcap.html"): Browser is opened with url: 'https://dev-algorithm.govolution.com/vlinktest/QA/version_2_0/authcap.html'

2023-02-17 22:11:08 - [MESSAGE][INFO] - Starting 'Chrome' driver

2023-02-17 22:11:08 - [MESSAGE][INFO] - User set preference: ['acceptInsecureCerts', 'true']

2023-02-17 22:11:08 - [MESSAGE][INFO] - Action delay is set to 0 milliseconds

2023-02-17 22:11:10 - [MESSAGE][PASSED] - Browser is opened with url: 'https://dev-algorithm.govolution.com/vlinktest/QA/version_2_0/authcap.html'

2023-02-17 22:11:10 - [TEST_STEP][PASSED] - maximizeWindow(): Current window maximized

2023-02-17 22:11:10 - [MESSAGE][PASSED] - Current window maximized

2023-02-17 22:11:10 - [TEST_STEP][PASSED] - vlinkPages.saleCCPage.setDataSCC(row, dataFile): vlinkPages.saleCCPage.setDataSCC is PASSED

2023-02-17 22:11:13 - [MESSAGE][PASSED] - Object 'Object Repository/VLink/Page_CCSale/txt_CardNumber' is present

2023-02-17 22:11:14 - [MESSAGE][PASSED] - Text '104' is set on object 'Object Repository/VLink/Page_CCSale/txt_TransactionType'

2023-02-17 22:11:14 - [MESSAGE][PASSED] - Text '2.0C' is set on object 'Object Repository/VLink/Page_CCSale/txt_MessageVersion'

2023-02-17 22:11:15 - [MESSAGE][PASSED] - Text 'njG7Mk54fmyu' is set on object 'Object Repository/VLink/Page_CCSale/txt_RemID'

2023-02-17 22:11:15 - [MESSAGE][PASSED] - Text '581' is set on object 'Object Repository/VLink/Page_CCSale/txt_ApplicationId'

2023-02-17 22:11:16 - [MESSAGE][PASSED] - Text 'usr581' is set on object 'Object Repository/VLink/Page_CCSale/txt_Username'

2023-02-17 22:11:17 - [MESSAGE][PASSED] - Text 'pwd581' is set on object 'Object Repository/VLink/Page_CCSale/txt_Password'

2023-02-17 22:11:17 - [MESSAGE][PASSED] - Text 'fixed_width' is set on object 'Object Repository/VLink/Page_CCSale/txt_ResponseFormat'

2023-02-17 22:11:18 - [MESSAGE][PASSED] - Text 'MOTO' is set on object 'Object Repository/VLink/Page_CCSale/txt_Category'

2023-02-17 22:11:18 - [MESSAGE][PASSED] - Text '' is set on object 'Object Repository/VLink/Page_CCSale/txt_TransactionID'

2023-02-17 22:11:19 - [MESSAGE][PASSED] - Text '' is set on object 'Object Repository/VLink/Page_CCSale/txt_ApprovalCode'

2023-02-17 22:11:20 - [MESSAGE][PASSED] - Text 'Kris Roshan' is set on object 'Object Repository/VLink/Page_CCSale/txt_CardName'

2023-02-17 22:11:21 - [MESSAGE][PASSED] - Text '258 Elm Road' is set on object 'Object Repository/VLink/Page_CCSale/txt_AL1'

2023-02-17 22:11:21 - [MESSAGE][PASSED] - Text 'Suite 56' is set on object 'Object Repository/VLink/Page_CCSale/txt_AL2'

2023-02-17 22:11:22 - [MESSAGE][PASSED] - Text 'Arlington' is set on object 'Object Repository/VLink/Page_CCSale/txt_CardCity'

2023-02-17 22:11:23 - [MESSAGE][PASSED] - Text 'VA' is set on object 'Object Repository/VLink/Page_CCSale/txt_CardState'

2023-02-17 22:11:23 - [MESSAGE][PASSED] - Text '22201' is set on object 'Object Repository/VLink/Page_CCSale/txt_CardZIP'

2023-02-17 22:11:24 - [MESSAGE][PASSED] - Text '840' is set on object 'Object Repository/VLink/Page_CCSale/txt_CountryID'

2023-02-17 22:11:25 - [MESSAGE][PASSED] - Text '1.50' is set on object 'Object Repository/VLink/Page_CCSale/txt_Amount'

2023-02-17 22:11:25 - [MESSAGE][PASSED] - Text '371449635392376' is set on object 'Object Repository/VLink/Page_CCSale/txt_CardNumber'

2023-02-17 22:11:26 - [MESSAGE][PASSED] - Text '12' is set on object 'Object Repository/VLink/Page_CCSale/txt_ExpMonth'

2023-02-17 22:11:27 - [MESSAGE][PASSED] - Text '2025' is set on object 'Object Repository/VLink/Page_CCSale/txt_ExpYear'

2023-02-17 22:11:27 - [MESSAGE][PASSED] - Text '' is set on object 'Object Repository/VLink/Page_CCSale/txt_CVV'

2023-02-17 22:11:28 - [MESSAGE][PASSED] - Text '' is set on object 'Object Repository/VLink/Page_CCSale/txt_CVVstate'

2023-02-17 22:11:29 - [MESSAGE][PASSED] - Text '' is set on object 'Object Repository/VLink/Page_CCSale/txt_TrackData'

2023-02-17 22:11:29 - [MESSAGE][PASSED] - Text '' is set on object 'Object Repository/VLink/Page_CCSale/txt_Track1Data'

2023-02-17 22:11:30 - [MESSAGE][PASSED] - Text '' is set on object 'Object Repository/VLink/Page_CCSale/txt_Track2Data'

2023-02-17 22:11:31 - [MESSAGE][PASSED] - Text 'manual' is set on object 'Object Repository/VLink/Page_CCSale/txt_POSEntryMode'

2023-02-17 22:11:32 - [MESSAGE][PASSED] - Text 'iahmed@govolution.com' is set on object 'Object Repository/VLink/Page_CCSale/txt_Email'

2023-02-17 22:11:32 - [MESSAGE][PASSED] - Text '2569362' is set on object 'Object Repository/VLink/Page_CCSale/txt_OrderNumber'

2023-02-17 22:11:33 - [MESSAGE][PASSED] - Text '1.15' is set on object 'Object Repository/VLink/Page_CCSale/txt_TaxAmount'

2023-02-17 22:11:34 - [MESSAGE][PASSED] - Text 'Charge Description' is set on object 'Object Repository/VLink/Page_CCSale/txt_ChargeDescription'

2023-02-17 22:11:34 - [MESSAGE][PASSED] - Text '147357' is set on object 'Object Repository/VLink/Page_CCSale/txt_CAN'

2023-02-17 22:11:35 - [MESSAGE][PASSED] - Text '1' is set on object 'Object Repository/VLink/Page_CCSale/txt_BillPaymentIndicator'

2023-02-17 22:11:36 - [MESSAGE][PASSED] - Text 'UDF Data 1' is set on object 'Object Repository/VLink/Page_CCSale/txt_UDF1'

2023-02-17 22:11:36 - [MESSAGE][PASSED] - Text 'UDF Data 2' is set on object 'Object Repository/VLink/Page_CCSale/txt_UDF2'

2023-02-17 22:11:37 - [MESSAGE][PASSED] - Text 'UDF Data 3' is set on object 'Object Repository/VLink/Page_CCSale/txt_UDF3'

2023-02-17 22:11:38 - [MESSAGE][PASSED] - Text 'UDF Data 4' is set on object 'Object Repository/VLink/Page_CCSale/txt_UDF4'

2023-02-17 22:11:39 - [MESSAGE][PASSED] - Text 'UDF Data 5' is set on object 'Object Repository/VLink/Page_CCSale/txt_UDF5'

2023-02-17 22:11:39 - [MESSAGE][PASSED] - Text 'UDF Data 6' is set on object 'Object Repository/VLink/Page_CCSale/txt_UDF6'

2023-02-17 22:11:40 - [MESSAGE][PASSED] - Text 'UDF Data 7' is set on object 'Object Repository/VLink/Page_CCSale/txt_UDF7'

2023-02-17 22:11:41 - [MESSAGE][PASSED] - Text 'UDF Data 8' is set on object 'Object Repository/VLink/Page_CCSale/txt_UDF8'

2023-02-17 22:11:41 - [MESSAGE][PASSED] - Text 'UDF Data 9' is set on object 'Object Repository/VLink/Page_CCSale/txt_UDF9'

2023-02-17 22:11:42 - [MESSAGE][PASSED] - Text 'UDF Data 10' is set on object 'Object Repository/VLink/Page_CCSale/txt_UDF10'

2023-02-17 22:11:43 - [MESSAGE][PASSED] - Object: 'Object Repository/VLink/Page_CCSale/btn_ProcessVLinkTransaction' is clicked on

2023-02-17 22:11:48 - [MESSAGE][PASSED] - vlinkPages.saleCCPage.setDataSCC is PASSED

2023-02-17 22:11:48 - [TEST_STEP][PASSED] - if (verifyTextPresent("Transaction approved, no errors", true)): null

2023-02-17 22:11:48 - [MESSAGE][PASSED] - Text 'Transaction approved, no errors' is present on page  using regular expression

2023-02-17 22:11:48 - [TEST_STEP][PASSED] - println("Transaction Approved, no errors text is present on the Confirmation page"): null

2023-02-17 22:11:48 - [TEST_STEP][PASSED] - out.println("Pass Record Number: " + row): null

2023-02-17 22:11:48 - [TEST_STEP][PASSED] - resText = "Pass": null

2023-02-17 22:11:48 - [TEST_STEP][PASSED] - pages.WriteExcel.demoKey(resText, datText, resColumn, datCloumn, fileLoc, nameSheet, row): pages.WriteExcel.demoKey is PASSED

2023-02-17 22:11:49 - [MESSAGE][PASSED] - pages.WriteExcel.demoKey is PASSED

2023-02-17 22:11:49 - [TEST_STEP][PASSED] - sdfo = getText(findTestObject("Object Repository/Page_VLinkReceipt/pre_STX")): Text of object 'Object Repository/Page_VLinkReceipt/pre_STX' is: '<STX>njG7Mk54fmyu                  12127383            0  Transaction approved, no errors                   0                                                                                  Y 000042   <ETX>'

2023-02-17 22:11:49 - [MESSAGE][PASSED] - Text of object 'Object Repository/Page_VLinkReceipt/pre_STX' is: '<STX>njG7Mk54fmyu                  12127383            0  Transaction approved, no errors                   0                                                                                  Y 000042   <ETX>'

2023-02-17 22:11:49 - [TEST_STEP][PASSED] - out.println("sdfo: " + sdfo): null

2023-02-17 22:11:49 - [TEST_STEP][PASSED] - remID = substring(5, 35).trim(): null

2023-02-17 22:11:49 - [TEST_STEP][PASSED] - out.println("Remittance ID: " + remID): null

2023-02-17 22:11:49 - [TEST_STEP][PASSED] - traxID = substring(35, 55).trim(): null

2023-02-17 22:11:49 - [TEST_STEP][PASSED] - out.println("Transaction ID: " + traxID): null

2023-02-17 22:11:49 - [TEST_STEP][PASSED] - out.println("End Record Number: " + row): null

2023-02-17 22:11:49 - [TEST_STEP][PASSED] - closeBrowser(): Browser is closed

2023-02-17 22:11:50 - [MESSAGE][PASSED] - Browser is closed

2023-02-17 22:11:50 - [TEST_STEP][PASSED] - ExecuteTC = findTestData(dataFile).getValue("Execute", row): null

2023-02-17 22:11:50 - [TEST_STEP][PASSED] - out.println("Value of Execute is : " + ExecuteTC): null

2023-02-17 22:11:50 - [TEST_STEP][PASSED] - if (ExecuteTC.equalsIgnoreCase("Y")): Browser is closed

2023-02-17 22:11:50 - [TEST_STEP][PASSED] - out.println("Begin Record Number: " + row): null

2023-02-17 22:11:50 - [TEST_STEP][PASSED] - today = new java.util.Date(): null

2023-02-17 22:11:50 - [TEST_STEP][PASSED] - println(today): null

2023-02-17 22:11:50 - [TEST_STEP][PASSED] - datText = today: null

2023-02-17 22:11:50 - [TEST_STEP][PASSED] - openBrowser(VLinkURL + "authcap.html"): Browser is opened with url: 'https://dev-algorithm.govolution.com/vlinktest/QA/version_2_0/authcap.html'

2023-02-17 22:11:50 - [MESSAGE][INFO] - Starting 'Chrome' driver

2023-02-17 22:11:50 - [MESSAGE][INFO] - User set preference: ['acceptInsecureCerts', 'true']

2023-02-17 22:11:50 - [MESSAGE][INFO] - Action delay is set to 0 milliseconds

2023-02-17 22:11:52 - [MESSAGE][PASSED] - Browser is opened with url: 'https://dev-algorithm.govolution.com/vlinktest/QA/version_2_0/authcap.html'

2023-02-17 22:11:52 - [TEST_STEP][PASSED] - maximizeWindow(): Current window maximized

2023-02-17 22:11:52 - [MESSAGE][PASSED] - Current window maximized

2023-02-17 22:11:52 - [TEST_STEP][PASSED] - vlinkPages.saleCCPage.setDataSCC(row, dataFile): vlinkPages.saleCCPage.setDataSCC is PASSED

2023-02-17 22:11:55 - [MESSAGE][PASSED] - Object 'Object Repository/VLink/Page_CCSale/txt_CardNumber' is present

2023-02-17 22:11:55 - [MESSAGE][PASSED] - Text '104' is set on object 'Object Repository/VLink/Page_CCSale/txt_TransactionType'

2023-02-17 22:11:56 - [MESSAGE][PASSED] - Text '2.0C' is set on object 'Object Repository/VLink/Page_CCSale/txt_MessageVersion'

2023-02-17 22:11:57 - [MESSAGE][PASSED] - Text 'WtjT5HSex9zA' is set on object 'Object Repository/VLink/Page_CCSale/txt_RemID'

2023-02-17 22:11:57 - [MESSAGE][PASSED] - Text '581' is set on object 'Object Repository/VLink/Page_CCSale/txt_ApplicationId'

2023-02-17 22:11:58 - [MESSAGE][PASSED] - Text 'usr581' is set on object 'Object Repository/VLink/Page_CCSale/txt_Username'

2023-02-17 22:11:58 - [MESSAGE][PASSED] - Text 'pwd581' is set on object 'Object Repository/VLink/Page_CCSale/txt_Password'

2023-02-17 22:11:59 - [MESSAGE][PASSED] - Text 'fixed_width' is set on object 'Object Repository/VLink/Page_CCSale/txt_ResponseFormat'

2023-02-17 22:12:00 - [MESSAGE][PASSED] - Text 'RETL' is set on object 'Object Repository/VLink/Page_CCSale/txt_Category'

2023-02-17 22:12:00 - [MESSAGE][PASSED] - Text '' is set on object 'Object Repository/VLink/Page_CCSale/txt_TransactionID'

2023-02-17 22:12:01 - [MESSAGE][PASSED] - Text '' is set on object 'Object Repository/VLink/Page_CCSale/txt_ApprovalCode'

2023-02-17 22:12:02 - [MESSAGE][PASSED] - Text 'Kris Roshan' is set on object 'Object Repository/VLink/Page_CCSale/txt_CardName'

2023-02-17 22:12:02 - [MESSAGE][PASSED] - Text '258 Elm Road' is set on object 'Object Repository/VLink/Page_CCSale/txt_AL1'

2023-02-17 22:12:03 - [MESSAGE][PASSED] - Text 'Suite 56' is set on object 'Object Repository/VLink/Page_CCSale/txt_AL2'

2023-02-17 22:12:04 - [MESSAGE][PASSED] - Text 'Arlington' is set on object 'Object Repository/VLink/Page_CCSale/txt_CardCity'

2023-02-17 22:12:04 - [MESSAGE][PASSED] - Text 'VA' is set on object 'Object Repository/VLink/Page_CCSale/txt_CardState'

2023-02-17 22:12:05 - [MESSAGE][PASSED] - Text '22201' is set on object 'Object Repository/VLink/Page_CCSale/txt_CardZIP'

2023-02-17 22:12:06 - [MESSAGE][PASSED] - Text '840' is set on object 'Object Repository/VLink/Page_CCSale/txt_CountryID'

2023-02-17 22:12:06 - [MESSAGE][PASSED] - Text '1.50' is set on object 'Object Repository/VLink/Page_CCSale/txt_Amount'

2023-02-17 22:12:07 - [MESSAGE][PASSED] - Text '371449635392376' is set on object 'Object Repository/VLink/Page_CCSale/txt_CardNumber'

2023-02-17 22:12:08 - [MESSAGE][PASSED] - Text '12' is set on object 'Object Repository/VLink/Page_CCSale/txt_ExpMonth'

2023-02-17 22:12:09 - [MESSAGE][PASSED] - Text '2025' is set on object 'Object Repository/VLink/Page_CCSale/txt_ExpYear'

2023-02-17 22:12:09 - [MESSAGE][PASSED] - Text '' is set on object 'Object Repository/VLink/Page_CCSale/txt_CVV'

2023-02-17 22:12:10 - [MESSAGE][PASSED] - Text '' is set on object 'Object Repository/VLink/Page_CCSale/txt_CVVstate'

2023-02-17 22:12:11 - [MESSAGE][PASSED] - Text '' is set on object 'Object Repository/VLink/Page_CCSale/txt_TrackData'

2023-02-17 22:12:11 - [MESSAGE][PASSED] - Text '' is set on object 'Object Repository/VLink/Page_CCSale/txt_Track1Data'

2023-02-17 22:12:12 - [MESSAGE][PASSED] - Text '' is set on object 'Object Repository/VLink/Page_CCSale/txt_Track2Data'

2023-02-17 22:12:13 - [MESSAGE][PASSED] - Text 'manual' is set on object 'Object Repository/VLink/Page_CCSale/txt_POSEntryMode'

2023-02-17 22:12:13 - [MESSAGE][PASSED] - Text 'iahmed@govolution.com' is set on object 'Object Repository/VLink/Page_CCSale/txt_Email'

2023-02-17 22:12:14 - [MESSAGE][PASSED] - Text '2569362' is set on object 'Object Repository/VLink/Page_CCSale/txt_OrderNumber'

2023-02-17 22:12:15 - [MESSAGE][PASSED] - Text '1.15' is set on object 'Object Repository/VLink/Page_CCSale/txt_TaxAmount'

2023-02-17 22:12:16 - [MESSAGE][PASSED] - Text 'Charge Description' is set on object 'Object Repository/VLink/Page_CCSale/txt_ChargeDescription'

2023-02-17 22:12:16 - [MESSAGE][PASSED] - Text '147357' is set on object 'Object Repository/VLink/Page_CCSale/txt_CAN'

2023-02-17 22:12:17 - [MESSAGE][PASSED] - Text '1' is set on object 'Object Repository/VLink/Page_CCSale/txt_BillPaymentIndicator'

2023-02-17 22:12:18 - [MESSAGE][PASSED] - Text 'UDF Data 1' is set on object 'Object Repository/VLink/Page_CCSale/txt_UDF1'

2023-02-17 22:12:18 - [MESSAGE][PASSED] - Text 'UDF Data 2' is set on object 'Object Repository/VLink/Page_CCSale/txt_UDF2'

2023-02-17 22:12:19 - [MESSAGE][PASSED] - Text 'UDF Data 3' is set on object 'Object Repository/VLink/Page_CCSale/txt_UDF3'

2023-02-17 22:12:20 - [MESSAGE][PASSED] - Text 'UDF Data 4' is set on object 'Object Repository/VLink/Page_CCSale/txt_UDF4'

2023-02-17 22:12:20 - [MESSAGE][PASSED] - Text 'UDF Data 5' is set on object 'Object Repository/VLink/Page_CCSale/txt_UDF5'

2023-02-17 22:12:21 - [MESSAGE][PASSED] - Text 'UDF Data 6' is set on object 'Object Repository/VLink/Page_CCSale/txt_UDF6'

2023-02-17 22:12:22 - [MESSAGE][PASSED] - Text 'UDF Data 7' is set on object 'Object Repository/VLink/Page_CCSale/txt_UDF7'

2023-02-17 22:12:23 - [MESSAGE][PASSED] - Text 'UDF Data 8' is set on object 'Object Repository/VLink/Page_CCSale/txt_UDF8'

2023-02-17 22:12:23 - [MESSAGE][PASSED] - Text 'UDF Data 9' is set on object 'Object Repository/VLink/Page_CCSale/txt_UDF9'

2023-02-17 22:12:24 - [MESSAGE][PASSED] - Text 'UDF Data 10' is set on object 'Object Repository/VLink/Page_CCSale/txt_UDF10'

2023-02-17 22:12:25 - [MESSAGE][PASSED] - Object: 'Object Repository/VLink/Page_CCSale/btn_ProcessVLinkTransaction' is clicked on

2023-02-17 22:12:30 - [MESSAGE][PASSED] - vlinkPages.saleCCPage.setDataSCC is PASSED

2023-02-17 22:12:30 - [TEST_STEP][PASSED] - if (verifyTextPresent("Transaction approved, no errors", true)): null

2023-02-17 22:12:30 - [MESSAGE][PASSED] - Text 'Transaction approved, no errors' is present on page  using regular expression

2023-02-17 22:12:30 - [TEST_STEP][PASSED] - println("Transaction Approved, no errors text is present on the Confirmation page"): null

2023-02-17 22:12:30 - [TEST_STEP][PASSED] - out.println("Pass Record Number: " + row): null

2023-02-17 22:12:30 - [TEST_STEP][PASSED] - resText = "Pass": null

2023-02-17 22:12:30 - [TEST_STEP][PASSED] - pages.WriteExcel.demoKey(resText, datText, resColumn, datCloumn, fileLoc, nameSheet, row): pages.WriteExcel.demoKey is PASSED

2023-02-17 22:12:30 - [MESSAGE][PASSED] - pages.WriteExcel.demoKey is PASSED

2023-02-17 22:12:30 - [TEST_STEP][PASSED] - sdfo = getText(findTestObject("Object Repository/Page_VLinkReceipt/pre_STX")): Text of object 'Object Repository/Page_VLinkReceipt/pre_STX' is: '<STX>WtjT5HSex9zA                  12127384            0  Transaction approved, no errors                   0                                                                                  Y 000043   <ETX>'

2023-02-17 22:12:31 - [MESSAGE][PASSED] - Text of object 'Object Repository/Page_VLinkReceipt/pre_STX' is: '<STX>WtjT5HSex9zA                  12127384            0  Transaction approved, no errors                   0                                                                                  Y 000043   <ETX>'

2023-02-17 22:12:31 - [TEST_STEP][PASSED] - out.println("sdfo: " + sdfo): null

2023-02-17 22:12:31 - [TEST_STEP][PASSED] - remID = substring(5, 35).trim(): null

2023-02-17 22:12:31 - [TEST_STEP][PASSED] - out.println("Remittance ID: " + remID): null

2023-02-17 22:12:31 - [TEST_STEP][PASSED] - traxID = substring(35, 55).trim(): null

2023-02-17 22:12:31 - [TEST_STEP][PASSED] - out.println("Transaction ID: " + traxID): null

2023-02-17 22:12:31 - [TEST_STEP][PASSED] - out.println("End Record Number: " + row): null

2023-02-17 22:12:31 - [TEST_STEP][PASSED] - closeBrowser(): Browser is closed

2023-02-17 22:12:32 - [MESSAGE][PASSED] - Browser is closed

2023-02-17 22:12:32 - [TEST_STEP][PASSED] - ExecuteTC = findTestData(dataFile).getValue("Execute", row): null

2023-02-17 22:12:32 - [TEST_STEP][PASSED] - out.println("Value of Execute is : " + ExecuteTC): null

2023-02-17 22:12:32 - [TEST_STEP][PASSED] - if (ExecuteTC.equalsIgnoreCase("Y")): Browser is closed

2023-02-17 22:12:32 - [TEST_STEP][PASSED] - out.println("Begin Record Number: " + row): null

2023-02-17 22:12:32 - [TEST_STEP][PASSED] - today = new java.util.Date(): null

2023-02-17 22:12:32 - [TEST_STEP][PASSED] - println(today): null

2023-02-17 22:12:32 - [TEST_STEP][PASSED] - datText = today: null

2023-02-17 22:12:32 - [TEST_STEP][PASSED] - openBrowser(VLinkURL + "authcap.html"): Browser is opened with url: 'https://dev-algorithm.govolution.com/vlinktest/QA/version_2_0/authcap.html'

2023-02-17 22:12:32 - [MESSAGE][INFO] - Starting 'Chrome' driver

2023-02-17 22:12:32 - [MESSAGE][INFO] - User set preference: ['acceptInsecureCerts', 'true']

2023-02-17 22:12:32 - [MESSAGE][INFO] - Action delay is set to 0 milliseconds

2023-02-17 22:12:33 - [MESSAGE][PASSED] - Browser is opened with url: 'https://dev-algorithm.govolution.com/vlinktest/QA/version_2_0/authcap.html'

2023-02-17 22:12:33 - [TEST_STEP][PASSED] - maximizeWindow(): Current window maximized

2023-02-17 22:12:34 - [MESSAGE][PASSED] - Current window maximized

2023-02-17 22:12:34 - [TEST_STEP][PASSED] - vlinkPages.saleCCPage.setDataSCC(row, dataFile): vlinkPages.saleCCPage.setDataSCC is PASSED

2023-02-17 22:12:36 - [MESSAGE][PASSED] - Object 'Object Repository/VLink/Page_CCSale/txt_CardNumber' is present

2023-02-17 22:12:37 - [MESSAGE][PASSED] - Text '104' is set on object 'Object Repository/VLink/Page_CCSale/txt_TransactionType'

2023-02-17 22:12:38 - [MESSAGE][PASSED] - Text '2.0C' is set on object 'Object Repository/VLink/Page_CCSale/txt_MessageVersion'

2023-02-17 22:12:38 - [MESSAGE][PASSED] - Text 'cckzATxdlha7' is set on object 'Object Repository/VLink/Page_CCSale/txt_RemID'

2023-02-17 22:12:39 - [MESSAGE][PASSED] - Text '581' is set on object 'Object Repository/VLink/Page_CCSale/txt_ApplicationId'

2023-02-17 22:12:40 - [MESSAGE][PASSED] - Text 'usr581' is set on object 'Object Repository/VLink/Page_CCSale/txt_Username'

2023-02-17 22:12:40 - [MESSAGE][PASSED] - Text 'pwd581' is set on object 'Object Repository/VLink/Page_CCSale/txt_Password'

2023-02-17 22:12:41 - [MESSAGE][PASSED] - Text 'fixed_width' is set on object 'Object Repository/VLink/Page_CCSale/txt_ResponseFormat'

2023-02-17 22:12:41 - [MESSAGE][PASSED] - Text 'ECOM' is set on object 'Object Repository/VLink/Page_CCSale/txt_Category'

2023-02-17 22:12:42 - [MESSAGE][PASSED] - Text '' is set on object 'Object Repository/VLink/Page_CCSale/txt_TransactionID'

2023-02-17 22:12:43 - [MESSAGE][PASSED] - Text '' is set on object 'Object Repository/VLink/Page_CCSale/txt_ApprovalCode'

2023-02-17 22:12:43 - [MESSAGE][PASSED] - Text 'Kris Roshan' is set on object 'Object Repository/VLink/Page_CCSale/txt_CardName'

2023-02-17 22:12:44 - [MESSAGE][PASSED] - Text '258 Elm Road' is set on object 'Object Repository/VLink/Page_CCSale/txt_AL1'

2023-02-17 22:12:45 - [MESSAGE][PASSED] - Text 'Suite 56' is set on object 'Object Repository/VLink/Page_CCSale/txt_AL2'

2023-02-17 22:12:46 - [MESSAGE][PASSED] - Text 'Arlington' is set on object 'Object Repository/VLink/Page_CCSale/txt_CardCity'

2023-02-17 22:12:46 - [MESSAGE][PASSED] - Text 'VA' is set on object 'Object Repository/VLink/Page_CCSale/txt_CardState'

2023-02-17 22:12:47 - [MESSAGE][PASSED] - Text '22201' is set on object 'Object Repository/VLink/Page_CCSale/txt_CardZIP'

2023-02-17 22:12:48 - [MESSAGE][PASSED] - Text '840' is set on object 'Object Repository/VLink/Page_CCSale/txt_CountryID'

2023-02-17 22:12:48 - [MESSAGE][PASSED] - Text '1.50' is set on object 'Object Repository/VLink/Page_CCSale/txt_Amount'

2023-02-17 22:12:49 - [MESSAGE][PASSED] - Text '6011000993026909' is set on object 'Object Repository/VLink/Page_CCSale/txt_CardNumber'

2023-02-17 22:12:50 - [MESSAGE][PASSED] - Text '12' is set on object 'Object Repository/VLink/Page_CCSale/txt_ExpMonth'

2023-02-17 22:12:50 - [MESSAGE][PASSED] - Text '2025' is set on object 'Object Repository/VLink/Page_CCSale/txt_ExpYear'

2023-02-17 22:12:51 - [MESSAGE][PASSED] - Text '' is set on object 'Object Repository/VLink/Page_CCSale/txt_CVV'

2023-02-17 22:12:52 - [MESSAGE][PASSED] - Text '' is set on object 'Object Repository/VLink/Page_CCSale/txt_CVVstate'

2023-02-17 22:12:52 - [MESSAGE][PASSED] - Text '' is set on object 'Object Repository/VLink/Page_CCSale/txt_TrackData'

2023-02-17 22:12:53 - [MESSAGE][PASSED] - Text '' is set on object 'Object Repository/VLink/Page_CCSale/txt_Track1Data'

2023-02-17 22:12:54 - [MESSAGE][PASSED] - Text '' is set on object 'Object Repository/VLink/Page_CCSale/txt_Track2Data'

2023-02-17 22:12:54 - [MESSAGE][PASSED] - Text 'manual' is set on object 'Object Repository/VLink/Page_CCSale/txt_POSEntryMode'

2023-02-17 22:12:55 - [MESSAGE][PASSED] - Text 'iahmed@govolution.com' is set on object 'Object Repository/VLink/Page_CCSale/txt_Email'

2023-02-17 22:12:56 - [MESSAGE][PASSED] - Text '2569362' is set on object 'Object Repository/VLink/Page_CCSale/txt_OrderNumber'

2023-02-17 22:12:56 - [MESSAGE][PASSED] - Text '1.15' is set on object 'Object Repository/VLink/Page_CCSale/txt_TaxAmount'

2023-02-17 22:12:57 - [MESSAGE][PASSED] - Text 'Charge Description' is set on object 'Object Repository/VLink/Page_CCSale/txt_ChargeDescription'

2023-02-17 22:12:58 - [MESSAGE][PASSED] - Text '147357' is set on object 'Object Repository/VLink/Page_CCSale/txt_CAN'

2023-02-17 22:12:59 - [MESSAGE][PASSED] - Text '1' is set on object 'Object Repository/VLink/Page_CCSale/txt_BillPaymentIndicator'

2023-02-17 22:12:59 - [MESSAGE][PASSED] - Text 'UDF Data 1' is set on object 'Object Repository/VLink/Page_CCSale/txt_UDF1'

2023-02-17 22:13:00 - [MESSAGE][PASSED] - Text 'UDF Data 2' is set on object 'Object Repository/VLink/Page_CCSale/txt_UDF2'

2023-02-17 22:13:01 - [MESSAGE][PASSED] - Text 'UDF Data 3' is set on object 'Object Repository/VLink/Page_CCSale/txt_UDF3'

2023-02-17 22:13:01 - [MESSAGE][PASSED] - Text 'UDF Data 4' is set on object 'Object Repository/VLink/Page_CCSale/txt_UDF4'

2023-02-17 22:13:02 - [MESSAGE][PASSED] - Text 'UDF Data 5' is set on object 'Object Repository/VLink/Page_CCSale/txt_UDF5'

2023-02-17 22:13:03 - [MESSAGE][PASSED] - Text 'UDF Data 6' is set on object 'Object Repository/VLink/Page_CCSale/txt_UDF6'

2023-02-17 22:13:03 - [MESSAGE][PASSED] - Text 'UDF Data 7' is set on object 'Object Repository/VLink/Page_CCSale/txt_UDF7'

2023-02-17 22:13:04 - [MESSAGE][PASSED] - Text 'UDF Data 8' is set on object 'Object Repository/VLink/Page_CCSale/txt_UDF8'

2023-02-17 22:13:05 - [MESSAGE][PASSED] - Text 'UDF Data 9' is set on object 'Object Repository/VLink/Page_CCSale/txt_UDF9'

2023-02-17 22:13:06 - [MESSAGE][PASSED] - Text 'UDF Data 10' is set on object 'Object Repository/VLink/Page_CCSale/txt_UDF10'

2023-02-17 22:13:08 - [MESSAGE][PASSED] - Object: 'Object Repository/VLink/Page_CCSale/btn_ProcessVLinkTransaction' is clicked on

2023-02-17 22:13:13 - [MESSAGE][PASSED] - vlinkPages.saleCCPage.setDataSCC is PASSED

2023-02-17 22:13:13 - [TEST_STEP][PASSED] - if (verifyTextPresent("Transaction approved, no errors", true)): null

2023-02-17 22:13:13 - [MESSAGE][PASSED] - Text 'Transaction approved, no errors' is present on page  using regular expression

2023-02-17 22:13:13 - [TEST_STEP][PASSED] - println("Transaction Approved, no errors text is present on the Confirmation page"): null

2023-02-17 22:13:13 - [TEST_STEP][PASSED] - out.println("Pass Record Number: " + row): null

2023-02-17 22:13:13 - [TEST_STEP][PASSED] - resText = "Pass": null

2023-02-17 22:13:13 - [TEST_STEP][PASSED] - pages.WriteExcel.demoKey(resText, datText, resColumn, datCloumn, fileLoc, nameSheet, row): pages.WriteExcel.demoKey is PASSED

2023-02-17 22:13:13 - [MESSAGE][PASSED] - pages.WriteExcel.demoKey is PASSED

2023-02-17 22:13:13 - [TEST_STEP][PASSED] - sdfo = getText(findTestObject("Object Repository/Page_VLinkReceipt/pre_STX")): Text of object 'Object Repository/Page_VLinkReceipt/pre_STX' is: '<STX>cckzATxdlha7                  12127385            0  Transaction approved, no errors                   0                                                                                  Y 000044   <ETX>'

2023-02-17 22:13:14 - [MESSAGE][PASSED] - Text of object 'Object Repository/Page_VLinkReceipt/pre_STX' is: '<STX>cckzATxdlha7                  12127385            0  Transaction approved, no errors                   0                                                                                  Y 000044   <ETX>'

2023-02-17 22:13:14 - [TEST_STEP][PASSED] - out.println("sdfo: " + sdfo): null

2023-02-17 22:13:14 - [TEST_STEP][PASSED] - remID = substring(5, 35).trim(): null

2023-02-17 22:13:14 - [TEST_STEP][PASSED] - out.println("Remittance ID: " + remID): null

2023-02-17 22:13:14 - [TEST_STEP][PASSED] - traxID = substring(35, 55).trim(): null

2023-02-17 22:13:14 - [TEST_STEP][PASSED] - out.println("Transaction ID: " + traxID): null

2023-02-17 22:13:14 - [TEST_STEP][PASSED] - out.println("End Record Number: " + row): null

2023-02-17 22:13:14 - [TEST_STEP][PASSED] - closeBrowser(): Browser is closed

2023-02-17 22:13:15 - [MESSAGE][PASSED] - Browser is closed

2023-02-17 22:13:15 - [TEST_STEP][PASSED] - ExecuteTC = findTestData(dataFile).getValue("Execute", row): null

2023-02-17 22:13:15 - [TEST_STEP][PASSED] - out.println("Value of Execute is : " + ExecuteTC): null

2023-02-17 22:13:15 - [TEST_STEP][PASSED] - if (ExecuteTC.equalsIgnoreCase("Y")): Browser is closed

2023-02-17 22:13:15 - [TEST_STEP][PASSED] - out.println("Begin Record Number: " + row): null

2023-02-17 22:13:15 - [TEST_STEP][PASSED] - today = new java.util.Date(): null

2023-02-17 22:13:15 - [TEST_STEP][PASSED] - println(today): null

2023-02-17 22:13:15 - [TEST_STEP][PASSED] - datText = today: null

2023-02-17 22:13:15 - [TEST_STEP][PASSED] - openBrowser(VLinkURL + "authcap.html"): Browser is opened with url: 'https://dev-algorithm.govolution.com/vlinktest/QA/version_2_0/authcap.html'

2023-02-17 22:13:15 - [MESSAGE][INFO] - Starting 'Chrome' driver

2023-02-17 22:13:15 - [MESSAGE][INFO] - User set preference: ['acceptInsecureCerts', 'true']

2023-02-17 22:13:15 - [MESSAGE][INFO] - Action delay is set to 0 milliseconds

2023-02-17 22:13:17 - [MESSAGE][PASSED] - Browser is opened with url: 'https://dev-algorithm.govolution.com/vlinktest/QA/version_2_0/authcap.html'

2023-02-17 22:13:17 - [TEST_STEP][PASSED] - maximizeWindow(): Current window maximized

2023-02-17 22:13:17 - [MESSAGE][PASSED] - Current window maximized

2023-02-17 22:13:17 - [TEST_STEP][PASSED] - vlinkPages.saleCCPage.setDataSCC(row, dataFile): vlinkPages.saleCCPage.setDataSCC is PASSED

2023-02-17 22:13:20 - [MESSAGE][PASSED] - Object 'Object Repository/VLink/Page_CCSale/txt_CardNumber' is present

2023-02-17 22:13:20 - [MESSAGE][PASSED] - Text '104' is set on object 'Object Repository/VLink/Page_CCSale/txt_TransactionType'

2023-02-17 22:13:21 - [MESSAGE][PASSED] - Text '2.0C' is set on object 'Object Repository/VLink/Page_CCSale/txt_MessageVersion'

2023-02-17 22:13:22 - [MESSAGE][PASSED] - Text 'wplBfM3RX2Uq' is set on object 'Object Repository/VLink/Page_CCSale/txt_RemID'

2023-02-17 22:13:22 - [MESSAGE][PASSED] - Text '581' is set on object 'Object Repository/VLink/Page_CCSale/txt_ApplicationId'

2023-02-17 22:13:23 - [MESSAGE][PASSED] - Text 'usr581' is set on object 'Object Repository/VLink/Page_CCSale/txt_Username'

2023-02-17 22:13:23 - [MESSAGE][PASSED] - Text 'pwd581' is set on object 'Object Repository/VLink/Page_CCSale/txt_Password'

2023-02-17 22:13:24 - [MESSAGE][PASSED] - Text 'fixed_width' is set on object 'Object Repository/VLink/Page_CCSale/txt_ResponseFormat'

2023-02-17 22:13:25 - [MESSAGE][PASSED] - Text 'MOTO' is set on object 'Object Repository/VLink/Page_CCSale/txt_Category'

2023-02-17 22:13:25 - [MESSAGE][PASSED] - Text '' is set on object 'Object Repository/VLink/Page_CCSale/txt_TransactionID'

2023-02-17 22:13:26 - [MESSAGE][PASSED] - Text '' is set on object 'Object Repository/VLink/Page_CCSale/txt_ApprovalCode'

2023-02-17 22:13:27 - [MESSAGE][PASSED] - Text 'Kris Roshan' is set on object 'Object Repository/VLink/Page_CCSale/txt_CardName'

2023-02-17 22:13:27 - [MESSAGE][PASSED] - Text '258 Elm Road' is set on object 'Object Repository/VLink/Page_CCSale/txt_AL1'

2023-02-17 22:13:28 - [MESSAGE][PASSED] - Text 'Suite 56' is set on object 'Object Repository/VLink/Page_CCSale/txt_AL2'

2023-02-17 22:13:29 - [MESSAGE][PASSED] - Text 'Arlington' is set on object 'Object Repository/VLink/Page_CCSale/txt_CardCity'

2023-02-17 22:13:29 - [MESSAGE][PASSED] - Text 'VA' is set on object 'Object Repository/VLink/Page_CCSale/txt_CardState'

2023-02-17 22:13:30 - [MESSAGE][PASSED] - Text '22201' is set on object 'Object Repository/VLink/Page_CCSale/txt_CardZIP'

2023-02-17 22:13:31 - [MESSAGE][PASSED] - Text '840' is set on object 'Object Repository/VLink/Page_CCSale/txt_CountryID'

2023-02-17 22:13:31 - [MESSAGE][PASSED] - Text '1.50' is set on object 'Object Repository/VLink/Page_CCSale/txt_Amount'

2023-02-17 22:13:32 - [MESSAGE][PASSED] - Text '6011000993026909' is set on object 'Object Repository/VLink/Page_CCSale/txt_CardNumber'

2023-02-17 22:13:33 - [MESSAGE][PASSED] - Text '12' is set on object 'Object Repository/VLink/Page_CCSale/txt_ExpMonth'

2023-02-17 22:13:34 - [MESSAGE][PASSED] - Text '2025' is set on object 'Object Repository/VLink/Page_CCSale/txt_ExpYear'

2023-02-17 22:13:34 - [MESSAGE][PASSED] - Text '' is set on object 'Object Repository/VLink/Page_CCSale/txt_CVV'

2023-02-17 22:13:35 - [MESSAGE][PASSED] - Text '' is set on object 'Object Repository/VLink/Page_CCSale/txt_CVVstate'

2023-02-17 22:13:36 - [MESSAGE][PASSED] - Text '' is set on object 'Object Repository/VLink/Page_CCSale/txt_TrackData'

2023-02-17 22:13:36 - [MESSAGE][PASSED] - Text '' is set on object 'Object Repository/VLink/Page_CCSale/txt_Track1Data'

2023-02-17 22:13:37 - [MESSAGE][PASSED] - Text '' is set on object 'Object Repository/VLink/Page_CCSale/txt_Track2Data'

2023-02-17 22:13:38 - [MESSAGE][PASSED] - Text 'manual' is set on object 'Object Repository/VLink/Page_CCSale/txt_POSEntryMode'

2023-02-17 22:13:38 - [MESSAGE][PASSED] - Text 'iahmed@govolution.com' is set on object 'Object Repository/VLink/Page_CCSale/txt_Email'

2023-02-17 22:13:39 - [MESSAGE][PASSED] - Text '2569362' is set on object 'Object Repository/VLink/Page_CCSale/txt_OrderNumber'

2023-02-17 22:13:40 - [MESSAGE][PASSED] - Text '1.15' is set on object 'Object Repository/VLink/Page_CCSale/txt_TaxAmount'

2023-02-17 22:13:41 - [MESSAGE][PASSED] - Text 'Charge Description' is set on object 'Object Repository/VLink/Page_CCSale/txt_ChargeDescription'

2023-02-17 22:13:41 - [MESSAGE][PASSED] - Text '147357' is set on object 'Object Repository/VLink/Page_CCSale/txt_CAN'

2023-02-17 22:13:42 - [MESSAGE][PASSED] - Text '1' is set on object 'Object Repository/VLink/Page_CCSale/txt_BillPaymentIndicator'

2023-02-17 22:13:43 - [MESSAGE][PASSED] - Text 'UDF Data 1' is set on object 'Object Repository/VLink/Page_CCSale/txt_UDF1'

2023-02-17 22:13:43 - [MESSAGE][PASSED] - Text 'UDF Data 2' is set on object 'Object Repository/VLink/Page_CCSale/txt_UDF2'

2023-02-17 22:13:44 - [MESSAGE][PASSED] - Text 'UDF Data 3' is set on object 'Object Repository/VLink/Page_CCSale/txt_UDF3'

2023-02-17 22:13:45 - [MESSAGE][PASSED] - Text 'UDF Data 4' is set on object 'Object Repository/VLink/Page_CCSale/txt_UDF4'

2023-02-17 22:13:46 - [MESSAGE][PASSED] - Text 'UDF Data 5' is set on object 'Object Repository/VLink/Page_CCSale/txt_UDF5'

2023-02-17 22:13:46 - [MESSAGE][PASSED] - Text 'UDF Data 6' is set on object 'Object Repository/VLink/Page_CCSale/txt_UDF6'

2023-02-17 22:13:47 - [MESSAGE][PASSED] - Text 'UDF Data 7' is set on object 'Object Repository/VLink/Page_CCSale/txt_UDF7'

2023-02-17 22:13:48 - [MESSAGE][PASSED] - Text 'UDF Data 8' is set on object 'Object Repository/VLink/Page_CCSale/txt_UDF8'

2023-02-17 22:13:48 - [MESSAGE][PASSED] - Text 'UDF Data 9' is set on object 'Object Repository/VLink/Page_CCSale/txt_UDF9'

2023-02-17 22:13:49 - [MESSAGE][PASSED] - Text 'UDF Data 10' is set on object 'Object Repository/VLink/Page_CCSale/txt_UDF10'

2023-02-17 22:13:50 - [MESSAGE][PASSED] - Object: 'Object Repository/VLink/Page_CCSale/btn_ProcessVLinkTransaction' is clicked on

2023-02-17 22:13:55 - [MESSAGE][PASSED] - vlinkPages.saleCCPage.setDataSCC is PASSED

2023-02-17 22:13:55 - [TEST_STEP][PASSED] - if (verifyTextPresent("Transaction approved, no errors", true)): null

2023-02-17 22:13:55 - [MESSAGE][PASSED] - Text 'Transaction approved, no errors' is present on page  using regular expression

2023-02-17 22:13:55 - [TEST_STEP][PASSED] - println("Transaction Approved, no errors text is present on the Confirmation page"): null

2023-02-17 22:13:55 - [TEST_STEP][PASSED] - out.println("Pass Record Number: " + row): null

2023-02-17 22:13:55 - [TEST_STEP][PASSED] - resText = "Pass": null

2023-02-17 22:13:55 - [TEST_STEP][PASSED] - pages.WriteExcel.demoKey(resText, datText, resColumn, datCloumn, fileLoc, nameSheet, row): pages.WriteExcel.demoKey is PASSED

2023-02-17 22:13:56 - [MESSAGE][PASSED] - pages.WriteExcel.demoKey is PASSED

2023-02-17 22:13:56 - [TEST_STEP][PASSED] - sdfo = getText(findTestObject("Object Repository/Page_VLinkReceipt/pre_STX")): Text of object 'Object Repository/Page_VLinkReceipt/pre_STX' is: '<STX>wplBfM3RX2Uq                  12127386            0  Transaction approved, no errors                   0                                                                                  Y 000045   <ETX>'

2023-02-17 22:13:56 - [MESSAGE][PASSED] - Text of object 'Object Repository/Page_VLinkReceipt/pre_STX' is: '<STX>wplBfM3RX2Uq                  12127386            0  Transaction approved, no errors                   0                                                                                  Y 000045   <ETX>'

2023-02-17 22:13:56 - [TEST_STEP][PASSED] - out.println("sdfo: " + sdfo): null

2023-02-17 22:13:56 - [TEST_STEP][PASSED] - remID = substring(5, 35).trim(): null

2023-02-17 22:13:56 - [TEST_STEP][PASSED] - out.println("Remittance ID: " + remID): null

2023-02-17 22:13:56 - [TEST_STEP][PASSED] - traxID = substring(35, 55).trim(): null

2023-02-17 22:13:56 - [TEST_STEP][PASSED] - out.println("Transaction ID: " + traxID): null

2023-02-17 22:13:56 - [TEST_STEP][PASSED] - out.println("End Record Number: " + row): null

2023-02-17 22:13:56 - [TEST_STEP][PASSED] - closeBrowser(): Browser is closed

2023-02-17 22:13:57 - [MESSAGE][PASSED] - Browser is closed

2023-02-17 22:13:57 - [TEST_STEP][PASSED] - ExecuteTC = findTestData(dataFile).getValue("Execute", row): null

2023-02-17 22:13:57 - [TEST_STEP][PASSED] - out.println("Value of Execute is : " + ExecuteTC): null

2023-02-17 22:13:57 - [TEST_STEP][PASSED] - if (ExecuteTC.equalsIgnoreCase("Y")): Browser is closed

2023-02-17 22:13:57 - [TEST_STEP][PASSED] - out.println("Begin Record Number: " + row): null

2023-02-17 22:13:57 - [TEST_STEP][PASSED] - today = new java.util.Date(): null

2023-02-17 22:13:57 - [TEST_STEP][PASSED] - println(today): null

2023-02-17 22:13:57 - [TEST_STEP][PASSED] - datText = today: null

2023-02-17 22:13:57 - [TEST_STEP][PASSED] - openBrowser(VLinkURL + "authcap.html"): Browser is opened with url: 'https://dev-algorithm.govolution.com/vlinktest/QA/version_2_0/authcap.html'

2023-02-17 22:13:57 - [MESSAGE][INFO] - Starting 'Chrome' driver

2023-02-17 22:13:57 - [MESSAGE][INFO] - User set preference: ['acceptInsecureCerts', 'true']

2023-02-17 22:13:57 - [MESSAGE][INFO] - Action delay is set to 0 milliseconds

2023-02-17 22:13:59 - [MESSAGE][PASSED] - Browser is opened with url: 'https://dev-algorithm.govolution.com/vlinktest/QA/version_2_0/authcap.html'

2023-02-17 22:13:59 - [TEST_STEP][PASSED] - maximizeWindow(): Current window maximized

2023-02-17 22:13:59 - [MESSAGE][PASSED] - Current window maximized

2023-02-17 22:13:59 - [TEST_STEP][PASSED] - vlinkPages.saleCCPage.setDataSCC(row, dataFile): vlinkPages.saleCCPage.setDataSCC is PASSED

2023-02-17 22:14:02 - [MESSAGE][PASSED] - Object 'Object Repository/VLink/Page_CCSale/txt_CardNumber' is present

2023-02-17 22:14:02 - [MESSAGE][PASSED] - Text '104' is set on object 'Object Repository/VLink/Page_CCSale/txt_TransactionType'

2023-02-17 22:14:03 - [MESSAGE][PASSED] - Text '2.0C' is set on object 'Object Repository/VLink/Page_CCSale/txt_MessageVersion'

2023-02-17 22:14:04 - [MESSAGE][PASSED] - Text 'NvJajS9pJrFv' is set on object 'Object Repository/VLink/Page_CCSale/txt_RemID'

2023-02-17 22:14:04 - [MESSAGE][PASSED] - Text '581' is set on object 'Object Repository/VLink/Page_CCSale/txt_ApplicationId'

2023-02-17 22:14:05 - [MESSAGE][PASSED] - Text 'usr581' is set on object 'Object Repository/VLink/Page_CCSale/txt_Username'

2023-02-17 22:14:05 - [MESSAGE][PASSED] - Text 'pwd581' is set on object 'Object Repository/VLink/Page_CCSale/txt_Password'

2023-02-17 22:14:06 - [MESSAGE][PASSED] - Text 'fixed_width' is set on object 'Object Repository/VLink/Page_CCSale/txt_ResponseFormat'

2023-02-17 22:14:07 - [MESSAGE][PASSED] - Text 'RETL' is set on object 'Object Repository/VLink/Page_CCSale/txt_Category'

2023-02-17 22:14:07 - [MESSAGE][PASSED] - Text '' is set on object 'Object Repository/VLink/Page_CCSale/txt_TransactionID'

2023-02-17 22:14:08 - [MESSAGE][PASSED] - Text '' is set on object 'Object Repository/VLink/Page_CCSale/txt_ApprovalCode'

2023-02-17 22:14:09 - [MESSAGE][PASSED] - Text 'Kris Roshan' is set on object 'Object Repository/VLink/Page_CCSale/txt_CardName'

2023-02-17 22:14:09 - [MESSAGE][PASSED] - Text '258 Elm Road' is set on object 'Object Repository/VLink/Page_CCSale/txt_AL1'

2023-02-17 22:14:10 - [MESSAGE][PASSED] - Text 'Suite 56' is set on object 'Object Repository/VLink/Page_CCSale/txt_AL2'

2023-02-17 22:14:11 - [MESSAGE][PASSED] - Text 'Arlington' is set on object 'Object Repository/VLink/Page_CCSale/txt_CardCity'

2023-02-17 22:14:11 - [MESSAGE][PASSED] - Text 'VA' is set on object 'Object Repository/VLink/Page_CCSale/txt_CardState'

2023-02-17 22:14:12 - [MESSAGE][PASSED] - Text '22201' is set on object 'Object Repository/VLink/Page_CCSale/txt_CardZIP'

2023-02-17 22:14:13 - [MESSAGE][PASSED] - Text '840' is set on object 'Object Repository/VLink/Page_CCSale/txt_CountryID'

2023-02-17 22:14:13 - [MESSAGE][PASSED] - Text '1.50' is set on object 'Object Repository/VLink/Page_CCSale/txt_Amount'

2023-02-17 22:14:14 - [MESSAGE][PASSED] - Text '6011000993026909' is set on object 'Object Repository/VLink/Page_CCSale/txt_CardNumber'

2023-02-17 22:14:15 - [MESSAGE][PASSED] - Text '12' is set on object 'Object Repository/VLink/Page_CCSale/txt_ExpMonth'

2023-02-17 22:14:15 - [MESSAGE][PASSED] - Text '2025' is set on object 'Object Repository/VLink/Page_CCSale/txt_ExpYear'

2023-02-17 22:14:16 - [MESSAGE][PASSED] - Text '' is set on object 'Object Repository/VLink/Page_CCSale/txt_CVV'

2023-02-17 22:14:17 - [MESSAGE][PASSED] - Text '' is set on object 'Object Repository/VLink/Page_CCSale/txt_CVVstate'

2023-02-17 22:14:18 - [MESSAGE][PASSED] - Text '' is set on object 'Object Repository/VLink/Page_CCSale/txt_TrackData'

2023-02-17 22:14:18 - [MESSAGE][PASSED] - Text '' is set on object 'Object Repository/VLink/Page_CCSale/txt_Track1Data'

2023-02-17 22:14:19 - [MESSAGE][PASSED] - Text '' is set on object 'Object Repository/VLink/Page_CCSale/txt_Track2Data'

2023-02-17 22:14:20 - [MESSAGE][PASSED] - Text 'manual' is set on object 'Object Repository/VLink/Page_CCSale/txt_POSEntryMode'

2023-02-17 22:14:20 - [MESSAGE][PASSED] - Text 'iahmed@govolution.com' is set on object 'Object Repository/VLink/Page_CCSale/txt_Email'

2023-02-17 22:14:21 - [MESSAGE][PASSED] - Text '2569362' is set on object 'Object Repository/VLink/Page_CCSale/txt_OrderNumber'

2023-02-17 22:14:22 - [MESSAGE][PASSED] - Text '1.15' is set on object 'Object Repository/VLink/Page_CCSale/txt_TaxAmount'

2023-02-17 22:14:22 - [MESSAGE][PASSED] - Text 'Charge Description' is set on object 'Object Repository/VLink/Page_CCSale/txt_ChargeDescription'

2023-02-17 22:14:23 - [MESSAGE][PASSED] - Text '147357' is set on object 'Object Repository/VLink/Page_CCSale/txt_CAN'

2023-02-17 22:14:24 - [MESSAGE][PASSED] - Text '1' is set on object 'Object Repository/VLink/Page_CCSale/txt_BillPaymentIndicator'

2023-02-17 22:14:24 - [MESSAGE][PASSED] - Text 'UDF Data 1' is set on object 'Object Repository/VLink/Page_CCSale/txt_UDF1'

2023-02-17 22:14:25 - [MESSAGE][PASSED] - Text 'UDF Data 2' is set on object 'Object Repository/VLink/Page_CCSale/txt_UDF2'

2023-02-17 22:14:26 - [MESSAGE][PASSED] - Text 'UDF Data 3' is set on object 'Object Repository/VLink/Page_CCSale/txt_UDF3'

2023-02-17 22:14:27 - [MESSAGE][PASSED] - Text 'UDF Data 4' is set on object 'Object Repository/VLink/Page_CCSale/txt_UDF4'

2023-02-17 22:14:27 - [MESSAGE][PASSED] - Text 'UDF Data 5' is set on object 'Object Repository/VLink/Page_CCSale/txt_UDF5'

2023-02-17 22:14:28 - [MESSAGE][PASSED] - Text 'UDF Data 6' is set on object 'Object Repository/VLink/Page_CCSale/txt_UDF6'

2023-02-17 22:14:29 - [MESSAGE][PASSED] - Text 'UDF Data 7' is set on object 'Object Repository/VLink/Page_CCSale/txt_UDF7'

2023-02-17 22:14:29 - [MESSAGE][PASSED] - Text 'UDF Data 8' is set on object 'Object Repository/VLink/Page_CCSale/txt_UDF8'

2023-02-17 22:14:30 - [MESSAGE][PASSED] - Text 'UDF Data 9' is set on object 'Object Repository/VLink/Page_CCSale/txt_UDF9'

2023-02-17 22:14:31 - [MESSAGE][PASSED] - Text 'UDF Data 10' is set on object 'Object Repository/VLink/Page_CCSale/txt_UDF10'

2023-02-17 22:14:32 - [MESSAGE][PASSED] - Object: 'Object Repository/VLink/Page_CCSale/btn_ProcessVLinkTransaction' is clicked on

2023-02-17 22:14:37 - [MESSAGE][PASSED] - vlinkPages.saleCCPage.setDataSCC is PASSED

2023-02-17 22:14:37 - [TEST_STEP][PASSED] - if (verifyTextPresent("Transaction approved, no errors", true)): null

2023-02-17 22:14:37 - [MESSAGE][PASSED] - Text 'Transaction approved, no errors' is present on page  using regular expression

2023-02-17 22:14:37 - [TEST_STEP][PASSED] - println("Transaction Approved, no errors text is present on the Confirmation page"): null

2023-02-17 22:14:37 - [TEST_STEP][PASSED] - out.println("Pass Record Number: " + row): null

2023-02-17 22:14:37 - [TEST_STEP][PASSED] - resText = "Pass": null

2023-02-17 22:14:37 - [TEST_STEP][PASSED] - pages.WriteExcel.demoKey(resText, datText, resColumn, datCloumn, fileLoc, nameSheet, row): pages.WriteExcel.demoKey is PASSED

2023-02-17 22:14:37 - [MESSAGE][PASSED] - pages.WriteExcel.demoKey is PASSED

2023-02-17 22:14:37 - [TEST_STEP][PASSED] - sdfo = getText(findTestObject("Object Repository/Page_VLinkReceipt/pre_STX")): Text of object 'Object Repository/Page_VLinkReceipt/pre_STX' is: '<STX>NvJajS9pJrFv                  12127387            0  Transaction approved, no errors                   0                                                                                  Y 000046   <ETX>'

2023-02-17 22:14:38 - [MESSAGE][PASSED] - Text of object 'Object Repository/Page_VLinkReceipt/pre_STX' is: '<STX>NvJajS9pJrFv                  12127387            0  Transaction approved, no errors                   0                                                                                  Y 000046   <ETX>'

2023-02-17 22:14:38 - [TEST_STEP][PASSED] - out.println("sdfo: " + sdfo): null

2023-02-17 22:14:38 - [TEST_STEP][PASSED] - remID = substring(5, 35).trim(): null

2023-02-17 22:14:38 - [TEST_STEP][PASSED] - out.println("Remittance ID: " + remID): null

2023-02-17 22:14:38 - [TEST_STEP][PASSED] - traxID = substring(35, 55).trim(): null

2023-02-17 22:14:38 - [TEST_STEP][PASSED] - out.println("Transaction ID: " + traxID): null

2023-02-17 22:14:38 - [TEST_STEP][PASSED] - out.println("End Record Number: " + row): null

2023-02-17 22:14:38 - [TEST_STEP][PASSED] - closeBrowser(): Browser is closed

2023-02-17 22:14:38 - [MESSAGE][PASSED] - Browser is closed]]></system-out>
         <system-err><![CDATA[2023-02-17 20:35:22 - [TEST_CASE][FAILED] - Test Cases/VLink/QA/VLinkSale-Successful: Test Cases/VLink/QA/VLinkSale-Successful FAILED.
Reason:
com.kms.katalon.core.exception.StepFailedException: Text 'Transaction approved, no errors' is not present on page  using regular expression (Root cause: com.kms.katalon.core.exception.StepFailedException: Text 'Transaction approved, no errors' is not present on page  using regular expression
	at com.kms.katalon.core.webui.keyword.internal.WebUIKeywordMain.stepFailed(WebUIKeywordMain.groovy:64)
	at com.kms.katalon.core.webui.keyword.builtin.VerifyTextPresentKeyword$_verifyTextPresent_closure1.doCall(VerifyTextPresentKeyword.groovy:79)
	at com.kms.katalon.core.webui.keyword.builtin.VerifyTextPresentKeyword$_verifyTextPresent_closure1.call(VerifyTextPresentKeyword.groovy)
	at com.kms.katalon.core.webui.keyword.internal.WebUIKeywordMain.runKeyword(WebUIKeywordMain.groovy:20)
	at com.kms.katalon.core.webui.keyword.builtin.VerifyTextPresentKeyword.verifyTextPresent(VerifyTextPresentKeyword.groovy:83)
	at com.kms.katalon.core.webui.keyword.builtin.VerifyTextPresentKeyword.execute(VerifyTextPresentKeyword.groovy:68)
	at com.kms.katalon.core.keyword.internal.KeywordExecutor.executeKeywordForPlatform(KeywordExecutor.groovy:74)
	at com.kms.katalon.core.webui.keyword.WebUiBuiltInKeywords.verifyTextPresent(WebUiBuiltInKeywords.groovy:1723)
	at com.kms.katalon.core.webui.keyword.WebUiBuiltInKeywords$verifyTextPresent$4.call(Unknown Source)
	at VLinkSale-Successful.run(VLinkSale-Successful:89)
	at com.kms.katalon.core.main.ScriptEngine.run(ScriptEngine.java:194)
	at com.kms.katalon.core.main.ScriptEngine.runScriptAsRawText(ScriptEngine.java:119)
	at com.kms.katalon.core.main.TestCaseExecutor.runScript(TestCaseExecutor.java:442)
	at com.kms.katalon.core.main.TestCaseExecutor.doExecute(TestCaseExecutor.java:433)
	at com.kms.katalon.core.main.TestCaseExecutor.processExecutionPhase(TestCaseExecutor.java:412)
	at com.kms.katalon.core.main.TestCaseExecutor.accessMainPhase(TestCaseExecutor.java:404)
	at com.kms.katalon.core.main.TestCaseExecutor.execute(TestCaseExecutor.java:281)
	at com.kms.katalon.core.main.TestSuiteExecutor.accessTestCaseMainPhase(TestSuiteExecutor.java:202)
	at com.kms.katalon.core.main.TestSuiteExecutor.accessTestSuiteMainPhase(TestSuiteExecutor.java:164)
	at com.kms.katalon.core.main.TestSuiteExecutor.execute(TestSuiteExecutor.java:105)
	at com.kms.katalon.core.main.TestCaseMain.startTestSuite(TestCaseMain.java:185)
	at com.kms.katalon.core.main.TestCaseMain$startTestSuite$0.call(Unknown Source)
	at TempTestSuite1676684116661.run(TempTestSuite1676684116661.groovy:36)
)
	at com.kms.katalon.core.keyword.internal.KeywordMain.stepFailed(KeywordMain.groovy:39)
	at com.kms.katalon.core.webui.keyword.internal.WebUIKeywordMain.stepFailed(WebUIKeywordMain.groovy:64)
	at com.kms.katalon.core.webui.keyword.builtin.VerifyTextPresentKeyword$_verifyTextPresent_closure1.doCall(VerifyTextPresentKeyword.groovy:79)
	at com.kms.katalon.core.webui.keyword.builtin.VerifyTextPresentKeyword$_verifyTextPresent_closure1.call(VerifyTextPresentKeyword.groovy)
	at com.kms.katalon.core.webui.keyword.internal.WebUIKeywordMain.runKeyword(WebUIKeywordMain.groovy:20)
	at com.kms.katalon.core.webui.keyword.builtin.VerifyTextPresentKeyword.verifyTextPresent(VerifyTextPresentKeyword.groovy:83)
	at com.kms.katalon.core.webui.keyword.builtin.VerifyTextPresentKeyword.execute(VerifyTextPresentKeyword.groovy:68)
	at com.kms.katalon.core.keyword.internal.KeywordExecutor.executeKeywordForPlatform(KeywordExecutor.groovy:74)
	at com.kms.katalon.core.webui.keyword.WebUiBuiltInKeywords.verifyTextPresent(WebUiBuiltInKeywords.groovy:1723)
	at com.kms.katalon.core.webui.keyword.WebUiBuiltInKeywords$verifyTextPresent$4.call(Unknown Source)
	at VLinkSale-Successful.run(VLinkSale-Successful:89)
	at com.kms.katalon.core.main.ScriptEngine.run(ScriptEngine.java:194)
	at com.kms.katalon.core.main.ScriptEngine.runScriptAsRawText(ScriptEngine.java:119)
	at com.kms.katalon.core.main.TestCaseExecutor.runScript(TestCaseExecutor.java:442)
	at com.kms.katalon.core.main.TestCaseExecutor.doExecute(TestCaseExecutor.java:433)
	at com.kms.katalon.core.main.TestCaseExecutor.processExecutionPhase(TestCaseExecutor.java:412)
	at com.kms.katalon.core.main.TestCaseExecutor.accessMainPhase(TestCaseExecutor.java:404)
	at com.kms.katalon.core.main.TestCaseExecutor.execute(TestCaseExecutor.java:281)
	at com.kms.katalon.core.main.TestSuiteExecutor.accessTestCaseMainPhase(TestSuiteExecutor.java:202)
	at com.kms.katalon.core.main.TestSuiteExecutor.accessTestSuiteMainPhase(TestSuiteExecutor.java:164)
	at com.kms.katalon.core.main.TestSuiteExecutor.execute(TestSuiteExecutor.java:105)
	at com.kms.katalon.core.main.TestCaseMain.startTestSuite(TestCaseMain.java:185)
	at com.kms.katalon.core.main.TestCaseMain$startTestSuite$0.call(Unknown Source)
	at TempTestSuite1676684116661.run(TempTestSuite1676684116661.groovy:36)
Caused by: com.kms.katalon.core.exception.StepFailedException: Text 'Transaction approved, no errors' is not present on page  using regular expression
	... 23 more]]></system-err>
      </testcase>
      <system-out><![CDATA[2023-02-17 20:35:21 - [TEST_SUITE][FAILED] - QA_Regression_Test: Test Cases/VLink/QA/VLinkSale-Successful FAILED.
Reason:
com.kms.katalon.core.exception.StepFailedException: Text 'Transaction approved, no errors' is not present on page  using regular expression (Root cause: com.kms.katalon.core.exception.StepFailedException: Text 'Transaction approved, no errors' is not present on page  using regular expression
	at com.kms.katalon.core.webui.keyword.internal.WebUIKeywordMain.stepFailed(WebUIKeywordMain.groovy:64)
	at com.kms.katalon.core.webui.keyword.builtin.VerifyTextPresentKeyword$_verifyTextPresent_closure1.doCall(VerifyTextPresentKeyword.groovy:79)
	at com.kms.katalon.core.webui.keyword.builtin.VerifyTextPresentKeyword$_verifyTextPresent_closure1.call(VerifyTextPresentKeyword.groovy)
	at com.kms.katalon.core.webui.keyword.internal.WebUIKeywordMain.runKeyword(WebUIKeywordMain.groovy:20)
	at com.kms.katalon.core.webui.keyword.builtin.VerifyTextPresentKeyword.verifyTextPresent(VerifyTextPresentKeyword.groovy:83)
	at com.kms.katalon.core.webui.keyword.builtin.VerifyTextPresentKeyword.execute(VerifyTextPresentKeyword.groovy:68)
	at com.kms.katalon.core.keyword.internal.KeywordExecutor.executeKeywordForPlatform(KeywordExecutor.groovy:74)
	at com.kms.katalon.core.webui.keyword.WebUiBuiltInKeywords.verifyTextPresent(WebUiBuiltInKeywords.groovy:1723)
	at com.kms.katalon.core.webui.keyword.WebUiBuiltInKeywords$verifyTextPresent$4.call(Unknown Source)
	at VLinkSale-Successful.run(VLinkSale-Successful:89)
	at com.kms.katalon.core.main.ScriptEngine.run(ScriptEngine.java:194)
	at com.kms.katalon.core.main.ScriptEngine.runScriptAsRawText(ScriptEngine.java:119)
	at com.kms.katalon.core.main.TestCaseExecutor.runScript(TestCaseExecutor.java:442)
	at com.kms.katalon.core.main.TestCaseExecutor.doExecute(TestCaseExecutor.java:433)
	at com.kms.katalon.core.main.TestCaseExecutor.processExecutionPhase(TestCaseExecutor.java:412)
	at com.kms.katalon.core.main.TestCaseExecutor.accessMainPhase(TestCaseExecutor.java:404)
	at com.kms.katalon.core.main.TestCaseExecutor.execute(TestCaseExecutor.java:281)
	at com.kms.katalon.core.main.TestSuiteExecutor.accessTestCaseMainPhase(TestSuiteExecutor.java:202)
	at com.kms.katalon.core.main.TestSuiteExecutor.accessTestSuiteMainPhase(TestSuiteExecutor.java:164)
	at com.kms.katalon.core.main.TestSuiteExecutor.execute(TestSuiteExecutor.java:105)
	at com.kms.katalon.core.main.TestCaseMain.startTestSuite(TestCaseMain.java:185)
	at com.kms.katalon.core.main.TestCaseMain$startTestSuite$0.call(Unknown Source)
	at TempTestSuite1676684116661.run(TempTestSuite1676684116661.groovy:36)
)
	at com.kms.katalon.core.keyword.internal.KeywordMain.stepFailed(KeywordMain.groovy:39)
	at com.kms.katalon.core.webui.keyword.internal.WebUIKeywordMain.stepFailed(WebUIKeywordMain.groovy:64)
	at com.kms.katalon.core.webui.keyword.builtin.VerifyTextPresentKeyword$_verifyTextPresent_closure1.doCall(VerifyTextPresentKeyword.groovy:79)
	at com.kms.katalon.core.webui.keyword.builtin.VerifyTextPresentKeyword$_verifyTextPresent_closure1.call(VerifyTextPresentKeyword.groovy)
	at com.kms.katalon.core.webui.keyword.internal.WebUIKeywordMain.runKeyword(WebUIKeywordMain.groovy:20)
	at com.kms.katalon.core.webui.keyword.builtin.VerifyTextPresentKeyword.verifyTextPresent(VerifyTextPresentKeyword.groovy:83)
	at com.kms.katalon.core.webui.keyword.builtin.VerifyTextPresentKeyword.execute(VerifyTextPresentKeyword.groovy:68)
	at com.kms.katalon.core.keyword.internal.KeywordExecutor.executeKeywordForPlatform(KeywordExecutor.groovy:74)
	at com.kms.katalon.core.webui.keyword.WebUiBuiltInKeywords.verifyTextPresent(WebUiBuiltInKeywords.groovy:1723)
	at com.kms.katalon.core.webui.keyword.WebUiBuiltInKeywords$verifyTextPresent$4.call(Unknown Source)
	at VLinkSale-Successful.run(VLinkSale-Successful:89)
	at com.kms.katalon.core.main.ScriptEngine.run(ScriptEngine.java:194)
	at com.kms.katalon.core.main.ScriptEngine.runScriptAsRawText(ScriptEngine.java:119)
	at com.kms.katalon.core.main.TestCaseExecutor.runScript(TestCaseExecutor.java:442)
	at com.kms.katalon.core.main.TestCaseExecutor.doExecute(TestCaseExecutor.java:433)
	at com.kms.katalon.core.main.TestCaseExecutor.processExecutionPhase(TestCaseExecutor.java:412)
	at com.kms.katalon.core.main.TestCaseExecutor.accessMainPhase(TestCaseExecutor.java:404)
	at com.kms.katalon.core.main.TestCaseExecutor.execute(TestCaseExecutor.java:281)
	at com.kms.katalon.core.main.TestSuiteExecutor.accessTestCaseMainPhase(TestSuiteExecutor.java:202)
	at com.kms.katalon.core.main.TestSuiteExecutor.accessTestSuiteMainPhase(TestSuiteExecutor.java:164)
	at com.kms.katalon.core.main.TestSuiteExecutor.execute(TestSuiteExecutor.java:105)
	at com.kms.katalon.core.main.TestCaseMain.startTestSuite(TestCaseMain.java:185)
	at com.kms.katalon.core.main.TestCaseMain$startTestSuite$0.call(Unknown Source)
	at TempTestSuite1676684116661.run(TempTestSuite1676684116661.groovy:36)
Caused by: com.kms.katalon.core.exception.StepFailedException: Text 'Transaction approved, no errors' is not present on page  using regular expression
	... 23 more]]></system-out>
      <system-err><![CDATA[2023-02-17 20:35:21 - [TEST_SUITE][FAILED] - QA_Regression_Test: Test Cases/VLink/QA/VLinkSale-Successful FAILED.
Reason:
com.kms.katalon.core.exception.StepFailedException: Text 'Transaction approved, no errors' is not present on page  using regular expression (Root cause: com.kms.katalon.core.exception.StepFailedException: Text 'Transaction approved, no errors' is not present on page  using regular expression
	at com.kms.katalon.core.webui.keyword.internal.WebUIKeywordMain.stepFailed(WebUIKeywordMain.groovy:64)
	at com.kms.katalon.core.webui.keyword.builtin.VerifyTextPresentKeyword$_verifyTextPresent_closure1.doCall(VerifyTextPresentKeyword.groovy:79)
	at com.kms.katalon.core.webui.keyword.builtin.VerifyTextPresentKeyword$_verifyTextPresent_closure1.call(VerifyTextPresentKeyword.groovy)
	at com.kms.katalon.core.webui.keyword.internal.WebUIKeywordMain.runKeyword(WebUIKeywordMain.groovy:20)
	at com.kms.katalon.core.webui.keyword.builtin.VerifyTextPresentKeyword.verifyTextPresent(VerifyTextPresentKeyword.groovy:83)
	at com.kms.katalon.core.webui.keyword.builtin.VerifyTextPresentKeyword.execute(VerifyTextPresentKeyword.groovy:68)
	at com.kms.katalon.core.keyword.internal.KeywordExecutor.executeKeywordForPlatform(KeywordExecutor.groovy:74)
	at com.kms.katalon.core.webui.keyword.WebUiBuiltInKeywords.verifyTextPresent(WebUiBuiltInKeywords.groovy:1723)
	at com.kms.katalon.core.webui.keyword.WebUiBuiltInKeywords$verifyTextPresent$4.call(Unknown Source)
	at VLinkSale-Successful.run(VLinkSale-Successful:89)
	at com.kms.katalon.core.main.ScriptEngine.run(ScriptEngine.java:194)
	at com.kms.katalon.core.main.ScriptEngine.runScriptAsRawText(ScriptEngine.java:119)
	at com.kms.katalon.core.main.TestCaseExecutor.runScript(TestCaseExecutor.java:442)
	at com.kms.katalon.core.main.TestCaseExecutor.doExecute(TestCaseExecutor.java:433)
	at com.kms.katalon.core.main.TestCaseExecutor.processExecutionPhase(TestCaseExecutor.java:412)
	at com.kms.katalon.core.main.TestCaseExecutor.accessMainPhase(TestCaseExecutor.java:404)
	at com.kms.katalon.core.main.TestCaseExecutor.execute(TestCaseExecutor.java:281)
	at com.kms.katalon.core.main.TestSuiteExecutor.accessTestCaseMainPhase(TestSuiteExecutor.java:202)
	at com.kms.katalon.core.main.TestSuiteExecutor.accessTestSuiteMainPhase(TestSuiteExecutor.java:164)
	at com.kms.katalon.core.main.TestSuiteExecutor.execute(TestSuiteExecutor.java:105)
	at com.kms.katalon.core.main.TestCaseMain.startTestSuite(TestCaseMain.java:185)
	at com.kms.katalon.core.main.TestCaseMain$startTestSuite$0.call(Unknown Source)
	at TempTestSuite1676684116661.run(TempTestSuite1676684116661.groovy:36)
)
	at com.kms.katalon.core.keyword.internal.KeywordMain.stepFailed(KeywordMain.groovy:39)
	at com.kms.katalon.core.webui.keyword.internal.WebUIKeywordMain.stepFailed(WebUIKeywordMain.groovy:64)
	at com.kms.katalon.core.webui.keyword.builtin.VerifyTextPresentKeyword$_verifyTextPresent_closure1.doCall(VerifyTextPresentKeyword.groovy:79)
	at com.kms.katalon.core.webui.keyword.builtin.VerifyTextPresentKeyword$_verifyTextPresent_closure1.call(VerifyTextPresentKeyword.groovy)
	at com.kms.katalon.core.webui.keyword.internal.WebUIKeywordMain.runKeyword(WebUIKeywordMain.groovy:20)
	at com.kms.katalon.core.webui.keyword.builtin.VerifyTextPresentKeyword.verifyTextPresent(VerifyTextPresentKeyword.groovy:83)
	at com.kms.katalon.core.webui.keyword.builtin.VerifyTextPresentKeyword.execute(VerifyTextPresentKeyword.groovy:68)
	at com.kms.katalon.core.keyword.internal.KeywordExecutor.executeKeywordForPlatform(KeywordExecutor.groovy:74)
	at com.kms.katalon.core.webui.keyword.WebUiBuiltInKeywords.verifyTextPresent(WebUiBuiltInKeywords.groovy:1723)
	at com.kms.katalon.core.webui.keyword.WebUiBuiltInKeywords$verifyTextPresent$4.call(Unknown Source)
	at VLinkSale-Successful.run(VLinkSale-Successful:89)
	at com.kms.katalon.core.main.ScriptEngine.run(ScriptEngine.java:194)
	at com.kms.katalon.core.main.ScriptEngine.runScriptAsRawText(ScriptEngine.java:119)
	at com.kms.katalon.core.main.TestCaseExecutor.runScript(TestCaseExecutor.java:442)
	at com.kms.katalon.core.main.TestCaseExecutor.doExecute(TestCaseExecutor.java:433)
	at com.kms.katalon.core.main.TestCaseExecutor.processExecutionPhase(TestCaseExecutor.java:412)
	at com.kms.katalon.core.main.TestCaseExecutor.accessMainPhase(TestCaseExecutor.java:404)
	at com.kms.katalon.core.main.TestCaseExecutor.execute(TestCaseExecutor.java:281)
	at com.kms.katalon.core.main.TestSuiteExecutor.accessTestCaseMainPhase(TestSuiteExecutor.java:202)
	at com.kms.katalon.core.main.TestSuiteExecutor.accessTestSuiteMainPhase(TestSuiteExecutor.java:164)
	at com.kms.katalon.core.main.TestSuiteExecutor.execute(TestSuiteExecutor.java:105)
	at com.kms.katalon.core.main.TestCaseMain.startTestSuite(TestCaseMain.java:185)
	at com.kms.katalon.core.main.TestCaseMain$startTestSuite$0.call(Unknown Source)
	at TempTestSuite1676684116661.run(TempTestSuite1676684116661.groovy:36)
Caused by: com.kms.katalon.core.exception.StepFailedException: Text 'Transaction approved, no errors' is not present on page  using regular expression
	... 23 more]]></system-err>
   </testsuite>
</testsuites>
