<?xml version="1.0" encoding="UTF-8"?>
<testsuites name="RAD_UI_TestSuite" time="637.459" tests="1" failures="1" errors="0">
   <testsuite name="RAD_UI_TestSuite" tests="1" failures="1" errors="0" time="637.459" skipped="0" timestamp="2021-10-20 00:46:52" hostname="iahmed - DESKTOP-B2QI6NS.govolution.com" id="Test Suites/RAD_TestSuite/RAD_UI_TestSuite">
      <properties>
         <property name="deviceName" value=""/>
         <property name="devicePlatform" value=""/>
         <property name="logFolder" value="E:\\Cloned-Project-Katalon\\VPS-Katalon\\Reports\\20211020_004649\\RAD_TestSuite\\RAD_UI_TestSuite\\20211020_004649"/>
         <property name="logFiles" value="E:\\Cloned-Project-Katalon\\VPS-Katalon\\Reports\\20211020_004649\\RAD_TestSuite\\RAD_UI_TestSuite\\20211020_004649\\execution0.log"/>
         <property name="attachments" value="E:\\Cloned-Project-Katalon\\VPS-Katalon\\Reports\\20211020_004649\\RAD_TestSuite\\RAD_UI_TestSuite\\20211020_004649\\1634705239656.png, E:\\Cloned-Project-Katalon\\VPS-Katalon\\Reports\\20211020_004649\\RAD_TestSuite\\RAD_UI_TestSuite\\20211020_004649\\1634705240298.png, E:\\Cloned-Project-Katalon\\VPS-Katalon\\Reports\\20211020_004649\\RAD_TestSuite\\RAD_UI_TestSuite\\20211020_004649\\1634705295004.png, E:\\Cloned-Project-Katalon\\VPS-Katalon\\Reports\\20211020_004649\\RAD_TestSuite\\RAD_UI_TestSuite\\20211020_004649\\1634705295613.png, E:\\Cloned-Project-Katalon\\VPS-Katalon\\Reports\\20211020_004649\\RAD_TestSuite\\RAD_UI_TestSuite\\20211020_004649\\1634705349187.png, E:\\Cloned-Project-Katalon\\VPS-Katalon\\Reports\\20211020_004649\\RAD_TestSuite\\RAD_UI_TestSuite\\20211020_004649\\1634705349818.png, E:\\Cloned-Project-Katalon\\VPS-Katalon\\Reports\\20211020_004649\\RAD_TestSuite\\RAD_UI_TestSuite\\20211020_004649\\1634705399756.png, E:\\Cloned-Project-Katalon\\VPS-Katalon\\Reports\\20211020_004649\\RAD_TestSuite\\RAD_UI_TestSuite\\20211020_004649\\1634705434431.png, E:\\Cloned-Project-Katalon\\VPS-Katalon\\Reports\\20211020_004649\\RAD_TestSuite\\RAD_UI_TestSuite\\20211020_004649\\1634705435055.png, E:\\Cloned-Project-Katalon\\VPS-Katalon\\Reports\\20211020_004649\\RAD_TestSuite\\RAD_UI_TestSuite\\20211020_004649\\1634705489692.png, E:\\Cloned-Project-Katalon\\VPS-Katalon\\Reports\\20211020_004649\\RAD_TestSuite\\RAD_UI_TestSuite\\20211020_004649\\1634705490310.png, E:\\Cloned-Project-Katalon\\VPS-Katalon\\Reports\\20211020_004649\\RAD_TestSuite\\RAD_UI_TestSuite\\20211020_004649\\1634705544055.png, E:\\Cloned-Project-Katalon\\VPS-Katalon\\Reports\\20211020_004649\\RAD_TestSuite\\RAD_UI_TestSuite\\20211020_004649\\1634705544661.png, E:\\Cloned-Project-Katalon\\VPS-Katalon\\Reports\\20211020_004649\\RAD_TestSuite\\RAD_UI_TestSuite\\20211020_004649\\1634705598264.png, E:\\Cloned-Project-Katalon\\VPS-Katalon\\Reports\\20211020_004649\\RAD_TestSuite\\RAD_UI_TestSuite\\20211020_004649\\1634705598911.png, E:\\Cloned-Project-Katalon\\VPS-Katalon\\Reports\\20211020_004649\\RAD_TestSuite\\RAD_UI_TestSuite\\20211020_004649\\1634705652607.png, E:\\Cloned-Project-Katalon\\VPS-Katalon\\Reports\\20211020_004649\\RAD_TestSuite\\RAD_UI_TestSuite\\20211020_004649\\1634705653186.png, E:\\Cloned-Project-Katalon\\VPS-Katalon\\Reports\\20211020_004649\\RAD_TestSuite\\RAD_UI_TestSuite\\20211020_004649\\1634705707395.png, E:\\Cloned-Project-Katalon\\VPS-Katalon\\Reports\\20211020_004649\\RAD_TestSuite\\RAD_UI_TestSuite\\20211020_004649\\1634705708040.png, E:\\Cloned-Project-Katalon\\VPS-Katalon\\Reports\\20211020_004649\\RAD_TestSuite\\RAD_UI_TestSuite\\20211020_004649\\1634705762252.png, E:\\Cloned-Project-Katalon\\VPS-Katalon\\Reports\\20211020_004649\\RAD_TestSuite\\RAD_UI_TestSuite\\20211020_004649\\1634705762826.png, E:\\Cloned-Project-Katalon\\VPS-Katalon\\Reports\\20211020_004649\\RAD_TestSuite\\RAD_UI_TestSuite\\20211020_004649\\1634705816778.png, E:\\Cloned-Project-Katalon\\VPS-Katalon\\Reports\\20211020_004649\\RAD_TestSuite\\RAD_UI_TestSuite\\20211020_004649\\1634705817370.png"/>
         <property name="hostName" value="iahmed - DESKTOP-B2QI6NS.govolution.com"/>
         <property name="os" value="Windows 10 64bit"/>
         <property name="katalonVersion" value="8.0.5.208"/>
         <property name="browser" value="Chrome 94.0.4606.81"/>
         <property name="hostAddress" value="172.30.2.167"/>
         <property name="sessionId" value="5fd4cc92a390c4c07b868ef20bcddb8f"/>
         <property name="seleniumVersion" value="3.141.59"/>
         <property name="proxyInformation" value="ProxyInformation { proxyOption=NO_PROXY, proxyServerType=HTTP, username=, password=********, proxyServerAddress=, proxyServerPort=0, executionList=&quot;&quot;, isApplyToDesiredCapabilities=true }"/>
         <property name="platform" value="Windows 10"/>
      </properties>
      <testcase name="Test Cases/RAD_TestCases/PaymentsHardCoded/Payments_ExistingLiability_HC_TC" time="634.725" classname="Test Cases/RAD_TestCases/PaymentsHardCoded/Payments_ExistingLiability_HC_TC" status="FAILED">
         <failure type="FAILED" message="Test Cases/RAD_TestCases/PaymentsHardCoded/Payments_ExistingLiability_HC_TC FAILED.
Reason:
com.kms.katalon.core.exception.StepFailedException: Unable to set text '123456' of object 'Object Repository/RAD_Pages/TaxInfo_Page/input_FEIN' (Root cause: com.kms.katalon.core.exception.StepFailedException: Unable to set text '123456' of object 'Object Repository/RAD_Pages/TaxInfo_Page/input_FEIN'
	at com.kms.katalon.core.webui.keyword.internal.WebUIKeywordMain.stepFailed(WebUIKeywordMain.groovy:64)
	at com.kms.katalon.core.webui.keyword.internal.WebUIKeywordMain.runKeyword(WebUIKeywordMain.groovy:26)
	at com.kms.katalon.core.webui.keyword.builtin.SetTextKeyword.setText(SetTextKeyword.groovy:66)
	at com.kms.katalon.core.webui.keyword.builtin.SetTextKeyword.execute(SetTextKeyword.groovy:37)
	at com.kms.katalon.core.keyword.internal.KeywordExecutor.executeKeywordForPlatform(KeywordExecutor.groovy:73)
	at com.kms.katalon.core.webui.keyword.WebUiBuiltInKeywords.setText(WebUiBuiltInKeywords.groovy:980)
	at com.kms.katalon.core.webui.keyword.WebUiBuiltInKeywords$setText$3.call(Unknown Source)
	at Payments_ExistingLiability_HC_TC.run(Payments_ExistingLiability_HC_TC:130)
	at com.kms.katalon.core.main.ScriptEngine.run(ScriptEngine.java:194)
	at com.kms.katalon.core.main.ScriptEngine.runScriptAsRawText(ScriptEngine.java:119)
	at com.kms.katalon.core.main.TestCaseExecutor.runScript(TestCaseExecutor.java:369)
	at com.kms.katalon.core.main.TestCaseExecutor.doExecute(TestCaseExecutor.java:360)
	at com.kms.katalon.core.main.TestCaseExecutor.processExecutionPhase(TestCaseExecutor.java:339)
	at com.kms.katalon.core.main.TestCaseExecutor.accessMainPhase(TestCaseExecutor.java:331)
	at com.kms.katalon.core.main.TestCaseExecutor.execute(TestCaseExecutor.java:248)
	at com.kms.katalon.core.main.TestSuiteExecutor.accessTestCaseMainPhase(TestSuiteExecutor.java:191)
	at com.kms.katalon.core.main.TestSuiteExecutor.accessTestSuiteMainPhase(TestSuiteExecutor.java:140)
	at com.kms.katalon.core.main.TestSuiteExecutor.execute(TestSuiteExecutor.java:89)
	at com.kms.katalon.core.main.TestCaseMain.startTestSuite(TestCaseMain.java:185)
	at com.kms.katalon.core.main.TestCaseMain$startTestSuite$0.call(Unknown Source)
	at TempTestSuite1634705209531.run(TempTestSuite1634705209531.groovy:39)
Caused by: org.openqa.selenium.ElementNotInteractableException: element not interactable
  (Session info: chrome=94.0.4606.81)
Build info: version: '3.141.59', revision: 'e82be7d358', time: '2018-11-14T08:25:53'
System info: host: 'DESKTOP-B2QI6NS', ip: '172.30.2.167', os.name: 'Windows 10', os.arch: 'amd64', os.version: '10.0', java.version: '1.8.0_181'
Driver info: com.kms.katalon.selenium.driver.CChromeDriver
Capabilities {acceptInsecureCerts: true, browserName: chrome, browserVersion: 94.0.4606.81, chrome: {chromedriverVersion: 94.0.4606.61 (418b78f5838ed..., userDataDir: C:\Users\iahmed\AppData\Loc...}, goog:chromeOptions: {debuggerAddress: localhost:63836}, javascriptEnabled: true, networkConnectionEnabled: false, pageLoadStrategy: normal, platform: WINDOWS, platformName: WINDOWS, proxy: Proxy(), setWindowRect: true, strictFileInteractability: false, timeouts: {implicit: 0, pageLoad: 300000, script: 30000}, unhandledPromptBehavior: dismiss and notify, webauthn:extension:credBlob: true, webauthn:extension:largeBlob: true, webauthn:virtualAuthenticators: true}
Session ID: 74c7827371a4abdd6418632c3f9b0243
	at org.openqa.selenium.remote.http.W3CHttpResponseCodec.createException(W3CHttpResponseCodec.java:187)
	at org.openqa.selenium.remote.http.W3CHttpResponseCodec.decode(W3CHttpResponseCodec.java:122)
	at org.openqa.selenium.remote.http.W3CHttpResponseCodec.decode(W3CHttpResponseCodec.java:49)
	at org.openqa.selenium.remote.HttpCommandExecutor.execute(HttpCommandExecutor.java:158)
	at org.openqa.selenium.remote.service.DriverCommandExecutor.execute(DriverCommandExecutor.java:83)
	at org.openqa.selenium.remote.RemoteWebDriver.execute(RemoteWebDriver.java:552)
	at com.kms.katalon.selenium.driver.CChromeDriver.execute(CChromeDriver.java:19)
	at org.openqa.selenium.remote.RemoteWebElement.execute(RemoteWebElement.java:285)
	at org.openqa.selenium.remote.RemoteWebElement.clear(RemoteWebElement.java:124)
	at org.openqa.selenium.support.events.EventFiringWebDriver$EventFiringWebElement.lambda$new$0(EventFiringWebDriver.java:404)
	at com.sun.proxy.$Proxy11.clear(Unknown Source)
	at org.openqa.selenium.support.events.EventFiringWebDriver$EventFiringWebElement.clear(EventFiringWebDriver.java:436)
	at com.kms.katalon.core.webui.keyword.builtin.SetTextKeyword$_setText_closure1.doCall(SetTextKeyword.groovy:53)
	at com.kms.katalon.core.webui.keyword.builtin.SetTextKeyword$_setText_closure1.call(SetTextKeyword.groovy)
	at com.kms.katalon.core.webui.keyword.internal.WebUIKeywordMain.runKeyword(WebUIKeywordMain.groovy:20)
	at com.kms.katalon.core.webui.keyword.builtin.SetTextKeyword.setText(SetTextKeyword.groovy:66)
	at com.kms.katalon.core.webui.keyword.builtin.SetTextKeyword.execute(SetTextKeyword.groovy:37)
	at com.kms.katalon.core.keyword.internal.KeywordExecutor.executeKeywordForPlatform(KeywordExecutor.groovy:73)
	at com.kms.katalon.core.webui.keyword.WebUiBuiltInKeywords.setText(WebUiBuiltInKeywords.groovy:980)
	at com.kms.katalon.core.webui.keyword.WebUiBuiltInKeywords$setText$3.call(Unknown Source)
	at Script1634702981988.run(Script1634702981988.groovy:130)
	... 13 more
)
	at com.kms.katalon.core.keyword.internal.KeywordMain.stepFailed(KeywordMain.groovy:39)
	at com.kms.katalon.core.webui.keyword.internal.WebUIKeywordMain.stepFailed(WebUIKeywordMain.groovy:64)
	at com.kms.katalon.core.webui.keyword.internal.WebUIKeywordMain.runKeyword(WebUIKeywordMain.groovy:26)
	at com.kms.katalon.core.webui.keyword.builtin.SetTextKeyword.setText(SetTextKeyword.groovy:66)
	at com.kms.katalon.core.webui.keyword.builtin.SetTextKeyword.execute(SetTextKeyword.groovy:37)
	at com.kms.katalon.core.keyword.internal.KeywordExecutor.executeKeywordForPlatform(KeywordExecutor.groovy:73)
	at com.kms.katalon.core.webui.keyword.WebUiBuiltInKeywords.setText(WebUiBuiltInKeywords.groovy:980)
	at com.kms.katalon.core.webui.keyword.WebUiBuiltInKeywords$setText$3.call(Unknown Source)
	at Payments_ExistingLiability_HC_TC.run(Payments_ExistingLiability_HC_TC:130)
	at com.kms.katalon.core.main.ScriptEngine.run(ScriptEngine.java:194)
	at com.kms.katalon.core.main.ScriptEngine.runScriptAsRawText(ScriptEngine.java:119)
	at com.kms.katalon.core.main.TestCaseExecutor.runScript(TestCaseExecutor.java:369)
	at com.kms.katalon.core.main.TestCaseExecutor.doExecute(TestCaseExecutor.java:360)
	at com.kms.katalon.core.main.TestCaseExecutor.processExecutionPhase(TestCaseExecutor.java:339)
	at com.kms.katalon.core.main.TestCaseExecutor.accessMainPhase(TestCaseExecutor.java:331)
	at com.kms.katalon.core.main.TestCaseExecutor.execute(TestCaseExecutor.java:248)
	at com.kms.katalon.core.main.TestSuiteExecutor.accessTestCaseMainPhase(TestSuiteExecutor.java:191)
	at com.kms.katalon.core.main.TestSuiteExecutor.accessTestSuiteMainPhase(TestSuiteExecutor.java:140)
	at com.kms.katalon.core.main.TestSuiteExecutor.execute(TestSuiteExecutor.java:89)
	at com.kms.katalon.core.main.TestCaseMain.startTestSuite(TestCaseMain.java:185)
	at com.kms.katalon.core.main.TestCaseMain$startTestSuite$0.call(Unknown Source)
	at TempTestSuite1634705209531.run(TempTestSuite1634705209531.groovy:39)
Caused by: com.kms.katalon.core.exception.StepFailedException: Unable to set text '123456' of object 'Object Repository/RAD_Pages/TaxInfo_Page/input_FEIN'
	... 21 more
Caused by: org.openqa.selenium.ElementNotInteractableException: element not interactable
  (Session info: chrome=94.0.4606.81)
Build info: version: '3.141.59', revision: 'e82be7d358', time: '2018-11-14T08:25:53'
System info: host: 'DESKTOP-B2QI6NS', ip: '172.30.2.167', os.name: 'Windows 10', os.arch: 'amd64', os.version: '10.0', java.version: '1.8.0_181'
Driver info: com.kms.katalon.selenium.driver.CChromeDriver
Capabilities {acceptInsecureCerts: true, browserName: chrome, browserVersion: 94.0.4606.81, chrome: {chromedriverVersion: 94.0.4606.61 (418b78f5838ed..., userDataDir: C:\Users\iahmed\AppData\Loc...}, goog:chromeOptions: {debuggerAddress: localhost:63836}, javascriptEnabled: true, networkConnectionEnabled: false, pageLoadStrategy: normal, platform: WINDOWS, platformName: WINDOWS, proxy: Proxy(), setWindowRect: true, strictFileInteractability: false, timeouts: {implicit: 0, pageLoad: 300000, script: 30000}, unhandledPromptBehavior: dismiss and notify, webauthn:extension:credBlob: true, webauthn:extension:largeBlob: true, webauthn:virtualAuthenticators: true}
Session ID: 74c7827371a4abdd6418632c3f9b0243
	at org.openqa.selenium.remote.http.W3CHttpResponseCodec.createException(W3CHttpResponseCodec.java:187)
	at org.openqa.selenium.remote.http.W3CHttpResponseCodec.decode(W3CHttpResponseCodec.java:122)
	at org.openqa.selenium.remote.http.W3CHttpResponseCodec.decode(W3CHttpResponseCodec.java:49)
	at org.openqa.selenium.remote.HttpCommandExecutor.execute(HttpCommandExecutor.java:158)
	at org.openqa.selenium.remote.service.DriverCommandExecutor.execute(DriverCommandExecutor.java:83)
	at org.openqa.selenium.remote.RemoteWebDriver.execute(RemoteWebDriver.java:552)
	at com.kms.katalon.selenium.driver.CChromeDriver.execute(CChromeDriver.java:19)
	at org.openqa.selenium.remote.RemoteWebElement.execute(RemoteWebElement.java:285)
	at org.openqa.selenium.remote.RemoteWebElement.clear(RemoteWebElement.java:124)
	at org.openqa.selenium.support.events.EventFiringWebDriver$EventFiringWebElement.lambda$new$0(EventFiringWebDriver.java:404)
	at com.sun.proxy.$Proxy11.clear(Unknown Source)
	at org.openqa.selenium.support.events.EventFiringWebDriver$EventFiringWebElement.clear(EventFiringWebDriver.java:436)
	at com.kms.katalon.core.webui.keyword.builtin.SetTextKeyword$_setText_closure1.doCall(SetTextKeyword.groovy:53)
	at com.kms.katalon.core.webui.keyword.builtin.SetTextKeyword$_setText_closure1.call(SetTextKeyword.groovy)
	at com.kms.katalon.core.webui.keyword.internal.WebUIKeywordMain.runKeyword(WebUIKeywordMain.groovy:20)
	... 19 more
"/>
         <system-out><![CDATA[2021-10-20 00:46:53 - [TEST_CASE][FAILED] - Test Cases/RAD_TestCases/PaymentsHardCoded/Payments_ExistingLiability_HC_TC: Test Cases/RAD_TestCases/PaymentsHardCoded/Payments_ExistingLiability_HC_TC FAILED.
Reason:
com.kms.katalon.core.exception.StepFailedException: Unable to set text '123456' of object 'Object Repository/RAD_Pages/TaxInfo_Page/input_FEIN' (Root cause: com.kms.katalon.core.exception.StepFailedException: Unable to set text '123456' of object 'Object Repository/RAD_Pages/TaxInfo_Page/input_FEIN'
	at com.kms.katalon.core.webui.keyword.internal.WebUIKeywordMain.stepFailed(WebUIKeywordMain.groovy:64)
	at com.kms.katalon.core.webui.keyword.internal.WebUIKeywordMain.runKeyword(WebUIKeywordMain.groovy:26)
	at com.kms.katalon.core.webui.keyword.builtin.SetTextKeyword.setText(SetTextKeyword.groovy:66)
	at com.kms.katalon.core.webui.keyword.builtin.SetTextKeyword.execute(SetTextKeyword.groovy:37)
	at com.kms.katalon.core.keyword.internal.KeywordExecutor.executeKeywordForPlatform(KeywordExecutor.groovy:73)
	at com.kms.katalon.core.webui.keyword.WebUiBuiltInKeywords.setText(WebUiBuiltInKeywords.groovy:980)
	at com.kms.katalon.core.webui.keyword.WebUiBuiltInKeywords$setText$3.call(Unknown Source)
	at Payments_ExistingLiability_HC_TC.run(Payments_ExistingLiability_HC_TC:130)
	at com.kms.katalon.core.main.ScriptEngine.run(ScriptEngine.java:194)
	at com.kms.katalon.core.main.ScriptEngine.runScriptAsRawText(ScriptEngine.java:119)
	at com.kms.katalon.core.main.TestCaseExecutor.runScript(TestCaseExecutor.java:369)
	at com.kms.katalon.core.main.TestCaseExecutor.doExecute(TestCaseExecutor.java:360)
	at com.kms.katalon.core.main.TestCaseExecutor.processExecutionPhase(TestCaseExecutor.java:339)
	at com.kms.katalon.core.main.TestCaseExecutor.accessMainPhase(TestCaseExecutor.java:331)
	at com.kms.katalon.core.main.TestCaseExecutor.execute(TestCaseExecutor.java:248)
	at com.kms.katalon.core.main.TestSuiteExecutor.accessTestCaseMainPhase(TestSuiteExecutor.java:191)
	at com.kms.katalon.core.main.TestSuiteExecutor.accessTestSuiteMainPhase(TestSuiteExecutor.java:140)
	at com.kms.katalon.core.main.TestSuiteExecutor.execute(TestSuiteExecutor.java:89)
	at com.kms.katalon.core.main.TestCaseMain.startTestSuite(TestCaseMain.java:185)
	at com.kms.katalon.core.main.TestCaseMain$startTestSuite$0.call(Unknown Source)
	at TempTestSuite1634705209531.run(TempTestSuite1634705209531.groovy:39)
Caused by: org.openqa.selenium.ElementNotInteractableException: element not interactable
  (Session info: chrome=94.0.4606.81)
Build info: version: '3.141.59', revision: 'e82be7d358', time: '2018-11-14T08:25:53'
System info: host: 'DESKTOP-B2QI6NS', ip: '172.30.2.167', os.name: 'Windows 10', os.arch: 'amd64', os.version: '10.0', java.version: '1.8.0_181'
Driver info: com.kms.katalon.selenium.driver.CChromeDriver
Capabilities {acceptInsecureCerts: true, browserName: chrome, browserVersion: 94.0.4606.81, chrome: {chromedriverVersion: 94.0.4606.61 (418b78f5838ed..., userDataDir: C:\Users\iahmed\AppData\Loc...}, goog:chromeOptions: {debuggerAddress: localhost:63836}, javascriptEnabled: true, networkConnectionEnabled: false, pageLoadStrategy: normal, platform: WINDOWS, platformName: WINDOWS, proxy: Proxy(), setWindowRect: true, strictFileInteractability: false, timeouts: {implicit: 0, pageLoad: 300000, script: 30000}, unhandledPromptBehavior: dismiss and notify, webauthn:extension:credBlob: true, webauthn:extension:largeBlob: true, webauthn:virtualAuthenticators: true}
Session ID: 74c7827371a4abdd6418632c3f9b0243
	at org.openqa.selenium.remote.http.W3CHttpResponseCodec.createException(W3CHttpResponseCodec.java:187)
	at org.openqa.selenium.remote.http.W3CHttpResponseCodec.decode(W3CHttpResponseCodec.java:122)
	at org.openqa.selenium.remote.http.W3CHttpResponseCodec.decode(W3CHttpResponseCodec.java:49)
	at org.openqa.selenium.remote.HttpCommandExecutor.execute(HttpCommandExecutor.java:158)
	at org.openqa.selenium.remote.service.DriverCommandExecutor.execute(DriverCommandExecutor.java:83)
	at org.openqa.selenium.remote.RemoteWebDriver.execute(RemoteWebDriver.java:552)
	at com.kms.katalon.selenium.driver.CChromeDriver.execute(CChromeDriver.java:19)
	at org.openqa.selenium.remote.RemoteWebElement.execute(RemoteWebElement.java:285)
	at org.openqa.selenium.remote.RemoteWebElement.clear(RemoteWebElement.java:124)
	at org.openqa.selenium.support.events.EventFiringWebDriver$EventFiringWebElement.lambda$new$0(EventFiringWebDriver.java:404)
	at com.sun.proxy.$Proxy11.clear(Unknown Source)
	at org.openqa.selenium.support.events.EventFiringWebDriver$EventFiringWebElement.clear(EventFiringWebDriver.java:436)
	at com.kms.katalon.core.webui.keyword.builtin.SetTextKeyword$_setText_closure1.doCall(SetTextKeyword.groovy:53)
	at com.kms.katalon.core.webui.keyword.builtin.SetTextKeyword$_setText_closure1.call(SetTextKeyword.groovy)
	at com.kms.katalon.core.webui.keyword.internal.WebUIKeywordMain.runKeyword(WebUIKeywordMain.groovy:20)
	at com.kms.katalon.core.webui.keyword.builtin.SetTextKeyword.setText(SetTextKeyword.groovy:66)
	at com.kms.katalon.core.webui.keyword.builtin.SetTextKeyword.execute(SetTextKeyword.groovy:37)
	at com.kms.katalon.core.keyword.internal.KeywordExecutor.executeKeywordForPlatform(KeywordExecutor.groovy:73)
	at com.kms.katalon.core.webui.keyword.WebUiBuiltInKeywords.setText(WebUiBuiltInKeywords.groovy:980)
	at com.kms.katalon.core.webui.keyword.WebUiBuiltInKeywords$setText$3.call(Unknown Source)
	at Script1634702981988.run(Script1634702981988.groovy:130)
	... 13 more
)
	at com.kms.katalon.core.keyword.internal.KeywordMain.stepFailed(KeywordMain.groovy:39)
	at com.kms.katalon.core.webui.keyword.internal.WebUIKeywordMain.stepFailed(WebUIKeywordMain.groovy:64)
	at com.kms.katalon.core.webui.keyword.internal.WebUIKeywordMain.runKeyword(WebUIKeywordMain.groovy:26)
	at com.kms.katalon.core.webui.keyword.builtin.SetTextKeyword.setText(SetTextKeyword.groovy:66)
	at com.kms.katalon.core.webui.keyword.builtin.SetTextKeyword.execute(SetTextKeyword.groovy:37)
	at com.kms.katalon.core.keyword.internal.KeywordExecutor.executeKeywordForPlatform(KeywordExecutor.groovy:73)
	at com.kms.katalon.core.webui.keyword.WebUiBuiltInKeywords.setText(WebUiBuiltInKeywords.groovy:980)
	at com.kms.katalon.core.webui.keyword.WebUiBuiltInKeywords$setText$3.call(Unknown Source)
	at Payments_ExistingLiability_HC_TC.run(Payments_ExistingLiability_HC_TC:130)
	at com.kms.katalon.core.main.ScriptEngine.run(ScriptEngine.java:194)
	at com.kms.katalon.core.main.ScriptEngine.runScriptAsRawText(ScriptEngine.java:119)
	at com.kms.katalon.core.main.TestCaseExecutor.runScript(TestCaseExecutor.java:369)
	at com.kms.katalon.core.main.TestCaseExecutor.doExecute(TestCaseExecutor.java:360)
	at com.kms.katalon.core.main.TestCaseExecutor.processExecutionPhase(TestCaseExecutor.java:339)
	at com.kms.katalon.core.main.TestCaseExecutor.accessMainPhase(TestCaseExecutor.java:331)
	at com.kms.katalon.core.main.TestCaseExecutor.execute(TestCaseExecutor.java:248)
	at com.kms.katalon.core.main.TestSuiteExecutor.accessTestCaseMainPhase(TestSuiteExecutor.java:191)
	at com.kms.katalon.core.main.TestSuiteExecutor.accessTestSuiteMainPhase(TestSuiteExecutor.java:140)
	at com.kms.katalon.core.main.TestSuiteExecutor.execute(TestSuiteExecutor.java:89)
	at com.kms.katalon.core.main.TestCaseMain.startTestSuite(TestCaseMain.java:185)
	at com.kms.katalon.core.main.TestCaseMain$startTestSuite$0.call(Unknown Source)
	at TempTestSuite1634705209531.run(TempTestSuite1634705209531.groovy:39)
Caused by: com.kms.katalon.core.exception.StepFailedException: Unable to set text '123456' of object 'Object Repository/RAD_Pages/TaxInfo_Page/input_FEIN'
	... 21 more
Caused by: org.openqa.selenium.ElementNotInteractableException: element not interactable
  (Session info: chrome=94.0.4606.81)
Build info: version: '3.141.59', revision: 'e82be7d358', time: '2018-11-14T08:25:53'
System info: host: 'DESKTOP-B2QI6NS', ip: '172.30.2.167', os.name: 'Windows 10', os.arch: 'amd64', os.version: '10.0', java.version: '1.8.0_181'
Driver info: com.kms.katalon.selenium.driver.CChromeDriver
Capabilities {acceptInsecureCerts: true, browserName: chrome, browserVersion: 94.0.4606.81, chrome: {chromedriverVersion: 94.0.4606.61 (418b78f5838ed..., userDataDir: C:\Users\iahmed\AppData\Loc...}, goog:chromeOptions: {debuggerAddress: localhost:63836}, javascriptEnabled: true, networkConnectionEnabled: false, pageLoadStrategy: normal, platform: WINDOWS, platformName: WINDOWS, proxy: Proxy(), setWindowRect: true, strictFileInteractability: false, timeouts: {implicit: 0, pageLoad: 300000, script: 30000}, unhandledPromptBehavior: dismiss and notify, webauthn:extension:credBlob: true, webauthn:extension:largeBlob: true, webauthn:virtualAuthenticators: true}
Session ID: 74c7827371a4abdd6418632c3f9b0243
	at org.openqa.selenium.remote.http.W3CHttpResponseCodec.createException(W3CHttpResponseCodec.java:187)
	at org.openqa.selenium.remote.http.W3CHttpResponseCodec.decode(W3CHttpResponseCodec.java:122)
	at org.openqa.selenium.remote.http.W3CHttpResponseCodec.decode(W3CHttpResponseCodec.java:49)
	at org.openqa.selenium.remote.HttpCommandExecutor.execute(HttpCommandExecutor.java:158)
	at org.openqa.selenium.remote.service.DriverCommandExecutor.execute(DriverCommandExecutor.java:83)
	at org.openqa.selenium.remote.RemoteWebDriver.execute(RemoteWebDriver.java:552)
	at com.kms.katalon.selenium.driver.CChromeDriver.execute(CChromeDriver.java:19)
	at org.openqa.selenium.remote.RemoteWebElement.execute(RemoteWebElement.java:285)
	at org.openqa.selenium.remote.RemoteWebElement.clear(RemoteWebElement.java:124)
	at org.openqa.selenium.support.events.EventFiringWebDriver$EventFiringWebElement.lambda$new$0(EventFiringWebDriver.java:404)
	at com.sun.proxy.$Proxy11.clear(Unknown Source)
	at org.openqa.selenium.support.events.EventFiringWebDriver$EventFiringWebElement.clear(EventFiringWebDriver.java:436)
	at com.kms.katalon.core.webui.keyword.builtin.SetTextKeyword$_setText_closure1.doCall(SetTextKeyword.groovy:53)
	at com.kms.katalon.core.webui.keyword.builtin.SetTextKeyword$_setText_closure1.call(SetTextKeyword.groovy)
	at com.kms.katalon.core.webui.keyword.internal.WebUIKeywordMain.runKeyword(WebUIKeywordMain.groovy:20)
	... 19 more


2021-10-20 00:46:53 - [TEST_STEP][PASSED] - resText = "Fail": null

2021-10-20 00:46:53 - [TEST_STEP][PASSED] - resColumn = "Result": null

2021-10-20 00:46:53 - [TEST_STEP][PASSED] - datCloumn = "Date": null

2021-10-20 00:46:53 - [TEST_STEP][PASSED] - fileLoc = "C:\KatalonData\RADTestData\PaymentsELHardCoded.xlsx": null

2021-10-20 00:46:53 - [TEST_STEP][PASSED] - nameSheet = "Sheet1": null

2021-10-20 00:46:53 - [TEST_STEP][PASSED] - dataFile = "RADTestData/PaymentsELHardCoded": null

2021-10-20 00:46:53 - [TEST_STEP][PASSED] - ExecuteTC = <not implemented yet for class: org.codehaus.groovy.ast.expr.EmptyExpression>: null

2021-10-20 00:46:53 - [TEST_STEP][PASSED] - Taxtype = <not implemented yet for class: org.codehaus.groovy.ast.expr.EmptyExpression>: null

2021-10-20 00:46:53 - [TEST_STEP][PASSED] - TaxTypeEL = <not implemented yet for class: org.codehaus.groovy.ast.expr.EmptyExpression>: null

2021-10-20 00:46:53 - [TEST_STEP][PASSED] - FName = <not implemented yet for class: org.codehaus.groovy.ast.expr.EmptyExpression>: null

2021-10-20 00:46:53 - [TEST_STEP][PASSED] - LName = <not implemented yet for class: org.codehaus.groovy.ast.expr.EmptyExpression>: null

2021-10-20 00:46:53 - [TEST_STEP][PASSED] - AL1 = <not implemented yet for class: org.codehaus.groovy.ast.expr.EmptyExpression>: null

2021-10-20 00:46:54 - [TEST_STEP][PASSED] - City = <not implemented yet for class: org.codehaus.groovy.ast.expr.EmptyExpression>: null

2021-10-20 00:46:54 - [TEST_STEP][PASSED] - ZIP = <not implemented yet for class: org.codehaus.groovy.ast.expr.EmptyExpression>: null

2021-10-20 00:46:54 - [TEST_STEP][PASSED] - Amount = <not implemented yet for class: org.codehaus.groovy.ast.expr.EmptyExpression>: null

2021-10-20 00:46:54 - [TEST_STEP][PASSED] - CCNumber = <not implemented yet for class: org.codehaus.groovy.ast.expr.EmptyExpression>: null

2021-10-20 00:46:54 - [TEST_STEP][PASSED] - CVV = <not implemented yet for class: org.codehaus.groovy.ast.expr.EmptyExpression>: null

2021-10-20 00:46:54 - [TEST_STEP][PASSED] - numOfRows = findTestData(dataFile).getRowNumbers(): null

2021-10-20 00:46:54 - [TEST_STEP][PASSED] - println("Number of Records: " + numOfRows): null

2021-10-20 00:46:54 - [TEST_STEP][FAILED] - for ([row = 1, row <= numOfRows, (row++)]): null

2021-10-20 00:46:54 - [TEST_STEP][PASSED] - ExecuteTC = findTestData(dataFile).getValue("Execute", row): null

2021-10-20 00:46:54 - [TEST_STEP][PASSED] - Taxtype = findTestData(dataFile).getValue("TaxType", row): null

2021-10-20 00:46:54 - [TEST_STEP][PASSED] - TaxTypeEL = findTestData(dataFile).getValue("TaxTypeEL", row): null

2021-10-20 00:46:54 - [TEST_STEP][PASSED] - FName = findTestData(dataFile).getValue("Fname", row): null

2021-10-20 00:46:55 - [TEST_STEP][PASSED] - LName = findTestData(dataFile).getValue("Lname", row): null

2021-10-20 00:46:55 - [TEST_STEP][PASSED] - AL1 = findTestData(dataFile).getValue("AL1", row): null

2021-10-20 00:46:55 - [TEST_STEP][PASSED] - City = findTestData(dataFile).getValue("City", row): null

2021-10-20 00:46:55 - [TEST_STEP][PASSED] - ZIP = findTestData(dataFile).getValue("ZIP", row): null

2021-10-20 00:46:55 - [TEST_STEP][PASSED] - Amount = findTestData(dataFile).getValue("Amount", row): null

2021-10-20 00:46:55 - [TEST_STEP][PASSED] - CCNumber = findTestData(dataFile).getValue("CCNumber", row): null

2021-10-20 00:46:55 - [TEST_STEP][PASSED] - CVV = findTestData(dataFile).getValue("CVV", row): null

2021-10-20 00:46:55 - [TEST_STEP][PASSED] - out.println("Value of Execute is : " + ExecuteTC): null

2021-10-20 00:46:55 - [TEST_STEP][FAILED] - if (ExecuteTC.equalsIgnoreCase("Y")): null

2021-10-20 00:46:55 - [TEST_STEP][PASSED] - out.println("Begin Record Number: " + row): null

2021-10-20 00:46:55 - [TEST_STEP][PASSED] - today = new java.util.Date(): null

2021-10-20 00:46:55 - [TEST_STEP][PASSED] - println(today): null

2021-10-20 00:46:55 - [TEST_STEP][PASSED] - datText = today: null

2021-10-20 00:46:55 - [TEST_STEP][PASSED] - Taxtype = findTestData(dataFile).getValue("TaxType", row): null

2021-10-20 00:46:55 - [TEST_STEP][PASSED] - out.println("Taxtype value is : " + Taxtype): null

2021-10-20 00:46:55 - [TEST_STEP][PASSED] - openBrowser(""): Browser is opened with url: ''

2021-10-20 00:46:56 - [MESSAGE][INFO] - Starting 'Chrome' driver

2021-10-20 00:46:56 - [MESSAGE][INFO] - User set preference: ['acceptInsecureCerts', 'true']

2021-10-20 00:46:56 - [MESSAGE][INFO] - Action delay is set to 0 milliseconds

2021-10-20 00:46:58 - [MESSAGE][PASSED] - Browser is opened with url: ''

2021-10-20 00:46:58 - [TEST_STEP][PASSED] - maximizeWindow(): Current window maximized

2021-10-20 00:46:58 - [MESSAGE][PASSED] - Current window maximized

2021-10-20 00:46:58 - [TEST_STEP][PASSED] - navigateToUrl(RADurl): Navigate to 'https://qa.velocitypayment.com/client/rad/index.html' successfully

2021-10-20 00:47:00 - [MESSAGE][PASSED] - Navigate to 'https://qa.velocitypayment.com/client/rad/index.html' successfully

2021-10-20 00:47:00 - [TEST_STEP][PASSED] - orPath_Landing = "Object Repository/RAD_Pages/Landing_Page": null

2021-10-20 00:47:00 - [TEST_STEP][PASSED] - orPath_TaxTypeFilingYear = "Object Repository/RAD_Pages/TaxTypeFilingYear_Page": null

2021-10-20 00:47:00 - [TEST_STEP][PASSED] - orPath_TaxPayer = "Object Repository/RAD_Pages/Taxpayer_Page": null

2021-10-20 00:47:00 - [TEST_STEP][PASSED] - orPath_AddressContact = "Object Repository/RAD_Pages/AddressAndContactInfo_Page": null

2021-10-20 00:47:00 - [TEST_STEP][PASSED] - orPath_FilingStatus = "Object Repository/RAD_Pages/FilingStatus_Page": null

2021-10-20 00:47:00 - [TEST_STEP][PASSED] - orPath_Amount = "Object Repository/RAD_Pages/PaymentAmount_Page": null

2021-10-20 00:47:00 - [TEST_STEP][PASSED] - orPath_TaxInfo = "Object Repository/RAD_Pages/TaxInfo_Page": null

2021-10-20 00:47:00 - [TEST_STEP][PASSED] - orPath_Withholding = "Object Repository/RAD_Pages/Withholding_Page": null

2021-10-20 00:47:00 - [TEST_STEP][PASSED] - orPath_Summary = "Object Repository/RAD_Pages/Summary_Page": null

2021-10-20 00:47:00 - [TEST_STEP][PASSED] - orPath_PaymentReady = "Object Repository/RAD_Pages/PaymentReady_Page": null

2021-10-20 00:47:00 - [TEST_STEP][PASSED] - orPath_PaymentEntry = "Object Repository/RAD_Pages/PaymentEntry_Page": null

2021-10-20 00:47:00 - [TEST_STEP][PASSED] - orPath_PaymentConfirmation = "Object Repository/RAD_Pages/PaymentConfirmation_Page": null

2021-10-20 00:47:00 - [TEST_STEP][PASSED] - orPath_ServiceFeesAccept = "Object Repository/RAD_Pages/ServiceFeeAccept_Page": null

2021-10-20 00:47:00 - [TEST_STEP][PASSED] - selectOptionByLabel(findTestObject(orPath_Landing + "/dd_TaxType"), Taxtype, false): All options with label 'Existing Liability' are selected in object 'Object Repository/RAD_Pages/Landing_Page/dd_TaxType' 

2021-10-20 00:47:01 - [MESSAGE][PASSED] - All options with label 'Existing Liability' are selected in object 'Object Repository/RAD_Pages/Landing_Page/dd_TaxType' 

2021-10-20 00:47:01 - [TEST_STEP][PASSED] - delay(3): Delayed 3 second(s)

2021-10-20 00:47:04 - [MESSAGE][PASSED] - Delayed 3 second(s)

2021-10-20 00:47:04 - [TEST_STEP][PASSED] - selectOptionByLabel(findTestObject(orPath_TaxTypeFilingYear + "/select_TaxType_ExistingLiability"), TaxTypeEL, false): All options with label 'Bay Restoration Fund Tax' are selected in object 'Object Repository/RAD_Pages/TaxTypeFilingYear_Page/select_TaxType_ExistingLiability' 

2021-10-20 00:47:05 - [MESSAGE][PASSED] - All options with label 'Bay Restoration Fund Tax' are selected in object 'Object Repository/RAD_Pages/TaxTypeFilingYear_Page/select_TaxType_ExistingLiability' 

2021-10-20 00:47:05 - [TEST_STEP][PASSED] - setText(findTestObject(orPath_TaxPayer + "/input_firstName"), FName): Text 'Michael' is set on object 'Object Repository/RAD_Pages/Taxpayer_Page/input_firstName'

2021-10-20 00:47:05 - [MESSAGE][PASSED] - Text 'Michael' is set on object 'Object Repository/RAD_Pages/Taxpayer_Page/input_firstName'

2021-10-20 00:47:05 - [TEST_STEP][PASSED] - setText(findTestObject(orPath_TaxPayer + "/input_lastName"), LName): Text 'Atherton' is set on object 'Object Repository/RAD_Pages/Taxpayer_Page/input_lastName'

2021-10-20 00:47:06 - [MESSAGE][PASSED] - Text 'Atherton' is set on object 'Object Repository/RAD_Pages/Taxpayer_Page/input_lastName'

2021-10-20 00:47:06 - [TEST_STEP][PASSED] - setText(findTestObject(orPath_TaxPayer + "/input_middleName"), "Johns"): Text 'Johns' is set on object 'Object Repository/RAD_Pages/Taxpayer_Page/input_middleName'

2021-10-20 00:47:07 - [MESSAGE][PASSED] - Text 'Johns' is set on object 'Object Repository/RAD_Pages/Taxpayer_Page/input_middleName'

2021-10-20 00:47:07 - [TEST_STEP][PASSED] - setText(findTestObject(orPath_TaxPayer + "/input_suffix"), "Sr"): Text 'Sr' is set on object 'Object Repository/RAD_Pages/Taxpayer_Page/input_suffix'

2021-10-20 00:47:07 - [MESSAGE][PASSED] - Text 'Sr' is set on object 'Object Repository/RAD_Pages/Taxpayer_Page/input_suffix'

2021-10-20 00:47:07 - [TEST_STEP][PASSED] - selectOptionByLabel(findTestObject(orPath_AddressContact + "/select_Country"), "United States", false): All options with label 'United States' are selected in object 'Object Repository/RAD_Pages/AddressAndContactInfo_Page/select_Country' 

2021-10-20 00:47:08 - [MESSAGE][PASSED] - All options with label 'United States' are selected in object 'Object Repository/RAD_Pages/AddressAndContactInfo_Page/select_Country' 

2021-10-20 00:47:08 - [TEST_STEP][PASSED] - setText(findTestObject(orPath_AddressContact + "/input_streetAddress1"), AL1): Text '2311 York road' is set on object 'Object Repository/RAD_Pages/AddressAndContactInfo_Page/input_streetAddress1'

2021-10-20 00:47:09 - [MESSAGE][PASSED] - Text '2311 York road' is set on object 'Object Repository/RAD_Pages/AddressAndContactInfo_Page/input_streetAddress1'

2021-10-20 00:47:09 - [TEST_STEP][PASSED] - setText(findTestObject(orPath_AddressContact + "/input_streetAddress2"), ""): Text '' is set on object 'Object Repository/RAD_Pages/AddressAndContactInfo_Page/input_streetAddress2'

2021-10-20 00:47:09 - [MESSAGE][PASSED] - Text '' is set on object 'Object Repository/RAD_Pages/AddressAndContactInfo_Page/input_streetAddress2'

2021-10-20 00:47:09 - [TEST_STEP][PASSED] - setText(findTestObject(orPath_AddressContact + "/input_city"), City): Text 'Gambrills' is set on object 'Object Repository/RAD_Pages/AddressAndContactInfo_Page/input_city'

2021-10-20 00:47:10 - [MESSAGE][PASSED] - Text 'Gambrills' is set on object 'Object Repository/RAD_Pages/AddressAndContactInfo_Page/input_city'

2021-10-20 00:47:10 - [TEST_STEP][PASSED] - selectOptionByLabel(findTestObject(orPath_AddressContact + "/select_State"), "Maryland", false): All options with label 'Maryland' are selected in object 'Object Repository/RAD_Pages/AddressAndContactInfo_Page/select_State' 

2021-10-20 00:47:11 - [MESSAGE][PASSED] - All options with label 'Maryland' are selected in object 'Object Repository/RAD_Pages/AddressAndContactInfo_Page/select_State' 

2021-10-20 00:47:11 - [TEST_STEP][PASSED] - setText(findTestObject(orPath_AddressContact + "/input_zipCode"), ZIP): Text '21054' is set on object 'Object Repository/RAD_Pages/AddressAndContactInfo_Page/input_zipCode'

2021-10-20 00:47:11 - [MESSAGE][PASSED] - Text '21054' is set on object 'Object Repository/RAD_Pages/AddressAndContactInfo_Page/input_zipCode'

2021-10-20 00:47:11 - [TEST_STEP][PASSED] - setText(findTestObject(orPath_AddressContact + "/input_phoneNumber"), "77038945000"): Text '77038945000' is set on object 'Object Repository/RAD_Pages/AddressAndContactInfo_Page/input_phoneNumber'

2021-10-20 00:47:12 - [MESSAGE][PASSED] - Text '77038945000' is set on object 'Object Repository/RAD_Pages/AddressAndContactInfo_Page/input_phoneNumber'

2021-10-20 00:47:12 - [TEST_STEP][PASSED] - setText(findTestObject(orPath_AddressContact + "/input_eMailAddress"), "iahmed@govolution.com"): Text 'iahmed@govolution.com' is set on object 'Object Repository/RAD_Pages/AddressAndContactInfo_Page/input_eMailAddress'

2021-10-20 00:47:13 - [MESSAGE][PASSED] - Text 'iahmed@govolution.com' is set on object 'Object Repository/RAD_Pages/AddressAndContactInfo_Page/input_eMailAddress'

2021-10-20 00:47:13 - [TEST_STEP][PASSED] - setText(findTestObject(orPath_AddressContact + "/input_reEnterEMailAddress"), "iahmed@govolution.com"): Text 'iahmed@govolution.com' is set on object 'Object Repository/RAD_Pages/AddressAndContactInfo_Page/input_reEnterEMailAddress'

2021-10-20 00:47:14 - [MESSAGE][PASSED] - Text 'iahmed@govolution.com' is set on object 'Object Repository/RAD_Pages/AddressAndContactInfo_Page/input_reEnterEMailAddress'

2021-10-20 00:47:14 - [TEST_STEP][PASSED] - setText(findTestObject(orPath_TaxInfo + "/input_TaxInfo_ExisitingSSN"), "111223333"): Text '111223333' is set on object 'Object Repository/RAD_Pages/TaxInfo_Page/input_TaxInfo_ExisitingSSN'

2021-10-20 00:47:14 - [MESSAGE][PASSED] - Text '111223333' is set on object 'Object Repository/RAD_Pages/TaxInfo_Page/input_TaxInfo_ExisitingSSN'

2021-10-20 00:47:15 - [TEST_STEP][PASSED] - setText(findTestObject(orPath_TaxInfo + "/input_TaxInfo_reTaxTypeExisitingSSN"), "111223333"): Text '111223333' is set on object 'Object Repository/RAD_Pages/TaxInfo_Page/input_TaxInfo_reTaxTypeExisitingSSN'

2021-10-20 00:47:15 - [MESSAGE][PASSED] - Text '111223333' is set on object 'Object Repository/RAD_Pages/TaxInfo_Page/input_TaxInfo_reTaxTypeExisitingSSN'

2021-10-20 00:47:15 - [TEST_STEP][PASSED] - scrollToElement(findTestObject(orPath_Amount + "/input__paymentAmount"), 3): Scroll to object 'Object Repository/RAD_Pages/PaymentAmount_Page/input__paymentAmount' successfully

2021-10-20 00:47:16 - [MESSAGE][PASSED] - Scroll to object 'Object Repository/RAD_Pages/PaymentAmount_Page/input__paymentAmount' successfully

2021-10-20 00:47:16 - [TEST_STEP][PASSED] - delay(3): Delayed 3 second(s)

2021-10-20 00:47:19 - [MESSAGE][PASSED] - Delayed 3 second(s)

2021-10-20 00:47:19 - [TEST_STEP][FAILED] - setText(findTestObject(orPath_TaxInfo + "/input_FEIN"), "123456"): Unable to set text '123456' of object 'Object Repository/RAD_Pages/TaxInfo_Page/input_FEIN' (Root cause: com.kms.katalon.core.exception.StepFailedException: Unable to set text '123456' of object 'Object Repository/RAD_Pages/TaxInfo_Page/input_FEIN'
	at com.kms.katalon.core.webui.keyword.internal.WebUIKeywordMain.stepFailed(WebUIKeywordMain.groovy:64)
	at com.kms.katalon.core.webui.keyword.internal.WebUIKeywordMain.runKeyword(WebUIKeywordMain.groovy:26)
	at com.kms.katalon.core.webui.keyword.builtin.SetTextKeyword.setText(SetTextKeyword.groovy:66)
	at com.kms.katalon.core.webui.keyword.builtin.SetTextKeyword.execute(SetTextKeyword.groovy:37)
	at com.kms.katalon.core.keyword.internal.KeywordExecutor.executeKeywordForPlatform(KeywordExecutor.groovy:73)
	at com.kms.katalon.core.webui.keyword.WebUiBuiltInKeywords.setText(WebUiBuiltInKeywords.groovy:980)
	at com.kms.katalon.core.webui.keyword.WebUiBuiltInKeywords$setText$3.call(Unknown Source)
	at Payments_ExistingLiability_HC_TC.run(Payments_ExistingLiability_HC_TC:130)
	at com.kms.katalon.core.main.ScriptEngine.run(ScriptEngine.java:194)
	at com.kms.katalon.core.main.ScriptEngine.runScriptAsRawText(ScriptEngine.java:119)
	at com.kms.katalon.core.main.TestCaseExecutor.runScript(TestCaseExecutor.java:369)
	at com.kms.katalon.core.main.TestCaseExecutor.doExecute(TestCaseExecutor.java:360)
	at com.kms.katalon.core.main.TestCaseExecutor.processExecutionPhase(TestCaseExecutor.java:339)
	at com.kms.katalon.core.main.TestCaseExecutor.accessMainPhase(TestCaseExecutor.java:331)
	at com.kms.katalon.core.main.TestCaseExecutor.execute(TestCaseExecutor.java:248)
	at com.kms.katalon.core.main.TestSuiteExecutor.accessTestCaseMainPhase(TestSuiteExecutor.java:191)
	at com.kms.katalon.core.main.TestSuiteExecutor.accessTestSuiteMainPhase(TestSuiteExecutor.java:140)
	at com.kms.katalon.core.main.TestSuiteExecutor.execute(TestSuiteExecutor.java:89)
	at com.kms.katalon.core.main.TestCaseMain.startTestSuite(TestCaseMain.java:185)
	at com.kms.katalon.core.main.TestCaseMain$startTestSuite$0.call(Unknown Source)
	at TempTestSuite1634705209531.run(TempTestSuite1634705209531.groovy:39)
Caused by: org.openqa.selenium.ElementNotInteractableException: element not interactable
  (Session info: chrome=94.0.4606.81)
Build info: version: '3.141.59', revision: 'e82be7d358', time: '2018-11-14T08:25:53'
System info: host: 'DESKTOP-B2QI6NS', ip: '172.30.2.167', os.name: 'Windows 10', os.arch: 'amd64', os.version: '10.0', java.version: '1.8.0_181'
Driver info: com.kms.katalon.selenium.driver.CChromeDriver
Capabilities {acceptInsecureCerts: true, browserName: chrome, browserVersion: 94.0.4606.81, chrome: {chromedriverVersion: 94.0.4606.61 (418b78f5838ed..., userDataDir: C:\Users\iahmed\AppData\Loc...}, goog:chromeOptions: {debuggerAddress: localhost:63836}, javascriptEnabled: true, networkConnectionEnabled: false, pageLoadStrategy: normal, platform: WINDOWS, platformName: WINDOWS, proxy: Proxy(), setWindowRect: true, strictFileInteractability: false, timeouts: {implicit: 0, pageLoad: 300000, script: 30000}, unhandledPromptBehavior: dismiss and notify, webauthn:extension:credBlob: true, webauthn:extension:largeBlob: true, webauthn:virtualAuthenticators: true}
Session ID: 74c7827371a4abdd6418632c3f9b0243
	at org.openqa.selenium.remote.http.W3CHttpResponseCodec.createException(W3CHttpResponseCodec.java:187)
	at org.openqa.selenium.remote.http.W3CHttpResponseCodec.decode(W3CHttpResponseCodec.java:122)
	at org.openqa.selenium.remote.http.W3CHttpResponseCodec.decode(W3CHttpResponseCodec.java:49)
	at org.openqa.selenium.remote.HttpCommandExecutor.execute(HttpCommandExecutor.java:158)
	at org.openqa.selenium.remote.service.DriverCommandExecutor.execute(DriverCommandExecutor.java:83)
	at org.openqa.selenium.remote.RemoteWebDriver.execute(RemoteWebDriver.java:552)
	at com.kms.katalon.selenium.driver.CChromeDriver.execute(CChromeDriver.java:19)
	at org.openqa.selenium.remote.RemoteWebElement.execute(RemoteWebElement.java:285)
	at org.openqa.selenium.remote.RemoteWebElement.clear(RemoteWebElement.java:124)
	at org.openqa.selenium.support.events.EventFiringWebDriver$EventFiringWebElement.lambda$new$0(EventFiringWebDriver.java:404)
	at com.sun.proxy.$Proxy11.clear(Unknown Source)
	at org.openqa.selenium.support.events.EventFiringWebDriver$EventFiringWebElement.clear(EventFiringWebDriver.java:436)
	at com.kms.katalon.core.webui.keyword.builtin.SetTextKeyword$_setText_closure1.doCall(SetTextKeyword.groovy:53)
	at com.kms.katalon.core.webui.keyword.builtin.SetTextKeyword$_setText_closure1.call(SetTextKeyword.groovy)
	at com.kms.katalon.core.webui.keyword.internal.WebUIKeywordMain.runKeyword(WebUIKeywordMain.groovy:20)
	at com.kms.katalon.core.webui.keyword.builtin.SetTextKeyword.setText(SetTextKeyword.groovy:66)
	at com.kms.katalon.core.webui.keyword.builtin.SetTextKeyword.execute(SetTextKeyword.groovy:37)
	at com.kms.katalon.core.keyword.internal.KeywordExecutor.executeKeywordForPlatform(KeywordExecutor.groovy:73)
	at com.kms.katalon.core.webui.keyword.WebUiBuiltInKeywords.setText(WebUiBuiltInKeywords.groovy:980)
	at com.kms.katalon.core.webui.keyword.WebUiBuiltInKeywords$setText$3.call(Unknown Source)
	at Script1634702981988.run(Script1634702981988.groovy:130)
	... 13 more
)

2021-10-20 00:47:19 - [MESSAGE][FAILED] - Unable to set text '123456' of object 'Object Repository/RAD_Pages/TaxInfo_Page/input_FEIN' (Root cause: com.kms.katalon.core.exception.StepFailedException: Unable to set text '123456' of object 'Object Repository/RAD_Pages/TaxInfo_Page/input_FEIN'
	at com.kms.katalon.core.webui.keyword.internal.WebUIKeywordMain.stepFailed(WebUIKeywordMain.groovy:64)
	at com.kms.katalon.core.webui.keyword.internal.WebUIKeywordMain.runKeyword(WebUIKeywordMain.groovy:26)
	at com.kms.katalon.core.webui.keyword.builtin.SetTextKeyword.setText(SetTextKeyword.groovy:66)
	at com.kms.katalon.core.webui.keyword.builtin.SetTextKeyword.execute(SetTextKeyword.groovy:37)
	at com.kms.katalon.core.keyword.internal.KeywordExecutor.executeKeywordForPlatform(KeywordExecutor.groovy:73)
	at com.kms.katalon.core.webui.keyword.WebUiBuiltInKeywords.setText(WebUiBuiltInKeywords.groovy:980)
	at com.kms.katalon.core.webui.keyword.WebUiBuiltInKeywords$setText$3.call(Unknown Source)
	at Payments_ExistingLiability_HC_TC.run(Payments_ExistingLiability_HC_TC:130)
	at com.kms.katalon.core.main.ScriptEngine.run(ScriptEngine.java:194)
	at com.kms.katalon.core.main.ScriptEngine.runScriptAsRawText(ScriptEngine.java:119)
	at com.kms.katalon.core.main.TestCaseExecutor.runScript(TestCaseExecutor.java:369)
	at com.kms.katalon.core.main.TestCaseExecutor.doExecute(TestCaseExecutor.java:360)
	at com.kms.katalon.core.main.TestCaseExecutor.processExecutionPhase(TestCaseExecutor.java:339)
	at com.kms.katalon.core.main.TestCaseExecutor.accessMainPhase(TestCaseExecutor.java:331)
	at com.kms.katalon.core.main.TestCaseExecutor.execute(TestCaseExecutor.java:248)
	at com.kms.katalon.core.main.TestSuiteExecutor.accessTestCaseMainPhase(TestSuiteExecutor.java:191)
	at com.kms.katalon.core.main.TestSuiteExecutor.accessTestSuiteMainPhase(TestSuiteExecutor.java:140)
	at com.kms.katalon.core.main.TestSuiteExecutor.execute(TestSuiteExecutor.java:89)
	at com.kms.katalon.core.main.TestCaseMain.startTestSuite(TestCaseMain.java:185)
	at com.kms.katalon.core.main.TestCaseMain$startTestSuite$0.call(Unknown Source)
	at TempTestSuite1634705209531.run(TempTestSuite1634705209531.groovy:39)
Caused by: org.openqa.selenium.ElementNotInteractableException: element not interactable
  (Session info: chrome=94.0.4606.81)
Build info: version: '3.141.59', revision: 'e82be7d358', time: '2018-11-14T08:25:53'
System info: host: 'DESKTOP-B2QI6NS', ip: '172.30.2.167', os.name: 'Windows 10', os.arch: 'amd64', os.version: '10.0', java.version: '1.8.0_181'
Driver info: com.kms.katalon.selenium.driver.CChromeDriver
Capabilities {acceptInsecureCerts: true, browserName: chrome, browserVersion: 94.0.4606.81, chrome: {chromedriverVersion: 94.0.4606.61 (418b78f5838ed..., userDataDir: C:\Users\iahmed\AppData\Loc...}, goog:chromeOptions: {debuggerAddress: localhost:63836}, javascriptEnabled: true, networkConnectionEnabled: false, pageLoadStrategy: normal, platform: WINDOWS, platformName: WINDOWS, proxy: Proxy(), setWindowRect: true, strictFileInteractability: false, timeouts: {implicit: 0, pageLoad: 300000, script: 30000}, unhandledPromptBehavior: dismiss and notify, webauthn:extension:credBlob: true, webauthn:extension:largeBlob: true, webauthn:virtualAuthenticators: true}
Session ID: 74c7827371a4abdd6418632c3f9b0243
	at org.openqa.selenium.remote.http.W3CHttpResponseCodec.createException(W3CHttpResponseCodec.java:187)
	at org.openqa.selenium.remote.http.W3CHttpResponseCodec.decode(W3CHttpResponseCodec.java:122)
	at org.openqa.selenium.remote.http.W3CHttpResponseCodec.decode(W3CHttpResponseCodec.java:49)
	at org.openqa.selenium.remote.HttpCommandExecutor.execute(HttpCommandExecutor.java:158)
	at org.openqa.selenium.remote.service.DriverCommandExecutor.execute(DriverCommandExecutor.java:83)
	at org.openqa.selenium.remote.RemoteWebDriver.execute(RemoteWebDriver.java:552)
	at com.kms.katalon.selenium.driver.CChromeDriver.execute(CChromeDriver.java:19)
	at org.openqa.selenium.remote.RemoteWebElement.execute(RemoteWebElement.java:285)
	at org.openqa.selenium.remote.RemoteWebElement.clear(RemoteWebElement.java:124)
	at org.openqa.selenium.support.events.EventFiringWebDriver$EventFiringWebElement.lambda$new$0(EventFiringWebDriver.java:404)
	at com.sun.proxy.$Proxy11.clear(Unknown Source)
	at org.openqa.selenium.support.events.EventFiringWebDriver$EventFiringWebElement.clear(EventFiringWebDriver.java:436)
	at com.kms.katalon.core.webui.keyword.builtin.SetTextKeyword$_setText_closure1.doCall(SetTextKeyword.groovy:53)
	at com.kms.katalon.core.webui.keyword.builtin.SetTextKeyword$_setText_closure1.call(SetTextKeyword.groovy)
	at com.kms.katalon.core.webui.keyword.internal.WebUIKeywordMain.runKeyword(WebUIKeywordMain.groovy:20)
	at com.kms.katalon.core.webui.keyword.builtin.SetTextKeyword.setText(SetTextKeyword.groovy:66)
	at com.kms.katalon.core.webui.keyword.builtin.SetTextKeyword.execute(SetTextKeyword.groovy:37)
	at com.kms.katalon.core.keyword.internal.KeywordExecutor.executeKeywordForPlatform(KeywordExecutor.groovy:73)
	at com.kms.katalon.core.webui.keyword.WebUiBuiltInKeywords.setText(WebUiBuiltInKeywords.groovy:980)
	at com.kms.katalon.core.webui.keyword.WebUiBuiltInKeywords$setText$3.call(Unknown Source)
	at Script1634702981988.run(Script1634702981988.groovy:130)
	... 13 more
)
[[ATTACHMENT|E:\\Cloned-Project-Katalon\\VPS-Katalon\\Reports\\20211020_004649\\RAD_TestSuite\\RAD_UI_TestSuite\\20211020_004649\\1634705239656.png]]

2021-10-20 00:47:19 - [TEST_STEP][FAILED] - setText(findTestObject(orPath_TaxInfo + "/input_ReTypeFEIN"), "123456"): Unable to set text '123456' of object 'Object Repository/RAD_Pages/TaxInfo_Page/input_ReTypeFEIN' (Root cause: com.kms.katalon.core.exception.StepFailedException: Unable to set text '123456' of object 'Object Repository/RAD_Pages/TaxInfo_Page/input_ReTypeFEIN'
	at com.kms.katalon.core.webui.keyword.internal.WebUIKeywordMain.stepFailed(WebUIKeywordMain.groovy:64)
	at com.kms.katalon.core.webui.keyword.internal.WebUIKeywordMain.runKeyword(WebUIKeywordMain.groovy:26)
	at com.kms.katalon.core.webui.keyword.builtin.SetTextKeyword.setText(SetTextKeyword.groovy:66)
	at com.kms.katalon.core.webui.keyword.builtin.SetTextKeyword.execute(SetTextKeyword.groovy:37)
	at com.kms.katalon.core.keyword.internal.KeywordExecutor.executeKeywordForPlatform(KeywordExecutor.groovy:73)
	at com.kms.katalon.core.webui.keyword.WebUiBuiltInKeywords.setText(WebUiBuiltInKeywords.groovy:980)
	at com.kms.katalon.core.webui.keyword.WebUiBuiltInKeywords$setText$3.call(Unknown Source)
	at Payments_ExistingLiability_HC_TC.run(Payments_ExistingLiability_HC_TC:131)
	at com.kms.katalon.core.main.ScriptEngine.run(ScriptEngine.java:194)
	at com.kms.katalon.core.main.ScriptEngine.runScriptAsRawText(ScriptEngine.java:119)
	at com.kms.katalon.core.main.TestCaseExecutor.runScript(TestCaseExecutor.java:369)
	at com.kms.katalon.core.main.TestCaseExecutor.doExecute(TestCaseExecutor.java:360)
	at com.kms.katalon.core.main.TestCaseExecutor.processExecutionPhase(TestCaseExecutor.java:339)
	at com.kms.katalon.core.main.TestCaseExecutor.accessMainPhase(TestCaseExecutor.java:331)
	at com.kms.katalon.core.main.TestCaseExecutor.execute(TestCaseExecutor.java:248)
	at com.kms.katalon.core.main.TestSuiteExecutor.accessTestCaseMainPhase(TestSuiteExecutor.java:191)
	at com.kms.katalon.core.main.TestSuiteExecutor.accessTestSuiteMainPhase(TestSuiteExecutor.java:140)
	at com.kms.katalon.core.main.TestSuiteExecutor.execute(TestSuiteExecutor.java:89)
	at com.kms.katalon.core.main.TestCaseMain.startTestSuite(TestCaseMain.java:185)
	at com.kms.katalon.core.main.TestCaseMain$startTestSuite$0.call(Unknown Source)
	at TempTestSuite1634705209531.run(TempTestSuite1634705209531.groovy:39)
Caused by: org.openqa.selenium.ElementNotInteractableException: element not interactable
  (Session info: chrome=94.0.4606.81)
Build info: version: '3.141.59', revision: 'e82be7d358', time: '2018-11-14T08:25:53'
System info: host: 'DESKTOP-B2QI6NS', ip: '172.30.2.167', os.name: 'Windows 10', os.arch: 'amd64', os.version: '10.0', java.version: '1.8.0_181'
Driver info: com.kms.katalon.selenium.driver.CChromeDriver
Capabilities {acceptInsecureCerts: true, browserName: chrome, browserVersion: 94.0.4606.81, chrome: {chromedriverVersion: 94.0.4606.61 (418b78f5838ed..., userDataDir: C:\Users\iahmed\AppData\Loc...}, goog:chromeOptions: {debuggerAddress: localhost:63836}, javascriptEnabled: true, networkConnectionEnabled: false, pageLoadStrategy: normal, platform: WINDOWS, platformName: WINDOWS, proxy: Proxy(), setWindowRect: true, strictFileInteractability: false, timeouts: {implicit: 0, pageLoad: 300000, script: 30000}, unhandledPromptBehavior: dismiss and notify, webauthn:extension:credBlob: true, webauthn:extension:largeBlob: true, webauthn:virtualAuthenticators: true}
Session ID: 74c7827371a4abdd6418632c3f9b0243
	at org.openqa.selenium.remote.http.W3CHttpResponseCodec.createException(W3CHttpResponseCodec.java:187)
	at org.openqa.selenium.remote.http.W3CHttpResponseCodec.decode(W3CHttpResponseCodec.java:122)
	at org.openqa.selenium.remote.http.W3CHttpResponseCodec.decode(W3CHttpResponseCodec.java:49)
	at org.openqa.selenium.remote.HttpCommandExecutor.execute(HttpCommandExecutor.java:158)
	at org.openqa.selenium.remote.service.DriverCommandExecutor.execute(DriverCommandExecutor.java:83)
	at org.openqa.selenium.remote.RemoteWebDriver.execute(RemoteWebDriver.java:552)
	at com.kms.katalon.selenium.driver.CChromeDriver.execute(CChromeDriver.java:19)
	at org.openqa.selenium.remote.RemoteWebElement.execute(RemoteWebElement.java:285)
	at org.openqa.selenium.remote.RemoteWebElement.clear(RemoteWebElement.java:124)
	at org.openqa.selenium.support.events.EventFiringWebDriver$EventFiringWebElement.lambda$new$0(EventFiringWebDriver.java:404)
	at com.sun.proxy.$Proxy11.clear(Unknown Source)
	at org.openqa.selenium.support.events.EventFiringWebDriver$EventFiringWebElement.clear(EventFiringWebDriver.java:436)
	at com.kms.katalon.core.webui.keyword.builtin.SetTextKeyword$_setText_closure1.doCall(SetTextKeyword.groovy:53)
	at com.kms.katalon.core.webui.keyword.builtin.SetTextKeyword$_setText_closure1.call(SetTextKeyword.groovy)
	at com.kms.katalon.core.webui.keyword.internal.WebUIKeywordMain.runKeyword(WebUIKeywordMain.groovy:20)
	at com.kms.katalon.core.webui.keyword.builtin.SetTextKeyword.setText(SetTextKeyword.groovy:66)
	at com.kms.katalon.core.webui.keyword.builtin.SetTextKeyword.execute(SetTextKeyword.groovy:37)
	at com.kms.katalon.core.keyword.internal.KeywordExecutor.executeKeywordForPlatform(KeywordExecutor.groovy:73)
	at com.kms.katalon.core.webui.keyword.WebUiBuiltInKeywords.setText(WebUiBuiltInKeywords.groovy:980)
	at com.kms.katalon.core.webui.keyword.WebUiBuiltInKeywords$setText$3.call(Unknown Source)
	at Script1634702981988.run(Script1634702981988.groovy:131)
	... 13 more
)

2021-10-20 00:47:20 - [MESSAGE][FAILED] - Unable to set text '123456' of object 'Object Repository/RAD_Pages/TaxInfo_Page/input_ReTypeFEIN' (Root cause: com.kms.katalon.core.exception.StepFailedException: Unable to set text '123456' of object 'Object Repository/RAD_Pages/TaxInfo_Page/input_ReTypeFEIN'
	at com.kms.katalon.core.webui.keyword.internal.WebUIKeywordMain.stepFailed(WebUIKeywordMain.groovy:64)
	at com.kms.katalon.core.webui.keyword.internal.WebUIKeywordMain.runKeyword(WebUIKeywordMain.groovy:26)
	at com.kms.katalon.core.webui.keyword.builtin.SetTextKeyword.setText(SetTextKeyword.groovy:66)
	at com.kms.katalon.core.webui.keyword.builtin.SetTextKeyword.execute(SetTextKeyword.groovy:37)
	at com.kms.katalon.core.keyword.internal.KeywordExecutor.executeKeywordForPlatform(KeywordExecutor.groovy:73)
	at com.kms.katalon.core.webui.keyword.WebUiBuiltInKeywords.setText(WebUiBuiltInKeywords.groovy:980)
	at com.kms.katalon.core.webui.keyword.WebUiBuiltInKeywords$setText$3.call(Unknown Source)
	at Payments_ExistingLiability_HC_TC.run(Payments_ExistingLiability_HC_TC:131)
	at com.kms.katalon.core.main.ScriptEngine.run(ScriptEngine.java:194)
	at com.kms.katalon.core.main.ScriptEngine.runScriptAsRawText(ScriptEngine.java:119)
	at com.kms.katalon.core.main.TestCaseExecutor.runScript(TestCaseExecutor.java:369)
	at com.kms.katalon.core.main.TestCaseExecutor.doExecute(TestCaseExecutor.java:360)
	at com.kms.katalon.core.main.TestCaseExecutor.processExecutionPhase(TestCaseExecutor.java:339)
	at com.kms.katalon.core.main.TestCaseExecutor.accessMainPhase(TestCaseExecutor.java:331)
	at com.kms.katalon.core.main.TestCaseExecutor.execute(TestCaseExecutor.java:248)
	at com.kms.katalon.core.main.TestSuiteExecutor.accessTestCaseMainPhase(TestSuiteExecutor.java:191)
	at com.kms.katalon.core.main.TestSuiteExecutor.accessTestSuiteMainPhase(TestSuiteExecutor.java:140)
	at com.kms.katalon.core.main.TestSuiteExecutor.execute(TestSuiteExecutor.java:89)
	at com.kms.katalon.core.main.TestCaseMain.startTestSuite(TestCaseMain.java:185)
	at com.kms.katalon.core.main.TestCaseMain$startTestSuite$0.call(Unknown Source)
	at TempTestSuite1634705209531.run(TempTestSuite1634705209531.groovy:39)
Caused by: org.openqa.selenium.ElementNotInteractableException: element not interactable
  (Session info: chrome=94.0.4606.81)
Build info: version: '3.141.59', revision: 'e82be7d358', time: '2018-11-14T08:25:53'
System info: host: 'DESKTOP-B2QI6NS', ip: '172.30.2.167', os.name: 'Windows 10', os.arch: 'amd64', os.version: '10.0', java.version: '1.8.0_181'
Driver info: com.kms.katalon.selenium.driver.CChromeDriver
Capabilities {acceptInsecureCerts: true, browserName: chrome, browserVersion: 94.0.4606.81, chrome: {chromedriverVersion: 94.0.4606.61 (418b78f5838ed..., userDataDir: C:\Users\iahmed\AppData\Loc...}, goog:chromeOptions: {debuggerAddress: localhost:63836}, javascriptEnabled: true, networkConnectionEnabled: false, pageLoadStrategy: normal, platform: WINDOWS, platformName: WINDOWS, proxy: Proxy(), setWindowRect: true, strictFileInteractability: false, timeouts: {implicit: 0, pageLoad: 300000, script: 30000}, unhandledPromptBehavior: dismiss and notify, webauthn:extension:credBlob: true, webauthn:extension:largeBlob: true, webauthn:virtualAuthenticators: true}
Session ID: 74c7827371a4abdd6418632c3f9b0243
	at org.openqa.selenium.remote.http.W3CHttpResponseCodec.createException(W3CHttpResponseCodec.java:187)
	at org.openqa.selenium.remote.http.W3CHttpResponseCodec.decode(W3CHttpResponseCodec.java:122)
	at org.openqa.selenium.remote.http.W3CHttpResponseCodec.decode(W3CHttpResponseCodec.java:49)
	at org.openqa.selenium.remote.HttpCommandExecutor.execute(HttpCommandExecutor.java:158)
	at org.openqa.selenium.remote.service.DriverCommandExecutor.execute(DriverCommandExecutor.java:83)
	at org.openqa.selenium.remote.RemoteWebDriver.execute(RemoteWebDriver.java:552)
	at com.kms.katalon.selenium.driver.CChromeDriver.execute(CChromeDriver.java:19)
	at org.openqa.selenium.remote.RemoteWebElement.execute(RemoteWebElement.java:285)
	at org.openqa.selenium.remote.RemoteWebElement.clear(RemoteWebElement.java:124)
	at org.openqa.selenium.support.events.EventFiringWebDriver$EventFiringWebElement.lambda$new$0(EventFiringWebDriver.java:404)
	at com.sun.proxy.$Proxy11.clear(Unknown Source)
	at org.openqa.selenium.support.events.EventFiringWebDriver$EventFiringWebElement.clear(EventFiringWebDriver.java:436)
	at com.kms.katalon.core.webui.keyword.builtin.SetTextKeyword$_setText_closure1.doCall(SetTextKeyword.groovy:53)
	at com.kms.katalon.core.webui.keyword.builtin.SetTextKeyword$_setText_closure1.call(SetTextKeyword.groovy)
	at com.kms.katalon.core.webui.keyword.internal.WebUIKeywordMain.runKeyword(WebUIKeywordMain.groovy:20)
	at com.kms.katalon.core.webui.keyword.builtin.SetTextKeyword.setText(SetTextKeyword.groovy:66)
	at com.kms.katalon.core.webui.keyword.builtin.SetTextKeyword.execute(SetTextKeyword.groovy:37)
	at com.kms.katalon.core.keyword.internal.KeywordExecutor.executeKeywordForPlatform(KeywordExecutor.groovy:73)
	at com.kms.katalon.core.webui.keyword.WebUiBuiltInKeywords.setText(WebUiBuiltInKeywords.groovy:980)
	at com.kms.katalon.core.webui.keyword.WebUiBuiltInKeywords$setText$3.call(Unknown Source)
	at Script1634702981988.run(Script1634702981988.groovy:131)
	... 13 more
)
[[ATTACHMENT|E:\\Cloned-Project-Katalon\\VPS-Katalon\\Reports\\20211020_004649\\RAD_TestSuite\\RAD_UI_TestSuite\\20211020_004649\\1634705240298.png]]

2021-10-20 00:47:20 - [TEST_STEP][PASSED] - setText(findTestObject(orPath_TaxInfo + "/input_NoticeInvoiceNumber"), "965896"): Text '965896' is set on object 'Object Repository/RAD_Pages/TaxInfo_Page/input_NoticeInvoiceNumber'

2021-10-20 00:47:21 - [MESSAGE][PASSED] - Text '965896' is set on object 'Object Repository/RAD_Pages/TaxInfo_Page/input_NoticeInvoiceNumber'

2021-10-20 00:47:21 - [TEST_STEP][PASSED] - setText(findTestObject(orPath_TaxInfo + "/input_reTypeNoticeInvoiceNumber"), "965896"): Text '965896' is set on object 'Object Repository/RAD_Pages/TaxInfo_Page/input_reTypeNoticeInvoiceNumber'

2021-10-20 00:47:22 - [MESSAGE][PASSED] - Text '965896' is set on object 'Object Repository/RAD_Pages/TaxInfo_Page/input_reTypeNoticeInvoiceNumber'

2021-10-20 00:47:22 - [TEST_STEP][PASSED] - setText(findTestObject(orPath_Amount + "/input__paymentAmount"), Amount): Text '30.50' is set on object 'Object Repository/RAD_Pages/PaymentAmount_Page/input__paymentAmount'

2021-10-20 00:47:22 - [MESSAGE][PASSED] - Text '30.50' is set on object 'Object Repository/RAD_Pages/PaymentAmount_Page/input__paymentAmount'

2021-10-20 00:47:22 - [TEST_STEP][PASSED] - scrollToElement(findTestObject(orPath_Landing + "/button_Continue"), 3): Scroll to object 'Object Repository/RAD_Pages/Landing_Page/button_Continue' successfully

2021-10-20 00:47:23 - [MESSAGE][PASSED] - Scroll to object 'Object Repository/RAD_Pages/Landing_Page/button_Continue' successfully

2021-10-20 00:47:23 - [TEST_STEP][PASSED] - waitForElementClickable(findTestObject(orPath_Landing + "/button_Continue"), 5): Object 'Object Repository/RAD_Pages/Landing_Page/button_Continue' is clickable

2021-10-20 00:47:23 - [MESSAGE][PASSED] - Object 'Object Repository/RAD_Pages/Landing_Page/button_Continue' is clickable

2021-10-20 00:47:23 - [TEST_STEP][PASSED] - click(findTestObject(orPath_Landing + "/button_Continue")): Object: 'Object Repository/RAD_Pages/Landing_Page/button_Continue' is clicked on

2021-10-20 00:47:23 - [MESSAGE][PASSED] - Object: 'Object Repository/RAD_Pages/Landing_Page/button_Continue' is clicked on

2021-10-20 00:47:23 - [TEST_STEP][PASSED] - verifyTextPresent("Review the information below and make any necessary corrections by clicking the", true): Text 'Review the information below and make any necessary corrections by clicking the' is present on page  using regular expression

2021-10-20 00:47:24 - [MESSAGE][PASSED] - Text 'Review the information below and make any necessary corrections by clicking the' is present on page  using regular expression

2021-10-20 00:47:24 - [TEST_STEP][PASSED] - verifyTextPresent("When you are confident that all the information is correct", true): Text 'When you are confident that all the information is correct' is present on page  using regular expression

2021-10-20 00:47:24 - [MESSAGE][PASSED] - Text 'When you are confident that all the information is correct' is present on page  using regular expression

2021-10-20 00:47:24 - [TEST_STEP][PASSED] - scrollToElement(findTestObject(orPath_Summary + "/button_Continue_Summary"), 3): Scroll to object 'Object Repository/RAD_Pages/Summary_Page/button_Continue_Summary' successfully

2021-10-20 00:47:25 - [MESSAGE][PASSED] - Scroll to object 'Object Repository/RAD_Pages/Summary_Page/button_Continue_Summary' successfully

2021-10-20 00:47:25 - [TEST_STEP][PASSED] - waitForElementClickable(findTestObject(orPath_Summary + "/button_Continue_Summary"), 5): Object 'Object Repository/RAD_Pages/Summary_Page/button_Continue_Summary' is clickable

2021-10-20 00:47:25 - [MESSAGE][PASSED] - Object 'Object Repository/RAD_Pages/Summary_Page/button_Continue_Summary' is clickable

2021-10-20 00:47:25 - [TEST_STEP][PASSED] - delay(3): Delayed 3 second(s)

2021-10-20 00:47:28 - [MESSAGE][PASSED] - Delayed 3 second(s)

2021-10-20 00:47:28 - [TEST_STEP][PASSED] - click(findTestObject(orPath_Summary + "/button_Continue_Summary")): Object: 'Object Repository/RAD_Pages/Summary_Page/button_Continue_Summary' is clicked on

2021-10-20 00:47:28 - [MESSAGE][PASSED] - Object: 'Object Repository/RAD_Pages/Summary_Page/button_Continue_Summary' is clicked on

2021-10-20 00:47:28 - [TEST_STEP][PASSED] - delay(3): Delayed 3 second(s)

2021-10-20 00:47:31 - [MESSAGE][PASSED] - Delayed 3 second(s)

2021-10-20 00:47:31 - [TEST_STEP][PASSED] - click(findTestObject(orPath_PaymentReady + "/button_ProceedtoPayment")): Object: 'Object Repository/RAD_Pages/PaymentReady_Page/button_ProceedtoPayment' is clicked on

2021-10-20 00:47:33 - [MESSAGE][PASSED] - Object: 'Object Repository/RAD_Pages/PaymentReady_Page/button_ProceedtoPayment' is clicked on

2021-10-20 00:47:33 - [TEST_STEP][PASSED] - setText(findTestObject(orPath_PaymentEntry + "/input__cardNumber"), CCNumber): Text '4012000098765439' is set on object 'Object Repository/RAD_Pages/PaymentEntry_Page/input__cardNumber'

2021-10-20 00:47:34 - [MESSAGE][PASSED] - Text '4012000098765439' is set on object 'Object Repository/RAD_Pages/PaymentEntry_Page/input__cardNumber'

2021-10-20 00:47:34 - [TEST_STEP][PASSED] - setText(findTestObject(orPath_PaymentEntry + "/input__spc"), CVV): Text '123' is set on object 'Object Repository/RAD_Pages/PaymentEntry_Page/input__spc'

2021-10-20 00:47:35 - [MESSAGE][PASSED] - Text '123' is set on object 'Object Repository/RAD_Pages/PaymentEntry_Page/input__spc'

2021-10-20 00:47:35 - [TEST_STEP][PASSED] - selectOptionByLabel(findTestObject(orPath_PaymentEntry + "/select_MM"), "12", false): All options with label '12' are selected in object 'Object Repository/RAD_Pages/PaymentEntry_Page/select_MM' 

2021-10-20 00:47:35 - [MESSAGE][PASSED] - All options with label '12' are selected in object 'Object Repository/RAD_Pages/PaymentEntry_Page/select_MM' 

2021-10-20 00:47:35 - [TEST_STEP][PASSED] - selectOptionByLabel(findTestObject(orPath_PaymentEntry + "/select_YYYY"), "2023", false): All options with label '2023' are selected in object 'Object Repository/RAD_Pages/PaymentEntry_Page/select_YYYY' 

2021-10-20 00:47:36 - [MESSAGE][PASSED] - All options with label '2023' are selected in object 'Object Repository/RAD_Pages/PaymentEntry_Page/select_YYYY' 

2021-10-20 00:47:36 - [TEST_STEP][PASSED] - click(findTestObject(orPath_PaymentEntry + "/input_Field_ccSubmit")): Object: 'Object Repository/RAD_Pages/PaymentEntry_Page/input_Field_ccSubmit' is clicked on

2021-10-20 00:47:37 - [MESSAGE][PASSED] - Object: 'Object Repository/RAD_Pages/PaymentEntry_Page/input_Field_ccSubmit' is clicked on

2021-10-20 00:47:37 - [TEST_STEP][PASSED] - click(findTestObject(orPath_PaymentConfirmation + "/input_N_confirmNotifyAction")): Object: 'Object Repository/RAD_Pages/PaymentConfirmation_Page/input_N_confirmNotifyAction' is clicked on

2021-10-20 00:47:39 - [MESSAGE][PASSED] - Object: 'Object Repository/RAD_Pages/PaymentConfirmation_Page/input_N_confirmNotifyAction' is clicked on

2021-10-20 00:47:39 - [TEST_STEP][PASSED] - click(findTestObject(orPath_ServiceFeesAccept + "/input_convFeeNotifyAction")): Object: 'Object Repository/RAD_Pages/ServiceFeeAccept_Page/input_convFeeNotifyAction' is clicked on

2021-10-20 00:47:40 - [MESSAGE][PASSED] - Object: 'Object Repository/RAD_Pages/ServiceFeeAccept_Page/input_convFeeNotifyAction' is clicked on

2021-10-20 00:47:40 - [TEST_STEP][PASSED] - delay(10): Delayed 10 second(s)

2021-10-20 00:47:50 - [MESSAGE][PASSED] - Delayed 10 second(s)

2021-10-20 00:47:50 - [TEST_STEP][PASSED] - verifyTextPresent("Successful Payment Receipt", true): Text 'Successful Payment Receipt' is present on page  using regular expression

2021-10-20 00:47:50 - [MESSAGE][PASSED] - Text 'Successful Payment Receipt' is present on page  using regular expression

2021-10-20 00:47:50 - [TEST_STEP][PASSED] - if (verifyTextPresent("Successful Payment Receipt", true)): null

2021-10-20 00:47:51 - [MESSAGE][PASSED] - Text 'Successful Payment Receipt' is present on page  using regular expression

2021-10-20 00:47:51 - [TEST_STEP][PASSED] - println("Transaction was Successful"): null

2021-10-20 00:47:51 - [TEST_STEP][PASSED] - out.println("Pass Record Number: " + row): null

2021-10-20 00:47:51 - [TEST_STEP][PASSED] - resText = "Pass": null

2021-10-20 00:47:51 - [TEST_STEP][PASSED] - pages.WriteExcel.demoKey(resText, datText, resColumn, datCloumn, fileLoc, nameSheet, row): pages.WriteExcel.demoKey is PASSED

2021-10-20 00:47:51 - [MESSAGE][PASSED] - pages.WriteExcel.demoKey is PASSED

2021-10-20 00:47:51 - [TEST_STEP][PASSED] - ExecuteTC = findTestData(dataFile).getValue("Execute", row): null

2021-10-20 00:47:51 - [TEST_STEP][PASSED] - Taxtype = findTestData(dataFile).getValue("TaxType", row): null

2021-10-20 00:47:51 - [TEST_STEP][PASSED] - TaxTypeEL = findTestData(dataFile).getValue("TaxTypeEL", row): null

2021-10-20 00:47:51 - [TEST_STEP][PASSED] - FName = findTestData(dataFile).getValue("Fname", row): null

2021-10-20 00:47:51 - [TEST_STEP][PASSED] - LName = findTestData(dataFile).getValue("Lname", row): null

2021-10-20 00:47:51 - [TEST_STEP][PASSED] - AL1 = findTestData(dataFile).getValue("AL1", row): null

2021-10-20 00:47:51 - [TEST_STEP][PASSED] - City = findTestData(dataFile).getValue("City", row): null

2021-10-20 00:47:51 - [TEST_STEP][PASSED] - ZIP = findTestData(dataFile).getValue("ZIP", row): null

2021-10-20 00:47:51 - [TEST_STEP][PASSED] - Amount = findTestData(dataFile).getValue("Amount", row): null

2021-10-20 00:47:52 - [TEST_STEP][PASSED] - CCNumber = findTestData(dataFile).getValue("CCNumber", row): null

2021-10-20 00:47:52 - [TEST_STEP][PASSED] - CVV = findTestData(dataFile).getValue("CVV", row): null

2021-10-20 00:47:52 - [TEST_STEP][PASSED] - out.println("Value of Execute is : " + ExecuteTC): null

2021-10-20 00:47:52 - [TEST_STEP][FAILED] - if (ExecuteTC.equalsIgnoreCase("Y")): null

2021-10-20 00:47:52 - [TEST_STEP][PASSED] - out.println("Begin Record Number: " + row): null

2021-10-20 00:47:52 - [TEST_STEP][PASSED] - today = new java.util.Date(): null

2021-10-20 00:47:52 - [TEST_STEP][PASSED] - println(today): null

2021-10-20 00:47:52 - [TEST_STEP][PASSED] - datText = today: null

2021-10-20 00:47:52 - [TEST_STEP][PASSED] - Taxtype = findTestData(dataFile).getValue("TaxType", row): null

2021-10-20 00:47:52 - [TEST_STEP][PASSED] - out.println("Taxtype value is : " + Taxtype): null

2021-10-20 00:47:52 - [TEST_STEP][PASSED] - openBrowser(""): Browser is opened with url: ''

2021-10-20 00:47:52 - [MESSAGE][WARNING] - A browser is already opened. Closing browser and opening a new one

2021-10-20 00:47:53 - [MESSAGE][INFO] - Starting 'Chrome' driver

2021-10-20 00:47:53 - [MESSAGE][INFO] - User set preference: ['acceptInsecureCerts', 'true']

2021-10-20 00:47:53 - [MESSAGE][INFO] - Action delay is set to 0 milliseconds

2021-10-20 00:47:54 - [MESSAGE][PASSED] - Browser is opened with url: ''

2021-10-20 00:47:54 - [TEST_STEP][PASSED] - maximizeWindow(): Current window maximized

2021-10-20 00:47:54 - [MESSAGE][PASSED] - Current window maximized

2021-10-20 00:47:54 - [TEST_STEP][PASSED] - navigateToUrl(RADurl): Navigate to 'https://qa.velocitypayment.com/client/rad/index.html' successfully

2021-10-20 00:47:56 - [MESSAGE][PASSED] - Navigate to 'https://qa.velocitypayment.com/client/rad/index.html' successfully

2021-10-20 00:47:56 - [TEST_STEP][PASSED] - orPath_Landing = "Object Repository/RAD_Pages/Landing_Page": null

2021-10-20 00:47:56 - [TEST_STEP][PASSED] - orPath_TaxTypeFilingYear = "Object Repository/RAD_Pages/TaxTypeFilingYear_Page": null

2021-10-20 00:47:56 - [TEST_STEP][PASSED] - orPath_TaxPayer = "Object Repository/RAD_Pages/Taxpayer_Page": null

2021-10-20 00:47:56 - [TEST_STEP][PASSED] - orPath_AddressContact = "Object Repository/RAD_Pages/AddressAndContactInfo_Page": null

2021-10-20 00:47:56 - [TEST_STEP][PASSED] - orPath_FilingStatus = "Object Repository/RAD_Pages/FilingStatus_Page": null

2021-10-20 00:47:56 - [TEST_STEP][PASSED] - orPath_Amount = "Object Repository/RAD_Pages/PaymentAmount_Page": null

2021-10-20 00:47:56 - [TEST_STEP][PASSED] - orPath_TaxInfo = "Object Repository/RAD_Pages/TaxInfo_Page": null

2021-10-20 00:47:56 - [TEST_STEP][PASSED] - orPath_Withholding = "Object Repository/RAD_Pages/Withholding_Page": null

2021-10-20 00:47:56 - [TEST_STEP][PASSED] - orPath_Summary = "Object Repository/RAD_Pages/Summary_Page": null

2021-10-20 00:47:56 - [TEST_STEP][PASSED] - orPath_PaymentReady = "Object Repository/RAD_Pages/PaymentReady_Page": null

2021-10-20 00:47:56 - [TEST_STEP][PASSED] - orPath_PaymentEntry = "Object Repository/RAD_Pages/PaymentEntry_Page": null

2021-10-20 00:47:56 - [TEST_STEP][PASSED] - orPath_PaymentConfirmation = "Object Repository/RAD_Pages/PaymentConfirmation_Page": null

2021-10-20 00:47:56 - [TEST_STEP][PASSED] - orPath_ServiceFeesAccept = "Object Repository/RAD_Pages/ServiceFeeAccept_Page": null

2021-10-20 00:47:56 - [TEST_STEP][PASSED] - selectOptionByLabel(findTestObject(orPath_Landing + "/dd_TaxType"), Taxtype, false): All options with label 'Existing Liability' are selected in object 'Object Repository/RAD_Pages/Landing_Page/dd_TaxType' 

2021-10-20 00:47:57 - [MESSAGE][PASSED] - All options with label 'Existing Liability' are selected in object 'Object Repository/RAD_Pages/Landing_Page/dd_TaxType' 

2021-10-20 00:47:57 - [TEST_STEP][PASSED] - delay(3): Delayed 3 second(s)

2021-10-20 00:48:00 - [MESSAGE][PASSED] - Delayed 3 second(s)

2021-10-20 00:48:00 - [TEST_STEP][PASSED] - selectOptionByLabel(findTestObject(orPath_TaxTypeFilingYear + "/select_TaxType_ExistingLiability"), TaxTypeEL, false): All options with label 'CORP Tax' are selected in object 'Object Repository/RAD_Pages/TaxTypeFilingYear_Page/select_TaxType_ExistingLiability' 

2021-10-20 00:48:00 - [MESSAGE][PASSED] - All options with label 'CORP Tax' are selected in object 'Object Repository/RAD_Pages/TaxTypeFilingYear_Page/select_TaxType_ExistingLiability' 

2021-10-20 00:48:00 - [TEST_STEP][PASSED] - setText(findTestObject(orPath_TaxPayer + "/input_firstName"), FName): Text 'Andy' is set on object 'Object Repository/RAD_Pages/Taxpayer_Page/input_firstName'

2021-10-20 00:48:01 - [MESSAGE][PASSED] - Text 'Andy' is set on object 'Object Repository/RAD_Pages/Taxpayer_Page/input_firstName'

2021-10-20 00:48:01 - [TEST_STEP][PASSED] - setText(findTestObject(orPath_TaxPayer + "/input_lastName"), LName): Text 'Roberts' is set on object 'Object Repository/RAD_Pages/Taxpayer_Page/input_lastName'

2021-10-20 00:48:02 - [MESSAGE][PASSED] - Text 'Roberts' is set on object 'Object Repository/RAD_Pages/Taxpayer_Page/input_lastName'

2021-10-20 00:48:02 - [TEST_STEP][PASSED] - setText(findTestObject(orPath_TaxPayer + "/input_middleName"), "Johns"): Text 'Johns' is set on object 'Object Repository/RAD_Pages/Taxpayer_Page/input_middleName'

2021-10-20 00:48:02 - [MESSAGE][PASSED] - Text 'Johns' is set on object 'Object Repository/RAD_Pages/Taxpayer_Page/input_middleName'

2021-10-20 00:48:02 - [TEST_STEP][PASSED] - setText(findTestObject(orPath_TaxPayer + "/input_suffix"), "Sr"): Text 'Sr' is set on object 'Object Repository/RAD_Pages/Taxpayer_Page/input_suffix'

2021-10-20 00:48:03 - [MESSAGE][PASSED] - Text 'Sr' is set on object 'Object Repository/RAD_Pages/Taxpayer_Page/input_suffix'

2021-10-20 00:48:03 - [TEST_STEP][PASSED] - selectOptionByLabel(findTestObject(orPath_AddressContact + "/select_Country"), "United States", false): All options with label 'United States' are selected in object 'Object Repository/RAD_Pages/AddressAndContactInfo_Page/select_Country' 

2021-10-20 00:48:04 - [MESSAGE][PASSED] - All options with label 'United States' are selected in object 'Object Repository/RAD_Pages/AddressAndContactInfo_Page/select_Country' 

2021-10-20 00:48:04 - [TEST_STEP][PASSED] - setText(findTestObject(orPath_AddressContact + "/input_streetAddress1"), AL1): Text '25 Moan Road' is set on object 'Object Repository/RAD_Pages/AddressAndContactInfo_Page/input_streetAddress1'

2021-10-20 00:48:04 - [MESSAGE][PASSED] - Text '25 Moan Road' is set on object 'Object Repository/RAD_Pages/AddressAndContactInfo_Page/input_streetAddress1'

2021-10-20 00:48:04 - [TEST_STEP][PASSED] - setText(findTestObject(orPath_AddressContact + "/input_streetAddress2"), ""): Text '' is set on object 'Object Repository/RAD_Pages/AddressAndContactInfo_Page/input_streetAddress2'

2021-10-20 00:48:05 - [MESSAGE][PASSED] - Text '' is set on object 'Object Repository/RAD_Pages/AddressAndContactInfo_Page/input_streetAddress2'

2021-10-20 00:48:05 - [TEST_STEP][PASSED] - setText(findTestObject(orPath_AddressContact + "/input_city"), City): Text 'Severn' is set on object 'Object Repository/RAD_Pages/AddressAndContactInfo_Page/input_city'

2021-10-20 00:48:06 - [MESSAGE][PASSED] - Text 'Severn' is set on object 'Object Repository/RAD_Pages/AddressAndContactInfo_Page/input_city'

2021-10-20 00:48:06 - [TEST_STEP][PASSED] - selectOptionByLabel(findTestObject(orPath_AddressContact + "/select_State"), "Maryland", false): All options with label 'Maryland' are selected in object 'Object Repository/RAD_Pages/AddressAndContactInfo_Page/select_State' 

2021-10-20 00:48:06 - [MESSAGE][PASSED] - All options with label 'Maryland' are selected in object 'Object Repository/RAD_Pages/AddressAndContactInfo_Page/select_State' 

2021-10-20 00:48:06 - [TEST_STEP][PASSED] - setText(findTestObject(orPath_AddressContact + "/input_zipCode"), ZIP): Text '21114' is set on object 'Object Repository/RAD_Pages/AddressAndContactInfo_Page/input_zipCode'

2021-10-20 00:48:07 - [MESSAGE][PASSED] - Text '21114' is set on object 'Object Repository/RAD_Pages/AddressAndContactInfo_Page/input_zipCode'

2021-10-20 00:48:07 - [TEST_STEP][PASSED] - setText(findTestObject(orPath_AddressContact + "/input_phoneNumber"), "77038945000"): Text '77038945000' is set on object 'Object Repository/RAD_Pages/AddressAndContactInfo_Page/input_phoneNumber'

2021-10-20 00:48:08 - [MESSAGE][PASSED] - Text '77038945000' is set on object 'Object Repository/RAD_Pages/AddressAndContactInfo_Page/input_phoneNumber'

2021-10-20 00:48:08 - [TEST_STEP][PASSED] - setText(findTestObject(orPath_AddressContact + "/input_eMailAddress"), "iahmed@govolution.com"): Text 'iahmed@govolution.com' is set on object 'Object Repository/RAD_Pages/AddressAndContactInfo_Page/input_eMailAddress'

2021-10-20 00:48:08 - [MESSAGE][PASSED] - Text 'iahmed@govolution.com' is set on object 'Object Repository/RAD_Pages/AddressAndContactInfo_Page/input_eMailAddress'

2021-10-20 00:48:08 - [TEST_STEP][PASSED] - setText(findTestObject(orPath_AddressContact + "/input_reEnterEMailAddress"), "iahmed@govolution.com"): Text 'iahmed@govolution.com' is set on object 'Object Repository/RAD_Pages/AddressAndContactInfo_Page/input_reEnterEMailAddress'

2021-10-20 00:48:09 - [MESSAGE][PASSED] - Text 'iahmed@govolution.com' is set on object 'Object Repository/RAD_Pages/AddressAndContactInfo_Page/input_reEnterEMailAddress'

2021-10-20 00:48:09 - [TEST_STEP][PASSED] - setText(findTestObject(orPath_TaxInfo + "/input_TaxInfo_ExisitingSSN"), "111223333"): Text '111223333' is set on object 'Object Repository/RAD_Pages/TaxInfo_Page/input_TaxInfo_ExisitingSSN'

2021-10-20 00:48:10 - [MESSAGE][PASSED] - Text '111223333' is set on object 'Object Repository/RAD_Pages/TaxInfo_Page/input_TaxInfo_ExisitingSSN'

2021-10-20 00:48:10 - [TEST_STEP][PASSED] - setText(findTestObject(orPath_TaxInfo + "/input_TaxInfo_reTaxTypeExisitingSSN"), "111223333"): Text '111223333' is set on object 'Object Repository/RAD_Pages/TaxInfo_Page/input_TaxInfo_reTaxTypeExisitingSSN'

2021-10-20 00:48:11 - [MESSAGE][PASSED] - Text '111223333' is set on object 'Object Repository/RAD_Pages/TaxInfo_Page/input_TaxInfo_reTaxTypeExisitingSSN'

2021-10-20 00:48:11 - [TEST_STEP][PASSED] - scrollToElement(findTestObject(orPath_Amount + "/input__paymentAmount"), 3): Scroll to object 'Object Repository/RAD_Pages/PaymentAmount_Page/input__paymentAmount' successfully

2021-10-20 00:48:11 - [MESSAGE][PASSED] - Scroll to object 'Object Repository/RAD_Pages/PaymentAmount_Page/input__paymentAmount' successfully

2021-10-20 00:48:11 - [TEST_STEP][PASSED] - delay(3): Delayed 3 second(s)

2021-10-20 00:48:14 - [MESSAGE][PASSED] - Delayed 3 second(s)

2021-10-20 00:48:14 - [TEST_STEP][FAILED] - setText(findTestObject(orPath_TaxInfo + "/input_FEIN"), "123456"): Unable to set text '123456' of object 'Object Repository/RAD_Pages/TaxInfo_Page/input_FEIN' (Root cause: com.kms.katalon.core.exception.StepFailedException: Unable to set text '123456' of object 'Object Repository/RAD_Pages/TaxInfo_Page/input_FEIN'
	at com.kms.katalon.core.webui.keyword.internal.WebUIKeywordMain.stepFailed(WebUIKeywordMain.groovy:64)
	at com.kms.katalon.core.webui.keyword.internal.WebUIKeywordMain.runKeyword(WebUIKeywordMain.groovy:26)
	at com.kms.katalon.core.webui.keyword.builtin.SetTextKeyword.setText(SetTextKeyword.groovy:66)
	at com.kms.katalon.core.webui.keyword.builtin.SetTextKeyword.execute(SetTextKeyword.groovy:37)
	at com.kms.katalon.core.keyword.internal.KeywordExecutor.executeKeywordForPlatform(KeywordExecutor.groovy:73)
	at com.kms.katalon.core.webui.keyword.WebUiBuiltInKeywords.setText(WebUiBuiltInKeywords.groovy:980)
	at com.kms.katalon.core.webui.keyword.WebUiBuiltInKeywords$setText$3.call(Unknown Source)
	at Payments_ExistingLiability_HC_TC.run(Payments_ExistingLiability_HC_TC:130)
	at com.kms.katalon.core.main.ScriptEngine.run(ScriptEngine.java:194)
	at com.kms.katalon.core.main.ScriptEngine.runScriptAsRawText(ScriptEngine.java:119)
	at com.kms.katalon.core.main.TestCaseExecutor.runScript(TestCaseExecutor.java:369)
	at com.kms.katalon.core.main.TestCaseExecutor.doExecute(TestCaseExecutor.java:360)
	at com.kms.katalon.core.main.TestCaseExecutor.processExecutionPhase(TestCaseExecutor.java:339)
	at com.kms.katalon.core.main.TestCaseExecutor.accessMainPhase(TestCaseExecutor.java:331)
	at com.kms.katalon.core.main.TestCaseExecutor.execute(TestCaseExecutor.java:248)
	at com.kms.katalon.core.main.TestSuiteExecutor.accessTestCaseMainPhase(TestSuiteExecutor.java:191)
	at com.kms.katalon.core.main.TestSuiteExecutor.accessTestSuiteMainPhase(TestSuiteExecutor.java:140)
	at com.kms.katalon.core.main.TestSuiteExecutor.execute(TestSuiteExecutor.java:89)
	at com.kms.katalon.core.main.TestCaseMain.startTestSuite(TestCaseMain.java:185)
	at com.kms.katalon.core.main.TestCaseMain$startTestSuite$0.call(Unknown Source)
	at TempTestSuite1634705209531.run(TempTestSuite1634705209531.groovy:39)
Caused by: org.openqa.selenium.ElementNotInteractableException: element not interactable
  (Session info: chrome=94.0.4606.81)
Build info: version: '3.141.59', revision: 'e82be7d358', time: '2018-11-14T08:25:53'
System info: host: 'DESKTOP-B2QI6NS', ip: '172.30.2.167', os.name: 'Windows 10', os.arch: 'amd64', os.version: '10.0', java.version: '1.8.0_181'
Driver info: com.kms.katalon.selenium.driver.CChromeDriver
Capabilities {acceptInsecureCerts: true, browserName: chrome, browserVersion: 94.0.4606.81, chrome: {chromedriverVersion: 94.0.4606.61 (418b78f5838ed..., userDataDir: C:\Users\iahmed\AppData\Loc...}, goog:chromeOptions: {debuggerAddress: localhost:64681}, javascriptEnabled: true, networkConnectionEnabled: false, pageLoadStrategy: normal, platform: WINDOWS, platformName: WINDOWS, proxy: Proxy(), setWindowRect: true, strictFileInteractability: false, timeouts: {implicit: 0, pageLoad: 300000, script: 30000}, unhandledPromptBehavior: dismiss and notify, webauthn:extension:credBlob: true, webauthn:extension:largeBlob: true, webauthn:virtualAuthenticators: true}
Session ID: a729c415b05c9f31e870b5b10845b971
	at org.openqa.selenium.remote.http.W3CHttpResponseCodec.createException(W3CHttpResponseCodec.java:187)
	at org.openqa.selenium.remote.http.W3CHttpResponseCodec.decode(W3CHttpResponseCodec.java:122)
	at org.openqa.selenium.remote.http.W3CHttpResponseCodec.decode(W3CHttpResponseCodec.java:49)
	at org.openqa.selenium.remote.HttpCommandExecutor.execute(HttpCommandExecutor.java:158)
	at org.openqa.selenium.remote.service.DriverCommandExecutor.execute(DriverCommandExecutor.java:83)
	at org.openqa.selenium.remote.RemoteWebDriver.execute(RemoteWebDriver.java:552)
	at com.kms.katalon.selenium.driver.CChromeDriver.execute(CChromeDriver.java:19)
	at org.openqa.selenium.remote.RemoteWebElement.execute(RemoteWebElement.java:285)
	at org.openqa.selenium.remote.RemoteWebElement.clear(RemoteWebElement.java:124)
	at org.openqa.selenium.support.events.EventFiringWebDriver$EventFiringWebElement.lambda$new$0(EventFiringWebDriver.java:404)
	at com.sun.proxy.$Proxy11.clear(Unknown Source)
	at org.openqa.selenium.support.events.EventFiringWebDriver$EventFiringWebElement.clear(EventFiringWebDriver.java:436)
	at com.kms.katalon.core.webui.keyword.builtin.SetTextKeyword$_setText_closure1.doCall(SetTextKeyword.groovy:53)
	at com.kms.katalon.core.webui.keyword.builtin.SetTextKeyword$_setText_closure1.call(SetTextKeyword.groovy)
	at com.kms.katalon.core.webui.keyword.internal.WebUIKeywordMain.runKeyword(WebUIKeywordMain.groovy:20)
	at com.kms.katalon.core.webui.keyword.builtin.SetTextKeyword.setText(SetTextKeyword.groovy:66)
	at com.kms.katalon.core.webui.keyword.builtin.SetTextKeyword.execute(SetTextKeyword.groovy:37)
	at com.kms.katalon.core.keyword.internal.KeywordExecutor.executeKeywordForPlatform(KeywordExecutor.groovy:73)
	at com.kms.katalon.core.webui.keyword.WebUiBuiltInKeywords.setText(WebUiBuiltInKeywords.groovy:980)
	at com.kms.katalon.core.webui.keyword.WebUiBuiltInKeywords$setText$3.call(Unknown Source)
	at Script1634702981988.run(Script1634702981988.groovy:130)
	... 13 more
)

2021-10-20 00:48:15 - [MESSAGE][FAILED] - Unable to set text '123456' of object 'Object Repository/RAD_Pages/TaxInfo_Page/input_FEIN' (Root cause: com.kms.katalon.core.exception.StepFailedException: Unable to set text '123456' of object 'Object Repository/RAD_Pages/TaxInfo_Page/input_FEIN'
	at com.kms.katalon.core.webui.keyword.internal.WebUIKeywordMain.stepFailed(WebUIKeywordMain.groovy:64)
	at com.kms.katalon.core.webui.keyword.internal.WebUIKeywordMain.runKeyword(WebUIKeywordMain.groovy:26)
	at com.kms.katalon.core.webui.keyword.builtin.SetTextKeyword.setText(SetTextKeyword.groovy:66)
	at com.kms.katalon.core.webui.keyword.builtin.SetTextKeyword.execute(SetTextKeyword.groovy:37)
	at com.kms.katalon.core.keyword.internal.KeywordExecutor.executeKeywordForPlatform(KeywordExecutor.groovy:73)
	at com.kms.katalon.core.webui.keyword.WebUiBuiltInKeywords.setText(WebUiBuiltInKeywords.groovy:980)
	at com.kms.katalon.core.webui.keyword.WebUiBuiltInKeywords$setText$3.call(Unknown Source)
	at Payments_ExistingLiability_HC_TC.run(Payments_ExistingLiability_HC_TC:130)
	at com.kms.katalon.core.main.ScriptEngine.run(ScriptEngine.java:194)
	at com.kms.katalon.core.main.ScriptEngine.runScriptAsRawText(ScriptEngine.java:119)
	at com.kms.katalon.core.main.TestCaseExecutor.runScript(TestCaseExecutor.java:369)
	at com.kms.katalon.core.main.TestCaseExecutor.doExecute(TestCaseExecutor.java:360)
	at com.kms.katalon.core.main.TestCaseExecutor.processExecutionPhase(TestCaseExecutor.java:339)
	at com.kms.katalon.core.main.TestCaseExecutor.accessMainPhase(TestCaseExecutor.java:331)
	at com.kms.katalon.core.main.TestCaseExecutor.execute(TestCaseExecutor.java:248)
	at com.kms.katalon.core.main.TestSuiteExecutor.accessTestCaseMainPhase(TestSuiteExecutor.java:191)
	at com.kms.katalon.core.main.TestSuiteExecutor.accessTestSuiteMainPhase(TestSuiteExecutor.java:140)
	at com.kms.katalon.core.main.TestSuiteExecutor.execute(TestSuiteExecutor.java:89)
	at com.kms.katalon.core.main.TestCaseMain.startTestSuite(TestCaseMain.java:185)
	at com.kms.katalon.core.main.TestCaseMain$startTestSuite$0.call(Unknown Source)
	at TempTestSuite1634705209531.run(TempTestSuite1634705209531.groovy:39)
Caused by: org.openqa.selenium.ElementNotInteractableException: element not interactable
  (Session info: chrome=94.0.4606.81)
Build info: version: '3.141.59', revision: 'e82be7d358', time: '2018-11-14T08:25:53'
System info: host: 'DESKTOP-B2QI6NS', ip: '172.30.2.167', os.name: 'Windows 10', os.arch: 'amd64', os.version: '10.0', java.version: '1.8.0_181'
Driver info: com.kms.katalon.selenium.driver.CChromeDriver
Capabilities {acceptInsecureCerts: true, browserName: chrome, browserVersion: 94.0.4606.81, chrome: {chromedriverVersion: 94.0.4606.61 (418b78f5838ed..., userDataDir: C:\Users\iahmed\AppData\Loc...}, goog:chromeOptions: {debuggerAddress: localhost:64681}, javascriptEnabled: true, networkConnectionEnabled: false, pageLoadStrategy: normal, platform: WINDOWS, platformName: WINDOWS, proxy: Proxy(), setWindowRect: true, strictFileInteractability: false, timeouts: {implicit: 0, pageLoad: 300000, script: 30000}, unhandledPromptBehavior: dismiss and notify, webauthn:extension:credBlob: true, webauthn:extension:largeBlob: true, webauthn:virtualAuthenticators: true}
Session ID: a729c415b05c9f31e870b5b10845b971
	at org.openqa.selenium.remote.http.W3CHttpResponseCodec.createException(W3CHttpResponseCodec.java:187)
	at org.openqa.selenium.remote.http.W3CHttpResponseCodec.decode(W3CHttpResponseCodec.java:122)
	at org.openqa.selenium.remote.http.W3CHttpResponseCodec.decode(W3CHttpResponseCodec.java:49)
	at org.openqa.selenium.remote.HttpCommandExecutor.execute(HttpCommandExecutor.java:158)
	at org.openqa.selenium.remote.service.DriverCommandExecutor.execute(DriverCommandExecutor.java:83)
	at org.openqa.selenium.remote.RemoteWebDriver.execute(RemoteWebDriver.java:552)
	at com.kms.katalon.selenium.driver.CChromeDriver.execute(CChromeDriver.java:19)
	at org.openqa.selenium.remote.RemoteWebElement.execute(RemoteWebElement.java:285)
	at org.openqa.selenium.remote.RemoteWebElement.clear(RemoteWebElement.java:124)
	at org.openqa.selenium.support.events.EventFiringWebDriver$EventFiringWebElement.lambda$new$0(EventFiringWebDriver.java:404)
	at com.sun.proxy.$Proxy11.clear(Unknown Source)
	at org.openqa.selenium.support.events.EventFiringWebDriver$EventFiringWebElement.clear(EventFiringWebDriver.java:436)
	at com.kms.katalon.core.webui.keyword.builtin.SetTextKeyword$_setText_closure1.doCall(SetTextKeyword.groovy:53)
	at com.kms.katalon.core.webui.keyword.builtin.SetTextKeyword$_setText_closure1.call(SetTextKeyword.groovy)
	at com.kms.katalon.core.webui.keyword.internal.WebUIKeywordMain.runKeyword(WebUIKeywordMain.groovy:20)
	at com.kms.katalon.core.webui.keyword.builtin.SetTextKeyword.setText(SetTextKeyword.groovy:66)
	at com.kms.katalon.core.webui.keyword.builtin.SetTextKeyword.execute(SetTextKeyword.groovy:37)
	at com.kms.katalon.core.keyword.internal.KeywordExecutor.executeKeywordForPlatform(KeywordExecutor.groovy:73)
	at com.kms.katalon.core.webui.keyword.WebUiBuiltInKeywords.setText(WebUiBuiltInKeywords.groovy:980)
	at com.kms.katalon.core.webui.keyword.WebUiBuiltInKeywords$setText$3.call(Unknown Source)
	at Script1634702981988.run(Script1634702981988.groovy:130)
	... 13 more
)
[[ATTACHMENT|E:\\Cloned-Project-Katalon\\VPS-Katalon\\Reports\\20211020_004649\\RAD_TestSuite\\RAD_UI_TestSuite\\20211020_004649\\1634705295004.png]]

2021-10-20 00:48:15 - [TEST_STEP][FAILED] - setText(findTestObject(orPath_TaxInfo + "/input_ReTypeFEIN"), "123456"): Unable to set text '123456' of object 'Object Repository/RAD_Pages/TaxInfo_Page/input_ReTypeFEIN' (Root cause: com.kms.katalon.core.exception.StepFailedException: Unable to set text '123456' of object 'Object Repository/RAD_Pages/TaxInfo_Page/input_ReTypeFEIN'
	at com.kms.katalon.core.webui.keyword.internal.WebUIKeywordMain.stepFailed(WebUIKeywordMain.groovy:64)
	at com.kms.katalon.core.webui.keyword.internal.WebUIKeywordMain.runKeyword(WebUIKeywordMain.groovy:26)
	at com.kms.katalon.core.webui.keyword.builtin.SetTextKeyword.setText(SetTextKeyword.groovy:66)
	at com.kms.katalon.core.webui.keyword.builtin.SetTextKeyword.execute(SetTextKeyword.groovy:37)
	at com.kms.katalon.core.keyword.internal.KeywordExecutor.executeKeywordForPlatform(KeywordExecutor.groovy:73)
	at com.kms.katalon.core.webui.keyword.WebUiBuiltInKeywords.setText(WebUiBuiltInKeywords.groovy:980)
	at com.kms.katalon.core.webui.keyword.WebUiBuiltInKeywords$setText$3.call(Unknown Source)
	at Payments_ExistingLiability_HC_TC.run(Payments_ExistingLiability_HC_TC:131)
	at com.kms.katalon.core.main.ScriptEngine.run(ScriptEngine.java:194)
	at com.kms.katalon.core.main.ScriptEngine.runScriptAsRawText(ScriptEngine.java:119)
	at com.kms.katalon.core.main.TestCaseExecutor.runScript(TestCaseExecutor.java:369)
	at com.kms.katalon.core.main.TestCaseExecutor.doExecute(TestCaseExecutor.java:360)
	at com.kms.katalon.core.main.TestCaseExecutor.processExecutionPhase(TestCaseExecutor.java:339)
	at com.kms.katalon.core.main.TestCaseExecutor.accessMainPhase(TestCaseExecutor.java:331)
	at com.kms.katalon.core.main.TestCaseExecutor.execute(TestCaseExecutor.java:248)
	at com.kms.katalon.core.main.TestSuiteExecutor.accessTestCaseMainPhase(TestSuiteExecutor.java:191)
	at com.kms.katalon.core.main.TestSuiteExecutor.accessTestSuiteMainPhase(TestSuiteExecutor.java:140)
	at com.kms.katalon.core.main.TestSuiteExecutor.execute(TestSuiteExecutor.java:89)
	at com.kms.katalon.core.main.TestCaseMain.startTestSuite(TestCaseMain.java:185)
	at com.kms.katalon.core.main.TestCaseMain$startTestSuite$0.call(Unknown Source)
	at TempTestSuite1634705209531.run(TempTestSuite1634705209531.groovy:39)
Caused by: org.openqa.selenium.ElementNotInteractableException: element not interactable
  (Session info: chrome=94.0.4606.81)
Build info: version: '3.141.59', revision: 'e82be7d358', time: '2018-11-14T08:25:53'
System info: host: 'DESKTOP-B2QI6NS', ip: '172.30.2.167', os.name: 'Windows 10', os.arch: 'amd64', os.version: '10.0', java.version: '1.8.0_181'
Driver info: com.kms.katalon.selenium.driver.CChromeDriver
Capabilities {acceptInsecureCerts: true, browserName: chrome, browserVersion: 94.0.4606.81, chrome: {chromedriverVersion: 94.0.4606.61 (418b78f5838ed..., userDataDir: C:\Users\iahmed\AppData\Loc...}, goog:chromeOptions: {debuggerAddress: localhost:64681}, javascriptEnabled: true, networkConnectionEnabled: false, pageLoadStrategy: normal, platform: WINDOWS, platformName: WINDOWS, proxy: Proxy(), setWindowRect: true, strictFileInteractability: false, timeouts: {implicit: 0, pageLoad: 300000, script: 30000}, unhandledPromptBehavior: dismiss and notify, webauthn:extension:credBlob: true, webauthn:extension:largeBlob: true, webauthn:virtualAuthenticators: true}
Session ID: a729c415b05c9f31e870b5b10845b971
	at org.openqa.selenium.remote.http.W3CHttpResponseCodec.createException(W3CHttpResponseCodec.java:187)
	at org.openqa.selenium.remote.http.W3CHttpResponseCodec.decode(W3CHttpResponseCodec.java:122)
	at org.openqa.selenium.remote.http.W3CHttpResponseCodec.decode(W3CHttpResponseCodec.java:49)
	at org.openqa.selenium.remote.HttpCommandExecutor.execute(HttpCommandExecutor.java:158)
	at org.openqa.selenium.remote.service.DriverCommandExecutor.execute(DriverCommandExecutor.java:83)
	at org.openqa.selenium.remote.RemoteWebDriver.execute(RemoteWebDriver.java:552)
	at com.kms.katalon.selenium.driver.CChromeDriver.execute(CChromeDriver.java:19)
	at org.openqa.selenium.remote.RemoteWebElement.execute(RemoteWebElement.java:285)
	at org.openqa.selenium.remote.RemoteWebElement.clear(RemoteWebElement.java:124)
	at org.openqa.selenium.support.events.EventFiringWebDriver$EventFiringWebElement.lambda$new$0(EventFiringWebDriver.java:404)
	at com.sun.proxy.$Proxy11.clear(Unknown Source)
	at org.openqa.selenium.support.events.EventFiringWebDriver$EventFiringWebElement.clear(EventFiringWebDriver.java:436)
	at com.kms.katalon.core.webui.keyword.builtin.SetTextKeyword$_setText_closure1.doCall(SetTextKeyword.groovy:53)
	at com.kms.katalon.core.webui.keyword.builtin.SetTextKeyword$_setText_closure1.call(SetTextKeyword.groovy)
	at com.kms.katalon.core.webui.keyword.internal.WebUIKeywordMain.runKeyword(WebUIKeywordMain.groovy:20)
	at com.kms.katalon.core.webui.keyword.builtin.SetTextKeyword.setText(SetTextKeyword.groovy:66)
	at com.kms.katalon.core.webui.keyword.builtin.SetTextKeyword.execute(SetTextKeyword.groovy:37)
	at com.kms.katalon.core.keyword.internal.KeywordExecutor.executeKeywordForPlatform(KeywordExecutor.groovy:73)
	at com.kms.katalon.core.webui.keyword.WebUiBuiltInKeywords.setText(WebUiBuiltInKeywords.groovy:980)
	at com.kms.katalon.core.webui.keyword.WebUiBuiltInKeywords$setText$3.call(Unknown Source)
	at Script1634702981988.run(Script1634702981988.groovy:131)
	... 13 more
)

2021-10-20 00:48:15 - [MESSAGE][FAILED] - Unable to set text '123456' of object 'Object Repository/RAD_Pages/TaxInfo_Page/input_ReTypeFEIN' (Root cause: com.kms.katalon.core.exception.StepFailedException: Unable to set text '123456' of object 'Object Repository/RAD_Pages/TaxInfo_Page/input_ReTypeFEIN'
	at com.kms.katalon.core.webui.keyword.internal.WebUIKeywordMain.stepFailed(WebUIKeywordMain.groovy:64)
	at com.kms.katalon.core.webui.keyword.internal.WebUIKeywordMain.runKeyword(WebUIKeywordMain.groovy:26)
	at com.kms.katalon.core.webui.keyword.builtin.SetTextKeyword.setText(SetTextKeyword.groovy:66)
	at com.kms.katalon.core.webui.keyword.builtin.SetTextKeyword.execute(SetTextKeyword.groovy:37)
	at com.kms.katalon.core.keyword.internal.KeywordExecutor.executeKeywordForPlatform(KeywordExecutor.groovy:73)
	at com.kms.katalon.core.webui.keyword.WebUiBuiltInKeywords.setText(WebUiBuiltInKeywords.groovy:980)
	at com.kms.katalon.core.webui.keyword.WebUiBuiltInKeywords$setText$3.call(Unknown Source)
	at Payments_ExistingLiability_HC_TC.run(Payments_ExistingLiability_HC_TC:131)
	at com.kms.katalon.core.main.ScriptEngine.run(ScriptEngine.java:194)
	at com.kms.katalon.core.main.ScriptEngine.runScriptAsRawText(ScriptEngine.java:119)
	at com.kms.katalon.core.main.TestCaseExecutor.runScript(TestCaseExecutor.java:369)
	at com.kms.katalon.core.main.TestCaseExecutor.doExecute(TestCaseExecutor.java:360)
	at com.kms.katalon.core.main.TestCaseExecutor.processExecutionPhase(TestCaseExecutor.java:339)
	at com.kms.katalon.core.main.TestCaseExecutor.accessMainPhase(TestCaseExecutor.java:331)
	at com.kms.katalon.core.main.TestCaseExecutor.execute(TestCaseExecutor.java:248)
	at com.kms.katalon.core.main.TestSuiteExecutor.accessTestCaseMainPhase(TestSuiteExecutor.java:191)
	at com.kms.katalon.core.main.TestSuiteExecutor.accessTestSuiteMainPhase(TestSuiteExecutor.java:140)
	at com.kms.katalon.core.main.TestSuiteExecutor.execute(TestSuiteExecutor.java:89)
	at com.kms.katalon.core.main.TestCaseMain.startTestSuite(TestCaseMain.java:185)
	at com.kms.katalon.core.main.TestCaseMain$startTestSuite$0.call(Unknown Source)
	at TempTestSuite1634705209531.run(TempTestSuite1634705209531.groovy:39)
Caused by: org.openqa.selenium.ElementNotInteractableException: element not interactable
  (Session info: chrome=94.0.4606.81)
Build info: version: '3.141.59', revision: 'e82be7d358', time: '2018-11-14T08:25:53'
System info: host: 'DESKTOP-B2QI6NS', ip: '172.30.2.167', os.name: 'Windows 10', os.arch: 'amd64', os.version: '10.0', java.version: '1.8.0_181'
Driver info: com.kms.katalon.selenium.driver.CChromeDriver
Capabilities {acceptInsecureCerts: true, browserName: chrome, browserVersion: 94.0.4606.81, chrome: {chromedriverVersion: 94.0.4606.61 (418b78f5838ed..., userDataDir: C:\Users\iahmed\AppData\Loc...}, goog:chromeOptions: {debuggerAddress: localhost:64681}, javascriptEnabled: true, networkConnectionEnabled: false, pageLoadStrategy: normal, platform: WINDOWS, platformName: WINDOWS, proxy: Proxy(), setWindowRect: true, strictFileInteractability: false, timeouts: {implicit: 0, pageLoad: 300000, script: 30000}, unhandledPromptBehavior: dismiss and notify, webauthn:extension:credBlob: true, webauthn:extension:largeBlob: true, webauthn:virtualAuthenticators: true}
Session ID: a729c415b05c9f31e870b5b10845b971
	at org.openqa.selenium.remote.http.W3CHttpResponseCodec.createException(W3CHttpResponseCodec.java:187)
	at org.openqa.selenium.remote.http.W3CHttpResponseCodec.decode(W3CHttpResponseCodec.java:122)
	at org.openqa.selenium.remote.http.W3CHttpResponseCodec.decode(W3CHttpResponseCodec.java:49)
	at org.openqa.selenium.remote.HttpCommandExecutor.execute(HttpCommandExecutor.java:158)
	at org.openqa.selenium.remote.service.DriverCommandExecutor.execute(DriverCommandExecutor.java:83)
	at org.openqa.selenium.remote.RemoteWebDriver.execute(RemoteWebDriver.java:552)
	at com.kms.katalon.selenium.driver.CChromeDriver.execute(CChromeDriver.java:19)
	at org.openqa.selenium.remote.RemoteWebElement.execute(RemoteWebElement.java:285)
	at org.openqa.selenium.remote.RemoteWebElement.clear(RemoteWebElement.java:124)
	at org.openqa.selenium.support.events.EventFiringWebDriver$EventFiringWebElement.lambda$new$0(EventFiringWebDriver.java:404)
	at com.sun.proxy.$Proxy11.clear(Unknown Source)
	at org.openqa.selenium.support.events.EventFiringWebDriver$EventFiringWebElement.clear(EventFiringWebDriver.java:436)
	at com.kms.katalon.core.webui.keyword.builtin.SetTextKeyword$_setText_closure1.doCall(SetTextKeyword.groovy:53)
	at com.kms.katalon.core.webui.keyword.builtin.SetTextKeyword$_setText_closure1.call(SetTextKeyword.groovy)
	at com.kms.katalon.core.webui.keyword.internal.WebUIKeywordMain.runKeyword(WebUIKeywordMain.groovy:20)
	at com.kms.katalon.core.webui.keyword.builtin.SetTextKeyword.setText(SetTextKeyword.groovy:66)
	at com.kms.katalon.core.webui.keyword.builtin.SetTextKeyword.execute(SetTextKeyword.groovy:37)
	at com.kms.katalon.core.keyword.internal.KeywordExecutor.executeKeywordForPlatform(KeywordExecutor.groovy:73)
	at com.kms.katalon.core.webui.keyword.WebUiBuiltInKeywords.setText(WebUiBuiltInKeywords.groovy:980)
	at com.kms.katalon.core.webui.keyword.WebUiBuiltInKeywords$setText$3.call(Unknown Source)
	at Script1634702981988.run(Script1634702981988.groovy:131)
	... 13 more
)
[[ATTACHMENT|E:\\Cloned-Project-Katalon\\VPS-Katalon\\Reports\\20211020_004649\\RAD_TestSuite\\RAD_UI_TestSuite\\20211020_004649\\1634705295613.png]]

2021-10-20 00:48:15 - [TEST_STEP][PASSED] - setText(findTestObject(orPath_TaxInfo + "/input_NoticeInvoiceNumber"), "965896"): Text '965896' is set on object 'Object Repository/RAD_Pages/TaxInfo_Page/input_NoticeInvoiceNumber'

2021-10-20 00:48:16 - [MESSAGE][PASSED] - Text '965896' is set on object 'Object Repository/RAD_Pages/TaxInfo_Page/input_NoticeInvoiceNumber'

2021-10-20 00:48:16 - [TEST_STEP][PASSED] - setText(findTestObject(orPath_TaxInfo + "/input_reTypeNoticeInvoiceNumber"), "965896"): Text '965896' is set on object 'Object Repository/RAD_Pages/TaxInfo_Page/input_reTypeNoticeInvoiceNumber'

2021-10-20 00:48:17 - [MESSAGE][PASSED] - Text '965896' is set on object 'Object Repository/RAD_Pages/TaxInfo_Page/input_reTypeNoticeInvoiceNumber'

2021-10-20 00:48:17 - [TEST_STEP][PASSED] - setText(findTestObject(orPath_Amount + "/input__paymentAmount"), Amount): Text '30.50' is set on object 'Object Repository/RAD_Pages/PaymentAmount_Page/input__paymentAmount'

2021-10-20 00:48:18 - [MESSAGE][PASSED] - Text '30.50' is set on object 'Object Repository/RAD_Pages/PaymentAmount_Page/input__paymentAmount'

2021-10-20 00:48:18 - [TEST_STEP][PASSED] - scrollToElement(findTestObject(orPath_Landing + "/button_Continue"), 3): Scroll to object 'Object Repository/RAD_Pages/Landing_Page/button_Continue' successfully

2021-10-20 00:48:18 - [MESSAGE][PASSED] - Scroll to object 'Object Repository/RAD_Pages/Landing_Page/button_Continue' successfully

2021-10-20 00:48:18 - [TEST_STEP][PASSED] - waitForElementClickable(findTestObject(orPath_Landing + "/button_Continue"), 5): Object 'Object Repository/RAD_Pages/Landing_Page/button_Continue' is clickable

2021-10-20 00:48:18 - [MESSAGE][PASSED] - Object 'Object Repository/RAD_Pages/Landing_Page/button_Continue' is clickable

2021-10-20 00:48:18 - [TEST_STEP][PASSED] - click(findTestObject(orPath_Landing + "/button_Continue")): Object: 'Object Repository/RAD_Pages/Landing_Page/button_Continue' is clicked on

2021-10-20 00:48:19 - [MESSAGE][PASSED] - Object: 'Object Repository/RAD_Pages/Landing_Page/button_Continue' is clicked on

2021-10-20 00:48:19 - [TEST_STEP][PASSED] - verifyTextPresent("Review the information below and make any necessary corrections by clicking the", true): Text 'Review the information below and make any necessary corrections by clicking the' is present on page  using regular expression

2021-10-20 00:48:19 - [MESSAGE][PASSED] - Text 'Review the information below and make any necessary corrections by clicking the' is present on page  using regular expression

2021-10-20 00:48:19 - [TEST_STEP][PASSED] - verifyTextPresent("When you are confident that all the information is correct", true): Text 'When you are confident that all the information is correct' is present on page  using regular expression

2021-10-20 00:48:20 - [MESSAGE][PASSED] - Text 'When you are confident that all the information is correct' is present on page  using regular expression

2021-10-20 00:48:20 - [TEST_STEP][PASSED] - scrollToElement(findTestObject(orPath_Summary + "/button_Continue_Summary"), 3): Scroll to object 'Object Repository/RAD_Pages/Summary_Page/button_Continue_Summary' successfully

2021-10-20 00:48:20 - [MESSAGE][PASSED] - Scroll to object 'Object Repository/RAD_Pages/Summary_Page/button_Continue_Summary' successfully

2021-10-20 00:48:20 - [TEST_STEP][PASSED] - waitForElementClickable(findTestObject(orPath_Summary + "/button_Continue_Summary"), 5): Object 'Object Repository/RAD_Pages/Summary_Page/button_Continue_Summary' is clickable

2021-10-20 00:48:20 - [MESSAGE][PASSED] - Object 'Object Repository/RAD_Pages/Summary_Page/button_Continue_Summary' is clickable

2021-10-20 00:48:20 - [TEST_STEP][PASSED] - delay(3): Delayed 3 second(s)

2021-10-20 00:48:23 - [MESSAGE][PASSED] - Delayed 3 second(s)

2021-10-20 00:48:23 - [TEST_STEP][PASSED] - click(findTestObject(orPath_Summary + "/button_Continue_Summary")): Object: 'Object Repository/RAD_Pages/Summary_Page/button_Continue_Summary' is clicked on

2021-10-20 00:48:24 - [MESSAGE][PASSED] - Object: 'Object Repository/RAD_Pages/Summary_Page/button_Continue_Summary' is clicked on

2021-10-20 00:48:24 - [TEST_STEP][PASSED] - delay(3): Delayed 3 second(s)

2021-10-20 00:48:27 - [MESSAGE][PASSED] - Delayed 3 second(s)

2021-10-20 00:48:27 - [TEST_STEP][PASSED] - click(findTestObject(orPath_PaymentReady + "/button_ProceedtoPayment")): Object: 'Object Repository/RAD_Pages/PaymentReady_Page/button_ProceedtoPayment' is clicked on

2021-10-20 00:48:28 - [MESSAGE][PASSED] - Object: 'Object Repository/RAD_Pages/PaymentReady_Page/button_ProceedtoPayment' is clicked on

2021-10-20 00:48:28 - [TEST_STEP][PASSED] - setText(findTestObject(orPath_PaymentEntry + "/input__cardNumber"), CCNumber): Text '5146312200000035' is set on object 'Object Repository/RAD_Pages/PaymentEntry_Page/input__cardNumber'

2021-10-20 00:48:29 - [MESSAGE][PASSED] - Text '5146312200000035' is set on object 'Object Repository/RAD_Pages/PaymentEntry_Page/input__cardNumber'

2021-10-20 00:48:29 - [TEST_STEP][PASSED] - setText(findTestObject(orPath_PaymentEntry + "/input__spc"), CVV): Text '123' is set on object 'Object Repository/RAD_Pages/PaymentEntry_Page/input__spc'

2021-10-20 00:48:30 - [MESSAGE][PASSED] - Text '123' is set on object 'Object Repository/RAD_Pages/PaymentEntry_Page/input__spc'

2021-10-20 00:48:30 - [TEST_STEP][PASSED] - selectOptionByLabel(findTestObject(orPath_PaymentEntry + "/select_MM"), "12", false): All options with label '12' are selected in object 'Object Repository/RAD_Pages/PaymentEntry_Page/select_MM' 

2021-10-20 00:48:31 - [MESSAGE][PASSED] - All options with label '12' are selected in object 'Object Repository/RAD_Pages/PaymentEntry_Page/select_MM' 

2021-10-20 00:48:31 - [TEST_STEP][PASSED] - selectOptionByLabel(findTestObject(orPath_PaymentEntry + "/select_YYYY"), "2023", false): All options with label '2023' are selected in object 'Object Repository/RAD_Pages/PaymentEntry_Page/select_YYYY' 

2021-10-20 00:48:31 - [MESSAGE][PASSED] - All options with label '2023' are selected in object 'Object Repository/RAD_Pages/PaymentEntry_Page/select_YYYY' 

2021-10-20 00:48:31 - [TEST_STEP][PASSED] - click(findTestObject(orPath_PaymentEntry + "/input_Field_ccSubmit")): Object: 'Object Repository/RAD_Pages/PaymentEntry_Page/input_Field_ccSubmit' is clicked on

2021-10-20 00:48:32 - [MESSAGE][PASSED] - Object: 'Object Repository/RAD_Pages/PaymentEntry_Page/input_Field_ccSubmit' is clicked on

2021-10-20 00:48:32 - [TEST_STEP][PASSED] - click(findTestObject(orPath_PaymentConfirmation + "/input_N_confirmNotifyAction")): Object: 'Object Repository/RAD_Pages/PaymentConfirmation_Page/input_N_confirmNotifyAction' is clicked on

2021-10-20 00:48:33 - [MESSAGE][PASSED] - Object: 'Object Repository/RAD_Pages/PaymentConfirmation_Page/input_N_confirmNotifyAction' is clicked on

2021-10-20 00:48:33 - [TEST_STEP][PASSED] - click(findTestObject(orPath_ServiceFeesAccept + "/input_convFeeNotifyAction")): Object: 'Object Repository/RAD_Pages/ServiceFeeAccept_Page/input_convFeeNotifyAction' is clicked on

2021-10-20 00:48:35 - [MESSAGE][PASSED] - Object: 'Object Repository/RAD_Pages/ServiceFeeAccept_Page/input_convFeeNotifyAction' is clicked on

2021-10-20 00:48:35 - [TEST_STEP][PASSED] - delay(10): Delayed 10 second(s)

2021-10-20 00:48:45 - [MESSAGE][PASSED] - Delayed 10 second(s)

2021-10-20 00:48:45 - [TEST_STEP][PASSED] - verifyTextPresent("Successful Payment Receipt", true): Text 'Successful Payment Receipt' is present on page  using regular expression

2021-10-20 00:48:45 - [MESSAGE][PASSED] - Text 'Successful Payment Receipt' is present on page  using regular expression

2021-10-20 00:48:45 - [TEST_STEP][PASSED] - if (verifyTextPresent("Successful Payment Receipt", true)): null

2021-10-20 00:48:46 - [MESSAGE][PASSED] - Text 'Successful Payment Receipt' is present on page  using regular expression

2021-10-20 00:48:46 - [TEST_STEP][PASSED] - println("Transaction was Successful"): null

2021-10-20 00:48:46 - [TEST_STEP][PASSED] - out.println("Pass Record Number: " + row): null

2021-10-20 00:48:46 - [TEST_STEP][PASSED] - resText = "Pass": null

2021-10-20 00:48:46 - [TEST_STEP][PASSED] - pages.WriteExcel.demoKey(resText, datText, resColumn, datCloumn, fileLoc, nameSheet, row): pages.WriteExcel.demoKey is PASSED

2021-10-20 00:48:46 - [MESSAGE][PASSED] - pages.WriteExcel.demoKey is PASSED

2021-10-20 00:48:46 - [TEST_STEP][PASSED] - ExecuteTC = findTestData(dataFile).getValue("Execute", row): null

2021-10-20 00:48:46 - [TEST_STEP][PASSED] - Taxtype = findTestData(dataFile).getValue("TaxType", row): null

2021-10-20 00:48:46 - [TEST_STEP][PASSED] - TaxTypeEL = findTestData(dataFile).getValue("TaxTypeEL", row): null

2021-10-20 00:48:46 - [TEST_STEP][PASSED] - FName = findTestData(dataFile).getValue("Fname", row): null

2021-10-20 00:48:46 - [TEST_STEP][PASSED] - LName = findTestData(dataFile).getValue("Lname", row): null

2021-10-20 00:48:46 - [TEST_STEP][PASSED] - AL1 = findTestData(dataFile).getValue("AL1", row): null

2021-10-20 00:48:46 - [TEST_STEP][PASSED] - City = findTestData(dataFile).getValue("City", row): null

2021-10-20 00:48:46 - [TEST_STEP][PASSED] - ZIP = findTestData(dataFile).getValue("ZIP", row): null

2021-10-20 00:48:46 - [TEST_STEP][PASSED] - Amount = findTestData(dataFile).getValue("Amount", row): null

2021-10-20 00:48:46 - [TEST_STEP][PASSED] - CCNumber = findTestData(dataFile).getValue("CCNumber", row): null

2021-10-20 00:48:46 - [TEST_STEP][PASSED] - CVV = findTestData(dataFile).getValue("CVV", row): null

2021-10-20 00:48:46 - [TEST_STEP][PASSED] - out.println("Value of Execute is : " + ExecuteTC): null

2021-10-20 00:48:46 - [TEST_STEP][FAILED] - if (ExecuteTC.equalsIgnoreCase("Y")): null

2021-10-20 00:48:46 - [TEST_STEP][PASSED] - out.println("Begin Record Number: " + row): null

2021-10-20 00:48:46 - [TEST_STEP][PASSED] - today = new java.util.Date(): null

2021-10-20 00:48:46 - [TEST_STEP][PASSED] - println(today): null

2021-10-20 00:48:46 - [TEST_STEP][PASSED] - datText = today: null

2021-10-20 00:48:46 - [TEST_STEP][PASSED] - Taxtype = findTestData(dataFile).getValue("TaxType", row): null

2021-10-20 00:48:46 - [TEST_STEP][PASSED] - out.println("Taxtype value is : " + Taxtype): null

2021-10-20 00:48:46 - [TEST_STEP][PASSED] - openBrowser(""): Browser is opened with url: ''

2021-10-20 00:48:46 - [MESSAGE][WARNING] - A browser is already opened. Closing browser and opening a new one

2021-10-20 00:48:47 - [MESSAGE][INFO] - Starting 'Chrome' driver

2021-10-20 00:48:47 - [MESSAGE][INFO] - User set preference: ['acceptInsecureCerts', 'true']

2021-10-20 00:48:47 - [MESSAGE][INFO] - Action delay is set to 0 milliseconds

2021-10-20 00:48:48 - [MESSAGE][PASSED] - Browser is opened with url: ''

2021-10-20 00:48:48 - [TEST_STEP][PASSED] - maximizeWindow(): Current window maximized

2021-10-20 00:48:49 - [MESSAGE][PASSED] - Current window maximized

2021-10-20 00:48:49 - [TEST_STEP][PASSED] - navigateToUrl(RADurl): Navigate to 'https://qa.velocitypayment.com/client/rad/index.html' successfully

2021-10-20 00:48:50 - [MESSAGE][PASSED] - Navigate to 'https://qa.velocitypayment.com/client/rad/index.html' successfully

2021-10-20 00:48:50 - [TEST_STEP][PASSED] - orPath_Landing = "Object Repository/RAD_Pages/Landing_Page": null

2021-10-20 00:48:50 - [TEST_STEP][PASSED] - orPath_TaxTypeFilingYear = "Object Repository/RAD_Pages/TaxTypeFilingYear_Page": null

2021-10-20 00:48:50 - [TEST_STEP][PASSED] - orPath_TaxPayer = "Object Repository/RAD_Pages/Taxpayer_Page": null

2021-10-20 00:48:50 - [TEST_STEP][PASSED] - orPath_AddressContact = "Object Repository/RAD_Pages/AddressAndContactInfo_Page": null

2021-10-20 00:48:50 - [TEST_STEP][PASSED] - orPath_FilingStatus = "Object Repository/RAD_Pages/FilingStatus_Page": null

2021-10-20 00:48:50 - [TEST_STEP][PASSED] - orPath_Amount = "Object Repository/RAD_Pages/PaymentAmount_Page": null

2021-10-20 00:48:50 - [TEST_STEP][PASSED] - orPath_TaxInfo = "Object Repository/RAD_Pages/TaxInfo_Page": null

2021-10-20 00:48:50 - [TEST_STEP][PASSED] - orPath_Withholding = "Object Repository/RAD_Pages/Withholding_Page": null

2021-10-20 00:48:50 - [TEST_STEP][PASSED] - orPath_Summary = "Object Repository/RAD_Pages/Summary_Page": null

2021-10-20 00:48:50 - [TEST_STEP][PASSED] - orPath_PaymentReady = "Object Repository/RAD_Pages/PaymentReady_Page": null

2021-10-20 00:48:50 - [TEST_STEP][PASSED] - orPath_PaymentEntry = "Object Repository/RAD_Pages/PaymentEntry_Page": null

2021-10-20 00:48:50 - [TEST_STEP][PASSED] - orPath_PaymentConfirmation = "Object Repository/RAD_Pages/PaymentConfirmation_Page": null

2021-10-20 00:48:50 - [TEST_STEP][PASSED] - orPath_ServiceFeesAccept = "Object Repository/RAD_Pages/ServiceFeeAccept_Page": null

2021-10-20 00:48:50 - [TEST_STEP][PASSED] - selectOptionByLabel(findTestObject(orPath_Landing + "/dd_TaxType"), Taxtype, false): All options with label 'Existing Liability' are selected in object 'Object Repository/RAD_Pages/Landing_Page/dd_TaxType' 

2021-10-20 00:48:51 - [MESSAGE][PASSED] - All options with label 'Existing Liability' are selected in object 'Object Repository/RAD_Pages/Landing_Page/dd_TaxType' 

2021-10-20 00:48:51 - [TEST_STEP][PASSED] - delay(3): Delayed 3 second(s)

2021-10-20 00:48:54 - [MESSAGE][PASSED] - Delayed 3 second(s)

2021-10-20 00:48:54 - [TEST_STEP][PASSED] - selectOptionByLabel(findTestObject(orPath_TaxTypeFilingYear + "/select_TaxType_ExistingLiability"), TaxTypeEL, false): All options with label 'Fiduciary Tax' are selected in object 'Object Repository/RAD_Pages/TaxTypeFilingYear_Page/select_TaxType_ExistingLiability' 

2021-10-20 00:48:55 - [MESSAGE][PASSED] - All options with label 'Fiduciary Tax' are selected in object 'Object Repository/RAD_Pages/TaxTypeFilingYear_Page/select_TaxType_ExistingLiability' 

2021-10-20 00:48:55 - [TEST_STEP][PASSED] - setText(findTestObject(orPath_TaxPayer + "/input_firstName"), FName): Text 'Jason' is set on object 'Object Repository/RAD_Pages/Taxpayer_Page/input_firstName'

2021-10-20 00:48:55 - [MESSAGE][PASSED] - Text 'Jason' is set on object 'Object Repository/RAD_Pages/Taxpayer_Page/input_firstName'

2021-10-20 00:48:55 - [TEST_STEP][PASSED] - setText(findTestObject(orPath_TaxPayer + "/input_lastName"), LName): Text 'Roy' is set on object 'Object Repository/RAD_Pages/Taxpayer_Page/input_lastName'

2021-10-20 00:48:56 - [MESSAGE][PASSED] - Text 'Roy' is set on object 'Object Repository/RAD_Pages/Taxpayer_Page/input_lastName'

2021-10-20 00:48:56 - [TEST_STEP][PASSED] - setText(findTestObject(orPath_TaxPayer + "/input_middleName"), "Johns"): Text 'Johns' is set on object 'Object Repository/RAD_Pages/Taxpayer_Page/input_middleName'

2021-10-20 00:48:57 - [MESSAGE][PASSED] - Text 'Johns' is set on object 'Object Repository/RAD_Pages/Taxpayer_Page/input_middleName'

2021-10-20 00:48:57 - [TEST_STEP][PASSED] - setText(findTestObject(orPath_TaxPayer + "/input_suffix"), "Sr"): Text 'Sr' is set on object 'Object Repository/RAD_Pages/Taxpayer_Page/input_suffix'

2021-10-20 00:48:57 - [MESSAGE][PASSED] - Text 'Sr' is set on object 'Object Repository/RAD_Pages/Taxpayer_Page/input_suffix'

2021-10-20 00:48:57 - [TEST_STEP][PASSED] - selectOptionByLabel(findTestObject(orPath_AddressContact + "/select_Country"), "United States", false): All options with label 'United States' are selected in object 'Object Repository/RAD_Pages/AddressAndContactInfo_Page/select_Country' 

2021-10-20 00:48:58 - [MESSAGE][PASSED] - All options with label 'United States' are selected in object 'Object Repository/RAD_Pages/AddressAndContactInfo_Page/select_Country' 

2021-10-20 00:48:58 - [TEST_STEP][PASSED] - setText(findTestObject(orPath_AddressContact + "/input_streetAddress1"), AL1): Text '1501 Mandan Terrace' is set on object 'Object Repository/RAD_Pages/AddressAndContactInfo_Page/input_streetAddress1'

2021-10-20 00:48:59 - [MESSAGE][PASSED] - Text '1501 Mandan Terrace' is set on object 'Object Repository/RAD_Pages/AddressAndContactInfo_Page/input_streetAddress1'

2021-10-20 00:48:59 - [TEST_STEP][PASSED] - setText(findTestObject(orPath_AddressContact + "/input_streetAddress2"), ""): Text '' is set on object 'Object Repository/RAD_Pages/AddressAndContactInfo_Page/input_streetAddress2'

2021-10-20 00:48:59 - [MESSAGE][PASSED] - Text '' is set on object 'Object Repository/RAD_Pages/AddressAndContactInfo_Page/input_streetAddress2'

2021-10-20 00:48:59 - [TEST_STEP][PASSED] - setText(findTestObject(orPath_AddressContact + "/input_city"), City): Text 'Bowie' is set on object 'Object Repository/RAD_Pages/AddressAndContactInfo_Page/input_city'

2021-10-20 00:49:00 - [MESSAGE][PASSED] - Text 'Bowie' is set on object 'Object Repository/RAD_Pages/AddressAndContactInfo_Page/input_city'

2021-10-20 00:49:00 - [TEST_STEP][PASSED] - selectOptionByLabel(findTestObject(orPath_AddressContact + "/select_State"), "Maryland", false): All options with label 'Maryland' are selected in object 'Object Repository/RAD_Pages/AddressAndContactInfo_Page/select_State' 

2021-10-20 00:49:01 - [MESSAGE][PASSED] - All options with label 'Maryland' are selected in object 'Object Repository/RAD_Pages/AddressAndContactInfo_Page/select_State' 

2021-10-20 00:49:01 - [TEST_STEP][PASSED] - setText(findTestObject(orPath_AddressContact + "/input_zipCode"), ZIP): Text '20720' is set on object 'Object Repository/RAD_Pages/AddressAndContactInfo_Page/input_zipCode'

2021-10-20 00:49:01 - [MESSAGE][PASSED] - Text '20720' is set on object 'Object Repository/RAD_Pages/AddressAndContactInfo_Page/input_zipCode'

2021-10-20 00:49:01 - [TEST_STEP][PASSED] - setText(findTestObject(orPath_AddressContact + "/input_phoneNumber"), "77038945000"): Text '77038945000' is set on object 'Object Repository/RAD_Pages/AddressAndContactInfo_Page/input_phoneNumber'

2021-10-20 00:49:02 - [MESSAGE][PASSED] - Text '77038945000' is set on object 'Object Repository/RAD_Pages/AddressAndContactInfo_Page/input_phoneNumber'

2021-10-20 00:49:02 - [TEST_STEP][PASSED] - setText(findTestObject(orPath_AddressContact + "/input_eMailAddress"), "iahmed@govolution.com"): Text 'iahmed@govolution.com' is set on object 'Object Repository/RAD_Pages/AddressAndContactInfo_Page/input_eMailAddress'

2021-10-20 00:49:03 - [MESSAGE][PASSED] - Text 'iahmed@govolution.com' is set on object 'Object Repository/RAD_Pages/AddressAndContactInfo_Page/input_eMailAddress'

2021-10-20 00:49:03 - [TEST_STEP][PASSED] - setText(findTestObject(orPath_AddressContact + "/input_reEnterEMailAddress"), "iahmed@govolution.com"): Text 'iahmed@govolution.com' is set on object 'Object Repository/RAD_Pages/AddressAndContactInfo_Page/input_reEnterEMailAddress'

2021-10-20 00:49:03 - [MESSAGE][PASSED] - Text 'iahmed@govolution.com' is set on object 'Object Repository/RAD_Pages/AddressAndContactInfo_Page/input_reEnterEMailAddress'

2021-10-20 00:49:03 - [TEST_STEP][PASSED] - setText(findTestObject(orPath_TaxInfo + "/input_TaxInfo_ExisitingSSN"), "111223333"): Text '111223333' is set on object 'Object Repository/RAD_Pages/TaxInfo_Page/input_TaxInfo_ExisitingSSN'

2021-10-20 00:49:04 - [MESSAGE][PASSED] - Text '111223333' is set on object 'Object Repository/RAD_Pages/TaxInfo_Page/input_TaxInfo_ExisitingSSN'

2021-10-20 00:49:04 - [TEST_STEP][PASSED] - setText(findTestObject(orPath_TaxInfo + "/input_TaxInfo_reTaxTypeExisitingSSN"), "111223333"): Text '111223333' is set on object 'Object Repository/RAD_Pages/TaxInfo_Page/input_TaxInfo_reTaxTypeExisitingSSN'

2021-10-20 00:49:05 - [MESSAGE][PASSED] - Text '111223333' is set on object 'Object Repository/RAD_Pages/TaxInfo_Page/input_TaxInfo_reTaxTypeExisitingSSN'

2021-10-20 00:49:05 - [TEST_STEP][PASSED] - scrollToElement(findTestObject(orPath_Amount + "/input__paymentAmount"), 3): Scroll to object 'Object Repository/RAD_Pages/PaymentAmount_Page/input__paymentAmount' successfully

2021-10-20 00:49:05 - [MESSAGE][PASSED] - Scroll to object 'Object Repository/RAD_Pages/PaymentAmount_Page/input__paymentAmount' successfully

2021-10-20 00:49:05 - [TEST_STEP][PASSED] - delay(3): Delayed 3 second(s)

2021-10-20 00:49:08 - [MESSAGE][PASSED] - Delayed 3 second(s)

2021-10-20 00:49:08 - [TEST_STEP][FAILED] - setText(findTestObject(orPath_TaxInfo + "/input_FEIN"), "123456"): Unable to set text '123456' of object 'Object Repository/RAD_Pages/TaxInfo_Page/input_FEIN' (Root cause: com.kms.katalon.core.exception.StepFailedException: Unable to set text '123456' of object 'Object Repository/RAD_Pages/TaxInfo_Page/input_FEIN'
	at com.kms.katalon.core.webui.keyword.internal.WebUIKeywordMain.stepFailed(WebUIKeywordMain.groovy:64)
	at com.kms.katalon.core.webui.keyword.internal.WebUIKeywordMain.runKeyword(WebUIKeywordMain.groovy:26)
	at com.kms.katalon.core.webui.keyword.builtin.SetTextKeyword.setText(SetTextKeyword.groovy:66)
	at com.kms.katalon.core.webui.keyword.builtin.SetTextKeyword.execute(SetTextKeyword.groovy:37)
	at com.kms.katalon.core.keyword.internal.KeywordExecutor.executeKeywordForPlatform(KeywordExecutor.groovy:73)
	at com.kms.katalon.core.webui.keyword.WebUiBuiltInKeywords.setText(WebUiBuiltInKeywords.groovy:980)
	at com.kms.katalon.core.webui.keyword.WebUiBuiltInKeywords$setText$3.call(Unknown Source)
	at Payments_ExistingLiability_HC_TC.run(Payments_ExistingLiability_HC_TC:130)
	at com.kms.katalon.core.main.ScriptEngine.run(ScriptEngine.java:194)
	at com.kms.katalon.core.main.ScriptEngine.runScriptAsRawText(ScriptEngine.java:119)
	at com.kms.katalon.core.main.TestCaseExecutor.runScript(TestCaseExecutor.java:369)
	at com.kms.katalon.core.main.TestCaseExecutor.doExecute(TestCaseExecutor.java:360)
	at com.kms.katalon.core.main.TestCaseExecutor.processExecutionPhase(TestCaseExecutor.java:339)
	at com.kms.katalon.core.main.TestCaseExecutor.accessMainPhase(TestCaseExecutor.java:331)
	at com.kms.katalon.core.main.TestCaseExecutor.execute(TestCaseExecutor.java:248)
	at com.kms.katalon.core.main.TestSuiteExecutor.accessTestCaseMainPhase(TestSuiteExecutor.java:191)
	at com.kms.katalon.core.main.TestSuiteExecutor.accessTestSuiteMainPhase(TestSuiteExecutor.java:140)
	at com.kms.katalon.core.main.TestSuiteExecutor.execute(TestSuiteExecutor.java:89)
	at com.kms.katalon.core.main.TestCaseMain.startTestSuite(TestCaseMain.java:185)
	at com.kms.katalon.core.main.TestCaseMain$startTestSuite$0.call(Unknown Source)
	at TempTestSuite1634705209531.run(TempTestSuite1634705209531.groovy:39)
Caused by: org.openqa.selenium.ElementNotInteractableException: element not interactable
  (Session info: chrome=94.0.4606.81)
Build info: version: '3.141.59', revision: 'e82be7d358', time: '2018-11-14T08:25:53'
System info: host: 'DESKTOP-B2QI6NS', ip: '172.30.2.167', os.name: 'Windows 10', os.arch: 'amd64', os.version: '10.0', java.version: '1.8.0_181'
Driver info: com.kms.katalon.selenium.driver.CChromeDriver
Capabilities {acceptInsecureCerts: true, browserName: chrome, browserVersion: 94.0.4606.81, chrome: {chromedriverVersion: 94.0.4606.61 (418b78f5838ed..., userDataDir: C:\Users\iahmed\AppData\Loc...}, goog:chromeOptions: {debuggerAddress: localhost:60631}, javascriptEnabled: true, networkConnectionEnabled: false, pageLoadStrategy: normal, platform: WINDOWS, platformName: WINDOWS, proxy: Proxy(), setWindowRect: true, strictFileInteractability: false, timeouts: {implicit: 0, pageLoad: 300000, script: 30000}, unhandledPromptBehavior: dismiss and notify, webauthn:extension:credBlob: true, webauthn:extension:largeBlob: true, webauthn:virtualAuthenticators: true}
Session ID: 9ff1a1ac463a0a57d52d893f4beb3c18
	at org.openqa.selenium.remote.http.W3CHttpResponseCodec.createException(W3CHttpResponseCodec.java:187)
	at org.openqa.selenium.remote.http.W3CHttpResponseCodec.decode(W3CHttpResponseCodec.java:122)
	at org.openqa.selenium.remote.http.W3CHttpResponseCodec.decode(W3CHttpResponseCodec.java:49)
	at org.openqa.selenium.remote.HttpCommandExecutor.execute(HttpCommandExecutor.java:158)
	at org.openqa.selenium.remote.service.DriverCommandExecutor.execute(DriverCommandExecutor.java:83)
	at org.openqa.selenium.remote.RemoteWebDriver.execute(RemoteWebDriver.java:552)
	at com.kms.katalon.selenium.driver.CChromeDriver.execute(CChromeDriver.java:19)
	at org.openqa.selenium.remote.RemoteWebElement.execute(RemoteWebElement.java:285)
	at org.openqa.selenium.remote.RemoteWebElement.clear(RemoteWebElement.java:124)
	at org.openqa.selenium.support.events.EventFiringWebDriver$EventFiringWebElement.lambda$new$0(EventFiringWebDriver.java:404)
	at com.sun.proxy.$Proxy11.clear(Unknown Source)
	at org.openqa.selenium.support.events.EventFiringWebDriver$EventFiringWebElement.clear(EventFiringWebDriver.java:436)
	at com.kms.katalon.core.webui.keyword.builtin.SetTextKeyword$_setText_closure1.doCall(SetTextKeyword.groovy:53)
	at com.kms.katalon.core.webui.keyword.builtin.SetTextKeyword$_setText_closure1.call(SetTextKeyword.groovy)
	at com.kms.katalon.core.webui.keyword.internal.WebUIKeywordMain.runKeyword(WebUIKeywordMain.groovy:20)
	at com.kms.katalon.core.webui.keyword.builtin.SetTextKeyword.setText(SetTextKeyword.groovy:66)
	at com.kms.katalon.core.webui.keyword.builtin.SetTextKeyword.execute(SetTextKeyword.groovy:37)
	at com.kms.katalon.core.keyword.internal.KeywordExecutor.executeKeywordForPlatform(KeywordExecutor.groovy:73)
	at com.kms.katalon.core.webui.keyword.WebUiBuiltInKeywords.setText(WebUiBuiltInKeywords.groovy:980)
	at com.kms.katalon.core.webui.keyword.WebUiBuiltInKeywords$setText$3.call(Unknown Source)
	at Script1634702981988.run(Script1634702981988.groovy:130)
	... 13 more
)

2021-10-20 00:49:09 - [MESSAGE][FAILED] - Unable to set text '123456' of object 'Object Repository/RAD_Pages/TaxInfo_Page/input_FEIN' (Root cause: com.kms.katalon.core.exception.StepFailedException: Unable to set text '123456' of object 'Object Repository/RAD_Pages/TaxInfo_Page/input_FEIN'
	at com.kms.katalon.core.webui.keyword.internal.WebUIKeywordMain.stepFailed(WebUIKeywordMain.groovy:64)
	at com.kms.katalon.core.webui.keyword.internal.WebUIKeywordMain.runKeyword(WebUIKeywordMain.groovy:26)
	at com.kms.katalon.core.webui.keyword.builtin.SetTextKeyword.setText(SetTextKeyword.groovy:66)
	at com.kms.katalon.core.webui.keyword.builtin.SetTextKeyword.execute(SetTextKeyword.groovy:37)
	at com.kms.katalon.core.keyword.internal.KeywordExecutor.executeKeywordForPlatform(KeywordExecutor.groovy:73)
	at com.kms.katalon.core.webui.keyword.WebUiBuiltInKeywords.setText(WebUiBuiltInKeywords.groovy:980)
	at com.kms.katalon.core.webui.keyword.WebUiBuiltInKeywords$setText$3.call(Unknown Source)
	at Payments_ExistingLiability_HC_TC.run(Payments_ExistingLiability_HC_TC:130)
	at com.kms.katalon.core.main.ScriptEngine.run(ScriptEngine.java:194)
	at com.kms.katalon.core.main.ScriptEngine.runScriptAsRawText(ScriptEngine.java:119)
	at com.kms.katalon.core.main.TestCaseExecutor.runScript(TestCaseExecutor.java:369)
	at com.kms.katalon.core.main.TestCaseExecutor.doExecute(TestCaseExecutor.java:360)
	at com.kms.katalon.core.main.TestCaseExecutor.processExecutionPhase(TestCaseExecutor.java:339)
	at com.kms.katalon.core.main.TestCaseExecutor.accessMainPhase(TestCaseExecutor.java:331)
	at com.kms.katalon.core.main.TestCaseExecutor.execute(TestCaseExecutor.java:248)
	at com.kms.katalon.core.main.TestSuiteExecutor.accessTestCaseMainPhase(TestSuiteExecutor.java:191)
	at com.kms.katalon.core.main.TestSuiteExecutor.accessTestSuiteMainPhase(TestSuiteExecutor.java:140)
	at com.kms.katalon.core.main.TestSuiteExecutor.execute(TestSuiteExecutor.java:89)
	at com.kms.katalon.core.main.TestCaseMain.startTestSuite(TestCaseMain.java:185)
	at com.kms.katalon.core.main.TestCaseMain$startTestSuite$0.call(Unknown Source)
	at TempTestSuite1634705209531.run(TempTestSuite1634705209531.groovy:39)
Caused by: org.openqa.selenium.ElementNotInteractableException: element not interactable
  (Session info: chrome=94.0.4606.81)
Build info: version: '3.141.59', revision: 'e82be7d358', time: '2018-11-14T08:25:53'
System info: host: 'DESKTOP-B2QI6NS', ip: '172.30.2.167', os.name: 'Windows 10', os.arch: 'amd64', os.version: '10.0', java.version: '1.8.0_181'
Driver info: com.kms.katalon.selenium.driver.CChromeDriver
Capabilities {acceptInsecureCerts: true, browserName: chrome, browserVersion: 94.0.4606.81, chrome: {chromedriverVersion: 94.0.4606.61 (418b78f5838ed..., userDataDir: C:\Users\iahmed\AppData\Loc...}, goog:chromeOptions: {debuggerAddress: localhost:60631}, javascriptEnabled: true, networkConnectionEnabled: false, pageLoadStrategy: normal, platform: WINDOWS, platformName: WINDOWS, proxy: Proxy(), setWindowRect: true, strictFileInteractability: false, timeouts: {implicit: 0, pageLoad: 300000, script: 30000}, unhandledPromptBehavior: dismiss and notify, webauthn:extension:credBlob: true, webauthn:extension:largeBlob: true, webauthn:virtualAuthenticators: true}
Session ID: 9ff1a1ac463a0a57d52d893f4beb3c18
	at org.openqa.selenium.remote.http.W3CHttpResponseCodec.createException(W3CHttpResponseCodec.java:187)
	at org.openqa.selenium.remote.http.W3CHttpResponseCodec.decode(W3CHttpResponseCodec.java:122)
	at org.openqa.selenium.remote.http.W3CHttpResponseCodec.decode(W3CHttpResponseCodec.java:49)
	at org.openqa.selenium.remote.HttpCommandExecutor.execute(HttpCommandExecutor.java:158)
	at org.openqa.selenium.remote.service.DriverCommandExecutor.execute(DriverCommandExecutor.java:83)
	at org.openqa.selenium.remote.RemoteWebDriver.execute(RemoteWebDriver.java:552)
	at com.kms.katalon.selenium.driver.CChromeDriver.execute(CChromeDriver.java:19)
	at org.openqa.selenium.remote.RemoteWebElement.execute(RemoteWebElement.java:285)
	at org.openqa.selenium.remote.RemoteWebElement.clear(RemoteWebElement.java:124)
	at org.openqa.selenium.support.events.EventFiringWebDriver$EventFiringWebElement.lambda$new$0(EventFiringWebDriver.java:404)
	at com.sun.proxy.$Proxy11.clear(Unknown Source)
	at org.openqa.selenium.support.events.EventFiringWebDriver$EventFiringWebElement.clear(EventFiringWebDriver.java:436)
	at com.kms.katalon.core.webui.keyword.builtin.SetTextKeyword$_setText_closure1.doCall(SetTextKeyword.groovy:53)
	at com.kms.katalon.core.webui.keyword.builtin.SetTextKeyword$_setText_closure1.call(SetTextKeyword.groovy)
	at com.kms.katalon.core.webui.keyword.internal.WebUIKeywordMain.runKeyword(WebUIKeywordMain.groovy:20)
	at com.kms.katalon.core.webui.keyword.builtin.SetTextKeyword.setText(SetTextKeyword.groovy:66)
	at com.kms.katalon.core.webui.keyword.builtin.SetTextKeyword.execute(SetTextKeyword.groovy:37)
	at com.kms.katalon.core.keyword.internal.KeywordExecutor.executeKeywordForPlatform(KeywordExecutor.groovy:73)
	at com.kms.katalon.core.webui.keyword.WebUiBuiltInKeywords.setText(WebUiBuiltInKeywords.groovy:980)
	at com.kms.katalon.core.webui.keyword.WebUiBuiltInKeywords$setText$3.call(Unknown Source)
	at Script1634702981988.run(Script1634702981988.groovy:130)
	... 13 more
)
[[ATTACHMENT|E:\\Cloned-Project-Katalon\\VPS-Katalon\\Reports\\20211020_004649\\RAD_TestSuite\\RAD_UI_TestSuite\\20211020_004649\\1634705349187.png]]

2021-10-20 00:49:09 - [TEST_STEP][FAILED] - setText(findTestObject(orPath_TaxInfo + "/input_ReTypeFEIN"), "123456"): Unable to set text '123456' of object 'Object Repository/RAD_Pages/TaxInfo_Page/input_ReTypeFEIN' (Root cause: com.kms.katalon.core.exception.StepFailedException: Unable to set text '123456' of object 'Object Repository/RAD_Pages/TaxInfo_Page/input_ReTypeFEIN'
	at com.kms.katalon.core.webui.keyword.internal.WebUIKeywordMain.stepFailed(WebUIKeywordMain.groovy:64)
	at com.kms.katalon.core.webui.keyword.internal.WebUIKeywordMain.runKeyword(WebUIKeywordMain.groovy:26)
	at com.kms.katalon.core.webui.keyword.builtin.SetTextKeyword.setText(SetTextKeyword.groovy:66)
	at com.kms.katalon.core.webui.keyword.builtin.SetTextKeyword.execute(SetTextKeyword.groovy:37)
	at com.kms.katalon.core.keyword.internal.KeywordExecutor.executeKeywordForPlatform(KeywordExecutor.groovy:73)
	at com.kms.katalon.core.webui.keyword.WebUiBuiltInKeywords.setText(WebUiBuiltInKeywords.groovy:980)
	at com.kms.katalon.core.webui.keyword.WebUiBuiltInKeywords$setText$3.call(Unknown Source)
	at Payments_ExistingLiability_HC_TC.run(Payments_ExistingLiability_HC_TC:131)
	at com.kms.katalon.core.main.ScriptEngine.run(ScriptEngine.java:194)
	at com.kms.katalon.core.main.ScriptEngine.runScriptAsRawText(ScriptEngine.java:119)
	at com.kms.katalon.core.main.TestCaseExecutor.runScript(TestCaseExecutor.java:369)
	at com.kms.katalon.core.main.TestCaseExecutor.doExecute(TestCaseExecutor.java:360)
	at com.kms.katalon.core.main.TestCaseExecutor.processExecutionPhase(TestCaseExecutor.java:339)
	at com.kms.katalon.core.main.TestCaseExecutor.accessMainPhase(TestCaseExecutor.java:331)
	at com.kms.katalon.core.main.TestCaseExecutor.execute(TestCaseExecutor.java:248)
	at com.kms.katalon.core.main.TestSuiteExecutor.accessTestCaseMainPhase(TestSuiteExecutor.java:191)
	at com.kms.katalon.core.main.TestSuiteExecutor.accessTestSuiteMainPhase(TestSuiteExecutor.java:140)
	at com.kms.katalon.core.main.TestSuiteExecutor.execute(TestSuiteExecutor.java:89)
	at com.kms.katalon.core.main.TestCaseMain.startTestSuite(TestCaseMain.java:185)
	at com.kms.katalon.core.main.TestCaseMain$startTestSuite$0.call(Unknown Source)
	at TempTestSuite1634705209531.run(TempTestSuite1634705209531.groovy:39)
Caused by: org.openqa.selenium.ElementNotInteractableException: element not interactable
  (Session info: chrome=94.0.4606.81)
Build info: version: '3.141.59', revision: 'e82be7d358', time: '2018-11-14T08:25:53'
System info: host: 'DESKTOP-B2QI6NS', ip: '172.30.2.167', os.name: 'Windows 10', os.arch: 'amd64', os.version: '10.0', java.version: '1.8.0_181'
Driver info: com.kms.katalon.selenium.driver.CChromeDriver
Capabilities {acceptInsecureCerts: true, browserName: chrome, browserVersion: 94.0.4606.81, chrome: {chromedriverVersion: 94.0.4606.61 (418b78f5838ed..., userDataDir: C:\Users\iahmed\AppData\Loc...}, goog:chromeOptions: {debuggerAddress: localhost:60631}, javascriptEnabled: true, networkConnectionEnabled: false, pageLoadStrategy: normal, platform: WINDOWS, platformName: WINDOWS, proxy: Proxy(), setWindowRect: true, strictFileInteractability: false, timeouts: {implicit: 0, pageLoad: 300000, script: 30000}, unhandledPromptBehavior: dismiss and notify, webauthn:extension:credBlob: true, webauthn:extension:largeBlob: true, webauthn:virtualAuthenticators: true}
Session ID: 9ff1a1ac463a0a57d52d893f4beb3c18
	at org.openqa.selenium.remote.http.W3CHttpResponseCodec.createException(W3CHttpResponseCodec.java:187)
	at org.openqa.selenium.remote.http.W3CHttpResponseCodec.decode(W3CHttpResponseCodec.java:122)
	at org.openqa.selenium.remote.http.W3CHttpResponseCodec.decode(W3CHttpResponseCodec.java:49)
	at org.openqa.selenium.remote.HttpCommandExecutor.execute(HttpCommandExecutor.java:158)
	at org.openqa.selenium.remote.service.DriverCommandExecutor.execute(DriverCommandExecutor.java:83)
	at org.openqa.selenium.remote.RemoteWebDriver.execute(RemoteWebDriver.java:552)
	at com.kms.katalon.selenium.driver.CChromeDriver.execute(CChromeDriver.java:19)
	at org.openqa.selenium.remote.RemoteWebElement.execute(RemoteWebElement.java:285)
	at org.openqa.selenium.remote.RemoteWebElement.clear(RemoteWebElement.java:124)
	at org.openqa.selenium.support.events.EventFiringWebDriver$EventFiringWebElement.lambda$new$0(EventFiringWebDriver.java:404)
	at com.sun.proxy.$Proxy11.clear(Unknown Source)
	at org.openqa.selenium.support.events.EventFiringWebDriver$EventFiringWebElement.clear(EventFiringWebDriver.java:436)
	at com.kms.katalon.core.webui.keyword.builtin.SetTextKeyword$_setText_closure1.doCall(SetTextKeyword.groovy:53)
	at com.kms.katalon.core.webui.keyword.builtin.SetTextKeyword$_setText_closure1.call(SetTextKeyword.groovy)
	at com.kms.katalon.core.webui.keyword.internal.WebUIKeywordMain.runKeyword(WebUIKeywordMain.groovy:20)
	at com.kms.katalon.core.webui.keyword.builtin.SetTextKeyword.setText(SetTextKeyword.groovy:66)
	at com.kms.katalon.core.webui.keyword.builtin.SetTextKeyword.execute(SetTextKeyword.groovy:37)
	at com.kms.katalon.core.keyword.internal.KeywordExecutor.executeKeywordForPlatform(KeywordExecutor.groovy:73)
	at com.kms.katalon.core.webui.keyword.WebUiBuiltInKeywords.setText(WebUiBuiltInKeywords.groovy:980)
	at com.kms.katalon.core.webui.keyword.WebUiBuiltInKeywords$setText$3.call(Unknown Source)
	at Script1634702981988.run(Script1634702981988.groovy:131)
	... 13 more
)

2021-10-20 00:49:10 - [MESSAGE][FAILED] - Unable to set text '123456' of object 'Object Repository/RAD_Pages/TaxInfo_Page/input_ReTypeFEIN' (Root cause: com.kms.katalon.core.exception.StepFailedException: Unable to set text '123456' of object 'Object Repository/RAD_Pages/TaxInfo_Page/input_ReTypeFEIN'
	at com.kms.katalon.core.webui.keyword.internal.WebUIKeywordMain.stepFailed(WebUIKeywordMain.groovy:64)
	at com.kms.katalon.core.webui.keyword.internal.WebUIKeywordMain.runKeyword(WebUIKeywordMain.groovy:26)
	at com.kms.katalon.core.webui.keyword.builtin.SetTextKeyword.setText(SetTextKeyword.groovy:66)
	at com.kms.katalon.core.webui.keyword.builtin.SetTextKeyword.execute(SetTextKeyword.groovy:37)
	at com.kms.katalon.core.keyword.internal.KeywordExecutor.executeKeywordForPlatform(KeywordExecutor.groovy:73)
	at com.kms.katalon.core.webui.keyword.WebUiBuiltInKeywords.setText(WebUiBuiltInKeywords.groovy:980)
	at com.kms.katalon.core.webui.keyword.WebUiBuiltInKeywords$setText$3.call(Unknown Source)
	at Payments_ExistingLiability_HC_TC.run(Payments_ExistingLiability_HC_TC:131)
	at com.kms.katalon.core.main.ScriptEngine.run(ScriptEngine.java:194)
	at com.kms.katalon.core.main.ScriptEngine.runScriptAsRawText(ScriptEngine.java:119)
	at com.kms.katalon.core.main.TestCaseExecutor.runScript(TestCaseExecutor.java:369)
	at com.kms.katalon.core.main.TestCaseExecutor.doExecute(TestCaseExecutor.java:360)
	at com.kms.katalon.core.main.TestCaseExecutor.processExecutionPhase(TestCaseExecutor.java:339)
	at com.kms.katalon.core.main.TestCaseExecutor.accessMainPhase(TestCaseExecutor.java:331)
	at com.kms.katalon.core.main.TestCaseExecutor.execute(TestCaseExecutor.java:248)
	at com.kms.katalon.core.main.TestSuiteExecutor.accessTestCaseMainPhase(TestSuiteExecutor.java:191)
	at com.kms.katalon.core.main.TestSuiteExecutor.accessTestSuiteMainPhase(TestSuiteExecutor.java:140)
	at com.kms.katalon.core.main.TestSuiteExecutor.execute(TestSuiteExecutor.java:89)
	at com.kms.katalon.core.main.TestCaseMain.startTestSuite(TestCaseMain.java:185)
	at com.kms.katalon.core.main.TestCaseMain$startTestSuite$0.call(Unknown Source)
	at TempTestSuite1634705209531.run(TempTestSuite1634705209531.groovy:39)
Caused by: org.openqa.selenium.ElementNotInteractableException: element not interactable
  (Session info: chrome=94.0.4606.81)
Build info: version: '3.141.59', revision: 'e82be7d358', time: '2018-11-14T08:25:53'
System info: host: 'DESKTOP-B2QI6NS', ip: '172.30.2.167', os.name: 'Windows 10', os.arch: 'amd64', os.version: '10.0', java.version: '1.8.0_181'
Driver info: com.kms.katalon.selenium.driver.CChromeDriver
Capabilities {acceptInsecureCerts: true, browserName: chrome, browserVersion: 94.0.4606.81, chrome: {chromedriverVersion: 94.0.4606.61 (418b78f5838ed..., userDataDir: C:\Users\iahmed\AppData\Loc...}, goog:chromeOptions: {debuggerAddress: localhost:60631}, javascriptEnabled: true, networkConnectionEnabled: false, pageLoadStrategy: normal, platform: WINDOWS, platformName: WINDOWS, proxy: Proxy(), setWindowRect: true, strictFileInteractability: false, timeouts: {implicit: 0, pageLoad: 300000, script: 30000}, unhandledPromptBehavior: dismiss and notify, webauthn:extension:credBlob: true, webauthn:extension:largeBlob: true, webauthn:virtualAuthenticators: true}
Session ID: 9ff1a1ac463a0a57d52d893f4beb3c18
	at org.openqa.selenium.remote.http.W3CHttpResponseCodec.createException(W3CHttpResponseCodec.java:187)
	at org.openqa.selenium.remote.http.W3CHttpResponseCodec.decode(W3CHttpResponseCodec.java:122)
	at org.openqa.selenium.remote.http.W3CHttpResponseCodec.decode(W3CHttpResponseCodec.java:49)
	at org.openqa.selenium.remote.HttpCommandExecutor.execute(HttpCommandExecutor.java:158)
	at org.openqa.selenium.remote.service.DriverCommandExecutor.execute(DriverCommandExecutor.java:83)
	at org.openqa.selenium.remote.RemoteWebDriver.execute(RemoteWebDriver.java:552)
	at com.kms.katalon.selenium.driver.CChromeDriver.execute(CChromeDriver.java:19)
	at org.openqa.selenium.remote.RemoteWebElement.execute(RemoteWebElement.java:285)
	at org.openqa.selenium.remote.RemoteWebElement.clear(RemoteWebElement.java:124)
	at org.openqa.selenium.support.events.EventFiringWebDriver$EventFiringWebElement.lambda$new$0(EventFiringWebDriver.java:404)
	at com.sun.proxy.$Proxy11.clear(Unknown Source)
	at org.openqa.selenium.support.events.EventFiringWebDriver$EventFiringWebElement.clear(EventFiringWebDriver.java:436)
	at com.kms.katalon.core.webui.keyword.builtin.SetTextKeyword$_setText_closure1.doCall(SetTextKeyword.groovy:53)
	at com.kms.katalon.core.webui.keyword.builtin.SetTextKeyword$_setText_closure1.call(SetTextKeyword.groovy)
	at com.kms.katalon.core.webui.keyword.internal.WebUIKeywordMain.runKeyword(WebUIKeywordMain.groovy:20)
	at com.kms.katalon.core.webui.keyword.builtin.SetTextKeyword.setText(SetTextKeyword.groovy:66)
	at com.kms.katalon.core.webui.keyword.builtin.SetTextKeyword.execute(SetTextKeyword.groovy:37)
	at com.kms.katalon.core.keyword.internal.KeywordExecutor.executeKeywordForPlatform(KeywordExecutor.groovy:73)
	at com.kms.katalon.core.webui.keyword.WebUiBuiltInKeywords.setText(WebUiBuiltInKeywords.groovy:980)
	at com.kms.katalon.core.webui.keyword.WebUiBuiltInKeywords$setText$3.call(Unknown Source)
	at Script1634702981988.run(Script1634702981988.groovy:131)
	... 13 more
)
[[ATTACHMENT|E:\\Cloned-Project-Katalon\\VPS-Katalon\\Reports\\20211020_004649\\RAD_TestSuite\\RAD_UI_TestSuite\\20211020_004649\\1634705349818.png]]

2021-10-20 00:49:10 - [TEST_STEP][PASSED] - setText(findTestObject(orPath_TaxInfo + "/input_NoticeInvoiceNumber"), "965896"): Text '965896' is set on object 'Object Repository/RAD_Pages/TaxInfo_Page/input_NoticeInvoiceNumber'

2021-10-20 00:49:10 - [MESSAGE][PASSED] - Text '965896' is set on object 'Object Repository/RAD_Pages/TaxInfo_Page/input_NoticeInvoiceNumber'

2021-10-20 00:49:10 - [TEST_STEP][PASSED] - setText(findTestObject(orPath_TaxInfo + "/input_reTypeNoticeInvoiceNumber"), "965896"): Text '965896' is set on object 'Object Repository/RAD_Pages/TaxInfo_Page/input_reTypeNoticeInvoiceNumber'

2021-10-20 00:49:11 - [MESSAGE][PASSED] - Text '965896' is set on object 'Object Repository/RAD_Pages/TaxInfo_Page/input_reTypeNoticeInvoiceNumber'

2021-10-20 00:49:11 - [TEST_STEP][PASSED] - setText(findTestObject(orPath_Amount + "/input__paymentAmount"), Amount): Text '50.50' is set on object 'Object Repository/RAD_Pages/PaymentAmount_Page/input__paymentAmount'

2021-10-20 00:49:12 - [MESSAGE][PASSED] - Text '50.50' is set on object 'Object Repository/RAD_Pages/PaymentAmount_Page/input__paymentAmount'

2021-10-20 00:49:12 - [TEST_STEP][PASSED] - scrollToElement(findTestObject(orPath_Landing + "/button_Continue"), 3): Scroll to object 'Object Repository/RAD_Pages/Landing_Page/button_Continue' successfully

2021-10-20 00:49:12 - [MESSAGE][PASSED] - Scroll to object 'Object Repository/RAD_Pages/Landing_Page/button_Continue' successfully

2021-10-20 00:49:12 - [TEST_STEP][PASSED] - waitForElementClickable(findTestObject(orPath_Landing + "/button_Continue"), 5): Object 'Object Repository/RAD_Pages/Landing_Page/button_Continue' is clickable

2021-10-20 00:49:12 - [MESSAGE][PASSED] - Object 'Object Repository/RAD_Pages/Landing_Page/button_Continue' is clickable

2021-10-20 00:49:12 - [TEST_STEP][PASSED] - click(findTestObject(orPath_Landing + "/button_Continue")): Object: 'Object Repository/RAD_Pages/Landing_Page/button_Continue' is clicked on

2021-10-20 00:49:13 - [MESSAGE][PASSED] - Object: 'Object Repository/RAD_Pages/Landing_Page/button_Continue' is clicked on

2021-10-20 00:49:13 - [TEST_STEP][PASSED] - verifyTextPresent("Review the information below and make any necessary corrections by clicking the", true): Text 'Review the information below and make any necessary corrections by clicking the' is present on page  using regular expression

2021-10-20 00:49:13 - [MESSAGE][PASSED] - Text 'Review the information below and make any necessary corrections by clicking the' is present on page  using regular expression

2021-10-20 00:49:13 - [TEST_STEP][PASSED] - verifyTextPresent("When you are confident that all the information is correct", true): Text 'When you are confident that all the information is correct' is present on page  using regular expression

2021-10-20 00:49:14 - [MESSAGE][PASSED] - Text 'When you are confident that all the information is correct' is present on page  using regular expression

2021-10-20 00:49:14 - [TEST_STEP][PASSED] - scrollToElement(findTestObject(orPath_Summary + "/button_Continue_Summary"), 3): Scroll to object 'Object Repository/RAD_Pages/Summary_Page/button_Continue_Summary' successfully

2021-10-20 00:49:14 - [MESSAGE][PASSED] - Scroll to object 'Object Repository/RAD_Pages/Summary_Page/button_Continue_Summary' successfully

2021-10-20 00:49:14 - [TEST_STEP][PASSED] - waitForElementClickable(findTestObject(orPath_Summary + "/button_Continue_Summary"), 5): Object 'Object Repository/RAD_Pages/Summary_Page/button_Continue_Summary' is clickable

2021-10-20 00:49:15 - [MESSAGE][PASSED] - Object 'Object Repository/RAD_Pages/Summary_Page/button_Continue_Summary' is clickable

2021-10-20 00:49:15 - [TEST_STEP][PASSED] - delay(3): Delayed 3 second(s)

2021-10-20 00:49:18 - [MESSAGE][PASSED] - Delayed 3 second(s)

2021-10-20 00:49:18 - [TEST_STEP][PASSED] - click(findTestObject(orPath_Summary + "/button_Continue_Summary")): Object: 'Object Repository/RAD_Pages/Summary_Page/button_Continue_Summary' is clicked on

2021-10-20 00:49:18 - [MESSAGE][PASSED] - Object: 'Object Repository/RAD_Pages/Summary_Page/button_Continue_Summary' is clicked on

2021-10-20 00:49:18 - [TEST_STEP][PASSED] - delay(3): Delayed 3 second(s)

2021-10-20 00:49:21 - [MESSAGE][PASSED] - Delayed 3 second(s)

2021-10-20 00:49:21 - [TEST_STEP][PASSED] - click(findTestObject(orPath_PaymentReady + "/button_ProceedtoPayment")): Object: 'Object Repository/RAD_Pages/PaymentReady_Page/button_ProceedtoPayment' is clicked on

2021-10-20 00:49:23 - [MESSAGE][PASSED] - Object: 'Object Repository/RAD_Pages/PaymentReady_Page/button_ProceedtoPayment' is clicked on

2021-10-20 00:49:23 - [TEST_STEP][PASSED] - setText(findTestObject(orPath_PaymentEntry + "/input__cardNumber"), CCNumber): Text '4012000098765439' is set on object 'Object Repository/RAD_Pages/PaymentEntry_Page/input__cardNumber'

2021-10-20 00:49:23 - [MESSAGE][PASSED] - Text '4012000098765439' is set on object 'Object Repository/RAD_Pages/PaymentEntry_Page/input__cardNumber'

2021-10-20 00:49:23 - [TEST_STEP][PASSED] - setText(findTestObject(orPath_PaymentEntry + "/input__spc"), CVV): Text '123' is set on object 'Object Repository/RAD_Pages/PaymentEntry_Page/input__spc'

2021-10-20 00:49:24 - [MESSAGE][PASSED] - Text '123' is set on object 'Object Repository/RAD_Pages/PaymentEntry_Page/input__spc'

2021-10-20 00:49:24 - [TEST_STEP][PASSED] - selectOptionByLabel(findTestObject(orPath_PaymentEntry + "/select_MM"), "12", false): All options with label '12' are selected in object 'Object Repository/RAD_Pages/PaymentEntry_Page/select_MM' 

2021-10-20 00:49:25 - [MESSAGE][PASSED] - All options with label '12' are selected in object 'Object Repository/RAD_Pages/PaymentEntry_Page/select_MM' 

2021-10-20 00:49:25 - [TEST_STEP][PASSED] - selectOptionByLabel(findTestObject(orPath_PaymentEntry + "/select_YYYY"), "2023", false): All options with label '2023' are selected in object 'Object Repository/RAD_Pages/PaymentEntry_Page/select_YYYY' 

2021-10-20 00:49:26 - [MESSAGE][PASSED] - All options with label '2023' are selected in object 'Object Repository/RAD_Pages/PaymentEntry_Page/select_YYYY' 

2021-10-20 00:49:26 - [TEST_STEP][PASSED] - click(findTestObject(orPath_PaymentEntry + "/input_Field_ccSubmit")): Object: 'Object Repository/RAD_Pages/PaymentEntry_Page/input_Field_ccSubmit' is clicked on

2021-10-20 00:49:27 - [MESSAGE][PASSED] - Object: 'Object Repository/RAD_Pages/PaymentEntry_Page/input_Field_ccSubmit' is clicked on

2021-10-20 00:49:27 - [TEST_STEP][PASSED] - click(findTestObject(orPath_PaymentConfirmation + "/input_N_confirmNotifyAction")): Object: 'Object Repository/RAD_Pages/PaymentConfirmation_Page/input_N_confirmNotifyAction' is clicked on

2021-10-20 00:49:28 - [MESSAGE][PASSED] - Object: 'Object Repository/RAD_Pages/PaymentConfirmation_Page/input_N_confirmNotifyAction' is clicked on

2021-10-20 00:49:28 - [TEST_STEP][FAILED] - click(findTestObject(orPath_ServiceFeesAccept + "/input_convFeeNotifyAction")): Unable to click on object 'Object Repository/RAD_Pages/ServiceFeeAccept_Page/input_convFeeNotifyAction' (Root cause: com.kms.katalon.core.exception.StepFailedException: Unable to click on object 'Object Repository/RAD_Pages/ServiceFeeAccept_Page/input_convFeeNotifyAction'
	at com.kms.katalon.core.webui.keyword.internal.WebUIKeywordMain.stepFailed(WebUIKeywordMain.groovy:64)
	at com.kms.katalon.core.webui.keyword.internal.WebUIKeywordMain.runKeyword(WebUIKeywordMain.groovy:26)
	at com.kms.katalon.core.webui.keyword.builtin.ClickKeyword.click(ClickKeyword.groovy:75)
	at com.kms.katalon.core.webui.keyword.builtin.ClickKeyword.execute(ClickKeyword.groovy:42)
	at com.kms.katalon.core.keyword.internal.KeywordExecutor.executeKeywordForPlatform(KeywordExecutor.groovy:73)
	at com.kms.katalon.core.webui.keyword.WebUiBuiltInKeywords.click(WebUiBuiltInKeywords.groovy:620)
	at com.kms.katalon.core.webui.keyword.WebUiBuiltInKeywords$click$6.call(Unknown Source)
	at Payments_ExistingLiability_HC_TC.run(Payments_ExistingLiability_HC_TC:178)
	at com.kms.katalon.core.main.ScriptEngine.run(ScriptEngine.java:194)
	at com.kms.katalon.core.main.ScriptEngine.runScriptAsRawText(ScriptEngine.java:119)
	at com.kms.katalon.core.main.TestCaseExecutor.runScript(TestCaseExecutor.java:369)
	at com.kms.katalon.core.main.TestCaseExecutor.doExecute(TestCaseExecutor.java:360)
	at com.kms.katalon.core.main.TestCaseExecutor.processExecutionPhase(TestCaseExecutor.java:339)
	at com.kms.katalon.core.main.TestCaseExecutor.accessMainPhase(TestCaseExecutor.java:331)
	at com.kms.katalon.core.main.TestCaseExecutor.execute(TestCaseExecutor.java:248)
	at com.kms.katalon.core.main.TestSuiteExecutor.accessTestCaseMainPhase(TestSuiteExecutor.java:191)
	at com.kms.katalon.core.main.TestSuiteExecutor.accessTestSuiteMainPhase(TestSuiteExecutor.java:140)
	at com.kms.katalon.core.main.TestSuiteExecutor.execute(TestSuiteExecutor.java:89)
	at com.kms.katalon.core.main.TestCaseMain.startTestSuite(TestCaseMain.java:185)
	at com.kms.katalon.core.main.TestCaseMain$startTestSuite$0.call(Unknown Source)
	at TempTestSuite1634705209531.run(TempTestSuite1634705209531.groovy:39)
Caused by: com.kms.katalon.core.webui.exception.WebElementNotFoundException: Web element with id: 'Object Repository/RAD_Pages/ServiceFeeAccept_Page/input_convFeeNotifyAction' located by '//*[@type = 'submit' and @name = 'convFeeNotifyAction']' not found
	at com.kms.katalon.core.webui.common.WebUiCommonHelper.findWebElement(WebUiCommonHelper.java:1368)
	at com.kms.katalon.core.webui.keyword.internal.WebUIAbstractKeyword.findWebElement(WebUIAbstractKeyword.groovy:27)
	at com.kms.katalon.core.webui.keyword.internal.WebUIAbstractKeyword.findWebElement(WebUIAbstractKeyword.groovy:26)
	at com.kms.katalon.core.webui.keyword.builtin.ClickKeyword$_click_closure1.doCall(ClickKeyword.groovy:66)
	at com.kms.katalon.core.webui.keyword.builtin.ClickKeyword$_click_closure1.call(ClickKeyword.groovy)
	at com.kms.katalon.core.webui.keyword.internal.WebUIKeywordMain.runKeyword(WebUIKeywordMain.groovy:20)
	at com.kms.katalon.core.webui.keyword.builtin.ClickKeyword.click(ClickKeyword.groovy:75)
	at com.kms.katalon.core.webui.keyword.builtin.ClickKeyword.execute(ClickKeyword.groovy:42)
	at com.kms.katalon.core.keyword.internal.KeywordExecutor.executeKeywordForPlatform(KeywordExecutor.groovy:73)
	at com.kms.katalon.core.webui.keyword.WebUiBuiltInKeywords.click(WebUiBuiltInKeywords.groovy:620)
	at com.kms.katalon.core.webui.keyword.WebUiBuiltInKeywords$click$6.call(Unknown Source)
	at Script1634702981988.run(Script1634702981988.groovy:178)
	... 13 more
)

2021-10-20 00:49:59 - [MESSAGE][INFO] - Unable to find the element located by 'By.xpath: //*[@type = 'submit' and @name = 'convFeeNotifyAction']'. Please recheck the objects properties to make sure the desired element is located. 

2021-10-20 00:49:59 - [MESSAGE][FAILED] - Unable to click on object 'Object Repository/RAD_Pages/ServiceFeeAccept_Page/input_convFeeNotifyAction' (Root cause: com.kms.katalon.core.exception.StepFailedException: Unable to click on object 'Object Repository/RAD_Pages/ServiceFeeAccept_Page/input_convFeeNotifyAction'
	at com.kms.katalon.core.webui.keyword.internal.WebUIKeywordMain.stepFailed(WebUIKeywordMain.groovy:64)
	at com.kms.katalon.core.webui.keyword.internal.WebUIKeywordMain.runKeyword(WebUIKeywordMain.groovy:26)
	at com.kms.katalon.core.webui.keyword.builtin.ClickKeyword.click(ClickKeyword.groovy:75)
	at com.kms.katalon.core.webui.keyword.builtin.ClickKeyword.execute(ClickKeyword.groovy:42)
	at com.kms.katalon.core.keyword.internal.KeywordExecutor.executeKeywordForPlatform(KeywordExecutor.groovy:73)
	at com.kms.katalon.core.webui.keyword.WebUiBuiltInKeywords.click(WebUiBuiltInKeywords.groovy:620)
	at com.kms.katalon.core.webui.keyword.WebUiBuiltInKeywords$click$6.call(Unknown Source)
	at Payments_ExistingLiability_HC_TC.run(Payments_ExistingLiability_HC_TC:178)
	at com.kms.katalon.core.main.ScriptEngine.run(ScriptEngine.java:194)
	at com.kms.katalon.core.main.ScriptEngine.runScriptAsRawText(ScriptEngine.java:119)
	at com.kms.katalon.core.main.TestCaseExecutor.runScript(TestCaseExecutor.java:369)
	at com.kms.katalon.core.main.TestCaseExecutor.doExecute(TestCaseExecutor.java:360)
	at com.kms.katalon.core.main.TestCaseExecutor.processExecutionPhase(TestCaseExecutor.java:339)
	at com.kms.katalon.core.main.TestCaseExecutor.accessMainPhase(TestCaseExecutor.java:331)
	at com.kms.katalon.core.main.TestCaseExecutor.execute(TestCaseExecutor.java:248)
	at com.kms.katalon.core.main.TestSuiteExecutor.accessTestCaseMainPhase(TestSuiteExecutor.java:191)
	at com.kms.katalon.core.main.TestSuiteExecutor.accessTestSuiteMainPhase(TestSuiteExecutor.java:140)
	at com.kms.katalon.core.main.TestSuiteExecutor.execute(TestSuiteExecutor.java:89)
	at com.kms.katalon.core.main.TestCaseMain.startTestSuite(TestCaseMain.java:185)
	at com.kms.katalon.core.main.TestCaseMain$startTestSuite$0.call(Unknown Source)
	at TempTestSuite1634705209531.run(TempTestSuite1634705209531.groovy:39)
Caused by: com.kms.katalon.core.webui.exception.WebElementNotFoundException: Web element with id: 'Object Repository/RAD_Pages/ServiceFeeAccept_Page/input_convFeeNotifyAction' located by '//*[@type = 'submit' and @name = 'convFeeNotifyAction']' not found
	at com.kms.katalon.core.webui.common.WebUiCommonHelper.findWebElement(WebUiCommonHelper.java:1368)
	at com.kms.katalon.core.webui.keyword.internal.WebUIAbstractKeyword.findWebElement(WebUIAbstractKeyword.groovy:27)
	at com.kms.katalon.core.webui.keyword.internal.WebUIAbstractKeyword.findWebElement(WebUIAbstractKeyword.groovy:26)
	at com.kms.katalon.core.webui.keyword.builtin.ClickKeyword$_click_closure1.doCall(ClickKeyword.groovy:66)
	at com.kms.katalon.core.webui.keyword.builtin.ClickKeyword$_click_closure1.call(ClickKeyword.groovy)
	at com.kms.katalon.core.webui.keyword.internal.WebUIKeywordMain.runKeyword(WebUIKeywordMain.groovy:20)
	at com.kms.katalon.core.webui.keyword.builtin.ClickKeyword.click(ClickKeyword.groovy:75)
	at com.kms.katalon.core.webui.keyword.builtin.ClickKeyword.execute(ClickKeyword.groovy:42)
	at com.kms.katalon.core.keyword.internal.KeywordExecutor.executeKeywordForPlatform(KeywordExecutor.groovy:73)
	at com.kms.katalon.core.webui.keyword.WebUiBuiltInKeywords.click(WebUiBuiltInKeywords.groovy:620)
	at com.kms.katalon.core.webui.keyword.WebUiBuiltInKeywords$click$6.call(Unknown Source)
	at Script1634702981988.run(Script1634702981988.groovy:178)
	... 13 more
)
[[ATTACHMENT|E:\\Cloned-Project-Katalon\\VPS-Katalon\\Reports\\20211020_004649\\RAD_TestSuite\\RAD_UI_TestSuite\\20211020_004649\\1634705399756.png]]

2021-10-20 00:49:59 - [TEST_STEP][PASSED] - delay(10): Delayed 10 second(s)

2021-10-20 00:50:09 - [MESSAGE][PASSED] - Delayed 10 second(s)

2021-10-20 00:50:09 - [TEST_STEP][PASSED] - verifyTextPresent("Successful Payment Receipt", true): Text 'Successful Payment Receipt' is present on page  using regular expression

2021-10-20 00:50:10 - [MESSAGE][PASSED] - Text 'Successful Payment Receipt' is present on page  using regular expression

2021-10-20 00:50:10 - [TEST_STEP][PASSED] - if (verifyTextPresent("Successful Payment Receipt", true)): null

2021-10-20 00:50:10 - [MESSAGE][PASSED] - Text 'Successful Payment Receipt' is present on page  using regular expression

2021-10-20 00:50:10 - [TEST_STEP][PASSED] - println("Transaction was Successful"): null

2021-10-20 00:50:10 - [TEST_STEP][PASSED] - out.println("Pass Record Number: " + row): null

2021-10-20 00:50:10 - [TEST_STEP][PASSED] - resText = "Pass": null

2021-10-20 00:50:10 - [TEST_STEP][PASSED] - pages.WriteExcel.demoKey(resText, datText, resColumn, datCloumn, fileLoc, nameSheet, row): pages.WriteExcel.demoKey is PASSED

2021-10-20 00:50:10 - [MESSAGE][PASSED] - pages.WriteExcel.demoKey is PASSED

2021-10-20 00:50:10 - [TEST_STEP][PASSED] - ExecuteTC = findTestData(dataFile).getValue("Execute", row): null

2021-10-20 00:50:10 - [TEST_STEP][PASSED] - Taxtype = findTestData(dataFile).getValue("TaxType", row): null

2021-10-20 00:50:10 - [TEST_STEP][PASSED] - TaxTypeEL = findTestData(dataFile).getValue("TaxTypeEL", row): null

2021-10-20 00:50:10 - [TEST_STEP][PASSED] - FName = findTestData(dataFile).getValue("Fname", row): null

2021-10-20 00:50:11 - [TEST_STEP][PASSED] - LName = findTestData(dataFile).getValue("Lname", row): null

2021-10-20 00:50:11 - [TEST_STEP][PASSED] - AL1 = findTestData(dataFile).getValue("AL1", row): null

2021-10-20 00:50:11 - [TEST_STEP][PASSED] - City = findTestData(dataFile).getValue("City", row): null

2021-10-20 00:50:11 - [TEST_STEP][PASSED] - ZIP = findTestData(dataFile).getValue("ZIP", row): null

2021-10-20 00:50:11 - [TEST_STEP][PASSED] - Amount = findTestData(dataFile).getValue("Amount", row): null

2021-10-20 00:50:11 - [TEST_STEP][PASSED] - CCNumber = findTestData(dataFile).getValue("CCNumber", row): null

2021-10-20 00:50:11 - [TEST_STEP][PASSED] - CVV = findTestData(dataFile).getValue("CVV", row): null

2021-10-20 00:50:11 - [TEST_STEP][PASSED] - out.println("Value of Execute is : " + ExecuteTC): null

2021-10-20 00:50:11 - [TEST_STEP][FAILED] - if (ExecuteTC.equalsIgnoreCase("Y")): null

2021-10-20 00:50:11 - [TEST_STEP][PASSED] - out.println("Begin Record Number: " + row): null

2021-10-20 00:50:11 - [TEST_STEP][PASSED] - today = new java.util.Date(): null

2021-10-20 00:50:11 - [TEST_STEP][PASSED] - println(today): null

2021-10-20 00:50:11 - [TEST_STEP][PASSED] - datText = today: null

2021-10-20 00:50:11 - [TEST_STEP][PASSED] - Taxtype = findTestData(dataFile).getValue("TaxType", row): null

2021-10-20 00:50:11 - [TEST_STEP][PASSED] - out.println("Taxtype value is : " + Taxtype): null

2021-10-20 00:50:11 - [TEST_STEP][PASSED] - openBrowser(""): Browser is opened with url: ''

2021-10-20 00:50:11 - [MESSAGE][WARNING] - A browser is already opened. Closing browser and opening a new one

2021-10-20 00:50:12 - [MESSAGE][INFO] - Starting 'Chrome' driver

2021-10-20 00:50:12 - [MESSAGE][INFO] - User set preference: ['acceptInsecureCerts', 'true']

2021-10-20 00:50:12 - [MESSAGE][INFO] - Action delay is set to 0 milliseconds

2021-10-20 00:50:13 - [MESSAGE][PASSED] - Browser is opened with url: ''

2021-10-20 00:50:13 - [TEST_STEP][PASSED] - maximizeWindow(): Current window maximized

2021-10-20 00:50:13 - [MESSAGE][PASSED] - Current window maximized

2021-10-20 00:50:13 - [TEST_STEP][PASSED] - navigateToUrl(RADurl): Navigate to 'https://qa.velocitypayment.com/client/rad/index.html' successfully

2021-10-20 00:50:15 - [MESSAGE][PASSED] - Navigate to 'https://qa.velocitypayment.com/client/rad/index.html' successfully

2021-10-20 00:50:15 - [TEST_STEP][PASSED] - orPath_Landing = "Object Repository/RAD_Pages/Landing_Page": null

2021-10-20 00:50:15 - [TEST_STEP][PASSED] - orPath_TaxTypeFilingYear = "Object Repository/RAD_Pages/TaxTypeFilingYear_Page": null

2021-10-20 00:50:15 - [TEST_STEP][PASSED] - orPath_TaxPayer = "Object Repository/RAD_Pages/Taxpayer_Page": null

2021-10-20 00:50:15 - [TEST_STEP][PASSED] - orPath_AddressContact = "Object Repository/RAD_Pages/AddressAndContactInfo_Page": null

2021-10-20 00:50:15 - [TEST_STEP][PASSED] - orPath_FilingStatus = "Object Repository/RAD_Pages/FilingStatus_Page": null

2021-10-20 00:50:15 - [TEST_STEP][PASSED] - orPath_Amount = "Object Repository/RAD_Pages/PaymentAmount_Page": null

2021-10-20 00:50:15 - [TEST_STEP][PASSED] - orPath_TaxInfo = "Object Repository/RAD_Pages/TaxInfo_Page": null

2021-10-20 00:50:15 - [TEST_STEP][PASSED] - orPath_Withholding = "Object Repository/RAD_Pages/Withholding_Page": null

2021-10-20 00:50:15 - [TEST_STEP][PASSED] - orPath_Summary = "Object Repository/RAD_Pages/Summary_Page": null

2021-10-20 00:50:15 - [TEST_STEP][PASSED] - orPath_PaymentReady = "Object Repository/RAD_Pages/PaymentReady_Page": null

2021-10-20 00:50:15 - [TEST_STEP][PASSED] - orPath_PaymentEntry = "Object Repository/RAD_Pages/PaymentEntry_Page": null

2021-10-20 00:50:15 - [TEST_STEP][PASSED] - orPath_PaymentConfirmation = "Object Repository/RAD_Pages/PaymentConfirmation_Page": null

2021-10-20 00:50:15 - [TEST_STEP][PASSED] - orPath_ServiceFeesAccept = "Object Repository/RAD_Pages/ServiceFeeAccept_Page": null

2021-10-20 00:50:15 - [TEST_STEP][PASSED] - selectOptionByLabel(findTestObject(orPath_Landing + "/dd_TaxType"), Taxtype, false): All options with label 'Existing Liability' are selected in object 'Object Repository/RAD_Pages/Landing_Page/dd_TaxType' 

2021-10-20 00:50:16 - [MESSAGE][PASSED] - All options with label 'Existing Liability' are selected in object 'Object Repository/RAD_Pages/Landing_Page/dd_TaxType' 

2021-10-20 00:50:16 - [TEST_STEP][PASSED] - delay(3): Delayed 3 second(s)

2021-10-20 00:50:19 - [MESSAGE][PASSED] - Delayed 3 second(s)

2021-10-20 00:50:19 - [TEST_STEP][PASSED] - selectOptionByLabel(findTestObject(orPath_TaxTypeFilingYear + "/select_TaxType_ExistingLiability"), TaxTypeEL, false): All options with label 'Personal Tax' are selected in object 'Object Repository/RAD_Pages/TaxTypeFilingYear_Page/select_TaxType_ExistingLiability' 

2021-10-20 00:50:20 - [MESSAGE][PASSED] - All options with label 'Personal Tax' are selected in object 'Object Repository/RAD_Pages/TaxTypeFilingYear_Page/select_TaxType_ExistingLiability' 

2021-10-20 00:50:20 - [TEST_STEP][PASSED] - setText(findTestObject(orPath_TaxPayer + "/input_firstName"), FName): Text 'Alec' is set on object 'Object Repository/RAD_Pages/Taxpayer_Page/input_firstName'

2021-10-20 00:50:20 - [MESSAGE][PASSED] - Text 'Alec' is set on object 'Object Repository/RAD_Pages/Taxpayer_Page/input_firstName'

2021-10-20 00:50:20 - [TEST_STEP][PASSED] - setText(findTestObject(orPath_TaxPayer + "/input_lastName"), LName): Text 'Stewart' is set on object 'Object Repository/RAD_Pages/Taxpayer_Page/input_lastName'

2021-10-20 00:50:21 - [MESSAGE][PASSED] - Text 'Stewart' is set on object 'Object Repository/RAD_Pages/Taxpayer_Page/input_lastName'

2021-10-20 00:50:21 - [TEST_STEP][PASSED] - setText(findTestObject(orPath_TaxPayer + "/input_middleName"), "Johns"): Text 'Johns' is set on object 'Object Repository/RAD_Pages/Taxpayer_Page/input_middleName'

2021-10-20 00:50:22 - [MESSAGE][PASSED] - Text 'Johns' is set on object 'Object Repository/RAD_Pages/Taxpayer_Page/input_middleName'

2021-10-20 00:50:22 - [TEST_STEP][PASSED] - setText(findTestObject(orPath_TaxPayer + "/input_suffix"), "Sr"): Text 'Sr' is set on object 'Object Repository/RAD_Pages/Taxpayer_Page/input_suffix'

2021-10-20 00:50:22 - [MESSAGE][PASSED] - Text 'Sr' is set on object 'Object Repository/RAD_Pages/Taxpayer_Page/input_suffix'

2021-10-20 00:50:22 - [TEST_STEP][PASSED] - selectOptionByLabel(findTestObject(orPath_AddressContact + "/select_Country"), "United States", false): All options with label 'United States' are selected in object 'Object Repository/RAD_Pages/AddressAndContactInfo_Page/select_Country' 

2021-10-20 00:50:23 - [MESSAGE][PASSED] - All options with label 'United States' are selected in object 'Object Repository/RAD_Pages/AddressAndContactInfo_Page/select_Country' 

2021-10-20 00:50:23 - [TEST_STEP][PASSED] - setText(findTestObject(orPath_AddressContact + "/input_streetAddress1"), AL1): Text '2336 Turn ct' is set on object 'Object Repository/RAD_Pages/AddressAndContactInfo_Page/input_streetAddress1'

2021-10-20 00:50:24 - [MESSAGE][PASSED] - Text '2336 Turn ct' is set on object 'Object Repository/RAD_Pages/AddressAndContactInfo_Page/input_streetAddress1'

2021-10-20 00:50:24 - [TEST_STEP][PASSED] - setText(findTestObject(orPath_AddressContact + "/input_streetAddress2"), ""): Text '' is set on object 'Object Repository/RAD_Pages/AddressAndContactInfo_Page/input_streetAddress2'

2021-10-20 00:50:24 - [MESSAGE][PASSED] - Text '' is set on object 'Object Repository/RAD_Pages/AddressAndContactInfo_Page/input_streetAddress2'

2021-10-20 00:50:24 - [TEST_STEP][PASSED] - setText(findTestObject(orPath_AddressContact + "/input_city"), City): Text 'Crofton' is set on object 'Object Repository/RAD_Pages/AddressAndContactInfo_Page/input_city'

2021-10-20 00:50:25 - [MESSAGE][PASSED] - Text 'Crofton' is set on object 'Object Repository/RAD_Pages/AddressAndContactInfo_Page/input_city'

2021-10-20 00:50:25 - [TEST_STEP][PASSED] - selectOptionByLabel(findTestObject(orPath_AddressContact + "/select_State"), "Maryland", false): All options with label 'Maryland' are selected in object 'Object Repository/RAD_Pages/AddressAndContactInfo_Page/select_State' 

2021-10-20 00:50:26 - [MESSAGE][PASSED] - All options with label 'Maryland' are selected in object 'Object Repository/RAD_Pages/AddressAndContactInfo_Page/select_State' 

2021-10-20 00:50:26 - [TEST_STEP][PASSED] - setText(findTestObject(orPath_AddressContact + "/input_zipCode"), ZIP): Text '21144' is set on object 'Object Repository/RAD_Pages/AddressAndContactInfo_Page/input_zipCode'

2021-10-20 00:50:26 - [MESSAGE][PASSED] - Text '21144' is set on object 'Object Repository/RAD_Pages/AddressAndContactInfo_Page/input_zipCode'

2021-10-20 00:50:26 - [TEST_STEP][PASSED] - setText(findTestObject(orPath_AddressContact + "/input_phoneNumber"), "77038945000"): Text '77038945000' is set on object 'Object Repository/RAD_Pages/AddressAndContactInfo_Page/input_phoneNumber'

2021-10-20 00:50:27 - [MESSAGE][PASSED] - Text '77038945000' is set on object 'Object Repository/RAD_Pages/AddressAndContactInfo_Page/input_phoneNumber'

2021-10-20 00:50:27 - [TEST_STEP][PASSED] - setText(findTestObject(orPath_AddressContact + "/input_eMailAddress"), "iahmed@govolution.com"): Text 'iahmed@govolution.com' is set on object 'Object Repository/RAD_Pages/AddressAndContactInfo_Page/input_eMailAddress'

2021-10-20 00:50:28 - [MESSAGE][PASSED] - Text 'iahmed@govolution.com' is set on object 'Object Repository/RAD_Pages/AddressAndContactInfo_Page/input_eMailAddress'

2021-10-20 00:50:28 - [TEST_STEP][PASSED] - setText(findTestObject(orPath_AddressContact + "/input_reEnterEMailAddress"), "iahmed@govolution.com"): Text 'iahmed@govolution.com' is set on object 'Object Repository/RAD_Pages/AddressAndContactInfo_Page/input_reEnterEMailAddress'

2021-10-20 00:50:29 - [MESSAGE][PASSED] - Text 'iahmed@govolution.com' is set on object 'Object Repository/RAD_Pages/AddressAndContactInfo_Page/input_reEnterEMailAddress'

2021-10-20 00:50:29 - [TEST_STEP][PASSED] - setText(findTestObject(orPath_TaxInfo + "/input_TaxInfo_ExisitingSSN"), "111223333"): Text '111223333' is set on object 'Object Repository/RAD_Pages/TaxInfo_Page/input_TaxInfo_ExisitingSSN'

2021-10-20 00:50:29 - [MESSAGE][PASSED] - Text '111223333' is set on object 'Object Repository/RAD_Pages/TaxInfo_Page/input_TaxInfo_ExisitingSSN'

2021-10-20 00:50:29 - [TEST_STEP][PASSED] - setText(findTestObject(orPath_TaxInfo + "/input_TaxInfo_reTaxTypeExisitingSSN"), "111223333"): Text '111223333' is set on object 'Object Repository/RAD_Pages/TaxInfo_Page/input_TaxInfo_reTaxTypeExisitingSSN'

2021-10-20 00:50:30 - [MESSAGE][PASSED] - Text '111223333' is set on object 'Object Repository/RAD_Pages/TaxInfo_Page/input_TaxInfo_reTaxTypeExisitingSSN'

2021-10-20 00:50:30 - [TEST_STEP][PASSED] - scrollToElement(findTestObject(orPath_Amount + "/input__paymentAmount"), 3): Scroll to object 'Object Repository/RAD_Pages/PaymentAmount_Page/input__paymentAmount' successfully

2021-10-20 00:50:31 - [MESSAGE][PASSED] - Scroll to object 'Object Repository/RAD_Pages/PaymentAmount_Page/input__paymentAmount' successfully

2021-10-20 00:50:31 - [TEST_STEP][PASSED] - delay(3): Delayed 3 second(s)

2021-10-20 00:50:34 - [MESSAGE][PASSED] - Delayed 3 second(s)

2021-10-20 00:50:34 - [TEST_STEP][FAILED] - setText(findTestObject(orPath_TaxInfo + "/input_FEIN"), "123456"): Unable to set text '123456' of object 'Object Repository/RAD_Pages/TaxInfo_Page/input_FEIN' (Root cause: com.kms.katalon.core.exception.StepFailedException: Unable to set text '123456' of object 'Object Repository/RAD_Pages/TaxInfo_Page/input_FEIN'
	at com.kms.katalon.core.webui.keyword.internal.WebUIKeywordMain.stepFailed(WebUIKeywordMain.groovy:64)
	at com.kms.katalon.core.webui.keyword.internal.WebUIKeywordMain.runKeyword(WebUIKeywordMain.groovy:26)
	at com.kms.katalon.core.webui.keyword.builtin.SetTextKeyword.setText(SetTextKeyword.groovy:66)
	at com.kms.katalon.core.webui.keyword.builtin.SetTextKeyword.execute(SetTextKeyword.groovy:37)
	at com.kms.katalon.core.keyword.internal.KeywordExecutor.executeKeywordForPlatform(KeywordExecutor.groovy:73)
	at com.kms.katalon.core.webui.keyword.WebUiBuiltInKeywords.setText(WebUiBuiltInKeywords.groovy:980)
	at com.kms.katalon.core.webui.keyword.WebUiBuiltInKeywords$setText$3.call(Unknown Source)
	at Payments_ExistingLiability_HC_TC.run(Payments_ExistingLiability_HC_TC:130)
	at com.kms.katalon.core.main.ScriptEngine.run(ScriptEngine.java:194)
	at com.kms.katalon.core.main.ScriptEngine.runScriptAsRawText(ScriptEngine.java:119)
	at com.kms.katalon.core.main.TestCaseExecutor.runScript(TestCaseExecutor.java:369)
	at com.kms.katalon.core.main.TestCaseExecutor.doExecute(TestCaseExecutor.java:360)
	at com.kms.katalon.core.main.TestCaseExecutor.processExecutionPhase(TestCaseExecutor.java:339)
	at com.kms.katalon.core.main.TestCaseExecutor.accessMainPhase(TestCaseExecutor.java:331)
	at com.kms.katalon.core.main.TestCaseExecutor.execute(TestCaseExecutor.java:248)
	at com.kms.katalon.core.main.TestSuiteExecutor.accessTestCaseMainPhase(TestSuiteExecutor.java:191)
	at com.kms.katalon.core.main.TestSuiteExecutor.accessTestSuiteMainPhase(TestSuiteExecutor.java:140)
	at com.kms.katalon.core.main.TestSuiteExecutor.execute(TestSuiteExecutor.java:89)
	at com.kms.katalon.core.main.TestCaseMain.startTestSuite(TestCaseMain.java:185)
	at com.kms.katalon.core.main.TestCaseMain$startTestSuite$0.call(Unknown Source)
	at TempTestSuite1634705209531.run(TempTestSuite1634705209531.groovy:39)
Caused by: org.openqa.selenium.ElementNotInteractableException: element not interactable
  (Session info: chrome=94.0.4606.81)
Build info: version: '3.141.59', revision: 'e82be7d358', time: '2018-11-14T08:25:53'
System info: host: 'DESKTOP-B2QI6NS', ip: '172.30.2.167', os.name: 'Windows 10', os.arch: 'amd64', os.version: '10.0', java.version: '1.8.0_181'
Driver info: com.kms.katalon.selenium.driver.CChromeDriver
Capabilities {acceptInsecureCerts: true, browserName: chrome, browserVersion: 94.0.4606.81, chrome: {chromedriverVersion: 94.0.4606.61 (418b78f5838ed..., userDataDir: C:\Users\iahmed\AppData\Loc...}, goog:chromeOptions: {debuggerAddress: localhost:51983}, javascriptEnabled: true, networkConnectionEnabled: false, pageLoadStrategy: normal, platform: WINDOWS, platformName: WINDOWS, proxy: Proxy(), setWindowRect: true, strictFileInteractability: false, timeouts: {implicit: 0, pageLoad: 300000, script: 30000}, unhandledPromptBehavior: dismiss and notify, webauthn:extension:credBlob: true, webauthn:extension:largeBlob: true, webauthn:virtualAuthenticators: true}
Session ID: c9174dd357b7f575270626c6e60414ec
	at org.openqa.selenium.remote.http.W3CHttpResponseCodec.createException(W3CHttpResponseCodec.java:187)
	at org.openqa.selenium.remote.http.W3CHttpResponseCodec.decode(W3CHttpResponseCodec.java:122)
	at org.openqa.selenium.remote.http.W3CHttpResponseCodec.decode(W3CHttpResponseCodec.java:49)
	at org.openqa.selenium.remote.HttpCommandExecutor.execute(HttpCommandExecutor.java:158)
	at org.openqa.selenium.remote.service.DriverCommandExecutor.execute(DriverCommandExecutor.java:83)
	at org.openqa.selenium.remote.RemoteWebDriver.execute(RemoteWebDriver.java:552)
	at com.kms.katalon.selenium.driver.CChromeDriver.execute(CChromeDriver.java:19)
	at org.openqa.selenium.remote.RemoteWebElement.execute(RemoteWebElement.java:285)
	at org.openqa.selenium.remote.RemoteWebElement.clear(RemoteWebElement.java:124)
	at org.openqa.selenium.support.events.EventFiringWebDriver$EventFiringWebElement.lambda$new$0(EventFiringWebDriver.java:404)
	at com.sun.proxy.$Proxy11.clear(Unknown Source)
	at org.openqa.selenium.support.events.EventFiringWebDriver$EventFiringWebElement.clear(EventFiringWebDriver.java:436)
	at com.kms.katalon.core.webui.keyword.builtin.SetTextKeyword$_setText_closure1.doCall(SetTextKeyword.groovy:53)
	at com.kms.katalon.core.webui.keyword.builtin.SetTextKeyword$_setText_closure1.call(SetTextKeyword.groovy)
	at com.kms.katalon.core.webui.keyword.internal.WebUIKeywordMain.runKeyword(WebUIKeywordMain.groovy:20)
	at com.kms.katalon.core.webui.keyword.builtin.SetTextKeyword.setText(SetTextKeyword.groovy:66)
	at com.kms.katalon.core.webui.keyword.builtin.SetTextKeyword.execute(SetTextKeyword.groovy:37)
	at com.kms.katalon.core.keyword.internal.KeywordExecutor.executeKeywordForPlatform(KeywordExecutor.groovy:73)
	at com.kms.katalon.core.webui.keyword.WebUiBuiltInKeywords.setText(WebUiBuiltInKeywords.groovy:980)
	at com.kms.katalon.core.webui.keyword.WebUiBuiltInKeywords$setText$3.call(Unknown Source)
	at Script1634702981988.run(Script1634702981988.groovy:130)
	... 13 more
)

2021-10-20 00:50:34 - [MESSAGE][FAILED] - Unable to set text '123456' of object 'Object Repository/RAD_Pages/TaxInfo_Page/input_FEIN' (Root cause: com.kms.katalon.core.exception.StepFailedException: Unable to set text '123456' of object 'Object Repository/RAD_Pages/TaxInfo_Page/input_FEIN'
	at com.kms.katalon.core.webui.keyword.internal.WebUIKeywordMain.stepFailed(WebUIKeywordMain.groovy:64)
	at com.kms.katalon.core.webui.keyword.internal.WebUIKeywordMain.runKeyword(WebUIKeywordMain.groovy:26)
	at com.kms.katalon.core.webui.keyword.builtin.SetTextKeyword.setText(SetTextKeyword.groovy:66)
	at com.kms.katalon.core.webui.keyword.builtin.SetTextKeyword.execute(SetTextKeyword.groovy:37)
	at com.kms.katalon.core.keyword.internal.KeywordExecutor.executeKeywordForPlatform(KeywordExecutor.groovy:73)
	at com.kms.katalon.core.webui.keyword.WebUiBuiltInKeywords.setText(WebUiBuiltInKeywords.groovy:980)
	at com.kms.katalon.core.webui.keyword.WebUiBuiltInKeywords$setText$3.call(Unknown Source)
	at Payments_ExistingLiability_HC_TC.run(Payments_ExistingLiability_HC_TC:130)
	at com.kms.katalon.core.main.ScriptEngine.run(ScriptEngine.java:194)
	at com.kms.katalon.core.main.ScriptEngine.runScriptAsRawText(ScriptEngine.java:119)
	at com.kms.katalon.core.main.TestCaseExecutor.runScript(TestCaseExecutor.java:369)
	at com.kms.katalon.core.main.TestCaseExecutor.doExecute(TestCaseExecutor.java:360)
	at com.kms.katalon.core.main.TestCaseExecutor.processExecutionPhase(TestCaseExecutor.java:339)
	at com.kms.katalon.core.main.TestCaseExecutor.accessMainPhase(TestCaseExecutor.java:331)
	at com.kms.katalon.core.main.TestCaseExecutor.execute(TestCaseExecutor.java:248)
	at com.kms.katalon.core.main.TestSuiteExecutor.accessTestCaseMainPhase(TestSuiteExecutor.java:191)
	at com.kms.katalon.core.main.TestSuiteExecutor.accessTestSuiteMainPhase(TestSuiteExecutor.java:140)
	at com.kms.katalon.core.main.TestSuiteExecutor.execute(TestSuiteExecutor.java:89)
	at com.kms.katalon.core.main.TestCaseMain.startTestSuite(TestCaseMain.java:185)
	at com.kms.katalon.core.main.TestCaseMain$startTestSuite$0.call(Unknown Source)
	at TempTestSuite1634705209531.run(TempTestSuite1634705209531.groovy:39)
Caused by: org.openqa.selenium.ElementNotInteractableException: element not interactable
  (Session info: chrome=94.0.4606.81)
Build info: version: '3.141.59', revision: 'e82be7d358', time: '2018-11-14T08:25:53'
System info: host: 'DESKTOP-B2QI6NS', ip: '172.30.2.167', os.name: 'Windows 10', os.arch: 'amd64', os.version: '10.0', java.version: '1.8.0_181'
Driver info: com.kms.katalon.selenium.driver.CChromeDriver
Capabilities {acceptInsecureCerts: true, browserName: chrome, browserVersion: 94.0.4606.81, chrome: {chromedriverVersion: 94.0.4606.61 (418b78f5838ed..., userDataDir: C:\Users\iahmed\AppData\Loc...}, goog:chromeOptions: {debuggerAddress: localhost:51983}, javascriptEnabled: true, networkConnectionEnabled: false, pageLoadStrategy: normal, platform: WINDOWS, platformName: WINDOWS, proxy: Proxy(), setWindowRect: true, strictFileInteractability: false, timeouts: {implicit: 0, pageLoad: 300000, script: 30000}, unhandledPromptBehavior: dismiss and notify, webauthn:extension:credBlob: true, webauthn:extension:largeBlob: true, webauthn:virtualAuthenticators: true}
Session ID: c9174dd357b7f575270626c6e60414ec
	at org.openqa.selenium.remote.http.W3CHttpResponseCodec.createException(W3CHttpResponseCodec.java:187)
	at org.openqa.selenium.remote.http.W3CHttpResponseCodec.decode(W3CHttpResponseCodec.java:122)
	at org.openqa.selenium.remote.http.W3CHttpResponseCodec.decode(W3CHttpResponseCodec.java:49)
	at org.openqa.selenium.remote.HttpCommandExecutor.execute(HttpCommandExecutor.java:158)
	at org.openqa.selenium.remote.service.DriverCommandExecutor.execute(DriverCommandExecutor.java:83)
	at org.openqa.selenium.remote.RemoteWebDriver.execute(RemoteWebDriver.java:552)
	at com.kms.katalon.selenium.driver.CChromeDriver.execute(CChromeDriver.java:19)
	at org.openqa.selenium.remote.RemoteWebElement.execute(RemoteWebElement.java:285)
	at org.openqa.selenium.remote.RemoteWebElement.clear(RemoteWebElement.java:124)
	at org.openqa.selenium.support.events.EventFiringWebDriver$EventFiringWebElement.lambda$new$0(EventFiringWebDriver.java:404)
	at com.sun.proxy.$Proxy11.clear(Unknown Source)
	at org.openqa.selenium.support.events.EventFiringWebDriver$EventFiringWebElement.clear(EventFiringWebDriver.java:436)
	at com.kms.katalon.core.webui.keyword.builtin.SetTextKeyword$_setText_closure1.doCall(SetTextKeyword.groovy:53)
	at com.kms.katalon.core.webui.keyword.builtin.SetTextKeyword$_setText_closure1.call(SetTextKeyword.groovy)
	at com.kms.katalon.core.webui.keyword.internal.WebUIKeywordMain.runKeyword(WebUIKeywordMain.groovy:20)
	at com.kms.katalon.core.webui.keyword.builtin.SetTextKeyword.setText(SetTextKeyword.groovy:66)
	at com.kms.katalon.core.webui.keyword.builtin.SetTextKeyword.execute(SetTextKeyword.groovy:37)
	at com.kms.katalon.core.keyword.internal.KeywordExecutor.executeKeywordForPlatform(KeywordExecutor.groovy:73)
	at com.kms.katalon.core.webui.keyword.WebUiBuiltInKeywords.setText(WebUiBuiltInKeywords.groovy:980)
	at com.kms.katalon.core.webui.keyword.WebUiBuiltInKeywords$setText$3.call(Unknown Source)
	at Script1634702981988.run(Script1634702981988.groovy:130)
	... 13 more
)
[[ATTACHMENT|E:\\Cloned-Project-Katalon\\VPS-Katalon\\Reports\\20211020_004649\\RAD_TestSuite\\RAD_UI_TestSuite\\20211020_004649\\1634705434431.png]]

2021-10-20 00:50:34 - [TEST_STEP][FAILED] - setText(findTestObject(orPath_TaxInfo + "/input_ReTypeFEIN"), "123456"): Unable to set text '123456' of object 'Object Repository/RAD_Pages/TaxInfo_Page/input_ReTypeFEIN' (Root cause: com.kms.katalon.core.exception.StepFailedException: Unable to set text '123456' of object 'Object Repository/RAD_Pages/TaxInfo_Page/input_ReTypeFEIN'
	at com.kms.katalon.core.webui.keyword.internal.WebUIKeywordMain.stepFailed(WebUIKeywordMain.groovy:64)
	at com.kms.katalon.core.webui.keyword.internal.WebUIKeywordMain.runKeyword(WebUIKeywordMain.groovy:26)
	at com.kms.katalon.core.webui.keyword.builtin.SetTextKeyword.setText(SetTextKeyword.groovy:66)
	at com.kms.katalon.core.webui.keyword.builtin.SetTextKeyword.execute(SetTextKeyword.groovy:37)
	at com.kms.katalon.core.keyword.internal.KeywordExecutor.executeKeywordForPlatform(KeywordExecutor.groovy:73)
	at com.kms.katalon.core.webui.keyword.WebUiBuiltInKeywords.setText(WebUiBuiltInKeywords.groovy:980)
	at com.kms.katalon.core.webui.keyword.WebUiBuiltInKeywords$setText$3.call(Unknown Source)
	at Payments_ExistingLiability_HC_TC.run(Payments_ExistingLiability_HC_TC:131)
	at com.kms.katalon.core.main.ScriptEngine.run(ScriptEngine.java:194)
	at com.kms.katalon.core.main.ScriptEngine.runScriptAsRawText(ScriptEngine.java:119)
	at com.kms.katalon.core.main.TestCaseExecutor.runScript(TestCaseExecutor.java:369)
	at com.kms.katalon.core.main.TestCaseExecutor.doExecute(TestCaseExecutor.java:360)
	at com.kms.katalon.core.main.TestCaseExecutor.processExecutionPhase(TestCaseExecutor.java:339)
	at com.kms.katalon.core.main.TestCaseExecutor.accessMainPhase(TestCaseExecutor.java:331)
	at com.kms.katalon.core.main.TestCaseExecutor.execute(TestCaseExecutor.java:248)
	at com.kms.katalon.core.main.TestSuiteExecutor.accessTestCaseMainPhase(TestSuiteExecutor.java:191)
	at com.kms.katalon.core.main.TestSuiteExecutor.accessTestSuiteMainPhase(TestSuiteExecutor.java:140)
	at com.kms.katalon.core.main.TestSuiteExecutor.execute(TestSuiteExecutor.java:89)
	at com.kms.katalon.core.main.TestCaseMain.startTestSuite(TestCaseMain.java:185)
	at com.kms.katalon.core.main.TestCaseMain$startTestSuite$0.call(Unknown Source)
	at TempTestSuite1634705209531.run(TempTestSuite1634705209531.groovy:39)
Caused by: org.openqa.selenium.ElementNotInteractableException: element not interactable
  (Session info: chrome=94.0.4606.81)
Build info: version: '3.141.59', revision: 'e82be7d358', time: '2018-11-14T08:25:53'
System info: host: 'DESKTOP-B2QI6NS', ip: '172.30.2.167', os.name: 'Windows 10', os.arch: 'amd64', os.version: '10.0', java.version: '1.8.0_181'
Driver info: com.kms.katalon.selenium.driver.CChromeDriver
Capabilities {acceptInsecureCerts: true, browserName: chrome, browserVersion: 94.0.4606.81, chrome: {chromedriverVersion: 94.0.4606.61 (418b78f5838ed..., userDataDir: C:\Users\iahmed\AppData\Loc...}, goog:chromeOptions: {debuggerAddress: localhost:51983}, javascriptEnabled: true, networkConnectionEnabled: false, pageLoadStrategy: normal, platform: WINDOWS, platformName: WINDOWS, proxy: Proxy(), setWindowRect: true, strictFileInteractability: false, timeouts: {implicit: 0, pageLoad: 300000, script: 30000}, unhandledPromptBehavior: dismiss and notify, webauthn:extension:credBlob: true, webauthn:extension:largeBlob: true, webauthn:virtualAuthenticators: true}
Session ID: c9174dd357b7f575270626c6e60414ec
	at org.openqa.selenium.remote.http.W3CHttpResponseCodec.createException(W3CHttpResponseCodec.java:187)
	at org.openqa.selenium.remote.http.W3CHttpResponseCodec.decode(W3CHttpResponseCodec.java:122)
	at org.openqa.selenium.remote.http.W3CHttpResponseCodec.decode(W3CHttpResponseCodec.java:49)
	at org.openqa.selenium.remote.HttpCommandExecutor.execute(HttpCommandExecutor.java:158)
	at org.openqa.selenium.remote.service.DriverCommandExecutor.execute(DriverCommandExecutor.java:83)
	at org.openqa.selenium.remote.RemoteWebDriver.execute(RemoteWebDriver.java:552)
	at com.kms.katalon.selenium.driver.CChromeDriver.execute(CChromeDriver.java:19)
	at org.openqa.selenium.remote.RemoteWebElement.execute(RemoteWebElement.java:285)
	at org.openqa.selenium.remote.RemoteWebElement.clear(RemoteWebElement.java:124)
	at org.openqa.selenium.support.events.EventFiringWebDriver$EventFiringWebElement.lambda$new$0(EventFiringWebDriver.java:404)
	at com.sun.proxy.$Proxy11.clear(Unknown Source)
	at org.openqa.selenium.support.events.EventFiringWebDriver$EventFiringWebElement.clear(EventFiringWebDriver.java:436)
	at com.kms.katalon.core.webui.keyword.builtin.SetTextKeyword$_setText_closure1.doCall(SetTextKeyword.groovy:53)
	at com.kms.katalon.core.webui.keyword.builtin.SetTextKeyword$_setText_closure1.call(SetTextKeyword.groovy)
	at com.kms.katalon.core.webui.keyword.internal.WebUIKeywordMain.runKeyword(WebUIKeywordMain.groovy:20)
	at com.kms.katalon.core.webui.keyword.builtin.SetTextKeyword.setText(SetTextKeyword.groovy:66)
	at com.kms.katalon.core.webui.keyword.builtin.SetTextKeyword.execute(SetTextKeyword.groovy:37)
	at com.kms.katalon.core.keyword.internal.KeywordExecutor.executeKeywordForPlatform(KeywordExecutor.groovy:73)
	at com.kms.katalon.core.webui.keyword.WebUiBuiltInKeywords.setText(WebUiBuiltInKeywords.groovy:980)
	at com.kms.katalon.core.webui.keyword.WebUiBuiltInKeywords$setText$3.call(Unknown Source)
	at Script1634702981988.run(Script1634702981988.groovy:131)
	... 13 more
)

2021-10-20 00:50:35 - [MESSAGE][FAILED] - Unable to set text '123456' of object 'Object Repository/RAD_Pages/TaxInfo_Page/input_ReTypeFEIN' (Root cause: com.kms.katalon.core.exception.StepFailedException: Unable to set text '123456' of object 'Object Repository/RAD_Pages/TaxInfo_Page/input_ReTypeFEIN'
	at com.kms.katalon.core.webui.keyword.internal.WebUIKeywordMain.stepFailed(WebUIKeywordMain.groovy:64)
	at com.kms.katalon.core.webui.keyword.internal.WebUIKeywordMain.runKeyword(WebUIKeywordMain.groovy:26)
	at com.kms.katalon.core.webui.keyword.builtin.SetTextKeyword.setText(SetTextKeyword.groovy:66)
	at com.kms.katalon.core.webui.keyword.builtin.SetTextKeyword.execute(SetTextKeyword.groovy:37)
	at com.kms.katalon.core.keyword.internal.KeywordExecutor.executeKeywordForPlatform(KeywordExecutor.groovy:73)
	at com.kms.katalon.core.webui.keyword.WebUiBuiltInKeywords.setText(WebUiBuiltInKeywords.groovy:980)
	at com.kms.katalon.core.webui.keyword.WebUiBuiltInKeywords$setText$3.call(Unknown Source)
	at Payments_ExistingLiability_HC_TC.run(Payments_ExistingLiability_HC_TC:131)
	at com.kms.katalon.core.main.ScriptEngine.run(ScriptEngine.java:194)
	at com.kms.katalon.core.main.ScriptEngine.runScriptAsRawText(ScriptEngine.java:119)
	at com.kms.katalon.core.main.TestCaseExecutor.runScript(TestCaseExecutor.java:369)
	at com.kms.katalon.core.main.TestCaseExecutor.doExecute(TestCaseExecutor.java:360)
	at com.kms.katalon.core.main.TestCaseExecutor.processExecutionPhase(TestCaseExecutor.java:339)
	at com.kms.katalon.core.main.TestCaseExecutor.accessMainPhase(TestCaseExecutor.java:331)
	at com.kms.katalon.core.main.TestCaseExecutor.execute(TestCaseExecutor.java:248)
	at com.kms.katalon.core.main.TestSuiteExecutor.accessTestCaseMainPhase(TestSuiteExecutor.java:191)
	at com.kms.katalon.core.main.TestSuiteExecutor.accessTestSuiteMainPhase(TestSuiteExecutor.java:140)
	at com.kms.katalon.core.main.TestSuiteExecutor.execute(TestSuiteExecutor.java:89)
	at com.kms.katalon.core.main.TestCaseMain.startTestSuite(TestCaseMain.java:185)
	at com.kms.katalon.core.main.TestCaseMain$startTestSuite$0.call(Unknown Source)
	at TempTestSuite1634705209531.run(TempTestSuite1634705209531.groovy:39)
Caused by: org.openqa.selenium.ElementNotInteractableException: element not interactable
  (Session info: chrome=94.0.4606.81)
Build info: version: '3.141.59', revision: 'e82be7d358', time: '2018-11-14T08:25:53'
System info: host: 'DESKTOP-B2QI6NS', ip: '172.30.2.167', os.name: 'Windows 10', os.arch: 'amd64', os.version: '10.0', java.version: '1.8.0_181'
Driver info: com.kms.katalon.selenium.driver.CChromeDriver
Capabilities {acceptInsecureCerts: true, browserName: chrome, browserVersion: 94.0.4606.81, chrome: {chromedriverVersion: 94.0.4606.61 (418b78f5838ed..., userDataDir: C:\Users\iahmed\AppData\Loc...}, goog:chromeOptions: {debuggerAddress: localhost:51983}, javascriptEnabled: true, networkConnectionEnabled: false, pageLoadStrategy: normal, platform: WINDOWS, platformName: WINDOWS, proxy: Proxy(), setWindowRect: true, strictFileInteractability: false, timeouts: {implicit: 0, pageLoad: 300000, script: 30000}, unhandledPromptBehavior: dismiss and notify, webauthn:extension:credBlob: true, webauthn:extension:largeBlob: true, webauthn:virtualAuthenticators: true}
Session ID: c9174dd357b7f575270626c6e60414ec
	at org.openqa.selenium.remote.http.W3CHttpResponseCodec.createException(W3CHttpResponseCodec.java:187)
	at org.openqa.selenium.remote.http.W3CHttpResponseCodec.decode(W3CHttpResponseCodec.java:122)
	at org.openqa.selenium.remote.http.W3CHttpResponseCodec.decode(W3CHttpResponseCodec.java:49)
	at org.openqa.selenium.remote.HttpCommandExecutor.execute(HttpCommandExecutor.java:158)
	at org.openqa.selenium.remote.service.DriverCommandExecutor.execute(DriverCommandExecutor.java:83)
	at org.openqa.selenium.remote.RemoteWebDriver.execute(RemoteWebDriver.java:552)
	at com.kms.katalon.selenium.driver.CChromeDriver.execute(CChromeDriver.java:19)
	at org.openqa.selenium.remote.RemoteWebElement.execute(RemoteWebElement.java:285)
	at org.openqa.selenium.remote.RemoteWebElement.clear(RemoteWebElement.java:124)
	at org.openqa.selenium.support.events.EventFiringWebDriver$EventFiringWebElement.lambda$new$0(EventFiringWebDriver.java:404)
	at com.sun.proxy.$Proxy11.clear(Unknown Source)
	at org.openqa.selenium.support.events.EventFiringWebDriver$EventFiringWebElement.clear(EventFiringWebDriver.java:436)
	at com.kms.katalon.core.webui.keyword.builtin.SetTextKeyword$_setText_closure1.doCall(SetTextKeyword.groovy:53)
	at com.kms.katalon.core.webui.keyword.builtin.SetTextKeyword$_setText_closure1.call(SetTextKeyword.groovy)
	at com.kms.katalon.core.webui.keyword.internal.WebUIKeywordMain.runKeyword(WebUIKeywordMain.groovy:20)
	at com.kms.katalon.core.webui.keyword.builtin.SetTextKeyword.setText(SetTextKeyword.groovy:66)
	at com.kms.katalon.core.webui.keyword.builtin.SetTextKeyword.execute(SetTextKeyword.groovy:37)
	at com.kms.katalon.core.keyword.internal.KeywordExecutor.executeKeywordForPlatform(KeywordExecutor.groovy:73)
	at com.kms.katalon.core.webui.keyword.WebUiBuiltInKeywords.setText(WebUiBuiltInKeywords.groovy:980)
	at com.kms.katalon.core.webui.keyword.WebUiBuiltInKeywords$setText$3.call(Unknown Source)
	at Script1634702981988.run(Script1634702981988.groovy:131)
	... 13 more
)
[[ATTACHMENT|E:\\Cloned-Project-Katalon\\VPS-Katalon\\Reports\\20211020_004649\\RAD_TestSuite\\RAD_UI_TestSuite\\20211020_004649\\1634705435055.png]]

2021-10-20 00:50:35 - [TEST_STEP][PASSED] - setText(findTestObject(orPath_TaxInfo + "/input_NoticeInvoiceNumber"), "965896"): Text '965896' is set on object 'Object Repository/RAD_Pages/TaxInfo_Page/input_NoticeInvoiceNumber'

2021-10-20 00:50:35 - [MESSAGE][PASSED] - Text '965896' is set on object 'Object Repository/RAD_Pages/TaxInfo_Page/input_NoticeInvoiceNumber'

2021-10-20 00:50:35 - [TEST_STEP][PASSED] - setText(findTestObject(orPath_TaxInfo + "/input_reTypeNoticeInvoiceNumber"), "965896"): Text '965896' is set on object 'Object Repository/RAD_Pages/TaxInfo_Page/input_reTypeNoticeInvoiceNumber'

2021-10-20 00:50:36 - [MESSAGE][PASSED] - Text '965896' is set on object 'Object Repository/RAD_Pages/TaxInfo_Page/input_reTypeNoticeInvoiceNumber'

2021-10-20 00:50:36 - [TEST_STEP][PASSED] - setText(findTestObject(orPath_Amount + "/input__paymentAmount"), Amount): Text '60.50' is set on object 'Object Repository/RAD_Pages/PaymentAmount_Page/input__paymentAmount'

2021-10-20 00:50:37 - [MESSAGE][PASSED] - Text '60.50' is set on object 'Object Repository/RAD_Pages/PaymentAmount_Page/input__paymentAmount'

2021-10-20 00:50:37 - [TEST_STEP][PASSED] - scrollToElement(findTestObject(orPath_Landing + "/button_Continue"), 3): Scroll to object 'Object Repository/RAD_Pages/Landing_Page/button_Continue' successfully

2021-10-20 00:50:37 - [MESSAGE][PASSED] - Scroll to object 'Object Repository/RAD_Pages/Landing_Page/button_Continue' successfully

2021-10-20 00:50:37 - [TEST_STEP][PASSED] - waitForElementClickable(findTestObject(orPath_Landing + "/button_Continue"), 5): Object 'Object Repository/RAD_Pages/Landing_Page/button_Continue' is clickable

2021-10-20 00:50:38 - [MESSAGE][PASSED] - Object 'Object Repository/RAD_Pages/Landing_Page/button_Continue' is clickable

2021-10-20 00:50:38 - [TEST_STEP][PASSED] - click(findTestObject(orPath_Landing + "/button_Continue")): Object: 'Object Repository/RAD_Pages/Landing_Page/button_Continue' is clicked on

2021-10-20 00:50:38 - [MESSAGE][PASSED] - Object: 'Object Repository/RAD_Pages/Landing_Page/button_Continue' is clicked on

2021-10-20 00:50:38 - [TEST_STEP][PASSED] - verifyTextPresent("Review the information below and make any necessary corrections by clicking the", true): Text 'Review the information below and make any necessary corrections by clicking the' is present on page  using regular expression

2021-10-20 00:50:39 - [MESSAGE][PASSED] - Text 'Review the information below and make any necessary corrections by clicking the' is present on page  using regular expression

2021-10-20 00:50:39 - [TEST_STEP][PASSED] - verifyTextPresent("When you are confident that all the information is correct", true): Text 'When you are confident that all the information is correct' is present on page  using regular expression

2021-10-20 00:50:39 - [MESSAGE][PASSED] - Text 'When you are confident that all the information is correct' is present on page  using regular expression

2021-10-20 00:50:39 - [TEST_STEP][PASSED] - scrollToElement(findTestObject(orPath_Summary + "/button_Continue_Summary"), 3): Scroll to object 'Object Repository/RAD_Pages/Summary_Page/button_Continue_Summary' successfully

2021-10-20 00:50:39 - [MESSAGE][PASSED] - Scroll to object 'Object Repository/RAD_Pages/Summary_Page/button_Continue_Summary' successfully

2021-10-20 00:50:39 - [TEST_STEP][PASSED] - waitForElementClickable(findTestObject(orPath_Summary + "/button_Continue_Summary"), 5): Object 'Object Repository/RAD_Pages/Summary_Page/button_Continue_Summary' is clickable

2021-10-20 00:50:40 - [MESSAGE][PASSED] - Object 'Object Repository/RAD_Pages/Summary_Page/button_Continue_Summary' is clickable

2021-10-20 00:50:40 - [TEST_STEP][PASSED] - delay(3): Delayed 3 second(s)

2021-10-20 00:50:43 - [MESSAGE][PASSED] - Delayed 3 second(s)

2021-10-20 00:50:43 - [TEST_STEP][PASSED] - click(findTestObject(orPath_Summary + "/button_Continue_Summary")): Object: 'Object Repository/RAD_Pages/Summary_Page/button_Continue_Summary' is clicked on

2021-10-20 00:50:43 - [MESSAGE][PASSED] - Object: 'Object Repository/RAD_Pages/Summary_Page/button_Continue_Summary' is clicked on

2021-10-20 00:50:43 - [TEST_STEP][PASSED] - delay(3): Delayed 3 second(s)

2021-10-20 00:50:46 - [MESSAGE][PASSED] - Delayed 3 second(s)

2021-10-20 00:50:46 - [TEST_STEP][PASSED] - click(findTestObject(orPath_PaymentReady + "/button_ProceedtoPayment")): Object: 'Object Repository/RAD_Pages/PaymentReady_Page/button_ProceedtoPayment' is clicked on

2021-10-20 00:50:48 - [MESSAGE][PASSED] - Object: 'Object Repository/RAD_Pages/PaymentReady_Page/button_ProceedtoPayment' is clicked on

2021-10-20 00:50:48 - [TEST_STEP][PASSED] - setText(findTestObject(orPath_PaymentEntry + "/input__cardNumber"), CCNumber): Text '6011000993026909' is set on object 'Object Repository/RAD_Pages/PaymentEntry_Page/input__cardNumber'

2021-10-20 00:50:49 - [MESSAGE][PASSED] - Text '6011000993026909' is set on object 'Object Repository/RAD_Pages/PaymentEntry_Page/input__cardNumber'

2021-10-20 00:50:49 - [TEST_STEP][PASSED] - setText(findTestObject(orPath_PaymentEntry + "/input__spc"), CVV): Text '123' is set on object 'Object Repository/RAD_Pages/PaymentEntry_Page/input__spc'

2021-10-20 00:50:49 - [MESSAGE][PASSED] - Text '123' is set on object 'Object Repository/RAD_Pages/PaymentEntry_Page/input__spc'

2021-10-20 00:50:49 - [TEST_STEP][PASSED] - selectOptionByLabel(findTestObject(orPath_PaymentEntry + "/select_MM"), "12", false): All options with label '12' are selected in object 'Object Repository/RAD_Pages/PaymentEntry_Page/select_MM' 

2021-10-20 00:50:50 - [MESSAGE][PASSED] - All options with label '12' are selected in object 'Object Repository/RAD_Pages/PaymentEntry_Page/select_MM' 

2021-10-20 00:50:50 - [TEST_STEP][PASSED] - selectOptionByLabel(findTestObject(orPath_PaymentEntry + "/select_YYYY"), "2023", false): All options with label '2023' are selected in object 'Object Repository/RAD_Pages/PaymentEntry_Page/select_YYYY' 

2021-10-20 00:50:51 - [MESSAGE][PASSED] - All options with label '2023' are selected in object 'Object Repository/RAD_Pages/PaymentEntry_Page/select_YYYY' 

2021-10-20 00:50:51 - [TEST_STEP][PASSED] - click(findTestObject(orPath_PaymentEntry + "/input_Field_ccSubmit")): Object: 'Object Repository/RAD_Pages/PaymentEntry_Page/input_Field_ccSubmit' is clicked on

2021-10-20 00:50:52 - [MESSAGE][PASSED] - Object: 'Object Repository/RAD_Pages/PaymentEntry_Page/input_Field_ccSubmit' is clicked on

2021-10-20 00:50:52 - [TEST_STEP][PASSED] - click(findTestObject(orPath_PaymentConfirmation + "/input_N_confirmNotifyAction")): Object: 'Object Repository/RAD_Pages/PaymentConfirmation_Page/input_N_confirmNotifyAction' is clicked on

2021-10-20 00:50:53 - [MESSAGE][PASSED] - Object: 'Object Repository/RAD_Pages/PaymentConfirmation_Page/input_N_confirmNotifyAction' is clicked on

2021-10-20 00:50:53 - [TEST_STEP][PASSED] - click(findTestObject(orPath_ServiceFeesAccept + "/input_convFeeNotifyAction")): Object: 'Object Repository/RAD_Pages/ServiceFeeAccept_Page/input_convFeeNotifyAction' is clicked on

2021-10-20 00:50:55 - [MESSAGE][PASSED] - Object: 'Object Repository/RAD_Pages/ServiceFeeAccept_Page/input_convFeeNotifyAction' is clicked on

2021-10-20 00:50:55 - [TEST_STEP][PASSED] - delay(10): Delayed 10 second(s)

2021-10-20 00:51:05 - [MESSAGE][PASSED] - Delayed 10 second(s)

2021-10-20 00:51:05 - [TEST_STEP][FAILED] - verifyTextPresent("Successful Payment Receipt", true): Text 'Successful Payment Receipt' is not present on page  using regular expression (Root cause: com.kms.katalon.core.exception.StepFailedException: Text 'Successful Payment Receipt' is not present on page  using regular expression
	at com.kms.katalon.core.webui.keyword.internal.WebUIKeywordMain.stepFailed(WebUIKeywordMain.groovy:64)
	at com.kms.katalon.core.webui.keyword.builtin.VerifyTextPresentKeyword$_verifyTextPresent_closure1.doCall(VerifyTextPresentKeyword.groovy:79)
	at com.kms.katalon.core.webui.keyword.builtin.VerifyTextPresentKeyword$_verifyTextPresent_closure1.call(VerifyTextPresentKeyword.groovy)
	at com.kms.katalon.core.webui.keyword.internal.WebUIKeywordMain.runKeyword(WebUIKeywordMain.groovy:20)
	at com.kms.katalon.core.webui.keyword.builtin.VerifyTextPresentKeyword.verifyTextPresent(VerifyTextPresentKeyword.groovy:83)
	at com.kms.katalon.core.webui.keyword.builtin.VerifyTextPresentKeyword.execute(VerifyTextPresentKeyword.groovy:68)
	at com.kms.katalon.core.keyword.internal.KeywordExecutor.executeKeywordForPlatform(KeywordExecutor.groovy:73)
	at com.kms.katalon.core.webui.keyword.WebUiBuiltInKeywords.verifyTextPresent(WebUiBuiltInKeywords.groovy:1723)
	at com.kms.katalon.core.webui.keyword.WebUiBuiltInKeywords$verifyTextPresent$7.call(Unknown Source)
	at Payments_ExistingLiability_HC_TC.run(Payments_ExistingLiability_HC_TC:185)
	at com.kms.katalon.core.main.ScriptEngine.run(ScriptEngine.java:194)
	at com.kms.katalon.core.main.ScriptEngine.runScriptAsRawText(ScriptEngine.java:119)
	at com.kms.katalon.core.main.TestCaseExecutor.runScript(TestCaseExecutor.java:369)
	at com.kms.katalon.core.main.TestCaseExecutor.doExecute(TestCaseExecutor.java:360)
	at com.kms.katalon.core.main.TestCaseExecutor.processExecutionPhase(TestCaseExecutor.java:339)
	at com.kms.katalon.core.main.TestCaseExecutor.accessMainPhase(TestCaseExecutor.java:331)
	at com.kms.katalon.core.main.TestCaseExecutor.execute(TestCaseExecutor.java:248)
	at com.kms.katalon.core.main.TestSuiteExecutor.accessTestCaseMainPhase(TestSuiteExecutor.java:191)
	at com.kms.katalon.core.main.TestSuiteExecutor.accessTestSuiteMainPhase(TestSuiteExecutor.java:140)
	at com.kms.katalon.core.main.TestSuiteExecutor.execute(TestSuiteExecutor.java:89)
	at com.kms.katalon.core.main.TestCaseMain.startTestSuite(TestCaseMain.java:185)
	at com.kms.katalon.core.main.TestCaseMain$startTestSuite$0.call(Unknown Source)
	at TempTestSuite1634705209531.run(TempTestSuite1634705209531.groovy:39)
)

2021-10-20 00:51:06 - [MESSAGE][FAILED] - Text 'Successful Payment Receipt' is not present on page  using regular expression (Root cause: com.kms.katalon.core.exception.StepFailedException: Text 'Successful Payment Receipt' is not present on page  using regular expression
	at com.kms.katalon.core.webui.keyword.internal.WebUIKeywordMain.stepFailed(WebUIKeywordMain.groovy:64)
	at com.kms.katalon.core.webui.keyword.builtin.VerifyTextPresentKeyword$_verifyTextPresent_closure1.doCall(VerifyTextPresentKeyword.groovy:79)
	at com.kms.katalon.core.webui.keyword.builtin.VerifyTextPresentKeyword$_verifyTextPresent_closure1.call(VerifyTextPresentKeyword.groovy)
	at com.kms.katalon.core.webui.keyword.internal.WebUIKeywordMain.runKeyword(WebUIKeywordMain.groovy:20)
	at com.kms.katalon.core.webui.keyword.builtin.VerifyTextPresentKeyword.verifyTextPresent(VerifyTextPresentKeyword.groovy:83)
	at com.kms.katalon.core.webui.keyword.builtin.VerifyTextPresentKeyword.execute(VerifyTextPresentKeyword.groovy:68)
	at com.kms.katalon.core.keyword.internal.KeywordExecutor.executeKeywordForPlatform(KeywordExecutor.groovy:73)
	at com.kms.katalon.core.webui.keyword.WebUiBuiltInKeywords.verifyTextPresent(WebUiBuiltInKeywords.groovy:1723)
	at com.kms.katalon.core.webui.keyword.WebUiBuiltInKeywords$verifyTextPresent$7.call(Unknown Source)
	at Payments_ExistingLiability_HC_TC.run(Payments_ExistingLiability_HC_TC:185)
	at com.kms.katalon.core.main.ScriptEngine.run(ScriptEngine.java:194)
	at com.kms.katalon.core.main.ScriptEngine.runScriptAsRawText(ScriptEngine.java:119)
	at com.kms.katalon.core.main.TestCaseExecutor.runScript(TestCaseExecutor.java:369)
	at com.kms.katalon.core.main.TestCaseExecutor.doExecute(TestCaseExecutor.java:360)
	at com.kms.katalon.core.main.TestCaseExecutor.processExecutionPhase(TestCaseExecutor.java:339)
	at com.kms.katalon.core.main.TestCaseExecutor.accessMainPhase(TestCaseExecutor.java:331)
	at com.kms.katalon.core.main.TestCaseExecutor.execute(TestCaseExecutor.java:248)
	at com.kms.katalon.core.main.TestSuiteExecutor.accessTestCaseMainPhase(TestSuiteExecutor.java:191)
	at com.kms.katalon.core.main.TestSuiteExecutor.accessTestSuiteMainPhase(TestSuiteExecutor.java:140)
	at com.kms.katalon.core.main.TestSuiteExecutor.execute(TestSuiteExecutor.java:89)
	at com.kms.katalon.core.main.TestCaseMain.startTestSuite(TestCaseMain.java:185)
	at com.kms.katalon.core.main.TestCaseMain$startTestSuite$0.call(Unknown Source)
	at TempTestSuite1634705209531.run(TempTestSuite1634705209531.groovy:39)
)

2021-10-20 00:51:06 - [TEST_STEP][FAILED] - if (verifyTextPresent("Successful Payment Receipt", true)): Text 'Successful Payment Receipt' is not present on page  using regular expression (Root cause: com.kms.katalon.core.exception.StepFailedException: Text 'Successful Payment Receipt' is not present on page  using regular expression
	at com.kms.katalon.core.webui.keyword.internal.WebUIKeywordMain.stepFailed(WebUIKeywordMain.groovy:64)
	at com.kms.katalon.core.webui.keyword.builtin.VerifyTextPresentKeyword$_verifyTextPresent_closure1.doCall(VerifyTextPresentKeyword.groovy:79)
	at com.kms.katalon.core.webui.keyword.builtin.VerifyTextPresentKeyword$_verifyTextPresent_closure1.call(VerifyTextPresentKeyword.groovy)
	at com.kms.katalon.core.webui.keyword.internal.WebUIKeywordMain.runKeyword(WebUIKeywordMain.groovy:20)
	at com.kms.katalon.core.webui.keyword.builtin.VerifyTextPresentKeyword.verifyTextPresent(VerifyTextPresentKeyword.groovy:83)
	at com.kms.katalon.core.webui.keyword.builtin.VerifyTextPresentKeyword.execute(VerifyTextPresentKeyword.groovy:68)
	at com.kms.katalon.core.keyword.internal.KeywordExecutor.executeKeywordForPlatform(KeywordExecutor.groovy:73)
	at com.kms.katalon.core.webui.keyword.WebUiBuiltInKeywords.verifyTextPresent(WebUiBuiltInKeywords.groovy:1723)
	at com.kms.katalon.core.webui.keyword.WebUiBuiltInKeywords$verifyTextPresent$7.call(Unknown Source)
	at Payments_ExistingLiability_HC_TC.run(Payments_ExistingLiability_HC_TC:187)
	at com.kms.katalon.core.main.ScriptEngine.run(ScriptEngine.java:194)
	at com.kms.katalon.core.main.ScriptEngine.runScriptAsRawText(ScriptEngine.java:119)
	at com.kms.katalon.core.main.TestCaseExecutor.runScript(TestCaseExecutor.java:369)
	at com.kms.katalon.core.main.TestCaseExecutor.doExecute(TestCaseExecutor.java:360)
	at com.kms.katalon.core.main.TestCaseExecutor.processExecutionPhase(TestCaseExecutor.java:339)
	at com.kms.katalon.core.main.TestCaseExecutor.accessMainPhase(TestCaseExecutor.java:331)
	at com.kms.katalon.core.main.TestCaseExecutor.execute(TestCaseExecutor.java:248)
	at com.kms.katalon.core.main.TestSuiteExecutor.accessTestCaseMainPhase(TestSuiteExecutor.java:191)
	at com.kms.katalon.core.main.TestSuiteExecutor.accessTestSuiteMainPhase(TestSuiteExecutor.java:140)
	at com.kms.katalon.core.main.TestSuiteExecutor.execute(TestSuiteExecutor.java:89)
	at com.kms.katalon.core.main.TestCaseMain.startTestSuite(TestCaseMain.java:185)
	at com.kms.katalon.core.main.TestCaseMain$startTestSuite$0.call(Unknown Source)
	at TempTestSuite1634705209531.run(TempTestSuite1634705209531.groovy:39)
)

2021-10-20 00:51:06 - [MESSAGE][FAILED] - Text 'Successful Payment Receipt' is not present on page  using regular expression (Root cause: com.kms.katalon.core.exception.StepFailedException: Text 'Successful Payment Receipt' is not present on page  using regular expression
	at com.kms.katalon.core.webui.keyword.internal.WebUIKeywordMain.stepFailed(WebUIKeywordMain.groovy:64)
	at com.kms.katalon.core.webui.keyword.builtin.VerifyTextPresentKeyword$_verifyTextPresent_closure1.doCall(VerifyTextPresentKeyword.groovy:79)
	at com.kms.katalon.core.webui.keyword.builtin.VerifyTextPresentKeyword$_verifyTextPresent_closure1.call(VerifyTextPresentKeyword.groovy)
	at com.kms.katalon.core.webui.keyword.internal.WebUIKeywordMain.runKeyword(WebUIKeywordMain.groovy:20)
	at com.kms.katalon.core.webui.keyword.builtin.VerifyTextPresentKeyword.verifyTextPresent(VerifyTextPresentKeyword.groovy:83)
	at com.kms.katalon.core.webui.keyword.builtin.VerifyTextPresentKeyword.execute(VerifyTextPresentKeyword.groovy:68)
	at com.kms.katalon.core.keyword.internal.KeywordExecutor.executeKeywordForPlatform(KeywordExecutor.groovy:73)
	at com.kms.katalon.core.webui.keyword.WebUiBuiltInKeywords.verifyTextPresent(WebUiBuiltInKeywords.groovy:1723)
	at com.kms.katalon.core.webui.keyword.WebUiBuiltInKeywords$verifyTextPresent$7.call(Unknown Source)
	at Payments_ExistingLiability_HC_TC.run(Payments_ExistingLiability_HC_TC:187)
	at com.kms.katalon.core.main.ScriptEngine.run(ScriptEngine.java:194)
	at com.kms.katalon.core.main.ScriptEngine.runScriptAsRawText(ScriptEngine.java:119)
	at com.kms.katalon.core.main.TestCaseExecutor.runScript(TestCaseExecutor.java:369)
	at com.kms.katalon.core.main.TestCaseExecutor.doExecute(TestCaseExecutor.java:360)
	at com.kms.katalon.core.main.TestCaseExecutor.processExecutionPhase(TestCaseExecutor.java:339)
	at com.kms.katalon.core.main.TestCaseExecutor.accessMainPhase(TestCaseExecutor.java:331)
	at com.kms.katalon.core.main.TestCaseExecutor.execute(TestCaseExecutor.java:248)
	at com.kms.katalon.core.main.TestSuiteExecutor.accessTestCaseMainPhase(TestSuiteExecutor.java:191)
	at com.kms.katalon.core.main.TestSuiteExecutor.accessTestSuiteMainPhase(TestSuiteExecutor.java:140)
	at com.kms.katalon.core.main.TestSuiteExecutor.execute(TestSuiteExecutor.java:89)
	at com.kms.katalon.core.main.TestCaseMain.startTestSuite(TestCaseMain.java:185)
	at com.kms.katalon.core.main.TestCaseMain$startTestSuite$0.call(Unknown Source)
	at TempTestSuite1634705209531.run(TempTestSuite1634705209531.groovy:39)
)

2021-10-20 00:51:06 - [TEST_STEP][PASSED] - else: pages.WriteExcel.demoKey is PASSED

2021-10-20 00:51:06 - [TEST_STEP][PASSED] - println("Transaction was NOT Successful"): null

2021-10-20 00:51:06 - [TEST_STEP][PASSED] - out.println("Fail Record Number: " + row): null

2021-10-20 00:51:06 - [TEST_STEP][PASSED] - resText = "Fail": null

2021-10-20 00:51:06 - [TEST_STEP][PASSED] - pages.WriteExcel.demoKey(resText, datText, resColumn, datCloumn, fileLoc, nameSheet, row): pages.WriteExcel.demoKey is PASSED

2021-10-20 00:51:06 - [MESSAGE][PASSED] - pages.WriteExcel.demoKey is PASSED

2021-10-20 00:51:06 - [TEST_STEP][PASSED] - ExecuteTC = findTestData(dataFile).getValue("Execute", row): null

2021-10-20 00:51:06 - [TEST_STEP][PASSED] - Taxtype = findTestData(dataFile).getValue("TaxType", row): null

2021-10-20 00:51:06 - [TEST_STEP][PASSED] - TaxTypeEL = findTestData(dataFile).getValue("TaxTypeEL", row): null

2021-10-20 00:51:06 - [TEST_STEP][PASSED] - FName = findTestData(dataFile).getValue("Fname", row): null

2021-10-20 00:51:06 - [TEST_STEP][PASSED] - LName = findTestData(dataFile).getValue("Lname", row): null

2021-10-20 00:51:06 - [TEST_STEP][PASSED] - AL1 = findTestData(dataFile).getValue("AL1", row): null

2021-10-20 00:51:06 - [TEST_STEP][PASSED] - City = findTestData(dataFile).getValue("City", row): null

2021-10-20 00:51:06 - [TEST_STEP][PASSED] - ZIP = findTestData(dataFile).getValue("ZIP", row): null

2021-10-20 00:51:06 - [TEST_STEP][PASSED] - Amount = findTestData(dataFile).getValue("Amount", row): null

2021-10-20 00:51:06 - [TEST_STEP][PASSED] - CCNumber = findTestData(dataFile).getValue("CCNumber", row): null

2021-10-20 00:51:06 - [TEST_STEP][PASSED] - CVV = findTestData(dataFile).getValue("CVV", row): null

2021-10-20 00:51:06 - [TEST_STEP][PASSED] - out.println("Value of Execute is : " + ExecuteTC): null

2021-10-20 00:51:06 - [TEST_STEP][FAILED] - if (ExecuteTC.equalsIgnoreCase("Y")): null

2021-10-20 00:51:06 - [TEST_STEP][PASSED] - out.println("Begin Record Number: " + row): null

2021-10-20 00:51:06 - [TEST_STEP][PASSED] - today = new java.util.Date(): null

2021-10-20 00:51:06 - [TEST_STEP][PASSED] - println(today): null

2021-10-20 00:51:06 - [TEST_STEP][PASSED] - datText = today: null

2021-10-20 00:51:06 - [TEST_STEP][PASSED] - Taxtype = findTestData(dataFile).getValue("TaxType", row): null

2021-10-20 00:51:06 - [TEST_STEP][PASSED] - out.println("Taxtype value is : " + Taxtype): null

2021-10-20 00:51:06 - [TEST_STEP][PASSED] - openBrowser(""): Browser is opened with url: ''

2021-10-20 00:51:06 - [MESSAGE][WARNING] - A browser is already opened. Closing browser and opening a new one

2021-10-20 00:51:07 - [MESSAGE][INFO] - Starting 'Chrome' driver

2021-10-20 00:51:07 - [MESSAGE][INFO] - User set preference: ['acceptInsecureCerts', 'true']

2021-10-20 00:51:07 - [MESSAGE][INFO] - Action delay is set to 0 milliseconds

2021-10-20 00:51:09 - [MESSAGE][PASSED] - Browser is opened with url: ''

2021-10-20 00:51:09 - [TEST_STEP][PASSED] - maximizeWindow(): Current window maximized

2021-10-20 00:51:09 - [MESSAGE][PASSED] - Current window maximized

2021-10-20 00:51:09 - [TEST_STEP][PASSED] - navigateToUrl(RADurl): Navigate to 'https://qa.velocitypayment.com/client/rad/index.html' successfully

2021-10-20 00:51:11 - [MESSAGE][PASSED] - Navigate to 'https://qa.velocitypayment.com/client/rad/index.html' successfully

2021-10-20 00:51:11 - [TEST_STEP][PASSED] - orPath_Landing = "Object Repository/RAD_Pages/Landing_Page": null

2021-10-20 00:51:11 - [TEST_STEP][PASSED] - orPath_TaxTypeFilingYear = "Object Repository/RAD_Pages/TaxTypeFilingYear_Page": null

2021-10-20 00:51:11 - [TEST_STEP][PASSED] - orPath_TaxPayer = "Object Repository/RAD_Pages/Taxpayer_Page": null

2021-10-20 00:51:11 - [TEST_STEP][PASSED] - orPath_AddressContact = "Object Repository/RAD_Pages/AddressAndContactInfo_Page": null

2021-10-20 00:51:11 - [TEST_STEP][PASSED] - orPath_FilingStatus = "Object Repository/RAD_Pages/FilingStatus_Page": null

2021-10-20 00:51:11 - [TEST_STEP][PASSED] - orPath_Amount = "Object Repository/RAD_Pages/PaymentAmount_Page": null

2021-10-20 00:51:11 - [TEST_STEP][PASSED] - orPath_TaxInfo = "Object Repository/RAD_Pages/TaxInfo_Page": null

2021-10-20 00:51:11 - [TEST_STEP][PASSED] - orPath_Withholding = "Object Repository/RAD_Pages/Withholding_Page": null

2021-10-20 00:51:11 - [TEST_STEP][PASSED] - orPath_Summary = "Object Repository/RAD_Pages/Summary_Page": null

2021-10-20 00:51:11 - [TEST_STEP][PASSED] - orPath_PaymentReady = "Object Repository/RAD_Pages/PaymentReady_Page": null

2021-10-20 00:51:11 - [TEST_STEP][PASSED] - orPath_PaymentEntry = "Object Repository/RAD_Pages/PaymentEntry_Page": null

2021-10-20 00:51:11 - [TEST_STEP][PASSED] - orPath_PaymentConfirmation = "Object Repository/RAD_Pages/PaymentConfirmation_Page": null

2021-10-20 00:51:11 - [TEST_STEP][PASSED] - orPath_ServiceFeesAccept = "Object Repository/RAD_Pages/ServiceFeeAccept_Page": null

2021-10-20 00:51:11 - [TEST_STEP][PASSED] - selectOptionByLabel(findTestObject(orPath_Landing + "/dd_TaxType"), Taxtype, false): All options with label 'Existing Liability' are selected in object 'Object Repository/RAD_Pages/Landing_Page/dd_TaxType' 

2021-10-20 00:51:11 - [MESSAGE][PASSED] - All options with label 'Existing Liability' are selected in object 'Object Repository/RAD_Pages/Landing_Page/dd_TaxType' 

2021-10-20 00:51:11 - [TEST_STEP][PASSED] - delay(3): Delayed 3 second(s)

2021-10-20 00:51:14 - [MESSAGE][PASSED] - Delayed 3 second(s)

2021-10-20 00:51:14 - [TEST_STEP][PASSED] - selectOptionByLabel(findTestObject(orPath_TaxTypeFilingYear + "/select_TaxType_ExistingLiability"), TaxTypeEL, false): All options with label 'PTE (Partnership)' are selected in object 'Object Repository/RAD_Pages/TaxTypeFilingYear_Page/select_TaxType_ExistingLiability' 

2021-10-20 00:51:15 - [MESSAGE][PASSED] - All options with label 'PTE (Partnership)' are selected in object 'Object Repository/RAD_Pages/TaxTypeFilingYear_Page/select_TaxType_ExistingLiability' 

2021-10-20 00:51:15 - [TEST_STEP][PASSED] - setText(findTestObject(orPath_TaxPayer + "/input_firstName"), FName): Text 'Stuart' is set on object 'Object Repository/RAD_Pages/Taxpayer_Page/input_firstName'

2021-10-20 00:51:16 - [MESSAGE][PASSED] - Text 'Stuart' is set on object 'Object Repository/RAD_Pages/Taxpayer_Page/input_firstName'

2021-10-20 00:51:16 - [TEST_STEP][PASSED] - setText(findTestObject(orPath_TaxPayer + "/input_lastName"), LName): Text 'Broad' is set on object 'Object Repository/RAD_Pages/Taxpayer_Page/input_lastName'

2021-10-20 00:51:16 - [MESSAGE][PASSED] - Text 'Broad' is set on object 'Object Repository/RAD_Pages/Taxpayer_Page/input_lastName'

2021-10-20 00:51:16 - [TEST_STEP][PASSED] - setText(findTestObject(orPath_TaxPayer + "/input_middleName"), "Johns"): Text 'Johns' is set on object 'Object Repository/RAD_Pages/Taxpayer_Page/input_middleName'

2021-10-20 00:51:17 - [MESSAGE][PASSED] - Text 'Johns' is set on object 'Object Repository/RAD_Pages/Taxpayer_Page/input_middleName'

2021-10-20 00:51:17 - [TEST_STEP][PASSED] - setText(findTestObject(orPath_TaxPayer + "/input_suffix"), "Sr"): Text 'Sr' is set on object 'Object Repository/RAD_Pages/Taxpayer_Page/input_suffix'

2021-10-20 00:51:18 - [MESSAGE][PASSED] - Text 'Sr' is set on object 'Object Repository/RAD_Pages/Taxpayer_Page/input_suffix'

2021-10-20 00:51:18 - [TEST_STEP][PASSED] - selectOptionByLabel(findTestObject(orPath_AddressContact + "/select_Country"), "United States", false): All options with label 'United States' are selected in object 'Object Repository/RAD_Pages/AddressAndContactInfo_Page/select_Country' 

2021-10-20 00:51:18 - [MESSAGE][PASSED] - All options with label 'United States' are selected in object 'Object Repository/RAD_Pages/AddressAndContactInfo_Page/select_Country' 

2021-10-20 00:51:18 - [TEST_STEP][PASSED] - setText(findTestObject(orPath_AddressContact + "/input_streetAddress1"), AL1): Text '36 Hoolan Ave' is set on object 'Object Repository/RAD_Pages/AddressAndContactInfo_Page/input_streetAddress1'

2021-10-20 00:51:19 - [MESSAGE][PASSED] - Text '36 Hoolan Ave' is set on object 'Object Repository/RAD_Pages/AddressAndContactInfo_Page/input_streetAddress1'

2021-10-20 00:51:19 - [TEST_STEP][PASSED] - setText(findTestObject(orPath_AddressContact + "/input_streetAddress2"), ""): Text '' is set on object 'Object Repository/RAD_Pages/AddressAndContactInfo_Page/input_streetAddress2'

2021-10-20 00:51:20 - [MESSAGE][PASSED] - Text '' is set on object 'Object Repository/RAD_Pages/AddressAndContactInfo_Page/input_streetAddress2'

2021-10-20 00:51:20 - [TEST_STEP][PASSED] - setText(findTestObject(orPath_AddressContact + "/input_city"), City): Text 'Huntsville' is set on object 'Object Repository/RAD_Pages/AddressAndContactInfo_Page/input_city'

2021-10-20 00:51:20 - [MESSAGE][PASSED] - Text 'Huntsville' is set on object 'Object Repository/RAD_Pages/AddressAndContactInfo_Page/input_city'

2021-10-20 00:51:20 - [TEST_STEP][PASSED] - selectOptionByLabel(findTestObject(orPath_AddressContact + "/select_State"), "Maryland", false): All options with label 'Maryland' are selected in object 'Object Repository/RAD_Pages/AddressAndContactInfo_Page/select_State' 

2021-10-20 00:51:21 - [MESSAGE][PASSED] - All options with label 'Maryland' are selected in object 'Object Repository/RAD_Pages/AddressAndContactInfo_Page/select_State' 

2021-10-20 00:51:21 - [TEST_STEP][PASSED] - setText(findTestObject(orPath_AddressContact + "/input_zipCode"), ZIP): Text '21093' is set on object 'Object Repository/RAD_Pages/AddressAndContactInfo_Page/input_zipCode'

2021-10-20 00:51:22 - [MESSAGE][PASSED] - Text '21093' is set on object 'Object Repository/RAD_Pages/AddressAndContactInfo_Page/input_zipCode'

2021-10-20 00:51:22 - [TEST_STEP][PASSED] - setText(findTestObject(orPath_AddressContact + "/input_phoneNumber"), "77038945000"): Text '77038945000' is set on object 'Object Repository/RAD_Pages/AddressAndContactInfo_Page/input_phoneNumber'

2021-10-20 00:51:22 - [MESSAGE][PASSED] - Text '77038945000' is set on object 'Object Repository/RAD_Pages/AddressAndContactInfo_Page/input_phoneNumber'

2021-10-20 00:51:22 - [TEST_STEP][PASSED] - setText(findTestObject(orPath_AddressContact + "/input_eMailAddress"), "iahmed@govolution.com"): Text 'iahmed@govolution.com' is set on object 'Object Repository/RAD_Pages/AddressAndContactInfo_Page/input_eMailAddress'

2021-10-20 00:51:23 - [MESSAGE][PASSED] - Text 'iahmed@govolution.com' is set on object 'Object Repository/RAD_Pages/AddressAndContactInfo_Page/input_eMailAddress'

2021-10-20 00:51:23 - [TEST_STEP][PASSED] - setText(findTestObject(orPath_AddressContact + "/input_reEnterEMailAddress"), "iahmed@govolution.com"): Text 'iahmed@govolution.com' is set on object 'Object Repository/RAD_Pages/AddressAndContactInfo_Page/input_reEnterEMailAddress'

2021-10-20 00:51:24 - [MESSAGE][PASSED] - Text 'iahmed@govolution.com' is set on object 'Object Repository/RAD_Pages/AddressAndContactInfo_Page/input_reEnterEMailAddress'

2021-10-20 00:51:24 - [TEST_STEP][PASSED] - setText(findTestObject(orPath_TaxInfo + "/input_TaxInfo_ExisitingSSN"), "111223333"): Text '111223333' is set on object 'Object Repository/RAD_Pages/TaxInfo_Page/input_TaxInfo_ExisitingSSN'

2021-10-20 00:51:25 - [MESSAGE][PASSED] - Text '111223333' is set on object 'Object Repository/RAD_Pages/TaxInfo_Page/input_TaxInfo_ExisitingSSN'

2021-10-20 00:51:25 - [TEST_STEP][PASSED] - setText(findTestObject(orPath_TaxInfo + "/input_TaxInfo_reTaxTypeExisitingSSN"), "111223333"): Text '111223333' is set on object 'Object Repository/RAD_Pages/TaxInfo_Page/input_TaxInfo_reTaxTypeExisitingSSN'

2021-10-20 00:51:25 - [MESSAGE][PASSED] - Text '111223333' is set on object 'Object Repository/RAD_Pages/TaxInfo_Page/input_TaxInfo_reTaxTypeExisitingSSN'

2021-10-20 00:51:25 - [TEST_STEP][PASSED] - scrollToElement(findTestObject(orPath_Amount + "/input__paymentAmount"), 3): Scroll to object 'Object Repository/RAD_Pages/PaymentAmount_Page/input__paymentAmount' successfully

2021-10-20 00:51:26 - [MESSAGE][PASSED] - Scroll to object 'Object Repository/RAD_Pages/PaymentAmount_Page/input__paymentAmount' successfully

2021-10-20 00:51:26 - [TEST_STEP][PASSED] - delay(3): Delayed 3 second(s)

2021-10-20 00:51:29 - [MESSAGE][PASSED] - Delayed 3 second(s)

2021-10-20 00:51:29 - [TEST_STEP][FAILED] - setText(findTestObject(orPath_TaxInfo + "/input_FEIN"), "123456"): Unable to set text '123456' of object 'Object Repository/RAD_Pages/TaxInfo_Page/input_FEIN' (Root cause: com.kms.katalon.core.exception.StepFailedException: Unable to set text '123456' of object 'Object Repository/RAD_Pages/TaxInfo_Page/input_FEIN'
	at com.kms.katalon.core.webui.keyword.internal.WebUIKeywordMain.stepFailed(WebUIKeywordMain.groovy:64)
	at com.kms.katalon.core.webui.keyword.internal.WebUIKeywordMain.runKeyword(WebUIKeywordMain.groovy:26)
	at com.kms.katalon.core.webui.keyword.builtin.SetTextKeyword.setText(SetTextKeyword.groovy:66)
	at com.kms.katalon.core.webui.keyword.builtin.SetTextKeyword.execute(SetTextKeyword.groovy:37)
	at com.kms.katalon.core.keyword.internal.KeywordExecutor.executeKeywordForPlatform(KeywordExecutor.groovy:73)
	at com.kms.katalon.core.webui.keyword.WebUiBuiltInKeywords.setText(WebUiBuiltInKeywords.groovy:980)
	at com.kms.katalon.core.webui.keyword.WebUiBuiltInKeywords$setText$3.call(Unknown Source)
	at Payments_ExistingLiability_HC_TC.run(Payments_ExistingLiability_HC_TC:130)
	at com.kms.katalon.core.main.ScriptEngine.run(ScriptEngine.java:194)
	at com.kms.katalon.core.main.ScriptEngine.runScriptAsRawText(ScriptEngine.java:119)
	at com.kms.katalon.core.main.TestCaseExecutor.runScript(TestCaseExecutor.java:369)
	at com.kms.katalon.core.main.TestCaseExecutor.doExecute(TestCaseExecutor.java:360)
	at com.kms.katalon.core.main.TestCaseExecutor.processExecutionPhase(TestCaseExecutor.java:339)
	at com.kms.katalon.core.main.TestCaseExecutor.accessMainPhase(TestCaseExecutor.java:331)
	at com.kms.katalon.core.main.TestCaseExecutor.execute(TestCaseExecutor.java:248)
	at com.kms.katalon.core.main.TestSuiteExecutor.accessTestCaseMainPhase(TestSuiteExecutor.java:191)
	at com.kms.katalon.core.main.TestSuiteExecutor.accessTestSuiteMainPhase(TestSuiteExecutor.java:140)
	at com.kms.katalon.core.main.TestSuiteExecutor.execute(TestSuiteExecutor.java:89)
	at com.kms.katalon.core.main.TestCaseMain.startTestSuite(TestCaseMain.java:185)
	at com.kms.katalon.core.main.TestCaseMain$startTestSuite$0.call(Unknown Source)
	at TempTestSuite1634705209531.run(TempTestSuite1634705209531.groovy:39)
Caused by: org.openqa.selenium.ElementNotInteractableException: element not interactable
  (Session info: chrome=94.0.4606.81)
Build info: version: '3.141.59', revision: 'e82be7d358', time: '2018-11-14T08:25:53'
System info: host: 'DESKTOP-B2QI6NS', ip: '172.30.2.167', os.name: 'Windows 10', os.arch: 'amd64', os.version: '10.0', java.version: '1.8.0_181'
Driver info: com.kms.katalon.selenium.driver.CChromeDriver
Capabilities {acceptInsecureCerts: true, browserName: chrome, browserVersion: 94.0.4606.81, chrome: {chromedriverVersion: 94.0.4606.61 (418b78f5838ed..., userDataDir: C:\Users\iahmed\AppData\Loc...}, goog:chromeOptions: {debuggerAddress: localhost:55396}, javascriptEnabled: true, networkConnectionEnabled: false, pageLoadStrategy: normal, platform: WINDOWS, platformName: WINDOWS, proxy: Proxy(), setWindowRect: true, strictFileInteractability: false, timeouts: {implicit: 0, pageLoad: 300000, script: 30000}, unhandledPromptBehavior: dismiss and notify, webauthn:extension:credBlob: true, webauthn:extension:largeBlob: true, webauthn:virtualAuthenticators: true}
Session ID: 0c6e2f4bf4ee9046e7fdc2d039638cce
	at org.openqa.selenium.remote.http.W3CHttpResponseCodec.createException(W3CHttpResponseCodec.java:187)
	at org.openqa.selenium.remote.http.W3CHttpResponseCodec.decode(W3CHttpResponseCodec.java:122)
	at org.openqa.selenium.remote.http.W3CHttpResponseCodec.decode(W3CHttpResponseCodec.java:49)
	at org.openqa.selenium.remote.HttpCommandExecutor.execute(HttpCommandExecutor.java:158)
	at org.openqa.selenium.remote.service.DriverCommandExecutor.execute(DriverCommandExecutor.java:83)
	at org.openqa.selenium.remote.RemoteWebDriver.execute(RemoteWebDriver.java:552)
	at com.kms.katalon.selenium.driver.CChromeDriver.execute(CChromeDriver.java:19)
	at org.openqa.selenium.remote.RemoteWebElement.execute(RemoteWebElement.java:285)
	at org.openqa.selenium.remote.RemoteWebElement.clear(RemoteWebElement.java:124)
	at org.openqa.selenium.support.events.EventFiringWebDriver$EventFiringWebElement.lambda$new$0(EventFiringWebDriver.java:404)
	at com.sun.proxy.$Proxy11.clear(Unknown Source)
	at org.openqa.selenium.support.events.EventFiringWebDriver$EventFiringWebElement.clear(EventFiringWebDriver.java:436)
	at com.kms.katalon.core.webui.keyword.builtin.SetTextKeyword$_setText_closure1.doCall(SetTextKeyword.groovy:53)
	at com.kms.katalon.core.webui.keyword.builtin.SetTextKeyword$_setText_closure1.call(SetTextKeyword.groovy)
	at com.kms.katalon.core.webui.keyword.internal.WebUIKeywordMain.runKeyword(WebUIKeywordMain.groovy:20)
	at com.kms.katalon.core.webui.keyword.builtin.SetTextKeyword.setText(SetTextKeyword.groovy:66)
	at com.kms.katalon.core.webui.keyword.builtin.SetTextKeyword.execute(SetTextKeyword.groovy:37)
	at com.kms.katalon.core.keyword.internal.KeywordExecutor.executeKeywordForPlatform(KeywordExecutor.groovy:73)
	at com.kms.katalon.core.webui.keyword.WebUiBuiltInKeywords.setText(WebUiBuiltInKeywords.groovy:980)
	at com.kms.katalon.core.webui.keyword.WebUiBuiltInKeywords$setText$3.call(Unknown Source)
	at Script1634702981988.run(Script1634702981988.groovy:130)
	... 13 more
)

2021-10-20 00:51:29 - [MESSAGE][FAILED] - Unable to set text '123456' of object 'Object Repository/RAD_Pages/TaxInfo_Page/input_FEIN' (Root cause: com.kms.katalon.core.exception.StepFailedException: Unable to set text '123456' of object 'Object Repository/RAD_Pages/TaxInfo_Page/input_FEIN'
	at com.kms.katalon.core.webui.keyword.internal.WebUIKeywordMain.stepFailed(WebUIKeywordMain.groovy:64)
	at com.kms.katalon.core.webui.keyword.internal.WebUIKeywordMain.runKeyword(WebUIKeywordMain.groovy:26)
	at com.kms.katalon.core.webui.keyword.builtin.SetTextKeyword.setText(SetTextKeyword.groovy:66)
	at com.kms.katalon.core.webui.keyword.builtin.SetTextKeyword.execute(SetTextKeyword.groovy:37)
	at com.kms.katalon.core.keyword.internal.KeywordExecutor.executeKeywordForPlatform(KeywordExecutor.groovy:73)
	at com.kms.katalon.core.webui.keyword.WebUiBuiltInKeywords.setText(WebUiBuiltInKeywords.groovy:980)
	at com.kms.katalon.core.webui.keyword.WebUiBuiltInKeywords$setText$3.call(Unknown Source)
	at Payments_ExistingLiability_HC_TC.run(Payments_ExistingLiability_HC_TC:130)
	at com.kms.katalon.core.main.ScriptEngine.run(ScriptEngine.java:194)
	at com.kms.katalon.core.main.ScriptEngine.runScriptAsRawText(ScriptEngine.java:119)
	at com.kms.katalon.core.main.TestCaseExecutor.runScript(TestCaseExecutor.java:369)
	at com.kms.katalon.core.main.TestCaseExecutor.doExecute(TestCaseExecutor.java:360)
	at com.kms.katalon.core.main.TestCaseExecutor.processExecutionPhase(TestCaseExecutor.java:339)
	at com.kms.katalon.core.main.TestCaseExecutor.accessMainPhase(TestCaseExecutor.java:331)
	at com.kms.katalon.core.main.TestCaseExecutor.execute(TestCaseExecutor.java:248)
	at com.kms.katalon.core.main.TestSuiteExecutor.accessTestCaseMainPhase(TestSuiteExecutor.java:191)
	at com.kms.katalon.core.main.TestSuiteExecutor.accessTestSuiteMainPhase(TestSuiteExecutor.java:140)
	at com.kms.katalon.core.main.TestSuiteExecutor.execute(TestSuiteExecutor.java:89)
	at com.kms.katalon.core.main.TestCaseMain.startTestSuite(TestCaseMain.java:185)
	at com.kms.katalon.core.main.TestCaseMain$startTestSuite$0.call(Unknown Source)
	at TempTestSuite1634705209531.run(TempTestSuite1634705209531.groovy:39)
Caused by: org.openqa.selenium.ElementNotInteractableException: element not interactable
  (Session info: chrome=94.0.4606.81)
Build info: version: '3.141.59', revision: 'e82be7d358', time: '2018-11-14T08:25:53'
System info: host: 'DESKTOP-B2QI6NS', ip: '172.30.2.167', os.name: 'Windows 10', os.arch: 'amd64', os.version: '10.0', java.version: '1.8.0_181'
Driver info: com.kms.katalon.selenium.driver.CChromeDriver
Capabilities {acceptInsecureCerts: true, browserName: chrome, browserVersion: 94.0.4606.81, chrome: {chromedriverVersion: 94.0.4606.61 (418b78f5838ed..., userDataDir: C:\Users\iahmed\AppData\Loc...}, goog:chromeOptions: {debuggerAddress: localhost:55396}, javascriptEnabled: true, networkConnectionEnabled: false, pageLoadStrategy: normal, platform: WINDOWS, platformName: WINDOWS, proxy: Proxy(), setWindowRect: true, strictFileInteractability: false, timeouts: {implicit: 0, pageLoad: 300000, script: 30000}, unhandledPromptBehavior: dismiss and notify, webauthn:extension:credBlob: true, webauthn:extension:largeBlob: true, webauthn:virtualAuthenticators: true}
Session ID: 0c6e2f4bf4ee9046e7fdc2d039638cce
	at org.openqa.selenium.remote.http.W3CHttpResponseCodec.createException(W3CHttpResponseCodec.java:187)
	at org.openqa.selenium.remote.http.W3CHttpResponseCodec.decode(W3CHttpResponseCodec.java:122)
	at org.openqa.selenium.remote.http.W3CHttpResponseCodec.decode(W3CHttpResponseCodec.java:49)
	at org.openqa.selenium.remote.HttpCommandExecutor.execute(HttpCommandExecutor.java:158)
	at org.openqa.selenium.remote.service.DriverCommandExecutor.execute(DriverCommandExecutor.java:83)
	at org.openqa.selenium.remote.RemoteWebDriver.execute(RemoteWebDriver.java:552)
	at com.kms.katalon.selenium.driver.CChromeDriver.execute(CChromeDriver.java:19)
	at org.openqa.selenium.remote.RemoteWebElement.execute(RemoteWebElement.java:285)
	at org.openqa.selenium.remote.RemoteWebElement.clear(RemoteWebElement.java:124)
	at org.openqa.selenium.support.events.EventFiringWebDriver$EventFiringWebElement.lambda$new$0(EventFiringWebDriver.java:404)
	at com.sun.proxy.$Proxy11.clear(Unknown Source)
	at org.openqa.selenium.support.events.EventFiringWebDriver$EventFiringWebElement.clear(EventFiringWebDriver.java:436)
	at com.kms.katalon.core.webui.keyword.builtin.SetTextKeyword$_setText_closure1.doCall(SetTextKeyword.groovy:53)
	at com.kms.katalon.core.webui.keyword.builtin.SetTextKeyword$_setText_closure1.call(SetTextKeyword.groovy)
	at com.kms.katalon.core.webui.keyword.internal.WebUIKeywordMain.runKeyword(WebUIKeywordMain.groovy:20)
	at com.kms.katalon.core.webui.keyword.builtin.SetTextKeyword.setText(SetTextKeyword.groovy:66)
	at com.kms.katalon.core.webui.keyword.builtin.SetTextKeyword.execute(SetTextKeyword.groovy:37)
	at com.kms.katalon.core.keyword.internal.KeywordExecutor.executeKeywordForPlatform(KeywordExecutor.groovy:73)
	at com.kms.katalon.core.webui.keyword.WebUiBuiltInKeywords.setText(WebUiBuiltInKeywords.groovy:980)
	at com.kms.katalon.core.webui.keyword.WebUiBuiltInKeywords$setText$3.call(Unknown Source)
	at Script1634702981988.run(Script1634702981988.groovy:130)
	... 13 more
)
[[ATTACHMENT|E:\\Cloned-Project-Katalon\\VPS-Katalon\\Reports\\20211020_004649\\RAD_TestSuite\\RAD_UI_TestSuite\\20211020_004649\\1634705489692.png]]

2021-10-20 00:51:29 - [TEST_STEP][FAILED] - setText(findTestObject(orPath_TaxInfo + "/input_ReTypeFEIN"), "123456"): Unable to set text '123456' of object 'Object Repository/RAD_Pages/TaxInfo_Page/input_ReTypeFEIN' (Root cause: com.kms.katalon.core.exception.StepFailedException: Unable to set text '123456' of object 'Object Repository/RAD_Pages/TaxInfo_Page/input_ReTypeFEIN'
	at com.kms.katalon.core.webui.keyword.internal.WebUIKeywordMain.stepFailed(WebUIKeywordMain.groovy:64)
	at com.kms.katalon.core.webui.keyword.internal.WebUIKeywordMain.runKeyword(WebUIKeywordMain.groovy:26)
	at com.kms.katalon.core.webui.keyword.builtin.SetTextKeyword.setText(SetTextKeyword.groovy:66)
	at com.kms.katalon.core.webui.keyword.builtin.SetTextKeyword.execute(SetTextKeyword.groovy:37)
	at com.kms.katalon.core.keyword.internal.KeywordExecutor.executeKeywordForPlatform(KeywordExecutor.groovy:73)
	at com.kms.katalon.core.webui.keyword.WebUiBuiltInKeywords.setText(WebUiBuiltInKeywords.groovy:980)
	at com.kms.katalon.core.webui.keyword.WebUiBuiltInKeywords$setText$3.call(Unknown Source)
	at Payments_ExistingLiability_HC_TC.run(Payments_ExistingLiability_HC_TC:131)
	at com.kms.katalon.core.main.ScriptEngine.run(ScriptEngine.java:194)
	at com.kms.katalon.core.main.ScriptEngine.runScriptAsRawText(ScriptEngine.java:119)
	at com.kms.katalon.core.main.TestCaseExecutor.runScript(TestCaseExecutor.java:369)
	at com.kms.katalon.core.main.TestCaseExecutor.doExecute(TestCaseExecutor.java:360)
	at com.kms.katalon.core.main.TestCaseExecutor.processExecutionPhase(TestCaseExecutor.java:339)
	at com.kms.katalon.core.main.TestCaseExecutor.accessMainPhase(TestCaseExecutor.java:331)
	at com.kms.katalon.core.main.TestCaseExecutor.execute(TestCaseExecutor.java:248)
	at com.kms.katalon.core.main.TestSuiteExecutor.accessTestCaseMainPhase(TestSuiteExecutor.java:191)
	at com.kms.katalon.core.main.TestSuiteExecutor.accessTestSuiteMainPhase(TestSuiteExecutor.java:140)
	at com.kms.katalon.core.main.TestSuiteExecutor.execute(TestSuiteExecutor.java:89)
	at com.kms.katalon.core.main.TestCaseMain.startTestSuite(TestCaseMain.java:185)
	at com.kms.katalon.core.main.TestCaseMain$startTestSuite$0.call(Unknown Source)
	at TempTestSuite1634705209531.run(TempTestSuite1634705209531.groovy:39)
Caused by: org.openqa.selenium.ElementNotInteractableException: element not interactable
  (Session info: chrome=94.0.4606.81)
Build info: version: '3.141.59', revision: 'e82be7d358', time: '2018-11-14T08:25:53'
System info: host: 'DESKTOP-B2QI6NS', ip: '172.30.2.167', os.name: 'Windows 10', os.arch: 'amd64', os.version: '10.0', java.version: '1.8.0_181'
Driver info: com.kms.katalon.selenium.driver.CChromeDriver
Capabilities {acceptInsecureCerts: true, browserName: chrome, browserVersion: 94.0.4606.81, chrome: {chromedriverVersion: 94.0.4606.61 (418b78f5838ed..., userDataDir: C:\Users\iahmed\AppData\Loc...}, goog:chromeOptions: {debuggerAddress: localhost:55396}, javascriptEnabled: true, networkConnectionEnabled: false, pageLoadStrategy: normal, platform: WINDOWS, platformName: WINDOWS, proxy: Proxy(), setWindowRect: true, strictFileInteractability: false, timeouts: {implicit: 0, pageLoad: 300000, script: 30000}, unhandledPromptBehavior: dismiss and notify, webauthn:extension:credBlob: true, webauthn:extension:largeBlob: true, webauthn:virtualAuthenticators: true}
Session ID: 0c6e2f4bf4ee9046e7fdc2d039638cce
	at org.openqa.selenium.remote.http.W3CHttpResponseCodec.createException(W3CHttpResponseCodec.java:187)
	at org.openqa.selenium.remote.http.W3CHttpResponseCodec.decode(W3CHttpResponseCodec.java:122)
	at org.openqa.selenium.remote.http.W3CHttpResponseCodec.decode(W3CHttpResponseCodec.java:49)
	at org.openqa.selenium.remote.HttpCommandExecutor.execute(HttpCommandExecutor.java:158)
	at org.openqa.selenium.remote.service.DriverCommandExecutor.execute(DriverCommandExecutor.java:83)
	at org.openqa.selenium.remote.RemoteWebDriver.execute(RemoteWebDriver.java:552)
	at com.kms.katalon.selenium.driver.CChromeDriver.execute(CChromeDriver.java:19)
	at org.openqa.selenium.remote.RemoteWebElement.execute(RemoteWebElement.java:285)
	at org.openqa.selenium.remote.RemoteWebElement.clear(RemoteWebElement.java:124)
	at org.openqa.selenium.support.events.EventFiringWebDriver$EventFiringWebElement.lambda$new$0(EventFiringWebDriver.java:404)
	at com.sun.proxy.$Proxy11.clear(Unknown Source)
	at org.openqa.selenium.support.events.EventFiringWebDriver$EventFiringWebElement.clear(EventFiringWebDriver.java:436)
	at com.kms.katalon.core.webui.keyword.builtin.SetTextKeyword$_setText_closure1.doCall(SetTextKeyword.groovy:53)
	at com.kms.katalon.core.webui.keyword.builtin.SetTextKeyword$_setText_closure1.call(SetTextKeyword.groovy)
	at com.kms.katalon.core.webui.keyword.internal.WebUIKeywordMain.runKeyword(WebUIKeywordMain.groovy:20)
	at com.kms.katalon.core.webui.keyword.builtin.SetTextKeyword.setText(SetTextKeyword.groovy:66)
	at com.kms.katalon.core.webui.keyword.builtin.SetTextKeyword.execute(SetTextKeyword.groovy:37)
	at com.kms.katalon.core.keyword.internal.KeywordExecutor.executeKeywordForPlatform(KeywordExecutor.groovy:73)
	at com.kms.katalon.core.webui.keyword.WebUiBuiltInKeywords.setText(WebUiBuiltInKeywords.groovy:980)
	at com.kms.katalon.core.webui.keyword.WebUiBuiltInKeywords$setText$3.call(Unknown Source)
	at Script1634702981988.run(Script1634702981988.groovy:131)
	... 13 more
)

2021-10-20 00:51:30 - [MESSAGE][FAILED] - Unable to set text '123456' of object 'Object Repository/RAD_Pages/TaxInfo_Page/input_ReTypeFEIN' (Root cause: com.kms.katalon.core.exception.StepFailedException: Unable to set text '123456' of object 'Object Repository/RAD_Pages/TaxInfo_Page/input_ReTypeFEIN'
	at com.kms.katalon.core.webui.keyword.internal.WebUIKeywordMain.stepFailed(WebUIKeywordMain.groovy:64)
	at com.kms.katalon.core.webui.keyword.internal.WebUIKeywordMain.runKeyword(WebUIKeywordMain.groovy:26)
	at com.kms.katalon.core.webui.keyword.builtin.SetTextKeyword.setText(SetTextKeyword.groovy:66)
	at com.kms.katalon.core.webui.keyword.builtin.SetTextKeyword.execute(SetTextKeyword.groovy:37)
	at com.kms.katalon.core.keyword.internal.KeywordExecutor.executeKeywordForPlatform(KeywordExecutor.groovy:73)
	at com.kms.katalon.core.webui.keyword.WebUiBuiltInKeywords.setText(WebUiBuiltInKeywords.groovy:980)
	at com.kms.katalon.core.webui.keyword.WebUiBuiltInKeywords$setText$3.call(Unknown Source)
	at Payments_ExistingLiability_HC_TC.run(Payments_ExistingLiability_HC_TC:131)
	at com.kms.katalon.core.main.ScriptEngine.run(ScriptEngine.java:194)
	at com.kms.katalon.core.main.ScriptEngine.runScriptAsRawText(ScriptEngine.java:119)
	at com.kms.katalon.core.main.TestCaseExecutor.runScript(TestCaseExecutor.java:369)
	at com.kms.katalon.core.main.TestCaseExecutor.doExecute(TestCaseExecutor.java:360)
	at com.kms.katalon.core.main.TestCaseExecutor.processExecutionPhase(TestCaseExecutor.java:339)
	at com.kms.katalon.core.main.TestCaseExecutor.accessMainPhase(TestCaseExecutor.java:331)
	at com.kms.katalon.core.main.TestCaseExecutor.execute(TestCaseExecutor.java:248)
	at com.kms.katalon.core.main.TestSuiteExecutor.accessTestCaseMainPhase(TestSuiteExecutor.java:191)
	at com.kms.katalon.core.main.TestSuiteExecutor.accessTestSuiteMainPhase(TestSuiteExecutor.java:140)
	at com.kms.katalon.core.main.TestSuiteExecutor.execute(TestSuiteExecutor.java:89)
	at com.kms.katalon.core.main.TestCaseMain.startTestSuite(TestCaseMain.java:185)
	at com.kms.katalon.core.main.TestCaseMain$startTestSuite$0.call(Unknown Source)
	at TempTestSuite1634705209531.run(TempTestSuite1634705209531.groovy:39)
Caused by: org.openqa.selenium.ElementNotInteractableException: element not interactable
  (Session info: chrome=94.0.4606.81)
Build info: version: '3.141.59', revision: 'e82be7d358', time: '2018-11-14T08:25:53'
System info: host: 'DESKTOP-B2QI6NS', ip: '172.30.2.167', os.name: 'Windows 10', os.arch: 'amd64', os.version: '10.0', java.version: '1.8.0_181'
Driver info: com.kms.katalon.selenium.driver.CChromeDriver
Capabilities {acceptInsecureCerts: true, browserName: chrome, browserVersion: 94.0.4606.81, chrome: {chromedriverVersion: 94.0.4606.61 (418b78f5838ed..., userDataDir: C:\Users\iahmed\AppData\Loc...}, goog:chromeOptions: {debuggerAddress: localhost:55396}, javascriptEnabled: true, networkConnectionEnabled: false, pageLoadStrategy: normal, platform: WINDOWS, platformName: WINDOWS, proxy: Proxy(), setWindowRect: true, strictFileInteractability: false, timeouts: {implicit: 0, pageLoad: 300000, script: 30000}, unhandledPromptBehavior: dismiss and notify, webauthn:extension:credBlob: true, webauthn:extension:largeBlob: true, webauthn:virtualAuthenticators: true}
Session ID: 0c6e2f4bf4ee9046e7fdc2d039638cce
	at org.openqa.selenium.remote.http.W3CHttpResponseCodec.createException(W3CHttpResponseCodec.java:187)
	at org.openqa.selenium.remote.http.W3CHttpResponseCodec.decode(W3CHttpResponseCodec.java:122)
	at org.openqa.selenium.remote.http.W3CHttpResponseCodec.decode(W3CHttpResponseCodec.java:49)
	at org.openqa.selenium.remote.HttpCommandExecutor.execute(HttpCommandExecutor.java:158)
	at org.openqa.selenium.remote.service.DriverCommandExecutor.execute(DriverCommandExecutor.java:83)
	at org.openqa.selenium.remote.RemoteWebDriver.execute(RemoteWebDriver.java:552)
	at com.kms.katalon.selenium.driver.CChromeDriver.execute(CChromeDriver.java:19)
	at org.openqa.selenium.remote.RemoteWebElement.execute(RemoteWebElement.java:285)
	at org.openqa.selenium.remote.RemoteWebElement.clear(RemoteWebElement.java:124)
	at org.openqa.selenium.support.events.EventFiringWebDriver$EventFiringWebElement.lambda$new$0(EventFiringWebDriver.java:404)
	at com.sun.proxy.$Proxy11.clear(Unknown Source)
	at org.openqa.selenium.support.events.EventFiringWebDriver$EventFiringWebElement.clear(EventFiringWebDriver.java:436)
	at com.kms.katalon.core.webui.keyword.builtin.SetTextKeyword$_setText_closure1.doCall(SetTextKeyword.groovy:53)
	at com.kms.katalon.core.webui.keyword.builtin.SetTextKeyword$_setText_closure1.call(SetTextKeyword.groovy)
	at com.kms.katalon.core.webui.keyword.internal.WebUIKeywordMain.runKeyword(WebUIKeywordMain.groovy:20)
	at com.kms.katalon.core.webui.keyword.builtin.SetTextKeyword.setText(SetTextKeyword.groovy:66)
	at com.kms.katalon.core.webui.keyword.builtin.SetTextKeyword.execute(SetTextKeyword.groovy:37)
	at com.kms.katalon.core.keyword.internal.KeywordExecutor.executeKeywordForPlatform(KeywordExecutor.groovy:73)
	at com.kms.katalon.core.webui.keyword.WebUiBuiltInKeywords.setText(WebUiBuiltInKeywords.groovy:980)
	at com.kms.katalon.core.webui.keyword.WebUiBuiltInKeywords$setText$3.call(Unknown Source)
	at Script1634702981988.run(Script1634702981988.groovy:131)
	... 13 more
)
[[ATTACHMENT|E:\\Cloned-Project-Katalon\\VPS-Katalon\\Reports\\20211020_004649\\RAD_TestSuite\\RAD_UI_TestSuite\\20211020_004649\\1634705490310.png]]

2021-10-20 00:51:30 - [TEST_STEP][PASSED] - setText(findTestObject(orPath_TaxInfo + "/input_NoticeInvoiceNumber"), "965896"): Text '965896' is set on object 'Object Repository/RAD_Pages/TaxInfo_Page/input_NoticeInvoiceNumber'

2021-10-20 00:51:31 - [MESSAGE][PASSED] - Text '965896' is set on object 'Object Repository/RAD_Pages/TaxInfo_Page/input_NoticeInvoiceNumber'

2021-10-20 00:51:31 - [TEST_STEP][PASSED] - setText(findTestObject(orPath_TaxInfo + "/input_reTypeNoticeInvoiceNumber"), "965896"): Text '965896' is set on object 'Object Repository/RAD_Pages/TaxInfo_Page/input_reTypeNoticeInvoiceNumber'

2021-10-20 00:51:32 - [MESSAGE][PASSED] - Text '965896' is set on object 'Object Repository/RAD_Pages/TaxInfo_Page/input_reTypeNoticeInvoiceNumber'

2021-10-20 00:51:32 - [TEST_STEP][PASSED] - setText(findTestObject(orPath_Amount + "/input__paymentAmount"), Amount): Text '70.50' is set on object 'Object Repository/RAD_Pages/PaymentAmount_Page/input__paymentAmount'

2021-10-20 00:51:32 - [MESSAGE][PASSED] - Text '70.50' is set on object 'Object Repository/RAD_Pages/PaymentAmount_Page/input__paymentAmount'

2021-10-20 00:51:32 - [TEST_STEP][PASSED] - scrollToElement(findTestObject(orPath_Landing + "/button_Continue"), 3): Scroll to object 'Object Repository/RAD_Pages/Landing_Page/button_Continue' successfully

2021-10-20 00:51:33 - [MESSAGE][PASSED] - Scroll to object 'Object Repository/RAD_Pages/Landing_Page/button_Continue' successfully

2021-10-20 00:51:33 - [TEST_STEP][PASSED] - waitForElementClickable(findTestObject(orPath_Landing + "/button_Continue"), 5): Object 'Object Repository/RAD_Pages/Landing_Page/button_Continue' is clickable

2021-10-20 00:51:33 - [MESSAGE][PASSED] - Object 'Object Repository/RAD_Pages/Landing_Page/button_Continue' is clickable

2021-10-20 00:51:33 - [TEST_STEP][PASSED] - click(findTestObject(orPath_Landing + "/button_Continue")): Object: 'Object Repository/RAD_Pages/Landing_Page/button_Continue' is clicked on

2021-10-20 00:51:33 - [MESSAGE][PASSED] - Object: 'Object Repository/RAD_Pages/Landing_Page/button_Continue' is clicked on

2021-10-20 00:51:33 - [TEST_STEP][PASSED] - verifyTextPresent("Review the information below and make any necessary corrections by clicking the", true): Text 'Review the information below and make any necessary corrections by clicking the' is present on page  using regular expression

2021-10-20 00:51:34 - [MESSAGE][PASSED] - Text 'Review the information below and make any necessary corrections by clicking the' is present on page  using regular expression

2021-10-20 00:51:34 - [TEST_STEP][PASSED] - verifyTextPresent("When you are confident that all the information is correct", true): Text 'When you are confident that all the information is correct' is present on page  using regular expression

2021-10-20 00:51:34 - [MESSAGE][PASSED] - Text 'When you are confident that all the information is correct' is present on page  using regular expression

2021-10-20 00:51:34 - [TEST_STEP][PASSED] - scrollToElement(findTestObject(orPath_Summary + "/button_Continue_Summary"), 3): Scroll to object 'Object Repository/RAD_Pages/Summary_Page/button_Continue_Summary' successfully

2021-10-20 00:51:35 - [MESSAGE][PASSED] - Scroll to object 'Object Repository/RAD_Pages/Summary_Page/button_Continue_Summary' successfully

2021-10-20 00:51:35 - [TEST_STEP][PASSED] - waitForElementClickable(findTestObject(orPath_Summary + "/button_Continue_Summary"), 5): Object 'Object Repository/RAD_Pages/Summary_Page/button_Continue_Summary' is clickable

2021-10-20 00:51:35 - [MESSAGE][PASSED] - Object 'Object Repository/RAD_Pages/Summary_Page/button_Continue_Summary' is clickable

2021-10-20 00:51:35 - [TEST_STEP][PASSED] - delay(3): Delayed 3 second(s)

2021-10-20 00:51:38 - [MESSAGE][PASSED] - Delayed 3 second(s)

2021-10-20 00:51:38 - [TEST_STEP][PASSED] - click(findTestObject(orPath_Summary + "/button_Continue_Summary")): Object: 'Object Repository/RAD_Pages/Summary_Page/button_Continue_Summary' is clicked on

2021-10-20 00:51:38 - [MESSAGE][PASSED] - Object: 'Object Repository/RAD_Pages/Summary_Page/button_Continue_Summary' is clicked on

2021-10-20 00:51:38 - [TEST_STEP][PASSED] - delay(3): Delayed 3 second(s)

2021-10-20 00:51:41 - [MESSAGE][PASSED] - Delayed 3 second(s)

2021-10-20 00:51:41 - [TEST_STEP][PASSED] - click(findTestObject(orPath_PaymentReady + "/button_ProceedtoPayment")): Object: 'Object Repository/RAD_Pages/PaymentReady_Page/button_ProceedtoPayment' is clicked on

2021-10-20 00:51:43 - [MESSAGE][PASSED] - Object: 'Object Repository/RAD_Pages/PaymentReady_Page/button_ProceedtoPayment' is clicked on

2021-10-20 00:51:43 - [TEST_STEP][PASSED] - setText(findTestObject(orPath_PaymentEntry + "/input__cardNumber"), CCNumber): Text '4012000098765439' is set on object 'Object Repository/RAD_Pages/PaymentEntry_Page/input__cardNumber'

2021-10-20 00:51:44 - [MESSAGE][PASSED] - Text '4012000098765439' is set on object 'Object Repository/RAD_Pages/PaymentEntry_Page/input__cardNumber'

2021-10-20 00:51:44 - [TEST_STEP][PASSED] - setText(findTestObject(orPath_PaymentEntry + "/input__spc"), CVV): Text '123' is set on object 'Object Repository/RAD_Pages/PaymentEntry_Page/input__spc'

2021-10-20 00:51:45 - [MESSAGE][PASSED] - Text '123' is set on object 'Object Repository/RAD_Pages/PaymentEntry_Page/input__spc'

2021-10-20 00:51:45 - [TEST_STEP][PASSED] - selectOptionByLabel(findTestObject(orPath_PaymentEntry + "/select_MM"), "12", false): All options with label '12' are selected in object 'Object Repository/RAD_Pages/PaymentEntry_Page/select_MM' 

2021-10-20 00:51:45 - [MESSAGE][PASSED] - All options with label '12' are selected in object 'Object Repository/RAD_Pages/PaymentEntry_Page/select_MM' 

2021-10-20 00:51:45 - [TEST_STEP][PASSED] - selectOptionByLabel(findTestObject(orPath_PaymentEntry + "/select_YYYY"), "2023", false): All options with label '2023' are selected in object 'Object Repository/RAD_Pages/PaymentEntry_Page/select_YYYY' 

2021-10-20 00:51:46 - [MESSAGE][PASSED] - All options with label '2023' are selected in object 'Object Repository/RAD_Pages/PaymentEntry_Page/select_YYYY' 

2021-10-20 00:51:46 - [TEST_STEP][PASSED] - click(findTestObject(orPath_PaymentEntry + "/input_Field_ccSubmit")): Object: 'Object Repository/RAD_Pages/PaymentEntry_Page/input_Field_ccSubmit' is clicked on

2021-10-20 00:51:47 - [MESSAGE][PASSED] - Object: 'Object Repository/RAD_Pages/PaymentEntry_Page/input_Field_ccSubmit' is clicked on

2021-10-20 00:51:47 - [TEST_STEP][PASSED] - click(findTestObject(orPath_PaymentConfirmation + "/input_N_confirmNotifyAction")): Object: 'Object Repository/RAD_Pages/PaymentConfirmation_Page/input_N_confirmNotifyAction' is clicked on

2021-10-20 00:51:48 - [MESSAGE][PASSED] - Object: 'Object Repository/RAD_Pages/PaymentConfirmation_Page/input_N_confirmNotifyAction' is clicked on

2021-10-20 00:51:48 - [TEST_STEP][PASSED] - click(findTestObject(orPath_ServiceFeesAccept + "/input_convFeeNotifyAction")): Object: 'Object Repository/RAD_Pages/ServiceFeeAccept_Page/input_convFeeNotifyAction' is clicked on

2021-10-20 00:51:50 - [MESSAGE][PASSED] - Object: 'Object Repository/RAD_Pages/ServiceFeeAccept_Page/input_convFeeNotifyAction' is clicked on

2021-10-20 00:51:50 - [TEST_STEP][PASSED] - delay(10): Delayed 10 second(s)

2021-10-20 00:52:00 - [MESSAGE][PASSED] - Delayed 10 second(s)

2021-10-20 00:52:00 - [TEST_STEP][PASSED] - verifyTextPresent("Successful Payment Receipt", true): Text 'Successful Payment Receipt' is present on page  using regular expression

2021-10-20 00:52:00 - [MESSAGE][PASSED] - Text 'Successful Payment Receipt' is present on page  using regular expression

2021-10-20 00:52:00 - [TEST_STEP][PASSED] - if (verifyTextPresent("Successful Payment Receipt", true)): null

2021-10-20 00:52:00 - [MESSAGE][PASSED] - Text 'Successful Payment Receipt' is present on page  using regular expression

2021-10-20 00:52:00 - [TEST_STEP][PASSED] - println("Transaction was Successful"): null

2021-10-20 00:52:00 - [TEST_STEP][PASSED] - out.println("Pass Record Number: " + row): null

2021-10-20 00:52:00 - [TEST_STEP][PASSED] - resText = "Pass": null

2021-10-20 00:52:00 - [TEST_STEP][PASSED] - pages.WriteExcel.demoKey(resText, datText, resColumn, datCloumn, fileLoc, nameSheet, row): pages.WriteExcel.demoKey is PASSED

2021-10-20 00:52:00 - [MESSAGE][PASSED] - pages.WriteExcel.demoKey is PASSED

2021-10-20 00:52:00 - [TEST_STEP][PASSED] - ExecuteTC = findTestData(dataFile).getValue("Execute", row): null

2021-10-20 00:52:00 - [TEST_STEP][PASSED] - Taxtype = findTestData(dataFile).getValue("TaxType", row): null

2021-10-20 00:52:00 - [TEST_STEP][PASSED] - TaxTypeEL = findTestData(dataFile).getValue("TaxTypeEL", row): null

2021-10-20 00:52:00 - [TEST_STEP][PASSED] - FName = findTestData(dataFile).getValue("Fname", row): null

2021-10-20 00:52:01 - [TEST_STEP][PASSED] - LName = findTestData(dataFile).getValue("Lname", row): null

2021-10-20 00:52:01 - [TEST_STEP][PASSED] - AL1 = findTestData(dataFile).getValue("AL1", row): null

2021-10-20 00:52:01 - [TEST_STEP][PASSED] - City = findTestData(dataFile).getValue("City", row): null

2021-10-20 00:52:01 - [TEST_STEP][PASSED] - ZIP = findTestData(dataFile).getValue("ZIP", row): null

2021-10-20 00:52:01 - [TEST_STEP][PASSED] - Amount = findTestData(dataFile).getValue("Amount", row): null

2021-10-20 00:52:01 - [TEST_STEP][PASSED] - CCNumber = findTestData(dataFile).getValue("CCNumber", row): null

2021-10-20 00:52:01 - [TEST_STEP][PASSED] - CVV = findTestData(dataFile).getValue("CVV", row): null

2021-10-20 00:52:01 - [TEST_STEP][PASSED] - out.println("Value of Execute is : " + ExecuteTC): null

2021-10-20 00:52:01 - [TEST_STEP][FAILED] - if (ExecuteTC.equalsIgnoreCase("Y")): null

2021-10-20 00:52:01 - [TEST_STEP][PASSED] - out.println("Begin Record Number: " + row): null

2021-10-20 00:52:01 - [TEST_STEP][PASSED] - today = new java.util.Date(): null

2021-10-20 00:52:01 - [TEST_STEP][PASSED] - println(today): null

2021-10-20 00:52:01 - [TEST_STEP][PASSED] - datText = today: null

2021-10-20 00:52:01 - [TEST_STEP][PASSED] - Taxtype = findTestData(dataFile).getValue("TaxType", row): null

2021-10-20 00:52:01 - [TEST_STEP][PASSED] - out.println("Taxtype value is : " + Taxtype): null

2021-10-20 00:52:01 - [TEST_STEP][PASSED] - openBrowser(""): Browser is opened with url: ''

2021-10-20 00:52:01 - [MESSAGE][WARNING] - A browser is already opened. Closing browser and opening a new one

2021-10-20 00:52:02 - [MESSAGE][INFO] - Starting 'Chrome' driver

2021-10-20 00:52:02 - [MESSAGE][INFO] - User set preference: ['acceptInsecureCerts', 'true']

2021-10-20 00:52:02 - [MESSAGE][INFO] - Action delay is set to 0 milliseconds

2021-10-20 00:52:03 - [MESSAGE][PASSED] - Browser is opened with url: ''

2021-10-20 00:52:03 - [TEST_STEP][PASSED] - maximizeWindow(): Current window maximized

2021-10-20 00:52:03 - [MESSAGE][PASSED] - Current window maximized

2021-10-20 00:52:03 - [TEST_STEP][PASSED] - navigateToUrl(RADurl): Navigate to 'https://qa.velocitypayment.com/client/rad/index.html' successfully

2021-10-20 00:52:05 - [MESSAGE][PASSED] - Navigate to 'https://qa.velocitypayment.com/client/rad/index.html' successfully

2021-10-20 00:52:05 - [TEST_STEP][PASSED] - orPath_Landing = "Object Repository/RAD_Pages/Landing_Page": null

2021-10-20 00:52:05 - [TEST_STEP][PASSED] - orPath_TaxTypeFilingYear = "Object Repository/RAD_Pages/TaxTypeFilingYear_Page": null

2021-10-20 00:52:05 - [TEST_STEP][PASSED] - orPath_TaxPayer = "Object Repository/RAD_Pages/Taxpayer_Page": null

2021-10-20 00:52:05 - [TEST_STEP][PASSED] - orPath_AddressContact = "Object Repository/RAD_Pages/AddressAndContactInfo_Page": null

2021-10-20 00:52:05 - [TEST_STEP][PASSED] - orPath_FilingStatus = "Object Repository/RAD_Pages/FilingStatus_Page": null

2021-10-20 00:52:05 - [TEST_STEP][PASSED] - orPath_Amount = "Object Repository/RAD_Pages/PaymentAmount_Page": null

2021-10-20 00:52:05 - [TEST_STEP][PASSED] - orPath_TaxInfo = "Object Repository/RAD_Pages/TaxInfo_Page": null

2021-10-20 00:52:05 - [TEST_STEP][PASSED] - orPath_Withholding = "Object Repository/RAD_Pages/Withholding_Page": null

2021-10-20 00:52:05 - [TEST_STEP][PASSED] - orPath_Summary = "Object Repository/RAD_Pages/Summary_Page": null

2021-10-20 00:52:05 - [TEST_STEP][PASSED] - orPath_PaymentReady = "Object Repository/RAD_Pages/PaymentReady_Page": null

2021-10-20 00:52:05 - [TEST_STEP][PASSED] - orPath_PaymentEntry = "Object Repository/RAD_Pages/PaymentEntry_Page": null

2021-10-20 00:52:05 - [TEST_STEP][PASSED] - orPath_PaymentConfirmation = "Object Repository/RAD_Pages/PaymentConfirmation_Page": null

2021-10-20 00:52:05 - [TEST_STEP][PASSED] - orPath_ServiceFeesAccept = "Object Repository/RAD_Pages/ServiceFeeAccept_Page": null

2021-10-20 00:52:05 - [TEST_STEP][PASSED] - selectOptionByLabel(findTestObject(orPath_Landing + "/dd_TaxType"), Taxtype, false): All options with label 'Existing Liability' are selected in object 'Object Repository/RAD_Pages/Landing_Page/dd_TaxType' 

2021-10-20 00:52:06 - [MESSAGE][PASSED] - All options with label 'Existing Liability' are selected in object 'Object Repository/RAD_Pages/Landing_Page/dd_TaxType' 

2021-10-20 00:52:06 - [TEST_STEP][PASSED] - delay(3): Delayed 3 second(s)

2021-10-20 00:52:09 - [MESSAGE][PASSED] - Delayed 3 second(s)

2021-10-20 00:52:09 - [TEST_STEP][PASSED] - selectOptionByLabel(findTestObject(orPath_TaxTypeFilingYear + "/select_TaxType_ExistingLiability"), TaxTypeEL, false): All options with label 'PTE (LLC)' are selected in object 'Object Repository/RAD_Pages/TaxTypeFilingYear_Page/select_TaxType_ExistingLiability' 

2021-10-20 00:52:09 - [MESSAGE][PASSED] - All options with label 'PTE (LLC)' are selected in object 'Object Repository/RAD_Pages/TaxTypeFilingYear_Page/select_TaxType_ExistingLiability' 

2021-10-20 00:52:09 - [TEST_STEP][PASSED] - setText(findTestObject(orPath_TaxPayer + "/input_firstName"), FName): Text 'Joshua' is set on object 'Object Repository/RAD_Pages/Taxpayer_Page/input_firstName'

2021-10-20 00:52:10 - [MESSAGE][PASSED] - Text 'Joshua' is set on object 'Object Repository/RAD_Pages/Taxpayer_Page/input_firstName'

2021-10-20 00:52:10 - [TEST_STEP][PASSED] - setText(findTestObject(orPath_TaxPayer + "/input_lastName"), LName): Text 'Cook' is set on object 'Object Repository/RAD_Pages/Taxpayer_Page/input_lastName'

2021-10-20 00:52:11 - [MESSAGE][PASSED] - Text 'Cook' is set on object 'Object Repository/RAD_Pages/Taxpayer_Page/input_lastName'

2021-10-20 00:52:11 - [TEST_STEP][PASSED] - setText(findTestObject(orPath_TaxPayer + "/input_middleName"), "Johns"): Text 'Johns' is set on object 'Object Repository/RAD_Pages/Taxpayer_Page/input_middleName'

2021-10-20 00:52:11 - [MESSAGE][PASSED] - Text 'Johns' is set on object 'Object Repository/RAD_Pages/Taxpayer_Page/input_middleName'

2021-10-20 00:52:11 - [TEST_STEP][PASSED] - setText(findTestObject(orPath_TaxPayer + "/input_suffix"), "Sr"): Text 'Sr' is set on object 'Object Repository/RAD_Pages/Taxpayer_Page/input_suffix'

2021-10-20 00:52:12 - [MESSAGE][PASSED] - Text 'Sr' is set on object 'Object Repository/RAD_Pages/Taxpayer_Page/input_suffix'

2021-10-20 00:52:12 - [TEST_STEP][PASSED] - selectOptionByLabel(findTestObject(orPath_AddressContact + "/select_Country"), "United States", false): All options with label 'United States' are selected in object 'Object Repository/RAD_Pages/AddressAndContactInfo_Page/select_Country' 

2021-10-20 00:52:13 - [MESSAGE][PASSED] - All options with label 'United States' are selected in object 'Object Repository/RAD_Pages/AddressAndContactInfo_Page/select_Country' 

2021-10-20 00:52:13 - [TEST_STEP][PASSED] - setText(findTestObject(orPath_AddressContact + "/input_streetAddress1"), AL1): Text '2311 York road' is set on object 'Object Repository/RAD_Pages/AddressAndContactInfo_Page/input_streetAddress1'

2021-10-20 00:52:13 - [MESSAGE][PASSED] - Text '2311 York road' is set on object 'Object Repository/RAD_Pages/AddressAndContactInfo_Page/input_streetAddress1'

2021-10-20 00:52:13 - [TEST_STEP][PASSED] - setText(findTestObject(orPath_AddressContact + "/input_streetAddress2"), ""): Text '' is set on object 'Object Repository/RAD_Pages/AddressAndContactInfo_Page/input_streetAddress2'

2021-10-20 00:52:14 - [MESSAGE][PASSED] - Text '' is set on object 'Object Repository/RAD_Pages/AddressAndContactInfo_Page/input_streetAddress2'

2021-10-20 00:52:14 - [TEST_STEP][PASSED] - setText(findTestObject(orPath_AddressContact + "/input_city"), City): Text 'Gambrills' is set on object 'Object Repository/RAD_Pages/AddressAndContactInfo_Page/input_city'

2021-10-20 00:52:15 - [MESSAGE][PASSED] - Text 'Gambrills' is set on object 'Object Repository/RAD_Pages/AddressAndContactInfo_Page/input_city'

2021-10-20 00:52:15 - [TEST_STEP][PASSED] - selectOptionByLabel(findTestObject(orPath_AddressContact + "/select_State"), "Maryland", false): All options with label 'Maryland' are selected in object 'Object Repository/RAD_Pages/AddressAndContactInfo_Page/select_State' 

2021-10-20 00:52:15 - [MESSAGE][PASSED] - All options with label 'Maryland' are selected in object 'Object Repository/RAD_Pages/AddressAndContactInfo_Page/select_State' 

2021-10-20 00:52:15 - [TEST_STEP][PASSED] - setText(findTestObject(orPath_AddressContact + "/input_zipCode"), ZIP): Text '21054' is set on object 'Object Repository/RAD_Pages/AddressAndContactInfo_Page/input_zipCode'

2021-10-20 00:52:16 - [MESSAGE][PASSED] - Text '21054' is set on object 'Object Repository/RAD_Pages/AddressAndContactInfo_Page/input_zipCode'

2021-10-20 00:52:16 - [TEST_STEP][PASSED] - setText(findTestObject(orPath_AddressContact + "/input_phoneNumber"), "77038945000"): Text '77038945000' is set on object 'Object Repository/RAD_Pages/AddressAndContactInfo_Page/input_phoneNumber'

2021-10-20 00:52:17 - [MESSAGE][PASSED] - Text '77038945000' is set on object 'Object Repository/RAD_Pages/AddressAndContactInfo_Page/input_phoneNumber'

2021-10-20 00:52:17 - [TEST_STEP][PASSED] - setText(findTestObject(orPath_AddressContact + "/input_eMailAddress"), "iahmed@govolution.com"): Text 'iahmed@govolution.com' is set on object 'Object Repository/RAD_Pages/AddressAndContactInfo_Page/input_eMailAddress'

2021-10-20 00:52:17 - [MESSAGE][PASSED] - Text 'iahmed@govolution.com' is set on object 'Object Repository/RAD_Pages/AddressAndContactInfo_Page/input_eMailAddress'

2021-10-20 00:52:17 - [TEST_STEP][PASSED] - setText(findTestObject(orPath_AddressContact + "/input_reEnterEMailAddress"), "iahmed@govolution.com"): Text 'iahmed@govolution.com' is set on object 'Object Repository/RAD_Pages/AddressAndContactInfo_Page/input_reEnterEMailAddress'

2021-10-20 00:52:18 - [MESSAGE][PASSED] - Text 'iahmed@govolution.com' is set on object 'Object Repository/RAD_Pages/AddressAndContactInfo_Page/input_reEnterEMailAddress'

2021-10-20 00:52:18 - [TEST_STEP][PASSED] - setText(findTestObject(orPath_TaxInfo + "/input_TaxInfo_ExisitingSSN"), "111223333"): Text '111223333' is set on object 'Object Repository/RAD_Pages/TaxInfo_Page/input_TaxInfo_ExisitingSSN'

2021-10-20 00:52:19 - [MESSAGE][PASSED] - Text '111223333' is set on object 'Object Repository/RAD_Pages/TaxInfo_Page/input_TaxInfo_ExisitingSSN'

2021-10-20 00:52:19 - [TEST_STEP][PASSED] - setText(findTestObject(orPath_TaxInfo + "/input_TaxInfo_reTaxTypeExisitingSSN"), "111223333"): Text '111223333' is set on object 'Object Repository/RAD_Pages/TaxInfo_Page/input_TaxInfo_reTaxTypeExisitingSSN'

2021-10-20 00:52:20 - [MESSAGE][PASSED] - Text '111223333' is set on object 'Object Repository/RAD_Pages/TaxInfo_Page/input_TaxInfo_reTaxTypeExisitingSSN'

2021-10-20 00:52:20 - [TEST_STEP][PASSED] - scrollToElement(findTestObject(orPath_Amount + "/input__paymentAmount"), 3): Scroll to object 'Object Repository/RAD_Pages/PaymentAmount_Page/input__paymentAmount' successfully

2021-10-20 00:52:20 - [MESSAGE][PASSED] - Scroll to object 'Object Repository/RAD_Pages/PaymentAmount_Page/input__paymentAmount' successfully

2021-10-20 00:52:20 - [TEST_STEP][PASSED] - delay(3): Delayed 3 second(s)

2021-10-20 00:52:23 - [MESSAGE][PASSED] - Delayed 3 second(s)

2021-10-20 00:52:23 - [TEST_STEP][FAILED] - setText(findTestObject(orPath_TaxInfo + "/input_FEIN"), "123456"): Unable to set text '123456' of object 'Object Repository/RAD_Pages/TaxInfo_Page/input_FEIN' (Root cause: com.kms.katalon.core.exception.StepFailedException: Unable to set text '123456' of object 'Object Repository/RAD_Pages/TaxInfo_Page/input_FEIN'
	at com.kms.katalon.core.webui.keyword.internal.WebUIKeywordMain.stepFailed(WebUIKeywordMain.groovy:64)
	at com.kms.katalon.core.webui.keyword.internal.WebUIKeywordMain.runKeyword(WebUIKeywordMain.groovy:26)
	at com.kms.katalon.core.webui.keyword.builtin.SetTextKeyword.setText(SetTextKeyword.groovy:66)
	at com.kms.katalon.core.webui.keyword.builtin.SetTextKeyword.execute(SetTextKeyword.groovy:37)
	at com.kms.katalon.core.keyword.internal.KeywordExecutor.executeKeywordForPlatform(KeywordExecutor.groovy:73)
	at com.kms.katalon.core.webui.keyword.WebUiBuiltInKeywords.setText(WebUiBuiltInKeywords.groovy:980)
	at com.kms.katalon.core.webui.keyword.WebUiBuiltInKeywords$setText$3.call(Unknown Source)
	at Payments_ExistingLiability_HC_TC.run(Payments_ExistingLiability_HC_TC:130)
	at com.kms.katalon.core.main.ScriptEngine.run(ScriptEngine.java:194)
	at com.kms.katalon.core.main.ScriptEngine.runScriptAsRawText(ScriptEngine.java:119)
	at com.kms.katalon.core.main.TestCaseExecutor.runScript(TestCaseExecutor.java:369)
	at com.kms.katalon.core.main.TestCaseExecutor.doExecute(TestCaseExecutor.java:360)
	at com.kms.katalon.core.main.TestCaseExecutor.processExecutionPhase(TestCaseExecutor.java:339)
	at com.kms.katalon.core.main.TestCaseExecutor.accessMainPhase(TestCaseExecutor.java:331)
	at com.kms.katalon.core.main.TestCaseExecutor.execute(TestCaseExecutor.java:248)
	at com.kms.katalon.core.main.TestSuiteExecutor.accessTestCaseMainPhase(TestSuiteExecutor.java:191)
	at com.kms.katalon.core.main.TestSuiteExecutor.accessTestSuiteMainPhase(TestSuiteExecutor.java:140)
	at com.kms.katalon.core.main.TestSuiteExecutor.execute(TestSuiteExecutor.java:89)
	at com.kms.katalon.core.main.TestCaseMain.startTestSuite(TestCaseMain.java:185)
	at com.kms.katalon.core.main.TestCaseMain$startTestSuite$0.call(Unknown Source)
	at TempTestSuite1634705209531.run(TempTestSuite1634705209531.groovy:39)
Caused by: org.openqa.selenium.ElementNotInteractableException: element not interactable
  (Session info: chrome=94.0.4606.81)
Build info: version: '3.141.59', revision: 'e82be7d358', time: '2018-11-14T08:25:53'
System info: host: 'DESKTOP-B2QI6NS', ip: '172.30.2.167', os.name: 'Windows 10', os.arch: 'amd64', os.version: '10.0', java.version: '1.8.0_181'
Driver info: com.kms.katalon.selenium.driver.CChromeDriver
Capabilities {acceptInsecureCerts: true, browserName: chrome, browserVersion: 94.0.4606.81, chrome: {chromedriverVersion: 94.0.4606.61 (418b78f5838ed..., userDataDir: C:\Users\iahmed\AppData\Loc...}, goog:chromeOptions: {debuggerAddress: localhost:50853}, javascriptEnabled: true, networkConnectionEnabled: false, pageLoadStrategy: normal, platform: WINDOWS, platformName: WINDOWS, proxy: Proxy(), setWindowRect: true, strictFileInteractability: false, timeouts: {implicit: 0, pageLoad: 300000, script: 30000}, unhandledPromptBehavior: dismiss and notify, webauthn:extension:credBlob: true, webauthn:extension:largeBlob: true, webauthn:virtualAuthenticators: true}
Session ID: e620591b50045a15b067a9a413d1b125
	at org.openqa.selenium.remote.http.W3CHttpResponseCodec.createException(W3CHttpResponseCodec.java:187)
	at org.openqa.selenium.remote.http.W3CHttpResponseCodec.decode(W3CHttpResponseCodec.java:122)
	at org.openqa.selenium.remote.http.W3CHttpResponseCodec.decode(W3CHttpResponseCodec.java:49)
	at org.openqa.selenium.remote.HttpCommandExecutor.execute(HttpCommandExecutor.java:158)
	at org.openqa.selenium.remote.service.DriverCommandExecutor.execute(DriverCommandExecutor.java:83)
	at org.openqa.selenium.remote.RemoteWebDriver.execute(RemoteWebDriver.java:552)
	at com.kms.katalon.selenium.driver.CChromeDriver.execute(CChromeDriver.java:19)
	at org.openqa.selenium.remote.RemoteWebElement.execute(RemoteWebElement.java:285)
	at org.openqa.selenium.remote.RemoteWebElement.clear(RemoteWebElement.java:124)
	at org.openqa.selenium.support.events.EventFiringWebDriver$EventFiringWebElement.lambda$new$0(EventFiringWebDriver.java:404)
	at com.sun.proxy.$Proxy11.clear(Unknown Source)
	at org.openqa.selenium.support.events.EventFiringWebDriver$EventFiringWebElement.clear(EventFiringWebDriver.java:436)
	at com.kms.katalon.core.webui.keyword.builtin.SetTextKeyword$_setText_closure1.doCall(SetTextKeyword.groovy:53)
	at com.kms.katalon.core.webui.keyword.builtin.SetTextKeyword$_setText_closure1.call(SetTextKeyword.groovy)
	at com.kms.katalon.core.webui.keyword.internal.WebUIKeywordMain.runKeyword(WebUIKeywordMain.groovy:20)
	at com.kms.katalon.core.webui.keyword.builtin.SetTextKeyword.setText(SetTextKeyword.groovy:66)
	at com.kms.katalon.core.webui.keyword.builtin.SetTextKeyword.execute(SetTextKeyword.groovy:37)
	at com.kms.katalon.core.keyword.internal.KeywordExecutor.executeKeywordForPlatform(KeywordExecutor.groovy:73)
	at com.kms.katalon.core.webui.keyword.WebUiBuiltInKeywords.setText(WebUiBuiltInKeywords.groovy:980)
	at com.kms.katalon.core.webui.keyword.WebUiBuiltInKeywords$setText$3.call(Unknown Source)
	at Script1634702981988.run(Script1634702981988.groovy:130)
	... 13 more
)

2021-10-20 00:52:24 - [MESSAGE][FAILED] - Unable to set text '123456' of object 'Object Repository/RAD_Pages/TaxInfo_Page/input_FEIN' (Root cause: com.kms.katalon.core.exception.StepFailedException: Unable to set text '123456' of object 'Object Repository/RAD_Pages/TaxInfo_Page/input_FEIN'
	at com.kms.katalon.core.webui.keyword.internal.WebUIKeywordMain.stepFailed(WebUIKeywordMain.groovy:64)
	at com.kms.katalon.core.webui.keyword.internal.WebUIKeywordMain.runKeyword(WebUIKeywordMain.groovy:26)
	at com.kms.katalon.core.webui.keyword.builtin.SetTextKeyword.setText(SetTextKeyword.groovy:66)
	at com.kms.katalon.core.webui.keyword.builtin.SetTextKeyword.execute(SetTextKeyword.groovy:37)
	at com.kms.katalon.core.keyword.internal.KeywordExecutor.executeKeywordForPlatform(KeywordExecutor.groovy:73)
	at com.kms.katalon.core.webui.keyword.WebUiBuiltInKeywords.setText(WebUiBuiltInKeywords.groovy:980)
	at com.kms.katalon.core.webui.keyword.WebUiBuiltInKeywords$setText$3.call(Unknown Source)
	at Payments_ExistingLiability_HC_TC.run(Payments_ExistingLiability_HC_TC:130)
	at com.kms.katalon.core.main.ScriptEngine.run(ScriptEngine.java:194)
	at com.kms.katalon.core.main.ScriptEngine.runScriptAsRawText(ScriptEngine.java:119)
	at com.kms.katalon.core.main.TestCaseExecutor.runScript(TestCaseExecutor.java:369)
	at com.kms.katalon.core.main.TestCaseExecutor.doExecute(TestCaseExecutor.java:360)
	at com.kms.katalon.core.main.TestCaseExecutor.processExecutionPhase(TestCaseExecutor.java:339)
	at com.kms.katalon.core.main.TestCaseExecutor.accessMainPhase(TestCaseExecutor.java:331)
	at com.kms.katalon.core.main.TestCaseExecutor.execute(TestCaseExecutor.java:248)
	at com.kms.katalon.core.main.TestSuiteExecutor.accessTestCaseMainPhase(TestSuiteExecutor.java:191)
	at com.kms.katalon.core.main.TestSuiteExecutor.accessTestSuiteMainPhase(TestSuiteExecutor.java:140)
	at com.kms.katalon.core.main.TestSuiteExecutor.execute(TestSuiteExecutor.java:89)
	at com.kms.katalon.core.main.TestCaseMain.startTestSuite(TestCaseMain.java:185)
	at com.kms.katalon.core.main.TestCaseMain$startTestSuite$0.call(Unknown Source)
	at TempTestSuite1634705209531.run(TempTestSuite1634705209531.groovy:39)
Caused by: org.openqa.selenium.ElementNotInteractableException: element not interactable
  (Session info: chrome=94.0.4606.81)
Build info: version: '3.141.59', revision: 'e82be7d358', time: '2018-11-14T08:25:53'
System info: host: 'DESKTOP-B2QI6NS', ip: '172.30.2.167', os.name: 'Windows 10', os.arch: 'amd64', os.version: '10.0', java.version: '1.8.0_181'
Driver info: com.kms.katalon.selenium.driver.CChromeDriver
Capabilities {acceptInsecureCerts: true, browserName: chrome, browserVersion: 94.0.4606.81, chrome: {chromedriverVersion: 94.0.4606.61 (418b78f5838ed..., userDataDir: C:\Users\iahmed\AppData\Loc...}, goog:chromeOptions: {debuggerAddress: localhost:50853}, javascriptEnabled: true, networkConnectionEnabled: false, pageLoadStrategy: normal, platform: WINDOWS, platformName: WINDOWS, proxy: Proxy(), setWindowRect: true, strictFileInteractability: false, timeouts: {implicit: 0, pageLoad: 300000, script: 30000}, unhandledPromptBehavior: dismiss and notify, webauthn:extension:credBlob: true, webauthn:extension:largeBlob: true, webauthn:virtualAuthenticators: true}
Session ID: e620591b50045a15b067a9a413d1b125
	at org.openqa.selenium.remote.http.W3CHttpResponseCodec.createException(W3CHttpResponseCodec.java:187)
	at org.openqa.selenium.remote.http.W3CHttpResponseCodec.decode(W3CHttpResponseCodec.java:122)
	at org.openqa.selenium.remote.http.W3CHttpResponseCodec.decode(W3CHttpResponseCodec.java:49)
	at org.openqa.selenium.remote.HttpCommandExecutor.execute(HttpCommandExecutor.java:158)
	at org.openqa.selenium.remote.service.DriverCommandExecutor.execute(DriverCommandExecutor.java:83)
	at org.openqa.selenium.remote.RemoteWebDriver.execute(RemoteWebDriver.java:552)
	at com.kms.katalon.selenium.driver.CChromeDriver.execute(CChromeDriver.java:19)
	at org.openqa.selenium.remote.RemoteWebElement.execute(RemoteWebElement.java:285)
	at org.openqa.selenium.remote.RemoteWebElement.clear(RemoteWebElement.java:124)
	at org.openqa.selenium.support.events.EventFiringWebDriver$EventFiringWebElement.lambda$new$0(EventFiringWebDriver.java:404)
	at com.sun.proxy.$Proxy11.clear(Unknown Source)
	at org.openqa.selenium.support.events.EventFiringWebDriver$EventFiringWebElement.clear(EventFiringWebDriver.java:436)
	at com.kms.katalon.core.webui.keyword.builtin.SetTextKeyword$_setText_closure1.doCall(SetTextKeyword.groovy:53)
	at com.kms.katalon.core.webui.keyword.builtin.SetTextKeyword$_setText_closure1.call(SetTextKeyword.groovy)
	at com.kms.katalon.core.webui.keyword.internal.WebUIKeywordMain.runKeyword(WebUIKeywordMain.groovy:20)
	at com.kms.katalon.core.webui.keyword.builtin.SetTextKeyword.setText(SetTextKeyword.groovy:66)
	at com.kms.katalon.core.webui.keyword.builtin.SetTextKeyword.execute(SetTextKeyword.groovy:37)
	at com.kms.katalon.core.keyword.internal.KeywordExecutor.executeKeywordForPlatform(KeywordExecutor.groovy:73)
	at com.kms.katalon.core.webui.keyword.WebUiBuiltInKeywords.setText(WebUiBuiltInKeywords.groovy:980)
	at com.kms.katalon.core.webui.keyword.WebUiBuiltInKeywords$setText$3.call(Unknown Source)
	at Script1634702981988.run(Script1634702981988.groovy:130)
	... 13 more
)
[[ATTACHMENT|E:\\Cloned-Project-Katalon\\VPS-Katalon\\Reports\\20211020_004649\\RAD_TestSuite\\RAD_UI_TestSuite\\20211020_004649\\1634705544055.png]]

2021-10-20 00:52:24 - [TEST_STEP][FAILED] - setText(findTestObject(orPath_TaxInfo + "/input_ReTypeFEIN"), "123456"): Unable to set text '123456' of object 'Object Repository/RAD_Pages/TaxInfo_Page/input_ReTypeFEIN' (Root cause: com.kms.katalon.core.exception.StepFailedException: Unable to set text '123456' of object 'Object Repository/RAD_Pages/TaxInfo_Page/input_ReTypeFEIN'
	at com.kms.katalon.core.webui.keyword.internal.WebUIKeywordMain.stepFailed(WebUIKeywordMain.groovy:64)
	at com.kms.katalon.core.webui.keyword.internal.WebUIKeywordMain.runKeyword(WebUIKeywordMain.groovy:26)
	at com.kms.katalon.core.webui.keyword.builtin.SetTextKeyword.setText(SetTextKeyword.groovy:66)
	at com.kms.katalon.core.webui.keyword.builtin.SetTextKeyword.execute(SetTextKeyword.groovy:37)
	at com.kms.katalon.core.keyword.internal.KeywordExecutor.executeKeywordForPlatform(KeywordExecutor.groovy:73)
	at com.kms.katalon.core.webui.keyword.WebUiBuiltInKeywords.setText(WebUiBuiltInKeywords.groovy:980)
	at com.kms.katalon.core.webui.keyword.WebUiBuiltInKeywords$setText$3.call(Unknown Source)
	at Payments_ExistingLiability_HC_TC.run(Payments_ExistingLiability_HC_TC:131)
	at com.kms.katalon.core.main.ScriptEngine.run(ScriptEngine.java:194)
	at com.kms.katalon.core.main.ScriptEngine.runScriptAsRawText(ScriptEngine.java:119)
	at com.kms.katalon.core.main.TestCaseExecutor.runScript(TestCaseExecutor.java:369)
	at com.kms.katalon.core.main.TestCaseExecutor.doExecute(TestCaseExecutor.java:360)
	at com.kms.katalon.core.main.TestCaseExecutor.processExecutionPhase(TestCaseExecutor.java:339)
	at com.kms.katalon.core.main.TestCaseExecutor.accessMainPhase(TestCaseExecutor.java:331)
	at com.kms.katalon.core.main.TestCaseExecutor.execute(TestCaseExecutor.java:248)
	at com.kms.katalon.core.main.TestSuiteExecutor.accessTestCaseMainPhase(TestSuiteExecutor.java:191)
	at com.kms.katalon.core.main.TestSuiteExecutor.accessTestSuiteMainPhase(TestSuiteExecutor.java:140)
	at com.kms.katalon.core.main.TestSuiteExecutor.execute(TestSuiteExecutor.java:89)
	at com.kms.katalon.core.main.TestCaseMain.startTestSuite(TestCaseMain.java:185)
	at com.kms.katalon.core.main.TestCaseMain$startTestSuite$0.call(Unknown Source)
	at TempTestSuite1634705209531.run(TempTestSuite1634705209531.groovy:39)
Caused by: org.openqa.selenium.ElementNotInteractableException: element not interactable
  (Session info: chrome=94.0.4606.81)
Build info: version: '3.141.59', revision: 'e82be7d358', time: '2018-11-14T08:25:53'
System info: host: 'DESKTOP-B2QI6NS', ip: '172.30.2.167', os.name: 'Windows 10', os.arch: 'amd64', os.version: '10.0', java.version: '1.8.0_181'
Driver info: com.kms.katalon.selenium.driver.CChromeDriver
Capabilities {acceptInsecureCerts: true, browserName: chrome, browserVersion: 94.0.4606.81, chrome: {chromedriverVersion: 94.0.4606.61 (418b78f5838ed..., userDataDir: C:\Users\iahmed\AppData\Loc...}, goog:chromeOptions: {debuggerAddress: localhost:50853}, javascriptEnabled: true, networkConnectionEnabled: false, pageLoadStrategy: normal, platform: WINDOWS, platformName: WINDOWS, proxy: Proxy(), setWindowRect: true, strictFileInteractability: false, timeouts: {implicit: 0, pageLoad: 300000, script: 30000}, unhandledPromptBehavior: dismiss and notify, webauthn:extension:credBlob: true, webauthn:extension:largeBlob: true, webauthn:virtualAuthenticators: true}
Session ID: e620591b50045a15b067a9a413d1b125
	at org.openqa.selenium.remote.http.W3CHttpResponseCodec.createException(W3CHttpResponseCodec.java:187)
	at org.openqa.selenium.remote.http.W3CHttpResponseCodec.decode(W3CHttpResponseCodec.java:122)
	at org.openqa.selenium.remote.http.W3CHttpResponseCodec.decode(W3CHttpResponseCodec.java:49)
	at org.openqa.selenium.remote.HttpCommandExecutor.execute(HttpCommandExecutor.java:158)
	at org.openqa.selenium.remote.service.DriverCommandExecutor.execute(DriverCommandExecutor.java:83)
	at org.openqa.selenium.remote.RemoteWebDriver.execute(RemoteWebDriver.java:552)
	at com.kms.katalon.selenium.driver.CChromeDriver.execute(CChromeDriver.java:19)
	at org.openqa.selenium.remote.RemoteWebElement.execute(RemoteWebElement.java:285)
	at org.openqa.selenium.remote.RemoteWebElement.clear(RemoteWebElement.java:124)
	at org.openqa.selenium.support.events.EventFiringWebDriver$EventFiringWebElement.lambda$new$0(EventFiringWebDriver.java:404)
	at com.sun.proxy.$Proxy11.clear(Unknown Source)
	at org.openqa.selenium.support.events.EventFiringWebDriver$EventFiringWebElement.clear(EventFiringWebDriver.java:436)
	at com.kms.katalon.core.webui.keyword.builtin.SetTextKeyword$_setText_closure1.doCall(SetTextKeyword.groovy:53)
	at com.kms.katalon.core.webui.keyword.builtin.SetTextKeyword$_setText_closure1.call(SetTextKeyword.groovy)
	at com.kms.katalon.core.webui.keyword.internal.WebUIKeywordMain.runKeyword(WebUIKeywordMain.groovy:20)
	at com.kms.katalon.core.webui.keyword.builtin.SetTextKeyword.setText(SetTextKeyword.groovy:66)
	at com.kms.katalon.core.webui.keyword.builtin.SetTextKeyword.execute(SetTextKeyword.groovy:37)
	at com.kms.katalon.core.keyword.internal.KeywordExecutor.executeKeywordForPlatform(KeywordExecutor.groovy:73)
	at com.kms.katalon.core.webui.keyword.WebUiBuiltInKeywords.setText(WebUiBuiltInKeywords.groovy:980)
	at com.kms.katalon.core.webui.keyword.WebUiBuiltInKeywords$setText$3.call(Unknown Source)
	at Script1634702981988.run(Script1634702981988.groovy:131)
	... 13 more
)

2021-10-20 00:52:24 - [MESSAGE][FAILED] - Unable to set text '123456' of object 'Object Repository/RAD_Pages/TaxInfo_Page/input_ReTypeFEIN' (Root cause: com.kms.katalon.core.exception.StepFailedException: Unable to set text '123456' of object 'Object Repository/RAD_Pages/TaxInfo_Page/input_ReTypeFEIN'
	at com.kms.katalon.core.webui.keyword.internal.WebUIKeywordMain.stepFailed(WebUIKeywordMain.groovy:64)
	at com.kms.katalon.core.webui.keyword.internal.WebUIKeywordMain.runKeyword(WebUIKeywordMain.groovy:26)
	at com.kms.katalon.core.webui.keyword.builtin.SetTextKeyword.setText(SetTextKeyword.groovy:66)
	at com.kms.katalon.core.webui.keyword.builtin.SetTextKeyword.execute(SetTextKeyword.groovy:37)
	at com.kms.katalon.core.keyword.internal.KeywordExecutor.executeKeywordForPlatform(KeywordExecutor.groovy:73)
	at com.kms.katalon.core.webui.keyword.WebUiBuiltInKeywords.setText(WebUiBuiltInKeywords.groovy:980)
	at com.kms.katalon.core.webui.keyword.WebUiBuiltInKeywords$setText$3.call(Unknown Source)
	at Payments_ExistingLiability_HC_TC.run(Payments_ExistingLiability_HC_TC:131)
	at com.kms.katalon.core.main.ScriptEngine.run(ScriptEngine.java:194)
	at com.kms.katalon.core.main.ScriptEngine.runScriptAsRawText(ScriptEngine.java:119)
	at com.kms.katalon.core.main.TestCaseExecutor.runScript(TestCaseExecutor.java:369)
	at com.kms.katalon.core.main.TestCaseExecutor.doExecute(TestCaseExecutor.java:360)
	at com.kms.katalon.core.main.TestCaseExecutor.processExecutionPhase(TestCaseExecutor.java:339)
	at com.kms.katalon.core.main.TestCaseExecutor.accessMainPhase(TestCaseExecutor.java:331)
	at com.kms.katalon.core.main.TestCaseExecutor.execute(TestCaseExecutor.java:248)
	at com.kms.katalon.core.main.TestSuiteExecutor.accessTestCaseMainPhase(TestSuiteExecutor.java:191)
	at com.kms.katalon.core.main.TestSuiteExecutor.accessTestSuiteMainPhase(TestSuiteExecutor.java:140)
	at com.kms.katalon.core.main.TestSuiteExecutor.execute(TestSuiteExecutor.java:89)
	at com.kms.katalon.core.main.TestCaseMain.startTestSuite(TestCaseMain.java:185)
	at com.kms.katalon.core.main.TestCaseMain$startTestSuite$0.call(Unknown Source)
	at TempTestSuite1634705209531.run(TempTestSuite1634705209531.groovy:39)
Caused by: org.openqa.selenium.ElementNotInteractableException: element not interactable
  (Session info: chrome=94.0.4606.81)
Build info: version: '3.141.59', revision: 'e82be7d358', time: '2018-11-14T08:25:53'
System info: host: 'DESKTOP-B2QI6NS', ip: '172.30.2.167', os.name: 'Windows 10', os.arch: 'amd64', os.version: '10.0', java.version: '1.8.0_181'
Driver info: com.kms.katalon.selenium.driver.CChromeDriver
Capabilities {acceptInsecureCerts: true, browserName: chrome, browserVersion: 94.0.4606.81, chrome: {chromedriverVersion: 94.0.4606.61 (418b78f5838ed..., userDataDir: C:\Users\iahmed\AppData\Loc...}, goog:chromeOptions: {debuggerAddress: localhost:50853}, javascriptEnabled: true, networkConnectionEnabled: false, pageLoadStrategy: normal, platform: WINDOWS, platformName: WINDOWS, proxy: Proxy(), setWindowRect: true, strictFileInteractability: false, timeouts: {implicit: 0, pageLoad: 300000, script: 30000}, unhandledPromptBehavior: dismiss and notify, webauthn:extension:credBlob: true, webauthn:extension:largeBlob: true, webauthn:virtualAuthenticators: true}
Session ID: e620591b50045a15b067a9a413d1b125
	at org.openqa.selenium.remote.http.W3CHttpResponseCodec.createException(W3CHttpResponseCodec.java:187)
	at org.openqa.selenium.remote.http.W3CHttpResponseCodec.decode(W3CHttpResponseCodec.java:122)
	at org.openqa.selenium.remote.http.W3CHttpResponseCodec.decode(W3CHttpResponseCodec.java:49)
	at org.openqa.selenium.remote.HttpCommandExecutor.execute(HttpCommandExecutor.java:158)
	at org.openqa.selenium.remote.service.DriverCommandExecutor.execute(DriverCommandExecutor.java:83)
	at org.openqa.selenium.remote.RemoteWebDriver.execute(RemoteWebDriver.java:552)
	at com.kms.katalon.selenium.driver.CChromeDriver.execute(CChromeDriver.java:19)
	at org.openqa.selenium.remote.RemoteWebElement.execute(RemoteWebElement.java:285)
	at org.openqa.selenium.remote.RemoteWebElement.clear(RemoteWebElement.java:124)
	at org.openqa.selenium.support.events.EventFiringWebDriver$EventFiringWebElement.lambda$new$0(EventFiringWebDriver.java:404)
	at com.sun.proxy.$Proxy11.clear(Unknown Source)
	at org.openqa.selenium.support.events.EventFiringWebDriver$EventFiringWebElement.clear(EventFiringWebDriver.java:436)
	at com.kms.katalon.core.webui.keyword.builtin.SetTextKeyword$_setText_closure1.doCall(SetTextKeyword.groovy:53)
	at com.kms.katalon.core.webui.keyword.builtin.SetTextKeyword$_setText_closure1.call(SetTextKeyword.groovy)
	at com.kms.katalon.core.webui.keyword.internal.WebUIKeywordMain.runKeyword(WebUIKeywordMain.groovy:20)
	at com.kms.katalon.core.webui.keyword.builtin.SetTextKeyword.setText(SetTextKeyword.groovy:66)
	at com.kms.katalon.core.webui.keyword.builtin.SetTextKeyword.execute(SetTextKeyword.groovy:37)
	at com.kms.katalon.core.keyword.internal.KeywordExecutor.executeKeywordForPlatform(KeywordExecutor.groovy:73)
	at com.kms.katalon.core.webui.keyword.WebUiBuiltInKeywords.setText(WebUiBuiltInKeywords.groovy:980)
	at com.kms.katalon.core.webui.keyword.WebUiBuiltInKeywords$setText$3.call(Unknown Source)
	at Script1634702981988.run(Script1634702981988.groovy:131)
	... 13 more
)
[[ATTACHMENT|E:\\Cloned-Project-Katalon\\VPS-Katalon\\Reports\\20211020_004649\\RAD_TestSuite\\RAD_UI_TestSuite\\20211020_004649\\1634705544661.png]]

2021-10-20 00:52:24 - [TEST_STEP][PASSED] - setText(findTestObject(orPath_TaxInfo + "/input_NoticeInvoiceNumber"), "965896"): Text '965896' is set on object 'Object Repository/RAD_Pages/TaxInfo_Page/input_NoticeInvoiceNumber'

2021-10-20 00:52:25 - [MESSAGE][PASSED] - Text '965896' is set on object 'Object Repository/RAD_Pages/TaxInfo_Page/input_NoticeInvoiceNumber'

2021-10-20 00:52:25 - [TEST_STEP][PASSED] - setText(findTestObject(orPath_TaxInfo + "/input_reTypeNoticeInvoiceNumber"), "965896"): Text '965896' is set on object 'Object Repository/RAD_Pages/TaxInfo_Page/input_reTypeNoticeInvoiceNumber'

2021-10-20 00:52:26 - [MESSAGE][PASSED] - Text '965896' is set on object 'Object Repository/RAD_Pages/TaxInfo_Page/input_reTypeNoticeInvoiceNumber'

2021-10-20 00:52:26 - [TEST_STEP][PASSED] - setText(findTestObject(orPath_Amount + "/input__paymentAmount"), Amount): Text '30.50' is set on object 'Object Repository/RAD_Pages/PaymentAmount_Page/input__paymentAmount'

2021-10-20 00:52:27 - [MESSAGE][PASSED] - Text '30.50' is set on object 'Object Repository/RAD_Pages/PaymentAmount_Page/input__paymentAmount'

2021-10-20 00:52:27 - [TEST_STEP][PASSED] - scrollToElement(findTestObject(orPath_Landing + "/button_Continue"), 3): Scroll to object 'Object Repository/RAD_Pages/Landing_Page/button_Continue' successfully

2021-10-20 00:52:27 - [MESSAGE][PASSED] - Scroll to object 'Object Repository/RAD_Pages/Landing_Page/button_Continue' successfully

2021-10-20 00:52:27 - [TEST_STEP][PASSED] - waitForElementClickable(findTestObject(orPath_Landing + "/button_Continue"), 5): Object 'Object Repository/RAD_Pages/Landing_Page/button_Continue' is clickable

2021-10-20 00:52:27 - [MESSAGE][PASSED] - Object 'Object Repository/RAD_Pages/Landing_Page/button_Continue' is clickable

2021-10-20 00:52:27 - [TEST_STEP][PASSED] - click(findTestObject(orPath_Landing + "/button_Continue")): Object: 'Object Repository/RAD_Pages/Landing_Page/button_Continue' is clicked on

2021-10-20 00:52:28 - [MESSAGE][PASSED] - Object: 'Object Repository/RAD_Pages/Landing_Page/button_Continue' is clicked on

2021-10-20 00:52:28 - [TEST_STEP][PASSED] - verifyTextPresent("Review the information below and make any necessary corrections by clicking the", true): Text 'Review the information below and make any necessary corrections by clicking the' is present on page  using regular expression

2021-10-20 00:52:28 - [MESSAGE][PASSED] - Text 'Review the information below and make any necessary corrections by clicking the' is present on page  using regular expression

2021-10-20 00:52:28 - [TEST_STEP][PASSED] - verifyTextPresent("When you are confident that all the information is correct", true): Text 'When you are confident that all the information is correct' is present on page  using regular expression

2021-10-20 00:52:29 - [MESSAGE][PASSED] - Text 'When you are confident that all the information is correct' is present on page  using regular expression

2021-10-20 00:52:29 - [TEST_STEP][PASSED] - scrollToElement(findTestObject(orPath_Summary + "/button_Continue_Summary"), 3): Scroll to object 'Object Repository/RAD_Pages/Summary_Page/button_Continue_Summary' successfully

2021-10-20 00:52:29 - [MESSAGE][PASSED] - Scroll to object 'Object Repository/RAD_Pages/Summary_Page/button_Continue_Summary' successfully

2021-10-20 00:52:29 - [TEST_STEP][PASSED] - waitForElementClickable(findTestObject(orPath_Summary + "/button_Continue_Summary"), 5): Object 'Object Repository/RAD_Pages/Summary_Page/button_Continue_Summary' is clickable

2021-10-20 00:52:29 - [MESSAGE][PASSED] - Object 'Object Repository/RAD_Pages/Summary_Page/button_Continue_Summary' is clickable

2021-10-20 00:52:29 - [TEST_STEP][PASSED] - delay(3): Delayed 3 second(s)

2021-10-20 00:52:32 - [MESSAGE][PASSED] - Delayed 3 second(s)

2021-10-20 00:52:32 - [TEST_STEP][PASSED] - click(findTestObject(orPath_Summary + "/button_Continue_Summary")): Object: 'Object Repository/RAD_Pages/Summary_Page/button_Continue_Summary' is clicked on

2021-10-20 00:52:33 - [MESSAGE][PASSED] - Object: 'Object Repository/RAD_Pages/Summary_Page/button_Continue_Summary' is clicked on

2021-10-20 00:52:33 - [TEST_STEP][PASSED] - delay(3): Delayed 3 second(s)

2021-10-20 00:52:36 - [MESSAGE][PASSED] - Delayed 3 second(s)

2021-10-20 00:52:36 - [TEST_STEP][PASSED] - click(findTestObject(orPath_PaymentReady + "/button_ProceedtoPayment")): Object: 'Object Repository/RAD_Pages/PaymentReady_Page/button_ProceedtoPayment' is clicked on

2021-10-20 00:52:38 - [MESSAGE][PASSED] - Object: 'Object Repository/RAD_Pages/PaymentReady_Page/button_ProceedtoPayment' is clicked on

2021-10-20 00:52:38 - [TEST_STEP][PASSED] - setText(findTestObject(orPath_PaymentEntry + "/input__cardNumber"), CCNumber): Text '5146312200000035' is set on object 'Object Repository/RAD_Pages/PaymentEntry_Page/input__cardNumber'

2021-10-20 00:52:38 - [MESSAGE][PASSED] - Text '5146312200000035' is set on object 'Object Repository/RAD_Pages/PaymentEntry_Page/input__cardNumber'

2021-10-20 00:52:38 - [TEST_STEP][PASSED] - setText(findTestObject(orPath_PaymentEntry + "/input__spc"), CVV): Text '123' is set on object 'Object Repository/RAD_Pages/PaymentEntry_Page/input__spc'

2021-10-20 00:52:39 - [MESSAGE][PASSED] - Text '123' is set on object 'Object Repository/RAD_Pages/PaymentEntry_Page/input__spc'

2021-10-20 00:52:39 - [TEST_STEP][PASSED] - selectOptionByLabel(findTestObject(orPath_PaymentEntry + "/select_MM"), "12", false): All options with label '12' are selected in object 'Object Repository/RAD_Pages/PaymentEntry_Page/select_MM' 

2021-10-20 00:52:40 - [MESSAGE][PASSED] - All options with label '12' are selected in object 'Object Repository/RAD_Pages/PaymentEntry_Page/select_MM' 

2021-10-20 00:52:40 - [TEST_STEP][PASSED] - selectOptionByLabel(findTestObject(orPath_PaymentEntry + "/select_YYYY"), "2023", false): All options with label '2023' are selected in object 'Object Repository/RAD_Pages/PaymentEntry_Page/select_YYYY' 

2021-10-20 00:52:40 - [MESSAGE][PASSED] - All options with label '2023' are selected in object 'Object Repository/RAD_Pages/PaymentEntry_Page/select_YYYY' 

2021-10-20 00:52:40 - [TEST_STEP][PASSED] - click(findTestObject(orPath_PaymentEntry + "/input_Field_ccSubmit")): Object: 'Object Repository/RAD_Pages/PaymentEntry_Page/input_Field_ccSubmit' is clicked on

2021-10-20 00:52:41 - [MESSAGE][PASSED] - Object: 'Object Repository/RAD_Pages/PaymentEntry_Page/input_Field_ccSubmit' is clicked on

2021-10-20 00:52:41 - [TEST_STEP][PASSED] - click(findTestObject(orPath_PaymentConfirmation + "/input_N_confirmNotifyAction")): Object: 'Object Repository/RAD_Pages/PaymentConfirmation_Page/input_N_confirmNotifyAction' is clicked on

2021-10-20 00:52:43 - [MESSAGE][PASSED] - Object: 'Object Repository/RAD_Pages/PaymentConfirmation_Page/input_N_confirmNotifyAction' is clicked on

2021-10-20 00:52:43 - [TEST_STEP][PASSED] - click(findTestObject(orPath_ServiceFeesAccept + "/input_convFeeNotifyAction")): Object: 'Object Repository/RAD_Pages/ServiceFeeAccept_Page/input_convFeeNotifyAction' is clicked on

2021-10-20 00:52:44 - [MESSAGE][PASSED] - Object: 'Object Repository/RAD_Pages/ServiceFeeAccept_Page/input_convFeeNotifyAction' is clicked on

2021-10-20 00:52:44 - [TEST_STEP][PASSED] - delay(10): Delayed 10 second(s)

2021-10-20 00:52:54 - [MESSAGE][PASSED] - Delayed 10 second(s)

2021-10-20 00:52:54 - [TEST_STEP][PASSED] - verifyTextPresent("Successful Payment Receipt", true): Text 'Successful Payment Receipt' is present on page  using regular expression

2021-10-20 00:52:54 - [MESSAGE][PASSED] - Text 'Successful Payment Receipt' is present on page  using regular expression

2021-10-20 00:52:54 - [TEST_STEP][PASSED] - if (verifyTextPresent("Successful Payment Receipt", true)): null

2021-10-20 00:52:55 - [MESSAGE][PASSED] - Text 'Successful Payment Receipt' is present on page  using regular expression

2021-10-20 00:52:55 - [TEST_STEP][PASSED] - println("Transaction was Successful"): null

2021-10-20 00:52:55 - [TEST_STEP][PASSED] - out.println("Pass Record Number: " + row): null

2021-10-20 00:52:55 - [TEST_STEP][PASSED] - resText = "Pass": null

2021-10-20 00:52:55 - [TEST_STEP][PASSED] - pages.WriteExcel.demoKey(resText, datText, resColumn, datCloumn, fileLoc, nameSheet, row): pages.WriteExcel.demoKey is PASSED

2021-10-20 00:52:55 - [MESSAGE][PASSED] - pages.WriteExcel.demoKey is PASSED

2021-10-20 00:52:55 - [TEST_STEP][PASSED] - ExecuteTC = findTestData(dataFile).getValue("Execute", row): null

2021-10-20 00:52:55 - [TEST_STEP][PASSED] - Taxtype = findTestData(dataFile).getValue("TaxType", row): null

2021-10-20 00:52:55 - [TEST_STEP][PASSED] - TaxTypeEL = findTestData(dataFile).getValue("TaxTypeEL", row): null

2021-10-20 00:52:55 - [TEST_STEP][PASSED] - FName = findTestData(dataFile).getValue("Fname", row): null

2021-10-20 00:52:55 - [TEST_STEP][PASSED] - LName = findTestData(dataFile).getValue("Lname", row): null

2021-10-20 00:52:55 - [TEST_STEP][PASSED] - AL1 = findTestData(dataFile).getValue("AL1", row): null

2021-10-20 00:52:55 - [TEST_STEP][PASSED] - City = findTestData(dataFile).getValue("City", row): null

2021-10-20 00:52:55 - [TEST_STEP][PASSED] - ZIP = findTestData(dataFile).getValue("ZIP", row): null

2021-10-20 00:52:55 - [TEST_STEP][PASSED] - Amount = findTestData(dataFile).getValue("Amount", row): null

2021-10-20 00:52:55 - [TEST_STEP][PASSED] - CCNumber = findTestData(dataFile).getValue("CCNumber", row): null

2021-10-20 00:52:55 - [TEST_STEP][PASSED] - CVV = findTestData(dataFile).getValue("CVV", row): null

2021-10-20 00:52:55 - [TEST_STEP][PASSED] - out.println("Value of Execute is : " + ExecuteTC): null

2021-10-20 00:52:55 - [TEST_STEP][FAILED] - if (ExecuteTC.equalsIgnoreCase("Y")): null

2021-10-20 00:52:55 - [TEST_STEP][PASSED] - out.println("Begin Record Number: " + row): null

2021-10-20 00:52:55 - [TEST_STEP][PASSED] - today = new java.util.Date(): null

2021-10-20 00:52:55 - [TEST_STEP][PASSED] - println(today): null

2021-10-20 00:52:55 - [TEST_STEP][PASSED] - datText = today: null

2021-10-20 00:52:55 - [TEST_STEP][PASSED] - Taxtype = findTestData(dataFile).getValue("TaxType", row): null

2021-10-20 00:52:55 - [TEST_STEP][PASSED] - out.println("Taxtype value is : " + Taxtype): null

2021-10-20 00:52:55 - [TEST_STEP][PASSED] - openBrowser(""): Browser is opened with url: ''

2021-10-20 00:52:55 - [MESSAGE][WARNING] - A browser is already opened. Closing browser and opening a new one

2021-10-20 00:52:56 - [MESSAGE][INFO] - Starting 'Chrome' driver

2021-10-20 00:52:56 - [MESSAGE][INFO] - User set preference: ['acceptInsecureCerts', 'true']

2021-10-20 00:52:56 - [MESSAGE][INFO] - Action delay is set to 0 milliseconds

2021-10-20 00:52:57 - [MESSAGE][PASSED] - Browser is opened with url: ''

2021-10-20 00:52:57 - [TEST_STEP][PASSED] - maximizeWindow(): Current window maximized

2021-10-20 00:52:58 - [MESSAGE][PASSED] - Current window maximized

2021-10-20 00:52:58 - [TEST_STEP][PASSED] - navigateToUrl(RADurl): Navigate to 'https://qa.velocitypayment.com/client/rad/index.html' successfully

2021-10-20 00:52:59 - [MESSAGE][PASSED] - Navigate to 'https://qa.velocitypayment.com/client/rad/index.html' successfully

2021-10-20 00:52:59 - [TEST_STEP][PASSED] - orPath_Landing = "Object Repository/RAD_Pages/Landing_Page": null

2021-10-20 00:52:59 - [TEST_STEP][PASSED] - orPath_TaxTypeFilingYear = "Object Repository/RAD_Pages/TaxTypeFilingYear_Page": null

2021-10-20 00:52:59 - [TEST_STEP][PASSED] - orPath_TaxPayer = "Object Repository/RAD_Pages/Taxpayer_Page": null

2021-10-20 00:52:59 - [TEST_STEP][PASSED] - orPath_AddressContact = "Object Repository/RAD_Pages/AddressAndContactInfo_Page": null

2021-10-20 00:52:59 - [TEST_STEP][PASSED] - orPath_FilingStatus = "Object Repository/RAD_Pages/FilingStatus_Page": null

2021-10-20 00:52:59 - [TEST_STEP][PASSED] - orPath_Amount = "Object Repository/RAD_Pages/PaymentAmount_Page": null

2021-10-20 00:52:59 - [TEST_STEP][PASSED] - orPath_TaxInfo = "Object Repository/RAD_Pages/TaxInfo_Page": null

2021-10-20 00:52:59 - [TEST_STEP][PASSED] - orPath_Withholding = "Object Repository/RAD_Pages/Withholding_Page": null

2021-10-20 00:52:59 - [TEST_STEP][PASSED] - orPath_Summary = "Object Repository/RAD_Pages/Summary_Page": null

2021-10-20 00:52:59 - [TEST_STEP][PASSED] - orPath_PaymentReady = "Object Repository/RAD_Pages/PaymentReady_Page": null

2021-10-20 00:52:59 - [TEST_STEP][PASSED] - orPath_PaymentEntry = "Object Repository/RAD_Pages/PaymentEntry_Page": null

2021-10-20 00:52:59 - [TEST_STEP][PASSED] - orPath_PaymentConfirmation = "Object Repository/RAD_Pages/PaymentConfirmation_Page": null

2021-10-20 00:52:59 - [TEST_STEP][PASSED] - orPath_ServiceFeesAccept = "Object Repository/RAD_Pages/ServiceFeeAccept_Page": null

2021-10-20 00:52:59 - [TEST_STEP][PASSED] - selectOptionByLabel(findTestObject(orPath_Landing + "/dd_TaxType"), Taxtype, false): All options with label 'Existing Liability' are selected in object 'Object Repository/RAD_Pages/Landing_Page/dd_TaxType' 

2021-10-20 00:53:00 - [MESSAGE][PASSED] - All options with label 'Existing Liability' are selected in object 'Object Repository/RAD_Pages/Landing_Page/dd_TaxType' 

2021-10-20 00:53:00 - [TEST_STEP][PASSED] - delay(3): Delayed 3 second(s)

2021-10-20 00:53:03 - [MESSAGE][PASSED] - Delayed 3 second(s)

2021-10-20 00:53:03 - [TEST_STEP][PASSED] - selectOptionByLabel(findTestObject(orPath_TaxTypeFilingYear + "/select_TaxType_ExistingLiability"), TaxTypeEL, false): All options with label 'PTE (SCorp)' are selected in object 'Object Repository/RAD_Pages/TaxTypeFilingYear_Page/select_TaxType_ExistingLiability' 

2021-10-20 00:53:04 - [MESSAGE][PASSED] - All options with label 'PTE (SCorp)' are selected in object 'Object Repository/RAD_Pages/TaxTypeFilingYear_Page/select_TaxType_ExistingLiability' 

2021-10-20 00:53:04 - [TEST_STEP][PASSED] - setText(findTestObject(orPath_TaxPayer + "/input_firstName"), FName): Text 'Robin' is set on object 'Object Repository/RAD_Pages/Taxpayer_Page/input_firstName'

2021-10-20 00:53:04 - [MESSAGE][PASSED] - Text 'Robin' is set on object 'Object Repository/RAD_Pages/Taxpayer_Page/input_firstName'

2021-10-20 00:53:04 - [TEST_STEP][PASSED] - setText(findTestObject(orPath_TaxPayer + "/input_lastName"), LName): Text 'Utta' is set on object 'Object Repository/RAD_Pages/Taxpayer_Page/input_lastName'

2021-10-20 00:53:05 - [MESSAGE][PASSED] - Text 'Utta' is set on object 'Object Repository/RAD_Pages/Taxpayer_Page/input_lastName'

2021-10-20 00:53:05 - [TEST_STEP][PASSED] - setText(findTestObject(orPath_TaxPayer + "/input_middleName"), "Johns"): Text 'Johns' is set on object 'Object Repository/RAD_Pages/Taxpayer_Page/input_middleName'

2021-10-20 00:53:06 - [MESSAGE][PASSED] - Text 'Johns' is set on object 'Object Repository/RAD_Pages/Taxpayer_Page/input_middleName'

2021-10-20 00:53:06 - [TEST_STEP][PASSED] - setText(findTestObject(orPath_TaxPayer + "/input_suffix"), "Sr"): Text 'Sr' is set on object 'Object Repository/RAD_Pages/Taxpayer_Page/input_suffix'

2021-10-20 00:53:06 - [MESSAGE][PASSED] - Text 'Sr' is set on object 'Object Repository/RAD_Pages/Taxpayer_Page/input_suffix'

2021-10-20 00:53:06 - [TEST_STEP][PASSED] - selectOptionByLabel(findTestObject(orPath_AddressContact + "/select_Country"), "United States", false): All options with label 'United States' are selected in object 'Object Repository/RAD_Pages/AddressAndContactInfo_Page/select_Country' 

2021-10-20 00:53:07 - [MESSAGE][PASSED] - All options with label 'United States' are selected in object 'Object Repository/RAD_Pages/AddressAndContactInfo_Page/select_Country' 

2021-10-20 00:53:07 - [TEST_STEP][PASSED] - setText(findTestObject(orPath_AddressContact + "/input_streetAddress1"), AL1): Text '25 Moan Road' is set on object 'Object Repository/RAD_Pages/AddressAndContactInfo_Page/input_streetAddress1'

2021-10-20 00:53:08 - [MESSAGE][PASSED] - Text '25 Moan Road' is set on object 'Object Repository/RAD_Pages/AddressAndContactInfo_Page/input_streetAddress1'

2021-10-20 00:53:08 - [TEST_STEP][PASSED] - setText(findTestObject(orPath_AddressContact + "/input_streetAddress2"), ""): Text '' is set on object 'Object Repository/RAD_Pages/AddressAndContactInfo_Page/input_streetAddress2'

2021-10-20 00:53:08 - [MESSAGE][PASSED] - Text '' is set on object 'Object Repository/RAD_Pages/AddressAndContactInfo_Page/input_streetAddress2'

2021-10-20 00:53:08 - [TEST_STEP][PASSED] - setText(findTestObject(orPath_AddressContact + "/input_city"), City): Text 'Severn' is set on object 'Object Repository/RAD_Pages/AddressAndContactInfo_Page/input_city'

2021-10-20 00:53:09 - [MESSAGE][PASSED] - Text 'Severn' is set on object 'Object Repository/RAD_Pages/AddressAndContactInfo_Page/input_city'

2021-10-20 00:53:09 - [TEST_STEP][PASSED] - selectOptionByLabel(findTestObject(orPath_AddressContact + "/select_State"), "Maryland", false): All options with label 'Maryland' are selected in object 'Object Repository/RAD_Pages/AddressAndContactInfo_Page/select_State' 

2021-10-20 00:53:09 - [MESSAGE][PASSED] - All options with label 'Maryland' are selected in object 'Object Repository/RAD_Pages/AddressAndContactInfo_Page/select_State' 

2021-10-20 00:53:09 - [TEST_STEP][PASSED] - setText(findTestObject(orPath_AddressContact + "/input_zipCode"), ZIP): Text '21114' is set on object 'Object Repository/RAD_Pages/AddressAndContactInfo_Page/input_zipCode'

2021-10-20 00:53:10 - [MESSAGE][PASSED] - Text '21114' is set on object 'Object Repository/RAD_Pages/AddressAndContactInfo_Page/input_zipCode'

2021-10-20 00:53:10 - [TEST_STEP][PASSED] - setText(findTestObject(orPath_AddressContact + "/input_phoneNumber"), "77038945000"): Text '77038945000' is set on object 'Object Repository/RAD_Pages/AddressAndContactInfo_Page/input_phoneNumber'

2021-10-20 00:53:11 - [MESSAGE][PASSED] - Text '77038945000' is set on object 'Object Repository/RAD_Pages/AddressAndContactInfo_Page/input_phoneNumber'

2021-10-20 00:53:11 - [TEST_STEP][PASSED] - setText(findTestObject(orPath_AddressContact + "/input_eMailAddress"), "iahmed@govolution.com"): Text 'iahmed@govolution.com' is set on object 'Object Repository/RAD_Pages/AddressAndContactInfo_Page/input_eMailAddress'

2021-10-20 00:53:12 - [MESSAGE][PASSED] - Text 'iahmed@govolution.com' is set on object 'Object Repository/RAD_Pages/AddressAndContactInfo_Page/input_eMailAddress'

2021-10-20 00:53:12 - [TEST_STEP][PASSED] - setText(findTestObject(orPath_AddressContact + "/input_reEnterEMailAddress"), "iahmed@govolution.com"): Text 'iahmed@govolution.com' is set on object 'Object Repository/RAD_Pages/AddressAndContactInfo_Page/input_reEnterEMailAddress'

2021-10-20 00:53:12 - [MESSAGE][PASSED] - Text 'iahmed@govolution.com' is set on object 'Object Repository/RAD_Pages/AddressAndContactInfo_Page/input_reEnterEMailAddress'

2021-10-20 00:53:12 - [TEST_STEP][PASSED] - setText(findTestObject(orPath_TaxInfo + "/input_TaxInfo_ExisitingSSN"), "111223333"): Text '111223333' is set on object 'Object Repository/RAD_Pages/TaxInfo_Page/input_TaxInfo_ExisitingSSN'

2021-10-20 00:53:13 - [MESSAGE][PASSED] - Text '111223333' is set on object 'Object Repository/RAD_Pages/TaxInfo_Page/input_TaxInfo_ExisitingSSN'

2021-10-20 00:53:13 - [TEST_STEP][PASSED] - setText(findTestObject(orPath_TaxInfo + "/input_TaxInfo_reTaxTypeExisitingSSN"), "111223333"): Text '111223333' is set on object 'Object Repository/RAD_Pages/TaxInfo_Page/input_TaxInfo_reTaxTypeExisitingSSN'

2021-10-20 00:53:14 - [MESSAGE][PASSED] - Text '111223333' is set on object 'Object Repository/RAD_Pages/TaxInfo_Page/input_TaxInfo_reTaxTypeExisitingSSN'

2021-10-20 00:53:14 - [TEST_STEP][PASSED] - scrollToElement(findTestObject(orPath_Amount + "/input__paymentAmount"), 3): Scroll to object 'Object Repository/RAD_Pages/PaymentAmount_Page/input__paymentAmount' successfully

2021-10-20 00:53:14 - [MESSAGE][PASSED] - Scroll to object 'Object Repository/RAD_Pages/PaymentAmount_Page/input__paymentAmount' successfully

2021-10-20 00:53:14 - [TEST_STEP][PASSED] - delay(3): Delayed 3 second(s)

2021-10-20 00:53:17 - [MESSAGE][PASSED] - Delayed 3 second(s)

2021-10-20 00:53:17 - [TEST_STEP][FAILED] - setText(findTestObject(orPath_TaxInfo + "/input_FEIN"), "123456"): Unable to set text '123456' of object 'Object Repository/RAD_Pages/TaxInfo_Page/input_FEIN' (Root cause: com.kms.katalon.core.exception.StepFailedException: Unable to set text '123456' of object 'Object Repository/RAD_Pages/TaxInfo_Page/input_FEIN'
	at com.kms.katalon.core.webui.keyword.internal.WebUIKeywordMain.stepFailed(WebUIKeywordMain.groovy:64)
	at com.kms.katalon.core.webui.keyword.internal.WebUIKeywordMain.runKeyword(WebUIKeywordMain.groovy:26)
	at com.kms.katalon.core.webui.keyword.builtin.SetTextKeyword.setText(SetTextKeyword.groovy:66)
	at com.kms.katalon.core.webui.keyword.builtin.SetTextKeyword.execute(SetTextKeyword.groovy:37)
	at com.kms.katalon.core.keyword.internal.KeywordExecutor.executeKeywordForPlatform(KeywordExecutor.groovy:73)
	at com.kms.katalon.core.webui.keyword.WebUiBuiltInKeywords.setText(WebUiBuiltInKeywords.groovy:980)
	at com.kms.katalon.core.webui.keyword.WebUiBuiltInKeywords$setText$3.call(Unknown Source)
	at Payments_ExistingLiability_HC_TC.run(Payments_ExistingLiability_HC_TC:130)
	at com.kms.katalon.core.main.ScriptEngine.run(ScriptEngine.java:194)
	at com.kms.katalon.core.main.ScriptEngine.runScriptAsRawText(ScriptEngine.java:119)
	at com.kms.katalon.core.main.TestCaseExecutor.runScript(TestCaseExecutor.java:369)
	at com.kms.katalon.core.main.TestCaseExecutor.doExecute(TestCaseExecutor.java:360)
	at com.kms.katalon.core.main.TestCaseExecutor.processExecutionPhase(TestCaseExecutor.java:339)
	at com.kms.katalon.core.main.TestCaseExecutor.accessMainPhase(TestCaseExecutor.java:331)
	at com.kms.katalon.core.main.TestCaseExecutor.execute(TestCaseExecutor.java:248)
	at com.kms.katalon.core.main.TestSuiteExecutor.accessTestCaseMainPhase(TestSuiteExecutor.java:191)
	at com.kms.katalon.core.main.TestSuiteExecutor.accessTestSuiteMainPhase(TestSuiteExecutor.java:140)
	at com.kms.katalon.core.main.TestSuiteExecutor.execute(TestSuiteExecutor.java:89)
	at com.kms.katalon.core.main.TestCaseMain.startTestSuite(TestCaseMain.java:185)
	at com.kms.katalon.core.main.TestCaseMain$startTestSuite$0.call(Unknown Source)
	at TempTestSuite1634705209531.run(TempTestSuite1634705209531.groovy:39)
Caused by: org.openqa.selenium.ElementNotInteractableException: element not interactable
  (Session info: chrome=94.0.4606.81)
Build info: version: '3.141.59', revision: 'e82be7d358', time: '2018-11-14T08:25:53'
System info: host: 'DESKTOP-B2QI6NS', ip: '172.30.2.167', os.name: 'Windows 10', os.arch: 'amd64', os.version: '10.0', java.version: '1.8.0_181'
Driver info: com.kms.katalon.selenium.driver.CChromeDriver
Capabilities {acceptInsecureCerts: true, browserName: chrome, browserVersion: 94.0.4606.81, chrome: {chromedriverVersion: 94.0.4606.61 (418b78f5838ed..., userDataDir: C:\Users\iahmed\AppData\Loc...}, goog:chromeOptions: {debuggerAddress: localhost:49444}, javascriptEnabled: true, networkConnectionEnabled: false, pageLoadStrategy: normal, platform: WINDOWS, platformName: WINDOWS, proxy: Proxy(), setWindowRect: true, strictFileInteractability: false, timeouts: {implicit: 0, pageLoad: 300000, script: 30000}, unhandledPromptBehavior: dismiss and notify, webauthn:extension:credBlob: true, webauthn:extension:largeBlob: true, webauthn:virtualAuthenticators: true}
Session ID: 7918d38228a78af630cb3ece4683dddb
	at org.openqa.selenium.remote.http.W3CHttpResponseCodec.createException(W3CHttpResponseCodec.java:187)
	at org.openqa.selenium.remote.http.W3CHttpResponseCodec.decode(W3CHttpResponseCodec.java:122)
	at org.openqa.selenium.remote.http.W3CHttpResponseCodec.decode(W3CHttpResponseCodec.java:49)
	at org.openqa.selenium.remote.HttpCommandExecutor.execute(HttpCommandExecutor.java:158)
	at org.openqa.selenium.remote.service.DriverCommandExecutor.execute(DriverCommandExecutor.java:83)
	at org.openqa.selenium.remote.RemoteWebDriver.execute(RemoteWebDriver.java:552)
	at com.kms.katalon.selenium.driver.CChromeDriver.execute(CChromeDriver.java:19)
	at org.openqa.selenium.remote.RemoteWebElement.execute(RemoteWebElement.java:285)
	at org.openqa.selenium.remote.RemoteWebElement.clear(RemoteWebElement.java:124)
	at org.openqa.selenium.support.events.EventFiringWebDriver$EventFiringWebElement.lambda$new$0(EventFiringWebDriver.java:404)
	at com.sun.proxy.$Proxy11.clear(Unknown Source)
	at org.openqa.selenium.support.events.EventFiringWebDriver$EventFiringWebElement.clear(EventFiringWebDriver.java:436)
	at com.kms.katalon.core.webui.keyword.builtin.SetTextKeyword$_setText_closure1.doCall(SetTextKeyword.groovy:53)
	at com.kms.katalon.core.webui.keyword.builtin.SetTextKeyword$_setText_closure1.call(SetTextKeyword.groovy)
	at com.kms.katalon.core.webui.keyword.internal.WebUIKeywordMain.runKeyword(WebUIKeywordMain.groovy:20)
	at com.kms.katalon.core.webui.keyword.builtin.SetTextKeyword.setText(SetTextKeyword.groovy:66)
	at com.kms.katalon.core.webui.keyword.builtin.SetTextKeyword.execute(SetTextKeyword.groovy:37)
	at com.kms.katalon.core.keyword.internal.KeywordExecutor.executeKeywordForPlatform(KeywordExecutor.groovy:73)
	at com.kms.katalon.core.webui.keyword.WebUiBuiltInKeywords.setText(WebUiBuiltInKeywords.groovy:980)
	at com.kms.katalon.core.webui.keyword.WebUiBuiltInKeywords$setText$3.call(Unknown Source)
	at Script1634702981988.run(Script1634702981988.groovy:130)
	... 13 more
)

2021-10-20 00:53:18 - [MESSAGE][FAILED] - Unable to set text '123456' of object 'Object Repository/RAD_Pages/TaxInfo_Page/input_FEIN' (Root cause: com.kms.katalon.core.exception.StepFailedException: Unable to set text '123456' of object 'Object Repository/RAD_Pages/TaxInfo_Page/input_FEIN'
	at com.kms.katalon.core.webui.keyword.internal.WebUIKeywordMain.stepFailed(WebUIKeywordMain.groovy:64)
	at com.kms.katalon.core.webui.keyword.internal.WebUIKeywordMain.runKeyword(WebUIKeywordMain.groovy:26)
	at com.kms.katalon.core.webui.keyword.builtin.SetTextKeyword.setText(SetTextKeyword.groovy:66)
	at com.kms.katalon.core.webui.keyword.builtin.SetTextKeyword.execute(SetTextKeyword.groovy:37)
	at com.kms.katalon.core.keyword.internal.KeywordExecutor.executeKeywordForPlatform(KeywordExecutor.groovy:73)
	at com.kms.katalon.core.webui.keyword.WebUiBuiltInKeywords.setText(WebUiBuiltInKeywords.groovy:980)
	at com.kms.katalon.core.webui.keyword.WebUiBuiltInKeywords$setText$3.call(Unknown Source)
	at Payments_ExistingLiability_HC_TC.run(Payments_ExistingLiability_HC_TC:130)
	at com.kms.katalon.core.main.ScriptEngine.run(ScriptEngine.java:194)
	at com.kms.katalon.core.main.ScriptEngine.runScriptAsRawText(ScriptEngine.java:119)
	at com.kms.katalon.core.main.TestCaseExecutor.runScript(TestCaseExecutor.java:369)
	at com.kms.katalon.core.main.TestCaseExecutor.doExecute(TestCaseExecutor.java:360)
	at com.kms.katalon.core.main.TestCaseExecutor.processExecutionPhase(TestCaseExecutor.java:339)
	at com.kms.katalon.core.main.TestCaseExecutor.accessMainPhase(TestCaseExecutor.java:331)
	at com.kms.katalon.core.main.TestCaseExecutor.execute(TestCaseExecutor.java:248)
	at com.kms.katalon.core.main.TestSuiteExecutor.accessTestCaseMainPhase(TestSuiteExecutor.java:191)
	at com.kms.katalon.core.main.TestSuiteExecutor.accessTestSuiteMainPhase(TestSuiteExecutor.java:140)
	at com.kms.katalon.core.main.TestSuiteExecutor.execute(TestSuiteExecutor.java:89)
	at com.kms.katalon.core.main.TestCaseMain.startTestSuite(TestCaseMain.java:185)
	at com.kms.katalon.core.main.TestCaseMain$startTestSuite$0.call(Unknown Source)
	at TempTestSuite1634705209531.run(TempTestSuite1634705209531.groovy:39)
Caused by: org.openqa.selenium.ElementNotInteractableException: element not interactable
  (Session info: chrome=94.0.4606.81)
Build info: version: '3.141.59', revision: 'e82be7d358', time: '2018-11-14T08:25:53'
System info: host: 'DESKTOP-B2QI6NS', ip: '172.30.2.167', os.name: 'Windows 10', os.arch: 'amd64', os.version: '10.0', java.version: '1.8.0_181'
Driver info: com.kms.katalon.selenium.driver.CChromeDriver
Capabilities {acceptInsecureCerts: true, browserName: chrome, browserVersion: 94.0.4606.81, chrome: {chromedriverVersion: 94.0.4606.61 (418b78f5838ed..., userDataDir: C:\Users\iahmed\AppData\Loc...}, goog:chromeOptions: {debuggerAddress: localhost:49444}, javascriptEnabled: true, networkConnectionEnabled: false, pageLoadStrategy: normal, platform: WINDOWS, platformName: WINDOWS, proxy: Proxy(), setWindowRect: true, strictFileInteractability: false, timeouts: {implicit: 0, pageLoad: 300000, script: 30000}, unhandledPromptBehavior: dismiss and notify, webauthn:extension:credBlob: true, webauthn:extension:largeBlob: true, webauthn:virtualAuthenticators: true}
Session ID: 7918d38228a78af630cb3ece4683dddb
	at org.openqa.selenium.remote.http.W3CHttpResponseCodec.createException(W3CHttpResponseCodec.java:187)
	at org.openqa.selenium.remote.http.W3CHttpResponseCodec.decode(W3CHttpResponseCodec.java:122)
	at org.openqa.selenium.remote.http.W3CHttpResponseCodec.decode(W3CHttpResponseCodec.java:49)
	at org.openqa.selenium.remote.HttpCommandExecutor.execute(HttpCommandExecutor.java:158)
	at org.openqa.selenium.remote.service.DriverCommandExecutor.execute(DriverCommandExecutor.java:83)
	at org.openqa.selenium.remote.RemoteWebDriver.execute(RemoteWebDriver.java:552)
	at com.kms.katalon.selenium.driver.CChromeDriver.execute(CChromeDriver.java:19)
	at org.openqa.selenium.remote.RemoteWebElement.execute(RemoteWebElement.java:285)
	at org.openqa.selenium.remote.RemoteWebElement.clear(RemoteWebElement.java:124)
	at org.openqa.selenium.support.events.EventFiringWebDriver$EventFiringWebElement.lambda$new$0(EventFiringWebDriver.java:404)
	at com.sun.proxy.$Proxy11.clear(Unknown Source)
	at org.openqa.selenium.support.events.EventFiringWebDriver$EventFiringWebElement.clear(EventFiringWebDriver.java:436)
	at com.kms.katalon.core.webui.keyword.builtin.SetTextKeyword$_setText_closure1.doCall(SetTextKeyword.groovy:53)
	at com.kms.katalon.core.webui.keyword.builtin.SetTextKeyword$_setText_closure1.call(SetTextKeyword.groovy)
	at com.kms.katalon.core.webui.keyword.internal.WebUIKeywordMain.runKeyword(WebUIKeywordMain.groovy:20)
	at com.kms.katalon.core.webui.keyword.builtin.SetTextKeyword.setText(SetTextKeyword.groovy:66)
	at com.kms.katalon.core.webui.keyword.builtin.SetTextKeyword.execute(SetTextKeyword.groovy:37)
	at com.kms.katalon.core.keyword.internal.KeywordExecutor.executeKeywordForPlatform(KeywordExecutor.groovy:73)
	at com.kms.katalon.core.webui.keyword.WebUiBuiltInKeywords.setText(WebUiBuiltInKeywords.groovy:980)
	at com.kms.katalon.core.webui.keyword.WebUiBuiltInKeywords$setText$3.call(Unknown Source)
	at Script1634702981988.run(Script1634702981988.groovy:130)
	... 13 more
)
[[ATTACHMENT|E:\\Cloned-Project-Katalon\\VPS-Katalon\\Reports\\20211020_004649\\RAD_TestSuite\\RAD_UI_TestSuite\\20211020_004649\\1634705598264.png]]

2021-10-20 00:53:18 - [TEST_STEP][FAILED] - setText(findTestObject(orPath_TaxInfo + "/input_ReTypeFEIN"), "123456"): Unable to set text '123456' of object 'Object Repository/RAD_Pages/TaxInfo_Page/input_ReTypeFEIN' (Root cause: com.kms.katalon.core.exception.StepFailedException: Unable to set text '123456' of object 'Object Repository/RAD_Pages/TaxInfo_Page/input_ReTypeFEIN'
	at com.kms.katalon.core.webui.keyword.internal.WebUIKeywordMain.stepFailed(WebUIKeywordMain.groovy:64)
	at com.kms.katalon.core.webui.keyword.internal.WebUIKeywordMain.runKeyword(WebUIKeywordMain.groovy:26)
	at com.kms.katalon.core.webui.keyword.builtin.SetTextKeyword.setText(SetTextKeyword.groovy:66)
	at com.kms.katalon.core.webui.keyword.builtin.SetTextKeyword.execute(SetTextKeyword.groovy:37)
	at com.kms.katalon.core.keyword.internal.KeywordExecutor.executeKeywordForPlatform(KeywordExecutor.groovy:73)
	at com.kms.katalon.core.webui.keyword.WebUiBuiltInKeywords.setText(WebUiBuiltInKeywords.groovy:980)
	at com.kms.katalon.core.webui.keyword.WebUiBuiltInKeywords$setText$3.call(Unknown Source)
	at Payments_ExistingLiability_HC_TC.run(Payments_ExistingLiability_HC_TC:131)
	at com.kms.katalon.core.main.ScriptEngine.run(ScriptEngine.java:194)
	at com.kms.katalon.core.main.ScriptEngine.runScriptAsRawText(ScriptEngine.java:119)
	at com.kms.katalon.core.main.TestCaseExecutor.runScript(TestCaseExecutor.java:369)
	at com.kms.katalon.core.main.TestCaseExecutor.doExecute(TestCaseExecutor.java:360)
	at com.kms.katalon.core.main.TestCaseExecutor.processExecutionPhase(TestCaseExecutor.java:339)
	at com.kms.katalon.core.main.TestCaseExecutor.accessMainPhase(TestCaseExecutor.java:331)
	at com.kms.katalon.core.main.TestCaseExecutor.execute(TestCaseExecutor.java:248)
	at com.kms.katalon.core.main.TestSuiteExecutor.accessTestCaseMainPhase(TestSuiteExecutor.java:191)
	at com.kms.katalon.core.main.TestSuiteExecutor.accessTestSuiteMainPhase(TestSuiteExecutor.java:140)
	at com.kms.katalon.core.main.TestSuiteExecutor.execute(TestSuiteExecutor.java:89)
	at com.kms.katalon.core.main.TestCaseMain.startTestSuite(TestCaseMain.java:185)
	at com.kms.katalon.core.main.TestCaseMain$startTestSuite$0.call(Unknown Source)
	at TempTestSuite1634705209531.run(TempTestSuite1634705209531.groovy:39)
Caused by: org.openqa.selenium.ElementNotInteractableException: element not interactable
  (Session info: chrome=94.0.4606.81)
Build info: version: '3.141.59', revision: 'e82be7d358', time: '2018-11-14T08:25:53'
System info: host: 'DESKTOP-B2QI6NS', ip: '172.30.2.167', os.name: 'Windows 10', os.arch: 'amd64', os.version: '10.0', java.version: '1.8.0_181'
Driver info: com.kms.katalon.selenium.driver.CChromeDriver
Capabilities {acceptInsecureCerts: true, browserName: chrome, browserVersion: 94.0.4606.81, chrome: {chromedriverVersion: 94.0.4606.61 (418b78f5838ed..., userDataDir: C:\Users\iahmed\AppData\Loc...}, goog:chromeOptions: {debuggerAddress: localhost:49444}, javascriptEnabled: true, networkConnectionEnabled: false, pageLoadStrategy: normal, platform: WINDOWS, platformName: WINDOWS, proxy: Proxy(), setWindowRect: true, strictFileInteractability: false, timeouts: {implicit: 0, pageLoad: 300000, script: 30000}, unhandledPromptBehavior: dismiss and notify, webauthn:extension:credBlob: true, webauthn:extension:largeBlob: true, webauthn:virtualAuthenticators: true}
Session ID: 7918d38228a78af630cb3ece4683dddb
	at org.openqa.selenium.remote.http.W3CHttpResponseCodec.createException(W3CHttpResponseCodec.java:187)
	at org.openqa.selenium.remote.http.W3CHttpResponseCodec.decode(W3CHttpResponseCodec.java:122)
	at org.openqa.selenium.remote.http.W3CHttpResponseCodec.decode(W3CHttpResponseCodec.java:49)
	at org.openqa.selenium.remote.HttpCommandExecutor.execute(HttpCommandExecutor.java:158)
	at org.openqa.selenium.remote.service.DriverCommandExecutor.execute(DriverCommandExecutor.java:83)
	at org.openqa.selenium.remote.RemoteWebDriver.execute(RemoteWebDriver.java:552)
	at com.kms.katalon.selenium.driver.CChromeDriver.execute(CChromeDriver.java:19)
	at org.openqa.selenium.remote.RemoteWebElement.execute(RemoteWebElement.java:285)
	at org.openqa.selenium.remote.RemoteWebElement.clear(RemoteWebElement.java:124)
	at org.openqa.selenium.support.events.EventFiringWebDriver$EventFiringWebElement.lambda$new$0(EventFiringWebDriver.java:404)
	at com.sun.proxy.$Proxy11.clear(Unknown Source)
	at org.openqa.selenium.support.events.EventFiringWebDriver$EventFiringWebElement.clear(EventFiringWebDriver.java:436)
	at com.kms.katalon.core.webui.keyword.builtin.SetTextKeyword$_setText_closure1.doCall(SetTextKeyword.groovy:53)
	at com.kms.katalon.core.webui.keyword.builtin.SetTextKeyword$_setText_closure1.call(SetTextKeyword.groovy)
	at com.kms.katalon.core.webui.keyword.internal.WebUIKeywordMain.runKeyword(WebUIKeywordMain.groovy:20)
	at com.kms.katalon.core.webui.keyword.builtin.SetTextKeyword.setText(SetTextKeyword.groovy:66)
	at com.kms.katalon.core.webui.keyword.builtin.SetTextKeyword.execute(SetTextKeyword.groovy:37)
	at com.kms.katalon.core.keyword.internal.KeywordExecutor.executeKeywordForPlatform(KeywordExecutor.groovy:73)
	at com.kms.katalon.core.webui.keyword.WebUiBuiltInKeywords.setText(WebUiBuiltInKeywords.groovy:980)
	at com.kms.katalon.core.webui.keyword.WebUiBuiltInKeywords$setText$3.call(Unknown Source)
	at Script1634702981988.run(Script1634702981988.groovy:131)
	... 13 more
)

2021-10-20 00:53:19 - [MESSAGE][FAILED] - Unable to set text '123456' of object 'Object Repository/RAD_Pages/TaxInfo_Page/input_ReTypeFEIN' (Root cause: com.kms.katalon.core.exception.StepFailedException: Unable to set text '123456' of object 'Object Repository/RAD_Pages/TaxInfo_Page/input_ReTypeFEIN'
	at com.kms.katalon.core.webui.keyword.internal.WebUIKeywordMain.stepFailed(WebUIKeywordMain.groovy:64)
	at com.kms.katalon.core.webui.keyword.internal.WebUIKeywordMain.runKeyword(WebUIKeywordMain.groovy:26)
	at com.kms.katalon.core.webui.keyword.builtin.SetTextKeyword.setText(SetTextKeyword.groovy:66)
	at com.kms.katalon.core.webui.keyword.builtin.SetTextKeyword.execute(SetTextKeyword.groovy:37)
	at com.kms.katalon.core.keyword.internal.KeywordExecutor.executeKeywordForPlatform(KeywordExecutor.groovy:73)
	at com.kms.katalon.core.webui.keyword.WebUiBuiltInKeywords.setText(WebUiBuiltInKeywords.groovy:980)
	at com.kms.katalon.core.webui.keyword.WebUiBuiltInKeywords$setText$3.call(Unknown Source)
	at Payments_ExistingLiability_HC_TC.run(Payments_ExistingLiability_HC_TC:131)
	at com.kms.katalon.core.main.ScriptEngine.run(ScriptEngine.java:194)
	at com.kms.katalon.core.main.ScriptEngine.runScriptAsRawText(ScriptEngine.java:119)
	at com.kms.katalon.core.main.TestCaseExecutor.runScript(TestCaseExecutor.java:369)
	at com.kms.katalon.core.main.TestCaseExecutor.doExecute(TestCaseExecutor.java:360)
	at com.kms.katalon.core.main.TestCaseExecutor.processExecutionPhase(TestCaseExecutor.java:339)
	at com.kms.katalon.core.main.TestCaseExecutor.accessMainPhase(TestCaseExecutor.java:331)
	at com.kms.katalon.core.main.TestCaseExecutor.execute(TestCaseExecutor.java:248)
	at com.kms.katalon.core.main.TestSuiteExecutor.accessTestCaseMainPhase(TestSuiteExecutor.java:191)
	at com.kms.katalon.core.main.TestSuiteExecutor.accessTestSuiteMainPhase(TestSuiteExecutor.java:140)
	at com.kms.katalon.core.main.TestSuiteExecutor.execute(TestSuiteExecutor.java:89)
	at com.kms.katalon.core.main.TestCaseMain.startTestSuite(TestCaseMain.java:185)
	at com.kms.katalon.core.main.TestCaseMain$startTestSuite$0.call(Unknown Source)
	at TempTestSuite1634705209531.run(TempTestSuite1634705209531.groovy:39)
Caused by: org.openqa.selenium.ElementNotInteractableException: element not interactable
  (Session info: chrome=94.0.4606.81)
Build info: version: '3.141.59', revision: 'e82be7d358', time: '2018-11-14T08:25:53'
System info: host: 'DESKTOP-B2QI6NS', ip: '172.30.2.167', os.name: 'Windows 10', os.arch: 'amd64', os.version: '10.0', java.version: '1.8.0_181'
Driver info: com.kms.katalon.selenium.driver.CChromeDriver
Capabilities {acceptInsecureCerts: true, browserName: chrome, browserVersion: 94.0.4606.81, chrome: {chromedriverVersion: 94.0.4606.61 (418b78f5838ed..., userDataDir: C:\Users\iahmed\AppData\Loc...}, goog:chromeOptions: {debuggerAddress: localhost:49444}, javascriptEnabled: true, networkConnectionEnabled: false, pageLoadStrategy: normal, platform: WINDOWS, platformName: WINDOWS, proxy: Proxy(), setWindowRect: true, strictFileInteractability: false, timeouts: {implicit: 0, pageLoad: 300000, script: 30000}, unhandledPromptBehavior: dismiss and notify, webauthn:extension:credBlob: true, webauthn:extension:largeBlob: true, webauthn:virtualAuthenticators: true}
Session ID: 7918d38228a78af630cb3ece4683dddb
	at org.openqa.selenium.remote.http.W3CHttpResponseCodec.createException(W3CHttpResponseCodec.java:187)
	at org.openqa.selenium.remote.http.W3CHttpResponseCodec.decode(W3CHttpResponseCodec.java:122)
	at org.openqa.selenium.remote.http.W3CHttpResponseCodec.decode(W3CHttpResponseCodec.java:49)
	at org.openqa.selenium.remote.HttpCommandExecutor.execute(HttpCommandExecutor.java:158)
	at org.openqa.selenium.remote.service.DriverCommandExecutor.execute(DriverCommandExecutor.java:83)
	at org.openqa.selenium.remote.RemoteWebDriver.execute(RemoteWebDriver.java:552)
	at com.kms.katalon.selenium.driver.CChromeDriver.execute(CChromeDriver.java:19)
	at org.openqa.selenium.remote.RemoteWebElement.execute(RemoteWebElement.java:285)
	at org.openqa.selenium.remote.RemoteWebElement.clear(RemoteWebElement.java:124)
	at org.openqa.selenium.support.events.EventFiringWebDriver$EventFiringWebElement.lambda$new$0(EventFiringWebDriver.java:404)
	at com.sun.proxy.$Proxy11.clear(Unknown Source)
	at org.openqa.selenium.support.events.EventFiringWebDriver$EventFiringWebElement.clear(EventFiringWebDriver.java:436)
	at com.kms.katalon.core.webui.keyword.builtin.SetTextKeyword$_setText_closure1.doCall(SetTextKeyword.groovy:53)
	at com.kms.katalon.core.webui.keyword.builtin.SetTextKeyword$_setText_closure1.call(SetTextKeyword.groovy)
	at com.kms.katalon.core.webui.keyword.internal.WebUIKeywordMain.runKeyword(WebUIKeywordMain.groovy:20)
	at com.kms.katalon.core.webui.keyword.builtin.SetTextKeyword.setText(SetTextKeyword.groovy:66)
	at com.kms.katalon.core.webui.keyword.builtin.SetTextKeyword.execute(SetTextKeyword.groovy:37)
	at com.kms.katalon.core.keyword.internal.KeywordExecutor.executeKeywordForPlatform(KeywordExecutor.groovy:73)
	at com.kms.katalon.core.webui.keyword.WebUiBuiltInKeywords.setText(WebUiBuiltInKeywords.groovy:980)
	at com.kms.katalon.core.webui.keyword.WebUiBuiltInKeywords$setText$3.call(Unknown Source)
	at Script1634702981988.run(Script1634702981988.groovy:131)
	... 13 more
)
[[ATTACHMENT|E:\\Cloned-Project-Katalon\\VPS-Katalon\\Reports\\20211020_004649\\RAD_TestSuite\\RAD_UI_TestSuite\\20211020_004649\\1634705598911.png]]

2021-10-20 00:53:19 - [TEST_STEP][PASSED] - setText(findTestObject(orPath_TaxInfo + "/input_NoticeInvoiceNumber"), "965896"): Text '965896' is set on object 'Object Repository/RAD_Pages/TaxInfo_Page/input_NoticeInvoiceNumber'

2021-10-20 00:53:19 - [MESSAGE][PASSED] - Text '965896' is set on object 'Object Repository/RAD_Pages/TaxInfo_Page/input_NoticeInvoiceNumber'

2021-10-20 00:53:19 - [TEST_STEP][PASSED] - setText(findTestObject(orPath_TaxInfo + "/input_reTypeNoticeInvoiceNumber"), "965896"): Text '965896' is set on object 'Object Repository/RAD_Pages/TaxInfo_Page/input_reTypeNoticeInvoiceNumber'

2021-10-20 00:53:20 - [MESSAGE][PASSED] - Text '965896' is set on object 'Object Repository/RAD_Pages/TaxInfo_Page/input_reTypeNoticeInvoiceNumber'

2021-10-20 00:53:20 - [TEST_STEP][PASSED] - setText(findTestObject(orPath_Amount + "/input__paymentAmount"), Amount): Text '30.50' is set on object 'Object Repository/RAD_Pages/PaymentAmount_Page/input__paymentAmount'

2021-10-20 00:53:21 - [MESSAGE][PASSED] - Text '30.50' is set on object 'Object Repository/RAD_Pages/PaymentAmount_Page/input__paymentAmount'

2021-10-20 00:53:21 - [TEST_STEP][PASSED] - scrollToElement(findTestObject(orPath_Landing + "/button_Continue"), 3): Scroll to object 'Object Repository/RAD_Pages/Landing_Page/button_Continue' successfully

2021-10-20 00:53:21 - [MESSAGE][PASSED] - Scroll to object 'Object Repository/RAD_Pages/Landing_Page/button_Continue' successfully

2021-10-20 00:53:21 - [TEST_STEP][PASSED] - waitForElementClickable(findTestObject(orPath_Landing + "/button_Continue"), 5): Object 'Object Repository/RAD_Pages/Landing_Page/button_Continue' is clickable

2021-10-20 00:53:22 - [MESSAGE][PASSED] - Object 'Object Repository/RAD_Pages/Landing_Page/button_Continue' is clickable

2021-10-20 00:53:22 - [TEST_STEP][PASSED] - click(findTestObject(orPath_Landing + "/button_Continue")): Object: 'Object Repository/RAD_Pages/Landing_Page/button_Continue' is clicked on

2021-10-20 00:53:22 - [MESSAGE][PASSED] - Object: 'Object Repository/RAD_Pages/Landing_Page/button_Continue' is clicked on

2021-10-20 00:53:22 - [TEST_STEP][PASSED] - verifyTextPresent("Review the information below and make any necessary corrections by clicking the", true): Text 'Review the information below and make any necessary corrections by clicking the' is present on page  using regular expression

2021-10-20 00:53:23 - [MESSAGE][PASSED] - Text 'Review the information below and make any necessary corrections by clicking the' is present on page  using regular expression

2021-10-20 00:53:23 - [TEST_STEP][PASSED] - verifyTextPresent("When you are confident that all the information is correct", true): Text 'When you are confident that all the information is correct' is present on page  using regular expression

2021-10-20 00:53:23 - [MESSAGE][PASSED] - Text 'When you are confident that all the information is correct' is present on page  using regular expression

2021-10-20 00:53:23 - [TEST_STEP][PASSED] - scrollToElement(findTestObject(orPath_Summary + "/button_Continue_Summary"), 3): Scroll to object 'Object Repository/RAD_Pages/Summary_Page/button_Continue_Summary' successfully

2021-10-20 00:53:23 - [MESSAGE][PASSED] - Scroll to object 'Object Repository/RAD_Pages/Summary_Page/button_Continue_Summary' successfully

2021-10-20 00:53:23 - [TEST_STEP][PASSED] - waitForElementClickable(findTestObject(orPath_Summary + "/button_Continue_Summary"), 5): Object 'Object Repository/RAD_Pages/Summary_Page/button_Continue_Summary' is clickable

2021-10-20 00:53:24 - [MESSAGE][PASSED] - Object 'Object Repository/RAD_Pages/Summary_Page/button_Continue_Summary' is clickable

2021-10-20 00:53:24 - [TEST_STEP][PASSED] - delay(3): Delayed 3 second(s)

2021-10-20 00:53:27 - [MESSAGE][PASSED] - Delayed 3 second(s)

2021-10-20 00:53:27 - [TEST_STEP][PASSED] - click(findTestObject(orPath_Summary + "/button_Continue_Summary")): Object: 'Object Repository/RAD_Pages/Summary_Page/button_Continue_Summary' is clicked on

2021-10-20 00:53:27 - [MESSAGE][PASSED] - Object: 'Object Repository/RAD_Pages/Summary_Page/button_Continue_Summary' is clicked on

2021-10-20 00:53:27 - [TEST_STEP][PASSED] - delay(3): Delayed 3 second(s)

2021-10-20 00:53:30 - [MESSAGE][PASSED] - Delayed 3 second(s)

2021-10-20 00:53:30 - [TEST_STEP][PASSED] - click(findTestObject(orPath_PaymentReady + "/button_ProceedtoPayment")): Object: 'Object Repository/RAD_Pages/PaymentReady_Page/button_ProceedtoPayment' is clicked on

2021-10-20 00:53:32 - [MESSAGE][PASSED] - Object: 'Object Repository/RAD_Pages/PaymentReady_Page/button_ProceedtoPayment' is clicked on

2021-10-20 00:53:32 - [TEST_STEP][PASSED] - setText(findTestObject(orPath_PaymentEntry + "/input__cardNumber"), CCNumber): Text '4012000098765439' is set on object 'Object Repository/RAD_Pages/PaymentEntry_Page/input__cardNumber'

2021-10-20 00:53:33 - [MESSAGE][PASSED] - Text '4012000098765439' is set on object 'Object Repository/RAD_Pages/PaymentEntry_Page/input__cardNumber'

2021-10-20 00:53:33 - [TEST_STEP][PASSED] - setText(findTestObject(orPath_PaymentEntry + "/input__spc"), CVV): Text '123' is set on object 'Object Repository/RAD_Pages/PaymentEntry_Page/input__spc'

2021-10-20 00:53:33 - [MESSAGE][PASSED] - Text '123' is set on object 'Object Repository/RAD_Pages/PaymentEntry_Page/input__spc'

2021-10-20 00:53:33 - [TEST_STEP][PASSED] - selectOptionByLabel(findTestObject(orPath_PaymentEntry + "/select_MM"), "12", false): All options with label '12' are selected in object 'Object Repository/RAD_Pages/PaymentEntry_Page/select_MM' 

2021-10-20 00:53:34 - [MESSAGE][PASSED] - All options with label '12' are selected in object 'Object Repository/RAD_Pages/PaymentEntry_Page/select_MM' 

2021-10-20 00:53:34 - [TEST_STEP][PASSED] - selectOptionByLabel(findTestObject(orPath_PaymentEntry + "/select_YYYY"), "2023", false): All options with label '2023' are selected in object 'Object Repository/RAD_Pages/PaymentEntry_Page/select_YYYY' 

2021-10-20 00:53:35 - [MESSAGE][PASSED] - All options with label '2023' are selected in object 'Object Repository/RAD_Pages/PaymentEntry_Page/select_YYYY' 

2021-10-20 00:53:35 - [TEST_STEP][PASSED] - click(findTestObject(orPath_PaymentEntry + "/input_Field_ccSubmit")): Object: 'Object Repository/RAD_Pages/PaymentEntry_Page/input_Field_ccSubmit' is clicked on

2021-10-20 00:53:36 - [MESSAGE][PASSED] - Object: 'Object Repository/RAD_Pages/PaymentEntry_Page/input_Field_ccSubmit' is clicked on

2021-10-20 00:53:36 - [TEST_STEP][PASSED] - click(findTestObject(orPath_PaymentConfirmation + "/input_N_confirmNotifyAction")): Object: 'Object Repository/RAD_Pages/PaymentConfirmation_Page/input_N_confirmNotifyAction' is clicked on

2021-10-20 00:53:37 - [MESSAGE][PASSED] - Object: 'Object Repository/RAD_Pages/PaymentConfirmation_Page/input_N_confirmNotifyAction' is clicked on

2021-10-20 00:53:37 - [TEST_STEP][PASSED] - click(findTestObject(orPath_ServiceFeesAccept + "/input_convFeeNotifyAction")): Object: 'Object Repository/RAD_Pages/ServiceFeeAccept_Page/input_convFeeNotifyAction' is clicked on

2021-10-20 00:53:38 - [MESSAGE][PASSED] - Object: 'Object Repository/RAD_Pages/ServiceFeeAccept_Page/input_convFeeNotifyAction' is clicked on

2021-10-20 00:53:38 - [TEST_STEP][PASSED] - delay(10): Delayed 10 second(s)

2021-10-20 00:53:48 - [MESSAGE][PASSED] - Delayed 10 second(s)

2021-10-20 00:53:48 - [TEST_STEP][PASSED] - verifyTextPresent("Successful Payment Receipt", true): Text 'Successful Payment Receipt' is present on page  using regular expression

2021-10-20 00:53:49 - [MESSAGE][PASSED] - Text 'Successful Payment Receipt' is present on page  using regular expression

2021-10-20 00:53:49 - [TEST_STEP][PASSED] - if (verifyTextPresent("Successful Payment Receipt", true)): null

2021-10-20 00:53:49 - [MESSAGE][PASSED] - Text 'Successful Payment Receipt' is present on page  using regular expression

2021-10-20 00:53:49 - [TEST_STEP][PASSED] - println("Transaction was Successful"): null

2021-10-20 00:53:49 - [TEST_STEP][PASSED] - out.println("Pass Record Number: " + row): null

2021-10-20 00:53:49 - [TEST_STEP][PASSED] - resText = "Pass": null

2021-10-20 00:53:49 - [TEST_STEP][PASSED] - pages.WriteExcel.demoKey(resText, datText, resColumn, datCloumn, fileLoc, nameSheet, row): pages.WriteExcel.demoKey is PASSED

2021-10-20 00:53:49 - [MESSAGE][PASSED] - pages.WriteExcel.demoKey is PASSED

2021-10-20 00:53:49 - [TEST_STEP][PASSED] - ExecuteTC = findTestData(dataFile).getValue("Execute", row): null

2021-10-20 00:53:49 - [TEST_STEP][PASSED] - Taxtype = findTestData(dataFile).getValue("TaxType", row): null

2021-10-20 00:53:49 - [TEST_STEP][PASSED] - TaxTypeEL = findTestData(dataFile).getValue("TaxTypeEL", row): null

2021-10-20 00:53:49 - [TEST_STEP][PASSED] - FName = findTestData(dataFile).getValue("Fname", row): null

2021-10-20 00:53:49 - [TEST_STEP][PASSED] - LName = findTestData(dataFile).getValue("Lname", row): null

2021-10-20 00:53:49 - [TEST_STEP][PASSED] - AL1 = findTestData(dataFile).getValue("AL1", row): null

2021-10-20 00:53:49 - [TEST_STEP][PASSED] - City = findTestData(dataFile).getValue("City", row): null

2021-10-20 00:53:49 - [TEST_STEP][PASSED] - ZIP = findTestData(dataFile).getValue("ZIP", row): null

2021-10-20 00:53:49 - [TEST_STEP][PASSED] - Amount = findTestData(dataFile).getValue("Amount", row): null

2021-10-20 00:53:49 - [TEST_STEP][PASSED] - CCNumber = findTestData(dataFile).getValue("CCNumber", row): null

2021-10-20 00:53:49 - [TEST_STEP][PASSED] - CVV = findTestData(dataFile).getValue("CVV", row): null

2021-10-20 00:53:49 - [TEST_STEP][PASSED] - out.println("Value of Execute is : " + ExecuteTC): null

2021-10-20 00:53:49 - [TEST_STEP][FAILED] - if (ExecuteTC.equalsIgnoreCase("Y")): null

2021-10-20 00:53:49 - [TEST_STEP][PASSED] - out.println("Begin Record Number: " + row): null

2021-10-20 00:53:49 - [TEST_STEP][PASSED] - today = new java.util.Date(): null

2021-10-20 00:53:49 - [TEST_STEP][PASSED] - println(today): null

2021-10-20 00:53:49 - [TEST_STEP][PASSED] - datText = today: null

2021-10-20 00:53:49 - [TEST_STEP][PASSED] - Taxtype = findTestData(dataFile).getValue("TaxType", row): null

2021-10-20 00:53:49 - [TEST_STEP][PASSED] - out.println("Taxtype value is : " + Taxtype): null

2021-10-20 00:53:49 - [TEST_STEP][PASSED] - openBrowser(""): Browser is opened with url: ''

2021-10-20 00:53:49 - [MESSAGE][WARNING] - A browser is already opened. Closing browser and opening a new one

2021-10-20 00:53:50 - [MESSAGE][INFO] - Starting 'Chrome' driver

2021-10-20 00:53:50 - [MESSAGE][INFO] - User set preference: ['acceptInsecureCerts', 'true']

2021-10-20 00:53:50 - [MESSAGE][INFO] - Action delay is set to 0 milliseconds

2021-10-20 00:53:52 - [MESSAGE][PASSED] - Browser is opened with url: ''

2021-10-20 00:53:52 - [TEST_STEP][PASSED] - maximizeWindow(): Current window maximized

2021-10-20 00:53:52 - [MESSAGE][PASSED] - Current window maximized

2021-10-20 00:53:52 - [TEST_STEP][PASSED] - navigateToUrl(RADurl): Navigate to 'https://qa.velocitypayment.com/client/rad/index.html' successfully

2021-10-20 00:53:53 - [MESSAGE][PASSED] - Navigate to 'https://qa.velocitypayment.com/client/rad/index.html' successfully

2021-10-20 00:53:53 - [TEST_STEP][PASSED] - orPath_Landing = "Object Repository/RAD_Pages/Landing_Page": null

2021-10-20 00:53:53 - [TEST_STEP][PASSED] - orPath_TaxTypeFilingYear = "Object Repository/RAD_Pages/TaxTypeFilingYear_Page": null

2021-10-20 00:53:53 - [TEST_STEP][PASSED] - orPath_TaxPayer = "Object Repository/RAD_Pages/Taxpayer_Page": null

2021-10-20 00:53:53 - [TEST_STEP][PASSED] - orPath_AddressContact = "Object Repository/RAD_Pages/AddressAndContactInfo_Page": null

2021-10-20 00:53:53 - [TEST_STEP][PASSED] - orPath_FilingStatus = "Object Repository/RAD_Pages/FilingStatus_Page": null

2021-10-20 00:53:53 - [TEST_STEP][PASSED] - orPath_Amount = "Object Repository/RAD_Pages/PaymentAmount_Page": null

2021-10-20 00:53:53 - [TEST_STEP][PASSED] - orPath_TaxInfo = "Object Repository/RAD_Pages/TaxInfo_Page": null

2021-10-20 00:53:53 - [TEST_STEP][PASSED] - orPath_Withholding = "Object Repository/RAD_Pages/Withholding_Page": null

2021-10-20 00:53:53 - [TEST_STEP][PASSED] - orPath_Summary = "Object Repository/RAD_Pages/Summary_Page": null

2021-10-20 00:53:53 - [TEST_STEP][PASSED] - orPath_PaymentReady = "Object Repository/RAD_Pages/PaymentReady_Page": null

2021-10-20 00:53:53 - [TEST_STEP][PASSED] - orPath_PaymentEntry = "Object Repository/RAD_Pages/PaymentEntry_Page": null

2021-10-20 00:53:53 - [TEST_STEP][PASSED] - orPath_PaymentConfirmation = "Object Repository/RAD_Pages/PaymentConfirmation_Page": null

2021-10-20 00:53:53 - [TEST_STEP][PASSED] - orPath_ServiceFeesAccept = "Object Repository/RAD_Pages/ServiceFeeAccept_Page": null

2021-10-20 00:53:53 - [TEST_STEP][PASSED] - selectOptionByLabel(findTestObject(orPath_Landing + "/dd_TaxType"), Taxtype, false): All options with label 'Existing Liability' are selected in object 'Object Repository/RAD_Pages/Landing_Page/dd_TaxType' 

2021-10-20 00:53:54 - [MESSAGE][PASSED] - All options with label 'Existing Liability' are selected in object 'Object Repository/RAD_Pages/Landing_Page/dd_TaxType' 

2021-10-20 00:53:54 - [TEST_STEP][PASSED] - delay(3): Delayed 3 second(s)

2021-10-20 00:53:57 - [MESSAGE][PASSED] - Delayed 3 second(s)

2021-10-20 00:53:57 - [TEST_STEP][PASSED] - selectOptionByLabel(findTestObject(orPath_TaxTypeFilingYear + "/select_TaxType_ExistingLiability"), TaxTypeEL, false): All options with label 'Sales & Use Tax' are selected in object 'Object Repository/RAD_Pages/TaxTypeFilingYear_Page/select_TaxType_ExistingLiability' 

2021-10-20 00:53:58 - [MESSAGE][PASSED] - All options with label 'Sales & Use Tax' are selected in object 'Object Repository/RAD_Pages/TaxTypeFilingYear_Page/select_TaxType_ExistingLiability' 

2021-10-20 00:53:58 - [TEST_STEP][PASSED] - setText(findTestObject(orPath_TaxPayer + "/input_firstName"), FName): Text 'Jackson' is set on object 'Object Repository/RAD_Pages/Taxpayer_Page/input_firstName'

2021-10-20 00:53:59 - [MESSAGE][PASSED] - Text 'Jackson' is set on object 'Object Repository/RAD_Pages/Taxpayer_Page/input_firstName'

2021-10-20 00:53:59 - [TEST_STEP][PASSED] - setText(findTestObject(orPath_TaxPayer + "/input_lastName"), LName): Text 'Leroy' is set on object 'Object Repository/RAD_Pages/Taxpayer_Page/input_lastName'

2021-10-20 00:53:59 - [MESSAGE][PASSED] - Text 'Leroy' is set on object 'Object Repository/RAD_Pages/Taxpayer_Page/input_lastName'

2021-10-20 00:53:59 - [TEST_STEP][PASSED] - setText(findTestObject(orPath_TaxPayer + "/input_middleName"), "Johns"): Text 'Johns' is set on object 'Object Repository/RAD_Pages/Taxpayer_Page/input_middleName'

2021-10-20 00:54:00 - [MESSAGE][PASSED] - Text 'Johns' is set on object 'Object Repository/RAD_Pages/Taxpayer_Page/input_middleName'

2021-10-20 00:54:00 - [TEST_STEP][PASSED] - setText(findTestObject(orPath_TaxPayer + "/input_suffix"), "Sr"): Text 'Sr' is set on object 'Object Repository/RAD_Pages/Taxpayer_Page/input_suffix'

2021-10-20 00:54:01 - [MESSAGE][PASSED] - Text 'Sr' is set on object 'Object Repository/RAD_Pages/Taxpayer_Page/input_suffix'

2021-10-20 00:54:01 - [TEST_STEP][PASSED] - selectOptionByLabel(findTestObject(orPath_AddressContact + "/select_Country"), "United States", false): All options with label 'United States' are selected in object 'Object Repository/RAD_Pages/AddressAndContactInfo_Page/select_Country' 

2021-10-20 00:54:01 - [MESSAGE][PASSED] - All options with label 'United States' are selected in object 'Object Repository/RAD_Pages/AddressAndContactInfo_Page/select_Country' 

2021-10-20 00:54:01 - [TEST_STEP][PASSED] - setText(findTestObject(orPath_AddressContact + "/input_streetAddress1"), AL1): Text '1501 Mandan Terrace' is set on object 'Object Repository/RAD_Pages/AddressAndContactInfo_Page/input_streetAddress1'

2021-10-20 00:54:02 - [MESSAGE][PASSED] - Text '1501 Mandan Terrace' is set on object 'Object Repository/RAD_Pages/AddressAndContactInfo_Page/input_streetAddress1'

2021-10-20 00:54:02 - [TEST_STEP][PASSED] - setText(findTestObject(orPath_AddressContact + "/input_streetAddress2"), ""): Text '' is set on object 'Object Repository/RAD_Pages/AddressAndContactInfo_Page/input_streetAddress2'

2021-10-20 00:54:03 - [MESSAGE][PASSED] - Text '' is set on object 'Object Repository/RAD_Pages/AddressAndContactInfo_Page/input_streetAddress2'

2021-10-20 00:54:03 - [TEST_STEP][PASSED] - setText(findTestObject(orPath_AddressContact + "/input_city"), City): Text 'Bowie' is set on object 'Object Repository/RAD_Pages/AddressAndContactInfo_Page/input_city'

2021-10-20 00:54:03 - [MESSAGE][PASSED] - Text 'Bowie' is set on object 'Object Repository/RAD_Pages/AddressAndContactInfo_Page/input_city'

2021-10-20 00:54:03 - [TEST_STEP][PASSED] - selectOptionByLabel(findTestObject(orPath_AddressContact + "/select_State"), "Maryland", false): All options with label 'Maryland' are selected in object 'Object Repository/RAD_Pages/AddressAndContactInfo_Page/select_State' 

2021-10-20 00:54:04 - [MESSAGE][PASSED] - All options with label 'Maryland' are selected in object 'Object Repository/RAD_Pages/AddressAndContactInfo_Page/select_State' 

2021-10-20 00:54:04 - [TEST_STEP][PASSED] - setText(findTestObject(orPath_AddressContact + "/input_zipCode"), ZIP): Text '20720' is set on object 'Object Repository/RAD_Pages/AddressAndContactInfo_Page/input_zipCode'

2021-10-20 00:54:04 - [MESSAGE][PASSED] - Text '20720' is set on object 'Object Repository/RAD_Pages/AddressAndContactInfo_Page/input_zipCode'

2021-10-20 00:54:04 - [TEST_STEP][PASSED] - setText(findTestObject(orPath_AddressContact + "/input_phoneNumber"), "77038945000"): Text '77038945000' is set on object 'Object Repository/RAD_Pages/AddressAndContactInfo_Page/input_phoneNumber'

2021-10-20 00:54:05 - [MESSAGE][PASSED] - Text '77038945000' is set on object 'Object Repository/RAD_Pages/AddressAndContactInfo_Page/input_phoneNumber'

2021-10-20 00:54:05 - [TEST_STEP][PASSED] - setText(findTestObject(orPath_AddressContact + "/input_eMailAddress"), "iahmed@govolution.com"): Text 'iahmed@govolution.com' is set on object 'Object Repository/RAD_Pages/AddressAndContactInfo_Page/input_eMailAddress'

2021-10-20 00:54:06 - [MESSAGE][PASSED] - Text 'iahmed@govolution.com' is set on object 'Object Repository/RAD_Pages/AddressAndContactInfo_Page/input_eMailAddress'

2021-10-20 00:54:06 - [TEST_STEP][PASSED] - setText(findTestObject(orPath_AddressContact + "/input_reEnterEMailAddress"), "iahmed@govolution.com"): Text 'iahmed@govolution.com' is set on object 'Object Repository/RAD_Pages/AddressAndContactInfo_Page/input_reEnterEMailAddress'

2021-10-20 00:54:07 - [MESSAGE][PASSED] - Text 'iahmed@govolution.com' is set on object 'Object Repository/RAD_Pages/AddressAndContactInfo_Page/input_reEnterEMailAddress'

2021-10-20 00:54:07 - [TEST_STEP][PASSED] - setText(findTestObject(orPath_TaxInfo + "/input_TaxInfo_ExisitingSSN"), "111223333"): Text '111223333' is set on object 'Object Repository/RAD_Pages/TaxInfo_Page/input_TaxInfo_ExisitingSSN'

2021-10-20 00:54:08 - [MESSAGE][PASSED] - Text '111223333' is set on object 'Object Repository/RAD_Pages/TaxInfo_Page/input_TaxInfo_ExisitingSSN'

2021-10-20 00:54:08 - [TEST_STEP][PASSED] - setText(findTestObject(orPath_TaxInfo + "/input_TaxInfo_reTaxTypeExisitingSSN"), "111223333"): Text '111223333' is set on object 'Object Repository/RAD_Pages/TaxInfo_Page/input_TaxInfo_reTaxTypeExisitingSSN'

2021-10-20 00:54:08 - [MESSAGE][PASSED] - Text '111223333' is set on object 'Object Repository/RAD_Pages/TaxInfo_Page/input_TaxInfo_reTaxTypeExisitingSSN'

2021-10-20 00:54:08 - [TEST_STEP][PASSED] - scrollToElement(findTestObject(orPath_Amount + "/input__paymentAmount"), 3): Scroll to object 'Object Repository/RAD_Pages/PaymentAmount_Page/input__paymentAmount' successfully

2021-10-20 00:54:09 - [MESSAGE][PASSED] - Scroll to object 'Object Repository/RAD_Pages/PaymentAmount_Page/input__paymentAmount' successfully

2021-10-20 00:54:09 - [TEST_STEP][PASSED] - delay(3): Delayed 3 second(s)

2021-10-20 00:54:12 - [MESSAGE][PASSED] - Delayed 3 second(s)

2021-10-20 00:54:12 - [TEST_STEP][FAILED] - setText(findTestObject(orPath_TaxInfo + "/input_FEIN"), "123456"): Unable to set text '123456' of object 'Object Repository/RAD_Pages/TaxInfo_Page/input_FEIN' (Root cause: com.kms.katalon.core.exception.StepFailedException: Unable to set text '123456' of object 'Object Repository/RAD_Pages/TaxInfo_Page/input_FEIN'
	at com.kms.katalon.core.webui.keyword.internal.WebUIKeywordMain.stepFailed(WebUIKeywordMain.groovy:64)
	at com.kms.katalon.core.webui.keyword.internal.WebUIKeywordMain.runKeyword(WebUIKeywordMain.groovy:26)
	at com.kms.katalon.core.webui.keyword.builtin.SetTextKeyword.setText(SetTextKeyword.groovy:66)
	at com.kms.katalon.core.webui.keyword.builtin.SetTextKeyword.execute(SetTextKeyword.groovy:37)
	at com.kms.katalon.core.keyword.internal.KeywordExecutor.executeKeywordForPlatform(KeywordExecutor.groovy:73)
	at com.kms.katalon.core.webui.keyword.WebUiBuiltInKeywords.setText(WebUiBuiltInKeywords.groovy:980)
	at com.kms.katalon.core.webui.keyword.WebUiBuiltInKeywords$setText$3.call(Unknown Source)
	at Payments_ExistingLiability_HC_TC.run(Payments_ExistingLiability_HC_TC:130)
	at com.kms.katalon.core.main.ScriptEngine.run(ScriptEngine.java:194)
	at com.kms.katalon.core.main.ScriptEngine.runScriptAsRawText(ScriptEngine.java:119)
	at com.kms.katalon.core.main.TestCaseExecutor.runScript(TestCaseExecutor.java:369)
	at com.kms.katalon.core.main.TestCaseExecutor.doExecute(TestCaseExecutor.java:360)
	at com.kms.katalon.core.main.TestCaseExecutor.processExecutionPhase(TestCaseExecutor.java:339)
	at com.kms.katalon.core.main.TestCaseExecutor.accessMainPhase(TestCaseExecutor.java:331)
	at com.kms.katalon.core.main.TestCaseExecutor.execute(TestCaseExecutor.java:248)
	at com.kms.katalon.core.main.TestSuiteExecutor.accessTestCaseMainPhase(TestSuiteExecutor.java:191)
	at com.kms.katalon.core.main.TestSuiteExecutor.accessTestSuiteMainPhase(TestSuiteExecutor.java:140)
	at com.kms.katalon.core.main.TestSuiteExecutor.execute(TestSuiteExecutor.java:89)
	at com.kms.katalon.core.main.TestCaseMain.startTestSuite(TestCaseMain.java:185)
	at com.kms.katalon.core.main.TestCaseMain$startTestSuite$0.call(Unknown Source)
	at TempTestSuite1634705209531.run(TempTestSuite1634705209531.groovy:39)
Caused by: org.openqa.selenium.ElementNotInteractableException: element not interactable
  (Session info: chrome=94.0.4606.81)
Build info: version: '3.141.59', revision: 'e82be7d358', time: '2018-11-14T08:25:53'
System info: host: 'DESKTOP-B2QI6NS', ip: '172.30.2.167', os.name: 'Windows 10', os.arch: 'amd64', os.version: '10.0', java.version: '1.8.0_181'
Driver info: com.kms.katalon.selenium.driver.CChromeDriver
Capabilities {acceptInsecureCerts: true, browserName: chrome, browserVersion: 94.0.4606.81, chrome: {chromedriverVersion: 94.0.4606.61 (418b78f5838ed..., userDataDir: C:\Users\iahmed\AppData\Loc...}, goog:chromeOptions: {debuggerAddress: localhost:61584}, javascriptEnabled: true, networkConnectionEnabled: false, pageLoadStrategy: normal, platform: WINDOWS, platformName: WINDOWS, proxy: Proxy(), setWindowRect: true, strictFileInteractability: false, timeouts: {implicit: 0, pageLoad: 300000, script: 30000}, unhandledPromptBehavior: dismiss and notify, webauthn:extension:credBlob: true, webauthn:extension:largeBlob: true, webauthn:virtualAuthenticators: true}
Session ID: 6fcc81b12f20ba5458e385e50c6ff5d0
	at org.openqa.selenium.remote.http.W3CHttpResponseCodec.createException(W3CHttpResponseCodec.java:187)
	at org.openqa.selenium.remote.http.W3CHttpResponseCodec.decode(W3CHttpResponseCodec.java:122)
	at org.openqa.selenium.remote.http.W3CHttpResponseCodec.decode(W3CHttpResponseCodec.java:49)
	at org.openqa.selenium.remote.HttpCommandExecutor.execute(HttpCommandExecutor.java:158)
	at org.openqa.selenium.remote.service.DriverCommandExecutor.execute(DriverCommandExecutor.java:83)
	at org.openqa.selenium.remote.RemoteWebDriver.execute(RemoteWebDriver.java:552)
	at com.kms.katalon.selenium.driver.CChromeDriver.execute(CChromeDriver.java:19)
	at org.openqa.selenium.remote.RemoteWebElement.execute(RemoteWebElement.java:285)
	at org.openqa.selenium.remote.RemoteWebElement.clear(RemoteWebElement.java:124)
	at org.openqa.selenium.support.events.EventFiringWebDriver$EventFiringWebElement.lambda$new$0(EventFiringWebDriver.java:404)
	at com.sun.proxy.$Proxy11.clear(Unknown Source)
	at org.openqa.selenium.support.events.EventFiringWebDriver$EventFiringWebElement.clear(EventFiringWebDriver.java:436)
	at com.kms.katalon.core.webui.keyword.builtin.SetTextKeyword$_setText_closure1.doCall(SetTextKeyword.groovy:53)
	at com.kms.katalon.core.webui.keyword.builtin.SetTextKeyword$_setText_closure1.call(SetTextKeyword.groovy)
	at com.kms.katalon.core.webui.keyword.internal.WebUIKeywordMain.runKeyword(WebUIKeywordMain.groovy:20)
	at com.kms.katalon.core.webui.keyword.builtin.SetTextKeyword.setText(SetTextKeyword.groovy:66)
	at com.kms.katalon.core.webui.keyword.builtin.SetTextKeyword.execute(SetTextKeyword.groovy:37)
	at com.kms.katalon.core.keyword.internal.KeywordExecutor.executeKeywordForPlatform(KeywordExecutor.groovy:73)
	at com.kms.katalon.core.webui.keyword.WebUiBuiltInKeywords.setText(WebUiBuiltInKeywords.groovy:980)
	at com.kms.katalon.core.webui.keyword.WebUiBuiltInKeywords$setText$3.call(Unknown Source)
	at Script1634702981988.run(Script1634702981988.groovy:130)
	... 13 more
)

2021-10-20 00:54:12 - [MESSAGE][FAILED] - Unable to set text '123456' of object 'Object Repository/RAD_Pages/TaxInfo_Page/input_FEIN' (Root cause: com.kms.katalon.core.exception.StepFailedException: Unable to set text '123456' of object 'Object Repository/RAD_Pages/TaxInfo_Page/input_FEIN'
	at com.kms.katalon.core.webui.keyword.internal.WebUIKeywordMain.stepFailed(WebUIKeywordMain.groovy:64)
	at com.kms.katalon.core.webui.keyword.internal.WebUIKeywordMain.runKeyword(WebUIKeywordMain.groovy:26)
	at com.kms.katalon.core.webui.keyword.builtin.SetTextKeyword.setText(SetTextKeyword.groovy:66)
	at com.kms.katalon.core.webui.keyword.builtin.SetTextKeyword.execute(SetTextKeyword.groovy:37)
	at com.kms.katalon.core.keyword.internal.KeywordExecutor.executeKeywordForPlatform(KeywordExecutor.groovy:73)
	at com.kms.katalon.core.webui.keyword.WebUiBuiltInKeywords.setText(WebUiBuiltInKeywords.groovy:980)
	at com.kms.katalon.core.webui.keyword.WebUiBuiltInKeywords$setText$3.call(Unknown Source)
	at Payments_ExistingLiability_HC_TC.run(Payments_ExistingLiability_HC_TC:130)
	at com.kms.katalon.core.main.ScriptEngine.run(ScriptEngine.java:194)
	at com.kms.katalon.core.main.ScriptEngine.runScriptAsRawText(ScriptEngine.java:119)
	at com.kms.katalon.core.main.TestCaseExecutor.runScript(TestCaseExecutor.java:369)
	at com.kms.katalon.core.main.TestCaseExecutor.doExecute(TestCaseExecutor.java:360)
	at com.kms.katalon.core.main.TestCaseExecutor.processExecutionPhase(TestCaseExecutor.java:339)
	at com.kms.katalon.core.main.TestCaseExecutor.accessMainPhase(TestCaseExecutor.java:331)
	at com.kms.katalon.core.main.TestCaseExecutor.execute(TestCaseExecutor.java:248)
	at com.kms.katalon.core.main.TestSuiteExecutor.accessTestCaseMainPhase(TestSuiteExecutor.java:191)
	at com.kms.katalon.core.main.TestSuiteExecutor.accessTestSuiteMainPhase(TestSuiteExecutor.java:140)
	at com.kms.katalon.core.main.TestSuiteExecutor.execute(TestSuiteExecutor.java:89)
	at com.kms.katalon.core.main.TestCaseMain.startTestSuite(TestCaseMain.java:185)
	at com.kms.katalon.core.main.TestCaseMain$startTestSuite$0.call(Unknown Source)
	at TempTestSuite1634705209531.run(TempTestSuite1634705209531.groovy:39)
Caused by: org.openqa.selenium.ElementNotInteractableException: element not interactable
  (Session info: chrome=94.0.4606.81)
Build info: version: '3.141.59', revision: 'e82be7d358', time: '2018-11-14T08:25:53'
System info: host: 'DESKTOP-B2QI6NS', ip: '172.30.2.167', os.name: 'Windows 10', os.arch: 'amd64', os.version: '10.0', java.version: '1.8.0_181'
Driver info: com.kms.katalon.selenium.driver.CChromeDriver
Capabilities {acceptInsecureCerts: true, browserName: chrome, browserVersion: 94.0.4606.81, chrome: {chromedriverVersion: 94.0.4606.61 (418b78f5838ed..., userDataDir: C:\Users\iahmed\AppData\Loc...}, goog:chromeOptions: {debuggerAddress: localhost:61584}, javascriptEnabled: true, networkConnectionEnabled: false, pageLoadStrategy: normal, platform: WINDOWS, platformName: WINDOWS, proxy: Proxy(), setWindowRect: true, strictFileInteractability: false, timeouts: {implicit: 0, pageLoad: 300000, script: 30000}, unhandledPromptBehavior: dismiss and notify, webauthn:extension:credBlob: true, webauthn:extension:largeBlob: true, webauthn:virtualAuthenticators: true}
Session ID: 6fcc81b12f20ba5458e385e50c6ff5d0
	at org.openqa.selenium.remote.http.W3CHttpResponseCodec.createException(W3CHttpResponseCodec.java:187)
	at org.openqa.selenium.remote.http.W3CHttpResponseCodec.decode(W3CHttpResponseCodec.java:122)
	at org.openqa.selenium.remote.http.W3CHttpResponseCodec.decode(W3CHttpResponseCodec.java:49)
	at org.openqa.selenium.remote.HttpCommandExecutor.execute(HttpCommandExecutor.java:158)
	at org.openqa.selenium.remote.service.DriverCommandExecutor.execute(DriverCommandExecutor.java:83)
	at org.openqa.selenium.remote.RemoteWebDriver.execute(RemoteWebDriver.java:552)
	at com.kms.katalon.selenium.driver.CChromeDriver.execute(CChromeDriver.java:19)
	at org.openqa.selenium.remote.RemoteWebElement.execute(RemoteWebElement.java:285)
	at org.openqa.selenium.remote.RemoteWebElement.clear(RemoteWebElement.java:124)
	at org.openqa.selenium.support.events.EventFiringWebDriver$EventFiringWebElement.lambda$new$0(EventFiringWebDriver.java:404)
	at com.sun.proxy.$Proxy11.clear(Unknown Source)
	at org.openqa.selenium.support.events.EventFiringWebDriver$EventFiringWebElement.clear(EventFiringWebDriver.java:436)
	at com.kms.katalon.core.webui.keyword.builtin.SetTextKeyword$_setText_closure1.doCall(SetTextKeyword.groovy:53)
	at com.kms.katalon.core.webui.keyword.builtin.SetTextKeyword$_setText_closure1.call(SetTextKeyword.groovy)
	at com.kms.katalon.core.webui.keyword.internal.WebUIKeywordMain.runKeyword(WebUIKeywordMain.groovy:20)
	at com.kms.katalon.core.webui.keyword.builtin.SetTextKeyword.setText(SetTextKeyword.groovy:66)
	at com.kms.katalon.core.webui.keyword.builtin.SetTextKeyword.execute(SetTextKeyword.groovy:37)
	at com.kms.katalon.core.keyword.internal.KeywordExecutor.executeKeywordForPlatform(KeywordExecutor.groovy:73)
	at com.kms.katalon.core.webui.keyword.WebUiBuiltInKeywords.setText(WebUiBuiltInKeywords.groovy:980)
	at com.kms.katalon.core.webui.keyword.WebUiBuiltInKeywords$setText$3.call(Unknown Source)
	at Script1634702981988.run(Script1634702981988.groovy:130)
	... 13 more
)
[[ATTACHMENT|E:\\Cloned-Project-Katalon\\VPS-Katalon\\Reports\\20211020_004649\\RAD_TestSuite\\RAD_UI_TestSuite\\20211020_004649\\1634705652607.png]]

2021-10-20 00:54:12 - [TEST_STEP][FAILED] - setText(findTestObject(orPath_TaxInfo + "/input_ReTypeFEIN"), "123456"): Unable to set text '123456' of object 'Object Repository/RAD_Pages/TaxInfo_Page/input_ReTypeFEIN' (Root cause: com.kms.katalon.core.exception.StepFailedException: Unable to set text '123456' of object 'Object Repository/RAD_Pages/TaxInfo_Page/input_ReTypeFEIN'
	at com.kms.katalon.core.webui.keyword.internal.WebUIKeywordMain.stepFailed(WebUIKeywordMain.groovy:64)
	at com.kms.katalon.core.webui.keyword.internal.WebUIKeywordMain.runKeyword(WebUIKeywordMain.groovy:26)
	at com.kms.katalon.core.webui.keyword.builtin.SetTextKeyword.setText(SetTextKeyword.groovy:66)
	at com.kms.katalon.core.webui.keyword.builtin.SetTextKeyword.execute(SetTextKeyword.groovy:37)
	at com.kms.katalon.core.keyword.internal.KeywordExecutor.executeKeywordForPlatform(KeywordExecutor.groovy:73)
	at com.kms.katalon.core.webui.keyword.WebUiBuiltInKeywords.setText(WebUiBuiltInKeywords.groovy:980)
	at com.kms.katalon.core.webui.keyword.WebUiBuiltInKeywords$setText$3.call(Unknown Source)
	at Payments_ExistingLiability_HC_TC.run(Payments_ExistingLiability_HC_TC:131)
	at com.kms.katalon.core.main.ScriptEngine.run(ScriptEngine.java:194)
	at com.kms.katalon.core.main.ScriptEngine.runScriptAsRawText(ScriptEngine.java:119)
	at com.kms.katalon.core.main.TestCaseExecutor.runScript(TestCaseExecutor.java:369)
	at com.kms.katalon.core.main.TestCaseExecutor.doExecute(TestCaseExecutor.java:360)
	at com.kms.katalon.core.main.TestCaseExecutor.processExecutionPhase(TestCaseExecutor.java:339)
	at com.kms.katalon.core.main.TestCaseExecutor.accessMainPhase(TestCaseExecutor.java:331)
	at com.kms.katalon.core.main.TestCaseExecutor.execute(TestCaseExecutor.java:248)
	at com.kms.katalon.core.main.TestSuiteExecutor.accessTestCaseMainPhase(TestSuiteExecutor.java:191)
	at com.kms.katalon.core.main.TestSuiteExecutor.accessTestSuiteMainPhase(TestSuiteExecutor.java:140)
	at com.kms.katalon.core.main.TestSuiteExecutor.execute(TestSuiteExecutor.java:89)
	at com.kms.katalon.core.main.TestCaseMain.startTestSuite(TestCaseMain.java:185)
	at com.kms.katalon.core.main.TestCaseMain$startTestSuite$0.call(Unknown Source)
	at TempTestSuite1634705209531.run(TempTestSuite1634705209531.groovy:39)
Caused by: org.openqa.selenium.ElementNotInteractableException: element not interactable
  (Session info: chrome=94.0.4606.81)
Build info: version: '3.141.59', revision: 'e82be7d358', time: '2018-11-14T08:25:53'
System info: host: 'DESKTOP-B2QI6NS', ip: '172.30.2.167', os.name: 'Windows 10', os.arch: 'amd64', os.version: '10.0', java.version: '1.8.0_181'
Driver info: com.kms.katalon.selenium.driver.CChromeDriver
Capabilities {acceptInsecureCerts: true, browserName: chrome, browserVersion: 94.0.4606.81, chrome: {chromedriverVersion: 94.0.4606.61 (418b78f5838ed..., userDataDir: C:\Users\iahmed\AppData\Loc...}, goog:chromeOptions: {debuggerAddress: localhost:61584}, javascriptEnabled: true, networkConnectionEnabled: false, pageLoadStrategy: normal, platform: WINDOWS, platformName: WINDOWS, proxy: Proxy(), setWindowRect: true, strictFileInteractability: false, timeouts: {implicit: 0, pageLoad: 300000, script: 30000}, unhandledPromptBehavior: dismiss and notify, webauthn:extension:credBlob: true, webauthn:extension:largeBlob: true, webauthn:virtualAuthenticators: true}
Session ID: 6fcc81b12f20ba5458e385e50c6ff5d0
	at org.openqa.selenium.remote.http.W3CHttpResponseCodec.createException(W3CHttpResponseCodec.java:187)
	at org.openqa.selenium.remote.http.W3CHttpResponseCodec.decode(W3CHttpResponseCodec.java:122)
	at org.openqa.selenium.remote.http.W3CHttpResponseCodec.decode(W3CHttpResponseCodec.java:49)
	at org.openqa.selenium.remote.HttpCommandExecutor.execute(HttpCommandExecutor.java:158)
	at org.openqa.selenium.remote.service.DriverCommandExecutor.execute(DriverCommandExecutor.java:83)
	at org.openqa.selenium.remote.RemoteWebDriver.execute(RemoteWebDriver.java:552)
	at com.kms.katalon.selenium.driver.CChromeDriver.execute(CChromeDriver.java:19)
	at org.openqa.selenium.remote.RemoteWebElement.execute(RemoteWebElement.java:285)
	at org.openqa.selenium.remote.RemoteWebElement.clear(RemoteWebElement.java:124)
	at org.openqa.selenium.support.events.EventFiringWebDriver$EventFiringWebElement.lambda$new$0(EventFiringWebDriver.java:404)
	at com.sun.proxy.$Proxy11.clear(Unknown Source)
	at org.openqa.selenium.support.events.EventFiringWebDriver$EventFiringWebElement.clear(EventFiringWebDriver.java:436)
	at com.kms.katalon.core.webui.keyword.builtin.SetTextKeyword$_setText_closure1.doCall(SetTextKeyword.groovy:53)
	at com.kms.katalon.core.webui.keyword.builtin.SetTextKeyword$_setText_closure1.call(SetTextKeyword.groovy)
	at com.kms.katalon.core.webui.keyword.internal.WebUIKeywordMain.runKeyword(WebUIKeywordMain.groovy:20)
	at com.kms.katalon.core.webui.keyword.builtin.SetTextKeyword.setText(SetTextKeyword.groovy:66)
	at com.kms.katalon.core.webui.keyword.builtin.SetTextKeyword.execute(SetTextKeyword.groovy:37)
	at com.kms.katalon.core.keyword.internal.KeywordExecutor.executeKeywordForPlatform(KeywordExecutor.groovy:73)
	at com.kms.katalon.core.webui.keyword.WebUiBuiltInKeywords.setText(WebUiBuiltInKeywords.groovy:980)
	at com.kms.katalon.core.webui.keyword.WebUiBuiltInKeywords$setText$3.call(Unknown Source)
	at Script1634702981988.run(Script1634702981988.groovy:131)
	... 13 more
)

2021-10-20 00:54:13 - [MESSAGE][FAILED] - Unable to set text '123456' of object 'Object Repository/RAD_Pages/TaxInfo_Page/input_ReTypeFEIN' (Root cause: com.kms.katalon.core.exception.StepFailedException: Unable to set text '123456' of object 'Object Repository/RAD_Pages/TaxInfo_Page/input_ReTypeFEIN'
	at com.kms.katalon.core.webui.keyword.internal.WebUIKeywordMain.stepFailed(WebUIKeywordMain.groovy:64)
	at com.kms.katalon.core.webui.keyword.internal.WebUIKeywordMain.runKeyword(WebUIKeywordMain.groovy:26)
	at com.kms.katalon.core.webui.keyword.builtin.SetTextKeyword.setText(SetTextKeyword.groovy:66)
	at com.kms.katalon.core.webui.keyword.builtin.SetTextKeyword.execute(SetTextKeyword.groovy:37)
	at com.kms.katalon.core.keyword.internal.KeywordExecutor.executeKeywordForPlatform(KeywordExecutor.groovy:73)
	at com.kms.katalon.core.webui.keyword.WebUiBuiltInKeywords.setText(WebUiBuiltInKeywords.groovy:980)
	at com.kms.katalon.core.webui.keyword.WebUiBuiltInKeywords$setText$3.call(Unknown Source)
	at Payments_ExistingLiability_HC_TC.run(Payments_ExistingLiability_HC_TC:131)
	at com.kms.katalon.core.main.ScriptEngine.run(ScriptEngine.java:194)
	at com.kms.katalon.core.main.ScriptEngine.runScriptAsRawText(ScriptEngine.java:119)
	at com.kms.katalon.core.main.TestCaseExecutor.runScript(TestCaseExecutor.java:369)
	at com.kms.katalon.core.main.TestCaseExecutor.doExecute(TestCaseExecutor.java:360)
	at com.kms.katalon.core.main.TestCaseExecutor.processExecutionPhase(TestCaseExecutor.java:339)
	at com.kms.katalon.core.main.TestCaseExecutor.accessMainPhase(TestCaseExecutor.java:331)
	at com.kms.katalon.core.main.TestCaseExecutor.execute(TestCaseExecutor.java:248)
	at com.kms.katalon.core.main.TestSuiteExecutor.accessTestCaseMainPhase(TestSuiteExecutor.java:191)
	at com.kms.katalon.core.main.TestSuiteExecutor.accessTestSuiteMainPhase(TestSuiteExecutor.java:140)
	at com.kms.katalon.core.main.TestSuiteExecutor.execute(TestSuiteExecutor.java:89)
	at com.kms.katalon.core.main.TestCaseMain.startTestSuite(TestCaseMain.java:185)
	at com.kms.katalon.core.main.TestCaseMain$startTestSuite$0.call(Unknown Source)
	at TempTestSuite1634705209531.run(TempTestSuite1634705209531.groovy:39)
Caused by: org.openqa.selenium.ElementNotInteractableException: element not interactable
  (Session info: chrome=94.0.4606.81)
Build info: version: '3.141.59', revision: 'e82be7d358', time: '2018-11-14T08:25:53'
System info: host: 'DESKTOP-B2QI6NS', ip: '172.30.2.167', os.name: 'Windows 10', os.arch: 'amd64', os.version: '10.0', java.version: '1.8.0_181'
Driver info: com.kms.katalon.selenium.driver.CChromeDriver
Capabilities {acceptInsecureCerts: true, browserName: chrome, browserVersion: 94.0.4606.81, chrome: {chromedriverVersion: 94.0.4606.61 (418b78f5838ed..., userDataDir: C:\Users\iahmed\AppData\Loc...}, goog:chromeOptions: {debuggerAddress: localhost:61584}, javascriptEnabled: true, networkConnectionEnabled: false, pageLoadStrategy: normal, platform: WINDOWS, platformName: WINDOWS, proxy: Proxy(), setWindowRect: true, strictFileInteractability: false, timeouts: {implicit: 0, pageLoad: 300000, script: 30000}, unhandledPromptBehavior: dismiss and notify, webauthn:extension:credBlob: true, webauthn:extension:largeBlob: true, webauthn:virtualAuthenticators: true}
Session ID: 6fcc81b12f20ba5458e385e50c6ff5d0
	at org.openqa.selenium.remote.http.W3CHttpResponseCodec.createException(W3CHttpResponseCodec.java:187)
	at org.openqa.selenium.remote.http.W3CHttpResponseCodec.decode(W3CHttpResponseCodec.java:122)
	at org.openqa.selenium.remote.http.W3CHttpResponseCodec.decode(W3CHttpResponseCodec.java:49)
	at org.openqa.selenium.remote.HttpCommandExecutor.execute(HttpCommandExecutor.java:158)
	at org.openqa.selenium.remote.service.DriverCommandExecutor.execute(DriverCommandExecutor.java:83)
	at org.openqa.selenium.remote.RemoteWebDriver.execute(RemoteWebDriver.java:552)
	at com.kms.katalon.selenium.driver.CChromeDriver.execute(CChromeDriver.java:19)
	at org.openqa.selenium.remote.RemoteWebElement.execute(RemoteWebElement.java:285)
	at org.openqa.selenium.remote.RemoteWebElement.clear(RemoteWebElement.java:124)
	at org.openqa.selenium.support.events.EventFiringWebDriver$EventFiringWebElement.lambda$new$0(EventFiringWebDriver.java:404)
	at com.sun.proxy.$Proxy11.clear(Unknown Source)
	at org.openqa.selenium.support.events.EventFiringWebDriver$EventFiringWebElement.clear(EventFiringWebDriver.java:436)
	at com.kms.katalon.core.webui.keyword.builtin.SetTextKeyword$_setText_closure1.doCall(SetTextKeyword.groovy:53)
	at com.kms.katalon.core.webui.keyword.builtin.SetTextKeyword$_setText_closure1.call(SetTextKeyword.groovy)
	at com.kms.katalon.core.webui.keyword.internal.WebUIKeywordMain.runKeyword(WebUIKeywordMain.groovy:20)
	at com.kms.katalon.core.webui.keyword.builtin.SetTextKeyword.setText(SetTextKeyword.groovy:66)
	at com.kms.katalon.core.webui.keyword.builtin.SetTextKeyword.execute(SetTextKeyword.groovy:37)
	at com.kms.katalon.core.keyword.internal.KeywordExecutor.executeKeywordForPlatform(KeywordExecutor.groovy:73)
	at com.kms.katalon.core.webui.keyword.WebUiBuiltInKeywords.setText(WebUiBuiltInKeywords.groovy:980)
	at com.kms.katalon.core.webui.keyword.WebUiBuiltInKeywords$setText$3.call(Unknown Source)
	at Script1634702981988.run(Script1634702981988.groovy:131)
	... 13 more
)
[[ATTACHMENT|E:\\Cloned-Project-Katalon\\VPS-Katalon\\Reports\\20211020_004649\\RAD_TestSuite\\RAD_UI_TestSuite\\20211020_004649\\1634705653186.png]]

2021-10-20 00:54:13 - [TEST_STEP][PASSED] - setText(findTestObject(orPath_TaxInfo + "/input_NoticeInvoiceNumber"), "965896"): Text '965896' is set on object 'Object Repository/RAD_Pages/TaxInfo_Page/input_NoticeInvoiceNumber'

2021-10-20 00:54:14 - [MESSAGE][PASSED] - Text '965896' is set on object 'Object Repository/RAD_Pages/TaxInfo_Page/input_NoticeInvoiceNumber'

2021-10-20 00:54:14 - [TEST_STEP][PASSED] - setText(findTestObject(orPath_TaxInfo + "/input_reTypeNoticeInvoiceNumber"), "965896"): Text '965896' is set on object 'Object Repository/RAD_Pages/TaxInfo_Page/input_reTypeNoticeInvoiceNumber'

2021-10-20 00:54:14 - [MESSAGE][PASSED] - Text '965896' is set on object 'Object Repository/RAD_Pages/TaxInfo_Page/input_reTypeNoticeInvoiceNumber'

2021-10-20 00:54:14 - [TEST_STEP][PASSED] - setText(findTestObject(orPath_Amount + "/input__paymentAmount"), Amount): Text '50.50' is set on object 'Object Repository/RAD_Pages/PaymentAmount_Page/input__paymentAmount'

2021-10-20 00:54:15 - [MESSAGE][PASSED] - Text '50.50' is set on object 'Object Repository/RAD_Pages/PaymentAmount_Page/input__paymentAmount'

2021-10-20 00:54:15 - [TEST_STEP][PASSED] - scrollToElement(findTestObject(orPath_Landing + "/button_Continue"), 3): Scroll to object 'Object Repository/RAD_Pages/Landing_Page/button_Continue' successfully

2021-10-20 00:54:15 - [MESSAGE][PASSED] - Scroll to object 'Object Repository/RAD_Pages/Landing_Page/button_Continue' successfully

2021-10-20 00:54:15 - [TEST_STEP][PASSED] - waitForElementClickable(findTestObject(orPath_Landing + "/button_Continue"), 5): Object 'Object Repository/RAD_Pages/Landing_Page/button_Continue' is clickable

2021-10-20 00:54:16 - [MESSAGE][PASSED] - Object 'Object Repository/RAD_Pages/Landing_Page/button_Continue' is clickable

2021-10-20 00:54:16 - [TEST_STEP][PASSED] - click(findTestObject(orPath_Landing + "/button_Continue")): Object: 'Object Repository/RAD_Pages/Landing_Page/button_Continue' is clicked on

2021-10-20 00:54:16 - [MESSAGE][PASSED] - Object: 'Object Repository/RAD_Pages/Landing_Page/button_Continue' is clicked on

2021-10-20 00:54:16 - [TEST_STEP][PASSED] - verifyTextPresent("Review the information below and make any necessary corrections by clicking the", true): Text 'Review the information below and make any necessary corrections by clicking the' is present on page  using regular expression

2021-10-20 00:54:17 - [MESSAGE][PASSED] - Text 'Review the information below and make any necessary corrections by clicking the' is present on page  using regular expression

2021-10-20 00:54:17 - [TEST_STEP][PASSED] - verifyTextPresent("When you are confident that all the information is correct", true): Text 'When you are confident that all the information is correct' is present on page  using regular expression

2021-10-20 00:54:17 - [MESSAGE][PASSED] - Text 'When you are confident that all the information is correct' is present on page  using regular expression

2021-10-20 00:54:17 - [TEST_STEP][PASSED] - scrollToElement(findTestObject(orPath_Summary + "/button_Continue_Summary"), 3): Scroll to object 'Object Repository/RAD_Pages/Summary_Page/button_Continue_Summary' successfully

2021-10-20 00:54:18 - [MESSAGE][PASSED] - Scroll to object 'Object Repository/RAD_Pages/Summary_Page/button_Continue_Summary' successfully

2021-10-20 00:54:18 - [TEST_STEP][PASSED] - waitForElementClickable(findTestObject(orPath_Summary + "/button_Continue_Summary"), 5): Object 'Object Repository/RAD_Pages/Summary_Page/button_Continue_Summary' is clickable

2021-10-20 00:54:18 - [MESSAGE][PASSED] - Object 'Object Repository/RAD_Pages/Summary_Page/button_Continue_Summary' is clickable

2021-10-20 00:54:18 - [TEST_STEP][PASSED] - delay(3): Delayed 3 second(s)

2021-10-20 00:54:21 - [MESSAGE][PASSED] - Delayed 3 second(s)

2021-10-20 00:54:21 - [TEST_STEP][PASSED] - click(findTestObject(orPath_Summary + "/button_Continue_Summary")): Object: 'Object Repository/RAD_Pages/Summary_Page/button_Continue_Summary' is clicked on

2021-10-20 00:54:21 - [MESSAGE][PASSED] - Object: 'Object Repository/RAD_Pages/Summary_Page/button_Continue_Summary' is clicked on

2021-10-20 00:54:21 - [TEST_STEP][PASSED] - delay(3): Delayed 3 second(s)

2021-10-20 00:54:24 - [MESSAGE][PASSED] - Delayed 3 second(s)

2021-10-20 00:54:24 - [TEST_STEP][PASSED] - click(findTestObject(orPath_PaymentReady + "/button_ProceedtoPayment")): Object: 'Object Repository/RAD_Pages/PaymentReady_Page/button_ProceedtoPayment' is clicked on

2021-10-20 00:54:26 - [MESSAGE][PASSED] - Object: 'Object Repository/RAD_Pages/PaymentReady_Page/button_ProceedtoPayment' is clicked on

2021-10-20 00:54:26 - [TEST_STEP][PASSED] - setText(findTestObject(orPath_PaymentEntry + "/input__cardNumber"), CCNumber): Text '6011000993026909' is set on object 'Object Repository/RAD_Pages/PaymentEntry_Page/input__cardNumber'

2021-10-20 00:54:27 - [MESSAGE][PASSED] - Text '6011000993026909' is set on object 'Object Repository/RAD_Pages/PaymentEntry_Page/input__cardNumber'

2021-10-20 00:54:27 - [TEST_STEP][PASSED] - setText(findTestObject(orPath_PaymentEntry + "/input__spc"), CVV): Text '123' is set on object 'Object Repository/RAD_Pages/PaymentEntry_Page/input__spc'

2021-10-20 00:54:28 - [MESSAGE][PASSED] - Text '123' is set on object 'Object Repository/RAD_Pages/PaymentEntry_Page/input__spc'

2021-10-20 00:54:28 - [TEST_STEP][PASSED] - selectOptionByLabel(findTestObject(orPath_PaymentEntry + "/select_MM"), "12", false): All options with label '12' are selected in object 'Object Repository/RAD_Pages/PaymentEntry_Page/select_MM' 

2021-10-20 00:54:29 - [MESSAGE][PASSED] - All options with label '12' are selected in object 'Object Repository/RAD_Pages/PaymentEntry_Page/select_MM' 

2021-10-20 00:54:29 - [TEST_STEP][PASSED] - selectOptionByLabel(findTestObject(orPath_PaymentEntry + "/select_YYYY"), "2023", false): All options with label '2023' are selected in object 'Object Repository/RAD_Pages/PaymentEntry_Page/select_YYYY' 

2021-10-20 00:54:29 - [MESSAGE][PASSED] - All options with label '2023' are selected in object 'Object Repository/RAD_Pages/PaymentEntry_Page/select_YYYY' 

2021-10-20 00:54:29 - [TEST_STEP][PASSED] - click(findTestObject(orPath_PaymentEntry + "/input_Field_ccSubmit")): Object: 'Object Repository/RAD_Pages/PaymentEntry_Page/input_Field_ccSubmit' is clicked on

2021-10-20 00:54:30 - [MESSAGE][PASSED] - Object: 'Object Repository/RAD_Pages/PaymentEntry_Page/input_Field_ccSubmit' is clicked on

2021-10-20 00:54:30 - [TEST_STEP][PASSED] - click(findTestObject(orPath_PaymentConfirmation + "/input_N_confirmNotifyAction")): Object: 'Object Repository/RAD_Pages/PaymentConfirmation_Page/input_N_confirmNotifyAction' is clicked on

2021-10-20 00:54:32 - [MESSAGE][PASSED] - Object: 'Object Repository/RAD_Pages/PaymentConfirmation_Page/input_N_confirmNotifyAction' is clicked on

2021-10-20 00:54:32 - [TEST_STEP][PASSED] - click(findTestObject(orPath_ServiceFeesAccept + "/input_convFeeNotifyAction")): Object: 'Object Repository/RAD_Pages/ServiceFeeAccept_Page/input_convFeeNotifyAction' is clicked on

2021-10-20 00:54:33 - [MESSAGE][PASSED] - Object: 'Object Repository/RAD_Pages/ServiceFeeAccept_Page/input_convFeeNotifyAction' is clicked on

2021-10-20 00:54:33 - [TEST_STEP][PASSED] - delay(10): Delayed 10 second(s)

2021-10-20 00:54:43 - [MESSAGE][PASSED] - Delayed 10 second(s)

2021-10-20 00:54:43 - [TEST_STEP][PASSED] - verifyTextPresent("Successful Payment Receipt", true): Text 'Successful Payment Receipt' is present on page  using regular expression

2021-10-20 00:54:43 - [MESSAGE][PASSED] - Text 'Successful Payment Receipt' is present on page  using regular expression

2021-10-20 00:54:43 - [TEST_STEP][PASSED] - if (verifyTextPresent("Successful Payment Receipt", true)): null

2021-10-20 00:54:44 - [MESSAGE][PASSED] - Text 'Successful Payment Receipt' is present on page  using regular expression

2021-10-20 00:54:44 - [TEST_STEP][PASSED] - println("Transaction was Successful"): null

2021-10-20 00:54:44 - [TEST_STEP][PASSED] - out.println("Pass Record Number: " + row): null

2021-10-20 00:54:44 - [TEST_STEP][PASSED] - resText = "Pass": null

2021-10-20 00:54:44 - [TEST_STEP][PASSED] - pages.WriteExcel.demoKey(resText, datText, resColumn, datCloumn, fileLoc, nameSheet, row): pages.WriteExcel.demoKey is PASSED

2021-10-20 00:54:44 - [MESSAGE][PASSED] - pages.WriteExcel.demoKey is PASSED

2021-10-20 00:54:44 - [TEST_STEP][PASSED] - ExecuteTC = findTestData(dataFile).getValue("Execute", row): null

2021-10-20 00:54:44 - [TEST_STEP][PASSED] - Taxtype = findTestData(dataFile).getValue("TaxType", row): null

2021-10-20 00:54:44 - [TEST_STEP][PASSED] - TaxTypeEL = findTestData(dataFile).getValue("TaxTypeEL", row): null

2021-10-20 00:54:44 - [TEST_STEP][PASSED] - FName = findTestData(dataFile).getValue("Fname", row): null

2021-10-20 00:54:44 - [TEST_STEP][PASSED] - LName = findTestData(dataFile).getValue("Lname", row): null

2021-10-20 00:54:44 - [TEST_STEP][PASSED] - AL1 = findTestData(dataFile).getValue("AL1", row): null

2021-10-20 00:54:44 - [TEST_STEP][PASSED] - City = findTestData(dataFile).getValue("City", row): null

2021-10-20 00:54:44 - [TEST_STEP][PASSED] - ZIP = findTestData(dataFile).getValue("ZIP", row): null

2021-10-20 00:54:44 - [TEST_STEP][PASSED] - Amount = findTestData(dataFile).getValue("Amount", row): null

2021-10-20 00:54:44 - [TEST_STEP][PASSED] - CCNumber = findTestData(dataFile).getValue("CCNumber", row): null

2021-10-20 00:54:44 - [TEST_STEP][PASSED] - CVV = findTestData(dataFile).getValue("CVV", row): null

2021-10-20 00:54:44 - [TEST_STEP][PASSED] - out.println("Value of Execute is : " + ExecuteTC): null

2021-10-20 00:54:44 - [TEST_STEP][FAILED] - if (ExecuteTC.equalsIgnoreCase("Y")): null

2021-10-20 00:54:44 - [TEST_STEP][PASSED] - out.println("Begin Record Number: " + row): null

2021-10-20 00:54:44 - [TEST_STEP][PASSED] - today = new java.util.Date(): null

2021-10-20 00:54:44 - [TEST_STEP][PASSED] - println(today): null

2021-10-20 00:54:44 - [TEST_STEP][PASSED] - datText = today: null

2021-10-20 00:54:44 - [TEST_STEP][PASSED] - Taxtype = findTestData(dataFile).getValue("TaxType", row): null

2021-10-20 00:54:44 - [TEST_STEP][PASSED] - out.println("Taxtype value is : " + Taxtype): null

2021-10-20 00:54:44 - [TEST_STEP][PASSED] - openBrowser(""): Browser is opened with url: ''

2021-10-20 00:54:44 - [MESSAGE][WARNING] - A browser is already opened. Closing browser and opening a new one

2021-10-20 00:54:45 - [MESSAGE][INFO] - Starting 'Chrome' driver

2021-10-20 00:54:45 - [MESSAGE][INFO] - User set preference: ['acceptInsecureCerts', 'true']

2021-10-20 00:54:45 - [MESSAGE][INFO] - Action delay is set to 0 milliseconds

2021-10-20 00:54:46 - [MESSAGE][PASSED] - Browser is opened with url: ''

2021-10-20 00:54:46 - [TEST_STEP][PASSED] - maximizeWindow(): Current window maximized

2021-10-20 00:54:47 - [MESSAGE][PASSED] - Current window maximized

2021-10-20 00:54:47 - [TEST_STEP][PASSED] - navigateToUrl(RADurl): Navigate to 'https://qa.velocitypayment.com/client/rad/index.html' successfully

2021-10-20 00:54:48 - [MESSAGE][PASSED] - Navigate to 'https://qa.velocitypayment.com/client/rad/index.html' successfully

2021-10-20 00:54:48 - [TEST_STEP][PASSED] - orPath_Landing = "Object Repository/RAD_Pages/Landing_Page": null

2021-10-20 00:54:48 - [TEST_STEP][PASSED] - orPath_TaxTypeFilingYear = "Object Repository/RAD_Pages/TaxTypeFilingYear_Page": null

2021-10-20 00:54:48 - [TEST_STEP][PASSED] - orPath_TaxPayer = "Object Repository/RAD_Pages/Taxpayer_Page": null

2021-10-20 00:54:48 - [TEST_STEP][PASSED] - orPath_AddressContact = "Object Repository/RAD_Pages/AddressAndContactInfo_Page": null

2021-10-20 00:54:48 - [TEST_STEP][PASSED] - orPath_FilingStatus = "Object Repository/RAD_Pages/FilingStatus_Page": null

2021-10-20 00:54:48 - [TEST_STEP][PASSED] - orPath_Amount = "Object Repository/RAD_Pages/PaymentAmount_Page": null

2021-10-20 00:54:48 - [TEST_STEP][PASSED] - orPath_TaxInfo = "Object Repository/RAD_Pages/TaxInfo_Page": null

2021-10-20 00:54:48 - [TEST_STEP][PASSED] - orPath_Withholding = "Object Repository/RAD_Pages/Withholding_Page": null

2021-10-20 00:54:48 - [TEST_STEP][PASSED] - orPath_Summary = "Object Repository/RAD_Pages/Summary_Page": null

2021-10-20 00:54:48 - [TEST_STEP][PASSED] - orPath_PaymentReady = "Object Repository/RAD_Pages/PaymentReady_Page": null

2021-10-20 00:54:48 - [TEST_STEP][PASSED] - orPath_PaymentEntry = "Object Repository/RAD_Pages/PaymentEntry_Page": null

2021-10-20 00:54:48 - [TEST_STEP][PASSED] - orPath_PaymentConfirmation = "Object Repository/RAD_Pages/PaymentConfirmation_Page": null

2021-10-20 00:54:48 - [TEST_STEP][PASSED] - orPath_ServiceFeesAccept = "Object Repository/RAD_Pages/ServiceFeeAccept_Page": null

2021-10-20 00:54:48 - [TEST_STEP][PASSED] - selectOptionByLabel(findTestObject(orPath_Landing + "/dd_TaxType"), Taxtype, false): All options with label 'Existing Liability' are selected in object 'Object Repository/RAD_Pages/Landing_Page/dd_TaxType' 

2021-10-20 00:54:49 - [MESSAGE][PASSED] - All options with label 'Existing Liability' are selected in object 'Object Repository/RAD_Pages/Landing_Page/dd_TaxType' 

2021-10-20 00:54:49 - [TEST_STEP][PASSED] - delay(3): Delayed 3 second(s)

2021-10-20 00:54:52 - [MESSAGE][PASSED] - Delayed 3 second(s)

2021-10-20 00:54:52 - [TEST_STEP][PASSED] - selectOptionByLabel(findTestObject(orPath_TaxTypeFilingYear + "/select_TaxType_ExistingLiability"), TaxTypeEL, false): All options with label 'Tire Fee Tax' are selected in object 'Object Repository/RAD_Pages/TaxTypeFilingYear_Page/select_TaxType_ExistingLiability' 

2021-10-20 00:54:53 - [MESSAGE][PASSED] - All options with label 'Tire Fee Tax' are selected in object 'Object Repository/RAD_Pages/TaxTypeFilingYear_Page/select_TaxType_ExistingLiability' 

2021-10-20 00:54:53 - [TEST_STEP][PASSED] - setText(findTestObject(orPath_TaxPayer + "/input_firstName"), FName): Text 'Nahida' is set on object 'Object Repository/RAD_Pages/Taxpayer_Page/input_firstName'

2021-10-20 00:54:53 - [MESSAGE][PASSED] - Text 'Nahida' is set on object 'Object Repository/RAD_Pages/Taxpayer_Page/input_firstName'

2021-10-20 00:54:53 - [TEST_STEP][PASSED] - setText(findTestObject(orPath_TaxPayer + "/input_lastName"), LName): Text 'Lora' is set on object 'Object Repository/RAD_Pages/Taxpayer_Page/input_lastName'

2021-10-20 00:54:54 - [MESSAGE][PASSED] - Text 'Lora' is set on object 'Object Repository/RAD_Pages/Taxpayer_Page/input_lastName'

2021-10-20 00:54:54 - [TEST_STEP][PASSED] - setText(findTestObject(orPath_TaxPayer + "/input_middleName"), "Johns"): Text 'Johns' is set on object 'Object Repository/RAD_Pages/Taxpayer_Page/input_middleName'

2021-10-20 00:54:55 - [MESSAGE][PASSED] - Text 'Johns' is set on object 'Object Repository/RAD_Pages/Taxpayer_Page/input_middleName'

2021-10-20 00:54:55 - [TEST_STEP][PASSED] - setText(findTestObject(orPath_TaxPayer + "/input_suffix"), "Sr"): Text 'Sr' is set on object 'Object Repository/RAD_Pages/Taxpayer_Page/input_suffix'

2021-10-20 00:54:55 - [MESSAGE][PASSED] - Text 'Sr' is set on object 'Object Repository/RAD_Pages/Taxpayer_Page/input_suffix'

2021-10-20 00:54:55 - [TEST_STEP][PASSED] - selectOptionByLabel(findTestObject(orPath_AddressContact + "/select_Country"), "United States", false): All options with label 'United States' are selected in object 'Object Repository/RAD_Pages/AddressAndContactInfo_Page/select_Country' 

2021-10-20 00:54:56 - [MESSAGE][PASSED] - All options with label 'United States' are selected in object 'Object Repository/RAD_Pages/AddressAndContactInfo_Page/select_Country' 

2021-10-20 00:54:56 - [TEST_STEP][PASSED] - setText(findTestObject(orPath_AddressContact + "/input_streetAddress1"), AL1): Text '2336 Turn ct' is set on object 'Object Repository/RAD_Pages/AddressAndContactInfo_Page/input_streetAddress1'

2021-10-20 00:54:57 - [MESSAGE][PASSED] - Text '2336 Turn ct' is set on object 'Object Repository/RAD_Pages/AddressAndContactInfo_Page/input_streetAddress1'

2021-10-20 00:54:57 - [TEST_STEP][PASSED] - setText(findTestObject(orPath_AddressContact + "/input_streetAddress2"), ""): Text '' is set on object 'Object Repository/RAD_Pages/AddressAndContactInfo_Page/input_streetAddress2'

2021-10-20 00:54:57 - [MESSAGE][PASSED] - Text '' is set on object 'Object Repository/RAD_Pages/AddressAndContactInfo_Page/input_streetAddress2'

2021-10-20 00:54:57 - [TEST_STEP][PASSED] - setText(findTestObject(orPath_AddressContact + "/input_city"), City): Text 'Crofton' is set on object 'Object Repository/RAD_Pages/AddressAndContactInfo_Page/input_city'

2021-10-20 00:54:58 - [MESSAGE][PASSED] - Text 'Crofton' is set on object 'Object Repository/RAD_Pages/AddressAndContactInfo_Page/input_city'

2021-10-20 00:54:58 - [TEST_STEP][PASSED] - selectOptionByLabel(findTestObject(orPath_AddressContact + "/select_State"), "Maryland", false): All options with label 'Maryland' are selected in object 'Object Repository/RAD_Pages/AddressAndContactInfo_Page/select_State' 

2021-10-20 00:54:59 - [MESSAGE][PASSED] - All options with label 'Maryland' are selected in object 'Object Repository/RAD_Pages/AddressAndContactInfo_Page/select_State' 

2021-10-20 00:54:59 - [TEST_STEP][PASSED] - setText(findTestObject(orPath_AddressContact + "/input_zipCode"), ZIP): Text '21144' is set on object 'Object Repository/RAD_Pages/AddressAndContactInfo_Page/input_zipCode'

2021-10-20 00:54:59 - [MESSAGE][PASSED] - Text '21144' is set on object 'Object Repository/RAD_Pages/AddressAndContactInfo_Page/input_zipCode'

2021-10-20 00:54:59 - [TEST_STEP][PASSED] - setText(findTestObject(orPath_AddressContact + "/input_phoneNumber"), "77038945000"): Text '77038945000' is set on object 'Object Repository/RAD_Pages/AddressAndContactInfo_Page/input_phoneNumber'

2021-10-20 00:55:00 - [MESSAGE][PASSED] - Text '77038945000' is set on object 'Object Repository/RAD_Pages/AddressAndContactInfo_Page/input_phoneNumber'

2021-10-20 00:55:00 - [TEST_STEP][PASSED] - setText(findTestObject(orPath_AddressContact + "/input_eMailAddress"), "iahmed@govolution.com"): Text 'iahmed@govolution.com' is set on object 'Object Repository/RAD_Pages/AddressAndContactInfo_Page/input_eMailAddress'

2021-10-20 00:55:01 - [MESSAGE][PASSED] - Text 'iahmed@govolution.com' is set on object 'Object Repository/RAD_Pages/AddressAndContactInfo_Page/input_eMailAddress'

2021-10-20 00:55:01 - [TEST_STEP][PASSED] - setText(findTestObject(orPath_AddressContact + "/input_reEnterEMailAddress"), "iahmed@govolution.com"): Text 'iahmed@govolution.com' is set on object 'Object Repository/RAD_Pages/AddressAndContactInfo_Page/input_reEnterEMailAddress'

2021-10-20 00:55:02 - [MESSAGE][PASSED] - Text 'iahmed@govolution.com' is set on object 'Object Repository/RAD_Pages/AddressAndContactInfo_Page/input_reEnterEMailAddress'

2021-10-20 00:55:02 - [TEST_STEP][PASSED] - setText(findTestObject(orPath_TaxInfo + "/input_TaxInfo_ExisitingSSN"), "111223333"): Text '111223333' is set on object 'Object Repository/RAD_Pages/TaxInfo_Page/input_TaxInfo_ExisitingSSN'

2021-10-20 00:55:02 - [MESSAGE][PASSED] - Text '111223333' is set on object 'Object Repository/RAD_Pages/TaxInfo_Page/input_TaxInfo_ExisitingSSN'

2021-10-20 00:55:02 - [TEST_STEP][PASSED] - setText(findTestObject(orPath_TaxInfo + "/input_TaxInfo_reTaxTypeExisitingSSN"), "111223333"): Text '111223333' is set on object 'Object Repository/RAD_Pages/TaxInfo_Page/input_TaxInfo_reTaxTypeExisitingSSN'

2021-10-20 00:55:03 - [MESSAGE][PASSED] - Text '111223333' is set on object 'Object Repository/RAD_Pages/TaxInfo_Page/input_TaxInfo_reTaxTypeExisitingSSN'

2021-10-20 00:55:03 - [TEST_STEP][PASSED] - scrollToElement(findTestObject(orPath_Amount + "/input__paymentAmount"), 3): Scroll to object 'Object Repository/RAD_Pages/PaymentAmount_Page/input__paymentAmount' successfully

2021-10-20 00:55:04 - [MESSAGE][PASSED] - Scroll to object 'Object Repository/RAD_Pages/PaymentAmount_Page/input__paymentAmount' successfully

2021-10-20 00:55:04 - [TEST_STEP][PASSED] - delay(3): Delayed 3 second(s)

2021-10-20 00:55:07 - [MESSAGE][PASSED] - Delayed 3 second(s)

2021-10-20 00:55:07 - [TEST_STEP][FAILED] - setText(findTestObject(orPath_TaxInfo + "/input_FEIN"), "123456"): Unable to set text '123456' of object 'Object Repository/RAD_Pages/TaxInfo_Page/input_FEIN' (Root cause: com.kms.katalon.core.exception.StepFailedException: Unable to set text '123456' of object 'Object Repository/RAD_Pages/TaxInfo_Page/input_FEIN'
	at com.kms.katalon.core.webui.keyword.internal.WebUIKeywordMain.stepFailed(WebUIKeywordMain.groovy:64)
	at com.kms.katalon.core.webui.keyword.internal.WebUIKeywordMain.runKeyword(WebUIKeywordMain.groovy:26)
	at com.kms.katalon.core.webui.keyword.builtin.SetTextKeyword.setText(SetTextKeyword.groovy:66)
	at com.kms.katalon.core.webui.keyword.builtin.SetTextKeyword.execute(SetTextKeyword.groovy:37)
	at com.kms.katalon.core.keyword.internal.KeywordExecutor.executeKeywordForPlatform(KeywordExecutor.groovy:73)
	at com.kms.katalon.core.webui.keyword.WebUiBuiltInKeywords.setText(WebUiBuiltInKeywords.groovy:980)
	at com.kms.katalon.core.webui.keyword.WebUiBuiltInKeywords$setText$3.call(Unknown Source)
	at Payments_ExistingLiability_HC_TC.run(Payments_ExistingLiability_HC_TC:130)
	at com.kms.katalon.core.main.ScriptEngine.run(ScriptEngine.java:194)
	at com.kms.katalon.core.main.ScriptEngine.runScriptAsRawText(ScriptEngine.java:119)
	at com.kms.katalon.core.main.TestCaseExecutor.runScript(TestCaseExecutor.java:369)
	at com.kms.katalon.core.main.TestCaseExecutor.doExecute(TestCaseExecutor.java:360)
	at com.kms.katalon.core.main.TestCaseExecutor.processExecutionPhase(TestCaseExecutor.java:339)
	at com.kms.katalon.core.main.TestCaseExecutor.accessMainPhase(TestCaseExecutor.java:331)
	at com.kms.katalon.core.main.TestCaseExecutor.execute(TestCaseExecutor.java:248)
	at com.kms.katalon.core.main.TestSuiteExecutor.accessTestCaseMainPhase(TestSuiteExecutor.java:191)
	at com.kms.katalon.core.main.TestSuiteExecutor.accessTestSuiteMainPhase(TestSuiteExecutor.java:140)
	at com.kms.katalon.core.main.TestSuiteExecutor.execute(TestSuiteExecutor.java:89)
	at com.kms.katalon.core.main.TestCaseMain.startTestSuite(TestCaseMain.java:185)
	at com.kms.katalon.core.main.TestCaseMain$startTestSuite$0.call(Unknown Source)
	at TempTestSuite1634705209531.run(TempTestSuite1634705209531.groovy:39)
Caused by: org.openqa.selenium.ElementNotInteractableException: element not interactable
  (Session info: chrome=94.0.4606.81)
Build info: version: '3.141.59', revision: 'e82be7d358', time: '2018-11-14T08:25:53'
System info: host: 'DESKTOP-B2QI6NS', ip: '172.30.2.167', os.name: 'Windows 10', os.arch: 'amd64', os.version: '10.0', java.version: '1.8.0_181'
Driver info: com.kms.katalon.selenium.driver.CChromeDriver
Capabilities {acceptInsecureCerts: true, browserName: chrome, browserVersion: 94.0.4606.81, chrome: {chromedriverVersion: 94.0.4606.61 (418b78f5838ed..., userDataDir: C:\Users\iahmed\AppData\Loc...}, goog:chromeOptions: {debuggerAddress: localhost:55106}, javascriptEnabled: true, networkConnectionEnabled: false, pageLoadStrategy: normal, platform: WINDOWS, platformName: WINDOWS, proxy: Proxy(), setWindowRect: true, strictFileInteractability: false, timeouts: {implicit: 0, pageLoad: 300000, script: 30000}, unhandledPromptBehavior: dismiss and notify, webauthn:extension:credBlob: true, webauthn:extension:largeBlob: true, webauthn:virtualAuthenticators: true}
Session ID: 0c93d493e945174da26d2d8fda9d13bf
	at org.openqa.selenium.remote.http.W3CHttpResponseCodec.createException(W3CHttpResponseCodec.java:187)
	at org.openqa.selenium.remote.http.W3CHttpResponseCodec.decode(W3CHttpResponseCodec.java:122)
	at org.openqa.selenium.remote.http.W3CHttpResponseCodec.decode(W3CHttpResponseCodec.java:49)
	at org.openqa.selenium.remote.HttpCommandExecutor.execute(HttpCommandExecutor.java:158)
	at org.openqa.selenium.remote.service.DriverCommandExecutor.execute(DriverCommandExecutor.java:83)
	at org.openqa.selenium.remote.RemoteWebDriver.execute(RemoteWebDriver.java:552)
	at com.kms.katalon.selenium.driver.CChromeDriver.execute(CChromeDriver.java:19)
	at org.openqa.selenium.remote.RemoteWebElement.execute(RemoteWebElement.java:285)
	at org.openqa.selenium.remote.RemoteWebElement.clear(RemoteWebElement.java:124)
	at org.openqa.selenium.support.events.EventFiringWebDriver$EventFiringWebElement.lambda$new$0(EventFiringWebDriver.java:404)
	at com.sun.proxy.$Proxy11.clear(Unknown Source)
	at org.openqa.selenium.support.events.EventFiringWebDriver$EventFiringWebElement.clear(EventFiringWebDriver.java:436)
	at com.kms.katalon.core.webui.keyword.builtin.SetTextKeyword$_setText_closure1.doCall(SetTextKeyword.groovy:53)
	at com.kms.katalon.core.webui.keyword.builtin.SetTextKeyword$_setText_closure1.call(SetTextKeyword.groovy)
	at com.kms.katalon.core.webui.keyword.internal.WebUIKeywordMain.runKeyword(WebUIKeywordMain.groovy:20)
	at com.kms.katalon.core.webui.keyword.builtin.SetTextKeyword.setText(SetTextKeyword.groovy:66)
	at com.kms.katalon.core.webui.keyword.builtin.SetTextKeyword.execute(SetTextKeyword.groovy:37)
	at com.kms.katalon.core.keyword.internal.KeywordExecutor.executeKeywordForPlatform(KeywordExecutor.groovy:73)
	at com.kms.katalon.core.webui.keyword.WebUiBuiltInKeywords.setText(WebUiBuiltInKeywords.groovy:980)
	at com.kms.katalon.core.webui.keyword.WebUiBuiltInKeywords$setText$3.call(Unknown Source)
	at Script1634702981988.run(Script1634702981988.groovy:130)
	... 13 more
)

2021-10-20 00:55:07 - [MESSAGE][FAILED] - Unable to set text '123456' of object 'Object Repository/RAD_Pages/TaxInfo_Page/input_FEIN' (Root cause: com.kms.katalon.core.exception.StepFailedException: Unable to set text '123456' of object 'Object Repository/RAD_Pages/TaxInfo_Page/input_FEIN'
	at com.kms.katalon.core.webui.keyword.internal.WebUIKeywordMain.stepFailed(WebUIKeywordMain.groovy:64)
	at com.kms.katalon.core.webui.keyword.internal.WebUIKeywordMain.runKeyword(WebUIKeywordMain.groovy:26)
	at com.kms.katalon.core.webui.keyword.builtin.SetTextKeyword.setText(SetTextKeyword.groovy:66)
	at com.kms.katalon.core.webui.keyword.builtin.SetTextKeyword.execute(SetTextKeyword.groovy:37)
	at com.kms.katalon.core.keyword.internal.KeywordExecutor.executeKeywordForPlatform(KeywordExecutor.groovy:73)
	at com.kms.katalon.core.webui.keyword.WebUiBuiltInKeywords.setText(WebUiBuiltInKeywords.groovy:980)
	at com.kms.katalon.core.webui.keyword.WebUiBuiltInKeywords$setText$3.call(Unknown Source)
	at Payments_ExistingLiability_HC_TC.run(Payments_ExistingLiability_HC_TC:130)
	at com.kms.katalon.core.main.ScriptEngine.run(ScriptEngine.java:194)
	at com.kms.katalon.core.main.ScriptEngine.runScriptAsRawText(ScriptEngine.java:119)
	at com.kms.katalon.core.main.TestCaseExecutor.runScript(TestCaseExecutor.java:369)
	at com.kms.katalon.core.main.TestCaseExecutor.doExecute(TestCaseExecutor.java:360)
	at com.kms.katalon.core.main.TestCaseExecutor.processExecutionPhase(TestCaseExecutor.java:339)
	at com.kms.katalon.core.main.TestCaseExecutor.accessMainPhase(TestCaseExecutor.java:331)
	at com.kms.katalon.core.main.TestCaseExecutor.execute(TestCaseExecutor.java:248)
	at com.kms.katalon.core.main.TestSuiteExecutor.accessTestCaseMainPhase(TestSuiteExecutor.java:191)
	at com.kms.katalon.core.main.TestSuiteExecutor.accessTestSuiteMainPhase(TestSuiteExecutor.java:140)
	at com.kms.katalon.core.main.TestSuiteExecutor.execute(TestSuiteExecutor.java:89)
	at com.kms.katalon.core.main.TestCaseMain.startTestSuite(TestCaseMain.java:185)
	at com.kms.katalon.core.main.TestCaseMain$startTestSuite$0.call(Unknown Source)
	at TempTestSuite1634705209531.run(TempTestSuite1634705209531.groovy:39)
Caused by: org.openqa.selenium.ElementNotInteractableException: element not interactable
  (Session info: chrome=94.0.4606.81)
Build info: version: '3.141.59', revision: 'e82be7d358', time: '2018-11-14T08:25:53'
System info: host: 'DESKTOP-B2QI6NS', ip: '172.30.2.167', os.name: 'Windows 10', os.arch: 'amd64', os.version: '10.0', java.version: '1.8.0_181'
Driver info: com.kms.katalon.selenium.driver.CChromeDriver
Capabilities {acceptInsecureCerts: true, browserName: chrome, browserVersion: 94.0.4606.81, chrome: {chromedriverVersion: 94.0.4606.61 (418b78f5838ed..., userDataDir: C:\Users\iahmed\AppData\Loc...}, goog:chromeOptions: {debuggerAddress: localhost:55106}, javascriptEnabled: true, networkConnectionEnabled: false, pageLoadStrategy: normal, platform: WINDOWS, platformName: WINDOWS, proxy: Proxy(), setWindowRect: true, strictFileInteractability: false, timeouts: {implicit: 0, pageLoad: 300000, script: 30000}, unhandledPromptBehavior: dismiss and notify, webauthn:extension:credBlob: true, webauthn:extension:largeBlob: true, webauthn:virtualAuthenticators: true}
Session ID: 0c93d493e945174da26d2d8fda9d13bf
	at org.openqa.selenium.remote.http.W3CHttpResponseCodec.createException(W3CHttpResponseCodec.java:187)
	at org.openqa.selenium.remote.http.W3CHttpResponseCodec.decode(W3CHttpResponseCodec.java:122)
	at org.openqa.selenium.remote.http.W3CHttpResponseCodec.decode(W3CHttpResponseCodec.java:49)
	at org.openqa.selenium.remote.HttpCommandExecutor.execute(HttpCommandExecutor.java:158)
	at org.openqa.selenium.remote.service.DriverCommandExecutor.execute(DriverCommandExecutor.java:83)
	at org.openqa.selenium.remote.RemoteWebDriver.execute(RemoteWebDriver.java:552)
	at com.kms.katalon.selenium.driver.CChromeDriver.execute(CChromeDriver.java:19)
	at org.openqa.selenium.remote.RemoteWebElement.execute(RemoteWebElement.java:285)
	at org.openqa.selenium.remote.RemoteWebElement.clear(RemoteWebElement.java:124)
	at org.openqa.selenium.support.events.EventFiringWebDriver$EventFiringWebElement.lambda$new$0(EventFiringWebDriver.java:404)
	at com.sun.proxy.$Proxy11.clear(Unknown Source)
	at org.openqa.selenium.support.events.EventFiringWebDriver$EventFiringWebElement.clear(EventFiringWebDriver.java:436)
	at com.kms.katalon.core.webui.keyword.builtin.SetTextKeyword$_setText_closure1.doCall(SetTextKeyword.groovy:53)
	at com.kms.katalon.core.webui.keyword.builtin.SetTextKeyword$_setText_closure1.call(SetTextKeyword.groovy)
	at com.kms.katalon.core.webui.keyword.internal.WebUIKeywordMain.runKeyword(WebUIKeywordMain.groovy:20)
	at com.kms.katalon.core.webui.keyword.builtin.SetTextKeyword.setText(SetTextKeyword.groovy:66)
	at com.kms.katalon.core.webui.keyword.builtin.SetTextKeyword.execute(SetTextKeyword.groovy:37)
	at com.kms.katalon.core.keyword.internal.KeywordExecutor.executeKeywordForPlatform(KeywordExecutor.groovy:73)
	at com.kms.katalon.core.webui.keyword.WebUiBuiltInKeywords.setText(WebUiBuiltInKeywords.groovy:980)
	at com.kms.katalon.core.webui.keyword.WebUiBuiltInKeywords$setText$3.call(Unknown Source)
	at Script1634702981988.run(Script1634702981988.groovy:130)
	... 13 more
)
[[ATTACHMENT|E:\\Cloned-Project-Katalon\\VPS-Katalon\\Reports\\20211020_004649\\RAD_TestSuite\\RAD_UI_TestSuite\\20211020_004649\\1634705707395.png]]

2021-10-20 00:55:07 - [TEST_STEP][FAILED] - setText(findTestObject(orPath_TaxInfo + "/input_ReTypeFEIN"), "123456"): Unable to set text '123456' of object 'Object Repository/RAD_Pages/TaxInfo_Page/input_ReTypeFEIN' (Root cause: com.kms.katalon.core.exception.StepFailedException: Unable to set text '123456' of object 'Object Repository/RAD_Pages/TaxInfo_Page/input_ReTypeFEIN'
	at com.kms.katalon.core.webui.keyword.internal.WebUIKeywordMain.stepFailed(WebUIKeywordMain.groovy:64)
	at com.kms.katalon.core.webui.keyword.internal.WebUIKeywordMain.runKeyword(WebUIKeywordMain.groovy:26)
	at com.kms.katalon.core.webui.keyword.builtin.SetTextKeyword.setText(SetTextKeyword.groovy:66)
	at com.kms.katalon.core.webui.keyword.builtin.SetTextKeyword.execute(SetTextKeyword.groovy:37)
	at com.kms.katalon.core.keyword.internal.KeywordExecutor.executeKeywordForPlatform(KeywordExecutor.groovy:73)
	at com.kms.katalon.core.webui.keyword.WebUiBuiltInKeywords.setText(WebUiBuiltInKeywords.groovy:980)
	at com.kms.katalon.core.webui.keyword.WebUiBuiltInKeywords$setText$3.call(Unknown Source)
	at Payments_ExistingLiability_HC_TC.run(Payments_ExistingLiability_HC_TC:131)
	at com.kms.katalon.core.main.ScriptEngine.run(ScriptEngine.java:194)
	at com.kms.katalon.core.main.ScriptEngine.runScriptAsRawText(ScriptEngine.java:119)
	at com.kms.katalon.core.main.TestCaseExecutor.runScript(TestCaseExecutor.java:369)
	at com.kms.katalon.core.main.TestCaseExecutor.doExecute(TestCaseExecutor.java:360)
	at com.kms.katalon.core.main.TestCaseExecutor.processExecutionPhase(TestCaseExecutor.java:339)
	at com.kms.katalon.core.main.TestCaseExecutor.accessMainPhase(TestCaseExecutor.java:331)
	at com.kms.katalon.core.main.TestCaseExecutor.execute(TestCaseExecutor.java:248)
	at com.kms.katalon.core.main.TestSuiteExecutor.accessTestCaseMainPhase(TestSuiteExecutor.java:191)
	at com.kms.katalon.core.main.TestSuiteExecutor.accessTestSuiteMainPhase(TestSuiteExecutor.java:140)
	at com.kms.katalon.core.main.TestSuiteExecutor.execute(TestSuiteExecutor.java:89)
	at com.kms.katalon.core.main.TestCaseMain.startTestSuite(TestCaseMain.java:185)
	at com.kms.katalon.core.main.TestCaseMain$startTestSuite$0.call(Unknown Source)
	at TempTestSuite1634705209531.run(TempTestSuite1634705209531.groovy:39)
Caused by: org.openqa.selenium.ElementNotInteractableException: element not interactable
  (Session info: chrome=94.0.4606.81)
Build info: version: '3.141.59', revision: 'e82be7d358', time: '2018-11-14T08:25:53'
System info: host: 'DESKTOP-B2QI6NS', ip: '172.30.2.167', os.name: 'Windows 10', os.arch: 'amd64', os.version: '10.0', java.version: '1.8.0_181'
Driver info: com.kms.katalon.selenium.driver.CChromeDriver
Capabilities {acceptInsecureCerts: true, browserName: chrome, browserVersion: 94.0.4606.81, chrome: {chromedriverVersion: 94.0.4606.61 (418b78f5838ed..., userDataDir: C:\Users\iahmed\AppData\Loc...}, goog:chromeOptions: {debuggerAddress: localhost:55106}, javascriptEnabled: true, networkConnectionEnabled: false, pageLoadStrategy: normal, platform: WINDOWS, platformName: WINDOWS, proxy: Proxy(), setWindowRect: true, strictFileInteractability: false, timeouts: {implicit: 0, pageLoad: 300000, script: 30000}, unhandledPromptBehavior: dismiss and notify, webauthn:extension:credBlob: true, webauthn:extension:largeBlob: true, webauthn:virtualAuthenticators: true}
Session ID: 0c93d493e945174da26d2d8fda9d13bf
	at org.openqa.selenium.remote.http.W3CHttpResponseCodec.createException(W3CHttpResponseCodec.java:187)
	at org.openqa.selenium.remote.http.W3CHttpResponseCodec.decode(W3CHttpResponseCodec.java:122)
	at org.openqa.selenium.remote.http.W3CHttpResponseCodec.decode(W3CHttpResponseCodec.java:49)
	at org.openqa.selenium.remote.HttpCommandExecutor.execute(HttpCommandExecutor.java:158)
	at org.openqa.selenium.remote.service.DriverCommandExecutor.execute(DriverCommandExecutor.java:83)
	at org.openqa.selenium.remote.RemoteWebDriver.execute(RemoteWebDriver.java:552)
	at com.kms.katalon.selenium.driver.CChromeDriver.execute(CChromeDriver.java:19)
	at org.openqa.selenium.remote.RemoteWebElement.execute(RemoteWebElement.java:285)
	at org.openqa.selenium.remote.RemoteWebElement.clear(RemoteWebElement.java:124)
	at org.openqa.selenium.support.events.EventFiringWebDriver$EventFiringWebElement.lambda$new$0(EventFiringWebDriver.java:404)
	at com.sun.proxy.$Proxy11.clear(Unknown Source)
	at org.openqa.selenium.support.events.EventFiringWebDriver$EventFiringWebElement.clear(EventFiringWebDriver.java:436)
	at com.kms.katalon.core.webui.keyword.builtin.SetTextKeyword$_setText_closure1.doCall(SetTextKeyword.groovy:53)
	at com.kms.katalon.core.webui.keyword.builtin.SetTextKeyword$_setText_closure1.call(SetTextKeyword.groovy)
	at com.kms.katalon.core.webui.keyword.internal.WebUIKeywordMain.runKeyword(WebUIKeywordMain.groovy:20)
	at com.kms.katalon.core.webui.keyword.builtin.SetTextKeyword.setText(SetTextKeyword.groovy:66)
	at com.kms.katalon.core.webui.keyword.builtin.SetTextKeyword.execute(SetTextKeyword.groovy:37)
	at com.kms.katalon.core.keyword.internal.KeywordExecutor.executeKeywordForPlatform(KeywordExecutor.groovy:73)
	at com.kms.katalon.core.webui.keyword.WebUiBuiltInKeywords.setText(WebUiBuiltInKeywords.groovy:980)
	at com.kms.katalon.core.webui.keyword.WebUiBuiltInKeywords$setText$3.call(Unknown Source)
	at Script1634702981988.run(Script1634702981988.groovy:131)
	... 13 more
)

2021-10-20 00:55:08 - [MESSAGE][FAILED] - Unable to set text '123456' of object 'Object Repository/RAD_Pages/TaxInfo_Page/input_ReTypeFEIN' (Root cause: com.kms.katalon.core.exception.StepFailedException: Unable to set text '123456' of object 'Object Repository/RAD_Pages/TaxInfo_Page/input_ReTypeFEIN'
	at com.kms.katalon.core.webui.keyword.internal.WebUIKeywordMain.stepFailed(WebUIKeywordMain.groovy:64)
	at com.kms.katalon.core.webui.keyword.internal.WebUIKeywordMain.runKeyword(WebUIKeywordMain.groovy:26)
	at com.kms.katalon.core.webui.keyword.builtin.SetTextKeyword.setText(SetTextKeyword.groovy:66)
	at com.kms.katalon.core.webui.keyword.builtin.SetTextKeyword.execute(SetTextKeyword.groovy:37)
	at com.kms.katalon.core.keyword.internal.KeywordExecutor.executeKeywordForPlatform(KeywordExecutor.groovy:73)
	at com.kms.katalon.core.webui.keyword.WebUiBuiltInKeywords.setText(WebUiBuiltInKeywords.groovy:980)
	at com.kms.katalon.core.webui.keyword.WebUiBuiltInKeywords$setText$3.call(Unknown Source)
	at Payments_ExistingLiability_HC_TC.run(Payments_ExistingLiability_HC_TC:131)
	at com.kms.katalon.core.main.ScriptEngine.run(ScriptEngine.java:194)
	at com.kms.katalon.core.main.ScriptEngine.runScriptAsRawText(ScriptEngine.java:119)
	at com.kms.katalon.core.main.TestCaseExecutor.runScript(TestCaseExecutor.java:369)
	at com.kms.katalon.core.main.TestCaseExecutor.doExecute(TestCaseExecutor.java:360)
	at com.kms.katalon.core.main.TestCaseExecutor.processExecutionPhase(TestCaseExecutor.java:339)
	at com.kms.katalon.core.main.TestCaseExecutor.accessMainPhase(TestCaseExecutor.java:331)
	at com.kms.katalon.core.main.TestCaseExecutor.execute(TestCaseExecutor.java:248)
	at com.kms.katalon.core.main.TestSuiteExecutor.accessTestCaseMainPhase(TestSuiteExecutor.java:191)
	at com.kms.katalon.core.main.TestSuiteExecutor.accessTestSuiteMainPhase(TestSuiteExecutor.java:140)
	at com.kms.katalon.core.main.TestSuiteExecutor.execute(TestSuiteExecutor.java:89)
	at com.kms.katalon.core.main.TestCaseMain.startTestSuite(TestCaseMain.java:185)
	at com.kms.katalon.core.main.TestCaseMain$startTestSuite$0.call(Unknown Source)
	at TempTestSuite1634705209531.run(TempTestSuite1634705209531.groovy:39)
Caused by: org.openqa.selenium.ElementNotInteractableException: element not interactable
  (Session info: chrome=94.0.4606.81)
Build info: version: '3.141.59', revision: 'e82be7d358', time: '2018-11-14T08:25:53'
System info: host: 'DESKTOP-B2QI6NS', ip: '172.30.2.167', os.name: 'Windows 10', os.arch: 'amd64', os.version: '10.0', java.version: '1.8.0_181'
Driver info: com.kms.katalon.selenium.driver.CChromeDriver
Capabilities {acceptInsecureCerts: true, browserName: chrome, browserVersion: 94.0.4606.81, chrome: {chromedriverVersion: 94.0.4606.61 (418b78f5838ed..., userDataDir: C:\Users\iahmed\AppData\Loc...}, goog:chromeOptions: {debuggerAddress: localhost:55106}, javascriptEnabled: true, networkConnectionEnabled: false, pageLoadStrategy: normal, platform: WINDOWS, platformName: WINDOWS, proxy: Proxy(), setWindowRect: true, strictFileInteractability: false, timeouts: {implicit: 0, pageLoad: 300000, script: 30000}, unhandledPromptBehavior: dismiss and notify, webauthn:extension:credBlob: true, webauthn:extension:largeBlob: true, webauthn:virtualAuthenticators: true}
Session ID: 0c93d493e945174da26d2d8fda9d13bf
	at org.openqa.selenium.remote.http.W3CHttpResponseCodec.createException(W3CHttpResponseCodec.java:187)
	at org.openqa.selenium.remote.http.W3CHttpResponseCodec.decode(W3CHttpResponseCodec.java:122)
	at org.openqa.selenium.remote.http.W3CHttpResponseCodec.decode(W3CHttpResponseCodec.java:49)
	at org.openqa.selenium.remote.HttpCommandExecutor.execute(HttpCommandExecutor.java:158)
	at org.openqa.selenium.remote.service.DriverCommandExecutor.execute(DriverCommandExecutor.java:83)
	at org.openqa.selenium.remote.RemoteWebDriver.execute(RemoteWebDriver.java:552)
	at com.kms.katalon.selenium.driver.CChromeDriver.execute(CChromeDriver.java:19)
	at org.openqa.selenium.remote.RemoteWebElement.execute(RemoteWebElement.java:285)
	at org.openqa.selenium.remote.RemoteWebElement.clear(RemoteWebElement.java:124)
	at org.openqa.selenium.support.events.EventFiringWebDriver$EventFiringWebElement.lambda$new$0(EventFiringWebDriver.java:404)
	at com.sun.proxy.$Proxy11.clear(Unknown Source)
	at org.openqa.selenium.support.events.EventFiringWebDriver$EventFiringWebElement.clear(EventFiringWebDriver.java:436)
	at com.kms.katalon.core.webui.keyword.builtin.SetTextKeyword$_setText_closure1.doCall(SetTextKeyword.groovy:53)
	at com.kms.katalon.core.webui.keyword.builtin.SetTextKeyword$_setText_closure1.call(SetTextKeyword.groovy)
	at com.kms.katalon.core.webui.keyword.internal.WebUIKeywordMain.runKeyword(WebUIKeywordMain.groovy:20)
	at com.kms.katalon.core.webui.keyword.builtin.SetTextKeyword.setText(SetTextKeyword.groovy:66)
	at com.kms.katalon.core.webui.keyword.builtin.SetTextKeyword.execute(SetTextKeyword.groovy:37)
	at com.kms.katalon.core.keyword.internal.KeywordExecutor.executeKeywordForPlatform(KeywordExecutor.groovy:73)
	at com.kms.katalon.core.webui.keyword.WebUiBuiltInKeywords.setText(WebUiBuiltInKeywords.groovy:980)
	at com.kms.katalon.core.webui.keyword.WebUiBuiltInKeywords$setText$3.call(Unknown Source)
	at Script1634702981988.run(Script1634702981988.groovy:131)
	... 13 more
)
[[ATTACHMENT|E:\\Cloned-Project-Katalon\\VPS-Katalon\\Reports\\20211020_004649\\RAD_TestSuite\\RAD_UI_TestSuite\\20211020_004649\\1634705708040.png]]

2021-10-20 00:55:08 - [TEST_STEP][PASSED] - setText(findTestObject(orPath_TaxInfo + "/input_NoticeInvoiceNumber"), "965896"): Text '965896' is set on object 'Object Repository/RAD_Pages/TaxInfo_Page/input_NoticeInvoiceNumber'

2021-10-20 00:55:09 - [MESSAGE][PASSED] - Text '965896' is set on object 'Object Repository/RAD_Pages/TaxInfo_Page/input_NoticeInvoiceNumber'

2021-10-20 00:55:09 - [TEST_STEP][PASSED] - setText(findTestObject(orPath_TaxInfo + "/input_reTypeNoticeInvoiceNumber"), "965896"): Text '965896' is set on object 'Object Repository/RAD_Pages/TaxInfo_Page/input_reTypeNoticeInvoiceNumber'

2021-10-20 00:55:09 - [MESSAGE][PASSED] - Text '965896' is set on object 'Object Repository/RAD_Pages/TaxInfo_Page/input_reTypeNoticeInvoiceNumber'

2021-10-20 00:55:09 - [TEST_STEP][PASSED] - setText(findTestObject(orPath_Amount + "/input__paymentAmount"), Amount): Text '60.50' is set on object 'Object Repository/RAD_Pages/PaymentAmount_Page/input__paymentAmount'

2021-10-20 00:55:10 - [MESSAGE][PASSED] - Text '60.50' is set on object 'Object Repository/RAD_Pages/PaymentAmount_Page/input__paymentAmount'

2021-10-20 00:55:10 - [TEST_STEP][PASSED] - scrollToElement(findTestObject(orPath_Landing + "/button_Continue"), 3): Scroll to object 'Object Repository/RAD_Pages/Landing_Page/button_Continue' successfully

2021-10-20 00:55:10 - [MESSAGE][PASSED] - Scroll to object 'Object Repository/RAD_Pages/Landing_Page/button_Continue' successfully

2021-10-20 00:55:10 - [TEST_STEP][PASSED] - waitForElementClickable(findTestObject(orPath_Landing + "/button_Continue"), 5): Object 'Object Repository/RAD_Pages/Landing_Page/button_Continue' is clickable

2021-10-20 00:55:11 - [MESSAGE][PASSED] - Object 'Object Repository/RAD_Pages/Landing_Page/button_Continue' is clickable

2021-10-20 00:55:11 - [TEST_STEP][PASSED] - click(findTestObject(orPath_Landing + "/button_Continue")): Object: 'Object Repository/RAD_Pages/Landing_Page/button_Continue' is clicked on

2021-10-20 00:55:11 - [MESSAGE][PASSED] - Object: 'Object Repository/RAD_Pages/Landing_Page/button_Continue' is clicked on

2021-10-20 00:55:11 - [TEST_STEP][PASSED] - verifyTextPresent("Review the information below and make any necessary corrections by clicking the", true): Text 'Review the information below and make any necessary corrections by clicking the' is present on page  using regular expression

2021-10-20 00:55:12 - [MESSAGE][PASSED] - Text 'Review the information below and make any necessary corrections by clicking the' is present on page  using regular expression

2021-10-20 00:55:12 - [TEST_STEP][PASSED] - verifyTextPresent("When you are confident that all the information is correct", true): Text 'When you are confident that all the information is correct' is present on page  using regular expression

2021-10-20 00:55:12 - [MESSAGE][PASSED] - Text 'When you are confident that all the information is correct' is present on page  using regular expression

2021-10-20 00:55:12 - [TEST_STEP][PASSED] - scrollToElement(findTestObject(orPath_Summary + "/button_Continue_Summary"), 3): Scroll to object 'Object Repository/RAD_Pages/Summary_Page/button_Continue_Summary' successfully

2021-10-20 00:55:12 - [MESSAGE][PASSED] - Scroll to object 'Object Repository/RAD_Pages/Summary_Page/button_Continue_Summary' successfully

2021-10-20 00:55:12 - [TEST_STEP][PASSED] - waitForElementClickable(findTestObject(orPath_Summary + "/button_Continue_Summary"), 5): Object 'Object Repository/RAD_Pages/Summary_Page/button_Continue_Summary' is clickable

2021-10-20 00:55:13 - [MESSAGE][PASSED] - Object 'Object Repository/RAD_Pages/Summary_Page/button_Continue_Summary' is clickable

2021-10-20 00:55:13 - [TEST_STEP][PASSED] - delay(3): Delayed 3 second(s)

2021-10-20 00:55:16 - [MESSAGE][PASSED] - Delayed 3 second(s)

2021-10-20 00:55:16 - [TEST_STEP][PASSED] - click(findTestObject(orPath_Summary + "/button_Continue_Summary")): Object: 'Object Repository/RAD_Pages/Summary_Page/button_Continue_Summary' is clicked on

2021-10-20 00:55:16 - [MESSAGE][PASSED] - Object: 'Object Repository/RAD_Pages/Summary_Page/button_Continue_Summary' is clicked on

2021-10-20 00:55:16 - [TEST_STEP][PASSED] - delay(3): Delayed 3 second(s)

2021-10-20 00:55:19 - [MESSAGE][PASSED] - Delayed 3 second(s)

2021-10-20 00:55:19 - [TEST_STEP][PASSED] - click(findTestObject(orPath_PaymentReady + "/button_ProceedtoPayment")): Object: 'Object Repository/RAD_Pages/PaymentReady_Page/button_ProceedtoPayment' is clicked on

2021-10-20 00:55:21 - [MESSAGE][PASSED] - Object: 'Object Repository/RAD_Pages/PaymentReady_Page/button_ProceedtoPayment' is clicked on

2021-10-20 00:55:21 - [TEST_STEP][PASSED] - setText(findTestObject(orPath_PaymentEntry + "/input__cardNumber"), CCNumber): Text '4012000098765439' is set on object 'Object Repository/RAD_Pages/PaymentEntry_Page/input__cardNumber'

2021-10-20 00:55:22 - [MESSAGE][PASSED] - Text '4012000098765439' is set on object 'Object Repository/RAD_Pages/PaymentEntry_Page/input__cardNumber'

2021-10-20 00:55:22 - [TEST_STEP][PASSED] - setText(findTestObject(orPath_PaymentEntry + "/input__spc"), CVV): Text '123' is set on object 'Object Repository/RAD_Pages/PaymentEntry_Page/input__spc'

2021-10-20 00:55:22 - [MESSAGE][PASSED] - Text '123' is set on object 'Object Repository/RAD_Pages/PaymentEntry_Page/input__spc'

2021-10-20 00:55:22 - [TEST_STEP][PASSED] - selectOptionByLabel(findTestObject(orPath_PaymentEntry + "/select_MM"), "12", false): All options with label '12' are selected in object 'Object Repository/RAD_Pages/PaymentEntry_Page/select_MM' 

2021-10-20 00:55:23 - [MESSAGE][PASSED] - All options with label '12' are selected in object 'Object Repository/RAD_Pages/PaymentEntry_Page/select_MM' 

2021-10-20 00:55:23 - [TEST_STEP][PASSED] - selectOptionByLabel(findTestObject(orPath_PaymentEntry + "/select_YYYY"), "2023", false): All options with label '2023' are selected in object 'Object Repository/RAD_Pages/PaymentEntry_Page/select_YYYY' 

2021-10-20 00:55:24 - [MESSAGE][PASSED] - All options with label '2023' are selected in object 'Object Repository/RAD_Pages/PaymentEntry_Page/select_YYYY' 

2021-10-20 00:55:24 - [TEST_STEP][PASSED] - click(findTestObject(orPath_PaymentEntry + "/input_Field_ccSubmit")): Object: 'Object Repository/RAD_Pages/PaymentEntry_Page/input_Field_ccSubmit' is clicked on

2021-10-20 00:55:25 - [MESSAGE][PASSED] - Object: 'Object Repository/RAD_Pages/PaymentEntry_Page/input_Field_ccSubmit' is clicked on

2021-10-20 00:55:25 - [TEST_STEP][PASSED] - click(findTestObject(orPath_PaymentConfirmation + "/input_N_confirmNotifyAction")): Object: 'Object Repository/RAD_Pages/PaymentConfirmation_Page/input_N_confirmNotifyAction' is clicked on

2021-10-20 00:55:26 - [MESSAGE][PASSED] - Object: 'Object Repository/RAD_Pages/PaymentConfirmation_Page/input_N_confirmNotifyAction' is clicked on

2021-10-20 00:55:26 - [TEST_STEP][PASSED] - click(findTestObject(orPath_ServiceFeesAccept + "/input_convFeeNotifyAction")): Object: 'Object Repository/RAD_Pages/ServiceFeeAccept_Page/input_convFeeNotifyAction' is clicked on

2021-10-20 00:55:28 - [MESSAGE][PASSED] - Object: 'Object Repository/RAD_Pages/ServiceFeeAccept_Page/input_convFeeNotifyAction' is clicked on

2021-10-20 00:55:28 - [TEST_STEP][PASSED] - delay(10): Delayed 10 second(s)

2021-10-20 00:55:38 - [MESSAGE][PASSED] - Delayed 10 second(s)

2021-10-20 00:55:38 - [TEST_STEP][FAILED] - verifyTextPresent("Successful Payment Receipt", true): Text 'Successful Payment Receipt' is not present on page  using regular expression (Root cause: com.kms.katalon.core.exception.StepFailedException: Text 'Successful Payment Receipt' is not present on page  using regular expression
	at com.kms.katalon.core.webui.keyword.internal.WebUIKeywordMain.stepFailed(WebUIKeywordMain.groovy:64)
	at com.kms.katalon.core.webui.keyword.builtin.VerifyTextPresentKeyword$_verifyTextPresent_closure1.doCall(VerifyTextPresentKeyword.groovy:79)
	at com.kms.katalon.core.webui.keyword.builtin.VerifyTextPresentKeyword$_verifyTextPresent_closure1.call(VerifyTextPresentKeyword.groovy)
	at com.kms.katalon.core.webui.keyword.internal.WebUIKeywordMain.runKeyword(WebUIKeywordMain.groovy:20)
	at com.kms.katalon.core.webui.keyword.builtin.VerifyTextPresentKeyword.verifyTextPresent(VerifyTextPresentKeyword.groovy:83)
	at com.kms.katalon.core.webui.keyword.builtin.VerifyTextPresentKeyword.execute(VerifyTextPresentKeyword.groovy:68)
	at com.kms.katalon.core.keyword.internal.KeywordExecutor.executeKeywordForPlatform(KeywordExecutor.groovy:73)
	at com.kms.katalon.core.webui.keyword.WebUiBuiltInKeywords.verifyTextPresent(WebUiBuiltInKeywords.groovy:1723)
	at com.kms.katalon.core.webui.keyword.WebUiBuiltInKeywords$verifyTextPresent$7.call(Unknown Source)
	at Payments_ExistingLiability_HC_TC.run(Payments_ExistingLiability_HC_TC:185)
	at com.kms.katalon.core.main.ScriptEngine.run(ScriptEngine.java:194)
	at com.kms.katalon.core.main.ScriptEngine.runScriptAsRawText(ScriptEngine.java:119)
	at com.kms.katalon.core.main.TestCaseExecutor.runScript(TestCaseExecutor.java:369)
	at com.kms.katalon.core.main.TestCaseExecutor.doExecute(TestCaseExecutor.java:360)
	at com.kms.katalon.core.main.TestCaseExecutor.processExecutionPhase(TestCaseExecutor.java:339)
	at com.kms.katalon.core.main.TestCaseExecutor.accessMainPhase(TestCaseExecutor.java:331)
	at com.kms.katalon.core.main.TestCaseExecutor.execute(TestCaseExecutor.java:248)
	at com.kms.katalon.core.main.TestSuiteExecutor.accessTestCaseMainPhase(TestSuiteExecutor.java:191)
	at com.kms.katalon.core.main.TestSuiteExecutor.accessTestSuiteMainPhase(TestSuiteExecutor.java:140)
	at com.kms.katalon.core.main.TestSuiteExecutor.execute(TestSuiteExecutor.java:89)
	at com.kms.katalon.core.main.TestCaseMain.startTestSuite(TestCaseMain.java:185)
	at com.kms.katalon.core.main.TestCaseMain$startTestSuite$0.call(Unknown Source)
	at TempTestSuite1634705209531.run(TempTestSuite1634705209531.groovy:39)
)

2021-10-20 00:55:38 - [MESSAGE][FAILED] - Text 'Successful Payment Receipt' is not present on page  using regular expression (Root cause: com.kms.katalon.core.exception.StepFailedException: Text 'Successful Payment Receipt' is not present on page  using regular expression
	at com.kms.katalon.core.webui.keyword.internal.WebUIKeywordMain.stepFailed(WebUIKeywordMain.groovy:64)
	at com.kms.katalon.core.webui.keyword.builtin.VerifyTextPresentKeyword$_verifyTextPresent_closure1.doCall(VerifyTextPresentKeyword.groovy:79)
	at com.kms.katalon.core.webui.keyword.builtin.VerifyTextPresentKeyword$_verifyTextPresent_closure1.call(VerifyTextPresentKeyword.groovy)
	at com.kms.katalon.core.webui.keyword.internal.WebUIKeywordMain.runKeyword(WebUIKeywordMain.groovy:20)
	at com.kms.katalon.core.webui.keyword.builtin.VerifyTextPresentKeyword.verifyTextPresent(VerifyTextPresentKeyword.groovy:83)
	at com.kms.katalon.core.webui.keyword.builtin.VerifyTextPresentKeyword.execute(VerifyTextPresentKeyword.groovy:68)
	at com.kms.katalon.core.keyword.internal.KeywordExecutor.executeKeywordForPlatform(KeywordExecutor.groovy:73)
	at com.kms.katalon.core.webui.keyword.WebUiBuiltInKeywords.verifyTextPresent(WebUiBuiltInKeywords.groovy:1723)
	at com.kms.katalon.core.webui.keyword.WebUiBuiltInKeywords$verifyTextPresent$7.call(Unknown Source)
	at Payments_ExistingLiability_HC_TC.run(Payments_ExistingLiability_HC_TC:185)
	at com.kms.katalon.core.main.ScriptEngine.run(ScriptEngine.java:194)
	at com.kms.katalon.core.main.ScriptEngine.runScriptAsRawText(ScriptEngine.java:119)
	at com.kms.katalon.core.main.TestCaseExecutor.runScript(TestCaseExecutor.java:369)
	at com.kms.katalon.core.main.TestCaseExecutor.doExecute(TestCaseExecutor.java:360)
	at com.kms.katalon.core.main.TestCaseExecutor.processExecutionPhase(TestCaseExecutor.java:339)
	at com.kms.katalon.core.main.TestCaseExecutor.accessMainPhase(TestCaseExecutor.java:331)
	at com.kms.katalon.core.main.TestCaseExecutor.execute(TestCaseExecutor.java:248)
	at com.kms.katalon.core.main.TestSuiteExecutor.accessTestCaseMainPhase(TestSuiteExecutor.java:191)
	at com.kms.katalon.core.main.TestSuiteExecutor.accessTestSuiteMainPhase(TestSuiteExecutor.java:140)
	at com.kms.katalon.core.main.TestSuiteExecutor.execute(TestSuiteExecutor.java:89)
	at com.kms.katalon.core.main.TestCaseMain.startTestSuite(TestCaseMain.java:185)
	at com.kms.katalon.core.main.TestCaseMain$startTestSuite$0.call(Unknown Source)
	at TempTestSuite1634705209531.run(TempTestSuite1634705209531.groovy:39)
)

2021-10-20 00:55:38 - [TEST_STEP][FAILED] - if (verifyTextPresent("Successful Payment Receipt", true)): Text 'Successful Payment Receipt' is not present on page  using regular expression (Root cause: com.kms.katalon.core.exception.StepFailedException: Text 'Successful Payment Receipt' is not present on page  using regular expression
	at com.kms.katalon.core.webui.keyword.internal.WebUIKeywordMain.stepFailed(WebUIKeywordMain.groovy:64)
	at com.kms.katalon.core.webui.keyword.builtin.VerifyTextPresentKeyword$_verifyTextPresent_closure1.doCall(VerifyTextPresentKeyword.groovy:79)
	at com.kms.katalon.core.webui.keyword.builtin.VerifyTextPresentKeyword$_verifyTextPresent_closure1.call(VerifyTextPresentKeyword.groovy)
	at com.kms.katalon.core.webui.keyword.internal.WebUIKeywordMain.runKeyword(WebUIKeywordMain.groovy:20)
	at com.kms.katalon.core.webui.keyword.builtin.VerifyTextPresentKeyword.verifyTextPresent(VerifyTextPresentKeyword.groovy:83)
	at com.kms.katalon.core.webui.keyword.builtin.VerifyTextPresentKeyword.execute(VerifyTextPresentKeyword.groovy:68)
	at com.kms.katalon.core.keyword.internal.KeywordExecutor.executeKeywordForPlatform(KeywordExecutor.groovy:73)
	at com.kms.katalon.core.webui.keyword.WebUiBuiltInKeywords.verifyTextPresent(WebUiBuiltInKeywords.groovy:1723)
	at com.kms.katalon.core.webui.keyword.WebUiBuiltInKeywords$verifyTextPresent$7.call(Unknown Source)
	at Payments_ExistingLiability_HC_TC.run(Payments_ExistingLiability_HC_TC:187)
	at com.kms.katalon.core.main.ScriptEngine.run(ScriptEngine.java:194)
	at com.kms.katalon.core.main.ScriptEngine.runScriptAsRawText(ScriptEngine.java:119)
	at com.kms.katalon.core.main.TestCaseExecutor.runScript(TestCaseExecutor.java:369)
	at com.kms.katalon.core.main.TestCaseExecutor.doExecute(TestCaseExecutor.java:360)
	at com.kms.katalon.core.main.TestCaseExecutor.processExecutionPhase(TestCaseExecutor.java:339)
	at com.kms.katalon.core.main.TestCaseExecutor.accessMainPhase(TestCaseExecutor.java:331)
	at com.kms.katalon.core.main.TestCaseExecutor.execute(TestCaseExecutor.java:248)
	at com.kms.katalon.core.main.TestSuiteExecutor.accessTestCaseMainPhase(TestSuiteExecutor.java:191)
	at com.kms.katalon.core.main.TestSuiteExecutor.accessTestSuiteMainPhase(TestSuiteExecutor.java:140)
	at com.kms.katalon.core.main.TestSuiteExecutor.execute(TestSuiteExecutor.java:89)
	at com.kms.katalon.core.main.TestCaseMain.startTestSuite(TestCaseMain.java:185)
	at com.kms.katalon.core.main.TestCaseMain$startTestSuite$0.call(Unknown Source)
	at TempTestSuite1634705209531.run(TempTestSuite1634705209531.groovy:39)
)

2021-10-20 00:55:38 - [MESSAGE][FAILED] - Text 'Successful Payment Receipt' is not present on page  using regular expression (Root cause: com.kms.katalon.core.exception.StepFailedException: Text 'Successful Payment Receipt' is not present on page  using regular expression
	at com.kms.katalon.core.webui.keyword.internal.WebUIKeywordMain.stepFailed(WebUIKeywordMain.groovy:64)
	at com.kms.katalon.core.webui.keyword.builtin.VerifyTextPresentKeyword$_verifyTextPresent_closure1.doCall(VerifyTextPresentKeyword.groovy:79)
	at com.kms.katalon.core.webui.keyword.builtin.VerifyTextPresentKeyword$_verifyTextPresent_closure1.call(VerifyTextPresentKeyword.groovy)
	at com.kms.katalon.core.webui.keyword.internal.WebUIKeywordMain.runKeyword(WebUIKeywordMain.groovy:20)
	at com.kms.katalon.core.webui.keyword.builtin.VerifyTextPresentKeyword.verifyTextPresent(VerifyTextPresentKeyword.groovy:83)
	at com.kms.katalon.core.webui.keyword.builtin.VerifyTextPresentKeyword.execute(VerifyTextPresentKeyword.groovy:68)
	at com.kms.katalon.core.keyword.internal.KeywordExecutor.executeKeywordForPlatform(KeywordExecutor.groovy:73)
	at com.kms.katalon.core.webui.keyword.WebUiBuiltInKeywords.verifyTextPresent(WebUiBuiltInKeywords.groovy:1723)
	at com.kms.katalon.core.webui.keyword.WebUiBuiltInKeywords$verifyTextPresent$7.call(Unknown Source)
	at Payments_ExistingLiability_HC_TC.run(Payments_ExistingLiability_HC_TC:187)
	at com.kms.katalon.core.main.ScriptEngine.run(ScriptEngine.java:194)
	at com.kms.katalon.core.main.ScriptEngine.runScriptAsRawText(ScriptEngine.java:119)
	at com.kms.katalon.core.main.TestCaseExecutor.runScript(TestCaseExecutor.java:369)
	at com.kms.katalon.core.main.TestCaseExecutor.doExecute(TestCaseExecutor.java:360)
	at com.kms.katalon.core.main.TestCaseExecutor.processExecutionPhase(TestCaseExecutor.java:339)
	at com.kms.katalon.core.main.TestCaseExecutor.accessMainPhase(TestCaseExecutor.java:331)
	at com.kms.katalon.core.main.TestCaseExecutor.execute(TestCaseExecutor.java:248)
	at com.kms.katalon.core.main.TestSuiteExecutor.accessTestCaseMainPhase(TestSuiteExecutor.java:191)
	at com.kms.katalon.core.main.TestSuiteExecutor.accessTestSuiteMainPhase(TestSuiteExecutor.java:140)
	at com.kms.katalon.core.main.TestSuiteExecutor.execute(TestSuiteExecutor.java:89)
	at com.kms.katalon.core.main.TestCaseMain.startTestSuite(TestCaseMain.java:185)
	at com.kms.katalon.core.main.TestCaseMain$startTestSuite$0.call(Unknown Source)
	at TempTestSuite1634705209531.run(TempTestSuite1634705209531.groovy:39)
)

2021-10-20 00:55:38 - [TEST_STEP][PASSED] - else: pages.WriteExcel.demoKey is PASSED

2021-10-20 00:55:38 - [TEST_STEP][PASSED] - println("Transaction was NOT Successful"): null

2021-10-20 00:55:38 - [TEST_STEP][PASSED] - out.println("Fail Record Number: " + row): null

2021-10-20 00:55:38 - [TEST_STEP][PASSED] - resText = "Fail": null

2021-10-20 00:55:38 - [TEST_STEP][PASSED] - pages.WriteExcel.demoKey(resText, datText, resColumn, datCloumn, fileLoc, nameSheet, row): pages.WriteExcel.demoKey is PASSED

2021-10-20 00:55:38 - [MESSAGE][PASSED] - pages.WriteExcel.demoKey is PASSED

2021-10-20 00:55:38 - [TEST_STEP][PASSED] - ExecuteTC = findTestData(dataFile).getValue("Execute", row): null

2021-10-20 00:55:39 - [TEST_STEP][PASSED] - Taxtype = findTestData(dataFile).getValue("TaxType", row): null

2021-10-20 00:55:39 - [TEST_STEP][PASSED] - TaxTypeEL = findTestData(dataFile).getValue("TaxTypeEL", row): null

2021-10-20 00:55:39 - [TEST_STEP][PASSED] - FName = findTestData(dataFile).getValue("Fname", row): null

2021-10-20 00:55:39 - [TEST_STEP][PASSED] - LName = findTestData(dataFile).getValue("Lname", row): null

2021-10-20 00:55:39 - [TEST_STEP][PASSED] - AL1 = findTestData(dataFile).getValue("AL1", row): null

2021-10-20 00:55:39 - [TEST_STEP][PASSED] - City = findTestData(dataFile).getValue("City", row): null

2021-10-20 00:55:39 - [TEST_STEP][PASSED] - ZIP = findTestData(dataFile).getValue("ZIP", row): null

2021-10-20 00:55:39 - [TEST_STEP][PASSED] - Amount = findTestData(dataFile).getValue("Amount", row): null

2021-10-20 00:55:39 - [TEST_STEP][PASSED] - CCNumber = findTestData(dataFile).getValue("CCNumber", row): null

2021-10-20 00:55:39 - [TEST_STEP][PASSED] - CVV = findTestData(dataFile).getValue("CVV", row): null

2021-10-20 00:55:39 - [TEST_STEP][PASSED] - out.println("Value of Execute is : " + ExecuteTC): null

2021-10-20 00:55:39 - [TEST_STEP][FAILED] - if (ExecuteTC.equalsIgnoreCase("Y")): null

2021-10-20 00:55:39 - [TEST_STEP][PASSED] - out.println("Begin Record Number: " + row): null

2021-10-20 00:55:39 - [TEST_STEP][PASSED] - today = new java.util.Date(): null

2021-10-20 00:55:39 - [TEST_STEP][PASSED] - println(today): null

2021-10-20 00:55:39 - [TEST_STEP][PASSED] - datText = today: null

2021-10-20 00:55:39 - [TEST_STEP][PASSED] - Taxtype = findTestData(dataFile).getValue("TaxType", row): null

2021-10-20 00:55:39 - [TEST_STEP][PASSED] - out.println("Taxtype value is : " + Taxtype): null

2021-10-20 00:55:39 - [TEST_STEP][PASSED] - openBrowser(""): Browser is opened with url: ''

2021-10-20 00:55:39 - [MESSAGE][WARNING] - A browser is already opened. Closing browser and opening a new one

2021-10-20 00:55:40 - [MESSAGE][INFO] - Starting 'Chrome' driver

2021-10-20 00:55:40 - [MESSAGE][INFO] - User set preference: ['acceptInsecureCerts', 'true']

2021-10-20 00:55:40 - [MESSAGE][INFO] - Action delay is set to 0 milliseconds

2021-10-20 00:55:41 - [MESSAGE][PASSED] - Browser is opened with url: ''

2021-10-20 00:55:41 - [TEST_STEP][PASSED] - maximizeWindow(): Current window maximized

2021-10-20 00:55:41 - [MESSAGE][PASSED] - Current window maximized

2021-10-20 00:55:41 - [TEST_STEP][PASSED] - navigateToUrl(RADurl): Navigate to 'https://qa.velocitypayment.com/client/rad/index.html' successfully

2021-10-20 00:55:43 - [MESSAGE][PASSED] - Navigate to 'https://qa.velocitypayment.com/client/rad/index.html' successfully

2021-10-20 00:55:43 - [TEST_STEP][PASSED] - orPath_Landing = "Object Repository/RAD_Pages/Landing_Page": null

2021-10-20 00:55:43 - [TEST_STEP][PASSED] - orPath_TaxTypeFilingYear = "Object Repository/RAD_Pages/TaxTypeFilingYear_Page": null

2021-10-20 00:55:43 - [TEST_STEP][PASSED] - orPath_TaxPayer = "Object Repository/RAD_Pages/Taxpayer_Page": null

2021-10-20 00:55:43 - [TEST_STEP][PASSED] - orPath_AddressContact = "Object Repository/RAD_Pages/AddressAndContactInfo_Page": null

2021-10-20 00:55:43 - [TEST_STEP][PASSED] - orPath_FilingStatus = "Object Repository/RAD_Pages/FilingStatus_Page": null

2021-10-20 00:55:43 - [TEST_STEP][PASSED] - orPath_Amount = "Object Repository/RAD_Pages/PaymentAmount_Page": null

2021-10-20 00:55:43 - [TEST_STEP][PASSED] - orPath_TaxInfo = "Object Repository/RAD_Pages/TaxInfo_Page": null

2021-10-20 00:55:43 - [TEST_STEP][PASSED] - orPath_Withholding = "Object Repository/RAD_Pages/Withholding_Page": null

2021-10-20 00:55:43 - [TEST_STEP][PASSED] - orPath_Summary = "Object Repository/RAD_Pages/Summary_Page": null

2021-10-20 00:55:43 - [TEST_STEP][PASSED] - orPath_PaymentReady = "Object Repository/RAD_Pages/PaymentReady_Page": null

2021-10-20 00:55:43 - [TEST_STEP][PASSED] - orPath_PaymentEntry = "Object Repository/RAD_Pages/PaymentEntry_Page": null

2021-10-20 00:55:43 - [TEST_STEP][PASSED] - orPath_PaymentConfirmation = "Object Repository/RAD_Pages/PaymentConfirmation_Page": null

2021-10-20 00:55:43 - [TEST_STEP][PASSED] - orPath_ServiceFeesAccept = "Object Repository/RAD_Pages/ServiceFeeAccept_Page": null

2021-10-20 00:55:43 - [TEST_STEP][PASSED] - selectOptionByLabel(findTestObject(orPath_Landing + "/dd_TaxType"), Taxtype, false): All options with label 'Existing Liability' are selected in object 'Object Repository/RAD_Pages/Landing_Page/dd_TaxType' 

2021-10-20 00:55:44 - [MESSAGE][PASSED] - All options with label 'Existing Liability' are selected in object 'Object Repository/RAD_Pages/Landing_Page/dd_TaxType' 

2021-10-20 00:55:44 - [TEST_STEP][PASSED] - delay(3): Delayed 3 second(s)

2021-10-20 00:55:47 - [MESSAGE][PASSED] - Delayed 3 second(s)

2021-10-20 00:55:47 - [TEST_STEP][PASSED] - selectOptionByLabel(findTestObject(orPath_TaxTypeFilingYear + "/select_TaxType_ExistingLiability"), TaxTypeEL, false): All options with label 'Withholding Tax' are selected in object 'Object Repository/RAD_Pages/TaxTypeFilingYear_Page/select_TaxType_ExistingLiability' 

2021-10-20 00:55:48 - [MESSAGE][PASSED] - All options with label 'Withholding Tax' are selected in object 'Object Repository/RAD_Pages/TaxTypeFilingYear_Page/select_TaxType_ExistingLiability' 

2021-10-20 00:55:48 - [TEST_STEP][PASSED] - setText(findTestObject(orPath_TaxPayer + "/input_firstName"), FName): Text 'Mark' is set on object 'Object Repository/RAD_Pages/Taxpayer_Page/input_firstName'

2021-10-20 00:55:48 - [MESSAGE][PASSED] - Text 'Mark' is set on object 'Object Repository/RAD_Pages/Taxpayer_Page/input_firstName'

2021-10-20 00:55:48 - [TEST_STEP][PASSED] - setText(findTestObject(orPath_TaxPayer + "/input_lastName"), LName): Text 'Butcher' is set on object 'Object Repository/RAD_Pages/Taxpayer_Page/input_lastName'

2021-10-20 00:55:49 - [MESSAGE][PASSED] - Text 'Butcher' is set on object 'Object Repository/RAD_Pages/Taxpayer_Page/input_lastName'

2021-10-20 00:55:49 - [TEST_STEP][PASSED] - setText(findTestObject(orPath_TaxPayer + "/input_middleName"), "Johns"): Text 'Johns' is set on object 'Object Repository/RAD_Pages/Taxpayer_Page/input_middleName'

2021-10-20 00:55:50 - [MESSAGE][PASSED] - Text 'Johns' is set on object 'Object Repository/RAD_Pages/Taxpayer_Page/input_middleName'

2021-10-20 00:55:50 - [TEST_STEP][PASSED] - setText(findTestObject(orPath_TaxPayer + "/input_suffix"), "Sr"): Text 'Sr' is set on object 'Object Repository/RAD_Pages/Taxpayer_Page/input_suffix'

2021-10-20 00:55:50 - [MESSAGE][PASSED] - Text 'Sr' is set on object 'Object Repository/RAD_Pages/Taxpayer_Page/input_suffix'

2021-10-20 00:55:50 - [TEST_STEP][PASSED] - selectOptionByLabel(findTestObject(orPath_AddressContact + "/select_Country"), "United States", false): All options with label 'United States' are selected in object 'Object Repository/RAD_Pages/AddressAndContactInfo_Page/select_Country' 

2021-10-20 00:55:51 - [MESSAGE][PASSED] - All options with label 'United States' are selected in object 'Object Repository/RAD_Pages/AddressAndContactInfo_Page/select_Country' 

2021-10-20 00:55:51 - [TEST_STEP][PASSED] - setText(findTestObject(orPath_AddressContact + "/input_streetAddress1"), AL1): Text '36 Hoolan Ave' is set on object 'Object Repository/RAD_Pages/AddressAndContactInfo_Page/input_streetAddress1'

2021-10-20 00:55:52 - [MESSAGE][PASSED] - Text '36 Hoolan Ave' is set on object 'Object Repository/RAD_Pages/AddressAndContactInfo_Page/input_streetAddress1'

2021-10-20 00:55:52 - [TEST_STEP][PASSED] - setText(findTestObject(orPath_AddressContact + "/input_streetAddress2"), ""): Text '' is set on object 'Object Repository/RAD_Pages/AddressAndContactInfo_Page/input_streetAddress2'

2021-10-20 00:55:52 - [MESSAGE][PASSED] - Text '' is set on object 'Object Repository/RAD_Pages/AddressAndContactInfo_Page/input_streetAddress2'

2021-10-20 00:55:52 - [TEST_STEP][PASSED] - setText(findTestObject(orPath_AddressContact + "/input_city"), City): Text 'Huntsville' is set on object 'Object Repository/RAD_Pages/AddressAndContactInfo_Page/input_city'

2021-10-20 00:55:53 - [MESSAGE][PASSED] - Text 'Huntsville' is set on object 'Object Repository/RAD_Pages/AddressAndContactInfo_Page/input_city'

2021-10-20 00:55:53 - [TEST_STEP][PASSED] - selectOptionByLabel(findTestObject(orPath_AddressContact + "/select_State"), "Maryland", false): All options with label 'Maryland' are selected in object 'Object Repository/RAD_Pages/AddressAndContactInfo_Page/select_State' 

2021-10-20 00:55:53 - [MESSAGE][PASSED] - All options with label 'Maryland' are selected in object 'Object Repository/RAD_Pages/AddressAndContactInfo_Page/select_State' 

2021-10-20 00:55:53 - [TEST_STEP][PASSED] - setText(findTestObject(orPath_AddressContact + "/input_zipCode"), ZIP): Text '21093' is set on object 'Object Repository/RAD_Pages/AddressAndContactInfo_Page/input_zipCode'

2021-10-20 00:55:54 - [MESSAGE][PASSED] - Text '21093' is set on object 'Object Repository/RAD_Pages/AddressAndContactInfo_Page/input_zipCode'

2021-10-20 00:55:54 - [TEST_STEP][PASSED] - setText(findTestObject(orPath_AddressContact + "/input_phoneNumber"), "77038945000"): Text '77038945000' is set on object 'Object Repository/RAD_Pages/AddressAndContactInfo_Page/input_phoneNumber'

2021-10-20 00:55:55 - [MESSAGE][PASSED] - Text '77038945000' is set on object 'Object Repository/RAD_Pages/AddressAndContactInfo_Page/input_phoneNumber'

2021-10-20 00:55:55 - [TEST_STEP][PASSED] - setText(findTestObject(orPath_AddressContact + "/input_eMailAddress"), "iahmed@govolution.com"): Text 'iahmed@govolution.com' is set on object 'Object Repository/RAD_Pages/AddressAndContactInfo_Page/input_eMailAddress'

2021-10-20 00:55:56 - [MESSAGE][PASSED] - Text 'iahmed@govolution.com' is set on object 'Object Repository/RAD_Pages/AddressAndContactInfo_Page/input_eMailAddress'

2021-10-20 00:55:56 - [TEST_STEP][PASSED] - setText(findTestObject(orPath_AddressContact + "/input_reEnterEMailAddress"), "iahmed@govolution.com"): Text 'iahmed@govolution.com' is set on object 'Object Repository/RAD_Pages/AddressAndContactInfo_Page/input_reEnterEMailAddress'

2021-10-20 00:55:56 - [MESSAGE][PASSED] - Text 'iahmed@govolution.com' is set on object 'Object Repository/RAD_Pages/AddressAndContactInfo_Page/input_reEnterEMailAddress'

2021-10-20 00:55:56 - [TEST_STEP][PASSED] - setText(findTestObject(orPath_TaxInfo + "/input_TaxInfo_ExisitingSSN"), "111223333"): Text '111223333' is set on object 'Object Repository/RAD_Pages/TaxInfo_Page/input_TaxInfo_ExisitingSSN'

2021-10-20 00:55:57 - [MESSAGE][PASSED] - Text '111223333' is set on object 'Object Repository/RAD_Pages/TaxInfo_Page/input_TaxInfo_ExisitingSSN'

2021-10-20 00:55:57 - [TEST_STEP][PASSED] - setText(findTestObject(orPath_TaxInfo + "/input_TaxInfo_reTaxTypeExisitingSSN"), "111223333"): Text '111223333' is set on object 'Object Repository/RAD_Pages/TaxInfo_Page/input_TaxInfo_reTaxTypeExisitingSSN'

2021-10-20 00:55:58 - [MESSAGE][PASSED] - Text '111223333' is set on object 'Object Repository/RAD_Pages/TaxInfo_Page/input_TaxInfo_reTaxTypeExisitingSSN'

2021-10-20 00:55:58 - [TEST_STEP][PASSED] - scrollToElement(findTestObject(orPath_Amount + "/input__paymentAmount"), 3): Scroll to object 'Object Repository/RAD_Pages/PaymentAmount_Page/input__paymentAmount' successfully

2021-10-20 00:55:58 - [MESSAGE][PASSED] - Scroll to object 'Object Repository/RAD_Pages/PaymentAmount_Page/input__paymentAmount' successfully

2021-10-20 00:55:58 - [TEST_STEP][PASSED] - delay(3): Delayed 3 second(s)

2021-10-20 00:56:01 - [MESSAGE][PASSED] - Delayed 3 second(s)

2021-10-20 00:56:01 - [TEST_STEP][FAILED] - setText(findTestObject(orPath_TaxInfo + "/input_FEIN"), "123456"): Unable to set text '123456' of object 'Object Repository/RAD_Pages/TaxInfo_Page/input_FEIN' (Root cause: com.kms.katalon.core.exception.StepFailedException: Unable to set text '123456' of object 'Object Repository/RAD_Pages/TaxInfo_Page/input_FEIN'
	at com.kms.katalon.core.webui.keyword.internal.WebUIKeywordMain.stepFailed(WebUIKeywordMain.groovy:64)
	at com.kms.katalon.core.webui.keyword.internal.WebUIKeywordMain.runKeyword(WebUIKeywordMain.groovy:26)
	at com.kms.katalon.core.webui.keyword.builtin.SetTextKeyword.setText(SetTextKeyword.groovy:66)
	at com.kms.katalon.core.webui.keyword.builtin.SetTextKeyword.execute(SetTextKeyword.groovy:37)
	at com.kms.katalon.core.keyword.internal.KeywordExecutor.executeKeywordForPlatform(KeywordExecutor.groovy:73)
	at com.kms.katalon.core.webui.keyword.WebUiBuiltInKeywords.setText(WebUiBuiltInKeywords.groovy:980)
	at com.kms.katalon.core.webui.keyword.WebUiBuiltInKeywords$setText$3.call(Unknown Source)
	at Payments_ExistingLiability_HC_TC.run(Payments_ExistingLiability_HC_TC:130)
	at com.kms.katalon.core.main.ScriptEngine.run(ScriptEngine.java:194)
	at com.kms.katalon.core.main.ScriptEngine.runScriptAsRawText(ScriptEngine.java:119)
	at com.kms.katalon.core.main.TestCaseExecutor.runScript(TestCaseExecutor.java:369)
	at com.kms.katalon.core.main.TestCaseExecutor.doExecute(TestCaseExecutor.java:360)
	at com.kms.katalon.core.main.TestCaseExecutor.processExecutionPhase(TestCaseExecutor.java:339)
	at com.kms.katalon.core.main.TestCaseExecutor.accessMainPhase(TestCaseExecutor.java:331)
	at com.kms.katalon.core.main.TestCaseExecutor.execute(TestCaseExecutor.java:248)
	at com.kms.katalon.core.main.TestSuiteExecutor.accessTestCaseMainPhase(TestSuiteExecutor.java:191)
	at com.kms.katalon.core.main.TestSuiteExecutor.accessTestSuiteMainPhase(TestSuiteExecutor.java:140)
	at com.kms.katalon.core.main.TestSuiteExecutor.execute(TestSuiteExecutor.java:89)
	at com.kms.katalon.core.main.TestCaseMain.startTestSuite(TestCaseMain.java:185)
	at com.kms.katalon.core.main.TestCaseMain$startTestSuite$0.call(Unknown Source)
	at TempTestSuite1634705209531.run(TempTestSuite1634705209531.groovy:39)
Caused by: org.openqa.selenium.ElementNotInteractableException: element not interactable
  (Session info: chrome=94.0.4606.81)
Build info: version: '3.141.59', revision: 'e82be7d358', time: '2018-11-14T08:25:53'
System info: host: 'DESKTOP-B2QI6NS', ip: '172.30.2.167', os.name: 'Windows 10', os.arch: 'amd64', os.version: '10.0', java.version: '1.8.0_181'
Driver info: com.kms.katalon.selenium.driver.CChromeDriver
Capabilities {acceptInsecureCerts: true, browserName: chrome, browserVersion: 94.0.4606.81, chrome: {chromedriverVersion: 94.0.4606.61 (418b78f5838ed..., userDataDir: C:\Users\iahmed\AppData\Loc...}, goog:chromeOptions: {debuggerAddress: localhost:51595}, javascriptEnabled: true, networkConnectionEnabled: false, pageLoadStrategy: normal, platform: WINDOWS, platformName: WINDOWS, proxy: Proxy(), setWindowRect: true, strictFileInteractability: false, timeouts: {implicit: 0, pageLoad: 300000, script: 30000}, unhandledPromptBehavior: dismiss and notify, webauthn:extension:credBlob: true, webauthn:extension:largeBlob: true, webauthn:virtualAuthenticators: true}
Session ID: c28ce1552c9c1f0739d66c37e7e2e0d8
	at org.openqa.selenium.remote.http.W3CHttpResponseCodec.createException(W3CHttpResponseCodec.java:187)
	at org.openqa.selenium.remote.http.W3CHttpResponseCodec.decode(W3CHttpResponseCodec.java:122)
	at org.openqa.selenium.remote.http.W3CHttpResponseCodec.decode(W3CHttpResponseCodec.java:49)
	at org.openqa.selenium.remote.HttpCommandExecutor.execute(HttpCommandExecutor.java:158)
	at org.openqa.selenium.remote.service.DriverCommandExecutor.execute(DriverCommandExecutor.java:83)
	at org.openqa.selenium.remote.RemoteWebDriver.execute(RemoteWebDriver.java:552)
	at com.kms.katalon.selenium.driver.CChromeDriver.execute(CChromeDriver.java:19)
	at org.openqa.selenium.remote.RemoteWebElement.execute(RemoteWebElement.java:285)
	at org.openqa.selenium.remote.RemoteWebElement.clear(RemoteWebElement.java:124)
	at org.openqa.selenium.support.events.EventFiringWebDriver$EventFiringWebElement.lambda$new$0(EventFiringWebDriver.java:404)
	at com.sun.proxy.$Proxy11.clear(Unknown Source)
	at org.openqa.selenium.support.events.EventFiringWebDriver$EventFiringWebElement.clear(EventFiringWebDriver.java:436)
	at com.kms.katalon.core.webui.keyword.builtin.SetTextKeyword$_setText_closure1.doCall(SetTextKeyword.groovy:53)
	at com.kms.katalon.core.webui.keyword.builtin.SetTextKeyword$_setText_closure1.call(SetTextKeyword.groovy)
	at com.kms.katalon.core.webui.keyword.internal.WebUIKeywordMain.runKeyword(WebUIKeywordMain.groovy:20)
	at com.kms.katalon.core.webui.keyword.builtin.SetTextKeyword.setText(SetTextKeyword.groovy:66)
	at com.kms.katalon.core.webui.keyword.builtin.SetTextKeyword.execute(SetTextKeyword.groovy:37)
	at com.kms.katalon.core.keyword.internal.KeywordExecutor.executeKeywordForPlatform(KeywordExecutor.groovy:73)
	at com.kms.katalon.core.webui.keyword.WebUiBuiltInKeywords.setText(WebUiBuiltInKeywords.groovy:980)
	at com.kms.katalon.core.webui.keyword.WebUiBuiltInKeywords$setText$3.call(Unknown Source)
	at Script1634702981988.run(Script1634702981988.groovy:130)
	... 13 more
)

2021-10-20 00:56:02 - [MESSAGE][FAILED] - Unable to set text '123456' of object 'Object Repository/RAD_Pages/TaxInfo_Page/input_FEIN' (Root cause: com.kms.katalon.core.exception.StepFailedException: Unable to set text '123456' of object 'Object Repository/RAD_Pages/TaxInfo_Page/input_FEIN'
	at com.kms.katalon.core.webui.keyword.internal.WebUIKeywordMain.stepFailed(WebUIKeywordMain.groovy:64)
	at com.kms.katalon.core.webui.keyword.internal.WebUIKeywordMain.runKeyword(WebUIKeywordMain.groovy:26)
	at com.kms.katalon.core.webui.keyword.builtin.SetTextKeyword.setText(SetTextKeyword.groovy:66)
	at com.kms.katalon.core.webui.keyword.builtin.SetTextKeyword.execute(SetTextKeyword.groovy:37)
	at com.kms.katalon.core.keyword.internal.KeywordExecutor.executeKeywordForPlatform(KeywordExecutor.groovy:73)
	at com.kms.katalon.core.webui.keyword.WebUiBuiltInKeywords.setText(WebUiBuiltInKeywords.groovy:980)
	at com.kms.katalon.core.webui.keyword.WebUiBuiltInKeywords$setText$3.call(Unknown Source)
	at Payments_ExistingLiability_HC_TC.run(Payments_ExistingLiability_HC_TC:130)
	at com.kms.katalon.core.main.ScriptEngine.run(ScriptEngine.java:194)
	at com.kms.katalon.core.main.ScriptEngine.runScriptAsRawText(ScriptEngine.java:119)
	at com.kms.katalon.core.main.TestCaseExecutor.runScript(TestCaseExecutor.java:369)
	at com.kms.katalon.core.main.TestCaseExecutor.doExecute(TestCaseExecutor.java:360)
	at com.kms.katalon.core.main.TestCaseExecutor.processExecutionPhase(TestCaseExecutor.java:339)
	at com.kms.katalon.core.main.TestCaseExecutor.accessMainPhase(TestCaseExecutor.java:331)
	at com.kms.katalon.core.main.TestCaseExecutor.execute(TestCaseExecutor.java:248)
	at com.kms.katalon.core.main.TestSuiteExecutor.accessTestCaseMainPhase(TestSuiteExecutor.java:191)
	at com.kms.katalon.core.main.TestSuiteExecutor.accessTestSuiteMainPhase(TestSuiteExecutor.java:140)
	at com.kms.katalon.core.main.TestSuiteExecutor.execute(TestSuiteExecutor.java:89)
	at com.kms.katalon.core.main.TestCaseMain.startTestSuite(TestCaseMain.java:185)
	at com.kms.katalon.core.main.TestCaseMain$startTestSuite$0.call(Unknown Source)
	at TempTestSuite1634705209531.run(TempTestSuite1634705209531.groovy:39)
Caused by: org.openqa.selenium.ElementNotInteractableException: element not interactable
  (Session info: chrome=94.0.4606.81)
Build info: version: '3.141.59', revision: 'e82be7d358', time: '2018-11-14T08:25:53'
System info: host: 'DESKTOP-B2QI6NS', ip: '172.30.2.167', os.name: 'Windows 10', os.arch: 'amd64', os.version: '10.0', java.version: '1.8.0_181'
Driver info: com.kms.katalon.selenium.driver.CChromeDriver
Capabilities {acceptInsecureCerts: true, browserName: chrome, browserVersion: 94.0.4606.81, chrome: {chromedriverVersion: 94.0.4606.61 (418b78f5838ed..., userDataDir: C:\Users\iahmed\AppData\Loc...}, goog:chromeOptions: {debuggerAddress: localhost:51595}, javascriptEnabled: true, networkConnectionEnabled: false, pageLoadStrategy: normal, platform: WINDOWS, platformName: WINDOWS, proxy: Proxy(), setWindowRect: true, strictFileInteractability: false, timeouts: {implicit: 0, pageLoad: 300000, script: 30000}, unhandledPromptBehavior: dismiss and notify, webauthn:extension:credBlob: true, webauthn:extension:largeBlob: true, webauthn:virtualAuthenticators: true}
Session ID: c28ce1552c9c1f0739d66c37e7e2e0d8
	at org.openqa.selenium.remote.http.W3CHttpResponseCodec.createException(W3CHttpResponseCodec.java:187)
	at org.openqa.selenium.remote.http.W3CHttpResponseCodec.decode(W3CHttpResponseCodec.java:122)
	at org.openqa.selenium.remote.http.W3CHttpResponseCodec.decode(W3CHttpResponseCodec.java:49)
	at org.openqa.selenium.remote.HttpCommandExecutor.execute(HttpCommandExecutor.java:158)
	at org.openqa.selenium.remote.service.DriverCommandExecutor.execute(DriverCommandExecutor.java:83)
	at org.openqa.selenium.remote.RemoteWebDriver.execute(RemoteWebDriver.java:552)
	at com.kms.katalon.selenium.driver.CChromeDriver.execute(CChromeDriver.java:19)
	at org.openqa.selenium.remote.RemoteWebElement.execute(RemoteWebElement.java:285)
	at org.openqa.selenium.remote.RemoteWebElement.clear(RemoteWebElement.java:124)
	at org.openqa.selenium.support.events.EventFiringWebDriver$EventFiringWebElement.lambda$new$0(EventFiringWebDriver.java:404)
	at com.sun.proxy.$Proxy11.clear(Unknown Source)
	at org.openqa.selenium.support.events.EventFiringWebDriver$EventFiringWebElement.clear(EventFiringWebDriver.java:436)
	at com.kms.katalon.core.webui.keyword.builtin.SetTextKeyword$_setText_closure1.doCall(SetTextKeyword.groovy:53)
	at com.kms.katalon.core.webui.keyword.builtin.SetTextKeyword$_setText_closure1.call(SetTextKeyword.groovy)
	at com.kms.katalon.core.webui.keyword.internal.WebUIKeywordMain.runKeyword(WebUIKeywordMain.groovy:20)
	at com.kms.katalon.core.webui.keyword.builtin.SetTextKeyword.setText(SetTextKeyword.groovy:66)
	at com.kms.katalon.core.webui.keyword.builtin.SetTextKeyword.execute(SetTextKeyword.groovy:37)
	at com.kms.katalon.core.keyword.internal.KeywordExecutor.executeKeywordForPlatform(KeywordExecutor.groovy:73)
	at com.kms.katalon.core.webui.keyword.WebUiBuiltInKeywords.setText(WebUiBuiltInKeywords.groovy:980)
	at com.kms.katalon.core.webui.keyword.WebUiBuiltInKeywords$setText$3.call(Unknown Source)
	at Script1634702981988.run(Script1634702981988.groovy:130)
	... 13 more
)
[[ATTACHMENT|E:\\Cloned-Project-Katalon\\VPS-Katalon\\Reports\\20211020_004649\\RAD_TestSuite\\RAD_UI_TestSuite\\20211020_004649\\1634705762252.png]]

2021-10-20 00:56:02 - [TEST_STEP][FAILED] - setText(findTestObject(orPath_TaxInfo + "/input_ReTypeFEIN"), "123456"): Unable to set text '123456' of object 'Object Repository/RAD_Pages/TaxInfo_Page/input_ReTypeFEIN' (Root cause: com.kms.katalon.core.exception.StepFailedException: Unable to set text '123456' of object 'Object Repository/RAD_Pages/TaxInfo_Page/input_ReTypeFEIN'
	at com.kms.katalon.core.webui.keyword.internal.WebUIKeywordMain.stepFailed(WebUIKeywordMain.groovy:64)
	at com.kms.katalon.core.webui.keyword.internal.WebUIKeywordMain.runKeyword(WebUIKeywordMain.groovy:26)
	at com.kms.katalon.core.webui.keyword.builtin.SetTextKeyword.setText(SetTextKeyword.groovy:66)
	at com.kms.katalon.core.webui.keyword.builtin.SetTextKeyword.execute(SetTextKeyword.groovy:37)
	at com.kms.katalon.core.keyword.internal.KeywordExecutor.executeKeywordForPlatform(KeywordExecutor.groovy:73)
	at com.kms.katalon.core.webui.keyword.WebUiBuiltInKeywords.setText(WebUiBuiltInKeywords.groovy:980)
	at com.kms.katalon.core.webui.keyword.WebUiBuiltInKeywords$setText$3.call(Unknown Source)
	at Payments_ExistingLiability_HC_TC.run(Payments_ExistingLiability_HC_TC:131)
	at com.kms.katalon.core.main.ScriptEngine.run(ScriptEngine.java:194)
	at com.kms.katalon.core.main.ScriptEngine.runScriptAsRawText(ScriptEngine.java:119)
	at com.kms.katalon.core.main.TestCaseExecutor.runScript(TestCaseExecutor.java:369)
	at com.kms.katalon.core.main.TestCaseExecutor.doExecute(TestCaseExecutor.java:360)
	at com.kms.katalon.core.main.TestCaseExecutor.processExecutionPhase(TestCaseExecutor.java:339)
	at com.kms.katalon.core.main.TestCaseExecutor.accessMainPhase(TestCaseExecutor.java:331)
	at com.kms.katalon.core.main.TestCaseExecutor.execute(TestCaseExecutor.java:248)
	at com.kms.katalon.core.main.TestSuiteExecutor.accessTestCaseMainPhase(TestSuiteExecutor.java:191)
	at com.kms.katalon.core.main.TestSuiteExecutor.accessTestSuiteMainPhase(TestSuiteExecutor.java:140)
	at com.kms.katalon.core.main.TestSuiteExecutor.execute(TestSuiteExecutor.java:89)
	at com.kms.katalon.core.main.TestCaseMain.startTestSuite(TestCaseMain.java:185)
	at com.kms.katalon.core.main.TestCaseMain$startTestSuite$0.call(Unknown Source)
	at TempTestSuite1634705209531.run(TempTestSuite1634705209531.groovy:39)
Caused by: org.openqa.selenium.ElementNotInteractableException: element not interactable
  (Session info: chrome=94.0.4606.81)
Build info: version: '3.141.59', revision: 'e82be7d358', time: '2018-11-14T08:25:53'
System info: host: 'DESKTOP-B2QI6NS', ip: '172.30.2.167', os.name: 'Windows 10', os.arch: 'amd64', os.version: '10.0', java.version: '1.8.0_181'
Driver info: com.kms.katalon.selenium.driver.CChromeDriver
Capabilities {acceptInsecureCerts: true, browserName: chrome, browserVersion: 94.0.4606.81, chrome: {chromedriverVersion: 94.0.4606.61 (418b78f5838ed..., userDataDir: C:\Users\iahmed\AppData\Loc...}, goog:chromeOptions: {debuggerAddress: localhost:51595}, javascriptEnabled: true, networkConnectionEnabled: false, pageLoadStrategy: normal, platform: WINDOWS, platformName: WINDOWS, proxy: Proxy(), setWindowRect: true, strictFileInteractability: false, timeouts: {implicit: 0, pageLoad: 300000, script: 30000}, unhandledPromptBehavior: dismiss and notify, webauthn:extension:credBlob: true, webauthn:extension:largeBlob: true, webauthn:virtualAuthenticators: true}
Session ID: c28ce1552c9c1f0739d66c37e7e2e0d8
	at org.openqa.selenium.remote.http.W3CHttpResponseCodec.createException(W3CHttpResponseCodec.java:187)
	at org.openqa.selenium.remote.http.W3CHttpResponseCodec.decode(W3CHttpResponseCodec.java:122)
	at org.openqa.selenium.remote.http.W3CHttpResponseCodec.decode(W3CHttpResponseCodec.java:49)
	at org.openqa.selenium.remote.HttpCommandExecutor.execute(HttpCommandExecutor.java:158)
	at org.openqa.selenium.remote.service.DriverCommandExecutor.execute(DriverCommandExecutor.java:83)
	at org.openqa.selenium.remote.RemoteWebDriver.execute(RemoteWebDriver.java:552)
	at com.kms.katalon.selenium.driver.CChromeDriver.execute(CChromeDriver.java:19)
	at org.openqa.selenium.remote.RemoteWebElement.execute(RemoteWebElement.java:285)
	at org.openqa.selenium.remote.RemoteWebElement.clear(RemoteWebElement.java:124)
	at org.openqa.selenium.support.events.EventFiringWebDriver$EventFiringWebElement.lambda$new$0(EventFiringWebDriver.java:404)
	at com.sun.proxy.$Proxy11.clear(Unknown Source)
	at org.openqa.selenium.support.events.EventFiringWebDriver$EventFiringWebElement.clear(EventFiringWebDriver.java:436)
	at com.kms.katalon.core.webui.keyword.builtin.SetTextKeyword$_setText_closure1.doCall(SetTextKeyword.groovy:53)
	at com.kms.katalon.core.webui.keyword.builtin.SetTextKeyword$_setText_closure1.call(SetTextKeyword.groovy)
	at com.kms.katalon.core.webui.keyword.internal.WebUIKeywordMain.runKeyword(WebUIKeywordMain.groovy:20)
	at com.kms.katalon.core.webui.keyword.builtin.SetTextKeyword.setText(SetTextKeyword.groovy:66)
	at com.kms.katalon.core.webui.keyword.builtin.SetTextKeyword.execute(SetTextKeyword.groovy:37)
	at com.kms.katalon.core.keyword.internal.KeywordExecutor.executeKeywordForPlatform(KeywordExecutor.groovy:73)
	at com.kms.katalon.core.webui.keyword.WebUiBuiltInKeywords.setText(WebUiBuiltInKeywords.groovy:980)
	at com.kms.katalon.core.webui.keyword.WebUiBuiltInKeywords$setText$3.call(Unknown Source)
	at Script1634702981988.run(Script1634702981988.groovy:131)
	... 13 more
)

2021-10-20 00:56:03 - [MESSAGE][FAILED] - Unable to set text '123456' of object 'Object Repository/RAD_Pages/TaxInfo_Page/input_ReTypeFEIN' (Root cause: com.kms.katalon.core.exception.StepFailedException: Unable to set text '123456' of object 'Object Repository/RAD_Pages/TaxInfo_Page/input_ReTypeFEIN'
	at com.kms.katalon.core.webui.keyword.internal.WebUIKeywordMain.stepFailed(WebUIKeywordMain.groovy:64)
	at com.kms.katalon.core.webui.keyword.internal.WebUIKeywordMain.runKeyword(WebUIKeywordMain.groovy:26)
	at com.kms.katalon.core.webui.keyword.builtin.SetTextKeyword.setText(SetTextKeyword.groovy:66)
	at com.kms.katalon.core.webui.keyword.builtin.SetTextKeyword.execute(SetTextKeyword.groovy:37)
	at com.kms.katalon.core.keyword.internal.KeywordExecutor.executeKeywordForPlatform(KeywordExecutor.groovy:73)
	at com.kms.katalon.core.webui.keyword.WebUiBuiltInKeywords.setText(WebUiBuiltInKeywords.groovy:980)
	at com.kms.katalon.core.webui.keyword.WebUiBuiltInKeywords$setText$3.call(Unknown Source)
	at Payments_ExistingLiability_HC_TC.run(Payments_ExistingLiability_HC_TC:131)
	at com.kms.katalon.core.main.ScriptEngine.run(ScriptEngine.java:194)
	at com.kms.katalon.core.main.ScriptEngine.runScriptAsRawText(ScriptEngine.java:119)
	at com.kms.katalon.core.main.TestCaseExecutor.runScript(TestCaseExecutor.java:369)
	at com.kms.katalon.core.main.TestCaseExecutor.doExecute(TestCaseExecutor.java:360)
	at com.kms.katalon.core.main.TestCaseExecutor.processExecutionPhase(TestCaseExecutor.java:339)
	at com.kms.katalon.core.main.TestCaseExecutor.accessMainPhase(TestCaseExecutor.java:331)
	at com.kms.katalon.core.main.TestCaseExecutor.execute(TestCaseExecutor.java:248)
	at com.kms.katalon.core.main.TestSuiteExecutor.accessTestCaseMainPhase(TestSuiteExecutor.java:191)
	at com.kms.katalon.core.main.TestSuiteExecutor.accessTestSuiteMainPhase(TestSuiteExecutor.java:140)
	at com.kms.katalon.core.main.TestSuiteExecutor.execute(TestSuiteExecutor.java:89)
	at com.kms.katalon.core.main.TestCaseMain.startTestSuite(TestCaseMain.java:185)
	at com.kms.katalon.core.main.TestCaseMain$startTestSuite$0.call(Unknown Source)
	at TempTestSuite1634705209531.run(TempTestSuite1634705209531.groovy:39)
Caused by: org.openqa.selenium.ElementNotInteractableException: element not interactable
  (Session info: chrome=94.0.4606.81)
Build info: version: '3.141.59', revision: 'e82be7d358', time: '2018-11-14T08:25:53'
System info: host: 'DESKTOP-B2QI6NS', ip: '172.30.2.167', os.name: 'Windows 10', os.arch: 'amd64', os.version: '10.0', java.version: '1.8.0_181'
Driver info: com.kms.katalon.selenium.driver.CChromeDriver
Capabilities {acceptInsecureCerts: true, browserName: chrome, browserVersion: 94.0.4606.81, chrome: {chromedriverVersion: 94.0.4606.61 (418b78f5838ed..., userDataDir: C:\Users\iahmed\AppData\Loc...}, goog:chromeOptions: {debuggerAddress: localhost:51595}, javascriptEnabled: true, networkConnectionEnabled: false, pageLoadStrategy: normal, platform: WINDOWS, platformName: WINDOWS, proxy: Proxy(), setWindowRect: true, strictFileInteractability: false, timeouts: {implicit: 0, pageLoad: 300000, script: 30000}, unhandledPromptBehavior: dismiss and notify, webauthn:extension:credBlob: true, webauthn:extension:largeBlob: true, webauthn:virtualAuthenticators: true}
Session ID: c28ce1552c9c1f0739d66c37e7e2e0d8
	at org.openqa.selenium.remote.http.W3CHttpResponseCodec.createException(W3CHttpResponseCodec.java:187)
	at org.openqa.selenium.remote.http.W3CHttpResponseCodec.decode(W3CHttpResponseCodec.java:122)
	at org.openqa.selenium.remote.http.W3CHttpResponseCodec.decode(W3CHttpResponseCodec.java:49)
	at org.openqa.selenium.remote.HttpCommandExecutor.execute(HttpCommandExecutor.java:158)
	at org.openqa.selenium.remote.service.DriverCommandExecutor.execute(DriverCommandExecutor.java:83)
	at org.openqa.selenium.remote.RemoteWebDriver.execute(RemoteWebDriver.java:552)
	at com.kms.katalon.selenium.driver.CChromeDriver.execute(CChromeDriver.java:19)
	at org.openqa.selenium.remote.RemoteWebElement.execute(RemoteWebElement.java:285)
	at org.openqa.selenium.remote.RemoteWebElement.clear(RemoteWebElement.java:124)
	at org.openqa.selenium.support.events.EventFiringWebDriver$EventFiringWebElement.lambda$new$0(EventFiringWebDriver.java:404)
	at com.sun.proxy.$Proxy11.clear(Unknown Source)
	at org.openqa.selenium.support.events.EventFiringWebDriver$EventFiringWebElement.clear(EventFiringWebDriver.java:436)
	at com.kms.katalon.core.webui.keyword.builtin.SetTextKeyword$_setText_closure1.doCall(SetTextKeyword.groovy:53)
	at com.kms.katalon.core.webui.keyword.builtin.SetTextKeyword$_setText_closure1.call(SetTextKeyword.groovy)
	at com.kms.katalon.core.webui.keyword.internal.WebUIKeywordMain.runKeyword(WebUIKeywordMain.groovy:20)
	at com.kms.katalon.core.webui.keyword.builtin.SetTextKeyword.setText(SetTextKeyword.groovy:66)
	at com.kms.katalon.core.webui.keyword.builtin.SetTextKeyword.execute(SetTextKeyword.groovy:37)
	at com.kms.katalon.core.keyword.internal.KeywordExecutor.executeKeywordForPlatform(KeywordExecutor.groovy:73)
	at com.kms.katalon.core.webui.keyword.WebUiBuiltInKeywords.setText(WebUiBuiltInKeywords.groovy:980)
	at com.kms.katalon.core.webui.keyword.WebUiBuiltInKeywords$setText$3.call(Unknown Source)
	at Script1634702981988.run(Script1634702981988.groovy:131)
	... 13 more
)
[[ATTACHMENT|E:\\Cloned-Project-Katalon\\VPS-Katalon\\Reports\\20211020_004649\\RAD_TestSuite\\RAD_UI_TestSuite\\20211020_004649\\1634705762826.png]]

2021-10-20 00:56:03 - [TEST_STEP][PASSED] - setText(findTestObject(orPath_TaxInfo + "/input_NoticeInvoiceNumber"), "965896"): Text '965896' is set on object 'Object Repository/RAD_Pages/TaxInfo_Page/input_NoticeInvoiceNumber'

2021-10-20 00:56:03 - [MESSAGE][PASSED] - Text '965896' is set on object 'Object Repository/RAD_Pages/TaxInfo_Page/input_NoticeInvoiceNumber'

2021-10-20 00:56:03 - [TEST_STEP][PASSED] - setText(findTestObject(orPath_TaxInfo + "/input_reTypeNoticeInvoiceNumber"), "965896"): Text '965896' is set on object 'Object Repository/RAD_Pages/TaxInfo_Page/input_reTypeNoticeInvoiceNumber'

2021-10-20 00:56:04 - [MESSAGE][PASSED] - Text '965896' is set on object 'Object Repository/RAD_Pages/TaxInfo_Page/input_reTypeNoticeInvoiceNumber'

2021-10-20 00:56:04 - [TEST_STEP][PASSED] - setText(findTestObject(orPath_Amount + "/input__paymentAmount"), Amount): Text '70.50' is set on object 'Object Repository/RAD_Pages/PaymentAmount_Page/input__paymentAmount'

2021-10-20 00:56:05 - [MESSAGE][PASSED] - Text '70.50' is set on object 'Object Repository/RAD_Pages/PaymentAmount_Page/input__paymentAmount'

2021-10-20 00:56:05 - [TEST_STEP][PASSED] - scrollToElement(findTestObject(orPath_Landing + "/button_Continue"), 3): Scroll to object 'Object Repository/RAD_Pages/Landing_Page/button_Continue' successfully

2021-10-20 00:56:05 - [MESSAGE][PASSED] - Scroll to object 'Object Repository/RAD_Pages/Landing_Page/button_Continue' successfully

2021-10-20 00:56:05 - [TEST_STEP][PASSED] - waitForElementClickable(findTestObject(orPath_Landing + "/button_Continue"), 5): Object 'Object Repository/RAD_Pages/Landing_Page/button_Continue' is clickable

2021-10-20 00:56:05 - [MESSAGE][PASSED] - Object 'Object Repository/RAD_Pages/Landing_Page/button_Continue' is clickable

2021-10-20 00:56:05 - [TEST_STEP][PASSED] - click(findTestObject(orPath_Landing + "/button_Continue")): Object: 'Object Repository/RAD_Pages/Landing_Page/button_Continue' is clicked on

2021-10-20 00:56:06 - [MESSAGE][PASSED] - Object: 'Object Repository/RAD_Pages/Landing_Page/button_Continue' is clicked on

2021-10-20 00:56:06 - [TEST_STEP][PASSED] - verifyTextPresent("Review the information below and make any necessary corrections by clicking the", true): Text 'Review the information below and make any necessary corrections by clicking the' is present on page  using regular expression

2021-10-20 00:56:06 - [MESSAGE][PASSED] - Text 'Review the information below and make any necessary corrections by clicking the' is present on page  using regular expression

2021-10-20 00:56:06 - [TEST_STEP][PASSED] - verifyTextPresent("When you are confident that all the information is correct", true): Text 'When you are confident that all the information is correct' is present on page  using regular expression

2021-10-20 00:56:07 - [MESSAGE][PASSED] - Text 'When you are confident that all the information is correct' is present on page  using regular expression

2021-10-20 00:56:07 - [TEST_STEP][PASSED] - scrollToElement(findTestObject(orPath_Summary + "/button_Continue_Summary"), 3): Scroll to object 'Object Repository/RAD_Pages/Summary_Page/button_Continue_Summary' successfully

2021-10-20 00:56:07 - [MESSAGE][PASSED] - Scroll to object 'Object Repository/RAD_Pages/Summary_Page/button_Continue_Summary' successfully

2021-10-20 00:56:07 - [TEST_STEP][PASSED] - waitForElementClickable(findTestObject(orPath_Summary + "/button_Continue_Summary"), 5): Object 'Object Repository/RAD_Pages/Summary_Page/button_Continue_Summary' is clickable

2021-10-20 00:56:07 - [MESSAGE][PASSED] - Object 'Object Repository/RAD_Pages/Summary_Page/button_Continue_Summary' is clickable

2021-10-20 00:56:07 - [TEST_STEP][PASSED] - delay(3): Delayed 3 second(s)

2021-10-20 00:56:10 - [MESSAGE][PASSED] - Delayed 3 second(s)

2021-10-20 00:56:10 - [TEST_STEP][PASSED] - click(findTestObject(orPath_Summary + "/button_Continue_Summary")): Object: 'Object Repository/RAD_Pages/Summary_Page/button_Continue_Summary' is clicked on

2021-10-20 00:56:11 - [MESSAGE][PASSED] - Object: 'Object Repository/RAD_Pages/Summary_Page/button_Continue_Summary' is clicked on

2021-10-20 00:56:11 - [TEST_STEP][PASSED] - delay(3): Delayed 3 second(s)

2021-10-20 00:56:14 - [MESSAGE][PASSED] - Delayed 3 second(s)

2021-10-20 00:56:14 - [TEST_STEP][PASSED] - click(findTestObject(orPath_PaymentReady + "/button_ProceedtoPayment")): Object: 'Object Repository/RAD_Pages/PaymentReady_Page/button_ProceedtoPayment' is clicked on

2021-10-20 00:56:16 - [MESSAGE][PASSED] - Object: 'Object Repository/RAD_Pages/PaymentReady_Page/button_ProceedtoPayment' is clicked on

2021-10-20 00:56:16 - [TEST_STEP][PASSED] - setText(findTestObject(orPath_PaymentEntry + "/input__cardNumber"), CCNumber): Text '5146312200000035' is set on object 'Object Repository/RAD_Pages/PaymentEntry_Page/input__cardNumber'

2021-10-20 00:56:17 - [MESSAGE][PASSED] - Text '5146312200000035' is set on object 'Object Repository/RAD_Pages/PaymentEntry_Page/input__cardNumber'

2021-10-20 00:56:17 - [TEST_STEP][PASSED] - setText(findTestObject(orPath_PaymentEntry + "/input__spc"), CVV): Text '123' is set on object 'Object Repository/RAD_Pages/PaymentEntry_Page/input__spc'

2021-10-20 00:56:17 - [MESSAGE][PASSED] - Text '123' is set on object 'Object Repository/RAD_Pages/PaymentEntry_Page/input__spc'

2021-10-20 00:56:17 - [TEST_STEP][PASSED] - selectOptionByLabel(findTestObject(orPath_PaymentEntry + "/select_MM"), "12", false): All options with label '12' are selected in object 'Object Repository/RAD_Pages/PaymentEntry_Page/select_MM' 

2021-10-20 00:56:18 - [MESSAGE][PASSED] - All options with label '12' are selected in object 'Object Repository/RAD_Pages/PaymentEntry_Page/select_MM' 

2021-10-20 00:56:18 - [TEST_STEP][PASSED] - selectOptionByLabel(findTestObject(orPath_PaymentEntry + "/select_YYYY"), "2023", false): All options with label '2023' are selected in object 'Object Repository/RAD_Pages/PaymentEntry_Page/select_YYYY' 

2021-10-20 00:56:19 - [MESSAGE][PASSED] - All options with label '2023' are selected in object 'Object Repository/RAD_Pages/PaymentEntry_Page/select_YYYY' 

2021-10-20 00:56:19 - [TEST_STEP][PASSED] - click(findTestObject(orPath_PaymentEntry + "/input_Field_ccSubmit")): Object: 'Object Repository/RAD_Pages/PaymentEntry_Page/input_Field_ccSubmit' is clicked on

2021-10-20 00:56:20 - [MESSAGE][PASSED] - Object: 'Object Repository/RAD_Pages/PaymentEntry_Page/input_Field_ccSubmit' is clicked on

2021-10-20 00:56:20 - [TEST_STEP][PASSED] - click(findTestObject(orPath_PaymentConfirmation + "/input_N_confirmNotifyAction")): Object: 'Object Repository/RAD_Pages/PaymentConfirmation_Page/input_N_confirmNotifyAction' is clicked on

2021-10-20 00:56:21 - [MESSAGE][PASSED] - Object: 'Object Repository/RAD_Pages/PaymentConfirmation_Page/input_N_confirmNotifyAction' is clicked on

2021-10-20 00:56:21 - [TEST_STEP][PASSED] - click(findTestObject(orPath_ServiceFeesAccept + "/input_convFeeNotifyAction")): Object: 'Object Repository/RAD_Pages/ServiceFeeAccept_Page/input_convFeeNotifyAction' is clicked on

2021-10-20 00:56:23 - [MESSAGE][PASSED] - Object: 'Object Repository/RAD_Pages/ServiceFeeAccept_Page/input_convFeeNotifyAction' is clicked on

2021-10-20 00:56:23 - [TEST_STEP][PASSED] - delay(10): Delayed 10 second(s)

2021-10-20 00:56:33 - [MESSAGE][PASSED] - Delayed 10 second(s)

2021-10-20 00:56:33 - [TEST_STEP][PASSED] - verifyTextPresent("Successful Payment Receipt", true): Text 'Successful Payment Receipt' is present on page  using regular expression

2021-10-20 00:56:33 - [MESSAGE][PASSED] - Text 'Successful Payment Receipt' is present on page  using regular expression

2021-10-20 00:56:33 - [TEST_STEP][PASSED] - if (verifyTextPresent("Successful Payment Receipt", true)): null

2021-10-20 00:56:33 - [MESSAGE][PASSED] - Text 'Successful Payment Receipt' is present on page  using regular expression

2021-10-20 00:56:33 - [TEST_STEP][PASSED] - println("Transaction was Successful"): null

2021-10-20 00:56:33 - [TEST_STEP][PASSED] - out.println("Pass Record Number: " + row): null

2021-10-20 00:56:33 - [TEST_STEP][PASSED] - resText = "Pass": null

2021-10-20 00:56:33 - [TEST_STEP][PASSED] - pages.WriteExcel.demoKey(resText, datText, resColumn, datCloumn, fileLoc, nameSheet, row): pages.WriteExcel.demoKey is PASSED

2021-10-20 00:56:33 - [MESSAGE][PASSED] - pages.WriteExcel.demoKey is PASSED

2021-10-20 00:56:33 - [TEST_STEP][PASSED] - ExecuteTC = findTestData(dataFile).getValue("Execute", row): null

2021-10-20 00:56:33 - [TEST_STEP][PASSED] - Taxtype = findTestData(dataFile).getValue("TaxType", row): null

2021-10-20 00:56:33 - [TEST_STEP][PASSED] - TaxTypeEL = findTestData(dataFile).getValue("TaxTypeEL", row): null

2021-10-20 00:56:33 - [TEST_STEP][PASSED] - FName = findTestData(dataFile).getValue("Fname", row): null

2021-10-20 00:56:33 - [TEST_STEP][PASSED] - LName = findTestData(dataFile).getValue("Lname", row): null

2021-10-20 00:56:33 - [TEST_STEP][PASSED] - AL1 = findTestData(dataFile).getValue("AL1", row): null

2021-10-20 00:56:33 - [TEST_STEP][PASSED] - City = findTestData(dataFile).getValue("City", row): null

2021-10-20 00:56:33 - [TEST_STEP][PASSED] - ZIP = findTestData(dataFile).getValue("ZIP", row): null

2021-10-20 00:56:34 - [TEST_STEP][PASSED] - Amount = findTestData(dataFile).getValue("Amount", row): null

2021-10-20 00:56:34 - [TEST_STEP][PASSED] - CCNumber = findTestData(dataFile).getValue("CCNumber", row): null

2021-10-20 00:56:34 - [TEST_STEP][PASSED] - CVV = findTestData(dataFile).getValue("CVV", row): null

2021-10-20 00:56:34 - [TEST_STEP][PASSED] - out.println("Value of Execute is : " + ExecuteTC): null

2021-10-20 00:56:34 - [TEST_STEP][FAILED] - if (ExecuteTC.equalsIgnoreCase("Y")): null

2021-10-20 00:56:34 - [TEST_STEP][PASSED] - out.println("Begin Record Number: " + row): null

2021-10-20 00:56:34 - [TEST_STEP][PASSED] - today = new java.util.Date(): null

2021-10-20 00:56:34 - [TEST_STEP][PASSED] - println(today): null

2021-10-20 00:56:34 - [TEST_STEP][PASSED] - datText = today: null

2021-10-20 00:56:34 - [TEST_STEP][PASSED] - Taxtype = findTestData(dataFile).getValue("TaxType", row): null

2021-10-20 00:56:34 - [TEST_STEP][PASSED] - out.println("Taxtype value is : " + Taxtype): null

2021-10-20 00:56:34 - [TEST_STEP][PASSED] - openBrowser(""): Browser is opened with url: ''

2021-10-20 00:56:34 - [MESSAGE][WARNING] - A browser is already opened. Closing browser and opening a new one

2021-10-20 00:56:34 - [MESSAGE][INFO] - Starting 'Chrome' driver

2021-10-20 00:56:34 - [MESSAGE][INFO] - User set preference: ['acceptInsecureCerts', 'true']

2021-10-20 00:56:34 - [MESSAGE][INFO] - Action delay is set to 0 milliseconds

2021-10-20 00:56:36 - [MESSAGE][PASSED] - Browser is opened with url: ''

2021-10-20 00:56:36 - [TEST_STEP][PASSED] - maximizeWindow(): Current window maximized

2021-10-20 00:56:36 - [MESSAGE][PASSED] - Current window maximized

2021-10-20 00:56:36 - [TEST_STEP][PASSED] - navigateToUrl(RADurl): Navigate to 'https://qa.velocitypayment.com/client/rad/index.html' successfully

2021-10-20 00:56:38 - [MESSAGE][PASSED] - Navigate to 'https://qa.velocitypayment.com/client/rad/index.html' successfully

2021-10-20 00:56:38 - [TEST_STEP][PASSED] - orPath_Landing = "Object Repository/RAD_Pages/Landing_Page": null

2021-10-20 00:56:38 - [TEST_STEP][PASSED] - orPath_TaxTypeFilingYear = "Object Repository/RAD_Pages/TaxTypeFilingYear_Page": null

2021-10-20 00:56:38 - [TEST_STEP][PASSED] - orPath_TaxPayer = "Object Repository/RAD_Pages/Taxpayer_Page": null

2021-10-20 00:56:38 - [TEST_STEP][PASSED] - orPath_AddressContact = "Object Repository/RAD_Pages/AddressAndContactInfo_Page": null

2021-10-20 00:56:38 - [TEST_STEP][PASSED] - orPath_FilingStatus = "Object Repository/RAD_Pages/FilingStatus_Page": null

2021-10-20 00:56:38 - [TEST_STEP][PASSED] - orPath_Amount = "Object Repository/RAD_Pages/PaymentAmount_Page": null

2021-10-20 00:56:38 - [TEST_STEP][PASSED] - orPath_TaxInfo = "Object Repository/RAD_Pages/TaxInfo_Page": null

2021-10-20 00:56:38 - [TEST_STEP][PASSED] - orPath_Withholding = "Object Repository/RAD_Pages/Withholding_Page": null

2021-10-20 00:56:38 - [TEST_STEP][PASSED] - orPath_Summary = "Object Repository/RAD_Pages/Summary_Page": null

2021-10-20 00:56:38 - [TEST_STEP][PASSED] - orPath_PaymentReady = "Object Repository/RAD_Pages/PaymentReady_Page": null

2021-10-20 00:56:38 - [TEST_STEP][PASSED] - orPath_PaymentEntry = "Object Repository/RAD_Pages/PaymentEntry_Page": null

2021-10-20 00:56:38 - [TEST_STEP][PASSED] - orPath_PaymentConfirmation = "Object Repository/RAD_Pages/PaymentConfirmation_Page": null

2021-10-20 00:56:38 - [TEST_STEP][PASSED] - orPath_ServiceFeesAccept = "Object Repository/RAD_Pages/ServiceFeeAccept_Page": null

2021-10-20 00:56:38 - [TEST_STEP][PASSED] - selectOptionByLabel(findTestObject(orPath_Landing + "/dd_TaxType"), Taxtype, false): All options with label 'Existing Liability' are selected in object 'Object Repository/RAD_Pages/Landing_Page/dd_TaxType' 

2021-10-20 00:56:38 - [MESSAGE][PASSED] - All options with label 'Existing Liability' are selected in object 'Object Repository/RAD_Pages/Landing_Page/dd_TaxType' 

2021-10-20 00:56:38 - [TEST_STEP][PASSED] - delay(3): Delayed 3 second(s)

2021-10-20 00:56:41 - [MESSAGE][PASSED] - Delayed 3 second(s)

2021-10-20 00:56:41 - [TEST_STEP][PASSED] - selectOptionByLabel(findTestObject(orPath_TaxTypeFilingYear + "/select_TaxType_ExistingLiability"), TaxTypeEL, false): All options with label 'Alcohol Tax' are selected in object 'Object Repository/RAD_Pages/TaxTypeFilingYear_Page/select_TaxType_ExistingLiability' 

2021-10-20 00:56:42 - [MESSAGE][PASSED] - All options with label 'Alcohol Tax' are selected in object 'Object Repository/RAD_Pages/TaxTypeFilingYear_Page/select_TaxType_ExistingLiability' 

2021-10-20 00:56:42 - [TEST_STEP][PASSED] - setText(findTestObject(orPath_TaxPayer + "/input_firstName"), FName): Text 'Thomas' is set on object 'Object Repository/RAD_Pages/Taxpayer_Page/input_firstName'

2021-10-20 00:56:43 - [MESSAGE][PASSED] - Text 'Thomas' is set on object 'Object Repository/RAD_Pages/Taxpayer_Page/input_firstName'

2021-10-20 00:56:43 - [TEST_STEP][PASSED] - setText(findTestObject(orPath_TaxPayer + "/input_lastName"), LName): Text 'Lee' is set on object 'Object Repository/RAD_Pages/Taxpayer_Page/input_lastName'

2021-10-20 00:56:44 - [MESSAGE][PASSED] - Text 'Lee' is set on object 'Object Repository/RAD_Pages/Taxpayer_Page/input_lastName'

2021-10-20 00:56:44 - [TEST_STEP][PASSED] - setText(findTestObject(orPath_TaxPayer + "/input_middleName"), "Johns"): Text 'Johns' is set on object 'Object Repository/RAD_Pages/Taxpayer_Page/input_middleName'

2021-10-20 00:56:44 - [MESSAGE][PASSED] - Text 'Johns' is set on object 'Object Repository/RAD_Pages/Taxpayer_Page/input_middleName'

2021-10-20 00:56:44 - [TEST_STEP][PASSED] - setText(findTestObject(orPath_TaxPayer + "/input_suffix"), "Sr"): Text 'Sr' is set on object 'Object Repository/RAD_Pages/Taxpayer_Page/input_suffix'

2021-10-20 00:56:45 - [MESSAGE][PASSED] - Text 'Sr' is set on object 'Object Repository/RAD_Pages/Taxpayer_Page/input_suffix'

2021-10-20 00:56:45 - [TEST_STEP][PASSED] - selectOptionByLabel(findTestObject(orPath_AddressContact + "/select_Country"), "United States", false): All options with label 'United States' are selected in object 'Object Repository/RAD_Pages/AddressAndContactInfo_Page/select_Country' 

2021-10-20 00:56:45 - [MESSAGE][PASSED] - All options with label 'United States' are selected in object 'Object Repository/RAD_Pages/AddressAndContactInfo_Page/select_Country' 

2021-10-20 00:56:45 - [TEST_STEP][PASSED] - setText(findTestObject(orPath_AddressContact + "/input_streetAddress1"), AL1): Text '2311 York road' is set on object 'Object Repository/RAD_Pages/AddressAndContactInfo_Page/input_streetAddress1'

2021-10-20 00:56:46 - [MESSAGE][PASSED] - Text '2311 York road' is set on object 'Object Repository/RAD_Pages/AddressAndContactInfo_Page/input_streetAddress1'

2021-10-20 00:56:46 - [TEST_STEP][PASSED] - setText(findTestObject(orPath_AddressContact + "/input_streetAddress2"), ""): Text '' is set on object 'Object Repository/RAD_Pages/AddressAndContactInfo_Page/input_streetAddress2'

2021-10-20 00:56:47 - [MESSAGE][PASSED] - Text '' is set on object 'Object Repository/RAD_Pages/AddressAndContactInfo_Page/input_streetAddress2'

2021-10-20 00:56:47 - [TEST_STEP][PASSED] - setText(findTestObject(orPath_AddressContact + "/input_city"), City): Text 'Gambrills' is set on object 'Object Repository/RAD_Pages/AddressAndContactInfo_Page/input_city'

2021-10-20 00:56:47 - [MESSAGE][PASSED] - Text 'Gambrills' is set on object 'Object Repository/RAD_Pages/AddressAndContactInfo_Page/input_city'

2021-10-20 00:56:47 - [TEST_STEP][PASSED] - selectOptionByLabel(findTestObject(orPath_AddressContact + "/select_State"), "Maryland", false): All options with label 'Maryland' are selected in object 'Object Repository/RAD_Pages/AddressAndContactInfo_Page/select_State' 

2021-10-20 00:56:48 - [MESSAGE][PASSED] - All options with label 'Maryland' are selected in object 'Object Repository/RAD_Pages/AddressAndContactInfo_Page/select_State' 

2021-10-20 00:56:48 - [TEST_STEP][PASSED] - setText(findTestObject(orPath_AddressContact + "/input_zipCode"), ZIP): Text '21054' is set on object 'Object Repository/RAD_Pages/AddressAndContactInfo_Page/input_zipCode'

2021-10-20 00:56:49 - [MESSAGE][PASSED] - Text '21054' is set on object 'Object Repository/RAD_Pages/AddressAndContactInfo_Page/input_zipCode'

2021-10-20 00:56:49 - [TEST_STEP][PASSED] - setText(findTestObject(orPath_AddressContact + "/input_phoneNumber"), "77038945000"): Text '77038945000' is set on object 'Object Repository/RAD_Pages/AddressAndContactInfo_Page/input_phoneNumber'

2021-10-20 00:56:49 - [MESSAGE][PASSED] - Text '77038945000' is set on object 'Object Repository/RAD_Pages/AddressAndContactInfo_Page/input_phoneNumber'

2021-10-20 00:56:49 - [TEST_STEP][PASSED] - setText(findTestObject(orPath_AddressContact + "/input_eMailAddress"), "iahmed@govolution.com"): Text 'iahmed@govolution.com' is set on object 'Object Repository/RAD_Pages/AddressAndContactInfo_Page/input_eMailAddress'

2021-10-20 00:56:50 - [MESSAGE][PASSED] - Text 'iahmed@govolution.com' is set on object 'Object Repository/RAD_Pages/AddressAndContactInfo_Page/input_eMailAddress'

2021-10-20 00:56:50 - [TEST_STEP][PASSED] - setText(findTestObject(orPath_AddressContact + "/input_reEnterEMailAddress"), "iahmed@govolution.com"): Text 'iahmed@govolution.com' is set on object 'Object Repository/RAD_Pages/AddressAndContactInfo_Page/input_reEnterEMailAddress'

2021-10-20 00:56:51 - [MESSAGE][PASSED] - Text 'iahmed@govolution.com' is set on object 'Object Repository/RAD_Pages/AddressAndContactInfo_Page/input_reEnterEMailAddress'

2021-10-20 00:56:51 - [TEST_STEP][PASSED] - setText(findTestObject(orPath_TaxInfo + "/input_TaxInfo_ExisitingSSN"), "111223333"): Text '111223333' is set on object 'Object Repository/RAD_Pages/TaxInfo_Page/input_TaxInfo_ExisitingSSN'

2021-10-20 00:56:52 - [MESSAGE][PASSED] - Text '111223333' is set on object 'Object Repository/RAD_Pages/TaxInfo_Page/input_TaxInfo_ExisitingSSN'

2021-10-20 00:56:52 - [TEST_STEP][PASSED] - setText(findTestObject(orPath_TaxInfo + "/input_TaxInfo_reTaxTypeExisitingSSN"), "111223333"): Text '111223333' is set on object 'Object Repository/RAD_Pages/TaxInfo_Page/input_TaxInfo_reTaxTypeExisitingSSN'

2021-10-20 00:56:53 - [MESSAGE][PASSED] - Text '111223333' is set on object 'Object Repository/RAD_Pages/TaxInfo_Page/input_TaxInfo_reTaxTypeExisitingSSN'

2021-10-20 00:56:53 - [TEST_STEP][PASSED] - scrollToElement(findTestObject(orPath_Amount + "/input__paymentAmount"), 3): Scroll to object 'Object Repository/RAD_Pages/PaymentAmount_Page/input__paymentAmount' successfully

2021-10-20 00:56:53 - [MESSAGE][PASSED] - Scroll to object 'Object Repository/RAD_Pages/PaymentAmount_Page/input__paymentAmount' successfully

2021-10-20 00:56:53 - [TEST_STEP][PASSED] - delay(3): Delayed 3 second(s)

2021-10-20 00:56:56 - [MESSAGE][PASSED] - Delayed 3 second(s)

2021-10-20 00:56:56 - [TEST_STEP][FAILED] - setText(findTestObject(orPath_TaxInfo + "/input_FEIN"), "123456"): Unable to set text '123456' of object 'Object Repository/RAD_Pages/TaxInfo_Page/input_FEIN' (Root cause: com.kms.katalon.core.exception.StepFailedException: Unable to set text '123456' of object 'Object Repository/RAD_Pages/TaxInfo_Page/input_FEIN'
	at com.kms.katalon.core.webui.keyword.internal.WebUIKeywordMain.stepFailed(WebUIKeywordMain.groovy:64)
	at com.kms.katalon.core.webui.keyword.internal.WebUIKeywordMain.runKeyword(WebUIKeywordMain.groovy:26)
	at com.kms.katalon.core.webui.keyword.builtin.SetTextKeyword.setText(SetTextKeyword.groovy:66)
	at com.kms.katalon.core.webui.keyword.builtin.SetTextKeyword.execute(SetTextKeyword.groovy:37)
	at com.kms.katalon.core.keyword.internal.KeywordExecutor.executeKeywordForPlatform(KeywordExecutor.groovy:73)
	at com.kms.katalon.core.webui.keyword.WebUiBuiltInKeywords.setText(WebUiBuiltInKeywords.groovy:980)
	at com.kms.katalon.core.webui.keyword.WebUiBuiltInKeywords$setText$3.call(Unknown Source)
	at Payments_ExistingLiability_HC_TC.run(Payments_ExistingLiability_HC_TC:130)
	at com.kms.katalon.core.main.ScriptEngine.run(ScriptEngine.java:194)
	at com.kms.katalon.core.main.ScriptEngine.runScriptAsRawText(ScriptEngine.java:119)
	at com.kms.katalon.core.main.TestCaseExecutor.runScript(TestCaseExecutor.java:369)
	at com.kms.katalon.core.main.TestCaseExecutor.doExecute(TestCaseExecutor.java:360)
	at com.kms.katalon.core.main.TestCaseExecutor.processExecutionPhase(TestCaseExecutor.java:339)
	at com.kms.katalon.core.main.TestCaseExecutor.accessMainPhase(TestCaseExecutor.java:331)
	at com.kms.katalon.core.main.TestCaseExecutor.execute(TestCaseExecutor.java:248)
	at com.kms.katalon.core.main.TestSuiteExecutor.accessTestCaseMainPhase(TestSuiteExecutor.java:191)
	at com.kms.katalon.core.main.TestSuiteExecutor.accessTestSuiteMainPhase(TestSuiteExecutor.java:140)
	at com.kms.katalon.core.main.TestSuiteExecutor.execute(TestSuiteExecutor.java:89)
	at com.kms.katalon.core.main.TestCaseMain.startTestSuite(TestCaseMain.java:185)
	at com.kms.katalon.core.main.TestCaseMain$startTestSuite$0.call(Unknown Source)
	at TempTestSuite1634705209531.run(TempTestSuite1634705209531.groovy:39)
Caused by: org.openqa.selenium.ElementNotInteractableException: element not interactable
  (Session info: chrome=94.0.4606.81)
Build info: version: '3.141.59', revision: 'e82be7d358', time: '2018-11-14T08:25:53'
System info: host: 'DESKTOP-B2QI6NS', ip: '172.30.2.167', os.name: 'Windows 10', os.arch: 'amd64', os.version: '10.0', java.version: '1.8.0_181'
Driver info: com.kms.katalon.selenium.driver.CChromeDriver
Capabilities {acceptInsecureCerts: true, browserName: chrome, browserVersion: 94.0.4606.81, chrome: {chromedriverVersion: 94.0.4606.61 (418b78f5838ed..., userDataDir: C:\Users\iahmed\AppData\Loc...}, goog:chromeOptions: {debuggerAddress: localhost:51344}, javascriptEnabled: true, networkConnectionEnabled: false, pageLoadStrategy: normal, platform: WINDOWS, platformName: WINDOWS, proxy: Proxy(), setWindowRect: true, strictFileInteractability: false, timeouts: {implicit: 0, pageLoad: 300000, script: 30000}, unhandledPromptBehavior: dismiss and notify, webauthn:extension:credBlob: true, webauthn:extension:largeBlob: true, webauthn:virtualAuthenticators: true}
Session ID: 5fd4cc92a390c4c07b868ef20bcddb8f
	at org.openqa.selenium.remote.http.W3CHttpResponseCodec.createException(W3CHttpResponseCodec.java:187)
	at org.openqa.selenium.remote.http.W3CHttpResponseCodec.decode(W3CHttpResponseCodec.java:122)
	at org.openqa.selenium.remote.http.W3CHttpResponseCodec.decode(W3CHttpResponseCodec.java:49)
	at org.openqa.selenium.remote.HttpCommandExecutor.execute(HttpCommandExecutor.java:158)
	at org.openqa.selenium.remote.service.DriverCommandExecutor.execute(DriverCommandExecutor.java:83)
	at org.openqa.selenium.remote.RemoteWebDriver.execute(RemoteWebDriver.java:552)
	at com.kms.katalon.selenium.driver.CChromeDriver.execute(CChromeDriver.java:19)
	at org.openqa.selenium.remote.RemoteWebElement.execute(RemoteWebElement.java:285)
	at org.openqa.selenium.remote.RemoteWebElement.clear(RemoteWebElement.java:124)
	at org.openqa.selenium.support.events.EventFiringWebDriver$EventFiringWebElement.lambda$new$0(EventFiringWebDriver.java:404)
	at com.sun.proxy.$Proxy11.clear(Unknown Source)
	at org.openqa.selenium.support.events.EventFiringWebDriver$EventFiringWebElement.clear(EventFiringWebDriver.java:436)
	at com.kms.katalon.core.webui.keyword.builtin.SetTextKeyword$_setText_closure1.doCall(SetTextKeyword.groovy:53)
	at com.kms.katalon.core.webui.keyword.builtin.SetTextKeyword$_setText_closure1.call(SetTextKeyword.groovy)
	at com.kms.katalon.core.webui.keyword.internal.WebUIKeywordMain.runKeyword(WebUIKeywordMain.groovy:20)
	at com.kms.katalon.core.webui.keyword.builtin.SetTextKeyword.setText(SetTextKeyword.groovy:66)
	at com.kms.katalon.core.webui.keyword.builtin.SetTextKeyword.execute(SetTextKeyword.groovy:37)
	at com.kms.katalon.core.keyword.internal.KeywordExecutor.executeKeywordForPlatform(KeywordExecutor.groovy:73)
	at com.kms.katalon.core.webui.keyword.WebUiBuiltInKeywords.setText(WebUiBuiltInKeywords.groovy:980)
	at com.kms.katalon.core.webui.keyword.WebUiBuiltInKeywords$setText$3.call(Unknown Source)
	at Script1634702981988.run(Script1634702981988.groovy:130)
	... 13 more
)

2021-10-20 00:56:57 - [MESSAGE][FAILED] - Unable to set text '123456' of object 'Object Repository/RAD_Pages/TaxInfo_Page/input_FEIN' (Root cause: com.kms.katalon.core.exception.StepFailedException: Unable to set text '123456' of object 'Object Repository/RAD_Pages/TaxInfo_Page/input_FEIN'
	at com.kms.katalon.core.webui.keyword.internal.WebUIKeywordMain.stepFailed(WebUIKeywordMain.groovy:64)
	at com.kms.katalon.core.webui.keyword.internal.WebUIKeywordMain.runKeyword(WebUIKeywordMain.groovy:26)
	at com.kms.katalon.core.webui.keyword.builtin.SetTextKeyword.setText(SetTextKeyword.groovy:66)
	at com.kms.katalon.core.webui.keyword.builtin.SetTextKeyword.execute(SetTextKeyword.groovy:37)
	at com.kms.katalon.core.keyword.internal.KeywordExecutor.executeKeywordForPlatform(KeywordExecutor.groovy:73)
	at com.kms.katalon.core.webui.keyword.WebUiBuiltInKeywords.setText(WebUiBuiltInKeywords.groovy:980)
	at com.kms.katalon.core.webui.keyword.WebUiBuiltInKeywords$setText$3.call(Unknown Source)
	at Payments_ExistingLiability_HC_TC.run(Payments_ExistingLiability_HC_TC:130)
	at com.kms.katalon.core.main.ScriptEngine.run(ScriptEngine.java:194)
	at com.kms.katalon.core.main.ScriptEngine.runScriptAsRawText(ScriptEngine.java:119)
	at com.kms.katalon.core.main.TestCaseExecutor.runScript(TestCaseExecutor.java:369)
	at com.kms.katalon.core.main.TestCaseExecutor.doExecute(TestCaseExecutor.java:360)
	at com.kms.katalon.core.main.TestCaseExecutor.processExecutionPhase(TestCaseExecutor.java:339)
	at com.kms.katalon.core.main.TestCaseExecutor.accessMainPhase(TestCaseExecutor.java:331)
	at com.kms.katalon.core.main.TestCaseExecutor.execute(TestCaseExecutor.java:248)
	at com.kms.katalon.core.main.TestSuiteExecutor.accessTestCaseMainPhase(TestSuiteExecutor.java:191)
	at com.kms.katalon.core.main.TestSuiteExecutor.accessTestSuiteMainPhase(TestSuiteExecutor.java:140)
	at com.kms.katalon.core.main.TestSuiteExecutor.execute(TestSuiteExecutor.java:89)
	at com.kms.katalon.core.main.TestCaseMain.startTestSuite(TestCaseMain.java:185)
	at com.kms.katalon.core.main.TestCaseMain$startTestSuite$0.call(Unknown Source)
	at TempTestSuite1634705209531.run(TempTestSuite1634705209531.groovy:39)
Caused by: org.openqa.selenium.ElementNotInteractableException: element not interactable
  (Session info: chrome=94.0.4606.81)
Build info: version: '3.141.59', revision: 'e82be7d358', time: '2018-11-14T08:25:53'
System info: host: 'DESKTOP-B2QI6NS', ip: '172.30.2.167', os.name: 'Windows 10', os.arch: 'amd64', os.version: '10.0', java.version: '1.8.0_181'
Driver info: com.kms.katalon.selenium.driver.CChromeDriver
Capabilities {acceptInsecureCerts: true, browserName: chrome, browserVersion: 94.0.4606.81, chrome: {chromedriverVersion: 94.0.4606.61 (418b78f5838ed..., userDataDir: C:\Users\iahmed\AppData\Loc...}, goog:chromeOptions: {debuggerAddress: localhost:51344}, javascriptEnabled: true, networkConnectionEnabled: false, pageLoadStrategy: normal, platform: WINDOWS, platformName: WINDOWS, proxy: Proxy(), setWindowRect: true, strictFileInteractability: false, timeouts: {implicit: 0, pageLoad: 300000, script: 30000}, unhandledPromptBehavior: dismiss and notify, webauthn:extension:credBlob: true, webauthn:extension:largeBlob: true, webauthn:virtualAuthenticators: true}
Session ID: 5fd4cc92a390c4c07b868ef20bcddb8f
	at org.openqa.selenium.remote.http.W3CHttpResponseCodec.createException(W3CHttpResponseCodec.java:187)
	at org.openqa.selenium.remote.http.W3CHttpResponseCodec.decode(W3CHttpResponseCodec.java:122)
	at org.openqa.selenium.remote.http.W3CHttpResponseCodec.decode(W3CHttpResponseCodec.java:49)
	at org.openqa.selenium.remote.HttpCommandExecutor.execute(HttpCommandExecutor.java:158)
	at org.openqa.selenium.remote.service.DriverCommandExecutor.execute(DriverCommandExecutor.java:83)
	at org.openqa.selenium.remote.RemoteWebDriver.execute(RemoteWebDriver.java:552)
	at com.kms.katalon.selenium.driver.CChromeDriver.execute(CChromeDriver.java:19)
	at org.openqa.selenium.remote.RemoteWebElement.execute(RemoteWebElement.java:285)
	at org.openqa.selenium.remote.RemoteWebElement.clear(RemoteWebElement.java:124)
	at org.openqa.selenium.support.events.EventFiringWebDriver$EventFiringWebElement.lambda$new$0(EventFiringWebDriver.java:404)
	at com.sun.proxy.$Proxy11.clear(Unknown Source)
	at org.openqa.selenium.support.events.EventFiringWebDriver$EventFiringWebElement.clear(EventFiringWebDriver.java:436)
	at com.kms.katalon.core.webui.keyword.builtin.SetTextKeyword$_setText_closure1.doCall(SetTextKeyword.groovy:53)
	at com.kms.katalon.core.webui.keyword.builtin.SetTextKeyword$_setText_closure1.call(SetTextKeyword.groovy)
	at com.kms.katalon.core.webui.keyword.internal.WebUIKeywordMain.runKeyword(WebUIKeywordMain.groovy:20)
	at com.kms.katalon.core.webui.keyword.builtin.SetTextKeyword.setText(SetTextKeyword.groovy:66)
	at com.kms.katalon.core.webui.keyword.builtin.SetTextKeyword.execute(SetTextKeyword.groovy:37)
	at com.kms.katalon.core.keyword.internal.KeywordExecutor.executeKeywordForPlatform(KeywordExecutor.groovy:73)
	at com.kms.katalon.core.webui.keyword.WebUiBuiltInKeywords.setText(WebUiBuiltInKeywords.groovy:980)
	at com.kms.katalon.core.webui.keyword.WebUiBuiltInKeywords$setText$3.call(Unknown Source)
	at Script1634702981988.run(Script1634702981988.groovy:130)
	... 13 more
)
[[ATTACHMENT|E:\\Cloned-Project-Katalon\\VPS-Katalon\\Reports\\20211020_004649\\RAD_TestSuite\\RAD_UI_TestSuite\\20211020_004649\\1634705816778.png]]

2021-10-20 00:56:57 - [TEST_STEP][FAILED] - setText(findTestObject(orPath_TaxInfo + "/input_ReTypeFEIN"), "123456"): Unable to set text '123456' of object 'Object Repository/RAD_Pages/TaxInfo_Page/input_ReTypeFEIN' (Root cause: com.kms.katalon.core.exception.StepFailedException: Unable to set text '123456' of object 'Object Repository/RAD_Pages/TaxInfo_Page/input_ReTypeFEIN'
	at com.kms.katalon.core.webui.keyword.internal.WebUIKeywordMain.stepFailed(WebUIKeywordMain.groovy:64)
	at com.kms.katalon.core.webui.keyword.internal.WebUIKeywordMain.runKeyword(WebUIKeywordMain.groovy:26)
	at com.kms.katalon.core.webui.keyword.builtin.SetTextKeyword.setText(SetTextKeyword.groovy:66)
	at com.kms.katalon.core.webui.keyword.builtin.SetTextKeyword.execute(SetTextKeyword.groovy:37)
	at com.kms.katalon.core.keyword.internal.KeywordExecutor.executeKeywordForPlatform(KeywordExecutor.groovy:73)
	at com.kms.katalon.core.webui.keyword.WebUiBuiltInKeywords.setText(WebUiBuiltInKeywords.groovy:980)
	at com.kms.katalon.core.webui.keyword.WebUiBuiltInKeywords$setText$3.call(Unknown Source)
	at Payments_ExistingLiability_HC_TC.run(Payments_ExistingLiability_HC_TC:131)
	at com.kms.katalon.core.main.ScriptEngine.run(ScriptEngine.java:194)
	at com.kms.katalon.core.main.ScriptEngine.runScriptAsRawText(ScriptEngine.java:119)
	at com.kms.katalon.core.main.TestCaseExecutor.runScript(TestCaseExecutor.java:369)
	at com.kms.katalon.core.main.TestCaseExecutor.doExecute(TestCaseExecutor.java:360)
	at com.kms.katalon.core.main.TestCaseExecutor.processExecutionPhase(TestCaseExecutor.java:339)
	at com.kms.katalon.core.main.TestCaseExecutor.accessMainPhase(TestCaseExecutor.java:331)
	at com.kms.katalon.core.main.TestCaseExecutor.execute(TestCaseExecutor.java:248)
	at com.kms.katalon.core.main.TestSuiteExecutor.accessTestCaseMainPhase(TestSuiteExecutor.java:191)
	at com.kms.katalon.core.main.TestSuiteExecutor.accessTestSuiteMainPhase(TestSuiteExecutor.java:140)
	at com.kms.katalon.core.main.TestSuiteExecutor.execute(TestSuiteExecutor.java:89)
	at com.kms.katalon.core.main.TestCaseMain.startTestSuite(TestCaseMain.java:185)
	at com.kms.katalon.core.main.TestCaseMain$startTestSuite$0.call(Unknown Source)
	at TempTestSuite1634705209531.run(TempTestSuite1634705209531.groovy:39)
Caused by: org.openqa.selenium.ElementNotInteractableException: element not interactable
  (Session info: chrome=94.0.4606.81)
Build info: version: '3.141.59', revision: 'e82be7d358', time: '2018-11-14T08:25:53'
System info: host: 'DESKTOP-B2QI6NS', ip: '172.30.2.167', os.name: 'Windows 10', os.arch: 'amd64', os.version: '10.0', java.version: '1.8.0_181'
Driver info: com.kms.katalon.selenium.driver.CChromeDriver
Capabilities {acceptInsecureCerts: true, browserName: chrome, browserVersion: 94.0.4606.81, chrome: {chromedriverVersion: 94.0.4606.61 (418b78f5838ed..., userDataDir: C:\Users\iahmed\AppData\Loc...}, goog:chromeOptions: {debuggerAddress: localhost:51344}, javascriptEnabled: true, networkConnectionEnabled: false, pageLoadStrategy: normal, platform: WINDOWS, platformName: WINDOWS, proxy: Proxy(), setWindowRect: true, strictFileInteractability: false, timeouts: {implicit: 0, pageLoad: 300000, script: 30000}, unhandledPromptBehavior: dismiss and notify, webauthn:extension:credBlob: true, webauthn:extension:largeBlob: true, webauthn:virtualAuthenticators: true}
Session ID: 5fd4cc92a390c4c07b868ef20bcddb8f
	at org.openqa.selenium.remote.http.W3CHttpResponseCodec.createException(W3CHttpResponseCodec.java:187)
	at org.openqa.selenium.remote.http.W3CHttpResponseCodec.decode(W3CHttpResponseCodec.java:122)
	at org.openqa.selenium.remote.http.W3CHttpResponseCodec.decode(W3CHttpResponseCodec.java:49)
	at org.openqa.selenium.remote.HttpCommandExecutor.execute(HttpCommandExecutor.java:158)
	at org.openqa.selenium.remote.service.DriverCommandExecutor.execute(DriverCommandExecutor.java:83)
	at org.openqa.selenium.remote.RemoteWebDriver.execute(RemoteWebDriver.java:552)
	at com.kms.katalon.selenium.driver.CChromeDriver.execute(CChromeDriver.java:19)
	at org.openqa.selenium.remote.RemoteWebElement.execute(RemoteWebElement.java:285)
	at org.openqa.selenium.remote.RemoteWebElement.clear(RemoteWebElement.java:124)
	at org.openqa.selenium.support.events.EventFiringWebDriver$EventFiringWebElement.lambda$new$0(EventFiringWebDriver.java:404)
	at com.sun.proxy.$Proxy11.clear(Unknown Source)
	at org.openqa.selenium.support.events.EventFiringWebDriver$EventFiringWebElement.clear(EventFiringWebDriver.java:436)
	at com.kms.katalon.core.webui.keyword.builtin.SetTextKeyword$_setText_closure1.doCall(SetTextKeyword.groovy:53)
	at com.kms.katalon.core.webui.keyword.builtin.SetTextKeyword$_setText_closure1.call(SetTextKeyword.groovy)
	at com.kms.katalon.core.webui.keyword.internal.WebUIKeywordMain.runKeyword(WebUIKeywordMain.groovy:20)
	at com.kms.katalon.core.webui.keyword.builtin.SetTextKeyword.setText(SetTextKeyword.groovy:66)
	at com.kms.katalon.core.webui.keyword.builtin.SetTextKeyword.execute(SetTextKeyword.groovy:37)
	at com.kms.katalon.core.keyword.internal.KeywordExecutor.executeKeywordForPlatform(KeywordExecutor.groovy:73)
	at com.kms.katalon.core.webui.keyword.WebUiBuiltInKeywords.setText(WebUiBuiltInKeywords.groovy:980)
	at com.kms.katalon.core.webui.keyword.WebUiBuiltInKeywords$setText$3.call(Unknown Source)
	at Script1634702981988.run(Script1634702981988.groovy:131)
	... 13 more
)

2021-10-20 00:56:57 - [MESSAGE][FAILED] - Unable to set text '123456' of object 'Object Repository/RAD_Pages/TaxInfo_Page/input_ReTypeFEIN' (Root cause: com.kms.katalon.core.exception.StepFailedException: Unable to set text '123456' of object 'Object Repository/RAD_Pages/TaxInfo_Page/input_ReTypeFEIN'
	at com.kms.katalon.core.webui.keyword.internal.WebUIKeywordMain.stepFailed(WebUIKeywordMain.groovy:64)
	at com.kms.katalon.core.webui.keyword.internal.WebUIKeywordMain.runKeyword(WebUIKeywordMain.groovy:26)
	at com.kms.katalon.core.webui.keyword.builtin.SetTextKeyword.setText(SetTextKeyword.groovy:66)
	at com.kms.katalon.core.webui.keyword.builtin.SetTextKeyword.execute(SetTextKeyword.groovy:37)
	at com.kms.katalon.core.keyword.internal.KeywordExecutor.executeKeywordForPlatform(KeywordExecutor.groovy:73)
	at com.kms.katalon.core.webui.keyword.WebUiBuiltInKeywords.setText(WebUiBuiltInKeywords.groovy:980)
	at com.kms.katalon.core.webui.keyword.WebUiBuiltInKeywords$setText$3.call(Unknown Source)
	at Payments_ExistingLiability_HC_TC.run(Payments_ExistingLiability_HC_TC:131)
	at com.kms.katalon.core.main.ScriptEngine.run(ScriptEngine.java:194)
	at com.kms.katalon.core.main.ScriptEngine.runScriptAsRawText(ScriptEngine.java:119)
	at com.kms.katalon.core.main.TestCaseExecutor.runScript(TestCaseExecutor.java:369)
	at com.kms.katalon.core.main.TestCaseExecutor.doExecute(TestCaseExecutor.java:360)
	at com.kms.katalon.core.main.TestCaseExecutor.processExecutionPhase(TestCaseExecutor.java:339)
	at com.kms.katalon.core.main.TestCaseExecutor.accessMainPhase(TestCaseExecutor.java:331)
	at com.kms.katalon.core.main.TestCaseExecutor.execute(TestCaseExecutor.java:248)
	at com.kms.katalon.core.main.TestSuiteExecutor.accessTestCaseMainPhase(TestSuiteExecutor.java:191)
	at com.kms.katalon.core.main.TestSuiteExecutor.accessTestSuiteMainPhase(TestSuiteExecutor.java:140)
	at com.kms.katalon.core.main.TestSuiteExecutor.execute(TestSuiteExecutor.java:89)
	at com.kms.katalon.core.main.TestCaseMain.startTestSuite(TestCaseMain.java:185)
	at com.kms.katalon.core.main.TestCaseMain$startTestSuite$0.call(Unknown Source)
	at TempTestSuite1634705209531.run(TempTestSuite1634705209531.groovy:39)
Caused by: org.openqa.selenium.ElementNotInteractableException: element not interactable
  (Session info: chrome=94.0.4606.81)
Build info: version: '3.141.59', revision: 'e82be7d358', time: '2018-11-14T08:25:53'
System info: host: 'DESKTOP-B2QI6NS', ip: '172.30.2.167', os.name: 'Windows 10', os.arch: 'amd64', os.version: '10.0', java.version: '1.8.0_181'
Driver info: com.kms.katalon.selenium.driver.CChromeDriver
Capabilities {acceptInsecureCerts: true, browserName: chrome, browserVersion: 94.0.4606.81, chrome: {chromedriverVersion: 94.0.4606.61 (418b78f5838ed..., userDataDir: C:\Users\iahmed\AppData\Loc...}, goog:chromeOptions: {debuggerAddress: localhost:51344}, javascriptEnabled: true, networkConnectionEnabled: false, pageLoadStrategy: normal, platform: WINDOWS, platformName: WINDOWS, proxy: Proxy(), setWindowRect: true, strictFileInteractability: false, timeouts: {implicit: 0, pageLoad: 300000, script: 30000}, unhandledPromptBehavior: dismiss and notify, webauthn:extension:credBlob: true, webauthn:extension:largeBlob: true, webauthn:virtualAuthenticators: true}
Session ID: 5fd4cc92a390c4c07b868ef20bcddb8f
	at org.openqa.selenium.remote.http.W3CHttpResponseCodec.createException(W3CHttpResponseCodec.java:187)
	at org.openqa.selenium.remote.http.W3CHttpResponseCodec.decode(W3CHttpResponseCodec.java:122)
	at org.openqa.selenium.remote.http.W3CHttpResponseCodec.decode(W3CHttpResponseCodec.java:49)
	at org.openqa.selenium.remote.HttpCommandExecutor.execute(HttpCommandExecutor.java:158)
	at org.openqa.selenium.remote.service.DriverCommandExecutor.execute(DriverCommandExecutor.java:83)
	at org.openqa.selenium.remote.RemoteWebDriver.execute(RemoteWebDriver.java:552)
	at com.kms.katalon.selenium.driver.CChromeDriver.execute(CChromeDriver.java:19)
	at org.openqa.selenium.remote.RemoteWebElement.execute(RemoteWebElement.java:285)
	at org.openqa.selenium.remote.RemoteWebElement.clear(RemoteWebElement.java:124)
	at org.openqa.selenium.support.events.EventFiringWebDriver$EventFiringWebElement.lambda$new$0(EventFiringWebDriver.java:404)
	at com.sun.proxy.$Proxy11.clear(Unknown Source)
	at org.openqa.selenium.support.events.EventFiringWebDriver$EventFiringWebElement.clear(EventFiringWebDriver.java:436)
	at com.kms.katalon.core.webui.keyword.builtin.SetTextKeyword$_setText_closure1.doCall(SetTextKeyword.groovy:53)
	at com.kms.katalon.core.webui.keyword.builtin.SetTextKeyword$_setText_closure1.call(SetTextKeyword.groovy)
	at com.kms.katalon.core.webui.keyword.internal.WebUIKeywordMain.runKeyword(WebUIKeywordMain.groovy:20)
	at com.kms.katalon.core.webui.keyword.builtin.SetTextKeyword.setText(SetTextKeyword.groovy:66)
	at com.kms.katalon.core.webui.keyword.builtin.SetTextKeyword.execute(SetTextKeyword.groovy:37)
	at com.kms.katalon.core.keyword.internal.KeywordExecutor.executeKeywordForPlatform(KeywordExecutor.groovy:73)
	at com.kms.katalon.core.webui.keyword.WebUiBuiltInKeywords.setText(WebUiBuiltInKeywords.groovy:980)
	at com.kms.katalon.core.webui.keyword.WebUiBuiltInKeywords$setText$3.call(Unknown Source)
	at Script1634702981988.run(Script1634702981988.groovy:131)
	... 13 more
)
[[ATTACHMENT|E:\\Cloned-Project-Katalon\\VPS-Katalon\\Reports\\20211020_004649\\RAD_TestSuite\\RAD_UI_TestSuite\\20211020_004649\\1634705817370.png]]

2021-10-20 00:56:57 - [TEST_STEP][PASSED] - setText(findTestObject(orPath_TaxInfo + "/input_NoticeInvoiceNumber"), "965896"): Text '965896' is set on object 'Object Repository/RAD_Pages/TaxInfo_Page/input_NoticeInvoiceNumber'

2021-10-20 00:56:58 - [MESSAGE][PASSED] - Text '965896' is set on object 'Object Repository/RAD_Pages/TaxInfo_Page/input_NoticeInvoiceNumber'

2021-10-20 00:56:58 - [TEST_STEP][PASSED] - setText(findTestObject(orPath_TaxInfo + "/input_reTypeNoticeInvoiceNumber"), "965896"): Text '965896' is set on object 'Object Repository/RAD_Pages/TaxInfo_Page/input_reTypeNoticeInvoiceNumber'

2021-10-20 00:56:59 - [MESSAGE][PASSED] - Text '965896' is set on object 'Object Repository/RAD_Pages/TaxInfo_Page/input_reTypeNoticeInvoiceNumber'

2021-10-20 00:56:59 - [TEST_STEP][PASSED] - setText(findTestObject(orPath_Amount + "/input__paymentAmount"), Amount): Text '30.50' is set on object 'Object Repository/RAD_Pages/PaymentAmount_Page/input__paymentAmount'

2021-10-20 00:56:59 - [MESSAGE][PASSED] - Text '30.50' is set on object 'Object Repository/RAD_Pages/PaymentAmount_Page/input__paymentAmount'

2021-10-20 00:56:59 - [TEST_STEP][PASSED] - scrollToElement(findTestObject(orPath_Landing + "/button_Continue"), 3): Scroll to object 'Object Repository/RAD_Pages/Landing_Page/button_Continue' successfully

2021-10-20 00:57:00 - [MESSAGE][PASSED] - Scroll to object 'Object Repository/RAD_Pages/Landing_Page/button_Continue' successfully

2021-10-20 00:57:00 - [TEST_STEP][PASSED] - waitForElementClickable(findTestObject(orPath_Landing + "/button_Continue"), 5): Object 'Object Repository/RAD_Pages/Landing_Page/button_Continue' is clickable

2021-10-20 00:57:00 - [MESSAGE][PASSED] - Object 'Object Repository/RAD_Pages/Landing_Page/button_Continue' is clickable

2021-10-20 00:57:00 - [TEST_STEP][PASSED] - click(findTestObject(orPath_Landing + "/button_Continue")): Object: 'Object Repository/RAD_Pages/Landing_Page/button_Continue' is clicked on

2021-10-20 00:57:00 - [MESSAGE][PASSED] - Object: 'Object Repository/RAD_Pages/Landing_Page/button_Continue' is clicked on

2021-10-20 00:57:00 - [TEST_STEP][PASSED] - verifyTextPresent("Review the information below and make any necessary corrections by clicking the", true): Text 'Review the information below and make any necessary corrections by clicking the' is present on page  using regular expression

2021-10-20 00:57:01 - [MESSAGE][PASSED] - Text 'Review the information below and make any necessary corrections by clicking the' is present on page  using regular expression

2021-10-20 00:57:01 - [TEST_STEP][PASSED] - verifyTextPresent("When you are confident that all the information is correct", true): Text 'When you are confident that all the information is correct' is present on page  using regular expression

2021-10-20 00:57:01 - [MESSAGE][PASSED] - Text 'When you are confident that all the information is correct' is present on page  using regular expression

2021-10-20 00:57:01 - [TEST_STEP][PASSED] - scrollToElement(findTestObject(orPath_Summary + "/button_Continue_Summary"), 3): Scroll to object 'Object Repository/RAD_Pages/Summary_Page/button_Continue_Summary' successfully

2021-10-20 00:57:02 - [MESSAGE][PASSED] - Scroll to object 'Object Repository/RAD_Pages/Summary_Page/button_Continue_Summary' successfully

2021-10-20 00:57:02 - [TEST_STEP][PASSED] - waitForElementClickable(findTestObject(orPath_Summary + "/button_Continue_Summary"), 5): Object 'Object Repository/RAD_Pages/Summary_Page/button_Continue_Summary' is clickable

2021-10-20 00:57:02 - [MESSAGE][PASSED] - Object 'Object Repository/RAD_Pages/Summary_Page/button_Continue_Summary' is clickable

2021-10-20 00:57:02 - [TEST_STEP][PASSED] - delay(3): Delayed 3 second(s)

2021-10-20 00:57:05 - [MESSAGE][PASSED] - Delayed 3 second(s)

2021-10-20 00:57:05 - [TEST_STEP][PASSED] - click(findTestObject(orPath_Summary + "/button_Continue_Summary")): Object: 'Object Repository/RAD_Pages/Summary_Page/button_Continue_Summary' is clicked on

2021-10-20 00:57:05 - [MESSAGE][PASSED] - Object: 'Object Repository/RAD_Pages/Summary_Page/button_Continue_Summary' is clicked on

2021-10-20 00:57:05 - [TEST_STEP][PASSED] - delay(3): Delayed 3 second(s)

2021-10-20 00:57:08 - [MESSAGE][PASSED] - Delayed 3 second(s)

2021-10-20 00:57:08 - [TEST_STEP][PASSED] - click(findTestObject(orPath_PaymentReady + "/button_ProceedtoPayment")): Object: 'Object Repository/RAD_Pages/PaymentReady_Page/button_ProceedtoPayment' is clicked on

2021-10-20 00:57:10 - [MESSAGE][PASSED] - Object: 'Object Repository/RAD_Pages/PaymentReady_Page/button_ProceedtoPayment' is clicked on

2021-10-20 00:57:10 - [TEST_STEP][PASSED] - setText(findTestObject(orPath_PaymentEntry + "/input__cardNumber"), CCNumber): Text '4012000098765439' is set on object 'Object Repository/RAD_Pages/PaymentEntry_Page/input__cardNumber'

2021-10-20 00:57:11 - [MESSAGE][PASSED] - Text '4012000098765439' is set on object 'Object Repository/RAD_Pages/PaymentEntry_Page/input__cardNumber'

2021-10-20 00:57:11 - [TEST_STEP][PASSED] - setText(findTestObject(orPath_PaymentEntry + "/input__spc"), CVV): Text '123' is set on object 'Object Repository/RAD_Pages/PaymentEntry_Page/input__spc'

2021-10-20 00:57:12 - [MESSAGE][PASSED] - Text '123' is set on object 'Object Repository/RAD_Pages/PaymentEntry_Page/input__spc'

2021-10-20 00:57:12 - [TEST_STEP][PASSED] - selectOptionByLabel(findTestObject(orPath_PaymentEntry + "/select_MM"), "12", false): All options with label '12' are selected in object 'Object Repository/RAD_Pages/PaymentEntry_Page/select_MM' 

2021-10-20 00:57:12 - [MESSAGE][PASSED] - All options with label '12' are selected in object 'Object Repository/RAD_Pages/PaymentEntry_Page/select_MM' 

2021-10-20 00:57:12 - [TEST_STEP][PASSED] - selectOptionByLabel(findTestObject(orPath_PaymentEntry + "/select_YYYY"), "2023", false): All options with label '2023' are selected in object 'Object Repository/RAD_Pages/PaymentEntry_Page/select_YYYY' 

2021-10-20 00:57:13 - [MESSAGE][PASSED] - All options with label '2023' are selected in object 'Object Repository/RAD_Pages/PaymentEntry_Page/select_YYYY' 

2021-10-20 00:57:13 - [TEST_STEP][PASSED] - click(findTestObject(orPath_PaymentEntry + "/input_Field_ccSubmit")): Object: 'Object Repository/RAD_Pages/PaymentEntry_Page/input_Field_ccSubmit' is clicked on

2021-10-20 00:57:14 - [MESSAGE][PASSED] - Object: 'Object Repository/RAD_Pages/PaymentEntry_Page/input_Field_ccSubmit' is clicked on

2021-10-20 00:57:14 - [TEST_STEP][PASSED] - click(findTestObject(orPath_PaymentConfirmation + "/input_N_confirmNotifyAction")): Object: 'Object Repository/RAD_Pages/PaymentConfirmation_Page/input_N_confirmNotifyAction' is clicked on

2021-10-20 00:57:15 - [MESSAGE][PASSED] - Object: 'Object Repository/RAD_Pages/PaymentConfirmation_Page/input_N_confirmNotifyAction' is clicked on

2021-10-20 00:57:15 - [TEST_STEP][PASSED] - click(findTestObject(orPath_ServiceFeesAccept + "/input_convFeeNotifyAction")): Object: 'Object Repository/RAD_Pages/ServiceFeeAccept_Page/input_convFeeNotifyAction' is clicked on

2021-10-20 00:57:17 - [MESSAGE][PASSED] - Object: 'Object Repository/RAD_Pages/ServiceFeeAccept_Page/input_convFeeNotifyAction' is clicked on

2021-10-20 00:57:17 - [TEST_STEP][PASSED] - delay(10): Delayed 10 second(s)

2021-10-20 00:57:27 - [MESSAGE][PASSED] - Delayed 10 second(s)

2021-10-20 00:57:27 - [TEST_STEP][PASSED] - verifyTextPresent("Successful Payment Receipt", true): Text 'Successful Payment Receipt' is present on page  using regular expression

2021-10-20 00:57:27 - [MESSAGE][PASSED] - Text 'Successful Payment Receipt' is present on page  using regular expression

2021-10-20 00:57:27 - [TEST_STEP][PASSED] - if (verifyTextPresent("Successful Payment Receipt", true)): null

2021-10-20 00:57:28 - [MESSAGE][PASSED] - Text 'Successful Payment Receipt' is present on page  using regular expression

2021-10-20 00:57:28 - [TEST_STEP][PASSED] - println("Transaction was Successful"): null

2021-10-20 00:57:28 - [TEST_STEP][PASSED] - out.println("Pass Record Number: " + row): null

2021-10-20 00:57:28 - [TEST_STEP][PASSED] - resText = "Pass": null

2021-10-20 00:57:28 - [TEST_STEP][PASSED] - pages.WriteExcel.demoKey(resText, datText, resColumn, datCloumn, fileLoc, nameSheet, row): pages.WriteExcel.demoKey is PASSED

2021-10-20 00:57:28 - [MESSAGE][PASSED] - pages.WriteExcel.demoKey is PASSED]]></system-out>
         <system-err><![CDATA[2021-10-20 00:46:53 - [TEST_CASE][FAILED] - Test Cases/RAD_TestCases/PaymentsHardCoded/Payments_ExistingLiability_HC_TC: Test Cases/RAD_TestCases/PaymentsHardCoded/Payments_ExistingLiability_HC_TC FAILED.
Reason:
com.kms.katalon.core.exception.StepFailedException: Unable to set text '123456' of object 'Object Repository/RAD_Pages/TaxInfo_Page/input_FEIN' (Root cause: com.kms.katalon.core.exception.StepFailedException: Unable to set text '123456' of object 'Object Repository/RAD_Pages/TaxInfo_Page/input_FEIN'
	at com.kms.katalon.core.webui.keyword.internal.WebUIKeywordMain.stepFailed(WebUIKeywordMain.groovy:64)
	at com.kms.katalon.core.webui.keyword.internal.WebUIKeywordMain.runKeyword(WebUIKeywordMain.groovy:26)
	at com.kms.katalon.core.webui.keyword.builtin.SetTextKeyword.setText(SetTextKeyword.groovy:66)
	at com.kms.katalon.core.webui.keyword.builtin.SetTextKeyword.execute(SetTextKeyword.groovy:37)
	at com.kms.katalon.core.keyword.internal.KeywordExecutor.executeKeywordForPlatform(KeywordExecutor.groovy:73)
	at com.kms.katalon.core.webui.keyword.WebUiBuiltInKeywords.setText(WebUiBuiltInKeywords.groovy:980)
	at com.kms.katalon.core.webui.keyword.WebUiBuiltInKeywords$setText$3.call(Unknown Source)
	at Payments_ExistingLiability_HC_TC.run(Payments_ExistingLiability_HC_TC:130)
	at com.kms.katalon.core.main.ScriptEngine.run(ScriptEngine.java:194)
	at com.kms.katalon.core.main.ScriptEngine.runScriptAsRawText(ScriptEngine.java:119)
	at com.kms.katalon.core.main.TestCaseExecutor.runScript(TestCaseExecutor.java:369)
	at com.kms.katalon.core.main.TestCaseExecutor.doExecute(TestCaseExecutor.java:360)
	at com.kms.katalon.core.main.TestCaseExecutor.processExecutionPhase(TestCaseExecutor.java:339)
	at com.kms.katalon.core.main.TestCaseExecutor.accessMainPhase(TestCaseExecutor.java:331)
	at com.kms.katalon.core.main.TestCaseExecutor.execute(TestCaseExecutor.java:248)
	at com.kms.katalon.core.main.TestSuiteExecutor.accessTestCaseMainPhase(TestSuiteExecutor.java:191)
	at com.kms.katalon.core.main.TestSuiteExecutor.accessTestSuiteMainPhase(TestSuiteExecutor.java:140)
	at com.kms.katalon.core.main.TestSuiteExecutor.execute(TestSuiteExecutor.java:89)
	at com.kms.katalon.core.main.TestCaseMain.startTestSuite(TestCaseMain.java:185)
	at com.kms.katalon.core.main.TestCaseMain$startTestSuite$0.call(Unknown Source)
	at TempTestSuite1634705209531.run(TempTestSuite1634705209531.groovy:39)
Caused by: org.openqa.selenium.ElementNotInteractableException: element not interactable
  (Session info: chrome=94.0.4606.81)
Build info: version: '3.141.59', revision: 'e82be7d358', time: '2018-11-14T08:25:53'
System info: host: 'DESKTOP-B2QI6NS', ip: '172.30.2.167', os.name: 'Windows 10', os.arch: 'amd64', os.version: '10.0', java.version: '1.8.0_181'
Driver info: com.kms.katalon.selenium.driver.CChromeDriver
Capabilities {acceptInsecureCerts: true, browserName: chrome, browserVersion: 94.0.4606.81, chrome: {chromedriverVersion: 94.0.4606.61 (418b78f5838ed..., userDataDir: C:\Users\iahmed\AppData\Loc...}, goog:chromeOptions: {debuggerAddress: localhost:63836}, javascriptEnabled: true, networkConnectionEnabled: false, pageLoadStrategy: normal, platform: WINDOWS, platformName: WINDOWS, proxy: Proxy(), setWindowRect: true, strictFileInteractability: false, timeouts: {implicit: 0, pageLoad: 300000, script: 30000}, unhandledPromptBehavior: dismiss and notify, webauthn:extension:credBlob: true, webauthn:extension:largeBlob: true, webauthn:virtualAuthenticators: true}
Session ID: 74c7827371a4abdd6418632c3f9b0243
	at org.openqa.selenium.remote.http.W3CHttpResponseCodec.createException(W3CHttpResponseCodec.java:187)
	at org.openqa.selenium.remote.http.W3CHttpResponseCodec.decode(W3CHttpResponseCodec.java:122)
	at org.openqa.selenium.remote.http.W3CHttpResponseCodec.decode(W3CHttpResponseCodec.java:49)
	at org.openqa.selenium.remote.HttpCommandExecutor.execute(HttpCommandExecutor.java:158)
	at org.openqa.selenium.remote.service.DriverCommandExecutor.execute(DriverCommandExecutor.java:83)
	at org.openqa.selenium.remote.RemoteWebDriver.execute(RemoteWebDriver.java:552)
	at com.kms.katalon.selenium.driver.CChromeDriver.execute(CChromeDriver.java:19)
	at org.openqa.selenium.remote.RemoteWebElement.execute(RemoteWebElement.java:285)
	at org.openqa.selenium.remote.RemoteWebElement.clear(RemoteWebElement.java:124)
	at org.openqa.selenium.support.events.EventFiringWebDriver$EventFiringWebElement.lambda$new$0(EventFiringWebDriver.java:404)
	at com.sun.proxy.$Proxy11.clear(Unknown Source)
	at org.openqa.selenium.support.events.EventFiringWebDriver$EventFiringWebElement.clear(EventFiringWebDriver.java:436)
	at com.kms.katalon.core.webui.keyword.builtin.SetTextKeyword$_setText_closure1.doCall(SetTextKeyword.groovy:53)
	at com.kms.katalon.core.webui.keyword.builtin.SetTextKeyword$_setText_closure1.call(SetTextKeyword.groovy)
	at com.kms.katalon.core.webui.keyword.internal.WebUIKeywordMain.runKeyword(WebUIKeywordMain.groovy:20)
	at com.kms.katalon.core.webui.keyword.builtin.SetTextKeyword.setText(SetTextKeyword.groovy:66)
	at com.kms.katalon.core.webui.keyword.builtin.SetTextKeyword.execute(SetTextKeyword.groovy:37)
	at com.kms.katalon.core.keyword.internal.KeywordExecutor.executeKeywordForPlatform(KeywordExecutor.groovy:73)
	at com.kms.katalon.core.webui.keyword.WebUiBuiltInKeywords.setText(WebUiBuiltInKeywords.groovy:980)
	at com.kms.katalon.core.webui.keyword.WebUiBuiltInKeywords$setText$3.call(Unknown Source)
	at Script1634702981988.run(Script1634702981988.groovy:130)
	... 13 more
)
	at com.kms.katalon.core.keyword.internal.KeywordMain.stepFailed(KeywordMain.groovy:39)
	at com.kms.katalon.core.webui.keyword.internal.WebUIKeywordMain.stepFailed(WebUIKeywordMain.groovy:64)
	at com.kms.katalon.core.webui.keyword.internal.WebUIKeywordMain.runKeyword(WebUIKeywordMain.groovy:26)
	at com.kms.katalon.core.webui.keyword.builtin.SetTextKeyword.setText(SetTextKeyword.groovy:66)
	at com.kms.katalon.core.webui.keyword.builtin.SetTextKeyword.execute(SetTextKeyword.groovy:37)
	at com.kms.katalon.core.keyword.internal.KeywordExecutor.executeKeywordForPlatform(KeywordExecutor.groovy:73)
	at com.kms.katalon.core.webui.keyword.WebUiBuiltInKeywords.setText(WebUiBuiltInKeywords.groovy:980)
	at com.kms.katalon.core.webui.keyword.WebUiBuiltInKeywords$setText$3.call(Unknown Source)
	at Payments_ExistingLiability_HC_TC.run(Payments_ExistingLiability_HC_TC:130)
	at com.kms.katalon.core.main.ScriptEngine.run(ScriptEngine.java:194)
	at com.kms.katalon.core.main.ScriptEngine.runScriptAsRawText(ScriptEngine.java:119)
	at com.kms.katalon.core.main.TestCaseExecutor.runScript(TestCaseExecutor.java:369)
	at com.kms.katalon.core.main.TestCaseExecutor.doExecute(TestCaseExecutor.java:360)
	at com.kms.katalon.core.main.TestCaseExecutor.processExecutionPhase(TestCaseExecutor.java:339)
	at com.kms.katalon.core.main.TestCaseExecutor.accessMainPhase(TestCaseExecutor.java:331)
	at com.kms.katalon.core.main.TestCaseExecutor.execute(TestCaseExecutor.java:248)
	at com.kms.katalon.core.main.TestSuiteExecutor.accessTestCaseMainPhase(TestSuiteExecutor.java:191)
	at com.kms.katalon.core.main.TestSuiteExecutor.accessTestSuiteMainPhase(TestSuiteExecutor.java:140)
	at com.kms.katalon.core.main.TestSuiteExecutor.execute(TestSuiteExecutor.java:89)
	at com.kms.katalon.core.main.TestCaseMain.startTestSuite(TestCaseMain.java:185)
	at com.kms.katalon.core.main.TestCaseMain$startTestSuite$0.call(Unknown Source)
	at TempTestSuite1634705209531.run(TempTestSuite1634705209531.groovy:39)
Caused by: com.kms.katalon.core.exception.StepFailedException: Unable to set text '123456' of object 'Object Repository/RAD_Pages/TaxInfo_Page/input_FEIN'
	... 21 more
Caused by: org.openqa.selenium.ElementNotInteractableException: element not interactable
  (Session info: chrome=94.0.4606.81)
Build info: version: '3.141.59', revision: 'e82be7d358', time: '2018-11-14T08:25:53'
System info: host: 'DESKTOP-B2QI6NS', ip: '172.30.2.167', os.name: 'Windows 10', os.arch: 'amd64', os.version: '10.0', java.version: '1.8.0_181'
Driver info: com.kms.katalon.selenium.driver.CChromeDriver
Capabilities {acceptInsecureCerts: true, browserName: chrome, browserVersion: 94.0.4606.81, chrome: {chromedriverVersion: 94.0.4606.61 (418b78f5838ed..., userDataDir: C:\Users\iahmed\AppData\Loc...}, goog:chromeOptions: {debuggerAddress: localhost:63836}, javascriptEnabled: true, networkConnectionEnabled: false, pageLoadStrategy: normal, platform: WINDOWS, platformName: WINDOWS, proxy: Proxy(), setWindowRect: true, strictFileInteractability: false, timeouts: {implicit: 0, pageLoad: 300000, script: 30000}, unhandledPromptBehavior: dismiss and notify, webauthn:extension:credBlob: true, webauthn:extension:largeBlob: true, webauthn:virtualAuthenticators: true}
Session ID: 74c7827371a4abdd6418632c3f9b0243
	at org.openqa.selenium.remote.http.W3CHttpResponseCodec.createException(W3CHttpResponseCodec.java:187)
	at org.openqa.selenium.remote.http.W3CHttpResponseCodec.decode(W3CHttpResponseCodec.java:122)
	at org.openqa.selenium.remote.http.W3CHttpResponseCodec.decode(W3CHttpResponseCodec.java:49)
	at org.openqa.selenium.remote.HttpCommandExecutor.execute(HttpCommandExecutor.java:158)
	at org.openqa.selenium.remote.service.DriverCommandExecutor.execute(DriverCommandExecutor.java:83)
	at org.openqa.selenium.remote.RemoteWebDriver.execute(RemoteWebDriver.java:552)
	at com.kms.katalon.selenium.driver.CChromeDriver.execute(CChromeDriver.java:19)
	at org.openqa.selenium.remote.RemoteWebElement.execute(RemoteWebElement.java:285)
	at org.openqa.selenium.remote.RemoteWebElement.clear(RemoteWebElement.java:124)
	at org.openqa.selenium.support.events.EventFiringWebDriver$EventFiringWebElement.lambda$new$0(EventFiringWebDriver.java:404)
	at com.sun.proxy.$Proxy11.clear(Unknown Source)
	at org.openqa.selenium.support.events.EventFiringWebDriver$EventFiringWebElement.clear(EventFiringWebDriver.java:436)
	at com.kms.katalon.core.webui.keyword.builtin.SetTextKeyword$_setText_closure1.doCall(SetTextKeyword.groovy:53)
	at com.kms.katalon.core.webui.keyword.builtin.SetTextKeyword$_setText_closure1.call(SetTextKeyword.groovy)
	at com.kms.katalon.core.webui.keyword.internal.WebUIKeywordMain.runKeyword(WebUIKeywordMain.groovy:20)
	... 19 more]]></system-err>
      </testcase>
      <system-out><![CDATA[2021-10-20 00:46:52 - [TEST_SUITE][FAILED] - RAD_UI_TestSuite: Test Cases/RAD_TestCases/PaymentsHardCoded/Payments_ExistingLiability_HC_TC FAILED.
Reason:
com.kms.katalon.core.exception.StepFailedException: Unable to set text '123456' of object 'Object Repository/RAD_Pages/TaxInfo_Page/input_FEIN' (Root cause: com.kms.katalon.core.exception.StepFailedException: Unable to set text '123456' of object 'Object Repository/RAD_Pages/TaxInfo_Page/input_FEIN'
	at com.kms.katalon.core.webui.keyword.internal.WebUIKeywordMain.stepFailed(WebUIKeywordMain.groovy:64)
	at com.kms.katalon.core.webui.keyword.internal.WebUIKeywordMain.runKeyword(WebUIKeywordMain.groovy:26)
	at com.kms.katalon.core.webui.keyword.builtin.SetTextKeyword.setText(SetTextKeyword.groovy:66)
	at com.kms.katalon.core.webui.keyword.builtin.SetTextKeyword.execute(SetTextKeyword.groovy:37)
	at com.kms.katalon.core.keyword.internal.KeywordExecutor.executeKeywordForPlatform(KeywordExecutor.groovy:73)
	at com.kms.katalon.core.webui.keyword.WebUiBuiltInKeywords.setText(WebUiBuiltInKeywords.groovy:980)
	at com.kms.katalon.core.webui.keyword.WebUiBuiltInKeywords$setText$3.call(Unknown Source)
	at Payments_ExistingLiability_HC_TC.run(Payments_ExistingLiability_HC_TC:130)
	at com.kms.katalon.core.main.ScriptEngine.run(ScriptEngine.java:194)
	at com.kms.katalon.core.main.ScriptEngine.runScriptAsRawText(ScriptEngine.java:119)
	at com.kms.katalon.core.main.TestCaseExecutor.runScript(TestCaseExecutor.java:369)
	at com.kms.katalon.core.main.TestCaseExecutor.doExecute(TestCaseExecutor.java:360)
	at com.kms.katalon.core.main.TestCaseExecutor.processExecutionPhase(TestCaseExecutor.java:339)
	at com.kms.katalon.core.main.TestCaseExecutor.accessMainPhase(TestCaseExecutor.java:331)
	at com.kms.katalon.core.main.TestCaseExecutor.execute(TestCaseExecutor.java:248)
	at com.kms.katalon.core.main.TestSuiteExecutor.accessTestCaseMainPhase(TestSuiteExecutor.java:191)
	at com.kms.katalon.core.main.TestSuiteExecutor.accessTestSuiteMainPhase(TestSuiteExecutor.java:140)
	at com.kms.katalon.core.main.TestSuiteExecutor.execute(TestSuiteExecutor.java:89)
	at com.kms.katalon.core.main.TestCaseMain.startTestSuite(TestCaseMain.java:185)
	at com.kms.katalon.core.main.TestCaseMain$startTestSuite$0.call(Unknown Source)
	at TempTestSuite1634705209531.run(TempTestSuite1634705209531.groovy:39)
Caused by: org.openqa.selenium.ElementNotInteractableException: element not interactable
  (Session info: chrome=94.0.4606.81)
Build info: version: '3.141.59', revision: 'e82be7d358', time: '2018-11-14T08:25:53'
System info: host: 'DESKTOP-B2QI6NS', ip: '172.30.2.167', os.name: 'Windows 10', os.arch: 'amd64', os.version: '10.0', java.version: '1.8.0_181'
Driver info: com.kms.katalon.selenium.driver.CChromeDriver
Capabilities {acceptInsecureCerts: true, browserName: chrome, browserVersion: 94.0.4606.81, chrome: {chromedriverVersion: 94.0.4606.61 (418b78f5838ed..., userDataDir: C:\Users\iahmed\AppData\Loc...}, goog:chromeOptions: {debuggerAddress: localhost:63836}, javascriptEnabled: true, networkConnectionEnabled: false, pageLoadStrategy: normal, platform: WINDOWS, platformName: WINDOWS, proxy: Proxy(), setWindowRect: true, strictFileInteractability: false, timeouts: {implicit: 0, pageLoad: 300000, script: 30000}, unhandledPromptBehavior: dismiss and notify, webauthn:extension:credBlob: true, webauthn:extension:largeBlob: true, webauthn:virtualAuthenticators: true}
Session ID: 74c7827371a4abdd6418632c3f9b0243
	at org.openqa.selenium.remote.http.W3CHttpResponseCodec.createException(W3CHttpResponseCodec.java:187)
	at org.openqa.selenium.remote.http.W3CHttpResponseCodec.decode(W3CHttpResponseCodec.java:122)
	at org.openqa.selenium.remote.http.W3CHttpResponseCodec.decode(W3CHttpResponseCodec.java:49)
	at org.openqa.selenium.remote.HttpCommandExecutor.execute(HttpCommandExecutor.java:158)
	at org.openqa.selenium.remote.service.DriverCommandExecutor.execute(DriverCommandExecutor.java:83)
	at org.openqa.selenium.remote.RemoteWebDriver.execute(RemoteWebDriver.java:552)
	at com.kms.katalon.selenium.driver.CChromeDriver.execute(CChromeDriver.java:19)
	at org.openqa.selenium.remote.RemoteWebElement.execute(RemoteWebElement.java:285)
	at org.openqa.selenium.remote.RemoteWebElement.clear(RemoteWebElement.java:124)
	at org.openqa.selenium.support.events.EventFiringWebDriver$EventFiringWebElement.lambda$new$0(EventFiringWebDriver.java:404)
	at com.sun.proxy.$Proxy11.clear(Unknown Source)
	at org.openqa.selenium.support.events.EventFiringWebDriver$EventFiringWebElement.clear(EventFiringWebDriver.java:436)
	at com.kms.katalon.core.webui.keyword.builtin.SetTextKeyword$_setText_closure1.doCall(SetTextKeyword.groovy:53)
	at com.kms.katalon.core.webui.keyword.builtin.SetTextKeyword$_setText_closure1.call(SetTextKeyword.groovy)
	at com.kms.katalon.core.webui.keyword.internal.WebUIKeywordMain.runKeyword(WebUIKeywordMain.groovy:20)
	at com.kms.katalon.core.webui.keyword.builtin.SetTextKeyword.setText(SetTextKeyword.groovy:66)
	at com.kms.katalon.core.webui.keyword.builtin.SetTextKeyword.execute(SetTextKeyword.groovy:37)
	at com.kms.katalon.core.keyword.internal.KeywordExecutor.executeKeywordForPlatform(KeywordExecutor.groovy:73)
	at com.kms.katalon.core.webui.keyword.WebUiBuiltInKeywords.setText(WebUiBuiltInKeywords.groovy:980)
	at com.kms.katalon.core.webui.keyword.WebUiBuiltInKeywords$setText$3.call(Unknown Source)
	at Script1634702981988.run(Script1634702981988.groovy:130)
	... 13 more
)
	at com.kms.katalon.core.keyword.internal.KeywordMain.stepFailed(KeywordMain.groovy:39)
	at com.kms.katalon.core.webui.keyword.internal.WebUIKeywordMain.stepFailed(WebUIKeywordMain.groovy:64)
	at com.kms.katalon.core.webui.keyword.internal.WebUIKeywordMain.runKeyword(WebUIKeywordMain.groovy:26)
	at com.kms.katalon.core.webui.keyword.builtin.SetTextKeyword.setText(SetTextKeyword.groovy:66)
	at com.kms.katalon.core.webui.keyword.builtin.SetTextKeyword.execute(SetTextKeyword.groovy:37)
	at com.kms.katalon.core.keyword.internal.KeywordExecutor.executeKeywordForPlatform(KeywordExecutor.groovy:73)
	at com.kms.katalon.core.webui.keyword.WebUiBuiltInKeywords.setText(WebUiBuiltInKeywords.groovy:980)
	at com.kms.katalon.core.webui.keyword.WebUiBuiltInKeywords$setText$3.call(Unknown Source)
	at Payments_ExistingLiability_HC_TC.run(Payments_ExistingLiability_HC_TC:130)
	at com.kms.katalon.core.main.ScriptEngine.run(ScriptEngine.java:194)
	at com.kms.katalon.core.main.ScriptEngine.runScriptAsRawText(ScriptEngine.java:119)
	at com.kms.katalon.core.main.TestCaseExecutor.runScript(TestCaseExecutor.java:369)
	at com.kms.katalon.core.main.TestCaseExecutor.doExecute(TestCaseExecutor.java:360)
	at com.kms.katalon.core.main.TestCaseExecutor.processExecutionPhase(TestCaseExecutor.java:339)
	at com.kms.katalon.core.main.TestCaseExecutor.accessMainPhase(TestCaseExecutor.java:331)
	at com.kms.katalon.core.main.TestCaseExecutor.execute(TestCaseExecutor.java:248)
	at com.kms.katalon.core.main.TestSuiteExecutor.accessTestCaseMainPhase(TestSuiteExecutor.java:191)
	at com.kms.katalon.core.main.TestSuiteExecutor.accessTestSuiteMainPhase(TestSuiteExecutor.java:140)
	at com.kms.katalon.core.main.TestSuiteExecutor.execute(TestSuiteExecutor.java:89)
	at com.kms.katalon.core.main.TestCaseMain.startTestSuite(TestCaseMain.java:185)
	at com.kms.katalon.core.main.TestCaseMain$startTestSuite$0.call(Unknown Source)
	at TempTestSuite1634705209531.run(TempTestSuite1634705209531.groovy:39)
Caused by: com.kms.katalon.core.exception.StepFailedException: Unable to set text '123456' of object 'Object Repository/RAD_Pages/TaxInfo_Page/input_FEIN'
	... 21 more
Caused by: org.openqa.selenium.ElementNotInteractableException: element not interactable
  (Session info: chrome=94.0.4606.81)
Build info: version: '3.141.59', revision: 'e82be7d358', time: '2018-11-14T08:25:53'
System info: host: 'DESKTOP-B2QI6NS', ip: '172.30.2.167', os.name: 'Windows 10', os.arch: 'amd64', os.version: '10.0', java.version: '1.8.0_181'
Driver info: com.kms.katalon.selenium.driver.CChromeDriver
Capabilities {acceptInsecureCerts: true, browserName: chrome, browserVersion: 94.0.4606.81, chrome: {chromedriverVersion: 94.0.4606.61 (418b78f5838ed..., userDataDir: C:\Users\iahmed\AppData\Loc...}, goog:chromeOptions: {debuggerAddress: localhost:63836}, javascriptEnabled: true, networkConnectionEnabled: false, pageLoadStrategy: normal, platform: WINDOWS, platformName: WINDOWS, proxy: Proxy(), setWindowRect: true, strictFileInteractability: false, timeouts: {implicit: 0, pageLoad: 300000, script: 30000}, unhandledPromptBehavior: dismiss and notify, webauthn:extension:credBlob: true, webauthn:extension:largeBlob: true, webauthn:virtualAuthenticators: true}
Session ID: 74c7827371a4abdd6418632c3f9b0243
	at org.openqa.selenium.remote.http.W3CHttpResponseCodec.createException(W3CHttpResponseCodec.java:187)
	at org.openqa.selenium.remote.http.W3CHttpResponseCodec.decode(W3CHttpResponseCodec.java:122)
	at org.openqa.selenium.remote.http.W3CHttpResponseCodec.decode(W3CHttpResponseCodec.java:49)
	at org.openqa.selenium.remote.HttpCommandExecutor.execute(HttpCommandExecutor.java:158)
	at org.openqa.selenium.remote.service.DriverCommandExecutor.execute(DriverCommandExecutor.java:83)
	at org.openqa.selenium.remote.RemoteWebDriver.execute(RemoteWebDriver.java:552)
	at com.kms.katalon.selenium.driver.CChromeDriver.execute(CChromeDriver.java:19)
	at org.openqa.selenium.remote.RemoteWebElement.execute(RemoteWebElement.java:285)
	at org.openqa.selenium.remote.RemoteWebElement.clear(RemoteWebElement.java:124)
	at org.openqa.selenium.support.events.EventFiringWebDriver$EventFiringWebElement.lambda$new$0(EventFiringWebDriver.java:404)
	at com.sun.proxy.$Proxy11.clear(Unknown Source)
	at org.openqa.selenium.support.events.EventFiringWebDriver$EventFiringWebElement.clear(EventFiringWebDriver.java:436)
	at com.kms.katalon.core.webui.keyword.builtin.SetTextKeyword$_setText_closure1.doCall(SetTextKeyword.groovy:53)
	at com.kms.katalon.core.webui.keyword.builtin.SetTextKeyword$_setText_closure1.call(SetTextKeyword.groovy)
	at com.kms.katalon.core.webui.keyword.internal.WebUIKeywordMain.runKeyword(WebUIKeywordMain.groovy:20)
	... 19 more]]></system-out>
      <system-err><![CDATA[2021-10-20 00:46:52 - [TEST_SUITE][FAILED] - RAD_UI_TestSuite: Test Cases/RAD_TestCases/PaymentsHardCoded/Payments_ExistingLiability_HC_TC FAILED.
Reason:
com.kms.katalon.core.exception.StepFailedException: Unable to set text '123456' of object 'Object Repository/RAD_Pages/TaxInfo_Page/input_FEIN' (Root cause: com.kms.katalon.core.exception.StepFailedException: Unable to set text '123456' of object 'Object Repository/RAD_Pages/TaxInfo_Page/input_FEIN'
	at com.kms.katalon.core.webui.keyword.internal.WebUIKeywordMain.stepFailed(WebUIKeywordMain.groovy:64)
	at com.kms.katalon.core.webui.keyword.internal.WebUIKeywordMain.runKeyword(WebUIKeywordMain.groovy:26)
	at com.kms.katalon.core.webui.keyword.builtin.SetTextKeyword.setText(SetTextKeyword.groovy:66)
	at com.kms.katalon.core.webui.keyword.builtin.SetTextKeyword.execute(SetTextKeyword.groovy:37)
	at com.kms.katalon.core.keyword.internal.KeywordExecutor.executeKeywordForPlatform(KeywordExecutor.groovy:73)
	at com.kms.katalon.core.webui.keyword.WebUiBuiltInKeywords.setText(WebUiBuiltInKeywords.groovy:980)
	at com.kms.katalon.core.webui.keyword.WebUiBuiltInKeywords$setText$3.call(Unknown Source)
	at Payments_ExistingLiability_HC_TC.run(Payments_ExistingLiability_HC_TC:130)
	at com.kms.katalon.core.main.ScriptEngine.run(ScriptEngine.java:194)
	at com.kms.katalon.core.main.ScriptEngine.runScriptAsRawText(ScriptEngine.java:119)
	at com.kms.katalon.core.main.TestCaseExecutor.runScript(TestCaseExecutor.java:369)
	at com.kms.katalon.core.main.TestCaseExecutor.doExecute(TestCaseExecutor.java:360)
	at com.kms.katalon.core.main.TestCaseExecutor.processExecutionPhase(TestCaseExecutor.java:339)
	at com.kms.katalon.core.main.TestCaseExecutor.accessMainPhase(TestCaseExecutor.java:331)
	at com.kms.katalon.core.main.TestCaseExecutor.execute(TestCaseExecutor.java:248)
	at com.kms.katalon.core.main.TestSuiteExecutor.accessTestCaseMainPhase(TestSuiteExecutor.java:191)
	at com.kms.katalon.core.main.TestSuiteExecutor.accessTestSuiteMainPhase(TestSuiteExecutor.java:140)
	at com.kms.katalon.core.main.TestSuiteExecutor.execute(TestSuiteExecutor.java:89)
	at com.kms.katalon.core.main.TestCaseMain.startTestSuite(TestCaseMain.java:185)
	at com.kms.katalon.core.main.TestCaseMain$startTestSuite$0.call(Unknown Source)
	at TempTestSuite1634705209531.run(TempTestSuite1634705209531.groovy:39)
Caused by: org.openqa.selenium.ElementNotInteractableException: element not interactable
  (Session info: chrome=94.0.4606.81)
Build info: version: '3.141.59', revision: 'e82be7d358', time: '2018-11-14T08:25:53'
System info: host: 'DESKTOP-B2QI6NS', ip: '172.30.2.167', os.name: 'Windows 10', os.arch: 'amd64', os.version: '10.0', java.version: '1.8.0_181'
Driver info: com.kms.katalon.selenium.driver.CChromeDriver
Capabilities {acceptInsecureCerts: true, browserName: chrome, browserVersion: 94.0.4606.81, chrome: {chromedriverVersion: 94.0.4606.61 (418b78f5838ed..., userDataDir: C:\Users\iahmed\AppData\Loc...}, goog:chromeOptions: {debuggerAddress: localhost:63836}, javascriptEnabled: true, networkConnectionEnabled: false, pageLoadStrategy: normal, platform: WINDOWS, platformName: WINDOWS, proxy: Proxy(), setWindowRect: true, strictFileInteractability: false, timeouts: {implicit: 0, pageLoad: 300000, script: 30000}, unhandledPromptBehavior: dismiss and notify, webauthn:extension:credBlob: true, webauthn:extension:largeBlob: true, webauthn:virtualAuthenticators: true}
Session ID: 74c7827371a4abdd6418632c3f9b0243
	at org.openqa.selenium.remote.http.W3CHttpResponseCodec.createException(W3CHttpResponseCodec.java:187)
	at org.openqa.selenium.remote.http.W3CHttpResponseCodec.decode(W3CHttpResponseCodec.java:122)
	at org.openqa.selenium.remote.http.W3CHttpResponseCodec.decode(W3CHttpResponseCodec.java:49)
	at org.openqa.selenium.remote.HttpCommandExecutor.execute(HttpCommandExecutor.java:158)
	at org.openqa.selenium.remote.service.DriverCommandExecutor.execute(DriverCommandExecutor.java:83)
	at org.openqa.selenium.remote.RemoteWebDriver.execute(RemoteWebDriver.java:552)
	at com.kms.katalon.selenium.driver.CChromeDriver.execute(CChromeDriver.java:19)
	at org.openqa.selenium.remote.RemoteWebElement.execute(RemoteWebElement.java:285)
	at org.openqa.selenium.remote.RemoteWebElement.clear(RemoteWebElement.java:124)
	at org.openqa.selenium.support.events.EventFiringWebDriver$EventFiringWebElement.lambda$new$0(EventFiringWebDriver.java:404)
	at com.sun.proxy.$Proxy11.clear(Unknown Source)
	at org.openqa.selenium.support.events.EventFiringWebDriver$EventFiringWebElement.clear(EventFiringWebDriver.java:436)
	at com.kms.katalon.core.webui.keyword.builtin.SetTextKeyword$_setText_closure1.doCall(SetTextKeyword.groovy:53)
	at com.kms.katalon.core.webui.keyword.builtin.SetTextKeyword$_setText_closure1.call(SetTextKeyword.groovy)
	at com.kms.katalon.core.webui.keyword.internal.WebUIKeywordMain.runKeyword(WebUIKeywordMain.groovy:20)
	at com.kms.katalon.core.webui.keyword.builtin.SetTextKeyword.setText(SetTextKeyword.groovy:66)
	at com.kms.katalon.core.webui.keyword.builtin.SetTextKeyword.execute(SetTextKeyword.groovy:37)
	at com.kms.katalon.core.keyword.internal.KeywordExecutor.executeKeywordForPlatform(KeywordExecutor.groovy:73)
	at com.kms.katalon.core.webui.keyword.WebUiBuiltInKeywords.setText(WebUiBuiltInKeywords.groovy:980)
	at com.kms.katalon.core.webui.keyword.WebUiBuiltInKeywords$setText$3.call(Unknown Source)
	at Script1634702981988.run(Script1634702981988.groovy:130)
	... 13 more
)
	at com.kms.katalon.core.keyword.internal.KeywordMain.stepFailed(KeywordMain.groovy:39)
	at com.kms.katalon.core.webui.keyword.internal.WebUIKeywordMain.stepFailed(WebUIKeywordMain.groovy:64)
	at com.kms.katalon.core.webui.keyword.internal.WebUIKeywordMain.runKeyword(WebUIKeywordMain.groovy:26)
	at com.kms.katalon.core.webui.keyword.builtin.SetTextKeyword.setText(SetTextKeyword.groovy:66)
	at com.kms.katalon.core.webui.keyword.builtin.SetTextKeyword.execute(SetTextKeyword.groovy:37)
	at com.kms.katalon.core.keyword.internal.KeywordExecutor.executeKeywordForPlatform(KeywordExecutor.groovy:73)
	at com.kms.katalon.core.webui.keyword.WebUiBuiltInKeywords.setText(WebUiBuiltInKeywords.groovy:980)
	at com.kms.katalon.core.webui.keyword.WebUiBuiltInKeywords$setText$3.call(Unknown Source)
	at Payments_ExistingLiability_HC_TC.run(Payments_ExistingLiability_HC_TC:130)
	at com.kms.katalon.core.main.ScriptEngine.run(ScriptEngine.java:194)
	at com.kms.katalon.core.main.ScriptEngine.runScriptAsRawText(ScriptEngine.java:119)
	at com.kms.katalon.core.main.TestCaseExecutor.runScript(TestCaseExecutor.java:369)
	at com.kms.katalon.core.main.TestCaseExecutor.doExecute(TestCaseExecutor.java:360)
	at com.kms.katalon.core.main.TestCaseExecutor.processExecutionPhase(TestCaseExecutor.java:339)
	at com.kms.katalon.core.main.TestCaseExecutor.accessMainPhase(TestCaseExecutor.java:331)
	at com.kms.katalon.core.main.TestCaseExecutor.execute(TestCaseExecutor.java:248)
	at com.kms.katalon.core.main.TestSuiteExecutor.accessTestCaseMainPhase(TestSuiteExecutor.java:191)
	at com.kms.katalon.core.main.TestSuiteExecutor.accessTestSuiteMainPhase(TestSuiteExecutor.java:140)
	at com.kms.katalon.core.main.TestSuiteExecutor.execute(TestSuiteExecutor.java:89)
	at com.kms.katalon.core.main.TestCaseMain.startTestSuite(TestCaseMain.java:185)
	at com.kms.katalon.core.main.TestCaseMain$startTestSuite$0.call(Unknown Source)
	at TempTestSuite1634705209531.run(TempTestSuite1634705209531.groovy:39)
Caused by: com.kms.katalon.core.exception.StepFailedException: Unable to set text '123456' of object 'Object Repository/RAD_Pages/TaxInfo_Page/input_FEIN'
	... 21 more
Caused by: org.openqa.selenium.ElementNotInteractableException: element not interactable
  (Session info: chrome=94.0.4606.81)
Build info: version: '3.141.59', revision: 'e82be7d358', time: '2018-11-14T08:25:53'
System info: host: 'DESKTOP-B2QI6NS', ip: '172.30.2.167', os.name: 'Windows 10', os.arch: 'amd64', os.version: '10.0', java.version: '1.8.0_181'
Driver info: com.kms.katalon.selenium.driver.CChromeDriver
Capabilities {acceptInsecureCerts: true, browserName: chrome, browserVersion: 94.0.4606.81, chrome: {chromedriverVersion: 94.0.4606.61 (418b78f5838ed..., userDataDir: C:\Users\iahmed\AppData\Loc...}, goog:chromeOptions: {debuggerAddress: localhost:63836}, javascriptEnabled: true, networkConnectionEnabled: false, pageLoadStrategy: normal, platform: WINDOWS, platformName: WINDOWS, proxy: Proxy(), setWindowRect: true, strictFileInteractability: false, timeouts: {implicit: 0, pageLoad: 300000, script: 30000}, unhandledPromptBehavior: dismiss and notify, webauthn:extension:credBlob: true, webauthn:extension:largeBlob: true, webauthn:virtualAuthenticators: true}
Session ID: 74c7827371a4abdd6418632c3f9b0243
	at org.openqa.selenium.remote.http.W3CHttpResponseCodec.createException(W3CHttpResponseCodec.java:187)
	at org.openqa.selenium.remote.http.W3CHttpResponseCodec.decode(W3CHttpResponseCodec.java:122)
	at org.openqa.selenium.remote.http.W3CHttpResponseCodec.decode(W3CHttpResponseCodec.java:49)
	at org.openqa.selenium.remote.HttpCommandExecutor.execute(HttpCommandExecutor.java:158)
	at org.openqa.selenium.remote.service.DriverCommandExecutor.execute(DriverCommandExecutor.java:83)
	at org.openqa.selenium.remote.RemoteWebDriver.execute(RemoteWebDriver.java:552)
	at com.kms.katalon.selenium.driver.CChromeDriver.execute(CChromeDriver.java:19)
	at org.openqa.selenium.remote.RemoteWebElement.execute(RemoteWebElement.java:285)
	at org.openqa.selenium.remote.RemoteWebElement.clear(RemoteWebElement.java:124)
	at org.openqa.selenium.support.events.EventFiringWebDriver$EventFiringWebElement.lambda$new$0(EventFiringWebDriver.java:404)
	at com.sun.proxy.$Proxy11.clear(Unknown Source)
	at org.openqa.selenium.support.events.EventFiringWebDriver$EventFiringWebElement.clear(EventFiringWebDriver.java:436)
	at com.kms.katalon.core.webui.keyword.builtin.SetTextKeyword$_setText_closure1.doCall(SetTextKeyword.groovy:53)
	at com.kms.katalon.core.webui.keyword.builtin.SetTextKeyword$_setText_closure1.call(SetTextKeyword.groovy)
	at com.kms.katalon.core.webui.keyword.internal.WebUIKeywordMain.runKeyword(WebUIKeywordMain.groovy:20)
	... 19 more]]></system-err>
   </testsuite>
</testsuites>
