<?xml version="1.0" encoding="UTF-8"?>
<testsuites name="QA_IWP2.5_Regression" time="2471.097" tests="19" failures="1" errors="0">
   <testsuite name="QA_IWP2.5_Regression" tests="19" failures="1" errors="0" time="2471.097" skipped="0" timestamp="26-08-2024T22:01:42" hostname="t476046 - TXD87096.deluxe.com" id="Test Suites/QA/IWP2.5/QA_IWP2.5_Regression">
      <properties>
         <property name="deviceName" value=""/>
         <property name="devicePlatform"/>
         <property name="logFolder" value="C:\\Users\\t476046\\Documents\\katalon\\VPS-Katalon\\Reports\\20240826_220124\\QA\\IWP2.5\\QA_IWP2.5_Regression\\20240826_220124"/>
         <property name="logFiles" value="C:\\Users\\t476046\\Documents\\katalon\\VPS-Katalon\\Reports\\20240826_220124\\QA\\IWP2.5\\QA_IWP2.5_Regression\\20240826_220124\\execution0.log"/>
         <property name="attachments" value="C:\\Users\\t476046\\Documents\\katalon\\VPS-Katalon\\Reports\\20240826_220124\\QA\\IWP2.5\\QA_IWP2.5_Regression\\20240826_220124\\1724692082594.png, C:\\Users\\t476046\\Documents\\katalon\\VPS-Katalon\\Reports\\20240826_220124\\QA\\IWP2.5\\QA_IWP2.5_Regression\\20240826_220124\\1724692084105.png, C:\\Users\\t476046\\Documents\\katalon\\VPS-Katalon\\Reports\\20240826_220124\\QA\\IWP2.5\\QA_IWP2.5_Regression\\20240826_220124\\1724692084368.png, C:\\Users\\t476046\\Documents\\katalon\\VPS-Katalon\\Reports\\20240826_220124\\QA\\IWP2.5\\QA_IWP2.5_Regression\\20240826_220124\\1724692084580.png, C:\\Users\\t476046\\Documents\\katalon\\VPS-Katalon\\Reports\\20240826_220124\\QA\\IWP2.5\\QA_IWP2.5_Regression\\20240826_220124\\1724692116991.png, C:\\Users\\t476046\\Documents\\katalon\\VPS-Katalon\\Reports\\20240826_220124\\QA\\IWP2.5\\QA_IWP2.5_Regression\\20240826_220124\\1724692117234.png, C:\\Users\\t476046\\Documents\\katalon\\VPS-Katalon\\Reports\\20240826_220124\\QA\\IWP2.5\\QA_IWP2.5_Regression\\20240826_220124\\1724692196748.png, C:\\Users\\t476046\\Documents\\katalon\\VPS-Katalon\\Reports\\20240826_220124\\QA\\IWP2.5\\QA_IWP2.5_Regression\\20240826_220124\\1724692198211.png, C:\\Users\\t476046\\Documents\\katalon\\VPS-Katalon\\Reports\\20240826_220124\\QA\\IWP2.5\\QA_IWP2.5_Regression\\20240826_220124\\1724692198424.png, C:\\Users\\t476046\\Documents\\katalon\\VPS-Katalon\\Reports\\20240826_220124\\QA\\IWP2.5\\QA_IWP2.5_Regression\\20240826_220124\\1724692198637.png, C:\\Users\\t476046\\Documents\\katalon\\VPS-Katalon\\Reports\\20240826_220124\\QA\\IWP2.5\\QA_IWP2.5_Regression\\20240826_220124\\1724692231117.png, C:\\Users\\t476046\\Documents\\katalon\\VPS-Katalon\\Reports\\20240826_220124\\QA\\IWP2.5\\QA_IWP2.5_Regression\\20240826_220124\\1724692231335.png, C:\\Users\\t476046\\Documents\\katalon\\VPS-Katalon\\Reports\\20240826_220124\\QA\\IWP2.5\\QA_IWP2.5_Regression\\20240826_220124\\1724692310981.png, C:\\Users\\t476046\\Documents\\katalon\\VPS-Katalon\\Reports\\20240826_220124\\QA\\IWP2.5\\QA_IWP2.5_Regression\\20240826_220124\\1724692311201.png, C:\\Users\\t476046\\Documents\\katalon\\VPS-Katalon\\Reports\\20240826_220124\\QA\\IWP2.5\\QA_IWP2.5_Regression\\20240826_220124\\1724692342999.png, C:\\Users\\t476046\\Documents\\katalon\\VPS-Katalon\\Reports\\20240826_220124\\QA\\IWP2.5\\QA_IWP2.5_Regression\\20240826_220124\\1724692343208.png"/>
         <property name="hostName" value="t476046 - TXD87096.deluxe.com"/>
         <property name="os" value="Windows 10 64bit"/>
         <property name="katalonVersion" value="9.6.0.217"/>
         <property name="browser" value="Edge Chromium 127"/>
         <property name="hostAddress" value="10.203.40.166"/>
         <property name="sessionId" value="dd89280f6ca130a3b4c720631db99ad6"/>
         <property name="seleniumVersion" value="3.141.59"/>
         <property name="proxyInformation" value="ProxyInformation { proxyOption=NO_PROXY, proxyServerType=HTTP, username=, password=********, proxyServerAddress=, proxyServerPort=0, executionList=&quot;&quot;, isApplyToDesiredCapabilities=true }"/>
         <property name="platform" value="Windows 10"/>
      </properties>
      <testcase name="Test Cases/IntegratedWeb/IWP25/Error/MaxAmountErrorCorp" time="90.38" classname="Test Cases/IntegratedWeb/IWP25/Error/MaxAmountErrorCorp" status="PASSED">
         <system-out><![CDATA[26-08-2024T22:01:43 - [TEST_CASE][PASSED] - Test Cases/IntegratedWeb/IWP25/Error/MaxAmountErrorCorp: Test Cases/IntegratedWeb/IWP25/Error/MaxAmountErrorCorp

26-08-2024T22:01:44 - [TEST_STEP][PASSED] - resText = "Fail": null

26-08-2024T22:01:44 - [TEST_STEP][PASSED] - resColumn = "Result": null

26-08-2024T22:01:44 - [TEST_STEP][PASSED] - datCloumn = "Date": null

26-08-2024T22:01:44 - [TEST_STEP][PASSED] - fileLoc = "KatalonData/IWPTestData/VRelay25Payments.xlsx": null

26-08-2024T22:01:44 - [TEST_STEP][PASSED] - numOfRows = <not implemented yet for class: org.codehaus.groovy.ast.expr.EmptyExpression>: null

26-08-2024T22:01:44 - [TEST_STEP][PASSED] - dataFile = <not implemented yet for class: org.codehaus.groovy.ast.expr.EmptyExpression>: null

26-08-2024T22:01:44 - [TEST_STEP][PASSED] - nameSheet = <not implemented yet for class: org.codehaus.groovy.ast.expr.EmptyExpression>: null

26-08-2024T22:01:44 - [TEST_STEP][PASSED] - dataFileEmulator = <not implemented yet for class: org.codehaus.groovy.ast.expr.EmptyExpression>: null

26-08-2024T22:01:44 - [TEST_STEP][PASSED] - nameSheet = "MaxAmountErrorCorp": null

26-08-2024T22:01:44 - [TEST_STEP][PASSED] - dataFile = "IWPTestData/IWP25MaxAmountErrorCorp": null

26-08-2024T22:01:44 - [TEST_STEP][PASSED] - dataFileEmulator = "IWPTestData/EmulatorData": null

26-08-2024T22:01:44 - [TEST_STEP][PASSED] - numOfRows = findTestData(dataFile).getRowNumbers(): null

26-08-2024T22:01:45 - [TEST_STEP][PASSED] - println("Number of Records: " + numOfRows): null

26-08-2024T22:01:45 - [TEST_STEP][PASSED] - for ([row = 1, row <= numOfRows, (row++)]): Browser is closed

26-08-2024T22:01:45 - [TEST_STEP][PASSED] - ExecuteTC = findTestData(dataFile).getValue("Execute", row): null

26-08-2024T22:01:46 - [TEST_STEP][PASSED] - out.println("Value of Execute is : " + ExecuteTC): null

26-08-2024T22:01:46 - [TEST_STEP][PASSED] - if (ExecuteTC.equalsIgnoreCase("Y")): null

26-08-2024T22:01:46 - [TEST_STEP][PASSED] - out.println("Begin Record Number: " + row): null

26-08-2024T22:01:46 - [TEST_STEP][PASSED] - today = new java.util.Date(): null

26-08-2024T22:01:46 - [TEST_STEP][PASSED] - println(today): null

26-08-2024T22:01:46 - [TEST_STEP][PASSED] - datText = today: null

26-08-2024T22:01:46 - [TEST_STEP][PASSED] - EmulatorDataKey = findTestData(dataFile).getValue("EmulatorData", row): null

26-08-2024T22:01:47 - [TEST_STEP][PASSED] - out.println("Value of Emulator Key is : " + EmulatorDataKey): null

26-08-2024T22:01:47 - [TEST_STEP][PASSED] - iwpPages.emulatorIWP30.setDataEmulator_DD(EmulatorDataKey): iwpPages.emulatorIWP30.setDataEmulator_DD is PASSED

26-08-2024T22:01:50 - [MESSAGE][INFO] - Starting 'Edge Chromium' driver

26-08-2024T22:01:50 - [MESSAGE][INFO] - User set preference: ['acceptInsecureCerts', 'true']

26-08-2024T22:01:52 - [MESSAGE][INFO] - Action delay is set to 0 milliseconds

26-08-2024T22:01:58 - [MESSAGE][PASSED] - Browser is opened with url: 'https://qa2.velocitypayment.com/agency/config.do?action=editor&message_version=2_5'

26-08-2024T22:01:58 - [MESSAGE][PASSED] - Current window maximized

26-08-2024T22:02:00 - [MESSAGE][PASSED] - All options with value '2.5' are selected in object 'Object Repository/IWP30/Page_VRelay30Emulator/MV'  using regular expression

26-08-2024T22:02:01 - [MESSAGE][PASSED] - Text '10.50' is set on object 'Object Repository/IWP30/Page_VRelay30Emulator/Amount'

26-08-2024T22:02:01 - [MESSAGE][PASSED] - Text '26413414' is set on object 'Object Repository/IWP30/Page_VRelay30Emulator/CAN'

26-08-2024T22:02:02 - [MESSAGE][PASSED] - Text 'PayNow' is set on object 'Object Repository/IWP30/Page_VRelay30Emulator/Action'

26-08-2024T22:02:03 - [MESSAGE][PASSED] - Text 'en_US' is set on object 'Object Repository/IWP30/Page_VRelay30Emulator/Lang'

26-08-2024T22:02:03 - [MESSAGE][PASSED] - Text '' is set on object 'Object Repository/IWP30/Page_VRelay30Emulator/Fname'

26-08-2024T22:02:04 - [MESSAGE][PASSED] - Text '' is set on object 'Object Repository/IWP30/Page_VRelay30Emulator/Lname'

26-08-2024T22:02:05 - [MESSAGE][PASSED] - Text '' is set on object 'Object Repository/IWP30/Page_VRelay30Emulator/AL1'

26-08-2024T22:02:05 - [MESSAGE][PASSED] - Text '' is set on object 'Object Repository/IWP30/Page_VRelay30Emulator/AL2'

26-08-2024T22:02:06 - [MESSAGE][PASSED] - Text '' is set on object 'Object Repository/IWP30/Page_VRelay30Emulator/Country'

26-08-2024T22:02:07 - [MESSAGE][PASSED] - Text '' is set on object 'Object Repository/IWP30/Page_VRelay30Emulator/City'

26-08-2024T22:02:08 - [MESSAGE][PASSED] - Text '' is set on object 'Object Repository/IWP30/Page_VRelay30Emulator/State'

26-08-2024T22:02:08 - [MESSAGE][PASSED] - Text '' is set on object 'Object Repository/IWP30/Page_VRelay30Emulator/ZIP'

26-08-2024T22:02:09 - [MESSAGE][PASSED] - Text '' is set on object 'Object Repository/IWP30/Page_VRelay30Emulator/Order'

26-08-2024T22:02:10 - [MESSAGE][PASSED] - Text '' is set on object 'Object Repository/IWP30/Page_VRelay30Emulator/Company'

26-08-2024T22:02:10 - [MESSAGE][PASSED] - Text '' is set on object 'Object Repository/IWP30/Page_VRelay30Emulator/Email'

26-08-2024T22:02:11 - [MESSAGE][PASSED] - Text '' is set on object 'Object Repository/IWP30/Page_VRelay30Emulator/UDF1'

26-08-2024T22:02:12 - [MESSAGE][PASSED] - Text '' is set on object 'Object Repository/IWP30/Page_VRelay30Emulator/UDF2'

26-08-2024T22:02:12 - [MESSAGE][PASSED] - Text '' is set on object 'Object Repository/IWP30/Page_VRelay30Emulator/UDF3'

26-08-2024T22:02:13 - [MESSAGE][PASSED] - Text 'udf data 4' is set on object 'Object Repository/IWP30/Page_VRelay30Emulator/UDF4'

26-08-2024T22:02:14 - [MESSAGE][PASSED] - Text 'udf data 5' is set on object 'Object Repository/IWP30/Page_VRelay30Emulator/UDF5'

26-08-2024T22:02:14 - [MESSAGE][PASSED] - Text '' is set on object 'Object Repository/IWP30/Page_VRelay30Emulator/UDF6'

26-08-2024T22:02:15 - [MESSAGE][PASSED] - Text '' is set on object 'Object Repository/IWP30/Page_VRelay30Emulator/UDF7'

26-08-2024T22:02:16 - [MESSAGE][PASSED] - Text '' is set on object 'Object Repository/IWP30/Page_VRelay30Emulator/UDF8'

26-08-2024T22:02:17 - [MESSAGE][PASSED] - Text 'udf data 9' is set on object 'Object Repository/IWP30/Page_VRelay30Emulator/UDF9'

26-08-2024T22:02:17 - [MESSAGE][PASSED] - Text 'udf data 10' is set on object 'Object Repository/IWP30/Page_VRelay30Emulator/UDF10'

26-08-2024T22:02:19 - [MESSAGE][PASSED] - Object: 'Object Repository/IWP30/Page_VRelay30Emulator/Submit' is clicked on

26-08-2024T22:02:24 - [MESSAGE][PASSED] - Browser is closed

26-08-2024T22:02:28 - [MESSAGE][PASSED] - iwpPages.emulatorIWP30.setDataEmulator_DD is PASSED

26-08-2024T22:02:28 - [TEST_STEP][PASSED] - testHarnessURL = urlTestHarness: null

26-08-2024T22:02:28 - [TEST_STEP][PASSED] - openBrowser(testHarnessURL): Browser is opened with url: 'https://dev-algorithm.govolution.com/vrelaytest/QA2/version_2_2/vrelaytest.html'

26-08-2024T22:02:28 - [MESSAGE][INFO] - Starting 'Edge Chromium' driver

26-08-2024T22:02:28 - [MESSAGE][INFO] - User set preference: ['acceptInsecureCerts', 'true']

26-08-2024T22:02:30 - [MESSAGE][INFO] - Action delay is set to 0 milliseconds

26-08-2024T22:02:34 - [MESSAGE][PASSED] - Browser is opened with url: 'https://dev-algorithm.govolution.com/vrelaytest/QA2/version_2_2/vrelaytest.html'

26-08-2024T22:02:34 - [TEST_STEP][PASSED] - maximizeWindow(): Current window maximized

26-08-2024T22:02:34 - [MESSAGE][PASSED] - Current window maximized

26-08-2024T22:02:34 - [TEST_STEP][PASSED] - iwpPages.TestHarnessPage.setDataMethod(row, dataFile): iwpPages.TestHarnessPage.setDataMethod is PASSED

26-08-2024T22:02:34 - [MESSAGE][PASSED] - Object 'Object Repository/IWP30/Page_QATestHarness/RemittanceID' is present

26-08-2024T22:02:35 - [MESSAGE][PASSED] - Text '638' is set on object 'Object Repository/IWP30/Page_QATestHarness/ApplicationID'

26-08-2024T22:02:36 - [MESSAGE][PASSED] - Text '2.5' is set on object 'Object Repository/IWP30/Page_QATestHarness/MessageVersion'

26-08-2024T22:02:37 - [MESSAGE][PASSED] - Text '44tTwlaGXHoh' is set on object 'Object Repository/IWP30/Page_QATestHarness/RemittanceID'

26-08-2024T22:02:40 - [MESSAGE][PASSED] - Object: 'Object Repository/IWP30/Page_QATestHarness/SubmitButton' is clicked on

26-08-2024T22:02:40 - [MESSAGE][PASSED] - iwpPages.TestHarnessPage.setDataMethod is PASSED

26-08-2024T22:02:40 - [TEST_STEP][PASSED] - click(findTestObject("Object Repository/IWP30/Page_SelectPaymentMethod/PayByCorporateCheck")): Object: 'Object Repository/IWP30/Page_SelectPaymentMethod/PayByCorporateCheck' is clicked on

26-08-2024T22:02:41 - [MESSAGE][PASSED] - Object: 'Object Repository/IWP30/Page_SelectPaymentMethod/PayByCorporateCheck' is clicked on

26-08-2024T22:02:41 - [TEST_STEP][PASSED] - click(findTestObject("Object Repository/IWP30/Page_SelectPaymentMethod/MakePaymentButton")): Object: 'Object Repository/IWP30/Page_SelectPaymentMethod/MakePaymentButton' is clicked on

26-08-2024T22:02:44 - [MESSAGE][PASSED] - Object: 'Object Repository/IWP30/Page_SelectPaymentMethod/MakePaymentButton' is clicked on

26-08-2024T22:02:44 - [TEST_STEP][PASSED] - iwpPages.achCorporatePaymentEntryPage.setDataCorporate(row, dataFile): iwpPages.achCorporatePaymentEntryPage.setDataCorporate is PASSED

26-08-2024T22:02:46 - [MESSAGE][PASSED] - Object 'Object Repository/IWP30/Page_ACHCorporatePaymentEntry/txt_accountNumber' is present

26-08-2024T22:02:46 - [MESSAGE][PASSED] - Object 'Object Repository/IWP30/Page_ACHCorporatePaymentEntry/input_CompanyName' is present

26-08-2024T22:02:47 - [MESSAGE][PASSED] - Text 'My Company' is set on object 'Object Repository/IWP30/Page_ACHCorporatePaymentEntry/input_CompanyName'

26-08-2024T22:02:47 - [MESSAGE][PASSED] - Object 'Object Repository/IWP30/Page_ACHCorporatePaymentEntry/input_EIN' is present

26-08-2024T22:02:48 - [MESSAGE][PASSED] - Text '123456789' is set on object 'Object Repository/IWP30/Page_ACHCorporatePaymentEntry/input_EIN'

26-08-2024T22:02:48 - [MESSAGE][PASSED] - Text '200.50' is set on object 'Object Repository/IWP30/Page_ACHCorporatePaymentEntry/txt_Amount'

26-08-2024T22:02:49 - [MESSAGE][PASSED] - Text 'udf data 2' is set on object 'Object Repository/IWP30/Page_ACHCorporatePaymentEntry/txt_UDF2'

26-08-2024T22:02:50 - [MESSAGE][PASSED] - Text 'udf data 3' is set on object 'Object Repository/IWP30/Page_ACHCorporatePaymentEntry/txt_UDF3'

26-08-2024T22:02:50 - [MESSAGE][PASSED] - All options with label 'Orange' are selected in object 'Object Repository/IWP30/Page_ACHCorporatePaymentEntry/dd_UDF7' 

26-08-2024T22:02:51 - [MESSAGE][PASSED] - All options with label 'Soccer' are selected in object 'Object Repository/IWP30/Page_ACHCorporatePaymentEntry/dd_UDF8' 

26-08-2024T22:02:51 - [MESSAGE][PASSED] - Object 'Object Repository/IWP30/Page_ACHCorporatePaymentEntry/txt_routingNumber' is present

26-08-2024T22:02:52 - [MESSAGE][PASSED] - Text '256072691' is set on object 'Object Repository/IWP30/Page_ACHCorporatePaymentEntry/txt_routingNumber'

26-08-2024T22:02:52 - [MESSAGE][PASSED] - Object 'Object Repository/IWP30/Page_ACHCorporatePaymentEntry/txt_accountNumber' is present

26-08-2024T22:02:53 - [MESSAGE][PASSED] - Text '12344444' is set on object 'Object Repository/IWP30/Page_ACHCorporatePaymentEntry/txt_accountNumber'

26-08-2024T22:02:54 - [MESSAGE][PASSED] - Object 'Object Repository/IWP30/Page_ACHCorporatePaymentEntry/txt_confirmAccountNumber' is present

26-08-2024T22:02:54 - [MESSAGE][PASSED] - Text '12344444' is set on object 'Object Repository/IWP30/Page_ACHCorporatePaymentEntry/txt_confirmAccountNumber'

26-08-2024T22:02:55 - [MESSAGE][PASSED] - Text '365 Main Avenue' is set on object 'Object Repository/IWP30/Page_ACHCorporatePaymentEntry/txt_AL1'

26-08-2024T22:02:56 - [MESSAGE][PASSED] - Text '22201' is set on object 'Object Repository/IWP30/Page_ACHCorporatePaymentEntry/txt_ZIP'

26-08-2024T22:02:56 - [MESSAGE][PASSED] - Object 'Object Repository/IWP30/Page_ACHCorporatePaymentEntry/txt_Email' is present

26-08-2024T22:02:57 - [MESSAGE][PASSED] - Text 'iahmed@govolution.com' is set on object 'Object Repository/IWP30/Page_ACHCorporatePaymentEntry/txt_Email'

26-08-2024T22:02:58 - [MESSAGE][PASSED] - Object 'Object Repository/IWP30/Page_ACHCorporatePaymentEntry/cb_TermsAndCond' is present

26-08-2024T22:02:58 - [MESSAGE][PASSED] - Object: 'Object Repository/IWP30/Page_ACHCorporatePaymentEntry/cb_TermsAndCond' is clicked on

26-08-2024T22:02:58 - [MESSAGE][PASSED] - Object 'Object Repository/IWP30/Page_ACHCorporatePaymentEntry/btn_Continue' is present

26-08-2024T22:03:01 - [MESSAGE][PASSED] - Object: 'Object Repository/IWP30/Page_ACHCorporatePaymentEntry/btn_Continue' is clicked on

26-08-2024T22:03:01 - [MESSAGE][PASSED] - iwpPages.achCorporatePaymentEntryPage.setDataCorporate is PASSED

26-08-2024T22:03:01 - [TEST_STEP][PASSED] - Thread.sleep(10000): null

26-08-2024T22:03:11 - [TEST_STEP][PASSED] - if (verifyTextPresent("Amount is greater than maximum", false)): null

26-08-2024T22:03:11 - [MESSAGE][PASSED] - Text 'Amount is greater than maximum' is present on page 

26-08-2024T22:03:11 - [TEST_STEP][PASSED] - println("Max Amount Error message shown"): null

26-08-2024T22:03:11 - [TEST_STEP][PASSED] - markPassed("Max Amount Error message shown"): Max Amount Error message shown

26-08-2024T22:03:11 - [MESSAGE][PASSED] - Max Amount Error message shown

26-08-2024T22:03:11 - [TEST_STEP][PASSED] - resText = "Pass": null

26-08-2024T22:03:11 - [TEST_STEP][PASSED] - pages.WriteExcel.demoKey(resText, datText, resColumn, datCloumn, fileLoc, nameSheet, row): pages.WriteExcel.demoKey is PASSED

26-08-2024T22:03:12 - [MESSAGE][PASSED] - pages.WriteExcel.demoKey is PASSED

26-08-2024T22:03:12 - [TEST_STEP][PASSED] - closeBrowser(): Browser is closed

26-08-2024T22:03:13 - [MESSAGE][PASSED] - Browser is closed]]></system-out>
         <system-err><![CDATA[]]></system-err>
      </testcase>
      <testcase name="Test Cases/IntegratedWeb/IWP25/Error/MaxAmountErrorPC" time="77.633" classname="Test Cases/IntegratedWeb/IWP25/Error/MaxAmountErrorPC" status="PASSED">
         <system-out><![CDATA[26-08-2024T22:03:13 - [TEST_CASE][PASSED] - Test Cases/IntegratedWeb/IWP25/Error/MaxAmountErrorPC: Test Cases/IntegratedWeb/IWP25/Error/MaxAmountErrorPC

26-08-2024T22:03:14 - [TEST_STEP][PASSED] - resText = "Fail": null

26-08-2024T22:03:14 - [TEST_STEP][PASSED] - resColumn = "Result": null

26-08-2024T22:03:14 - [TEST_STEP][PASSED] - datCloumn = "Date": null

26-08-2024T22:03:14 - [TEST_STEP][PASSED] - fileLoc = "KatalonData/IWPTestData/VRelay25Payments.xlsx": null

26-08-2024T22:03:14 - [TEST_STEP][PASSED] - numOfRows = <not implemented yet for class: org.codehaus.groovy.ast.expr.EmptyExpression>: null

26-08-2024T22:03:14 - [TEST_STEP][PASSED] - dataFile = <not implemented yet for class: org.codehaus.groovy.ast.expr.EmptyExpression>: null

26-08-2024T22:03:14 - [TEST_STEP][PASSED] - nameSheet = <not implemented yet for class: org.codehaus.groovy.ast.expr.EmptyExpression>: null

26-08-2024T22:03:14 - [TEST_STEP][PASSED] - dataFileEmulator = <not implemented yet for class: org.codehaus.groovy.ast.expr.EmptyExpression>: null

26-08-2024T22:03:14 - [TEST_STEP][PASSED] - nameSheet = "MaxAmountErrorPC": null

26-08-2024T22:03:14 - [TEST_STEP][PASSED] - dataFile = "IWPTestData/IWP25MaxAmountErrorPC": null

26-08-2024T22:03:14 - [TEST_STEP][PASSED] - dataFileEmulator = "IWPTestData/EmulatorData": null

26-08-2024T22:03:14 - [TEST_STEP][PASSED] - numOfRows = findTestData(dataFile).getRowNumbers(): null

26-08-2024T22:03:14 - [TEST_STEP][PASSED] - println("Number of Records: " + numOfRows): null

26-08-2024T22:03:14 - [TEST_STEP][PASSED] - for ([row = 1, row <= numOfRows, (row++)]): Browser is closed

26-08-2024T22:03:14 - [TEST_STEP][PASSED] - ExecuteTC = findTestData(dataFile).getValue("Execute", row): null

26-08-2024T22:03:14 - [TEST_STEP][PASSED] - out.println("Value of Execute is : " + ExecuteTC): null

26-08-2024T22:03:14 - [TEST_STEP][PASSED] - if (ExecuteTC.equalsIgnoreCase("Y")): null

26-08-2024T22:03:14 - [TEST_STEP][PASSED] - out.println("Begin Record Number: " + row): null

26-08-2024T22:03:14 - [TEST_STEP][PASSED] - today = new java.util.Date(): null

26-08-2024T22:03:14 - [TEST_STEP][PASSED] - println(today): null

26-08-2024T22:03:14 - [TEST_STEP][PASSED] - datText = today: null

26-08-2024T22:03:14 - [TEST_STEP][PASSED] - EmulatorDataKey = findTestData(dataFile).getValue("EmulatorData", row): null

26-08-2024T22:03:15 - [TEST_STEP][PASSED] - out.println("Value of Emulator Key is : " + EmulatorDataKey): null

26-08-2024T22:03:15 - [TEST_STEP][PASSED] - iwpPages.emulatorIWP30.setDataEmulator_DD(EmulatorDataKey): iwpPages.emulatorIWP30.setDataEmulator_DD is PASSED

26-08-2024T22:03:15 - [MESSAGE][INFO] - Starting 'Edge Chromium' driver

26-08-2024T22:03:15 - [MESSAGE][INFO] - User set preference: ['acceptInsecureCerts', 'true']

26-08-2024T22:03:17 - [MESSAGE][INFO] - Action delay is set to 0 milliseconds

26-08-2024T22:03:21 - [MESSAGE][PASSED] - Browser is opened with url: 'https://qa2.velocitypayment.com/agency/config.do?action=editor&message_version=2_5'

26-08-2024T22:03:21 - [MESSAGE][PASSED] - Current window maximized

26-08-2024T22:03:22 - [MESSAGE][PASSED] - All options with value '2.5' are selected in object 'Object Repository/IWP30/Page_VRelay30Emulator/MV'  using regular expression

26-08-2024T22:03:23 - [MESSAGE][PASSED] - Text '10.50' is set on object 'Object Repository/IWP30/Page_VRelay30Emulator/Amount'

26-08-2024T22:03:24 - [MESSAGE][PASSED] - Text '26413414' is set on object 'Object Repository/IWP30/Page_VRelay30Emulator/CAN'

26-08-2024T22:03:24 - [MESSAGE][PASSED] - Text 'PayNow' is set on object 'Object Repository/IWP30/Page_VRelay30Emulator/Action'

26-08-2024T22:03:25 - [MESSAGE][PASSED] - Text 'en_US' is set on object 'Object Repository/IWP30/Page_VRelay30Emulator/Lang'

26-08-2024T22:03:26 - [MESSAGE][PASSED] - Text '' is set on object 'Object Repository/IWP30/Page_VRelay30Emulator/Fname'

26-08-2024T22:03:26 - [MESSAGE][PASSED] - Text '' is set on object 'Object Repository/IWP30/Page_VRelay30Emulator/Lname'

26-08-2024T22:03:27 - [MESSAGE][PASSED] - Text '' is set on object 'Object Repository/IWP30/Page_VRelay30Emulator/AL1'

26-08-2024T22:03:27 - [MESSAGE][PASSED] - Text '' is set on object 'Object Repository/IWP30/Page_VRelay30Emulator/AL2'

26-08-2024T22:03:28 - [MESSAGE][PASSED] - Text '' is set on object 'Object Repository/IWP30/Page_VRelay30Emulator/Country'

26-08-2024T22:03:29 - [MESSAGE][PASSED] - Text '' is set on object 'Object Repository/IWP30/Page_VRelay30Emulator/City'

26-08-2024T22:03:29 - [MESSAGE][PASSED] - Text '' is set on object 'Object Repository/IWP30/Page_VRelay30Emulator/State'

26-08-2024T22:03:30 - [MESSAGE][PASSED] - Text '' is set on object 'Object Repository/IWP30/Page_VRelay30Emulator/ZIP'

26-08-2024T22:03:30 - [MESSAGE][PASSED] - Text '' is set on object 'Object Repository/IWP30/Page_VRelay30Emulator/Order'

26-08-2024T22:03:31 - [MESSAGE][PASSED] - Text '' is set on object 'Object Repository/IWP30/Page_VRelay30Emulator/Company'

26-08-2024T22:03:32 - [MESSAGE][PASSED] - Text '' is set on object 'Object Repository/IWP30/Page_VRelay30Emulator/Email'

26-08-2024T22:03:32 - [MESSAGE][PASSED] - Text '' is set on object 'Object Repository/IWP30/Page_VRelay30Emulator/UDF1'

26-08-2024T22:03:33 - [MESSAGE][PASSED] - Text '' is set on object 'Object Repository/IWP30/Page_VRelay30Emulator/UDF2'

26-08-2024T22:03:33 - [MESSAGE][PASSED] - Text '' is set on object 'Object Repository/IWP30/Page_VRelay30Emulator/UDF3'

26-08-2024T22:03:34 - [MESSAGE][PASSED] - Text 'udf data 4' is set on object 'Object Repository/IWP30/Page_VRelay30Emulator/UDF4'

26-08-2024T22:03:35 - [MESSAGE][PASSED] - Text 'udf data 5' is set on object 'Object Repository/IWP30/Page_VRelay30Emulator/UDF5'

26-08-2024T22:03:35 - [MESSAGE][PASSED] - Text '' is set on object 'Object Repository/IWP30/Page_VRelay30Emulator/UDF6'

26-08-2024T22:03:36 - [MESSAGE][PASSED] - Text '' is set on object 'Object Repository/IWP30/Page_VRelay30Emulator/UDF7'

26-08-2024T22:03:36 - [MESSAGE][PASSED] - Text '' is set on object 'Object Repository/IWP30/Page_VRelay30Emulator/UDF8'

26-08-2024T22:03:37 - [MESSAGE][PASSED] - Text 'udf data 9' is set on object 'Object Repository/IWP30/Page_VRelay30Emulator/UDF9'

26-08-2024T22:03:38 - [MESSAGE][PASSED] - Text 'udf data 10' is set on object 'Object Repository/IWP30/Page_VRelay30Emulator/UDF10'

26-08-2024T22:03:39 - [MESSAGE][PASSED] - Object: 'Object Repository/IWP30/Page_VRelay30Emulator/Submit' is clicked on

26-08-2024T22:03:44 - [MESSAGE][PASSED] - Browser is closed

26-08-2024T22:03:48 - [MESSAGE][PASSED] - iwpPages.emulatorIWP30.setDataEmulator_DD is PASSED

26-08-2024T22:03:48 - [TEST_STEP][PASSED] - testHarnessURL = urlTestHarness: null

26-08-2024T22:03:48 - [TEST_STEP][PASSED] - openBrowser(testHarnessURL): Browser is opened with url: 'https://dev-algorithm.govolution.com/vrelaytest/QA2/version_2_2/vrelaytest.html'

26-08-2024T22:03:48 - [MESSAGE][INFO] - Starting 'Edge Chromium' driver

26-08-2024T22:03:48 - [MESSAGE][INFO] - User set preference: ['acceptInsecureCerts', 'true']

26-08-2024T22:03:50 - [MESSAGE][INFO] - Action delay is set to 0 milliseconds

26-08-2024T22:03:54 - [MESSAGE][PASSED] - Browser is opened with url: 'https://dev-algorithm.govolution.com/vrelaytest/QA2/version_2_2/vrelaytest.html'

26-08-2024T22:03:54 - [TEST_STEP][PASSED] - maximizeWindow(): Current window maximized

26-08-2024T22:03:55 - [MESSAGE][PASSED] - Current window maximized

26-08-2024T22:03:55 - [TEST_STEP][PASSED] - iwpPages.TestHarnessPage.setDataMethod(row, dataFile): iwpPages.TestHarnessPage.setDataMethod is PASSED

26-08-2024T22:03:55 - [MESSAGE][PASSED] - Object 'Object Repository/IWP30/Page_QATestHarness/RemittanceID' is present

26-08-2024T22:03:56 - [MESSAGE][PASSED] - Text '638' is set on object 'Object Repository/IWP30/Page_QATestHarness/ApplicationID'

26-08-2024T22:03:56 - [MESSAGE][PASSED] - Text '2.5' is set on object 'Object Repository/IWP30/Page_QATestHarness/MessageVersion'

26-08-2024T22:03:57 - [MESSAGE][PASSED] - Text '1BJxNVAdvdfY' is set on object 'Object Repository/IWP30/Page_QATestHarness/RemittanceID'

26-08-2024T22:04:00 - [MESSAGE][PASSED] - Object: 'Object Repository/IWP30/Page_QATestHarness/SubmitButton' is clicked on

26-08-2024T22:04:00 - [MESSAGE][PASSED] - iwpPages.TestHarnessPage.setDataMethod is PASSED

26-08-2024T22:04:00 - [TEST_STEP][PASSED] - click(findTestObject("Object Repository/IWP30/Page_SelectPaymentMethod/PayByPersonalCheck")): Object: 'Object Repository/IWP30/Page_SelectPaymentMethod/PayByPersonalCheck' is clicked on

26-08-2024T22:04:01 - [MESSAGE][PASSED] - Object: 'Object Repository/IWP30/Page_SelectPaymentMethod/PayByPersonalCheck' is clicked on

26-08-2024T22:04:01 - [TEST_STEP][PASSED] - click(findTestObject("Object Repository/IWP30/Page_SelectPaymentMethod/MakePaymentButton")): Object: 'Object Repository/IWP30/Page_SelectPaymentMethod/MakePaymentButton' is clicked on

26-08-2024T22:04:03 - [MESSAGE][PASSED] - Object: 'Object Repository/IWP30/Page_SelectPaymentMethod/MakePaymentButton' is clicked on

26-08-2024T22:04:03 - [TEST_STEP][PASSED] - iwpPages.achPersonalPaymentEntryPage.setDataACHPPM(row, dataFile): iwpPages.achPersonalPaymentEntryPage.setDataACHPPM is PASSED

26-08-2024T22:04:05 - [MESSAGE][PASSED] - Object 'Object Repository/IWP30/Page_ACHPersonalPaymentEntry/txt_accountNumber' is present

26-08-2024T22:04:05 - [MESSAGE][PASSED] - Text '200.50' is set on object 'Object Repository/IWP30/Page_ACHPersonalPaymentEntry/txt_Amount'

26-08-2024T22:04:06 - [MESSAGE][PASSED] - Object 'Object Repository/IWP30/Page_ACHPersonalPaymentEntry/txt_UDF2' is present

26-08-2024T22:04:06 - [MESSAGE][PASSED] - Text 'udf data 2' is set on object 'Object Repository/IWP30/Page_ACHPersonalPaymentEntry/txt_UDF2'

26-08-2024T22:04:07 - [MESSAGE][PASSED] - Text 'udf data 3' is set on object 'Object Repository/IWP30/Page_ACHPersonalPaymentEntry/txt_UDF3'

26-08-2024T22:04:07 - [MESSAGE][PASSED] - All options with label 'Orange' are selected in object 'Object Repository/IWP30/Page_ACHPersonalPaymentEntry/dd_UDF7' 

26-08-2024T22:04:08 - [MESSAGE][PASSED] - All options with label 'Soccer' are selected in object 'Object Repository/IWP30/Page_ACHPersonalPaymentEntry/dd_UDF8' 

26-08-2024T22:04:08 - [MESSAGE][PASSED] - Object 'Object Repository/IWP30/Page_ACHPersonalPaymentEntry/txt_Firstname' is present

26-08-2024T22:04:09 - [MESSAGE][PASSED] - Text 'Elizath' is set on object 'Object Repository/IWP30/Page_ACHPersonalPaymentEntry/txt_Firstname'

26-08-2024T22:04:09 - [MESSAGE][PASSED] - Object 'Object Repository/IWP30/Page_ACHPersonalPaymentEntry/txt_Lastname' is present

26-08-2024T22:04:10 - [MESSAGE][PASSED] - Text 'Christine' is set on object 'Object Repository/IWP30/Page_ACHPersonalPaymentEntry/txt_Lastname'

26-08-2024T22:04:10 - [MESSAGE][PASSED] - Object 'Object Repository/IWP30/Page_ACHPersonalPaymentEntry/txt_routingNumber' is present

26-08-2024T22:04:11 - [MESSAGE][PASSED] - Text '256072691' is set on object 'Object Repository/IWP30/Page_ACHPersonalPaymentEntry/txt_routingNumber'

26-08-2024T22:04:11 - [MESSAGE][PASSED] - Object 'Object Repository/IWP30/Page_ACHPersonalPaymentEntry/txt_accountNumber' is present

26-08-2024T22:04:12 - [MESSAGE][PASSED] - Text '12344444' is set on object 'Object Repository/IWP30/Page_ACHPersonalPaymentEntry/txt_accountNumber'

26-08-2024T22:04:13 - [MESSAGE][PASSED] - Object 'Object Repository/IWP30/Page_ACHPersonalPaymentEntry/txt_confirmAccountNumber' is present

26-08-2024T22:04:13 - [MESSAGE][PASSED] - Text '12344444' is set on object 'Object Repository/IWP30/Page_ACHPersonalPaymentEntry/txt_confirmAccountNumber'

26-08-2024T22:04:14 - [MESSAGE][PASSED] - Object 'Object Repository/IWP30/Page_ACHPersonalPaymentEntry/rd_accountType' is present

26-08-2024T22:04:14 - [MESSAGE][PASSED] - Modify property of object successfully

26-08-2024T22:04:14 - [MESSAGE][PASSED] - Object: 'Object Repository/IWP30/Page_ACHPersonalPaymentEntry/rd_accountType' is clicked on

26-08-2024T22:04:15 - [MESSAGE][PASSED] - Text '365 Main Avenue' is set on object 'Object Repository/IWP30/Page_ACHPersonalPaymentEntry/txt_AL1'

26-08-2024T22:04:15 - [MESSAGE][PASSED] - Text '22201' is set on object 'Object Repository/IWP30/Page_ACHPersonalPaymentEntry/txt_ZIP'

26-08-2024T22:04:16 - [MESSAGE][PASSED] - Object 'Object Repository/IWP30/Page_ACHPersonalPaymentEntry/txt_Email' is present

26-08-2024T22:04:17 - [MESSAGE][PASSED] - Text 'iahmed@govolution.com' is set on object 'Object Repository/IWP30/Page_ACHPersonalPaymentEntry/txt_Email'

26-08-2024T22:04:17 - [MESSAGE][PASSED] - Object 'Object Repository/IWP30/Page_ACHPersonalPaymentEntry/cb_TermsAndCond' is present

26-08-2024T22:04:17 - [MESSAGE][PASSED] - Object: 'Object Repository/IWP30/Page_ACHPersonalPaymentEntry/cb_TermsAndCond' is clicked on

26-08-2024T22:04:18 - [MESSAGE][PASSED] - Object 'Object Repository/IWP30/Page_ACHPersonalPaymentEntry/btn_Continue' is present

26-08-2024T22:04:20 - [MESSAGE][PASSED] - Object: 'Object Repository/IWP30/Page_ACHPersonalPaymentEntry/btn_Continue' is clicked on

26-08-2024T22:04:20 - [MESSAGE][PASSED] - iwpPages.achPersonalPaymentEntryPage.setDataACHPPM is PASSED

26-08-2024T22:04:20 - [TEST_STEP][PASSED] - Thread.sleep(10000): null

26-08-2024T22:04:30 - [TEST_STEP][PASSED] - if (verifyTextPresent("Amount is greater than maximum", false)): null

26-08-2024T22:04:30 - [MESSAGE][PASSED] - Text 'Amount is greater than maximum' is present on page 

26-08-2024T22:04:30 - [TEST_STEP][PASSED] - println("Max Amount Error message shown"): null

26-08-2024T22:04:30 - [TEST_STEP][PASSED] - markPassed("Max Amount Error message shown"): Max Amount Error message shown

26-08-2024T22:04:30 - [MESSAGE][PASSED] - Max Amount Error message shown

26-08-2024T22:04:30 - [TEST_STEP][PASSED] - resText = "Pass": null

26-08-2024T22:04:30 - [TEST_STEP][PASSED] - pages.WriteExcel.demoKey(resText, datText, resColumn, datCloumn, fileLoc, nameSheet, row): pages.WriteExcel.demoKey is PASSED

26-08-2024T22:04:30 - [MESSAGE][PASSED] - pages.WriteExcel.demoKey is PASSED

26-08-2024T22:04:30 - [TEST_STEP][PASSED] - closeBrowser(): Browser is closed

26-08-2024T22:04:31 - [MESSAGE][PASSED] - Browser is closed]]></system-out>
         <system-err><![CDATA[]]></system-err>
      </testcase>
      <testcase name="Test Cases/IntegratedWeb/IWP25/Error/MinAmountErrorCorp" time="76.464" classname="Test Cases/IntegratedWeb/IWP25/Error/MinAmountErrorCorp" status="PASSED">
         <system-out><![CDATA[26-08-2024T22:04:31 - [TEST_CASE][PASSED] - Test Cases/IntegratedWeb/IWP25/Error/MinAmountErrorCorp: Test Cases/IntegratedWeb/IWP25/Error/MinAmountErrorCorp

26-08-2024T22:04:31 - [TEST_STEP][PASSED] - resText = "Fail": null

26-08-2024T22:04:31 - [TEST_STEP][PASSED] - resColumn = "Result": null

26-08-2024T22:04:31 - [TEST_STEP][PASSED] - datCloumn = "Date": null

26-08-2024T22:04:31 - [TEST_STEP][PASSED] - fileLoc = "KatalonData/IWPTestData/VRelay25Payments.xlsx": null

26-08-2024T22:04:31 - [TEST_STEP][PASSED] - numOfRows = <not implemented yet for class: org.codehaus.groovy.ast.expr.EmptyExpression>: null

26-08-2024T22:04:31 - [TEST_STEP][PASSED] - dataFile = <not implemented yet for class: org.codehaus.groovy.ast.expr.EmptyExpression>: null

26-08-2024T22:04:31 - [TEST_STEP][PASSED] - nameSheet = <not implemented yet for class: org.codehaus.groovy.ast.expr.EmptyExpression>: null

26-08-2024T22:04:31 - [TEST_STEP][PASSED] - dataFileEmulator = <not implemented yet for class: org.codehaus.groovy.ast.expr.EmptyExpression>: null

26-08-2024T22:04:31 - [TEST_STEP][PASSED] - nameSheet = "MinAmountErrorCorp": null

26-08-2024T22:04:31 - [TEST_STEP][PASSED] - dataFile = "IWPTestData/IWP25MinAmountErrorCorp": null

26-08-2024T22:04:31 - [TEST_STEP][PASSED] - dataFileEmulator = "IWPTestData/EmulatorData": null

26-08-2024T22:04:31 - [TEST_STEP][PASSED] - numOfRows = findTestData(dataFile).getRowNumbers(): null

26-08-2024T22:04:31 - [TEST_STEP][PASSED] - println("Number of Records: " + numOfRows): null

26-08-2024T22:04:31 - [TEST_STEP][PASSED] - for ([row = 1, row <= numOfRows, (row++)]): Browser is closed

26-08-2024T22:04:31 - [TEST_STEP][PASSED] - ExecuteTC = findTestData(dataFile).getValue("Execute", row): null

26-08-2024T22:04:31 - [TEST_STEP][PASSED] - out.println("Value of Execute is : " + ExecuteTC): null

26-08-2024T22:04:31 - [TEST_STEP][PASSED] - if (ExecuteTC.equalsIgnoreCase("Y")): null

26-08-2024T22:04:31 - [TEST_STEP][PASSED] - out.println("Begin Record Number: " + row): null

26-08-2024T22:04:31 - [TEST_STEP][PASSED] - today = new java.util.Date(): null

26-08-2024T22:04:31 - [TEST_STEP][PASSED] - println(today): null

26-08-2024T22:04:31 - [TEST_STEP][PASSED] - datText = today: null

26-08-2024T22:04:31 - [TEST_STEP][PASSED] - EmulatorDataKey = findTestData(dataFile).getValue("EmulatorData", row): null

26-08-2024T22:04:31 - [TEST_STEP][PASSED] - out.println("Value of Emulator Key is : " + EmulatorDataKey): null

26-08-2024T22:04:32 - [TEST_STEP][PASSED] - iwpPages.emulatorIWP30.setDataEmulator_DD(EmulatorDataKey): iwpPages.emulatorIWP30.setDataEmulator_DD is PASSED

26-08-2024T22:04:32 - [MESSAGE][INFO] - Starting 'Edge Chromium' driver

26-08-2024T22:04:32 - [MESSAGE][INFO] - User set preference: ['acceptInsecureCerts', 'true']

26-08-2024T22:04:34 - [MESSAGE][INFO] - Action delay is set to 0 milliseconds

26-08-2024T22:04:38 - [MESSAGE][PASSED] - Browser is opened with url: 'https://qa2.velocitypayment.com/agency/config.do?action=editor&message_version=2_5'

26-08-2024T22:04:38 - [MESSAGE][PASSED] - Current window maximized

26-08-2024T22:04:39 - [MESSAGE][PASSED] - All options with value '2.5' are selected in object 'Object Repository/IWP30/Page_VRelay30Emulator/MV'  using regular expression

26-08-2024T22:04:40 - [MESSAGE][PASSED] - Text '10.50' is set on object 'Object Repository/IWP30/Page_VRelay30Emulator/Amount'

26-08-2024T22:04:41 - [MESSAGE][PASSED] - Text '26413414' is set on object 'Object Repository/IWP30/Page_VRelay30Emulator/CAN'

26-08-2024T22:04:41 - [MESSAGE][PASSED] - Text 'PayNow' is set on object 'Object Repository/IWP30/Page_VRelay30Emulator/Action'

26-08-2024T22:04:42 - [MESSAGE][PASSED] - Text 'en_US' is set on object 'Object Repository/IWP30/Page_VRelay30Emulator/Lang'

26-08-2024T22:04:43 - [MESSAGE][PASSED] - Text '' is set on object 'Object Repository/IWP30/Page_VRelay30Emulator/Fname'

26-08-2024T22:04:43 - [MESSAGE][PASSED] - Text '' is set on object 'Object Repository/IWP30/Page_VRelay30Emulator/Lname'

26-08-2024T22:04:44 - [MESSAGE][PASSED] - Text '' is set on object 'Object Repository/IWP30/Page_VRelay30Emulator/AL1'

26-08-2024T22:04:44 - [MESSAGE][PASSED] - Text '' is set on object 'Object Repository/IWP30/Page_VRelay30Emulator/AL2'

26-08-2024T22:04:45 - [MESSAGE][PASSED] - Text '' is set on object 'Object Repository/IWP30/Page_VRelay30Emulator/Country'

26-08-2024T22:04:46 - [MESSAGE][PASSED] - Text '' is set on object 'Object Repository/IWP30/Page_VRelay30Emulator/City'

26-08-2024T22:04:46 - [MESSAGE][PASSED] - Text '' is set on object 'Object Repository/IWP30/Page_VRelay30Emulator/State'

26-08-2024T22:04:47 - [MESSAGE][PASSED] - Text '' is set on object 'Object Repository/IWP30/Page_VRelay30Emulator/ZIP'

26-08-2024T22:04:47 - [MESSAGE][PASSED] - Text '' is set on object 'Object Repository/IWP30/Page_VRelay30Emulator/Order'

26-08-2024T22:04:48 - [MESSAGE][PASSED] - Text '' is set on object 'Object Repository/IWP30/Page_VRelay30Emulator/Company'

26-08-2024T22:04:49 - [MESSAGE][PASSED] - Text '' is set on object 'Object Repository/IWP30/Page_VRelay30Emulator/Email'

26-08-2024T22:04:49 - [MESSAGE][PASSED] - Text '' is set on object 'Object Repository/IWP30/Page_VRelay30Emulator/UDF1'

26-08-2024T22:04:50 - [MESSAGE][PASSED] - Text '' is set on object 'Object Repository/IWP30/Page_VRelay30Emulator/UDF2'

26-08-2024T22:04:50 - [MESSAGE][PASSED] - Text '' is set on object 'Object Repository/IWP30/Page_VRelay30Emulator/UDF3'

26-08-2024T22:04:51 - [MESSAGE][PASSED] - Text 'udf data 4' is set on object 'Object Repository/IWP30/Page_VRelay30Emulator/UDF4'

26-08-2024T22:04:52 - [MESSAGE][PASSED] - Text 'udf data 5' is set on object 'Object Repository/IWP30/Page_VRelay30Emulator/UDF5'

26-08-2024T22:04:52 - [MESSAGE][PASSED] - Text '' is set on object 'Object Repository/IWP30/Page_VRelay30Emulator/UDF6'

26-08-2024T22:04:53 - [MESSAGE][PASSED] - Text '' is set on object 'Object Repository/IWP30/Page_VRelay30Emulator/UDF7'

26-08-2024T22:04:53 - [MESSAGE][PASSED] - Text '' is set on object 'Object Repository/IWP30/Page_VRelay30Emulator/UDF8'

26-08-2024T22:04:54 - [MESSAGE][PASSED] - Text 'udf data 9' is set on object 'Object Repository/IWP30/Page_VRelay30Emulator/UDF9'

26-08-2024T22:04:55 - [MESSAGE][PASSED] - Text 'udf data 10' is set on object 'Object Repository/IWP30/Page_VRelay30Emulator/UDF10'

26-08-2024T22:04:56 - [MESSAGE][PASSED] - Object: 'Object Repository/IWP30/Page_VRelay30Emulator/Submit' is clicked on

26-08-2024T22:05:00 - [MESSAGE][PASSED] - Browser is closed

26-08-2024T22:05:04 - [MESSAGE][PASSED] - iwpPages.emulatorIWP30.setDataEmulator_DD is PASSED

26-08-2024T22:05:04 - [TEST_STEP][PASSED] - testHarnessURL = urlTestHarness: null

26-08-2024T22:05:04 - [TEST_STEP][PASSED] - openBrowser(testHarnessURL): Browser is opened with url: 'https://dev-algorithm.govolution.com/vrelaytest/QA2/version_2_2/vrelaytest.html'

26-08-2024T22:05:04 - [MESSAGE][INFO] - Starting 'Edge Chromium' driver

26-08-2024T22:05:04 - [MESSAGE][INFO] - User set preference: ['acceptInsecureCerts', 'true']

26-08-2024T22:05:06 - [MESSAGE][INFO] - Action delay is set to 0 milliseconds

26-08-2024T22:05:10 - [MESSAGE][PASSED] - Browser is opened with url: 'https://dev-algorithm.govolution.com/vrelaytest/QA2/version_2_2/vrelaytest.html'

26-08-2024T22:05:10 - [TEST_STEP][PASSED] - maximizeWindow(): Current window maximized

26-08-2024T22:05:10 - [MESSAGE][PASSED] - Current window maximized

26-08-2024T22:05:10 - [TEST_STEP][PASSED] - iwpPages.TestHarnessPage.setDataMethod(row, dataFile): iwpPages.TestHarnessPage.setDataMethod is PASSED

26-08-2024T22:05:10 - [MESSAGE][PASSED] - Object 'Object Repository/IWP30/Page_QATestHarness/RemittanceID' is present

26-08-2024T22:05:11 - [MESSAGE][PASSED] - Text '638' is set on object 'Object Repository/IWP30/Page_QATestHarness/ApplicationID'

26-08-2024T22:05:12 - [MESSAGE][PASSED] - Text '2.5' is set on object 'Object Repository/IWP30/Page_QATestHarness/MessageVersion'

26-08-2024T22:05:13 - [MESSAGE][PASSED] - Text '1SBkQRCqlkpu' is set on object 'Object Repository/IWP30/Page_QATestHarness/RemittanceID'

26-08-2024T22:05:17 - [MESSAGE][PASSED] - Object: 'Object Repository/IWP30/Page_QATestHarness/SubmitButton' is clicked on

26-08-2024T22:05:17 - [MESSAGE][PASSED] - iwpPages.TestHarnessPage.setDataMethod is PASSED

26-08-2024T22:05:17 - [TEST_STEP][PASSED] - click(findTestObject("Object Repository/IWP30/Page_SelectPaymentMethod/PayByCorporateCheck")): Object: 'Object Repository/IWP30/Page_SelectPaymentMethod/PayByCorporateCheck' is clicked on

26-08-2024T22:05:18 - [MESSAGE][PASSED] - Object: 'Object Repository/IWP30/Page_SelectPaymentMethod/PayByCorporateCheck' is clicked on

26-08-2024T22:05:18 - [TEST_STEP][PASSED] - click(findTestObject("Object Repository/IWP30/Page_SelectPaymentMethod/MakePaymentButton")): Object: 'Object Repository/IWP30/Page_SelectPaymentMethod/MakePaymentButton' is clicked on

26-08-2024T22:05:21 - [MESSAGE][PASSED] - Object: 'Object Repository/IWP30/Page_SelectPaymentMethod/MakePaymentButton' is clicked on

26-08-2024T22:05:21 - [TEST_STEP][PASSED] - iwpPages.achCorporatePaymentEntryPage.setDataCorporate(row, dataFile): iwpPages.achCorporatePaymentEntryPage.setDataCorporate is PASSED

26-08-2024T22:05:21 - [MESSAGE][PASSED] - Object 'Object Repository/IWP30/Page_ACHCorporatePaymentEntry/txt_accountNumber' is present

26-08-2024T22:05:22 - [MESSAGE][PASSED] - Object 'Object Repository/IWP30/Page_ACHCorporatePaymentEntry/input_CompanyName' is present

26-08-2024T22:05:22 - [MESSAGE][PASSED] - Text 'My Company' is set on object 'Object Repository/IWP30/Page_ACHCorporatePaymentEntry/input_CompanyName'

26-08-2024T22:05:23 - [MESSAGE][PASSED] - Object 'Object Repository/IWP30/Page_ACHCorporatePaymentEntry/input_EIN' is present

26-08-2024T22:05:23 - [MESSAGE][PASSED] - Text '123456789' is set on object 'Object Repository/IWP30/Page_ACHCorporatePaymentEntry/input_EIN'

26-08-2024T22:05:24 - [MESSAGE][PASSED] - Text '1.50' is set on object 'Object Repository/IWP30/Page_ACHCorporatePaymentEntry/txt_Amount'

26-08-2024T22:05:24 - [MESSAGE][PASSED] - Text 'udf data 2' is set on object 'Object Repository/IWP30/Page_ACHCorporatePaymentEntry/txt_UDF2'

26-08-2024T22:05:25 - [MESSAGE][PASSED] - Text 'udf data 3' is set on object 'Object Repository/IWP30/Page_ACHCorporatePaymentEntry/txt_UDF3'

26-08-2024T22:05:26 - [MESSAGE][PASSED] - All options with label 'Orange' are selected in object 'Object Repository/IWP30/Page_ACHCorporatePaymentEntry/dd_UDF7' 

26-08-2024T22:05:26 - [MESSAGE][PASSED] - All options with label 'Soccer' are selected in object 'Object Repository/IWP30/Page_ACHCorporatePaymentEntry/dd_UDF8' 

26-08-2024T22:05:26 - [MESSAGE][PASSED] - Object 'Object Repository/IWP30/Page_ACHCorporatePaymentEntry/txt_routingNumber' is present

26-08-2024T22:05:27 - [MESSAGE][PASSED] - Text '256072691' is set on object 'Object Repository/IWP30/Page_ACHCorporatePaymentEntry/txt_routingNumber'

26-08-2024T22:05:27 - [MESSAGE][PASSED] - Object 'Object Repository/IWP30/Page_ACHCorporatePaymentEntry/txt_accountNumber' is present

26-08-2024T22:05:29 - [MESSAGE][PASSED] - Text '12344444' is set on object 'Object Repository/IWP30/Page_ACHCorporatePaymentEntry/txt_accountNumber'

26-08-2024T22:05:29 - [MESSAGE][PASSED] - Object 'Object Repository/IWP30/Page_ACHCorporatePaymentEntry/txt_confirmAccountNumber' is present

26-08-2024T22:05:30 - [MESSAGE][PASSED] - Text '12344444' is set on object 'Object Repository/IWP30/Page_ACHCorporatePaymentEntry/txt_confirmAccountNumber'

26-08-2024T22:05:30 - [MESSAGE][PASSED] - Text '365 Main Avenue' is set on object 'Object Repository/IWP30/Page_ACHCorporatePaymentEntry/txt_AL1'

26-08-2024T22:05:31 - [MESSAGE][PASSED] - Text '22201' is set on object 'Object Repository/IWP30/Page_ACHCorporatePaymentEntry/txt_ZIP'

26-08-2024T22:05:31 - [MESSAGE][PASSED] - Object 'Object Repository/IWP30/Page_ACHCorporatePaymentEntry/txt_Email' is present

26-08-2024T22:05:33 - [MESSAGE][PASSED] - Text 'iahmed@govolution.com' is set on object 'Object Repository/IWP30/Page_ACHCorporatePaymentEntry/txt_Email'

26-08-2024T22:05:33 - [MESSAGE][PASSED] - Object 'Object Repository/IWP30/Page_ACHCorporatePaymentEntry/cb_TermsAndCond' is present

26-08-2024T22:05:33 - [MESSAGE][PASSED] - Object: 'Object Repository/IWP30/Page_ACHCorporatePaymentEntry/cb_TermsAndCond' is clicked on

26-08-2024T22:05:34 - [MESSAGE][PASSED] - Object 'Object Repository/IWP30/Page_ACHCorporatePaymentEntry/btn_Continue' is present

26-08-2024T22:05:36 - [MESSAGE][PASSED] - Object: 'Object Repository/IWP30/Page_ACHCorporatePaymentEntry/btn_Continue' is clicked on

26-08-2024T22:05:36 - [MESSAGE][PASSED] - iwpPages.achCorporatePaymentEntryPage.setDataCorporate is PASSED

26-08-2024T22:05:36 - [TEST_STEP][PASSED] - Thread.sleep(10000): null

26-08-2024T22:05:46 - [TEST_STEP][PASSED] - if (verifyTextPresent("Amount is less than minimum", false)): null

26-08-2024T22:05:46 - [MESSAGE][PASSED] - Text 'Amount is less than minimum' is present on page 

26-08-2024T22:05:46 - [TEST_STEP][PASSED] - println("Min Amount Error message shown"): null

26-08-2024T22:05:46 - [TEST_STEP][PASSED] - markPassed("Min Amount Error message shown"): Min Amount Error message shown

26-08-2024T22:05:46 - [MESSAGE][PASSED] - Min Amount Error message shown

26-08-2024T22:05:46 - [TEST_STEP][PASSED] - resText = "Pass": null

26-08-2024T22:05:46 - [TEST_STEP][PASSED] - pages.WriteExcel.demoKey(resText, datText, resColumn, datCloumn, fileLoc, nameSheet, row): pages.WriteExcel.demoKey is PASSED

26-08-2024T22:05:46 - [MESSAGE][PASSED] - pages.WriteExcel.demoKey is PASSED

26-08-2024T22:05:46 - [TEST_STEP][PASSED] - closeBrowser(): Browser is closed

26-08-2024T22:05:47 - [MESSAGE][PASSED] - Browser is closed]]></system-out>
         <system-err><![CDATA[]]></system-err>
      </testcase>
      <testcase name="Test Cases/IntegratedWeb/IWP25/Error/MinAmountErrorPC" time="75.086" classname="Test Cases/IntegratedWeb/IWP25/Error/MinAmountErrorPC" status="PASSED">
         <system-out><![CDATA[26-08-2024T22:05:47 - [TEST_CASE][PASSED] - Test Cases/IntegratedWeb/IWP25/Error/MinAmountErrorPC: Test Cases/IntegratedWeb/IWP25/Error/MinAmountErrorPC

26-08-2024T22:05:48 - [TEST_STEP][PASSED] - resText = "Fail": null

26-08-2024T22:05:48 - [TEST_STEP][PASSED] - resColumn = "Result": null

26-08-2024T22:05:48 - [TEST_STEP][PASSED] - datCloumn = "Date": null

26-08-2024T22:05:48 - [TEST_STEP][PASSED] - fileLoc = "KatalonData/IWPTestData/VRelay25Payments.xlsx": null

26-08-2024T22:05:48 - [TEST_STEP][PASSED] - numOfRows = <not implemented yet for class: org.codehaus.groovy.ast.expr.EmptyExpression>: null

26-08-2024T22:05:48 - [TEST_STEP][PASSED] - dataFile = <not implemented yet for class: org.codehaus.groovy.ast.expr.EmptyExpression>: null

26-08-2024T22:05:48 - [TEST_STEP][PASSED] - nameSheet = <not implemented yet for class: org.codehaus.groovy.ast.expr.EmptyExpression>: null

26-08-2024T22:05:48 - [TEST_STEP][PASSED] - dataFileEmulator = <not implemented yet for class: org.codehaus.groovy.ast.expr.EmptyExpression>: null

26-08-2024T22:05:48 - [TEST_STEP][PASSED] - nameSheet = "MinAmountErrorPC": null

26-08-2024T22:05:48 - [TEST_STEP][PASSED] - dataFile = "IWPTestData/IWP25MinAmountErrorPC": null

26-08-2024T22:05:48 - [TEST_STEP][PASSED] - dataFileEmulator = "IWPTestData/EmulatorData": null

26-08-2024T22:05:48 - [TEST_STEP][PASSED] - numOfRows = findTestData(dataFile).getRowNumbers(): null

26-08-2024T22:05:48 - [TEST_STEP][PASSED] - println("Number of Records: " + numOfRows): null

26-08-2024T22:05:48 - [TEST_STEP][PASSED] - for ([row = 1, row <= numOfRows, (row++)]): Browser is closed

26-08-2024T22:05:48 - [TEST_STEP][PASSED] - ExecuteTC = findTestData(dataFile).getValue("Execute", row): null

26-08-2024T22:05:48 - [TEST_STEP][PASSED] - out.println("Value of Execute is : " + ExecuteTC): null

26-08-2024T22:05:48 - [TEST_STEP][PASSED] - if (ExecuteTC.equalsIgnoreCase("Y")): null

26-08-2024T22:05:48 - [TEST_STEP][PASSED] - out.println("Begin Record Number: " + row): null

26-08-2024T22:05:48 - [TEST_STEP][PASSED] - today = new java.util.Date(): null

26-08-2024T22:05:48 - [TEST_STEP][PASSED] - println(today): null

26-08-2024T22:05:48 - [TEST_STEP][PASSED] - datText = today: null

26-08-2024T22:05:48 - [TEST_STEP][PASSED] - EmulatorDataKey = findTestData(dataFile).getValue("EmulatorData", row): null

26-08-2024T22:05:48 - [TEST_STEP][PASSED] - out.println("Value of Emulator Key is : " + EmulatorDataKey): null

26-08-2024T22:05:48 - [TEST_STEP][PASSED] - iwpPages.emulatorIWP30.setDataEmulator_DD(EmulatorDataKey): iwpPages.emulatorIWP30.setDataEmulator_DD is PASSED

26-08-2024T22:05:48 - [MESSAGE][INFO] - Starting 'Edge Chromium' driver

26-08-2024T22:05:48 - [MESSAGE][INFO] - User set preference: ['acceptInsecureCerts', 'true']

26-08-2024T22:05:50 - [MESSAGE][INFO] - Action delay is set to 0 milliseconds

26-08-2024T22:05:54 - [MESSAGE][PASSED] - Browser is opened with url: 'https://qa2.velocitypayment.com/agency/config.do?action=editor&message_version=2_5'

26-08-2024T22:05:54 - [MESSAGE][PASSED] - Current window maximized

26-08-2024T22:05:55 - [MESSAGE][PASSED] - All options with value '2.5' are selected in object 'Object Repository/IWP30/Page_VRelay30Emulator/MV'  using regular expression

26-08-2024T22:05:56 - [MESSAGE][PASSED] - Text '10.50' is set on object 'Object Repository/IWP30/Page_VRelay30Emulator/Amount'

26-08-2024T22:05:56 - [MESSAGE][PASSED] - Text '26413414' is set on object 'Object Repository/IWP30/Page_VRelay30Emulator/CAN'

26-08-2024T22:05:57 - [MESSAGE][PASSED] - Text 'PayNow' is set on object 'Object Repository/IWP30/Page_VRelay30Emulator/Action'

26-08-2024T22:05:58 - [MESSAGE][PASSED] - Text 'en_US' is set on object 'Object Repository/IWP30/Page_VRelay30Emulator/Lang'

26-08-2024T22:05:58 - [MESSAGE][PASSED] - Text '' is set on object 'Object Repository/IWP30/Page_VRelay30Emulator/Fname'

26-08-2024T22:05:59 - [MESSAGE][PASSED] - Text '' is set on object 'Object Repository/IWP30/Page_VRelay30Emulator/Lname'

26-08-2024T22:05:59 - [MESSAGE][PASSED] - Text '' is set on object 'Object Repository/IWP30/Page_VRelay30Emulator/AL1'

26-08-2024T22:06:00 - [MESSAGE][PASSED] - Text '' is set on object 'Object Repository/IWP30/Page_VRelay30Emulator/AL2'

26-08-2024T22:06:01 - [MESSAGE][PASSED] - Text '' is set on object 'Object Repository/IWP30/Page_VRelay30Emulator/Country'

26-08-2024T22:06:01 - [MESSAGE][PASSED] - Text '' is set on object 'Object Repository/IWP30/Page_VRelay30Emulator/City'

26-08-2024T22:06:02 - [MESSAGE][PASSED] - Text '' is set on object 'Object Repository/IWP30/Page_VRelay30Emulator/State'

26-08-2024T22:06:02 - [MESSAGE][PASSED] - Text '' is set on object 'Object Repository/IWP30/Page_VRelay30Emulator/ZIP'

26-08-2024T22:06:03 - [MESSAGE][PASSED] - Text '' is set on object 'Object Repository/IWP30/Page_VRelay30Emulator/Order'

26-08-2024T22:06:04 - [MESSAGE][PASSED] - Text '' is set on object 'Object Repository/IWP30/Page_VRelay30Emulator/Company'

26-08-2024T22:06:04 - [MESSAGE][PASSED] - Text '' is set on object 'Object Repository/IWP30/Page_VRelay30Emulator/Email'

26-08-2024T22:06:05 - [MESSAGE][PASSED] - Text '' is set on object 'Object Repository/IWP30/Page_VRelay30Emulator/UDF1'

26-08-2024T22:06:05 - [MESSAGE][PASSED] - Text '' is set on object 'Object Repository/IWP30/Page_VRelay30Emulator/UDF2'

26-08-2024T22:06:06 - [MESSAGE][PASSED] - Text '' is set on object 'Object Repository/IWP30/Page_VRelay30Emulator/UDF3'

26-08-2024T22:06:07 - [MESSAGE][PASSED] - Text 'udf data 4' is set on object 'Object Repository/IWP30/Page_VRelay30Emulator/UDF4'

26-08-2024T22:06:07 - [MESSAGE][PASSED] - Text 'udf data 5' is set on object 'Object Repository/IWP30/Page_VRelay30Emulator/UDF5'

26-08-2024T22:06:08 - [MESSAGE][PASSED] - Text '' is set on object 'Object Repository/IWP30/Page_VRelay30Emulator/UDF6'

26-08-2024T22:06:08 - [MESSAGE][PASSED] - Text '' is set on object 'Object Repository/IWP30/Page_VRelay30Emulator/UDF7'

26-08-2024T22:06:09 - [MESSAGE][PASSED] - Text '' is set on object 'Object Repository/IWP30/Page_VRelay30Emulator/UDF8'

26-08-2024T22:06:10 - [MESSAGE][PASSED] - Text 'udf data 9' is set on object 'Object Repository/IWP30/Page_VRelay30Emulator/UDF9'

26-08-2024T22:06:10 - [MESSAGE][PASSED] - Text 'udf data 10' is set on object 'Object Repository/IWP30/Page_VRelay30Emulator/UDF10'

26-08-2024T22:06:11 - [MESSAGE][PASSED] - Object: 'Object Repository/IWP30/Page_VRelay30Emulator/Submit' is clicked on

26-08-2024T22:06:16 - [MESSAGE][PASSED] - Browser is closed

26-08-2024T22:06:20 - [MESSAGE][PASSED] - iwpPages.emulatorIWP30.setDataEmulator_DD is PASSED

26-08-2024T22:06:20 - [TEST_STEP][PASSED] - testHarnessURL = urlTestHarness: null

26-08-2024T22:06:20 - [TEST_STEP][PASSED] - openBrowser(testHarnessURL): Browser is opened with url: 'https://dev-algorithm.govolution.com/vrelaytest/QA2/version_2_2/vrelaytest.html'

26-08-2024T22:06:20 - [MESSAGE][INFO] - Starting 'Edge Chromium' driver

26-08-2024T22:06:20 - [MESSAGE][INFO] - User set preference: ['acceptInsecureCerts', 'true']

26-08-2024T22:06:22 - [MESSAGE][INFO] - Action delay is set to 0 milliseconds

26-08-2024T22:06:26 - [MESSAGE][PASSED] - Browser is opened with url: 'https://dev-algorithm.govolution.com/vrelaytest/QA2/version_2_2/vrelaytest.html'

26-08-2024T22:06:26 - [TEST_STEP][PASSED] - maximizeWindow(): Current window maximized

26-08-2024T22:06:26 - [MESSAGE][PASSED] - Current window maximized

26-08-2024T22:06:26 - [TEST_STEP][PASSED] - iwpPages.TestHarnessPage.setDataMethod(row, dataFile): iwpPages.TestHarnessPage.setDataMethod is PASSED

26-08-2024T22:06:27 - [MESSAGE][PASSED] - Object 'Object Repository/IWP30/Page_QATestHarness/RemittanceID' is present

26-08-2024T22:06:27 - [MESSAGE][PASSED] - Text '638' is set on object 'Object Repository/IWP30/Page_QATestHarness/ApplicationID'

26-08-2024T22:06:28 - [MESSAGE][PASSED] - Text '2.5' is set on object 'Object Repository/IWP30/Page_QATestHarness/MessageVersion'

26-08-2024T22:06:28 - [MESSAGE][PASSED] - Text 'wnHlAeEHdKSe' is set on object 'Object Repository/IWP30/Page_QATestHarness/RemittanceID'

26-08-2024T22:06:32 - [MESSAGE][PASSED] - Object: 'Object Repository/IWP30/Page_QATestHarness/SubmitButton' is clicked on

26-08-2024T22:06:32 - [MESSAGE][PASSED] - iwpPages.TestHarnessPage.setDataMethod is PASSED

26-08-2024T22:06:32 - [TEST_STEP][PASSED] - click(findTestObject("Object Repository/IWP30/Page_SelectPaymentMethod/PayByPersonalCheck")): Object: 'Object Repository/IWP30/Page_SelectPaymentMethod/PayByPersonalCheck' is clicked on

26-08-2024T22:06:32 - [MESSAGE][PASSED] - Object: 'Object Repository/IWP30/Page_SelectPaymentMethod/PayByPersonalCheck' is clicked on

26-08-2024T22:06:32 - [TEST_STEP][PASSED] - click(findTestObject("Object Repository/IWP30/Page_SelectPaymentMethod/MakePaymentButton")): Object: 'Object Repository/IWP30/Page_SelectPaymentMethod/MakePaymentButton' is clicked on

26-08-2024T22:06:35 - [MESSAGE][PASSED] - Object: 'Object Repository/IWP30/Page_SelectPaymentMethod/MakePaymentButton' is clicked on

26-08-2024T22:06:35 - [TEST_STEP][PASSED] - iwpPages.achPersonalPaymentEntryPage.setDataACHPPM(row, dataFile): iwpPages.achPersonalPaymentEntryPage.setDataACHPPM is PASSED

26-08-2024T22:06:36 - [MESSAGE][PASSED] - Object 'Object Repository/IWP30/Page_ACHPersonalPaymentEntry/txt_accountNumber' is present

26-08-2024T22:06:36 - [MESSAGE][PASSED] - Text '1.50' is set on object 'Object Repository/IWP30/Page_ACHPersonalPaymentEntry/txt_Amount'

26-08-2024T22:06:37 - [MESSAGE][PASSED] - Object 'Object Repository/IWP30/Page_ACHPersonalPaymentEntry/txt_UDF2' is present

26-08-2024T22:06:37 - [MESSAGE][PASSED] - Text 'udf data 2' is set on object 'Object Repository/IWP30/Page_ACHPersonalPaymentEntry/txt_UDF2'

26-08-2024T22:06:38 - [MESSAGE][PASSED] - Text 'udf data 3' is set on object 'Object Repository/IWP30/Page_ACHPersonalPaymentEntry/txt_UDF3'

26-08-2024T22:06:38 - [MESSAGE][PASSED] - All options with label 'Orange' are selected in object 'Object Repository/IWP30/Page_ACHPersonalPaymentEntry/dd_UDF7' 

26-08-2024T22:06:39 - [MESSAGE][PASSED] - All options with label 'Soccer' are selected in object 'Object Repository/IWP30/Page_ACHPersonalPaymentEntry/dd_UDF8' 

26-08-2024T22:06:39 - [MESSAGE][PASSED] - Object 'Object Repository/IWP30/Page_ACHPersonalPaymentEntry/txt_Firstname' is present

26-08-2024T22:06:40 - [MESSAGE][PASSED] - Text 'Elizath' is set on object 'Object Repository/IWP30/Page_ACHPersonalPaymentEntry/txt_Firstname'

26-08-2024T22:06:40 - [MESSAGE][PASSED] - Object 'Object Repository/IWP30/Page_ACHPersonalPaymentEntry/txt_Lastname' is present

26-08-2024T22:06:41 - [MESSAGE][PASSED] - Text 'Christine' is set on object 'Object Repository/IWP30/Page_ACHPersonalPaymentEntry/txt_Lastname'

26-08-2024T22:06:41 - [MESSAGE][PASSED] - Object 'Object Repository/IWP30/Page_ACHPersonalPaymentEntry/txt_routingNumber' is present

26-08-2024T22:06:41 - [MESSAGE][PASSED] - Text '256072691' is set on object 'Object Repository/IWP30/Page_ACHPersonalPaymentEntry/txt_routingNumber'

26-08-2024T22:06:42 - [MESSAGE][PASSED] - Object 'Object Repository/IWP30/Page_ACHPersonalPaymentEntry/txt_accountNumber' is present

26-08-2024T22:06:43 - [MESSAGE][PASSED] - Text '12344444' is set on object 'Object Repository/IWP30/Page_ACHPersonalPaymentEntry/txt_accountNumber'

26-08-2024T22:06:44 - [MESSAGE][PASSED] - Object 'Object Repository/IWP30/Page_ACHPersonalPaymentEntry/txt_confirmAccountNumber' is present

26-08-2024T22:06:44 - [MESSAGE][PASSED] - Text '12344444' is set on object 'Object Repository/IWP30/Page_ACHPersonalPaymentEntry/txt_confirmAccountNumber'

26-08-2024T22:06:44 - [MESSAGE][PASSED] - Object 'Object Repository/IWP30/Page_ACHPersonalPaymentEntry/rd_accountType' is present

26-08-2024T22:06:44 - [MESSAGE][PASSED] - Modify property of object successfully

26-08-2024T22:06:45 - [MESSAGE][PASSED] - Object: 'Object Repository/IWP30/Page_ACHPersonalPaymentEntry/rd_accountType' is clicked on

26-08-2024T22:06:45 - [MESSAGE][PASSED] - Text '365 Main Avenue' is set on object 'Object Repository/IWP30/Page_ACHPersonalPaymentEntry/txt_AL1'

26-08-2024T22:06:46 - [MESSAGE][PASSED] - Text '22201' is set on object 'Object Repository/IWP30/Page_ACHPersonalPaymentEntry/txt_ZIP'

26-08-2024T22:06:47 - [MESSAGE][PASSED] - Object 'Object Repository/IWP30/Page_ACHPersonalPaymentEntry/txt_Email' is present

26-08-2024T22:06:48 - [MESSAGE][PASSED] - Text 'iahmed@govolution.com' is set on object 'Object Repository/IWP30/Page_ACHPersonalPaymentEntry/txt_Email'

26-08-2024T22:06:48 - [MESSAGE][PASSED] - Object 'Object Repository/IWP30/Page_ACHPersonalPaymentEntry/cb_TermsAndCond' is present

26-08-2024T22:06:49 - [MESSAGE][PASSED] - Object: 'Object Repository/IWP30/Page_ACHPersonalPaymentEntry/cb_TermsAndCond' is clicked on

26-08-2024T22:06:49 - [MESSAGE][PASSED] - Object 'Object Repository/IWP30/Page_ACHPersonalPaymentEntry/btn_Continue' is present

26-08-2024T22:06:52 - [MESSAGE][PASSED] - Object: 'Object Repository/IWP30/Page_ACHPersonalPaymentEntry/btn_Continue' is clicked on

26-08-2024T22:06:52 - [MESSAGE][PASSED] - iwpPages.achPersonalPaymentEntryPage.setDataACHPPM is PASSED

26-08-2024T22:06:52 - [TEST_STEP][PASSED] - Thread.sleep(10000): null

26-08-2024T22:07:02 - [TEST_STEP][PASSED] - if (verifyTextPresent("Amount is less than minimum", false)): null

26-08-2024T22:07:02 - [MESSAGE][PASSED] - Text 'Amount is less than minimum' is present on page 

26-08-2024T22:07:02 - [TEST_STEP][PASSED] - println("Min Amount Error message shown"): null

26-08-2024T22:07:02 - [TEST_STEP][PASSED] - markPassed("Min Amount Error message shown"): Min Amount Error message shown

26-08-2024T22:07:02 - [MESSAGE][PASSED] - Min Amount Error message shown

26-08-2024T22:07:02 - [TEST_STEP][PASSED] - resText = "Pass": null

26-08-2024T22:07:02 - [TEST_STEP][PASSED] - pages.WriteExcel.demoKey(resText, datText, resColumn, datCloumn, fileLoc, nameSheet, row): pages.WriteExcel.demoKey is PASSED

26-08-2024T22:07:02 - [MESSAGE][PASSED] - pages.WriteExcel.demoKey is PASSED

26-08-2024T22:07:02 - [TEST_STEP][PASSED] - closeBrowser(): Browser is closed

26-08-2024T22:07:02 - [MESSAGE][PASSED] - Browser is closed]]></system-out>
         <system-err><![CDATA[]]></system-err>
      </testcase>
      <testcase name="Test Cases/IntegratedWeb/IWP25/Error/MRFCorporate" time="58.696" classname="Test Cases/IntegratedWeb/IWP25/Error/MRFCorporate" status="PASSED">
         <system-out><![CDATA[26-08-2024T22:07:02 - [TEST_CASE][PASSED] - Test Cases/IntegratedWeb/IWP25/Error/MRFCorporate: Test Cases/IntegratedWeb/IWP25/Error/MRFCorporate

26-08-2024T22:07:03 - [TEST_STEP][PASSED] - resText = "Fail": null

26-08-2024T22:07:03 - [TEST_STEP][PASSED] - resColumn = "Result": null

26-08-2024T22:07:03 - [TEST_STEP][PASSED] - datCloumn = "Date": null

26-08-2024T22:07:03 - [TEST_STEP][PASSED] - fileLoc = "KatalonData/IWPTestData/VRelay25Payments.xlsx": null

26-08-2024T22:07:03 - [TEST_STEP][PASSED] - numOfRows = <not implemented yet for class: org.codehaus.groovy.ast.expr.EmptyExpression>: null

26-08-2024T22:07:03 - [TEST_STEP][PASSED] - dataFile = <not implemented yet for class: org.codehaus.groovy.ast.expr.EmptyExpression>: null

26-08-2024T22:07:03 - [TEST_STEP][PASSED] - nameSheet = <not implemented yet for class: org.codehaus.groovy.ast.expr.EmptyExpression>: null

26-08-2024T22:07:03 - [TEST_STEP][PASSED] - dataFileEmulator = <not implemented yet for class: org.codehaus.groovy.ast.expr.EmptyExpression>: null

26-08-2024T22:07:03 - [TEST_STEP][PASSED] - isRequiredTextPresent = false: null

26-08-2024T22:07:03 - [TEST_STEP][PASSED] - nameSheet = "MRFCorp": null

26-08-2024T22:07:03 - [TEST_STEP][PASSED] - dataFile = "IWPTestData/IWP25MRFCorp": null

26-08-2024T22:07:03 - [TEST_STEP][PASSED] - dataFileEmulator = "IWPTestData/EmulatorData": null

26-08-2024T22:07:03 - [TEST_STEP][PASSED] - numOfRows = findTestData(dataFile).getRowNumbers(): null

26-08-2024T22:07:03 - [TEST_STEP][PASSED] - println("Number of Records: " + numOfRows): null

26-08-2024T22:07:03 - [TEST_STEP][PASSED] - for ([row = 1, row <= numOfRows, (row++)]): Browser is closed

26-08-2024T22:07:03 - [TEST_STEP][PASSED] - ExecuteTC = findTestData(dataFile).getValue("Execute", row): null

26-08-2024T22:07:03 - [TEST_STEP][PASSED] - out.println("Value of Execute is : " + ExecuteTC): null

26-08-2024T22:07:03 - [TEST_STEP][PASSED] - if (ExecuteTC.equalsIgnoreCase("Y")): pages.WriteExcel.demoKey is PASSED

26-08-2024T22:07:03 - [TEST_STEP][PASSED] - out.println("Begin Record Number: " + row): null

26-08-2024T22:07:03 - [TEST_STEP][PASSED] - today = new java.util.Date(): null

26-08-2024T22:07:03 - [TEST_STEP][PASSED] - println(today): null

26-08-2024T22:07:03 - [TEST_STEP][PASSED] - datText = today: null

26-08-2024T22:07:03 - [TEST_STEP][PASSED] - EmulatorDataKey = findTestData(dataFile).getValue("EmulatorData", row): null

26-08-2024T22:07:03 - [TEST_STEP][PASSED] - out.println("Value of Emulator Key is : " + EmulatorDataKey): null

26-08-2024T22:07:03 - [TEST_STEP][PASSED] - iwpPages.emulatorIWP30.setDataEmulator_DD(EmulatorDataKey): iwpPages.emulatorIWP30.setDataEmulator_DD is PASSED

26-08-2024T22:07:03 - [MESSAGE][INFO] - Starting 'Edge Chromium' driver

26-08-2024T22:07:03 - [MESSAGE][INFO] - User set preference: ['acceptInsecureCerts', 'true']

26-08-2024T22:07:06 - [MESSAGE][INFO] - Action delay is set to 0 milliseconds

26-08-2024T22:07:09 - [MESSAGE][PASSED] - Browser is opened with url: 'https://qa2.velocitypayment.com/agency/config.do?action=editor&message_version=2_5'

26-08-2024T22:07:10 - [MESSAGE][PASSED] - Current window maximized

26-08-2024T22:07:10 - [MESSAGE][PASSED] - All options with value '2.5' are selected in object 'Object Repository/IWP30/Page_VRelay30Emulator/MV'  using regular expression

26-08-2024T22:07:11 - [MESSAGE][PASSED] - Text '10.50' is set on object 'Object Repository/IWP30/Page_VRelay30Emulator/Amount'

26-08-2024T22:07:12 - [MESSAGE][PASSED] - Text '26413414' is set on object 'Object Repository/IWP30/Page_VRelay30Emulator/CAN'

26-08-2024T22:07:12 - [MESSAGE][PASSED] - Text 'PayNow' is set on object 'Object Repository/IWP30/Page_VRelay30Emulator/Action'

26-08-2024T22:07:13 - [MESSAGE][PASSED] - Text 'en_US' is set on object 'Object Repository/IWP30/Page_VRelay30Emulator/Lang'

26-08-2024T22:07:14 - [MESSAGE][PASSED] - Text '' is set on object 'Object Repository/IWP30/Page_VRelay30Emulator/Fname'

26-08-2024T22:07:14 - [MESSAGE][PASSED] - Text '' is set on object 'Object Repository/IWP30/Page_VRelay30Emulator/Lname'

26-08-2024T22:07:15 - [MESSAGE][PASSED] - Text '' is set on object 'Object Repository/IWP30/Page_VRelay30Emulator/AL1'

26-08-2024T22:07:15 - [MESSAGE][PASSED] - Text '' is set on object 'Object Repository/IWP30/Page_VRelay30Emulator/AL2'

26-08-2024T22:07:16 - [MESSAGE][PASSED] - Text '' is set on object 'Object Repository/IWP30/Page_VRelay30Emulator/Country'

26-08-2024T22:07:17 - [MESSAGE][PASSED] - Text '' is set on object 'Object Repository/IWP30/Page_VRelay30Emulator/City'

26-08-2024T22:07:17 - [MESSAGE][PASSED] - Text '' is set on object 'Object Repository/IWP30/Page_VRelay30Emulator/State'

26-08-2024T22:07:18 - [MESSAGE][PASSED] - Text '' is set on object 'Object Repository/IWP30/Page_VRelay30Emulator/ZIP'

26-08-2024T22:07:18 - [MESSAGE][PASSED] - Text '' is set on object 'Object Repository/IWP30/Page_VRelay30Emulator/Order'

26-08-2024T22:07:19 - [MESSAGE][PASSED] - Text '' is set on object 'Object Repository/IWP30/Page_VRelay30Emulator/Company'

26-08-2024T22:07:20 - [MESSAGE][PASSED] - Text '' is set on object 'Object Repository/IWP30/Page_VRelay30Emulator/Email'

26-08-2024T22:07:20 - [MESSAGE][PASSED] - Text '' is set on object 'Object Repository/IWP30/Page_VRelay30Emulator/UDF1'

26-08-2024T22:07:21 - [MESSAGE][PASSED] - Text '' is set on object 'Object Repository/IWP30/Page_VRelay30Emulator/UDF2'

26-08-2024T22:07:21 - [MESSAGE][PASSED] - Text '' is set on object 'Object Repository/IWP30/Page_VRelay30Emulator/UDF3'

26-08-2024T22:07:22 - [MESSAGE][PASSED] - Text 'udf data 4' is set on object 'Object Repository/IWP30/Page_VRelay30Emulator/UDF4'

26-08-2024T22:07:22 - [MESSAGE][PASSED] - Text 'udf data 5' is set on object 'Object Repository/IWP30/Page_VRelay30Emulator/UDF5'

26-08-2024T22:07:23 - [MESSAGE][PASSED] - Text '' is set on object 'Object Repository/IWP30/Page_VRelay30Emulator/UDF6'

26-08-2024T22:07:24 - [MESSAGE][PASSED] - Text '' is set on object 'Object Repository/IWP30/Page_VRelay30Emulator/UDF7'

26-08-2024T22:07:24 - [MESSAGE][PASSED] - Text '' is set on object 'Object Repository/IWP30/Page_VRelay30Emulator/UDF8'

26-08-2024T22:07:25 - [MESSAGE][PASSED] - Text 'udf data 9' is set on object 'Object Repository/IWP30/Page_VRelay30Emulator/UDF9'

26-08-2024T22:07:26 - [MESSAGE][PASSED] - Text 'udf data 10' is set on object 'Object Repository/IWP30/Page_VRelay30Emulator/UDF10'

26-08-2024T22:07:27 - [MESSAGE][PASSED] - Object: 'Object Repository/IWP30/Page_VRelay30Emulator/Submit' is clicked on

26-08-2024T22:07:31 - [MESSAGE][PASSED] - Browser is closed

26-08-2024T22:07:35 - [MESSAGE][PASSED] - iwpPages.emulatorIWP30.setDataEmulator_DD is PASSED

26-08-2024T22:07:35 - [TEST_STEP][PASSED] - testHarnessURL = urlTestHarness: null

26-08-2024T22:07:35 - [TEST_STEP][PASSED] - openBrowser(testHarnessURL): Browser is opened with url: 'https://dev-algorithm.govolution.com/vrelaytest/QA2/version_2_2/vrelaytest.html'

26-08-2024T22:07:35 - [MESSAGE][INFO] - Starting 'Edge Chromium' driver

26-08-2024T22:07:35 - [MESSAGE][INFO] - User set preference: ['acceptInsecureCerts', 'true']

26-08-2024T22:07:37 - [MESSAGE][INFO] - Action delay is set to 0 milliseconds

26-08-2024T22:07:41 - [MESSAGE][PASSED] - Browser is opened with url: 'https://dev-algorithm.govolution.com/vrelaytest/QA2/version_2_2/vrelaytest.html'

26-08-2024T22:07:41 - [TEST_STEP][PASSED] - maximizeWindow(): Current window maximized

26-08-2024T22:07:41 - [MESSAGE][PASSED] - Current window maximized

26-08-2024T22:07:41 - [TEST_STEP][PASSED] - iwpPages.TestHarnessPage.setDataMethod(row, dataFile): iwpPages.TestHarnessPage.setDataMethod is PASSED

26-08-2024T22:07:41 - [MESSAGE][PASSED] - Object 'Object Repository/IWP30/Page_QATestHarness/RemittanceID' is present

26-08-2024T22:07:42 - [MESSAGE][PASSED] - Text '638' is set on object 'Object Repository/IWP30/Page_QATestHarness/ApplicationID'

26-08-2024T22:07:42 - [MESSAGE][PASSED] - Text '2.5' is set on object 'Object Repository/IWP30/Page_QATestHarness/MessageVersion'

26-08-2024T22:07:43 - [MESSAGE][PASSED] - Text 'u65QwAONCCMR' is set on object 'Object Repository/IWP30/Page_QATestHarness/RemittanceID'

26-08-2024T22:07:47 - [MESSAGE][PASSED] - Object: 'Object Repository/IWP30/Page_QATestHarness/SubmitButton' is clicked on

26-08-2024T22:07:47 - [MESSAGE][PASSED] - iwpPages.TestHarnessPage.setDataMethod is PASSED

26-08-2024T22:07:47 - [TEST_STEP][PASSED] - click(findTestObject("Object Repository/IWP30/Page_SelectPaymentMethod/PayByCorporateCheck")): Object: 'Object Repository/IWP30/Page_SelectPaymentMethod/PayByCorporateCheck' is clicked on

26-08-2024T22:07:47 - [MESSAGE][PASSED] - Object: 'Object Repository/IWP30/Page_SelectPaymentMethod/PayByCorporateCheck' is clicked on

26-08-2024T22:07:47 - [TEST_STEP][PASSED] - click(findTestObject("Object Repository/IWP30/Page_SelectPaymentMethod/MakePaymentButton")): Object: 'Object Repository/IWP30/Page_SelectPaymentMethod/MakePaymentButton' is clicked on

26-08-2024T22:07:50 - [MESSAGE][PASSED] - Object: 'Object Repository/IWP30/Page_SelectPaymentMethod/MakePaymentButton' is clicked on

26-08-2024T22:07:50 - [TEST_STEP][PASSED] - click(findTestObject("Object Repository/IWP30/Page_ACHCorporatePaymentEntry/btn_Continue")): Object: 'Object Repository/IWP30/Page_ACHCorporatePaymentEntry/btn_Continue' is clicked on

26-08-2024T22:07:52 - [MESSAGE][PASSED] - Object: 'Object Repository/IWP30/Page_ACHCorporatePaymentEntry/btn_Continue' is clicked on

26-08-2024T22:07:52 - [TEST_STEP][PASSED] - Thread.sleep(5000): null

26-08-2024T22:07:57 - [TEST_STEP][PASSED] - if (verifyTextPresent("UDF3 Label is required", false)): null

26-08-2024T22:07:57 - [MESSAGE][PASSED] - Text 'UDF3 Label is required' is present on page 

26-08-2024T22:07:57 - [TEST_STEP][PASSED] - isRequiredTextPresent = true: null

26-08-2024T22:07:57 - [TEST_STEP][PASSED] - if (isRequiredTextPresent): null

26-08-2024T22:07:57 - [TEST_STEP][PASSED] - if (verifyTextPresent("UDF8 Label is required", false)): null

26-08-2024T22:07:57 - [MESSAGE][PASSED] - Text 'UDF8 Label is required' is present on page 

26-08-2024T22:07:57 - [TEST_STEP][PASSED] - isRequiredTextPresent = true: null

26-08-2024T22:07:57 - [TEST_STEP][PASSED] - if (isRequiredTextPresent): null

26-08-2024T22:07:57 - [TEST_STEP][PASSED] - if (verifyTextPresent("Company Name is required", false)): null

26-08-2024T22:07:58 - [MESSAGE][PASSED] - Text 'Company Name is required' is present on page 

26-08-2024T22:07:58 - [TEST_STEP][PASSED] - isRequiredTextPresent = true: null

26-08-2024T22:07:58 - [TEST_STEP][PASSED] - if (isRequiredTextPresent): null

26-08-2024T22:07:58 - [TEST_STEP][PASSED] - if (verifyTextPresent("Routing number is required", false)): null

26-08-2024T22:07:58 - [MESSAGE][PASSED] - Text 'Routing number is required' is present on page 

26-08-2024T22:07:58 - [TEST_STEP][PASSED] - isRequiredTextPresent = true: null

26-08-2024T22:07:58 - [TEST_STEP][PASSED] - if (isRequiredTextPresent): null

26-08-2024T22:07:58 - [TEST_STEP][PASSED] - if (verifyTextPresent("Account number is required", false)): null

26-08-2024T22:07:58 - [MESSAGE][PASSED] - Text 'Account number is required' is present on page 

26-08-2024T22:07:58 - [TEST_STEP][PASSED] - isRequiredTextPresent = true: null

26-08-2024T22:07:58 - [TEST_STEP][PASSED] - if (isRequiredTextPresent): null

26-08-2024T22:07:58 - [TEST_STEP][PASSED] - if (verifyTextPresent("The Confirm Account Number field is a required field.", false)): null

26-08-2024T22:07:59 - [MESSAGE][PASSED] - Text 'The Confirm Account Number field is a required field.' is present on page 

26-08-2024T22:07:59 - [TEST_STEP][PASSED] - isRequiredTextPresent = true: null

26-08-2024T22:07:59 - [TEST_STEP][PASSED] - if (isRequiredTextPresent): null

26-08-2024T22:07:59 - [TEST_STEP][PASSED] - if (verifyTextPresent("Address Line 1 is required", false)): null

26-08-2024T22:07:59 - [MESSAGE][PASSED] - Text 'Address Line 1 is required' is present on page 

26-08-2024T22:07:59 - [TEST_STEP][PASSED] - isRequiredTextPresent = true: null

26-08-2024T22:07:59 - [TEST_STEP][PASSED] - if (isRequiredTextPresent): null

26-08-2024T22:07:59 - [TEST_STEP][PASSED] - if (verifyTextPresent("ZIP Code is required", false)): null

26-08-2024T22:07:59 - [MESSAGE][PASSED] - Text 'ZIP Code is required' is present on page 

26-08-2024T22:07:59 - [TEST_STEP][PASSED] - isRequiredTextPresent = true: null

26-08-2024T22:07:59 - [TEST_STEP][PASSED] - if (isRequiredTextPresent): null

26-08-2024T22:07:59 - [TEST_STEP][PASSED] - if (verifyTextPresent("City is required", false)): null

26-08-2024T22:08:00 - [MESSAGE][PASSED] - Text 'City is required' is present on page 

26-08-2024T22:08:00 - [TEST_STEP][PASSED] - isRequiredTextPresent = true: null

26-08-2024T22:08:00 - [TEST_STEP][PASSED] - if (isRequiredTextPresent): null

26-08-2024T22:08:00 - [TEST_STEP][PASSED] - if (verifyTextPresent("State is required", false)): null

26-08-2024T22:08:00 - [MESSAGE][PASSED] - Text 'State is required' is present on page 

26-08-2024T22:08:00 - [TEST_STEP][PASSED] - isRequiredTextPresent = true: null

26-08-2024T22:08:00 - [TEST_STEP][PASSED] - if (isRequiredTextPresent): null

26-08-2024T22:08:00 - [TEST_STEP][PASSED] - if (verifyTextPresent("Email address is required.", false)): null

26-08-2024T22:08:00 - [MESSAGE][PASSED] - Text 'Email address is required.' is present on page 

26-08-2024T22:08:00 - [TEST_STEP][PASSED] - isRequiredTextPresent = true: null

26-08-2024T22:08:00 - [TEST_STEP][PASSED] - if (isRequiredTextPresent): null

26-08-2024T22:08:00 - [TEST_STEP][PASSED] - if (verifyTextPresent("You must review and accept the ACH terms and conditions in order to process an electronic debit transaction.", false)): null

26-08-2024T22:08:01 - [MESSAGE][PASSED] - Text 'You must review and accept the ACH terms and conditions in order to process an electronic debit transaction.' is present on page 

26-08-2024T22:08:01 - [TEST_STEP][PASSED] - isRequiredTextPresent = true: null

26-08-2024T22:08:01 - [TEST_STEP][PASSED] - if (isRequiredTextPresent): pages.WriteExcel.demoKey is PASSED

26-08-2024T22:08:01 - [TEST_STEP][PASSED] - println("All the missing required fields error messages are present"): null

26-08-2024T22:08:01 - [TEST_STEP][PASSED] - markPassed("All the missing required fields error messages are present"): All the missing required fields error messages are present

26-08-2024T22:08:01 - [MESSAGE][PASSED] - All the missing required fields error messages are present

26-08-2024T22:08:01 - [TEST_STEP][PASSED] - resText = "Pass": null

26-08-2024T22:08:01 - [TEST_STEP][PASSED] - pages.WriteExcel.demoKey(resText, datText, resColumn, datCloumn, fileLoc, nameSheet, row): pages.WriteExcel.demoKey is PASSED

26-08-2024T22:08:01 - [MESSAGE][PASSED] - pages.WriteExcel.demoKey is PASSED

26-08-2024T22:08:01 - [TEST_STEP][PASSED] - closeBrowser(): Browser is closed

26-08-2024T22:08:01 - [MESSAGE][PASSED] - Browser is closed]]></system-out>
         <system-err><![CDATA[]]></system-err>
      </testcase>
      <testcase name="Test Cases/IntegratedWeb/IWP25/Error/NoOverPayErrorCorp" time="68.009" classname="Test Cases/IntegratedWeb/IWP25/Error/NoOverPayErrorCorp" status="PASSED">
         <system-out><![CDATA[26-08-2024T22:08:01 - [TEST_CASE][PASSED] - Test Cases/IntegratedWeb/IWP25/Error/NoOverPayErrorCorp: Test Cases/IntegratedWeb/IWP25/Error/NoOverPayErrorCorp

26-08-2024T22:08:02 - [TEST_STEP][PASSED] - resText = "Fail": null

26-08-2024T22:08:02 - [TEST_STEP][PASSED] - resColumn = "Result": null

26-08-2024T22:08:02 - [TEST_STEP][PASSED] - datCloumn = "Date": null

26-08-2024T22:08:02 - [TEST_STEP][PASSED] - fileLoc = "KatalonData/IWPTestData/VRelay25Payments.xlsx": null

26-08-2024T22:08:02 - [TEST_STEP][PASSED] - numOfRows = <not implemented yet for class: org.codehaus.groovy.ast.expr.EmptyExpression>: null

26-08-2024T22:08:02 - [TEST_STEP][PASSED] - dataFile = <not implemented yet for class: org.codehaus.groovy.ast.expr.EmptyExpression>: null

26-08-2024T22:08:02 - [TEST_STEP][PASSED] - nameSheet = <not implemented yet for class: org.codehaus.groovy.ast.expr.EmptyExpression>: null

26-08-2024T22:08:02 - [TEST_STEP][PASSED] - dataFileEmulator = <not implemented yet for class: org.codehaus.groovy.ast.expr.EmptyExpression>: null

26-08-2024T22:08:02 - [TEST_STEP][PASSED] - nameSheet = "NoOverPayErrorCorp": null

26-08-2024T22:08:02 - [TEST_STEP][PASSED] - dataFile = "IWPTestData/IWP25NoOverPayErrorCorp": null

26-08-2024T22:08:02 - [TEST_STEP][PASSED] - dataFileEmulator = "IWPTestData/EmulatorData": null

26-08-2024T22:08:02 - [TEST_STEP][PASSED] - numOfRows = findTestData(dataFile).getRowNumbers(): null

26-08-2024T22:08:02 - [TEST_STEP][PASSED] - println("Number of Records: " + numOfRows): null

26-08-2024T22:08:02 - [TEST_STEP][PASSED] - for ([row = 1, row <= numOfRows, (row++)]): Browser is closed

26-08-2024T22:08:02 - [TEST_STEP][PASSED] - ExecuteTC = findTestData(dataFile).getValue("Execute", row): null

26-08-2024T22:08:02 - [TEST_STEP][PASSED] - out.println("Value of Execute is : " + ExecuteTC): null

26-08-2024T22:08:02 - [TEST_STEP][PASSED] - if (ExecuteTC.equalsIgnoreCase("Y")): null

26-08-2024T22:08:02 - [TEST_STEP][PASSED] - out.println("Begin Record Number: " + row): null

26-08-2024T22:08:02 - [TEST_STEP][PASSED] - today = new java.util.Date(): null

26-08-2024T22:08:02 - [TEST_STEP][PASSED] - println(today): null

26-08-2024T22:08:02 - [TEST_STEP][PASSED] - datText = today: null

26-08-2024T22:08:02 - [TEST_STEP][PASSED] - EmulatorDataKey = findTestData(dataFile).getValue("EmulatorData", row): null

26-08-2024T22:08:02 - [TEST_STEP][PASSED] - out.println("Value of Emulator Key is : " + EmulatorDataKey): null

26-08-2024T22:08:02 - [TEST_STEP][PASSED] - iwpPages.emulatorIWP30.setDataEmulator_DD(EmulatorDataKey): iwpPages.emulatorIWP30.setDataEmulator_DD is PASSED

26-08-2024T22:08:02 - [MESSAGE][INFO] - Starting 'Edge Chromium' driver

26-08-2024T22:08:02 - [MESSAGE][INFO] - User set preference: ['acceptInsecureCerts', 'true']

26-08-2024T22:08:04 - [MESSAGE][INFO] - Action delay is set to 0 milliseconds

26-08-2024T22:08:08 - [MESSAGE][PASSED] - Browser is opened with url: 'https://qa2.velocitypayment.com/agency/config.do?action=editor&message_version=2_5'

26-08-2024T22:08:08 - [MESSAGE][PASSED] - Current window maximized

26-08-2024T22:08:09 - [MESSAGE][PASSED] - All options with value '2.5' are selected in object 'Object Repository/IWP30/Page_VRelay30Emulator/MV'  using regular expression

26-08-2024T22:08:10 - [MESSAGE][PASSED] - Text '10.50' is set on object 'Object Repository/IWP30/Page_VRelay30Emulator/Amount'

26-08-2024T22:08:10 - [MESSAGE][PASSED] - Text '26413414' is set on object 'Object Repository/IWP30/Page_VRelay30Emulator/CAN'

26-08-2024T22:08:11 - [MESSAGE][PASSED] - Text 'PayNow' is set on object 'Object Repository/IWP30/Page_VRelay30Emulator/Action'

26-08-2024T22:08:12 - [MESSAGE][PASSED] - Text 'en_US' is set on object 'Object Repository/IWP30/Page_VRelay30Emulator/Lang'

26-08-2024T22:08:12 - [MESSAGE][PASSED] - Text 'Curlonty' is set on object 'Object Repository/IWP30/Page_VRelay30Emulator/Fname'

26-08-2024T22:08:13 - [MESSAGE][PASSED] - Text 'Lachuga' is set on object 'Object Repository/IWP30/Page_VRelay30Emulator/Lname'

26-08-2024T22:08:13 - [MESSAGE][PASSED] - Text '258 Underwood rd' is set on object 'Object Repository/IWP30/Page_VRelay30Emulator/AL1'

26-08-2024T22:08:14 - [MESSAGE][PASSED] - Text 'Suite 600' is set on object 'Object Repository/IWP30/Page_VRelay30Emulator/AL2'

26-08-2024T22:08:15 - [MESSAGE][PASSED] - Text '840' is set on object 'Object Repository/IWP30/Page_VRelay30Emulator/Country'

26-08-2024T22:08:15 - [MESSAGE][PASSED] - Text 'Arlington' is set on object 'Object Repository/IWP30/Page_VRelay30Emulator/City'

26-08-2024T22:08:16 - [MESSAGE][PASSED] - Text 'VA' is set on object 'Object Repository/IWP30/Page_VRelay30Emulator/State'

26-08-2024T22:08:16 - [MESSAGE][PASSED] - Text '22201' is set on object 'Object Repository/IWP30/Page_VRelay30Emulator/ZIP'

26-08-2024T22:08:17 - [MESSAGE][PASSED] - Text '' is set on object 'Object Repository/IWP30/Page_VRelay30Emulator/Order'

26-08-2024T22:08:18 - [MESSAGE][PASSED] - Text '' is set on object 'Object Repository/IWP30/Page_VRelay30Emulator/Company'

26-08-2024T22:08:18 - [MESSAGE][PASSED] - Text '' is set on object 'Object Repository/IWP30/Page_VRelay30Emulator/Email'

26-08-2024T22:08:19 - [MESSAGE][PASSED] - Text 'udf data 1' is set on object 'Object Repository/IWP30/Page_VRelay30Emulator/UDF1'

26-08-2024T22:08:19 - [MESSAGE][PASSED] - Text 'udf data 2' is set on object 'Object Repository/IWP30/Page_VRelay30Emulator/UDF2'

26-08-2024T22:08:20 - [MESSAGE][PASSED] - Text '' is set on object 'Object Repository/IWP30/Page_VRelay30Emulator/UDF3'

26-08-2024T22:08:21 - [MESSAGE][PASSED] - Text '' is set on object 'Object Repository/IWP30/Page_VRelay30Emulator/UDF4'

26-08-2024T22:08:21 - [MESSAGE][PASSED] - Text '' is set on object 'Object Repository/IWP30/Page_VRelay30Emulator/UDF5'

26-08-2024T22:08:22 - [MESSAGE][PASSED] - Text '' is set on object 'Object Repository/IWP30/Page_VRelay30Emulator/UDF6'

26-08-2024T22:08:22 - [MESSAGE][PASSED] - Text '' is set on object 'Object Repository/IWP30/Page_VRelay30Emulator/UDF7'

26-08-2024T22:08:23 - [MESSAGE][PASSED] - Text '' is set on object 'Object Repository/IWP30/Page_VRelay30Emulator/UDF8'

26-08-2024T22:08:23 - [MESSAGE][PASSED] - Text '' is set on object 'Object Repository/IWP30/Page_VRelay30Emulator/UDF9'

26-08-2024T22:08:24 - [MESSAGE][PASSED] - Text '' is set on object 'Object Repository/IWP30/Page_VRelay30Emulator/UDF10'

26-08-2024T22:08:25 - [MESSAGE][PASSED] - Object: 'Object Repository/IWP30/Page_VRelay30Emulator/Submit' is clicked on

26-08-2024T22:08:29 - [MESSAGE][PASSED] - Browser is closed

26-08-2024T22:08:33 - [MESSAGE][PASSED] - iwpPages.emulatorIWP30.setDataEmulator_DD is PASSED

26-08-2024T22:08:33 - [TEST_STEP][PASSED] - testHarnessURL = urlTestHarness: null

26-08-2024T22:08:33 - [TEST_STEP][PASSED] - openBrowser(testHarnessURL): Browser is opened with url: 'https://dev-algorithm.govolution.com/vrelaytest/QA2/version_2_2/vrelaytest.html'

26-08-2024T22:08:33 - [MESSAGE][INFO] - Starting 'Edge Chromium' driver

26-08-2024T22:08:33 - [MESSAGE][INFO] - User set preference: ['acceptInsecureCerts', 'true']

26-08-2024T22:08:35 - [MESSAGE][INFO] - Action delay is set to 0 milliseconds

26-08-2024T22:08:39 - [MESSAGE][PASSED] - Browser is opened with url: 'https://dev-algorithm.govolution.com/vrelaytest/QA2/version_2_2/vrelaytest.html'

26-08-2024T22:08:39 - [TEST_STEP][PASSED] - maximizeWindow(): Current window maximized

26-08-2024T22:08:39 - [MESSAGE][PASSED] - Current window maximized

26-08-2024T22:08:39 - [TEST_STEP][PASSED] - iwpPages.TestHarnessPage.setDataMethod(row, dataFile): iwpPages.TestHarnessPage.setDataMethod is PASSED

26-08-2024T22:08:39 - [MESSAGE][PASSED] - Object 'Object Repository/IWP30/Page_QATestHarness/RemittanceID' is present

26-08-2024T22:08:40 - [MESSAGE][PASSED] - Text '652' is set on object 'Object Repository/IWP30/Page_QATestHarness/ApplicationID'

26-08-2024T22:08:41 - [MESSAGE][PASSED] - Text '2.5' is set on object 'Object Repository/IWP30/Page_QATestHarness/MessageVersion'

26-08-2024T22:08:41 - [MESSAGE][PASSED] - Text 'ENCzZATb1Urz' is set on object 'Object Repository/IWP30/Page_QATestHarness/RemittanceID'

26-08-2024T22:08:45 - [MESSAGE][PASSED] - Object: 'Object Repository/IWP30/Page_QATestHarness/SubmitButton' is clicked on

26-08-2024T22:08:45 - [MESSAGE][PASSED] - iwpPages.TestHarnessPage.setDataMethod is PASSED

26-08-2024T22:08:45 - [TEST_STEP][PASSED] - click(findTestObject("Object Repository/IWP30/Page_SelectPaymentMethod/PayByCorporateCheck")): Object: 'Object Repository/IWP30/Page_SelectPaymentMethod/PayByCorporateCheck' is clicked on

26-08-2024T22:08:46 - [MESSAGE][PASSED] - Object: 'Object Repository/IWP30/Page_SelectPaymentMethod/PayByCorporateCheck' is clicked on

26-08-2024T22:08:46 - [TEST_STEP][PASSED] - click(findTestObject("Object Repository/IWP30/Page_SelectPaymentMethod/MakePaymentButton")): Object: 'Object Repository/IWP30/Page_SelectPaymentMethod/MakePaymentButton' is clicked on

26-08-2024T22:08:48 - [MESSAGE][PASSED] - Object: 'Object Repository/IWP30/Page_SelectPaymentMethod/MakePaymentButton' is clicked on

26-08-2024T22:08:48 - [TEST_STEP][PASSED] - iwpPages.achCorporatePaymentEntryPage.setDataCorporate(row, dataFile): iwpPages.achCorporatePaymentEntryPage.setDataCorporate is PASSED

26-08-2024T22:08:49 - [MESSAGE][PASSED] - Object 'Object Repository/IWP30/Page_ACHCorporatePaymentEntry/txt_accountNumber' is present

26-08-2024T22:08:49 - [MESSAGE][PASSED] - Object 'Object Repository/IWP30/Page_ACHCorporatePaymentEntry/input_CompanyName' is present

26-08-2024T22:08:50 - [MESSAGE][PASSED] - Text 'My Company' is set on object 'Object Repository/IWP30/Page_ACHCorporatePaymentEntry/input_CompanyName'

26-08-2024T22:08:50 - [MESSAGE][PASSED] - Object 'Object Repository/IWP30/Page_ACHCorporatePaymentEntry/input_EIN' is present

26-08-2024T22:08:51 - [MESSAGE][PASSED] - Text '123456789' is set on object 'Object Repository/IWP30/Page_ACHCorporatePaymentEntry/input_EIN'

26-08-2024T22:08:51 - [MESSAGE][PASSED] - Text '11.50' is set on object 'Object Repository/IWP30/Page_ACHCorporatePaymentEntry/txt_Amount'

26-08-2024T22:08:52 - [MESSAGE][PASSED] - Object 'Object Repository/IWP30/Page_ACHCorporatePaymentEntry/txt_routingNumber' is present

26-08-2024T22:08:52 - [MESSAGE][PASSED] - Text '256072691' is set on object 'Object Repository/IWP30/Page_ACHCorporatePaymentEntry/txt_routingNumber'

26-08-2024T22:08:52 - [MESSAGE][PASSED] - Object 'Object Repository/IWP30/Page_ACHCorporatePaymentEntry/txt_accountNumber' is present

26-08-2024T22:08:53 - [MESSAGE][PASSED] - Text '12344444' is set on object 'Object Repository/IWP30/Page_ACHCorporatePaymentEntry/txt_accountNumber'

26-08-2024T22:08:54 - [MESSAGE][PASSED] - Object 'Object Repository/IWP30/Page_ACHCorporatePaymentEntry/txt_confirmAccountNumber' is present

26-08-2024T22:08:54 - [MESSAGE][PASSED] - Text '12344444' is set on object 'Object Repository/IWP30/Page_ACHCorporatePaymentEntry/txt_confirmAccountNumber'

26-08-2024T22:08:55 - [MESSAGE][PASSED] - Object 'Object Repository/IWP30/Page_ACHCorporatePaymentEntry/txt_Email' is present

26-08-2024T22:08:55 - [MESSAGE][PASSED] - Text 'iahmed@govolution.com' is set on object 'Object Repository/IWP30/Page_ACHCorporatePaymentEntry/txt_Email'

26-08-2024T22:08:56 - [MESSAGE][PASSED] - Object 'Object Repository/IWP30/Page_ACHCorporatePaymentEntry/cb_TermsAndCond' is present

26-08-2024T22:08:56 - [MESSAGE][PASSED] - Object: 'Object Repository/IWP30/Page_ACHCorporatePaymentEntry/cb_TermsAndCond' is clicked on

26-08-2024T22:08:56 - [MESSAGE][PASSED] - Object 'Object Repository/IWP30/Page_ACHCorporatePaymentEntry/btn_Continue' is present

26-08-2024T22:08:58 - [MESSAGE][PASSED] - Object: 'Object Repository/IWP30/Page_ACHCorporatePaymentEntry/btn_Continue' is clicked on

26-08-2024T22:08:58 - [MESSAGE][PASSED] - iwpPages.achCorporatePaymentEntryPage.setDataCorporate is PASSED

26-08-2024T22:08:58 - [TEST_STEP][PASSED] - Thread.sleep(10000): null

26-08-2024T22:09:08 - [TEST_STEP][PASSED] - if (verifyTextPresent("Payment amounts more than 10.50 are not accepted", false)): null

26-08-2024T22:09:09 - [MESSAGE][PASSED] - Text 'Payment amounts more than 10.50 are not accepted' is present on page 

26-08-2024T22:09:09 - [TEST_STEP][PASSED] - println("Over Pay Error message shown"): null

26-08-2024T22:09:09 - [TEST_STEP][PASSED] - markPassed("Over Pay Error message shown"): Over Pay Error message shown

26-08-2024T22:09:09 - [MESSAGE][PASSED] - Over Pay Error message shown

26-08-2024T22:09:09 - [TEST_STEP][PASSED] - resText = "Pass": null

26-08-2024T22:09:09 - [TEST_STEP][PASSED] - pages.WriteExcel.demoKey(resText, datText, resColumn, datCloumn, fileLoc, nameSheet, row): pages.WriteExcel.demoKey is PASSED

26-08-2024T22:09:09 - [MESSAGE][PASSED] - pages.WriteExcel.demoKey is PASSED

26-08-2024T22:09:09 - [TEST_STEP][PASSED] - closeBrowser(): Browser is closed

26-08-2024T22:09:09 - [MESSAGE][PASSED] - Browser is closed]]></system-out>
         <system-err><![CDATA[]]></system-err>
      </testcase>
      <testcase name="Test Cases/IntegratedWeb/IWP25/Error/NoOverPayErrorPC" time="69.44" classname="Test Cases/IntegratedWeb/IWP25/Error/NoOverPayErrorPC" status="PASSED">
         <system-out><![CDATA[26-08-2024T22:09:09 - [TEST_CASE][PASSED] - Test Cases/IntegratedWeb/IWP25/Error/NoOverPayErrorPC: Test Cases/IntegratedWeb/IWP25/Error/NoOverPayErrorPC

26-08-2024T22:09:10 - [TEST_STEP][PASSED] - resText = "Fail": null

26-08-2024T22:09:10 - [TEST_STEP][PASSED] - resColumn = "Result": null

26-08-2024T22:09:10 - [TEST_STEP][PASSED] - datCloumn = "Date": null

26-08-2024T22:09:10 - [TEST_STEP][PASSED] - fileLoc = "KatalonData/IWPTestData/VRelay25Payments.xlsx": null

26-08-2024T22:09:10 - [TEST_STEP][PASSED] - numOfRows = <not implemented yet for class: org.codehaus.groovy.ast.expr.EmptyExpression>: null

26-08-2024T22:09:10 - [TEST_STEP][PASSED] - dataFile = <not implemented yet for class: org.codehaus.groovy.ast.expr.EmptyExpression>: null

26-08-2024T22:09:10 - [TEST_STEP][PASSED] - nameSheet = <not implemented yet for class: org.codehaus.groovy.ast.expr.EmptyExpression>: null

26-08-2024T22:09:10 - [TEST_STEP][PASSED] - dataFileEmulator = <not implemented yet for class: org.codehaus.groovy.ast.expr.EmptyExpression>: null

26-08-2024T22:09:10 - [TEST_STEP][PASSED] - nameSheet = "NoOverPayErrorPC": null

26-08-2024T22:09:10 - [TEST_STEP][PASSED] - dataFile = "IWPTestData/IWP25NoOverPayErrorPC": null

26-08-2024T22:09:10 - [TEST_STEP][PASSED] - dataFileEmulator = "IWPTestData/EmulatorData": null

26-08-2024T22:09:10 - [TEST_STEP][PASSED] - numOfRows = findTestData(dataFile).getRowNumbers(): null

26-08-2024T22:09:10 - [TEST_STEP][PASSED] - println("Number of Records: " + numOfRows): null

26-08-2024T22:09:10 - [TEST_STEP][PASSED] - for ([row = 1, row <= numOfRows, (row++)]): Browser is closed

26-08-2024T22:09:10 - [TEST_STEP][PASSED] - ExecuteTC = findTestData(dataFile).getValue("Execute", row): null

26-08-2024T22:09:10 - [TEST_STEP][PASSED] - out.println("Value of Execute is : " + ExecuteTC): null

26-08-2024T22:09:10 - [TEST_STEP][PASSED] - if (ExecuteTC.equalsIgnoreCase("Y")): null

26-08-2024T22:09:10 - [TEST_STEP][PASSED] - out.println("Begin Record Number: " + row): null

26-08-2024T22:09:10 - [TEST_STEP][PASSED] - today = new java.util.Date(): null

26-08-2024T22:09:10 - [TEST_STEP][PASSED] - println(today): null

26-08-2024T22:09:10 - [TEST_STEP][PASSED] - datText = today: null

26-08-2024T22:09:10 - [TEST_STEP][PASSED] - EmulatorDataKey = findTestData(dataFile).getValue("EmulatorData", row): null

26-08-2024T22:09:10 - [TEST_STEP][PASSED] - out.println("Value of Emulator Key is : " + EmulatorDataKey): null

26-08-2024T22:09:10 - [TEST_STEP][PASSED] - iwpPages.emulatorIWP30.setDataEmulator_DD(EmulatorDataKey): iwpPages.emulatorIWP30.setDataEmulator_DD is PASSED

26-08-2024T22:09:10 - [MESSAGE][INFO] - Starting 'Edge Chromium' driver

26-08-2024T22:09:10 - [MESSAGE][INFO] - User set preference: ['acceptInsecureCerts', 'true']

26-08-2024T22:09:12 - [MESSAGE][INFO] - Action delay is set to 0 milliseconds

26-08-2024T22:09:16 - [MESSAGE][PASSED] - Browser is opened with url: 'https://qa2.velocitypayment.com/agency/config.do?action=editor&message_version=2_5'

26-08-2024T22:09:16 - [MESSAGE][PASSED] - Current window maximized

26-08-2024T22:09:17 - [MESSAGE][PASSED] - All options with value '2.5' are selected in object 'Object Repository/IWP30/Page_VRelay30Emulator/MV'  using regular expression

26-08-2024T22:09:18 - [MESSAGE][PASSED] - Text '10.50' is set on object 'Object Repository/IWP30/Page_VRelay30Emulator/Amount'

26-08-2024T22:09:18 - [MESSAGE][PASSED] - Text '26413414' is set on object 'Object Repository/IWP30/Page_VRelay30Emulator/CAN'

26-08-2024T22:09:19 - [MESSAGE][PASSED] - Text 'PayNow' is set on object 'Object Repository/IWP30/Page_VRelay30Emulator/Action'

26-08-2024T22:09:19 - [MESSAGE][PASSED] - Text 'en_US' is set on object 'Object Repository/IWP30/Page_VRelay30Emulator/Lang'

26-08-2024T22:09:20 - [MESSAGE][PASSED] - Text 'Curlonty' is set on object 'Object Repository/IWP30/Page_VRelay30Emulator/Fname'

26-08-2024T22:09:21 - [MESSAGE][PASSED] - Text 'Lachuga' is set on object 'Object Repository/IWP30/Page_VRelay30Emulator/Lname'

26-08-2024T22:09:21 - [MESSAGE][PASSED] - Text '258 Underwood rd' is set on object 'Object Repository/IWP30/Page_VRelay30Emulator/AL1'

26-08-2024T22:09:22 - [MESSAGE][PASSED] - Text 'Suite 600' is set on object 'Object Repository/IWP30/Page_VRelay30Emulator/AL2'

26-08-2024T22:09:23 - [MESSAGE][PASSED] - Text '840' is set on object 'Object Repository/IWP30/Page_VRelay30Emulator/Country'

26-08-2024T22:09:23 - [MESSAGE][PASSED] - Text 'Arlington' is set on object 'Object Repository/IWP30/Page_VRelay30Emulator/City'

26-08-2024T22:09:24 - [MESSAGE][PASSED] - Text 'VA' is set on object 'Object Repository/IWP30/Page_VRelay30Emulator/State'

26-08-2024T22:09:24 - [MESSAGE][PASSED] - Text '22201' is set on object 'Object Repository/IWP30/Page_VRelay30Emulator/ZIP'

26-08-2024T22:09:25 - [MESSAGE][PASSED] - Text '' is set on object 'Object Repository/IWP30/Page_VRelay30Emulator/Order'

26-08-2024T22:09:26 - [MESSAGE][PASSED] - Text '' is set on object 'Object Repository/IWP30/Page_VRelay30Emulator/Company'

26-08-2024T22:09:26 - [MESSAGE][PASSED] - Text '' is set on object 'Object Repository/IWP30/Page_VRelay30Emulator/Email'

26-08-2024T22:09:27 - [MESSAGE][PASSED] - Text 'udf data 1' is set on object 'Object Repository/IWP30/Page_VRelay30Emulator/UDF1'

26-08-2024T22:09:27 - [MESSAGE][PASSED] - Text 'udf data 2' is set on object 'Object Repository/IWP30/Page_VRelay30Emulator/UDF2'

26-08-2024T22:09:28 - [MESSAGE][PASSED] - Text '' is set on object 'Object Repository/IWP30/Page_VRelay30Emulator/UDF3'

26-08-2024T22:09:28 - [MESSAGE][PASSED] - Text '' is set on object 'Object Repository/IWP30/Page_VRelay30Emulator/UDF4'

26-08-2024T22:09:29 - [MESSAGE][PASSED] - Text '' is set on object 'Object Repository/IWP30/Page_VRelay30Emulator/UDF5'

26-08-2024T22:09:30 - [MESSAGE][PASSED] - Text '' is set on object 'Object Repository/IWP30/Page_VRelay30Emulator/UDF6'

26-08-2024T22:09:30 - [MESSAGE][PASSED] - Text '' is set on object 'Object Repository/IWP30/Page_VRelay30Emulator/UDF7'

26-08-2024T22:09:31 - [MESSAGE][PASSED] - Text '' is set on object 'Object Repository/IWP30/Page_VRelay30Emulator/UDF8'

26-08-2024T22:09:31 - [MESSAGE][PASSED] - Text '' is set on object 'Object Repository/IWP30/Page_VRelay30Emulator/UDF9'

26-08-2024T22:09:32 - [MESSAGE][PASSED] - Text '' is set on object 'Object Repository/IWP30/Page_VRelay30Emulator/UDF10'

26-08-2024T22:09:33 - [MESSAGE][PASSED] - Object: 'Object Repository/IWP30/Page_VRelay30Emulator/Submit' is clicked on

26-08-2024T22:09:37 - [MESSAGE][PASSED] - Browser is closed

26-08-2024T22:09:41 - [MESSAGE][PASSED] - iwpPages.emulatorIWP30.setDataEmulator_DD is PASSED

26-08-2024T22:09:41 - [TEST_STEP][PASSED] - testHarnessURL = urlTestHarness: null

26-08-2024T22:09:41 - [TEST_STEP][PASSED] - openBrowser(testHarnessURL): Browser is opened with url: 'https://dev-algorithm.govolution.com/vrelaytest/QA2/version_2_2/vrelaytest.html'

26-08-2024T22:09:41 - [MESSAGE][INFO] - Starting 'Edge Chromium' driver

26-08-2024T22:09:41 - [MESSAGE][INFO] - User set preference: ['acceptInsecureCerts', 'true']

26-08-2024T22:09:43 - [MESSAGE][INFO] - Action delay is set to 0 milliseconds

26-08-2024T22:09:47 - [MESSAGE][PASSED] - Browser is opened with url: 'https://dev-algorithm.govolution.com/vrelaytest/QA2/version_2_2/vrelaytest.html'

26-08-2024T22:09:47 - [TEST_STEP][PASSED] - maximizeWindow(): Current window maximized

26-08-2024T22:09:48 - [MESSAGE][PASSED] - Current window maximized

26-08-2024T22:09:48 - [TEST_STEP][PASSED] - iwpPages.TestHarnessPage.setDataMethod(row, dataFile): iwpPages.TestHarnessPage.setDataMethod is PASSED

26-08-2024T22:09:48 - [MESSAGE][PASSED] - Object 'Object Repository/IWP30/Page_QATestHarness/RemittanceID' is present

26-08-2024T22:09:49 - [MESSAGE][PASSED] - Text '652' is set on object 'Object Repository/IWP30/Page_QATestHarness/ApplicationID'

26-08-2024T22:09:50 - [MESSAGE][PASSED] - Text '2.5' is set on object 'Object Repository/IWP30/Page_QATestHarness/MessageVersion'

26-08-2024T22:09:50 - [MESSAGE][PASSED] - Text '0bFdAqGCUzpA' is set on object 'Object Repository/IWP30/Page_QATestHarness/RemittanceID'

26-08-2024T22:09:53 - [MESSAGE][PASSED] - Object: 'Object Repository/IWP30/Page_QATestHarness/SubmitButton' is clicked on

26-08-2024T22:09:53 - [MESSAGE][PASSED] - iwpPages.TestHarnessPage.setDataMethod is PASSED

26-08-2024T22:09:53 - [TEST_STEP][PASSED] - click(findTestObject("Object Repository/IWP30/Page_SelectPaymentMethod/PayByPersonalCheck")): Object: 'Object Repository/IWP30/Page_SelectPaymentMethod/PayByPersonalCheck' is clicked on

26-08-2024T22:09:54 - [MESSAGE][PASSED] - Object: 'Object Repository/IWP30/Page_SelectPaymentMethod/PayByPersonalCheck' is clicked on

26-08-2024T22:09:54 - [TEST_STEP][PASSED] - click(findTestObject("Object Repository/IWP30/Page_SelectPaymentMethod/MakePaymentButton")): Object: 'Object Repository/IWP30/Page_SelectPaymentMethod/MakePaymentButton' is clicked on

26-08-2024T22:09:56 - [MESSAGE][PASSED] - Object: 'Object Repository/IWP30/Page_SelectPaymentMethod/MakePaymentButton' is clicked on

26-08-2024T22:09:56 - [TEST_STEP][PASSED] - iwpPages.achPersonalPaymentEntryPage.setDataACHPPM(row, dataFile): iwpPages.achPersonalPaymentEntryPage.setDataACHPPM is PASSED

26-08-2024T22:09:57 - [MESSAGE][PASSED] - Object 'Object Repository/IWP30/Page_ACHPersonalPaymentEntry/txt_accountNumber' is present

26-08-2024T22:09:58 - [MESSAGE][PASSED] - Text '11.50' is set on object 'Object Repository/IWP30/Page_ACHPersonalPaymentEntry/txt_Amount'

26-08-2024T22:09:58 - [MESSAGE][PASSED] - Object 'Object Repository/IWP30/Page_ACHPersonalPaymentEntry/txt_UDF2' is present

26-08-2024T22:09:58 - [MESSAGE][PASSED] - Object 'Object Repository/IWP30/Page_ACHPersonalPaymentEntry/txt_Firstname' is present

26-08-2024T22:09:59 - [MESSAGE][PASSED] - Text 'Elizath' is set on object 'Object Repository/IWP30/Page_ACHPersonalPaymentEntry/txt_Firstname'

26-08-2024T22:09:59 - [MESSAGE][PASSED] - Object 'Object Repository/IWP30/Page_ACHPersonalPaymentEntry/txt_Lastname' is present

26-08-2024T22:10:00 - [MESSAGE][PASSED] - Text 'Christine' is set on object 'Object Repository/IWP30/Page_ACHPersonalPaymentEntry/txt_Lastname'

26-08-2024T22:10:00 - [MESSAGE][PASSED] - Object 'Object Repository/IWP30/Page_ACHPersonalPaymentEntry/txt_routingNumber' is present

26-08-2024T22:10:00 - [MESSAGE][PASSED] - Text '256072691' is set on object 'Object Repository/IWP30/Page_ACHPersonalPaymentEntry/txt_routingNumber'

26-08-2024T22:10:01 - [MESSAGE][PASSED] - Object 'Object Repository/IWP30/Page_ACHPersonalPaymentEntry/txt_accountNumber' is present

26-08-2024T22:10:02 - [MESSAGE][PASSED] - Text '12344444' is set on object 'Object Repository/IWP30/Page_ACHPersonalPaymentEntry/txt_accountNumber'

26-08-2024T22:10:03 - [MESSAGE][PASSED] - Object 'Object Repository/IWP30/Page_ACHPersonalPaymentEntry/txt_confirmAccountNumber' is present

26-08-2024T22:10:03 - [MESSAGE][PASSED] - Text '12344444' is set on object 'Object Repository/IWP30/Page_ACHPersonalPaymentEntry/txt_confirmAccountNumber'

26-08-2024T22:10:03 - [MESSAGE][PASSED] - Object 'Object Repository/IWP30/Page_ACHPersonalPaymentEntry/rd_accountType' is present

26-08-2024T22:10:03 - [MESSAGE][PASSED] - Modify property of object successfully

26-08-2024T22:10:04 - [MESSAGE][PASSED] - Object: 'Object Repository/IWP30/Page_ACHPersonalPaymentEntry/rd_accountType' is clicked on

26-08-2024T22:10:04 - [MESSAGE][PASSED] - Object 'Object Repository/IWP30/Page_ACHPersonalPaymentEntry/txt_Email' is present

26-08-2024T22:10:05 - [MESSAGE][PASSED] - Text 'iahmed@govolution.com' is set on object 'Object Repository/IWP30/Page_ACHPersonalPaymentEntry/txt_Email'

26-08-2024T22:10:05 - [MESSAGE][PASSED] - Object 'Object Repository/IWP30/Page_ACHPersonalPaymentEntry/cb_TermsAndCond' is present

26-08-2024T22:10:05 - [MESSAGE][PASSED] - Object: 'Object Repository/IWP30/Page_ACHPersonalPaymentEntry/cb_TermsAndCond' is clicked on

26-08-2024T22:10:06 - [MESSAGE][PASSED] - Object 'Object Repository/IWP30/Page_ACHPersonalPaymentEntry/btn_Continue' is present

26-08-2024T22:10:08 - [MESSAGE][PASSED] - Object: 'Object Repository/IWP30/Page_ACHPersonalPaymentEntry/btn_Continue' is clicked on

26-08-2024T22:10:08 - [MESSAGE][PASSED] - iwpPages.achPersonalPaymentEntryPage.setDataACHPPM is PASSED

26-08-2024T22:10:08 - [TEST_STEP][PASSED] - Thread.sleep(10000): null

26-08-2024T22:10:18 - [TEST_STEP][PASSED] - if (verifyTextPresent("Payment amounts more than 10.50 are not accepted", false)): null

26-08-2024T22:10:18 - [MESSAGE][PASSED] - Text 'Payment amounts more than 10.50 are not accepted' is present on page 

26-08-2024T22:10:18 - [TEST_STEP][PASSED] - println("Over Pay Error message shown"): null

26-08-2024T22:10:18 - [TEST_STEP][PASSED] - markPassed("Over Pay Error message shown"): Over Pay Error message shown

26-08-2024T22:10:18 - [MESSAGE][PASSED] - Over Pay Error message shown

26-08-2024T22:10:18 - [TEST_STEP][PASSED] - resText = "Pass": null

26-08-2024T22:10:18 - [TEST_STEP][PASSED] - pages.WriteExcel.demoKey(resText, datText, resColumn, datCloumn, fileLoc, nameSheet, row): pages.WriteExcel.demoKey is PASSED

26-08-2024T22:10:18 - [MESSAGE][PASSED] - pages.WriteExcel.demoKey is PASSED

26-08-2024T22:10:18 - [TEST_STEP][PASSED] - closeBrowser(): Browser is closed

26-08-2024T22:10:19 - [MESSAGE][PASSED] - Browser is closed]]></system-out>
         <system-err><![CDATA[]]></system-err>
      </testcase>
      <testcase name="Test Cases/IntegratedWeb/IWP25/Error/NoUnderPayErrorCorp" time="68.83" classname="Test Cases/IntegratedWeb/IWP25/Error/NoUnderPayErrorCorp" status="PASSED">
         <system-out><![CDATA[26-08-2024T22:10:19 - [TEST_CASE][PASSED] - Test Cases/IntegratedWeb/IWP25/Error/NoUnderPayErrorCorp: Test Cases/IntegratedWeb/IWP25/Error/NoUnderPayErrorCorp

26-08-2024T22:10:19 - [TEST_STEP][PASSED] - resText = "Fail": null

26-08-2024T22:10:19 - [TEST_STEP][PASSED] - resColumn = "Result": null

26-08-2024T22:10:19 - [TEST_STEP][PASSED] - datCloumn = "Date": null

26-08-2024T22:10:19 - [TEST_STEP][PASSED] - fileLoc = "KatalonData/IWPTestData/VRelay25Payments.xlsx": null

26-08-2024T22:10:19 - [TEST_STEP][PASSED] - numOfRows = <not implemented yet for class: org.codehaus.groovy.ast.expr.EmptyExpression>: null

26-08-2024T22:10:19 - [TEST_STEP][PASSED] - dataFile = <not implemented yet for class: org.codehaus.groovy.ast.expr.EmptyExpression>: null

26-08-2024T22:10:19 - [TEST_STEP][PASSED] - nameSheet = <not implemented yet for class: org.codehaus.groovy.ast.expr.EmptyExpression>: null

26-08-2024T22:10:19 - [TEST_STEP][PASSED] - dataFileEmulator = <not implemented yet for class: org.codehaus.groovy.ast.expr.EmptyExpression>: null

26-08-2024T22:10:19 - [TEST_STEP][PASSED] - nameSheet = "NoUnderPayErrorCorp": null

26-08-2024T22:10:19 - [TEST_STEP][PASSED] - dataFile = "IWPTestData/IWP25NoUnderPayErrorCorp": null

26-08-2024T22:10:19 - [TEST_STEP][PASSED] - dataFileEmulator = "IWPTestData/EmulatorData": null

26-08-2024T22:10:19 - [TEST_STEP][PASSED] - numOfRows = findTestData(dataFile).getRowNumbers(): null

26-08-2024T22:10:19 - [TEST_STEP][PASSED] - println("Number of Records: " + numOfRows): null

26-08-2024T22:10:19 - [TEST_STEP][PASSED] - for ([row = 1, row <= numOfRows, (row++)]): Browser is closed

26-08-2024T22:10:19 - [TEST_STEP][PASSED] - ExecuteTC = findTestData(dataFile).getValue("Execute", row): null

26-08-2024T22:10:19 - [TEST_STEP][PASSED] - out.println("Value of Execute is : " + ExecuteTC): null

26-08-2024T22:10:19 - [TEST_STEP][PASSED] - if (ExecuteTC.equalsIgnoreCase("Y")): null

26-08-2024T22:10:19 - [TEST_STEP][PASSED] - out.println("Begin Record Number: " + row): null

26-08-2024T22:10:19 - [TEST_STEP][PASSED] - today = new java.util.Date(): null

26-08-2024T22:10:19 - [TEST_STEP][PASSED] - println(today): null

26-08-2024T22:10:19 - [TEST_STEP][PASSED] - datText = today: null

26-08-2024T22:10:19 - [TEST_STEP][PASSED] - EmulatorDataKey = findTestData(dataFile).getValue("EmulatorData", row): null

26-08-2024T22:10:19 - [TEST_STEP][PASSED] - out.println("Value of Emulator Key is : " + EmulatorDataKey): null

26-08-2024T22:10:19 - [TEST_STEP][PASSED] - iwpPages.emulatorIWP30.setDataEmulator_DD(EmulatorDataKey): iwpPages.emulatorIWP30.setDataEmulator_DD is PASSED

26-08-2024T22:10:20 - [MESSAGE][INFO] - Starting 'Edge Chromium' driver

26-08-2024T22:10:20 - [MESSAGE][INFO] - User set preference: ['acceptInsecureCerts', 'true']

26-08-2024T22:10:22 - [MESSAGE][INFO] - Action delay is set to 0 milliseconds

26-08-2024T22:10:25 - [MESSAGE][PASSED] - Browser is opened with url: 'https://qa2.velocitypayment.com/agency/config.do?action=editor&message_version=2_5'

26-08-2024T22:10:25 - [MESSAGE][PASSED] - Current window maximized

26-08-2024T22:10:26 - [MESSAGE][PASSED] - All options with value '2.5' are selected in object 'Object Repository/IWP30/Page_VRelay30Emulator/MV'  using regular expression

26-08-2024T22:10:27 - [MESSAGE][PASSED] - Text '10.50' is set on object 'Object Repository/IWP30/Page_VRelay30Emulator/Amount'

26-08-2024T22:10:27 - [MESSAGE][PASSED] - Text '26413414' is set on object 'Object Repository/IWP30/Page_VRelay30Emulator/CAN'

26-08-2024T22:10:28 - [MESSAGE][PASSED] - Text 'PayNow' is set on object 'Object Repository/IWP30/Page_VRelay30Emulator/Action'

26-08-2024T22:10:29 - [MESSAGE][PASSED] - Text 'en_US' is set on object 'Object Repository/IWP30/Page_VRelay30Emulator/Lang'

26-08-2024T22:10:29 - [MESSAGE][PASSED] - Text 'Curlonty' is set on object 'Object Repository/IWP30/Page_VRelay30Emulator/Fname'

26-08-2024T22:10:30 - [MESSAGE][PASSED] - Text 'Lachuga' is set on object 'Object Repository/IWP30/Page_VRelay30Emulator/Lname'

26-08-2024T22:10:31 - [MESSAGE][PASSED] - Text '258 Underwood rd' is set on object 'Object Repository/IWP30/Page_VRelay30Emulator/AL1'

26-08-2024T22:10:31 - [MESSAGE][PASSED] - Text 'Suite 600' is set on object 'Object Repository/IWP30/Page_VRelay30Emulator/AL2'

26-08-2024T22:10:32 - [MESSAGE][PASSED] - Text '840' is set on object 'Object Repository/IWP30/Page_VRelay30Emulator/Country'

26-08-2024T22:10:32 - [MESSAGE][PASSED] - Text 'Arlington' is set on object 'Object Repository/IWP30/Page_VRelay30Emulator/City'

26-08-2024T22:10:33 - [MESSAGE][PASSED] - Text 'VA' is set on object 'Object Repository/IWP30/Page_VRelay30Emulator/State'

26-08-2024T22:10:34 - [MESSAGE][PASSED] - Text '22201' is set on object 'Object Repository/IWP30/Page_VRelay30Emulator/ZIP'

26-08-2024T22:10:34 - [MESSAGE][PASSED] - Text '' is set on object 'Object Repository/IWP30/Page_VRelay30Emulator/Order'

26-08-2024T22:10:35 - [MESSAGE][PASSED] - Text '' is set on object 'Object Repository/IWP30/Page_VRelay30Emulator/Company'

26-08-2024T22:10:35 - [MESSAGE][PASSED] - Text '' is set on object 'Object Repository/IWP30/Page_VRelay30Emulator/Email'

26-08-2024T22:10:36 - [MESSAGE][PASSED] - Text 'udf data 1' is set on object 'Object Repository/IWP30/Page_VRelay30Emulator/UDF1'

26-08-2024T22:10:37 - [MESSAGE][PASSED] - Text 'udf data 2' is set on object 'Object Repository/IWP30/Page_VRelay30Emulator/UDF2'

26-08-2024T22:10:37 - [MESSAGE][PASSED] - Text '' is set on object 'Object Repository/IWP30/Page_VRelay30Emulator/UDF3'

26-08-2024T22:10:38 - [MESSAGE][PASSED] - Text '' is set on object 'Object Repository/IWP30/Page_VRelay30Emulator/UDF4'

26-08-2024T22:10:38 - [MESSAGE][PASSED] - Text '' is set on object 'Object Repository/IWP30/Page_VRelay30Emulator/UDF5'

26-08-2024T22:10:39 - [MESSAGE][PASSED] - Text '' is set on object 'Object Repository/IWP30/Page_VRelay30Emulator/UDF6'

26-08-2024T22:10:39 - [MESSAGE][PASSED] - Text '' is set on object 'Object Repository/IWP30/Page_VRelay30Emulator/UDF7'

26-08-2024T22:10:40 - [MESSAGE][PASSED] - Text '' is set on object 'Object Repository/IWP30/Page_VRelay30Emulator/UDF8'

26-08-2024T22:10:41 - [MESSAGE][PASSED] - Text '' is set on object 'Object Repository/IWP30/Page_VRelay30Emulator/UDF9'

26-08-2024T22:10:41 - [MESSAGE][PASSED] - Text '' is set on object 'Object Repository/IWP30/Page_VRelay30Emulator/UDF10'

26-08-2024T22:10:42 - [MESSAGE][PASSED] - Object: 'Object Repository/IWP30/Page_VRelay30Emulator/Submit' is clicked on

26-08-2024T22:10:48 - [MESSAGE][PASSED] - Browser is closed

26-08-2024T22:10:52 - [MESSAGE][PASSED] - iwpPages.emulatorIWP30.setDataEmulator_DD is PASSED

26-08-2024T22:10:52 - [TEST_STEP][PASSED] - testHarnessURL = urlTestHarness: null

26-08-2024T22:10:52 - [TEST_STEP][PASSED] - openBrowser(testHarnessURL): Browser is opened with url: 'https://dev-algorithm.govolution.com/vrelaytest/QA2/version_2_2/vrelaytest.html'

26-08-2024T22:10:52 - [MESSAGE][INFO] - Starting 'Edge Chromium' driver

26-08-2024T22:10:52 - [MESSAGE][INFO] - User set preference: ['acceptInsecureCerts', 'true']

26-08-2024T22:10:54 - [MESSAGE][INFO] - Action delay is set to 0 milliseconds

26-08-2024T22:10:57 - [MESSAGE][PASSED] - Browser is opened with url: 'https://dev-algorithm.govolution.com/vrelaytest/QA2/version_2_2/vrelaytest.html'

26-08-2024T22:10:57 - [TEST_STEP][PASSED] - maximizeWindow(): Current window maximized

26-08-2024T22:10:57 - [MESSAGE][PASSED] - Current window maximized

26-08-2024T22:10:57 - [TEST_STEP][PASSED] - iwpPages.TestHarnessPage.setDataMethod(row, dataFile): iwpPages.TestHarnessPage.setDataMethod is PASSED

26-08-2024T22:10:58 - [MESSAGE][PASSED] - Object 'Object Repository/IWP30/Page_QATestHarness/RemittanceID' is present

26-08-2024T22:10:58 - [MESSAGE][PASSED] - Text '653' is set on object 'Object Repository/IWP30/Page_QATestHarness/ApplicationID'

26-08-2024T22:10:59 - [MESSAGE][PASSED] - Text '2.5' is set on object 'Object Repository/IWP30/Page_QATestHarness/MessageVersion'

26-08-2024T22:11:00 - [MESSAGE][PASSED] - Text 'IMZY6hMCyEDT' is set on object 'Object Repository/IWP30/Page_QATestHarness/RemittanceID'

26-08-2024T22:11:03 - [MESSAGE][PASSED] - Object: 'Object Repository/IWP30/Page_QATestHarness/SubmitButton' is clicked on

26-08-2024T22:11:03 - [MESSAGE][PASSED] - iwpPages.TestHarnessPage.setDataMethod is PASSED

26-08-2024T22:11:03 - [TEST_STEP][PASSED] - click(findTestObject("Object Repository/IWP30/Page_SelectPaymentMethod/PayByCorporateCheck")): Object: 'Object Repository/IWP30/Page_SelectPaymentMethod/PayByCorporateCheck' is clicked on

26-08-2024T22:11:03 - [MESSAGE][PASSED] - Object: 'Object Repository/IWP30/Page_SelectPaymentMethod/PayByCorporateCheck' is clicked on

26-08-2024T22:11:03 - [TEST_STEP][PASSED] - click(findTestObject("Object Repository/IWP30/Page_SelectPaymentMethod/MakePaymentButton")): Object: 'Object Repository/IWP30/Page_SelectPaymentMethod/MakePaymentButton' is clicked on

26-08-2024T22:11:05 - [MESSAGE][PASSED] - Object: 'Object Repository/IWP30/Page_SelectPaymentMethod/MakePaymentButton' is clicked on

26-08-2024T22:11:05 - [TEST_STEP][PASSED] - iwpPages.achCorporatePaymentEntryPage.setDataCorporate(row, dataFile): iwpPages.achCorporatePaymentEntryPage.setDataCorporate is PASSED

26-08-2024T22:11:06 - [MESSAGE][PASSED] - Object 'Object Repository/IWP30/Page_ACHCorporatePaymentEntry/txt_accountNumber' is present

26-08-2024T22:11:07 - [MESSAGE][PASSED] - Object 'Object Repository/IWP30/Page_ACHCorporatePaymentEntry/input_CompanyName' is present

26-08-2024T22:11:07 - [MESSAGE][PASSED] - Text 'My Company' is set on object 'Object Repository/IWP30/Page_ACHCorporatePaymentEntry/input_CompanyName'

26-08-2024T22:11:07 - [MESSAGE][PASSED] - Object 'Object Repository/IWP30/Page_ACHCorporatePaymentEntry/input_EIN' is present

26-08-2024T22:11:08 - [MESSAGE][PASSED] - Text '123456789' is set on object 'Object Repository/IWP30/Page_ACHCorporatePaymentEntry/input_EIN'

26-08-2024T22:11:09 - [MESSAGE][PASSED] - Text '9.50' is set on object 'Object Repository/IWP30/Page_ACHCorporatePaymentEntry/txt_Amount'

26-08-2024T22:11:09 - [MESSAGE][PASSED] - Object 'Object Repository/IWP30/Page_ACHCorporatePaymentEntry/txt_routingNumber' is present

26-08-2024T22:11:10 - [MESSAGE][PASSED] - Text '256072691' is set on object 'Object Repository/IWP30/Page_ACHCorporatePaymentEntry/txt_routingNumber'

26-08-2024T22:11:10 - [MESSAGE][PASSED] - Object 'Object Repository/IWP30/Page_ACHCorporatePaymentEntry/txt_accountNumber' is present

26-08-2024T22:11:12 - [MESSAGE][PASSED] - Text '12344444' is set on object 'Object Repository/IWP30/Page_ACHCorporatePaymentEntry/txt_accountNumber'

26-08-2024T22:11:12 - [MESSAGE][PASSED] - Object 'Object Repository/IWP30/Page_ACHCorporatePaymentEntry/txt_confirmAccountNumber' is present

26-08-2024T22:11:13 - [MESSAGE][PASSED] - Text '12344444' is set on object 'Object Repository/IWP30/Page_ACHCorporatePaymentEntry/txt_confirmAccountNumber'

26-08-2024T22:11:13 - [MESSAGE][PASSED] - Object 'Object Repository/IWP30/Page_ACHCorporatePaymentEntry/txt_Email' is present

26-08-2024T22:11:14 - [MESSAGE][PASSED] - Text 'iahmed@govolution.com' is set on object 'Object Repository/IWP30/Page_ACHCorporatePaymentEntry/txt_Email'

26-08-2024T22:11:14 - [MESSAGE][PASSED] - Object 'Object Repository/IWP30/Page_ACHCorporatePaymentEntry/cb_TermsAndCond' is present

26-08-2024T22:11:14 - [MESSAGE][PASSED] - Object: 'Object Repository/IWP30/Page_ACHCorporatePaymentEntry/cb_TermsAndCond' is clicked on

26-08-2024T22:11:15 - [MESSAGE][PASSED] - Object 'Object Repository/IWP30/Page_ACHCorporatePaymentEntry/btn_Continue' is present

26-08-2024T22:11:17 - [MESSAGE][PASSED] - Object: 'Object Repository/IWP30/Page_ACHCorporatePaymentEntry/btn_Continue' is clicked on

26-08-2024T22:11:17 - [MESSAGE][PASSED] - iwpPages.achCorporatePaymentEntryPage.setDataCorporate is PASSED

26-08-2024T22:11:17 - [TEST_STEP][PASSED] - Thread.sleep(10000): null

26-08-2024T22:11:27 - [TEST_STEP][PASSED] - if (verifyTextPresent("Payment amounts less than 10.50 are not accepted", false)): null

26-08-2024T22:11:27 - [MESSAGE][PASSED] - Text 'Payment amounts less than 10.50 are not accepted' is present on page 

26-08-2024T22:11:27 - [TEST_STEP][PASSED] - println("UnderPay Error message shown"): null

26-08-2024T22:11:27 - [TEST_STEP][PASSED] - markPassed("Under Pay Error message shown"): Under Pay Error message shown

26-08-2024T22:11:27 - [MESSAGE][PASSED] - Under Pay Error message shown

26-08-2024T22:11:27 - [TEST_STEP][PASSED] - resText = "Pass": null

26-08-2024T22:11:27 - [TEST_STEP][PASSED] - pages.WriteExcel.demoKey(resText, datText, resColumn, datCloumn, fileLoc, nameSheet, row): pages.WriteExcel.demoKey is PASSED

26-08-2024T22:11:27 - [MESSAGE][PASSED] - pages.WriteExcel.demoKey is PASSED

26-08-2024T22:11:27 - [TEST_STEP][PASSED] - closeBrowser(): Browser is closed

26-08-2024T22:11:27 - [MESSAGE][PASSED] - Browser is closed]]></system-out>
         <system-err><![CDATA[]]></system-err>
      </testcase>
      <testcase name="Test Cases/IntegratedWeb/IWP25/Error/NoUnderPayErrorPC" time="69.546" classname="Test Cases/IntegratedWeb/IWP25/Error/NoUnderPayErrorPC" status="PASSED">
         <system-out><![CDATA[26-08-2024T22:11:27 - [TEST_CASE][PASSED] - Test Cases/IntegratedWeb/IWP25/Error/NoUnderPayErrorPC: Test Cases/IntegratedWeb/IWP25/Error/NoUnderPayErrorPC

26-08-2024T22:11:28 - [TEST_STEP][PASSED] - resText = "Fail": null

26-08-2024T22:11:28 - [TEST_STEP][PASSED] - resColumn = "Result": null

26-08-2024T22:11:28 - [TEST_STEP][PASSED] - datCloumn = "Date": null

26-08-2024T22:11:28 - [TEST_STEP][PASSED] - fileLoc = "KatalonData/IWPTestData/VRelay25Payments.xlsx": null

26-08-2024T22:11:28 - [TEST_STEP][PASSED] - numOfRows = <not implemented yet for class: org.codehaus.groovy.ast.expr.EmptyExpression>: null

26-08-2024T22:11:28 - [TEST_STEP][PASSED] - dataFile = <not implemented yet for class: org.codehaus.groovy.ast.expr.EmptyExpression>: null

26-08-2024T22:11:28 - [TEST_STEP][PASSED] - nameSheet = <not implemented yet for class: org.codehaus.groovy.ast.expr.EmptyExpression>: null

26-08-2024T22:11:28 - [TEST_STEP][PASSED] - dataFileEmulator = <not implemented yet for class: org.codehaus.groovy.ast.expr.EmptyExpression>: null

26-08-2024T22:11:28 - [TEST_STEP][PASSED] - nameSheet = "NoUnderPayErrorPC": null

26-08-2024T22:11:28 - [TEST_STEP][PASSED] - dataFile = "IWPTestData/IWP25NoUnderPayErrorPC": null

26-08-2024T22:11:28 - [TEST_STEP][PASSED] - dataFileEmulator = "IWPTestData/EmulatorData": null

26-08-2024T22:11:28 - [TEST_STEP][PASSED] - numOfRows = findTestData(dataFile).getRowNumbers(): null

26-08-2024T22:11:28 - [TEST_STEP][PASSED] - println("Number of Records: " + numOfRows): null

26-08-2024T22:11:28 - [TEST_STEP][PASSED] - for ([row = 1, row <= numOfRows, (row++)]): Browser is closed

26-08-2024T22:11:28 - [TEST_STEP][PASSED] - ExecuteTC = findTestData(dataFile).getValue("Execute", row): null

26-08-2024T22:11:28 - [TEST_STEP][PASSED] - out.println("Value of Execute is : " + ExecuteTC): null

26-08-2024T22:11:28 - [TEST_STEP][PASSED] - if (ExecuteTC.equalsIgnoreCase("Y")): null

26-08-2024T22:11:28 - [TEST_STEP][PASSED] - out.println("Begin Record Number: " + row): null

26-08-2024T22:11:28 - [TEST_STEP][PASSED] - today = new java.util.Date(): null

26-08-2024T22:11:28 - [TEST_STEP][PASSED] - println(today): null

26-08-2024T22:11:28 - [TEST_STEP][PASSED] - datText = today: null

26-08-2024T22:11:28 - [TEST_STEP][PASSED] - EmulatorDataKey = findTestData(dataFile).getValue("EmulatorData", row): null

26-08-2024T22:11:28 - [TEST_STEP][PASSED] - out.println("Value of Emulator Key is : " + EmulatorDataKey): null

26-08-2024T22:11:28 - [TEST_STEP][PASSED] - iwpPages.emulatorIWP30.setDataEmulator_DD(EmulatorDataKey): iwpPages.emulatorIWP30.setDataEmulator_DD is PASSED

26-08-2024T22:11:28 - [MESSAGE][INFO] - Starting 'Edge Chromium' driver

26-08-2024T22:11:28 - [MESSAGE][INFO] - User set preference: ['acceptInsecureCerts', 'true']

26-08-2024T22:11:30 - [MESSAGE][INFO] - Action delay is set to 0 milliseconds

26-08-2024T22:11:34 - [MESSAGE][PASSED] - Browser is opened with url: 'https://qa2.velocitypayment.com/agency/config.do?action=editor&message_version=2_5'

26-08-2024T22:11:34 - [MESSAGE][PASSED] - Current window maximized

26-08-2024T22:11:35 - [MESSAGE][PASSED] - All options with value '2.5' are selected in object 'Object Repository/IWP30/Page_VRelay30Emulator/MV'  using regular expression

26-08-2024T22:11:36 - [MESSAGE][PASSED] - Text '10.50' is set on object 'Object Repository/IWP30/Page_VRelay30Emulator/Amount'

26-08-2024T22:11:36 - [MESSAGE][PASSED] - Text '26413414' is set on object 'Object Repository/IWP30/Page_VRelay30Emulator/CAN'

26-08-2024T22:11:37 - [MESSAGE][PASSED] - Text 'PayNow' is set on object 'Object Repository/IWP30/Page_VRelay30Emulator/Action'

26-08-2024T22:11:38 - [MESSAGE][PASSED] - Text 'en_US' is set on object 'Object Repository/IWP30/Page_VRelay30Emulator/Lang'

26-08-2024T22:11:38 - [MESSAGE][PASSED] - Text 'Curlonty' is set on object 'Object Repository/IWP30/Page_VRelay30Emulator/Fname'

26-08-2024T22:11:39 - [MESSAGE][PASSED] - Text 'Lachuga' is set on object 'Object Repository/IWP30/Page_VRelay30Emulator/Lname'

26-08-2024T22:11:39 - [MESSAGE][PASSED] - Text '258 Underwood rd' is set on object 'Object Repository/IWP30/Page_VRelay30Emulator/AL1'

26-08-2024T22:11:40 - [MESSAGE][PASSED] - Text 'Suite 600' is set on object 'Object Repository/IWP30/Page_VRelay30Emulator/AL2'

26-08-2024T22:11:41 - [MESSAGE][PASSED] - Text '840' is set on object 'Object Repository/IWP30/Page_VRelay30Emulator/Country'

26-08-2024T22:11:41 - [MESSAGE][PASSED] - Text 'Arlington' is set on object 'Object Repository/IWP30/Page_VRelay30Emulator/City'

26-08-2024T22:11:42 - [MESSAGE][PASSED] - Text 'VA' is set on object 'Object Repository/IWP30/Page_VRelay30Emulator/State'

26-08-2024T22:11:42 - [MESSAGE][PASSED] - Text '22201' is set on object 'Object Repository/IWP30/Page_VRelay30Emulator/ZIP'

26-08-2024T22:11:43 - [MESSAGE][PASSED] - Text '' is set on object 'Object Repository/IWP30/Page_VRelay30Emulator/Order'

26-08-2024T22:11:44 - [MESSAGE][PASSED] - Text '' is set on object 'Object Repository/IWP30/Page_VRelay30Emulator/Company'

26-08-2024T22:11:44 - [MESSAGE][PASSED] - Text '' is set on object 'Object Repository/IWP30/Page_VRelay30Emulator/Email'

26-08-2024T22:11:45 - [MESSAGE][PASSED] - Text 'udf data 1' is set on object 'Object Repository/IWP30/Page_VRelay30Emulator/UDF1'

26-08-2024T22:11:45 - [MESSAGE][PASSED] - Text 'udf data 2' is set on object 'Object Repository/IWP30/Page_VRelay30Emulator/UDF2'

26-08-2024T22:11:46 - [MESSAGE][PASSED] - Text '' is set on object 'Object Repository/IWP30/Page_VRelay30Emulator/UDF3'

26-08-2024T22:11:47 - [MESSAGE][PASSED] - Text '' is set on object 'Object Repository/IWP30/Page_VRelay30Emulator/UDF4'

26-08-2024T22:11:47 - [MESSAGE][PASSED] - Text '' is set on object 'Object Repository/IWP30/Page_VRelay30Emulator/UDF5'

26-08-2024T22:11:48 - [MESSAGE][PASSED] - Text '' is set on object 'Object Repository/IWP30/Page_VRelay30Emulator/UDF6'

26-08-2024T22:11:48 - [MESSAGE][PASSED] - Text '' is set on object 'Object Repository/IWP30/Page_VRelay30Emulator/UDF7'

26-08-2024T22:11:49 - [MESSAGE][PASSED] - Text '' is set on object 'Object Repository/IWP30/Page_VRelay30Emulator/UDF8'

26-08-2024T22:11:49 - [MESSAGE][PASSED] - Text '' is set on object 'Object Repository/IWP30/Page_VRelay30Emulator/UDF9'

26-08-2024T22:11:50 - [MESSAGE][PASSED] - Text '' is set on object 'Object Repository/IWP30/Page_VRelay30Emulator/UDF10'

26-08-2024T22:11:51 - [MESSAGE][PASSED] - Object: 'Object Repository/IWP30/Page_VRelay30Emulator/Submit' is clicked on

26-08-2024T22:11:56 - [MESSAGE][PASSED] - Browser is closed

26-08-2024T22:12:00 - [MESSAGE][PASSED] - iwpPages.emulatorIWP30.setDataEmulator_DD is PASSED

26-08-2024T22:12:00 - [TEST_STEP][PASSED] - testHarnessURL = urlTestHarness: null

26-08-2024T22:12:00 - [TEST_STEP][PASSED] - openBrowser(testHarnessURL): Browser is opened with url: 'https://dev-algorithm.govolution.com/vrelaytest/QA2/version_2_2/vrelaytest.html'

26-08-2024T22:12:00 - [MESSAGE][INFO] - Starting 'Edge Chromium' driver

26-08-2024T22:12:00 - [MESSAGE][INFO] - User set preference: ['acceptInsecureCerts', 'true']

26-08-2024T22:12:02 - [MESSAGE][INFO] - Action delay is set to 0 milliseconds

26-08-2024T22:12:06 - [MESSAGE][PASSED] - Browser is opened with url: 'https://dev-algorithm.govolution.com/vrelaytest/QA2/version_2_2/vrelaytest.html'

26-08-2024T22:12:06 - [TEST_STEP][PASSED] - maximizeWindow(): Current window maximized

26-08-2024T22:12:06 - [MESSAGE][PASSED] - Current window maximized

26-08-2024T22:12:06 - [TEST_STEP][PASSED] - iwpPages.TestHarnessPage.setDataMethod(row, dataFile): iwpPages.TestHarnessPage.setDataMethod is PASSED

26-08-2024T22:12:06 - [MESSAGE][PASSED] - Object 'Object Repository/IWP30/Page_QATestHarness/RemittanceID' is present

26-08-2024T22:12:07 - [MESSAGE][PASSED] - Text '653' is set on object 'Object Repository/IWP30/Page_QATestHarness/ApplicationID'

26-08-2024T22:12:08 - [MESSAGE][PASSED] - Text '2.5' is set on object 'Object Repository/IWP30/Page_QATestHarness/MessageVersion'

26-08-2024T22:12:08 - [MESSAGE][PASSED] - Text 'be9ViPhG1The' is set on object 'Object Repository/IWP30/Page_QATestHarness/RemittanceID'

26-08-2024T22:12:12 - [MESSAGE][PASSED] - Object: 'Object Repository/IWP30/Page_QATestHarness/SubmitButton' is clicked on

26-08-2024T22:12:12 - [MESSAGE][PASSED] - iwpPages.TestHarnessPage.setDataMethod is PASSED

26-08-2024T22:12:12 - [TEST_STEP][PASSED] - click(findTestObject("Object Repository/IWP30/Page_SelectPaymentMethod/PayByPersonalCheck")): Object: 'Object Repository/IWP30/Page_SelectPaymentMethod/PayByPersonalCheck' is clicked on

26-08-2024T22:12:12 - [MESSAGE][PASSED] - Object: 'Object Repository/IWP30/Page_SelectPaymentMethod/PayByPersonalCheck' is clicked on

26-08-2024T22:12:12 - [TEST_STEP][PASSED] - click(findTestObject("Object Repository/IWP30/Page_SelectPaymentMethod/MakePaymentButton")): Object: 'Object Repository/IWP30/Page_SelectPaymentMethod/MakePaymentButton' is clicked on

26-08-2024T22:12:15 - [MESSAGE][PASSED] - Object: 'Object Repository/IWP30/Page_SelectPaymentMethod/MakePaymentButton' is clicked on

26-08-2024T22:12:15 - [TEST_STEP][PASSED] - iwpPages.achPersonalPaymentEntryPage.setDataACHPPM(row, dataFile): iwpPages.achPersonalPaymentEntryPage.setDataACHPPM is PASSED

26-08-2024T22:12:16 - [MESSAGE][PASSED] - Object 'Object Repository/IWP30/Page_ACHPersonalPaymentEntry/txt_accountNumber' is present

26-08-2024T22:12:16 - [MESSAGE][PASSED] - Text '9.50' is set on object 'Object Repository/IWP30/Page_ACHPersonalPaymentEntry/txt_Amount'

26-08-2024T22:12:17 - [MESSAGE][PASSED] - Object 'Object Repository/IWP30/Page_ACHPersonalPaymentEntry/txt_UDF2' is present

26-08-2024T22:12:17 - [MESSAGE][PASSED] - Object 'Object Repository/IWP30/Page_ACHPersonalPaymentEntry/txt_Firstname' is present

26-08-2024T22:12:17 - [MESSAGE][PASSED] - Text 'Elizath' is set on object 'Object Repository/IWP30/Page_ACHPersonalPaymentEntry/txt_Firstname'

26-08-2024T22:12:18 - [MESSAGE][PASSED] - Object 'Object Repository/IWP30/Page_ACHPersonalPaymentEntry/txt_Lastname' is present

26-08-2024T22:12:18 - [MESSAGE][PASSED] - Text 'Christine' is set on object 'Object Repository/IWP30/Page_ACHPersonalPaymentEntry/txt_Lastname'

26-08-2024T22:12:19 - [MESSAGE][PASSED] - Object 'Object Repository/IWP30/Page_ACHPersonalPaymentEntry/txt_routingNumber' is present

26-08-2024T22:12:19 - [MESSAGE][PASSED] - Text '256072691' is set on object 'Object Repository/IWP30/Page_ACHPersonalPaymentEntry/txt_routingNumber'

26-08-2024T22:12:19 - [MESSAGE][PASSED] - Object 'Object Repository/IWP30/Page_ACHPersonalPaymentEntry/txt_accountNumber' is present

26-08-2024T22:12:21 - [MESSAGE][PASSED] - Text '12344444' is set on object 'Object Repository/IWP30/Page_ACHPersonalPaymentEntry/txt_accountNumber'

26-08-2024T22:12:21 - [MESSAGE][PASSED] - Object 'Object Repository/IWP30/Page_ACHPersonalPaymentEntry/txt_confirmAccountNumber' is present

26-08-2024T22:12:22 - [MESSAGE][PASSED] - Text '12344444' is set on object 'Object Repository/IWP30/Page_ACHPersonalPaymentEntry/txt_confirmAccountNumber'

26-08-2024T22:12:22 - [MESSAGE][PASSED] - Object 'Object Repository/IWP30/Page_ACHPersonalPaymentEntry/rd_accountType' is present

26-08-2024T22:12:22 - [MESSAGE][PASSED] - Modify property of object successfully

26-08-2024T22:12:22 - [MESSAGE][PASSED] - Object: 'Object Repository/IWP30/Page_ACHPersonalPaymentEntry/rd_accountType' is clicked on

26-08-2024T22:12:23 - [MESSAGE][PASSED] - Object 'Object Repository/IWP30/Page_ACHPersonalPaymentEntry/txt_Email' is present

26-08-2024T22:12:23 - [MESSAGE][PASSED] - Text 'iahmed@govolution.com' is set on object 'Object Repository/IWP30/Page_ACHPersonalPaymentEntry/txt_Email'

26-08-2024T22:12:24 - [MESSAGE][PASSED] - Object 'Object Repository/IWP30/Page_ACHPersonalPaymentEntry/cb_TermsAndCond' is present

26-08-2024T22:12:24 - [MESSAGE][PASSED] - Object: 'Object Repository/IWP30/Page_ACHPersonalPaymentEntry/cb_TermsAndCond' is clicked on

26-08-2024T22:12:24 - [MESSAGE][PASSED] - Object 'Object Repository/IWP30/Page_ACHPersonalPaymentEntry/btn_Continue' is present

26-08-2024T22:12:26 - [MESSAGE][PASSED] - Object: 'Object Repository/IWP30/Page_ACHPersonalPaymentEntry/btn_Continue' is clicked on

26-08-2024T22:12:26 - [MESSAGE][PASSED] - iwpPages.achPersonalPaymentEntryPage.setDataACHPPM is PASSED

26-08-2024T22:12:26 - [TEST_STEP][PASSED] - Thread.sleep(10000): null

26-08-2024T22:12:36 - [TEST_STEP][PASSED] - if (verifyTextPresent("Payment amounts less than 10.50 are not accepted", false)): null

26-08-2024T22:12:36 - [MESSAGE][PASSED] - Text 'Payment amounts less than 10.50 are not accepted' is present on page 

26-08-2024T22:12:36 - [TEST_STEP][PASSED] - println("UnderPay Error message shown"): null

26-08-2024T22:12:36 - [TEST_STEP][PASSED] - markPassed("Under Pay Error message shown"): Under Pay Error message shown

26-08-2024T22:12:36 - [MESSAGE][PASSED] - Under Pay Error message shown

26-08-2024T22:12:36 - [TEST_STEP][PASSED] - resText = "Pass": null

26-08-2024T22:12:36 - [TEST_STEP][PASSED] - pages.WriteExcel.demoKey(resText, datText, resColumn, datCloumn, fileLoc, nameSheet, row): pages.WriteExcel.demoKey is PASSED

26-08-2024T22:12:37 - [MESSAGE][PASSED] - pages.WriteExcel.demoKey is PASSED

26-08-2024T22:12:37 - [TEST_STEP][PASSED] - closeBrowser(): Browser is closed

26-08-2024T22:12:37 - [MESSAGE][PASSED] - Browser is closed]]></system-out>
         <system-err><![CDATA[]]></system-err>
      </testcase>
      <testcase name="Test Cases/IntegratedWeb/IWP25/Payments/NoModifyAmountCorp" time="67.985" classname="Test Cases/IntegratedWeb/IWP25/Payments/NoModifyAmountCorp" status="PASSED">
         <system-out><![CDATA[26-08-2024T22:12:37 - [TEST_CASE][PASSED] - Test Cases/IntegratedWeb/IWP25/Payments/NoModifyAmountCorp: Test Cases/IntegratedWeb/IWP25/Payments/NoModifyAmountCorp

26-08-2024T22:12:37 - [TEST_STEP][PASSED] - resText = "Fail": null

26-08-2024T22:12:37 - [TEST_STEP][PASSED] - resColumn = "Result": null

26-08-2024T22:12:37 - [TEST_STEP][PASSED] - datCloumn = "Date": null

26-08-2024T22:12:37 - [TEST_STEP][PASSED] - fileLoc = "KatalonData/IWPTestData/VRelay25Payments.xlsx": null

26-08-2024T22:12:37 - [TEST_STEP][PASSED] - numOfRows = <not implemented yet for class: org.codehaus.groovy.ast.expr.EmptyExpression>: null

26-08-2024T22:12:37 - [TEST_STEP][PASSED] - dataFile = <not implemented yet for class: org.codehaus.groovy.ast.expr.EmptyExpression>: null

26-08-2024T22:12:37 - [TEST_STEP][PASSED] - nameSheet = <not implemented yet for class: org.codehaus.groovy.ast.expr.EmptyExpression>: null

26-08-2024T22:12:37 - [TEST_STEP][PASSED] - dataFileEmulator = <not implemented yet for class: org.codehaus.groovy.ast.expr.EmptyExpression>: null

26-08-2024T22:12:37 - [TEST_STEP][PASSED] - isRequiredTextPresent = false: null

26-08-2024T22:12:37 - [TEST_STEP][PASSED] - nameSheet = "NoModifyAmountCorp": null

26-08-2024T22:12:37 - [TEST_STEP][PASSED] - dataFile = "IWPTestData/IWP25NoModifyAmountCorp": null

26-08-2024T22:12:37 - [TEST_STEP][PASSED] - dataFileEmulator = "IWPTestData/EmulatorData": null

26-08-2024T22:12:37 - [TEST_STEP][PASSED] - numOfRows = findTestData(dataFile).getRowNumbers(): null

26-08-2024T22:12:38 - [TEST_STEP][PASSED] - println("Number of Records: " + numOfRows): null

26-08-2024T22:12:38 - [TEST_STEP][PASSED] - for ([row = 1, row <= numOfRows, (row++)]): Browser is closed

26-08-2024T22:12:38 - [TEST_STEP][PASSED] - ExecuteTC = findTestData(dataFile).getValue("Execute", row): null

26-08-2024T22:12:38 - [TEST_STEP][PASSED] - out.println("Value of Execute is : " + ExecuteTC): null

26-08-2024T22:12:38 - [TEST_STEP][PASSED] - if (ExecuteTC.equalsIgnoreCase("Y")): null

26-08-2024T22:12:38 - [TEST_STEP][PASSED] - out.println("Begin Record Number: " + row): null

26-08-2024T22:12:38 - [TEST_STEP][PASSED] - today = new java.util.Date(): null

26-08-2024T22:12:38 - [TEST_STEP][PASSED] - println(today): null

26-08-2024T22:12:38 - [TEST_STEP][PASSED] - datText = today: null

26-08-2024T22:12:38 - [TEST_STEP][PASSED] - EmulatorDataKey = findTestData(dataFile).getValue("EmulatorData", row): null

26-08-2024T22:12:38 - [TEST_STEP][PASSED] - out.println("Value of Emulator Key is : " + EmulatorDataKey): null

26-08-2024T22:12:38 - [TEST_STEP][PASSED] - iwpPages.emulatorIWP30.setDataEmulator_DD(EmulatorDataKey): iwpPages.emulatorIWP30.setDataEmulator_DD is PASSED

26-08-2024T22:12:38 - [MESSAGE][INFO] - Starting 'Edge Chromium' driver

26-08-2024T22:12:38 - [MESSAGE][INFO] - User set preference: ['acceptInsecureCerts', 'true']

26-08-2024T22:12:40 - [MESSAGE][INFO] - Action delay is set to 0 milliseconds

26-08-2024T22:12:44 - [MESSAGE][PASSED] - Browser is opened with url: 'https://qa2.velocitypayment.com/agency/config.do?action=editor&message_version=2_5'

26-08-2024T22:12:44 - [MESSAGE][PASSED] - Current window maximized

26-08-2024T22:12:45 - [MESSAGE][PASSED] - All options with value '2.5' are selected in object 'Object Repository/IWP30/Page_VRelay30Emulator/MV'  using regular expression

26-08-2024T22:12:45 - [MESSAGE][PASSED] - Text '10.50' is set on object 'Object Repository/IWP30/Page_VRelay30Emulator/Amount'

26-08-2024T22:12:46 - [MESSAGE][PASSED] - Text '26413255' is set on object 'Object Repository/IWP30/Page_VRelay30Emulator/CAN'

26-08-2024T22:12:46 - [MESSAGE][PASSED] - Text 'PayNow' is set on object 'Object Repository/IWP30/Page_VRelay30Emulator/Action'

26-08-2024T22:12:47 - [MESSAGE][PASSED] - Text 'en_US' is set on object 'Object Repository/IWP30/Page_VRelay30Emulator/Lang'

26-08-2024T22:12:48 - [MESSAGE][PASSED] - Text 'Jasmine' is set on object 'Object Repository/IWP30/Page_VRelay30Emulator/Fname'

26-08-2024T22:12:48 - [MESSAGE][PASSED] - Text 'Patrinol' is set on object 'Object Repository/IWP30/Page_VRelay30Emulator/Lname'

26-08-2024T22:12:49 - [MESSAGE][PASSED] - Text '258 Underwood rd' is set on object 'Object Repository/IWP30/Page_VRelay30Emulator/AL1'

26-08-2024T22:12:50 - [MESSAGE][PASSED] - Text 'Suite 600' is set on object 'Object Repository/IWP30/Page_VRelay30Emulator/AL2'

26-08-2024T22:12:50 - [MESSAGE][PASSED] - Text '840' is set on object 'Object Repository/IWP30/Page_VRelay30Emulator/Country'

26-08-2024T22:12:51 - [MESSAGE][PASSED] - Text 'Arlington' is set on object 'Object Repository/IWP30/Page_VRelay30Emulator/City'

26-08-2024T22:12:51 - [MESSAGE][PASSED] - Text 'VA' is set on object 'Object Repository/IWP30/Page_VRelay30Emulator/State'

26-08-2024T22:12:52 - [MESSAGE][PASSED] - Text '22201' is set on object 'Object Repository/IWP30/Page_VRelay30Emulator/ZIP'

26-08-2024T22:12:53 - [MESSAGE][PASSED] - Text '' is set on object 'Object Repository/IWP30/Page_VRelay30Emulator/Order'

26-08-2024T22:12:53 - [MESSAGE][PASSED] - Text 'Some Company' is set on object 'Object Repository/IWP30/Page_VRelay30Emulator/Company'

26-08-2024T22:12:54 - [MESSAGE][PASSED] - Text 'iahmed@govolution.com' is set on object 'Object Repository/IWP30/Page_VRelay30Emulator/Email'

26-08-2024T22:12:55 - [MESSAGE][PASSED] - Text 'udf data 1' is set on object 'Object Repository/IWP30/Page_VRelay30Emulator/UDF1'

26-08-2024T22:12:55 - [MESSAGE][PASSED] - Text 'udf data 2' is set on object 'Object Repository/IWP30/Page_VRelay30Emulator/UDF2'

26-08-2024T22:12:56 - [MESSAGE][PASSED] - Text 'udf data 3' is set on object 'Object Repository/IWP30/Page_VRelay30Emulator/UDF3'

26-08-2024T22:12:56 - [MESSAGE][PASSED] - Text 'udf data 4' is set on object 'Object Repository/IWP30/Page_VRelay30Emulator/UDF4'

26-08-2024T22:12:57 - [MESSAGE][PASSED] - Text 'udf data 5' is set on object 'Object Repository/IWP30/Page_VRelay30Emulator/UDF5'

26-08-2024T22:12:58 - [MESSAGE][PASSED] - Text 'udf data 6' is set on object 'Object Repository/IWP30/Page_VRelay30Emulator/UDF6'

26-08-2024T22:12:58 - [MESSAGE][PASSED] - Text 'Orange' is set on object 'Object Repository/IWP30/Page_VRelay30Emulator/UDF7'

26-08-2024T22:12:59 - [MESSAGE][PASSED] - Text 'Soccer' is set on object 'Object Repository/IWP30/Page_VRelay30Emulator/UDF8'

26-08-2024T22:12:59 - [MESSAGE][PASSED] - Text 'udf data 9' is set on object 'Object Repository/IWP30/Page_VRelay30Emulator/UDF9'

26-08-2024T22:13:00 - [MESSAGE][PASSED] - Text 'udf data 10' is set on object 'Object Repository/IWP30/Page_VRelay30Emulator/UDF10'

26-08-2024T22:13:01 - [MESSAGE][PASSED] - Object: 'Object Repository/IWP30/Page_VRelay30Emulator/Submit' is clicked on

26-08-2024T22:13:06 - [MESSAGE][PASSED] - Browser is closed

26-08-2024T22:13:10 - [MESSAGE][PASSED] - iwpPages.emulatorIWP30.setDataEmulator_DD is PASSED

26-08-2024T22:13:10 - [TEST_STEP][PASSED] - testHarnessURL = urlTestHarness: null

26-08-2024T22:13:10 - [TEST_STEP][PASSED] - openBrowser(testHarnessURL): Browser is opened with url: 'https://dev-algorithm.govolution.com/vrelaytest/QA2/version_2_2/vrelaytest.html'

26-08-2024T22:13:10 - [MESSAGE][INFO] - Starting 'Edge Chromium' driver

26-08-2024T22:13:10 - [MESSAGE][INFO] - User set preference: ['acceptInsecureCerts', 'true']

26-08-2024T22:13:12 - [MESSAGE][INFO] - Action delay is set to 0 milliseconds

26-08-2024T22:13:14 - [MESSAGE][PASSED] - Browser is opened with url: 'https://dev-algorithm.govolution.com/vrelaytest/QA2/version_2_2/vrelaytest.html'

26-08-2024T22:13:14 - [TEST_STEP][PASSED] - maximizeWindow(): Current window maximized

26-08-2024T22:13:15 - [MESSAGE][PASSED] - Current window maximized

26-08-2024T22:13:15 - [TEST_STEP][PASSED] - iwpPages.TestHarnessPage.setDataMethod(row, dataFile): iwpPages.TestHarnessPage.setDataMethod is PASSED

26-08-2024T22:13:16 - [MESSAGE][PASSED] - Object 'Object Repository/IWP30/Page_QATestHarness/RemittanceID' is present

26-08-2024T22:13:16 - [MESSAGE][PASSED] - Text '654' is set on object 'Object Repository/IWP30/Page_QATestHarness/ApplicationID'

26-08-2024T22:13:17 - [MESSAGE][PASSED] - Text '2.5' is set on object 'Object Repository/IWP30/Page_QATestHarness/MessageVersion'

26-08-2024T22:13:18 - [MESSAGE][PASSED] - Text '7IzLGVbheq3b' is set on object 'Object Repository/IWP30/Page_QATestHarness/RemittanceID'

26-08-2024T22:13:21 - [MESSAGE][PASSED] - Object: 'Object Repository/IWP30/Page_QATestHarness/SubmitButton' is clicked on

26-08-2024T22:13:21 - [MESSAGE][PASSED] - iwpPages.TestHarnessPage.setDataMethod is PASSED

26-08-2024T22:13:21 - [TEST_STEP][PASSED] - click(findTestObject("Object Repository/IWP30/Page_SelectPaymentMethod/PayByCorporateCheck")): Object: 'Object Repository/IWP30/Page_SelectPaymentMethod/PayByCorporateCheck' is clicked on

26-08-2024T22:13:21 - [MESSAGE][PASSED] - Object: 'Object Repository/IWP30/Page_SelectPaymentMethod/PayByCorporateCheck' is clicked on

26-08-2024T22:13:21 - [TEST_STEP][PASSED] - click(findTestObject("Object Repository/IWP30/Page_SelectPaymentMethod/MakePaymentButton")): Object: 'Object Repository/IWP30/Page_SelectPaymentMethod/MakePaymentButton' is clicked on

26-08-2024T22:13:24 - [MESSAGE][PASSED] - Object: 'Object Repository/IWP30/Page_SelectPaymentMethod/MakePaymentButton' is clicked on

26-08-2024T22:13:24 - [TEST_STEP][PASSED] - if (verifyElementNotPresent(findTestObject("Object Repository/IWP30/Page_ACHCorporatePaymentEntry/txt_Amount"), 30) && verifyTextPresent("$ 10.50", false)): null

26-08-2024T22:13:24 - [MESSAGE][PASSED] - Web element with id: 'Object Repository/IWP30/Page_ACHCorporatePaymentEntry/txt_Amount' located by 'By.xpath: //*[@type = 'text' and @name = 'amount' and @alt = 'Amount']' is not present after '30' second(s)

26-08-2024T22:13:25 - [MESSAGE][PASSED] - Text '$ 10.50' is present on page 

26-08-2024T22:13:25 - [TEST_STEP][PASSED] - iwpPages.achCorporatePaymentEntryPage.setDataCorporate(row, dataFile): iwpPages.achCorporatePaymentEntryPage.setDataCorporate is PASSED

26-08-2024T22:13:25 - [MESSAGE][PASSED] - Object 'Object Repository/IWP30/Page_ACHCorporatePaymentEntry/txt_accountNumber' is present

26-08-2024T22:13:26 - [MESSAGE][PASSED] - Object 'Object Repository/IWP30/Page_ACHCorporatePaymentEntry/input_CompanyName' is present

26-08-2024T22:13:26 - [MESSAGE][PASSED] - Object 'Object Repository/IWP30/Page_ACHCorporatePaymentEntry/input_EIN' is present

26-08-2024T22:13:27 - [MESSAGE][PASSED] - Text '123456789' is set on object 'Object Repository/IWP30/Page_ACHCorporatePaymentEntry/input_EIN'

26-08-2024T22:13:27 - [MESSAGE][PASSED] - Object 'Object Repository/IWP30/Page_ACHCorporatePaymentEntry/txt_routingNumber' is present

26-08-2024T22:13:27 - [MESSAGE][PASSED] - Text '256072691' is set on object 'Object Repository/IWP30/Page_ACHCorporatePaymentEntry/txt_routingNumber'

26-08-2024T22:13:28 - [MESSAGE][PASSED] - Object 'Object Repository/IWP30/Page_ACHCorporatePaymentEntry/txt_accountNumber' is present

26-08-2024T22:13:29 - [MESSAGE][PASSED] - Text '12344444' is set on object 'Object Repository/IWP30/Page_ACHCorporatePaymentEntry/txt_accountNumber'

26-08-2024T22:13:29 - [MESSAGE][PASSED] - Object 'Object Repository/IWP30/Page_ACHCorporatePaymentEntry/txt_confirmAccountNumber' is present

26-08-2024T22:13:30 - [MESSAGE][PASSED] - Text '12344444' is set on object 'Object Repository/IWP30/Page_ACHCorporatePaymentEntry/txt_confirmAccountNumber'

26-08-2024T22:13:30 - [MESSAGE][PASSED] - Object 'Object Repository/IWP30/Page_ACHCorporatePaymentEntry/txt_Email' is present

26-08-2024T22:13:31 - [MESSAGE][PASSED] - Object 'Object Repository/IWP30/Page_ACHCorporatePaymentEntry/cb_TermsAndCond' is present

26-08-2024T22:13:31 - [MESSAGE][PASSED] - Object: 'Object Repository/IWP30/Page_ACHCorporatePaymentEntry/cb_TermsAndCond' is clicked on

26-08-2024T22:13:31 - [MESSAGE][PASSED] - Object 'Object Repository/IWP30/Page_ACHCorporatePaymentEntry/btn_Continue' is present

26-08-2024T22:13:33 - [MESSAGE][PASSED] - Object: 'Object Repository/IWP30/Page_ACHCorporatePaymentEntry/btn_Continue' is clicked on

26-08-2024T22:13:33 - [MESSAGE][PASSED] - iwpPages.achCorporatePaymentEntryPage.setDataCorporate is PASSED

26-08-2024T22:13:33 - [TEST_STEP][PASSED] - click(findTestObject("Object Repository/IWP30/Page_Confirmation/ConfirmButton")): Object: 'Object Repository/IWP30/Page_Confirmation/ConfirmButton' is clicked on

26-08-2024T22:13:34 - [MESSAGE][PASSED] - Object: 'Object Repository/IWP30/Page_Confirmation/ConfirmButton' is clicked on

26-08-2024T22:13:34 - [TEST_STEP][PASSED] - Thread.sleep(10000): null

26-08-2024T22:13:44 - [TEST_STEP][PASSED] - if (verifyTextPresent("Successful Payment Receipt", false)): null

26-08-2024T22:13:44 - [MESSAGE][PASSED] - Text 'Successful Payment Receipt' is present on page 

26-08-2024T22:13:44 - [TEST_STEP][PASSED] - println("Successful Payment Receipt text is present on the Receipt page"): null

26-08-2024T22:13:44 - [TEST_STEP][PASSED] - markPassed("Successful Payment Receipt text is present on the Receipt page"): Successful Payment Receipt text is present on the Receipt page

26-08-2024T22:13:44 - [MESSAGE][PASSED] - Successful Payment Receipt text is present on the Receipt page

26-08-2024T22:13:44 - [TEST_STEP][PASSED] - resText = "Pass": null

26-08-2024T22:13:44 - [TEST_STEP][PASSED] - pages.WriteExcel.demoKey(resText, datText, resColumn, datCloumn, fileLoc, nameSheet, row): pages.WriteExcel.demoKey is PASSED

26-08-2024T22:13:44 - [MESSAGE][PASSED] - pages.WriteExcel.demoKey is PASSED

26-08-2024T22:13:44 - [TEST_STEP][PASSED] - closeBrowser(): Browser is closed

26-08-2024T22:13:45 - [MESSAGE][PASSED] - Browser is closed]]></system-out>
         <system-err><![CDATA[]]></system-err>
      </testcase>
      <testcase name="Test Cases/IntegratedWeb/IWP25/Payments/NoModifyAmountPC" time="71.853" classname="Test Cases/IntegratedWeb/IWP25/Payments/NoModifyAmountPC" status="PASSED">
         <system-out><![CDATA[26-08-2024T22:13:45 - [TEST_CASE][PASSED] - Test Cases/IntegratedWeb/IWP25/Payments/NoModifyAmountPC: Test Cases/IntegratedWeb/IWP25/Payments/NoModifyAmountPC

26-08-2024T22:13:45 - [TEST_STEP][PASSED] - resText = "Fail": null

26-08-2024T22:13:45 - [TEST_STEP][PASSED] - resColumn = "Result": null

26-08-2024T22:13:45 - [TEST_STEP][PASSED] - datCloumn = "Date": null

26-08-2024T22:13:45 - [TEST_STEP][PASSED] - fileLoc = "KatalonData/IWPTestData/VRelay25Payments.xlsx": null

26-08-2024T22:13:45 - [TEST_STEP][PASSED] - numOfRows = <not implemented yet for class: org.codehaus.groovy.ast.expr.EmptyExpression>: null

26-08-2024T22:13:45 - [TEST_STEP][PASSED] - dataFile = <not implemented yet for class: org.codehaus.groovy.ast.expr.EmptyExpression>: null

26-08-2024T22:13:45 - [TEST_STEP][PASSED] - nameSheet = <not implemented yet for class: org.codehaus.groovy.ast.expr.EmptyExpression>: null

26-08-2024T22:13:45 - [TEST_STEP][PASSED] - dataFileEmulator = <not implemented yet for class: org.codehaus.groovy.ast.expr.EmptyExpression>: null

26-08-2024T22:13:45 - [TEST_STEP][PASSED] - isRequiredTextPresent = false: null

26-08-2024T22:13:45 - [TEST_STEP][PASSED] - nameSheet = "NoModifyAmountPC": null

26-08-2024T22:13:45 - [TEST_STEP][PASSED] - dataFile = "IWPTestData/IWP25NoModifyAmountPC": null

26-08-2024T22:13:45 - [TEST_STEP][PASSED] - dataFileEmulator = "IWPTestData/EmulatorData": null

26-08-2024T22:13:45 - [TEST_STEP][PASSED] - numOfRows = findTestData(dataFile).getRowNumbers(): null

26-08-2024T22:13:45 - [TEST_STEP][PASSED] - println("Number of Records: " + numOfRows): null

26-08-2024T22:13:45 - [TEST_STEP][PASSED] - for ([row = 1, row <= numOfRows, (row++)]): Browser is closed

26-08-2024T22:13:45 - [TEST_STEP][PASSED] - ExecuteTC = findTestData(dataFile).getValue("Execute", row): null

26-08-2024T22:13:45 - [TEST_STEP][PASSED] - out.println("Value of Execute is : " + ExecuteTC): null

26-08-2024T22:13:45 - [TEST_STEP][PASSED] - if (ExecuteTC.equalsIgnoreCase("Y")): null

26-08-2024T22:13:45 - [TEST_STEP][PASSED] - out.println("Begin Record Number: " + row): null

26-08-2024T22:13:45 - [TEST_STEP][PASSED] - today = new java.util.Date(): null

26-08-2024T22:13:45 - [TEST_STEP][PASSED] - println(today): null

26-08-2024T22:13:45 - [TEST_STEP][PASSED] - datText = today: null

26-08-2024T22:13:45 - [TEST_STEP][PASSED] - EmulatorDataKey = findTestData(dataFile).getValue("EmulatorData", row): null

26-08-2024T22:13:46 - [TEST_STEP][PASSED] - out.println("Value of Emulator Key is : " + EmulatorDataKey): null

26-08-2024T22:13:46 - [TEST_STEP][PASSED] - iwpPages.emulatorIWP30.setDataEmulator_DD(EmulatorDataKey): iwpPages.emulatorIWP30.setDataEmulator_DD is PASSED

26-08-2024T22:13:46 - [MESSAGE][INFO] - Starting 'Edge Chromium' driver

26-08-2024T22:13:46 - [MESSAGE][INFO] - User set preference: ['acceptInsecureCerts', 'true']

26-08-2024T22:13:48 - [MESSAGE][INFO] - Action delay is set to 0 milliseconds

26-08-2024T22:13:52 - [MESSAGE][PASSED] - Browser is opened with url: 'https://qa2.velocitypayment.com/agency/config.do?action=editor&message_version=2_5'

26-08-2024T22:13:52 - [MESSAGE][PASSED] - Current window maximized

26-08-2024T22:13:53 - [MESSAGE][PASSED] - All options with value '2.5' are selected in object 'Object Repository/IWP30/Page_VRelay30Emulator/MV'  using regular expression

26-08-2024T22:13:54 - [MESSAGE][PASSED] - Text '10.50' is set on object 'Object Repository/IWP30/Page_VRelay30Emulator/Amount'

26-08-2024T22:13:55 - [MESSAGE][PASSED] - Text '26413255' is set on object 'Object Repository/IWP30/Page_VRelay30Emulator/CAN'

26-08-2024T22:13:55 - [MESSAGE][PASSED] - Text 'PayNow' is set on object 'Object Repository/IWP30/Page_VRelay30Emulator/Action'

26-08-2024T22:13:56 - [MESSAGE][PASSED] - Text 'en_US' is set on object 'Object Repository/IWP30/Page_VRelay30Emulator/Lang'

26-08-2024T22:13:56 - [MESSAGE][PASSED] - Text 'Jasmine' is set on object 'Object Repository/IWP30/Page_VRelay30Emulator/Fname'

26-08-2024T22:13:57 - [MESSAGE][PASSED] - Text 'Patrinol' is set on object 'Object Repository/IWP30/Page_VRelay30Emulator/Lname'

26-08-2024T22:13:58 - [MESSAGE][PASSED] - Text '258 Underwood rd' is set on object 'Object Repository/IWP30/Page_VRelay30Emulator/AL1'

26-08-2024T22:13:58 - [MESSAGE][PASSED] - Text 'Suite 600' is set on object 'Object Repository/IWP30/Page_VRelay30Emulator/AL2'

26-08-2024T22:13:59 - [MESSAGE][PASSED] - Text '840' is set on object 'Object Repository/IWP30/Page_VRelay30Emulator/Country'

26-08-2024T22:14:00 - [MESSAGE][PASSED] - Text 'Arlington' is set on object 'Object Repository/IWP30/Page_VRelay30Emulator/City'

26-08-2024T22:14:00 - [MESSAGE][PASSED] - Text 'VA' is set on object 'Object Repository/IWP30/Page_VRelay30Emulator/State'

26-08-2024T22:14:01 - [MESSAGE][PASSED] - Text '22201' is set on object 'Object Repository/IWP30/Page_VRelay30Emulator/ZIP'

26-08-2024T22:14:01 - [MESSAGE][PASSED] - Text '' is set on object 'Object Repository/IWP30/Page_VRelay30Emulator/Order'

26-08-2024T22:14:02 - [MESSAGE][PASSED] - Text 'Some Company' is set on object 'Object Repository/IWP30/Page_VRelay30Emulator/Company'

26-08-2024T22:14:03 - [MESSAGE][PASSED] - Text 'iahmed@govolution.com' is set on object 'Object Repository/IWP30/Page_VRelay30Emulator/Email'

26-08-2024T22:14:03 - [MESSAGE][PASSED] - Text 'udf data 1' is set on object 'Object Repository/IWP30/Page_VRelay30Emulator/UDF1'

26-08-2024T22:14:04 - [MESSAGE][PASSED] - Text 'udf data 2' is set on object 'Object Repository/IWP30/Page_VRelay30Emulator/UDF2'

26-08-2024T22:14:05 - [MESSAGE][PASSED] - Text 'udf data 3' is set on object 'Object Repository/IWP30/Page_VRelay30Emulator/UDF3'

26-08-2024T22:14:05 - [MESSAGE][PASSED] - Text 'udf data 4' is set on object 'Object Repository/IWP30/Page_VRelay30Emulator/UDF4'

26-08-2024T22:14:06 - [MESSAGE][PASSED] - Text 'udf data 5' is set on object 'Object Repository/IWP30/Page_VRelay30Emulator/UDF5'

26-08-2024T22:14:07 - [MESSAGE][PASSED] - Text 'udf data 6' is set on object 'Object Repository/IWP30/Page_VRelay30Emulator/UDF6'

26-08-2024T22:14:07 - [MESSAGE][PASSED] - Text 'Orange' is set on object 'Object Repository/IWP30/Page_VRelay30Emulator/UDF7'

26-08-2024T22:14:08 - [MESSAGE][PASSED] - Text 'Soccer' is set on object 'Object Repository/IWP30/Page_VRelay30Emulator/UDF8'

26-08-2024T22:14:08 - [MESSAGE][PASSED] - Text 'udf data 9' is set on object 'Object Repository/IWP30/Page_VRelay30Emulator/UDF9'

26-08-2024T22:14:09 - [MESSAGE][PASSED] - Text 'udf data 10' is set on object 'Object Repository/IWP30/Page_VRelay30Emulator/UDF10'

26-08-2024T22:14:10 - [MESSAGE][PASSED] - Object: 'Object Repository/IWP30/Page_VRelay30Emulator/Submit' is clicked on

26-08-2024T22:14:15 - [MESSAGE][PASSED] - Browser is closed

26-08-2024T22:14:19 - [MESSAGE][PASSED] - iwpPages.emulatorIWP30.setDataEmulator_DD is PASSED

26-08-2024T22:14:19 - [TEST_STEP][PASSED] - testHarnessURL = urlTestHarness: null

26-08-2024T22:14:19 - [TEST_STEP][PASSED] - openBrowser(testHarnessURL): Browser is opened with url: 'https://dev-algorithm.govolution.com/vrelaytest/QA2/version_2_2/vrelaytest.html'

26-08-2024T22:14:19 - [MESSAGE][INFO] - Starting 'Edge Chromium' driver

26-08-2024T22:14:19 - [MESSAGE][INFO] - User set preference: ['acceptInsecureCerts', 'true']

26-08-2024T22:14:21 - [MESSAGE][INFO] - Action delay is set to 0 milliseconds

26-08-2024T22:14:25 - [MESSAGE][PASSED] - Browser is opened with url: 'https://dev-algorithm.govolution.com/vrelaytest/QA2/version_2_2/vrelaytest.html'

26-08-2024T22:14:25 - [TEST_STEP][PASSED] - maximizeWindow(): Current window maximized

26-08-2024T22:14:25 - [MESSAGE][PASSED] - Current window maximized

26-08-2024T22:14:25 - [TEST_STEP][PASSED] - iwpPages.TestHarnessPage.setDataMethod(row, dataFile): iwpPages.TestHarnessPage.setDataMethod is PASSED

26-08-2024T22:14:25 - [MESSAGE][PASSED] - Object 'Object Repository/IWP30/Page_QATestHarness/RemittanceID' is present

26-08-2024T22:14:26 - [MESSAGE][PASSED] - Text '654' is set on object 'Object Repository/IWP30/Page_QATestHarness/ApplicationID'

26-08-2024T22:14:27 - [MESSAGE][PASSED] - Text '2.5' is set on object 'Object Repository/IWP30/Page_QATestHarness/MessageVersion'

26-08-2024T22:14:27 - [MESSAGE][PASSED] - Text '1dcLS7VcP5sv' is set on object 'Object Repository/IWP30/Page_QATestHarness/RemittanceID'

26-08-2024T22:14:32 - [MESSAGE][PASSED] - Object: 'Object Repository/IWP30/Page_QATestHarness/SubmitButton' is clicked on

26-08-2024T22:14:32 - [MESSAGE][PASSED] - iwpPages.TestHarnessPage.setDataMethod is PASSED

26-08-2024T22:14:32 - [TEST_STEP][PASSED] - click(findTestObject("Object Repository/IWP30/Page_SelectPaymentMethod/PayByPersonalCheck")): Object: 'Object Repository/IWP30/Page_SelectPaymentMethod/PayByPersonalCheck' is clicked on

26-08-2024T22:14:32 - [MESSAGE][PASSED] - Object: 'Object Repository/IWP30/Page_SelectPaymentMethod/PayByPersonalCheck' is clicked on

26-08-2024T22:14:32 - [TEST_STEP][PASSED] - click(findTestObject("Object Repository/IWP30/Page_SelectPaymentMethod/MakePaymentButton")): Object: 'Object Repository/IWP30/Page_SelectPaymentMethod/MakePaymentButton' is clicked on

26-08-2024T22:14:35 - [MESSAGE][PASSED] - Object: 'Object Repository/IWP30/Page_SelectPaymentMethod/MakePaymentButton' is clicked on

26-08-2024T22:14:35 - [TEST_STEP][PASSED] - if (verifyElementNotPresent(findTestObject("Object Repository/IWP30/Page_ACHPersonalPaymentEntry/txt_Amount"), 30) && verifyTextPresent("$ 10.50", false)): null

26-08-2024T22:14:35 - [MESSAGE][PASSED] - Web element with id: 'Object Repository/IWP30/Page_ACHPersonalPaymentEntry/txt_Amount' located by 'By.xpath: //*[@type = 'text' and @name = 'amount']' is not present after '30' second(s)

26-08-2024T22:14:35 - [MESSAGE][PASSED] - Text '$ 10.50' is present on page 

26-08-2024T22:14:35 - [TEST_STEP][PASSED] - iwpPages.achPersonalPaymentEntryPage.setDataACHPPM(row, dataFile): iwpPages.achPersonalPaymentEntryPage.setDataACHPPM is PASSED

26-08-2024T22:14:36 - [MESSAGE][PASSED] - Object 'Object Repository/IWP30/Page_ACHPersonalPaymentEntry/txt_accountNumber' is present

26-08-2024T22:14:36 - [MESSAGE][PASSED] - Object 'Object Repository/IWP30/Page_ACHPersonalPaymentEntry/txt_UDF2' is present

26-08-2024T22:14:37 - [MESSAGE][PASSED] - Object 'Object Repository/IWP30/Page_ACHPersonalPaymentEntry/txt_Firstname' is present

26-08-2024T22:14:37 - [MESSAGE][PASSED] - Text 'Elizath' is set on object 'Object Repository/IWP30/Page_ACHPersonalPaymentEntry/txt_Firstname'

26-08-2024T22:14:37 - [MESSAGE][PASSED] - Object 'Object Repository/IWP30/Page_ACHPersonalPaymentEntry/txt_Lastname' is present

26-08-2024T22:14:38 - [MESSAGE][PASSED] - Text 'Christine' is set on object 'Object Repository/IWP30/Page_ACHPersonalPaymentEntry/txt_Lastname'

26-08-2024T22:14:38 - [MESSAGE][PASSED] - Object 'Object Repository/IWP30/Page_ACHPersonalPaymentEntry/txt_routingNumber' is present

26-08-2024T22:14:39 - [MESSAGE][PASSED] - Text '256072691' is set on object 'Object Repository/IWP30/Page_ACHPersonalPaymentEntry/txt_routingNumber'

26-08-2024T22:14:39 - [MESSAGE][PASSED] - Object 'Object Repository/IWP30/Page_ACHPersonalPaymentEntry/txt_accountNumber' is present

26-08-2024T22:14:41 - [MESSAGE][PASSED] - Text '12344444' is set on object 'Object Repository/IWP30/Page_ACHPersonalPaymentEntry/txt_accountNumber'

26-08-2024T22:14:41 - [MESSAGE][PASSED] - Object 'Object Repository/IWP30/Page_ACHPersonalPaymentEntry/txt_confirmAccountNumber' is present

26-08-2024T22:14:42 - [MESSAGE][PASSED] - Text '12344444' is set on object 'Object Repository/IWP30/Page_ACHPersonalPaymentEntry/txt_confirmAccountNumber'

26-08-2024T22:14:42 - [MESSAGE][PASSED] - Object 'Object Repository/IWP30/Page_ACHPersonalPaymentEntry/rd_accountType' is present

26-08-2024T22:14:42 - [MESSAGE][PASSED] - Modify property of object successfully

26-08-2024T22:14:42 - [MESSAGE][PASSED] - Object: 'Object Repository/IWP30/Page_ACHPersonalPaymentEntry/rd_accountType' is clicked on

26-08-2024T22:14:42 - [MESSAGE][PASSED] - Object 'Object Repository/IWP30/Page_ACHPersonalPaymentEntry/txt_Email' is present

26-08-2024T22:14:43 - [MESSAGE][PASSED] - Object 'Object Repository/IWP30/Page_ACHPersonalPaymentEntry/cb_TermsAndCond' is present

26-08-2024T22:14:43 - [MESSAGE][PASSED] - Object: 'Object Repository/IWP30/Page_ACHPersonalPaymentEntry/cb_TermsAndCond' is clicked on

26-08-2024T22:14:43 - [MESSAGE][PASSED] - Object 'Object Repository/IWP30/Page_ACHPersonalPaymentEntry/btn_Continue' is present

26-08-2024T22:14:44 - [MESSAGE][PASSED] - Object: 'Object Repository/IWP30/Page_ACHPersonalPaymentEntry/btn_Continue' is clicked on

26-08-2024T22:14:44 - [MESSAGE][PASSED] - iwpPages.achPersonalPaymentEntryPage.setDataACHPPM is PASSED

26-08-2024T22:14:44 - [TEST_STEP][PASSED] - click(findTestObject("Object Repository/IWP30/Page_Confirmation/ConfirmButton")): Object: 'Object Repository/IWP30/Page_Confirmation/ConfirmButton' is clicked on

26-08-2024T22:14:46 - [MESSAGE][PASSED] - Object: 'Object Repository/IWP30/Page_Confirmation/ConfirmButton' is clicked on

26-08-2024T22:14:46 - [TEST_STEP][PASSED] - Thread.sleep(10000): null

26-08-2024T22:14:56 - [TEST_STEP][PASSED] - if (verifyTextPresent("Successful Payment Receipt", false)): null

26-08-2024T22:14:56 - [MESSAGE][PASSED] - Text 'Successful Payment Receipt' is present on page 

26-08-2024T22:14:56 - [TEST_STEP][PASSED] - println("Successful Payment Receipt text is present on the Receipt page"): null

26-08-2024T22:14:56 - [TEST_STEP][PASSED] - markPassed("Successful Payment Receipt text is present on the Receipt page"): Successful Payment Receipt text is present on the Receipt page

26-08-2024T22:14:56 - [MESSAGE][PASSED] - Successful Payment Receipt text is present on the Receipt page

26-08-2024T22:14:56 - [TEST_STEP][PASSED] - resText = "Pass": null

26-08-2024T22:14:56 - [TEST_STEP][PASSED] - pages.WriteExcel.demoKey(resText, datText, resColumn, datCloumn, fileLoc, nameSheet, row): pages.WriteExcel.demoKey is PASSED

26-08-2024T22:14:56 - [MESSAGE][PASSED] - pages.WriteExcel.demoKey is PASSED

26-08-2024T22:14:56 - [TEST_STEP][PASSED] - closeBrowser(): Browser is closed

26-08-2024T22:14:57 - [MESSAGE][PASSED] - Browser is closed]]></system-out>
         <system-err><![CDATA[]]></system-err>
      </testcase>
      <testcase name="Test Cases/IntegratedWeb/IWP25/Payments/OverAndUnderPayCorp" time="141.805" classname="Test Cases/IntegratedWeb/IWP25/Payments/OverAndUnderPayCorp" status="PASSED">
         <system-out><![CDATA[26-08-2024T22:14:57 - [TEST_CASE][PASSED] - Test Cases/IntegratedWeb/IWP25/Payments/OverAndUnderPayCorp: Test Cases/IntegratedWeb/IWP25/Payments/OverAndUnderPayCorp

26-08-2024T22:14:57 - [TEST_STEP][PASSED] - resText = "Fail": null

26-08-2024T22:14:57 - [TEST_STEP][PASSED] - resColumn = "Result": null

26-08-2024T22:14:57 - [TEST_STEP][PASSED] - datCloumn = "Date": null

26-08-2024T22:14:57 - [TEST_STEP][PASSED] - fileLoc = "KatalonData/IWPTestData/VRelay25Payments.xlsx": null

26-08-2024T22:14:57 - [TEST_STEP][PASSED] - numOfRows = <not implemented yet for class: org.codehaus.groovy.ast.expr.EmptyExpression>: null

26-08-2024T22:14:57 - [TEST_STEP][PASSED] - dataFile = <not implemented yet for class: org.codehaus.groovy.ast.expr.EmptyExpression>: null

26-08-2024T22:14:57 - [TEST_STEP][PASSED] - nameSheet = <not implemented yet for class: org.codehaus.groovy.ast.expr.EmptyExpression>: null

26-08-2024T22:14:57 - [TEST_STEP][PASSED] - dataFileEmulator = <not implemented yet for class: org.codehaus.groovy.ast.expr.EmptyExpression>: null

26-08-2024T22:14:57 - [TEST_STEP][PASSED] - isRequiredTextPresent = false: null

26-08-2024T22:14:57 - [TEST_STEP][PASSED] - nameSheet = "OverAndUnderPayCorp": null

26-08-2024T22:14:57 - [TEST_STEP][PASSED] - dataFile = "IWPTestData/IWP25OverAndUnderPayCorp": null

26-08-2024T22:14:57 - [TEST_STEP][PASSED] - dataFileEmulator = "IWPTestData/EmulatorData": null

26-08-2024T22:14:57 - [TEST_STEP][PASSED] - numOfRows = findTestData(dataFile).getRowNumbers(): null

26-08-2024T22:14:57 - [TEST_STEP][PASSED] - println("Number of Records: " + numOfRows): null

26-08-2024T22:14:57 - [TEST_STEP][PASSED] - for ([row = 1, row <= numOfRows, (row++)]): Browser is closed

26-08-2024T22:14:57 - [TEST_STEP][PASSED] - ExecuteTC = findTestData(dataFile).getValue("Execute", row): null

26-08-2024T22:14:57 - [TEST_STEP][PASSED] - out.println("Value of Execute is : " + ExecuteTC): null

26-08-2024T22:14:57 - [TEST_STEP][PASSED] - if (ExecuteTC.equalsIgnoreCase("Y")): null

26-08-2024T22:14:57 - [TEST_STEP][PASSED] - out.println("Begin Record Number: " + row): null

26-08-2024T22:14:57 - [TEST_STEP][PASSED] - today = new java.util.Date(): null

26-08-2024T22:14:57 - [TEST_STEP][PASSED] - println(today): null

26-08-2024T22:14:57 - [TEST_STEP][PASSED] - datText = today: null

26-08-2024T22:14:57 - [TEST_STEP][PASSED] - EmulatorDataKey = findTestData(dataFile).getValue("EmulatorData", row): null

26-08-2024T22:14:57 - [TEST_STEP][PASSED] - out.println("Value of Emulator Key is : " + EmulatorDataKey): null

26-08-2024T22:14:57 - [TEST_STEP][PASSED] - iwpPages.emulatorIWP30.setDataEmulator_DD(EmulatorDataKey): iwpPages.emulatorIWP30.setDataEmulator_DD is PASSED

26-08-2024T22:14:58 - [MESSAGE][INFO] - Starting 'Edge Chromium' driver

26-08-2024T22:14:58 - [MESSAGE][INFO] - User set preference: ['acceptInsecureCerts', 'true']

26-08-2024T22:15:00 - [MESSAGE][INFO] - Action delay is set to 0 milliseconds

26-08-2024T22:15:03 - [MESSAGE][PASSED] - Browser is opened with url: 'https://qa2.velocitypayment.com/agency/config.do?action=editor&message_version=2_5'

26-08-2024T22:15:03 - [MESSAGE][PASSED] - Current window maximized

26-08-2024T22:15:04 - [MESSAGE][PASSED] - All options with value '2.5' are selected in object 'Object Repository/IWP30/Page_VRelay30Emulator/MV'  using regular expression

26-08-2024T22:15:05 - [MESSAGE][PASSED] - Text '10.50' is set on object 'Object Repository/IWP30/Page_VRelay30Emulator/Amount'

26-08-2024T22:15:06 - [MESSAGE][PASSED] - Text '26413255' is set on object 'Object Repository/IWP30/Page_VRelay30Emulator/CAN'

26-08-2024T22:15:06 - [MESSAGE][PASSED] - Text 'PayNow' is set on object 'Object Repository/IWP30/Page_VRelay30Emulator/Action'

26-08-2024T22:15:07 - [MESSAGE][PASSED] - Text 'en_US' is set on object 'Object Repository/IWP30/Page_VRelay30Emulator/Lang'

26-08-2024T22:15:08 - [MESSAGE][PASSED] - Text 'Jasmine' is set on object 'Object Repository/IWP30/Page_VRelay30Emulator/Fname'

26-08-2024T22:15:08 - [MESSAGE][PASSED] - Text 'Patrinol' is set on object 'Object Repository/IWP30/Page_VRelay30Emulator/Lname'

26-08-2024T22:15:09 - [MESSAGE][PASSED] - Text '258 Underwood rd' is set on object 'Object Repository/IWP30/Page_VRelay30Emulator/AL1'

26-08-2024T22:15:09 - [MESSAGE][PASSED] - Text 'Suite 600' is set on object 'Object Repository/IWP30/Page_VRelay30Emulator/AL2'

26-08-2024T22:15:10 - [MESSAGE][PASSED] - Text '840' is set on object 'Object Repository/IWP30/Page_VRelay30Emulator/Country'

26-08-2024T22:15:11 - [MESSAGE][PASSED] - Text 'Arlington' is set on object 'Object Repository/IWP30/Page_VRelay30Emulator/City'

26-08-2024T22:15:11 - [MESSAGE][PASSED] - Text 'VA' is set on object 'Object Repository/IWP30/Page_VRelay30Emulator/State'

26-08-2024T22:15:12 - [MESSAGE][PASSED] - Text '22201' is set on object 'Object Repository/IWP30/Page_VRelay30Emulator/ZIP'

26-08-2024T22:15:12 - [MESSAGE][PASSED] - Text '' is set on object 'Object Repository/IWP30/Page_VRelay30Emulator/Order'

26-08-2024T22:15:13 - [MESSAGE][PASSED] - Text 'Some Company' is set on object 'Object Repository/IWP30/Page_VRelay30Emulator/Company'

26-08-2024T22:15:14 - [MESSAGE][PASSED] - Text 'iahmed@govolution.com' is set on object 'Object Repository/IWP30/Page_VRelay30Emulator/Email'

26-08-2024T22:15:14 - [MESSAGE][PASSED] - Text 'udf data 1' is set on object 'Object Repository/IWP30/Page_VRelay30Emulator/UDF1'

26-08-2024T22:15:15 - [MESSAGE][PASSED] - Text 'udf data 2' is set on object 'Object Repository/IWP30/Page_VRelay30Emulator/UDF2'

26-08-2024T22:15:15 - [MESSAGE][PASSED] - Text 'udf data 3' is set on object 'Object Repository/IWP30/Page_VRelay30Emulator/UDF3'

26-08-2024T22:15:16 - [MESSAGE][PASSED] - Text 'udf data 4' is set on object 'Object Repository/IWP30/Page_VRelay30Emulator/UDF4'

26-08-2024T22:15:17 - [MESSAGE][PASSED] - Text 'udf data 5' is set on object 'Object Repository/IWP30/Page_VRelay30Emulator/UDF5'

26-08-2024T22:15:17 - [MESSAGE][PASSED] - Text 'udf data 6' is set on object 'Object Repository/IWP30/Page_VRelay30Emulator/UDF6'

26-08-2024T22:15:18 - [MESSAGE][PASSED] - Text 'Orange' is set on object 'Object Repository/IWP30/Page_VRelay30Emulator/UDF7'

26-08-2024T22:15:18 - [MESSAGE][PASSED] - Text 'Soccer' is set on object 'Object Repository/IWP30/Page_VRelay30Emulator/UDF8'

26-08-2024T22:15:19 - [MESSAGE][PASSED] - Text 'udf data 9' is set on object 'Object Repository/IWP30/Page_VRelay30Emulator/UDF9'

26-08-2024T22:15:20 - [MESSAGE][PASSED] - Text 'udf data 10' is set on object 'Object Repository/IWP30/Page_VRelay30Emulator/UDF10'

26-08-2024T22:15:21 - [MESSAGE][PASSED] - Object: 'Object Repository/IWP30/Page_VRelay30Emulator/Submit' is clicked on

26-08-2024T22:15:25 - [MESSAGE][PASSED] - Browser is closed

26-08-2024T22:15:29 - [MESSAGE][PASSED] - iwpPages.emulatorIWP30.setDataEmulator_DD is PASSED

26-08-2024T22:15:29 - [TEST_STEP][PASSED] - testHarnessURL = urlTestHarness: null

26-08-2024T22:15:29 - [TEST_STEP][PASSED] - openBrowser(testHarnessURL): Browser is opened with url: 'https://dev-algorithm.govolution.com/vrelaytest/QA2/version_2_2/vrelaytest.html'

26-08-2024T22:15:29 - [MESSAGE][INFO] - Starting 'Edge Chromium' driver

26-08-2024T22:15:29 - [MESSAGE][INFO] - User set preference: ['acceptInsecureCerts', 'true']

26-08-2024T22:15:31 - [MESSAGE][INFO] - Action delay is set to 0 milliseconds

26-08-2024T22:15:35 - [MESSAGE][PASSED] - Browser is opened with url: 'https://dev-algorithm.govolution.com/vrelaytest/QA2/version_2_2/vrelaytest.html'

26-08-2024T22:15:35 - [TEST_STEP][PASSED] - maximizeWindow(): Current window maximized

26-08-2024T22:15:35 - [MESSAGE][PASSED] - Current window maximized

26-08-2024T22:15:35 - [TEST_STEP][PASSED] - iwpPages.TestHarnessPage.setDataMethod(row, dataFile): iwpPages.TestHarnessPage.setDataMethod is PASSED

26-08-2024T22:15:35 - [MESSAGE][PASSED] - Object 'Object Repository/IWP30/Page_QATestHarness/RemittanceID' is present

26-08-2024T22:15:36 - [MESSAGE][PASSED] - Text '638' is set on object 'Object Repository/IWP30/Page_QATestHarness/ApplicationID'

26-08-2024T22:15:37 - [MESSAGE][PASSED] - Text '2.5' is set on object 'Object Repository/IWP30/Page_QATestHarness/MessageVersion'

26-08-2024T22:15:37 - [MESSAGE][PASSED] - Text 'dQx6vjaJBWOM' is set on object 'Object Repository/IWP30/Page_QATestHarness/RemittanceID'

26-08-2024T22:15:41 - [MESSAGE][PASSED] - Object: 'Object Repository/IWP30/Page_QATestHarness/SubmitButton' is clicked on

26-08-2024T22:15:41 - [MESSAGE][PASSED] - iwpPages.TestHarnessPage.setDataMethod is PASSED

26-08-2024T22:15:41 - [TEST_STEP][PASSED] - click(findTestObject("Object Repository/IWP30/Page_SelectPaymentMethod/PayByCorporateCheck")): Object: 'Object Repository/IWP30/Page_SelectPaymentMethod/PayByCorporateCheck' is clicked on

26-08-2024T22:15:42 - [MESSAGE][PASSED] - Object: 'Object Repository/IWP30/Page_SelectPaymentMethod/PayByCorporateCheck' is clicked on

26-08-2024T22:15:42 - [TEST_STEP][PASSED] - click(findTestObject("Object Repository/IWP30/Page_SelectPaymentMethod/MakePaymentButton")): Object: 'Object Repository/IWP30/Page_SelectPaymentMethod/MakePaymentButton' is clicked on

26-08-2024T22:15:44 - [MESSAGE][PASSED] - Object: 'Object Repository/IWP30/Page_SelectPaymentMethod/MakePaymentButton' is clicked on

26-08-2024T22:15:44 - [TEST_STEP][PASSED] - iwpPages.achCorporatePaymentEntryPage.setDataCorporate(row, dataFile): iwpPages.achCorporatePaymentEntryPage.setDataCorporate is PASSED

26-08-2024T22:15:45 - [MESSAGE][PASSED] - Object 'Object Repository/IWP30/Page_ACHCorporatePaymentEntry/txt_accountNumber' is present

26-08-2024T22:15:45 - [MESSAGE][PASSED] - Object 'Object Repository/IWP30/Page_ACHCorporatePaymentEntry/input_CompanyName' is present

26-08-2024T22:15:46 - [MESSAGE][PASSED] - Text 'My Company' is set on object 'Object Repository/IWP30/Page_ACHCorporatePaymentEntry/input_CompanyName'

26-08-2024T22:15:47 - [MESSAGE][PASSED] - Object 'Object Repository/IWP30/Page_ACHCorporatePaymentEntry/input_EIN' is present

26-08-2024T22:15:47 - [MESSAGE][PASSED] - Text '123456789' is set on object 'Object Repository/IWP30/Page_ACHCorporatePaymentEntry/input_EIN'

26-08-2024T22:15:48 - [MESSAGE][PASSED] - Text '11.50' is set on object 'Object Repository/IWP30/Page_ACHCorporatePaymentEntry/txt_Amount'

26-08-2024T22:15:48 - [MESSAGE][PASSED] - All options with label 'Soccer' are selected in object 'Object Repository/IWP30/Page_ACHCorporatePaymentEntry/dd_UDF8' 

26-08-2024T22:15:49 - [MESSAGE][PASSED] - Object 'Object Repository/IWP30/Page_ACHCorporatePaymentEntry/txt_routingNumber' is present

26-08-2024T22:15:49 - [MESSAGE][PASSED] - Text '256072691' is set on object 'Object Repository/IWP30/Page_ACHCorporatePaymentEntry/txt_routingNumber'

26-08-2024T22:15:50 - [MESSAGE][PASSED] - Object 'Object Repository/IWP30/Page_ACHCorporatePaymentEntry/txt_accountNumber' is present

26-08-2024T22:15:51 - [MESSAGE][PASSED] - Text '12344444' is set on object 'Object Repository/IWP30/Page_ACHCorporatePaymentEntry/txt_accountNumber'

26-08-2024T22:15:51 - [MESSAGE][PASSED] - Object 'Object Repository/IWP30/Page_ACHCorporatePaymentEntry/txt_confirmAccountNumber' is present

26-08-2024T22:15:52 - [MESSAGE][PASSED] - Text '12344444' is set on object 'Object Repository/IWP30/Page_ACHCorporatePaymentEntry/txt_confirmAccountNumber'

26-08-2024T22:15:52 - [MESSAGE][PASSED] - Object 'Object Repository/IWP30/Page_ACHCorporatePaymentEntry/txt_Email' is present

26-08-2024T22:15:52 - [MESSAGE][PASSED] - Object 'Object Repository/IWP30/Page_ACHCorporatePaymentEntry/cb_TermsAndCond' is present

26-08-2024T22:15:53 - [MESSAGE][PASSED] - Object: 'Object Repository/IWP30/Page_ACHCorporatePaymentEntry/cb_TermsAndCond' is clicked on

26-08-2024T22:15:53 - [MESSAGE][PASSED] - Object 'Object Repository/IWP30/Page_ACHCorporatePaymentEntry/btn_Continue' is present

26-08-2024T22:15:55 - [MESSAGE][PASSED] - Object: 'Object Repository/IWP30/Page_ACHCorporatePaymentEntry/btn_Continue' is clicked on

26-08-2024T22:15:55 - [MESSAGE][PASSED] - iwpPages.achCorporatePaymentEntryPage.setDataCorporate is PASSED

26-08-2024T22:15:55 - [TEST_STEP][PASSED] - click(findTestObject("Object Repository/IWP30/Page_Confirmation/ConfirmButton")): Object: 'Object Repository/IWP30/Page_Confirmation/ConfirmButton' is clicked on

26-08-2024T22:15:57 - [MESSAGE][PASSED] - Object: 'Object Repository/IWP30/Page_Confirmation/ConfirmButton' is clicked on

26-08-2024T22:15:57 - [TEST_STEP][PASSED] - Thread.sleep(10000): null

26-08-2024T22:16:07 - [TEST_STEP][PASSED] - if (verifyTextPresent("Successful Payment Receipt", false)): null

26-08-2024T22:16:07 - [MESSAGE][PASSED] - Text 'Successful Payment Receipt' is present on page 

26-08-2024T22:16:07 - [TEST_STEP][PASSED] - println("Successful Payment Receipt text is present on the Receipt page"): null

26-08-2024T22:16:07 - [TEST_STEP][PASSED] - markPassed("Successful Payment Receipt text is present on the Receipt page"): Successful Payment Receipt text is present on the Receipt page

26-08-2024T22:16:07 - [MESSAGE][PASSED] - Successful Payment Receipt text is present on the Receipt page

26-08-2024T22:16:07 - [TEST_STEP][PASSED] - resText = "Pass": null

26-08-2024T22:16:07 - [TEST_STEP][PASSED] - pages.WriteExcel.demoKey(resText, datText, resColumn, datCloumn, fileLoc, nameSheet, row): pages.WriteExcel.demoKey is PASSED

26-08-2024T22:16:07 - [MESSAGE][PASSED] - pages.WriteExcel.demoKey is PASSED

26-08-2024T22:16:07 - [TEST_STEP][PASSED] - closeBrowser(): Browser is closed

26-08-2024T22:16:07 - [MESSAGE][PASSED] - Browser is closed

26-08-2024T22:16:07 - [TEST_STEP][PASSED] - ExecuteTC = findTestData(dataFile).getValue("Execute", row): null

26-08-2024T22:16:08 - [TEST_STEP][PASSED] - out.println("Value of Execute is : " + ExecuteTC): null

26-08-2024T22:16:08 - [TEST_STEP][PASSED] - if (ExecuteTC.equalsIgnoreCase("Y")): null

26-08-2024T22:16:08 - [TEST_STEP][PASSED] - out.println("Begin Record Number: " + row): null

26-08-2024T22:16:08 - [TEST_STEP][PASSED] - today = new java.util.Date(): null

26-08-2024T22:16:08 - [TEST_STEP][PASSED] - println(today): null

26-08-2024T22:16:08 - [TEST_STEP][PASSED] - datText = today: null

26-08-2024T22:16:08 - [TEST_STEP][PASSED] - EmulatorDataKey = findTestData(dataFile).getValue("EmulatorData", row): null

26-08-2024T22:16:08 - [TEST_STEP][PASSED] - out.println("Value of Emulator Key is : " + EmulatorDataKey): null

26-08-2024T22:16:08 - [TEST_STEP][PASSED] - iwpPages.emulatorIWP30.setDataEmulator_DD(EmulatorDataKey): iwpPages.emulatorIWP30.setDataEmulator_DD is PASSED

26-08-2024T22:16:08 - [MESSAGE][INFO] - Starting 'Edge Chromium' driver

26-08-2024T22:16:08 - [MESSAGE][INFO] - User set preference: ['acceptInsecureCerts', 'true']

26-08-2024T22:16:10 - [MESSAGE][INFO] - Action delay is set to 0 milliseconds

26-08-2024T22:16:14 - [MESSAGE][PASSED] - Browser is opened with url: 'https://qa2.velocitypayment.com/agency/config.do?action=editor&message_version=2_5'

26-08-2024T22:16:14 - [MESSAGE][PASSED] - Current window maximized

26-08-2024T22:16:15 - [MESSAGE][PASSED] - All options with value '2.5' are selected in object 'Object Repository/IWP30/Page_VRelay30Emulator/MV'  using regular expression

26-08-2024T22:16:15 - [MESSAGE][PASSED] - Text '10.50' is set on object 'Object Repository/IWP30/Page_VRelay30Emulator/Amount'

26-08-2024T22:16:16 - [MESSAGE][PASSED] - Text '26413255' is set on object 'Object Repository/IWP30/Page_VRelay30Emulator/CAN'

26-08-2024T22:16:17 - [MESSAGE][PASSED] - Text 'PayNow' is set on object 'Object Repository/IWP30/Page_VRelay30Emulator/Action'

26-08-2024T22:16:17 - [MESSAGE][PASSED] - Text 'en_US' is set on object 'Object Repository/IWP30/Page_VRelay30Emulator/Lang'

26-08-2024T22:16:18 - [MESSAGE][PASSED] - Text 'Jasmine' is set on object 'Object Repository/IWP30/Page_VRelay30Emulator/Fname'

26-08-2024T22:16:18 - [MESSAGE][PASSED] - Text 'Patrinol' is set on object 'Object Repository/IWP30/Page_VRelay30Emulator/Lname'

26-08-2024T22:16:19 - [MESSAGE][PASSED] - Text '258 Underwood rd' is set on object 'Object Repository/IWP30/Page_VRelay30Emulator/AL1'

26-08-2024T22:16:20 - [MESSAGE][PASSED] - Text 'Suite 600' is set on object 'Object Repository/IWP30/Page_VRelay30Emulator/AL2'

26-08-2024T22:16:20 - [MESSAGE][PASSED] - Text '840' is set on object 'Object Repository/IWP30/Page_VRelay30Emulator/Country'

26-08-2024T22:16:21 - [MESSAGE][PASSED] - Text 'Arlington' is set on object 'Object Repository/IWP30/Page_VRelay30Emulator/City'

26-08-2024T22:16:22 - [MESSAGE][PASSED] - Text 'VA' is set on object 'Object Repository/IWP30/Page_VRelay30Emulator/State'

26-08-2024T22:16:22 - [MESSAGE][PASSED] - Text '22201' is set on object 'Object Repository/IWP30/Page_VRelay30Emulator/ZIP'

26-08-2024T22:16:23 - [MESSAGE][PASSED] - Text '' is set on object 'Object Repository/IWP30/Page_VRelay30Emulator/Order'

26-08-2024T22:16:23 - [MESSAGE][PASSED] - Text 'Some Company' is set on object 'Object Repository/IWP30/Page_VRelay30Emulator/Company'

26-08-2024T22:16:24 - [MESSAGE][PASSED] - Text 'iahmed@govolution.com' is set on object 'Object Repository/IWP30/Page_VRelay30Emulator/Email'

26-08-2024T22:16:25 - [MESSAGE][PASSED] - Text 'udf data 1' is set on object 'Object Repository/IWP30/Page_VRelay30Emulator/UDF1'

26-08-2024T22:16:25 - [MESSAGE][PASSED] - Text 'udf data 2' is set on object 'Object Repository/IWP30/Page_VRelay30Emulator/UDF2'

26-08-2024T22:16:26 - [MESSAGE][PASSED] - Text 'udf data 3' is set on object 'Object Repository/IWP30/Page_VRelay30Emulator/UDF3'

26-08-2024T22:16:26 - [MESSAGE][PASSED] - Text 'udf data 4' is set on object 'Object Repository/IWP30/Page_VRelay30Emulator/UDF4'

26-08-2024T22:16:27 - [MESSAGE][PASSED] - Text 'udf data 5' is set on object 'Object Repository/IWP30/Page_VRelay30Emulator/UDF5'

26-08-2024T22:16:28 - [MESSAGE][PASSED] - Text 'udf data 6' is set on object 'Object Repository/IWP30/Page_VRelay30Emulator/UDF6'

26-08-2024T22:16:28 - [MESSAGE][PASSED] - Text 'Orange' is set on object 'Object Repository/IWP30/Page_VRelay30Emulator/UDF7'

26-08-2024T22:16:29 - [MESSAGE][PASSED] - Text 'Soccer' is set on object 'Object Repository/IWP30/Page_VRelay30Emulator/UDF8'

26-08-2024T22:16:29 - [MESSAGE][PASSED] - Text 'udf data 9' is set on object 'Object Repository/IWP30/Page_VRelay30Emulator/UDF9'

26-08-2024T22:16:30 - [MESSAGE][PASSED] - Text 'udf data 10' is set on object 'Object Repository/IWP30/Page_VRelay30Emulator/UDF10'

26-08-2024T22:16:31 - [MESSAGE][PASSED] - Object: 'Object Repository/IWP30/Page_VRelay30Emulator/Submit' is clicked on

26-08-2024T22:16:36 - [MESSAGE][PASSED] - Browser is closed

26-08-2024T22:16:40 - [MESSAGE][PASSED] - iwpPages.emulatorIWP30.setDataEmulator_DD is PASSED

26-08-2024T22:16:40 - [TEST_STEP][PASSED] - testHarnessURL = urlTestHarness: null

26-08-2024T22:16:40 - [TEST_STEP][PASSED] - openBrowser(testHarnessURL): Browser is opened with url: 'https://dev-algorithm.govolution.com/vrelaytest/QA2/version_2_2/vrelaytest.html'

26-08-2024T22:16:40 - [MESSAGE][INFO] - Starting 'Edge Chromium' driver

26-08-2024T22:16:40 - [MESSAGE][INFO] - User set preference: ['acceptInsecureCerts', 'true']

26-08-2024T22:16:42 - [MESSAGE][INFO] - Action delay is set to 0 milliseconds

26-08-2024T22:16:46 - [MESSAGE][PASSED] - Browser is opened with url: 'https://dev-algorithm.govolution.com/vrelaytest/QA2/version_2_2/vrelaytest.html'

26-08-2024T22:16:46 - [TEST_STEP][PASSED] - maximizeWindow(): Current window maximized

26-08-2024T22:16:46 - [MESSAGE][PASSED] - Current window maximized

26-08-2024T22:16:46 - [TEST_STEP][PASSED] - iwpPages.TestHarnessPage.setDataMethod(row, dataFile): iwpPages.TestHarnessPage.setDataMethod is PASSED

26-08-2024T22:16:46 - [MESSAGE][PASSED] - Object 'Object Repository/IWP30/Page_QATestHarness/RemittanceID' is present

26-08-2024T22:16:47 - [MESSAGE][PASSED] - Text '638' is set on object 'Object Repository/IWP30/Page_QATestHarness/ApplicationID'

26-08-2024T22:16:48 - [MESSAGE][PASSED] - Text '2.5' is set on object 'Object Repository/IWP30/Page_QATestHarness/MessageVersion'

26-08-2024T22:16:48 - [MESSAGE][PASSED] - Text 'cmACsfMidLUk' is set on object 'Object Repository/IWP30/Page_QATestHarness/RemittanceID'

26-08-2024T22:16:52 - [MESSAGE][PASSED] - Object: 'Object Repository/IWP30/Page_QATestHarness/SubmitButton' is clicked on

26-08-2024T22:16:52 - [MESSAGE][PASSED] - iwpPages.TestHarnessPage.setDataMethod is PASSED

26-08-2024T22:16:52 - [TEST_STEP][PASSED] - click(findTestObject("Object Repository/IWP30/Page_SelectPaymentMethod/PayByCorporateCheck")): Object: 'Object Repository/IWP30/Page_SelectPaymentMethod/PayByCorporateCheck' is clicked on

26-08-2024T22:16:53 - [MESSAGE][PASSED] - Object: 'Object Repository/IWP30/Page_SelectPaymentMethod/PayByCorporateCheck' is clicked on

26-08-2024T22:16:53 - [TEST_STEP][PASSED] - click(findTestObject("Object Repository/IWP30/Page_SelectPaymentMethod/MakePaymentButton")): Object: 'Object Repository/IWP30/Page_SelectPaymentMethod/MakePaymentButton' is clicked on

26-08-2024T22:16:56 - [MESSAGE][PASSED] - Object: 'Object Repository/IWP30/Page_SelectPaymentMethod/MakePaymentButton' is clicked on

26-08-2024T22:16:56 - [TEST_STEP][PASSED] - iwpPages.achCorporatePaymentEntryPage.setDataCorporate(row, dataFile): iwpPages.achCorporatePaymentEntryPage.setDataCorporate is PASSED

26-08-2024T22:16:57 - [MESSAGE][PASSED] - Object 'Object Repository/IWP30/Page_ACHCorporatePaymentEntry/txt_accountNumber' is present

26-08-2024T22:16:57 - [MESSAGE][PASSED] - Object 'Object Repository/IWP30/Page_ACHCorporatePaymentEntry/input_CompanyName' is present

26-08-2024T22:16:57 - [MESSAGE][PASSED] - Text 'My Company' is set on object 'Object Repository/IWP30/Page_ACHCorporatePaymentEntry/input_CompanyName'

26-08-2024T22:16:58 - [MESSAGE][PASSED] - Object 'Object Repository/IWP30/Page_ACHCorporatePaymentEntry/input_EIN' is present

26-08-2024T22:16:58 - [MESSAGE][PASSED] - Text '123456789' is set on object 'Object Repository/IWP30/Page_ACHCorporatePaymentEntry/input_EIN'

26-08-2024T22:16:59 - [MESSAGE][PASSED] - Text '9.50' is set on object 'Object Repository/IWP30/Page_ACHCorporatePaymentEntry/txt_Amount'

26-08-2024T22:16:59 - [MESSAGE][PASSED] - All options with label 'Soccer' are selected in object 'Object Repository/IWP30/Page_ACHCorporatePaymentEntry/dd_UDF8' 

26-08-2024T22:17:00 - [MESSAGE][PASSED] - Object 'Object Repository/IWP30/Page_ACHCorporatePaymentEntry/txt_routingNumber' is present

26-08-2024T22:17:00 - [MESSAGE][PASSED] - Text '256072691' is set on object 'Object Repository/IWP30/Page_ACHCorporatePaymentEntry/txt_routingNumber'

26-08-2024T22:17:01 - [MESSAGE][PASSED] - Object 'Object Repository/IWP30/Page_ACHCorporatePaymentEntry/txt_accountNumber' is present

26-08-2024T22:17:02 - [MESSAGE][PASSED] - Text '12344444' is set on object 'Object Repository/IWP30/Page_ACHCorporatePaymentEntry/txt_accountNumber'

26-08-2024T22:17:03 - [MESSAGE][PASSED] - Object 'Object Repository/IWP30/Page_ACHCorporatePaymentEntry/txt_confirmAccountNumber' is present

26-08-2024T22:17:03 - [MESSAGE][PASSED] - Text '12344444' is set on object 'Object Repository/IWP30/Page_ACHCorporatePaymentEntry/txt_confirmAccountNumber'

26-08-2024T22:17:03 - [MESSAGE][PASSED] - Object 'Object Repository/IWP30/Page_ACHCorporatePaymentEntry/txt_Email' is present

26-08-2024T22:17:04 - [MESSAGE][PASSED] - Object 'Object Repository/IWP30/Page_ACHCorporatePaymentEntry/cb_TermsAndCond' is present

26-08-2024T22:17:04 - [MESSAGE][PASSED] - Object: 'Object Repository/IWP30/Page_ACHCorporatePaymentEntry/cb_TermsAndCond' is clicked on

26-08-2024T22:17:04 - [MESSAGE][PASSED] - Object 'Object Repository/IWP30/Page_ACHCorporatePaymentEntry/btn_Continue' is present

26-08-2024T22:17:06 - [MESSAGE][PASSED] - Object: 'Object Repository/IWP30/Page_ACHCorporatePaymentEntry/btn_Continue' is clicked on

26-08-2024T22:17:06 - [MESSAGE][PASSED] - iwpPages.achCorporatePaymentEntryPage.setDataCorporate is PASSED

26-08-2024T22:17:06 - [TEST_STEP][PASSED] - click(findTestObject("Object Repository/IWP30/Page_Confirmation/ConfirmButton")): Object: 'Object Repository/IWP30/Page_Confirmation/ConfirmButton' is clicked on

26-08-2024T22:17:08 - [MESSAGE][PASSED] - Object: 'Object Repository/IWP30/Page_Confirmation/ConfirmButton' is clicked on

26-08-2024T22:17:08 - [TEST_STEP][PASSED] - Thread.sleep(10000): null

26-08-2024T22:17:18 - [TEST_STEP][PASSED] - if (verifyTextPresent("Successful Payment Receipt", false)): null

26-08-2024T22:17:18 - [MESSAGE][PASSED] - Text 'Successful Payment Receipt' is present on page 

26-08-2024T22:17:18 - [TEST_STEP][PASSED] - println("Successful Payment Receipt text is present on the Receipt page"): null

26-08-2024T22:17:18 - [TEST_STEP][PASSED] - markPassed("Successful Payment Receipt text is present on the Receipt page"): Successful Payment Receipt text is present on the Receipt page

26-08-2024T22:17:18 - [MESSAGE][PASSED] - Successful Payment Receipt text is present on the Receipt page

26-08-2024T22:17:18 - [TEST_STEP][PASSED] - resText = "Pass": null

26-08-2024T22:17:18 - [TEST_STEP][PASSED] - pages.WriteExcel.demoKey(resText, datText, resColumn, datCloumn, fileLoc, nameSheet, row): pages.WriteExcel.demoKey is PASSED

26-08-2024T22:17:18 - [MESSAGE][PASSED] - pages.WriteExcel.demoKey is PASSED

26-08-2024T22:17:18 - [TEST_STEP][PASSED] - closeBrowser(): Browser is closed

26-08-2024T22:17:19 - [MESSAGE][PASSED] - Browser is closed]]></system-out>
         <system-err><![CDATA[]]></system-err>
      </testcase>
      <testcase name="Test Cases/IntegratedWeb/IWP25/Payments/OverAndUnderPayPC" time="143.965" classname="Test Cases/IntegratedWeb/IWP25/Payments/OverAndUnderPayPC" status="PASSED">
         <system-out><![CDATA[26-08-2024T22:17:19 - [TEST_CASE][PASSED] - Test Cases/IntegratedWeb/IWP25/Payments/OverAndUnderPayPC: Test Cases/IntegratedWeb/IWP25/Payments/OverAndUnderPayPC

26-08-2024T22:17:19 - [TEST_STEP][PASSED] - resText = "Fail": null

26-08-2024T22:17:19 - [TEST_STEP][PASSED] - resColumn = "Result": null

26-08-2024T22:17:19 - [TEST_STEP][PASSED] - datCloumn = "Date": null

26-08-2024T22:17:19 - [TEST_STEP][PASSED] - fileLoc = "KatalonData/IWPTestData/VRelay25Payments.xlsx": null

26-08-2024T22:17:19 - [TEST_STEP][PASSED] - numOfRows = <not implemented yet for class: org.codehaus.groovy.ast.expr.EmptyExpression>: null

26-08-2024T22:17:19 - [TEST_STEP][PASSED] - dataFile = <not implemented yet for class: org.codehaus.groovy.ast.expr.EmptyExpression>: null

26-08-2024T22:17:19 - [TEST_STEP][PASSED] - nameSheet = <not implemented yet for class: org.codehaus.groovy.ast.expr.EmptyExpression>: null

26-08-2024T22:17:19 - [TEST_STEP][PASSED] - dataFileEmulator = <not implemented yet for class: org.codehaus.groovy.ast.expr.EmptyExpression>: null

26-08-2024T22:17:19 - [TEST_STEP][PASSED] - isRequiredTextPresent = false: null

26-08-2024T22:17:19 - [TEST_STEP][PASSED] - nameSheet = "OverAndUnderPayPC": null

26-08-2024T22:17:19 - [TEST_STEP][PASSED] - dataFile = "IWPTestData/IWP25OverAndUnderPayPC": null

26-08-2024T22:17:19 - [TEST_STEP][PASSED] - dataFileEmulator = "IWPTestData/EmulatorData": null

26-08-2024T22:17:19 - [TEST_STEP][PASSED] - numOfRows = findTestData(dataFile).getRowNumbers(): null

26-08-2024T22:17:19 - [TEST_STEP][PASSED] - println("Number of Records: " + numOfRows): null

26-08-2024T22:17:19 - [TEST_STEP][PASSED] - for ([row = 1, row <= numOfRows, (row++)]): Browser is closed

26-08-2024T22:17:19 - [TEST_STEP][PASSED] - ExecuteTC = findTestData(dataFile).getValue("Execute", row): null

26-08-2024T22:17:19 - [TEST_STEP][PASSED] - out.println("Value of Execute is : " + ExecuteTC): null

26-08-2024T22:17:19 - [TEST_STEP][PASSED] - if (ExecuteTC.equalsIgnoreCase("Y")): null

26-08-2024T22:17:19 - [TEST_STEP][PASSED] - out.println("Begin Record Number: " + row): null

26-08-2024T22:17:19 - [TEST_STEP][PASSED] - today = new java.util.Date(): null

26-08-2024T22:17:19 - [TEST_STEP][PASSED] - println(today): null

26-08-2024T22:17:19 - [TEST_STEP][PASSED] - datText = today: null

26-08-2024T22:17:19 - [TEST_STEP][PASSED] - EmulatorDataKey = findTestData(dataFile).getValue("EmulatorData", row): null

26-08-2024T22:17:19 - [TEST_STEP][PASSED] - out.println("Value of Emulator Key is : " + EmulatorDataKey): null

26-08-2024T22:17:19 - [TEST_STEP][PASSED] - iwpPages.emulatorIWP30.setDataEmulator_DD(EmulatorDataKey): iwpPages.emulatorIWP30.setDataEmulator_DD is PASSED

26-08-2024T22:17:20 - [MESSAGE][INFO] - Starting 'Edge Chromium' driver

26-08-2024T22:17:20 - [MESSAGE][INFO] - User set preference: ['acceptInsecureCerts', 'true']

26-08-2024T22:17:22 - [MESSAGE][INFO] - Action delay is set to 0 milliseconds

26-08-2024T22:17:27 - [MESSAGE][PASSED] - Browser is opened with url: 'https://qa2.velocitypayment.com/agency/config.do?action=editor&message_version=2_5'

26-08-2024T22:17:27 - [MESSAGE][PASSED] - Current window maximized

26-08-2024T22:17:28 - [MESSAGE][PASSED] - All options with value '2.5' are selected in object 'Object Repository/IWP30/Page_VRelay30Emulator/MV'  using regular expression

26-08-2024T22:17:29 - [MESSAGE][PASSED] - Text '10.50' is set on object 'Object Repository/IWP30/Page_VRelay30Emulator/Amount'

26-08-2024T22:17:29 - [MESSAGE][PASSED] - Text '26413255' is set on object 'Object Repository/IWP30/Page_VRelay30Emulator/CAN'

26-08-2024T22:17:30 - [MESSAGE][PASSED] - Text 'PayNow' is set on object 'Object Repository/IWP30/Page_VRelay30Emulator/Action'

26-08-2024T22:17:31 - [MESSAGE][PASSED] - Text 'en_US' is set on object 'Object Repository/IWP30/Page_VRelay30Emulator/Lang'

26-08-2024T22:17:31 - [MESSAGE][PASSED] - Text 'Jasmine' is set on object 'Object Repository/IWP30/Page_VRelay30Emulator/Fname'

26-08-2024T22:17:32 - [MESSAGE][PASSED] - Text 'Patrinol' is set on object 'Object Repository/IWP30/Page_VRelay30Emulator/Lname'

26-08-2024T22:17:32 - [MESSAGE][PASSED] - Text '258 Underwood rd' is set on object 'Object Repository/IWP30/Page_VRelay30Emulator/AL1'

26-08-2024T22:17:33 - [MESSAGE][PASSED] - Text 'Suite 600' is set on object 'Object Repository/IWP30/Page_VRelay30Emulator/AL2'

26-08-2024T22:17:34 - [MESSAGE][PASSED] - Text '840' is set on object 'Object Repository/IWP30/Page_VRelay30Emulator/Country'

26-08-2024T22:17:34 - [MESSAGE][PASSED] - Text 'Arlington' is set on object 'Object Repository/IWP30/Page_VRelay30Emulator/City'

26-08-2024T22:17:35 - [MESSAGE][PASSED] - Text 'VA' is set on object 'Object Repository/IWP30/Page_VRelay30Emulator/State'

26-08-2024T22:17:35 - [MESSAGE][PASSED] - Text '22201' is set on object 'Object Repository/IWP30/Page_VRelay30Emulator/ZIP'

26-08-2024T22:17:36 - [MESSAGE][PASSED] - Text '' is set on object 'Object Repository/IWP30/Page_VRelay30Emulator/Order'

26-08-2024T22:17:37 - [MESSAGE][PASSED] - Text 'Some Company' is set on object 'Object Repository/IWP30/Page_VRelay30Emulator/Company'

26-08-2024T22:17:37 - [MESSAGE][PASSED] - Text 'iahmed@govolution.com' is set on object 'Object Repository/IWP30/Page_VRelay30Emulator/Email'

26-08-2024T22:17:38 - [MESSAGE][PASSED] - Text 'udf data 1' is set on object 'Object Repository/IWP30/Page_VRelay30Emulator/UDF1'

26-08-2024T22:17:39 - [MESSAGE][PASSED] - Text 'udf data 2' is set on object 'Object Repository/IWP30/Page_VRelay30Emulator/UDF2'

26-08-2024T22:17:39 - [MESSAGE][PASSED] - Text 'udf data 3' is set on object 'Object Repository/IWP30/Page_VRelay30Emulator/UDF3'

26-08-2024T22:17:40 - [MESSAGE][PASSED] - Text 'udf data 4' is set on object 'Object Repository/IWP30/Page_VRelay30Emulator/UDF4'

26-08-2024T22:17:40 - [MESSAGE][PASSED] - Text 'udf data 5' is set on object 'Object Repository/IWP30/Page_VRelay30Emulator/UDF5'

26-08-2024T22:17:41 - [MESSAGE][PASSED] - Text 'udf data 6' is set on object 'Object Repository/IWP30/Page_VRelay30Emulator/UDF6'

26-08-2024T22:17:42 - [MESSAGE][PASSED] - Text 'Orange' is set on object 'Object Repository/IWP30/Page_VRelay30Emulator/UDF7'

26-08-2024T22:17:42 - [MESSAGE][PASSED] - Text 'Soccer' is set on object 'Object Repository/IWP30/Page_VRelay30Emulator/UDF8'

26-08-2024T22:17:43 - [MESSAGE][PASSED] - Text 'udf data 9' is set on object 'Object Repository/IWP30/Page_VRelay30Emulator/UDF9'

26-08-2024T22:17:43 - [MESSAGE][PASSED] - Text 'udf data 10' is set on object 'Object Repository/IWP30/Page_VRelay30Emulator/UDF10'

26-08-2024T22:17:45 - [MESSAGE][PASSED] - Object: 'Object Repository/IWP30/Page_VRelay30Emulator/Submit' is clicked on

26-08-2024T22:17:49 - [MESSAGE][PASSED] - Browser is closed

26-08-2024T22:17:53 - [MESSAGE][PASSED] - iwpPages.emulatorIWP30.setDataEmulator_DD is PASSED

26-08-2024T22:17:53 - [TEST_STEP][PASSED] - testHarnessURL = urlTestHarness: null

26-08-2024T22:17:53 - [TEST_STEP][PASSED] - openBrowser(testHarnessURL): Browser is opened with url: 'https://dev-algorithm.govolution.com/vrelaytest/QA2/version_2_2/vrelaytest.html'

26-08-2024T22:17:53 - [MESSAGE][INFO] - Starting 'Edge Chromium' driver

26-08-2024T22:17:53 - [MESSAGE][INFO] - User set preference: ['acceptInsecureCerts', 'true']

26-08-2024T22:17:55 - [MESSAGE][INFO] - Action delay is set to 0 milliseconds

26-08-2024T22:17:59 - [MESSAGE][PASSED] - Browser is opened with url: 'https://dev-algorithm.govolution.com/vrelaytest/QA2/version_2_2/vrelaytest.html'

26-08-2024T22:17:59 - [TEST_STEP][PASSED] - maximizeWindow(): Current window maximized

26-08-2024T22:17:59 - [MESSAGE][PASSED] - Current window maximized

26-08-2024T22:17:59 - [TEST_STEP][PASSED] - iwpPages.TestHarnessPage.setDataMethod(row, dataFile): iwpPages.TestHarnessPage.setDataMethod is PASSED

26-08-2024T22:17:59 - [MESSAGE][PASSED] - Object 'Object Repository/IWP30/Page_QATestHarness/RemittanceID' is present

26-08-2024T22:18:00 - [MESSAGE][PASSED] - Text '638' is set on object 'Object Repository/IWP30/Page_QATestHarness/ApplicationID'

26-08-2024T22:18:01 - [MESSAGE][PASSED] - Text '2.5' is set on object 'Object Repository/IWP30/Page_QATestHarness/MessageVersion'

26-08-2024T22:18:01 - [MESSAGE][PASSED] - Text 'yEk8JBo2BTqR' is set on object 'Object Repository/IWP30/Page_QATestHarness/RemittanceID'

26-08-2024T22:18:05 - [MESSAGE][PASSED] - Object: 'Object Repository/IWP30/Page_QATestHarness/SubmitButton' is clicked on

26-08-2024T22:18:05 - [MESSAGE][PASSED] - iwpPages.TestHarnessPage.setDataMethod is PASSED

26-08-2024T22:18:05 - [TEST_STEP][PASSED] - click(findTestObject("Object Repository/IWP30/Page_SelectPaymentMethod/PayByPersonalCheck")): Object: 'Object Repository/IWP30/Page_SelectPaymentMethod/PayByPersonalCheck' is clicked on

26-08-2024T22:18:05 - [MESSAGE][PASSED] - Object: 'Object Repository/IWP30/Page_SelectPaymentMethod/PayByPersonalCheck' is clicked on

26-08-2024T22:18:05 - [TEST_STEP][PASSED] - click(findTestObject("Object Repository/IWP30/Page_SelectPaymentMethod/MakePaymentButton")): Object: 'Object Repository/IWP30/Page_SelectPaymentMethod/MakePaymentButton' is clicked on

26-08-2024T22:18:08 - [MESSAGE][PASSED] - Object: 'Object Repository/IWP30/Page_SelectPaymentMethod/MakePaymentButton' is clicked on

26-08-2024T22:18:08 - [TEST_STEP][PASSED] - iwpPages.achPersonalPaymentEntryPage.setDataACHPPM(row, dataFile): iwpPages.achPersonalPaymentEntryPage.setDataACHPPM is PASSED

26-08-2024T22:18:09 - [MESSAGE][PASSED] - Object 'Object Repository/IWP30/Page_ACHPersonalPaymentEntry/txt_accountNumber' is present

26-08-2024T22:18:10 - [MESSAGE][PASSED] - Text '11.50' is set on object 'Object Repository/IWP30/Page_ACHPersonalPaymentEntry/txt_Amount'

26-08-2024T22:18:10 - [MESSAGE][PASSED] - Object 'Object Repository/IWP30/Page_ACHPersonalPaymentEntry/txt_UDF2' is present

26-08-2024T22:18:10 - [MESSAGE][PASSED] - All options with label 'Soccer' are selected in object 'Object Repository/IWP30/Page_ACHPersonalPaymentEntry/dd_UDF8' 

26-08-2024T22:18:11 - [MESSAGE][PASSED] - Object 'Object Repository/IWP30/Page_ACHPersonalPaymentEntry/txt_Firstname' is present

26-08-2024T22:18:11 - [MESSAGE][PASSED] - Text 'Elizath' is set on object 'Object Repository/IWP30/Page_ACHPersonalPaymentEntry/txt_Firstname'

26-08-2024T22:18:12 - [MESSAGE][PASSED] - Object 'Object Repository/IWP30/Page_ACHPersonalPaymentEntry/txt_Lastname' is present

26-08-2024T22:18:12 - [MESSAGE][PASSED] - Text 'Christine' is set on object 'Object Repository/IWP30/Page_ACHPersonalPaymentEntry/txt_Lastname'

26-08-2024T22:18:12 - [MESSAGE][PASSED] - Object 'Object Repository/IWP30/Page_ACHPersonalPaymentEntry/txt_routingNumber' is present

26-08-2024T22:18:13 - [MESSAGE][PASSED] - Text '256072691' is set on object 'Object Repository/IWP30/Page_ACHPersonalPaymentEntry/txt_routingNumber'

26-08-2024T22:18:13 - [MESSAGE][PASSED] - Object 'Object Repository/IWP30/Page_ACHPersonalPaymentEntry/txt_accountNumber' is present

26-08-2024T22:18:15 - [MESSAGE][PASSED] - Text '12344444' is set on object 'Object Repository/IWP30/Page_ACHPersonalPaymentEntry/txt_accountNumber'

26-08-2024T22:18:15 - [MESSAGE][PASSED] - Object 'Object Repository/IWP30/Page_ACHPersonalPaymentEntry/txt_confirmAccountNumber' is present

26-08-2024T22:18:16 - [MESSAGE][PASSED] - Text '12344444' is set on object 'Object Repository/IWP30/Page_ACHPersonalPaymentEntry/txt_confirmAccountNumber'

26-08-2024T22:18:16 - [MESSAGE][PASSED] - Object 'Object Repository/IWP30/Page_ACHPersonalPaymentEntry/rd_accountType' is present

26-08-2024T22:18:16 - [MESSAGE][PASSED] - Modify property of object successfully

26-08-2024T22:18:16 - [MESSAGE][PASSED] - Object: 'Object Repository/IWP30/Page_ACHPersonalPaymentEntry/rd_accountType' is clicked on

26-08-2024T22:18:17 - [MESSAGE][PASSED] - Object 'Object Repository/IWP30/Page_ACHPersonalPaymentEntry/txt_Email' is present

26-08-2024T22:18:17 - [MESSAGE][PASSED] - Object 'Object Repository/IWP30/Page_ACHPersonalPaymentEntry/cb_TermsAndCond' is present

26-08-2024T22:18:17 - [MESSAGE][PASSED] - Object: 'Object Repository/IWP30/Page_ACHPersonalPaymentEntry/cb_TermsAndCond' is clicked on

26-08-2024T22:18:17 - [MESSAGE][PASSED] - Object 'Object Repository/IWP30/Page_ACHPersonalPaymentEntry/btn_Continue' is present

26-08-2024T22:18:19 - [MESSAGE][PASSED] - Object: 'Object Repository/IWP30/Page_ACHPersonalPaymentEntry/btn_Continue' is clicked on

26-08-2024T22:18:19 - [MESSAGE][PASSED] - iwpPages.achPersonalPaymentEntryPage.setDataACHPPM is PASSED

26-08-2024T22:18:19 - [TEST_STEP][PASSED] - click(findTestObject("Object Repository/IWP30/Page_Confirmation/ConfirmButton")): Object: 'Object Repository/IWP30/Page_Confirmation/ConfirmButton' is clicked on

26-08-2024T22:18:21 - [MESSAGE][PASSED] - Object: 'Object Repository/IWP30/Page_Confirmation/ConfirmButton' is clicked on

26-08-2024T22:18:21 - [TEST_STEP][PASSED] - Thread.sleep(10000): null

26-08-2024T22:18:31 - [TEST_STEP][PASSED] - if (verifyTextPresent("Successful Payment Receipt", false)): null

26-08-2024T22:18:31 - [MESSAGE][PASSED] - Text 'Successful Payment Receipt' is present on page 

26-08-2024T22:18:31 - [TEST_STEP][PASSED] - println("Successful Payment Receipt text is present on the Receipt page"): null

26-08-2024T22:18:31 - [TEST_STEP][PASSED] - markPassed("Successful Payment Receipt text is present on the Receipt page"): Successful Payment Receipt text is present on the Receipt page

26-08-2024T22:18:31 - [MESSAGE][PASSED] - Successful Payment Receipt text is present on the Receipt page

26-08-2024T22:18:31 - [TEST_STEP][PASSED] - resText = "Pass": null

26-08-2024T22:18:31 - [TEST_STEP][PASSED] - pages.WriteExcel.demoKey(resText, datText, resColumn, datCloumn, fileLoc, nameSheet, row): pages.WriteExcel.demoKey is PASSED

26-08-2024T22:18:31 - [MESSAGE][PASSED] - pages.WriteExcel.demoKey is PASSED

26-08-2024T22:18:31 - [TEST_STEP][PASSED] - closeBrowser(): Browser is closed

26-08-2024T22:18:32 - [MESSAGE][PASSED] - Browser is closed

26-08-2024T22:18:32 - [TEST_STEP][PASSED] - ExecuteTC = findTestData(dataFile).getValue("Execute", row): null

26-08-2024T22:18:32 - [TEST_STEP][PASSED] - out.println("Value of Execute is : " + ExecuteTC): null

26-08-2024T22:18:32 - [TEST_STEP][PASSED] - if (ExecuteTC.equalsIgnoreCase("Y")): null

26-08-2024T22:18:32 - [TEST_STEP][PASSED] - out.println("Begin Record Number: " + row): null

26-08-2024T22:18:32 - [TEST_STEP][PASSED] - today = new java.util.Date(): null

26-08-2024T22:18:32 - [TEST_STEP][PASSED] - println(today): null

26-08-2024T22:18:32 - [TEST_STEP][PASSED] - datText = today: null

26-08-2024T22:18:32 - [TEST_STEP][PASSED] - EmulatorDataKey = findTestData(dataFile).getValue("EmulatorData", row): null

26-08-2024T22:18:32 - [TEST_STEP][PASSED] - out.println("Value of Emulator Key is : " + EmulatorDataKey): null

26-08-2024T22:18:32 - [TEST_STEP][PASSED] - iwpPages.emulatorIWP30.setDataEmulator_DD(EmulatorDataKey): iwpPages.emulatorIWP30.setDataEmulator_DD is PASSED

26-08-2024T22:18:32 - [MESSAGE][INFO] - Starting 'Edge Chromium' driver

26-08-2024T22:18:32 - [MESSAGE][INFO] - User set preference: ['acceptInsecureCerts', 'true']

26-08-2024T22:18:34 - [MESSAGE][INFO] - Action delay is set to 0 milliseconds

26-08-2024T22:18:38 - [MESSAGE][PASSED] - Browser is opened with url: 'https://qa2.velocitypayment.com/agency/config.do?action=editor&message_version=2_5'

26-08-2024T22:18:38 - [MESSAGE][PASSED] - Current window maximized

26-08-2024T22:18:39 - [MESSAGE][PASSED] - All options with value '2.5' are selected in object 'Object Repository/IWP30/Page_VRelay30Emulator/MV'  using regular expression

26-08-2024T22:18:40 - [MESSAGE][PASSED] - Text '10.50' is set on object 'Object Repository/IWP30/Page_VRelay30Emulator/Amount'

26-08-2024T22:18:40 - [MESSAGE][PASSED] - Text '26413255' is set on object 'Object Repository/IWP30/Page_VRelay30Emulator/CAN'

26-08-2024T22:18:41 - [MESSAGE][PASSED] - Text 'PayNow' is set on object 'Object Repository/IWP30/Page_VRelay30Emulator/Action'

26-08-2024T22:18:42 - [MESSAGE][PASSED] - Text 'en_US' is set on object 'Object Repository/IWP30/Page_VRelay30Emulator/Lang'

26-08-2024T22:18:42 - [MESSAGE][PASSED] - Text 'Jasmine' is set on object 'Object Repository/IWP30/Page_VRelay30Emulator/Fname'

26-08-2024T22:18:43 - [MESSAGE][PASSED] - Text 'Patrinol' is set on object 'Object Repository/IWP30/Page_VRelay30Emulator/Lname'

26-08-2024T22:18:43 - [MESSAGE][PASSED] - Text '258 Underwood rd' is set on object 'Object Repository/IWP30/Page_VRelay30Emulator/AL1'

26-08-2024T22:18:44 - [MESSAGE][PASSED] - Text 'Suite 600' is set on object 'Object Repository/IWP30/Page_VRelay30Emulator/AL2'

26-08-2024T22:18:45 - [MESSAGE][PASSED] - Text '840' is set on object 'Object Repository/IWP30/Page_VRelay30Emulator/Country'

26-08-2024T22:18:45 - [MESSAGE][PASSED] - Text 'Arlington' is set on object 'Object Repository/IWP30/Page_VRelay30Emulator/City'

26-08-2024T22:18:46 - [MESSAGE][PASSED] - Text 'VA' is set on object 'Object Repository/IWP30/Page_VRelay30Emulator/State'

26-08-2024T22:18:46 - [MESSAGE][PASSED] - Text '22201' is set on object 'Object Repository/IWP30/Page_VRelay30Emulator/ZIP'

26-08-2024T22:18:47 - [MESSAGE][PASSED] - Text '' is set on object 'Object Repository/IWP30/Page_VRelay30Emulator/Order'

26-08-2024T22:18:48 - [MESSAGE][PASSED] - Text 'Some Company' is set on object 'Object Repository/IWP30/Page_VRelay30Emulator/Company'

26-08-2024T22:18:48 - [MESSAGE][PASSED] - Text 'iahmed@govolution.com' is set on object 'Object Repository/IWP30/Page_VRelay30Emulator/Email'

26-08-2024T22:18:49 - [MESSAGE][PASSED] - Text 'udf data 1' is set on object 'Object Repository/IWP30/Page_VRelay30Emulator/UDF1'

26-08-2024T22:18:49 - [MESSAGE][PASSED] - Text 'udf data 2' is set on object 'Object Repository/IWP30/Page_VRelay30Emulator/UDF2'

26-08-2024T22:18:50 - [MESSAGE][PASSED] - Text 'udf data 3' is set on object 'Object Repository/IWP30/Page_VRelay30Emulator/UDF3'

26-08-2024T22:18:51 - [MESSAGE][PASSED] - Text 'udf data 4' is set on object 'Object Repository/IWP30/Page_VRelay30Emulator/UDF4'

26-08-2024T22:18:51 - [MESSAGE][PASSED] - Text 'udf data 5' is set on object 'Object Repository/IWP30/Page_VRelay30Emulator/UDF5'

26-08-2024T22:18:52 - [MESSAGE][PASSED] - Text 'udf data 6' is set on object 'Object Repository/IWP30/Page_VRelay30Emulator/UDF6'

26-08-2024T22:18:52 - [MESSAGE][PASSED] - Text 'Orange' is set on object 'Object Repository/IWP30/Page_VRelay30Emulator/UDF7'

26-08-2024T22:18:53 - [MESSAGE][PASSED] - Text 'Soccer' is set on object 'Object Repository/IWP30/Page_VRelay30Emulator/UDF8'

26-08-2024T22:18:54 - [MESSAGE][PASSED] - Text 'udf data 9' is set on object 'Object Repository/IWP30/Page_VRelay30Emulator/UDF9'

26-08-2024T22:18:54 - [MESSAGE][PASSED] - Text 'udf data 10' is set on object 'Object Repository/IWP30/Page_VRelay30Emulator/UDF10'

26-08-2024T22:18:55 - [MESSAGE][PASSED] - Object: 'Object Repository/IWP30/Page_VRelay30Emulator/Submit' is clicked on

26-08-2024T22:19:00 - [MESSAGE][PASSED] - Browser is closed

26-08-2024T22:19:04 - [MESSAGE][PASSED] - iwpPages.emulatorIWP30.setDataEmulator_DD is PASSED

26-08-2024T22:19:04 - [TEST_STEP][PASSED] - testHarnessURL = urlTestHarness: null

26-08-2024T22:19:04 - [TEST_STEP][PASSED] - openBrowser(testHarnessURL): Browser is opened with url: 'https://dev-algorithm.govolution.com/vrelaytest/QA2/version_2_2/vrelaytest.html'

26-08-2024T22:19:04 - [MESSAGE][INFO] - Starting 'Edge Chromium' driver

26-08-2024T22:19:04 - [MESSAGE][INFO] - User set preference: ['acceptInsecureCerts', 'true']

26-08-2024T22:19:06 - [MESSAGE][INFO] - Action delay is set to 0 milliseconds

26-08-2024T22:19:10 - [MESSAGE][PASSED] - Browser is opened with url: 'https://dev-algorithm.govolution.com/vrelaytest/QA2/version_2_2/vrelaytest.html'

26-08-2024T22:19:10 - [TEST_STEP][PASSED] - maximizeWindow(): Current window maximized

26-08-2024T22:19:10 - [MESSAGE][PASSED] - Current window maximized

26-08-2024T22:19:10 - [TEST_STEP][PASSED] - iwpPages.TestHarnessPage.setDataMethod(row, dataFile): iwpPages.TestHarnessPage.setDataMethod is PASSED

26-08-2024T22:19:10 - [MESSAGE][PASSED] - Object 'Object Repository/IWP30/Page_QATestHarness/RemittanceID' is present

26-08-2024T22:19:11 - [MESSAGE][PASSED] - Text '638' is set on object 'Object Repository/IWP30/Page_QATestHarness/ApplicationID'

26-08-2024T22:19:11 - [MESSAGE][PASSED] - Text '2.5' is set on object 'Object Repository/IWP30/Page_QATestHarness/MessageVersion'

26-08-2024T22:19:12 - [MESSAGE][PASSED] - Text 'bhfRX0Dm0fi8' is set on object 'Object Repository/IWP30/Page_QATestHarness/RemittanceID'

26-08-2024T22:19:16 - [MESSAGE][PASSED] - Object: 'Object Repository/IWP30/Page_QATestHarness/SubmitButton' is clicked on

26-08-2024T22:19:16 - [MESSAGE][PASSED] - iwpPages.TestHarnessPage.setDataMethod is PASSED

26-08-2024T22:19:16 - [TEST_STEP][PASSED] - click(findTestObject("Object Repository/IWP30/Page_SelectPaymentMethod/PayByPersonalCheck")): Object: 'Object Repository/IWP30/Page_SelectPaymentMethod/PayByPersonalCheck' is clicked on

26-08-2024T22:19:16 - [MESSAGE][PASSED] - Object: 'Object Repository/IWP30/Page_SelectPaymentMethod/PayByPersonalCheck' is clicked on

26-08-2024T22:19:16 - [TEST_STEP][PASSED] - click(findTestObject("Object Repository/IWP30/Page_SelectPaymentMethod/MakePaymentButton")): Object: 'Object Repository/IWP30/Page_SelectPaymentMethod/MakePaymentButton' is clicked on

26-08-2024T22:19:19 - [MESSAGE][PASSED] - Object: 'Object Repository/IWP30/Page_SelectPaymentMethod/MakePaymentButton' is clicked on

26-08-2024T22:19:19 - [TEST_STEP][PASSED] - iwpPages.achPersonalPaymentEntryPage.setDataACHPPM(row, dataFile): iwpPages.achPersonalPaymentEntryPage.setDataACHPPM is PASSED

26-08-2024T22:19:20 - [MESSAGE][PASSED] - Object 'Object Repository/IWP30/Page_ACHPersonalPaymentEntry/txt_accountNumber' is present

26-08-2024T22:19:21 - [MESSAGE][PASSED] - Text '9.50' is set on object 'Object Repository/IWP30/Page_ACHPersonalPaymentEntry/txt_Amount'

26-08-2024T22:19:21 - [MESSAGE][PASSED] - Object 'Object Repository/IWP30/Page_ACHPersonalPaymentEntry/txt_UDF2' is present

26-08-2024T22:19:21 - [MESSAGE][PASSED] - All options with label 'Soccer' are selected in object 'Object Repository/IWP30/Page_ACHPersonalPaymentEntry/dd_UDF8' 

26-08-2024T22:19:22 - [MESSAGE][PASSED] - Object 'Object Repository/IWP30/Page_ACHPersonalPaymentEntry/txt_Firstname' is present

26-08-2024T22:19:22 - [MESSAGE][PASSED] - Text 'Elizath' is set on object 'Object Repository/IWP30/Page_ACHPersonalPaymentEntry/txt_Firstname'

26-08-2024T22:19:23 - [MESSAGE][PASSED] - Object 'Object Repository/IWP30/Page_ACHPersonalPaymentEntry/txt_Lastname' is present

26-08-2024T22:19:23 - [MESSAGE][PASSED] - Text 'Christine' is set on object 'Object Repository/IWP30/Page_ACHPersonalPaymentEntry/txt_Lastname'

26-08-2024T22:19:23 - [MESSAGE][PASSED] - Object 'Object Repository/IWP30/Page_ACHPersonalPaymentEntry/txt_routingNumber' is present

26-08-2024T22:19:24 - [MESSAGE][PASSED] - Text '256072691' is set on object 'Object Repository/IWP30/Page_ACHPersonalPaymentEntry/txt_routingNumber'

26-08-2024T22:19:24 - [MESSAGE][PASSED] - Object 'Object Repository/IWP30/Page_ACHPersonalPaymentEntry/txt_accountNumber' is present

26-08-2024T22:19:26 - [MESSAGE][PASSED] - Text '12344444' is set on object 'Object Repository/IWP30/Page_ACHPersonalPaymentEntry/txt_accountNumber'

26-08-2024T22:19:26 - [MESSAGE][PASSED] - Object 'Object Repository/IWP30/Page_ACHPersonalPaymentEntry/txt_confirmAccountNumber' is present

26-08-2024T22:19:27 - [MESSAGE][PASSED] - Text '12344444' is set on object 'Object Repository/IWP30/Page_ACHPersonalPaymentEntry/txt_confirmAccountNumber'

26-08-2024T22:19:27 - [MESSAGE][PASSED] - Object 'Object Repository/IWP30/Page_ACHPersonalPaymentEntry/rd_accountType' is present

26-08-2024T22:19:27 - [MESSAGE][PASSED] - Modify property of object successfully

26-08-2024T22:19:27 - [MESSAGE][PASSED] - Object: 'Object Repository/IWP30/Page_ACHPersonalPaymentEntry/rd_accountType' is clicked on

26-08-2024T22:19:27 - [MESSAGE][PASSED] - Object 'Object Repository/IWP30/Page_ACHPersonalPaymentEntry/txt_Email' is present

26-08-2024T22:19:28 - [MESSAGE][PASSED] - Object 'Object Repository/IWP30/Page_ACHPersonalPaymentEntry/cb_TermsAndCond' is present

26-08-2024T22:19:28 - [MESSAGE][PASSED] - Object: 'Object Repository/IWP30/Page_ACHPersonalPaymentEntry/cb_TermsAndCond' is clicked on

26-08-2024T22:19:28 - [MESSAGE][PASSED] - Object 'Object Repository/IWP30/Page_ACHPersonalPaymentEntry/btn_Continue' is present

26-08-2024T22:19:30 - [MESSAGE][PASSED] - Object: 'Object Repository/IWP30/Page_ACHPersonalPaymentEntry/btn_Continue' is clicked on

26-08-2024T22:19:30 - [MESSAGE][PASSED] - iwpPages.achPersonalPaymentEntryPage.setDataACHPPM is PASSED

26-08-2024T22:19:30 - [TEST_STEP][PASSED] - click(findTestObject("Object Repository/IWP30/Page_Confirmation/ConfirmButton")): Object: 'Object Repository/IWP30/Page_Confirmation/ConfirmButton' is clicked on

26-08-2024T22:19:32 - [MESSAGE][PASSED] - Object: 'Object Repository/IWP30/Page_Confirmation/ConfirmButton' is clicked on

26-08-2024T22:19:32 - [TEST_STEP][PASSED] - Thread.sleep(10000): null

26-08-2024T22:19:42 - [TEST_STEP][PASSED] - if (verifyTextPresent("Successful Payment Receipt", false)): null

26-08-2024T22:19:42 - [MESSAGE][PASSED] - Text 'Successful Payment Receipt' is present on page 

26-08-2024T22:19:42 - [TEST_STEP][PASSED] - println("Successful Payment Receipt text is present on the Receipt page"): null

26-08-2024T22:19:42 - [TEST_STEP][PASSED] - markPassed("Successful Payment Receipt text is present on the Receipt page"): Successful Payment Receipt text is present on the Receipt page

26-08-2024T22:19:42 - [MESSAGE][PASSED] - Successful Payment Receipt text is present on the Receipt page

26-08-2024T22:19:42 - [TEST_STEP][PASSED] - resText = "Pass": null

26-08-2024T22:19:42 - [TEST_STEP][PASSED] - pages.WriteExcel.demoKey(resText, datText, resColumn, datCloumn, fileLoc, nameSheet, row): pages.WriteExcel.demoKey is PASSED

26-08-2024T22:19:42 - [MESSAGE][PASSED] - pages.WriteExcel.demoKey is PASSED

26-08-2024T22:19:42 - [TEST_STEP][PASSED] - closeBrowser(): Browser is closed

26-08-2024T22:19:43 - [MESSAGE][PASSED] - Browser is closed]]></system-out>
         <system-err><![CDATA[]]></system-err>
      </testcase>
      <testcase name="Test Cases/IntegratedWeb/IWP25/Payments/PayNowCorpDCF" time="180.354" classname="Test Cases/IntegratedWeb/IWP25/Payments/PayNowCorpDCF" status="PASSED">
         <system-out><![CDATA[26-08-2024T22:19:43 - [TEST_CASE][PASSED] - Test Cases/IntegratedWeb/IWP25/Payments/PayNowCorpDCF: Test Cases/IntegratedWeb/IWP25/Payments/PayNowCorpDCF

26-08-2024T22:19:43 - [TEST_STEP][PASSED] - resText = "Fail": null

26-08-2024T22:19:43 - [TEST_STEP][PASSED] - resColumn = "Result": null

26-08-2024T22:19:43 - [TEST_STEP][PASSED] - datCloumn = "Date": null

26-08-2024T22:19:43 - [TEST_STEP][PASSED] - fileLoc = "KatalonData/IWPTestData/VRelay25Payments.xlsx": null

26-08-2024T22:19:43 - [TEST_STEP][PASSED] - numOfRows = <not implemented yet for class: org.codehaus.groovy.ast.expr.EmptyExpression>: null

26-08-2024T22:19:43 - [TEST_STEP][PASSED] - dataFile = <not implemented yet for class: org.codehaus.groovy.ast.expr.EmptyExpression>: null

26-08-2024T22:19:43 - [TEST_STEP][PASSED] - nameSheet = <not implemented yet for class: org.codehaus.groovy.ast.expr.EmptyExpression>: null

26-08-2024T22:19:43 - [TEST_STEP][PASSED] - dataFileEmulator = <not implemented yet for class: org.codehaus.groovy.ast.expr.EmptyExpression>: null

26-08-2024T22:19:43 - [TEST_STEP][PASSED] - isRequiredTextPresent = false: null

26-08-2024T22:19:43 - [TEST_STEP][PASSED] - nameSheet = "PayNowCorpDCF": null

26-08-2024T22:19:43 - [TEST_STEP][PASSED] - dataFile = "IWPTestData/IWP25PayNowCorpDCF": null

26-08-2024T22:19:43 - [TEST_STEP][PASSED] - dataFileEmulator = "IWPTestData/EmulatorData": null

26-08-2024T22:19:43 - [TEST_STEP][PASSED] - numOfRows = findTestData(dataFile).getRowNumbers(): null

26-08-2024T22:19:43 - [TEST_STEP][PASSED] - println("Number of Records: " + numOfRows): null

26-08-2024T22:19:43 - [TEST_STEP][PASSED] - for ([row = 1, row <= numOfRows, (row++)]): Browser is closed

26-08-2024T22:19:43 - [TEST_STEP][PASSED] - ExecuteTC = findTestData(dataFile).getValue("Execute", row): null

26-08-2024T22:19:43 - [TEST_STEP][PASSED] - out.println("Value of Execute is : " + ExecuteTC): null

26-08-2024T22:19:43 - [TEST_STEP][PASSED] - if (ExecuteTC.equalsIgnoreCase("Y")): null

26-08-2024T22:19:43 - [TEST_STEP][PASSED] - out.println("Begin Record Number: " + row): null

26-08-2024T22:19:43 - [TEST_STEP][PASSED] - today = new java.util.Date(): null

26-08-2024T22:19:43 - [TEST_STEP][PASSED] - println(today): null

26-08-2024T22:19:43 - [TEST_STEP][PASSED] - datText = today: null

26-08-2024T22:19:43 - [TEST_STEP][PASSED] - EmulatorDataKey = findTestData(dataFile).getValue("EmulatorData", row): null

26-08-2024T22:19:43 - [TEST_STEP][PASSED] - out.println("Value of Emulator Key is : " + EmulatorDataKey): null

26-08-2024T22:19:43 - [TEST_STEP][PASSED] - iwpPages.emulatorIWP30.setDataEmulator_DD(EmulatorDataKey): iwpPages.emulatorIWP30.setDataEmulator_DD is PASSED

26-08-2024T22:19:43 - [MESSAGE][INFO] - Starting 'Edge Chromium' driver

26-08-2024T22:19:43 - [MESSAGE][INFO] - User set preference: ['acceptInsecureCerts', 'true']

26-08-2024T22:19:46 - [MESSAGE][INFO] - Action delay is set to 0 milliseconds

26-08-2024T22:19:49 - [MESSAGE][PASSED] - Browser is opened with url: 'https://qa2.velocitypayment.com/agency/config.do?action=editor&message_version=2_5'

26-08-2024T22:19:49 - [MESSAGE][PASSED] - Current window maximized

26-08-2024T22:19:50 - [MESSAGE][PASSED] - All options with value '2.5' are selected in object 'Object Repository/IWP30/Page_VRelay30Emulator/MV'  using regular expression

26-08-2024T22:19:51 - [MESSAGE][PASSED] - Text '10.50' is set on object 'Object Repository/IWP30/Page_VRelay30Emulator/Amount'

26-08-2024T22:19:52 - [MESSAGE][PASSED] - Text '26413414' is set on object 'Object Repository/IWP30/Page_VRelay30Emulator/CAN'

26-08-2024T22:19:52 - [MESSAGE][PASSED] - Text 'PayNow' is set on object 'Object Repository/IWP30/Page_VRelay30Emulator/Action'

26-08-2024T22:19:53 - [MESSAGE][PASSED] - Text 'en_US' is set on object 'Object Repository/IWP30/Page_VRelay30Emulator/Lang'

26-08-2024T22:19:54 - [MESSAGE][PASSED] - Text '' is set on object 'Object Repository/IWP30/Page_VRelay30Emulator/Fname'

26-08-2024T22:19:54 - [MESSAGE][PASSED] - Text '' is set on object 'Object Repository/IWP30/Page_VRelay30Emulator/Lname'

26-08-2024T22:19:55 - [MESSAGE][PASSED] - Text '' is set on object 'Object Repository/IWP30/Page_VRelay30Emulator/AL1'

26-08-2024T22:19:55 - [MESSAGE][PASSED] - Text '' is set on object 'Object Repository/IWP30/Page_VRelay30Emulator/AL2'

26-08-2024T22:19:56 - [MESSAGE][PASSED] - Text '' is set on object 'Object Repository/IWP30/Page_VRelay30Emulator/Country'

26-08-2024T22:19:56 - [MESSAGE][PASSED] - Text '' is set on object 'Object Repository/IWP30/Page_VRelay30Emulator/City'

26-08-2024T22:19:57 - [MESSAGE][PASSED] - Text '' is set on object 'Object Repository/IWP30/Page_VRelay30Emulator/State'

26-08-2024T22:19:58 - [MESSAGE][PASSED] - Text '' is set on object 'Object Repository/IWP30/Page_VRelay30Emulator/ZIP'

26-08-2024T22:19:58 - [MESSAGE][PASSED] - Text '' is set on object 'Object Repository/IWP30/Page_VRelay30Emulator/Order'

26-08-2024T22:19:59 - [MESSAGE][PASSED] - Text '' is set on object 'Object Repository/IWP30/Page_VRelay30Emulator/Company'

26-08-2024T22:19:59 - [MESSAGE][PASSED] - Text '' is set on object 'Object Repository/IWP30/Page_VRelay30Emulator/Email'

26-08-2024T22:20:00 - [MESSAGE][PASSED] - Text '' is set on object 'Object Repository/IWP30/Page_VRelay30Emulator/UDF1'

26-08-2024T22:20:01 - [MESSAGE][PASSED] - Text '' is set on object 'Object Repository/IWP30/Page_VRelay30Emulator/UDF2'

26-08-2024T22:20:01 - [MESSAGE][PASSED] - Text '' is set on object 'Object Repository/IWP30/Page_VRelay30Emulator/UDF3'

26-08-2024T22:20:02 - [MESSAGE][PASSED] - Text 'udf data 4' is set on object 'Object Repository/IWP30/Page_VRelay30Emulator/UDF4'

26-08-2024T22:20:02 - [MESSAGE][PASSED] - Text 'udf data 5' is set on object 'Object Repository/IWP30/Page_VRelay30Emulator/UDF5'

26-08-2024T22:20:03 - [MESSAGE][PASSED] - Text '' is set on object 'Object Repository/IWP30/Page_VRelay30Emulator/UDF6'

26-08-2024T22:20:04 - [MESSAGE][PASSED] - Text '' is set on object 'Object Repository/IWP30/Page_VRelay30Emulator/UDF7'

26-08-2024T22:20:04 - [MESSAGE][PASSED] - Text '' is set on object 'Object Repository/IWP30/Page_VRelay30Emulator/UDF8'

26-08-2024T22:20:05 - [MESSAGE][PASSED] - Text 'udf data 9' is set on object 'Object Repository/IWP30/Page_VRelay30Emulator/UDF9'

26-08-2024T22:20:05 - [MESSAGE][PASSED] - Text 'udf data 10' is set on object 'Object Repository/IWP30/Page_VRelay30Emulator/UDF10'

26-08-2024T22:20:06 - [MESSAGE][PASSED] - Object: 'Object Repository/IWP30/Page_VRelay30Emulator/Submit' is clicked on

26-08-2024T22:20:11 - [MESSAGE][PASSED] - Browser is closed

26-08-2024T22:20:15 - [MESSAGE][PASSED] - iwpPages.emulatorIWP30.setDataEmulator_DD is PASSED

26-08-2024T22:20:15 - [TEST_STEP][PASSED] - testHarnessURL = urlTestHarness: null

26-08-2024T22:20:15 - [TEST_STEP][PASSED] - openBrowser(testHarnessURL): Browser is opened with url: 'https://dev-algorithm.govolution.com/vrelaytest/QA2/version_2_2/vrelaytest.html'

26-08-2024T22:20:15 - [MESSAGE][INFO] - Starting 'Edge Chromium' driver

26-08-2024T22:20:15 - [MESSAGE][INFO] - User set preference: ['acceptInsecureCerts', 'true']

26-08-2024T22:20:17 - [MESSAGE][INFO] - Action delay is set to 0 milliseconds

26-08-2024T22:20:21 - [MESSAGE][PASSED] - Browser is opened with url: 'https://dev-algorithm.govolution.com/vrelaytest/QA2/version_2_2/vrelaytest.html'

26-08-2024T22:20:21 - [TEST_STEP][PASSED] - maximizeWindow(): Current window maximized

26-08-2024T22:20:21 - [MESSAGE][PASSED] - Current window maximized

26-08-2024T22:20:21 - [TEST_STEP][PASSED] - iwpPages.TestHarnessPage.setDataMethod(row, dataFile): iwpPages.TestHarnessPage.setDataMethod is PASSED

26-08-2024T22:20:21 - [MESSAGE][PASSED] - Object 'Object Repository/IWP30/Page_QATestHarness/RemittanceID' is present

26-08-2024T22:20:22 - [MESSAGE][PASSED] - Text '640' is set on object 'Object Repository/IWP30/Page_QATestHarness/ApplicationID'

26-08-2024T22:20:23 - [MESSAGE][PASSED] - Text '2.5' is set on object 'Object Repository/IWP30/Page_QATestHarness/MessageVersion'

26-08-2024T22:20:23 - [MESSAGE][PASSED] - Text 'Q38WVlL1U00V' is set on object 'Object Repository/IWP30/Page_QATestHarness/RemittanceID'

26-08-2024T22:20:26 - [MESSAGE][PASSED] - Object: 'Object Repository/IWP30/Page_QATestHarness/SubmitButton' is clicked on

26-08-2024T22:20:26 - [MESSAGE][PASSED] - iwpPages.TestHarnessPage.setDataMethod is PASSED

26-08-2024T22:20:26 - [TEST_STEP][PASSED] - click(findTestObject("Object Repository/IWP30/Page_SelectPaymentMethod/PayByCorporateCheck")): Object: 'Object Repository/IWP30/Page_SelectPaymentMethod/PayByCorporateCheck' is clicked on

26-08-2024T22:20:27 - [MESSAGE][PASSED] - Object: 'Object Repository/IWP30/Page_SelectPaymentMethod/PayByCorporateCheck' is clicked on

26-08-2024T22:20:27 - [TEST_STEP][PASSED] - click(findTestObject("Object Repository/IWP30/Page_SelectPaymentMethod/MakePaymentButton")): Object: 'Object Repository/IWP30/Page_SelectPaymentMethod/MakePaymentButton' is clicked on

26-08-2024T22:20:30 - [MESSAGE][PASSED] - Object: 'Object Repository/IWP30/Page_SelectPaymentMethod/MakePaymentButton' is clicked on

26-08-2024T22:20:30 - [TEST_STEP][PASSED] - iwpPages.achCorporatePaymentEntryPage.setDataCorporate(row, dataFile): iwpPages.achCorporatePaymentEntryPage.setDataCorporate is PASSED

26-08-2024T22:20:30 - [MESSAGE][PASSED] - Object 'Object Repository/IWP30/Page_ACHCorporatePaymentEntry/txt_accountNumber' is present

26-08-2024T22:20:31 - [MESSAGE][PASSED] - Object 'Object Repository/IWP30/Page_ACHCorporatePaymentEntry/input_CompanyName' is present

26-08-2024T22:20:31 - [MESSAGE][PASSED] - Text 'My Company' is set on object 'Object Repository/IWP30/Page_ACHCorporatePaymentEntry/input_CompanyName'

26-08-2024T22:20:31 - [MESSAGE][PASSED] - Object 'Object Repository/IWP30/Page_ACHCorporatePaymentEntry/input_EIN' is present

26-08-2024T22:20:32 - [MESSAGE][PASSED] - Text '123456789' is set on object 'Object Repository/IWP30/Page_ACHCorporatePaymentEntry/input_EIN'

26-08-2024T22:20:33 - [MESSAGE][PASSED] - Text '10.50' is set on object 'Object Repository/IWP30/Page_ACHCorporatePaymentEntry/txt_Amount'

26-08-2024T22:20:33 - [MESSAGE][PASSED] - Text 'udf data 2' is set on object 'Object Repository/IWP30/Page_ACHCorporatePaymentEntry/txt_UDF2'

26-08-2024T22:20:34 - [MESSAGE][PASSED] - Text 'udf data 3' is set on object 'Object Repository/IWP30/Page_ACHCorporatePaymentEntry/txt_UDF3'

26-08-2024T22:20:35 - [MESSAGE][PASSED] - All options with label 'Orange' are selected in object 'Object Repository/IWP30/Page_ACHCorporatePaymentEntry/dd_UDF7' 

26-08-2024T22:20:35 - [MESSAGE][PASSED] - All options with label 'Soccer' are selected in object 'Object Repository/IWP30/Page_ACHCorporatePaymentEntry/dd_UDF8' 

26-08-2024T22:20:35 - [MESSAGE][PASSED] - Object 'Object Repository/IWP30/Page_ACHCorporatePaymentEntry/txt_routingNumber' is present

26-08-2024T22:20:36 - [MESSAGE][PASSED] - Text '256072691' is set on object 'Object Repository/IWP30/Page_ACHCorporatePaymentEntry/txt_routingNumber'

26-08-2024T22:20:36 - [MESSAGE][PASSED] - Object 'Object Repository/IWP30/Page_ACHCorporatePaymentEntry/txt_accountNumber' is present

26-08-2024T22:20:37 - [MESSAGE][PASSED] - Text '12344444' is set on object 'Object Repository/IWP30/Page_ACHCorporatePaymentEntry/txt_accountNumber'

26-08-2024T22:20:38 - [MESSAGE][PASSED] - Object 'Object Repository/IWP30/Page_ACHCorporatePaymentEntry/txt_confirmAccountNumber' is present

26-08-2024T22:20:38 - [MESSAGE][PASSED] - Text '12344444' is set on object 'Object Repository/IWP30/Page_ACHCorporatePaymentEntry/txt_confirmAccountNumber'

26-08-2024T22:20:39 - [MESSAGE][PASSED] - Text '365 Main Avenue' is set on object 'Object Repository/IWP30/Page_ACHCorporatePaymentEntry/txt_AL1'

26-08-2024T22:20:39 - [MESSAGE][PASSED] - Text '22201' is set on object 'Object Repository/IWP30/Page_ACHCorporatePaymentEntry/txt_ZIP'

26-08-2024T22:20:40 - [MESSAGE][PASSED] - Object 'Object Repository/IWP30/Page_ACHCorporatePaymentEntry/txt_Email' is present

26-08-2024T22:20:41 - [MESSAGE][PASSED] - Text 'iahmed@govolution.com' is set on object 'Object Repository/IWP30/Page_ACHCorporatePaymentEntry/txt_Email'

26-08-2024T22:20:41 - [MESSAGE][PASSED] - Object 'Object Repository/IWP30/Page_ACHCorporatePaymentEntry/cb_TermsAndCond' is present

26-08-2024T22:20:42 - [MESSAGE][PASSED] - Object: 'Object Repository/IWP30/Page_ACHCorporatePaymentEntry/cb_TermsAndCond' is clicked on

26-08-2024T22:20:42 - [MESSAGE][PASSED] - Object 'Object Repository/IWP30/Page_ACHCorporatePaymentEntry/btn_Continue' is present

26-08-2024T22:20:43 - [MESSAGE][PASSED] - Object: 'Object Repository/IWP30/Page_ACHCorporatePaymentEntry/btn_Continue' is clicked on

26-08-2024T22:20:43 - [MESSAGE][PASSED] - iwpPages.achCorporatePaymentEntryPage.setDataCorporate is PASSED

26-08-2024T22:20:43 - [TEST_STEP][PASSED] - click(findTestObject("Object Repository/IWP30/Page_Confirmation/ConfirmButton")): Object: 'Object Repository/IWP30/Page_Confirmation/ConfirmButton' is clicked on

26-08-2024T22:20:45 - [MESSAGE][PASSED] - Object: 'Object Repository/IWP30/Page_Confirmation/ConfirmButton' is clicked on

26-08-2024T22:20:45 - [TEST_STEP][PASSED] - Thread.sleep(5000): null

26-08-2024T22:20:50 - [TEST_STEP][PASSED] - println("I am on real estate page"): null

26-08-2024T22:20:50 - [TEST_STEP][PASSED] - if (verifyTextPresent("Make a Real Estate Payment", false)): null

26-08-2024T22:20:50 - [MESSAGE][PASSED] - Text 'Make a Real Estate Payment' is present on page 

26-08-2024T22:20:50 - [TEST_STEP][PASSED] - isRequiredTextPresent = true: null

26-08-2024T22:20:50 - [TEST_STEP][PASSED] - println(isRequiredTextPresent): null

26-08-2024T22:20:50 - [TEST_STEP][PASSED] - if (isRequiredTextPresent): null

26-08-2024T22:20:50 - [TEST_STEP][PASSED] - if (verifyTextPresent("This transaction is subject to a Convenience Fees of $2.00.", false)): null

26-08-2024T22:20:51 - [MESSAGE][PASSED] - Text 'This transaction is subject to a Convenience Fees of $2.00.' is present on page 

26-08-2024T22:20:51 - [TEST_STEP][PASSED] - isRequiredTextPresent = true: null

26-08-2024T22:20:51 - [TEST_STEP][PASSED] - println(isRequiredTextPresent): null

26-08-2024T22:20:51 - [TEST_STEP][PASSED] - if (isRequiredTextPresent): null

26-08-2024T22:20:51 - [TEST_STEP][PASSED] - if (verifyTextPresent("Payment Amount:  $10.50", false)): null

26-08-2024T22:20:51 - [MESSAGE][PASSED] - Text 'Payment Amount:  $10.50' is present on page 

26-08-2024T22:20:51 - [TEST_STEP][PASSED] - isRequiredTextPresent = true: null

26-08-2024T22:20:51 - [TEST_STEP][PASSED] - if (isRequiredTextPresent): null

26-08-2024T22:20:51 - [TEST_STEP][PASSED] - if (verifyTextPresent("Convenience Fees:  $2.00", false)): null

26-08-2024T22:20:51 - [MESSAGE][PASSED] - Text 'Convenience Fees:  $2.00' is present on page 

26-08-2024T22:20:51 - [TEST_STEP][PASSED] - isRequiredTextPresent = true: null

26-08-2024T22:20:51 - [TEST_STEP][PASSED] - if (isRequiredTextPresent): null

26-08-2024T22:20:51 - [TEST_STEP][PASSED] - if (verifyTextPresent("Total Amount:  $12.50", false)): null

26-08-2024T22:20:51 - [MESSAGE][PASSED] - Text 'Total Amount:  $12.50' is present on page 

26-08-2024T22:20:51 - [TEST_STEP][PASSED] - isRequiredTextPresent = true: null

26-08-2024T22:20:51 - [TEST_STEP][PASSED] - if (isRequiredTextPresent): null

26-08-2024T22:20:51 - [TEST_STEP][PASSED] - if (verifyTextPresent("Two transactions will appear on your bank statement, one in the amount of $10.50 and one in the amount of $2.00.", false)): null

26-08-2024T22:20:52 - [MESSAGE][PASSED] - Text 'Two transactions will appear on your bank statement, one in the amount of $10.50 and one in the amount of $2.00.' is present on page 

26-08-2024T22:20:52 - [TEST_STEP][PASSED] - isRequiredTextPresent = true: null

26-08-2024T22:20:52 - [TEST_STEP][PASSED] - Thread.sleep(10000): null

26-08-2024T22:21:02 - [TEST_STEP][PASSED] - click(findTestObject("Object Repository/IWP30/Page_ConvenienceFees/btn_convFeeNotifyAction")): Object: 'Object Repository/IWP30/Page_ConvenienceFees/btn_convFeeNotifyAction' is clicked on

26-08-2024T22:21:04 - [MESSAGE][PASSED] - Object: 'Object Repository/IWP30/Page_ConvenienceFees/btn_convFeeNotifyAction' is clicked on

26-08-2024T22:21:04 - [TEST_STEP][PASSED] - Thread.sleep(10000): null

26-08-2024T22:21:14 - [TEST_STEP][PASSED] - if (verifyTextPresent("Successful Payment Receipt", false)): null

26-08-2024T22:21:14 - [MESSAGE][PASSED] - Text 'Successful Payment Receipt' is present on page 

26-08-2024T22:21:14 - [TEST_STEP][PASSED] - println("Successful Payment Receipt text is present on the Receipt page"): null

26-08-2024T22:21:14 - [TEST_STEP][PASSED] - markPassed("Successful Payment Receipt text is present on the Receipt page"): Successful Payment Receipt text is present on the Receipt page

26-08-2024T22:21:14 - [MESSAGE][PASSED] - Successful Payment Receipt text is present on the Receipt page

26-08-2024T22:21:14 - [TEST_STEP][PASSED] - resText = "Pass": null

26-08-2024T22:21:14 - [TEST_STEP][PASSED] - pages.WriteExcel.demoKey(resText, datText, resColumn, datCloumn, fileLoc, nameSheet, row): pages.WriteExcel.demoKey is PASSED

26-08-2024T22:21:14 - [MESSAGE][PASSED] - pages.WriteExcel.demoKey is PASSED

26-08-2024T22:21:14 - [TEST_STEP][PASSED] - closeBrowser(): Browser is closed

26-08-2024T22:21:14 - [MESSAGE][PASSED] - Browser is closed

26-08-2024T22:21:14 - [TEST_STEP][PASSED] - ExecuteTC = findTestData(dataFile).getValue("Execute", row): null

26-08-2024T22:21:14 - [TEST_STEP][PASSED] - out.println("Value of Execute is : " + ExecuteTC): null

26-08-2024T22:21:14 - [TEST_STEP][PASSED] - if (ExecuteTC.equalsIgnoreCase("Y")): null

26-08-2024T22:21:14 - [TEST_STEP][PASSED] - out.println("Begin Record Number: " + row): null

26-08-2024T22:21:14 - [TEST_STEP][PASSED] - today = new java.util.Date(): null

26-08-2024T22:21:14 - [TEST_STEP][PASSED] - println(today): null

26-08-2024T22:21:14 - [TEST_STEP][PASSED] - datText = today: null

26-08-2024T22:21:14 - [TEST_STEP][PASSED] - EmulatorDataKey = findTestData(dataFile).getValue("EmulatorData", row): null

26-08-2024T22:21:14 - [TEST_STEP][PASSED] - out.println("Value of Emulator Key is : " + EmulatorDataKey): null

26-08-2024T22:21:14 - [TEST_STEP][PASSED] - iwpPages.emulatorIWP30.setDataEmulator_DD(EmulatorDataKey): iwpPages.emulatorIWP30.setDataEmulator_DD is PASSED

26-08-2024T22:21:15 - [MESSAGE][INFO] - Starting 'Edge Chromium' driver

26-08-2024T22:21:15 - [MESSAGE][INFO] - User set preference: ['acceptInsecureCerts', 'true']

26-08-2024T22:21:17 - [MESSAGE][INFO] - Action delay is set to 0 milliseconds

26-08-2024T22:21:21 - [MESSAGE][PASSED] - Browser is opened with url: 'https://qa2.velocitypayment.com/agency/config.do?action=editor&message_version=2_5'

26-08-2024T22:21:21 - [MESSAGE][PASSED] - Current window maximized

26-08-2024T22:21:22 - [MESSAGE][PASSED] - All options with value '2.5' are selected in object 'Object Repository/IWP30/Page_VRelay30Emulator/MV'  using regular expression

26-08-2024T22:21:23 - [MESSAGE][PASSED] - Text '10.50' is set on object 'Object Repository/IWP30/Page_VRelay30Emulator/Amount'

26-08-2024T22:21:23 - [MESSAGE][PASSED] - Text '26413255' is set on object 'Object Repository/IWP30/Page_VRelay30Emulator/CAN'

26-08-2024T22:21:24 - [MESSAGE][PASSED] - Text 'PayNow' is set on object 'Object Repository/IWP30/Page_VRelay30Emulator/Action'

26-08-2024T22:21:25 - [MESSAGE][PASSED] - Text 'en_US' is set on object 'Object Repository/IWP30/Page_VRelay30Emulator/Lang'

26-08-2024T22:21:25 - [MESSAGE][PASSED] - Text 'Jasmine' is set on object 'Object Repository/IWP30/Page_VRelay30Emulator/Fname'

26-08-2024T22:21:26 - [MESSAGE][PASSED] - Text 'Patrinol' is set on object 'Object Repository/IWP30/Page_VRelay30Emulator/Lname'

26-08-2024T22:21:26 - [MESSAGE][PASSED] - Text '258 Underwood rd' is set on object 'Object Repository/IWP30/Page_VRelay30Emulator/AL1'

26-08-2024T22:21:27 - [MESSAGE][PASSED] - Text 'Suite 600' is set on object 'Object Repository/IWP30/Page_VRelay30Emulator/AL2'

26-08-2024T22:21:28 - [MESSAGE][PASSED] - Text '840' is set on object 'Object Repository/IWP30/Page_VRelay30Emulator/Country'

26-08-2024T22:21:28 - [MESSAGE][PASSED] - Text 'Arlington' is set on object 'Object Repository/IWP30/Page_VRelay30Emulator/City'

26-08-2024T22:21:29 - [MESSAGE][PASSED] - Text 'VA' is set on object 'Object Repository/IWP30/Page_VRelay30Emulator/State'

26-08-2024T22:21:29 - [MESSAGE][PASSED] - Text '22201' is set on object 'Object Repository/IWP30/Page_VRelay30Emulator/ZIP'

26-08-2024T22:21:30 - [MESSAGE][PASSED] - Text '' is set on object 'Object Repository/IWP30/Page_VRelay30Emulator/Order'

26-08-2024T22:21:31 - [MESSAGE][PASSED] - Text 'Some Company' is set on object 'Object Repository/IWP30/Page_VRelay30Emulator/Company'

26-08-2024T22:21:31 - [MESSAGE][PASSED] - Text 'iahmed@govolution.com' is set on object 'Object Repository/IWP30/Page_VRelay30Emulator/Email'

26-08-2024T22:21:32 - [MESSAGE][PASSED] - Text 'udf data 1' is set on object 'Object Repository/IWP30/Page_VRelay30Emulator/UDF1'

26-08-2024T22:21:32 - [MESSAGE][PASSED] - Text 'udf data 2' is set on object 'Object Repository/IWP30/Page_VRelay30Emulator/UDF2'

26-08-2024T22:21:33 - [MESSAGE][PASSED] - Text 'udf data 3' is set on object 'Object Repository/IWP30/Page_VRelay30Emulator/UDF3'

26-08-2024T22:21:34 - [MESSAGE][PASSED] - Text 'udf data 4' is set on object 'Object Repository/IWP30/Page_VRelay30Emulator/UDF4'

26-08-2024T22:21:34 - [MESSAGE][PASSED] - Text 'udf data 5' is set on object 'Object Repository/IWP30/Page_VRelay30Emulator/UDF5'

26-08-2024T22:21:35 - [MESSAGE][PASSED] - Text 'udf data 6' is set on object 'Object Repository/IWP30/Page_VRelay30Emulator/UDF6'

26-08-2024T22:21:35 - [MESSAGE][PASSED] - Text 'Orange' is set on object 'Object Repository/IWP30/Page_VRelay30Emulator/UDF7'

26-08-2024T22:21:36 - [MESSAGE][PASSED] - Text 'Soccer' is set on object 'Object Repository/IWP30/Page_VRelay30Emulator/UDF8'

26-08-2024T22:21:37 - [MESSAGE][PASSED] - Text 'udf data 9' is set on object 'Object Repository/IWP30/Page_VRelay30Emulator/UDF9'

26-08-2024T22:21:37 - [MESSAGE][PASSED] - Text 'udf data 10' is set on object 'Object Repository/IWP30/Page_VRelay30Emulator/UDF10'

26-08-2024T22:21:38 - [MESSAGE][PASSED] - Object: 'Object Repository/IWP30/Page_VRelay30Emulator/Submit' is clicked on

26-08-2024T22:21:43 - [MESSAGE][PASSED] - Browser is closed

26-08-2024T22:21:47 - [MESSAGE][PASSED] - iwpPages.emulatorIWP30.setDataEmulator_DD is PASSED

26-08-2024T22:21:47 - [TEST_STEP][PASSED] - testHarnessURL = urlTestHarness: null

26-08-2024T22:21:47 - [TEST_STEP][PASSED] - openBrowser(testHarnessURL): Browser is opened with url: 'https://dev-algorithm.govolution.com/vrelaytest/QA2/version_2_2/vrelaytest.html'

26-08-2024T22:21:47 - [MESSAGE][INFO] - Starting 'Edge Chromium' driver

26-08-2024T22:21:47 - [MESSAGE][INFO] - User set preference: ['acceptInsecureCerts', 'true']

26-08-2024T22:21:49 - [MESSAGE][INFO] - Action delay is set to 0 milliseconds

26-08-2024T22:21:53 - [MESSAGE][PASSED] - Browser is opened with url: 'https://dev-algorithm.govolution.com/vrelaytest/QA2/version_2_2/vrelaytest.html'

26-08-2024T22:21:53 - [TEST_STEP][PASSED] - maximizeWindow(): Current window maximized

26-08-2024T22:21:53 - [MESSAGE][PASSED] - Current window maximized

26-08-2024T22:21:53 - [TEST_STEP][PASSED] - iwpPages.TestHarnessPage.setDataMethod(row, dataFile): iwpPages.TestHarnessPage.setDataMethod is PASSED

26-08-2024T22:21:53 - [MESSAGE][PASSED] - Object 'Object Repository/IWP30/Page_QATestHarness/RemittanceID' is present

26-08-2024T22:21:54 - [MESSAGE][PASSED] - Text '640' is set on object 'Object Repository/IWP30/Page_QATestHarness/ApplicationID'

26-08-2024T22:21:55 - [MESSAGE][PASSED] - Text '2.5' is set on object 'Object Repository/IWP30/Page_QATestHarness/MessageVersion'

26-08-2024T22:21:55 - [MESSAGE][PASSED] - Text 'UEV9fLue3K5G' is set on object 'Object Repository/IWP30/Page_QATestHarness/RemittanceID'

26-08-2024T22:21:59 - [MESSAGE][PASSED] - Object: 'Object Repository/IWP30/Page_QATestHarness/SubmitButton' is clicked on

26-08-2024T22:21:59 - [MESSAGE][PASSED] - iwpPages.TestHarnessPage.setDataMethod is PASSED

26-08-2024T22:21:59 - [TEST_STEP][PASSED] - click(findTestObject("Object Repository/IWP30/Page_SelectPaymentMethod/PayByCorporateCheck")): Object: 'Object Repository/IWP30/Page_SelectPaymentMethod/PayByCorporateCheck' is clicked on

26-08-2024T22:22:00 - [MESSAGE][PASSED] - Object: 'Object Repository/IWP30/Page_SelectPaymentMethod/PayByCorporateCheck' is clicked on

26-08-2024T22:22:00 - [TEST_STEP][PASSED] - click(findTestObject("Object Repository/IWP30/Page_SelectPaymentMethod/MakePaymentButton")): Object: 'Object Repository/IWP30/Page_SelectPaymentMethod/MakePaymentButton' is clicked on

26-08-2024T22:22:03 - [MESSAGE][PASSED] - Object: 'Object Repository/IWP30/Page_SelectPaymentMethod/MakePaymentButton' is clicked on

26-08-2024T22:22:03 - [TEST_STEP][PASSED] - iwpPages.achCorporatePaymentEntryPage.setDataCorporate(row, dataFile): iwpPages.achCorporatePaymentEntryPage.setDataCorporate is PASSED

26-08-2024T22:22:03 - [MESSAGE][PASSED] - Object 'Object Repository/IWP30/Page_ACHCorporatePaymentEntry/txt_accountNumber' is present

26-08-2024T22:22:04 - [MESSAGE][PASSED] - Object 'Object Repository/IWP30/Page_ACHCorporatePaymentEntry/input_CompanyName' is present

26-08-2024T22:22:04 - [MESSAGE][PASSED] - Object 'Object Repository/IWP30/Page_ACHCorporatePaymentEntry/input_EIN' is present

26-08-2024T22:22:05 - [MESSAGE][PASSED] - Text '123456789' is set on object 'Object Repository/IWP30/Page_ACHCorporatePaymentEntry/input_EIN'

26-08-2024T22:22:05 - [MESSAGE][PASSED] - All options with label 'Soccer' are selected in object 'Object Repository/IWP30/Page_ACHCorporatePaymentEntry/dd_UDF8' 

26-08-2024T22:22:05 - [MESSAGE][PASSED] - Object 'Object Repository/IWP30/Page_ACHCorporatePaymentEntry/txt_routingNumber' is present

26-08-2024T22:22:06 - [MESSAGE][PASSED] - Text '256072691' is set on object 'Object Repository/IWP30/Page_ACHCorporatePaymentEntry/txt_routingNumber'

26-08-2024T22:22:06 - [MESSAGE][PASSED] - Object 'Object Repository/IWP30/Page_ACHCorporatePaymentEntry/txt_accountNumber' is present

26-08-2024T22:22:08 - [MESSAGE][PASSED] - Text '12344444' is set on object 'Object Repository/IWP30/Page_ACHCorporatePaymentEntry/txt_accountNumber'

26-08-2024T22:22:08 - [MESSAGE][PASSED] - Object 'Object Repository/IWP30/Page_ACHCorporatePaymentEntry/txt_confirmAccountNumber' is present

26-08-2024T22:22:09 - [MESSAGE][PASSED] - Text '12344444' is set on object 'Object Repository/IWP30/Page_ACHCorporatePaymentEntry/txt_confirmAccountNumber'

26-08-2024T22:22:09 - [MESSAGE][PASSED] - Object 'Object Repository/IWP30/Page_ACHCorporatePaymentEntry/txt_Email' is present

26-08-2024T22:22:09 - [MESSAGE][PASSED] - Object 'Object Repository/IWP30/Page_ACHCorporatePaymentEntry/cb_TermsAndCond' is present

26-08-2024T22:22:09 - [MESSAGE][PASSED] - Object: 'Object Repository/IWP30/Page_ACHCorporatePaymentEntry/cb_TermsAndCond' is clicked on

26-08-2024T22:22:10 - [MESSAGE][PASSED] - Object 'Object Repository/IWP30/Page_ACHCorporatePaymentEntry/btn_Continue' is present

26-08-2024T22:22:11 - [MESSAGE][PASSED] - Object: 'Object Repository/IWP30/Page_ACHCorporatePaymentEntry/btn_Continue' is clicked on

26-08-2024T22:22:11 - [MESSAGE][PASSED] - iwpPages.achCorporatePaymentEntryPage.setDataCorporate is PASSED

26-08-2024T22:22:11 - [TEST_STEP][PASSED] - click(findTestObject("Object Repository/IWP30/Page_Confirmation/ConfirmButton")): Object: 'Object Repository/IWP30/Page_Confirmation/ConfirmButton' is clicked on

26-08-2024T22:22:13 - [MESSAGE][PASSED] - Object: 'Object Repository/IWP30/Page_Confirmation/ConfirmButton' is clicked on

26-08-2024T22:22:13 - [TEST_STEP][PASSED] - Thread.sleep(5000): null

26-08-2024T22:22:18 - [TEST_STEP][PASSED] - println("I am on real estate page"): null

26-08-2024T22:22:18 - [TEST_STEP][PASSED] - if (verifyTextPresent("Make a Real Estate Payment", false)): null

26-08-2024T22:22:19 - [MESSAGE][PASSED] - Text 'Make a Real Estate Payment' is present on page 

26-08-2024T22:22:19 - [TEST_STEP][PASSED] - isRequiredTextPresent = true: null

26-08-2024T22:22:19 - [TEST_STEP][PASSED] - println(isRequiredTextPresent): null

26-08-2024T22:22:19 - [TEST_STEP][PASSED] - if (isRequiredTextPresent): null

26-08-2024T22:22:19 - [TEST_STEP][PASSED] - if (verifyTextPresent("This transaction is subject to a Convenience Fees of $2.00.", false)): null

26-08-2024T22:22:19 - [MESSAGE][PASSED] - Text 'This transaction is subject to a Convenience Fees of $2.00.' is present on page 

26-08-2024T22:22:19 - [TEST_STEP][PASSED] - isRequiredTextPresent = true: null

26-08-2024T22:22:19 - [TEST_STEP][PASSED] - println(isRequiredTextPresent): null

26-08-2024T22:22:19 - [TEST_STEP][PASSED] - if (isRequiredTextPresent): null

26-08-2024T22:22:19 - [TEST_STEP][PASSED] - if (verifyTextPresent("Payment Amount:  $10.50", false)): null

26-08-2024T22:22:19 - [MESSAGE][PASSED] - Text 'Payment Amount:  $10.50' is present on page 

26-08-2024T22:22:19 - [TEST_STEP][PASSED] - isRequiredTextPresent = true: null

26-08-2024T22:22:19 - [TEST_STEP][PASSED] - if (isRequiredTextPresent): null

26-08-2024T22:22:19 - [TEST_STEP][PASSED] - if (verifyTextPresent("Convenience Fees:  $2.00", false)): null

26-08-2024T22:22:19 - [MESSAGE][PASSED] - Text 'Convenience Fees:  $2.00' is present on page 

26-08-2024T22:22:19 - [TEST_STEP][PASSED] - isRequiredTextPresent = true: null

26-08-2024T22:22:19 - [TEST_STEP][PASSED] - if (isRequiredTextPresent): null

26-08-2024T22:22:19 - [TEST_STEP][PASSED] - if (verifyTextPresent("Total Amount:  $12.50", false)): null

26-08-2024T22:22:20 - [MESSAGE][PASSED] - Text 'Total Amount:  $12.50' is present on page 

26-08-2024T22:22:20 - [TEST_STEP][PASSED] - isRequiredTextPresent = true: null

26-08-2024T22:22:20 - [TEST_STEP][PASSED] - if (isRequiredTextPresent): null

26-08-2024T22:22:20 - [TEST_STEP][PASSED] - if (verifyTextPresent("Two transactions will appear on your bank statement, one in the amount of $10.50 and one in the amount of $2.00.", false)): null

26-08-2024T22:22:20 - [MESSAGE][PASSED] - Text 'Two transactions will appear on your bank statement, one in the amount of $10.50 and one in the amount of $2.00.' is present on page 

26-08-2024T22:22:20 - [TEST_STEP][PASSED] - isRequiredTextPresent = true: null

26-08-2024T22:22:20 - [TEST_STEP][PASSED] - Thread.sleep(10000): null

26-08-2024T22:22:30 - [TEST_STEP][PASSED] - click(findTestObject("Object Repository/IWP30/Page_ConvenienceFees/btn_convFeeNotifyAction")): Object: 'Object Repository/IWP30/Page_ConvenienceFees/btn_convFeeNotifyAction' is clicked on

26-08-2024T22:22:32 - [MESSAGE][PASSED] - Object: 'Object Repository/IWP30/Page_ConvenienceFees/btn_convFeeNotifyAction' is clicked on

26-08-2024T22:22:32 - [TEST_STEP][PASSED] - Thread.sleep(10000): null

26-08-2024T22:22:42 - [TEST_STEP][PASSED] - if (verifyTextPresent("Successful Payment Receipt", false)): null

26-08-2024T22:22:43 - [MESSAGE][PASSED] - Text 'Successful Payment Receipt' is present on page 

26-08-2024T22:22:43 - [TEST_STEP][PASSED] - println("Successful Payment Receipt text is present on the Receipt page"): null

26-08-2024T22:22:43 - [TEST_STEP][PASSED] - markPassed("Successful Payment Receipt text is present on the Receipt page"): Successful Payment Receipt text is present on the Receipt page

26-08-2024T22:22:43 - [MESSAGE][PASSED] - Successful Payment Receipt text is present on the Receipt page

26-08-2024T22:22:43 - [TEST_STEP][PASSED] - resText = "Pass": null

26-08-2024T22:22:43 - [TEST_STEP][PASSED] - pages.WriteExcel.demoKey(resText, datText, resColumn, datCloumn, fileLoc, nameSheet, row): pages.WriteExcel.demoKey is PASSED

26-08-2024T22:22:43 - [MESSAGE][PASSED] - pages.WriteExcel.demoKey is PASSED

26-08-2024T22:22:43 - [TEST_STEP][PASSED] - closeBrowser(): Browser is closed

26-08-2024T22:22:43 - [MESSAGE][PASSED] - Browser is closed]]></system-out>
         <system-err><![CDATA[]]></system-err>
      </testcase>
      <testcase name="Test Cases/IntegratedWeb/IWP25/Payments/PayNowCorporate" time="214.79" classname="Test Cases/IntegratedWeb/IWP25/Payments/PayNowCorporate" status="PASSED">
         <system-out><![CDATA[26-08-2024T22:22:43 - [TEST_CASE][PASSED] - Test Cases/IntegratedWeb/IWP25/Payments/PayNowCorporate: Test Cases/IntegratedWeb/IWP25/Payments/PayNowCorporate

26-08-2024T22:22:43 - [TEST_STEP][PASSED] - resText = "Fail": null

26-08-2024T22:22:43 - [TEST_STEP][PASSED] - resColumn = "Result": null

26-08-2024T22:22:43 - [TEST_STEP][PASSED] - datCloumn = "Date": null

26-08-2024T22:22:43 - [TEST_STEP][PASSED] - fileLoc = "KatalonData/IWPTestData/VRelay25Payments.xlsx": null

26-08-2024T22:22:43 - [TEST_STEP][PASSED] - numOfRows = <not implemented yet for class: org.codehaus.groovy.ast.expr.EmptyExpression>: null

26-08-2024T22:22:43 - [TEST_STEP][PASSED] - dataFile = <not implemented yet for class: org.codehaus.groovy.ast.expr.EmptyExpression>: null

26-08-2024T22:22:43 - [TEST_STEP][PASSED] - nameSheet = <not implemented yet for class: org.codehaus.groovy.ast.expr.EmptyExpression>: null

26-08-2024T22:22:43 - [TEST_STEP][PASSED] - dataFileEmulator = <not implemented yet for class: org.codehaus.groovy.ast.expr.EmptyExpression>: null

26-08-2024T22:22:43 - [TEST_STEP][PASSED] - nameSheet = "PayNowCorp": null

26-08-2024T22:22:43 - [TEST_STEP][PASSED] - dataFile = "IWPTestData/IWP25PayNowCorp": null

26-08-2024T22:22:43 - [TEST_STEP][PASSED] - dataFileEmulator = "IWPTestData/EmulatorData": null

26-08-2024T22:22:43 - [TEST_STEP][PASSED] - numOfRows = findTestData(dataFile).getRowNumbers(): null

26-08-2024T22:22:43 - [TEST_STEP][PASSED] - println("Number of Records: " + numOfRows): null

26-08-2024T22:22:43 - [TEST_STEP][PASSED] - for ([row = 1, row <= numOfRows, (row++)]): Browser is closed

26-08-2024T22:22:43 - [TEST_STEP][PASSED] - ExecuteTC = findTestData(dataFile).getValue("Execute", row): null

26-08-2024T22:22:44 - [TEST_STEP][PASSED] - out.println("Value of Execute is : " + ExecuteTC): null

26-08-2024T22:22:44 - [TEST_STEP][PASSED] - if (ExecuteTC.equalsIgnoreCase("Y")): null

26-08-2024T22:22:44 - [TEST_STEP][PASSED] - out.println("Begin Record Number: " + row): null

26-08-2024T22:22:44 - [TEST_STEP][PASSED] - today = new java.util.Date(): null

26-08-2024T22:22:44 - [TEST_STEP][PASSED] - println(today): null

26-08-2024T22:22:44 - [TEST_STEP][PASSED] - datText = today: null

26-08-2024T22:22:44 - [TEST_STEP][PASSED] - EmulatorDataKey = findTestData(dataFile).getValue("EmulatorData", row): null

26-08-2024T22:22:44 - [TEST_STEP][PASSED] - out.println("Value of Emulator Key is : " + EmulatorDataKey): null

26-08-2024T22:22:44 - [TEST_STEP][PASSED] - iwpPages.emulatorIWP30.setDataEmulator_DD(EmulatorDataKey): iwpPages.emulatorIWP30.setDataEmulator_DD is PASSED

26-08-2024T22:22:44 - [MESSAGE][INFO] - Starting 'Edge Chromium' driver

26-08-2024T22:22:44 - [MESSAGE][INFO] - User set preference: ['acceptInsecureCerts', 'true']

26-08-2024T22:22:46 - [MESSAGE][INFO] - Action delay is set to 0 milliseconds

26-08-2024T22:22:49 - [MESSAGE][PASSED] - Browser is opened with url: 'https://qa2.velocitypayment.com/agency/config.do?action=editor&message_version=2_5'

26-08-2024T22:22:49 - [MESSAGE][PASSED] - Current window maximized

26-08-2024T22:22:50 - [MESSAGE][PASSED] - All options with value '2.5' are selected in object 'Object Repository/IWP30/Page_VRelay30Emulator/MV'  using regular expression

26-08-2024T22:22:51 - [MESSAGE][PASSED] - Text '10.50' is set on object 'Object Repository/IWP30/Page_VRelay30Emulator/Amount'

26-08-2024T22:22:52 - [MESSAGE][PASSED] - Text '26413414' is set on object 'Object Repository/IWP30/Page_VRelay30Emulator/CAN'

26-08-2024T22:22:52 - [MESSAGE][PASSED] - Text 'PayNow' is set on object 'Object Repository/IWP30/Page_VRelay30Emulator/Action'

26-08-2024T22:22:53 - [MESSAGE][PASSED] - Text 'en_US' is set on object 'Object Repository/IWP30/Page_VRelay30Emulator/Lang'

26-08-2024T22:22:54 - [MESSAGE][PASSED] - Text '' is set on object 'Object Repository/IWP30/Page_VRelay30Emulator/Fname'

26-08-2024T22:22:54 - [MESSAGE][PASSED] - Text '' is set on object 'Object Repository/IWP30/Page_VRelay30Emulator/Lname'

26-08-2024T22:22:55 - [MESSAGE][PASSED] - Text '' is set on object 'Object Repository/IWP30/Page_VRelay30Emulator/AL1'

26-08-2024T22:22:55 - [MESSAGE][PASSED] - Text '' is set on object 'Object Repository/IWP30/Page_VRelay30Emulator/AL2'

26-08-2024T22:22:56 - [MESSAGE][PASSED] - Text '' is set on object 'Object Repository/IWP30/Page_VRelay30Emulator/Country'

26-08-2024T22:22:57 - [MESSAGE][PASSED] - Text '' is set on object 'Object Repository/IWP30/Page_VRelay30Emulator/City'

26-08-2024T22:22:57 - [MESSAGE][PASSED] - Text '' is set on object 'Object Repository/IWP30/Page_VRelay30Emulator/State'

26-08-2024T22:22:58 - [MESSAGE][PASSED] - Text '' is set on object 'Object Repository/IWP30/Page_VRelay30Emulator/ZIP'

26-08-2024T22:22:58 - [MESSAGE][PASSED] - Text '' is set on object 'Object Repository/IWP30/Page_VRelay30Emulator/Order'

26-08-2024T22:22:59 - [MESSAGE][PASSED] - Text '' is set on object 'Object Repository/IWP30/Page_VRelay30Emulator/Company'

26-08-2024T22:23:00 - [MESSAGE][PASSED] - Text '' is set on object 'Object Repository/IWP30/Page_VRelay30Emulator/Email'

26-08-2024T22:23:00 - [MESSAGE][PASSED] - Text '' is set on object 'Object Repository/IWP30/Page_VRelay30Emulator/UDF1'

26-08-2024T22:23:01 - [MESSAGE][PASSED] - Text '' is set on object 'Object Repository/IWP30/Page_VRelay30Emulator/UDF2'

26-08-2024T22:23:01 - [MESSAGE][PASSED] - Text '' is set on object 'Object Repository/IWP30/Page_VRelay30Emulator/UDF3'

26-08-2024T22:23:02 - [MESSAGE][PASSED] - Text 'udf data 4' is set on object 'Object Repository/IWP30/Page_VRelay30Emulator/UDF4'

26-08-2024T22:23:03 - [MESSAGE][PASSED] - Text 'udf data 5' is set on object 'Object Repository/IWP30/Page_VRelay30Emulator/UDF5'

26-08-2024T22:23:03 - [MESSAGE][PASSED] - Text '' is set on object 'Object Repository/IWP30/Page_VRelay30Emulator/UDF6'

26-08-2024T22:23:04 - [MESSAGE][PASSED] - Text '' is set on object 'Object Repository/IWP30/Page_VRelay30Emulator/UDF7'

26-08-2024T22:23:04 - [MESSAGE][PASSED] - Text '' is set on object 'Object Repository/IWP30/Page_VRelay30Emulator/UDF8'

26-08-2024T22:23:05 - [MESSAGE][PASSED] - Text 'udf data 9' is set on object 'Object Repository/IWP30/Page_VRelay30Emulator/UDF9'

26-08-2024T22:23:06 - [MESSAGE][PASSED] - Text 'udf data 10' is set on object 'Object Repository/IWP30/Page_VRelay30Emulator/UDF10'

26-08-2024T22:23:07 - [MESSAGE][PASSED] - Object: 'Object Repository/IWP30/Page_VRelay30Emulator/Submit' is clicked on

26-08-2024T22:23:11 - [MESSAGE][PASSED] - Browser is closed

26-08-2024T22:23:15 - [MESSAGE][PASSED] - iwpPages.emulatorIWP30.setDataEmulator_DD is PASSED

26-08-2024T22:23:15 - [TEST_STEP][PASSED] - testHarnessURL = urlTestHarness: null

26-08-2024T22:23:15 - [TEST_STEP][PASSED] - openBrowser(testHarnessURL): Browser is opened with url: 'https://dev-algorithm.govolution.com/vrelaytest/QA2/version_2_2/vrelaytest.html'

26-08-2024T22:23:15 - [MESSAGE][INFO] - Starting 'Edge Chromium' driver

26-08-2024T22:23:15 - [MESSAGE][INFO] - User set preference: ['acceptInsecureCerts', 'true']

26-08-2024T22:23:17 - [MESSAGE][INFO] - Action delay is set to 0 milliseconds

26-08-2024T22:23:21 - [MESSAGE][PASSED] - Browser is opened with url: 'https://dev-algorithm.govolution.com/vrelaytest/QA2/version_2_2/vrelaytest.html'

26-08-2024T22:23:21 - [TEST_STEP][PASSED] - maximizeWindow(): Current window maximized

26-08-2024T22:23:21 - [MESSAGE][PASSED] - Current window maximized

26-08-2024T22:23:21 - [TEST_STEP][PASSED] - iwpPages.TestHarnessPage.setDataMethod(row, dataFile): iwpPages.TestHarnessPage.setDataMethod is PASSED

26-08-2024T22:23:22 - [MESSAGE][PASSED] - Object 'Object Repository/IWP30/Page_QATestHarness/RemittanceID' is present

26-08-2024T22:23:22 - [MESSAGE][PASSED] - Text '638' is set on object 'Object Repository/IWP30/Page_QATestHarness/ApplicationID'

26-08-2024T22:23:23 - [MESSAGE][PASSED] - Text '2.5' is set on object 'Object Repository/IWP30/Page_QATestHarness/MessageVersion'

26-08-2024T22:23:24 - [MESSAGE][PASSED] - Text 'E9NqrCucpyEU' is set on object 'Object Repository/IWP30/Page_QATestHarness/RemittanceID'

26-08-2024T22:23:27 - [MESSAGE][PASSED] - Object: 'Object Repository/IWP30/Page_QATestHarness/SubmitButton' is clicked on

26-08-2024T22:23:27 - [MESSAGE][PASSED] - iwpPages.TestHarnessPage.setDataMethod is PASSED

26-08-2024T22:23:27 - [TEST_STEP][PASSED] - click(findTestObject("Object Repository/IWP30/Page_SelectPaymentMethod/PayByCorporateCheck")): Object: 'Object Repository/IWP30/Page_SelectPaymentMethod/PayByCorporateCheck' is clicked on

26-08-2024T22:23:28 - [MESSAGE][PASSED] - Object: 'Object Repository/IWP30/Page_SelectPaymentMethod/PayByCorporateCheck' is clicked on

26-08-2024T22:23:28 - [TEST_STEP][PASSED] - click(findTestObject("Object Repository/IWP30/Page_SelectPaymentMethod/MakePaymentButton")): Object: 'Object Repository/IWP30/Page_SelectPaymentMethod/MakePaymentButton' is clicked on

26-08-2024T22:23:30 - [MESSAGE][PASSED] - Object: 'Object Repository/IWP30/Page_SelectPaymentMethod/MakePaymentButton' is clicked on

26-08-2024T22:23:30 - [TEST_STEP][PASSED] - iwpPages.achCorporatePaymentEntryPage.setDataCorporate(row, dataFile): iwpPages.achCorporatePaymentEntryPage.setDataCorporate is PASSED

26-08-2024T22:23:31 - [MESSAGE][PASSED] - Object 'Object Repository/IWP30/Page_ACHCorporatePaymentEntry/txt_accountNumber' is present

26-08-2024T22:23:31 - [MESSAGE][PASSED] - Object 'Object Repository/IWP30/Page_ACHCorporatePaymentEntry/input_CompanyName' is present

26-08-2024T22:23:32 - [MESSAGE][PASSED] - Text 'My Company' is set on object 'Object Repository/IWP30/Page_ACHCorporatePaymentEntry/input_CompanyName'

26-08-2024T22:23:32 - [MESSAGE][PASSED] - Object 'Object Repository/IWP30/Page_ACHCorporatePaymentEntry/input_EIN' is present

26-08-2024T22:23:33 - [MESSAGE][PASSED] - Text '123456789' is set on object 'Object Repository/IWP30/Page_ACHCorporatePaymentEntry/input_EIN'

26-08-2024T22:23:33 - [MESSAGE][PASSED] - Text '10.50' is set on object 'Object Repository/IWP30/Page_ACHCorporatePaymentEntry/txt_Amount'

26-08-2024T22:23:34 - [MESSAGE][PASSED] - Text 'udf data 2' is set on object 'Object Repository/IWP30/Page_ACHCorporatePaymentEntry/txt_UDF2'

26-08-2024T22:23:35 - [MESSAGE][PASSED] - Text 'udf data 3' is set on object 'Object Repository/IWP30/Page_ACHCorporatePaymentEntry/txt_UDF3'

26-08-2024T22:23:35 - [MESSAGE][PASSED] - All options with label 'Orange' are selected in object 'Object Repository/IWP30/Page_ACHCorporatePaymentEntry/dd_UDF7' 

26-08-2024T22:23:36 - [MESSAGE][PASSED] - All options with label 'Soccer' are selected in object 'Object Repository/IWP30/Page_ACHCorporatePaymentEntry/dd_UDF8' 

26-08-2024T22:23:36 - [MESSAGE][PASSED] - Object 'Object Repository/IWP30/Page_ACHCorporatePaymentEntry/txt_routingNumber' is present

26-08-2024T22:23:37 - [MESSAGE][PASSED] - Text '256072691' is set on object 'Object Repository/IWP30/Page_ACHCorporatePaymentEntry/txt_routingNumber'

26-08-2024T22:23:37 - [MESSAGE][PASSED] - Object 'Object Repository/IWP30/Page_ACHCorporatePaymentEntry/txt_accountNumber' is present

26-08-2024T22:23:38 - [MESSAGE][PASSED] - Text '12344444' is set on object 'Object Repository/IWP30/Page_ACHCorporatePaymentEntry/txt_accountNumber'

26-08-2024T22:23:39 - [MESSAGE][PASSED] - Object 'Object Repository/IWP30/Page_ACHCorporatePaymentEntry/txt_confirmAccountNumber' is present

26-08-2024T22:23:39 - [MESSAGE][PASSED] - Text '12344444' is set on object 'Object Repository/IWP30/Page_ACHCorporatePaymentEntry/txt_confirmAccountNumber'

26-08-2024T22:23:40 - [MESSAGE][PASSED] - Text '365 Main Avenue' is set on object 'Object Repository/IWP30/Page_ACHCorporatePaymentEntry/txt_AL1'

26-08-2024T22:23:41 - [MESSAGE][PASSED] - Text '22201' is set on object 'Object Repository/IWP30/Page_ACHCorporatePaymentEntry/txt_ZIP'

26-08-2024T22:23:41 - [MESSAGE][PASSED] - Object 'Object Repository/IWP30/Page_ACHCorporatePaymentEntry/txt_Email' is present

26-08-2024T22:23:42 - [MESSAGE][PASSED] - Text 'iahmed@govolution.com' is set on object 'Object Repository/IWP30/Page_ACHCorporatePaymentEntry/txt_Email'

26-08-2024T22:23:42 - [MESSAGE][PASSED] - Object 'Object Repository/IWP30/Page_ACHCorporatePaymentEntry/cb_TermsAndCond' is present

26-08-2024T22:23:42 - [MESSAGE][PASSED] - Object: 'Object Repository/IWP30/Page_ACHCorporatePaymentEntry/cb_TermsAndCond' is clicked on

26-08-2024T22:23:43 - [MESSAGE][PASSED] - Object 'Object Repository/IWP30/Page_ACHCorporatePaymentEntry/btn_Continue' is present

26-08-2024T22:23:44 - [MESSAGE][PASSED] - Object: 'Object Repository/IWP30/Page_ACHCorporatePaymentEntry/btn_Continue' is clicked on

26-08-2024T22:23:44 - [MESSAGE][PASSED] - iwpPages.achCorporatePaymentEntryPage.setDataCorporate is PASSED

26-08-2024T22:23:44 - [TEST_STEP][PASSED] - click(findTestObject("Object Repository/IWP30/Page_Confirmation/ConfirmButton")): Object: 'Object Repository/IWP30/Page_Confirmation/ConfirmButton' is clicked on

26-08-2024T22:23:46 - [MESSAGE][PASSED] - Object: 'Object Repository/IWP30/Page_Confirmation/ConfirmButton' is clicked on

26-08-2024T22:23:46 - [TEST_STEP][PASSED] - Thread.sleep(10000): null

26-08-2024T22:23:56 - [TEST_STEP][PASSED] - if (verifyTextPresent("Successful Payment Receipt", false)): null

26-08-2024T22:23:56 - [MESSAGE][PASSED] - Text 'Successful Payment Receipt' is present on page 

26-08-2024T22:23:56 - [TEST_STEP][PASSED] - println("Successful Payment Receipt text is present on the Receipt page"): null

26-08-2024T22:23:56 - [TEST_STEP][PASSED] - markPassed("Successful Payment Receipt text is present on the Receipt page"): Successful Payment Receipt text is present on the Receipt page

26-08-2024T22:23:56 - [MESSAGE][PASSED] - Successful Payment Receipt text is present on the Receipt page

26-08-2024T22:23:56 - [TEST_STEP][PASSED] - resText = "Pass": null

26-08-2024T22:23:56 - [TEST_STEP][PASSED] - pages.WriteExcel.demoKey(resText, datText, resColumn, datCloumn, fileLoc, nameSheet, row): pages.WriteExcel.demoKey is PASSED

26-08-2024T22:23:56 - [MESSAGE][PASSED] - pages.WriteExcel.demoKey is PASSED

26-08-2024T22:23:56 - [TEST_STEP][PASSED] - closeBrowser(): Browser is closed

26-08-2024T22:23:57 - [MESSAGE][PASSED] - Browser is closed

26-08-2024T22:23:57 - [TEST_STEP][PASSED] - ExecuteTC = findTestData(dataFile).getValue("Execute", row): null

26-08-2024T22:23:57 - [TEST_STEP][PASSED] - out.println("Value of Execute is : " + ExecuteTC): null

26-08-2024T22:23:57 - [TEST_STEP][PASSED] - if (ExecuteTC.equalsIgnoreCase("Y")): null

26-08-2024T22:23:57 - [TEST_STEP][PASSED] - out.println("Begin Record Number: " + row): null

26-08-2024T22:23:57 - [TEST_STEP][PASSED] - today = new java.util.Date(): null

26-08-2024T22:23:57 - [TEST_STEP][PASSED] - println(today): null

26-08-2024T22:23:57 - [TEST_STEP][PASSED] - datText = today: null

26-08-2024T22:23:57 - [TEST_STEP][PASSED] - EmulatorDataKey = findTestData(dataFile).getValue("EmulatorData", row): null

26-08-2024T22:23:57 - [TEST_STEP][PASSED] - out.println("Value of Emulator Key is : " + EmulatorDataKey): null

26-08-2024T22:23:57 - [TEST_STEP][PASSED] - iwpPages.emulatorIWP30.setDataEmulator_DD(EmulatorDataKey): iwpPages.emulatorIWP30.setDataEmulator_DD is PASSED

26-08-2024T22:23:58 - [MESSAGE][INFO] - Starting 'Edge Chromium' driver

26-08-2024T22:23:58 - [MESSAGE][INFO] - User set preference: ['acceptInsecureCerts', 'true']

26-08-2024T22:24:00 - [MESSAGE][INFO] - Action delay is set to 0 milliseconds

26-08-2024T22:24:03 - [MESSAGE][PASSED] - Browser is opened with url: 'https://qa2.velocitypayment.com/agency/config.do?action=editor&message_version=2_5'

26-08-2024T22:24:03 - [MESSAGE][PASSED] - Current window maximized

26-08-2024T22:24:04 - [MESSAGE][PASSED] - All options with value '2.5' are selected in object 'Object Repository/IWP30/Page_VRelay30Emulator/MV'  using regular expression

26-08-2024T22:24:05 - [MESSAGE][PASSED] - Text '10.50' is set on object 'Object Repository/IWP30/Page_VRelay30Emulator/Amount'

26-08-2024T22:24:06 - [MESSAGE][PASSED] - Text '26413255' is set on object 'Object Repository/IWP30/Page_VRelay30Emulator/CAN'

26-08-2024T22:24:06 - [MESSAGE][PASSED] - Text 'PayNow' is set on object 'Object Repository/IWP30/Page_VRelay30Emulator/Action'

26-08-2024T22:24:07 - [MESSAGE][PASSED] - Text 'en_US' is set on object 'Object Repository/IWP30/Page_VRelay30Emulator/Lang'

26-08-2024T22:24:08 - [MESSAGE][PASSED] - Text 'Jasmine' is set on object 'Object Repository/IWP30/Page_VRelay30Emulator/Fname'

26-08-2024T22:24:08 - [MESSAGE][PASSED] - Text 'Patrinol' is set on object 'Object Repository/IWP30/Page_VRelay30Emulator/Lname'

26-08-2024T22:24:09 - [MESSAGE][PASSED] - Text '258 Underwood rd' is set on object 'Object Repository/IWP30/Page_VRelay30Emulator/AL1'

26-08-2024T22:24:09 - [MESSAGE][PASSED] - Text 'Suite 600' is set on object 'Object Repository/IWP30/Page_VRelay30Emulator/AL2'

26-08-2024T22:24:10 - [MESSAGE][PASSED] - Text '840' is set on object 'Object Repository/IWP30/Page_VRelay30Emulator/Country'

26-08-2024T22:24:11 - [MESSAGE][PASSED] - Text 'Arlington' is set on object 'Object Repository/IWP30/Page_VRelay30Emulator/City'

26-08-2024T22:24:11 - [MESSAGE][PASSED] - Text 'VA' is set on object 'Object Repository/IWP30/Page_VRelay30Emulator/State'

26-08-2024T22:24:12 - [MESSAGE][PASSED] - Text '22201' is set on object 'Object Repository/IWP30/Page_VRelay30Emulator/ZIP'

26-08-2024T22:24:12 - [MESSAGE][PASSED] - Text '' is set on object 'Object Repository/IWP30/Page_VRelay30Emulator/Order'

26-08-2024T22:24:13 - [MESSAGE][PASSED] - Text 'Some Company' is set on object 'Object Repository/IWP30/Page_VRelay30Emulator/Company'

26-08-2024T22:24:14 - [MESSAGE][PASSED] - Text 'iahmed@govolution.com' is set on object 'Object Repository/IWP30/Page_VRelay30Emulator/Email'

26-08-2024T22:24:14 - [MESSAGE][PASSED] - Text 'udf data 1' is set on object 'Object Repository/IWP30/Page_VRelay30Emulator/UDF1'

26-08-2024T22:24:15 - [MESSAGE][PASSED] - Text 'udf data 2' is set on object 'Object Repository/IWP30/Page_VRelay30Emulator/UDF2'

26-08-2024T22:24:16 - [MESSAGE][PASSED] - Text 'udf data 3' is set on object 'Object Repository/IWP30/Page_VRelay30Emulator/UDF3'

26-08-2024T22:24:16 - [MESSAGE][PASSED] - Text 'udf data 4' is set on object 'Object Repository/IWP30/Page_VRelay30Emulator/UDF4'

26-08-2024T22:24:17 - [MESSAGE][PASSED] - Text 'udf data 5' is set on object 'Object Repository/IWP30/Page_VRelay30Emulator/UDF5'

26-08-2024T22:24:17 - [MESSAGE][PASSED] - Text 'udf data 6' is set on object 'Object Repository/IWP30/Page_VRelay30Emulator/UDF6'

26-08-2024T22:24:18 - [MESSAGE][PASSED] - Text 'Orange' is set on object 'Object Repository/IWP30/Page_VRelay30Emulator/UDF7'

26-08-2024T22:24:19 - [MESSAGE][PASSED] - Text 'Soccer' is set on object 'Object Repository/IWP30/Page_VRelay30Emulator/UDF8'

26-08-2024T22:24:19 - [MESSAGE][PASSED] - Text 'udf data 9' is set on object 'Object Repository/IWP30/Page_VRelay30Emulator/UDF9'

26-08-2024T22:24:20 - [MESSAGE][PASSED] - Text 'udf data 10' is set on object 'Object Repository/IWP30/Page_VRelay30Emulator/UDF10'

26-08-2024T22:24:21 - [MESSAGE][PASSED] - Object: 'Object Repository/IWP30/Page_VRelay30Emulator/Submit' is clicked on

26-08-2024T22:24:25 - [MESSAGE][PASSED] - Browser is closed

26-08-2024T22:24:29 - [MESSAGE][PASSED] - iwpPages.emulatorIWP30.setDataEmulator_DD is PASSED

26-08-2024T22:24:29 - [TEST_STEP][PASSED] - testHarnessURL = urlTestHarness: null

26-08-2024T22:24:29 - [TEST_STEP][PASSED] - openBrowser(testHarnessURL): Browser is opened with url: 'https://dev-algorithm.govolution.com/vrelaytest/QA2/version_2_2/vrelaytest.html'

26-08-2024T22:24:29 - [MESSAGE][INFO] - Starting 'Edge Chromium' driver

26-08-2024T22:24:29 - [MESSAGE][INFO] - User set preference: ['acceptInsecureCerts', 'true']

26-08-2024T22:24:31 - [MESSAGE][INFO] - Action delay is set to 0 milliseconds

26-08-2024T22:24:35 - [MESSAGE][PASSED] - Browser is opened with url: 'https://dev-algorithm.govolution.com/vrelaytest/QA2/version_2_2/vrelaytest.html'

26-08-2024T22:24:35 - [TEST_STEP][PASSED] - maximizeWindow(): Current window maximized

26-08-2024T22:24:35 - [MESSAGE][PASSED] - Current window maximized

26-08-2024T22:24:35 - [TEST_STEP][PASSED] - iwpPages.TestHarnessPage.setDataMethod(row, dataFile): iwpPages.TestHarnessPage.setDataMethod is PASSED

26-08-2024T22:24:36 - [MESSAGE][PASSED] - Object 'Object Repository/IWP30/Page_QATestHarness/RemittanceID' is present

26-08-2024T22:24:36 - [MESSAGE][PASSED] - Text '638' is set on object 'Object Repository/IWP30/Page_QATestHarness/ApplicationID'

26-08-2024T22:24:37 - [MESSAGE][PASSED] - Text '2.5' is set on object 'Object Repository/IWP30/Page_QATestHarness/MessageVersion'

26-08-2024T22:24:38 - [MESSAGE][PASSED] - Text 'vTGYb5nduajk' is set on object 'Object Repository/IWP30/Page_QATestHarness/RemittanceID'

26-08-2024T22:24:42 - [MESSAGE][PASSED] - Object: 'Object Repository/IWP30/Page_QATestHarness/SubmitButton' is clicked on

26-08-2024T22:24:42 - [MESSAGE][PASSED] - iwpPages.TestHarnessPage.setDataMethod is PASSED

26-08-2024T22:24:42 - [TEST_STEP][PASSED] - click(findTestObject("Object Repository/IWP30/Page_SelectPaymentMethod/PayByCorporateCheck")): Object: 'Object Repository/IWP30/Page_SelectPaymentMethod/PayByCorporateCheck' is clicked on

26-08-2024T22:24:42 - [MESSAGE][PASSED] - Object: 'Object Repository/IWP30/Page_SelectPaymentMethod/PayByCorporateCheck' is clicked on

26-08-2024T22:24:42 - [TEST_STEP][PASSED] - click(findTestObject("Object Repository/IWP30/Page_SelectPaymentMethod/MakePaymentButton")): Object: 'Object Repository/IWP30/Page_SelectPaymentMethod/MakePaymentButton' is clicked on

26-08-2024T22:24:45 - [MESSAGE][PASSED] - Object: 'Object Repository/IWP30/Page_SelectPaymentMethod/MakePaymentButton' is clicked on

26-08-2024T22:24:45 - [TEST_STEP][PASSED] - iwpPages.achCorporatePaymentEntryPage.setDataCorporate(row, dataFile): iwpPages.achCorporatePaymentEntryPage.setDataCorporate is PASSED

26-08-2024T22:24:46 - [MESSAGE][PASSED] - Object 'Object Repository/IWP30/Page_ACHCorporatePaymentEntry/txt_accountNumber' is present

26-08-2024T22:24:46 - [MESSAGE][PASSED] - Object 'Object Repository/IWP30/Page_ACHCorporatePaymentEntry/input_CompanyName' is present

26-08-2024T22:24:46 - [MESSAGE][PASSED] - Object 'Object Repository/IWP30/Page_ACHCorporatePaymentEntry/input_EIN' is present

26-08-2024T22:24:47 - [MESSAGE][PASSED] - Text '123456789' is set on object 'Object Repository/IWP30/Page_ACHCorporatePaymentEntry/input_EIN'

26-08-2024T22:24:47 - [MESSAGE][PASSED] - All options with label 'Soccer' are selected in object 'Object Repository/IWP30/Page_ACHCorporatePaymentEntry/dd_UDF8' 

26-08-2024T22:24:48 - [MESSAGE][PASSED] - Object 'Object Repository/IWP30/Page_ACHCorporatePaymentEntry/txt_routingNumber' is present

26-08-2024T22:24:48 - [MESSAGE][PASSED] - Text '256072691' is set on object 'Object Repository/IWP30/Page_ACHCorporatePaymentEntry/txt_routingNumber'

26-08-2024T22:24:49 - [MESSAGE][PASSED] - Object 'Object Repository/IWP30/Page_ACHCorporatePaymentEntry/txt_accountNumber' is present

26-08-2024T22:24:50 - [MESSAGE][PASSED] - Text '12344444' is set on object 'Object Repository/IWP30/Page_ACHCorporatePaymentEntry/txt_accountNumber'

26-08-2024T22:24:50 - [MESSAGE][PASSED] - Object 'Object Repository/IWP30/Page_ACHCorporatePaymentEntry/txt_confirmAccountNumber' is present

26-08-2024T22:24:51 - [MESSAGE][PASSED] - Text '12344444' is set on object 'Object Repository/IWP30/Page_ACHCorporatePaymentEntry/txt_confirmAccountNumber'

26-08-2024T22:24:51 - [MESSAGE][PASSED] - Object 'Object Repository/IWP30/Page_ACHCorporatePaymentEntry/txt_Email' is present

26-08-2024T22:24:52 - [MESSAGE][PASSED] - Object 'Object Repository/IWP30/Page_ACHCorporatePaymentEntry/cb_TermsAndCond' is present

26-08-2024T22:24:52 - [MESSAGE][PASSED] - Object: 'Object Repository/IWP30/Page_ACHCorporatePaymentEntry/cb_TermsAndCond' is clicked on

26-08-2024T22:24:52 - [MESSAGE][PASSED] - Object 'Object Repository/IWP30/Page_ACHCorporatePaymentEntry/btn_Continue' is present

26-08-2024T22:24:54 - [MESSAGE][PASSED] - Object: 'Object Repository/IWP30/Page_ACHCorporatePaymentEntry/btn_Continue' is clicked on

26-08-2024T22:24:54 - [MESSAGE][PASSED] - iwpPages.achCorporatePaymentEntryPage.setDataCorporate is PASSED

26-08-2024T22:24:54 - [TEST_STEP][PASSED] - click(findTestObject("Object Repository/IWP30/Page_Confirmation/ConfirmButton")): Object: 'Object Repository/IWP30/Page_Confirmation/ConfirmButton' is clicked on

26-08-2024T22:24:56 - [MESSAGE][PASSED] - Object: 'Object Repository/IWP30/Page_Confirmation/ConfirmButton' is clicked on

26-08-2024T22:24:56 - [TEST_STEP][PASSED] - Thread.sleep(10000): null

26-08-2024T22:25:06 - [TEST_STEP][PASSED] - if (verifyTextPresent("Successful Payment Receipt", false)): null

26-08-2024T22:25:06 - [MESSAGE][PASSED] - Text 'Successful Payment Receipt' is present on page 

26-08-2024T22:25:06 - [TEST_STEP][PASSED] - println("Successful Payment Receipt text is present on the Receipt page"): null

26-08-2024T22:25:06 - [TEST_STEP][PASSED] - markPassed("Successful Payment Receipt text is present on the Receipt page"): Successful Payment Receipt text is present on the Receipt page

26-08-2024T22:25:06 - [MESSAGE][PASSED] - Successful Payment Receipt text is present on the Receipt page

26-08-2024T22:25:06 - [TEST_STEP][PASSED] - resText = "Pass": null

26-08-2024T22:25:06 - [TEST_STEP][PASSED] - pages.WriteExcel.demoKey(resText, datText, resColumn, datCloumn, fileLoc, nameSheet, row): pages.WriteExcel.demoKey is PASSED

26-08-2024T22:25:06 - [MESSAGE][PASSED] - pages.WriteExcel.demoKey is PASSED

26-08-2024T22:25:06 - [TEST_STEP][PASSED] - closeBrowser(): Browser is closed

26-08-2024T22:25:07 - [MESSAGE][PASSED] - Browser is closed

26-08-2024T22:25:07 - [TEST_STEP][PASSED] - ExecuteTC = findTestData(dataFile).getValue("Execute", row): null

26-08-2024T22:25:07 - [TEST_STEP][PASSED] - out.println("Value of Execute is : " + ExecuteTC): null

26-08-2024T22:25:07 - [TEST_STEP][PASSED] - if (ExecuteTC.equalsIgnoreCase("Y")): null

26-08-2024T22:25:07 - [TEST_STEP][PASSED] - out.println("Begin Record Number: " + row): null

26-08-2024T22:25:07 - [TEST_STEP][PASSED] - today = new java.util.Date(): null

26-08-2024T22:25:07 - [TEST_STEP][PASSED] - println(today): null

26-08-2024T22:25:07 - [TEST_STEP][PASSED] - datText = today: null

26-08-2024T22:25:07 - [TEST_STEP][PASSED] - EmulatorDataKey = findTestData(dataFile).getValue("EmulatorData", row): null

26-08-2024T22:25:07 - [TEST_STEP][PASSED] - out.println("Value of Emulator Key is : " + EmulatorDataKey): null

26-08-2024T22:25:07 - [TEST_STEP][PASSED] - iwpPages.emulatorIWP30.setDataEmulator_DD(EmulatorDataKey): iwpPages.emulatorIWP30.setDataEmulator_DD is PASSED

26-08-2024T22:25:07 - [MESSAGE][INFO] - Starting 'Edge Chromium' driver

26-08-2024T22:25:07 - [MESSAGE][INFO] - User set preference: ['acceptInsecureCerts', 'true']

26-08-2024T22:25:09 - [MESSAGE][INFO] - Action delay is set to 0 milliseconds

26-08-2024T22:25:13 - [MESSAGE][PASSED] - Browser is opened with url: 'https://qa2.velocitypayment.com/agency/config.do?action=editor&message_version=2_5'

26-08-2024T22:25:13 - [MESSAGE][PASSED] - Current window maximized

26-08-2024T22:25:14 - [MESSAGE][PASSED] - All options with value '2.5' are selected in object 'Object Repository/IWP30/Page_VRelay30Emulator/MV'  using regular expression

26-08-2024T22:25:14 - [MESSAGE][PASSED] - Text '10.50' is set on object 'Object Repository/IWP30/Page_VRelay30Emulator/Amount'

26-08-2024T22:25:15 - [MESSAGE][PASSED] - Text '26413414' is set on object 'Object Repository/IWP30/Page_VRelay30Emulator/CAN'

26-08-2024T22:25:16 - [MESSAGE][PASSED] - Text 'PayNow' is set on object 'Object Repository/IWP30/Page_VRelay30Emulator/Action'

26-08-2024T22:25:16 - [MESSAGE][PASSED] - Text 'en_US' is set on object 'Object Repository/IWP30/Page_VRelay30Emulator/Lang'

26-08-2024T22:25:17 - [MESSAGE][PASSED] - Text '' is set on object 'Object Repository/IWP30/Page_VRelay30Emulator/Fname'

26-08-2024T22:25:17 - [MESSAGE][PASSED] - Text '' is set on object 'Object Repository/IWP30/Page_VRelay30Emulator/Lname'

26-08-2024T22:25:18 - [MESSAGE][PASSED] - Text '' is set on object 'Object Repository/IWP30/Page_VRelay30Emulator/AL1'

26-08-2024T22:25:19 - [MESSAGE][PASSED] - Text '' is set on object 'Object Repository/IWP30/Page_VRelay30Emulator/AL2'

26-08-2024T22:25:19 - [MESSAGE][PASSED] - Text '' is set on object 'Object Repository/IWP30/Page_VRelay30Emulator/Country'

26-08-2024T22:25:20 - [MESSAGE][PASSED] - Text '' is set on object 'Object Repository/IWP30/Page_VRelay30Emulator/City'

26-08-2024T22:25:20 - [MESSAGE][PASSED] - Text '' is set on object 'Object Repository/IWP30/Page_VRelay30Emulator/State'

26-08-2024T22:25:21 - [MESSAGE][PASSED] - Text '' is set on object 'Object Repository/IWP30/Page_VRelay30Emulator/ZIP'

26-08-2024T22:25:22 - [MESSAGE][PASSED] - Text '' is set on object 'Object Repository/IWP30/Page_VRelay30Emulator/Order'

26-08-2024T22:25:22 - [MESSAGE][PASSED] - Text '' is set on object 'Object Repository/IWP30/Page_VRelay30Emulator/Company'

26-08-2024T22:25:23 - [MESSAGE][PASSED] - Text '' is set on object 'Object Repository/IWP30/Page_VRelay30Emulator/Email'

26-08-2024T22:25:23 - [MESSAGE][PASSED] - Text '' is set on object 'Object Repository/IWP30/Page_VRelay30Emulator/UDF1'

26-08-2024T22:25:24 - [MESSAGE][PASSED] - Text '' is set on object 'Object Repository/IWP30/Page_VRelay30Emulator/UDF2'

26-08-2024T22:25:25 - [MESSAGE][PASSED] - Text '' is set on object 'Object Repository/IWP30/Page_VRelay30Emulator/UDF3'

26-08-2024T22:25:25 - [MESSAGE][PASSED] - Text 'udf data 4' is set on object 'Object Repository/IWP30/Page_VRelay30Emulator/UDF4'

26-08-2024T22:25:26 - [MESSAGE][PASSED] - Text 'udf data 5' is set on object 'Object Repository/IWP30/Page_VRelay30Emulator/UDF5'

26-08-2024T22:25:26 - [MESSAGE][PASSED] - Text '' is set on object 'Object Repository/IWP30/Page_VRelay30Emulator/UDF6'

26-08-2024T22:25:27 - [MESSAGE][PASSED] - Text '' is set on object 'Object Repository/IWP30/Page_VRelay30Emulator/UDF7'

26-08-2024T22:25:28 - [MESSAGE][PASSED] - Text '' is set on object 'Object Repository/IWP30/Page_VRelay30Emulator/UDF8'

26-08-2024T22:25:28 - [MESSAGE][PASSED] - Text 'udf data 9' is set on object 'Object Repository/IWP30/Page_VRelay30Emulator/UDF9'

26-08-2024T22:25:29 - [MESSAGE][PASSED] - Text 'udf data 10' is set on object 'Object Repository/IWP30/Page_VRelay30Emulator/UDF10'

26-08-2024T22:25:30 - [MESSAGE][PASSED] - Object: 'Object Repository/IWP30/Page_VRelay30Emulator/Submit' is clicked on

26-08-2024T22:25:35 - [MESSAGE][PASSED] - Browser is closed

26-08-2024T22:25:39 - [MESSAGE][PASSED] - iwpPages.emulatorIWP30.setDataEmulator_DD is PASSED

26-08-2024T22:25:39 - [TEST_STEP][PASSED] - testHarnessURL = urlTestHarness: null

26-08-2024T22:25:39 - [TEST_STEP][PASSED] - openBrowser(testHarnessURL): Browser is opened with url: 'https://dev-algorithm.govolution.com/vrelaytest/QA2/version_2_2/vrelaytest.html'

26-08-2024T22:25:39 - [MESSAGE][INFO] - Starting 'Edge Chromium' driver

26-08-2024T22:25:39 - [MESSAGE][INFO] - User set preference: ['acceptInsecureCerts', 'true']

26-08-2024T22:25:41 - [MESSAGE][INFO] - Action delay is set to 0 milliseconds

26-08-2024T22:25:44 - [MESSAGE][PASSED] - Browser is opened with url: 'https://dev-algorithm.govolution.com/vrelaytest/QA2/version_2_2/vrelaytest.html'

26-08-2024T22:25:44 - [TEST_STEP][PASSED] - maximizeWindow(): Current window maximized

26-08-2024T22:25:44 - [MESSAGE][PASSED] - Current window maximized

26-08-2024T22:25:44 - [TEST_STEP][PASSED] - iwpPages.TestHarnessPage.setDataMethod(row, dataFile): iwpPages.TestHarnessPage.setDataMethod is PASSED

26-08-2024T22:25:45 - [MESSAGE][PASSED] - Object 'Object Repository/IWP30/Page_QATestHarness/RemittanceID' is present

26-08-2024T22:25:45 - [MESSAGE][PASSED] - Text '638' is set on object 'Object Repository/IWP30/Page_QATestHarness/ApplicationID'

26-08-2024T22:25:46 - [MESSAGE][PASSED] - Text '2.5' is set on object 'Object Repository/IWP30/Page_QATestHarness/MessageVersion'

26-08-2024T22:25:47 - [MESSAGE][PASSED] - Text 'owjfAipVvx7o' is set on object 'Object Repository/IWP30/Page_QATestHarness/RemittanceID'

26-08-2024T22:25:51 - [MESSAGE][PASSED] - Object: 'Object Repository/IWP30/Page_QATestHarness/SubmitButton' is clicked on

26-08-2024T22:25:51 - [MESSAGE][PASSED] - iwpPages.TestHarnessPage.setDataMethod is PASSED

26-08-2024T22:25:51 - [TEST_STEP][PASSED] - click(findTestObject("Object Repository/IWP30/Page_SelectPaymentMethod/PayByCorporateCheck")): Object: 'Object Repository/IWP30/Page_SelectPaymentMethod/PayByCorporateCheck' is clicked on

26-08-2024T22:25:51 - [MESSAGE][PASSED] - Object: 'Object Repository/IWP30/Page_SelectPaymentMethod/PayByCorporateCheck' is clicked on

26-08-2024T22:25:51 - [TEST_STEP][PASSED] - click(findTestObject("Object Repository/IWP30/Page_SelectPaymentMethod/MakePaymentButton")): Object: 'Object Repository/IWP30/Page_SelectPaymentMethod/MakePaymentButton' is clicked on

26-08-2024T22:25:54 - [MESSAGE][PASSED] - Object: 'Object Repository/IWP30/Page_SelectPaymentMethod/MakePaymentButton' is clicked on

26-08-2024T22:25:54 - [TEST_STEP][PASSED] - iwpPages.achCorporatePaymentEntryPage.setDataCorporate(row, dataFile): iwpPages.achCorporatePaymentEntryPage.setDataCorporate is PASSED

26-08-2024T22:25:54 - [MESSAGE][PASSED] - Object 'Object Repository/IWP30/Page_ACHCorporatePaymentEntry/txt_accountNumber' is present

26-08-2024T22:25:55 - [MESSAGE][PASSED] - Object 'Object Repository/IWP30/Page_ACHCorporatePaymentEntry/input_CompanyName' is present

26-08-2024T22:25:55 - [MESSAGE][PASSED] - Text 'My Company' is set on object 'Object Repository/IWP30/Page_ACHCorporatePaymentEntry/input_CompanyName'

26-08-2024T22:25:55 - [MESSAGE][PASSED] - Object 'Object Repository/IWP30/Page_ACHCorporatePaymentEntry/input_EIN' is present

26-08-2024T22:25:56 - [MESSAGE][PASSED] - Text '10.50' is set on object 'Object Repository/IWP30/Page_ACHCorporatePaymentEntry/txt_Amount'

26-08-2024T22:25:57 - [MESSAGE][PASSED] - Text 'udf data 3' is set on object 'Object Repository/IWP30/Page_ACHCorporatePaymentEntry/txt_UDF3'

26-08-2024T22:25:57 - [MESSAGE][PASSED] - All options with label 'Soccer' are selected in object 'Object Repository/IWP30/Page_ACHCorporatePaymentEntry/dd_UDF8' 

26-08-2024T22:25:57 - [MESSAGE][PASSED] - Object 'Object Repository/IWP30/Page_ACHCorporatePaymentEntry/txt_routingNumber' is present

26-08-2024T22:25:58 - [MESSAGE][PASSED] - Text '256072691' is set on object 'Object Repository/IWP30/Page_ACHCorporatePaymentEntry/txt_routingNumber'

26-08-2024T22:25:58 - [MESSAGE][PASSED] - Object 'Object Repository/IWP30/Page_ACHCorporatePaymentEntry/txt_accountNumber' is present

26-08-2024T22:26:00 - [MESSAGE][PASSED] - Text '12344444' is set on object 'Object Repository/IWP30/Page_ACHCorporatePaymentEntry/txt_accountNumber'

26-08-2024T22:26:00 - [MESSAGE][PASSED] - Object 'Object Repository/IWP30/Page_ACHCorporatePaymentEntry/txt_confirmAccountNumber' is present

26-08-2024T22:26:01 - [MESSAGE][PASSED] - Text '12344444' is set on object 'Object Repository/IWP30/Page_ACHCorporatePaymentEntry/txt_confirmAccountNumber'

26-08-2024T22:26:01 - [MESSAGE][PASSED] - Text '365 Main Avenue' is set on object 'Object Repository/IWP30/Page_ACHCorporatePaymentEntry/txt_AL1'

26-08-2024T22:26:02 - [MESSAGE][PASSED] - Text '22201' is set on object 'Object Repository/IWP30/Page_ACHCorporatePaymentEntry/txt_ZIP'

26-08-2024T22:26:02 - [MESSAGE][PASSED] - Object 'Object Repository/IWP30/Page_ACHCorporatePaymentEntry/txt_Email' is present

26-08-2024T22:26:03 - [MESSAGE][PASSED] - Text 'iahmed@govolution.com' is set on object 'Object Repository/IWP30/Page_ACHCorporatePaymentEntry/txt_Email'

26-08-2024T22:26:04 - [MESSAGE][PASSED] - Object 'Object Repository/IWP30/Page_ACHCorporatePaymentEntry/cb_TermsAndCond' is present

26-08-2024T22:26:04 - [MESSAGE][PASSED] - Object: 'Object Repository/IWP30/Page_ACHCorporatePaymentEntry/cb_TermsAndCond' is clicked on

26-08-2024T22:26:04 - [MESSAGE][PASSED] - Object 'Object Repository/IWP30/Page_ACHCorporatePaymentEntry/btn_Continue' is present

26-08-2024T22:26:05 - [MESSAGE][PASSED] - Object: 'Object Repository/IWP30/Page_ACHCorporatePaymentEntry/btn_Continue' is clicked on

26-08-2024T22:26:05 - [MESSAGE][PASSED] - iwpPages.achCorporatePaymentEntryPage.setDataCorporate is PASSED

26-08-2024T22:26:05 - [TEST_STEP][PASSED] - click(findTestObject("Object Repository/IWP30/Page_Confirmation/ConfirmButton")): Object: 'Object Repository/IWP30/Page_Confirmation/ConfirmButton' is clicked on

26-08-2024T22:26:07 - [MESSAGE][PASSED] - Object: 'Object Repository/IWP30/Page_Confirmation/ConfirmButton' is clicked on

26-08-2024T22:26:07 - [TEST_STEP][PASSED] - Thread.sleep(10000): null

26-08-2024T22:26:17 - [TEST_STEP][PASSED] - if (verifyTextPresent("Successful Payment Receipt", false)): null

26-08-2024T22:26:17 - [MESSAGE][PASSED] - Text 'Successful Payment Receipt' is present on page 

26-08-2024T22:26:17 - [TEST_STEP][PASSED] - println("Successful Payment Receipt text is present on the Receipt page"): null

26-08-2024T22:26:17 - [TEST_STEP][PASSED] - markPassed("Successful Payment Receipt text is present on the Receipt page"): Successful Payment Receipt text is present on the Receipt page

26-08-2024T22:26:17 - [MESSAGE][PASSED] - Successful Payment Receipt text is present on the Receipt page

26-08-2024T22:26:17 - [TEST_STEP][PASSED] - resText = "Pass": null

26-08-2024T22:26:17 - [TEST_STEP][PASSED] - pages.WriteExcel.demoKey(resText, datText, resColumn, datCloumn, fileLoc, nameSheet, row): pages.WriteExcel.demoKey is PASSED

26-08-2024T22:26:17 - [MESSAGE][PASSED] - pages.WriteExcel.demoKey is PASSED

26-08-2024T22:26:17 - [TEST_STEP][PASSED] - closeBrowser(): Browser is closed

26-08-2024T22:26:18 - [MESSAGE][PASSED] - Browser is closed]]></system-out>
         <system-err><![CDATA[]]></system-err>
      </testcase>
      <testcase name="Test Cases/IntegratedWeb/IWP25/Payments/PayNowCorpSCF" time="181.634" classname="Test Cases/IntegratedWeb/IWP25/Payments/PayNowCorpSCF" status="PASSED">
         <system-out><![CDATA[26-08-2024T22:26:18 - [TEST_CASE][PASSED] - Test Cases/IntegratedWeb/IWP25/Payments/PayNowCorpSCF: Test Cases/IntegratedWeb/IWP25/Payments/PayNowCorpSCF

26-08-2024T22:26:18 - [TEST_STEP][PASSED] - resText = "Fail": null

26-08-2024T22:26:18 - [TEST_STEP][PASSED] - resColumn = "Result": null

26-08-2024T22:26:18 - [TEST_STEP][PASSED] - datCloumn = "Date": null

26-08-2024T22:26:18 - [TEST_STEP][PASSED] - fileLoc = "KatalonData/IWPTestData/VRelay25Payments.xlsx": null

26-08-2024T22:26:18 - [TEST_STEP][PASSED] - numOfRows = <not implemented yet for class: org.codehaus.groovy.ast.expr.EmptyExpression>: null

26-08-2024T22:26:18 - [TEST_STEP][PASSED] - dataFile = <not implemented yet for class: org.codehaus.groovy.ast.expr.EmptyExpression>: null

26-08-2024T22:26:18 - [TEST_STEP][PASSED] - nameSheet = <not implemented yet for class: org.codehaus.groovy.ast.expr.EmptyExpression>: null

26-08-2024T22:26:18 - [TEST_STEP][PASSED] - dataFileEmulator = <not implemented yet for class: org.codehaus.groovy.ast.expr.EmptyExpression>: null

26-08-2024T22:26:18 - [TEST_STEP][PASSED] - isRequiredTextPresent = false: null

26-08-2024T22:26:18 - [TEST_STEP][PASSED] - nameSheet = "PayNowCorpSCF": null

26-08-2024T22:26:18 - [TEST_STEP][PASSED] - dataFile = "IWPTestData/IWP25PayNowCorpSCF": null

26-08-2024T22:26:18 - [TEST_STEP][PASSED] - dataFileEmulator = "IWPTestData/EmulatorData": null

26-08-2024T22:26:18 - [TEST_STEP][PASSED] - numOfRows = findTestData(dataFile).getRowNumbers(): null

26-08-2024T22:26:18 - [TEST_STEP][PASSED] - println("Number of Records: " + numOfRows): null

26-08-2024T22:26:18 - [TEST_STEP][PASSED] - for ([row = 1, row <= numOfRows, (row++)]): Browser is closed

26-08-2024T22:26:18 - [TEST_STEP][PASSED] - ExecuteTC = findTestData(dataFile).getValue("Execute", row): null

26-08-2024T22:26:18 - [TEST_STEP][PASSED] - out.println("Value of Execute is : " + ExecuteTC): null

26-08-2024T22:26:18 - [TEST_STEP][PASSED] - if (ExecuteTC.equalsIgnoreCase("Y")): null

26-08-2024T22:26:18 - [TEST_STEP][PASSED] - out.println("Begin Record Number: " + row): null

26-08-2024T22:26:18 - [TEST_STEP][PASSED] - today = new java.util.Date(): null

26-08-2024T22:26:18 - [TEST_STEP][PASSED] - println(today): null

26-08-2024T22:26:18 - [TEST_STEP][PASSED] - datText = today: null

26-08-2024T22:26:18 - [TEST_STEP][PASSED] - EmulatorDataKey = findTestData(dataFile).getValue("EmulatorData", row): null

26-08-2024T22:26:18 - [TEST_STEP][PASSED] - out.println("Value of Emulator Key is : " + EmulatorDataKey): null

26-08-2024T22:26:18 - [TEST_STEP][PASSED] - iwpPages.emulatorIWP30.setDataEmulator_DD(EmulatorDataKey): iwpPages.emulatorIWP30.setDataEmulator_DD is PASSED

26-08-2024T22:26:19 - [MESSAGE][INFO] - Starting 'Edge Chromium' driver

26-08-2024T22:26:19 - [MESSAGE][INFO] - User set preference: ['acceptInsecureCerts', 'true']

26-08-2024T22:26:21 - [MESSAGE][INFO] - Action delay is set to 0 milliseconds

26-08-2024T22:26:24 - [MESSAGE][PASSED] - Browser is opened with url: 'https://qa2.velocitypayment.com/agency/config.do?action=editor&message_version=2_5'

26-08-2024T22:26:24 - [MESSAGE][PASSED] - Current window maximized

26-08-2024T22:26:25 - [MESSAGE][PASSED] - All options with value '2.5' are selected in object 'Object Repository/IWP30/Page_VRelay30Emulator/MV'  using regular expression

26-08-2024T22:26:26 - [MESSAGE][PASSED] - Text '10.50' is set on object 'Object Repository/IWP30/Page_VRelay30Emulator/Amount'

26-08-2024T22:26:26 - [MESSAGE][PASSED] - Text '26413414' is set on object 'Object Repository/IWP30/Page_VRelay30Emulator/CAN'

26-08-2024T22:26:27 - [MESSAGE][PASSED] - Text 'PayNow' is set on object 'Object Repository/IWP30/Page_VRelay30Emulator/Action'

26-08-2024T22:26:28 - [MESSAGE][PASSED] - Text 'en_US' is set on object 'Object Repository/IWP30/Page_VRelay30Emulator/Lang'

26-08-2024T22:26:28 - [MESSAGE][PASSED] - Text '' is set on object 'Object Repository/IWP30/Page_VRelay30Emulator/Fname'

26-08-2024T22:26:29 - [MESSAGE][PASSED] - Text '' is set on object 'Object Repository/IWP30/Page_VRelay30Emulator/Lname'

26-08-2024T22:26:30 - [MESSAGE][PASSED] - Text '' is set on object 'Object Repository/IWP30/Page_VRelay30Emulator/AL1'

26-08-2024T22:26:30 - [MESSAGE][PASSED] - Text '' is set on object 'Object Repository/IWP30/Page_VRelay30Emulator/AL2'

26-08-2024T22:26:31 - [MESSAGE][PASSED] - Text '' is set on object 'Object Repository/IWP30/Page_VRelay30Emulator/Country'

26-08-2024T22:26:31 - [MESSAGE][PASSED] - Text '' is set on object 'Object Repository/IWP30/Page_VRelay30Emulator/City'

26-08-2024T22:26:32 - [MESSAGE][PASSED] - Text '' is set on object 'Object Repository/IWP30/Page_VRelay30Emulator/State'

26-08-2024T22:26:32 - [MESSAGE][PASSED] - Text '' is set on object 'Object Repository/IWP30/Page_VRelay30Emulator/ZIP'

26-08-2024T22:26:33 - [MESSAGE][PASSED] - Text '' is set on object 'Object Repository/IWP30/Page_VRelay30Emulator/Order'

26-08-2024T22:26:34 - [MESSAGE][PASSED] - Text '' is set on object 'Object Repository/IWP30/Page_VRelay30Emulator/Company'

26-08-2024T22:26:34 - [MESSAGE][PASSED] - Text '' is set on object 'Object Repository/IWP30/Page_VRelay30Emulator/Email'

26-08-2024T22:26:35 - [MESSAGE][PASSED] - Text '' is set on object 'Object Repository/IWP30/Page_VRelay30Emulator/UDF1'

26-08-2024T22:26:35 - [MESSAGE][PASSED] - Text '' is set on object 'Object Repository/IWP30/Page_VRelay30Emulator/UDF2'

26-08-2024T22:26:36 - [MESSAGE][PASSED] - Text '' is set on object 'Object Repository/IWP30/Page_VRelay30Emulator/UDF3'

26-08-2024T22:26:37 - [MESSAGE][PASSED] - Text 'udf data 4' is set on object 'Object Repository/IWP30/Page_VRelay30Emulator/UDF4'

26-08-2024T22:26:37 - [MESSAGE][PASSED] - Text 'udf data 5' is set on object 'Object Repository/IWP30/Page_VRelay30Emulator/UDF5'

26-08-2024T22:26:38 - [MESSAGE][PASSED] - Text '' is set on object 'Object Repository/IWP30/Page_VRelay30Emulator/UDF6'

26-08-2024T22:26:38 - [MESSAGE][PASSED] - Text '' is set on object 'Object Repository/IWP30/Page_VRelay30Emulator/UDF7'

26-08-2024T22:26:39 - [MESSAGE][PASSED] - Text '' is set on object 'Object Repository/IWP30/Page_VRelay30Emulator/UDF8'

26-08-2024T22:26:39 - [MESSAGE][PASSED] - Text 'udf data 9' is set on object 'Object Repository/IWP30/Page_VRelay30Emulator/UDF9'

26-08-2024T22:26:40 - [MESSAGE][PASSED] - Text 'udf data 10' is set on object 'Object Repository/IWP30/Page_VRelay30Emulator/UDF10'

26-08-2024T22:26:41 - [MESSAGE][PASSED] - Object: 'Object Repository/IWP30/Page_VRelay30Emulator/Submit' is clicked on

26-08-2024T22:26:46 - [MESSAGE][PASSED] - Browser is closed

26-08-2024T22:26:50 - [MESSAGE][PASSED] - iwpPages.emulatorIWP30.setDataEmulator_DD is PASSED

26-08-2024T22:26:50 - [TEST_STEP][PASSED] - testHarnessURL = urlTestHarness: null

26-08-2024T22:26:50 - [TEST_STEP][PASSED] - openBrowser(testHarnessURL): Browser is opened with url: 'https://dev-algorithm.govolution.com/vrelaytest/QA2/version_2_2/vrelaytest.html'

26-08-2024T22:26:50 - [MESSAGE][INFO] - Starting 'Edge Chromium' driver

26-08-2024T22:26:50 - [MESSAGE][INFO] - User set preference: ['acceptInsecureCerts', 'true']

26-08-2024T22:26:52 - [MESSAGE][INFO] - Action delay is set to 0 milliseconds

26-08-2024T22:26:56 - [MESSAGE][PASSED] - Browser is opened with url: 'https://dev-algorithm.govolution.com/vrelaytest/QA2/version_2_2/vrelaytest.html'

26-08-2024T22:26:56 - [TEST_STEP][PASSED] - maximizeWindow(): Current window maximized

26-08-2024T22:26:56 - [MESSAGE][PASSED] - Current window maximized

26-08-2024T22:26:56 - [TEST_STEP][PASSED] - iwpPages.TestHarnessPage.setDataMethod(row, dataFile): iwpPages.TestHarnessPage.setDataMethod is PASSED

26-08-2024T22:26:57 - [MESSAGE][PASSED] - Object 'Object Repository/IWP30/Page_QATestHarness/RemittanceID' is present

26-08-2024T22:26:57 - [MESSAGE][PASSED] - Text '639' is set on object 'Object Repository/IWP30/Page_QATestHarness/ApplicationID'

26-08-2024T22:26:58 - [MESSAGE][PASSED] - Text '2.5' is set on object 'Object Repository/IWP30/Page_QATestHarness/MessageVersion'

26-08-2024T22:26:59 - [MESSAGE][PASSED] - Text '4intg4RZeYFq' is set on object 'Object Repository/IWP30/Page_QATestHarness/RemittanceID'

26-08-2024T22:27:02 - [MESSAGE][PASSED] - Object: 'Object Repository/IWP30/Page_QATestHarness/SubmitButton' is clicked on

26-08-2024T22:27:02 - [MESSAGE][PASSED] - iwpPages.TestHarnessPage.setDataMethod is PASSED

26-08-2024T22:27:02 - [TEST_STEP][PASSED] - click(findTestObject("Object Repository/IWP30/Page_SelectPaymentMethod/PayByCorporateCheck")): Object: 'Object Repository/IWP30/Page_SelectPaymentMethod/PayByCorporateCheck' is clicked on

26-08-2024T22:27:03 - [MESSAGE][PASSED] - Object: 'Object Repository/IWP30/Page_SelectPaymentMethod/PayByCorporateCheck' is clicked on

26-08-2024T22:27:03 - [TEST_STEP][PASSED] - click(findTestObject("Object Repository/IWP30/Page_SelectPaymentMethod/MakePaymentButton")): Object: 'Object Repository/IWP30/Page_SelectPaymentMethod/MakePaymentButton' is clicked on

26-08-2024T22:27:05 - [MESSAGE][PASSED] - Object: 'Object Repository/IWP30/Page_SelectPaymentMethod/MakePaymentButton' is clicked on

26-08-2024T22:27:05 - [TEST_STEP][PASSED] - iwpPages.achCorporatePaymentEntryPage.setDataCorporate(row, dataFile): iwpPages.achCorporatePaymentEntryPage.setDataCorporate is PASSED

26-08-2024T22:27:06 - [MESSAGE][PASSED] - Object 'Object Repository/IWP30/Page_ACHCorporatePaymentEntry/txt_accountNumber' is present

26-08-2024T22:27:06 - [MESSAGE][PASSED] - Object 'Object Repository/IWP30/Page_ACHCorporatePaymentEntry/input_CompanyName' is present

26-08-2024T22:27:07 - [MESSAGE][PASSED] - Text 'My Company' is set on object 'Object Repository/IWP30/Page_ACHCorporatePaymentEntry/input_CompanyName'

26-08-2024T22:27:07 - [MESSAGE][PASSED] - Object 'Object Repository/IWP30/Page_ACHCorporatePaymentEntry/input_EIN' is present

26-08-2024T22:27:08 - [MESSAGE][PASSED] - Text '123456789' is set on object 'Object Repository/IWP30/Page_ACHCorporatePaymentEntry/input_EIN'

26-08-2024T22:27:08 - [MESSAGE][PASSED] - Text '10.50' is set on object 'Object Repository/IWP30/Page_ACHCorporatePaymentEntry/txt_Amount'

26-08-2024T22:27:09 - [MESSAGE][PASSED] - Text 'udf data 2' is set on object 'Object Repository/IWP30/Page_ACHCorporatePaymentEntry/txt_UDF2'

26-08-2024T22:27:10 - [MESSAGE][PASSED] - Text 'udf data 3' is set on object 'Object Repository/IWP30/Page_ACHCorporatePaymentEntry/txt_UDF3'

26-08-2024T22:27:10 - [MESSAGE][PASSED] - All options with label 'Orange' are selected in object 'Object Repository/IWP30/Page_ACHCorporatePaymentEntry/dd_UDF7' 

26-08-2024T22:27:11 - [MESSAGE][PASSED] - All options with label 'Soccer' are selected in object 'Object Repository/IWP30/Page_ACHCorporatePaymentEntry/dd_UDF8' 

26-08-2024T22:27:11 - [MESSAGE][PASSED] - Object 'Object Repository/IWP30/Page_ACHCorporatePaymentEntry/txt_routingNumber' is present

26-08-2024T22:27:12 - [MESSAGE][PASSED] - Text '256072691' is set on object 'Object Repository/IWP30/Page_ACHCorporatePaymentEntry/txt_routingNumber'

26-08-2024T22:27:12 - [MESSAGE][PASSED] - Object 'Object Repository/IWP30/Page_ACHCorporatePaymentEntry/txt_accountNumber' is present

26-08-2024T22:27:13 - [MESSAGE][PASSED] - Text '12344444' is set on object 'Object Repository/IWP30/Page_ACHCorporatePaymentEntry/txt_accountNumber'

26-08-2024T22:27:14 - [MESSAGE][PASSED] - Object 'Object Repository/IWP30/Page_ACHCorporatePaymentEntry/txt_confirmAccountNumber' is present

26-08-2024T22:27:14 - [MESSAGE][PASSED] - Text '12344444' is set on object 'Object Repository/IWP30/Page_ACHCorporatePaymentEntry/txt_confirmAccountNumber'

26-08-2024T22:27:15 - [MESSAGE][PASSED] - Text '365 Main Avenue' is set on object 'Object Repository/IWP30/Page_ACHCorporatePaymentEntry/txt_AL1'

26-08-2024T22:27:15 - [MESSAGE][PASSED] - Text '22201' is set on object 'Object Repository/IWP30/Page_ACHCorporatePaymentEntry/txt_ZIP'

26-08-2024T22:27:16 - [MESSAGE][PASSED] - Object 'Object Repository/IWP30/Page_ACHCorporatePaymentEntry/txt_Email' is present

26-08-2024T22:27:17 - [MESSAGE][PASSED] - Text 'iahmed@govolution.com' is set on object 'Object Repository/IWP30/Page_ACHCorporatePaymentEntry/txt_Email'

26-08-2024T22:27:17 - [MESSAGE][PASSED] - Object 'Object Repository/IWP30/Page_ACHCorporatePaymentEntry/cb_TermsAndCond' is present

26-08-2024T22:27:18 - [MESSAGE][PASSED] - Object: 'Object Repository/IWP30/Page_ACHCorporatePaymentEntry/cb_TermsAndCond' is clicked on

26-08-2024T22:27:18 - [MESSAGE][PASSED] - Object 'Object Repository/IWP30/Page_ACHCorporatePaymentEntry/btn_Continue' is present

26-08-2024T22:27:20 - [MESSAGE][PASSED] - Object: 'Object Repository/IWP30/Page_ACHCorporatePaymentEntry/btn_Continue' is clicked on

26-08-2024T22:27:20 - [MESSAGE][PASSED] - iwpPages.achCorporatePaymentEntryPage.setDataCorporate is PASSED

26-08-2024T22:27:20 - [TEST_STEP][PASSED] - click(findTestObject("Object Repository/IWP30/Page_Confirmation/ConfirmButton")): Object: 'Object Repository/IWP30/Page_Confirmation/ConfirmButton' is clicked on

26-08-2024T22:27:21 - [MESSAGE][PASSED] - Object: 'Object Repository/IWP30/Page_Confirmation/ConfirmButton' is clicked on

26-08-2024T22:27:21 - [TEST_STEP][PASSED] - Thread.sleep(5000): null

26-08-2024T22:27:26 - [TEST_STEP][PASSED] - if (verifyTextPresent("Make a Real Estate Payment", false)): null

26-08-2024T22:27:27 - [MESSAGE][PASSED] - Text 'Make a Real Estate Payment' is present on page 

26-08-2024T22:27:27 - [TEST_STEP][PASSED] - isRequiredTextPresent = true: null

26-08-2024T22:27:27 - [TEST_STEP][PASSED] - println(isRequiredTextPresent): null

26-08-2024T22:27:27 - [TEST_STEP][PASSED] - if (isRequiredTextPresent): null

26-08-2024T22:27:27 - [TEST_STEP][PASSED] - if (verifyTextPresent("This transaction is subject to a Convenience Fees of $2.00.", false)): null

26-08-2024T22:27:27 - [MESSAGE][PASSED] - Text 'This transaction is subject to a Convenience Fees of $2.00.' is present on page 

26-08-2024T22:27:27 - [TEST_STEP][PASSED] - isRequiredTextPresent = true: null

26-08-2024T22:27:27 - [TEST_STEP][PASSED] - println(isRequiredTextPresent): null

26-08-2024T22:27:27 - [TEST_STEP][PASSED] - if (isRequiredTextPresent): null

26-08-2024T22:27:27 - [TEST_STEP][PASSED] - if (verifyTextPresent("Payment Amount:  $10.50", false)): null

26-08-2024T22:27:27 - [MESSAGE][PASSED] - Text 'Payment Amount:  $10.50' is present on page 

26-08-2024T22:27:27 - [TEST_STEP][PASSED] - isRequiredTextPresent = true: null

26-08-2024T22:27:27 - [TEST_STEP][PASSED] - if (isRequiredTextPresent): null

26-08-2024T22:27:27 - [TEST_STEP][PASSED] - if (verifyTextPresent("Convenience Fees:  $2.00", false)): null

26-08-2024T22:27:27 - [MESSAGE][PASSED] - Text 'Convenience Fees:  $2.00' is present on page 

26-08-2024T22:27:27 - [TEST_STEP][PASSED] - isRequiredTextPresent = true: null

26-08-2024T22:27:27 - [TEST_STEP][PASSED] - if (isRequiredTextPresent): null

26-08-2024T22:27:27 - [TEST_STEP][PASSED] - if (verifyTextPresent("Total Amount:  $12.50", false)): null

26-08-2024T22:27:28 - [MESSAGE][PASSED] - Text 'Total Amount:  $12.50' is present on page 

26-08-2024T22:27:28 - [TEST_STEP][PASSED] - isRequiredTextPresent = true: null

26-08-2024T22:27:28 - [TEST_STEP][PASSED] - if (isRequiredTextPresent): null

26-08-2024T22:27:28 - [TEST_STEP][PASSED] - if (verifyTextPresent("One transaction in the amount of $12.50 will appear on your bank statement.", false)): null

26-08-2024T22:27:28 - [MESSAGE][PASSED] - Text 'One transaction in the amount of $12.50 will appear on your bank statement.' is present on page 

26-08-2024T22:27:28 - [TEST_STEP][PASSED] - isRequiredTextPresent = true: null

26-08-2024T22:27:28 - [TEST_STEP][PASSED] - Thread.sleep(10000): null

26-08-2024T22:27:38 - [TEST_STEP][PASSED] - click(findTestObject("Object Repository/IWP30/Page_ConvenienceFees/btn_convFeeNotifyAction")): Object: 'Object Repository/IWP30/Page_ConvenienceFees/btn_convFeeNotifyAction' is clicked on

26-08-2024T22:27:40 - [MESSAGE][PASSED] - Object: 'Object Repository/IWP30/Page_ConvenienceFees/btn_convFeeNotifyAction' is clicked on

26-08-2024T22:27:40 - [TEST_STEP][PASSED] - Thread.sleep(10000): null

26-08-2024T22:27:50 - [TEST_STEP][PASSED] - if (verifyTextPresent("Successful Payment Receipt", false)): null

26-08-2024T22:27:50 - [MESSAGE][PASSED] - Text 'Successful Payment Receipt' is present on page 

26-08-2024T22:27:50 - [TEST_STEP][PASSED] - println("Successful Payment Receipt text is present on the Receipt page"): null

26-08-2024T22:27:50 - [TEST_STEP][PASSED] - markPassed("Successful Payment Receipt text is present on the Receipt page"): Successful Payment Receipt text is present on the Receipt page

26-08-2024T22:27:50 - [MESSAGE][PASSED] - Successful Payment Receipt text is present on the Receipt page

26-08-2024T22:27:50 - [TEST_STEP][PASSED] - resText = "Pass": null

26-08-2024T22:27:50 - [TEST_STEP][PASSED] - pages.WriteExcel.demoKey(resText, datText, resColumn, datCloumn, fileLoc, nameSheet, row): pages.WriteExcel.demoKey is PASSED

26-08-2024T22:27:50 - [MESSAGE][PASSED] - pages.WriteExcel.demoKey is PASSED

26-08-2024T22:27:50 - [TEST_STEP][PASSED] - closeBrowser(): Browser is closed

26-08-2024T22:27:51 - [MESSAGE][PASSED] - Browser is closed

26-08-2024T22:27:51 - [TEST_STEP][PASSED] - ExecuteTC = findTestData(dataFile).getValue("Execute", row): null

26-08-2024T22:27:51 - [TEST_STEP][PASSED] - out.println("Value of Execute is : " + ExecuteTC): null

26-08-2024T22:27:51 - [TEST_STEP][PASSED] - if (ExecuteTC.equalsIgnoreCase("Y")): null

26-08-2024T22:27:51 - [TEST_STEP][PASSED] - out.println("Begin Record Number: " + row): null

26-08-2024T22:27:51 - [TEST_STEP][PASSED] - today = new java.util.Date(): null

26-08-2024T22:27:51 - [TEST_STEP][PASSED] - println(today): null

26-08-2024T22:27:51 - [TEST_STEP][PASSED] - datText = today: null

26-08-2024T22:27:51 - [TEST_STEP][PASSED] - EmulatorDataKey = findTestData(dataFile).getValue("EmulatorData", row): null

26-08-2024T22:27:51 - [TEST_STEP][PASSED] - out.println("Value of Emulator Key is : " + EmulatorDataKey): null

26-08-2024T22:27:51 - [TEST_STEP][PASSED] - iwpPages.emulatorIWP30.setDataEmulator_DD(EmulatorDataKey): iwpPages.emulatorIWP30.setDataEmulator_DD is PASSED

26-08-2024T22:27:51 - [MESSAGE][INFO] - Starting 'Edge Chromium' driver

26-08-2024T22:27:51 - [MESSAGE][INFO] - User set preference: ['acceptInsecureCerts', 'true']

26-08-2024T22:27:53 - [MESSAGE][INFO] - Action delay is set to 0 milliseconds

26-08-2024T22:27:57 - [MESSAGE][PASSED] - Browser is opened with url: 'https://qa2.velocitypayment.com/agency/config.do?action=editor&message_version=2_5'

26-08-2024T22:27:57 - [MESSAGE][PASSED] - Current window maximized

26-08-2024T22:27:58 - [MESSAGE][PASSED] - All options with value '2.5' are selected in object 'Object Repository/IWP30/Page_VRelay30Emulator/MV'  using regular expression

26-08-2024T22:27:58 - [MESSAGE][PASSED] - Text '10.50' is set on object 'Object Repository/IWP30/Page_VRelay30Emulator/Amount'

26-08-2024T22:27:59 - [MESSAGE][PASSED] - Text '26413255' is set on object 'Object Repository/IWP30/Page_VRelay30Emulator/CAN'

26-08-2024T22:28:00 - [MESSAGE][PASSED] - Text 'PayNow' is set on object 'Object Repository/IWP30/Page_VRelay30Emulator/Action'

26-08-2024T22:28:00 - [MESSAGE][PASSED] - Text 'en_US' is set on object 'Object Repository/IWP30/Page_VRelay30Emulator/Lang'

26-08-2024T22:28:01 - [MESSAGE][PASSED] - Text 'Jasmine' is set on object 'Object Repository/IWP30/Page_VRelay30Emulator/Fname'

26-08-2024T22:28:02 - [MESSAGE][PASSED] - Text 'Patrinol' is set on object 'Object Repository/IWP30/Page_VRelay30Emulator/Lname'

26-08-2024T22:28:02 - [MESSAGE][PASSED] - Text '258 Underwood rd' is set on object 'Object Repository/IWP30/Page_VRelay30Emulator/AL1'

26-08-2024T22:28:03 - [MESSAGE][PASSED] - Text 'Suite 600' is set on object 'Object Repository/IWP30/Page_VRelay30Emulator/AL2'

26-08-2024T22:28:03 - [MESSAGE][PASSED] - Text '840' is set on object 'Object Repository/IWP30/Page_VRelay30Emulator/Country'

26-08-2024T22:28:04 - [MESSAGE][PASSED] - Text 'Arlington' is set on object 'Object Repository/IWP30/Page_VRelay30Emulator/City'

26-08-2024T22:28:05 - [MESSAGE][PASSED] - Text 'VA' is set on object 'Object Repository/IWP30/Page_VRelay30Emulator/State'

26-08-2024T22:28:05 - [MESSAGE][PASSED] - Text '22201' is set on object 'Object Repository/IWP30/Page_VRelay30Emulator/ZIP'

26-08-2024T22:28:06 - [MESSAGE][PASSED] - Text '' is set on object 'Object Repository/IWP30/Page_VRelay30Emulator/Order'

26-08-2024T22:28:06 - [MESSAGE][PASSED] - Text 'Some Company' is set on object 'Object Repository/IWP30/Page_VRelay30Emulator/Company'

26-08-2024T22:28:07 - [MESSAGE][PASSED] - Text 'iahmed@govolution.com' is set on object 'Object Repository/IWP30/Page_VRelay30Emulator/Email'

26-08-2024T22:28:08 - [MESSAGE][PASSED] - Text 'udf data 1' is set on object 'Object Repository/IWP30/Page_VRelay30Emulator/UDF1'

26-08-2024T22:28:08 - [MESSAGE][PASSED] - Text 'udf data 2' is set on object 'Object Repository/IWP30/Page_VRelay30Emulator/UDF2'

26-08-2024T22:28:09 - [MESSAGE][PASSED] - Text 'udf data 3' is set on object 'Object Repository/IWP30/Page_VRelay30Emulator/UDF3'

26-08-2024T22:28:09 - [MESSAGE][PASSED] - Text 'udf data 4' is set on object 'Object Repository/IWP30/Page_VRelay30Emulator/UDF4'

26-08-2024T22:28:10 - [MESSAGE][PASSED] - Text 'udf data 5' is set on object 'Object Repository/IWP30/Page_VRelay30Emulator/UDF5'

26-08-2024T22:28:11 - [MESSAGE][PASSED] - Text 'udf data 6' is set on object 'Object Repository/IWP30/Page_VRelay30Emulator/UDF6'

26-08-2024T22:28:11 - [MESSAGE][PASSED] - Text 'Orange' is set on object 'Object Repository/IWP30/Page_VRelay30Emulator/UDF7'

26-08-2024T22:28:12 - [MESSAGE][PASSED] - Text 'Soccer' is set on object 'Object Repository/IWP30/Page_VRelay30Emulator/UDF8'

26-08-2024T22:28:13 - [MESSAGE][PASSED] - Text 'udf data 9' is set on object 'Object Repository/IWP30/Page_VRelay30Emulator/UDF9'

26-08-2024T22:28:13 - [MESSAGE][PASSED] - Text 'udf data 10' is set on object 'Object Repository/IWP30/Page_VRelay30Emulator/UDF10'

26-08-2024T22:28:14 - [MESSAGE][PASSED] - Object: 'Object Repository/IWP30/Page_VRelay30Emulator/Submit' is clicked on

26-08-2024T22:28:19 - [MESSAGE][PASSED] - Browser is closed

26-08-2024T22:28:23 - [MESSAGE][PASSED] - iwpPages.emulatorIWP30.setDataEmulator_DD is PASSED

26-08-2024T22:28:23 - [TEST_STEP][PASSED] - testHarnessURL = urlTestHarness: null

26-08-2024T22:28:23 - [TEST_STEP][PASSED] - openBrowser(testHarnessURL): Browser is opened with url: 'https://dev-algorithm.govolution.com/vrelaytest/QA2/version_2_2/vrelaytest.html'

26-08-2024T22:28:23 - [MESSAGE][INFO] - Starting 'Edge Chromium' driver

26-08-2024T22:28:23 - [MESSAGE][INFO] - User set preference: ['acceptInsecureCerts', 'true']

26-08-2024T22:28:25 - [MESSAGE][INFO] - Action delay is set to 0 milliseconds

26-08-2024T22:28:29 - [MESSAGE][PASSED] - Browser is opened with url: 'https://dev-algorithm.govolution.com/vrelaytest/QA2/version_2_2/vrelaytest.html'

26-08-2024T22:28:29 - [TEST_STEP][PASSED] - maximizeWindow(): Current window maximized

26-08-2024T22:28:29 - [MESSAGE][PASSED] - Current window maximized

26-08-2024T22:28:29 - [TEST_STEP][PASSED] - iwpPages.TestHarnessPage.setDataMethod(row, dataFile): iwpPages.TestHarnessPage.setDataMethod is PASSED

26-08-2024T22:28:29 - [MESSAGE][PASSED] - Object 'Object Repository/IWP30/Page_QATestHarness/RemittanceID' is present

26-08-2024T22:28:30 - [MESSAGE][PASSED] - Text '639' is set on object 'Object Repository/IWP30/Page_QATestHarness/ApplicationID'

26-08-2024T22:28:30 - [MESSAGE][PASSED] - Text '2.5' is set on object 'Object Repository/IWP30/Page_QATestHarness/MessageVersion'

26-08-2024T22:28:31 - [MESSAGE][PASSED] - Text '9ofSv1yvIZxK' is set on object 'Object Repository/IWP30/Page_QATestHarness/RemittanceID'

26-08-2024T22:28:35 - [MESSAGE][PASSED] - Object: 'Object Repository/IWP30/Page_QATestHarness/SubmitButton' is clicked on

26-08-2024T22:28:35 - [MESSAGE][PASSED] - iwpPages.TestHarnessPage.setDataMethod is PASSED

26-08-2024T22:28:35 - [TEST_STEP][PASSED] - click(findTestObject("Object Repository/IWP30/Page_SelectPaymentMethod/PayByCorporateCheck")): Object: 'Object Repository/IWP30/Page_SelectPaymentMethod/PayByCorporateCheck' is clicked on

26-08-2024T22:28:35 - [MESSAGE][PASSED] - Object: 'Object Repository/IWP30/Page_SelectPaymentMethod/PayByCorporateCheck' is clicked on

26-08-2024T22:28:35 - [TEST_STEP][PASSED] - click(findTestObject("Object Repository/IWP30/Page_SelectPaymentMethod/MakePaymentButton")): Object: 'Object Repository/IWP30/Page_SelectPaymentMethod/MakePaymentButton' is clicked on

26-08-2024T22:28:39 - [MESSAGE][PASSED] - Object: 'Object Repository/IWP30/Page_SelectPaymentMethod/MakePaymentButton' is clicked on

26-08-2024T22:28:39 - [TEST_STEP][PASSED] - iwpPages.achCorporatePaymentEntryPage.setDataCorporate(row, dataFile): iwpPages.achCorporatePaymentEntryPage.setDataCorporate is PASSED

26-08-2024T22:28:40 - [MESSAGE][PASSED] - Object 'Object Repository/IWP30/Page_ACHCorporatePaymentEntry/txt_accountNumber' is present

26-08-2024T22:28:40 - [MESSAGE][PASSED] - Object 'Object Repository/IWP30/Page_ACHCorporatePaymentEntry/input_CompanyName' is present

26-08-2024T22:28:40 - [MESSAGE][PASSED] - Object 'Object Repository/IWP30/Page_ACHCorporatePaymentEntry/input_EIN' is present

26-08-2024T22:28:41 - [MESSAGE][PASSED] - Text '123456789' is set on object 'Object Repository/IWP30/Page_ACHCorporatePaymentEntry/input_EIN'

26-08-2024T22:28:41 - [MESSAGE][PASSED] - All options with label 'Soccer' are selected in object 'Object Repository/IWP30/Page_ACHCorporatePaymentEntry/dd_UDF8' 

26-08-2024T22:28:42 - [MESSAGE][PASSED] - Object 'Object Repository/IWP30/Page_ACHCorporatePaymentEntry/txt_routingNumber' is present

26-08-2024T22:28:42 - [MESSAGE][PASSED] - Text '256072691' is set on object 'Object Repository/IWP30/Page_ACHCorporatePaymentEntry/txt_routingNumber'

26-08-2024T22:28:42 - [MESSAGE][PASSED] - Object 'Object Repository/IWP30/Page_ACHCorporatePaymentEntry/txt_accountNumber' is present

26-08-2024T22:28:43 - [MESSAGE][PASSED] - Text '12344444' is set on object 'Object Repository/IWP30/Page_ACHCorporatePaymentEntry/txt_accountNumber'

26-08-2024T22:28:44 - [MESSAGE][PASSED] - Object 'Object Repository/IWP30/Page_ACHCorporatePaymentEntry/txt_confirmAccountNumber' is present

26-08-2024T22:28:44 - [MESSAGE][PASSED] - Text '12344444' is set on object 'Object Repository/IWP30/Page_ACHCorporatePaymentEntry/txt_confirmAccountNumber'

26-08-2024T22:28:45 - [MESSAGE][PASSED] - Object 'Object Repository/IWP30/Page_ACHCorporatePaymentEntry/txt_Email' is present

26-08-2024T22:28:45 - [MESSAGE][PASSED] - Object 'Object Repository/IWP30/Page_ACHCorporatePaymentEntry/cb_TermsAndCond' is present

26-08-2024T22:28:45 - [MESSAGE][PASSED] - Object: 'Object Repository/IWP30/Page_ACHCorporatePaymentEntry/cb_TermsAndCond' is clicked on

26-08-2024T22:28:45 - [MESSAGE][PASSED] - Object 'Object Repository/IWP30/Page_ACHCorporatePaymentEntry/btn_Continue' is present

26-08-2024T22:28:47 - [MESSAGE][PASSED] - Object: 'Object Repository/IWP30/Page_ACHCorporatePaymentEntry/btn_Continue' is clicked on

26-08-2024T22:28:47 - [MESSAGE][PASSED] - iwpPages.achCorporatePaymentEntryPage.setDataCorporate is PASSED

26-08-2024T22:28:47 - [TEST_STEP][PASSED] - click(findTestObject("Object Repository/IWP30/Page_Confirmation/ConfirmButton")): Object: 'Object Repository/IWP30/Page_Confirmation/ConfirmButton' is clicked on

26-08-2024T22:28:49 - [MESSAGE][PASSED] - Object: 'Object Repository/IWP30/Page_Confirmation/ConfirmButton' is clicked on

26-08-2024T22:28:49 - [TEST_STEP][PASSED] - Thread.sleep(5000): null

26-08-2024T22:28:54 - [TEST_STEP][PASSED] - if (verifyTextPresent("Make a Real Estate Payment", false)): null

26-08-2024T22:28:55 - [MESSAGE][PASSED] - Text 'Make a Real Estate Payment' is present on page 

26-08-2024T22:28:55 - [TEST_STEP][PASSED] - isRequiredTextPresent = true: null

26-08-2024T22:28:55 - [TEST_STEP][PASSED] - println(isRequiredTextPresent): null

26-08-2024T22:28:55 - [TEST_STEP][PASSED] - if (isRequiredTextPresent): null

26-08-2024T22:28:55 - [TEST_STEP][PASSED] - if (verifyTextPresent("This transaction is subject to a Convenience Fees of $2.00.", false)): null

26-08-2024T22:28:55 - [MESSAGE][PASSED] - Text 'This transaction is subject to a Convenience Fees of $2.00.' is present on page 

26-08-2024T22:28:55 - [TEST_STEP][PASSED] - isRequiredTextPresent = true: null

26-08-2024T22:28:55 - [TEST_STEP][PASSED] - println(isRequiredTextPresent): null

26-08-2024T22:28:55 - [TEST_STEP][PASSED] - if (isRequiredTextPresent): null

26-08-2024T22:28:55 - [TEST_STEP][PASSED] - if (verifyTextPresent("Payment Amount:  $10.50", false)): null

26-08-2024T22:28:55 - [MESSAGE][PASSED] - Text 'Payment Amount:  $10.50' is present on page 

26-08-2024T22:28:55 - [TEST_STEP][PASSED] - isRequiredTextPresent = true: null

26-08-2024T22:28:55 - [TEST_STEP][PASSED] - if (isRequiredTextPresent): null

26-08-2024T22:28:55 - [TEST_STEP][PASSED] - if (verifyTextPresent("Convenience Fees:  $2.00", false)): null

26-08-2024T22:28:55 - [MESSAGE][PASSED] - Text 'Convenience Fees:  $2.00' is present on page 

26-08-2024T22:28:55 - [TEST_STEP][PASSED] - isRequiredTextPresent = true: null

26-08-2024T22:28:55 - [TEST_STEP][PASSED] - if (isRequiredTextPresent): null

26-08-2024T22:28:55 - [TEST_STEP][PASSED] - if (verifyTextPresent("Total Amount:  $12.50", false)): null

26-08-2024T22:28:56 - [MESSAGE][PASSED] - Text 'Total Amount:  $12.50' is present on page 

26-08-2024T22:28:56 - [TEST_STEP][PASSED] - isRequiredTextPresent = true: null

26-08-2024T22:28:56 - [TEST_STEP][PASSED] - if (isRequiredTextPresent): null

26-08-2024T22:28:56 - [TEST_STEP][PASSED] - if (verifyTextPresent("One transaction in the amount of $12.50 will appear on your bank statement.", false)): null

26-08-2024T22:28:56 - [MESSAGE][PASSED] - Text 'One transaction in the amount of $12.50 will appear on your bank statement.' is present on page 

26-08-2024T22:28:56 - [TEST_STEP][PASSED] - isRequiredTextPresent = true: null

26-08-2024T22:28:56 - [TEST_STEP][PASSED] - Thread.sleep(10000): null

26-08-2024T22:29:06 - [TEST_STEP][PASSED] - click(findTestObject("Object Repository/IWP30/Page_ConvenienceFees/btn_convFeeNotifyAction")): Object: 'Object Repository/IWP30/Page_ConvenienceFees/btn_convFeeNotifyAction' is clicked on

26-08-2024T22:29:08 - [MESSAGE][PASSED] - Object: 'Object Repository/IWP30/Page_ConvenienceFees/btn_convFeeNotifyAction' is clicked on

26-08-2024T22:29:08 - [TEST_STEP][PASSED] - Thread.sleep(10000): null

26-08-2024T22:29:18 - [TEST_STEP][PASSED] - if (verifyTextPresent("Successful Payment Receipt", false)): null

26-08-2024T22:29:19 - [MESSAGE][PASSED] - Text 'Successful Payment Receipt' is present on page 

26-08-2024T22:29:19 - [TEST_STEP][PASSED] - println("Successful Payment Receipt text is present on the Receipt page"): null

26-08-2024T22:29:19 - [TEST_STEP][PASSED] - markPassed("Successful Payment Receipt text is present on the Receipt page"): Successful Payment Receipt text is present on the Receipt page

26-08-2024T22:29:19 - [MESSAGE][PASSED] - Successful Payment Receipt text is present on the Receipt page

26-08-2024T22:29:19 - [TEST_STEP][PASSED] - resText = "Pass": null

26-08-2024T22:29:19 - [TEST_STEP][PASSED] - pages.WriteExcel.demoKey(resText, datText, resColumn, datCloumn, fileLoc, nameSheet, row): pages.WriteExcel.demoKey is PASSED

26-08-2024T22:29:19 - [MESSAGE][PASSED] - pages.WriteExcel.demoKey is PASSED

26-08-2024T22:29:19 - [TEST_STEP][PASSED] - closeBrowser(): Browser is closed

26-08-2024T22:29:20 - [MESSAGE][PASSED] - Browser is closed]]></system-out>
         <system-err><![CDATA[]]></system-err>
      </testcase>
      <testcase name="Test Cases/IntegratedWeb/IWP25/Payments/PayNowPersonalCheckDCF" time="182.494" classname="Test Cases/IntegratedWeb/IWP25/Payments/PayNowPersonalCheckDCF" status="PASSED">
         <system-out><![CDATA[26-08-2024T22:29:20 - [TEST_CASE][PASSED] - Test Cases/IntegratedWeb/IWP25/Payments/PayNowPersonalCheckDCF: Test Cases/IntegratedWeb/IWP25/Payments/PayNowPersonalCheckDCF

26-08-2024T22:29:20 - [TEST_STEP][PASSED] - resText = "Fail": null

26-08-2024T22:29:20 - [TEST_STEP][PASSED] - resColumn = "Result": null

26-08-2024T22:29:20 - [TEST_STEP][PASSED] - datCloumn = "Date": null

26-08-2024T22:29:20 - [TEST_STEP][PASSED] - fileLoc = "KatalonData/IWPTestData/VRelay25Payments.xlsx": null

26-08-2024T22:29:20 - [TEST_STEP][PASSED] - numOfRows = <not implemented yet for class: org.codehaus.groovy.ast.expr.EmptyExpression>: null

26-08-2024T22:29:20 - [TEST_STEP][PASSED] - dataFile = <not implemented yet for class: org.codehaus.groovy.ast.expr.EmptyExpression>: null

26-08-2024T22:29:20 - [TEST_STEP][PASSED] - nameSheet = <not implemented yet for class: org.codehaus.groovy.ast.expr.EmptyExpression>: null

26-08-2024T22:29:20 - [TEST_STEP][PASSED] - dataFileEmulator = <not implemented yet for class: org.codehaus.groovy.ast.expr.EmptyExpression>: null

26-08-2024T22:29:20 - [TEST_STEP][PASSED] - isRequiredTextPresent = false: null

26-08-2024T22:29:20 - [TEST_STEP][PASSED] - nameSheet = "PayNowPersonalCheckDCF": null

26-08-2024T22:29:20 - [TEST_STEP][PASSED] - dataFile = "IWPTestData/IWP25PayNowPersonalCheckDCF": null

26-08-2024T22:29:20 - [TEST_STEP][PASSED] - dataFileEmulator = "IWPTestData/EmulatorData": null

26-08-2024T22:29:20 - [TEST_STEP][PASSED] - numOfRows = findTestData(dataFile).getRowNumbers(): null

26-08-2024T22:29:20 - [TEST_STEP][PASSED] - println("Number of Records: " + numOfRows): null

26-08-2024T22:29:20 - [TEST_STEP][PASSED] - for ([row = 1, row <= numOfRows, (row++)]): Browser is closed

26-08-2024T22:29:20 - [TEST_STEP][PASSED] - ExecuteTC = findTestData(dataFile).getValue("Execute", row): null

26-08-2024T22:29:20 - [TEST_STEP][PASSED] - out.println("Value of Execute is : " + ExecuteTC): null

26-08-2024T22:29:20 - [TEST_STEP][PASSED] - if (ExecuteTC.equalsIgnoreCase("Y")): null

26-08-2024T22:29:20 - [TEST_STEP][PASSED] - out.println("Begin Record Number: " + row): null

26-08-2024T22:29:20 - [TEST_STEP][PASSED] - today = new java.util.Date(): null

26-08-2024T22:29:20 - [TEST_STEP][PASSED] - println(today): null

26-08-2024T22:29:20 - [TEST_STEP][PASSED] - datText = today: null

26-08-2024T22:29:20 - [TEST_STEP][PASSED] - EmulatorDataKey = findTestData(dataFile).getValue("EmulatorData", row): null

26-08-2024T22:29:20 - [TEST_STEP][PASSED] - out.println("Value of Emulator Key is : " + EmulatorDataKey): null

26-08-2024T22:29:20 - [TEST_STEP][PASSED] - iwpPages.emulatorIWP30.setDataEmulator_DD(EmulatorDataKey): iwpPages.emulatorIWP30.setDataEmulator_DD is PASSED

26-08-2024T22:29:20 - [MESSAGE][INFO] - Starting 'Edge Chromium' driver

26-08-2024T22:29:20 - [MESSAGE][INFO] - User set preference: ['acceptInsecureCerts', 'true']

26-08-2024T22:29:22 - [MESSAGE][INFO] - Action delay is set to 0 milliseconds

26-08-2024T22:29:26 - [MESSAGE][PASSED] - Browser is opened with url: 'https://qa2.velocitypayment.com/agency/config.do?action=editor&message_version=2_5'

26-08-2024T22:29:26 - [MESSAGE][PASSED] - Current window maximized

26-08-2024T22:29:27 - [MESSAGE][PASSED] - All options with value '2.5' are selected in object 'Object Repository/IWP30/Page_VRelay30Emulator/MV'  using regular expression

26-08-2024T22:29:28 - [MESSAGE][PASSED] - Text '10.50' is set on object 'Object Repository/IWP30/Page_VRelay30Emulator/Amount'

26-08-2024T22:29:29 - [MESSAGE][PASSED] - Text '26413414' is set on object 'Object Repository/IWP30/Page_VRelay30Emulator/CAN'

26-08-2024T22:29:29 - [MESSAGE][PASSED] - Text 'PayNow' is set on object 'Object Repository/IWP30/Page_VRelay30Emulator/Action'

26-08-2024T22:29:30 - [MESSAGE][PASSED] - Text 'en_US' is set on object 'Object Repository/IWP30/Page_VRelay30Emulator/Lang'

26-08-2024T22:29:30 - [MESSAGE][PASSED] - Text '' is set on object 'Object Repository/IWP30/Page_VRelay30Emulator/Fname'

26-08-2024T22:29:31 - [MESSAGE][PASSED] - Text '' is set on object 'Object Repository/IWP30/Page_VRelay30Emulator/Lname'

26-08-2024T22:29:32 - [MESSAGE][PASSED] - Text '' is set on object 'Object Repository/IWP30/Page_VRelay30Emulator/AL1'

26-08-2024T22:29:32 - [MESSAGE][PASSED] - Text '' is set on object 'Object Repository/IWP30/Page_VRelay30Emulator/AL2'

26-08-2024T22:29:33 - [MESSAGE][PASSED] - Text '' is set on object 'Object Repository/IWP30/Page_VRelay30Emulator/Country'

26-08-2024T22:29:33 - [MESSAGE][PASSED] - Text '' is set on object 'Object Repository/IWP30/Page_VRelay30Emulator/City'

26-08-2024T22:29:34 - [MESSAGE][PASSED] - Text '' is set on object 'Object Repository/IWP30/Page_VRelay30Emulator/State'

26-08-2024T22:29:35 - [MESSAGE][PASSED] - Text '' is set on object 'Object Repository/IWP30/Page_VRelay30Emulator/ZIP'

26-08-2024T22:29:35 - [MESSAGE][PASSED] - Text '' is set on object 'Object Repository/IWP30/Page_VRelay30Emulator/Order'

26-08-2024T22:29:36 - [MESSAGE][PASSED] - Text '' is set on object 'Object Repository/IWP30/Page_VRelay30Emulator/Company'

26-08-2024T22:29:37 - [MESSAGE][PASSED] - Text '' is set on object 'Object Repository/IWP30/Page_VRelay30Emulator/Email'

26-08-2024T22:29:37 - [MESSAGE][PASSED] - Text '' is set on object 'Object Repository/IWP30/Page_VRelay30Emulator/UDF1'

26-08-2024T22:29:38 - [MESSAGE][PASSED] - Text '' is set on object 'Object Repository/IWP30/Page_VRelay30Emulator/UDF2'

26-08-2024T22:29:38 - [MESSAGE][PASSED] - Text '' is set on object 'Object Repository/IWP30/Page_VRelay30Emulator/UDF3'

26-08-2024T22:29:39 - [MESSAGE][PASSED] - Text 'udf data 4' is set on object 'Object Repository/IWP30/Page_VRelay30Emulator/UDF4'

26-08-2024T22:29:40 - [MESSAGE][PASSED] - Text 'udf data 5' is set on object 'Object Repository/IWP30/Page_VRelay30Emulator/UDF5'

26-08-2024T22:29:40 - [MESSAGE][PASSED] - Text '' is set on object 'Object Repository/IWP30/Page_VRelay30Emulator/UDF6'

26-08-2024T22:29:41 - [MESSAGE][PASSED] - Text '' is set on object 'Object Repository/IWP30/Page_VRelay30Emulator/UDF7'

26-08-2024T22:29:41 - [MESSAGE][PASSED] - Text '' is set on object 'Object Repository/IWP30/Page_VRelay30Emulator/UDF8'

26-08-2024T22:29:42 - [MESSAGE][PASSED] - Text 'udf data 9' is set on object 'Object Repository/IWP30/Page_VRelay30Emulator/UDF9'

26-08-2024T22:29:43 - [MESSAGE][PASSED] - Text 'udf data 10' is set on object 'Object Repository/IWP30/Page_VRelay30Emulator/UDF10'

26-08-2024T22:29:44 - [MESSAGE][PASSED] - Object: 'Object Repository/IWP30/Page_VRelay30Emulator/Submit' is clicked on

26-08-2024T22:29:48 - [MESSAGE][PASSED] - Browser is closed

26-08-2024T22:29:52 - [MESSAGE][PASSED] - iwpPages.emulatorIWP30.setDataEmulator_DD is PASSED

26-08-2024T22:29:52 - [TEST_STEP][PASSED] - testHarnessURL = urlTestHarness: null

26-08-2024T22:29:52 - [TEST_STEP][PASSED] - openBrowser(testHarnessURL): Browser is opened with url: 'https://dev-algorithm.govolution.com/vrelaytest/QA2/version_2_2/vrelaytest.html'

26-08-2024T22:29:52 - [MESSAGE][INFO] - Starting 'Edge Chromium' driver

26-08-2024T22:29:52 - [MESSAGE][INFO] - User set preference: ['acceptInsecureCerts', 'true']

26-08-2024T22:29:54 - [MESSAGE][INFO] - Action delay is set to 0 milliseconds

26-08-2024T22:29:58 - [MESSAGE][PASSED] - Browser is opened with url: 'https://dev-algorithm.govolution.com/vrelaytest/QA2/version_2_2/vrelaytest.html'

26-08-2024T22:29:58 - [TEST_STEP][PASSED] - maximizeWindow(): Current window maximized

26-08-2024T22:29:58 - [MESSAGE][PASSED] - Current window maximized

26-08-2024T22:29:58 - [TEST_STEP][PASSED] - iwpPages.TestHarnessPage.setDataMethod(row, dataFile): iwpPages.TestHarnessPage.setDataMethod is PASSED

26-08-2024T22:29:58 - [MESSAGE][PASSED] - Object 'Object Repository/IWP30/Page_QATestHarness/RemittanceID' is present

26-08-2024T22:29:59 - [MESSAGE][PASSED] - Text '640' is set on object 'Object Repository/IWP30/Page_QATestHarness/ApplicationID'

26-08-2024T22:30:00 - [MESSAGE][PASSED] - Text '2.5' is set on object 'Object Repository/IWP30/Page_QATestHarness/MessageVersion'

26-08-2024T22:30:00 - [MESSAGE][PASSED] - Text 'Xw8W17qUV4fn' is set on object 'Object Repository/IWP30/Page_QATestHarness/RemittanceID'

26-08-2024T22:30:04 - [MESSAGE][PASSED] - Object: 'Object Repository/IWP30/Page_QATestHarness/SubmitButton' is clicked on

26-08-2024T22:30:04 - [MESSAGE][PASSED] - iwpPages.TestHarnessPage.setDataMethod is PASSED

26-08-2024T22:30:04 - [TEST_STEP][PASSED] - click(findTestObject("Object Repository/IWP30/Page_SelectPaymentMethod/PayByPersonalCheck")): Object: 'Object Repository/IWP30/Page_SelectPaymentMethod/PayByPersonalCheck' is clicked on

26-08-2024T22:30:04 - [MESSAGE][PASSED] - Object: 'Object Repository/IWP30/Page_SelectPaymentMethod/PayByPersonalCheck' is clicked on

26-08-2024T22:30:04 - [TEST_STEP][PASSED] - click(findTestObject("Object Repository/IWP30/Page_SelectPaymentMethod/MakePaymentButton")): Object: 'Object Repository/IWP30/Page_SelectPaymentMethod/MakePaymentButton' is clicked on

26-08-2024T22:30:08 - [MESSAGE][PASSED] - Object: 'Object Repository/IWP30/Page_SelectPaymentMethod/MakePaymentButton' is clicked on

26-08-2024T22:30:08 - [TEST_STEP][PASSED] - iwpPages.achPersonalPaymentEntryPage.setDataACHPPM(row, dataFile): iwpPages.achPersonalPaymentEntryPage.setDataACHPPM is PASSED

26-08-2024T22:30:08 - [MESSAGE][PASSED] - Object 'Object Repository/IWP30/Page_ACHPersonalPaymentEntry/txt_accountNumber' is present

26-08-2024T22:30:09 - [MESSAGE][PASSED] - Text '10.50' is set on object 'Object Repository/IWP30/Page_ACHPersonalPaymentEntry/txt_Amount'

26-08-2024T22:30:09 - [MESSAGE][PASSED] - Object 'Object Repository/IWP30/Page_ACHPersonalPaymentEntry/txt_UDF2' is present

26-08-2024T22:30:10 - [MESSAGE][PASSED] - Text 'udf data 2' is set on object 'Object Repository/IWP30/Page_ACHPersonalPaymentEntry/txt_UDF2'

26-08-2024T22:30:10 - [MESSAGE][PASSED] - Text 'udf data 3' is set on object 'Object Repository/IWP30/Page_ACHPersonalPaymentEntry/txt_UDF3'

26-08-2024T22:30:11 - [MESSAGE][PASSED] - All options with label 'Orange' are selected in object 'Object Repository/IWP30/Page_ACHPersonalPaymentEntry/dd_UDF7' 

26-08-2024T22:30:12 - [MESSAGE][PASSED] - All options with label 'Soccer' are selected in object 'Object Repository/IWP30/Page_ACHPersonalPaymentEntry/dd_UDF8' 

26-08-2024T22:30:12 - [MESSAGE][PASSED] - Object 'Object Repository/IWP30/Page_ACHPersonalPaymentEntry/txt_Firstname' is present

26-08-2024T22:30:12 - [MESSAGE][PASSED] - Text 'Elizath' is set on object 'Object Repository/IWP30/Page_ACHPersonalPaymentEntry/txt_Firstname'

26-08-2024T22:30:13 - [MESSAGE][PASSED] - Object 'Object Repository/IWP30/Page_ACHPersonalPaymentEntry/txt_Lastname' is present

26-08-2024T22:30:13 - [MESSAGE][PASSED] - Text 'Christine' is set on object 'Object Repository/IWP30/Page_ACHPersonalPaymentEntry/txt_Lastname'

26-08-2024T22:30:14 - [MESSAGE][PASSED] - Object 'Object Repository/IWP30/Page_ACHPersonalPaymentEntry/txt_routingNumber' is present

26-08-2024T22:30:14 - [MESSAGE][PASSED] - Text '256072691' is set on object 'Object Repository/IWP30/Page_ACHPersonalPaymentEntry/txt_routingNumber'

26-08-2024T22:30:14 - [MESSAGE][PASSED] - Object 'Object Repository/IWP30/Page_ACHPersonalPaymentEntry/txt_accountNumber' is present

26-08-2024T22:30:15 - [MESSAGE][PASSED] - Text '12344444' is set on object 'Object Repository/IWP30/Page_ACHPersonalPaymentEntry/txt_accountNumber'

26-08-2024T22:30:16 - [MESSAGE][PASSED] - Object 'Object Repository/IWP30/Page_ACHPersonalPaymentEntry/txt_confirmAccountNumber' is present

26-08-2024T22:30:16 - [MESSAGE][PASSED] - Text '12344444' is set on object 'Object Repository/IWP30/Page_ACHPersonalPaymentEntry/txt_confirmAccountNumber'

26-08-2024T22:30:17 - [MESSAGE][PASSED] - Object 'Object Repository/IWP30/Page_ACHPersonalPaymentEntry/rd_accountType' is present

26-08-2024T22:30:17 - [MESSAGE][PASSED] - Modify property of object successfully

26-08-2024T22:30:17 - [MESSAGE][PASSED] - Object: 'Object Repository/IWP30/Page_ACHPersonalPaymentEntry/rd_accountType' is clicked on

26-08-2024T22:30:18 - [MESSAGE][PASSED] - Text '365 Main Avenue' is set on object 'Object Repository/IWP30/Page_ACHPersonalPaymentEntry/txt_AL1'

26-08-2024T22:30:18 - [MESSAGE][PASSED] - Text '22201' is set on object 'Object Repository/IWP30/Page_ACHPersonalPaymentEntry/txt_ZIP'

26-08-2024T22:30:18 - [MESSAGE][PASSED] - Object 'Object Repository/IWP30/Page_ACHPersonalPaymentEntry/txt_Email' is present

26-08-2024T22:30:19 - [MESSAGE][PASSED] - Text 'iahmed@govolution.com' is set on object 'Object Repository/IWP30/Page_ACHPersonalPaymentEntry/txt_Email'

26-08-2024T22:30:20 - [MESSAGE][PASSED] - Object 'Object Repository/IWP30/Page_ACHPersonalPaymentEntry/cb_TermsAndCond' is present

26-08-2024T22:30:20 - [MESSAGE][PASSED] - Object: 'Object Repository/IWP30/Page_ACHPersonalPaymentEntry/cb_TermsAndCond' is clicked on

26-08-2024T22:30:20 - [MESSAGE][PASSED] - Object 'Object Repository/IWP30/Page_ACHPersonalPaymentEntry/btn_Continue' is present

26-08-2024T22:30:21 - [MESSAGE][PASSED] - Object: 'Object Repository/IWP30/Page_ACHPersonalPaymentEntry/btn_Continue' is clicked on

26-08-2024T22:30:21 - [MESSAGE][PASSED] - iwpPages.achPersonalPaymentEntryPage.setDataACHPPM is PASSED

26-08-2024T22:30:21 - [TEST_STEP][PASSED] - click(findTestObject("Object Repository/IWP30/Page_Confirmation/ConfirmButton")): Object: 'Object Repository/IWP30/Page_Confirmation/ConfirmButton' is clicked on

26-08-2024T22:30:23 - [MESSAGE][PASSED] - Object: 'Object Repository/IWP30/Page_Confirmation/ConfirmButton' is clicked on

26-08-2024T22:30:23 - [TEST_STEP][PASSED] - Thread.sleep(5000): null

26-08-2024T22:30:28 - [TEST_STEP][PASSED] - println("I am on real estate page"): null

26-08-2024T22:30:28 - [TEST_STEP][PASSED] - if (verifyTextPresent("Make a Real Estate Payment", false)): null

26-08-2024T22:30:28 - [MESSAGE][PASSED] - Text 'Make a Real Estate Payment' is present on page 

26-08-2024T22:30:28 - [TEST_STEP][PASSED] - isRequiredTextPresent = true: null

26-08-2024T22:30:28 - [TEST_STEP][PASSED] - println(isRequiredTextPresent): null

26-08-2024T22:30:28 - [TEST_STEP][PASSED] - if (isRequiredTextPresent): null

26-08-2024T22:30:28 - [TEST_STEP][PASSED] - if (verifyTextPresent("This transaction is subject to a Convenience Fees of $2.00.", false)): null

26-08-2024T22:30:29 - [MESSAGE][PASSED] - Text 'This transaction is subject to a Convenience Fees of $2.00.' is present on page 

26-08-2024T22:30:29 - [TEST_STEP][PASSED] - isRequiredTextPresent = true: null

26-08-2024T22:30:29 - [TEST_STEP][PASSED] - println(isRequiredTextPresent): null

26-08-2024T22:30:29 - [TEST_STEP][PASSED] - if (isRequiredTextPresent): null

26-08-2024T22:30:29 - [TEST_STEP][PASSED] - if (verifyTextPresent("Payment Amount:  $10.50", false)): null

26-08-2024T22:30:29 - [MESSAGE][PASSED] - Text 'Payment Amount:  $10.50' is present on page 

26-08-2024T22:30:29 - [TEST_STEP][PASSED] - isRequiredTextPresent = true: null

26-08-2024T22:30:29 - [TEST_STEP][PASSED] - if (isRequiredTextPresent): null

26-08-2024T22:30:29 - [TEST_STEP][PASSED] - if (verifyTextPresent("Convenience Fees:  $2.00", false)): null

26-08-2024T22:30:29 - [MESSAGE][PASSED] - Text 'Convenience Fees:  $2.00' is present on page 

26-08-2024T22:30:29 - [TEST_STEP][PASSED] - isRequiredTextPresent = true: null

26-08-2024T22:30:29 - [TEST_STEP][PASSED] - if (isRequiredTextPresent): null

26-08-2024T22:30:29 - [TEST_STEP][PASSED] - if (verifyTextPresent("Total Amount:  $12.50", false)): null

26-08-2024T22:30:29 - [MESSAGE][PASSED] - Text 'Total Amount:  $12.50' is present on page 

26-08-2024T22:30:29 - [TEST_STEP][PASSED] - isRequiredTextPresent = true: null

26-08-2024T22:30:29 - [TEST_STEP][PASSED] - if (isRequiredTextPresent): null

26-08-2024T22:30:29 - [TEST_STEP][PASSED] - if (verifyTextPresent("Two transactions will appear on your bank statement, one in the amount of $10.50 and one in the amount of $2.00.", false)): null

26-08-2024T22:30:30 - [MESSAGE][PASSED] - Text 'Two transactions will appear on your bank statement, one in the amount of $10.50 and one in the amount of $2.00.' is present on page 

26-08-2024T22:30:30 - [TEST_STEP][PASSED] - isRequiredTextPresent = true: null

26-08-2024T22:30:30 - [TEST_STEP][PASSED] - Thread.sleep(10000): null

26-08-2024T22:30:40 - [TEST_STEP][PASSED] - click(findTestObject("Object Repository/IWP30/Page_ConvenienceFees/btn_convFeeNotifyAction")): Object: 'Object Repository/IWP30/Page_ConvenienceFees/btn_convFeeNotifyAction' is clicked on

26-08-2024T22:30:42 - [MESSAGE][PASSED] - Object: 'Object Repository/IWP30/Page_ConvenienceFees/btn_convFeeNotifyAction' is clicked on

26-08-2024T22:30:42 - [TEST_STEP][PASSED] - Thread.sleep(10000): null

26-08-2024T22:30:52 - [TEST_STEP][PASSED] - if (verifyTextPresent("Successful Payment Receipt", false)): null

26-08-2024T22:30:52 - [MESSAGE][PASSED] - Text 'Successful Payment Receipt' is present on page 

26-08-2024T22:30:52 - [TEST_STEP][PASSED] - println("Successful Payment Receipt text is present on the Receipt page"): null

26-08-2024T22:30:52 - [TEST_STEP][PASSED] - markPassed("Successful Payment Receipt text is present on the Receipt page"): Successful Payment Receipt text is present on the Receipt page

26-08-2024T22:30:52 - [MESSAGE][PASSED] - Successful Payment Receipt text is present on the Receipt page

26-08-2024T22:30:52 - [TEST_STEP][PASSED] - resText = "Pass": null

26-08-2024T22:30:52 - [TEST_STEP][PASSED] - pages.WriteExcel.demoKey(resText, datText, resColumn, datCloumn, fileLoc, nameSheet, row): pages.WriteExcel.demoKey is PASSED

26-08-2024T22:30:52 - [MESSAGE][PASSED] - pages.WriteExcel.demoKey is PASSED

26-08-2024T22:30:52 - [TEST_STEP][PASSED] - closeBrowser(): Browser is closed

26-08-2024T22:30:52 - [MESSAGE][PASSED] - Browser is closed

26-08-2024T22:30:52 - [TEST_STEP][PASSED] - ExecuteTC = findTestData(dataFile).getValue("Execute", row): null

26-08-2024T22:30:53 - [TEST_STEP][PASSED] - out.println("Value of Execute is : " + ExecuteTC): null

26-08-2024T22:30:53 - [TEST_STEP][PASSED] - if (ExecuteTC.equalsIgnoreCase("Y")): null

26-08-2024T22:30:53 - [TEST_STEP][PASSED] - out.println("Begin Record Number: " + row): null

26-08-2024T22:30:53 - [TEST_STEP][PASSED] - today = new java.util.Date(): null

26-08-2024T22:30:53 - [TEST_STEP][PASSED] - println(today): null

26-08-2024T22:30:53 - [TEST_STEP][PASSED] - datText = today: null

26-08-2024T22:30:53 - [TEST_STEP][PASSED] - EmulatorDataKey = findTestData(dataFile).getValue("EmulatorData", row): null

26-08-2024T22:30:53 - [TEST_STEP][PASSED] - out.println("Value of Emulator Key is : " + EmulatorDataKey): null

26-08-2024T22:30:53 - [TEST_STEP][PASSED] - iwpPages.emulatorIWP30.setDataEmulator_DD(EmulatorDataKey): iwpPages.emulatorIWP30.setDataEmulator_DD is PASSED

26-08-2024T22:30:53 - [MESSAGE][INFO] - Starting 'Edge Chromium' driver

26-08-2024T22:30:53 - [MESSAGE][INFO] - User set preference: ['acceptInsecureCerts', 'true']

26-08-2024T22:30:55 - [MESSAGE][INFO] - Action delay is set to 0 milliseconds

26-08-2024T22:30:59 - [MESSAGE][PASSED] - Browser is opened with url: 'https://qa2.velocitypayment.com/agency/config.do?action=editor&message_version=2_5'

26-08-2024T22:30:59 - [MESSAGE][PASSED] - Current window maximized

26-08-2024T22:31:00 - [MESSAGE][PASSED] - All options with value '2.5' are selected in object 'Object Repository/IWP30/Page_VRelay30Emulator/MV'  using regular expression

26-08-2024T22:31:00 - [MESSAGE][PASSED] - Text '10.50' is set on object 'Object Repository/IWP30/Page_VRelay30Emulator/Amount'

26-08-2024T22:31:01 - [MESSAGE][PASSED] - Text '26413255' is set on object 'Object Repository/IWP30/Page_VRelay30Emulator/CAN'

26-08-2024T22:31:02 - [MESSAGE][PASSED] - Text 'PayNow' is set on object 'Object Repository/IWP30/Page_VRelay30Emulator/Action'

26-08-2024T22:31:02 - [MESSAGE][PASSED] - Text 'en_US' is set on object 'Object Repository/IWP30/Page_VRelay30Emulator/Lang'

26-08-2024T22:31:03 - [MESSAGE][PASSED] - Text 'Jasmine' is set on object 'Object Repository/IWP30/Page_VRelay30Emulator/Fname'

26-08-2024T22:31:04 - [MESSAGE][PASSED] - Text 'Patrinol' is set on object 'Object Repository/IWP30/Page_VRelay30Emulator/Lname'

26-08-2024T22:31:04 - [MESSAGE][PASSED] - Text '258 Underwood rd' is set on object 'Object Repository/IWP30/Page_VRelay30Emulator/AL1'

26-08-2024T22:31:05 - [MESSAGE][PASSED] - Text 'Suite 600' is set on object 'Object Repository/IWP30/Page_VRelay30Emulator/AL2'

26-08-2024T22:31:05 - [MESSAGE][PASSED] - Text '840' is set on object 'Object Repository/IWP30/Page_VRelay30Emulator/Country'

26-08-2024T22:31:06 - [MESSAGE][PASSED] - Text 'Arlington' is set on object 'Object Repository/IWP30/Page_VRelay30Emulator/City'

26-08-2024T22:31:07 - [MESSAGE][PASSED] - Text 'VA' is set on object 'Object Repository/IWP30/Page_VRelay30Emulator/State'

26-08-2024T22:31:07 - [MESSAGE][PASSED] - Text '22201' is set on object 'Object Repository/IWP30/Page_VRelay30Emulator/ZIP'

26-08-2024T22:31:08 - [MESSAGE][PASSED] - Text '' is set on object 'Object Repository/IWP30/Page_VRelay30Emulator/Order'

26-08-2024T22:31:08 - [MESSAGE][PASSED] - Text 'Some Company' is set on object 'Object Repository/IWP30/Page_VRelay30Emulator/Company'

26-08-2024T22:31:09 - [MESSAGE][PASSED] - Text 'iahmed@govolution.com' is set on object 'Object Repository/IWP30/Page_VRelay30Emulator/Email'

26-08-2024T22:31:10 - [MESSAGE][PASSED] - Text 'udf data 1' is set on object 'Object Repository/IWP30/Page_VRelay30Emulator/UDF1'

26-08-2024T22:31:10 - [MESSAGE][PASSED] - Text 'udf data 2' is set on object 'Object Repository/IWP30/Page_VRelay30Emulator/UDF2'

26-08-2024T22:31:11 - [MESSAGE][PASSED] - Text 'udf data 3' is set on object 'Object Repository/IWP30/Page_VRelay30Emulator/UDF3'

26-08-2024T22:31:12 - [MESSAGE][PASSED] - Text 'udf data 4' is set on object 'Object Repository/IWP30/Page_VRelay30Emulator/UDF4'

26-08-2024T22:31:12 - [MESSAGE][PASSED] - Text 'udf data 5' is set on object 'Object Repository/IWP30/Page_VRelay30Emulator/UDF5'

26-08-2024T22:31:13 - [MESSAGE][PASSED] - Text 'udf data 6' is set on object 'Object Repository/IWP30/Page_VRelay30Emulator/UDF6'

26-08-2024T22:31:13 - [MESSAGE][PASSED] - Text 'Orange' is set on object 'Object Repository/IWP30/Page_VRelay30Emulator/UDF7'

26-08-2024T22:31:14 - [MESSAGE][PASSED] - Text 'Soccer' is set on object 'Object Repository/IWP30/Page_VRelay30Emulator/UDF8'

26-08-2024T22:31:15 - [MESSAGE][PASSED] - Text 'udf data 9' is set on object 'Object Repository/IWP30/Page_VRelay30Emulator/UDF9'

26-08-2024T22:31:15 - [MESSAGE][PASSED] - Text 'udf data 10' is set on object 'Object Repository/IWP30/Page_VRelay30Emulator/UDF10'

26-08-2024T22:31:16 - [MESSAGE][PASSED] - Object: 'Object Repository/IWP30/Page_VRelay30Emulator/Submit' is clicked on

26-08-2024T22:31:21 - [MESSAGE][PASSED] - Browser is closed

26-08-2024T22:31:25 - [MESSAGE][PASSED] - iwpPages.emulatorIWP30.setDataEmulator_DD is PASSED

26-08-2024T22:31:25 - [TEST_STEP][PASSED] - testHarnessURL = urlTestHarness: null

26-08-2024T22:31:25 - [TEST_STEP][PASSED] - openBrowser(testHarnessURL): Browser is opened with url: 'https://dev-algorithm.govolution.com/vrelaytest/QA2/version_2_2/vrelaytest.html'

26-08-2024T22:31:25 - [MESSAGE][INFO] - Starting 'Edge Chromium' driver

26-08-2024T22:31:25 - [MESSAGE][INFO] - User set preference: ['acceptInsecureCerts', 'true']

26-08-2024T22:31:27 - [MESSAGE][INFO] - Action delay is set to 0 milliseconds

26-08-2024T22:31:30 - [MESSAGE][PASSED] - Browser is opened with url: 'https://dev-algorithm.govolution.com/vrelaytest/QA2/version_2_2/vrelaytest.html'

26-08-2024T22:31:30 - [TEST_STEP][PASSED] - maximizeWindow(): Current window maximized

26-08-2024T22:31:30 - [MESSAGE][PASSED] - Current window maximized

26-08-2024T22:31:30 - [TEST_STEP][PASSED] - iwpPages.TestHarnessPage.setDataMethod(row, dataFile): iwpPages.TestHarnessPage.setDataMethod is PASSED

26-08-2024T22:31:31 - [MESSAGE][PASSED] - Object 'Object Repository/IWP30/Page_QATestHarness/RemittanceID' is present

26-08-2024T22:31:31 - [MESSAGE][PASSED] - Text '640' is set on object 'Object Repository/IWP30/Page_QATestHarness/ApplicationID'

26-08-2024T22:31:32 - [MESSAGE][PASSED] - Text '2.5' is set on object 'Object Repository/IWP30/Page_QATestHarness/MessageVersion'

26-08-2024T22:31:33 - [MESSAGE][PASSED] - Text 'YxYinNnO5iVE' is set on object 'Object Repository/IWP30/Page_QATestHarness/RemittanceID'

26-08-2024T22:31:37 - [MESSAGE][PASSED] - Object: 'Object Repository/IWP30/Page_QATestHarness/SubmitButton' is clicked on

26-08-2024T22:31:37 - [MESSAGE][PASSED] - iwpPages.TestHarnessPage.setDataMethod is PASSED

26-08-2024T22:31:37 - [TEST_STEP][PASSED] - click(findTestObject("Object Repository/IWP30/Page_SelectPaymentMethod/PayByPersonalCheck")): Object: 'Object Repository/IWP30/Page_SelectPaymentMethod/PayByPersonalCheck' is clicked on

26-08-2024T22:31:38 - [MESSAGE][PASSED] - Object: 'Object Repository/IWP30/Page_SelectPaymentMethod/PayByPersonalCheck' is clicked on

26-08-2024T22:31:38 - [TEST_STEP][PASSED] - click(findTestObject("Object Repository/IWP30/Page_SelectPaymentMethod/MakePaymentButton")): Object: 'Object Repository/IWP30/Page_SelectPaymentMethod/MakePaymentButton' is clicked on

26-08-2024T22:31:41 - [MESSAGE][PASSED] - Object: 'Object Repository/IWP30/Page_SelectPaymentMethod/MakePaymentButton' is clicked on

26-08-2024T22:31:41 - [TEST_STEP][PASSED] - iwpPages.achPersonalPaymentEntryPage.setDataACHPPM(row, dataFile): iwpPages.achPersonalPaymentEntryPage.setDataACHPPM is PASSED

26-08-2024T22:31:42 - [MESSAGE][PASSED] - Object 'Object Repository/IWP30/Page_ACHPersonalPaymentEntry/txt_accountNumber' is present

26-08-2024T22:31:42 - [MESSAGE][PASSED] - Object 'Object Repository/IWP30/Page_ACHPersonalPaymentEntry/txt_UDF2' is present

26-08-2024T22:31:42 - [MESSAGE][PASSED] - All options with label 'Soccer' are selected in object 'Object Repository/IWP30/Page_ACHPersonalPaymentEntry/dd_UDF8' 

26-08-2024T22:31:43 - [MESSAGE][PASSED] - Object 'Object Repository/IWP30/Page_ACHPersonalPaymentEntry/txt_Firstname' is present

26-08-2024T22:31:43 - [MESSAGE][PASSED] - Text 'Elizath' is set on object 'Object Repository/IWP30/Page_ACHPersonalPaymentEntry/txt_Firstname'

26-08-2024T22:31:43 - [MESSAGE][PASSED] - Object 'Object Repository/IWP30/Page_ACHPersonalPaymentEntry/txt_Lastname' is present

26-08-2024T22:31:44 - [MESSAGE][PASSED] - Text 'Christine' is set on object 'Object Repository/IWP30/Page_ACHPersonalPaymentEntry/txt_Lastname'

26-08-2024T22:31:44 - [MESSAGE][PASSED] - Object 'Object Repository/IWP30/Page_ACHPersonalPaymentEntry/txt_routingNumber' is present

26-08-2024T22:31:45 - [MESSAGE][PASSED] - Text '256072691' is set on object 'Object Repository/IWP30/Page_ACHPersonalPaymentEntry/txt_routingNumber'

26-08-2024T22:31:45 - [MESSAGE][PASSED] - Object 'Object Repository/IWP30/Page_ACHPersonalPaymentEntry/txt_accountNumber' is present

26-08-2024T22:31:47 - [MESSAGE][PASSED] - Text '12344444' is set on object 'Object Repository/IWP30/Page_ACHPersonalPaymentEntry/txt_accountNumber'

26-08-2024T22:31:47 - [MESSAGE][PASSED] - Object 'Object Repository/IWP30/Page_ACHPersonalPaymentEntry/txt_confirmAccountNumber' is present

26-08-2024T22:31:48 - [MESSAGE][PASSED] - Text '12344444' is set on object 'Object Repository/IWP30/Page_ACHPersonalPaymentEntry/txt_confirmAccountNumber'

26-08-2024T22:31:48 - [MESSAGE][PASSED] - Object 'Object Repository/IWP30/Page_ACHPersonalPaymentEntry/rd_accountType' is present

26-08-2024T22:31:48 - [MESSAGE][PASSED] - Modify property of object successfully

26-08-2024T22:31:48 - [MESSAGE][PASSED] - Object: 'Object Repository/IWP30/Page_ACHPersonalPaymentEntry/rd_accountType' is clicked on

26-08-2024T22:31:48 - [MESSAGE][PASSED] - Object 'Object Repository/IWP30/Page_ACHPersonalPaymentEntry/txt_Email' is present

26-08-2024T22:31:49 - [MESSAGE][PASSED] - Object 'Object Repository/IWP30/Page_ACHPersonalPaymentEntry/cb_TermsAndCond' is present

26-08-2024T22:31:49 - [MESSAGE][PASSED] - Object: 'Object Repository/IWP30/Page_ACHPersonalPaymentEntry/cb_TermsAndCond' is clicked on

26-08-2024T22:31:49 - [MESSAGE][PASSED] - Object 'Object Repository/IWP30/Page_ACHPersonalPaymentEntry/btn_Continue' is present

26-08-2024T22:31:51 - [MESSAGE][PASSED] - Object: 'Object Repository/IWP30/Page_ACHPersonalPaymentEntry/btn_Continue' is clicked on

26-08-2024T22:31:51 - [MESSAGE][PASSED] - iwpPages.achPersonalPaymentEntryPage.setDataACHPPM is PASSED

26-08-2024T22:31:51 - [TEST_STEP][PASSED] - click(findTestObject("Object Repository/IWP30/Page_Confirmation/ConfirmButton")): Object: 'Object Repository/IWP30/Page_Confirmation/ConfirmButton' is clicked on

26-08-2024T22:31:53 - [MESSAGE][PASSED] - Object: 'Object Repository/IWP30/Page_Confirmation/ConfirmButton' is clicked on

26-08-2024T22:31:53 - [TEST_STEP][PASSED] - Thread.sleep(5000): null

26-08-2024T22:31:58 - [TEST_STEP][PASSED] - println("I am on real estate page"): null

26-08-2024T22:31:58 - [TEST_STEP][PASSED] - if (verifyTextPresent("Make a Real Estate Payment", false)): null

26-08-2024T22:31:58 - [MESSAGE][PASSED] - Text 'Make a Real Estate Payment' is present on page 

26-08-2024T22:31:58 - [TEST_STEP][PASSED] - isRequiredTextPresent = true: null

26-08-2024T22:31:58 - [TEST_STEP][PASSED] - println(isRequiredTextPresent): null

26-08-2024T22:31:58 - [TEST_STEP][PASSED] - if (isRequiredTextPresent): null

26-08-2024T22:31:58 - [TEST_STEP][PASSED] - if (verifyTextPresent("This transaction is subject to a Convenience Fees of $2.00.", false)): null

26-08-2024T22:31:59 - [MESSAGE][PASSED] - Text 'This transaction is subject to a Convenience Fees of $2.00.' is present on page 

26-08-2024T22:31:59 - [TEST_STEP][PASSED] - isRequiredTextPresent = true: null

26-08-2024T22:31:59 - [TEST_STEP][PASSED] - println(isRequiredTextPresent): null

26-08-2024T22:31:59 - [TEST_STEP][PASSED] - if (isRequiredTextPresent): null

26-08-2024T22:31:59 - [TEST_STEP][PASSED] - if (verifyTextPresent("Payment Amount:  $10.50", false)): null

26-08-2024T22:31:59 - [MESSAGE][PASSED] - Text 'Payment Amount:  $10.50' is present on page 

26-08-2024T22:31:59 - [TEST_STEP][PASSED] - isRequiredTextPresent = true: null

26-08-2024T22:31:59 - [TEST_STEP][PASSED] - if (isRequiredTextPresent): null

26-08-2024T22:31:59 - [TEST_STEP][PASSED] - if (verifyTextPresent("Convenience Fees:  $2.00", false)): null

26-08-2024T22:31:59 - [MESSAGE][PASSED] - Text 'Convenience Fees:  $2.00' is present on page 

26-08-2024T22:31:59 - [TEST_STEP][PASSED] - isRequiredTextPresent = true: null

26-08-2024T22:31:59 - [TEST_STEP][PASSED] - if (isRequiredTextPresent): null

26-08-2024T22:31:59 - [TEST_STEP][PASSED] - if (verifyTextPresent("Total Amount:  $12.50", false)): null

26-08-2024T22:31:59 - [MESSAGE][PASSED] - Text 'Total Amount:  $12.50' is present on page 

26-08-2024T22:31:59 - [TEST_STEP][PASSED] - isRequiredTextPresent = true: null

26-08-2024T22:31:59 - [TEST_STEP][PASSED] - if (isRequiredTextPresent): null

26-08-2024T22:31:59 - [TEST_STEP][PASSED] - if (verifyTextPresent("Two transactions will appear on your bank statement, one in the amount of $10.50 and one in the amount of $2.00.", false)): null

26-08-2024T22:32:00 - [MESSAGE][PASSED] - Text 'Two transactions will appear on your bank statement, one in the amount of $10.50 and one in the amount of $2.00.' is present on page 

26-08-2024T22:32:00 - [TEST_STEP][PASSED] - isRequiredTextPresent = true: null

26-08-2024T22:32:00 - [TEST_STEP][PASSED] - Thread.sleep(10000): null

26-08-2024T22:32:10 - [TEST_STEP][PASSED] - click(findTestObject("Object Repository/IWP30/Page_ConvenienceFees/btn_convFeeNotifyAction")): Object: 'Object Repository/IWP30/Page_ConvenienceFees/btn_convFeeNotifyAction' is clicked on

26-08-2024T22:32:11 - [MESSAGE][PASSED] - Object: 'Object Repository/IWP30/Page_ConvenienceFees/btn_convFeeNotifyAction' is clicked on

26-08-2024T22:32:11 - [TEST_STEP][PASSED] - Thread.sleep(10000): null

26-08-2024T22:32:21 - [TEST_STEP][PASSED] - if (verifyTextPresent("Successful Payment Receipt", false)): null

26-08-2024T22:32:22 - [MESSAGE][PASSED] - Text 'Successful Payment Receipt' is present on page 

26-08-2024T22:32:22 - [TEST_STEP][PASSED] - println("Successful Payment Receipt text is present on the Receipt page"): null

26-08-2024T22:32:22 - [TEST_STEP][PASSED] - markPassed("Successful Payment Receipt text is present on the Receipt page"): Successful Payment Receipt text is present on the Receipt page

26-08-2024T22:32:22 - [MESSAGE][PASSED] - Successful Payment Receipt text is present on the Receipt page

26-08-2024T22:32:22 - [TEST_STEP][PASSED] - resText = "Pass": null

26-08-2024T22:32:22 - [TEST_STEP][PASSED] - pages.WriteExcel.demoKey(resText, datText, resColumn, datCloumn, fileLoc, nameSheet, row): pages.WriteExcel.demoKey is PASSED

26-08-2024T22:32:22 - [MESSAGE][PASSED] - pages.WriteExcel.demoKey is PASSED

26-08-2024T22:32:22 - [TEST_STEP][PASSED] - closeBrowser(): Browser is closed

26-08-2024T22:32:22 - [MESSAGE][PASSED] - Browser is closed]]></system-out>
         <system-err><![CDATA[]]></system-err>
      </testcase>
      <testcase name="Test Cases/IntegratedWeb/IWP25/Payments/PayNowPersonalCheckSCF" time="181.476" classname="Test Cases/IntegratedWeb/IWP25/Payments/PayNowPersonalCheckSCF" status="PASSED">
         <system-out><![CDATA[26-08-2024T22:32:22 - [TEST_CASE][PASSED] - Test Cases/IntegratedWeb/IWP25/Payments/PayNowPersonalCheckSCF: Test Cases/IntegratedWeb/IWP25/Payments/PayNowPersonalCheckSCF

26-08-2024T22:32:22 - [TEST_STEP][PASSED] - resText = "Fail": null

26-08-2024T22:32:22 - [TEST_STEP][PASSED] - resColumn = "Result": null

26-08-2024T22:32:22 - [TEST_STEP][PASSED] - datCloumn = "Date": null

26-08-2024T22:32:22 - [TEST_STEP][PASSED] - fileLoc = "KatalonData/IWPTestData/VRelay25Payments.xlsx": null

26-08-2024T22:32:22 - [TEST_STEP][PASSED] - numOfRows = <not implemented yet for class: org.codehaus.groovy.ast.expr.EmptyExpression>: null

26-08-2024T22:32:22 - [TEST_STEP][PASSED] - dataFile = <not implemented yet for class: org.codehaus.groovy.ast.expr.EmptyExpression>: null

26-08-2024T22:32:22 - [TEST_STEP][PASSED] - nameSheet = <not implemented yet for class: org.codehaus.groovy.ast.expr.EmptyExpression>: null

26-08-2024T22:32:22 - [TEST_STEP][PASSED] - dataFileEmulator = <not implemented yet for class: org.codehaus.groovy.ast.expr.EmptyExpression>: null

26-08-2024T22:32:22 - [TEST_STEP][PASSED] - isRequiredTextPresent = false: null

26-08-2024T22:32:22 - [TEST_STEP][PASSED] - nameSheet = "PayNowPersonalCheckSCF": null

26-08-2024T22:32:22 - [TEST_STEP][PASSED] - dataFile = "IWPTestData/IWP25PayNowPersonalCheckSCF": null

26-08-2024T22:32:22 - [TEST_STEP][PASSED] - dataFileEmulator = "IWPTestData/EmulatorData": null

26-08-2024T22:32:22 - [TEST_STEP][PASSED] - numOfRows = findTestData(dataFile).getRowNumbers(): null

26-08-2024T22:32:22 - [TEST_STEP][PASSED] - println("Number of Records: " + numOfRows): null

26-08-2024T22:32:22 - [TEST_STEP][PASSED] - for ([row = 1, row <= numOfRows, (row++)]): Browser is closed

26-08-2024T22:32:22 - [TEST_STEP][PASSED] - ExecuteTC = findTestData(dataFile).getValue("Execute", row): null

26-08-2024T22:32:23 - [TEST_STEP][PASSED] - out.println("Value of Execute is : " + ExecuteTC): null

26-08-2024T22:32:23 - [TEST_STEP][PASSED] - if (ExecuteTC.equalsIgnoreCase("Y")): null

26-08-2024T22:32:23 - [TEST_STEP][PASSED] - out.println("Begin Record Number: " + row): null

26-08-2024T22:32:23 - [TEST_STEP][PASSED] - today = new java.util.Date(): null

26-08-2024T22:32:23 - [TEST_STEP][PASSED] - println(today): null

26-08-2024T22:32:23 - [TEST_STEP][PASSED] - datText = today: null

26-08-2024T22:32:23 - [TEST_STEP][PASSED] - EmulatorDataKey = findTestData(dataFile).getValue("EmulatorData", row): null

26-08-2024T22:32:23 - [TEST_STEP][PASSED] - out.println("Value of Emulator Key is : " + EmulatorDataKey): null

26-08-2024T22:32:23 - [TEST_STEP][PASSED] - iwpPages.emulatorIWP30.setDataEmulator_DD(EmulatorDataKey): iwpPages.emulatorIWP30.setDataEmulator_DD is PASSED

26-08-2024T22:32:23 - [MESSAGE][INFO] - Starting 'Edge Chromium' driver

26-08-2024T22:32:23 - [MESSAGE][INFO] - User set preference: ['acceptInsecureCerts', 'true']

26-08-2024T22:32:25 - [MESSAGE][INFO] - Action delay is set to 0 milliseconds

26-08-2024T22:32:28 - [MESSAGE][PASSED] - Browser is opened with url: 'https://qa2.velocitypayment.com/agency/config.do?action=editor&message_version=2_5'

26-08-2024T22:32:28 - [MESSAGE][PASSED] - Current window maximized

26-08-2024T22:32:29 - [MESSAGE][PASSED] - All options with value '2.5' are selected in object 'Object Repository/IWP30/Page_VRelay30Emulator/MV'  using regular expression

26-08-2024T22:32:30 - [MESSAGE][PASSED] - Text '10.50' is set on object 'Object Repository/IWP30/Page_VRelay30Emulator/Amount'

26-08-2024T22:32:31 - [MESSAGE][PASSED] - Text '26413414' is set on object 'Object Repository/IWP30/Page_VRelay30Emulator/CAN'

26-08-2024T22:32:31 - [MESSAGE][PASSED] - Text 'PayNow' is set on object 'Object Repository/IWP30/Page_VRelay30Emulator/Action'

26-08-2024T22:32:32 - [MESSAGE][PASSED] - Text 'en_US' is set on object 'Object Repository/IWP30/Page_VRelay30Emulator/Lang'

26-08-2024T22:32:32 - [MESSAGE][PASSED] - Text '' is set on object 'Object Repository/IWP30/Page_VRelay30Emulator/Fname'

26-08-2024T22:32:33 - [MESSAGE][PASSED] - Text '' is set on object 'Object Repository/IWP30/Page_VRelay30Emulator/Lname'

26-08-2024T22:32:34 - [MESSAGE][PASSED] - Text '' is set on object 'Object Repository/IWP30/Page_VRelay30Emulator/AL1'

26-08-2024T22:32:34 - [MESSAGE][PASSED] - Text '' is set on object 'Object Repository/IWP30/Page_VRelay30Emulator/AL2'

26-08-2024T22:32:35 - [MESSAGE][PASSED] - Text '' is set on object 'Object Repository/IWP30/Page_VRelay30Emulator/Country'

26-08-2024T22:32:35 - [MESSAGE][PASSED] - Text '' is set on object 'Object Repository/IWP30/Page_VRelay30Emulator/City'

26-08-2024T22:32:36 - [MESSAGE][PASSED] - Text '' is set on object 'Object Repository/IWP30/Page_VRelay30Emulator/State'

26-08-2024T22:32:37 - [MESSAGE][PASSED] - Text '' is set on object 'Object Repository/IWP30/Page_VRelay30Emulator/ZIP'

26-08-2024T22:32:37 - [MESSAGE][PASSED] - Text '' is set on object 'Object Repository/IWP30/Page_VRelay30Emulator/Order'

26-08-2024T22:32:38 - [MESSAGE][PASSED] - Text '' is set on object 'Object Repository/IWP30/Page_VRelay30Emulator/Company'

26-08-2024T22:32:38 - [MESSAGE][PASSED] - Text '' is set on object 'Object Repository/IWP30/Page_VRelay30Emulator/Email'

26-08-2024T22:32:39 - [MESSAGE][PASSED] - Text '' is set on object 'Object Repository/IWP30/Page_VRelay30Emulator/UDF1'

26-08-2024T22:32:40 - [MESSAGE][PASSED] - Text '' is set on object 'Object Repository/IWP30/Page_VRelay30Emulator/UDF2'

26-08-2024T22:32:40 - [MESSAGE][PASSED] - Text '' is set on object 'Object Repository/IWP30/Page_VRelay30Emulator/UDF3'

26-08-2024T22:32:41 - [MESSAGE][PASSED] - Text 'udf data 4' is set on object 'Object Repository/IWP30/Page_VRelay30Emulator/UDF4'

26-08-2024T22:32:41 - [MESSAGE][PASSED] - Text 'udf data 5' is set on object 'Object Repository/IWP30/Page_VRelay30Emulator/UDF5'

26-08-2024T22:32:42 - [MESSAGE][PASSED] - Text '' is set on object 'Object Repository/IWP30/Page_VRelay30Emulator/UDF6'

26-08-2024T22:32:43 - [MESSAGE][PASSED] - Text '' is set on object 'Object Repository/IWP30/Page_VRelay30Emulator/UDF7'

26-08-2024T22:32:43 - [MESSAGE][PASSED] - Text '' is set on object 'Object Repository/IWP30/Page_VRelay30Emulator/UDF8'

26-08-2024T22:32:44 - [MESSAGE][PASSED] - Text 'udf data 9' is set on object 'Object Repository/IWP30/Page_VRelay30Emulator/UDF9'

26-08-2024T22:32:44 - [MESSAGE][PASSED] - Text 'udf data 10' is set on object 'Object Repository/IWP30/Page_VRelay30Emulator/UDF10'

26-08-2024T22:32:46 - [MESSAGE][PASSED] - Object: 'Object Repository/IWP30/Page_VRelay30Emulator/Submit' is clicked on

26-08-2024T22:32:50 - [MESSAGE][PASSED] - Browser is closed

26-08-2024T22:32:54 - [MESSAGE][PASSED] - iwpPages.emulatorIWP30.setDataEmulator_DD is PASSED

26-08-2024T22:32:54 - [TEST_STEP][PASSED] - testHarnessURL = urlTestHarness: null

26-08-2024T22:32:54 - [TEST_STEP][PASSED] - openBrowser(testHarnessURL): Browser is opened with url: 'https://dev-algorithm.govolution.com/vrelaytest/QA2/version_2_2/vrelaytest.html'

26-08-2024T22:32:54 - [MESSAGE][INFO] - Starting 'Edge Chromium' driver

26-08-2024T22:32:54 - [MESSAGE][INFO] - User set preference: ['acceptInsecureCerts', 'true']

26-08-2024T22:32:56 - [MESSAGE][INFO] - Action delay is set to 0 milliseconds

26-08-2024T22:33:00 - [MESSAGE][PASSED] - Browser is opened with url: 'https://dev-algorithm.govolution.com/vrelaytest/QA2/version_2_2/vrelaytest.html'

26-08-2024T22:33:00 - [TEST_STEP][PASSED] - maximizeWindow(): Current window maximized

26-08-2024T22:33:00 - [MESSAGE][PASSED] - Current window maximized

26-08-2024T22:33:00 - [TEST_STEP][PASSED] - iwpPages.TestHarnessPage.setDataMethod(row, dataFile): iwpPages.TestHarnessPage.setDataMethod is PASSED

26-08-2024T22:33:00 - [MESSAGE][PASSED] - Object 'Object Repository/IWP30/Page_QATestHarness/RemittanceID' is present

26-08-2024T22:33:01 - [MESSAGE][PASSED] - Text '639' is set on object 'Object Repository/IWP30/Page_QATestHarness/ApplicationID'

26-08-2024T22:33:01 - [MESSAGE][PASSED] - Text '2.5' is set on object 'Object Repository/IWP30/Page_QATestHarness/MessageVersion'

26-08-2024T22:33:02 - [MESSAGE][PASSED] - Text 'WU0Dkhfk3EmK' is set on object 'Object Repository/IWP30/Page_QATestHarness/RemittanceID'

26-08-2024T22:33:05 - [MESSAGE][PASSED] - Object: 'Object Repository/IWP30/Page_QATestHarness/SubmitButton' is clicked on

26-08-2024T22:33:05 - [MESSAGE][PASSED] - iwpPages.TestHarnessPage.setDataMethod is PASSED

26-08-2024T22:33:05 - [TEST_STEP][PASSED] - click(findTestObject("Object Repository/IWP30/Page_SelectPaymentMethod/PayByPersonalCheck")): Object: 'Object Repository/IWP30/Page_SelectPaymentMethod/PayByPersonalCheck' is clicked on

26-08-2024T22:33:06 - [MESSAGE][PASSED] - Object: 'Object Repository/IWP30/Page_SelectPaymentMethod/PayByPersonalCheck' is clicked on

26-08-2024T22:33:06 - [TEST_STEP][PASSED] - click(findTestObject("Object Repository/IWP30/Page_SelectPaymentMethod/MakePaymentButton")): Object: 'Object Repository/IWP30/Page_SelectPaymentMethod/MakePaymentButton' is clicked on

26-08-2024T22:33:09 - [MESSAGE][PASSED] - Object: 'Object Repository/IWP30/Page_SelectPaymentMethod/MakePaymentButton' is clicked on

26-08-2024T22:33:09 - [TEST_STEP][PASSED] - iwpPages.achPersonalPaymentEntryPage.setDataACHPPM(row, dataFile): iwpPages.achPersonalPaymentEntryPage.setDataACHPPM is PASSED

26-08-2024T22:33:09 - [MESSAGE][PASSED] - Object 'Object Repository/IWP30/Page_ACHPersonalPaymentEntry/txt_accountNumber' is present

26-08-2024T22:33:10 - [MESSAGE][PASSED] - Text '10.50' is set on object 'Object Repository/IWP30/Page_ACHPersonalPaymentEntry/txt_Amount'

26-08-2024T22:33:10 - [MESSAGE][PASSED] - Object 'Object Repository/IWP30/Page_ACHPersonalPaymentEntry/txt_UDF2' is present

26-08-2024T22:33:11 - [MESSAGE][PASSED] - Text 'udf data 2' is set on object 'Object Repository/IWP30/Page_ACHPersonalPaymentEntry/txt_UDF2'

26-08-2024T22:33:11 - [MESSAGE][PASSED] - Text 'udf data 3' is set on object 'Object Repository/IWP30/Page_ACHPersonalPaymentEntry/txt_UDF3'

26-08-2024T22:33:12 - [MESSAGE][PASSED] - All options with label 'Orange' are selected in object 'Object Repository/IWP30/Page_ACHPersonalPaymentEntry/dd_UDF7' 

26-08-2024T22:33:13 - [MESSAGE][PASSED] - All options with label 'Soccer' are selected in object 'Object Repository/IWP30/Page_ACHPersonalPaymentEntry/dd_UDF8' 

26-08-2024T22:33:13 - [MESSAGE][PASSED] - Object 'Object Repository/IWP30/Page_ACHPersonalPaymentEntry/txt_Firstname' is present

26-08-2024T22:33:13 - [MESSAGE][PASSED] - Text 'Elizath' is set on object 'Object Repository/IWP30/Page_ACHPersonalPaymentEntry/txt_Firstname'

26-08-2024T22:33:14 - [MESSAGE][PASSED] - Object 'Object Repository/IWP30/Page_ACHPersonalPaymentEntry/txt_Lastname' is present

26-08-2024T22:33:14 - [MESSAGE][PASSED] - Text 'Christine' is set on object 'Object Repository/IWP30/Page_ACHPersonalPaymentEntry/txt_Lastname'

26-08-2024T22:33:15 - [MESSAGE][PASSED] - Object 'Object Repository/IWP30/Page_ACHPersonalPaymentEntry/txt_routingNumber' is present

26-08-2024T22:33:15 - [MESSAGE][PASSED] - Text '256072691' is set on object 'Object Repository/IWP30/Page_ACHPersonalPaymentEntry/txt_routingNumber'

26-08-2024T22:33:15 - [MESSAGE][PASSED] - Object 'Object Repository/IWP30/Page_ACHPersonalPaymentEntry/txt_accountNumber' is present

26-08-2024T22:33:17 - [MESSAGE][PASSED] - Text '12344444' is set on object 'Object Repository/IWP30/Page_ACHPersonalPaymentEntry/txt_accountNumber'

26-08-2024T22:33:17 - [MESSAGE][PASSED] - Object 'Object Repository/IWP30/Page_ACHPersonalPaymentEntry/txt_confirmAccountNumber' is present

26-08-2024T22:33:18 - [MESSAGE][PASSED] - Text '12344444' is set on object 'Object Repository/IWP30/Page_ACHPersonalPaymentEntry/txt_confirmAccountNumber'

26-08-2024T22:33:18 - [MESSAGE][PASSED] - Object 'Object Repository/IWP30/Page_ACHPersonalPaymentEntry/rd_accountType' is present

26-08-2024T22:33:18 - [MESSAGE][PASSED] - Modify property of object successfully

26-08-2024T22:33:18 - [MESSAGE][PASSED] - Object: 'Object Repository/IWP30/Page_ACHPersonalPaymentEntry/rd_accountType' is clicked on

26-08-2024T22:33:19 - [MESSAGE][PASSED] - Text '365 Main Avenue' is set on object 'Object Repository/IWP30/Page_ACHPersonalPaymentEntry/txt_AL1'

26-08-2024T22:33:20 - [MESSAGE][PASSED] - Text '22201' is set on object 'Object Repository/IWP30/Page_ACHPersonalPaymentEntry/txt_ZIP'

26-08-2024T22:33:20 - [MESSAGE][PASSED] - Object 'Object Repository/IWP30/Page_ACHPersonalPaymentEntry/txt_Email' is present

26-08-2024T22:33:21 - [MESSAGE][PASSED] - Text 'iahmed@govolution.com' is set on object 'Object Repository/IWP30/Page_ACHPersonalPaymentEntry/txt_Email'

26-08-2024T22:33:21 - [MESSAGE][PASSED] - Object 'Object Repository/IWP30/Page_ACHPersonalPaymentEntry/cb_TermsAndCond' is present

26-08-2024T22:33:21 - [MESSAGE][PASSED] - Object: 'Object Repository/IWP30/Page_ACHPersonalPaymentEntry/cb_TermsAndCond' is clicked on

26-08-2024T22:33:22 - [MESSAGE][PASSED] - Object 'Object Repository/IWP30/Page_ACHPersonalPaymentEntry/btn_Continue' is present

26-08-2024T22:33:23 - [MESSAGE][PASSED] - Object: 'Object Repository/IWP30/Page_ACHPersonalPaymentEntry/btn_Continue' is clicked on

26-08-2024T22:33:23 - [MESSAGE][PASSED] - iwpPages.achPersonalPaymentEntryPage.setDataACHPPM is PASSED

26-08-2024T22:33:23 - [TEST_STEP][PASSED] - click(findTestObject("Object Repository/IWP30/Page_Confirmation/ConfirmButton")): Object: 'Object Repository/IWP30/Page_Confirmation/ConfirmButton' is clicked on

26-08-2024T22:33:24 - [MESSAGE][PASSED] - Object: 'Object Repository/IWP30/Page_Confirmation/ConfirmButton' is clicked on

26-08-2024T22:33:25 - [TEST_STEP][PASSED] - Thread.sleep(5000): null

26-08-2024T22:33:30 - [TEST_STEP][PASSED] - if (verifyTextPresent("Make a Real Estate Payment", false)): null

26-08-2024T22:33:30 - [MESSAGE][PASSED] - Text 'Make a Real Estate Payment' is present on page 

26-08-2024T22:33:30 - [TEST_STEP][PASSED] - isRequiredTextPresent = true: null

26-08-2024T22:33:30 - [TEST_STEP][PASSED] - println(isRequiredTextPresent): null

26-08-2024T22:33:30 - [TEST_STEP][PASSED] - if (isRequiredTextPresent): null

26-08-2024T22:33:30 - [TEST_STEP][PASSED] - if (verifyTextPresent("This transaction is subject to a Convenience Fees of $2.00.", false)): null

26-08-2024T22:33:30 - [MESSAGE][PASSED] - Text 'This transaction is subject to a Convenience Fees of $2.00.' is present on page 

26-08-2024T22:33:30 - [TEST_STEP][PASSED] - isRequiredTextPresent = true: null

26-08-2024T22:33:30 - [TEST_STEP][PASSED] - println(isRequiredTextPresent): null

26-08-2024T22:33:30 - [TEST_STEP][PASSED] - if (isRequiredTextPresent): null

26-08-2024T22:33:30 - [TEST_STEP][PASSED] - if (verifyTextPresent("Payment Amount:  $10.50", false)): null

26-08-2024T22:33:30 - [MESSAGE][PASSED] - Text 'Payment Amount:  $10.50' is present on page 

26-08-2024T22:33:30 - [TEST_STEP][PASSED] - isRequiredTextPresent = true: null

26-08-2024T22:33:30 - [TEST_STEP][PASSED] - if (isRequiredTextPresent): null

26-08-2024T22:33:30 - [TEST_STEP][PASSED] - if (verifyTextPresent("Convenience Fees:  $2.00", false)): null

26-08-2024T22:33:31 - [MESSAGE][PASSED] - Text 'Convenience Fees:  $2.00' is present on page 

26-08-2024T22:33:31 - [TEST_STEP][PASSED] - isRequiredTextPresent = true: null

26-08-2024T22:33:31 - [TEST_STEP][PASSED] - if (isRequiredTextPresent): null

26-08-2024T22:33:31 - [TEST_STEP][PASSED] - if (verifyTextPresent("Total Amount:  $12.50", false)): null

26-08-2024T22:33:31 - [MESSAGE][PASSED] - Text 'Total Amount:  $12.50' is present on page 

26-08-2024T22:33:31 - [TEST_STEP][PASSED] - isRequiredTextPresent = true: null

26-08-2024T22:33:31 - [TEST_STEP][PASSED] - if (isRequiredTextPresent): null

26-08-2024T22:33:31 - [TEST_STEP][PASSED] - if (verifyTextPresent("One transaction in the amount of $12.50 will appear on your bank statement.", false)): null

26-08-2024T22:33:31 - [MESSAGE][PASSED] - Text 'One transaction in the amount of $12.50 will appear on your bank statement.' is present on page 

26-08-2024T22:33:31 - [TEST_STEP][PASSED] - isRequiredTextPresent = true: null

26-08-2024T22:33:31 - [TEST_STEP][PASSED] - Thread.sleep(10000): null

26-08-2024T22:33:41 - [TEST_STEP][PASSED] - click(findTestObject("Object Repository/IWP30/Page_ConvenienceFees/btn_convFeeNotifyAction")): Object: 'Object Repository/IWP30/Page_ConvenienceFees/btn_convFeeNotifyAction' is clicked on

26-08-2024T22:33:43 - [MESSAGE][PASSED] - Object: 'Object Repository/IWP30/Page_ConvenienceFees/btn_convFeeNotifyAction' is clicked on

26-08-2024T22:33:43 - [TEST_STEP][PASSED] - Thread.sleep(10000): null

26-08-2024T22:33:53 - [TEST_STEP][PASSED] - if (verifyTextPresent("Successful Payment Receipt", false)): null

26-08-2024T22:33:53 - [MESSAGE][PASSED] - Text 'Successful Payment Receipt' is present on page 

26-08-2024T22:33:53 - [TEST_STEP][PASSED] - println("Successful Payment Receipt text is present on the Receipt page"): null

26-08-2024T22:33:53 - [TEST_STEP][PASSED] - markPassed("Successful Payment Receipt text is present on the Receipt page"): Successful Payment Receipt text is present on the Receipt page

26-08-2024T22:33:53 - [MESSAGE][PASSED] - Successful Payment Receipt text is present on the Receipt page

26-08-2024T22:33:53 - [TEST_STEP][PASSED] - resText = "Pass": null

26-08-2024T22:33:53 - [TEST_STEP][PASSED] - pages.WriteExcel.demoKey(resText, datText, resColumn, datCloumn, fileLoc, nameSheet, row): pages.WriteExcel.demoKey is PASSED

26-08-2024T22:33:53 - [MESSAGE][PASSED] - pages.WriteExcel.demoKey is PASSED

26-08-2024T22:33:53 - [TEST_STEP][PASSED] - closeBrowser(): Browser is closed

26-08-2024T22:33:54 - [MESSAGE][PASSED] - Browser is closed

26-08-2024T22:33:54 - [TEST_STEP][PASSED] - ExecuteTC = findTestData(dataFile).getValue("Execute", row): null

26-08-2024T22:33:54 - [TEST_STEP][PASSED] - out.println("Value of Execute is : " + ExecuteTC): null

26-08-2024T22:33:54 - [TEST_STEP][PASSED] - if (ExecuteTC.equalsIgnoreCase("Y")): null

26-08-2024T22:33:54 - [TEST_STEP][PASSED] - out.println("Begin Record Number: " + row): null

26-08-2024T22:33:54 - [TEST_STEP][PASSED] - today = new java.util.Date(): null

26-08-2024T22:33:54 - [TEST_STEP][PASSED] - println(today): null

26-08-2024T22:33:54 - [TEST_STEP][PASSED] - datText = today: null

26-08-2024T22:33:54 - [TEST_STEP][PASSED] - EmulatorDataKey = findTestData(dataFile).getValue("EmulatorData", row): null

26-08-2024T22:33:54 - [TEST_STEP][PASSED] - out.println("Value of Emulator Key is : " + EmulatorDataKey): null

26-08-2024T22:33:54 - [TEST_STEP][PASSED] - iwpPages.emulatorIWP30.setDataEmulator_DD(EmulatorDataKey): iwpPages.emulatorIWP30.setDataEmulator_DD is PASSED

26-08-2024T22:33:54 - [MESSAGE][INFO] - Starting 'Edge Chromium' driver

26-08-2024T22:33:54 - [MESSAGE][INFO] - User set preference: ['acceptInsecureCerts', 'true']

26-08-2024T22:33:56 - [MESSAGE][INFO] - Action delay is set to 0 milliseconds

26-08-2024T22:34:00 - [MESSAGE][PASSED] - Browser is opened with url: 'https://qa2.velocitypayment.com/agency/config.do?action=editor&message_version=2_5'

26-08-2024T22:34:00 - [MESSAGE][PASSED] - Current window maximized

26-08-2024T22:34:01 - [MESSAGE][PASSED] - All options with value '2.5' are selected in object 'Object Repository/IWP30/Page_VRelay30Emulator/MV'  using regular expression

26-08-2024T22:34:01 - [MESSAGE][PASSED] - Text '10.50' is set on object 'Object Repository/IWP30/Page_VRelay30Emulator/Amount'

26-08-2024T22:34:02 - [MESSAGE][PASSED] - Text '26413255' is set on object 'Object Repository/IWP30/Page_VRelay30Emulator/CAN'

26-08-2024T22:34:03 - [MESSAGE][PASSED] - Text 'PayNow' is set on object 'Object Repository/IWP30/Page_VRelay30Emulator/Action'

26-08-2024T22:34:03 - [MESSAGE][PASSED] - Text 'en_US' is set on object 'Object Repository/IWP30/Page_VRelay30Emulator/Lang'

26-08-2024T22:34:04 - [MESSAGE][PASSED] - Text 'Jasmine' is set on object 'Object Repository/IWP30/Page_VRelay30Emulator/Fname'

26-08-2024T22:34:05 - [MESSAGE][PASSED] - Text 'Patrinol' is set on object 'Object Repository/IWP30/Page_VRelay30Emulator/Lname'

26-08-2024T22:34:05 - [MESSAGE][PASSED] - Text '258 Underwood rd' is set on object 'Object Repository/IWP30/Page_VRelay30Emulator/AL1'

26-08-2024T22:34:06 - [MESSAGE][PASSED] - Text 'Suite 600' is set on object 'Object Repository/IWP30/Page_VRelay30Emulator/AL2'

26-08-2024T22:34:06 - [MESSAGE][PASSED] - Text '840' is set on object 'Object Repository/IWP30/Page_VRelay30Emulator/Country'

26-08-2024T22:34:07 - [MESSAGE][PASSED] - Text 'Arlington' is set on object 'Object Repository/IWP30/Page_VRelay30Emulator/City'

26-08-2024T22:34:08 - [MESSAGE][PASSED] - Text 'VA' is set on object 'Object Repository/IWP30/Page_VRelay30Emulator/State'

26-08-2024T22:34:08 - [MESSAGE][PASSED] - Text '22201' is set on object 'Object Repository/IWP30/Page_VRelay30Emulator/ZIP'

26-08-2024T22:34:09 - [MESSAGE][PASSED] - Text '' is set on object 'Object Repository/IWP30/Page_VRelay30Emulator/Order'

26-08-2024T22:34:09 - [MESSAGE][PASSED] - Text 'Some Company' is set on object 'Object Repository/IWP30/Page_VRelay30Emulator/Company'

26-08-2024T22:34:10 - [MESSAGE][PASSED] - Text 'iahmed@govolution.com' is set on object 'Object Repository/IWP30/Page_VRelay30Emulator/Email'

26-08-2024T22:34:11 - [MESSAGE][PASSED] - Text 'udf data 1' is set on object 'Object Repository/IWP30/Page_VRelay30Emulator/UDF1'

26-08-2024T22:34:11 - [MESSAGE][PASSED] - Text 'udf data 2' is set on object 'Object Repository/IWP30/Page_VRelay30Emulator/UDF2'

26-08-2024T22:34:12 - [MESSAGE][PASSED] - Text 'udf data 3' is set on object 'Object Repository/IWP30/Page_VRelay30Emulator/UDF3'

26-08-2024T22:34:13 - [MESSAGE][PASSED] - Text 'udf data 4' is set on object 'Object Repository/IWP30/Page_VRelay30Emulator/UDF4'

26-08-2024T22:34:13 - [MESSAGE][PASSED] - Text 'udf data 5' is set on object 'Object Repository/IWP30/Page_VRelay30Emulator/UDF5'

26-08-2024T22:34:14 - [MESSAGE][PASSED] - Text 'udf data 6' is set on object 'Object Repository/IWP30/Page_VRelay30Emulator/UDF6'

26-08-2024T22:34:14 - [MESSAGE][PASSED] - Text 'Orange' is set on object 'Object Repository/IWP30/Page_VRelay30Emulator/UDF7'

26-08-2024T22:34:15 - [MESSAGE][PASSED] - Text 'Soccer' is set on object 'Object Repository/IWP30/Page_VRelay30Emulator/UDF8'

26-08-2024T22:34:15 - [MESSAGE][PASSED] - Text 'udf data 9' is set on object 'Object Repository/IWP30/Page_VRelay30Emulator/UDF9'

26-08-2024T22:34:16 - [MESSAGE][PASSED] - Text 'udf data 10' is set on object 'Object Repository/IWP30/Page_VRelay30Emulator/UDF10'

26-08-2024T22:34:17 - [MESSAGE][PASSED] - Object: 'Object Repository/IWP30/Page_VRelay30Emulator/Submit' is clicked on

26-08-2024T22:34:22 - [MESSAGE][PASSED] - Browser is closed

26-08-2024T22:34:26 - [MESSAGE][PASSED] - iwpPages.emulatorIWP30.setDataEmulator_DD is PASSED

26-08-2024T22:34:26 - [TEST_STEP][PASSED] - testHarnessURL = urlTestHarness: null

26-08-2024T22:34:26 - [TEST_STEP][PASSED] - openBrowser(testHarnessURL): Browser is opened with url: 'https://dev-algorithm.govolution.com/vrelaytest/QA2/version_2_2/vrelaytest.html'

26-08-2024T22:34:26 - [MESSAGE][INFO] - Starting 'Edge Chromium' driver

26-08-2024T22:34:26 - [MESSAGE][INFO] - User set preference: ['acceptInsecureCerts', 'true']

26-08-2024T22:34:28 - [MESSAGE][INFO] - Action delay is set to 0 milliseconds

26-08-2024T22:34:32 - [MESSAGE][PASSED] - Browser is opened with url: 'https://dev-algorithm.govolution.com/vrelaytest/QA2/version_2_2/vrelaytest.html'

26-08-2024T22:34:32 - [TEST_STEP][PASSED] - maximizeWindow(): Current window maximized

26-08-2024T22:34:32 - [MESSAGE][PASSED] - Current window maximized

26-08-2024T22:34:32 - [TEST_STEP][PASSED] - iwpPages.TestHarnessPage.setDataMethod(row, dataFile): iwpPages.TestHarnessPage.setDataMethod is PASSED

26-08-2024T22:34:32 - [MESSAGE][PASSED] - Object 'Object Repository/IWP30/Page_QATestHarness/RemittanceID' is present

26-08-2024T22:34:33 - [MESSAGE][PASSED] - Text '639' is set on object 'Object Repository/IWP30/Page_QATestHarness/ApplicationID'

26-08-2024T22:34:34 - [MESSAGE][PASSED] - Text '2.5' is set on object 'Object Repository/IWP30/Page_QATestHarness/MessageVersion'

26-08-2024T22:34:34 - [MESSAGE][PASSED] - Text 'JxeIx7HeQZjF' is set on object 'Object Repository/IWP30/Page_QATestHarness/RemittanceID'

26-08-2024T22:34:38 - [MESSAGE][PASSED] - Object: 'Object Repository/IWP30/Page_QATestHarness/SubmitButton' is clicked on

26-08-2024T22:34:38 - [MESSAGE][PASSED] - iwpPages.TestHarnessPage.setDataMethod is PASSED

26-08-2024T22:34:38 - [TEST_STEP][PASSED] - click(findTestObject("Object Repository/IWP30/Page_SelectPaymentMethod/PayByPersonalCheck")): Object: 'Object Repository/IWP30/Page_SelectPaymentMethod/PayByPersonalCheck' is clicked on

26-08-2024T22:34:39 - [MESSAGE][PASSED] - Object: 'Object Repository/IWP30/Page_SelectPaymentMethod/PayByPersonalCheck' is clicked on

26-08-2024T22:34:39 - [TEST_STEP][PASSED] - click(findTestObject("Object Repository/IWP30/Page_SelectPaymentMethod/MakePaymentButton")): Object: 'Object Repository/IWP30/Page_SelectPaymentMethod/MakePaymentButton' is clicked on

26-08-2024T22:34:41 - [MESSAGE][PASSED] - Object: 'Object Repository/IWP30/Page_SelectPaymentMethod/MakePaymentButton' is clicked on

26-08-2024T22:34:41 - [TEST_STEP][PASSED] - iwpPages.achPersonalPaymentEntryPage.setDataACHPPM(row, dataFile): iwpPages.achPersonalPaymentEntryPage.setDataACHPPM is PASSED

26-08-2024T22:34:42 - [MESSAGE][PASSED] - Object 'Object Repository/IWP30/Page_ACHPersonalPaymentEntry/txt_accountNumber' is present

26-08-2024T22:34:42 - [MESSAGE][PASSED] - Object 'Object Repository/IWP30/Page_ACHPersonalPaymentEntry/txt_UDF2' is present

26-08-2024T22:34:43 - [MESSAGE][PASSED] - All options with label 'Soccer' are selected in object 'Object Repository/IWP30/Page_ACHPersonalPaymentEntry/dd_UDF8' 

26-08-2024T22:34:43 - [MESSAGE][PASSED] - Object 'Object Repository/IWP30/Page_ACHPersonalPaymentEntry/txt_Firstname' is present

26-08-2024T22:34:44 - [MESSAGE][PASSED] - Text 'Elizath' is set on object 'Object Repository/IWP30/Page_ACHPersonalPaymentEntry/txt_Firstname'

26-08-2024T22:34:44 - [MESSAGE][PASSED] - Object 'Object Repository/IWP30/Page_ACHPersonalPaymentEntry/txt_Lastname' is present

26-08-2024T22:34:45 - [MESSAGE][PASSED] - Text 'Christine' is set on object 'Object Repository/IWP30/Page_ACHPersonalPaymentEntry/txt_Lastname'

26-08-2024T22:34:45 - [MESSAGE][PASSED] - Object 'Object Repository/IWP30/Page_ACHPersonalPaymentEntry/txt_routingNumber' is present

26-08-2024T22:34:46 - [MESSAGE][PASSED] - Text '256072691' is set on object 'Object Repository/IWP30/Page_ACHPersonalPaymentEntry/txt_routingNumber'

26-08-2024T22:34:46 - [MESSAGE][PASSED] - Object 'Object Repository/IWP30/Page_ACHPersonalPaymentEntry/txt_accountNumber' is present

26-08-2024T22:34:47 - [MESSAGE][PASSED] - Text '12344444' is set on object 'Object Repository/IWP30/Page_ACHPersonalPaymentEntry/txt_accountNumber'

26-08-2024T22:34:48 - [MESSAGE][PASSED] - Object 'Object Repository/IWP30/Page_ACHPersonalPaymentEntry/txt_confirmAccountNumber' is present

26-08-2024T22:34:48 - [MESSAGE][PASSED] - Text '12344444' is set on object 'Object Repository/IWP30/Page_ACHPersonalPaymentEntry/txt_confirmAccountNumber'

26-08-2024T22:34:48 - [MESSAGE][PASSED] - Object 'Object Repository/IWP30/Page_ACHPersonalPaymentEntry/rd_accountType' is present

26-08-2024T22:34:48 - [MESSAGE][PASSED] - Modify property of object successfully

26-08-2024T22:34:49 - [MESSAGE][PASSED] - Object: 'Object Repository/IWP30/Page_ACHPersonalPaymentEntry/rd_accountType' is clicked on

26-08-2024T22:34:49 - [MESSAGE][PASSED] - Object 'Object Repository/IWP30/Page_ACHPersonalPaymentEntry/txt_Email' is present

26-08-2024T22:34:49 - [MESSAGE][PASSED] - Object 'Object Repository/IWP30/Page_ACHPersonalPaymentEntry/cb_TermsAndCond' is present

26-08-2024T22:34:50 - [MESSAGE][PASSED] - Object: 'Object Repository/IWP30/Page_ACHPersonalPaymentEntry/cb_TermsAndCond' is clicked on

26-08-2024T22:34:50 - [MESSAGE][PASSED] - Object 'Object Repository/IWP30/Page_ACHPersonalPaymentEntry/btn_Continue' is present

26-08-2024T22:34:51 - [MESSAGE][PASSED] - Object: 'Object Repository/IWP30/Page_ACHPersonalPaymentEntry/btn_Continue' is clicked on

26-08-2024T22:34:51 - [MESSAGE][PASSED] - iwpPages.achPersonalPaymentEntryPage.setDataACHPPM is PASSED

26-08-2024T22:34:51 - [TEST_STEP][PASSED] - click(findTestObject("Object Repository/IWP30/Page_Confirmation/ConfirmButton")): Object: 'Object Repository/IWP30/Page_Confirmation/ConfirmButton' is clicked on

26-08-2024T22:34:53 - [MESSAGE][PASSED] - Object: 'Object Repository/IWP30/Page_Confirmation/ConfirmButton' is clicked on

26-08-2024T22:34:53 - [TEST_STEP][PASSED] - Thread.sleep(5000): null

26-08-2024T22:34:58 - [TEST_STEP][PASSED] - if (verifyTextPresent("Make a Real Estate Payment", false)): null

26-08-2024T22:34:59 - [MESSAGE][PASSED] - Text 'Make a Real Estate Payment' is present on page 

26-08-2024T22:34:59 - [TEST_STEP][PASSED] - isRequiredTextPresent = true: null

26-08-2024T22:34:59 - [TEST_STEP][PASSED] - println(isRequiredTextPresent): null

26-08-2024T22:34:59 - [TEST_STEP][PASSED] - if (isRequiredTextPresent): null

26-08-2024T22:34:59 - [TEST_STEP][PASSED] - if (verifyTextPresent("This transaction is subject to a Convenience Fees of $2.00.", false)): null

26-08-2024T22:34:59 - [MESSAGE][PASSED] - Text 'This transaction is subject to a Convenience Fees of $2.00.' is present on page 

26-08-2024T22:34:59 - [TEST_STEP][PASSED] - isRequiredTextPresent = true: null

26-08-2024T22:34:59 - [TEST_STEP][PASSED] - println(isRequiredTextPresent): null

26-08-2024T22:34:59 - [TEST_STEP][PASSED] - if (isRequiredTextPresent): null

26-08-2024T22:34:59 - [TEST_STEP][PASSED] - if (verifyTextPresent("Payment Amount:  $10.50", false)): null

26-08-2024T22:34:59 - [MESSAGE][PASSED] - Text 'Payment Amount:  $10.50' is present on page 

26-08-2024T22:34:59 - [TEST_STEP][PASSED] - isRequiredTextPresent = true: null

26-08-2024T22:34:59 - [TEST_STEP][PASSED] - if (isRequiredTextPresent): null

26-08-2024T22:34:59 - [TEST_STEP][PASSED] - if (verifyTextPresent("Convenience Fees:  $2.00", false)): null

26-08-2024T22:35:00 - [MESSAGE][PASSED] - Text 'Convenience Fees:  $2.00' is present on page 

26-08-2024T22:35:00 - [TEST_STEP][PASSED] - isRequiredTextPresent = true: null

26-08-2024T22:35:00 - [TEST_STEP][PASSED] - if (isRequiredTextPresent): null

26-08-2024T22:35:00 - [TEST_STEP][PASSED] - if (verifyTextPresent("Total Amount:  $12.50", false)): null

26-08-2024T22:35:00 - [MESSAGE][PASSED] - Text 'Total Amount:  $12.50' is present on page 

26-08-2024T22:35:00 - [TEST_STEP][PASSED] - isRequiredTextPresent = true: null

26-08-2024T22:35:00 - [TEST_STEP][PASSED] - if (isRequiredTextPresent): null

26-08-2024T22:35:00 - [TEST_STEP][PASSED] - if (verifyTextPresent("One transaction in the amount of $12.50 will appear on your bank statement.", false)): null

26-08-2024T22:35:00 - [MESSAGE][PASSED] - Text 'One transaction in the amount of $12.50 will appear on your bank statement.' is present on page 

26-08-2024T22:35:00 - [TEST_STEP][PASSED] - isRequiredTextPresent = true: null

26-08-2024T22:35:00 - [TEST_STEP][PASSED] - Thread.sleep(10000): null

26-08-2024T22:35:10 - [TEST_STEP][PASSED] - click(findTestObject("Object Repository/IWP30/Page_ConvenienceFees/btn_convFeeNotifyAction")): Object: 'Object Repository/IWP30/Page_ConvenienceFees/btn_convFeeNotifyAction' is clicked on

26-08-2024T22:35:13 - [MESSAGE][PASSED] - Object: 'Object Repository/IWP30/Page_ConvenienceFees/btn_convFeeNotifyAction' is clicked on

26-08-2024T22:35:13 - [TEST_STEP][PASSED] - Thread.sleep(10000): null

26-08-2024T22:35:23 - [TEST_STEP][PASSED] - if (verifyTextPresent("Successful Payment Receipt", false)): null

26-08-2024T22:35:23 - [MESSAGE][PASSED] - Text 'Successful Payment Receipt' is present on page 

26-08-2024T22:35:23 - [TEST_STEP][PASSED] - println("Successful Payment Receipt text is present on the Receipt page"): null

26-08-2024T22:35:23 - [TEST_STEP][PASSED] - markPassed("Successful Payment Receipt text is present on the Receipt page"): Successful Payment Receipt text is present on the Receipt page

26-08-2024T22:35:23 - [MESSAGE][PASSED] - Successful Payment Receipt text is present on the Receipt page

26-08-2024T22:35:23 - [TEST_STEP][PASSED] - resText = "Pass": null

26-08-2024T22:35:23 - [TEST_STEP][PASSED] - pages.WriteExcel.demoKey(resText, datText, resColumn, datCloumn, fileLoc, nameSheet, row): pages.WriteExcel.demoKey is PASSED

26-08-2024T22:35:23 - [MESSAGE][PASSED] - pages.WriteExcel.demoKey is PASSED

26-08-2024T22:35:23 - [TEST_STEP][PASSED] - closeBrowser(): Browser is closed

26-08-2024T22:35:24 - [MESSAGE][PASSED] - Browser is closed]]></system-out>
         <system-err><![CDATA[]]></system-err>
      </testcase>
      <testcase name="Test Cases/IntegratedWeb/IWP25/Payments/PayNowSuccesfulPaymentCC" time="449.753" classname="Test Cases/IntegratedWeb/IWP25/Payments/PayNowSuccesfulPaymentCC" status="FAILED">
         <failure type="FAILED" message="Test Cases/IntegratedWeb/IWP25/Payments/PayNowSuccesfulPaymentCC FAILED.&#xa;Reason:&#xa;com.kms.katalon.core.exception.StepFailedException: Text 'Successful Payment Receipt' is not present on page  (Root cause: com.kms.katalon.core.exception.StepFailedException: Text 'Successful Payment Receipt' is not present on page &#xa;	at com.kms.katalon.core.webui.keyword.internal.WebUIKeywordMain.stepFailed(WebUIKeywordMain.groovy:64)&#xa;	at com.kms.katalon.core.webui.keyword.builtin.VerifyTextPresentKeyword$_verifyTextPresent_closure1.doCall(VerifyTextPresentKeyword.groovy:79)&#xa;	at com.kms.katalon.core.webui.keyword.builtin.VerifyTextPresentKeyword$_verifyTextPresent_closure1.call(VerifyTextPresentKeyword.groovy)&#xa;	at com.kms.katalon.core.webui.keyword.internal.WebUIKeywordMain.runKeyword(WebUIKeywordMain.groovy:20)&#xa;	at com.kms.katalon.core.webui.keyword.builtin.VerifyTextPresentKeyword.verifyTextPresent(VerifyTextPresentKeyword.groovy:83)&#xa;	at com.kms.katalon.core.webui.keyword.builtin.VerifyTextPresentKeyword.execute(VerifyTextPresentKeyword.groovy:68)&#xa;	at com.kms.katalon.core.keyword.internal.KeywordExecutor.executeKeywordForPlatform(KeywordExecutor.groovy:74)&#xa;	at com.kms.katalon.core.webui.keyword.WebUiBuiltInKeywords.verifyTextPresent(WebUiBuiltInKeywords.groovy:1762)&#xa;	at PayNowSuccesfulPaymentCC.run(PayNowSuccesfulPaymentCC:94)&#xa;	at com.kms.katalon.core.main.ScriptEngine.run(ScriptEngine.java:194)&#xa;	at com.kms.katalon.core.main.ScriptEngine.runScriptAsRawText(ScriptEngine.java:119)&#xa;	at com.kms.katalon.core.main.TestCaseExecutor.runScript(TestCaseExecutor.java:448)&#xa;	at com.kms.katalon.core.main.TestCaseExecutor.doExecute(TestCaseExecutor.java:439)&#xa;	at com.kms.katalon.core.main.TestCaseExecutor.processExecutionPhase(TestCaseExecutor.java:418)&#xa;	at com.kms.katalon.core.main.TestCaseExecutor.accessMainPhase(TestCaseExecutor.java:410)&#xa;	at com.kms.katalon.core.main.TestCaseExecutor.execute(TestCaseExecutor.java:285)&#xa;	at com.kms.katalon.core.common.CommonExecutor.accessTestCaseMainPhase(CommonExecutor.java:65)&#xa;	at com.kms.katalon.core.main.TestSuiteExecutor.accessTestSuiteMainPhase(TestSuiteExecutor.java:150)&#xa;	at com.kms.katalon.core.main.TestSuiteExecutor.execute(TestSuiteExecutor.java:106)&#xa;	at com.kms.katalon.core.main.TestCaseMain.startTestSuite(TestCaseMain.java:180)&#xa;	at TempTestSuite1724689884694.run(TempTestSuite1724689884694.groovy:35)&#xa;	at java.base/jdk.internal.reflect.NativeMethodAccessorImpl.invoke0(Native Method)&#xa;	at java.base/jdk.internal.reflect.NativeMethodAccessorImpl.invoke(NativeMethodAccessorImpl.java:77)&#xa;	at java.base/jdk.internal.reflect.DelegatingMethodAccessorImpl.invoke(DelegatingMethodAccessorImpl.java:43)&#xa;)&#xa;	at com.kms.katalon.core.keyword.internal.KeywordMain.stepFailed(KeywordMain.groovy:39)&#xa;	at com.kms.katalon.core.webui.keyword.internal.WebUIKeywordMain.stepFailed(WebUIKeywordMain.groovy:64)&#xa;	at com.kms.katalon.core.webui.keyword.builtin.VerifyTextPresentKeyword$_verifyTextPresent_closure1.doCall(VerifyTextPresentKeyword.groovy:79)&#xa;	at com.kms.katalon.core.webui.keyword.builtin.VerifyTextPresentKeyword$_verifyTextPresent_closure1.call(VerifyTextPresentKeyword.groovy)&#xa;	at com.kms.katalon.core.webui.keyword.internal.WebUIKeywordMain.runKeyword(WebUIKeywordMain.groovy:20)&#xa;	at com.kms.katalon.core.webui.keyword.builtin.VerifyTextPresentKeyword.verifyTextPresent(VerifyTextPresentKeyword.groovy:83)&#xa;	at com.kms.katalon.core.webui.keyword.builtin.VerifyTextPresentKeyword.execute(VerifyTextPresentKeyword.groovy:68)&#xa;	at com.kms.katalon.core.keyword.internal.KeywordExecutor.executeKeywordForPlatform(KeywordExecutor.groovy:74)&#xa;	at com.kms.katalon.core.webui.keyword.WebUiBuiltInKeywords.verifyTextPresent(WebUiBuiltInKeywords.groovy:1762)&#xa;	at PayNowSuccesfulPaymentCC.run(PayNowSuccesfulPaymentCC:94)&#xa;	at com.kms.katalon.core.main.ScriptEngine.run(ScriptEngine.java:194)&#xa;	at com.kms.katalon.core.main.ScriptEngine.runScriptAsRawText(ScriptEngine.java:119)&#xa;	at com.kms.katalon.core.main.TestCaseExecutor.runScript(TestCaseExecutor.java:448)&#xa;	at com.kms.katalon.core.main.TestCaseExecutor.doExecute(TestCaseExecutor.java:439)&#xa;	at com.kms.katalon.core.main.TestCaseExecutor.processExecutionPhase(TestCaseExecutor.java:418)&#xa;	at com.kms.katalon.core.main.TestCaseExecutor.accessMainPhase(TestCaseExecutor.java:410)&#xa;	at com.kms.katalon.core.main.TestCaseExecutor.execute(TestCaseExecutor.java:285)&#xa;	at com.kms.katalon.core.common.CommonExecutor.accessTestCaseMainPhase(CommonExecutor.java:65)&#xa;	at com.kms.katalon.core.main.TestSuiteExecutor.accessTestSuiteMainPhase(TestSuiteExecutor.java:150)&#xa;	at com.kms.katalon.core.main.TestSuiteExecutor.execute(TestSuiteExecutor.java:106)&#xa;	at com.kms.katalon.core.main.TestCaseMain.startTestSuite(TestCaseMain.java:180)&#xa;	at TempTestSuite1724689884694.run(TempTestSuite1724689884694.groovy:35)&#xa;	at java.base/jdk.internal.reflect.NativeMethodAccessorImpl.invoke0(Native Method)&#xa;	at java.base/jdk.internal.reflect.NativeMethodAccessorImpl.invoke(NativeMethodAccessorImpl.java:77)&#xa;	at java.base/jdk.internal.reflect.DelegatingMethodAccessorImpl.invoke(DelegatingMethodAccessorImpl.java:43)&#xa;Caused by: com.kms.katalon.core.exception.StepFailedException: Text 'Successful Payment Receipt' is not present on page &#xa;	... 24 more&#xa;"/>
         <system-out><![CDATA[26-08-2024T22:35:24 - [TEST_CASE][FAILED] - Test Cases/IntegratedWeb/IWP25/Payments/PayNowSuccesfulPaymentCC: Test Cases/IntegratedWeb/IWP25/Payments/PayNowSuccesfulPaymentCC FAILED.
Reason:
com.kms.katalon.core.exception.StepFailedException: Text 'Successful Payment Receipt' is not present on page  (Root cause: com.kms.katalon.core.exception.StepFailedException: Text 'Successful Payment Receipt' is not present on page 
	at com.kms.katalon.core.webui.keyword.internal.WebUIKeywordMain.stepFailed(WebUIKeywordMain.groovy:64)
	at com.kms.katalon.core.webui.keyword.builtin.VerifyTextPresentKeyword$_verifyTextPresent_closure1.doCall(VerifyTextPresentKeyword.groovy:79)
	at com.kms.katalon.core.webui.keyword.builtin.VerifyTextPresentKeyword$_verifyTextPresent_closure1.call(VerifyTextPresentKeyword.groovy)
	at com.kms.katalon.core.webui.keyword.internal.WebUIKeywordMain.runKeyword(WebUIKeywordMain.groovy:20)
	at com.kms.katalon.core.webui.keyword.builtin.VerifyTextPresentKeyword.verifyTextPresent(VerifyTextPresentKeyword.groovy:83)
	at com.kms.katalon.core.webui.keyword.builtin.VerifyTextPresentKeyword.execute(VerifyTextPresentKeyword.groovy:68)
	at com.kms.katalon.core.keyword.internal.KeywordExecutor.executeKeywordForPlatform(KeywordExecutor.groovy:74)
	at com.kms.katalon.core.webui.keyword.WebUiBuiltInKeywords.verifyTextPresent(WebUiBuiltInKeywords.groovy:1762)
	at PayNowSuccesfulPaymentCC.run(PayNowSuccesfulPaymentCC:94)
	at com.kms.katalon.core.main.ScriptEngine.run(ScriptEngine.java:194)
	at com.kms.katalon.core.main.ScriptEngine.runScriptAsRawText(ScriptEngine.java:119)
	at com.kms.katalon.core.main.TestCaseExecutor.runScript(TestCaseExecutor.java:448)
	at com.kms.katalon.core.main.TestCaseExecutor.doExecute(TestCaseExecutor.java:439)
	at com.kms.katalon.core.main.TestCaseExecutor.processExecutionPhase(TestCaseExecutor.java:418)
	at com.kms.katalon.core.main.TestCaseExecutor.accessMainPhase(TestCaseExecutor.java:410)
	at com.kms.katalon.core.main.TestCaseExecutor.execute(TestCaseExecutor.java:285)
	at com.kms.katalon.core.common.CommonExecutor.accessTestCaseMainPhase(CommonExecutor.java:65)
	at com.kms.katalon.core.main.TestSuiteExecutor.accessTestSuiteMainPhase(TestSuiteExecutor.java:150)
	at com.kms.katalon.core.main.TestSuiteExecutor.execute(TestSuiteExecutor.java:106)
	at com.kms.katalon.core.main.TestCaseMain.startTestSuite(TestCaseMain.java:180)
	at TempTestSuite1724689884694.run(TempTestSuite1724689884694.groovy:35)
	at java.base/jdk.internal.reflect.NativeMethodAccessorImpl.invoke0(Native Method)
	at java.base/jdk.internal.reflect.NativeMethodAccessorImpl.invoke(NativeMethodAccessorImpl.java:77)
	at java.base/jdk.internal.reflect.DelegatingMethodAccessorImpl.invoke(DelegatingMethodAccessorImpl.java:43)
)
	at com.kms.katalon.core.keyword.internal.KeywordMain.stepFailed(KeywordMain.groovy:39)
	at com.kms.katalon.core.webui.keyword.internal.WebUIKeywordMain.stepFailed(WebUIKeywordMain.groovy:64)
	at com.kms.katalon.core.webui.keyword.builtin.VerifyTextPresentKeyword$_verifyTextPresent_closure1.doCall(VerifyTextPresentKeyword.groovy:79)
	at com.kms.katalon.core.webui.keyword.builtin.VerifyTextPresentKeyword$_verifyTextPresent_closure1.call(VerifyTextPresentKeyword.groovy)
	at com.kms.katalon.core.webui.keyword.internal.WebUIKeywordMain.runKeyword(WebUIKeywordMain.groovy:20)
	at com.kms.katalon.core.webui.keyword.builtin.VerifyTextPresentKeyword.verifyTextPresent(VerifyTextPresentKeyword.groovy:83)
	at com.kms.katalon.core.webui.keyword.builtin.VerifyTextPresentKeyword.execute(VerifyTextPresentKeyword.groovy:68)
	at com.kms.katalon.core.keyword.internal.KeywordExecutor.executeKeywordForPlatform(KeywordExecutor.groovy:74)
	at com.kms.katalon.core.webui.keyword.WebUiBuiltInKeywords.verifyTextPresent(WebUiBuiltInKeywords.groovy:1762)
	at PayNowSuccesfulPaymentCC.run(PayNowSuccesfulPaymentCC:94)
	at com.kms.katalon.core.main.ScriptEngine.run(ScriptEngine.java:194)
	at com.kms.katalon.core.main.ScriptEngine.runScriptAsRawText(ScriptEngine.java:119)
	at com.kms.katalon.core.main.TestCaseExecutor.runScript(TestCaseExecutor.java:448)
	at com.kms.katalon.core.main.TestCaseExecutor.doExecute(TestCaseExecutor.java:439)
	at com.kms.katalon.core.main.TestCaseExecutor.processExecutionPhase(TestCaseExecutor.java:418)
	at com.kms.katalon.core.main.TestCaseExecutor.accessMainPhase(TestCaseExecutor.java:410)
	at com.kms.katalon.core.main.TestCaseExecutor.execute(TestCaseExecutor.java:285)
	at com.kms.katalon.core.common.CommonExecutor.accessTestCaseMainPhase(CommonExecutor.java:65)
	at com.kms.katalon.core.main.TestSuiteExecutor.accessTestSuiteMainPhase(TestSuiteExecutor.java:150)
	at com.kms.katalon.core.main.TestSuiteExecutor.execute(TestSuiteExecutor.java:106)
	at com.kms.katalon.core.main.TestCaseMain.startTestSuite(TestCaseMain.java:180)
	at TempTestSuite1724689884694.run(TempTestSuite1724689884694.groovy:35)
	at java.base/jdk.internal.reflect.NativeMethodAccessorImpl.invoke0(Native Method)
	at java.base/jdk.internal.reflect.NativeMethodAccessorImpl.invoke(NativeMethodAccessorImpl.java:77)
	at java.base/jdk.internal.reflect.DelegatingMethodAccessorImpl.invoke(DelegatingMethodAccessorImpl.java:43)
Caused by: com.kms.katalon.core.exception.StepFailedException: Text 'Successful Payment Receipt' is not present on page 
	... 24 more


26-08-2024T22:35:24 - [TEST_STEP][PASSED] - resText = "Fail": null

26-08-2024T22:35:24 - [TEST_STEP][PASSED] - resColumn = "Result": null

26-08-2024T22:35:24 - [TEST_STEP][PASSED] - datCloumn = "Date": null

26-08-2024T22:35:24 - [TEST_STEP][PASSED] - fileLoc = "KatalonData/IWPTestData/VRelay25Payments.xlsx": null

26-08-2024T22:35:24 - [TEST_STEP][PASSED] - numOfRows = <not implemented yet for class: org.codehaus.groovy.ast.expr.EmptyExpression>: null

26-08-2024T22:35:24 - [TEST_STEP][PASSED] - dataFile = <not implemented yet for class: org.codehaus.groovy.ast.expr.EmptyExpression>: null

26-08-2024T22:35:24 - [TEST_STEP][PASSED] - nameSheet = <not implemented yet for class: org.codehaus.groovy.ast.expr.EmptyExpression>: null

26-08-2024T22:35:24 - [TEST_STEP][PASSED] - dataFileEmulator = <not implemented yet for class: org.codehaus.groovy.ast.expr.EmptyExpression>: null

26-08-2024T22:35:24 - [TEST_STEP][PASSED] - nameSheet = "PayNowCC": null

26-08-2024T22:35:24 - [TEST_STEP][PASSED] - dataFile = "IWPTestData/IWP25PayNowCC": null

26-08-2024T22:35:24 - [TEST_STEP][PASSED] - dataFileEmulator = "IWPTestData/EmulatorData": null

26-08-2024T22:35:24 - [TEST_STEP][PASSED] - numOfRows = findTestData(dataFile).getRowNumbers(): null

26-08-2024T22:35:24 - [TEST_STEP][PASSED] - println("Number of Records: " + numOfRows): null

26-08-2024T22:35:24 - [TEST_STEP][FAILED] - for ([row = 1, row <= numOfRows, (row++)]): null

26-08-2024T22:35:24 - [TEST_STEP][PASSED] - ExecuteTC = findTestData(dataFile).getValue("Execute", row): null

26-08-2024T22:35:24 - [TEST_STEP][PASSED] - out.println("Value of Execute is : " + ExecuteTC): null

26-08-2024T22:35:24 - [TEST_STEP][FAILED] - if (ExecuteTC.equalsIgnoreCase("Y")): null

26-08-2024T22:35:24 - [TEST_STEP][PASSED] - out.println("Begin Record Number: " + row): null

26-08-2024T22:35:24 - [TEST_STEP][PASSED] - today = new java.util.Date(): null

26-08-2024T22:35:24 - [TEST_STEP][PASSED] - println(today): null

26-08-2024T22:35:24 - [TEST_STEP][PASSED] - datText = today: null

26-08-2024T22:35:24 - [TEST_STEP][PASSED] - EmulatorDataKey = findTestData(dataFile).getValue("EmulatorData", row): null

26-08-2024T22:35:24 - [TEST_STEP][PASSED] - out.println("Value of Emulator Key is : " + EmulatorDataKey): null

26-08-2024T22:35:24 - [TEST_STEP][PASSED] - iwpPages.emulatorIWP30.setDataEmulator_DD(EmulatorDataKey): iwpPages.emulatorIWP30.setDataEmulator_DD is PASSED

26-08-2024T22:35:24 - [MESSAGE][INFO] - Starting 'Edge Chromium' driver

26-08-2024T22:35:24 - [MESSAGE][INFO] - User set preference: ['acceptInsecureCerts', 'true']

26-08-2024T22:35:26 - [MESSAGE][INFO] - Action delay is set to 0 milliseconds

26-08-2024T22:35:30 - [MESSAGE][PASSED] - Browser is opened with url: 'https://qa2.velocitypayment.com/agency/config.do?action=editor&message_version=2_5'

26-08-2024T22:35:30 - [MESSAGE][PASSED] - Current window maximized

26-08-2024T22:35:31 - [MESSAGE][PASSED] - All options with value '2.5' are selected in object 'Object Repository/IWP30/Page_VRelay30Emulator/MV'  using regular expression

26-08-2024T22:35:32 - [MESSAGE][PASSED] - Text '10.50' is set on object 'Object Repository/IWP30/Page_VRelay30Emulator/Amount'

26-08-2024T22:35:32 - [MESSAGE][PASSED] - Text '26413255' is set on object 'Object Repository/IWP30/Page_VRelay30Emulator/CAN'

26-08-2024T22:35:33 - [MESSAGE][PASSED] - Text 'PayNow' is set on object 'Object Repository/IWP30/Page_VRelay30Emulator/Action'

26-08-2024T22:35:34 - [MESSAGE][PASSED] - Text 'en_US' is set on object 'Object Repository/IWP30/Page_VRelay30Emulator/Lang'

26-08-2024T22:35:34 - [MESSAGE][PASSED] - Text 'Jasmine' is set on object 'Object Repository/IWP30/Page_VRelay30Emulator/Fname'

26-08-2024T22:35:35 - [MESSAGE][PASSED] - Text 'Patrinol' is set on object 'Object Repository/IWP30/Page_VRelay30Emulator/Lname'

26-08-2024T22:35:35 - [MESSAGE][PASSED] - Text '258 Underwood rd' is set on object 'Object Repository/IWP30/Page_VRelay30Emulator/AL1'

26-08-2024T22:35:36 - [MESSAGE][PASSED] - Text 'Suite 600' is set on object 'Object Repository/IWP30/Page_VRelay30Emulator/AL2'

26-08-2024T22:35:37 - [MESSAGE][PASSED] - Text '840' is set on object 'Object Repository/IWP30/Page_VRelay30Emulator/Country'

26-08-2024T22:35:37 - [MESSAGE][PASSED] - Text 'Arlington' is set on object 'Object Repository/IWP30/Page_VRelay30Emulator/City'

26-08-2024T22:35:38 - [MESSAGE][PASSED] - Text 'VA' is set on object 'Object Repository/IWP30/Page_VRelay30Emulator/State'

26-08-2024T22:35:39 - [MESSAGE][PASSED] - Text '22201' is set on object 'Object Repository/IWP30/Page_VRelay30Emulator/ZIP'

26-08-2024T22:35:39 - [MESSAGE][PASSED] - Text '' is set on object 'Object Repository/IWP30/Page_VRelay30Emulator/Order'

26-08-2024T22:35:40 - [MESSAGE][PASSED] - Text 'Some Company' is set on object 'Object Repository/IWP30/Page_VRelay30Emulator/Company'

26-08-2024T22:35:40 - [MESSAGE][PASSED] - Text 'iahmed@govolution.com' is set on object 'Object Repository/IWP30/Page_VRelay30Emulator/Email'

26-08-2024T22:35:41 - [MESSAGE][PASSED] - Text 'udf data 1' is set on object 'Object Repository/IWP30/Page_VRelay30Emulator/UDF1'

26-08-2024T22:35:42 - [MESSAGE][PASSED] - Text 'udf data 2' is set on object 'Object Repository/IWP30/Page_VRelay30Emulator/UDF2'

26-08-2024T22:35:42 - [MESSAGE][PASSED] - Text 'udf data 3' is set on object 'Object Repository/IWP30/Page_VRelay30Emulator/UDF3'

26-08-2024T22:35:43 - [MESSAGE][PASSED] - Text 'udf data 4' is set on object 'Object Repository/IWP30/Page_VRelay30Emulator/UDF4'

26-08-2024T22:35:43 - [MESSAGE][PASSED] - Text 'udf data 5' is set on object 'Object Repository/IWP30/Page_VRelay30Emulator/UDF5'

26-08-2024T22:35:44 - [MESSAGE][PASSED] - Text 'udf data 6' is set on object 'Object Repository/IWP30/Page_VRelay30Emulator/UDF6'

26-08-2024T22:35:45 - [MESSAGE][PASSED] - Text 'Orange' is set on object 'Object Repository/IWP30/Page_VRelay30Emulator/UDF7'

26-08-2024T22:35:45 - [MESSAGE][PASSED] - Text 'Soccer' is set on object 'Object Repository/IWP30/Page_VRelay30Emulator/UDF8'

26-08-2024T22:35:46 - [MESSAGE][PASSED] - Text 'udf data 9' is set on object 'Object Repository/IWP30/Page_VRelay30Emulator/UDF9'

26-08-2024T22:35:46 - [MESSAGE][PASSED] - Text 'udf data 10' is set on object 'Object Repository/IWP30/Page_VRelay30Emulator/UDF10'

26-08-2024T22:35:48 - [MESSAGE][PASSED] - Object: 'Object Repository/IWP30/Page_VRelay30Emulator/Submit' is clicked on

26-08-2024T22:35:52 - [MESSAGE][PASSED] - Browser is closed

26-08-2024T22:35:56 - [MESSAGE][PASSED] - iwpPages.emulatorIWP30.setDataEmulator_DD is PASSED

26-08-2024T22:35:56 - [TEST_STEP][PASSED] - testHarnessURL = urlTestHarness: null

26-08-2024T22:35:56 - [TEST_STEP][PASSED] - openBrowser(testHarnessURL): Browser is opened with url: 'https://dev-algorithm.govolution.com/vrelaytest/QA2/version_2_2/vrelaytest.html'

26-08-2024T22:35:56 - [MESSAGE][INFO] - Starting 'Edge Chromium' driver

26-08-2024T22:35:56 - [MESSAGE][INFO] - User set preference: ['acceptInsecureCerts', 'true']

26-08-2024T22:35:58 - [MESSAGE][INFO] - Action delay is set to 0 milliseconds

26-08-2024T22:36:02 - [MESSAGE][PASSED] - Browser is opened with url: 'https://dev-algorithm.govolution.com/vrelaytest/QA2/version_2_2/vrelaytest.html'

26-08-2024T22:36:02 - [TEST_STEP][PASSED] - maximizeWindow(): Current window maximized

26-08-2024T22:36:02 - [MESSAGE][PASSED] - Current window maximized

26-08-2024T22:36:02 - [TEST_STEP][PASSED] - iwpPages.TestHarnessPage.setDataMethod(row, dataFile): iwpPages.TestHarnessPage.setDataMethod is PASSED

26-08-2024T22:36:02 - [MESSAGE][PASSED] - Object 'Object Repository/IWP30/Page_QATestHarness/RemittanceID' is present

26-08-2024T22:36:03 - [MESSAGE][PASSED] - Text '638' is set on object 'Object Repository/IWP30/Page_QATestHarness/ApplicationID'

26-08-2024T22:36:04 - [MESSAGE][PASSED] - Text '2.5' is set on object 'Object Repository/IWP30/Page_QATestHarness/MessageVersion'

26-08-2024T22:36:04 - [MESSAGE][PASSED] - Text 'qUJiK1Qn93hX' is set on object 'Object Repository/IWP30/Page_QATestHarness/RemittanceID'

26-08-2024T22:36:08 - [MESSAGE][PASSED] - Object: 'Object Repository/IWP30/Page_QATestHarness/SubmitButton' is clicked on

26-08-2024T22:36:08 - [MESSAGE][PASSED] - iwpPages.TestHarnessPage.setDataMethod is PASSED

26-08-2024T22:36:08 - [TEST_STEP][PASSED] - check(findTestObject("Object Repository/IWP30/Page_SelectPaymentMethod/PayByCreditCard")): Object 'Object Repository/IWP30/Page_SelectPaymentMethod/PayByCreditCard' is checked

26-08-2024T22:36:09 - [MESSAGE][PASSED] - Object 'Object Repository/IWP30/Page_SelectPaymentMethod/PayByCreditCard' is checked

26-08-2024T22:36:09 - [TEST_STEP][PASSED] - click(findTestObject("Object Repository/IWP30/Page_SelectPaymentMethod/MakePaymentButton")): Object: 'Object Repository/IWP30/Page_SelectPaymentMethod/MakePaymentButton' is clicked on

26-08-2024T22:36:12 - [MESSAGE][PASSED] - Object: 'Object Repository/IWP30/Page_SelectPaymentMethod/MakePaymentButton' is clicked on

26-08-2024T22:36:12 - [TEST_STEP][PASSED] - iwpPages.ccPaymentEntryPage.setDataIWPCreditCard(row, dataFile): iwpPages.ccPaymentEntryPage.setDataIWPCreditCard is PASSED

26-08-2024T22:36:13 - [MESSAGE][PASSED] - Object 'Object Repository/IWP30/Page_CCPaymentEntry/Name' is present

26-08-2024T22:36:14 - [MESSAGE][PASSED] - Text '5146312200000035' is set on object 'Object Repository/IWP30/Page_CCPaymentEntry/CardNumber'

26-08-2024T22:36:15 - [MESSAGE][PASSED] - Text '123' is set on object 'Object Repository/IWP30/Page_CCPaymentEntry/SPC'

26-08-2024T22:36:16 - [MESSAGE][PASSED] - All options with label '09' are selected in object 'Object Repository/IWP30/Page_CCPaymentEntry/Month' 

26-08-2024T22:36:16 - [MESSAGE][PASSED] - All options with label '2028' are selected in object 'Object Repository/IWP30/Page_CCPaymentEntry/Year' 

26-08-2024T22:36:17 - [MESSAGE][PASSED] - Object 'Object Repository/IWP30/Page_CCPaymentEntry/TermCondCheckBox' is present

26-08-2024T22:36:17 - [MESSAGE][PASSED] - Object 'Object Repository/IWP30/Page_CCPaymentEntry/TermCondCheckBox' is checked

26-08-2024T22:36:17 - [MESSAGE][PASSED] - Object 'Object Repository/IWP30/Page_CCPaymentEntry/ContinueButton' is present

26-08-2024T22:36:20 - [MESSAGE][PASSED] - Object: 'Object Repository/IWP30/Page_CCPaymentEntry/ContinueButton' is clicked on

26-08-2024T22:36:20 - [MESSAGE][PASSED] - iwpPages.ccPaymentEntryPage.setDataIWPCreditCard is PASSED

26-08-2024T22:36:20 - [TEST_STEP][PASSED] - click(findTestObject("Object Repository/IWP30/Page_Confirmation/ConfirmButton")): Object: 'Object Repository/IWP30/Page_Confirmation/ConfirmButton' is clicked on

26-08-2024T22:36:51 - [MESSAGE][INFO] - Unable to find the element located by 'By.xpath: //*[@type = 'submit' and @name = 'confirmNotifyAction' and @id = 'submitYes' and @value = 'Confirm']'. Please recheck the objects properties to make sure the desired element is located. 

26-08-2024T22:36:51 - [MESSAGE][WARNING] - [SELF-HEALING] Failed to find element with id 'Object Repository/IWP30/Page_Confirmation/ConfirmButton'. Try using Self-healing.

26-08-2024T22:36:51 - [MESSAGE][WARNING] - [SELF-HEALING] The current locator of test object 'Object Repository/IWP30/Page_Confirmation/ConfirmButton' was broken. Propose an alternative one: '//div/input'.

26-08-2024T22:36:51 - [MESSAGE][PASSED] - Object: 'Object Repository/IWP30/Page_Confirmation/ConfirmButton' is clicked on

26-08-2024T22:36:51 - [TEST_STEP][PASSED] - Thread.sleep(10000): null

26-08-2024T22:37:01 - [TEST_STEP][PASSED] - Thread.sleep(10000): null

26-08-2024T22:37:11 - [TEST_STEP][FAILED] - if (verifyTextPresent("Successful Payment Receipt", false)): Text 'Successful Payment Receipt' is not present on page  (Root cause: com.kms.katalon.core.exception.StepFailedException: Text 'Successful Payment Receipt' is not present on page 
	at com.kms.katalon.core.webui.keyword.internal.WebUIKeywordMain.stepFailed(WebUIKeywordMain.groovy:64)
	at com.kms.katalon.core.webui.keyword.builtin.VerifyTextPresentKeyword$_verifyTextPresent_closure1.doCall(VerifyTextPresentKeyword.groovy:79)
	at com.kms.katalon.core.webui.keyword.builtin.VerifyTextPresentKeyword$_verifyTextPresent_closure1.call(VerifyTextPresentKeyword.groovy)
	at com.kms.katalon.core.webui.keyword.internal.WebUIKeywordMain.runKeyword(WebUIKeywordMain.groovy:20)
	at com.kms.katalon.core.webui.keyword.builtin.VerifyTextPresentKeyword.verifyTextPresent(VerifyTextPresentKeyword.groovy:83)
	at com.kms.katalon.core.webui.keyword.builtin.VerifyTextPresentKeyword.execute(VerifyTextPresentKeyword.groovy:68)
	at com.kms.katalon.core.keyword.internal.KeywordExecutor.executeKeywordForPlatform(KeywordExecutor.groovy:74)
	at com.kms.katalon.core.webui.keyword.WebUiBuiltInKeywords.verifyTextPresent(WebUiBuiltInKeywords.groovy:1762)
	at PayNowSuccesfulPaymentCC.run(PayNowSuccesfulPaymentCC:94)
	at com.kms.katalon.core.main.ScriptEngine.run(ScriptEngine.java:194)
	at com.kms.katalon.core.main.ScriptEngine.runScriptAsRawText(ScriptEngine.java:119)
	at com.kms.katalon.core.main.TestCaseExecutor.runScript(TestCaseExecutor.java:448)
	at com.kms.katalon.core.main.TestCaseExecutor.doExecute(TestCaseExecutor.java:439)
	at com.kms.katalon.core.main.TestCaseExecutor.processExecutionPhase(TestCaseExecutor.java:418)
	at com.kms.katalon.core.main.TestCaseExecutor.accessMainPhase(TestCaseExecutor.java:410)
	at com.kms.katalon.core.main.TestCaseExecutor.execute(TestCaseExecutor.java:285)
	at com.kms.katalon.core.common.CommonExecutor.accessTestCaseMainPhase(CommonExecutor.java:65)
	at com.kms.katalon.core.main.TestSuiteExecutor.accessTestSuiteMainPhase(TestSuiteExecutor.java:150)
	at com.kms.katalon.core.main.TestSuiteExecutor.execute(TestSuiteExecutor.java:106)
	at com.kms.katalon.core.main.TestCaseMain.startTestSuite(TestCaseMain.java:180)
	at TempTestSuite1724689884694.run(TempTestSuite1724689884694.groovy:35)
	at java.base/jdk.internal.reflect.NativeMethodAccessorImpl.invoke0(Native Method)
	at java.base/jdk.internal.reflect.NativeMethodAccessorImpl.invoke(NativeMethodAccessorImpl.java:77)
	at java.base/jdk.internal.reflect.DelegatingMethodAccessorImpl.invoke(DelegatingMethodAccessorImpl.java:43)
)

26-08-2024T22:37:11 - [MESSAGE][FAILED] - Text 'Successful Payment Receipt' is not present on page  (Root cause: com.kms.katalon.core.exception.StepFailedException: Text 'Successful Payment Receipt' is not present on page 
	at com.kms.katalon.core.webui.keyword.internal.WebUIKeywordMain.stepFailed(WebUIKeywordMain.groovy:64)
	at com.kms.katalon.core.webui.keyword.builtin.VerifyTextPresentKeyword$_verifyTextPresent_closure1.doCall(VerifyTextPresentKeyword.groovy:79)
	at com.kms.katalon.core.webui.keyword.builtin.VerifyTextPresentKeyword$_verifyTextPresent_closure1.call(VerifyTextPresentKeyword.groovy)
	at com.kms.katalon.core.webui.keyword.internal.WebUIKeywordMain.runKeyword(WebUIKeywordMain.groovy:20)
	at com.kms.katalon.core.webui.keyword.builtin.VerifyTextPresentKeyword.verifyTextPresent(VerifyTextPresentKeyword.groovy:83)
	at com.kms.katalon.core.webui.keyword.builtin.VerifyTextPresentKeyword.execute(VerifyTextPresentKeyword.groovy:68)
	at com.kms.katalon.core.keyword.internal.KeywordExecutor.executeKeywordForPlatform(KeywordExecutor.groovy:74)
	at com.kms.katalon.core.webui.keyword.WebUiBuiltInKeywords.verifyTextPresent(WebUiBuiltInKeywords.groovy:1762)
	at PayNowSuccesfulPaymentCC.run(PayNowSuccesfulPaymentCC:94)
	at com.kms.katalon.core.main.ScriptEngine.run(ScriptEngine.java:194)
	at com.kms.katalon.core.main.ScriptEngine.runScriptAsRawText(ScriptEngine.java:119)
	at com.kms.katalon.core.main.TestCaseExecutor.runScript(TestCaseExecutor.java:448)
	at com.kms.katalon.core.main.TestCaseExecutor.doExecute(TestCaseExecutor.java:439)
	at com.kms.katalon.core.main.TestCaseExecutor.processExecutionPhase(TestCaseExecutor.java:418)
	at com.kms.katalon.core.main.TestCaseExecutor.accessMainPhase(TestCaseExecutor.java:410)
	at com.kms.katalon.core.main.TestCaseExecutor.execute(TestCaseExecutor.java:285)
	at com.kms.katalon.core.common.CommonExecutor.accessTestCaseMainPhase(CommonExecutor.java:65)
	at com.kms.katalon.core.main.TestSuiteExecutor.accessTestSuiteMainPhase(TestSuiteExecutor.java:150)
	at com.kms.katalon.core.main.TestSuiteExecutor.execute(TestSuiteExecutor.java:106)
	at com.kms.katalon.core.main.TestCaseMain.startTestSuite(TestCaseMain.java:180)
	at TempTestSuite1724689884694.run(TempTestSuite1724689884694.groovy:35)
	at java.base/jdk.internal.reflect.NativeMethodAccessorImpl.invoke0(Native Method)
	at java.base/jdk.internal.reflect.NativeMethodAccessorImpl.invoke(NativeMethodAccessorImpl.java:77)
	at java.base/jdk.internal.reflect.DelegatingMethodAccessorImpl.invoke(DelegatingMethodAccessorImpl.java:43)
)

26-08-2024T22:37:11 - [TEST_STEP][FAILED] - else: null

26-08-2024T22:37:11 - [TEST_STEP][PASSED] - println("Successful Payment Receipt text is not present on the Receipt page"): null

26-08-2024T22:37:11 - [TEST_STEP][FAILED] - markFailed("Error on Page is : " + getText(findTestObject("Object Repository/IWP30/Page_Receipt/div_ReceiptSourceCode"))): Error on Page is : Make a Real Estate Payment
Lorem ipsum dolor sit amet, consectetuer adipiscing elit, sed diam nonummy nibh euismod tincidunt ut laoreet dolore magna aliquam erat volutpat. Ut wisi enim ad minim veniam, quis nostrud exerci tation ullamcorper suscipit lobortis nisl ut aliquip ex ea commodo consequat.
  Required fields are highlighted with an asterisk.
  Please enter the following information about your payment:
  CAN Label: 26413255
  Tax Amount: $0.00
  Amount:*  $
  UDF1 Label:  udf data 1
  UDF2 Label: 
  UDF3 Label:* 
  UDF4 Label:*  udf data 4
  UDF6 Label:  udf data 6
  UDF7 Label: 
--Select One--
Orange
Purple

  UDF8 Label:* 
--Select One--
Soccer
Tennis

UDF8 Label is required
  UDF9 Label:*  udf data 9
 
Please enter the following information about your payment method:
  Cardholder's Name:* 
  Cards Accepted: 
  Card Number:* 
  Card Security Code:* 
  Expiration Date:*  
     
MM
  
     01
  
     02
  
     03
  
     04
  
     05
  
     06
  
     07
  
     08
  
     09
  
     10
  
     11
  
     12
  
     
     YYYY
  
     2024
  
     2025
  
     2026
  
     2027
  
     2028
  
     2029
  
     2030
  
     2031
  
     2032
  
     2033
  
     2034
  
     2035
  
     2036
  
     2037
  
     2038
  
     2039
  
    
  Payment Date:*


 
Billing Information:
  Address Line 1:* 
  Address Line 2: 
  Country:*  
      
  
United States
    
  ZIP Code:* 
  City: 
  State:  
     
  
     
  
     
  
     
  
     
  
     
  
     
  
     
  
     
  
     
  
     
  
     
  
     
  
     
  
     
  
     
  
     
  
     
  
     
  
     
  
     
  
     
  
     
  
     
  
     
  
     
  
     
  
     
  
     
  
     
  
     
  
     
  
     
  
     
  
     
  
     
  
     
  
     
  
     
  
     
  
     
  
     
  
     
  
     
  
     
  
     
  
     
  
     
  
     
  
     
  
     
  
     
  
     
  
     
  
     
  
     
  
     
  
     
  
     
  
     
  
     
  
     
  
     
  
     
  
     
  
     
  
    
--Select One--
Armed Forces Americas
Armed Forces Europe
Armed Forces Canada
Armed Forces Africa
Armed Forces Middle East
Armed Forces Pacific
Alabama
Alaska
American Samoa
Arizona
Arkansas
California
Colorado
Connecticut
Delaware
District of Columbia
Federated States of Micronesia
Florida
Georgia
Guam
Hawaii
Idaho
Illinois
Indiana
Iowa
Kansas
Kentucky
Louisiana
Maine
Maryland
Massachusetts
Michigan
Minnesota
Mississippi
Missouri
Montana
Nebraska
Nevada
New Hampshire
New Jersey
New Mexico
New York
North Carolina
North Dakota
Northern Mariana Islands
Ohio
Oklahoma
Oregon
Palau
Pennsylvania
Puerto Rico
Rhode Island
South Carolina
South Dakota
Tennessee
Texas
Utah
Vermont
Virgin Islands
Virginia
Washington
West Virginia
Wisconsin
Wyoming
Marshall Island

 
Receipt Information:
  Email Address:* 
 
  Please check here to store the payment method for future use.

    These are Customer CC Terms
    These are CC Custom HTML

26-08-2024T22:37:12 - [MESSAGE][PASSED] - Text of object 'Object Repository/IWP30/Page_Receipt/div_ReceiptSourceCode' is: 'Make a Real Estate Payment
Lorem ipsum dolor sit amet, consectetuer adipiscing elit, sed diam nonummy nibh euismod tincidunt ut laoreet dolore magna aliquam erat volutpat. Ut wisi enim ad minim veniam, quis nostrud exerci tation ullamcorper suscipit lobortis nisl ut aliquip ex ea commodo consequat.
  Required fields are highlighted with an asterisk.
  Please enter the following information about your payment:
  CAN Label: 26413255
  Tax Amount: $0.00
  Amount:*  $
  UDF1 Label:  udf data 1
  UDF2 Label: 
  UDF3 Label:* 
  UDF4 Label:*  udf data 4
  UDF6 Label:  udf data 6
  UDF7 Label: 
--Select One--
Orange
Purple

  UDF8 Label:* 
--Select One--
Soccer
Tennis

UDF8 Label is required
  UDF9 Label:*  udf data 9
 
Please enter the following information about your payment method:
  Cardholder's Name:* 
  Cards Accepted: 
  Card Number:* 
  Card Security Code:* 
  Expiration Date:*  
     
MM
  
     01
  
     02
  
     03
  
     04
  
     05
  
     06
  
     07
  
     08
  
     09
  
     10
  
     11
  
     12
  
     
     YYYY
  
     2024
  
     2025
  
     2026
  
     2027
  
     2028
  
     2029
  
     2030
  
     2031
  
     2032
  
     2033
  
     2034
  
     2035
  
     2036
  
     2037
  
     2038
  
     2039
  
    
  Payment Date:*


 
Billing Information:
  Address Line 1:* 
  Address Line 2: 
  Country:*  
      
  
United States
    
  ZIP Code:* 
  City: 
  State:  
     
  
     
  
     
  
     
  
     
  
     
  
     
  
     
  
     
  
     
  
     
  
     
  
     
  
     
  
     
  
     
  
     
  
     
  
     
  
     
  
     
  
     
  
     
  
     
  
     
  
     
  
     
  
     
  
     
  
     
  
     
  
     
  
     
  
     
  
     
  
     
  
     
  
     
  
     
  
     
  
     
  
     
  
     
  
     
  
     
  
     
  
     
  
     
  
     
  
     
  
     
  
     
  
     
  
     
  
     
  
     
  
     
  
     
  
     
  
     
  
     
  
     
  
     
  
     
  
     
  
     
  
    
--Select One--
Armed Forces Americas
Armed Forces Europe
Armed Forces Canada
Armed Forces Africa
Armed Forces Middle East
Armed Forces Pacific
Alabama
Alaska
American Samoa
Arizona
Arkansas
California
Colorado
Connecticut
Delaware
District of Columbia
Federated States of Micronesia
Florida
Georgia
Guam
Hawaii
Idaho
Illinois
Indiana
Iowa
Kansas
Kentucky
Louisiana
Maine
Maryland
Massachusetts
Michigan
Minnesota
Mississippi
Missouri
Montana
Nebraska
Nevada
New Hampshire
New Jersey
New Mexico
New York
North Carolina
North Dakota
Northern Mariana Islands
Ohio
Oklahoma
Oregon
Palau
Pennsylvania
Puerto Rico
Rhode Island
South Carolina
South Dakota
Tennessee
Texas
Utah
Vermont
Virgin Islands
Virginia
Washington
West Virginia
Wisconsin
Wyoming
Marshall Island

 
Receipt Information:
  Email Address:* 
 
  Please check here to store the payment method for future use.

    These are Customer CC Terms
    These are CC Custom HTML'

26-08-2024T22:37:12 - [MESSAGE][FAILED] - Error on Page is : Make a Real Estate Payment
Lorem ipsum dolor sit amet, consectetuer adipiscing elit, sed diam nonummy nibh euismod tincidunt ut laoreet dolore magna aliquam erat volutpat. Ut wisi enim ad minim veniam, quis nostrud exerci tation ullamcorper suscipit lobortis nisl ut aliquip ex ea commodo consequat.
  Required fields are highlighted with an asterisk.
  Please enter the following information about your payment:
  CAN Label: 26413255
  Tax Amount: $0.00
  Amount:*  $
  UDF1 Label:  udf data 1
  UDF2 Label: 
  UDF3 Label:* 
  UDF4 Label:*  udf data 4
  UDF6 Label:  udf data 6
  UDF7 Label: 
--Select One--
Orange
Purple

  UDF8 Label:* 
--Select One--
Soccer
Tennis

UDF8 Label is required
  UDF9 Label:*  udf data 9
 
Please enter the following information about your payment method:
  Cardholder's Name:* 
  Cards Accepted: 
  Card Number:* 
  Card Security Code:* 
  Expiration Date:*  
     
MM
  
     01
  
     02
  
     03
  
     04
  
     05
  
     06
  
     07
  
     08
  
     09
  
     10
  
     11
  
     12
  
     
     YYYY
  
     2024
  
     2025
  
     2026
  
     2027
  
     2028
  
     2029
  
     2030
  
     2031
  
     2032
  
     2033
  
     2034
  
     2035
  
     2036
  
     2037
  
     2038
  
     2039
  
    
  Payment Date:*


 
Billing Information:
  Address Line 1:* 
  Address Line 2: 
  Country:*  
      
  
United States
    
  ZIP Code:* 
  City: 
  State:  
     
  
     
  
     
  
     
  
     
  
     
  
     
  
     
  
     
  
     
  
     
  
     
  
     
  
     
  
     
  
     
  
     
  
     
  
     
  
     
  
     
  
     
  
     
  
     
  
     
  
     
  
     
  
     
  
     
  
     
  
     
  
     
  
     
  
     
  
     
  
     
  
     
  
     
  
     
  
     
  
     
  
     
  
     
  
     
  
     
  
     
  
     
  
     
  
     
  
     
  
     
  
     
  
     
  
     
  
     
  
     
  
     
  
     
  
     
  
     
  
     
  
     
  
     
  
     
  
     
  
     
  
    
--Select One--
Armed Forces Americas
Armed Forces Europe
Armed Forces Canada
Armed Forces Africa
Armed Forces Middle East
Armed Forces Pacific
Alabama
Alaska
American Samoa
Arizona
Arkansas
California
Colorado
Connecticut
Delaware
District of Columbia
Federated States of Micronesia
Florida
Georgia
Guam
Hawaii
Idaho
Illinois
Indiana
Iowa
Kansas
Kentucky
Louisiana
Maine
Maryland
Massachusetts
Michigan
Minnesota
Mississippi
Missouri
Montana
Nebraska
Nevada
New Hampshire
New Jersey
New Mexico
New York
North Carolina
North Dakota
Northern Mariana Islands
Ohio
Oklahoma
Oregon
Palau
Pennsylvania
Puerto Rico
Rhode Island
South Carolina
South Dakota
Tennessee
Texas
Utah
Vermont
Virgin Islands
Virginia
Washington
West Virginia
Wisconsin
Wyoming
Marshall Island

 
Receipt Information:
  Email Address:* 
 
  Please check here to store the payment method for future use.

    These are Customer CC Terms
    These are CC Custom HTML

26-08-2024T22:37:12 - [TEST_STEP][PASSED] - resText = "Fail": null

26-08-2024T22:37:12 - [TEST_STEP][PASSED] - pages.WriteExcel.demoKey(resText, datText, resColumn, datCloumn, fileLoc, nameSheet, row): pages.WriteExcel.demoKey is PASSED

26-08-2024T22:37:12 - [MESSAGE][PASSED] - pages.WriteExcel.demoKey is PASSED

26-08-2024T22:37:12 - [TEST_STEP][PASSED] - println(getText(findTestObject("Object Repository/IWP30/Page_Receipt/div_ReceiptSourceCode"))): Text of object 'Object Repository/IWP30/Page_Receipt/div_ReceiptSourceCode' is: 'Make a Real Estate Payment
Lorem ipsum dolor sit amet, consectetuer adipiscing elit, sed diam nonummy nibh euismod tincidunt ut laoreet dolore magna aliquam erat volutpat. Ut wisi enim ad minim veniam, quis nostrud exerci tation ullamcorper suscipit lobortis nisl ut aliquip ex ea commodo consequat.
  Required fields are highlighted with an asterisk.
  Please enter the following information about your payment:
  CAN Label: 26413255
  Tax Amount: $0.00
  Amount:*  $
  UDF1 Label:  udf data 1
  UDF2 Label: 
  UDF3 Label:* 
  UDF4 Label:*  udf data 4
  UDF6 Label:  udf data 6
  UDF7 Label: 
--Select One--
Orange
Purple

  UDF8 Label:* 
--Select One--
Soccer
Tennis

UDF8 Label is required
  UDF9 Label:*  udf data 9
 
Please enter the following information about your payment method:
  Cardholder's Name:* 
  Cards Accepted: 
  Card Number:* 
  Card Security Code:* 
  Expiration Date:*  
     
MM
  
     01
  
     02
  
     03
  
     04
  
     05
  
     06
  
     07
  
     08
  
     09
  
     10
  
     11
  
     12
  
     
     YYYY
  
     2024
  
     2025
  
     2026
  
     2027
  
     2028
  
     2029
  
     2030
  
     2031
  
     2032
  
     2033
  
     2034
  
     2035
  
     2036
  
     2037
  
     2038
  
     2039
  
    
  Payment Date:*


 
Billing Information:
  Address Line 1:* 
  Address Line 2: 
  Country:*  
      
  
United States
    
  ZIP Code:* 
  City: 
  State:  
     
  
     
  
     
  
     
  
     
  
     
  
     
  
     
  
     
  
     
  
     
  
     
  
     
  
     
  
     
  
     
  
     
  
     
  
     
  
     
  
     
  
     
  
     
  
     
  
     
  
     
  
     
  
     
  
     
  
     
  
     
  
     
  
     
  
     
  
     
  
     
  
     
  
     
  
     
  
     
  
     
  
     
  
     
  
     
  
     
  
     
  
     
  
     
  
     
  
     
  
     
  
     
  
     
  
     
  
     
  
     
  
     
  
     
  
     
  
     
  
     
  
     
  
     
  
     
  
     
  
     
  
    
--Select One--
Armed Forces Americas
Armed Forces Europe
Armed Forces Canada
Armed Forces Africa
Armed Forces Middle East
Armed Forces Pacific
Alabama
Alaska
American Samoa
Arizona
Arkansas
California
Colorado
Connecticut
Delaware
District of Columbia
Federated States of Micronesia
Florida
Georgia
Guam
Hawaii
Idaho
Illinois
Indiana
Iowa
Kansas
Kentucky
Louisiana
Maine
Maryland
Massachusetts
Michigan
Minnesota
Mississippi
Missouri
Montana
Nebraska
Nevada
New Hampshire
New Jersey
New Mexico
New York
North Carolina
North Dakota
Northern Mariana Islands
Ohio
Oklahoma
Oregon
Palau
Pennsylvania
Puerto Rico
Rhode Island
South Carolina
South Dakota
Tennessee
Texas
Utah
Vermont
Virgin Islands
Virginia
Washington
West Virginia
Wisconsin
Wyoming
Marshall Island

 
Receipt Information:
  Email Address:* 
 
  Please check here to store the payment method for future use.

    These are Customer CC Terms
    These are CC Custom HTML'

26-08-2024T22:37:12 - [MESSAGE][PASSED] - Text of object 'Object Repository/IWP30/Page_Receipt/div_ReceiptSourceCode' is: 'Make a Real Estate Payment
Lorem ipsum dolor sit amet, consectetuer adipiscing elit, sed diam nonummy nibh euismod tincidunt ut laoreet dolore magna aliquam erat volutpat. Ut wisi enim ad minim veniam, quis nostrud exerci tation ullamcorper suscipit lobortis nisl ut aliquip ex ea commodo consequat.
  Required fields are highlighted with an asterisk.
  Please enter the following information about your payment:
  CAN Label: 26413255
  Tax Amount: $0.00
  Amount:*  $
  UDF1 Label:  udf data 1
  UDF2 Label: 
  UDF3 Label:* 
  UDF4 Label:*  udf data 4
  UDF6 Label:  udf data 6
  UDF7 Label: 
--Select One--
Orange
Purple

  UDF8 Label:* 
--Select One--
Soccer
Tennis

UDF8 Label is required
  UDF9 Label:*  udf data 9
 
Please enter the following information about your payment method:
  Cardholder's Name:* 
  Cards Accepted: 
  Card Number:* 
  Card Security Code:* 
  Expiration Date:*  
     
MM
  
     01
  
     02
  
     03
  
     04
  
     05
  
     06
  
     07
  
     08
  
     09
  
     10
  
     11
  
     12
  
     
     YYYY
  
     2024
  
     2025
  
     2026
  
     2027
  
     2028
  
     2029
  
     2030
  
     2031
  
     2032
  
     2033
  
     2034
  
     2035
  
     2036
  
     2037
  
     2038
  
     2039
  
    
  Payment Date:*


 
Billing Information:
  Address Line 1:* 
  Address Line 2: 
  Country:*  
      
  
United States
    
  ZIP Code:* 
  City: 
  State:  
     
  
     
  
     
  
     
  
     
  
     
  
     
  
     
  
     
  
     
  
     
  
     
  
     
  
     
  
     
  
     
  
     
  
     
  
     
  
     
  
     
  
     
  
     
  
     
  
     
  
     
  
     
  
     
  
     
  
     
  
     
  
     
  
     
  
     
  
     
  
     
  
     
  
     
  
     
  
     
  
     
  
     
  
     
  
     
  
     
  
     
  
     
  
     
  
     
  
     
  
     
  
     
  
     
  
     
  
     
  
     
  
     
  
     
  
     
  
     
  
     
  
     
  
     
  
     
  
     
  
     
  
    
--Select One--
Armed Forces Americas
Armed Forces Europe
Armed Forces Canada
Armed Forces Africa
Armed Forces Middle East
Armed Forces Pacific
Alabama
Alaska
American Samoa
Arizona
Arkansas
California
Colorado
Connecticut
Delaware
District of Columbia
Federated States of Micronesia
Florida
Georgia
Guam
Hawaii
Idaho
Illinois
Indiana
Iowa
Kansas
Kentucky
Louisiana
Maine
Maryland
Massachusetts
Michigan
Minnesota
Mississippi
Missouri
Montana
Nebraska
Nevada
New Hampshire
New Jersey
New Mexico
New York
North Carolina
North Dakota
Northern Mariana Islands
Ohio
Oklahoma
Oregon
Palau
Pennsylvania
Puerto Rico
Rhode Island
South Carolina
South Dakota
Tennessee
Texas
Utah
Vermont
Virgin Islands
Virginia
Washington
West Virginia
Wisconsin
Wyoming
Marshall Island

 
Receipt Information:
  Email Address:* 
 
  Please check here to store the payment method for future use.

    These are Customer CC Terms
    These are CC Custom HTML'

26-08-2024T22:37:12 - [TEST_STEP][PASSED] - ExecuteTC = findTestData(dataFile).getValue("Execute", row): null

26-08-2024T22:37:12 - [TEST_STEP][PASSED] - out.println("Value of Execute is : " + ExecuteTC): null

26-08-2024T22:37:12 - [TEST_STEP][FAILED] - if (ExecuteTC.equalsIgnoreCase("Y")): null

26-08-2024T22:37:12 - [TEST_STEP][PASSED] - out.println("Begin Record Number: " + row): null

26-08-2024T22:37:12 - [TEST_STEP][PASSED] - today = new java.util.Date(): null

26-08-2024T22:37:12 - [TEST_STEP][PASSED] - println(today): null

26-08-2024T22:37:12 - [TEST_STEP][PASSED] - datText = today: null

26-08-2024T22:37:12 - [TEST_STEP][PASSED] - EmulatorDataKey = findTestData(dataFile).getValue("EmulatorData", row): null

26-08-2024T22:37:12 - [TEST_STEP][PASSED] - out.println("Value of Emulator Key is : " + EmulatorDataKey): null

26-08-2024T22:37:12 - [TEST_STEP][PASSED] - iwpPages.emulatorIWP30.setDataEmulator_DD(EmulatorDataKey): iwpPages.emulatorIWP30.setDataEmulator_DD is PASSED

26-08-2024T22:37:13 - [MESSAGE][WARNING] - A browser is already opened. Closing browser and opening a new one

26-08-2024T22:37:13 - [MESSAGE][INFO] - Starting 'Edge Chromium' driver

26-08-2024T22:37:13 - [MESSAGE][INFO] - User set preference: ['acceptInsecureCerts', 'true']

26-08-2024T22:37:15 - [MESSAGE][INFO] - Action delay is set to 0 milliseconds

26-08-2024T22:37:19 - [MESSAGE][PASSED] - Browser is opened with url: 'https://qa2.velocitypayment.com/agency/config.do?action=editor&message_version=2_5'

26-08-2024T22:37:19 - [MESSAGE][PASSED] - Current window maximized

26-08-2024T22:37:20 - [MESSAGE][PASSED] - All options with value '2.5' are selected in object 'Object Repository/IWP30/Page_VRelay30Emulator/MV'  using regular expression

26-08-2024T22:37:20 - [MESSAGE][PASSED] - Text '10.50' is set on object 'Object Repository/IWP30/Page_VRelay30Emulator/Amount'

26-08-2024T22:37:21 - [MESSAGE][PASSED] - Text '26413414' is set on object 'Object Repository/IWP30/Page_VRelay30Emulator/CAN'

26-08-2024T22:37:22 - [MESSAGE][PASSED] - Text 'PayNow' is set on object 'Object Repository/IWP30/Page_VRelay30Emulator/Action'

26-08-2024T22:37:23 - [MESSAGE][PASSED] - Text 'en_US' is set on object 'Object Repository/IWP30/Page_VRelay30Emulator/Lang'

26-08-2024T22:37:23 - [MESSAGE][PASSED] - Text '' is set on object 'Object Repository/IWP30/Page_VRelay30Emulator/Fname'

26-08-2024T22:37:24 - [MESSAGE][PASSED] - Text '' is set on object 'Object Repository/IWP30/Page_VRelay30Emulator/Lname'

26-08-2024T22:37:24 - [MESSAGE][PASSED] - Text '' is set on object 'Object Repository/IWP30/Page_VRelay30Emulator/AL1'

26-08-2024T22:37:25 - [MESSAGE][PASSED] - Text '' is set on object 'Object Repository/IWP30/Page_VRelay30Emulator/AL2'

26-08-2024T22:37:26 - [MESSAGE][PASSED] - Text '' is set on object 'Object Repository/IWP30/Page_VRelay30Emulator/Country'

26-08-2024T22:37:26 - [MESSAGE][PASSED] - Text '' is set on object 'Object Repository/IWP30/Page_VRelay30Emulator/City'

26-08-2024T22:37:27 - [MESSAGE][PASSED] - Text '' is set on object 'Object Repository/IWP30/Page_VRelay30Emulator/State'

26-08-2024T22:37:27 - [MESSAGE][PASSED] - Text '' is set on object 'Object Repository/IWP30/Page_VRelay30Emulator/ZIP'

26-08-2024T22:37:28 - [MESSAGE][PASSED] - Text '' is set on object 'Object Repository/IWP30/Page_VRelay30Emulator/Order'

26-08-2024T22:37:29 - [MESSAGE][PASSED] - Text '' is set on object 'Object Repository/IWP30/Page_VRelay30Emulator/Company'

26-08-2024T22:37:29 - [MESSAGE][PASSED] - Text '' is set on object 'Object Repository/IWP30/Page_VRelay30Emulator/Email'

26-08-2024T22:37:30 - [MESSAGE][PASSED] - Text '' is set on object 'Object Repository/IWP30/Page_VRelay30Emulator/UDF1'

26-08-2024T22:37:30 - [MESSAGE][PASSED] - Text '' is set on object 'Object Repository/IWP30/Page_VRelay30Emulator/UDF2'

26-08-2024T22:37:31 - [MESSAGE][PASSED] - Text '' is set on object 'Object Repository/IWP30/Page_VRelay30Emulator/UDF3'

26-08-2024T22:37:31 - [MESSAGE][PASSED] - Text 'udf data 4' is set on object 'Object Repository/IWP30/Page_VRelay30Emulator/UDF4'

26-08-2024T22:37:32 - [MESSAGE][PASSED] - Text 'udf data 5' is set on object 'Object Repository/IWP30/Page_VRelay30Emulator/UDF5'

26-08-2024T22:37:33 - [MESSAGE][PASSED] - Text '' is set on object 'Object Repository/IWP30/Page_VRelay30Emulator/UDF6'

26-08-2024T22:37:33 - [MESSAGE][PASSED] - Text '' is set on object 'Object Repository/IWP30/Page_VRelay30Emulator/UDF7'

26-08-2024T22:37:34 - [MESSAGE][PASSED] - Text '' is set on object 'Object Repository/IWP30/Page_VRelay30Emulator/UDF8'

26-08-2024T22:37:34 - [MESSAGE][PASSED] - Text 'udf data 9' is set on object 'Object Repository/IWP30/Page_VRelay30Emulator/UDF9'

26-08-2024T22:37:35 - [MESSAGE][PASSED] - Text 'udf data 10' is set on object 'Object Repository/IWP30/Page_VRelay30Emulator/UDF10'

26-08-2024T22:37:36 - [MESSAGE][PASSED] - Object: 'Object Repository/IWP30/Page_VRelay30Emulator/Submit' is clicked on

26-08-2024T22:37:41 - [MESSAGE][PASSED] - Browser is closed

26-08-2024T22:37:45 - [MESSAGE][PASSED] - iwpPages.emulatorIWP30.setDataEmulator_DD is PASSED

26-08-2024T22:37:45 - [TEST_STEP][PASSED] - testHarnessURL = urlTestHarness: null

26-08-2024T22:37:45 - [TEST_STEP][PASSED] - openBrowser(testHarnessURL): Browser is opened with url: 'https://dev-algorithm.govolution.com/vrelaytest/QA2/version_2_2/vrelaytest.html'

26-08-2024T22:37:45 - [MESSAGE][INFO] - Starting 'Edge Chromium' driver

26-08-2024T22:37:45 - [MESSAGE][INFO] - User set preference: ['acceptInsecureCerts', 'true']

26-08-2024T22:37:47 - [MESSAGE][INFO] - Action delay is set to 0 milliseconds

26-08-2024T22:37:51 - [MESSAGE][PASSED] - Browser is opened with url: 'https://dev-algorithm.govolution.com/vrelaytest/QA2/version_2_2/vrelaytest.html'

26-08-2024T22:37:51 - [TEST_STEP][PASSED] - maximizeWindow(): Current window maximized

26-08-2024T22:37:51 - [MESSAGE][PASSED] - Current window maximized

26-08-2024T22:37:51 - [TEST_STEP][PASSED] - iwpPages.TestHarnessPage.setDataMethod(row, dataFile): iwpPages.TestHarnessPage.setDataMethod is PASSED

26-08-2024T22:37:51 - [MESSAGE][PASSED] - Object 'Object Repository/IWP30/Page_QATestHarness/RemittanceID' is present

26-08-2024T22:37:52 - [MESSAGE][PASSED] - Text '638' is set on object 'Object Repository/IWP30/Page_QATestHarness/ApplicationID'

26-08-2024T22:37:52 - [MESSAGE][PASSED] - Text '2.5' is set on object 'Object Repository/IWP30/Page_QATestHarness/MessageVersion'

26-08-2024T22:37:53 - [MESSAGE][PASSED] - Text 'qvUcfQYpe7FK' is set on object 'Object Repository/IWP30/Page_QATestHarness/RemittanceID'

26-08-2024T22:37:56 - [MESSAGE][PASSED] - Object: 'Object Repository/IWP30/Page_QATestHarness/SubmitButton' is clicked on

26-08-2024T22:37:56 - [MESSAGE][PASSED] - iwpPages.TestHarnessPage.setDataMethod is PASSED

26-08-2024T22:37:56 - [TEST_STEP][PASSED] - check(findTestObject("Object Repository/IWP30/Page_SelectPaymentMethod/PayByCreditCard")): Object 'Object Repository/IWP30/Page_SelectPaymentMethod/PayByCreditCard' is checked

26-08-2024T22:37:57 - [MESSAGE][PASSED] - Object 'Object Repository/IWP30/Page_SelectPaymentMethod/PayByCreditCard' is checked

26-08-2024T22:37:57 - [TEST_STEP][PASSED] - click(findTestObject("Object Repository/IWP30/Page_SelectPaymentMethod/MakePaymentButton")): Object: 'Object Repository/IWP30/Page_SelectPaymentMethod/MakePaymentButton' is clicked on

26-08-2024T22:38:00 - [MESSAGE][PASSED] - Object: 'Object Repository/IWP30/Page_SelectPaymentMethod/MakePaymentButton' is clicked on

26-08-2024T22:38:00 - [TEST_STEP][FAILED] - iwpPages.ccPaymentEntryPage.setDataIWPCreditCard(row, dataFile): com.kms.katalon.core.exception.StepFailedException: Unable to set text (Root cause: com.kms.katalon.core.exception.StepFailedException: Unable to set text
	at com.kms.katalon.core.webui.keyword.internal.WebUIKeywordMain.stepFailed(WebUIKeywordMain.groovy:64)
	at com.kms.katalon.core.webui.keyword.internal.WebUIKeywordMain.runKeyword(WebUIKeywordMain.groovy:26)
	at com.kms.katalon.core.webui.keyword.builtin.SetTextKeyword.setText(SetTextKeyword.groovy:85)
	at com.kms.katalon.core.webui.keyword.builtin.SetTextKeyword.execute(SetTextKeyword.groovy:39)
	at com.kms.katalon.core.keyword.internal.KeywordExecutor.executeKeywordForPlatform(KeywordExecutor.groovy:74)
	at com.kms.katalon.core.webui.keyword.WebUiBuiltInKeywords.setText(WebUiBuiltInKeywords.groovy:1019)
	at iwpPages.ccPaymentEntryPage.setDataIWPCreditCard(ccPaymentEntryPage.groovy:410)
	at java.base/jdk.internal.reflect.NativeMethodAccessorImpl.invoke0(Native Method)
	at java.base/jdk.internal.reflect.NativeMethodAccessorImpl.invoke(NativeMethodAccessorImpl.java:77)
	at java.base/jdk.internal.reflect.DelegatingMethodAccessorImpl.invoke(DelegatingMethodAccessorImpl.java:43)
	at com.kms.katalon.core.main.CustomKeywordDelegatingMetaClass.invokeStaticMethod(CustomKeywordDelegatingMetaClass.java:55)
	at PayNowSuccesfulPaymentCC.run(PayNowSuccesfulPaymentCC:81)
	at com.kms.katalon.core.main.ScriptEngine.run(ScriptEngine.java:194)
	at com.kms.katalon.core.main.ScriptEngine.runScriptAsRawText(ScriptEngine.java:119)
	at com.kms.katalon.core.main.TestCaseExecutor.runScript(TestCaseExecutor.java:448)
	at com.kms.katalon.core.main.TestCaseExecutor.doExecute(TestCaseExecutor.java:439)
	at com.kms.katalon.core.main.TestCaseExecutor.processExecutionPhase(TestCaseExecutor.java:418)
	at com.kms.katalon.core.main.TestCaseExecutor.accessMainPhase(TestCaseExecutor.java:410)
	at com.kms.katalon.core.main.TestCaseExecutor.execute(TestCaseExecutor.java:285)
	at com.kms.katalon.core.common.CommonExecutor.accessTestCaseMainPhase(CommonExecutor.java:65)
	at com.kms.katalon.core.main.TestSuiteExecutor.accessTestSuiteMainPhase(TestSuiteExecutor.java:150)
	at com.kms.katalon.core.main.TestSuiteExecutor.execute(TestSuiteExecutor.java:106)
	at com.kms.katalon.core.main.TestCaseMain.startTestSuite(TestCaseMain.java:180)
	at TempTestSuite1724689884694.run(TempTestSuite1724689884694.groovy:35)
	at java.base/jdk.internal.reflect.NativeMethodAccessorImpl.invoke0(Native Method)
	at java.base/jdk.internal.reflect.NativeMethodAccessorImpl.invoke(NativeMethodAccessorImpl.java:77)
	at java.base/jdk.internal.reflect.DelegatingMethodAccessorImpl.invoke(DelegatingMethodAccessorImpl.java:43)
Caused by: java.lang.IllegalArgumentException: Object is null
	at com.kms.katalon.core.helper.KeywordHelper.checkTestObjectParameter(KeywordHelper.java:33)
	at com.kms.katalon.core.webui.keyword.builtin.SetTextKeyword$_setText_closure1.doCall(SetTextKeyword.groovy:47)
	at com.kms.katalon.core.webui.keyword.builtin.SetTextKeyword$_setText_closure1.call(SetTextKeyword.groovy)
	at com.kms.katalon.core.webui.keyword.internal.WebUIKeywordMain.runKeyword(WebUIKeywordMain.groovy:20)
	at com.kms.katalon.core.webui.keyword.builtin.SetTextKeyword.setText(SetTextKeyword.groovy:85)
	at com.kms.katalon.core.webui.keyword.builtin.SetTextKeyword.execute(SetTextKeyword.groovy:39)
	at com.kms.katalon.core.keyword.internal.KeywordExecutor.executeKeywordForPlatform(KeywordExecutor.groovy:74)
	at com.kms.katalon.core.webui.keyword.WebUiBuiltInKeywords.setText(WebUiBuiltInKeywords.groovy:1019)
	at iwpPages.ccPaymentEntryPage.setDataIWPCreditCard(ccPaymentEntryPage.groovy:410)
	at java.base/jdk.internal.reflect.NativeMethodAccessorImpl.invoke0(Native Method)
	at java.base/jdk.internal.reflect.NativeMethodAccessorImpl.invoke(NativeMethodAccessorImpl.java:77)
	at java.base/jdk.internal.reflect.DelegatingMethodAccessorImpl.invoke(DelegatingMethodAccessorImpl.java:43)
	at com.kms.katalon.core.main.CustomKeywordDelegatingMetaClass.invokeStaticMethod(CustomKeywordDelegatingMetaClass.java:55)
	at Script1723140349688.run(Script1723140349688.groovy:81)
	... 15 more
)

26-08-2024T22:38:01 - [MESSAGE][PASSED] - Object 'Object Repository/IWP30/Page_CCPaymentEntry/Name' is present

26-08-2024T22:38:02 - [MESSAGE][PASSED] - Text '10.50' is set on object 'Object Repository/IWP30/Page_CCPaymentEntry/Amount'

26-08-2024T22:38:02 - [MESSAGE][WARNING] - Test object with id 'Object Repository/IWP30/Page_CCPaymentEntry/UserDefined1' does not exist

26-08-2024T22:38:02 - [MESSAGE][WARNING] - Test object with id 'Object Repository/' does not exist

26-08-2024T22:38:02 - [MESSAGE][FAILED] - Unable to set text (Root cause: com.kms.katalon.core.exception.StepFailedException: Unable to set text
	at com.kms.katalon.core.webui.keyword.internal.WebUIKeywordMain.stepFailed(WebUIKeywordMain.groovy:64)
	at com.kms.katalon.core.webui.keyword.internal.WebUIKeywordMain.runKeyword(WebUIKeywordMain.groovy:26)
	at com.kms.katalon.core.webui.keyword.builtin.SetTextKeyword.setText(SetTextKeyword.groovy:85)
	at com.kms.katalon.core.webui.keyword.builtin.SetTextKeyword.execute(SetTextKeyword.groovy:39)
	at com.kms.katalon.core.keyword.internal.KeywordExecutor.executeKeywordForPlatform(KeywordExecutor.groovy:74)
	at com.kms.katalon.core.webui.keyword.WebUiBuiltInKeywords.setText(WebUiBuiltInKeywords.groovy:1019)
	at iwpPages.ccPaymentEntryPage.setDataIWPCreditCard(ccPaymentEntryPage.groovy:410)
	at java.base/jdk.internal.reflect.NativeMethodAccessorImpl.invoke0(Native Method)
	at java.base/jdk.internal.reflect.NativeMethodAccessorImpl.invoke(NativeMethodAccessorImpl.java:77)
	at java.base/jdk.internal.reflect.DelegatingMethodAccessorImpl.invoke(DelegatingMethodAccessorImpl.java:43)
	at com.kms.katalon.core.main.CustomKeywordDelegatingMetaClass.invokeStaticMethod(CustomKeywordDelegatingMetaClass.java:55)
	at PayNowSuccesfulPaymentCC.run(PayNowSuccesfulPaymentCC:81)
	at com.kms.katalon.core.main.ScriptEngine.run(ScriptEngine.java:194)
	at com.kms.katalon.core.main.ScriptEngine.runScriptAsRawText(ScriptEngine.java:119)
	at com.kms.katalon.core.main.TestCaseExecutor.runScript(TestCaseExecutor.java:448)
	at com.kms.katalon.core.main.TestCaseExecutor.doExecute(TestCaseExecutor.java:439)
	at com.kms.katalon.core.main.TestCaseExecutor.processExecutionPhase(TestCaseExecutor.java:418)
	at com.kms.katalon.core.main.TestCaseExecutor.accessMainPhase(TestCaseExecutor.java:410)
	at com.kms.katalon.core.main.TestCaseExecutor.execute(TestCaseExecutor.java:285)
	at com.kms.katalon.core.common.CommonExecutor.accessTestCaseMainPhase(CommonExecutor.java:65)
	at com.kms.katalon.core.main.TestSuiteExecutor.accessTestSuiteMainPhase(TestSuiteExecutor.java:150)
	at com.kms.katalon.core.main.TestSuiteExecutor.execute(TestSuiteExecutor.java:106)
	at com.kms.katalon.core.main.TestCaseMain.startTestSuite(TestCaseMain.java:180)
	at TempTestSuite1724689884694.run(TempTestSuite1724689884694.groovy:35)
	at java.base/jdk.internal.reflect.NativeMethodAccessorImpl.invoke0(Native Method)
	at java.base/jdk.internal.reflect.NativeMethodAccessorImpl.invoke(NativeMethodAccessorImpl.java:77)
	at java.base/jdk.internal.reflect.DelegatingMethodAccessorImpl.invoke(DelegatingMethodAccessorImpl.java:43)
Caused by: java.lang.IllegalArgumentException: Object is null
	at com.kms.katalon.core.helper.KeywordHelper.checkTestObjectParameter(KeywordHelper.java:33)
	at com.kms.katalon.core.webui.keyword.builtin.SetTextKeyword$_setText_closure1.doCall(SetTextKeyword.groovy:47)
	at com.kms.katalon.core.webui.keyword.builtin.SetTextKeyword$_setText_closure1.call(SetTextKeyword.groovy)
	at com.kms.katalon.core.webui.keyword.internal.WebUIKeywordMain.runKeyword(WebUIKeywordMain.groovy:20)
	at com.kms.katalon.core.webui.keyword.builtin.SetTextKeyword.setText(SetTextKeyword.groovy:85)
	at com.kms.katalon.core.webui.keyword.builtin.SetTextKeyword.execute(SetTextKeyword.groovy:39)
	at com.kms.katalon.core.keyword.internal.KeywordExecutor.executeKeywordForPlatform(KeywordExecutor.groovy:74)
	at com.kms.katalon.core.webui.keyword.WebUiBuiltInKeywords.setText(WebUiBuiltInKeywords.groovy:1019)
	at iwpPages.ccPaymentEntryPage.setDataIWPCreditCard(ccPaymentEntryPage.groovy:410)
	at java.base/jdk.internal.reflect.NativeMethodAccessorImpl.invoke0(Native Method)
	at java.base/jdk.internal.reflect.NativeMethodAccessorImpl.invoke(NativeMethodAccessorImpl.java:77)
	at java.base/jdk.internal.reflect.DelegatingMethodAccessorImpl.invoke(DelegatingMethodAccessorImpl.java:43)
	at com.kms.katalon.core.main.CustomKeywordDelegatingMetaClass.invokeStaticMethod(CustomKeywordDelegatingMetaClass.java:55)
	at Script1723140349688.run(Script1723140349688.groovy:81)
	... 15 more
)
[[ATTACHMENT|C:\\Users\\t476046\\Documents\\katalon\\VPS-Katalon\\Reports\\20240826_220124\\QA\\IWP2.5\\QA_IWP2.5_Regression\\20240826_220124\\1724692082594.png]]

26-08-2024T22:38:03 - [MESSAGE][PASSED] - Text 'udf data 2' is set on object 'Object Repository/IWP30/Page_CCPaymentEntry/UserDefined2'

26-08-2024T22:38:04 - [MESSAGE][PASSED] - Text 'udf data 3' is set on object 'Object Repository/IWP30/Page_CCPaymentEntry/UserDefined3'

26-08-2024T22:38:04 - [MESSAGE][WARNING] - Test object with id 'Object Repository/IWP30/Page_CCPaymentEntry/UserDefined4' does not exist

26-08-2024T22:38:04 - [MESSAGE][WARNING] - Test object with id 'Object Repository/' does not exist

26-08-2024T22:38:04 - [MESSAGE][FAILED] - Unable to set text (Root cause: com.kms.katalon.core.exception.StepFailedException: Unable to set text
	at com.kms.katalon.core.webui.keyword.internal.WebUIKeywordMain.stepFailed(WebUIKeywordMain.groovy:64)
	at com.kms.katalon.core.webui.keyword.internal.WebUIKeywordMain.runKeyword(WebUIKeywordMain.groovy:26)
	at com.kms.katalon.core.webui.keyword.builtin.SetTextKeyword.setText(SetTextKeyword.groovy:85)
	at com.kms.katalon.core.webui.keyword.builtin.SetTextKeyword.execute(SetTextKeyword.groovy:39)
	at com.kms.katalon.core.keyword.internal.KeywordExecutor.executeKeywordForPlatform(KeywordExecutor.groovy:74)
	at com.kms.katalon.core.webui.keyword.WebUiBuiltInKeywords.setText(WebUiBuiltInKeywords.groovy:1019)
	at iwpPages.ccPaymentEntryPage.setDataIWPCreditCard(ccPaymentEntryPage.groovy:435)
	at java.base/jdk.internal.reflect.NativeMethodAccessorImpl.invoke0(Native Method)
	at java.base/jdk.internal.reflect.NativeMethodAccessorImpl.invoke(NativeMethodAccessorImpl.java:77)
	at java.base/jdk.internal.reflect.DelegatingMethodAccessorImpl.invoke(DelegatingMethodAccessorImpl.java:43)
	at com.kms.katalon.core.main.CustomKeywordDelegatingMetaClass.invokeStaticMethod(CustomKeywordDelegatingMetaClass.java:55)
	at PayNowSuccesfulPaymentCC.run(PayNowSuccesfulPaymentCC:81)
	at com.kms.katalon.core.main.ScriptEngine.run(ScriptEngine.java:194)
	at com.kms.katalon.core.main.ScriptEngine.runScriptAsRawText(ScriptEngine.java:119)
	at com.kms.katalon.core.main.TestCaseExecutor.runScript(TestCaseExecutor.java:448)
	at com.kms.katalon.core.main.TestCaseExecutor.doExecute(TestCaseExecutor.java:439)
	at com.kms.katalon.core.main.TestCaseExecutor.processExecutionPhase(TestCaseExecutor.java:418)
	at com.kms.katalon.core.main.TestCaseExecutor.accessMainPhase(TestCaseExecutor.java:410)
	at com.kms.katalon.core.main.TestCaseExecutor.execute(TestCaseExecutor.java:285)
	at com.kms.katalon.core.common.CommonExecutor.accessTestCaseMainPhase(CommonExecutor.java:65)
	at com.kms.katalon.core.main.TestSuiteExecutor.accessTestSuiteMainPhase(TestSuiteExecutor.java:150)
	at com.kms.katalon.core.main.TestSuiteExecutor.execute(TestSuiteExecutor.java:106)
	at com.kms.katalon.core.main.TestCaseMain.startTestSuite(TestCaseMain.java:180)
	at TempTestSuite1724689884694.run(TempTestSuite1724689884694.groovy:35)
	at java.base/jdk.internal.reflect.NativeMethodAccessorImpl.invoke0(Native Method)
	at java.base/jdk.internal.reflect.NativeMethodAccessorImpl.invoke(NativeMethodAccessorImpl.java:77)
	at java.base/jdk.internal.reflect.DelegatingMethodAccessorImpl.invoke(DelegatingMethodAccessorImpl.java:43)
Caused by: java.lang.IllegalArgumentException: Object is null
	at com.kms.katalon.core.helper.KeywordHelper.checkTestObjectParameter(KeywordHelper.java:33)
	at com.kms.katalon.core.webui.keyword.builtin.SetTextKeyword$_setText_closure1.doCall(SetTextKeyword.groovy:47)
	at com.kms.katalon.core.webui.keyword.builtin.SetTextKeyword$_setText_closure1.call(SetTextKeyword.groovy)
	at com.kms.katalon.core.webui.keyword.internal.WebUIKeywordMain.runKeyword(WebUIKeywordMain.groovy:20)
	at com.kms.katalon.core.webui.keyword.builtin.SetTextKeyword.setText(SetTextKeyword.groovy:85)
	at com.kms.katalon.core.webui.keyword.builtin.SetTextKeyword.execute(SetTextKeyword.groovy:39)
	at com.kms.katalon.core.keyword.internal.KeywordExecutor.executeKeywordForPlatform(KeywordExecutor.groovy:74)
	at com.kms.katalon.core.webui.keyword.WebUiBuiltInKeywords.setText(WebUiBuiltInKeywords.groovy:1019)
	at iwpPages.ccPaymentEntryPage.setDataIWPCreditCard(ccPaymentEntryPage.groovy:435)
	at java.base/jdk.internal.reflect.NativeMethodAccessorImpl.invoke0(Native Method)
	at java.base/jdk.internal.reflect.NativeMethodAccessorImpl.invoke(NativeMethodAccessorImpl.java:77)
	at java.base/jdk.internal.reflect.DelegatingMethodAccessorImpl.invoke(DelegatingMethodAccessorImpl.java:43)
	at com.kms.katalon.core.main.CustomKeywordDelegatingMetaClass.invokeStaticMethod(CustomKeywordDelegatingMetaClass.java:55)
	at Script1723140349688.run(Script1723140349688.groovy:81)
	... 15 more
)
[[ATTACHMENT|C:\\Users\\t476046\\Documents\\katalon\\VPS-Katalon\\Reports\\20240826_220124\\QA\\IWP2.5\\QA_IWP2.5_Regression\\20240826_220124\\1724692084105.png]]

26-08-2024T22:38:04 - [MESSAGE][WARNING] - Test object with id 'Object Repository/IWP30/Page_CCPaymentEntry/UserDefined5' does not exist

26-08-2024T22:38:04 - [MESSAGE][WARNING] - Test object with id 'Object Repository/' does not exist

26-08-2024T22:38:04 - [MESSAGE][FAILED] - Unable to set text (Root cause: com.kms.katalon.core.exception.StepFailedException: Unable to set text
	at com.kms.katalon.core.webui.keyword.internal.WebUIKeywordMain.stepFailed(WebUIKeywordMain.groovy:64)
	at com.kms.katalon.core.webui.keyword.internal.WebUIKeywordMain.runKeyword(WebUIKeywordMain.groovy:26)
	at com.kms.katalon.core.webui.keyword.builtin.SetTextKeyword.setText(SetTextKeyword.groovy:85)
	at com.kms.katalon.core.webui.keyword.builtin.SetTextKeyword.execute(SetTextKeyword.groovy:39)
	at com.kms.katalon.core.keyword.internal.KeywordExecutor.executeKeywordForPlatform(KeywordExecutor.groovy:74)
	at com.kms.katalon.core.webui.keyword.WebUiBuiltInKeywords.setText(WebUiBuiltInKeywords.groovy:1019)
	at iwpPages.ccPaymentEntryPage.setDataIWPCreditCard(ccPaymentEntryPage.groovy:442)
	at java.base/jdk.internal.reflect.NativeMethodAccessorImpl.invoke0(Native Method)
	at java.base/jdk.internal.reflect.NativeMethodAccessorImpl.invoke(NativeMethodAccessorImpl.java:77)
	at java.base/jdk.internal.reflect.DelegatingMethodAccessorImpl.invoke(DelegatingMethodAccessorImpl.java:43)
	at com.kms.katalon.core.main.CustomKeywordDelegatingMetaClass.invokeStaticMethod(CustomKeywordDelegatingMetaClass.java:55)
	at PayNowSuccesfulPaymentCC.run(PayNowSuccesfulPaymentCC:81)
	at com.kms.katalon.core.main.ScriptEngine.run(ScriptEngine.java:194)
	at com.kms.katalon.core.main.ScriptEngine.runScriptAsRawText(ScriptEngine.java:119)
	at com.kms.katalon.core.main.TestCaseExecutor.runScript(TestCaseExecutor.java:448)
	at com.kms.katalon.core.main.TestCaseExecutor.doExecute(TestCaseExecutor.java:439)
	at com.kms.katalon.core.main.TestCaseExecutor.processExecutionPhase(TestCaseExecutor.java:418)
	at com.kms.katalon.core.main.TestCaseExecutor.accessMainPhase(TestCaseExecutor.java:410)
	at com.kms.katalon.core.main.TestCaseExecutor.execute(TestCaseExecutor.java:285)
	at com.kms.katalon.core.common.CommonExecutor.accessTestCaseMainPhase(CommonExecutor.java:65)
	at com.kms.katalon.core.main.TestSuiteExecutor.accessTestSuiteMainPhase(TestSuiteExecutor.java:150)
	at com.kms.katalon.core.main.TestSuiteExecutor.execute(TestSuiteExecutor.java:106)
	at com.kms.katalon.core.main.TestCaseMain.startTestSuite(TestCaseMain.java:180)
	at TempTestSuite1724689884694.run(TempTestSuite1724689884694.groovy:35)
	at java.base/jdk.internal.reflect.NativeMethodAccessorImpl.invoke0(Native Method)
	at java.base/jdk.internal.reflect.NativeMethodAccessorImpl.invoke(NativeMethodAccessorImpl.java:77)
	at java.base/jdk.internal.reflect.DelegatingMethodAccessorImpl.invoke(DelegatingMethodAccessorImpl.java:43)
Caused by: java.lang.IllegalArgumentException: Object is null
	at com.kms.katalon.core.helper.KeywordHelper.checkTestObjectParameter(KeywordHelper.java:33)
	at com.kms.katalon.core.webui.keyword.builtin.SetTextKeyword$_setText_closure1.doCall(SetTextKeyword.groovy:47)
	at com.kms.katalon.core.webui.keyword.builtin.SetTextKeyword$_setText_closure1.call(SetTextKeyword.groovy)
	at com.kms.katalon.core.webui.keyword.internal.WebUIKeywordMain.runKeyword(WebUIKeywordMain.groovy:20)
	at com.kms.katalon.core.webui.keyword.builtin.SetTextKeyword.setText(SetTextKeyword.groovy:85)
	at com.kms.katalon.core.webui.keyword.builtin.SetTextKeyword.execute(SetTextKeyword.groovy:39)
	at com.kms.katalon.core.keyword.internal.KeywordExecutor.executeKeywordForPlatform(KeywordExecutor.groovy:74)
	at com.kms.katalon.core.webui.keyword.WebUiBuiltInKeywords.setText(WebUiBuiltInKeywords.groovy:1019)
	at iwpPages.ccPaymentEntryPage.setDataIWPCreditCard(ccPaymentEntryPage.groovy:442)
	at java.base/jdk.internal.reflect.NativeMethodAccessorImpl.invoke0(Native Method)
	at java.base/jdk.internal.reflect.NativeMethodAccessorImpl.invoke(NativeMethodAccessorImpl.java:77)
	at java.base/jdk.internal.reflect.DelegatingMethodAccessorImpl.invoke(DelegatingMethodAccessorImpl.java:43)
	at com.kms.katalon.core.main.CustomKeywordDelegatingMetaClass.invokeStaticMethod(CustomKeywordDelegatingMetaClass.java:55)
	at Script1723140349688.run(Script1723140349688.groovy:81)
	... 15 more
)
[[ATTACHMENT|C:\\Users\\t476046\\Documents\\katalon\\VPS-Katalon\\Reports\\20240826_220124\\QA\\IWP2.5\\QA_IWP2.5_Regression\\20240826_220124\\1724692084368.png]]

26-08-2024T22:38:04 - [MESSAGE][WARNING] - Test object with id 'Object Repository/IWP30/Page_CCPaymentEntry/UserDefined6' does not exist

26-08-2024T22:38:04 - [MESSAGE][WARNING] - Test object with id 'Object Repository/' does not exist

26-08-2024T22:38:04 - [MESSAGE][FAILED] - Unable to set text (Root cause: com.kms.katalon.core.exception.StepFailedException: Unable to set text
	at com.kms.katalon.core.webui.keyword.internal.WebUIKeywordMain.stepFailed(WebUIKeywordMain.groovy:64)
	at com.kms.katalon.core.webui.keyword.internal.WebUIKeywordMain.runKeyword(WebUIKeywordMain.groovy:26)
	at com.kms.katalon.core.webui.keyword.builtin.SetTextKeyword.setText(SetTextKeyword.groovy:85)
	at com.kms.katalon.core.webui.keyword.builtin.SetTextKeyword.execute(SetTextKeyword.groovy:39)
	at com.kms.katalon.core.keyword.internal.KeywordExecutor.executeKeywordForPlatform(KeywordExecutor.groovy:74)
	at com.kms.katalon.core.webui.keyword.WebUiBuiltInKeywords.setText(WebUiBuiltInKeywords.groovy:1019)
	at iwpPages.ccPaymentEntryPage.setDataIWPCreditCard(ccPaymentEntryPage.groovy:449)
	at java.base/jdk.internal.reflect.NativeMethodAccessorImpl.invoke0(Native Method)
	at java.base/jdk.internal.reflect.NativeMethodAccessorImpl.invoke(NativeMethodAccessorImpl.java:77)
	at java.base/jdk.internal.reflect.DelegatingMethodAccessorImpl.invoke(DelegatingMethodAccessorImpl.java:43)
	at com.kms.katalon.core.main.CustomKeywordDelegatingMetaClass.invokeStaticMethod(CustomKeywordDelegatingMetaClass.java:55)
	at PayNowSuccesfulPaymentCC.run(PayNowSuccesfulPaymentCC:81)
	at com.kms.katalon.core.main.ScriptEngine.run(ScriptEngine.java:194)
	at com.kms.katalon.core.main.ScriptEngine.runScriptAsRawText(ScriptEngine.java:119)
	at com.kms.katalon.core.main.TestCaseExecutor.runScript(TestCaseExecutor.java:448)
	at com.kms.katalon.core.main.TestCaseExecutor.doExecute(TestCaseExecutor.java:439)
	at com.kms.katalon.core.main.TestCaseExecutor.processExecutionPhase(TestCaseExecutor.java:418)
	at com.kms.katalon.core.main.TestCaseExecutor.accessMainPhase(TestCaseExecutor.java:410)
	at com.kms.katalon.core.main.TestCaseExecutor.execute(TestCaseExecutor.java:285)
	at com.kms.katalon.core.common.CommonExecutor.accessTestCaseMainPhase(CommonExecutor.java:65)
	at com.kms.katalon.core.main.TestSuiteExecutor.accessTestSuiteMainPhase(TestSuiteExecutor.java:150)
	at com.kms.katalon.core.main.TestSuiteExecutor.execute(TestSuiteExecutor.java:106)
	at com.kms.katalon.core.main.TestCaseMain.startTestSuite(TestCaseMain.java:180)
	at TempTestSuite1724689884694.run(TempTestSuite1724689884694.groovy:35)
	at java.base/jdk.internal.reflect.NativeMethodAccessorImpl.invoke0(Native Method)
	at java.base/jdk.internal.reflect.NativeMethodAccessorImpl.invoke(NativeMethodAccessorImpl.java:77)
	at java.base/jdk.internal.reflect.DelegatingMethodAccessorImpl.invoke(DelegatingMethodAccessorImpl.java:43)
Caused by: java.lang.IllegalArgumentException: Object is null
	at com.kms.katalon.core.helper.KeywordHelper.checkTestObjectParameter(KeywordHelper.java:33)
	at com.kms.katalon.core.webui.keyword.builtin.SetTextKeyword$_setText_closure1.doCall(SetTextKeyword.groovy:47)
	at com.kms.katalon.core.webui.keyword.builtin.SetTextKeyword$_setText_closure1.call(SetTextKeyword.groovy)
	at com.kms.katalon.core.webui.keyword.internal.WebUIKeywordMain.runKeyword(WebUIKeywordMain.groovy:20)
	at com.kms.katalon.core.webui.keyword.builtin.SetTextKeyword.setText(SetTextKeyword.groovy:85)
	at com.kms.katalon.core.webui.keyword.builtin.SetTextKeyword.execute(SetTextKeyword.groovy:39)
	at com.kms.katalon.core.keyword.internal.KeywordExecutor.executeKeywordForPlatform(KeywordExecutor.groovy:74)
	at com.kms.katalon.core.webui.keyword.WebUiBuiltInKeywords.setText(WebUiBuiltInKeywords.groovy:1019)
	at iwpPages.ccPaymentEntryPage.setDataIWPCreditCard(ccPaymentEntryPage.groovy:449)
	at java.base/jdk.internal.reflect.NativeMethodAccessorImpl.invoke0(Native Method)
	at java.base/jdk.internal.reflect.NativeMethodAccessorImpl.invoke(NativeMethodAccessorImpl.java:77)
	at java.base/jdk.internal.reflect.DelegatingMethodAccessorImpl.invoke(DelegatingMethodAccessorImpl.java:43)
	at com.kms.katalon.core.main.CustomKeywordDelegatingMetaClass.invokeStaticMethod(CustomKeywordDelegatingMetaClass.java:55)
	at Script1723140349688.run(Script1723140349688.groovy:81)
	... 15 more
)
[[ATTACHMENT|C:\\Users\\t476046\\Documents\\katalon\\VPS-Katalon\\Reports\\20240826_220124\\QA\\IWP2.5\\QA_IWP2.5_Regression\\20240826_220124\\1724692084580.png]]

26-08-2024T22:38:05 - [MESSAGE][PASSED] - All options with label 'Orange' are selected in object 'Object Repository/IWP30/Page_CCPaymentEntry/UserDefined7' 

26-08-2024T22:38:36 - [MESSAGE][INFO] - Unable to find the element located by 'By.xpath: //*[@name = 'variableField8DropdownGroupItemID' and @alt = 'UDF8 Label tabindex=' and (text() = '--Select One--TennisSoccer' or . = '--Select One--TennisSoccer')]'. Please recheck the objects properties to make sure the desired element is located. 

26-08-2024T22:38:36 - [MESSAGE][WARNING] - [SELF-HEALING] Failed to find element with id 'Object Repository/IWP30/Page_CCPaymentEntry/UserDefined8'. Try using Self-healing.

26-08-2024T22:38:36 - [MESSAGE][WARNING] - [SELF-HEALING] The current locator of test object 'Object Repository/IWP30/Page_CCPaymentEntry/UserDefined8' was broken. Propose an alternative one: '//select[@name='variableField8DropdownGroupItemID']'.

26-08-2024T22:38:36 - [MESSAGE][PASSED] - All options with label 'Soccer' are selected in object 'Object Repository/IWP30/Page_CCPaymentEntry/UserDefined8' 

26-08-2024T22:38:36 - [MESSAGE][WARNING] - Test object with id 'Object Repository/IWP30/Page_CCPaymentEntry/UserDefined9' does not exist

26-08-2024T22:38:36 - [MESSAGE][WARNING] - Test object with id 'Object Repository/' does not exist

26-08-2024T22:38:37 - [MESSAGE][FAILED] - Unable to select option by label  (Root cause: com.kms.katalon.core.exception.StepFailedException: Unable to select option by label 
	at com.kms.katalon.core.webui.keyword.internal.WebUIKeywordMain.stepFailed(WebUIKeywordMain.groovy:64)
	at com.kms.katalon.core.webui.keyword.internal.WebUIKeywordMain.runKeyword(WebUIKeywordMain.groovy:26)
	at com.kms.katalon.core.webui.keyword.builtin.SelectOptionByLabelKeyword.selectOptionByLabel(SelectOptionByLabelKeyword.groovy:98)
	at com.kms.katalon.core.webui.keyword.builtin.SelectOptionByLabelKeyword.execute(SelectOptionByLabelKeyword.groovy:71)
	at com.kms.katalon.core.keyword.internal.KeywordExecutor.executeKeywordForPlatform(KeywordExecutor.groovy:74)
	at com.kms.katalon.core.webui.keyword.WebUiBuiltInKeywords.selectOptionByLabel(WebUiBuiltInKeywords.groovy:1269)
	at iwpPages.ccPaymentEntryPage.setDataIWPCreditCard(ccPaymentEntryPage.groovy:474)
	at java.base/jdk.internal.reflect.NativeMethodAccessorImpl.invoke0(Native Method)
	at java.base/jdk.internal.reflect.NativeMethodAccessorImpl.invoke(NativeMethodAccessorImpl.java:77)
	at java.base/jdk.internal.reflect.DelegatingMethodAccessorImpl.invoke(DelegatingMethodAccessorImpl.java:43)
	at com.kms.katalon.core.main.CustomKeywordDelegatingMetaClass.invokeStaticMethod(CustomKeywordDelegatingMetaClass.java:55)
	at PayNowSuccesfulPaymentCC.run(PayNowSuccesfulPaymentCC:81)
	at com.kms.katalon.core.main.ScriptEngine.run(ScriptEngine.java:194)
	at com.kms.katalon.core.main.ScriptEngine.runScriptAsRawText(ScriptEngine.java:119)
	at com.kms.katalon.core.main.TestCaseExecutor.runScript(TestCaseExecutor.java:448)
	at com.kms.katalon.core.main.TestCaseExecutor.doExecute(TestCaseExecutor.java:439)
	at com.kms.katalon.core.main.TestCaseExecutor.processExecutionPhase(TestCaseExecutor.java:418)
	at com.kms.katalon.core.main.TestCaseExecutor.accessMainPhase(TestCaseExecutor.java:410)
	at com.kms.katalon.core.main.TestCaseExecutor.execute(TestCaseExecutor.java:285)
	at com.kms.katalon.core.common.CommonExecutor.accessTestCaseMainPhase(CommonExecutor.java:65)
	at com.kms.katalon.core.main.TestSuiteExecutor.accessTestSuiteMainPhase(TestSuiteExecutor.java:150)
	at com.kms.katalon.core.main.TestSuiteExecutor.execute(TestSuiteExecutor.java:106)
	at com.kms.katalon.core.main.TestCaseMain.startTestSuite(TestCaseMain.java:180)
	at TempTestSuite1724689884694.run(TempTestSuite1724689884694.groovy:35)
	at java.base/jdk.internal.reflect.NativeMethodAccessorImpl.invoke0(Native Method)
	at java.base/jdk.internal.reflect.NativeMethodAccessorImpl.invoke(NativeMethodAccessorImpl.java:77)
	at java.base/jdk.internal.reflect.DelegatingMethodAccessorImpl.invoke(DelegatingMethodAccessorImpl.java:43)
Caused by: java.lang.IllegalArgumentException: Object is null
	at com.kms.katalon.core.helper.KeywordHelper.checkTestObjectParameter(KeywordHelper.java:33)
	at com.kms.katalon.core.webui.keyword.builtin.SelectOptionByLabelKeyword$_selectOptionByLabel_closure1.doCall(SelectOptionByLabelKeyword.groovy:80)
	at com.kms.katalon.core.webui.keyword.builtin.SelectOptionByLabelKeyword$_selectOptionByLabel_closure1.call(SelectOptionByLabelKeyword.groovy)
	at com.kms.katalon.core.webui.keyword.internal.WebUIKeywordMain.runKeyword(WebUIKeywordMain.groovy:20)
	at com.kms.katalon.core.webui.keyword.builtin.SelectOptionByLabelKeyword.selectOptionByLabel(SelectOptionByLabelKeyword.groovy:98)
	at com.kms.katalon.core.webui.keyword.builtin.SelectOptionByLabelKeyword.execute(SelectOptionByLabelKeyword.groovy:71)
	at com.kms.katalon.core.keyword.internal.KeywordExecutor.executeKeywordForPlatform(KeywordExecutor.groovy:74)
	at com.kms.katalon.core.webui.keyword.WebUiBuiltInKeywords.selectOptionByLabel(WebUiBuiltInKeywords.groovy:1269)
	at iwpPages.ccPaymentEntryPage.setDataIWPCreditCard(ccPaymentEntryPage.groovy:474)
	at java.base/jdk.internal.reflect.NativeMethodAccessorImpl.invoke0(Native Method)
	at java.base/jdk.internal.reflect.NativeMethodAccessorImpl.invoke(NativeMethodAccessorImpl.java:77)
	at java.base/jdk.internal.reflect.DelegatingMethodAccessorImpl.invoke(DelegatingMethodAccessorImpl.java:43)
	at com.kms.katalon.core.main.CustomKeywordDelegatingMetaClass.invokeStaticMethod(CustomKeywordDelegatingMetaClass.java:55)
	at Script1723140349688.run(Script1723140349688.groovy:81)
	... 15 more
)
[[ATTACHMENT|C:\\Users\\t476046\\Documents\\katalon\\VPS-Katalon\\Reports\\20240826_220124\\QA\\IWP2.5\\QA_IWP2.5_Regression\\20240826_220124\\1724692116991.png]]

26-08-2024T22:38:37 - [MESSAGE][WARNING] - Test object with id 'Object Repository/IWP30/Page_CCPaymentEntry/UserDefined10' does not exist

26-08-2024T22:38:37 - [MESSAGE][WARNING] - Test object with id 'Object Repository/' does not exist

26-08-2024T22:38:37 - [MESSAGE][FAILED] - Unable to select option by label  (Root cause: com.kms.katalon.core.exception.StepFailedException: Unable to select option by label 
	at com.kms.katalon.core.webui.keyword.internal.WebUIKeywordMain.stepFailed(WebUIKeywordMain.groovy:64)
	at com.kms.katalon.core.webui.keyword.internal.WebUIKeywordMain.runKeyword(WebUIKeywordMain.groovy:26)
	at com.kms.katalon.core.webui.keyword.builtin.SelectOptionByLabelKeyword.selectOptionByLabel(SelectOptionByLabelKeyword.groovy:98)
	at com.kms.katalon.core.webui.keyword.builtin.SelectOptionByLabelKeyword.execute(SelectOptionByLabelKeyword.groovy:71)
	at com.kms.katalon.core.keyword.internal.KeywordExecutor.executeKeywordForPlatform(KeywordExecutor.groovy:74)
	at com.kms.katalon.core.webui.keyword.WebUiBuiltInKeywords.selectOptionByLabel(WebUiBuiltInKeywords.groovy:1269)
	at iwpPages.ccPaymentEntryPage.setDataIWPCreditCard(ccPaymentEntryPage.groovy:481)
	at java.base/jdk.internal.reflect.NativeMethodAccessorImpl.invoke0(Native Method)
	at java.base/jdk.internal.reflect.NativeMethodAccessorImpl.invoke(NativeMethodAccessorImpl.java:77)
	at java.base/jdk.internal.reflect.DelegatingMethodAccessorImpl.invoke(DelegatingMethodAccessorImpl.java:43)
	at com.kms.katalon.core.main.CustomKeywordDelegatingMetaClass.invokeStaticMethod(CustomKeywordDelegatingMetaClass.java:55)
	at PayNowSuccesfulPaymentCC.run(PayNowSuccesfulPaymentCC:81)
	at com.kms.katalon.core.main.ScriptEngine.run(ScriptEngine.java:194)
	at com.kms.katalon.core.main.ScriptEngine.runScriptAsRawText(ScriptEngine.java:119)
	at com.kms.katalon.core.main.TestCaseExecutor.runScript(TestCaseExecutor.java:448)
	at com.kms.katalon.core.main.TestCaseExecutor.doExecute(TestCaseExecutor.java:439)
	at com.kms.katalon.core.main.TestCaseExecutor.processExecutionPhase(TestCaseExecutor.java:418)
	at com.kms.katalon.core.main.TestCaseExecutor.accessMainPhase(TestCaseExecutor.java:410)
	at com.kms.katalon.core.main.TestCaseExecutor.execute(TestCaseExecutor.java:285)
	at com.kms.katalon.core.common.CommonExecutor.accessTestCaseMainPhase(CommonExecutor.java:65)
	at com.kms.katalon.core.main.TestSuiteExecutor.accessTestSuiteMainPhase(TestSuiteExecutor.java:150)
	at com.kms.katalon.core.main.TestSuiteExecutor.execute(TestSuiteExecutor.java:106)
	at com.kms.katalon.core.main.TestCaseMain.startTestSuite(TestCaseMain.java:180)
	at TempTestSuite1724689884694.run(TempTestSuite1724689884694.groovy:35)
	at java.base/jdk.internal.reflect.NativeMethodAccessorImpl.invoke0(Native Method)
	at java.base/jdk.internal.reflect.NativeMethodAccessorImpl.invoke(NativeMethodAccessorImpl.java:77)
	at java.base/jdk.internal.reflect.DelegatingMethodAccessorImpl.invoke(DelegatingMethodAccessorImpl.java:43)
Caused by: java.lang.IllegalArgumentException: Object is null
	at com.kms.katalon.core.helper.KeywordHelper.checkTestObjectParameter(KeywordHelper.java:33)
	at com.kms.katalon.core.webui.keyword.builtin.SelectOptionByLabelKeyword$_selectOptionByLabel_closure1.doCall(SelectOptionByLabelKeyword.groovy:80)
	at com.kms.katalon.core.webui.keyword.builtin.SelectOptionByLabelKeyword$_selectOptionByLabel_closure1.call(SelectOptionByLabelKeyword.groovy)
	at com.kms.katalon.core.webui.keyword.internal.WebUIKeywordMain.runKeyword(WebUIKeywordMain.groovy:20)
	at com.kms.katalon.core.webui.keyword.builtin.SelectOptionByLabelKeyword.selectOptionByLabel(SelectOptionByLabelKeyword.groovy:98)
	at com.kms.katalon.core.webui.keyword.builtin.SelectOptionByLabelKeyword.execute(SelectOptionByLabelKeyword.groovy:71)
	at com.kms.katalon.core.keyword.internal.KeywordExecutor.executeKeywordForPlatform(KeywordExecutor.groovy:74)
	at com.kms.katalon.core.webui.keyword.WebUiBuiltInKeywords.selectOptionByLabel(WebUiBuiltInKeywords.groovy:1269)
	at iwpPages.ccPaymentEntryPage.setDataIWPCreditCard(ccPaymentEntryPage.groovy:481)
	at java.base/jdk.internal.reflect.NativeMethodAccessorImpl.invoke0(Native Method)
	at java.base/jdk.internal.reflect.NativeMethodAccessorImpl.invoke(NativeMethodAccessorImpl.java:77)
	at java.base/jdk.internal.reflect.DelegatingMethodAccessorImpl.invoke(DelegatingMethodAccessorImpl.java:43)
	at com.kms.katalon.core.main.CustomKeywordDelegatingMetaClass.invokeStaticMethod(CustomKeywordDelegatingMetaClass.java:55)
	at Script1723140349688.run(Script1723140349688.groovy:81)
	... 15 more
)
[[ATTACHMENT|C:\\Users\\t476046\\Documents\\katalon\\VPS-Katalon\\Reports\\20240826_220124\\QA\\IWP2.5\\QA_IWP2.5_Regression\\20240826_220124\\1724692117234.png]]

26-08-2024T22:38:38 - [MESSAGE][PASSED] - Text 'Kavita Ranawati' is set on object 'Object Repository/IWP30/Page_CCPaymentEntry/Name'

26-08-2024T22:38:38 - [MESSAGE][PASSED] - Text '4111111111111111' is set on object 'Object Repository/IWP30/Page_CCPaymentEntry/CardNumber'

26-08-2024T22:38:39 - [MESSAGE][PASSED] - Text '123' is set on object 'Object Repository/IWP30/Page_CCPaymentEntry/SPC'

26-08-2024T22:38:40 - [MESSAGE][PASSED] - All options with label '09' are selected in object 'Object Repository/IWP30/Page_CCPaymentEntry/Month' 

26-08-2024T22:38:41 - [MESSAGE][PASSED] - All options with label '2028' are selected in object 'Object Repository/IWP30/Page_CCPaymentEntry/Year' 

26-08-2024T22:38:41 - [MESSAGE][PASSED] - Text '365 Main Avenue' is set on object 'Object Repository/IWP30/Page_CCPaymentEntry/AL1'

26-08-2024T22:38:42 - [MESSAGE][PASSED] - Text '22201' is set on object 'Object Repository/IWP30/Page_CCPaymentEntry/ZIP'

26-08-2024T22:38:43 - [MESSAGE][PASSED] - Text 'iahmed@govolution.com' is set on object 'Object Repository/IWP30/Page_CCPaymentEntry/EmailAddress'

26-08-2024T22:38:44 - [MESSAGE][PASSED] - Object 'Object Repository/IWP30/Page_CCPaymentEntry/TermCondCheckBox' is present

26-08-2024T22:38:44 - [MESSAGE][PASSED] - Object 'Object Repository/IWP30/Page_CCPaymentEntry/TermCondCheckBox' is checked

26-08-2024T22:38:44 - [MESSAGE][PASSED] - Object 'Object Repository/IWP30/Page_CCPaymentEntry/ContinueButton' is present

26-08-2024T22:38:46 - [MESSAGE][PASSED] - Object: 'Object Repository/IWP30/Page_CCPaymentEntry/ContinueButton' is clicked on

26-08-2024T22:38:46 - [MESSAGE][FAILED] - com.kms.katalon.core.exception.StepFailedException: Unable to set text (Root cause: com.kms.katalon.core.exception.StepFailedException: Unable to set text
	at com.kms.katalon.core.webui.keyword.internal.WebUIKeywordMain.stepFailed(WebUIKeywordMain.groovy:64)
	at com.kms.katalon.core.webui.keyword.internal.WebUIKeywordMain.runKeyword(WebUIKeywordMain.groovy:26)
	at com.kms.katalon.core.webui.keyword.builtin.SetTextKeyword.setText(SetTextKeyword.groovy:85)
	at com.kms.katalon.core.webui.keyword.builtin.SetTextKeyword.execute(SetTextKeyword.groovy:39)
	at com.kms.katalon.core.keyword.internal.KeywordExecutor.executeKeywordForPlatform(KeywordExecutor.groovy:74)
	at com.kms.katalon.core.webui.keyword.WebUiBuiltInKeywords.setText(WebUiBuiltInKeywords.groovy:1019)
	at iwpPages.ccPaymentEntryPage.setDataIWPCreditCard(ccPaymentEntryPage.groovy:410)
	at java.base/jdk.internal.reflect.NativeMethodAccessorImpl.invoke0(Native Method)
	at java.base/jdk.internal.reflect.NativeMethodAccessorImpl.invoke(NativeMethodAccessorImpl.java:77)
	at java.base/jdk.internal.reflect.DelegatingMethodAccessorImpl.invoke(DelegatingMethodAccessorImpl.java:43)
	at com.kms.katalon.core.main.CustomKeywordDelegatingMetaClass.invokeStaticMethod(CustomKeywordDelegatingMetaClass.java:55)
	at PayNowSuccesfulPaymentCC.run(PayNowSuccesfulPaymentCC:81)
	at com.kms.katalon.core.main.ScriptEngine.run(ScriptEngine.java:194)
	at com.kms.katalon.core.main.ScriptEngine.runScriptAsRawText(ScriptEngine.java:119)
	at com.kms.katalon.core.main.TestCaseExecutor.runScript(TestCaseExecutor.java:448)
	at com.kms.katalon.core.main.TestCaseExecutor.doExecute(TestCaseExecutor.java:439)
	at com.kms.katalon.core.main.TestCaseExecutor.processExecutionPhase(TestCaseExecutor.java:418)
	at com.kms.katalon.core.main.TestCaseExecutor.accessMainPhase(TestCaseExecutor.java:410)
	at com.kms.katalon.core.main.TestCaseExecutor.execute(TestCaseExecutor.java:285)
	at com.kms.katalon.core.common.CommonExecutor.accessTestCaseMainPhase(CommonExecutor.java:65)
	at com.kms.katalon.core.main.TestSuiteExecutor.accessTestSuiteMainPhase(TestSuiteExecutor.java:150)
	at com.kms.katalon.core.main.TestSuiteExecutor.execute(TestSuiteExecutor.java:106)
	at com.kms.katalon.core.main.TestCaseMain.startTestSuite(TestCaseMain.java:180)
	at TempTestSuite1724689884694.run(TempTestSuite1724689884694.groovy:35)
	at java.base/jdk.internal.reflect.NativeMethodAccessorImpl.invoke0(Native Method)
	at java.base/jdk.internal.reflect.NativeMethodAccessorImpl.invoke(NativeMethodAccessorImpl.java:77)
	at java.base/jdk.internal.reflect.DelegatingMethodAccessorImpl.invoke(DelegatingMethodAccessorImpl.java:43)
Caused by: java.lang.IllegalArgumentException: Object is null
	at com.kms.katalon.core.helper.KeywordHelper.checkTestObjectParameter(KeywordHelper.java:33)
	at com.kms.katalon.core.webui.keyword.builtin.SetTextKeyword$_setText_closure1.doCall(SetTextKeyword.groovy:47)
	at com.kms.katalon.core.webui.keyword.builtin.SetTextKeyword$_setText_closure1.call(SetTextKeyword.groovy)
	at com.kms.katalon.core.webui.keyword.internal.WebUIKeywordMain.runKeyword(WebUIKeywordMain.groovy:20)
	at com.kms.katalon.core.webui.keyword.builtin.SetTextKeyword.setText(SetTextKeyword.groovy:85)
	at com.kms.katalon.core.webui.keyword.builtin.SetTextKeyword.execute(SetTextKeyword.groovy:39)
	at com.kms.katalon.core.keyword.internal.KeywordExecutor.executeKeywordForPlatform(KeywordExecutor.groovy:74)
	at com.kms.katalon.core.webui.keyword.WebUiBuiltInKeywords.setText(WebUiBuiltInKeywords.groovy:1019)
	at iwpPages.ccPaymentEntryPage.setDataIWPCreditCard(ccPaymentEntryPage.groovy:410)
	at java.base/jdk.internal.reflect.NativeMethodAccessorImpl.invoke0(Native Method)
	at java.base/jdk.internal.reflect.NativeMethodAccessorImpl.invoke(NativeMethodAccessorImpl.java:77)
	at java.base/jdk.internal.reflect.DelegatingMethodAccessorImpl.invoke(DelegatingMethodAccessorImpl.java:43)
	at com.kms.katalon.core.main.CustomKeywordDelegatingMetaClass.invokeStaticMethod(CustomKeywordDelegatingMetaClass.java:55)
	at Script1723140349688.run(Script1723140349688.groovy:81)
	... 15 more
)

26-08-2024T22:38:46 - [TEST_STEP][PASSED] - click(findTestObject("Object Repository/IWP30/Page_Confirmation/ConfirmButton")): Object: 'Object Repository/IWP30/Page_Confirmation/ConfirmButton' is clicked on

26-08-2024T22:38:47 - [MESSAGE][PASSED] - Object: 'Object Repository/IWP30/Page_Confirmation/ConfirmButton' is clicked on

26-08-2024T22:38:47 - [TEST_STEP][PASSED] - Thread.sleep(10000): null

26-08-2024T22:38:57 - [TEST_STEP][PASSED] - Thread.sleep(10000): null

26-08-2024T22:39:07 - [TEST_STEP][PASSED] - if (verifyTextPresent("Successful Payment Receipt", false)): null

26-08-2024T22:39:08 - [MESSAGE][PASSED] - Text 'Successful Payment Receipt' is present on page 

26-08-2024T22:39:08 - [TEST_STEP][PASSED] - println("Successful Payment Receipt text is present on the Receipt page"): null

26-08-2024T22:39:08 - [TEST_STEP][PASSED] - markPassed("Successful Payment Receipt text is present on the Receipt page"): Successful Payment Receipt text is present on the Receipt page

26-08-2024T22:39:08 - [MESSAGE][PASSED] - Successful Payment Receipt text is present on the Receipt page

26-08-2024T22:39:08 - [TEST_STEP][PASSED] - resText = "Pass": null

26-08-2024T22:39:08 - [TEST_STEP][PASSED] - pages.WriteExcel.demoKey(resText, datText, resColumn, datCloumn, fileLoc, nameSheet, row): pages.WriteExcel.demoKey is PASSED

26-08-2024T22:39:08 - [MESSAGE][PASSED] - pages.WriteExcel.demoKey is PASSED

26-08-2024T22:39:08 - [TEST_STEP][PASSED] - ExecuteTC = findTestData(dataFile).getValue("Execute", row): null

26-08-2024T22:39:08 - [TEST_STEP][PASSED] - out.println("Value of Execute is : " + ExecuteTC): null

26-08-2024T22:39:08 - [TEST_STEP][FAILED] - if (ExecuteTC.equalsIgnoreCase("Y")): null

26-08-2024T22:39:08 - [TEST_STEP][PASSED] - out.println("Begin Record Number: " + row): null

26-08-2024T22:39:08 - [TEST_STEP][PASSED] - today = new java.util.Date(): null

26-08-2024T22:39:08 - [TEST_STEP][PASSED] - println(today): null

26-08-2024T22:39:08 - [TEST_STEP][PASSED] - datText = today: null

26-08-2024T22:39:08 - [TEST_STEP][PASSED] - EmulatorDataKey = findTestData(dataFile).getValue("EmulatorData", row): null

26-08-2024T22:39:08 - [TEST_STEP][PASSED] - out.println("Value of Emulator Key is : " + EmulatorDataKey): null

26-08-2024T22:39:08 - [TEST_STEP][PASSED] - iwpPages.emulatorIWP30.setDataEmulator_DD(EmulatorDataKey): iwpPages.emulatorIWP30.setDataEmulator_DD is PASSED

26-08-2024T22:39:08 - [MESSAGE][WARNING] - A browser is already opened. Closing browser and opening a new one

26-08-2024T22:39:09 - [MESSAGE][INFO] - Starting 'Edge Chromium' driver

26-08-2024T22:39:09 - [MESSAGE][INFO] - User set preference: ['acceptInsecureCerts', 'true']

26-08-2024T22:39:11 - [MESSAGE][INFO] - Action delay is set to 0 milliseconds

26-08-2024T22:39:14 - [MESSAGE][PASSED] - Browser is opened with url: 'https://qa2.velocitypayment.com/agency/config.do?action=editor&message_version=2_5'

26-08-2024T22:39:14 - [MESSAGE][PASSED] - Current window maximized

26-08-2024T22:39:15 - [MESSAGE][PASSED] - All options with value '2.5' are selected in object 'Object Repository/IWP30/Page_VRelay30Emulator/MV'  using regular expression

26-08-2024T22:39:16 - [MESSAGE][PASSED] - Text '10.50' is set on object 'Object Repository/IWP30/Page_VRelay30Emulator/Amount'

26-08-2024T22:39:17 - [MESSAGE][PASSED] - Text '26413414' is set on object 'Object Repository/IWP30/Page_VRelay30Emulator/CAN'

26-08-2024T22:39:17 - [MESSAGE][PASSED] - Text 'PayNow' is set on object 'Object Repository/IWP30/Page_VRelay30Emulator/Action'

26-08-2024T22:39:18 - [MESSAGE][PASSED] - Text 'en_US' is set on object 'Object Repository/IWP30/Page_VRelay30Emulator/Lang'

26-08-2024T22:39:19 - [MESSAGE][PASSED] - Text '' is set on object 'Object Repository/IWP30/Page_VRelay30Emulator/Fname'

26-08-2024T22:39:19 - [MESSAGE][PASSED] - Text '' is set on object 'Object Repository/IWP30/Page_VRelay30Emulator/Lname'

26-08-2024T22:39:20 - [MESSAGE][PASSED] - Text '' is set on object 'Object Repository/IWP30/Page_VRelay30Emulator/AL1'

26-08-2024T22:39:20 - [MESSAGE][PASSED] - Text '' is set on object 'Object Repository/IWP30/Page_VRelay30Emulator/AL2'

26-08-2024T22:39:21 - [MESSAGE][PASSED] - Text '' is set on object 'Object Repository/IWP30/Page_VRelay30Emulator/Country'

26-08-2024T22:39:21 - [MESSAGE][PASSED] - Text '' is set on object 'Object Repository/IWP30/Page_VRelay30Emulator/City'

26-08-2024T22:39:22 - [MESSAGE][PASSED] - Text '' is set on object 'Object Repository/IWP30/Page_VRelay30Emulator/State'

26-08-2024T22:39:23 - [MESSAGE][PASSED] - Text '' is set on object 'Object Repository/IWP30/Page_VRelay30Emulator/ZIP'

26-08-2024T22:39:23 - [MESSAGE][PASSED] - Text '' is set on object 'Object Repository/IWP30/Page_VRelay30Emulator/Order'

26-08-2024T22:39:24 - [MESSAGE][PASSED] - Text '' is set on object 'Object Repository/IWP30/Page_VRelay30Emulator/Company'

26-08-2024T22:39:24 - [MESSAGE][PASSED] - Text '' is set on object 'Object Repository/IWP30/Page_VRelay30Emulator/Email'

26-08-2024T22:39:25 - [MESSAGE][PASSED] - Text '' is set on object 'Object Repository/IWP30/Page_VRelay30Emulator/UDF1'

26-08-2024T22:39:26 - [MESSAGE][PASSED] - Text '' is set on object 'Object Repository/IWP30/Page_VRelay30Emulator/UDF2'

26-08-2024T22:39:26 - [MESSAGE][PASSED] - Text '' is set on object 'Object Repository/IWP30/Page_VRelay30Emulator/UDF3'

26-08-2024T22:39:27 - [MESSAGE][PASSED] - Text 'udf data 4' is set on object 'Object Repository/IWP30/Page_VRelay30Emulator/UDF4'

26-08-2024T22:39:27 - [MESSAGE][PASSED] - Text 'udf data 5' is set on object 'Object Repository/IWP30/Page_VRelay30Emulator/UDF5'

26-08-2024T22:39:28 - [MESSAGE][PASSED] - Text '' is set on object 'Object Repository/IWP30/Page_VRelay30Emulator/UDF6'

26-08-2024T22:39:29 - [MESSAGE][PASSED] - Text '' is set on object 'Object Repository/IWP30/Page_VRelay30Emulator/UDF7'

26-08-2024T22:39:29 - [MESSAGE][PASSED] - Text '' is set on object 'Object Repository/IWP30/Page_VRelay30Emulator/UDF8'

26-08-2024T22:39:30 - [MESSAGE][PASSED] - Text 'udf data 9' is set on object 'Object Repository/IWP30/Page_VRelay30Emulator/UDF9'

26-08-2024T22:39:30 - [MESSAGE][PASSED] - Text 'udf data 10' is set on object 'Object Repository/IWP30/Page_VRelay30Emulator/UDF10'

26-08-2024T22:39:32 - [MESSAGE][PASSED] - Object: 'Object Repository/IWP30/Page_VRelay30Emulator/Submit' is clicked on

26-08-2024T22:39:36 - [MESSAGE][PASSED] - Browser is closed

26-08-2024T22:39:40 - [MESSAGE][PASSED] - iwpPages.emulatorIWP30.setDataEmulator_DD is PASSED

26-08-2024T22:39:40 - [TEST_STEP][PASSED] - testHarnessURL = urlTestHarness: null

26-08-2024T22:39:40 - [TEST_STEP][PASSED] - openBrowser(testHarnessURL): Browser is opened with url: 'https://dev-algorithm.govolution.com/vrelaytest/QA2/version_2_2/vrelaytest.html'

26-08-2024T22:39:40 - [MESSAGE][INFO] - Starting 'Edge Chromium' driver

26-08-2024T22:39:40 - [MESSAGE][INFO] - User set preference: ['acceptInsecureCerts', 'true']

26-08-2024T22:39:42 - [MESSAGE][INFO] - Action delay is set to 0 milliseconds

26-08-2024T22:39:46 - [MESSAGE][PASSED] - Browser is opened with url: 'https://dev-algorithm.govolution.com/vrelaytest/QA2/version_2_2/vrelaytest.html'

26-08-2024T22:39:46 - [TEST_STEP][PASSED] - maximizeWindow(): Current window maximized

26-08-2024T22:39:46 - [MESSAGE][PASSED] - Current window maximized

26-08-2024T22:39:46 - [TEST_STEP][PASSED] - iwpPages.TestHarnessPage.setDataMethod(row, dataFile): iwpPages.TestHarnessPage.setDataMethod is PASSED

26-08-2024T22:39:46 - [MESSAGE][PASSED] - Object 'Object Repository/IWP30/Page_QATestHarness/RemittanceID' is present

26-08-2024T22:39:47 - [MESSAGE][PASSED] - Text '638' is set on object 'Object Repository/IWP30/Page_QATestHarness/ApplicationID'

26-08-2024T22:39:47 - [MESSAGE][PASSED] - Text '2.5' is set on object 'Object Repository/IWP30/Page_QATestHarness/MessageVersion'

26-08-2024T22:39:48 - [MESSAGE][PASSED] - Text 'C10pp6kppqYB' is set on object 'Object Repository/IWP30/Page_QATestHarness/RemittanceID'

26-08-2024T22:39:51 - [MESSAGE][PASSED] - Object: 'Object Repository/IWP30/Page_QATestHarness/SubmitButton' is clicked on

26-08-2024T22:39:51 - [MESSAGE][PASSED] - iwpPages.TestHarnessPage.setDataMethod is PASSED

26-08-2024T22:39:51 - [TEST_STEP][PASSED] - check(findTestObject("Object Repository/IWP30/Page_SelectPaymentMethod/PayByCreditCard")): Object 'Object Repository/IWP30/Page_SelectPaymentMethod/PayByCreditCard' is checked

26-08-2024T22:39:52 - [MESSAGE][PASSED] - Object 'Object Repository/IWP30/Page_SelectPaymentMethod/PayByCreditCard' is checked

26-08-2024T22:39:52 - [TEST_STEP][PASSED] - click(findTestObject("Object Repository/IWP30/Page_SelectPaymentMethod/MakePaymentButton")): Object: 'Object Repository/IWP30/Page_SelectPaymentMethod/MakePaymentButton' is clicked on

26-08-2024T22:39:55 - [MESSAGE][PASSED] - Object: 'Object Repository/IWP30/Page_SelectPaymentMethod/MakePaymentButton' is clicked on

26-08-2024T22:39:55 - [TEST_STEP][FAILED] - iwpPages.ccPaymentEntryPage.setDataIWPCreditCard(row, dataFile): com.kms.katalon.core.exception.StepFailedException: Unable to set text (Root cause: com.kms.katalon.core.exception.StepFailedException: Unable to set text
	at com.kms.katalon.core.webui.keyword.internal.WebUIKeywordMain.stepFailed(WebUIKeywordMain.groovy:64)
	at com.kms.katalon.core.webui.keyword.internal.WebUIKeywordMain.runKeyword(WebUIKeywordMain.groovy:26)
	at com.kms.katalon.core.webui.keyword.builtin.SetTextKeyword.setText(SetTextKeyword.groovy:85)
	at com.kms.katalon.core.webui.keyword.builtin.SetTextKeyword.execute(SetTextKeyword.groovy:39)
	at com.kms.katalon.core.keyword.internal.KeywordExecutor.executeKeywordForPlatform(KeywordExecutor.groovy:74)
	at com.kms.katalon.core.webui.keyword.WebUiBuiltInKeywords.setText(WebUiBuiltInKeywords.groovy:1019)
	at iwpPages.ccPaymentEntryPage.setDataIWPCreditCard(ccPaymentEntryPage.groovy:410)
	at java.base/jdk.internal.reflect.NativeMethodAccessorImpl.invoke0(Native Method)
	at java.base/jdk.internal.reflect.NativeMethodAccessorImpl.invoke(NativeMethodAccessorImpl.java:77)
	at java.base/jdk.internal.reflect.DelegatingMethodAccessorImpl.invoke(DelegatingMethodAccessorImpl.java:43)
	at com.kms.katalon.core.main.CustomKeywordDelegatingMetaClass.invokeStaticMethod(CustomKeywordDelegatingMetaClass.java:55)
	at PayNowSuccesfulPaymentCC.run(PayNowSuccesfulPaymentCC:81)
	at com.kms.katalon.core.main.ScriptEngine.run(ScriptEngine.java:194)
	at com.kms.katalon.core.main.ScriptEngine.runScriptAsRawText(ScriptEngine.java:119)
	at com.kms.katalon.core.main.TestCaseExecutor.runScript(TestCaseExecutor.java:448)
	at com.kms.katalon.core.main.TestCaseExecutor.doExecute(TestCaseExecutor.java:439)
	at com.kms.katalon.core.main.TestCaseExecutor.processExecutionPhase(TestCaseExecutor.java:418)
	at com.kms.katalon.core.main.TestCaseExecutor.accessMainPhase(TestCaseExecutor.java:410)
	at com.kms.katalon.core.main.TestCaseExecutor.execute(TestCaseExecutor.java:285)
	at com.kms.katalon.core.common.CommonExecutor.accessTestCaseMainPhase(CommonExecutor.java:65)
	at com.kms.katalon.core.main.TestSuiteExecutor.accessTestSuiteMainPhase(TestSuiteExecutor.java:150)
	at com.kms.katalon.core.main.TestSuiteExecutor.execute(TestSuiteExecutor.java:106)
	at com.kms.katalon.core.main.TestCaseMain.startTestSuite(TestCaseMain.java:180)
	at TempTestSuite1724689884694.run(TempTestSuite1724689884694.groovy:35)
	at java.base/jdk.internal.reflect.NativeMethodAccessorImpl.invoke0(Native Method)
	at java.base/jdk.internal.reflect.NativeMethodAccessorImpl.invoke(NativeMethodAccessorImpl.java:77)
	at java.base/jdk.internal.reflect.DelegatingMethodAccessorImpl.invoke(DelegatingMethodAccessorImpl.java:43)
Caused by: java.lang.IllegalArgumentException: Object is null
	at com.kms.katalon.core.helper.KeywordHelper.checkTestObjectParameter(KeywordHelper.java:33)
	at com.kms.katalon.core.webui.keyword.builtin.SetTextKeyword$_setText_closure1.doCall(SetTextKeyword.groovy:47)
	at com.kms.katalon.core.webui.keyword.builtin.SetTextKeyword$_setText_closure1.call(SetTextKeyword.groovy)
	at com.kms.katalon.core.webui.keyword.internal.WebUIKeywordMain.runKeyword(WebUIKeywordMain.groovy:20)
	at com.kms.katalon.core.webui.keyword.builtin.SetTextKeyword.setText(SetTextKeyword.groovy:85)
	at com.kms.katalon.core.webui.keyword.builtin.SetTextKeyword.execute(SetTextKeyword.groovy:39)
	at com.kms.katalon.core.keyword.internal.KeywordExecutor.executeKeywordForPlatform(KeywordExecutor.groovy:74)
	at com.kms.katalon.core.webui.keyword.WebUiBuiltInKeywords.setText(WebUiBuiltInKeywords.groovy:1019)
	at iwpPages.ccPaymentEntryPage.setDataIWPCreditCard(ccPaymentEntryPage.groovy:410)
	at java.base/jdk.internal.reflect.NativeMethodAccessorImpl.invoke0(Native Method)
	at java.base/jdk.internal.reflect.NativeMethodAccessorImpl.invoke(NativeMethodAccessorImpl.java:77)
	at java.base/jdk.internal.reflect.DelegatingMethodAccessorImpl.invoke(DelegatingMethodAccessorImpl.java:43)
	at com.kms.katalon.core.main.CustomKeywordDelegatingMetaClass.invokeStaticMethod(CustomKeywordDelegatingMetaClass.java:55)
	at Script1723140349688.run(Script1723140349688.groovy:81)
	... 15 more
)

26-08-2024T22:39:56 - [MESSAGE][PASSED] - Object 'Object Repository/IWP30/Page_CCPaymentEntry/Name' is present

26-08-2024T22:39:56 - [MESSAGE][PASSED] - Text '10.50' is set on object 'Object Repository/IWP30/Page_CCPaymentEntry/Amount'

26-08-2024T22:39:56 - [MESSAGE][WARNING] - Test object with id 'Object Repository/IWP30/Page_CCPaymentEntry/UserDefined1' does not exist

26-08-2024T22:39:56 - [MESSAGE][WARNING] - Test object with id 'Object Repository/' does not exist

26-08-2024T22:39:56 - [MESSAGE][FAILED] - Unable to set text (Root cause: com.kms.katalon.core.exception.StepFailedException: Unable to set text
	at com.kms.katalon.core.webui.keyword.internal.WebUIKeywordMain.stepFailed(WebUIKeywordMain.groovy:64)
	at com.kms.katalon.core.webui.keyword.internal.WebUIKeywordMain.runKeyword(WebUIKeywordMain.groovy:26)
	at com.kms.katalon.core.webui.keyword.builtin.SetTextKeyword.setText(SetTextKeyword.groovy:85)
	at com.kms.katalon.core.webui.keyword.builtin.SetTextKeyword.execute(SetTextKeyword.groovy:39)
	at com.kms.katalon.core.keyword.internal.KeywordExecutor.executeKeywordForPlatform(KeywordExecutor.groovy:74)
	at com.kms.katalon.core.webui.keyword.WebUiBuiltInKeywords.setText(WebUiBuiltInKeywords.groovy:1019)
	at iwpPages.ccPaymentEntryPage.setDataIWPCreditCard(ccPaymentEntryPage.groovy:410)
	at java.base/jdk.internal.reflect.NativeMethodAccessorImpl.invoke0(Native Method)
	at java.base/jdk.internal.reflect.NativeMethodAccessorImpl.invoke(NativeMethodAccessorImpl.java:77)
	at java.base/jdk.internal.reflect.DelegatingMethodAccessorImpl.invoke(DelegatingMethodAccessorImpl.java:43)
	at com.kms.katalon.core.main.CustomKeywordDelegatingMetaClass.invokeStaticMethod(CustomKeywordDelegatingMetaClass.java:55)
	at PayNowSuccesfulPaymentCC.run(PayNowSuccesfulPaymentCC:81)
	at com.kms.katalon.core.main.ScriptEngine.run(ScriptEngine.java:194)
	at com.kms.katalon.core.main.ScriptEngine.runScriptAsRawText(ScriptEngine.java:119)
	at com.kms.katalon.core.main.TestCaseExecutor.runScript(TestCaseExecutor.java:448)
	at com.kms.katalon.core.main.TestCaseExecutor.doExecute(TestCaseExecutor.java:439)
	at com.kms.katalon.core.main.TestCaseExecutor.processExecutionPhase(TestCaseExecutor.java:418)
	at com.kms.katalon.core.main.TestCaseExecutor.accessMainPhase(TestCaseExecutor.java:410)
	at com.kms.katalon.core.main.TestCaseExecutor.execute(TestCaseExecutor.java:285)
	at com.kms.katalon.core.common.CommonExecutor.accessTestCaseMainPhase(CommonExecutor.java:65)
	at com.kms.katalon.core.main.TestSuiteExecutor.accessTestSuiteMainPhase(TestSuiteExecutor.java:150)
	at com.kms.katalon.core.main.TestSuiteExecutor.execute(TestSuiteExecutor.java:106)
	at com.kms.katalon.core.main.TestCaseMain.startTestSuite(TestCaseMain.java:180)
	at TempTestSuite1724689884694.run(TempTestSuite1724689884694.groovy:35)
	at java.base/jdk.internal.reflect.NativeMethodAccessorImpl.invoke0(Native Method)
	at java.base/jdk.internal.reflect.NativeMethodAccessorImpl.invoke(NativeMethodAccessorImpl.java:77)
	at java.base/jdk.internal.reflect.DelegatingMethodAccessorImpl.invoke(DelegatingMethodAccessorImpl.java:43)
Caused by: java.lang.IllegalArgumentException: Object is null
	at com.kms.katalon.core.helper.KeywordHelper.checkTestObjectParameter(KeywordHelper.java:33)
	at com.kms.katalon.core.webui.keyword.builtin.SetTextKeyword$_setText_closure1.doCall(SetTextKeyword.groovy:47)
	at com.kms.katalon.core.webui.keyword.builtin.SetTextKeyword$_setText_closure1.call(SetTextKeyword.groovy)
	at com.kms.katalon.core.webui.keyword.internal.WebUIKeywordMain.runKeyword(WebUIKeywordMain.groovy:20)
	at com.kms.katalon.core.webui.keyword.builtin.SetTextKeyword.setText(SetTextKeyword.groovy:85)
	at com.kms.katalon.core.webui.keyword.builtin.SetTextKeyword.execute(SetTextKeyword.groovy:39)
	at com.kms.katalon.core.keyword.internal.KeywordExecutor.executeKeywordForPlatform(KeywordExecutor.groovy:74)
	at com.kms.katalon.core.webui.keyword.WebUiBuiltInKeywords.setText(WebUiBuiltInKeywords.groovy:1019)
	at iwpPages.ccPaymentEntryPage.setDataIWPCreditCard(ccPaymentEntryPage.groovy:410)
	at java.base/jdk.internal.reflect.NativeMethodAccessorImpl.invoke0(Native Method)
	at java.base/jdk.internal.reflect.NativeMethodAccessorImpl.invoke(NativeMethodAccessorImpl.java:77)
	at java.base/jdk.internal.reflect.DelegatingMethodAccessorImpl.invoke(DelegatingMethodAccessorImpl.java:43)
	at com.kms.katalon.core.main.CustomKeywordDelegatingMetaClass.invokeStaticMethod(CustomKeywordDelegatingMetaClass.java:55)
	at Script1723140349688.run(Script1723140349688.groovy:81)
	... 15 more
)
[[ATTACHMENT|C:\\Users\\t476046\\Documents\\katalon\\VPS-Katalon\\Reports\\20240826_220124\\QA\\IWP2.5\\QA_IWP2.5_Regression\\20240826_220124\\1724692196748.png]]

26-08-2024T22:39:57 - [MESSAGE][PASSED] - Text 'udf data 2' is set on object 'Object Repository/IWP30/Page_CCPaymentEntry/UserDefined2'

26-08-2024T22:39:58 - [MESSAGE][PASSED] - Text 'udf data 3' is set on object 'Object Repository/IWP30/Page_CCPaymentEntry/UserDefined3'

26-08-2024T22:39:58 - [MESSAGE][WARNING] - Test object with id 'Object Repository/IWP30/Page_CCPaymentEntry/UserDefined4' does not exist

26-08-2024T22:39:58 - [MESSAGE][WARNING] - Test object with id 'Object Repository/' does not exist

26-08-2024T22:39:58 - [MESSAGE][FAILED] - Unable to set text (Root cause: com.kms.katalon.core.exception.StepFailedException: Unable to set text
	at com.kms.katalon.core.webui.keyword.internal.WebUIKeywordMain.stepFailed(WebUIKeywordMain.groovy:64)
	at com.kms.katalon.core.webui.keyword.internal.WebUIKeywordMain.runKeyword(WebUIKeywordMain.groovy:26)
	at com.kms.katalon.core.webui.keyword.builtin.SetTextKeyword.setText(SetTextKeyword.groovy:85)
	at com.kms.katalon.core.webui.keyword.builtin.SetTextKeyword.execute(SetTextKeyword.groovy:39)
	at com.kms.katalon.core.keyword.internal.KeywordExecutor.executeKeywordForPlatform(KeywordExecutor.groovy:74)
	at com.kms.katalon.core.webui.keyword.WebUiBuiltInKeywords.setText(WebUiBuiltInKeywords.groovy:1019)
	at iwpPages.ccPaymentEntryPage.setDataIWPCreditCard(ccPaymentEntryPage.groovy:435)
	at java.base/jdk.internal.reflect.NativeMethodAccessorImpl.invoke0(Native Method)
	at java.base/jdk.internal.reflect.NativeMethodAccessorImpl.invoke(NativeMethodAccessorImpl.java:77)
	at java.base/jdk.internal.reflect.DelegatingMethodAccessorImpl.invoke(DelegatingMethodAccessorImpl.java:43)
	at com.kms.katalon.core.main.CustomKeywordDelegatingMetaClass.invokeStaticMethod(CustomKeywordDelegatingMetaClass.java:55)
	at PayNowSuccesfulPaymentCC.run(PayNowSuccesfulPaymentCC:81)
	at com.kms.katalon.core.main.ScriptEngine.run(ScriptEngine.java:194)
	at com.kms.katalon.core.main.ScriptEngine.runScriptAsRawText(ScriptEngine.java:119)
	at com.kms.katalon.core.main.TestCaseExecutor.runScript(TestCaseExecutor.java:448)
	at com.kms.katalon.core.main.TestCaseExecutor.doExecute(TestCaseExecutor.java:439)
	at com.kms.katalon.core.main.TestCaseExecutor.processExecutionPhase(TestCaseExecutor.java:418)
	at com.kms.katalon.core.main.TestCaseExecutor.accessMainPhase(TestCaseExecutor.java:410)
	at com.kms.katalon.core.main.TestCaseExecutor.execute(TestCaseExecutor.java:285)
	at com.kms.katalon.core.common.CommonExecutor.accessTestCaseMainPhase(CommonExecutor.java:65)
	at com.kms.katalon.core.main.TestSuiteExecutor.accessTestSuiteMainPhase(TestSuiteExecutor.java:150)
	at com.kms.katalon.core.main.TestSuiteExecutor.execute(TestSuiteExecutor.java:106)
	at com.kms.katalon.core.main.TestCaseMain.startTestSuite(TestCaseMain.java:180)
	at TempTestSuite1724689884694.run(TempTestSuite1724689884694.groovy:35)
	at java.base/jdk.internal.reflect.NativeMethodAccessorImpl.invoke0(Native Method)
	at java.base/jdk.internal.reflect.NativeMethodAccessorImpl.invoke(NativeMethodAccessorImpl.java:77)
	at java.base/jdk.internal.reflect.DelegatingMethodAccessorImpl.invoke(DelegatingMethodAccessorImpl.java:43)
Caused by: java.lang.IllegalArgumentException: Object is null
	at com.kms.katalon.core.helper.KeywordHelper.checkTestObjectParameter(KeywordHelper.java:33)
	at com.kms.katalon.core.webui.keyword.builtin.SetTextKeyword$_setText_closure1.doCall(SetTextKeyword.groovy:47)
	at com.kms.katalon.core.webui.keyword.builtin.SetTextKeyword$_setText_closure1.call(SetTextKeyword.groovy)
	at com.kms.katalon.core.webui.keyword.internal.WebUIKeywordMain.runKeyword(WebUIKeywordMain.groovy:20)
	at com.kms.katalon.core.webui.keyword.builtin.SetTextKeyword.setText(SetTextKeyword.groovy:85)
	at com.kms.katalon.core.webui.keyword.builtin.SetTextKeyword.execute(SetTextKeyword.groovy:39)
	at com.kms.katalon.core.keyword.internal.KeywordExecutor.executeKeywordForPlatform(KeywordExecutor.groovy:74)
	at com.kms.katalon.core.webui.keyword.WebUiBuiltInKeywords.setText(WebUiBuiltInKeywords.groovy:1019)
	at iwpPages.ccPaymentEntryPage.setDataIWPCreditCard(ccPaymentEntryPage.groovy:435)
	at java.base/jdk.internal.reflect.NativeMethodAccessorImpl.invoke0(Native Method)
	at java.base/jdk.internal.reflect.NativeMethodAccessorImpl.invoke(NativeMethodAccessorImpl.java:77)
	at java.base/jdk.internal.reflect.DelegatingMethodAccessorImpl.invoke(DelegatingMethodAccessorImpl.java:43)
	at com.kms.katalon.core.main.CustomKeywordDelegatingMetaClass.invokeStaticMethod(CustomKeywordDelegatingMetaClass.java:55)
	at Script1723140349688.run(Script1723140349688.groovy:81)
	... 15 more
)
[[ATTACHMENT|C:\\Users\\t476046\\Documents\\katalon\\VPS-Katalon\\Reports\\20240826_220124\\QA\\IWP2.5\\QA_IWP2.5_Regression\\20240826_220124\\1724692198211.png]]

26-08-2024T22:39:58 - [MESSAGE][WARNING] - Test object with id 'Object Repository/IWP30/Page_CCPaymentEntry/UserDefined5' does not exist

26-08-2024T22:39:58 - [MESSAGE][WARNING] - Test object with id 'Object Repository/' does not exist

26-08-2024T22:39:58 - [MESSAGE][FAILED] - Unable to set text (Root cause: com.kms.katalon.core.exception.StepFailedException: Unable to set text
	at com.kms.katalon.core.webui.keyword.internal.WebUIKeywordMain.stepFailed(WebUIKeywordMain.groovy:64)
	at com.kms.katalon.core.webui.keyword.internal.WebUIKeywordMain.runKeyword(WebUIKeywordMain.groovy:26)
	at com.kms.katalon.core.webui.keyword.builtin.SetTextKeyword.setText(SetTextKeyword.groovy:85)
	at com.kms.katalon.core.webui.keyword.builtin.SetTextKeyword.execute(SetTextKeyword.groovy:39)
	at com.kms.katalon.core.keyword.internal.KeywordExecutor.executeKeywordForPlatform(KeywordExecutor.groovy:74)
	at com.kms.katalon.core.webui.keyword.WebUiBuiltInKeywords.setText(WebUiBuiltInKeywords.groovy:1019)
	at iwpPages.ccPaymentEntryPage.setDataIWPCreditCard(ccPaymentEntryPage.groovy:442)
	at java.base/jdk.internal.reflect.NativeMethodAccessorImpl.invoke0(Native Method)
	at java.base/jdk.internal.reflect.NativeMethodAccessorImpl.invoke(NativeMethodAccessorImpl.java:77)
	at java.base/jdk.internal.reflect.DelegatingMethodAccessorImpl.invoke(DelegatingMethodAccessorImpl.java:43)
	at com.kms.katalon.core.main.CustomKeywordDelegatingMetaClass.invokeStaticMethod(CustomKeywordDelegatingMetaClass.java:55)
	at PayNowSuccesfulPaymentCC.run(PayNowSuccesfulPaymentCC:81)
	at com.kms.katalon.core.main.ScriptEngine.run(ScriptEngine.java:194)
	at com.kms.katalon.core.main.ScriptEngine.runScriptAsRawText(ScriptEngine.java:119)
	at com.kms.katalon.core.main.TestCaseExecutor.runScript(TestCaseExecutor.java:448)
	at com.kms.katalon.core.main.TestCaseExecutor.doExecute(TestCaseExecutor.java:439)
	at com.kms.katalon.core.main.TestCaseExecutor.processExecutionPhase(TestCaseExecutor.java:418)
	at com.kms.katalon.core.main.TestCaseExecutor.accessMainPhase(TestCaseExecutor.java:410)
	at com.kms.katalon.core.main.TestCaseExecutor.execute(TestCaseExecutor.java:285)
	at com.kms.katalon.core.common.CommonExecutor.accessTestCaseMainPhase(CommonExecutor.java:65)
	at com.kms.katalon.core.main.TestSuiteExecutor.accessTestSuiteMainPhase(TestSuiteExecutor.java:150)
	at com.kms.katalon.core.main.TestSuiteExecutor.execute(TestSuiteExecutor.java:106)
	at com.kms.katalon.core.main.TestCaseMain.startTestSuite(TestCaseMain.java:180)
	at TempTestSuite1724689884694.run(TempTestSuite1724689884694.groovy:35)
	at java.base/jdk.internal.reflect.NativeMethodAccessorImpl.invoke0(Native Method)
	at java.base/jdk.internal.reflect.NativeMethodAccessorImpl.invoke(NativeMethodAccessorImpl.java:77)
	at java.base/jdk.internal.reflect.DelegatingMethodAccessorImpl.invoke(DelegatingMethodAccessorImpl.java:43)
Caused by: java.lang.IllegalArgumentException: Object is null
	at com.kms.katalon.core.helper.KeywordHelper.checkTestObjectParameter(KeywordHelper.java:33)
	at com.kms.katalon.core.webui.keyword.builtin.SetTextKeyword$_setText_closure1.doCall(SetTextKeyword.groovy:47)
	at com.kms.katalon.core.webui.keyword.builtin.SetTextKeyword$_setText_closure1.call(SetTextKeyword.groovy)
	at com.kms.katalon.core.webui.keyword.internal.WebUIKeywordMain.runKeyword(WebUIKeywordMain.groovy:20)
	at com.kms.katalon.core.webui.keyword.builtin.SetTextKeyword.setText(SetTextKeyword.groovy:85)
	at com.kms.katalon.core.webui.keyword.builtin.SetTextKeyword.execute(SetTextKeyword.groovy:39)
	at com.kms.katalon.core.keyword.internal.KeywordExecutor.executeKeywordForPlatform(KeywordExecutor.groovy:74)
	at com.kms.katalon.core.webui.keyword.WebUiBuiltInKeywords.setText(WebUiBuiltInKeywords.groovy:1019)
	at iwpPages.ccPaymentEntryPage.setDataIWPCreditCard(ccPaymentEntryPage.groovy:442)
	at java.base/jdk.internal.reflect.NativeMethodAccessorImpl.invoke0(Native Method)
	at java.base/jdk.internal.reflect.NativeMethodAccessorImpl.invoke(NativeMethodAccessorImpl.java:77)
	at java.base/jdk.internal.reflect.DelegatingMethodAccessorImpl.invoke(DelegatingMethodAccessorImpl.java:43)
	at com.kms.katalon.core.main.CustomKeywordDelegatingMetaClass.invokeStaticMethod(CustomKeywordDelegatingMetaClass.java:55)
	at Script1723140349688.run(Script1723140349688.groovy:81)
	... 15 more
)
[[ATTACHMENT|C:\\Users\\t476046\\Documents\\katalon\\VPS-Katalon\\Reports\\20240826_220124\\QA\\IWP2.5\\QA_IWP2.5_Regression\\20240826_220124\\1724692198424.png]]

26-08-2024T22:39:58 - [MESSAGE][WARNING] - Test object with id 'Object Repository/IWP30/Page_CCPaymentEntry/UserDefined6' does not exist

26-08-2024T22:39:58 - [MESSAGE][WARNING] - Test object with id 'Object Repository/' does not exist

26-08-2024T22:39:58 - [MESSAGE][FAILED] - Unable to set text (Root cause: com.kms.katalon.core.exception.StepFailedException: Unable to set text
	at com.kms.katalon.core.webui.keyword.internal.WebUIKeywordMain.stepFailed(WebUIKeywordMain.groovy:64)
	at com.kms.katalon.core.webui.keyword.internal.WebUIKeywordMain.runKeyword(WebUIKeywordMain.groovy:26)
	at com.kms.katalon.core.webui.keyword.builtin.SetTextKeyword.setText(SetTextKeyword.groovy:85)
	at com.kms.katalon.core.webui.keyword.builtin.SetTextKeyword.execute(SetTextKeyword.groovy:39)
	at com.kms.katalon.core.keyword.internal.KeywordExecutor.executeKeywordForPlatform(KeywordExecutor.groovy:74)
	at com.kms.katalon.core.webui.keyword.WebUiBuiltInKeywords.setText(WebUiBuiltInKeywords.groovy:1019)
	at iwpPages.ccPaymentEntryPage.setDataIWPCreditCard(ccPaymentEntryPage.groovy:449)
	at java.base/jdk.internal.reflect.NativeMethodAccessorImpl.invoke0(Native Method)
	at java.base/jdk.internal.reflect.NativeMethodAccessorImpl.invoke(NativeMethodAccessorImpl.java:77)
	at java.base/jdk.internal.reflect.DelegatingMethodAccessorImpl.invoke(DelegatingMethodAccessorImpl.java:43)
	at com.kms.katalon.core.main.CustomKeywordDelegatingMetaClass.invokeStaticMethod(CustomKeywordDelegatingMetaClass.java:55)
	at PayNowSuccesfulPaymentCC.run(PayNowSuccesfulPaymentCC:81)
	at com.kms.katalon.core.main.ScriptEngine.run(ScriptEngine.java:194)
	at com.kms.katalon.core.main.ScriptEngine.runScriptAsRawText(ScriptEngine.java:119)
	at com.kms.katalon.core.main.TestCaseExecutor.runScript(TestCaseExecutor.java:448)
	at com.kms.katalon.core.main.TestCaseExecutor.doExecute(TestCaseExecutor.java:439)
	at com.kms.katalon.core.main.TestCaseExecutor.processExecutionPhase(TestCaseExecutor.java:418)
	at com.kms.katalon.core.main.TestCaseExecutor.accessMainPhase(TestCaseExecutor.java:410)
	at com.kms.katalon.core.main.TestCaseExecutor.execute(TestCaseExecutor.java:285)
	at com.kms.katalon.core.common.CommonExecutor.accessTestCaseMainPhase(CommonExecutor.java:65)
	at com.kms.katalon.core.main.TestSuiteExecutor.accessTestSuiteMainPhase(TestSuiteExecutor.java:150)
	at com.kms.katalon.core.main.TestSuiteExecutor.execute(TestSuiteExecutor.java:106)
	at com.kms.katalon.core.main.TestCaseMain.startTestSuite(TestCaseMain.java:180)
	at TempTestSuite1724689884694.run(TempTestSuite1724689884694.groovy:35)
	at java.base/jdk.internal.reflect.NativeMethodAccessorImpl.invoke0(Native Method)
	at java.base/jdk.internal.reflect.NativeMethodAccessorImpl.invoke(NativeMethodAccessorImpl.java:77)
	at java.base/jdk.internal.reflect.DelegatingMethodAccessorImpl.invoke(DelegatingMethodAccessorImpl.java:43)
Caused by: java.lang.IllegalArgumentException: Object is null
	at com.kms.katalon.core.helper.KeywordHelper.checkTestObjectParameter(KeywordHelper.java:33)
	at com.kms.katalon.core.webui.keyword.builtin.SetTextKeyword$_setText_closure1.doCall(SetTextKeyword.groovy:47)
	at com.kms.katalon.core.webui.keyword.builtin.SetTextKeyword$_setText_closure1.call(SetTextKeyword.groovy)
	at com.kms.katalon.core.webui.keyword.internal.WebUIKeywordMain.runKeyword(WebUIKeywordMain.groovy:20)
	at com.kms.katalon.core.webui.keyword.builtin.SetTextKeyword.setText(SetTextKeyword.groovy:85)
	at com.kms.katalon.core.webui.keyword.builtin.SetTextKeyword.execute(SetTextKeyword.groovy:39)
	at com.kms.katalon.core.keyword.internal.KeywordExecutor.executeKeywordForPlatform(KeywordExecutor.groovy:74)
	at com.kms.katalon.core.webui.keyword.WebUiBuiltInKeywords.setText(WebUiBuiltInKeywords.groovy:1019)
	at iwpPages.ccPaymentEntryPage.setDataIWPCreditCard(ccPaymentEntryPage.groovy:449)
	at java.base/jdk.internal.reflect.NativeMethodAccessorImpl.invoke0(Native Method)
	at java.base/jdk.internal.reflect.NativeMethodAccessorImpl.invoke(NativeMethodAccessorImpl.java:77)
	at java.base/jdk.internal.reflect.DelegatingMethodAccessorImpl.invoke(DelegatingMethodAccessorImpl.java:43)
	at com.kms.katalon.core.main.CustomKeywordDelegatingMetaClass.invokeStaticMethod(CustomKeywordDelegatingMetaClass.java:55)
	at Script1723140349688.run(Script1723140349688.groovy:81)
	... 15 more
)
[[ATTACHMENT|C:\\Users\\t476046\\Documents\\katalon\\VPS-Katalon\\Reports\\20240826_220124\\QA\\IWP2.5\\QA_IWP2.5_Regression\\20240826_220124\\1724692198637.png]]

26-08-2024T22:39:59 - [MESSAGE][PASSED] - All options with label 'Orange' are selected in object 'Object Repository/IWP30/Page_CCPaymentEntry/UserDefined7' 

26-08-2024T22:40:30 - [MESSAGE][INFO] - Unable to find the element located by 'By.xpath: //*[@name = 'variableField8DropdownGroupItemID' and @alt = 'UDF8 Label tabindex=' and (text() = '--Select One--TennisSoccer' or . = '--Select One--TennisSoccer')]'. Please recheck the objects properties to make sure the desired element is located. 

26-08-2024T22:40:30 - [MESSAGE][WARNING] - [SELF-HEALING] Failed to find element with id 'Object Repository/IWP30/Page_CCPaymentEntry/UserDefined8'. Try using Self-healing.

26-08-2024T22:40:30 - [MESSAGE][WARNING] - [SELF-HEALING] The current locator of test object 'Object Repository/IWP30/Page_CCPaymentEntry/UserDefined8' was broken. Propose an alternative one: '//select[@name='variableField8DropdownGroupItemID']'.

26-08-2024T22:40:31 - [MESSAGE][PASSED] - All options with label 'Soccer' are selected in object 'Object Repository/IWP30/Page_CCPaymentEntry/UserDefined8' 

26-08-2024T22:40:31 - [MESSAGE][WARNING] - Test object with id 'Object Repository/IWP30/Page_CCPaymentEntry/UserDefined9' does not exist

26-08-2024T22:40:31 - [MESSAGE][WARNING] - Test object with id 'Object Repository/' does not exist

26-08-2024T22:40:31 - [MESSAGE][FAILED] - Unable to select option by label  (Root cause: com.kms.katalon.core.exception.StepFailedException: Unable to select option by label 
	at com.kms.katalon.core.webui.keyword.internal.WebUIKeywordMain.stepFailed(WebUIKeywordMain.groovy:64)
	at com.kms.katalon.core.webui.keyword.internal.WebUIKeywordMain.runKeyword(WebUIKeywordMain.groovy:26)
	at com.kms.katalon.core.webui.keyword.builtin.SelectOptionByLabelKeyword.selectOptionByLabel(SelectOptionByLabelKeyword.groovy:98)
	at com.kms.katalon.core.webui.keyword.builtin.SelectOptionByLabelKeyword.execute(SelectOptionByLabelKeyword.groovy:71)
	at com.kms.katalon.core.keyword.internal.KeywordExecutor.executeKeywordForPlatform(KeywordExecutor.groovy:74)
	at com.kms.katalon.core.webui.keyword.WebUiBuiltInKeywords.selectOptionByLabel(WebUiBuiltInKeywords.groovy:1269)
	at iwpPages.ccPaymentEntryPage.setDataIWPCreditCard(ccPaymentEntryPage.groovy:474)
	at java.base/jdk.internal.reflect.NativeMethodAccessorImpl.invoke0(Native Method)
	at java.base/jdk.internal.reflect.NativeMethodAccessorImpl.invoke(NativeMethodAccessorImpl.java:77)
	at java.base/jdk.internal.reflect.DelegatingMethodAccessorImpl.invoke(DelegatingMethodAccessorImpl.java:43)
	at com.kms.katalon.core.main.CustomKeywordDelegatingMetaClass.invokeStaticMethod(CustomKeywordDelegatingMetaClass.java:55)
	at PayNowSuccesfulPaymentCC.run(PayNowSuccesfulPaymentCC:81)
	at com.kms.katalon.core.main.ScriptEngine.run(ScriptEngine.java:194)
	at com.kms.katalon.core.main.ScriptEngine.runScriptAsRawText(ScriptEngine.java:119)
	at com.kms.katalon.core.main.TestCaseExecutor.runScript(TestCaseExecutor.java:448)
	at com.kms.katalon.core.main.TestCaseExecutor.doExecute(TestCaseExecutor.java:439)
	at com.kms.katalon.core.main.TestCaseExecutor.processExecutionPhase(TestCaseExecutor.java:418)
	at com.kms.katalon.core.main.TestCaseExecutor.accessMainPhase(TestCaseExecutor.java:410)
	at com.kms.katalon.core.main.TestCaseExecutor.execute(TestCaseExecutor.java:285)
	at com.kms.katalon.core.common.CommonExecutor.accessTestCaseMainPhase(CommonExecutor.java:65)
	at com.kms.katalon.core.main.TestSuiteExecutor.accessTestSuiteMainPhase(TestSuiteExecutor.java:150)
	at com.kms.katalon.core.main.TestSuiteExecutor.execute(TestSuiteExecutor.java:106)
	at com.kms.katalon.core.main.TestCaseMain.startTestSuite(TestCaseMain.java:180)
	at TempTestSuite1724689884694.run(TempTestSuite1724689884694.groovy:35)
	at java.base/jdk.internal.reflect.NativeMethodAccessorImpl.invoke0(Native Method)
	at java.base/jdk.internal.reflect.NativeMethodAccessorImpl.invoke(NativeMethodAccessorImpl.java:77)
	at java.base/jdk.internal.reflect.DelegatingMethodAccessorImpl.invoke(DelegatingMethodAccessorImpl.java:43)
Caused by: java.lang.IllegalArgumentException: Object is null
	at com.kms.katalon.core.helper.KeywordHelper.checkTestObjectParameter(KeywordHelper.java:33)
	at com.kms.katalon.core.webui.keyword.builtin.SelectOptionByLabelKeyword$_selectOptionByLabel_closure1.doCall(SelectOptionByLabelKeyword.groovy:80)
	at com.kms.katalon.core.webui.keyword.builtin.SelectOptionByLabelKeyword$_selectOptionByLabel_closure1.call(SelectOptionByLabelKeyword.groovy)
	at com.kms.katalon.core.webui.keyword.internal.WebUIKeywordMain.runKeyword(WebUIKeywordMain.groovy:20)
	at com.kms.katalon.core.webui.keyword.builtin.SelectOptionByLabelKeyword.selectOptionByLabel(SelectOptionByLabelKeyword.groovy:98)
	at com.kms.katalon.core.webui.keyword.builtin.SelectOptionByLabelKeyword.execute(SelectOptionByLabelKeyword.groovy:71)
	at com.kms.katalon.core.keyword.internal.KeywordExecutor.executeKeywordForPlatform(KeywordExecutor.groovy:74)
	at com.kms.katalon.core.webui.keyword.WebUiBuiltInKeywords.selectOptionByLabel(WebUiBuiltInKeywords.groovy:1269)
	at iwpPages.ccPaymentEntryPage.setDataIWPCreditCard(ccPaymentEntryPage.groovy:474)
	at java.base/jdk.internal.reflect.NativeMethodAccessorImpl.invoke0(Native Method)
	at java.base/jdk.internal.reflect.NativeMethodAccessorImpl.invoke(NativeMethodAccessorImpl.java:77)
	at java.base/jdk.internal.reflect.DelegatingMethodAccessorImpl.invoke(DelegatingMethodAccessorImpl.java:43)
	at com.kms.katalon.core.main.CustomKeywordDelegatingMetaClass.invokeStaticMethod(CustomKeywordDelegatingMetaClass.java:55)
	at Script1723140349688.run(Script1723140349688.groovy:81)
	... 15 more
)
[[ATTACHMENT|C:\\Users\\t476046\\Documents\\katalon\\VPS-Katalon\\Reports\\20240826_220124\\QA\\IWP2.5\\QA_IWP2.5_Regression\\20240826_220124\\1724692231117.png]]

26-08-2024T22:40:31 - [MESSAGE][WARNING] - Test object with id 'Object Repository/IWP30/Page_CCPaymentEntry/UserDefined10' does not exist

26-08-2024T22:40:31 - [MESSAGE][WARNING] - Test object with id 'Object Repository/' does not exist

26-08-2024T22:40:31 - [MESSAGE][FAILED] - Unable to select option by label  (Root cause: com.kms.katalon.core.exception.StepFailedException: Unable to select option by label 
	at com.kms.katalon.core.webui.keyword.internal.WebUIKeywordMain.stepFailed(WebUIKeywordMain.groovy:64)
	at com.kms.katalon.core.webui.keyword.internal.WebUIKeywordMain.runKeyword(WebUIKeywordMain.groovy:26)
	at com.kms.katalon.core.webui.keyword.builtin.SelectOptionByLabelKeyword.selectOptionByLabel(SelectOptionByLabelKeyword.groovy:98)
	at com.kms.katalon.core.webui.keyword.builtin.SelectOptionByLabelKeyword.execute(SelectOptionByLabelKeyword.groovy:71)
	at com.kms.katalon.core.keyword.internal.KeywordExecutor.executeKeywordForPlatform(KeywordExecutor.groovy:74)
	at com.kms.katalon.core.webui.keyword.WebUiBuiltInKeywords.selectOptionByLabel(WebUiBuiltInKeywords.groovy:1269)
	at iwpPages.ccPaymentEntryPage.setDataIWPCreditCard(ccPaymentEntryPage.groovy:481)
	at java.base/jdk.internal.reflect.NativeMethodAccessorImpl.invoke0(Native Method)
	at java.base/jdk.internal.reflect.NativeMethodAccessorImpl.invoke(NativeMethodAccessorImpl.java:77)
	at java.base/jdk.internal.reflect.DelegatingMethodAccessorImpl.invoke(DelegatingMethodAccessorImpl.java:43)
	at com.kms.katalon.core.main.CustomKeywordDelegatingMetaClass.invokeStaticMethod(CustomKeywordDelegatingMetaClass.java:55)
	at PayNowSuccesfulPaymentCC.run(PayNowSuccesfulPaymentCC:81)
	at com.kms.katalon.core.main.ScriptEngine.run(ScriptEngine.java:194)
	at com.kms.katalon.core.main.ScriptEngine.runScriptAsRawText(ScriptEngine.java:119)
	at com.kms.katalon.core.main.TestCaseExecutor.runScript(TestCaseExecutor.java:448)
	at com.kms.katalon.core.main.TestCaseExecutor.doExecute(TestCaseExecutor.java:439)
	at com.kms.katalon.core.main.TestCaseExecutor.processExecutionPhase(TestCaseExecutor.java:418)
	at com.kms.katalon.core.main.TestCaseExecutor.accessMainPhase(TestCaseExecutor.java:410)
	at com.kms.katalon.core.main.TestCaseExecutor.execute(TestCaseExecutor.java:285)
	at com.kms.katalon.core.common.CommonExecutor.accessTestCaseMainPhase(CommonExecutor.java:65)
	at com.kms.katalon.core.main.TestSuiteExecutor.accessTestSuiteMainPhase(TestSuiteExecutor.java:150)
	at com.kms.katalon.core.main.TestSuiteExecutor.execute(TestSuiteExecutor.java:106)
	at com.kms.katalon.core.main.TestCaseMain.startTestSuite(TestCaseMain.java:180)
	at TempTestSuite1724689884694.run(TempTestSuite1724689884694.groovy:35)
	at java.base/jdk.internal.reflect.NativeMethodAccessorImpl.invoke0(Native Method)
	at java.base/jdk.internal.reflect.NativeMethodAccessorImpl.invoke(NativeMethodAccessorImpl.java:77)
	at java.base/jdk.internal.reflect.DelegatingMethodAccessorImpl.invoke(DelegatingMethodAccessorImpl.java:43)
Caused by: java.lang.IllegalArgumentException: Object is null
	at com.kms.katalon.core.helper.KeywordHelper.checkTestObjectParameter(KeywordHelper.java:33)
	at com.kms.katalon.core.webui.keyword.builtin.SelectOptionByLabelKeyword$_selectOptionByLabel_closure1.doCall(SelectOptionByLabelKeyword.groovy:80)
	at com.kms.katalon.core.webui.keyword.builtin.SelectOptionByLabelKeyword$_selectOptionByLabel_closure1.call(SelectOptionByLabelKeyword.groovy)
	at com.kms.katalon.core.webui.keyword.internal.WebUIKeywordMain.runKeyword(WebUIKeywordMain.groovy:20)
	at com.kms.katalon.core.webui.keyword.builtin.SelectOptionByLabelKeyword.selectOptionByLabel(SelectOptionByLabelKeyword.groovy:98)
	at com.kms.katalon.core.webui.keyword.builtin.SelectOptionByLabelKeyword.execute(SelectOptionByLabelKeyword.groovy:71)
	at com.kms.katalon.core.keyword.internal.KeywordExecutor.executeKeywordForPlatform(KeywordExecutor.groovy:74)
	at com.kms.katalon.core.webui.keyword.WebUiBuiltInKeywords.selectOptionByLabel(WebUiBuiltInKeywords.groovy:1269)
	at iwpPages.ccPaymentEntryPage.setDataIWPCreditCard(ccPaymentEntryPage.groovy:481)
	at java.base/jdk.internal.reflect.NativeMethodAccessorImpl.invoke0(Native Method)
	at java.base/jdk.internal.reflect.NativeMethodAccessorImpl.invoke(NativeMethodAccessorImpl.java:77)
	at java.base/jdk.internal.reflect.DelegatingMethodAccessorImpl.invoke(DelegatingMethodAccessorImpl.java:43)
	at com.kms.katalon.core.main.CustomKeywordDelegatingMetaClass.invokeStaticMethod(CustomKeywordDelegatingMetaClass.java:55)
	at Script1723140349688.run(Script1723140349688.groovy:81)
	... 15 more
)
[[ATTACHMENT|C:\\Users\\t476046\\Documents\\katalon\\VPS-Katalon\\Reports\\20240826_220124\\QA\\IWP2.5\\QA_IWP2.5_Regression\\20240826_220124\\1724692231335.png]]

26-08-2024T22:40:32 - [MESSAGE][PASSED] - Text 'Charu Suraji' is set on object 'Object Repository/IWP30/Page_CCPaymentEntry/Name'

26-08-2024T22:40:32 - [MESSAGE][PASSED] - Text '374245002771003' is set on object 'Object Repository/IWP30/Page_CCPaymentEntry/CardNumber'

26-08-2024T22:40:33 - [MESSAGE][PASSED] - Text '1234' is set on object 'Object Repository/IWP30/Page_CCPaymentEntry/SPC'

26-08-2024T22:40:34 - [MESSAGE][PASSED] - All options with label '09' are selected in object 'Object Repository/IWP30/Page_CCPaymentEntry/Month' 

26-08-2024T22:40:35 - [MESSAGE][PASSED] - All options with label '2028' are selected in object 'Object Repository/IWP30/Page_CCPaymentEntry/Year' 

26-08-2024T22:40:35 - [MESSAGE][PASSED] - Text '365 Main Avenue' is set on object 'Object Repository/IWP30/Page_CCPaymentEntry/AL1'

26-08-2024T22:40:36 - [MESSAGE][PASSED] - Text '22201' is set on object 'Object Repository/IWP30/Page_CCPaymentEntry/ZIP'

26-08-2024T22:40:37 - [MESSAGE][PASSED] - Text 'iahmed@govolution.com' is set on object 'Object Repository/IWP30/Page_CCPaymentEntry/EmailAddress'

26-08-2024T22:40:37 - [MESSAGE][PASSED] - Object 'Object Repository/IWP30/Page_CCPaymentEntry/TermCondCheckBox' is present

26-08-2024T22:40:38 - [MESSAGE][PASSED] - Object 'Object Repository/IWP30/Page_CCPaymentEntry/TermCondCheckBox' is checked

26-08-2024T22:40:38 - [MESSAGE][PASSED] - Object 'Object Repository/IWP30/Page_CCPaymentEntry/ContinueButton' is present

26-08-2024T22:40:40 - [MESSAGE][PASSED] - Object: 'Object Repository/IWP30/Page_CCPaymentEntry/ContinueButton' is clicked on

26-08-2024T22:40:40 - [MESSAGE][FAILED] - com.kms.katalon.core.exception.StepFailedException: Unable to set text (Root cause: com.kms.katalon.core.exception.StepFailedException: Unable to set text
	at com.kms.katalon.core.webui.keyword.internal.WebUIKeywordMain.stepFailed(WebUIKeywordMain.groovy:64)
	at com.kms.katalon.core.webui.keyword.internal.WebUIKeywordMain.runKeyword(WebUIKeywordMain.groovy:26)
	at com.kms.katalon.core.webui.keyword.builtin.SetTextKeyword.setText(SetTextKeyword.groovy:85)
	at com.kms.katalon.core.webui.keyword.builtin.SetTextKeyword.execute(SetTextKeyword.groovy:39)
	at com.kms.katalon.core.keyword.internal.KeywordExecutor.executeKeywordForPlatform(KeywordExecutor.groovy:74)
	at com.kms.katalon.core.webui.keyword.WebUiBuiltInKeywords.setText(WebUiBuiltInKeywords.groovy:1019)
	at iwpPages.ccPaymentEntryPage.setDataIWPCreditCard(ccPaymentEntryPage.groovy:410)
	at java.base/jdk.internal.reflect.NativeMethodAccessorImpl.invoke0(Native Method)
	at java.base/jdk.internal.reflect.NativeMethodAccessorImpl.invoke(NativeMethodAccessorImpl.java:77)
	at java.base/jdk.internal.reflect.DelegatingMethodAccessorImpl.invoke(DelegatingMethodAccessorImpl.java:43)
	at com.kms.katalon.core.main.CustomKeywordDelegatingMetaClass.invokeStaticMethod(CustomKeywordDelegatingMetaClass.java:55)
	at PayNowSuccesfulPaymentCC.run(PayNowSuccesfulPaymentCC:81)
	at com.kms.katalon.core.main.ScriptEngine.run(ScriptEngine.java:194)
	at com.kms.katalon.core.main.ScriptEngine.runScriptAsRawText(ScriptEngine.java:119)
	at com.kms.katalon.core.main.TestCaseExecutor.runScript(TestCaseExecutor.java:448)
	at com.kms.katalon.core.main.TestCaseExecutor.doExecute(TestCaseExecutor.java:439)
	at com.kms.katalon.core.main.TestCaseExecutor.processExecutionPhase(TestCaseExecutor.java:418)
	at com.kms.katalon.core.main.TestCaseExecutor.accessMainPhase(TestCaseExecutor.java:410)
	at com.kms.katalon.core.main.TestCaseExecutor.execute(TestCaseExecutor.java:285)
	at com.kms.katalon.core.common.CommonExecutor.accessTestCaseMainPhase(CommonExecutor.java:65)
	at com.kms.katalon.core.main.TestSuiteExecutor.accessTestSuiteMainPhase(TestSuiteExecutor.java:150)
	at com.kms.katalon.core.main.TestSuiteExecutor.execute(TestSuiteExecutor.java:106)
	at com.kms.katalon.core.main.TestCaseMain.startTestSuite(TestCaseMain.java:180)
	at TempTestSuite1724689884694.run(TempTestSuite1724689884694.groovy:35)
	at java.base/jdk.internal.reflect.NativeMethodAccessorImpl.invoke0(Native Method)
	at java.base/jdk.internal.reflect.NativeMethodAccessorImpl.invoke(NativeMethodAccessorImpl.java:77)
	at java.base/jdk.internal.reflect.DelegatingMethodAccessorImpl.invoke(DelegatingMethodAccessorImpl.java:43)
Caused by: java.lang.IllegalArgumentException: Object is null
	at com.kms.katalon.core.helper.KeywordHelper.checkTestObjectParameter(KeywordHelper.java:33)
	at com.kms.katalon.core.webui.keyword.builtin.SetTextKeyword$_setText_closure1.doCall(SetTextKeyword.groovy:47)
	at com.kms.katalon.core.webui.keyword.builtin.SetTextKeyword$_setText_closure1.call(SetTextKeyword.groovy)
	at com.kms.katalon.core.webui.keyword.internal.WebUIKeywordMain.runKeyword(WebUIKeywordMain.groovy:20)
	at com.kms.katalon.core.webui.keyword.builtin.SetTextKeyword.setText(SetTextKeyword.groovy:85)
	at com.kms.katalon.core.webui.keyword.builtin.SetTextKeyword.execute(SetTextKeyword.groovy:39)
	at com.kms.katalon.core.keyword.internal.KeywordExecutor.executeKeywordForPlatform(KeywordExecutor.groovy:74)
	at com.kms.katalon.core.webui.keyword.WebUiBuiltInKeywords.setText(WebUiBuiltInKeywords.groovy:1019)
	at iwpPages.ccPaymentEntryPage.setDataIWPCreditCard(ccPaymentEntryPage.groovy:410)
	at java.base/jdk.internal.reflect.NativeMethodAccessorImpl.invoke0(Native Method)
	at java.base/jdk.internal.reflect.NativeMethodAccessorImpl.invoke(NativeMethodAccessorImpl.java:77)
	at java.base/jdk.internal.reflect.DelegatingMethodAccessorImpl.invoke(DelegatingMethodAccessorImpl.java:43)
	at com.kms.katalon.core.main.CustomKeywordDelegatingMetaClass.invokeStaticMethod(CustomKeywordDelegatingMetaClass.java:55)
	at Script1723140349688.run(Script1723140349688.groovy:81)
	... 15 more
)

26-08-2024T22:40:40 - [TEST_STEP][PASSED] - click(findTestObject("Object Repository/IWP30/Page_Confirmation/ConfirmButton")): Object: 'Object Repository/IWP30/Page_Confirmation/ConfirmButton' is clicked on

26-08-2024T22:40:41 - [MESSAGE][PASSED] - Object: 'Object Repository/IWP30/Page_Confirmation/ConfirmButton' is clicked on

26-08-2024T22:40:41 - [TEST_STEP][PASSED] - Thread.sleep(10000): null

26-08-2024T22:40:51 - [TEST_STEP][PASSED] - Thread.sleep(10000): null

26-08-2024T22:41:01 - [TEST_STEP][PASSED] - if (verifyTextPresent("Successful Payment Receipt", false)): null

26-08-2024T22:41:02 - [MESSAGE][PASSED] - Text 'Successful Payment Receipt' is present on page 

26-08-2024T22:41:02 - [TEST_STEP][PASSED] - println("Successful Payment Receipt text is present on the Receipt page"): null

26-08-2024T22:41:02 - [TEST_STEP][PASSED] - markPassed("Successful Payment Receipt text is present on the Receipt page"): Successful Payment Receipt text is present on the Receipt page

26-08-2024T22:41:02 - [MESSAGE][PASSED] - Successful Payment Receipt text is present on the Receipt page

26-08-2024T22:41:02 - [TEST_STEP][PASSED] - resText = "Pass": null

26-08-2024T22:41:02 - [TEST_STEP][PASSED] - pages.WriteExcel.demoKey(resText, datText, resColumn, datCloumn, fileLoc, nameSheet, row): pages.WriteExcel.demoKey is PASSED

26-08-2024T22:41:02 - [MESSAGE][PASSED] - pages.WriteExcel.demoKey is PASSED

26-08-2024T22:41:02 - [TEST_STEP][PASSED] - ExecuteTC = findTestData(dataFile).getValue("Execute", row): null

26-08-2024T22:41:02 - [TEST_STEP][PASSED] - out.println("Value of Execute is : " + ExecuteTC): null

26-08-2024T22:41:02 - [TEST_STEP][FAILED] - if (ExecuteTC.equalsIgnoreCase("Y")): null

26-08-2024T22:41:02 - [TEST_STEP][PASSED] - out.println("Begin Record Number: " + row): null

26-08-2024T22:41:02 - [TEST_STEP][PASSED] - today = new java.util.Date(): null

26-08-2024T22:41:02 - [TEST_STEP][PASSED] - println(today): null

26-08-2024T22:41:02 - [TEST_STEP][PASSED] - datText = today: null

26-08-2024T22:41:02 - [TEST_STEP][PASSED] - EmulatorDataKey = findTestData(dataFile).getValue("EmulatorData", row): null

26-08-2024T22:41:02 - [TEST_STEP][PASSED] - out.println("Value of Emulator Key is : " + EmulatorDataKey): null

26-08-2024T22:41:02 - [TEST_STEP][PASSED] - iwpPages.emulatorIWP30.setDataEmulator_DD(EmulatorDataKey): iwpPages.emulatorIWP30.setDataEmulator_DD is PASSED

26-08-2024T22:41:02 - [MESSAGE][WARNING] - A browser is already opened. Closing browser and opening a new one

26-08-2024T22:41:03 - [MESSAGE][INFO] - Starting 'Edge Chromium' driver

26-08-2024T22:41:03 - [MESSAGE][INFO] - User set preference: ['acceptInsecureCerts', 'true']

26-08-2024T22:41:05 - [MESSAGE][INFO] - Action delay is set to 0 milliseconds

26-08-2024T22:41:08 - [MESSAGE][PASSED] - Browser is opened with url: 'https://qa2.velocitypayment.com/agency/config.do?action=editor&message_version=2_5'

26-08-2024T22:41:08 - [MESSAGE][PASSED] - Current window maximized

26-08-2024T22:41:09 - [MESSAGE][PASSED] - All options with value '2.5' are selected in object 'Object Repository/IWP30/Page_VRelay30Emulator/MV'  using regular expression

26-08-2024T22:41:10 - [MESSAGE][PASSED] - Text '10.50' is set on object 'Object Repository/IWP30/Page_VRelay30Emulator/Amount'

26-08-2024T22:41:11 - [MESSAGE][PASSED] - Text '26413414' is set on object 'Object Repository/IWP30/Page_VRelay30Emulator/CAN'

26-08-2024T22:41:11 - [MESSAGE][PASSED] - Text 'PayNow' is set on object 'Object Repository/IWP30/Page_VRelay30Emulator/Action'

26-08-2024T22:41:12 - [MESSAGE][PASSED] - Text 'en_US' is set on object 'Object Repository/IWP30/Page_VRelay30Emulator/Lang'

26-08-2024T22:41:12 - [MESSAGE][PASSED] - Text '' is set on object 'Object Repository/IWP30/Page_VRelay30Emulator/Fname'

26-08-2024T22:41:13 - [MESSAGE][PASSED] - Text '' is set on object 'Object Repository/IWP30/Page_VRelay30Emulator/Lname'

26-08-2024T22:41:14 - [MESSAGE][PASSED] - Text '' is set on object 'Object Repository/IWP30/Page_VRelay30Emulator/AL1'

26-08-2024T22:41:14 - [MESSAGE][PASSED] - Text '' is set on object 'Object Repository/IWP30/Page_VRelay30Emulator/AL2'

26-08-2024T22:41:15 - [MESSAGE][PASSED] - Text '' is set on object 'Object Repository/IWP30/Page_VRelay30Emulator/Country'

26-08-2024T22:41:15 - [MESSAGE][PASSED] - Text '' is set on object 'Object Repository/IWP30/Page_VRelay30Emulator/City'

26-08-2024T22:41:16 - [MESSAGE][PASSED] - Text '' is set on object 'Object Repository/IWP30/Page_VRelay30Emulator/State'

26-08-2024T22:41:17 - [MESSAGE][PASSED] - Text '' is set on object 'Object Repository/IWP30/Page_VRelay30Emulator/ZIP'

26-08-2024T22:41:17 - [MESSAGE][PASSED] - Text '' is set on object 'Object Repository/IWP30/Page_VRelay30Emulator/Order'

26-08-2024T22:41:18 - [MESSAGE][PASSED] - Text '' is set on object 'Object Repository/IWP30/Page_VRelay30Emulator/Company'

26-08-2024T22:41:18 - [MESSAGE][PASSED] - Text '' is set on object 'Object Repository/IWP30/Page_VRelay30Emulator/Email'

26-08-2024T22:41:19 - [MESSAGE][PASSED] - Text '' is set on object 'Object Repository/IWP30/Page_VRelay30Emulator/UDF1'

26-08-2024T22:41:19 - [MESSAGE][PASSED] - Text '' is set on object 'Object Repository/IWP30/Page_VRelay30Emulator/UDF2'

26-08-2024T22:41:20 - [MESSAGE][PASSED] - Text '' is set on object 'Object Repository/IWP30/Page_VRelay30Emulator/UDF3'

26-08-2024T22:41:21 - [MESSAGE][PASSED] - Text 'udf data 4' is set on object 'Object Repository/IWP30/Page_VRelay30Emulator/UDF4'

26-08-2024T22:41:21 - [MESSAGE][PASSED] - Text 'udf data 5' is set on object 'Object Repository/IWP30/Page_VRelay30Emulator/UDF5'

26-08-2024T22:41:22 - [MESSAGE][PASSED] - Text '' is set on object 'Object Repository/IWP30/Page_VRelay30Emulator/UDF6'

26-08-2024T22:41:22 - [MESSAGE][PASSED] - Text '' is set on object 'Object Repository/IWP30/Page_VRelay30Emulator/UDF7'

26-08-2024T22:41:23 - [MESSAGE][PASSED] - Text '' is set on object 'Object Repository/IWP30/Page_VRelay30Emulator/UDF8'

26-08-2024T22:41:24 - [MESSAGE][PASSED] - Text 'udf data 9' is set on object 'Object Repository/IWP30/Page_VRelay30Emulator/UDF9'

26-08-2024T22:41:24 - [MESSAGE][PASSED] - Text 'udf data 10' is set on object 'Object Repository/IWP30/Page_VRelay30Emulator/UDF10'

26-08-2024T22:41:25 - [MESSAGE][PASSED] - Object: 'Object Repository/IWP30/Page_VRelay30Emulator/Submit' is clicked on

26-08-2024T22:41:30 - [MESSAGE][PASSED] - Browser is closed

26-08-2024T22:41:34 - [MESSAGE][PASSED] - iwpPages.emulatorIWP30.setDataEmulator_DD is PASSED

26-08-2024T22:41:34 - [TEST_STEP][PASSED] - testHarnessURL = urlTestHarness: null

26-08-2024T22:41:34 - [TEST_STEP][PASSED] - openBrowser(testHarnessURL): Browser is opened with url: 'https://dev-algorithm.govolution.com/vrelaytest/QA2/version_2_2/vrelaytest.html'

26-08-2024T22:41:34 - [MESSAGE][INFO] - Starting 'Edge Chromium' driver

26-08-2024T22:41:34 - [MESSAGE][INFO] - User set preference: ['acceptInsecureCerts', 'true']

26-08-2024T22:41:36 - [MESSAGE][INFO] - Action delay is set to 0 milliseconds

26-08-2024T22:41:40 - [MESSAGE][PASSED] - Browser is opened with url: 'https://dev-algorithm.govolution.com/vrelaytest/QA2/version_2_2/vrelaytest.html'

26-08-2024T22:41:40 - [TEST_STEP][PASSED] - maximizeWindow(): Current window maximized

26-08-2024T22:41:40 - [MESSAGE][PASSED] - Current window maximized

26-08-2024T22:41:40 - [TEST_STEP][PASSED] - iwpPages.TestHarnessPage.setDataMethod(row, dataFile): iwpPages.TestHarnessPage.setDataMethod is PASSED

26-08-2024T22:41:40 - [MESSAGE][PASSED] - Object 'Object Repository/IWP30/Page_QATestHarness/RemittanceID' is present

26-08-2024T22:41:41 - [MESSAGE][PASSED] - Text '638' is set on object 'Object Repository/IWP30/Page_QATestHarness/ApplicationID'

26-08-2024T22:41:41 - [MESSAGE][PASSED] - Text '2.5' is set on object 'Object Repository/IWP30/Page_QATestHarness/MessageVersion'

26-08-2024T22:41:42 - [MESSAGE][PASSED] - Text '8tKJRBH3uwPA' is set on object 'Object Repository/IWP30/Page_QATestHarness/RemittanceID'

26-08-2024T22:41:45 - [MESSAGE][PASSED] - Object: 'Object Repository/IWP30/Page_QATestHarness/SubmitButton' is clicked on

26-08-2024T22:41:45 - [MESSAGE][PASSED] - iwpPages.TestHarnessPage.setDataMethod is PASSED

26-08-2024T22:41:45 - [TEST_STEP][PASSED] - check(findTestObject("Object Repository/IWP30/Page_SelectPaymentMethod/PayByCreditCard")): Object 'Object Repository/IWP30/Page_SelectPaymentMethod/PayByCreditCard' is checked

26-08-2024T22:41:46 - [MESSAGE][PASSED] - Object 'Object Repository/IWP30/Page_SelectPaymentMethod/PayByCreditCard' is checked

26-08-2024T22:41:46 - [TEST_STEP][PASSED] - click(findTestObject("Object Repository/IWP30/Page_SelectPaymentMethod/MakePaymentButton")): Object: 'Object Repository/IWP30/Page_SelectPaymentMethod/MakePaymentButton' is clicked on

26-08-2024T22:41:48 - [MESSAGE][PASSED] - Object: 'Object Repository/IWP30/Page_SelectPaymentMethod/MakePaymentButton' is clicked on

26-08-2024T22:41:48 - [TEST_STEP][FAILED] - iwpPages.ccPaymentEntryPage.setDataIWPCreditCard(row, dataFile): com.kms.katalon.core.exception.StepFailedException: Unable to set text (Root cause: com.kms.katalon.core.exception.StepFailedException: Unable to set text
	at com.kms.katalon.core.webui.keyword.internal.WebUIKeywordMain.stepFailed(WebUIKeywordMain.groovy:64)
	at com.kms.katalon.core.webui.keyword.internal.WebUIKeywordMain.runKeyword(WebUIKeywordMain.groovy:26)
	at com.kms.katalon.core.webui.keyword.builtin.SetTextKeyword.setText(SetTextKeyword.groovy:85)
	at com.kms.katalon.core.webui.keyword.builtin.SetTextKeyword.execute(SetTextKeyword.groovy:39)
	at com.kms.katalon.core.keyword.internal.KeywordExecutor.executeKeywordForPlatform(KeywordExecutor.groovy:74)
	at com.kms.katalon.core.webui.keyword.WebUiBuiltInKeywords.setText(WebUiBuiltInKeywords.groovy:1019)
	at iwpPages.ccPaymentEntryPage.setDataIWPCreditCard(ccPaymentEntryPage.groovy:435)
	at java.base/jdk.internal.reflect.NativeMethodAccessorImpl.invoke0(Native Method)
	at java.base/jdk.internal.reflect.NativeMethodAccessorImpl.invoke(NativeMethodAccessorImpl.java:77)
	at java.base/jdk.internal.reflect.DelegatingMethodAccessorImpl.invoke(DelegatingMethodAccessorImpl.java:43)
	at com.kms.katalon.core.main.CustomKeywordDelegatingMetaClass.invokeStaticMethod(CustomKeywordDelegatingMetaClass.java:55)
	at PayNowSuccesfulPaymentCC.run(PayNowSuccesfulPaymentCC:81)
	at com.kms.katalon.core.main.ScriptEngine.run(ScriptEngine.java:194)
	at com.kms.katalon.core.main.ScriptEngine.runScriptAsRawText(ScriptEngine.java:119)
	at com.kms.katalon.core.main.TestCaseExecutor.runScript(TestCaseExecutor.java:448)
	at com.kms.katalon.core.main.TestCaseExecutor.doExecute(TestCaseExecutor.java:439)
	at com.kms.katalon.core.main.TestCaseExecutor.processExecutionPhase(TestCaseExecutor.java:418)
	at com.kms.katalon.core.main.TestCaseExecutor.accessMainPhase(TestCaseExecutor.java:410)
	at com.kms.katalon.core.main.TestCaseExecutor.execute(TestCaseExecutor.java:285)
	at com.kms.katalon.core.common.CommonExecutor.accessTestCaseMainPhase(CommonExecutor.java:65)
	at com.kms.katalon.core.main.TestSuiteExecutor.accessTestSuiteMainPhase(TestSuiteExecutor.java:150)
	at com.kms.katalon.core.main.TestSuiteExecutor.execute(TestSuiteExecutor.java:106)
	at com.kms.katalon.core.main.TestCaseMain.startTestSuite(TestCaseMain.java:180)
	at TempTestSuite1724689884694.run(TempTestSuite1724689884694.groovy:35)
	at java.base/jdk.internal.reflect.NativeMethodAccessorImpl.invoke0(Native Method)
	at java.base/jdk.internal.reflect.NativeMethodAccessorImpl.invoke(NativeMethodAccessorImpl.java:77)
	at java.base/jdk.internal.reflect.DelegatingMethodAccessorImpl.invoke(DelegatingMethodAccessorImpl.java:43)
Caused by: java.lang.IllegalArgumentException: Object is null
	at com.kms.katalon.core.helper.KeywordHelper.checkTestObjectParameter(KeywordHelper.java:33)
	at com.kms.katalon.core.webui.keyword.builtin.SetTextKeyword$_setText_closure1.doCall(SetTextKeyword.groovy:47)
	at com.kms.katalon.core.webui.keyword.builtin.SetTextKeyword$_setText_closure1.call(SetTextKeyword.groovy)
	at com.kms.katalon.core.webui.keyword.internal.WebUIKeywordMain.runKeyword(WebUIKeywordMain.groovy:20)
	at com.kms.katalon.core.webui.keyword.builtin.SetTextKeyword.setText(SetTextKeyword.groovy:85)
	at com.kms.katalon.core.webui.keyword.builtin.SetTextKeyword.execute(SetTextKeyword.groovy:39)
	at com.kms.katalon.core.keyword.internal.KeywordExecutor.executeKeywordForPlatform(KeywordExecutor.groovy:74)
	at com.kms.katalon.core.webui.keyword.WebUiBuiltInKeywords.setText(WebUiBuiltInKeywords.groovy:1019)
	at iwpPages.ccPaymentEntryPage.setDataIWPCreditCard(ccPaymentEntryPage.groovy:435)
	at java.base/jdk.internal.reflect.NativeMethodAccessorImpl.invoke0(Native Method)
	at java.base/jdk.internal.reflect.NativeMethodAccessorImpl.invoke(NativeMethodAccessorImpl.java:77)
	at java.base/jdk.internal.reflect.DelegatingMethodAccessorImpl.invoke(DelegatingMethodAccessorImpl.java:43)
	at com.kms.katalon.core.main.CustomKeywordDelegatingMetaClass.invokeStaticMethod(CustomKeywordDelegatingMetaClass.java:55)
	at Script1723140349688.run(Script1723140349688.groovy:81)
	... 15 more
)

26-08-2024T22:41:49 - [MESSAGE][PASSED] - Object 'Object Repository/IWP30/Page_CCPaymentEntry/Name' is present

26-08-2024T22:41:50 - [MESSAGE][PASSED] - Text '10.50' is set on object 'Object Repository/IWP30/Page_CCPaymentEntry/Amount'

26-08-2024T22:41:50 - [MESSAGE][PASSED] - Text 'udf data 3' is set on object 'Object Repository/IWP30/Page_CCPaymentEntry/UserDefined3'

26-08-2024T22:41:50 - [MESSAGE][WARNING] - Test object with id 'Object Repository/IWP30/Page_CCPaymentEntry/UserDefined4' does not exist

26-08-2024T22:41:50 - [MESSAGE][WARNING] - Test object with id 'Object Repository/' does not exist

26-08-2024T22:41:51 - [MESSAGE][FAILED] - Unable to set text (Root cause: com.kms.katalon.core.exception.StepFailedException: Unable to set text
	at com.kms.katalon.core.webui.keyword.internal.WebUIKeywordMain.stepFailed(WebUIKeywordMain.groovy:64)
	at com.kms.katalon.core.webui.keyword.internal.WebUIKeywordMain.runKeyword(WebUIKeywordMain.groovy:26)
	at com.kms.katalon.core.webui.keyword.builtin.SetTextKeyword.setText(SetTextKeyword.groovy:85)
	at com.kms.katalon.core.webui.keyword.builtin.SetTextKeyword.execute(SetTextKeyword.groovy:39)
	at com.kms.katalon.core.keyword.internal.KeywordExecutor.executeKeywordForPlatform(KeywordExecutor.groovy:74)
	at com.kms.katalon.core.webui.keyword.WebUiBuiltInKeywords.setText(WebUiBuiltInKeywords.groovy:1019)
	at iwpPages.ccPaymentEntryPage.setDataIWPCreditCard(ccPaymentEntryPage.groovy:435)
	at java.base/jdk.internal.reflect.NativeMethodAccessorImpl.invoke0(Native Method)
	at java.base/jdk.internal.reflect.NativeMethodAccessorImpl.invoke(NativeMethodAccessorImpl.java:77)
	at java.base/jdk.internal.reflect.DelegatingMethodAccessorImpl.invoke(DelegatingMethodAccessorImpl.java:43)
	at com.kms.katalon.core.main.CustomKeywordDelegatingMetaClass.invokeStaticMethod(CustomKeywordDelegatingMetaClass.java:55)
	at PayNowSuccesfulPaymentCC.run(PayNowSuccesfulPaymentCC:81)
	at com.kms.katalon.core.main.ScriptEngine.run(ScriptEngine.java:194)
	at com.kms.katalon.core.main.ScriptEngine.runScriptAsRawText(ScriptEngine.java:119)
	at com.kms.katalon.core.main.TestCaseExecutor.runScript(TestCaseExecutor.java:448)
	at com.kms.katalon.core.main.TestCaseExecutor.doExecute(TestCaseExecutor.java:439)
	at com.kms.katalon.core.main.TestCaseExecutor.processExecutionPhase(TestCaseExecutor.java:418)
	at com.kms.katalon.core.main.TestCaseExecutor.accessMainPhase(TestCaseExecutor.java:410)
	at com.kms.katalon.core.main.TestCaseExecutor.execute(TestCaseExecutor.java:285)
	at com.kms.katalon.core.common.CommonExecutor.accessTestCaseMainPhase(CommonExecutor.java:65)
	at com.kms.katalon.core.main.TestSuiteExecutor.accessTestSuiteMainPhase(TestSuiteExecutor.java:150)
	at com.kms.katalon.core.main.TestSuiteExecutor.execute(TestSuiteExecutor.java:106)
	at com.kms.katalon.core.main.TestCaseMain.startTestSuite(TestCaseMain.java:180)
	at TempTestSuite1724689884694.run(TempTestSuite1724689884694.groovy:35)
	at java.base/jdk.internal.reflect.NativeMethodAccessorImpl.invoke0(Native Method)
	at java.base/jdk.internal.reflect.NativeMethodAccessorImpl.invoke(NativeMethodAccessorImpl.java:77)
	at java.base/jdk.internal.reflect.DelegatingMethodAccessorImpl.invoke(DelegatingMethodAccessorImpl.java:43)
Caused by: java.lang.IllegalArgumentException: Object is null
	at com.kms.katalon.core.helper.KeywordHelper.checkTestObjectParameter(KeywordHelper.java:33)
	at com.kms.katalon.core.webui.keyword.builtin.SetTextKeyword$_setText_closure1.doCall(SetTextKeyword.groovy:47)
	at com.kms.katalon.core.webui.keyword.builtin.SetTextKeyword$_setText_closure1.call(SetTextKeyword.groovy)
	at com.kms.katalon.core.webui.keyword.internal.WebUIKeywordMain.runKeyword(WebUIKeywordMain.groovy:20)
	at com.kms.katalon.core.webui.keyword.builtin.SetTextKeyword.setText(SetTextKeyword.groovy:85)
	at com.kms.katalon.core.webui.keyword.builtin.SetTextKeyword.execute(SetTextKeyword.groovy:39)
	at com.kms.katalon.core.keyword.internal.KeywordExecutor.executeKeywordForPlatform(KeywordExecutor.groovy:74)
	at com.kms.katalon.core.webui.keyword.WebUiBuiltInKeywords.setText(WebUiBuiltInKeywords.groovy:1019)
	at iwpPages.ccPaymentEntryPage.setDataIWPCreditCard(ccPaymentEntryPage.groovy:435)
	at java.base/jdk.internal.reflect.NativeMethodAccessorImpl.invoke0(Native Method)
	at java.base/jdk.internal.reflect.NativeMethodAccessorImpl.invoke(NativeMethodAccessorImpl.java:77)
	at java.base/jdk.internal.reflect.DelegatingMethodAccessorImpl.invoke(DelegatingMethodAccessorImpl.java:43)
	at com.kms.katalon.core.main.CustomKeywordDelegatingMetaClass.invokeStaticMethod(CustomKeywordDelegatingMetaClass.java:55)
	at Script1723140349688.run(Script1723140349688.groovy:81)
	... 15 more
)
[[ATTACHMENT|C:\\Users\\t476046\\Documents\\katalon\\VPS-Katalon\\Reports\\20240826_220124\\QA\\IWP2.5\\QA_IWP2.5_Regression\\20240826_220124\\1724692310981.png]]

26-08-2024T22:41:51 - [MESSAGE][WARNING] - Test object with id 'Object Repository/IWP30/Page_CCPaymentEntry/UserDefined5' does not exist

26-08-2024T22:41:51 - [MESSAGE][WARNING] - Test object with id 'Object Repository/' does not exist

26-08-2024T22:41:51 - [MESSAGE][FAILED] - Unable to set text (Root cause: com.kms.katalon.core.exception.StepFailedException: Unable to set text
	at com.kms.katalon.core.webui.keyword.internal.WebUIKeywordMain.stepFailed(WebUIKeywordMain.groovy:64)
	at com.kms.katalon.core.webui.keyword.internal.WebUIKeywordMain.runKeyword(WebUIKeywordMain.groovy:26)
	at com.kms.katalon.core.webui.keyword.builtin.SetTextKeyword.setText(SetTextKeyword.groovy:85)
	at com.kms.katalon.core.webui.keyword.builtin.SetTextKeyword.execute(SetTextKeyword.groovy:39)
	at com.kms.katalon.core.keyword.internal.KeywordExecutor.executeKeywordForPlatform(KeywordExecutor.groovy:74)
	at com.kms.katalon.core.webui.keyword.WebUiBuiltInKeywords.setText(WebUiBuiltInKeywords.groovy:1019)
	at iwpPages.ccPaymentEntryPage.setDataIWPCreditCard(ccPaymentEntryPage.groovy:442)
	at java.base/jdk.internal.reflect.NativeMethodAccessorImpl.invoke0(Native Method)
	at java.base/jdk.internal.reflect.NativeMethodAccessorImpl.invoke(NativeMethodAccessorImpl.java:77)
	at java.base/jdk.internal.reflect.DelegatingMethodAccessorImpl.invoke(DelegatingMethodAccessorImpl.java:43)
	at com.kms.katalon.core.main.CustomKeywordDelegatingMetaClass.invokeStaticMethod(CustomKeywordDelegatingMetaClass.java:55)
	at PayNowSuccesfulPaymentCC.run(PayNowSuccesfulPaymentCC:81)
	at com.kms.katalon.core.main.ScriptEngine.run(ScriptEngine.java:194)
	at com.kms.katalon.core.main.ScriptEngine.runScriptAsRawText(ScriptEngine.java:119)
	at com.kms.katalon.core.main.TestCaseExecutor.runScript(TestCaseExecutor.java:448)
	at com.kms.katalon.core.main.TestCaseExecutor.doExecute(TestCaseExecutor.java:439)
	at com.kms.katalon.core.main.TestCaseExecutor.processExecutionPhase(TestCaseExecutor.java:418)
	at com.kms.katalon.core.main.TestCaseExecutor.accessMainPhase(TestCaseExecutor.java:410)
	at com.kms.katalon.core.main.TestCaseExecutor.execute(TestCaseExecutor.java:285)
	at com.kms.katalon.core.common.CommonExecutor.accessTestCaseMainPhase(CommonExecutor.java:65)
	at com.kms.katalon.core.main.TestSuiteExecutor.accessTestSuiteMainPhase(TestSuiteExecutor.java:150)
	at com.kms.katalon.core.main.TestSuiteExecutor.execute(TestSuiteExecutor.java:106)
	at com.kms.katalon.core.main.TestCaseMain.startTestSuite(TestCaseMain.java:180)
	at TempTestSuite1724689884694.run(TempTestSuite1724689884694.groovy:35)
	at java.base/jdk.internal.reflect.NativeMethodAccessorImpl.invoke0(Native Method)
	at java.base/jdk.internal.reflect.NativeMethodAccessorImpl.invoke(NativeMethodAccessorImpl.java:77)
	at java.base/jdk.internal.reflect.DelegatingMethodAccessorImpl.invoke(DelegatingMethodAccessorImpl.java:43)
Caused by: java.lang.IllegalArgumentException: Object is null
	at com.kms.katalon.core.helper.KeywordHelper.checkTestObjectParameter(KeywordHelper.java:33)
	at com.kms.katalon.core.webui.keyword.builtin.SetTextKeyword$_setText_closure1.doCall(SetTextKeyword.groovy:47)
	at com.kms.katalon.core.webui.keyword.builtin.SetTextKeyword$_setText_closure1.call(SetTextKeyword.groovy)
	at com.kms.katalon.core.webui.keyword.internal.WebUIKeywordMain.runKeyword(WebUIKeywordMain.groovy:20)
	at com.kms.katalon.core.webui.keyword.builtin.SetTextKeyword.setText(SetTextKeyword.groovy:85)
	at com.kms.katalon.core.webui.keyword.builtin.SetTextKeyword.execute(SetTextKeyword.groovy:39)
	at com.kms.katalon.core.keyword.internal.KeywordExecutor.executeKeywordForPlatform(KeywordExecutor.groovy:74)
	at com.kms.katalon.core.webui.keyword.WebUiBuiltInKeywords.setText(WebUiBuiltInKeywords.groovy:1019)
	at iwpPages.ccPaymentEntryPage.setDataIWPCreditCard(ccPaymentEntryPage.groovy:442)
	at java.base/jdk.internal.reflect.NativeMethodAccessorImpl.invoke0(Native Method)
	at java.base/jdk.internal.reflect.NativeMethodAccessorImpl.invoke(NativeMethodAccessorImpl.java:77)
	at java.base/jdk.internal.reflect.DelegatingMethodAccessorImpl.invoke(DelegatingMethodAccessorImpl.java:43)
	at com.kms.katalon.core.main.CustomKeywordDelegatingMetaClass.invokeStaticMethod(CustomKeywordDelegatingMetaClass.java:55)
	at Script1723140349688.run(Script1723140349688.groovy:81)
	... 15 more
)
[[ATTACHMENT|C:\\Users\\t476046\\Documents\\katalon\\VPS-Katalon\\Reports\\20240826_220124\\QA\\IWP2.5\\QA_IWP2.5_Regression\\20240826_220124\\1724692311201.png]]

26-08-2024T22:42:22 - [MESSAGE][INFO] - Unable to find the element located by 'By.xpath: //*[@name = 'variableField8DropdownGroupItemID' and @alt = 'UDF8 Label tabindex=' and (text() = '--Select One--TennisSoccer' or . = '--Select One--TennisSoccer')]'. Please recheck the objects properties to make sure the desired element is located. 

26-08-2024T22:42:22 - [MESSAGE][WARNING] - [SELF-HEALING] Failed to find element with id 'Object Repository/IWP30/Page_CCPaymentEntry/UserDefined8'. Try using Self-healing.

26-08-2024T22:42:22 - [MESSAGE][WARNING] - [SELF-HEALING] The current locator of test object 'Object Repository/IWP30/Page_CCPaymentEntry/UserDefined8' was broken. Propose an alternative one: '//select[@name='variableField8DropdownGroupItemID']'.

26-08-2024T22:42:22 - [MESSAGE][PASSED] - All options with label 'Soccer' are selected in object 'Object Repository/IWP30/Page_CCPaymentEntry/UserDefined8' 

26-08-2024T22:42:22 - [MESSAGE][WARNING] - Test object with id 'Object Repository/IWP30/Page_CCPaymentEntry/UserDefined9' does not exist

26-08-2024T22:42:22 - [MESSAGE][WARNING] - Test object with id 'Object Repository/' does not exist

26-08-2024T22:42:23 - [MESSAGE][FAILED] - Unable to select option by label  (Root cause: com.kms.katalon.core.exception.StepFailedException: Unable to select option by label 
	at com.kms.katalon.core.webui.keyword.internal.WebUIKeywordMain.stepFailed(WebUIKeywordMain.groovy:64)
	at com.kms.katalon.core.webui.keyword.internal.WebUIKeywordMain.runKeyword(WebUIKeywordMain.groovy:26)
	at com.kms.katalon.core.webui.keyword.builtin.SelectOptionByLabelKeyword.selectOptionByLabel(SelectOptionByLabelKeyword.groovy:98)
	at com.kms.katalon.core.webui.keyword.builtin.SelectOptionByLabelKeyword.execute(SelectOptionByLabelKeyword.groovy:71)
	at com.kms.katalon.core.keyword.internal.KeywordExecutor.executeKeywordForPlatform(KeywordExecutor.groovy:74)
	at com.kms.katalon.core.webui.keyword.WebUiBuiltInKeywords.selectOptionByLabel(WebUiBuiltInKeywords.groovy:1269)
	at iwpPages.ccPaymentEntryPage.setDataIWPCreditCard(ccPaymentEntryPage.groovy:474)
	at java.base/jdk.internal.reflect.NativeMethodAccessorImpl.invoke0(Native Method)
	at java.base/jdk.internal.reflect.NativeMethodAccessorImpl.invoke(NativeMethodAccessorImpl.java:77)
	at java.base/jdk.internal.reflect.DelegatingMethodAccessorImpl.invoke(DelegatingMethodAccessorImpl.java:43)
	at com.kms.katalon.core.main.CustomKeywordDelegatingMetaClass.invokeStaticMethod(CustomKeywordDelegatingMetaClass.java:55)
	at PayNowSuccesfulPaymentCC.run(PayNowSuccesfulPaymentCC:81)
	at com.kms.katalon.core.main.ScriptEngine.run(ScriptEngine.java:194)
	at com.kms.katalon.core.main.ScriptEngine.runScriptAsRawText(ScriptEngine.java:119)
	at com.kms.katalon.core.main.TestCaseExecutor.runScript(TestCaseExecutor.java:448)
	at com.kms.katalon.core.main.TestCaseExecutor.doExecute(TestCaseExecutor.java:439)
	at com.kms.katalon.core.main.TestCaseExecutor.processExecutionPhase(TestCaseExecutor.java:418)
	at com.kms.katalon.core.main.TestCaseExecutor.accessMainPhase(TestCaseExecutor.java:410)
	at com.kms.katalon.core.main.TestCaseExecutor.execute(TestCaseExecutor.java:285)
	at com.kms.katalon.core.common.CommonExecutor.accessTestCaseMainPhase(CommonExecutor.java:65)
	at com.kms.katalon.core.main.TestSuiteExecutor.accessTestSuiteMainPhase(TestSuiteExecutor.java:150)
	at com.kms.katalon.core.main.TestSuiteExecutor.execute(TestSuiteExecutor.java:106)
	at com.kms.katalon.core.main.TestCaseMain.startTestSuite(TestCaseMain.java:180)
	at TempTestSuite1724689884694.run(TempTestSuite1724689884694.groovy:35)
	at java.base/jdk.internal.reflect.NativeMethodAccessorImpl.invoke0(Native Method)
	at java.base/jdk.internal.reflect.NativeMethodAccessorImpl.invoke(NativeMethodAccessorImpl.java:77)
	at java.base/jdk.internal.reflect.DelegatingMethodAccessorImpl.invoke(DelegatingMethodAccessorImpl.java:43)
Caused by: java.lang.IllegalArgumentException: Object is null
	at com.kms.katalon.core.helper.KeywordHelper.checkTestObjectParameter(KeywordHelper.java:33)
	at com.kms.katalon.core.webui.keyword.builtin.SelectOptionByLabelKeyword$_selectOptionByLabel_closure1.doCall(SelectOptionByLabelKeyword.groovy:80)
	at com.kms.katalon.core.webui.keyword.builtin.SelectOptionByLabelKeyword$_selectOptionByLabel_closure1.call(SelectOptionByLabelKeyword.groovy)
	at com.kms.katalon.core.webui.keyword.internal.WebUIKeywordMain.runKeyword(WebUIKeywordMain.groovy:20)
	at com.kms.katalon.core.webui.keyword.builtin.SelectOptionByLabelKeyword.selectOptionByLabel(SelectOptionByLabelKeyword.groovy:98)
	at com.kms.katalon.core.webui.keyword.builtin.SelectOptionByLabelKeyword.execute(SelectOptionByLabelKeyword.groovy:71)
	at com.kms.katalon.core.keyword.internal.KeywordExecutor.executeKeywordForPlatform(KeywordExecutor.groovy:74)
	at com.kms.katalon.core.webui.keyword.WebUiBuiltInKeywords.selectOptionByLabel(WebUiBuiltInKeywords.groovy:1269)
	at iwpPages.ccPaymentEntryPage.setDataIWPCreditCard(ccPaymentEntryPage.groovy:474)
	at java.base/jdk.internal.reflect.NativeMethodAccessorImpl.invoke0(Native Method)
	at java.base/jdk.internal.reflect.NativeMethodAccessorImpl.invoke(NativeMethodAccessorImpl.java:77)
	at java.base/jdk.internal.reflect.DelegatingMethodAccessorImpl.invoke(DelegatingMethodAccessorImpl.java:43)
	at com.kms.katalon.core.main.CustomKeywordDelegatingMetaClass.invokeStaticMethod(CustomKeywordDelegatingMetaClass.java:55)
	at Script1723140349688.run(Script1723140349688.groovy:81)
	... 15 more
)
[[ATTACHMENT|C:\\Users\\t476046\\Documents\\katalon\\VPS-Katalon\\Reports\\20240826_220124\\QA\\IWP2.5\\QA_IWP2.5_Regression\\20240826_220124\\1724692342999.png]]

26-08-2024T22:42:23 - [MESSAGE][WARNING] - Test object with id 'Object Repository/IWP30/Page_CCPaymentEntry/UserDefined10' does not exist

26-08-2024T22:42:23 - [MESSAGE][WARNING] - Test object with id 'Object Repository/' does not exist

26-08-2024T22:42:23 - [MESSAGE][FAILED] - Unable to select option by label  (Root cause: com.kms.katalon.core.exception.StepFailedException: Unable to select option by label 
	at com.kms.katalon.core.webui.keyword.internal.WebUIKeywordMain.stepFailed(WebUIKeywordMain.groovy:64)
	at com.kms.katalon.core.webui.keyword.internal.WebUIKeywordMain.runKeyword(WebUIKeywordMain.groovy:26)
	at com.kms.katalon.core.webui.keyword.builtin.SelectOptionByLabelKeyword.selectOptionByLabel(SelectOptionByLabelKeyword.groovy:98)
	at com.kms.katalon.core.webui.keyword.builtin.SelectOptionByLabelKeyword.execute(SelectOptionByLabelKeyword.groovy:71)
	at com.kms.katalon.core.keyword.internal.KeywordExecutor.executeKeywordForPlatform(KeywordExecutor.groovy:74)
	at com.kms.katalon.core.webui.keyword.WebUiBuiltInKeywords.selectOptionByLabel(WebUiBuiltInKeywords.groovy:1269)
	at iwpPages.ccPaymentEntryPage.setDataIWPCreditCard(ccPaymentEntryPage.groovy:481)
	at java.base/jdk.internal.reflect.NativeMethodAccessorImpl.invoke0(Native Method)
	at java.base/jdk.internal.reflect.NativeMethodAccessorImpl.invoke(NativeMethodAccessorImpl.java:77)
	at java.base/jdk.internal.reflect.DelegatingMethodAccessorImpl.invoke(DelegatingMethodAccessorImpl.java:43)
	at com.kms.katalon.core.main.CustomKeywordDelegatingMetaClass.invokeStaticMethod(CustomKeywordDelegatingMetaClass.java:55)
	at PayNowSuccesfulPaymentCC.run(PayNowSuccesfulPaymentCC:81)
	at com.kms.katalon.core.main.ScriptEngine.run(ScriptEngine.java:194)
	at com.kms.katalon.core.main.ScriptEngine.runScriptAsRawText(ScriptEngine.java:119)
	at com.kms.katalon.core.main.TestCaseExecutor.runScript(TestCaseExecutor.java:448)
	at com.kms.katalon.core.main.TestCaseExecutor.doExecute(TestCaseExecutor.java:439)
	at com.kms.katalon.core.main.TestCaseExecutor.processExecutionPhase(TestCaseExecutor.java:418)
	at com.kms.katalon.core.main.TestCaseExecutor.accessMainPhase(TestCaseExecutor.java:410)
	at com.kms.katalon.core.main.TestCaseExecutor.execute(TestCaseExecutor.java:285)
	at com.kms.katalon.core.common.CommonExecutor.accessTestCaseMainPhase(CommonExecutor.java:65)
	at com.kms.katalon.core.main.TestSuiteExecutor.accessTestSuiteMainPhase(TestSuiteExecutor.java:150)
	at com.kms.katalon.core.main.TestSuiteExecutor.execute(TestSuiteExecutor.java:106)
	at com.kms.katalon.core.main.TestCaseMain.startTestSuite(TestCaseMain.java:180)
	at TempTestSuite1724689884694.run(TempTestSuite1724689884694.groovy:35)
	at java.base/jdk.internal.reflect.NativeMethodAccessorImpl.invoke0(Native Method)
	at java.base/jdk.internal.reflect.NativeMethodAccessorImpl.invoke(NativeMethodAccessorImpl.java:77)
	at java.base/jdk.internal.reflect.DelegatingMethodAccessorImpl.invoke(DelegatingMethodAccessorImpl.java:43)
Caused by: java.lang.IllegalArgumentException: Object is null
	at com.kms.katalon.core.helper.KeywordHelper.checkTestObjectParameter(KeywordHelper.java:33)
	at com.kms.katalon.core.webui.keyword.builtin.SelectOptionByLabelKeyword$_selectOptionByLabel_closure1.doCall(SelectOptionByLabelKeyword.groovy:80)
	at com.kms.katalon.core.webui.keyword.builtin.SelectOptionByLabelKeyword$_selectOptionByLabel_closure1.call(SelectOptionByLabelKeyword.groovy)
	at com.kms.katalon.core.webui.keyword.internal.WebUIKeywordMain.runKeyword(WebUIKeywordMain.groovy:20)
	at com.kms.katalon.core.webui.keyword.builtin.SelectOptionByLabelKeyword.selectOptionByLabel(SelectOptionByLabelKeyword.groovy:98)
	at com.kms.katalon.core.webui.keyword.builtin.SelectOptionByLabelKeyword.execute(SelectOptionByLabelKeyword.groovy:71)
	at com.kms.katalon.core.keyword.internal.KeywordExecutor.executeKeywordForPlatform(KeywordExecutor.groovy:74)
	at com.kms.katalon.core.webui.keyword.WebUiBuiltInKeywords.selectOptionByLabel(WebUiBuiltInKeywords.groovy:1269)
	at iwpPages.ccPaymentEntryPage.setDataIWPCreditCard(ccPaymentEntryPage.groovy:481)
	at java.base/jdk.internal.reflect.NativeMethodAccessorImpl.invoke0(Native Method)
	at java.base/jdk.internal.reflect.NativeMethodAccessorImpl.invoke(NativeMethodAccessorImpl.java:77)
	at java.base/jdk.internal.reflect.DelegatingMethodAccessorImpl.invoke(DelegatingMethodAccessorImpl.java:43)
	at com.kms.katalon.core.main.CustomKeywordDelegatingMetaClass.invokeStaticMethod(CustomKeywordDelegatingMetaClass.java:55)
	at Script1723140349688.run(Script1723140349688.groovy:81)
	... 15 more
)
[[ATTACHMENT|C:\\Users\\t476046\\Documents\\katalon\\VPS-Katalon\\Reports\\20240826_220124\\QA\\IWP2.5\\QA_IWP2.5_Regression\\20240826_220124\\1724692343208.png]]

26-08-2024T22:42:24 - [MESSAGE][PASSED] - Text 'Shakuntla Devi' is set on object 'Object Repository/IWP30/Page_CCPaymentEntry/Name'

26-08-2024T22:42:24 - [MESSAGE][PASSED] - Text '5146312200000035' is set on object 'Object Repository/IWP30/Page_CCPaymentEntry/CardNumber'

26-08-2024T22:42:25 - [MESSAGE][PASSED] - Text '123' is set on object 'Object Repository/IWP30/Page_CCPaymentEntry/SPC'

26-08-2024T22:42:26 - [MESSAGE][PASSED] - All options with label '09' are selected in object 'Object Repository/IWP30/Page_CCPaymentEntry/Month' 

26-08-2024T22:42:26 - [MESSAGE][PASSED] - All options with label '2028' are selected in object 'Object Repository/IWP30/Page_CCPaymentEntry/Year' 

26-08-2024T22:42:27 - [MESSAGE][PASSED] - Text '365 Main Avenue' is set on object 'Object Repository/IWP30/Page_CCPaymentEntry/AL1'

26-08-2024T22:42:28 - [MESSAGE][PASSED] - Text '22201' is set on object 'Object Repository/IWP30/Page_CCPaymentEntry/ZIP'

26-08-2024T22:42:29 - [MESSAGE][PASSED] - Text 'iahmed@govolution.com' is set on object 'Object Repository/IWP30/Page_CCPaymentEntry/EmailAddress'

26-08-2024T22:42:29 - [MESSAGE][PASSED] - Object 'Object Repository/IWP30/Page_CCPaymentEntry/TermCondCheckBox' is present

26-08-2024T22:42:29 - [MESSAGE][PASSED] - Object 'Object Repository/IWP30/Page_CCPaymentEntry/TermCondCheckBox' is checked

26-08-2024T22:42:30 - [MESSAGE][PASSED] - Object 'Object Repository/IWP30/Page_CCPaymentEntry/ContinueButton' is present

26-08-2024T22:42:31 - [MESSAGE][PASSED] - Object: 'Object Repository/IWP30/Page_CCPaymentEntry/ContinueButton' is clicked on

26-08-2024T22:42:31 - [MESSAGE][FAILED] - com.kms.katalon.core.exception.StepFailedException: Unable to set text (Root cause: com.kms.katalon.core.exception.StepFailedException: Unable to set text
	at com.kms.katalon.core.webui.keyword.internal.WebUIKeywordMain.stepFailed(WebUIKeywordMain.groovy:64)
	at com.kms.katalon.core.webui.keyword.internal.WebUIKeywordMain.runKeyword(WebUIKeywordMain.groovy:26)
	at com.kms.katalon.core.webui.keyword.builtin.SetTextKeyword.setText(SetTextKeyword.groovy:85)
	at com.kms.katalon.core.webui.keyword.builtin.SetTextKeyword.execute(SetTextKeyword.groovy:39)
	at com.kms.katalon.core.keyword.internal.KeywordExecutor.executeKeywordForPlatform(KeywordExecutor.groovy:74)
	at com.kms.katalon.core.webui.keyword.WebUiBuiltInKeywords.setText(WebUiBuiltInKeywords.groovy:1019)
	at iwpPages.ccPaymentEntryPage.setDataIWPCreditCard(ccPaymentEntryPage.groovy:435)
	at java.base/jdk.internal.reflect.NativeMethodAccessorImpl.invoke0(Native Method)
	at java.base/jdk.internal.reflect.NativeMethodAccessorImpl.invoke(NativeMethodAccessorImpl.java:77)
	at java.base/jdk.internal.reflect.DelegatingMethodAccessorImpl.invoke(DelegatingMethodAccessorImpl.java:43)
	at com.kms.katalon.core.main.CustomKeywordDelegatingMetaClass.invokeStaticMethod(CustomKeywordDelegatingMetaClass.java:55)
	at PayNowSuccesfulPaymentCC.run(PayNowSuccesfulPaymentCC:81)
	at com.kms.katalon.core.main.ScriptEngine.run(ScriptEngine.java:194)
	at com.kms.katalon.core.main.ScriptEngine.runScriptAsRawText(ScriptEngine.java:119)
	at com.kms.katalon.core.main.TestCaseExecutor.runScript(TestCaseExecutor.java:448)
	at com.kms.katalon.core.main.TestCaseExecutor.doExecute(TestCaseExecutor.java:439)
	at com.kms.katalon.core.main.TestCaseExecutor.processExecutionPhase(TestCaseExecutor.java:418)
	at com.kms.katalon.core.main.TestCaseExecutor.accessMainPhase(TestCaseExecutor.java:410)
	at com.kms.katalon.core.main.TestCaseExecutor.execute(TestCaseExecutor.java:285)
	at com.kms.katalon.core.common.CommonExecutor.accessTestCaseMainPhase(CommonExecutor.java:65)
	at com.kms.katalon.core.main.TestSuiteExecutor.accessTestSuiteMainPhase(TestSuiteExecutor.java:150)
	at com.kms.katalon.core.main.TestSuiteExecutor.execute(TestSuiteExecutor.java:106)
	at com.kms.katalon.core.main.TestCaseMain.startTestSuite(TestCaseMain.java:180)
	at TempTestSuite1724689884694.run(TempTestSuite1724689884694.groovy:35)
	at java.base/jdk.internal.reflect.NativeMethodAccessorImpl.invoke0(Native Method)
	at java.base/jdk.internal.reflect.NativeMethodAccessorImpl.invoke(NativeMethodAccessorImpl.java:77)
	at java.base/jdk.internal.reflect.DelegatingMethodAccessorImpl.invoke(DelegatingMethodAccessorImpl.java:43)
Caused by: java.lang.IllegalArgumentException: Object is null
	at com.kms.katalon.core.helper.KeywordHelper.checkTestObjectParameter(KeywordHelper.java:33)
	at com.kms.katalon.core.webui.keyword.builtin.SetTextKeyword$_setText_closure1.doCall(SetTextKeyword.groovy:47)
	at com.kms.katalon.core.webui.keyword.builtin.SetTextKeyword$_setText_closure1.call(SetTextKeyword.groovy)
	at com.kms.katalon.core.webui.keyword.internal.WebUIKeywordMain.runKeyword(WebUIKeywordMain.groovy:20)
	at com.kms.katalon.core.webui.keyword.builtin.SetTextKeyword.setText(SetTextKeyword.groovy:85)
	at com.kms.katalon.core.webui.keyword.builtin.SetTextKeyword.execute(SetTextKeyword.groovy:39)
	at com.kms.katalon.core.keyword.internal.KeywordExecutor.executeKeywordForPlatform(KeywordExecutor.groovy:74)
	at com.kms.katalon.core.webui.keyword.WebUiBuiltInKeywords.setText(WebUiBuiltInKeywords.groovy:1019)
	at iwpPages.ccPaymentEntryPage.setDataIWPCreditCard(ccPaymentEntryPage.groovy:435)
	at java.base/jdk.internal.reflect.NativeMethodAccessorImpl.invoke0(Native Method)
	at java.base/jdk.internal.reflect.NativeMethodAccessorImpl.invoke(NativeMethodAccessorImpl.java:77)
	at java.base/jdk.internal.reflect.DelegatingMethodAccessorImpl.invoke(DelegatingMethodAccessorImpl.java:43)
	at com.kms.katalon.core.main.CustomKeywordDelegatingMetaClass.invokeStaticMethod(CustomKeywordDelegatingMetaClass.java:55)
	at Script1723140349688.run(Script1723140349688.groovy:81)
	... 15 more
)

26-08-2024T22:42:31 - [TEST_STEP][PASSED] - click(findTestObject("Object Repository/IWP30/Page_Confirmation/ConfirmButton")): Object: 'Object Repository/IWP30/Page_Confirmation/ConfirmButton' is clicked on

26-08-2024T22:42:33 - [MESSAGE][PASSED] - Object: 'Object Repository/IWP30/Page_Confirmation/ConfirmButton' is clicked on

26-08-2024T22:42:33 - [TEST_STEP][PASSED] - Thread.sleep(10000): null

26-08-2024T22:42:43 - [TEST_STEP][PASSED] - Thread.sleep(10000): null

26-08-2024T22:42:53 - [TEST_STEP][PASSED] - if (verifyTextPresent("Successful Payment Receipt", false)): null

26-08-2024T22:42:53 - [MESSAGE][PASSED] - Text 'Successful Payment Receipt' is present on page 

26-08-2024T22:42:53 - [TEST_STEP][PASSED] - println("Successful Payment Receipt text is present on the Receipt page"): null

26-08-2024T22:42:53 - [TEST_STEP][PASSED] - markPassed("Successful Payment Receipt text is present on the Receipt page"): Successful Payment Receipt text is present on the Receipt page

26-08-2024T22:42:53 - [MESSAGE][PASSED] - Successful Payment Receipt text is present on the Receipt page

26-08-2024T22:42:53 - [TEST_STEP][PASSED] - resText = "Pass": null

26-08-2024T22:42:53 - [TEST_STEP][PASSED] - pages.WriteExcel.demoKey(resText, datText, resColumn, datCloumn, fileLoc, nameSheet, row): pages.WriteExcel.demoKey is PASSED

26-08-2024T22:42:53 - [MESSAGE][PASSED] - pages.WriteExcel.demoKey is PASSED]]></system-out>
         <system-err><![CDATA[26-08-2024T22:35:24 - [TEST_CASE][FAILED] - Test Cases/IntegratedWeb/IWP25/Payments/PayNowSuccesfulPaymentCC: Test Cases/IntegratedWeb/IWP25/Payments/PayNowSuccesfulPaymentCC FAILED.
Reason:
com.kms.katalon.core.exception.StepFailedException: Text 'Successful Payment Receipt' is not present on page  (Root cause: com.kms.katalon.core.exception.StepFailedException: Text 'Successful Payment Receipt' is not present on page 
	at com.kms.katalon.core.webui.keyword.internal.WebUIKeywordMain.stepFailed(WebUIKeywordMain.groovy:64)
	at com.kms.katalon.core.webui.keyword.builtin.VerifyTextPresentKeyword$_verifyTextPresent_closure1.doCall(VerifyTextPresentKeyword.groovy:79)
	at com.kms.katalon.core.webui.keyword.builtin.VerifyTextPresentKeyword$_verifyTextPresent_closure1.call(VerifyTextPresentKeyword.groovy)
	at com.kms.katalon.core.webui.keyword.internal.WebUIKeywordMain.runKeyword(WebUIKeywordMain.groovy:20)
	at com.kms.katalon.core.webui.keyword.builtin.VerifyTextPresentKeyword.verifyTextPresent(VerifyTextPresentKeyword.groovy:83)
	at com.kms.katalon.core.webui.keyword.builtin.VerifyTextPresentKeyword.execute(VerifyTextPresentKeyword.groovy:68)
	at com.kms.katalon.core.keyword.internal.KeywordExecutor.executeKeywordForPlatform(KeywordExecutor.groovy:74)
	at com.kms.katalon.core.webui.keyword.WebUiBuiltInKeywords.verifyTextPresent(WebUiBuiltInKeywords.groovy:1762)
	at PayNowSuccesfulPaymentCC.run(PayNowSuccesfulPaymentCC:94)
	at com.kms.katalon.core.main.ScriptEngine.run(ScriptEngine.java:194)
	at com.kms.katalon.core.main.ScriptEngine.runScriptAsRawText(ScriptEngine.java:119)
	at com.kms.katalon.core.main.TestCaseExecutor.runScript(TestCaseExecutor.java:448)
	at com.kms.katalon.core.main.TestCaseExecutor.doExecute(TestCaseExecutor.java:439)
	at com.kms.katalon.core.main.TestCaseExecutor.processExecutionPhase(TestCaseExecutor.java:418)
	at com.kms.katalon.core.main.TestCaseExecutor.accessMainPhase(TestCaseExecutor.java:410)
	at com.kms.katalon.core.main.TestCaseExecutor.execute(TestCaseExecutor.java:285)
	at com.kms.katalon.core.common.CommonExecutor.accessTestCaseMainPhase(CommonExecutor.java:65)
	at com.kms.katalon.core.main.TestSuiteExecutor.accessTestSuiteMainPhase(TestSuiteExecutor.java:150)
	at com.kms.katalon.core.main.TestSuiteExecutor.execute(TestSuiteExecutor.java:106)
	at com.kms.katalon.core.main.TestCaseMain.startTestSuite(TestCaseMain.java:180)
	at TempTestSuite1724689884694.run(TempTestSuite1724689884694.groovy:35)
	at java.base/jdk.internal.reflect.NativeMethodAccessorImpl.invoke0(Native Method)
	at java.base/jdk.internal.reflect.NativeMethodAccessorImpl.invoke(NativeMethodAccessorImpl.java:77)
	at java.base/jdk.internal.reflect.DelegatingMethodAccessorImpl.invoke(DelegatingMethodAccessorImpl.java:43)
)
	at com.kms.katalon.core.keyword.internal.KeywordMain.stepFailed(KeywordMain.groovy:39)
	at com.kms.katalon.core.webui.keyword.internal.WebUIKeywordMain.stepFailed(WebUIKeywordMain.groovy:64)
	at com.kms.katalon.core.webui.keyword.builtin.VerifyTextPresentKeyword$_verifyTextPresent_closure1.doCall(VerifyTextPresentKeyword.groovy:79)
	at com.kms.katalon.core.webui.keyword.builtin.VerifyTextPresentKeyword$_verifyTextPresent_closure1.call(VerifyTextPresentKeyword.groovy)
	at com.kms.katalon.core.webui.keyword.internal.WebUIKeywordMain.runKeyword(WebUIKeywordMain.groovy:20)
	at com.kms.katalon.core.webui.keyword.builtin.VerifyTextPresentKeyword.verifyTextPresent(VerifyTextPresentKeyword.groovy:83)
	at com.kms.katalon.core.webui.keyword.builtin.VerifyTextPresentKeyword.execute(VerifyTextPresentKeyword.groovy:68)
	at com.kms.katalon.core.keyword.internal.KeywordExecutor.executeKeywordForPlatform(KeywordExecutor.groovy:74)
	at com.kms.katalon.core.webui.keyword.WebUiBuiltInKeywords.verifyTextPresent(WebUiBuiltInKeywords.groovy:1762)
	at PayNowSuccesfulPaymentCC.run(PayNowSuccesfulPaymentCC:94)
	at com.kms.katalon.core.main.ScriptEngine.run(ScriptEngine.java:194)
	at com.kms.katalon.core.main.ScriptEngine.runScriptAsRawText(ScriptEngine.java:119)
	at com.kms.katalon.core.main.TestCaseExecutor.runScript(TestCaseExecutor.java:448)
	at com.kms.katalon.core.main.TestCaseExecutor.doExecute(TestCaseExecutor.java:439)
	at com.kms.katalon.core.main.TestCaseExecutor.processExecutionPhase(TestCaseExecutor.java:418)
	at com.kms.katalon.core.main.TestCaseExecutor.accessMainPhase(TestCaseExecutor.java:410)
	at com.kms.katalon.core.main.TestCaseExecutor.execute(TestCaseExecutor.java:285)
	at com.kms.katalon.core.common.CommonExecutor.accessTestCaseMainPhase(CommonExecutor.java:65)
	at com.kms.katalon.core.main.TestSuiteExecutor.accessTestSuiteMainPhase(TestSuiteExecutor.java:150)
	at com.kms.katalon.core.main.TestSuiteExecutor.execute(TestSuiteExecutor.java:106)
	at com.kms.katalon.core.main.TestCaseMain.startTestSuite(TestCaseMain.java:180)
	at TempTestSuite1724689884694.run(TempTestSuite1724689884694.groovy:35)
	at java.base/jdk.internal.reflect.NativeMethodAccessorImpl.invoke0(Native Method)
	at java.base/jdk.internal.reflect.NativeMethodAccessorImpl.invoke(NativeMethodAccessorImpl.java:77)
	at java.base/jdk.internal.reflect.DelegatingMethodAccessorImpl.invoke(DelegatingMethodAccessorImpl.java:43)
Caused by: com.kms.katalon.core.exception.StepFailedException: Text 'Successful Payment Receipt' is not present on page 
	... 24 more]]></system-err>
      </testcase>
      <system-out><![CDATA[26-08-2024T22:01:42 - [TEST_SUITE][FAILED] - QA_IWP2.5_Regression: Test Cases/IntegratedWeb/IWP25/Payments/PayNowSuccesfulPaymentCC FAILED.
Reason:
com.kms.katalon.core.exception.StepFailedException: Text 'Successful Payment Receipt' is not present on page  (Root cause: com.kms.katalon.core.exception.StepFailedException: Text 'Successful Payment Receipt' is not present on page 
	at com.kms.katalon.core.webui.keyword.internal.WebUIKeywordMain.stepFailed(WebUIKeywordMain.groovy:64)
	at com.kms.katalon.core.webui.keyword.builtin.VerifyTextPresentKeyword$_verifyTextPresent_closure1.doCall(VerifyTextPresentKeyword.groovy:79)
	at com.kms.katalon.core.webui.keyword.builtin.VerifyTextPresentKeyword$_verifyTextPresent_closure1.call(VerifyTextPresentKeyword.groovy)
	at com.kms.katalon.core.webui.keyword.internal.WebUIKeywordMain.runKeyword(WebUIKeywordMain.groovy:20)
	at com.kms.katalon.core.webui.keyword.builtin.VerifyTextPresentKeyword.verifyTextPresent(VerifyTextPresentKeyword.groovy:83)
	at com.kms.katalon.core.webui.keyword.builtin.VerifyTextPresentKeyword.execute(VerifyTextPresentKeyword.groovy:68)
	at com.kms.katalon.core.keyword.internal.KeywordExecutor.executeKeywordForPlatform(KeywordExecutor.groovy:74)
	at com.kms.katalon.core.webui.keyword.WebUiBuiltInKeywords.verifyTextPresent(WebUiBuiltInKeywords.groovy:1762)
	at PayNowSuccesfulPaymentCC.run(PayNowSuccesfulPaymentCC:94)
	at com.kms.katalon.core.main.ScriptEngine.run(ScriptEngine.java:194)
	at com.kms.katalon.core.main.ScriptEngine.runScriptAsRawText(ScriptEngine.java:119)
	at com.kms.katalon.core.main.TestCaseExecutor.runScript(TestCaseExecutor.java:448)
	at com.kms.katalon.core.main.TestCaseExecutor.doExecute(TestCaseExecutor.java:439)
	at com.kms.katalon.core.main.TestCaseExecutor.processExecutionPhase(TestCaseExecutor.java:418)
	at com.kms.katalon.core.main.TestCaseExecutor.accessMainPhase(TestCaseExecutor.java:410)
	at com.kms.katalon.core.main.TestCaseExecutor.execute(TestCaseExecutor.java:285)
	at com.kms.katalon.core.common.CommonExecutor.accessTestCaseMainPhase(CommonExecutor.java:65)
	at com.kms.katalon.core.main.TestSuiteExecutor.accessTestSuiteMainPhase(TestSuiteExecutor.java:150)
	at com.kms.katalon.core.main.TestSuiteExecutor.execute(TestSuiteExecutor.java:106)
	at com.kms.katalon.core.main.TestCaseMain.startTestSuite(TestCaseMain.java:180)
	at TempTestSuite1724689884694.run(TempTestSuite1724689884694.groovy:35)
	at java.base/jdk.internal.reflect.NativeMethodAccessorImpl.invoke0(Native Method)
	at java.base/jdk.internal.reflect.NativeMethodAccessorImpl.invoke(NativeMethodAccessorImpl.java:77)
	at java.base/jdk.internal.reflect.DelegatingMethodAccessorImpl.invoke(DelegatingMethodAccessorImpl.java:43)
)
	at com.kms.katalon.core.keyword.internal.KeywordMain.stepFailed(KeywordMain.groovy:39)
	at com.kms.katalon.core.webui.keyword.internal.WebUIKeywordMain.stepFailed(WebUIKeywordMain.groovy:64)
	at com.kms.katalon.core.webui.keyword.builtin.VerifyTextPresentKeyword$_verifyTextPresent_closure1.doCall(VerifyTextPresentKeyword.groovy:79)
	at com.kms.katalon.core.webui.keyword.builtin.VerifyTextPresentKeyword$_verifyTextPresent_closure1.call(VerifyTextPresentKeyword.groovy)
	at com.kms.katalon.core.webui.keyword.internal.WebUIKeywordMain.runKeyword(WebUIKeywordMain.groovy:20)
	at com.kms.katalon.core.webui.keyword.builtin.VerifyTextPresentKeyword.verifyTextPresent(VerifyTextPresentKeyword.groovy:83)
	at com.kms.katalon.core.webui.keyword.builtin.VerifyTextPresentKeyword.execute(VerifyTextPresentKeyword.groovy:68)
	at com.kms.katalon.core.keyword.internal.KeywordExecutor.executeKeywordForPlatform(KeywordExecutor.groovy:74)
	at com.kms.katalon.core.webui.keyword.WebUiBuiltInKeywords.verifyTextPresent(WebUiBuiltInKeywords.groovy:1762)
	at PayNowSuccesfulPaymentCC.run(PayNowSuccesfulPaymentCC:94)
	at com.kms.katalon.core.main.ScriptEngine.run(ScriptEngine.java:194)
	at com.kms.katalon.core.main.ScriptEngine.runScriptAsRawText(ScriptEngine.java:119)
	at com.kms.katalon.core.main.TestCaseExecutor.runScript(TestCaseExecutor.java:448)
	at com.kms.katalon.core.main.TestCaseExecutor.doExecute(TestCaseExecutor.java:439)
	at com.kms.katalon.core.main.TestCaseExecutor.processExecutionPhase(TestCaseExecutor.java:418)
	at com.kms.katalon.core.main.TestCaseExecutor.accessMainPhase(TestCaseExecutor.java:410)
	at com.kms.katalon.core.main.TestCaseExecutor.execute(TestCaseExecutor.java:285)
	at com.kms.katalon.core.common.CommonExecutor.accessTestCaseMainPhase(CommonExecutor.java:65)
	at com.kms.katalon.core.main.TestSuiteExecutor.accessTestSuiteMainPhase(TestSuiteExecutor.java:150)
	at com.kms.katalon.core.main.TestSuiteExecutor.execute(TestSuiteExecutor.java:106)
	at com.kms.katalon.core.main.TestCaseMain.startTestSuite(TestCaseMain.java:180)
	at TempTestSuite1724689884694.run(TempTestSuite1724689884694.groovy:35)
	at java.base/jdk.internal.reflect.NativeMethodAccessorImpl.invoke0(Native Method)
	at java.base/jdk.internal.reflect.NativeMethodAccessorImpl.invoke(NativeMethodAccessorImpl.java:77)
	at java.base/jdk.internal.reflect.DelegatingMethodAccessorImpl.invoke(DelegatingMethodAccessorImpl.java:43)
Caused by: com.kms.katalon.core.exception.StepFailedException: Text 'Successful Payment Receipt' is not present on page 
	... 24 more]]></system-out>
      <system-err><![CDATA[26-08-2024T22:01:42 - [TEST_SUITE][FAILED] - QA_IWP2.5_Regression: Test Cases/IntegratedWeb/IWP25/Payments/PayNowSuccesfulPaymentCC FAILED.
Reason:
com.kms.katalon.core.exception.StepFailedException: Text 'Successful Payment Receipt' is not present on page  (Root cause: com.kms.katalon.core.exception.StepFailedException: Text 'Successful Payment Receipt' is not present on page 
	at com.kms.katalon.core.webui.keyword.internal.WebUIKeywordMain.stepFailed(WebUIKeywordMain.groovy:64)
	at com.kms.katalon.core.webui.keyword.builtin.VerifyTextPresentKeyword$_verifyTextPresent_closure1.doCall(VerifyTextPresentKeyword.groovy:79)
	at com.kms.katalon.core.webui.keyword.builtin.VerifyTextPresentKeyword$_verifyTextPresent_closure1.call(VerifyTextPresentKeyword.groovy)
	at com.kms.katalon.core.webui.keyword.internal.WebUIKeywordMain.runKeyword(WebUIKeywordMain.groovy:20)
	at com.kms.katalon.core.webui.keyword.builtin.VerifyTextPresentKeyword.verifyTextPresent(VerifyTextPresentKeyword.groovy:83)
	at com.kms.katalon.core.webui.keyword.builtin.VerifyTextPresentKeyword.execute(VerifyTextPresentKeyword.groovy:68)
	at com.kms.katalon.core.keyword.internal.KeywordExecutor.executeKeywordForPlatform(KeywordExecutor.groovy:74)
	at com.kms.katalon.core.webui.keyword.WebUiBuiltInKeywords.verifyTextPresent(WebUiBuiltInKeywords.groovy:1762)
	at PayNowSuccesfulPaymentCC.run(PayNowSuccesfulPaymentCC:94)
	at com.kms.katalon.core.main.ScriptEngine.run(ScriptEngine.java:194)
	at com.kms.katalon.core.main.ScriptEngine.runScriptAsRawText(ScriptEngine.java:119)
	at com.kms.katalon.core.main.TestCaseExecutor.runScript(TestCaseExecutor.java:448)
	at com.kms.katalon.core.main.TestCaseExecutor.doExecute(TestCaseExecutor.java:439)
	at com.kms.katalon.core.main.TestCaseExecutor.processExecutionPhase(TestCaseExecutor.java:418)
	at com.kms.katalon.core.main.TestCaseExecutor.accessMainPhase(TestCaseExecutor.java:410)
	at com.kms.katalon.core.main.TestCaseExecutor.execute(TestCaseExecutor.java:285)
	at com.kms.katalon.core.common.CommonExecutor.accessTestCaseMainPhase(CommonExecutor.java:65)
	at com.kms.katalon.core.main.TestSuiteExecutor.accessTestSuiteMainPhase(TestSuiteExecutor.java:150)
	at com.kms.katalon.core.main.TestSuiteExecutor.execute(TestSuiteExecutor.java:106)
	at com.kms.katalon.core.main.TestCaseMain.startTestSuite(TestCaseMain.java:180)
	at TempTestSuite1724689884694.run(TempTestSuite1724689884694.groovy:35)
	at java.base/jdk.internal.reflect.NativeMethodAccessorImpl.invoke0(Native Method)
	at java.base/jdk.internal.reflect.NativeMethodAccessorImpl.invoke(NativeMethodAccessorImpl.java:77)
	at java.base/jdk.internal.reflect.DelegatingMethodAccessorImpl.invoke(DelegatingMethodAccessorImpl.java:43)
)
	at com.kms.katalon.core.keyword.internal.KeywordMain.stepFailed(KeywordMain.groovy:39)
	at com.kms.katalon.core.webui.keyword.internal.WebUIKeywordMain.stepFailed(WebUIKeywordMain.groovy:64)
	at com.kms.katalon.core.webui.keyword.builtin.VerifyTextPresentKeyword$_verifyTextPresent_closure1.doCall(VerifyTextPresentKeyword.groovy:79)
	at com.kms.katalon.core.webui.keyword.builtin.VerifyTextPresentKeyword$_verifyTextPresent_closure1.call(VerifyTextPresentKeyword.groovy)
	at com.kms.katalon.core.webui.keyword.internal.WebUIKeywordMain.runKeyword(WebUIKeywordMain.groovy:20)
	at com.kms.katalon.core.webui.keyword.builtin.VerifyTextPresentKeyword.verifyTextPresent(VerifyTextPresentKeyword.groovy:83)
	at com.kms.katalon.core.webui.keyword.builtin.VerifyTextPresentKeyword.execute(VerifyTextPresentKeyword.groovy:68)
	at com.kms.katalon.core.keyword.internal.KeywordExecutor.executeKeywordForPlatform(KeywordExecutor.groovy:74)
	at com.kms.katalon.core.webui.keyword.WebUiBuiltInKeywords.verifyTextPresent(WebUiBuiltInKeywords.groovy:1762)
	at PayNowSuccesfulPaymentCC.run(PayNowSuccesfulPaymentCC:94)
	at com.kms.katalon.core.main.ScriptEngine.run(ScriptEngine.java:194)
	at com.kms.katalon.core.main.ScriptEngine.runScriptAsRawText(ScriptEngine.java:119)
	at com.kms.katalon.core.main.TestCaseExecutor.runScript(TestCaseExecutor.java:448)
	at com.kms.katalon.core.main.TestCaseExecutor.doExecute(TestCaseExecutor.java:439)
	at com.kms.katalon.core.main.TestCaseExecutor.processExecutionPhase(TestCaseExecutor.java:418)
	at com.kms.katalon.core.main.TestCaseExecutor.accessMainPhase(TestCaseExecutor.java:410)
	at com.kms.katalon.core.main.TestCaseExecutor.execute(TestCaseExecutor.java:285)
	at com.kms.katalon.core.common.CommonExecutor.accessTestCaseMainPhase(CommonExecutor.java:65)
	at com.kms.katalon.core.main.TestSuiteExecutor.accessTestSuiteMainPhase(TestSuiteExecutor.java:150)
	at com.kms.katalon.core.main.TestSuiteExecutor.execute(TestSuiteExecutor.java:106)
	at com.kms.katalon.core.main.TestCaseMain.startTestSuite(TestCaseMain.java:180)
	at TempTestSuite1724689884694.run(TempTestSuite1724689884694.groovy:35)
	at java.base/jdk.internal.reflect.NativeMethodAccessorImpl.invoke0(Native Method)
	at java.base/jdk.internal.reflect.NativeMethodAccessorImpl.invoke(NativeMethodAccessorImpl.java:77)
	at java.base/jdk.internal.reflect.DelegatingMethodAccessorImpl.invoke(DelegatingMethodAccessorImpl.java:43)
Caused by: com.kms.katalon.core.exception.StepFailedException: Text 'Successful Payment Receipt' is not present on page 
	... 24 more]]></system-err>
   </testsuite>
</testsuites>
