<?xml version="1.0" encoding="UTF-8"?>
<testsuites name="QA_Smoke_Test" time="152.245" tests="1" failures="0" errors="0">
   <testsuite name="QA_Smoke_Test" tests="1" failures="0" errors="0" time="152.245" skipped="0" timestamp="2022-12-16 17:35:09" hostname="imtiaz - DESKTOP-B2QI6NS.govolution.com" id="Test Suites/QA/VLink/QA_Smoke_Test">
      <properties>
         <property name="deviceName" value=""/>
         <property name="devicePlatform" value=""/>
         <property name="logFolder" value="E:\\Cloned-Project-Katalon\\VPS-Katalon\\Reports\\20221216_173503\\QA\\VLink\\QA_Smoke_Test\\20221216_173503"/>
         <property name="logFiles" value="E:\\Cloned-Project-Katalon\\VPS-Katalon\\Reports\\20221216_173503\\QA\\VLink\\QA_Smoke_Test\\20221216_173503\\execution0.log"/>
         <property name="attachments" value=""/>
         <property name="hostName" value="imtiaz - DESKTOP-B2QI6NS.govolution.com"/>
         <property name="os" value="Windows 10 64bit"/>
         <property name="katalonVersion" value="8.2.5.208"/>
         <property name="browser" value="Chrome 108.0.0.0"/>
         <property name="hostAddress" value="172.31.253.54"/>
         <property name="sessionId" value="3442a2c20f3e43b06b434c35f0a696e6"/>
         <property name="seleniumVersion" value="3.141.59"/>
         <property name="proxyInformation" value="ProxyInformation { proxyOption=NO_PROXY, proxyServerType=HTTP, username=, password=********, proxyServerAddress=, proxyServerPort=0, executionList=&quot;&quot;, isApplyToDesiredCapabilities=true }"/>
         <property name="platform" value="Windows 10"/>
      </properties>
      <testcase name="Test Cases/RecAndPlayBk/VLink/Auth-Capture" time="151.851" classname="Test Cases/RecAndPlayBk/VLink/Auth-Capture" status="PASSED">
         <system-out><![CDATA[2022-12-16 17:35:09 - [TEST_CASE][PASSED] - Test Cases/RecAndPlayBk/VLink/Auth-Capture: Test Cases/RecAndPlayBk/VLink/Auth-Capture

2022-12-16 17:35:10 - [TEST_STEP][PASSED] - executionProfile = getExecutionProfile(): null

2022-12-16 17:35:10 - [TEST_STEP][PASSED] - out.println("executionProfile : " + executionProfile): null

2022-12-16 17:35:10 - [TEST_STEP][PASSED] - appName = <not implemented yet for class: org.codehaus.groovy.ast.expr.EmptyExpression>: null

2022-12-16 17:35:10 - [TEST_STEP][PASSED] - appID = <not implemented yet for class: org.codehaus.groovy.ast.expr.EmptyExpression>: null

2022-12-16 17:35:10 - [TEST_STEP][PASSED] - username = <not implemented yet for class: org.codehaus.groovy.ast.expr.EmptyExpression>: null

2022-12-16 17:35:10 - [TEST_STEP][PASSED] - password = <not implemented yet for class: org.codehaus.groovy.ast.expr.EmptyExpression>: null

2022-12-16 17:35:10 - [TEST_STEP][PASSED] - cardNameV = <not implemented yet for class: org.codehaus.groovy.ast.expr.EmptyExpression>: null

2022-12-16 17:35:10 - [TEST_STEP][PASSED] - al1V = <not implemented yet for class: org.codehaus.groovy.ast.expr.EmptyExpression>: null

2022-12-16 17:35:10 - [TEST_STEP][PASSED] - al2V = <not implemented yet for class: org.codehaus.groovy.ast.expr.EmptyExpression>: null

2022-12-16 17:35:10 - [TEST_STEP][PASSED] - zipV = <not implemented yet for class: org.codehaus.groovy.ast.expr.EmptyExpression>: null

2022-12-16 17:35:10 - [TEST_STEP][PASSED] - cardTypeV = <not implemented yet for class: org.codehaus.groovy.ast.expr.EmptyExpression>: null

2022-12-16 17:35:10 - [TEST_STEP][PASSED] - last4V = <not implemented yet for class: org.codehaus.groovy.ast.expr.EmptyExpression>: null

2022-12-16 17:35:10 - [TEST_STEP][PASSED] - resText = "Fail": null

2022-12-16 17:35:10 - [TEST_STEP][PASSED] - resColumn = "Result": null

2022-12-16 17:35:10 - [TEST_STEP][PASSED] - datCloumn = "Date": null

2022-12-16 17:35:10 - [TEST_STEP][PASSED] - fileLoc = "KatalonData/VLinkSmokeData.xlsx": null

2022-12-16 17:35:10 - [TEST_STEP][PASSED] - numOfRows = <not implemented yet for class: org.codehaus.groovy.ast.expr.EmptyExpression>: null

2022-12-16 17:35:10 - [TEST_STEP][PASSED] - dataFile = <not implemented yet for class: org.codehaus.groovy.ast.expr.EmptyExpression>: null

2022-12-16 17:35:10 - [TEST_STEP][PASSED] - nameSheet = <not implemented yet for class: org.codehaus.groovy.ast.expr.EmptyExpression>: null

2022-12-16 17:35:10 - [TEST_STEP][PASSED] - nameSheet = "AuthCapture": null

2022-12-16 17:35:10 - [TEST_STEP][PASSED] - numOfRows = findTestData("QA/VLinkTestData/VLinkAuthCaptureData").getRowNumbers(): null

2022-12-16 17:35:11 - [TEST_STEP][PASSED] - println("Number of Records: " + numOfRows): null

2022-12-16 17:35:11 - [TEST_STEP][PASSED] - dataFile = "QA/VLinkTestData/VLinkAuthCaptureData": null

2022-12-16 17:35:11 - [TEST_STEP][PASSED] - for ([row = 1, row <= numOfRows, (row++)]): null

2022-12-16 17:35:11 - [TEST_STEP][PASSED] - ExecuteTC = findTestData(dataFile).getValue("Execute", row): null

2022-12-16 17:35:11 - [TEST_STEP][PASSED] - out.println("Value of Execute is : " + ExecuteTC): null

2022-12-16 17:35:11 - [TEST_STEP][PASSED] - switch (executionProfile): null

2022-12-16 17:35:11 - [TEST_STEP][PASSED] - case "DemoProfile":: null

2022-12-16 17:35:11 - [TEST_STEP][PASSED] - appID = findTestData(dataFile).getValue("AppIDDemo", row): null

2022-12-16 17:35:11 - [TEST_STEP][PASSED] - username = findTestData(dataFile).getValue("UsernameDemo", row): null

2022-12-16 17:35:11 - [TEST_STEP][PASSED] - password = findTestData(dataFile).getValue("PasswordDemo", row): null

2022-12-16 17:35:11 - [TEST_STEP][PASSED] - break: null

2022-12-16 17:35:11 - [TEST_STEP][PASSED] - if (ExecuteTC.equalsIgnoreCase("Y")): null

2022-12-16 17:35:11 - [TEST_STEP][PASSED] - out.println("Begin Record Number: " + row): null

2022-12-16 17:35:11 - [TEST_STEP][PASSED] - today = new java.util.Date(): null

2022-12-16 17:35:11 - [TEST_STEP][PASSED] - println(today): null

2022-12-16 17:35:11 - [TEST_STEP][PASSED] - datText = today: null

2022-12-16 17:35:11 - [TEST_STEP][PASSED] - category = findTestData(dataFile).getValue("Category", row): null

2022-12-16 17:35:11 - [TEST_STEP][PASSED] - amount = findTestData(dataFile).getValue("Amount", row): null

2022-12-16 17:35:12 - [TEST_STEP][PASSED] - cardNumber = findTestData(dataFile).getValue("CardNumber", row): null

2022-12-16 17:35:12 - [TEST_STEP][PASSED] - exM = findTestData(dataFile).getValue("ExM", row): null

2022-12-16 17:35:12 - [TEST_STEP][PASSED] - exY = findTestData(dataFile).getValue("ExY", row): null

2022-12-16 17:35:12 - [TEST_STEP][PASSED] - openBrowser(VLinkURL + "auth.html"): Browser is opened with url: 'https://dev-algorithm.govolution.com/vlinktest/demo/version_2_0/auth.html'

2022-12-16 17:35:12 - [MESSAGE][INFO] - Starting 'Chrome' driver

2022-12-16 17:35:12 - [MESSAGE][INFO] - User set preference: ['acceptInsecureCerts', 'true']

2022-12-16 17:35:12 - [MESSAGE][INFO] - Action delay is set to 0 milliseconds

2022-12-16 17:35:15 - [MESSAGE][PASSED] - Browser is opened with url: 'https://dev-algorithm.govolution.com/vlinktest/demo/version_2_0/auth.html'

2022-12-16 17:35:15 - [TEST_STEP][PASSED] - maximizeWindow(): Current window maximized

2022-12-16 17:35:16 - [MESSAGE][PASSED] - Current window maximized

2022-12-16 17:35:16 - [TEST_STEP][PASSED] - genRemID = RandomStringUtils.random(12, true, true): null

2022-12-16 17:35:16 - [TEST_STEP][PASSED] - setText(findTestObject("Object Repository/RecAndPlayBk/Page-Vlink-AuthOnly/input_Remittance Id_remittance_id"), genRemID): Text 'TpcUIqYNHRmj' is set on object 'Object Repository/RecAndPlayBk/Page-Vlink-AuthOnly/input_Remittance Id_remittance_id'

2022-12-16 17:35:17 - [MESSAGE][PASSED] - Text 'TpcUIqYNHRmj' is set on object 'Object Repository/RecAndPlayBk/Page-Vlink-AuthOnly/input_Remittance Id_remittance_id'

2022-12-16 17:35:17 - [TEST_STEP][PASSED] - setText(findTestObject("Object Repository/RecAndPlayBk/Page-Vlink-AuthOnly/input_Application Id_application_id"), appID): Text '1773' is set on object 'Object Repository/RecAndPlayBk/Page-Vlink-AuthOnly/input_Application Id_application_id'

2022-12-16 17:35:17 - [MESSAGE][PASSED] - Text '1773' is set on object 'Object Repository/RecAndPlayBk/Page-Vlink-AuthOnly/input_Application Id_application_id'

2022-12-16 17:35:17 - [TEST_STEP][PASSED] - setText(findTestObject("Object Repository/RecAndPlayBk/Page-Vlink-AuthOnly/input_Username_username"), username): Text 'username' is set on object 'Object Repository/RecAndPlayBk/Page-Vlink-AuthOnly/input_Username_username'

2022-12-16 17:35:18 - [MESSAGE][PASSED] - Text 'username' is set on object 'Object Repository/RecAndPlayBk/Page-Vlink-AuthOnly/input_Username_username'

2022-12-16 17:35:18 - [TEST_STEP][PASSED] - setText(findTestObject("Object Repository/RecAndPlayBk/Page-Vlink-AuthOnly/input_Password_password"), password): Text 'password' is set on object 'Object Repository/RecAndPlayBk/Page-Vlink-AuthOnly/input_Password_password'

2022-12-16 17:35:19 - [MESSAGE][PASSED] - Text 'password' is set on object 'Object Repository/RecAndPlayBk/Page-Vlink-AuthOnly/input_Password_password'

2022-12-16 17:35:19 - [TEST_STEP][PASSED] - setText(findTestObject("Object Repository/RecAndPlayBk/Page-Vlink-AuthOnly/input_Category_category"), category): Text 'ECOM' is set on object 'Object Repository/RecAndPlayBk/Page-Vlink-AuthOnly/input_Category_category'

2022-12-16 17:35:20 - [MESSAGE][PASSED] - Text 'ECOM' is set on object 'Object Repository/RecAndPlayBk/Page-Vlink-AuthOnly/input_Category_category'

2022-12-16 17:35:20 - [TEST_STEP][PASSED] - setText(findTestObject("Object Repository/RecAndPlayBk/Page-Vlink-AuthOnly/input_Amount_amount"), amount): Text '10.5' is set on object 'Object Repository/RecAndPlayBk/Page-Vlink-AuthOnly/input_Amount_amount'

2022-12-16 17:35:21 - [MESSAGE][PASSED] - Text '10.5' is set on object 'Object Repository/RecAndPlayBk/Page-Vlink-AuthOnly/input_Amount_amount'

2022-12-16 17:35:21 - [TEST_STEP][PASSED] - doubleClick(findTestObject("Object Repository/RecAndPlayBk/Page-Vlink-AuthOnly/input_Card number_card_number")): Object: 'Object Repository/RecAndPlayBk/Page-Vlink-AuthOnly/input_Card number_card_number' is double clicked on

2022-12-16 17:35:21 - [MESSAGE][PASSED] - Object: 'Object Repository/RecAndPlayBk/Page-Vlink-AuthOnly/input_Card number_card_number' is double clicked on

2022-12-16 17:35:21 - [TEST_STEP][PASSED] - setText(findTestObject("Object Repository/RecAndPlayBk/Page-Vlink-AuthOnly/input_Card number_card_number"), cardNumber): Text '4111111111111111' is set on object 'Object Repository/RecAndPlayBk/Page-Vlink-AuthOnly/input_Card number_card_number'

2022-12-16 17:35:22 - [MESSAGE][PASSED] - Text '4111111111111111' is set on object 'Object Repository/RecAndPlayBk/Page-Vlink-AuthOnly/input_Card number_card_number'

2022-12-16 17:35:22 - [TEST_STEP][PASSED] - setText(findTestObject("Object Repository/RecAndPlayBk/Page-Vlink-AuthOnly/input_Card ex month_card_exmo"), exM): Text '12' is set on object 'Object Repository/RecAndPlayBk/Page-Vlink-AuthOnly/input_Card ex month_card_exmo'

2022-12-16 17:35:23 - [MESSAGE][PASSED] - Text '12' is set on object 'Object Repository/RecAndPlayBk/Page-Vlink-AuthOnly/input_Card ex month_card_exmo'

2022-12-16 17:35:23 - [TEST_STEP][PASSED] - setText(findTestObject("Object Repository/RecAndPlayBk/Page-Vlink-AuthOnly/input_Card ex year_card_exyr"), exY): Text '2029' is set on object 'Object Repository/RecAndPlayBk/Page-Vlink-AuthOnly/input_Card ex year_card_exyr'

2022-12-16 17:35:24 - [MESSAGE][PASSED] - Text '2029' is set on object 'Object Repository/RecAndPlayBk/Page-Vlink-AuthOnly/input_Card ex year_card_exyr'

2022-12-16 17:35:24 - [TEST_STEP][PASSED] - click(findTestObject("Object Repository/RecAndPlayBk/Page-Vlink-AuthOnly/input_Track Data_track_data")): Object: 'Object Repository/RecAndPlayBk/Page-Vlink-AuthOnly/input_Track Data_track_data' is clicked on

2022-12-16 17:35:24 - [MESSAGE][PASSED] - Object: 'Object Repository/RecAndPlayBk/Page-Vlink-AuthOnly/input_Track Data_track_data' is clicked on

2022-12-16 17:35:24 - [TEST_STEP][PASSED] - click(findTestObject("Object Repository/RecAndPlayBk/Page-Vlink-AuthOnly/input_CVV state_cvv_state")): Object: 'Object Repository/RecAndPlayBk/Page-Vlink-AuthOnly/input_CVV state_cvv_state' is clicked on

2022-12-16 17:35:25 - [MESSAGE][PASSED] - Object: 'Object Repository/RecAndPlayBk/Page-Vlink-AuthOnly/input_CVV state_cvv_state' is clicked on

2022-12-16 17:35:25 - [TEST_STEP][PASSED] - setText(findTestObject("Object Repository/RecAndPlayBk/Page-Vlink-AuthOnly/input_Track Data_track_data"), ""): Text '' is set on object 'Object Repository/RecAndPlayBk/Page-Vlink-AuthOnly/input_Track Data_track_data'

2022-12-16 17:35:25 - [MESSAGE][PASSED] - Text '' is set on object 'Object Repository/RecAndPlayBk/Page-Vlink-AuthOnly/input_Track Data_track_data'

2022-12-16 17:35:25 - [TEST_STEP][PASSED] - setText(findTestObject("Object Repository/RecAndPlayBk/Page-Vlink-AuthOnly/input_concat(Cardholder, , s email)_email"), ""): Text '' is set on object 'Object Repository/RecAndPlayBk/Page-Vlink-AuthOnly/input_concat(Cardholder, , s email)_email'

2022-12-16 17:35:26 - [MESSAGE][PASSED] - Text '' is set on object 'Object Repository/RecAndPlayBk/Page-Vlink-AuthOnly/input_concat(Cardholder, , s email)_email'

2022-12-16 17:35:26 - [TEST_STEP][PASSED] - click(findTestObject("Object Repository/RecAndPlayBk/Page-Vlink-AuthOnly/input_user_defined10_user_defined10")): Object: 'Object Repository/RecAndPlayBk/Page-Vlink-AuthOnly/input_user_defined10_user_defined10' is clicked on

2022-12-16 17:35:27 - [MESSAGE][PASSED] - Object: 'Object Repository/RecAndPlayBk/Page-Vlink-AuthOnly/input_user_defined10_user_defined10' is clicked on

2022-12-16 17:35:27 - [TEST_STEP][PASSED] - if (executionProfile.equalsIgnoreCase("QAProfile")): null

2022-12-16 17:35:27 - [TEST_STEP][PASSED] - click(findTestObject("Object Repository/RecAndPlayBk/Page-Vlink-AuthOnly/input")): Object: 'Object Repository/RecAndPlayBk/Page-Vlink-AuthOnly/input' is clicked on

2022-12-16 17:35:28 - [MESSAGE][PASSED] - Object: 'Object Repository/RecAndPlayBk/Page-Vlink-AuthOnly/input' is clicked on

2022-12-16 17:35:28 - [TEST_STEP][PASSED] - if (verifyTextPresent("Transaction approved, no errors", true)): null

2022-12-16 17:35:28 - [MESSAGE][PASSED] - Text 'Transaction approved, no errors' is present on page  using regular expression

2022-12-16 17:35:28 - [TEST_STEP][PASSED] - out.println("Auth was successful, Capture now"): null

2022-12-16 17:35:28 - [TEST_STEP][PASSED] - sdfo = getText(findTestObject("Object Repository/Page_VLinkReceipt/pre_STX")): Text of object 'Object Repository/Page_VLinkReceipt/pre_STX' is: '<STX>TpcUIqYNHRmj                  2914315             0  Transaction approved, no errors                   0                                                                                  Y 279957927<ETX>'

2022-12-16 17:35:29 - [MESSAGE][PASSED] - Text of object 'Object Repository/Page_VLinkReceipt/pre_STX' is: '<STX>TpcUIqYNHRmj                  2914315             0  Transaction approved, no errors                   0                                                                                  Y 279957927<ETX>'

2022-12-16 17:35:29 - [TEST_STEP][PASSED] - out.println("sdfo: " + sdfo): null

2022-12-16 17:35:29 - [TEST_STEP][PASSED] - remID = substring(5, 35).trim(): null

2022-12-16 17:35:29 - [TEST_STEP][PASSED] - out.println("remID: " + remID): null

2022-12-16 17:35:29 - [TEST_STEP][PASSED] - traxID = substring(35, 55).trim(): null

2022-12-16 17:35:29 - [TEST_STEP][PASSED] - out.println("traxID: " + traxID): null

2022-12-16 17:35:29 - [TEST_STEP][PASSED] - VLinkSaleRemID = remID: null

2022-12-16 17:35:29 - [TEST_STEP][PASSED] - VLinkSaleTranxID = traxID: null

2022-12-16 17:35:29 - [TEST_STEP][PASSED] - openBrowser(VLinkURL + "capture.html"): Browser is opened with url: 'https://dev-algorithm.govolution.com/vlinktest/demo/version_2_0/capture.html'

2022-12-16 17:35:29 - [MESSAGE][WARNING] - A browser is already opened. Closing browser and opening a new one

2022-12-16 17:35:30 - [MESSAGE][INFO] - Starting 'Chrome' driver

2022-12-16 17:35:30 - [MESSAGE][INFO] - User set preference: ['acceptInsecureCerts', 'true']

2022-12-16 17:35:30 - [MESSAGE][INFO] - Action delay is set to 0 milliseconds

2022-12-16 17:35:32 - [MESSAGE][PASSED] - Browser is opened with url: 'https://dev-algorithm.govolution.com/vlinktest/demo/version_2_0/capture.html'

2022-12-16 17:35:32 - [TEST_STEP][PASSED] - maximizeWindow(): Current window maximized

2022-12-16 17:35:32 - [MESSAGE][PASSED] - Current window maximized

2022-12-16 17:35:32 - [TEST_STEP][PASSED] - setText(findTestObject("Object Repository/RecAndPlayBk/Page-VLink-Capture/input_Remittance Id_remittance_id"), VLinkSaleRemID): Text 'TpcUIqYNHRmj' is set on object 'Object Repository/RecAndPlayBk/Page-VLink-Capture/input_Remittance Id_remittance_id'

2022-12-16 17:35:32 - [MESSAGE][PASSED] - Text 'TpcUIqYNHRmj' is set on object 'Object Repository/RecAndPlayBk/Page-VLink-Capture/input_Remittance Id_remittance_id'

2022-12-16 17:35:32 - [TEST_STEP][PASSED] - setText(findTestObject("Object Repository/RecAndPlayBk/Page-VLink-Capture/input_Application Id_application_id"), appID): Text '1773' is set on object 'Object Repository/RecAndPlayBk/Page-VLink-Capture/input_Application Id_application_id'

2022-12-16 17:35:33 - [MESSAGE][PASSED] - Text '1773' is set on object 'Object Repository/RecAndPlayBk/Page-VLink-Capture/input_Application Id_application_id'

2022-12-16 17:35:33 - [TEST_STEP][PASSED] - setText(findTestObject("Object Repository/RecAndPlayBk/Page-VLink-Capture/input_Username_username"), username): Text 'username' is set on object 'Object Repository/RecAndPlayBk/Page-VLink-Capture/input_Username_username'

2022-12-16 17:35:34 - [MESSAGE][PASSED] - Text 'username' is set on object 'Object Repository/RecAndPlayBk/Page-VLink-Capture/input_Username_username'

2022-12-16 17:35:34 - [TEST_STEP][PASSED] - setText(findTestObject("Object Repository/RecAndPlayBk/Page-VLink-Capture/input_Password_password"), password): Text 'password' is set on object 'Object Repository/RecAndPlayBk/Page-VLink-Capture/input_Password_password'

2022-12-16 17:35:35 - [MESSAGE][PASSED] - Text 'password' is set on object 'Object Repository/RecAndPlayBk/Page-VLink-Capture/input_Password_password'

2022-12-16 17:35:35 - [TEST_STEP][PASSED] - setText(findTestObject("Object Repository/RecAndPlayBk/Page-VLink-Capture/input_Transaction ID_transaction_id"), VLinkSaleTranxID): Text '2914315' is set on object 'Object Repository/RecAndPlayBk/Page-VLink-Capture/input_Transaction ID_transaction_id'

2022-12-16 17:35:36 - [MESSAGE][PASSED] - Text '2914315' is set on object 'Object Repository/RecAndPlayBk/Page-VLink-Capture/input_Transaction ID_transaction_id'

2022-12-16 17:35:36 - [TEST_STEP][PASSED] - setText(findTestObject("Object Repository/RecAndPlayBk/Page-VLink-Capture/input_Amount_amount"), amount): Text '10.5' is set on object 'Object Repository/RecAndPlayBk/Page-VLink-Capture/input_Amount_amount'

2022-12-16 17:35:37 - [MESSAGE][PASSED] - Text '10.5' is set on object 'Object Repository/RecAndPlayBk/Page-VLink-Capture/input_Amount_amount'

2022-12-16 17:35:37 - [TEST_STEP][PASSED] - click(findTestObject("Object Repository/RecAndPlayBk/Page-VLink-Capture/input")): Object: 'Object Repository/RecAndPlayBk/Page-VLink-Capture/input' is clicked on

2022-12-16 17:35:39 - [MESSAGE][PASSED] - Object: 'Object Repository/RecAndPlayBk/Page-VLink-Capture/input' is clicked on

2022-12-16 17:35:39 - [TEST_STEP][PASSED] - if (verifyTextPresent("Transaction approved, no errors", true)): null

2022-12-16 17:35:40 - [MESSAGE][PASSED] - Text 'Transaction approved, no errors' is present on page  using regular expression

2022-12-16 17:35:40 - [TEST_STEP][PASSED] - println("Transaction Approved, no errors text is present on the Confirmation page"): null

2022-12-16 17:35:40 - [TEST_STEP][PASSED] - out.println("Pass Record Number: " + row): null

2022-12-16 17:35:40 - [TEST_STEP][PASSED] - resText = "Pass": null

2022-12-16 17:35:40 - [TEST_STEP][PASSED] - pages.WriteExcel.demoKey(resText, datText, resColumn, datCloumn, fileLoc, nameSheet, row): pages.WriteExcel.demoKey is PASSED

2022-12-16 17:35:40 - [MESSAGE][PASSED] - pages.WriteExcel.demoKey is PASSED

2022-12-16 17:35:40 - [TEST_STEP][PASSED] - ExecuteTC = findTestData(dataFile).getValue("Execute", row): null

2022-12-16 17:35:40 - [TEST_STEP][PASSED] - out.println("Value of Execute is : " + ExecuteTC): null

2022-12-16 17:35:40 - [TEST_STEP][PASSED] - switch (executionProfile): null

2022-12-16 17:35:40 - [TEST_STEP][PASSED] - case "DemoProfile":: null

2022-12-16 17:35:40 - [TEST_STEP][PASSED] - appID = findTestData(dataFile).getValue("AppIDDemo", row): null

2022-12-16 17:35:40 - [TEST_STEP][PASSED] - username = findTestData(dataFile).getValue("UsernameDemo", row): null

2022-12-16 17:35:40 - [TEST_STEP][PASSED] - password = findTestData(dataFile).getValue("PasswordDemo", row): null

2022-12-16 17:35:40 - [TEST_STEP][PASSED] - break: null

2022-12-16 17:35:40 - [TEST_STEP][PASSED] - if (ExecuteTC.equalsIgnoreCase("Y")): null

2022-12-16 17:35:40 - [TEST_STEP][PASSED] - out.println("Begin Record Number: " + row): null

2022-12-16 17:35:40 - [TEST_STEP][PASSED] - today = new java.util.Date(): null

2022-12-16 17:35:40 - [TEST_STEP][PASSED] - println(today): null

2022-12-16 17:35:40 - [TEST_STEP][PASSED] - datText = today: null

2022-12-16 17:35:40 - [TEST_STEP][PASSED] - category = findTestData(dataFile).getValue("Category", row): null

2022-12-16 17:35:40 - [TEST_STEP][PASSED] - amount = findTestData(dataFile).getValue("Amount", row): null

2022-12-16 17:35:40 - [TEST_STEP][PASSED] - cardNumber = findTestData(dataFile).getValue("CardNumber", row): null

2022-12-16 17:35:40 - [TEST_STEP][PASSED] - exM = findTestData(dataFile).getValue("ExM", row): null

2022-12-16 17:35:40 - [TEST_STEP][PASSED] - exY = findTestData(dataFile).getValue("ExY", row): null

2022-12-16 17:35:40 - [TEST_STEP][PASSED] - openBrowser(VLinkURL + "auth.html"): Browser is opened with url: 'https://dev-algorithm.govolution.com/vlinktest/demo/version_2_0/auth.html'

2022-12-16 17:35:40 - [MESSAGE][WARNING] - A browser is already opened. Closing browser and opening a new one

2022-12-16 17:35:41 - [MESSAGE][INFO] - Starting 'Chrome' driver

2022-12-16 17:35:41 - [MESSAGE][INFO] - User set preference: ['acceptInsecureCerts', 'true']

2022-12-16 17:35:41 - [MESSAGE][INFO] - Action delay is set to 0 milliseconds

2022-12-16 17:35:43 - [MESSAGE][PASSED] - Browser is opened with url: 'https://dev-algorithm.govolution.com/vlinktest/demo/version_2_0/auth.html'

2022-12-16 17:35:43 - [TEST_STEP][PASSED] - maximizeWindow(): Current window maximized

2022-12-16 17:35:44 - [MESSAGE][PASSED] - Current window maximized

2022-12-16 17:35:44 - [TEST_STEP][PASSED] - genRemID = RandomStringUtils.random(12, true, true): null

2022-12-16 17:35:44 - [TEST_STEP][PASSED] - setText(findTestObject("Object Repository/RecAndPlayBk/Page-Vlink-AuthOnly/input_Remittance Id_remittance_id"), genRemID): Text 'YTn1lYrdBgxT' is set on object 'Object Repository/RecAndPlayBk/Page-Vlink-AuthOnly/input_Remittance Id_remittance_id'

2022-12-16 17:35:44 - [MESSAGE][PASSED] - Text 'YTn1lYrdBgxT' is set on object 'Object Repository/RecAndPlayBk/Page-Vlink-AuthOnly/input_Remittance Id_remittance_id'

2022-12-16 17:35:44 - [TEST_STEP][PASSED] - setText(findTestObject("Object Repository/RecAndPlayBk/Page-Vlink-AuthOnly/input_Application Id_application_id"), appID): Text '1773' is set on object 'Object Repository/RecAndPlayBk/Page-Vlink-AuthOnly/input_Application Id_application_id'

2022-12-16 17:35:45 - [MESSAGE][PASSED] - Text '1773' is set on object 'Object Repository/RecAndPlayBk/Page-Vlink-AuthOnly/input_Application Id_application_id'

2022-12-16 17:35:45 - [TEST_STEP][PASSED] - setText(findTestObject("Object Repository/RecAndPlayBk/Page-Vlink-AuthOnly/input_Username_username"), username): Text 'username' is set on object 'Object Repository/RecAndPlayBk/Page-Vlink-AuthOnly/input_Username_username'

2022-12-16 17:35:46 - [MESSAGE][PASSED] - Text 'username' is set on object 'Object Repository/RecAndPlayBk/Page-Vlink-AuthOnly/input_Username_username'

2022-12-16 17:35:46 - [TEST_STEP][PASSED] - setText(findTestObject("Object Repository/RecAndPlayBk/Page-Vlink-AuthOnly/input_Password_password"), password): Text 'password' is set on object 'Object Repository/RecAndPlayBk/Page-Vlink-AuthOnly/input_Password_password'

2022-12-16 17:35:47 - [MESSAGE][PASSED] - Text 'password' is set on object 'Object Repository/RecAndPlayBk/Page-Vlink-AuthOnly/input_Password_password'

2022-12-16 17:35:47 - [TEST_STEP][PASSED] - setText(findTestObject("Object Repository/RecAndPlayBk/Page-Vlink-AuthOnly/input_Category_category"), category): Text 'MOTO' is set on object 'Object Repository/RecAndPlayBk/Page-Vlink-AuthOnly/input_Category_category'

2022-12-16 17:35:48 - [MESSAGE][PASSED] - Text 'MOTO' is set on object 'Object Repository/RecAndPlayBk/Page-Vlink-AuthOnly/input_Category_category'

2022-12-16 17:35:48 - [TEST_STEP][PASSED] - setText(findTestObject("Object Repository/RecAndPlayBk/Page-Vlink-AuthOnly/input_Amount_amount"), amount): Text '10.5' is set on object 'Object Repository/RecAndPlayBk/Page-Vlink-AuthOnly/input_Amount_amount'

2022-12-16 17:35:49 - [MESSAGE][PASSED] - Text '10.5' is set on object 'Object Repository/RecAndPlayBk/Page-Vlink-AuthOnly/input_Amount_amount'

2022-12-16 17:35:49 - [TEST_STEP][PASSED] - doubleClick(findTestObject("Object Repository/RecAndPlayBk/Page-Vlink-AuthOnly/input_Card number_card_number")): Object: 'Object Repository/RecAndPlayBk/Page-Vlink-AuthOnly/input_Card number_card_number' is double clicked on

2022-12-16 17:35:49 - [MESSAGE][PASSED] - Object: 'Object Repository/RecAndPlayBk/Page-Vlink-AuthOnly/input_Card number_card_number' is double clicked on

2022-12-16 17:35:49 - [TEST_STEP][PASSED] - setText(findTestObject("Object Repository/RecAndPlayBk/Page-Vlink-AuthOnly/input_Card number_card_number"), cardNumber): Text '5424000000000015' is set on object 'Object Repository/RecAndPlayBk/Page-Vlink-AuthOnly/input_Card number_card_number'

2022-12-16 17:35:50 - [MESSAGE][PASSED] - Text '5424000000000015' is set on object 'Object Repository/RecAndPlayBk/Page-Vlink-AuthOnly/input_Card number_card_number'

2022-12-16 17:35:50 - [TEST_STEP][PASSED] - setText(findTestObject("Object Repository/RecAndPlayBk/Page-Vlink-AuthOnly/input_Card ex month_card_exmo"), exM): Text '12' is set on object 'Object Repository/RecAndPlayBk/Page-Vlink-AuthOnly/input_Card ex month_card_exmo'

2022-12-16 17:35:51 - [MESSAGE][PASSED] - Text '12' is set on object 'Object Repository/RecAndPlayBk/Page-Vlink-AuthOnly/input_Card ex month_card_exmo'

2022-12-16 17:35:51 - [TEST_STEP][PASSED] - setText(findTestObject("Object Repository/RecAndPlayBk/Page-Vlink-AuthOnly/input_Card ex year_card_exyr"), exY): Text '2029' is set on object 'Object Repository/RecAndPlayBk/Page-Vlink-AuthOnly/input_Card ex year_card_exyr'

2022-12-16 17:35:52 - [MESSAGE][PASSED] - Text '2029' is set on object 'Object Repository/RecAndPlayBk/Page-Vlink-AuthOnly/input_Card ex year_card_exyr'

2022-12-16 17:35:52 - [TEST_STEP][PASSED] - click(findTestObject("Object Repository/RecAndPlayBk/Page-Vlink-AuthOnly/input_Track Data_track_data")): Object: 'Object Repository/RecAndPlayBk/Page-Vlink-AuthOnly/input_Track Data_track_data' is clicked on

2022-12-16 17:35:52 - [MESSAGE][PASSED] - Object: 'Object Repository/RecAndPlayBk/Page-Vlink-AuthOnly/input_Track Data_track_data' is clicked on

2022-12-16 17:35:52 - [TEST_STEP][PASSED] - click(findTestObject("Object Repository/RecAndPlayBk/Page-Vlink-AuthOnly/input_CVV state_cvv_state")): Object: 'Object Repository/RecAndPlayBk/Page-Vlink-AuthOnly/input_CVV state_cvv_state' is clicked on

2022-12-16 17:35:52 - [MESSAGE][PASSED] - Object: 'Object Repository/RecAndPlayBk/Page-Vlink-AuthOnly/input_CVV state_cvv_state' is clicked on

2022-12-16 17:35:52 - [TEST_STEP][PASSED] - setText(findTestObject("Object Repository/RecAndPlayBk/Page-Vlink-AuthOnly/input_Track Data_track_data"), ""): Text '' is set on object 'Object Repository/RecAndPlayBk/Page-Vlink-AuthOnly/input_Track Data_track_data'

2022-12-16 17:35:53 - [MESSAGE][PASSED] - Text '' is set on object 'Object Repository/RecAndPlayBk/Page-Vlink-AuthOnly/input_Track Data_track_data'

2022-12-16 17:35:53 - [TEST_STEP][PASSED] - setText(findTestObject("Object Repository/RecAndPlayBk/Page-Vlink-AuthOnly/input_concat(Cardholder, , s email)_email"), ""): Text '' is set on object 'Object Repository/RecAndPlayBk/Page-Vlink-AuthOnly/input_concat(Cardholder, , s email)_email'

2022-12-16 17:35:54 - [MESSAGE][PASSED] - Text '' is set on object 'Object Repository/RecAndPlayBk/Page-Vlink-AuthOnly/input_concat(Cardholder, , s email)_email'

2022-12-16 17:35:54 - [TEST_STEP][PASSED] - click(findTestObject("Object Repository/RecAndPlayBk/Page-Vlink-AuthOnly/input_user_defined10_user_defined10")): Object: 'Object Repository/RecAndPlayBk/Page-Vlink-AuthOnly/input_user_defined10_user_defined10' is clicked on

2022-12-16 17:35:55 - [MESSAGE][PASSED] - Object: 'Object Repository/RecAndPlayBk/Page-Vlink-AuthOnly/input_user_defined10_user_defined10' is clicked on

2022-12-16 17:35:55 - [TEST_STEP][PASSED] - if (executionProfile.equalsIgnoreCase("QAProfile")): null

2022-12-16 17:35:55 - [TEST_STEP][PASSED] - click(findTestObject("Object Repository/RecAndPlayBk/Page-Vlink-AuthOnly/input")): Object: 'Object Repository/RecAndPlayBk/Page-Vlink-AuthOnly/input' is clicked on

2022-12-16 17:35:57 - [MESSAGE][PASSED] - Object: 'Object Repository/RecAndPlayBk/Page-Vlink-AuthOnly/input' is clicked on

2022-12-16 17:35:57 - [TEST_STEP][PASSED] - if (verifyTextPresent("Transaction approved, no errors", true)): null

2022-12-16 17:35:57 - [MESSAGE][PASSED] - Text 'Transaction approved, no errors' is present on page  using regular expression

2022-12-16 17:35:57 - [TEST_STEP][PASSED] - out.println("Auth was successful, Capture now"): null

2022-12-16 17:35:57 - [TEST_STEP][PASSED] - sdfo = getText(findTestObject("Object Repository/Page_VLinkReceipt/pre_STX")): Text of object 'Object Repository/Page_VLinkReceipt/pre_STX' is: '<STX>YTn1lYrdBgxT                  2914317             0  Transaction approved, no errors                   0                                                                                  Y 270280689<ETX>'

2022-12-16 17:35:58 - [MESSAGE][PASSED] - Text of object 'Object Repository/Page_VLinkReceipt/pre_STX' is: '<STX>YTn1lYrdBgxT                  2914317             0  Transaction approved, no errors                   0                                                                                  Y 270280689<ETX>'

2022-12-16 17:35:58 - [TEST_STEP][PASSED] - out.println("sdfo: " + sdfo): null

2022-12-16 17:35:58 - [TEST_STEP][PASSED] - remID = substring(5, 35).trim(): null

2022-12-16 17:35:58 - [TEST_STEP][PASSED] - out.println("remID: " + remID): null

2022-12-16 17:35:58 - [TEST_STEP][PASSED] - traxID = substring(35, 55).trim(): null

2022-12-16 17:35:58 - [TEST_STEP][PASSED] - out.println("traxID: " + traxID): null

2022-12-16 17:35:58 - [TEST_STEP][PASSED] - VLinkSaleRemID = remID: null

2022-12-16 17:35:58 - [TEST_STEP][PASSED] - VLinkSaleTranxID = traxID: null

2022-12-16 17:35:58 - [TEST_STEP][PASSED] - openBrowser(VLinkURL + "capture.html"): Browser is opened with url: 'https://dev-algorithm.govolution.com/vlinktest/demo/version_2_0/capture.html'

2022-12-16 17:35:58 - [MESSAGE][WARNING] - A browser is already opened. Closing browser and opening a new one

2022-12-16 17:35:58 - [MESSAGE][INFO] - Starting 'Chrome' driver

2022-12-16 17:35:58 - [MESSAGE][INFO] - User set preference: ['acceptInsecureCerts', 'true']

2022-12-16 17:35:58 - [MESSAGE][INFO] - Action delay is set to 0 milliseconds

2022-12-16 17:36:00 - [MESSAGE][PASSED] - Browser is opened with url: 'https://dev-algorithm.govolution.com/vlinktest/demo/version_2_0/capture.html'

2022-12-16 17:36:00 - [TEST_STEP][PASSED] - maximizeWindow(): Current window maximized

2022-12-16 17:36:00 - [MESSAGE][PASSED] - Current window maximized

2022-12-16 17:36:00 - [TEST_STEP][PASSED] - setText(findTestObject("Object Repository/RecAndPlayBk/Page-VLink-Capture/input_Remittance Id_remittance_id"), VLinkSaleRemID): Text 'YTn1lYrdBgxT' is set on object 'Object Repository/RecAndPlayBk/Page-VLink-Capture/input_Remittance Id_remittance_id'

2022-12-16 17:36:01 - [MESSAGE][PASSED] - Text 'YTn1lYrdBgxT' is set on object 'Object Repository/RecAndPlayBk/Page-VLink-Capture/input_Remittance Id_remittance_id'

2022-12-16 17:36:01 - [TEST_STEP][PASSED] - setText(findTestObject("Object Repository/RecAndPlayBk/Page-VLink-Capture/input_Application Id_application_id"), appID): Text '1773' is set on object 'Object Repository/RecAndPlayBk/Page-VLink-Capture/input_Application Id_application_id'

2022-12-16 17:36:02 - [MESSAGE][PASSED] - Text '1773' is set on object 'Object Repository/RecAndPlayBk/Page-VLink-Capture/input_Application Id_application_id'

2022-12-16 17:36:02 - [TEST_STEP][PASSED] - setText(findTestObject("Object Repository/RecAndPlayBk/Page-VLink-Capture/input_Username_username"), username): Text 'username' is set on object 'Object Repository/RecAndPlayBk/Page-VLink-Capture/input_Username_username'

2022-12-16 17:36:03 - [MESSAGE][PASSED] - Text 'username' is set on object 'Object Repository/RecAndPlayBk/Page-VLink-Capture/input_Username_username'

2022-12-16 17:36:03 - [TEST_STEP][PASSED] - setText(findTestObject("Object Repository/RecAndPlayBk/Page-VLink-Capture/input_Password_password"), password): Text 'password' is set on object 'Object Repository/RecAndPlayBk/Page-VLink-Capture/input_Password_password'

2022-12-16 17:36:04 - [MESSAGE][PASSED] - Text 'password' is set on object 'Object Repository/RecAndPlayBk/Page-VLink-Capture/input_Password_password'

2022-12-16 17:36:04 - [TEST_STEP][PASSED] - setText(findTestObject("Object Repository/RecAndPlayBk/Page-VLink-Capture/input_Transaction ID_transaction_id"), VLinkSaleTranxID): Text '2914317' is set on object 'Object Repository/RecAndPlayBk/Page-VLink-Capture/input_Transaction ID_transaction_id'

2022-12-16 17:36:05 - [MESSAGE][PASSED] - Text '2914317' is set on object 'Object Repository/RecAndPlayBk/Page-VLink-Capture/input_Transaction ID_transaction_id'

2022-12-16 17:36:05 - [TEST_STEP][PASSED] - setText(findTestObject("Object Repository/RecAndPlayBk/Page-VLink-Capture/input_Amount_amount"), amount): Text '10.5' is set on object 'Object Repository/RecAndPlayBk/Page-VLink-Capture/input_Amount_amount'

2022-12-16 17:36:06 - [MESSAGE][PASSED] - Text '10.5' is set on object 'Object Repository/RecAndPlayBk/Page-VLink-Capture/input_Amount_amount'

2022-12-16 17:36:06 - [TEST_STEP][PASSED] - click(findTestObject("Object Repository/RecAndPlayBk/Page-VLink-Capture/input")): Object: 'Object Repository/RecAndPlayBk/Page-VLink-Capture/input' is clicked on

2022-12-16 17:36:08 - [MESSAGE][PASSED] - Object: 'Object Repository/RecAndPlayBk/Page-VLink-Capture/input' is clicked on

2022-12-16 17:36:08 - [TEST_STEP][PASSED] - if (verifyTextPresent("Transaction approved, no errors", true)): null

2022-12-16 17:36:09 - [MESSAGE][PASSED] - Text 'Transaction approved, no errors' is present on page  using regular expression

2022-12-16 17:36:09 - [TEST_STEP][PASSED] - println("Transaction Approved, no errors text is present on the Confirmation page"): null

2022-12-16 17:36:09 - [TEST_STEP][PASSED] - out.println("Pass Record Number: " + row): null

2022-12-16 17:36:09 - [TEST_STEP][PASSED] - resText = "Pass": null

2022-12-16 17:36:09 - [TEST_STEP][PASSED] - pages.WriteExcel.demoKey(resText, datText, resColumn, datCloumn, fileLoc, nameSheet, row): pages.WriteExcel.demoKey is PASSED

2022-12-16 17:36:09 - [MESSAGE][PASSED] - pages.WriteExcel.demoKey is PASSED

2022-12-16 17:36:09 - [TEST_STEP][PASSED] - ExecuteTC = findTestData(dataFile).getValue("Execute", row): null

2022-12-16 17:36:09 - [TEST_STEP][PASSED] - out.println("Value of Execute is : " + ExecuteTC): null

2022-12-16 17:36:09 - [TEST_STEP][PASSED] - switch (executionProfile): null

2022-12-16 17:36:09 - [TEST_STEP][PASSED] - case "DemoProfile":: null

2022-12-16 17:36:09 - [TEST_STEP][PASSED] - appID = findTestData(dataFile).getValue("AppIDDemo", row): null

2022-12-16 17:36:09 - [TEST_STEP][PASSED] - username = findTestData(dataFile).getValue("UsernameDemo", row): null

2022-12-16 17:36:09 - [TEST_STEP][PASSED] - password = findTestData(dataFile).getValue("PasswordDemo", row): null

2022-12-16 17:36:09 - [TEST_STEP][PASSED] - break: null

2022-12-16 17:36:09 - [TEST_STEP][PASSED] - if (ExecuteTC.equalsIgnoreCase("Y")): null

2022-12-16 17:36:09 - [TEST_STEP][PASSED] - out.println("Begin Record Number: " + row): null

2022-12-16 17:36:09 - [TEST_STEP][PASSED] - today = new java.util.Date(): null

2022-12-16 17:36:09 - [TEST_STEP][PASSED] - println(today): null

2022-12-16 17:36:09 - [TEST_STEP][PASSED] - datText = today: null

2022-12-16 17:36:09 - [TEST_STEP][PASSED] - category = findTestData(dataFile).getValue("Category", row): null

2022-12-16 17:36:09 - [TEST_STEP][PASSED] - amount = findTestData(dataFile).getValue("Amount", row): null

2022-12-16 17:36:09 - [TEST_STEP][PASSED] - cardNumber = findTestData(dataFile).getValue("CardNumber", row): null

2022-12-16 17:36:09 - [TEST_STEP][PASSED] - exM = findTestData(dataFile).getValue("ExM", row): null

2022-12-16 17:36:09 - [TEST_STEP][PASSED] - exY = findTestData(dataFile).getValue("ExY", row): null

2022-12-16 17:36:09 - [TEST_STEP][PASSED] - openBrowser(VLinkURL + "auth.html"): Browser is opened with url: 'https://dev-algorithm.govolution.com/vlinktest/demo/version_2_0/auth.html'

2022-12-16 17:36:09 - [MESSAGE][WARNING] - A browser is already opened. Closing browser and opening a new one

2022-12-16 17:36:10 - [MESSAGE][INFO] - Starting 'Chrome' driver

2022-12-16 17:36:10 - [MESSAGE][INFO] - User set preference: ['acceptInsecureCerts', 'true']

2022-12-16 17:36:10 - [MESSAGE][INFO] - Action delay is set to 0 milliseconds

2022-12-16 17:36:12 - [MESSAGE][PASSED] - Browser is opened with url: 'https://dev-algorithm.govolution.com/vlinktest/demo/version_2_0/auth.html'

2022-12-16 17:36:12 - [TEST_STEP][PASSED] - maximizeWindow(): Current window maximized

2022-12-16 17:36:12 - [MESSAGE][PASSED] - Current window maximized

2022-12-16 17:36:12 - [TEST_STEP][PASSED] - genRemID = RandomStringUtils.random(12, true, true): null

2022-12-16 17:36:12 - [TEST_STEP][PASSED] - setText(findTestObject("Object Repository/RecAndPlayBk/Page-Vlink-AuthOnly/input_Remittance Id_remittance_id"), genRemID): Text 'Sz3ntSNfBKrs' is set on object 'Object Repository/RecAndPlayBk/Page-Vlink-AuthOnly/input_Remittance Id_remittance_id'

2022-12-16 17:36:13 - [MESSAGE][PASSED] - Text 'Sz3ntSNfBKrs' is set on object 'Object Repository/RecAndPlayBk/Page-Vlink-AuthOnly/input_Remittance Id_remittance_id'

2022-12-16 17:36:13 - [TEST_STEP][PASSED] - setText(findTestObject("Object Repository/RecAndPlayBk/Page-Vlink-AuthOnly/input_Application Id_application_id"), appID): Text '1773' is set on object 'Object Repository/RecAndPlayBk/Page-Vlink-AuthOnly/input_Application Id_application_id'

2022-12-16 17:36:14 - [MESSAGE][PASSED] - Text '1773' is set on object 'Object Repository/RecAndPlayBk/Page-Vlink-AuthOnly/input_Application Id_application_id'

2022-12-16 17:36:14 - [TEST_STEP][PASSED] - setText(findTestObject("Object Repository/RecAndPlayBk/Page-Vlink-AuthOnly/input_Username_username"), username): Text 'username' is set on object 'Object Repository/RecAndPlayBk/Page-Vlink-AuthOnly/input_Username_username'

2022-12-16 17:36:15 - [MESSAGE][PASSED] - Text 'username' is set on object 'Object Repository/RecAndPlayBk/Page-Vlink-AuthOnly/input_Username_username'

2022-12-16 17:36:15 - [TEST_STEP][PASSED] - setText(findTestObject("Object Repository/RecAndPlayBk/Page-Vlink-AuthOnly/input_Password_password"), password): Text 'password' is set on object 'Object Repository/RecAndPlayBk/Page-Vlink-AuthOnly/input_Password_password'

2022-12-16 17:36:16 - [MESSAGE][PASSED] - Text 'password' is set on object 'Object Repository/RecAndPlayBk/Page-Vlink-AuthOnly/input_Password_password'

2022-12-16 17:36:16 - [TEST_STEP][PASSED] - setText(findTestObject("Object Repository/RecAndPlayBk/Page-Vlink-AuthOnly/input_Category_category"), category): Text 'RETL' is set on object 'Object Repository/RecAndPlayBk/Page-Vlink-AuthOnly/input_Category_category'

2022-12-16 17:36:16 - [MESSAGE][PASSED] - Text 'RETL' is set on object 'Object Repository/RecAndPlayBk/Page-Vlink-AuthOnly/input_Category_category'

2022-12-16 17:36:16 - [TEST_STEP][PASSED] - setText(findTestObject("Object Repository/RecAndPlayBk/Page-Vlink-AuthOnly/input_Amount_amount"), amount): Text '10.5' is set on object 'Object Repository/RecAndPlayBk/Page-Vlink-AuthOnly/input_Amount_amount'

2022-12-16 17:36:17 - [MESSAGE][PASSED] - Text '10.5' is set on object 'Object Repository/RecAndPlayBk/Page-Vlink-AuthOnly/input_Amount_amount'

2022-12-16 17:36:17 - [TEST_STEP][PASSED] - doubleClick(findTestObject("Object Repository/RecAndPlayBk/Page-Vlink-AuthOnly/input_Card number_card_number")): Object: 'Object Repository/RecAndPlayBk/Page-Vlink-AuthOnly/input_Card number_card_number' is double clicked on

2022-12-16 17:36:18 - [MESSAGE][PASSED] - Object: 'Object Repository/RecAndPlayBk/Page-Vlink-AuthOnly/input_Card number_card_number' is double clicked on

2022-12-16 17:36:18 - [TEST_STEP][PASSED] - setText(findTestObject("Object Repository/RecAndPlayBk/Page-Vlink-AuthOnly/input_Card number_card_number"), cardNumber): Text '370000000000002' is set on object 'Object Repository/RecAndPlayBk/Page-Vlink-AuthOnly/input_Card number_card_number'

2022-12-16 17:36:19 - [MESSAGE][PASSED] - Text '370000000000002' is set on object 'Object Repository/RecAndPlayBk/Page-Vlink-AuthOnly/input_Card number_card_number'

2022-12-16 17:36:19 - [TEST_STEP][PASSED] - setText(findTestObject("Object Repository/RecAndPlayBk/Page-Vlink-AuthOnly/input_Card ex month_card_exmo"), exM): Text '12' is set on object 'Object Repository/RecAndPlayBk/Page-Vlink-AuthOnly/input_Card ex month_card_exmo'

2022-12-16 17:36:20 - [MESSAGE][PASSED] - Text '12' is set on object 'Object Repository/RecAndPlayBk/Page-Vlink-AuthOnly/input_Card ex month_card_exmo'

2022-12-16 17:36:20 - [TEST_STEP][PASSED] - setText(findTestObject("Object Repository/RecAndPlayBk/Page-Vlink-AuthOnly/input_Card ex year_card_exyr"), exY): Text '2029' is set on object 'Object Repository/RecAndPlayBk/Page-Vlink-AuthOnly/input_Card ex year_card_exyr'

2022-12-16 17:36:21 - [MESSAGE][PASSED] - Text '2029' is set on object 'Object Repository/RecAndPlayBk/Page-Vlink-AuthOnly/input_Card ex year_card_exyr'

2022-12-16 17:36:21 - [TEST_STEP][PASSED] - click(findTestObject("Object Repository/RecAndPlayBk/Page-Vlink-AuthOnly/input_Track Data_track_data")): Object: 'Object Repository/RecAndPlayBk/Page-Vlink-AuthOnly/input_Track Data_track_data' is clicked on

2022-12-16 17:36:21 - [MESSAGE][PASSED] - Object: 'Object Repository/RecAndPlayBk/Page-Vlink-AuthOnly/input_Track Data_track_data' is clicked on

2022-12-16 17:36:21 - [TEST_STEP][PASSED] - click(findTestObject("Object Repository/RecAndPlayBk/Page-Vlink-AuthOnly/input_CVV state_cvv_state")): Object: 'Object Repository/RecAndPlayBk/Page-Vlink-AuthOnly/input_CVV state_cvv_state' is clicked on

2022-12-16 17:36:22 - [MESSAGE][PASSED] - Object: 'Object Repository/RecAndPlayBk/Page-Vlink-AuthOnly/input_CVV state_cvv_state' is clicked on

2022-12-16 17:36:22 - [TEST_STEP][PASSED] - setText(findTestObject("Object Repository/RecAndPlayBk/Page-Vlink-AuthOnly/input_Track Data_track_data"), ""): Text '' is set on object 'Object Repository/RecAndPlayBk/Page-Vlink-AuthOnly/input_Track Data_track_data'

2022-12-16 17:36:22 - [MESSAGE][PASSED] - Text '' is set on object 'Object Repository/RecAndPlayBk/Page-Vlink-AuthOnly/input_Track Data_track_data'

2022-12-16 17:36:22 - [TEST_STEP][PASSED] - setText(findTestObject("Object Repository/RecAndPlayBk/Page-Vlink-AuthOnly/input_concat(Cardholder, , s email)_email"), ""): Text '' is set on object 'Object Repository/RecAndPlayBk/Page-Vlink-AuthOnly/input_concat(Cardholder, , s email)_email'

2022-12-16 17:36:23 - [MESSAGE][PASSED] - Text '' is set on object 'Object Repository/RecAndPlayBk/Page-Vlink-AuthOnly/input_concat(Cardholder, , s email)_email'

2022-12-16 17:36:23 - [TEST_STEP][PASSED] - click(findTestObject("Object Repository/RecAndPlayBk/Page-Vlink-AuthOnly/input_user_defined10_user_defined10")): Object: 'Object Repository/RecAndPlayBk/Page-Vlink-AuthOnly/input_user_defined10_user_defined10' is clicked on

2022-12-16 17:36:24 - [MESSAGE][PASSED] - Object: 'Object Repository/RecAndPlayBk/Page-Vlink-AuthOnly/input_user_defined10_user_defined10' is clicked on

2022-12-16 17:36:24 - [TEST_STEP][PASSED] - if (executionProfile.equalsIgnoreCase("QAProfile")): null

2022-12-16 17:36:24 - [TEST_STEP][PASSED] - click(findTestObject("Object Repository/RecAndPlayBk/Page-Vlink-AuthOnly/input")): Object: 'Object Repository/RecAndPlayBk/Page-Vlink-AuthOnly/input' is clicked on

2022-12-16 17:36:25 - [MESSAGE][PASSED] - Object: 'Object Repository/RecAndPlayBk/Page-Vlink-AuthOnly/input' is clicked on

2022-12-16 17:36:25 - [TEST_STEP][PASSED] - if (verifyTextPresent("Transaction approved, no errors", true)): null

2022-12-16 17:36:25 - [MESSAGE][PASSED] - Text 'Transaction approved, no errors' is present on page  using regular expression

2022-12-16 17:36:25 - [TEST_STEP][PASSED] - out.println("Auth was successful, Capture now"): null

2022-12-16 17:36:25 - [TEST_STEP][PASSED] - sdfo = getText(findTestObject("Object Repository/Page_VLinkReceipt/pre_STX")): Text of object 'Object Repository/Page_VLinkReceipt/pre_STX' is: '<STX>Sz3ntSNfBKrs                  2914319             0  Transaction approved, no errors                   0                                                                                  Y 752810941<ETX>'

2022-12-16 17:36:25 - [MESSAGE][PASSED] - Text of object 'Object Repository/Page_VLinkReceipt/pre_STX' is: '<STX>Sz3ntSNfBKrs                  2914319             0  Transaction approved, no errors                   0                                                                                  Y 752810941<ETX>'

2022-12-16 17:36:25 - [TEST_STEP][PASSED] - out.println("sdfo: " + sdfo): null

2022-12-16 17:36:25 - [TEST_STEP][PASSED] - remID = substring(5, 35).trim(): null

2022-12-16 17:36:25 - [TEST_STEP][PASSED] - out.println("remID: " + remID): null

2022-12-16 17:36:25 - [TEST_STEP][PASSED] - traxID = substring(35, 55).trim(): null

2022-12-16 17:36:25 - [TEST_STEP][PASSED] - out.println("traxID: " + traxID): null

2022-12-16 17:36:25 - [TEST_STEP][PASSED] - VLinkSaleRemID = remID: null

2022-12-16 17:36:25 - [TEST_STEP][PASSED] - VLinkSaleTranxID = traxID: null

2022-12-16 17:36:25 - [TEST_STEP][PASSED] - openBrowser(VLinkURL + "capture.html"): Browser is opened with url: 'https://dev-algorithm.govolution.com/vlinktest/demo/version_2_0/capture.html'

2022-12-16 17:36:25 - [MESSAGE][WARNING] - A browser is already opened. Closing browser and opening a new one

2022-12-16 17:36:26 - [MESSAGE][INFO] - Starting 'Chrome' driver

2022-12-16 17:36:26 - [MESSAGE][INFO] - User set preference: ['acceptInsecureCerts', 'true']

2022-12-16 17:36:26 - [MESSAGE][INFO] - Action delay is set to 0 milliseconds

2022-12-16 17:36:28 - [MESSAGE][PASSED] - Browser is opened with url: 'https://dev-algorithm.govolution.com/vlinktest/demo/version_2_0/capture.html'

2022-12-16 17:36:28 - [TEST_STEP][PASSED] - maximizeWindow(): Current window maximized

2022-12-16 17:36:28 - [MESSAGE][PASSED] - Current window maximized

2022-12-16 17:36:28 - [TEST_STEP][PASSED] - setText(findTestObject("Object Repository/RecAndPlayBk/Page-VLink-Capture/input_Remittance Id_remittance_id"), VLinkSaleRemID): Text 'Sz3ntSNfBKrs' is set on object 'Object Repository/RecAndPlayBk/Page-VLink-Capture/input_Remittance Id_remittance_id'

2022-12-16 17:36:29 - [MESSAGE][PASSED] - Text 'Sz3ntSNfBKrs' is set on object 'Object Repository/RecAndPlayBk/Page-VLink-Capture/input_Remittance Id_remittance_id'

2022-12-16 17:36:29 - [TEST_STEP][PASSED] - setText(findTestObject("Object Repository/RecAndPlayBk/Page-VLink-Capture/input_Application Id_application_id"), appID): Text '1773' is set on object 'Object Repository/RecAndPlayBk/Page-VLink-Capture/input_Application Id_application_id'

2022-12-16 17:36:30 - [MESSAGE][PASSED] - Text '1773' is set on object 'Object Repository/RecAndPlayBk/Page-VLink-Capture/input_Application Id_application_id'

2022-12-16 17:36:30 - [TEST_STEP][PASSED] - setText(findTestObject("Object Repository/RecAndPlayBk/Page-VLink-Capture/input_Username_username"), username): Text 'username' is set on object 'Object Repository/RecAndPlayBk/Page-VLink-Capture/input_Username_username'

2022-12-16 17:36:31 - [MESSAGE][PASSED] - Text 'username' is set on object 'Object Repository/RecAndPlayBk/Page-VLink-Capture/input_Username_username'

2022-12-16 17:36:31 - [TEST_STEP][PASSED] - setText(findTestObject("Object Repository/RecAndPlayBk/Page-VLink-Capture/input_Password_password"), password): Text 'password' is set on object 'Object Repository/RecAndPlayBk/Page-VLink-Capture/input_Password_password'

2022-12-16 17:36:32 - [MESSAGE][PASSED] - Text 'password' is set on object 'Object Repository/RecAndPlayBk/Page-VLink-Capture/input_Password_password'

2022-12-16 17:36:32 - [TEST_STEP][PASSED] - setText(findTestObject("Object Repository/RecAndPlayBk/Page-VLink-Capture/input_Transaction ID_transaction_id"), VLinkSaleTranxID): Text '2914319' is set on object 'Object Repository/RecAndPlayBk/Page-VLink-Capture/input_Transaction ID_transaction_id'

2022-12-16 17:36:33 - [MESSAGE][PASSED] - Text '2914319' is set on object 'Object Repository/RecAndPlayBk/Page-VLink-Capture/input_Transaction ID_transaction_id'

2022-12-16 17:36:33 - [TEST_STEP][PASSED] - setText(findTestObject("Object Repository/RecAndPlayBk/Page-VLink-Capture/input_Amount_amount"), amount): Text '10.5' is set on object 'Object Repository/RecAndPlayBk/Page-VLink-Capture/input_Amount_amount'

2022-12-16 17:36:33 - [MESSAGE][PASSED] - Text '10.5' is set on object 'Object Repository/RecAndPlayBk/Page-VLink-Capture/input_Amount_amount'

2022-12-16 17:36:33 - [TEST_STEP][PASSED] - click(findTestObject("Object Repository/RecAndPlayBk/Page-VLink-Capture/input")): Object: 'Object Repository/RecAndPlayBk/Page-VLink-Capture/input' is clicked on

2022-12-16 17:36:36 - [MESSAGE][PASSED] - Object: 'Object Repository/RecAndPlayBk/Page-VLink-Capture/input' is clicked on

2022-12-16 17:36:36 - [TEST_STEP][PASSED] - if (verifyTextPresent("Transaction approved, no errors", true)): null

2022-12-16 17:36:37 - [MESSAGE][PASSED] - Text 'Transaction approved, no errors' is present on page  using regular expression

2022-12-16 17:36:37 - [TEST_STEP][PASSED] - println("Transaction Approved, no errors text is present on the Confirmation page"): null

2022-12-16 17:36:37 - [TEST_STEP][PASSED] - out.println("Pass Record Number: " + row): null

2022-12-16 17:36:37 - [TEST_STEP][PASSED] - resText = "Pass": null

2022-12-16 17:36:37 - [TEST_STEP][PASSED] - pages.WriteExcel.demoKey(resText, datText, resColumn, datCloumn, fileLoc, nameSheet, row): pages.WriteExcel.demoKey is PASSED

2022-12-16 17:36:37 - [MESSAGE][PASSED] - pages.WriteExcel.demoKey is PASSED

2022-12-16 17:36:37 - [TEST_STEP][PASSED] - ExecuteTC = findTestData(dataFile).getValue("Execute", row): null

2022-12-16 17:36:37 - [TEST_STEP][PASSED] - out.println("Value of Execute is : " + ExecuteTC): null

2022-12-16 17:36:37 - [TEST_STEP][PASSED] - switch (executionProfile): null

2022-12-16 17:36:37 - [TEST_STEP][PASSED] - case "DemoProfile":: null

2022-12-16 17:36:37 - [TEST_STEP][PASSED] - appID = findTestData(dataFile).getValue("AppIDDemo", row): null

2022-12-16 17:36:37 - [TEST_STEP][PASSED] - username = findTestData(dataFile).getValue("UsernameDemo", row): null

2022-12-16 17:36:37 - [TEST_STEP][PASSED] - password = findTestData(dataFile).getValue("PasswordDemo", row): null

2022-12-16 17:36:37 - [TEST_STEP][PASSED] - break: null

2022-12-16 17:36:37 - [TEST_STEP][PASSED] - if (ExecuteTC.equalsIgnoreCase("Y")): null

2022-12-16 17:36:37 - [TEST_STEP][PASSED] - out.println("Begin Record Number: " + row): null

2022-12-16 17:36:37 - [TEST_STEP][PASSED] - today = new java.util.Date(): null

2022-12-16 17:36:37 - [TEST_STEP][PASSED] - println(today): null

2022-12-16 17:36:37 - [TEST_STEP][PASSED] - datText = today: null

2022-12-16 17:36:37 - [TEST_STEP][PASSED] - category = findTestData(dataFile).getValue("Category", row): null

2022-12-16 17:36:37 - [TEST_STEP][PASSED] - amount = findTestData(dataFile).getValue("Amount", row): null

2022-12-16 17:36:37 - [TEST_STEP][PASSED] - cardNumber = findTestData(dataFile).getValue("CardNumber", row): null

2022-12-16 17:36:37 - [TEST_STEP][PASSED] - exM = findTestData(dataFile).getValue("ExM", row): null

2022-12-16 17:36:37 - [TEST_STEP][PASSED] - exY = findTestData(dataFile).getValue("ExY", row): null

2022-12-16 17:36:37 - [TEST_STEP][PASSED] - openBrowser(VLinkURL + "auth.html"): Browser is opened with url: 'https://dev-algorithm.govolution.com/vlinktest/demo/version_2_0/auth.html'

2022-12-16 17:36:37 - [MESSAGE][WARNING] - A browser is already opened. Closing browser and opening a new one

2022-12-16 17:36:38 - [MESSAGE][INFO] - Starting 'Chrome' driver

2022-12-16 17:36:38 - [MESSAGE][INFO] - User set preference: ['acceptInsecureCerts', 'true']

2022-12-16 17:36:38 - [MESSAGE][INFO] - Action delay is set to 0 milliseconds

2022-12-16 17:36:40 - [MESSAGE][PASSED] - Browser is opened with url: 'https://dev-algorithm.govolution.com/vlinktest/demo/version_2_0/auth.html'

2022-12-16 17:36:40 - [TEST_STEP][PASSED] - maximizeWindow(): Current window maximized

2022-12-16 17:36:40 - [MESSAGE][PASSED] - Current window maximized

2022-12-16 17:36:40 - [TEST_STEP][PASSED] - genRemID = RandomStringUtils.random(12, true, true): null

2022-12-16 17:36:40 - [TEST_STEP][PASSED] - setText(findTestObject("Object Repository/RecAndPlayBk/Page-Vlink-AuthOnly/input_Remittance Id_remittance_id"), genRemID): Text 'CcL4vtKD7Kpw' is set on object 'Object Repository/RecAndPlayBk/Page-Vlink-AuthOnly/input_Remittance Id_remittance_id'

2022-12-16 17:36:41 - [MESSAGE][PASSED] - Text 'CcL4vtKD7Kpw' is set on object 'Object Repository/RecAndPlayBk/Page-Vlink-AuthOnly/input_Remittance Id_remittance_id'

2022-12-16 17:36:41 - [TEST_STEP][PASSED] - setText(findTestObject("Object Repository/RecAndPlayBk/Page-Vlink-AuthOnly/input_Application Id_application_id"), appID): Text '2435' is set on object 'Object Repository/RecAndPlayBk/Page-Vlink-AuthOnly/input_Application Id_application_id'

2022-12-16 17:36:42 - [MESSAGE][PASSED] - Text '2435' is set on object 'Object Repository/RecAndPlayBk/Page-Vlink-AuthOnly/input_Application Id_application_id'

2022-12-16 17:36:42 - [TEST_STEP][PASSED] - setText(findTestObject("Object Repository/RecAndPlayBk/Page-Vlink-AuthOnly/input_Username_username"), username): Text 'health' is set on object 'Object Repository/RecAndPlayBk/Page-Vlink-AuthOnly/input_Username_username'

2022-12-16 17:36:43 - [MESSAGE][PASSED] - Text 'health' is set on object 'Object Repository/RecAndPlayBk/Page-Vlink-AuthOnly/input_Username_username'

2022-12-16 17:36:43 - [TEST_STEP][PASSED] - setText(findTestObject("Object Repository/RecAndPlayBk/Page-Vlink-AuthOnly/input_Password_password"), password): Text '11111111' is set on object 'Object Repository/RecAndPlayBk/Page-Vlink-AuthOnly/input_Password_password'

2022-12-16 17:36:44 - [MESSAGE][PASSED] - Text '11111111' is set on object 'Object Repository/RecAndPlayBk/Page-Vlink-AuthOnly/input_Password_password'

2022-12-16 17:36:44 - [TEST_STEP][PASSED] - setText(findTestObject("Object Repository/RecAndPlayBk/Page-Vlink-AuthOnly/input_Category_category"), category): Text 'ECOM' is set on object 'Object Repository/RecAndPlayBk/Page-Vlink-AuthOnly/input_Category_category'

2022-12-16 17:36:45 - [MESSAGE][PASSED] - Text 'ECOM' is set on object 'Object Repository/RecAndPlayBk/Page-Vlink-AuthOnly/input_Category_category'

2022-12-16 17:36:45 - [TEST_STEP][PASSED] - setText(findTestObject("Object Repository/RecAndPlayBk/Page-Vlink-AuthOnly/input_Amount_amount"), amount): Text '10.5' is set on object 'Object Repository/RecAndPlayBk/Page-Vlink-AuthOnly/input_Amount_amount'

2022-12-16 17:36:46 - [MESSAGE][PASSED] - Text '10.5' is set on object 'Object Repository/RecAndPlayBk/Page-Vlink-AuthOnly/input_Amount_amount'

2022-12-16 17:36:46 - [TEST_STEP][PASSED] - doubleClick(findTestObject("Object Repository/RecAndPlayBk/Page-Vlink-AuthOnly/input_Card number_card_number")): Object: 'Object Repository/RecAndPlayBk/Page-Vlink-AuthOnly/input_Card number_card_number' is double clicked on

2022-12-16 17:36:46 - [MESSAGE][PASSED] - Object: 'Object Repository/RecAndPlayBk/Page-Vlink-AuthOnly/input_Card number_card_number' is double clicked on

2022-12-16 17:36:46 - [TEST_STEP][PASSED] - setText(findTestObject("Object Repository/RecAndPlayBk/Page-Vlink-AuthOnly/input_Card number_card_number"), cardNumber): Text '4012000098765439' is set on object 'Object Repository/RecAndPlayBk/Page-Vlink-AuthOnly/input_Card number_card_number'

2022-12-16 17:36:47 - [MESSAGE][PASSED] - Text '4012000098765439' is set on object 'Object Repository/RecAndPlayBk/Page-Vlink-AuthOnly/input_Card number_card_number'

2022-12-16 17:36:47 - [TEST_STEP][PASSED] - setText(findTestObject("Object Repository/RecAndPlayBk/Page-Vlink-AuthOnly/input_Card ex month_card_exmo"), exM): Text '12' is set on object 'Object Repository/RecAndPlayBk/Page-Vlink-AuthOnly/input_Card ex month_card_exmo'

2022-12-16 17:36:48 - [MESSAGE][PASSED] - Text '12' is set on object 'Object Repository/RecAndPlayBk/Page-Vlink-AuthOnly/input_Card ex month_card_exmo'

2022-12-16 17:36:48 - [TEST_STEP][PASSED] - setText(findTestObject("Object Repository/RecAndPlayBk/Page-Vlink-AuthOnly/input_Card ex year_card_exyr"), exY): Text '2029' is set on object 'Object Repository/RecAndPlayBk/Page-Vlink-AuthOnly/input_Card ex year_card_exyr'

2022-12-16 17:36:49 - [MESSAGE][PASSED] - Text '2029' is set on object 'Object Repository/RecAndPlayBk/Page-Vlink-AuthOnly/input_Card ex year_card_exyr'

2022-12-16 17:36:49 - [TEST_STEP][PASSED] - click(findTestObject("Object Repository/RecAndPlayBk/Page-Vlink-AuthOnly/input_Track Data_track_data")): Object: 'Object Repository/RecAndPlayBk/Page-Vlink-AuthOnly/input_Track Data_track_data' is clicked on

2022-12-16 17:36:49 - [MESSAGE][PASSED] - Object: 'Object Repository/RecAndPlayBk/Page-Vlink-AuthOnly/input_Track Data_track_data' is clicked on

2022-12-16 17:36:49 - [TEST_STEP][PASSED] - click(findTestObject("Object Repository/RecAndPlayBk/Page-Vlink-AuthOnly/input_CVV state_cvv_state")): Object: 'Object Repository/RecAndPlayBk/Page-Vlink-AuthOnly/input_CVV state_cvv_state' is clicked on

2022-12-16 17:36:50 - [MESSAGE][PASSED] - Object: 'Object Repository/RecAndPlayBk/Page-Vlink-AuthOnly/input_CVV state_cvv_state' is clicked on

2022-12-16 17:36:50 - [TEST_STEP][PASSED] - setText(findTestObject("Object Repository/RecAndPlayBk/Page-Vlink-AuthOnly/input_Track Data_track_data"), ""): Text '' is set on object 'Object Repository/RecAndPlayBk/Page-Vlink-AuthOnly/input_Track Data_track_data'

2022-12-16 17:36:51 - [MESSAGE][PASSED] - Text '' is set on object 'Object Repository/RecAndPlayBk/Page-Vlink-AuthOnly/input_Track Data_track_data'

2022-12-16 17:36:51 - [TEST_STEP][PASSED] - setText(findTestObject("Object Repository/RecAndPlayBk/Page-Vlink-AuthOnly/input_concat(Cardholder, , s email)_email"), ""): Text '' is set on object 'Object Repository/RecAndPlayBk/Page-Vlink-AuthOnly/input_concat(Cardholder, , s email)_email'

2022-12-16 17:36:52 - [MESSAGE][PASSED] - Text '' is set on object 'Object Repository/RecAndPlayBk/Page-Vlink-AuthOnly/input_concat(Cardholder, , s email)_email'

2022-12-16 17:36:52 - [TEST_STEP][PASSED] - click(findTestObject("Object Repository/RecAndPlayBk/Page-Vlink-AuthOnly/input_user_defined10_user_defined10")): Object: 'Object Repository/RecAndPlayBk/Page-Vlink-AuthOnly/input_user_defined10_user_defined10' is clicked on

2022-12-16 17:36:52 - [MESSAGE][PASSED] - Object: 'Object Repository/RecAndPlayBk/Page-Vlink-AuthOnly/input_user_defined10_user_defined10' is clicked on

2022-12-16 17:36:52 - [TEST_STEP][PASSED] - if (executionProfile.equalsIgnoreCase("QAProfile")): null

2022-12-16 17:36:52 - [TEST_STEP][PASSED] - click(findTestObject("Object Repository/RecAndPlayBk/Page-Vlink-AuthOnly/input")): Object: 'Object Repository/RecAndPlayBk/Page-Vlink-AuthOnly/input' is clicked on

2022-12-16 17:36:59 - [MESSAGE][PASSED] - Object: 'Object Repository/RecAndPlayBk/Page-Vlink-AuthOnly/input' is clicked on

2022-12-16 17:36:59 - [TEST_STEP][PASSED] - if (verifyTextPresent("Transaction approved, no errors", true)): null

2022-12-16 17:36:59 - [MESSAGE][PASSED] - Text 'Transaction approved, no errors' is present on page  using regular expression

2022-12-16 17:36:59 - [TEST_STEP][PASSED] - out.println("Auth was successful, Capture now"): null

2022-12-16 17:36:59 - [TEST_STEP][PASSED] - sdfo = getText(findTestObject("Object Repository/Page_VLinkReceipt/pre_STX")): Text of object 'Object Repository/Page_VLinkReceipt/pre_STX' is: '<STX>CcL4vtKD7Kpw                  2914321             0  Transaction approved, no errors                   0                                                                                  N 765439   <ETX>'

2022-12-16 17:37:00 - [MESSAGE][PASSED] - Text of object 'Object Repository/Page_VLinkReceipt/pre_STX' is: '<STX>CcL4vtKD7Kpw                  2914321             0  Transaction approved, no errors                   0                                                                                  N 765439   <ETX>'

2022-12-16 17:37:00 - [TEST_STEP][PASSED] - out.println("sdfo: " + sdfo): null

2022-12-16 17:37:00 - [TEST_STEP][PASSED] - remID = substring(5, 35).trim(): null

2022-12-16 17:37:00 - [TEST_STEP][PASSED] - out.println("remID: " + remID): null

2022-12-16 17:37:00 - [TEST_STEP][PASSED] - traxID = substring(35, 55).trim(): null

2022-12-16 17:37:00 - [TEST_STEP][PASSED] - out.println("traxID: " + traxID): null

2022-12-16 17:37:00 - [TEST_STEP][PASSED] - VLinkSaleRemID = remID: null

2022-12-16 17:37:00 - [TEST_STEP][PASSED] - VLinkSaleTranxID = traxID: null

2022-12-16 17:37:00 - [TEST_STEP][PASSED] - openBrowser(VLinkURL + "capture.html"): Browser is opened with url: 'https://dev-algorithm.govolution.com/vlinktest/demo/version_2_0/capture.html'

2022-12-16 17:37:00 - [MESSAGE][WARNING] - A browser is already opened. Closing browser and opening a new one

2022-12-16 17:37:01 - [MESSAGE][INFO] - Starting 'Chrome' driver

2022-12-16 17:37:01 - [MESSAGE][INFO] - User set preference: ['acceptInsecureCerts', 'true']

2022-12-16 17:37:01 - [MESSAGE][INFO] - Action delay is set to 0 milliseconds

2022-12-16 17:37:02 - [MESSAGE][PASSED] - Browser is opened with url: 'https://dev-algorithm.govolution.com/vlinktest/demo/version_2_0/capture.html'

2022-12-16 17:37:02 - [TEST_STEP][PASSED] - maximizeWindow(): Current window maximized

2022-12-16 17:37:02 - [MESSAGE][PASSED] - Current window maximized

2022-12-16 17:37:02 - [TEST_STEP][PASSED] - setText(findTestObject("Object Repository/RecAndPlayBk/Page-VLink-Capture/input_Remittance Id_remittance_id"), VLinkSaleRemID): Text 'CcL4vtKD7Kpw' is set on object 'Object Repository/RecAndPlayBk/Page-VLink-Capture/input_Remittance Id_remittance_id'

2022-12-16 17:37:03 - [MESSAGE][PASSED] - Text 'CcL4vtKD7Kpw' is set on object 'Object Repository/RecAndPlayBk/Page-VLink-Capture/input_Remittance Id_remittance_id'

2022-12-16 17:37:03 - [TEST_STEP][PASSED] - setText(findTestObject("Object Repository/RecAndPlayBk/Page-VLink-Capture/input_Application Id_application_id"), appID): Text '2435' is set on object 'Object Repository/RecAndPlayBk/Page-VLink-Capture/input_Application Id_application_id'

2022-12-16 17:37:04 - [MESSAGE][PASSED] - Text '2435' is set on object 'Object Repository/RecAndPlayBk/Page-VLink-Capture/input_Application Id_application_id'

2022-12-16 17:37:04 - [TEST_STEP][PASSED] - setText(findTestObject("Object Repository/RecAndPlayBk/Page-VLink-Capture/input_Username_username"), username): Text 'health' is set on object 'Object Repository/RecAndPlayBk/Page-VLink-Capture/input_Username_username'

2022-12-16 17:37:05 - [MESSAGE][PASSED] - Text 'health' is set on object 'Object Repository/RecAndPlayBk/Page-VLink-Capture/input_Username_username'

2022-12-16 17:37:05 - [TEST_STEP][PASSED] - setText(findTestObject("Object Repository/RecAndPlayBk/Page-VLink-Capture/input_Password_password"), password): Text '11111111' is set on object 'Object Repository/RecAndPlayBk/Page-VLink-Capture/input_Password_password'

2022-12-16 17:37:06 - [MESSAGE][PASSED] - Text '11111111' is set on object 'Object Repository/RecAndPlayBk/Page-VLink-Capture/input_Password_password'

2022-12-16 17:37:06 - [TEST_STEP][PASSED] - setText(findTestObject("Object Repository/RecAndPlayBk/Page-VLink-Capture/input_Transaction ID_transaction_id"), VLinkSaleTranxID): Text '2914321' is set on object 'Object Repository/RecAndPlayBk/Page-VLink-Capture/input_Transaction ID_transaction_id'

2022-12-16 17:37:07 - [MESSAGE][PASSED] - Text '2914321' is set on object 'Object Repository/RecAndPlayBk/Page-VLink-Capture/input_Transaction ID_transaction_id'

2022-12-16 17:37:07 - [TEST_STEP][PASSED] - setText(findTestObject("Object Repository/RecAndPlayBk/Page-VLink-Capture/input_Amount_amount"), amount): Text '10.5' is set on object 'Object Repository/RecAndPlayBk/Page-VLink-Capture/input_Amount_amount'

2022-12-16 17:37:08 - [MESSAGE][PASSED] - Text '10.5' is set on object 'Object Repository/RecAndPlayBk/Page-VLink-Capture/input_Amount_amount'

2022-12-16 17:37:08 - [TEST_STEP][PASSED] - click(findTestObject("Object Repository/RecAndPlayBk/Page-VLink-Capture/input")): Object: 'Object Repository/RecAndPlayBk/Page-VLink-Capture/input' is clicked on

2022-12-16 17:37:12 - [MESSAGE][PASSED] - Object: 'Object Repository/RecAndPlayBk/Page-VLink-Capture/input' is clicked on

2022-12-16 17:37:12 - [TEST_STEP][PASSED] - if (verifyTextPresent("Transaction approved, no errors", true)): null

2022-12-16 17:37:12 - [MESSAGE][PASSED] - Text 'Transaction approved, no errors' is present on page  using regular expression

2022-12-16 17:37:12 - [TEST_STEP][PASSED] - println("Transaction Approved, no errors text is present on the Confirmation page"): null

2022-12-16 17:37:12 - [TEST_STEP][PASSED] - out.println("Pass Record Number: " + row): null

2022-12-16 17:37:12 - [TEST_STEP][PASSED] - resText = "Pass": null

2022-12-16 17:37:12 - [TEST_STEP][PASSED] - pages.WriteExcel.demoKey(resText, datText, resColumn, datCloumn, fileLoc, nameSheet, row): pages.WriteExcel.demoKey is PASSED

2022-12-16 17:37:12 - [MESSAGE][PASSED] - pages.WriteExcel.demoKey is PASSED

2022-12-16 17:37:12 - [TEST_STEP][PASSED] - ExecuteTC = findTestData(dataFile).getValue("Execute", row): null

2022-12-16 17:37:12 - [TEST_STEP][PASSED] - out.println("Value of Execute is : " + ExecuteTC): null

2022-12-16 17:37:12 - [TEST_STEP][PASSED] - switch (executionProfile): null

2022-12-16 17:37:12 - [TEST_STEP][PASSED] - case "DemoProfile":: null

2022-12-16 17:37:12 - [TEST_STEP][PASSED] - appID = findTestData(dataFile).getValue("AppIDDemo", row): null

2022-12-16 17:37:12 - [TEST_STEP][PASSED] - username = findTestData(dataFile).getValue("UsernameDemo", row): null

2022-12-16 17:37:12 - [TEST_STEP][PASSED] - password = findTestData(dataFile).getValue("PasswordDemo", row): null

2022-12-16 17:37:12 - [TEST_STEP][PASSED] - break: null

2022-12-16 17:37:12 - [TEST_STEP][PASSED] - if (ExecuteTC.equalsIgnoreCase("Y")): null

2022-12-16 17:37:12 - [TEST_STEP][PASSED] - out.println("Begin Record Number: " + row): null

2022-12-16 17:37:12 - [TEST_STEP][PASSED] - today = new java.util.Date(): null

2022-12-16 17:37:12 - [TEST_STEP][PASSED] - println(today): null

2022-12-16 17:37:12 - [TEST_STEP][PASSED] - datText = today: null

2022-12-16 17:37:12 - [TEST_STEP][PASSED] - category = findTestData(dataFile).getValue("Category", row): null

2022-12-16 17:37:12 - [TEST_STEP][PASSED] - amount = findTestData(dataFile).getValue("Amount", row): null

2022-12-16 17:37:12 - [TEST_STEP][PASSED] - cardNumber = findTestData(dataFile).getValue("CardNumber", row): null

2022-12-16 17:37:12 - [TEST_STEP][PASSED] - exM = findTestData(dataFile).getValue("ExM", row): null

2022-12-16 17:37:12 - [TEST_STEP][PASSED] - exY = findTestData(dataFile).getValue("ExY", row): null

2022-12-16 17:37:13 - [TEST_STEP][PASSED] - openBrowser(VLinkURL + "auth.html"): Browser is opened with url: 'https://dev-algorithm.govolution.com/vlinktest/demo/version_2_0/auth.html'

2022-12-16 17:37:13 - [MESSAGE][WARNING] - A browser is already opened. Closing browser and opening a new one

2022-12-16 17:37:13 - [MESSAGE][INFO] - Starting 'Chrome' driver

2022-12-16 17:37:13 - [MESSAGE][INFO] - User set preference: ['acceptInsecureCerts', 'true']

2022-12-16 17:37:13 - [MESSAGE][INFO] - Action delay is set to 0 milliseconds

2022-12-16 17:37:15 - [MESSAGE][PASSED] - Browser is opened with url: 'https://dev-algorithm.govolution.com/vlinktest/demo/version_2_0/auth.html'

2022-12-16 17:37:15 - [TEST_STEP][PASSED] - maximizeWindow(): Current window maximized

2022-12-16 17:37:16 - [MESSAGE][PASSED] - Current window maximized

2022-12-16 17:37:16 - [TEST_STEP][PASSED] - genRemID = RandomStringUtils.random(12, true, true): null

2022-12-16 17:37:16 - [TEST_STEP][PASSED] - setText(findTestObject("Object Repository/RecAndPlayBk/Page-Vlink-AuthOnly/input_Remittance Id_remittance_id"), genRemID): Text 'JvcNC46ngEzD' is set on object 'Object Repository/RecAndPlayBk/Page-Vlink-AuthOnly/input_Remittance Id_remittance_id'

2022-12-16 17:37:16 - [MESSAGE][PASSED] - Text 'JvcNC46ngEzD' is set on object 'Object Repository/RecAndPlayBk/Page-Vlink-AuthOnly/input_Remittance Id_remittance_id'

2022-12-16 17:37:16 - [TEST_STEP][PASSED] - setText(findTestObject("Object Repository/RecAndPlayBk/Page-Vlink-AuthOnly/input_Application Id_application_id"), appID): Text '3136' is set on object 'Object Repository/RecAndPlayBk/Page-Vlink-AuthOnly/input_Application Id_application_id'

2022-12-16 17:37:17 - [MESSAGE][PASSED] - Text '3136' is set on object 'Object Repository/RecAndPlayBk/Page-Vlink-AuthOnly/input_Application Id_application_id'

2022-12-16 17:37:17 - [TEST_STEP][PASSED] - setText(findTestObject("Object Repository/RecAndPlayBk/Page-Vlink-AuthOnly/input_Username_username"), username): Text 'user3136' is set on object 'Object Repository/RecAndPlayBk/Page-Vlink-AuthOnly/input_Username_username'

2022-12-16 17:37:18 - [MESSAGE][PASSED] - Text 'user3136' is set on object 'Object Repository/RecAndPlayBk/Page-Vlink-AuthOnly/input_Username_username'

2022-12-16 17:37:18 - [TEST_STEP][PASSED] - setText(findTestObject("Object Repository/RecAndPlayBk/Page-Vlink-AuthOnly/input_Password_password"), password): Text 'pwd3136' is set on object 'Object Repository/RecAndPlayBk/Page-Vlink-AuthOnly/input_Password_password'

2022-12-16 17:37:19 - [MESSAGE][PASSED] - Text 'pwd3136' is set on object 'Object Repository/RecAndPlayBk/Page-Vlink-AuthOnly/input_Password_password'

2022-12-16 17:37:19 - [TEST_STEP][PASSED] - setText(findTestObject("Object Repository/RecAndPlayBk/Page-Vlink-AuthOnly/input_Category_category"), category): Text 'ECOM' is set on object 'Object Repository/RecAndPlayBk/Page-Vlink-AuthOnly/input_Category_category'

2022-12-16 17:37:20 - [MESSAGE][PASSED] - Text 'ECOM' is set on object 'Object Repository/RecAndPlayBk/Page-Vlink-AuthOnly/input_Category_category'

2022-12-16 17:37:20 - [TEST_STEP][PASSED] - setText(findTestObject("Object Repository/RecAndPlayBk/Page-Vlink-AuthOnly/input_Amount_amount"), amount): Text '10.5' is set on object 'Object Repository/RecAndPlayBk/Page-Vlink-AuthOnly/input_Amount_amount'

2022-12-16 17:37:21 - [MESSAGE][PASSED] - Text '10.5' is set on object 'Object Repository/RecAndPlayBk/Page-Vlink-AuthOnly/input_Amount_amount'

2022-12-16 17:37:21 - [TEST_STEP][PASSED] - doubleClick(findTestObject("Object Repository/RecAndPlayBk/Page-Vlink-AuthOnly/input_Card number_card_number")): Object: 'Object Repository/RecAndPlayBk/Page-Vlink-AuthOnly/input_Card number_card_number' is double clicked on

2022-12-16 17:37:21 - [MESSAGE][PASSED] - Object: 'Object Repository/RecAndPlayBk/Page-Vlink-AuthOnly/input_Card number_card_number' is double clicked on

2022-12-16 17:37:21 - [TEST_STEP][PASSED] - setText(findTestObject("Object Repository/RecAndPlayBk/Page-Vlink-AuthOnly/input_Card number_card_number"), cardNumber): Text '5146312200000035' is set on object 'Object Repository/RecAndPlayBk/Page-Vlink-AuthOnly/input_Card number_card_number'

2022-12-16 17:37:22 - [MESSAGE][PASSED] - Text '5146312200000035' is set on object 'Object Repository/RecAndPlayBk/Page-Vlink-AuthOnly/input_Card number_card_number'

2022-12-16 17:37:22 - [TEST_STEP][PASSED] - setText(findTestObject("Object Repository/RecAndPlayBk/Page-Vlink-AuthOnly/input_Card ex month_card_exmo"), exM): Text '12' is set on object 'Object Repository/RecAndPlayBk/Page-Vlink-AuthOnly/input_Card ex month_card_exmo'

2022-12-16 17:37:23 - [MESSAGE][PASSED] - Text '12' is set on object 'Object Repository/RecAndPlayBk/Page-Vlink-AuthOnly/input_Card ex month_card_exmo'

2022-12-16 17:37:23 - [TEST_STEP][PASSED] - setText(findTestObject("Object Repository/RecAndPlayBk/Page-Vlink-AuthOnly/input_Card ex year_card_exyr"), exY): Text '2029' is set on object 'Object Repository/RecAndPlayBk/Page-Vlink-AuthOnly/input_Card ex year_card_exyr'

2022-12-16 17:37:24 - [MESSAGE][PASSED] - Text '2029' is set on object 'Object Repository/RecAndPlayBk/Page-Vlink-AuthOnly/input_Card ex year_card_exyr'

2022-12-16 17:37:24 - [TEST_STEP][PASSED] - click(findTestObject("Object Repository/RecAndPlayBk/Page-Vlink-AuthOnly/input_Track Data_track_data")): Object: 'Object Repository/RecAndPlayBk/Page-Vlink-AuthOnly/input_Track Data_track_data' is clicked on

2022-12-16 17:37:25 - [MESSAGE][PASSED] - Object: 'Object Repository/RecAndPlayBk/Page-Vlink-AuthOnly/input_Track Data_track_data' is clicked on

2022-12-16 17:37:25 - [TEST_STEP][PASSED] - click(findTestObject("Object Repository/RecAndPlayBk/Page-Vlink-AuthOnly/input_CVV state_cvv_state")): Object: 'Object Repository/RecAndPlayBk/Page-Vlink-AuthOnly/input_CVV state_cvv_state' is clicked on

2022-12-16 17:37:25 - [MESSAGE][PASSED] - Object: 'Object Repository/RecAndPlayBk/Page-Vlink-AuthOnly/input_CVV state_cvv_state' is clicked on

2022-12-16 17:37:25 - [TEST_STEP][PASSED] - setText(findTestObject("Object Repository/RecAndPlayBk/Page-Vlink-AuthOnly/input_Track Data_track_data"), ""): Text '' is set on object 'Object Repository/RecAndPlayBk/Page-Vlink-AuthOnly/input_Track Data_track_data'

2022-12-16 17:37:26 - [MESSAGE][PASSED] - Text '' is set on object 'Object Repository/RecAndPlayBk/Page-Vlink-AuthOnly/input_Track Data_track_data'

2022-12-16 17:37:26 - [TEST_STEP][PASSED] - setText(findTestObject("Object Repository/RecAndPlayBk/Page-Vlink-AuthOnly/input_concat(Cardholder, , s email)_email"), ""): Text '' is set on object 'Object Repository/RecAndPlayBk/Page-Vlink-AuthOnly/input_concat(Cardholder, , s email)_email'

2022-12-16 17:37:26 - [MESSAGE][PASSED] - Text '' is set on object 'Object Repository/RecAndPlayBk/Page-Vlink-AuthOnly/input_concat(Cardholder, , s email)_email'

2022-12-16 17:37:26 - [TEST_STEP][PASSED] - click(findTestObject("Object Repository/RecAndPlayBk/Page-Vlink-AuthOnly/input_user_defined10_user_defined10")): Object: 'Object Repository/RecAndPlayBk/Page-Vlink-AuthOnly/input_user_defined10_user_defined10' is clicked on

2022-12-16 17:37:27 - [MESSAGE][PASSED] - Object: 'Object Repository/RecAndPlayBk/Page-Vlink-AuthOnly/input_user_defined10_user_defined10' is clicked on

2022-12-16 17:37:27 - [TEST_STEP][PASSED] - if (executionProfile.equalsIgnoreCase("QAProfile")): null

2022-12-16 17:37:27 - [TEST_STEP][PASSED] - click(findTestObject("Object Repository/RecAndPlayBk/Page-Vlink-AuthOnly/input")): Object: 'Object Repository/RecAndPlayBk/Page-Vlink-AuthOnly/input' is clicked on

2022-12-16 17:37:29 - [MESSAGE][PASSED] - Object: 'Object Repository/RecAndPlayBk/Page-Vlink-AuthOnly/input' is clicked on

2022-12-16 17:37:29 - [TEST_STEP][PASSED] - if (verifyTextPresent("Transaction approved, no errors", true)): null

2022-12-16 17:37:29 - [MESSAGE][PASSED] - Text 'Transaction approved, no errors' is present on page  using regular expression

2022-12-16 17:37:29 - [TEST_STEP][PASSED] - out.println("Auth was successful, Capture now"): null

2022-12-16 17:37:29 - [TEST_STEP][PASSED] - sdfo = getText(findTestObject("Object Repository/Page_VLinkReceipt/pre_STX")): Text of object 'Object Repository/Page_VLinkReceipt/pre_STX' is: '<STX>JvcNC46ngEzD                  2914323             0  Transaction approved, no errors                   0                                                                                    352693   <ETX>'

2022-12-16 17:37:30 - [MESSAGE][PASSED] - Text of object 'Object Repository/Page_VLinkReceipt/pre_STX' is: '<STX>JvcNC46ngEzD                  2914323             0  Transaction approved, no errors                   0                                                                                    352693   <ETX>'

2022-12-16 17:37:30 - [TEST_STEP][PASSED] - out.println("sdfo: " + sdfo): null

2022-12-16 17:37:30 - [TEST_STEP][PASSED] - remID = substring(5, 35).trim(): null

2022-12-16 17:37:30 - [TEST_STEP][PASSED] - out.println("remID: " + remID): null

2022-12-16 17:37:30 - [TEST_STEP][PASSED] - traxID = substring(35, 55).trim(): null

2022-12-16 17:37:30 - [TEST_STEP][PASSED] - out.println("traxID: " + traxID): null

2022-12-16 17:37:30 - [TEST_STEP][PASSED] - VLinkSaleRemID = remID: null

2022-12-16 17:37:30 - [TEST_STEP][PASSED] - VLinkSaleTranxID = traxID: null

2022-12-16 17:37:30 - [TEST_STEP][PASSED] - openBrowser(VLinkURL + "capture.html"): Browser is opened with url: 'https://dev-algorithm.govolution.com/vlinktest/demo/version_2_0/capture.html'

2022-12-16 17:37:30 - [MESSAGE][WARNING] - A browser is already opened. Closing browser and opening a new one

2022-12-16 17:37:31 - [MESSAGE][INFO] - Starting 'Chrome' driver

2022-12-16 17:37:31 - [MESSAGE][INFO] - User set preference: ['acceptInsecureCerts', 'true']

2022-12-16 17:37:31 - [MESSAGE][INFO] - Action delay is set to 0 milliseconds

2022-12-16 17:37:32 - [MESSAGE][PASSED] - Browser is opened with url: 'https://dev-algorithm.govolution.com/vlinktest/demo/version_2_0/capture.html'

2022-12-16 17:37:32 - [TEST_STEP][PASSED] - maximizeWindow(): Current window maximized

2022-12-16 17:37:32 - [MESSAGE][PASSED] - Current window maximized

2022-12-16 17:37:32 - [TEST_STEP][PASSED] - setText(findTestObject("Object Repository/RecAndPlayBk/Page-VLink-Capture/input_Remittance Id_remittance_id"), VLinkSaleRemID): Text 'JvcNC46ngEzD' is set on object 'Object Repository/RecAndPlayBk/Page-VLink-Capture/input_Remittance Id_remittance_id'

2022-12-16 17:37:33 - [MESSAGE][PASSED] - Text 'JvcNC46ngEzD' is set on object 'Object Repository/RecAndPlayBk/Page-VLink-Capture/input_Remittance Id_remittance_id'

2022-12-16 17:37:33 - [TEST_STEP][PASSED] - setText(findTestObject("Object Repository/RecAndPlayBk/Page-VLink-Capture/input_Application Id_application_id"), appID): Text '3136' is set on object 'Object Repository/RecAndPlayBk/Page-VLink-Capture/input_Application Id_application_id'

2022-12-16 17:37:34 - [MESSAGE][PASSED] - Text '3136' is set on object 'Object Repository/RecAndPlayBk/Page-VLink-Capture/input_Application Id_application_id'

2022-12-16 17:37:34 - [TEST_STEP][PASSED] - setText(findTestObject("Object Repository/RecAndPlayBk/Page-VLink-Capture/input_Username_username"), username): Text 'user3136' is set on object 'Object Repository/RecAndPlayBk/Page-VLink-Capture/input_Username_username'

2022-12-16 17:37:35 - [MESSAGE][PASSED] - Text 'user3136' is set on object 'Object Repository/RecAndPlayBk/Page-VLink-Capture/input_Username_username'

2022-12-16 17:37:35 - [TEST_STEP][PASSED] - setText(findTestObject("Object Repository/RecAndPlayBk/Page-VLink-Capture/input_Password_password"), password): Text 'pwd3136' is set on object 'Object Repository/RecAndPlayBk/Page-VLink-Capture/input_Password_password'

2022-12-16 17:37:36 - [MESSAGE][PASSED] - Text 'pwd3136' is set on object 'Object Repository/RecAndPlayBk/Page-VLink-Capture/input_Password_password'

2022-12-16 17:37:36 - [TEST_STEP][PASSED] - setText(findTestObject("Object Repository/RecAndPlayBk/Page-VLink-Capture/input_Transaction ID_transaction_id"), VLinkSaleTranxID): Text '2914323' is set on object 'Object Repository/RecAndPlayBk/Page-VLink-Capture/input_Transaction ID_transaction_id'

2022-12-16 17:37:36 - [MESSAGE][PASSED] - Text '2914323' is set on object 'Object Repository/RecAndPlayBk/Page-VLink-Capture/input_Transaction ID_transaction_id'

2022-12-16 17:37:36 - [TEST_STEP][PASSED] - setText(findTestObject("Object Repository/RecAndPlayBk/Page-VLink-Capture/input_Amount_amount"), amount): Text '10.5' is set on object 'Object Repository/RecAndPlayBk/Page-VLink-Capture/input_Amount_amount'

2022-12-16 17:37:37 - [MESSAGE][PASSED] - Text '10.5' is set on object 'Object Repository/RecAndPlayBk/Page-VLink-Capture/input_Amount_amount'

2022-12-16 17:37:37 - [TEST_STEP][PASSED] - click(findTestObject("Object Repository/RecAndPlayBk/Page-VLink-Capture/input")): Object: 'Object Repository/RecAndPlayBk/Page-VLink-Capture/input' is clicked on

2022-12-16 17:37:41 - [MESSAGE][PASSED] - Object: 'Object Repository/RecAndPlayBk/Page-VLink-Capture/input' is clicked on

2022-12-16 17:37:41 - [TEST_STEP][PASSED] - if (verifyTextPresent("Transaction approved, no errors", true)): null

2022-12-16 17:37:41 - [MESSAGE][PASSED] - Text 'Transaction approved, no errors' is present on page  using regular expression

2022-12-16 17:37:41 - [TEST_STEP][PASSED] - println("Transaction Approved, no errors text is present on the Confirmation page"): null

2022-12-16 17:37:41 - [TEST_STEP][PASSED] - out.println("Pass Record Number: " + row): null

2022-12-16 17:37:41 - [TEST_STEP][PASSED] - resText = "Pass": null

2022-12-16 17:37:41 - [TEST_STEP][PASSED] - pages.WriteExcel.demoKey(resText, datText, resColumn, datCloumn, fileLoc, nameSheet, row): pages.WriteExcel.demoKey is PASSED

2022-12-16 17:37:41 - [MESSAGE][PASSED] - pages.WriteExcel.demoKey is PASSED]]></system-out>
         <system-err><![CDATA[]]></system-err>
      </testcase>
      <system-out><![CDATA[2022-12-16 17:35:09 - [TEST_SUITE][PASSED] - QA_Smoke_Test: Test Cases/RecAndPlayBk/VLink/Auth-Capture]]></system-out>
      <system-err><![CDATA[]]></system-err>
   </testsuite>
</testsuites>
