<?xml version="1.0" encoding="UTF-8"?>
<testsuites name="Temp" time="721.155" tests="1" failures="0" errors="0">
   <testsuite name="Temp" tests="1" failures="0" errors="0" time="721.155" skipped="0" timestamp="2023-09-12 17:00:40" hostname="imtiaz - DESKTOP-B2QI6NS.govolution.com" id="Test Suites/Temp">
      <properties>
         <property name="deviceName" value=""/>
         <property name="devicePlatform" value=""/>
         <property name="logFolder" value="E:\\Cloned-Project-Katalon\\VPS-Katalon\\Reports\\20230912_170034\\Temp\\20230912_170034"/>
         <property name="logFiles" value="E:\\Cloned-Project-Katalon\\VPS-Katalon\\Reports\\20230912_170034\\Temp\\20230912_170034\\execution0.log"/>
         <property name="attachments" value=""/>
         <property name="hostName" value="imtiaz - DESKTOP-B2QI6NS.govolution.com"/>
         <property name="os" value="Windows 10 64bit"/>
         <property name="katalonVersion" value="8.6.6.208"/>
         <property name="browser" value="Chrome 116.0.0.0"/>
         <property name="hostAddress" value="172.31.253.139"/>
         <property name="sessionId" value="81571eb3202a4e59123d2827ec5922ab"/>
         <property name="seleniumVersion" value="3.141.59"/>
         <property name="proxyInformation" value="ProxyInformation { proxyOption=NO_PROXY, proxyServerType=HTTP, username=, password=********, proxyServerAddress=, proxyServerPort=0, executionList=&quot;&quot;, isApplyToDesiredCapabilities=true }"/>
         <property name="platform" value="Windows 10"/>
      </properties>
      <testcase name="Test Cases/RAD_TestCases/BeforePayments_TestCases/NewTaxReturn_BeforePayments_TC" time="720.718" classname="Test Cases/RAD_TestCases/BeforePayments_TestCases/NewTaxReturn_BeforePayments_TC" status="PASSED">
         <system-out><![CDATA[2023-09-12 17:00:40 - [TEST_CASE][PASSED] - Test Cases/RAD_TestCases/BeforePayments_TestCases/NewTaxReturn_BeforePayments_TC: Test Cases/RAD_TestCases/BeforePayments_TestCases/NewTaxReturn_BeforePayments_TC

2023-09-12 17:00:41 - [TEST_STEP][PASSED] - resText = "Fail": null

2023-09-12 17:00:41 - [TEST_STEP][PASSED] - resColumn = "Result": null

2023-09-12 17:00:41 - [TEST_STEP][PASSED] - datCloumn = "Date": null

2023-09-12 17:00:41 - [TEST_STEP][PASSED] - fileLoc = "KatalonData/RADTestData/BeforePayments.xlsx": null

2023-09-12 17:00:41 - [TEST_STEP][PASSED] - nameSheet = "NewTaxReturn": null

2023-09-12 17:00:41 - [TEST_STEP][PASSED] - dataFile = "RADTestData/BeforePayments_NewTaxReturn": null

2023-09-12 17:00:41 - [TEST_STEP][PASSED] - orPath_Landing = "Object Repository/RAD_Pages/Landing_Page": null

2023-09-12 17:00:41 - [TEST_STEP][PASSED] - orPath_TaxTypeFilingYear = "Object Repository/RAD_Pages/TaxTypeFilingYear_Page": null

2023-09-12 17:00:41 - [TEST_STEP][PASSED] - orPath_Amount = "Object Repository/RAD_Pages/PaymentAmount_Page": null

2023-09-12 17:00:41 - [TEST_STEP][PASSED] - orPath_AddressContact = "Object Repository/RAD_Pages/AddressAndContactInfo_Page": null

2023-09-12 17:00:41 - [TEST_STEP][PASSED] - orPath_Summary = "Object Repository/RAD_Pages/Summary_Page": null

2023-09-12 17:00:41 - [TEST_STEP][PASSED] - orPath_PaymentConfirmation = "Object Repository/RAD_Pages/PaymentConfirmation_Page": null

2023-09-12 17:00:41 - [TEST_STEP][PASSED] - orPath_ServiceFeesAccept = "Object Repository/RAD_Pages/ServiceFeeAccept_Page": null

2023-09-12 17:00:41 - [TEST_STEP][PASSED] - orPath_PaymentEntry = "Object Repository/RAD_Pages/PaymentEntry_Page": null

2023-09-12 17:00:41 - [TEST_STEP][PASSED] - ExecuteTC = <not implemented yet for class: org.codehaus.groovy.ast.expr.EmptyExpression>: null

2023-09-12 17:00:41 - [TEST_STEP][PASSED] - TaxType = <not implemented yet for class: org.codehaus.groovy.ast.expr.EmptyExpression>: null

2023-09-12 17:00:41 - [TEST_STEP][PASSED] - PaymentType = <not implemented yet for class: org.codehaus.groovy.ast.expr.EmptyExpression>: null

2023-09-12 17:00:41 - [TEST_STEP][PASSED] - FilingYear = <not implemented yet for class: org.codehaus.groovy.ast.expr.EmptyExpression>: null

2023-09-12 17:00:41 - [TEST_STEP][PASSED] - PeriodEndingMonth = <not implemented yet for class: org.codehaus.groovy.ast.expr.EmptyExpression>: null

2023-09-12 17:00:41 - [TEST_STEP][PASSED] - numOfRows = findTestData(dataFile).getRowNumbers(): null

2023-09-12 17:00:42 - [TEST_STEP][PASSED] - println("Number of Records: " + numOfRows): null

2023-09-12 17:00:42 - [TEST_STEP][PASSED] - for ([row = 1, row <= numOfRows, (row++)]): Object 'Object Repository/RAD_Pages/ServiceFeeAccept_Page/input_convFeeNotifyAction' is present

2023-09-12 17:00:42 - [TEST_STEP][PASSED] - ExecuteTC = findTestData(dataFile).getValue("Execute", row): null

2023-09-12 17:00:42 - [TEST_STEP][PASSED] - TaxType = findTestData(dataFile).getValue("TaxType", row): null

2023-09-12 17:00:42 - [TEST_STEP][PASSED] - PaymentType = findTestData(dataFile).getValue("PaymentType", row): null

2023-09-12 17:00:42 - [TEST_STEP][PASSED] - FilingYear = findTestData(dataFile).getValue("Year", row): null

2023-09-12 17:00:42 - [TEST_STEP][PASSED] - if (ExecuteTC.equalsIgnoreCase("Y")): Object 'Object Repository/RAD_Pages/ServiceFeeAccept_Page/input_convFeeNotifyAction' is present

2023-09-12 17:00:42 - [TEST_STEP][PASSED] - out.println("Begin Record Number: " + row): null

2023-09-12 17:00:42 - [TEST_STEP][PASSED] - today = new java.util.Date(): null

2023-09-12 17:00:42 - [TEST_STEP][PASSED] - println(today): null

2023-09-12 17:00:42 - [TEST_STEP][PASSED] - datText = today: null

2023-09-12 17:00:42 - [TEST_STEP][PASSED] - logInfo("Payment Type: New Tax Return Amount Due"): Payment Type: New Tax Return Amount Due

2023-09-12 17:00:43 - [MESSAGE][INFO] - Payment Type: New Tax Return Amount Due

2023-09-12 17:00:43 - [TEST_STEP][PASSED] - logInfo("Tax Type: " + TaxType): Tax Type: Fiduciary Tax

2023-09-12 17:00:43 - [MESSAGE][INFO] - Tax Type: Fiduciary Tax

2023-09-12 17:00:43 - [TEST_STEP][PASSED] - openBrowser(""): Browser is opened with url: ''

2023-09-12 17:00:43 - [MESSAGE][INFO] - Starting 'Chrome' driver

2023-09-12 17:00:43 - [MESSAGE][INFO] - User set preference: ['acceptInsecureCerts', 'true']

2023-09-12 17:00:43 - [MESSAGE][INFO] - Action delay is set to 0 milliseconds

2023-09-12 17:00:46 - [MESSAGE][PASSED] - Browser is opened with url: ''

2023-09-12 17:00:46 - [TEST_STEP][PASSED] - maximizeWindow(): Current window maximized

2023-09-12 17:00:46 - [MESSAGE][PASSED] - Current window maximized

2023-09-12 17:00:46 - [TEST_STEP][PASSED] - navigateToUrl(RADurl): Navigate to 'https://demo.velocitypayment.com/client/rad/index.html' successfully

2023-09-12 17:00:48 - [MESSAGE][PASSED] - Navigate to 'https://demo.velocitypayment.com/client/rad/index.html' successfully

2023-09-12 17:00:48 - [TEST_STEP][PASSED] - selectOptionByLabel(findTestObject(orPath_Landing + "/dd_TaxType"), "New Tax Return Amount Due", false): All options with label 'New Tax Return Amount Due' are selected in object 'Object Repository/RAD_Pages/Landing_Page/dd_TaxType' 

2023-09-12 17:00:49 - [MESSAGE][PASSED] - All options with label 'New Tax Return Amount Due' are selected in object 'Object Repository/RAD_Pages/Landing_Page/dd_TaxType' 

2023-09-12 17:00:49 - [TEST_STEP][PASSED] - selectOptionByLabel(findTestObject("Object Repository/RAD_Pages/Landing_Page/select_NewTaxReturnAmountDue_TaxType"), TaxType, false): All options with label 'Fiduciary Tax' are selected in object 'Object Repository/RAD_Pages/Landing_Page/select_NewTaxReturnAmountDue_TaxType' 

2023-09-12 17:00:50 - [MESSAGE][PASSED] - All options with label 'Fiduciary Tax' are selected in object 'Object Repository/RAD_Pages/Landing_Page/select_NewTaxReturnAmountDue_TaxType' 

2023-09-12 17:00:50 - [TEST_STEP][PASSED] - selectOptionByLabel(findTestObject(orPath_TaxTypeFilingYear + "/select_FilingYear"), FilingYear, false): All options with label '2022' are selected in object 'Object Repository/RAD_Pages/TaxTypeFilingYear_Page/select_FilingYear' 

2023-09-12 17:00:50 - [MESSAGE][PASSED] - All options with label '2022' are selected in object 'Object Repository/RAD_Pages/TaxTypeFilingYear_Page/select_FilingYear' 

2023-09-12 17:00:50 - [TEST_STEP][PASSED] - rad.getSetDataRAD.setDataRADBusinessName(): rad.getSetDataRAD.setDataRADBusinessName is PASSED

2023-09-12 17:00:51 - [MESSAGE][PASSED] - Text 'My Company' is set on object 'Object Repository/RAD_Pages/Taxpayer_Page/input_businessName'

2023-09-12 17:00:51 - [MESSAGE][PASSED] - rad.getSetDataRAD.setDataRADBusinessName is PASSED

2023-09-12 17:00:51 - [TEST_STEP][PASSED] - rad.getSetDataRAD.setDataRADAddress(): rad.getSetDataRAD.setDataRADAddress is PASSED

2023-09-12 17:00:53 - [MESSAGE][PASSED] - All options with label 'United States' are selected in object 'Object Repository/RAD_Pages/AddressAndContactInfo_Page/select_Country' 

2023-09-12 17:00:54 - [MESSAGE][PASSED] - Text '2508 Mandan Terrace' is set on object 'Object Repository/RAD_Pages/AddressAndContactInfo_Page/input_streetAddress1'

2023-09-12 17:00:55 - [MESSAGE][PASSED] - Text '' is set on object 'Object Repository/RAD_Pages/AddressAndContactInfo_Page/input_streetAddress2'

2023-09-12 17:00:56 - [MESSAGE][PASSED] - Text 'Gambrills' is set on object 'Object Repository/RAD_Pages/AddressAndContactInfo_Page/input_city'

2023-09-12 17:00:56 - [MESSAGE][PASSED] - All options with label 'Maryland' are selected in object 'Object Repository/RAD_Pages/AddressAndContactInfo_Page/select_State' 

2023-09-12 17:00:57 - [MESSAGE][PASSED] - Text '21054' is set on object 'Object Repository/RAD_Pages/AddressAndContactInfo_Page/input_zipCode'

2023-09-12 17:00:58 - [MESSAGE][PASSED] - Text '(703) 894-5000' is set on object 'Object Repository/RAD_Pages/AddressAndContactInfo_Page/input_phoneNumber'

2023-09-12 17:00:59 - [MESSAGE][PASSED] - Text 'iahmed@govolution.com' is set on object 'Object Repository/RAD_Pages/AddressAndContactInfo_Page/input_eMailAddress'

2023-09-12 17:01:00 - [MESSAGE][PASSED] - Text 'iahmed@govolution.com' is set on object 'Object Repository/RAD_Pages/AddressAndContactInfo_Page/input_reEnterEMailAddress'

2023-09-12 17:01:00 - [MESSAGE][PASSED] - rad.getSetDataRAD.setDataRADAddress is PASSED

2023-09-12 17:01:00 - [TEST_STEP][PASSED] - rad.getSetDataRAD.setDataRADFEIN(): rad.getSetDataRAD.setDataRADFEIN is PASSED

2023-09-12 17:01:01 - [MESSAGE][PASSED] - Text ****** has been set on object 'Object Repository/RAD_Pages/TaxInfo_Page/input_FederalEIN'

2023-09-12 17:01:02 - [MESSAGE][PASSED] - Text ****** has been set on object 'Object Repository/RAD_Pages/TaxInfo_Page/input_FederalEIN_ReEnter'

2023-09-12 17:01:02 - [MESSAGE][PASSED] - rad.getSetDataRAD.setDataRADFEIN is PASSED

2023-09-12 17:01:02 - [TEST_STEP][PASSED] - setText(findTestObject(orPath_Amount + "/input__paymentAmount"), "100.00"): Text '100.00' is set on object 'Object Repository/RAD_Pages/PaymentAmount_Page/input__paymentAmount'

2023-09-12 17:01:03 - [MESSAGE][PASSED] - Text '100.00' is set on object 'Object Repository/RAD_Pages/PaymentAmount_Page/input__paymentAmount'

2023-09-12 17:01:03 - [TEST_STEP][PASSED] - setText(findTestObject(orPath_AddressContact + "/input_streetAddress2"), ""): Text '' is set on object 'Object Repository/RAD_Pages/AddressAndContactInfo_Page/input_streetAddress2'

2023-09-12 17:01:04 - [MESSAGE][PASSED] - Text '' is set on object 'Object Repository/RAD_Pages/AddressAndContactInfo_Page/input_streetAddress2'

2023-09-12 17:01:04 - [TEST_STEP][PASSED] - scrollToElement(findTestObject(orPath_Landing + "/button_Continue"), 3): Scroll to object 'Object Repository/RAD_Pages/Landing_Page/button_Continue' successfully

2023-09-12 17:01:04 - [MESSAGE][PASSED] - Scroll to object 'Object Repository/RAD_Pages/Landing_Page/button_Continue' successfully

2023-09-12 17:01:04 - [TEST_STEP][PASSED] - waitForElementClickable(findTestObject(orPath_Landing + "/button_Continue"), 5): Object 'Object Repository/RAD_Pages/Landing_Page/button_Continue' is clickable

2023-09-12 17:01:05 - [MESSAGE][PASSED] - Object 'Object Repository/RAD_Pages/Landing_Page/button_Continue' is clickable

2023-09-12 17:01:05 - [TEST_STEP][PASSED] - click(findTestObject(orPath_Landing + "/button_Continue")): Object: 'Object Repository/RAD_Pages/Landing_Page/button_Continue' is clicked on

2023-09-12 17:01:05 - [MESSAGE][PASSED] - Object: 'Object Repository/RAD_Pages/Landing_Page/button_Continue' is clicked on

2023-09-12 17:01:05 - [TEST_STEP][PASSED] - delay(2): Delayed 2 second(s)

2023-09-12 17:01:07 - [MESSAGE][PASSED] - Delayed 2 second(s)

2023-09-12 17:01:07 - [TEST_STEP][PASSED] - verifyTextPresent("Summary", true): Text 'Summary' is present on page  using regular expression

2023-09-12 17:01:08 - [MESSAGE][PASSED] - Text 'Summary' is present on page  using regular expression

2023-09-12 17:01:08 - [TEST_STEP][PASSED] - verifyTextPresent("Review the information below and make any necessary corrections by clicking the", true): Text 'Review the information below and make any necessary corrections by clicking the' is present on page  using regular expression

2023-09-12 17:01:08 - [MESSAGE][PASSED] - Text 'Review the information below and make any necessary corrections by clicking the' is present on page  using regular expression

2023-09-12 17:01:08 - [TEST_STEP][PASSED] - verifyTextPresent("When you are confident that all the information is correct, click the", true): Text 'When you are confident that all the information is correct, click the' is present on page  using regular expression

2023-09-12 17:01:08 - [MESSAGE][PASSED] - Text 'When you are confident that all the information is correct, click the' is present on page  using regular expression

2023-09-12 17:01:08 - [TEST_STEP][PASSED] - verifyTextPresent("Payment Type/Filing Year", true): Text 'Payment Type/Filing Year' is present on page  using regular expression

2023-09-12 17:01:09 - [MESSAGE][PASSED] - Text 'Payment Type/Filing Year' is present on page  using regular expression

2023-09-12 17:01:09 - [TEST_STEP][PASSED] - verifyTextPresent("Payment Type:", true): Text 'Payment Type:' is present on page  using regular expression

2023-09-12 17:01:09 - [MESSAGE][PASSED] - Text 'Payment Type:' is present on page  using regular expression

2023-09-12 17:01:09 - [TEST_STEP][PASSED] - verifyTextPresent("New Tax Return Amount Due", true): Text 'New Tax Return Amount Due' is present on page  using regular expression

2023-09-12 17:01:10 - [MESSAGE][PASSED] - Text 'New Tax Return Amount Due' is present on page  using regular expression

2023-09-12 17:01:10 - [TEST_STEP][PASSED] - verifyTextPresent("Filing Year:", true): Text 'Filing Year:' is present on page  using regular expression

2023-09-12 17:01:10 - [MESSAGE][PASSED] - Text 'Filing Year:' is present on page  using regular expression

2023-09-12 17:01:10 - [TEST_STEP][PASSED] - verifyTextPresent(FilingYear, true): Text '2022' is present on page  using regular expression

2023-09-12 17:01:10 - [MESSAGE][PASSED] - Text '2022' is present on page  using regular expression

2023-09-12 17:01:10 - [TEST_STEP][PASSED] - verifyTextPresent("Payer Information", true): Text 'Payer Information' is present on page  using regular expression

2023-09-12 17:01:11 - [MESSAGE][PASSED] - Text 'Payer Information' is present on page  using regular expression

2023-09-12 17:01:11 - [TEST_STEP][PASSED] - verifyTextPresent("Taxpayer Name:", true): Text 'Taxpayer Name:' is present on page  using regular expression

2023-09-12 17:01:11 - [MESSAGE][PASSED] - Text 'Taxpayer Name:' is present on page  using regular expression

2023-09-12 17:01:11 - [TEST_STEP][PASSED] - verifyTextPresent("My Company", true): Text 'My Company' is present on page  using regular expression

2023-09-12 17:01:11 - [MESSAGE][PASSED] - Text 'My Company' is present on page  using regular expression

2023-09-12 17:01:11 - [TEST_STEP][PASSED] - verifyTextPresent("Taxpayer Address:", true): Text 'Taxpayer Address:' is present on page  using regular expression

2023-09-12 17:01:12 - [MESSAGE][PASSED] - Text 'Taxpayer Address:' is present on page  using regular expression

2023-09-12 17:01:12 - [TEST_STEP][PASSED] - verifyTextPresent("2508 Mandan Terrace Gambrills Maryland 21054", true): Text '2508 Mandan Terrace Gambrills Maryland 21054' is present on page  using regular expression

2023-09-12 17:01:12 - [MESSAGE][PASSED] - Text '2508 Mandan Terrace Gambrills Maryland 21054' is present on page  using regular expression

2023-09-12 17:01:12 - [TEST_STEP][PASSED] - verifyTextPresent("Email:", true): Text 'Email:' is present on page  using regular expression

2023-09-12 17:01:12 - [MESSAGE][PASSED] - Text 'Email:' is present on page  using regular expression

2023-09-12 17:01:12 - [TEST_STEP][PASSED] - verifyTextPresent("iahmed@govolution.com", true): Text 'iahmed@govolution.com' is present on page  using regular expression

2023-09-12 17:01:13 - [MESSAGE][PASSED] - Text 'iahmed@govolution.com' is present on page  using regular expression

2023-09-12 17:01:13 - [TEST_STEP][PASSED] - verifyTextPresent("Phone:", true): Text 'Phone:' is present on page  using regular expression

2023-09-12 17:01:13 - [MESSAGE][PASSED] - Text 'Phone:' is present on page  using regular expression

2023-09-12 17:01:13 - [TEST_STEP][PASSED] - verifyTextPresent("(703) 894-5000", false): Text '(703) 894-5000' is present on page 

2023-09-12 17:01:14 - [MESSAGE][PASSED] - Text '(703) 894-5000' is present on page 

2023-09-12 17:01:14 - [TEST_STEP][PASSED] - verifyTextPresent("Tax Information", true): Text 'Tax Information' is present on page  using regular expression

2023-09-12 17:01:14 - [MESSAGE][PASSED] - Text 'Tax Information' is present on page  using regular expression

2023-09-12 17:01:14 - [TEST_STEP][PASSED] - verifyTextPresent("Federal EIN:", true): Text 'Federal EIN:' is present on page  using regular expression

2023-09-12 17:01:14 - [MESSAGE][PASSED] - Text 'Federal EIN:' is present on page  using regular expression

2023-09-12 17:01:14 - [TEST_STEP][PASSED] - verifyTextPresent("Payment Amount:", true): Text 'Payment Amount:' is present on page  using regular expression

2023-09-12 17:01:15 - [MESSAGE][PASSED] - Text 'Payment Amount:' is present on page  using regular expression

2023-09-12 17:01:15 - [TEST_STEP][PASSED] - verifyTextPresent("100.00", true): Text '100.00' is present on page  using regular expression

2023-09-12 17:01:15 - [MESSAGE][PASSED] - Text '100.00' is present on page  using regular expression

2023-09-12 17:01:15 - [TEST_STEP][PASSED] - click(findTestObject(orPath_Summary + "/button_Proceed to Payment")): Object: 'Object Repository/RAD_Pages/Summary_Page/button_Proceed to Payment' is clicked on

2023-09-12 17:01:16 - [MESSAGE][PASSED] - Object: 'Object Repository/RAD_Pages/Summary_Page/button_Proceed to Payment' is clicked on

2023-09-12 17:01:16 - [TEST_STEP][PASSED] - verifyTextPresent("Comptroller of Maryland", true): Text 'Comptroller of Maryland' is present on page  using regular expression

2023-09-12 17:01:17 - [MESSAGE][PASSED] - Text 'Comptroller of Maryland' is present on page  using regular expression

2023-09-12 17:01:17 - [TEST_STEP][PASSED] - verifyTextPresent("Revenue Administration Division", true): Text 'Revenue Administration Division' is present on page  using regular expression

2023-09-12 17:01:17 - [MESSAGE][PASSED] - Text 'Revenue Administration Division' is present on page  using regular expression

2023-09-12 17:01:17 - [TEST_STEP][PASSED] - verifyTextPresent("Payment Information", true): Text 'Payment Information' is present on page  using regular expression

2023-09-12 17:01:18 - [MESSAGE][PASSED] - Text 'Payment Information' is present on page  using regular expression

2023-09-12 17:01:18 - [TEST_STEP][PASSED] - card_Name = getAttribute(findTestObject("Object Repository/RAD_Pages/PaymentEntry_Page/input__billingName"), "value"): Attribute 'value' of object 'Object Repository/RAD_Pages/PaymentEntry_Page/input__billingName' is: ''

2023-09-12 17:01:18 - [MESSAGE][PASSED] - Attribute 'value' of object 'Object Repository/RAD_Pages/PaymentEntry_Page/input__billingName' is: ''

2023-09-12 17:01:18 - [TEST_STEP][PASSED] - verifyMatch("", card_Name, false): Actual text '' and expected text '' are matched 

2023-09-12 17:01:18 - [MESSAGE][PASSED] - Actual text '' and expected text '' are matched 

2023-09-12 17:01:18 - [TEST_STEP][PASSED] - AL1 = getAttribute(findTestObject("Object Repository/RAD_Pages/PaymentEntry_Page/input_billingAddress"), "value"): Attribute 'value' of object 'Object Repository/RAD_Pages/PaymentEntry_Page/input_billingAddress' is: '2508 Mandan Terrace'

2023-09-12 17:01:18 - [MESSAGE][PASSED] - Attribute 'value' of object 'Object Repository/RAD_Pages/PaymentEntry_Page/input_billingAddress' is: '2508 Mandan Terrace'

2023-09-12 17:01:18 - [TEST_STEP][PASSED] - verifyMatch("2508 Mandan Terrace", AL1, false): Actual text '2508 Mandan Terrace' and expected text '2508 Mandan Terrace' are matched 

2023-09-12 17:01:18 - [MESSAGE][PASSED] - Actual text '2508 Mandan Terrace' and expected text '2508 Mandan Terrace' are matched 

2023-09-12 17:01:18 - [TEST_STEP][PASSED] - AL2 = getAttribute(findTestObject("Object Repository/RAD_Pages/PaymentEntry_Page/input_billingAddress2"), "value"): Attribute 'value' of object 'Object Repository/RAD_Pages/PaymentEntry_Page/input_billingAddress2' is: ''

2023-09-12 17:01:19 - [MESSAGE][PASSED] - Attribute 'value' of object 'Object Repository/RAD_Pages/PaymentEntry_Page/input_billingAddress2' is: ''

2023-09-12 17:01:19 - [TEST_STEP][PASSED] - verifyMatch("", AL2, false): Actual text '' and expected text '' are matched 

2023-09-12 17:01:19 - [MESSAGE][PASSED] - Actual text '' and expected text '' are matched 

2023-09-12 17:01:19 - [TEST_STEP][PASSED] - zipCode = getAttribute(findTestObject("Object Repository/RAD_Pages/PaymentEntry_Page/input_billingZip"), "value"): Attribute 'value' of object 'Object Repository/RAD_Pages/PaymentEntry_Page/input_billingZip' is: '21054'

2023-09-12 17:01:19 - [MESSAGE][PASSED] - Attribute 'value' of object 'Object Repository/RAD_Pages/PaymentEntry_Page/input_billingZip' is: '21054'

2023-09-12 17:01:19 - [TEST_STEP][PASSED] - verifyMatch("21054", zipCode, false): Actual text '21054' and expected text '21054' are matched 

2023-09-12 17:01:19 - [MESSAGE][PASSED] - Actual text '21054' and expected text '21054' are matched 

2023-09-12 17:01:19 - [TEST_STEP][PASSED] - city = getAttribute(findTestObject("Object Repository/RAD_Pages/PaymentEntry_Page/input_billingCity"), "value"): Attribute 'value' of object 'Object Repository/RAD_Pages/PaymentEntry_Page/input_billingCity' is: 'GAMBRILLS'

2023-09-12 17:01:19 - [MESSAGE][PASSED] - Attribute 'value' of object 'Object Repository/RAD_Pages/PaymentEntry_Page/input_billingCity' is: 'GAMBRILLS'

2023-09-12 17:01:19 - [TEST_STEP][PASSED] - verifyMatch("GAMBRILLS", city, false): Actual text 'GAMBRILLS' and expected text 'GAMBRILLS' are matched 

2023-09-12 17:01:19 - [MESSAGE][PASSED] - Actual text 'GAMBRILLS' and expected text 'GAMBRILLS' are matched 

2023-09-12 17:01:19 - [TEST_STEP][PASSED] - email = getAttribute(findTestObject("Object Repository/RAD_Pages/PaymentEntry_Page/input_emailAddress"), "value"): Attribute 'value' of object 'Object Repository/RAD_Pages/PaymentEntry_Page/input_emailAddress' is: 'iahmed@govolution.com'

2023-09-12 17:01:20 - [MESSAGE][PASSED] - Attribute 'value' of object 'Object Repository/RAD_Pages/PaymentEntry_Page/input_emailAddress' is: 'iahmed@govolution.com'

2023-09-12 17:01:20 - [TEST_STEP][PASSED] - verifyMatch("iahmed@govolution.com", email, false): Actual text 'iahmed@govolution.com' and expected text 'iahmed@govolution.com' are matched 

2023-09-12 17:01:20 - [MESSAGE][PASSED] - Actual text 'iahmed@govolution.com' and expected text 'iahmed@govolution.com' are matched 

2023-09-12 17:01:20 - [TEST_STEP][PASSED] - amount = getAttribute(findTestObject("Object Repository/RAD_Pages/PaymentEntry_Page/input_amount"), "value"): Attribute 'value' of object 'Object Repository/RAD_Pages/PaymentEntry_Page/input_amount' is: '100.00'

2023-09-12 17:01:20 - [MESSAGE][PASSED] - Attribute 'value' of object 'Object Repository/RAD_Pages/PaymentEntry_Page/input_amount' is: '100.00'

2023-09-12 17:01:20 - [TEST_STEP][PASSED] - verifyMatch("100.00", amount, false): Actual text '100.00' and expected text '100.00' are matched 

2023-09-12 17:01:20 - [MESSAGE][PASSED] - Actual text '100.00' and expected text '100.00' are matched 

2023-09-12 17:01:20 - [TEST_STEP][PASSED] - amountReadOnly = getAttribute(findTestObject("Object Repository/RAD_Pages/PaymentEntry_Page/input_amount"), "readonly"): Attribute 'readonly' of object 'Object Repository/RAD_Pages/PaymentEntry_Page/input_amount' is: 'true'

2023-09-12 17:01:20 - [MESSAGE][PASSED] - Attribute 'readonly' of object 'Object Repository/RAD_Pages/PaymentEntry_Page/input_amount' is: 'true'

2023-09-12 17:01:20 - [TEST_STEP][PASSED] - verifyMatch("true", amountReadOnly, false): Actual text 'true' and expected text 'true' are matched 

2023-09-12 17:01:20 - [MESSAGE][PASSED] - Actual text 'true' and expected text 'true' are matched 

2023-09-12 17:01:20 - [TEST_STEP][PASSED] - verifyOptionSelectedByLabel(findTestObject("Object Repository/RAD_Pages/PaymentEntry_Page/select_Country"), "United States", false, 20): All options with label 'United States' are selected in object 'Object Repository/RAD_Pages/PaymentEntry_Page/select_Country' 

2023-09-12 17:01:21 - [MESSAGE][PASSED] - All options with label 'United States' are selected in object 'Object Repository/RAD_Pages/PaymentEntry_Page/select_Country' 

2023-09-12 17:01:21 - [TEST_STEP][PASSED] - verifyOptionSelectedByLabel(findTestObject("Object Repository/RAD_Pages/PaymentEntry_Page/select_State"), "Maryland", false, 20): All options with label 'Maryland' are selected in object 'Object Repository/RAD_Pages/PaymentEntry_Page/select_State' 

2023-09-12 17:01:24 - [MESSAGE][PASSED] - All options with label 'Maryland' are selected in object 'Object Repository/RAD_Pages/PaymentEntry_Page/select_State' 

2023-09-12 17:01:24 - [TEST_STEP][PASSED] - setText(findTestObject("Object Repository/RAD_Pages/PaymentEntry_Page/input__billingName"), "Anthony Gonzalez"): Text 'Anthony Gonzalez' is set on object 'Object Repository/RAD_Pages/PaymentEntry_Page/input__billingName'

2023-09-12 17:01:25 - [MESSAGE][PASSED] - Text 'Anthony Gonzalez' is set on object 'Object Repository/RAD_Pages/PaymentEntry_Page/input__billingName'

2023-09-12 17:01:25 - [TEST_STEP][PASSED] - setText(findTestObject(orPath_PaymentEntry + "/input__cardNumber"), "4111111111111111"): Text '4111111111111111' is set on object 'Object Repository/RAD_Pages/PaymentEntry_Page/input__cardNumber'

2023-09-12 17:01:26 - [MESSAGE][PASSED] - Text '4111111111111111' is set on object 'Object Repository/RAD_Pages/PaymentEntry_Page/input__cardNumber'

2023-09-12 17:01:26 - [TEST_STEP][PASSED] - setText(findTestObject(orPath_PaymentEntry + "/input__spc"), "123"): Text '123' is set on object 'Object Repository/RAD_Pages/PaymentEntry_Page/input__spc'

2023-09-12 17:01:27 - [MESSAGE][PASSED] - Text '123' is set on object 'Object Repository/RAD_Pages/PaymentEntry_Page/input__spc'

2023-09-12 17:01:27 - [TEST_STEP][PASSED] - selectOptionByLabel(findTestObject(orPath_PaymentEntry + "/select_MM"), "12", false): All options with label '12' are selected in object 'Object Repository/RAD_Pages/PaymentEntry_Page/select_MM' 

2023-09-12 17:01:27 - [MESSAGE][PASSED] - All options with label '12' are selected in object 'Object Repository/RAD_Pages/PaymentEntry_Page/select_MM' 

2023-09-12 17:01:27 - [TEST_STEP][PASSED] - selectOptionByLabel(findTestObject(orPath_PaymentEntry + "/select_YYYY"), "2028", false): All options with label '2028' are selected in object 'Object Repository/RAD_Pages/PaymentEntry_Page/select_YYYY' 

2023-09-12 17:01:28 - [MESSAGE][PASSED] - All options with label '2028' are selected in object 'Object Repository/RAD_Pages/PaymentEntry_Page/select_YYYY' 

2023-09-12 17:01:28 - [TEST_STEP][PASSED] - click(findTestObject(orPath_PaymentEntry + "/input_Field_ccSubmit")): Object: 'Object Repository/RAD_Pages/PaymentEntry_Page/input_Field_ccSubmit' is clicked on

2023-09-12 17:01:29 - [MESSAGE][PASSED] - Object: 'Object Repository/RAD_Pages/PaymentEntry_Page/input_Field_ccSubmit' is clicked on

2023-09-12 17:01:29 - [TEST_STEP][PASSED] - click(findTestObject(orPath_PaymentConfirmation + "/input_N_confirmNotifyAction")): Object: 'Object Repository/RAD_Pages/PaymentConfirmation_Page/input_N_confirmNotifyAction' is clicked on

2023-09-12 17:01:30 - [MESSAGE][PASSED] - Object: 'Object Repository/RAD_Pages/PaymentConfirmation_Page/input_N_confirmNotifyAction' is clicked on

2023-09-12 17:01:30 - [TEST_STEP][PASSED] - verifyTextPresent("Service Fee Acceptance", true): Text 'Service Fee Acceptance' is present on page  using regular expression

2023-09-12 17:01:30 - [MESSAGE][PASSED] - Text 'Service Fee Acceptance' is present on page  using regular expression

2023-09-12 17:01:30 - [TEST_STEP][PASSED] - verifyTextPresent("This transaction is subject to a Service Fee of ", true): Text 'This transaction is subject to a Service Fee of ' is present on page  using regular expression

2023-09-12 17:01:30 - [MESSAGE][PASSED] - Text 'This transaction is subject to a Service Fee of ' is present on page  using regular expression

2023-09-12 17:01:30 - [TEST_STEP][PASSED] - verifyTextPresent("Payment Amount:", true): Text 'Payment Amount:' is present on page  using regular expression

2023-09-12 17:01:31 - [MESSAGE][PASSED] - Text 'Payment Amount:' is present on page  using regular expression

2023-09-12 17:01:31 - [TEST_STEP][PASSED] - verifyTextPresent("100.00", true): Text '100.00' is present on page  using regular expression

2023-09-12 17:01:31 - [MESSAGE][PASSED] - Text '100.00' is present on page  using regular expression

2023-09-12 17:01:31 - [TEST_STEP][PASSED] - verifyTextPresent("Service Fee:", true): Text 'Service Fee:' is present on page  using regular expression

2023-09-12 17:01:31 - [MESSAGE][PASSED] - Text 'Service Fee:' is present on page  using regular expression

2023-09-12 17:01:31 - [TEST_STEP][PASSED] - verifyTextPresent("2.45", true): Text '2.45' is present on page  using regular expression

2023-09-12 17:01:32 - [MESSAGE][PASSED] - Text '2.45' is present on page  using regular expression

2023-09-12 17:01:32 - [TEST_STEP][PASSED] - verifyTextPresent("Total Amount:", true): Text 'Total Amount:' is present on page  using regular expression

2023-09-12 17:01:32 - [MESSAGE][PASSED] - Text 'Total Amount:' is present on page  using regular expression

2023-09-12 17:01:32 - [TEST_STEP][PASSED] - verifyTextPresent("102.45", true): Text '102.45' is present on page  using regular expression

2023-09-12 17:01:32 - [MESSAGE][PASSED] - Text '102.45' is present on page  using regular expression

2023-09-12 17:01:32 - [TEST_STEP][PASSED] - verifyTextPresent("Two transactions will appear on your bank statement, one in the amount of", true): Text 'Two transactions will appear on your bank statement, one in the amount of' is present on page  using regular expression

2023-09-12 17:01:32 - [MESSAGE][PASSED] - Text 'Two transactions will appear on your bank statement, one in the amount of' is present on page  using regular expression

2023-09-12 17:01:32 - [TEST_STEP][PASSED] - verifyElementPresent(findTestObject(orPath_ServiceFeesAccept + "/input_convFeeNotifyAction"), 30): Object 'Object Repository/RAD_Pages/ServiceFeeAccept_Page/input_convFeeNotifyAction' is present

2023-09-12 17:01:33 - [MESSAGE][PASSED] - Object 'Object Repository/RAD_Pages/ServiceFeeAccept_Page/input_convFeeNotifyAction' is present

2023-09-12 17:01:33 - [TEST_STEP][PASSED] - ExecuteTC = findTestData(dataFile).getValue("Execute", row): null

2023-09-12 17:01:33 - [TEST_STEP][PASSED] - TaxType = findTestData(dataFile).getValue("TaxType", row): null

2023-09-12 17:01:33 - [TEST_STEP][PASSED] - PaymentType = findTestData(dataFile).getValue("PaymentType", row): null

2023-09-12 17:01:33 - [TEST_STEP][PASSED] - FilingYear = findTestData(dataFile).getValue("Year", row): null

2023-09-12 17:01:33 - [TEST_STEP][PASSED] - if (ExecuteTC.equalsIgnoreCase("Y")): Object 'Object Repository/RAD_Pages/ServiceFeeAccept_Page/input_convFeeNotifyAction' is present

2023-09-12 17:01:33 - [TEST_STEP][PASSED] - out.println("Begin Record Number: " + row): null

2023-09-12 17:01:33 - [TEST_STEP][PASSED] - today = new java.util.Date(): null

2023-09-12 17:01:33 - [TEST_STEP][PASSED] - println(today): null

2023-09-12 17:01:33 - [TEST_STEP][PASSED] - datText = today: null

2023-09-12 17:01:33 - [TEST_STEP][PASSED] - logInfo("Payment Type: New Tax Return Amount Due"): Payment Type: New Tax Return Amount Due

2023-09-12 17:01:33 - [MESSAGE][INFO] - Payment Type: New Tax Return Amount Due

2023-09-12 17:01:33 - [TEST_STEP][PASSED] - logInfo("Tax Type: " + TaxType): Tax Type: PTE Non-Electing Non-S Corp

2023-09-12 17:01:33 - [MESSAGE][INFO] - Tax Type: PTE Non-Electing Non-S Corp

2023-09-12 17:01:33 - [TEST_STEP][PASSED] - openBrowser(""): Browser is opened with url: ''

2023-09-12 17:01:33 - [MESSAGE][WARNING] - A browser is already opened. Closing browser and opening a new one

2023-09-12 17:01:34 - [MESSAGE][INFO] - Starting 'Chrome' driver

2023-09-12 17:01:34 - [MESSAGE][INFO] - User set preference: ['acceptInsecureCerts', 'true']

2023-09-12 17:01:34 - [MESSAGE][INFO] - Action delay is set to 0 milliseconds

2023-09-12 17:01:36 - [MESSAGE][PASSED] - Browser is opened with url: ''

2023-09-12 17:01:36 - [TEST_STEP][PASSED] - maximizeWindow(): Current window maximized

2023-09-12 17:01:36 - [MESSAGE][PASSED] - Current window maximized

2023-09-12 17:01:36 - [TEST_STEP][PASSED] - navigateToUrl(RADurl): Navigate to 'https://demo.velocitypayment.com/client/rad/index.html' successfully

2023-09-12 17:01:37 - [MESSAGE][PASSED] - Navigate to 'https://demo.velocitypayment.com/client/rad/index.html' successfully

2023-09-12 17:01:37 - [TEST_STEP][PASSED] - selectOptionByLabel(findTestObject(orPath_Landing + "/dd_TaxType"), "New Tax Return Amount Due", false): All options with label 'New Tax Return Amount Due' are selected in object 'Object Repository/RAD_Pages/Landing_Page/dd_TaxType' 

2023-09-12 17:01:38 - [MESSAGE][PASSED] - All options with label 'New Tax Return Amount Due' are selected in object 'Object Repository/RAD_Pages/Landing_Page/dd_TaxType' 

2023-09-12 17:01:38 - [TEST_STEP][PASSED] - selectOptionByLabel(findTestObject("Object Repository/RAD_Pages/Landing_Page/select_NewTaxReturnAmountDue_TaxType"), TaxType, false): All options with label 'PTE Non-Electing Non-S Corp' are selected in object 'Object Repository/RAD_Pages/Landing_Page/select_NewTaxReturnAmountDue_TaxType' 

2023-09-12 17:01:39 - [MESSAGE][PASSED] - All options with label 'PTE Non-Electing Non-S Corp' are selected in object 'Object Repository/RAD_Pages/Landing_Page/select_NewTaxReturnAmountDue_TaxType' 

2023-09-12 17:01:39 - [TEST_STEP][PASSED] - selectOptionByLabel(findTestObject(orPath_TaxTypeFilingYear + "/select_FilingYear"), FilingYear, false): All options with label '2022' are selected in object 'Object Repository/RAD_Pages/TaxTypeFilingYear_Page/select_FilingYear' 

2023-09-12 17:01:40 - [MESSAGE][PASSED] - All options with label '2022' are selected in object 'Object Repository/RAD_Pages/TaxTypeFilingYear_Page/select_FilingYear' 

2023-09-12 17:01:40 - [TEST_STEP][PASSED] - rad.getSetDataRAD.setDataRADBusinessName(): rad.getSetDataRAD.setDataRADBusinessName is PASSED

2023-09-12 17:01:41 - [MESSAGE][PASSED] - Text 'My Company' is set on object 'Object Repository/RAD_Pages/Taxpayer_Page/input_businessName'

2023-09-12 17:01:41 - [MESSAGE][PASSED] - rad.getSetDataRAD.setDataRADBusinessName is PASSED

2023-09-12 17:01:41 - [TEST_STEP][PASSED] - rad.getSetDataRAD.setDataRADAddress(): rad.getSetDataRAD.setDataRADAddress is PASSED

2023-09-12 17:01:42 - [MESSAGE][PASSED] - All options with label 'United States' are selected in object 'Object Repository/RAD_Pages/AddressAndContactInfo_Page/select_Country' 

2023-09-12 17:01:43 - [MESSAGE][PASSED] - Text '2508 Mandan Terrace' is set on object 'Object Repository/RAD_Pages/AddressAndContactInfo_Page/input_streetAddress1'

2023-09-12 17:01:44 - [MESSAGE][PASSED] - Text '' is set on object 'Object Repository/RAD_Pages/AddressAndContactInfo_Page/input_streetAddress2'

2023-09-12 17:01:45 - [MESSAGE][PASSED] - Text 'Gambrills' is set on object 'Object Repository/RAD_Pages/AddressAndContactInfo_Page/input_city'

2023-09-12 17:01:45 - [MESSAGE][PASSED] - All options with label 'Maryland' are selected in object 'Object Repository/RAD_Pages/AddressAndContactInfo_Page/select_State' 

2023-09-12 17:01:46 - [MESSAGE][PASSED] - Text '21054' is set on object 'Object Repository/RAD_Pages/AddressAndContactInfo_Page/input_zipCode'

2023-09-12 17:01:47 - [MESSAGE][PASSED] - Text '(703) 894-5000' is set on object 'Object Repository/RAD_Pages/AddressAndContactInfo_Page/input_phoneNumber'

2023-09-12 17:01:48 - [MESSAGE][PASSED] - Text 'iahmed@govolution.com' is set on object 'Object Repository/RAD_Pages/AddressAndContactInfo_Page/input_eMailAddress'

2023-09-12 17:01:49 - [MESSAGE][PASSED] - Text 'iahmed@govolution.com' is set on object 'Object Repository/RAD_Pages/AddressAndContactInfo_Page/input_reEnterEMailAddress'

2023-09-12 17:01:49 - [MESSAGE][PASSED] - rad.getSetDataRAD.setDataRADAddress is PASSED

2023-09-12 17:01:49 - [TEST_STEP][PASSED] - rad.getSetDataRAD.setDataRADFEIN(): rad.getSetDataRAD.setDataRADFEIN is PASSED

2023-09-12 17:01:50 - [MESSAGE][PASSED] - Text ****** has been set on object 'Object Repository/RAD_Pages/TaxInfo_Page/input_FederalEIN'

2023-09-12 17:01:51 - [MESSAGE][PASSED] - Text ****** has been set on object 'Object Repository/RAD_Pages/TaxInfo_Page/input_FederalEIN_ReEnter'

2023-09-12 17:01:51 - [MESSAGE][PASSED] - rad.getSetDataRAD.setDataRADFEIN is PASSED

2023-09-12 17:01:51 - [TEST_STEP][PASSED] - setText(findTestObject(orPath_Amount + "/input__paymentAmount"), "100.00"): Text '100.00' is set on object 'Object Repository/RAD_Pages/PaymentAmount_Page/input__paymentAmount'

2023-09-12 17:01:52 - [MESSAGE][PASSED] - Text '100.00' is set on object 'Object Repository/RAD_Pages/PaymentAmount_Page/input__paymentAmount'

2023-09-12 17:01:52 - [TEST_STEP][PASSED] - setText(findTestObject(orPath_AddressContact + "/input_streetAddress2"), ""): Text '' is set on object 'Object Repository/RAD_Pages/AddressAndContactInfo_Page/input_streetAddress2'

2023-09-12 17:01:52 - [MESSAGE][PASSED] - Text '' is set on object 'Object Repository/RAD_Pages/AddressAndContactInfo_Page/input_streetAddress2'

2023-09-12 17:01:52 - [TEST_STEP][PASSED] - scrollToElement(findTestObject(orPath_Landing + "/button_Continue"), 3): Scroll to object 'Object Repository/RAD_Pages/Landing_Page/button_Continue' successfully

2023-09-12 17:01:53 - [MESSAGE][PASSED] - Scroll to object 'Object Repository/RAD_Pages/Landing_Page/button_Continue' successfully

2023-09-12 17:01:53 - [TEST_STEP][PASSED] - waitForElementClickable(findTestObject(orPath_Landing + "/button_Continue"), 5): Object 'Object Repository/RAD_Pages/Landing_Page/button_Continue' is clickable

2023-09-12 17:01:53 - [MESSAGE][PASSED] - Object 'Object Repository/RAD_Pages/Landing_Page/button_Continue' is clickable

2023-09-12 17:01:53 - [TEST_STEP][PASSED] - click(findTestObject(orPath_Landing + "/button_Continue")): Object: 'Object Repository/RAD_Pages/Landing_Page/button_Continue' is clicked on

2023-09-12 17:01:54 - [MESSAGE][PASSED] - Object: 'Object Repository/RAD_Pages/Landing_Page/button_Continue' is clicked on

2023-09-12 17:01:54 - [TEST_STEP][PASSED] - delay(2): Delayed 2 second(s)

2023-09-12 17:01:56 - [MESSAGE][PASSED] - Delayed 2 second(s)

2023-09-12 17:01:56 - [TEST_STEP][PASSED] - verifyTextPresent("Summary", true): Text 'Summary' is present on page  using regular expression

2023-09-12 17:01:56 - [MESSAGE][PASSED] - Text 'Summary' is present on page  using regular expression

2023-09-12 17:01:56 - [TEST_STEP][PASSED] - verifyTextPresent("Review the information below and make any necessary corrections by clicking the", true): Text 'Review the information below and make any necessary corrections by clicking the' is present on page  using regular expression

2023-09-12 17:01:56 - [MESSAGE][PASSED] - Text 'Review the information below and make any necessary corrections by clicking the' is present on page  using regular expression

2023-09-12 17:01:56 - [TEST_STEP][PASSED] - verifyTextPresent("When you are confident that all the information is correct, click the", true): Text 'When you are confident that all the information is correct, click the' is present on page  using regular expression

2023-09-12 17:01:57 - [MESSAGE][PASSED] - Text 'When you are confident that all the information is correct, click the' is present on page  using regular expression

2023-09-12 17:01:57 - [TEST_STEP][PASSED] - verifyTextPresent("Payment Type/Filing Year", true): Text 'Payment Type/Filing Year' is present on page  using regular expression

2023-09-12 17:01:57 - [MESSAGE][PASSED] - Text 'Payment Type/Filing Year' is present on page  using regular expression

2023-09-12 17:01:57 - [TEST_STEP][PASSED] - verifyTextPresent("Payment Type:", true): Text 'Payment Type:' is present on page  using regular expression

2023-09-12 17:01:57 - [MESSAGE][PASSED] - Text 'Payment Type:' is present on page  using regular expression

2023-09-12 17:01:57 - [TEST_STEP][PASSED] - verifyTextPresent("New Tax Return Amount Due", true): Text 'New Tax Return Amount Due' is present on page  using regular expression

2023-09-12 17:01:58 - [MESSAGE][PASSED] - Text 'New Tax Return Amount Due' is present on page  using regular expression

2023-09-12 17:01:58 - [TEST_STEP][PASSED] - verifyTextPresent("Filing Year:", true): Text 'Filing Year:' is present on page  using regular expression

2023-09-12 17:01:58 - [MESSAGE][PASSED] - Text 'Filing Year:' is present on page  using regular expression

2023-09-12 17:01:58 - [TEST_STEP][PASSED] - verifyTextPresent(FilingYear, true): Text '2022' is present on page  using regular expression

2023-09-12 17:01:59 - [MESSAGE][PASSED] - Text '2022' is present on page  using regular expression

2023-09-12 17:01:59 - [TEST_STEP][PASSED] - verifyTextPresent("Payer Information", true): Text 'Payer Information' is present on page  using regular expression

2023-09-12 17:01:59 - [MESSAGE][PASSED] - Text 'Payer Information' is present on page  using regular expression

2023-09-12 17:01:59 - [TEST_STEP][PASSED] - verifyTextPresent("Taxpayer Name:", true): Text 'Taxpayer Name:' is present on page  using regular expression

2023-09-12 17:01:59 - [MESSAGE][PASSED] - Text 'Taxpayer Name:' is present on page  using regular expression

2023-09-12 17:01:59 - [TEST_STEP][PASSED] - verifyTextPresent("My Company", true): Text 'My Company' is present on page  using regular expression

2023-09-12 17:02:00 - [MESSAGE][PASSED] - Text 'My Company' is present on page  using regular expression

2023-09-12 17:02:00 - [TEST_STEP][PASSED] - verifyTextPresent("Taxpayer Address:", true): Text 'Taxpayer Address:' is present on page  using regular expression

2023-09-12 17:02:00 - [MESSAGE][PASSED] - Text 'Taxpayer Address:' is present on page  using regular expression

2023-09-12 17:02:00 - [TEST_STEP][PASSED] - verifyTextPresent("2508 Mandan Terrace Gambrills Maryland 21054", true): Text '2508 Mandan Terrace Gambrills Maryland 21054' is present on page  using regular expression

2023-09-12 17:02:00 - [MESSAGE][PASSED] - Text '2508 Mandan Terrace Gambrills Maryland 21054' is present on page  using regular expression

2023-09-12 17:02:00 - [TEST_STEP][PASSED] - verifyTextPresent("Email:", true): Text 'Email:' is present on page  using regular expression

2023-09-12 17:02:01 - [MESSAGE][PASSED] - Text 'Email:' is present on page  using regular expression

2023-09-12 17:02:01 - [TEST_STEP][PASSED] - verifyTextPresent("iahmed@govolution.com", true): Text 'iahmed@govolution.com' is present on page  using regular expression

2023-09-12 17:02:01 - [MESSAGE][PASSED] - Text 'iahmed@govolution.com' is present on page  using regular expression

2023-09-12 17:02:01 - [TEST_STEP][PASSED] - verifyTextPresent("Phone:", true): Text 'Phone:' is present on page  using regular expression

2023-09-12 17:02:01 - [MESSAGE][PASSED] - Text 'Phone:' is present on page  using regular expression

2023-09-12 17:02:01 - [TEST_STEP][PASSED] - verifyTextPresent("(703) 894-5000", false): Text '(703) 894-5000' is present on page 

2023-09-12 17:02:02 - [MESSAGE][PASSED] - Text '(703) 894-5000' is present on page 

2023-09-12 17:02:02 - [TEST_STEP][PASSED] - verifyTextPresent("Tax Information", true): Text 'Tax Information' is present on page  using regular expression

2023-09-12 17:02:02 - [MESSAGE][PASSED] - Text 'Tax Information' is present on page  using regular expression

2023-09-12 17:02:02 - [TEST_STEP][PASSED] - verifyTextPresent("Federal EIN:", true): Text 'Federal EIN:' is present on page  using regular expression

2023-09-12 17:02:03 - [MESSAGE][PASSED] - Text 'Federal EIN:' is present on page  using regular expression

2023-09-12 17:02:03 - [TEST_STEP][PASSED] - verifyTextPresent("Payment Amount:", true): Text 'Payment Amount:' is present on page  using regular expression

2023-09-12 17:02:03 - [MESSAGE][PASSED] - Text 'Payment Amount:' is present on page  using regular expression

2023-09-12 17:02:03 - [TEST_STEP][PASSED] - verifyTextPresent("100.00", true): Text '100.00' is present on page  using regular expression

2023-09-12 17:02:03 - [MESSAGE][PASSED] - Text '100.00' is present on page  using regular expression

2023-09-12 17:02:03 - [TEST_STEP][PASSED] - click(findTestObject(orPath_Summary + "/button_Proceed to Payment")): Object: 'Object Repository/RAD_Pages/Summary_Page/button_Proceed to Payment' is clicked on

2023-09-12 17:02:04 - [MESSAGE][PASSED] - Object: 'Object Repository/RAD_Pages/Summary_Page/button_Proceed to Payment' is clicked on

2023-09-12 17:02:04 - [TEST_STEP][PASSED] - verifyTextPresent("Comptroller of Maryland", true): Text 'Comptroller of Maryland' is present on page  using regular expression

2023-09-12 17:02:05 - [MESSAGE][PASSED] - Text 'Comptroller of Maryland' is present on page  using regular expression

2023-09-12 17:02:05 - [TEST_STEP][PASSED] - verifyTextPresent("Revenue Administration Division", true): Text 'Revenue Administration Division' is present on page  using regular expression

2023-09-12 17:02:05 - [MESSAGE][PASSED] - Text 'Revenue Administration Division' is present on page  using regular expression

2023-09-12 17:02:05 - [TEST_STEP][PASSED] - verifyTextPresent("Payment Information", true): Text 'Payment Information' is present on page  using regular expression

2023-09-12 17:02:05 - [MESSAGE][PASSED] - Text 'Payment Information' is present on page  using regular expression

2023-09-12 17:02:05 - [TEST_STEP][PASSED] - card_Name = getAttribute(findTestObject("Object Repository/RAD_Pages/PaymentEntry_Page/input__billingName"), "value"): Attribute 'value' of object 'Object Repository/RAD_Pages/PaymentEntry_Page/input__billingName' is: ''

2023-09-12 17:02:06 - [MESSAGE][PASSED] - Attribute 'value' of object 'Object Repository/RAD_Pages/PaymentEntry_Page/input__billingName' is: ''

2023-09-12 17:02:06 - [TEST_STEP][PASSED] - verifyMatch("", card_Name, false): Actual text '' and expected text '' are matched 

2023-09-12 17:02:06 - [MESSAGE][PASSED] - Actual text '' and expected text '' are matched 

2023-09-12 17:02:06 - [TEST_STEP][PASSED] - AL1 = getAttribute(findTestObject("Object Repository/RAD_Pages/PaymentEntry_Page/input_billingAddress"), "value"): Attribute 'value' of object 'Object Repository/RAD_Pages/PaymentEntry_Page/input_billingAddress' is: '2508 Mandan Terrace'

2023-09-12 17:02:06 - [MESSAGE][PASSED] - Attribute 'value' of object 'Object Repository/RAD_Pages/PaymentEntry_Page/input_billingAddress' is: '2508 Mandan Terrace'

2023-09-12 17:02:06 - [TEST_STEP][PASSED] - verifyMatch("2508 Mandan Terrace", AL1, false): Actual text '2508 Mandan Terrace' and expected text '2508 Mandan Terrace' are matched 

2023-09-12 17:02:06 - [MESSAGE][PASSED] - Actual text '2508 Mandan Terrace' and expected text '2508 Mandan Terrace' are matched 

2023-09-12 17:02:06 - [TEST_STEP][PASSED] - AL2 = getAttribute(findTestObject("Object Repository/RAD_Pages/PaymentEntry_Page/input_billingAddress2"), "value"): Attribute 'value' of object 'Object Repository/RAD_Pages/PaymentEntry_Page/input_billingAddress2' is: ''

2023-09-12 17:02:06 - [MESSAGE][PASSED] - Attribute 'value' of object 'Object Repository/RAD_Pages/PaymentEntry_Page/input_billingAddress2' is: ''

2023-09-12 17:02:06 - [TEST_STEP][PASSED] - verifyMatch("", AL2, false): Actual text '' and expected text '' are matched 

2023-09-12 17:02:06 - [MESSAGE][PASSED] - Actual text '' and expected text '' are matched 

2023-09-12 17:02:06 - [TEST_STEP][PASSED] - zipCode = getAttribute(findTestObject("Object Repository/RAD_Pages/PaymentEntry_Page/input_billingZip"), "value"): Attribute 'value' of object 'Object Repository/RAD_Pages/PaymentEntry_Page/input_billingZip' is: '21054'

2023-09-12 17:02:07 - [MESSAGE][PASSED] - Attribute 'value' of object 'Object Repository/RAD_Pages/PaymentEntry_Page/input_billingZip' is: '21054'

2023-09-12 17:02:07 - [TEST_STEP][PASSED] - verifyMatch("21054", zipCode, false): Actual text '21054' and expected text '21054' are matched 

2023-09-12 17:02:07 - [MESSAGE][PASSED] - Actual text '21054' and expected text '21054' are matched 

2023-09-12 17:02:07 - [TEST_STEP][PASSED] - city = getAttribute(findTestObject("Object Repository/RAD_Pages/PaymentEntry_Page/input_billingCity"), "value"): Attribute 'value' of object 'Object Repository/RAD_Pages/PaymentEntry_Page/input_billingCity' is: 'GAMBRILLS'

2023-09-12 17:02:07 - [MESSAGE][PASSED] - Attribute 'value' of object 'Object Repository/RAD_Pages/PaymentEntry_Page/input_billingCity' is: 'GAMBRILLS'

2023-09-12 17:02:07 - [TEST_STEP][PASSED] - verifyMatch("GAMBRILLS", city, false): Actual text 'GAMBRILLS' and expected text 'GAMBRILLS' are matched 

2023-09-12 17:02:07 - [MESSAGE][PASSED] - Actual text 'GAMBRILLS' and expected text 'GAMBRILLS' are matched 

2023-09-12 17:02:07 - [TEST_STEP][PASSED] - email = getAttribute(findTestObject("Object Repository/RAD_Pages/PaymentEntry_Page/input_emailAddress"), "value"): Attribute 'value' of object 'Object Repository/RAD_Pages/PaymentEntry_Page/input_emailAddress' is: 'iahmed@govolution.com'

2023-09-12 17:02:07 - [MESSAGE][PASSED] - Attribute 'value' of object 'Object Repository/RAD_Pages/PaymentEntry_Page/input_emailAddress' is: 'iahmed@govolution.com'

2023-09-12 17:02:07 - [TEST_STEP][PASSED] - verifyMatch("iahmed@govolution.com", email, false): Actual text 'iahmed@govolution.com' and expected text 'iahmed@govolution.com' are matched 

2023-09-12 17:02:07 - [MESSAGE][PASSED] - Actual text 'iahmed@govolution.com' and expected text 'iahmed@govolution.com' are matched 

2023-09-12 17:02:07 - [TEST_STEP][PASSED] - amount = getAttribute(findTestObject("Object Repository/RAD_Pages/PaymentEntry_Page/input_amount"), "value"): Attribute 'value' of object 'Object Repository/RAD_Pages/PaymentEntry_Page/input_amount' is: '100.00'

2023-09-12 17:02:08 - [MESSAGE][PASSED] - Attribute 'value' of object 'Object Repository/RAD_Pages/PaymentEntry_Page/input_amount' is: '100.00'

2023-09-12 17:02:08 - [TEST_STEP][PASSED] - verifyMatch("100.00", amount, false): Actual text '100.00' and expected text '100.00' are matched 

2023-09-12 17:02:08 - [MESSAGE][PASSED] - Actual text '100.00' and expected text '100.00' are matched 

2023-09-12 17:02:08 - [TEST_STEP][PASSED] - amountReadOnly = getAttribute(findTestObject("Object Repository/RAD_Pages/PaymentEntry_Page/input_amount"), "readonly"): Attribute 'readonly' of object 'Object Repository/RAD_Pages/PaymentEntry_Page/input_amount' is: 'true'

2023-09-12 17:02:08 - [MESSAGE][PASSED] - Attribute 'readonly' of object 'Object Repository/RAD_Pages/PaymentEntry_Page/input_amount' is: 'true'

2023-09-12 17:02:08 - [TEST_STEP][PASSED] - verifyMatch("true", amountReadOnly, false): Actual text 'true' and expected text 'true' are matched 

2023-09-12 17:02:08 - [MESSAGE][PASSED] - Actual text 'true' and expected text 'true' are matched 

2023-09-12 17:02:08 - [TEST_STEP][PASSED] - verifyOptionSelectedByLabel(findTestObject("Object Repository/RAD_Pages/PaymentEntry_Page/select_Country"), "United States", false, 20): All options with label 'United States' are selected in object 'Object Repository/RAD_Pages/PaymentEntry_Page/select_Country' 

2023-09-12 17:02:09 - [MESSAGE][PASSED] - All options with label 'United States' are selected in object 'Object Repository/RAD_Pages/PaymentEntry_Page/select_Country' 

2023-09-12 17:02:09 - [TEST_STEP][PASSED] - verifyOptionSelectedByLabel(findTestObject("Object Repository/RAD_Pages/PaymentEntry_Page/select_State"), "Maryland", false, 20): All options with label 'Maryland' are selected in object 'Object Repository/RAD_Pages/PaymentEntry_Page/select_State' 

2023-09-12 17:02:12 - [MESSAGE][PASSED] - All options with label 'Maryland' are selected in object 'Object Repository/RAD_Pages/PaymentEntry_Page/select_State' 

2023-09-12 17:02:12 - [TEST_STEP][PASSED] - setText(findTestObject("Object Repository/RAD_Pages/PaymentEntry_Page/input__billingName"), "Anthony Gonzalez"): Text 'Anthony Gonzalez' is set on object 'Object Repository/RAD_Pages/PaymentEntry_Page/input__billingName'

2023-09-12 17:02:13 - [MESSAGE][PASSED] - Text 'Anthony Gonzalez' is set on object 'Object Repository/RAD_Pages/PaymentEntry_Page/input__billingName'

2023-09-12 17:02:13 - [TEST_STEP][PASSED] - setText(findTestObject(orPath_PaymentEntry + "/input__cardNumber"), "4111111111111111"): Text '4111111111111111' is set on object 'Object Repository/RAD_Pages/PaymentEntry_Page/input__cardNumber'

2023-09-12 17:02:14 - [MESSAGE][PASSED] - Text '4111111111111111' is set on object 'Object Repository/RAD_Pages/PaymentEntry_Page/input__cardNumber'

2023-09-12 17:02:14 - [TEST_STEP][PASSED] - setText(findTestObject(orPath_PaymentEntry + "/input__spc"), "123"): Text '123' is set on object 'Object Repository/RAD_Pages/PaymentEntry_Page/input__spc'

2023-09-12 17:02:14 - [MESSAGE][PASSED] - Text '123' is set on object 'Object Repository/RAD_Pages/PaymentEntry_Page/input__spc'

2023-09-12 17:02:14 - [TEST_STEP][PASSED] - selectOptionByLabel(findTestObject(orPath_PaymentEntry + "/select_MM"), "12", false): All options with label '12' are selected in object 'Object Repository/RAD_Pages/PaymentEntry_Page/select_MM' 

2023-09-12 17:02:15 - [MESSAGE][PASSED] - All options with label '12' are selected in object 'Object Repository/RAD_Pages/PaymentEntry_Page/select_MM' 

2023-09-12 17:02:15 - [TEST_STEP][PASSED] - selectOptionByLabel(findTestObject(orPath_PaymentEntry + "/select_YYYY"), "2028", false): All options with label '2028' are selected in object 'Object Repository/RAD_Pages/PaymentEntry_Page/select_YYYY' 

2023-09-12 17:02:16 - [MESSAGE][PASSED] - All options with label '2028' are selected in object 'Object Repository/RAD_Pages/PaymentEntry_Page/select_YYYY' 

2023-09-12 17:02:16 - [TEST_STEP][PASSED] - click(findTestObject(orPath_PaymentEntry + "/input_Field_ccSubmit")): Object: 'Object Repository/RAD_Pages/PaymentEntry_Page/input_Field_ccSubmit' is clicked on

2023-09-12 17:02:16 - [MESSAGE][PASSED] - Object: 'Object Repository/RAD_Pages/PaymentEntry_Page/input_Field_ccSubmit' is clicked on

2023-09-12 17:02:16 - [TEST_STEP][PASSED] - click(findTestObject(orPath_PaymentConfirmation + "/input_N_confirmNotifyAction")): Object: 'Object Repository/RAD_Pages/PaymentConfirmation_Page/input_N_confirmNotifyAction' is clicked on

2023-09-12 17:02:17 - [MESSAGE][PASSED] - Object: 'Object Repository/RAD_Pages/PaymentConfirmation_Page/input_N_confirmNotifyAction' is clicked on

2023-09-12 17:02:17 - [TEST_STEP][PASSED] - verifyTextPresent("Service Fee Acceptance", true): Text 'Service Fee Acceptance' is present on page  using regular expression

2023-09-12 17:02:18 - [MESSAGE][PASSED] - Text 'Service Fee Acceptance' is present on page  using regular expression

2023-09-12 17:02:18 - [TEST_STEP][PASSED] - verifyTextPresent("This transaction is subject to a Service Fee of ", true): Text 'This transaction is subject to a Service Fee of ' is present on page  using regular expression

2023-09-12 17:02:18 - [MESSAGE][PASSED] - Text 'This transaction is subject to a Service Fee of ' is present on page  using regular expression

2023-09-12 17:02:18 - [TEST_STEP][PASSED] - verifyTextPresent("Payment Amount:", true): Text 'Payment Amount:' is present on page  using regular expression

2023-09-12 17:02:18 - [MESSAGE][PASSED] - Text 'Payment Amount:' is present on page  using regular expression

2023-09-12 17:02:18 - [TEST_STEP][PASSED] - verifyTextPresent("100.00", true): Text '100.00' is present on page  using regular expression

2023-09-12 17:02:19 - [MESSAGE][PASSED] - Text '100.00' is present on page  using regular expression

2023-09-12 17:02:19 - [TEST_STEP][PASSED] - verifyTextPresent("Service Fee:", true): Text 'Service Fee:' is present on page  using regular expression

2023-09-12 17:02:19 - [MESSAGE][PASSED] - Text 'Service Fee:' is present on page  using regular expression

2023-09-12 17:02:19 - [TEST_STEP][PASSED] - verifyTextPresent("2.45", true): Text '2.45' is present on page  using regular expression

2023-09-12 17:02:19 - [MESSAGE][PASSED] - Text '2.45' is present on page  using regular expression

2023-09-12 17:02:19 - [TEST_STEP][PASSED] - verifyTextPresent("Total Amount:", true): Text 'Total Amount:' is present on page  using regular expression

2023-09-12 17:02:20 - [MESSAGE][PASSED] - Text 'Total Amount:' is present on page  using regular expression

2023-09-12 17:02:20 - [TEST_STEP][PASSED] - verifyTextPresent("102.45", true): Text '102.45' is present on page  using regular expression

2023-09-12 17:02:20 - [MESSAGE][PASSED] - Text '102.45' is present on page  using regular expression

2023-09-12 17:02:20 - [TEST_STEP][PASSED] - verifyTextPresent("Two transactions will appear on your bank statement, one in the amount of", true): Text 'Two transactions will appear on your bank statement, one in the amount of' is present on page  using regular expression

2023-09-12 17:02:20 - [MESSAGE][PASSED] - Text 'Two transactions will appear on your bank statement, one in the amount of' is present on page  using regular expression

2023-09-12 17:02:20 - [TEST_STEP][PASSED] - verifyElementPresent(findTestObject(orPath_ServiceFeesAccept + "/input_convFeeNotifyAction"), 30): Object 'Object Repository/RAD_Pages/ServiceFeeAccept_Page/input_convFeeNotifyAction' is present

2023-09-12 17:02:20 - [MESSAGE][PASSED] - Object 'Object Repository/RAD_Pages/ServiceFeeAccept_Page/input_convFeeNotifyAction' is present

2023-09-12 17:02:20 - [TEST_STEP][PASSED] - ExecuteTC = findTestData(dataFile).getValue("Execute", row): null

2023-09-12 17:02:20 - [TEST_STEP][PASSED] - TaxType = findTestData(dataFile).getValue("TaxType", row): null

2023-09-12 17:02:21 - [TEST_STEP][PASSED] - PaymentType = findTestData(dataFile).getValue("PaymentType", row): null

2023-09-12 17:02:21 - [TEST_STEP][PASSED] - FilingYear = findTestData(dataFile).getValue("Year", row): null

2023-09-12 17:02:21 - [TEST_STEP][PASSED] - if (ExecuteTC.equalsIgnoreCase("Y")): Object 'Object Repository/RAD_Pages/ServiceFeeAccept_Page/input_convFeeNotifyAction' is present

2023-09-12 17:02:21 - [TEST_STEP][PASSED] - out.println("Begin Record Number: " + row): null

2023-09-12 17:02:21 - [TEST_STEP][PASSED] - today = new java.util.Date(): null

2023-09-12 17:02:21 - [TEST_STEP][PASSED] - println(today): null

2023-09-12 17:02:21 - [TEST_STEP][PASSED] - datText = today: null

2023-09-12 17:02:21 - [TEST_STEP][PASSED] - logInfo("Payment Type: New Tax Return Amount Due"): Payment Type: New Tax Return Amount Due

2023-09-12 17:02:21 - [MESSAGE][INFO] - Payment Type: New Tax Return Amount Due

2023-09-12 17:02:21 - [TEST_STEP][PASSED] - logInfo("Tax Type: " + TaxType): Tax Type: PTE Non-Electing S Corp

2023-09-12 17:02:21 - [MESSAGE][INFO] - Tax Type: PTE Non-Electing S Corp

2023-09-12 17:02:21 - [TEST_STEP][PASSED] - openBrowser(""): Browser is opened with url: ''

2023-09-12 17:02:21 - [MESSAGE][WARNING] - A browser is already opened. Closing browser and opening a new one

2023-09-12 17:02:22 - [MESSAGE][INFO] - Starting 'Chrome' driver

2023-09-12 17:02:22 - [MESSAGE][INFO] - User set preference: ['acceptInsecureCerts', 'true']

2023-09-12 17:02:22 - [MESSAGE][INFO] - Action delay is set to 0 milliseconds

2023-09-12 17:02:23 - [MESSAGE][PASSED] - Browser is opened with url: ''

2023-09-12 17:02:23 - [TEST_STEP][PASSED] - maximizeWindow(): Current window maximized

2023-09-12 17:02:23 - [MESSAGE][PASSED] - Current window maximized

2023-09-12 17:02:23 - [TEST_STEP][PASSED] - navigateToUrl(RADurl): Navigate to 'https://demo.velocitypayment.com/client/rad/index.html' successfully

2023-09-12 17:02:25 - [MESSAGE][PASSED] - Navigate to 'https://demo.velocitypayment.com/client/rad/index.html' successfully

2023-09-12 17:02:25 - [TEST_STEP][PASSED] - selectOptionByLabel(findTestObject(orPath_Landing + "/dd_TaxType"), "New Tax Return Amount Due", false): All options with label 'New Tax Return Amount Due' are selected in object 'Object Repository/RAD_Pages/Landing_Page/dd_TaxType' 

2023-09-12 17:02:26 - [MESSAGE][PASSED] - All options with label 'New Tax Return Amount Due' are selected in object 'Object Repository/RAD_Pages/Landing_Page/dd_TaxType' 

2023-09-12 17:02:26 - [TEST_STEP][PASSED] - selectOptionByLabel(findTestObject("Object Repository/RAD_Pages/Landing_Page/select_NewTaxReturnAmountDue_TaxType"), TaxType, false): All options with label 'PTE Non-Electing S Corp' are selected in object 'Object Repository/RAD_Pages/Landing_Page/select_NewTaxReturnAmountDue_TaxType' 

2023-09-12 17:02:26 - [MESSAGE][PASSED] - All options with label 'PTE Non-Electing S Corp' are selected in object 'Object Repository/RAD_Pages/Landing_Page/select_NewTaxReturnAmountDue_TaxType' 

2023-09-12 17:02:26 - [TEST_STEP][PASSED] - selectOptionByLabel(findTestObject(orPath_TaxTypeFilingYear + "/select_FilingYear"), FilingYear, false): All options with label '2022' are selected in object 'Object Repository/RAD_Pages/TaxTypeFilingYear_Page/select_FilingYear' 

2023-09-12 17:02:27 - [MESSAGE][PASSED] - All options with label '2022' are selected in object 'Object Repository/RAD_Pages/TaxTypeFilingYear_Page/select_FilingYear' 

2023-09-12 17:02:27 - [TEST_STEP][PASSED] - rad.getSetDataRAD.setDataRADBusinessName(): rad.getSetDataRAD.setDataRADBusinessName is PASSED

2023-09-12 17:02:28 - [MESSAGE][PASSED] - Text 'My Company' is set on object 'Object Repository/RAD_Pages/Taxpayer_Page/input_businessName'

2023-09-12 17:02:28 - [MESSAGE][PASSED] - rad.getSetDataRAD.setDataRADBusinessName is PASSED

2023-09-12 17:02:28 - [TEST_STEP][PASSED] - rad.getSetDataRAD.setDataRADAddress(): rad.getSetDataRAD.setDataRADAddress is PASSED

2023-09-12 17:02:30 - [MESSAGE][PASSED] - All options with label 'United States' are selected in object 'Object Repository/RAD_Pages/AddressAndContactInfo_Page/select_Country' 

2023-09-12 17:02:31 - [MESSAGE][PASSED] - Text '2508 Mandan Terrace' is set on object 'Object Repository/RAD_Pages/AddressAndContactInfo_Page/input_streetAddress1'

2023-09-12 17:02:31 - [MESSAGE][PASSED] - Text '' is set on object 'Object Repository/RAD_Pages/AddressAndContactInfo_Page/input_streetAddress2'

2023-09-12 17:02:32 - [MESSAGE][PASSED] - Text 'Gambrills' is set on object 'Object Repository/RAD_Pages/AddressAndContactInfo_Page/input_city'

2023-09-12 17:02:33 - [MESSAGE][PASSED] - All options with label 'Maryland' are selected in object 'Object Repository/RAD_Pages/AddressAndContactInfo_Page/select_State' 

2023-09-12 17:02:34 - [MESSAGE][PASSED] - Text '21054' is set on object 'Object Repository/RAD_Pages/AddressAndContactInfo_Page/input_zipCode'

2023-09-12 17:02:35 - [MESSAGE][PASSED] - Text '(703) 894-5000' is set on object 'Object Repository/RAD_Pages/AddressAndContactInfo_Page/input_phoneNumber'

2023-09-12 17:02:36 - [MESSAGE][PASSED] - Text 'iahmed@govolution.com' is set on object 'Object Repository/RAD_Pages/AddressAndContactInfo_Page/input_eMailAddress'

2023-09-12 17:02:37 - [MESSAGE][PASSED] - Text 'iahmed@govolution.com' is set on object 'Object Repository/RAD_Pages/AddressAndContactInfo_Page/input_reEnterEMailAddress'

2023-09-12 17:02:37 - [MESSAGE][PASSED] - rad.getSetDataRAD.setDataRADAddress is PASSED

2023-09-12 17:02:37 - [TEST_STEP][PASSED] - rad.getSetDataRAD.setDataRADFEIN(): rad.getSetDataRAD.setDataRADFEIN is PASSED

2023-09-12 17:02:38 - [MESSAGE][PASSED] - Text ****** has been set on object 'Object Repository/RAD_Pages/TaxInfo_Page/input_FederalEIN'

2023-09-12 17:02:38 - [MESSAGE][PASSED] - Text ****** has been set on object 'Object Repository/RAD_Pages/TaxInfo_Page/input_FederalEIN_ReEnter'

2023-09-12 17:02:38 - [MESSAGE][PASSED] - rad.getSetDataRAD.setDataRADFEIN is PASSED

2023-09-12 17:02:38 - [TEST_STEP][PASSED] - setText(findTestObject(orPath_Amount + "/input__paymentAmount"), "100.00"): Text '100.00' is set on object 'Object Repository/RAD_Pages/PaymentAmount_Page/input__paymentAmount'

2023-09-12 17:02:39 - [MESSAGE][PASSED] - Text '100.00' is set on object 'Object Repository/RAD_Pages/PaymentAmount_Page/input__paymentAmount'

2023-09-12 17:02:39 - [TEST_STEP][PASSED] - setText(findTestObject(orPath_AddressContact + "/input_streetAddress2"), ""): Text '' is set on object 'Object Repository/RAD_Pages/AddressAndContactInfo_Page/input_streetAddress2'

2023-09-12 17:02:40 - [MESSAGE][PASSED] - Text '' is set on object 'Object Repository/RAD_Pages/AddressAndContactInfo_Page/input_streetAddress2'

2023-09-12 17:02:40 - [TEST_STEP][PASSED] - scrollToElement(findTestObject(orPath_Landing + "/button_Continue"), 3): Scroll to object 'Object Repository/RAD_Pages/Landing_Page/button_Continue' successfully

2023-09-12 17:02:40 - [MESSAGE][PASSED] - Scroll to object 'Object Repository/RAD_Pages/Landing_Page/button_Continue' successfully

2023-09-12 17:02:40 - [TEST_STEP][PASSED] - waitForElementClickable(findTestObject(orPath_Landing + "/button_Continue"), 5): Object 'Object Repository/RAD_Pages/Landing_Page/button_Continue' is clickable

2023-09-12 17:02:41 - [MESSAGE][PASSED] - Object 'Object Repository/RAD_Pages/Landing_Page/button_Continue' is clickable

2023-09-12 17:02:41 - [TEST_STEP][PASSED] - click(findTestObject(orPath_Landing + "/button_Continue")): Object: 'Object Repository/RAD_Pages/Landing_Page/button_Continue' is clicked on

2023-09-12 17:02:41 - [MESSAGE][PASSED] - Object: 'Object Repository/RAD_Pages/Landing_Page/button_Continue' is clicked on

2023-09-12 17:02:41 - [TEST_STEP][PASSED] - delay(2): Delayed 2 second(s)

2023-09-12 17:02:43 - [MESSAGE][PASSED] - Delayed 2 second(s)

2023-09-12 17:02:43 - [TEST_STEP][PASSED] - verifyTextPresent("Summary", true): Text 'Summary' is present on page  using regular expression

2023-09-12 17:02:44 - [MESSAGE][PASSED] - Text 'Summary' is present on page  using regular expression

2023-09-12 17:02:44 - [TEST_STEP][PASSED] - verifyTextPresent("Review the information below and make any necessary corrections by clicking the", true): Text 'Review the information below and make any necessary corrections by clicking the' is present on page  using regular expression

2023-09-12 17:02:44 - [MESSAGE][PASSED] - Text 'Review the information below and make any necessary corrections by clicking the' is present on page  using regular expression

2023-09-12 17:02:44 - [TEST_STEP][PASSED] - verifyTextPresent("When you are confident that all the information is correct, click the", true): Text 'When you are confident that all the information is correct, click the' is present on page  using regular expression

2023-09-12 17:02:44 - [MESSAGE][PASSED] - Text 'When you are confident that all the information is correct, click the' is present on page  using regular expression

2023-09-12 17:02:44 - [TEST_STEP][PASSED] - verifyTextPresent("Payment Type/Filing Year", true): Text 'Payment Type/Filing Year' is present on page  using regular expression

2023-09-12 17:02:45 - [MESSAGE][PASSED] - Text 'Payment Type/Filing Year' is present on page  using regular expression

2023-09-12 17:02:45 - [TEST_STEP][PASSED] - verifyTextPresent("Payment Type:", true): Text 'Payment Type:' is present on page  using regular expression

2023-09-12 17:02:45 - [MESSAGE][PASSED] - Text 'Payment Type:' is present on page  using regular expression

2023-09-12 17:02:45 - [TEST_STEP][PASSED] - verifyTextPresent("New Tax Return Amount Due", true): Text 'New Tax Return Amount Due' is present on page  using regular expression

2023-09-12 17:02:46 - [MESSAGE][PASSED] - Text 'New Tax Return Amount Due' is present on page  using regular expression

2023-09-12 17:02:46 - [TEST_STEP][PASSED] - verifyTextPresent("Filing Year:", true): Text 'Filing Year:' is present on page  using regular expression

2023-09-12 17:02:46 - [MESSAGE][PASSED] - Text 'Filing Year:' is present on page  using regular expression

2023-09-12 17:02:46 - [TEST_STEP][PASSED] - verifyTextPresent(FilingYear, true): Text '2022' is present on page  using regular expression

2023-09-12 17:02:46 - [MESSAGE][PASSED] - Text '2022' is present on page  using regular expression

2023-09-12 17:02:46 - [TEST_STEP][PASSED] - verifyTextPresent("Payer Information", true): Text 'Payer Information' is present on page  using regular expression

2023-09-12 17:02:47 - [MESSAGE][PASSED] - Text 'Payer Information' is present on page  using regular expression

2023-09-12 17:02:47 - [TEST_STEP][PASSED] - verifyTextPresent("Taxpayer Name:", true): Text 'Taxpayer Name:' is present on page  using regular expression

2023-09-12 17:02:47 - [MESSAGE][PASSED] - Text 'Taxpayer Name:' is present on page  using regular expression

2023-09-12 17:02:47 - [TEST_STEP][PASSED] - verifyTextPresent("My Company", true): Text 'My Company' is present on page  using regular expression

2023-09-12 17:02:47 - [MESSAGE][PASSED] - Text 'My Company' is present on page  using regular expression

2023-09-12 17:02:47 - [TEST_STEP][PASSED] - verifyTextPresent("Taxpayer Address:", true): Text 'Taxpayer Address:' is present on page  using regular expression

2023-09-12 17:02:48 - [MESSAGE][PASSED] - Text 'Taxpayer Address:' is present on page  using regular expression

2023-09-12 17:02:48 - [TEST_STEP][PASSED] - verifyTextPresent("2508 Mandan Terrace Gambrills Maryland 21054", true): Text '2508 Mandan Terrace Gambrills Maryland 21054' is present on page  using regular expression

2023-09-12 17:02:48 - [MESSAGE][PASSED] - Text '2508 Mandan Terrace Gambrills Maryland 21054' is present on page  using regular expression

2023-09-12 17:02:48 - [TEST_STEP][PASSED] - verifyTextPresent("Email:", true): Text 'Email:' is present on page  using regular expression

2023-09-12 17:02:48 - [MESSAGE][PASSED] - Text 'Email:' is present on page  using regular expression

2023-09-12 17:02:48 - [TEST_STEP][PASSED] - verifyTextPresent("iahmed@govolution.com", true): Text 'iahmed@govolution.com' is present on page  using regular expression

2023-09-12 17:02:49 - [MESSAGE][PASSED] - Text 'iahmed@govolution.com' is present on page  using regular expression

2023-09-12 17:02:49 - [TEST_STEP][PASSED] - verifyTextPresent("Phone:", true): Text 'Phone:' is present on page  using regular expression

2023-09-12 17:02:49 - [MESSAGE][PASSED] - Text 'Phone:' is present on page  using regular expression

2023-09-12 17:02:49 - [TEST_STEP][PASSED] - verifyTextPresent("(703) 894-5000", false): Text '(703) 894-5000' is present on page 

2023-09-12 17:02:50 - [MESSAGE][PASSED] - Text '(703) 894-5000' is present on page 

2023-09-12 17:02:50 - [TEST_STEP][PASSED] - verifyTextPresent("Tax Information", true): Text 'Tax Information' is present on page  using regular expression

2023-09-12 17:02:50 - [MESSAGE][PASSED] - Text 'Tax Information' is present on page  using regular expression

2023-09-12 17:02:50 - [TEST_STEP][PASSED] - verifyTextPresent("Federal EIN:", true): Text 'Federal EIN:' is present on page  using regular expression

2023-09-12 17:02:50 - [MESSAGE][PASSED] - Text 'Federal EIN:' is present on page  using regular expression

2023-09-12 17:02:50 - [TEST_STEP][PASSED] - verifyTextPresent("Payment Amount:", true): Text 'Payment Amount:' is present on page  using regular expression

2023-09-12 17:02:51 - [MESSAGE][PASSED] - Text 'Payment Amount:' is present on page  using regular expression

2023-09-12 17:02:51 - [TEST_STEP][PASSED] - verifyTextPresent("100.00", true): Text '100.00' is present on page  using regular expression

2023-09-12 17:02:51 - [MESSAGE][PASSED] - Text '100.00' is present on page  using regular expression

2023-09-12 17:02:51 - [TEST_STEP][PASSED] - click(findTestObject(orPath_Summary + "/button_Proceed to Payment")): Object: 'Object Repository/RAD_Pages/Summary_Page/button_Proceed to Payment' is clicked on

2023-09-12 17:02:52 - [MESSAGE][PASSED] - Object: 'Object Repository/RAD_Pages/Summary_Page/button_Proceed to Payment' is clicked on

2023-09-12 17:02:52 - [TEST_STEP][PASSED] - verifyTextPresent("Comptroller of Maryland", true): Text 'Comptroller of Maryland' is present on page  using regular expression

2023-09-12 17:02:53 - [MESSAGE][PASSED] - Text 'Comptroller of Maryland' is present on page  using regular expression

2023-09-12 17:02:53 - [TEST_STEP][PASSED] - verifyTextPresent("Revenue Administration Division", true): Text 'Revenue Administration Division' is present on page  using regular expression

2023-09-12 17:02:53 - [MESSAGE][PASSED] - Text 'Revenue Administration Division' is present on page  using regular expression

2023-09-12 17:02:53 - [TEST_STEP][PASSED] - verifyTextPresent("Payment Information", true): Text 'Payment Information' is present on page  using regular expression

2023-09-12 17:02:53 - [MESSAGE][PASSED] - Text 'Payment Information' is present on page  using regular expression

2023-09-12 17:02:53 - [TEST_STEP][PASSED] - card_Name = getAttribute(findTestObject("Object Repository/RAD_Pages/PaymentEntry_Page/input__billingName"), "value"): Attribute 'value' of object 'Object Repository/RAD_Pages/PaymentEntry_Page/input__billingName' is: ''

2023-09-12 17:02:54 - [MESSAGE][PASSED] - Attribute 'value' of object 'Object Repository/RAD_Pages/PaymentEntry_Page/input__billingName' is: ''

2023-09-12 17:02:54 - [TEST_STEP][PASSED] - verifyMatch("", card_Name, false): Actual text '' and expected text '' are matched 

2023-09-12 17:02:54 - [MESSAGE][PASSED] - Actual text '' and expected text '' are matched 

2023-09-12 17:02:54 - [TEST_STEP][PASSED] - AL1 = getAttribute(findTestObject("Object Repository/RAD_Pages/PaymentEntry_Page/input_billingAddress"), "value"): Attribute 'value' of object 'Object Repository/RAD_Pages/PaymentEntry_Page/input_billingAddress' is: '2508 Mandan Terrace'

2023-09-12 17:02:54 - [MESSAGE][PASSED] - Attribute 'value' of object 'Object Repository/RAD_Pages/PaymentEntry_Page/input_billingAddress' is: '2508 Mandan Terrace'

2023-09-12 17:02:54 - [TEST_STEP][PASSED] - verifyMatch("2508 Mandan Terrace", AL1, false): Actual text '2508 Mandan Terrace' and expected text '2508 Mandan Terrace' are matched 

2023-09-12 17:02:54 - [MESSAGE][PASSED] - Actual text '2508 Mandan Terrace' and expected text '2508 Mandan Terrace' are matched 

2023-09-12 17:02:54 - [TEST_STEP][PASSED] - AL2 = getAttribute(findTestObject("Object Repository/RAD_Pages/PaymentEntry_Page/input_billingAddress2"), "value"): Attribute 'value' of object 'Object Repository/RAD_Pages/PaymentEntry_Page/input_billingAddress2' is: ''

2023-09-12 17:02:54 - [MESSAGE][PASSED] - Attribute 'value' of object 'Object Repository/RAD_Pages/PaymentEntry_Page/input_billingAddress2' is: ''

2023-09-12 17:02:54 - [TEST_STEP][PASSED] - verifyMatch("", AL2, false): Actual text '' and expected text '' are matched 

2023-09-12 17:02:54 - [MESSAGE][PASSED] - Actual text '' and expected text '' are matched 

2023-09-12 17:02:54 - [TEST_STEP][PASSED] - zipCode = getAttribute(findTestObject("Object Repository/RAD_Pages/PaymentEntry_Page/input_billingZip"), "value"): Attribute 'value' of object 'Object Repository/RAD_Pages/PaymentEntry_Page/input_billingZip' is: '21054'

2023-09-12 17:02:55 - [MESSAGE][PASSED] - Attribute 'value' of object 'Object Repository/RAD_Pages/PaymentEntry_Page/input_billingZip' is: '21054'

2023-09-12 17:02:55 - [TEST_STEP][PASSED] - verifyMatch("21054", zipCode, false): Actual text '21054' and expected text '21054' are matched 

2023-09-12 17:02:55 - [MESSAGE][PASSED] - Actual text '21054' and expected text '21054' are matched 

2023-09-12 17:02:55 - [TEST_STEP][PASSED] - city = getAttribute(findTestObject("Object Repository/RAD_Pages/PaymentEntry_Page/input_billingCity"), "value"): Attribute 'value' of object 'Object Repository/RAD_Pages/PaymentEntry_Page/input_billingCity' is: 'GAMBRILLS'

2023-09-12 17:02:55 - [MESSAGE][PASSED] - Attribute 'value' of object 'Object Repository/RAD_Pages/PaymentEntry_Page/input_billingCity' is: 'GAMBRILLS'

2023-09-12 17:02:55 - [TEST_STEP][PASSED] - verifyMatch("GAMBRILLS", city, false): Actual text 'GAMBRILLS' and expected text 'GAMBRILLS' are matched 

2023-09-12 17:02:55 - [MESSAGE][PASSED] - Actual text 'GAMBRILLS' and expected text 'GAMBRILLS' are matched 

2023-09-12 17:02:55 - [TEST_STEP][PASSED] - email = getAttribute(findTestObject("Object Repository/RAD_Pages/PaymentEntry_Page/input_emailAddress"), "value"): Attribute 'value' of object 'Object Repository/RAD_Pages/PaymentEntry_Page/input_emailAddress' is: 'iahmed@govolution.com'

2023-09-12 17:02:55 - [MESSAGE][PASSED] - Attribute 'value' of object 'Object Repository/RAD_Pages/PaymentEntry_Page/input_emailAddress' is: 'iahmed@govolution.com'

2023-09-12 17:02:55 - [TEST_STEP][PASSED] - verifyMatch("iahmed@govolution.com", email, false): Actual text 'iahmed@govolution.com' and expected text 'iahmed@govolution.com' are matched 

2023-09-12 17:02:55 - [MESSAGE][PASSED] - Actual text 'iahmed@govolution.com' and expected text 'iahmed@govolution.com' are matched 

2023-09-12 17:02:55 - [TEST_STEP][PASSED] - amount = getAttribute(findTestObject("Object Repository/RAD_Pages/PaymentEntry_Page/input_amount"), "value"): Attribute 'value' of object 'Object Repository/RAD_Pages/PaymentEntry_Page/input_amount' is: '100.00'

2023-09-12 17:02:56 - [MESSAGE][PASSED] - Attribute 'value' of object 'Object Repository/RAD_Pages/PaymentEntry_Page/input_amount' is: '100.00'

2023-09-12 17:02:56 - [TEST_STEP][PASSED] - verifyMatch("100.00", amount, false): Actual text '100.00' and expected text '100.00' are matched 

2023-09-12 17:02:56 - [MESSAGE][PASSED] - Actual text '100.00' and expected text '100.00' are matched 

2023-09-12 17:02:56 - [TEST_STEP][PASSED] - amountReadOnly = getAttribute(findTestObject("Object Repository/RAD_Pages/PaymentEntry_Page/input_amount"), "readonly"): Attribute 'readonly' of object 'Object Repository/RAD_Pages/PaymentEntry_Page/input_amount' is: 'true'

2023-09-12 17:02:56 - [MESSAGE][PASSED] - Attribute 'readonly' of object 'Object Repository/RAD_Pages/PaymentEntry_Page/input_amount' is: 'true'

2023-09-12 17:02:56 - [TEST_STEP][PASSED] - verifyMatch("true", amountReadOnly, false): Actual text 'true' and expected text 'true' are matched 

2023-09-12 17:02:56 - [MESSAGE][PASSED] - Actual text 'true' and expected text 'true' are matched 

2023-09-12 17:02:56 - [TEST_STEP][PASSED] - verifyOptionSelectedByLabel(findTestObject("Object Repository/RAD_Pages/PaymentEntry_Page/select_Country"), "United States", false, 20): All options with label 'United States' are selected in object 'Object Repository/RAD_Pages/PaymentEntry_Page/select_Country' 

2023-09-12 17:02:57 - [MESSAGE][PASSED] - All options with label 'United States' are selected in object 'Object Repository/RAD_Pages/PaymentEntry_Page/select_Country' 

2023-09-12 17:02:57 - [TEST_STEP][PASSED] - verifyOptionSelectedByLabel(findTestObject("Object Repository/RAD_Pages/PaymentEntry_Page/select_State"), "Maryland", false, 20): All options with label 'Maryland' are selected in object 'Object Repository/RAD_Pages/PaymentEntry_Page/select_State' 

2023-09-12 17:03:00 - [MESSAGE][PASSED] - All options with label 'Maryland' are selected in object 'Object Repository/RAD_Pages/PaymentEntry_Page/select_State' 

2023-09-12 17:03:00 - [TEST_STEP][PASSED] - setText(findTestObject("Object Repository/RAD_Pages/PaymentEntry_Page/input__billingName"), "Anthony Gonzalez"): Text 'Anthony Gonzalez' is set on object 'Object Repository/RAD_Pages/PaymentEntry_Page/input__billingName'

2023-09-12 17:03:01 - [MESSAGE][PASSED] - Text 'Anthony Gonzalez' is set on object 'Object Repository/RAD_Pages/PaymentEntry_Page/input__billingName'

2023-09-12 17:03:01 - [TEST_STEP][PASSED] - setText(findTestObject(orPath_PaymentEntry + "/input__cardNumber"), "4111111111111111"): Text '4111111111111111' is set on object 'Object Repository/RAD_Pages/PaymentEntry_Page/input__cardNumber'

2023-09-12 17:03:01 - [MESSAGE][PASSED] - Text '4111111111111111' is set on object 'Object Repository/RAD_Pages/PaymentEntry_Page/input__cardNumber'

2023-09-12 17:03:01 - [TEST_STEP][PASSED] - setText(findTestObject(orPath_PaymentEntry + "/input__spc"), "123"): Text '123' is set on object 'Object Repository/RAD_Pages/PaymentEntry_Page/input__spc'

2023-09-12 17:03:02 - [MESSAGE][PASSED] - Text '123' is set on object 'Object Repository/RAD_Pages/PaymentEntry_Page/input__spc'

2023-09-12 17:03:02 - [TEST_STEP][PASSED] - selectOptionByLabel(findTestObject(orPath_PaymentEntry + "/select_MM"), "12", false): All options with label '12' are selected in object 'Object Repository/RAD_Pages/PaymentEntry_Page/select_MM' 

2023-09-12 17:03:04 - [MESSAGE][PASSED] - All options with label '12' are selected in object 'Object Repository/RAD_Pages/PaymentEntry_Page/select_MM' 

2023-09-12 17:03:04 - [TEST_STEP][PASSED] - selectOptionByLabel(findTestObject(orPath_PaymentEntry + "/select_YYYY"), "2028", false): All options with label '2028' are selected in object 'Object Repository/RAD_Pages/PaymentEntry_Page/select_YYYY' 

2023-09-12 17:03:04 - [MESSAGE][PASSED] - All options with label '2028' are selected in object 'Object Repository/RAD_Pages/PaymentEntry_Page/select_YYYY' 

2023-09-12 17:03:04 - [TEST_STEP][PASSED] - click(findTestObject(orPath_PaymentEntry + "/input_Field_ccSubmit")): Object: 'Object Repository/RAD_Pages/PaymentEntry_Page/input_Field_ccSubmit' is clicked on

2023-09-12 17:03:05 - [MESSAGE][PASSED] - Object: 'Object Repository/RAD_Pages/PaymentEntry_Page/input_Field_ccSubmit' is clicked on

2023-09-12 17:03:05 - [TEST_STEP][PASSED] - click(findTestObject(orPath_PaymentConfirmation + "/input_N_confirmNotifyAction")): Object: 'Object Repository/RAD_Pages/PaymentConfirmation_Page/input_N_confirmNotifyAction' is clicked on

2023-09-12 17:03:06 - [MESSAGE][PASSED] - Object: 'Object Repository/RAD_Pages/PaymentConfirmation_Page/input_N_confirmNotifyAction' is clicked on

2023-09-12 17:03:06 - [TEST_STEP][PASSED] - verifyTextPresent("Service Fee Acceptance", true): Text 'Service Fee Acceptance' is present on page  using regular expression

2023-09-12 17:03:07 - [MESSAGE][PASSED] - Text 'Service Fee Acceptance' is present on page  using regular expression

2023-09-12 17:03:07 - [TEST_STEP][PASSED] - verifyTextPresent("This transaction is subject to a Service Fee of ", true): Text 'This transaction is subject to a Service Fee of ' is present on page  using regular expression

2023-09-12 17:03:07 - [MESSAGE][PASSED] - Text 'This transaction is subject to a Service Fee of ' is present on page  using regular expression

2023-09-12 17:03:07 - [TEST_STEP][PASSED] - verifyTextPresent("Payment Amount:", true): Text 'Payment Amount:' is present on page  using regular expression

2023-09-12 17:03:07 - [MESSAGE][PASSED] - Text 'Payment Amount:' is present on page  using regular expression

2023-09-12 17:03:07 - [TEST_STEP][PASSED] - verifyTextPresent("100.00", true): Text '100.00' is present on page  using regular expression

2023-09-12 17:03:08 - [MESSAGE][PASSED] - Text '100.00' is present on page  using regular expression

2023-09-12 17:03:08 - [TEST_STEP][PASSED] - verifyTextPresent("Service Fee:", true): Text 'Service Fee:' is present on page  using regular expression

2023-09-12 17:03:08 - [MESSAGE][PASSED] - Text 'Service Fee:' is present on page  using regular expression

2023-09-12 17:03:08 - [TEST_STEP][PASSED] - verifyTextPresent("2.45", true): Text '2.45' is present on page  using regular expression

2023-09-12 17:03:08 - [MESSAGE][PASSED] - Text '2.45' is present on page  using regular expression

2023-09-12 17:03:08 - [TEST_STEP][PASSED] - verifyTextPresent("Total Amount:", true): Text 'Total Amount:' is present on page  using regular expression

2023-09-12 17:03:09 - [MESSAGE][PASSED] - Text 'Total Amount:' is present on page  using regular expression

2023-09-12 17:03:09 - [TEST_STEP][PASSED] - verifyTextPresent("102.45", true): Text '102.45' is present on page  using regular expression

2023-09-12 17:03:09 - [MESSAGE][PASSED] - Text '102.45' is present on page  using regular expression

2023-09-12 17:03:09 - [TEST_STEP][PASSED] - verifyTextPresent("Two transactions will appear on your bank statement, one in the amount of", true): Text 'Two transactions will appear on your bank statement, one in the amount of' is present on page  using regular expression

2023-09-12 17:03:09 - [MESSAGE][PASSED] - Text 'Two transactions will appear on your bank statement, one in the amount of' is present on page  using regular expression

2023-09-12 17:03:09 - [TEST_STEP][PASSED] - verifyElementPresent(findTestObject(orPath_ServiceFeesAccept + "/input_convFeeNotifyAction"), 30): Object 'Object Repository/RAD_Pages/ServiceFeeAccept_Page/input_convFeeNotifyAction' is present

2023-09-12 17:03:09 - [MESSAGE][PASSED] - Object 'Object Repository/RAD_Pages/ServiceFeeAccept_Page/input_convFeeNotifyAction' is present

2023-09-12 17:03:09 - [TEST_STEP][PASSED] - ExecuteTC = findTestData(dataFile).getValue("Execute", row): null

2023-09-12 17:03:10 - [TEST_STEP][PASSED] - TaxType = findTestData(dataFile).getValue("TaxType", row): null

2023-09-12 17:03:10 - [TEST_STEP][PASSED] - PaymentType = findTestData(dataFile).getValue("PaymentType", row): null

2023-09-12 17:03:10 - [TEST_STEP][PASSED] - FilingYear = findTestData(dataFile).getValue("Year", row): null

2023-09-12 17:03:10 - [TEST_STEP][PASSED] - if (ExecuteTC.equalsIgnoreCase("Y")): Object 'Object Repository/RAD_Pages/ServiceFeeAccept_Page/input_convFeeNotifyAction' is present

2023-09-12 17:03:10 - [TEST_STEP][PASSED] - out.println("Begin Record Number: " + row): null

2023-09-12 17:03:10 - [TEST_STEP][PASSED] - today = new java.util.Date(): null

2023-09-12 17:03:10 - [TEST_STEP][PASSED] - println(today): null

2023-09-12 17:03:10 - [TEST_STEP][PASSED] - datText = today: null

2023-09-12 17:03:10 - [TEST_STEP][PASSED] - logInfo("Payment Type: New Tax Return Amount Due"): Payment Type: New Tax Return Amount Due

2023-09-12 17:03:10 - [MESSAGE][INFO] - Payment Type: New Tax Return Amount Due

2023-09-12 17:03:10 - [TEST_STEP][PASSED] - logInfo("Tax Type: " + TaxType): Tax Type: PTE Tax Electing Non-S Corp

2023-09-12 17:03:10 - [MESSAGE][INFO] - Tax Type: PTE Tax Electing Non-S Corp

2023-09-12 17:03:10 - [TEST_STEP][PASSED] - openBrowser(""): Browser is opened with url: ''

2023-09-12 17:03:10 - [MESSAGE][WARNING] - A browser is already opened. Closing browser and opening a new one

2023-09-12 17:03:11 - [MESSAGE][INFO] - Starting 'Chrome' driver

2023-09-12 17:03:11 - [MESSAGE][INFO] - User set preference: ['acceptInsecureCerts', 'true']

2023-09-12 17:03:11 - [MESSAGE][INFO] - Action delay is set to 0 milliseconds

2023-09-12 17:03:12 - [MESSAGE][PASSED] - Browser is opened with url: ''

2023-09-12 17:03:12 - [TEST_STEP][PASSED] - maximizeWindow(): Current window maximized

2023-09-12 17:03:12 - [MESSAGE][PASSED] - Current window maximized

2023-09-12 17:03:12 - [TEST_STEP][PASSED] - navigateToUrl(RADurl): Navigate to 'https://demo.velocitypayment.com/client/rad/index.html' successfully

2023-09-12 17:03:14 - [MESSAGE][PASSED] - Navigate to 'https://demo.velocitypayment.com/client/rad/index.html' successfully

2023-09-12 17:03:14 - [TEST_STEP][PASSED] - selectOptionByLabel(findTestObject(orPath_Landing + "/dd_TaxType"), "New Tax Return Amount Due", false): All options with label 'New Tax Return Amount Due' are selected in object 'Object Repository/RAD_Pages/Landing_Page/dd_TaxType' 

2023-09-12 17:03:15 - [MESSAGE][PASSED] - All options with label 'New Tax Return Amount Due' are selected in object 'Object Repository/RAD_Pages/Landing_Page/dd_TaxType' 

2023-09-12 17:03:15 - [TEST_STEP][PASSED] - selectOptionByLabel(findTestObject("Object Repository/RAD_Pages/Landing_Page/select_NewTaxReturnAmountDue_TaxType"), TaxType, false): All options with label 'PTE Tax Electing Non-S Corp' are selected in object 'Object Repository/RAD_Pages/Landing_Page/select_NewTaxReturnAmountDue_TaxType' 

2023-09-12 17:03:15 - [MESSAGE][PASSED] - All options with label 'PTE Tax Electing Non-S Corp' are selected in object 'Object Repository/RAD_Pages/Landing_Page/select_NewTaxReturnAmountDue_TaxType' 

2023-09-12 17:03:15 - [TEST_STEP][PASSED] - selectOptionByLabel(findTestObject(orPath_TaxTypeFilingYear + "/select_FilingYear"), FilingYear, false): All options with label '2022' are selected in object 'Object Repository/RAD_Pages/TaxTypeFilingYear_Page/select_FilingYear' 

2023-09-12 17:03:16 - [MESSAGE][PASSED] - All options with label '2022' are selected in object 'Object Repository/RAD_Pages/TaxTypeFilingYear_Page/select_FilingYear' 

2023-09-12 17:03:16 - [TEST_STEP][PASSED] - rad.getSetDataRAD.setDataRADBusinessName(): rad.getSetDataRAD.setDataRADBusinessName is PASSED

2023-09-12 17:03:17 - [MESSAGE][PASSED] - Text 'My Company' is set on object 'Object Repository/RAD_Pages/Taxpayer_Page/input_businessName'

2023-09-12 17:03:17 - [MESSAGE][PASSED] - rad.getSetDataRAD.setDataRADBusinessName is PASSED

2023-09-12 17:03:17 - [TEST_STEP][PASSED] - rad.getSetDataRAD.setDataRADAddress(): rad.getSetDataRAD.setDataRADAddress is PASSED

2023-09-12 17:03:19 - [MESSAGE][PASSED] - All options with label 'United States' are selected in object 'Object Repository/RAD_Pages/AddressAndContactInfo_Page/select_Country' 

2023-09-12 17:03:19 - [MESSAGE][PASSED] - Text '2508 Mandan Terrace' is set on object 'Object Repository/RAD_Pages/AddressAndContactInfo_Page/input_streetAddress1'

2023-09-12 17:03:20 - [MESSAGE][PASSED] - Text '' is set on object 'Object Repository/RAD_Pages/AddressAndContactInfo_Page/input_streetAddress2'

2023-09-12 17:03:21 - [MESSAGE][PASSED] - Text 'Gambrills' is set on object 'Object Repository/RAD_Pages/AddressAndContactInfo_Page/input_city'

2023-09-12 17:03:22 - [MESSAGE][PASSED] - All options with label 'Maryland' are selected in object 'Object Repository/RAD_Pages/AddressAndContactInfo_Page/select_State' 

2023-09-12 17:03:23 - [MESSAGE][PASSED] - Text '21054' is set on object 'Object Repository/RAD_Pages/AddressAndContactInfo_Page/input_zipCode'

2023-09-12 17:03:24 - [MESSAGE][PASSED] - Text '(703) 894-5000' is set on object 'Object Repository/RAD_Pages/AddressAndContactInfo_Page/input_phoneNumber'

2023-09-12 17:03:25 - [MESSAGE][PASSED] - Text 'iahmed@govolution.com' is set on object 'Object Repository/RAD_Pages/AddressAndContactInfo_Page/input_eMailAddress'

2023-09-12 17:03:26 - [MESSAGE][PASSED] - Text 'iahmed@govolution.com' is set on object 'Object Repository/RAD_Pages/AddressAndContactInfo_Page/input_reEnterEMailAddress'

2023-09-12 17:03:26 - [MESSAGE][PASSED] - rad.getSetDataRAD.setDataRADAddress is PASSED

2023-09-12 17:03:26 - [TEST_STEP][PASSED] - rad.getSetDataRAD.setDataRADFEIN(): rad.getSetDataRAD.setDataRADFEIN is PASSED

2023-09-12 17:03:26 - [MESSAGE][PASSED] - Text ****** has been set on object 'Object Repository/RAD_Pages/TaxInfo_Page/input_FederalEIN'

2023-09-12 17:03:27 - [MESSAGE][PASSED] - Text ****** has been set on object 'Object Repository/RAD_Pages/TaxInfo_Page/input_FederalEIN_ReEnter'

2023-09-12 17:03:27 - [MESSAGE][PASSED] - rad.getSetDataRAD.setDataRADFEIN is PASSED

2023-09-12 17:03:27 - [TEST_STEP][PASSED] - setText(findTestObject(orPath_Amount + "/input__paymentAmount"), "100.00"): Text '100.00' is set on object 'Object Repository/RAD_Pages/PaymentAmount_Page/input__paymentAmount'

2023-09-12 17:03:28 - [MESSAGE][PASSED] - Text '100.00' is set on object 'Object Repository/RAD_Pages/PaymentAmount_Page/input__paymentAmount'

2023-09-12 17:03:28 - [TEST_STEP][PASSED] - setText(findTestObject(orPath_AddressContact + "/input_streetAddress2"), ""): Text '' is set on object 'Object Repository/RAD_Pages/AddressAndContactInfo_Page/input_streetAddress2'

2023-09-12 17:03:29 - [MESSAGE][PASSED] - Text '' is set on object 'Object Repository/RAD_Pages/AddressAndContactInfo_Page/input_streetAddress2'

2023-09-12 17:03:29 - [TEST_STEP][PASSED] - scrollToElement(findTestObject(orPath_Landing + "/button_Continue"), 3): Scroll to object 'Object Repository/RAD_Pages/Landing_Page/button_Continue' successfully

2023-09-12 17:03:29 - [MESSAGE][PASSED] - Scroll to object 'Object Repository/RAD_Pages/Landing_Page/button_Continue' successfully

2023-09-12 17:03:29 - [TEST_STEP][PASSED] - waitForElementClickable(findTestObject(orPath_Landing + "/button_Continue"), 5): Object 'Object Repository/RAD_Pages/Landing_Page/button_Continue' is clickable

2023-09-12 17:03:30 - [MESSAGE][PASSED] - Object 'Object Repository/RAD_Pages/Landing_Page/button_Continue' is clickable

2023-09-12 17:03:30 - [TEST_STEP][PASSED] - click(findTestObject(orPath_Landing + "/button_Continue")): Object: 'Object Repository/RAD_Pages/Landing_Page/button_Continue' is clicked on

2023-09-12 17:03:30 - [MESSAGE][PASSED] - Object: 'Object Repository/RAD_Pages/Landing_Page/button_Continue' is clicked on

2023-09-12 17:03:30 - [TEST_STEP][PASSED] - delay(2): Delayed 2 second(s)

2023-09-12 17:03:32 - [MESSAGE][PASSED] - Delayed 2 second(s)

2023-09-12 17:03:32 - [TEST_STEP][PASSED] - verifyTextPresent("Summary", true): Text 'Summary' is present on page  using regular expression

2023-09-12 17:03:33 - [MESSAGE][PASSED] - Text 'Summary' is present on page  using regular expression

2023-09-12 17:03:33 - [TEST_STEP][PASSED] - verifyTextPresent("Review the information below and make any necessary corrections by clicking the", true): Text 'Review the information below and make any necessary corrections by clicking the' is present on page  using regular expression

2023-09-12 17:03:33 - [MESSAGE][PASSED] - Text 'Review the information below and make any necessary corrections by clicking the' is present on page  using regular expression

2023-09-12 17:03:33 - [TEST_STEP][PASSED] - verifyTextPresent("When you are confident that all the information is correct, click the", true): Text 'When you are confident that all the information is correct, click the' is present on page  using regular expression

2023-09-12 17:03:33 - [MESSAGE][PASSED] - Text 'When you are confident that all the information is correct, click the' is present on page  using regular expression

2023-09-12 17:03:33 - [TEST_STEP][PASSED] - verifyTextPresent("Payment Type/Filing Year", true): Text 'Payment Type/Filing Year' is present on page  using regular expression

2023-09-12 17:03:34 - [MESSAGE][PASSED] - Text 'Payment Type/Filing Year' is present on page  using regular expression

2023-09-12 17:03:34 - [TEST_STEP][PASSED] - verifyTextPresent("Payment Type:", true): Text 'Payment Type:' is present on page  using regular expression

2023-09-12 17:03:34 - [MESSAGE][PASSED] - Text 'Payment Type:' is present on page  using regular expression

2023-09-12 17:03:34 - [TEST_STEP][PASSED] - verifyTextPresent("New Tax Return Amount Due", true): Text 'New Tax Return Amount Due' is present on page  using regular expression

2023-09-12 17:03:34 - [MESSAGE][PASSED] - Text 'New Tax Return Amount Due' is present on page  using regular expression

2023-09-12 17:03:34 - [TEST_STEP][PASSED] - verifyTextPresent("Filing Year:", true): Text 'Filing Year:' is present on page  using regular expression

2023-09-12 17:03:35 - [MESSAGE][PASSED] - Text 'Filing Year:' is present on page  using regular expression

2023-09-12 17:03:35 - [TEST_STEP][PASSED] - verifyTextPresent(FilingYear, true): Text '2022' is present on page  using regular expression

2023-09-12 17:03:35 - [MESSAGE][PASSED] - Text '2022' is present on page  using regular expression

2023-09-12 17:03:35 - [TEST_STEP][PASSED] - verifyTextPresent("Payer Information", true): Text 'Payer Information' is present on page  using regular expression

2023-09-12 17:03:36 - [MESSAGE][PASSED] - Text 'Payer Information' is present on page  using regular expression

2023-09-12 17:03:36 - [TEST_STEP][PASSED] - verifyTextPresent("Taxpayer Name:", true): Text 'Taxpayer Name:' is present on page  using regular expression

2023-09-12 17:03:36 - [MESSAGE][PASSED] - Text 'Taxpayer Name:' is present on page  using regular expression

2023-09-12 17:03:36 - [TEST_STEP][PASSED] - verifyTextPresent("My Company", true): Text 'My Company' is present on page  using regular expression

2023-09-12 17:03:36 - [MESSAGE][PASSED] - Text 'My Company' is present on page  using regular expression

2023-09-12 17:03:36 - [TEST_STEP][PASSED] - verifyTextPresent("Taxpayer Address:", true): Text 'Taxpayer Address:' is present on page  using regular expression

2023-09-12 17:03:37 - [MESSAGE][PASSED] - Text 'Taxpayer Address:' is present on page  using regular expression

2023-09-12 17:03:37 - [TEST_STEP][PASSED] - verifyTextPresent("2508 Mandan Terrace Gambrills Maryland 21054", true): Text '2508 Mandan Terrace Gambrills Maryland 21054' is present on page  using regular expression

2023-09-12 17:03:37 - [MESSAGE][PASSED] - Text '2508 Mandan Terrace Gambrills Maryland 21054' is present on page  using regular expression

2023-09-12 17:03:37 - [TEST_STEP][PASSED] - verifyTextPresent("Email:", true): Text 'Email:' is present on page  using regular expression

2023-09-12 17:03:37 - [MESSAGE][PASSED] - Text 'Email:' is present on page  using regular expression

2023-09-12 17:03:37 - [TEST_STEP][PASSED] - verifyTextPresent("iahmed@govolution.com", true): Text 'iahmed@govolution.com' is present on page  using regular expression

2023-09-12 17:03:38 - [MESSAGE][PASSED] - Text 'iahmed@govolution.com' is present on page  using regular expression

2023-09-12 17:03:38 - [TEST_STEP][PASSED] - verifyTextPresent("Phone:", true): Text 'Phone:' is present on page  using regular expression

2023-09-12 17:03:38 - [MESSAGE][PASSED] - Text 'Phone:' is present on page  using regular expression

2023-09-12 17:03:38 - [TEST_STEP][PASSED] - verifyTextPresent("(703) 894-5000", false): Text '(703) 894-5000' is present on page 

2023-09-12 17:03:38 - [MESSAGE][PASSED] - Text '(703) 894-5000' is present on page 

2023-09-12 17:03:38 - [TEST_STEP][PASSED] - verifyTextPresent("Tax Information", true): Text 'Tax Information' is present on page  using regular expression

2023-09-12 17:03:39 - [MESSAGE][PASSED] - Text 'Tax Information' is present on page  using regular expression

2023-09-12 17:03:39 - [TEST_STEP][PASSED] - verifyTextPresent("Federal EIN:", true): Text 'Federal EIN:' is present on page  using regular expression

2023-09-12 17:03:39 - [MESSAGE][PASSED] - Text 'Federal EIN:' is present on page  using regular expression

2023-09-12 17:03:39 - [TEST_STEP][PASSED] - verifyTextPresent("Payment Amount:", true): Text 'Payment Amount:' is present on page  using regular expression

2023-09-12 17:03:40 - [MESSAGE][PASSED] - Text 'Payment Amount:' is present on page  using regular expression

2023-09-12 17:03:40 - [TEST_STEP][PASSED] - verifyTextPresent("100.00", true): Text '100.00' is present on page  using regular expression

2023-09-12 17:03:40 - [MESSAGE][PASSED] - Text '100.00' is present on page  using regular expression

2023-09-12 17:03:40 - [TEST_STEP][PASSED] - click(findTestObject(orPath_Summary + "/button_Proceed to Payment")): Object: 'Object Repository/RAD_Pages/Summary_Page/button_Proceed to Payment' is clicked on

2023-09-12 17:03:41 - [MESSAGE][PASSED] - Object: 'Object Repository/RAD_Pages/Summary_Page/button_Proceed to Payment' is clicked on

2023-09-12 17:03:41 - [TEST_STEP][PASSED] - verifyTextPresent("Comptroller of Maryland", true): Text 'Comptroller of Maryland' is present on page  using regular expression

2023-09-12 17:03:42 - [MESSAGE][PASSED] - Text 'Comptroller of Maryland' is present on page  using regular expression

2023-09-12 17:03:42 - [TEST_STEP][PASSED] - verifyTextPresent("Revenue Administration Division", true): Text 'Revenue Administration Division' is present on page  using regular expression

2023-09-12 17:03:42 - [MESSAGE][PASSED] - Text 'Revenue Administration Division' is present on page  using regular expression

2023-09-12 17:03:42 - [TEST_STEP][PASSED] - verifyTextPresent("Payment Information", true): Text 'Payment Information' is present on page  using regular expression

2023-09-12 17:03:42 - [MESSAGE][PASSED] - Text 'Payment Information' is present on page  using regular expression

2023-09-12 17:03:42 - [TEST_STEP][PASSED] - card_Name = getAttribute(findTestObject("Object Repository/RAD_Pages/PaymentEntry_Page/input__billingName"), "value"): Attribute 'value' of object 'Object Repository/RAD_Pages/PaymentEntry_Page/input__billingName' is: ''

2023-09-12 17:03:43 - [MESSAGE][PASSED] - Attribute 'value' of object 'Object Repository/RAD_Pages/PaymentEntry_Page/input__billingName' is: ''

2023-09-12 17:03:43 - [TEST_STEP][PASSED] - verifyMatch("", card_Name, false): Actual text '' and expected text '' are matched 

2023-09-12 17:03:43 - [MESSAGE][PASSED] - Actual text '' and expected text '' are matched 

2023-09-12 17:03:43 - [TEST_STEP][PASSED] - AL1 = getAttribute(findTestObject("Object Repository/RAD_Pages/PaymentEntry_Page/input_billingAddress"), "value"): Attribute 'value' of object 'Object Repository/RAD_Pages/PaymentEntry_Page/input_billingAddress' is: '2508 Mandan Terrace'

2023-09-12 17:03:43 - [MESSAGE][PASSED] - Attribute 'value' of object 'Object Repository/RAD_Pages/PaymentEntry_Page/input_billingAddress' is: '2508 Mandan Terrace'

2023-09-12 17:03:43 - [TEST_STEP][PASSED] - verifyMatch("2508 Mandan Terrace", AL1, false): Actual text '2508 Mandan Terrace' and expected text '2508 Mandan Terrace' are matched 

2023-09-12 17:03:43 - [MESSAGE][PASSED] - Actual text '2508 Mandan Terrace' and expected text '2508 Mandan Terrace' are matched 

2023-09-12 17:03:43 - [TEST_STEP][PASSED] - AL2 = getAttribute(findTestObject("Object Repository/RAD_Pages/PaymentEntry_Page/input_billingAddress2"), "value"): Attribute 'value' of object 'Object Repository/RAD_Pages/PaymentEntry_Page/input_billingAddress2' is: ''

2023-09-12 17:03:43 - [MESSAGE][PASSED] - Attribute 'value' of object 'Object Repository/RAD_Pages/PaymentEntry_Page/input_billingAddress2' is: ''

2023-09-12 17:03:43 - [TEST_STEP][PASSED] - verifyMatch("", AL2, false): Actual text '' and expected text '' are matched 

2023-09-12 17:03:43 - [MESSAGE][PASSED] - Actual text '' and expected text '' are matched 

2023-09-12 17:03:43 - [TEST_STEP][PASSED] - zipCode = getAttribute(findTestObject("Object Repository/RAD_Pages/PaymentEntry_Page/input_billingZip"), "value"): Attribute 'value' of object 'Object Repository/RAD_Pages/PaymentEntry_Page/input_billingZip' is: '21054'

2023-09-12 17:03:44 - [MESSAGE][PASSED] - Attribute 'value' of object 'Object Repository/RAD_Pages/PaymentEntry_Page/input_billingZip' is: '21054'

2023-09-12 17:03:44 - [TEST_STEP][PASSED] - verifyMatch("21054", zipCode, false): Actual text '21054' and expected text '21054' are matched 

2023-09-12 17:03:44 - [MESSAGE][PASSED] - Actual text '21054' and expected text '21054' are matched 

2023-09-12 17:03:44 - [TEST_STEP][PASSED] - city = getAttribute(findTestObject("Object Repository/RAD_Pages/PaymentEntry_Page/input_billingCity"), "value"): Attribute 'value' of object 'Object Repository/RAD_Pages/PaymentEntry_Page/input_billingCity' is: 'GAMBRILLS'

2023-09-12 17:03:44 - [MESSAGE][PASSED] - Attribute 'value' of object 'Object Repository/RAD_Pages/PaymentEntry_Page/input_billingCity' is: 'GAMBRILLS'

2023-09-12 17:03:44 - [TEST_STEP][PASSED] - verifyMatch("GAMBRILLS", city, false): Actual text 'GAMBRILLS' and expected text 'GAMBRILLS' are matched 

2023-09-12 17:03:44 - [MESSAGE][PASSED] - Actual text 'GAMBRILLS' and expected text 'GAMBRILLS' are matched 

2023-09-12 17:03:44 - [TEST_STEP][PASSED] - email = getAttribute(findTestObject("Object Repository/RAD_Pages/PaymentEntry_Page/input_emailAddress"), "value"): Attribute 'value' of object 'Object Repository/RAD_Pages/PaymentEntry_Page/input_emailAddress' is: 'iahmed@govolution.com'

2023-09-12 17:03:44 - [MESSAGE][PASSED] - Attribute 'value' of object 'Object Repository/RAD_Pages/PaymentEntry_Page/input_emailAddress' is: 'iahmed@govolution.com'

2023-09-12 17:03:44 - [TEST_STEP][PASSED] - verifyMatch("iahmed@govolution.com", email, false): Actual text 'iahmed@govolution.com' and expected text 'iahmed@govolution.com' are matched 

2023-09-12 17:03:44 - [MESSAGE][PASSED] - Actual text 'iahmed@govolution.com' and expected text 'iahmed@govolution.com' are matched 

2023-09-12 17:03:44 - [TEST_STEP][PASSED] - amount = getAttribute(findTestObject("Object Repository/RAD_Pages/PaymentEntry_Page/input_amount"), "value"): Attribute 'value' of object 'Object Repository/RAD_Pages/PaymentEntry_Page/input_amount' is: '100.00'

2023-09-12 17:03:45 - [MESSAGE][PASSED] - Attribute 'value' of object 'Object Repository/RAD_Pages/PaymentEntry_Page/input_amount' is: '100.00'

2023-09-12 17:03:45 - [TEST_STEP][PASSED] - verifyMatch("100.00", amount, false): Actual text '100.00' and expected text '100.00' are matched 

2023-09-12 17:03:45 - [MESSAGE][PASSED] - Actual text '100.00' and expected text '100.00' are matched 

2023-09-12 17:03:45 - [TEST_STEP][PASSED] - amountReadOnly = getAttribute(findTestObject("Object Repository/RAD_Pages/PaymentEntry_Page/input_amount"), "readonly"): Attribute 'readonly' of object 'Object Repository/RAD_Pages/PaymentEntry_Page/input_amount' is: 'true'

2023-09-12 17:03:45 - [MESSAGE][PASSED] - Attribute 'readonly' of object 'Object Repository/RAD_Pages/PaymentEntry_Page/input_amount' is: 'true'

2023-09-12 17:03:45 - [TEST_STEP][PASSED] - verifyMatch("true", amountReadOnly, false): Actual text 'true' and expected text 'true' are matched 

2023-09-12 17:03:45 - [MESSAGE][PASSED] - Actual text 'true' and expected text 'true' are matched 

2023-09-12 17:03:45 - [TEST_STEP][PASSED] - verifyOptionSelectedByLabel(findTestObject("Object Repository/RAD_Pages/PaymentEntry_Page/select_Country"), "United States", false, 20): All options with label 'United States' are selected in object 'Object Repository/RAD_Pages/PaymentEntry_Page/select_Country' 

2023-09-12 17:03:46 - [MESSAGE][PASSED] - All options with label 'United States' are selected in object 'Object Repository/RAD_Pages/PaymentEntry_Page/select_Country' 

2023-09-12 17:03:46 - [TEST_STEP][PASSED] - verifyOptionSelectedByLabel(findTestObject("Object Repository/RAD_Pages/PaymentEntry_Page/select_State"), "Maryland", false, 20): All options with label 'Maryland' are selected in object 'Object Repository/RAD_Pages/PaymentEntry_Page/select_State' 

2023-09-12 17:03:49 - [MESSAGE][PASSED] - All options with label 'Maryland' are selected in object 'Object Repository/RAD_Pages/PaymentEntry_Page/select_State' 

2023-09-12 17:03:49 - [TEST_STEP][PASSED] - setText(findTestObject("Object Repository/RAD_Pages/PaymentEntry_Page/input__billingName"), "Anthony Gonzalez"): Text 'Anthony Gonzalez' is set on object 'Object Repository/RAD_Pages/PaymentEntry_Page/input__billingName'

2023-09-12 17:03:49 - [MESSAGE][PASSED] - Text 'Anthony Gonzalez' is set on object 'Object Repository/RAD_Pages/PaymentEntry_Page/input__billingName'

2023-09-12 17:03:49 - [TEST_STEP][PASSED] - setText(findTestObject(orPath_PaymentEntry + "/input__cardNumber"), "4111111111111111"): Text '4111111111111111' is set on object 'Object Repository/RAD_Pages/PaymentEntry_Page/input__cardNumber'

2023-09-12 17:03:50 - [MESSAGE][PASSED] - Text '4111111111111111' is set on object 'Object Repository/RAD_Pages/PaymentEntry_Page/input__cardNumber'

2023-09-12 17:03:50 - [TEST_STEP][PASSED] - setText(findTestObject(orPath_PaymentEntry + "/input__spc"), "123"): Text '123' is set on object 'Object Repository/RAD_Pages/PaymentEntry_Page/input__spc'

2023-09-12 17:03:51 - [MESSAGE][PASSED] - Text '123' is set on object 'Object Repository/RAD_Pages/PaymentEntry_Page/input__spc'

2023-09-12 17:03:51 - [TEST_STEP][PASSED] - selectOptionByLabel(findTestObject(orPath_PaymentEntry + "/select_MM"), "12", false): All options with label '12' are selected in object 'Object Repository/RAD_Pages/PaymentEntry_Page/select_MM' 

2023-09-12 17:03:52 - [MESSAGE][PASSED] - All options with label '12' are selected in object 'Object Repository/RAD_Pages/PaymentEntry_Page/select_MM' 

2023-09-12 17:03:52 - [TEST_STEP][PASSED] - selectOptionByLabel(findTestObject(orPath_PaymentEntry + "/select_YYYY"), "2028", false): All options with label '2028' are selected in object 'Object Repository/RAD_Pages/PaymentEntry_Page/select_YYYY' 

2023-09-12 17:03:52 - [MESSAGE][PASSED] - All options with label '2028' are selected in object 'Object Repository/RAD_Pages/PaymentEntry_Page/select_YYYY' 

2023-09-12 17:03:52 - [TEST_STEP][PASSED] - click(findTestObject(orPath_PaymentEntry + "/input_Field_ccSubmit")): Object: 'Object Repository/RAD_Pages/PaymentEntry_Page/input_Field_ccSubmit' is clicked on

2023-09-12 17:03:53 - [MESSAGE][PASSED] - Object: 'Object Repository/RAD_Pages/PaymentEntry_Page/input_Field_ccSubmit' is clicked on

2023-09-12 17:03:53 - [TEST_STEP][PASSED] - click(findTestObject(orPath_PaymentConfirmation + "/input_N_confirmNotifyAction")): Object: 'Object Repository/RAD_Pages/PaymentConfirmation_Page/input_N_confirmNotifyAction' is clicked on

2023-09-12 17:03:54 - [MESSAGE][PASSED] - Object: 'Object Repository/RAD_Pages/PaymentConfirmation_Page/input_N_confirmNotifyAction' is clicked on

2023-09-12 17:03:54 - [TEST_STEP][PASSED] - verifyTextPresent("Service Fee Acceptance", true): Text 'Service Fee Acceptance' is present on page  using regular expression

2023-09-12 17:03:55 - [MESSAGE][PASSED] - Text 'Service Fee Acceptance' is present on page  using regular expression

2023-09-12 17:03:55 - [TEST_STEP][PASSED] - verifyTextPresent("This transaction is subject to a Service Fee of ", true): Text 'This transaction is subject to a Service Fee of ' is present on page  using regular expression

2023-09-12 17:03:55 - [MESSAGE][PASSED] - Text 'This transaction is subject to a Service Fee of ' is present on page  using regular expression

2023-09-12 17:03:55 - [TEST_STEP][PASSED] - verifyTextPresent("Payment Amount:", true): Text 'Payment Amount:' is present on page  using regular expression

2023-09-12 17:03:55 - [MESSAGE][PASSED] - Text 'Payment Amount:' is present on page  using regular expression

2023-09-12 17:03:55 - [TEST_STEP][PASSED] - verifyTextPresent("100.00", true): Text '100.00' is present on page  using regular expression

2023-09-12 17:03:55 - [MESSAGE][PASSED] - Text '100.00' is present on page  using regular expression

2023-09-12 17:03:55 - [TEST_STEP][PASSED] - verifyTextPresent("Service Fee:", true): Text 'Service Fee:' is present on page  using regular expression

2023-09-12 17:03:56 - [MESSAGE][PASSED] - Text 'Service Fee:' is present on page  using regular expression

2023-09-12 17:03:56 - [TEST_STEP][PASSED] - verifyTextPresent("2.45", true): Text '2.45' is present on page  using regular expression

2023-09-12 17:03:56 - [MESSAGE][PASSED] - Text '2.45' is present on page  using regular expression

2023-09-12 17:03:56 - [TEST_STEP][PASSED] - verifyTextPresent("Total Amount:", true): Text 'Total Amount:' is present on page  using regular expression

2023-09-12 17:03:56 - [MESSAGE][PASSED] - Text 'Total Amount:' is present on page  using regular expression

2023-09-12 17:03:56 - [TEST_STEP][PASSED] - verifyTextPresent("102.45", true): Text '102.45' is present on page  using regular expression

2023-09-12 17:03:56 - [MESSAGE][PASSED] - Text '102.45' is present on page  using regular expression

2023-09-12 17:03:57 - [TEST_STEP][PASSED] - verifyTextPresent("Two transactions will appear on your bank statement, one in the amount of", true): Text 'Two transactions will appear on your bank statement, one in the amount of' is present on page  using regular expression

2023-09-12 17:03:57 - [MESSAGE][PASSED] - Text 'Two transactions will appear on your bank statement, one in the amount of' is present on page  using regular expression

2023-09-12 17:03:57 - [TEST_STEP][PASSED] - verifyElementPresent(findTestObject(orPath_ServiceFeesAccept + "/input_convFeeNotifyAction"), 30): Object 'Object Repository/RAD_Pages/ServiceFeeAccept_Page/input_convFeeNotifyAction' is present

2023-09-12 17:03:57 - [MESSAGE][PASSED] - Object 'Object Repository/RAD_Pages/ServiceFeeAccept_Page/input_convFeeNotifyAction' is present

2023-09-12 17:03:57 - [TEST_STEP][PASSED] - ExecuteTC = findTestData(dataFile).getValue("Execute", row): null

2023-09-12 17:03:57 - [TEST_STEP][PASSED] - TaxType = findTestData(dataFile).getValue("TaxType", row): null

2023-09-12 17:03:57 - [TEST_STEP][PASSED] - PaymentType = findTestData(dataFile).getValue("PaymentType", row): null

2023-09-12 17:03:57 - [TEST_STEP][PASSED] - FilingYear = findTestData(dataFile).getValue("Year", row): null

2023-09-12 17:03:57 - [TEST_STEP][PASSED] - if (ExecuteTC.equalsIgnoreCase("Y")): Object 'Object Repository/RAD_Pages/ServiceFeeAccept_Page/input_convFeeNotifyAction' is present

2023-09-12 17:03:57 - [TEST_STEP][PASSED] - out.println("Begin Record Number: " + row): null

2023-09-12 17:03:57 - [TEST_STEP][PASSED] - today = new java.util.Date(): null

2023-09-12 17:03:57 - [TEST_STEP][PASSED] - println(today): null

2023-09-12 17:03:57 - [TEST_STEP][PASSED] - datText = today: null

2023-09-12 17:03:57 - [TEST_STEP][PASSED] - logInfo("Payment Type: New Tax Return Amount Due"): Payment Type: New Tax Return Amount Due

2023-09-12 17:03:57 - [MESSAGE][INFO] - Payment Type: New Tax Return Amount Due

2023-09-12 17:03:57 - [TEST_STEP][PASSED] - logInfo("Tax Type: " + TaxType): Tax Type: PTE Tax Electing S Corp

2023-09-12 17:03:57 - [MESSAGE][INFO] - Tax Type: PTE Tax Electing S Corp

2023-09-12 17:03:57 - [TEST_STEP][PASSED] - openBrowser(""): Browser is opened with url: ''

2023-09-12 17:03:57 - [MESSAGE][WARNING] - A browser is already opened. Closing browser and opening a new one

2023-09-12 17:03:58 - [MESSAGE][INFO] - Starting 'Chrome' driver

2023-09-12 17:03:58 - [MESSAGE][INFO] - User set preference: ['acceptInsecureCerts', 'true']

2023-09-12 17:03:58 - [MESSAGE][INFO] - Action delay is set to 0 milliseconds

2023-09-12 17:04:00 - [MESSAGE][PASSED] - Browser is opened with url: ''

2023-09-12 17:04:00 - [TEST_STEP][PASSED] - maximizeWindow(): Current window maximized

2023-09-12 17:04:00 - [MESSAGE][PASSED] - Current window maximized

2023-09-12 17:04:00 - [TEST_STEP][PASSED] - navigateToUrl(RADurl): Navigate to 'https://demo.velocitypayment.com/client/rad/index.html' successfully

2023-09-12 17:04:01 - [MESSAGE][PASSED] - Navigate to 'https://demo.velocitypayment.com/client/rad/index.html' successfully

2023-09-12 17:04:01 - [TEST_STEP][PASSED] - selectOptionByLabel(findTestObject(orPath_Landing + "/dd_TaxType"), "New Tax Return Amount Due", false): All options with label 'New Tax Return Amount Due' are selected in object 'Object Repository/RAD_Pages/Landing_Page/dd_TaxType' 

2023-09-12 17:04:02 - [MESSAGE][PASSED] - All options with label 'New Tax Return Amount Due' are selected in object 'Object Repository/RAD_Pages/Landing_Page/dd_TaxType' 

2023-09-12 17:04:02 - [TEST_STEP][PASSED] - selectOptionByLabel(findTestObject("Object Repository/RAD_Pages/Landing_Page/select_NewTaxReturnAmountDue_TaxType"), TaxType, false): All options with label 'PTE Tax Electing S Corp' are selected in object 'Object Repository/RAD_Pages/Landing_Page/select_NewTaxReturnAmountDue_TaxType' 

2023-09-12 17:04:03 - [MESSAGE][PASSED] - All options with label 'PTE Tax Electing S Corp' are selected in object 'Object Repository/RAD_Pages/Landing_Page/select_NewTaxReturnAmountDue_TaxType' 

2023-09-12 17:04:03 - [TEST_STEP][PASSED] - selectOptionByLabel(findTestObject(orPath_TaxTypeFilingYear + "/select_FilingYear"), FilingYear, false): All options with label '2022' are selected in object 'Object Repository/RAD_Pages/TaxTypeFilingYear_Page/select_FilingYear' 

2023-09-12 17:04:04 - [MESSAGE][PASSED] - All options with label '2022' are selected in object 'Object Repository/RAD_Pages/TaxTypeFilingYear_Page/select_FilingYear' 

2023-09-12 17:04:04 - [TEST_STEP][PASSED] - rad.getSetDataRAD.setDataRADBusinessName(): rad.getSetDataRAD.setDataRADBusinessName is PASSED

2023-09-12 17:04:05 - [MESSAGE][PASSED] - Text 'My Company' is set on object 'Object Repository/RAD_Pages/Taxpayer_Page/input_businessName'

2023-09-12 17:04:05 - [MESSAGE][PASSED] - rad.getSetDataRAD.setDataRADBusinessName is PASSED

2023-09-12 17:04:05 - [TEST_STEP][PASSED] - rad.getSetDataRAD.setDataRADAddress(): rad.getSetDataRAD.setDataRADAddress is PASSED

2023-09-12 17:04:06 - [MESSAGE][PASSED] - All options with label 'United States' are selected in object 'Object Repository/RAD_Pages/AddressAndContactInfo_Page/select_Country' 

2023-09-12 17:04:07 - [MESSAGE][PASSED] - Text '2508 Mandan Terrace' is set on object 'Object Repository/RAD_Pages/AddressAndContactInfo_Page/input_streetAddress1'

2023-09-12 17:04:08 - [MESSAGE][PASSED] - Text '' is set on object 'Object Repository/RAD_Pages/AddressAndContactInfo_Page/input_streetAddress2'

2023-09-12 17:04:09 - [MESSAGE][PASSED] - Text 'Gambrills' is set on object 'Object Repository/RAD_Pages/AddressAndContactInfo_Page/input_city'

2023-09-12 17:04:10 - [MESSAGE][PASSED] - All options with label 'Maryland' are selected in object 'Object Repository/RAD_Pages/AddressAndContactInfo_Page/select_State' 

2023-09-12 17:04:10 - [MESSAGE][PASSED] - Text '21054' is set on object 'Object Repository/RAD_Pages/AddressAndContactInfo_Page/input_zipCode'

2023-09-12 17:04:11 - [MESSAGE][PASSED] - Text '(703) 894-5000' is set on object 'Object Repository/RAD_Pages/AddressAndContactInfo_Page/input_phoneNumber'

2023-09-12 17:04:12 - [MESSAGE][PASSED] - Text 'iahmed@govolution.com' is set on object 'Object Repository/RAD_Pages/AddressAndContactInfo_Page/input_eMailAddress'

2023-09-12 17:04:13 - [MESSAGE][PASSED] - Text 'iahmed@govolution.com' is set on object 'Object Repository/RAD_Pages/AddressAndContactInfo_Page/input_reEnterEMailAddress'

2023-09-12 17:04:13 - [MESSAGE][PASSED] - rad.getSetDataRAD.setDataRADAddress is PASSED

2023-09-12 17:04:13 - [TEST_STEP][PASSED] - rad.getSetDataRAD.setDataRADFEIN(): rad.getSetDataRAD.setDataRADFEIN is PASSED

2023-09-12 17:04:14 - [MESSAGE][PASSED] - Text ****** has been set on object 'Object Repository/RAD_Pages/TaxInfo_Page/input_FederalEIN'

2023-09-12 17:04:15 - [MESSAGE][PASSED] - Text ****** has been set on object 'Object Repository/RAD_Pages/TaxInfo_Page/input_FederalEIN_ReEnter'

2023-09-12 17:04:15 - [MESSAGE][PASSED] - rad.getSetDataRAD.setDataRADFEIN is PASSED

2023-09-12 17:04:15 - [TEST_STEP][PASSED] - setText(findTestObject(orPath_Amount + "/input__paymentAmount"), "100.00"): Text '100.00' is set on object 'Object Repository/RAD_Pages/PaymentAmount_Page/input__paymentAmount'

2023-09-12 17:04:16 - [MESSAGE][PASSED] - Text '100.00' is set on object 'Object Repository/RAD_Pages/PaymentAmount_Page/input__paymentAmount'

2023-09-12 17:04:16 - [TEST_STEP][PASSED] - setText(findTestObject(orPath_AddressContact + "/input_streetAddress2"), ""): Text '' is set on object 'Object Repository/RAD_Pages/AddressAndContactInfo_Page/input_streetAddress2'

2023-09-12 17:04:17 - [MESSAGE][PASSED] - Text '' is set on object 'Object Repository/RAD_Pages/AddressAndContactInfo_Page/input_streetAddress2'

2023-09-12 17:04:17 - [TEST_STEP][PASSED] - scrollToElement(findTestObject(orPath_Landing + "/button_Continue"), 3): Scroll to object 'Object Repository/RAD_Pages/Landing_Page/button_Continue' successfully

2023-09-12 17:04:17 - [MESSAGE][PASSED] - Scroll to object 'Object Repository/RAD_Pages/Landing_Page/button_Continue' successfully

2023-09-12 17:04:17 - [TEST_STEP][PASSED] - waitForElementClickable(findTestObject(orPath_Landing + "/button_Continue"), 5): Object 'Object Repository/RAD_Pages/Landing_Page/button_Continue' is clickable

2023-09-12 17:04:17 - [MESSAGE][PASSED] - Object 'Object Repository/RAD_Pages/Landing_Page/button_Continue' is clickable

2023-09-12 17:04:17 - [TEST_STEP][PASSED] - click(findTestObject(orPath_Landing + "/button_Continue")): Object: 'Object Repository/RAD_Pages/Landing_Page/button_Continue' is clicked on

2023-09-12 17:04:18 - [MESSAGE][PASSED] - Object: 'Object Repository/RAD_Pages/Landing_Page/button_Continue' is clicked on

2023-09-12 17:04:18 - [TEST_STEP][PASSED] - delay(2): Delayed 2 second(s)

2023-09-12 17:04:20 - [MESSAGE][PASSED] - Delayed 2 second(s)

2023-09-12 17:04:20 - [TEST_STEP][PASSED] - verifyTextPresent("Summary", true): Text 'Summary' is present on page  using regular expression

2023-09-12 17:04:20 - [MESSAGE][PASSED] - Text 'Summary' is present on page  using regular expression

2023-09-12 17:04:20 - [TEST_STEP][PASSED] - verifyTextPresent("Review the information below and make any necessary corrections by clicking the", true): Text 'Review the information below and make any necessary corrections by clicking the' is present on page  using regular expression

2023-09-12 17:04:21 - [MESSAGE][PASSED] - Text 'Review the information below and make any necessary corrections by clicking the' is present on page  using regular expression

2023-09-12 17:04:21 - [TEST_STEP][PASSED] - verifyTextPresent("When you are confident that all the information is correct, click the", true): Text 'When you are confident that all the information is correct, click the' is present on page  using regular expression

2023-09-12 17:04:21 - [MESSAGE][PASSED] - Text 'When you are confident that all the information is correct, click the' is present on page  using regular expression

2023-09-12 17:04:21 - [TEST_STEP][PASSED] - verifyTextPresent("Payment Type/Filing Year", true): Text 'Payment Type/Filing Year' is present on page  using regular expression

2023-09-12 17:04:21 - [MESSAGE][PASSED] - Text 'Payment Type/Filing Year' is present on page  using regular expression

2023-09-12 17:04:21 - [TEST_STEP][PASSED] - verifyTextPresent("Payment Type:", true): Text 'Payment Type:' is present on page  using regular expression

2023-09-12 17:04:22 - [MESSAGE][PASSED] - Text 'Payment Type:' is present on page  using regular expression

2023-09-12 17:04:22 - [TEST_STEP][PASSED] - verifyTextPresent("New Tax Return Amount Due", true): Text 'New Tax Return Amount Due' is present on page  using regular expression

2023-09-12 17:04:22 - [MESSAGE][PASSED] - Text 'New Tax Return Amount Due' is present on page  using regular expression

2023-09-12 17:04:22 - [TEST_STEP][PASSED] - verifyTextPresent("Filing Year:", true): Text 'Filing Year:' is present on page  using regular expression

2023-09-12 17:04:22 - [MESSAGE][PASSED] - Text 'Filing Year:' is present on page  using regular expression

2023-09-12 17:04:22 - [TEST_STEP][PASSED] - verifyTextPresent(FilingYear, true): Text '2022' is present on page  using regular expression

2023-09-12 17:04:23 - [MESSAGE][PASSED] - Text '2022' is present on page  using regular expression

2023-09-12 17:04:23 - [TEST_STEP][PASSED] - verifyTextPresent("Payer Information", true): Text 'Payer Information' is present on page  using regular expression

2023-09-12 17:04:23 - [MESSAGE][PASSED] - Text 'Payer Information' is present on page  using regular expression

2023-09-12 17:04:23 - [TEST_STEP][PASSED] - verifyTextPresent("Taxpayer Name:", true): Text 'Taxpayer Name:' is present on page  using regular expression

2023-09-12 17:04:24 - [MESSAGE][PASSED] - Text 'Taxpayer Name:' is present on page  using regular expression

2023-09-12 17:04:24 - [TEST_STEP][PASSED] - verifyTextPresent("My Company", true): Text 'My Company' is present on page  using regular expression

2023-09-12 17:04:24 - [MESSAGE][PASSED] - Text 'My Company' is present on page  using regular expression

2023-09-12 17:04:24 - [TEST_STEP][PASSED] - verifyTextPresent("Taxpayer Address:", true): Text 'Taxpayer Address:' is present on page  using regular expression

2023-09-12 17:04:24 - [MESSAGE][PASSED] - Text 'Taxpayer Address:' is present on page  using regular expression

2023-09-12 17:04:24 - [TEST_STEP][PASSED] - verifyTextPresent("2508 Mandan Terrace Gambrills Maryland 21054", true): Text '2508 Mandan Terrace Gambrills Maryland 21054' is present on page  using regular expression

2023-09-12 17:04:25 - [MESSAGE][PASSED] - Text '2508 Mandan Terrace Gambrills Maryland 21054' is present on page  using regular expression

2023-09-12 17:04:25 - [TEST_STEP][PASSED] - verifyTextPresent("Email:", true): Text 'Email:' is present on page  using regular expression

2023-09-12 17:04:25 - [MESSAGE][PASSED] - Text 'Email:' is present on page  using regular expression

2023-09-12 17:04:25 - [TEST_STEP][PASSED] - verifyTextPresent("iahmed@govolution.com", true): Text 'iahmed@govolution.com' is present on page  using regular expression

2023-09-12 17:04:25 - [MESSAGE][PASSED] - Text 'iahmed@govolution.com' is present on page  using regular expression

2023-09-12 17:04:25 - [TEST_STEP][PASSED] - verifyTextPresent("Phone:", true): Text 'Phone:' is present on page  using regular expression

2023-09-12 17:04:26 - [MESSAGE][PASSED] - Text 'Phone:' is present on page  using regular expression

2023-09-12 17:04:26 - [TEST_STEP][PASSED] - verifyTextPresent("(703) 894-5000", false): Text '(703) 894-5000' is present on page 

2023-09-12 17:04:26 - [MESSAGE][PASSED] - Text '(703) 894-5000' is present on page 

2023-09-12 17:04:26 - [TEST_STEP][PASSED] - verifyTextPresent("Tax Information", true): Text 'Tax Information' is present on page  using regular expression

2023-09-12 17:04:26 - [MESSAGE][PASSED] - Text 'Tax Information' is present on page  using regular expression

2023-09-12 17:04:26 - [TEST_STEP][PASSED] - verifyTextPresent("Federal EIN:", true): Text 'Federal EIN:' is present on page  using regular expression

2023-09-12 17:04:27 - [MESSAGE][PASSED] - Text 'Federal EIN:' is present on page  using regular expression

2023-09-12 17:04:27 - [TEST_STEP][PASSED] - verifyTextPresent("Payment Amount:", true): Text 'Payment Amount:' is present on page  using regular expression

2023-09-12 17:04:27 - [MESSAGE][PASSED] - Text 'Payment Amount:' is present on page  using regular expression

2023-09-12 17:04:27 - [TEST_STEP][PASSED] - verifyTextPresent("100.00", true): Text '100.00' is present on page  using regular expression

2023-09-12 17:04:28 - [MESSAGE][PASSED] - Text '100.00' is present on page  using regular expression

2023-09-12 17:04:28 - [TEST_STEP][PASSED] - click(findTestObject(orPath_Summary + "/button_Proceed to Payment")): Object: 'Object Repository/RAD_Pages/Summary_Page/button_Proceed to Payment' is clicked on

2023-09-12 17:04:29 - [MESSAGE][PASSED] - Object: 'Object Repository/RAD_Pages/Summary_Page/button_Proceed to Payment' is clicked on

2023-09-12 17:04:29 - [TEST_STEP][PASSED] - verifyTextPresent("Comptroller of Maryland", true): Text 'Comptroller of Maryland' is present on page  using regular expression

2023-09-12 17:04:29 - [MESSAGE][PASSED] - Text 'Comptroller of Maryland' is present on page  using regular expression

2023-09-12 17:04:29 - [TEST_STEP][PASSED] - verifyTextPresent("Revenue Administration Division", true): Text 'Revenue Administration Division' is present on page  using regular expression

2023-09-12 17:04:30 - [MESSAGE][PASSED] - Text 'Revenue Administration Division' is present on page  using regular expression

2023-09-12 17:04:30 - [TEST_STEP][PASSED] - verifyTextPresent("Payment Information", true): Text 'Payment Information' is present on page  using regular expression

2023-09-12 17:04:30 - [MESSAGE][PASSED] - Text 'Payment Information' is present on page  using regular expression

2023-09-12 17:04:30 - [TEST_STEP][PASSED] - card_Name = getAttribute(findTestObject("Object Repository/RAD_Pages/PaymentEntry_Page/input__billingName"), "value"): Attribute 'value' of object 'Object Repository/RAD_Pages/PaymentEntry_Page/input__billingName' is: ''

2023-09-12 17:04:30 - [MESSAGE][PASSED] - Attribute 'value' of object 'Object Repository/RAD_Pages/PaymentEntry_Page/input__billingName' is: ''

2023-09-12 17:04:30 - [TEST_STEP][PASSED] - verifyMatch("", card_Name, false): Actual text '' and expected text '' are matched 

2023-09-12 17:04:30 - [MESSAGE][PASSED] - Actual text '' and expected text '' are matched 

2023-09-12 17:04:30 - [TEST_STEP][PASSED] - AL1 = getAttribute(findTestObject("Object Repository/RAD_Pages/PaymentEntry_Page/input_billingAddress"), "value"): Attribute 'value' of object 'Object Repository/RAD_Pages/PaymentEntry_Page/input_billingAddress' is: '2508 Mandan Terrace'

2023-09-12 17:04:31 - [MESSAGE][PASSED] - Attribute 'value' of object 'Object Repository/RAD_Pages/PaymentEntry_Page/input_billingAddress' is: '2508 Mandan Terrace'

2023-09-12 17:04:31 - [TEST_STEP][PASSED] - verifyMatch("2508 Mandan Terrace", AL1, false): Actual text '2508 Mandan Terrace' and expected text '2508 Mandan Terrace' are matched 

2023-09-12 17:04:31 - [MESSAGE][PASSED] - Actual text '2508 Mandan Terrace' and expected text '2508 Mandan Terrace' are matched 

2023-09-12 17:04:31 - [TEST_STEP][PASSED] - AL2 = getAttribute(findTestObject("Object Repository/RAD_Pages/PaymentEntry_Page/input_billingAddress2"), "value"): Attribute 'value' of object 'Object Repository/RAD_Pages/PaymentEntry_Page/input_billingAddress2' is: ''

2023-09-12 17:04:31 - [MESSAGE][PASSED] - Attribute 'value' of object 'Object Repository/RAD_Pages/PaymentEntry_Page/input_billingAddress2' is: ''

2023-09-12 17:04:31 - [TEST_STEP][PASSED] - verifyMatch("", AL2, false): Actual text '' and expected text '' are matched 

2023-09-12 17:04:31 - [MESSAGE][PASSED] - Actual text '' and expected text '' are matched 

2023-09-12 17:04:31 - [TEST_STEP][PASSED] - zipCode = getAttribute(findTestObject("Object Repository/RAD_Pages/PaymentEntry_Page/input_billingZip"), "value"): Attribute 'value' of object 'Object Repository/RAD_Pages/PaymentEntry_Page/input_billingZip' is: '21054'

2023-09-12 17:04:31 - [MESSAGE][PASSED] - Attribute 'value' of object 'Object Repository/RAD_Pages/PaymentEntry_Page/input_billingZip' is: '21054'

2023-09-12 17:04:31 - [TEST_STEP][PASSED] - verifyMatch("21054", zipCode, false): Actual text '21054' and expected text '21054' are matched 

2023-09-12 17:04:31 - [MESSAGE][PASSED] - Actual text '21054' and expected text '21054' are matched 

2023-09-12 17:04:31 - [TEST_STEP][PASSED] - city = getAttribute(findTestObject("Object Repository/RAD_Pages/PaymentEntry_Page/input_billingCity"), "value"): Attribute 'value' of object 'Object Repository/RAD_Pages/PaymentEntry_Page/input_billingCity' is: 'GAMBRILLS'

2023-09-12 17:04:32 - [MESSAGE][PASSED] - Attribute 'value' of object 'Object Repository/RAD_Pages/PaymentEntry_Page/input_billingCity' is: 'GAMBRILLS'

2023-09-12 17:04:32 - [TEST_STEP][PASSED] - verifyMatch("GAMBRILLS", city, false): Actual text 'GAMBRILLS' and expected text 'GAMBRILLS' are matched 

2023-09-12 17:04:32 - [MESSAGE][PASSED] - Actual text 'GAMBRILLS' and expected text 'GAMBRILLS' are matched 

2023-09-12 17:04:32 - [TEST_STEP][PASSED] - email = getAttribute(findTestObject("Object Repository/RAD_Pages/PaymentEntry_Page/input_emailAddress"), "value"): Attribute 'value' of object 'Object Repository/RAD_Pages/PaymentEntry_Page/input_emailAddress' is: 'iahmed@govolution.com'

2023-09-12 17:04:32 - [MESSAGE][PASSED] - Attribute 'value' of object 'Object Repository/RAD_Pages/PaymentEntry_Page/input_emailAddress' is: 'iahmed@govolution.com'

2023-09-12 17:04:32 - [TEST_STEP][PASSED] - verifyMatch("iahmed@govolution.com", email, false): Actual text 'iahmed@govolution.com' and expected text 'iahmed@govolution.com' are matched 

2023-09-12 17:04:32 - [MESSAGE][PASSED] - Actual text 'iahmed@govolution.com' and expected text 'iahmed@govolution.com' are matched 

2023-09-12 17:04:32 - [TEST_STEP][PASSED] - amount = getAttribute(findTestObject("Object Repository/RAD_Pages/PaymentEntry_Page/input_amount"), "value"): Attribute 'value' of object 'Object Repository/RAD_Pages/PaymentEntry_Page/input_amount' is: '100.00'

2023-09-12 17:04:32 - [MESSAGE][PASSED] - Attribute 'value' of object 'Object Repository/RAD_Pages/PaymentEntry_Page/input_amount' is: '100.00'

2023-09-12 17:04:32 - [TEST_STEP][PASSED] - verifyMatch("100.00", amount, false): Actual text '100.00' and expected text '100.00' are matched 

2023-09-12 17:04:32 - [MESSAGE][PASSED] - Actual text '100.00' and expected text '100.00' are matched 

2023-09-12 17:04:32 - [TEST_STEP][PASSED] - amountReadOnly = getAttribute(findTestObject("Object Repository/RAD_Pages/PaymentEntry_Page/input_amount"), "readonly"): Attribute 'readonly' of object 'Object Repository/RAD_Pages/PaymentEntry_Page/input_amount' is: 'true'

2023-09-12 17:04:33 - [MESSAGE][PASSED] - Attribute 'readonly' of object 'Object Repository/RAD_Pages/PaymentEntry_Page/input_amount' is: 'true'

2023-09-12 17:04:33 - [TEST_STEP][PASSED] - verifyMatch("true", amountReadOnly, false): Actual text 'true' and expected text 'true' are matched 

2023-09-12 17:04:33 - [MESSAGE][PASSED] - Actual text 'true' and expected text 'true' are matched 

2023-09-12 17:04:33 - [TEST_STEP][PASSED] - verifyOptionSelectedByLabel(findTestObject("Object Repository/RAD_Pages/PaymentEntry_Page/select_Country"), "United States", false, 20): All options with label 'United States' are selected in object 'Object Repository/RAD_Pages/PaymentEntry_Page/select_Country' 

2023-09-12 17:04:34 - [MESSAGE][PASSED] - All options with label 'United States' are selected in object 'Object Repository/RAD_Pages/PaymentEntry_Page/select_Country' 

2023-09-12 17:04:34 - [TEST_STEP][PASSED] - verifyOptionSelectedByLabel(findTestObject("Object Repository/RAD_Pages/PaymentEntry_Page/select_State"), "Maryland", false, 20): All options with label 'Maryland' are selected in object 'Object Repository/RAD_Pages/PaymentEntry_Page/select_State' 

2023-09-12 17:04:36 - [MESSAGE][PASSED] - All options with label 'Maryland' are selected in object 'Object Repository/RAD_Pages/PaymentEntry_Page/select_State' 

2023-09-12 17:04:36 - [TEST_STEP][PASSED] - setText(findTestObject("Object Repository/RAD_Pages/PaymentEntry_Page/input__billingName"), "Anthony Gonzalez"): Text 'Anthony Gonzalez' is set on object 'Object Repository/RAD_Pages/PaymentEntry_Page/input__billingName'

2023-09-12 17:04:37 - [MESSAGE][PASSED] - Text 'Anthony Gonzalez' is set on object 'Object Repository/RAD_Pages/PaymentEntry_Page/input__billingName'

2023-09-12 17:04:37 - [TEST_STEP][PASSED] - setText(findTestObject(orPath_PaymentEntry + "/input__cardNumber"), "4111111111111111"): Text '4111111111111111' is set on object 'Object Repository/RAD_Pages/PaymentEntry_Page/input__cardNumber'

2023-09-12 17:04:38 - [MESSAGE][PASSED] - Text '4111111111111111' is set on object 'Object Repository/RAD_Pages/PaymentEntry_Page/input__cardNumber'

2023-09-12 17:04:38 - [TEST_STEP][PASSED] - setText(findTestObject(orPath_PaymentEntry + "/input__spc"), "123"): Text '123' is set on object 'Object Repository/RAD_Pages/PaymentEntry_Page/input__spc'

2023-09-12 17:04:39 - [MESSAGE][PASSED] - Text '123' is set on object 'Object Repository/RAD_Pages/PaymentEntry_Page/input__spc'

2023-09-12 17:04:39 - [TEST_STEP][PASSED] - selectOptionByLabel(findTestObject(orPath_PaymentEntry + "/select_MM"), "12", false): All options with label '12' are selected in object 'Object Repository/RAD_Pages/PaymentEntry_Page/select_MM' 

2023-09-12 17:04:39 - [MESSAGE][PASSED] - All options with label '12' are selected in object 'Object Repository/RAD_Pages/PaymentEntry_Page/select_MM' 

2023-09-12 17:04:39 - [TEST_STEP][PASSED] - selectOptionByLabel(findTestObject(orPath_PaymentEntry + "/select_YYYY"), "2028", false): All options with label '2028' are selected in object 'Object Repository/RAD_Pages/PaymentEntry_Page/select_YYYY' 

2023-09-12 17:04:40 - [MESSAGE][PASSED] - All options with label '2028' are selected in object 'Object Repository/RAD_Pages/PaymentEntry_Page/select_YYYY' 

2023-09-12 17:04:40 - [TEST_STEP][PASSED] - click(findTestObject(orPath_PaymentEntry + "/input_Field_ccSubmit")): Object: 'Object Repository/RAD_Pages/PaymentEntry_Page/input_Field_ccSubmit' is clicked on

2023-09-12 17:04:41 - [MESSAGE][PASSED] - Object: 'Object Repository/RAD_Pages/PaymentEntry_Page/input_Field_ccSubmit' is clicked on

2023-09-12 17:04:41 - [TEST_STEP][PASSED] - click(findTestObject(orPath_PaymentConfirmation + "/input_N_confirmNotifyAction")): Object: 'Object Repository/RAD_Pages/PaymentConfirmation_Page/input_N_confirmNotifyAction' is clicked on

2023-09-12 17:04:42 - [MESSAGE][PASSED] - Object: 'Object Repository/RAD_Pages/PaymentConfirmation_Page/input_N_confirmNotifyAction' is clicked on

2023-09-12 17:04:42 - [TEST_STEP][PASSED] - verifyTextPresent("Service Fee Acceptance", true): Text 'Service Fee Acceptance' is present on page  using regular expression

2023-09-12 17:04:42 - [MESSAGE][PASSED] - Text 'Service Fee Acceptance' is present on page  using regular expression

2023-09-12 17:04:42 - [TEST_STEP][PASSED] - verifyTextPresent("This transaction is subject to a Service Fee of ", true): Text 'This transaction is subject to a Service Fee of ' is present on page  using regular expression

2023-09-12 17:04:43 - [MESSAGE][PASSED] - Text 'This transaction is subject to a Service Fee of ' is present on page  using regular expression

2023-09-12 17:04:43 - [TEST_STEP][PASSED] - verifyTextPresent("Payment Amount:", true): Text 'Payment Amount:' is present on page  using regular expression

2023-09-12 17:04:43 - [MESSAGE][PASSED] - Text 'Payment Amount:' is present on page  using regular expression

2023-09-12 17:04:43 - [TEST_STEP][PASSED] - verifyTextPresent("100.00", true): Text '100.00' is present on page  using regular expression

2023-09-12 17:04:43 - [MESSAGE][PASSED] - Text '100.00' is present on page  using regular expression

2023-09-12 17:04:43 - [TEST_STEP][PASSED] - verifyTextPresent("Service Fee:", true): Text 'Service Fee:' is present on page  using regular expression

2023-09-12 17:04:43 - [MESSAGE][PASSED] - Text 'Service Fee:' is present on page  using regular expression

2023-09-12 17:04:43 - [TEST_STEP][PASSED] - verifyTextPresent("2.45", true): Text '2.45' is present on page  using regular expression

2023-09-12 17:04:44 - [MESSAGE][PASSED] - Text '2.45' is present on page  using regular expression

2023-09-12 17:04:44 - [TEST_STEP][PASSED] - verifyTextPresent("Total Amount:", true): Text 'Total Amount:' is present on page  using regular expression

2023-09-12 17:04:44 - [MESSAGE][PASSED] - Text 'Total Amount:' is present on page  using regular expression

2023-09-12 17:04:44 - [TEST_STEP][PASSED] - verifyTextPresent("102.45", true): Text '102.45' is present on page  using regular expression

2023-09-12 17:04:44 - [MESSAGE][PASSED] - Text '102.45' is present on page  using regular expression

2023-09-12 17:04:44 - [TEST_STEP][PASSED] - verifyTextPresent("Two transactions will appear on your bank statement, one in the amount of", true): Text 'Two transactions will appear on your bank statement, one in the amount of' is present on page  using regular expression

2023-09-12 17:04:44 - [MESSAGE][PASSED] - Text 'Two transactions will appear on your bank statement, one in the amount of' is present on page  using regular expression

2023-09-12 17:04:44 - [TEST_STEP][PASSED] - verifyElementPresent(findTestObject(orPath_ServiceFeesAccept + "/input_convFeeNotifyAction"), 30): Object 'Object Repository/RAD_Pages/ServiceFeeAccept_Page/input_convFeeNotifyAction' is present

2023-09-12 17:04:45 - [MESSAGE][PASSED] - Object 'Object Repository/RAD_Pages/ServiceFeeAccept_Page/input_convFeeNotifyAction' is present

2023-09-12 17:04:45 - [TEST_STEP][PASSED] - ExecuteTC = findTestData(dataFile).getValue("Execute", row): null

2023-09-12 17:04:45 - [TEST_STEP][PASSED] - TaxType = findTestData(dataFile).getValue("TaxType", row): null

2023-09-12 17:04:45 - [TEST_STEP][PASSED] - PaymentType = findTestData(dataFile).getValue("PaymentType", row): null

2023-09-12 17:04:45 - [TEST_STEP][PASSED] - FilingYear = findTestData(dataFile).getValue("Year", row): null

2023-09-12 17:04:45 - [TEST_STEP][PASSED] - if (ExecuteTC.equalsIgnoreCase("Y")): Object 'Object Repository/RAD_Pages/ServiceFeeAccept_Page/input_convFeeNotifyAction' is present

2023-09-12 17:04:45 - [TEST_STEP][PASSED] - out.println("Begin Record Number: " + row): null

2023-09-12 17:04:45 - [TEST_STEP][PASSED] - today = new java.util.Date(): null

2023-09-12 17:04:45 - [TEST_STEP][PASSED] - println(today): null

2023-09-12 17:04:45 - [TEST_STEP][PASSED] - datText = today: null

2023-09-12 17:04:45 - [TEST_STEP][PASSED] - logInfo("Payment Type: New Tax Return Amount Due"): Payment Type: New Tax Return Amount Due

2023-09-12 17:04:45 - [MESSAGE][INFO] - Payment Type: New Tax Return Amount Due

2023-09-12 17:04:45 - [TEST_STEP][PASSED] - logInfo("Tax Type: " + TaxType): Tax Type: Fiduciary Tax

2023-09-12 17:04:45 - [MESSAGE][INFO] - Tax Type: Fiduciary Tax

2023-09-12 17:04:45 - [TEST_STEP][PASSED] - openBrowser(""): Browser is opened with url: ''

2023-09-12 17:04:45 - [MESSAGE][WARNING] - A browser is already opened. Closing browser and opening a new one

2023-09-12 17:04:46 - [MESSAGE][INFO] - Starting 'Chrome' driver

2023-09-12 17:04:46 - [MESSAGE][INFO] - User set preference: ['acceptInsecureCerts', 'true']

2023-09-12 17:04:46 - [MESSAGE][INFO] - Action delay is set to 0 milliseconds

2023-09-12 17:04:47 - [MESSAGE][PASSED] - Browser is opened with url: ''

2023-09-12 17:04:47 - [TEST_STEP][PASSED] - maximizeWindow(): Current window maximized

2023-09-12 17:04:48 - [MESSAGE][PASSED] - Current window maximized

2023-09-12 17:04:48 - [TEST_STEP][PASSED] - navigateToUrl(RADurl): Navigate to 'https://demo.velocitypayment.com/client/rad/index.html' successfully

2023-09-12 17:04:49 - [MESSAGE][PASSED] - Navigate to 'https://demo.velocitypayment.com/client/rad/index.html' successfully

2023-09-12 17:04:49 - [TEST_STEP][PASSED] - selectOptionByLabel(findTestObject(orPath_Landing + "/dd_TaxType"), "New Tax Return Amount Due", false): All options with label 'New Tax Return Amount Due' are selected in object 'Object Repository/RAD_Pages/Landing_Page/dd_TaxType' 

2023-09-12 17:04:50 - [MESSAGE][PASSED] - All options with label 'New Tax Return Amount Due' are selected in object 'Object Repository/RAD_Pages/Landing_Page/dd_TaxType' 

2023-09-12 17:04:50 - [TEST_STEP][PASSED] - selectOptionByLabel(findTestObject("Object Repository/RAD_Pages/Landing_Page/select_NewTaxReturnAmountDue_TaxType"), TaxType, false): All options with label 'Fiduciary Tax' are selected in object 'Object Repository/RAD_Pages/Landing_Page/select_NewTaxReturnAmountDue_TaxType' 

2023-09-12 17:04:51 - [MESSAGE][PASSED] - All options with label 'Fiduciary Tax' are selected in object 'Object Repository/RAD_Pages/Landing_Page/select_NewTaxReturnAmountDue_TaxType' 

2023-09-12 17:04:51 - [TEST_STEP][PASSED] - selectOptionByLabel(findTestObject(orPath_TaxTypeFilingYear + "/select_FilingYear"), FilingYear, false): All options with label '2021' are selected in object 'Object Repository/RAD_Pages/TaxTypeFilingYear_Page/select_FilingYear' 

2023-09-12 17:04:51 - [MESSAGE][PASSED] - All options with label '2021' are selected in object 'Object Repository/RAD_Pages/TaxTypeFilingYear_Page/select_FilingYear' 

2023-09-12 17:04:51 - [TEST_STEP][PASSED] - rad.getSetDataRAD.setDataRADBusinessName(): rad.getSetDataRAD.setDataRADBusinessName is PASSED

2023-09-12 17:04:52 - [MESSAGE][PASSED] - Text 'My Company' is set on object 'Object Repository/RAD_Pages/Taxpayer_Page/input_businessName'

2023-09-12 17:04:52 - [MESSAGE][PASSED] - rad.getSetDataRAD.setDataRADBusinessName is PASSED

2023-09-12 17:04:52 - [TEST_STEP][PASSED] - rad.getSetDataRAD.setDataRADAddress(): rad.getSetDataRAD.setDataRADAddress is PASSED

2023-09-12 17:04:54 - [MESSAGE][PASSED] - All options with label 'United States' are selected in object 'Object Repository/RAD_Pages/AddressAndContactInfo_Page/select_Country' 

2023-09-12 17:04:55 - [MESSAGE][PASSED] - Text '2508 Mandan Terrace' is set on object 'Object Repository/RAD_Pages/AddressAndContactInfo_Page/input_streetAddress1'

2023-09-12 17:04:55 - [MESSAGE][PASSED] - Text '' is set on object 'Object Repository/RAD_Pages/AddressAndContactInfo_Page/input_streetAddress2'

2023-09-12 17:04:56 - [MESSAGE][PASSED] - Text 'Gambrills' is set on object 'Object Repository/RAD_Pages/AddressAndContactInfo_Page/input_city'

2023-09-12 17:04:57 - [MESSAGE][PASSED] - All options with label 'Maryland' are selected in object 'Object Repository/RAD_Pages/AddressAndContactInfo_Page/select_State' 

2023-09-12 17:04:58 - [MESSAGE][PASSED] - Text '21054' is set on object 'Object Repository/RAD_Pages/AddressAndContactInfo_Page/input_zipCode'

2023-09-12 17:04:59 - [MESSAGE][PASSED] - Text '(703) 894-5000' is set on object 'Object Repository/RAD_Pages/AddressAndContactInfo_Page/input_phoneNumber'

2023-09-12 17:05:00 - [MESSAGE][PASSED] - Text 'iahmed@govolution.com' is set on object 'Object Repository/RAD_Pages/AddressAndContactInfo_Page/input_eMailAddress'

2023-09-12 17:05:01 - [MESSAGE][PASSED] - Text 'iahmed@govolution.com' is set on object 'Object Repository/RAD_Pages/AddressAndContactInfo_Page/input_reEnterEMailAddress'

2023-09-12 17:05:01 - [MESSAGE][PASSED] - rad.getSetDataRAD.setDataRADAddress is PASSED

2023-09-12 17:05:01 - [TEST_STEP][PASSED] - rad.getSetDataRAD.setDataRADFEIN(): rad.getSetDataRAD.setDataRADFEIN is PASSED

2023-09-12 17:05:02 - [MESSAGE][PASSED] - Text ****** has been set on object 'Object Repository/RAD_Pages/TaxInfo_Page/input_FederalEIN'

2023-09-12 17:05:02 - [MESSAGE][PASSED] - Text ****** has been set on object 'Object Repository/RAD_Pages/TaxInfo_Page/input_FederalEIN_ReEnter'

2023-09-12 17:05:02 - [MESSAGE][PASSED] - rad.getSetDataRAD.setDataRADFEIN is PASSED

2023-09-12 17:05:02 - [TEST_STEP][PASSED] - setText(findTestObject(orPath_Amount + "/input__paymentAmount"), "100.00"): Text '100.00' is set on object 'Object Repository/RAD_Pages/PaymentAmount_Page/input__paymentAmount'

2023-09-12 17:05:03 - [MESSAGE][PASSED] - Text '100.00' is set on object 'Object Repository/RAD_Pages/PaymentAmount_Page/input__paymentAmount'

2023-09-12 17:05:03 - [TEST_STEP][PASSED] - setText(findTestObject(orPath_AddressContact + "/input_streetAddress2"), ""): Text '' is set on object 'Object Repository/RAD_Pages/AddressAndContactInfo_Page/input_streetAddress2'

2023-09-12 17:05:04 - [MESSAGE][PASSED] - Text '' is set on object 'Object Repository/RAD_Pages/AddressAndContactInfo_Page/input_streetAddress2'

2023-09-12 17:05:04 - [TEST_STEP][PASSED] - scrollToElement(findTestObject(orPath_Landing + "/button_Continue"), 3): Scroll to object 'Object Repository/RAD_Pages/Landing_Page/button_Continue' successfully

2023-09-12 17:05:05 - [MESSAGE][PASSED] - Scroll to object 'Object Repository/RAD_Pages/Landing_Page/button_Continue' successfully

2023-09-12 17:05:05 - [TEST_STEP][PASSED] - waitForElementClickable(findTestObject(orPath_Landing + "/button_Continue"), 5): Object 'Object Repository/RAD_Pages/Landing_Page/button_Continue' is clickable

2023-09-12 17:05:05 - [MESSAGE][PASSED] - Object 'Object Repository/RAD_Pages/Landing_Page/button_Continue' is clickable

2023-09-12 17:05:05 - [TEST_STEP][PASSED] - click(findTestObject(orPath_Landing + "/button_Continue")): Object: 'Object Repository/RAD_Pages/Landing_Page/button_Continue' is clicked on

2023-09-12 17:05:05 - [MESSAGE][PASSED] - Object: 'Object Repository/RAD_Pages/Landing_Page/button_Continue' is clicked on

2023-09-12 17:05:05 - [TEST_STEP][PASSED] - delay(2): Delayed 2 second(s)

2023-09-12 17:05:07 - [MESSAGE][PASSED] - Delayed 2 second(s)

2023-09-12 17:05:07 - [TEST_STEP][PASSED] - verifyTextPresent("Summary", true): Text 'Summary' is present on page  using regular expression

2023-09-12 17:05:08 - [MESSAGE][PASSED] - Text 'Summary' is present on page  using regular expression

2023-09-12 17:05:08 - [TEST_STEP][PASSED] - verifyTextPresent("Review the information below and make any necessary corrections by clicking the", true): Text 'Review the information below and make any necessary corrections by clicking the' is present on page  using regular expression

2023-09-12 17:05:08 - [MESSAGE][PASSED] - Text 'Review the information below and make any necessary corrections by clicking the' is present on page  using regular expression

2023-09-12 17:05:08 - [TEST_STEP][PASSED] - verifyTextPresent("When you are confident that all the information is correct, click the", true): Text 'When you are confident that all the information is correct, click the' is present on page  using regular expression

2023-09-12 17:05:09 - [MESSAGE][PASSED] - Text 'When you are confident that all the information is correct, click the' is present on page  using regular expression

2023-09-12 17:05:09 - [TEST_STEP][PASSED] - verifyTextPresent("Payment Type/Filing Year", true): Text 'Payment Type/Filing Year' is present on page  using regular expression

2023-09-12 17:05:09 - [MESSAGE][PASSED] - Text 'Payment Type/Filing Year' is present on page  using regular expression

2023-09-12 17:05:09 - [TEST_STEP][PASSED] - verifyTextPresent("Payment Type:", true): Text 'Payment Type:' is present on page  using regular expression

2023-09-12 17:05:09 - [MESSAGE][PASSED] - Text 'Payment Type:' is present on page  using regular expression

2023-09-12 17:05:09 - [TEST_STEP][PASSED] - verifyTextPresent("New Tax Return Amount Due", true): Text 'New Tax Return Amount Due' is present on page  using regular expression

2023-09-12 17:05:10 - [MESSAGE][PASSED] - Text 'New Tax Return Amount Due' is present on page  using regular expression

2023-09-12 17:05:10 - [TEST_STEP][PASSED] - verifyTextPresent("Filing Year:", true): Text 'Filing Year:' is present on page  using regular expression

2023-09-12 17:05:10 - [MESSAGE][PASSED] - Text 'Filing Year:' is present on page  using regular expression

2023-09-12 17:05:10 - [TEST_STEP][PASSED] - verifyTextPresent(FilingYear, true): Text '2021' is present on page  using regular expression

2023-09-12 17:05:10 - [MESSAGE][PASSED] - Text '2021' is present on page  using regular expression

2023-09-12 17:05:10 - [TEST_STEP][PASSED] - verifyTextPresent("Payer Information", true): Text 'Payer Information' is present on page  using regular expression

2023-09-12 17:05:11 - [MESSAGE][PASSED] - Text 'Payer Information' is present on page  using regular expression

2023-09-12 17:05:11 - [TEST_STEP][PASSED] - verifyTextPresent("Taxpayer Name:", true): Text 'Taxpayer Name:' is present on page  using regular expression

2023-09-12 17:05:11 - [MESSAGE][PASSED] - Text 'Taxpayer Name:' is present on page  using regular expression

2023-09-12 17:05:11 - [TEST_STEP][PASSED] - verifyTextPresent("My Company", true): Text 'My Company' is present on page  using regular expression

2023-09-12 17:05:12 - [MESSAGE][PASSED] - Text 'My Company' is present on page  using regular expression

2023-09-12 17:05:12 - [TEST_STEP][PASSED] - verifyTextPresent("Taxpayer Address:", true): Text 'Taxpayer Address:' is present on page  using regular expression

2023-09-12 17:05:12 - [MESSAGE][PASSED] - Text 'Taxpayer Address:' is present on page  using regular expression

2023-09-12 17:05:12 - [TEST_STEP][PASSED] - verifyTextPresent("2508 Mandan Terrace Gambrills Maryland 21054", true): Text '2508 Mandan Terrace Gambrills Maryland 21054' is present on page  using regular expression

2023-09-12 17:05:12 - [MESSAGE][PASSED] - Text '2508 Mandan Terrace Gambrills Maryland 21054' is present on page  using regular expression

2023-09-12 17:05:12 - [TEST_STEP][PASSED] - verifyTextPresent("Email:", true): Text 'Email:' is present on page  using regular expression

2023-09-12 17:05:13 - [MESSAGE][PASSED] - Text 'Email:' is present on page  using regular expression

2023-09-12 17:05:13 - [TEST_STEP][PASSED] - verifyTextPresent("iahmed@govolution.com", true): Text 'iahmed@govolution.com' is present on page  using regular expression

2023-09-12 17:05:13 - [MESSAGE][PASSED] - Text 'iahmed@govolution.com' is present on page  using regular expression

2023-09-12 17:05:13 - [TEST_STEP][PASSED] - verifyTextPresent("Phone:", true): Text 'Phone:' is present on page  using regular expression

2023-09-12 17:05:13 - [MESSAGE][PASSED] - Text 'Phone:' is present on page  using regular expression

2023-09-12 17:05:13 - [TEST_STEP][PASSED] - verifyTextPresent("(703) 894-5000", false): Text '(703) 894-5000' is present on page 

2023-09-12 17:05:14 - [MESSAGE][PASSED] - Text '(703) 894-5000' is present on page 

2023-09-12 17:05:14 - [TEST_STEP][PASSED] - verifyTextPresent("Tax Information", true): Text 'Tax Information' is present on page  using regular expression

2023-09-12 17:05:14 - [MESSAGE][PASSED] - Text 'Tax Information' is present on page  using regular expression

2023-09-12 17:05:14 - [TEST_STEP][PASSED] - verifyTextPresent("Federal EIN:", true): Text 'Federal EIN:' is present on page  using regular expression

2023-09-12 17:05:14 - [MESSAGE][PASSED] - Text 'Federal EIN:' is present on page  using regular expression

2023-09-12 17:05:14 - [TEST_STEP][PASSED] - verifyTextPresent("Payment Amount:", true): Text 'Payment Amount:' is present on page  using regular expression

2023-09-12 17:05:15 - [MESSAGE][PASSED] - Text 'Payment Amount:' is present on page  using regular expression

2023-09-12 17:05:15 - [TEST_STEP][PASSED] - verifyTextPresent("100.00", true): Text '100.00' is present on page  using regular expression

2023-09-12 17:05:15 - [MESSAGE][PASSED] - Text '100.00' is present on page  using regular expression

2023-09-12 17:05:15 - [TEST_STEP][PASSED] - click(findTestObject(orPath_Summary + "/button_Proceed to Payment")): Object: 'Object Repository/RAD_Pages/Summary_Page/button_Proceed to Payment' is clicked on

2023-09-12 17:05:16 - [MESSAGE][PASSED] - Object: 'Object Repository/RAD_Pages/Summary_Page/button_Proceed to Payment' is clicked on

2023-09-12 17:05:16 - [TEST_STEP][PASSED] - verifyTextPresent("Comptroller of Maryland", true): Text 'Comptroller of Maryland' is present on page  using regular expression

2023-09-12 17:05:17 - [MESSAGE][PASSED] - Text 'Comptroller of Maryland' is present on page  using regular expression

2023-09-12 17:05:17 - [TEST_STEP][PASSED] - verifyTextPresent("Revenue Administration Division", true): Text 'Revenue Administration Division' is present on page  using regular expression

2023-09-12 17:05:17 - [MESSAGE][PASSED] - Text 'Revenue Administration Division' is present on page  using regular expression

2023-09-12 17:05:17 - [TEST_STEP][PASSED] - verifyTextPresent("Payment Information", true): Text 'Payment Information' is present on page  using regular expression

2023-09-12 17:05:18 - [MESSAGE][PASSED] - Text 'Payment Information' is present on page  using regular expression

2023-09-12 17:05:18 - [TEST_STEP][PASSED] - card_Name = getAttribute(findTestObject("Object Repository/RAD_Pages/PaymentEntry_Page/input__billingName"), "value"): Attribute 'value' of object 'Object Repository/RAD_Pages/PaymentEntry_Page/input__billingName' is: ''

2023-09-12 17:05:18 - [MESSAGE][PASSED] - Attribute 'value' of object 'Object Repository/RAD_Pages/PaymentEntry_Page/input__billingName' is: ''

2023-09-12 17:05:18 - [TEST_STEP][PASSED] - verifyMatch("", card_Name, false): Actual text '' and expected text '' are matched 

2023-09-12 17:05:18 - [MESSAGE][PASSED] - Actual text '' and expected text '' are matched 

2023-09-12 17:05:18 - [TEST_STEP][PASSED] - AL1 = getAttribute(findTestObject("Object Repository/RAD_Pages/PaymentEntry_Page/input_billingAddress"), "value"): Attribute 'value' of object 'Object Repository/RAD_Pages/PaymentEntry_Page/input_billingAddress' is: '2508 Mandan Terrace'

2023-09-12 17:05:18 - [MESSAGE][PASSED] - Attribute 'value' of object 'Object Repository/RAD_Pages/PaymentEntry_Page/input_billingAddress' is: '2508 Mandan Terrace'

2023-09-12 17:05:18 - [TEST_STEP][PASSED] - verifyMatch("2508 Mandan Terrace", AL1, false): Actual text '2508 Mandan Terrace' and expected text '2508 Mandan Terrace' are matched 

2023-09-12 17:05:18 - [MESSAGE][PASSED] - Actual text '2508 Mandan Terrace' and expected text '2508 Mandan Terrace' are matched 

2023-09-12 17:05:18 - [TEST_STEP][PASSED] - AL2 = getAttribute(findTestObject("Object Repository/RAD_Pages/PaymentEntry_Page/input_billingAddress2"), "value"): Attribute 'value' of object 'Object Repository/RAD_Pages/PaymentEntry_Page/input_billingAddress2' is: ''

2023-09-12 17:05:18 - [MESSAGE][PASSED] - Attribute 'value' of object 'Object Repository/RAD_Pages/PaymentEntry_Page/input_billingAddress2' is: ''

2023-09-12 17:05:18 - [TEST_STEP][PASSED] - verifyMatch("", AL2, false): Actual text '' and expected text '' are matched 

2023-09-12 17:05:18 - [MESSAGE][PASSED] - Actual text '' and expected text '' are matched 

2023-09-12 17:05:18 - [TEST_STEP][PASSED] - zipCode = getAttribute(findTestObject("Object Repository/RAD_Pages/PaymentEntry_Page/input_billingZip"), "value"): Attribute 'value' of object 'Object Repository/RAD_Pages/PaymentEntry_Page/input_billingZip' is: '21054'

2023-09-12 17:05:19 - [MESSAGE][PASSED] - Attribute 'value' of object 'Object Repository/RAD_Pages/PaymentEntry_Page/input_billingZip' is: '21054'

2023-09-12 17:05:19 - [TEST_STEP][PASSED] - verifyMatch("21054", zipCode, false): Actual text '21054' and expected text '21054' are matched 

2023-09-12 17:05:19 - [MESSAGE][PASSED] - Actual text '21054' and expected text '21054' are matched 

2023-09-12 17:05:19 - [TEST_STEP][PASSED] - city = getAttribute(findTestObject("Object Repository/RAD_Pages/PaymentEntry_Page/input_billingCity"), "value"): Attribute 'value' of object 'Object Repository/RAD_Pages/PaymentEntry_Page/input_billingCity' is: 'GAMBRILLS'

2023-09-12 17:05:19 - [MESSAGE][PASSED] - Attribute 'value' of object 'Object Repository/RAD_Pages/PaymentEntry_Page/input_billingCity' is: 'GAMBRILLS'

2023-09-12 17:05:19 - [TEST_STEP][PASSED] - verifyMatch("GAMBRILLS", city, false): Actual text 'GAMBRILLS' and expected text 'GAMBRILLS' are matched 

2023-09-12 17:05:19 - [MESSAGE][PASSED] - Actual text 'GAMBRILLS' and expected text 'GAMBRILLS' are matched 

2023-09-12 17:05:19 - [TEST_STEP][PASSED] - email = getAttribute(findTestObject("Object Repository/RAD_Pages/PaymentEntry_Page/input_emailAddress"), "value"): Attribute 'value' of object 'Object Repository/RAD_Pages/PaymentEntry_Page/input_emailAddress' is: 'iahmed@govolution.com'

2023-09-12 17:05:19 - [MESSAGE][PASSED] - Attribute 'value' of object 'Object Repository/RAD_Pages/PaymentEntry_Page/input_emailAddress' is: 'iahmed@govolution.com'

2023-09-12 17:05:19 - [TEST_STEP][PASSED] - verifyMatch("iahmed@govolution.com", email, false): Actual text 'iahmed@govolution.com' and expected text 'iahmed@govolution.com' are matched 

2023-09-12 17:05:19 - [MESSAGE][PASSED] - Actual text 'iahmed@govolution.com' and expected text 'iahmed@govolution.com' are matched 

2023-09-12 17:05:19 - [TEST_STEP][PASSED] - amount = getAttribute(findTestObject("Object Repository/RAD_Pages/PaymentEntry_Page/input_amount"), "value"): Attribute 'value' of object 'Object Repository/RAD_Pages/PaymentEntry_Page/input_amount' is: '100.00'

2023-09-12 17:05:20 - [MESSAGE][PASSED] - Attribute 'value' of object 'Object Repository/RAD_Pages/PaymentEntry_Page/input_amount' is: '100.00'

2023-09-12 17:05:20 - [TEST_STEP][PASSED] - verifyMatch("100.00", amount, false): Actual text '100.00' and expected text '100.00' are matched 

2023-09-12 17:05:20 - [MESSAGE][PASSED] - Actual text '100.00' and expected text '100.00' are matched 

2023-09-12 17:05:20 - [TEST_STEP][PASSED] - amountReadOnly = getAttribute(findTestObject("Object Repository/RAD_Pages/PaymentEntry_Page/input_amount"), "readonly"): Attribute 'readonly' of object 'Object Repository/RAD_Pages/PaymentEntry_Page/input_amount' is: 'true'

2023-09-12 17:05:20 - [MESSAGE][PASSED] - Attribute 'readonly' of object 'Object Repository/RAD_Pages/PaymentEntry_Page/input_amount' is: 'true'

2023-09-12 17:05:20 - [TEST_STEP][PASSED] - verifyMatch("true", amountReadOnly, false): Actual text 'true' and expected text 'true' are matched 

2023-09-12 17:05:20 - [MESSAGE][PASSED] - Actual text 'true' and expected text 'true' are matched 

2023-09-12 17:05:20 - [TEST_STEP][PASSED] - verifyOptionSelectedByLabel(findTestObject("Object Repository/RAD_Pages/PaymentEntry_Page/select_Country"), "United States", false, 20): All options with label 'United States' are selected in object 'Object Repository/RAD_Pages/PaymentEntry_Page/select_Country' 

2023-09-12 17:05:21 - [MESSAGE][PASSED] - All options with label 'United States' are selected in object 'Object Repository/RAD_Pages/PaymentEntry_Page/select_Country' 

2023-09-12 17:05:21 - [TEST_STEP][PASSED] - verifyOptionSelectedByLabel(findTestObject("Object Repository/RAD_Pages/PaymentEntry_Page/select_State"), "Maryland", false, 20): All options with label 'Maryland' are selected in object 'Object Repository/RAD_Pages/PaymentEntry_Page/select_State' 

2023-09-12 17:05:24 - [MESSAGE][PASSED] - All options with label 'Maryland' are selected in object 'Object Repository/RAD_Pages/PaymentEntry_Page/select_State' 

2023-09-12 17:05:24 - [TEST_STEP][PASSED] - setText(findTestObject("Object Repository/RAD_Pages/PaymentEntry_Page/input__billingName"), "Anthony Gonzalez"): Text 'Anthony Gonzalez' is set on object 'Object Repository/RAD_Pages/PaymentEntry_Page/input__billingName'

2023-09-12 17:05:25 - [MESSAGE][PASSED] - Text 'Anthony Gonzalez' is set on object 'Object Repository/RAD_Pages/PaymentEntry_Page/input__billingName'

2023-09-12 17:05:25 - [TEST_STEP][PASSED] - setText(findTestObject(orPath_PaymentEntry + "/input__cardNumber"), "4111111111111111"): Text '4111111111111111' is set on object 'Object Repository/RAD_Pages/PaymentEntry_Page/input__cardNumber'

2023-09-12 17:05:25 - [MESSAGE][PASSED] - Text '4111111111111111' is set on object 'Object Repository/RAD_Pages/PaymentEntry_Page/input__cardNumber'

2023-09-12 17:05:25 - [TEST_STEP][PASSED] - setText(findTestObject(orPath_PaymentEntry + "/input__spc"), "123"): Text '123' is set on object 'Object Repository/RAD_Pages/PaymentEntry_Page/input__spc'

2023-09-12 17:05:26 - [MESSAGE][PASSED] - Text '123' is set on object 'Object Repository/RAD_Pages/PaymentEntry_Page/input__spc'

2023-09-12 17:05:26 - [TEST_STEP][PASSED] - selectOptionByLabel(findTestObject(orPath_PaymentEntry + "/select_MM"), "12", false): All options with label '12' are selected in object 'Object Repository/RAD_Pages/PaymentEntry_Page/select_MM' 

2023-09-12 17:05:27 - [MESSAGE][PASSED] - All options with label '12' are selected in object 'Object Repository/RAD_Pages/PaymentEntry_Page/select_MM' 

2023-09-12 17:05:27 - [TEST_STEP][PASSED] - selectOptionByLabel(findTestObject(orPath_PaymentEntry + "/select_YYYY"), "2028", false): All options with label '2028' are selected in object 'Object Repository/RAD_Pages/PaymentEntry_Page/select_YYYY' 

2023-09-12 17:05:27 - [MESSAGE][PASSED] - All options with label '2028' are selected in object 'Object Repository/RAD_Pages/PaymentEntry_Page/select_YYYY' 

2023-09-12 17:05:27 - [TEST_STEP][PASSED] - click(findTestObject(orPath_PaymentEntry + "/input_Field_ccSubmit")): Object: 'Object Repository/RAD_Pages/PaymentEntry_Page/input_Field_ccSubmit' is clicked on

2023-09-12 17:05:28 - [MESSAGE][PASSED] - Object: 'Object Repository/RAD_Pages/PaymentEntry_Page/input_Field_ccSubmit' is clicked on

2023-09-12 17:05:28 - [TEST_STEP][PASSED] - click(findTestObject(orPath_PaymentConfirmation + "/input_N_confirmNotifyAction")): Object: 'Object Repository/RAD_Pages/PaymentConfirmation_Page/input_N_confirmNotifyAction' is clicked on

2023-09-12 17:05:29 - [MESSAGE][PASSED] - Object: 'Object Repository/RAD_Pages/PaymentConfirmation_Page/input_N_confirmNotifyAction' is clicked on

2023-09-12 17:05:29 - [TEST_STEP][PASSED] - verifyTextPresent("Service Fee Acceptance", true): Text 'Service Fee Acceptance' is present on page  using regular expression

2023-09-12 17:05:30 - [MESSAGE][PASSED] - Text 'Service Fee Acceptance' is present on page  using regular expression

2023-09-12 17:05:30 - [TEST_STEP][PASSED] - verifyTextPresent("This transaction is subject to a Service Fee of ", true): Text 'This transaction is subject to a Service Fee of ' is present on page  using regular expression

2023-09-12 17:05:30 - [MESSAGE][PASSED] - Text 'This transaction is subject to a Service Fee of ' is present on page  using regular expression

2023-09-12 17:05:30 - [TEST_STEP][PASSED] - verifyTextPresent("Payment Amount:", true): Text 'Payment Amount:' is present on page  using regular expression

2023-09-12 17:05:30 - [MESSAGE][PASSED] - Text 'Payment Amount:' is present on page  using regular expression

2023-09-12 17:05:30 - [TEST_STEP][PASSED] - verifyTextPresent("100.00", true): Text '100.00' is present on page  using regular expression

2023-09-12 17:05:30 - [MESSAGE][PASSED] - Text '100.00' is present on page  using regular expression

2023-09-12 17:05:30 - [TEST_STEP][PASSED] - verifyTextPresent("Service Fee:", true): Text 'Service Fee:' is present on page  using regular expression

2023-09-12 17:05:31 - [MESSAGE][PASSED] - Text 'Service Fee:' is present on page  using regular expression

2023-09-12 17:05:31 - [TEST_STEP][PASSED] - verifyTextPresent("2.45", true): Text '2.45' is present on page  using regular expression

2023-09-12 17:05:31 - [MESSAGE][PASSED] - Text '2.45' is present on page  using regular expression

2023-09-12 17:05:31 - [TEST_STEP][PASSED] - verifyTextPresent("Total Amount:", true): Text 'Total Amount:' is present on page  using regular expression

2023-09-12 17:05:31 - [MESSAGE][PASSED] - Text 'Total Amount:' is present on page  using regular expression

2023-09-12 17:05:31 - [TEST_STEP][PASSED] - verifyTextPresent("102.45", true): Text '102.45' is present on page  using regular expression

2023-09-12 17:05:32 - [MESSAGE][PASSED] - Text '102.45' is present on page  using regular expression

2023-09-12 17:05:32 - [TEST_STEP][PASSED] - verifyTextPresent("Two transactions will appear on your bank statement, one in the amount of", true): Text 'Two transactions will appear on your bank statement, one in the amount of' is present on page  using regular expression

2023-09-12 17:05:32 - [MESSAGE][PASSED] - Text 'Two transactions will appear on your bank statement, one in the amount of' is present on page  using regular expression

2023-09-12 17:05:32 - [TEST_STEP][PASSED] - verifyElementPresent(findTestObject(orPath_ServiceFeesAccept + "/input_convFeeNotifyAction"), 30): Object 'Object Repository/RAD_Pages/ServiceFeeAccept_Page/input_convFeeNotifyAction' is present

2023-09-12 17:05:32 - [MESSAGE][PASSED] - Object 'Object Repository/RAD_Pages/ServiceFeeAccept_Page/input_convFeeNotifyAction' is present

2023-09-12 17:05:32 - [TEST_STEP][PASSED] - ExecuteTC = findTestData(dataFile).getValue("Execute", row): null

2023-09-12 17:05:32 - [TEST_STEP][PASSED] - TaxType = findTestData(dataFile).getValue("TaxType", row): null

2023-09-12 17:05:32 - [TEST_STEP][PASSED] - PaymentType = findTestData(dataFile).getValue("PaymentType", row): null

2023-09-12 17:05:32 - [TEST_STEP][PASSED] - FilingYear = findTestData(dataFile).getValue("Year", row): null

2023-09-12 17:05:32 - [TEST_STEP][PASSED] - if (ExecuteTC.equalsIgnoreCase("Y")): Object 'Object Repository/RAD_Pages/ServiceFeeAccept_Page/input_convFeeNotifyAction' is present

2023-09-12 17:05:32 - [TEST_STEP][PASSED] - out.println("Begin Record Number: " + row): null

2023-09-12 17:05:32 - [TEST_STEP][PASSED] - today = new java.util.Date(): null

2023-09-12 17:05:32 - [TEST_STEP][PASSED] - println(today): null

2023-09-12 17:05:32 - [TEST_STEP][PASSED] - datText = today: null

2023-09-12 17:05:32 - [TEST_STEP][PASSED] - logInfo("Payment Type: New Tax Return Amount Due"): Payment Type: New Tax Return Amount Due

2023-09-12 17:05:32 - [MESSAGE][INFO] - Payment Type: New Tax Return Amount Due

2023-09-12 17:05:32 - [TEST_STEP][PASSED] - logInfo("Tax Type: " + TaxType): Tax Type: PTE Non-Electing Non-S Corp

2023-09-12 17:05:32 - [MESSAGE][INFO] - Tax Type: PTE Non-Electing Non-S Corp

2023-09-12 17:05:32 - [TEST_STEP][PASSED] - openBrowser(""): Browser is opened with url: ''

2023-09-12 17:05:32 - [MESSAGE][WARNING] - A browser is already opened. Closing browser and opening a new one

2023-09-12 17:05:33 - [MESSAGE][INFO] - Starting 'Chrome' driver

2023-09-12 17:05:33 - [MESSAGE][INFO] - User set preference: ['acceptInsecureCerts', 'true']

2023-09-12 17:05:33 - [MESSAGE][INFO] - Action delay is set to 0 milliseconds

2023-09-12 17:05:35 - [MESSAGE][PASSED] - Browser is opened with url: ''

2023-09-12 17:05:35 - [TEST_STEP][PASSED] - maximizeWindow(): Current window maximized

2023-09-12 17:05:35 - [MESSAGE][PASSED] - Current window maximized

2023-09-12 17:05:35 - [TEST_STEP][PASSED] - navigateToUrl(RADurl): Navigate to 'https://demo.velocitypayment.com/client/rad/index.html' successfully

2023-09-12 17:05:36 - [MESSAGE][PASSED] - Navigate to 'https://demo.velocitypayment.com/client/rad/index.html' successfully

2023-09-12 17:05:36 - [TEST_STEP][PASSED] - selectOptionByLabel(findTestObject(orPath_Landing + "/dd_TaxType"), "New Tax Return Amount Due", false): All options with label 'New Tax Return Amount Due' are selected in object 'Object Repository/RAD_Pages/Landing_Page/dd_TaxType' 

2023-09-12 17:05:37 - [MESSAGE][PASSED] - All options with label 'New Tax Return Amount Due' are selected in object 'Object Repository/RAD_Pages/Landing_Page/dd_TaxType' 

2023-09-12 17:05:37 - [TEST_STEP][PASSED] - selectOptionByLabel(findTestObject("Object Repository/RAD_Pages/Landing_Page/select_NewTaxReturnAmountDue_TaxType"), TaxType, false): All options with label 'PTE Non-Electing Non-S Corp' are selected in object 'Object Repository/RAD_Pages/Landing_Page/select_NewTaxReturnAmountDue_TaxType' 

2023-09-12 17:05:38 - [MESSAGE][PASSED] - All options with label 'PTE Non-Electing Non-S Corp' are selected in object 'Object Repository/RAD_Pages/Landing_Page/select_NewTaxReturnAmountDue_TaxType' 

2023-09-12 17:05:38 - [TEST_STEP][PASSED] - selectOptionByLabel(findTestObject(orPath_TaxTypeFilingYear + "/select_FilingYear"), FilingYear, false): All options with label '2021' are selected in object 'Object Repository/RAD_Pages/TaxTypeFilingYear_Page/select_FilingYear' 

2023-09-12 17:05:39 - [MESSAGE][PASSED] - All options with label '2021' are selected in object 'Object Repository/RAD_Pages/TaxTypeFilingYear_Page/select_FilingYear' 

2023-09-12 17:05:39 - [TEST_STEP][PASSED] - rad.getSetDataRAD.setDataRADBusinessName(): rad.getSetDataRAD.setDataRADBusinessName is PASSED

2023-09-12 17:05:40 - [MESSAGE][PASSED] - Text 'My Company' is set on object 'Object Repository/RAD_Pages/Taxpayer_Page/input_businessName'

2023-09-12 17:05:40 - [MESSAGE][PASSED] - rad.getSetDataRAD.setDataRADBusinessName is PASSED

2023-09-12 17:05:40 - [TEST_STEP][PASSED] - rad.getSetDataRAD.setDataRADAddress(): rad.getSetDataRAD.setDataRADAddress is PASSED

2023-09-12 17:05:41 - [MESSAGE][PASSED] - All options with label 'United States' are selected in object 'Object Repository/RAD_Pages/AddressAndContactInfo_Page/select_Country' 

2023-09-12 17:05:42 - [MESSAGE][PASSED] - Text '2508 Mandan Terrace' is set on object 'Object Repository/RAD_Pages/AddressAndContactInfo_Page/input_streetAddress1'

2023-09-12 17:05:43 - [MESSAGE][PASSED] - Text '' is set on object 'Object Repository/RAD_Pages/AddressAndContactInfo_Page/input_streetAddress2'

2023-09-12 17:05:44 - [MESSAGE][PASSED] - Text 'Gambrills' is set on object 'Object Repository/RAD_Pages/AddressAndContactInfo_Page/input_city'

2023-09-12 17:05:45 - [MESSAGE][PASSED] - All options with label 'Maryland' are selected in object 'Object Repository/RAD_Pages/AddressAndContactInfo_Page/select_State' 

2023-09-12 17:05:45 - [MESSAGE][PASSED] - Text '21054' is set on object 'Object Repository/RAD_Pages/AddressAndContactInfo_Page/input_zipCode'

2023-09-12 17:05:46 - [MESSAGE][PASSED] - Text '(703) 894-5000' is set on object 'Object Repository/RAD_Pages/AddressAndContactInfo_Page/input_phoneNumber'

2023-09-12 17:05:47 - [MESSAGE][PASSED] - Text 'iahmed@govolution.com' is set on object 'Object Repository/RAD_Pages/AddressAndContactInfo_Page/input_eMailAddress'

2023-09-12 17:05:48 - [MESSAGE][PASSED] - Text 'iahmed@govolution.com' is set on object 'Object Repository/RAD_Pages/AddressAndContactInfo_Page/input_reEnterEMailAddress'

2023-09-12 17:05:48 - [MESSAGE][PASSED] - rad.getSetDataRAD.setDataRADAddress is PASSED

2023-09-12 17:05:48 - [TEST_STEP][PASSED] - rad.getSetDataRAD.setDataRADFEIN(): rad.getSetDataRAD.setDataRADFEIN is PASSED

2023-09-12 17:05:49 - [MESSAGE][PASSED] - Text ****** has been set on object 'Object Repository/RAD_Pages/TaxInfo_Page/input_FederalEIN'

2023-09-12 17:05:50 - [MESSAGE][PASSED] - Text ****** has been set on object 'Object Repository/RAD_Pages/TaxInfo_Page/input_FederalEIN_ReEnter'

2023-09-12 17:05:50 - [MESSAGE][PASSED] - rad.getSetDataRAD.setDataRADFEIN is PASSED

2023-09-12 17:05:50 - [TEST_STEP][PASSED] - setText(findTestObject(orPath_Amount + "/input__paymentAmount"), "100.00"): Text '100.00' is set on object 'Object Repository/RAD_Pages/PaymentAmount_Page/input__paymentAmount'

2023-09-12 17:05:51 - [MESSAGE][PASSED] - Text '100.00' is set on object 'Object Repository/RAD_Pages/PaymentAmount_Page/input__paymentAmount'

2023-09-12 17:05:51 - [TEST_STEP][PASSED] - setText(findTestObject(orPath_AddressContact + "/input_streetAddress2"), ""): Text '' is set on object 'Object Repository/RAD_Pages/AddressAndContactInfo_Page/input_streetAddress2'

2023-09-12 17:05:52 - [MESSAGE][PASSED] - Text '' is set on object 'Object Repository/RAD_Pages/AddressAndContactInfo_Page/input_streetAddress2'

2023-09-12 17:05:52 - [TEST_STEP][PASSED] - scrollToElement(findTestObject(orPath_Landing + "/button_Continue"), 3): Scroll to object 'Object Repository/RAD_Pages/Landing_Page/button_Continue' successfully

2023-09-12 17:05:52 - [MESSAGE][PASSED] - Scroll to object 'Object Repository/RAD_Pages/Landing_Page/button_Continue' successfully

2023-09-12 17:05:52 - [TEST_STEP][PASSED] - waitForElementClickable(findTestObject(orPath_Landing + "/button_Continue"), 5): Object 'Object Repository/RAD_Pages/Landing_Page/button_Continue' is clickable

2023-09-12 17:05:52 - [MESSAGE][PASSED] - Object 'Object Repository/RAD_Pages/Landing_Page/button_Continue' is clickable

2023-09-12 17:05:52 - [TEST_STEP][PASSED] - click(findTestObject(orPath_Landing + "/button_Continue")): Object: 'Object Repository/RAD_Pages/Landing_Page/button_Continue' is clicked on

2023-09-12 17:05:53 - [MESSAGE][PASSED] - Object: 'Object Repository/RAD_Pages/Landing_Page/button_Continue' is clicked on

2023-09-12 17:05:53 - [TEST_STEP][PASSED] - delay(2): Delayed 2 second(s)

2023-09-12 17:05:55 - [MESSAGE][PASSED] - Delayed 2 second(s)

2023-09-12 17:05:55 - [TEST_STEP][PASSED] - verifyTextPresent("Summary", true): Text 'Summary' is present on page  using regular expression

2023-09-12 17:05:55 - [MESSAGE][PASSED] - Text 'Summary' is present on page  using regular expression

2023-09-12 17:05:55 - [TEST_STEP][PASSED] - verifyTextPresent("Review the information below and make any necessary corrections by clicking the", true): Text 'Review the information below and make any necessary corrections by clicking the' is present on page  using regular expression

2023-09-12 17:05:56 - [MESSAGE][PASSED] - Text 'Review the information below and make any necessary corrections by clicking the' is present on page  using regular expression

2023-09-12 17:05:56 - [TEST_STEP][PASSED] - verifyTextPresent("When you are confident that all the information is correct, click the", true): Text 'When you are confident that all the information is correct, click the' is present on page  using regular expression

2023-09-12 17:05:56 - [MESSAGE][PASSED] - Text 'When you are confident that all the information is correct, click the' is present on page  using regular expression

2023-09-12 17:05:56 - [TEST_STEP][PASSED] - verifyTextPresent("Payment Type/Filing Year", true): Text 'Payment Type/Filing Year' is present on page  using regular expression

2023-09-12 17:05:56 - [MESSAGE][PASSED] - Text 'Payment Type/Filing Year' is present on page  using regular expression

2023-09-12 17:05:56 - [TEST_STEP][PASSED] - verifyTextPresent("Payment Type:", true): Text 'Payment Type:' is present on page  using regular expression

2023-09-12 17:05:57 - [MESSAGE][PASSED] - Text 'Payment Type:' is present on page  using regular expression

2023-09-12 17:05:57 - [TEST_STEP][PASSED] - verifyTextPresent("New Tax Return Amount Due", true): Text 'New Tax Return Amount Due' is present on page  using regular expression

2023-09-12 17:05:57 - [MESSAGE][PASSED] - Text 'New Tax Return Amount Due' is present on page  using regular expression

2023-09-12 17:05:57 - [TEST_STEP][PASSED] - verifyTextPresent("Filing Year:", true): Text 'Filing Year:' is present on page  using regular expression

2023-09-12 17:05:57 - [MESSAGE][PASSED] - Text 'Filing Year:' is present on page  using regular expression

2023-09-12 17:05:57 - [TEST_STEP][PASSED] - verifyTextPresent(FilingYear, true): Text '2021' is present on page  using regular expression

2023-09-12 17:05:58 - [MESSAGE][PASSED] - Text '2021' is present on page  using regular expression

2023-09-12 17:05:58 - [TEST_STEP][PASSED] - verifyTextPresent("Payer Information", true): Text 'Payer Information' is present on page  using regular expression

2023-09-12 17:05:58 - [MESSAGE][PASSED] - Text 'Payer Information' is present on page  using regular expression

2023-09-12 17:05:58 - [TEST_STEP][PASSED] - verifyTextPresent("Taxpayer Name:", true): Text 'Taxpayer Name:' is present on page  using regular expression

2023-09-12 17:05:59 - [MESSAGE][PASSED] - Text 'Taxpayer Name:' is present on page  using regular expression

2023-09-12 17:05:59 - [TEST_STEP][PASSED] - verifyTextPresent("My Company", true): Text 'My Company' is present on page  using regular expression

2023-09-12 17:05:59 - [MESSAGE][PASSED] - Text 'My Company' is present on page  using regular expression

2023-09-12 17:05:59 - [TEST_STEP][PASSED] - verifyTextPresent("Taxpayer Address:", true): Text 'Taxpayer Address:' is present on page  using regular expression

2023-09-12 17:05:59 - [MESSAGE][PASSED] - Text 'Taxpayer Address:' is present on page  using regular expression

2023-09-12 17:05:59 - [TEST_STEP][PASSED] - verifyTextPresent("2508 Mandan Terrace Gambrills Maryland 21054", true): Text '2508 Mandan Terrace Gambrills Maryland 21054' is present on page  using regular expression

2023-09-12 17:06:00 - [MESSAGE][PASSED] - Text '2508 Mandan Terrace Gambrills Maryland 21054' is present on page  using regular expression

2023-09-12 17:06:00 - [TEST_STEP][PASSED] - verifyTextPresent("Email:", true): Text 'Email:' is present on page  using regular expression

2023-09-12 17:06:00 - [MESSAGE][PASSED] - Text 'Email:' is present on page  using regular expression

2023-09-12 17:06:00 - [TEST_STEP][PASSED] - verifyTextPresent("iahmed@govolution.com", true): Text 'iahmed@govolution.com' is present on page  using regular expression

2023-09-12 17:06:00 - [MESSAGE][PASSED] - Text 'iahmed@govolution.com' is present on page  using regular expression

2023-09-12 17:06:00 - [TEST_STEP][PASSED] - verifyTextPresent("Phone:", true): Text 'Phone:' is present on page  using regular expression

2023-09-12 17:06:01 - [MESSAGE][PASSED] - Text 'Phone:' is present on page  using regular expression

2023-09-12 17:06:01 - [TEST_STEP][PASSED] - verifyTextPresent("(703) 894-5000", false): Text '(703) 894-5000' is present on page 

2023-09-12 17:06:01 - [MESSAGE][PASSED] - Text '(703) 894-5000' is present on page 

2023-09-12 17:06:01 - [TEST_STEP][PASSED] - verifyTextPresent("Tax Information", true): Text 'Tax Information' is present on page  using regular expression

2023-09-12 17:06:01 - [MESSAGE][PASSED] - Text 'Tax Information' is present on page  using regular expression

2023-09-12 17:06:01 - [TEST_STEP][PASSED] - verifyTextPresent("Federal EIN:", true): Text 'Federal EIN:' is present on page  using regular expression

2023-09-12 17:06:02 - [MESSAGE][PASSED] - Text 'Federal EIN:' is present on page  using regular expression

2023-09-12 17:06:02 - [TEST_STEP][PASSED] - verifyTextPresent("Payment Amount:", true): Text 'Payment Amount:' is present on page  using regular expression

2023-09-12 17:06:02 - [MESSAGE][PASSED] - Text 'Payment Amount:' is present on page  using regular expression

2023-09-12 17:06:02 - [TEST_STEP][PASSED] - verifyTextPresent("100.00", true): Text '100.00' is present on page  using regular expression

2023-09-12 17:06:02 - [MESSAGE][PASSED] - Text '100.00' is present on page  using regular expression

2023-09-12 17:06:02 - [TEST_STEP][PASSED] - click(findTestObject(orPath_Summary + "/button_Proceed to Payment")): Object: 'Object Repository/RAD_Pages/Summary_Page/button_Proceed to Payment' is clicked on

2023-09-12 17:06:04 - [MESSAGE][PASSED] - Object: 'Object Repository/RAD_Pages/Summary_Page/button_Proceed to Payment' is clicked on

2023-09-12 17:06:04 - [TEST_STEP][PASSED] - verifyTextPresent("Comptroller of Maryland", true): Text 'Comptroller of Maryland' is present on page  using regular expression

2023-09-12 17:06:04 - [MESSAGE][PASSED] - Text 'Comptroller of Maryland' is present on page  using regular expression

2023-09-12 17:06:04 - [TEST_STEP][PASSED] - verifyTextPresent("Revenue Administration Division", true): Text 'Revenue Administration Division' is present on page  using regular expression

2023-09-12 17:06:05 - [MESSAGE][PASSED] - Text 'Revenue Administration Division' is present on page  using regular expression

2023-09-12 17:06:05 - [TEST_STEP][PASSED] - verifyTextPresent("Payment Information", true): Text 'Payment Information' is present on page  using regular expression

2023-09-12 17:06:05 - [MESSAGE][PASSED] - Text 'Payment Information' is present on page  using regular expression

2023-09-12 17:06:05 - [TEST_STEP][PASSED] - card_Name = getAttribute(findTestObject("Object Repository/RAD_Pages/PaymentEntry_Page/input__billingName"), "value"): Attribute 'value' of object 'Object Repository/RAD_Pages/PaymentEntry_Page/input__billingName' is: ''

2023-09-12 17:06:05 - [MESSAGE][PASSED] - Attribute 'value' of object 'Object Repository/RAD_Pages/PaymentEntry_Page/input__billingName' is: ''

2023-09-12 17:06:05 - [TEST_STEP][PASSED] - verifyMatch("", card_Name, false): Actual text '' and expected text '' are matched 

2023-09-12 17:06:05 - [MESSAGE][PASSED] - Actual text '' and expected text '' are matched 

2023-09-12 17:06:05 - [TEST_STEP][PASSED] - AL1 = getAttribute(findTestObject("Object Repository/RAD_Pages/PaymentEntry_Page/input_billingAddress"), "value"): Attribute 'value' of object 'Object Repository/RAD_Pages/PaymentEntry_Page/input_billingAddress' is: '2508 Mandan Terrace'

2023-09-12 17:06:05 - [MESSAGE][PASSED] - Attribute 'value' of object 'Object Repository/RAD_Pages/PaymentEntry_Page/input_billingAddress' is: '2508 Mandan Terrace'

2023-09-12 17:06:05 - [TEST_STEP][PASSED] - verifyMatch("2508 Mandan Terrace", AL1, false): Actual text '2508 Mandan Terrace' and expected text '2508 Mandan Terrace' are matched 

2023-09-12 17:06:05 - [MESSAGE][PASSED] - Actual text '2508 Mandan Terrace' and expected text '2508 Mandan Terrace' are matched 

2023-09-12 17:06:05 - [TEST_STEP][PASSED] - AL2 = getAttribute(findTestObject("Object Repository/RAD_Pages/PaymentEntry_Page/input_billingAddress2"), "value"): Attribute 'value' of object 'Object Repository/RAD_Pages/PaymentEntry_Page/input_billingAddress2' is: ''

2023-09-12 17:06:06 - [MESSAGE][PASSED] - Attribute 'value' of object 'Object Repository/RAD_Pages/PaymentEntry_Page/input_billingAddress2' is: ''

2023-09-12 17:06:06 - [TEST_STEP][PASSED] - verifyMatch("", AL2, false): Actual text '' and expected text '' are matched 

2023-09-12 17:06:06 - [MESSAGE][PASSED] - Actual text '' and expected text '' are matched 

2023-09-12 17:06:06 - [TEST_STEP][PASSED] - zipCode = getAttribute(findTestObject("Object Repository/RAD_Pages/PaymentEntry_Page/input_billingZip"), "value"): Attribute 'value' of object 'Object Repository/RAD_Pages/PaymentEntry_Page/input_billingZip' is: '21054'

2023-09-12 17:06:06 - [MESSAGE][PASSED] - Attribute 'value' of object 'Object Repository/RAD_Pages/PaymentEntry_Page/input_billingZip' is: '21054'

2023-09-12 17:06:06 - [TEST_STEP][PASSED] - verifyMatch("21054", zipCode, false): Actual text '21054' and expected text '21054' are matched 

2023-09-12 17:06:06 - [MESSAGE][PASSED] - Actual text '21054' and expected text '21054' are matched 

2023-09-12 17:06:06 - [TEST_STEP][PASSED] - city = getAttribute(findTestObject("Object Repository/RAD_Pages/PaymentEntry_Page/input_billingCity"), "value"): Attribute 'value' of object 'Object Repository/RAD_Pages/PaymentEntry_Page/input_billingCity' is: 'GAMBRILLS'

2023-09-12 17:06:06 - [MESSAGE][PASSED] - Attribute 'value' of object 'Object Repository/RAD_Pages/PaymentEntry_Page/input_billingCity' is: 'GAMBRILLS'

2023-09-12 17:06:06 - [TEST_STEP][PASSED] - verifyMatch("GAMBRILLS", city, false): Actual text 'GAMBRILLS' and expected text 'GAMBRILLS' are matched 

2023-09-12 17:06:06 - [MESSAGE][PASSED] - Actual text 'GAMBRILLS' and expected text 'GAMBRILLS' are matched 

2023-09-12 17:06:06 - [TEST_STEP][PASSED] - email = getAttribute(findTestObject("Object Repository/RAD_Pages/PaymentEntry_Page/input_emailAddress"), "value"): Attribute 'value' of object 'Object Repository/RAD_Pages/PaymentEntry_Page/input_emailAddress' is: 'iahmed@govolution.com'

2023-09-12 17:06:07 - [MESSAGE][PASSED] - Attribute 'value' of object 'Object Repository/RAD_Pages/PaymentEntry_Page/input_emailAddress' is: 'iahmed@govolution.com'

2023-09-12 17:06:07 - [TEST_STEP][PASSED] - verifyMatch("iahmed@govolution.com", email, false): Actual text 'iahmed@govolution.com' and expected text 'iahmed@govolution.com' are matched 

2023-09-12 17:06:07 - [MESSAGE][PASSED] - Actual text 'iahmed@govolution.com' and expected text 'iahmed@govolution.com' are matched 

2023-09-12 17:06:07 - [TEST_STEP][PASSED] - amount = getAttribute(findTestObject("Object Repository/RAD_Pages/PaymentEntry_Page/input_amount"), "value"): Attribute 'value' of object 'Object Repository/RAD_Pages/PaymentEntry_Page/input_amount' is: '100.00'

2023-09-12 17:06:07 - [MESSAGE][PASSED] - Attribute 'value' of object 'Object Repository/RAD_Pages/PaymentEntry_Page/input_amount' is: '100.00'

2023-09-12 17:06:07 - [TEST_STEP][PASSED] - verifyMatch("100.00", amount, false): Actual text '100.00' and expected text '100.00' are matched 

2023-09-12 17:06:07 - [MESSAGE][PASSED] - Actual text '100.00' and expected text '100.00' are matched 

2023-09-12 17:06:07 - [TEST_STEP][PASSED] - amountReadOnly = getAttribute(findTestObject("Object Repository/RAD_Pages/PaymentEntry_Page/input_amount"), "readonly"): Attribute 'readonly' of object 'Object Repository/RAD_Pages/PaymentEntry_Page/input_amount' is: 'true'

2023-09-12 17:06:07 - [MESSAGE][PASSED] - Attribute 'readonly' of object 'Object Repository/RAD_Pages/PaymentEntry_Page/input_amount' is: 'true'

2023-09-12 17:06:07 - [TEST_STEP][PASSED] - verifyMatch("true", amountReadOnly, false): Actual text 'true' and expected text 'true' are matched 

2023-09-12 17:06:07 - [MESSAGE][PASSED] - Actual text 'true' and expected text 'true' are matched 

2023-09-12 17:06:07 - [TEST_STEP][PASSED] - verifyOptionSelectedByLabel(findTestObject("Object Repository/RAD_Pages/PaymentEntry_Page/select_Country"), "United States", false, 20): All options with label 'United States' are selected in object 'Object Repository/RAD_Pages/PaymentEntry_Page/select_Country' 

2023-09-12 17:06:09 - [MESSAGE][PASSED] - All options with label 'United States' are selected in object 'Object Repository/RAD_Pages/PaymentEntry_Page/select_Country' 

2023-09-12 17:06:09 - [TEST_STEP][PASSED] - verifyOptionSelectedByLabel(findTestObject("Object Repository/RAD_Pages/PaymentEntry_Page/select_State"), "Maryland", false, 20): All options with label 'Maryland' are selected in object 'Object Repository/RAD_Pages/PaymentEntry_Page/select_State' 

2023-09-12 17:06:11 - [MESSAGE][PASSED] - All options with label 'Maryland' are selected in object 'Object Repository/RAD_Pages/PaymentEntry_Page/select_State' 

2023-09-12 17:06:11 - [TEST_STEP][PASSED] - setText(findTestObject("Object Repository/RAD_Pages/PaymentEntry_Page/input__billingName"), "Anthony Gonzalez"): Text 'Anthony Gonzalez' is set on object 'Object Repository/RAD_Pages/PaymentEntry_Page/input__billingName'

2023-09-12 17:06:12 - [MESSAGE][PASSED] - Text 'Anthony Gonzalez' is set on object 'Object Repository/RAD_Pages/PaymentEntry_Page/input__billingName'

2023-09-12 17:06:12 - [TEST_STEP][PASSED] - setText(findTestObject(orPath_PaymentEntry + "/input__cardNumber"), "4111111111111111"): Text '4111111111111111' is set on object 'Object Repository/RAD_Pages/PaymentEntry_Page/input__cardNumber'

2023-09-12 17:06:13 - [MESSAGE][PASSED] - Text '4111111111111111' is set on object 'Object Repository/RAD_Pages/PaymentEntry_Page/input__cardNumber'

2023-09-12 17:06:13 - [TEST_STEP][PASSED] - setText(findTestObject(orPath_PaymentEntry + "/input__spc"), "123"): Text '123' is set on object 'Object Repository/RAD_Pages/PaymentEntry_Page/input__spc'

2023-09-12 17:06:14 - [MESSAGE][PASSED] - Text '123' is set on object 'Object Repository/RAD_Pages/PaymentEntry_Page/input__spc'

2023-09-12 17:06:14 - [TEST_STEP][PASSED] - selectOptionByLabel(findTestObject(orPath_PaymentEntry + "/select_MM"), "12", false): All options with label '12' are selected in object 'Object Repository/RAD_Pages/PaymentEntry_Page/select_MM' 

2023-09-12 17:06:14 - [MESSAGE][PASSED] - All options with label '12' are selected in object 'Object Repository/RAD_Pages/PaymentEntry_Page/select_MM' 

2023-09-12 17:06:14 - [TEST_STEP][PASSED] - selectOptionByLabel(findTestObject(orPath_PaymentEntry + "/select_YYYY"), "2028", false): All options with label '2028' are selected in object 'Object Repository/RAD_Pages/PaymentEntry_Page/select_YYYY' 

2023-09-12 17:06:15 - [MESSAGE][PASSED] - All options with label '2028' are selected in object 'Object Repository/RAD_Pages/PaymentEntry_Page/select_YYYY' 

2023-09-12 17:06:15 - [TEST_STEP][PASSED] - click(findTestObject(orPath_PaymentEntry + "/input_Field_ccSubmit")): Object: 'Object Repository/RAD_Pages/PaymentEntry_Page/input_Field_ccSubmit' is clicked on

2023-09-12 17:06:16 - [MESSAGE][PASSED] - Object: 'Object Repository/RAD_Pages/PaymentEntry_Page/input_Field_ccSubmit' is clicked on

2023-09-12 17:06:16 - [TEST_STEP][PASSED] - click(findTestObject(orPath_PaymentConfirmation + "/input_N_confirmNotifyAction")): Object: 'Object Repository/RAD_Pages/PaymentConfirmation_Page/input_N_confirmNotifyAction' is clicked on

2023-09-12 17:06:16 - [MESSAGE][PASSED] - Object: 'Object Repository/RAD_Pages/PaymentConfirmation_Page/input_N_confirmNotifyAction' is clicked on

2023-09-12 17:06:16 - [TEST_STEP][PASSED] - verifyTextPresent("Service Fee Acceptance", true): Text 'Service Fee Acceptance' is present on page  using regular expression

2023-09-12 17:06:17 - [MESSAGE][PASSED] - Text 'Service Fee Acceptance' is present on page  using regular expression

2023-09-12 17:06:17 - [TEST_STEP][PASSED] - verifyTextPresent("This transaction is subject to a Service Fee of ", true): Text 'This transaction is subject to a Service Fee of ' is present on page  using regular expression

2023-09-12 17:06:17 - [MESSAGE][PASSED] - Text 'This transaction is subject to a Service Fee of ' is present on page  using regular expression

2023-09-12 17:06:17 - [TEST_STEP][PASSED] - verifyTextPresent("Payment Amount:", true): Text 'Payment Amount:' is present on page  using regular expression

2023-09-12 17:06:18 - [MESSAGE][PASSED] - Text 'Payment Amount:' is present on page  using regular expression

2023-09-12 17:06:18 - [TEST_STEP][PASSED] - verifyTextPresent("100.00", true): Text '100.00' is present on page  using regular expression

2023-09-12 17:06:18 - [MESSAGE][PASSED] - Text '100.00' is present on page  using regular expression

2023-09-12 17:06:18 - [TEST_STEP][PASSED] - verifyTextPresent("Service Fee:", true): Text 'Service Fee:' is present on page  using regular expression

2023-09-12 17:06:18 - [MESSAGE][PASSED] - Text 'Service Fee:' is present on page  using regular expression

2023-09-12 17:06:18 - [TEST_STEP][PASSED] - verifyTextPresent("2.45", true): Text '2.45' is present on page  using regular expression

2023-09-12 17:06:19 - [MESSAGE][PASSED] - Text '2.45' is present on page  using regular expression

2023-09-12 17:06:19 - [TEST_STEP][PASSED] - verifyTextPresent("Total Amount:", true): Text 'Total Amount:' is present on page  using regular expression

2023-09-12 17:06:19 - [MESSAGE][PASSED] - Text 'Total Amount:' is present on page  using regular expression

2023-09-12 17:06:19 - [TEST_STEP][PASSED] - verifyTextPresent("102.45", true): Text '102.45' is present on page  using regular expression

2023-09-12 17:06:19 - [MESSAGE][PASSED] - Text '102.45' is present on page  using regular expression

2023-09-12 17:06:19 - [TEST_STEP][PASSED] - verifyTextPresent("Two transactions will appear on your bank statement, one in the amount of", true): Text 'Two transactions will appear on your bank statement, one in the amount of' is present on page  using regular expression

2023-09-12 17:06:19 - [MESSAGE][PASSED] - Text 'Two transactions will appear on your bank statement, one in the amount of' is present on page  using regular expression

2023-09-12 17:06:19 - [TEST_STEP][PASSED] - verifyElementPresent(findTestObject(orPath_ServiceFeesAccept + "/input_convFeeNotifyAction"), 30): Object 'Object Repository/RAD_Pages/ServiceFeeAccept_Page/input_convFeeNotifyAction' is present

2023-09-12 17:06:20 - [MESSAGE][PASSED] - Object 'Object Repository/RAD_Pages/ServiceFeeAccept_Page/input_convFeeNotifyAction' is present

2023-09-12 17:06:20 - [TEST_STEP][PASSED] - ExecuteTC = findTestData(dataFile).getValue("Execute", row): null

2023-09-12 17:06:20 - [TEST_STEP][PASSED] - TaxType = findTestData(dataFile).getValue("TaxType", row): null

2023-09-12 17:06:20 - [TEST_STEP][PASSED] - PaymentType = findTestData(dataFile).getValue("PaymentType", row): null

2023-09-12 17:06:20 - [TEST_STEP][PASSED] - FilingYear = findTestData(dataFile).getValue("Year", row): null

2023-09-12 17:06:20 - [TEST_STEP][PASSED] - if (ExecuteTC.equalsIgnoreCase("Y")): Object 'Object Repository/RAD_Pages/ServiceFeeAccept_Page/input_convFeeNotifyAction' is present

2023-09-12 17:06:20 - [TEST_STEP][PASSED] - out.println("Begin Record Number: " + row): null

2023-09-12 17:06:20 - [TEST_STEP][PASSED] - today = new java.util.Date(): null

2023-09-12 17:06:20 - [TEST_STEP][PASSED] - println(today): null

2023-09-12 17:06:20 - [TEST_STEP][PASSED] - datText = today: null

2023-09-12 17:06:20 - [TEST_STEP][PASSED] - logInfo("Payment Type: New Tax Return Amount Due"): Payment Type: New Tax Return Amount Due

2023-09-12 17:06:20 - [MESSAGE][INFO] - Payment Type: New Tax Return Amount Due

2023-09-12 17:06:20 - [TEST_STEP][PASSED] - logInfo("Tax Type: " + TaxType): Tax Type: PTE Non-Electing S Corp

2023-09-12 17:06:20 - [MESSAGE][INFO] - Tax Type: PTE Non-Electing S Corp

2023-09-12 17:06:20 - [TEST_STEP][PASSED] - openBrowser(""): Browser is opened with url: ''

2023-09-12 17:06:20 - [MESSAGE][WARNING] - A browser is already opened. Closing browser and opening a new one

2023-09-12 17:06:21 - [MESSAGE][INFO] - Starting 'Chrome' driver

2023-09-12 17:06:21 - [MESSAGE][INFO] - User set preference: ['acceptInsecureCerts', 'true']

2023-09-12 17:06:21 - [MESSAGE][INFO] - Action delay is set to 0 milliseconds

2023-09-12 17:06:22 - [MESSAGE][PASSED] - Browser is opened with url: ''

2023-09-12 17:06:22 - [TEST_STEP][PASSED] - maximizeWindow(): Current window maximized

2023-09-12 17:06:22 - [MESSAGE][PASSED] - Current window maximized

2023-09-12 17:06:22 - [TEST_STEP][PASSED] - navigateToUrl(RADurl): Navigate to 'https://demo.velocitypayment.com/client/rad/index.html' successfully

2023-09-12 17:06:24 - [MESSAGE][PASSED] - Navigate to 'https://demo.velocitypayment.com/client/rad/index.html' successfully

2023-09-12 17:06:24 - [TEST_STEP][PASSED] - selectOptionByLabel(findTestObject(orPath_Landing + "/dd_TaxType"), "New Tax Return Amount Due", false): All options with label 'New Tax Return Amount Due' are selected in object 'Object Repository/RAD_Pages/Landing_Page/dd_TaxType' 

2023-09-12 17:06:25 - [MESSAGE][PASSED] - All options with label 'New Tax Return Amount Due' are selected in object 'Object Repository/RAD_Pages/Landing_Page/dd_TaxType' 

2023-09-12 17:06:25 - [TEST_STEP][PASSED] - selectOptionByLabel(findTestObject("Object Repository/RAD_Pages/Landing_Page/select_NewTaxReturnAmountDue_TaxType"), TaxType, false): All options with label 'PTE Non-Electing S Corp' are selected in object 'Object Repository/RAD_Pages/Landing_Page/select_NewTaxReturnAmountDue_TaxType' 

2023-09-12 17:06:26 - [MESSAGE][PASSED] - All options with label 'PTE Non-Electing S Corp' are selected in object 'Object Repository/RAD_Pages/Landing_Page/select_NewTaxReturnAmountDue_TaxType' 

2023-09-12 17:06:26 - [TEST_STEP][PASSED] - selectOptionByLabel(findTestObject(orPath_TaxTypeFilingYear + "/select_FilingYear"), FilingYear, false): All options with label '2021' are selected in object 'Object Repository/RAD_Pages/TaxTypeFilingYear_Page/select_FilingYear' 

2023-09-12 17:06:27 - [MESSAGE][PASSED] - All options with label '2021' are selected in object 'Object Repository/RAD_Pages/TaxTypeFilingYear_Page/select_FilingYear' 

2023-09-12 17:06:27 - [TEST_STEP][PASSED] - rad.getSetDataRAD.setDataRADBusinessName(): rad.getSetDataRAD.setDataRADBusinessName is PASSED

2023-09-12 17:06:28 - [MESSAGE][PASSED] - Text 'My Company' is set on object 'Object Repository/RAD_Pages/Taxpayer_Page/input_businessName'

2023-09-12 17:06:28 - [MESSAGE][PASSED] - rad.getSetDataRAD.setDataRADBusinessName is PASSED

2023-09-12 17:06:28 - [TEST_STEP][PASSED] - rad.getSetDataRAD.setDataRADAddress(): rad.getSetDataRAD.setDataRADAddress is PASSED

2023-09-12 17:06:29 - [MESSAGE][PASSED] - All options with label 'United States' are selected in object 'Object Repository/RAD_Pages/AddressAndContactInfo_Page/select_Country' 

2023-09-12 17:06:30 - [MESSAGE][PASSED] - Text '2508 Mandan Terrace' is set on object 'Object Repository/RAD_Pages/AddressAndContactInfo_Page/input_streetAddress1'

2023-09-12 17:06:31 - [MESSAGE][PASSED] - Text '' is set on object 'Object Repository/RAD_Pages/AddressAndContactInfo_Page/input_streetAddress2'

2023-09-12 17:06:32 - [MESSAGE][PASSED] - Text 'Gambrills' is set on object 'Object Repository/RAD_Pages/AddressAndContactInfo_Page/input_city'

2023-09-12 17:06:32 - [MESSAGE][PASSED] - All options with label 'Maryland' are selected in object 'Object Repository/RAD_Pages/AddressAndContactInfo_Page/select_State' 

2023-09-12 17:06:33 - [MESSAGE][PASSED] - Text '21054' is set on object 'Object Repository/RAD_Pages/AddressAndContactInfo_Page/input_zipCode'

2023-09-12 17:06:34 - [MESSAGE][PASSED] - Text '(703) 894-5000' is set on object 'Object Repository/RAD_Pages/AddressAndContactInfo_Page/input_phoneNumber'

2023-09-12 17:06:35 - [MESSAGE][PASSED] - Text 'iahmed@govolution.com' is set on object 'Object Repository/RAD_Pages/AddressAndContactInfo_Page/input_eMailAddress'

2023-09-12 17:06:36 - [MESSAGE][PASSED] - Text 'iahmed@govolution.com' is set on object 'Object Repository/RAD_Pages/AddressAndContactInfo_Page/input_reEnterEMailAddress'

2023-09-12 17:06:36 - [MESSAGE][PASSED] - rad.getSetDataRAD.setDataRADAddress is PASSED

2023-09-12 17:06:36 - [TEST_STEP][PASSED] - rad.getSetDataRAD.setDataRADFEIN(): rad.getSetDataRAD.setDataRADFEIN is PASSED

2023-09-12 17:06:37 - [MESSAGE][PASSED] - Text ****** has been set on object 'Object Repository/RAD_Pages/TaxInfo_Page/input_FederalEIN'

2023-09-12 17:06:37 - [MESSAGE][PASSED] - Text ****** has been set on object 'Object Repository/RAD_Pages/TaxInfo_Page/input_FederalEIN_ReEnter'

2023-09-12 17:06:37 - [MESSAGE][PASSED] - rad.getSetDataRAD.setDataRADFEIN is PASSED

2023-09-12 17:06:37 - [TEST_STEP][PASSED] - setText(findTestObject(orPath_Amount + "/input__paymentAmount"), "100.00"): Text '100.00' is set on object 'Object Repository/RAD_Pages/PaymentAmount_Page/input__paymentAmount'

2023-09-12 17:06:38 - [MESSAGE][PASSED] - Text '100.00' is set on object 'Object Repository/RAD_Pages/PaymentAmount_Page/input__paymentAmount'

2023-09-12 17:06:38 - [TEST_STEP][PASSED] - setText(findTestObject(orPath_AddressContact + "/input_streetAddress2"), ""): Text '' is set on object 'Object Repository/RAD_Pages/AddressAndContactInfo_Page/input_streetAddress2'

2023-09-12 17:06:39 - [MESSAGE][PASSED] - Text '' is set on object 'Object Repository/RAD_Pages/AddressAndContactInfo_Page/input_streetAddress2'

2023-09-12 17:06:39 - [TEST_STEP][PASSED] - scrollToElement(findTestObject(orPath_Landing + "/button_Continue"), 3): Scroll to object 'Object Repository/RAD_Pages/Landing_Page/button_Continue' successfully

2023-09-12 17:06:40 - [MESSAGE][PASSED] - Scroll to object 'Object Repository/RAD_Pages/Landing_Page/button_Continue' successfully

2023-09-12 17:06:40 - [TEST_STEP][PASSED] - waitForElementClickable(findTestObject(orPath_Landing + "/button_Continue"), 5): Object 'Object Repository/RAD_Pages/Landing_Page/button_Continue' is clickable

2023-09-12 17:06:40 - [MESSAGE][PASSED] - Object 'Object Repository/RAD_Pages/Landing_Page/button_Continue' is clickable

2023-09-12 17:06:40 - [TEST_STEP][PASSED] - click(findTestObject(orPath_Landing + "/button_Continue")): Object: 'Object Repository/RAD_Pages/Landing_Page/button_Continue' is clicked on

2023-09-12 17:06:41 - [MESSAGE][PASSED] - Object: 'Object Repository/RAD_Pages/Landing_Page/button_Continue' is clicked on

2023-09-12 17:06:41 - [TEST_STEP][PASSED] - delay(2): Delayed 2 second(s)

2023-09-12 17:06:43 - [MESSAGE][PASSED] - Delayed 2 second(s)

2023-09-12 17:06:43 - [TEST_STEP][PASSED] - verifyTextPresent("Summary", true): Text 'Summary' is present on page  using regular expression

2023-09-12 17:06:43 - [MESSAGE][PASSED] - Text 'Summary' is present on page  using regular expression

2023-09-12 17:06:43 - [TEST_STEP][PASSED] - verifyTextPresent("Review the information below and make any necessary corrections by clicking the", true): Text 'Review the information below and make any necessary corrections by clicking the' is present on page  using regular expression

2023-09-12 17:06:43 - [MESSAGE][PASSED] - Text 'Review the information below and make any necessary corrections by clicking the' is present on page  using regular expression

2023-09-12 17:06:43 - [TEST_STEP][PASSED] - verifyTextPresent("When you are confident that all the information is correct, click the", true): Text 'When you are confident that all the information is correct, click the' is present on page  using regular expression

2023-09-12 17:06:44 - [MESSAGE][PASSED] - Text 'When you are confident that all the information is correct, click the' is present on page  using regular expression

2023-09-12 17:06:44 - [TEST_STEP][PASSED] - verifyTextPresent("Payment Type/Filing Year", true): Text 'Payment Type/Filing Year' is present on page  using regular expression

2023-09-12 17:06:44 - [MESSAGE][PASSED] - Text 'Payment Type/Filing Year' is present on page  using regular expression

2023-09-12 17:06:44 - [TEST_STEP][PASSED] - verifyTextPresent("Payment Type:", true): Text 'Payment Type:' is present on page  using regular expression

2023-09-12 17:06:44 - [MESSAGE][PASSED] - Text 'Payment Type:' is present on page  using regular expression

2023-09-12 17:06:44 - [TEST_STEP][PASSED] - verifyTextPresent("New Tax Return Amount Due", true): Text 'New Tax Return Amount Due' is present on page  using regular expression

2023-09-12 17:06:45 - [MESSAGE][PASSED] - Text 'New Tax Return Amount Due' is present on page  using regular expression

2023-09-12 17:06:45 - [TEST_STEP][PASSED] - verifyTextPresent("Filing Year:", true): Text 'Filing Year:' is present on page  using regular expression

2023-09-12 17:06:45 - [MESSAGE][PASSED] - Text 'Filing Year:' is present on page  using regular expression

2023-09-12 17:06:45 - [TEST_STEP][PASSED] - verifyTextPresent(FilingYear, true): Text '2021' is present on page  using regular expression

2023-09-12 17:06:45 - [MESSAGE][PASSED] - Text '2021' is present on page  using regular expression

2023-09-12 17:06:45 - [TEST_STEP][PASSED] - verifyTextPresent("Payer Information", true): Text 'Payer Information' is present on page  using regular expression

2023-09-12 17:06:46 - [MESSAGE][PASSED] - Text 'Payer Information' is present on page  using regular expression

2023-09-12 17:06:46 - [TEST_STEP][PASSED] - verifyTextPresent("Taxpayer Name:", true): Text 'Taxpayer Name:' is present on page  using regular expression

2023-09-12 17:06:46 - [MESSAGE][PASSED] - Text 'Taxpayer Name:' is present on page  using regular expression

2023-09-12 17:06:46 - [TEST_STEP][PASSED] - verifyTextPresent("My Company", true): Text 'My Company' is present on page  using regular expression

2023-09-12 17:06:47 - [MESSAGE][PASSED] - Text 'My Company' is present on page  using regular expression

2023-09-12 17:06:47 - [TEST_STEP][PASSED] - verifyTextPresent("Taxpayer Address:", true): Text 'Taxpayer Address:' is present on page  using regular expression

2023-09-12 17:06:47 - [MESSAGE][PASSED] - Text 'Taxpayer Address:' is present on page  using regular expression

2023-09-12 17:06:47 - [TEST_STEP][PASSED] - verifyTextPresent("2508 Mandan Terrace Gambrills Maryland 21054", true): Text '2508 Mandan Terrace Gambrills Maryland 21054' is present on page  using regular expression

2023-09-12 17:06:47 - [MESSAGE][PASSED] - Text '2508 Mandan Terrace Gambrills Maryland 21054' is present on page  using regular expression

2023-09-12 17:06:47 - [TEST_STEP][PASSED] - verifyTextPresent("Email:", true): Text 'Email:' is present on page  using regular expression

2023-09-12 17:06:48 - [MESSAGE][PASSED] - Text 'Email:' is present on page  using regular expression

2023-09-12 17:06:48 - [TEST_STEP][PASSED] - verifyTextPresent("iahmed@govolution.com", true): Text 'iahmed@govolution.com' is present on page  using regular expression

2023-09-12 17:06:48 - [MESSAGE][PASSED] - Text 'iahmed@govolution.com' is present on page  using regular expression

2023-09-12 17:06:48 - [TEST_STEP][PASSED] - verifyTextPresent("Phone:", true): Text 'Phone:' is present on page  using regular expression

2023-09-12 17:06:48 - [MESSAGE][PASSED] - Text 'Phone:' is present on page  using regular expression

2023-09-12 17:06:48 - [TEST_STEP][PASSED] - verifyTextPresent("(703) 894-5000", false): Text '(703) 894-5000' is present on page 

2023-09-12 17:06:49 - [MESSAGE][PASSED] - Text '(703) 894-5000' is present on page 

2023-09-12 17:06:49 - [TEST_STEP][PASSED] - verifyTextPresent("Tax Information", true): Text 'Tax Information' is present on page  using regular expression

2023-09-12 17:06:49 - [MESSAGE][PASSED] - Text 'Tax Information' is present on page  using regular expression

2023-09-12 17:06:49 - [TEST_STEP][PASSED] - verifyTextPresent("Federal EIN:", true): Text 'Federal EIN:' is present on page  using regular expression

2023-09-12 17:06:49 - [MESSAGE][PASSED] - Text 'Federal EIN:' is present on page  using regular expression

2023-09-12 17:06:49 - [TEST_STEP][PASSED] - verifyTextPresent("Payment Amount:", true): Text 'Payment Amount:' is present on page  using regular expression

2023-09-12 17:06:50 - [MESSAGE][PASSED] - Text 'Payment Amount:' is present on page  using regular expression

2023-09-12 17:06:50 - [TEST_STEP][PASSED] - verifyTextPresent("100.00", true): Text '100.00' is present on page  using regular expression

2023-09-12 17:06:50 - [MESSAGE][PASSED] - Text '100.00' is present on page  using regular expression

2023-09-12 17:06:50 - [TEST_STEP][PASSED] - click(findTestObject(orPath_Summary + "/button_Proceed to Payment")): Object: 'Object Repository/RAD_Pages/Summary_Page/button_Proceed to Payment' is clicked on

2023-09-12 17:06:51 - [MESSAGE][PASSED] - Object: 'Object Repository/RAD_Pages/Summary_Page/button_Proceed to Payment' is clicked on

2023-09-12 17:06:51 - [TEST_STEP][PASSED] - verifyTextPresent("Comptroller of Maryland", true): Text 'Comptroller of Maryland' is present on page  using regular expression

2023-09-12 17:06:52 - [MESSAGE][PASSED] - Text 'Comptroller of Maryland' is present on page  using regular expression

2023-09-12 17:06:52 - [TEST_STEP][PASSED] - verifyTextPresent("Revenue Administration Division", true): Text 'Revenue Administration Division' is present on page  using regular expression

2023-09-12 17:06:52 - [MESSAGE][PASSED] - Text 'Revenue Administration Division' is present on page  using regular expression

2023-09-12 17:06:52 - [TEST_STEP][PASSED] - verifyTextPresent("Payment Information", true): Text 'Payment Information' is present on page  using regular expression

2023-09-12 17:06:53 - [MESSAGE][PASSED] - Text 'Payment Information' is present on page  using regular expression

2023-09-12 17:06:53 - [TEST_STEP][PASSED] - card_Name = getAttribute(findTestObject("Object Repository/RAD_Pages/PaymentEntry_Page/input__billingName"), "value"): Attribute 'value' of object 'Object Repository/RAD_Pages/PaymentEntry_Page/input__billingName' is: ''

2023-09-12 17:06:53 - [MESSAGE][PASSED] - Attribute 'value' of object 'Object Repository/RAD_Pages/PaymentEntry_Page/input__billingName' is: ''

2023-09-12 17:06:53 - [TEST_STEP][PASSED] - verifyMatch("", card_Name, false): Actual text '' and expected text '' are matched 

2023-09-12 17:06:53 - [MESSAGE][PASSED] - Actual text '' and expected text '' are matched 

2023-09-12 17:06:53 - [TEST_STEP][PASSED] - AL1 = getAttribute(findTestObject("Object Repository/RAD_Pages/PaymentEntry_Page/input_billingAddress"), "value"): Attribute 'value' of object 'Object Repository/RAD_Pages/PaymentEntry_Page/input_billingAddress' is: '2508 Mandan Terrace'

2023-09-12 17:06:53 - [MESSAGE][PASSED] - Attribute 'value' of object 'Object Repository/RAD_Pages/PaymentEntry_Page/input_billingAddress' is: '2508 Mandan Terrace'

2023-09-12 17:06:53 - [TEST_STEP][PASSED] - verifyMatch("2508 Mandan Terrace", AL1, false): Actual text '2508 Mandan Terrace' and expected text '2508 Mandan Terrace' are matched 

2023-09-12 17:06:53 - [MESSAGE][PASSED] - Actual text '2508 Mandan Terrace' and expected text '2508 Mandan Terrace' are matched 

2023-09-12 17:06:53 - [TEST_STEP][PASSED] - AL2 = getAttribute(findTestObject("Object Repository/RAD_Pages/PaymentEntry_Page/input_billingAddress2"), "value"): Attribute 'value' of object 'Object Repository/RAD_Pages/PaymentEntry_Page/input_billingAddress2' is: ''

2023-09-12 17:06:54 - [MESSAGE][PASSED] - Attribute 'value' of object 'Object Repository/RAD_Pages/PaymentEntry_Page/input_billingAddress2' is: ''

2023-09-12 17:06:54 - [TEST_STEP][PASSED] - verifyMatch("", AL2, false): Actual text '' and expected text '' are matched 

2023-09-12 17:06:54 - [MESSAGE][PASSED] - Actual text '' and expected text '' are matched 

2023-09-12 17:06:54 - [TEST_STEP][PASSED] - zipCode = getAttribute(findTestObject("Object Repository/RAD_Pages/PaymentEntry_Page/input_billingZip"), "value"): Attribute 'value' of object 'Object Repository/RAD_Pages/PaymentEntry_Page/input_billingZip' is: '21054'

2023-09-12 17:06:54 - [MESSAGE][PASSED] - Attribute 'value' of object 'Object Repository/RAD_Pages/PaymentEntry_Page/input_billingZip' is: '21054'

2023-09-12 17:06:54 - [TEST_STEP][PASSED] - verifyMatch("21054", zipCode, false): Actual text '21054' and expected text '21054' are matched 

2023-09-12 17:06:54 - [MESSAGE][PASSED] - Actual text '21054' and expected text '21054' are matched 

2023-09-12 17:06:54 - [TEST_STEP][PASSED] - city = getAttribute(findTestObject("Object Repository/RAD_Pages/PaymentEntry_Page/input_billingCity"), "value"): Attribute 'value' of object 'Object Repository/RAD_Pages/PaymentEntry_Page/input_billingCity' is: 'GAMBRILLS'

2023-09-12 17:06:54 - [MESSAGE][PASSED] - Attribute 'value' of object 'Object Repository/RAD_Pages/PaymentEntry_Page/input_billingCity' is: 'GAMBRILLS'

2023-09-12 17:06:54 - [TEST_STEP][PASSED] - verifyMatch("GAMBRILLS", city, false): Actual text 'GAMBRILLS' and expected text 'GAMBRILLS' are matched 

2023-09-12 17:06:54 - [MESSAGE][PASSED] - Actual text 'GAMBRILLS' and expected text 'GAMBRILLS' are matched 

2023-09-12 17:06:54 - [TEST_STEP][PASSED] - email = getAttribute(findTestObject("Object Repository/RAD_Pages/PaymentEntry_Page/input_emailAddress"), "value"): Attribute 'value' of object 'Object Repository/RAD_Pages/PaymentEntry_Page/input_emailAddress' is: 'iahmed@govolution.com'

2023-09-12 17:06:55 - [MESSAGE][PASSED] - Attribute 'value' of object 'Object Repository/RAD_Pages/PaymentEntry_Page/input_emailAddress' is: 'iahmed@govolution.com'

2023-09-12 17:06:55 - [TEST_STEP][PASSED] - verifyMatch("iahmed@govolution.com", email, false): Actual text 'iahmed@govolution.com' and expected text 'iahmed@govolution.com' are matched 

2023-09-12 17:06:55 - [MESSAGE][PASSED] - Actual text 'iahmed@govolution.com' and expected text 'iahmed@govolution.com' are matched 

2023-09-12 17:06:55 - [TEST_STEP][PASSED] - amount = getAttribute(findTestObject("Object Repository/RAD_Pages/PaymentEntry_Page/input_amount"), "value"): Attribute 'value' of object 'Object Repository/RAD_Pages/PaymentEntry_Page/input_amount' is: '100.00'

2023-09-12 17:06:55 - [MESSAGE][PASSED] - Attribute 'value' of object 'Object Repository/RAD_Pages/PaymentEntry_Page/input_amount' is: '100.00'

2023-09-12 17:06:55 - [TEST_STEP][PASSED] - verifyMatch("100.00", amount, false): Actual text '100.00' and expected text '100.00' are matched 

2023-09-12 17:06:55 - [MESSAGE][PASSED] - Actual text '100.00' and expected text '100.00' are matched 

2023-09-12 17:06:55 - [TEST_STEP][PASSED] - amountReadOnly = getAttribute(findTestObject("Object Repository/RAD_Pages/PaymentEntry_Page/input_amount"), "readonly"): Attribute 'readonly' of object 'Object Repository/RAD_Pages/PaymentEntry_Page/input_amount' is: 'true'

2023-09-12 17:06:55 - [MESSAGE][PASSED] - Attribute 'readonly' of object 'Object Repository/RAD_Pages/PaymentEntry_Page/input_amount' is: 'true'

2023-09-12 17:06:55 - [TEST_STEP][PASSED] - verifyMatch("true", amountReadOnly, false): Actual text 'true' and expected text 'true' are matched 

2023-09-12 17:06:55 - [MESSAGE][PASSED] - Actual text 'true' and expected text 'true' are matched 

2023-09-12 17:06:55 - [TEST_STEP][PASSED] - verifyOptionSelectedByLabel(findTestObject("Object Repository/RAD_Pages/PaymentEntry_Page/select_Country"), "United States", false, 20): All options with label 'United States' are selected in object 'Object Repository/RAD_Pages/PaymentEntry_Page/select_Country' 

2023-09-12 17:06:56 - [MESSAGE][PASSED] - All options with label 'United States' are selected in object 'Object Repository/RAD_Pages/PaymentEntry_Page/select_Country' 

2023-09-12 17:06:56 - [TEST_STEP][PASSED] - verifyOptionSelectedByLabel(findTestObject("Object Repository/RAD_Pages/PaymentEntry_Page/select_State"), "Maryland", false, 20): All options with label 'Maryland' are selected in object 'Object Repository/RAD_Pages/PaymentEntry_Page/select_State' 

2023-09-12 17:06:59 - [MESSAGE][PASSED] - All options with label 'Maryland' are selected in object 'Object Repository/RAD_Pages/PaymentEntry_Page/select_State' 

2023-09-12 17:06:59 - [TEST_STEP][PASSED] - setText(findTestObject("Object Repository/RAD_Pages/PaymentEntry_Page/input__billingName"), "Anthony Gonzalez"): Text 'Anthony Gonzalez' is set on object 'Object Repository/RAD_Pages/PaymentEntry_Page/input__billingName'

2023-09-12 17:07:00 - [MESSAGE][PASSED] - Text 'Anthony Gonzalez' is set on object 'Object Repository/RAD_Pages/PaymentEntry_Page/input__billingName'

2023-09-12 17:07:00 - [TEST_STEP][PASSED] - setText(findTestObject(orPath_PaymentEntry + "/input__cardNumber"), "4111111111111111"): Text '4111111111111111' is set on object 'Object Repository/RAD_Pages/PaymentEntry_Page/input__cardNumber'

2023-09-12 17:07:01 - [MESSAGE][PASSED] - Text '4111111111111111' is set on object 'Object Repository/RAD_Pages/PaymentEntry_Page/input__cardNumber'

2023-09-12 17:07:01 - [TEST_STEP][PASSED] - setText(findTestObject(orPath_PaymentEntry + "/input__spc"), "123"): Text '123' is set on object 'Object Repository/RAD_Pages/PaymentEntry_Page/input__spc'

2023-09-12 17:07:01 - [MESSAGE][PASSED] - Text '123' is set on object 'Object Repository/RAD_Pages/PaymentEntry_Page/input__spc'

2023-09-12 17:07:01 - [TEST_STEP][PASSED] - selectOptionByLabel(findTestObject(orPath_PaymentEntry + "/select_MM"), "12", false): All options with label '12' are selected in object 'Object Repository/RAD_Pages/PaymentEntry_Page/select_MM' 

2023-09-12 17:07:02 - [MESSAGE][PASSED] - All options with label '12' are selected in object 'Object Repository/RAD_Pages/PaymentEntry_Page/select_MM' 

2023-09-12 17:07:02 - [TEST_STEP][PASSED] - selectOptionByLabel(findTestObject(orPath_PaymentEntry + "/select_YYYY"), "2028", false): All options with label '2028' are selected in object 'Object Repository/RAD_Pages/PaymentEntry_Page/select_YYYY' 

2023-09-12 17:07:03 - [MESSAGE][PASSED] - All options with label '2028' are selected in object 'Object Repository/RAD_Pages/PaymentEntry_Page/select_YYYY' 

2023-09-12 17:07:03 - [TEST_STEP][PASSED] - click(findTestObject(orPath_PaymentEntry + "/input_Field_ccSubmit")): Object: 'Object Repository/RAD_Pages/PaymentEntry_Page/input_Field_ccSubmit' is clicked on

2023-09-12 17:07:03 - [MESSAGE][PASSED] - Object: 'Object Repository/RAD_Pages/PaymentEntry_Page/input_Field_ccSubmit' is clicked on

2023-09-12 17:07:03 - [TEST_STEP][PASSED] - click(findTestObject(orPath_PaymentConfirmation + "/input_N_confirmNotifyAction")): Object: 'Object Repository/RAD_Pages/PaymentConfirmation_Page/input_N_confirmNotifyAction' is clicked on

2023-09-12 17:07:05 - [MESSAGE][PASSED] - Object: 'Object Repository/RAD_Pages/PaymentConfirmation_Page/input_N_confirmNotifyAction' is clicked on

2023-09-12 17:07:05 - [TEST_STEP][PASSED] - verifyTextPresent("Service Fee Acceptance", true): Text 'Service Fee Acceptance' is present on page  using regular expression

2023-09-12 17:07:06 - [MESSAGE][PASSED] - Text 'Service Fee Acceptance' is present on page  using regular expression

2023-09-12 17:07:06 - [TEST_STEP][PASSED] - verifyTextPresent("This transaction is subject to a Service Fee of ", true): Text 'This transaction is subject to a Service Fee of ' is present on page  using regular expression

2023-09-12 17:07:06 - [MESSAGE][PASSED] - Text 'This transaction is subject to a Service Fee of ' is present on page  using regular expression

2023-09-12 17:07:06 - [TEST_STEP][PASSED] - verifyTextPresent("Payment Amount:", true): Text 'Payment Amount:' is present on page  using regular expression

2023-09-12 17:07:06 - [MESSAGE][PASSED] - Text 'Payment Amount:' is present on page  using regular expression

2023-09-12 17:07:06 - [TEST_STEP][PASSED] - verifyTextPresent("100.00", true): Text '100.00' is present on page  using regular expression

2023-09-12 17:07:07 - [MESSAGE][PASSED] - Text '100.00' is present on page  using regular expression

2023-09-12 17:07:07 - [TEST_STEP][PASSED] - verifyTextPresent("Service Fee:", true): Text 'Service Fee:' is present on page  using regular expression

2023-09-12 17:07:07 - [MESSAGE][PASSED] - Text 'Service Fee:' is present on page  using regular expression

2023-09-12 17:07:07 - [TEST_STEP][PASSED] - verifyTextPresent("2.45", true): Text '2.45' is present on page  using regular expression

2023-09-12 17:07:07 - [MESSAGE][PASSED] - Text '2.45' is present on page  using regular expression

2023-09-12 17:07:07 - [TEST_STEP][PASSED] - verifyTextPresent("Total Amount:", true): Text 'Total Amount:' is present on page  using regular expression

2023-09-12 17:07:08 - [MESSAGE][PASSED] - Text 'Total Amount:' is present on page  using regular expression

2023-09-12 17:07:08 - [TEST_STEP][PASSED] - verifyTextPresent("102.45", true): Text '102.45' is present on page  using regular expression

2023-09-12 17:07:08 - [MESSAGE][PASSED] - Text '102.45' is present on page  using regular expression

2023-09-12 17:07:08 - [TEST_STEP][PASSED] - verifyTextPresent("Two transactions will appear on your bank statement, one in the amount of", true): Text 'Two transactions will appear on your bank statement, one in the amount of' is present on page  using regular expression

2023-09-12 17:07:08 - [MESSAGE][PASSED] - Text 'Two transactions will appear on your bank statement, one in the amount of' is present on page  using regular expression

2023-09-12 17:07:08 - [TEST_STEP][PASSED] - verifyElementPresent(findTestObject(orPath_ServiceFeesAccept + "/input_convFeeNotifyAction"), 30): Object 'Object Repository/RAD_Pages/ServiceFeeAccept_Page/input_convFeeNotifyAction' is present

2023-09-12 17:07:08 - [MESSAGE][PASSED] - Object 'Object Repository/RAD_Pages/ServiceFeeAccept_Page/input_convFeeNotifyAction' is present

2023-09-12 17:07:08 - [TEST_STEP][PASSED] - ExecuteTC = findTestData(dataFile).getValue("Execute", row): null

2023-09-12 17:07:08 - [TEST_STEP][PASSED] - TaxType = findTestData(dataFile).getValue("TaxType", row): null

2023-09-12 17:07:09 - [TEST_STEP][PASSED] - PaymentType = findTestData(dataFile).getValue("PaymentType", row): null

2023-09-12 17:07:09 - [TEST_STEP][PASSED] - FilingYear = findTestData(dataFile).getValue("Year", row): null

2023-09-12 17:07:09 - [TEST_STEP][PASSED] - if (ExecuteTC.equalsIgnoreCase("Y")): Object 'Object Repository/RAD_Pages/ServiceFeeAccept_Page/input_convFeeNotifyAction' is present

2023-09-12 17:07:09 - [TEST_STEP][PASSED] - out.println("Begin Record Number: " + row): null

2023-09-12 17:07:09 - [TEST_STEP][PASSED] - today = new java.util.Date(): null

2023-09-12 17:07:09 - [TEST_STEP][PASSED] - println(today): null

2023-09-12 17:07:09 - [TEST_STEP][PASSED] - datText = today: null

2023-09-12 17:07:09 - [TEST_STEP][PASSED] - logInfo("Payment Type: New Tax Return Amount Due"): Payment Type: New Tax Return Amount Due

2023-09-12 17:07:09 - [MESSAGE][INFO] - Payment Type: New Tax Return Amount Due

2023-09-12 17:07:09 - [TEST_STEP][PASSED] - logInfo("Tax Type: " + TaxType): Tax Type: PTE Tax Electing Non-S Corp

2023-09-12 17:07:09 - [MESSAGE][INFO] - Tax Type: PTE Tax Electing Non-S Corp

2023-09-12 17:07:09 - [TEST_STEP][PASSED] - openBrowser(""): Browser is opened with url: ''

2023-09-12 17:07:09 - [MESSAGE][WARNING] - A browser is already opened. Closing browser and opening a new one

2023-09-12 17:07:10 - [MESSAGE][INFO] - Starting 'Chrome' driver

2023-09-12 17:07:10 - [MESSAGE][INFO] - User set preference: ['acceptInsecureCerts', 'true']

2023-09-12 17:07:10 - [MESSAGE][INFO] - Action delay is set to 0 milliseconds

2023-09-12 17:07:11 - [MESSAGE][PASSED] - Browser is opened with url: ''

2023-09-12 17:07:11 - [TEST_STEP][PASSED] - maximizeWindow(): Current window maximized

2023-09-12 17:07:11 - [MESSAGE][PASSED] - Current window maximized

2023-09-12 17:07:11 - [TEST_STEP][PASSED] - navigateToUrl(RADurl): Navigate to 'https://demo.velocitypayment.com/client/rad/index.html' successfully

2023-09-12 17:07:13 - [MESSAGE][PASSED] - Navigate to 'https://demo.velocitypayment.com/client/rad/index.html' successfully

2023-09-12 17:07:13 - [TEST_STEP][PASSED] - selectOptionByLabel(findTestObject(orPath_Landing + "/dd_TaxType"), "New Tax Return Amount Due", false): All options with label 'New Tax Return Amount Due' are selected in object 'Object Repository/RAD_Pages/Landing_Page/dd_TaxType' 

2023-09-12 17:07:13 - [MESSAGE][PASSED] - All options with label 'New Tax Return Amount Due' are selected in object 'Object Repository/RAD_Pages/Landing_Page/dd_TaxType' 

2023-09-12 17:07:13 - [TEST_STEP][PASSED] - selectOptionByLabel(findTestObject("Object Repository/RAD_Pages/Landing_Page/select_NewTaxReturnAmountDue_TaxType"), TaxType, false): All options with label 'PTE Tax Electing Non-S Corp' are selected in object 'Object Repository/RAD_Pages/Landing_Page/select_NewTaxReturnAmountDue_TaxType' 

2023-09-12 17:07:14 - [MESSAGE][PASSED] - All options with label 'PTE Tax Electing Non-S Corp' are selected in object 'Object Repository/RAD_Pages/Landing_Page/select_NewTaxReturnAmountDue_TaxType' 

2023-09-12 17:07:14 - [TEST_STEP][PASSED] - selectOptionByLabel(findTestObject(orPath_TaxTypeFilingYear + "/select_FilingYear"), FilingYear, false): All options with label '2021' are selected in object 'Object Repository/RAD_Pages/TaxTypeFilingYear_Page/select_FilingYear' 

2023-09-12 17:07:15 - [MESSAGE][PASSED] - All options with label '2021' are selected in object 'Object Repository/RAD_Pages/TaxTypeFilingYear_Page/select_FilingYear' 

2023-09-12 17:07:15 - [TEST_STEP][PASSED] - rad.getSetDataRAD.setDataRADBusinessName(): rad.getSetDataRAD.setDataRADBusinessName is PASSED

2023-09-12 17:07:16 - [MESSAGE][PASSED] - Text 'My Company' is set on object 'Object Repository/RAD_Pages/Taxpayer_Page/input_businessName'

2023-09-12 17:07:16 - [MESSAGE][PASSED] - rad.getSetDataRAD.setDataRADBusinessName is PASSED

2023-09-12 17:07:16 - [TEST_STEP][PASSED] - rad.getSetDataRAD.setDataRADAddress(): rad.getSetDataRAD.setDataRADAddress is PASSED

2023-09-12 17:07:17 - [MESSAGE][PASSED] - All options with label 'United States' are selected in object 'Object Repository/RAD_Pages/AddressAndContactInfo_Page/select_Country' 

2023-09-12 17:07:18 - [MESSAGE][PASSED] - Text '2508 Mandan Terrace' is set on object 'Object Repository/RAD_Pages/AddressAndContactInfo_Page/input_streetAddress1'

2023-09-12 17:07:19 - [MESSAGE][PASSED] - Text '' is set on object 'Object Repository/RAD_Pages/AddressAndContactInfo_Page/input_streetAddress2'

2023-09-12 17:07:20 - [MESSAGE][PASSED] - Text 'Gambrills' is set on object 'Object Repository/RAD_Pages/AddressAndContactInfo_Page/input_city'

2023-09-12 17:07:21 - [MESSAGE][PASSED] - All options with label 'Maryland' are selected in object 'Object Repository/RAD_Pages/AddressAndContactInfo_Page/select_State' 

2023-09-12 17:07:22 - [MESSAGE][PASSED] - Text '21054' is set on object 'Object Repository/RAD_Pages/AddressAndContactInfo_Page/input_zipCode'

2023-09-12 17:07:22 - [MESSAGE][PASSED] - Text '(703) 894-5000' is set on object 'Object Repository/RAD_Pages/AddressAndContactInfo_Page/input_phoneNumber'

2023-09-12 17:07:24 - [MESSAGE][PASSED] - Text 'iahmed@govolution.com' is set on object 'Object Repository/RAD_Pages/AddressAndContactInfo_Page/input_eMailAddress'

2023-09-12 17:07:25 - [MESSAGE][PASSED] - Text 'iahmed@govolution.com' is set on object 'Object Repository/RAD_Pages/AddressAndContactInfo_Page/input_reEnterEMailAddress'

2023-09-12 17:07:25 - [MESSAGE][PASSED] - rad.getSetDataRAD.setDataRADAddress is PASSED

2023-09-12 17:07:25 - [TEST_STEP][PASSED] - rad.getSetDataRAD.setDataRADFEIN(): rad.getSetDataRAD.setDataRADFEIN is PASSED

2023-09-12 17:07:25 - [MESSAGE][PASSED] - Text ****** has been set on object 'Object Repository/RAD_Pages/TaxInfo_Page/input_FederalEIN'

2023-09-12 17:07:26 - [MESSAGE][PASSED] - Text ****** has been set on object 'Object Repository/RAD_Pages/TaxInfo_Page/input_FederalEIN_ReEnter'

2023-09-12 17:07:26 - [MESSAGE][PASSED] - rad.getSetDataRAD.setDataRADFEIN is PASSED

2023-09-12 17:07:26 - [TEST_STEP][PASSED] - setText(findTestObject(orPath_Amount + "/input__paymentAmount"), "100.00"): Text '100.00' is set on object 'Object Repository/RAD_Pages/PaymentAmount_Page/input__paymentAmount'

2023-09-12 17:07:27 - [MESSAGE][PASSED] - Text '100.00' is set on object 'Object Repository/RAD_Pages/PaymentAmount_Page/input__paymentAmount'

2023-09-12 17:07:27 - [TEST_STEP][PASSED] - setText(findTestObject(orPath_AddressContact + "/input_streetAddress2"), ""): Text '' is set on object 'Object Repository/RAD_Pages/AddressAndContactInfo_Page/input_streetAddress2'

2023-09-12 17:07:28 - [MESSAGE][PASSED] - Text '' is set on object 'Object Repository/RAD_Pages/AddressAndContactInfo_Page/input_streetAddress2'

2023-09-12 17:07:28 - [TEST_STEP][PASSED] - scrollToElement(findTestObject(orPath_Landing + "/button_Continue"), 3): Scroll to object 'Object Repository/RAD_Pages/Landing_Page/button_Continue' successfully

2023-09-12 17:07:28 - [MESSAGE][PASSED] - Scroll to object 'Object Repository/RAD_Pages/Landing_Page/button_Continue' successfully

2023-09-12 17:07:28 - [TEST_STEP][PASSED] - waitForElementClickable(findTestObject(orPath_Landing + "/button_Continue"), 5): Object 'Object Repository/RAD_Pages/Landing_Page/button_Continue' is clickable

2023-09-12 17:07:28 - [MESSAGE][PASSED] - Object 'Object Repository/RAD_Pages/Landing_Page/button_Continue' is clickable

2023-09-12 17:07:28 - [TEST_STEP][PASSED] - click(findTestObject(orPath_Landing + "/button_Continue")): Object: 'Object Repository/RAD_Pages/Landing_Page/button_Continue' is clicked on

2023-09-12 17:07:29 - [MESSAGE][PASSED] - Object: 'Object Repository/RAD_Pages/Landing_Page/button_Continue' is clicked on

2023-09-12 17:07:29 - [TEST_STEP][PASSED] - delay(2): Delayed 2 second(s)

2023-09-12 17:07:31 - [MESSAGE][PASSED] - Delayed 2 second(s)

2023-09-12 17:07:31 - [TEST_STEP][PASSED] - verifyTextPresent("Summary", true): Text 'Summary' is present on page  using regular expression

2023-09-12 17:07:31 - [MESSAGE][PASSED] - Text 'Summary' is present on page  using regular expression

2023-09-12 17:07:31 - [TEST_STEP][PASSED] - verifyTextPresent("Review the information below and make any necessary corrections by clicking the", true): Text 'Review the information below and make any necessary corrections by clicking the' is present on page  using regular expression

2023-09-12 17:07:32 - [MESSAGE][PASSED] - Text 'Review the information below and make any necessary corrections by clicking the' is present on page  using regular expression

2023-09-12 17:07:32 - [TEST_STEP][PASSED] - verifyTextPresent("When you are confident that all the information is correct, click the", true): Text 'When you are confident that all the information is correct, click the' is present on page  using regular expression

2023-09-12 17:07:32 - [MESSAGE][PASSED] - Text 'When you are confident that all the information is correct, click the' is present on page  using regular expression

2023-09-12 17:07:32 - [TEST_STEP][PASSED] - verifyTextPresent("Payment Type/Filing Year", true): Text 'Payment Type/Filing Year' is present on page  using regular expression

2023-09-12 17:07:32 - [MESSAGE][PASSED] - Text 'Payment Type/Filing Year' is present on page  using regular expression

2023-09-12 17:07:32 - [TEST_STEP][PASSED] - verifyTextPresent("Payment Type:", true): Text 'Payment Type:' is present on page  using regular expression

2023-09-12 17:07:33 - [MESSAGE][PASSED] - Text 'Payment Type:' is present on page  using regular expression

2023-09-12 17:07:33 - [TEST_STEP][PASSED] - verifyTextPresent("New Tax Return Amount Due", true): Text 'New Tax Return Amount Due' is present on page  using regular expression

2023-09-12 17:07:33 - [MESSAGE][PASSED] - Text 'New Tax Return Amount Due' is present on page  using regular expression

2023-09-12 17:07:33 - [TEST_STEP][PASSED] - verifyTextPresent("Filing Year:", true): Text 'Filing Year:' is present on page  using regular expression

2023-09-12 17:07:33 - [MESSAGE][PASSED] - Text 'Filing Year:' is present on page  using regular expression

2023-09-12 17:07:33 - [TEST_STEP][PASSED] - verifyTextPresent(FilingYear, true): Text '2021' is present on page  using regular expression

2023-09-12 17:07:34 - [MESSAGE][PASSED] - Text '2021' is present on page  using regular expression

2023-09-12 17:07:34 - [TEST_STEP][PASSED] - verifyTextPresent("Payer Information", true): Text 'Payer Information' is present on page  using regular expression

2023-09-12 17:07:34 - [MESSAGE][PASSED] - Text 'Payer Information' is present on page  using regular expression

2023-09-12 17:07:34 - [TEST_STEP][PASSED] - verifyTextPresent("Taxpayer Name:", true): Text 'Taxpayer Name:' is present on page  using regular expression

2023-09-12 17:07:35 - [MESSAGE][PASSED] - Text 'Taxpayer Name:' is present on page  using regular expression

2023-09-12 17:07:35 - [TEST_STEP][PASSED] - verifyTextPresent("My Company", true): Text 'My Company' is present on page  using regular expression

2023-09-12 17:07:35 - [MESSAGE][PASSED] - Text 'My Company' is present on page  using regular expression

2023-09-12 17:07:35 - [TEST_STEP][PASSED] - verifyTextPresent("Taxpayer Address:", true): Text 'Taxpayer Address:' is present on page  using regular expression

2023-09-12 17:07:35 - [MESSAGE][PASSED] - Text 'Taxpayer Address:' is present on page  using regular expression

2023-09-12 17:07:35 - [TEST_STEP][PASSED] - verifyTextPresent("2508 Mandan Terrace Gambrills Maryland 21054", true): Text '2508 Mandan Terrace Gambrills Maryland 21054' is present on page  using regular expression

2023-09-12 17:07:36 - [MESSAGE][PASSED] - Text '2508 Mandan Terrace Gambrills Maryland 21054' is present on page  using regular expression

2023-09-12 17:07:36 - [TEST_STEP][PASSED] - verifyTextPresent("Email:", true): Text 'Email:' is present on page  using regular expression

2023-09-12 17:07:36 - [MESSAGE][PASSED] - Text 'Email:' is present on page  using regular expression

2023-09-12 17:07:36 - [TEST_STEP][PASSED] - verifyTextPresent("iahmed@govolution.com", true): Text 'iahmed@govolution.com' is present on page  using regular expression

2023-09-12 17:07:36 - [MESSAGE][PASSED] - Text 'iahmed@govolution.com' is present on page  using regular expression

2023-09-12 17:07:36 - [TEST_STEP][PASSED] - verifyTextPresent("Phone:", true): Text 'Phone:' is present on page  using regular expression

2023-09-12 17:07:37 - [MESSAGE][PASSED] - Text 'Phone:' is present on page  using regular expression

2023-09-12 17:07:37 - [TEST_STEP][PASSED] - verifyTextPresent("(703) 894-5000", false): Text '(703) 894-5000' is present on page 

2023-09-12 17:07:37 - [MESSAGE][PASSED] - Text '(703) 894-5000' is present on page 

2023-09-12 17:07:37 - [TEST_STEP][PASSED] - verifyTextPresent("Tax Information", true): Text 'Tax Information' is present on page  using regular expression

2023-09-12 17:07:37 - [MESSAGE][PASSED] - Text 'Tax Information' is present on page  using regular expression

2023-09-12 17:07:37 - [TEST_STEP][PASSED] - verifyTextPresent("Federal EIN:", true): Text 'Federal EIN:' is present on page  using regular expression

2023-09-12 17:07:38 - [MESSAGE][PASSED] - Text 'Federal EIN:' is present on page  using regular expression

2023-09-12 17:07:38 - [TEST_STEP][PASSED] - verifyTextPresent("Payment Amount:", true): Text 'Payment Amount:' is present on page  using regular expression

2023-09-12 17:07:38 - [MESSAGE][PASSED] - Text 'Payment Amount:' is present on page  using regular expression

2023-09-12 17:07:38 - [TEST_STEP][PASSED] - verifyTextPresent("100.00", true): Text '100.00' is present on page  using regular expression

2023-09-12 17:07:39 - [MESSAGE][PASSED] - Text '100.00' is present on page  using regular expression

2023-09-12 17:07:39 - [TEST_STEP][PASSED] - click(findTestObject(orPath_Summary + "/button_Proceed to Payment")): Object: 'Object Repository/RAD_Pages/Summary_Page/button_Proceed to Payment' is clicked on

2023-09-12 17:07:40 - [MESSAGE][PASSED] - Object: 'Object Repository/RAD_Pages/Summary_Page/button_Proceed to Payment' is clicked on

2023-09-12 17:07:40 - [TEST_STEP][PASSED] - verifyTextPresent("Comptroller of Maryland", true): Text 'Comptroller of Maryland' is present on page  using regular expression

2023-09-12 17:07:40 - [MESSAGE][PASSED] - Text 'Comptroller of Maryland' is present on page  using regular expression

2023-09-12 17:07:40 - [TEST_STEP][PASSED] - verifyTextPresent("Revenue Administration Division", true): Text 'Revenue Administration Division' is present on page  using regular expression

2023-09-12 17:07:40 - [MESSAGE][PASSED] - Text 'Revenue Administration Division' is present on page  using regular expression

2023-09-12 17:07:40 - [TEST_STEP][PASSED] - verifyTextPresent("Payment Information", true): Text 'Payment Information' is present on page  using regular expression

2023-09-12 17:07:41 - [MESSAGE][PASSED] - Text 'Payment Information' is present on page  using regular expression

2023-09-12 17:07:41 - [TEST_STEP][PASSED] - card_Name = getAttribute(findTestObject("Object Repository/RAD_Pages/PaymentEntry_Page/input__billingName"), "value"): Attribute 'value' of object 'Object Repository/RAD_Pages/PaymentEntry_Page/input__billingName' is: ''

2023-09-12 17:07:41 - [MESSAGE][PASSED] - Attribute 'value' of object 'Object Repository/RAD_Pages/PaymentEntry_Page/input__billingName' is: ''

2023-09-12 17:07:41 - [TEST_STEP][PASSED] - verifyMatch("", card_Name, false): Actual text '' and expected text '' are matched 

2023-09-12 17:07:41 - [MESSAGE][PASSED] - Actual text '' and expected text '' are matched 

2023-09-12 17:07:41 - [TEST_STEP][PASSED] - AL1 = getAttribute(findTestObject("Object Repository/RAD_Pages/PaymentEntry_Page/input_billingAddress"), "value"): Attribute 'value' of object 'Object Repository/RAD_Pages/PaymentEntry_Page/input_billingAddress' is: '2508 Mandan Terrace'

2023-09-12 17:07:41 - [MESSAGE][PASSED] - Attribute 'value' of object 'Object Repository/RAD_Pages/PaymentEntry_Page/input_billingAddress' is: '2508 Mandan Terrace'

2023-09-12 17:07:41 - [TEST_STEP][PASSED] - verifyMatch("2508 Mandan Terrace", AL1, false): Actual text '2508 Mandan Terrace' and expected text '2508 Mandan Terrace' are matched 

2023-09-12 17:07:41 - [MESSAGE][PASSED] - Actual text '2508 Mandan Terrace' and expected text '2508 Mandan Terrace' are matched 

2023-09-12 17:07:41 - [TEST_STEP][PASSED] - AL2 = getAttribute(findTestObject("Object Repository/RAD_Pages/PaymentEntry_Page/input_billingAddress2"), "value"): Attribute 'value' of object 'Object Repository/RAD_Pages/PaymentEntry_Page/input_billingAddress2' is: ''

2023-09-12 17:07:42 - [MESSAGE][PASSED] - Attribute 'value' of object 'Object Repository/RAD_Pages/PaymentEntry_Page/input_billingAddress2' is: ''

2023-09-12 17:07:42 - [TEST_STEP][PASSED] - verifyMatch("", AL2, false): Actual text '' and expected text '' are matched 

2023-09-12 17:07:42 - [MESSAGE][PASSED] - Actual text '' and expected text '' are matched 

2023-09-12 17:07:42 - [TEST_STEP][PASSED] - zipCode = getAttribute(findTestObject("Object Repository/RAD_Pages/PaymentEntry_Page/input_billingZip"), "value"): Attribute 'value' of object 'Object Repository/RAD_Pages/PaymentEntry_Page/input_billingZip' is: '21054'

2023-09-12 17:07:42 - [MESSAGE][PASSED] - Attribute 'value' of object 'Object Repository/RAD_Pages/PaymentEntry_Page/input_billingZip' is: '21054'

2023-09-12 17:07:42 - [TEST_STEP][PASSED] - verifyMatch("21054", zipCode, false): Actual text '21054' and expected text '21054' are matched 

2023-09-12 17:07:42 - [MESSAGE][PASSED] - Actual text '21054' and expected text '21054' are matched 

2023-09-12 17:07:42 - [TEST_STEP][PASSED] - city = getAttribute(findTestObject("Object Repository/RAD_Pages/PaymentEntry_Page/input_billingCity"), "value"): Attribute 'value' of object 'Object Repository/RAD_Pages/PaymentEntry_Page/input_billingCity' is: 'GAMBRILLS'

2023-09-12 17:07:42 - [MESSAGE][PASSED] - Attribute 'value' of object 'Object Repository/RAD_Pages/PaymentEntry_Page/input_billingCity' is: 'GAMBRILLS'

2023-09-12 17:07:42 - [TEST_STEP][PASSED] - verifyMatch("GAMBRILLS", city, false): Actual text 'GAMBRILLS' and expected text 'GAMBRILLS' are matched 

2023-09-12 17:07:42 - [MESSAGE][PASSED] - Actual text 'GAMBRILLS' and expected text 'GAMBRILLS' are matched 

2023-09-12 17:07:42 - [TEST_STEP][PASSED] - email = getAttribute(findTestObject("Object Repository/RAD_Pages/PaymentEntry_Page/input_emailAddress"), "value"): Attribute 'value' of object 'Object Repository/RAD_Pages/PaymentEntry_Page/input_emailAddress' is: 'iahmed@govolution.com'

2023-09-12 17:07:43 - [MESSAGE][PASSED] - Attribute 'value' of object 'Object Repository/RAD_Pages/PaymentEntry_Page/input_emailAddress' is: 'iahmed@govolution.com'

2023-09-12 17:07:43 - [TEST_STEP][PASSED] - verifyMatch("iahmed@govolution.com", email, false): Actual text 'iahmed@govolution.com' and expected text 'iahmed@govolution.com' are matched 

2023-09-12 17:07:43 - [MESSAGE][PASSED] - Actual text 'iahmed@govolution.com' and expected text 'iahmed@govolution.com' are matched 

2023-09-12 17:07:43 - [TEST_STEP][PASSED] - amount = getAttribute(findTestObject("Object Repository/RAD_Pages/PaymentEntry_Page/input_amount"), "value"): Attribute 'value' of object 'Object Repository/RAD_Pages/PaymentEntry_Page/input_amount' is: '100.00'

2023-09-12 17:07:43 - [MESSAGE][PASSED] - Attribute 'value' of object 'Object Repository/RAD_Pages/PaymentEntry_Page/input_amount' is: '100.00'

2023-09-12 17:07:43 - [TEST_STEP][PASSED] - verifyMatch("100.00", amount, false): Actual text '100.00' and expected text '100.00' are matched 

2023-09-12 17:07:43 - [MESSAGE][PASSED] - Actual text '100.00' and expected text '100.00' are matched 

2023-09-12 17:07:43 - [TEST_STEP][PASSED] - amountReadOnly = getAttribute(findTestObject("Object Repository/RAD_Pages/PaymentEntry_Page/input_amount"), "readonly"): Attribute 'readonly' of object 'Object Repository/RAD_Pages/PaymentEntry_Page/input_amount' is: 'true'

2023-09-12 17:07:43 - [MESSAGE][PASSED] - Attribute 'readonly' of object 'Object Repository/RAD_Pages/PaymentEntry_Page/input_amount' is: 'true'

2023-09-12 17:07:43 - [TEST_STEP][PASSED] - verifyMatch("true", amountReadOnly, false): Actual text 'true' and expected text 'true' are matched 

2023-09-12 17:07:43 - [MESSAGE][PASSED] - Actual text 'true' and expected text 'true' are matched 

2023-09-12 17:07:43 - [TEST_STEP][PASSED] - verifyOptionSelectedByLabel(findTestObject("Object Repository/RAD_Pages/PaymentEntry_Page/select_Country"), "United States", false, 20): All options with label 'United States' are selected in object 'Object Repository/RAD_Pages/PaymentEntry_Page/select_Country' 

2023-09-12 17:07:45 - [MESSAGE][PASSED] - All options with label 'United States' are selected in object 'Object Repository/RAD_Pages/PaymentEntry_Page/select_Country' 

2023-09-12 17:07:45 - [TEST_STEP][PASSED] - verifyOptionSelectedByLabel(findTestObject("Object Repository/RAD_Pages/PaymentEntry_Page/select_State"), "Maryland", false, 20): All options with label 'Maryland' are selected in object 'Object Repository/RAD_Pages/PaymentEntry_Page/select_State' 

2023-09-12 17:07:47 - [MESSAGE][PASSED] - All options with label 'Maryland' are selected in object 'Object Repository/RAD_Pages/PaymentEntry_Page/select_State' 

2023-09-12 17:07:47 - [TEST_STEP][PASSED] - setText(findTestObject("Object Repository/RAD_Pages/PaymentEntry_Page/input__billingName"), "Anthony Gonzalez"): Text 'Anthony Gonzalez' is set on object 'Object Repository/RAD_Pages/PaymentEntry_Page/input__billingName'

2023-09-12 17:07:48 - [MESSAGE][PASSED] - Text 'Anthony Gonzalez' is set on object 'Object Repository/RAD_Pages/PaymentEntry_Page/input__billingName'

2023-09-12 17:07:48 - [TEST_STEP][PASSED] - setText(findTestObject(orPath_PaymentEntry + "/input__cardNumber"), "4111111111111111"): Text '4111111111111111' is set on object 'Object Repository/RAD_Pages/PaymentEntry_Page/input__cardNumber'

2023-09-12 17:07:49 - [MESSAGE][PASSED] - Text '4111111111111111' is set on object 'Object Repository/RAD_Pages/PaymentEntry_Page/input__cardNumber'

2023-09-12 17:07:49 - [TEST_STEP][PASSED] - setText(findTestObject(orPath_PaymentEntry + "/input__spc"), "123"): Text '123' is set on object 'Object Repository/RAD_Pages/PaymentEntry_Page/input__spc'

2023-09-12 17:07:49 - [MESSAGE][PASSED] - Text '123' is set on object 'Object Repository/RAD_Pages/PaymentEntry_Page/input__spc'

2023-09-12 17:07:49 - [TEST_STEP][PASSED] - selectOptionByLabel(findTestObject(orPath_PaymentEntry + "/select_MM"), "12", false): All options with label '12' are selected in object 'Object Repository/RAD_Pages/PaymentEntry_Page/select_MM' 

2023-09-12 17:07:50 - [MESSAGE][PASSED] - All options with label '12' are selected in object 'Object Repository/RAD_Pages/PaymentEntry_Page/select_MM' 

2023-09-12 17:07:50 - [TEST_STEP][PASSED] - selectOptionByLabel(findTestObject(orPath_PaymentEntry + "/select_YYYY"), "2028", false): All options with label '2028' are selected in object 'Object Repository/RAD_Pages/PaymentEntry_Page/select_YYYY' 

2023-09-12 17:07:51 - [MESSAGE][PASSED] - All options with label '2028' are selected in object 'Object Repository/RAD_Pages/PaymentEntry_Page/select_YYYY' 

2023-09-12 17:07:51 - [TEST_STEP][PASSED] - click(findTestObject(orPath_PaymentEntry + "/input_Field_ccSubmit")): Object: 'Object Repository/RAD_Pages/PaymentEntry_Page/input_Field_ccSubmit' is clicked on

2023-09-12 17:07:52 - [MESSAGE][PASSED] - Object: 'Object Repository/RAD_Pages/PaymentEntry_Page/input_Field_ccSubmit' is clicked on

2023-09-12 17:07:52 - [TEST_STEP][PASSED] - click(findTestObject(orPath_PaymentConfirmation + "/input_N_confirmNotifyAction")): Object: 'Object Repository/RAD_Pages/PaymentConfirmation_Page/input_N_confirmNotifyAction' is clicked on

2023-09-12 17:07:53 - [MESSAGE][PASSED] - Object: 'Object Repository/RAD_Pages/PaymentConfirmation_Page/input_N_confirmNotifyAction' is clicked on

2023-09-12 17:07:53 - [TEST_STEP][PASSED] - verifyTextPresent("Service Fee Acceptance", true): Text 'Service Fee Acceptance' is present on page  using regular expression

2023-09-12 17:07:53 - [MESSAGE][PASSED] - Text 'Service Fee Acceptance' is present on page  using regular expression

2023-09-12 17:07:53 - [TEST_STEP][PASSED] - verifyTextPresent("This transaction is subject to a Service Fee of ", true): Text 'This transaction is subject to a Service Fee of ' is present on page  using regular expression

2023-09-12 17:07:53 - [MESSAGE][PASSED] - Text 'This transaction is subject to a Service Fee of ' is present on page  using regular expression

2023-09-12 17:07:53 - [TEST_STEP][PASSED] - verifyTextPresent("Payment Amount:", true): Text 'Payment Amount:' is present on page  using regular expression

2023-09-12 17:07:54 - [MESSAGE][PASSED] - Text 'Payment Amount:' is present on page  using regular expression

2023-09-12 17:07:54 - [TEST_STEP][PASSED] - verifyTextPresent("100.00", true): Text '100.00' is present on page  using regular expression

2023-09-12 17:07:54 - [MESSAGE][PASSED] - Text '100.00' is present on page  using regular expression

2023-09-12 17:07:54 - [TEST_STEP][PASSED] - verifyTextPresent("Service Fee:", true): Text 'Service Fee:' is present on page  using regular expression

2023-09-12 17:07:54 - [MESSAGE][PASSED] - Text 'Service Fee:' is present on page  using regular expression

2023-09-12 17:07:54 - [TEST_STEP][PASSED] - verifyTextPresent("2.45", true): Text '2.45' is present on page  using regular expression

2023-09-12 17:07:55 - [MESSAGE][PASSED] - Text '2.45' is present on page  using regular expression

2023-09-12 17:07:55 - [TEST_STEP][PASSED] - verifyTextPresent("Total Amount:", true): Text 'Total Amount:' is present on page  using regular expression

2023-09-12 17:07:55 - [MESSAGE][PASSED] - Text 'Total Amount:' is present on page  using regular expression

2023-09-12 17:07:55 - [TEST_STEP][PASSED] - verifyTextPresent("102.45", true): Text '102.45' is present on page  using regular expression

2023-09-12 17:07:55 - [MESSAGE][PASSED] - Text '102.45' is present on page  using regular expression

2023-09-12 17:07:55 - [TEST_STEP][PASSED] - verifyTextPresent("Two transactions will appear on your bank statement, one in the amount of", true): Text 'Two transactions will appear on your bank statement, one in the amount of' is present on page  using regular expression

2023-09-12 17:07:55 - [MESSAGE][PASSED] - Text 'Two transactions will appear on your bank statement, one in the amount of' is present on page  using regular expression

2023-09-12 17:07:55 - [TEST_STEP][PASSED] - verifyElementPresent(findTestObject(orPath_ServiceFeesAccept + "/input_convFeeNotifyAction"), 30): Object 'Object Repository/RAD_Pages/ServiceFeeAccept_Page/input_convFeeNotifyAction' is present

2023-09-12 17:07:56 - [MESSAGE][PASSED] - Object 'Object Repository/RAD_Pages/ServiceFeeAccept_Page/input_convFeeNotifyAction' is present

2023-09-12 17:07:56 - [TEST_STEP][PASSED] - ExecuteTC = findTestData(dataFile).getValue("Execute", row): null

2023-09-12 17:07:56 - [TEST_STEP][PASSED] - TaxType = findTestData(dataFile).getValue("TaxType", row): null

2023-09-12 17:07:56 - [TEST_STEP][PASSED] - PaymentType = findTestData(dataFile).getValue("PaymentType", row): null

2023-09-12 17:07:56 - [TEST_STEP][PASSED] - FilingYear = findTestData(dataFile).getValue("Year", row): null

2023-09-12 17:07:56 - [TEST_STEP][PASSED] - if (ExecuteTC.equalsIgnoreCase("Y")): Object 'Object Repository/RAD_Pages/ServiceFeeAccept_Page/input_convFeeNotifyAction' is present

2023-09-12 17:07:56 - [TEST_STEP][PASSED] - out.println("Begin Record Number: " + row): null

2023-09-12 17:07:56 - [TEST_STEP][PASSED] - today = new java.util.Date(): null

2023-09-12 17:07:56 - [TEST_STEP][PASSED] - println(today): null

2023-09-12 17:07:56 - [TEST_STEP][PASSED] - datText = today: null

2023-09-12 17:07:56 - [TEST_STEP][PASSED] - logInfo("Payment Type: New Tax Return Amount Due"): Payment Type: New Tax Return Amount Due

2023-09-12 17:07:56 - [MESSAGE][INFO] - Payment Type: New Tax Return Amount Due

2023-09-12 17:07:56 - [TEST_STEP][PASSED] - logInfo("Tax Type: " + TaxType): Tax Type: PTE Tax Electing S Corp

2023-09-12 17:07:56 - [MESSAGE][INFO] - Tax Type: PTE Tax Electing S Corp

2023-09-12 17:07:56 - [TEST_STEP][PASSED] - openBrowser(""): Browser is opened with url: ''

2023-09-12 17:07:56 - [MESSAGE][WARNING] - A browser is already opened. Closing browser and opening a new one

2023-09-12 17:07:57 - [MESSAGE][INFO] - Starting 'Chrome' driver

2023-09-12 17:07:57 - [MESSAGE][INFO] - User set preference: ['acceptInsecureCerts', 'true']

2023-09-12 17:07:57 - [MESSAGE][INFO] - Action delay is set to 0 milliseconds

2023-09-12 17:07:58 - [MESSAGE][PASSED] - Browser is opened with url: ''

2023-09-12 17:07:58 - [TEST_STEP][PASSED] - maximizeWindow(): Current window maximized

2023-09-12 17:07:59 - [MESSAGE][PASSED] - Current window maximized

2023-09-12 17:07:59 - [TEST_STEP][PASSED] - navigateToUrl(RADurl): Navigate to 'https://demo.velocitypayment.com/client/rad/index.html' successfully

2023-09-12 17:08:00 - [MESSAGE][PASSED] - Navigate to 'https://demo.velocitypayment.com/client/rad/index.html' successfully

2023-09-12 17:08:00 - [TEST_STEP][PASSED] - selectOptionByLabel(findTestObject(orPath_Landing + "/dd_TaxType"), "New Tax Return Amount Due", false): All options with label 'New Tax Return Amount Due' are selected in object 'Object Repository/RAD_Pages/Landing_Page/dd_TaxType' 

2023-09-12 17:08:01 - [MESSAGE][PASSED] - All options with label 'New Tax Return Amount Due' are selected in object 'Object Repository/RAD_Pages/Landing_Page/dd_TaxType' 

2023-09-12 17:08:01 - [TEST_STEP][PASSED] - selectOptionByLabel(findTestObject("Object Repository/RAD_Pages/Landing_Page/select_NewTaxReturnAmountDue_TaxType"), TaxType, false): All options with label 'PTE Tax Electing S Corp' are selected in object 'Object Repository/RAD_Pages/Landing_Page/select_NewTaxReturnAmountDue_TaxType' 

2023-09-12 17:08:02 - [MESSAGE][PASSED] - All options with label 'PTE Tax Electing S Corp' are selected in object 'Object Repository/RAD_Pages/Landing_Page/select_NewTaxReturnAmountDue_TaxType' 

2023-09-12 17:08:02 - [TEST_STEP][PASSED] - selectOptionByLabel(findTestObject(orPath_TaxTypeFilingYear + "/select_FilingYear"), FilingYear, false): All options with label '2021' are selected in object 'Object Repository/RAD_Pages/TaxTypeFilingYear_Page/select_FilingYear' 

2023-09-12 17:08:02 - [MESSAGE][PASSED] - All options with label '2021' are selected in object 'Object Repository/RAD_Pages/TaxTypeFilingYear_Page/select_FilingYear' 

2023-09-12 17:08:02 - [TEST_STEP][PASSED] - rad.getSetDataRAD.setDataRADBusinessName(): rad.getSetDataRAD.setDataRADBusinessName is PASSED

2023-09-12 17:08:03 - [MESSAGE][PASSED] - Text 'My Company' is set on object 'Object Repository/RAD_Pages/Taxpayer_Page/input_businessName'

2023-09-12 17:08:03 - [MESSAGE][PASSED] - rad.getSetDataRAD.setDataRADBusinessName is PASSED

2023-09-12 17:08:03 - [TEST_STEP][PASSED] - rad.getSetDataRAD.setDataRADAddress(): rad.getSetDataRAD.setDataRADAddress is PASSED

2023-09-12 17:08:05 - [MESSAGE][PASSED] - All options with label 'United States' are selected in object 'Object Repository/RAD_Pages/AddressAndContactInfo_Page/select_Country' 

2023-09-12 17:08:06 - [MESSAGE][PASSED] - Text '2508 Mandan Terrace' is set on object 'Object Repository/RAD_Pages/AddressAndContactInfo_Page/input_streetAddress1'

2023-09-12 17:08:06 - [MESSAGE][PASSED] - Text '' is set on object 'Object Repository/RAD_Pages/AddressAndContactInfo_Page/input_streetAddress2'

2023-09-12 17:08:07 - [MESSAGE][PASSED] - Text 'Gambrills' is set on object 'Object Repository/RAD_Pages/AddressAndContactInfo_Page/input_city'

2023-09-12 17:08:08 - [MESSAGE][PASSED] - All options with label 'Maryland' are selected in object 'Object Repository/RAD_Pages/AddressAndContactInfo_Page/select_State' 

2023-09-12 17:08:09 - [MESSAGE][PASSED] - Text '21054' is set on object 'Object Repository/RAD_Pages/AddressAndContactInfo_Page/input_zipCode'

2023-09-12 17:08:10 - [MESSAGE][PASSED] - Text '(703) 894-5000' is set on object 'Object Repository/RAD_Pages/AddressAndContactInfo_Page/input_phoneNumber'

2023-09-12 17:08:11 - [MESSAGE][PASSED] - Text 'iahmed@govolution.com' is set on object 'Object Repository/RAD_Pages/AddressAndContactInfo_Page/input_eMailAddress'

2023-09-12 17:08:12 - [MESSAGE][PASSED] - Text 'iahmed@govolution.com' is set on object 'Object Repository/RAD_Pages/AddressAndContactInfo_Page/input_reEnterEMailAddress'

2023-09-12 17:08:12 - [MESSAGE][PASSED] - rad.getSetDataRAD.setDataRADAddress is PASSED

2023-09-12 17:08:12 - [TEST_STEP][PASSED] - rad.getSetDataRAD.setDataRADFEIN(): rad.getSetDataRAD.setDataRADFEIN is PASSED

2023-09-12 17:08:13 - [MESSAGE][PASSED] - Text ****** has been set on object 'Object Repository/RAD_Pages/TaxInfo_Page/input_FederalEIN'

2023-09-12 17:08:13 - [MESSAGE][PASSED] - Text ****** has been set on object 'Object Repository/RAD_Pages/TaxInfo_Page/input_FederalEIN_ReEnter'

2023-09-12 17:08:13 - [MESSAGE][PASSED] - rad.getSetDataRAD.setDataRADFEIN is PASSED

2023-09-12 17:08:13 - [TEST_STEP][PASSED] - setText(findTestObject(orPath_Amount + "/input__paymentAmount"), "100.00"): Text '100.00' is set on object 'Object Repository/RAD_Pages/PaymentAmount_Page/input__paymentAmount'

2023-09-12 17:08:14 - [MESSAGE][PASSED] - Text '100.00' is set on object 'Object Repository/RAD_Pages/PaymentAmount_Page/input__paymentAmount'

2023-09-12 17:08:14 - [TEST_STEP][PASSED] - setText(findTestObject(orPath_AddressContact + "/input_streetAddress2"), ""): Text '' is set on object 'Object Repository/RAD_Pages/AddressAndContactInfo_Page/input_streetAddress2'

2023-09-12 17:08:15 - [MESSAGE][PASSED] - Text '' is set on object 'Object Repository/RAD_Pages/AddressAndContactInfo_Page/input_streetAddress2'

2023-09-12 17:08:15 - [TEST_STEP][PASSED] - scrollToElement(findTestObject(orPath_Landing + "/button_Continue"), 3): Scroll to object 'Object Repository/RAD_Pages/Landing_Page/button_Continue' successfully

2023-09-12 17:08:16 - [MESSAGE][PASSED] - Scroll to object 'Object Repository/RAD_Pages/Landing_Page/button_Continue' successfully

2023-09-12 17:08:16 - [TEST_STEP][PASSED] - waitForElementClickable(findTestObject(orPath_Landing + "/button_Continue"), 5): Object 'Object Repository/RAD_Pages/Landing_Page/button_Continue' is clickable

2023-09-12 17:08:16 - [MESSAGE][PASSED] - Object 'Object Repository/RAD_Pages/Landing_Page/button_Continue' is clickable

2023-09-12 17:08:16 - [TEST_STEP][PASSED] - click(findTestObject(orPath_Landing + "/button_Continue")): Object: 'Object Repository/RAD_Pages/Landing_Page/button_Continue' is clicked on

2023-09-12 17:08:16 - [MESSAGE][PASSED] - Object: 'Object Repository/RAD_Pages/Landing_Page/button_Continue' is clicked on

2023-09-12 17:08:16 - [TEST_STEP][PASSED] - delay(2): Delayed 2 second(s)

2023-09-12 17:08:18 - [MESSAGE][PASSED] - Delayed 2 second(s)

2023-09-12 17:08:18 - [TEST_STEP][PASSED] - verifyTextPresent("Summary", true): Text 'Summary' is present on page  using regular expression

2023-09-12 17:08:19 - [MESSAGE][PASSED] - Text 'Summary' is present on page  using regular expression

2023-09-12 17:08:19 - [TEST_STEP][PASSED] - verifyTextPresent("Review the information below and make any necessary corrections by clicking the", true): Text 'Review the information below and make any necessary corrections by clicking the' is present on page  using regular expression

2023-09-12 17:08:19 - [MESSAGE][PASSED] - Text 'Review the information below and make any necessary corrections by clicking the' is present on page  using regular expression

2023-09-12 17:08:19 - [TEST_STEP][PASSED] - verifyTextPresent("When you are confident that all the information is correct, click the", true): Text 'When you are confident that all the information is correct, click the' is present on page  using regular expression

2023-09-12 17:08:19 - [MESSAGE][PASSED] - Text 'When you are confident that all the information is correct, click the' is present on page  using regular expression

2023-09-12 17:08:19 - [TEST_STEP][PASSED] - verifyTextPresent("Payment Type/Filing Year", true): Text 'Payment Type/Filing Year' is present on page  using regular expression

2023-09-12 17:08:20 - [MESSAGE][PASSED] - Text 'Payment Type/Filing Year' is present on page  using regular expression

2023-09-12 17:08:20 - [TEST_STEP][PASSED] - verifyTextPresent("Payment Type:", true): Text 'Payment Type:' is present on page  using regular expression

2023-09-12 17:08:20 - [MESSAGE][PASSED] - Text 'Payment Type:' is present on page  using regular expression

2023-09-12 17:08:20 - [TEST_STEP][PASSED] - verifyTextPresent("New Tax Return Amount Due", true): Text 'New Tax Return Amount Due' is present on page  using regular expression

2023-09-12 17:08:21 - [MESSAGE][PASSED] - Text 'New Tax Return Amount Due' is present on page  using regular expression

2023-09-12 17:08:21 - [TEST_STEP][PASSED] - verifyTextPresent("Filing Year:", true): Text 'Filing Year:' is present on page  using regular expression

2023-09-12 17:08:21 - [MESSAGE][PASSED] - Text 'Filing Year:' is present on page  using regular expression

2023-09-12 17:08:21 - [TEST_STEP][PASSED] - verifyTextPresent(FilingYear, true): Text '2021' is present on page  using regular expression

2023-09-12 17:08:21 - [MESSAGE][PASSED] - Text '2021' is present on page  using regular expression

2023-09-12 17:08:21 - [TEST_STEP][PASSED] - verifyTextPresent("Payer Information", true): Text 'Payer Information' is present on page  using regular expression

2023-09-12 17:08:22 - [MESSAGE][PASSED] - Text 'Payer Information' is present on page  using regular expression

2023-09-12 17:08:22 - [TEST_STEP][PASSED] - verifyTextPresent("Taxpayer Name:", true): Text 'Taxpayer Name:' is present on page  using regular expression

2023-09-12 17:08:22 - [MESSAGE][PASSED] - Text 'Taxpayer Name:' is present on page  using regular expression

2023-09-12 17:08:22 - [TEST_STEP][PASSED] - verifyTextPresent("My Company", true): Text 'My Company' is present on page  using regular expression

2023-09-12 17:08:22 - [MESSAGE][PASSED] - Text 'My Company' is present on page  using regular expression

2023-09-12 17:08:22 - [TEST_STEP][PASSED] - verifyTextPresent("Taxpayer Address:", true): Text 'Taxpayer Address:' is present on page  using regular expression

2023-09-12 17:08:23 - [MESSAGE][PASSED] - Text 'Taxpayer Address:' is present on page  using regular expression

2023-09-12 17:08:23 - [TEST_STEP][PASSED] - verifyTextPresent("2508 Mandan Terrace Gambrills Maryland 21054", true): Text '2508 Mandan Terrace Gambrills Maryland 21054' is present on page  using regular expression

2023-09-12 17:08:23 - [MESSAGE][PASSED] - Text '2508 Mandan Terrace Gambrills Maryland 21054' is present on page  using regular expression

2023-09-12 17:08:23 - [TEST_STEP][PASSED] - verifyTextPresent("Email:", true): Text 'Email:' is present on page  using regular expression

2023-09-12 17:08:23 - [MESSAGE][PASSED] - Text 'Email:' is present on page  using regular expression

2023-09-12 17:08:23 - [TEST_STEP][PASSED] - verifyTextPresent("iahmed@govolution.com", true): Text 'iahmed@govolution.com' is present on page  using regular expression

2023-09-12 17:08:24 - [MESSAGE][PASSED] - Text 'iahmed@govolution.com' is present on page  using regular expression

2023-09-12 17:08:24 - [TEST_STEP][PASSED] - verifyTextPresent("Phone:", true): Text 'Phone:' is present on page  using regular expression

2023-09-12 17:08:24 - [MESSAGE][PASSED] - Text 'Phone:' is present on page  using regular expression

2023-09-12 17:08:24 - [TEST_STEP][PASSED] - verifyTextPresent("(703) 894-5000", false): Text '(703) 894-5000' is present on page 

2023-09-12 17:08:25 - [MESSAGE][PASSED] - Text '(703) 894-5000' is present on page 

2023-09-12 17:08:25 - [TEST_STEP][PASSED] - verifyTextPresent("Tax Information", true): Text 'Tax Information' is present on page  using regular expression

2023-09-12 17:08:25 - [MESSAGE][PASSED] - Text 'Tax Information' is present on page  using regular expression

2023-09-12 17:08:25 - [TEST_STEP][PASSED] - verifyTextPresent("Federal EIN:", true): Text 'Federal EIN:' is present on page  using regular expression

2023-09-12 17:08:25 - [MESSAGE][PASSED] - Text 'Federal EIN:' is present on page  using regular expression

2023-09-12 17:08:25 - [TEST_STEP][PASSED] - verifyTextPresent("Payment Amount:", true): Text 'Payment Amount:' is present on page  using regular expression

2023-09-12 17:08:26 - [MESSAGE][PASSED] - Text 'Payment Amount:' is present on page  using regular expression

2023-09-12 17:08:26 - [TEST_STEP][PASSED] - verifyTextPresent("100.00", true): Text '100.00' is present on page  using regular expression

2023-09-12 17:08:26 - [MESSAGE][PASSED] - Text '100.00' is present on page  using regular expression

2023-09-12 17:08:26 - [TEST_STEP][PASSED] - click(findTestObject(orPath_Summary + "/button_Proceed to Payment")): Object: 'Object Repository/RAD_Pages/Summary_Page/button_Proceed to Payment' is clicked on

2023-09-12 17:08:27 - [MESSAGE][PASSED] - Object: 'Object Repository/RAD_Pages/Summary_Page/button_Proceed to Payment' is clicked on

2023-09-12 17:08:27 - [TEST_STEP][PASSED] - verifyTextPresent("Comptroller of Maryland", true): Text 'Comptroller of Maryland' is present on page  using regular expression

2023-09-12 17:08:28 - [MESSAGE][PASSED] - Text 'Comptroller of Maryland' is present on page  using regular expression

2023-09-12 17:08:28 - [TEST_STEP][PASSED] - verifyTextPresent("Revenue Administration Division", true): Text 'Revenue Administration Division' is present on page  using regular expression

2023-09-12 17:08:28 - [MESSAGE][PASSED] - Text 'Revenue Administration Division' is present on page  using regular expression

2023-09-12 17:08:28 - [TEST_STEP][PASSED] - verifyTextPresent("Payment Information", true): Text 'Payment Information' is present on page  using regular expression

2023-09-12 17:08:28 - [MESSAGE][PASSED] - Text 'Payment Information' is present on page  using regular expression

2023-09-12 17:08:28 - [TEST_STEP][PASSED] - card_Name = getAttribute(findTestObject("Object Repository/RAD_Pages/PaymentEntry_Page/input__billingName"), "value"): Attribute 'value' of object 'Object Repository/RAD_Pages/PaymentEntry_Page/input__billingName' is: ''

2023-09-12 17:08:29 - [MESSAGE][PASSED] - Attribute 'value' of object 'Object Repository/RAD_Pages/PaymentEntry_Page/input__billingName' is: ''

2023-09-12 17:08:29 - [TEST_STEP][PASSED] - verifyMatch("", card_Name, false): Actual text '' and expected text '' are matched 

2023-09-12 17:08:29 - [MESSAGE][PASSED] - Actual text '' and expected text '' are matched 

2023-09-12 17:08:29 - [TEST_STEP][PASSED] - AL1 = getAttribute(findTestObject("Object Repository/RAD_Pages/PaymentEntry_Page/input_billingAddress"), "value"): Attribute 'value' of object 'Object Repository/RAD_Pages/PaymentEntry_Page/input_billingAddress' is: '2508 Mandan Terrace'

2023-09-12 17:08:29 - [MESSAGE][PASSED] - Attribute 'value' of object 'Object Repository/RAD_Pages/PaymentEntry_Page/input_billingAddress' is: '2508 Mandan Terrace'

2023-09-12 17:08:29 - [TEST_STEP][PASSED] - verifyMatch("2508 Mandan Terrace", AL1, false): Actual text '2508 Mandan Terrace' and expected text '2508 Mandan Terrace' are matched 

2023-09-12 17:08:29 - [MESSAGE][PASSED] - Actual text '2508 Mandan Terrace' and expected text '2508 Mandan Terrace' are matched 

2023-09-12 17:08:29 - [TEST_STEP][PASSED] - AL2 = getAttribute(findTestObject("Object Repository/RAD_Pages/PaymentEntry_Page/input_billingAddress2"), "value"): Attribute 'value' of object 'Object Repository/RAD_Pages/PaymentEntry_Page/input_billingAddress2' is: ''

2023-09-12 17:08:29 - [MESSAGE][PASSED] - Attribute 'value' of object 'Object Repository/RAD_Pages/PaymentEntry_Page/input_billingAddress2' is: ''

2023-09-12 17:08:29 - [TEST_STEP][PASSED] - verifyMatch("", AL2, false): Actual text '' and expected text '' are matched 

2023-09-12 17:08:29 - [MESSAGE][PASSED] - Actual text '' and expected text '' are matched 

2023-09-12 17:08:29 - [TEST_STEP][PASSED] - zipCode = getAttribute(findTestObject("Object Repository/RAD_Pages/PaymentEntry_Page/input_billingZip"), "value"): Attribute 'value' of object 'Object Repository/RAD_Pages/PaymentEntry_Page/input_billingZip' is: '21054'

2023-09-12 17:08:30 - [MESSAGE][PASSED] - Attribute 'value' of object 'Object Repository/RAD_Pages/PaymentEntry_Page/input_billingZip' is: '21054'

2023-09-12 17:08:30 - [TEST_STEP][PASSED] - verifyMatch("21054", zipCode, false): Actual text '21054' and expected text '21054' are matched 

2023-09-12 17:08:30 - [MESSAGE][PASSED] - Actual text '21054' and expected text '21054' are matched 

2023-09-12 17:08:30 - [TEST_STEP][PASSED] - city = getAttribute(findTestObject("Object Repository/RAD_Pages/PaymentEntry_Page/input_billingCity"), "value"): Attribute 'value' of object 'Object Repository/RAD_Pages/PaymentEntry_Page/input_billingCity' is: 'GAMBRILLS'

2023-09-12 17:08:30 - [MESSAGE][PASSED] - Attribute 'value' of object 'Object Repository/RAD_Pages/PaymentEntry_Page/input_billingCity' is: 'GAMBRILLS'

2023-09-12 17:08:30 - [TEST_STEP][PASSED] - verifyMatch("GAMBRILLS", city, false): Actual text 'GAMBRILLS' and expected text 'GAMBRILLS' are matched 

2023-09-12 17:08:30 - [MESSAGE][PASSED] - Actual text 'GAMBRILLS' and expected text 'GAMBRILLS' are matched 

2023-09-12 17:08:30 - [TEST_STEP][PASSED] - email = getAttribute(findTestObject("Object Repository/RAD_Pages/PaymentEntry_Page/input_emailAddress"), "value"): Attribute 'value' of object 'Object Repository/RAD_Pages/PaymentEntry_Page/input_emailAddress' is: 'iahmed@govolution.com'

2023-09-12 17:08:30 - [MESSAGE][PASSED] - Attribute 'value' of object 'Object Repository/RAD_Pages/PaymentEntry_Page/input_emailAddress' is: 'iahmed@govolution.com'

2023-09-12 17:08:30 - [TEST_STEP][PASSED] - verifyMatch("iahmed@govolution.com", email, false): Actual text 'iahmed@govolution.com' and expected text 'iahmed@govolution.com' are matched 

2023-09-12 17:08:30 - [MESSAGE][PASSED] - Actual text 'iahmed@govolution.com' and expected text 'iahmed@govolution.com' are matched 

2023-09-12 17:08:30 - [TEST_STEP][PASSED] - amount = getAttribute(findTestObject("Object Repository/RAD_Pages/PaymentEntry_Page/input_amount"), "value"): Attribute 'value' of object 'Object Repository/RAD_Pages/PaymentEntry_Page/input_amount' is: '100.00'

2023-09-12 17:08:31 - [MESSAGE][PASSED] - Attribute 'value' of object 'Object Repository/RAD_Pages/PaymentEntry_Page/input_amount' is: '100.00'

2023-09-12 17:08:31 - [TEST_STEP][PASSED] - verifyMatch("100.00", amount, false): Actual text '100.00' and expected text '100.00' are matched 

2023-09-12 17:08:31 - [MESSAGE][PASSED] - Actual text '100.00' and expected text '100.00' are matched 

2023-09-12 17:08:31 - [TEST_STEP][PASSED] - amountReadOnly = getAttribute(findTestObject("Object Repository/RAD_Pages/PaymentEntry_Page/input_amount"), "readonly"): Attribute 'readonly' of object 'Object Repository/RAD_Pages/PaymentEntry_Page/input_amount' is: 'true'

2023-09-12 17:08:31 - [MESSAGE][PASSED] - Attribute 'readonly' of object 'Object Repository/RAD_Pages/PaymentEntry_Page/input_amount' is: 'true'

2023-09-12 17:08:31 - [TEST_STEP][PASSED] - verifyMatch("true", amountReadOnly, false): Actual text 'true' and expected text 'true' are matched 

2023-09-12 17:08:31 - [MESSAGE][PASSED] - Actual text 'true' and expected text 'true' are matched 

2023-09-12 17:08:31 - [TEST_STEP][PASSED] - verifyOptionSelectedByLabel(findTestObject("Object Repository/RAD_Pages/PaymentEntry_Page/select_Country"), "United States", false, 20): All options with label 'United States' are selected in object 'Object Repository/RAD_Pages/PaymentEntry_Page/select_Country' 

2023-09-12 17:08:32 - [MESSAGE][PASSED] - All options with label 'United States' are selected in object 'Object Repository/RAD_Pages/PaymentEntry_Page/select_Country' 

2023-09-12 17:08:32 - [TEST_STEP][PASSED] - verifyOptionSelectedByLabel(findTestObject("Object Repository/RAD_Pages/PaymentEntry_Page/select_State"), "Maryland", false, 20): All options with label 'Maryland' are selected in object 'Object Repository/RAD_Pages/PaymentEntry_Page/select_State' 

2023-09-12 17:08:35 - [MESSAGE][PASSED] - All options with label 'Maryland' are selected in object 'Object Repository/RAD_Pages/PaymentEntry_Page/select_State' 

2023-09-12 17:08:35 - [TEST_STEP][PASSED] - setText(findTestObject("Object Repository/RAD_Pages/PaymentEntry_Page/input__billingName"), "Anthony Gonzalez"): Text 'Anthony Gonzalez' is set on object 'Object Repository/RAD_Pages/PaymentEntry_Page/input__billingName'

2023-09-12 17:08:35 - [MESSAGE][PASSED] - Text 'Anthony Gonzalez' is set on object 'Object Repository/RAD_Pages/PaymentEntry_Page/input__billingName'

2023-09-12 17:08:35 - [TEST_STEP][PASSED] - setText(findTestObject(orPath_PaymentEntry + "/input__cardNumber"), "4111111111111111"): Text '4111111111111111' is set on object 'Object Repository/RAD_Pages/PaymentEntry_Page/input__cardNumber'

2023-09-12 17:08:36 - [MESSAGE][PASSED] - Text '4111111111111111' is set on object 'Object Repository/RAD_Pages/PaymentEntry_Page/input__cardNumber'

2023-09-12 17:08:36 - [TEST_STEP][PASSED] - setText(findTestObject(orPath_PaymentEntry + "/input__spc"), "123"): Text '123' is set on object 'Object Repository/RAD_Pages/PaymentEntry_Page/input__spc'

2023-09-12 17:08:37 - [MESSAGE][PASSED] - Text '123' is set on object 'Object Repository/RAD_Pages/PaymentEntry_Page/input__spc'

2023-09-12 17:08:37 - [TEST_STEP][PASSED] - selectOptionByLabel(findTestObject(orPath_PaymentEntry + "/select_MM"), "12", false): All options with label '12' are selected in object 'Object Repository/RAD_Pages/PaymentEntry_Page/select_MM' 

2023-09-12 17:08:38 - [MESSAGE][PASSED] - All options with label '12' are selected in object 'Object Repository/RAD_Pages/PaymentEntry_Page/select_MM' 

2023-09-12 17:08:38 - [TEST_STEP][PASSED] - selectOptionByLabel(findTestObject(orPath_PaymentEntry + "/select_YYYY"), "2028", false): All options with label '2028' are selected in object 'Object Repository/RAD_Pages/PaymentEntry_Page/select_YYYY' 

2023-09-12 17:08:38 - [MESSAGE][PASSED] - All options with label '2028' are selected in object 'Object Repository/RAD_Pages/PaymentEntry_Page/select_YYYY' 

2023-09-12 17:08:38 - [TEST_STEP][PASSED] - click(findTestObject(orPath_PaymentEntry + "/input_Field_ccSubmit")): Object: 'Object Repository/RAD_Pages/PaymentEntry_Page/input_Field_ccSubmit' is clicked on

2023-09-12 17:08:39 - [MESSAGE][PASSED] - Object: 'Object Repository/RAD_Pages/PaymentEntry_Page/input_Field_ccSubmit' is clicked on

2023-09-12 17:08:39 - [TEST_STEP][PASSED] - click(findTestObject(orPath_PaymentConfirmation + "/input_N_confirmNotifyAction")): Object: 'Object Repository/RAD_Pages/PaymentConfirmation_Page/input_N_confirmNotifyAction' is clicked on

2023-09-12 17:08:40 - [MESSAGE][PASSED] - Object: 'Object Repository/RAD_Pages/PaymentConfirmation_Page/input_N_confirmNotifyAction' is clicked on

2023-09-12 17:08:40 - [TEST_STEP][PASSED] - verifyTextPresent("Service Fee Acceptance", true): Text 'Service Fee Acceptance' is present on page  using regular expression

2023-09-12 17:08:40 - [MESSAGE][PASSED] - Text 'Service Fee Acceptance' is present on page  using regular expression

2023-09-12 17:08:40 - [TEST_STEP][PASSED] - verifyTextPresent("This transaction is subject to a Service Fee of ", true): Text 'This transaction is subject to a Service Fee of ' is present on page  using regular expression

2023-09-12 17:08:41 - [MESSAGE][PASSED] - Text 'This transaction is subject to a Service Fee of ' is present on page  using regular expression

2023-09-12 17:08:41 - [TEST_STEP][PASSED] - verifyTextPresent("Payment Amount:", true): Text 'Payment Amount:' is present on page  using regular expression

2023-09-12 17:08:41 - [MESSAGE][PASSED] - Text 'Payment Amount:' is present on page  using regular expression

2023-09-12 17:08:41 - [TEST_STEP][PASSED] - verifyTextPresent("100.00", true): Text '100.00' is present on page  using regular expression

2023-09-12 17:08:41 - [MESSAGE][PASSED] - Text '100.00' is present on page  using regular expression

2023-09-12 17:08:41 - [TEST_STEP][PASSED] - verifyTextPresent("Service Fee:", true): Text 'Service Fee:' is present on page  using regular expression

2023-09-12 17:08:42 - [MESSAGE][PASSED] - Text 'Service Fee:' is present on page  using regular expression

2023-09-12 17:08:42 - [TEST_STEP][PASSED] - verifyTextPresent("2.45", true): Text '2.45' is present on page  using regular expression

2023-09-12 17:08:42 - [MESSAGE][PASSED] - Text '2.45' is present on page  using regular expression

2023-09-12 17:08:42 - [TEST_STEP][PASSED] - verifyTextPresent("Total Amount:", true): Text 'Total Amount:' is present on page  using regular expression

2023-09-12 17:08:42 - [MESSAGE][PASSED] - Text 'Total Amount:' is present on page  using regular expression

2023-09-12 17:08:42 - [TEST_STEP][PASSED] - verifyTextPresent("102.45", true): Text '102.45' is present on page  using regular expression

2023-09-12 17:08:42 - [MESSAGE][PASSED] - Text '102.45' is present on page  using regular expression

2023-09-12 17:08:42 - [TEST_STEP][PASSED] - verifyTextPresent("Two transactions will appear on your bank statement, one in the amount of", true): Text 'Two transactions will appear on your bank statement, one in the amount of' is present on page  using regular expression

2023-09-12 17:08:43 - [MESSAGE][PASSED] - Text 'Two transactions will appear on your bank statement, one in the amount of' is present on page  using regular expression

2023-09-12 17:08:43 - [TEST_STEP][PASSED] - verifyElementPresent(findTestObject(orPath_ServiceFeesAccept + "/input_convFeeNotifyAction"), 30): Object 'Object Repository/RAD_Pages/ServiceFeeAccept_Page/input_convFeeNotifyAction' is present

2023-09-12 17:08:43 - [MESSAGE][PASSED] - Object 'Object Repository/RAD_Pages/ServiceFeeAccept_Page/input_convFeeNotifyAction' is present

2023-09-12 17:08:43 - [TEST_STEP][PASSED] - ExecuteTC = findTestData(dataFile).getValue("Execute", row): null

2023-09-12 17:08:43 - [TEST_STEP][PASSED] - TaxType = findTestData(dataFile).getValue("TaxType", row): null

2023-09-12 17:08:43 - [TEST_STEP][PASSED] - PaymentType = findTestData(dataFile).getValue("PaymentType", row): null

2023-09-12 17:08:43 - [TEST_STEP][PASSED] - FilingYear = findTestData(dataFile).getValue("Year", row): null

2023-09-12 17:08:43 - [TEST_STEP][PASSED] - if (ExecuteTC.equalsIgnoreCase("Y")): Object 'Object Repository/RAD_Pages/ServiceFeeAccept_Page/input_convFeeNotifyAction' is present

2023-09-12 17:08:43 - [TEST_STEP][PASSED] - out.println("Begin Record Number: " + row): null

2023-09-12 17:08:43 - [TEST_STEP][PASSED] - today = new java.util.Date(): null

2023-09-12 17:08:43 - [TEST_STEP][PASSED] - println(today): null

2023-09-12 17:08:43 - [TEST_STEP][PASSED] - datText = today: null

2023-09-12 17:08:43 - [TEST_STEP][PASSED] - logInfo("Payment Type: New Tax Return Amount Due"): Payment Type: New Tax Return Amount Due

2023-09-12 17:08:43 - [MESSAGE][INFO] - Payment Type: New Tax Return Amount Due

2023-09-12 17:08:43 - [TEST_STEP][PASSED] - logInfo("Tax Type: " + TaxType): Tax Type: Fiduciary Tax

2023-09-12 17:08:43 - [MESSAGE][INFO] - Tax Type: Fiduciary Tax

2023-09-12 17:08:43 - [TEST_STEP][PASSED] - openBrowser(""): Browser is opened with url: ''

2023-09-12 17:08:43 - [MESSAGE][WARNING] - A browser is already opened. Closing browser and opening a new one

2023-09-12 17:08:44 - [MESSAGE][INFO] - Starting 'Chrome' driver

2023-09-12 17:08:44 - [MESSAGE][INFO] - User set preference: ['acceptInsecureCerts', 'true']

2023-09-12 17:08:44 - [MESSAGE][INFO] - Action delay is set to 0 milliseconds

2023-09-12 17:08:46 - [MESSAGE][PASSED] - Browser is opened with url: ''

2023-09-12 17:08:46 - [TEST_STEP][PASSED] - maximizeWindow(): Current window maximized

2023-09-12 17:08:46 - [MESSAGE][PASSED] - Current window maximized

2023-09-12 17:08:46 - [TEST_STEP][PASSED] - navigateToUrl(RADurl): Navigate to 'https://demo.velocitypayment.com/client/rad/index.html' successfully

2023-09-12 17:08:47 - [MESSAGE][PASSED] - Navigate to 'https://demo.velocitypayment.com/client/rad/index.html' successfully

2023-09-12 17:08:47 - [TEST_STEP][PASSED] - selectOptionByLabel(findTestObject(orPath_Landing + "/dd_TaxType"), "New Tax Return Amount Due", false): All options with label 'New Tax Return Amount Due' are selected in object 'Object Repository/RAD_Pages/Landing_Page/dd_TaxType' 

2023-09-12 17:08:48 - [MESSAGE][PASSED] - All options with label 'New Tax Return Amount Due' are selected in object 'Object Repository/RAD_Pages/Landing_Page/dd_TaxType' 

2023-09-12 17:08:48 - [TEST_STEP][PASSED] - selectOptionByLabel(findTestObject("Object Repository/RAD_Pages/Landing_Page/select_NewTaxReturnAmountDue_TaxType"), TaxType, false): All options with label 'Fiduciary Tax' are selected in object 'Object Repository/RAD_Pages/Landing_Page/select_NewTaxReturnAmountDue_TaxType' 

2023-09-12 17:08:49 - [MESSAGE][PASSED] - All options with label 'Fiduciary Tax' are selected in object 'Object Repository/RAD_Pages/Landing_Page/select_NewTaxReturnAmountDue_TaxType' 

2023-09-12 17:08:49 - [TEST_STEP][PASSED] - selectOptionByLabel(findTestObject(orPath_TaxTypeFilingYear + "/select_FilingYear"), FilingYear, false): All options with label '2020' are selected in object 'Object Repository/RAD_Pages/TaxTypeFilingYear_Page/select_FilingYear' 

2023-09-12 17:08:50 - [MESSAGE][PASSED] - All options with label '2020' are selected in object 'Object Repository/RAD_Pages/TaxTypeFilingYear_Page/select_FilingYear' 

2023-09-12 17:08:50 - [TEST_STEP][PASSED] - rad.getSetDataRAD.setDataRADBusinessName(): rad.getSetDataRAD.setDataRADBusinessName is PASSED

2023-09-12 17:08:51 - [MESSAGE][PASSED] - Text 'My Company' is set on object 'Object Repository/RAD_Pages/Taxpayer_Page/input_businessName'

2023-09-12 17:08:51 - [MESSAGE][PASSED] - rad.getSetDataRAD.setDataRADBusinessName is PASSED

2023-09-12 17:08:51 - [TEST_STEP][PASSED] - rad.getSetDataRAD.setDataRADAddress(): rad.getSetDataRAD.setDataRADAddress is PASSED

2023-09-12 17:08:52 - [MESSAGE][PASSED] - All options with label 'United States' are selected in object 'Object Repository/RAD_Pages/AddressAndContactInfo_Page/select_Country' 

2023-09-12 17:08:53 - [MESSAGE][PASSED] - Text '2508 Mandan Terrace' is set on object 'Object Repository/RAD_Pages/AddressAndContactInfo_Page/input_streetAddress1'

2023-09-12 17:08:54 - [MESSAGE][PASSED] - Text '' is set on object 'Object Repository/RAD_Pages/AddressAndContactInfo_Page/input_streetAddress2'

2023-09-12 17:08:55 - [MESSAGE][PASSED] - Text 'Gambrills' is set on object 'Object Repository/RAD_Pages/AddressAndContactInfo_Page/input_city'

2023-09-12 17:08:56 - [MESSAGE][PASSED] - All options with label 'Maryland' are selected in object 'Object Repository/RAD_Pages/AddressAndContactInfo_Page/select_State' 

2023-09-12 17:08:56 - [MESSAGE][PASSED] - Text '21054' is set on object 'Object Repository/RAD_Pages/AddressAndContactInfo_Page/input_zipCode'

2023-09-12 17:08:57 - [MESSAGE][PASSED] - Text '(703) 894-5000' is set on object 'Object Repository/RAD_Pages/AddressAndContactInfo_Page/input_phoneNumber'

2023-09-12 17:08:58 - [MESSAGE][PASSED] - Text 'iahmed@govolution.com' is set on object 'Object Repository/RAD_Pages/AddressAndContactInfo_Page/input_eMailAddress'

2023-09-12 17:08:59 - [MESSAGE][PASSED] - Text 'iahmed@govolution.com' is set on object 'Object Repository/RAD_Pages/AddressAndContactInfo_Page/input_reEnterEMailAddress'

2023-09-12 17:08:59 - [MESSAGE][PASSED] - rad.getSetDataRAD.setDataRADAddress is PASSED

2023-09-12 17:08:59 - [TEST_STEP][PASSED] - rad.getSetDataRAD.setDataRADFEIN(): rad.getSetDataRAD.setDataRADFEIN is PASSED

2023-09-12 17:09:00 - [MESSAGE][PASSED] - Text ****** has been set on object 'Object Repository/RAD_Pages/TaxInfo_Page/input_FederalEIN'

2023-09-12 17:09:00 - [MESSAGE][PASSED] - Text ****** has been set on object 'Object Repository/RAD_Pages/TaxInfo_Page/input_FederalEIN_ReEnter'

2023-09-12 17:09:00 - [MESSAGE][PASSED] - rad.getSetDataRAD.setDataRADFEIN is PASSED

2023-09-12 17:09:00 - [TEST_STEP][PASSED] - setText(findTestObject(orPath_Amount + "/input__paymentAmount"), "100.00"): Text '100.00' is set on object 'Object Repository/RAD_Pages/PaymentAmount_Page/input__paymentAmount'

2023-09-12 17:09:01 - [MESSAGE][PASSED] - Text '100.00' is set on object 'Object Repository/RAD_Pages/PaymentAmount_Page/input__paymentAmount'

2023-09-12 17:09:01 - [TEST_STEP][PASSED] - setText(findTestObject(orPath_AddressContact + "/input_streetAddress2"), ""): Text '' is set on object 'Object Repository/RAD_Pages/AddressAndContactInfo_Page/input_streetAddress2'

2023-09-12 17:09:02 - [MESSAGE][PASSED] - Text '' is set on object 'Object Repository/RAD_Pages/AddressAndContactInfo_Page/input_streetAddress2'

2023-09-12 17:09:02 - [TEST_STEP][PASSED] - scrollToElement(findTestObject(orPath_Landing + "/button_Continue"), 3): Scroll to object 'Object Repository/RAD_Pages/Landing_Page/button_Continue' successfully

2023-09-12 17:09:03 - [MESSAGE][PASSED] - Scroll to object 'Object Repository/RAD_Pages/Landing_Page/button_Continue' successfully

2023-09-12 17:09:03 - [TEST_STEP][PASSED] - waitForElementClickable(findTestObject(orPath_Landing + "/button_Continue"), 5): Object 'Object Repository/RAD_Pages/Landing_Page/button_Continue' is clickable

2023-09-12 17:09:03 - [MESSAGE][PASSED] - Object 'Object Repository/RAD_Pages/Landing_Page/button_Continue' is clickable

2023-09-12 17:09:03 - [TEST_STEP][PASSED] - click(findTestObject(orPath_Landing + "/button_Continue")): Object: 'Object Repository/RAD_Pages/Landing_Page/button_Continue' is clicked on

2023-09-12 17:09:04 - [MESSAGE][PASSED] - Object: 'Object Repository/RAD_Pages/Landing_Page/button_Continue' is clicked on

2023-09-12 17:09:04 - [TEST_STEP][PASSED] - delay(2): Delayed 2 second(s)

2023-09-12 17:09:06 - [MESSAGE][PASSED] - Delayed 2 second(s)

2023-09-12 17:09:06 - [TEST_STEP][PASSED] - verifyTextPresent("Summary", true): Text 'Summary' is present on page  using regular expression

2023-09-12 17:09:06 - [MESSAGE][PASSED] - Text 'Summary' is present on page  using regular expression

2023-09-12 17:09:06 - [TEST_STEP][PASSED] - verifyTextPresent("Review the information below and make any necessary corrections by clicking the", true): Text 'Review the information below and make any necessary corrections by clicking the' is present on page  using regular expression

2023-09-12 17:09:06 - [MESSAGE][PASSED] - Text 'Review the information below and make any necessary corrections by clicking the' is present on page  using regular expression

2023-09-12 17:09:06 - [TEST_STEP][PASSED] - verifyTextPresent("When you are confident that all the information is correct, click the", true): Text 'When you are confident that all the information is correct, click the' is present on page  using regular expression

2023-09-12 17:09:07 - [MESSAGE][PASSED] - Text 'When you are confident that all the information is correct, click the' is present on page  using regular expression

2023-09-12 17:09:07 - [TEST_STEP][PASSED] - verifyTextPresent("Payment Type/Filing Year", true): Text 'Payment Type/Filing Year' is present on page  using regular expression

2023-09-12 17:09:07 - [MESSAGE][PASSED] - Text 'Payment Type/Filing Year' is present on page  using regular expression

2023-09-12 17:09:07 - [TEST_STEP][PASSED] - verifyTextPresent("Payment Type:", true): Text 'Payment Type:' is present on page  using regular expression

2023-09-12 17:09:07 - [MESSAGE][PASSED] - Text 'Payment Type:' is present on page  using regular expression

2023-09-12 17:09:07 - [TEST_STEP][PASSED] - verifyTextPresent("New Tax Return Amount Due", true): Text 'New Tax Return Amount Due' is present on page  using regular expression

2023-09-12 17:09:08 - [MESSAGE][PASSED] - Text 'New Tax Return Amount Due' is present on page  using regular expression

2023-09-12 17:09:08 - [TEST_STEP][PASSED] - verifyTextPresent("Filing Year:", true): Text 'Filing Year:' is present on page  using regular expression

2023-09-12 17:09:08 - [MESSAGE][PASSED] - Text 'Filing Year:' is present on page  using regular expression

2023-09-12 17:09:08 - [TEST_STEP][PASSED] - verifyTextPresent(FilingYear, true): Text '2020' is present on page  using regular expression

2023-09-12 17:09:08 - [MESSAGE][PASSED] - Text '2020' is present on page  using regular expression

2023-09-12 17:09:08 - [TEST_STEP][PASSED] - verifyTextPresent("Payer Information", true): Text 'Payer Information' is present on page  using regular expression

2023-09-12 17:09:09 - [MESSAGE][PASSED] - Text 'Payer Information' is present on page  using regular expression

2023-09-12 17:09:09 - [TEST_STEP][PASSED] - verifyTextPresent("Taxpayer Name:", true): Text 'Taxpayer Name:' is present on page  using regular expression

2023-09-12 17:09:09 - [MESSAGE][PASSED] - Text 'Taxpayer Name:' is present on page  using regular expression

2023-09-12 17:09:09 - [TEST_STEP][PASSED] - verifyTextPresent("My Company", true): Text 'My Company' is present on page  using regular expression

2023-09-12 17:09:10 - [MESSAGE][PASSED] - Text 'My Company' is present on page  using regular expression

2023-09-12 17:09:10 - [TEST_STEP][PASSED] - verifyTextPresent("Taxpayer Address:", true): Text 'Taxpayer Address:' is present on page  using regular expression

2023-09-12 17:09:10 - [MESSAGE][PASSED] - Text 'Taxpayer Address:' is present on page  using regular expression

2023-09-12 17:09:10 - [TEST_STEP][PASSED] - verifyTextPresent("2508 Mandan Terrace Gambrills Maryland 21054", true): Text '2508 Mandan Terrace Gambrills Maryland 21054' is present on page  using regular expression

2023-09-12 17:09:10 - [MESSAGE][PASSED] - Text '2508 Mandan Terrace Gambrills Maryland 21054' is present on page  using regular expression

2023-09-12 17:09:10 - [TEST_STEP][PASSED] - verifyTextPresent("Email:", true): Text 'Email:' is present on page  using regular expression

2023-09-12 17:09:11 - [MESSAGE][PASSED] - Text 'Email:' is present on page  using regular expression

2023-09-12 17:09:11 - [TEST_STEP][PASSED] - verifyTextPresent("iahmed@govolution.com", true): Text 'iahmed@govolution.com' is present on page  using regular expression

2023-09-12 17:09:11 - [MESSAGE][PASSED] - Text 'iahmed@govolution.com' is present on page  using regular expression

2023-09-12 17:09:11 - [TEST_STEP][PASSED] - verifyTextPresent("Phone:", true): Text 'Phone:' is present on page  using regular expression

2023-09-12 17:09:11 - [MESSAGE][PASSED] - Text 'Phone:' is present on page  using regular expression

2023-09-12 17:09:11 - [TEST_STEP][PASSED] - verifyTextPresent("(703) 894-5000", false): Text '(703) 894-5000' is present on page 

2023-09-12 17:09:12 - [MESSAGE][PASSED] - Text '(703) 894-5000' is present on page 

2023-09-12 17:09:12 - [TEST_STEP][PASSED] - verifyTextPresent("Tax Information", true): Text 'Tax Information' is present on page  using regular expression

2023-09-12 17:09:12 - [MESSAGE][PASSED] - Text 'Tax Information' is present on page  using regular expression

2023-09-12 17:09:12 - [TEST_STEP][PASSED] - verifyTextPresent("Federal EIN:", true): Text 'Federal EIN:' is present on page  using regular expression

2023-09-12 17:09:13 - [MESSAGE][PASSED] - Text 'Federal EIN:' is present on page  using regular expression

2023-09-12 17:09:13 - [TEST_STEP][PASSED] - verifyTextPresent("Payment Amount:", true): Text 'Payment Amount:' is present on page  using regular expression

2023-09-12 17:09:13 - [MESSAGE][PASSED] - Text 'Payment Amount:' is present on page  using regular expression

2023-09-12 17:09:13 - [TEST_STEP][PASSED] - verifyTextPresent("100.00", true): Text '100.00' is present on page  using regular expression

2023-09-12 17:09:13 - [MESSAGE][PASSED] - Text '100.00' is present on page  using regular expression

2023-09-12 17:09:13 - [TEST_STEP][PASSED] - click(findTestObject(orPath_Summary + "/button_Proceed to Payment")): Object: 'Object Repository/RAD_Pages/Summary_Page/button_Proceed to Payment' is clicked on

2023-09-12 17:09:14 - [MESSAGE][PASSED] - Object: 'Object Repository/RAD_Pages/Summary_Page/button_Proceed to Payment' is clicked on

2023-09-12 17:09:14 - [TEST_STEP][PASSED] - verifyTextPresent("Comptroller of Maryland", true): Text 'Comptroller of Maryland' is present on page  using regular expression

2023-09-12 17:09:15 - [MESSAGE][PASSED] - Text 'Comptroller of Maryland' is present on page  using regular expression

2023-09-12 17:09:15 - [TEST_STEP][PASSED] - verifyTextPresent("Revenue Administration Division", true): Text 'Revenue Administration Division' is present on page  using regular expression

2023-09-12 17:09:15 - [MESSAGE][PASSED] - Text 'Revenue Administration Division' is present on page  using regular expression

2023-09-12 17:09:15 - [TEST_STEP][PASSED] - verifyTextPresent("Payment Information", true): Text 'Payment Information' is present on page  using regular expression

2023-09-12 17:09:16 - [MESSAGE][PASSED] - Text 'Payment Information' is present on page  using regular expression

2023-09-12 17:09:16 - [TEST_STEP][PASSED] - card_Name = getAttribute(findTestObject("Object Repository/RAD_Pages/PaymentEntry_Page/input__billingName"), "value"): Attribute 'value' of object 'Object Repository/RAD_Pages/PaymentEntry_Page/input__billingName' is: ''

2023-09-12 17:09:16 - [MESSAGE][PASSED] - Attribute 'value' of object 'Object Repository/RAD_Pages/PaymentEntry_Page/input__billingName' is: ''

2023-09-12 17:09:16 - [TEST_STEP][PASSED] - verifyMatch("", card_Name, false): Actual text '' and expected text '' are matched 

2023-09-12 17:09:16 - [MESSAGE][PASSED] - Actual text '' and expected text '' are matched 

2023-09-12 17:09:16 - [TEST_STEP][PASSED] - AL1 = getAttribute(findTestObject("Object Repository/RAD_Pages/PaymentEntry_Page/input_billingAddress"), "value"): Attribute 'value' of object 'Object Repository/RAD_Pages/PaymentEntry_Page/input_billingAddress' is: '2508 Mandan Terrace'

2023-09-12 17:09:16 - [MESSAGE][PASSED] - Attribute 'value' of object 'Object Repository/RAD_Pages/PaymentEntry_Page/input_billingAddress' is: '2508 Mandan Terrace'

2023-09-12 17:09:16 - [TEST_STEP][PASSED] - verifyMatch("2508 Mandan Terrace", AL1, false): Actual text '2508 Mandan Terrace' and expected text '2508 Mandan Terrace' are matched 

2023-09-12 17:09:16 - [MESSAGE][PASSED] - Actual text '2508 Mandan Terrace' and expected text '2508 Mandan Terrace' are matched 

2023-09-12 17:09:16 - [TEST_STEP][PASSED] - AL2 = getAttribute(findTestObject("Object Repository/RAD_Pages/PaymentEntry_Page/input_billingAddress2"), "value"): Attribute 'value' of object 'Object Repository/RAD_Pages/PaymentEntry_Page/input_billingAddress2' is: ''

2023-09-12 17:09:17 - [MESSAGE][PASSED] - Attribute 'value' of object 'Object Repository/RAD_Pages/PaymentEntry_Page/input_billingAddress2' is: ''

2023-09-12 17:09:17 - [TEST_STEP][PASSED] - verifyMatch("", AL2, false): Actual text '' and expected text '' are matched 

2023-09-12 17:09:17 - [MESSAGE][PASSED] - Actual text '' and expected text '' are matched 

2023-09-12 17:09:17 - [TEST_STEP][PASSED] - zipCode = getAttribute(findTestObject("Object Repository/RAD_Pages/PaymentEntry_Page/input_billingZip"), "value"): Attribute 'value' of object 'Object Repository/RAD_Pages/PaymentEntry_Page/input_billingZip' is: '21054'

2023-09-12 17:09:17 - [MESSAGE][PASSED] - Attribute 'value' of object 'Object Repository/RAD_Pages/PaymentEntry_Page/input_billingZip' is: '21054'

2023-09-12 17:09:17 - [TEST_STEP][PASSED] - verifyMatch("21054", zipCode, false): Actual text '21054' and expected text '21054' are matched 

2023-09-12 17:09:17 - [MESSAGE][PASSED] - Actual text '21054' and expected text '21054' are matched 

2023-09-12 17:09:17 - [TEST_STEP][PASSED] - city = getAttribute(findTestObject("Object Repository/RAD_Pages/PaymentEntry_Page/input_billingCity"), "value"): Attribute 'value' of object 'Object Repository/RAD_Pages/PaymentEntry_Page/input_billingCity' is: 'GAMBRILLS'

2023-09-12 17:09:17 - [MESSAGE][PASSED] - Attribute 'value' of object 'Object Repository/RAD_Pages/PaymentEntry_Page/input_billingCity' is: 'GAMBRILLS'

2023-09-12 17:09:17 - [TEST_STEP][PASSED] - verifyMatch("GAMBRILLS", city, false): Actual text 'GAMBRILLS' and expected text 'GAMBRILLS' are matched 

2023-09-12 17:09:17 - [MESSAGE][PASSED] - Actual text 'GAMBRILLS' and expected text 'GAMBRILLS' are matched 

2023-09-12 17:09:17 - [TEST_STEP][PASSED] - email = getAttribute(findTestObject("Object Repository/RAD_Pages/PaymentEntry_Page/input_emailAddress"), "value"): Attribute 'value' of object 'Object Repository/RAD_Pages/PaymentEntry_Page/input_emailAddress' is: 'iahmed@govolution.com'

2023-09-12 17:09:18 - [MESSAGE][PASSED] - Attribute 'value' of object 'Object Repository/RAD_Pages/PaymentEntry_Page/input_emailAddress' is: 'iahmed@govolution.com'

2023-09-12 17:09:18 - [TEST_STEP][PASSED] - verifyMatch("iahmed@govolution.com", email, false): Actual text 'iahmed@govolution.com' and expected text 'iahmed@govolution.com' are matched 

2023-09-12 17:09:18 - [MESSAGE][PASSED] - Actual text 'iahmed@govolution.com' and expected text 'iahmed@govolution.com' are matched 

2023-09-12 17:09:18 - [TEST_STEP][PASSED] - amount = getAttribute(findTestObject("Object Repository/RAD_Pages/PaymentEntry_Page/input_amount"), "value"): Attribute 'value' of object 'Object Repository/RAD_Pages/PaymentEntry_Page/input_amount' is: '100.00'

2023-09-12 17:09:18 - [MESSAGE][PASSED] - Attribute 'value' of object 'Object Repository/RAD_Pages/PaymentEntry_Page/input_amount' is: '100.00'

2023-09-12 17:09:18 - [TEST_STEP][PASSED] - verifyMatch("100.00", amount, false): Actual text '100.00' and expected text '100.00' are matched 

2023-09-12 17:09:18 - [MESSAGE][PASSED] - Actual text '100.00' and expected text '100.00' are matched 

2023-09-12 17:09:18 - [TEST_STEP][PASSED] - amountReadOnly = getAttribute(findTestObject("Object Repository/RAD_Pages/PaymentEntry_Page/input_amount"), "readonly"): Attribute 'readonly' of object 'Object Repository/RAD_Pages/PaymentEntry_Page/input_amount' is: 'true'

2023-09-12 17:09:18 - [MESSAGE][PASSED] - Attribute 'readonly' of object 'Object Repository/RAD_Pages/PaymentEntry_Page/input_amount' is: 'true'

2023-09-12 17:09:18 - [TEST_STEP][PASSED] - verifyMatch("true", amountReadOnly, false): Actual text 'true' and expected text 'true' are matched 

2023-09-12 17:09:18 - [MESSAGE][PASSED] - Actual text 'true' and expected text 'true' are matched 

2023-09-12 17:09:18 - [TEST_STEP][PASSED] - verifyOptionSelectedByLabel(findTestObject("Object Repository/RAD_Pages/PaymentEntry_Page/select_Country"), "United States", false, 20): All options with label 'United States' are selected in object 'Object Repository/RAD_Pages/PaymentEntry_Page/select_Country' 

2023-09-12 17:09:20 - [MESSAGE][PASSED] - All options with label 'United States' are selected in object 'Object Repository/RAD_Pages/PaymentEntry_Page/select_Country' 

2023-09-12 17:09:20 - [TEST_STEP][PASSED] - verifyOptionSelectedByLabel(findTestObject("Object Repository/RAD_Pages/PaymentEntry_Page/select_State"), "Maryland", false, 20): All options with label 'Maryland' are selected in object 'Object Repository/RAD_Pages/PaymentEntry_Page/select_State' 

2023-09-12 17:09:22 - [MESSAGE][PASSED] - All options with label 'Maryland' are selected in object 'Object Repository/RAD_Pages/PaymentEntry_Page/select_State' 

2023-09-12 17:09:22 - [TEST_STEP][PASSED] - setText(findTestObject("Object Repository/RAD_Pages/PaymentEntry_Page/input__billingName"), "Anthony Gonzalez"): Text 'Anthony Gonzalez' is set on object 'Object Repository/RAD_Pages/PaymentEntry_Page/input__billingName'

2023-09-12 17:09:23 - [MESSAGE][PASSED] - Text 'Anthony Gonzalez' is set on object 'Object Repository/RAD_Pages/PaymentEntry_Page/input__billingName'

2023-09-12 17:09:23 - [TEST_STEP][PASSED] - setText(findTestObject(orPath_PaymentEntry + "/input__cardNumber"), "4111111111111111"): Text '4111111111111111' is set on object 'Object Repository/RAD_Pages/PaymentEntry_Page/input__cardNumber'

2023-09-12 17:09:24 - [MESSAGE][PASSED] - Text '4111111111111111' is set on object 'Object Repository/RAD_Pages/PaymentEntry_Page/input__cardNumber'

2023-09-12 17:09:24 - [TEST_STEP][PASSED] - setText(findTestObject(orPath_PaymentEntry + "/input__spc"), "123"): Text '123' is set on object 'Object Repository/RAD_Pages/PaymentEntry_Page/input__spc'

2023-09-12 17:09:24 - [MESSAGE][PASSED] - Text '123' is set on object 'Object Repository/RAD_Pages/PaymentEntry_Page/input__spc'

2023-09-12 17:09:24 - [TEST_STEP][PASSED] - selectOptionByLabel(findTestObject(orPath_PaymentEntry + "/select_MM"), "12", false): All options with label '12' are selected in object 'Object Repository/RAD_Pages/PaymentEntry_Page/select_MM' 

2023-09-12 17:09:25 - [MESSAGE][PASSED] - All options with label '12' are selected in object 'Object Repository/RAD_Pages/PaymentEntry_Page/select_MM' 

2023-09-12 17:09:25 - [TEST_STEP][PASSED] - selectOptionByLabel(findTestObject(orPath_PaymentEntry + "/select_YYYY"), "2028", false): All options with label '2028' are selected in object 'Object Repository/RAD_Pages/PaymentEntry_Page/select_YYYY' 

2023-09-12 17:09:26 - [MESSAGE][PASSED] - All options with label '2028' are selected in object 'Object Repository/RAD_Pages/PaymentEntry_Page/select_YYYY' 

2023-09-12 17:09:26 - [TEST_STEP][PASSED] - click(findTestObject(orPath_PaymentEntry + "/input_Field_ccSubmit")): Object: 'Object Repository/RAD_Pages/PaymentEntry_Page/input_Field_ccSubmit' is clicked on

2023-09-12 17:09:26 - [MESSAGE][PASSED] - Object: 'Object Repository/RAD_Pages/PaymentEntry_Page/input_Field_ccSubmit' is clicked on

2023-09-12 17:09:26 - [TEST_STEP][PASSED] - click(findTestObject(orPath_PaymentConfirmation + "/input_N_confirmNotifyAction")): Object: 'Object Repository/RAD_Pages/PaymentConfirmation_Page/input_N_confirmNotifyAction' is clicked on

2023-09-12 17:09:27 - [MESSAGE][PASSED] - Object: 'Object Repository/RAD_Pages/PaymentConfirmation_Page/input_N_confirmNotifyAction' is clicked on

2023-09-12 17:09:27 - [TEST_STEP][PASSED] - verifyTextPresent("Service Fee Acceptance", true): Text 'Service Fee Acceptance' is present on page  using regular expression

2023-09-12 17:09:28 - [MESSAGE][PASSED] - Text 'Service Fee Acceptance' is present on page  using regular expression

2023-09-12 17:09:28 - [TEST_STEP][PASSED] - verifyTextPresent("This transaction is subject to a Service Fee of ", true): Text 'This transaction is subject to a Service Fee of ' is present on page  using regular expression

2023-09-12 17:09:28 - [MESSAGE][PASSED] - Text 'This transaction is subject to a Service Fee of ' is present on page  using regular expression

2023-09-12 17:09:28 - [TEST_STEP][PASSED] - verifyTextPresent("Payment Amount:", true): Text 'Payment Amount:' is present on page  using regular expression

2023-09-12 17:09:28 - [MESSAGE][PASSED] - Text 'Payment Amount:' is present on page  using regular expression

2023-09-12 17:09:28 - [TEST_STEP][PASSED] - verifyTextPresent("100.00", true): Text '100.00' is present on page  using regular expression

2023-09-12 17:09:29 - [MESSAGE][PASSED] - Text '100.00' is present on page  using regular expression

2023-09-12 17:09:29 - [TEST_STEP][PASSED] - verifyTextPresent("Service Fee:", true): Text 'Service Fee:' is present on page  using regular expression

2023-09-12 17:09:29 - [MESSAGE][PASSED] - Text 'Service Fee:' is present on page  using regular expression

2023-09-12 17:09:29 - [TEST_STEP][PASSED] - verifyTextPresent("2.45", true): Text '2.45' is present on page  using regular expression

2023-09-12 17:09:29 - [MESSAGE][PASSED] - Text '2.45' is present on page  using regular expression

2023-09-12 17:09:29 - [TEST_STEP][PASSED] - verifyTextPresent("Total Amount:", true): Text 'Total Amount:' is present on page  using regular expression

2023-09-12 17:09:30 - [MESSAGE][PASSED] - Text 'Total Amount:' is present on page  using regular expression

2023-09-12 17:09:30 - [TEST_STEP][PASSED] - verifyTextPresent("102.45", true): Text '102.45' is present on page  using regular expression

2023-09-12 17:09:30 - [MESSAGE][PASSED] - Text '102.45' is present on page  using regular expression

2023-09-12 17:09:30 - [TEST_STEP][PASSED] - verifyTextPresent("Two transactions will appear on your bank statement, one in the amount of", true): Text 'Two transactions will appear on your bank statement, one in the amount of' is present on page  using regular expression

2023-09-12 17:09:30 - [MESSAGE][PASSED] - Text 'Two transactions will appear on your bank statement, one in the amount of' is present on page  using regular expression

2023-09-12 17:09:30 - [TEST_STEP][PASSED] - verifyElementPresent(findTestObject(orPath_ServiceFeesAccept + "/input_convFeeNotifyAction"), 30): Object 'Object Repository/RAD_Pages/ServiceFeeAccept_Page/input_convFeeNotifyAction' is present

2023-09-12 17:09:31 - [MESSAGE][PASSED] - Object 'Object Repository/RAD_Pages/ServiceFeeAccept_Page/input_convFeeNotifyAction' is present

2023-09-12 17:09:31 - [TEST_STEP][PASSED] - ExecuteTC = findTestData(dataFile).getValue("Execute", row): null

2023-09-12 17:09:31 - [TEST_STEP][PASSED] - TaxType = findTestData(dataFile).getValue("TaxType", row): null

2023-09-12 17:09:31 - [TEST_STEP][PASSED] - PaymentType = findTestData(dataFile).getValue("PaymentType", row): null

2023-09-12 17:09:31 - [TEST_STEP][PASSED] - FilingYear = findTestData(dataFile).getValue("Year", row): null

2023-09-12 17:09:31 - [TEST_STEP][PASSED] - if (ExecuteTC.equalsIgnoreCase("Y")): Object 'Object Repository/RAD_Pages/ServiceFeeAccept_Page/input_convFeeNotifyAction' is present

2023-09-12 17:09:31 - [TEST_STEP][PASSED] - out.println("Begin Record Number: " + row): null

2023-09-12 17:09:31 - [TEST_STEP][PASSED] - today = new java.util.Date(): null

2023-09-12 17:09:31 - [TEST_STEP][PASSED] - println(today): null

2023-09-12 17:09:31 - [TEST_STEP][PASSED] - datText = today: null

2023-09-12 17:09:31 - [TEST_STEP][PASSED] - logInfo("Payment Type: New Tax Return Amount Due"): Payment Type: New Tax Return Amount Due

2023-09-12 17:09:31 - [MESSAGE][INFO] - Payment Type: New Tax Return Amount Due

2023-09-12 17:09:31 - [TEST_STEP][PASSED] - logInfo("Tax Type: " + TaxType): Tax Type: PTE Non-Electing Non-S Corp

2023-09-12 17:09:31 - [MESSAGE][INFO] - Tax Type: PTE Non-Electing Non-S Corp

2023-09-12 17:09:31 - [TEST_STEP][PASSED] - openBrowser(""): Browser is opened with url: ''

2023-09-12 17:09:31 - [MESSAGE][WARNING] - A browser is already opened. Closing browser and opening a new one

2023-09-12 17:09:32 - [MESSAGE][INFO] - Starting 'Chrome' driver

2023-09-12 17:09:32 - [MESSAGE][INFO] - User set preference: ['acceptInsecureCerts', 'true']

2023-09-12 17:09:32 - [MESSAGE][INFO] - Action delay is set to 0 milliseconds

2023-09-12 17:09:33 - [MESSAGE][PASSED] - Browser is opened with url: ''

2023-09-12 17:09:33 - [TEST_STEP][PASSED] - maximizeWindow(): Current window maximized

2023-09-12 17:09:33 - [MESSAGE][PASSED] - Current window maximized

2023-09-12 17:09:33 - [TEST_STEP][PASSED] - navigateToUrl(RADurl): Navigate to 'https://demo.velocitypayment.com/client/rad/index.html' successfully

2023-09-12 17:09:35 - [MESSAGE][PASSED] - Navigate to 'https://demo.velocitypayment.com/client/rad/index.html' successfully

2023-09-12 17:09:35 - [TEST_STEP][PASSED] - selectOptionByLabel(findTestObject(orPath_Landing + "/dd_TaxType"), "New Tax Return Amount Due", false): All options with label 'New Tax Return Amount Due' are selected in object 'Object Repository/RAD_Pages/Landing_Page/dd_TaxType' 

2023-09-12 17:09:35 - [MESSAGE][PASSED] - All options with label 'New Tax Return Amount Due' are selected in object 'Object Repository/RAD_Pages/Landing_Page/dd_TaxType' 

2023-09-12 17:09:35 - [TEST_STEP][PASSED] - selectOptionByLabel(findTestObject("Object Repository/RAD_Pages/Landing_Page/select_NewTaxReturnAmountDue_TaxType"), TaxType, false): All options with label 'PTE Non-Electing Non-S Corp' are selected in object 'Object Repository/RAD_Pages/Landing_Page/select_NewTaxReturnAmountDue_TaxType' 

2023-09-12 17:09:36 - [MESSAGE][PASSED] - All options with label 'PTE Non-Electing Non-S Corp' are selected in object 'Object Repository/RAD_Pages/Landing_Page/select_NewTaxReturnAmountDue_TaxType' 

2023-09-12 17:09:36 - [TEST_STEP][PASSED] - selectOptionByLabel(findTestObject(orPath_TaxTypeFilingYear + "/select_FilingYear"), FilingYear, false): All options with label '2020' are selected in object 'Object Repository/RAD_Pages/TaxTypeFilingYear_Page/select_FilingYear' 

2023-09-12 17:09:37 - [MESSAGE][PASSED] - All options with label '2020' are selected in object 'Object Repository/RAD_Pages/TaxTypeFilingYear_Page/select_FilingYear' 

2023-09-12 17:09:37 - [TEST_STEP][PASSED] - rad.getSetDataRAD.setDataRADBusinessName(): rad.getSetDataRAD.setDataRADBusinessName is PASSED

2023-09-12 17:09:38 - [MESSAGE][PASSED] - Text 'My Company' is set on object 'Object Repository/RAD_Pages/Taxpayer_Page/input_businessName'

2023-09-12 17:09:38 - [MESSAGE][PASSED] - rad.getSetDataRAD.setDataRADBusinessName is PASSED

2023-09-12 17:09:38 - [TEST_STEP][PASSED] - rad.getSetDataRAD.setDataRADAddress(): rad.getSetDataRAD.setDataRADAddress is PASSED

2023-09-12 17:09:40 - [MESSAGE][PASSED] - All options with label 'United States' are selected in object 'Object Repository/RAD_Pages/AddressAndContactInfo_Page/select_Country' 

2023-09-12 17:09:40 - [MESSAGE][PASSED] - Text '2508 Mandan Terrace' is set on object 'Object Repository/RAD_Pages/AddressAndContactInfo_Page/input_streetAddress1'

2023-09-12 17:09:41 - [MESSAGE][PASSED] - Text '' is set on object 'Object Repository/RAD_Pages/AddressAndContactInfo_Page/input_streetAddress2'

2023-09-12 17:09:42 - [MESSAGE][PASSED] - Text 'Gambrills' is set on object 'Object Repository/RAD_Pages/AddressAndContactInfo_Page/input_city'

2023-09-12 17:09:43 - [MESSAGE][PASSED] - All options with label 'Maryland' are selected in object 'Object Repository/RAD_Pages/AddressAndContactInfo_Page/select_State' 

2023-09-12 17:09:44 - [MESSAGE][PASSED] - Text '21054' is set on object 'Object Repository/RAD_Pages/AddressAndContactInfo_Page/input_zipCode'

2023-09-12 17:09:45 - [MESSAGE][PASSED] - Text '(703) 894-5000' is set on object 'Object Repository/RAD_Pages/AddressAndContactInfo_Page/input_phoneNumber'

2023-09-12 17:09:46 - [MESSAGE][PASSED] - Text 'iahmed@govolution.com' is set on object 'Object Repository/RAD_Pages/AddressAndContactInfo_Page/input_eMailAddress'

2023-09-12 17:09:47 - [MESSAGE][PASSED] - Text 'iahmed@govolution.com' is set on object 'Object Repository/RAD_Pages/AddressAndContactInfo_Page/input_reEnterEMailAddress'

2023-09-12 17:09:47 - [MESSAGE][PASSED] - rad.getSetDataRAD.setDataRADAddress is PASSED

2023-09-12 17:09:47 - [TEST_STEP][PASSED] - rad.getSetDataRAD.setDataRADFEIN(): rad.getSetDataRAD.setDataRADFEIN is PASSED

2023-09-12 17:09:47 - [MESSAGE][PASSED] - Text ****** has been set on object 'Object Repository/RAD_Pages/TaxInfo_Page/input_FederalEIN'

2023-09-12 17:09:48 - [MESSAGE][PASSED] - Text ****** has been set on object 'Object Repository/RAD_Pages/TaxInfo_Page/input_FederalEIN_ReEnter'

2023-09-12 17:09:48 - [MESSAGE][PASSED] - rad.getSetDataRAD.setDataRADFEIN is PASSED

2023-09-12 17:09:48 - [TEST_STEP][PASSED] - setText(findTestObject(orPath_Amount + "/input__paymentAmount"), "100.00"): Text '100.00' is set on object 'Object Repository/RAD_Pages/PaymentAmount_Page/input__paymentAmount'

2023-09-12 17:09:49 - [MESSAGE][PASSED] - Text '100.00' is set on object 'Object Repository/RAD_Pages/PaymentAmount_Page/input__paymentAmount'

2023-09-12 17:09:49 - [TEST_STEP][PASSED] - setText(findTestObject(orPath_AddressContact + "/input_streetAddress2"), ""): Text '' is set on object 'Object Repository/RAD_Pages/AddressAndContactInfo_Page/input_streetAddress2'

2023-09-12 17:09:50 - [MESSAGE][PASSED] - Text '' is set on object 'Object Repository/RAD_Pages/AddressAndContactInfo_Page/input_streetAddress2'

2023-09-12 17:09:50 - [TEST_STEP][PASSED] - scrollToElement(findTestObject(orPath_Landing + "/button_Continue"), 3): Scroll to object 'Object Repository/RAD_Pages/Landing_Page/button_Continue' successfully

2023-09-12 17:09:50 - [MESSAGE][PASSED] - Scroll to object 'Object Repository/RAD_Pages/Landing_Page/button_Continue' successfully

2023-09-12 17:09:50 - [TEST_STEP][PASSED] - waitForElementClickable(findTestObject(orPath_Landing + "/button_Continue"), 5): Object 'Object Repository/RAD_Pages/Landing_Page/button_Continue' is clickable

2023-09-12 17:09:51 - [MESSAGE][PASSED] - Object 'Object Repository/RAD_Pages/Landing_Page/button_Continue' is clickable

2023-09-12 17:09:51 - [TEST_STEP][PASSED] - click(findTestObject(orPath_Landing + "/button_Continue")): Object: 'Object Repository/RAD_Pages/Landing_Page/button_Continue' is clicked on

2023-09-12 17:09:51 - [MESSAGE][PASSED] - Object: 'Object Repository/RAD_Pages/Landing_Page/button_Continue' is clicked on

2023-09-12 17:09:51 - [TEST_STEP][PASSED] - delay(2): Delayed 2 second(s)

2023-09-12 17:09:53 - [MESSAGE][PASSED] - Delayed 2 second(s)

2023-09-12 17:09:53 - [TEST_STEP][PASSED] - verifyTextPresent("Summary", true): Text 'Summary' is present on page  using regular expression

2023-09-12 17:09:53 - [MESSAGE][PASSED] - Text 'Summary' is present on page  using regular expression

2023-09-12 17:09:53 - [TEST_STEP][PASSED] - verifyTextPresent("Review the information below and make any necessary corrections by clicking the", true): Text 'Review the information below and make any necessary corrections by clicking the' is present on page  using regular expression

2023-09-12 17:09:54 - [MESSAGE][PASSED] - Text 'Review the information below and make any necessary corrections by clicking the' is present on page  using regular expression

2023-09-12 17:09:54 - [TEST_STEP][PASSED] - verifyTextPresent("When you are confident that all the information is correct, click the", true): Text 'When you are confident that all the information is correct, click the' is present on page  using regular expression

2023-09-12 17:09:54 - [MESSAGE][PASSED] - Text 'When you are confident that all the information is correct, click the' is present on page  using regular expression

2023-09-12 17:09:54 - [TEST_STEP][PASSED] - verifyTextPresent("Payment Type/Filing Year", true): Text 'Payment Type/Filing Year' is present on page  using regular expression

2023-09-12 17:09:55 - [MESSAGE][PASSED] - Text 'Payment Type/Filing Year' is present on page  using regular expression

2023-09-12 17:09:55 - [TEST_STEP][PASSED] - verifyTextPresent("Payment Type:", true): Text 'Payment Type:' is present on page  using regular expression

2023-09-12 17:09:55 - [MESSAGE][PASSED] - Text 'Payment Type:' is present on page  using regular expression

2023-09-12 17:09:55 - [TEST_STEP][PASSED] - verifyTextPresent("New Tax Return Amount Due", true): Text 'New Tax Return Amount Due' is present on page  using regular expression

2023-09-12 17:09:55 - [MESSAGE][PASSED] - Text 'New Tax Return Amount Due' is present on page  using regular expression

2023-09-12 17:09:55 - [TEST_STEP][PASSED] - verifyTextPresent("Filing Year:", true): Text 'Filing Year:' is present on page  using regular expression

2023-09-12 17:09:56 - [MESSAGE][PASSED] - Text 'Filing Year:' is present on page  using regular expression

2023-09-12 17:09:56 - [TEST_STEP][PASSED] - verifyTextPresent(FilingYear, true): Text '2020' is present on page  using regular expression

2023-09-12 17:09:56 - [MESSAGE][PASSED] - Text '2020' is present on page  using regular expression

2023-09-12 17:09:56 - [TEST_STEP][PASSED] - verifyTextPresent("Payer Information", true): Text 'Payer Information' is present on page  using regular expression

2023-09-12 17:09:56 - [MESSAGE][PASSED] - Text 'Payer Information' is present on page  using regular expression

2023-09-12 17:09:56 - [TEST_STEP][PASSED] - verifyTextPresent("Taxpayer Name:", true): Text 'Taxpayer Name:' is present on page  using regular expression

2023-09-12 17:09:57 - [MESSAGE][PASSED] - Text 'Taxpayer Name:' is present on page  using regular expression

2023-09-12 17:09:57 - [TEST_STEP][PASSED] - verifyTextPresent("My Company", true): Text 'My Company' is present on page  using regular expression

2023-09-12 17:09:57 - [MESSAGE][PASSED] - Text 'My Company' is present on page  using regular expression

2023-09-12 17:09:57 - [TEST_STEP][PASSED] - verifyTextPresent("Taxpayer Address:", true): Text 'Taxpayer Address:' is present on page  using regular expression

2023-09-12 17:09:58 - [MESSAGE][PASSED] - Text 'Taxpayer Address:' is present on page  using regular expression

2023-09-12 17:09:58 - [TEST_STEP][PASSED] - verifyTextPresent("2508 Mandan Terrace Gambrills Maryland 21054", true): Text '2508 Mandan Terrace Gambrills Maryland 21054' is present on page  using regular expression

2023-09-12 17:09:58 - [MESSAGE][PASSED] - Text '2508 Mandan Terrace Gambrills Maryland 21054' is present on page  using regular expression

2023-09-12 17:09:58 - [TEST_STEP][PASSED] - verifyTextPresent("Email:", true): Text 'Email:' is present on page  using regular expression

2023-09-12 17:09:58 - [MESSAGE][PASSED] - Text 'Email:' is present on page  using regular expression

2023-09-12 17:09:58 - [TEST_STEP][PASSED] - verifyTextPresent("iahmed@govolution.com", true): Text 'iahmed@govolution.com' is present on page  using regular expression

2023-09-12 17:09:59 - [MESSAGE][PASSED] - Text 'iahmed@govolution.com' is present on page  using regular expression

2023-09-12 17:09:59 - [TEST_STEP][PASSED] - verifyTextPresent("Phone:", true): Text 'Phone:' is present on page  using regular expression

2023-09-12 17:09:59 - [MESSAGE][PASSED] - Text 'Phone:' is present on page  using regular expression

2023-09-12 17:09:59 - [TEST_STEP][PASSED] - verifyTextPresent("(703) 894-5000", false): Text '(703) 894-5000' is present on page 

2023-09-12 17:09:59 - [MESSAGE][PASSED] - Text '(703) 894-5000' is present on page 

2023-09-12 17:09:59 - [TEST_STEP][PASSED] - verifyTextPresent("Tax Information", true): Text 'Tax Information' is present on page  using regular expression

2023-09-12 17:10:00 - [MESSAGE][PASSED] - Text 'Tax Information' is present on page  using regular expression

2023-09-12 17:10:00 - [TEST_STEP][PASSED] - verifyTextPresent("Federal EIN:", true): Text 'Federal EIN:' is present on page  using regular expression

2023-09-12 17:10:00 - [MESSAGE][PASSED] - Text 'Federal EIN:' is present on page  using regular expression

2023-09-12 17:10:00 - [TEST_STEP][PASSED] - verifyTextPresent("Payment Amount:", true): Text 'Payment Amount:' is present on page  using regular expression

2023-09-12 17:10:00 - [MESSAGE][PASSED] - Text 'Payment Amount:' is present on page  using regular expression

2023-09-12 17:10:00 - [TEST_STEP][PASSED] - verifyTextPresent("100.00", true): Text '100.00' is present on page  using regular expression

2023-09-12 17:10:01 - [MESSAGE][PASSED] - Text '100.00' is present on page  using regular expression

2023-09-12 17:10:01 - [TEST_STEP][PASSED] - click(findTestObject(orPath_Summary + "/button_Proceed to Payment")): Object: 'Object Repository/RAD_Pages/Summary_Page/button_Proceed to Payment' is clicked on

2023-09-12 17:10:02 - [MESSAGE][PASSED] - Object: 'Object Repository/RAD_Pages/Summary_Page/button_Proceed to Payment' is clicked on

2023-09-12 17:10:02 - [TEST_STEP][PASSED] - verifyTextPresent("Comptroller of Maryland", true): Text 'Comptroller of Maryland' is present on page  using regular expression

2023-09-12 17:10:02 - [MESSAGE][PASSED] - Text 'Comptroller of Maryland' is present on page  using regular expression

2023-09-12 17:10:02 - [TEST_STEP][PASSED] - verifyTextPresent("Revenue Administration Division", true): Text 'Revenue Administration Division' is present on page  using regular expression

2023-09-12 17:10:03 - [MESSAGE][PASSED] - Text 'Revenue Administration Division' is present on page  using regular expression

2023-09-12 17:10:03 - [TEST_STEP][PASSED] - verifyTextPresent("Payment Information", true): Text 'Payment Information' is present on page  using regular expression

2023-09-12 17:10:03 - [MESSAGE][PASSED] - Text 'Payment Information' is present on page  using regular expression

2023-09-12 17:10:03 - [TEST_STEP][PASSED] - card_Name = getAttribute(findTestObject("Object Repository/RAD_Pages/PaymentEntry_Page/input__billingName"), "value"): Attribute 'value' of object 'Object Repository/RAD_Pages/PaymentEntry_Page/input__billingName' is: ''

2023-09-12 17:10:03 - [MESSAGE][PASSED] - Attribute 'value' of object 'Object Repository/RAD_Pages/PaymentEntry_Page/input__billingName' is: ''

2023-09-12 17:10:03 - [TEST_STEP][PASSED] - verifyMatch("", card_Name, false): Actual text '' and expected text '' are matched 

2023-09-12 17:10:03 - [MESSAGE][PASSED] - Actual text '' and expected text '' are matched 

2023-09-12 17:10:03 - [TEST_STEP][PASSED] - AL1 = getAttribute(findTestObject("Object Repository/RAD_Pages/PaymentEntry_Page/input_billingAddress"), "value"): Attribute 'value' of object 'Object Repository/RAD_Pages/PaymentEntry_Page/input_billingAddress' is: '2508 Mandan Terrace'

2023-09-12 17:10:04 - [MESSAGE][PASSED] - Attribute 'value' of object 'Object Repository/RAD_Pages/PaymentEntry_Page/input_billingAddress' is: '2508 Mandan Terrace'

2023-09-12 17:10:04 - [TEST_STEP][PASSED] - verifyMatch("2508 Mandan Terrace", AL1, false): Actual text '2508 Mandan Terrace' and expected text '2508 Mandan Terrace' are matched 

2023-09-12 17:10:04 - [MESSAGE][PASSED] - Actual text '2508 Mandan Terrace' and expected text '2508 Mandan Terrace' are matched 

2023-09-12 17:10:04 - [TEST_STEP][PASSED] - AL2 = getAttribute(findTestObject("Object Repository/RAD_Pages/PaymentEntry_Page/input_billingAddress2"), "value"): Attribute 'value' of object 'Object Repository/RAD_Pages/PaymentEntry_Page/input_billingAddress2' is: ''

2023-09-12 17:10:04 - [MESSAGE][PASSED] - Attribute 'value' of object 'Object Repository/RAD_Pages/PaymentEntry_Page/input_billingAddress2' is: ''

2023-09-12 17:10:04 - [TEST_STEP][PASSED] - verifyMatch("", AL2, false): Actual text '' and expected text '' are matched 

2023-09-12 17:10:04 - [MESSAGE][PASSED] - Actual text '' and expected text '' are matched 

2023-09-12 17:10:04 - [TEST_STEP][PASSED] - zipCode = getAttribute(findTestObject("Object Repository/RAD_Pages/PaymentEntry_Page/input_billingZip"), "value"): Attribute 'value' of object 'Object Repository/RAD_Pages/PaymentEntry_Page/input_billingZip' is: '21054'

2023-09-12 17:10:04 - [MESSAGE][PASSED] - Attribute 'value' of object 'Object Repository/RAD_Pages/PaymentEntry_Page/input_billingZip' is: '21054'

2023-09-12 17:10:04 - [TEST_STEP][PASSED] - verifyMatch("21054", zipCode, false): Actual text '21054' and expected text '21054' are matched 

2023-09-12 17:10:04 - [MESSAGE][PASSED] - Actual text '21054' and expected text '21054' are matched 

2023-09-12 17:10:04 - [TEST_STEP][PASSED] - city = getAttribute(findTestObject("Object Repository/RAD_Pages/PaymentEntry_Page/input_billingCity"), "value"): Attribute 'value' of object 'Object Repository/RAD_Pages/PaymentEntry_Page/input_billingCity' is: 'GAMBRILLS'

2023-09-12 17:10:05 - [MESSAGE][PASSED] - Attribute 'value' of object 'Object Repository/RAD_Pages/PaymentEntry_Page/input_billingCity' is: 'GAMBRILLS'

2023-09-12 17:10:05 - [TEST_STEP][PASSED] - verifyMatch("GAMBRILLS", city, false): Actual text 'GAMBRILLS' and expected text 'GAMBRILLS' are matched 

2023-09-12 17:10:05 - [MESSAGE][PASSED] - Actual text 'GAMBRILLS' and expected text 'GAMBRILLS' are matched 

2023-09-12 17:10:05 - [TEST_STEP][PASSED] - email = getAttribute(findTestObject("Object Repository/RAD_Pages/PaymentEntry_Page/input_emailAddress"), "value"): Attribute 'value' of object 'Object Repository/RAD_Pages/PaymentEntry_Page/input_emailAddress' is: 'iahmed@govolution.com'

2023-09-12 17:10:05 - [MESSAGE][PASSED] - Attribute 'value' of object 'Object Repository/RAD_Pages/PaymentEntry_Page/input_emailAddress' is: 'iahmed@govolution.com'

2023-09-12 17:10:05 - [TEST_STEP][PASSED] - verifyMatch("iahmed@govolution.com", email, false): Actual text 'iahmed@govolution.com' and expected text 'iahmed@govolution.com' are matched 

2023-09-12 17:10:05 - [MESSAGE][PASSED] - Actual text 'iahmed@govolution.com' and expected text 'iahmed@govolution.com' are matched 

2023-09-12 17:10:05 - [TEST_STEP][PASSED] - amount = getAttribute(findTestObject("Object Repository/RAD_Pages/PaymentEntry_Page/input_amount"), "value"): Attribute 'value' of object 'Object Repository/RAD_Pages/PaymentEntry_Page/input_amount' is: '100.00'

2023-09-12 17:10:05 - [MESSAGE][PASSED] - Attribute 'value' of object 'Object Repository/RAD_Pages/PaymentEntry_Page/input_amount' is: '100.00'

2023-09-12 17:10:05 - [TEST_STEP][PASSED] - verifyMatch("100.00", amount, false): Actual text '100.00' and expected text '100.00' are matched 

2023-09-12 17:10:05 - [MESSAGE][PASSED] - Actual text '100.00' and expected text '100.00' are matched 

2023-09-12 17:10:05 - [TEST_STEP][PASSED] - amountReadOnly = getAttribute(findTestObject("Object Repository/RAD_Pages/PaymentEntry_Page/input_amount"), "readonly"): Attribute 'readonly' of object 'Object Repository/RAD_Pages/PaymentEntry_Page/input_amount' is: 'true'

2023-09-12 17:10:06 - [MESSAGE][PASSED] - Attribute 'readonly' of object 'Object Repository/RAD_Pages/PaymentEntry_Page/input_amount' is: 'true'

2023-09-12 17:10:06 - [TEST_STEP][PASSED] - verifyMatch("true", amountReadOnly, false): Actual text 'true' and expected text 'true' are matched 

2023-09-12 17:10:06 - [MESSAGE][PASSED] - Actual text 'true' and expected text 'true' are matched 

2023-09-12 17:10:06 - [TEST_STEP][PASSED] - verifyOptionSelectedByLabel(findTestObject("Object Repository/RAD_Pages/PaymentEntry_Page/select_Country"), "United States", false, 20): All options with label 'United States' are selected in object 'Object Repository/RAD_Pages/PaymentEntry_Page/select_Country' 

2023-09-12 17:10:07 - [MESSAGE][PASSED] - All options with label 'United States' are selected in object 'Object Repository/RAD_Pages/PaymentEntry_Page/select_Country' 

2023-09-12 17:10:07 - [TEST_STEP][PASSED] - verifyOptionSelectedByLabel(findTestObject("Object Repository/RAD_Pages/PaymentEntry_Page/select_State"), "Maryland", false, 20): All options with label 'Maryland' are selected in object 'Object Repository/RAD_Pages/PaymentEntry_Page/select_State' 

2023-09-12 17:10:09 - [MESSAGE][PASSED] - All options with label 'Maryland' are selected in object 'Object Repository/RAD_Pages/PaymentEntry_Page/select_State' 

2023-09-12 17:10:09 - [TEST_STEP][PASSED] - setText(findTestObject("Object Repository/RAD_Pages/PaymentEntry_Page/input__billingName"), "Anthony Gonzalez"): Text 'Anthony Gonzalez' is set on object 'Object Repository/RAD_Pages/PaymentEntry_Page/input__billingName'

2023-09-12 17:10:10 - [MESSAGE][PASSED] - Text 'Anthony Gonzalez' is set on object 'Object Repository/RAD_Pages/PaymentEntry_Page/input__billingName'

2023-09-12 17:10:10 - [TEST_STEP][PASSED] - setText(findTestObject(orPath_PaymentEntry + "/input__cardNumber"), "4111111111111111"): Text '4111111111111111' is set on object 'Object Repository/RAD_Pages/PaymentEntry_Page/input__cardNumber'

2023-09-12 17:10:11 - [MESSAGE][PASSED] - Text '4111111111111111' is set on object 'Object Repository/RAD_Pages/PaymentEntry_Page/input__cardNumber'

2023-09-12 17:10:11 - [TEST_STEP][PASSED] - setText(findTestObject(orPath_PaymentEntry + "/input__spc"), "123"): Text '123' is set on object 'Object Repository/RAD_Pages/PaymentEntry_Page/input__spc'

2023-09-12 17:10:12 - [MESSAGE][PASSED] - Text '123' is set on object 'Object Repository/RAD_Pages/PaymentEntry_Page/input__spc'

2023-09-12 17:10:12 - [TEST_STEP][PASSED] - selectOptionByLabel(findTestObject(orPath_PaymentEntry + "/select_MM"), "12", false): All options with label '12' are selected in object 'Object Repository/RAD_Pages/PaymentEntry_Page/select_MM' 

2023-09-12 17:10:12 - [MESSAGE][PASSED] - All options with label '12' are selected in object 'Object Repository/RAD_Pages/PaymentEntry_Page/select_MM' 

2023-09-12 17:10:12 - [TEST_STEP][PASSED] - selectOptionByLabel(findTestObject(orPath_PaymentEntry + "/select_YYYY"), "2028", false): All options with label '2028' are selected in object 'Object Repository/RAD_Pages/PaymentEntry_Page/select_YYYY' 

2023-09-12 17:10:13 - [MESSAGE][PASSED] - All options with label '2028' are selected in object 'Object Repository/RAD_Pages/PaymentEntry_Page/select_YYYY' 

2023-09-12 17:10:13 - [TEST_STEP][PASSED] - click(findTestObject(orPath_PaymentEntry + "/input_Field_ccSubmit")): Object: 'Object Repository/RAD_Pages/PaymentEntry_Page/input_Field_ccSubmit' is clicked on

2023-09-12 17:10:14 - [MESSAGE][PASSED] - Object: 'Object Repository/RAD_Pages/PaymentEntry_Page/input_Field_ccSubmit' is clicked on

2023-09-12 17:10:14 - [TEST_STEP][PASSED] - click(findTestObject(orPath_PaymentConfirmation + "/input_N_confirmNotifyAction")): Object: 'Object Repository/RAD_Pages/PaymentConfirmation_Page/input_N_confirmNotifyAction' is clicked on

2023-09-12 17:10:15 - [MESSAGE][PASSED] - Object: 'Object Repository/RAD_Pages/PaymentConfirmation_Page/input_N_confirmNotifyAction' is clicked on

2023-09-12 17:10:15 - [TEST_STEP][PASSED] - verifyTextPresent("Service Fee Acceptance", true): Text 'Service Fee Acceptance' is present on page  using regular expression

2023-09-12 17:10:16 - [MESSAGE][PASSED] - Text 'Service Fee Acceptance' is present on page  using regular expression

2023-09-12 17:10:16 - [TEST_STEP][PASSED] - verifyTextPresent("This transaction is subject to a Service Fee of ", true): Text 'This transaction is subject to a Service Fee of ' is present on page  using regular expression

2023-09-12 17:10:16 - [MESSAGE][PASSED] - Text 'This transaction is subject to a Service Fee of ' is present on page  using regular expression

2023-09-12 17:10:16 - [TEST_STEP][PASSED] - verifyTextPresent("Payment Amount:", true): Text 'Payment Amount:' is present on page  using regular expression

2023-09-12 17:10:16 - [MESSAGE][PASSED] - Text 'Payment Amount:' is present on page  using regular expression

2023-09-12 17:10:16 - [TEST_STEP][PASSED] - verifyTextPresent("100.00", true): Text '100.00' is present on page  using regular expression

2023-09-12 17:10:16 - [MESSAGE][PASSED] - Text '100.00' is present on page  using regular expression

2023-09-12 17:10:16 - [TEST_STEP][PASSED] - verifyTextPresent("Service Fee:", true): Text 'Service Fee:' is present on page  using regular expression

2023-09-12 17:10:17 - [MESSAGE][PASSED] - Text 'Service Fee:' is present on page  using regular expression

2023-09-12 17:10:17 - [TEST_STEP][PASSED] - verifyTextPresent("2.45", true): Text '2.45' is present on page  using regular expression

2023-09-12 17:10:17 - [MESSAGE][PASSED] - Text '2.45' is present on page  using regular expression

2023-09-12 17:10:17 - [TEST_STEP][PASSED] - verifyTextPresent("Total Amount:", true): Text 'Total Amount:' is present on page  using regular expression

2023-09-12 17:10:17 - [MESSAGE][PASSED] - Text 'Total Amount:' is present on page  using regular expression

2023-09-12 17:10:17 - [TEST_STEP][PASSED] - verifyTextPresent("102.45", true): Text '102.45' is present on page  using regular expression

2023-09-12 17:10:17 - [MESSAGE][PASSED] - Text '102.45' is present on page  using regular expression

2023-09-12 17:10:17 - [TEST_STEP][PASSED] - verifyTextPresent("Two transactions will appear on your bank statement, one in the amount of", true): Text 'Two transactions will appear on your bank statement, one in the amount of' is present on page  using regular expression

2023-09-12 17:10:18 - [MESSAGE][PASSED] - Text 'Two transactions will appear on your bank statement, one in the amount of' is present on page  using regular expression

2023-09-12 17:10:18 - [TEST_STEP][PASSED] - verifyElementPresent(findTestObject(orPath_ServiceFeesAccept + "/input_convFeeNotifyAction"), 30): Object 'Object Repository/RAD_Pages/ServiceFeeAccept_Page/input_convFeeNotifyAction' is present

2023-09-12 17:10:18 - [MESSAGE][PASSED] - Object 'Object Repository/RAD_Pages/ServiceFeeAccept_Page/input_convFeeNotifyAction' is present

2023-09-12 17:10:18 - [TEST_STEP][PASSED] - ExecuteTC = findTestData(dataFile).getValue("Execute", row): null

2023-09-12 17:10:18 - [TEST_STEP][PASSED] - TaxType = findTestData(dataFile).getValue("TaxType", row): null

2023-09-12 17:10:18 - [TEST_STEP][PASSED] - PaymentType = findTestData(dataFile).getValue("PaymentType", row): null

2023-09-12 17:10:18 - [TEST_STEP][PASSED] - FilingYear = findTestData(dataFile).getValue("Year", row): null

2023-09-12 17:10:18 - [TEST_STEP][PASSED] - if (ExecuteTC.equalsIgnoreCase("Y")): Object 'Object Repository/RAD_Pages/ServiceFeeAccept_Page/input_convFeeNotifyAction' is present

2023-09-12 17:10:18 - [TEST_STEP][PASSED] - out.println("Begin Record Number: " + row): null

2023-09-12 17:10:18 - [TEST_STEP][PASSED] - today = new java.util.Date(): null

2023-09-12 17:10:18 - [TEST_STEP][PASSED] - println(today): null

2023-09-12 17:10:18 - [TEST_STEP][PASSED] - datText = today: null

2023-09-12 17:10:18 - [TEST_STEP][PASSED] - logInfo("Payment Type: New Tax Return Amount Due"): Payment Type: New Tax Return Amount Due

2023-09-12 17:10:18 - [MESSAGE][INFO] - Payment Type: New Tax Return Amount Due

2023-09-12 17:10:18 - [TEST_STEP][PASSED] - logInfo("Tax Type: " + TaxType): Tax Type: PTE Non-Electing S Corp

2023-09-12 17:10:18 - [MESSAGE][INFO] - Tax Type: PTE Non-Electing S Corp

2023-09-12 17:10:18 - [TEST_STEP][PASSED] - openBrowser(""): Browser is opened with url: ''

2023-09-12 17:10:18 - [MESSAGE][WARNING] - A browser is already opened. Closing browser and opening a new one

2023-09-12 17:10:19 - [MESSAGE][INFO] - Starting 'Chrome' driver

2023-09-12 17:10:19 - [MESSAGE][INFO] - User set preference: ['acceptInsecureCerts', 'true']

2023-09-12 17:10:19 - [MESSAGE][INFO] - Action delay is set to 0 milliseconds

2023-09-12 17:10:21 - [MESSAGE][PASSED] - Browser is opened with url: ''

2023-09-12 17:10:21 - [TEST_STEP][PASSED] - maximizeWindow(): Current window maximized

2023-09-12 17:10:21 - [MESSAGE][PASSED] - Current window maximized

2023-09-12 17:10:21 - [TEST_STEP][PASSED] - navigateToUrl(RADurl): Navigate to 'https://demo.velocitypayment.com/client/rad/index.html' successfully

2023-09-12 17:10:22 - [MESSAGE][PASSED] - Navigate to 'https://demo.velocitypayment.com/client/rad/index.html' successfully

2023-09-12 17:10:22 - [TEST_STEP][PASSED] - selectOptionByLabel(findTestObject(orPath_Landing + "/dd_TaxType"), "New Tax Return Amount Due", false): All options with label 'New Tax Return Amount Due' are selected in object 'Object Repository/RAD_Pages/Landing_Page/dd_TaxType' 

2023-09-12 17:10:23 - [MESSAGE][PASSED] - All options with label 'New Tax Return Amount Due' are selected in object 'Object Repository/RAD_Pages/Landing_Page/dd_TaxType' 

2023-09-12 17:10:23 - [TEST_STEP][PASSED] - selectOptionByLabel(findTestObject("Object Repository/RAD_Pages/Landing_Page/select_NewTaxReturnAmountDue_TaxType"), TaxType, false): All options with label 'PTE Non-Electing S Corp' are selected in object 'Object Repository/RAD_Pages/Landing_Page/select_NewTaxReturnAmountDue_TaxType' 

2023-09-12 17:10:24 - [MESSAGE][PASSED] - All options with label 'PTE Non-Electing S Corp' are selected in object 'Object Repository/RAD_Pages/Landing_Page/select_NewTaxReturnAmountDue_TaxType' 

2023-09-12 17:10:24 - [TEST_STEP][PASSED] - selectOptionByLabel(findTestObject(orPath_TaxTypeFilingYear + "/select_FilingYear"), FilingYear, false): All options with label '2020' are selected in object 'Object Repository/RAD_Pages/TaxTypeFilingYear_Page/select_FilingYear' 

2023-09-12 17:10:25 - [MESSAGE][PASSED] - All options with label '2020' are selected in object 'Object Repository/RAD_Pages/TaxTypeFilingYear_Page/select_FilingYear' 

2023-09-12 17:10:25 - [TEST_STEP][PASSED] - rad.getSetDataRAD.setDataRADBusinessName(): rad.getSetDataRAD.setDataRADBusinessName is PASSED

2023-09-12 17:10:26 - [MESSAGE][PASSED] - Text 'My Company' is set on object 'Object Repository/RAD_Pages/Taxpayer_Page/input_businessName'

2023-09-12 17:10:26 - [MESSAGE][PASSED] - rad.getSetDataRAD.setDataRADBusinessName is PASSED

2023-09-12 17:10:26 - [TEST_STEP][PASSED] - rad.getSetDataRAD.setDataRADAddress(): rad.getSetDataRAD.setDataRADAddress is PASSED

2023-09-12 17:10:27 - [MESSAGE][PASSED] - All options with label 'United States' are selected in object 'Object Repository/RAD_Pages/AddressAndContactInfo_Page/select_Country' 

2023-09-12 17:10:28 - [MESSAGE][PASSED] - Text '2508 Mandan Terrace' is set on object 'Object Repository/RAD_Pages/AddressAndContactInfo_Page/input_streetAddress1'

2023-09-12 17:10:29 - [MESSAGE][PASSED] - Text '' is set on object 'Object Repository/RAD_Pages/AddressAndContactInfo_Page/input_streetAddress2'

2023-09-12 17:10:30 - [MESSAGE][PASSED] - Text 'Gambrills' is set on object 'Object Repository/RAD_Pages/AddressAndContactInfo_Page/input_city'

2023-09-12 17:10:31 - [MESSAGE][PASSED] - All options with label 'Maryland' are selected in object 'Object Repository/RAD_Pages/AddressAndContactInfo_Page/select_State' 

2023-09-12 17:10:31 - [MESSAGE][PASSED] - Text '21054' is set on object 'Object Repository/RAD_Pages/AddressAndContactInfo_Page/input_zipCode'

2023-09-12 17:10:32 - [MESSAGE][PASSED] - Text '(703) 894-5000' is set on object 'Object Repository/RAD_Pages/AddressAndContactInfo_Page/input_phoneNumber'

2023-09-12 17:10:33 - [MESSAGE][PASSED] - Text 'iahmed@govolution.com' is set on object 'Object Repository/RAD_Pages/AddressAndContactInfo_Page/input_eMailAddress'

2023-09-12 17:10:34 - [MESSAGE][PASSED] - Text 'iahmed@govolution.com' is set on object 'Object Repository/RAD_Pages/AddressAndContactInfo_Page/input_reEnterEMailAddress'

2023-09-12 17:10:34 - [MESSAGE][PASSED] - rad.getSetDataRAD.setDataRADAddress is PASSED

2023-09-12 17:10:34 - [TEST_STEP][PASSED] - rad.getSetDataRAD.setDataRADFEIN(): rad.getSetDataRAD.setDataRADFEIN is PASSED

2023-09-12 17:10:35 - [MESSAGE][PASSED] - Text ****** has been set on object 'Object Repository/RAD_Pages/TaxInfo_Page/input_FederalEIN'

2023-09-12 17:10:36 - [MESSAGE][PASSED] - Text ****** has been set on object 'Object Repository/RAD_Pages/TaxInfo_Page/input_FederalEIN_ReEnter'

2023-09-12 17:10:36 - [MESSAGE][PASSED] - rad.getSetDataRAD.setDataRADFEIN is PASSED

2023-09-12 17:10:36 - [TEST_STEP][PASSED] - setText(findTestObject(orPath_Amount + "/input__paymentAmount"), "100.00"): Text '100.00' is set on object 'Object Repository/RAD_Pages/PaymentAmount_Page/input__paymentAmount'

2023-09-12 17:10:36 - [MESSAGE][PASSED] - Text '100.00' is set on object 'Object Repository/RAD_Pages/PaymentAmount_Page/input__paymentAmount'

2023-09-12 17:10:36 - [TEST_STEP][PASSED] - setText(findTestObject(orPath_AddressContact + "/input_streetAddress2"), ""): Text '' is set on object 'Object Repository/RAD_Pages/AddressAndContactInfo_Page/input_streetAddress2'

2023-09-12 17:10:37 - [MESSAGE][PASSED] - Text '' is set on object 'Object Repository/RAD_Pages/AddressAndContactInfo_Page/input_streetAddress2'

2023-09-12 17:10:37 - [TEST_STEP][PASSED] - scrollToElement(findTestObject(orPath_Landing + "/button_Continue"), 3): Scroll to object 'Object Repository/RAD_Pages/Landing_Page/button_Continue' successfully

2023-09-12 17:10:38 - [MESSAGE][PASSED] - Scroll to object 'Object Repository/RAD_Pages/Landing_Page/button_Continue' successfully

2023-09-12 17:10:38 - [TEST_STEP][PASSED] - waitForElementClickable(findTestObject(orPath_Landing + "/button_Continue"), 5): Object 'Object Repository/RAD_Pages/Landing_Page/button_Continue' is clickable

2023-09-12 17:10:38 - [MESSAGE][PASSED] - Object 'Object Repository/RAD_Pages/Landing_Page/button_Continue' is clickable

2023-09-12 17:10:38 - [TEST_STEP][PASSED] - click(findTestObject(orPath_Landing + "/button_Continue")): Object: 'Object Repository/RAD_Pages/Landing_Page/button_Continue' is clicked on

2023-09-12 17:10:38 - [MESSAGE][PASSED] - Object: 'Object Repository/RAD_Pages/Landing_Page/button_Continue' is clicked on

2023-09-12 17:10:38 - [TEST_STEP][PASSED] - delay(2): Delayed 2 second(s)

2023-09-12 17:10:40 - [MESSAGE][PASSED] - Delayed 2 second(s)

2023-09-12 17:10:40 - [TEST_STEP][PASSED] - verifyTextPresent("Summary", true): Text 'Summary' is present on page  using regular expression

2023-09-12 17:10:41 - [MESSAGE][PASSED] - Text 'Summary' is present on page  using regular expression

2023-09-12 17:10:41 - [TEST_STEP][PASSED] - verifyTextPresent("Review the information below and make any necessary corrections by clicking the", true): Text 'Review the information below and make any necessary corrections by clicking the' is present on page  using regular expression

2023-09-12 17:10:41 - [MESSAGE][PASSED] - Text 'Review the information below and make any necessary corrections by clicking the' is present on page  using regular expression

2023-09-12 17:10:41 - [TEST_STEP][PASSED] - verifyTextPresent("When you are confident that all the information is correct, click the", true): Text 'When you are confident that all the information is correct, click the' is present on page  using regular expression

2023-09-12 17:10:42 - [MESSAGE][PASSED] - Text 'When you are confident that all the information is correct, click the' is present on page  using regular expression

2023-09-12 17:10:42 - [TEST_STEP][PASSED] - verifyTextPresent("Payment Type/Filing Year", true): Text 'Payment Type/Filing Year' is present on page  using regular expression

2023-09-12 17:10:42 - [MESSAGE][PASSED] - Text 'Payment Type/Filing Year' is present on page  using regular expression

2023-09-12 17:10:42 - [TEST_STEP][PASSED] - verifyTextPresent("Payment Type:", true): Text 'Payment Type:' is present on page  using regular expression

2023-09-12 17:10:42 - [MESSAGE][PASSED] - Text 'Payment Type:' is present on page  using regular expression

2023-09-12 17:10:42 - [TEST_STEP][PASSED] - verifyTextPresent("New Tax Return Amount Due", true): Text 'New Tax Return Amount Due' is present on page  using regular expression

2023-09-12 17:10:43 - [MESSAGE][PASSED] - Text 'New Tax Return Amount Due' is present on page  using regular expression

2023-09-12 17:10:43 - [TEST_STEP][PASSED] - verifyTextPresent("Filing Year:", true): Text 'Filing Year:' is present on page  using regular expression

2023-09-12 17:10:43 - [MESSAGE][PASSED] - Text 'Filing Year:' is present on page  using regular expression

2023-09-12 17:10:43 - [TEST_STEP][PASSED] - verifyTextPresent(FilingYear, true): Text '2020' is present on page  using regular expression

2023-09-12 17:10:43 - [MESSAGE][PASSED] - Text '2020' is present on page  using regular expression

2023-09-12 17:10:43 - [TEST_STEP][PASSED] - verifyTextPresent("Payer Information", true): Text 'Payer Information' is present on page  using regular expression

2023-09-12 17:10:44 - [MESSAGE][PASSED] - Text 'Payer Information' is present on page  using regular expression

2023-09-12 17:10:44 - [TEST_STEP][PASSED] - verifyTextPresent("Taxpayer Name:", true): Text 'Taxpayer Name:' is present on page  using regular expression

2023-09-12 17:10:44 - [MESSAGE][PASSED] - Text 'Taxpayer Name:' is present on page  using regular expression

2023-09-12 17:10:44 - [TEST_STEP][PASSED] - verifyTextPresent("My Company", true): Text 'My Company' is present on page  using regular expression

2023-09-12 17:10:45 - [MESSAGE][PASSED] - Text 'My Company' is present on page  using regular expression

2023-09-12 17:10:45 - [TEST_STEP][PASSED] - verifyTextPresent("Taxpayer Address:", true): Text 'Taxpayer Address:' is present on page  using regular expression

2023-09-12 17:10:45 - [MESSAGE][PASSED] - Text 'Taxpayer Address:' is present on page  using regular expression

2023-09-12 17:10:45 - [TEST_STEP][PASSED] - verifyTextPresent("2508 Mandan Terrace Gambrills Maryland 21054", true): Text '2508 Mandan Terrace Gambrills Maryland 21054' is present on page  using regular expression

2023-09-12 17:10:45 - [MESSAGE][PASSED] - Text '2508 Mandan Terrace Gambrills Maryland 21054' is present on page  using regular expression

2023-09-12 17:10:45 - [TEST_STEP][PASSED] - verifyTextPresent("Email:", true): Text 'Email:' is present on page  using regular expression

2023-09-12 17:10:46 - [MESSAGE][PASSED] - Text 'Email:' is present on page  using regular expression

2023-09-12 17:10:46 - [TEST_STEP][PASSED] - verifyTextPresent("iahmed@govolution.com", true): Text 'iahmed@govolution.com' is present on page  using regular expression

2023-09-12 17:10:46 - [MESSAGE][PASSED] - Text 'iahmed@govolution.com' is present on page  using regular expression

2023-09-12 17:10:46 - [TEST_STEP][PASSED] - verifyTextPresent("Phone:", true): Text 'Phone:' is present on page  using regular expression

2023-09-12 17:10:46 - [MESSAGE][PASSED] - Text 'Phone:' is present on page  using regular expression

2023-09-12 17:10:46 - [TEST_STEP][PASSED] - verifyTextPresent("(703) 894-5000", false): Text '(703) 894-5000' is present on page 

2023-09-12 17:10:47 - [MESSAGE][PASSED] - Text '(703) 894-5000' is present on page 

2023-09-12 17:10:47 - [TEST_STEP][PASSED] - verifyTextPresent("Tax Information", true): Text 'Tax Information' is present on page  using regular expression

2023-09-12 17:10:47 - [MESSAGE][PASSED] - Text 'Tax Information' is present on page  using regular expression

2023-09-12 17:10:47 - [TEST_STEP][PASSED] - verifyTextPresent("Federal EIN:", true): Text 'Federal EIN:' is present on page  using regular expression

2023-09-12 17:10:47 - [MESSAGE][PASSED] - Text 'Federal EIN:' is present on page  using regular expression

2023-09-12 17:10:47 - [TEST_STEP][PASSED] - verifyTextPresent("Payment Amount:", true): Text 'Payment Amount:' is present on page  using regular expression

2023-09-12 17:10:48 - [MESSAGE][PASSED] - Text 'Payment Amount:' is present on page  using regular expression

2023-09-12 17:10:48 - [TEST_STEP][PASSED] - verifyTextPresent("100.00", true): Text '100.00' is present on page  using regular expression

2023-09-12 17:10:48 - [MESSAGE][PASSED] - Text '100.00' is present on page  using regular expression

2023-09-12 17:10:48 - [TEST_STEP][PASSED] - click(findTestObject(orPath_Summary + "/button_Proceed to Payment")): Object: 'Object Repository/RAD_Pages/Summary_Page/button_Proceed to Payment' is clicked on

2023-09-12 17:10:49 - [MESSAGE][PASSED] - Object: 'Object Repository/RAD_Pages/Summary_Page/button_Proceed to Payment' is clicked on

2023-09-12 17:10:49 - [TEST_STEP][PASSED] - verifyTextPresent("Comptroller of Maryland", true): Text 'Comptroller of Maryland' is present on page  using regular expression

2023-09-12 17:10:50 - [MESSAGE][PASSED] - Text 'Comptroller of Maryland' is present on page  using regular expression

2023-09-12 17:10:50 - [TEST_STEP][PASSED] - verifyTextPresent("Revenue Administration Division", true): Text 'Revenue Administration Division' is present on page  using regular expression

2023-09-12 17:10:50 - [MESSAGE][PASSED] - Text 'Revenue Administration Division' is present on page  using regular expression

2023-09-12 17:10:50 - [TEST_STEP][PASSED] - verifyTextPresent("Payment Information", true): Text 'Payment Information' is present on page  using regular expression

2023-09-12 17:10:50 - [MESSAGE][PASSED] - Text 'Payment Information' is present on page  using regular expression

2023-09-12 17:10:50 - [TEST_STEP][PASSED] - card_Name = getAttribute(findTestObject("Object Repository/RAD_Pages/PaymentEntry_Page/input__billingName"), "value"): Attribute 'value' of object 'Object Repository/RAD_Pages/PaymentEntry_Page/input__billingName' is: ''

2023-09-12 17:10:51 - [MESSAGE][PASSED] - Attribute 'value' of object 'Object Repository/RAD_Pages/PaymentEntry_Page/input__billingName' is: ''

2023-09-12 17:10:51 - [TEST_STEP][PASSED] - verifyMatch("", card_Name, false): Actual text '' and expected text '' are matched 

2023-09-12 17:10:51 - [MESSAGE][PASSED] - Actual text '' and expected text '' are matched 

2023-09-12 17:10:51 - [TEST_STEP][PASSED] - AL1 = getAttribute(findTestObject("Object Repository/RAD_Pages/PaymentEntry_Page/input_billingAddress"), "value"): Attribute 'value' of object 'Object Repository/RAD_Pages/PaymentEntry_Page/input_billingAddress' is: '2508 Mandan Terrace'

2023-09-12 17:10:51 - [MESSAGE][PASSED] - Attribute 'value' of object 'Object Repository/RAD_Pages/PaymentEntry_Page/input_billingAddress' is: '2508 Mandan Terrace'

2023-09-12 17:10:51 - [TEST_STEP][PASSED] - verifyMatch("2508 Mandan Terrace", AL1, false): Actual text '2508 Mandan Terrace' and expected text '2508 Mandan Terrace' are matched 

2023-09-12 17:10:51 - [MESSAGE][PASSED] - Actual text '2508 Mandan Terrace' and expected text '2508 Mandan Terrace' are matched 

2023-09-12 17:10:51 - [TEST_STEP][PASSED] - AL2 = getAttribute(findTestObject("Object Repository/RAD_Pages/PaymentEntry_Page/input_billingAddress2"), "value"): Attribute 'value' of object 'Object Repository/RAD_Pages/PaymentEntry_Page/input_billingAddress2' is: ''

2023-09-12 17:10:51 - [MESSAGE][PASSED] - Attribute 'value' of object 'Object Repository/RAD_Pages/PaymentEntry_Page/input_billingAddress2' is: ''

2023-09-12 17:10:51 - [TEST_STEP][PASSED] - verifyMatch("", AL2, false): Actual text '' and expected text '' are matched 

2023-09-12 17:10:51 - [MESSAGE][PASSED] - Actual text '' and expected text '' are matched 

2023-09-12 17:10:51 - [TEST_STEP][PASSED] - zipCode = getAttribute(findTestObject("Object Repository/RAD_Pages/PaymentEntry_Page/input_billingZip"), "value"): Attribute 'value' of object 'Object Repository/RAD_Pages/PaymentEntry_Page/input_billingZip' is: '21054'

2023-09-12 17:10:52 - [MESSAGE][PASSED] - Attribute 'value' of object 'Object Repository/RAD_Pages/PaymentEntry_Page/input_billingZip' is: '21054'

2023-09-12 17:10:52 - [TEST_STEP][PASSED] - verifyMatch("21054", zipCode, false): Actual text '21054' and expected text '21054' are matched 

2023-09-12 17:10:52 - [MESSAGE][PASSED] - Actual text '21054' and expected text '21054' are matched 

2023-09-12 17:10:52 - [TEST_STEP][PASSED] - city = getAttribute(findTestObject("Object Repository/RAD_Pages/PaymentEntry_Page/input_billingCity"), "value"): Attribute 'value' of object 'Object Repository/RAD_Pages/PaymentEntry_Page/input_billingCity' is: 'GAMBRILLS'

2023-09-12 17:10:52 - [MESSAGE][PASSED] - Attribute 'value' of object 'Object Repository/RAD_Pages/PaymentEntry_Page/input_billingCity' is: 'GAMBRILLS'

2023-09-12 17:10:52 - [TEST_STEP][PASSED] - verifyMatch("GAMBRILLS", city, false): Actual text 'GAMBRILLS' and expected text 'GAMBRILLS' are matched 

2023-09-12 17:10:52 - [MESSAGE][PASSED] - Actual text 'GAMBRILLS' and expected text 'GAMBRILLS' are matched 

2023-09-12 17:10:52 - [TEST_STEP][PASSED] - email = getAttribute(findTestObject("Object Repository/RAD_Pages/PaymentEntry_Page/input_emailAddress"), "value"): Attribute 'value' of object 'Object Repository/RAD_Pages/PaymentEntry_Page/input_emailAddress' is: 'iahmed@govolution.com'

2023-09-12 17:10:52 - [MESSAGE][PASSED] - Attribute 'value' of object 'Object Repository/RAD_Pages/PaymentEntry_Page/input_emailAddress' is: 'iahmed@govolution.com'

2023-09-12 17:10:52 - [TEST_STEP][PASSED] - verifyMatch("iahmed@govolution.com", email, false): Actual text 'iahmed@govolution.com' and expected text 'iahmed@govolution.com' are matched 

2023-09-12 17:10:52 - [MESSAGE][PASSED] - Actual text 'iahmed@govolution.com' and expected text 'iahmed@govolution.com' are matched 

2023-09-12 17:10:52 - [TEST_STEP][PASSED] - amount = getAttribute(findTestObject("Object Repository/RAD_Pages/PaymentEntry_Page/input_amount"), "value"): Attribute 'value' of object 'Object Repository/RAD_Pages/PaymentEntry_Page/input_amount' is: '100.00'

2023-09-12 17:10:53 - [MESSAGE][PASSED] - Attribute 'value' of object 'Object Repository/RAD_Pages/PaymentEntry_Page/input_amount' is: '100.00'

2023-09-12 17:10:53 - [TEST_STEP][PASSED] - verifyMatch("100.00", amount, false): Actual text '100.00' and expected text '100.00' are matched 

2023-09-12 17:10:53 - [MESSAGE][PASSED] - Actual text '100.00' and expected text '100.00' are matched 

2023-09-12 17:10:53 - [TEST_STEP][PASSED] - amountReadOnly = getAttribute(findTestObject("Object Repository/RAD_Pages/PaymentEntry_Page/input_amount"), "readonly"): Attribute 'readonly' of object 'Object Repository/RAD_Pages/PaymentEntry_Page/input_amount' is: 'true'

2023-09-12 17:10:53 - [MESSAGE][PASSED] - Attribute 'readonly' of object 'Object Repository/RAD_Pages/PaymentEntry_Page/input_amount' is: 'true'

2023-09-12 17:10:53 - [TEST_STEP][PASSED] - verifyMatch("true", amountReadOnly, false): Actual text 'true' and expected text 'true' are matched 

2023-09-12 17:10:53 - [MESSAGE][PASSED] - Actual text 'true' and expected text 'true' are matched 

2023-09-12 17:10:53 - [TEST_STEP][PASSED] - verifyOptionSelectedByLabel(findTestObject("Object Repository/RAD_Pages/PaymentEntry_Page/select_Country"), "United States", false, 20): All options with label 'United States' are selected in object 'Object Repository/RAD_Pages/PaymentEntry_Page/select_Country' 

2023-09-12 17:10:54 - [MESSAGE][PASSED] - All options with label 'United States' are selected in object 'Object Repository/RAD_Pages/PaymentEntry_Page/select_Country' 

2023-09-12 17:10:54 - [TEST_STEP][PASSED] - verifyOptionSelectedByLabel(findTestObject("Object Repository/RAD_Pages/PaymentEntry_Page/select_State"), "Maryland", false, 20): All options with label 'Maryland' are selected in object 'Object Repository/RAD_Pages/PaymentEntry_Page/select_State' 

2023-09-12 17:10:57 - [MESSAGE][PASSED] - All options with label 'Maryland' are selected in object 'Object Repository/RAD_Pages/PaymentEntry_Page/select_State' 

2023-09-12 17:10:57 - [TEST_STEP][PASSED] - setText(findTestObject("Object Repository/RAD_Pages/PaymentEntry_Page/input__billingName"), "Anthony Gonzalez"): Text 'Anthony Gonzalez' is set on object 'Object Repository/RAD_Pages/PaymentEntry_Page/input__billingName'

2023-09-12 17:10:58 - [MESSAGE][PASSED] - Text 'Anthony Gonzalez' is set on object 'Object Repository/RAD_Pages/PaymentEntry_Page/input__billingName'

2023-09-12 17:10:58 - [TEST_STEP][PASSED] - setText(findTestObject(orPath_PaymentEntry + "/input__cardNumber"), "4111111111111111"): Text '4111111111111111' is set on object 'Object Repository/RAD_Pages/PaymentEntry_Page/input__cardNumber'

2023-09-12 17:10:58 - [MESSAGE][PASSED] - Text '4111111111111111' is set on object 'Object Repository/RAD_Pages/PaymentEntry_Page/input__cardNumber'

2023-09-12 17:10:58 - [TEST_STEP][PASSED] - setText(findTestObject(orPath_PaymentEntry + "/input__spc"), "123"): Text '123' is set on object 'Object Repository/RAD_Pages/PaymentEntry_Page/input__spc'

2023-09-12 17:10:59 - [MESSAGE][PASSED] - Text '123' is set on object 'Object Repository/RAD_Pages/PaymentEntry_Page/input__spc'

2023-09-12 17:10:59 - [TEST_STEP][PASSED] - selectOptionByLabel(findTestObject(orPath_PaymentEntry + "/select_MM"), "12", false): All options with label '12' are selected in object 'Object Repository/RAD_Pages/PaymentEntry_Page/select_MM' 

2023-09-12 17:11:00 - [MESSAGE][PASSED] - All options with label '12' are selected in object 'Object Repository/RAD_Pages/PaymentEntry_Page/select_MM' 

2023-09-12 17:11:00 - [TEST_STEP][PASSED] - selectOptionByLabel(findTestObject(orPath_PaymentEntry + "/select_YYYY"), "2028", false): All options with label '2028' are selected in object 'Object Repository/RAD_Pages/PaymentEntry_Page/select_YYYY' 

2023-09-12 17:11:00 - [MESSAGE][PASSED] - All options with label '2028' are selected in object 'Object Repository/RAD_Pages/PaymentEntry_Page/select_YYYY' 

2023-09-12 17:11:00 - [TEST_STEP][PASSED] - click(findTestObject(orPath_PaymentEntry + "/input_Field_ccSubmit")): Object: 'Object Repository/RAD_Pages/PaymentEntry_Page/input_Field_ccSubmit' is clicked on

2023-09-12 17:11:01 - [MESSAGE][PASSED] - Object: 'Object Repository/RAD_Pages/PaymentEntry_Page/input_Field_ccSubmit' is clicked on

2023-09-12 17:11:01 - [TEST_STEP][PASSED] - click(findTestObject(orPath_PaymentConfirmation + "/input_N_confirmNotifyAction")): Object: 'Object Repository/RAD_Pages/PaymentConfirmation_Page/input_N_confirmNotifyAction' is clicked on

2023-09-12 17:11:02 - [MESSAGE][PASSED] - Object: 'Object Repository/RAD_Pages/PaymentConfirmation_Page/input_N_confirmNotifyAction' is clicked on

2023-09-12 17:11:02 - [TEST_STEP][PASSED] - verifyTextPresent("Service Fee Acceptance", true): Text 'Service Fee Acceptance' is present on page  using regular expression

2023-09-12 17:11:03 - [MESSAGE][PASSED] - Text 'Service Fee Acceptance' is present on page  using regular expression

2023-09-12 17:11:03 - [TEST_STEP][PASSED] - verifyTextPresent("This transaction is subject to a Service Fee of ", true): Text 'This transaction is subject to a Service Fee of ' is present on page  using regular expression

2023-09-12 17:11:03 - [MESSAGE][PASSED] - Text 'This transaction is subject to a Service Fee of ' is present on page  using regular expression

2023-09-12 17:11:03 - [TEST_STEP][PASSED] - verifyTextPresent("Payment Amount:", true): Text 'Payment Amount:' is present on page  using regular expression

2023-09-12 17:11:03 - [MESSAGE][PASSED] - Text 'Payment Amount:' is present on page  using regular expression

2023-09-12 17:11:03 - [TEST_STEP][PASSED] - verifyTextPresent("100.00", true): Text '100.00' is present on page  using regular expression

2023-09-12 17:11:03 - [MESSAGE][PASSED] - Text '100.00' is present on page  using regular expression

2023-09-12 17:11:03 - [TEST_STEP][PASSED] - verifyTextPresent("Service Fee:", true): Text 'Service Fee:' is present on page  using regular expression

2023-09-12 17:11:04 - [MESSAGE][PASSED] - Text 'Service Fee:' is present on page  using regular expression

2023-09-12 17:11:04 - [TEST_STEP][PASSED] - verifyTextPresent("2.45", true): Text '2.45' is present on page  using regular expression

2023-09-12 17:11:04 - [MESSAGE][PASSED] - Text '2.45' is present on page  using regular expression

2023-09-12 17:11:04 - [TEST_STEP][PASSED] - verifyTextPresent("Total Amount:", true): Text 'Total Amount:' is present on page  using regular expression

2023-09-12 17:11:04 - [MESSAGE][PASSED] - Text 'Total Amount:' is present on page  using regular expression

2023-09-12 17:11:04 - [TEST_STEP][PASSED] - verifyTextPresent("102.45", true): Text '102.45' is present on page  using regular expression

2023-09-12 17:11:05 - [MESSAGE][PASSED] - Text '102.45' is present on page  using regular expression

2023-09-12 17:11:05 - [TEST_STEP][PASSED] - verifyTextPresent("Two transactions will appear on your bank statement, one in the amount of", true): Text 'Two transactions will appear on your bank statement, one in the amount of' is present on page  using regular expression

2023-09-12 17:11:05 - [MESSAGE][PASSED] - Text 'Two transactions will appear on your bank statement, one in the amount of' is present on page  using regular expression

2023-09-12 17:11:05 - [TEST_STEP][PASSED] - verifyElementPresent(findTestObject(orPath_ServiceFeesAccept + "/input_convFeeNotifyAction"), 30): Object 'Object Repository/RAD_Pages/ServiceFeeAccept_Page/input_convFeeNotifyAction' is present

2023-09-12 17:11:05 - [MESSAGE][PASSED] - Object 'Object Repository/RAD_Pages/ServiceFeeAccept_Page/input_convFeeNotifyAction' is present

2023-09-12 17:11:05 - [TEST_STEP][PASSED] - ExecuteTC = findTestData(dataFile).getValue("Execute", row): null

2023-09-12 17:11:05 - [TEST_STEP][PASSED] - TaxType = findTestData(dataFile).getValue("TaxType", row): null

2023-09-12 17:11:05 - [TEST_STEP][PASSED] - PaymentType = findTestData(dataFile).getValue("PaymentType", row): null

2023-09-12 17:11:05 - [TEST_STEP][PASSED] - FilingYear = findTestData(dataFile).getValue("Year", row): null

2023-09-12 17:11:05 - [TEST_STEP][PASSED] - if (ExecuteTC.equalsIgnoreCase("Y")): Object 'Object Repository/RAD_Pages/ServiceFeeAccept_Page/input_convFeeNotifyAction' is present

2023-09-12 17:11:05 - [TEST_STEP][PASSED] - out.println("Begin Record Number: " + row): null

2023-09-12 17:11:05 - [TEST_STEP][PASSED] - today = new java.util.Date(): null

2023-09-12 17:11:05 - [TEST_STEP][PASSED] - println(today): null

2023-09-12 17:11:05 - [TEST_STEP][PASSED] - datText = today: null

2023-09-12 17:11:05 - [TEST_STEP][PASSED] - logInfo("Payment Type: New Tax Return Amount Due"): Payment Type: New Tax Return Amount Due

2023-09-12 17:11:05 - [MESSAGE][INFO] - Payment Type: New Tax Return Amount Due

2023-09-12 17:11:05 - [TEST_STEP][PASSED] - logInfo("Tax Type: " + TaxType): Tax Type: PTE Tax Electing Non-S Corp

2023-09-12 17:11:05 - [MESSAGE][INFO] - Tax Type: PTE Tax Electing Non-S Corp

2023-09-12 17:11:05 - [TEST_STEP][PASSED] - openBrowser(""): Browser is opened with url: ''

2023-09-12 17:11:05 - [MESSAGE][WARNING] - A browser is already opened. Closing browser and opening a new one

2023-09-12 17:11:06 - [MESSAGE][INFO] - Starting 'Chrome' driver

2023-09-12 17:11:06 - [MESSAGE][INFO] - User set preference: ['acceptInsecureCerts', 'true']

2023-09-12 17:11:07 - [MESSAGE][INFO] - Action delay is set to 0 milliseconds

2023-09-12 17:11:08 - [MESSAGE][PASSED] - Browser is opened with url: ''

2023-09-12 17:11:08 - [TEST_STEP][PASSED] - maximizeWindow(): Current window maximized

2023-09-12 17:11:08 - [MESSAGE][PASSED] - Current window maximized

2023-09-12 17:11:08 - [TEST_STEP][PASSED] - navigateToUrl(RADurl): Navigate to 'https://demo.velocitypayment.com/client/rad/index.html' successfully

2023-09-12 17:11:09 - [MESSAGE][PASSED] - Navigate to 'https://demo.velocitypayment.com/client/rad/index.html' successfully

2023-09-12 17:11:09 - [TEST_STEP][PASSED] - selectOptionByLabel(findTestObject(orPath_Landing + "/dd_TaxType"), "New Tax Return Amount Due", false): All options with label 'New Tax Return Amount Due' are selected in object 'Object Repository/RAD_Pages/Landing_Page/dd_TaxType' 

2023-09-12 17:11:10 - [MESSAGE][PASSED] - All options with label 'New Tax Return Amount Due' are selected in object 'Object Repository/RAD_Pages/Landing_Page/dd_TaxType' 

2023-09-12 17:11:10 - [TEST_STEP][PASSED] - selectOptionByLabel(findTestObject("Object Repository/RAD_Pages/Landing_Page/select_NewTaxReturnAmountDue_TaxType"), TaxType, false): All options with label 'PTE Tax Electing Non-S Corp' are selected in object 'Object Repository/RAD_Pages/Landing_Page/select_NewTaxReturnAmountDue_TaxType' 

2023-09-12 17:11:11 - [MESSAGE][PASSED] - All options with label 'PTE Tax Electing Non-S Corp' are selected in object 'Object Repository/RAD_Pages/Landing_Page/select_NewTaxReturnAmountDue_TaxType' 

2023-09-12 17:11:11 - [TEST_STEP][PASSED] - selectOptionByLabel(findTestObject(orPath_TaxTypeFilingYear + "/select_FilingYear"), FilingYear, false): All options with label '2020' are selected in object 'Object Repository/RAD_Pages/TaxTypeFilingYear_Page/select_FilingYear' 

2023-09-12 17:11:12 - [MESSAGE][PASSED] - All options with label '2020' are selected in object 'Object Repository/RAD_Pages/TaxTypeFilingYear_Page/select_FilingYear' 

2023-09-12 17:11:12 - [TEST_STEP][PASSED] - rad.getSetDataRAD.setDataRADBusinessName(): rad.getSetDataRAD.setDataRADBusinessName is PASSED

2023-09-12 17:11:13 - [MESSAGE][PASSED] - Text 'My Company' is set on object 'Object Repository/RAD_Pages/Taxpayer_Page/input_businessName'

2023-09-12 17:11:13 - [MESSAGE][PASSED] - rad.getSetDataRAD.setDataRADBusinessName is PASSED

2023-09-12 17:11:13 - [TEST_STEP][PASSED] - rad.getSetDataRAD.setDataRADAddress(): rad.getSetDataRAD.setDataRADAddress is PASSED

2023-09-12 17:11:14 - [MESSAGE][PASSED] - All options with label 'United States' are selected in object 'Object Repository/RAD_Pages/AddressAndContactInfo_Page/select_Country' 

2023-09-12 17:11:15 - [MESSAGE][PASSED] - Text '2508 Mandan Terrace' is set on object 'Object Repository/RAD_Pages/AddressAndContactInfo_Page/input_streetAddress1'

2023-09-12 17:11:16 - [MESSAGE][PASSED] - Text '' is set on object 'Object Repository/RAD_Pages/AddressAndContactInfo_Page/input_streetAddress2'

2023-09-12 17:11:17 - [MESSAGE][PASSED] - Text 'Gambrills' is set on object 'Object Repository/RAD_Pages/AddressAndContactInfo_Page/input_city'

2023-09-12 17:11:18 - [MESSAGE][PASSED] - All options with label 'Maryland' are selected in object 'Object Repository/RAD_Pages/AddressAndContactInfo_Page/select_State' 

2023-09-12 17:11:19 - [MESSAGE][PASSED] - Text '21054' is set on object 'Object Repository/RAD_Pages/AddressAndContactInfo_Page/input_zipCode'

2023-09-12 17:11:20 - [MESSAGE][PASSED] - Text '(703) 894-5000' is set on object 'Object Repository/RAD_Pages/AddressAndContactInfo_Page/input_phoneNumber'

2023-09-12 17:11:21 - [MESSAGE][PASSED] - Text 'iahmed@govolution.com' is set on object 'Object Repository/RAD_Pages/AddressAndContactInfo_Page/input_eMailAddress'

2023-09-12 17:11:22 - [MESSAGE][PASSED] - Text 'iahmed@govolution.com' is set on object 'Object Repository/RAD_Pages/AddressAndContactInfo_Page/input_reEnterEMailAddress'

2023-09-12 17:11:22 - [MESSAGE][PASSED] - rad.getSetDataRAD.setDataRADAddress is PASSED

2023-09-12 17:11:22 - [TEST_STEP][PASSED] - rad.getSetDataRAD.setDataRADFEIN(): rad.getSetDataRAD.setDataRADFEIN is PASSED

2023-09-12 17:11:22 - [MESSAGE][PASSED] - Text ****** has been set on object 'Object Repository/RAD_Pages/TaxInfo_Page/input_FederalEIN'

2023-09-12 17:11:23 - [MESSAGE][PASSED] - Text ****** has been set on object 'Object Repository/RAD_Pages/TaxInfo_Page/input_FederalEIN_ReEnter'

2023-09-12 17:11:23 - [MESSAGE][PASSED] - rad.getSetDataRAD.setDataRADFEIN is PASSED

2023-09-12 17:11:23 - [TEST_STEP][PASSED] - setText(findTestObject(orPath_Amount + "/input__paymentAmount"), "100.00"): Text '100.00' is set on object 'Object Repository/RAD_Pages/PaymentAmount_Page/input__paymentAmount'

2023-09-12 17:11:24 - [MESSAGE][PASSED] - Text '100.00' is set on object 'Object Repository/RAD_Pages/PaymentAmount_Page/input__paymentAmount'

2023-09-12 17:11:24 - [TEST_STEP][PASSED] - setText(findTestObject(orPath_AddressContact + "/input_streetAddress2"), ""): Text '' is set on object 'Object Repository/RAD_Pages/AddressAndContactInfo_Page/input_streetAddress2'

2023-09-12 17:11:25 - [MESSAGE][PASSED] - Text '' is set on object 'Object Repository/RAD_Pages/AddressAndContactInfo_Page/input_streetAddress2'

2023-09-12 17:11:25 - [TEST_STEP][PASSED] - scrollToElement(findTestObject(orPath_Landing + "/button_Continue"), 3): Scroll to object 'Object Repository/RAD_Pages/Landing_Page/button_Continue' successfully

2023-09-12 17:11:25 - [MESSAGE][PASSED] - Scroll to object 'Object Repository/RAD_Pages/Landing_Page/button_Continue' successfully

2023-09-12 17:11:25 - [TEST_STEP][PASSED] - waitForElementClickable(findTestObject(orPath_Landing + "/button_Continue"), 5): Object 'Object Repository/RAD_Pages/Landing_Page/button_Continue' is clickable

2023-09-12 17:11:26 - [MESSAGE][PASSED] - Object 'Object Repository/RAD_Pages/Landing_Page/button_Continue' is clickable

2023-09-12 17:11:26 - [TEST_STEP][PASSED] - click(findTestObject(orPath_Landing + "/button_Continue")): Object: 'Object Repository/RAD_Pages/Landing_Page/button_Continue' is clicked on

2023-09-12 17:11:26 - [MESSAGE][PASSED] - Object: 'Object Repository/RAD_Pages/Landing_Page/button_Continue' is clicked on

2023-09-12 17:11:26 - [TEST_STEP][PASSED] - delay(2): Delayed 2 second(s)

2023-09-12 17:11:28 - [MESSAGE][PASSED] - Delayed 2 second(s)

2023-09-12 17:11:28 - [TEST_STEP][PASSED] - verifyTextPresent("Summary", true): Text 'Summary' is present on page  using regular expression

2023-09-12 17:11:28 - [MESSAGE][PASSED] - Text 'Summary' is present on page  using regular expression

2023-09-12 17:11:28 - [TEST_STEP][PASSED] - verifyTextPresent("Review the information below and make any necessary corrections by clicking the", true): Text 'Review the information below and make any necessary corrections by clicking the' is present on page  using regular expression

2023-09-12 17:11:29 - [MESSAGE][PASSED] - Text 'Review the information below and make any necessary corrections by clicking the' is present on page  using regular expression

2023-09-12 17:11:29 - [TEST_STEP][PASSED] - verifyTextPresent("When you are confident that all the information is correct, click the", true): Text 'When you are confident that all the information is correct, click the' is present on page  using regular expression

2023-09-12 17:11:29 - [MESSAGE][PASSED] - Text 'When you are confident that all the information is correct, click the' is present on page  using regular expression

2023-09-12 17:11:29 - [TEST_STEP][PASSED] - verifyTextPresent("Payment Type/Filing Year", true): Text 'Payment Type/Filing Year' is present on page  using regular expression

2023-09-12 17:11:30 - [MESSAGE][PASSED] - Text 'Payment Type/Filing Year' is present on page  using regular expression

2023-09-12 17:11:30 - [TEST_STEP][PASSED] - verifyTextPresent("Payment Type:", true): Text 'Payment Type:' is present on page  using regular expression

2023-09-12 17:11:30 - [MESSAGE][PASSED] - Text 'Payment Type:' is present on page  using regular expression

2023-09-12 17:11:30 - [TEST_STEP][PASSED] - verifyTextPresent("New Tax Return Amount Due", true): Text 'New Tax Return Amount Due' is present on page  using regular expression

2023-09-12 17:11:30 - [MESSAGE][PASSED] - Text 'New Tax Return Amount Due' is present on page  using regular expression

2023-09-12 17:11:30 - [TEST_STEP][PASSED] - verifyTextPresent("Filing Year:", true): Text 'Filing Year:' is present on page  using regular expression

2023-09-12 17:11:31 - [MESSAGE][PASSED] - Text 'Filing Year:' is present on page  using regular expression

2023-09-12 17:11:31 - [TEST_STEP][PASSED] - verifyTextPresent(FilingYear, true): Text '2020' is present on page  using regular expression

2023-09-12 17:11:31 - [MESSAGE][PASSED] - Text '2020' is present on page  using regular expression

2023-09-12 17:11:31 - [TEST_STEP][PASSED] - verifyTextPresent("Payer Information", true): Text 'Payer Information' is present on page  using regular expression

2023-09-12 17:11:31 - [MESSAGE][PASSED] - Text 'Payer Information' is present on page  using regular expression

2023-09-12 17:11:31 - [TEST_STEP][PASSED] - verifyTextPresent("Taxpayer Name:", true): Text 'Taxpayer Name:' is present on page  using regular expression

2023-09-12 17:11:32 - [MESSAGE][PASSED] - Text 'Taxpayer Name:' is present on page  using regular expression

2023-09-12 17:11:32 - [TEST_STEP][PASSED] - verifyTextPresent("My Company", true): Text 'My Company' is present on page  using regular expression

2023-09-12 17:11:32 - [MESSAGE][PASSED] - Text 'My Company' is present on page  using regular expression

2023-09-12 17:11:32 - [TEST_STEP][PASSED] - verifyTextPresent("Taxpayer Address:", true): Text 'Taxpayer Address:' is present on page  using regular expression

2023-09-12 17:11:32 - [MESSAGE][PASSED] - Text 'Taxpayer Address:' is present on page  using regular expression

2023-09-12 17:11:32 - [TEST_STEP][PASSED] - verifyTextPresent("2508 Mandan Terrace Gambrills Maryland 21054", true): Text '2508 Mandan Terrace Gambrills Maryland 21054' is present on page  using regular expression

2023-09-12 17:11:33 - [MESSAGE][PASSED] - Text '2508 Mandan Terrace Gambrills Maryland 21054' is present on page  using regular expression

2023-09-12 17:11:33 - [TEST_STEP][PASSED] - verifyTextPresent("Email:", true): Text 'Email:' is present on page  using regular expression

2023-09-12 17:11:33 - [MESSAGE][PASSED] - Text 'Email:' is present on page  using regular expression

2023-09-12 17:11:33 - [TEST_STEP][PASSED] - verifyTextPresent("iahmed@govolution.com", true): Text 'iahmed@govolution.com' is present on page  using regular expression

2023-09-12 17:11:33 - [MESSAGE][PASSED] - Text 'iahmed@govolution.com' is present on page  using regular expression

2023-09-12 17:11:33 - [TEST_STEP][PASSED] - verifyTextPresent("Phone:", true): Text 'Phone:' is present on page  using regular expression

2023-09-12 17:11:34 - [MESSAGE][PASSED] - Text 'Phone:' is present on page  using regular expression

2023-09-12 17:11:34 - [TEST_STEP][PASSED] - verifyTextPresent("(703) 894-5000", false): Text '(703) 894-5000' is present on page 

2023-09-12 17:11:34 - [MESSAGE][PASSED] - Text '(703) 894-5000' is present on page 

2023-09-12 17:11:34 - [TEST_STEP][PASSED] - verifyTextPresent("Tax Information", true): Text 'Tax Information' is present on page  using regular expression

2023-09-12 17:11:34 - [MESSAGE][PASSED] - Text 'Tax Information' is present on page  using regular expression

2023-09-12 17:11:34 - [TEST_STEP][PASSED] - verifyTextPresent("Federal EIN:", true): Text 'Federal EIN:' is present on page  using regular expression

2023-09-12 17:11:35 - [MESSAGE][PASSED] - Text 'Federal EIN:' is present on page  using regular expression

2023-09-12 17:11:35 - [TEST_STEP][PASSED] - verifyTextPresent("Payment Amount:", true): Text 'Payment Amount:' is present on page  using regular expression

2023-09-12 17:11:35 - [MESSAGE][PASSED] - Text 'Payment Amount:' is present on page  using regular expression

2023-09-12 17:11:35 - [TEST_STEP][PASSED] - verifyTextPresent("100.00", true): Text '100.00' is present on page  using regular expression

2023-09-12 17:11:36 - [MESSAGE][PASSED] - Text '100.00' is present on page  using regular expression

2023-09-12 17:11:36 - [TEST_STEP][PASSED] - click(findTestObject(orPath_Summary + "/button_Proceed to Payment")): Object: 'Object Repository/RAD_Pages/Summary_Page/button_Proceed to Payment' is clicked on

2023-09-12 17:11:37 - [MESSAGE][PASSED] - Object: 'Object Repository/RAD_Pages/Summary_Page/button_Proceed to Payment' is clicked on

2023-09-12 17:11:37 - [TEST_STEP][PASSED] - verifyTextPresent("Comptroller of Maryland", true): Text 'Comptroller of Maryland' is present on page  using regular expression

2023-09-12 17:11:37 - [MESSAGE][PASSED] - Text 'Comptroller of Maryland' is present on page  using regular expression

2023-09-12 17:11:37 - [TEST_STEP][PASSED] - verifyTextPresent("Revenue Administration Division", true): Text 'Revenue Administration Division' is present on page  using regular expression

2023-09-12 17:11:38 - [MESSAGE][PASSED] - Text 'Revenue Administration Division' is present on page  using regular expression

2023-09-12 17:11:38 - [TEST_STEP][PASSED] - verifyTextPresent("Payment Information", true): Text 'Payment Information' is present on page  using regular expression

2023-09-12 17:11:38 - [MESSAGE][PASSED] - Text 'Payment Information' is present on page  using regular expression

2023-09-12 17:11:38 - [TEST_STEP][PASSED] - card_Name = getAttribute(findTestObject("Object Repository/RAD_Pages/PaymentEntry_Page/input__billingName"), "value"): Attribute 'value' of object 'Object Repository/RAD_Pages/PaymentEntry_Page/input__billingName' is: ''

2023-09-12 17:11:38 - [MESSAGE][PASSED] - Attribute 'value' of object 'Object Repository/RAD_Pages/PaymentEntry_Page/input__billingName' is: ''

2023-09-12 17:11:38 - [TEST_STEP][PASSED] - verifyMatch("", card_Name, false): Actual text '' and expected text '' are matched 

2023-09-12 17:11:38 - [MESSAGE][PASSED] - Actual text '' and expected text '' are matched 

2023-09-12 17:11:38 - [TEST_STEP][PASSED] - AL1 = getAttribute(findTestObject("Object Repository/RAD_Pages/PaymentEntry_Page/input_billingAddress"), "value"): Attribute 'value' of object 'Object Repository/RAD_Pages/PaymentEntry_Page/input_billingAddress' is: '2508 Mandan Terrace'

2023-09-12 17:11:39 - [MESSAGE][PASSED] - Attribute 'value' of object 'Object Repository/RAD_Pages/PaymentEntry_Page/input_billingAddress' is: '2508 Mandan Terrace'

2023-09-12 17:11:39 - [TEST_STEP][PASSED] - verifyMatch("2508 Mandan Terrace", AL1, false): Actual text '2508 Mandan Terrace' and expected text '2508 Mandan Terrace' are matched 

2023-09-12 17:11:39 - [MESSAGE][PASSED] - Actual text '2508 Mandan Terrace' and expected text '2508 Mandan Terrace' are matched 

2023-09-12 17:11:39 - [TEST_STEP][PASSED] - AL2 = getAttribute(findTestObject("Object Repository/RAD_Pages/PaymentEntry_Page/input_billingAddress2"), "value"): Attribute 'value' of object 'Object Repository/RAD_Pages/PaymentEntry_Page/input_billingAddress2' is: ''

2023-09-12 17:11:39 - [MESSAGE][PASSED] - Attribute 'value' of object 'Object Repository/RAD_Pages/PaymentEntry_Page/input_billingAddress2' is: ''

2023-09-12 17:11:39 - [TEST_STEP][PASSED] - verifyMatch("", AL2, false): Actual text '' and expected text '' are matched 

2023-09-12 17:11:39 - [MESSAGE][PASSED] - Actual text '' and expected text '' are matched 

2023-09-12 17:11:39 - [TEST_STEP][PASSED] - zipCode = getAttribute(findTestObject("Object Repository/RAD_Pages/PaymentEntry_Page/input_billingZip"), "value"): Attribute 'value' of object 'Object Repository/RAD_Pages/PaymentEntry_Page/input_billingZip' is: '21054'

2023-09-12 17:11:39 - [MESSAGE][PASSED] - Attribute 'value' of object 'Object Repository/RAD_Pages/PaymentEntry_Page/input_billingZip' is: '21054'

2023-09-12 17:11:39 - [TEST_STEP][PASSED] - verifyMatch("21054", zipCode, false): Actual text '21054' and expected text '21054' are matched 

2023-09-12 17:11:39 - [MESSAGE][PASSED] - Actual text '21054' and expected text '21054' are matched 

2023-09-12 17:11:39 - [TEST_STEP][PASSED] - city = getAttribute(findTestObject("Object Repository/RAD_Pages/PaymentEntry_Page/input_billingCity"), "value"): Attribute 'value' of object 'Object Repository/RAD_Pages/PaymentEntry_Page/input_billingCity' is: 'GAMBRILLS'

2023-09-12 17:11:40 - [MESSAGE][PASSED] - Attribute 'value' of object 'Object Repository/RAD_Pages/PaymentEntry_Page/input_billingCity' is: 'GAMBRILLS'

2023-09-12 17:11:40 - [TEST_STEP][PASSED] - verifyMatch("GAMBRILLS", city, false): Actual text 'GAMBRILLS' and expected text 'GAMBRILLS' are matched 

2023-09-12 17:11:40 - [MESSAGE][PASSED] - Actual text 'GAMBRILLS' and expected text 'GAMBRILLS' are matched 

2023-09-12 17:11:40 - [TEST_STEP][PASSED] - email = getAttribute(findTestObject("Object Repository/RAD_Pages/PaymentEntry_Page/input_emailAddress"), "value"): Attribute 'value' of object 'Object Repository/RAD_Pages/PaymentEntry_Page/input_emailAddress' is: 'iahmed@govolution.com'

2023-09-12 17:11:40 - [MESSAGE][PASSED] - Attribute 'value' of object 'Object Repository/RAD_Pages/PaymentEntry_Page/input_emailAddress' is: 'iahmed@govolution.com'

2023-09-12 17:11:40 - [TEST_STEP][PASSED] - verifyMatch("iahmed@govolution.com", email, false): Actual text 'iahmed@govolution.com' and expected text 'iahmed@govolution.com' are matched 

2023-09-12 17:11:40 - [MESSAGE][PASSED] - Actual text 'iahmed@govolution.com' and expected text 'iahmed@govolution.com' are matched 

2023-09-12 17:11:40 - [TEST_STEP][PASSED] - amount = getAttribute(findTestObject("Object Repository/RAD_Pages/PaymentEntry_Page/input_amount"), "value"): Attribute 'value' of object 'Object Repository/RAD_Pages/PaymentEntry_Page/input_amount' is: '100.00'

2023-09-12 17:11:40 - [MESSAGE][PASSED] - Attribute 'value' of object 'Object Repository/RAD_Pages/PaymentEntry_Page/input_amount' is: '100.00'

2023-09-12 17:11:40 - [TEST_STEP][PASSED] - verifyMatch("100.00", amount, false): Actual text '100.00' and expected text '100.00' are matched 

2023-09-12 17:11:40 - [MESSAGE][PASSED] - Actual text '100.00' and expected text '100.00' are matched 

2023-09-12 17:11:40 - [TEST_STEP][PASSED] - amountReadOnly = getAttribute(findTestObject("Object Repository/RAD_Pages/PaymentEntry_Page/input_amount"), "readonly"): Attribute 'readonly' of object 'Object Repository/RAD_Pages/PaymentEntry_Page/input_amount' is: 'true'

2023-09-12 17:11:41 - [MESSAGE][PASSED] - Attribute 'readonly' of object 'Object Repository/RAD_Pages/PaymentEntry_Page/input_amount' is: 'true'

2023-09-12 17:11:41 - [TEST_STEP][PASSED] - verifyMatch("true", amountReadOnly, false): Actual text 'true' and expected text 'true' are matched 

2023-09-12 17:11:41 - [MESSAGE][PASSED] - Actual text 'true' and expected text 'true' are matched 

2023-09-12 17:11:41 - [TEST_STEP][PASSED] - verifyOptionSelectedByLabel(findTestObject("Object Repository/RAD_Pages/PaymentEntry_Page/select_Country"), "United States", false, 20): All options with label 'United States' are selected in object 'Object Repository/RAD_Pages/PaymentEntry_Page/select_Country' 

2023-09-12 17:11:42 - [MESSAGE][PASSED] - All options with label 'United States' are selected in object 'Object Repository/RAD_Pages/PaymentEntry_Page/select_Country' 

2023-09-12 17:11:42 - [TEST_STEP][PASSED] - verifyOptionSelectedByLabel(findTestObject("Object Repository/RAD_Pages/PaymentEntry_Page/select_State"), "Maryland", false, 20): All options with label 'Maryland' are selected in object 'Object Repository/RAD_Pages/PaymentEntry_Page/select_State' 

2023-09-12 17:11:44 - [MESSAGE][PASSED] - All options with label 'Maryland' are selected in object 'Object Repository/RAD_Pages/PaymentEntry_Page/select_State' 

2023-09-12 17:11:44 - [TEST_STEP][PASSED] - setText(findTestObject("Object Repository/RAD_Pages/PaymentEntry_Page/input__billingName"), "Anthony Gonzalez"): Text 'Anthony Gonzalez' is set on object 'Object Repository/RAD_Pages/PaymentEntry_Page/input__billingName'

2023-09-12 17:11:45 - [MESSAGE][PASSED] - Text 'Anthony Gonzalez' is set on object 'Object Repository/RAD_Pages/PaymentEntry_Page/input__billingName'

2023-09-12 17:11:45 - [TEST_STEP][PASSED] - setText(findTestObject(orPath_PaymentEntry + "/input__cardNumber"), "4111111111111111"): Text '4111111111111111' is set on object 'Object Repository/RAD_Pages/PaymentEntry_Page/input__cardNumber'

2023-09-12 17:11:46 - [MESSAGE][PASSED] - Text '4111111111111111' is set on object 'Object Repository/RAD_Pages/PaymentEntry_Page/input__cardNumber'

2023-09-12 17:11:46 - [TEST_STEP][PASSED] - setText(findTestObject(orPath_PaymentEntry + "/input__spc"), "123"): Text '123' is set on object 'Object Repository/RAD_Pages/PaymentEntry_Page/input__spc'

2023-09-12 17:11:47 - [MESSAGE][PASSED] - Text '123' is set on object 'Object Repository/RAD_Pages/PaymentEntry_Page/input__spc'

2023-09-12 17:11:47 - [TEST_STEP][PASSED] - selectOptionByLabel(findTestObject(orPath_PaymentEntry + "/select_MM"), "12", false): All options with label '12' are selected in object 'Object Repository/RAD_Pages/PaymentEntry_Page/select_MM' 

2023-09-12 17:11:47 - [MESSAGE][PASSED] - All options with label '12' are selected in object 'Object Repository/RAD_Pages/PaymentEntry_Page/select_MM' 

2023-09-12 17:11:47 - [TEST_STEP][PASSED] - selectOptionByLabel(findTestObject(orPath_PaymentEntry + "/select_YYYY"), "2028", false): All options with label '2028' are selected in object 'Object Repository/RAD_Pages/PaymentEntry_Page/select_YYYY' 

2023-09-12 17:11:48 - [MESSAGE][PASSED] - All options with label '2028' are selected in object 'Object Repository/RAD_Pages/PaymentEntry_Page/select_YYYY' 

2023-09-12 17:11:48 - [TEST_STEP][PASSED] - click(findTestObject(orPath_PaymentEntry + "/input_Field_ccSubmit")): Object: 'Object Repository/RAD_Pages/PaymentEntry_Page/input_Field_ccSubmit' is clicked on

2023-09-12 17:11:49 - [MESSAGE][PASSED] - Object: 'Object Repository/RAD_Pages/PaymentEntry_Page/input_Field_ccSubmit' is clicked on

2023-09-12 17:11:49 - [TEST_STEP][PASSED] - click(findTestObject(orPath_PaymentConfirmation + "/input_N_confirmNotifyAction")): Object: 'Object Repository/RAD_Pages/PaymentConfirmation_Page/input_N_confirmNotifyAction' is clicked on

2023-09-12 17:11:50 - [MESSAGE][PASSED] - Object: 'Object Repository/RAD_Pages/PaymentConfirmation_Page/input_N_confirmNotifyAction' is clicked on

2023-09-12 17:11:50 - [TEST_STEP][PASSED] - verifyTextPresent("Service Fee Acceptance", true): Text 'Service Fee Acceptance' is present on page  using regular expression

2023-09-12 17:11:50 - [MESSAGE][PASSED] - Text 'Service Fee Acceptance' is present on page  using regular expression

2023-09-12 17:11:50 - [TEST_STEP][PASSED] - verifyTextPresent("This transaction is subject to a Service Fee of ", true): Text 'This transaction is subject to a Service Fee of ' is present on page  using regular expression

2023-09-12 17:11:51 - [MESSAGE][PASSED] - Text 'This transaction is subject to a Service Fee of ' is present on page  using regular expression

2023-09-12 17:11:51 - [TEST_STEP][PASSED] - verifyTextPresent("Payment Amount:", true): Text 'Payment Amount:' is present on page  using regular expression

2023-09-12 17:11:51 - [MESSAGE][PASSED] - Text 'Payment Amount:' is present on page  using regular expression

2023-09-12 17:11:51 - [TEST_STEP][PASSED] - verifyTextPresent("100.00", true): Text '100.00' is present on page  using regular expression

2023-09-12 17:11:51 - [MESSAGE][PASSED] - Text '100.00' is present on page  using regular expression

2023-09-12 17:11:51 - [TEST_STEP][PASSED] - verifyTextPresent("Service Fee:", true): Text 'Service Fee:' is present on page  using regular expression

2023-09-12 17:11:51 - [MESSAGE][PASSED] - Text 'Service Fee:' is present on page  using regular expression

2023-09-12 17:11:51 - [TEST_STEP][PASSED] - verifyTextPresent("2.45", true): Text '2.45' is present on page  using regular expression

2023-09-12 17:11:52 - [MESSAGE][PASSED] - Text '2.45' is present on page  using regular expression

2023-09-12 17:11:52 - [TEST_STEP][PASSED] - verifyTextPresent("Total Amount:", true): Text 'Total Amount:' is present on page  using regular expression

2023-09-12 17:11:52 - [MESSAGE][PASSED] - Text 'Total Amount:' is present on page  using regular expression

2023-09-12 17:11:52 - [TEST_STEP][PASSED] - verifyTextPresent("102.45", true): Text '102.45' is present on page  using regular expression

2023-09-12 17:11:52 - [MESSAGE][PASSED] - Text '102.45' is present on page  using regular expression

2023-09-12 17:11:52 - [TEST_STEP][PASSED] - verifyTextPresent("Two transactions will appear on your bank statement, one in the amount of", true): Text 'Two transactions will appear on your bank statement, one in the amount of' is present on page  using regular expression

2023-09-12 17:11:52 - [MESSAGE][PASSED] - Text 'Two transactions will appear on your bank statement, one in the amount of' is present on page  using regular expression

2023-09-12 17:11:52 - [TEST_STEP][PASSED] - verifyElementPresent(findTestObject(orPath_ServiceFeesAccept + "/input_convFeeNotifyAction"), 30): Object 'Object Repository/RAD_Pages/ServiceFeeAccept_Page/input_convFeeNotifyAction' is present

2023-09-12 17:11:53 - [MESSAGE][PASSED] - Object 'Object Repository/RAD_Pages/ServiceFeeAccept_Page/input_convFeeNotifyAction' is present

2023-09-12 17:11:53 - [TEST_STEP][PASSED] - ExecuteTC = findTestData(dataFile).getValue("Execute", row): null

2023-09-12 17:11:53 - [TEST_STEP][PASSED] - TaxType = findTestData(dataFile).getValue("TaxType", row): null

2023-09-12 17:11:53 - [TEST_STEP][PASSED] - PaymentType = findTestData(dataFile).getValue("PaymentType", row): null

2023-09-12 17:11:53 - [TEST_STEP][PASSED] - FilingYear = findTestData(dataFile).getValue("Year", row): null

2023-09-12 17:11:53 - [TEST_STEP][PASSED] - if (ExecuteTC.equalsIgnoreCase("Y")): Object 'Object Repository/RAD_Pages/ServiceFeeAccept_Page/input_convFeeNotifyAction' is present

2023-09-12 17:11:53 - [TEST_STEP][PASSED] - out.println("Begin Record Number: " + row): null

2023-09-12 17:11:53 - [TEST_STEP][PASSED] - today = new java.util.Date(): null

2023-09-12 17:11:53 - [TEST_STEP][PASSED] - println(today): null

2023-09-12 17:11:53 - [TEST_STEP][PASSED] - datText = today: null

2023-09-12 17:11:53 - [TEST_STEP][PASSED] - logInfo("Payment Type: New Tax Return Amount Due"): Payment Type: New Tax Return Amount Due

2023-09-12 17:11:53 - [MESSAGE][INFO] - Payment Type: New Tax Return Amount Due

2023-09-12 17:11:53 - [TEST_STEP][PASSED] - logInfo("Tax Type: " + TaxType): Tax Type: PTE Tax Electing S Corp

2023-09-12 17:11:53 - [MESSAGE][INFO] - Tax Type: PTE Tax Electing S Corp

2023-09-12 17:11:53 - [TEST_STEP][PASSED] - openBrowser(""): Browser is opened with url: ''

2023-09-12 17:11:53 - [MESSAGE][WARNING] - A browser is already opened. Closing browser and opening a new one

2023-09-12 17:11:54 - [MESSAGE][INFO] - Starting 'Chrome' driver

2023-09-12 17:11:54 - [MESSAGE][INFO] - User set preference: ['acceptInsecureCerts', 'true']

2023-09-12 17:11:54 - [MESSAGE][INFO] - Action delay is set to 0 milliseconds

2023-09-12 17:11:56 - [MESSAGE][PASSED] - Browser is opened with url: ''

2023-09-12 17:11:56 - [TEST_STEP][PASSED] - maximizeWindow(): Current window maximized

2023-09-12 17:11:56 - [MESSAGE][PASSED] - Current window maximized

2023-09-12 17:11:56 - [TEST_STEP][PASSED] - navigateToUrl(RADurl): Navigate to 'https://demo.velocitypayment.com/client/rad/index.html' successfully

2023-09-12 17:11:57 - [MESSAGE][PASSED] - Navigate to 'https://demo.velocitypayment.com/client/rad/index.html' successfully

2023-09-12 17:11:57 - [TEST_STEP][PASSED] - selectOptionByLabel(findTestObject(orPath_Landing + "/dd_TaxType"), "New Tax Return Amount Due", false): All options with label 'New Tax Return Amount Due' are selected in object 'Object Repository/RAD_Pages/Landing_Page/dd_TaxType' 

2023-09-12 17:11:58 - [MESSAGE][PASSED] - All options with label 'New Tax Return Amount Due' are selected in object 'Object Repository/RAD_Pages/Landing_Page/dd_TaxType' 

2023-09-12 17:11:58 - [TEST_STEP][PASSED] - selectOptionByLabel(findTestObject("Object Repository/RAD_Pages/Landing_Page/select_NewTaxReturnAmountDue_TaxType"), TaxType, false): All options with label 'PTE Tax Electing S Corp' are selected in object 'Object Repository/RAD_Pages/Landing_Page/select_NewTaxReturnAmountDue_TaxType' 

2023-09-12 17:11:59 - [MESSAGE][PASSED] - All options with label 'PTE Tax Electing S Corp' are selected in object 'Object Repository/RAD_Pages/Landing_Page/select_NewTaxReturnAmountDue_TaxType' 

2023-09-12 17:11:59 - [TEST_STEP][PASSED] - selectOptionByLabel(findTestObject(orPath_TaxTypeFilingYear + "/select_FilingYear"), FilingYear, false): All options with label '2020' are selected in object 'Object Repository/RAD_Pages/TaxTypeFilingYear_Page/select_FilingYear' 

2023-09-12 17:12:00 - [MESSAGE][PASSED] - All options with label '2020' are selected in object 'Object Repository/RAD_Pages/TaxTypeFilingYear_Page/select_FilingYear' 

2023-09-12 17:12:00 - [TEST_STEP][PASSED] - rad.getSetDataRAD.setDataRADBusinessName(): rad.getSetDataRAD.setDataRADBusinessName is PASSED

2023-09-12 17:12:01 - [MESSAGE][PASSED] - Text 'My Company' is set on object 'Object Repository/RAD_Pages/Taxpayer_Page/input_businessName'

2023-09-12 17:12:01 - [MESSAGE][PASSED] - rad.getSetDataRAD.setDataRADBusinessName is PASSED

2023-09-12 17:12:01 - [TEST_STEP][PASSED] - rad.getSetDataRAD.setDataRADAddress(): rad.getSetDataRAD.setDataRADAddress is PASSED

2023-09-12 17:12:02 - [MESSAGE][PASSED] - All options with label 'United States' are selected in object 'Object Repository/RAD_Pages/AddressAndContactInfo_Page/select_Country' 

2023-09-12 17:12:03 - [MESSAGE][PASSED] - Text '2508 Mandan Terrace' is set on object 'Object Repository/RAD_Pages/AddressAndContactInfo_Page/input_streetAddress1'

2023-09-12 17:12:04 - [MESSAGE][PASSED] - Text '' is set on object 'Object Repository/RAD_Pages/AddressAndContactInfo_Page/input_streetAddress2'

2023-09-12 17:12:05 - [MESSAGE][PASSED] - Text 'Gambrills' is set on object 'Object Repository/RAD_Pages/AddressAndContactInfo_Page/input_city'

2023-09-12 17:12:06 - [MESSAGE][PASSED] - All options with label 'Maryland' are selected in object 'Object Repository/RAD_Pages/AddressAndContactInfo_Page/select_State' 

2023-09-12 17:12:06 - [MESSAGE][PASSED] - Text '21054' is set on object 'Object Repository/RAD_Pages/AddressAndContactInfo_Page/input_zipCode'

2023-09-12 17:12:07 - [MESSAGE][PASSED] - Text '(703) 894-5000' is set on object 'Object Repository/RAD_Pages/AddressAndContactInfo_Page/input_phoneNumber'

2023-09-12 17:12:08 - [MESSAGE][PASSED] - Text 'iahmed@govolution.com' is set on object 'Object Repository/RAD_Pages/AddressAndContactInfo_Page/input_eMailAddress'

2023-09-12 17:12:09 - [MESSAGE][PASSED] - Text 'iahmed@govolution.com' is set on object 'Object Repository/RAD_Pages/AddressAndContactInfo_Page/input_reEnterEMailAddress'

2023-09-12 17:12:09 - [MESSAGE][PASSED] - rad.getSetDataRAD.setDataRADAddress is PASSED

2023-09-12 17:12:09 - [TEST_STEP][PASSED] - rad.getSetDataRAD.setDataRADFEIN(): rad.getSetDataRAD.setDataRADFEIN is PASSED

2023-09-12 17:12:10 - [MESSAGE][PASSED] - Text ****** has been set on object 'Object Repository/RAD_Pages/TaxInfo_Page/input_FederalEIN'

2023-09-12 17:12:11 - [MESSAGE][PASSED] - Text ****** has been set on object 'Object Repository/RAD_Pages/TaxInfo_Page/input_FederalEIN_ReEnter'

2023-09-12 17:12:11 - [MESSAGE][PASSED] - rad.getSetDataRAD.setDataRADFEIN is PASSED

2023-09-12 17:12:11 - [TEST_STEP][PASSED] - setText(findTestObject(orPath_Amount + "/input__paymentAmount"), "100.00"): Text '100.00' is set on object 'Object Repository/RAD_Pages/PaymentAmount_Page/input__paymentAmount'

2023-09-12 17:12:12 - [MESSAGE][PASSED] - Text '100.00' is set on object 'Object Repository/RAD_Pages/PaymentAmount_Page/input__paymentAmount'

2023-09-12 17:12:12 - [TEST_STEP][PASSED] - setText(findTestObject(orPath_AddressContact + "/input_streetAddress2"), ""): Text '' is set on object 'Object Repository/RAD_Pages/AddressAndContactInfo_Page/input_streetAddress2'

2023-09-12 17:12:13 - [MESSAGE][PASSED] - Text '' is set on object 'Object Repository/RAD_Pages/AddressAndContactInfo_Page/input_streetAddress2'

2023-09-12 17:12:13 - [TEST_STEP][PASSED] - scrollToElement(findTestObject(orPath_Landing + "/button_Continue"), 3): Scroll to object 'Object Repository/RAD_Pages/Landing_Page/button_Continue' successfully

2023-09-12 17:12:13 - [MESSAGE][PASSED] - Scroll to object 'Object Repository/RAD_Pages/Landing_Page/button_Continue' successfully

2023-09-12 17:12:13 - [TEST_STEP][PASSED] - waitForElementClickable(findTestObject(orPath_Landing + "/button_Continue"), 5): Object 'Object Repository/RAD_Pages/Landing_Page/button_Continue' is clickable

2023-09-12 17:12:14 - [MESSAGE][PASSED] - Object 'Object Repository/RAD_Pages/Landing_Page/button_Continue' is clickable

2023-09-12 17:12:14 - [TEST_STEP][PASSED] - click(findTestObject(orPath_Landing + "/button_Continue")): Object: 'Object Repository/RAD_Pages/Landing_Page/button_Continue' is clicked on

2023-09-12 17:12:14 - [MESSAGE][PASSED] - Object: 'Object Repository/RAD_Pages/Landing_Page/button_Continue' is clicked on

2023-09-12 17:12:14 - [TEST_STEP][PASSED] - delay(2): Delayed 2 second(s)

2023-09-12 17:12:16 - [MESSAGE][PASSED] - Delayed 2 second(s)

2023-09-12 17:12:16 - [TEST_STEP][PASSED] - verifyTextPresent("Summary", true): Text 'Summary' is present on page  using regular expression

2023-09-12 17:12:16 - [MESSAGE][PASSED] - Text 'Summary' is present on page  using regular expression

2023-09-12 17:12:16 - [TEST_STEP][PASSED] - verifyTextPresent("Review the information below and make any necessary corrections by clicking the", true): Text 'Review the information below and make any necessary corrections by clicking the' is present on page  using regular expression

2023-09-12 17:12:17 - [MESSAGE][PASSED] - Text 'Review the information below and make any necessary corrections by clicking the' is present on page  using regular expression

2023-09-12 17:12:17 - [TEST_STEP][PASSED] - verifyTextPresent("When you are confident that all the information is correct, click the", true): Text 'When you are confident that all the information is correct, click the' is present on page  using regular expression

2023-09-12 17:12:17 - [MESSAGE][PASSED] - Text 'When you are confident that all the information is correct, click the' is present on page  using regular expression

2023-09-12 17:12:17 - [TEST_STEP][PASSED] - verifyTextPresent("Payment Type/Filing Year", true): Text 'Payment Type/Filing Year' is present on page  using regular expression

2023-09-12 17:12:18 - [MESSAGE][PASSED] - Text 'Payment Type/Filing Year' is present on page  using regular expression

2023-09-12 17:12:18 - [TEST_STEP][PASSED] - verifyTextPresent("Payment Type:", true): Text 'Payment Type:' is present on page  using regular expression

2023-09-12 17:12:18 - [MESSAGE][PASSED] - Text 'Payment Type:' is present on page  using regular expression

2023-09-12 17:12:18 - [TEST_STEP][PASSED] - verifyTextPresent("New Tax Return Amount Due", true): Text 'New Tax Return Amount Due' is present on page  using regular expression

2023-09-12 17:12:18 - [MESSAGE][PASSED] - Text 'New Tax Return Amount Due' is present on page  using regular expression

2023-09-12 17:12:18 - [TEST_STEP][PASSED] - verifyTextPresent("Filing Year:", true): Text 'Filing Year:' is present on page  using regular expression

2023-09-12 17:12:19 - [MESSAGE][PASSED] - Text 'Filing Year:' is present on page  using regular expression

2023-09-12 17:12:19 - [TEST_STEP][PASSED] - verifyTextPresent(FilingYear, true): Text '2020' is present on page  using regular expression

2023-09-12 17:12:19 - [MESSAGE][PASSED] - Text '2020' is present on page  using regular expression

2023-09-12 17:12:19 - [TEST_STEP][PASSED] - verifyTextPresent("Payer Information", true): Text 'Payer Information' is present on page  using regular expression

2023-09-12 17:12:19 - [MESSAGE][PASSED] - Text 'Payer Information' is present on page  using regular expression

2023-09-12 17:12:19 - [TEST_STEP][PASSED] - verifyTextPresent("Taxpayer Name:", true): Text 'Taxpayer Name:' is present on page  using regular expression

2023-09-12 17:12:20 - [MESSAGE][PASSED] - Text 'Taxpayer Name:' is present on page  using regular expression

2023-09-12 17:12:20 - [TEST_STEP][PASSED] - verifyTextPresent("My Company", true): Text 'My Company' is present on page  using regular expression

2023-09-12 17:12:20 - [MESSAGE][PASSED] - Text 'My Company' is present on page  using regular expression

2023-09-12 17:12:20 - [TEST_STEP][PASSED] - verifyTextPresent("Taxpayer Address:", true): Text 'Taxpayer Address:' is present on page  using regular expression

2023-09-12 17:12:21 - [MESSAGE][PASSED] - Text 'Taxpayer Address:' is present on page  using regular expression

2023-09-12 17:12:21 - [TEST_STEP][PASSED] - verifyTextPresent("2508 Mandan Terrace Gambrills Maryland 21054", true): Text '2508 Mandan Terrace Gambrills Maryland 21054' is present on page  using regular expression

2023-09-12 17:12:21 - [MESSAGE][PASSED] - Text '2508 Mandan Terrace Gambrills Maryland 21054' is present on page  using regular expression

2023-09-12 17:12:21 - [TEST_STEP][PASSED] - verifyTextPresent("Email:", true): Text 'Email:' is present on page  using regular expression

2023-09-12 17:12:21 - [MESSAGE][PASSED] - Text 'Email:' is present on page  using regular expression

2023-09-12 17:12:21 - [TEST_STEP][PASSED] - verifyTextPresent("iahmed@govolution.com", true): Text 'iahmed@govolution.com' is present on page  using regular expression

2023-09-12 17:12:22 - [MESSAGE][PASSED] - Text 'iahmed@govolution.com' is present on page  using regular expression

2023-09-12 17:12:22 - [TEST_STEP][PASSED] - verifyTextPresent("Phone:", true): Text 'Phone:' is present on page  using regular expression

2023-09-12 17:12:22 - [MESSAGE][PASSED] - Text 'Phone:' is present on page  using regular expression

2023-09-12 17:12:22 - [TEST_STEP][PASSED] - verifyTextPresent("(703) 894-5000", false): Text '(703) 894-5000' is present on page 

2023-09-12 17:12:22 - [MESSAGE][PASSED] - Text '(703) 894-5000' is present on page 

2023-09-12 17:12:22 - [TEST_STEP][PASSED] - verifyTextPresent("Tax Information", true): Text 'Tax Information' is present on page  using regular expression

2023-09-12 17:12:23 - [MESSAGE][PASSED] - Text 'Tax Information' is present on page  using regular expression

2023-09-12 17:12:23 - [TEST_STEP][PASSED] - verifyTextPresent("Federal EIN:", true): Text 'Federal EIN:' is present on page  using regular expression

2023-09-12 17:12:23 - [MESSAGE][PASSED] - Text 'Federal EIN:' is present on page  using regular expression

2023-09-12 17:12:23 - [TEST_STEP][PASSED] - verifyTextPresent("Payment Amount:", true): Text 'Payment Amount:' is present on page  using regular expression

2023-09-12 17:12:23 - [MESSAGE][PASSED] - Text 'Payment Amount:' is present on page  using regular expression

2023-09-12 17:12:23 - [TEST_STEP][PASSED] - verifyTextPresent("100.00", true): Text '100.00' is present on page  using regular expression

2023-09-12 17:12:24 - [MESSAGE][PASSED] - Text '100.00' is present on page  using regular expression

2023-09-12 17:12:24 - [TEST_STEP][PASSED] - click(findTestObject(orPath_Summary + "/button_Proceed to Payment")): Object: 'Object Repository/RAD_Pages/Summary_Page/button_Proceed to Payment' is clicked on

2023-09-12 17:12:25 - [MESSAGE][PASSED] - Object: 'Object Repository/RAD_Pages/Summary_Page/button_Proceed to Payment' is clicked on

2023-09-12 17:12:25 - [TEST_STEP][PASSED] - verifyTextPresent("Comptroller of Maryland", true): Text 'Comptroller of Maryland' is present on page  using regular expression

2023-09-12 17:12:25 - [MESSAGE][PASSED] - Text 'Comptroller of Maryland' is present on page  using regular expression

2023-09-12 17:12:25 - [TEST_STEP][PASSED] - verifyTextPresent("Revenue Administration Division", true): Text 'Revenue Administration Division' is present on page  using regular expression

2023-09-12 17:12:26 - [MESSAGE][PASSED] - Text 'Revenue Administration Division' is present on page  using regular expression

2023-09-12 17:12:26 - [TEST_STEP][PASSED] - verifyTextPresent("Payment Information", true): Text 'Payment Information' is present on page  using regular expression

2023-09-12 17:12:26 - [MESSAGE][PASSED] - Text 'Payment Information' is present on page  using regular expression

2023-09-12 17:12:26 - [TEST_STEP][PASSED] - card_Name = getAttribute(findTestObject("Object Repository/RAD_Pages/PaymentEntry_Page/input__billingName"), "value"): Attribute 'value' of object 'Object Repository/RAD_Pages/PaymentEntry_Page/input__billingName' is: ''

2023-09-12 17:12:26 - [MESSAGE][PASSED] - Attribute 'value' of object 'Object Repository/RAD_Pages/PaymentEntry_Page/input__billingName' is: ''

2023-09-12 17:12:26 - [TEST_STEP][PASSED] - verifyMatch("", card_Name, false): Actual text '' and expected text '' are matched 

2023-09-12 17:12:26 - [MESSAGE][PASSED] - Actual text '' and expected text '' are matched 

2023-09-12 17:12:26 - [TEST_STEP][PASSED] - AL1 = getAttribute(findTestObject("Object Repository/RAD_Pages/PaymentEntry_Page/input_billingAddress"), "value"): Attribute 'value' of object 'Object Repository/RAD_Pages/PaymentEntry_Page/input_billingAddress' is: '2508 Mandan Terrace'

2023-09-12 17:12:27 - [MESSAGE][PASSED] - Attribute 'value' of object 'Object Repository/RAD_Pages/PaymentEntry_Page/input_billingAddress' is: '2508 Mandan Terrace'

2023-09-12 17:12:27 - [TEST_STEP][PASSED] - verifyMatch("2508 Mandan Terrace", AL1, false): Actual text '2508 Mandan Terrace' and expected text '2508 Mandan Terrace' are matched 

2023-09-12 17:12:27 - [MESSAGE][PASSED] - Actual text '2508 Mandan Terrace' and expected text '2508 Mandan Terrace' are matched 

2023-09-12 17:12:27 - [TEST_STEP][PASSED] - AL2 = getAttribute(findTestObject("Object Repository/RAD_Pages/PaymentEntry_Page/input_billingAddress2"), "value"): Attribute 'value' of object 'Object Repository/RAD_Pages/PaymentEntry_Page/input_billingAddress2' is: ''

2023-09-12 17:12:27 - [MESSAGE][PASSED] - Attribute 'value' of object 'Object Repository/RAD_Pages/PaymentEntry_Page/input_billingAddress2' is: ''

2023-09-12 17:12:27 - [TEST_STEP][PASSED] - verifyMatch("", AL2, false): Actual text '' and expected text '' are matched 

2023-09-12 17:12:27 - [MESSAGE][PASSED] - Actual text '' and expected text '' are matched 

2023-09-12 17:12:27 - [TEST_STEP][PASSED] - zipCode = getAttribute(findTestObject("Object Repository/RAD_Pages/PaymentEntry_Page/input_billingZip"), "value"): Attribute 'value' of object 'Object Repository/RAD_Pages/PaymentEntry_Page/input_billingZip' is: '21054'

2023-09-12 17:12:27 - [MESSAGE][PASSED] - Attribute 'value' of object 'Object Repository/RAD_Pages/PaymentEntry_Page/input_billingZip' is: '21054'

2023-09-12 17:12:27 - [TEST_STEP][PASSED] - verifyMatch("21054", zipCode, false): Actual text '21054' and expected text '21054' are matched 

2023-09-12 17:12:27 - [MESSAGE][PASSED] - Actual text '21054' and expected text '21054' are matched 

2023-09-12 17:12:27 - [TEST_STEP][PASSED] - city = getAttribute(findTestObject("Object Repository/RAD_Pages/PaymentEntry_Page/input_billingCity"), "value"): Attribute 'value' of object 'Object Repository/RAD_Pages/PaymentEntry_Page/input_billingCity' is: 'GAMBRILLS'

2023-09-12 17:12:28 - [MESSAGE][PASSED] - Attribute 'value' of object 'Object Repository/RAD_Pages/PaymentEntry_Page/input_billingCity' is: 'GAMBRILLS'

2023-09-12 17:12:28 - [TEST_STEP][PASSED] - verifyMatch("GAMBRILLS", city, false): Actual text 'GAMBRILLS' and expected text 'GAMBRILLS' are matched 

2023-09-12 17:12:28 - [MESSAGE][PASSED] - Actual text 'GAMBRILLS' and expected text 'GAMBRILLS' are matched 

2023-09-12 17:12:28 - [TEST_STEP][PASSED] - email = getAttribute(findTestObject("Object Repository/RAD_Pages/PaymentEntry_Page/input_emailAddress"), "value"): Attribute 'value' of object 'Object Repository/RAD_Pages/PaymentEntry_Page/input_emailAddress' is: 'iahmed@govolution.com'

2023-09-12 17:12:28 - [MESSAGE][PASSED] - Attribute 'value' of object 'Object Repository/RAD_Pages/PaymentEntry_Page/input_emailAddress' is: 'iahmed@govolution.com'

2023-09-12 17:12:28 - [TEST_STEP][PASSED] - verifyMatch("iahmed@govolution.com", email, false): Actual text 'iahmed@govolution.com' and expected text 'iahmed@govolution.com' are matched 

2023-09-12 17:12:28 - [MESSAGE][PASSED] - Actual text 'iahmed@govolution.com' and expected text 'iahmed@govolution.com' are matched 

2023-09-12 17:12:28 - [TEST_STEP][PASSED] - amount = getAttribute(findTestObject("Object Repository/RAD_Pages/PaymentEntry_Page/input_amount"), "value"): Attribute 'value' of object 'Object Repository/RAD_Pages/PaymentEntry_Page/input_amount' is: '100.00'

2023-09-12 17:12:28 - [MESSAGE][PASSED] - Attribute 'value' of object 'Object Repository/RAD_Pages/PaymentEntry_Page/input_amount' is: '100.00'

2023-09-12 17:12:28 - [TEST_STEP][PASSED] - verifyMatch("100.00", amount, false): Actual text '100.00' and expected text '100.00' are matched 

2023-09-12 17:12:28 - [MESSAGE][PASSED] - Actual text '100.00' and expected text '100.00' are matched 

2023-09-12 17:12:28 - [TEST_STEP][PASSED] - amountReadOnly = getAttribute(findTestObject("Object Repository/RAD_Pages/PaymentEntry_Page/input_amount"), "readonly"): Attribute 'readonly' of object 'Object Repository/RAD_Pages/PaymentEntry_Page/input_amount' is: 'true'

2023-09-12 17:12:29 - [MESSAGE][PASSED] - Attribute 'readonly' of object 'Object Repository/RAD_Pages/PaymentEntry_Page/input_amount' is: 'true'

2023-09-12 17:12:29 - [TEST_STEP][PASSED] - verifyMatch("true", amountReadOnly, false): Actual text 'true' and expected text 'true' are matched 

2023-09-12 17:12:29 - [MESSAGE][PASSED] - Actual text 'true' and expected text 'true' are matched 

2023-09-12 17:12:29 - [TEST_STEP][PASSED] - verifyOptionSelectedByLabel(findTestObject("Object Repository/RAD_Pages/PaymentEntry_Page/select_Country"), "United States", false, 20): All options with label 'United States' are selected in object 'Object Repository/RAD_Pages/PaymentEntry_Page/select_Country' 

2023-09-12 17:12:30 - [MESSAGE][PASSED] - All options with label 'United States' are selected in object 'Object Repository/RAD_Pages/PaymentEntry_Page/select_Country' 

2023-09-12 17:12:30 - [TEST_STEP][PASSED] - verifyOptionSelectedByLabel(findTestObject("Object Repository/RAD_Pages/PaymentEntry_Page/select_State"), "Maryland", false, 20): All options with label 'Maryland' are selected in object 'Object Repository/RAD_Pages/PaymentEntry_Page/select_State' 

2023-09-12 17:12:33 - [MESSAGE][PASSED] - All options with label 'Maryland' are selected in object 'Object Repository/RAD_Pages/PaymentEntry_Page/select_State' 

2023-09-12 17:12:33 - [TEST_STEP][PASSED] - setText(findTestObject("Object Repository/RAD_Pages/PaymentEntry_Page/input__billingName"), "Anthony Gonzalez"): Text 'Anthony Gonzalez' is set on object 'Object Repository/RAD_Pages/PaymentEntry_Page/input__billingName'

2023-09-12 17:12:33 - [MESSAGE][PASSED] - Text 'Anthony Gonzalez' is set on object 'Object Repository/RAD_Pages/PaymentEntry_Page/input__billingName'

2023-09-12 17:12:33 - [TEST_STEP][PASSED] - setText(findTestObject(orPath_PaymentEntry + "/input__cardNumber"), "4111111111111111"): Text '4111111111111111' is set on object 'Object Repository/RAD_Pages/PaymentEntry_Page/input__cardNumber'

2023-09-12 17:12:34 - [MESSAGE][PASSED] - Text '4111111111111111' is set on object 'Object Repository/RAD_Pages/PaymentEntry_Page/input__cardNumber'

2023-09-12 17:12:34 - [TEST_STEP][PASSED] - setText(findTestObject(orPath_PaymentEntry + "/input__spc"), "123"): Text '123' is set on object 'Object Repository/RAD_Pages/PaymentEntry_Page/input__spc'

2023-09-12 17:12:35 - [MESSAGE][PASSED] - Text '123' is set on object 'Object Repository/RAD_Pages/PaymentEntry_Page/input__spc'

2023-09-12 17:12:35 - [TEST_STEP][PASSED] - selectOptionByLabel(findTestObject(orPath_PaymentEntry + "/select_MM"), "12", false): All options with label '12' are selected in object 'Object Repository/RAD_Pages/PaymentEntry_Page/select_MM' 

2023-09-12 17:12:36 - [MESSAGE][PASSED] - All options with label '12' are selected in object 'Object Repository/RAD_Pages/PaymentEntry_Page/select_MM' 

2023-09-12 17:12:36 - [TEST_STEP][PASSED] - selectOptionByLabel(findTestObject(orPath_PaymentEntry + "/select_YYYY"), "2028", false): All options with label '2028' are selected in object 'Object Repository/RAD_Pages/PaymentEntry_Page/select_YYYY' 

2023-09-12 17:12:36 - [MESSAGE][PASSED] - All options with label '2028' are selected in object 'Object Repository/RAD_Pages/PaymentEntry_Page/select_YYYY' 

2023-09-12 17:12:36 - [TEST_STEP][PASSED] - click(findTestObject(orPath_PaymentEntry + "/input_Field_ccSubmit")): Object: 'Object Repository/RAD_Pages/PaymentEntry_Page/input_Field_ccSubmit' is clicked on

2023-09-12 17:12:37 - [MESSAGE][PASSED] - Object: 'Object Repository/RAD_Pages/PaymentEntry_Page/input_Field_ccSubmit' is clicked on

2023-09-12 17:12:37 - [TEST_STEP][PASSED] - click(findTestObject(orPath_PaymentConfirmation + "/input_N_confirmNotifyAction")): Object: 'Object Repository/RAD_Pages/PaymentConfirmation_Page/input_N_confirmNotifyAction' is clicked on

2023-09-12 17:12:38 - [MESSAGE][PASSED] - Object: 'Object Repository/RAD_Pages/PaymentConfirmation_Page/input_N_confirmNotifyAction' is clicked on

2023-09-12 17:12:38 - [TEST_STEP][PASSED] - verifyTextPresent("Service Fee Acceptance", true): Text 'Service Fee Acceptance' is present on page  using regular expression

2023-09-12 17:12:38 - [MESSAGE][PASSED] - Text 'Service Fee Acceptance' is present on page  using regular expression

2023-09-12 17:12:38 - [TEST_STEP][PASSED] - verifyTextPresent("This transaction is subject to a Service Fee of ", true): Text 'This transaction is subject to a Service Fee of ' is present on page  using regular expression

2023-09-12 17:12:39 - [MESSAGE][PASSED] - Text 'This transaction is subject to a Service Fee of ' is present on page  using regular expression

2023-09-12 17:12:39 - [TEST_STEP][PASSED] - verifyTextPresent("Payment Amount:", true): Text 'Payment Amount:' is present on page  using regular expression

2023-09-12 17:12:39 - [MESSAGE][PASSED] - Text 'Payment Amount:' is present on page  using regular expression

2023-09-12 17:12:39 - [TEST_STEP][PASSED] - verifyTextPresent("100.00", true): Text '100.00' is present on page  using regular expression

2023-09-12 17:12:39 - [MESSAGE][PASSED] - Text '100.00' is present on page  using regular expression

2023-09-12 17:12:39 - [TEST_STEP][PASSED] - verifyTextPresent("Service Fee:", true): Text 'Service Fee:' is present on page  using regular expression

2023-09-12 17:12:40 - [MESSAGE][PASSED] - Text 'Service Fee:' is present on page  using regular expression

2023-09-12 17:12:40 - [TEST_STEP][PASSED] - verifyTextPresent("2.45", true): Text '2.45' is present on page  using regular expression

2023-09-12 17:12:40 - [MESSAGE][PASSED] - Text '2.45' is present on page  using regular expression

2023-09-12 17:12:40 - [TEST_STEP][PASSED] - verifyTextPresent("Total Amount:", true): Text 'Total Amount:' is present on page  using regular expression

2023-09-12 17:12:40 - [MESSAGE][PASSED] - Text 'Total Amount:' is present on page  using regular expression

2023-09-12 17:12:40 - [TEST_STEP][PASSED] - verifyTextPresent("102.45", true): Text '102.45' is present on page  using regular expression

2023-09-12 17:12:40 - [MESSAGE][PASSED] - Text '102.45' is present on page  using regular expression

2023-09-12 17:12:40 - [TEST_STEP][PASSED] - verifyTextPresent("Two transactions will appear on your bank statement, one in the amount of", true): Text 'Two transactions will appear on your bank statement, one in the amount of' is present on page  using regular expression

2023-09-12 17:12:41 - [MESSAGE][PASSED] - Text 'Two transactions will appear on your bank statement, one in the amount of' is present on page  using regular expression

2023-09-12 17:12:41 - [TEST_STEP][PASSED] - verifyElementPresent(findTestObject(orPath_ServiceFeesAccept + "/input_convFeeNotifyAction"), 30): Object 'Object Repository/RAD_Pages/ServiceFeeAccept_Page/input_convFeeNotifyAction' is present

2023-09-12 17:12:41 - [MESSAGE][PASSED] - Object 'Object Repository/RAD_Pages/ServiceFeeAccept_Page/input_convFeeNotifyAction' is present]]></system-out>
         <system-err><![CDATA[]]></system-err>
      </testcase>
      <system-out><![CDATA[2023-09-12 17:00:40 - [TEST_SUITE][PASSED] - Temp: Test Cases/RAD_TestCases/BeforePayments_TestCases/NewTaxReturn_BeforePayments_TC]]></system-out>
      <system-err><![CDATA[]]></system-err>
   </testsuite>
</testsuites>
