<?xml version="1.0" encoding="UTF-8"?>
<testsuites name="QA_Regression_Test" time="509.66" tests="1" failures="0" errors="0">
   <testsuite name="QA_Regression_Test" tests="1" failures="0" errors="0" time="509.66" skipped="0" timestamp="2023-02-20 14:30:42" hostname="imtiaz - DESKTOP-B2QI6NS.govolution.com" id="Test Suites/QA/VLink/QA_Regression_Test">
      <properties>
         <property name="deviceName" value=""/>
         <property name="devicePlatform" value=""/>
         <property name="logFolder" value="E:\\Cloned-Project-Katalon\\VPS-Katalon\\Reports\\20230220_143034\\QA\\VLink\\QA_Regression_Test\\20230220_143034"/>
         <property name="logFiles" value="E:\\Cloned-Project-Katalon\\VPS-Katalon\\Reports\\20230220_143034\\QA\\VLink\\QA_Regression_Test\\20230220_143034\\execution0.log"/>
         <property name="attachments" value=""/>
         <property name="hostName" value="imtiaz - DESKTOP-B2QI6NS.govolution.com"/>
         <property name="os" value="Windows 10 64bit"/>
         <property name="katalonVersion" value="8.2.5.208"/>
         <property name="browser" value="Chrome 110.0.0.0"/>
         <property name="hostAddress" value="172.31.253.135"/>
         <property name="sessionId" value="ac5d5458e70672fe19a24d87710b9399"/>
         <property name="seleniumVersion" value="3.141.59"/>
         <property name="proxyInformation" value="ProxyInformation { proxyOption=NO_PROXY, proxyServerType=HTTP, username=, password=********, proxyServerAddress=, proxyServerPort=0, executionList=&quot;&quot;, isApplyToDesiredCapabilities=true }"/>
         <property name="platform" value="Windows 10"/>
      </properties>
      <testcase name="Test Cases/VLink/QA/VLinkSale-Successful" time="509.138" classname="Test Cases/VLink/QA/VLinkSale-Successful" status="PASSED">
         <system-out><![CDATA[2023-02-20 14:30:43 - [TEST_CASE][PASSED] - Test Cases/VLink/QA/VLinkSale-Successful: Test Cases/VLink/QA/VLinkSale-Successful

2023-02-20 14:30:44 - [TEST_STEP][PASSED] - resText = "Fail": null

2023-02-20 14:30:44 - [TEST_STEP][PASSED] - resColumn = "Result": null

2023-02-20 14:30:44 - [TEST_STEP][PASSED] - datCloumn = "Date": null

2023-02-20 14:30:44 - [TEST_STEP][PASSED] - fileLoc = "KatalonData/VLinkCCTestData.xlsx": null

2023-02-20 14:30:44 - [TEST_STEP][PASSED] - nameSheet = "CCSaleData": null

2023-02-20 14:30:44 - [TEST_STEP][PASSED] - numOfRows = findTestData("QA/VLinkTestData/VLinkCCTestData").getRowNumbers(): null

2023-02-20 14:30:45 - [TEST_STEP][PASSED] - println("Number of Records: " + numOfRows): null

2023-02-20 14:30:45 - [TEST_STEP][PASSED] - dataFile = "QA/VLinkTestData/VLinkCCTestData": null

2023-02-20 14:30:45 - [TEST_STEP][PASSED] - for ([row = 1, row <= numOfRows, (row++)]): Browser is closed

2023-02-20 14:30:45 - [TEST_STEP][PASSED] - ExecuteTC = findTestData(dataFile).getValue("Execute", row): null

2023-02-20 14:30:45 - [TEST_STEP][PASSED] - out.println("Value of Execute is : " + ExecuteTC): null

2023-02-20 14:30:45 - [TEST_STEP][PASSED] - if (ExecuteTC.equalsIgnoreCase("Y")): null

2023-02-20 14:30:45 - [TEST_STEP][PASSED] - ExecuteTC = findTestData(dataFile).getValue("Execute", row): null

2023-02-20 14:30:46 - [TEST_STEP][PASSED] - out.println("Value of Execute is : " + ExecuteTC): null

2023-02-20 14:30:46 - [TEST_STEP][PASSED] - if (ExecuteTC.equalsIgnoreCase("Y")): null

2023-02-20 14:30:46 - [TEST_STEP][PASSED] - ExecuteTC = findTestData(dataFile).getValue("Execute", row): null

2023-02-20 14:30:46 - [TEST_STEP][PASSED] - out.println("Value of Execute is : " + ExecuteTC): null

2023-02-20 14:30:46 - [TEST_STEP][PASSED] - if (ExecuteTC.equalsIgnoreCase("Y")): null

2023-02-20 14:30:46 - [TEST_STEP][PASSED] - ExecuteTC = findTestData(dataFile).getValue("Execute", row): null

2023-02-20 14:30:46 - [TEST_STEP][PASSED] - out.println("Value of Execute is : " + ExecuteTC): null

2023-02-20 14:30:46 - [TEST_STEP][PASSED] - if (ExecuteTC.equalsIgnoreCase("Y")): null

2023-02-20 14:30:46 - [TEST_STEP][PASSED] - ExecuteTC = findTestData(dataFile).getValue("Execute", row): null

2023-02-20 14:30:46 - [TEST_STEP][PASSED] - out.println("Value of Execute is : " + ExecuteTC): null

2023-02-20 14:30:46 - [TEST_STEP][PASSED] - if (ExecuteTC.equalsIgnoreCase("Y")): null

2023-02-20 14:30:46 - [TEST_STEP][PASSED] - ExecuteTC = findTestData(dataFile).getValue("Execute", row): null

2023-02-20 14:30:46 - [TEST_STEP][PASSED] - out.println("Value of Execute is : " + ExecuteTC): null

2023-02-20 14:30:46 - [TEST_STEP][PASSED] - if (ExecuteTC.equalsIgnoreCase("Y")): null

2023-02-20 14:30:46 - [TEST_STEP][PASSED] - ExecuteTC = findTestData(dataFile).getValue("Execute", row): null

2023-02-20 14:30:46 - [TEST_STEP][PASSED] - out.println("Value of Execute is : " + ExecuteTC): null

2023-02-20 14:30:46 - [TEST_STEP][PASSED] - if (ExecuteTC.equalsIgnoreCase("Y")): null

2023-02-20 14:30:46 - [TEST_STEP][PASSED] - ExecuteTC = findTestData(dataFile).getValue("Execute", row): null

2023-02-20 14:30:47 - [TEST_STEP][PASSED] - out.println("Value of Execute is : " + ExecuteTC): null

2023-02-20 14:30:47 - [TEST_STEP][PASSED] - if (ExecuteTC.equalsIgnoreCase("Y")): null

2023-02-20 14:30:47 - [TEST_STEP][PASSED] - ExecuteTC = findTestData(dataFile).getValue("Execute", row): null

2023-02-20 14:30:47 - [TEST_STEP][PASSED] - out.println("Value of Execute is : " + ExecuteTC): null

2023-02-20 14:30:47 - [TEST_STEP][PASSED] - if (ExecuteTC.equalsIgnoreCase("Y")): null

2023-02-20 14:30:47 - [TEST_STEP][PASSED] - ExecuteTC = findTestData(dataFile).getValue("Execute", row): null

2023-02-20 14:30:47 - [TEST_STEP][PASSED] - out.println("Value of Execute is : " + ExecuteTC): null

2023-02-20 14:30:47 - [TEST_STEP][PASSED] - if (ExecuteTC.equalsIgnoreCase("Y")): null

2023-02-20 14:30:47 - [TEST_STEP][PASSED] - ExecuteTC = findTestData(dataFile).getValue("Execute", row): null

2023-02-20 14:30:47 - [TEST_STEP][PASSED] - out.println("Value of Execute is : " + ExecuteTC): null

2023-02-20 14:30:47 - [TEST_STEP][PASSED] - if (ExecuteTC.equalsIgnoreCase("Y")): null

2023-02-20 14:30:47 - [TEST_STEP][PASSED] - ExecuteTC = findTestData(dataFile).getValue("Execute", row): null

2023-02-20 14:30:47 - [TEST_STEP][PASSED] - out.println("Value of Execute is : " + ExecuteTC): null

2023-02-20 14:30:47 - [TEST_STEP][PASSED] - if (ExecuteTC.equalsIgnoreCase("Y")): null

2023-02-20 14:30:47 - [TEST_STEP][PASSED] - ExecuteTC = findTestData(dataFile).getValue("Execute", row): null

2023-02-20 14:30:47 - [TEST_STEP][PASSED] - out.println("Value of Execute is : " + ExecuteTC): null

2023-02-20 14:30:47 - [TEST_STEP][PASSED] - if (ExecuteTC.equalsIgnoreCase("Y")): null

2023-02-20 14:30:47 - [TEST_STEP][PASSED] - ExecuteTC = findTestData(dataFile).getValue("Execute", row): null

2023-02-20 14:30:47 - [TEST_STEP][PASSED] - out.println("Value of Execute is : " + ExecuteTC): null

2023-02-20 14:30:47 - [TEST_STEP][PASSED] - if (ExecuteTC.equalsIgnoreCase("Y")): null

2023-02-20 14:30:47 - [TEST_STEP][PASSED] - ExecuteTC = findTestData(dataFile).getValue("Execute", row): null

2023-02-20 14:30:47 - [TEST_STEP][PASSED] - out.println("Value of Execute is : " + ExecuteTC): null

2023-02-20 14:30:47 - [TEST_STEP][PASSED] - if (ExecuteTC.equalsIgnoreCase("Y")): null

2023-02-20 14:30:47 - [TEST_STEP][PASSED] - ExecuteTC = findTestData(dataFile).getValue("Execute", row): null

2023-02-20 14:30:48 - [TEST_STEP][PASSED] - out.println("Value of Execute is : " + ExecuteTC): null

2023-02-20 14:30:48 - [TEST_STEP][PASSED] - if (ExecuteTC.equalsIgnoreCase("Y")): null

2023-02-20 14:30:48 - [TEST_STEP][PASSED] - ExecuteTC = findTestData(dataFile).getValue("Execute", row): null

2023-02-20 14:30:48 - [TEST_STEP][PASSED] - out.println("Value of Execute is : " + ExecuteTC): null

2023-02-20 14:30:48 - [TEST_STEP][PASSED] - if (ExecuteTC.equalsIgnoreCase("Y")): null

2023-02-20 14:30:48 - [TEST_STEP][PASSED] - ExecuteTC = findTestData(dataFile).getValue("Execute", row): null

2023-02-20 14:30:48 - [TEST_STEP][PASSED] - out.println("Value of Execute is : " + ExecuteTC): null

2023-02-20 14:30:48 - [TEST_STEP][PASSED] - if (ExecuteTC.equalsIgnoreCase("Y")): null

2023-02-20 14:30:48 - [TEST_STEP][PASSED] - ExecuteTC = findTestData(dataFile).getValue("Execute", row): null

2023-02-20 14:30:48 - [TEST_STEP][PASSED] - out.println("Value of Execute is : " + ExecuteTC): null

2023-02-20 14:30:48 - [TEST_STEP][PASSED] - if (ExecuteTC.equalsIgnoreCase("Y")): null

2023-02-20 14:30:48 - [TEST_STEP][PASSED] - ExecuteTC = findTestData(dataFile).getValue("Execute", row): null

2023-02-20 14:30:48 - [TEST_STEP][PASSED] - out.println("Value of Execute is : " + ExecuteTC): null

2023-02-20 14:30:48 - [TEST_STEP][PASSED] - if (ExecuteTC.equalsIgnoreCase("Y")): null

2023-02-20 14:30:48 - [TEST_STEP][PASSED] - ExecuteTC = findTestData(dataFile).getValue("Execute", row): null

2023-02-20 14:30:48 - [TEST_STEP][PASSED] - out.println("Value of Execute is : " + ExecuteTC): null

2023-02-20 14:30:48 - [TEST_STEP][PASSED] - if (ExecuteTC.equalsIgnoreCase("Y")): null

2023-02-20 14:30:48 - [TEST_STEP][PASSED] - ExecuteTC = findTestData(dataFile).getValue("Execute", row): null

2023-02-20 14:30:48 - [TEST_STEP][PASSED] - out.println("Value of Execute is : " + ExecuteTC): null

2023-02-20 14:30:48 - [TEST_STEP][PASSED] - if (ExecuteTC.equalsIgnoreCase("Y")): null

2023-02-20 14:30:48 - [TEST_STEP][PASSED] - ExecuteTC = findTestData(dataFile).getValue("Execute", row): null

2023-02-20 14:30:48 - [TEST_STEP][PASSED] - out.println("Value of Execute is : " + ExecuteTC): null

2023-02-20 14:30:48 - [TEST_STEP][PASSED] - if (ExecuteTC.equalsIgnoreCase("Y")): null

2023-02-20 14:30:48 - [TEST_STEP][PASSED] - ExecuteTC = findTestData(dataFile).getValue("Execute", row): null

2023-02-20 14:30:48 - [TEST_STEP][PASSED] - out.println("Value of Execute is : " + ExecuteTC): null

2023-02-20 14:30:48 - [TEST_STEP][PASSED] - if (ExecuteTC.equalsIgnoreCase("Y")): null

2023-02-20 14:30:48 - [TEST_STEP][PASSED] - ExecuteTC = findTestData(dataFile).getValue("Execute", row): null

2023-02-20 14:30:49 - [TEST_STEP][PASSED] - out.println("Value of Execute is : " + ExecuteTC): null

2023-02-20 14:30:49 - [TEST_STEP][PASSED] - if (ExecuteTC.equalsIgnoreCase("Y")): null

2023-02-20 14:30:49 - [TEST_STEP][PASSED] - ExecuteTC = findTestData(dataFile).getValue("Execute", row): null

2023-02-20 14:30:49 - [TEST_STEP][PASSED] - out.println("Value of Execute is : " + ExecuteTC): null

2023-02-20 14:30:49 - [TEST_STEP][PASSED] - if (ExecuteTC.equalsIgnoreCase("Y")): null

2023-02-20 14:30:49 - [TEST_STEP][PASSED] - ExecuteTC = findTestData(dataFile).getValue("Execute", row): null

2023-02-20 14:30:49 - [TEST_STEP][PASSED] - out.println("Value of Execute is : " + ExecuteTC): null

2023-02-20 14:30:49 - [TEST_STEP][PASSED] - if (ExecuteTC.equalsIgnoreCase("Y")): null

2023-02-20 14:30:49 - [TEST_STEP][PASSED] - ExecuteTC = findTestData(dataFile).getValue("Execute", row): null

2023-02-20 14:30:49 - [TEST_STEP][PASSED] - out.println("Value of Execute is : " + ExecuteTC): null

2023-02-20 14:30:49 - [TEST_STEP][PASSED] - if (ExecuteTC.equalsIgnoreCase("Y")): null

2023-02-20 14:30:49 - [TEST_STEP][PASSED] - ExecuteTC = findTestData(dataFile).getValue("Execute", row): null

2023-02-20 14:30:49 - [TEST_STEP][PASSED] - out.println("Value of Execute is : " + ExecuteTC): null

2023-02-20 14:30:49 - [TEST_STEP][PASSED] - if (ExecuteTC.equalsIgnoreCase("Y")): null

2023-02-20 14:30:49 - [TEST_STEP][PASSED] - ExecuteTC = findTestData(dataFile).getValue("Execute", row): null

2023-02-20 14:30:49 - [TEST_STEP][PASSED] - out.println("Value of Execute is : " + ExecuteTC): null

2023-02-20 14:30:49 - [TEST_STEP][PASSED] - if (ExecuteTC.equalsIgnoreCase("Y")): null

2023-02-20 14:30:49 - [TEST_STEP][PASSED] - ExecuteTC = findTestData(dataFile).getValue("Execute", row): null

2023-02-20 14:30:49 - [TEST_STEP][PASSED] - out.println("Value of Execute is : " + ExecuteTC): null

2023-02-20 14:30:49 - [TEST_STEP][PASSED] - if (ExecuteTC.equalsIgnoreCase("Y")): null

2023-02-20 14:30:49 - [TEST_STEP][PASSED] - ExecuteTC = findTestData(dataFile).getValue("Execute", row): null

2023-02-20 14:30:49 - [TEST_STEP][PASSED] - out.println("Value of Execute is : " + ExecuteTC): null

2023-02-20 14:30:49 - [TEST_STEP][PASSED] - if (ExecuteTC.equalsIgnoreCase("Y")): null

2023-02-20 14:30:49 - [TEST_STEP][PASSED] - ExecuteTC = findTestData(dataFile).getValue("Execute", row): null

2023-02-20 14:30:49 - [TEST_STEP][PASSED] - out.println("Value of Execute is : " + ExecuteTC): null

2023-02-20 14:30:49 - [TEST_STEP][PASSED] - if (ExecuteTC.equalsIgnoreCase("Y")): null

2023-02-20 14:30:49 - [TEST_STEP][PASSED] - ExecuteTC = findTestData(dataFile).getValue("Execute", row): null

2023-02-20 14:30:49 - [TEST_STEP][PASSED] - out.println("Value of Execute is : " + ExecuteTC): null

2023-02-20 14:30:49 - [TEST_STEP][PASSED] - if (ExecuteTC.equalsIgnoreCase("Y")): null

2023-02-20 14:30:49 - [TEST_STEP][PASSED] - ExecuteTC = findTestData(dataFile).getValue("Execute", row): null

2023-02-20 14:30:50 - [TEST_STEP][PASSED] - out.println("Value of Execute is : " + ExecuteTC): null

2023-02-20 14:30:50 - [TEST_STEP][PASSED] - if (ExecuteTC.equalsIgnoreCase("Y")): null

2023-02-20 14:30:50 - [TEST_STEP][PASSED] - ExecuteTC = findTestData(dataFile).getValue("Execute", row): null

2023-02-20 14:30:50 - [TEST_STEP][PASSED] - out.println("Value of Execute is : " + ExecuteTC): null

2023-02-20 14:30:50 - [TEST_STEP][PASSED] - if (ExecuteTC.equalsIgnoreCase("Y")): null

2023-02-20 14:30:50 - [TEST_STEP][PASSED] - ExecuteTC = findTestData(dataFile).getValue("Execute", row): null

2023-02-20 14:30:50 - [TEST_STEP][PASSED] - out.println("Value of Execute is : " + ExecuteTC): null

2023-02-20 14:30:50 - [TEST_STEP][PASSED] - if (ExecuteTC.equalsIgnoreCase("Y")): null

2023-02-20 14:30:50 - [TEST_STEP][PASSED] - ExecuteTC = findTestData(dataFile).getValue("Execute", row): null

2023-02-20 14:30:50 - [TEST_STEP][PASSED] - out.println("Value of Execute is : " + ExecuteTC): null

2023-02-20 14:30:50 - [TEST_STEP][PASSED] - if (ExecuteTC.equalsIgnoreCase("Y")): null

2023-02-20 14:30:50 - [TEST_STEP][PASSED] - ExecuteTC = findTestData(dataFile).getValue("Execute", row): null

2023-02-20 14:30:50 - [TEST_STEP][PASSED] - out.println("Value of Execute is : " + ExecuteTC): null

2023-02-20 14:30:50 - [TEST_STEP][PASSED] - if (ExecuteTC.equalsIgnoreCase("Y")): null

2023-02-20 14:30:50 - [TEST_STEP][PASSED] - ExecuteTC = findTestData(dataFile).getValue("Execute", row): null

2023-02-20 14:30:50 - [TEST_STEP][PASSED] - out.println("Value of Execute is : " + ExecuteTC): null

2023-02-20 14:30:50 - [TEST_STEP][PASSED] - if (ExecuteTC.equalsIgnoreCase("Y")): null

2023-02-20 14:30:50 - [TEST_STEP][PASSED] - ExecuteTC = findTestData(dataFile).getValue("Execute", row): null

2023-02-20 14:30:50 - [TEST_STEP][PASSED] - out.println("Value of Execute is : " + ExecuteTC): null

2023-02-20 14:30:50 - [TEST_STEP][PASSED] - if (ExecuteTC.equalsIgnoreCase("Y")): null

2023-02-20 14:30:50 - [TEST_STEP][PASSED] - ExecuteTC = findTestData(dataFile).getValue("Execute", row): null

2023-02-20 14:30:50 - [TEST_STEP][PASSED] - out.println("Value of Execute is : " + ExecuteTC): null

2023-02-20 14:30:50 - [TEST_STEP][PASSED] - if (ExecuteTC.equalsIgnoreCase("Y")): null

2023-02-20 14:30:50 - [TEST_STEP][PASSED] - ExecuteTC = findTestData(dataFile).getValue("Execute", row): null

2023-02-20 14:30:50 - [TEST_STEP][PASSED] - out.println("Value of Execute is : " + ExecuteTC): null

2023-02-20 14:30:50 - [TEST_STEP][PASSED] - if (ExecuteTC.equalsIgnoreCase("Y")): null

2023-02-20 14:30:50 - [TEST_STEP][PASSED] - ExecuteTC = findTestData(dataFile).getValue("Execute", row): null

2023-02-20 14:30:50 - [TEST_STEP][PASSED] - out.println("Value of Execute is : " + ExecuteTC): null

2023-02-20 14:30:50 - [TEST_STEP][PASSED] - if (ExecuteTC.equalsIgnoreCase("Y")): null

2023-02-20 14:30:50 - [TEST_STEP][PASSED] - ExecuteTC = findTestData(dataFile).getValue("Execute", row): null

2023-02-20 14:30:50 - [TEST_STEP][PASSED] - out.println("Value of Execute is : " + ExecuteTC): null

2023-02-20 14:30:50 - [TEST_STEP][PASSED] - if (ExecuteTC.equalsIgnoreCase("Y")): null

2023-02-20 14:30:50 - [TEST_STEP][PASSED] - ExecuteTC = findTestData(dataFile).getValue("Execute", row): null

2023-02-20 14:30:50 - [TEST_STEP][PASSED] - out.println("Value of Execute is : " + ExecuteTC): null

2023-02-20 14:30:50 - [TEST_STEP][PASSED] - if (ExecuteTC.equalsIgnoreCase("Y")): null

2023-02-20 14:30:50 - [TEST_STEP][PASSED] - ExecuteTC = findTestData(dataFile).getValue("Execute", row): null

2023-02-20 14:30:51 - [TEST_STEP][PASSED] - out.println("Value of Execute is : " + ExecuteTC): null

2023-02-20 14:30:51 - [TEST_STEP][PASSED] - if (ExecuteTC.equalsIgnoreCase("Y")): null

2023-02-20 14:30:51 - [TEST_STEP][PASSED] - ExecuteTC = findTestData(dataFile).getValue("Execute", row): null

2023-02-20 14:30:51 - [TEST_STEP][PASSED] - out.println("Value of Execute is : " + ExecuteTC): null

2023-02-20 14:30:51 - [TEST_STEP][PASSED] - if (ExecuteTC.equalsIgnoreCase("Y")): null

2023-02-20 14:30:51 - [TEST_STEP][PASSED] - ExecuteTC = findTestData(dataFile).getValue("Execute", row): null

2023-02-20 14:30:51 - [TEST_STEP][PASSED] - out.println("Value of Execute is : " + ExecuteTC): null

2023-02-20 14:30:51 - [TEST_STEP][PASSED] - if (ExecuteTC.equalsIgnoreCase("Y")): null

2023-02-20 14:30:51 - [TEST_STEP][PASSED] - ExecuteTC = findTestData(dataFile).getValue("Execute", row): null

2023-02-20 14:30:51 - [TEST_STEP][PASSED] - out.println("Value of Execute is : " + ExecuteTC): null

2023-02-20 14:30:51 - [TEST_STEP][PASSED] - if (ExecuteTC.equalsIgnoreCase("Y")): null

2023-02-20 14:30:51 - [TEST_STEP][PASSED] - ExecuteTC = findTestData(dataFile).getValue("Execute", row): null

2023-02-20 14:30:51 - [TEST_STEP][PASSED] - out.println("Value of Execute is : " + ExecuteTC): null

2023-02-20 14:30:51 - [TEST_STEP][PASSED] - if (ExecuteTC.equalsIgnoreCase("Y")): null

2023-02-20 14:30:51 - [TEST_STEP][PASSED] - ExecuteTC = findTestData(dataFile).getValue("Execute", row): null

2023-02-20 14:30:51 - [TEST_STEP][PASSED] - out.println("Value of Execute is : " + ExecuteTC): null

2023-02-20 14:30:51 - [TEST_STEP][PASSED] - if (ExecuteTC.equalsIgnoreCase("Y")): null

2023-02-20 14:30:51 - [TEST_STEP][PASSED] - ExecuteTC = findTestData(dataFile).getValue("Execute", row): null

2023-02-20 14:30:51 - [TEST_STEP][PASSED] - out.println("Value of Execute is : " + ExecuteTC): null

2023-02-20 14:30:51 - [TEST_STEP][PASSED] - if (ExecuteTC.equalsIgnoreCase("Y")): null

2023-02-20 14:30:51 - [TEST_STEP][PASSED] - ExecuteTC = findTestData(dataFile).getValue("Execute", row): null

2023-02-20 14:30:51 - [TEST_STEP][PASSED] - out.println("Value of Execute is : " + ExecuteTC): null

2023-02-20 14:30:51 - [TEST_STEP][PASSED] - if (ExecuteTC.equalsIgnoreCase("Y")): null

2023-02-20 14:30:51 - [TEST_STEP][PASSED] - ExecuteTC = findTestData(dataFile).getValue("Execute", row): null

2023-02-20 14:30:51 - [TEST_STEP][PASSED] - out.println("Value of Execute is : " + ExecuteTC): null

2023-02-20 14:30:51 - [TEST_STEP][PASSED] - if (ExecuteTC.equalsIgnoreCase("Y")): null

2023-02-20 14:30:51 - [TEST_STEP][PASSED] - ExecuteTC = findTestData(dataFile).getValue("Execute", row): null

2023-02-20 14:30:51 - [TEST_STEP][PASSED] - out.println("Value of Execute is : " + ExecuteTC): null

2023-02-20 14:30:51 - [TEST_STEP][PASSED] - if (ExecuteTC.equalsIgnoreCase("Y")): null

2023-02-20 14:30:51 - [TEST_STEP][PASSED] - ExecuteTC = findTestData(dataFile).getValue("Execute", row): null

2023-02-20 14:30:52 - [TEST_STEP][PASSED] - out.println("Value of Execute is : " + ExecuteTC): null

2023-02-20 14:30:52 - [TEST_STEP][PASSED] - if (ExecuteTC.equalsIgnoreCase("Y")): null

2023-02-20 14:30:52 - [TEST_STEP][PASSED] - ExecuteTC = findTestData(dataFile).getValue("Execute", row): null

2023-02-20 14:30:52 - [TEST_STEP][PASSED] - out.println("Value of Execute is : " + ExecuteTC): null

2023-02-20 14:30:52 - [TEST_STEP][PASSED] - if (ExecuteTC.equalsIgnoreCase("Y")): null

2023-02-20 14:30:52 - [TEST_STEP][PASSED] - ExecuteTC = findTestData(dataFile).getValue("Execute", row): null

2023-02-20 14:30:52 - [TEST_STEP][PASSED] - out.println("Value of Execute is : " + ExecuteTC): null

2023-02-20 14:30:52 - [TEST_STEP][PASSED] - if (ExecuteTC.equalsIgnoreCase("Y")): null

2023-02-20 14:30:52 - [TEST_STEP][PASSED] - ExecuteTC = findTestData(dataFile).getValue("Execute", row): null

2023-02-20 14:30:52 - [TEST_STEP][PASSED] - out.println("Value of Execute is : " + ExecuteTC): null

2023-02-20 14:30:52 - [TEST_STEP][PASSED] - if (ExecuteTC.equalsIgnoreCase("Y")): null

2023-02-20 14:30:52 - [TEST_STEP][PASSED] - ExecuteTC = findTestData(dataFile).getValue("Execute", row): null

2023-02-20 14:30:52 - [TEST_STEP][PASSED] - out.println("Value of Execute is : " + ExecuteTC): null

2023-02-20 14:30:52 - [TEST_STEP][PASSED] - if (ExecuteTC.equalsIgnoreCase("Y")): null

2023-02-20 14:30:52 - [TEST_STEP][PASSED] - ExecuteTC = findTestData(dataFile).getValue("Execute", row): null

2023-02-20 14:30:52 - [TEST_STEP][PASSED] - out.println("Value of Execute is : " + ExecuteTC): null

2023-02-20 14:30:52 - [TEST_STEP][PASSED] - if (ExecuteTC.equalsIgnoreCase("Y")): null

2023-02-20 14:30:52 - [TEST_STEP][PASSED] - ExecuteTC = findTestData(dataFile).getValue("Execute", row): null

2023-02-20 14:30:52 - [TEST_STEP][PASSED] - out.println("Value of Execute is : " + ExecuteTC): null

2023-02-20 14:30:52 - [TEST_STEP][PASSED] - if (ExecuteTC.equalsIgnoreCase("Y")): null

2023-02-20 14:30:52 - [TEST_STEP][PASSED] - ExecuteTC = findTestData(dataFile).getValue("Execute", row): null

2023-02-20 14:30:52 - [TEST_STEP][PASSED] - out.println("Value of Execute is : " + ExecuteTC): null

2023-02-20 14:30:52 - [TEST_STEP][PASSED] - if (ExecuteTC.equalsIgnoreCase("Y")): null

2023-02-20 14:30:52 - [TEST_STEP][PASSED] - ExecuteTC = findTestData(dataFile).getValue("Execute", row): null

2023-02-20 14:30:52 - [TEST_STEP][PASSED] - out.println("Value of Execute is : " + ExecuteTC): null

2023-02-20 14:30:52 - [TEST_STEP][PASSED] - if (ExecuteTC.equalsIgnoreCase("Y")): null

2023-02-20 14:30:52 - [TEST_STEP][PASSED] - ExecuteTC = findTestData(dataFile).getValue("Execute", row): null

2023-02-20 14:30:52 - [TEST_STEP][PASSED] - out.println("Value of Execute is : " + ExecuteTC): null

2023-02-20 14:30:52 - [TEST_STEP][PASSED] - if (ExecuteTC.equalsIgnoreCase("Y")): null

2023-02-20 14:30:52 - [TEST_STEP][PASSED] - ExecuteTC = findTestData(dataFile).getValue("Execute", row): null

2023-02-20 14:30:52 - [TEST_STEP][PASSED] - out.println("Value of Execute is : " + ExecuteTC): null

2023-02-20 14:30:52 - [TEST_STEP][PASSED] - if (ExecuteTC.equalsIgnoreCase("Y")): null

2023-02-20 14:30:52 - [TEST_STEP][PASSED] - ExecuteTC = findTestData(dataFile).getValue("Execute", row): null

2023-02-20 14:30:53 - [TEST_STEP][PASSED] - out.println("Value of Execute is : " + ExecuteTC): null

2023-02-20 14:30:53 - [TEST_STEP][PASSED] - if (ExecuteTC.equalsIgnoreCase("Y")): null

2023-02-20 14:30:53 - [TEST_STEP][PASSED] - ExecuteTC = findTestData(dataFile).getValue("Execute", row): null

2023-02-20 14:30:53 - [TEST_STEP][PASSED] - out.println("Value of Execute is : " + ExecuteTC): null

2023-02-20 14:30:53 - [TEST_STEP][PASSED] - if (ExecuteTC.equalsIgnoreCase("Y")): null

2023-02-20 14:30:53 - [TEST_STEP][PASSED] - ExecuteTC = findTestData(dataFile).getValue("Execute", row): null

2023-02-20 14:30:53 - [TEST_STEP][PASSED] - out.println("Value of Execute is : " + ExecuteTC): null

2023-02-20 14:30:53 - [TEST_STEP][PASSED] - if (ExecuteTC.equalsIgnoreCase("Y")): null

2023-02-20 14:30:53 - [TEST_STEP][PASSED] - ExecuteTC = findTestData(dataFile).getValue("Execute", row): null

2023-02-20 14:30:53 - [TEST_STEP][PASSED] - out.println("Value of Execute is : " + ExecuteTC): null

2023-02-20 14:30:53 - [TEST_STEP][PASSED] - if (ExecuteTC.equalsIgnoreCase("Y")): null

2023-02-20 14:30:53 - [TEST_STEP][PASSED] - ExecuteTC = findTestData(dataFile).getValue("Execute", row): null

2023-02-20 14:30:53 - [TEST_STEP][PASSED] - out.println("Value of Execute is : " + ExecuteTC): null

2023-02-20 14:30:53 - [TEST_STEP][PASSED] - if (ExecuteTC.equalsIgnoreCase("Y")): null

2023-02-20 14:30:53 - [TEST_STEP][PASSED] - ExecuteTC = findTestData(dataFile).getValue("Execute", row): null

2023-02-20 14:30:53 - [TEST_STEP][PASSED] - out.println("Value of Execute is : " + ExecuteTC): null

2023-02-20 14:30:53 - [TEST_STEP][PASSED] - if (ExecuteTC.equalsIgnoreCase("Y")): null

2023-02-20 14:30:53 - [TEST_STEP][PASSED] - ExecuteTC = findTestData(dataFile).getValue("Execute", row): null

2023-02-20 14:30:53 - [TEST_STEP][PASSED] - out.println("Value of Execute is : " + ExecuteTC): null

2023-02-20 14:30:53 - [TEST_STEP][PASSED] - if (ExecuteTC.equalsIgnoreCase("Y")): null

2023-02-20 14:30:53 - [TEST_STEP][PASSED] - ExecuteTC = findTestData(dataFile).getValue("Execute", row): null

2023-02-20 14:30:53 - [TEST_STEP][PASSED] - out.println("Value of Execute is : " + ExecuteTC): null

2023-02-20 14:30:53 - [TEST_STEP][PASSED] - if (ExecuteTC.equalsIgnoreCase("Y")): null

2023-02-20 14:30:53 - [TEST_STEP][PASSED] - ExecuteTC = findTestData(dataFile).getValue("Execute", row): null

2023-02-20 14:30:53 - [TEST_STEP][PASSED] - out.println("Value of Execute is : " + ExecuteTC): null

2023-02-20 14:30:53 - [TEST_STEP][PASSED] - if (ExecuteTC.equalsIgnoreCase("Y")): null

2023-02-20 14:30:53 - [TEST_STEP][PASSED] - ExecuteTC = findTestData(dataFile).getValue("Execute", row): null

2023-02-20 14:30:53 - [TEST_STEP][PASSED] - out.println("Value of Execute is : " + ExecuteTC): null

2023-02-20 14:30:53 - [TEST_STEP][PASSED] - if (ExecuteTC.equalsIgnoreCase("Y")): null

2023-02-20 14:30:53 - [TEST_STEP][PASSED] - ExecuteTC = findTestData(dataFile).getValue("Execute", row): null

2023-02-20 14:30:54 - [TEST_STEP][PASSED] - out.println("Value of Execute is : " + ExecuteTC): null

2023-02-20 14:30:54 - [TEST_STEP][PASSED] - if (ExecuteTC.equalsIgnoreCase("Y")): null

2023-02-20 14:30:54 - [TEST_STEP][PASSED] - ExecuteTC = findTestData(dataFile).getValue("Execute", row): null

2023-02-20 14:30:54 - [TEST_STEP][PASSED] - out.println("Value of Execute is : " + ExecuteTC): null

2023-02-20 14:30:54 - [TEST_STEP][PASSED] - if (ExecuteTC.equalsIgnoreCase("Y")): null

2023-02-20 14:30:54 - [TEST_STEP][PASSED] - ExecuteTC = findTestData(dataFile).getValue("Execute", row): null

2023-02-20 14:30:54 - [TEST_STEP][PASSED] - out.println("Value of Execute is : " + ExecuteTC): null

2023-02-20 14:30:54 - [TEST_STEP][PASSED] - if (ExecuteTC.equalsIgnoreCase("Y")): null

2023-02-20 14:30:54 - [TEST_STEP][PASSED] - ExecuteTC = findTestData(dataFile).getValue("Execute", row): null

2023-02-20 14:30:54 - [TEST_STEP][PASSED] - out.println("Value of Execute is : " + ExecuteTC): null

2023-02-20 14:30:54 - [TEST_STEP][PASSED] - if (ExecuteTC.equalsIgnoreCase("Y")): null

2023-02-20 14:30:54 - [TEST_STEP][PASSED] - ExecuteTC = findTestData(dataFile).getValue("Execute", row): null

2023-02-20 14:30:54 - [TEST_STEP][PASSED] - out.println("Value of Execute is : " + ExecuteTC): null

2023-02-20 14:30:54 - [TEST_STEP][PASSED] - if (ExecuteTC.equalsIgnoreCase("Y")): null

2023-02-20 14:30:54 - [TEST_STEP][PASSED] - ExecuteTC = findTestData(dataFile).getValue("Execute", row): null

2023-02-20 14:30:54 - [TEST_STEP][PASSED] - out.println("Value of Execute is : " + ExecuteTC): null

2023-02-20 14:30:54 - [TEST_STEP][PASSED] - if (ExecuteTC.equalsIgnoreCase("Y")): null

2023-02-20 14:30:54 - [TEST_STEP][PASSED] - ExecuteTC = findTestData(dataFile).getValue("Execute", row): null

2023-02-20 14:30:54 - [TEST_STEP][PASSED] - out.println("Value of Execute is : " + ExecuteTC): null

2023-02-20 14:30:54 - [TEST_STEP][PASSED] - if (ExecuteTC.equalsIgnoreCase("Y")): null

2023-02-20 14:30:54 - [TEST_STEP][PASSED] - ExecuteTC = findTestData(dataFile).getValue("Execute", row): null

2023-02-20 14:30:54 - [TEST_STEP][PASSED] - out.println("Value of Execute is : " + ExecuteTC): null

2023-02-20 14:30:54 - [TEST_STEP][PASSED] - if (ExecuteTC.equalsIgnoreCase("Y")): null

2023-02-20 14:30:54 - [TEST_STEP][PASSED] - ExecuteTC = findTestData(dataFile).getValue("Execute", row): null

2023-02-20 14:30:54 - [TEST_STEP][PASSED] - out.println("Value of Execute is : " + ExecuteTC): null

2023-02-20 14:30:54 - [TEST_STEP][PASSED] - if (ExecuteTC.equalsIgnoreCase("Y")): null

2023-02-20 14:30:54 - [TEST_STEP][PASSED] - ExecuteTC = findTestData(dataFile).getValue("Execute", row): null

2023-02-20 14:30:54 - [TEST_STEP][PASSED] - out.println("Value of Execute is : " + ExecuteTC): null

2023-02-20 14:30:54 - [TEST_STEP][PASSED] - if (ExecuteTC.equalsIgnoreCase("Y")): null

2023-02-20 14:30:54 - [TEST_STEP][PASSED] - ExecuteTC = findTestData(dataFile).getValue("Execute", row): null

2023-02-20 14:30:55 - [TEST_STEP][PASSED] - out.println("Value of Execute is : " + ExecuteTC): null

2023-02-20 14:30:55 - [TEST_STEP][PASSED] - if (ExecuteTC.equalsIgnoreCase("Y")): null

2023-02-20 14:30:55 - [TEST_STEP][PASSED] - ExecuteTC = findTestData(dataFile).getValue("Execute", row): null

2023-02-20 14:30:55 - [TEST_STEP][PASSED] - out.println("Value of Execute is : " + ExecuteTC): null

2023-02-20 14:30:55 - [TEST_STEP][PASSED] - if (ExecuteTC.equalsIgnoreCase("Y")): null

2023-02-20 14:30:55 - [TEST_STEP][PASSED] - ExecuteTC = findTestData(dataFile).getValue("Execute", row): null

2023-02-20 14:30:55 - [TEST_STEP][PASSED] - out.println("Value of Execute is : " + ExecuteTC): null

2023-02-20 14:30:55 - [TEST_STEP][PASSED] - if (ExecuteTC.equalsIgnoreCase("Y")): null

2023-02-20 14:30:55 - [TEST_STEP][PASSED] - ExecuteTC = findTestData(dataFile).getValue("Execute", row): null

2023-02-20 14:30:55 - [TEST_STEP][PASSED] - out.println("Value of Execute is : " + ExecuteTC): null

2023-02-20 14:30:55 - [TEST_STEP][PASSED] - if (ExecuteTC.equalsIgnoreCase("Y")): null

2023-02-20 14:30:55 - [TEST_STEP][PASSED] - ExecuteTC = findTestData(dataFile).getValue("Execute", row): null

2023-02-20 14:30:55 - [TEST_STEP][PASSED] - out.println("Value of Execute is : " + ExecuteTC): null

2023-02-20 14:30:55 - [TEST_STEP][PASSED] - if (ExecuteTC.equalsIgnoreCase("Y")): null

2023-02-20 14:30:55 - [TEST_STEP][PASSED] - ExecuteTC = findTestData(dataFile).getValue("Execute", row): null

2023-02-20 14:30:55 - [TEST_STEP][PASSED] - out.println("Value of Execute is : " + ExecuteTC): null

2023-02-20 14:30:55 - [TEST_STEP][PASSED] - if (ExecuteTC.equalsIgnoreCase("Y")): null

2023-02-20 14:30:55 - [TEST_STEP][PASSED] - ExecuteTC = findTestData(dataFile).getValue("Execute", row): null

2023-02-20 14:30:55 - [TEST_STEP][PASSED] - out.println("Value of Execute is : " + ExecuteTC): null

2023-02-20 14:30:55 - [TEST_STEP][PASSED] - if (ExecuteTC.equalsIgnoreCase("Y")): null

2023-02-20 14:30:55 - [TEST_STEP][PASSED] - ExecuteTC = findTestData(dataFile).getValue("Execute", row): null

2023-02-20 14:30:55 - [TEST_STEP][PASSED] - out.println("Value of Execute is : " + ExecuteTC): null

2023-02-20 14:30:55 - [TEST_STEP][PASSED] - if (ExecuteTC.equalsIgnoreCase("Y")): null

2023-02-20 14:30:55 - [TEST_STEP][PASSED] - ExecuteTC = findTestData(dataFile).getValue("Execute", row): null

2023-02-20 14:30:55 - [TEST_STEP][PASSED] - out.println("Value of Execute is : " + ExecuteTC): null

2023-02-20 14:30:55 - [TEST_STEP][PASSED] - if (ExecuteTC.equalsIgnoreCase("Y")): null

2023-02-20 14:30:55 - [TEST_STEP][PASSED] - ExecuteTC = findTestData(dataFile).getValue("Execute", row): null

2023-02-20 14:30:55 - [TEST_STEP][PASSED] - out.println("Value of Execute is : " + ExecuteTC): null

2023-02-20 14:30:55 - [TEST_STEP][PASSED] - if (ExecuteTC.equalsIgnoreCase("Y")): null

2023-02-20 14:30:55 - [TEST_STEP][PASSED] - ExecuteTC = findTestData(dataFile).getValue("Execute", row): null

2023-02-20 14:30:55 - [TEST_STEP][PASSED] - out.println("Value of Execute is : " + ExecuteTC): null

2023-02-20 14:30:55 - [TEST_STEP][PASSED] - if (ExecuteTC.equalsIgnoreCase("Y")): null

2023-02-20 14:30:55 - [TEST_STEP][PASSED] - ExecuteTC = findTestData(dataFile).getValue("Execute", row): null

2023-02-20 14:30:55 - [TEST_STEP][PASSED] - out.println("Value of Execute is : " + ExecuteTC): null

2023-02-20 14:30:55 - [TEST_STEP][PASSED] - if (ExecuteTC.equalsIgnoreCase("Y")): null

2023-02-20 14:30:55 - [TEST_STEP][PASSED] - ExecuteTC = findTestData(dataFile).getValue("Execute", row): null

2023-02-20 14:30:56 - [TEST_STEP][PASSED] - out.println("Value of Execute is : " + ExecuteTC): null

2023-02-20 14:30:56 - [TEST_STEP][PASSED] - if (ExecuteTC.equalsIgnoreCase("Y")): null

2023-02-20 14:30:56 - [TEST_STEP][PASSED] - ExecuteTC = findTestData(dataFile).getValue("Execute", row): null

2023-02-20 14:30:56 - [TEST_STEP][PASSED] - out.println("Value of Execute is : " + ExecuteTC): null

2023-02-20 14:30:56 - [TEST_STEP][PASSED] - if (ExecuteTC.equalsIgnoreCase("Y")): null

2023-02-20 14:30:56 - [TEST_STEP][PASSED] - ExecuteTC = findTestData(dataFile).getValue("Execute", row): null

2023-02-20 14:30:56 - [TEST_STEP][PASSED] - out.println("Value of Execute is : " + ExecuteTC): null

2023-02-20 14:30:56 - [TEST_STEP][PASSED] - if (ExecuteTC.equalsIgnoreCase("Y")): null

2023-02-20 14:30:56 - [TEST_STEP][PASSED] - ExecuteTC = findTestData(dataFile).getValue("Execute", row): null

2023-02-20 14:30:56 - [TEST_STEP][PASSED] - out.println("Value of Execute is : " + ExecuteTC): null

2023-02-20 14:30:56 - [TEST_STEP][PASSED] - if (ExecuteTC.equalsIgnoreCase("Y")): null

2023-02-20 14:30:56 - [TEST_STEP][PASSED] - ExecuteTC = findTestData(dataFile).getValue("Execute", row): null

2023-02-20 14:30:56 - [TEST_STEP][PASSED] - out.println("Value of Execute is : " + ExecuteTC): null

2023-02-20 14:30:56 - [TEST_STEP][PASSED] - if (ExecuteTC.equalsIgnoreCase("Y")): null

2023-02-20 14:30:56 - [TEST_STEP][PASSED] - ExecuteTC = findTestData(dataFile).getValue("Execute", row): null

2023-02-20 14:30:56 - [TEST_STEP][PASSED] - out.println("Value of Execute is : " + ExecuteTC): null

2023-02-20 14:30:56 - [TEST_STEP][PASSED] - if (ExecuteTC.equalsIgnoreCase("Y")): null

2023-02-20 14:30:56 - [TEST_STEP][PASSED] - ExecuteTC = findTestData(dataFile).getValue("Execute", row): null

2023-02-20 14:30:56 - [TEST_STEP][PASSED] - out.println("Value of Execute is : " + ExecuteTC): null

2023-02-20 14:30:56 - [TEST_STEP][PASSED] - if (ExecuteTC.equalsIgnoreCase("Y")): null

2023-02-20 14:30:56 - [TEST_STEP][PASSED] - ExecuteTC = findTestData(dataFile).getValue("Execute", row): null

2023-02-20 14:30:56 - [TEST_STEP][PASSED] - out.println("Value of Execute is : " + ExecuteTC): null

2023-02-20 14:30:56 - [TEST_STEP][PASSED] - if (ExecuteTC.equalsIgnoreCase("Y")): null

2023-02-20 14:30:56 - [TEST_STEP][PASSED] - ExecuteTC = findTestData(dataFile).getValue("Execute", row): null

2023-02-20 14:30:56 - [TEST_STEP][PASSED] - out.println("Value of Execute is : " + ExecuteTC): null

2023-02-20 14:30:56 - [TEST_STEP][PASSED] - if (ExecuteTC.equalsIgnoreCase("Y")): null

2023-02-20 14:30:56 - [TEST_STEP][PASSED] - ExecuteTC = findTestData(dataFile).getValue("Execute", row): null

2023-02-20 14:30:56 - [TEST_STEP][PASSED] - out.println("Value of Execute is : " + ExecuteTC): null

2023-02-20 14:30:56 - [TEST_STEP][PASSED] - if (ExecuteTC.equalsIgnoreCase("Y")): null

2023-02-20 14:30:56 - [TEST_STEP][PASSED] - ExecuteTC = findTestData(dataFile).getValue("Execute", row): null

2023-02-20 14:30:56 - [TEST_STEP][PASSED] - out.println("Value of Execute is : " + ExecuteTC): null

2023-02-20 14:30:56 - [TEST_STEP][PASSED] - if (ExecuteTC.equalsIgnoreCase("Y")): null

2023-02-20 14:30:56 - [TEST_STEP][PASSED] - ExecuteTC = findTestData(dataFile).getValue("Execute", row): null

2023-02-20 14:30:57 - [TEST_STEP][PASSED] - out.println("Value of Execute is : " + ExecuteTC): null

2023-02-20 14:30:57 - [TEST_STEP][PASSED] - if (ExecuteTC.equalsIgnoreCase("Y")): null

2023-02-20 14:30:57 - [TEST_STEP][PASSED] - ExecuteTC = findTestData(dataFile).getValue("Execute", row): null

2023-02-20 14:30:57 - [TEST_STEP][PASSED] - out.println("Value of Execute is : " + ExecuteTC): null

2023-02-20 14:30:57 - [TEST_STEP][PASSED] - if (ExecuteTC.equalsIgnoreCase("Y")): null

2023-02-20 14:30:57 - [TEST_STEP][PASSED] - ExecuteTC = findTestData(dataFile).getValue("Execute", row): null

2023-02-20 14:30:57 - [TEST_STEP][PASSED] - out.println("Value of Execute is : " + ExecuteTC): null

2023-02-20 14:30:57 - [TEST_STEP][PASSED] - if (ExecuteTC.equalsIgnoreCase("Y")): null

2023-02-20 14:30:57 - [TEST_STEP][PASSED] - ExecuteTC = findTestData(dataFile).getValue("Execute", row): null

2023-02-20 14:30:57 - [TEST_STEP][PASSED] - out.println("Value of Execute is : " + ExecuteTC): null

2023-02-20 14:30:57 - [TEST_STEP][PASSED] - if (ExecuteTC.equalsIgnoreCase("Y")): null

2023-02-20 14:30:57 - [TEST_STEP][PASSED] - ExecuteTC = findTestData(dataFile).getValue("Execute", row): null

2023-02-20 14:30:57 - [TEST_STEP][PASSED] - out.println("Value of Execute is : " + ExecuteTC): null

2023-02-20 14:30:57 - [TEST_STEP][PASSED] - if (ExecuteTC.equalsIgnoreCase("Y")): null

2023-02-20 14:30:57 - [TEST_STEP][PASSED] - ExecuteTC = findTestData(dataFile).getValue("Execute", row): null

2023-02-20 14:30:57 - [TEST_STEP][PASSED] - out.println("Value of Execute is : " + ExecuteTC): null

2023-02-20 14:30:57 - [TEST_STEP][PASSED] - if (ExecuteTC.equalsIgnoreCase("Y")): null

2023-02-20 14:30:57 - [TEST_STEP][PASSED] - ExecuteTC = findTestData(dataFile).getValue("Execute", row): null

2023-02-20 14:30:57 - [TEST_STEP][PASSED] - out.println("Value of Execute is : " + ExecuteTC): null

2023-02-20 14:30:57 - [TEST_STEP][PASSED] - if (ExecuteTC.equalsIgnoreCase("Y")): null

2023-02-20 14:30:57 - [TEST_STEP][PASSED] - ExecuteTC = findTestData(dataFile).getValue("Execute", row): null

2023-02-20 14:30:57 - [TEST_STEP][PASSED] - out.println("Value of Execute is : " + ExecuteTC): null

2023-02-20 14:30:57 - [TEST_STEP][PASSED] - if (ExecuteTC.equalsIgnoreCase("Y")): null

2023-02-20 14:30:57 - [TEST_STEP][PASSED] - ExecuteTC = findTestData(dataFile).getValue("Execute", row): null

2023-02-20 14:30:57 - [TEST_STEP][PASSED] - out.println("Value of Execute is : " + ExecuteTC): null

2023-02-20 14:30:57 - [TEST_STEP][PASSED] - if (ExecuteTC.equalsIgnoreCase("Y")): null

2023-02-20 14:30:57 - [TEST_STEP][PASSED] - ExecuteTC = findTestData(dataFile).getValue("Execute", row): null

2023-02-20 14:30:57 - [TEST_STEP][PASSED] - out.println("Value of Execute is : " + ExecuteTC): null

2023-02-20 14:30:57 - [TEST_STEP][PASSED] - if (ExecuteTC.equalsIgnoreCase("Y")): null

2023-02-20 14:30:57 - [TEST_STEP][PASSED] - ExecuteTC = findTestData(dataFile).getValue("Execute", row): null

2023-02-20 14:30:57 - [TEST_STEP][PASSED] - out.println("Value of Execute is : " + ExecuteTC): null

2023-02-20 14:30:57 - [TEST_STEP][PASSED] - if (ExecuteTC.equalsIgnoreCase("Y")): null

2023-02-20 14:30:57 - [TEST_STEP][PASSED] - ExecuteTC = findTestData(dataFile).getValue("Execute", row): null

2023-02-20 14:30:57 - [TEST_STEP][PASSED] - out.println("Value of Execute is : " + ExecuteTC): null

2023-02-20 14:30:57 - [TEST_STEP][PASSED] - if (ExecuteTC.equalsIgnoreCase("Y")): null

2023-02-20 14:30:57 - [TEST_STEP][PASSED] - ExecuteTC = findTestData(dataFile).getValue("Execute", row): null

2023-02-20 14:30:58 - [TEST_STEP][PASSED] - out.println("Value of Execute is : " + ExecuteTC): null

2023-02-20 14:30:58 - [TEST_STEP][PASSED] - if (ExecuteTC.equalsIgnoreCase("Y")): null

2023-02-20 14:30:58 - [TEST_STEP][PASSED] - ExecuteTC = findTestData(dataFile).getValue("Execute", row): null

2023-02-20 14:30:58 - [TEST_STEP][PASSED] - out.println("Value of Execute is : " + ExecuteTC): null

2023-02-20 14:30:58 - [TEST_STEP][PASSED] - if (ExecuteTC.equalsIgnoreCase("Y")): null

2023-02-20 14:30:58 - [TEST_STEP][PASSED] - ExecuteTC = findTestData(dataFile).getValue("Execute", row): null

2023-02-20 14:30:58 - [TEST_STEP][PASSED] - out.println("Value of Execute is : " + ExecuteTC): null

2023-02-20 14:30:58 - [TEST_STEP][PASSED] - if (ExecuteTC.equalsIgnoreCase("Y")): null

2023-02-20 14:30:58 - [TEST_STEP][PASSED] - ExecuteTC = findTestData(dataFile).getValue("Execute", row): null

2023-02-20 14:30:58 - [TEST_STEP][PASSED] - out.println("Value of Execute is : " + ExecuteTC): null

2023-02-20 14:30:58 - [TEST_STEP][PASSED] - if (ExecuteTC.equalsIgnoreCase("Y")): null

2023-02-20 14:30:58 - [TEST_STEP][PASSED] - ExecuteTC = findTestData(dataFile).getValue("Execute", row): null

2023-02-20 14:30:58 - [TEST_STEP][PASSED] - out.println("Value of Execute is : " + ExecuteTC): null

2023-02-20 14:30:58 - [TEST_STEP][PASSED] - if (ExecuteTC.equalsIgnoreCase("Y")): Browser is closed

2023-02-20 14:30:58 - [TEST_STEP][PASSED] - out.println("Begin Record Number: " + row): null

2023-02-20 14:30:58 - [TEST_STEP][PASSED] - today = new java.util.Date(): null

2023-02-20 14:30:58 - [TEST_STEP][PASSED] - println(today): null

2023-02-20 14:30:58 - [TEST_STEP][PASSED] - datText = today: null

2023-02-20 14:30:58 - [TEST_STEP][PASSED] - openBrowser(VLinkURL + "authcap.html"): Browser is opened with url: 'https://dev-algorithm.govolution.com/vlinktest/QA/version_2_0/authcap.html'

2023-02-20 14:30:59 - [MESSAGE][INFO] - Starting 'Chrome' driver

2023-02-20 14:30:59 - [MESSAGE][INFO] - User set preference: ['acceptInsecureCerts', 'true']

2023-02-20 14:30:59 - [MESSAGE][INFO] - Action delay is set to 0 milliseconds

2023-02-20 14:31:03 - [MESSAGE][PASSED] - Browser is opened with url: 'https://dev-algorithm.govolution.com/vlinktest/QA/version_2_0/authcap.html'

2023-02-20 14:31:03 - [TEST_STEP][PASSED] - maximizeWindow(): Current window maximized

2023-02-20 14:31:03 - [MESSAGE][PASSED] - Current window maximized

2023-02-20 14:31:03 - [TEST_STEP][PASSED] - vlinkPages.saleCCPage.setDataSCC(row, dataFile): vlinkPages.saleCCPage.setDataSCC is PASSED

2023-02-20 14:31:07 - [MESSAGE][PASSED] - Object 'Object Repository/VLink/Page_CCSale/txt_CardNumber' is present

2023-02-20 14:31:08 - [MESSAGE][PASSED] - Text '104' is set on object 'Object Repository/VLink/Page_CCSale/txt_TransactionType'

2023-02-20 14:31:09 - [MESSAGE][PASSED] - Text '2.0C' is set on object 'Object Repository/VLink/Page_CCSale/txt_MessageVersion'

2023-02-20 14:31:09 - [MESSAGE][PASSED] - Text 'USTjp9fm1OTQ' is set on object 'Object Repository/VLink/Page_CCSale/txt_RemID'

2023-02-20 14:31:10 - [MESSAGE][PASSED] - Text '581' is set on object 'Object Repository/VLink/Page_CCSale/txt_ApplicationId'

2023-02-20 14:31:11 - [MESSAGE][PASSED] - Text 'usr581' is set on object 'Object Repository/VLink/Page_CCSale/txt_Username'

2023-02-20 14:31:11 - [MESSAGE][PASSED] - Text 'pwd581' is set on object 'Object Repository/VLink/Page_CCSale/txt_Password'

2023-02-20 14:31:12 - [MESSAGE][PASSED] - Text 'fixed_width' is set on object 'Object Repository/VLink/Page_CCSale/txt_ResponseFormat'

2023-02-20 14:31:13 - [MESSAGE][PASSED] - Text 'ECOM' is set on object 'Object Repository/VLink/Page_CCSale/txt_Category'

2023-02-20 14:31:13 - [MESSAGE][PASSED] - Text '' is set on object 'Object Repository/VLink/Page_CCSale/txt_TransactionID'

2023-02-20 14:31:14 - [MESSAGE][PASSED] - Text '' is set on object 'Object Repository/VLink/Page_CCSale/txt_ApprovalCode'

2023-02-20 14:31:14 - [MESSAGE][PASSED] - Text 'Kris Roshan' is set on object 'Object Repository/VLink/Page_CCSale/txt_CardName'

2023-02-20 14:31:15 - [MESSAGE][PASSED] - Text '258 Elm Road' is set on object 'Object Repository/VLink/Page_CCSale/txt_AL1'

2023-02-20 14:31:16 - [MESSAGE][PASSED] - Text 'Suite 56' is set on object 'Object Repository/VLink/Page_CCSale/txt_AL2'

2023-02-20 14:31:16 - [MESSAGE][PASSED] - Text 'Arlington' is set on object 'Object Repository/VLink/Page_CCSale/txt_CardCity'

2023-02-20 14:31:17 - [MESSAGE][PASSED] - Text 'VA' is set on object 'Object Repository/VLink/Page_CCSale/txt_CardState'

2023-02-20 14:31:18 - [MESSAGE][PASSED] - Text '22201' is set on object 'Object Repository/VLink/Page_CCSale/txt_CardZIP'

2023-02-20 14:31:18 - [MESSAGE][PASSED] - Text '840' is set on object 'Object Repository/VLink/Page_CCSale/txt_CountryID'

2023-02-20 14:31:19 - [MESSAGE][PASSED] - Text '1.50' is set on object 'Object Repository/VLink/Page_CCSale/txt_Amount'

2023-02-20 14:31:20 - [MESSAGE][PASSED] - Text '4012000098765439' is set on object 'Object Repository/VLink/Page_CCSale/txt_CardNumber'

2023-02-20 14:31:20 - [MESSAGE][PASSED] - Text '12' is set on object 'Object Repository/VLink/Page_CCSale/txt_ExpMonth'

2023-02-20 14:31:21 - [MESSAGE][PASSED] - Text '2025' is set on object 'Object Repository/VLink/Page_CCSale/txt_ExpYear'

2023-02-20 14:31:22 - [MESSAGE][PASSED] - Text '' is set on object 'Object Repository/VLink/Page_CCSale/txt_CVV'

2023-02-20 14:31:22 - [MESSAGE][PASSED] - Text '' is set on object 'Object Repository/VLink/Page_CCSale/txt_CVVstate'

2023-02-20 14:31:23 - [MESSAGE][PASSED] - Text '' is set on object 'Object Repository/VLink/Page_CCSale/txt_TrackData'

2023-02-20 14:31:23 - [MESSAGE][PASSED] - Text '' is set on object 'Object Repository/VLink/Page_CCSale/txt_Track1Data'

2023-02-20 14:31:24 - [MESSAGE][PASSED] - Text '' is set on object 'Object Repository/VLink/Page_CCSale/txt_Track2Data'

2023-02-20 14:31:25 - [MESSAGE][PASSED] - Text 'manual' is set on object 'Object Repository/VLink/Page_CCSale/txt_POSEntryMode'

2023-02-20 14:31:25 - [MESSAGE][PASSED] - Text 'iahmed@govolution.com' is set on object 'Object Repository/VLink/Page_CCSale/txt_Email'

2023-02-20 14:31:26 - [MESSAGE][PASSED] - Text '2569362' is set on object 'Object Repository/VLink/Page_CCSale/txt_OrderNumber'

2023-02-20 14:31:27 - [MESSAGE][PASSED] - Text '1.15' is set on object 'Object Repository/VLink/Page_CCSale/txt_TaxAmount'

2023-02-20 14:31:27 - [MESSAGE][PASSED] - Text 'Charge Description' is set on object 'Object Repository/VLink/Page_CCSale/txt_ChargeDescription'

2023-02-20 14:31:28 - [MESSAGE][PASSED] - Text '147357' is set on object 'Object Repository/VLink/Page_CCSale/txt_CAN'

2023-02-20 14:31:29 - [MESSAGE][PASSED] - Text '1' is set on object 'Object Repository/VLink/Page_CCSale/txt_BillPaymentIndicator'

2023-02-20 14:31:29 - [MESSAGE][PASSED] - Text 'UDF Data 1' is set on object 'Object Repository/VLink/Page_CCSale/txt_UDF1'

2023-02-20 14:31:30 - [MESSAGE][PASSED] - Text 'UDF Data 2' is set on object 'Object Repository/VLink/Page_CCSale/txt_UDF2'

2023-02-20 14:31:30 - [MESSAGE][PASSED] - Text 'UDF Data 3' is set on object 'Object Repository/VLink/Page_CCSale/txt_UDF3'

2023-02-20 14:31:31 - [MESSAGE][PASSED] - Text 'UDF Data 4' is set on object 'Object Repository/VLink/Page_CCSale/txt_UDF4'

2023-02-20 14:31:32 - [MESSAGE][PASSED] - Text 'UDF Data 5' is set on object 'Object Repository/VLink/Page_CCSale/txt_UDF5'

2023-02-20 14:31:32 - [MESSAGE][PASSED] - Text 'UDF Data 6' is set on object 'Object Repository/VLink/Page_CCSale/txt_UDF6'

2023-02-20 14:31:33 - [MESSAGE][PASSED] - Text 'UDF Data 7' is set on object 'Object Repository/VLink/Page_CCSale/txt_UDF7'

2023-02-20 14:31:34 - [MESSAGE][PASSED] - Text 'UDF Data 8' is set on object 'Object Repository/VLink/Page_CCSale/txt_UDF8'

2023-02-20 14:31:34 - [MESSAGE][PASSED] - Text 'UDF Data 9' is set on object 'Object Repository/VLink/Page_CCSale/txt_UDF9'

2023-02-20 14:31:35 - [MESSAGE][PASSED] - Text 'UDF Data 10' is set on object 'Object Repository/VLink/Page_CCSale/txt_UDF10'

2023-02-20 14:31:36 - [MESSAGE][PASSED] - Object: 'Object Repository/VLink/Page_CCSale/btn_ProcessVLinkTransaction' is clicked on

2023-02-20 14:31:41 - [MESSAGE][PASSED] - vlinkPages.saleCCPage.setDataSCC is PASSED

2023-02-20 14:31:41 - [TEST_STEP][PASSED] - if (verifyTextPresent("Transaction approved, no errors", true)): null

2023-02-20 14:31:42 - [MESSAGE][PASSED] - Text 'Transaction approved, no errors' is present on page  using regular expression

2023-02-20 14:31:42 - [TEST_STEP][PASSED] - println("Transaction Approved, no errors text is present on the Confirmation page"): null

2023-02-20 14:31:42 - [TEST_STEP][PASSED] - out.println("Pass Record Number: " + row): null

2023-02-20 14:31:42 - [TEST_STEP][PASSED] - resText = "Pass": null

2023-02-20 14:31:42 - [TEST_STEP][PASSED] - pages.WriteExcel.demoKey(resText, datText, resColumn, datCloumn, fileLoc, nameSheet, row): pages.WriteExcel.demoKey is PASSED

2023-02-20 14:31:42 - [MESSAGE][PASSED] - pages.WriteExcel.demoKey is PASSED

2023-02-20 14:31:42 - [TEST_STEP][PASSED] - sdfo = getText(findTestObject("Object Repository/Page_VLinkReceipt/pre_STX")): Text of object 'Object Repository/Page_VLinkReceipt/pre_STX' is: '<STX>USTjp9fm1OTQ                  12127390            0  Transaction approved, no errors                   0                                                                                  Y 000047   <ETX>'

2023-02-20 14:31:43 - [MESSAGE][PASSED] - Text of object 'Object Repository/Page_VLinkReceipt/pre_STX' is: '<STX>USTjp9fm1OTQ                  12127390            0  Transaction approved, no errors                   0                                                                                  Y 000047   <ETX>'

2023-02-20 14:31:43 - [TEST_STEP][PASSED] - out.println("sdfo: " + sdfo): null

2023-02-20 14:31:43 - [TEST_STEP][PASSED] - remID = substring(5, 35).trim(): null

2023-02-20 14:31:43 - [TEST_STEP][PASSED] - out.println("Remittance ID: " + remID): null

2023-02-20 14:31:43 - [TEST_STEP][PASSED] - traxID = substring(35, 55).trim(): null

2023-02-20 14:31:43 - [TEST_STEP][PASSED] - out.println("Transaction ID: " + traxID): null

2023-02-20 14:31:43 - [TEST_STEP][PASSED] - out.println("End Record Number: " + row): null

2023-02-20 14:31:43 - [TEST_STEP][PASSED] - closeBrowser(): Browser is closed

2023-02-20 14:31:44 - [MESSAGE][PASSED] - Browser is closed

2023-02-20 14:31:44 - [TEST_STEP][PASSED] - ExecuteTC = findTestData(dataFile).getValue("Execute", row): null

2023-02-20 14:31:44 - [TEST_STEP][PASSED] - out.println("Value of Execute is : " + ExecuteTC): null

2023-02-20 14:31:44 - [TEST_STEP][PASSED] - if (ExecuteTC.equalsIgnoreCase("Y")): Browser is closed

2023-02-20 14:31:44 - [TEST_STEP][PASSED] - out.println("Begin Record Number: " + row): null

2023-02-20 14:31:44 - [TEST_STEP][PASSED] - today = new java.util.Date(): null

2023-02-20 14:31:44 - [TEST_STEP][PASSED] - println(today): null

2023-02-20 14:31:44 - [TEST_STEP][PASSED] - datText = today: null

2023-02-20 14:31:44 - [TEST_STEP][PASSED] - openBrowser(VLinkURL + "authcap.html"): Browser is opened with url: 'https://dev-algorithm.govolution.com/vlinktest/QA/version_2_0/authcap.html'

2023-02-20 14:31:44 - [MESSAGE][INFO] - Starting 'Chrome' driver

2023-02-20 14:31:44 - [MESSAGE][INFO] - User set preference: ['acceptInsecureCerts', 'true']

2023-02-20 14:31:44 - [MESSAGE][INFO] - Action delay is set to 0 milliseconds

2023-02-20 14:31:46 - [MESSAGE][PASSED] - Browser is opened with url: 'https://dev-algorithm.govolution.com/vlinktest/QA/version_2_0/authcap.html'

2023-02-20 14:31:46 - [TEST_STEP][PASSED] - maximizeWindow(): Current window maximized

2023-02-20 14:31:46 - [MESSAGE][PASSED] - Current window maximized

2023-02-20 14:31:46 - [TEST_STEP][PASSED] - vlinkPages.saleCCPage.setDataSCC(row, dataFile): vlinkPages.saleCCPage.setDataSCC is PASSED

2023-02-20 14:31:50 - [MESSAGE][PASSED] - Object 'Object Repository/VLink/Page_CCSale/txt_CardNumber' is present

2023-02-20 14:31:50 - [MESSAGE][PASSED] - Text '104' is set on object 'Object Repository/VLink/Page_CCSale/txt_TransactionType'

2023-02-20 14:31:51 - [MESSAGE][PASSED] - Text '2.0C' is set on object 'Object Repository/VLink/Page_CCSale/txt_MessageVersion'

2023-02-20 14:31:52 - [MESSAGE][PASSED] - Text 'w9QydUnpfB9x' is set on object 'Object Repository/VLink/Page_CCSale/txt_RemID'

2023-02-20 14:31:52 - [MESSAGE][PASSED] - Text '581' is set on object 'Object Repository/VLink/Page_CCSale/txt_ApplicationId'

2023-02-20 14:31:53 - [MESSAGE][PASSED] - Text 'usr581' is set on object 'Object Repository/VLink/Page_CCSale/txt_Username'

2023-02-20 14:31:54 - [MESSAGE][PASSED] - Text 'pwd581' is set on object 'Object Repository/VLink/Page_CCSale/txt_Password'

2023-02-20 14:31:54 - [MESSAGE][PASSED] - Text 'fixed_width' is set on object 'Object Repository/VLink/Page_CCSale/txt_ResponseFormat'

2023-02-20 14:31:55 - [MESSAGE][PASSED] - Text 'MOTO' is set on object 'Object Repository/VLink/Page_CCSale/txt_Category'

2023-02-20 14:31:55 - [MESSAGE][PASSED] - Text '' is set on object 'Object Repository/VLink/Page_CCSale/txt_TransactionID'

2023-02-20 14:31:56 - [MESSAGE][PASSED] - Text '' is set on object 'Object Repository/VLink/Page_CCSale/txt_ApprovalCode'

2023-02-20 14:31:57 - [MESSAGE][PASSED] - Text 'Kris Roshan' is set on object 'Object Repository/VLink/Page_CCSale/txt_CardName'

2023-02-20 14:31:57 - [MESSAGE][PASSED] - Text '258 Elm Road' is set on object 'Object Repository/VLink/Page_CCSale/txt_AL1'

2023-02-20 14:31:58 - [MESSAGE][PASSED] - Text 'Suite 56' is set on object 'Object Repository/VLink/Page_CCSale/txt_AL2'

2023-02-20 14:31:59 - [MESSAGE][PASSED] - Text 'Arlington' is set on object 'Object Repository/VLink/Page_CCSale/txt_CardCity'

2023-02-20 14:31:59 - [MESSAGE][PASSED] - Text 'VA' is set on object 'Object Repository/VLink/Page_CCSale/txt_CardState'

2023-02-20 14:32:00 - [MESSAGE][PASSED] - Text '22201' is set on object 'Object Repository/VLink/Page_CCSale/txt_CardZIP'

2023-02-20 14:32:01 - [MESSAGE][PASSED] - Text '840' is set on object 'Object Repository/VLink/Page_CCSale/txt_CountryID'

2023-02-20 14:32:01 - [MESSAGE][PASSED] - Text '1.50' is set on object 'Object Repository/VLink/Page_CCSale/txt_Amount'

2023-02-20 14:32:02 - [MESSAGE][PASSED] - Text '4012000098765439' is set on object 'Object Repository/VLink/Page_CCSale/txt_CardNumber'

2023-02-20 14:32:03 - [MESSAGE][PASSED] - Text '12' is set on object 'Object Repository/VLink/Page_CCSale/txt_ExpMonth'

2023-02-20 14:32:03 - [MESSAGE][PASSED] - Text '2025' is set on object 'Object Repository/VLink/Page_CCSale/txt_ExpYear'

2023-02-20 14:32:04 - [MESSAGE][PASSED] - Text '' is set on object 'Object Repository/VLink/Page_CCSale/txt_CVV'

2023-02-20 14:32:04 - [MESSAGE][PASSED] - Text '' is set on object 'Object Repository/VLink/Page_CCSale/txt_CVVstate'

2023-02-20 14:32:05 - [MESSAGE][PASSED] - Text '' is set on object 'Object Repository/VLink/Page_CCSale/txt_TrackData'

2023-02-20 14:32:06 - [MESSAGE][PASSED] - Text '' is set on object 'Object Repository/VLink/Page_CCSale/txt_Track1Data'

2023-02-20 14:32:06 - [MESSAGE][PASSED] - Text '' is set on object 'Object Repository/VLink/Page_CCSale/txt_Track2Data'

2023-02-20 14:32:07 - [MESSAGE][PASSED] - Text 'manual' is set on object 'Object Repository/VLink/Page_CCSale/txt_POSEntryMode'

2023-02-20 14:32:07 - [MESSAGE][PASSED] - Text 'iahmed@govolution.com' is set on object 'Object Repository/VLink/Page_CCSale/txt_Email'

2023-02-20 14:32:08 - [MESSAGE][PASSED] - Text '2569362' is set on object 'Object Repository/VLink/Page_CCSale/txt_OrderNumber'

2023-02-20 14:32:09 - [MESSAGE][PASSED] - Text '1.15' is set on object 'Object Repository/VLink/Page_CCSale/txt_TaxAmount'

2023-02-20 14:32:09 - [MESSAGE][PASSED] - Text 'Charge Description' is set on object 'Object Repository/VLink/Page_CCSale/txt_ChargeDescription'

2023-02-20 14:32:10 - [MESSAGE][PASSED] - Text '147357' is set on object 'Object Repository/VLink/Page_CCSale/txt_CAN'

2023-02-20 14:32:11 - [MESSAGE][PASSED] - Text '1' is set on object 'Object Repository/VLink/Page_CCSale/txt_BillPaymentIndicator'

2023-02-20 14:32:11 - [MESSAGE][PASSED] - Text 'UDF Data 1' is set on object 'Object Repository/VLink/Page_CCSale/txt_UDF1'

2023-02-20 14:32:12 - [MESSAGE][PASSED] - Text 'UDF Data 2' is set on object 'Object Repository/VLink/Page_CCSale/txt_UDF2'

2023-02-20 14:32:12 - [MESSAGE][PASSED] - Text 'UDF Data 3' is set on object 'Object Repository/VLink/Page_CCSale/txt_UDF3'

2023-02-20 14:32:13 - [MESSAGE][PASSED] - Text 'UDF Data 4' is set on object 'Object Repository/VLink/Page_CCSale/txt_UDF4'

2023-02-20 14:32:14 - [MESSAGE][PASSED] - Text 'UDF Data 5' is set on object 'Object Repository/VLink/Page_CCSale/txt_UDF5'

2023-02-20 14:32:14 - [MESSAGE][PASSED] - Text 'UDF Data 6' is set on object 'Object Repository/VLink/Page_CCSale/txt_UDF6'

2023-02-20 14:32:15 - [MESSAGE][PASSED] - Text 'UDF Data 7' is set on object 'Object Repository/VLink/Page_CCSale/txt_UDF7'

2023-02-20 14:32:16 - [MESSAGE][PASSED] - Text 'UDF Data 8' is set on object 'Object Repository/VLink/Page_CCSale/txt_UDF8'

2023-02-20 14:32:16 - [MESSAGE][PASSED] - Text 'UDF Data 9' is set on object 'Object Repository/VLink/Page_CCSale/txt_UDF9'

2023-02-20 14:32:17 - [MESSAGE][PASSED] - Text 'UDF Data 10' is set on object 'Object Repository/VLink/Page_CCSale/txt_UDF10'

2023-02-20 14:32:18 - [MESSAGE][PASSED] - Object: 'Object Repository/VLink/Page_CCSale/btn_ProcessVLinkTransaction' is clicked on

2023-02-20 14:32:23 - [MESSAGE][PASSED] - vlinkPages.saleCCPage.setDataSCC is PASSED

2023-02-20 14:32:23 - [TEST_STEP][PASSED] - if (verifyTextPresent("Transaction approved, no errors", true)): null

2023-02-20 14:32:23 - [MESSAGE][PASSED] - Text 'Transaction approved, no errors' is present on page  using regular expression

2023-02-20 14:32:23 - [TEST_STEP][PASSED] - println("Transaction Approved, no errors text is present on the Confirmation page"): null

2023-02-20 14:32:23 - [TEST_STEP][PASSED] - out.println("Pass Record Number: " + row): null

2023-02-20 14:32:23 - [TEST_STEP][PASSED] - resText = "Pass": null

2023-02-20 14:32:23 - [TEST_STEP][PASSED] - pages.WriteExcel.demoKey(resText, datText, resColumn, datCloumn, fileLoc, nameSheet, row): pages.WriteExcel.demoKey is PASSED

2023-02-20 14:32:23 - [MESSAGE][PASSED] - pages.WriteExcel.demoKey is PASSED

2023-02-20 14:32:23 - [TEST_STEP][PASSED] - sdfo = getText(findTestObject("Object Repository/Page_VLinkReceipt/pre_STX")): Text of object 'Object Repository/Page_VLinkReceipt/pre_STX' is: '<STX>w9QydUnpfB9x                  12127391            0  Transaction approved, no errors                   0                                                                                  Y 000048   <ETX>'

2023-02-20 14:32:24 - [MESSAGE][PASSED] - Text of object 'Object Repository/Page_VLinkReceipt/pre_STX' is: '<STX>w9QydUnpfB9x                  12127391            0  Transaction approved, no errors                   0                                                                                  Y 000048   <ETX>'

2023-02-20 14:32:24 - [TEST_STEP][PASSED] - out.println("sdfo: " + sdfo): null

2023-02-20 14:32:24 - [TEST_STEP][PASSED] - remID = substring(5, 35).trim(): null

2023-02-20 14:32:24 - [TEST_STEP][PASSED] - out.println("Remittance ID: " + remID): null

2023-02-20 14:32:24 - [TEST_STEP][PASSED] - traxID = substring(35, 55).trim(): null

2023-02-20 14:32:24 - [TEST_STEP][PASSED] - out.println("Transaction ID: " + traxID): null

2023-02-20 14:32:24 - [TEST_STEP][PASSED] - out.println("End Record Number: " + row): null

2023-02-20 14:32:24 - [TEST_STEP][PASSED] - closeBrowser(): Browser is closed

2023-02-20 14:32:25 - [MESSAGE][PASSED] - Browser is closed

2023-02-20 14:32:25 - [TEST_STEP][PASSED] - ExecuteTC = findTestData(dataFile).getValue("Execute", row): null

2023-02-20 14:32:25 - [TEST_STEP][PASSED] - out.println("Value of Execute is : " + ExecuteTC): null

2023-02-20 14:32:25 - [TEST_STEP][PASSED] - if (ExecuteTC.equalsIgnoreCase("Y")): Browser is closed

2023-02-20 14:32:25 - [TEST_STEP][PASSED] - out.println("Begin Record Number: " + row): null

2023-02-20 14:32:25 - [TEST_STEP][PASSED] - today = new java.util.Date(): null

2023-02-20 14:32:25 - [TEST_STEP][PASSED] - println(today): null

2023-02-20 14:32:25 - [TEST_STEP][PASSED] - datText = today: null

2023-02-20 14:32:25 - [TEST_STEP][PASSED] - openBrowser(VLinkURL + "authcap.html"): Browser is opened with url: 'https://dev-algorithm.govolution.com/vlinktest/QA/version_2_0/authcap.html'

2023-02-20 14:32:25 - [MESSAGE][INFO] - Starting 'Chrome' driver

2023-02-20 14:32:25 - [MESSAGE][INFO] - User set preference: ['acceptInsecureCerts', 'true']

2023-02-20 14:32:25 - [MESSAGE][INFO] - Action delay is set to 0 milliseconds

2023-02-20 14:32:27 - [MESSAGE][PASSED] - Browser is opened with url: 'https://dev-algorithm.govolution.com/vlinktest/QA/version_2_0/authcap.html'

2023-02-20 14:32:27 - [TEST_STEP][PASSED] - maximizeWindow(): Current window maximized

2023-02-20 14:32:27 - [MESSAGE][PASSED] - Current window maximized

2023-02-20 14:32:27 - [TEST_STEP][PASSED] - vlinkPages.saleCCPage.setDataSCC(row, dataFile): vlinkPages.saleCCPage.setDataSCC is PASSED

2023-02-20 14:32:31 - [MESSAGE][PASSED] - Object 'Object Repository/VLink/Page_CCSale/txt_CardNumber' is present

2023-02-20 14:32:31 - [MESSAGE][PASSED] - Text '104' is set on object 'Object Repository/VLink/Page_CCSale/txt_TransactionType'

2023-02-20 14:32:32 - [MESSAGE][PASSED] - Text '2.0C' is set on object 'Object Repository/VLink/Page_CCSale/txt_MessageVersion'

2023-02-20 14:32:33 - [MESSAGE][PASSED] - Text 'wy9i1AzWnUqJ' is set on object 'Object Repository/VLink/Page_CCSale/txt_RemID'

2023-02-20 14:32:33 - [MESSAGE][PASSED] - Text '581' is set on object 'Object Repository/VLink/Page_CCSale/txt_ApplicationId'

2023-02-20 14:32:34 - [MESSAGE][PASSED] - Text 'usr581' is set on object 'Object Repository/VLink/Page_CCSale/txt_Username'

2023-02-20 14:32:34 - [MESSAGE][PASSED] - Text 'pwd581' is set on object 'Object Repository/VLink/Page_CCSale/txt_Password'

2023-02-20 14:32:35 - [MESSAGE][PASSED] - Text 'fixed_width' is set on object 'Object Repository/VLink/Page_CCSale/txt_ResponseFormat'

2023-02-20 14:32:36 - [MESSAGE][PASSED] - Text 'RETL' is set on object 'Object Repository/VLink/Page_CCSale/txt_Category'

2023-02-20 14:32:36 - [MESSAGE][PASSED] - Text '' is set on object 'Object Repository/VLink/Page_CCSale/txt_TransactionID'

2023-02-20 14:32:37 - [MESSAGE][PASSED] - Text '' is set on object 'Object Repository/VLink/Page_CCSale/txt_ApprovalCode'

2023-02-20 14:32:37 - [MESSAGE][PASSED] - Text 'Kris Roshan' is set on object 'Object Repository/VLink/Page_CCSale/txt_CardName'

2023-02-20 14:32:38 - [MESSAGE][PASSED] - Text '258 Elm Road' is set on object 'Object Repository/VLink/Page_CCSale/txt_AL1'

2023-02-20 14:32:39 - [MESSAGE][PASSED] - Text 'Suite 56' is set on object 'Object Repository/VLink/Page_CCSale/txt_AL2'

2023-02-20 14:32:39 - [MESSAGE][PASSED] - Text 'Arlington' is set on object 'Object Repository/VLink/Page_CCSale/txt_CardCity'

2023-02-20 14:32:40 - [MESSAGE][PASSED] - Text 'VA' is set on object 'Object Repository/VLink/Page_CCSale/txt_CardState'

2023-02-20 14:32:41 - [MESSAGE][PASSED] - Text '22201' is set on object 'Object Repository/VLink/Page_CCSale/txt_CardZIP'

2023-02-20 14:32:42 - [MESSAGE][PASSED] - Text '840' is set on object 'Object Repository/VLink/Page_CCSale/txt_CountryID'

2023-02-20 14:32:42 - [MESSAGE][PASSED] - Text '1.50' is set on object 'Object Repository/VLink/Page_CCSale/txt_Amount'

2023-02-20 14:32:43 - [MESSAGE][PASSED] - Text '4012000098765439' is set on object 'Object Repository/VLink/Page_CCSale/txt_CardNumber'

2023-02-20 14:32:44 - [MESSAGE][PASSED] - Text '12' is set on object 'Object Repository/VLink/Page_CCSale/txt_ExpMonth'

2023-02-20 14:32:44 - [MESSAGE][PASSED] - Text '2025' is set on object 'Object Repository/VLink/Page_CCSale/txt_ExpYear'

2023-02-20 14:32:45 - [MESSAGE][PASSED] - Text '' is set on object 'Object Repository/VLink/Page_CCSale/txt_CVV'

2023-02-20 14:32:45 - [MESSAGE][PASSED] - Text '' is set on object 'Object Repository/VLink/Page_CCSale/txt_CVVstate'

2023-02-20 14:32:46 - [MESSAGE][PASSED] - Text '' is set on object 'Object Repository/VLink/Page_CCSale/txt_TrackData'

2023-02-20 14:32:47 - [MESSAGE][PASSED] - Text '' is set on object 'Object Repository/VLink/Page_CCSale/txt_Track1Data'

2023-02-20 14:32:47 - [MESSAGE][PASSED] - Text '' is set on object 'Object Repository/VLink/Page_CCSale/txt_Track2Data'

2023-02-20 14:32:48 - [MESSAGE][PASSED] - Text 'manual' is set on object 'Object Repository/VLink/Page_CCSale/txt_POSEntryMode'

2023-02-20 14:32:48 - [MESSAGE][PASSED] - Text 'iahmed@govolution.com' is set on object 'Object Repository/VLink/Page_CCSale/txt_Email'

2023-02-20 14:32:49 - [MESSAGE][PASSED] - Text '2569362' is set on object 'Object Repository/VLink/Page_CCSale/txt_OrderNumber'

2023-02-20 14:32:50 - [MESSAGE][PASSED] - Text '1.15' is set on object 'Object Repository/VLink/Page_CCSale/txt_TaxAmount'

2023-02-20 14:32:50 - [MESSAGE][PASSED] - Text 'Charge Description' is set on object 'Object Repository/VLink/Page_CCSale/txt_ChargeDescription'

2023-02-20 14:32:51 - [MESSAGE][PASSED] - Text '147357' is set on object 'Object Repository/VLink/Page_CCSale/txt_CAN'

2023-02-20 14:32:52 - [MESSAGE][PASSED] - Text '1' is set on object 'Object Repository/VLink/Page_CCSale/txt_BillPaymentIndicator'

2023-02-20 14:32:52 - [MESSAGE][PASSED] - Text 'UDF Data 1' is set on object 'Object Repository/VLink/Page_CCSale/txt_UDF1'

2023-02-20 14:32:53 - [MESSAGE][PASSED] - Text 'UDF Data 2' is set on object 'Object Repository/VLink/Page_CCSale/txt_UDF2'

2023-02-20 14:32:53 - [MESSAGE][PASSED] - Text 'UDF Data 3' is set on object 'Object Repository/VLink/Page_CCSale/txt_UDF3'

2023-02-20 14:32:54 - [MESSAGE][PASSED] - Text 'UDF Data 4' is set on object 'Object Repository/VLink/Page_CCSale/txt_UDF4'

2023-02-20 14:32:55 - [MESSAGE][PASSED] - Text 'UDF Data 5' is set on object 'Object Repository/VLink/Page_CCSale/txt_UDF5'

2023-02-20 14:32:55 - [MESSAGE][PASSED] - Text 'UDF Data 6' is set on object 'Object Repository/VLink/Page_CCSale/txt_UDF6'

2023-02-20 14:32:56 - [MESSAGE][PASSED] - Text 'UDF Data 7' is set on object 'Object Repository/VLink/Page_CCSale/txt_UDF7'

2023-02-20 14:32:57 - [MESSAGE][PASSED] - Text 'UDF Data 8' is set on object 'Object Repository/VLink/Page_CCSale/txt_UDF8'

2023-02-20 14:32:57 - [MESSAGE][PASSED] - Text 'UDF Data 9' is set on object 'Object Repository/VLink/Page_CCSale/txt_UDF9'

2023-02-20 14:32:58 - [MESSAGE][PASSED] - Text 'UDF Data 10' is set on object 'Object Repository/VLink/Page_CCSale/txt_UDF10'

2023-02-20 14:32:59 - [MESSAGE][PASSED] - Object: 'Object Repository/VLink/Page_CCSale/btn_ProcessVLinkTransaction' is clicked on

2023-02-20 14:33:04 - [MESSAGE][PASSED] - vlinkPages.saleCCPage.setDataSCC is PASSED

2023-02-20 14:33:04 - [TEST_STEP][PASSED] - if (verifyTextPresent("Transaction approved, no errors", true)): null

2023-02-20 14:33:04 - [MESSAGE][PASSED] - Text 'Transaction approved, no errors' is present on page  using regular expression

2023-02-20 14:33:04 - [TEST_STEP][PASSED] - println("Transaction Approved, no errors text is present on the Confirmation page"): null

2023-02-20 14:33:04 - [TEST_STEP][PASSED] - out.println("Pass Record Number: " + row): null

2023-02-20 14:33:04 - [TEST_STEP][PASSED] - resText = "Pass": null

2023-02-20 14:33:04 - [TEST_STEP][PASSED] - pages.WriteExcel.demoKey(resText, datText, resColumn, datCloumn, fileLoc, nameSheet, row): pages.WriteExcel.demoKey is PASSED

2023-02-20 14:33:05 - [MESSAGE][PASSED] - pages.WriteExcel.demoKey is PASSED

2023-02-20 14:33:05 - [TEST_STEP][PASSED] - sdfo = getText(findTestObject("Object Repository/Page_VLinkReceipt/pre_STX")): Text of object 'Object Repository/Page_VLinkReceipt/pre_STX' is: '<STX>wy9i1AzWnUqJ                  12127392            0  Transaction approved, no errors                   0                                                                                  Y 000049   <ETX>'

2023-02-20 14:33:05 - [MESSAGE][PASSED] - Text of object 'Object Repository/Page_VLinkReceipt/pre_STX' is: '<STX>wy9i1AzWnUqJ                  12127392            0  Transaction approved, no errors                   0                                                                                  Y 000049   <ETX>'

2023-02-20 14:33:05 - [TEST_STEP][PASSED] - out.println("sdfo: " + sdfo): null

2023-02-20 14:33:05 - [TEST_STEP][PASSED] - remID = substring(5, 35).trim(): null

2023-02-20 14:33:05 - [TEST_STEP][PASSED] - out.println("Remittance ID: " + remID): null

2023-02-20 14:33:05 - [TEST_STEP][PASSED] - traxID = substring(35, 55).trim(): null

2023-02-20 14:33:05 - [TEST_STEP][PASSED] - out.println("Transaction ID: " + traxID): null

2023-02-20 14:33:05 - [TEST_STEP][PASSED] - out.println("End Record Number: " + row): null

2023-02-20 14:33:05 - [TEST_STEP][PASSED] - closeBrowser(): Browser is closed

2023-02-20 14:33:06 - [MESSAGE][PASSED] - Browser is closed

2023-02-20 14:33:06 - [TEST_STEP][PASSED] - ExecuteTC = findTestData(dataFile).getValue("Execute", row): null

2023-02-20 14:33:06 - [TEST_STEP][PASSED] - out.println("Value of Execute is : " + ExecuteTC): null

2023-02-20 14:33:06 - [TEST_STEP][PASSED] - if (ExecuteTC.equalsIgnoreCase("Y")): Browser is closed

2023-02-20 14:33:06 - [TEST_STEP][PASSED] - out.println("Begin Record Number: " + row): null

2023-02-20 14:33:06 - [TEST_STEP][PASSED] - today = new java.util.Date(): null

2023-02-20 14:33:06 - [TEST_STEP][PASSED] - println(today): null

2023-02-20 14:33:06 - [TEST_STEP][PASSED] - datText = today: null

2023-02-20 14:33:06 - [TEST_STEP][PASSED] - openBrowser(VLinkURL + "authcap.html"): Browser is opened with url: 'https://dev-algorithm.govolution.com/vlinktest/QA/version_2_0/authcap.html'

2023-02-20 14:33:06 - [MESSAGE][INFO] - Starting 'Chrome' driver

2023-02-20 14:33:06 - [MESSAGE][INFO] - User set preference: ['acceptInsecureCerts', 'true']

2023-02-20 14:33:06 - [MESSAGE][INFO] - Action delay is set to 0 milliseconds

2023-02-20 14:33:08 - [MESSAGE][PASSED] - Browser is opened with url: 'https://dev-algorithm.govolution.com/vlinktest/QA/version_2_0/authcap.html'

2023-02-20 14:33:08 - [TEST_STEP][PASSED] - maximizeWindow(): Current window maximized

2023-02-20 14:33:08 - [MESSAGE][PASSED] - Current window maximized

2023-02-20 14:33:08 - [TEST_STEP][PASSED] - vlinkPages.saleCCPage.setDataSCC(row, dataFile): vlinkPages.saleCCPage.setDataSCC is PASSED

2023-02-20 14:33:12 - [MESSAGE][PASSED] - Object 'Object Repository/VLink/Page_CCSale/txt_CardNumber' is present

2023-02-20 14:33:12 - [MESSAGE][PASSED] - Text '104' is set on object 'Object Repository/VLink/Page_CCSale/txt_TransactionType'

2023-02-20 14:33:13 - [MESSAGE][PASSED] - Text '2.0C' is set on object 'Object Repository/VLink/Page_CCSale/txt_MessageVersion'

2023-02-20 14:33:14 - [MESSAGE][PASSED] - Text 'T0xy1z3f1Lcf' is set on object 'Object Repository/VLink/Page_CCSale/txt_RemID'

2023-02-20 14:33:14 - [MESSAGE][PASSED] - Text '581' is set on object 'Object Repository/VLink/Page_CCSale/txt_ApplicationId'

2023-02-20 14:33:15 - [MESSAGE][PASSED] - Text 'usr581' is set on object 'Object Repository/VLink/Page_CCSale/txt_Username'

2023-02-20 14:33:15 - [MESSAGE][PASSED] - Text 'pwd581' is set on object 'Object Repository/VLink/Page_CCSale/txt_Password'

2023-02-20 14:33:16 - [MESSAGE][PASSED] - Text 'fixed_width' is set on object 'Object Repository/VLink/Page_CCSale/txt_ResponseFormat'

2023-02-20 14:33:17 - [MESSAGE][PASSED] - Text 'ECOM' is set on object 'Object Repository/VLink/Page_CCSale/txt_Category'

2023-02-20 14:33:17 - [MESSAGE][PASSED] - Text '' is set on object 'Object Repository/VLink/Page_CCSale/txt_TransactionID'

2023-02-20 14:33:18 - [MESSAGE][PASSED] - Text '' is set on object 'Object Repository/VLink/Page_CCSale/txt_ApprovalCode'

2023-02-20 14:33:19 - [MESSAGE][PASSED] - Text 'Kris Roshan' is set on object 'Object Repository/VLink/Page_CCSale/txt_CardName'

2023-02-20 14:33:19 - [MESSAGE][PASSED] - Text '258 Elm Road' is set on object 'Object Repository/VLink/Page_CCSale/txt_AL1'

2023-02-20 14:33:20 - [MESSAGE][PASSED] - Text 'Suite 56' is set on object 'Object Repository/VLink/Page_CCSale/txt_AL2'

2023-02-20 14:33:20 - [MESSAGE][PASSED] - Text 'Arlington' is set on object 'Object Repository/VLink/Page_CCSale/txt_CardCity'

2023-02-20 14:33:21 - [MESSAGE][PASSED] - Text 'VA' is set on object 'Object Repository/VLink/Page_CCSale/txt_CardState'

2023-02-20 14:33:22 - [MESSAGE][PASSED] - Text '22201' is set on object 'Object Repository/VLink/Page_CCSale/txt_CardZIP'

2023-02-20 14:33:22 - [MESSAGE][PASSED] - Text '840' is set on object 'Object Repository/VLink/Page_CCSale/txt_CountryID'

2023-02-20 14:33:23 - [MESSAGE][PASSED] - Text '1.50' is set on object 'Object Repository/VLink/Page_CCSale/txt_Amount'

2023-02-20 14:33:24 - [MESSAGE][PASSED] - Text '5146312200000035' is set on object 'Object Repository/VLink/Page_CCSale/txt_CardNumber'

2023-02-20 14:33:24 - [MESSAGE][PASSED] - Text '12' is set on object 'Object Repository/VLink/Page_CCSale/txt_ExpMonth'

2023-02-20 14:33:25 - [MESSAGE][PASSED] - Text '2025' is set on object 'Object Repository/VLink/Page_CCSale/txt_ExpYear'

2023-02-20 14:33:26 - [MESSAGE][PASSED] - Text '' is set on object 'Object Repository/VLink/Page_CCSale/txt_CVV'

2023-02-20 14:33:26 - [MESSAGE][PASSED] - Text '' is set on object 'Object Repository/VLink/Page_CCSale/txt_CVVstate'

2023-02-20 14:33:27 - [MESSAGE][PASSED] - Text '' is set on object 'Object Repository/VLink/Page_CCSale/txt_TrackData'

2023-02-20 14:33:27 - [MESSAGE][PASSED] - Text '' is set on object 'Object Repository/VLink/Page_CCSale/txt_Track1Data'

2023-02-20 14:33:28 - [MESSAGE][PASSED] - Text '' is set on object 'Object Repository/VLink/Page_CCSale/txt_Track2Data'

2023-02-20 14:33:29 - [MESSAGE][PASSED] - Text 'manual' is set on object 'Object Repository/VLink/Page_CCSale/txt_POSEntryMode'

2023-02-20 14:33:29 - [MESSAGE][PASSED] - Text 'iahmed@govolution.com' is set on object 'Object Repository/VLink/Page_CCSale/txt_Email'

2023-02-20 14:33:30 - [MESSAGE][PASSED] - Text '2569362' is set on object 'Object Repository/VLink/Page_CCSale/txt_OrderNumber'

2023-02-20 14:33:31 - [MESSAGE][PASSED] - Text '1.15' is set on object 'Object Repository/VLink/Page_CCSale/txt_TaxAmount'

2023-02-20 14:33:31 - [MESSAGE][PASSED] - Text 'Charge Description' is set on object 'Object Repository/VLink/Page_CCSale/txt_ChargeDescription'

2023-02-20 14:33:32 - [MESSAGE][PASSED] - Text '147357' is set on object 'Object Repository/VLink/Page_CCSale/txt_CAN'

2023-02-20 14:33:32 - [MESSAGE][PASSED] - Text '1' is set on object 'Object Repository/VLink/Page_CCSale/txt_BillPaymentIndicator'

2023-02-20 14:33:33 - [MESSAGE][PASSED] - Text 'UDF Data 1' is set on object 'Object Repository/VLink/Page_CCSale/txt_UDF1'

2023-02-20 14:33:34 - [MESSAGE][PASSED] - Text 'UDF Data 2' is set on object 'Object Repository/VLink/Page_CCSale/txt_UDF2'

2023-02-20 14:33:34 - [MESSAGE][PASSED] - Text 'UDF Data 3' is set on object 'Object Repository/VLink/Page_CCSale/txt_UDF3'

2023-02-20 14:33:35 - [MESSAGE][PASSED] - Text 'UDF Data 4' is set on object 'Object Repository/VLink/Page_CCSale/txt_UDF4'

2023-02-20 14:33:36 - [MESSAGE][PASSED] - Text 'UDF Data 5' is set on object 'Object Repository/VLink/Page_CCSale/txt_UDF5'

2023-02-20 14:33:36 - [MESSAGE][PASSED] - Text 'UDF Data 6' is set on object 'Object Repository/VLink/Page_CCSale/txt_UDF6'

2023-02-20 14:33:37 - [MESSAGE][PASSED] - Text 'UDF Data 7' is set on object 'Object Repository/VLink/Page_CCSale/txt_UDF7'

2023-02-20 14:33:37 - [MESSAGE][PASSED] - Text 'UDF Data 8' is set on object 'Object Repository/VLink/Page_CCSale/txt_UDF8'

2023-02-20 14:33:38 - [MESSAGE][PASSED] - Text 'UDF Data 9' is set on object 'Object Repository/VLink/Page_CCSale/txt_UDF9'

2023-02-20 14:33:39 - [MESSAGE][PASSED] - Text 'UDF Data 10' is set on object 'Object Repository/VLink/Page_CCSale/txt_UDF10'

2023-02-20 14:33:40 - [MESSAGE][PASSED] - Object: 'Object Repository/VLink/Page_CCSale/btn_ProcessVLinkTransaction' is clicked on

2023-02-20 14:33:45 - [MESSAGE][PASSED] - vlinkPages.saleCCPage.setDataSCC is PASSED

2023-02-20 14:33:45 - [TEST_STEP][PASSED] - if (verifyTextPresent("Transaction approved, no errors", true)): null

2023-02-20 14:33:45 - [MESSAGE][PASSED] - Text 'Transaction approved, no errors' is present on page  using regular expression

2023-02-20 14:33:45 - [TEST_STEP][PASSED] - println("Transaction Approved, no errors text is present on the Confirmation page"): null

2023-02-20 14:33:45 - [TEST_STEP][PASSED] - out.println("Pass Record Number: " + row): null

2023-02-20 14:33:45 - [TEST_STEP][PASSED] - resText = "Pass": null

2023-02-20 14:33:45 - [TEST_STEP][PASSED] - pages.WriteExcel.demoKey(resText, datText, resColumn, datCloumn, fileLoc, nameSheet, row): pages.WriteExcel.demoKey is PASSED

2023-02-20 14:33:45 - [MESSAGE][PASSED] - pages.WriteExcel.demoKey is PASSED

2023-02-20 14:33:45 - [TEST_STEP][PASSED] - sdfo = getText(findTestObject("Object Repository/Page_VLinkReceipt/pre_STX")): Text of object 'Object Repository/Page_VLinkReceipt/pre_STX' is: '<STX>T0xy1z3f1Lcf                  12127393            0  Transaction approved, no errors                   0                                                                                  Y 000050   <ETX>'

2023-02-20 14:33:45 - [MESSAGE][PASSED] - Text of object 'Object Repository/Page_VLinkReceipt/pre_STX' is: '<STX>T0xy1z3f1Lcf                  12127393            0  Transaction approved, no errors                   0                                                                                  Y 000050   <ETX>'

2023-02-20 14:33:45 - [TEST_STEP][PASSED] - out.println("sdfo: " + sdfo): null

2023-02-20 14:33:45 - [TEST_STEP][PASSED] - remID = substring(5, 35).trim(): null

2023-02-20 14:33:45 - [TEST_STEP][PASSED] - out.println("Remittance ID: " + remID): null

2023-02-20 14:33:45 - [TEST_STEP][PASSED] - traxID = substring(35, 55).trim(): null

2023-02-20 14:33:45 - [TEST_STEP][PASSED] - out.println("Transaction ID: " + traxID): null

2023-02-20 14:33:45 - [TEST_STEP][PASSED] - out.println("End Record Number: " + row): null

2023-02-20 14:33:45 - [TEST_STEP][PASSED] - closeBrowser(): Browser is closed

2023-02-20 14:33:46 - [MESSAGE][PASSED] - Browser is closed

2023-02-20 14:33:46 - [TEST_STEP][PASSED] - ExecuteTC = findTestData(dataFile).getValue("Execute", row): null

2023-02-20 14:33:47 - [TEST_STEP][PASSED] - out.println("Value of Execute is : " + ExecuteTC): null

2023-02-20 14:33:47 - [TEST_STEP][PASSED] - if (ExecuteTC.equalsIgnoreCase("Y")): Browser is closed

2023-02-20 14:33:47 - [TEST_STEP][PASSED] - out.println("Begin Record Number: " + row): null

2023-02-20 14:33:47 - [TEST_STEP][PASSED] - today = new java.util.Date(): null

2023-02-20 14:33:47 - [TEST_STEP][PASSED] - println(today): null

2023-02-20 14:33:47 - [TEST_STEP][PASSED] - datText = today: null

2023-02-20 14:33:47 - [TEST_STEP][PASSED] - openBrowser(VLinkURL + "authcap.html"): Browser is opened with url: 'https://dev-algorithm.govolution.com/vlinktest/QA/version_2_0/authcap.html'

2023-02-20 14:33:47 - [MESSAGE][INFO] - Starting 'Chrome' driver

2023-02-20 14:33:47 - [MESSAGE][INFO] - User set preference: ['acceptInsecureCerts', 'true']

2023-02-20 14:33:47 - [MESSAGE][INFO] - Action delay is set to 0 milliseconds

2023-02-20 14:33:49 - [MESSAGE][PASSED] - Browser is opened with url: 'https://dev-algorithm.govolution.com/vlinktest/QA/version_2_0/authcap.html'

2023-02-20 14:33:49 - [TEST_STEP][PASSED] - maximizeWindow(): Current window maximized

2023-02-20 14:33:49 - [MESSAGE][PASSED] - Current window maximized

2023-02-20 14:33:49 - [TEST_STEP][PASSED] - vlinkPages.saleCCPage.setDataSCC(row, dataFile): vlinkPages.saleCCPage.setDataSCC is PASSED

2023-02-20 14:33:52 - [MESSAGE][PASSED] - Object 'Object Repository/VLink/Page_CCSale/txt_CardNumber' is present

2023-02-20 14:33:53 - [MESSAGE][PASSED] - Text '104' is set on object 'Object Repository/VLink/Page_CCSale/txt_TransactionType'

2023-02-20 14:33:53 - [MESSAGE][PASSED] - Text '2.0C' is set on object 'Object Repository/VLink/Page_CCSale/txt_MessageVersion'

2023-02-20 14:33:54 - [MESSAGE][PASSED] - Text 'VXGB0OgdG1FI' is set on object 'Object Repository/VLink/Page_CCSale/txt_RemID'

2023-02-20 14:33:55 - [MESSAGE][PASSED] - Text '581' is set on object 'Object Repository/VLink/Page_CCSale/txt_ApplicationId'

2023-02-20 14:33:55 - [MESSAGE][PASSED] - Text 'usr581' is set on object 'Object Repository/VLink/Page_CCSale/txt_Username'

2023-02-20 14:33:56 - [MESSAGE][PASSED] - Text 'pwd581' is set on object 'Object Repository/VLink/Page_CCSale/txt_Password'

2023-02-20 14:33:57 - [MESSAGE][PASSED] - Text 'fixed_width' is set on object 'Object Repository/VLink/Page_CCSale/txt_ResponseFormat'

2023-02-20 14:33:57 - [MESSAGE][PASSED] - Text 'MOTO' is set on object 'Object Repository/VLink/Page_CCSale/txt_Category'

2023-02-20 14:33:58 - [MESSAGE][PASSED] - Text '' is set on object 'Object Repository/VLink/Page_CCSale/txt_TransactionID'

2023-02-20 14:33:58 - [MESSAGE][PASSED] - Text '' is set on object 'Object Repository/VLink/Page_CCSale/txt_ApprovalCode'

2023-02-20 14:33:59 - [MESSAGE][PASSED] - Text 'Kris Roshan' is set on object 'Object Repository/VLink/Page_CCSale/txt_CardName'

2023-02-20 14:34:00 - [MESSAGE][PASSED] - Text '258 Elm Road' is set on object 'Object Repository/VLink/Page_CCSale/txt_AL1'

2023-02-20 14:34:00 - [MESSAGE][PASSED] - Text 'Suite 56' is set on object 'Object Repository/VLink/Page_CCSale/txt_AL2'

2023-02-20 14:34:01 - [MESSAGE][PASSED] - Text 'Arlington' is set on object 'Object Repository/VLink/Page_CCSale/txt_CardCity'

2023-02-20 14:34:01 - [MESSAGE][PASSED] - Text 'VA' is set on object 'Object Repository/VLink/Page_CCSale/txt_CardState'

2023-02-20 14:34:02 - [MESSAGE][PASSED] - Text '22201' is set on object 'Object Repository/VLink/Page_CCSale/txt_CardZIP'

2023-02-20 14:34:03 - [MESSAGE][PASSED] - Text '840' is set on object 'Object Repository/VLink/Page_CCSale/txt_CountryID'

2023-02-20 14:34:03 - [MESSAGE][PASSED] - Text '1.50' is set on object 'Object Repository/VLink/Page_CCSale/txt_Amount'

2023-02-20 14:34:04 - [MESSAGE][PASSED] - Text '5146312200000035' is set on object 'Object Repository/VLink/Page_CCSale/txt_CardNumber'

2023-02-20 14:34:05 - [MESSAGE][PASSED] - Text '12' is set on object 'Object Repository/VLink/Page_CCSale/txt_ExpMonth'

2023-02-20 14:34:05 - [MESSAGE][PASSED] - Text '2025' is set on object 'Object Repository/VLink/Page_CCSale/txt_ExpYear'

2023-02-20 14:34:06 - [MESSAGE][PASSED] - Text '' is set on object 'Object Repository/VLink/Page_CCSale/txt_CVV'

2023-02-20 14:34:07 - [MESSAGE][PASSED] - Text '' is set on object 'Object Repository/VLink/Page_CCSale/txt_CVVstate'

2023-02-20 14:34:07 - [MESSAGE][PASSED] - Text '' is set on object 'Object Repository/VLink/Page_CCSale/txt_TrackData'

2023-02-20 14:34:08 - [MESSAGE][PASSED] - Text '' is set on object 'Object Repository/VLink/Page_CCSale/txt_Track1Data'

2023-02-20 14:34:08 - [MESSAGE][PASSED] - Text '' is set on object 'Object Repository/VLink/Page_CCSale/txt_Track2Data'

2023-02-20 14:34:09 - [MESSAGE][PASSED] - Text 'manual' is set on object 'Object Repository/VLink/Page_CCSale/txt_POSEntryMode'

2023-02-20 14:34:10 - [MESSAGE][PASSED] - Text 'iahmed@govolution.com' is set on object 'Object Repository/VLink/Page_CCSale/txt_Email'

2023-02-20 14:34:10 - [MESSAGE][PASSED] - Text '2569362' is set on object 'Object Repository/VLink/Page_CCSale/txt_OrderNumber'

2023-02-20 14:34:11 - [MESSAGE][PASSED] - Text '1.15' is set on object 'Object Repository/VLink/Page_CCSale/txt_TaxAmount'

2023-02-20 14:34:12 - [MESSAGE][PASSED] - Text 'Charge Description' is set on object 'Object Repository/VLink/Page_CCSale/txt_ChargeDescription'

2023-02-20 14:34:12 - [MESSAGE][PASSED] - Text '147357' is set on object 'Object Repository/VLink/Page_CCSale/txt_CAN'

2023-02-20 14:34:13 - [MESSAGE][PASSED] - Text '1' is set on object 'Object Repository/VLink/Page_CCSale/txt_BillPaymentIndicator'

2023-02-20 14:34:13 - [MESSAGE][PASSED] - Text 'UDF Data 1' is set on object 'Object Repository/VLink/Page_CCSale/txt_UDF1'

2023-02-20 14:34:14 - [MESSAGE][PASSED] - Text 'UDF Data 2' is set on object 'Object Repository/VLink/Page_CCSale/txt_UDF2'

2023-02-20 14:34:15 - [MESSAGE][PASSED] - Text 'UDF Data 3' is set on object 'Object Repository/VLink/Page_CCSale/txt_UDF3'

2023-02-20 14:34:15 - [MESSAGE][PASSED] - Text 'UDF Data 4' is set on object 'Object Repository/VLink/Page_CCSale/txt_UDF4'

2023-02-20 14:34:16 - [MESSAGE][PASSED] - Text 'UDF Data 5' is set on object 'Object Repository/VLink/Page_CCSale/txt_UDF5'

2023-02-20 14:34:16 - [MESSAGE][PASSED] - Text 'UDF Data 6' is set on object 'Object Repository/VLink/Page_CCSale/txt_UDF6'

2023-02-20 14:34:17 - [MESSAGE][PASSED] - Text 'UDF Data 7' is set on object 'Object Repository/VLink/Page_CCSale/txt_UDF7'

2023-02-20 14:34:18 - [MESSAGE][PASSED] - Text 'UDF Data 8' is set on object 'Object Repository/VLink/Page_CCSale/txt_UDF8'

2023-02-20 14:34:18 - [MESSAGE][PASSED] - Text 'UDF Data 9' is set on object 'Object Repository/VLink/Page_CCSale/txt_UDF9'

2023-02-20 14:34:19 - [MESSAGE][PASSED] - Text 'UDF Data 10' is set on object 'Object Repository/VLink/Page_CCSale/txt_UDF10'

2023-02-20 14:34:20 - [MESSAGE][PASSED] - Object: 'Object Repository/VLink/Page_CCSale/btn_ProcessVLinkTransaction' is clicked on

2023-02-20 14:34:25 - [MESSAGE][PASSED] - vlinkPages.saleCCPage.setDataSCC is PASSED

2023-02-20 14:34:25 - [TEST_STEP][PASSED] - if (verifyTextPresent("Transaction approved, no errors", true)): null

2023-02-20 14:34:25 - [MESSAGE][PASSED] - Text 'Transaction approved, no errors' is present on page  using regular expression

2023-02-20 14:34:25 - [TEST_STEP][PASSED] - println("Transaction Approved, no errors text is present on the Confirmation page"): null

2023-02-20 14:34:25 - [TEST_STEP][PASSED] - out.println("Pass Record Number: " + row): null

2023-02-20 14:34:25 - [TEST_STEP][PASSED] - resText = "Pass": null

2023-02-20 14:34:25 - [TEST_STEP][PASSED] - pages.WriteExcel.demoKey(resText, datText, resColumn, datCloumn, fileLoc, nameSheet, row): pages.WriteExcel.demoKey is PASSED

2023-02-20 14:34:25 - [MESSAGE][PASSED] - pages.WriteExcel.demoKey is PASSED

2023-02-20 14:34:25 - [TEST_STEP][PASSED] - sdfo = getText(findTestObject("Object Repository/Page_VLinkReceipt/pre_STX")): Text of object 'Object Repository/Page_VLinkReceipt/pre_STX' is: '<STX>VXGB0OgdG1FI                  12127394            0  Transaction approved, no errors                   0                                                                                  Y 000051   <ETX>'

2023-02-20 14:34:26 - [MESSAGE][PASSED] - Text of object 'Object Repository/Page_VLinkReceipt/pre_STX' is: '<STX>VXGB0OgdG1FI                  12127394            0  Transaction approved, no errors                   0                                                                                  Y 000051   <ETX>'

2023-02-20 14:34:26 - [TEST_STEP][PASSED] - out.println("sdfo: " + sdfo): null

2023-02-20 14:34:26 - [TEST_STEP][PASSED] - remID = substring(5, 35).trim(): null

2023-02-20 14:34:26 - [TEST_STEP][PASSED] - out.println("Remittance ID: " + remID): null

2023-02-20 14:34:26 - [TEST_STEP][PASSED] - traxID = substring(35, 55).trim(): null

2023-02-20 14:34:26 - [TEST_STEP][PASSED] - out.println("Transaction ID: " + traxID): null

2023-02-20 14:34:26 - [TEST_STEP][PASSED] - out.println("End Record Number: " + row): null

2023-02-20 14:34:26 - [TEST_STEP][PASSED] - closeBrowser(): Browser is closed

2023-02-20 14:34:27 - [MESSAGE][PASSED] - Browser is closed

2023-02-20 14:34:27 - [TEST_STEP][PASSED] - ExecuteTC = findTestData(dataFile).getValue("Execute", row): null

2023-02-20 14:34:27 - [TEST_STEP][PASSED] - out.println("Value of Execute is : " + ExecuteTC): null

2023-02-20 14:34:27 - [TEST_STEP][PASSED] - if (ExecuteTC.equalsIgnoreCase("Y")): Browser is closed

2023-02-20 14:34:27 - [TEST_STEP][PASSED] - out.println("Begin Record Number: " + row): null

2023-02-20 14:34:27 - [TEST_STEP][PASSED] - today = new java.util.Date(): null

2023-02-20 14:34:27 - [TEST_STEP][PASSED] - println(today): null

2023-02-20 14:34:27 - [TEST_STEP][PASSED] - datText = today: null

2023-02-20 14:34:27 - [TEST_STEP][PASSED] - openBrowser(VLinkURL + "authcap.html"): Browser is opened with url: 'https://dev-algorithm.govolution.com/vlinktest/QA/version_2_0/authcap.html'

2023-02-20 14:34:27 - [MESSAGE][INFO] - Starting 'Chrome' driver

2023-02-20 14:34:27 - [MESSAGE][INFO] - User set preference: ['acceptInsecureCerts', 'true']

2023-02-20 14:34:27 - [MESSAGE][INFO] - Action delay is set to 0 milliseconds

2023-02-20 14:34:29 - [MESSAGE][PASSED] - Browser is opened with url: 'https://dev-algorithm.govolution.com/vlinktest/QA/version_2_0/authcap.html'

2023-02-20 14:34:29 - [TEST_STEP][PASSED] - maximizeWindow(): Current window maximized

2023-02-20 14:34:29 - [MESSAGE][PASSED] - Current window maximized

2023-02-20 14:34:29 - [TEST_STEP][PASSED] - vlinkPages.saleCCPage.setDataSCC(row, dataFile): vlinkPages.saleCCPage.setDataSCC is PASSED

2023-02-20 14:34:33 - [MESSAGE][PASSED] - Object 'Object Repository/VLink/Page_CCSale/txt_CardNumber' is present

2023-02-20 14:34:33 - [MESSAGE][PASSED] - Text '104' is set on object 'Object Repository/VLink/Page_CCSale/txt_TransactionType'

2023-02-20 14:34:34 - [MESSAGE][PASSED] - Text '2.0C' is set on object 'Object Repository/VLink/Page_CCSale/txt_MessageVersion'

2023-02-20 14:34:34 - [MESSAGE][PASSED] - Text 'kERacDkZhyHT' is set on object 'Object Repository/VLink/Page_CCSale/txt_RemID'

2023-02-20 14:34:35 - [MESSAGE][PASSED] - Text '581' is set on object 'Object Repository/VLink/Page_CCSale/txt_ApplicationId'

2023-02-20 14:34:36 - [MESSAGE][PASSED] - Text 'usr581' is set on object 'Object Repository/VLink/Page_CCSale/txt_Username'

2023-02-20 14:34:36 - [MESSAGE][PASSED] - Text 'pwd581' is set on object 'Object Repository/VLink/Page_CCSale/txt_Password'

2023-02-20 14:34:37 - [MESSAGE][PASSED] - Text 'fixed_width' is set on object 'Object Repository/VLink/Page_CCSale/txt_ResponseFormat'

2023-02-20 14:34:38 - [MESSAGE][PASSED] - Text 'RETL' is set on object 'Object Repository/VLink/Page_CCSale/txt_Category'

2023-02-20 14:34:38 - [MESSAGE][PASSED] - Text '' is set on object 'Object Repository/VLink/Page_CCSale/txt_TransactionID'

2023-02-20 14:34:39 - [MESSAGE][PASSED] - Text '' is set on object 'Object Repository/VLink/Page_CCSale/txt_ApprovalCode'

2023-02-20 14:34:39 - [MESSAGE][PASSED] - Text 'Kris Roshan' is set on object 'Object Repository/VLink/Page_CCSale/txt_CardName'

2023-02-20 14:34:40 - [MESSAGE][PASSED] - Text '258 Elm Road' is set on object 'Object Repository/VLink/Page_CCSale/txt_AL1'

2023-02-20 14:34:41 - [MESSAGE][PASSED] - Text 'Suite 56' is set on object 'Object Repository/VLink/Page_CCSale/txt_AL2'

2023-02-20 14:34:41 - [MESSAGE][PASSED] - Text 'Arlington' is set on object 'Object Repository/VLink/Page_CCSale/txt_CardCity'

2023-02-20 14:34:42 - [MESSAGE][PASSED] - Text 'VA' is set on object 'Object Repository/VLink/Page_CCSale/txt_CardState'

2023-02-20 14:34:43 - [MESSAGE][PASSED] - Text '22201' is set on object 'Object Repository/VLink/Page_CCSale/txt_CardZIP'

2023-02-20 14:34:43 - [MESSAGE][PASSED] - Text '840' is set on object 'Object Repository/VLink/Page_CCSale/txt_CountryID'

2023-02-20 14:34:44 - [MESSAGE][PASSED] - Text '1.50' is set on object 'Object Repository/VLink/Page_CCSale/txt_Amount'

2023-02-20 14:34:45 - [MESSAGE][PASSED] - Text '5146312200000035' is set on object 'Object Repository/VLink/Page_CCSale/txt_CardNumber'

2023-02-20 14:34:45 - [MESSAGE][PASSED] - Text '12' is set on object 'Object Repository/VLink/Page_CCSale/txt_ExpMonth'

2023-02-20 14:34:46 - [MESSAGE][PASSED] - Text '2025' is set on object 'Object Repository/VLink/Page_CCSale/txt_ExpYear'

2023-02-20 14:34:46 - [MESSAGE][PASSED] - Text '' is set on object 'Object Repository/VLink/Page_CCSale/txt_CVV'

2023-02-20 14:34:47 - [MESSAGE][PASSED] - Text '' is set on object 'Object Repository/VLink/Page_CCSale/txt_CVVstate'

2023-02-20 14:34:48 - [MESSAGE][PASSED] - Text '' is set on object 'Object Repository/VLink/Page_CCSale/txt_TrackData'

2023-02-20 14:34:48 - [MESSAGE][PASSED] - Text '' is set on object 'Object Repository/VLink/Page_CCSale/txt_Track1Data'

2023-02-20 14:34:49 - [MESSAGE][PASSED] - Text '' is set on object 'Object Repository/VLink/Page_CCSale/txt_Track2Data'

2023-02-20 14:34:49 - [MESSAGE][PASSED] - Text 'manual' is set on object 'Object Repository/VLink/Page_CCSale/txt_POSEntryMode'

2023-02-20 14:34:50 - [MESSAGE][PASSED] - Text 'iahmed@govolution.com' is set on object 'Object Repository/VLink/Page_CCSale/txt_Email'

2023-02-20 14:34:51 - [MESSAGE][PASSED] - Text '2569362' is set on object 'Object Repository/VLink/Page_CCSale/txt_OrderNumber'

2023-02-20 14:34:51 - [MESSAGE][PASSED] - Text '1.15' is set on object 'Object Repository/VLink/Page_CCSale/txt_TaxAmount'

2023-02-20 14:34:52 - [MESSAGE][PASSED] - Text 'Charge Description' is set on object 'Object Repository/VLink/Page_CCSale/txt_ChargeDescription'

2023-02-20 14:34:53 - [MESSAGE][PASSED] - Text '147357' is set on object 'Object Repository/VLink/Page_CCSale/txt_CAN'

2023-02-20 14:34:53 - [MESSAGE][PASSED] - Text '1' is set on object 'Object Repository/VLink/Page_CCSale/txt_BillPaymentIndicator'

2023-02-20 14:34:54 - [MESSAGE][PASSED] - Text 'UDF Data 1' is set on object 'Object Repository/VLink/Page_CCSale/txt_UDF1'

2023-02-20 14:34:54 - [MESSAGE][PASSED] - Text 'UDF Data 2' is set on object 'Object Repository/VLink/Page_CCSale/txt_UDF2'

2023-02-20 14:34:55 - [MESSAGE][PASSED] - Text 'UDF Data 3' is set on object 'Object Repository/VLink/Page_CCSale/txt_UDF3'

2023-02-20 14:34:56 - [MESSAGE][PASSED] - Text 'UDF Data 4' is set on object 'Object Repository/VLink/Page_CCSale/txt_UDF4'

2023-02-20 14:34:56 - [MESSAGE][PASSED] - Text 'UDF Data 5' is set on object 'Object Repository/VLink/Page_CCSale/txt_UDF5'

2023-02-20 14:34:57 - [MESSAGE][PASSED] - Text 'UDF Data 6' is set on object 'Object Repository/VLink/Page_CCSale/txt_UDF6'

2023-02-20 14:34:58 - [MESSAGE][PASSED] - Text 'UDF Data 7' is set on object 'Object Repository/VLink/Page_CCSale/txt_UDF7'

2023-02-20 14:34:58 - [MESSAGE][PASSED] - Text 'UDF Data 8' is set on object 'Object Repository/VLink/Page_CCSale/txt_UDF8'

2023-02-20 14:34:59 - [MESSAGE][PASSED] - Text 'UDF Data 9' is set on object 'Object Repository/VLink/Page_CCSale/txt_UDF9'

2023-02-20 14:35:00 - [MESSAGE][PASSED] - Text 'UDF Data 10' is set on object 'Object Repository/VLink/Page_CCSale/txt_UDF10'

2023-02-20 14:35:01 - [MESSAGE][PASSED] - Object: 'Object Repository/VLink/Page_CCSale/btn_ProcessVLinkTransaction' is clicked on

2023-02-20 14:35:06 - [MESSAGE][PASSED] - vlinkPages.saleCCPage.setDataSCC is PASSED

2023-02-20 14:35:06 - [TEST_STEP][PASSED] - if (verifyTextPresent("Transaction approved, no errors", true)): null

2023-02-20 14:35:06 - [MESSAGE][PASSED] - Text 'Transaction approved, no errors' is present on page  using regular expression

2023-02-20 14:35:06 - [TEST_STEP][PASSED] - println("Transaction Approved, no errors text is present on the Confirmation page"): null

2023-02-20 14:35:06 - [TEST_STEP][PASSED] - out.println("Pass Record Number: " + row): null

2023-02-20 14:35:06 - [TEST_STEP][PASSED] - resText = "Pass": null

2023-02-20 14:35:06 - [TEST_STEP][PASSED] - pages.WriteExcel.demoKey(resText, datText, resColumn, datCloumn, fileLoc, nameSheet, row): pages.WriteExcel.demoKey is PASSED

2023-02-20 14:35:06 - [MESSAGE][PASSED] - pages.WriteExcel.demoKey is PASSED

2023-02-20 14:35:06 - [TEST_STEP][PASSED] - sdfo = getText(findTestObject("Object Repository/Page_VLinkReceipt/pre_STX")): Text of object 'Object Repository/Page_VLinkReceipt/pre_STX' is: '<STX>kERacDkZhyHT                  12127395            0  Transaction approved, no errors                   0                                                                                  Y 000052   <ETX>'

2023-02-20 14:35:06 - [MESSAGE][PASSED] - Text of object 'Object Repository/Page_VLinkReceipt/pre_STX' is: '<STX>kERacDkZhyHT                  12127395            0  Transaction approved, no errors                   0                                                                                  Y 000052   <ETX>'

2023-02-20 14:35:06 - [TEST_STEP][PASSED] - out.println("sdfo: " + sdfo): null

2023-02-20 14:35:06 - [TEST_STEP][PASSED] - remID = substring(5, 35).trim(): null

2023-02-20 14:35:06 - [TEST_STEP][PASSED] - out.println("Remittance ID: " + remID): null

2023-02-20 14:35:06 - [TEST_STEP][PASSED] - traxID = substring(35, 55).trim(): null

2023-02-20 14:35:06 - [TEST_STEP][PASSED] - out.println("Transaction ID: " + traxID): null

2023-02-20 14:35:06 - [TEST_STEP][PASSED] - out.println("End Record Number: " + row): null

2023-02-20 14:35:06 - [TEST_STEP][PASSED] - closeBrowser(): Browser is closed

2023-02-20 14:35:07 - [MESSAGE][PASSED] - Browser is closed

2023-02-20 14:35:07 - [TEST_STEP][PASSED] - ExecuteTC = findTestData(dataFile).getValue("Execute", row): null

2023-02-20 14:35:08 - [TEST_STEP][PASSED] - out.println("Value of Execute is : " + ExecuteTC): null

2023-02-20 14:35:08 - [TEST_STEP][PASSED] - if (ExecuteTC.equalsIgnoreCase("Y")): Browser is closed

2023-02-20 14:35:08 - [TEST_STEP][PASSED] - out.println("Begin Record Number: " + row): null

2023-02-20 14:35:08 - [TEST_STEP][PASSED] - today = new java.util.Date(): null

2023-02-20 14:35:08 - [TEST_STEP][PASSED] - println(today): null

2023-02-20 14:35:08 - [TEST_STEP][PASSED] - datText = today: null

2023-02-20 14:35:08 - [TEST_STEP][PASSED] - openBrowser(VLinkURL + "authcap.html"): Browser is opened with url: 'https://dev-algorithm.govolution.com/vlinktest/QA/version_2_0/authcap.html'

2023-02-20 14:35:08 - [MESSAGE][INFO] - Starting 'Chrome' driver

2023-02-20 14:35:08 - [MESSAGE][INFO] - User set preference: ['acceptInsecureCerts', 'true']

2023-02-20 14:35:08 - [MESSAGE][INFO] - Action delay is set to 0 milliseconds

2023-02-20 14:35:09 - [MESSAGE][PASSED] - Browser is opened with url: 'https://dev-algorithm.govolution.com/vlinktest/QA/version_2_0/authcap.html'

2023-02-20 14:35:09 - [TEST_STEP][PASSED] - maximizeWindow(): Current window maximized

2023-02-20 14:35:10 - [MESSAGE][PASSED] - Current window maximized

2023-02-20 14:35:10 - [TEST_STEP][PASSED] - vlinkPages.saleCCPage.setDataSCC(row, dataFile): vlinkPages.saleCCPage.setDataSCC is PASSED

2023-02-20 14:35:13 - [MESSAGE][PASSED] - Object 'Object Repository/VLink/Page_CCSale/txt_CardNumber' is present

2023-02-20 14:35:14 - [MESSAGE][PASSED] - Text '104' is set on object 'Object Repository/VLink/Page_CCSale/txt_TransactionType'

2023-02-20 14:35:14 - [MESSAGE][PASSED] - Text '2.0C' is set on object 'Object Repository/VLink/Page_CCSale/txt_MessageVersion'

2023-02-20 14:35:15 - [MESSAGE][PASSED] - Text 'rRU226vWrHK3' is set on object 'Object Repository/VLink/Page_CCSale/txt_RemID'

2023-02-20 14:35:16 - [MESSAGE][PASSED] - Text '581' is set on object 'Object Repository/VLink/Page_CCSale/txt_ApplicationId'

2023-02-20 14:35:16 - [MESSAGE][PASSED] - Text 'usr581' is set on object 'Object Repository/VLink/Page_CCSale/txt_Username'

2023-02-20 14:35:17 - [MESSAGE][PASSED] - Text 'pwd581' is set on object 'Object Repository/VLink/Page_CCSale/txt_Password'

2023-02-20 14:35:18 - [MESSAGE][PASSED] - Text 'fixed_width' is set on object 'Object Repository/VLink/Page_CCSale/txt_ResponseFormat'

2023-02-20 14:35:18 - [MESSAGE][PASSED] - Text 'ECOM' is set on object 'Object Repository/VLink/Page_CCSale/txt_Category'

2023-02-20 14:35:19 - [MESSAGE][PASSED] - Text '' is set on object 'Object Repository/VLink/Page_CCSale/txt_TransactionID'

2023-02-20 14:35:19 - [MESSAGE][PASSED] - Text '' is set on object 'Object Repository/VLink/Page_CCSale/txt_ApprovalCode'

2023-02-20 14:35:20 - [MESSAGE][PASSED] - Text 'Kris Roshan' is set on object 'Object Repository/VLink/Page_CCSale/txt_CardName'

2023-02-20 14:35:21 - [MESSAGE][PASSED] - Text '258 Elm Road' is set on object 'Object Repository/VLink/Page_CCSale/txt_AL1'

2023-02-20 14:35:21 - [MESSAGE][PASSED] - Text 'Suite 56' is set on object 'Object Repository/VLink/Page_CCSale/txt_AL2'

2023-02-20 14:35:22 - [MESSAGE][PASSED] - Text 'Arlington' is set on object 'Object Repository/VLink/Page_CCSale/txt_CardCity'

2023-02-20 14:35:23 - [MESSAGE][PASSED] - Text 'VA' is set on object 'Object Repository/VLink/Page_CCSale/txt_CardState'

2023-02-20 14:35:23 - [MESSAGE][PASSED] - Text '22201' is set on object 'Object Repository/VLink/Page_CCSale/txt_CardZIP'

2023-02-20 14:35:24 - [MESSAGE][PASSED] - Text '840' is set on object 'Object Repository/VLink/Page_CCSale/txt_CountryID'

2023-02-20 14:35:24 - [MESSAGE][PASSED] - Text '1.50' is set on object 'Object Repository/VLink/Page_CCSale/txt_Amount'

2023-02-20 14:35:25 - [MESSAGE][PASSED] - Text '371449635392376' is set on object 'Object Repository/VLink/Page_CCSale/txt_CardNumber'

2023-02-20 14:35:26 - [MESSAGE][PASSED] - Text '12' is set on object 'Object Repository/VLink/Page_CCSale/txt_ExpMonth'

2023-02-20 14:35:26 - [MESSAGE][PASSED] - Text '2025' is set on object 'Object Repository/VLink/Page_CCSale/txt_ExpYear'

2023-02-20 14:35:27 - [MESSAGE][PASSED] - Text '' is set on object 'Object Repository/VLink/Page_CCSale/txt_CVV'

2023-02-20 14:35:28 - [MESSAGE][PASSED] - Text '' is set on object 'Object Repository/VLink/Page_CCSale/txt_CVVstate'

2023-02-20 14:35:28 - [MESSAGE][PASSED] - Text '' is set on object 'Object Repository/VLink/Page_CCSale/txt_TrackData'

2023-02-20 14:35:29 - [MESSAGE][PASSED] - Text '' is set on object 'Object Repository/VLink/Page_CCSale/txt_Track1Data'

2023-02-20 14:35:29 - [MESSAGE][PASSED] - Text '' is set on object 'Object Repository/VLink/Page_CCSale/txt_Track2Data'

2023-02-20 14:35:30 - [MESSAGE][PASSED] - Text 'manual' is set on object 'Object Repository/VLink/Page_CCSale/txt_POSEntryMode'

2023-02-20 14:35:31 - [MESSAGE][PASSED] - Text 'iahmed@govolution.com' is set on object 'Object Repository/VLink/Page_CCSale/txt_Email'

2023-02-20 14:35:31 - [MESSAGE][PASSED] - Text '2569362' is set on object 'Object Repository/VLink/Page_CCSale/txt_OrderNumber'

2023-02-20 14:35:32 - [MESSAGE][PASSED] - Text '1.15' is set on object 'Object Repository/VLink/Page_CCSale/txt_TaxAmount'

2023-02-20 14:35:33 - [MESSAGE][PASSED] - Text 'Charge Description' is set on object 'Object Repository/VLink/Page_CCSale/txt_ChargeDescription'

2023-02-20 14:35:33 - [MESSAGE][PASSED] - Text '147357' is set on object 'Object Repository/VLink/Page_CCSale/txt_CAN'

2023-02-20 14:35:34 - [MESSAGE][PASSED] - Text '1' is set on object 'Object Repository/VLink/Page_CCSale/txt_BillPaymentIndicator'

2023-02-20 14:35:35 - [MESSAGE][PASSED] - Text 'UDF Data 1' is set on object 'Object Repository/VLink/Page_CCSale/txt_UDF1'

2023-02-20 14:35:35 - [MESSAGE][PASSED] - Text 'UDF Data 2' is set on object 'Object Repository/VLink/Page_CCSale/txt_UDF2'

2023-02-20 14:35:36 - [MESSAGE][PASSED] - Text 'UDF Data 3' is set on object 'Object Repository/VLink/Page_CCSale/txt_UDF3'

2023-02-20 14:35:36 - [MESSAGE][PASSED] - Text 'UDF Data 4' is set on object 'Object Repository/VLink/Page_CCSale/txt_UDF4'

2023-02-20 14:35:37 - [MESSAGE][PASSED] - Text 'UDF Data 5' is set on object 'Object Repository/VLink/Page_CCSale/txt_UDF5'

2023-02-20 14:35:38 - [MESSAGE][PASSED] - Text 'UDF Data 6' is set on object 'Object Repository/VLink/Page_CCSale/txt_UDF6'

2023-02-20 14:35:38 - [MESSAGE][PASSED] - Text 'UDF Data 7' is set on object 'Object Repository/VLink/Page_CCSale/txt_UDF7'

2023-02-20 14:35:39 - [MESSAGE][PASSED] - Text 'UDF Data 8' is set on object 'Object Repository/VLink/Page_CCSale/txt_UDF8'

2023-02-20 14:35:40 - [MESSAGE][PASSED] - Text 'UDF Data 9' is set on object 'Object Repository/VLink/Page_CCSale/txt_UDF9'

2023-02-20 14:35:40 - [MESSAGE][PASSED] - Text 'UDF Data 10' is set on object 'Object Repository/VLink/Page_CCSale/txt_UDF10'

2023-02-20 14:35:41 - [MESSAGE][PASSED] - Object: 'Object Repository/VLink/Page_CCSale/btn_ProcessVLinkTransaction' is clicked on

2023-02-20 14:35:46 - [MESSAGE][PASSED] - vlinkPages.saleCCPage.setDataSCC is PASSED

2023-02-20 14:35:46 - [TEST_STEP][PASSED] - if (verifyTextPresent("Transaction approved, no errors", true)): null

2023-02-20 14:35:47 - [MESSAGE][PASSED] - Text 'Transaction approved, no errors' is present on page  using regular expression

2023-02-20 14:35:47 - [TEST_STEP][PASSED] - println("Transaction Approved, no errors text is present on the Confirmation page"): null

2023-02-20 14:35:47 - [TEST_STEP][PASSED] - out.println("Pass Record Number: " + row): null

2023-02-20 14:35:47 - [TEST_STEP][PASSED] - resText = "Pass": null

2023-02-20 14:35:47 - [TEST_STEP][PASSED] - pages.WriteExcel.demoKey(resText, datText, resColumn, datCloumn, fileLoc, nameSheet, row): pages.WriteExcel.demoKey is PASSED

2023-02-20 14:35:47 - [MESSAGE][PASSED] - pages.WriteExcel.demoKey is PASSED

2023-02-20 14:35:47 - [TEST_STEP][PASSED] - sdfo = getText(findTestObject("Object Repository/Page_VLinkReceipt/pre_STX")): Text of object 'Object Repository/Page_VLinkReceipt/pre_STX' is: '<STX>rRU226vWrHK3                  12127396            0  Transaction approved, no errors                   0                                                                                  Y 000053   <ETX>'

2023-02-20 14:35:47 - [MESSAGE][PASSED] - Text of object 'Object Repository/Page_VLinkReceipt/pre_STX' is: '<STX>rRU226vWrHK3                  12127396            0  Transaction approved, no errors                   0                                                                                  Y 000053   <ETX>'

2023-02-20 14:35:47 - [TEST_STEP][PASSED] - out.println("sdfo: " + sdfo): null

2023-02-20 14:35:47 - [TEST_STEP][PASSED] - remID = substring(5, 35).trim(): null

2023-02-20 14:35:47 - [TEST_STEP][PASSED] - out.println("Remittance ID: " + remID): null

2023-02-20 14:35:47 - [TEST_STEP][PASSED] - traxID = substring(35, 55).trim(): null

2023-02-20 14:35:47 - [TEST_STEP][PASSED] - out.println("Transaction ID: " + traxID): null

2023-02-20 14:35:47 - [TEST_STEP][PASSED] - out.println("End Record Number: " + row): null

2023-02-20 14:35:47 - [TEST_STEP][PASSED] - closeBrowser(): Browser is closed

2023-02-20 14:35:48 - [MESSAGE][PASSED] - Browser is closed

2023-02-20 14:35:48 - [TEST_STEP][PASSED] - ExecuteTC = findTestData(dataFile).getValue("Execute", row): null

2023-02-20 14:35:48 - [TEST_STEP][PASSED] - out.println("Value of Execute is : " + ExecuteTC): null

2023-02-20 14:35:48 - [TEST_STEP][PASSED] - if (ExecuteTC.equalsIgnoreCase("Y")): Browser is closed

2023-02-20 14:35:48 - [TEST_STEP][PASSED] - out.println("Begin Record Number: " + row): null

2023-02-20 14:35:48 - [TEST_STEP][PASSED] - today = new java.util.Date(): null

2023-02-20 14:35:48 - [TEST_STEP][PASSED] - println(today): null

2023-02-20 14:35:48 - [TEST_STEP][PASSED] - datText = today: null

2023-02-20 14:35:48 - [TEST_STEP][PASSED] - openBrowser(VLinkURL + "authcap.html"): Browser is opened with url: 'https://dev-algorithm.govolution.com/vlinktest/QA/version_2_0/authcap.html'

2023-02-20 14:35:48 - [MESSAGE][INFO] - Starting 'Chrome' driver

2023-02-20 14:35:48 - [MESSAGE][INFO] - User set preference: ['acceptInsecureCerts', 'true']

2023-02-20 14:35:48 - [MESSAGE][INFO] - Action delay is set to 0 milliseconds

2023-02-20 14:35:50 - [MESSAGE][PASSED] - Browser is opened with url: 'https://dev-algorithm.govolution.com/vlinktest/QA/version_2_0/authcap.html'

2023-02-20 14:35:50 - [TEST_STEP][PASSED] - maximizeWindow(): Current window maximized

2023-02-20 14:35:50 - [MESSAGE][PASSED] - Current window maximized

2023-02-20 14:35:50 - [TEST_STEP][PASSED] - vlinkPages.saleCCPage.setDataSCC(row, dataFile): vlinkPages.saleCCPage.setDataSCC is PASSED

2023-02-20 14:35:54 - [MESSAGE][PASSED] - Object 'Object Repository/VLink/Page_CCSale/txt_CardNumber' is present

2023-02-20 14:35:54 - [MESSAGE][PASSED] - Text '104' is set on object 'Object Repository/VLink/Page_CCSale/txt_TransactionType'

2023-02-20 14:35:55 - [MESSAGE][PASSED] - Text '2.0C' is set on object 'Object Repository/VLink/Page_CCSale/txt_MessageVersion'

2023-02-20 14:35:56 - [MESSAGE][PASSED] - Text 'vutbEx5WfaoD' is set on object 'Object Repository/VLink/Page_CCSale/txt_RemID'

2023-02-20 14:35:56 - [MESSAGE][PASSED] - Text '581' is set on object 'Object Repository/VLink/Page_CCSale/txt_ApplicationId'

2023-02-20 14:35:57 - [MESSAGE][PASSED] - Text 'usr581' is set on object 'Object Repository/VLink/Page_CCSale/txt_Username'

2023-02-20 14:35:57 - [MESSAGE][PASSED] - Text 'pwd581' is set on object 'Object Repository/VLink/Page_CCSale/txt_Password'

2023-02-20 14:35:58 - [MESSAGE][PASSED] - Text 'fixed_width' is set on object 'Object Repository/VLink/Page_CCSale/txt_ResponseFormat'

2023-02-20 14:35:59 - [MESSAGE][PASSED] - Text 'MOTO' is set on object 'Object Repository/VLink/Page_CCSale/txt_Category'

2023-02-20 14:35:59 - [MESSAGE][PASSED] - Text '' is set on object 'Object Repository/VLink/Page_CCSale/txt_TransactionID'

2023-02-20 14:36:00 - [MESSAGE][PASSED] - Text '' is set on object 'Object Repository/VLink/Page_CCSale/txt_ApprovalCode'

2023-02-20 14:36:01 - [MESSAGE][PASSED] - Text 'Kris Roshan' is set on object 'Object Repository/VLink/Page_CCSale/txt_CardName'

2023-02-20 14:36:01 - [MESSAGE][PASSED] - Text '258 Elm Road' is set on object 'Object Repository/VLink/Page_CCSale/txt_AL1'

2023-02-20 14:36:02 - [MESSAGE][PASSED] - Text 'Suite 56' is set on object 'Object Repository/VLink/Page_CCSale/txt_AL2'

2023-02-20 14:36:02 - [MESSAGE][PASSED] - Text 'Arlington' is set on object 'Object Repository/VLink/Page_CCSale/txt_CardCity'

2023-02-20 14:36:03 - [MESSAGE][PASSED] - Text 'VA' is set on object 'Object Repository/VLink/Page_CCSale/txt_CardState'

2023-02-20 14:36:04 - [MESSAGE][PASSED] - Text '22201' is set on object 'Object Repository/VLink/Page_CCSale/txt_CardZIP'

2023-02-20 14:36:04 - [MESSAGE][PASSED] - Text '840' is set on object 'Object Repository/VLink/Page_CCSale/txt_CountryID'

2023-02-20 14:36:05 - [MESSAGE][PASSED] - Text '1.50' is set on object 'Object Repository/VLink/Page_CCSale/txt_Amount'

2023-02-20 14:36:06 - [MESSAGE][PASSED] - Text '371449635392376' is set on object 'Object Repository/VLink/Page_CCSale/txt_CardNumber'

2023-02-20 14:36:06 - [MESSAGE][PASSED] - Text '12' is set on object 'Object Repository/VLink/Page_CCSale/txt_ExpMonth'

2023-02-20 14:36:07 - [MESSAGE][PASSED] - Text '2025' is set on object 'Object Repository/VLink/Page_CCSale/txt_ExpYear'

2023-02-20 14:36:08 - [MESSAGE][PASSED] - Text '' is set on object 'Object Repository/VLink/Page_CCSale/txt_CVV'

2023-02-20 14:36:08 - [MESSAGE][PASSED] - Text '' is set on object 'Object Repository/VLink/Page_CCSale/txt_CVVstate'

2023-02-20 14:36:09 - [MESSAGE][PASSED] - Text '' is set on object 'Object Repository/VLink/Page_CCSale/txt_TrackData'

2023-02-20 14:36:09 - [MESSAGE][PASSED] - Text '' is set on object 'Object Repository/VLink/Page_CCSale/txt_Track1Data'

2023-02-20 14:36:10 - [MESSAGE][PASSED] - Text '' is set on object 'Object Repository/VLink/Page_CCSale/txt_Track2Data'

2023-02-20 14:36:11 - [MESSAGE][PASSED] - Text 'manual' is set on object 'Object Repository/VLink/Page_CCSale/txt_POSEntryMode'

2023-02-20 14:36:11 - [MESSAGE][PASSED] - Text 'iahmed@govolution.com' is set on object 'Object Repository/VLink/Page_CCSale/txt_Email'

2023-02-20 14:36:12 - [MESSAGE][PASSED] - Text '2569362' is set on object 'Object Repository/VLink/Page_CCSale/txt_OrderNumber'

2023-02-20 14:36:12 - [MESSAGE][PASSED] - Text '1.15' is set on object 'Object Repository/VLink/Page_CCSale/txt_TaxAmount'

2023-02-20 14:36:13 - [MESSAGE][PASSED] - Text 'Charge Description' is set on object 'Object Repository/VLink/Page_CCSale/txt_ChargeDescription'

2023-02-20 14:36:14 - [MESSAGE][PASSED] - Text '147357' is set on object 'Object Repository/VLink/Page_CCSale/txt_CAN'

2023-02-20 14:36:14 - [MESSAGE][PASSED] - Text '1' is set on object 'Object Repository/VLink/Page_CCSale/txt_BillPaymentIndicator'

2023-02-20 14:36:15 - [MESSAGE][PASSED] - Text 'UDF Data 1' is set on object 'Object Repository/VLink/Page_CCSale/txt_UDF1'

2023-02-20 14:36:16 - [MESSAGE][PASSED] - Text 'UDF Data 2' is set on object 'Object Repository/VLink/Page_CCSale/txt_UDF2'

2023-02-20 14:36:16 - [MESSAGE][PASSED] - Text 'UDF Data 3' is set on object 'Object Repository/VLink/Page_CCSale/txt_UDF3'

2023-02-20 14:36:17 - [MESSAGE][PASSED] - Text 'UDF Data 4' is set on object 'Object Repository/VLink/Page_CCSale/txt_UDF4'

2023-02-20 14:36:18 - [MESSAGE][PASSED] - Text 'UDF Data 5' is set on object 'Object Repository/VLink/Page_CCSale/txt_UDF5'

2023-02-20 14:36:18 - [MESSAGE][PASSED] - Text 'UDF Data 6' is set on object 'Object Repository/VLink/Page_CCSale/txt_UDF6'

2023-02-20 14:36:19 - [MESSAGE][PASSED] - Text 'UDF Data 7' is set on object 'Object Repository/VLink/Page_CCSale/txt_UDF7'

2023-02-20 14:36:19 - [MESSAGE][PASSED] - Text 'UDF Data 8' is set on object 'Object Repository/VLink/Page_CCSale/txt_UDF8'

2023-02-20 14:36:20 - [MESSAGE][PASSED] - Text 'UDF Data 9' is set on object 'Object Repository/VLink/Page_CCSale/txt_UDF9'

2023-02-20 14:36:21 - [MESSAGE][PASSED] - Text 'UDF Data 10' is set on object 'Object Repository/VLink/Page_CCSale/txt_UDF10'

2023-02-20 14:36:22 - [MESSAGE][PASSED] - Object: 'Object Repository/VLink/Page_CCSale/btn_ProcessVLinkTransaction' is clicked on

2023-02-20 14:36:27 - [MESSAGE][PASSED] - vlinkPages.saleCCPage.setDataSCC is PASSED

2023-02-20 14:36:27 - [TEST_STEP][PASSED] - if (verifyTextPresent("Transaction approved, no errors", true)): null

2023-02-20 14:36:27 - [MESSAGE][PASSED] - Text 'Transaction approved, no errors' is present on page  using regular expression

2023-02-20 14:36:27 - [TEST_STEP][PASSED] - println("Transaction Approved, no errors text is present on the Confirmation page"): null

2023-02-20 14:36:27 - [TEST_STEP][PASSED] - out.println("Pass Record Number: " + row): null

2023-02-20 14:36:27 - [TEST_STEP][PASSED] - resText = "Pass": null

2023-02-20 14:36:27 - [TEST_STEP][PASSED] - pages.WriteExcel.demoKey(resText, datText, resColumn, datCloumn, fileLoc, nameSheet, row): pages.WriteExcel.demoKey is PASSED

2023-02-20 14:36:27 - [MESSAGE][PASSED] - pages.WriteExcel.demoKey is PASSED

2023-02-20 14:36:27 - [TEST_STEP][PASSED] - sdfo = getText(findTestObject("Object Repository/Page_VLinkReceipt/pre_STX")): Text of object 'Object Repository/Page_VLinkReceipt/pre_STX' is: '<STX>vutbEx5WfaoD                  12127397            0  Transaction approved, no errors                   0                                                                                  Y 000054   <ETX>'

2023-02-20 14:36:28 - [MESSAGE][PASSED] - Text of object 'Object Repository/Page_VLinkReceipt/pre_STX' is: '<STX>vutbEx5WfaoD                  12127397            0  Transaction approved, no errors                   0                                                                                  Y 000054   <ETX>'

2023-02-20 14:36:28 - [TEST_STEP][PASSED] - out.println("sdfo: " + sdfo): null

2023-02-20 14:36:28 - [TEST_STEP][PASSED] - remID = substring(5, 35).trim(): null

2023-02-20 14:36:28 - [TEST_STEP][PASSED] - out.println("Remittance ID: " + remID): null

2023-02-20 14:36:28 - [TEST_STEP][PASSED] - traxID = substring(35, 55).trim(): null

2023-02-20 14:36:28 - [TEST_STEP][PASSED] - out.println("Transaction ID: " + traxID): null

2023-02-20 14:36:28 - [TEST_STEP][PASSED] - out.println("End Record Number: " + row): null

2023-02-20 14:36:28 - [TEST_STEP][PASSED] - closeBrowser(): Browser is closed

2023-02-20 14:36:29 - [MESSAGE][PASSED] - Browser is closed

2023-02-20 14:36:29 - [TEST_STEP][PASSED] - ExecuteTC = findTestData(dataFile).getValue("Execute", row): null

2023-02-20 14:36:29 - [TEST_STEP][PASSED] - out.println("Value of Execute is : " + ExecuteTC): null

2023-02-20 14:36:29 - [TEST_STEP][PASSED] - if (ExecuteTC.equalsIgnoreCase("Y")): Browser is closed

2023-02-20 14:36:29 - [TEST_STEP][PASSED] - out.println("Begin Record Number: " + row): null

2023-02-20 14:36:29 - [TEST_STEP][PASSED] - today = new java.util.Date(): null

2023-02-20 14:36:29 - [TEST_STEP][PASSED] - println(today): null

2023-02-20 14:36:29 - [TEST_STEP][PASSED] - datText = today: null

2023-02-20 14:36:29 - [TEST_STEP][PASSED] - openBrowser(VLinkURL + "authcap.html"): Browser is opened with url: 'https://dev-algorithm.govolution.com/vlinktest/QA/version_2_0/authcap.html'

2023-02-20 14:36:29 - [MESSAGE][INFO] - Starting 'Chrome' driver

2023-02-20 14:36:29 - [MESSAGE][INFO] - User set preference: ['acceptInsecureCerts', 'true']

2023-02-20 14:36:29 - [MESSAGE][INFO] - Action delay is set to 0 milliseconds

2023-02-20 14:36:31 - [MESSAGE][PASSED] - Browser is opened with url: 'https://dev-algorithm.govolution.com/vlinktest/QA/version_2_0/authcap.html'

2023-02-20 14:36:31 - [TEST_STEP][PASSED] - maximizeWindow(): Current window maximized

2023-02-20 14:36:31 - [MESSAGE][PASSED] - Current window maximized

2023-02-20 14:36:31 - [TEST_STEP][PASSED] - vlinkPages.saleCCPage.setDataSCC(row, dataFile): vlinkPages.saleCCPage.setDataSCC is PASSED

2023-02-20 14:36:34 - [MESSAGE][PASSED] - Object 'Object Repository/VLink/Page_CCSale/txt_CardNumber' is present

2023-02-20 14:36:35 - [MESSAGE][PASSED] - Text '104' is set on object 'Object Repository/VLink/Page_CCSale/txt_TransactionType'

2023-02-20 14:36:36 - [MESSAGE][PASSED] - Text '2.0C' is set on object 'Object Repository/VLink/Page_CCSale/txt_MessageVersion'

2023-02-20 14:36:36 - [MESSAGE][PASSED] - Text 'IupgvTtBthBW' is set on object 'Object Repository/VLink/Page_CCSale/txt_RemID'

2023-02-20 14:36:37 - [MESSAGE][PASSED] - Text '581' is set on object 'Object Repository/VLink/Page_CCSale/txt_ApplicationId'

2023-02-20 14:36:37 - [MESSAGE][PASSED] - Text 'usr581' is set on object 'Object Repository/VLink/Page_CCSale/txt_Username'

2023-02-20 14:36:38 - [MESSAGE][PASSED] - Text 'pwd581' is set on object 'Object Repository/VLink/Page_CCSale/txt_Password'

2023-02-20 14:36:39 - [MESSAGE][PASSED] - Text 'fixed_width' is set on object 'Object Repository/VLink/Page_CCSale/txt_ResponseFormat'

2023-02-20 14:36:39 - [MESSAGE][PASSED] - Text 'RETL' is set on object 'Object Repository/VLink/Page_CCSale/txt_Category'

2023-02-20 14:36:40 - [MESSAGE][PASSED] - Text '' is set on object 'Object Repository/VLink/Page_CCSale/txt_TransactionID'

2023-02-20 14:36:41 - [MESSAGE][PASSED] - Text '' is set on object 'Object Repository/VLink/Page_CCSale/txt_ApprovalCode'

2023-02-20 14:36:41 - [MESSAGE][PASSED] - Text 'Kris Roshan' is set on object 'Object Repository/VLink/Page_CCSale/txt_CardName'

2023-02-20 14:36:42 - [MESSAGE][PASSED] - Text '258 Elm Road' is set on object 'Object Repository/VLink/Page_CCSale/txt_AL1'

2023-02-20 14:36:42 - [MESSAGE][PASSED] - Text 'Suite 56' is set on object 'Object Repository/VLink/Page_CCSale/txt_AL2'

2023-02-20 14:36:43 - [MESSAGE][PASSED] - Text 'Arlington' is set on object 'Object Repository/VLink/Page_CCSale/txt_CardCity'

2023-02-20 14:36:44 - [MESSAGE][PASSED] - Text 'VA' is set on object 'Object Repository/VLink/Page_CCSale/txt_CardState'

2023-02-20 14:36:44 - [MESSAGE][PASSED] - Text '22201' is set on object 'Object Repository/VLink/Page_CCSale/txt_CardZIP'

2023-02-20 14:36:45 - [MESSAGE][PASSED] - Text '840' is set on object 'Object Repository/VLink/Page_CCSale/txt_CountryID'

2023-02-20 14:36:46 - [MESSAGE][PASSED] - Text '1.50' is set on object 'Object Repository/VLink/Page_CCSale/txt_Amount'

2023-02-20 14:36:46 - [MESSAGE][PASSED] - Text '371449635392376' is set on object 'Object Repository/VLink/Page_CCSale/txt_CardNumber'

2023-02-20 14:36:47 - [MESSAGE][PASSED] - Text '12' is set on object 'Object Repository/VLink/Page_CCSale/txt_ExpMonth'

2023-02-20 14:36:48 - [MESSAGE][PASSED] - Text '2025' is set on object 'Object Repository/VLink/Page_CCSale/txt_ExpYear'

2023-02-20 14:36:48 - [MESSAGE][PASSED] - Text '' is set on object 'Object Repository/VLink/Page_CCSale/txt_CVV'

2023-02-20 14:36:49 - [MESSAGE][PASSED] - Text '' is set on object 'Object Repository/VLink/Page_CCSale/txt_CVVstate'

2023-02-20 14:36:49 - [MESSAGE][PASSED] - Text '' is set on object 'Object Repository/VLink/Page_CCSale/txt_TrackData'

2023-02-20 14:36:50 - [MESSAGE][PASSED] - Text '' is set on object 'Object Repository/VLink/Page_CCSale/txt_Track1Data'

2023-02-20 14:36:51 - [MESSAGE][PASSED] - Text '' is set on object 'Object Repository/VLink/Page_CCSale/txt_Track2Data'

2023-02-20 14:36:51 - [MESSAGE][PASSED] - Text 'manual' is set on object 'Object Repository/VLink/Page_CCSale/txt_POSEntryMode'

2023-02-20 14:36:52 - [MESSAGE][PASSED] - Text 'iahmed@govolution.com' is set on object 'Object Repository/VLink/Page_CCSale/txt_Email'

2023-02-20 14:36:53 - [MESSAGE][PASSED] - Text '2569362' is set on object 'Object Repository/VLink/Page_CCSale/txt_OrderNumber'

2023-02-20 14:36:53 - [MESSAGE][PASSED] - Text '1.15' is set on object 'Object Repository/VLink/Page_CCSale/txt_TaxAmount'

2023-02-20 14:36:54 - [MESSAGE][PASSED] - Text 'Charge Description' is set on object 'Object Repository/VLink/Page_CCSale/txt_ChargeDescription'

2023-02-20 14:36:54 - [MESSAGE][PASSED] - Text '147357' is set on object 'Object Repository/VLink/Page_CCSale/txt_CAN'

2023-02-20 14:36:55 - [MESSAGE][PASSED] - Text '1' is set on object 'Object Repository/VLink/Page_CCSale/txt_BillPaymentIndicator'

2023-02-20 14:36:56 - [MESSAGE][PASSED] - Text 'UDF Data 1' is set on object 'Object Repository/VLink/Page_CCSale/txt_UDF1'

2023-02-20 14:36:56 - [MESSAGE][PASSED] - Text 'UDF Data 2' is set on object 'Object Repository/VLink/Page_CCSale/txt_UDF2'

2023-02-20 14:36:57 - [MESSAGE][PASSED] - Text 'UDF Data 3' is set on object 'Object Repository/VLink/Page_CCSale/txt_UDF3'

2023-02-20 14:36:58 - [MESSAGE][PASSED] - Text 'UDF Data 4' is set on object 'Object Repository/VLink/Page_CCSale/txt_UDF4'

2023-02-20 14:36:58 - [MESSAGE][PASSED] - Text 'UDF Data 5' is set on object 'Object Repository/VLink/Page_CCSale/txt_UDF5'

2023-02-20 14:36:59 - [MESSAGE][PASSED] - Text 'UDF Data 6' is set on object 'Object Repository/VLink/Page_CCSale/txt_UDF6'

2023-02-20 14:36:59 - [MESSAGE][PASSED] - Text 'UDF Data 7' is set on object 'Object Repository/VLink/Page_CCSale/txt_UDF7'

2023-02-20 14:37:00 - [MESSAGE][PASSED] - Text 'UDF Data 8' is set on object 'Object Repository/VLink/Page_CCSale/txt_UDF8'

2023-02-20 14:37:01 - [MESSAGE][PASSED] - Text 'UDF Data 9' is set on object 'Object Repository/VLink/Page_CCSale/txt_UDF9'

2023-02-20 14:37:01 - [MESSAGE][PASSED] - Text 'UDF Data 10' is set on object 'Object Repository/VLink/Page_CCSale/txt_UDF10'

2023-02-20 14:37:03 - [MESSAGE][PASSED] - Object: 'Object Repository/VLink/Page_CCSale/btn_ProcessVLinkTransaction' is clicked on

2023-02-20 14:37:08 - [MESSAGE][PASSED] - vlinkPages.saleCCPage.setDataSCC is PASSED

2023-02-20 14:37:08 - [TEST_STEP][PASSED] - if (verifyTextPresent("Transaction approved, no errors", true)): null

2023-02-20 14:37:08 - [MESSAGE][PASSED] - Text 'Transaction approved, no errors' is present on page  using regular expression

2023-02-20 14:37:08 - [TEST_STEP][PASSED] - println("Transaction Approved, no errors text is present on the Confirmation page"): null

2023-02-20 14:37:08 - [TEST_STEP][PASSED] - out.println("Pass Record Number: " + row): null

2023-02-20 14:37:08 - [TEST_STEP][PASSED] - resText = "Pass": null

2023-02-20 14:37:08 - [TEST_STEP][PASSED] - pages.WriteExcel.demoKey(resText, datText, resColumn, datCloumn, fileLoc, nameSheet, row): pages.WriteExcel.demoKey is PASSED

2023-02-20 14:37:08 - [MESSAGE][PASSED] - pages.WriteExcel.demoKey is PASSED

2023-02-20 14:37:08 - [TEST_STEP][PASSED] - sdfo = getText(findTestObject("Object Repository/Page_VLinkReceipt/pre_STX")): Text of object 'Object Repository/Page_VLinkReceipt/pre_STX' is: '<STX>IupgvTtBthBW                  12127398            0  Transaction approved, no errors                   0                                                                                  Y 000055   <ETX>'

2023-02-20 14:37:08 - [MESSAGE][PASSED] - Text of object 'Object Repository/Page_VLinkReceipt/pre_STX' is: '<STX>IupgvTtBthBW                  12127398            0  Transaction approved, no errors                   0                                                                                  Y 000055   <ETX>'

2023-02-20 14:37:08 - [TEST_STEP][PASSED] - out.println("sdfo: " + sdfo): null

2023-02-20 14:37:08 - [TEST_STEP][PASSED] - remID = substring(5, 35).trim(): null

2023-02-20 14:37:08 - [TEST_STEP][PASSED] - out.println("Remittance ID: " + remID): null

2023-02-20 14:37:08 - [TEST_STEP][PASSED] - traxID = substring(35, 55).trim(): null

2023-02-20 14:37:08 - [TEST_STEP][PASSED] - out.println("Transaction ID: " + traxID): null

2023-02-20 14:37:08 - [TEST_STEP][PASSED] - out.println("End Record Number: " + row): null

2023-02-20 14:37:08 - [TEST_STEP][PASSED] - closeBrowser(): Browser is closed

2023-02-20 14:37:09 - [MESSAGE][PASSED] - Browser is closed

2023-02-20 14:37:09 - [TEST_STEP][PASSED] - ExecuteTC = findTestData(dataFile).getValue("Execute", row): null

2023-02-20 14:37:09 - [TEST_STEP][PASSED] - out.println("Value of Execute is : " + ExecuteTC): null

2023-02-20 14:37:09 - [TEST_STEP][PASSED] - if (ExecuteTC.equalsIgnoreCase("Y")): Browser is closed

2023-02-20 14:37:09 - [TEST_STEP][PASSED] - out.println("Begin Record Number: " + row): null

2023-02-20 14:37:09 - [TEST_STEP][PASSED] - today = new java.util.Date(): null

2023-02-20 14:37:09 - [TEST_STEP][PASSED] - println(today): null

2023-02-20 14:37:09 - [TEST_STEP][PASSED] - datText = today: null

2023-02-20 14:37:09 - [TEST_STEP][PASSED] - openBrowser(VLinkURL + "authcap.html"): Browser is opened with url: 'https://dev-algorithm.govolution.com/vlinktest/QA/version_2_0/authcap.html'

2023-02-20 14:37:09 - [MESSAGE][INFO] - Starting 'Chrome' driver

2023-02-20 14:37:09 - [MESSAGE][INFO] - User set preference: ['acceptInsecureCerts', 'true']

2023-02-20 14:37:09 - [MESSAGE][INFO] - Action delay is set to 0 milliseconds

2023-02-20 14:37:11 - [MESSAGE][PASSED] - Browser is opened with url: 'https://dev-algorithm.govolution.com/vlinktest/QA/version_2_0/authcap.html'

2023-02-20 14:37:11 - [TEST_STEP][PASSED] - maximizeWindow(): Current window maximized

2023-02-20 14:37:11 - [MESSAGE][PASSED] - Current window maximized

2023-02-20 14:37:11 - [TEST_STEP][PASSED] - vlinkPages.saleCCPage.setDataSCC(row, dataFile): vlinkPages.saleCCPage.setDataSCC is PASSED

2023-02-20 14:37:15 - [MESSAGE][PASSED] - Object 'Object Repository/VLink/Page_CCSale/txt_CardNumber' is present

2023-02-20 14:37:16 - [MESSAGE][PASSED] - Text '104' is set on object 'Object Repository/VLink/Page_CCSale/txt_TransactionType'

2023-02-20 14:37:17 - [MESSAGE][PASSED] - Text '2.0C' is set on object 'Object Repository/VLink/Page_CCSale/txt_MessageVersion'

2023-02-20 14:37:17 - [MESSAGE][PASSED] - Text 'ENG2CqTmPscf' is set on object 'Object Repository/VLink/Page_CCSale/txt_RemID'

2023-02-20 14:37:18 - [MESSAGE][PASSED] - Text '581' is set on object 'Object Repository/VLink/Page_CCSale/txt_ApplicationId'

2023-02-20 14:37:18 - [MESSAGE][PASSED] - Text 'usr581' is set on object 'Object Repository/VLink/Page_CCSale/txt_Username'

2023-02-20 14:37:19 - [MESSAGE][PASSED] - Text 'pwd581' is set on object 'Object Repository/VLink/Page_CCSale/txt_Password'

2023-02-20 14:37:20 - [MESSAGE][PASSED] - Text 'fixed_width' is set on object 'Object Repository/VLink/Page_CCSale/txt_ResponseFormat'

2023-02-20 14:37:20 - [MESSAGE][PASSED] - Text 'ECOM' is set on object 'Object Repository/VLink/Page_CCSale/txt_Category'

2023-02-20 14:37:21 - [MESSAGE][PASSED] - Text '' is set on object 'Object Repository/VLink/Page_CCSale/txt_TransactionID'

2023-02-20 14:37:21 - [MESSAGE][PASSED] - Text '' is set on object 'Object Repository/VLink/Page_CCSale/txt_ApprovalCode'

2023-02-20 14:37:22 - [MESSAGE][PASSED] - Text 'Kris Roshan' is set on object 'Object Repository/VLink/Page_CCSale/txt_CardName'

2023-02-20 14:37:23 - [MESSAGE][PASSED] - Text '258 Elm Road' is set on object 'Object Repository/VLink/Page_CCSale/txt_AL1'

2023-02-20 14:37:23 - [MESSAGE][PASSED] - Text 'Suite 56' is set on object 'Object Repository/VLink/Page_CCSale/txt_AL2'

2023-02-20 14:37:24 - [MESSAGE][PASSED] - Text 'Arlington' is set on object 'Object Repository/VLink/Page_CCSale/txt_CardCity'

2023-02-20 14:37:25 - [MESSAGE][PASSED] - Text 'VA' is set on object 'Object Repository/VLink/Page_CCSale/txt_CardState'

2023-02-20 14:37:25 - [MESSAGE][PASSED] - Text '22201' is set on object 'Object Repository/VLink/Page_CCSale/txt_CardZIP'

2023-02-20 14:37:26 - [MESSAGE][PASSED] - Text '840' is set on object 'Object Repository/VLink/Page_CCSale/txt_CountryID'

2023-02-20 14:37:27 - [MESSAGE][PASSED] - Text '1.50' is set on object 'Object Repository/VLink/Page_CCSale/txt_Amount'

2023-02-20 14:37:27 - [MESSAGE][PASSED] - Text '6011000993026909' is set on object 'Object Repository/VLink/Page_CCSale/txt_CardNumber'

2023-02-20 14:37:28 - [MESSAGE][PASSED] - Text '12' is set on object 'Object Repository/VLink/Page_CCSale/txt_ExpMonth'

2023-02-20 14:37:29 - [MESSAGE][PASSED] - Text '2025' is set on object 'Object Repository/VLink/Page_CCSale/txt_ExpYear'

2023-02-20 14:37:29 - [MESSAGE][PASSED] - Text '' is set on object 'Object Repository/VLink/Page_CCSale/txt_CVV'

2023-02-20 14:37:30 - [MESSAGE][PASSED] - Text '' is set on object 'Object Repository/VLink/Page_CCSale/txt_CVVstate'

2023-02-20 14:37:30 - [MESSAGE][PASSED] - Text '' is set on object 'Object Repository/VLink/Page_CCSale/txt_TrackData'

2023-02-20 14:37:31 - [MESSAGE][PASSED] - Text '' is set on object 'Object Repository/VLink/Page_CCSale/txt_Track1Data'

2023-02-20 14:37:32 - [MESSAGE][PASSED] - Text '' is set on object 'Object Repository/VLink/Page_CCSale/txt_Track2Data'

2023-02-20 14:37:32 - [MESSAGE][PASSED] - Text 'manual' is set on object 'Object Repository/VLink/Page_CCSale/txt_POSEntryMode'

2023-02-20 14:37:33 - [MESSAGE][PASSED] - Text 'iahmed@govolution.com' is set on object 'Object Repository/VLink/Page_CCSale/txt_Email'

2023-02-20 14:37:34 - [MESSAGE][PASSED] - Text '2569362' is set on object 'Object Repository/VLink/Page_CCSale/txt_OrderNumber'

2023-02-20 14:37:34 - [MESSAGE][PASSED] - Text '1.15' is set on object 'Object Repository/VLink/Page_CCSale/txt_TaxAmount'

2023-02-20 14:37:35 - [MESSAGE][PASSED] - Text 'Charge Description' is set on object 'Object Repository/VLink/Page_CCSale/txt_ChargeDescription'

2023-02-20 14:37:35 - [MESSAGE][PASSED] - Text '147357' is set on object 'Object Repository/VLink/Page_CCSale/txt_CAN'

2023-02-20 14:37:36 - [MESSAGE][PASSED] - Text '1' is set on object 'Object Repository/VLink/Page_CCSale/txt_BillPaymentIndicator'

2023-02-20 14:37:37 - [MESSAGE][PASSED] - Text 'UDF Data 1' is set on object 'Object Repository/VLink/Page_CCSale/txt_UDF1'

2023-02-20 14:37:37 - [MESSAGE][PASSED] - Text 'UDF Data 2' is set on object 'Object Repository/VLink/Page_CCSale/txt_UDF2'

2023-02-20 14:37:38 - [MESSAGE][PASSED] - Text 'UDF Data 3' is set on object 'Object Repository/VLink/Page_CCSale/txt_UDF3'

2023-02-20 14:37:39 - [MESSAGE][PASSED] - Text 'UDF Data 4' is set on object 'Object Repository/VLink/Page_CCSale/txt_UDF4'

2023-02-20 14:37:39 - [MESSAGE][PASSED] - Text 'UDF Data 5' is set on object 'Object Repository/VLink/Page_CCSale/txt_UDF5'

2023-02-20 14:37:40 - [MESSAGE][PASSED] - Text 'UDF Data 6' is set on object 'Object Repository/VLink/Page_CCSale/txt_UDF6'

2023-02-20 14:37:40 - [MESSAGE][PASSED] - Text 'UDF Data 7' is set on object 'Object Repository/VLink/Page_CCSale/txt_UDF7'

2023-02-20 14:37:41 - [MESSAGE][PASSED] - Text 'UDF Data 8' is set on object 'Object Repository/VLink/Page_CCSale/txt_UDF8'

2023-02-20 14:37:42 - [MESSAGE][PASSED] - Text 'UDF Data 9' is set on object 'Object Repository/VLink/Page_CCSale/txt_UDF9'

2023-02-20 14:37:42 - [MESSAGE][PASSED] - Text 'UDF Data 10' is set on object 'Object Repository/VLink/Page_CCSale/txt_UDF10'

2023-02-20 14:37:44 - [MESSAGE][PASSED] - Object: 'Object Repository/VLink/Page_CCSale/btn_ProcessVLinkTransaction' is clicked on

2023-02-20 14:37:49 - [MESSAGE][PASSED] - vlinkPages.saleCCPage.setDataSCC is PASSED

2023-02-20 14:37:49 - [TEST_STEP][PASSED] - if (verifyTextPresent("Transaction approved, no errors", true)): null

2023-02-20 14:37:49 - [MESSAGE][PASSED] - Text 'Transaction approved, no errors' is present on page  using regular expression

2023-02-20 14:37:49 - [TEST_STEP][PASSED] - println("Transaction Approved, no errors text is present on the Confirmation page"): null

2023-02-20 14:37:49 - [TEST_STEP][PASSED] - out.println("Pass Record Number: " + row): null

2023-02-20 14:37:49 - [TEST_STEP][PASSED] - resText = "Pass": null

2023-02-20 14:37:49 - [TEST_STEP][PASSED] - pages.WriteExcel.demoKey(resText, datText, resColumn, datCloumn, fileLoc, nameSheet, row): pages.WriteExcel.demoKey is PASSED

2023-02-20 14:37:49 - [MESSAGE][PASSED] - pages.WriteExcel.demoKey is PASSED

2023-02-20 14:37:49 - [TEST_STEP][PASSED] - sdfo = getText(findTestObject("Object Repository/Page_VLinkReceipt/pre_STX")): Text of object 'Object Repository/Page_VLinkReceipt/pre_STX' is: '<STX>ENG2CqTmPscf                  12127399            0  Transaction approved, no errors                   0                                                                                  Y 000056   <ETX>'

2023-02-20 14:37:49 - [MESSAGE][PASSED] - Text of object 'Object Repository/Page_VLinkReceipt/pre_STX' is: '<STX>ENG2CqTmPscf                  12127399            0  Transaction approved, no errors                   0                                                                                  Y 000056   <ETX>'

2023-02-20 14:37:49 - [TEST_STEP][PASSED] - out.println("sdfo: " + sdfo): null

2023-02-20 14:37:49 - [TEST_STEP][PASSED] - remID = substring(5, 35).trim(): null

2023-02-20 14:37:49 - [TEST_STEP][PASSED] - out.println("Remittance ID: " + remID): null

2023-02-20 14:37:49 - [TEST_STEP][PASSED] - traxID = substring(35, 55).trim(): null

2023-02-20 14:37:49 - [TEST_STEP][PASSED] - out.println("Transaction ID: " + traxID): null

2023-02-20 14:37:49 - [TEST_STEP][PASSED] - out.println("End Record Number: " + row): null

2023-02-20 14:37:49 - [TEST_STEP][PASSED] - closeBrowser(): Browser is closed

2023-02-20 14:37:50 - [MESSAGE][PASSED] - Browser is closed

2023-02-20 14:37:50 - [TEST_STEP][PASSED] - ExecuteTC = findTestData(dataFile).getValue("Execute", row): null

2023-02-20 14:37:50 - [TEST_STEP][PASSED] - out.println("Value of Execute is : " + ExecuteTC): null

2023-02-20 14:37:50 - [TEST_STEP][PASSED] - if (ExecuteTC.equalsIgnoreCase("Y")): Browser is closed

2023-02-20 14:37:50 - [TEST_STEP][PASSED] - out.println("Begin Record Number: " + row): null

2023-02-20 14:37:50 - [TEST_STEP][PASSED] - today = new java.util.Date(): null

2023-02-20 14:37:50 - [TEST_STEP][PASSED] - println(today): null

2023-02-20 14:37:50 - [TEST_STEP][PASSED] - datText = today: null

2023-02-20 14:37:50 - [TEST_STEP][PASSED] - openBrowser(VLinkURL + "authcap.html"): Browser is opened with url: 'https://dev-algorithm.govolution.com/vlinktest/QA/version_2_0/authcap.html'

2023-02-20 14:37:50 - [MESSAGE][INFO] - Starting 'Chrome' driver

2023-02-20 14:37:50 - [MESSAGE][INFO] - User set preference: ['acceptInsecureCerts', 'true']

2023-02-20 14:37:50 - [MESSAGE][INFO] - Action delay is set to 0 milliseconds

2023-02-20 14:37:52 - [MESSAGE][PASSED] - Browser is opened with url: 'https://dev-algorithm.govolution.com/vlinktest/QA/version_2_0/authcap.html'

2023-02-20 14:37:52 - [TEST_STEP][PASSED] - maximizeWindow(): Current window maximized

2023-02-20 14:37:53 - [MESSAGE][PASSED] - Current window maximized

2023-02-20 14:37:53 - [TEST_STEP][PASSED] - vlinkPages.saleCCPage.setDataSCC(row, dataFile): vlinkPages.saleCCPage.setDataSCC is PASSED

2023-02-20 14:37:56 - [MESSAGE][PASSED] - Object 'Object Repository/VLink/Page_CCSale/txt_CardNumber' is present

2023-02-20 14:37:57 - [MESSAGE][PASSED] - Text '104' is set on object 'Object Repository/VLink/Page_CCSale/txt_TransactionType'

2023-02-20 14:37:57 - [MESSAGE][PASSED] - Text '2.0C' is set on object 'Object Repository/VLink/Page_CCSale/txt_MessageVersion'

2023-02-20 14:37:58 - [MESSAGE][PASSED] - Text '8WSsV3ma7aZX' is set on object 'Object Repository/VLink/Page_CCSale/txt_RemID'

2023-02-20 14:37:59 - [MESSAGE][PASSED] - Text '581' is set on object 'Object Repository/VLink/Page_CCSale/txt_ApplicationId'

2023-02-20 14:37:59 - [MESSAGE][PASSED] - Text 'usr581' is set on object 'Object Repository/VLink/Page_CCSale/txt_Username'

2023-02-20 14:38:00 - [MESSAGE][PASSED] - Text 'pwd581' is set on object 'Object Repository/VLink/Page_CCSale/txt_Password'

2023-02-20 14:38:01 - [MESSAGE][PASSED] - Text 'fixed_width' is set on object 'Object Repository/VLink/Page_CCSale/txt_ResponseFormat'

2023-02-20 14:38:01 - [MESSAGE][PASSED] - Text 'MOTO' is set on object 'Object Repository/VLink/Page_CCSale/txt_Category'

2023-02-20 14:38:02 - [MESSAGE][PASSED] - Text '' is set on object 'Object Repository/VLink/Page_CCSale/txt_TransactionID'

2023-02-20 14:38:02 - [MESSAGE][PASSED] - Text '' is set on object 'Object Repository/VLink/Page_CCSale/txt_ApprovalCode'

2023-02-20 14:38:03 - [MESSAGE][PASSED] - Text 'Kris Roshan' is set on object 'Object Repository/VLink/Page_CCSale/txt_CardName'

2023-02-20 14:38:04 - [MESSAGE][PASSED] - Text '258 Elm Road' is set on object 'Object Repository/VLink/Page_CCSale/txt_AL1'

2023-02-20 14:38:04 - [MESSAGE][PASSED] - Text 'Suite 56' is set on object 'Object Repository/VLink/Page_CCSale/txt_AL2'

2023-02-20 14:38:05 - [MESSAGE][PASSED] - Text 'Arlington' is set on object 'Object Repository/VLink/Page_CCSale/txt_CardCity'

2023-02-20 14:38:06 - [MESSAGE][PASSED] - Text 'VA' is set on object 'Object Repository/VLink/Page_CCSale/txt_CardState'

2023-02-20 14:38:07 - [MESSAGE][PASSED] - Text '22201' is set on object 'Object Repository/VLink/Page_CCSale/txt_CardZIP'

2023-02-20 14:38:07 - [MESSAGE][PASSED] - Text '840' is set on object 'Object Repository/VLink/Page_CCSale/txt_CountryID'

2023-02-20 14:38:08 - [MESSAGE][PASSED] - Text '1.50' is set on object 'Object Repository/VLink/Page_CCSale/txt_Amount'

2023-02-20 14:38:08 - [MESSAGE][PASSED] - Text '6011000993026909' is set on object 'Object Repository/VLink/Page_CCSale/txt_CardNumber'

2023-02-20 14:38:09 - [MESSAGE][PASSED] - Text '12' is set on object 'Object Repository/VLink/Page_CCSale/txt_ExpMonth'

2023-02-20 14:38:10 - [MESSAGE][PASSED] - Text '2025' is set on object 'Object Repository/VLink/Page_CCSale/txt_ExpYear'

2023-02-20 14:38:10 - [MESSAGE][PASSED] - Text '' is set on object 'Object Repository/VLink/Page_CCSale/txt_CVV'

2023-02-20 14:38:11 - [MESSAGE][PASSED] - Text '' is set on object 'Object Repository/VLink/Page_CCSale/txt_CVVstate'

2023-02-20 14:38:11 - [MESSAGE][PASSED] - Text '' is set on object 'Object Repository/VLink/Page_CCSale/txt_TrackData'

2023-02-20 14:38:12 - [MESSAGE][PASSED] - Text '' is set on object 'Object Repository/VLink/Page_CCSale/txt_Track1Data'

2023-02-20 14:38:13 - [MESSAGE][PASSED] - Text '' is set on object 'Object Repository/VLink/Page_CCSale/txt_Track2Data'

2023-02-20 14:38:13 - [MESSAGE][PASSED] - Text 'manual' is set on object 'Object Repository/VLink/Page_CCSale/txt_POSEntryMode'

2023-02-20 14:38:14 - [MESSAGE][PASSED] - Text 'iahmed@govolution.com' is set on object 'Object Repository/VLink/Page_CCSale/txt_Email'

2023-02-20 14:38:15 - [MESSAGE][PASSED] - Text '2569362' is set on object 'Object Repository/VLink/Page_CCSale/txt_OrderNumber'

2023-02-20 14:38:15 - [MESSAGE][PASSED] - Text '1.15' is set on object 'Object Repository/VLink/Page_CCSale/txt_TaxAmount'

2023-02-20 14:38:16 - [MESSAGE][PASSED] - Text 'Charge Description' is set on object 'Object Repository/VLink/Page_CCSale/txt_ChargeDescription'

2023-02-20 14:38:16 - [MESSAGE][PASSED] - Text '147357' is set on object 'Object Repository/VLink/Page_CCSale/txt_CAN'

2023-02-20 14:38:17 - [MESSAGE][PASSED] - Text '1' is set on object 'Object Repository/VLink/Page_CCSale/txt_BillPaymentIndicator'

2023-02-20 14:38:18 - [MESSAGE][PASSED] - Text 'UDF Data 1' is set on object 'Object Repository/VLink/Page_CCSale/txt_UDF1'

2023-02-20 14:38:18 - [MESSAGE][PASSED] - Text 'UDF Data 2' is set on object 'Object Repository/VLink/Page_CCSale/txt_UDF2'

2023-02-20 14:38:19 - [MESSAGE][PASSED] - Text 'UDF Data 3' is set on object 'Object Repository/VLink/Page_CCSale/txt_UDF3'

2023-02-20 14:38:20 - [MESSAGE][PASSED] - Text 'UDF Data 4' is set on object 'Object Repository/VLink/Page_CCSale/txt_UDF4'

2023-02-20 14:38:20 - [MESSAGE][PASSED] - Text 'UDF Data 5' is set on object 'Object Repository/VLink/Page_CCSale/txt_UDF5'

2023-02-20 14:38:21 - [MESSAGE][PASSED] - Text 'UDF Data 6' is set on object 'Object Repository/VLink/Page_CCSale/txt_UDF6'

2023-02-20 14:38:21 - [MESSAGE][PASSED] - Text 'UDF Data 7' is set on object 'Object Repository/VLink/Page_CCSale/txt_UDF7'

2023-02-20 14:38:22 - [MESSAGE][PASSED] - Text 'UDF Data 8' is set on object 'Object Repository/VLink/Page_CCSale/txt_UDF8'

2023-02-20 14:38:23 - [MESSAGE][PASSED] - Text 'UDF Data 9' is set on object 'Object Repository/VLink/Page_CCSale/txt_UDF9'

2023-02-20 14:38:23 - [MESSAGE][PASSED] - Text 'UDF Data 10' is set on object 'Object Repository/VLink/Page_CCSale/txt_UDF10'

2023-02-20 14:38:24 - [MESSAGE][PASSED] - Object: 'Object Repository/VLink/Page_CCSale/btn_ProcessVLinkTransaction' is clicked on

2023-02-20 14:38:29 - [MESSAGE][PASSED] - vlinkPages.saleCCPage.setDataSCC is PASSED

2023-02-20 14:38:29 - [TEST_STEP][PASSED] - if (verifyTextPresent("Transaction approved, no errors", true)): null

2023-02-20 14:38:30 - [MESSAGE][PASSED] - Text 'Transaction approved, no errors' is present on page  using regular expression

2023-02-20 14:38:30 - [TEST_STEP][PASSED] - println("Transaction Approved, no errors text is present on the Confirmation page"): null

2023-02-20 14:38:30 - [TEST_STEP][PASSED] - out.println("Pass Record Number: " + row): null

2023-02-20 14:38:30 - [TEST_STEP][PASSED] - resText = "Pass": null

2023-02-20 14:38:30 - [TEST_STEP][PASSED] - pages.WriteExcel.demoKey(resText, datText, resColumn, datCloumn, fileLoc, nameSheet, row): pages.WriteExcel.demoKey is PASSED

2023-02-20 14:38:30 - [MESSAGE][PASSED] - pages.WriteExcel.demoKey is PASSED

2023-02-20 14:38:30 - [TEST_STEP][PASSED] - sdfo = getText(findTestObject("Object Repository/Page_VLinkReceipt/pre_STX")): Text of object 'Object Repository/Page_VLinkReceipt/pre_STX' is: '<STX>8WSsV3ma7aZX                  12127400            0  Transaction approved, no errors                   0                                                                                  Y 000057   <ETX>'

2023-02-20 14:38:30 - [MESSAGE][PASSED] - Text of object 'Object Repository/Page_VLinkReceipt/pre_STX' is: '<STX>8WSsV3ma7aZX                  12127400            0  Transaction approved, no errors                   0                                                                                  Y 000057   <ETX>'

2023-02-20 14:38:30 - [TEST_STEP][PASSED] - out.println("sdfo: " + sdfo): null

2023-02-20 14:38:30 - [TEST_STEP][PASSED] - remID = substring(5, 35).trim(): null

2023-02-20 14:38:30 - [TEST_STEP][PASSED] - out.println("Remittance ID: " + remID): null

2023-02-20 14:38:30 - [TEST_STEP][PASSED] - traxID = substring(35, 55).trim(): null

2023-02-20 14:38:30 - [TEST_STEP][PASSED] - out.println("Transaction ID: " + traxID): null

2023-02-20 14:38:30 - [TEST_STEP][PASSED] - out.println("End Record Number: " + row): null

2023-02-20 14:38:30 - [TEST_STEP][PASSED] - closeBrowser(): Browser is closed

2023-02-20 14:38:31 - [MESSAGE][PASSED] - Browser is closed

2023-02-20 14:38:31 - [TEST_STEP][PASSED] - ExecuteTC = findTestData(dataFile).getValue("Execute", row): null

2023-02-20 14:38:31 - [TEST_STEP][PASSED] - out.println("Value of Execute is : " + ExecuteTC): null

2023-02-20 14:38:31 - [TEST_STEP][PASSED] - if (ExecuteTC.equalsIgnoreCase("Y")): Browser is closed

2023-02-20 14:38:31 - [TEST_STEP][PASSED] - out.println("Begin Record Number: " + row): null

2023-02-20 14:38:31 - [TEST_STEP][PASSED] - today = new java.util.Date(): null

2023-02-20 14:38:31 - [TEST_STEP][PASSED] - println(today): null

2023-02-20 14:38:31 - [TEST_STEP][PASSED] - datText = today: null

2023-02-20 14:38:31 - [TEST_STEP][PASSED] - openBrowser(VLinkURL + "authcap.html"): Browser is opened with url: 'https://dev-algorithm.govolution.com/vlinktest/QA/version_2_0/authcap.html'

2023-02-20 14:38:31 - [MESSAGE][INFO] - Starting 'Chrome' driver

2023-02-20 14:38:31 - [MESSAGE][INFO] - User set preference: ['acceptInsecureCerts', 'true']

2023-02-20 14:38:31 - [MESSAGE][INFO] - Action delay is set to 0 milliseconds

2023-02-20 14:38:33 - [MESSAGE][PASSED] - Browser is opened with url: 'https://dev-algorithm.govolution.com/vlinktest/QA/version_2_0/authcap.html'

2023-02-20 14:38:33 - [TEST_STEP][PASSED] - maximizeWindow(): Current window maximized

2023-02-20 14:38:33 - [MESSAGE][PASSED] - Current window maximized

2023-02-20 14:38:33 - [TEST_STEP][PASSED] - vlinkPages.saleCCPage.setDataSCC(row, dataFile): vlinkPages.saleCCPage.setDataSCC is PASSED

2023-02-20 14:38:37 - [MESSAGE][PASSED] - Object 'Object Repository/VLink/Page_CCSale/txt_CardNumber' is present

2023-02-20 14:38:38 - [MESSAGE][PASSED] - Text '104' is set on object 'Object Repository/VLink/Page_CCSale/txt_TransactionType'

2023-02-20 14:38:38 - [MESSAGE][PASSED] - Text '2.0C' is set on object 'Object Repository/VLink/Page_CCSale/txt_MessageVersion'

2023-02-20 14:38:39 - [MESSAGE][PASSED] - Text 'JJ9KR5NCVr1p' is set on object 'Object Repository/VLink/Page_CCSale/txt_RemID'

2023-02-20 14:38:40 - [MESSAGE][PASSED] - Text '581' is set on object 'Object Repository/VLink/Page_CCSale/txt_ApplicationId'

2023-02-20 14:38:40 - [MESSAGE][PASSED] - Text 'usr581' is set on object 'Object Repository/VLink/Page_CCSale/txt_Username'

2023-02-20 14:38:41 - [MESSAGE][PASSED] - Text 'pwd581' is set on object 'Object Repository/VLink/Page_CCSale/txt_Password'

2023-02-20 14:38:41 - [MESSAGE][PASSED] - Text 'fixed_width' is set on object 'Object Repository/VLink/Page_CCSale/txt_ResponseFormat'

2023-02-20 14:38:42 - [MESSAGE][PASSED] - Text 'RETL' is set on object 'Object Repository/VLink/Page_CCSale/txt_Category'

2023-02-20 14:38:43 - [MESSAGE][PASSED] - Text '' is set on object 'Object Repository/VLink/Page_CCSale/txt_TransactionID'

2023-02-20 14:38:43 - [MESSAGE][PASSED] - Text '' is set on object 'Object Repository/VLink/Page_CCSale/txt_ApprovalCode'

2023-02-20 14:38:44 - [MESSAGE][PASSED] - Text 'Kris Roshan' is set on object 'Object Repository/VLink/Page_CCSale/txt_CardName'

2023-02-20 14:38:45 - [MESSAGE][PASSED] - Text '258 Elm Road' is set on object 'Object Repository/VLink/Page_CCSale/txt_AL1'

2023-02-20 14:38:45 - [MESSAGE][PASSED] - Text 'Suite 56' is set on object 'Object Repository/VLink/Page_CCSale/txt_AL2'

2023-02-20 14:38:46 - [MESSAGE][PASSED] - Text 'Arlington' is set on object 'Object Repository/VLink/Page_CCSale/txt_CardCity'

2023-02-20 14:38:47 - [MESSAGE][PASSED] - Text 'VA' is set on object 'Object Repository/VLink/Page_CCSale/txt_CardState'

2023-02-20 14:38:47 - [MESSAGE][PASSED] - Text '22201' is set on object 'Object Repository/VLink/Page_CCSale/txt_CardZIP'

2023-02-20 14:38:48 - [MESSAGE][PASSED] - Text '840' is set on object 'Object Repository/VLink/Page_CCSale/txt_CountryID'

2023-02-20 14:38:49 - [MESSAGE][PASSED] - Text '1.50' is set on object 'Object Repository/VLink/Page_CCSale/txt_Amount'

2023-02-20 14:38:49 - [MESSAGE][PASSED] - Text '6011000993026909' is set on object 'Object Repository/VLink/Page_CCSale/txt_CardNumber'

2023-02-20 14:38:50 - [MESSAGE][PASSED] - Text '12' is set on object 'Object Repository/VLink/Page_CCSale/txt_ExpMonth'

2023-02-20 14:38:50 - [MESSAGE][PASSED] - Text '2025' is set on object 'Object Repository/VLink/Page_CCSale/txt_ExpYear'

2023-02-20 14:38:51 - [MESSAGE][PASSED] - Text '' is set on object 'Object Repository/VLink/Page_CCSale/txt_CVV'

2023-02-20 14:38:52 - [MESSAGE][PASSED] - Text '' is set on object 'Object Repository/VLink/Page_CCSale/txt_CVVstate'

2023-02-20 14:38:52 - [MESSAGE][PASSED] - Text '' is set on object 'Object Repository/VLink/Page_CCSale/txt_TrackData'

2023-02-20 14:38:53 - [MESSAGE][PASSED] - Text '' is set on object 'Object Repository/VLink/Page_CCSale/txt_Track1Data'

2023-02-20 14:38:53 - [MESSAGE][PASSED] - Text '' is set on object 'Object Repository/VLink/Page_CCSale/txt_Track2Data'

2023-02-20 14:38:54 - [MESSAGE][PASSED] - Text 'manual' is set on object 'Object Repository/VLink/Page_CCSale/txt_POSEntryMode'

2023-02-20 14:38:55 - [MESSAGE][PASSED] - Text 'iahmed@govolution.com' is set on object 'Object Repository/VLink/Page_CCSale/txt_Email'

2023-02-20 14:38:55 - [MESSAGE][PASSED] - Text '2569362' is set on object 'Object Repository/VLink/Page_CCSale/txt_OrderNumber'

2023-02-20 14:38:56 - [MESSAGE][PASSED] - Text '1.15' is set on object 'Object Repository/VLink/Page_CCSale/txt_TaxAmount'

2023-02-20 14:38:57 - [MESSAGE][PASSED] - Text 'Charge Description' is set on object 'Object Repository/VLink/Page_CCSale/txt_ChargeDescription'

2023-02-20 14:38:57 - [MESSAGE][PASSED] - Text '147357' is set on object 'Object Repository/VLink/Page_CCSale/txt_CAN'

2023-02-20 14:38:58 - [MESSAGE][PASSED] - Text '1' is set on object 'Object Repository/VLink/Page_CCSale/txt_BillPaymentIndicator'

2023-02-20 14:38:58 - [MESSAGE][PASSED] - Text 'UDF Data 1' is set on object 'Object Repository/VLink/Page_CCSale/txt_UDF1'

2023-02-20 14:38:59 - [MESSAGE][PASSED] - Text 'UDF Data 2' is set on object 'Object Repository/VLink/Page_CCSale/txt_UDF2'

2023-02-20 14:39:00 - [MESSAGE][PASSED] - Text 'UDF Data 3' is set on object 'Object Repository/VLink/Page_CCSale/txt_UDF3'

2023-02-20 14:39:00 - [MESSAGE][PASSED] - Text 'UDF Data 4' is set on object 'Object Repository/VLink/Page_CCSale/txt_UDF4'

2023-02-20 14:39:01 - [MESSAGE][PASSED] - Text 'UDF Data 5' is set on object 'Object Repository/VLink/Page_CCSale/txt_UDF5'

2023-02-20 14:39:02 - [MESSAGE][PASSED] - Text 'UDF Data 6' is set on object 'Object Repository/VLink/Page_CCSale/txt_UDF6'

2023-02-20 14:39:02 - [MESSAGE][PASSED] - Text 'UDF Data 7' is set on object 'Object Repository/VLink/Page_CCSale/txt_UDF7'

2023-02-20 14:39:03 - [MESSAGE][PASSED] - Text 'UDF Data 8' is set on object 'Object Repository/VLink/Page_CCSale/txt_UDF8'

2023-02-20 14:39:03 - [MESSAGE][PASSED] - Text 'UDF Data 9' is set on object 'Object Repository/VLink/Page_CCSale/txt_UDF9'

2023-02-20 14:39:04 - [MESSAGE][PASSED] - Text 'UDF Data 10' is set on object 'Object Repository/VLink/Page_CCSale/txt_UDF10'

2023-02-20 14:39:05 - [MESSAGE][PASSED] - Object: 'Object Repository/VLink/Page_CCSale/btn_ProcessVLinkTransaction' is clicked on

2023-02-20 14:39:10 - [MESSAGE][PASSED] - vlinkPages.saleCCPage.setDataSCC is PASSED

2023-02-20 14:39:10 - [TEST_STEP][PASSED] - if (verifyTextPresent("Transaction approved, no errors", true)): null

2023-02-20 14:39:10 - [MESSAGE][PASSED] - Text 'Transaction approved, no errors' is present on page  using regular expression

2023-02-20 14:39:10 - [TEST_STEP][PASSED] - println("Transaction Approved, no errors text is present on the Confirmation page"): null

2023-02-20 14:39:10 - [TEST_STEP][PASSED] - out.println("Pass Record Number: " + row): null

2023-02-20 14:39:10 - [TEST_STEP][PASSED] - resText = "Pass": null

2023-02-20 14:39:10 - [TEST_STEP][PASSED] - pages.WriteExcel.demoKey(resText, datText, resColumn, datCloumn, fileLoc, nameSheet, row): pages.WriteExcel.demoKey is PASSED

2023-02-20 14:39:11 - [MESSAGE][PASSED] - pages.WriteExcel.demoKey is PASSED

2023-02-20 14:39:11 - [TEST_STEP][PASSED] - sdfo = getText(findTestObject("Object Repository/Page_VLinkReceipt/pre_STX")): Text of object 'Object Repository/Page_VLinkReceipt/pre_STX' is: '<STX>JJ9KR5NCVr1p                  12127401            0  Transaction approved, no errors                   0                                                                                  Y 000058   <ETX>'

2023-02-20 14:39:11 - [MESSAGE][PASSED] - Text of object 'Object Repository/Page_VLinkReceipt/pre_STX' is: '<STX>JJ9KR5NCVr1p                  12127401            0  Transaction approved, no errors                   0                                                                                  Y 000058   <ETX>'

2023-02-20 14:39:11 - [TEST_STEP][PASSED] - out.println("sdfo: " + sdfo): null

2023-02-20 14:39:11 - [TEST_STEP][PASSED] - remID = substring(5, 35).trim(): null

2023-02-20 14:39:11 - [TEST_STEP][PASSED] - out.println("Remittance ID: " + remID): null

2023-02-20 14:39:11 - [TEST_STEP][PASSED] - traxID = substring(35, 55).trim(): null

2023-02-20 14:39:11 - [TEST_STEP][PASSED] - out.println("Transaction ID: " + traxID): null

2023-02-20 14:39:11 - [TEST_STEP][PASSED] - out.println("End Record Number: " + row): null

2023-02-20 14:39:11 - [TEST_STEP][PASSED] - closeBrowser(): Browser is closed

2023-02-20 14:39:12 - [MESSAGE][PASSED] - Browser is closed]]></system-out>
         <system-err><![CDATA[]]></system-err>
      </testcase>
      <system-out><![CDATA[2023-02-20 14:30:42 - [TEST_SUITE][PASSED] - QA_Regression_Test: Test Cases/VLink/QA/VLinkSale-Successful]]></system-out>
      <system-err><![CDATA[]]></system-err>
   </testsuite>
</testsuites>
